<?xml version="1.0" encoding="UTF-8"?>
<testsuite xmlns:xsi="http://www.w3.org/2001/XMLSchema-instance" xsi:noNamespaceSchemaLocation="https://maven.apache.org/surefire/maven-surefire-plugin/xsd/surefire-test-report.xsd" name="org.apache.hadoop.ozone.scm.TestSCMInstallSnapshotWithHA" time="141.138" tests="3" errors="0" skipped="0" failures="1">
  <properties>
    <property name="awt.toolkit" value="sun.awt.X11.XToolkit"/>
    <property name="file.encoding.pkg" value="sun.io"/>
    <property name="java.specification.version" value="1.8"/>
    <property name="sun.cpu.isalist" value=""/>
    <property name="sun.jnu.encoding" value="UTF-8"/>
    <property name="java.class.path" value="/home/runner/work/ozone/ozone/mnt/ozone/hadoop-ozone/integration-test/target/test-classes:/home/runner/work/ozone/ozone/mnt/ozone/hadoop-ozone/integration-test/target/classes:/home/runner/.m2/repository/org/apache/ozone/ozone-common/1.2.0-SNAPSHOT/ozone-common-1.2.0-SNAPSHOT.jar:/home/runner/.m2/repository/org/apache/commons/commons-compress/1.20/commons-compress-1.20.jar:/home/runner/.m2/repository/org/apache/ozone/hdds-common/1.2.0-SNAPSHOT/hdds-common-1.2.0-SNAPSHOT.jar:/home/runner/.m2/repository/org/apache/ozone/hdds-client/1.2.0-SNAPSHOT/hdds-client-1.2.0-SNAPSHOT.jar:/home/runner/.m2/repository/org/apache/ozone/ozone-interface-client/1.2.0-SNAPSHOT/ozone-interface-client-1.2.0-SNAPSHOT.jar:/home/runner/.m2/repository/org/apache/ozone/hdds-server-framework/1.2.0-SNAPSHOT/hdds-server-framework-1.2.0-SNAPSHOT.jar:/home/runner/.m2/repository/org/apache/ozone/hdds-interface-server/1.2.0-SNAPSHOT/hdds-interface-server-1.2.0-SNAPSHOT.jar:/home/runner/.m2/repository/org/eclipse/jetty/jetty-servlet/9.4.35.v20201120/jetty-servlet-9.4.35.v20201120.jar:/home/runner/.m2/repository/org/eclipse/jetty/jetty-security/9.4.35.v20201120/jetty-security-9.4.35.v20201120.jar:/home/runner/.m2/repository/org/rocksdb/rocksdbjni/6.20.3/rocksdbjni-6.20.3.jar:/home/runner/.m2/repository/io/prometheus/simpleclient_dropwizard/0.7.0/simpleclient_dropwizard-0.7.0.jar:/home/runner/.m2/repository/io/prometheus/simpleclient/0.7.0/simpleclient-0.7.0.jar:/home/runner/.m2/repository/io/prometheus/simpleclient_common/0.7.0/simpleclient_common-0.7.0.jar:/home/runner/.m2/repository/com/fasterxml/jackson/datatype/jackson-datatype-jsr310/2.12.1/jackson-datatype-jsr310-2.12.1.jar:/home/runner/.m2/repository/org/apache/ozone/hdds-test-utils/1.2.0-SNAPSHOT/hdds-test-utils-1.2.0-SNAPSHOT.jar:/home/runner/.m2/repository/com/google/guava/guava/30.1.1-jre/guava-30.1.1-jre.jar:/home/runner/.m2/repository/com/google/guava/failureaccess/1.0.1/failureaccess-1.0.1.jar:/home/runner/.m2/repository/com/google/guava/listenablefuture/9999.0-empty-to-avoid-conflict-with-guava/listenablefuture-9999.0-empty-to-avoid-conflict-with-guava.jar:/home/runner/.m2/repository/com/google/code/findbugs/jsr305/3.0.0/jsr305-3.0.0.jar:/home/runner/.m2/repository/org/checkerframework/checker-qual/3.8.0/checker-qual-3.8.0.jar:/home/runner/.m2/repository/com/google/errorprone/error_prone_annotations/2.2.0/error_prone_annotations-2.2.0.jar:/home/runner/.m2/repository/com/google/j2objc/j2objc-annotations/1.3/j2objc-annotations-1.3.jar:/home/runner/.m2/repository/commons-io/commons-io/2.8.0/commons-io-2.8.0.jar:/home/runner/.m2/repository/commons-logging/commons-logging/1.2/commons-logging-1.2.jar:/home/runner/.m2/repository/log4j/log4j/1.2.17/log4j-1.2.17.jar:/home/runner/.m2/repository/org/slf4j/slf4j-api/1.7.30/slf4j-api-1.7.30.jar:/home/runner/.m2/repository/org/apache/ozone/hdds-server-scm/1.2.0-SNAPSHOT/hdds-server-scm-1.2.0-SNAPSHOT.jar:/home/runner/.m2/repository/org/apache/ozone/hdds-container-service/1.2.0-SNAPSHOT/hdds-container-service-1.2.0-SNAPSHOT.jar:/home/runner/.m2/repository/org/apache/ozone/hdds-hadoop-dependency-server/1.2.0-SNAPSHOT/hdds-hadoop-dependency-server-1.2.0-SNAPSHOT.jar:/home/runner/.m2/repository/org/apache/hadoop/hadoop-hdfs/3.3.1/hadoop-hdfs-3.3.1.jar:/home/runner/.m2/repository/io/dropwizard/metrics/metrics-core/3.2.4/metrics-core-3.2.4.jar:/home/runner/.m2/repository/org/apache/hadoop/hadoop-hdfs-client/3.3.1/hadoop-hdfs-client-3.3.1.jar:/home/runner/.m2/repository/org/bouncycastle/bcprov-jdk15on/1.67/bcprov-jdk15on-1.67.jar:/home/runner/.m2/repository/com/google/protobuf/protobuf-java/2.5.0/protobuf-java-2.5.0.jar:/home/runner/.m2/repository/org/apache/ozone/ozone-manager/1.2.0-SNAPSHOT/ozone-manager-1.2.0-SNAPSHOT.jar:/home/runner/.m2/repository/org/aspectj/aspectjrt/1.8.9/aspectjrt-1.8.9.jar:/home/runner/.m2/repository/org/aspectj/aspectjweaver/1.8.9/aspectjweaver-1.8.9.jar:/home/runner/.m2/repository/org/apache/ozone/hdds-interface-client/1.2.0-SNAPSHOT/hdds-interface-client-1.2.0-SNAPSHOT.jar:/home/runner/.m2/repository/org/apache/hadoop/thirdparty/hadoop-shaded-protobuf_3_7/1.1.1/hadoop-shaded-protobuf_3_7-1.1.1.jar:/home/runner/.m2/repository/org/apache/ratis/ratis-thirdparty-misc/0.7.0/ratis-thirdparty-misc-0.7.0.jar:/home/runner/.m2/repository/org/apache/ozone/ozone-interface-storage/1.2.0-SNAPSHOT/ozone-interface-storage-1.2.0-SNAPSHOT.jar:/home/runner/.m2/repository/org/reflections/reflections/0.9.11/reflections-0.9.11.jar:/home/runner/.m2/repository/org/apache/hadoop/hadoop-minikdc/3.3.1/hadoop-minikdc-3.3.1.jar:/home/runner/.m2/repository/org/apache/kerby/kerb-simplekdc/1.0.1/kerb-simplekdc-1.0.1.jar:/home/runner/.m2/repository/org/apache/kerby/kerb-client/1.0.1/kerb-client-1.0.1.jar:/home/runner/.m2/repository/org/apache/kerby/kerby-config/1.0.1/kerby-config-1.0.1.jar:/home/runner/.m2/repository/org/apache/kerby/kerb-common/1.0.1/kerb-common-1.0.1.jar:/home/runner/.m2/repository/org/apache/kerby/kerb-crypto/1.0.1/kerb-crypto-1.0.1.jar:/home/runner/.m2/repository/org/apache/kerby/kerb-util/1.0.1/kerb-util-1.0.1.jar:/home/runner/.m2/repository/org/apache/kerby/token-provider/1.0.1/token-provider-1.0.1.jar:/home/runner/.m2/repository/org/apache/kerby/kerb-admin/1.0.1/kerb-admin-1.0.1.jar:/home/runner/.m2/repository/org/apache/kerby/kerb-server/1.0.1/kerb-server-1.0.1.jar:/home/runner/.m2/repository/org/apache/kerby/kerb-identity/1.0.1/kerb-identity-1.0.1.jar:/home/runner/.m2/repository/org/apache/kerby/kerby-xdr/1.0.1/kerby-xdr-1.0.1.jar:/home/runner/.m2/repository/org/slf4j/slf4j-log4j12/1.7.30/slf4j-log4j12-1.7.30.jar:/home/runner/.m2/repository/org/apache/ozone/ozone-s3gateway/1.2.0-SNAPSHOT/ozone-s3gateway-1.2.0-SNAPSHOT.jar:/home/runner/.m2/repository/org/javassist/javassist/3.21.0-GA/javassist-3.21.0-GA.jar:/home/runner/.m2/repository/org/jboss/weld/servlet/weld-servlet/2.4.7.Final/weld-servlet-2.4.7.Final.jar:/home/runner/.m2/repository/org/glassfish/jersey/containers/jersey-container-servlet-core/2.33/jersey-container-servlet-core-2.33.jar:/home/runner/.m2/repository/org/glassfish/hk2/external/jakarta.inject/2.6.1/jakarta.inject-2.6.1.jar:/home/runner/.m2/repository/org/glassfish/jersey/core/jersey-common/2.33/jersey-common-2.33.jar:/home/runner/.m2/repository/jakarta/ws/rs/jakarta.ws.rs-api/2.1.6/jakarta.ws.rs-api-2.1.6.jar:/home/runner/.m2/repository/org/glassfish/jersey/ext/cdi/jersey-cdi1x/2.33/jersey-cdi1x-2.33.jar:/home/runner/.m2/repository/org/glassfish/jersey/inject/jersey-hk2/2.33/jersey-hk2-2.33.jar:/home/runner/.m2/repository/org/glassfish/hk2/hk2-locator/2.6.1/hk2-locator-2.6.1.jar:/home/runner/.m2/repository/org/glassfish/jersey/media/jersey-media-jaxb/2.33/jersey-media-jaxb-2.33.jar:/home/runner/.m2/repository/org/glassfish/hk2/osgi-resource-locator/1.0.3/osgi-resource-locator-1.0.3.jar:/home/runner/.m2/repository/org/glassfish/hk2/hk2-api/2.5.0/hk2-api-2.5.0.jar:/home/runner/.m2/repository/org/glassfish/hk2/hk2-utils/2.5.0/hk2-utils-2.5.0.jar:/home/runner/.m2/repository/org/glassfish/hk2/external/aopalliance-repackaged/2.5.0/aopalliance-repackaged-2.5.0.jar:/home/runner/.m2/repository/com/fasterxml/jackson/dataformat/jackson-dataformat-xml/2.12.1/jackson-dataformat-xml-2.12.1.jar:/home/runner/.m2/repository/com/fasterxml/jackson/core/jackson-core/2.12.1/jackson-core-2.12.1.jar:/home/runner/.m2/repository/com/fasterxml/jackson/module/jackson-module-jaxb-annotations/2.12.1/jackson-module-jaxb-annotations-2.12.1.jar:/home/runner/.m2/repository/jakarta/xml/bind/jakarta.xml.bind-api/2.3.2/jakarta.xml.bind-api-2.3.2.jar:/home/runner/.m2/repository/org/codehaus/woodstox/stax2-api/3.1.4/stax2-api-3.1.4.jar:/home/runner/.m2/repository/com/fasterxml/woodstox/woodstox-core/5.0.3/woodstox-core-5.0.3.jar:/home/runner/.m2/repository/javax/enterprise/cdi-api/1.2/cdi-api-1.2.jar:/home/runner/.m2/repository/javax/el/javax.el-api/3.0.0/javax.el-api-3.0.0.jar:/home/runner/.m2/repository/javax/interceptor/javax.interceptor-api/1.2/javax.interceptor-api-1.2.jar:/home/runner/.m2/repository/javax/inject/javax.inject/1/javax.inject-1.jar:/home/runner/.m2/repository/javax/xml/bind/jaxb-api/2.3.0/jaxb-api-2.3.0.jar:/home/runner/.m2/repository/org/glassfish/jaxb/jaxb-runtime/2.3.0.1/jaxb-runtime-2.3.0.1.jar:/home/runner/.m2/repository/org/glassfish/jaxb/jaxb-core/2.3.0.1/jaxb-core-2.3.0.1.jar:/home/runner/.m2/repository/org/glassfish/jaxb/txw2/2.3.0.1/txw2-2.3.0.1.jar:/home/runner/.m2/repository/com/sun/istack/istack-commons-runtime/3.0.5/istack-commons-runtime-3.0.5.jar:/home/runner/.m2/repository/org/jvnet/staxex/stax-ex/1.7.8/stax-ex-1.7.8.jar:/home/runner/.m2/repository/com/sun/xml/fastinfoset/FastInfoset/1.2.13/FastInfoset-1.2.13.jar:/home/runner/.m2/repository/javax/activation/activation/1.1.1/activation-1.1.1.jar:/home/runner/.m2/repository/org/apache/ozone/ozone-csi/1.2.0-SNAPSHOT/ozone-csi-1.2.0-SNAPSHOT.jar:/home/runner/.m2/repository/com/google/protobuf/protobuf-java-util/3.12.0/protobuf-java-util-3.12.0.jar:/home/runner/.m2/repository/com/google/code/gson/gson/2.2.4/gson-2.2.4.jar:/home/runner/.m2/repository/org/apache/ozone/hdds-config/1.2.0-SNAPSHOT/hdds-config-1.2.0-SNAPSHOT.jar:/home/runner/.m2/repository/io/grpc/grpc-netty/1.33.0/grpc-netty-1.33.0.jar:/home/runner/.m2/repository/io/grpc/grpc-core/1.33.0/grpc-core-1.33.0.jar:/home/runner/.m2/repository/com/google/android/annotations/4.1.1.4/annotations-4.1.1.4.jar:/home/runner/.m2/repository/io/netty/netty-codec-http2/4.1.63.Final/netty-codec-http2-4.1.63.Final.jar:/home/runner/.m2/repository/io/netty/netty-codec-http/4.1.63.Final/netty-codec-http-4.1.63.Final.jar:/home/runner/.m2/repository/io/netty/netty-handler-proxy/4.1.63.Final/netty-handler-proxy-4.1.63.Final.jar:/home/runner/.m2/repository/io/netty/netty-codec-socks/4.1.63.Final/netty-codec-socks-4.1.63.Final.jar:/home/runner/.m2/repository/io/perfmark/perfmark-api/0.19.0/perfmark-api-0.19.0.jar:/home/runner/.m2/repository/org/codehaus/mojo/animal-sniffer-annotations/1.18/animal-sniffer-annotations-1.18.jar:/home/runner/.m2/repository/io/netty/netty-transport-native-epoll/4.1.63.Final/netty-transport-native-epoll-4.1.63.Final.jar:/home/runner/.m2/repository/io/netty/netty-common/4.1.63.Final/netty-common-4.1.63.Final.jar:/home/runner/.m2/repository/io/netty/netty-buffer/4.1.63.Final/netty-buffer-4.1.63.Final.jar:/home/runner/.m2/repository/io/netty/netty-transport-native-unix-common/4.1.63.Final/netty-transport-native-unix-common-4.1.63.Final.jar:/home/runner/.m2/repository/io/grpc/grpc-protobuf/1.33.0/grpc-protobuf-1.33.0.jar:/home/runner/.m2/repository/io/grpc/grpc-api/1.33.0/grpc-api-1.33.0.jar:/home/runner/.m2/repository/io/grpc/grpc-context/1.33.0/grpc-context-1.33.0.jar:/home/runner/.m2/repository/com/google/api/grpc/proto-google-common-protos/1.17.0/proto-google-common-protos-1.17.0.jar:/home/runner/.m2/repository/io/grpc/grpc-protobuf-lite/1.33.0/grpc-protobuf-lite-1.33.0.jar:/home/runner/.m2/repository/io/grpc/grpc-stub/1.33.0/grpc-stub-1.33.0.jar:/home/runner/.m2/repository/org/apache/ozone/ozone-recon/1.2.0-SNAPSHOT/ozone-recon-1.2.0-SNAPSHOT.jar:/home/runner/.m2/repository/org/apache/ozone/ozone-reconcodegen/1.2.0-SNAPSHOT/ozone-reconcodegen-1.2.0-SNAPSHOT.jar:/home/runner/.m2/repository/com/google/inject/extensions/guice-multibindings/4.0/guice-multibindings-4.0.jar:/home/runner/.m2/repository/com/google/inject/guice/4.0/guice-4.0.jar:/home/runner/.m2/repository/aopalliance/aopalliance/1.0/aopalliance-1.0.jar:/home/runner/.m2/repository/com/google/inject/extensions/guice-assistedinject/4.0/guice-assistedinject-4.0.jar:/home/runner/.m2/repository/com/google/inject/extensions/guice-servlet/4.0/guice-servlet-4.0.jar:/home/runner/.m2/repository/org/glassfish/jersey/containers/jersey-container-servlet/2.33/jersey-container-servlet-2.33.jar:/home/runner/.m2/repository/org/glassfish/hk2/guice-bridge/2.5.0/guice-bridge-2.5.0.jar:/home/runner/.m2/repository/org/glassfish/jersey/core/jersey-server/2.33/jersey-server-2.33.jar:/home/runner/.m2/repository/org/glassfish/jersey/core/jersey-client/2.33/jersey-client-2.33.jar:/home/runner/.m2/repository/jakarta/annotation/jakarta.annotation-api/1.3.5/jakarta.annotation-api-1.3.5.jar:/home/runner/.m2/repository/jakarta/validation/jakarta.validation-api/2.0.2/jakarta.validation-api-2.0.2.jar:/home/runner/.m2/repository/org/glassfish/jersey/media/jersey-media-json-jackson/2.33/jersey-media-json-jackson-2.33.jar:/home/runner/.m2/repository/org/glassfish/jersey/ext/jersey-entity-filtering/2.33/jersey-entity-filtering-2.33.jar:/home/runner/.m2/repository/org/jooq/jooq/3.11.10/jooq-3.11.10.jar:/home/runner/.m2/repository/org/jooq/jooq-meta/3.11.10/jooq-meta-3.11.10.jar:/home/runner/.m2/repository/org/jooq/jooq-codegen/3.11.10/jooq-codegen-3.11.10.jar:/home/runner/.m2/repository/com/jolbox/bonecp/0.8.0.RELEASE/bonecp-0.8.0.RELEASE.jar:/home/runner/.m2/repository/org/apache/derby/derby/10.14.2.0/derby-10.14.2.0.jar:/home/runner/.m2/repository/org/xerial/sqlite-jdbc/3.25.2/sqlite-jdbc-3.25.2.jar:/home/runner/.m2/repository/org/springframework/spring-jdbc/5.2.11.RELEASE/spring-jdbc-5.2.11.RELEASE.jar:/home/runner/.m2/repository/org/springframework/spring-beans/5.2.11.RELEASE/spring-beans-5.2.11.RELEASE.jar:/home/runner/.m2/repository/org/springframework/spring-core/5.2.11.RELEASE/spring-core-5.2.11.RELEASE.jar:/home/runner/.m2/repository/org/springframework/spring-jcl/5.2.11.RELEASE/spring-jcl-5.2.11.RELEASE.jar:/home/runner/.m2/repository/org/springframework/spring-tx/5.2.11.RELEASE/spring-tx-5.2.11.RELEASE.jar:/home/runner/.m2/repository/org/apache/ozone/ozone-client/1.2.0-SNAPSHOT/ozone-client-1.2.0-SNAPSHOT.jar:/home/runner/.m2/repository/org/apache/ozone/ozone-filesystem/1.2.0-SNAPSHOT/ozone-filesystem-1.2.0-SNAPSHOT.jar:/home/runner/.m2/repository/org/apache/ozone/ozone-filesystem-common/1.2.0-SNAPSHOT/ozone-filesystem-common-1.2.0-SNAPSHOT.jar:/home/runner/.m2/repository/org/apache/ozone/ozone-tools/1.2.0-SNAPSHOT/ozone-tools-1.2.0-SNAPSHOT.jar:/home/runner/.m2/repository/org/apache/ratis/ratis-tools/2.1.0/ratis-tools-2.1.0.jar:/home/runner/.m2/repository/org/apache/ratis/ratis-proto/2.1.0/ratis-proto-2.1.0.jar:/home/runner/.m2/repository/org/apache/ratis/ratis-common/2.1.0/ratis-common-2.1.0.jar:/home/runner/.m2/repository/com/amazonaws/aws-java-sdk-core/1.11.901/aws-java-sdk-core-1.11.901.jar:/home/runner/.m2/repository/org/apache/httpcomponents/httpclient/4.5.13/httpclient-4.5.13.jar:/home/runner/.m2/repository/org/apache/httpcomponents/httpcore/4.4.13/httpcore-4.4.13.jar:/home/runner/.m2/repository/software/amazon/ion/ion-java/1.0.2/ion-java-1.0.2.jar:/home/runner/.m2/repository/com/fasterxml/jackson/dataformat/jackson-dataformat-cbor/2.12.1/jackson-dataformat-cbor-2.12.1.jar:/home/runner/.m2/repository/joda-time/joda-time/2.8.1/joda-time-2.8.1.jar:/home/runner/.m2/repository/com/amazonaws/aws-java-sdk-s3/1.11.901/aws-java-sdk-s3-1.11.901.jar:/home/runner/.m2/repository/com/amazonaws/aws-java-sdk-kms/1.11.901/aws-java-sdk-kms-1.11.901.jar:/home/runner/.m2/repository/com/amazonaws/jmespath-java/1.11.901/jmespath-java-1.11.901.jar:/home/runner/.m2/repository/org/kohsuke/metainf-services/metainf-services/1.8/metainf-services-1.8.jar:/home/runner/.m2/repository/org/apache/ozone/hdds-tools/1.2.0-SNAPSHOT/hdds-tools-1.2.0-SNAPSHOT.jar:/home/runner/.m2/repository/commons-cli/commons-cli/1.2/commons-cli-1.2.jar:/home/runner/.m2/repository/org/apache/commons/commons-lang3/3.7/commons-lang3-3.7.jar:/home/runner/.m2/repository/org/apache/ozone/ozone-manager/1.2.0-SNAPSHOT/ozone-manager-1.2.0-SNAPSHOT-tests.jar:/home/runner/.m2/repository/org/apache/ozone/hdds-common/1.2.0-SNAPSHOT/hdds-common-1.2.0-SNAPSHOT-tests.jar:/home/runner/.m2/repository/org/apache/ozone/hdds-hadoop-dependency-client/1.2.0-SNAPSHOT/hdds-hadoop-dependency-client-1.2.0-SNAPSHOT.jar:/home/runner/.m2/repository/info/picocli/picocli/4.4.0/picocli-4.4.0.jar:/home/runner/.m2/repository/com/fasterxml/jackson/core/jackson-annotations/2.12.1/jackson-annotations-2.12.1.jar:/home/runner/.m2/repository/javax/annotation/javax.annotation-api/1.2/javax.annotation-api-1.2.jar:/home/runner/.m2/repository/org/apache/ratis/ratis-server/2.1.0/ratis-server-2.1.0.jar:/home/runner/.m2/repository/org/apache/ratis/ratis-client/2.1.0/ratis-client-2.1.0.jar:/home/runner/.m2/repository/org/apache/ratis/ratis-server-api/2.1.0/ratis-server-api-2.1.0.jar:/home/runner/.m2/repository/org/apache/ratis/ratis-metrics/2.1.0/ratis-metrics-2.1.0.jar:/home/runner/.m2/repository/org/apache/ratis/ratis-netty/2.1.0/ratis-netty-2.1.0.jar:/home/runner/.m2/repository/org/apache/ratis/ratis-grpc/2.1.0/ratis-grpc-2.1.0.jar:/home/runner/.m2/repository/org/apache/logging/log4j/log4j-api/2.13.3/log4j-api-2.13.3.jar:/home/runner/.m2/repository/org/apache/logging/log4j/log4j-core/2.13.3/log4j-core-2.13.3.jar:/home/runner/.m2/repository/com/lmax/disruptor/3.4.2/disruptor-3.4.2.jar:/home/runner/.m2/repository/org/apache/commons/commons-pool2/2.6.0/commons-pool2-2.6.0.jar:/home/runner/.m2/repository/org/bouncycastle/bcpkix-jdk15on/1.67/bcpkix-jdk15on-1.67.jar:/home/runner/.m2/repository/commons-validator/commons-validator/1.6/commons-validator-1.6.jar:/home/runner/.m2/repository/commons-beanutils/commons-beanutils/1.9.4/commons-beanutils-1.9.4.jar:/home/runner/.m2/repository/commons-digester/commons-digester/1.8.1/commons-digester-1.8.1.jar:/home/runner/.m2/repository/commons-collections/commons-collections/3.2.2/commons-collections-3.2.2.jar:/home/runner/.m2/repository/io/jaegertracing/jaeger-client/1.6.0/jaeger-client-1.6.0.jar:/home/runner/.m2/repository/io/jaegertracing/jaeger-thrift/1.6.0/jaeger-thrift-1.6.0.jar:/home/runner/.m2/repository/org/apache/thrift/libthrift/0.14.1/libthrift-0.14.1.jar:/home/runner/.m2/repository/com/squareup/okhttp3/okhttp/4.9.0/okhttp-4.9.0.jar:/home/runner/.m2/repository/com/squareup/okio/okio/2.8.0/okio-2.8.0.jar:/home/runner/.m2/repository/io/jaegertracing/jaeger-core/1.6.0/jaeger-core-1.6.0.jar:/home/runner/.m2/repository/io/jaegertracing/jaeger-tracerresolver/1.6.0/jaeger-tracerresolver-1.6.0.jar:/home/runner/.m2/repository/io/opentracing/contrib/opentracing-tracerresolver/0.1.8/opentracing-tracerresolver-0.1.8.jar:/home/runner/.m2/repository/org/jetbrains/kotlin/kotlin-stdlib/1.4.31/kotlin-stdlib-1.4.31.jar:/home/runner/.m2/repository/org/jetbrains/kotlin/kotlin-stdlib-common/1.4.31/kotlin-stdlib-common-1.4.31.jar:/home/runner/.m2/repository/org/jetbrains/annotations/13.0/annotations-13.0.jar:/home/runner/.m2/repository/io/opentracing/opentracing-util/0.33.0/opentracing-util-0.33.0.jar:/home/runner/.m2/repository/io/opentracing/opentracing-api/0.33.0/opentracing-api-0.33.0.jar:/home/runner/.m2/repository/io/opentracing/opentracing-noop/0.33.0/opentracing-noop-0.33.0.jar:/home/runner/.m2/repository/org/yaml/snakeyaml/1.26/snakeyaml-1.26.jar:/home/runner/.m2/repository/org/apache/ozone/hdds-interface-admin/1.2.0-SNAPSHOT/hdds-interface-admin-1.2.0-SNAPSHOT.jar:/home/runner/.m2/repository/junit/junit/4.13.1/junit-4.13.1.jar:/home/runner/.m2/repository/org/hamcrest/hamcrest-core/1.3/hamcrest-core-1.3.jar:/home/runner/.m2/repository/org/junit/jupiter/junit-jupiter-api/5.7.0/junit-jupiter-api-5.7.0.jar:/home/runner/.m2/repository/org/apiguardian/apiguardian-api/1.1.0/apiguardian-api-1.1.0.jar:/home/runner/.m2/repository/org/opentest4j/opentest4j/1.2.0/opentest4j-1.2.0.jar:/home/runner/.m2/repository/org/junit/platform/junit-platform-commons/1.7.0/junit-platform-commons-1.7.0.jar:/home/runner/.m2/repository/org/junit/jupiter/junit-jupiter-engine/5.7.0/junit-jupiter-engine-5.7.0.jar:/home/runner/.m2/repository/org/junit/platform/junit-platform-engine/1.7.0/junit-platform-engine-1.7.0.jar:/home/runner/.m2/repository/org/junit/vintage/junit-vintage-engine/5.7.0/junit-vintage-engine-5.7.0.jar:/home/runner/.m2/repository/org/junit/platform/junit-platform-launcher/1.7.0/junit-platform-launcher-1.7.0.jar:/home/runner/.m2/repository/org/openjdk/jmh/jmh-core/1.19/jmh-core-1.19.jar:/home/runner/.m2/repository/net/sf/jopt-simple/jopt-simple/4.6/jopt-simple-4.6.jar:/home/runner/.m2/repository/org/apache/commons/commons-math3/3.1.1/commons-math3-3.1.1.jar:/home/runner/.m2/repository/org/openjdk/jmh/jmh-generator-annprocess/1.19/jmh-generator-annprocess-1.19.jar:/home/runner/.m2/repository/org/mockito/mockito-core/2.28.2/mockito-core-2.28.2.jar:/home/runner/.m2/repository/net/bytebuddy/byte-buddy/1.9.10/byte-buddy-1.9.10.jar:/home/runner/.m2/repository/net/bytebuddy/byte-buddy-agent/1.9.10/byte-buddy-agent-1.9.10.jar:/home/runner/.m2/repository/org/objenesis/objenesis/1.0/objenesis-1.0.jar:/home/runner/.m2/repository/org/apache/hadoop/hadoop-kms/3.3.1/hadoop-kms-3.3.1.jar:/home/runner/.m2/repository/org/apache/hadoop/hadoop-auth/3.3.1/hadoop-auth-3.3.1.jar:/home/runner/.m2/repository/com/nimbusds/nimbus-jose-jwt/7.9/nimbus-jose-jwt-7.9.jar:/home/runner/.m2/repository/com/github/stephenc/jcip/jcip-annotations/1.0-1/jcip-annotations-1.0-1.jar:/home/runner/.m2/repository/net/minidev/json-smart/2.3/json-smart-2.3.jar:/home/runner/.m2/repository/net/minidev/accessors-smart/1.2/accessors-smart-1.2.jar:/home/runner/.m2/repository/org/ow2/asm/asm/5.0.4/asm-5.0.4.jar:/home/runner/.m2/repository/org/apache/zookeeper/zookeeper/3.5.6/zookeeper-3.5.6.jar:/home/runner/.m2/repository/org/apache/zookeeper/zookeeper-jute/3.5.6/zookeeper-jute-3.5.6.jar:/home/runner/.m2/repository/org/apache/yetus/audience-annotations/0.5.0/audience-annotations-0.5.0.jar:/home/runner/.m2/repository/org/apache/curator/curator-framework/4.2.0/curator-framework-4.2.0.jar:/home/runner/.m2/repository/org/apache/hadoop/thirdparty/hadoop-shaded-guava/1.1.1/hadoop-shaded-guava-1.1.1.jar:/home/runner/.m2/repository/com/sun/jersey/jersey-core/1.19/jersey-core-1.19.jar:/home/runner/.m2/repository/javax/ws/rs/jsr311-api/1.1.1/jsr311-api-1.1.1.jar:/home/runner/.m2/repository/com/sun/jersey/jersey-server/1.19/jersey-server-1.19.jar:/home/runner/.m2/repository/javax/servlet/javax.servlet-api/3.1.0/javax.servlet-api-3.1.0.jar:/home/runner/.m2/repository/org/eclipse/jetty/jetty-server/9.4.35.v20201120/jetty-server-9.4.35.v20201120.jar:/home/runner/.m2/repository/org/eclipse/jetty/jetty-http/9.4.35.v20201120/jetty-http-9.4.35.v20201120.jar:/home/runner/.m2/repository/org/eclipse/jetty/jetty-io/9.4.35.v20201120/jetty-io-9.4.35.v20201120.jar:/home/runner/.m2/repository/org/eclipse/jetty/jetty-webapp/9.4.35.v20201120/jetty-webapp-9.4.35.v20201120.jar:/home/runner/.m2/repository/org/eclipse/jetty/jetty-xml/9.4.35.v20201120/jetty-xml-9.4.35.v20201120.jar:/home/runner/.m2/repository/org/apache/hadoop/hadoop-common/3.3.1/hadoop-common-3.3.1.jar:/home/runner/.m2/repository/commons-net/commons-net/3.6/commons-net-3.6.jar:/home/runner/.m2/repository/jakarta/activation/jakarta.activation-api/1.2.1/jakarta.activation-api-1.2.1.jar:/home/runner/.m2/repository/com/sun/jersey/jersey-servlet/1.19/jersey-servlet-1.19.jar:/home/runner/.m2/repository/com/sun/jersey/jersey-json/1.19/jersey-json-1.19.jar:/home/runner/.m2/repository/org/codehaus/jettison/jettison/1.1/jettison-1.1.jar:/home/runner/.m2/repository/com/sun/xml/bind/jaxb-impl/2.2.3-1/jaxb-impl-2.2.3-1.jar:/home/runner/.m2/repository/org/codehaus/jackson/jackson-jaxrs/1.9.2/jackson-jaxrs-1.9.2.jar:/home/runner/.m2/repository/org/codehaus/jackson/jackson-xc/1.9.2/jackson-xc-1.9.2.jar:/home/runner/.m2/repository/org/apache/commons/commons-configuration2/2.1.1/commons-configuration2-2.1.1.jar:/home/runner/.m2/repository/org/apache/commons/commons-text/1.4/commons-text-1.4.jar:/home/runner/.m2/repository/com/google/re2j/re2j/1.1/re2j-1.1.jar:/home/runner/.m2/repository/com/jcraft/jsch/0.1.54/jsch-0.1.54.jar:/home/runner/.m2/repository/org/apache/curator/curator-client/4.2.0/curator-client-4.2.0.jar:/home/runner/.m2/repository/org/apache/curator/curator-recipes/4.2.0/curator-recipes-4.2.0.jar:/home/runner/.m2/repository/org/apache/kerby/kerb-core/1.0.1/kerb-core-1.0.1.jar:/home/runner/.m2/repository/org/apache/kerby/kerby-pkix/1.0.1/kerby-pkix-1.0.1.jar:/home/runner/.m2/repository/org/apache/kerby/kerby-asn1/1.0.1/kerby-asn1-1.0.1.jar:/home/runner/.m2/repository/org/apache/kerby/kerby-util/1.0.1/kerby-util-1.0.1.jar:/home/runner/.m2/repository/dnsjava/dnsjava/2.1.7/dnsjava-2.1.7.jar:/home/runner/.m2/repository/org/xerial/snappy/snappy-java/1.1.8.2/snappy-java-1.1.8.2.jar:/home/runner/.m2/repository/org/slf4j/jul-to-slf4j/1.7.30/jul-to-slf4j-1.7.30.jar:/home/runner/.m2/repository/org/eclipse/jetty/jetty-util/9.4.35.v20201120/jetty-util-9.4.35.v20201120.jar:/home/runner/.m2/repository/com/fasterxml/jackson/core/jackson-databind/2.12.1/jackson-databind-2.12.1.jar:/home/runner/.m2/repository/org/apache/hadoop/hadoop-kms/3.3.1/hadoop-kms-3.3.1-tests.jar:/home/runner/.m2/repository/org/apache/ozone/hdds-server-scm/1.2.0-SNAPSHOT/hdds-server-scm-1.2.0-SNAPSHOT-tests.jar:/home/runner/.m2/repository/org/apache/ozone/hdds-container-service/1.2.0-SNAPSHOT/hdds-container-service-1.2.0-SNAPSHOT-tests.jar:/home/runner/.m2/repository/commons-codec/commons-codec/1.11/commons-codec-1.11.jar:/home/runner/.m2/repository/io/netty/netty-transport/4.1.63.Final/netty-transport-4.1.63.Final.jar:/home/runner/.m2/repository/io/netty/netty-resolver/4.1.63.Final/netty-resolver-4.1.63.Final.jar:/home/runner/.m2/repository/io/netty/netty-codec/4.1.63.Final/netty-codec-4.1.63.Final.jar:/home/runner/.m2/repository/io/netty/netty-handler/4.1.63.Final/netty-handler-4.1.63.Final.jar:/home/runner/.m2/repository/org/apache/ozone/hdds-hadoop-dependency-test/1.2.0-SNAPSHOT/hdds-hadoop-dependency-test-1.2.0-SNAPSHOT.jar:/home/runner/.m2/repository/org/apache/hadoop/hadoop-common/3.3.1/hadoop-common-3.3.1-tests.jar:/home/runner/.m2/repository/org/assertj/assertj-core/3.12.2/assertj-core-3.12.2.jar:/home/runner/.m2/repository/org/apache/hadoop/hadoop-hdfs/3.3.1/hadoop-hdfs-3.3.1-tests.jar:/home/runner/.m2/repository/org/eclipse/jetty/jetty-util-ajax/9.4.35.v20201120/jetty-util-ajax-9.4.35.v20201120.jar:/home/runner/.m2/repository/commons-daemon/commons-daemon/1.0.13/commons-daemon-1.0.13.jar:/home/runner/.m2/repository/io/netty/netty/3.10.6.Final/netty-3.10.6.Final.jar:/home/runner/.m2/repository/io/netty/netty-all/4.1.63.Final/netty-all-4.1.63.Final.jar:/home/runner/.m2/repository/org/apache/htrace/htrace-core4/4.1.0-incubating/htrace-core4-4.1.0-incubating.jar:/home/runner/.m2/repository/org/fusesource/leveldbjni/leveldbjni-all/1.8/leveldbjni-all-1.8.jar:/home/runner/.m2/repository/org/apache/hadoop/hadoop-distcp/3.3.1/hadoop-distcp-3.3.1.jar:/home/runner/.m2/repository/org/apache/hadoop/hadoop-mapreduce-client-jobclient/3.3.1/hadoop-mapreduce-client-jobclient-3.3.1.jar:/home/runner/.m2/repository/org/apache/hadoop/hadoop-mapreduce-client-common/3.3.1/hadoop-mapreduce-client-common-3.3.1.jar:/home/runner/.m2/repository/org/apache/hadoop/hadoop-yarn-common/3.3.1/hadoop-yarn-common-3.3.1.jar:/home/runner/.m2/repository/org/apache/hadoop/hadoop-yarn-api/3.3.1/hadoop-yarn-api-3.3.1.jar:/home/runner/.m2/repository/com/sun/jersey/jersey-client/1.19/jersey-client-1.19.jar:/home/runner/.m2/repository/com/sun/jersey/contribs/jersey-guice/1.19/jersey-guice-1.19.jar:/home/runner/.m2/repository/com/fasterxml/jackson/jaxrs/jackson-jaxrs-json-provider/2.12.1/jackson-jaxrs-json-provider-2.12.1.jar:/home/runner/.m2/repository/com/fasterxml/jackson/jaxrs/jackson-jaxrs-base/2.12.1/jackson-jaxrs-base-2.12.1.jar:/home/runner/.m2/repository/org/apache/hadoop/hadoop-yarn-client/3.3.1/hadoop-yarn-client-3.3.1.jar:/home/runner/.m2/repository/org/eclipse/jetty/websocket/websocket-client/9.4.40.v20210413/websocket-client-9.4.40.v20210413.jar:/home/runner/.m2/repository/org/eclipse/jetty/jetty-client/9.4.40.v20210413/jetty-client-9.4.40.v20210413.jar:/home/runner/.m2/repository/org/eclipse/jetty/websocket/websocket-common/9.4.40.v20210413/websocket-common-9.4.40.v20210413.jar:/home/runner/.m2/repository/org/eclipse/jetty/websocket/websocket-api/9.4.40.v20210413/websocket-api-9.4.40.v20210413.jar:/home/runner/.m2/repository/org/jline/jline/3.9.0/jline-3.9.0.jar:/home/runner/.m2/repository/org/apache/hadoop/hadoop-mapreduce-client-core/3.3.1/hadoop-mapreduce-client-core-3.3.1.jar:/home/runner/.m2/repository/org/apache/avro/avro/1.7.7/avro-1.7.7.jar:/home/runner/.m2/repository/org/codehaus/jackson/jackson-core-asl/1.9.13/jackson-core-asl-1.9.13.jar:/home/runner/.m2/repository/org/codehaus/jackson/jackson-mapper-asl/1.9.13/jackson-mapper-asl-1.9.13.jar:/home/runner/.m2/repository/com/thoughtworks/paranamer/paranamer/2.3/paranamer-2.3.jar:/home/runner/.m2/repository/org/apache/hadoop/hadoop-annotations/3.3.1/hadoop-annotations-3.3.1.jar:/usr/lib/jvm/adoptopenjdk-8-hotspot-amd64/jre/../lib/tools.jar:/home/runner/.m2/repository/org/apache/hadoop/hadoop-distcp/3.3.1/hadoop-distcp-3.3.1-tests.jar:"/>
    <property name="java.vm.vendor" value="AdoptOpenJDK"/>
    <property name="sun.arch.data.model" value="64"/>
    <property name="test.build.dir" value="/home/runner/work/ozone/ozone/mnt/ozone/hadoop-ozone/integration-test/target/test-dir"/>
    <property name="test.cache.data" value=""/>
    <property name="java.vendor.url" value="https://adoptopenjdk.net/"/>
    <property name="user.timezone" value=""/>
    <property name="java.vm.specification.version" value="1.8"/>
    <property name="os.name" value="Linux"/>
    <property name="test.build.data" value="/home/runner/work/ozone/ozone/mnt/ozone/hadoop-ozone/integration-test/target/test-dir"/>
    <property name="sun.java.launcher" value="SUN_STANDARD"/>
    <property name="sun.boot.library.path" value="/usr/lib/jvm/adoptopenjdk-8-hotspot-amd64/jre/lib/amd64"/>
    <property name="sun.java.command" value="/home/runner/work/ozone/ozone/mnt/ozone/hadoop-ozone/integration-test/target/surefire/surefirebooter5488209051818230969.jar /home/runner/work/ozone/ozone/mnt/ozone/hadoop-ozone/integration-test/target/surefire 2021-07-27T14-43-32_185-jvmRun1 surefire1544212945925528501tmp surefire_88169822151926605107tmp"/>
    <property name="surefire.test.class.path" value="/home/runner/work/ozone/ozone/mnt/ozone/hadoop-ozone/integration-test/target/test-classes:/home/runner/work/ozone/ozone/mnt/ozone/hadoop-ozone/integration-test/target/classes:/home/runner/.m2/repository/org/apache/ozone/ozone-common/1.2.0-SNAPSHOT/ozone-common-1.2.0-SNAPSHOT.jar:/home/runner/.m2/repository/org/apache/commons/commons-compress/1.20/commons-compress-1.20.jar:/home/runner/.m2/repository/org/apache/ozone/hdds-common/1.2.0-SNAPSHOT/hdds-common-1.2.0-SNAPSHOT.jar:/home/runner/.m2/repository/org/apache/ozone/hdds-client/1.2.0-SNAPSHOT/hdds-client-1.2.0-SNAPSHOT.jar:/home/runner/.m2/repository/org/apache/ozone/ozone-interface-client/1.2.0-SNAPSHOT/ozone-interface-client-1.2.0-SNAPSHOT.jar:/home/runner/.m2/repository/org/apache/ozone/hdds-server-framework/1.2.0-SNAPSHOT/hdds-server-framework-1.2.0-SNAPSHOT.jar:/home/runner/.m2/repository/org/apache/ozone/hdds-interface-server/1.2.0-SNAPSHOT/hdds-interface-server-1.2.0-SNAPSHOT.jar:/home/runner/.m2/repository/org/eclipse/jetty/jetty-servlet/9.4.35.v20201120/jetty-servlet-9.4.35.v20201120.jar:/home/runner/.m2/repository/org/eclipse/jetty/jetty-security/9.4.35.v20201120/jetty-security-9.4.35.v20201120.jar:/home/runner/.m2/repository/org/rocksdb/rocksdbjni/6.20.3/rocksdbjni-6.20.3.jar:/home/runner/.m2/repository/io/prometheus/simpleclient_dropwizard/0.7.0/simpleclient_dropwizard-0.7.0.jar:/home/runner/.m2/repository/io/prometheus/simpleclient/0.7.0/simpleclient-0.7.0.jar:/home/runner/.m2/repository/io/prometheus/simpleclient_common/0.7.0/simpleclient_common-0.7.0.jar:/home/runner/.m2/repository/com/fasterxml/jackson/datatype/jackson-datatype-jsr310/2.12.1/jackson-datatype-jsr310-2.12.1.jar:/home/runner/.m2/repository/org/apache/ozone/hdds-test-utils/1.2.0-SNAPSHOT/hdds-test-utils-1.2.0-SNAPSHOT.jar:/home/runner/.m2/repository/com/google/guava/guava/30.1.1-jre/guava-30.1.1-jre.jar:/home/runner/.m2/repository/com/google/guava/failureaccess/1.0.1/failureaccess-1.0.1.jar:/home/runner/.m2/repository/com/google/guava/listenablefuture/9999.0-empty-to-avoid-conflict-with-guava/listenablefuture-9999.0-empty-to-avoid-conflict-with-guava.jar:/home/runner/.m2/repository/com/google/code/findbugs/jsr305/3.0.0/jsr305-3.0.0.jar:/home/runner/.m2/repository/org/checkerframework/checker-qual/3.8.0/checker-qual-3.8.0.jar:/home/runner/.m2/repository/com/google/errorprone/error_prone_annotations/2.2.0/error_prone_annotations-2.2.0.jar:/home/runner/.m2/repository/com/google/j2objc/j2objc-annotations/1.3/j2objc-annotations-1.3.jar:/home/runner/.m2/repository/commons-io/commons-io/2.8.0/commons-io-2.8.0.jar:/home/runner/.m2/repository/commons-logging/commons-logging/1.2/commons-logging-1.2.jar:/home/runner/.m2/repository/log4j/log4j/1.2.17/log4j-1.2.17.jar:/home/runner/.m2/repository/org/slf4j/slf4j-api/1.7.30/slf4j-api-1.7.30.jar:/home/runner/.m2/repository/org/apache/ozone/hdds-server-scm/1.2.0-SNAPSHOT/hdds-server-scm-1.2.0-SNAPSHOT.jar:/home/runner/.m2/repository/org/apache/ozone/hdds-container-service/1.2.0-SNAPSHOT/hdds-container-service-1.2.0-SNAPSHOT.jar:/home/runner/.m2/repository/org/apache/ozone/hdds-hadoop-dependency-server/1.2.0-SNAPSHOT/hdds-hadoop-dependency-server-1.2.0-SNAPSHOT.jar:/home/runner/.m2/repository/org/apache/hadoop/hadoop-hdfs/3.3.1/hadoop-hdfs-3.3.1.jar:/home/runner/.m2/repository/io/dropwizard/metrics/metrics-core/3.2.4/metrics-core-3.2.4.jar:/home/runner/.m2/repository/org/apache/hadoop/hadoop-hdfs-client/3.3.1/hadoop-hdfs-client-3.3.1.jar:/home/runner/.m2/repository/org/bouncycastle/bcprov-jdk15on/1.67/bcprov-jdk15on-1.67.jar:/home/runner/.m2/repository/com/google/protobuf/protobuf-java/2.5.0/protobuf-java-2.5.0.jar:/home/runner/.m2/repository/org/apache/ozone/ozone-manager/1.2.0-SNAPSHOT/ozone-manager-1.2.0-SNAPSHOT.jar:/home/runner/.m2/repository/org/aspectj/aspectjrt/1.8.9/aspectjrt-1.8.9.jar:/home/runner/.m2/repository/org/aspectj/aspectjweaver/1.8.9/aspectjweaver-1.8.9.jar:/home/runner/.m2/repository/org/apache/ozone/hdds-interface-client/1.2.0-SNAPSHOT/hdds-interface-client-1.2.0-SNAPSHOT.jar:/home/runner/.m2/repository/org/apache/hadoop/thirdparty/hadoop-shaded-protobuf_3_7/1.1.1/hadoop-shaded-protobuf_3_7-1.1.1.jar:/home/runner/.m2/repository/org/apache/ratis/ratis-thirdparty-misc/0.7.0/ratis-thirdparty-misc-0.7.0.jar:/home/runner/.m2/repository/org/apache/ozone/ozone-interface-storage/1.2.0-SNAPSHOT/ozone-interface-storage-1.2.0-SNAPSHOT.jar:/home/runner/.m2/repository/org/reflections/reflections/0.9.11/reflections-0.9.11.jar:/home/runner/.m2/repository/org/apache/hadoop/hadoop-minikdc/3.3.1/hadoop-minikdc-3.3.1.jar:/home/runner/.m2/repository/org/apache/kerby/kerb-simplekdc/1.0.1/kerb-simplekdc-1.0.1.jar:/home/runner/.m2/repository/org/apache/kerby/kerb-client/1.0.1/kerb-client-1.0.1.jar:/home/runner/.m2/repository/org/apache/kerby/kerby-config/1.0.1/kerby-config-1.0.1.jar:/home/runner/.m2/repository/org/apache/kerby/kerb-common/1.0.1/kerb-common-1.0.1.jar:/home/runner/.m2/repository/org/apache/kerby/kerb-crypto/1.0.1/kerb-crypto-1.0.1.jar:/home/runner/.m2/repository/org/apache/kerby/kerb-util/1.0.1/kerb-util-1.0.1.jar:/home/runner/.m2/repository/org/apache/kerby/token-provider/1.0.1/token-provider-1.0.1.jar:/home/runner/.m2/repository/org/apache/kerby/kerb-admin/1.0.1/kerb-admin-1.0.1.jar:/home/runner/.m2/repository/org/apache/kerby/kerb-server/1.0.1/kerb-server-1.0.1.jar:/home/runner/.m2/repository/org/apache/kerby/kerb-identity/1.0.1/kerb-identity-1.0.1.jar:/home/runner/.m2/repository/org/apache/kerby/kerby-xdr/1.0.1/kerby-xdr-1.0.1.jar:/home/runner/.m2/repository/org/slf4j/slf4j-log4j12/1.7.30/slf4j-log4j12-1.7.30.jar:/home/runner/.m2/repository/org/apache/ozone/ozone-s3gateway/1.2.0-SNAPSHOT/ozone-s3gateway-1.2.0-SNAPSHOT.jar:/home/runner/.m2/repository/org/javassist/javassist/3.21.0-GA/javassist-3.21.0-GA.jar:/home/runner/.m2/repository/org/jboss/weld/servlet/weld-servlet/2.4.7.Final/weld-servlet-2.4.7.Final.jar:/home/runner/.m2/repository/org/glassfish/jersey/containers/jersey-container-servlet-core/2.33/jersey-container-servlet-core-2.33.jar:/home/runner/.m2/repository/org/glassfish/hk2/external/jakarta.inject/2.6.1/jakarta.inject-2.6.1.jar:/home/runner/.m2/repository/org/glassfish/jersey/core/jersey-common/2.33/jersey-common-2.33.jar:/home/runner/.m2/repository/jakarta/ws/rs/jakarta.ws.rs-api/2.1.6/jakarta.ws.rs-api-2.1.6.jar:/home/runner/.m2/repository/org/glassfish/jersey/ext/cdi/jersey-cdi1x/2.33/jersey-cdi1x-2.33.jar:/home/runner/.m2/repository/org/glassfish/jersey/inject/jersey-hk2/2.33/jersey-hk2-2.33.jar:/home/runner/.m2/repository/org/glassfish/hk2/hk2-locator/2.6.1/hk2-locator-2.6.1.jar:/home/runner/.m2/repository/org/glassfish/jersey/media/jersey-media-jaxb/2.33/jersey-media-jaxb-2.33.jar:/home/runner/.m2/repository/org/glassfish/hk2/osgi-resource-locator/1.0.3/osgi-resource-locator-1.0.3.jar:/home/runner/.m2/repository/org/glassfish/hk2/hk2-api/2.5.0/hk2-api-2.5.0.jar:/home/runner/.m2/repository/org/glassfish/hk2/hk2-utils/2.5.0/hk2-utils-2.5.0.jar:/home/runner/.m2/repository/org/glassfish/hk2/external/aopalliance-repackaged/2.5.0/aopalliance-repackaged-2.5.0.jar:/home/runner/.m2/repository/com/fasterxml/jackson/dataformat/jackson-dataformat-xml/2.12.1/jackson-dataformat-xml-2.12.1.jar:/home/runner/.m2/repository/com/fasterxml/jackson/core/jackson-core/2.12.1/jackson-core-2.12.1.jar:/home/runner/.m2/repository/com/fasterxml/jackson/module/jackson-module-jaxb-annotations/2.12.1/jackson-module-jaxb-annotations-2.12.1.jar:/home/runner/.m2/repository/jakarta/xml/bind/jakarta.xml.bind-api/2.3.2/jakarta.xml.bind-api-2.3.2.jar:/home/runner/.m2/repository/org/codehaus/woodstox/stax2-api/3.1.4/stax2-api-3.1.4.jar:/home/runner/.m2/repository/com/fasterxml/woodstox/woodstox-core/5.0.3/woodstox-core-5.0.3.jar:/home/runner/.m2/repository/javax/enterprise/cdi-api/1.2/cdi-api-1.2.jar:/home/runner/.m2/repository/javax/el/javax.el-api/3.0.0/javax.el-api-3.0.0.jar:/home/runner/.m2/repository/javax/interceptor/javax.interceptor-api/1.2/javax.interceptor-api-1.2.jar:/home/runner/.m2/repository/javax/inject/javax.inject/1/javax.inject-1.jar:/home/runner/.m2/repository/javax/xml/bind/jaxb-api/2.3.0/jaxb-api-2.3.0.jar:/home/runner/.m2/repository/org/glassfish/jaxb/jaxb-runtime/2.3.0.1/jaxb-runtime-2.3.0.1.jar:/home/runner/.m2/repository/org/glassfish/jaxb/jaxb-core/2.3.0.1/jaxb-core-2.3.0.1.jar:/home/runner/.m2/repository/org/glassfish/jaxb/txw2/2.3.0.1/txw2-2.3.0.1.jar:/home/runner/.m2/repository/com/sun/istack/istack-commons-runtime/3.0.5/istack-commons-runtime-3.0.5.jar:/home/runner/.m2/repository/org/jvnet/staxex/stax-ex/1.7.8/stax-ex-1.7.8.jar:/home/runner/.m2/repository/com/sun/xml/fastinfoset/FastInfoset/1.2.13/FastInfoset-1.2.13.jar:/home/runner/.m2/repository/javax/activation/activation/1.1.1/activation-1.1.1.jar:/home/runner/.m2/repository/org/apache/ozone/ozone-csi/1.2.0-SNAPSHOT/ozone-csi-1.2.0-SNAPSHOT.jar:/home/runner/.m2/repository/com/google/protobuf/protobuf-java-util/3.12.0/protobuf-java-util-3.12.0.jar:/home/runner/.m2/repository/com/google/code/gson/gson/2.2.4/gson-2.2.4.jar:/home/runner/.m2/repository/org/apache/ozone/hdds-config/1.2.0-SNAPSHOT/hdds-config-1.2.0-SNAPSHOT.jar:/home/runner/.m2/repository/io/grpc/grpc-netty/1.33.0/grpc-netty-1.33.0.jar:/home/runner/.m2/repository/io/grpc/grpc-core/1.33.0/grpc-core-1.33.0.jar:/home/runner/.m2/repository/com/google/android/annotations/4.1.1.4/annotations-4.1.1.4.jar:/home/runner/.m2/repository/io/netty/netty-codec-http2/4.1.63.Final/netty-codec-http2-4.1.63.Final.jar:/home/runner/.m2/repository/io/netty/netty-codec-http/4.1.63.Final/netty-codec-http-4.1.63.Final.jar:/home/runner/.m2/repository/io/netty/netty-handler-proxy/4.1.63.Final/netty-handler-proxy-4.1.63.Final.jar:/home/runner/.m2/repository/io/netty/netty-codec-socks/4.1.63.Final/netty-codec-socks-4.1.63.Final.jar:/home/runner/.m2/repository/io/perfmark/perfmark-api/0.19.0/perfmark-api-0.19.0.jar:/home/runner/.m2/repository/org/codehaus/mojo/animal-sniffer-annotations/1.18/animal-sniffer-annotations-1.18.jar:/home/runner/.m2/repository/io/netty/netty-transport-native-epoll/4.1.63.Final/netty-transport-native-epoll-4.1.63.Final.jar:/home/runner/.m2/repository/io/netty/netty-common/4.1.63.Final/netty-common-4.1.63.Final.jar:/home/runner/.m2/repository/io/netty/netty-buffer/4.1.63.Final/netty-buffer-4.1.63.Final.jar:/home/runner/.m2/repository/io/netty/netty-transport-native-unix-common/4.1.63.Final/netty-transport-native-unix-common-4.1.63.Final.jar:/home/runner/.m2/repository/io/grpc/grpc-protobuf/1.33.0/grpc-protobuf-1.33.0.jar:/home/runner/.m2/repository/io/grpc/grpc-api/1.33.0/grpc-api-1.33.0.jar:/home/runner/.m2/repository/io/grpc/grpc-context/1.33.0/grpc-context-1.33.0.jar:/home/runner/.m2/repository/com/google/api/grpc/proto-google-common-protos/1.17.0/proto-google-common-protos-1.17.0.jar:/home/runner/.m2/repository/io/grpc/grpc-protobuf-lite/1.33.0/grpc-protobuf-lite-1.33.0.jar:/home/runner/.m2/repository/io/grpc/grpc-stub/1.33.0/grpc-stub-1.33.0.jar:/home/runner/.m2/repository/org/apache/ozone/ozone-recon/1.2.0-SNAPSHOT/ozone-recon-1.2.0-SNAPSHOT.jar:/home/runner/.m2/repository/org/apache/ozone/ozone-reconcodegen/1.2.0-SNAPSHOT/ozone-reconcodegen-1.2.0-SNAPSHOT.jar:/home/runner/.m2/repository/com/google/inject/extensions/guice-multibindings/4.0/guice-multibindings-4.0.jar:/home/runner/.m2/repository/com/google/inject/guice/4.0/guice-4.0.jar:/home/runner/.m2/repository/aopalliance/aopalliance/1.0/aopalliance-1.0.jar:/home/runner/.m2/repository/com/google/inject/extensions/guice-assistedinject/4.0/guice-assistedinject-4.0.jar:/home/runner/.m2/repository/com/google/inject/extensions/guice-servlet/4.0/guice-servlet-4.0.jar:/home/runner/.m2/repository/org/glassfish/jersey/containers/jersey-container-servlet/2.33/jersey-container-servlet-2.33.jar:/home/runner/.m2/repository/org/glassfish/hk2/guice-bridge/2.5.0/guice-bridge-2.5.0.jar:/home/runner/.m2/repository/org/glassfish/jersey/core/jersey-server/2.33/jersey-server-2.33.jar:/home/runner/.m2/repository/org/glassfish/jersey/core/jersey-client/2.33/jersey-client-2.33.jar:/home/runner/.m2/repository/jakarta/annotation/jakarta.annotation-api/1.3.5/jakarta.annotation-api-1.3.5.jar:/home/runner/.m2/repository/jakarta/validation/jakarta.validation-api/2.0.2/jakarta.validation-api-2.0.2.jar:/home/runner/.m2/repository/org/glassfish/jersey/media/jersey-media-json-jackson/2.33/jersey-media-json-jackson-2.33.jar:/home/runner/.m2/repository/org/glassfish/jersey/ext/jersey-entity-filtering/2.33/jersey-entity-filtering-2.33.jar:/home/runner/.m2/repository/org/jooq/jooq/3.11.10/jooq-3.11.10.jar:/home/runner/.m2/repository/org/jooq/jooq-meta/3.11.10/jooq-meta-3.11.10.jar:/home/runner/.m2/repository/org/jooq/jooq-codegen/3.11.10/jooq-codegen-3.11.10.jar:/home/runner/.m2/repository/com/jolbox/bonecp/0.8.0.RELEASE/bonecp-0.8.0.RELEASE.jar:/home/runner/.m2/repository/org/apache/derby/derby/10.14.2.0/derby-10.14.2.0.jar:/home/runner/.m2/repository/org/xerial/sqlite-jdbc/3.25.2/sqlite-jdbc-3.25.2.jar:/home/runner/.m2/repository/org/springframework/spring-jdbc/5.2.11.RELEASE/spring-jdbc-5.2.11.RELEASE.jar:/home/runner/.m2/repository/org/springframework/spring-beans/5.2.11.RELEASE/spring-beans-5.2.11.RELEASE.jar:/home/runner/.m2/repository/org/springframework/spring-core/5.2.11.RELEASE/spring-core-5.2.11.RELEASE.jar:/home/runner/.m2/repository/org/springframework/spring-jcl/5.2.11.RELEASE/spring-jcl-5.2.11.RELEASE.jar:/home/runner/.m2/repository/org/springframework/spring-tx/5.2.11.RELEASE/spring-tx-5.2.11.RELEASE.jar:/home/runner/.m2/repository/org/apache/ozone/ozone-client/1.2.0-SNAPSHOT/ozone-client-1.2.0-SNAPSHOT.jar:/home/runner/.m2/repository/org/apache/ozone/ozone-filesystem/1.2.0-SNAPSHOT/ozone-filesystem-1.2.0-SNAPSHOT.jar:/home/runner/.m2/repository/org/apache/ozone/ozone-filesystem-common/1.2.0-SNAPSHOT/ozone-filesystem-common-1.2.0-SNAPSHOT.jar:/home/runner/.m2/repository/org/apache/ozone/ozone-tools/1.2.0-SNAPSHOT/ozone-tools-1.2.0-SNAPSHOT.jar:/home/runner/.m2/repository/org/apache/ratis/ratis-tools/2.1.0/ratis-tools-2.1.0.jar:/home/runner/.m2/repository/org/apache/ratis/ratis-proto/2.1.0/ratis-proto-2.1.0.jar:/home/runner/.m2/repository/org/apache/ratis/ratis-common/2.1.0/ratis-common-2.1.0.jar:/home/runner/.m2/repository/com/amazonaws/aws-java-sdk-core/1.11.901/aws-java-sdk-core-1.11.901.jar:/home/runner/.m2/repository/org/apache/httpcomponents/httpclient/4.5.13/httpclient-4.5.13.jar:/home/runner/.m2/repository/org/apache/httpcomponents/httpcore/4.4.13/httpcore-4.4.13.jar:/home/runner/.m2/repository/software/amazon/ion/ion-java/1.0.2/ion-java-1.0.2.jar:/home/runner/.m2/repository/com/fasterxml/jackson/dataformat/jackson-dataformat-cbor/2.12.1/jackson-dataformat-cbor-2.12.1.jar:/home/runner/.m2/repository/joda-time/joda-time/2.8.1/joda-time-2.8.1.jar:/home/runner/.m2/repository/com/amazonaws/aws-java-sdk-s3/1.11.901/aws-java-sdk-s3-1.11.901.jar:/home/runner/.m2/repository/com/amazonaws/aws-java-sdk-kms/1.11.901/aws-java-sdk-kms-1.11.901.jar:/home/runner/.m2/repository/com/amazonaws/jmespath-java/1.11.901/jmespath-java-1.11.901.jar:/home/runner/.m2/repository/org/kohsuke/metainf-services/metainf-services/1.8/metainf-services-1.8.jar:/home/runner/.m2/repository/org/apache/ozone/hdds-tools/1.2.0-SNAPSHOT/hdds-tools-1.2.0-SNAPSHOT.jar:/home/runner/.m2/repository/commons-cli/commons-cli/1.2/commons-cli-1.2.jar:/home/runner/.m2/repository/org/apache/commons/commons-lang3/3.7/commons-lang3-3.7.jar:/home/runner/.m2/repository/org/apache/ozone/ozone-manager/1.2.0-SNAPSHOT/ozone-manager-1.2.0-SNAPSHOT-tests.jar:/home/runner/.m2/repository/org/apache/ozone/hdds-common/1.2.0-SNAPSHOT/hdds-common-1.2.0-SNAPSHOT-tests.jar:/home/runner/.m2/repository/org/apache/ozone/hdds-hadoop-dependency-client/1.2.0-SNAPSHOT/hdds-hadoop-dependency-client-1.2.0-SNAPSHOT.jar:/home/runner/.m2/repository/info/picocli/picocli/4.4.0/picocli-4.4.0.jar:/home/runner/.m2/repository/com/fasterxml/jackson/core/jackson-annotations/2.12.1/jackson-annotations-2.12.1.jar:/home/runner/.m2/repository/javax/annotation/javax.annotation-api/1.2/javax.annotation-api-1.2.jar:/home/runner/.m2/repository/org/apache/ratis/ratis-server/2.1.0/ratis-server-2.1.0.jar:/home/runner/.m2/repository/org/apache/ratis/ratis-client/2.1.0/ratis-client-2.1.0.jar:/home/runner/.m2/repository/org/apache/ratis/ratis-server-api/2.1.0/ratis-server-api-2.1.0.jar:/home/runner/.m2/repository/org/apache/ratis/ratis-metrics/2.1.0/ratis-metrics-2.1.0.jar:/home/runner/.m2/repository/org/apache/ratis/ratis-netty/2.1.0/ratis-netty-2.1.0.jar:/home/runner/.m2/repository/org/apache/ratis/ratis-grpc/2.1.0/ratis-grpc-2.1.0.jar:/home/runner/.m2/repository/org/apache/logging/log4j/log4j-api/2.13.3/log4j-api-2.13.3.jar:/home/runner/.m2/repository/org/apache/logging/log4j/log4j-core/2.13.3/log4j-core-2.13.3.jar:/home/runner/.m2/repository/com/lmax/disruptor/3.4.2/disruptor-3.4.2.jar:/home/runner/.m2/repository/org/apache/commons/commons-pool2/2.6.0/commons-pool2-2.6.0.jar:/home/runner/.m2/repository/org/bouncycastle/bcpkix-jdk15on/1.67/bcpkix-jdk15on-1.67.jar:/home/runner/.m2/repository/commons-validator/commons-validator/1.6/commons-validator-1.6.jar:/home/runner/.m2/repository/commons-beanutils/commons-beanutils/1.9.4/commons-beanutils-1.9.4.jar:/home/runner/.m2/repository/commons-digester/commons-digester/1.8.1/commons-digester-1.8.1.jar:/home/runner/.m2/repository/commons-collections/commons-collections/3.2.2/commons-collections-3.2.2.jar:/home/runner/.m2/repository/io/jaegertracing/jaeger-client/1.6.0/jaeger-client-1.6.0.jar:/home/runner/.m2/repository/io/jaegertracing/jaeger-thrift/1.6.0/jaeger-thrift-1.6.0.jar:/home/runner/.m2/repository/org/apache/thrift/libthrift/0.14.1/libthrift-0.14.1.jar:/home/runner/.m2/repository/com/squareup/okhttp3/okhttp/4.9.0/okhttp-4.9.0.jar:/home/runner/.m2/repository/com/squareup/okio/okio/2.8.0/okio-2.8.0.jar:/home/runner/.m2/repository/io/jaegertracing/jaeger-core/1.6.0/jaeger-core-1.6.0.jar:/home/runner/.m2/repository/io/jaegertracing/jaeger-tracerresolver/1.6.0/jaeger-tracerresolver-1.6.0.jar:/home/runner/.m2/repository/io/opentracing/contrib/opentracing-tracerresolver/0.1.8/opentracing-tracerresolver-0.1.8.jar:/home/runner/.m2/repository/org/jetbrains/kotlin/kotlin-stdlib/1.4.31/kotlin-stdlib-1.4.31.jar:/home/runner/.m2/repository/org/jetbrains/kotlin/kotlin-stdlib-common/1.4.31/kotlin-stdlib-common-1.4.31.jar:/home/runner/.m2/repository/org/jetbrains/annotations/13.0/annotations-13.0.jar:/home/runner/.m2/repository/io/opentracing/opentracing-util/0.33.0/opentracing-util-0.33.0.jar:/home/runner/.m2/repository/io/opentracing/opentracing-api/0.33.0/opentracing-api-0.33.0.jar:/home/runner/.m2/repository/io/opentracing/opentracing-noop/0.33.0/opentracing-noop-0.33.0.jar:/home/runner/.m2/repository/org/yaml/snakeyaml/1.26/snakeyaml-1.26.jar:/home/runner/.m2/repository/org/apache/ozone/hdds-interface-admin/1.2.0-SNAPSHOT/hdds-interface-admin-1.2.0-SNAPSHOT.jar:/home/runner/.m2/repository/junit/junit/4.13.1/junit-4.13.1.jar:/home/runner/.m2/repository/org/hamcrest/hamcrest-core/1.3/hamcrest-core-1.3.jar:/home/runner/.m2/repository/org/junit/jupiter/junit-jupiter-api/5.7.0/junit-jupiter-api-5.7.0.jar:/home/runner/.m2/repository/org/apiguardian/apiguardian-api/1.1.0/apiguardian-api-1.1.0.jar:/home/runner/.m2/repository/org/opentest4j/opentest4j/1.2.0/opentest4j-1.2.0.jar:/home/runner/.m2/repository/org/junit/platform/junit-platform-commons/1.7.0/junit-platform-commons-1.7.0.jar:/home/runner/.m2/repository/org/junit/jupiter/junit-jupiter-engine/5.7.0/junit-jupiter-engine-5.7.0.jar:/home/runner/.m2/repository/org/junit/platform/junit-platform-engine/1.7.0/junit-platform-engine-1.7.0.jar:/home/runner/.m2/repository/org/junit/vintage/junit-vintage-engine/5.7.0/junit-vintage-engine-5.7.0.jar:/home/runner/.m2/repository/org/junit/platform/junit-platform-launcher/1.7.0/junit-platform-launcher-1.7.0.jar:/home/runner/.m2/repository/org/openjdk/jmh/jmh-core/1.19/jmh-core-1.19.jar:/home/runner/.m2/repository/net/sf/jopt-simple/jopt-simple/4.6/jopt-simple-4.6.jar:/home/runner/.m2/repository/org/apache/commons/commons-math3/3.1.1/commons-math3-3.1.1.jar:/home/runner/.m2/repository/org/openjdk/jmh/jmh-generator-annprocess/1.19/jmh-generator-annprocess-1.19.jar:/home/runner/.m2/repository/org/mockito/mockito-core/2.28.2/mockito-core-2.28.2.jar:/home/runner/.m2/repository/net/bytebuddy/byte-buddy/1.9.10/byte-buddy-1.9.10.jar:/home/runner/.m2/repository/net/bytebuddy/byte-buddy-agent/1.9.10/byte-buddy-agent-1.9.10.jar:/home/runner/.m2/repository/org/objenesis/objenesis/1.0/objenesis-1.0.jar:/home/runner/.m2/repository/org/apache/hadoop/hadoop-kms/3.3.1/hadoop-kms-3.3.1.jar:/home/runner/.m2/repository/org/apache/hadoop/hadoop-auth/3.3.1/hadoop-auth-3.3.1.jar:/home/runner/.m2/repository/com/nimbusds/nimbus-jose-jwt/7.9/nimbus-jose-jwt-7.9.jar:/home/runner/.m2/repository/com/github/stephenc/jcip/jcip-annotations/1.0-1/jcip-annotations-1.0-1.jar:/home/runner/.m2/repository/net/minidev/json-smart/2.3/json-smart-2.3.jar:/home/runner/.m2/repository/net/minidev/accessors-smart/1.2/accessors-smart-1.2.jar:/home/runner/.m2/repository/org/ow2/asm/asm/5.0.4/asm-5.0.4.jar:/home/runner/.m2/repository/org/apache/zookeeper/zookeeper/3.5.6/zookeeper-3.5.6.jar:/home/runner/.m2/repository/org/apache/zookeeper/zookeeper-jute/3.5.6/zookeeper-jute-3.5.6.jar:/home/runner/.m2/repository/org/apache/yetus/audience-annotations/0.5.0/audience-annotations-0.5.0.jar:/home/runner/.m2/repository/org/apache/curator/curator-framework/4.2.0/curator-framework-4.2.0.jar:/home/runner/.m2/repository/org/apache/hadoop/thirdparty/hadoop-shaded-guava/1.1.1/hadoop-shaded-guava-1.1.1.jar:/home/runner/.m2/repository/com/sun/jersey/jersey-core/1.19/jersey-core-1.19.jar:/home/runner/.m2/repository/javax/ws/rs/jsr311-api/1.1.1/jsr311-api-1.1.1.jar:/home/runner/.m2/repository/com/sun/jersey/jersey-server/1.19/jersey-server-1.19.jar:/home/runner/.m2/repository/javax/servlet/javax.servlet-api/3.1.0/javax.servlet-api-3.1.0.jar:/home/runner/.m2/repository/org/eclipse/jetty/jetty-server/9.4.35.v20201120/jetty-server-9.4.35.v20201120.jar:/home/runner/.m2/repository/org/eclipse/jetty/jetty-http/9.4.35.v20201120/jetty-http-9.4.35.v20201120.jar:/home/runner/.m2/repository/org/eclipse/jetty/jetty-io/9.4.35.v20201120/jetty-io-9.4.35.v20201120.jar:/home/runner/.m2/repository/org/eclipse/jetty/jetty-webapp/9.4.35.v20201120/jetty-webapp-9.4.35.v20201120.jar:/home/runner/.m2/repository/org/eclipse/jetty/jetty-xml/9.4.35.v20201120/jetty-xml-9.4.35.v20201120.jar:/home/runner/.m2/repository/org/apache/hadoop/hadoop-common/3.3.1/hadoop-common-3.3.1.jar:/home/runner/.m2/repository/commons-net/commons-net/3.6/commons-net-3.6.jar:/home/runner/.m2/repository/jakarta/activation/jakarta.activation-api/1.2.1/jakarta.activation-api-1.2.1.jar:/home/runner/.m2/repository/com/sun/jersey/jersey-servlet/1.19/jersey-servlet-1.19.jar:/home/runner/.m2/repository/com/sun/jersey/jersey-json/1.19/jersey-json-1.19.jar:/home/runner/.m2/repository/org/codehaus/jettison/jettison/1.1/jettison-1.1.jar:/home/runner/.m2/repository/com/sun/xml/bind/jaxb-impl/2.2.3-1/jaxb-impl-2.2.3-1.jar:/home/runner/.m2/repository/org/codehaus/jackson/jackson-jaxrs/1.9.2/jackson-jaxrs-1.9.2.jar:/home/runner/.m2/repository/org/codehaus/jackson/jackson-xc/1.9.2/jackson-xc-1.9.2.jar:/home/runner/.m2/repository/org/apache/commons/commons-configuration2/2.1.1/commons-configuration2-2.1.1.jar:/home/runner/.m2/repository/org/apache/commons/commons-text/1.4/commons-text-1.4.jar:/home/runner/.m2/repository/com/google/re2j/re2j/1.1/re2j-1.1.jar:/home/runner/.m2/repository/com/jcraft/jsch/0.1.54/jsch-0.1.54.jar:/home/runner/.m2/repository/org/apache/curator/curator-client/4.2.0/curator-client-4.2.0.jar:/home/runner/.m2/repository/org/apache/curator/curator-recipes/4.2.0/curator-recipes-4.2.0.jar:/home/runner/.m2/repository/org/apache/kerby/kerb-core/1.0.1/kerb-core-1.0.1.jar:/home/runner/.m2/repository/org/apache/kerby/kerby-pkix/1.0.1/kerby-pkix-1.0.1.jar:/home/runner/.m2/repository/org/apache/kerby/kerby-asn1/1.0.1/kerby-asn1-1.0.1.jar:/home/runner/.m2/repository/org/apache/kerby/kerby-util/1.0.1/kerby-util-1.0.1.jar:/home/runner/.m2/repository/dnsjava/dnsjava/2.1.7/dnsjava-2.1.7.jar:/home/runner/.m2/repository/org/xerial/snappy/snappy-java/1.1.8.2/snappy-java-1.1.8.2.jar:/home/runner/.m2/repository/org/slf4j/jul-to-slf4j/1.7.30/jul-to-slf4j-1.7.30.jar:/home/runner/.m2/repository/org/eclipse/jetty/jetty-util/9.4.35.v20201120/jetty-util-9.4.35.v20201120.jar:/home/runner/.m2/repository/com/fasterxml/jackson/core/jackson-databind/2.12.1/jackson-databind-2.12.1.jar:/home/runner/.m2/repository/org/apache/hadoop/hadoop-kms/3.3.1/hadoop-kms-3.3.1-tests.jar:/home/runner/.m2/repository/org/apache/ozone/hdds-server-scm/1.2.0-SNAPSHOT/hdds-server-scm-1.2.0-SNAPSHOT-tests.jar:/home/runner/.m2/repository/org/apache/ozone/hdds-container-service/1.2.0-SNAPSHOT/hdds-container-service-1.2.0-SNAPSHOT-tests.jar:/home/runner/.m2/repository/commons-codec/commons-codec/1.11/commons-codec-1.11.jar:/home/runner/.m2/repository/io/netty/netty-transport/4.1.63.Final/netty-transport-4.1.63.Final.jar:/home/runner/.m2/repository/io/netty/netty-resolver/4.1.63.Final/netty-resolver-4.1.63.Final.jar:/home/runner/.m2/repository/io/netty/netty-codec/4.1.63.Final/netty-codec-4.1.63.Final.jar:/home/runner/.m2/repository/io/netty/netty-handler/4.1.63.Final/netty-handler-4.1.63.Final.jar:/home/runner/.m2/repository/org/apache/ozone/hdds-hadoop-dependency-test/1.2.0-SNAPSHOT/hdds-hadoop-dependency-test-1.2.0-SNAPSHOT.jar:/home/runner/.m2/repository/org/apache/hadoop/hadoop-common/3.3.1/hadoop-common-3.3.1-tests.jar:/home/runner/.m2/repository/org/assertj/assertj-core/3.12.2/assertj-core-3.12.2.jar:/home/runner/.m2/repository/org/apache/hadoop/hadoop-hdfs/3.3.1/hadoop-hdfs-3.3.1-tests.jar:/home/runner/.m2/repository/org/eclipse/jetty/jetty-util-ajax/9.4.35.v20201120/jetty-util-ajax-9.4.35.v20201120.jar:/home/runner/.m2/repository/commons-daemon/commons-daemon/1.0.13/commons-daemon-1.0.13.jar:/home/runner/.m2/repository/io/netty/netty/3.10.6.Final/netty-3.10.6.Final.jar:/home/runner/.m2/repository/io/netty/netty-all/4.1.63.Final/netty-all-4.1.63.Final.jar:/home/runner/.m2/repository/org/apache/htrace/htrace-core4/4.1.0-incubating/htrace-core4-4.1.0-incubating.jar:/home/runner/.m2/repository/org/fusesource/leveldbjni/leveldbjni-all/1.8/leveldbjni-all-1.8.jar:/home/runner/.m2/repository/org/apache/hadoop/hadoop-distcp/3.3.1/hadoop-distcp-3.3.1.jar:/home/runner/.m2/repository/org/apache/hadoop/hadoop-mapreduce-client-jobclient/3.3.1/hadoop-mapreduce-client-jobclient-3.3.1.jar:/home/runner/.m2/repository/org/apache/hadoop/hadoop-mapreduce-client-common/3.3.1/hadoop-mapreduce-client-common-3.3.1.jar:/home/runner/.m2/repository/org/apache/hadoop/hadoop-yarn-common/3.3.1/hadoop-yarn-common-3.3.1.jar:/home/runner/.m2/repository/org/apache/hadoop/hadoop-yarn-api/3.3.1/hadoop-yarn-api-3.3.1.jar:/home/runner/.m2/repository/com/sun/jersey/jersey-client/1.19/jersey-client-1.19.jar:/home/runner/.m2/repository/com/sun/jersey/contribs/jersey-guice/1.19/jersey-guice-1.19.jar:/home/runner/.m2/repository/com/fasterxml/jackson/jaxrs/jackson-jaxrs-json-provider/2.12.1/jackson-jaxrs-json-provider-2.12.1.jar:/home/runner/.m2/repository/com/fasterxml/jackson/jaxrs/jackson-jaxrs-base/2.12.1/jackson-jaxrs-base-2.12.1.jar:/home/runner/.m2/repository/org/apache/hadoop/hadoop-yarn-client/3.3.1/hadoop-yarn-client-3.3.1.jar:/home/runner/.m2/repository/org/eclipse/jetty/websocket/websocket-client/9.4.40.v20210413/websocket-client-9.4.40.v20210413.jar:/home/runner/.m2/repository/org/eclipse/jetty/jetty-client/9.4.40.v20210413/jetty-client-9.4.40.v20210413.jar:/home/runner/.m2/repository/org/eclipse/jetty/websocket/websocket-common/9.4.40.v20210413/websocket-common-9.4.40.v20210413.jar:/home/runner/.m2/repository/org/eclipse/jetty/websocket/websocket-api/9.4.40.v20210413/websocket-api-9.4.40.v20210413.jar:/home/runner/.m2/repository/org/jline/jline/3.9.0/jline-3.9.0.jar:/home/runner/.m2/repository/org/apache/hadoop/hadoop-mapreduce-client-core/3.3.1/hadoop-mapreduce-client-core-3.3.1.jar:/home/runner/.m2/repository/org/apache/avro/avro/1.7.7/avro-1.7.7.jar:/home/runner/.m2/repository/org/codehaus/jackson/jackson-core-asl/1.9.13/jackson-core-asl-1.9.13.jar:/home/runner/.m2/repository/org/codehaus/jackson/jackson-mapper-asl/1.9.13/jackson-mapper-asl-1.9.13.jar:/home/runner/.m2/repository/com/thoughtworks/paranamer/paranamer/2.3/paranamer-2.3.jar:/home/runner/.m2/repository/org/apache/hadoop/hadoop-annotations/3.3.1/hadoop-annotations-3.3.1.jar:/usr/lib/jvm/adoptopenjdk-8-hotspot-amd64/jre/../lib/tools.jar:/home/runner/.m2/repository/org/apache/hadoop/hadoop-distcp/3.3.1/hadoop-distcp-3.3.1-tests.jar:"/>
    <property name="sun.cpu.endian" value="little"/>
    <property name="user.home" value="/home/runner"/>
    <property name="user.language" value="en"/>
    <property name="java.specification.vendor" value="Oracle Corporation"/>
    <property name="java.home" value="/usr/lib/jvm/adoptopenjdk-8-hotspot-amd64/jre"/>
    <property name="java.security.krb5.conf" value="/home/runner/work/ozone/ozone/mnt/ozone/hadoop-ozone/integration-test/target/test-classes/krb5.conf"/>
    <property name="basedir" value="/home/runner/work/ozone/ozone/mnt/ozone/hadoop-ozone/integration-test"/>
    <property name="file.separator" value="/"/>
    <property name="line.separator" value="&#10;"/>
    <property name="java.vm.specification.vendor" value="Oracle Corporation"/>
    <property name="java.specification.name" value="Java Platform API Specification"/>
    <property name="java.awt.graphicsenv" value="sun.awt.X11GraphicsEnvironment"/>
    <property name="skip.installnpx" value="true"/>
    <property name="surefire.real.class.path" value="/home/runner/work/ozone/ozone/mnt/ozone/hadoop-ozone/integration-test/target/surefire/surefirebooter5488209051818230969.jar:/home/runner/.m2/repository/org/jacoco/org.jacoco.agent/0.8.5/org.jacoco.agent-0.8.5-runtime.jar"/>
    <property name="hadoop.log.dir" value="/home/runner/work/ozone/ozone/mnt/ozone/hadoop-ozone/integration-test/target/log"/>
    <property name="sun.boot.class.path" value="/usr/lib/jvm/adoptopenjdk-8-hotspot-amd64/jre/lib/resources.jar:/usr/lib/jvm/adoptopenjdk-8-hotspot-amd64/jre/lib/rt.jar:/usr/lib/jvm/adoptopenjdk-8-hotspot-amd64/jre/lib/sunrsasign.jar:/usr/lib/jvm/adoptopenjdk-8-hotspot-amd64/jre/lib/jsse.jar:/usr/lib/jvm/adoptopenjdk-8-hotspot-amd64/jre/lib/jce.jar:/usr/lib/jvm/adoptopenjdk-8-hotspot-amd64/jre/lib/charsets.jar:/usr/lib/jvm/adoptopenjdk-8-hotspot-amd64/jre/lib/jfr.jar:/usr/lib/jvm/adoptopenjdk-8-hotspot-amd64/jre/classes"/>
    <property name="sun.management.compiler" value="HotSpot 64-Bit Tiered Compilers"/>
    <property name="skip.npx" value="true"/>
    <property name="java.runtime.version" value="1.8.0_292-b10"/>
    <property name="java.net.preferIPv4Stack" value="true"/>
    <property name="user.name" value="runner"/>
    <property name="path.separator" value=":"/>
    <property name="java.security.egd" value="file:///dev/urandom"/>
    <property name="os.version" value="5.4.0-1051-azure"/>
    <property name="java.endorsed.dirs" value="/usr/lib/jvm/adoptopenjdk-8-hotspot-amd64/jre/lib/endorsed"/>
    <property name="java.runtime.name" value="OpenJDK Runtime Environment"/>
    <property name="file.encoding" value="UTF-8"/>
    <property name="java.vm.name" value="OpenJDK 64-Bit Server VM"/>
    <property name="test.build.webapps" value=""/>
    <property name="localRepository" value="/home/runner/.m2/repository"/>
    <property name="java.vendor.url.bug" value="https://github.com/AdoptOpenJDK/openjdk-support/issues"/>
    <property name="java.io.tmpdir" value="/tmp"/>
    <property name="require.test.libhadoop" value=""/>
    <property name="java.version" value="1.8.0_292"/>
    <property name="user.dir" value="/home/runner/work/ozone/ozone/mnt/ozone/hadoop-ozone/integration-test"/>
    <property name="os.arch" value="amd64"/>
    <property name="java.vm.specification.name" value="Java Virtual Machine Specification"/>
    <property name="test.build.classes" value="/home/runner/work/ozone/ozone/mnt/ozone/hadoop-ozone/integration-test/target/test-classes"/>
    <property name="java.awt.printerjob" value="sun.print.PSPrinterJob"/>
    <property name="sun.os.patch.level" value="unknown"/>
    <property name="hadoop.tmp.dir" value="/home/runner/work/ozone/ozone/mnt/ozone/hadoop-ozone/integration-test/target/tmp"/>
    <property name="java.library.path" value="/usr/java/packages/lib/amd64:/usr/lib64:/lib64:/lib:/usr/lib"/>
    <property name="java.vm.info" value="mixed mode"/>
    <property name="java.vendor" value="AdoptOpenJDK"/>
    <property name="java.vm.version" value="25.292-b10"/>
    <property name="java.ext.dirs" value="/usr/lib/jvm/adoptopenjdk-8-hotspot-amd64/jre/lib/ext:/usr/java/packages/lib/ext"/>
    <property name="sun.io.unicode.encoding" value="UnicodeLittle"/>
    <property name="java.class.version" value="52.0"/>
  </properties>
  <testcase name="testInstallSnapshot" classname="org.apache.hadoop.ozone.scm.TestSCMInstallSnapshotWithHA" time="57.346">
    <failure type="java.lang.AssertionError">java.lang.AssertionError
	at org.junit.Assert.fail(Assert.java:87)
	at org.junit.Assert.assertTrue(Assert.java:42)
	at org.junit.Assert.assertTrue(Assert.java:53)
	at org.apache.hadoop.ozone.scm.TestSCMInstallSnapshotWithHA.testInstallSnapshot(TestSCMInstallSnapshotWithHA.java:141)
	at sun.reflect.NativeMethodAccessorImpl.invoke0(Native Method)
	at sun.reflect.NativeMethodAccessorImpl.invoke(NativeMethodAccessorImpl.java:62)
	at sun.reflect.DelegatingMethodAccessorImpl.invoke(DelegatingMethodAccessorImpl.java:43)
	at java.lang.reflect.Method.invoke(Method.java:498)
	at org.junit.platform.commons.util.ReflectionUtils.invokeMethod(ReflectionUtils.java:688)
	at org.junit.jupiter.engine.execution.MethodInvocation.proceed(MethodInvocation.java:60)
	at org.junit.jupiter.engine.execution.InvocationInterceptorChain$ValidatingInvocation.proceed(InvocationInterceptorChain.java:131)
	at org.junit.jupiter.engine.extension.TimeoutInvocation.proceed(TimeoutInvocation.java:46)
	at org.junit.jupiter.engine.extension.TimeoutExtension.intercept(TimeoutExtension.java:149)
	at org.junit.jupiter.engine.extension.TimeoutExtension.interceptTestableMethod(TimeoutExtension.java:140)
	at org.junit.jupiter.engine.extension.TimeoutExtension.interceptTestMethod(TimeoutExtension.java:84)
	at org.junit.jupiter.engine.execution.ExecutableInvoker$ReflectiveInterceptorCall.lambda$ofVoidMethod$0(ExecutableInvoker.java:115)
	at org.junit.jupiter.engine.execution.ExecutableInvoker.lambda$invoke$0(ExecutableInvoker.java:105)
	at org.junit.jupiter.engine.execution.InvocationInterceptorChain$InterceptedInvocation.proceed(InvocationInterceptorChain.java:106)
	at org.junit.jupiter.engine.execution.InvocationInterceptorChain.proceed(InvocationInterceptorChain.java:64)
	at org.junit.jupiter.engine.execution.InvocationInterceptorChain.chainAndInvoke(InvocationInterceptorChain.java:45)
	at org.junit.jupiter.engine.execution.InvocationInterceptorChain.invoke(InvocationInterceptorChain.java:37)
	at org.junit.jupiter.engine.execution.ExecutableInvoker.invoke(ExecutableInvoker.java:104)
	at org.junit.jupiter.engine.execution.ExecutableInvoker.invoke(ExecutableInvoker.java:98)
	at org.junit.jupiter.engine.descriptor.TestMethodTestDescriptor.lambda$invokeTestMethod$6(TestMethodTestDescriptor.java:210)
	at org.junit.platform.engine.support.hierarchical.ThrowableCollector.execute(ThrowableCollector.java:73)
	at org.junit.jupiter.engine.descriptor.TestMethodTestDescriptor.invokeTestMethod(TestMethodTestDescriptor.java:206)
	at org.junit.jupiter.engine.descriptor.TestMethodTestDescriptor.execute(TestMethodTestDescriptor.java:131)
	at org.junit.jupiter.engine.descriptor.TestMethodTestDescriptor.execute(TestMethodTestDescriptor.java:65)
	at org.junit.platform.engine.support.hierarchical.NodeTestTask.lambda$executeRecursively$5(NodeTestTask.java:139)
	at org.junit.platform.engine.support.hierarchical.ThrowableCollector.execute(ThrowableCollector.java:73)
	at org.junit.platform.engine.support.hierarchical.NodeTestTask.lambda$executeRecursively$7(NodeTestTask.java:129)
	at org.junit.platform.engine.support.hierarchical.Node.around(Node.java:137)
	at org.junit.platform.engine.support.hierarchical.NodeTestTask.lambda$executeRecursively$8(NodeTestTask.java:127)
	at org.junit.platform.engine.support.hierarchical.ThrowableCollector.execute(ThrowableCollector.java:73)
	at org.junit.platform.engine.support.hierarchical.NodeTestTask.executeRecursively(NodeTestTask.java:126)
	at org.junit.platform.engine.support.hierarchical.NodeTestTask.execute(NodeTestTask.java:84)
	at java.util.ArrayList.forEach(ArrayList.java:1259)
	at org.junit.platform.engine.support.hierarchical.SameThreadHierarchicalTestExecutorService.invokeAll(SameThreadHierarchicalTestExecutorService.java:38)
	at org.junit.platform.engine.support.hierarchical.NodeTestTask.lambda$executeRecursively$5(NodeTestTask.java:143)
	at org.junit.platform.engine.support.hierarchical.ThrowableCollector.execute(ThrowableCollector.java:73)
	at org.junit.platform.engine.support.hierarchical.NodeTestTask.lambda$executeRecursively$7(NodeTestTask.java:129)
	at org.junit.platform.engine.support.hierarchical.Node.around(Node.java:137)
	at org.junit.platform.engine.support.hierarchical.NodeTestTask.lambda$executeRecursively$8(NodeTestTask.java:127)
	at org.junit.platform.engine.support.hierarchical.ThrowableCollector.execute(ThrowableCollector.java:73)
	at org.junit.platform.engine.support.hierarchical.NodeTestTask.executeRecursively(NodeTestTask.java:126)
	at org.junit.platform.engine.support.hierarchical.NodeTestTask.execute(NodeTestTask.java:84)
	at java.util.ArrayList.forEach(ArrayList.java:1259)
	at org.junit.platform.engine.support.hierarchical.SameThreadHierarchicalTestExecutorService.invokeAll(SameThreadHierarchicalTestExecutorService.java:38)
	at org.junit.platform.engine.support.hierarchical.NodeTestTask.lambda$executeRecursively$5(NodeTestTask.java:143)
	at org.junit.platform.engine.support.hierarchical.ThrowableCollector.execute(ThrowableCollector.java:73)
	at org.junit.platform.engine.support.hierarchical.NodeTestTask.lambda$executeRecursively$7(NodeTestTask.java:129)
	at org.junit.platform.engine.support.hierarchical.Node.around(Node.java:137)
	at org.junit.platform.engine.support.hierarchical.NodeTestTask.lambda$executeRecursively$8(NodeTestTask.java:127)
	at org.junit.platform.engine.support.hierarchical.ThrowableCollector.execute(ThrowableCollector.java:73)
	at org.junit.platform.engine.support.hierarchical.NodeTestTask.executeRecursively(NodeTestTask.java:126)
	at org.junit.platform.engine.support.hierarchical.NodeTestTask.execute(NodeTestTask.java:84)
	at org.junit.platform.engine.support.hierarchical.SameThreadHierarchicalTestExecutorService.submit(SameThreadHierarchicalTestExecutorService.java:32)
	at org.junit.platform.engine.support.hierarchical.HierarchicalTestExecutor.execute(HierarchicalTestExecutor.java:57)
	at org.junit.platform.engine.support.hierarchical.HierarchicalTestEngine.execute(HierarchicalTestEngine.java:51)
	at org.junit.platform.launcher.core.EngineExecutionOrchestrator.execute(EngineExecutionOrchestrator.java:108)
	at org.junit.platform.launcher.core.EngineExecutionOrchestrator.execute(EngineExecutionOrchestrator.java:88)
	at org.junit.platform.launcher.core.EngineExecutionOrchestrator.lambda$execute$0(EngineExecutionOrchestrator.java:54)
	at org.junit.platform.launcher.core.EngineExecutionOrchestrator.withInterceptedStreams(EngineExecutionOrchestrator.java:67)
	at org.junit.platform.launcher.core.EngineExecutionOrchestrator.execute(EngineExecutionOrchestrator.java:52)
	at org.junit.platform.launcher.core.DefaultLauncher.execute(DefaultLauncher.java:96)
	at org.junit.platform.launcher.core.DefaultLauncher.execute(DefaultLauncher.java:75)
	at org.apache.maven.surefire.junitplatform.JUnitPlatformProvider.invokeAllTests(JUnitPlatformProvider.java:142)
	at org.apache.maven.surefire.junitplatform.JUnitPlatformProvider.invoke(JUnitPlatformProvider.java:113)
	at org.apache.maven.surefire.booter.ForkedBooter.invokeProviderInSameClassLoader(ForkedBooter.java:384)
	at org.apache.maven.surefire.booter.ForkedBooter.runSuitesInProcess(ForkedBooter.java:345)
	at org.apache.maven.surefire.booter.ForkedBooter.execute(ForkedBooter.java:126)
	at org.apache.maven.surefire.booter.ForkedBooter.main(ForkedBooter.java:418)
</failure>
    <system-out><![CDATA[2021-07-27 14:59:46,446 [main] WARN  server.ServerUtils (ServerUtils.java:getScmDbDir(148)) - ozone.scm.db.dirs is not configured. We recommend adding this setting. Falling back to ozone.metadata.dirs instead.
2021-07-27 14:59:46,473 [main] INFO  ha.SCMHANodeDetails (SCMHANodeDetails.java:loadSCMHAConfig(157)) - ServiceID for StorageContainerManager is scm-service-test1
2021-07-27 14:59:46,474 [main] INFO  ha.SCMHANodeDetails (SCMHANodeDetails.java:loadSCMHAConfig(168)) - ServiceID for StorageContainerManager is scm-service-test1
2021-07-27 14:59:46,537 [main] WARN  scm.ScmUtils (ScmUtils.java:logWarn(179)) - ConfigKey ozone.scm.block.client.address is deprecated, For configuring different ports for each SCM use PortConfigKey ozone.scm.block.client.port appended with serviceId and nodeId. If want to configure same port configure ozone.scm.block.client.port
2021-07-27 14:59:46,537 [main] WARN  scm.ScmUtils (ScmUtils.java:logWarn(179)) - ConfigKey ozone.scm.client.address is deprecated, For configuring different ports for each SCM use PortConfigKey ozone.scm.client.port appended with serviceId and nodeId. If want to configure same port configure ozone.scm.client.port
2021-07-27 14:59:46,537 [main] WARN  scm.ScmUtils (ScmUtils.java:logWarn(179)) - ConfigKey ozone.scm.datanode.address is deprecated, For configuring different ports for each SCM use PortConfigKey ozone.scm.datanode.port appended with serviceId and nodeId. If want to configure same port configure ozone.scm.datanode.port
2021-07-27 14:59:46,539 [main] WARN  scm.ScmUtils (ScmUtils.java:logWarn(179)) - ConfigKey ozone.scm.block.client.address is deprecated, For configuring different ports for each SCM use PortConfigKey ozone.scm.block.client.port appended with serviceId and nodeId. If want to configure same port configure ozone.scm.block.client.port
2021-07-27 14:59:46,540 [main] WARN  scm.ScmUtils (ScmUtils.java:logWarn(179)) - ConfigKey ozone.scm.client.address is deprecated, For configuring different ports for each SCM use PortConfigKey ozone.scm.client.port appended with serviceId and nodeId. If want to configure same port configure ozone.scm.client.port
2021-07-27 14:59:46,540 [main] WARN  scm.ScmUtils (ScmUtils.java:logWarn(179)) - ConfigKey ozone.scm.datanode.address is deprecated, For configuring different ports for each SCM use PortConfigKey ozone.scm.datanode.port appended with serviceId and nodeId. If want to configure same port configure ozone.scm.datanode.port
2021-07-27 14:59:46,540 [main] INFO  ha.SCMHANodeDetails (SCMHANodeDetails.java:loadSCMHAConfig(250)) - Found matching SCM address with SCMServiceId: scm-service-test1, SCMNodeId: scmNode-1, RPC Address: localhost:15416 and Ratis port: 15416
2021-07-27 14:59:46,540 [main] INFO  ha.SCMHANodeDetails (ConfUtils.java:setNodeSpecificConfigs(108)) - Setting configuration key ozone.scm.datanode.address with value of key ozone.scm.datanode.address.scm-service-test1.scmNode-1: 127.0.0.1:15417
2021-07-27 14:59:46,541 [main] INFO  ha.SCMHANodeDetails (ConfUtils.java:setNodeSpecificConfigs(108)) - Setting configuration key ozone.scm.block.client.address with value of key ozone.scm.block.client.address.scm-service-test1.scmNode-1: 127.0.0.1:15418
2021-07-27 14:59:46,541 [main] INFO  ha.SCMHANodeDetails (ConfUtils.java:setNodeSpecificConfigs(108)) - Setting configuration key ozone.scm.client.address with value of key ozone.scm.client.address.scm-service-test1.scmNode-1: 127.0.0.1:15419
2021-07-27 14:59:46,541 [main] INFO  ha.SCMHANodeDetails (ConfUtils.java:setNodeSpecificConfigs(108)) - Setting configuration key ozone.scm.ratis.port with value of key ozone.scm.ratis.port.scm-service-test1.scmNode-1: 15416
2021-07-27 14:59:46,541 [main] INFO  ha.SCMHANodeDetails (ConfUtils.java:setNodeSpecificConfigs(108)) - Setting configuration key ozone.scm.grpc.port with value of key ozone.scm.grpc.port.scm-service-test1.scmNode-1: 15420
2021-07-27 14:59:46,541 [main] INFO  ha.SCMHANodeDetails (ConfUtils.java:setNodeSpecificConfigs(108)) - Setting configuration key ozone.scm.http-address with value of key ozone.scm.http-address.scm-service-test1.scmNode-1: 127.0.0.1:15414
2021-07-27 14:59:46,542 [main] INFO  ha.SCMHANodeDetails (ConfUtils.java:setNodeSpecificConfigs(108)) - Setting configuration key ozone.scm.https-address with value of key ozone.scm.https-address.scm-service-test1.scmNode-1: 127.0.0.1:15415
2021-07-27 14:59:46,543 [main] INFO  ha.SCMHANodeDetails (ConfUtils.java:setNodeSpecificConfigs(108)) - Setting configuration key ozone.scm.address with value of key ozone.scm.address.scm-service-test1.scmNode-1: 127.0.0.1
2021-07-27 14:59:46,543 [main] WARN  scm.ScmUtils (ScmUtils.java:logWarn(179)) - ConfigKey ozone.scm.block.client.address is deprecated, For configuring different ports for each SCM use PortConfigKey ozone.scm.block.client.port appended with serviceId and nodeId. If want to configure same port configure ozone.scm.block.client.port
2021-07-27 14:59:46,543 [main] WARN  scm.ScmUtils (ScmUtils.java:logWarn(179)) - ConfigKey ozone.scm.client.address is deprecated, For configuring different ports for each SCM use PortConfigKey ozone.scm.client.port appended with serviceId and nodeId. If want to configure same port configure ozone.scm.client.port
2021-07-27 14:59:46,543 [main] WARN  scm.ScmUtils (ScmUtils.java:logWarn(179)) - ConfigKey ozone.scm.datanode.address is deprecated, For configuring different ports for each SCM use PortConfigKey ozone.scm.datanode.port appended with serviceId and nodeId. If want to configure same port configure ozone.scm.datanode.port
2021-07-27 14:59:46,613 [main] INFO  server.RaftServer (ConfUtils.java:logGet(44)) - raft.rpc.type = GRPC (default)
2021-07-27 14:59:46,661 [main] INFO  grpc.GrpcFactory (GrpcFactory.java:checkPooledByteBufAllocatorUseCacheForAllThreads(48)) - PERFORMANCE WARNING: useCacheForAllThreads is true that may cause Netty to create a lot garbage objects and, as a result, trigger GC.
	It is recommended to disable useCacheForAllThreads by setting -Dorg.apache.ratis.thirdparty.io.netty.allocator.useCacheForAllThreads=false in command line.
2021-07-27 14:59:46,665 [main] INFO  grpc.GrpcConfigKeys (ConfUtils.java:logGet(44)) - raft.grpc.admin.port = -1 (default)
2021-07-27 14:59:46,665 [main] INFO  grpc.GrpcConfigKeys (ConfUtils.java:logGet(44)) - raft.grpc.server.port = 15416 (custom)
2021-07-27 14:59:46,666 [main] INFO  grpc.GrpcConfigKeys (ConfUtils.java:logGet(44)) - raft.grpc.client.port = -1 (default)
2021-07-27 14:59:46,666 [main] INFO  grpc.GrpcConfigKeys (ConfUtils.java:logGet(44)) - raft.grpc.server.port = 15416 (custom)
2021-07-27 14:59:46,666 [main] INFO  grpc.GrpcConfigKeys (ConfUtils.java:logGet(44)) - raft.grpc.server.port = 15416 (custom)
2021-07-27 14:59:46,667 [main] INFO  server.GrpcService (ConfUtils.java:logGet(44)) - raft.grpc.message.size.max = 32m (=33554432) (custom)
2021-07-27 14:59:46,668 [main] INFO  server.RaftServerConfigKeys (ConfUtils.java:logGet(44)) - raft.server.log.appender.buffer.byte-limit = 33554432 (custom)
2021-07-27 14:59:46,669 [main] INFO  server.GrpcService (ConfUtils.java:logGet(44)) - raft.grpc.flow.control.window = 1MB (=1048576) (default)
2021-07-27 14:59:46,669 [main] INFO  server.RaftServerConfigKeys (ConfUtils.java:logGet(44)) - raft.server.rpc.request.timeout = 30000ms (custom)
2021-07-27 14:59:46,889 [main] INFO  impl.DataStreamServerImpl (ConfUtils.java:logGet(44)) - raft.datastream.type = DISABLED (default)
2021-07-27 14:59:46,891 [main] INFO  server.RaftServerConfigKeys (ConfUtils.java:logGet(44)) - raft.server.rpc.slowness.timeout = 120000ms (custom)
2021-07-27 14:59:46,891 [main] INFO  server.RaftServerConfigKeys (ConfUtils.java:logGet(44)) - raft.server.leaderelection.leader.step-down.wait-time = 10s (default)
2021-07-27 14:59:46,900 [main] INFO  server.RaftServerConfigKeys (ConfUtils.java:logGet(44)) - raft.server.storage.dir = [/home/runner/work/ozone/ozone/mnt/ozone/hadoop-ozone/integration-test/target/test-dir/MiniOzoneClusterImpl-1c236c99-c7c8-4b90-98b3-6d50a358b8d8/scmNode-1/scm-ha] (custom)
2021-07-27 14:59:46,906 [main] INFO  server.RaftServer (RaftServerProxy.java:addNew(95)) - b07764cb-34df-45d7-9560-8ac949593b7a: addNew group-6D50A358B8D8:[b07764cb-34df-45d7-9560-8ac949593b7a|rpc:localhost:15416|priority:0] returns group-6D50A358B8D8:java.util.concurrent.CompletableFuture@37a64f9d[Not completed]
2021-07-27 14:59:46,923 [pool-1-thread-1] INFO  server.RaftServer$Division (RaftServerImpl.java:<init>(181)) - b07764cb-34df-45d7-9560-8ac949593b7a: new RaftServerImpl for group-6D50A358B8D8:[b07764cb-34df-45d7-9560-8ac949593b7a|rpc:localhost:15416|priority:0] with SCMStateMachine:uninitialized
2021-07-27 14:59:46,924 [pool-1-thread-1] INFO  server.RaftServerConfigKeys (ConfUtils.java:logGet(44)) - raft.server.rpc.timeout.min = 5000ms (custom)
2021-07-27 14:59:46,924 [pool-1-thread-1] INFO  server.RaftServerConfigKeys (ConfUtils.java:logGet(44)) - raft.server.rpc.timeout.max = 5200ms (custom)
2021-07-27 14:59:46,924 [pool-1-thread-1] INFO  server.RaftServerConfigKeys (ConfUtils.java:logGet(44)) - raft.server.rpc.sleep.time = 25ms (default)
2021-07-27 14:59:46,925 [pool-1-thread-1] INFO  server.RaftServerConfigKeys (ConfUtils.java:logGet(44)) - raft.server.rpc.slowness.timeout = 120000ms (custom)
2021-07-27 14:59:46,925 [pool-1-thread-1] INFO  server.RaftServerConfigKeys (ConfUtils.java:logGet(44)) - raft.server.leaderelection.leader.step-down.wait-time = 10s (default)
2021-07-27 14:59:46,925 [pool-1-thread-1] INFO  server.RaftServerConfigKeys (ConfUtils.java:logGet(44)) - raft.server.sleep.deviation.threshold = 300ms (default)
2021-07-27 14:59:46,925 [pool-1-thread-1] INFO  server.RaftServerConfigKeys (ConfUtils.java:logGet(44)) - raft.server.log.appender.install.snapshot.enabled = false (custom)
2021-07-27 14:59:46,934 [pool-1-thread-1] INFO  server.RaftServer$Division (ServerState.java:<init>(105)) - b07764cb-34df-45d7-9560-8ac949593b7a@group-6D50A358B8D8: ConfigurationManager, init=-1: [b07764cb-34df-45d7-9560-8ac949593b7a|rpc:localhost:15416|priority:0], old=null, confs=<EMPTY_MAP>
2021-07-27 14:59:46,934 [pool-1-thread-1] INFO  server.RaftServerConfigKeys (ConfUtils.java:logGet(44)) - raft.server.storage.dir = [/home/runner/work/ozone/ozone/mnt/ozone/hadoop-ozone/integration-test/target/test-dir/MiniOzoneClusterImpl-1c236c99-c7c8-4b90-98b3-6d50a358b8d8/scmNode-1/scm-ha] (custom)
2021-07-27 14:59:46,939 [pool-1-thread-1] INFO  server.RaftServerConfigKeys (ConfUtils.java:logGet(44)) - raft.server.log.corruption.policy = EXCEPTION (default)
2021-07-27 14:59:46,941 [pool-1-thread-1] INFO  server.RaftServerConfigKeys (ConfUtils.java:logGet(44)) - raft.server.storage.free-space.min = 0MB (=0) (default)
2021-07-27 14:59:46,943 [pool-1-thread-1] INFO  storage.RaftStorageDirectory (RaftStorageDirectoryImpl.java:analyzeStorage(135)) - The storage directory /home/runner/work/ozone/ozone/mnt/ozone/hadoop-ozone/integration-test/target/test-dir/MiniOzoneClusterImpl-1c236c99-c7c8-4b90-98b3-6d50a358b8d8/scmNode-1/scm-ha/1c236c99-c7c8-4b90-98b3-6d50a358b8d8 does not exist. Creating ...
2021-07-27 14:59:46,958 [pool-1-thread-1] INFO  storage.RaftStorageDirectory (RaftStorageDirectoryImpl.java:tryLock(230)) - Lock on /home/runner/work/ozone/ozone/mnt/ozone/hadoop-ozone/integration-test/target/test-dir/MiniOzoneClusterImpl-1c236c99-c7c8-4b90-98b3-6d50a358b8d8/scmNode-1/scm-ha/1c236c99-c7c8-4b90-98b3-6d50a358b8d8/in_use.lock acquired by nodename 1209@fv-az12-803
2021-07-27 14:59:46,965 [pool-1-thread-1] INFO  storage.RaftStorage (RaftStorageImpl.java:format(89)) - Storage directory /home/runner/work/ozone/ozone/mnt/ozone/hadoop-ozone/integration-test/target/test-dir/MiniOzoneClusterImpl-1c236c99-c7c8-4b90-98b3-6d50a358b8d8/scmNode-1/scm-ha/1c236c99-c7c8-4b90-98b3-6d50a358b8d8 has been successfully formatted.
2021-07-27 14:59:46,967 [pool-1-thread-1] INFO  server.RaftServerConfigKeys (ConfUtils.java:logGet(44)) - raft.server.notification.no-leader.timeout = 60s (default)
2021-07-27 14:59:46,969 [pool-1-thread-1] INFO  server.RaftServerConfigKeys (ConfUtils.java:logGet(44)) - raft.server.log.use.memory = false (default)
2021-07-27 14:59:46,975 [pool-1-thread-1] INFO  server.RaftServerConfigKeys (ConfUtils.java:logGet(44)) - raft.server.log.purge.gap = 5 (custom)
2021-07-27 14:59:46,976 [pool-1-thread-1] INFO  server.RaftServerConfigKeys (ConfUtils.java:logGet(44)) - raft.server.log.appender.buffer.byte-limit = 33554432 (custom)
2021-07-27 14:59:46,983 [pool-1-thread-1] INFO  metrics.MetricRegistries (MetricRegistriesLoader.java:load(64)) - Loaded MetricRegistries class org.apache.ratis.metrics.impl.MetricRegistriesImpl
2021-07-27 14:59:47,048 [pool-1-thread-1] INFO  server.RaftServerConfigKeys (ConfUtils.java:logGet(44)) - raft.server.log.segment.size.max = 16384 (custom)
2021-07-27 14:59:47,055 [pool-1-thread-1] INFO  server.RaftServerConfigKeys (ConfUtils.java:logGet(44)) - raft.server.log.segment.cache.num.max = 2 (custom)
2021-07-27 14:59:47,056 [pool-1-thread-1] INFO  server.RaftServerConfigKeys (ConfUtils.java:logGet(44)) - raft.server.log.segment.cache.size.max = 200MB (=209715200) (default)
2021-07-27 14:59:47,061 [pool-1-thread-1] INFO  segmented.SegmentedRaftLogWorker (SegmentedRaftLogWorker.java:<init>(182)) - new b07764cb-34df-45d7-9560-8ac949593b7a@group-6D50A358B8D8-SegmentedRaftLogWorker for RaftStorageImpl:Storage Directory /home/runner/work/ozone/ozone/mnt/ozone/hadoop-ozone/integration-test/target/test-dir/MiniOzoneClusterImpl-1c236c99-c7c8-4b90-98b3-6d50a358b8d8/scmNode-1/scm-ha/1c236c99-c7c8-4b90-98b3-6d50a358b8d8
2021-07-27 14:59:47,061 [pool-1-thread-1] INFO  server.RaftServerConfigKeys (ConfUtils.java:logGet(44)) - raft.server.log.queue.byte-limit = 64MB (=67108864) (default)
2021-07-27 14:59:47,062 [pool-1-thread-1] INFO  server.RaftServerConfigKeys (ConfUtils.java:logGet(44)) - raft.server.log.queue.element-limit = 4096 (default)
2021-07-27 14:59:47,062 [pool-1-thread-1] INFO  server.RaftServerConfigKeys (ConfUtils.java:logGet(44)) - raft.server.log.segment.size.max = 16384 (custom)
2021-07-27 14:59:47,063 [pool-1-thread-1] INFO  server.RaftServerConfigKeys (ConfUtils.java:logGet(44)) - raft.server.log.preallocated.size = 16384 (custom)
2021-07-27 14:59:47,063 [pool-1-thread-1] INFO  server.RaftServerConfigKeys (ConfUtils.java:logGet(44)) - raft.server.log.force.sync.num = 128 (default)
2021-07-27 14:59:47,064 [pool-1-thread-1] INFO  server.RaftServerConfigKeys (ConfUtils.java:logGet(44)) - raft.server.log.statemachine.data.sync = true (default)
2021-07-27 14:59:47,064 [pool-1-thread-1] INFO  server.RaftServerConfigKeys (ConfUtils.java:logGet(44)) - raft.server.log.statemachine.data.sync.timeout = 10s (default)
2021-07-27 14:59:47,065 [pool-1-thread-1] INFO  server.RaftServerConfigKeys (ConfUtils.java:logGet(44)) - raft.server.log.statemachine.data.sync.timeout.retry = -1 (default)
2021-07-27 14:59:47,071 [pool-1-thread-1] INFO  server.RaftServerConfigKeys (ConfUtils.java:logGet(44)) - raft.server.log.write.buffer.size = 64KB (=65536) (default)
2021-07-27 14:59:47,072 [pool-1-thread-1] INFO  server.RaftServerConfigKeys (ConfUtils.java:logGet(44)) - raft.server.log.statemachine.data.caching.enabled = false (default)
2021-07-27 14:59:47,077 [pool-1-thread-1] INFO  segmented.SegmentedRaftLogWorker (SegmentedRaftLogWorker.java:lambda$new$0(133)) - b07764cb-34df-45d7-9560-8ac949593b7a@group-6D50A358B8D8-SegmentedRaftLogWorker: flushIndex: setUnconditionally 0 -> -1
2021-07-27 14:59:47,077 [pool-1-thread-1] INFO  segmented.SegmentedRaftLogWorker (SegmentedRaftLogWorker.java:lambda$new$0(133)) - b07764cb-34df-45d7-9560-8ac949593b7a@group-6D50A358B8D8-SegmentedRaftLogWorker: safeCacheEvictIndex: setUnconditionally 0 -> -1
2021-07-27 14:59:47,080 [pool-1-thread-1] INFO  server.RaftServerConfigKeys (ConfUtils.java:logGet(44)) - raft.server.snapshot.auto.trigger.enabled = true (custom)
2021-07-27 14:59:47,080 [pool-1-thread-1] INFO  server.RaftServerConfigKeys (ConfUtils.java:logGet(44)) - raft.server.snapshot.auto.trigger.threshold = 5 (custom)
2021-07-27 14:59:47,081 [pool-1-thread-1] INFO  server.RaftServerConfigKeys (ConfUtils.java:logGet(44)) - raft.server.snapshot.retention.file.num = -1 (default)
2021-07-27 14:59:47,081 [pool-1-thread-1] INFO  server.RaftServerConfigKeys (ConfUtils.java:logGet(44)) - raft.server.log.purge.upto.snapshot.index = true (custom)
2021-07-27 14:59:47,082 [pool-1-thread-1] INFO  server.RaftServerConfigKeys (ConfUtils.java:logGet(44)) - raft.server.retrycache.expirytime = 60000ms (default)
2021-07-27 14:59:47,083 [pool-1-thread-1] INFO  server.RaftServerConfigKeys (ConfUtils.java:logGet(44)) - raft.server.retrycache.statistics.expirytime = 100μs (default)
2021-07-27 14:59:47,107 [main] INFO  server.RaftServer$Division (RaftServerImpl.java:start(296)) - b07764cb-34df-45d7-9560-8ac949593b7a@group-6D50A358B8D8: start as a follower, conf=-1: [b07764cb-34df-45d7-9560-8ac949593b7a|rpc:localhost:15416|priority:0], old=null
2021-07-27 14:59:47,108 [main] INFO  server.RaftServer$Division (RaftServerImpl.java:setRole(285)) - b07764cb-34df-45d7-9560-8ac949593b7a@group-6D50A358B8D8: changes role from      null to FOLLOWER at term 0 for startAsFollower
2021-07-27 14:59:47,109 [main] INFO  impl.RoleInfo (RoleInfo.java:updateAndGet(130)) - b07764cb-34df-45d7-9560-8ac949593b7a: start b07764cb-34df-45d7-9560-8ac949593b7a@group-6D50A358B8D8-FollowerState
2021-07-27 14:59:47,111 [main] INFO  util.JmxRegister (JmxRegister.java:tryRegister(44)) - Successfully registered JMX Bean with object name Ratis:service=RaftServer,group=group-6D50A358B8D8,id=b07764cb-34df-45d7-9560-8ac949593b7a
2021-07-27 14:59:47,112 [main] INFO  server.RaftServer (RaftServerProxy.java:lambda$start$5(374)) - b07764cb-34df-45d7-9560-8ac949593b7a: start RPC server
2021-07-27 14:59:47,146 [main] INFO  server.GrpcService (GrpcService.java:startImpl(253)) - b07764cb-34df-45d7-9560-8ac949593b7a: GrpcService started, listening on 15416
2021-07-27 14:59:47,150 [org.apache.ratis.util.JvmPauseMonitor$$Lambda$499/841483227@56ba8773] INFO  util.JvmPauseMonitor (JvmPauseMonitor.java:run(103)) - JvmPauseMonitor-b07764cb-34df-45d7-9560-8ac949593b7a: Started
2021-07-27 14:59:52,182 [b07764cb-34df-45d7-9560-8ac949593b7a@group-6D50A358B8D8-FollowerState] INFO  impl.FollowerState (FollowerState.java:run(134)) - b07764cb-34df-45d7-9560-8ac949593b7a@group-6D50A358B8D8-FollowerState: change to CANDIDATE, lastRpcElapsedTime:5073200667ns, electionTimeout:5068ms
2021-07-27 14:59:52,183 [b07764cb-34df-45d7-9560-8ac949593b7a@group-6D50A358B8D8-FollowerState] INFO  impl.RoleInfo (RoleInfo.java:shutdownFollowerState(108)) - b07764cb-34df-45d7-9560-8ac949593b7a: shutdown b07764cb-34df-45d7-9560-8ac949593b7a@group-6D50A358B8D8-FollowerState
2021-07-27 14:59:52,183 [b07764cb-34df-45d7-9560-8ac949593b7a@group-6D50A358B8D8-FollowerState] INFO  server.RaftServer$Division (RaftServerImpl.java:setRole(285)) - b07764cb-34df-45d7-9560-8ac949593b7a@group-6D50A358B8D8: changes role from  FOLLOWER to CANDIDATE at term 0 for changeToCandidate
2021-07-27 14:59:52,185 [b07764cb-34df-45d7-9560-8ac949593b7a@group-6D50A358B8D8-FollowerState] INFO  server.RaftServerConfigKeys (ConfUtils.java:logGet(44)) - raft.server.leaderelection.pre-vote = false (custom)
2021-07-27 14:59:52,185 [b07764cb-34df-45d7-9560-8ac949593b7a@group-6D50A358B8D8-FollowerState] INFO  impl.RoleInfo (RoleInfo.java:updateAndGet(130)) - b07764cb-34df-45d7-9560-8ac949593b7a: start b07764cb-34df-45d7-9560-8ac949593b7a@group-6D50A358B8D8-LeaderElection1
2021-07-27 14:59:52,189 [b07764cb-34df-45d7-9560-8ac949593b7a@group-6D50A358B8D8-LeaderElection1] INFO  impl.LeaderElection (LeaderElection.java:askForVotes(306)) - b07764cb-34df-45d7-9560-8ac949593b7a@group-6D50A358B8D8-LeaderElection1 ELECTION round 0: submit vote requests at term 1 for -1: [b07764cb-34df-45d7-9560-8ac949593b7a|rpc:localhost:15416|priority:0], old=null
2021-07-27 14:59:52,190 [b07764cb-34df-45d7-9560-8ac949593b7a@group-6D50A358B8D8-LeaderElection1] INFO  impl.LeaderElection (LeaderElection.java:askForVotes(308)) - b07764cb-34df-45d7-9560-8ac949593b7a@group-6D50A358B8D8-LeaderElection1 ELECTION round 0: result PASSED (term=1)
2021-07-27 14:59:52,191 [b07764cb-34df-45d7-9560-8ac949593b7a@group-6D50A358B8D8-LeaderElection1] INFO  impl.RoleInfo (RoleInfo.java:shutdownLeaderElection(121)) - b07764cb-34df-45d7-9560-8ac949593b7a: shutdown b07764cb-34df-45d7-9560-8ac949593b7a@group-6D50A358B8D8-LeaderElection1
2021-07-27 14:59:52,191 [b07764cb-34df-45d7-9560-8ac949593b7a@group-6D50A358B8D8-LeaderElection1] INFO  server.RaftServer$Division (RaftServerImpl.java:setRole(285)) - b07764cb-34df-45d7-9560-8ac949593b7a@group-6D50A358B8D8: changes role from CANDIDATE to LEADER at term 1 for changeToLeader
2021-07-27 14:59:52,192 [b07764cb-34df-45d7-9560-8ac949593b7a@group-6D50A358B8D8-LeaderElection1] INFO  server.RaftServer$Division (ServerState.java:setLeader(285)) - b07764cb-34df-45d7-9560-8ac949593b7a@group-6D50A358B8D8: change Leader from null to b07764cb-34df-45d7-9560-8ac949593b7a at term 1 for becomeLeader, leader elected after 5224ms
2021-07-27 14:59:52,196 [b07764cb-34df-45d7-9560-8ac949593b7a@group-6D50A358B8D8-LeaderElection1] INFO  server.RaftServerConfigKeys (ConfUtils.java:logGet(44)) - raft.server.staging.catchup.gap = 1000 (default)
2021-07-27 14:59:52,200 [b07764cb-34df-45d7-9560-8ac949593b7a@group-6D50A358B8D8-LeaderElection1] INFO  server.RaftServerConfigKeys (ConfUtils.java:logGet(44)) - raft.server.write.element-limit = 4096 (default)
2021-07-27 14:59:52,201 [b07764cb-34df-45d7-9560-8ac949593b7a@group-6D50A358B8D8-LeaderElection1] INFO  server.RaftServerConfigKeys (ConfUtils.java:logGet(44)) - raft.server.write.byte-limit = 64MB (=67108864) (default)
2021-07-27 14:59:52,209 [b07764cb-34df-45d7-9560-8ac949593b7a@group-6D50A358B8D8-LeaderElection1] INFO  server.RaftServerConfigKeys (ConfUtils.java:logGet(44)) - raft.server.watch.timeout = 10s (default)
2021-07-27 14:59:52,210 [b07764cb-34df-45d7-9560-8ac949593b7a@group-6D50A358B8D8-LeaderElection1] INFO  server.RaftServerConfigKeys (ConfUtils.java:logGet(44)) - raft.server.watch.timeout.denomination = 1s (default)
2021-07-27 14:59:52,211 [b07764cb-34df-45d7-9560-8ac949593b7a@group-6D50A358B8D8-LeaderElection1] INFO  server.RaftServerConfigKeys (ConfUtils.java:logGet(44)) - raft.server.watch.element-limit = 65536 (default)
2021-07-27 14:59:52,217 [b07764cb-34df-45d7-9560-8ac949593b7a@group-6D50A358B8D8-LeaderElection1] INFO  impl.RoleInfo (RoleInfo.java:updateAndGet(130)) - b07764cb-34df-45d7-9560-8ac949593b7a: start b07764cb-34df-45d7-9560-8ac949593b7a@group-6D50A358B8D8-LeaderStateImpl
2021-07-27 14:59:52,236 [b07764cb-34df-45d7-9560-8ac949593b7a@group-6D50A358B8D8-LeaderElection1] INFO  segmented.SegmentedRaftLogWorker (SegmentedRaftLogWorker.java:startLogSegment(394)) - b07764cb-34df-45d7-9560-8ac949593b7a@group-6D50A358B8D8-SegmentedRaftLogWorker: Starting segment from index:0
2021-07-27 14:59:52,260 [b07764cb-34df-45d7-9560-8ac949593b7a@group-6D50A358B8D8-LeaderElection1] INFO  server.RaftServer$Division (ServerState.java:setRaftConf(387)) - b07764cb-34df-45d7-9560-8ac949593b7a@group-6D50A358B8D8: set configuration 0: [b07764cb-34df-45d7-9560-8ac949593b7a|rpc:localhost:15416|admin:|client:|dataStream:|priority:0], old=null
2021-07-27 14:59:52,320 [b07764cb-34df-45d7-9560-8ac949593b7a@group-6D50A358B8D8-SegmentedRaftLogWorker] INFO  segmented.SegmentedRaftLogWorker (SegmentedRaftLogWorker.java:execute(601)) - b07764cb-34df-45d7-9560-8ac949593b7a@group-6D50A358B8D8-SegmentedRaftLogWorker: created new log segment /home/runner/work/ozone/ozone/mnt/ozone/hadoop-ozone/integration-test/target/test-dir/MiniOzoneClusterImpl-1c236c99-c7c8-4b90-98b3-6d50a358b8d8/scmNode-1/scm-ha/1c236c99-c7c8-4b90-98b3-6d50a358b8d8/current/log_inprogress_0
2021-07-27 14:59:53,152 [main] INFO  server.RaftServer (RaftServerProxy.java:lambda$close$6(391)) - b07764cb-34df-45d7-9560-8ac949593b7a: close
2021-07-27 14:59:53,154 [main] INFO  server.RaftServer$Division (RaftServerImpl.java:lambda$close$4(407)) - b07764cb-34df-45d7-9560-8ac949593b7a@group-6D50A358B8D8: shutdown
2021-07-27 14:59:53,154 [main] INFO  util.JmxRegister (JmxRegister.java:unregister(73)) - Successfully un-registered JMX Bean with object name Ratis:service=RaftServer,group=group-6D50A358B8D8,id=b07764cb-34df-45d7-9560-8ac949593b7a
2021-07-27 14:59:53,154 [main] INFO  impl.RoleInfo (RoleInfo.java:shutdownLeaderState(91)) - b07764cb-34df-45d7-9560-8ac949593b7a: shutdown b07764cb-34df-45d7-9560-8ac949593b7a@group-6D50A358B8D8-LeaderStateImpl
2021-07-27 14:59:53,159 [main] INFO  impl.PendingRequests (PendingRequests.java:sendNotLeaderResponses(249)) - b07764cb-34df-45d7-9560-8ac949593b7a@group-6D50A358B8D8-PendingRequests: sendNotLeaderResponses
2021-07-27 14:59:53,162 [b07764cb-34df-45d7-9560-8ac949593b7a@group-6D50A358B8D8-StateMachineUpdater] INFO  impl.StateMachineUpdater (StateMachineUpdater.java:takeSnapshot(281)) - b07764cb-34df-45d7-9560-8ac949593b7a@group-6D50A358B8D8-StateMachineUpdater: Took a snapshot at index 0
2021-07-27 14:59:53,162 [b07764cb-34df-45d7-9560-8ac949593b7a@group-6D50A358B8D8-StateMachineUpdater] INFO  impl.StateMachineUpdater (StateMachineUpdater.java:lambda$new$0(89)) - b07764cb-34df-45d7-9560-8ac949593b7a@group-6D50A358B8D8-StateMachineUpdater: snapshotIndex: updateIncreasingly -1 -> 0
2021-07-27 14:59:53,162 [main] INFO  impl.StateMachineUpdater (StateMachineUpdater.java:stopAndJoin(149)) - b07764cb-34df-45d7-9560-8ac949593b7a@group-6D50A358B8D8-StateMachineUpdater: set stopIndex = 0
2021-07-27 14:59:53,163 [main] INFO  server.RaftServer$Division (ServerState.java:close(419)) - b07764cb-34df-45d7-9560-8ac949593b7a@group-6D50A358B8D8: closes. applyIndex: 0
2021-07-27 14:59:53,164 [b07764cb-34df-45d7-9560-8ac949593b7a@group-6D50A358B8D8-SegmentedRaftLogWorker] INFO  segmented.SegmentedRaftLogWorker (SegmentedRaftLogWorker.java:run(327)) - b07764cb-34df-45d7-9560-8ac949593b7a@group-6D50A358B8D8-SegmentedRaftLogWorker was interrupted, exiting. There are 0 tasks remaining in the queue.
2021-07-27 14:59:53,166 [main] INFO  segmented.SegmentedRaftLogWorker (SegmentedRaftLogWorker.java:close(237)) - b07764cb-34df-45d7-9560-8ac949593b7a@group-6D50A358B8D8-SegmentedRaftLogWorker close()
2021-07-27 14:59:53,167 [main] INFO  server.GrpcService (GrpcService.java:closeImpl(262)) - b07764cb-34df-45d7-9560-8ac949593b7a: shutdown server with port 15416 now
2021-07-27 14:59:53,176 [main] INFO  server.GrpcService (GrpcService.java:closeImpl(271)) - b07764cb-34df-45d7-9560-8ac949593b7a: shutdown server with port 15416 successfully
2021-07-27 14:59:53,176 [org.apache.ratis.util.JvmPauseMonitor$$Lambda$499/841483227@56ba8773] INFO  util.JvmPauseMonitor (JvmPauseMonitor.java:run(109)) - JvmPauseMonitor-b07764cb-34df-45d7-9560-8ac949593b7a: Stopped
2021-07-27 14:59:53,176 [main] WARN  server.ServerUtils (ServerUtils.java:getScmDbDir(148)) - ozone.scm.db.dirs is not configured. We recommend adding this setting. Falling back to ozone.metadata.dirs instead.
2021-07-27 14:59:53,179 [main] INFO  server.StorageContainerManager (StorageContainerManager.java:scmInit(1018)) - SCM initialization succeeded. Current cluster id for sd=/home/runner/work/ozone/ozone/mnt/ozone/hadoop-ozone/integration-test/target/test-dir/MiniOzoneClusterImpl-1c236c99-c7c8-4b90-98b3-6d50a358b8d8/scmNode-1/scm; cid=1c236c99-c7c8-4b90-98b3-6d50a358b8d8; layoutVersion=2; scmId=b07764cb-34df-45d7-9560-8ac949593b7a
2021-07-27 14:59:53,187 [main] INFO  ha.SCMHANodeDetails (SCMHANodeDetails.java:loadSCMHAConfig(157)) - ServiceID for StorageContainerManager is scm-service-test1
2021-07-27 14:59:53,188 [main] INFO  ha.SCMHANodeDetails (SCMHANodeDetails.java:loadSCMHAConfig(168)) - ServiceID for StorageContainerManager is scm-service-test1
2021-07-27 14:59:53,188 [main] WARN  scm.ScmUtils (ScmUtils.java:logWarn(179)) - ConfigKey ozone.scm.block.client.address is deprecated, For configuring different ports for each SCM use PortConfigKey ozone.scm.block.client.port appended with serviceId and nodeId. If want to configure same port configure ozone.scm.block.client.port
2021-07-27 14:59:53,188 [main] WARN  scm.ScmUtils (ScmUtils.java:logWarn(179)) - ConfigKey ozone.scm.client.address is deprecated, For configuring different ports for each SCM use PortConfigKey ozone.scm.client.port appended with serviceId and nodeId. If want to configure same port configure ozone.scm.client.port
2021-07-27 14:59:53,188 [main] WARN  scm.ScmUtils (ScmUtils.java:logWarn(179)) - ConfigKey ozone.scm.datanode.address is deprecated, For configuring different ports for each SCM use PortConfigKey ozone.scm.datanode.port appended with serviceId and nodeId. If want to configure same port configure ozone.scm.datanode.port
2021-07-27 14:59:53,189 [main] WARN  scm.ScmUtils (ScmUtils.java:logWarn(179)) - ConfigKey ozone.scm.block.client.address is deprecated, For configuring different ports for each SCM use PortConfigKey ozone.scm.block.client.port appended with serviceId and nodeId. If want to configure same port configure ozone.scm.block.client.port
2021-07-27 14:59:53,189 [main] WARN  scm.ScmUtils (ScmUtils.java:logWarn(179)) - ConfigKey ozone.scm.client.address is deprecated, For configuring different ports for each SCM use PortConfigKey ozone.scm.client.port appended with serviceId and nodeId. If want to configure same port configure ozone.scm.client.port
2021-07-27 14:59:53,189 [main] WARN  scm.ScmUtils (ScmUtils.java:logWarn(179)) - ConfigKey ozone.scm.datanode.address is deprecated, For configuring different ports for each SCM use PortConfigKey ozone.scm.datanode.port appended with serviceId and nodeId. If want to configure same port configure ozone.scm.datanode.port
2021-07-27 14:59:53,190 [main] INFO  ha.SCMHANodeDetails (SCMHANodeDetails.java:loadSCMHAConfig(250)) - Found matching SCM address with SCMServiceId: scm-service-test1, SCMNodeId: scmNode-1, RPC Address: localhost:15416 and Ratis port: 15416
2021-07-27 14:59:53,190 [main] INFO  ha.SCMHANodeDetails (ConfUtils.java:setNodeSpecificConfigs(108)) - Setting configuration key ozone.scm.datanode.address with value of key ozone.scm.datanode.address.scm-service-test1.scmNode-1: 127.0.0.1:15417
2021-07-27 14:59:53,190 [main] INFO  ha.SCMHANodeDetails (ConfUtils.java:setNodeSpecificConfigs(108)) - Setting configuration key ozone.scm.block.client.address with value of key ozone.scm.block.client.address.scm-service-test1.scmNode-1: 127.0.0.1:15418
2021-07-27 14:59:53,190 [main] INFO  ha.SCMHANodeDetails (ConfUtils.java:setNodeSpecificConfigs(108)) - Setting configuration key ozone.scm.client.address with value of key ozone.scm.client.address.scm-service-test1.scmNode-1: 127.0.0.1:15419
2021-07-27 14:59:53,190 [main] INFO  ha.SCMHANodeDetails (ConfUtils.java:setNodeSpecificConfigs(108)) - Setting configuration key ozone.scm.ratis.port with value of key ozone.scm.ratis.port.scm-service-test1.scmNode-1: 15416
2021-07-27 14:59:53,190 [main] INFO  ha.SCMHANodeDetails (ConfUtils.java:setNodeSpecificConfigs(108)) - Setting configuration key ozone.scm.grpc.port with value of key ozone.scm.grpc.port.scm-service-test1.scmNode-1: 15420
2021-07-27 14:59:53,191 [main] INFO  ha.SCMHANodeDetails (ConfUtils.java:setNodeSpecificConfigs(108)) - Setting configuration key ozone.scm.http-address with value of key ozone.scm.http-address.scm-service-test1.scmNode-1: 127.0.0.1:15414
2021-07-27 14:59:53,191 [main] INFO  ha.SCMHANodeDetails (ConfUtils.java:setNodeSpecificConfigs(108)) - Setting configuration key ozone.scm.https-address with value of key ozone.scm.https-address.scm-service-test1.scmNode-1: 127.0.0.1:15415
2021-07-27 14:59:53,191 [main] INFO  ha.SCMHANodeDetails (ConfUtils.java:setNodeSpecificConfigs(108)) - Setting configuration key ozone.scm.address with value of key ozone.scm.address.scm-service-test1.scmNode-1: 127.0.0.1
2021-07-27 14:59:53,191 [main] WARN  scm.ScmUtils (ScmUtils.java:logWarn(179)) - ConfigKey ozone.scm.block.client.address is deprecated, For configuring different ports for each SCM use PortConfigKey ozone.scm.block.client.port appended with serviceId and nodeId. If want to configure same port configure ozone.scm.block.client.port
2021-07-27 14:59:53,191 [main] WARN  scm.ScmUtils (ScmUtils.java:logWarn(179)) - ConfigKey ozone.scm.client.address is deprecated, For configuring different ports for each SCM use PortConfigKey ozone.scm.client.port appended with serviceId and nodeId. If want to configure same port configure ozone.scm.client.port
2021-07-27 14:59:53,191 [main] WARN  scm.ScmUtils (ScmUtils.java:logWarn(179)) - ConfigKey ozone.scm.datanode.address is deprecated, For configuring different ports for each SCM use PortConfigKey ozone.scm.datanode.port appended with serviceId and nodeId. If want to configure same port configure ozone.scm.datanode.port
2021-07-27 14:59:53,210 [main] WARN  server.ServerUtils (ServerUtils.java:getScmDbDir(148)) - ozone.scm.db.dirs is not configured. We recommend adding this setting. Falling back to ozone.metadata.dirs instead.
2021-07-27 14:59:53,211 [main] INFO  upgrade.AbstractLayoutVersionManager (AbstractLayoutVersionManager.java:init(70)) - Initializing Layout version manager with metadata layout = SCM_HA (version = 2), software layout = SCM_HA (version = 2)
2021-07-27 14:59:53,328 [main] INFO  reflections.Reflections (Reflections.java:scan(232)) - Reflections took 96 ms to scan 7 urls, producing 119 keys and 271 values 
2021-07-27 14:59:53,786 [main] WARN  utils.HAUtils (HAUtils.java:getMetaDir(342)) - ozone.scm.db.dirs is not configured. We recommend adding this setting. Falling back to ozone.metadata.dirs instead.
2021-07-27 14:59:53,905 [main] WARN  db.DBStoreBuilder (DBStoreBuilder.java:applyDBDefinition(145)) - ozone.scm.db.dirs is not configured. We recommend adding this setting. Falling back to ozone.metadata.dirs instead.
2021-07-27 14:59:54,025 [main] INFO  net.NodeSchemaLoader (NodeSchemaLoader.java:loadSchemaFromFile(129)) - Loading schema from [jar:file:/home/runner/.m2/repository/org/apache/ozone/hdds-common/1.2.0-SNAPSHOT/hdds-common-1.2.0-SNAPSHOT.jar!/network-topology-default.xml]
2021-07-27 14:59:54,027 [main] INFO  net.NodeSchemaLoader (NodeSchemaLoader.java:loadSchema(176)) - Loading network topology layer schema file
2021-07-27 14:59:54,062 [main] INFO  ha.SCMRatisServerImpl (SCMRatisServerImpl.java:<init>(85)) - starting Raft server for scm:b07764cb-34df-45d7-9560-8ac949593b7a
2021-07-27 14:59:54,066 [main] INFO  server.RaftServer (ConfUtils.java:logGet(44)) - raft.rpc.type = GRPC (default)
2021-07-27 14:59:54,066 [main] INFO  grpc.GrpcFactory (GrpcFactory.java:checkPooledByteBufAllocatorUseCacheForAllThreads(48)) - PERFORMANCE WARNING: useCacheForAllThreads is true that may cause Netty to create a lot garbage objects and, as a result, trigger GC.
	It is recommended to disable useCacheForAllThreads by setting -Dorg.apache.ratis.thirdparty.io.netty.allocator.useCacheForAllThreads=false in command line.
2021-07-27 14:59:54,066 [main] INFO  grpc.GrpcConfigKeys (ConfUtils.java:logGet(44)) - raft.grpc.admin.port = -1 (default)
2021-07-27 14:59:54,067 [main] INFO  grpc.GrpcConfigKeys (ConfUtils.java:logGet(44)) - raft.grpc.server.port = 15416 (custom)
2021-07-27 14:59:54,067 [main] INFO  grpc.GrpcConfigKeys (ConfUtils.java:logGet(44)) - raft.grpc.client.port = -1 (default)
2021-07-27 14:59:54,067 [main] INFO  grpc.GrpcConfigKeys (ConfUtils.java:logGet(44)) - raft.grpc.server.port = 15416 (custom)
2021-07-27 14:59:54,067 [main] INFO  grpc.GrpcConfigKeys (ConfUtils.java:logGet(44)) - raft.grpc.server.port = 15416 (custom)
2021-07-27 14:59:54,067 [main] INFO  server.GrpcService (ConfUtils.java:logGet(44)) - raft.grpc.message.size.max = 32m (=33554432) (custom)
2021-07-27 14:59:54,067 [main] INFO  server.RaftServerConfigKeys (ConfUtils.java:logGet(44)) - raft.server.log.appender.buffer.byte-limit = 33554432 (custom)
2021-07-27 14:59:54,068 [main] INFO  server.GrpcService (ConfUtils.java:logGet(44)) - raft.grpc.flow.control.window = 1MB (=1048576) (default)
2021-07-27 14:59:54,068 [main] INFO  server.RaftServerConfigKeys (ConfUtils.java:logGet(44)) - raft.server.rpc.request.timeout = 30000ms (custom)
2021-07-27 14:59:54,069 [main] INFO  impl.DataStreamServerImpl (ConfUtils.java:logGet(44)) - raft.datastream.type = DISABLED (default)
2021-07-27 14:59:54,069 [main] INFO  server.RaftServerConfigKeys (ConfUtils.java:logGet(44)) - raft.server.rpc.slowness.timeout = 120000ms (custom)
2021-07-27 14:59:54,069 [main] INFO  server.RaftServerConfigKeys (ConfUtils.java:logGet(44)) - raft.server.leaderelection.leader.step-down.wait-time = 10s (default)
2021-07-27 14:59:54,070 [main] INFO  server.RaftServerConfigKeys (ConfUtils.java:logGet(44)) - raft.server.storage.dir = [/home/runner/work/ozone/ozone/mnt/ozone/hadoop-ozone/integration-test/target/test-dir/MiniOzoneClusterImpl-1c236c99-c7c8-4b90-98b3-6d50a358b8d8/scmNode-1/scm-ha] (custom)
2021-07-27 14:59:54,070 [main] INFO  server.RaftServer (RaftServerProxy.java:lambda$null$1(235)) - b07764cb-34df-45d7-9560-8ac949593b7a: found a subdirectory /home/runner/work/ozone/ozone/mnt/ozone/hadoop-ozone/integration-test/target/test-dir/MiniOzoneClusterImpl-1c236c99-c7c8-4b90-98b3-6d50a358b8d8/scmNode-1/scm-ha/1c236c99-c7c8-4b90-98b3-6d50a358b8d8
2021-07-27 14:59:54,071 [main] INFO  server.RaftServer (RaftServerProxy.java:addNew(95)) - b07764cb-34df-45d7-9560-8ac949593b7a: addNew group-6D50A358B8D8:[] returns group-6D50A358B8D8:java.util.concurrent.CompletableFuture@5c6a5192[Not completed]
2021-07-27 14:59:54,074 [pool-15-thread-1] INFO  server.RaftServer$Division (RaftServerImpl.java:<init>(181)) - b07764cb-34df-45d7-9560-8ac949593b7a: new RaftServerImpl for group-6D50A358B8D8:[] with SCMStateMachine:uninitialized
2021-07-27 14:59:54,074 [pool-15-thread-1] INFO  server.RaftServerConfigKeys (ConfUtils.java:logGet(44)) - raft.server.rpc.timeout.min = 5000ms (custom)
2021-07-27 14:59:54,074 [pool-15-thread-1] INFO  server.RaftServerConfigKeys (ConfUtils.java:logGet(44)) - raft.server.rpc.timeout.max = 5200ms (custom)
2021-07-27 14:59:54,074 [pool-15-thread-1] INFO  server.RaftServerConfigKeys (ConfUtils.java:logGet(44)) - raft.server.rpc.sleep.time = 25ms (default)
2021-07-27 14:59:54,075 [pool-15-thread-1] INFO  server.RaftServerConfigKeys (ConfUtils.java:logGet(44)) - raft.server.rpc.slowness.timeout = 120000ms (custom)
2021-07-27 14:59:54,075 [pool-15-thread-1] INFO  server.RaftServerConfigKeys (ConfUtils.java:logGet(44)) - raft.server.leaderelection.leader.step-down.wait-time = 10s (default)
2021-07-27 14:59:54,075 [pool-15-thread-1] INFO  server.RaftServerConfigKeys (ConfUtils.java:logGet(44)) - raft.server.sleep.deviation.threshold = 300ms (default)
2021-07-27 14:59:54,075 [pool-15-thread-1] INFO  server.RaftServerConfigKeys (ConfUtils.java:logGet(44)) - raft.server.log.appender.install.snapshot.enabled = false (custom)
2021-07-27 14:59:54,075 [pool-15-thread-1] INFO  server.RaftServer$Division (ServerState.java:<init>(105)) - b07764cb-34df-45d7-9560-8ac949593b7a@group-6D50A358B8D8: ConfigurationManager, init=-1: [], old=null, confs=<EMPTY_MAP>
2021-07-27 14:59:54,075 [pool-15-thread-1] INFO  server.RaftServerConfigKeys (ConfUtils.java:logGet(44)) - raft.server.storage.dir = [/home/runner/work/ozone/ozone/mnt/ozone/hadoop-ozone/integration-test/target/test-dir/MiniOzoneClusterImpl-1c236c99-c7c8-4b90-98b3-6d50a358b8d8/scmNode-1/scm-ha] (custom)
2021-07-27 14:59:54,075 [pool-15-thread-1] INFO  server.RaftServerConfigKeys (ConfUtils.java:logGet(44)) - raft.server.log.corruption.policy = EXCEPTION (default)
2021-07-27 14:59:54,075 [pool-15-thread-1] INFO  server.RaftServerConfigKeys (ConfUtils.java:logGet(44)) - raft.server.storage.free-space.min = 0MB (=0) (default)
2021-07-27 14:59:54,076 [pool-15-thread-1] INFO  storage.RaftStorageDirectory (RaftStorageDirectoryImpl.java:tryLock(230)) - Lock on /home/runner/work/ozone/ozone/mnt/ozone/hadoop-ozone/integration-test/target/test-dir/MiniOzoneClusterImpl-1c236c99-c7c8-4b90-98b3-6d50a358b8d8/scmNode-1/scm-ha/1c236c99-c7c8-4b90-98b3-6d50a358b8d8/in_use.lock acquired by nodename 1209@fv-az12-803
2021-07-27 14:59:54,077 [pool-15-thread-1] INFO  storage.RaftStorage (RaftStorageImpl.java:analyzeAndRecoverStorage(110)) - Read RaftStorageMetadata{term=1, votedFor=b07764cb-34df-45d7-9560-8ac949593b7a} from /home/runner/work/ozone/ozone/mnt/ozone/hadoop-ozone/integration-test/target/test-dir/MiniOzoneClusterImpl-1c236c99-c7c8-4b90-98b3-6d50a358b8d8/scmNode-1/scm-ha/1c236c99-c7c8-4b90-98b3-6d50a358b8d8/current/raft-meta
2021-07-27 14:59:54,084 [pool-15-thread-1] INFO  server.RaftServer$Division (ServerState.java:setRaftConf(387)) - b07764cb-34df-45d7-9560-8ac949593b7a@group-6D50A358B8D8: set configuration 0: [b07764cb-34df-45d7-9560-8ac949593b7a|rpc:localhost:15416|admin:|client:|dataStream:|priority:0], old=null
2021-07-27 14:59:54,084 [pool-15-thread-1] INFO  server.RaftServerConfigKeys (ConfUtils.java:logGet(44)) - raft.server.notification.no-leader.timeout = 60s (default)
2021-07-27 14:59:54,084 [pool-15-thread-1] INFO  server.RaftServerConfigKeys (ConfUtils.java:logGet(44)) - raft.server.log.use.memory = false (default)
2021-07-27 14:59:54,084 [pool-15-thread-1] INFO  server.RaftServerConfigKeys (ConfUtils.java:logGet(44)) - raft.server.log.purge.gap = 5 (custom)
2021-07-27 14:59:54,084 [pool-15-thread-1] INFO  server.RaftServerConfigKeys (ConfUtils.java:logGet(44)) - raft.server.log.appender.buffer.byte-limit = 33554432 (custom)
2021-07-27 14:59:54,084 [pool-15-thread-1] INFO  server.RaftServerConfigKeys (ConfUtils.java:logGet(44)) - raft.server.log.segment.size.max = 16384 (custom)
2021-07-27 14:59:54,085 [pool-15-thread-1] INFO  server.RaftServerConfigKeys (ConfUtils.java:logGet(44)) - raft.server.log.segment.cache.num.max = 2 (custom)
2021-07-27 14:59:54,085 [pool-15-thread-1] INFO  server.RaftServerConfigKeys (ConfUtils.java:logGet(44)) - raft.server.log.segment.cache.size.max = 200MB (=209715200) (default)
2021-07-27 14:59:54,085 [pool-15-thread-1] INFO  segmented.SegmentedRaftLogWorker (SegmentedRaftLogWorker.java:<init>(182)) - new b07764cb-34df-45d7-9560-8ac949593b7a@group-6D50A358B8D8-SegmentedRaftLogWorker for RaftStorageImpl:Storage Directory /home/runner/work/ozone/ozone/mnt/ozone/hadoop-ozone/integration-test/target/test-dir/MiniOzoneClusterImpl-1c236c99-c7c8-4b90-98b3-6d50a358b8d8/scmNode-1/scm-ha/1c236c99-c7c8-4b90-98b3-6d50a358b8d8
2021-07-27 14:59:54,085 [pool-15-thread-1] INFO  server.RaftServerConfigKeys (ConfUtils.java:logGet(44)) - raft.server.log.queue.byte-limit = 64MB (=67108864) (default)
2021-07-27 14:59:54,085 [pool-15-thread-1] INFO  server.RaftServerConfigKeys (ConfUtils.java:logGet(44)) - raft.server.log.queue.element-limit = 4096 (default)
2021-07-27 14:59:54,085 [pool-15-thread-1] INFO  server.RaftServerConfigKeys (ConfUtils.java:logGet(44)) - raft.server.log.segment.size.max = 16384 (custom)
2021-07-27 14:59:54,085 [pool-15-thread-1] INFO  server.RaftServerConfigKeys (ConfUtils.java:logGet(44)) - raft.server.log.preallocated.size = 16384 (custom)
2021-07-27 14:59:54,085 [pool-15-thread-1] INFO  server.RaftServerConfigKeys (ConfUtils.java:logGet(44)) - raft.server.log.force.sync.num = 128 (default)
2021-07-27 14:59:54,085 [pool-15-thread-1] INFO  server.RaftServerConfigKeys (ConfUtils.java:logGet(44)) - raft.server.log.statemachine.data.sync = true (default)
2021-07-27 14:59:54,085 [pool-15-thread-1] INFO  server.RaftServerConfigKeys (ConfUtils.java:logGet(44)) - raft.server.log.statemachine.data.sync.timeout = 10s (default)
2021-07-27 14:59:54,085 [pool-15-thread-1] INFO  server.RaftServerConfigKeys (ConfUtils.java:logGet(44)) - raft.server.log.statemachine.data.sync.timeout.retry = -1 (default)
2021-07-27 14:59:54,086 [pool-15-thread-1] INFO  server.RaftServerConfigKeys (ConfUtils.java:logGet(44)) - raft.server.log.write.buffer.size = 64KB (=65536) (default)
2021-07-27 14:59:54,086 [pool-15-thread-1] INFO  server.RaftServerConfigKeys (ConfUtils.java:logGet(44)) - raft.server.log.statemachine.data.caching.enabled = false (default)
2021-07-27 14:59:54,091 [pool-15-thread-1] INFO  server.RaftServer$Division (ServerState.java:setRaftConf(387)) - b07764cb-34df-45d7-9560-8ac949593b7a@group-6D50A358B8D8: set configuration 0: [b07764cb-34df-45d7-9560-8ac949593b7a|rpc:localhost:15416|admin:|client:|dataStream:|priority:0], old=null
2021-07-27 14:59:54,091 [pool-15-thread-1] INFO  segmented.LogSegment (LogSegment.java:loadSegment(173)) - Successfully read 1 entries from segment file /home/runner/work/ozone/ozone/mnt/ozone/hadoop-ozone/integration-test/target/test-dir/MiniOzoneClusterImpl-1c236c99-c7c8-4b90-98b3-6d50a358b8d8/scmNode-1/scm-ha/1c236c99-c7c8-4b90-98b3-6d50a358b8d8/current/log_inprogress_0
2021-07-27 14:59:54,092 [pool-15-thread-1] INFO  segmented.SegmentedRaftLogWorker (SegmentedRaftLogWorker.java:lambda$new$0(133)) - b07764cb-34df-45d7-9560-8ac949593b7a@group-6D50A358B8D8-SegmentedRaftLogWorker: flushIndex: setUnconditionally 0 -> 0
2021-07-27 14:59:54,092 [pool-15-thread-1] INFO  segmented.SegmentedRaftLogWorker (SegmentedRaftLogWorker.java:lambda$new$0(133)) - b07764cb-34df-45d7-9560-8ac949593b7a@group-6D50A358B8D8-SegmentedRaftLogWorker: safeCacheEvictIndex: setUnconditionally 0 -> -1
2021-07-27 14:59:54,094 [pool-15-thread-1] INFO  server.RaftServerConfigKeys (ConfUtils.java:logGet(44)) - raft.server.snapshot.auto.trigger.enabled = true (custom)
2021-07-27 14:59:54,094 [pool-15-thread-1] INFO  server.RaftServerConfigKeys (ConfUtils.java:logGet(44)) - raft.server.snapshot.auto.trigger.threshold = 5 (custom)
2021-07-27 14:59:54,094 [pool-15-thread-1] INFO  server.RaftServerConfigKeys (ConfUtils.java:logGet(44)) - raft.server.snapshot.retention.file.num = -1 (default)
2021-07-27 14:59:54,094 [pool-15-thread-1] INFO  server.RaftServerConfigKeys (ConfUtils.java:logGet(44)) - raft.server.log.purge.upto.snapshot.index = true (custom)
2021-07-27 14:59:54,094 [pool-15-thread-1] INFO  server.RaftServerConfigKeys (ConfUtils.java:logGet(44)) - raft.server.retrycache.expirytime = 60000ms (default)
2021-07-27 14:59:54,094 [pool-15-thread-1] INFO  server.RaftServerConfigKeys (ConfUtils.java:logGet(44)) - raft.server.retrycache.statistics.expirytime = 100μs (default)
2021-07-27 14:59:54,096 [main] INFO  ha.SCMSnapshotProvider (SCMSnapshotProvider.java:<init>(66)) - Initializing SCM Snapshot Provider
2021-07-27 14:59:54,097 [main] WARN  server.ServerUtils (ServerUtils.java:getDefaultRatisDirectory(237)) - Storage directory for Ratis is not configured. It is a good idea to map this to an SSD disk. Falling back to ozone.metadata.dirs
2021-07-27 14:59:54,097 [main] WARN  ha.SCMHAUtils (SCMHAUtils.java:getSCMRatisSnapshotDirectory(142)) - SCM snapshot dir is not configured. Falling back to ozone.metadata.dirs config
2021-07-27 14:59:54,119 [main] INFO  ha.SequenceIdGenerator (SequenceIdGenerator.java:upgradeToSequenceId(327)) - upgrade localId to 107544261427200000
2021-07-27 14:59:54,119 [main] INFO  ha.SequenceIdGenerator (SequenceIdGenerator.java:upgradeToSequenceId(337)) - upgrade delTxnId to 0
2021-07-27 14:59:54,122 [main] INFO  ha.SequenceIdGenerator (SequenceIdGenerator.java:upgradeToSequenceId(351)) - upgrade containerId to 0
2021-07-27 14:59:54,216 [main] INFO  ha.SequenceIdGenerator (SequenceIdGenerator.java:<init>(217)) - Init the HA SequenceIdGenerator.
2021-07-27 14:59:54,267 [main] INFO  node.SCMNodeManager (SCMNodeManager.java:<init>(141)) - Entering startup safe mode.
2021-07-27 14:59:54,312 [main] INFO  algorithms.ContainerPlacementPolicyFactory (ContainerPlacementPolicyFactory.java:getPolicy(60)) - Create container placement policy of type org.apache.hadoop.hdds.scm.container.placement.algorithms.SCMContainerPlacementRandom
2021-07-27 14:59:54,323 [main] INFO  pipeline.PipelineStateManager (PipelineStateManagerV2Impl.java:initialize(78)) - No pipeline exists in current db
2021-07-27 14:59:54,349 [main] INFO  algorithms.LeaderChoosePolicyFactory (LeaderChoosePolicyFactory.java:getPolicy(57)) - Create leader choose policy of type org.apache.hadoop.hdds.scm.pipeline.leader.choose.algorithms.MinLeaderCountChoosePolicy
2021-07-27 14:59:54,355 [main] INFO  ha.SCMServiceManager (SCMServiceManager.java:register(43)) - Registering service BackgroundPipelineCreator.
2021-07-27 14:59:54,355 [main] INFO  pipeline.BackgroundPipelineCreator (BackgroundPipelineCreatorV2.java:start(130)) - Starting RatisPipelineUtilsThread.
2021-07-27 14:59:54,378 [main] INFO  algorithms.PipelineChoosePolicyFactory (PipelineChoosePolicyFactory.java:createPipelineChoosePolicyFromClass(73)) - Create pipeline choose policy of type org.apache.hadoop.hdds.scm.pipeline.choose.algorithms.RandomPipelineChoosePolicy
2021-07-27 14:59:54,391 [main] INFO  ha.SCMServiceManager (SCMServiceManager.java:register(43)) - Registering service SCMBlockDeletingService.
2021-07-27 14:59:54,399 [main] INFO  ha.SCMServiceManager (SCMServiceManager.java:register(43)) - Registering service ReplicationManager.
2021-07-27 14:59:54,402 [main] INFO  container.ReplicationManager (ReplicationManager.java:start(286)) - Starting Replication Monitor Thread.
2021-07-27 14:59:54,410 [ReplicationMonitor] INFO  container.ReplicationManager (ReplicationManager.java:processAll(341)) - Replication Monitor Thread took 1 milliseconds for processing 0 containers.
2021-07-27 14:59:54,414 [main] INFO  safemode.ContainerSafeModeRule (ContainerSafeModeRule.java:<init>(89)) - containers with one replica threshold count 0
2021-07-27 14:59:54,417 [main] INFO  safemode.HealthyPipelineSafeModeRule (HealthyPipelineSafeModeRule.java:initializeRule(156)) - Total pipeline count is 0, healthy pipeline threshold count is 1
2021-07-27 14:59:54,418 [main] INFO  safemode.OneReplicaPipelineSafeModeRule (OneReplicaPipelineSafeModeRule.java:initializeRule(180)) - Total pipeline count is 0, pipeline's with at least one datanode reported threshold count is 0
2021-07-27 14:59:54,722 [main] INFO  ipc.CallQueueManager (CallQueueManager.java:<init>(90)) - Using callQueue: class java.util.concurrent.LinkedBlockingQueue, queueCapacity: 10000, scheduler: class org.apache.hadoop.ipc.DefaultRpcScheduler, ipcBackoff: false.
2021-07-27 14:59:54,754 [Socket Reader #1 for port 15417] INFO  ipc.Server (Server.java:run(1265)) - Starting Socket Reader #1 for port 15417
2021-07-27 14:59:54,788 [Listener at 0.0.0.0/15417] INFO  ipc.CallQueueManager (CallQueueManager.java:<init>(90)) - Using callQueue: class java.util.concurrent.LinkedBlockingQueue, queueCapacity: 10000, scheduler: class org.apache.hadoop.ipc.DefaultRpcScheduler, ipcBackoff: false.
2021-07-27 14:59:54,790 [Socket Reader #1 for port 15418] INFO  ipc.Server (Server.java:run(1265)) - Starting Socket Reader #1 for port 15418
2021-07-27 14:59:54,809 [Listener at 0.0.0.0/15418] INFO  ipc.CallQueueManager (CallQueueManager.java:<init>(90)) - Using callQueue: class java.util.concurrent.LinkedBlockingQueue, queueCapacity: 10000, scheduler: class org.apache.hadoop.ipc.DefaultRpcScheduler, ipcBackoff: false.
2021-07-27 14:59:54,814 [Socket Reader #1 for port 15419] INFO  ipc.Server (Server.java:run(1265)) - Starting Socket Reader #1 for port 15419
2021-07-27 14:59:54,871 [Listener at 0.0.0.0/15419] INFO  server.StorageContainerManager (StorageContainerManager.java:<init>(380)) - 
Container Balancer status:
Key                            Value
Running                        true
Container Balancer Configuration values:
Key                            Value
Threshold                      0.1
Max Datanodes to Balance       5
Max Size to Move               10737418240B

2021-07-27 14:59:54,871 [Listener at 0.0.0.0/15419] WARN  events.EventQueue (EventQueue.java:fireEvent(194)) - No event handler registered for event TypedEvent{payloadType=SafeModeStatus, name='Safe mode status'}
2021-07-27 14:59:54,872 [Listener at 0.0.0.0/15419] INFO  ha.SCMContext (SCMContext.java:updateSafeModeStatus(205)) - Update SafeModeStatus from SafeModeStatus{safeModeStatus=true, preCheckPassed=false} to SafeModeStatus{safeModeStatus=true, preCheckPassed=false}.
2021-07-27 14:59:54,875 [Listener at 0.0.0.0/15419] INFO  server.StorageContainerManager (StorageContainerManager.java:start(1245)) - StorageContainerLocationProtocol RPC server is listening at /0.0.0.0:15419
2021-07-27 14:59:54,876 [Listener at 0.0.0.0/15419] INFO  ha.SCMRatisServerImpl (SCMRatisServerImpl.java:start(170)) - starting ratis server 0.0.0.0:15416
2021-07-27 14:59:54,876 [Listener at 0.0.0.0/15419] INFO  server.RaftServer$Division (RaftServerImpl.java:start(296)) - b07764cb-34df-45d7-9560-8ac949593b7a@group-6D50A358B8D8: start as a follower, conf=0: [b07764cb-34df-45d7-9560-8ac949593b7a|rpc:localhost:15416|admin:|client:|dataStream:|priority:0], old=null
2021-07-27 14:59:54,876 [Listener at 0.0.0.0/15419] INFO  server.RaftServer$Division (RaftServerImpl.java:setRole(285)) - b07764cb-34df-45d7-9560-8ac949593b7a@group-6D50A358B8D8: changes role from      null to FOLLOWER at term 1 for startAsFollower
2021-07-27 14:59:54,878 [Listener at 0.0.0.0/15419] INFO  impl.RoleInfo (RoleInfo.java:updateAndGet(130)) - b07764cb-34df-45d7-9560-8ac949593b7a: start b07764cb-34df-45d7-9560-8ac949593b7a@group-6D50A358B8D8-FollowerState
2021-07-27 14:59:54,882 [Listener at 0.0.0.0/15419] INFO  util.JmxRegister (JmxRegister.java:tryRegister(44)) - Successfully registered JMX Bean with object name Ratis:service=RaftServer,group=group-6D50A358B8D8,id=b07764cb-34df-45d7-9560-8ac949593b7a
2021-07-27 14:59:54,886 [Listener at 0.0.0.0/15419] INFO  server.RaftServer (RaftServerProxy.java:lambda$start$5(374)) - b07764cb-34df-45d7-9560-8ac949593b7a: start RPC server
2021-07-27 14:59:54,887 [Listener at 0.0.0.0/15419] INFO  server.GrpcService (GrpcService.java:startImpl(253)) - b07764cb-34df-45d7-9560-8ac949593b7a: GrpcService started, listening on 15416
2021-07-27 14:59:54,888 [Listener at 0.0.0.0/15419] INFO  ha.SCMHAManagerImpl (SCMHAManagerImpl.java:start(120)) -  scm role is FOLLOWER peers [b07764cb-34df-45d7-9560-8ac949593b7a|rpc:localhost:15416|admin:|client:|dataStream:|priority:0]
2021-07-27 14:59:54,888 [Listener at 0.0.0.0/15419] INFO  ha.InterSCMGrpcService (InterSCMGrpcProtocolService.java:start(94)) - Starting SCM Grpc Service at port 15420
2021-07-27 14:59:54,896 [org.apache.ratis.util.JvmPauseMonitor$$Lambda$499/841483227@7ebfe01a] INFO  util.JvmPauseMonitor (JvmPauseMonitor.java:run(103)) - JvmPauseMonitor-b07764cb-34df-45d7-9560-8ac949593b7a: Started
2021-07-27 14:59:54,952 [Listener at 0.0.0.0/15419] WARN  impl.MetricsConfig (MetricsConfig.java:loadFirst(136)) - Cannot locate configuration: tried hadoop-metrics2-storagecontainermanager.properties,hadoop-metrics2.properties
2021-07-27 14:59:54,968 [Listener at 0.0.0.0/15419] INFO  impl.MetricsSystemImpl (MetricsSystemImpl.java:startTimer(378)) - Scheduled Metric snapshot period at 10 second(s).
2021-07-27 14:59:54,968 [Listener at 0.0.0.0/15419] INFO  impl.MetricsSystemImpl (MetricsSystemImpl.java:start(191)) - StorageContainerManager metrics system started
2021-07-27 14:59:55,204 [Listener at 0.0.0.0/15419] INFO  server.SCMClientProtocolServer (SCMClientProtocolServer.java:start(165)) - RPC server for Client  is listening at /0.0.0.0:15419
2021-07-27 14:59:55,205 [IPC Server Responder] INFO  ipc.Server (Server.java:run(1507)) - IPC Server Responder: starting
2021-07-27 14:59:55,206 [IPC Server listener on 15419] INFO  ipc.Server (Server.java:run(1344)) - IPC Server listener on 15419: starting
2021-07-27 14:59:55,231 [Listener at 0.0.0.0/15419] INFO  server.StorageContainerManager (StorageContainerManager.java:start(1260)) - ScmBlockLocationProtocol RPC server is listening at /0.0.0.0:15418
2021-07-27 14:59:55,232 [Listener at 0.0.0.0/15419] INFO  server.SCMBlockProtocolServer (SCMBlockProtocolServer.java:start(151)) - RPC server for Block Protocol is listening at /0.0.0.0:15418
2021-07-27 14:59:55,233 [IPC Server Responder] INFO  ipc.Server (Server.java:run(1507)) - IPC Server Responder: starting
2021-07-27 14:59:55,233 [IPC Server listener on 15418] INFO  ipc.Server (Server.java:run(1344)) - IPC Server listener on 15418: starting
2021-07-27 14:59:55,261 [Listener at 0.0.0.0/15419] INFO  server.StorageContainerManager (StorageContainerManager.java:start(1266)) - ScmDatanodeProtocl RPC server is listening at /0.0.0.0:15417
2021-07-27 14:59:55,286 [org.apache.hadoop.util.JvmPauseMonitor$Monitor@126d8659] INFO  util.JvmPauseMonitor (JvmPauseMonitor.java:run(188)) - Starting JVM pause monitor
2021-07-27 14:59:55,290 [Listener at 0.0.0.0/15419] INFO  http.BaseHttpServer (BaseHttpServer.java:newHttpServer2BuilderForOzone(209)) - Starting Web-server for scm at: http://0.0.0.0:15414
2021-07-27 14:59:55,290 [Listener at 0.0.0.0/15419] INFO  http.BaseHttpServer (BaseHttpServer.java:<init>(107)) - Hadoop Security Enabled: false Ozone Security Enabled: false Ozone HTTP Security Enabled: false 
2021-07-27 14:59:55,315 [Listener at 0.0.0.0/15419] INFO  util.log (Log.java:initialized(169)) - Logging initialized @10113ms to org.eclipse.jetty.util.log.Slf4jLog
2021-07-27 14:59:55,422 [Listener at 0.0.0.0/15419] INFO  server.AuthenticationFilter (AuthenticationFilter.java:constructSecretProvider(240)) - Unable to initialize FileSignerSecretProvider, falling back to use random secrets.
2021-07-27 14:59:55,426 [Listener at 0.0.0.0/15419] WARN  http.HttpRequestLog (HttpRequestLog.java:getRequestLog(103)) - Jetty request log can only be enabled using Log4j
2021-07-27 14:59:55,432 [Listener at 0.0.0.0/15419] INFO  http.HttpServer2 (HttpServer2.java:addGlobalFilter(1020)) - Added global filter 'safety' (class=org.apache.hadoop.hdds.server.http.HttpServer2$QuotingInputFilter)
2021-07-27 14:59:55,434 [Listener at 0.0.0.0/15419] INFO  http.HttpServer2 (HttpServer2.java:addFilter(996)) - Added filter static_user_filter (class=org.apache.hadoop.http.lib.StaticUserWebFilter$StaticUserFilter) to context scm
2021-07-27 14:59:55,435 [Listener at 0.0.0.0/15419] INFO  http.HttpServer2 (HttpServer2.java:addFilter(1004)) - Added filter static_user_filter (class=org.apache.hadoop.http.lib.StaticUserWebFilter$StaticUserFilter) to context logs
2021-07-27 14:59:55,435 [Listener at 0.0.0.0/15419] INFO  http.HttpServer2 (HttpServer2.java:addFilter(1004)) - Added filter static_user_filter (class=org.apache.hadoop.http.lib.StaticUserWebFilter$StaticUserFilter) to context static
2021-07-27 14:59:55,475 [Listener at 0.0.0.0/15419] INFO  http.HttpServer2 (HttpServer2.java:bindListener(1239)) - Jetty bound to port 15414
2021-07-27 14:59:55,476 [Listener at 0.0.0.0/15419] INFO  server.Server (Server.java:doStart(375)) - jetty-9.4.35.v20201120; built: 2020-11-20T21:17:03.964Z; git: bdc54f03a5e0a7e280fab27f55c3c75ee8da89fb; jvm 1.8.0_292-b10
2021-07-27 14:59:55,504 [Listener at 0.0.0.0/15419] INFO  server.session (DefaultSessionIdManager.java:doStart(334)) - DefaultSessionIdManager workerName=node0
2021-07-27 14:59:55,524 [Listener at 0.0.0.0/15419] INFO  server.session (DefaultSessionIdManager.java:doStart(339)) - No SessionScavenger set, using defaults
2021-07-27 14:59:55,528 [Listener at 0.0.0.0/15419] INFO  server.session (HouseKeeper.java:startScavenging(132)) - node0 Scavenging every 660000ms
2021-07-27 14:59:55,544 [Listener at 0.0.0.0/15419] INFO  handler.ContextHandler (ContextHandler.java:doStart(916)) - Started o.e.j.s.ServletContextHandler@261609a7{logs,/logs,file:///home/runner/work/ozone/ozone/mnt/ozone/hadoop-ozone/integration-test/target/log,AVAILABLE}
2021-07-27 14:59:55,547 [Listener at 0.0.0.0/15419] INFO  handler.ContextHandler (ContextHandler.java:doStart(916)) - Started o.e.j.s.ServletContextHandler@7bad18f5{static,/static,file:///home/runner/work/ozone/ozone/mnt/ozone/hadoop-ozone/integration-test/target/test-classes/webapps/static,AVAILABLE}
2021-07-27 14:59:55,586 [Listener at 0.0.0.0/15419] INFO  handler.ContextHandler (ContextHandler.java:doStart(916)) - Started o.e.j.w.WebAppContext@630febd7{scm,/,file:///home/runner/work/ozone/ozone/mnt/ozone/hadoop-ozone/integration-test/target/test-classes/webapps/scm/,AVAILABLE}{file:/home/runner/work/ozone/ozone/mnt/ozone/hadoop-ozone/integration-test/target/test-classes/webapps/scm}
2021-07-27 14:59:55,597 [Listener at 0.0.0.0/15419] INFO  server.AbstractConnector (AbstractConnector.java:doStart(331)) - Started ServerConnector@5c7a06ec{HTTP/1.1, (http/1.1)}{0.0.0.0:15414}
2021-07-27 14:59:55,597 [Listener at 0.0.0.0/15419] INFO  server.Server (Server.java:doStart(415)) - Started @10395ms
2021-07-27 14:59:55,601 [Listener at 0.0.0.0/15419] INFO  impl.MetricsSinkAdapter (MetricsSinkAdapter.java:start(204)) - Sink prometheus started
2021-07-27 14:59:55,601 [Listener at 0.0.0.0/15419] INFO  impl.MetricsSystemImpl (MetricsSystemImpl.java:registerSink(305)) - Registered sink prometheus
2021-07-27 14:59:55,602 [Listener at 0.0.0.0/15419] INFO  http.BaseHttpServer (BaseHttpServer.java:updateConnectorAddress(329)) - HTTP server of scm listening at http://0.0.0.0:15414
2021-07-27 14:59:55,602 [Listener at 0.0.0.0/15419] INFO  ozone.MiniOzoneHAClusterImpl (MiniOzoneHAClusterImpl.java:createSCMService(563)) - Started SCM RPC server at org.apache.hadoop.hdds.scm.server.SCMClientProtocolServer@1add90e0
2021-07-27 14:59:55,621 [Listener at 0.0.0.0/15419] INFO  ha.SCMHANodeDetails (SCMHANodeDetails.java:loadSCMHAConfig(157)) - ServiceID for StorageContainerManager is scm-service-test1
2021-07-27 14:59:55,621 [Listener at 0.0.0.0/15419] INFO  ha.SCMHANodeDetails (SCMHANodeDetails.java:loadSCMHAConfig(168)) - ServiceID for StorageContainerManager is scm-service-test1
2021-07-27 14:59:55,622 [Listener at 0.0.0.0/15419] WARN  scm.ScmUtils (ScmUtils.java:logWarn(179)) - ConfigKey ozone.scm.block.client.address is deprecated, For configuring different ports for each SCM use PortConfigKey ozone.scm.block.client.port appended with serviceId and nodeId. If want to configure same port configure ozone.scm.block.client.port
2021-07-27 14:59:55,622 [Listener at 0.0.0.0/15419] WARN  scm.ScmUtils (ScmUtils.java:logWarn(179)) - ConfigKey ozone.scm.client.address is deprecated, For configuring different ports for each SCM use PortConfigKey ozone.scm.client.port appended with serviceId and nodeId. If want to configure same port configure ozone.scm.client.port
2021-07-27 14:59:55,622 [Listener at 0.0.0.0/15419] WARN  scm.ScmUtils (ScmUtils.java:logWarn(179)) - ConfigKey ozone.scm.datanode.address is deprecated, For configuring different ports for each SCM use PortConfigKey ozone.scm.datanode.port appended with serviceId and nodeId. If want to configure same port configure ozone.scm.datanode.port
2021-07-27 14:59:55,622 [Listener at 0.0.0.0/15419] WARN  scm.ScmUtils (ScmUtils.java:logWarn(179)) - ConfigKey ozone.scm.block.client.address is deprecated, For configuring different ports for each SCM use PortConfigKey ozone.scm.block.client.port appended with serviceId and nodeId. If want to configure same port configure ozone.scm.block.client.port
2021-07-27 14:59:55,623 [Listener at 0.0.0.0/15419] WARN  scm.ScmUtils (ScmUtils.java:logWarn(179)) - ConfigKey ozone.scm.client.address is deprecated, For configuring different ports for each SCM use PortConfigKey ozone.scm.client.port appended with serviceId and nodeId. If want to configure same port configure ozone.scm.client.port
2021-07-27 14:59:55,623 [Listener at 0.0.0.0/15419] WARN  scm.ScmUtils (ScmUtils.java:logWarn(179)) - ConfigKey ozone.scm.datanode.address is deprecated, For configuring different ports for each SCM use PortConfigKey ozone.scm.datanode.port appended with serviceId and nodeId. If want to configure same port configure ozone.scm.datanode.port
2021-07-27 14:59:55,623 [Listener at 0.0.0.0/15419] INFO  ha.SCMHANodeDetails (SCMHANodeDetails.java:loadSCMHAConfig(250)) - Found matching SCM address with SCMServiceId: scm-service-test1, SCMNodeId: scmNode-2, RPC Address: localhost:15426 and Ratis port: 15426
2021-07-27 14:59:55,623 [Listener at 0.0.0.0/15419] INFO  ha.SCMHANodeDetails (ConfUtils.java:setNodeSpecificConfigs(108)) - Setting configuration key ozone.scm.datanode.address with value of key ozone.scm.datanode.address.scm-service-test1.scmNode-2: 127.0.0.1:15427
2021-07-27 14:59:55,623 [Listener at 0.0.0.0/15419] INFO  ha.SCMHANodeDetails (ConfUtils.java:setNodeSpecificConfigs(108)) - Setting configuration key ozone.scm.block.client.address with value of key ozone.scm.block.client.address.scm-service-test1.scmNode-2: 127.0.0.1:15428
2021-07-27 14:59:55,624 [Listener at 0.0.0.0/15419] INFO  ha.SCMHANodeDetails (ConfUtils.java:setNodeSpecificConfigs(108)) - Setting configuration key ozone.scm.client.address with value of key ozone.scm.client.address.scm-service-test1.scmNode-2: 127.0.0.1:15429
2021-07-27 14:59:55,624 [Listener at 0.0.0.0/15419] INFO  ha.SCMHANodeDetails (ConfUtils.java:setNodeSpecificConfigs(108)) - Setting configuration key ozone.scm.ratis.port with value of key ozone.scm.ratis.port.scm-service-test1.scmNode-2: 15426
2021-07-27 14:59:55,624 [Listener at 0.0.0.0/15419] INFO  ha.SCMHANodeDetails (ConfUtils.java:setNodeSpecificConfigs(108)) - Setting configuration key ozone.scm.grpc.port with value of key ozone.scm.grpc.port.scm-service-test1.scmNode-2: 15430
2021-07-27 14:59:55,624 [Listener at 0.0.0.0/15419] INFO  ha.SCMHANodeDetails (ConfUtils.java:setNodeSpecificConfigs(108)) - Setting configuration key ozone.scm.http-address with value of key ozone.scm.http-address.scm-service-test1.scmNode-2: 127.0.0.1:15424
2021-07-27 14:59:55,624 [Listener at 0.0.0.0/15419] INFO  ha.SCMHANodeDetails (ConfUtils.java:setNodeSpecificConfigs(108)) - Setting configuration key ozone.scm.https-address with value of key ozone.scm.https-address.scm-service-test1.scmNode-2: 127.0.0.1:15425
2021-07-27 14:59:55,624 [Listener at 0.0.0.0/15419] INFO  ha.SCMHANodeDetails (ConfUtils.java:setNodeSpecificConfigs(108)) - Setting configuration key ozone.scm.address with value of key ozone.scm.address.scm-service-test1.scmNode-2: 127.0.0.1
2021-07-27 14:59:55,624 [Listener at 0.0.0.0/15419] WARN  scm.ScmUtils (ScmUtils.java:logWarn(179)) - ConfigKey ozone.scm.block.client.address is deprecated, For configuring different ports for each SCM use PortConfigKey ozone.scm.block.client.port appended with serviceId and nodeId. If want to configure same port configure ozone.scm.block.client.port
2021-07-27 14:59:55,624 [Listener at 0.0.0.0/15419] WARN  scm.ScmUtils (ScmUtils.java:logWarn(179)) - ConfigKey ozone.scm.client.address is deprecated, For configuring different ports for each SCM use PortConfigKey ozone.scm.client.port appended with serviceId and nodeId. If want to configure same port configure ozone.scm.client.port
2021-07-27 14:59:55,625 [Listener at 0.0.0.0/15419] WARN  scm.ScmUtils (ScmUtils.java:logWarn(179)) - ConfigKey ozone.scm.datanode.address is deprecated, For configuring different ports for each SCM use PortConfigKey ozone.scm.datanode.port appended with serviceId and nodeId. If want to configure same port configure ozone.scm.datanode.port
2021-07-27 14:59:55,625 [Listener at 0.0.0.0/15419] WARN  server.ServerUtils (ServerUtils.java:getScmDbDir(148)) - ozone.scm.db.dirs is not configured. We recommend adding this setting. Falling back to ozone.metadata.dirs instead.
2021-07-27 14:59:55,635 [Listener at 0.0.0.0/15419] INFO  ha.SCMNodeInfo (SCMNodeInfo.java:getPort(197)) - ConfigKey ozone.scm.client.address is deprecated, For configuring different ports for each SCM use PortConfigKey ozone.scm.client.port appended with serviceId and nodeId
2021-07-27 14:59:55,635 [Listener at 0.0.0.0/15419] INFO  ha.SCMNodeInfo (SCMNodeInfo.java:getPort(197)) - ConfigKey ozone.scm.block.client.address is deprecated, For configuring different ports for each SCM use PortConfigKey ozone.scm.block.client.port appended with serviceId and nodeId
2021-07-27 14:59:55,635 [Listener at 0.0.0.0/15419] INFO  ha.SCMNodeInfo (SCMNodeInfo.java:getPort(197)) - ConfigKey ozone.scm.datanode.address is deprecated, For configuring different ports for each SCM use PortConfigKey ozone.scm.datanode.port appended with serviceId and nodeId
2021-07-27 14:59:55,635 [Listener at 0.0.0.0/15419] INFO  ha.SCMNodeInfo (SCMNodeInfo.java:getPort(197)) - ConfigKey ozone.scm.client.address is deprecated, For configuring different ports for each SCM use PortConfigKey ozone.scm.client.port appended with serviceId and nodeId
2021-07-27 14:59:55,635 [Listener at 0.0.0.0/15419] INFO  ha.SCMNodeInfo (SCMNodeInfo.java:getPort(197)) - ConfigKey ozone.scm.block.client.address is deprecated, For configuring different ports for each SCM use PortConfigKey ozone.scm.block.client.port appended with serviceId and nodeId
2021-07-27 14:59:55,637 [Listener at 0.0.0.0/15419] INFO  ha.SCMNodeInfo (SCMNodeInfo.java:getPort(197)) - ConfigKey ozone.scm.datanode.address is deprecated, For configuring different ports for each SCM use PortConfigKey ozone.scm.datanode.port appended with serviceId and nodeId
2021-07-27 14:59:55,637 [Listener at 0.0.0.0/15419] INFO  ha.SCMNodeInfo (SCMNodeInfo.java:getPort(197)) - ConfigKey ozone.scm.client.address is deprecated, For configuring different ports for each SCM use PortConfigKey ozone.scm.client.port appended with serviceId and nodeId
2021-07-27 14:59:55,637 [Listener at 0.0.0.0/15419] INFO  ha.SCMNodeInfo (SCMNodeInfo.java:getPort(197)) - ConfigKey ozone.scm.block.client.address is deprecated, For configuring different ports for each SCM use PortConfigKey ozone.scm.block.client.port appended with serviceId and nodeId
2021-07-27 14:59:55,637 [Listener at 0.0.0.0/15419] INFO  ha.SCMNodeInfo (SCMNodeInfo.java:getPort(197)) - ConfigKey ozone.scm.datanode.address is deprecated, For configuring different ports for each SCM use PortConfigKey ozone.scm.datanode.port appended with serviceId and nodeId
2021-07-27 14:59:57,855 [Listener at 0.0.0.0/15419] INFO  retry.RetryInvocationHandler (RetryInvocationHandler.java:log(411)) - com.google.protobuf.ServiceException: java.net.ConnectException: Call From fv-az12-803/10.1.0.53 to localhost:15428 failed on connection exception: java.net.ConnectException: Connection refused; For more details see:  http://wiki.apache.org/hadoop/ConnectionRefused, while invoking $Proxy38.send over nodeId=scmNode-2,nodeAddress=/127.0.0.1:15428 after 1 failover attempts. Trying to failover after sleeping for 2000ms.
2021-07-27 14:59:59,857 [Listener at 0.0.0.0/15419] INFO  retry.RetryInvocationHandler (RetryInvocationHandler.java:log(411)) - com.google.protobuf.ServiceException: java.net.ConnectException: Call From fv-az12-803/10.1.0.53 to localhost:15438 failed on connection exception: java.net.ConnectException: Connection refused; For more details see:  http://wiki.apache.org/hadoop/ConnectionRefused, while invoking $Proxy38.send over nodeId=scmNode-3,nodeAddress=/127.0.0.1:15438 after 2 failover attempts. Trying to failover after sleeping for 2000ms.
2021-07-27 15:00:00,021 [b07764cb-34df-45d7-9560-8ac949593b7a@group-6D50A358B8D8-FollowerState] INFO  impl.FollowerState (FollowerState.java:run(134)) - b07764cb-34df-45d7-9560-8ac949593b7a@group-6D50A358B8D8-FollowerState: change to CANDIDATE, lastRpcElapsedTime:5145078560ns, electionTimeout:5135ms
2021-07-27 15:00:00,023 [b07764cb-34df-45d7-9560-8ac949593b7a@group-6D50A358B8D8-FollowerState] INFO  impl.RoleInfo (RoleInfo.java:shutdownFollowerState(108)) - b07764cb-34df-45d7-9560-8ac949593b7a: shutdown b07764cb-34df-45d7-9560-8ac949593b7a@group-6D50A358B8D8-FollowerState
2021-07-27 15:00:00,023 [b07764cb-34df-45d7-9560-8ac949593b7a@group-6D50A358B8D8-FollowerState] INFO  server.RaftServer$Division (RaftServerImpl.java:setRole(285)) - b07764cb-34df-45d7-9560-8ac949593b7a@group-6D50A358B8D8: changes role from  FOLLOWER to CANDIDATE at term 1 for changeToCandidate
2021-07-27 15:00:00,023 [b07764cb-34df-45d7-9560-8ac949593b7a@group-6D50A358B8D8-FollowerState] INFO  server.RaftServerConfigKeys (ConfUtils.java:logGet(44)) - raft.server.leaderelection.pre-vote = false (custom)
2021-07-27 15:00:00,023 [b07764cb-34df-45d7-9560-8ac949593b7a@group-6D50A358B8D8-FollowerState] INFO  impl.RoleInfo (RoleInfo.java:updateAndGet(130)) - b07764cb-34df-45d7-9560-8ac949593b7a: start b07764cb-34df-45d7-9560-8ac949593b7a@group-6D50A358B8D8-LeaderElection2
2021-07-27 15:00:00,025 [b07764cb-34df-45d7-9560-8ac949593b7a@group-6D50A358B8D8-LeaderElection2] INFO  impl.LeaderElection (LeaderElection.java:askForVotes(306)) - b07764cb-34df-45d7-9560-8ac949593b7a@group-6D50A358B8D8-LeaderElection2 ELECTION round 0: submit vote requests at term 2 for 0: [b07764cb-34df-45d7-9560-8ac949593b7a|rpc:localhost:15416|admin:|client:|dataStream:|priority:0], old=null
2021-07-27 15:00:00,026 [b07764cb-34df-45d7-9560-8ac949593b7a@group-6D50A358B8D8-LeaderElection2] INFO  impl.LeaderElection (LeaderElection.java:askForVotes(308)) - b07764cb-34df-45d7-9560-8ac949593b7a@group-6D50A358B8D8-LeaderElection2 ELECTION round 0: result PASSED (term=2)
2021-07-27 15:00:00,026 [b07764cb-34df-45d7-9560-8ac949593b7a@group-6D50A358B8D8-LeaderElection2] INFO  impl.RoleInfo (RoleInfo.java:shutdownLeaderElection(121)) - b07764cb-34df-45d7-9560-8ac949593b7a: shutdown b07764cb-34df-45d7-9560-8ac949593b7a@group-6D50A358B8D8-LeaderElection2
2021-07-27 15:00:00,026 [b07764cb-34df-45d7-9560-8ac949593b7a@group-6D50A358B8D8-LeaderElection2] INFO  server.RaftServer$Division (RaftServerImpl.java:setRole(285)) - b07764cb-34df-45d7-9560-8ac949593b7a@group-6D50A358B8D8: changes role from CANDIDATE to LEADER at term 2 for changeToLeader
2021-07-27 15:00:00,026 [b07764cb-34df-45d7-9560-8ac949593b7a@group-6D50A358B8D8-LeaderElection2] INFO  ha.SCMStateMachine (SCMStateMachine.java:notifyLeaderChanged(252)) - current SCM becomes leader of term 2.
2021-07-27 15:00:00,026 [b07764cb-34df-45d7-9560-8ac949593b7a@group-6D50A358B8D8-LeaderElection2] INFO  ha.SCMContext (SCMContext.java:updateLeaderAndTerm(88)) - update <isLeader,term> from <false,0> to <true,2>
2021-07-27 15:00:00,028 [b07764cb-34df-45d7-9560-8ac949593b7a@group-6D50A358B8D8-LeaderElection2] INFO  server.RaftServer$Division (ServerState.java:setLeader(285)) - b07764cb-34df-45d7-9560-8ac949593b7a@group-6D50A358B8D8: change Leader from null to b07764cb-34df-45d7-9560-8ac949593b7a at term 2 for becomeLeader, leader elected after 5942ms
2021-07-27 15:00:00,028 [b07764cb-34df-45d7-9560-8ac949593b7a@group-6D50A358B8D8-LeaderElection2] INFO  server.RaftServerConfigKeys (ConfUtils.java:logGet(44)) - raft.server.staging.catchup.gap = 1000 (default)
2021-07-27 15:00:00,028 [b07764cb-34df-45d7-9560-8ac949593b7a@group-6D50A358B8D8-LeaderElection2] INFO  server.RaftServerConfigKeys (ConfUtils.java:logGet(44)) - raft.server.write.element-limit = 4096 (default)
2021-07-27 15:00:00,028 [b07764cb-34df-45d7-9560-8ac949593b7a@group-6D50A358B8D8-LeaderElection2] INFO  server.RaftServerConfigKeys (ConfUtils.java:logGet(44)) - raft.server.write.byte-limit = 64MB (=67108864) (default)
2021-07-27 15:00:00,029 [b07764cb-34df-45d7-9560-8ac949593b7a@group-6D50A358B8D8-LeaderElection2] INFO  server.RaftServerConfigKeys (ConfUtils.java:logGet(44)) - raft.server.watch.timeout = 10s (default)
2021-07-27 15:00:00,029 [b07764cb-34df-45d7-9560-8ac949593b7a@group-6D50A358B8D8-LeaderElection2] INFO  server.RaftServerConfigKeys (ConfUtils.java:logGet(44)) - raft.server.watch.timeout.denomination = 1s (default)
2021-07-27 15:00:00,029 [b07764cb-34df-45d7-9560-8ac949593b7a@group-6D50A358B8D8-LeaderElection2] INFO  server.RaftServerConfigKeys (ConfUtils.java:logGet(44)) - raft.server.watch.element-limit = 65536 (default)
2021-07-27 15:00:00,029 [b07764cb-34df-45d7-9560-8ac949593b7a@group-6D50A358B8D8-LeaderElection2] INFO  impl.RoleInfo (RoleInfo.java:updateAndGet(130)) - b07764cb-34df-45d7-9560-8ac949593b7a: start b07764cb-34df-45d7-9560-8ac949593b7a@group-6D50A358B8D8-LeaderStateImpl
2021-07-27 15:00:00,029 [b07764cb-34df-45d7-9560-8ac949593b7a@group-6D50A358B8D8-LeaderElection2] INFO  segmented.SegmentedRaftLogWorker (SegmentedRaftLogWorker.java:rollLogSegment(399)) - b07764cb-34df-45d7-9560-8ac949593b7a@group-6D50A358B8D8-SegmentedRaftLogWorker: Rolling segment log-0_0 to index:0
2021-07-27 15:00:00,037 [b07764cb-34df-45d7-9560-8ac949593b7a@group-6D50A358B8D8-SegmentedRaftLogWorker] INFO  segmented.SegmentedRaftLogWorker (SegmentedRaftLogWorker.java:execute(558)) - b07764cb-34df-45d7-9560-8ac949593b7a@group-6D50A358B8D8-SegmentedRaftLogWorker: Rolled log segment from /home/runner/work/ozone/ozone/mnt/ozone/hadoop-ozone/integration-test/target/test-dir/MiniOzoneClusterImpl-1c236c99-c7c8-4b90-98b3-6d50a358b8d8/scmNode-1/scm-ha/1c236c99-c7c8-4b90-98b3-6d50a358b8d8/current/log_inprogress_0 to /home/runner/work/ozone/ozone/mnt/ozone/hadoop-ozone/integration-test/target/test-dir/MiniOzoneClusterImpl-1c236c99-c7c8-4b90-98b3-6d50a358b8d8/scmNode-1/scm-ha/1c236c99-c7c8-4b90-98b3-6d50a358b8d8/current/log_0-0
2021-07-27 15:00:00,037 [b07764cb-34df-45d7-9560-8ac949593b7a@group-6D50A358B8D8-LeaderElection2] INFO  server.RaftServer$Division (ServerState.java:setRaftConf(387)) - b07764cb-34df-45d7-9560-8ac949593b7a@group-6D50A358B8D8: set configuration 1: [b07764cb-34df-45d7-9560-8ac949593b7a|rpc:localhost:15416|admin:|client:|dataStream:|priority:0], old=null
2021-07-27 15:00:00,039 [b07764cb-34df-45d7-9560-8ac949593b7a@group-6D50A358B8D8-SegmentedRaftLogWorker] INFO  segmented.SegmentedRaftLogWorker (SegmentedRaftLogWorker.java:execute(601)) - b07764cb-34df-45d7-9560-8ac949593b7a@group-6D50A358B8D8-SegmentedRaftLogWorker: created new log segment /home/runner/work/ozone/ozone/mnt/ozone/hadoop-ozone/integration-test/target/test-dir/MiniOzoneClusterImpl-1c236c99-c7c8-4b90-98b3-6d50a358b8d8/scmNode-1/scm-ha/1c236c99-c7c8-4b90-98b3-6d50a358b8d8/current/log_inprogress_1
2021-07-27 15:00:00,042 [b07764cb-34df-45d7-9560-8ac949593b7a@group-6D50A358B8D8-StateMachineUpdater] INFO  ha.SCMContext (SCMContext.java:setLeaderReady(115)) - update <isLeaderReady> from <false> to <true>
2021-07-27 15:00:00,043 [b07764cb-34df-45d7-9560-8ac949593b7a@group-6D50A358B8D8-StateMachineUpdater] INFO  pipeline.BackgroundPipelineCreator (BackgroundPipelineCreatorV2.java:notifyStatusChanged(264)) - Service BackgroundPipelineCreator transitions to RUNNING.
2021-07-27 15:00:00,043 [b07764cb-34df-45d7-9560-8ac949593b7a@group-6D50A358B8D8-StateMachineUpdater] INFO  safemode.HealthyPipelineSafeModeRule (HealthyPipelineSafeModeRule.java:initializeRule(152)) - Refreshed total pipeline count is 0, healthy pipeline threshold count is 1
2021-07-27 15:00:00,044 [b07764cb-34df-45d7-9560-8ac949593b7a@group-6D50A358B8D8-StateMachineUpdater] INFO  safemode.ContainerSafeModeRule (ContainerSafeModeRule.java:reInitializeRule(177)) - Refreshed one replica container threshold 0, currentThreshold 0
2021-07-27 15:00:00,044 [b07764cb-34df-45d7-9560-8ac949593b7a@group-6D50A358B8D8-StateMachineUpdater] INFO  safemode.OneReplicaPipelineSafeModeRule (OneReplicaPipelineSafeModeRule.java:initializeRule(176)) - Refreshed Total pipeline count is 0, pipeline's with at least one datanode reported threshold count is 0
2021-07-27 15:00:00,044 [b07764cb-34df-45d7-9560-8ac949593b7a@group-6D50A358B8D8-StateMachineUpdater] INFO  server.SCMDatanodeProtocolServer (SCMDatanodeProtocolServer.java:start(181)) - RPC server for DataNodes is listening at /0.0.0.0:15417
2021-07-27 15:00:00,050 [IPC Server listener on 15417] INFO  ipc.Server (Server.java:run(1344)) - IPC Server listener on 15417: starting
2021-07-27 15:00:00,056 [IPC Server Responder] INFO  ipc.Server (Server.java:run(1507)) - IPC Server Responder: starting
2021-07-27 15:00:01,886 [Listener at 0.0.0.0/15419] INFO  server.StorageContainerManager (StorageContainerManager.java:scmBootstrap(945)) - SCM BootStrap  is successful for ClusterID 1c236c99-c7c8-4b90-98b3-6d50a358b8d8, SCMID 112e9cde-9cb9-43e4-9ef1-6a6d7fd9222c
2021-07-27 15:00:01,886 [Listener at 0.0.0.0/15419] INFO  server.StorageContainerManager (StorageContainerManager.java:scmBootstrap(947)) - Primary SCM Node ID b07764cb-34df-45d7-9560-8ac949593b7a
2021-07-27 15:00:01,886 [Listener at 0.0.0.0/15419] INFO  ha.SCMHANodeDetails (SCMHANodeDetails.java:loadSCMHAConfig(157)) - ServiceID for StorageContainerManager is scm-service-test1
2021-07-27 15:00:01,886 [Listener at 0.0.0.0/15419] INFO  ha.SCMHANodeDetails (SCMHANodeDetails.java:loadSCMHAConfig(168)) - ServiceID for StorageContainerManager is scm-service-test1
2021-07-27 15:00:01,886 [Listener at 0.0.0.0/15419] WARN  scm.ScmUtils (ScmUtils.java:logWarn(179)) - ConfigKey ozone.scm.block.client.address is deprecated, For configuring different ports for each SCM use PortConfigKey ozone.scm.block.client.port appended with serviceId and nodeId. If want to configure same port configure ozone.scm.block.client.port
2021-07-27 15:00:01,887 [Listener at 0.0.0.0/15419] WARN  scm.ScmUtils (ScmUtils.java:logWarn(179)) - ConfigKey ozone.scm.client.address is deprecated, For configuring different ports for each SCM use PortConfigKey ozone.scm.client.port appended with serviceId and nodeId. If want to configure same port configure ozone.scm.client.port
2021-07-27 15:00:01,887 [Listener at 0.0.0.0/15419] WARN  scm.ScmUtils (ScmUtils.java:logWarn(179)) - ConfigKey ozone.scm.datanode.address is deprecated, For configuring different ports for each SCM use PortConfigKey ozone.scm.datanode.port appended with serviceId and nodeId. If want to configure same port configure ozone.scm.datanode.port
2021-07-27 15:00:01,887 [Listener at 0.0.0.0/15419] WARN  scm.ScmUtils (ScmUtils.java:logWarn(179)) - ConfigKey ozone.scm.block.client.address is deprecated, For configuring different ports for each SCM use PortConfigKey ozone.scm.block.client.port appended with serviceId and nodeId. If want to configure same port configure ozone.scm.block.client.port
2021-07-27 15:00:01,887 [Listener at 0.0.0.0/15419] WARN  scm.ScmUtils (ScmUtils.java:logWarn(179)) - ConfigKey ozone.scm.client.address is deprecated, For configuring different ports for each SCM use PortConfigKey ozone.scm.client.port appended with serviceId and nodeId. If want to configure same port configure ozone.scm.client.port
2021-07-27 15:00:01,887 [Listener at 0.0.0.0/15419] WARN  scm.ScmUtils (ScmUtils.java:logWarn(179)) - ConfigKey ozone.scm.datanode.address is deprecated, For configuring different ports for each SCM use PortConfigKey ozone.scm.datanode.port appended with serviceId and nodeId. If want to configure same port configure ozone.scm.datanode.port
2021-07-27 15:00:01,887 [Listener at 0.0.0.0/15419] INFO  ha.SCMHANodeDetails (SCMHANodeDetails.java:loadSCMHAConfig(250)) - Found matching SCM address with SCMServiceId: scm-service-test1, SCMNodeId: scmNode-2, RPC Address: localhost:15426 and Ratis port: 15426
2021-07-27 15:00:01,888 [Listener at 0.0.0.0/15419] INFO  ha.SCMHANodeDetails (ConfUtils.java:setNodeSpecificConfigs(108)) - Setting configuration key ozone.scm.datanode.address with value of key ozone.scm.datanode.address.scm-service-test1.scmNode-2: 127.0.0.1:15427
2021-07-27 15:00:01,888 [Listener at 0.0.0.0/15419] INFO  ha.SCMHANodeDetails (ConfUtils.java:setNodeSpecificConfigs(108)) - Setting configuration key ozone.scm.block.client.address with value of key ozone.scm.block.client.address.scm-service-test1.scmNode-2: 127.0.0.1:15428
2021-07-27 15:00:01,888 [Listener at 0.0.0.0/15419] INFO  ha.SCMHANodeDetails (ConfUtils.java:setNodeSpecificConfigs(108)) - Setting configuration key ozone.scm.client.address with value of key ozone.scm.client.address.scm-service-test1.scmNode-2: 127.0.0.1:15429
2021-07-27 15:00:01,888 [Listener at 0.0.0.0/15419] INFO  ha.SCMHANodeDetails (ConfUtils.java:setNodeSpecificConfigs(108)) - Setting configuration key ozone.scm.ratis.port with value of key ozone.scm.ratis.port.scm-service-test1.scmNode-2: 15426
2021-07-27 15:00:01,888 [Listener at 0.0.0.0/15419] INFO  ha.SCMHANodeDetails (ConfUtils.java:setNodeSpecificConfigs(108)) - Setting configuration key ozone.scm.grpc.port with value of key ozone.scm.grpc.port.scm-service-test1.scmNode-2: 15430
2021-07-27 15:00:01,888 [Listener at 0.0.0.0/15419] INFO  ha.SCMHANodeDetails (ConfUtils.java:setNodeSpecificConfigs(108)) - Setting configuration key ozone.scm.http-address with value of key ozone.scm.http-address.scm-service-test1.scmNode-2: 127.0.0.1:15424
2021-07-27 15:00:01,888 [Listener at 0.0.0.0/15419] INFO  ha.SCMHANodeDetails (ConfUtils.java:setNodeSpecificConfigs(108)) - Setting configuration key ozone.scm.https-address with value of key ozone.scm.https-address.scm-service-test1.scmNode-2: 127.0.0.1:15425
2021-07-27 15:00:01,888 [Listener at 0.0.0.0/15419] INFO  ha.SCMHANodeDetails (ConfUtils.java:setNodeSpecificConfigs(108)) - Setting configuration key ozone.scm.address with value of key ozone.scm.address.scm-service-test1.scmNode-2: 127.0.0.1
2021-07-27 15:00:01,888 [Listener at 0.0.0.0/15419] WARN  scm.ScmUtils (ScmUtils.java:logWarn(179)) - ConfigKey ozone.scm.block.client.address is deprecated, For configuring different ports for each SCM use PortConfigKey ozone.scm.block.client.port appended with serviceId and nodeId. If want to configure same port configure ozone.scm.block.client.port
2021-07-27 15:00:01,889 [Listener at 0.0.0.0/15419] WARN  scm.ScmUtils (ScmUtils.java:logWarn(179)) - ConfigKey ozone.scm.client.address is deprecated, For configuring different ports for each SCM use PortConfigKey ozone.scm.client.port appended with serviceId and nodeId. If want to configure same port configure ozone.scm.client.port
2021-07-27 15:00:01,889 [Listener at 0.0.0.0/15419] WARN  scm.ScmUtils (ScmUtils.java:logWarn(179)) - ConfigKey ozone.scm.datanode.address is deprecated, For configuring different ports for each SCM use PortConfigKey ozone.scm.datanode.port appended with serviceId and nodeId. If want to configure same port configure ozone.scm.datanode.port
2021-07-27 15:00:01,890 [Listener at 0.0.0.0/15419] WARN  server.ServerUtils (ServerUtils.java:getScmDbDir(148)) - ozone.scm.db.dirs is not configured. We recommend adding this setting. Falling back to ozone.metadata.dirs instead.
2021-07-27 15:00:01,891 [Listener at 0.0.0.0/15419] INFO  upgrade.AbstractLayoutVersionManager (AbstractLayoutVersionManager.java:init(70)) - Initializing Layout version manager with metadata layout = SCM_HA (version = 2), software layout = SCM_HA (version = 2)
2021-07-27 15:00:01,929 [Listener at 0.0.0.0/15419] INFO  reflections.Reflections (Reflections.java:scan(232)) - Reflections took 37 ms to scan 7 urls, producing 119 keys and 271 values 
2021-07-27 15:00:01,931 [Listener at 0.0.0.0/15419] WARN  utils.HAUtils (HAUtils.java:getMetaDir(342)) - ozone.scm.db.dirs is not configured. We recommend adding this setting. Falling back to ozone.metadata.dirs instead.
2021-07-27 15:00:01,931 [Listener at 0.0.0.0/15419] WARN  db.DBStoreBuilder (DBStoreBuilder.java:applyDBDefinition(145)) - ozone.scm.db.dirs is not configured. We recommend adding this setting. Falling back to ozone.metadata.dirs instead.
2021-07-27 15:00:01,994 [Listener at 0.0.0.0/15419] INFO  net.NodeSchemaLoader (NodeSchemaLoader.java:loadSchemaFromFile(129)) - Loading schema from [jar:file:/home/runner/.m2/repository/org/apache/ozone/hdds-common/1.2.0-SNAPSHOT/hdds-common-1.2.0-SNAPSHOT.jar!/network-topology-default.xml]
2021-07-27 15:00:01,994 [Listener at 0.0.0.0/15419] INFO  net.NodeSchemaLoader (NodeSchemaLoader.java:loadSchema(176)) - Loading network topology layer schema file
2021-07-27 15:00:01,997 [Listener at 0.0.0.0/15419] INFO  ha.SCMRatisServerImpl (SCMRatisServerImpl.java:<init>(85)) - starting Raft server for scm:112e9cde-9cb9-43e4-9ef1-6a6d7fd9222c
2021-07-27 15:00:01,997 [Listener at 0.0.0.0/15419] INFO  server.RaftServer (ConfUtils.java:logGet(44)) - raft.rpc.type = GRPC (default)
2021-07-27 15:00:01,998 [Listener at 0.0.0.0/15419] INFO  grpc.GrpcFactory (GrpcFactory.java:checkPooledByteBufAllocatorUseCacheForAllThreads(48)) - PERFORMANCE WARNING: useCacheForAllThreads is true that may cause Netty to create a lot garbage objects and, as a result, trigger GC.
	It is recommended to disable useCacheForAllThreads by setting -Dorg.apache.ratis.thirdparty.io.netty.allocator.useCacheForAllThreads=false in command line.
2021-07-27 15:00:01,998 [Listener at 0.0.0.0/15419] INFO  grpc.GrpcConfigKeys (ConfUtils.java:logGet(44)) - raft.grpc.admin.port = -1 (default)
2021-07-27 15:00:01,998 [Listener at 0.0.0.0/15419] INFO  grpc.GrpcConfigKeys (ConfUtils.java:logGet(44)) - raft.grpc.server.port = 15426 (custom)
2021-07-27 15:00:01,998 [Listener at 0.0.0.0/15419] INFO  grpc.GrpcConfigKeys (ConfUtils.java:logGet(44)) - raft.grpc.client.port = -1 (default)
2021-07-27 15:00:01,999 [Listener at 0.0.0.0/15419] INFO  grpc.GrpcConfigKeys (ConfUtils.java:logGet(44)) - raft.grpc.server.port = 15426 (custom)
2021-07-27 15:00:01,999 [Listener at 0.0.0.0/15419] INFO  grpc.GrpcConfigKeys (ConfUtils.java:logGet(44)) - raft.grpc.server.port = 15426 (custom)
2021-07-27 15:00:01,999 [Listener at 0.0.0.0/15419] INFO  server.GrpcService (ConfUtils.java:logGet(44)) - raft.grpc.message.size.max = 32m (=33554432) (custom)
2021-07-27 15:00:01,999 [Listener at 0.0.0.0/15419] INFO  server.RaftServerConfigKeys (ConfUtils.java:logGet(44)) - raft.server.log.appender.buffer.byte-limit = 33554432 (custom)
2021-07-27 15:00:01,999 [Listener at 0.0.0.0/15419] INFO  server.GrpcService (ConfUtils.java:logGet(44)) - raft.grpc.flow.control.window = 1MB (=1048576) (default)
2021-07-27 15:00:01,999 [Listener at 0.0.0.0/15419] INFO  server.RaftServerConfigKeys (ConfUtils.java:logGet(44)) - raft.server.rpc.request.timeout = 30000ms (custom)
2021-07-27 15:00:02,001 [Listener at 0.0.0.0/15419] INFO  impl.DataStreamServerImpl (ConfUtils.java:logGet(44)) - raft.datastream.type = DISABLED (default)
2021-07-27 15:00:02,001 [Listener at 0.0.0.0/15419] INFO  server.RaftServerConfigKeys (ConfUtils.java:logGet(44)) - raft.server.rpc.slowness.timeout = 120000ms (custom)
2021-07-27 15:00:02,001 [Listener at 0.0.0.0/15419] INFO  server.RaftServerConfigKeys (ConfUtils.java:logGet(44)) - raft.server.leaderelection.leader.step-down.wait-time = 10s (default)
2021-07-27 15:00:02,001 [Listener at 0.0.0.0/15419] INFO  server.RaftServerConfigKeys (ConfUtils.java:logGet(44)) - raft.server.storage.dir = [/home/runner/work/ozone/ozone/mnt/ozone/hadoop-ozone/integration-test/target/test-dir/MiniOzoneClusterImpl-1c236c99-c7c8-4b90-98b3-6d50a358b8d8/scmNode-2/scm-ha] (custom)
2021-07-27 15:00:02,006 [Listener at 0.0.0.0/15419] INFO  server.RaftServer (RaftServerProxy.java:addNew(95)) - 112e9cde-9cb9-43e4-9ef1-6a6d7fd9222c: addNew group-6D50A358B8D8:[] returns group-6D50A358B8D8:java.util.concurrent.CompletableFuture@51d34f02[Not completed]
2021-07-27 15:00:02,006 [pool-36-thread-1] INFO  server.RaftServer$Division (RaftServerImpl.java:<init>(181)) - 112e9cde-9cb9-43e4-9ef1-6a6d7fd9222c: new RaftServerImpl for group-6D50A358B8D8:[] with SCMStateMachine:uninitialized
2021-07-27 15:00:02,007 [pool-36-thread-1] INFO  server.RaftServerConfigKeys (ConfUtils.java:logGet(44)) - raft.server.rpc.timeout.min = 5000ms (custom)
2021-07-27 15:00:02,007 [pool-36-thread-1] INFO  server.RaftServerConfigKeys (ConfUtils.java:logGet(44)) - raft.server.rpc.timeout.max = 5200ms (custom)
2021-07-27 15:00:02,007 [pool-36-thread-1] INFO  server.RaftServerConfigKeys (ConfUtils.java:logGet(44)) - raft.server.rpc.sleep.time = 25ms (default)
2021-07-27 15:00:02,007 [pool-36-thread-1] INFO  server.RaftServerConfigKeys (ConfUtils.java:logGet(44)) - raft.server.rpc.slowness.timeout = 120000ms (custom)
2021-07-27 15:00:02,007 [pool-36-thread-1] INFO  server.RaftServerConfigKeys (ConfUtils.java:logGet(44)) - raft.server.leaderelection.leader.step-down.wait-time = 10s (default)
2021-07-27 15:00:02,007 [pool-36-thread-1] INFO  server.RaftServerConfigKeys (ConfUtils.java:logGet(44)) - raft.server.sleep.deviation.threshold = 300ms (default)
2021-07-27 15:00:02,007 [pool-36-thread-1] INFO  server.RaftServerConfigKeys (ConfUtils.java:logGet(44)) - raft.server.log.appender.install.snapshot.enabled = false (custom)
2021-07-27 15:00:02,007 [pool-36-thread-1] INFO  server.RaftServer$Division (ServerState.java:<init>(105)) - 112e9cde-9cb9-43e4-9ef1-6a6d7fd9222c@group-6D50A358B8D8: ConfigurationManager, init=-1: [], old=null, confs=<EMPTY_MAP>
2021-07-27 15:00:02,007 [pool-36-thread-1] INFO  server.RaftServerConfigKeys (ConfUtils.java:logGet(44)) - raft.server.storage.dir = [/home/runner/work/ozone/ozone/mnt/ozone/hadoop-ozone/integration-test/target/test-dir/MiniOzoneClusterImpl-1c236c99-c7c8-4b90-98b3-6d50a358b8d8/scmNode-2/scm-ha] (custom)
2021-07-27 15:00:02,007 [pool-36-thread-1] INFO  server.RaftServerConfigKeys (ConfUtils.java:logGet(44)) - raft.server.log.corruption.policy = EXCEPTION (default)
2021-07-27 15:00:02,008 [pool-36-thread-1] INFO  server.RaftServerConfigKeys (ConfUtils.java:logGet(44)) - raft.server.storage.free-space.min = 0MB (=0) (default)
2021-07-27 15:00:02,008 [pool-36-thread-1] INFO  storage.RaftStorageDirectory (RaftStorageDirectoryImpl.java:analyzeStorage(135)) - The storage directory /home/runner/work/ozone/ozone/mnt/ozone/hadoop-ozone/integration-test/target/test-dir/MiniOzoneClusterImpl-1c236c99-c7c8-4b90-98b3-6d50a358b8d8/scmNode-2/scm-ha/1c236c99-c7c8-4b90-98b3-6d50a358b8d8 does not exist. Creating ...
2021-07-27 15:00:02,009 [pool-36-thread-1] INFO  storage.RaftStorageDirectory (RaftStorageDirectoryImpl.java:tryLock(230)) - Lock on /home/runner/work/ozone/ozone/mnt/ozone/hadoop-ozone/integration-test/target/test-dir/MiniOzoneClusterImpl-1c236c99-c7c8-4b90-98b3-6d50a358b8d8/scmNode-2/scm-ha/1c236c99-c7c8-4b90-98b3-6d50a358b8d8/in_use.lock acquired by nodename 1209@fv-az12-803
2021-07-27 15:00:02,010 [pool-36-thread-1] INFO  storage.RaftStorage (RaftStorageImpl.java:format(89)) - Storage directory /home/runner/work/ozone/ozone/mnt/ozone/hadoop-ozone/integration-test/target/test-dir/MiniOzoneClusterImpl-1c236c99-c7c8-4b90-98b3-6d50a358b8d8/scmNode-2/scm-ha/1c236c99-c7c8-4b90-98b3-6d50a358b8d8 has been successfully formatted.
2021-07-27 15:00:02,010 [pool-36-thread-1] INFO  server.RaftServerConfigKeys (ConfUtils.java:logGet(44)) - raft.server.notification.no-leader.timeout = 60s (default)
2021-07-27 15:00:02,010 [pool-36-thread-1] INFO  server.RaftServerConfigKeys (ConfUtils.java:logGet(44)) - raft.server.log.use.memory = false (default)
2021-07-27 15:00:02,010 [pool-36-thread-1] INFO  server.RaftServerConfigKeys (ConfUtils.java:logGet(44)) - raft.server.log.purge.gap = 5 (custom)
2021-07-27 15:00:02,010 [pool-36-thread-1] INFO  server.RaftServerConfigKeys (ConfUtils.java:logGet(44)) - raft.server.log.appender.buffer.byte-limit = 33554432 (custom)
2021-07-27 15:00:02,011 [pool-36-thread-1] INFO  server.RaftServerConfigKeys (ConfUtils.java:logGet(44)) - raft.server.log.segment.size.max = 16384 (custom)
2021-07-27 15:00:02,011 [pool-36-thread-1] INFO  server.RaftServerConfigKeys (ConfUtils.java:logGet(44)) - raft.server.log.segment.cache.num.max = 2 (custom)
2021-07-27 15:00:02,011 [pool-36-thread-1] INFO  server.RaftServerConfigKeys (ConfUtils.java:logGet(44)) - raft.server.log.segment.cache.size.max = 200MB (=209715200) (default)
2021-07-27 15:00:02,011 [pool-36-thread-1] INFO  segmented.SegmentedRaftLogWorker (SegmentedRaftLogWorker.java:<init>(182)) - new 112e9cde-9cb9-43e4-9ef1-6a6d7fd9222c@group-6D50A358B8D8-SegmentedRaftLogWorker for RaftStorageImpl:Storage Directory /home/runner/work/ozone/ozone/mnt/ozone/hadoop-ozone/integration-test/target/test-dir/MiniOzoneClusterImpl-1c236c99-c7c8-4b90-98b3-6d50a358b8d8/scmNode-2/scm-ha/1c236c99-c7c8-4b90-98b3-6d50a358b8d8
2021-07-27 15:00:02,011 [pool-36-thread-1] INFO  server.RaftServerConfigKeys (ConfUtils.java:logGet(44)) - raft.server.log.queue.byte-limit = 64MB (=67108864) (default)
2021-07-27 15:00:02,011 [pool-36-thread-1] INFO  server.RaftServerConfigKeys (ConfUtils.java:logGet(44)) - raft.server.log.queue.element-limit = 4096 (default)
2021-07-27 15:00:02,011 [pool-36-thread-1] INFO  server.RaftServerConfigKeys (ConfUtils.java:logGet(44)) - raft.server.log.segment.size.max = 16384 (custom)
2021-07-27 15:00:02,011 [pool-36-thread-1] INFO  server.RaftServerConfigKeys (ConfUtils.java:logGet(44)) - raft.server.log.preallocated.size = 16384 (custom)
2021-07-27 15:00:02,011 [pool-36-thread-1] INFO  server.RaftServerConfigKeys (ConfUtils.java:logGet(44)) - raft.server.log.force.sync.num = 128 (default)
2021-07-27 15:00:02,011 [pool-36-thread-1] INFO  server.RaftServerConfigKeys (ConfUtils.java:logGet(44)) - raft.server.log.statemachine.data.sync = true (default)
2021-07-27 15:00:02,011 [pool-36-thread-1] INFO  server.RaftServerConfigKeys (ConfUtils.java:logGet(44)) - raft.server.log.statemachine.data.sync.timeout = 10s (default)
2021-07-27 15:00:02,012 [pool-36-thread-1] INFO  server.RaftServerConfigKeys (ConfUtils.java:logGet(44)) - raft.server.log.statemachine.data.sync.timeout.retry = -1 (default)
2021-07-27 15:00:02,012 [pool-36-thread-1] INFO  server.RaftServerConfigKeys (ConfUtils.java:logGet(44)) - raft.server.log.write.buffer.size = 64KB (=65536) (default)
2021-07-27 15:00:02,012 [pool-36-thread-1] INFO  server.RaftServerConfigKeys (ConfUtils.java:logGet(44)) - raft.server.log.statemachine.data.caching.enabled = false (default)
2021-07-27 15:00:02,012 [pool-36-thread-1] INFO  segmented.SegmentedRaftLogWorker (SegmentedRaftLogWorker.java:lambda$new$0(133)) - 112e9cde-9cb9-43e4-9ef1-6a6d7fd9222c@group-6D50A358B8D8-SegmentedRaftLogWorker: flushIndex: setUnconditionally 0 -> -1
2021-07-27 15:00:02,012 [pool-36-thread-1] INFO  segmented.SegmentedRaftLogWorker (SegmentedRaftLogWorker.java:lambda$new$0(133)) - 112e9cde-9cb9-43e4-9ef1-6a6d7fd9222c@group-6D50A358B8D8-SegmentedRaftLogWorker: safeCacheEvictIndex: setUnconditionally 0 -> -1
2021-07-27 15:00:02,013 [pool-36-thread-1] INFO  server.RaftServerConfigKeys (ConfUtils.java:logGet(44)) - raft.server.snapshot.auto.trigger.enabled = true (custom)
2021-07-27 15:00:02,013 [pool-36-thread-1] INFO  server.RaftServerConfigKeys (ConfUtils.java:logGet(44)) - raft.server.snapshot.auto.trigger.threshold = 5 (custom)
2021-07-27 15:00:02,013 [pool-36-thread-1] INFO  server.RaftServerConfigKeys (ConfUtils.java:logGet(44)) - raft.server.snapshot.retention.file.num = -1 (default)
2021-07-27 15:00:02,013 [pool-36-thread-1] INFO  server.RaftServerConfigKeys (ConfUtils.java:logGet(44)) - raft.server.log.purge.upto.snapshot.index = true (custom)
2021-07-27 15:00:02,013 [pool-36-thread-1] INFO  server.RaftServerConfigKeys (ConfUtils.java:logGet(44)) - raft.server.retrycache.expirytime = 60000ms (default)
2021-07-27 15:00:02,013 [pool-36-thread-1] INFO  server.RaftServerConfigKeys (ConfUtils.java:logGet(44)) - raft.server.retrycache.statistics.expirytime = 100μs (default)
2021-07-27 15:00:02,013 [Listener at 0.0.0.0/15419] INFO  ha.SCMSnapshotProvider (SCMSnapshotProvider.java:<init>(66)) - Initializing SCM Snapshot Provider
2021-07-27 15:00:02,014 [Listener at 0.0.0.0/15419] WARN  server.ServerUtils (ServerUtils.java:getDefaultRatisDirectory(237)) - Storage directory for Ratis is not configured. It is a good idea to map this to an SSD disk. Falling back to ozone.metadata.dirs
2021-07-27 15:00:02,014 [Listener at 0.0.0.0/15419] WARN  ha.SCMHAUtils (SCMHAUtils.java:getSCMRatisSnapshotDirectory(142)) - SCM snapshot dir is not configured. Falling back to ozone.metadata.dirs config
2021-07-27 15:00:02,015 [Listener at 0.0.0.0/15419] INFO  ha.SequenceIdGenerator (SequenceIdGenerator.java:upgradeToSequenceId(327)) - upgrade localId to 107544261427200000
2021-07-27 15:00:02,016 [Listener at 0.0.0.0/15419] INFO  ha.SequenceIdGenerator (SequenceIdGenerator.java:upgradeToSequenceId(337)) - upgrade delTxnId to 0
2021-07-27 15:00:02,016 [Listener at 0.0.0.0/15419] INFO  ha.SequenceIdGenerator (SequenceIdGenerator.java:upgradeToSequenceId(351)) - upgrade containerId to 0
2021-07-27 15:00:02,016 [Listener at 0.0.0.0/15419] INFO  ha.SequenceIdGenerator (SequenceIdGenerator.java:<init>(217)) - Init the HA SequenceIdGenerator.
2021-07-27 15:00:02,016 [Listener at 0.0.0.0/15419] WARN  server.ServerUtils (ServerUtils.java:sanitizeUserArgs(73)) - ozone.scm.stale.node.interval value = 300000 is larger than max = 100000 based on the key value of ozone.scm.heartbeat.thread.interval, reset to the max value 100000.
2021-07-27 15:00:02,016 [Listener at 0.0.0.0/15419] WARN  server.ServerUtils (ServerUtils.java:sanitizeUserArgs(73)) - ozone.scm.stale.node.interval value = 300000 is larger than max = 100000 based on the key value of ozone.scm.heartbeat.thread.interval, reset to the max value 100000.
2021-07-27 15:00:02,018 [Listener at 0.0.0.0/15419] INFO  node.SCMNodeManager (SCMNodeManager.java:<init>(141)) - Entering startup safe mode.
2021-07-27 15:00:02,019 [Listener at 0.0.0.0/15419] INFO  algorithms.ContainerPlacementPolicyFactory (ContainerPlacementPolicyFactory.java:getPolicy(60)) - Create container placement policy of type org.apache.hadoop.hdds.scm.container.placement.algorithms.SCMContainerPlacementRandom
2021-07-27 15:00:02,019 [Listener at 0.0.0.0/15419] INFO  pipeline.PipelineStateManager (PipelineStateManagerV2Impl.java:initialize(78)) - No pipeline exists in current db
2021-07-27 15:00:02,019 [Listener at 0.0.0.0/15419] INFO  algorithms.LeaderChoosePolicyFactory (LeaderChoosePolicyFactory.java:getPolicy(57)) - Create leader choose policy of type org.apache.hadoop.hdds.scm.pipeline.leader.choose.algorithms.MinLeaderCountChoosePolicy
2021-07-27 15:00:02,020 [Listener at 0.0.0.0/15419] INFO  ha.SCMServiceManager (SCMServiceManager.java:register(43)) - Registering service BackgroundPipelineCreator.
2021-07-27 15:00:02,020 [Listener at 0.0.0.0/15419] INFO  pipeline.BackgroundPipelineCreator (BackgroundPipelineCreatorV2.java:start(130)) - Starting RatisPipelineUtilsThread.
2021-07-27 15:00:02,022 [Listener at 0.0.0.0/15419] INFO  algorithms.PipelineChoosePolicyFactory (PipelineChoosePolicyFactory.java:createPipelineChoosePolicyFromClass(73)) - Create pipeline choose policy of type org.apache.hadoop.hdds.scm.pipeline.choose.algorithms.RandomPipelineChoosePolicy
2021-07-27 15:00:02,023 [Listener at 0.0.0.0/15419] INFO  ha.SCMServiceManager (SCMServiceManager.java:register(43)) - Registering service SCMBlockDeletingService.
2021-07-27 15:00:02,023 [Listener at 0.0.0.0/15419] INFO  ha.SCMServiceManager (SCMServiceManager.java:register(43)) - Registering service ReplicationManager.
2021-07-27 15:00:02,024 [Listener at 0.0.0.0/15419] INFO  container.ReplicationManager (ReplicationManager.java:start(286)) - Starting Replication Monitor Thread.
2021-07-27 15:00:02,025 [Listener at 0.0.0.0/15419] INFO  safemode.ContainerSafeModeRule (ContainerSafeModeRule.java:<init>(89)) - containers with one replica threshold count 0
2021-07-27 15:00:02,025 [Listener at 0.0.0.0/15419] INFO  safemode.HealthyPipelineSafeModeRule (HealthyPipelineSafeModeRule.java:initializeRule(156)) - Total pipeline count is 0, healthy pipeline threshold count is 1
2021-07-27 15:00:02,026 [Listener at 0.0.0.0/15419] INFO  safemode.OneReplicaPipelineSafeModeRule (OneReplicaPipelineSafeModeRule.java:initializeRule(180)) - Total pipeline count is 0, pipeline's with at least one datanode reported threshold count is 0
2021-07-27 15:00:02,034 [ReplicationMonitor] INFO  container.ReplicationManager (ReplicationManager.java:processAll(341)) - Replication Monitor Thread took 0 milliseconds for processing 0 containers.
2021-07-27 15:00:02,034 [Listener at 0.0.0.0/15419] INFO  ipc.CallQueueManager (CallQueueManager.java:<init>(90)) - Using callQueue: class java.util.concurrent.LinkedBlockingQueue, queueCapacity: 2000, scheduler: class org.apache.hadoop.ipc.DefaultRpcScheduler, ipcBackoff: false.
2021-07-27 15:00:02,035 [Socket Reader #1 for port 15427] INFO  ipc.Server (Server.java:run(1265)) - Starting Socket Reader #1 for port 15427
2021-07-27 15:00:02,036 [Listener at 0.0.0.0/15427] INFO  ipc.CallQueueManager (CallQueueManager.java:<init>(90)) - Using callQueue: class java.util.concurrent.LinkedBlockingQueue, queueCapacity: 2000, scheduler: class org.apache.hadoop.ipc.DefaultRpcScheduler, ipcBackoff: false.
2021-07-27 15:00:02,038 [Socket Reader #1 for port 15428] INFO  ipc.Server (Server.java:run(1265)) - Starting Socket Reader #1 for port 15428
2021-07-27 15:00:02,039 [Listener at 0.0.0.0/15428] INFO  ipc.CallQueueManager (CallQueueManager.java:<init>(90)) - Using callQueue: class java.util.concurrent.LinkedBlockingQueue, queueCapacity: 2000, scheduler: class org.apache.hadoop.ipc.DefaultRpcScheduler, ipcBackoff: false.
2021-07-27 15:00:02,040 [Socket Reader #1 for port 15429] INFO  ipc.Server (Server.java:run(1265)) - Starting Socket Reader #1 for port 15429
2021-07-27 15:00:02,087 [Listener at 0.0.0.0/15429] INFO  server.StorageContainerManager (StorageContainerManager.java:<init>(380)) - 
Container Balancer status:
Key                            Value
Running                        true
Container Balancer Configuration values:
Key                            Value
Threshold                      0.1
Max Datanodes to Balance       5
Max Size to Move               10737418240B

2021-07-27 15:00:02,088 [Listener at 0.0.0.0/15429] WARN  events.EventQueue (EventQueue.java:fireEvent(194)) - No event handler registered for event TypedEvent{payloadType=SafeModeStatus, name='Safe mode status'}
2021-07-27 15:00:02,088 [Listener at 0.0.0.0/15429] INFO  ha.SCMContext (SCMContext.java:updateSafeModeStatus(205)) - Update SafeModeStatus from SafeModeStatus{safeModeStatus=true, preCheckPassed=false} to SafeModeStatus{safeModeStatus=true, preCheckPassed=false}.
2021-07-27 15:00:02,089 [Listener at 0.0.0.0/15429] INFO  server.StorageContainerManager (StorageContainerManager.java:start(1245)) - StorageContainerLocationProtocol RPC server is listening at /0.0.0.0:15429
2021-07-27 15:00:02,089 [Listener at 0.0.0.0/15429] INFO  ha.SCMRatisServerImpl (SCMRatisServerImpl.java:start(170)) - starting ratis server 0.0.0.0:15426
2021-07-27 15:00:02,089 [Listener at 0.0.0.0/15429] INFO  server.RaftServer$Division (RaftServerImpl.java:start(299)) - 112e9cde-9cb9-43e4-9ef1-6a6d7fd9222c@group-6D50A358B8D8: start with initializing state, conf=-1: [], old=null
2021-07-27 15:00:02,089 [Listener at 0.0.0.0/15429] INFO  server.RaftServer$Division (RaftServerImpl.java:setRole(285)) - 112e9cde-9cb9-43e4-9ef1-6a6d7fd9222c@group-6D50A358B8D8: changes role from      null to FOLLOWER at term 0 for startInitializing
2021-07-27 15:00:02,089 [Listener at 0.0.0.0/15429] INFO  util.JmxRegister (JmxRegister.java:tryRegister(44)) - Successfully registered JMX Bean with object name Ratis:service=RaftServer,group=group-6D50A358B8D8,id=112e9cde-9cb9-43e4-9ef1-6a6d7fd9222c
2021-07-27 15:00:02,091 [Listener at 0.0.0.0/15429] INFO  server.RaftServer (RaftServerProxy.java:lambda$start$5(374)) - 112e9cde-9cb9-43e4-9ef1-6a6d7fd9222c: start RPC server
2021-07-27 15:00:02,092 [Listener at 0.0.0.0/15429] INFO  server.GrpcService (GrpcService.java:startImpl(253)) - 112e9cde-9cb9-43e4-9ef1-6a6d7fd9222c: GrpcService started, listening on 15426
2021-07-27 15:00:02,095 [Listener at 0.0.0.0/15429] INFO  ha.SCMNodeInfo (SCMNodeInfo.java:getPort(197)) - ConfigKey ozone.scm.client.address is deprecated, For configuring different ports for each SCM use PortConfigKey ozone.scm.client.port appended with serviceId and nodeId
2021-07-27 15:00:02,095 [Listener at 0.0.0.0/15429] INFO  ha.SCMNodeInfo (SCMNodeInfo.java:getPort(197)) - ConfigKey ozone.scm.block.client.address is deprecated, For configuring different ports for each SCM use PortConfigKey ozone.scm.block.client.port appended with serviceId and nodeId
2021-07-27 15:00:02,095 [Listener at 0.0.0.0/15429] INFO  ha.SCMNodeInfo (SCMNodeInfo.java:getPort(197)) - ConfigKey ozone.scm.datanode.address is deprecated, For configuring different ports for each SCM use PortConfigKey ozone.scm.datanode.port appended with serviceId and nodeId
2021-07-27 15:00:02,095 [Listener at 0.0.0.0/15429] INFO  ha.SCMNodeInfo (SCMNodeInfo.java:getPort(197)) - ConfigKey ozone.scm.client.address is deprecated, For configuring different ports for each SCM use PortConfigKey ozone.scm.client.port appended with serviceId and nodeId
2021-07-27 15:00:02,095 [Listener at 0.0.0.0/15429] INFO  ha.SCMNodeInfo (SCMNodeInfo.java:getPort(197)) - ConfigKey ozone.scm.block.client.address is deprecated, For configuring different ports for each SCM use PortConfigKey ozone.scm.block.client.port appended with serviceId and nodeId
2021-07-27 15:00:02,095 [Listener at 0.0.0.0/15429] INFO  ha.SCMNodeInfo (SCMNodeInfo.java:getPort(197)) - ConfigKey ozone.scm.datanode.address is deprecated, For configuring different ports for each SCM use PortConfigKey ozone.scm.datanode.port appended with serviceId and nodeId
2021-07-27 15:00:02,096 [Listener at 0.0.0.0/15429] INFO  ha.SCMNodeInfo (SCMNodeInfo.java:getPort(197)) - ConfigKey ozone.scm.client.address is deprecated, For configuring different ports for each SCM use PortConfigKey ozone.scm.client.port appended with serviceId and nodeId
2021-07-27 15:00:02,096 [Listener at 0.0.0.0/15429] INFO  ha.SCMNodeInfo (SCMNodeInfo.java:getPort(197)) - ConfigKey ozone.scm.block.client.address is deprecated, For configuring different ports for each SCM use PortConfigKey ozone.scm.block.client.port appended with serviceId and nodeId
2021-07-27 15:00:02,096 [Listener at 0.0.0.0/15429] INFO  ha.SCMNodeInfo (SCMNodeInfo.java:getPort(197)) - ConfigKey ozone.scm.datanode.address is deprecated, For configuring different ports for each SCM use PortConfigKey ozone.scm.datanode.port appended with serviceId and nodeId
2021-07-27 15:00:02,101 [org.apache.ratis.util.JvmPauseMonitor$$Lambda$499/841483227@4afdb05e] INFO  util.JvmPauseMonitor (JvmPauseMonitor.java:run(103)) - JvmPauseMonitor-112e9cde-9cb9-43e4-9ef1-6a6d7fd9222c: Started
2021-07-27 15:00:02,103 [IPC Server handler 2 on default port 15418] INFO  ha.SCMRatisServerImpl (SCMRatisServerImpl.java:addSCM(280)) - b07764cb-34df-45d7-9560-8ac949593b7a: Submitting SetConfiguration request to Ratis server with new SCM peers list: [b07764cb-34df-45d7-9560-8ac949593b7a|rpc:localhost:15416|admin:|client:|dataStream:|priority:0, 112e9cde-9cb9-43e4-9ef1-6a6d7fd9222c|rpc:localhost:15426|priority:0]
2021-07-27 15:00:02,114 [IPC Server handler 2 on default port 15418] INFO  server.RaftServer$Division (RaftServerImpl.java:setConfigurationAsync(971)) - b07764cb-34df-45d7-9560-8ac949593b7a@group-6D50A358B8D8: receive setConfiguration SetConfigurationRequest:client-226557C2AF7A->b07764cb-34df-45d7-9560-8ac949593b7a@group-6D50A358B8D8, cid=0, seq=0, RW, null, peers:[b07764cb-34df-45d7-9560-8ac949593b7a|rpc:localhost:15416|admin:|client:|dataStream:|priority:0, 112e9cde-9cb9-43e4-9ef1-6a6d7fd9222c|rpc:localhost:15426|priority:0]
2021-07-27 15:00:02,114 [IPC Server handler 2 on default port 15418] INFO  server.RaftServer$Division (LeaderStateImpl.java:startSetConfiguration(345)) - b07764cb-34df-45d7-9560-8ac949593b7a@group-6D50A358B8D8-LeaderStateImpl: startSetConfiguration SetConfigurationRequest:client-226557C2AF7A->b07764cb-34df-45d7-9560-8ac949593b7a@group-6D50A358B8D8, cid=0, seq=0, RW, null, peers:[b07764cb-34df-45d7-9560-8ac949593b7a|rpc:localhost:15416|admin:|client:|dataStream:|priority:0, 112e9cde-9cb9-43e4-9ef1-6a6d7fd9222c|rpc:localhost:15426|priority:0]
2021-07-27 15:00:02,119 [IPC Server handler 2 on default port 15418] INFO  server.RaftServerConfigKeys (ConfUtils.java:logGet(44)) - raft.server.log.appender.snapshot.chunk.size.max = 16MB (=16777216) (default)
2021-07-27 15:00:02,120 [IPC Server handler 2 on default port 15418] INFO  server.RaftServerConfigKeys (ConfUtils.java:logGet(44)) - raft.server.log.appender.buffer.byte-limit = 33554432 (custom)
2021-07-27 15:00:02,120 [IPC Server handler 2 on default port 15418] INFO  server.RaftServerConfigKeys (ConfUtils.java:logGet(44)) - raft.server.log.appender.buffer.element-limit = 33554432 (custom)
2021-07-27 15:00:02,201 [IPC Server handler 2 on default port 15418] INFO  grpc.GrpcConfigKeys (ConfUtils.java:logGet(44)) - raft.grpc.server.leader.outstanding.appends.max = 128 (default)
2021-07-27 15:00:02,201 [IPC Server handler 2 on default port 15418] INFO  server.RaftServerConfigKeys (ConfUtils.java:logGet(44)) - raft.server.rpc.request.timeout = 30000ms (custom)
2021-07-27 15:00:02,201 [IPC Server handler 2 on default port 15418] INFO  server.RaftServerConfigKeys (ConfUtils.java:logGet(44)) - raft.server.log.appender.install.snapshot.enabled = false (custom)
2021-07-27 15:00:02,483 [grpc-default-executor-0] INFO  ha.SCMStateMachine (SCMStateMachine.java:notifyLeaderChanged(248)) - leader changed, yet current SCM is still follower.
2021-07-27 15:00:02,484 [grpc-default-executor-0] INFO  server.RaftServer$Division (ServerState.java:setLeader(285)) - 112e9cde-9cb9-43e4-9ef1-6a6d7fd9222c@group-6D50A358B8D8: change Leader from null to b07764cb-34df-45d7-9560-8ac949593b7a at term 2 for appendEntries, leader elected after 473ms
2021-07-27 15:00:02,484 [grpc-default-executor-0] INFO  impl.RoleInfo (RoleInfo.java:updateAndGet(130)) - 112e9cde-9cb9-43e4-9ef1-6a6d7fd9222c: start 112e9cde-9cb9-43e4-9ef1-6a6d7fd9222c@group-6D50A358B8D8-FollowerState
2021-07-27 15:00:02,499 [grpc-default-executor-0] INFO  server.RaftServer$Division (ServerState.java:setRaftConf(387)) - 112e9cde-9cb9-43e4-9ef1-6a6d7fd9222c@group-6D50A358B8D8: set configuration 0: [b07764cb-34df-45d7-9560-8ac949593b7a|rpc:localhost:15416|admin:|client:|dataStream:|priority:0], old=null
2021-07-27 15:00:02,499 [grpc-default-executor-0] INFO  server.RaftServer$Division (ServerState.java:setRaftConf(387)) - 112e9cde-9cb9-43e4-9ef1-6a6d7fd9222c@group-6D50A358B8D8: set configuration 1: [b07764cb-34df-45d7-9560-8ac949593b7a|rpc:localhost:15416|admin:|client:|dataStream:|priority:0], old=null
2021-07-27 15:00:02,499 [grpc-default-executor-0] INFO  segmented.SegmentedRaftLogWorker (SegmentedRaftLogWorker.java:startLogSegment(394)) - 112e9cde-9cb9-43e4-9ef1-6a6d7fd9222c@group-6D50A358B8D8-SegmentedRaftLogWorker: Starting segment from index:0
2021-07-27 15:00:02,500 [grpc-default-executor-0] INFO  segmented.SegmentedRaftLogWorker (SegmentedRaftLogWorker.java:rollLogSegment(399)) - 112e9cde-9cb9-43e4-9ef1-6a6d7fd9222c@group-6D50A358B8D8-SegmentedRaftLogWorker: Rolling segment log-0_0 to index:0
2021-07-27 15:00:02,501 [112e9cde-9cb9-43e4-9ef1-6a6d7fd9222c@group-6D50A358B8D8-SegmentedRaftLogWorker] INFO  segmented.SegmentedRaftLogWorker (SegmentedRaftLogWorker.java:execute(601)) - 112e9cde-9cb9-43e4-9ef1-6a6d7fd9222c@group-6D50A358B8D8-SegmentedRaftLogWorker: created new log segment /home/runner/work/ozone/ozone/mnt/ozone/hadoop-ozone/integration-test/target/test-dir/MiniOzoneClusterImpl-1c236c99-c7c8-4b90-98b3-6d50a358b8d8/scmNode-2/scm-ha/1c236c99-c7c8-4b90-98b3-6d50a358b8d8/current/log_inprogress_0
2021-07-27 15:00:02,502 [112e9cde-9cb9-43e4-9ef1-6a6d7fd9222c@group-6D50A358B8D8-SegmentedRaftLogWorker] INFO  segmented.SegmentedRaftLogWorker (SegmentedRaftLogWorker.java:execute(558)) - 112e9cde-9cb9-43e4-9ef1-6a6d7fd9222c@group-6D50A358B8D8-SegmentedRaftLogWorker: Rolled log segment from /home/runner/work/ozone/ozone/mnt/ozone/hadoop-ozone/integration-test/target/test-dir/MiniOzoneClusterImpl-1c236c99-c7c8-4b90-98b3-6d50a358b8d8/scmNode-2/scm-ha/1c236c99-c7c8-4b90-98b3-6d50a358b8d8/current/log_inprogress_0 to /home/runner/work/ozone/ozone/mnt/ozone/hadoop-ozone/integration-test/target/test-dir/MiniOzoneClusterImpl-1c236c99-c7c8-4b90-98b3-6d50a358b8d8/scmNode-2/scm-ha/1c236c99-c7c8-4b90-98b3-6d50a358b8d8/current/log_0-0
2021-07-27 15:00:02,503 [112e9cde-9cb9-43e4-9ef1-6a6d7fd9222c@group-6D50A358B8D8-SegmentedRaftLogWorker] INFO  segmented.SegmentedRaftLogWorker (SegmentedRaftLogWorker.java:execute(601)) - 112e9cde-9cb9-43e4-9ef1-6a6d7fd9222c@group-6D50A358B8D8-SegmentedRaftLogWorker: created new log segment /home/runner/work/ozone/ozone/mnt/ozone/hadoop-ozone/integration-test/target/test-dir/MiniOzoneClusterImpl-1c236c99-c7c8-4b90-98b3-6d50a358b8d8/scmNode-2/scm-ha/1c236c99-c7c8-4b90-98b3-6d50a358b8d8/current/log_inprogress_1
2021-07-27 15:00:02,511 [112e9cde-9cb9-43e4-9ef1-6a6d7fd9222c@group-6D50A358B8D8-StateMachineUpdater] INFO  safemode.HealthyPipelineSafeModeRule (HealthyPipelineSafeModeRule.java:initializeRule(152)) - Refreshed total pipeline count is 0, healthy pipeline threshold count is 1
2021-07-27 15:00:02,512 [112e9cde-9cb9-43e4-9ef1-6a6d7fd9222c@group-6D50A358B8D8-StateMachineUpdater] INFO  safemode.ContainerSafeModeRule (ContainerSafeModeRule.java:reInitializeRule(177)) - Refreshed one replica container threshold 0, currentThreshold 0
2021-07-27 15:00:02,512 [112e9cde-9cb9-43e4-9ef1-6a6d7fd9222c@group-6D50A358B8D8-StateMachineUpdater] INFO  safemode.OneReplicaPipelineSafeModeRule (OneReplicaPipelineSafeModeRule.java:initializeRule(176)) - Refreshed Total pipeline count is 0, pipeline's with at least one datanode reported threshold count is 0
2021-07-27 15:00:02,512 [112e9cde-9cb9-43e4-9ef1-6a6d7fd9222c@group-6D50A358B8D8-StateMachineUpdater] INFO  server.SCMDatanodeProtocolServer (SCMDatanodeProtocolServer.java:start(181)) - RPC server for DataNodes is listening at /0.0.0.0:15427
2021-07-27 15:00:02,525 [IPC Server Responder] INFO  ipc.Server (Server.java:run(1507)) - IPC Server Responder: starting
2021-07-27 15:00:02,528 [IPC Server listener on 15427] INFO  ipc.Server (Server.java:run(1344)) - IPC Server listener on 15427: starting
2021-07-27 15:00:02,551 [b07764cb-34df-45d7-9560-8ac949593b7a@group-6D50A358B8D8-LeaderStateImpl] INFO  server.RaftServer$Division (ServerState.java:setRaftConf(387)) - b07764cb-34df-45d7-9560-8ac949593b7a@group-6D50A358B8D8: set configuration 3: [112e9cde-9cb9-43e4-9ef1-6a6d7fd9222c|rpc:localhost:15426|priority:0, b07764cb-34df-45d7-9560-8ac949593b7a|rpc:localhost:15416|admin:|client:|dataStream:|priority:0], old=[b07764cb-34df-45d7-9560-8ac949593b7a|rpc:localhost:15416|admin:|client:|dataStream:|priority:0]
2021-07-27 15:00:02,558 [grpc-default-executor-0] INFO  server.RaftServer$Division (ServerState.java:setRaftConf(387)) - 112e9cde-9cb9-43e4-9ef1-6a6d7fd9222c@group-6D50A358B8D8: set configuration 3: [112e9cde-9cb9-43e4-9ef1-6a6d7fd9222c|rpc:localhost:15426|admin:|client:|dataStream:|priority:0, b07764cb-34df-45d7-9560-8ac949593b7a|rpc:localhost:15416|admin:|client:|dataStream:|priority:0], old=[b07764cb-34df-45d7-9560-8ac949593b7a|rpc:localhost:15416|admin:|client:|dataStream:|priority:0]
2021-07-27 15:00:02,566 [b07764cb-34df-45d7-9560-8ac949593b7a@group-6D50A358B8D8-LeaderStateImpl] INFO  server.RaftServer$Division (ServerState.java:setRaftConf(387)) - b07764cb-34df-45d7-9560-8ac949593b7a@group-6D50A358B8D8: set configuration 5: [112e9cde-9cb9-43e4-9ef1-6a6d7fd9222c|rpc:localhost:15426|priority:0, b07764cb-34df-45d7-9560-8ac949593b7a|rpc:localhost:15416|admin:|client:|dataStream:|priority:0], old=null
2021-07-27 15:00:02,569 [grpc-default-executor-0] INFO  server.RaftServer$Division (ServerState.java:setRaftConf(387)) - 112e9cde-9cb9-43e4-9ef1-6a6d7fd9222c@group-6D50A358B8D8: set configuration 5: [112e9cde-9cb9-43e4-9ef1-6a6d7fd9222c|rpc:localhost:15426|admin:|client:|dataStream:|priority:0, b07764cb-34df-45d7-9560-8ac949593b7a|rpc:localhost:15416|admin:|client:|dataStream:|priority:0], old=null
2021-07-27 15:00:02,587 [IPC Server handler 2 on default port 15418] INFO  ha.SCMRatisServerImpl (SCMRatisServerImpl.java:addSCM(291)) - Successfully added new SCM: 112e9cde-9cb9-43e4-9ef1-6a6d7fd9222c.
2021-07-27 15:00:02,588 [b07764cb-34df-45d7-9560-8ac949593b7a@group-6D50A358B8D8-StateMachineUpdater] INFO  ha.SCMStateMachine (SCMStateMachine.java:takeSnapshot(290)) - Current Snapshot Index 5, takeSnapshot took 0 ms
2021-07-27 15:00:02,588 [b07764cb-34df-45d7-9560-8ac949593b7a@group-6D50A358B8D8-StateMachineUpdater] INFO  impl.StateMachineUpdater (StateMachineUpdater.java:takeSnapshot(281)) - b07764cb-34df-45d7-9560-8ac949593b7a@group-6D50A358B8D8-StateMachineUpdater: Took a snapshot at index 5
2021-07-27 15:00:02,588 [b07764cb-34df-45d7-9560-8ac949593b7a@group-6D50A358B8D8-StateMachineUpdater] INFO  impl.StateMachineUpdater (StateMachineUpdater.java:lambda$new$0(89)) - b07764cb-34df-45d7-9560-8ac949593b7a@group-6D50A358B8D8-StateMachineUpdater: snapshotIndex: updateIncreasingly -1 -> 5
2021-07-27 15:00:02,588 [b07764cb-34df-45d7-9560-8ac949593b7a@group-6D50A358B8D8-StateMachineUpdater] INFO  raftlog.RaftLog (RaftLogBase.java:purge(306)) - b07764cb-34df-45d7-9560-8ac949593b7a@group-6D50A358B8D8-SegmentedRaftLog: purge 5
2021-07-27 15:00:02,589 [b07764cb-34df-45d7-9560-8ac949593b7a@group-6D50A358B8D8-StateMachineUpdater] INFO  raftlog.RaftLog (RaftLogBase.java:lambda$new$0(53)) - b07764cb-34df-45d7-9560-8ac949593b7a@group-6D50A358B8D8-SegmentedRaftLog: snapshotIndex: updateIncreasingly -1 -> 5
2021-07-27 15:00:02,590 [Listener at 0.0.0.0/15429] INFO  ha.SCMHAManagerImpl (SCMHAManagerImpl.java:start(116)) - Successfully added SCM scmNode-2 to group group-6D50A358B8D8:[112e9cde-9cb9-43e4-9ef1-6a6d7fd9222c|rpc:localhost:15426|admin:|client:|dataStream:|priority:0, b07764cb-34df-45d7-9560-8ac949593b7a|rpc:localhost:15416|admin:|client:|dataStream:|priority:0]
2021-07-27 15:00:02,591 [Listener at 0.0.0.0/15429] INFO  ha.InterSCMGrpcService (InterSCMGrpcProtocolService.java:start(94)) - Starting SCM Grpc Service at port 15430
2021-07-27 15:00:02,596 [b07764cb-34df-45d7-9560-8ac949593b7a@group-6D50A358B8D8-StateMachineUpdater] INFO  raftlog.RaftLog (RaftLogBase.java:lambda$new$0(53)) - b07764cb-34df-45d7-9560-8ac949593b7a@group-6D50A358B8D8-SegmentedRaftLog: purgeIndex: updateToMax old=-1, new=0, updated? true
2021-07-27 15:00:02,597 [Listener at 0.0.0.0/15429] INFO  impl.MetricsSystemImpl (MetricsSystemImpl.java:init(158)) - StorageContainerManager metrics system started (again)
2021-07-27 15:00:02,597 [112e9cde-9cb9-43e4-9ef1-6a6d7fd9222c@group-6D50A358B8D8-StateMachineUpdater] INFO  ha.SCMStateMachine (SCMStateMachine.java:takeSnapshot(290)) - Current Snapshot Index 5, takeSnapshot took 0 ms
2021-07-27 15:00:02,597 [112e9cde-9cb9-43e4-9ef1-6a6d7fd9222c@group-6D50A358B8D8-StateMachineUpdater] INFO  impl.StateMachineUpdater (StateMachineUpdater.java:takeSnapshot(281)) - 112e9cde-9cb9-43e4-9ef1-6a6d7fd9222c@group-6D50A358B8D8-StateMachineUpdater: Took a snapshot at index 5
2021-07-27 15:00:02,597 [112e9cde-9cb9-43e4-9ef1-6a6d7fd9222c@group-6D50A358B8D8-StateMachineUpdater] INFO  impl.StateMachineUpdater (StateMachineUpdater.java:lambda$new$0(89)) - 112e9cde-9cb9-43e4-9ef1-6a6d7fd9222c@group-6D50A358B8D8-StateMachineUpdater: snapshotIndex: updateIncreasingly -1 -> 5
2021-07-27 15:00:02,597 [112e9cde-9cb9-43e4-9ef1-6a6d7fd9222c@group-6D50A358B8D8-StateMachineUpdater] INFO  raftlog.RaftLog (RaftLogBase.java:purge(306)) - 112e9cde-9cb9-43e4-9ef1-6a6d7fd9222c@group-6D50A358B8D8-SegmentedRaftLog: purge 5
2021-07-27 15:00:02,597 [112e9cde-9cb9-43e4-9ef1-6a6d7fd9222c@group-6D50A358B8D8-StateMachineUpdater] INFO  raftlog.RaftLog (RaftLogBase.java:lambda$new$0(53)) - 112e9cde-9cb9-43e4-9ef1-6a6d7fd9222c@group-6D50A358B8D8-SegmentedRaftLog: snapshotIndex: updateIncreasingly -1 -> 5
2021-07-27 15:00:02,598 [112e9cde-9cb9-43e4-9ef1-6a6d7fd9222c@group-6D50A358B8D8-SegmentedRaftLogWorker] INFO  raftlog.RaftLog (RaftLogBase.java:lambda$new$0(53)) - 112e9cde-9cb9-43e4-9ef1-6a6d7fd9222c@group-6D50A358B8D8-SegmentedRaftLog: purgeIndex: updateToMax old=-1, new=0, updated? true
2021-07-27 15:00:02,620 [Listener at 0.0.0.0/15429] INFO  server.SCMClientProtocolServer (SCMClientProtocolServer.java:start(165)) - RPC server for Client  is listening at /0.0.0.0:15429
2021-07-27 15:00:02,622 [IPC Server Responder] INFO  ipc.Server (Server.java:run(1507)) - IPC Server Responder: starting
2021-07-27 15:00:02,622 [IPC Server listener on 15429] INFO  ipc.Server (Server.java:run(1344)) - IPC Server listener on 15429: starting
2021-07-27 15:00:02,623 [Listener at 0.0.0.0/15429] INFO  server.StorageContainerManager (StorageContainerManager.java:start(1260)) - ScmBlockLocationProtocol RPC server is listening at /0.0.0.0:15428
2021-07-27 15:00:02,624 [Listener at 0.0.0.0/15429] INFO  server.SCMBlockProtocolServer (SCMBlockProtocolServer.java:start(151)) - RPC server for Block Protocol is listening at /0.0.0.0:15428
2021-07-27 15:00:02,624 [IPC Server Responder] INFO  ipc.Server (Server.java:run(1507)) - IPC Server Responder: starting
2021-07-27 15:00:02,624 [IPC Server listener on 15428] INFO  ipc.Server (Server.java:run(1344)) - IPC Server listener on 15428: starting
2021-07-27 15:00:02,626 [Listener at 0.0.0.0/15429] INFO  server.StorageContainerManager (StorageContainerManager.java:start(1266)) - ScmDatanodeProtocl RPC server is listening at /0.0.0.0:15427
2021-07-27 15:00:02,639 [Listener at 0.0.0.0/15429] INFO  http.BaseHttpServer (BaseHttpServer.java:newHttpServer2BuilderForOzone(209)) - Starting Web-server for scm at: http://0.0.0.0:15424
2021-07-27 15:00:02,639 [Listener at 0.0.0.0/15429] INFO  http.BaseHttpServer (BaseHttpServer.java:<init>(107)) - Hadoop Security Enabled: false Ozone Security Enabled: false Ozone HTTP Security Enabled: false 
2021-07-27 15:00:02,641 [Listener at 0.0.0.0/15429] INFO  server.AuthenticationFilter (AuthenticationFilter.java:constructSecretProvider(240)) - Unable to initialize FileSignerSecretProvider, falling back to use random secrets.
2021-07-27 15:00:02,641 [Listener at 0.0.0.0/15429] WARN  http.HttpRequestLog (HttpRequestLog.java:getRequestLog(103)) - Jetty request log can only be enabled using Log4j
2021-07-27 15:00:02,643 [Listener at 0.0.0.0/15429] INFO  http.HttpServer2 (HttpServer2.java:addGlobalFilter(1020)) - Added global filter 'safety' (class=org.apache.hadoop.hdds.server.http.HttpServer2$QuotingInputFilter)
2021-07-27 15:00:02,644 [Listener at 0.0.0.0/15429] INFO  http.HttpServer2 (HttpServer2.java:addFilter(996)) - Added filter static_user_filter (class=org.apache.hadoop.http.lib.StaticUserWebFilter$StaticUserFilter) to context scm
2021-07-27 15:00:02,644 [Listener at 0.0.0.0/15429] INFO  http.HttpServer2 (HttpServer2.java:addFilter(1004)) - Added filter static_user_filter (class=org.apache.hadoop.http.lib.StaticUserWebFilter$StaticUserFilter) to context logs
2021-07-27 15:00:02,644 [Listener at 0.0.0.0/15429] INFO  http.HttpServer2 (HttpServer2.java:addFilter(1004)) - Added filter static_user_filter (class=org.apache.hadoop.http.lib.StaticUserWebFilter$StaticUserFilter) to context static
2021-07-27 15:00:02,645 [Listener at 0.0.0.0/15429] INFO  http.HttpServer2 (HttpServer2.java:bindListener(1239)) - Jetty bound to port 15424
2021-07-27 15:00:02,645 [Listener at 0.0.0.0/15429] INFO  server.Server (Server.java:doStart(375)) - jetty-9.4.35.v20201120; built: 2020-11-20T21:17:03.964Z; git: bdc54f03a5e0a7e280fab27f55c3c75ee8da89fb; jvm 1.8.0_292-b10
2021-07-27 15:00:02,639 [org.apache.hadoop.util.JvmPauseMonitor$Monitor@565030b7] INFO  util.JvmPauseMonitor (JvmPauseMonitor.java:run(188)) - Starting JVM pause monitor
2021-07-27 15:00:02,662 [Listener at 0.0.0.0/15429] INFO  server.session (DefaultSessionIdManager.java:doStart(334)) - DefaultSessionIdManager workerName=node0
2021-07-27 15:00:02,662 [Listener at 0.0.0.0/15429] INFO  server.session (DefaultSessionIdManager.java:doStart(339)) - No SessionScavenger set, using defaults
2021-07-27 15:00:02,662 [Listener at 0.0.0.0/15429] INFO  server.session (HouseKeeper.java:startScavenging(132)) - node0 Scavenging every 660000ms
2021-07-27 15:00:02,663 [Listener at 0.0.0.0/15429] INFO  handler.ContextHandler (ContextHandler.java:doStart(916)) - Started o.e.j.s.ServletContextHandler@2eb73a42{logs,/logs,file:///home/runner/work/ozone/ozone/mnt/ozone/hadoop-ozone/integration-test/target/log,AVAILABLE}
2021-07-27 15:00:02,663 [Listener at 0.0.0.0/15429] INFO  handler.ContextHandler (ContextHandler.java:doStart(916)) - Started o.e.j.s.ServletContextHandler@423d662a{static,/static,file:///home/runner/work/ozone/ozone/mnt/ozone/hadoop-ozone/integration-test/target/test-classes/webapps/static,AVAILABLE}
2021-07-27 15:00:02,667 [Listener at 0.0.0.0/15429] INFO  handler.ContextHandler (ContextHandler.java:doStart(916)) - Started o.e.j.w.WebAppContext@59509393{scm,/,file:///home/runner/work/ozone/ozone/mnt/ozone/hadoop-ozone/integration-test/target/test-classes/webapps/scm/,AVAILABLE}{file:/home/runner/work/ozone/ozone/mnt/ozone/hadoop-ozone/integration-test/target/test-classes/webapps/scm}
2021-07-27 15:00:02,675 [Listener at 0.0.0.0/15429] INFO  server.AbstractConnector (AbstractConnector.java:doStart(331)) - Started ServerConnector@22cf1808{HTTP/1.1, (http/1.1)}{0.0.0.0:15424}
2021-07-27 15:00:02,675 [Listener at 0.0.0.0/15429] INFO  server.Server (Server.java:doStart(415)) - Started @17473ms
2021-07-27 15:00:02,675 [Listener at 0.0.0.0/15429] WARN  impl.MetricsSystemImpl (MetricsSystemImpl.java:register(279)) - Sink prometheus already exists!
2021-07-27 15:00:02,676 [Listener at 0.0.0.0/15429] INFO  http.BaseHttpServer (BaseHttpServer.java:updateConnectorAddress(329)) - HTTP server of scm listening at http://0.0.0.0:15424
2021-07-27 15:00:02,676 [Listener at 0.0.0.0/15429] INFO  ozone.MiniOzoneHAClusterImpl (MiniOzoneHAClusterImpl.java:createSCMService(563)) - Started SCM RPC server at org.apache.hadoop.hdds.scm.server.SCMClientProtocolServer@1d6dc2b8
2021-07-27 15:00:02,677 [Listener at 0.0.0.0/15429] INFO  ha.SCMHANodeDetails (SCMHANodeDetails.java:loadSCMHAConfig(157)) - ServiceID for StorageContainerManager is scm-service-test1
2021-07-27 15:00:02,677 [Listener at 0.0.0.0/15429] INFO  ha.SCMHANodeDetails (SCMHANodeDetails.java:loadSCMHAConfig(168)) - ServiceID for StorageContainerManager is scm-service-test1
2021-07-27 15:00:02,677 [Listener at 0.0.0.0/15429] WARN  scm.ScmUtils (ScmUtils.java:logWarn(179)) - ConfigKey ozone.scm.block.client.address is deprecated, For configuring different ports for each SCM use PortConfigKey ozone.scm.block.client.port appended with serviceId and nodeId. If want to configure same port configure ozone.scm.block.client.port
2021-07-27 15:00:02,678 [Listener at 0.0.0.0/15429] WARN  scm.ScmUtils (ScmUtils.java:logWarn(179)) - ConfigKey ozone.scm.client.address is deprecated, For configuring different ports for each SCM use PortConfigKey ozone.scm.client.port appended with serviceId and nodeId. If want to configure same port configure ozone.scm.client.port
2021-07-27 15:00:02,678 [Listener at 0.0.0.0/15429] WARN  scm.ScmUtils (ScmUtils.java:logWarn(179)) - ConfigKey ozone.scm.datanode.address is deprecated, For configuring different ports for each SCM use PortConfigKey ozone.scm.datanode.port appended with serviceId and nodeId. If want to configure same port configure ozone.scm.datanode.port
2021-07-27 15:00:02,678 [Listener at 0.0.0.0/15429] WARN  scm.ScmUtils (ScmUtils.java:logWarn(179)) - ConfigKey ozone.scm.block.client.address is deprecated, For configuring different ports for each SCM use PortConfigKey ozone.scm.block.client.port appended with serviceId and nodeId. If want to configure same port configure ozone.scm.block.client.port
2021-07-27 15:00:02,678 [Listener at 0.0.0.0/15429] WARN  scm.ScmUtils (ScmUtils.java:logWarn(179)) - ConfigKey ozone.scm.client.address is deprecated, For configuring different ports for each SCM use PortConfigKey ozone.scm.client.port appended with serviceId and nodeId. If want to configure same port configure ozone.scm.client.port
2021-07-27 15:00:02,679 [Listener at 0.0.0.0/15429] WARN  scm.ScmUtils (ScmUtils.java:logWarn(179)) - ConfigKey ozone.scm.datanode.address is deprecated, For configuring different ports for each SCM use PortConfigKey ozone.scm.datanode.port appended with serviceId and nodeId. If want to configure same port configure ozone.scm.datanode.port
2021-07-27 15:00:02,680 [Listener at 0.0.0.0/15429] INFO  ha.SCMHANodeDetails (SCMHANodeDetails.java:loadSCMHAConfig(250)) - Found matching SCM address with SCMServiceId: scm-service-test1, SCMNodeId: scmNode-3, RPC Address: localhost:15436 and Ratis port: 15436
2021-07-27 15:00:02,680 [Listener at 0.0.0.0/15429] INFO  ha.SCMHANodeDetails (ConfUtils.java:setNodeSpecificConfigs(108)) - Setting configuration key ozone.scm.datanode.address with value of key ozone.scm.datanode.address.scm-service-test1.scmNode-3: 127.0.0.1:15437
2021-07-27 15:00:02,680 [Listener at 0.0.0.0/15429] INFO  ha.SCMHANodeDetails (ConfUtils.java:setNodeSpecificConfigs(108)) - Setting configuration key ozone.scm.block.client.address with value of key ozone.scm.block.client.address.scm-service-test1.scmNode-3: 127.0.0.1:15438
2021-07-27 15:00:02,680 [Listener at 0.0.0.0/15429] INFO  ha.SCMHANodeDetails (ConfUtils.java:setNodeSpecificConfigs(108)) - Setting configuration key ozone.scm.client.address with value of key ozone.scm.client.address.scm-service-test1.scmNode-3: 127.0.0.1:15439
2021-07-27 15:00:02,680 [Listener at 0.0.0.0/15429] INFO  ha.SCMHANodeDetails (ConfUtils.java:setNodeSpecificConfigs(108)) - Setting configuration key ozone.scm.ratis.port with value of key ozone.scm.ratis.port.scm-service-test1.scmNode-3: 15436
2021-07-27 15:00:02,681 [Listener at 0.0.0.0/15429] INFO  ha.SCMHANodeDetails (ConfUtils.java:setNodeSpecificConfigs(108)) - Setting configuration key ozone.scm.grpc.port with value of key ozone.scm.grpc.port.scm-service-test1.scmNode-3: 15440
2021-07-27 15:00:02,681 [Listener at 0.0.0.0/15429] INFO  ha.SCMHANodeDetails (ConfUtils.java:setNodeSpecificConfigs(108)) - Setting configuration key ozone.scm.http-address with value of key ozone.scm.http-address.scm-service-test1.scmNode-3: 127.0.0.1:15434
2021-07-27 15:00:02,681 [Listener at 0.0.0.0/15429] INFO  ha.SCMHANodeDetails (ConfUtils.java:setNodeSpecificConfigs(108)) - Setting configuration key ozone.scm.https-address with value of key ozone.scm.https-address.scm-service-test1.scmNode-3: 127.0.0.1:15435
2021-07-27 15:00:02,681 [Listener at 0.0.0.0/15429] INFO  ha.SCMHANodeDetails (ConfUtils.java:setNodeSpecificConfigs(108)) - Setting configuration key ozone.scm.address with value of key ozone.scm.address.scm-service-test1.scmNode-3: 127.0.0.1
2021-07-27 15:00:02,681 [Listener at 0.0.0.0/15429] WARN  scm.ScmUtils (ScmUtils.java:logWarn(179)) - ConfigKey ozone.scm.block.client.address is deprecated, For configuring different ports for each SCM use PortConfigKey ozone.scm.block.client.port appended with serviceId and nodeId. If want to configure same port configure ozone.scm.block.client.port
2021-07-27 15:00:02,682 [Listener at 0.0.0.0/15429] WARN  scm.ScmUtils (ScmUtils.java:logWarn(179)) - ConfigKey ozone.scm.client.address is deprecated, For configuring different ports for each SCM use PortConfigKey ozone.scm.client.port appended with serviceId and nodeId. If want to configure same port configure ozone.scm.client.port
2021-07-27 15:00:02,682 [Listener at 0.0.0.0/15429] WARN  scm.ScmUtils (ScmUtils.java:logWarn(179)) - ConfigKey ozone.scm.datanode.address is deprecated, For configuring different ports for each SCM use PortConfigKey ozone.scm.datanode.port appended with serviceId and nodeId. If want to configure same port configure ozone.scm.datanode.port
2021-07-27 15:00:02,682 [Listener at 0.0.0.0/15429] WARN  server.ServerUtils (ServerUtils.java:getScmDbDir(148)) - ozone.scm.db.dirs is not configured. We recommend adding this setting. Falling back to ozone.metadata.dirs instead.
2021-07-27 15:00:02,684 [Listener at 0.0.0.0/15429] INFO  ha.SCMNodeInfo (SCMNodeInfo.java:getPort(197)) - ConfigKey ozone.scm.client.address is deprecated, For configuring different ports for each SCM use PortConfigKey ozone.scm.client.port appended with serviceId and nodeId
2021-07-27 15:00:02,684 [Listener at 0.0.0.0/15429] INFO  ha.SCMNodeInfo (SCMNodeInfo.java:getPort(197)) - ConfigKey ozone.scm.block.client.address is deprecated, For configuring different ports for each SCM use PortConfigKey ozone.scm.block.client.port appended with serviceId and nodeId
2021-07-27 15:00:02,685 [Listener at 0.0.0.0/15429] INFO  ha.SCMNodeInfo (SCMNodeInfo.java:getPort(197)) - ConfigKey ozone.scm.datanode.address is deprecated, For configuring different ports for each SCM use PortConfigKey ozone.scm.datanode.port appended with serviceId and nodeId
2021-07-27 15:00:02,685 [Listener at 0.0.0.0/15429] INFO  ha.SCMNodeInfo (SCMNodeInfo.java:getPort(197)) - ConfigKey ozone.scm.client.address is deprecated, For configuring different ports for each SCM use PortConfigKey ozone.scm.client.port appended with serviceId and nodeId
2021-07-27 15:00:02,685 [Listener at 0.0.0.0/15429] INFO  ha.SCMNodeInfo (SCMNodeInfo.java:getPort(197)) - ConfigKey ozone.scm.block.client.address is deprecated, For configuring different ports for each SCM use PortConfigKey ozone.scm.block.client.port appended with serviceId and nodeId
2021-07-27 15:00:02,685 [Listener at 0.0.0.0/15429] INFO  ha.SCMNodeInfo (SCMNodeInfo.java:getPort(197)) - ConfigKey ozone.scm.datanode.address is deprecated, For configuring different ports for each SCM use PortConfigKey ozone.scm.datanode.port appended with serviceId and nodeId
2021-07-27 15:00:02,685 [Listener at 0.0.0.0/15429] INFO  ha.SCMNodeInfo (SCMNodeInfo.java:getPort(197)) - ConfigKey ozone.scm.client.address is deprecated, For configuring different ports for each SCM use PortConfigKey ozone.scm.client.port appended with serviceId and nodeId
2021-07-27 15:00:02,685 [Listener at 0.0.0.0/15429] INFO  ha.SCMNodeInfo (SCMNodeInfo.java:getPort(197)) - ConfigKey ozone.scm.block.client.address is deprecated, For configuring different ports for each SCM use PortConfigKey ozone.scm.block.client.port appended with serviceId and nodeId
2021-07-27 15:00:02,685 [Listener at 0.0.0.0/15429] INFO  ha.SCMNodeInfo (SCMNodeInfo.java:getPort(197)) - ConfigKey ozone.scm.datanode.address is deprecated, For configuring different ports for each SCM use PortConfigKey ozone.scm.datanode.port appended with serviceId and nodeId
2021-07-27 15:00:02,697 [Listener at 0.0.0.0/15429] INFO  server.StorageContainerManager (StorageContainerManager.java:scmBootstrap(945)) - SCM BootStrap  is successful for ClusterID 1c236c99-c7c8-4b90-98b3-6d50a358b8d8, SCMID 5fdc2252-45b1-4cf6-9f05-f5a52225645a
2021-07-27 15:00:02,698 [Listener at 0.0.0.0/15429] INFO  server.StorageContainerManager (StorageContainerManager.java:scmBootstrap(947)) - Primary SCM Node ID b07764cb-34df-45d7-9560-8ac949593b7a
2021-07-27 15:00:02,698 [Listener at 0.0.0.0/15429] INFO  ha.SCMHANodeDetails (SCMHANodeDetails.java:loadSCMHAConfig(157)) - ServiceID for StorageContainerManager is scm-service-test1
2021-07-27 15:00:02,698 [Listener at 0.0.0.0/15429] INFO  ha.SCMHANodeDetails (SCMHANodeDetails.java:loadSCMHAConfig(168)) - ServiceID for StorageContainerManager is scm-service-test1
2021-07-27 15:00:02,698 [Listener at 0.0.0.0/15429] WARN  scm.ScmUtils (ScmUtils.java:logWarn(179)) - ConfigKey ozone.scm.block.client.address is deprecated, For configuring different ports for each SCM use PortConfigKey ozone.scm.block.client.port appended with serviceId and nodeId. If want to configure same port configure ozone.scm.block.client.port
2021-07-27 15:00:02,698 [Listener at 0.0.0.0/15429] WARN  scm.ScmUtils (ScmUtils.java:logWarn(179)) - ConfigKey ozone.scm.client.address is deprecated, For configuring different ports for each SCM use PortConfigKey ozone.scm.client.port appended with serviceId and nodeId. If want to configure same port configure ozone.scm.client.port
2021-07-27 15:00:02,698 [Listener at 0.0.0.0/15429] WARN  scm.ScmUtils (ScmUtils.java:logWarn(179)) - ConfigKey ozone.scm.datanode.address is deprecated, For configuring different ports for each SCM use PortConfigKey ozone.scm.datanode.port appended with serviceId and nodeId. If want to configure same port configure ozone.scm.datanode.port
2021-07-27 15:00:02,698 [Listener at 0.0.0.0/15429] WARN  scm.ScmUtils (ScmUtils.java:logWarn(179)) - ConfigKey ozone.scm.block.client.address is deprecated, For configuring different ports for each SCM use PortConfigKey ozone.scm.block.client.port appended with serviceId and nodeId. If want to configure same port configure ozone.scm.block.client.port
2021-07-27 15:00:02,699 [Listener at 0.0.0.0/15429] WARN  scm.ScmUtils (ScmUtils.java:logWarn(179)) - ConfigKey ozone.scm.client.address is deprecated, For configuring different ports for each SCM use PortConfigKey ozone.scm.client.port appended with serviceId and nodeId. If want to configure same port configure ozone.scm.client.port
2021-07-27 15:00:02,699 [Listener at 0.0.0.0/15429] WARN  scm.ScmUtils (ScmUtils.java:logWarn(179)) - ConfigKey ozone.scm.datanode.address is deprecated, For configuring different ports for each SCM use PortConfigKey ozone.scm.datanode.port appended with serviceId and nodeId. If want to configure same port configure ozone.scm.datanode.port
2021-07-27 15:00:02,699 [Listener at 0.0.0.0/15429] INFO  ha.SCMHANodeDetails (SCMHANodeDetails.java:loadSCMHAConfig(250)) - Found matching SCM address with SCMServiceId: scm-service-test1, SCMNodeId: scmNode-3, RPC Address: localhost:15436 and Ratis port: 15436
2021-07-27 15:00:02,699 [Listener at 0.0.0.0/15429] INFO  ha.SCMHANodeDetails (ConfUtils.java:setNodeSpecificConfigs(108)) - Setting configuration key ozone.scm.datanode.address with value of key ozone.scm.datanode.address.scm-service-test1.scmNode-3: 127.0.0.1:15437
2021-07-27 15:00:02,699 [Listener at 0.0.0.0/15429] INFO  ha.SCMHANodeDetails (ConfUtils.java:setNodeSpecificConfigs(108)) - Setting configuration key ozone.scm.block.client.address with value of key ozone.scm.block.client.address.scm-service-test1.scmNode-3: 127.0.0.1:15438
2021-07-27 15:00:02,699 [Listener at 0.0.0.0/15429] INFO  ha.SCMHANodeDetails (ConfUtils.java:setNodeSpecificConfigs(108)) - Setting configuration key ozone.scm.client.address with value of key ozone.scm.client.address.scm-service-test1.scmNode-3: 127.0.0.1:15439
2021-07-27 15:00:02,699 [Listener at 0.0.0.0/15429] INFO  ha.SCMHANodeDetails (ConfUtils.java:setNodeSpecificConfigs(108)) - Setting configuration key ozone.scm.ratis.port with value of key ozone.scm.ratis.port.scm-service-test1.scmNode-3: 15436
2021-07-27 15:00:02,699 [Listener at 0.0.0.0/15429] INFO  ha.SCMHANodeDetails (ConfUtils.java:setNodeSpecificConfigs(108)) - Setting configuration key ozone.scm.grpc.port with value of key ozone.scm.grpc.port.scm-service-test1.scmNode-3: 15440
2021-07-27 15:00:02,700 [Listener at 0.0.0.0/15429] INFO  ha.SCMHANodeDetails (ConfUtils.java:setNodeSpecificConfigs(108)) - Setting configuration key ozone.scm.http-address with value of key ozone.scm.http-address.scm-service-test1.scmNode-3: 127.0.0.1:15434
2021-07-27 15:00:02,700 [Listener at 0.0.0.0/15429] INFO  ha.SCMHANodeDetails (ConfUtils.java:setNodeSpecificConfigs(108)) - Setting configuration key ozone.scm.https-address with value of key ozone.scm.https-address.scm-service-test1.scmNode-3: 127.0.0.1:15435
2021-07-27 15:00:02,700 [Listener at 0.0.0.0/15429] INFO  ha.SCMHANodeDetails (ConfUtils.java:setNodeSpecificConfigs(108)) - Setting configuration key ozone.scm.address with value of key ozone.scm.address.scm-service-test1.scmNode-3: 127.0.0.1
2021-07-27 15:00:02,700 [Listener at 0.0.0.0/15429] WARN  scm.ScmUtils (ScmUtils.java:logWarn(179)) - ConfigKey ozone.scm.block.client.address is deprecated, For configuring different ports for each SCM use PortConfigKey ozone.scm.block.client.port appended with serviceId and nodeId. If want to configure same port configure ozone.scm.block.client.port
2021-07-27 15:00:02,700 [Listener at 0.0.0.0/15429] WARN  scm.ScmUtils (ScmUtils.java:logWarn(179)) - ConfigKey ozone.scm.client.address is deprecated, For configuring different ports for each SCM use PortConfigKey ozone.scm.client.port appended with serviceId and nodeId. If want to configure same port configure ozone.scm.client.port
2021-07-27 15:00:02,700 [Listener at 0.0.0.0/15429] WARN  scm.ScmUtils (ScmUtils.java:logWarn(179)) - ConfigKey ozone.scm.datanode.address is deprecated, For configuring different ports for each SCM use PortConfigKey ozone.scm.datanode.port appended with serviceId and nodeId. If want to configure same port configure ozone.scm.datanode.port
2021-07-27 15:00:02,702 [Listener at 0.0.0.0/15429] WARN  server.ServerUtils (ServerUtils.java:getScmDbDir(148)) - ozone.scm.db.dirs is not configured. We recommend adding this setting. Falling back to ozone.metadata.dirs instead.
2021-07-27 15:00:02,702 [Listener at 0.0.0.0/15429] INFO  upgrade.AbstractLayoutVersionManager (AbstractLayoutVersionManager.java:init(70)) - Initializing Layout version manager with metadata layout = SCM_HA (version = 2), software layout = SCM_HA (version = 2)
2021-07-27 15:00:02,887 [Listener at 0.0.0.0/15429] INFO  reflections.Reflections (Reflections.java:scan(232)) - Reflections took 183 ms to scan 7 urls, producing 119 keys and 271 values 
2021-07-27 15:00:02,898 [Listener at 0.0.0.0/15429] WARN  utils.HAUtils (HAUtils.java:getMetaDir(342)) - ozone.scm.db.dirs is not configured. We recommend adding this setting. Falling back to ozone.metadata.dirs instead.
2021-07-27 15:00:02,901 [Listener at 0.0.0.0/15429] WARN  db.DBStoreBuilder (DBStoreBuilder.java:applyDBDefinition(145)) - ozone.scm.db.dirs is not configured. We recommend adding this setting. Falling back to ozone.metadata.dirs instead.
2021-07-27 15:00:02,983 [Listener at 0.0.0.0/15429] INFO  net.NodeSchemaLoader (NodeSchemaLoader.java:loadSchemaFromFile(129)) - Loading schema from [jar:file:/home/runner/.m2/repository/org/apache/ozone/hdds-common/1.2.0-SNAPSHOT/hdds-common-1.2.0-SNAPSHOT.jar!/network-topology-default.xml]
2021-07-27 15:00:02,983 [Listener at 0.0.0.0/15429] INFO  net.NodeSchemaLoader (NodeSchemaLoader.java:loadSchema(176)) - Loading network topology layer schema file
2021-07-27 15:00:02,986 [Listener at 0.0.0.0/15429] INFO  ha.SCMRatisServerImpl (SCMRatisServerImpl.java:<init>(85)) - starting Raft server for scm:5fdc2252-45b1-4cf6-9f05-f5a52225645a
2021-07-27 15:00:02,987 [Listener at 0.0.0.0/15429] INFO  server.RaftServer (ConfUtils.java:logGet(44)) - raft.rpc.type = GRPC (default)
2021-07-27 15:00:02,987 [Listener at 0.0.0.0/15429] INFO  grpc.GrpcFactory (GrpcFactory.java:checkPooledByteBufAllocatorUseCacheForAllThreads(48)) - PERFORMANCE WARNING: useCacheForAllThreads is true that may cause Netty to create a lot garbage objects and, as a result, trigger GC.
	It is recommended to disable useCacheForAllThreads by setting -Dorg.apache.ratis.thirdparty.io.netty.allocator.useCacheForAllThreads=false in command line.
2021-07-27 15:00:02,987 [Listener at 0.0.0.0/15429] INFO  grpc.GrpcConfigKeys (ConfUtils.java:logGet(44)) - raft.grpc.admin.port = -1 (default)
2021-07-27 15:00:02,988 [Listener at 0.0.0.0/15429] INFO  grpc.GrpcConfigKeys (ConfUtils.java:logGet(44)) - raft.grpc.server.port = 15436 (custom)
2021-07-27 15:00:02,988 [Listener at 0.0.0.0/15429] INFO  grpc.GrpcConfigKeys (ConfUtils.java:logGet(44)) - raft.grpc.client.port = -1 (default)
2021-07-27 15:00:02,988 [Listener at 0.0.0.0/15429] INFO  grpc.GrpcConfigKeys (ConfUtils.java:logGet(44)) - raft.grpc.server.port = 15436 (custom)
2021-07-27 15:00:02,988 [Listener at 0.0.0.0/15429] INFO  grpc.GrpcConfigKeys (ConfUtils.java:logGet(44)) - raft.grpc.server.port = 15436 (custom)
2021-07-27 15:00:02,988 [Listener at 0.0.0.0/15429] INFO  server.GrpcService (ConfUtils.java:logGet(44)) - raft.grpc.message.size.max = 32m (=33554432) (custom)
2021-07-27 15:00:02,988 [Listener at 0.0.0.0/15429] INFO  server.RaftServerConfigKeys (ConfUtils.java:logGet(44)) - raft.server.log.appender.buffer.byte-limit = 33554432 (custom)
2021-07-27 15:00:02,989 [Listener at 0.0.0.0/15429] INFO  server.GrpcService (ConfUtils.java:logGet(44)) - raft.grpc.flow.control.window = 1MB (=1048576) (default)
2021-07-27 15:00:02,989 [Listener at 0.0.0.0/15429] INFO  server.RaftServerConfigKeys (ConfUtils.java:logGet(44)) - raft.server.rpc.request.timeout = 30000ms (custom)
2021-07-27 15:00:02,990 [Listener at 0.0.0.0/15429] INFO  impl.DataStreamServerImpl (ConfUtils.java:logGet(44)) - raft.datastream.type = DISABLED (default)
2021-07-27 15:00:02,990 [Listener at 0.0.0.0/15429] INFO  server.RaftServerConfigKeys (ConfUtils.java:logGet(44)) - raft.server.rpc.slowness.timeout = 120000ms (custom)
2021-07-27 15:00:02,990 [Listener at 0.0.0.0/15429] INFO  server.RaftServerConfigKeys (ConfUtils.java:logGet(44)) - raft.server.leaderelection.leader.step-down.wait-time = 10s (default)
2021-07-27 15:00:02,990 [Listener at 0.0.0.0/15429] INFO  server.RaftServerConfigKeys (ConfUtils.java:logGet(44)) - raft.server.storage.dir = [/home/runner/work/ozone/ozone/mnt/ozone/hadoop-ozone/integration-test/target/test-dir/MiniOzoneClusterImpl-1c236c99-c7c8-4b90-98b3-6d50a358b8d8/scmNode-3/scm-ha] (custom)
2021-07-27 15:00:02,991 [Listener at 0.0.0.0/15429] INFO  server.RaftServer (RaftServerProxy.java:addNew(95)) - 5fdc2252-45b1-4cf6-9f05-f5a52225645a: addNew group-6D50A358B8D8:[] returns group-6D50A358B8D8:java.util.concurrent.CompletableFuture@37a36194[Not completed]
2021-07-27 15:00:02,991 [pool-54-thread-1] INFO  server.RaftServer$Division (RaftServerImpl.java:<init>(181)) - 5fdc2252-45b1-4cf6-9f05-f5a52225645a: new RaftServerImpl for group-6D50A358B8D8:[] with SCMStateMachine:uninitialized
2021-07-27 15:00:02,992 [pool-54-thread-1] INFO  server.RaftServerConfigKeys (ConfUtils.java:logGet(44)) - raft.server.rpc.timeout.min = 5000ms (custom)
2021-07-27 15:00:02,992 [pool-54-thread-1] INFO  server.RaftServerConfigKeys (ConfUtils.java:logGet(44)) - raft.server.rpc.timeout.max = 5200ms (custom)
2021-07-27 15:00:02,992 [pool-54-thread-1] INFO  server.RaftServerConfigKeys (ConfUtils.java:logGet(44)) - raft.server.rpc.sleep.time = 25ms (default)
2021-07-27 15:00:02,992 [pool-54-thread-1] INFO  server.RaftServerConfigKeys (ConfUtils.java:logGet(44)) - raft.server.rpc.slowness.timeout = 120000ms (custom)
2021-07-27 15:00:02,992 [pool-54-thread-1] INFO  server.RaftServerConfigKeys (ConfUtils.java:logGet(44)) - raft.server.leaderelection.leader.step-down.wait-time = 10s (default)
2021-07-27 15:00:02,992 [pool-54-thread-1] INFO  server.RaftServerConfigKeys (ConfUtils.java:logGet(44)) - raft.server.sleep.deviation.threshold = 300ms (default)
2021-07-27 15:00:02,992 [pool-54-thread-1] INFO  server.RaftServerConfigKeys (ConfUtils.java:logGet(44)) - raft.server.log.appender.install.snapshot.enabled = false (custom)
2021-07-27 15:00:02,992 [pool-54-thread-1] INFO  server.RaftServer$Division (ServerState.java:<init>(105)) - 5fdc2252-45b1-4cf6-9f05-f5a52225645a@group-6D50A358B8D8: ConfigurationManager, init=-1: [], old=null, confs=<EMPTY_MAP>
2021-07-27 15:00:02,992 [pool-54-thread-1] INFO  server.RaftServerConfigKeys (ConfUtils.java:logGet(44)) - raft.server.storage.dir = [/home/runner/work/ozone/ozone/mnt/ozone/hadoop-ozone/integration-test/target/test-dir/MiniOzoneClusterImpl-1c236c99-c7c8-4b90-98b3-6d50a358b8d8/scmNode-3/scm-ha] (custom)
2021-07-27 15:00:02,992 [pool-54-thread-1] INFO  server.RaftServerConfigKeys (ConfUtils.java:logGet(44)) - raft.server.log.corruption.policy = EXCEPTION (default)
2021-07-27 15:00:02,993 [pool-54-thread-1] INFO  server.RaftServerConfigKeys (ConfUtils.java:logGet(44)) - raft.server.storage.free-space.min = 0MB (=0) (default)
2021-07-27 15:00:02,993 [pool-54-thread-1] INFO  storage.RaftStorageDirectory (RaftStorageDirectoryImpl.java:analyzeStorage(135)) - The storage directory /home/runner/work/ozone/ozone/mnt/ozone/hadoop-ozone/integration-test/target/test-dir/MiniOzoneClusterImpl-1c236c99-c7c8-4b90-98b3-6d50a358b8d8/scmNode-3/scm-ha/1c236c99-c7c8-4b90-98b3-6d50a358b8d8 does not exist. Creating ...
2021-07-27 15:00:02,998 [pool-54-thread-1] INFO  storage.RaftStorageDirectory (RaftStorageDirectoryImpl.java:tryLock(230)) - Lock on /home/runner/work/ozone/ozone/mnt/ozone/hadoop-ozone/integration-test/target/test-dir/MiniOzoneClusterImpl-1c236c99-c7c8-4b90-98b3-6d50a358b8d8/scmNode-3/scm-ha/1c236c99-c7c8-4b90-98b3-6d50a358b8d8/in_use.lock acquired by nodename 1209@fv-az12-803
2021-07-27 15:00:02,999 [pool-54-thread-1] INFO  storage.RaftStorage (RaftStorageImpl.java:format(89)) - Storage directory /home/runner/work/ozone/ozone/mnt/ozone/hadoop-ozone/integration-test/target/test-dir/MiniOzoneClusterImpl-1c236c99-c7c8-4b90-98b3-6d50a358b8d8/scmNode-3/scm-ha/1c236c99-c7c8-4b90-98b3-6d50a358b8d8 has been successfully formatted.
2021-07-27 15:00:02,999 [pool-54-thread-1] INFO  server.RaftServerConfigKeys (ConfUtils.java:logGet(44)) - raft.server.notification.no-leader.timeout = 60s (default)
2021-07-27 15:00:02,999 [pool-54-thread-1] INFO  server.RaftServerConfigKeys (ConfUtils.java:logGet(44)) - raft.server.log.use.memory = false (default)
2021-07-27 15:00:02,999 [pool-54-thread-1] INFO  server.RaftServerConfigKeys (ConfUtils.java:logGet(44)) - raft.server.log.purge.gap = 5 (custom)
2021-07-27 15:00:02,999 [pool-54-thread-1] INFO  server.RaftServerConfigKeys (ConfUtils.java:logGet(44)) - raft.server.log.appender.buffer.byte-limit = 33554432 (custom)
2021-07-27 15:00:02,999 [pool-54-thread-1] INFO  server.RaftServerConfigKeys (ConfUtils.java:logGet(44)) - raft.server.log.segment.size.max = 16384 (custom)
2021-07-27 15:00:03,001 [pool-54-thread-1] INFO  server.RaftServerConfigKeys (ConfUtils.java:logGet(44)) - raft.server.log.segment.cache.num.max = 2 (custom)
2021-07-27 15:00:03,002 [pool-54-thread-1] INFO  server.RaftServerConfigKeys (ConfUtils.java:logGet(44)) - raft.server.log.segment.cache.size.max = 200MB (=209715200) (default)
2021-07-27 15:00:03,002 [pool-54-thread-1] INFO  segmented.SegmentedRaftLogWorker (SegmentedRaftLogWorker.java:<init>(182)) - new 5fdc2252-45b1-4cf6-9f05-f5a52225645a@group-6D50A358B8D8-SegmentedRaftLogWorker for RaftStorageImpl:Storage Directory /home/runner/work/ozone/ozone/mnt/ozone/hadoop-ozone/integration-test/target/test-dir/MiniOzoneClusterImpl-1c236c99-c7c8-4b90-98b3-6d50a358b8d8/scmNode-3/scm-ha/1c236c99-c7c8-4b90-98b3-6d50a358b8d8
2021-07-27 15:00:03,002 [pool-54-thread-1] INFO  server.RaftServerConfigKeys (ConfUtils.java:logGet(44)) - raft.server.log.queue.byte-limit = 64MB (=67108864) (default)
2021-07-27 15:00:03,002 [pool-54-thread-1] INFO  server.RaftServerConfigKeys (ConfUtils.java:logGet(44)) - raft.server.log.queue.element-limit = 4096 (default)
2021-07-27 15:00:03,002 [pool-54-thread-1] INFO  server.RaftServerConfigKeys (ConfUtils.java:logGet(44)) - raft.server.log.segment.size.max = 16384 (custom)
2021-07-27 15:00:03,002 [pool-54-thread-1] INFO  server.RaftServerConfigKeys (ConfUtils.java:logGet(44)) - raft.server.log.preallocated.size = 16384 (custom)
2021-07-27 15:00:03,002 [pool-54-thread-1] INFO  server.RaftServerConfigKeys (ConfUtils.java:logGet(44)) - raft.server.log.force.sync.num = 128 (default)
2021-07-27 15:00:03,002 [pool-54-thread-1] INFO  server.RaftServerConfigKeys (ConfUtils.java:logGet(44)) - raft.server.log.statemachine.data.sync = true (default)
2021-07-27 15:00:03,002 [pool-54-thread-1] INFO  server.RaftServerConfigKeys (ConfUtils.java:logGet(44)) - raft.server.log.statemachine.data.sync.timeout = 10s (default)
2021-07-27 15:00:03,002 [pool-54-thread-1] INFO  server.RaftServerConfigKeys (ConfUtils.java:logGet(44)) - raft.server.log.statemachine.data.sync.timeout.retry = -1 (default)
2021-07-27 15:00:03,003 [pool-54-thread-1] INFO  server.RaftServerConfigKeys (ConfUtils.java:logGet(44)) - raft.server.log.write.buffer.size = 64KB (=65536) (default)
2021-07-27 15:00:03,003 [pool-54-thread-1] INFO  server.RaftServerConfigKeys (ConfUtils.java:logGet(44)) - raft.server.log.statemachine.data.caching.enabled = false (default)
2021-07-27 15:00:03,003 [pool-54-thread-1] INFO  segmented.SegmentedRaftLogWorker (SegmentedRaftLogWorker.java:lambda$new$0(133)) - 5fdc2252-45b1-4cf6-9f05-f5a52225645a@group-6D50A358B8D8-SegmentedRaftLogWorker: flushIndex: setUnconditionally 0 -> -1
2021-07-27 15:00:03,003 [pool-54-thread-1] INFO  segmented.SegmentedRaftLogWorker (SegmentedRaftLogWorker.java:lambda$new$0(133)) - 5fdc2252-45b1-4cf6-9f05-f5a52225645a@group-6D50A358B8D8-SegmentedRaftLogWorker: safeCacheEvictIndex: setUnconditionally 0 -> -1
2021-07-27 15:00:03,003 [pool-54-thread-1] INFO  server.RaftServerConfigKeys (ConfUtils.java:logGet(44)) - raft.server.snapshot.auto.trigger.enabled = true (custom)
2021-07-27 15:00:03,003 [pool-54-thread-1] INFO  server.RaftServerConfigKeys (ConfUtils.java:logGet(44)) - raft.server.snapshot.auto.trigger.threshold = 5 (custom)
2021-07-27 15:00:03,003 [pool-54-thread-1] INFO  server.RaftServerConfigKeys (ConfUtils.java:logGet(44)) - raft.server.snapshot.retention.file.num = -1 (default)
2021-07-27 15:00:03,003 [pool-54-thread-1] INFO  server.RaftServerConfigKeys (ConfUtils.java:logGet(44)) - raft.server.log.purge.upto.snapshot.index = true (custom)
2021-07-27 15:00:03,003 [pool-54-thread-1] INFO  server.RaftServerConfigKeys (ConfUtils.java:logGet(44)) - raft.server.retrycache.expirytime = 60000ms (default)
2021-07-27 15:00:03,003 [pool-54-thread-1] INFO  server.RaftServerConfigKeys (ConfUtils.java:logGet(44)) - raft.server.retrycache.statistics.expirytime = 100μs (default)
2021-07-27 15:00:03,004 [Listener at 0.0.0.0/15429] INFO  ha.SCMSnapshotProvider (SCMSnapshotProvider.java:<init>(66)) - Initializing SCM Snapshot Provider
2021-07-27 15:00:03,004 [Listener at 0.0.0.0/15429] WARN  server.ServerUtils (ServerUtils.java:getDefaultRatisDirectory(237)) - Storage directory for Ratis is not configured. It is a good idea to map this to an SSD disk. Falling back to ozone.metadata.dirs
2021-07-27 15:00:03,005 [Listener at 0.0.0.0/15429] WARN  ha.SCMHAUtils (SCMHAUtils.java:getSCMRatisSnapshotDirectory(142)) - SCM snapshot dir is not configured. Falling back to ozone.metadata.dirs config
2021-07-27 15:00:03,006 [Listener at 0.0.0.0/15429] INFO  ha.SequenceIdGenerator (SequenceIdGenerator.java:upgradeToSequenceId(327)) - upgrade localId to 107544261427200000
2021-07-27 15:00:03,006 [Listener at 0.0.0.0/15429] INFO  ha.SequenceIdGenerator (SequenceIdGenerator.java:upgradeToSequenceId(337)) - upgrade delTxnId to 0
2021-07-27 15:00:03,006 [Listener at 0.0.0.0/15429] INFO  ha.SequenceIdGenerator (SequenceIdGenerator.java:upgradeToSequenceId(351)) - upgrade containerId to 0
2021-07-27 15:00:03,006 [Listener at 0.0.0.0/15429] INFO  ha.SequenceIdGenerator (SequenceIdGenerator.java:<init>(217)) - Init the HA SequenceIdGenerator.
2021-07-27 15:00:03,007 [Listener at 0.0.0.0/15429] WARN  server.ServerUtils (ServerUtils.java:sanitizeUserArgs(73)) - ozone.scm.stale.node.interval value = 300000 is larger than max = 100000 based on the key value of ozone.scm.heartbeat.thread.interval, reset to the max value 100000.
2021-07-27 15:00:03,007 [Listener at 0.0.0.0/15429] WARN  server.ServerUtils (ServerUtils.java:sanitizeUserArgs(73)) - ozone.scm.stale.node.interval value = 300000 is larger than max = 100000 based on the key value of ozone.scm.heartbeat.thread.interval, reset to the max value 100000.
2021-07-27 15:00:03,007 [Listener at 0.0.0.0/15429] INFO  node.SCMNodeManager (SCMNodeManager.java:<init>(141)) - Entering startup safe mode.
2021-07-27 15:00:03,008 [Listener at 0.0.0.0/15429] INFO  algorithms.ContainerPlacementPolicyFactory (ContainerPlacementPolicyFactory.java:getPolicy(60)) - Create container placement policy of type org.apache.hadoop.hdds.scm.container.placement.algorithms.SCMContainerPlacementRandom
2021-07-27 15:00:03,008 [Listener at 0.0.0.0/15429] INFO  pipeline.PipelineStateManager (PipelineStateManagerV2Impl.java:initialize(78)) - No pipeline exists in current db
2021-07-27 15:00:03,009 [Listener at 0.0.0.0/15429] INFO  algorithms.LeaderChoosePolicyFactory (LeaderChoosePolicyFactory.java:getPolicy(57)) - Create leader choose policy of type org.apache.hadoop.hdds.scm.pipeline.leader.choose.algorithms.MinLeaderCountChoosePolicy
2021-07-27 15:00:03,009 [Listener at 0.0.0.0/15429] INFO  ha.SCMServiceManager (SCMServiceManager.java:register(43)) - Registering service BackgroundPipelineCreator.
2021-07-27 15:00:03,009 [Listener at 0.0.0.0/15429] INFO  pipeline.BackgroundPipelineCreator (BackgroundPipelineCreatorV2.java:start(130)) - Starting RatisPipelineUtilsThread.
2021-07-27 15:00:03,010 [Listener at 0.0.0.0/15429] INFO  algorithms.PipelineChoosePolicyFactory (PipelineChoosePolicyFactory.java:createPipelineChoosePolicyFromClass(73)) - Create pipeline choose policy of type org.apache.hadoop.hdds.scm.pipeline.choose.algorithms.RandomPipelineChoosePolicy
2021-07-27 15:00:03,010 [Listener at 0.0.0.0/15429] INFO  ha.SCMServiceManager (SCMServiceManager.java:register(43)) - Registering service SCMBlockDeletingService.
2021-07-27 15:00:03,011 [Listener at 0.0.0.0/15429] INFO  ha.SCMServiceManager (SCMServiceManager.java:register(43)) - Registering service ReplicationManager.
2021-07-27 15:00:03,011 [Listener at 0.0.0.0/15429] INFO  container.ReplicationManager (ReplicationManager.java:start(286)) - Starting Replication Monitor Thread.
2021-07-27 15:00:03,012 [Listener at 0.0.0.0/15429] INFO  safemode.ContainerSafeModeRule (ContainerSafeModeRule.java:<init>(89)) - containers with one replica threshold count 0
2021-07-27 15:00:03,012 [Listener at 0.0.0.0/15429] INFO  safemode.HealthyPipelineSafeModeRule (HealthyPipelineSafeModeRule.java:initializeRule(156)) - Total pipeline count is 0, healthy pipeline threshold count is 1
2021-07-27 15:00:03,013 [Listener at 0.0.0.0/15429] INFO  safemode.OneReplicaPipelineSafeModeRule (OneReplicaPipelineSafeModeRule.java:initializeRule(180)) - Total pipeline count is 0, pipeline's with at least one datanode reported threshold count is 0
2021-07-27 15:00:03,013 [Listener at 0.0.0.0/15429] INFO  ipc.CallQueueManager (CallQueueManager.java:<init>(90)) - Using callQueue: class java.util.concurrent.LinkedBlockingQueue, queueCapacity: 2000, scheduler: class org.apache.hadoop.ipc.DefaultRpcScheduler, ipcBackoff: false.
2021-07-27 15:00:03,014 [Socket Reader #1 for port 15437] INFO  ipc.Server (Server.java:run(1265)) - Starting Socket Reader #1 for port 15437
2021-07-27 15:00:03,015 [Listener at 0.0.0.0/15437] INFO  ipc.CallQueueManager (CallQueueManager.java:<init>(90)) - Using callQueue: class java.util.concurrent.LinkedBlockingQueue, queueCapacity: 2000, scheduler: class org.apache.hadoop.ipc.DefaultRpcScheduler, ipcBackoff: false.
2021-07-27 15:00:03,016 [Socket Reader #1 for port 15438] INFO  ipc.Server (Server.java:run(1265)) - Starting Socket Reader #1 for port 15438
2021-07-27 15:00:03,017 [Listener at 0.0.0.0/15438] INFO  ipc.CallQueueManager (CallQueueManager.java:<init>(90)) - Using callQueue: class java.util.concurrent.LinkedBlockingQueue, queueCapacity: 2000, scheduler: class org.apache.hadoop.ipc.DefaultRpcScheduler, ipcBackoff: false.
2021-07-27 15:00:03,017 [Socket Reader #1 for port 15439] INFO  ipc.Server (Server.java:run(1265)) - Starting Socket Reader #1 for port 15439
2021-07-27 15:00:03,022 [ReplicationMonitor] INFO  container.ReplicationManager (ReplicationManager.java:processAll(341)) - Replication Monitor Thread took 0 milliseconds for processing 0 containers.
2021-07-27 15:00:03,048 [Listener at 0.0.0.0/15439] INFO  server.StorageContainerManager (StorageContainerManager.java:<init>(380)) - 
Container Balancer status:
Key                            Value
Running                        true
Container Balancer Configuration values:
Key                            Value
Threshold                      0.1
Max Datanodes to Balance       5
Max Size to Move               10737418240B

2021-07-27 15:00:03,048 [Listener at 0.0.0.0/15439] WARN  events.EventQueue (EventQueue.java:fireEvent(194)) - No event handler registered for event TypedEvent{payloadType=SafeModeStatus, name='Safe mode status'}
2021-07-27 15:00:03,048 [Listener at 0.0.0.0/15439] INFO  ha.SCMContext (SCMContext.java:updateSafeModeStatus(205)) - Update SafeModeStatus from SafeModeStatus{safeModeStatus=true, preCheckPassed=false} to SafeModeStatus{safeModeStatus=true, preCheckPassed=false}.
2021-07-27 15:00:03,049 [Listener at 0.0.0.0/15439] INFO  ozone.MiniOzoneHAClusterImpl (MiniOzoneHAClusterImpl.java:createSCMService(567)) - Intialized SCM at org.apache.hadoop.hdds.scm.server.SCMClientProtocolServer@cbaabfb. This SCM is currently inactive (not running).
2021-07-27 15:00:03,161 [Listener at 0.0.0.0/15439] INFO  ha.OMHANodeDetails (OMHANodeDetails.java:loadOMHAConfig(118)) - ServiceID for OzoneManager is om-service-test1
2021-07-27 15:00:03,164 [Listener at 0.0.0.0/15439] INFO  ha.OMHANodeDetails (OMHANodeDetails.java:loadOMHAConfig(194)) - Found matching OM address with OMServiceId: om-service-test1, OMNodeId: omNode-1, RPC Address: localhost:12788 and Ratis port: 12792
2021-07-27 15:00:03,164 [Listener at 0.0.0.0/15439] INFO  ha.OMHANodeDetails (ConfUtils.java:setNodeSpecificConfigs(108)) - Setting configuration key ozone.om.http-address with value of key ozone.om.http-address.om-service-test1.omNode-1: 127.0.0.1:12790
2021-07-27 15:00:03,164 [Listener at 0.0.0.0/15439] INFO  ha.OMHANodeDetails (ConfUtils.java:setNodeSpecificConfigs(108)) - Setting configuration key ozone.om.https-address with value of key ozone.om.https-address.om-service-test1.omNode-1: 127.0.0.1:12791
2021-07-27 15:00:03,164 [Listener at 0.0.0.0/15439] INFO  ha.OMHANodeDetails (ConfUtils.java:setNodeSpecificConfigs(108)) - Setting configuration key ozone.om.address with value of key ozone.om.address.om-service-test1.omNode-1: 127.0.0.1:12788
2021-07-27 15:00:03,166 [Listener at 0.0.0.0/15439] WARN  server.ServerUtils (ServerUtils.java:getDBPath(225)) - ozone.om.db.dirs is not configured. We recommend adding this setting. Falling back to ozone.metadata.dirs instead.
2021-07-27 15:00:03,170 [Listener at 0.0.0.0/15439] INFO  ha.SCMNodeInfo (SCMNodeInfo.java:getPort(197)) - ConfigKey ozone.scm.client.address is deprecated, For configuring different ports for each SCM use PortConfigKey ozone.scm.client.port appended with serviceId and nodeId
2021-07-27 15:00:03,170 [Listener at 0.0.0.0/15439] INFO  ha.SCMNodeInfo (SCMNodeInfo.java:getPort(197)) - ConfigKey ozone.scm.block.client.address is deprecated, For configuring different ports for each SCM use PortConfigKey ozone.scm.block.client.port appended with serviceId and nodeId
2021-07-27 15:00:03,170 [Listener at 0.0.0.0/15439] INFO  ha.SCMNodeInfo (SCMNodeInfo.java:getPort(197)) - ConfigKey ozone.scm.datanode.address is deprecated, For configuring different ports for each SCM use PortConfigKey ozone.scm.datanode.port appended with serviceId and nodeId
2021-07-27 15:00:03,170 [Listener at 0.0.0.0/15439] INFO  ha.SCMNodeInfo (SCMNodeInfo.java:getPort(197)) - ConfigKey ozone.scm.client.address is deprecated, For configuring different ports for each SCM use PortConfigKey ozone.scm.client.port appended with serviceId and nodeId
2021-07-27 15:00:03,170 [Listener at 0.0.0.0/15439] INFO  ha.SCMNodeInfo (SCMNodeInfo.java:getPort(197)) - ConfigKey ozone.scm.block.client.address is deprecated, For configuring different ports for each SCM use PortConfigKey ozone.scm.block.client.port appended with serviceId and nodeId
2021-07-27 15:00:03,170 [Listener at 0.0.0.0/15439] INFO  ha.SCMNodeInfo (SCMNodeInfo.java:getPort(197)) - ConfigKey ozone.scm.datanode.address is deprecated, For configuring different ports for each SCM use PortConfigKey ozone.scm.datanode.port appended with serviceId and nodeId
2021-07-27 15:00:03,170 [Listener at 0.0.0.0/15439] INFO  ha.SCMNodeInfo (SCMNodeInfo.java:getPort(197)) - ConfigKey ozone.scm.client.address is deprecated, For configuring different ports for each SCM use PortConfigKey ozone.scm.client.port appended with serviceId and nodeId
2021-07-27 15:00:03,170 [Listener at 0.0.0.0/15439] INFO  ha.SCMNodeInfo (SCMNodeInfo.java:getPort(197)) - ConfigKey ozone.scm.block.client.address is deprecated, For configuring different ports for each SCM use PortConfigKey ozone.scm.block.client.port appended with serviceId and nodeId
2021-07-27 15:00:03,170 [Listener at 0.0.0.0/15439] INFO  ha.SCMNodeInfo (SCMNodeInfo.java:getPort(197)) - ConfigKey ozone.scm.datanode.address is deprecated, For configuring different ports for each SCM use PortConfigKey ozone.scm.datanode.port appended with serviceId and nodeId
OM initialization succeeded.Current cluster id for sd=/home/runner/work/ozone/ozone/mnt/ozone/hadoop-ozone/integration-test/target/test-dir/MiniOzoneClusterImpl-1c236c99-c7c8-4b90-98b3-6d50a358b8d8/omNode-1/om;cid=1c236c99-c7c8-4b90-98b3-6d50a358b8d8;layoutVersion=0
2021-07-27 15:00:03,178 [Listener at 0.0.0.0/15439] INFO  ha.OMHANodeDetails (OMHANodeDetails.java:loadOMHAConfig(118)) - ServiceID for OzoneManager is om-service-test1
2021-07-27 15:00:03,180 [Listener at 0.0.0.0/15439] INFO  ha.OMHANodeDetails (OMHANodeDetails.java:loadOMHAConfig(194)) - Found matching OM address with OMServiceId: om-service-test1, OMNodeId: omNode-1, RPC Address: localhost:12788 and Ratis port: 12792
2021-07-27 15:00:03,180 [Listener at 0.0.0.0/15439] INFO  ha.OMHANodeDetails (ConfUtils.java:setNodeSpecificConfigs(108)) - Setting configuration key ozone.om.http-address with value of key ozone.om.http-address.om-service-test1.omNode-1: 127.0.0.1:12790
2021-07-27 15:00:03,180 [Listener at 0.0.0.0/15439] INFO  ha.OMHANodeDetails (ConfUtils.java:setNodeSpecificConfigs(108)) - Setting configuration key ozone.om.https-address with value of key ozone.om.https-address.om-service-test1.omNode-1: 127.0.0.1:12791
2021-07-27 15:00:03,180 [Listener at 0.0.0.0/15439] INFO  ha.OMHANodeDetails (ConfUtils.java:setNodeSpecificConfigs(108)) - Setting configuration key ozone.om.address with value of key ozone.om.address.om-service-test1.omNode-1: 127.0.0.1:12788
2021-07-27 15:00:03,180 [Listener at 0.0.0.0/15439] WARN  server.ServerUtils (ServerUtils.java:getDBPath(225)) - ozone.om.db.dirs is not configured. We recommend adding this setting. Falling back to ozone.metadata.dirs instead.
2021-07-27 15:00:03,182 [Listener at 0.0.0.0/15439] INFO  upgrade.AbstractLayoutVersionManager (AbstractLayoutVersionManager.java:init(70)) - Initializing Layout version manager with metadata layout = INITIAL_VERSION (version = 0), software layout = INITIAL_VERSION (version = 0)
2021-07-27 15:00:03,248 [Listener at 0.0.0.0/15439] INFO  reflections.Reflections (Reflections.java:scan(232)) - Reflections took 63 ms to scan 2 urls, producing 131 keys and 342 values [using 2 cores]
2021-07-27 15:00:03,255 [Listener at 0.0.0.0/15439] INFO  upgrade.OMLayoutVersionManager (OMLayoutVersionManager.java:lambda$0(116)) - Skipping Upgrade Action MockOmUpgradeAction since it has been finalized.
2021-07-27 15:00:03,256 [Listener at 0.0.0.0/15439] WARN  server.ServerUtils (ServerUtils.java:getDBPath(225)) - ozone.om.db.dirs is not configured. We recommend adding this setting. Falling back to ozone.metadata.dirs instead.
2021-07-27 15:00:03,262 [Listener at 0.0.0.0/15439] INFO  ha.SCMNodeInfo (SCMNodeInfo.java:getPort(197)) - ConfigKey ozone.scm.client.address is deprecated, For configuring different ports for each SCM use PortConfigKey ozone.scm.client.port appended with serviceId and nodeId
2021-07-27 15:00:03,262 [Listener at 0.0.0.0/15439] INFO  ha.SCMNodeInfo (SCMNodeInfo.java:getPort(197)) - ConfigKey ozone.scm.block.client.address is deprecated, For configuring different ports for each SCM use PortConfigKey ozone.scm.block.client.port appended with serviceId and nodeId
2021-07-27 15:00:03,262 [Listener at 0.0.0.0/15439] INFO  ha.SCMNodeInfo (SCMNodeInfo.java:getPort(197)) - ConfigKey ozone.scm.datanode.address is deprecated, For configuring different ports for each SCM use PortConfigKey ozone.scm.datanode.port appended with serviceId and nodeId
2021-07-27 15:00:03,262 [Listener at 0.0.0.0/15439] INFO  ha.SCMNodeInfo (SCMNodeInfo.java:getPort(197)) - ConfigKey ozone.scm.client.address is deprecated, For configuring different ports for each SCM use PortConfigKey ozone.scm.client.port appended with serviceId and nodeId
2021-07-27 15:00:03,263 [Listener at 0.0.0.0/15439] INFO  ha.SCMNodeInfo (SCMNodeInfo.java:getPort(197)) - ConfigKey ozone.scm.block.client.address is deprecated, For configuring different ports for each SCM use PortConfigKey ozone.scm.block.client.port appended with serviceId and nodeId
2021-07-27 15:00:03,263 [Listener at 0.0.0.0/15439] INFO  ha.SCMNodeInfo (SCMNodeInfo.java:getPort(197)) - ConfigKey ozone.scm.datanode.address is deprecated, For configuring different ports for each SCM use PortConfigKey ozone.scm.datanode.port appended with serviceId and nodeId
2021-07-27 15:00:03,263 [Listener at 0.0.0.0/15439] INFO  ha.SCMNodeInfo (SCMNodeInfo.java:getPort(197)) - ConfigKey ozone.scm.client.address is deprecated, For configuring different ports for each SCM use PortConfigKey ozone.scm.client.port appended with serviceId and nodeId
2021-07-27 15:00:03,263 [Listener at 0.0.0.0/15439] INFO  ha.SCMNodeInfo (SCMNodeInfo.java:getPort(197)) - ConfigKey ozone.scm.block.client.address is deprecated, For configuring different ports for each SCM use PortConfigKey ozone.scm.block.client.port appended with serviceId and nodeId
2021-07-27 15:00:03,264 [Listener at 0.0.0.0/15439] INFO  ha.SCMNodeInfo (SCMNodeInfo.java:getPort(197)) - ConfigKey ozone.scm.datanode.address is deprecated, For configuring different ports for each SCM use PortConfigKey ozone.scm.datanode.port appended with serviceId and nodeId
2021-07-27 15:00:03,608 [org.apache.ratis.util.JvmPauseMonitor$$Lambda$499/841483227@7ebfe01a] WARN  util.JvmPauseMonitor (JvmPauseMonitor.java:detectPause(124)) - JvmPauseMonitor-b07764cb-34df-45d7-9560-8ac949593b7a: Detected pause in JVM or host machine (eg GC): pause of approximately 207265808ns.
GC pool 'PS MarkSweep' had collection(s): count=1 time=284ms
GC pool 'PS Scavenge' had collection(s): count=1 time=21ms
2021-07-27 15:00:03,699 [Listener at 0.0.0.0/15439] INFO  ha.SCMNodeInfo (SCMNodeInfo.java:getPort(197)) - ConfigKey ozone.scm.client.address is deprecated, For configuring different ports for each SCM use PortConfigKey ozone.scm.client.port appended with serviceId and nodeId
2021-07-27 15:00:03,700 [Listener at 0.0.0.0/15439] INFO  ha.SCMNodeInfo (SCMNodeInfo.java:getPort(197)) - ConfigKey ozone.scm.block.client.address is deprecated, For configuring different ports for each SCM use PortConfigKey ozone.scm.block.client.port appended with serviceId and nodeId
2021-07-27 15:00:03,700 [Listener at 0.0.0.0/15439] INFO  ha.SCMNodeInfo (SCMNodeInfo.java:getPort(197)) - ConfigKey ozone.scm.datanode.address is deprecated, For configuring different ports for each SCM use PortConfigKey ozone.scm.datanode.port appended with serviceId and nodeId
2021-07-27 15:00:03,700 [Listener at 0.0.0.0/15439] INFO  ha.SCMNodeInfo (SCMNodeInfo.java:getPort(197)) - ConfigKey ozone.scm.client.address is deprecated, For configuring different ports for each SCM use PortConfigKey ozone.scm.client.port appended with serviceId and nodeId
2021-07-27 15:00:03,700 [Listener at 0.0.0.0/15439] INFO  ha.SCMNodeInfo (SCMNodeInfo.java:getPort(197)) - ConfigKey ozone.scm.block.client.address is deprecated, For configuring different ports for each SCM use PortConfigKey ozone.scm.block.client.port appended with serviceId and nodeId
2021-07-27 15:00:03,700 [Listener at 0.0.0.0/15439] INFO  ha.SCMNodeInfo (SCMNodeInfo.java:getPort(197)) - ConfigKey ozone.scm.datanode.address is deprecated, For configuring different ports for each SCM use PortConfigKey ozone.scm.datanode.port appended with serviceId and nodeId
2021-07-27 15:00:03,700 [Listener at 0.0.0.0/15439] INFO  ha.SCMNodeInfo (SCMNodeInfo.java:getPort(197)) - ConfigKey ozone.scm.client.address is deprecated, For configuring different ports for each SCM use PortConfigKey ozone.scm.client.port appended with serviceId and nodeId
2021-07-27 15:00:03,701 [Listener at 0.0.0.0/15439] INFO  ha.SCMNodeInfo (SCMNodeInfo.java:getPort(197)) - ConfigKey ozone.scm.block.client.address is deprecated, For configuring different ports for each SCM use PortConfigKey ozone.scm.block.client.port appended with serviceId and nodeId
2021-07-27 15:00:03,701 [Listener at 0.0.0.0/15439] INFO  ha.SCMNodeInfo (SCMNodeInfo.java:getPort(197)) - ConfigKey ozone.scm.datanode.address is deprecated, For configuring different ports for each SCM use PortConfigKey ozone.scm.datanode.port appended with serviceId and nodeId
2021-07-27 15:00:03,703 [Listener at 0.0.0.0/15439] INFO  ha.SCMNodeInfo (SCMNodeInfo.java:getPort(197)) - ConfigKey ozone.scm.client.address is deprecated, For configuring different ports for each SCM use PortConfigKey ozone.scm.client.port appended with serviceId and nodeId
2021-07-27 15:00:03,703 [Listener at 0.0.0.0/15439] INFO  ha.SCMNodeInfo (SCMNodeInfo.java:getPort(197)) - ConfigKey ozone.scm.block.client.address is deprecated, For configuring different ports for each SCM use PortConfigKey ozone.scm.block.client.port appended with serviceId and nodeId
2021-07-27 15:00:03,703 [Listener at 0.0.0.0/15439] INFO  ha.SCMNodeInfo (SCMNodeInfo.java:getPort(197)) - ConfigKey ozone.scm.datanode.address is deprecated, For configuring different ports for each SCM use PortConfigKey ozone.scm.datanode.port appended with serviceId and nodeId
2021-07-27 15:00:03,703 [Listener at 0.0.0.0/15439] INFO  ha.SCMNodeInfo (SCMNodeInfo.java:getPort(197)) - ConfigKey ozone.scm.client.address is deprecated, For configuring different ports for each SCM use PortConfigKey ozone.scm.client.port appended with serviceId and nodeId
2021-07-27 15:00:03,703 [Listener at 0.0.0.0/15439] INFO  ha.SCMNodeInfo (SCMNodeInfo.java:getPort(197)) - ConfigKey ozone.scm.block.client.address is deprecated, For configuring different ports for each SCM use PortConfigKey ozone.scm.block.client.port appended with serviceId and nodeId
2021-07-27 15:00:03,703 [Listener at 0.0.0.0/15439] INFO  ha.SCMNodeInfo (SCMNodeInfo.java:getPort(197)) - ConfigKey ozone.scm.datanode.address is deprecated, For configuring different ports for each SCM use PortConfigKey ozone.scm.datanode.port appended with serviceId and nodeId
2021-07-27 15:00:03,703 [Listener at 0.0.0.0/15439] INFO  ha.SCMNodeInfo (SCMNodeInfo.java:getPort(197)) - ConfigKey ozone.scm.client.address is deprecated, For configuring different ports for each SCM use PortConfigKey ozone.scm.client.port appended with serviceId and nodeId
2021-07-27 15:00:03,703 [Listener at 0.0.0.0/15439] INFO  ha.SCMNodeInfo (SCMNodeInfo.java:getPort(197)) - ConfigKey ozone.scm.block.client.address is deprecated, For configuring different ports for each SCM use PortConfigKey ozone.scm.block.client.port appended with serviceId and nodeId
2021-07-27 15:00:03,704 [Listener at 0.0.0.0/15439] INFO  ha.SCMNodeInfo (SCMNodeInfo.java:getPort(197)) - ConfigKey ozone.scm.datanode.address is deprecated, For configuring different ports for each SCM use PortConfigKey ozone.scm.datanode.port appended with serviceId and nodeId
2021-07-27 15:00:03,728 [Listener at 0.0.0.0/15439] WARN  server.ServerUtils (ServerUtils.java:getDBPath(225)) - ozone.om.db.dirs is not configured. We recommend adding this setting. Falling back to ozone.metadata.dirs instead.
2021-07-27 15:00:03,734 [Listener at 0.0.0.0/15439] INFO  codec.OmKeyInfoCodec (OmKeyInfoCodec.java:<init>(51)) - OmKeyInfoCodec ignorePipeline = true
2021-07-27 15:00:03,735 [Listener at 0.0.0.0/15439] INFO  codec.RepeatedOmKeyInfoCodec (RepeatedOmKeyInfoCodec.java:<init>(42)) - RepeatedOmKeyInfoCodec ignorePipeline = true
2021-07-27 15:00:03,936 [Listener at 0.0.0.0/15439] INFO  om.OzoneManager (OzoneManager.java:addS3GVolumeToDB(4084)) - Created Volume s3v With Owner runner required for S3Gateway operations.
2021-07-27 15:00:04,005 [Listener at 0.0.0.0/15439] WARN  server.ServerUtils (ServerUtils.java:getDefaultRatisDirectory(237)) - Storage directory for Ratis is not configured. It is a good idea to map this to an SSD disk. Falling back to ozone.metadata.dirs
2021-07-27 15:00:04,007 [Listener at 0.0.0.0/15439] WARN  utils.OzoneManagerRatisUtils (OzoneManagerRatisUtils.java:getOMRatisSnapshotDirectory(391)) - ozone.om.ratis.snapshot.dir is not configured. Falling back to ozone.metadata.dirs config
2021-07-27 15:00:04,010 [Listener at 0.0.0.0/15439] WARN  impl.MetricRegistriesImpl (MetricRegistriesImpl.java:addReporterRegistration(111)) - New reporters are added after registries were created. Some metrics will be missing from the reporter. Please add reporter before adding any new registry.
2021-07-27 15:00:04,011 [Listener at 0.0.0.0/15439] WARN  impl.MetricRegistriesImpl (MetricRegistriesImpl.java:addReporterRegistration(111)) - New reporters are added after registries were created. Some metrics will be missing from the reporter. Please add reporter before adding any new registry.
2021-07-27 15:00:04,014 [Listener at 0.0.0.0/15439] WARN  server.ServerUtils (ServerUtils.java:getDefaultRatisDirectory(237)) - Storage directory for Ratis is not configured. It is a good idea to map this to an SSD disk. Falling back to ozone.metadata.dirs
2021-07-27 15:00:04,016 [Listener at 0.0.0.0/15439] INFO  ratis.OzoneManagerRatisServer (OzoneManagerRatisServer.java:<init>(158)) - Instantiating OM Ratis server with groupID: om-service-test1 and peers: localhost:12792
2021-07-27 15:00:04,020 [Listener at 0.0.0.0/15439] INFO  ratis.OzoneManagerStateMachine (OzoneManagerStateMachine.java:loadSnapshotInfoFromDB(605)) - LastAppliedIndex is set from TransactionInfo from OM DB as (t:0, i:~)
2021-07-27 15:00:04,029 [Listener at 0.0.0.0/15439] INFO  server.RaftServer (ConfUtils.java:logGet(44)) - raft.rpc.type = GRPC (default)
2021-07-27 15:00:04,030 [Listener at 0.0.0.0/15439] INFO  grpc.GrpcFactory (GrpcFactory.java:checkPooledByteBufAllocatorUseCacheForAllThreads(48)) - PERFORMANCE WARNING: useCacheForAllThreads is true that may cause Netty to create a lot garbage objects and, as a result, trigger GC.
	It is recommended to disable useCacheForAllThreads by setting -Dorg.apache.ratis.thirdparty.io.netty.allocator.useCacheForAllThreads=false in command line.
2021-07-27 15:00:04,030 [Listener at 0.0.0.0/15439] INFO  grpc.GrpcConfigKeys (ConfUtils.java:logGet(44)) - raft.grpc.admin.port = -1 (default)
2021-07-27 15:00:04,030 [Listener at 0.0.0.0/15439] INFO  grpc.GrpcConfigKeys (ConfUtils.java:logGet(44)) - raft.grpc.server.port = 12792 (custom)
2021-07-27 15:00:04,030 [Listener at 0.0.0.0/15439] INFO  grpc.GrpcConfigKeys (ConfUtils.java:logGet(44)) - raft.grpc.client.port = -1 (default)
2021-07-27 15:00:04,030 [Listener at 0.0.0.0/15439] INFO  grpc.GrpcConfigKeys (ConfUtils.java:logGet(44)) - raft.grpc.server.port = 12792 (custom)
2021-07-27 15:00:04,031 [Listener at 0.0.0.0/15439] INFO  grpc.GrpcConfigKeys (ConfUtils.java:logGet(44)) - raft.grpc.server.port = 12792 (custom)
2021-07-27 15:00:04,031 [Listener at 0.0.0.0/15439] INFO  server.GrpcService (ConfUtils.java:logGet(44)) - raft.grpc.message.size.max = 33554432 (custom)
2021-07-27 15:00:04,031 [Listener at 0.0.0.0/15439] INFO  server.RaftServerConfigKeys (ConfUtils.java:logGet(44)) - raft.server.log.appender.buffer.byte-limit = 33554432 (custom)
2021-07-27 15:00:04,031 [Listener at 0.0.0.0/15439] INFO  server.GrpcService (ConfUtils.java:logGet(44)) - raft.grpc.flow.control.window = 1MB (=1048576) (default)
2021-07-27 15:00:04,031 [Listener at 0.0.0.0/15439] INFO  server.RaftServerConfigKeys (ConfUtils.java:logGet(44)) - raft.server.rpc.request.timeout = 3000ms (default)
2021-07-27 15:00:04,032 [Listener at 0.0.0.0/15439] INFO  impl.DataStreamServerImpl (ConfUtils.java:logGet(44)) - raft.datastream.type = DISABLED (default)
2021-07-27 15:00:04,033 [Listener at 0.0.0.0/15439] INFO  server.RaftServerConfigKeys (ConfUtils.java:logGet(44)) - raft.server.rpc.slowness.timeout = 2s (custom)
2021-07-27 15:00:04,033 [Listener at 0.0.0.0/15439] INFO  server.RaftServerConfigKeys (ConfUtils.java:logGet(44)) - raft.server.leaderelection.leader.step-down.wait-time = 10s (default)
2021-07-27 15:00:04,033 [Listener at 0.0.0.0/15439] INFO  server.RaftServerConfigKeys (ConfUtils.java:logGet(44)) - raft.server.storage.dir = [/home/runner/work/ozone/ozone/mnt/ozone/hadoop-ozone/integration-test/target/test-dir/MiniOzoneClusterImpl-1c236c99-c7c8-4b90-98b3-6d50a358b8d8/omNode-1/ratis] (custom)
2021-07-27 15:00:04,033 [Listener at 0.0.0.0/15439] INFO  server.RaftServer (RaftServerProxy.java:addNew(95)) - omNode-1: addNew group-523986131536:[omNode-1|rpc:localhost:12792|priority:0] returns group-523986131536:java.util.concurrent.CompletableFuture@1f953288[Not completed]
2021-07-27 15:00:04,033 [Listener at 0.0.0.0/15439] INFO  om.OzoneManager (OzoneManager.java:initializeRatisServer(1542)) - OzoneManager Ratis server initialized at port 12792
2021-07-27 15:00:04,044 [Listener at 0.0.0.0/15439] INFO  ipc.CallQueueManager (CallQueueManager.java:<init>(90)) - Using callQueue: class java.util.concurrent.LinkedBlockingQueue, queueCapacity: 2000, scheduler: class org.apache.hadoop.ipc.DefaultRpcScheduler, ipcBackoff: false.
2021-07-27 15:00:04,045 [pool-78-thread-1] INFO  server.RaftServer$Division (RaftServerImpl.java:<init>(181)) - omNode-1: new RaftServerImpl for group-523986131536:[omNode-1|rpc:localhost:12792|priority:0] with OzoneManagerStateMachine:uninitialized
2021-07-27 15:00:04,055 [pool-78-thread-1] INFO  server.RaftServerConfigKeys (ConfUtils.java:logGet(44)) - raft.server.rpc.timeout.min = 1s (custom)
2021-07-27 15:00:04,055 [pool-78-thread-1] INFO  server.RaftServerConfigKeys (ConfUtils.java:logGet(44)) - raft.server.rpc.timeout.max = 1200ms (custom)
2021-07-27 15:00:04,055 [pool-78-thread-1] INFO  server.RaftServerConfigKeys (ConfUtils.java:logGet(44)) - raft.server.rpc.sleep.time = 25ms (default)
2021-07-27 15:00:04,055 [pool-78-thread-1] INFO  server.RaftServerConfigKeys (ConfUtils.java:logGet(44)) - raft.server.rpc.slowness.timeout = 2s (custom)
2021-07-27 15:00:04,055 [pool-78-thread-1] INFO  server.RaftServerConfigKeys (ConfUtils.java:logGet(44)) - raft.server.leaderelection.leader.step-down.wait-time = 10s (default)
2021-07-27 15:00:04,055 [pool-78-thread-1] INFO  server.RaftServerConfigKeys (ConfUtils.java:logGet(44)) - raft.server.sleep.deviation.threshold = 300ms (default)
2021-07-27 15:00:04,055 [pool-78-thread-1] INFO  server.RaftServerConfigKeys (ConfUtils.java:logGet(44)) - raft.server.log.appender.install.snapshot.enabled = false (custom)
2021-07-27 15:00:04,055 [pool-78-thread-1] INFO  server.RaftServer$Division (ServerState.java:<init>(105)) - omNode-1@group-523986131536: ConfigurationManager, init=-1: [omNode-1|rpc:localhost:12792|priority:0], old=null, confs=<EMPTY_MAP>
2021-07-27 15:00:04,055 [pool-78-thread-1] INFO  server.RaftServerConfigKeys (ConfUtils.java:logGet(44)) - raft.server.storage.dir = [/home/runner/work/ozone/ozone/mnt/ozone/hadoop-ozone/integration-test/target/test-dir/MiniOzoneClusterImpl-1c236c99-c7c8-4b90-98b3-6d50a358b8d8/omNode-1/ratis] (custom)
2021-07-27 15:00:04,055 [pool-78-thread-1] INFO  server.RaftServerConfigKeys (ConfUtils.java:logGet(44)) - raft.server.log.corruption.policy = EXCEPTION (default)
2021-07-27 15:00:04,055 [pool-78-thread-1] INFO  server.RaftServerConfigKeys (ConfUtils.java:logGet(44)) - raft.server.storage.free-space.min = 0MB (=0) (default)
2021-07-27 15:00:04,056 [pool-78-thread-1] INFO  storage.RaftStorageDirectory (RaftStorageDirectoryImpl.java:analyzeStorage(135)) - The storage directory /home/runner/work/ozone/ozone/mnt/ozone/hadoop-ozone/integration-test/target/test-dir/MiniOzoneClusterImpl-1c236c99-c7c8-4b90-98b3-6d50a358b8d8/omNode-1/ratis/c9bc4cf4-3bc3-3c60-a66b-523986131536 does not exist. Creating ...
2021-07-27 15:00:04,056 [Socket Reader #1 for port 12788] INFO  ipc.Server (Server.java:run(1265)) - Starting Socket Reader #1 for port 12788
2021-07-27 15:00:04,070 [pool-78-thread-1] INFO  storage.RaftStorageDirectory (RaftStorageDirectoryImpl.java:tryLock(230)) - Lock on /home/runner/work/ozone/ozone/mnt/ozone/hadoop-ozone/integration-test/target/test-dir/MiniOzoneClusterImpl-1c236c99-c7c8-4b90-98b3-6d50a358b8d8/omNode-1/ratis/c9bc4cf4-3bc3-3c60-a66b-523986131536/in_use.lock acquired by nodename 1209@fv-az12-803
2021-07-27 15:00:04,072 [pool-78-thread-1] INFO  storage.RaftStorage (RaftStorageImpl.java:format(89)) - Storage directory /home/runner/work/ozone/ozone/mnt/ozone/hadoop-ozone/integration-test/target/test-dir/MiniOzoneClusterImpl-1c236c99-c7c8-4b90-98b3-6d50a358b8d8/omNode-1/ratis/c9bc4cf4-3bc3-3c60-a66b-523986131536 has been successfully formatted.
2021-07-27 15:00:04,073 [pool-78-thread-1] INFO  server.RaftServerConfigKeys (ConfUtils.java:logGet(44)) - raft.server.notification.no-leader.timeout = 2s (custom)
2021-07-27 15:00:04,073 [pool-78-thread-1] INFO  server.RaftServerConfigKeys (ConfUtils.java:logGet(44)) - raft.server.log.use.memory = false (default)
2021-07-27 15:00:04,073 [pool-78-thread-1] INFO  server.RaftServerConfigKeys (ConfUtils.java:logGet(44)) - raft.server.log.purge.gap = 1000000 (custom)
2021-07-27 15:00:04,073 [pool-78-thread-1] INFO  server.RaftServerConfigKeys (ConfUtils.java:logGet(44)) - raft.server.log.appender.buffer.byte-limit = 33554432 (custom)
2021-07-27 15:00:04,083 [pool-78-thread-1] INFO  server.RaftServerConfigKeys (ConfUtils.java:logGet(44)) - raft.server.log.segment.size.max = 4194304 (custom)
2021-07-27 15:00:04,083 [pool-78-thread-1] INFO  server.RaftServerConfigKeys (ConfUtils.java:logGet(44)) - raft.server.log.segment.cache.num.max = 2 (custom)
2021-07-27 15:00:04,083 [pool-78-thread-1] INFO  server.RaftServerConfigKeys (ConfUtils.java:logGet(44)) - raft.server.log.segment.cache.size.max = 200MB (=209715200) (default)
2021-07-27 15:00:04,083 [pool-78-thread-1] INFO  segmented.SegmentedRaftLogWorker (SegmentedRaftLogWorker.java:<init>(182)) - new omNode-1@group-523986131536-SegmentedRaftLogWorker for RaftStorageImpl:Storage Directory /home/runner/work/ozone/ozone/mnt/ozone/hadoop-ozone/integration-test/target/test-dir/MiniOzoneClusterImpl-1c236c99-c7c8-4b90-98b3-6d50a358b8d8/omNode-1/ratis/c9bc4cf4-3bc3-3c60-a66b-523986131536
2021-07-27 15:00:04,084 [pool-78-thread-1] INFO  server.RaftServerConfigKeys (ConfUtils.java:logGet(44)) - raft.server.log.queue.byte-limit = 64MB (=67108864) (default)
2021-07-27 15:00:04,084 [pool-78-thread-1] INFO  server.RaftServerConfigKeys (ConfUtils.java:logGet(44)) - raft.server.log.queue.element-limit = 4096 (default)
2021-07-27 15:00:04,084 [pool-78-thread-1] INFO  server.RaftServerConfigKeys (ConfUtils.java:logGet(44)) - raft.server.log.segment.size.max = 4194304 (custom)
2021-07-27 15:00:04,084 [pool-78-thread-1] INFO  server.RaftServerConfigKeys (ConfUtils.java:logGet(44)) - raft.server.log.preallocated.size = 4194304 (custom)
2021-07-27 15:00:04,084 [pool-78-thread-1] INFO  server.RaftServerConfigKeys (ConfUtils.java:logGet(44)) - raft.server.log.force.sync.num = 128 (default)
2021-07-27 15:00:04,084 [pool-78-thread-1] INFO  server.RaftServerConfigKeys (ConfUtils.java:logGet(44)) - raft.server.log.statemachine.data.sync = true (default)
2021-07-27 15:00:04,084 [pool-78-thread-1] INFO  server.RaftServerConfigKeys (ConfUtils.java:logGet(44)) - raft.server.log.statemachine.data.sync.timeout = 10s (default)
2021-07-27 15:00:04,084 [pool-78-thread-1] INFO  server.RaftServerConfigKeys (ConfUtils.java:logGet(44)) - raft.server.log.statemachine.data.sync.timeout.retry = -1 (default)
2021-07-27 15:00:04,084 [pool-78-thread-1] INFO  server.RaftServerConfigKeys (ConfUtils.java:logGet(44)) - raft.server.log.write.buffer.size = 64KB (=65536) (default)
2021-07-27 15:00:04,084 [pool-78-thread-1] INFO  server.RaftServerConfigKeys (ConfUtils.java:logGet(44)) - raft.server.log.statemachine.data.caching.enabled = false (default)
2021-07-27 15:00:04,085 [pool-78-thread-1] INFO  segmented.SegmentedRaftLogWorker (SegmentedRaftLogWorker.java:lambda$new$0(133)) - omNode-1@group-523986131536-SegmentedRaftLogWorker: flushIndex: setUnconditionally 0 -> -1
2021-07-27 15:00:04,085 [pool-78-thread-1] INFO  segmented.SegmentedRaftLogWorker (SegmentedRaftLogWorker.java:lambda$new$0(133)) - omNode-1@group-523986131536-SegmentedRaftLogWorker: safeCacheEvictIndex: setUnconditionally 0 -> -1
2021-07-27 15:00:04,086 [pool-78-thread-1] INFO  server.RaftServerConfigKeys (ConfUtils.java:logGet(44)) - raft.server.snapshot.auto.trigger.enabled = true (custom)
2021-07-27 15:00:04,086 [pool-78-thread-1] INFO  server.RaftServerConfigKeys (ConfUtils.java:logGet(44)) - raft.server.snapshot.auto.trigger.threshold = 400000 (default)
2021-07-27 15:00:04,086 [pool-78-thread-1] INFO  server.RaftServerConfigKeys (ConfUtils.java:logGet(44)) - raft.server.snapshot.retention.file.num = -1 (default)
2021-07-27 15:00:04,086 [pool-78-thread-1] INFO  server.RaftServerConfigKeys (ConfUtils.java:logGet(44)) - raft.server.log.purge.upto.snapshot.index = true (custom)
2021-07-27 15:00:04,086 [pool-78-thread-1] INFO  server.RaftServerConfigKeys (ConfUtils.java:logGet(44)) - raft.server.retrycache.expirytime = 300s (custom)
2021-07-27 15:00:04,086 [pool-78-thread-1] INFO  server.RaftServerConfigKeys (ConfUtils.java:logGet(44)) - raft.server.retrycache.statistics.expirytime = 100μs (default)
2021-07-27 15:00:04,099 [Listener at 127.0.0.1/12788] INFO  om.OzoneManager (OzoneManager.java:initFSOLayout(4290)) - Configured ozone.om.metadata.layout=SIMPLE and disabled optimized OM FS operations
2021-07-27 15:00:04,102 [Listener at 127.0.0.1/12788] INFO  impl.MetricsSystemImpl (MetricsSystemImpl.java:init(158)) - OzoneManager metrics system started (again)
2021-07-27 15:00:04,115 [Listener at 127.0.0.1/12788] INFO  om.OzoneManager (OzoneManager.java:start(1239)) - OzoneManager RPC server is listening at localhost/127.0.0.1:12788
2021-07-27 15:00:04,115 [Listener at 127.0.0.1/12788] INFO  ratis.OzoneManagerRatisServer (OzoneManagerRatisServer.java:start(516)) - Starting OzoneManagerRatisServer omNode-1 at port 12792
2021-07-27 15:00:04,115 [Listener at 127.0.0.1/12788] INFO  server.RaftServer$Division (RaftServerImpl.java:start(296)) - omNode-1@group-523986131536: start as a follower, conf=-1: [omNode-1|rpc:localhost:12792|priority:0], old=null
2021-07-27 15:00:04,115 [Listener at 127.0.0.1/12788] INFO  server.RaftServer$Division (RaftServerImpl.java:setRole(285)) - omNode-1@group-523986131536: changes role from      null to FOLLOWER at term 0 for startAsFollower
2021-07-27 15:00:04,116 [Listener at 127.0.0.1/12788] INFO  impl.RoleInfo (RoleInfo.java:updateAndGet(130)) - omNode-1: start omNode-1@group-523986131536-FollowerState
2021-07-27 15:00:04,116 [Listener at 127.0.0.1/12788] INFO  util.JmxRegister (JmxRegister.java:tryRegister(44)) - Successfully registered JMX Bean with object name Ratis:service=RaftServer,group=group-523986131536,id=omNode-1
2021-07-27 15:00:04,118 [Listener at 127.0.0.1/12788] INFO  server.RaftServer (RaftServerProxy.java:lambda$start$5(374)) - omNode-1: start RPC server
2021-07-27 15:00:04,119 [Listener at 127.0.0.1/12788] INFO  server.GrpcService (GrpcService.java:startImpl(253)) - omNode-1: GrpcService started, listening on 12792
2021-07-27 15:00:04,119 [org.apache.ratis.util.JvmPauseMonitor$$Lambda$499/841483227@109a4e10] INFO  util.JvmPauseMonitor (JvmPauseMonitor.java:run(103)) - JvmPauseMonitor-omNode-1: Started
2021-07-27 15:00:04,120 [Listener at 127.0.0.1/12788] INFO  om.OzoneManager (OzoneManager.java:start(1257)) - Version File has different layout version (0) than OM DB (null). That is expected if this OM has never been finalized to a newer layout version.
2021-07-27 15:00:04,130 [Listener at 127.0.0.1/12788] INFO  http.BaseHttpServer (BaseHttpServer.java:newHttpServer2BuilderForOzone(209)) - Starting Web-server for ozoneManager at: http://0.0.0.0:12790
2021-07-27 15:00:04,130 [Listener at 127.0.0.1/12788] INFO  http.BaseHttpServer (BaseHttpServer.java:<init>(107)) - Hadoop Security Enabled: false Ozone Security Enabled: false Ozone HTTP Security Enabled: false 
2021-07-27 15:00:04,131 [Listener at 127.0.0.1/12788] INFO  server.AuthenticationFilter (AuthenticationFilter.java:constructSecretProvider(240)) - Unable to initialize FileSignerSecretProvider, falling back to use random secrets.
2021-07-27 15:00:04,135 [Listener at 127.0.0.1/12788] WARN  http.HttpRequestLog (HttpRequestLog.java:getRequestLog(103)) - Jetty request log can only be enabled using Log4j
2021-07-27 15:00:04,136 [Listener at 127.0.0.1/12788] INFO  http.HttpServer2 (HttpServer2.java:addGlobalFilter(1020)) - Added global filter 'safety' (class=org.apache.hadoop.hdds.server.http.HttpServer2$QuotingInputFilter)
2021-07-27 15:00:04,136 [Listener at 127.0.0.1/12788] INFO  http.HttpServer2 (HttpServer2.java:addFilter(996)) - Added filter static_user_filter (class=org.apache.hadoop.http.lib.StaticUserWebFilter$StaticUserFilter) to context ozoneManager
2021-07-27 15:00:04,137 [Listener at 127.0.0.1/12788] INFO  http.HttpServer2 (HttpServer2.java:addFilter(1004)) - Added filter static_user_filter (class=org.apache.hadoop.http.lib.StaticUserWebFilter$StaticUserFilter) to context logs
2021-07-27 15:00:04,137 [Listener at 127.0.0.1/12788] INFO  http.HttpServer2 (HttpServer2.java:addFilter(1004)) - Added filter static_user_filter (class=org.apache.hadoop.http.lib.StaticUserWebFilter$StaticUserFilter) to context static
2021-07-27 15:00:04,138 [Listener at 127.0.0.1/12788] INFO  http.HttpServer2 (HttpServer2.java:bindListener(1239)) - Jetty bound to port 12790
2021-07-27 15:00:04,138 [Listener at 127.0.0.1/12788] INFO  server.Server (Server.java:doStart(375)) - jetty-9.4.35.v20201120; built: 2020-11-20T21:17:03.964Z; git: bdc54f03a5e0a7e280fab27f55c3c75ee8da89fb; jvm 1.8.0_292-b10
2021-07-27 15:00:04,147 [Listener at 127.0.0.1/12788] INFO  server.session (DefaultSessionIdManager.java:doStart(334)) - DefaultSessionIdManager workerName=node0
2021-07-27 15:00:04,147 [Listener at 127.0.0.1/12788] INFO  server.session (DefaultSessionIdManager.java:doStart(339)) - No SessionScavenger set, using defaults
2021-07-27 15:00:04,147 [Listener at 127.0.0.1/12788] INFO  server.session (HouseKeeper.java:startScavenging(132)) - node0 Scavenging every 600000ms
2021-07-27 15:00:04,150 [Listener at 127.0.0.1/12788] INFO  handler.ContextHandler (ContextHandler.java:doStart(916)) - Started o.e.j.s.ServletContextHandler@309d298{logs,/logs,file:///home/runner/work/ozone/ozone/mnt/ozone/hadoop-ozone/integration-test/target/log,AVAILABLE}
2021-07-27 15:00:04,150 [Listener at 127.0.0.1/12788] INFO  handler.ContextHandler (ContextHandler.java:doStart(916)) - Started o.e.j.s.ServletContextHandler@7da298aa{static,/static,file:///home/runner/work/ozone/ozone/mnt/ozone/hadoop-ozone/integration-test/target/test-classes/webapps/static,AVAILABLE}
2021-07-27 15:00:04,153 [Listener at 127.0.0.1/12788] INFO  handler.ContextHandler (ContextHandler.java:doStart(916)) - Started o.e.j.w.WebAppContext@193bf20{ozoneManager,/,file:///home/runner/work/ozone/ozone/mnt/ozone/hadoop-ozone/integration-test/target/test-classes/webapps/ozoneManager/,AVAILABLE}{file:/home/runner/work/ozone/ozone/mnt/ozone/hadoop-ozone/integration-test/target/test-classes/webapps/ozoneManager}
2021-07-27 15:00:04,162 [Listener at 127.0.0.1/12788] INFO  server.AbstractConnector (AbstractConnector.java:doStart(331)) - Started ServerConnector@5708b827{HTTP/1.1, (http/1.1)}{0.0.0.0:12790}
2021-07-27 15:00:04,163 [Listener at 127.0.0.1/12788] INFO  server.Server (Server.java:doStart(415)) - Started @18961ms
2021-07-27 15:00:04,163 [Listener at 127.0.0.1/12788] WARN  impl.MetricsSystemImpl (MetricsSystemImpl.java:register(279)) - Sink prometheus already exists!
2021-07-27 15:00:04,163 [Listener at 127.0.0.1/12788] INFO  http.BaseHttpServer (BaseHttpServer.java:updateConnectorAddress(329)) - HTTP server of ozoneManager listening at http://0.0.0.0:12790
2021-07-27 15:00:04,164 [IPC Server Responder] INFO  ipc.Server (Server.java:run(1507)) - IPC Server Responder: starting
2021-07-27 15:00:04,165 [IPC Server listener on 12788] INFO  ipc.Server (Server.java:run(1344)) - IPC Server listener on 12788: starting
2021-07-27 15:00:04,178 [Listener at 127.0.0.1/12788] INFO  om.OzoneManager (OzoneManager.java:startTrashEmptier(1500)) - Trash Interval set to 0. Files deleted will not move to trash
2021-07-27 15:00:04,179 [Listener at 127.0.0.1/12788] INFO  ozone.MiniOzoneHAClusterImpl (MiniOzoneHAClusterImpl.java:createOMService(484)) - Started OzoneManager omNode-1 RPC server at localhost/127.0.0.1:12788
2021-07-27 15:00:04,195 [org.apache.hadoop.util.JvmPauseMonitor$Monitor@630fa11e] INFO  util.JvmPauseMonitor (JvmPauseMonitor.java:run(188)) - Starting JVM pause monitor
2021-07-27 15:00:04,347 [Listener at 127.0.0.1/12788] WARN  impl.MetricRegistriesImpl (MetricRegistriesImpl.java:addReporterRegistration(111)) - New reporters are added after registries were created. Some metrics will be missing from the reporter. Please add reporter before adding any new registry.
2021-07-27 15:00:04,347 [Listener at 127.0.0.1/12788] WARN  impl.MetricRegistriesImpl (MetricRegistriesImpl.java:addReporterRegistration(111)) - New reporters are added after registries were created. Some metrics will be missing from the reporter. Please add reporter before adding any new registry.
2021-07-27 15:00:04,347 [Listener at 127.0.0.1/12788] INFO  impl.MetricsSystemImpl (MetricsSystemImpl.java:init(158)) - HddsDatanode metrics system started (again)
2021-07-27 15:00:04,366 [Listener at 127.0.0.1/12788] INFO  ozone.HddsDatanodeService (HddsDatanodeService.java:start(234)) - HddsDatanodeService host:fv-az12-803.exdb2aeach2ezidoxz41lk3bwg.cx.internal.cloudapp.net ip:10.1.0.53
2021-07-27 15:00:04,396 [Listener at 127.0.0.1/12788] INFO  upgrade.AbstractLayoutVersionManager (AbstractLayoutVersionManager.java:init(70)) - Initializing Layout version manager with metadata layout = SCM_HA (version = 2), software layout = SCM_HA (version = 2)
2021-07-27 15:00:04,432 [Listener at 127.0.0.1/12788] INFO  reflections.Reflections (Reflections.java:scan(232)) - Reflections took 35 ms to scan 7 urls, producing 119 keys and 271 values 
2021-07-27 15:00:04,435 [Listener at 127.0.0.1/12788] INFO  ha.SCMNodeInfo (SCMNodeInfo.java:getPort(197)) - ConfigKey ozone.scm.client.address is deprecated, For configuring different ports for each SCM use PortConfigKey ozone.scm.client.port appended with serviceId and nodeId
2021-07-27 15:00:04,435 [Listener at 127.0.0.1/12788] INFO  ha.SCMNodeInfo (SCMNodeInfo.java:getPort(197)) - ConfigKey ozone.scm.block.client.address is deprecated, For configuring different ports for each SCM use PortConfigKey ozone.scm.block.client.port appended with serviceId and nodeId
2021-07-27 15:00:04,435 [Listener at 127.0.0.1/12788] INFO  ha.SCMNodeInfo (SCMNodeInfo.java:getPort(197)) - ConfigKey ozone.scm.datanode.address is deprecated, For configuring different ports for each SCM use PortConfigKey ozone.scm.datanode.port appended with serviceId and nodeId
2021-07-27 15:00:04,435 [Listener at 127.0.0.1/12788] INFO  ha.SCMNodeInfo (SCMNodeInfo.java:getPort(197)) - ConfigKey ozone.scm.client.address is deprecated, For configuring different ports for each SCM use PortConfigKey ozone.scm.client.port appended with serviceId and nodeId
2021-07-27 15:00:04,435 [Listener at 127.0.0.1/12788] INFO  ha.SCMNodeInfo (SCMNodeInfo.java:getPort(197)) - ConfigKey ozone.scm.block.client.address is deprecated, For configuring different ports for each SCM use PortConfigKey ozone.scm.block.client.port appended with serviceId and nodeId
2021-07-27 15:00:04,435 [Listener at 127.0.0.1/12788] INFO  ha.SCMNodeInfo (SCMNodeInfo.java:getPort(197)) - ConfigKey ozone.scm.datanode.address is deprecated, For configuring different ports for each SCM use PortConfigKey ozone.scm.datanode.port appended with serviceId and nodeId
2021-07-27 15:00:04,435 [Listener at 127.0.0.1/12788] INFO  ha.SCMNodeInfo (SCMNodeInfo.java:getPort(197)) - ConfigKey ozone.scm.client.address is deprecated, For configuring different ports for each SCM use PortConfigKey ozone.scm.client.port appended with serviceId and nodeId
2021-07-27 15:00:04,435 [Listener at 127.0.0.1/12788] INFO  ha.SCMNodeInfo (SCMNodeInfo.java:getPort(197)) - ConfigKey ozone.scm.block.client.address is deprecated, For configuring different ports for each SCM use PortConfigKey ozone.scm.block.client.port appended with serviceId and nodeId
2021-07-27 15:00:04,436 [Listener at 127.0.0.1/12788] INFO  ha.SCMNodeInfo (SCMNodeInfo.java:getPort(197)) - ConfigKey ozone.scm.datanode.address is deprecated, For configuring different ports for each SCM use PortConfigKey ozone.scm.datanode.port appended with serviceId and nodeId
2021-07-27 15:00:04,481 [Listener at 127.0.0.1/12788] INFO  volume.HddsVolume (HddsVolume.java:<init>(120)) - Creating HddsVolume: /home/runner/work/ozone/ozone/mnt/ozone/hadoop-ozone/integration-test/target/test-dir/MiniOzoneClusterImpl-1c236c99-c7c8-4b90-98b3-6d50a358b8d8/datanode-0/data-0/containers/hdds of storage type : DISK capacity : 9223372036854775807
2021-07-27 15:00:04,483 [Listener at 127.0.0.1/12788] INFO  volume.MutableVolumeSet (MutableVolumeSet.java:initializeVolumeSet(181)) - Added Volume : /home/runner/work/ozone/ozone/mnt/ozone/hadoop-ozone/integration-test/target/test-dir/MiniOzoneClusterImpl-1c236c99-c7c8-4b90-98b3-6d50a358b8d8/datanode-0/data-0/containers/hdds to VolumeSet
2021-07-27 15:00:04,484 [Listener at 127.0.0.1/12788] INFO  volume.ThrottledAsyncChecker (ThrottledAsyncChecker.java:schedule(141)) - Scheduling a check for /home/runner/work/ozone/ozone/mnt/ozone/hadoop-ozone/integration-test/target/test-dir/MiniOzoneClusterImpl-1c236c99-c7c8-4b90-98b3-6d50a358b8d8/datanode-0/data-0/containers/hdds
2021-07-27 15:00:04,506 [Listener at 127.0.0.1/12788] INFO  volume.StorageVolumeChecker (StorageVolumeChecker.java:checkAllVolumes(202)) - Scheduled health check for volume /home/runner/work/ozone/ozone/mnt/ozone/hadoop-ozone/integration-test/target/test-dir/MiniOzoneClusterImpl-1c236c99-c7c8-4b90-98b3-6d50a358b8d8/datanode-0/data-0/containers/hdds
2021-07-27 15:00:04,524 [Listener at 127.0.0.1/12788] INFO  volume.MutableVolumeSet (MutableVolumeSet.java:initializeVolumeSet(181)) - Added Volume : /home/runner/work/ozone/ozone/mnt/ozone/hadoop-ozone/integration-test/target/test-dir/MiniOzoneClusterImpl-1c236c99-c7c8-4b90-98b3-6d50a358b8d8/datanode-0/data/ratis to VolumeSet
2021-07-27 15:00:04,524 [Listener at 127.0.0.1/12788] INFO  volume.ThrottledAsyncChecker (ThrottledAsyncChecker.java:schedule(141)) - Scheduling a check for /home/runner/work/ozone/ozone/mnt/ozone/hadoop-ozone/integration-test/target/test-dir/MiniOzoneClusterImpl-1c236c99-c7c8-4b90-98b3-6d50a358b8d8/datanode-0/data/ratis
2021-07-27 15:00:04,524 [Listener at 127.0.0.1/12788] INFO  volume.StorageVolumeChecker (StorageVolumeChecker.java:checkAllVolumes(202)) - Scheduled health check for volume /home/runner/work/ozone/ozone/mnt/ozone/hadoop-ozone/integration-test/target/test-dir/MiniOzoneClusterImpl-1c236c99-c7c8-4b90-98b3-6d50a358b8d8/datanode-0/data/ratis
2021-07-27 15:00:04,538 [Listener at 127.0.0.1/12788] INFO  ozoneimpl.ContainerReader (ContainerReader.java:<init>(98)) - Running in upgrade mode:true
2021-07-27 15:00:04,539 [Thread-486] INFO  ozoneimpl.ContainerReader (ContainerReader.java:readVolume(142)) - Start to verify containers on volume /home/runner/work/ozone/ozone/mnt/ozone/hadoop-ozone/integration-test/target/test-dir/MiniOzoneClusterImpl-1c236c99-c7c8-4b90-98b3-6d50a358b8d8/datanode-0/data-0/containers/hdds
2021-07-27 15:00:04,540 [Thread-486] INFO  ozoneimpl.ContainerReader (ContainerReader.java:readVolume(174)) - Finish verifying containers on volume /home/runner/work/ozone/ozone/mnt/ozone/hadoop-ozone/integration-test/target/test-dir/MiniOzoneClusterImpl-1c236c99-c7c8-4b90-98b3-6d50a358b8d8/datanode-0/data-0/containers/hdds
2021-07-27 15:00:04,540 [Listener at 127.0.0.1/12788] INFO  ozoneimpl.OzoneContainer (OzoneContainer.java:buildContainerSet(237)) - Build ContainerSet costs 0s
2021-07-27 15:00:04,598 [Listener at 127.0.0.1/12788] INFO  server.RaftServer (ConfUtils.java:logGet(44)) - raft.rpc.type = GRPC (default)
2021-07-27 15:00:04,598 [Listener at 127.0.0.1/12788] INFO  grpc.GrpcFactory (GrpcFactory.java:checkPooledByteBufAllocatorUseCacheForAllThreads(48)) - PERFORMANCE WARNING: useCacheForAllThreads is true that may cause Netty to create a lot garbage objects and, as a result, trigger GC.
	It is recommended to disable useCacheForAllThreads by setting -Dorg.apache.ratis.thirdparty.io.netty.allocator.useCacheForAllThreads=false in command line.
2021-07-27 15:00:04,598 [Listener at 127.0.0.1/12788] INFO  grpc.GrpcConfigKeys (ConfUtils.java:logGet(44)) - raft.grpc.admin.port = 0 (custom)
2021-07-27 15:00:04,598 [Listener at 127.0.0.1/12788] INFO  grpc.GrpcConfigKeys (ConfUtils.java:logGet(44)) - raft.grpc.client.port = 0 (custom)
2021-07-27 15:00:04,598 [Listener at 127.0.0.1/12788] INFO  grpc.GrpcConfigKeys (ConfUtils.java:logGet(44)) - raft.grpc.server.port = 0 (default)
2021-07-27 15:00:04,599 [Listener at 127.0.0.1/12788] INFO  server.GrpcService (ConfUtils.java:logGet(44)) - raft.grpc.message.size.max = 32MB (=33554432) (custom)
2021-07-27 15:00:04,599 [Listener at 127.0.0.1/12788] INFO  server.RaftServerConfigKeys (ConfUtils.java:logGet(44)) - raft.server.log.appender.buffer.byte-limit = 33554432 (custom)
2021-07-27 15:00:04,599 [Listener at 127.0.0.1/12788] INFO  server.GrpcService (ConfUtils.java:logGet(44)) - raft.grpc.flow.control.window = 5MB (=5242880) (custom)
2021-07-27 15:00:04,599 [Listener at 127.0.0.1/12788] INFO  server.RaftServerConfigKeys (ConfUtils.java:logGet(44)) - raft.server.rpc.request.timeout = 60s (custom)
2021-07-27 15:00:04,600 [Listener at 127.0.0.1/12788] INFO  impl.DataStreamServerImpl (ConfUtils.java:logGet(44)) - raft.datastream.type = DISABLED (default)
2021-07-27 15:00:04,600 [Listener at 127.0.0.1/12788] INFO  server.RaftServerConfigKeys (ConfUtils.java:logGet(44)) - raft.server.rpc.slowness.timeout = 300s (custom)
2021-07-27 15:00:04,600 [Listener at 127.0.0.1/12788] INFO  server.RaftServerConfigKeys (ConfUtils.java:logGet(44)) - raft.server.leaderelection.leader.step-down.wait-time = 10s (default)
2021-07-27 15:00:04,601 [Listener at 127.0.0.1/12788] INFO  server.RaftServerConfigKeys (ConfUtils.java:logGet(44)) - raft.server.storage.dir = [/home/runner/work/ozone/ozone/mnt/ozone/hadoop-ozone/integration-test/target/test-dir/MiniOzoneClusterImpl-1c236c99-c7c8-4b90-98b3-6d50a358b8d8/datanode-0/data/ratis] (custom)
2021-07-27 15:00:04,654 [Listener at 127.0.0.1/12788] INFO  http.BaseHttpServer (BaseHttpServer.java:newHttpServer2BuilderForOzone(209)) - Starting Web-server for hddsDatanode at: http://0.0.0.0:0
2021-07-27 15:00:04,654 [Listener at 127.0.0.1/12788] INFO  http.BaseHttpServer (BaseHttpServer.java:<init>(107)) - Hadoop Security Enabled: false Ozone Security Enabled: false Ozone HTTP Security Enabled: false 
2021-07-27 15:00:04,655 [Listener at 127.0.0.1/12788] INFO  server.AuthenticationFilter (AuthenticationFilter.java:constructSecretProvider(240)) - Unable to initialize FileSignerSecretProvider, falling back to use random secrets.
2021-07-27 15:00:04,656 [Listener at 127.0.0.1/12788] WARN  http.HttpRequestLog (HttpRequestLog.java:getRequestLog(103)) - Jetty request log can only be enabled using Log4j
2021-07-27 15:00:04,657 [Listener at 127.0.0.1/12788] INFO  http.HttpServer2 (HttpServer2.java:addGlobalFilter(1020)) - Added global filter 'safety' (class=org.apache.hadoop.hdds.server.http.HttpServer2$QuotingInputFilter)
2021-07-27 15:00:04,658 [Listener at 127.0.0.1/12788] INFO  http.HttpServer2 (HttpServer2.java:addFilter(996)) - Added filter static_user_filter (class=org.apache.hadoop.http.lib.StaticUserWebFilter$StaticUserFilter) to context hddsDatanode
2021-07-27 15:00:04,658 [Listener at 127.0.0.1/12788] INFO  http.HttpServer2 (HttpServer2.java:addFilter(1004)) - Added filter static_user_filter (class=org.apache.hadoop.http.lib.StaticUserWebFilter$StaticUserFilter) to context static
2021-07-27 15:00:04,658 [Listener at 127.0.0.1/12788] INFO  http.HttpServer2 (HttpServer2.java:addFilter(1004)) - Added filter static_user_filter (class=org.apache.hadoop.http.lib.StaticUserWebFilter$StaticUserFilter) to context logs
2021-07-27 15:00:04,659 [Listener at 127.0.0.1/12788] INFO  http.HttpServer2 (HttpServer2.java:bindListener(1239)) - Jetty bound to port 46821
2021-07-27 15:00:04,659 [Listener at 127.0.0.1/12788] INFO  server.Server (Server.java:doStart(375)) - jetty-9.4.35.v20201120; built: 2020-11-20T21:17:03.964Z; git: bdc54f03a5e0a7e280fab27f55c3c75ee8da89fb; jvm 1.8.0_292-b10
2021-07-27 15:00:04,672 [Listener at 127.0.0.1/12788] INFO  server.session (DefaultSessionIdManager.java:doStart(334)) - DefaultSessionIdManager workerName=node0
2021-07-27 15:00:04,672 [Listener at 127.0.0.1/12788] INFO  server.session (DefaultSessionIdManager.java:doStart(339)) - No SessionScavenger set, using defaults
2021-07-27 15:00:04,672 [Listener at 127.0.0.1/12788] INFO  server.session (HouseKeeper.java:startScavenging(132)) - node0 Scavenging every 660000ms
2021-07-27 15:00:04,673 [Listener at 127.0.0.1/12788] INFO  handler.ContextHandler (ContextHandler.java:doStart(916)) - Started o.e.j.s.ServletContextHandler@4887a689{logs,/logs,file:///home/runner/work/ozone/ozone/mnt/ozone/hadoop-ozone/integration-test/target/log,AVAILABLE}
2021-07-27 15:00:04,673 [Listener at 127.0.0.1/12788] INFO  handler.ContextHandler (ContextHandler.java:doStart(916)) - Started o.e.j.s.ServletContextHandler@70f4dd28{static,/static,jar:file:/home/runner/.m2/repository/org/apache/ozone/hdds-container-service/1.2.0-SNAPSHOT/hdds-container-service-1.2.0-SNAPSHOT.jar!/webapps/static,AVAILABLE}
2021-07-27 15:00:04,718 [Listener at 127.0.0.1/12788] INFO  handler.ContextHandler (ContextHandler.java:doStart(916)) - Started o.e.j.w.WebAppContext@4ead07c1{hddsDatanode,/,file:///tmp/jetty-0_0_0_0-46821-hdds-container-service-1_2_0-SNAPSHOT_jar-_-any-9058891323797141937/webapp/,AVAILABLE}{jar:file:/home/runner/.m2/repository/org/apache/ozone/hdds-container-service/1.2.0-SNAPSHOT/hdds-container-service-1.2.0-SNAPSHOT.jar!/webapps/hddsDatanode}
2021-07-27 15:00:04,719 [Listener at 127.0.0.1/12788] INFO  server.AbstractConnector (AbstractConnector.java:doStart(331)) - Started ServerConnector@4df03572{HTTP/1.1, (http/1.1)}{0.0.0.0:46821}
2021-07-27 15:00:04,720 [Listener at 127.0.0.1/12788] INFO  server.Server (Server.java:doStart(415)) - Started @19518ms
2021-07-27 15:00:04,720 [Listener at 127.0.0.1/12788] WARN  impl.MetricsSystemImpl (MetricsSystemImpl.java:register(279)) - Sink prometheus already exists!
2021-07-27 15:00:04,720 [Listener at 127.0.0.1/12788] INFO  http.BaseHttpServer (BaseHttpServer.java:updateConnectorAddress(329)) - HTTP server of hddsDatanode listening at http://0.0.0.0:46821
2021-07-27 15:00:04,722 [Listener at 127.0.0.1/12788] WARN  impl.MetricRegistriesImpl (MetricRegistriesImpl.java:addReporterRegistration(111)) - New reporters are added after registries were created. Some metrics will be missing from the reporter. Please add reporter before adding any new registry.
2021-07-27 15:00:04,723 [Listener at 127.0.0.1/12788] WARN  impl.MetricRegistriesImpl (MetricRegistriesImpl.java:addReporterRegistration(111)) - New reporters are added after registries were created. Some metrics will be missing from the reporter. Please add reporter before adding any new registry.
2021-07-27 15:00:04,723 [Listener at 127.0.0.1/12788] INFO  impl.MetricsSystemImpl (MetricsSystemImpl.java:init(158)) - HddsDatanode metrics system started (again)
2021-07-27 15:00:04,744 [Listener at 127.0.0.1/12788] INFO  ozone.HddsDatanodeService (HddsDatanodeService.java:start(234)) - HddsDatanodeService host:fv-az12-803.exdb2aeach2ezidoxz41lk3bwg.cx.internal.cloudapp.net ip:10.1.0.53
2021-07-27 15:00:04,747 [org.apache.hadoop.util.JvmPauseMonitor$Monitor@13eaff7c] INFO  util.JvmPauseMonitor (JvmPauseMonitor.java:run(188)) - Starting JVM pause monitor
2021-07-27 15:00:04,750 [Datanode State Machine Task Thread - 0] INFO  ha.SCMNodeInfo (SCMNodeInfo.java:getPort(197)) - ConfigKey ozone.scm.client.address is deprecated, For configuring different ports for each SCM use PortConfigKey ozone.scm.client.port appended with serviceId and nodeId
2021-07-27 15:00:04,750 [Datanode State Machine Task Thread - 0] INFO  ha.SCMNodeInfo (SCMNodeInfo.java:getPort(197)) - ConfigKey ozone.scm.block.client.address is deprecated, For configuring different ports for each SCM use PortConfigKey ozone.scm.block.client.port appended with serviceId and nodeId
2021-07-27 15:00:04,750 [Datanode State Machine Task Thread - 0] INFO  ha.SCMNodeInfo (SCMNodeInfo.java:getPort(197)) - ConfigKey ozone.scm.datanode.address is deprecated, For configuring different ports for each SCM use PortConfigKey ozone.scm.datanode.port appended with serviceId and nodeId
2021-07-27 15:00:04,750 [Datanode State Machine Task Thread - 0] INFO  ha.SCMNodeInfo (SCMNodeInfo.java:getPort(197)) - ConfigKey ozone.scm.client.address is deprecated, For configuring different ports for each SCM use PortConfigKey ozone.scm.client.port appended with serviceId and nodeId
2021-07-27 15:00:04,751 [Datanode State Machine Task Thread - 0] INFO  ha.SCMNodeInfo (SCMNodeInfo.java:getPort(197)) - ConfigKey ozone.scm.block.client.address is deprecated, For configuring different ports for each SCM use PortConfigKey ozone.scm.block.client.port appended with serviceId and nodeId
2021-07-27 15:00:04,751 [Datanode State Machine Task Thread - 0] INFO  ha.SCMNodeInfo (SCMNodeInfo.java:getPort(197)) - ConfigKey ozone.scm.datanode.address is deprecated, For configuring different ports for each SCM use PortConfigKey ozone.scm.datanode.port appended with serviceId and nodeId
2021-07-27 15:00:04,751 [Datanode State Machine Task Thread - 0] INFO  ha.SCMNodeInfo (SCMNodeInfo.java:getPort(197)) - ConfigKey ozone.scm.client.address is deprecated, For configuring different ports for each SCM use PortConfigKey ozone.scm.client.port appended with serviceId and nodeId
2021-07-27 15:00:04,751 [Datanode State Machine Task Thread - 0] INFO  ha.SCMNodeInfo (SCMNodeInfo.java:getPort(197)) - ConfigKey ozone.scm.block.client.address is deprecated, For configuring different ports for each SCM use PortConfigKey ozone.scm.block.client.port appended with serviceId and nodeId
2021-07-27 15:00:04,751 [Datanode State Machine Task Thread - 0] INFO  ha.SCMNodeInfo (SCMNodeInfo.java:getPort(197)) - ConfigKey ozone.scm.datanode.address is deprecated, For configuring different ports for each SCM use PortConfigKey ozone.scm.datanode.port appended with serviceId and nodeId
2021-07-27 15:00:04,784 [Listener at 127.0.0.1/12788] INFO  upgrade.AbstractLayoutVersionManager (AbstractLayoutVersionManager.java:init(70)) - Initializing Layout version manager with metadata layout = SCM_HA (version = 2), software layout = SCM_HA (version = 2)
2021-07-27 15:00:04,863 [Listener at 127.0.0.1/12788] INFO  reflections.Reflections (Reflections.java:scan(232)) - Reflections took 78 ms to scan 7 urls, producing 119 keys and 271 values 
2021-07-27 15:00:04,869 [Listener at 127.0.0.1/12788] INFO  ha.SCMNodeInfo (SCMNodeInfo.java:getPort(197)) - ConfigKey ozone.scm.client.address is deprecated, For configuring different ports for each SCM use PortConfigKey ozone.scm.client.port appended with serviceId and nodeId
2021-07-27 15:00:04,870 [Listener at 127.0.0.1/12788] INFO  ha.SCMNodeInfo (SCMNodeInfo.java:getPort(197)) - ConfigKey ozone.scm.block.client.address is deprecated, For configuring different ports for each SCM use PortConfigKey ozone.scm.block.client.port appended with serviceId and nodeId
2021-07-27 15:00:04,870 [Listener at 127.0.0.1/12788] INFO  ha.SCMNodeInfo (SCMNodeInfo.java:getPort(197)) - ConfigKey ozone.scm.datanode.address is deprecated, For configuring different ports for each SCM use PortConfigKey ozone.scm.datanode.port appended with serviceId and nodeId
2021-07-27 15:00:04,870 [Listener at 127.0.0.1/12788] INFO  ha.SCMNodeInfo (SCMNodeInfo.java:getPort(197)) - ConfigKey ozone.scm.client.address is deprecated, For configuring different ports for each SCM use PortConfigKey ozone.scm.client.port appended with serviceId and nodeId
2021-07-27 15:00:04,870 [Listener at 127.0.0.1/12788] INFO  ha.SCMNodeInfo (SCMNodeInfo.java:getPort(197)) - ConfigKey ozone.scm.block.client.address is deprecated, For configuring different ports for each SCM use PortConfigKey ozone.scm.block.client.port appended with serviceId and nodeId
2021-07-27 15:00:04,870 [Listener at 127.0.0.1/12788] INFO  ha.SCMNodeInfo (SCMNodeInfo.java:getPort(197)) - ConfigKey ozone.scm.datanode.address is deprecated, For configuring different ports for each SCM use PortConfigKey ozone.scm.datanode.port appended with serviceId and nodeId
2021-07-27 15:00:04,870 [Listener at 127.0.0.1/12788] INFO  ha.SCMNodeInfo (SCMNodeInfo.java:getPort(197)) - ConfigKey ozone.scm.client.address is deprecated, For configuring different ports for each SCM use PortConfigKey ozone.scm.client.port appended with serviceId and nodeId
2021-07-27 15:00:04,870 [Listener at 127.0.0.1/12788] INFO  ha.SCMNodeInfo (SCMNodeInfo.java:getPort(197)) - ConfigKey ozone.scm.block.client.address is deprecated, For configuring different ports for each SCM use PortConfigKey ozone.scm.block.client.port appended with serviceId and nodeId
2021-07-27 15:00:04,871 [Listener at 127.0.0.1/12788] INFO  ha.SCMNodeInfo (SCMNodeInfo.java:getPort(197)) - ConfigKey ozone.scm.datanode.address is deprecated, For configuring different ports for each SCM use PortConfigKey ozone.scm.datanode.port appended with serviceId and nodeId
2021-07-27 15:00:04,887 [Listener at 127.0.0.1/12788] INFO  volume.HddsVolume (HddsVolume.java:<init>(120)) - Creating HddsVolume: /home/runner/work/ozone/ozone/mnt/ozone/hadoop-ozone/integration-test/target/test-dir/MiniOzoneClusterImpl-1c236c99-c7c8-4b90-98b3-6d50a358b8d8/datanode-1/data-0/containers/hdds of storage type : DISK capacity : 9223372036854775807
2021-07-27 15:00:04,887 [Listener at 127.0.0.1/12788] INFO  volume.MutableVolumeSet (MutableVolumeSet.java:initializeVolumeSet(181)) - Added Volume : /home/runner/work/ozone/ozone/mnt/ozone/hadoop-ozone/integration-test/target/test-dir/MiniOzoneClusterImpl-1c236c99-c7c8-4b90-98b3-6d50a358b8d8/datanode-1/data-0/containers/hdds to VolumeSet
2021-07-27 15:00:04,887 [Listener at 127.0.0.1/12788] INFO  volume.ThrottledAsyncChecker (ThrottledAsyncChecker.java:schedule(141)) - Scheduling a check for /home/runner/work/ozone/ozone/mnt/ozone/hadoop-ozone/integration-test/target/test-dir/MiniOzoneClusterImpl-1c236c99-c7c8-4b90-98b3-6d50a358b8d8/datanode-1/data-0/containers/hdds
2021-07-27 15:00:04,899 [Listener at 127.0.0.1/12788] INFO  volume.StorageVolumeChecker (StorageVolumeChecker.java:checkAllVolumes(202)) - Scheduled health check for volume /home/runner/work/ozone/ozone/mnt/ozone/hadoop-ozone/integration-test/target/test-dir/MiniOzoneClusterImpl-1c236c99-c7c8-4b90-98b3-6d50a358b8d8/datanode-1/data-0/containers/hdds
2021-07-27 15:00:04,909 [Datanode State Machine Task Thread - 0] INFO  datanode.InitDatanodeState (InitDatanodeState.java:persistContainerDatanodeDetails(145)) - DatanodeDetails is persisted to /home/runner/work/ozone/ozone/mnt/ozone/hadoop-ozone/integration-test/target/test-dir/MiniOzoneClusterImpl-1c236c99-c7c8-4b90-98b3-6d50a358b8d8/datanode-0/meta/datanode.id
2021-07-27 15:00:04,914 [Listener at 127.0.0.1/12788] INFO  volume.MutableVolumeSet (MutableVolumeSet.java:initializeVolumeSet(181)) - Added Volume : /home/runner/work/ozone/ozone/mnt/ozone/hadoop-ozone/integration-test/target/test-dir/MiniOzoneClusterImpl-1c236c99-c7c8-4b90-98b3-6d50a358b8d8/datanode-1/data/ratis to VolumeSet
2021-07-27 15:00:04,914 [Listener at 127.0.0.1/12788] INFO  volume.ThrottledAsyncChecker (ThrottledAsyncChecker.java:schedule(141)) - Scheduling a check for /home/runner/work/ozone/ozone/mnt/ozone/hadoop-ozone/integration-test/target/test-dir/MiniOzoneClusterImpl-1c236c99-c7c8-4b90-98b3-6d50a358b8d8/datanode-1/data/ratis
2021-07-27 15:00:04,915 [Listener at 127.0.0.1/12788] INFO  volume.StorageVolumeChecker (StorageVolumeChecker.java:checkAllVolumes(202)) - Scheduled health check for volume /home/runner/work/ozone/ozone/mnt/ozone/hadoop-ozone/integration-test/target/test-dir/MiniOzoneClusterImpl-1c236c99-c7c8-4b90-98b3-6d50a358b8d8/datanode-1/data/ratis
2021-07-27 15:00:04,928 [Listener at 127.0.0.1/12788] INFO  ozoneimpl.ContainerReader (ContainerReader.java:<init>(98)) - Running in upgrade mode:true
2021-07-27 15:00:04,929 [Thread-497] INFO  ozoneimpl.ContainerReader (ContainerReader.java:readVolume(142)) - Start to verify containers on volume /home/runner/work/ozone/ozone/mnt/ozone/hadoop-ozone/integration-test/target/test-dir/MiniOzoneClusterImpl-1c236c99-c7c8-4b90-98b3-6d50a358b8d8/datanode-1/data-0/containers/hdds
2021-07-27 15:00:04,929 [Thread-497] INFO  ozoneimpl.ContainerReader (ContainerReader.java:readVolume(174)) - Finish verifying containers on volume /home/runner/work/ozone/ozone/mnt/ozone/hadoop-ozone/integration-test/target/test-dir/MiniOzoneClusterImpl-1c236c99-c7c8-4b90-98b3-6d50a358b8d8/datanode-1/data-0/containers/hdds
2021-07-27 15:00:04,929 [Listener at 127.0.0.1/12788] INFO  ozoneimpl.OzoneContainer (OzoneContainer.java:buildContainerSet(237)) - Build ContainerSet costs 0s
2021-07-27 15:00:04,932 [Listener at 127.0.0.1/12788] INFO  server.RaftServer (ConfUtils.java:logGet(44)) - raft.rpc.type = GRPC (default)
2021-07-27 15:00:04,933 [Listener at 127.0.0.1/12788] INFO  grpc.GrpcFactory (GrpcFactory.java:checkPooledByteBufAllocatorUseCacheForAllThreads(48)) - PERFORMANCE WARNING: useCacheForAllThreads is true that may cause Netty to create a lot garbage objects and, as a result, trigger GC.
	It is recommended to disable useCacheForAllThreads by setting -Dorg.apache.ratis.thirdparty.io.netty.allocator.useCacheForAllThreads=false in command line.
2021-07-27 15:00:04,933 [Listener at 127.0.0.1/12788] INFO  grpc.GrpcConfigKeys (ConfUtils.java:logGet(44)) - raft.grpc.admin.port = 0 (custom)
2021-07-27 15:00:04,933 [Listener at 127.0.0.1/12788] INFO  grpc.GrpcConfigKeys (ConfUtils.java:logGet(44)) - raft.grpc.client.port = 0 (custom)
2021-07-27 15:00:04,933 [Listener at 127.0.0.1/12788] INFO  grpc.GrpcConfigKeys (ConfUtils.java:logGet(44)) - raft.grpc.server.port = 0 (default)
2021-07-27 15:00:04,933 [Listener at 127.0.0.1/12788] INFO  server.GrpcService (ConfUtils.java:logGet(44)) - raft.grpc.message.size.max = 32MB (=33554432) (custom)
2021-07-27 15:00:04,933 [Listener at 127.0.0.1/12788] INFO  server.RaftServerConfigKeys (ConfUtils.java:logGet(44)) - raft.server.log.appender.buffer.byte-limit = 33554432 (custom)
2021-07-27 15:00:04,933 [Listener at 127.0.0.1/12788] INFO  server.GrpcService (ConfUtils.java:logGet(44)) - raft.grpc.flow.control.window = 5MB (=5242880) (custom)
2021-07-27 15:00:04,933 [Listener at 127.0.0.1/12788] INFO  server.RaftServerConfigKeys (ConfUtils.java:logGet(44)) - raft.server.rpc.request.timeout = 60s (custom)
2021-07-27 15:00:04,935 [Listener at 127.0.0.1/12788] INFO  impl.DataStreamServerImpl (ConfUtils.java:logGet(44)) - raft.datastream.type = DISABLED (default)
2021-07-27 15:00:04,935 [Listener at 127.0.0.1/12788] INFO  server.RaftServerConfigKeys (ConfUtils.java:logGet(44)) - raft.server.rpc.slowness.timeout = 300s (custom)
2021-07-27 15:00:04,935 [Listener at 127.0.0.1/12788] INFO  server.RaftServerConfigKeys (ConfUtils.java:logGet(44)) - raft.server.leaderelection.leader.step-down.wait-time = 10s (default)
2021-07-27 15:00:04,935 [Listener at 127.0.0.1/12788] INFO  server.RaftServerConfigKeys (ConfUtils.java:logGet(44)) - raft.server.storage.dir = [/home/runner/work/ozone/ozone/mnt/ozone/hadoop-ozone/integration-test/target/test-dir/MiniOzoneClusterImpl-1c236c99-c7c8-4b90-98b3-6d50a358b8d8/datanode-1/data/ratis] (custom)
2021-07-27 15:00:04,939 [Listener at 127.0.0.1/12788] INFO  http.BaseHttpServer (BaseHttpServer.java:newHttpServer2BuilderForOzone(209)) - Starting Web-server for hddsDatanode at: http://0.0.0.0:0
2021-07-27 15:00:04,939 [Listener at 127.0.0.1/12788] INFO  http.BaseHttpServer (BaseHttpServer.java:<init>(107)) - Hadoop Security Enabled: false Ozone Security Enabled: false Ozone HTTP Security Enabled: false 
2021-07-27 15:00:04,941 [Listener at 127.0.0.1/12788] INFO  server.AuthenticationFilter (AuthenticationFilter.java:constructSecretProvider(240)) - Unable to initialize FileSignerSecretProvider, falling back to use random secrets.
2021-07-27 15:00:04,941 [Listener at 127.0.0.1/12788] WARN  http.HttpRequestLog (HttpRequestLog.java:getRequestLog(103)) - Jetty request log can only be enabled using Log4j
2021-07-27 15:00:04,942 [Listener at 127.0.0.1/12788] INFO  http.HttpServer2 (HttpServer2.java:addGlobalFilter(1020)) - Added global filter 'safety' (class=org.apache.hadoop.hdds.server.http.HttpServer2$QuotingInputFilter)
2021-07-27 15:00:04,942 [Listener at 127.0.0.1/12788] INFO  http.HttpServer2 (HttpServer2.java:addFilter(996)) - Added filter static_user_filter (class=org.apache.hadoop.http.lib.StaticUserWebFilter$StaticUserFilter) to context hddsDatanode
2021-07-27 15:00:04,943 [Listener at 127.0.0.1/12788] INFO  http.HttpServer2 (HttpServer2.java:addFilter(1004)) - Added filter static_user_filter (class=org.apache.hadoop.http.lib.StaticUserWebFilter$StaticUserFilter) to context logs
2021-07-27 15:00:04,943 [Listener at 127.0.0.1/12788] INFO  http.HttpServer2 (HttpServer2.java:addFilter(1004)) - Added filter static_user_filter (class=org.apache.hadoop.http.lib.StaticUserWebFilter$StaticUserFilter) to context static
2021-07-27 15:00:04,943 [Listener at 127.0.0.1/12788] INFO  http.HttpServer2 (HttpServer2.java:bindListener(1239)) - Jetty bound to port 36879
2021-07-27 15:00:04,943 [Listener at 127.0.0.1/12788] INFO  server.Server (Server.java:doStart(375)) - jetty-9.4.35.v20201120; built: 2020-11-20T21:17:03.964Z; git: bdc54f03a5e0a7e280fab27f55c3c75ee8da89fb; jvm 1.8.0_292-b10
2021-07-27 15:00:04,945 [Listener at 127.0.0.1/12788] INFO  server.session (DefaultSessionIdManager.java:doStart(334)) - DefaultSessionIdManager workerName=node0
2021-07-27 15:00:04,946 [Listener at 127.0.0.1/12788] INFO  server.session (DefaultSessionIdManager.java:doStart(339)) - No SessionScavenger set, using defaults
2021-07-27 15:00:04,946 [Listener at 127.0.0.1/12788] INFO  server.session (HouseKeeper.java:startScavenging(132)) - node0 Scavenging every 660000ms
2021-07-27 15:00:04,950 [Listener at 127.0.0.1/12788] INFO  handler.ContextHandler (ContextHandler.java:doStart(916)) - Started o.e.j.s.ServletContextHandler@68300fe2{logs,/logs,file:///home/runner/work/ozone/ozone/mnt/ozone/hadoop-ozone/integration-test/target/log,AVAILABLE}
2021-07-27 15:00:04,950 [Listener at 127.0.0.1/12788] INFO  handler.ContextHandler (ContextHandler.java:doStart(916)) - Started o.e.j.s.ServletContextHandler@6799243b{static,/static,jar:file:/home/runner/.m2/repository/org/apache/ozone/hdds-container-service/1.2.0-SNAPSHOT/hdds-container-service-1.2.0-SNAPSHOT.jar!/webapps/static,AVAILABLE}
2021-07-27 15:00:05,078 [Listener at 127.0.0.1/12788] INFO  handler.ContextHandler (ContextHandler.java:doStart(916)) - Started o.e.j.w.WebAppContext@686aa9c9{hddsDatanode,/,file:///tmp/jetty-0_0_0_0-36879-hdds-container-service-1_2_0-SNAPSHOT_jar-_-any-335971874201424642/webapp/,AVAILABLE}{jar:file:/home/runner/.m2/repository/org/apache/ozone/hdds-container-service/1.2.0-SNAPSHOT/hdds-container-service-1.2.0-SNAPSHOT.jar!/webapps/hddsDatanode}
2021-07-27 15:00:05,085 [Listener at 127.0.0.1/12788] INFO  server.AbstractConnector (AbstractConnector.java:doStart(331)) - Started ServerConnector@76c9658c{HTTP/1.1, (http/1.1)}{0.0.0.0:36879}
2021-07-27 15:00:05,085 [Listener at 127.0.0.1/12788] INFO  server.Server (Server.java:doStart(415)) - Started @19883ms
2021-07-27 15:00:05,085 [Listener at 127.0.0.1/12788] WARN  impl.MetricsSystemImpl (MetricsSystemImpl.java:register(279)) - Sink prometheus already exists!
2021-07-27 15:00:05,086 [Listener at 127.0.0.1/12788] INFO  http.BaseHttpServer (BaseHttpServer.java:updateConnectorAddress(329)) - HTTP server of hddsDatanode listening at http://0.0.0.0:36879
2021-07-27 15:00:05,093 [Listener at 127.0.0.1/12788] WARN  impl.MetricRegistriesImpl (MetricRegistriesImpl.java:addReporterRegistration(111)) - New reporters are added after registries were created. Some metrics will be missing from the reporter. Please add reporter before adding any new registry.
2021-07-27 15:00:05,093 [Listener at 127.0.0.1/12788] WARN  impl.MetricRegistriesImpl (MetricRegistriesImpl.java:addReporterRegistration(111)) - New reporters are added after registries were created. Some metrics will be missing from the reporter. Please add reporter before adding any new registry.
2021-07-27 15:00:05,093 [Listener at 127.0.0.1/12788] INFO  impl.MetricsSystemImpl (MetricsSystemImpl.java:init(158)) - HddsDatanode metrics system started (again)
2021-07-27 15:00:05,135 [Listener at 127.0.0.1/12788] INFO  ozone.HddsDatanodeService (HddsDatanodeService.java:start(234)) - HddsDatanodeService host:fv-az12-803.exdb2aeach2ezidoxz41lk3bwg.cx.internal.cloudapp.net ip:10.1.0.53
2021-07-27 15:00:05,135 [org.apache.hadoop.util.JvmPauseMonitor$Monitor@7abd90b8] INFO  util.JvmPauseMonitor (JvmPauseMonitor.java:run(188)) - Starting JVM pause monitor
2021-07-27 15:00:05,135 [Datanode State Machine Task Thread - 0] INFO  ha.SCMNodeInfo (SCMNodeInfo.java:getPort(197)) - ConfigKey ozone.scm.client.address is deprecated, For configuring different ports for each SCM use PortConfigKey ozone.scm.client.port appended with serviceId and nodeId
2021-07-27 15:00:05,135 [Datanode State Machine Task Thread - 0] INFO  ha.SCMNodeInfo (SCMNodeInfo.java:getPort(197)) - ConfigKey ozone.scm.block.client.address is deprecated, For configuring different ports for each SCM use PortConfigKey ozone.scm.block.client.port appended with serviceId and nodeId
2021-07-27 15:00:05,135 [Datanode State Machine Task Thread - 0] INFO  ha.SCMNodeInfo (SCMNodeInfo.java:getPort(197)) - ConfigKey ozone.scm.datanode.address is deprecated, For configuring different ports for each SCM use PortConfigKey ozone.scm.datanode.port appended with serviceId and nodeId
2021-07-27 15:00:05,135 [Datanode State Machine Task Thread - 0] INFO  ha.SCMNodeInfo (SCMNodeInfo.java:getPort(197)) - ConfigKey ozone.scm.client.address is deprecated, For configuring different ports for each SCM use PortConfigKey ozone.scm.client.port appended with serviceId and nodeId
2021-07-27 15:00:05,135 [Datanode State Machine Task Thread - 0] INFO  ha.SCMNodeInfo (SCMNodeInfo.java:getPort(197)) - ConfigKey ozone.scm.block.client.address is deprecated, For configuring different ports for each SCM use PortConfigKey ozone.scm.block.client.port appended with serviceId and nodeId
2021-07-27 15:00:05,135 [Datanode State Machine Task Thread - 0] INFO  ha.SCMNodeInfo (SCMNodeInfo.java:getPort(197)) - ConfigKey ozone.scm.datanode.address is deprecated, For configuring different ports for each SCM use PortConfigKey ozone.scm.datanode.port appended with serviceId and nodeId
2021-07-27 15:00:05,135 [Datanode State Machine Task Thread - 0] INFO  ha.SCMNodeInfo (SCMNodeInfo.java:getPort(197)) - ConfigKey ozone.scm.client.address is deprecated, For configuring different ports for each SCM use PortConfigKey ozone.scm.client.port appended with serviceId and nodeId
2021-07-27 15:00:05,135 [Datanode State Machine Task Thread - 0] INFO  ha.SCMNodeInfo (SCMNodeInfo.java:getPort(197)) - ConfigKey ozone.scm.block.client.address is deprecated, For configuring different ports for each SCM use PortConfigKey ozone.scm.block.client.port appended with serviceId and nodeId
2021-07-27 15:00:05,135 [Datanode State Machine Task Thread - 0] INFO  ha.SCMNodeInfo (SCMNodeInfo.java:getPort(197)) - ConfigKey ozone.scm.datanode.address is deprecated, For configuring different ports for each SCM use PortConfigKey ozone.scm.datanode.port appended with serviceId and nodeId
2021-07-27 15:00:05,145 [Datanode State Machine Task Thread - 0] INFO  datanode.InitDatanodeState (InitDatanodeState.java:persistContainerDatanodeDetails(145)) - DatanodeDetails is persisted to /home/runner/work/ozone/ozone/mnt/ozone/hadoop-ozone/integration-test/target/test-dir/MiniOzoneClusterImpl-1c236c99-c7c8-4b90-98b3-6d50a358b8d8/datanode-1/meta/datanode.id
2021-07-27 15:00:05,150 [Listener at 127.0.0.1/12788] INFO  upgrade.AbstractLayoutVersionManager (AbstractLayoutVersionManager.java:init(70)) - Initializing Layout version manager with metadata layout = SCM_HA (version = 2), software layout = SCM_HA (version = 2)
2021-07-27 15:00:05,216 [Listener at 127.0.0.1/12788] INFO  reflections.Reflections (Reflections.java:scan(232)) - Reflections took 64 ms to scan 7 urls, producing 119 keys and 271 values 
2021-07-27 15:00:05,219 [Listener at 127.0.0.1/12788] INFO  ha.SCMNodeInfo (SCMNodeInfo.java:getPort(197)) - ConfigKey ozone.scm.client.address is deprecated, For configuring different ports for each SCM use PortConfigKey ozone.scm.client.port appended with serviceId and nodeId
2021-07-27 15:00:05,219 [Listener at 127.0.0.1/12788] INFO  ha.SCMNodeInfo (SCMNodeInfo.java:getPort(197)) - ConfigKey ozone.scm.block.client.address is deprecated, For configuring different ports for each SCM use PortConfigKey ozone.scm.block.client.port appended with serviceId and nodeId
2021-07-27 15:00:05,219 [Listener at 127.0.0.1/12788] INFO  ha.SCMNodeInfo (SCMNodeInfo.java:getPort(197)) - ConfigKey ozone.scm.datanode.address is deprecated, For configuring different ports for each SCM use PortConfigKey ozone.scm.datanode.port appended with serviceId and nodeId
2021-07-27 15:00:05,219 [Listener at 127.0.0.1/12788] INFO  ha.SCMNodeInfo (SCMNodeInfo.java:getPort(197)) - ConfigKey ozone.scm.client.address is deprecated, For configuring different ports for each SCM use PortConfigKey ozone.scm.client.port appended with serviceId and nodeId
2021-07-27 15:00:05,219 [Listener at 127.0.0.1/12788] INFO  ha.SCMNodeInfo (SCMNodeInfo.java:getPort(197)) - ConfigKey ozone.scm.block.client.address is deprecated, For configuring different ports for each SCM use PortConfigKey ozone.scm.block.client.port appended with serviceId and nodeId
2021-07-27 15:00:05,219 [Listener at 127.0.0.1/12788] INFO  ha.SCMNodeInfo (SCMNodeInfo.java:getPort(197)) - ConfigKey ozone.scm.datanode.address is deprecated, For configuring different ports for each SCM use PortConfigKey ozone.scm.datanode.port appended with serviceId and nodeId
2021-07-27 15:00:05,220 [Listener at 127.0.0.1/12788] INFO  ha.SCMNodeInfo (SCMNodeInfo.java:getPort(197)) - ConfigKey ozone.scm.client.address is deprecated, For configuring different ports for each SCM use PortConfigKey ozone.scm.client.port appended with serviceId and nodeId
2021-07-27 15:00:05,220 [Listener at 127.0.0.1/12788] INFO  ha.SCMNodeInfo (SCMNodeInfo.java:getPort(197)) - ConfigKey ozone.scm.block.client.address is deprecated, For configuring different ports for each SCM use PortConfigKey ozone.scm.block.client.port appended with serviceId and nodeId
2021-07-27 15:00:05,220 [Listener at 127.0.0.1/12788] INFO  ha.SCMNodeInfo (SCMNodeInfo.java:getPort(197)) - ConfigKey ozone.scm.datanode.address is deprecated, For configuring different ports for each SCM use PortConfigKey ozone.scm.datanode.port appended with serviceId and nodeId
2021-07-27 15:00:05,222 [Listener at 127.0.0.1/12788] INFO  volume.HddsVolume (HddsVolume.java:<init>(120)) - Creating HddsVolume: /home/runner/work/ozone/ozone/mnt/ozone/hadoop-ozone/integration-test/target/test-dir/MiniOzoneClusterImpl-1c236c99-c7c8-4b90-98b3-6d50a358b8d8/datanode-2/data-0/containers/hdds of storage type : DISK capacity : 9223372036854775807
2021-07-27 15:00:05,223 [Listener at 127.0.0.1/12788] INFO  volume.MutableVolumeSet (MutableVolumeSet.java:initializeVolumeSet(181)) - Added Volume : /home/runner/work/ozone/ozone/mnt/ozone/hadoop-ozone/integration-test/target/test-dir/MiniOzoneClusterImpl-1c236c99-c7c8-4b90-98b3-6d50a358b8d8/datanode-2/data-0/containers/hdds to VolumeSet
2021-07-27 15:00:05,223 [Listener at 127.0.0.1/12788] INFO  volume.ThrottledAsyncChecker (ThrottledAsyncChecker.java:schedule(141)) - Scheduling a check for /home/runner/work/ozone/ozone/mnt/ozone/hadoop-ozone/integration-test/target/test-dir/MiniOzoneClusterImpl-1c236c99-c7c8-4b90-98b3-6d50a358b8d8/datanode-2/data-0/containers/hdds
2021-07-27 15:00:05,224 [omNode-1@group-523986131536-FollowerState] INFO  impl.FollowerState (FollowerState.java:run(134)) - omNode-1@group-523986131536-FollowerState: change to CANDIDATE, lastRpcElapsedTime:1107991982ns, electionTimeout:1094ms
2021-07-27 15:00:05,224 [omNode-1@group-523986131536-FollowerState] INFO  impl.RoleInfo (RoleInfo.java:shutdownFollowerState(108)) - omNode-1: shutdown omNode-1@group-523986131536-FollowerState
2021-07-27 15:00:05,224 [omNode-1@group-523986131536-FollowerState] INFO  server.RaftServer$Division (RaftServerImpl.java:setRole(285)) - omNode-1@group-523986131536: changes role from  FOLLOWER to CANDIDATE at term 0 for changeToCandidate
2021-07-27 15:00:05,224 [omNode-1@group-523986131536-FollowerState] INFO  server.RaftServerConfigKeys (ConfUtils.java:logGet(44)) - raft.server.leaderelection.pre-vote = false (custom)
2021-07-27 15:00:05,224 [omNode-1@group-523986131536-FollowerState] INFO  impl.RoleInfo (RoleInfo.java:updateAndGet(130)) - omNode-1: start omNode-1@group-523986131536-LeaderElection3
2021-07-27 15:00:05,224 [Listener at 127.0.0.1/12788] INFO  volume.StorageVolumeChecker (StorageVolumeChecker.java:checkAllVolumes(202)) - Scheduled health check for volume /home/runner/work/ozone/ozone/mnt/ozone/hadoop-ozone/integration-test/target/test-dir/MiniOzoneClusterImpl-1c236c99-c7c8-4b90-98b3-6d50a358b8d8/datanode-2/data-0/containers/hdds
2021-07-27 15:00:05,249 [omNode-1@group-523986131536-LeaderElection3] INFO  impl.LeaderElection (LeaderElection.java:askForVotes(306)) - omNode-1@group-523986131536-LeaderElection3 ELECTION round 0: submit vote requests at term 1 for -1: [omNode-1|rpc:localhost:12792|priority:0], old=null
2021-07-27 15:00:05,249 [omNode-1@group-523986131536-LeaderElection3] INFO  impl.LeaderElection (LeaderElection.java:askForVotes(308)) - omNode-1@group-523986131536-LeaderElection3 ELECTION round 0: result PASSED (term=1)
2021-07-27 15:00:05,249 [omNode-1@group-523986131536-LeaderElection3] INFO  impl.RoleInfo (RoleInfo.java:shutdownLeaderElection(121)) - omNode-1: shutdown omNode-1@group-523986131536-LeaderElection3
2021-07-27 15:00:05,249 [omNode-1@group-523986131536-LeaderElection3] INFO  server.RaftServer$Division (RaftServerImpl.java:setRole(285)) - omNode-1@group-523986131536: changes role from CANDIDATE to LEADER at term 1 for changeToLeader
2021-07-27 15:00:05,249 [omNode-1@group-523986131536-LeaderElection3] INFO  server.RaftServer$Division (ServerState.java:setLeader(285)) - omNode-1@group-523986131536: change Leader from null to omNode-1 at term 1 for becomeLeader, leader elected after 1175ms
2021-07-27 15:00:05,249 [omNode-1@group-523986131536-LeaderElection3] INFO  server.RaftServerConfigKeys (ConfUtils.java:logGet(44)) - raft.server.staging.catchup.gap = 1000 (default)
2021-07-27 15:00:05,249 [Listener at 127.0.0.1/12788] INFO  volume.MutableVolumeSet (MutableVolumeSet.java:initializeVolumeSet(181)) - Added Volume : /home/runner/work/ozone/ozone/mnt/ozone/hadoop-ozone/integration-test/target/test-dir/MiniOzoneClusterImpl-1c236c99-c7c8-4b90-98b3-6d50a358b8d8/datanode-2/data/ratis to VolumeSet
2021-07-27 15:00:05,249 [Listener at 127.0.0.1/12788] INFO  volume.ThrottledAsyncChecker (ThrottledAsyncChecker.java:schedule(141)) - Scheduling a check for /home/runner/work/ozone/ozone/mnt/ozone/hadoop-ozone/integration-test/target/test-dir/MiniOzoneClusterImpl-1c236c99-c7c8-4b90-98b3-6d50a358b8d8/datanode-2/data/ratis
2021-07-27 15:00:05,249 [omNode-1@group-523986131536-LeaderElection3] INFO  server.RaftServerConfigKeys (ConfUtils.java:logGet(44)) - raft.server.write.element-limit = 4096 (default)
2021-07-27 15:00:05,250 [Listener at 127.0.0.1/12788] INFO  volume.StorageVolumeChecker (StorageVolumeChecker.java:checkAllVolumes(202)) - Scheduled health check for volume /home/runner/work/ozone/ozone/mnt/ozone/hadoop-ozone/integration-test/target/test-dir/MiniOzoneClusterImpl-1c236c99-c7c8-4b90-98b3-6d50a358b8d8/datanode-2/data/ratis
2021-07-27 15:00:05,250 [omNode-1@group-523986131536-LeaderElection3] INFO  server.RaftServerConfigKeys (ConfUtils.java:logGet(44)) - raft.server.write.byte-limit = 64MB (=67108864) (default)
2021-07-27 15:00:05,250 [omNode-1@group-523986131536-LeaderElection3] INFO  server.RaftServerConfigKeys (ConfUtils.java:logGet(44)) - raft.server.watch.timeout = 10s (default)
2021-07-27 15:00:05,250 [omNode-1@group-523986131536-LeaderElection3] INFO  server.RaftServerConfigKeys (ConfUtils.java:logGet(44)) - raft.server.watch.timeout.denomination = 1s (default)
2021-07-27 15:00:05,250 [omNode-1@group-523986131536-LeaderElection3] INFO  server.RaftServerConfigKeys (ConfUtils.java:logGet(44)) - raft.server.watch.element-limit = 65536 (default)
2021-07-27 15:00:05,250 [omNode-1@group-523986131536-LeaderElection3] INFO  impl.RoleInfo (RoleInfo.java:updateAndGet(130)) - omNode-1: start omNode-1@group-523986131536-LeaderStateImpl
2021-07-27 15:00:05,251 [omNode-1@group-523986131536-LeaderElection3] INFO  segmented.SegmentedRaftLogWorker (SegmentedRaftLogWorker.java:startLogSegment(394)) - omNode-1@group-523986131536-SegmentedRaftLogWorker: Starting segment from index:0
2021-07-27 15:00:05,258 [omNode-1@group-523986131536-SegmentedRaftLogWorker] INFO  segmented.SegmentedRaftLogWorker (SegmentedRaftLogWorker.java:execute(601)) - omNode-1@group-523986131536-SegmentedRaftLogWorker: created new log segment /home/runner/work/ozone/ozone/mnt/ozone/hadoop-ozone/integration-test/target/test-dir/MiniOzoneClusterImpl-1c236c99-c7c8-4b90-98b3-6d50a358b8d8/omNode-1/ratis/c9bc4cf4-3bc3-3c60-a66b-523986131536/current/log_inprogress_0
2021-07-27 15:00:05,262 [Listener at 127.0.0.1/12788] INFO  ozoneimpl.ContainerReader (ContainerReader.java:<init>(98)) - Running in upgrade mode:true
2021-07-27 15:00:05,270 [omNode-1@group-523986131536-LeaderElection3] INFO  server.RaftServer$Division (ServerState.java:setRaftConf(387)) - omNode-1@group-523986131536: set configuration 0: [omNode-1|rpc:localhost:12792|admin:|client:|dataStream:|priority:0], old=null
2021-07-27 15:00:05,270 [Thread-511] INFO  ozoneimpl.ContainerReader (ContainerReader.java:readVolume(142)) - Start to verify containers on volume /home/runner/work/ozone/ozone/mnt/ozone/hadoop-ozone/integration-test/target/test-dir/MiniOzoneClusterImpl-1c236c99-c7c8-4b90-98b3-6d50a358b8d8/datanode-2/data-0/containers/hdds
2021-07-27 15:00:05,274 [Thread-511] INFO  ozoneimpl.ContainerReader (ContainerReader.java:readVolume(174)) - Finish verifying containers on volume /home/runner/work/ozone/ozone/mnt/ozone/hadoop-ozone/integration-test/target/test-dir/MiniOzoneClusterImpl-1c236c99-c7c8-4b90-98b3-6d50a358b8d8/datanode-2/data-0/containers/hdds
2021-07-27 15:00:05,274 [Listener at 127.0.0.1/12788] INFO  ozoneimpl.OzoneContainer (OzoneContainer.java:buildContainerSet(237)) - Build ContainerSet costs 0s
2021-07-27 15:00:05,277 [Listener at 127.0.0.1/12788] INFO  server.RaftServer (ConfUtils.java:logGet(44)) - raft.rpc.type = GRPC (default)
2021-07-27 15:00:05,277 [Listener at 127.0.0.1/12788] INFO  grpc.GrpcFactory (GrpcFactory.java:checkPooledByteBufAllocatorUseCacheForAllThreads(48)) - PERFORMANCE WARNING: useCacheForAllThreads is true that may cause Netty to create a lot garbage objects and, as a result, trigger GC.
	It is recommended to disable useCacheForAllThreads by setting -Dorg.apache.ratis.thirdparty.io.netty.allocator.useCacheForAllThreads=false in command line.
2021-07-27 15:00:05,277 [Listener at 127.0.0.1/12788] INFO  grpc.GrpcConfigKeys (ConfUtils.java:logGet(44)) - raft.grpc.admin.port = 0 (custom)
2021-07-27 15:00:05,277 [Listener at 127.0.0.1/12788] INFO  grpc.GrpcConfigKeys (ConfUtils.java:logGet(44)) - raft.grpc.client.port = 0 (custom)
2021-07-27 15:00:05,277 [Listener at 127.0.0.1/12788] INFO  grpc.GrpcConfigKeys (ConfUtils.java:logGet(44)) - raft.grpc.server.port = 0 (default)
2021-07-27 15:00:05,278 [Listener at 127.0.0.1/12788] INFO  server.GrpcService (ConfUtils.java:logGet(44)) - raft.grpc.message.size.max = 32MB (=33554432) (custom)
2021-07-27 15:00:05,278 [Listener at 127.0.0.1/12788] INFO  server.RaftServerConfigKeys (ConfUtils.java:logGet(44)) - raft.server.log.appender.buffer.byte-limit = 33554432 (custom)
2021-07-27 15:00:05,278 [Listener at 127.0.0.1/12788] INFO  server.GrpcService (ConfUtils.java:logGet(44)) - raft.grpc.flow.control.window = 5MB (=5242880) (custom)
2021-07-27 15:00:05,278 [Listener at 127.0.0.1/12788] INFO  server.RaftServerConfigKeys (ConfUtils.java:logGet(44)) - raft.server.rpc.request.timeout = 60s (custom)
2021-07-27 15:00:05,279 [Listener at 127.0.0.1/12788] INFO  impl.DataStreamServerImpl (ConfUtils.java:logGet(44)) - raft.datastream.type = DISABLED (default)
2021-07-27 15:00:05,280 [Listener at 127.0.0.1/12788] INFO  server.RaftServerConfigKeys (ConfUtils.java:logGet(44)) - raft.server.rpc.slowness.timeout = 300s (custom)
2021-07-27 15:00:05,280 [Listener at 127.0.0.1/12788] INFO  server.RaftServerConfigKeys (ConfUtils.java:logGet(44)) - raft.server.leaderelection.leader.step-down.wait-time = 10s (default)
2021-07-27 15:00:05,280 [Listener at 127.0.0.1/12788] INFO  server.RaftServerConfigKeys (ConfUtils.java:logGet(44)) - raft.server.storage.dir = [/home/runner/work/ozone/ozone/mnt/ozone/hadoop-ozone/integration-test/target/test-dir/MiniOzoneClusterImpl-1c236c99-c7c8-4b90-98b3-6d50a358b8d8/datanode-2/data/ratis] (custom)
2021-07-27 15:00:05,290 [Listener at 127.0.0.1/12788] INFO  http.BaseHttpServer (BaseHttpServer.java:newHttpServer2BuilderForOzone(209)) - Starting Web-server for hddsDatanode at: http://0.0.0.0:0
2021-07-27 15:00:05,290 [Listener at 127.0.0.1/12788] INFO  http.BaseHttpServer (BaseHttpServer.java:<init>(107)) - Hadoop Security Enabled: false Ozone Security Enabled: false Ozone HTTP Security Enabled: false 
2021-07-27 15:00:05,291 [Listener at 127.0.0.1/12788] INFO  server.AuthenticationFilter (AuthenticationFilter.java:constructSecretProvider(240)) - Unable to initialize FileSignerSecretProvider, falling back to use random secrets.
2021-07-27 15:00:05,297 [Listener at 127.0.0.1/12788] WARN  http.HttpRequestLog (HttpRequestLog.java:getRequestLog(103)) - Jetty request log can only be enabled using Log4j
2021-07-27 15:00:05,298 [Listener at 127.0.0.1/12788] INFO  http.HttpServer2 (HttpServer2.java:addGlobalFilter(1020)) - Added global filter 'safety' (class=org.apache.hadoop.hdds.server.http.HttpServer2$QuotingInputFilter)
2021-07-27 15:00:05,298 [Listener at 127.0.0.1/12788] INFO  http.HttpServer2 (HttpServer2.java:addFilter(996)) - Added filter static_user_filter (class=org.apache.hadoop.http.lib.StaticUserWebFilter$StaticUserFilter) to context hddsDatanode
2021-07-27 15:00:05,299 [Listener at 127.0.0.1/12788] INFO  http.HttpServer2 (HttpServer2.java:addFilter(1004)) - Added filter static_user_filter (class=org.apache.hadoop.http.lib.StaticUserWebFilter$StaticUserFilter) to context logs
2021-07-27 15:00:05,299 [Listener at 127.0.0.1/12788] INFO  http.HttpServer2 (HttpServer2.java:addFilter(1004)) - Added filter static_user_filter (class=org.apache.hadoop.http.lib.StaticUserWebFilter$StaticUserFilter) to context static
2021-07-27 15:00:05,299 [Listener at 127.0.0.1/12788] INFO  http.HttpServer2 (HttpServer2.java:bindListener(1239)) - Jetty bound to port 46257
2021-07-27 15:00:05,299 [Listener at 127.0.0.1/12788] INFO  server.Server (Server.java:doStart(375)) - jetty-9.4.35.v20201120; built: 2020-11-20T21:17:03.964Z; git: bdc54f03a5e0a7e280fab27f55c3c75ee8da89fb; jvm 1.8.0_292-b10
2021-07-27 15:00:05,333 [omNode-1@group-523986131536-StateMachineUpdater] INFO  ratis.OzoneManagerStateMachine (OzoneManagerStateMachine.java:notifyConfigurationChanged(188)) - Received Configuration change notification from Ratis. New Peer list:
[id: "omNode-1"
address: "localhost:12792"
]
2021-07-27 15:00:05,343 [Listener at 127.0.0.1/12788] INFO  server.session (DefaultSessionIdManager.java:doStart(334)) - DefaultSessionIdManager workerName=node0
2021-07-27 15:00:05,343 [Listener at 127.0.0.1/12788] INFO  server.session (DefaultSessionIdManager.java:doStart(339)) - No SessionScavenger set, using defaults
2021-07-27 15:00:05,344 [Listener at 127.0.0.1/12788] INFO  server.session (HouseKeeper.java:startScavenging(132)) - node0 Scavenging every 660000ms
2021-07-27 15:00:05,344 [Listener at 127.0.0.1/12788] INFO  handler.ContextHandler (ContextHandler.java:doStart(916)) - Started o.e.j.s.ServletContextHandler@4973aba1{logs,/logs,file:///home/runner/work/ozone/ozone/mnt/ozone/hadoop-ozone/integration-test/target/log,AVAILABLE}
2021-07-27 15:00:05,345 [Listener at 127.0.0.1/12788] INFO  handler.ContextHandler (ContextHandler.java:doStart(916)) - Started o.e.j.s.ServletContextHandler@2622efb0{static,/static,jar:file:/home/runner/.m2/repository/org/apache/ozone/hdds-container-service/1.2.0-SNAPSHOT/hdds-container-service-1.2.0-SNAPSHOT.jar!/webapps/static,AVAILABLE}
2021-07-27 15:00:05,383 [Listener at 127.0.0.1/12788] INFO  handler.ContextHandler (ContextHandler.java:doStart(916)) - Started o.e.j.w.WebAppContext@199763ea{hddsDatanode,/,file:///tmp/jetty-0_0_0_0-46257-hdds-container-service-1_2_0-SNAPSHOT_jar-_-any-5283898589128944962/webapp/,AVAILABLE}{jar:file:/home/runner/.m2/repository/org/apache/ozone/hdds-container-service/1.2.0-SNAPSHOT/hdds-container-service-1.2.0-SNAPSHOT.jar!/webapps/hddsDatanode}
2021-07-27 15:00:05,385 [Listener at 127.0.0.1/12788] INFO  server.AbstractConnector (AbstractConnector.java:doStart(331)) - Started ServerConnector@7ad9ff43{HTTP/1.1, (http/1.1)}{0.0.0.0:46257}
2021-07-27 15:00:05,385 [Listener at 127.0.0.1/12788] INFO  server.Server (Server.java:doStart(415)) - Started @20183ms
2021-07-27 15:00:05,385 [Listener at 127.0.0.1/12788] WARN  impl.MetricsSystemImpl (MetricsSystemImpl.java:register(279)) - Sink prometheus already exists!
2021-07-27 15:00:05,386 [Listener at 127.0.0.1/12788] INFO  http.BaseHttpServer (BaseHttpServer.java:updateConnectorAddress(329)) - HTTP server of hddsDatanode listening at http://0.0.0.0:46257
2021-07-27 15:00:05,388 [Listener at 127.0.0.1/12788] INFO  ozone.MiniOzoneClusterImpl (MiniOzoneClusterImpl.java:lambda$waitForClusterToBeReady$0(235)) - Waiting for nodes to be ready. Got 0 of 3 DN Heartbeats.
2021-07-27 15:00:05,388 [Listener at 127.0.0.1/12788] INFO  ozone.MiniOzoneClusterImpl (MiniOzoneClusterImpl.java:lambda$waitForClusterToBeReady$0(238)) - Waiting for cluster to exit safe mode
2021-07-27 15:00:05,388 [Listener at 127.0.0.1/12788] INFO  ozone.MiniOzoneClusterImpl (MiniOzoneClusterImpl.java:lambda$waitForClusterToBeReady$0(240)) - SCM became leader
2021-07-27 15:00:05,401 [org.apache.hadoop.util.JvmPauseMonitor$Monitor@34c1b47d] INFO  util.JvmPauseMonitor (JvmPauseMonitor.java:run(188)) - Starting JVM pause monitor
2021-07-27 15:00:05,402 [Datanode State Machine Task Thread - 0] INFO  ha.SCMNodeInfo (SCMNodeInfo.java:getPort(197)) - ConfigKey ozone.scm.client.address is deprecated, For configuring different ports for each SCM use PortConfigKey ozone.scm.client.port appended with serviceId and nodeId
2021-07-27 15:00:05,402 [Datanode State Machine Task Thread - 0] INFO  ha.SCMNodeInfo (SCMNodeInfo.java:getPort(197)) - ConfigKey ozone.scm.block.client.address is deprecated, For configuring different ports for each SCM use PortConfigKey ozone.scm.block.client.port appended with serviceId and nodeId
2021-07-27 15:00:05,402 [Datanode State Machine Task Thread - 0] INFO  ha.SCMNodeInfo (SCMNodeInfo.java:getPort(197)) - ConfigKey ozone.scm.datanode.address is deprecated, For configuring different ports for each SCM use PortConfigKey ozone.scm.datanode.port appended with serviceId and nodeId
2021-07-27 15:00:05,402 [Datanode State Machine Task Thread - 0] INFO  ha.SCMNodeInfo (SCMNodeInfo.java:getPort(197)) - ConfigKey ozone.scm.client.address is deprecated, For configuring different ports for each SCM use PortConfigKey ozone.scm.client.port appended with serviceId and nodeId
2021-07-27 15:00:05,402 [Datanode State Machine Task Thread - 0] INFO  ha.SCMNodeInfo (SCMNodeInfo.java:getPort(197)) - ConfigKey ozone.scm.block.client.address is deprecated, For configuring different ports for each SCM use PortConfigKey ozone.scm.block.client.port appended with serviceId and nodeId
2021-07-27 15:00:05,402 [Datanode State Machine Task Thread - 0] INFO  ha.SCMNodeInfo (SCMNodeInfo.java:getPort(197)) - ConfigKey ozone.scm.datanode.address is deprecated, For configuring different ports for each SCM use PortConfigKey ozone.scm.datanode.port appended with serviceId and nodeId
2021-07-27 15:00:05,402 [Datanode State Machine Task Thread - 0] INFO  ha.SCMNodeInfo (SCMNodeInfo.java:getPort(197)) - ConfigKey ozone.scm.client.address is deprecated, For configuring different ports for each SCM use PortConfigKey ozone.scm.client.port appended with serviceId and nodeId
2021-07-27 15:00:05,402 [Datanode State Machine Task Thread - 0] INFO  ha.SCMNodeInfo (SCMNodeInfo.java:getPort(197)) - ConfigKey ozone.scm.block.client.address is deprecated, For configuring different ports for each SCM use PortConfigKey ozone.scm.block.client.port appended with serviceId and nodeId
2021-07-27 15:00:05,402 [Datanode State Machine Task Thread - 0] INFO  ha.SCMNodeInfo (SCMNodeInfo.java:getPort(197)) - ConfigKey ozone.scm.datanode.address is deprecated, For configuring different ports for each SCM use PortConfigKey ozone.scm.datanode.port appended with serviceId and nodeId
2021-07-27 15:00:05,404 [Datanode State Machine Task Thread - 0] INFO  datanode.InitDatanodeState (InitDatanodeState.java:persistContainerDatanodeDetails(145)) - DatanodeDetails is persisted to /home/runner/work/ozone/ozone/mnt/ozone/hadoop-ozone/integration-test/target/test-dir/MiniOzoneClusterImpl-1c236c99-c7c8-4b90-98b3-6d50a358b8d8/datanode-2/meta/datanode.id
2021-07-27 15:00:06,388 [Listener at 127.0.0.1/12788] INFO  ozone.MiniOzoneClusterImpl (MiniOzoneClusterImpl.java:lambda$waitForClusterToBeReady$0(235)) - Waiting for nodes to be ready. Got 0 of 3 DN Heartbeats.
2021-07-27 15:00:06,388 [Listener at 127.0.0.1/12788] INFO  ozone.MiniOzoneClusterImpl (MiniOzoneClusterImpl.java:lambda$waitForClusterToBeReady$0(238)) - Waiting for cluster to exit safe mode
2021-07-27 15:00:06,389 [Listener at 127.0.0.1/12788] INFO  ozone.MiniOzoneClusterImpl (MiniOzoneClusterImpl.java:lambda$waitForClusterToBeReady$0(240)) - SCM became leader
2021-07-27 15:00:06,825 [EndpointStateMachine task thread for /127.0.0.1:15417 - 0 ] INFO  ozoneimpl.OzoneContainer (OzoneContainer.java:start(305)) - Attempting to start container services.
2021-07-27 15:00:06,826 [EndpointStateMachine task thread for /127.0.0.1:15417 - 0 ] INFO  ozoneimpl.OzoneContainer (OzoneContainer.java:startContainerScrub(250)) - Background container scanner has been disabled.
2021-07-27 15:00:06,828 [EndpointStateMachine task thread for /127.0.0.1:15417 - 0 ] INFO  replication.ReplicationServer (ReplicationServer.java:start(106)) - ReplicationServer is started using port 39387
2021-07-27 15:00:06,831 [EndpointStateMachine task thread for /127.0.0.1:15417 - 0 ] INFO  ratis.XceiverServerRatis (XceiverServerRatis.java:start(478)) - Starting XceiverServerRatis 43f332dd-3581-45f2-86c5-cce36549d707
2021-07-27 15:00:06,832 [EndpointStateMachine task thread for /127.0.0.1:15417 - 0 ] INFO  server.RaftServer (RaftServerProxy.java:lambda$start$5(374)) - 43f332dd-3581-45f2-86c5-cce36549d707: start RPC server
2021-07-27 15:00:06,833 [EndpointStateMachine task thread for /127.0.0.1:15417 - 0 ] INFO  server.GrpcService (GrpcService.java:startImpl(253)) - 43f332dd-3581-45f2-86c5-cce36549d707: GrpcService started, listening on 37911
2021-07-27 15:00:06,834 [EndpointStateMachine task thread for /127.0.0.1:15417 - 0 ] INFO  ratis.XceiverServerRatis (XceiverServerRatis.java:getRealPort(499)) - XceiverServerRatis 43f332dd-3581-45f2-86c5-cce36549d707 is started using port 37911 for RATIS
2021-07-27 15:00:06,834 [EndpointStateMachine task thread for /127.0.0.1:15417 - 0 ] INFO  ratis.XceiverServerRatis (XceiverServerRatis.java:getRealPort(499)) - XceiverServerRatis 43f332dd-3581-45f2-86c5-cce36549d707 is started using port 37911 for RATIS_ADMIN
2021-07-27 15:00:06,834 [EndpointStateMachine task thread for /127.0.0.1:15417 - 0 ] INFO  ratis.XceiverServerRatis (XceiverServerRatis.java:getRealPort(499)) - XceiverServerRatis 43f332dd-3581-45f2-86c5-cce36549d707 is started using port 37911 for RATIS_SERVER
2021-07-27 15:00:06,835 [EndpointStateMachine task thread for /127.0.0.1:15417 - 0 ] INFO  server.XceiverServerGrpc (XceiverServerGrpc.java:start(135)) - XceiverServerGrpc 43f332dd-3581-45f2-86c5-cce36549d707 is started using port 43717
2021-07-27 15:00:06,836 [org.apache.ratis.util.JvmPauseMonitor$$Lambda$499/841483227@72a6fd45] INFO  util.JvmPauseMonitor (JvmPauseMonitor.java:run(103)) - JvmPauseMonitor-43f332dd-3581-45f2-86c5-cce36549d707: Started
2021-07-27 15:00:06,842 [EndpointStateMachine task thread for /127.0.0.1:15427 - 0 ] INFO  ozoneimpl.OzoneContainer (OzoneContainer.java:start(301)) - Ignore. OzoneContainer already started.
2021-07-27 15:00:07,148 [EndpointStateMachine task thread for /127.0.0.1:15427 - 0 ] INFO  ozoneimpl.OzoneContainer (OzoneContainer.java:start(305)) - Attempting to start container services.
2021-07-27 15:00:07,148 [EndpointStateMachine task thread for /127.0.0.1:15427 - 0 ] INFO  ozoneimpl.OzoneContainer (OzoneContainer.java:startContainerScrub(250)) - Background container scanner has been disabled.
2021-07-27 15:00:07,150 [EndpointStateMachine task thread for /127.0.0.1:15427 - 0 ] INFO  replication.ReplicationServer (ReplicationServer.java:start(106)) - ReplicationServer is started using port 42217
2021-07-27 15:00:07,151 [EndpointStateMachine task thread for /127.0.0.1:15427 - 0 ] INFO  ratis.XceiverServerRatis (XceiverServerRatis.java:start(478)) - Starting XceiverServerRatis 0f3e4899-df55-4e14-9f73-38fb9ca0f37c
2021-07-27 15:00:07,152 [EndpointStateMachine task thread for /127.0.0.1:15427 - 0 ] INFO  server.RaftServer (RaftServerProxy.java:lambda$start$5(374)) - 0f3e4899-df55-4e14-9f73-38fb9ca0f37c: start RPC server
2021-07-27 15:00:07,155 [EndpointStateMachine task thread for /127.0.0.1:15427 - 0 ] INFO  server.GrpcService (GrpcService.java:startImpl(253)) - 0f3e4899-df55-4e14-9f73-38fb9ca0f37c: GrpcService started, listening on 42961
2021-07-27 15:00:07,156 [EndpointStateMachine task thread for /127.0.0.1:15427 - 0 ] INFO  ratis.XceiverServerRatis (XceiverServerRatis.java:getRealPort(499)) - XceiverServerRatis 0f3e4899-df55-4e14-9f73-38fb9ca0f37c is started using port 42961 for RATIS
2021-07-27 15:00:07,156 [EndpointStateMachine task thread for /127.0.0.1:15427 - 0 ] INFO  ratis.XceiverServerRatis (XceiverServerRatis.java:getRealPort(499)) - XceiverServerRatis 0f3e4899-df55-4e14-9f73-38fb9ca0f37c is started using port 42961 for RATIS_ADMIN
2021-07-27 15:00:07,156 [EndpointStateMachine task thread for /127.0.0.1:15427 - 0 ] INFO  ratis.XceiverServerRatis (XceiverServerRatis.java:getRealPort(499)) - XceiverServerRatis 0f3e4899-df55-4e14-9f73-38fb9ca0f37c is started using port 42961 for RATIS_SERVER
2021-07-27 15:00:07,156 [org.apache.ratis.util.JvmPauseMonitor$$Lambda$499/841483227@69ac414e] INFO  util.JvmPauseMonitor (JvmPauseMonitor.java:run(103)) - JvmPauseMonitor-0f3e4899-df55-4e14-9f73-38fb9ca0f37c: Started
2021-07-27 15:00:07,157 [EndpointStateMachine task thread for /127.0.0.1:15427 - 0 ] INFO  server.XceiverServerGrpc (XceiverServerGrpc.java:start(135)) - XceiverServerGrpc 0f3e4899-df55-4e14-9f73-38fb9ca0f37c is started using port 42119
2021-07-27 15:00:07,160 [EndpointStateMachine task thread for /127.0.0.1:15417 - 0 ] INFO  ozoneimpl.OzoneContainer (OzoneContainer.java:start(301)) - Ignore. OzoneContainer already started.
2021-07-27 15:00:07,389 [Listener at 127.0.0.1/12788] INFO  ozone.MiniOzoneClusterImpl (MiniOzoneClusterImpl.java:lambda$waitForClusterToBeReady$0(235)) - Waiting for nodes to be ready. Got 0 of 3 DN Heartbeats.
2021-07-27 15:00:07,389 [Listener at 127.0.0.1/12788] INFO  ozone.MiniOzoneClusterImpl (MiniOzoneClusterImpl.java:lambda$waitForClusterToBeReady$0(238)) - Waiting for cluster to exit safe mode
2021-07-27 15:00:07,390 [Listener at 127.0.0.1/12788] INFO  ozone.MiniOzoneClusterImpl (MiniOzoneClusterImpl.java:lambda$waitForClusterToBeReady$0(240)) - SCM became leader
2021-07-27 15:00:07,409 [EndpointStateMachine task thread for /127.0.0.1:15427 - 0 ] INFO  ozoneimpl.OzoneContainer (OzoneContainer.java:start(305)) - Attempting to start container services.
2021-07-27 15:00:07,409 [EndpointStateMachine task thread for /127.0.0.1:15427 - 0 ] INFO  ozoneimpl.OzoneContainer (OzoneContainer.java:startContainerScrub(250)) - Background container scanner has been disabled.
2021-07-27 15:00:07,411 [EndpointStateMachine task thread for /127.0.0.1:15427 - 0 ] INFO  replication.ReplicationServer (ReplicationServer.java:start(106)) - ReplicationServer is started using port 39859
2021-07-27 15:00:07,411 [EndpointStateMachine task thread for /127.0.0.1:15427 - 0 ] INFO  ratis.XceiverServerRatis (XceiverServerRatis.java:start(478)) - Starting XceiverServerRatis 86d9546c-cd65-42b3-a7f1-5b54ee2fc6d0
2021-07-27 15:00:07,412 [EndpointStateMachine task thread for /127.0.0.1:15427 - 0 ] INFO  server.RaftServer (RaftServerProxy.java:lambda$start$5(374)) - 86d9546c-cd65-42b3-a7f1-5b54ee2fc6d0: start RPC server
2021-07-27 15:00:07,415 [EndpointStateMachine task thread for /127.0.0.1:15427 - 0 ] INFO  server.GrpcService (GrpcService.java:startImpl(253)) - 86d9546c-cd65-42b3-a7f1-5b54ee2fc6d0: GrpcService started, listening on 45791
2021-07-27 15:00:07,415 [EndpointStateMachine task thread for /127.0.0.1:15427 - 0 ] INFO  ratis.XceiverServerRatis (XceiverServerRatis.java:getRealPort(499)) - XceiverServerRatis 86d9546c-cd65-42b3-a7f1-5b54ee2fc6d0 is started using port 45791 for RATIS
2021-07-27 15:00:07,415 [org.apache.ratis.util.JvmPauseMonitor$$Lambda$499/841483227@69c70530] INFO  util.JvmPauseMonitor (JvmPauseMonitor.java:run(103)) - JvmPauseMonitor-86d9546c-cd65-42b3-a7f1-5b54ee2fc6d0: Started
2021-07-27 15:00:07,415 [EndpointStateMachine task thread for /127.0.0.1:15427 - 0 ] INFO  ratis.XceiverServerRatis (XceiverServerRatis.java:getRealPort(499)) - XceiverServerRatis 86d9546c-cd65-42b3-a7f1-5b54ee2fc6d0 is started using port 45791 for RATIS_ADMIN
2021-07-27 15:00:07,415 [EndpointStateMachine task thread for /127.0.0.1:15427 - 0 ] INFO  ratis.XceiverServerRatis (XceiverServerRatis.java:getRealPort(499)) - XceiverServerRatis 86d9546c-cd65-42b3-a7f1-5b54ee2fc6d0 is started using port 45791 for RATIS_SERVER
2021-07-27 15:00:07,416 [EndpointStateMachine task thread for /127.0.0.1:15427 - 0 ] INFO  server.XceiverServerGrpc (XceiverServerGrpc.java:start(135)) - XceiverServerGrpc 86d9546c-cd65-42b3-a7f1-5b54ee2fc6d0 is started using port 46733
2021-07-27 15:00:07,417 [EndpointStateMachine task thread for /127.0.0.1:15417 - 0 ] INFO  ozoneimpl.OzoneContainer (OzoneContainer.java:start(301)) - Ignore. OzoneContainer already started.
2021-07-27 15:00:08,390 [Listener at 127.0.0.1/12788] INFO  ozone.MiniOzoneClusterImpl (MiniOzoneClusterImpl.java:lambda$waitForClusterToBeReady$0(235)) - Waiting for nodes to be ready. Got 0 of 3 DN Heartbeats.
2021-07-27 15:00:08,390 [Listener at 127.0.0.1/12788] INFO  ozone.MiniOzoneClusterImpl (MiniOzoneClusterImpl.java:lambda$waitForClusterToBeReady$0(238)) - Waiting for cluster to exit safe mode
2021-07-27 15:00:08,390 [Listener at 127.0.0.1/12788] INFO  ozone.MiniOzoneClusterImpl (MiniOzoneClusterImpl.java:lambda$waitForClusterToBeReady$0(240)) - SCM became leader
2021-07-27 15:00:08,801 [IPC Server handler 11 on default port 15427] INFO  net.NetworkTopologyImpl (NetworkTopologyImpl.java:add(112)) - Added a new node: /default-rack/43f332dd-3581-45f2-86c5-cce36549d707
2021-07-27 15:00:08,803 [IPC Server handler 11 on default port 15427] INFO  node.SCMNodeManager (SCMNodeManager.java:register(386)) - Registered Data node : 43f332dd-3581-45f2-86c5-cce36549d707{ip: 127.0.0.1, host: localhost, ports: [REPLICATION=39387, RATIS=37911, RATIS_ADMIN=37911, RATIS_SERVER=37911, STANDALONE=43717], networkLocation: /default-rack, certSerialId: null, persistedOpState: null, persistedOpStateExpiryEpochSec: 0}
2021-07-27 15:00:08,804 [IPC Server handler 2 on default port 15417] INFO  net.NetworkTopologyImpl (NetworkTopologyImpl.java:add(112)) - Added a new node: /default-rack/43f332dd-3581-45f2-86c5-cce36549d707
2021-07-27 15:00:08,807 [IPC Server handler 2 on default port 15417] INFO  node.SCMNodeManager (SCMNodeManager.java:register(386)) - Registered Data node : 43f332dd-3581-45f2-86c5-cce36549d707{ip: 127.0.0.1, host: localhost, ports: [REPLICATION=39387, RATIS=37911, RATIS_ADMIN=37911, RATIS_SERVER=37911, STANDALONE=43717], networkLocation: /default-rack, certSerialId: null, persistedOpState: null, persistedOpStateExpiryEpochSec: 0}
2021-07-27 15:00:08,812 [EventQueue-NodeRegistrationContainerReportForDataNodeSafeModeRule] INFO  safemode.SCMSafeModeManager (DataNodeSafeModeRule.java:process(71)) - SCM in safe mode. 1 DataNodes registered, 3 required.
2021-07-27 15:00:08,818 [EventQueue-NewNodeForNewNodeHandler] INFO  pipeline.BackgroundPipelineCreator (BackgroundPipelineCreatorV2.java:notifyEventTriggered(279)) - ignore, not leader SCM.
2021-07-27 15:00:08,818 [EventQueue-NewNodeForNewNodeHandler] INFO  pipeline.BackgroundPipelineCreator (BackgroundPipelineCreatorV2.java:notifyEventTriggered(285)) - trigger a one-shot run on RatisPipelineUtilsThread.
2021-07-27 15:00:08,827 [RatisPipelineUtilsThread - 0] INFO  pipeline.RatisPipelineProvider (RatisPipelineProvider.java:lambda$create$0(183)) - Sending CreatePipelineCommand for pipeline:PipelineID=e92791b6-34b8-485c-b3ad-90fd39818cea to datanode:43f332dd-3581-45f2-86c5-cce36549d707
2021-07-27 15:00:08,818 [EventQueue-NodeRegistrationContainerReportForContainerSafeModeRule] INFO  safemode.SCMSafeModeManager (SCMSafeModeManager.java:validateSafeModeExitRules(204)) - ContainerSafeModeRule rule is successfully validated
2021-07-27 15:00:08,855 [EventQueue-PipelineReportForOneReplicaPipelineSafeModeRule] INFO  safemode.SCMSafeModeManager (SCMSafeModeManager.java:validateSafeModeExitRules(204)) - AtleastOneDatanodeReportedRule rule is successfully validated
2021-07-27 15:00:08,819 [EventQueue-NodeRegistrationContainerReportForDataNodeSafeModeRule] INFO  safemode.SCMSafeModeManager (DataNodeSafeModeRule.java:process(71)) - SCM in safe mode. 1 DataNodes registered, 3 required.
2021-07-27 15:00:08,855 [EventQueue-NodeRegistrationContainerReportForContainerSafeModeRule] INFO  safemode.SCMSafeModeManager (SCMSafeModeManager.java:validateSafeModeExitRules(204)) - ContainerSafeModeRule rule is successfully validated
2021-07-27 15:00:08,866 [EventQueue-PipelineReportForOneReplicaPipelineSafeModeRule] INFO  safemode.SCMSafeModeManager (SCMSafeModeManager.java:validateSafeModeExitRules(204)) - AtleastOneDatanodeReportedRule rule is successfully validated
2021-07-27 15:00:08,903 [b07764cb-34df-45d7-9560-8ac949593b7a@group-6D50A358B8D8-StateMachineUpdater] INFO  pipeline.PipelineStateManager (PipelineStateManagerV2Impl.java:addPipeline(101)) - Created pipeline Pipeline[ Id: e92791b6-34b8-485c-b3ad-90fd39818cea, Nodes: 43f332dd-3581-45f2-86c5-cce36549d707{ip: 127.0.0.1, host: localhost, ports: [REPLICATION=39387, RATIS=37911, RATIS_ADMIN=37911, RATIS_SERVER=37911, STANDALONE=43717], networkLocation: /default-rack, certSerialId: null, persistedOpState: IN_SERVICE, persistedOpStateExpiryEpochSec: 0}, ReplicationConfig: RATIS/ONE, State:ALLOCATED, leaderId:, CreationTimestamp2021-07-27T15:00:08.824Z[Etc/UTC]].
2021-07-27 15:00:08,904 [b07764cb-34df-45d7-9560-8ac949593b7a@group-6D50A358B8D8-StateMachineUpdater] INFO  safemode.HealthyPipelineSafeModeRule (HealthyPipelineSafeModeRule.java:initializeRule(152)) - Refreshed total pipeline count is 0, healthy pipeline threshold count is 1
2021-07-27 15:00:08,906 [RatisPipelineUtilsThread - 0] INFO  ha.SCMHAInvocationHandler (SCMHAInvocationHandler.java:invokeRatis(113)) - Invoking method public abstract void org.apache.hadoop.hdds.scm.pipeline.StateManager.addPipeline(org.apache.hadoop.hdds.protocol.proto.HddsProtos$Pipeline) throws java.io.IOException on target org.apache.hadoop.hdds.scm.ha.SCMRatisServerImpl@3bf5589b, cost 57590.698us
2021-07-27 15:00:08,911 [112e9cde-9cb9-43e4-9ef1-6a6d7fd9222c@group-6D50A358B8D8-StateMachineUpdater] INFO  pipeline.PipelineStateManager (PipelineStateManagerV2Impl.java:addPipeline(101)) - Created pipeline Pipeline[ Id: e92791b6-34b8-485c-b3ad-90fd39818cea, Nodes: 43f332dd-3581-45f2-86c5-cce36549d707{ip: 127.0.0.1, host: localhost, ports: [REPLICATION=39387, RATIS=37911, RATIS_ADMIN=37911, RATIS_SERVER=37911, STANDALONE=43717], networkLocation: /default-rack, certSerialId: null, persistedOpState: IN_SERVICE, persistedOpStateExpiryEpochSec: 0}, ReplicationConfig: RATIS/ONE, State:ALLOCATED, leaderId:, CreationTimestamp2021-07-27T15:00:08.824Z[Etc/UTC]].
2021-07-27 15:00:08,912 [112e9cde-9cb9-43e4-9ef1-6a6d7fd9222c@group-6D50A358B8D8-StateMachineUpdater] INFO  safemode.HealthyPipelineSafeModeRule (HealthyPipelineSafeModeRule.java:initializeRule(152)) - Refreshed total pipeline count is 0, healthy pipeline threshold count is 1
2021-07-27 15:00:09,140 [IPC Server handler 12 on default port 15427] INFO  net.NetworkTopologyImpl (NetworkTopologyImpl.java:add(112)) - Added a new node: /default-rack/0f3e4899-df55-4e14-9f73-38fb9ca0f37c
2021-07-27 15:00:09,141 [IPC Server handler 12 on default port 15427] INFO  node.SCMNodeManager (SCMNodeManager.java:register(386)) - Registered Data node : 0f3e4899-df55-4e14-9f73-38fb9ca0f37c{ip: 127.0.0.1, host: localhost, ports: [REPLICATION=42217, RATIS=42961, RATIS_ADMIN=42961, RATIS_SERVER=42961, STANDALONE=42119], networkLocation: /default-rack, certSerialId: null, persistedOpState: null, persistedOpStateExpiryEpochSec: 0}
2021-07-27 15:00:09,142 [EventQueue-NewNodeForNewNodeHandler] INFO  pipeline.BackgroundPipelineCreator (BackgroundPipelineCreatorV2.java:notifyEventTriggered(279)) - ignore, not leader SCM.
2021-07-27 15:00:09,142 [IPC Server handler 3 on default port 15417] INFO  net.NetworkTopologyImpl (NetworkTopologyImpl.java:add(112)) - Added a new node: /default-rack/0f3e4899-df55-4e14-9f73-38fb9ca0f37c
2021-07-27 15:00:09,142 [IPC Server handler 3 on default port 15417] INFO  node.SCMNodeManager (SCMNodeManager.java:register(386)) - Registered Data node : 0f3e4899-df55-4e14-9f73-38fb9ca0f37c{ip: 127.0.0.1, host: localhost, ports: [REPLICATION=42217, RATIS=42961, RATIS_ADMIN=42961, RATIS_SERVER=42961, STANDALONE=42119], networkLocation: /default-rack, certSerialId: null, persistedOpState: null, persistedOpStateExpiryEpochSec: 0}
2021-07-27 15:00:09,143 [EventQueue-NodeRegistrationContainerReportForDataNodeSafeModeRule] INFO  safemode.SCMSafeModeManager (DataNodeSafeModeRule.java:process(71)) - SCM in safe mode. 2 DataNodes registered, 3 required.
2021-07-27 15:00:09,143 [EventQueue-NewNodeForNewNodeHandler] INFO  pipeline.BackgroundPipelineCreator (BackgroundPipelineCreatorV2.java:notifyEventTriggered(285)) - trigger a one-shot run on RatisPipelineUtilsThread.
2021-07-27 15:00:09,143 [EventQueue-NodeRegistrationContainerReportForDataNodeSafeModeRule] INFO  safemode.SCMSafeModeManager (DataNodeSafeModeRule.java:process(71)) - SCM in safe mode. 2 DataNodes registered, 3 required.
2021-07-27 15:00:09,145 [RatisPipelineUtilsThread - 0] INFO  pipeline.RatisPipelineProvider (RatisPipelineProvider.java:lambda$create$0(183)) - Sending CreatePipelineCommand for pipeline:PipelineID=b5adc310-a965-4920-b6cd-304e7aec1fb7 to datanode:0f3e4899-df55-4e14-9f73-38fb9ca0f37c
2021-07-27 15:00:09,150 [b07764cb-34df-45d7-9560-8ac949593b7a@group-6D50A358B8D8-StateMachineUpdater] INFO  pipeline.PipelineStateManager (PipelineStateManagerV2Impl.java:addPipeline(101)) - Created pipeline Pipeline[ Id: b5adc310-a965-4920-b6cd-304e7aec1fb7, Nodes: 0f3e4899-df55-4e14-9f73-38fb9ca0f37c{ip: 127.0.0.1, host: localhost, ports: [REPLICATION=42217, RATIS=42961, RATIS_ADMIN=42961, RATIS_SERVER=42961, STANDALONE=42119], networkLocation: /default-rack, certSerialId: null, persistedOpState: IN_SERVICE, persistedOpStateExpiryEpochSec: 0}, ReplicationConfig: RATIS/ONE, State:ALLOCATED, leaderId:, CreationTimestamp2021-07-27T15:00:09.145Z[Etc/UTC]].
2021-07-27 15:00:09,150 [b07764cb-34df-45d7-9560-8ac949593b7a@group-6D50A358B8D8-StateMachineUpdater] INFO  safemode.HealthyPipelineSafeModeRule (HealthyPipelineSafeModeRule.java:initializeRule(152)) - Refreshed total pipeline count is 0, healthy pipeline threshold count is 1
2021-07-27 15:00:09,151 [RatisPipelineUtilsThread - 0] INFO  ha.SCMHAInvocationHandler (SCMHAInvocationHandler.java:invokeRatis(113)) - Invoking method public abstract void org.apache.hadoop.hdds.scm.pipeline.StateManager.addPipeline(org.apache.hadoop.hdds.protocol.proto.HddsProtos$Pipeline) throws java.io.IOException on target org.apache.hadoop.hdds.scm.ha.SCMRatisServerImpl@3bf5589b, cost 6249.643us
2021-07-27 15:00:09,154 [112e9cde-9cb9-43e4-9ef1-6a6d7fd9222c@group-6D50A358B8D8-StateMachineUpdater] INFO  pipeline.PipelineStateManager (PipelineStateManagerV2Impl.java:addPipeline(101)) - Created pipeline Pipeline[ Id: b5adc310-a965-4920-b6cd-304e7aec1fb7, Nodes: 0f3e4899-df55-4e14-9f73-38fb9ca0f37c{ip: 127.0.0.1, host: localhost, ports: [REPLICATION=42217, RATIS=42961, RATIS_ADMIN=42961, RATIS_SERVER=42961, STANDALONE=42119], networkLocation: /default-rack, certSerialId: null, persistedOpState: IN_SERVICE, persistedOpStateExpiryEpochSec: 0}, ReplicationConfig: RATIS/ONE, State:ALLOCATED, leaderId:, CreationTimestamp2021-07-27T15:00:09.145Z[Etc/UTC]].
2021-07-27 15:00:09,154 [112e9cde-9cb9-43e4-9ef1-6a6d7fd9222c@group-6D50A358B8D8-StateMachineUpdater] INFO  safemode.HealthyPipelineSafeModeRule (HealthyPipelineSafeModeRule.java:initializeRule(152)) - Refreshed total pipeline count is 0, healthy pipeline threshold count is 1
2021-07-27 15:00:09,155 [b07764cb-34df-45d7-9560-8ac949593b7a@group-6D50A358B8D8-StateMachineUpdater] INFO  ha.SCMStateMachine (SCMStateMachine.java:takeSnapshot(290)) - Current Snapshot Index 10, takeSnapshot took 0 ms
2021-07-27 15:00:09,157 [b07764cb-34df-45d7-9560-8ac949593b7a@group-6D50A358B8D8-StateMachineUpdater] INFO  impl.StateMachineUpdater (StateMachineUpdater.java:takeSnapshot(281)) - b07764cb-34df-45d7-9560-8ac949593b7a@group-6D50A358B8D8-StateMachineUpdater: Took a snapshot at index 10
2021-07-27 15:00:09,157 [b07764cb-34df-45d7-9560-8ac949593b7a@group-6D50A358B8D8-StateMachineUpdater] INFO  impl.StateMachineUpdater (StateMachineUpdater.java:lambda$new$0(89)) - b07764cb-34df-45d7-9560-8ac949593b7a@group-6D50A358B8D8-StateMachineUpdater: snapshotIndex: updateIncreasingly 5 -> 10
2021-07-27 15:00:09,157 [b07764cb-34df-45d7-9560-8ac949593b7a@group-6D50A358B8D8-StateMachineUpdater] INFO  raftlog.RaftLog (RaftLogBase.java:purge(306)) - b07764cb-34df-45d7-9560-8ac949593b7a@group-6D50A358B8D8-SegmentedRaftLog: purge 10
2021-07-27 15:00:09,157 [b07764cb-34df-45d7-9560-8ac949593b7a@group-6D50A358B8D8-StateMachineUpdater] INFO  raftlog.RaftLog (RaftLogBase.java:lambda$new$0(53)) - b07764cb-34df-45d7-9560-8ac949593b7a@group-6D50A358B8D8-SegmentedRaftLog: snapshotIndex: updateIncreasingly 5 -> 10
2021-07-27 15:00:09,157 [b07764cb-34df-45d7-9560-8ac949593b7a@group-6D50A358B8D8-StateMachineUpdater] INFO  raftlog.RaftLog (RaftLogBase.java:lambda$new$0(53)) - b07764cb-34df-45d7-9560-8ac949593b7a@group-6D50A358B8D8-SegmentedRaftLog: purgeIndex: updateToMax old=0, new=10, updated? true
2021-07-27 15:00:09,391 [Listener at 127.0.0.1/12788] INFO  ozone.MiniOzoneClusterImpl (MiniOzoneClusterImpl.java:lambda$waitForClusterToBeReady$0(235)) - Waiting for nodes to be ready. Got 2 of 3 DN Heartbeats.
2021-07-27 15:00:09,391 [Listener at 127.0.0.1/12788] INFO  ozone.MiniOzoneClusterImpl (MiniOzoneClusterImpl.java:lambda$waitForClusterToBeReady$0(238)) - Waiting for cluster to exit safe mode
2021-07-27 15:00:09,391 [Listener at 127.0.0.1/12788] INFO  ozone.MiniOzoneClusterImpl (MiniOzoneClusterImpl.java:lambda$waitForClusterToBeReady$0(240)) - SCM became leader
2021-07-27 15:00:09,408 [IPC Server handler 18 on default port 15427] INFO  net.NetworkTopologyImpl (NetworkTopologyImpl.java:add(112)) - Added a new node: /default-rack/86d9546c-cd65-42b3-a7f1-5b54ee2fc6d0
2021-07-27 15:00:09,408 [IPC Server handler 18 on default port 15427] INFO  node.SCMNodeManager (SCMNodeManager.java:register(386)) - Registered Data node : 86d9546c-cd65-42b3-a7f1-5b54ee2fc6d0{ip: 127.0.0.1, host: localhost, ports: [REPLICATION=39859, RATIS=45791, RATIS_ADMIN=45791, RATIS_SERVER=45791, STANDALONE=46733], networkLocation: /default-rack, certSerialId: null, persistedOpState: null, persistedOpStateExpiryEpochSec: 0}
2021-07-27 15:00:09,408 [EventQueue-NewNodeForNewNodeHandler] INFO  pipeline.BackgroundPipelineCreator (BackgroundPipelineCreatorV2.java:notifyEventTriggered(279)) - ignore, not leader SCM.
2021-07-27 15:00:09,408 [IPC Server handler 5 on default port 15417] INFO  net.NetworkTopologyImpl (NetworkTopologyImpl.java:add(112)) - Added a new node: /default-rack/86d9546c-cd65-42b3-a7f1-5b54ee2fc6d0
2021-07-27 15:00:09,408 [IPC Server handler 5 on default port 15417] INFO  node.SCMNodeManager (SCMNodeManager.java:register(386)) - Registered Data node : 86d9546c-cd65-42b3-a7f1-5b54ee2fc6d0{ip: 127.0.0.1, host: localhost, ports: [REPLICATION=39859, RATIS=45791, RATIS_ADMIN=45791, RATIS_SERVER=45791, STANDALONE=46733], networkLocation: /default-rack, certSerialId: null, persistedOpState: null, persistedOpStateExpiryEpochSec: 0}
2021-07-27 15:00:09,409 [EventQueue-NodeRegistrationContainerReportForDataNodeSafeModeRule] INFO  safemode.SCMSafeModeManager (DataNodeSafeModeRule.java:process(71)) - SCM in safe mode. 3 DataNodes registered, 3 required.
2021-07-27 15:00:09,409 [EventQueue-NodeRegistrationContainerReportForDataNodeSafeModeRule] INFO  safemode.SCMSafeModeManager (SCMSafeModeManager.java:validateSafeModeExitRules(204)) - DataNodeSafeModeRule rule is successfully validated
2021-07-27 15:00:09,409 [EventQueue-NodeRegistrationContainerReportForDataNodeSafeModeRule] INFO  safemode.SCMSafeModeManager (SCMSafeModeManager.java:completePreCheck(233)) - All SCM safe mode pre check rules have passed
2021-07-27 15:00:09,409 [EventQueue-NodeRegistrationContainerReportForDataNodeSafeModeRule] WARN  events.EventQueue (EventQueue.java:fireEvent(194)) - No event handler registered for event TypedEvent{payloadType=SafeModeStatus, name='Safe mode status'}
2021-07-27 15:00:09,409 [EventQueue-NodeRegistrationContainerReportForDataNodeSafeModeRule] INFO  ha.SCMContext (SCMContext.java:updateSafeModeStatus(205)) - Update SafeModeStatus from SafeModeStatus{safeModeStatus=true, preCheckPassed=false} to SafeModeStatus{safeModeStatus=true, preCheckPassed=true}.
2021-07-27 15:00:09,409 [EventQueue-NodeRegistrationContainerReportForDataNodeSafeModeRule] INFO  pipeline.BackgroundPipelineCreator (BackgroundPipelineCreatorV2.java:notifyEventTriggered(279)) - ignore, not leader SCM.
2021-07-27 15:00:09,410 [EventQueue-NewNodeForNewNodeHandler] INFO  pipeline.BackgroundPipelineCreator (BackgroundPipelineCreatorV2.java:notifyEventTriggered(285)) - trigger a one-shot run on RatisPipelineUtilsThread.
2021-07-27 15:00:09,410 [EventQueue-NodeRegistrationContainerReportForDataNodeSafeModeRule] INFO  safemode.SCMSafeModeManager (DataNodeSafeModeRule.java:process(71)) - SCM in safe mode. 3 DataNodes registered, 3 required.
2021-07-27 15:00:09,410 [EventQueue-NodeRegistrationContainerReportForDataNodeSafeModeRule] INFO  safemode.SCMSafeModeManager (SCMSafeModeManager.java:validateSafeModeExitRules(204)) - DataNodeSafeModeRule rule is successfully validated
2021-07-27 15:00:09,410 [EventQueue-NodeRegistrationContainerReportForDataNodeSafeModeRule] INFO  safemode.SCMSafeModeManager (SCMSafeModeManager.java:completePreCheck(233)) - All SCM safe mode pre check rules have passed
2021-07-27 15:00:09,410 [RatisPipelineUtilsThread - 0] INFO  pipeline.RatisPipelineProvider (RatisPipelineProvider.java:lambda$create$0(183)) - Sending CreatePipelineCommand for pipeline:PipelineID=883a8244-3405-4397-a71e-99d0054ceffd to datanode:86d9546c-cd65-42b3-a7f1-5b54ee2fc6d0
2021-07-27 15:00:09,410 [EventQueue-NodeRegistrationContainerReportForDataNodeSafeModeRule] WARN  events.EventQueue (EventQueue.java:fireEvent(194)) - No event handler registered for event TypedEvent{payloadType=SafeModeStatus, name='Safe mode status'}
2021-07-27 15:00:09,417 [EventQueue-NodeRegistrationContainerReportForDataNodeSafeModeRule] INFO  ha.SCMContext (SCMContext.java:updateSafeModeStatus(205)) - Update SafeModeStatus from SafeModeStatus{safeModeStatus=true, preCheckPassed=false} to SafeModeStatus{safeModeStatus=true, preCheckPassed=true}.
2021-07-27 15:00:09,417 [EventQueue-NodeRegistrationContainerReportForDataNodeSafeModeRule] INFO  pipeline.BackgroundPipelineCreator (BackgroundPipelineCreatorV2.java:notifyEventTriggered(285)) - trigger a one-shot run on RatisPipelineUtilsThread.
2021-07-27 15:00:09,418 [112e9cde-9cb9-43e4-9ef1-6a6d7fd9222c@group-6D50A358B8D8-StateMachineUpdater] INFO  ha.SCMStateMachine (SCMStateMachine.java:takeSnapshot(290)) - Current Snapshot Index 10, takeSnapshot took 0 ms
2021-07-27 15:00:09,418 [112e9cde-9cb9-43e4-9ef1-6a6d7fd9222c@group-6D50A358B8D8-StateMachineUpdater] INFO  impl.StateMachineUpdater (StateMachineUpdater.java:takeSnapshot(281)) - 112e9cde-9cb9-43e4-9ef1-6a6d7fd9222c@group-6D50A358B8D8-StateMachineUpdater: Took a snapshot at index 10
2021-07-27 15:00:09,418 [112e9cde-9cb9-43e4-9ef1-6a6d7fd9222c@group-6D50A358B8D8-StateMachineUpdater] INFO  impl.StateMachineUpdater (StateMachineUpdater.java:lambda$new$0(89)) - 112e9cde-9cb9-43e4-9ef1-6a6d7fd9222c@group-6D50A358B8D8-StateMachineUpdater: snapshotIndex: updateIncreasingly 5 -> 10
2021-07-27 15:00:09,418 [112e9cde-9cb9-43e4-9ef1-6a6d7fd9222c@group-6D50A358B8D8-StateMachineUpdater] INFO  raftlog.RaftLog (RaftLogBase.java:purge(306)) - 112e9cde-9cb9-43e4-9ef1-6a6d7fd9222c@group-6D50A358B8D8-SegmentedRaftLog: purge 10
2021-07-27 15:00:09,418 [112e9cde-9cb9-43e4-9ef1-6a6d7fd9222c@group-6D50A358B8D8-StateMachineUpdater] INFO  raftlog.RaftLog (RaftLogBase.java:lambda$new$0(53)) - 112e9cde-9cb9-43e4-9ef1-6a6d7fd9222c@group-6D50A358B8D8-SegmentedRaftLog: snapshotIndex: updateIncreasingly 5 -> 10
2021-07-27 15:00:09,418 [112e9cde-9cb9-43e4-9ef1-6a6d7fd9222c@group-6D50A358B8D8-StateMachineUpdater] INFO  raftlog.RaftLog (RaftLogBase.java:lambda$new$0(53)) - 112e9cde-9cb9-43e4-9ef1-6a6d7fd9222c@group-6D50A358B8D8-SegmentedRaftLog: purgeIndex: updateToMax old=0, new=10, updated? true
2021-07-27 15:00:09,420 [b07764cb-34df-45d7-9560-8ac949593b7a@group-6D50A358B8D8-StateMachineUpdater] INFO  pipeline.PipelineStateManager (PipelineStateManagerV2Impl.java:addPipeline(101)) - Created pipeline Pipeline[ Id: 883a8244-3405-4397-a71e-99d0054ceffd, Nodes: 86d9546c-cd65-42b3-a7f1-5b54ee2fc6d0{ip: 127.0.0.1, host: localhost, ports: [REPLICATION=39859, RATIS=45791, RATIS_ADMIN=45791, RATIS_SERVER=45791, STANDALONE=46733], networkLocation: /default-rack, certSerialId: null, persistedOpState: IN_SERVICE, persistedOpStateExpiryEpochSec: 0}, ReplicationConfig: RATIS/ONE, State:ALLOCATED, leaderId:, CreationTimestamp2021-07-27T15:00:09.410Z[Etc/UTC]].
2021-07-27 15:00:09,420 [b07764cb-34df-45d7-9560-8ac949593b7a@group-6D50A358B8D8-StateMachineUpdater] INFO  safemode.HealthyPipelineSafeModeRule (HealthyPipelineSafeModeRule.java:initializeRule(152)) - Refreshed total pipeline count is 0, healthy pipeline threshold count is 1
2021-07-27 15:00:09,420 [RatisPipelineUtilsThread - 0] INFO  ha.SCMHAInvocationHandler (SCMHAInvocationHandler.java:invokeRatis(113)) - Invoking method public abstract void org.apache.hadoop.hdds.scm.pipeline.StateManager.addPipeline(org.apache.hadoop.hdds.protocol.proto.HddsProtos$Pipeline) throws java.io.IOException on target org.apache.hadoop.hdds.scm.ha.SCMRatisServerImpl@3bf5589b, cost 9758.068us
2021-07-27 15:00:09,424 [RatisPipelineUtilsThread - 0] INFO  pipeline.RatisPipelineProvider (RatisPipelineProvider.java:lambda$create$0(183)) - Sending CreatePipelineCommand for pipeline:PipelineID=27575857-2eda-4e20-a158-5f5b1a469043 to datanode:86d9546c-cd65-42b3-a7f1-5b54ee2fc6d0
2021-07-27 15:00:09,425 [RatisPipelineUtilsThread - 0] INFO  pipeline.RatisPipelineProvider (RatisPipelineProvider.java:lambda$create$0(183)) - Sending CreatePipelineCommand for pipeline:PipelineID=27575857-2eda-4e20-a158-5f5b1a469043 to datanode:0f3e4899-df55-4e14-9f73-38fb9ca0f37c
2021-07-27 15:00:09,425 [RatisPipelineUtilsThread - 0] INFO  pipeline.RatisPipelineProvider (RatisPipelineProvider.java:lambda$create$0(183)) - Sending CreatePipelineCommand for pipeline:PipelineID=27575857-2eda-4e20-a158-5f5b1a469043 to datanode:43f332dd-3581-45f2-86c5-cce36549d707
2021-07-27 15:00:09,434 [112e9cde-9cb9-43e4-9ef1-6a6d7fd9222c@group-6D50A358B8D8-StateMachineUpdater] INFO  pipeline.PipelineStateManager (PipelineStateManagerV2Impl.java:addPipeline(101)) - Created pipeline Pipeline[ Id: 883a8244-3405-4397-a71e-99d0054ceffd, Nodes: 86d9546c-cd65-42b3-a7f1-5b54ee2fc6d0{ip: 127.0.0.1, host: localhost, ports: [REPLICATION=39859, RATIS=45791, RATIS_ADMIN=45791, RATIS_SERVER=45791, STANDALONE=46733], networkLocation: /default-rack, certSerialId: null, persistedOpState: IN_SERVICE, persistedOpStateExpiryEpochSec: 0}, ReplicationConfig: RATIS/ONE, State:ALLOCATED, leaderId:, CreationTimestamp2021-07-27T15:00:09.410Z[Etc/UTC]].
2021-07-27 15:00:09,435 [112e9cde-9cb9-43e4-9ef1-6a6d7fd9222c@group-6D50A358B8D8-StateMachineUpdater] INFO  safemode.HealthyPipelineSafeModeRule (HealthyPipelineSafeModeRule.java:initializeRule(152)) - Refreshed total pipeline count is 0, healthy pipeline threshold count is 1
2021-07-27 15:00:09,440 [b07764cb-34df-45d7-9560-8ac949593b7a@group-6D50A358B8D8-StateMachineUpdater] INFO  pipeline.PipelineStateManager (PipelineStateManagerV2Impl.java:addPipeline(101)) - Created pipeline Pipeline[ Id: 27575857-2eda-4e20-a158-5f5b1a469043, Nodes: 86d9546c-cd65-42b3-a7f1-5b54ee2fc6d0{ip: 127.0.0.1, host: localhost, ports: [REPLICATION=39859, RATIS=45791, RATIS_ADMIN=45791, RATIS_SERVER=45791, STANDALONE=46733], networkLocation: /default-rack, certSerialId: null, persistedOpState: IN_SERVICE, persistedOpStateExpiryEpochSec: 0}0f3e4899-df55-4e14-9f73-38fb9ca0f37c{ip: 127.0.0.1, host: localhost, ports: [REPLICATION=42217, RATIS=42961, RATIS_ADMIN=42961, RATIS_SERVER=42961, STANDALONE=42119], networkLocation: /default-rack, certSerialId: null, persistedOpState: IN_SERVICE, persistedOpStateExpiryEpochSec: 0}43f332dd-3581-45f2-86c5-cce36549d707{ip: 127.0.0.1, host: localhost, ports: [REPLICATION=39387, RATIS=37911, RATIS_ADMIN=37911, RATIS_SERVER=37911, STANDALONE=43717], networkLocation: /default-rack, certSerialId: null, persistedOpState: IN_SERVICE, persistedOpStateExpiryEpochSec: 0}, ReplicationConfig: RATIS/THREE, State:ALLOCATED, leaderId:, CreationTimestamp2021-07-27T15:00:09.424Z[Etc/UTC]].
2021-07-27 15:00:09,441 [b07764cb-34df-45d7-9560-8ac949593b7a@group-6D50A358B8D8-StateMachineUpdater] INFO  safemode.HealthyPipelineSafeModeRule (HealthyPipelineSafeModeRule.java:initializeRule(152)) - Refreshed total pipeline count is 0, healthy pipeline threshold count is 1
2021-07-27 15:00:09,441 [RatisPipelineUtilsThread - 0] INFO  ha.SCMHAInvocationHandler (SCMHAInvocationHandler.java:invokeRatis(113)) - Invoking method public abstract void org.apache.hadoop.hdds.scm.pipeline.StateManager.addPipeline(org.apache.hadoop.hdds.protocol.proto.HddsProtos$Pipeline) throws java.io.IOException on target org.apache.hadoop.hdds.scm.ha.SCMRatisServerImpl@3bf5589b, cost 15845.009us
2021-07-27 15:00:09,443 [RatisPipelineUtilsThread - 0] INFO  pipeline.RatisPipelineProvider (RatisPipelineProvider.java:lambda$create$0(183)) - Sending CreatePipelineCommand for pipeline:PipelineID=b2d346f2-abad-4ad7-b329-97e4151b2859 to datanode:0f3e4899-df55-4e14-9f73-38fb9ca0f37c
2021-07-27 15:00:09,443 [RatisPipelineUtilsThread - 0] INFO  pipeline.RatisPipelineProvider (RatisPipelineProvider.java:lambda$create$0(183)) - Sending CreatePipelineCommand for pipeline:PipelineID=b2d346f2-abad-4ad7-b329-97e4151b2859 to datanode:43f332dd-3581-45f2-86c5-cce36549d707
2021-07-27 15:00:09,443 [RatisPipelineUtilsThread - 0] INFO  pipeline.RatisPipelineProvider (RatisPipelineProvider.java:lambda$create$0(183)) - Sending CreatePipelineCommand for pipeline:PipelineID=b2d346f2-abad-4ad7-b329-97e4151b2859 to datanode:86d9546c-cd65-42b3-a7f1-5b54ee2fc6d0
2021-07-27 15:00:09,452 [112e9cde-9cb9-43e4-9ef1-6a6d7fd9222c@group-6D50A358B8D8-StateMachineUpdater] INFO  pipeline.PipelineStateManager (PipelineStateManagerV2Impl.java:addPipeline(101)) - Created pipeline Pipeline[ Id: 27575857-2eda-4e20-a158-5f5b1a469043, Nodes: 86d9546c-cd65-42b3-a7f1-5b54ee2fc6d0{ip: 127.0.0.1, host: localhost, ports: [REPLICATION=39859, RATIS=45791, RATIS_ADMIN=45791, RATIS_SERVER=45791, STANDALONE=46733], networkLocation: /default-rack, certSerialId: null, persistedOpState: IN_SERVICE, persistedOpStateExpiryEpochSec: 0}0f3e4899-df55-4e14-9f73-38fb9ca0f37c{ip: 127.0.0.1, host: localhost, ports: [REPLICATION=42217, RATIS=42961, RATIS_ADMIN=42961, RATIS_SERVER=42961, STANDALONE=42119], networkLocation: /default-rack, certSerialId: null, persistedOpState: IN_SERVICE, persistedOpStateExpiryEpochSec: 0}43f332dd-3581-45f2-86c5-cce36549d707{ip: 127.0.0.1, host: localhost, ports: [REPLICATION=39387, RATIS=37911, RATIS_ADMIN=37911, RATIS_SERVER=37911, STANDALONE=43717], networkLocation: /default-rack, certSerialId: null, persistedOpState: IN_SERVICE, persistedOpStateExpiryEpochSec: 0}, ReplicationConfig: RATIS/THREE, State:ALLOCATED, leaderId:, CreationTimestamp2021-07-27T15:00:09.424Z[Etc/UTC]].
2021-07-27 15:00:09,452 [112e9cde-9cb9-43e4-9ef1-6a6d7fd9222c@group-6D50A358B8D8-StateMachineUpdater] INFO  safemode.HealthyPipelineSafeModeRule (HealthyPipelineSafeModeRule.java:initializeRule(152)) - Refreshed total pipeline count is 0, healthy pipeline threshold count is 1
2021-07-27 15:00:09,455 [b07764cb-34df-45d7-9560-8ac949593b7a@group-6D50A358B8D8-StateMachineUpdater] INFO  pipeline.PipelineStateManager (PipelineStateManagerV2Impl.java:addPipeline(101)) - Created pipeline Pipeline[ Id: b2d346f2-abad-4ad7-b329-97e4151b2859, Nodes: 0f3e4899-df55-4e14-9f73-38fb9ca0f37c{ip: 127.0.0.1, host: localhost, ports: [REPLICATION=42217, RATIS=42961, RATIS_ADMIN=42961, RATIS_SERVER=42961, STANDALONE=42119], networkLocation: /default-rack, certSerialId: null, persistedOpState: IN_SERVICE, persistedOpStateExpiryEpochSec: 0}43f332dd-3581-45f2-86c5-cce36549d707{ip: 127.0.0.1, host: localhost, ports: [REPLICATION=39387, RATIS=37911, RATIS_ADMIN=37911, RATIS_SERVER=37911, STANDALONE=43717], networkLocation: /default-rack, certSerialId: null, persistedOpState: IN_SERVICE, persistedOpStateExpiryEpochSec: 0}86d9546c-cd65-42b3-a7f1-5b54ee2fc6d0{ip: 127.0.0.1, host: localhost, ports: [REPLICATION=39859, RATIS=45791, RATIS_ADMIN=45791, RATIS_SERVER=45791, STANDALONE=46733], networkLocation: /default-rack, certSerialId: null, persistedOpState: IN_SERVICE, persistedOpStateExpiryEpochSec: 0}, ReplicationConfig: RATIS/THREE, State:ALLOCATED, leaderId:, CreationTimestamp2021-07-27T15:00:09.443Z[Etc/UTC]].
2021-07-27 15:00:09,456 [b07764cb-34df-45d7-9560-8ac949593b7a@group-6D50A358B8D8-StateMachineUpdater] INFO  safemode.HealthyPipelineSafeModeRule (HealthyPipelineSafeModeRule.java:initializeRule(152)) - Refreshed total pipeline count is 0, healthy pipeline threshold count is 1
2021-07-27 15:00:09,456 [b07764cb-34df-45d7-9560-8ac949593b7a@group-6D50A358B8D8-StateMachineUpdater] INFO  ha.SCMStateMachine (SCMStateMachine.java:takeSnapshot(290)) - Current Snapshot Index 15, takeSnapshot took 0 ms
2021-07-27 15:00:09,456 [b07764cb-34df-45d7-9560-8ac949593b7a@group-6D50A358B8D8-StateMachineUpdater] INFO  impl.StateMachineUpdater (StateMachineUpdater.java:takeSnapshot(281)) - b07764cb-34df-45d7-9560-8ac949593b7a@group-6D50A358B8D8-StateMachineUpdater: Took a snapshot at index 15
2021-07-27 15:00:09,456 [b07764cb-34df-45d7-9560-8ac949593b7a@group-6D50A358B8D8-StateMachineUpdater] INFO  impl.StateMachineUpdater (StateMachineUpdater.java:lambda$new$0(89)) - b07764cb-34df-45d7-9560-8ac949593b7a@group-6D50A358B8D8-StateMachineUpdater: snapshotIndex: updateIncreasingly 10 -> 15
2021-07-27 15:00:09,456 [b07764cb-34df-45d7-9560-8ac949593b7a@group-6D50A358B8D8-StateMachineUpdater] INFO  raftlog.RaftLog (RaftLogBase.java:purge(306)) - b07764cb-34df-45d7-9560-8ac949593b7a@group-6D50A358B8D8-SegmentedRaftLog: purge 15
2021-07-27 15:00:09,456 [b07764cb-34df-45d7-9560-8ac949593b7a@group-6D50A358B8D8-StateMachineUpdater] INFO  raftlog.RaftLog (RaftLogBase.java:lambda$new$0(53)) - b07764cb-34df-45d7-9560-8ac949593b7a@group-6D50A358B8D8-SegmentedRaftLog: snapshotIndex: updateIncreasingly 10 -> 15
2021-07-27 15:00:09,456 [b07764cb-34df-45d7-9560-8ac949593b7a@group-6D50A358B8D8-StateMachineUpdater] INFO  raftlog.RaftLog (RaftLogBase.java:lambda$new$0(53)) - b07764cb-34df-45d7-9560-8ac949593b7a@group-6D50A358B8D8-SegmentedRaftLog: purgeIndex: updateToMax old=10, new=15, updated? true
2021-07-27 15:00:09,456 [RatisPipelineUtilsThread - 0] INFO  ha.SCMHAInvocationHandler (SCMHAInvocationHandler.java:invokeRatis(113)) - Invoking method public abstract void org.apache.hadoop.hdds.scm.pipeline.StateManager.addPipeline(org.apache.hadoop.hdds.protocol.proto.HddsProtos$Pipeline) throws java.io.IOException on target org.apache.hadoop.hdds.scm.ha.SCMRatisServerImpl@3bf5589b, cost 12531.387us
2021-07-27 15:00:09,457 [RatisPipelineUtilsThread - 0] INFO  pipeline.PipelineManagerV2Impl (PipelineManagerV2Impl.java:recordMetricsForPipeline(614)) - Pipeline: PipelineID=b2d346f2-abad-4ad7-b329-97e4151b2859 contains same datanodes as previous pipelines: PipelineID=27575857-2eda-4e20-a158-5f5b1a469043 nodeIds: 0f3e4899-df55-4e14-9f73-38fb9ca0f37c, 43f332dd-3581-45f2-86c5-cce36549d707, 86d9546c-cd65-42b3-a7f1-5b54ee2fc6d0
2021-07-27 15:00:09,460 [112e9cde-9cb9-43e4-9ef1-6a6d7fd9222c@group-6D50A358B8D8-StateMachineUpdater] INFO  pipeline.PipelineStateManager (PipelineStateManagerV2Impl.java:addPipeline(101)) - Created pipeline Pipeline[ Id: b2d346f2-abad-4ad7-b329-97e4151b2859, Nodes: 0f3e4899-df55-4e14-9f73-38fb9ca0f37c{ip: 127.0.0.1, host: localhost, ports: [REPLICATION=42217, RATIS=42961, RATIS_ADMIN=42961, RATIS_SERVER=42961, STANDALONE=42119], networkLocation: /default-rack, certSerialId: null, persistedOpState: IN_SERVICE, persistedOpStateExpiryEpochSec: 0}43f332dd-3581-45f2-86c5-cce36549d707{ip: 127.0.0.1, host: localhost, ports: [REPLICATION=39387, RATIS=37911, RATIS_ADMIN=37911, RATIS_SERVER=37911, STANDALONE=43717], networkLocation: /default-rack, certSerialId: null, persistedOpState: IN_SERVICE, persistedOpStateExpiryEpochSec: 0}86d9546c-cd65-42b3-a7f1-5b54ee2fc6d0{ip: 127.0.0.1, host: localhost, ports: [REPLICATION=39859, RATIS=45791, RATIS_ADMIN=45791, RATIS_SERVER=45791, STANDALONE=46733], networkLocation: /default-rack, certSerialId: null, persistedOpState: IN_SERVICE, persistedOpStateExpiryEpochSec: 0}, ReplicationConfig: RATIS/THREE, State:ALLOCATED, leaderId:, CreationTimestamp2021-07-27T15:00:09.443Z[Etc/UTC]].
2021-07-27 15:00:09,460 [112e9cde-9cb9-43e4-9ef1-6a6d7fd9222c@group-6D50A358B8D8-StateMachineUpdater] INFO  safemode.HealthyPipelineSafeModeRule (HealthyPipelineSafeModeRule.java:initializeRule(152)) - Refreshed total pipeline count is 0, healthy pipeline threshold count is 1
2021-07-27 15:00:09,460 [112e9cde-9cb9-43e4-9ef1-6a6d7fd9222c@group-6D50A358B8D8-StateMachineUpdater] INFO  ha.SCMStateMachine (SCMStateMachine.java:takeSnapshot(290)) - Current Snapshot Index 15, takeSnapshot took 1 ms
2021-07-27 15:00:09,460 [112e9cde-9cb9-43e4-9ef1-6a6d7fd9222c@group-6D50A358B8D8-StateMachineUpdater] INFO  impl.StateMachineUpdater (StateMachineUpdater.java:takeSnapshot(281)) - 112e9cde-9cb9-43e4-9ef1-6a6d7fd9222c@group-6D50A358B8D8-StateMachineUpdater: Took a snapshot at index 15
2021-07-27 15:00:09,460 [112e9cde-9cb9-43e4-9ef1-6a6d7fd9222c@group-6D50A358B8D8-StateMachineUpdater] INFO  impl.StateMachineUpdater (StateMachineUpdater.java:lambda$new$0(89)) - 112e9cde-9cb9-43e4-9ef1-6a6d7fd9222c@group-6D50A358B8D8-StateMachineUpdater: snapshotIndex: updateIncreasingly 10 -> 15
2021-07-27 15:00:09,460 [112e9cde-9cb9-43e4-9ef1-6a6d7fd9222c@group-6D50A358B8D8-StateMachineUpdater] INFO  raftlog.RaftLog (RaftLogBase.java:purge(306)) - 112e9cde-9cb9-43e4-9ef1-6a6d7fd9222c@group-6D50A358B8D8-SegmentedRaftLog: purge 15
2021-07-27 15:00:09,460 [112e9cde-9cb9-43e4-9ef1-6a6d7fd9222c@group-6D50A358B8D8-StateMachineUpdater] INFO  raftlog.RaftLog (RaftLogBase.java:lambda$new$0(53)) - 112e9cde-9cb9-43e4-9ef1-6a6d7fd9222c@group-6D50A358B8D8-SegmentedRaftLog: snapshotIndex: updateIncreasingly 10 -> 15
2021-07-27 15:00:09,460 [112e9cde-9cb9-43e4-9ef1-6a6d7fd9222c@group-6D50A358B8D8-StateMachineUpdater] INFO  raftlog.RaftLog (RaftLogBase.java:lambda$new$0(53)) - 112e9cde-9cb9-43e4-9ef1-6a6d7fd9222c@group-6D50A358B8D8-SegmentedRaftLog: purgeIndex: updateToMax old=10, new=15, updated? true
2021-07-27 15:00:10,392 [Listener at 127.0.0.1/12788] INFO  ozone.MiniOzoneClusterImpl (MiniOzoneClusterImpl.java:lambda$waitForClusterToBeReady$0(235)) - Nodes are ready. Got 3 of 3 DN Heartbeats.
2021-07-27 15:00:10,393 [Listener at 127.0.0.1/12788] INFO  ozone.MiniOzoneClusterImpl (MiniOzoneClusterImpl.java:lambda$waitForClusterToBeReady$0(238)) - Waiting for cluster to exit safe mode
2021-07-27 15:00:10,393 [Listener at 127.0.0.1/12788] INFO  ozone.MiniOzoneClusterImpl (MiniOzoneClusterImpl.java:lambda$waitForClusterToBeReady$0(240)) - SCM became leader
2021-07-27 15:00:11,394 [Listener at 127.0.0.1/12788] INFO  ozone.MiniOzoneClusterImpl (MiniOzoneClusterImpl.java:lambda$waitForClusterToBeReady$0(235)) - Nodes are ready. Got 3 of 3 DN Heartbeats.
2021-07-27 15:00:11,394 [Listener at 127.0.0.1/12788] INFO  ozone.MiniOzoneClusterImpl (MiniOzoneClusterImpl.java:lambda$waitForClusterToBeReady$0(238)) - Waiting for cluster to exit safe mode
2021-07-27 15:00:11,394 [Listener at 127.0.0.1/12788] INFO  ozone.MiniOzoneClusterImpl (MiniOzoneClusterImpl.java:lambda$waitForClusterToBeReady$0(240)) - SCM became leader
2021-07-27 15:00:11,764 [Command processor thread] INFO  server.RaftServer (RaftServerProxy.java:addNew(95)) - 43f332dd-3581-45f2-86c5-cce36549d707: addNew group-90FD39818CEA:[43f332dd-3581-45f2-86c5-cce36549d707|rpc:127.0.0.1:37911|priority:1] returns group-90FD39818CEA:java.util.concurrent.CompletableFuture@119de6eb[Not completed]
2021-07-27 15:00:11,774 [pool-93-thread-1] INFO  server.RaftServer$Division (RaftServerImpl.java:<init>(181)) - 43f332dd-3581-45f2-86c5-cce36549d707: new RaftServerImpl for group-90FD39818CEA:[43f332dd-3581-45f2-86c5-cce36549d707|rpc:127.0.0.1:37911|priority:1] with ContainerStateMachine:uninitialized
2021-07-27 15:00:11,775 [pool-93-thread-1] INFO  server.RaftServerConfigKeys (ConfUtils.java:logGet(44)) - raft.server.rpc.timeout.min = 5s (custom)
2021-07-27 15:00:11,775 [pool-93-thread-1] INFO  server.RaftServerConfigKeys (ConfUtils.java:logGet(44)) - raft.server.rpc.timeout.max = 5200ms (custom)
2021-07-27 15:00:11,775 [pool-93-thread-1] INFO  server.RaftServerConfigKeys (ConfUtils.java:logGet(44)) - raft.server.rpc.sleep.time = 25ms (default)
2021-07-27 15:00:11,775 [pool-93-thread-1] INFO  server.RaftServerConfigKeys (ConfUtils.java:logGet(44)) - raft.server.rpc.slowness.timeout = 300s (custom)
2021-07-27 15:00:11,775 [pool-93-thread-1] INFO  server.RaftServerConfigKeys (ConfUtils.java:logGet(44)) - raft.server.leaderelection.leader.step-down.wait-time = 10s (default)
2021-07-27 15:00:11,775 [pool-93-thread-1] INFO  server.RaftServerConfigKeys (ConfUtils.java:logGet(44)) - raft.server.sleep.deviation.threshold = 300ms (default)
2021-07-27 15:00:11,775 [pool-93-thread-1] INFO  server.RaftServerConfigKeys (ConfUtils.java:logGet(44)) - raft.server.log.appender.install.snapshot.enabled = false (custom)
2021-07-27 15:00:11,775 [pool-93-thread-1] INFO  server.RaftServer$Division (ServerState.java:<init>(105)) - 43f332dd-3581-45f2-86c5-cce36549d707@group-90FD39818CEA: ConfigurationManager, init=-1: [43f332dd-3581-45f2-86c5-cce36549d707|rpc:127.0.0.1:37911|priority:1], old=null, confs=<EMPTY_MAP>
2021-07-27 15:00:11,775 [pool-93-thread-1] INFO  server.RaftServerConfigKeys (ConfUtils.java:logGet(44)) - raft.server.storage.dir = [/home/runner/work/ozone/ozone/mnt/ozone/hadoop-ozone/integration-test/target/test-dir/MiniOzoneClusterImpl-1c236c99-c7c8-4b90-98b3-6d50a358b8d8/datanode-0/data/ratis] (custom)
2021-07-27 15:00:11,775 [pool-93-thread-1] INFO  server.RaftServerConfigKeys (ConfUtils.java:logGet(44)) - raft.server.log.corruption.policy = EXCEPTION (default)
2021-07-27 15:00:11,776 [pool-93-thread-1] INFO  server.RaftServerConfigKeys (ConfUtils.java:logGet(44)) - raft.server.storage.free-space.min = 0MB (=0) (default)
2021-07-27 15:00:11,776 [pool-93-thread-1] INFO  storage.RaftStorageDirectory (RaftStorageDirectoryImpl.java:analyzeStorage(135)) - The storage directory /home/runner/work/ozone/ozone/mnt/ozone/hadoop-ozone/integration-test/target/test-dir/MiniOzoneClusterImpl-1c236c99-c7c8-4b90-98b3-6d50a358b8d8/datanode-0/data/ratis/e92791b6-34b8-485c-b3ad-90fd39818cea does not exist. Creating ...
2021-07-27 15:00:11,778 [pool-93-thread-1] INFO  storage.RaftStorageDirectory (RaftStorageDirectoryImpl.java:tryLock(230)) - Lock on /home/runner/work/ozone/ozone/mnt/ozone/hadoop-ozone/integration-test/target/test-dir/MiniOzoneClusterImpl-1c236c99-c7c8-4b90-98b3-6d50a358b8d8/datanode-0/data/ratis/e92791b6-34b8-485c-b3ad-90fd39818cea/in_use.lock acquired by nodename 1209@fv-az12-803
2021-07-27 15:00:11,780 [pool-93-thread-1] INFO  storage.RaftStorage (RaftStorageImpl.java:format(89)) - Storage directory /home/runner/work/ozone/ozone/mnt/ozone/hadoop-ozone/integration-test/target/test-dir/MiniOzoneClusterImpl-1c236c99-c7c8-4b90-98b3-6d50a358b8d8/datanode-0/data/ratis/e92791b6-34b8-485c-b3ad-90fd39818cea has been successfully formatted.
2021-07-27 15:00:11,793 [pool-93-thread-1] INFO  ratis.ContainerStateMachine (ContainerStateMachine.java:loadSnapshot(223)) - group-90FD39818CEA: The snapshot info is null. Setting the last applied indexto:(t:0, i:~)
2021-07-27 15:00:11,793 [pool-93-thread-1] INFO  server.RaftServerConfigKeys (ConfUtils.java:logGet(44)) - raft.server.notification.no-leader.timeout = 300s (custom)
2021-07-27 15:00:11,793 [pool-93-thread-1] INFO  server.RaftServerConfigKeys (ConfUtils.java:logGet(44)) - raft.server.log.use.memory = false (default)
2021-07-27 15:00:11,794 [pool-93-thread-1] INFO  server.RaftServerConfigKeys (ConfUtils.java:logGet(44)) - raft.server.log.purge.gap = 1000000 (custom)
2021-07-27 15:00:11,795 [pool-93-thread-1] INFO  server.RaftServerConfigKeys (ConfUtils.java:logGet(44)) - raft.server.log.appender.buffer.byte-limit = 33554432 (custom)
2021-07-27 15:00:11,795 [EndpointStateMachine task thread for /127.0.0.1:15437 - 0 ] WARN  statemachine.EndpointStateMachine (EndpointStateMachine.java:logIfNeeded(236)) - Unable to communicate to SCM server at localhost:15437 for past 0 seconds.
java.net.SocketTimeoutException: Call From fv-az12-803/10.1.0.53 to localhost:15437 failed on socket timeout exception: java.net.SocketTimeoutException: 5000 millis timeout while waiting for channel to be ready for read. ch : java.nio.channels.SocketChannel[connected local=/127.0.0.1:34720 remote=/127.0.0.1:15437]; For more details see:  http://wiki.apache.org/hadoop/SocketTimeout
	at sun.reflect.NativeConstructorAccessorImpl.newInstance0(Native Method)
	at sun.reflect.NativeConstructorAccessorImpl.newInstance(NativeConstructorAccessorImpl.java:62)
	at sun.reflect.DelegatingConstructorAccessorImpl.newInstance(DelegatingConstructorAccessorImpl.java:45)
	at java.lang.reflect.Constructor.newInstance(Constructor.java:423)
	at org.apache.hadoop.net.NetUtils.wrapWithMessage(NetUtils.java:913)
	at org.apache.hadoop.net.NetUtils.wrapException(NetUtils.java:848)
	at org.apache.hadoop.ipc.Client.getRpcResponse(Client.java:1577)
	at org.apache.hadoop.ipc.Client.call(Client.java:1519)
	at org.apache.hadoop.ipc.Client.call(Client.java:1416)
	at org.apache.hadoop.ipc.ProtobufRpcEngine$Invoker.invoke(ProtobufRpcEngine.java:236)
	at org.apache.hadoop.ipc.ProtobufRpcEngine$Invoker.invoke(ProtobufRpcEngine.java:123)
	at com.sun.proxy.$Proxy47.submitRequest(Unknown Source)
	at org.apache.hadoop.ozone.protocolPB.StorageContainerDatanodeProtocolClientSideTranslatorPB.submitRequest(StorageContainerDatanodeProtocolClientSideTranslatorPB.java:117)
	at org.apache.hadoop.ozone.protocolPB.StorageContainerDatanodeProtocolClientSideTranslatorPB.getVersion(StorageContainerDatanodeProtocolClientSideTranslatorPB.java:133)
	at org.apache.hadoop.ozone.container.common.states.endpoint.VersionEndpointTask.call(VersionEndpointTask.java:71)
	at org.apache.hadoop.ozone.container.common.states.endpoint.VersionEndpointTask.call(VersionEndpointTask.java:42)
	at java.util.concurrent.FutureTask.run(FutureTask.java:266)
	at java.util.concurrent.ThreadPoolExecutor.runWorker(ThreadPoolExecutor.java:1149)
	at java.util.concurrent.ThreadPoolExecutor$Worker.run(ThreadPoolExecutor.java:624)
	at java.lang.Thread.run(Thread.java:748)
Caused by: java.net.SocketTimeoutException: 5000 millis timeout while waiting for channel to be ready for read. ch : java.nio.channels.SocketChannel[connected local=/127.0.0.1:34720 remote=/127.0.0.1:15437]
	at org.apache.hadoop.net.SocketIOWithTimeout.doIO(SocketIOWithTimeout.java:164)
	at org.apache.hadoop.net.SocketInputStream.read(SocketInputStream.java:161)
	at org.apache.hadoop.net.SocketInputStream.read(SocketInputStream.java:131)
	at java.io.FilterInputStream.read(FilterInputStream.java:133)
	at java.io.BufferedInputStream.fill(BufferedInputStream.java:246)
	at java.io.BufferedInputStream.read(BufferedInputStream.java:265)
	at java.io.FilterInputStream.read(FilterInputStream.java:83)
	at java.io.FilterInputStream.read(FilterInputStream.java:83)
	at org.apache.hadoop.ipc.Client$Connection$PingInputStream.read(Client.java:563)
	at java.io.DataInputStream.readInt(DataInputStream.java:387)
	at org.apache.hadoop.ipc.Client$IpcStreams.readResponse(Client.java:1892)
	at org.apache.hadoop.ipc.Client$Connection.receiveRpcResponse(Client.java:1202)
	at org.apache.hadoop.ipc.Client$Connection.run(Client.java:1098)
2021-07-27 15:00:11,795 [pool-93-thread-1] INFO  server.RaftServerConfigKeys (ConfUtils.java:logGet(44)) - raft.server.log.segment.size.max = 1048576 (custom)
2021-07-27 15:00:11,798 [EndpointStateMachine task thread for /127.0.0.1:15437 - 0 ] WARN  statemachine.EndpointStateMachine (EndpointStateMachine.java:logIfNeeded(236)) - Unable to communicate to SCM server at 127.0.0.1:15437 for past 0 seconds.
java.net.SocketTimeoutException: Call From fv-az12-803/10.1.0.53 to localhost:15437 failed on socket timeout exception: java.net.SocketTimeoutException: 5000 millis timeout while waiting for channel to be ready for read. ch : java.nio.channels.SocketChannel[connected local=/127.0.0.1:34720 remote=/127.0.0.1:15437]; For more details see:  http://wiki.apache.org/hadoop/SocketTimeout
	at sun.reflect.NativeConstructorAccessorImpl.newInstance0(Native Method)
	at sun.reflect.NativeConstructorAccessorImpl.newInstance(NativeConstructorAccessorImpl.java:62)
	at sun.reflect.DelegatingConstructorAccessorImpl.newInstance(DelegatingConstructorAccessorImpl.java:45)
	at java.lang.reflect.Constructor.newInstance(Constructor.java:423)
	at org.apache.hadoop.net.NetUtils.wrapWithMessage(NetUtils.java:913)
	at org.apache.hadoop.net.NetUtils.wrapException(NetUtils.java:848)
	at org.apache.hadoop.ipc.Client.getRpcResponse(Client.java:1577)
	at org.apache.hadoop.ipc.Client.call(Client.java:1519)
	at org.apache.hadoop.ipc.Client.call(Client.java:1416)
	at org.apache.hadoop.ipc.ProtobufRpcEngine$Invoker.invoke(ProtobufRpcEngine.java:236)
	at org.apache.hadoop.ipc.ProtobufRpcEngine$Invoker.invoke(ProtobufRpcEngine.java:123)
	at com.sun.proxy.$Proxy47.submitRequest(Unknown Source)
	at org.apache.hadoop.ozone.protocolPB.StorageContainerDatanodeProtocolClientSideTranslatorPB.submitRequest(StorageContainerDatanodeProtocolClientSideTranslatorPB.java:117)
	at org.apache.hadoop.ozone.protocolPB.StorageContainerDatanodeProtocolClientSideTranslatorPB.getVersion(StorageContainerDatanodeProtocolClientSideTranslatorPB.java:133)
	at org.apache.hadoop.ozone.container.common.states.endpoint.VersionEndpointTask.call(VersionEndpointTask.java:71)
	at org.apache.hadoop.ozone.container.common.states.endpoint.VersionEndpointTask.call(VersionEndpointTask.java:42)
	at java.util.concurrent.FutureTask.run(FutureTask.java:266)
	at java.util.concurrent.ThreadPoolExecutor.runWorker(ThreadPoolExecutor.java:1149)
	at java.util.concurrent.ThreadPoolExecutor$Worker.run(ThreadPoolExecutor.java:624)
	at java.lang.Thread.run(Thread.java:748)
Caused by: java.net.SocketTimeoutException: 5000 millis timeout while waiting for channel to be ready for read. ch : java.nio.channels.SocketChannel[connected local=/127.0.0.1:34720 remote=/127.0.0.1:15437]
	at org.apache.hadoop.net.SocketIOWithTimeout.doIO(SocketIOWithTimeout.java:164)
	at org.apache.hadoop.net.SocketInputStream.read(SocketInputStream.java:161)
	at org.apache.hadoop.net.SocketInputStream.read(SocketInputStream.java:131)
	at java.io.FilterInputStream.read(FilterInputStream.java:133)
	at java.io.BufferedInputStream.fill(BufferedInputStream.java:246)
	at java.io.BufferedInputStream.read(BufferedInputStream.java:265)
	at java.io.FilterInputStream.read(FilterInputStream.java:83)
	at java.io.FilterInputStream.read(FilterInputStream.java:83)
	at org.apache.hadoop.ipc.Client$Connection$PingInputStream.read(Client.java:563)
	at java.io.DataInputStream.readInt(DataInputStream.java:387)
	at org.apache.hadoop.ipc.Client$IpcStreams.readResponse(Client.java:1892)
	at org.apache.hadoop.ipc.Client$Connection.receiveRpcResponse(Client.java:1202)
	at org.apache.hadoop.ipc.Client$Connection.run(Client.java:1098)
2021-07-27 15:00:11,798 [EndpointStateMachine task thread for /127.0.0.1:15437 - 0 ] WARN  statemachine.EndpointStateMachine (EndpointStateMachine.java:logIfNeeded(236)) - Unable to communicate to SCM server at 127.0.0.1:15437 for past 0 seconds.
java.net.SocketTimeoutException: Call From fv-az12-803/10.1.0.53 to localhost:15437 failed on socket timeout exception: java.net.SocketTimeoutException: 5000 millis timeout while waiting for channel to be ready for read. ch : java.nio.channels.SocketChannel[connected local=/127.0.0.1:34720 remote=/127.0.0.1:15437]; For more details see:  http://wiki.apache.org/hadoop/SocketTimeout
	at sun.reflect.NativeConstructorAccessorImpl.newInstance0(Native Method)
	at sun.reflect.NativeConstructorAccessorImpl.newInstance(NativeConstructorAccessorImpl.java:62)
	at sun.reflect.DelegatingConstructorAccessorImpl.newInstance(DelegatingConstructorAccessorImpl.java:45)
	at java.lang.reflect.Constructor.newInstance(Constructor.java:423)
	at org.apache.hadoop.net.NetUtils.wrapWithMessage(NetUtils.java:913)
	at org.apache.hadoop.net.NetUtils.wrapException(NetUtils.java:848)
	at org.apache.hadoop.ipc.Client.getRpcResponse(Client.java:1577)
	at org.apache.hadoop.ipc.Client.call(Client.java:1519)
	at org.apache.hadoop.ipc.Client.call(Client.java:1416)
	at org.apache.hadoop.ipc.ProtobufRpcEngine$Invoker.invoke(ProtobufRpcEngine.java:236)
	at org.apache.hadoop.ipc.ProtobufRpcEngine$Invoker.invoke(ProtobufRpcEngine.java:123)
	at com.sun.proxy.$Proxy47.submitRequest(Unknown Source)
	at org.apache.hadoop.ozone.protocolPB.StorageContainerDatanodeProtocolClientSideTranslatorPB.submitRequest(StorageContainerDatanodeProtocolClientSideTranslatorPB.java:117)
	at org.apache.hadoop.ozone.protocolPB.StorageContainerDatanodeProtocolClientSideTranslatorPB.getVersion(StorageContainerDatanodeProtocolClientSideTranslatorPB.java:133)
	at org.apache.hadoop.ozone.container.common.states.endpoint.VersionEndpointTask.call(VersionEndpointTask.java:71)
	at org.apache.hadoop.ozone.container.common.states.endpoint.VersionEndpointTask.call(VersionEndpointTask.java:42)
	at java.util.concurrent.FutureTask.run(FutureTask.java:266)
	at java.util.concurrent.ThreadPoolExecutor.runWorker(ThreadPoolExecutor.java:1149)
	at java.util.concurrent.ThreadPoolExecutor$Worker.run(ThreadPoolExecutor.java:624)
	at java.lang.Thread.run(Thread.java:748)
Caused by: java.net.SocketTimeoutException: 5000 millis timeout while waiting for channel to be ready for read. ch : java.nio.channels.SocketChannel[connected local=/127.0.0.1:34720 remote=/127.0.0.1:15437]
	at org.apache.hadoop.net.SocketIOWithTimeout.doIO(SocketIOWithTimeout.java:164)
	at org.apache.hadoop.net.SocketInputStream.read(SocketInputStream.java:161)
	at org.apache.hadoop.net.SocketInputStream.read(SocketInputStream.java:131)
	at java.io.FilterInputStream.read(FilterInputStream.java:133)
	at java.io.BufferedInputStream.fill(BufferedInputStream.java:246)
	at java.io.BufferedInputStream.read(BufferedInputStream.java:265)
	at java.io.FilterInputStream.read(FilterInputStream.java:83)
	at java.io.FilterInputStream.read(FilterInputStream.java:83)
	at org.apache.hadoop.ipc.Client$Connection$PingInputStream.read(Client.java:563)
	at java.io.DataInputStream.readInt(DataInputStream.java:387)
	at org.apache.hadoop.ipc.Client$IpcStreams.readResponse(Client.java:1892)
	at org.apache.hadoop.ipc.Client$Connection.receiveRpcResponse(Client.java:1202)
	at org.apache.hadoop.ipc.Client$Connection.run(Client.java:1098)
2021-07-27 15:00:11,810 [pool-93-thread-1] INFO  server.RaftServerConfigKeys (ConfUtils.java:logGet(44)) - raft.server.log.segment.cache.num.max = 2 (custom)
2021-07-27 15:00:11,811 [pool-93-thread-1] INFO  server.RaftServerConfigKeys (ConfUtils.java:logGet(44)) - raft.server.log.segment.cache.size.max = 200MB (=209715200) (default)
2021-07-27 15:00:11,811 [pool-93-thread-1] INFO  segmented.SegmentedRaftLogWorker (SegmentedRaftLogWorker.java:<init>(182)) - new 43f332dd-3581-45f2-86c5-cce36549d707@group-90FD39818CEA-SegmentedRaftLogWorker for RaftStorageImpl:Storage Directory /home/runner/work/ozone/ozone/mnt/ozone/hadoop-ozone/integration-test/target/test-dir/MiniOzoneClusterImpl-1c236c99-c7c8-4b90-98b3-6d50a358b8d8/datanode-0/data/ratis/e92791b6-34b8-485c-b3ad-90fd39818cea
2021-07-27 15:00:11,812 [pool-93-thread-1] INFO  server.RaftServerConfigKeys (ConfUtils.java:logGet(44)) - raft.server.log.queue.byte-limit = 2147483647 (custom)
2021-07-27 15:00:11,812 [pool-93-thread-1] INFO  server.RaftServerConfigKeys (ConfUtils.java:logGet(44)) - raft.server.log.queue.element-limit = 1024 (custom)
2021-07-27 15:00:11,813 [pool-93-thread-1] INFO  server.RaftServerConfigKeys (ConfUtils.java:logGet(44)) - raft.server.log.segment.size.max = 1048576 (custom)
2021-07-27 15:00:11,813 [pool-93-thread-1] INFO  server.RaftServerConfigKeys (ConfUtils.java:logGet(44)) - raft.server.log.preallocated.size = 16384 (custom)
2021-07-27 15:00:11,813 [pool-93-thread-1] INFO  server.RaftServerConfigKeys (ConfUtils.java:logGet(44)) - raft.server.log.force.sync.num = 128 (default)
2021-07-27 15:00:11,813 [pool-93-thread-1] INFO  server.RaftServerConfigKeys (ConfUtils.java:logGet(44)) - raft.server.log.statemachine.data.sync = true (default)
2021-07-27 15:00:11,813 [pool-93-thread-1] INFO  server.RaftServerConfigKeys (ConfUtils.java:logGet(44)) - raft.server.log.statemachine.data.sync.timeout = 10s (default)
2021-07-27 15:00:11,814 [pool-93-thread-1] INFO  server.RaftServerConfigKeys (ConfUtils.java:logGet(44)) - raft.server.log.statemachine.data.sync.timeout.retry = -1 (default)
2021-07-27 15:00:11,816 [pool-93-thread-1] INFO  server.RaftServerConfigKeys (ConfUtils.java:logGet(44)) - raft.server.log.write.buffer.size = 1048576 (custom)
2021-07-27 15:00:11,817 [pool-93-thread-1] INFO  server.RaftServerConfigKeys (ConfUtils.java:logGet(44)) - raft.server.log.statemachine.data.caching.enabled = true (custom)
2021-07-27 15:00:11,817 [pool-93-thread-1] INFO  segmented.SegmentedRaftLogWorker (SegmentedRaftLogWorker.java:lambda$new$0(133)) - 43f332dd-3581-45f2-86c5-cce36549d707@group-90FD39818CEA-SegmentedRaftLogWorker: flushIndex: setUnconditionally 0 -> -1
2021-07-27 15:00:11,817 [pool-93-thread-1] INFO  segmented.SegmentedRaftLogWorker (SegmentedRaftLogWorker.java:lambda$new$0(133)) - 43f332dd-3581-45f2-86c5-cce36549d707@group-90FD39818CEA-SegmentedRaftLogWorker: safeCacheEvictIndex: setUnconditionally 0 -> -1
2021-07-27 15:00:11,822 [pool-93-thread-1] INFO  server.RaftServerConfigKeys (ConfUtils.java:logGet(44)) - raft.server.snapshot.auto.trigger.enabled = true (custom)
2021-07-27 15:00:11,822 [pool-93-thread-1] INFO  server.RaftServerConfigKeys (ConfUtils.java:logGet(44)) - raft.server.snapshot.auto.trigger.threshold = 10000 (custom)
2021-07-27 15:00:11,826 [pool-93-thread-1] INFO  server.RaftServerConfigKeys (ConfUtils.java:logGet(44)) - raft.server.snapshot.retention.file.num = 5 (custom)
2021-07-27 15:00:11,830 [pool-93-thread-1] INFO  server.RaftServerConfigKeys (ConfUtils.java:logGet(44)) - raft.server.log.purge.upto.snapshot.index = false (default)
2021-07-27 15:00:11,830 [pool-93-thread-1] INFO  server.RaftServerConfigKeys (ConfUtils.java:logGet(44)) - raft.server.retrycache.expirytime = 600000ms (custom)
2021-07-27 15:00:11,830 [pool-93-thread-1] INFO  server.RaftServerConfigKeys (ConfUtils.java:logGet(44)) - raft.server.retrycache.statistics.expirytime = 100μs (default)
2021-07-27 15:00:11,827 [EventQueue-PipelineReportForPipelineReportHandler] INFO  pipeline.PipelineManagerV2Impl (PipelineManagerV2Impl.java:openPipeline(283)) - Pipeline Pipeline[ Id: e92791b6-34b8-485c-b3ad-90fd39818cea, Nodes: 43f332dd-3581-45f2-86c5-cce36549d707{ip: 127.0.0.1, host: localhost, ports: [REPLICATION=39387, RATIS=37911, RATIS_ADMIN=37911, RATIS_SERVER=37911, STANDALONE=43717], networkLocation: /default-rack, certSerialId: null, persistedOpState: IN_SERVICE, persistedOpStateExpiryEpochSec: 0}, ReplicationConfig: RATIS/ONE, State:ALLOCATED, leaderId:43f332dd-3581-45f2-86c5-cce36549d707, CreationTimestamp2021-07-27T15:00:08.824Z[Etc/UTC]] moved to OPEN state
2021-07-27 15:00:11,827 [EventQueue-PipelineReportForPipelineReportHandler] INFO  pipeline.PipelineManagerV2Impl (PipelineManagerV2Impl.java:openPipeline(283)) - Pipeline Pipeline[ Id: e92791b6-34b8-485c-b3ad-90fd39818cea, Nodes: 43f332dd-3581-45f2-86c5-cce36549d707{ip: 127.0.0.1, host: localhost, ports: [REPLICATION=39387, RATIS=37911, RATIS_ADMIN=37911, RATIS_SERVER=37911, STANDALONE=43717], networkLocation: /default-rack, certSerialId: null, persistedOpState: IN_SERVICE, persistedOpStateExpiryEpochSec: 0}, ReplicationConfig: RATIS/ONE, State:ALLOCATED, leaderId:43f332dd-3581-45f2-86c5-cce36549d707, CreationTimestamp2021-07-27T15:00:08.824Z[Etc/UTC]] moved to OPEN state
2021-07-27 15:00:11,831 [pool-93-thread-1] INFO  server.RaftServer$Division (RaftServerImpl.java:start(296)) - 43f332dd-3581-45f2-86c5-cce36549d707@group-90FD39818CEA: start as a follower, conf=-1: [43f332dd-3581-45f2-86c5-cce36549d707|rpc:127.0.0.1:37911|priority:1], old=null
2021-07-27 15:00:11,834 [pool-93-thread-1] INFO  server.RaftServer$Division (RaftServerImpl.java:setRole(285)) - 43f332dd-3581-45f2-86c5-cce36549d707@group-90FD39818CEA: changes role from      null to FOLLOWER at term 0 for startAsFollower
2021-07-27 15:00:11,834 [pool-93-thread-1] INFO  impl.RoleInfo (RoleInfo.java:updateAndGet(130)) - 43f332dd-3581-45f2-86c5-cce36549d707: start 43f332dd-3581-45f2-86c5-cce36549d707@group-90FD39818CEA-FollowerState
2021-07-27 15:00:11,835 [pool-93-thread-1] INFO  util.JmxRegister (JmxRegister.java:tryRegister(44)) - Successfully registered JMX Bean with object name Ratis:service=RaftServer,group=group-90FD39818CEA,id=43f332dd-3581-45f2-86c5-cce36549d707
2021-07-27 15:00:11,840 [b07764cb-34df-45d7-9560-8ac949593b7a@group-6D50A358B8D8-StateMachineUpdater] INFO  safemode.HealthyPipelineSafeModeRule (HealthyPipelineSafeModeRule.java:initializeRule(152)) - Refreshed total pipeline count is 0, healthy pipeline threshold count is 1
2021-07-27 15:00:11,842 [EventQueue-PipelineReportForPipelineReportHandler] INFO  ha.SCMHAInvocationHandler (SCMHAInvocationHandler.java:invokeRatis(113)) - Invoking method public abstract void org.apache.hadoop.hdds.scm.pipeline.StateManager.updatePipelineState(org.apache.hadoop.hdds.protocol.proto.HddsProtos$PipelineID,org.apache.hadoop.hdds.protocol.proto.HddsProtos$PipelineState) throws java.io.IOException on target org.apache.hadoop.hdds.scm.ha.SCMRatisServerImpl@3bf5589b, cost 12111.684us
2021-07-27 15:00:11,837 [EventQueue-PipelineReportForPipelineReportHandler] INFO  ha.SCMHAInvocationHandler (SCMHAInvocationHandler.java:invokeRatis(113)) - Invoking method public abstract void org.apache.hadoop.hdds.scm.pipeline.StateManager.updatePipelineState(org.apache.hadoop.hdds.protocol.proto.HddsProtos$PipelineID,org.apache.hadoop.hdds.protocol.proto.HddsProtos$PipelineState) throws java.io.IOException on target org.apache.hadoop.hdds.scm.ha.SCMRatisServerImpl@474a1355, cost 7410.352us
2021-07-27 15:00:11,843 [Command processor thread] INFO  ratis.XceiverServerRatis (XceiverServerRatis.java:addGroup(759)) - Created group PipelineID=e92791b6-34b8-485c-b3ad-90fd39818cea
2021-07-27 15:00:11,845 [Command processor thread] INFO  commandhandler.CreatePipelineCommandHandler (CreatePipelineCommandHandler.java:handle(106)) - Created Pipeline RATIS ONE PipelineID=e92791b6-34b8-485c-b3ad-90fd39818cea.
2021-07-27 15:00:11,845 [EventQueue-OpenPipelineForHealthyPipelineSafeModeRule] INFO  safemode.SCMSafeModeManager (HealthyPipelineSafeModeRule.java:process(124)) - SCM in safe mode. Healthy pipelines reported count is 0, required healthy pipeline reported count is 1
2021-07-27 15:00:11,846 [112e9cde-9cb9-43e4-9ef1-6a6d7fd9222c@group-6D50A358B8D8-StateMachineUpdater] INFO  safemode.HealthyPipelineSafeModeRule (HealthyPipelineSafeModeRule.java:initializeRule(152)) - Refreshed total pipeline count is 0, healthy pipeline threshold count is 1
2021-07-27 15:00:11,847 [Command processor thread] INFO  server.RaftServer (RaftServerProxy.java:addNew(95)) - 43f332dd-3581-45f2-86c5-cce36549d707: addNew group-5F5B1A469043:[43f332dd-3581-45f2-86c5-cce36549d707|rpc:127.0.0.1:37911|priority:0, 86d9546c-cd65-42b3-a7f1-5b54ee2fc6d0|rpc:127.0.0.1:45791|priority:0, 0f3e4899-df55-4e14-9f73-38fb9ca0f37c|rpc:127.0.0.1:42961|priority:1] returns group-5F5B1A469043:java.util.concurrent.CompletableFuture@65fd8a5b[Not completed]
2021-07-27 15:00:11,848 [pool-93-thread-1] INFO  server.RaftServer$Division (RaftServerImpl.java:<init>(181)) - 43f332dd-3581-45f2-86c5-cce36549d707: new RaftServerImpl for group-5F5B1A469043:[43f332dd-3581-45f2-86c5-cce36549d707|rpc:127.0.0.1:37911|priority:0, 86d9546c-cd65-42b3-a7f1-5b54ee2fc6d0|rpc:127.0.0.1:45791|priority:0, 0f3e4899-df55-4e14-9f73-38fb9ca0f37c|rpc:127.0.0.1:42961|priority:1] with ContainerStateMachine:uninitialized
2021-07-27 15:00:11,848 [pool-93-thread-1] INFO  server.RaftServerConfigKeys (ConfUtils.java:logGet(44)) - raft.server.rpc.timeout.min = 5s (custom)
2021-07-27 15:00:11,848 [pool-93-thread-1] INFO  server.RaftServerConfigKeys (ConfUtils.java:logGet(44)) - raft.server.rpc.timeout.max = 5200ms (custom)
2021-07-27 15:00:11,848 [pool-93-thread-1] INFO  server.RaftServerConfigKeys (ConfUtils.java:logGet(44)) - raft.server.rpc.sleep.time = 25ms (default)
2021-07-27 15:00:11,848 [pool-93-thread-1] INFO  server.RaftServerConfigKeys (ConfUtils.java:logGet(44)) - raft.server.rpc.slowness.timeout = 300s (custom)
2021-07-27 15:00:11,848 [pool-93-thread-1] INFO  server.RaftServerConfigKeys (ConfUtils.java:logGet(44)) - raft.server.leaderelection.leader.step-down.wait-time = 10s (default)
2021-07-27 15:00:11,848 [pool-93-thread-1] INFO  server.RaftServerConfigKeys (ConfUtils.java:logGet(44)) - raft.server.sleep.deviation.threshold = 300ms (default)
2021-07-27 15:00:11,848 [pool-93-thread-1] INFO  server.RaftServerConfigKeys (ConfUtils.java:logGet(44)) - raft.server.log.appender.install.snapshot.enabled = false (custom)
2021-07-27 15:00:11,848 [pool-93-thread-1] INFO  server.RaftServer$Division (ServerState.java:<init>(105)) - 43f332dd-3581-45f2-86c5-cce36549d707@group-5F5B1A469043: ConfigurationManager, init=-1: [43f332dd-3581-45f2-86c5-cce36549d707|rpc:127.0.0.1:37911|priority:0, 86d9546c-cd65-42b3-a7f1-5b54ee2fc6d0|rpc:127.0.0.1:45791|priority:0, 0f3e4899-df55-4e14-9f73-38fb9ca0f37c|rpc:127.0.0.1:42961|priority:1], old=null, confs=<EMPTY_MAP>
2021-07-27 15:00:11,848 [pool-93-thread-1] INFO  server.RaftServerConfigKeys (ConfUtils.java:logGet(44)) - raft.server.storage.dir = [/home/runner/work/ozone/ozone/mnt/ozone/hadoop-ozone/integration-test/target/test-dir/MiniOzoneClusterImpl-1c236c99-c7c8-4b90-98b3-6d50a358b8d8/datanode-0/data/ratis] (custom)
2021-07-27 15:00:11,848 [pool-93-thread-1] INFO  server.RaftServerConfigKeys (ConfUtils.java:logGet(44)) - raft.server.log.corruption.policy = EXCEPTION (default)
2021-07-27 15:00:11,848 [pool-93-thread-1] INFO  server.RaftServerConfigKeys (ConfUtils.java:logGet(44)) - raft.server.storage.free-space.min = 0MB (=0) (default)
2021-07-27 15:00:11,848 [pool-93-thread-1] INFO  storage.RaftStorageDirectory (RaftStorageDirectoryImpl.java:analyzeStorage(135)) - The storage directory /home/runner/work/ozone/ozone/mnt/ozone/hadoop-ozone/integration-test/target/test-dir/MiniOzoneClusterImpl-1c236c99-c7c8-4b90-98b3-6d50a358b8d8/datanode-0/data/ratis/27575857-2eda-4e20-a158-5f5b1a469043 does not exist. Creating ...
2021-07-27 15:00:11,850 [pool-93-thread-1] INFO  storage.RaftStorageDirectory (RaftStorageDirectoryImpl.java:tryLock(230)) - Lock on /home/runner/work/ozone/ozone/mnt/ozone/hadoop-ozone/integration-test/target/test-dir/MiniOzoneClusterImpl-1c236c99-c7c8-4b90-98b3-6d50a358b8d8/datanode-0/data/ratis/27575857-2eda-4e20-a158-5f5b1a469043/in_use.lock acquired by nodename 1209@fv-az12-803
2021-07-27 15:00:11,852 [pool-93-thread-1] INFO  storage.RaftStorage (RaftStorageImpl.java:format(89)) - Storage directory /home/runner/work/ozone/ozone/mnt/ozone/hadoop-ozone/integration-test/target/test-dir/MiniOzoneClusterImpl-1c236c99-c7c8-4b90-98b3-6d50a358b8d8/datanode-0/data/ratis/27575857-2eda-4e20-a158-5f5b1a469043 has been successfully formatted.
2021-07-27 15:00:11,853 [pool-93-thread-1] INFO  ratis.ContainerStateMachine (ContainerStateMachine.java:loadSnapshot(223)) - group-5F5B1A469043: The snapshot info is null. Setting the last applied indexto:(t:0, i:~)
2021-07-27 15:00:11,853 [pool-93-thread-1] INFO  server.RaftServerConfigKeys (ConfUtils.java:logGet(44)) - raft.server.notification.no-leader.timeout = 300s (custom)
2021-07-27 15:00:11,854 [pool-93-thread-1] INFO  server.RaftServerConfigKeys (ConfUtils.java:logGet(44)) - raft.server.log.use.memory = false (default)
2021-07-27 15:00:11,854 [pool-93-thread-1] INFO  server.RaftServerConfigKeys (ConfUtils.java:logGet(44)) - raft.server.log.purge.gap = 1000000 (custom)
2021-07-27 15:00:11,855 [pool-93-thread-1] INFO  server.RaftServerConfigKeys (ConfUtils.java:logGet(44)) - raft.server.log.appender.buffer.byte-limit = 33554432 (custom)
2021-07-27 15:00:11,858 [pool-93-thread-1] INFO  server.RaftServerConfigKeys (ConfUtils.java:logGet(44)) - raft.server.log.segment.size.max = 1048576 (custom)
2021-07-27 15:00:11,858 [pool-93-thread-1] INFO  server.RaftServerConfigKeys (ConfUtils.java:logGet(44)) - raft.server.log.segment.cache.num.max = 2 (custom)
2021-07-27 15:00:11,858 [pool-93-thread-1] INFO  server.RaftServerConfigKeys (ConfUtils.java:logGet(44)) - raft.server.log.segment.cache.size.max = 200MB (=209715200) (default)
2021-07-27 15:00:11,858 [pool-93-thread-1] INFO  segmented.SegmentedRaftLogWorker (SegmentedRaftLogWorker.java:<init>(182)) - new 43f332dd-3581-45f2-86c5-cce36549d707@group-5F5B1A469043-SegmentedRaftLogWorker for RaftStorageImpl:Storage Directory /home/runner/work/ozone/ozone/mnt/ozone/hadoop-ozone/integration-test/target/test-dir/MiniOzoneClusterImpl-1c236c99-c7c8-4b90-98b3-6d50a358b8d8/datanode-0/data/ratis/27575857-2eda-4e20-a158-5f5b1a469043
2021-07-27 15:00:11,858 [pool-93-thread-1] INFO  server.RaftServerConfigKeys (ConfUtils.java:logGet(44)) - raft.server.log.queue.byte-limit = 2147483647 (custom)
2021-07-27 15:00:11,858 [pool-93-thread-1] INFO  server.RaftServerConfigKeys (ConfUtils.java:logGet(44)) - raft.server.log.queue.element-limit = 1024 (custom)
2021-07-27 15:00:11,859 [pool-93-thread-1] INFO  server.RaftServerConfigKeys (ConfUtils.java:logGet(44)) - raft.server.log.segment.size.max = 1048576 (custom)
2021-07-27 15:00:11,859 [pool-93-thread-1] INFO  server.RaftServerConfigKeys (ConfUtils.java:logGet(44)) - raft.server.log.preallocated.size = 16384 (custom)
2021-07-27 15:00:11,859 [pool-93-thread-1] INFO  server.RaftServerConfigKeys (ConfUtils.java:logGet(44)) - raft.server.log.force.sync.num = 128 (default)
2021-07-27 15:00:11,859 [pool-93-thread-1] INFO  server.RaftServerConfigKeys (ConfUtils.java:logGet(44)) - raft.server.log.statemachine.data.sync = true (default)
2021-07-27 15:00:11,859 [pool-93-thread-1] INFO  server.RaftServerConfigKeys (ConfUtils.java:logGet(44)) - raft.server.log.statemachine.data.sync.timeout = 10s (default)
2021-07-27 15:00:11,859 [pool-93-thread-1] INFO  server.RaftServerConfigKeys (ConfUtils.java:logGet(44)) - raft.server.log.statemachine.data.sync.timeout.retry = -1 (default)
2021-07-27 15:00:11,859 [pool-93-thread-1] INFO  server.RaftServerConfigKeys (ConfUtils.java:logGet(44)) - raft.server.log.write.buffer.size = 1048576 (custom)
2021-07-27 15:00:11,860 [pool-93-thread-1] INFO  server.RaftServerConfigKeys (ConfUtils.java:logGet(44)) - raft.server.log.statemachine.data.caching.enabled = true (custom)
2021-07-27 15:00:11,860 [pool-93-thread-1] INFO  segmented.SegmentedRaftLogWorker (SegmentedRaftLogWorker.java:lambda$new$0(133)) - 43f332dd-3581-45f2-86c5-cce36549d707@group-5F5B1A469043-SegmentedRaftLogWorker: flushIndex: setUnconditionally 0 -> -1
2021-07-27 15:00:11,860 [pool-93-thread-1] INFO  segmented.SegmentedRaftLogWorker (SegmentedRaftLogWorker.java:lambda$new$0(133)) - 43f332dd-3581-45f2-86c5-cce36549d707@group-5F5B1A469043-SegmentedRaftLogWorker: safeCacheEvictIndex: setUnconditionally 0 -> -1
2021-07-27 15:00:11,860 [EventQueue-OpenPipelineForHealthyPipelineSafeModeRule] INFO  safemode.SCMSafeModeManager (HealthyPipelineSafeModeRule.java:process(124)) - SCM in safe mode. Healthy pipelines reported count is 0, required healthy pipeline reported count is 1
2021-07-27 15:00:11,868 [EventQueue-OpenPipelineForHealthyPipelineSafeModeRule] INFO  safemode.SCMSafeModeManager (HealthyPipelineSafeModeRule.java:process(124)) - SCM in safe mode. Healthy pipelines reported count is 0, required healthy pipeline reported count is 1
2021-07-27 15:00:11,869 [pool-93-thread-1] INFO  server.RaftServerConfigKeys (ConfUtils.java:logGet(44)) - raft.server.snapshot.auto.trigger.enabled = true (custom)
2021-07-27 15:00:11,869 [pool-93-thread-1] INFO  server.RaftServerConfigKeys (ConfUtils.java:logGet(44)) - raft.server.snapshot.auto.trigger.threshold = 10000 (custom)
2021-07-27 15:00:11,869 [pool-93-thread-1] INFO  server.RaftServerConfigKeys (ConfUtils.java:logGet(44)) - raft.server.snapshot.retention.file.num = 5 (custom)
2021-07-27 15:00:11,869 [pool-93-thread-1] INFO  server.RaftServerConfigKeys (ConfUtils.java:logGet(44)) - raft.server.log.purge.upto.snapshot.index = false (default)
2021-07-27 15:00:11,869 [pool-93-thread-1] INFO  server.RaftServerConfigKeys (ConfUtils.java:logGet(44)) - raft.server.retrycache.expirytime = 600000ms (custom)
2021-07-27 15:00:11,869 [pool-93-thread-1] INFO  server.RaftServerConfigKeys (ConfUtils.java:logGet(44)) - raft.server.retrycache.statistics.expirytime = 100μs (default)
2021-07-27 15:00:11,870 [pool-93-thread-1] INFO  server.RaftServer$Division (RaftServerImpl.java:start(296)) - 43f332dd-3581-45f2-86c5-cce36549d707@group-5F5B1A469043: start as a follower, conf=-1: [43f332dd-3581-45f2-86c5-cce36549d707|rpc:127.0.0.1:37911|priority:0, 86d9546c-cd65-42b3-a7f1-5b54ee2fc6d0|rpc:127.0.0.1:45791|priority:0, 0f3e4899-df55-4e14-9f73-38fb9ca0f37c|rpc:127.0.0.1:42961|priority:1], old=null
2021-07-27 15:00:11,871 [pool-93-thread-1] INFO  server.RaftServer$Division (RaftServerImpl.java:setRole(285)) - 43f332dd-3581-45f2-86c5-cce36549d707@group-5F5B1A469043: changes role from      null to FOLLOWER at term 0 for startAsFollower
2021-07-27 15:00:11,871 [pool-93-thread-1] INFO  impl.RoleInfo (RoleInfo.java:updateAndGet(130)) - 43f332dd-3581-45f2-86c5-cce36549d707: start 43f332dd-3581-45f2-86c5-cce36549d707@group-5F5B1A469043-FollowerState
2021-07-27 15:00:11,871 [pool-93-thread-1] INFO  util.JmxRegister (JmxRegister.java:tryRegister(44)) - Successfully registered JMX Bean with object name Ratis:service=RaftServer,group=group-5F5B1A469043,id=43f332dd-3581-45f2-86c5-cce36549d707
2021-07-27 15:00:11,871 [Command processor thread] INFO  ratis.XceiverServerRatis (XceiverServerRatis.java:addGroup(759)) - Created group PipelineID=27575857-2eda-4e20-a158-5f5b1a469043
2021-07-27 15:00:11,927 [grpc-default-executor-0] INFO  server.RaftServer (RaftServerProxy.java:addNew(95)) - 86d9546c-cd65-42b3-a7f1-5b54ee2fc6d0: addNew group-5F5B1A469043:[43f332dd-3581-45f2-86c5-cce36549d707|rpc:127.0.0.1:37911|dataStream:|priority:0, 86d9546c-cd65-42b3-a7f1-5b54ee2fc6d0|rpc:127.0.0.1:45791|dataStream:|priority:0, 0f3e4899-df55-4e14-9f73-38fb9ca0f37c|rpc:127.0.0.1:42961|dataStream:|priority:1] returns group-5F5B1A469043:java.util.concurrent.CompletableFuture@4fb2a9e0[Not completed]
2021-07-27 15:00:11,928 [pool-133-thread-1] INFO  server.RaftServer$Division (RaftServerImpl.java:<init>(181)) - 86d9546c-cd65-42b3-a7f1-5b54ee2fc6d0: new RaftServerImpl for group-5F5B1A469043:[43f332dd-3581-45f2-86c5-cce36549d707|rpc:127.0.0.1:37911|dataStream:|priority:0, 86d9546c-cd65-42b3-a7f1-5b54ee2fc6d0|rpc:127.0.0.1:45791|dataStream:|priority:0, 0f3e4899-df55-4e14-9f73-38fb9ca0f37c|rpc:127.0.0.1:42961|dataStream:|priority:1] with ContainerStateMachine:uninitialized
2021-07-27 15:00:11,929 [pool-133-thread-1] INFO  server.RaftServerConfigKeys (ConfUtils.java:logGet(44)) - raft.server.rpc.timeout.min = 5s (custom)
2021-07-27 15:00:11,929 [pool-133-thread-1] INFO  server.RaftServerConfigKeys (ConfUtils.java:logGet(44)) - raft.server.rpc.timeout.max = 5200ms (custom)
2021-07-27 15:00:11,929 [pool-133-thread-1] INFO  server.RaftServerConfigKeys (ConfUtils.java:logGet(44)) - raft.server.rpc.sleep.time = 25ms (default)
2021-07-27 15:00:11,929 [pool-133-thread-1] INFO  server.RaftServerConfigKeys (ConfUtils.java:logGet(44)) - raft.server.rpc.slowness.timeout = 300s (custom)
2021-07-27 15:00:11,929 [pool-133-thread-1] INFO  server.RaftServerConfigKeys (ConfUtils.java:logGet(44)) - raft.server.leaderelection.leader.step-down.wait-time = 10s (default)
2021-07-27 15:00:11,929 [pool-133-thread-1] INFO  server.RaftServerConfigKeys (ConfUtils.java:logGet(44)) - raft.server.sleep.deviation.threshold = 300ms (default)
2021-07-27 15:00:11,929 [pool-133-thread-1] INFO  server.RaftServerConfigKeys (ConfUtils.java:logGet(44)) - raft.server.log.appender.install.snapshot.enabled = false (custom)
2021-07-27 15:00:11,930 [pool-133-thread-1] INFO  server.RaftServer$Division (ServerState.java:<init>(105)) - 86d9546c-cd65-42b3-a7f1-5b54ee2fc6d0@group-5F5B1A469043: ConfigurationManager, init=-1: [43f332dd-3581-45f2-86c5-cce36549d707|rpc:127.0.0.1:37911|dataStream:|priority:0, 86d9546c-cd65-42b3-a7f1-5b54ee2fc6d0|rpc:127.0.0.1:45791|dataStream:|priority:0, 0f3e4899-df55-4e14-9f73-38fb9ca0f37c|rpc:127.0.0.1:42961|dataStream:|priority:1], old=null, confs=<EMPTY_MAP>
2021-07-27 15:00:11,930 [pool-133-thread-1] INFO  server.RaftServerConfigKeys (ConfUtils.java:logGet(44)) - raft.server.storage.dir = [/home/runner/work/ozone/ozone/mnt/ozone/hadoop-ozone/integration-test/target/test-dir/MiniOzoneClusterImpl-1c236c99-c7c8-4b90-98b3-6d50a358b8d8/datanode-2/data/ratis] (custom)
2021-07-27 15:00:11,930 [pool-133-thread-1] INFO  server.RaftServerConfigKeys (ConfUtils.java:logGet(44)) - raft.server.log.corruption.policy = EXCEPTION (default)
2021-07-27 15:00:11,931 [pool-133-thread-1] INFO  server.RaftServerConfigKeys (ConfUtils.java:logGet(44)) - raft.server.storage.free-space.min = 0MB (=0) (default)
2021-07-27 15:00:11,931 [pool-133-thread-1] INFO  storage.RaftStorageDirectory (RaftStorageDirectoryImpl.java:analyzeStorage(135)) - The storage directory /home/runner/work/ozone/ozone/mnt/ozone/hadoop-ozone/integration-test/target/test-dir/MiniOzoneClusterImpl-1c236c99-c7c8-4b90-98b3-6d50a358b8d8/datanode-2/data/ratis/27575857-2eda-4e20-a158-5f5b1a469043 does not exist. Creating ...
2021-07-27 15:00:11,932 [pool-133-thread-1] INFO  storage.RaftStorageDirectory (RaftStorageDirectoryImpl.java:tryLock(230)) - Lock on /home/runner/work/ozone/ozone/mnt/ozone/hadoop-ozone/integration-test/target/test-dir/MiniOzoneClusterImpl-1c236c99-c7c8-4b90-98b3-6d50a358b8d8/datanode-2/data/ratis/27575857-2eda-4e20-a158-5f5b1a469043/in_use.lock acquired by nodename 1209@fv-az12-803
2021-07-27 15:00:11,933 [pool-133-thread-1] INFO  storage.RaftStorage (RaftStorageImpl.java:format(89)) - Storage directory /home/runner/work/ozone/ozone/mnt/ozone/hadoop-ozone/integration-test/target/test-dir/MiniOzoneClusterImpl-1c236c99-c7c8-4b90-98b3-6d50a358b8d8/datanode-2/data/ratis/27575857-2eda-4e20-a158-5f5b1a469043 has been successfully formatted.
2021-07-27 15:00:11,940 [pool-133-thread-1] INFO  ratis.ContainerStateMachine (ContainerStateMachine.java:loadSnapshot(223)) - group-5F5B1A469043: The snapshot info is null. Setting the last applied indexto:(t:0, i:~)
2021-07-27 15:00:11,940 [pool-133-thread-1] INFO  server.RaftServerConfigKeys (ConfUtils.java:logGet(44)) - raft.server.notification.no-leader.timeout = 300s (custom)
2021-07-27 15:00:11,941 [pool-133-thread-1] INFO  server.RaftServerConfigKeys (ConfUtils.java:logGet(44)) - raft.server.log.use.memory = false (default)
2021-07-27 15:00:11,941 [pool-133-thread-1] INFO  server.RaftServerConfigKeys (ConfUtils.java:logGet(44)) - raft.server.log.purge.gap = 1000000 (custom)
2021-07-27 15:00:11,941 [pool-133-thread-1] INFO  server.RaftServerConfigKeys (ConfUtils.java:logGet(44)) - raft.server.log.appender.buffer.byte-limit = 33554432 (custom)
2021-07-27 15:00:11,942 [pool-133-thread-1] INFO  server.RaftServerConfigKeys (ConfUtils.java:logGet(44)) - raft.server.log.segment.size.max = 1048576 (custom)
2021-07-27 15:00:11,942 [pool-133-thread-1] INFO  server.RaftServerConfigKeys (ConfUtils.java:logGet(44)) - raft.server.log.segment.cache.num.max = 2 (custom)
2021-07-27 15:00:11,942 [pool-133-thread-1] INFO  server.RaftServerConfigKeys (ConfUtils.java:logGet(44)) - raft.server.log.segment.cache.size.max = 200MB (=209715200) (default)
2021-07-27 15:00:11,943 [pool-133-thread-1] INFO  segmented.SegmentedRaftLogWorker (SegmentedRaftLogWorker.java:<init>(182)) - new 86d9546c-cd65-42b3-a7f1-5b54ee2fc6d0@group-5F5B1A469043-SegmentedRaftLogWorker for RaftStorageImpl:Storage Directory /home/runner/work/ozone/ozone/mnt/ozone/hadoop-ozone/integration-test/target/test-dir/MiniOzoneClusterImpl-1c236c99-c7c8-4b90-98b3-6d50a358b8d8/datanode-2/data/ratis/27575857-2eda-4e20-a158-5f5b1a469043
2021-07-27 15:00:11,943 [pool-133-thread-1] INFO  server.RaftServerConfigKeys (ConfUtils.java:logGet(44)) - raft.server.log.queue.byte-limit = 2147483647 (custom)
2021-07-27 15:00:11,943 [pool-133-thread-1] INFO  server.RaftServerConfigKeys (ConfUtils.java:logGet(44)) - raft.server.log.queue.element-limit = 1024 (custom)
2021-07-27 15:00:11,943 [pool-133-thread-1] INFO  server.RaftServerConfigKeys (ConfUtils.java:logGet(44)) - raft.server.log.segment.size.max = 1048576 (custom)
2021-07-27 15:00:11,943 [pool-133-thread-1] INFO  server.RaftServerConfigKeys (ConfUtils.java:logGet(44)) - raft.server.log.preallocated.size = 16384 (custom)
2021-07-27 15:00:11,943 [pool-133-thread-1] INFO  server.RaftServerConfigKeys (ConfUtils.java:logGet(44)) - raft.server.log.force.sync.num = 128 (default)
2021-07-27 15:00:11,943 [pool-133-thread-1] INFO  server.RaftServerConfigKeys (ConfUtils.java:logGet(44)) - raft.server.log.statemachine.data.sync = true (default)
2021-07-27 15:00:11,943 [pool-133-thread-1] INFO  server.RaftServerConfigKeys (ConfUtils.java:logGet(44)) - raft.server.log.statemachine.data.sync.timeout = 10s (default)
2021-07-27 15:00:11,943 [pool-133-thread-1] INFO  server.RaftServerConfigKeys (ConfUtils.java:logGet(44)) - raft.server.log.statemachine.data.sync.timeout.retry = -1 (default)
2021-07-27 15:00:11,944 [pool-133-thread-1] INFO  server.RaftServerConfigKeys (ConfUtils.java:logGet(44)) - raft.server.log.write.buffer.size = 1048576 (custom)
2021-07-27 15:00:11,951 [pool-133-thread-1] INFO  server.RaftServerConfigKeys (ConfUtils.java:logGet(44)) - raft.server.log.statemachine.data.caching.enabled = true (custom)
2021-07-27 15:00:11,951 [pool-133-thread-1] INFO  segmented.SegmentedRaftLogWorker (SegmentedRaftLogWorker.java:lambda$new$0(133)) - 86d9546c-cd65-42b3-a7f1-5b54ee2fc6d0@group-5F5B1A469043-SegmentedRaftLogWorker: flushIndex: setUnconditionally 0 -> -1
2021-07-27 15:00:11,951 [pool-133-thread-1] INFO  segmented.SegmentedRaftLogWorker (SegmentedRaftLogWorker.java:lambda$new$0(133)) - 86d9546c-cd65-42b3-a7f1-5b54ee2fc6d0@group-5F5B1A469043-SegmentedRaftLogWorker: safeCacheEvictIndex: setUnconditionally 0 -> -1
2021-07-27 15:00:11,951 [pool-133-thread-1] INFO  server.RaftServerConfigKeys (ConfUtils.java:logGet(44)) - raft.server.snapshot.auto.trigger.enabled = true (custom)
2021-07-27 15:00:11,952 [pool-133-thread-1] INFO  server.RaftServerConfigKeys (ConfUtils.java:logGet(44)) - raft.server.snapshot.auto.trigger.threshold = 10000 (custom)
2021-07-27 15:00:11,952 [pool-133-thread-1] INFO  server.RaftServerConfigKeys (ConfUtils.java:logGet(44)) - raft.server.snapshot.retention.file.num = 5 (custom)
2021-07-27 15:00:11,952 [pool-133-thread-1] INFO  server.RaftServerConfigKeys (ConfUtils.java:logGet(44)) - raft.server.log.purge.upto.snapshot.index = false (default)
2021-07-27 15:00:11,952 [pool-133-thread-1] INFO  server.RaftServerConfigKeys (ConfUtils.java:logGet(44)) - raft.server.retrycache.expirytime = 600000ms (custom)
2021-07-27 15:00:11,952 [pool-133-thread-1] INFO  server.RaftServerConfigKeys (ConfUtils.java:logGet(44)) - raft.server.retrycache.statistics.expirytime = 100μs (default)
2021-07-27 15:00:11,953 [pool-133-thread-1] INFO  server.RaftServer$Division (RaftServerImpl.java:start(296)) - 86d9546c-cd65-42b3-a7f1-5b54ee2fc6d0@group-5F5B1A469043: start as a follower, conf=-1: [43f332dd-3581-45f2-86c5-cce36549d707|rpc:127.0.0.1:37911|dataStream:|priority:0, 86d9546c-cd65-42b3-a7f1-5b54ee2fc6d0|rpc:127.0.0.1:45791|dataStream:|priority:0, 0f3e4899-df55-4e14-9f73-38fb9ca0f37c|rpc:127.0.0.1:42961|dataStream:|priority:1], old=null
2021-07-27 15:00:11,953 [pool-133-thread-1] INFO  server.RaftServer$Division (RaftServerImpl.java:setRole(285)) - 86d9546c-cd65-42b3-a7f1-5b54ee2fc6d0@group-5F5B1A469043: changes role from      null to FOLLOWER at term 0 for startAsFollower
2021-07-27 15:00:11,953 [pool-133-thread-1] INFO  impl.RoleInfo (RoleInfo.java:updateAndGet(130)) - 86d9546c-cd65-42b3-a7f1-5b54ee2fc6d0: start 86d9546c-cd65-42b3-a7f1-5b54ee2fc6d0@group-5F5B1A469043-FollowerState
2021-07-27 15:00:11,954 [pool-133-thread-1] INFO  util.JmxRegister (JmxRegister.java:tryRegister(44)) - Successfully registered JMX Bean with object name Ratis:service=RaftServer,group=group-5F5B1A469043,id=86d9546c-cd65-42b3-a7f1-5b54ee2fc6d0
2021-07-27 15:00:11,997 [grpc-default-executor-0] INFO  server.RaftServer (RaftServerProxy.java:addNew(95)) - 0f3e4899-df55-4e14-9f73-38fb9ca0f37c: addNew group-5F5B1A469043:[43f332dd-3581-45f2-86c5-cce36549d707|rpc:127.0.0.1:37911|dataStream:|priority:0, 86d9546c-cd65-42b3-a7f1-5b54ee2fc6d0|rpc:127.0.0.1:45791|dataStream:|priority:0, 0f3e4899-df55-4e14-9f73-38fb9ca0f37c|rpc:127.0.0.1:42961|dataStream:|priority:1] returns group-5F5B1A469043:java.util.concurrent.CompletableFuture@a6cbfb8[Not completed]
2021-07-27 15:00:12,006 [pool-113-thread-1] INFO  server.RaftServer$Division (RaftServerImpl.java:<init>(181)) - 0f3e4899-df55-4e14-9f73-38fb9ca0f37c: new RaftServerImpl for group-5F5B1A469043:[43f332dd-3581-45f2-86c5-cce36549d707|rpc:127.0.0.1:37911|dataStream:|priority:0, 86d9546c-cd65-42b3-a7f1-5b54ee2fc6d0|rpc:127.0.0.1:45791|dataStream:|priority:0, 0f3e4899-df55-4e14-9f73-38fb9ca0f37c|rpc:127.0.0.1:42961|dataStream:|priority:1] with ContainerStateMachine:uninitialized
2021-07-27 15:00:12,006 [pool-113-thread-1] INFO  server.RaftServerConfigKeys (ConfUtils.java:logGet(44)) - raft.server.rpc.timeout.min = 5s (custom)
2021-07-27 15:00:12,007 [pool-113-thread-1] INFO  server.RaftServerConfigKeys (ConfUtils.java:logGet(44)) - raft.server.rpc.timeout.max = 5200ms (custom)
2021-07-27 15:00:12,007 [pool-113-thread-1] INFO  server.RaftServerConfigKeys (ConfUtils.java:logGet(44)) - raft.server.rpc.sleep.time = 25ms (default)
2021-07-27 15:00:12,007 [pool-113-thread-1] INFO  server.RaftServerConfigKeys (ConfUtils.java:logGet(44)) - raft.server.rpc.slowness.timeout = 300s (custom)
2021-07-27 15:00:12,007 [pool-113-thread-1] INFO  server.RaftServerConfigKeys (ConfUtils.java:logGet(44)) - raft.server.leaderelection.leader.step-down.wait-time = 10s (default)
2021-07-27 15:00:12,007 [pool-113-thread-1] INFO  server.RaftServerConfigKeys (ConfUtils.java:logGet(44)) - raft.server.sleep.deviation.threshold = 300ms (default)
2021-07-27 15:00:12,007 [pool-113-thread-1] INFO  server.RaftServerConfigKeys (ConfUtils.java:logGet(44)) - raft.server.log.appender.install.snapshot.enabled = false (custom)
2021-07-27 15:00:12,007 [pool-113-thread-1] INFO  server.RaftServer$Division (ServerState.java:<init>(105)) - 0f3e4899-df55-4e14-9f73-38fb9ca0f37c@group-5F5B1A469043: ConfigurationManager, init=-1: [43f332dd-3581-45f2-86c5-cce36549d707|rpc:127.0.0.1:37911|dataStream:|priority:0, 86d9546c-cd65-42b3-a7f1-5b54ee2fc6d0|rpc:127.0.0.1:45791|dataStream:|priority:0, 0f3e4899-df55-4e14-9f73-38fb9ca0f37c|rpc:127.0.0.1:42961|dataStream:|priority:1], old=null, confs=<EMPTY_MAP>
2021-07-27 15:00:12,007 [pool-113-thread-1] INFO  server.RaftServerConfigKeys (ConfUtils.java:logGet(44)) - raft.server.storage.dir = [/home/runner/work/ozone/ozone/mnt/ozone/hadoop-ozone/integration-test/target/test-dir/MiniOzoneClusterImpl-1c236c99-c7c8-4b90-98b3-6d50a358b8d8/datanode-1/data/ratis] (custom)
2021-07-27 15:00:12,007 [pool-113-thread-1] INFO  server.RaftServerConfigKeys (ConfUtils.java:logGet(44)) - raft.server.log.corruption.policy = EXCEPTION (default)
2021-07-27 15:00:12,007 [pool-113-thread-1] INFO  server.RaftServerConfigKeys (ConfUtils.java:logGet(44)) - raft.server.storage.free-space.min = 0MB (=0) (default)
2021-07-27 15:00:12,007 [pool-113-thread-1] INFO  storage.RaftStorageDirectory (RaftStorageDirectoryImpl.java:analyzeStorage(135)) - The storage directory /home/runner/work/ozone/ozone/mnt/ozone/hadoop-ozone/integration-test/target/test-dir/MiniOzoneClusterImpl-1c236c99-c7c8-4b90-98b3-6d50a358b8d8/datanode-1/data/ratis/27575857-2eda-4e20-a158-5f5b1a469043 does not exist. Creating ...
2021-07-27 15:00:12,009 [pool-113-thread-1] INFO  storage.RaftStorageDirectory (RaftStorageDirectoryImpl.java:tryLock(230)) - Lock on /home/runner/work/ozone/ozone/mnt/ozone/hadoop-ozone/integration-test/target/test-dir/MiniOzoneClusterImpl-1c236c99-c7c8-4b90-98b3-6d50a358b8d8/datanode-1/data/ratis/27575857-2eda-4e20-a158-5f5b1a469043/in_use.lock acquired by nodename 1209@fv-az12-803
2021-07-27 15:00:12,010 [pool-113-thread-1] INFO  storage.RaftStorage (RaftStorageImpl.java:format(89)) - Storage directory /home/runner/work/ozone/ozone/mnt/ozone/hadoop-ozone/integration-test/target/test-dir/MiniOzoneClusterImpl-1c236c99-c7c8-4b90-98b3-6d50a358b8d8/datanode-1/data/ratis/27575857-2eda-4e20-a158-5f5b1a469043 has been successfully formatted.
2021-07-27 15:00:12,016 [pool-113-thread-1] INFO  ratis.ContainerStateMachine (ContainerStateMachine.java:loadSnapshot(223)) - group-5F5B1A469043: The snapshot info is null. Setting the last applied indexto:(t:0, i:~)
2021-07-27 15:00:12,016 [pool-113-thread-1] INFO  server.RaftServerConfigKeys (ConfUtils.java:logGet(44)) - raft.server.notification.no-leader.timeout = 300s (custom)
2021-07-27 15:00:12,016 [pool-113-thread-1] INFO  server.RaftServerConfigKeys (ConfUtils.java:logGet(44)) - raft.server.log.use.memory = false (default)
2021-07-27 15:00:12,016 [pool-113-thread-1] INFO  server.RaftServerConfigKeys (ConfUtils.java:logGet(44)) - raft.server.log.purge.gap = 1000000 (custom)
2021-07-27 15:00:12,016 [pool-113-thread-1] INFO  server.RaftServerConfigKeys (ConfUtils.java:logGet(44)) - raft.server.log.appender.buffer.byte-limit = 33554432 (custom)
2021-07-27 15:00:12,016 [pool-113-thread-1] INFO  server.RaftServerConfigKeys (ConfUtils.java:logGet(44)) - raft.server.log.segment.size.max = 1048576 (custom)
2021-07-27 15:00:12,017 [pool-113-thread-1] INFO  server.RaftServerConfigKeys (ConfUtils.java:logGet(44)) - raft.server.log.segment.cache.num.max = 2 (custom)
2021-07-27 15:00:12,017 [pool-113-thread-1] INFO  server.RaftServerConfigKeys (ConfUtils.java:logGet(44)) - raft.server.log.segment.cache.size.max = 200MB (=209715200) (default)
2021-07-27 15:00:12,017 [pool-113-thread-1] INFO  segmented.SegmentedRaftLogWorker (SegmentedRaftLogWorker.java:<init>(182)) - new 0f3e4899-df55-4e14-9f73-38fb9ca0f37c@group-5F5B1A469043-SegmentedRaftLogWorker for RaftStorageImpl:Storage Directory /home/runner/work/ozone/ozone/mnt/ozone/hadoop-ozone/integration-test/target/test-dir/MiniOzoneClusterImpl-1c236c99-c7c8-4b90-98b3-6d50a358b8d8/datanode-1/data/ratis/27575857-2eda-4e20-a158-5f5b1a469043
2021-07-27 15:00:12,017 [pool-113-thread-1] INFO  server.RaftServerConfigKeys (ConfUtils.java:logGet(44)) - raft.server.log.queue.byte-limit = 2147483647 (custom)
2021-07-27 15:00:12,017 [pool-113-thread-1] INFO  server.RaftServerConfigKeys (ConfUtils.java:logGet(44)) - raft.server.log.queue.element-limit = 1024 (custom)
2021-07-27 15:00:12,017 [pool-113-thread-1] INFO  server.RaftServerConfigKeys (ConfUtils.java:logGet(44)) - raft.server.log.segment.size.max = 1048576 (custom)
2021-07-27 15:00:12,017 [pool-113-thread-1] INFO  server.RaftServerConfigKeys (ConfUtils.java:logGet(44)) - raft.server.log.preallocated.size = 16384 (custom)
2021-07-27 15:00:12,017 [pool-113-thread-1] INFO  server.RaftServerConfigKeys (ConfUtils.java:logGet(44)) - raft.server.log.force.sync.num = 128 (default)
2021-07-27 15:00:12,017 [pool-113-thread-1] INFO  server.RaftServerConfigKeys (ConfUtils.java:logGet(44)) - raft.server.log.statemachine.data.sync = true (default)
2021-07-27 15:00:12,018 [pool-113-thread-1] INFO  server.RaftServerConfigKeys (ConfUtils.java:logGet(44)) - raft.server.log.statemachine.data.sync.timeout = 10s (default)
2021-07-27 15:00:12,018 [pool-113-thread-1] INFO  server.RaftServerConfigKeys (ConfUtils.java:logGet(44)) - raft.server.log.statemachine.data.sync.timeout.retry = -1 (default)
2021-07-27 15:00:12,022 [pool-113-thread-1] INFO  server.RaftServerConfigKeys (ConfUtils.java:logGet(44)) - raft.server.log.write.buffer.size = 1048576 (custom)
2021-07-27 15:00:12,022 [pool-113-thread-1] INFO  server.RaftServerConfigKeys (ConfUtils.java:logGet(44)) - raft.server.log.statemachine.data.caching.enabled = true (custom)
2021-07-27 15:00:12,022 [pool-113-thread-1] INFO  segmented.SegmentedRaftLogWorker (SegmentedRaftLogWorker.java:lambda$new$0(133)) - 0f3e4899-df55-4e14-9f73-38fb9ca0f37c@group-5F5B1A469043-SegmentedRaftLogWorker: flushIndex: setUnconditionally 0 -> -1
2021-07-27 15:00:12,023 [pool-113-thread-1] INFO  segmented.SegmentedRaftLogWorker (SegmentedRaftLogWorker.java:lambda$new$0(133)) - 0f3e4899-df55-4e14-9f73-38fb9ca0f37c@group-5F5B1A469043-SegmentedRaftLogWorker: safeCacheEvictIndex: setUnconditionally 0 -> -1
2021-07-27 15:00:12,023 [pool-113-thread-1] INFO  server.RaftServerConfigKeys (ConfUtils.java:logGet(44)) - raft.server.snapshot.auto.trigger.enabled = true (custom)
2021-07-27 15:00:12,023 [pool-113-thread-1] INFO  server.RaftServerConfigKeys (ConfUtils.java:logGet(44)) - raft.server.snapshot.auto.trigger.threshold = 10000 (custom)
2021-07-27 15:00:12,023 [pool-113-thread-1] INFO  server.RaftServerConfigKeys (ConfUtils.java:logGet(44)) - raft.server.snapshot.retention.file.num = 5 (custom)
2021-07-27 15:00:12,023 [pool-113-thread-1] INFO  server.RaftServerConfigKeys (ConfUtils.java:logGet(44)) - raft.server.log.purge.upto.snapshot.index = false (default)
2021-07-27 15:00:12,023 [pool-113-thread-1] INFO  server.RaftServerConfigKeys (ConfUtils.java:logGet(44)) - raft.server.retrycache.expirytime = 600000ms (custom)
2021-07-27 15:00:12,023 [pool-113-thread-1] INFO  server.RaftServerConfigKeys (ConfUtils.java:logGet(44)) - raft.server.retrycache.statistics.expirytime = 100μs (default)
2021-07-27 15:00:12,024 [pool-113-thread-1] INFO  server.RaftServer$Division (RaftServerImpl.java:start(296)) - 0f3e4899-df55-4e14-9f73-38fb9ca0f37c@group-5F5B1A469043: start as a follower, conf=-1: [43f332dd-3581-45f2-86c5-cce36549d707|rpc:127.0.0.1:37911|dataStream:|priority:0, 86d9546c-cd65-42b3-a7f1-5b54ee2fc6d0|rpc:127.0.0.1:45791|dataStream:|priority:0, 0f3e4899-df55-4e14-9f73-38fb9ca0f37c|rpc:127.0.0.1:42961|dataStream:|priority:1], old=null
2021-07-27 15:00:12,024 [pool-113-thread-1] INFO  server.RaftServer$Division (RaftServerImpl.java:setRole(285)) - 0f3e4899-df55-4e14-9f73-38fb9ca0f37c@group-5F5B1A469043: changes role from      null to FOLLOWER at term 0 for startAsFollower
2021-07-27 15:00:12,024 [pool-113-thread-1] INFO  impl.RoleInfo (RoleInfo.java:updateAndGet(130)) - 0f3e4899-df55-4e14-9f73-38fb9ca0f37c: start 0f3e4899-df55-4e14-9f73-38fb9ca0f37c@group-5F5B1A469043-FollowerState
2021-07-27 15:00:12,025 [pool-113-thread-1] INFO  util.JmxRegister (JmxRegister.java:tryRegister(44)) - Successfully registered JMX Bean with object name Ratis:service=RaftServer,group=group-5F5B1A469043,id=0f3e4899-df55-4e14-9f73-38fb9ca0f37c
2021-07-27 15:00:12,034 [Command processor thread] INFO  commandhandler.CreatePipelineCommandHandler (CreatePipelineCommandHandler.java:handle(106)) - Created Pipeline RATIS THREE PipelineID=27575857-2eda-4e20-a158-5f5b1a469043.
2021-07-27 15:00:12,035 [Command processor thread] INFO  server.RaftServer (RaftServerProxy.java:addNew(95)) - 43f332dd-3581-45f2-86c5-cce36549d707: addNew group-97E4151B2859:[43f332dd-3581-45f2-86c5-cce36549d707|rpc:127.0.0.1:37911|priority:1, 86d9546c-cd65-42b3-a7f1-5b54ee2fc6d0|rpc:127.0.0.1:45791|priority:0, 0f3e4899-df55-4e14-9f73-38fb9ca0f37c|rpc:127.0.0.1:42961|priority:0] returns group-97E4151B2859:java.util.concurrent.CompletableFuture@42dafc00[Not completed]
2021-07-27 15:00:12,035 [pool-93-thread-1] INFO  server.RaftServer$Division (RaftServerImpl.java:<init>(181)) - 43f332dd-3581-45f2-86c5-cce36549d707: new RaftServerImpl for group-97E4151B2859:[43f332dd-3581-45f2-86c5-cce36549d707|rpc:127.0.0.1:37911|priority:1, 86d9546c-cd65-42b3-a7f1-5b54ee2fc6d0|rpc:127.0.0.1:45791|priority:0, 0f3e4899-df55-4e14-9f73-38fb9ca0f37c|rpc:127.0.0.1:42961|priority:0] with ContainerStateMachine:uninitialized
2021-07-27 15:00:12,036 [pool-93-thread-1] INFO  server.RaftServerConfigKeys (ConfUtils.java:logGet(44)) - raft.server.rpc.timeout.min = 5s (custom)
2021-07-27 15:00:12,036 [pool-93-thread-1] INFO  server.RaftServerConfigKeys (ConfUtils.java:logGet(44)) - raft.server.rpc.timeout.max = 5200ms (custom)
2021-07-27 15:00:12,036 [pool-93-thread-1] INFO  server.RaftServerConfigKeys (ConfUtils.java:logGet(44)) - raft.server.rpc.sleep.time = 25ms (default)
2021-07-27 15:00:12,036 [pool-93-thread-1] INFO  server.RaftServerConfigKeys (ConfUtils.java:logGet(44)) - raft.server.rpc.slowness.timeout = 300s (custom)
2021-07-27 15:00:12,036 [pool-93-thread-1] INFO  server.RaftServerConfigKeys (ConfUtils.java:logGet(44)) - raft.server.leaderelection.leader.step-down.wait-time = 10s (default)
2021-07-27 15:00:12,036 [pool-93-thread-1] INFO  server.RaftServerConfigKeys (ConfUtils.java:logGet(44)) - raft.server.sleep.deviation.threshold = 300ms (default)
2021-07-27 15:00:12,036 [pool-93-thread-1] INFO  server.RaftServerConfigKeys (ConfUtils.java:logGet(44)) - raft.server.log.appender.install.snapshot.enabled = false (custom)
2021-07-27 15:00:12,036 [pool-93-thread-1] INFO  server.RaftServer$Division (ServerState.java:<init>(105)) - 43f332dd-3581-45f2-86c5-cce36549d707@group-97E4151B2859: ConfigurationManager, init=-1: [43f332dd-3581-45f2-86c5-cce36549d707|rpc:127.0.0.1:37911|priority:1, 86d9546c-cd65-42b3-a7f1-5b54ee2fc6d0|rpc:127.0.0.1:45791|priority:0, 0f3e4899-df55-4e14-9f73-38fb9ca0f37c|rpc:127.0.0.1:42961|priority:0], old=null, confs=<EMPTY_MAP>
2021-07-27 15:00:12,036 [pool-93-thread-1] INFO  server.RaftServerConfigKeys (ConfUtils.java:logGet(44)) - raft.server.storage.dir = [/home/runner/work/ozone/ozone/mnt/ozone/hadoop-ozone/integration-test/target/test-dir/MiniOzoneClusterImpl-1c236c99-c7c8-4b90-98b3-6d50a358b8d8/datanode-0/data/ratis] (custom)
2021-07-27 15:00:12,036 [pool-93-thread-1] INFO  server.RaftServerConfigKeys (ConfUtils.java:logGet(44)) - raft.server.log.corruption.policy = EXCEPTION (default)
2021-07-27 15:00:12,036 [pool-93-thread-1] INFO  server.RaftServerConfigKeys (ConfUtils.java:logGet(44)) - raft.server.storage.free-space.min = 0MB (=0) (default)
2021-07-27 15:00:12,036 [pool-93-thread-1] INFO  storage.RaftStorageDirectory (RaftStorageDirectoryImpl.java:analyzeStorage(135)) - The storage directory /home/runner/work/ozone/ozone/mnt/ozone/hadoop-ozone/integration-test/target/test-dir/MiniOzoneClusterImpl-1c236c99-c7c8-4b90-98b3-6d50a358b8d8/datanode-0/data/ratis/b2d346f2-abad-4ad7-b329-97e4151b2859 does not exist. Creating ...
2021-07-27 15:00:12,037 [pool-93-thread-1] INFO  storage.RaftStorageDirectory (RaftStorageDirectoryImpl.java:tryLock(230)) - Lock on /home/runner/work/ozone/ozone/mnt/ozone/hadoop-ozone/integration-test/target/test-dir/MiniOzoneClusterImpl-1c236c99-c7c8-4b90-98b3-6d50a358b8d8/datanode-0/data/ratis/b2d346f2-abad-4ad7-b329-97e4151b2859/in_use.lock acquired by nodename 1209@fv-az12-803
2021-07-27 15:00:12,039 [pool-93-thread-1] INFO  storage.RaftStorage (RaftStorageImpl.java:format(89)) - Storage directory /home/runner/work/ozone/ozone/mnt/ozone/hadoop-ozone/integration-test/target/test-dir/MiniOzoneClusterImpl-1c236c99-c7c8-4b90-98b3-6d50a358b8d8/datanode-0/data/ratis/b2d346f2-abad-4ad7-b329-97e4151b2859 has been successfully formatted.
2021-07-27 15:00:12,039 [pool-93-thread-1] INFO  ratis.ContainerStateMachine (ContainerStateMachine.java:loadSnapshot(223)) - group-97E4151B2859: The snapshot info is null. Setting the last applied indexto:(t:0, i:~)
2021-07-27 15:00:12,039 [pool-93-thread-1] INFO  server.RaftServerConfigKeys (ConfUtils.java:logGet(44)) - raft.server.notification.no-leader.timeout = 300s (custom)
2021-07-27 15:00:12,039 [pool-93-thread-1] INFO  server.RaftServerConfigKeys (ConfUtils.java:logGet(44)) - raft.server.log.use.memory = false (default)
2021-07-27 15:00:12,040 [pool-93-thread-1] INFO  server.RaftServerConfigKeys (ConfUtils.java:logGet(44)) - raft.server.log.purge.gap = 1000000 (custom)
2021-07-27 15:00:12,040 [pool-93-thread-1] INFO  server.RaftServerConfigKeys (ConfUtils.java:logGet(44)) - raft.server.log.appender.buffer.byte-limit = 33554432 (custom)
2021-07-27 15:00:12,040 [pool-93-thread-1] INFO  server.RaftServerConfigKeys (ConfUtils.java:logGet(44)) - raft.server.log.segment.size.max = 1048576 (custom)
2021-07-27 15:00:12,040 [pool-93-thread-1] INFO  server.RaftServerConfigKeys (ConfUtils.java:logGet(44)) - raft.server.log.segment.cache.num.max = 2 (custom)
2021-07-27 15:00:12,040 [pool-93-thread-1] INFO  server.RaftServerConfigKeys (ConfUtils.java:logGet(44)) - raft.server.log.segment.cache.size.max = 200MB (=209715200) (default)
2021-07-27 15:00:12,040 [pool-93-thread-1] INFO  segmented.SegmentedRaftLogWorker (SegmentedRaftLogWorker.java:<init>(182)) - new 43f332dd-3581-45f2-86c5-cce36549d707@group-97E4151B2859-SegmentedRaftLogWorker for RaftStorageImpl:Storage Directory /home/runner/work/ozone/ozone/mnt/ozone/hadoop-ozone/integration-test/target/test-dir/MiniOzoneClusterImpl-1c236c99-c7c8-4b90-98b3-6d50a358b8d8/datanode-0/data/ratis/b2d346f2-abad-4ad7-b329-97e4151b2859
2021-07-27 15:00:12,040 [pool-93-thread-1] INFO  server.RaftServerConfigKeys (ConfUtils.java:logGet(44)) - raft.server.log.queue.byte-limit = 2147483647 (custom)
2021-07-27 15:00:12,040 [pool-93-thread-1] INFO  server.RaftServerConfigKeys (ConfUtils.java:logGet(44)) - raft.server.log.queue.element-limit = 1024 (custom)
2021-07-27 15:00:12,040 [pool-93-thread-1] INFO  server.RaftServerConfigKeys (ConfUtils.java:logGet(44)) - raft.server.log.segment.size.max = 1048576 (custom)
2021-07-27 15:00:12,040 [pool-93-thread-1] INFO  server.RaftServerConfigKeys (ConfUtils.java:logGet(44)) - raft.server.log.preallocated.size = 16384 (custom)
2021-07-27 15:00:12,040 [pool-93-thread-1] INFO  server.RaftServerConfigKeys (ConfUtils.java:logGet(44)) - raft.server.log.force.sync.num = 128 (default)
2021-07-27 15:00:12,040 [pool-93-thread-1] INFO  server.RaftServerConfigKeys (ConfUtils.java:logGet(44)) - raft.server.log.statemachine.data.sync = true (default)
2021-07-27 15:00:12,040 [pool-93-thread-1] INFO  server.RaftServerConfigKeys (ConfUtils.java:logGet(44)) - raft.server.log.statemachine.data.sync.timeout = 10s (default)
2021-07-27 15:00:12,040 [pool-93-thread-1] INFO  server.RaftServerConfigKeys (ConfUtils.java:logGet(44)) - raft.server.log.statemachine.data.sync.timeout.retry = -1 (default)
2021-07-27 15:00:12,041 [pool-93-thread-1] INFO  server.RaftServerConfigKeys (ConfUtils.java:logGet(44)) - raft.server.log.write.buffer.size = 1048576 (custom)
2021-07-27 15:00:12,041 [pool-93-thread-1] INFO  server.RaftServerConfigKeys (ConfUtils.java:logGet(44)) - raft.server.log.statemachine.data.caching.enabled = true (custom)
2021-07-27 15:00:12,041 [pool-93-thread-1] INFO  segmented.SegmentedRaftLogWorker (SegmentedRaftLogWorker.java:lambda$new$0(133)) - 43f332dd-3581-45f2-86c5-cce36549d707@group-97E4151B2859-SegmentedRaftLogWorker: flushIndex: setUnconditionally 0 -> -1
2021-07-27 15:00:12,041 [pool-93-thread-1] INFO  segmented.SegmentedRaftLogWorker (SegmentedRaftLogWorker.java:lambda$new$0(133)) - 43f332dd-3581-45f2-86c5-cce36549d707@group-97E4151B2859-SegmentedRaftLogWorker: safeCacheEvictIndex: setUnconditionally 0 -> -1
2021-07-27 15:00:12,042 [pool-93-thread-1] INFO  server.RaftServerConfigKeys (ConfUtils.java:logGet(44)) - raft.server.snapshot.auto.trigger.enabled = true (custom)
2021-07-27 15:00:12,042 [pool-93-thread-1] INFO  server.RaftServerConfigKeys (ConfUtils.java:logGet(44)) - raft.server.snapshot.auto.trigger.threshold = 10000 (custom)
2021-07-27 15:00:12,042 [pool-93-thread-1] INFO  server.RaftServerConfigKeys (ConfUtils.java:logGet(44)) - raft.server.snapshot.retention.file.num = 5 (custom)
2021-07-27 15:00:12,042 [pool-93-thread-1] INFO  server.RaftServerConfigKeys (ConfUtils.java:logGet(44)) - raft.server.log.purge.upto.snapshot.index = false (default)
2021-07-27 15:00:12,042 [pool-93-thread-1] INFO  server.RaftServerConfigKeys (ConfUtils.java:logGet(44)) - raft.server.retrycache.expirytime = 600000ms (custom)
2021-07-27 15:00:12,042 [pool-93-thread-1] INFO  server.RaftServerConfigKeys (ConfUtils.java:logGet(44)) - raft.server.retrycache.statistics.expirytime = 100μs (default)
2021-07-27 15:00:12,043 [pool-93-thread-1] INFO  server.RaftServer$Division (RaftServerImpl.java:start(296)) - 43f332dd-3581-45f2-86c5-cce36549d707@group-97E4151B2859: start as a follower, conf=-1: [43f332dd-3581-45f2-86c5-cce36549d707|rpc:127.0.0.1:37911|priority:1, 86d9546c-cd65-42b3-a7f1-5b54ee2fc6d0|rpc:127.0.0.1:45791|priority:0, 0f3e4899-df55-4e14-9f73-38fb9ca0f37c|rpc:127.0.0.1:42961|priority:0], old=null
2021-07-27 15:00:12,043 [pool-93-thread-1] INFO  server.RaftServer$Division (RaftServerImpl.java:setRole(285)) - 43f332dd-3581-45f2-86c5-cce36549d707@group-97E4151B2859: changes role from      null to FOLLOWER at term 0 for startAsFollower
2021-07-27 15:00:12,043 [pool-93-thread-1] INFO  impl.RoleInfo (RoleInfo.java:updateAndGet(130)) - 43f332dd-3581-45f2-86c5-cce36549d707: start 43f332dd-3581-45f2-86c5-cce36549d707@group-97E4151B2859-FollowerState
2021-07-27 15:00:12,044 [pool-93-thread-1] INFO  util.JmxRegister (JmxRegister.java:tryRegister(44)) - Successfully registered JMX Bean with object name Ratis:service=RaftServer,group=group-97E4151B2859,id=43f332dd-3581-45f2-86c5-cce36549d707
2021-07-27 15:00:12,044 [Command processor thread] INFO  ratis.XceiverServerRatis (XceiverServerRatis.java:addGroup(759)) - Created group PipelineID=b2d346f2-abad-4ad7-b329-97e4151b2859
2021-07-27 15:00:12,044 [EventQueue-OpenPipelineForHealthyPipelineSafeModeRule] INFO  safemode.SCMSafeModeManager (HealthyPipelineSafeModeRule.java:process(124)) - SCM in safe mode. Healthy pipelines reported count is 0, required healthy pipeline reported count is 1
2021-07-27 15:00:12,048 [EventQueue-OpenPipelineForHealthyPipelineSafeModeRule] INFO  safemode.SCMSafeModeManager (HealthyPipelineSafeModeRule.java:process(124)) - SCM in safe mode. Healthy pipelines reported count is 0, required healthy pipeline reported count is 1
2021-07-27 15:00:12,055 [grpc-default-executor-0] INFO  server.RaftServer (RaftServerProxy.java:addNew(95)) - 0f3e4899-df55-4e14-9f73-38fb9ca0f37c: addNew group-97E4151B2859:[43f332dd-3581-45f2-86c5-cce36549d707|rpc:127.0.0.1:37911|dataStream:|priority:1, 86d9546c-cd65-42b3-a7f1-5b54ee2fc6d0|rpc:127.0.0.1:45791|dataStream:|priority:0, 0f3e4899-df55-4e14-9f73-38fb9ca0f37c|rpc:127.0.0.1:42961|dataStream:|priority:0] returns group-97E4151B2859:java.util.concurrent.CompletableFuture@1f798403[Not completed]
2021-07-27 15:00:12,056 [pool-113-thread-1] INFO  server.RaftServer$Division (RaftServerImpl.java:<init>(181)) - 0f3e4899-df55-4e14-9f73-38fb9ca0f37c: new RaftServerImpl for group-97E4151B2859:[43f332dd-3581-45f2-86c5-cce36549d707|rpc:127.0.0.1:37911|dataStream:|priority:1, 86d9546c-cd65-42b3-a7f1-5b54ee2fc6d0|rpc:127.0.0.1:45791|dataStream:|priority:0, 0f3e4899-df55-4e14-9f73-38fb9ca0f37c|rpc:127.0.0.1:42961|dataStream:|priority:0] with ContainerStateMachine:uninitialized
2021-07-27 15:00:12,056 [pool-113-thread-1] INFO  server.RaftServerConfigKeys (ConfUtils.java:logGet(44)) - raft.server.rpc.timeout.min = 5s (custom)
2021-07-27 15:00:12,056 [pool-113-thread-1] INFO  server.RaftServerConfigKeys (ConfUtils.java:logGet(44)) - raft.server.rpc.timeout.max = 5200ms (custom)
2021-07-27 15:00:12,056 [pool-113-thread-1] INFO  server.RaftServerConfigKeys (ConfUtils.java:logGet(44)) - raft.server.rpc.sleep.time = 25ms (default)
2021-07-27 15:00:12,056 [pool-113-thread-1] INFO  server.RaftServerConfigKeys (ConfUtils.java:logGet(44)) - raft.server.rpc.slowness.timeout = 300s (custom)
2021-07-27 15:00:12,056 [pool-113-thread-1] INFO  server.RaftServerConfigKeys (ConfUtils.java:logGet(44)) - raft.server.leaderelection.leader.step-down.wait-time = 10s (default)
2021-07-27 15:00:12,056 [pool-113-thread-1] INFO  server.RaftServerConfigKeys (ConfUtils.java:logGet(44)) - raft.server.sleep.deviation.threshold = 300ms (default)
2021-07-27 15:00:12,056 [pool-113-thread-1] INFO  server.RaftServerConfigKeys (ConfUtils.java:logGet(44)) - raft.server.log.appender.install.snapshot.enabled = false (custom)
2021-07-27 15:00:12,056 [pool-113-thread-1] INFO  server.RaftServer$Division (ServerState.java:<init>(105)) - 0f3e4899-df55-4e14-9f73-38fb9ca0f37c@group-97E4151B2859: ConfigurationManager, init=-1: [43f332dd-3581-45f2-86c5-cce36549d707|rpc:127.0.0.1:37911|dataStream:|priority:1, 86d9546c-cd65-42b3-a7f1-5b54ee2fc6d0|rpc:127.0.0.1:45791|dataStream:|priority:0, 0f3e4899-df55-4e14-9f73-38fb9ca0f37c|rpc:127.0.0.1:42961|dataStream:|priority:0], old=null, confs=<EMPTY_MAP>
2021-07-27 15:00:12,056 [pool-113-thread-1] INFO  server.RaftServerConfigKeys (ConfUtils.java:logGet(44)) - raft.server.storage.dir = [/home/runner/work/ozone/ozone/mnt/ozone/hadoop-ozone/integration-test/target/test-dir/MiniOzoneClusterImpl-1c236c99-c7c8-4b90-98b3-6d50a358b8d8/datanode-1/data/ratis] (custom)
2021-07-27 15:00:12,056 [pool-113-thread-1] INFO  server.RaftServerConfigKeys (ConfUtils.java:logGet(44)) - raft.server.log.corruption.policy = EXCEPTION (default)
2021-07-27 15:00:12,056 [pool-113-thread-1] INFO  server.RaftServerConfigKeys (ConfUtils.java:logGet(44)) - raft.server.storage.free-space.min = 0MB (=0) (default)
2021-07-27 15:00:12,056 [pool-113-thread-1] INFO  storage.RaftStorageDirectory (RaftStorageDirectoryImpl.java:analyzeStorage(135)) - The storage directory /home/runner/work/ozone/ozone/mnt/ozone/hadoop-ozone/integration-test/target/test-dir/MiniOzoneClusterImpl-1c236c99-c7c8-4b90-98b3-6d50a358b8d8/datanode-1/data/ratis/b2d346f2-abad-4ad7-b329-97e4151b2859 does not exist. Creating ...
2021-07-27 15:00:12,057 [pool-113-thread-1] INFO  storage.RaftStorageDirectory (RaftStorageDirectoryImpl.java:tryLock(230)) - Lock on /home/runner/work/ozone/ozone/mnt/ozone/hadoop-ozone/integration-test/target/test-dir/MiniOzoneClusterImpl-1c236c99-c7c8-4b90-98b3-6d50a358b8d8/datanode-1/data/ratis/b2d346f2-abad-4ad7-b329-97e4151b2859/in_use.lock acquired by nodename 1209@fv-az12-803
2021-07-27 15:00:12,058 [pool-113-thread-1] INFO  storage.RaftStorage (RaftStorageImpl.java:format(89)) - Storage directory /home/runner/work/ozone/ozone/mnt/ozone/hadoop-ozone/integration-test/target/test-dir/MiniOzoneClusterImpl-1c236c99-c7c8-4b90-98b3-6d50a358b8d8/datanode-1/data/ratis/b2d346f2-abad-4ad7-b329-97e4151b2859 has been successfully formatted.
2021-07-27 15:00:12,059 [pool-113-thread-1] INFO  ratis.ContainerStateMachine (ContainerStateMachine.java:loadSnapshot(223)) - group-97E4151B2859: The snapshot info is null. Setting the last applied indexto:(t:0, i:~)
2021-07-27 15:00:12,059 [pool-113-thread-1] INFO  server.RaftServerConfigKeys (ConfUtils.java:logGet(44)) - raft.server.notification.no-leader.timeout = 300s (custom)
2021-07-27 15:00:12,059 [pool-113-thread-1] INFO  server.RaftServerConfigKeys (ConfUtils.java:logGet(44)) - raft.server.log.use.memory = false (default)
2021-07-27 15:00:12,059 [pool-113-thread-1] INFO  server.RaftServerConfigKeys (ConfUtils.java:logGet(44)) - raft.server.log.purge.gap = 1000000 (custom)
2021-07-27 15:00:12,059 [pool-113-thread-1] INFO  server.RaftServerConfigKeys (ConfUtils.java:logGet(44)) - raft.server.log.appender.buffer.byte-limit = 33554432 (custom)
2021-07-27 15:00:12,059 [pool-113-thread-1] INFO  server.RaftServerConfigKeys (ConfUtils.java:logGet(44)) - raft.server.log.segment.size.max = 1048576 (custom)
2021-07-27 15:00:12,059 [pool-113-thread-1] INFO  server.RaftServerConfigKeys (ConfUtils.java:logGet(44)) - raft.server.log.segment.cache.num.max = 2 (custom)
2021-07-27 15:00:12,059 [pool-113-thread-1] INFO  server.RaftServerConfigKeys (ConfUtils.java:logGet(44)) - raft.server.log.segment.cache.size.max = 200MB (=209715200) (default)
2021-07-27 15:00:12,059 [pool-113-thread-1] INFO  segmented.SegmentedRaftLogWorker (SegmentedRaftLogWorker.java:<init>(182)) - new 0f3e4899-df55-4e14-9f73-38fb9ca0f37c@group-97E4151B2859-SegmentedRaftLogWorker for RaftStorageImpl:Storage Directory /home/runner/work/ozone/ozone/mnt/ozone/hadoop-ozone/integration-test/target/test-dir/MiniOzoneClusterImpl-1c236c99-c7c8-4b90-98b3-6d50a358b8d8/datanode-1/data/ratis/b2d346f2-abad-4ad7-b329-97e4151b2859
2021-07-27 15:00:12,059 [pool-113-thread-1] INFO  server.RaftServerConfigKeys (ConfUtils.java:logGet(44)) - raft.server.log.queue.byte-limit = 2147483647 (custom)
2021-07-27 15:00:12,059 [pool-113-thread-1] INFO  server.RaftServerConfigKeys (ConfUtils.java:logGet(44)) - raft.server.log.queue.element-limit = 1024 (custom)
2021-07-27 15:00:12,059 [pool-113-thread-1] INFO  server.RaftServerConfigKeys (ConfUtils.java:logGet(44)) - raft.server.log.segment.size.max = 1048576 (custom)
2021-07-27 15:00:12,060 [pool-113-thread-1] INFO  server.RaftServerConfigKeys (ConfUtils.java:logGet(44)) - raft.server.log.preallocated.size = 16384 (custom)
2021-07-27 15:00:12,060 [pool-113-thread-1] INFO  server.RaftServerConfigKeys (ConfUtils.java:logGet(44)) - raft.server.log.force.sync.num = 128 (default)
2021-07-27 15:00:12,060 [pool-113-thread-1] INFO  server.RaftServerConfigKeys (ConfUtils.java:logGet(44)) - raft.server.log.statemachine.data.sync = true (default)
2021-07-27 15:00:12,060 [pool-113-thread-1] INFO  server.RaftServerConfigKeys (ConfUtils.java:logGet(44)) - raft.server.log.statemachine.data.sync.timeout = 10s (default)
2021-07-27 15:00:12,061 [pool-113-thread-1] INFO  server.RaftServerConfigKeys (ConfUtils.java:logGet(44)) - raft.server.log.statemachine.data.sync.timeout.retry = -1 (default)
2021-07-27 15:00:12,061 [pool-113-thread-1] INFO  server.RaftServerConfigKeys (ConfUtils.java:logGet(44)) - raft.server.log.write.buffer.size = 1048576 (custom)
2021-07-27 15:00:12,061 [pool-113-thread-1] INFO  server.RaftServerConfigKeys (ConfUtils.java:logGet(44)) - raft.server.log.statemachine.data.caching.enabled = true (custom)
2021-07-27 15:00:12,061 [pool-113-thread-1] INFO  segmented.SegmentedRaftLogWorker (SegmentedRaftLogWorker.java:lambda$new$0(133)) - 0f3e4899-df55-4e14-9f73-38fb9ca0f37c@group-97E4151B2859-SegmentedRaftLogWorker: flushIndex: setUnconditionally 0 -> -1
2021-07-27 15:00:12,061 [pool-113-thread-1] INFO  segmented.SegmentedRaftLogWorker (SegmentedRaftLogWorker.java:lambda$new$0(133)) - 0f3e4899-df55-4e14-9f73-38fb9ca0f37c@group-97E4151B2859-SegmentedRaftLogWorker: safeCacheEvictIndex: setUnconditionally 0 -> -1
2021-07-27 15:00:12,062 [pool-113-thread-1] INFO  server.RaftServerConfigKeys (ConfUtils.java:logGet(44)) - raft.server.snapshot.auto.trigger.enabled = true (custom)
2021-07-27 15:00:12,062 [pool-113-thread-1] INFO  server.RaftServerConfigKeys (ConfUtils.java:logGet(44)) - raft.server.snapshot.auto.trigger.threshold = 10000 (custom)
2021-07-27 15:00:12,062 [pool-113-thread-1] INFO  server.RaftServerConfigKeys (ConfUtils.java:logGet(44)) - raft.server.snapshot.retention.file.num = 5 (custom)
2021-07-27 15:00:12,062 [pool-113-thread-1] INFO  server.RaftServerConfigKeys (ConfUtils.java:logGet(44)) - raft.server.log.purge.upto.snapshot.index = false (default)
2021-07-27 15:00:12,062 [pool-113-thread-1] INFO  server.RaftServerConfigKeys (ConfUtils.java:logGet(44)) - raft.server.retrycache.expirytime = 600000ms (custom)
2021-07-27 15:00:12,062 [pool-113-thread-1] INFO  server.RaftServerConfigKeys (ConfUtils.java:logGet(44)) - raft.server.retrycache.statistics.expirytime = 100μs (default)
2021-07-27 15:00:12,065 [pool-113-thread-1] INFO  server.RaftServer$Division (RaftServerImpl.java:start(296)) - 0f3e4899-df55-4e14-9f73-38fb9ca0f37c@group-97E4151B2859: start as a follower, conf=-1: [43f332dd-3581-45f2-86c5-cce36549d707|rpc:127.0.0.1:37911|dataStream:|priority:1, 86d9546c-cd65-42b3-a7f1-5b54ee2fc6d0|rpc:127.0.0.1:45791|dataStream:|priority:0, 0f3e4899-df55-4e14-9f73-38fb9ca0f37c|rpc:127.0.0.1:42961|dataStream:|priority:0], old=null
2021-07-27 15:00:12,065 [pool-113-thread-1] INFO  server.RaftServer$Division (RaftServerImpl.java:setRole(285)) - 0f3e4899-df55-4e14-9f73-38fb9ca0f37c@group-97E4151B2859: changes role from      null to FOLLOWER at term 0 for startAsFollower
2021-07-27 15:00:12,065 [pool-113-thread-1] INFO  impl.RoleInfo (RoleInfo.java:updateAndGet(130)) - 0f3e4899-df55-4e14-9f73-38fb9ca0f37c: start 0f3e4899-df55-4e14-9f73-38fb9ca0f37c@group-97E4151B2859-FollowerState
2021-07-27 15:00:12,066 [pool-113-thread-1] INFO  util.JmxRegister (JmxRegister.java:tryRegister(44)) - Successfully registered JMX Bean with object name Ratis:service=RaftServer,group=group-97E4151B2859,id=0f3e4899-df55-4e14-9f73-38fb9ca0f37c
2021-07-27 15:00:12,079 [grpc-default-executor-0] INFO  server.RaftServer (RaftServerProxy.java:addNew(95)) - 86d9546c-cd65-42b3-a7f1-5b54ee2fc6d0: addNew group-97E4151B2859:[43f332dd-3581-45f2-86c5-cce36549d707|rpc:127.0.0.1:37911|dataStream:|priority:1, 86d9546c-cd65-42b3-a7f1-5b54ee2fc6d0|rpc:127.0.0.1:45791|dataStream:|priority:0, 0f3e4899-df55-4e14-9f73-38fb9ca0f37c|rpc:127.0.0.1:42961|dataStream:|priority:0] returns group-97E4151B2859:java.util.concurrent.CompletableFuture@2db02d5a[Not completed]
2021-07-27 15:00:12,080 [pool-133-thread-1] INFO  server.RaftServer$Division (RaftServerImpl.java:<init>(181)) - 86d9546c-cd65-42b3-a7f1-5b54ee2fc6d0: new RaftServerImpl for group-97E4151B2859:[43f332dd-3581-45f2-86c5-cce36549d707|rpc:127.0.0.1:37911|dataStream:|priority:1, 86d9546c-cd65-42b3-a7f1-5b54ee2fc6d0|rpc:127.0.0.1:45791|dataStream:|priority:0, 0f3e4899-df55-4e14-9f73-38fb9ca0f37c|rpc:127.0.0.1:42961|dataStream:|priority:0] with ContainerStateMachine:uninitialized
2021-07-27 15:00:12,080 [pool-133-thread-1] INFO  server.RaftServerConfigKeys (ConfUtils.java:logGet(44)) - raft.server.rpc.timeout.min = 5s (custom)
2021-07-27 15:00:12,080 [pool-133-thread-1] INFO  server.RaftServerConfigKeys (ConfUtils.java:logGet(44)) - raft.server.rpc.timeout.max = 5200ms (custom)
2021-07-27 15:00:12,080 [pool-133-thread-1] INFO  server.RaftServerConfigKeys (ConfUtils.java:logGet(44)) - raft.server.rpc.sleep.time = 25ms (default)
2021-07-27 15:00:12,080 [pool-133-thread-1] INFO  server.RaftServerConfigKeys (ConfUtils.java:logGet(44)) - raft.server.rpc.slowness.timeout = 300s (custom)
2021-07-27 15:00:12,080 [pool-133-thread-1] INFO  server.RaftServerConfigKeys (ConfUtils.java:logGet(44)) - raft.server.leaderelection.leader.step-down.wait-time = 10s (default)
2021-07-27 15:00:12,080 [pool-133-thread-1] INFO  server.RaftServerConfigKeys (ConfUtils.java:logGet(44)) - raft.server.sleep.deviation.threshold = 300ms (default)
2021-07-27 15:00:12,080 [pool-133-thread-1] INFO  server.RaftServerConfigKeys (ConfUtils.java:logGet(44)) - raft.server.log.appender.install.snapshot.enabled = false (custom)
2021-07-27 15:00:12,080 [pool-133-thread-1] INFO  server.RaftServer$Division (ServerState.java:<init>(105)) - 86d9546c-cd65-42b3-a7f1-5b54ee2fc6d0@group-97E4151B2859: ConfigurationManager, init=-1: [43f332dd-3581-45f2-86c5-cce36549d707|rpc:127.0.0.1:37911|dataStream:|priority:1, 86d9546c-cd65-42b3-a7f1-5b54ee2fc6d0|rpc:127.0.0.1:45791|dataStream:|priority:0, 0f3e4899-df55-4e14-9f73-38fb9ca0f37c|rpc:127.0.0.1:42961|dataStream:|priority:0], old=null, confs=<EMPTY_MAP>
2021-07-27 15:00:12,080 [pool-133-thread-1] INFO  server.RaftServerConfigKeys (ConfUtils.java:logGet(44)) - raft.server.storage.dir = [/home/runner/work/ozone/ozone/mnt/ozone/hadoop-ozone/integration-test/target/test-dir/MiniOzoneClusterImpl-1c236c99-c7c8-4b90-98b3-6d50a358b8d8/datanode-2/data/ratis] (custom)
2021-07-27 15:00:12,080 [pool-133-thread-1] INFO  server.RaftServerConfigKeys (ConfUtils.java:logGet(44)) - raft.server.log.corruption.policy = EXCEPTION (default)
2021-07-27 15:00:12,080 [pool-133-thread-1] INFO  server.RaftServerConfigKeys (ConfUtils.java:logGet(44)) - raft.server.storage.free-space.min = 0MB (=0) (default)
2021-07-27 15:00:12,080 [pool-133-thread-1] INFO  storage.RaftStorageDirectory (RaftStorageDirectoryImpl.java:analyzeStorage(135)) - The storage directory /home/runner/work/ozone/ozone/mnt/ozone/hadoop-ozone/integration-test/target/test-dir/MiniOzoneClusterImpl-1c236c99-c7c8-4b90-98b3-6d50a358b8d8/datanode-2/data/ratis/b2d346f2-abad-4ad7-b329-97e4151b2859 does not exist. Creating ...
2021-07-27 15:00:12,081 [pool-133-thread-1] INFO  storage.RaftStorageDirectory (RaftStorageDirectoryImpl.java:tryLock(230)) - Lock on /home/runner/work/ozone/ozone/mnt/ozone/hadoop-ozone/integration-test/target/test-dir/MiniOzoneClusterImpl-1c236c99-c7c8-4b90-98b3-6d50a358b8d8/datanode-2/data/ratis/b2d346f2-abad-4ad7-b329-97e4151b2859/in_use.lock acquired by nodename 1209@fv-az12-803
2021-07-27 15:00:12,082 [pool-133-thread-1] INFO  storage.RaftStorage (RaftStorageImpl.java:format(89)) - Storage directory /home/runner/work/ozone/ozone/mnt/ozone/hadoop-ozone/integration-test/target/test-dir/MiniOzoneClusterImpl-1c236c99-c7c8-4b90-98b3-6d50a358b8d8/datanode-2/data/ratis/b2d346f2-abad-4ad7-b329-97e4151b2859 has been successfully formatted.
2021-07-27 15:00:12,083 [pool-133-thread-1] INFO  ratis.ContainerStateMachine (ContainerStateMachine.java:loadSnapshot(223)) - group-97E4151B2859: The snapshot info is null. Setting the last applied indexto:(t:0, i:~)
2021-07-27 15:00:12,083 [pool-133-thread-1] INFO  server.RaftServerConfigKeys (ConfUtils.java:logGet(44)) - raft.server.notification.no-leader.timeout = 300s (custom)
2021-07-27 15:00:12,083 [pool-133-thread-1] INFO  server.RaftServerConfigKeys (ConfUtils.java:logGet(44)) - raft.server.log.use.memory = false (default)
2021-07-27 15:00:12,083 [pool-133-thread-1] INFO  server.RaftServerConfigKeys (ConfUtils.java:logGet(44)) - raft.server.log.purge.gap = 1000000 (custom)
2021-07-27 15:00:12,083 [pool-133-thread-1] INFO  server.RaftServerConfigKeys (ConfUtils.java:logGet(44)) - raft.server.log.appender.buffer.byte-limit = 33554432 (custom)
2021-07-27 15:00:12,083 [pool-133-thread-1] INFO  server.RaftServerConfigKeys (ConfUtils.java:logGet(44)) - raft.server.log.segment.size.max = 1048576 (custom)
2021-07-27 15:00:12,083 [pool-133-thread-1] INFO  server.RaftServerConfigKeys (ConfUtils.java:logGet(44)) - raft.server.log.segment.cache.num.max = 2 (custom)
2021-07-27 15:00:12,083 [pool-133-thread-1] INFO  server.RaftServerConfigKeys (ConfUtils.java:logGet(44)) - raft.server.log.segment.cache.size.max = 200MB (=209715200) (default)
2021-07-27 15:00:12,083 [pool-133-thread-1] INFO  segmented.SegmentedRaftLogWorker (SegmentedRaftLogWorker.java:<init>(182)) - new 86d9546c-cd65-42b3-a7f1-5b54ee2fc6d0@group-97E4151B2859-SegmentedRaftLogWorker for RaftStorageImpl:Storage Directory /home/runner/work/ozone/ozone/mnt/ozone/hadoop-ozone/integration-test/target/test-dir/MiniOzoneClusterImpl-1c236c99-c7c8-4b90-98b3-6d50a358b8d8/datanode-2/data/ratis/b2d346f2-abad-4ad7-b329-97e4151b2859
2021-07-27 15:00:12,083 [pool-133-thread-1] INFO  server.RaftServerConfigKeys (ConfUtils.java:logGet(44)) - raft.server.log.queue.byte-limit = 2147483647 (custom)
2021-07-27 15:00:12,083 [pool-133-thread-1] INFO  server.RaftServerConfigKeys (ConfUtils.java:logGet(44)) - raft.server.log.queue.element-limit = 1024 (custom)
2021-07-27 15:00:12,084 [pool-133-thread-1] INFO  server.RaftServerConfigKeys (ConfUtils.java:logGet(44)) - raft.server.log.segment.size.max = 1048576 (custom)
2021-07-27 15:00:12,084 [pool-133-thread-1] INFO  server.RaftServerConfigKeys (ConfUtils.java:logGet(44)) - raft.server.log.preallocated.size = 16384 (custom)
2021-07-27 15:00:12,084 [pool-133-thread-1] INFO  server.RaftServerConfigKeys (ConfUtils.java:logGet(44)) - raft.server.log.force.sync.num = 128 (default)
2021-07-27 15:00:12,084 [pool-133-thread-1] INFO  server.RaftServerConfigKeys (ConfUtils.java:logGet(44)) - raft.server.log.statemachine.data.sync = true (default)
2021-07-27 15:00:12,085 [pool-133-thread-1] INFO  server.RaftServerConfigKeys (ConfUtils.java:logGet(44)) - raft.server.log.statemachine.data.sync.timeout = 10s (default)
2021-07-27 15:00:12,085 [pool-133-thread-1] INFO  server.RaftServerConfigKeys (ConfUtils.java:logGet(44)) - raft.server.log.statemachine.data.sync.timeout.retry = -1 (default)
2021-07-27 15:00:12,085 [pool-133-thread-1] INFO  server.RaftServerConfigKeys (ConfUtils.java:logGet(44)) - raft.server.log.write.buffer.size = 1048576 (custom)
2021-07-27 15:00:12,085 [pool-133-thread-1] INFO  server.RaftServerConfigKeys (ConfUtils.java:logGet(44)) - raft.server.log.statemachine.data.caching.enabled = true (custom)
2021-07-27 15:00:12,086 [pool-133-thread-1] INFO  segmented.SegmentedRaftLogWorker (SegmentedRaftLogWorker.java:lambda$new$0(133)) - 86d9546c-cd65-42b3-a7f1-5b54ee2fc6d0@group-97E4151B2859-SegmentedRaftLogWorker: flushIndex: setUnconditionally 0 -> -1
2021-07-27 15:00:12,086 [pool-133-thread-1] INFO  segmented.SegmentedRaftLogWorker (SegmentedRaftLogWorker.java:lambda$new$0(133)) - 86d9546c-cd65-42b3-a7f1-5b54ee2fc6d0@group-97E4151B2859-SegmentedRaftLogWorker: safeCacheEvictIndex: setUnconditionally 0 -> -1
2021-07-27 15:00:12,086 [pool-133-thread-1] INFO  server.RaftServerConfigKeys (ConfUtils.java:logGet(44)) - raft.server.snapshot.auto.trigger.enabled = true (custom)
2021-07-27 15:00:12,086 [pool-133-thread-1] INFO  server.RaftServerConfigKeys (ConfUtils.java:logGet(44)) - raft.server.snapshot.auto.trigger.threshold = 10000 (custom)
2021-07-27 15:00:12,086 [pool-133-thread-1] INFO  server.RaftServerConfigKeys (ConfUtils.java:logGet(44)) - raft.server.snapshot.retention.file.num = 5 (custom)
2021-07-27 15:00:12,086 [pool-133-thread-1] INFO  server.RaftServerConfigKeys (ConfUtils.java:logGet(44)) - raft.server.log.purge.upto.snapshot.index = false (default)
2021-07-27 15:00:12,086 [pool-133-thread-1] INFO  server.RaftServerConfigKeys (ConfUtils.java:logGet(44)) - raft.server.retrycache.expirytime = 600000ms (custom)
2021-07-27 15:00:12,086 [pool-133-thread-1] INFO  server.RaftServerConfigKeys (ConfUtils.java:logGet(44)) - raft.server.retrycache.statistics.expirytime = 100μs (default)
2021-07-27 15:00:12,087 [pool-133-thread-1] INFO  server.RaftServer$Division (RaftServerImpl.java:start(296)) - 86d9546c-cd65-42b3-a7f1-5b54ee2fc6d0@group-97E4151B2859: start as a follower, conf=-1: [43f332dd-3581-45f2-86c5-cce36549d707|rpc:127.0.0.1:37911|dataStream:|priority:1, 86d9546c-cd65-42b3-a7f1-5b54ee2fc6d0|rpc:127.0.0.1:45791|dataStream:|priority:0, 0f3e4899-df55-4e14-9f73-38fb9ca0f37c|rpc:127.0.0.1:42961|dataStream:|priority:0], old=null
2021-07-27 15:00:12,087 [pool-133-thread-1] INFO  server.RaftServer$Division (RaftServerImpl.java:setRole(285)) - 86d9546c-cd65-42b3-a7f1-5b54ee2fc6d0@group-97E4151B2859: changes role from      null to FOLLOWER at term 0 for startAsFollower
2021-07-27 15:00:12,087 [pool-133-thread-1] INFO  impl.RoleInfo (RoleInfo.java:updateAndGet(130)) - 86d9546c-cd65-42b3-a7f1-5b54ee2fc6d0: start 86d9546c-cd65-42b3-a7f1-5b54ee2fc6d0@group-97E4151B2859-FollowerState
2021-07-27 15:00:12,087 [pool-133-thread-1] INFO  util.JmxRegister (JmxRegister.java:tryRegister(44)) - Successfully registered JMX Bean with object name Ratis:service=RaftServer,group=group-97E4151B2859,id=86d9546c-cd65-42b3-a7f1-5b54ee2fc6d0
2021-07-27 15:00:12,098 [Command processor thread] INFO  commandhandler.CreatePipelineCommandHandler (CreatePipelineCommandHandler.java:handle(106)) - Created Pipeline RATIS THREE PipelineID=b2d346f2-abad-4ad7-b329-97e4151b2859.
2021-07-27 15:00:12,135 [Command processor thread] INFO  server.RaftServer (RaftServerProxy.java:addNew(95)) - 0f3e4899-df55-4e14-9f73-38fb9ca0f37c: addNew group-304E7AEC1FB7:[0f3e4899-df55-4e14-9f73-38fb9ca0f37c|rpc:127.0.0.1:42961|priority:1] returns group-304E7AEC1FB7:java.util.concurrent.CompletableFuture@68e08790[Not completed]
2021-07-27 15:00:12,136 [pool-113-thread-1] INFO  server.RaftServer$Division (RaftServerImpl.java:<init>(181)) - 0f3e4899-df55-4e14-9f73-38fb9ca0f37c: new RaftServerImpl for group-304E7AEC1FB7:[0f3e4899-df55-4e14-9f73-38fb9ca0f37c|rpc:127.0.0.1:42961|priority:1] with ContainerStateMachine:uninitialized
2021-07-27 15:00:12,136 [pool-113-thread-1] INFO  server.RaftServerConfigKeys (ConfUtils.java:logGet(44)) - raft.server.rpc.timeout.min = 5s (custom)
2021-07-27 15:00:12,136 [pool-113-thread-1] INFO  server.RaftServerConfigKeys (ConfUtils.java:logGet(44)) - raft.server.rpc.timeout.max = 5200ms (custom)
2021-07-27 15:00:12,136 [pool-113-thread-1] INFO  server.RaftServerConfigKeys (ConfUtils.java:logGet(44)) - raft.server.rpc.sleep.time = 25ms (default)
2021-07-27 15:00:12,136 [pool-113-thread-1] INFO  server.RaftServerConfigKeys (ConfUtils.java:logGet(44)) - raft.server.rpc.slowness.timeout = 300s (custom)
2021-07-27 15:00:12,136 [pool-113-thread-1] INFO  server.RaftServerConfigKeys (ConfUtils.java:logGet(44)) - raft.server.leaderelection.leader.step-down.wait-time = 10s (default)
2021-07-27 15:00:12,136 [pool-113-thread-1] INFO  server.RaftServerConfigKeys (ConfUtils.java:logGet(44)) - raft.server.sleep.deviation.threshold = 300ms (default)
2021-07-27 15:00:12,136 [pool-113-thread-1] INFO  server.RaftServerConfigKeys (ConfUtils.java:logGet(44)) - raft.server.log.appender.install.snapshot.enabled = false (custom)
2021-07-27 15:00:12,136 [pool-113-thread-1] INFO  server.RaftServer$Division (ServerState.java:<init>(105)) - 0f3e4899-df55-4e14-9f73-38fb9ca0f37c@group-304E7AEC1FB7: ConfigurationManager, init=-1: [0f3e4899-df55-4e14-9f73-38fb9ca0f37c|rpc:127.0.0.1:42961|priority:1], old=null, confs=<EMPTY_MAP>
2021-07-27 15:00:12,137 [pool-113-thread-1] INFO  server.RaftServerConfigKeys (ConfUtils.java:logGet(44)) - raft.server.storage.dir = [/home/runner/work/ozone/ozone/mnt/ozone/hadoop-ozone/integration-test/target/test-dir/MiniOzoneClusterImpl-1c236c99-c7c8-4b90-98b3-6d50a358b8d8/datanode-1/data/ratis] (custom)
2021-07-27 15:00:12,137 [pool-113-thread-1] INFO  server.RaftServerConfigKeys (ConfUtils.java:logGet(44)) - raft.server.log.corruption.policy = EXCEPTION (default)
2021-07-27 15:00:12,137 [pool-113-thread-1] INFO  server.RaftServerConfigKeys (ConfUtils.java:logGet(44)) - raft.server.storage.free-space.min = 0MB (=0) (default)
2021-07-27 15:00:12,137 [pool-113-thread-1] INFO  storage.RaftStorageDirectory (RaftStorageDirectoryImpl.java:analyzeStorage(135)) - The storage directory /home/runner/work/ozone/ozone/mnt/ozone/hadoop-ozone/integration-test/target/test-dir/MiniOzoneClusterImpl-1c236c99-c7c8-4b90-98b3-6d50a358b8d8/datanode-1/data/ratis/b5adc310-a965-4920-b6cd-304e7aec1fb7 does not exist. Creating ...
2021-07-27 15:00:12,138 [pool-113-thread-1] INFO  storage.RaftStorageDirectory (RaftStorageDirectoryImpl.java:tryLock(230)) - Lock on /home/runner/work/ozone/ozone/mnt/ozone/hadoop-ozone/integration-test/target/test-dir/MiniOzoneClusterImpl-1c236c99-c7c8-4b90-98b3-6d50a358b8d8/datanode-1/data/ratis/b5adc310-a965-4920-b6cd-304e7aec1fb7/in_use.lock acquired by nodename 1209@fv-az12-803
2021-07-27 15:00:12,138 [pool-113-thread-1] INFO  storage.RaftStorage (RaftStorageImpl.java:format(89)) - Storage directory /home/runner/work/ozone/ozone/mnt/ozone/hadoop-ozone/integration-test/target/test-dir/MiniOzoneClusterImpl-1c236c99-c7c8-4b90-98b3-6d50a358b8d8/datanode-1/data/ratis/b5adc310-a965-4920-b6cd-304e7aec1fb7 has been successfully formatted.
2021-07-27 15:00:12,140 [pool-113-thread-1] INFO  ratis.ContainerStateMachine (ContainerStateMachine.java:loadSnapshot(223)) - group-304E7AEC1FB7: The snapshot info is null. Setting the last applied indexto:(t:0, i:~)
2021-07-27 15:00:12,141 [EventQueue-PipelineReportForPipelineReportHandler] INFO  pipeline.PipelineManagerV2Impl (PipelineManagerV2Impl.java:openPipeline(283)) - Pipeline Pipeline[ Id: b5adc310-a965-4920-b6cd-304e7aec1fb7, Nodes: 0f3e4899-df55-4e14-9f73-38fb9ca0f37c{ip: 127.0.0.1, host: localhost, ports: [REPLICATION=42217, RATIS=42961, RATIS_ADMIN=42961, RATIS_SERVER=42961, STANDALONE=42119], networkLocation: /default-rack, certSerialId: null, persistedOpState: IN_SERVICE, persistedOpStateExpiryEpochSec: 0}, ReplicationConfig: RATIS/ONE, State:ALLOCATED, leaderId:0f3e4899-df55-4e14-9f73-38fb9ca0f37c, CreationTimestamp2021-07-27T15:00:09.145Z[Etc/UTC]] moved to OPEN state
2021-07-27 15:00:12,141 [EventQueue-PipelineReportForPipelineReportHandler] INFO  pipeline.PipelineManagerV2Impl (PipelineManagerV2Impl.java:openPipeline(283)) - Pipeline Pipeline[ Id: b5adc310-a965-4920-b6cd-304e7aec1fb7, Nodes: 0f3e4899-df55-4e14-9f73-38fb9ca0f37c{ip: 127.0.0.1, host: localhost, ports: [REPLICATION=42217, RATIS=42961, RATIS_ADMIN=42961, RATIS_SERVER=42961, STANDALONE=42119], networkLocation: /default-rack, certSerialId: null, persistedOpState: IN_SERVICE, persistedOpStateExpiryEpochSec: 0}, ReplicationConfig: RATIS/ONE, State:ALLOCATED, leaderId:0f3e4899-df55-4e14-9f73-38fb9ca0f37c, CreationTimestamp2021-07-27T15:00:09.145Z[Etc/UTC]] moved to OPEN state
2021-07-27 15:00:12,141 [EventQueue-PipelineReportForPipelineReportHandler] INFO  ha.SCMHAInvocationHandler (SCMHAInvocationHandler.java:invokeRatis(113)) - Invoking method public abstract void org.apache.hadoop.hdds.scm.pipeline.StateManager.updatePipelineState(org.apache.hadoop.hdds.protocol.proto.HddsProtos$PipelineID,org.apache.hadoop.hdds.protocol.proto.HddsProtos$PipelineState) throws java.io.IOException on target org.apache.hadoop.hdds.scm.ha.SCMRatisServerImpl@474a1355, cost 360.703us
2021-07-27 15:00:12,142 [pool-113-thread-1] INFO  server.RaftServerConfigKeys (ConfUtils.java:logGet(44)) - raft.server.notification.no-leader.timeout = 300s (custom)
2021-07-27 15:00:12,143 [pool-113-thread-1] INFO  server.RaftServerConfigKeys (ConfUtils.java:logGet(44)) - raft.server.log.use.memory = false (default)
2021-07-27 15:00:12,143 [pool-113-thread-1] INFO  server.RaftServerConfigKeys (ConfUtils.java:logGet(44)) - raft.server.log.purge.gap = 1000000 (custom)
2021-07-27 15:00:12,143 [pool-113-thread-1] INFO  server.RaftServerConfigKeys (ConfUtils.java:logGet(44)) - raft.server.log.appender.buffer.byte-limit = 33554432 (custom)
2021-07-27 15:00:12,143 [pool-113-thread-1] INFO  server.RaftServerConfigKeys (ConfUtils.java:logGet(44)) - raft.server.log.segment.size.max = 1048576 (custom)
2021-07-27 15:00:12,143 [pool-113-thread-1] INFO  server.RaftServerConfigKeys (ConfUtils.java:logGet(44)) - raft.server.log.segment.cache.num.max = 2 (custom)
2021-07-27 15:00:12,143 [pool-113-thread-1] INFO  server.RaftServerConfigKeys (ConfUtils.java:logGet(44)) - raft.server.log.segment.cache.size.max = 200MB (=209715200) (default)
2021-07-27 15:00:12,143 [pool-113-thread-1] INFO  segmented.SegmentedRaftLogWorker (SegmentedRaftLogWorker.java:<init>(182)) - new 0f3e4899-df55-4e14-9f73-38fb9ca0f37c@group-304E7AEC1FB7-SegmentedRaftLogWorker for RaftStorageImpl:Storage Directory /home/runner/work/ozone/ozone/mnt/ozone/hadoop-ozone/integration-test/target/test-dir/MiniOzoneClusterImpl-1c236c99-c7c8-4b90-98b3-6d50a358b8d8/datanode-1/data/ratis/b5adc310-a965-4920-b6cd-304e7aec1fb7
2021-07-27 15:00:12,143 [pool-113-thread-1] INFO  server.RaftServerConfigKeys (ConfUtils.java:logGet(44)) - raft.server.log.queue.byte-limit = 2147483647 (custom)
2021-07-27 15:00:12,144 [pool-113-thread-1] INFO  server.RaftServerConfigKeys (ConfUtils.java:logGet(44)) - raft.server.log.queue.element-limit = 1024 (custom)
2021-07-27 15:00:12,144 [pool-113-thread-1] INFO  server.RaftServerConfigKeys (ConfUtils.java:logGet(44)) - raft.server.log.segment.size.max = 1048576 (custom)
2021-07-27 15:00:12,144 [pool-113-thread-1] INFO  server.RaftServerConfigKeys (ConfUtils.java:logGet(44)) - raft.server.log.preallocated.size = 16384 (custom)
2021-07-27 15:00:12,144 [pool-113-thread-1] INFO  server.RaftServerConfigKeys (ConfUtils.java:logGet(44)) - raft.server.log.force.sync.num = 128 (default)
2021-07-27 15:00:12,144 [pool-113-thread-1] INFO  server.RaftServerConfigKeys (ConfUtils.java:logGet(44)) - raft.server.log.statemachine.data.sync = true (default)
2021-07-27 15:00:12,144 [pool-113-thread-1] INFO  server.RaftServerConfigKeys (ConfUtils.java:logGet(44)) - raft.server.log.statemachine.data.sync.timeout = 10s (default)
2021-07-27 15:00:12,144 [pool-113-thread-1] INFO  server.RaftServerConfigKeys (ConfUtils.java:logGet(44)) - raft.server.log.statemachine.data.sync.timeout.retry = -1 (default)
2021-07-27 15:00:12,144 [pool-113-thread-1] INFO  server.RaftServerConfigKeys (ConfUtils.java:logGet(44)) - raft.server.log.write.buffer.size = 1048576 (custom)
2021-07-27 15:00:12,145 [pool-113-thread-1] INFO  server.RaftServerConfigKeys (ConfUtils.java:logGet(44)) - raft.server.log.statemachine.data.caching.enabled = true (custom)
2021-07-27 15:00:12,145 [pool-113-thread-1] INFO  segmented.SegmentedRaftLogWorker (SegmentedRaftLogWorker.java:lambda$new$0(133)) - 0f3e4899-df55-4e14-9f73-38fb9ca0f37c@group-304E7AEC1FB7-SegmentedRaftLogWorker: flushIndex: setUnconditionally 0 -> -1
2021-07-27 15:00:12,145 [pool-113-thread-1] INFO  segmented.SegmentedRaftLogWorker (SegmentedRaftLogWorker.java:lambda$new$0(133)) - 0f3e4899-df55-4e14-9f73-38fb9ca0f37c@group-304E7AEC1FB7-SegmentedRaftLogWorker: safeCacheEvictIndex: setUnconditionally 0 -> -1
2021-07-27 15:00:12,145 [pool-113-thread-1] INFO  server.RaftServerConfigKeys (ConfUtils.java:logGet(44)) - raft.server.snapshot.auto.trigger.enabled = true (custom)
2021-07-27 15:00:12,145 [pool-113-thread-1] INFO  server.RaftServerConfigKeys (ConfUtils.java:logGet(44)) - raft.server.snapshot.auto.trigger.threshold = 10000 (custom)
2021-07-27 15:00:12,145 [pool-113-thread-1] INFO  server.RaftServerConfigKeys (ConfUtils.java:logGet(44)) - raft.server.snapshot.retention.file.num = 5 (custom)
2021-07-27 15:00:12,145 [pool-113-thread-1] INFO  server.RaftServerConfigKeys (ConfUtils.java:logGet(44)) - raft.server.log.purge.upto.snapshot.index = false (default)
2021-07-27 15:00:12,145 [pool-113-thread-1] INFO  server.RaftServerConfigKeys (ConfUtils.java:logGet(44)) - raft.server.retrycache.expirytime = 600000ms (custom)
2021-07-27 15:00:12,145 [pool-113-thread-1] INFO  server.RaftServerConfigKeys (ConfUtils.java:logGet(44)) - raft.server.retrycache.statistics.expirytime = 100μs (default)
2021-07-27 15:00:12,146 [pool-113-thread-1] INFO  server.RaftServer$Division (RaftServerImpl.java:start(296)) - 0f3e4899-df55-4e14-9f73-38fb9ca0f37c@group-304E7AEC1FB7: start as a follower, conf=-1: [0f3e4899-df55-4e14-9f73-38fb9ca0f37c|rpc:127.0.0.1:42961|priority:1], old=null
2021-07-27 15:00:12,146 [pool-113-thread-1] INFO  server.RaftServer$Division (RaftServerImpl.java:setRole(285)) - 0f3e4899-df55-4e14-9f73-38fb9ca0f37c@group-304E7AEC1FB7: changes role from      null to FOLLOWER at term 0 for startAsFollower
2021-07-27 15:00:12,146 [pool-113-thread-1] INFO  impl.RoleInfo (RoleInfo.java:updateAndGet(130)) - 0f3e4899-df55-4e14-9f73-38fb9ca0f37c: start 0f3e4899-df55-4e14-9f73-38fb9ca0f37c@group-304E7AEC1FB7-FollowerState
2021-07-27 15:00:12,148 [pool-113-thread-1] INFO  util.JmxRegister (JmxRegister.java:tryRegister(44)) - Successfully registered JMX Bean with object name Ratis:service=RaftServer,group=group-304E7AEC1FB7,id=0f3e4899-df55-4e14-9f73-38fb9ca0f37c
2021-07-27 15:00:12,148 [Command processor thread] INFO  ratis.XceiverServerRatis (XceiverServerRatis.java:addGroup(759)) - Created group PipelineID=b5adc310-a965-4920-b6cd-304e7aec1fb7
2021-07-27 15:00:12,148 [Command processor thread] INFO  commandhandler.CreatePipelineCommandHandler (CreatePipelineCommandHandler.java:handle(106)) - Created Pipeline RATIS ONE PipelineID=b5adc310-a965-4920-b6cd-304e7aec1fb7.
2021-07-27 15:00:12,154 [b07764cb-34df-45d7-9560-8ac949593b7a@group-6D50A358B8D8-StateMachineUpdater] INFO  safemode.HealthyPipelineSafeModeRule (HealthyPipelineSafeModeRule.java:initializeRule(152)) - Refreshed total pipeline count is 0, healthy pipeline threshold count is 1
2021-07-27 15:00:12,154 [EventQueue-PipelineReportForPipelineReportHandler] INFO  ha.SCMHAInvocationHandler (SCMHAInvocationHandler.java:invokeRatis(113)) - Invoking method public abstract void org.apache.hadoop.hdds.scm.pipeline.StateManager.updatePipelineState(org.apache.hadoop.hdds.protocol.proto.HddsProtos$PipelineID,org.apache.hadoop.hdds.protocol.proto.HddsProtos$PipelineState) throws java.io.IOException on target org.apache.hadoop.hdds.scm.ha.SCMRatisServerImpl@3bf5589b, cost 13200.091us
2021-07-27 15:00:12,154 [EventQueue-OpenPipelineForHealthyPipelineSafeModeRule] INFO  safemode.SCMSafeModeManager (HealthyPipelineSafeModeRule.java:process(124)) - SCM in safe mode. Healthy pipelines reported count is 0, required healthy pipeline reported count is 1
2021-07-27 15:00:12,157 [112e9cde-9cb9-43e4-9ef1-6a6d7fd9222c@group-6D50A358B8D8-StateMachineUpdater] INFO  safemode.HealthyPipelineSafeModeRule (HealthyPipelineSafeModeRule.java:initializeRule(152)) - Refreshed total pipeline count is 0, healthy pipeline threshold count is 1
2021-07-27 15:00:12,160 [b07764cb-34df-45d7-9560-8ac949593b7a@group-6D50A358B8D8-StateMachineUpdater] INFO  ha.SCMStateMachine (SCMStateMachine.java:takeSnapshot(290)) - Current Snapshot Index 20, takeSnapshot took 0 ms
2021-07-27 15:00:12,160 [b07764cb-34df-45d7-9560-8ac949593b7a@group-6D50A358B8D8-StateMachineUpdater] INFO  impl.StateMachineUpdater (StateMachineUpdater.java:takeSnapshot(281)) - b07764cb-34df-45d7-9560-8ac949593b7a@group-6D50A358B8D8-StateMachineUpdater: Took a snapshot at index 20
2021-07-27 15:00:12,160 [b07764cb-34df-45d7-9560-8ac949593b7a@group-6D50A358B8D8-StateMachineUpdater] INFO  impl.StateMachineUpdater (StateMachineUpdater.java:lambda$new$0(89)) - b07764cb-34df-45d7-9560-8ac949593b7a@group-6D50A358B8D8-StateMachineUpdater: snapshotIndex: updateIncreasingly 15 -> 20
2021-07-27 15:00:12,160 [b07764cb-34df-45d7-9560-8ac949593b7a@group-6D50A358B8D8-StateMachineUpdater] INFO  raftlog.RaftLog (RaftLogBase.java:purge(306)) - b07764cb-34df-45d7-9560-8ac949593b7a@group-6D50A358B8D8-SegmentedRaftLog: purge 20
2021-07-27 15:00:12,160 [b07764cb-34df-45d7-9560-8ac949593b7a@group-6D50A358B8D8-StateMachineUpdater] INFO  raftlog.RaftLog (RaftLogBase.java:lambda$new$0(53)) - b07764cb-34df-45d7-9560-8ac949593b7a@group-6D50A358B8D8-SegmentedRaftLog: snapshotIndex: updateIncreasingly 15 -> 20
2021-07-27 15:00:12,160 [b07764cb-34df-45d7-9560-8ac949593b7a@group-6D50A358B8D8-StateMachineUpdater] INFO  raftlog.RaftLog (RaftLogBase.java:lambda$new$0(53)) - b07764cb-34df-45d7-9560-8ac949593b7a@group-6D50A358B8D8-SegmentedRaftLog: purgeIndex: updateToMax old=15, new=20, updated? true
2021-07-27 15:00:12,394 [Listener at 127.0.0.1/12788] INFO  ozone.MiniOzoneClusterImpl (MiniOzoneClusterImpl.java:lambda$waitForClusterToBeReady$0(235)) - Nodes are ready. Got 3 of 3 DN Heartbeats.
2021-07-27 15:00:12,395 [Listener at 127.0.0.1/12788] INFO  ozone.MiniOzoneClusterImpl (MiniOzoneClusterImpl.java:lambda$waitForClusterToBeReady$0(238)) - Waiting for cluster to exit safe mode
2021-07-27 15:00:12,395 [Listener at 127.0.0.1/12788] INFO  ozone.MiniOzoneClusterImpl (MiniOzoneClusterImpl.java:lambda$waitForClusterToBeReady$0(240)) - SCM became leader
2021-07-27 15:00:12,402 [Command processor thread] INFO  server.RaftServer (RaftServerProxy.java:addNew(95)) - 86d9546c-cd65-42b3-a7f1-5b54ee2fc6d0: addNew group-99D0054CEFFD:[86d9546c-cd65-42b3-a7f1-5b54ee2fc6d0|rpc:127.0.0.1:45791|priority:1] returns group-99D0054CEFFD:java.util.concurrent.CompletableFuture@2815a5f4[Not completed]
2021-07-27 15:00:12,403 [pool-133-thread-1] INFO  server.RaftServer$Division (RaftServerImpl.java:<init>(181)) - 86d9546c-cd65-42b3-a7f1-5b54ee2fc6d0: new RaftServerImpl for group-99D0054CEFFD:[86d9546c-cd65-42b3-a7f1-5b54ee2fc6d0|rpc:127.0.0.1:45791|priority:1] with ContainerStateMachine:uninitialized
2021-07-27 15:00:12,404 [pool-133-thread-1] INFO  server.RaftServerConfigKeys (ConfUtils.java:logGet(44)) - raft.server.rpc.timeout.min = 5s (custom)
2021-07-27 15:00:12,404 [pool-133-thread-1] INFO  server.RaftServerConfigKeys (ConfUtils.java:logGet(44)) - raft.server.rpc.timeout.max = 5200ms (custom)
2021-07-27 15:00:12,404 [pool-133-thread-1] INFO  server.RaftServerConfigKeys (ConfUtils.java:logGet(44)) - raft.server.rpc.sleep.time = 25ms (default)
2021-07-27 15:00:12,404 [pool-133-thread-1] INFO  server.RaftServerConfigKeys (ConfUtils.java:logGet(44)) - raft.server.rpc.slowness.timeout = 300s (custom)
2021-07-27 15:00:12,404 [pool-133-thread-1] INFO  server.RaftServerConfigKeys (ConfUtils.java:logGet(44)) - raft.server.leaderelection.leader.step-down.wait-time = 10s (default)
2021-07-27 15:00:12,404 [pool-133-thread-1] INFO  server.RaftServerConfigKeys (ConfUtils.java:logGet(44)) - raft.server.sleep.deviation.threshold = 300ms (default)
2021-07-27 15:00:12,404 [pool-133-thread-1] INFO  server.RaftServerConfigKeys (ConfUtils.java:logGet(44)) - raft.server.log.appender.install.snapshot.enabled = false (custom)
2021-07-27 15:00:12,404 [pool-133-thread-1] INFO  server.RaftServer$Division (ServerState.java:<init>(105)) - 86d9546c-cd65-42b3-a7f1-5b54ee2fc6d0@group-99D0054CEFFD: ConfigurationManager, init=-1: [86d9546c-cd65-42b3-a7f1-5b54ee2fc6d0|rpc:127.0.0.1:45791|priority:1], old=null, confs=<EMPTY_MAP>
2021-07-27 15:00:12,404 [pool-133-thread-1] INFO  server.RaftServerConfigKeys (ConfUtils.java:logGet(44)) - raft.server.storage.dir = [/home/runner/work/ozone/ozone/mnt/ozone/hadoop-ozone/integration-test/target/test-dir/MiniOzoneClusterImpl-1c236c99-c7c8-4b90-98b3-6d50a358b8d8/datanode-2/data/ratis] (custom)
2021-07-27 15:00:12,404 [pool-133-thread-1] INFO  server.RaftServerConfigKeys (ConfUtils.java:logGet(44)) - raft.server.log.corruption.policy = EXCEPTION (default)
2021-07-27 15:00:12,404 [pool-133-thread-1] INFO  server.RaftServerConfigKeys (ConfUtils.java:logGet(44)) - raft.server.storage.free-space.min = 0MB (=0) (default)
2021-07-27 15:00:12,404 [pool-133-thread-1] INFO  storage.RaftStorageDirectory (RaftStorageDirectoryImpl.java:analyzeStorage(135)) - The storage directory /home/runner/work/ozone/ozone/mnt/ozone/hadoop-ozone/integration-test/target/test-dir/MiniOzoneClusterImpl-1c236c99-c7c8-4b90-98b3-6d50a358b8d8/datanode-2/data/ratis/883a8244-3405-4397-a71e-99d0054ceffd does not exist. Creating ...
2021-07-27 15:00:12,405 [pool-133-thread-1] INFO  storage.RaftStorageDirectory (RaftStorageDirectoryImpl.java:tryLock(230)) - Lock on /home/runner/work/ozone/ozone/mnt/ozone/hadoop-ozone/integration-test/target/test-dir/MiniOzoneClusterImpl-1c236c99-c7c8-4b90-98b3-6d50a358b8d8/datanode-2/data/ratis/883a8244-3405-4397-a71e-99d0054ceffd/in_use.lock acquired by nodename 1209@fv-az12-803
2021-07-27 15:00:12,407 [pool-133-thread-1] INFO  storage.RaftStorage (RaftStorageImpl.java:format(89)) - Storage directory /home/runner/work/ozone/ozone/mnt/ozone/hadoop-ozone/integration-test/target/test-dir/MiniOzoneClusterImpl-1c236c99-c7c8-4b90-98b3-6d50a358b8d8/datanode-2/data/ratis/883a8244-3405-4397-a71e-99d0054ceffd has been successfully formatted.
2021-07-27 15:00:12,407 [pool-133-thread-1] INFO  ratis.ContainerStateMachine (ContainerStateMachine.java:loadSnapshot(223)) - group-99D0054CEFFD: The snapshot info is null. Setting the last applied indexto:(t:0, i:~)
2021-07-27 15:00:12,407 [pool-133-thread-1] INFO  server.RaftServerConfigKeys (ConfUtils.java:logGet(44)) - raft.server.notification.no-leader.timeout = 300s (custom)
2021-07-27 15:00:12,407 [pool-133-thread-1] INFO  server.RaftServerConfigKeys (ConfUtils.java:logGet(44)) - raft.server.log.use.memory = false (default)
2021-07-27 15:00:12,407 [pool-133-thread-1] INFO  server.RaftServerConfigKeys (ConfUtils.java:logGet(44)) - raft.server.log.purge.gap = 1000000 (custom)
2021-07-27 15:00:12,408 [pool-133-thread-1] INFO  server.RaftServerConfigKeys (ConfUtils.java:logGet(44)) - raft.server.log.appender.buffer.byte-limit = 33554432 (custom)
2021-07-27 15:00:12,408 [pool-133-thread-1] INFO  server.RaftServerConfigKeys (ConfUtils.java:logGet(44)) - raft.server.log.segment.size.max = 1048576 (custom)
2021-07-27 15:00:12,409 [EventQueue-PipelineReportForPipelineReportHandler] INFO  pipeline.PipelineManagerV2Impl (PipelineManagerV2Impl.java:openPipeline(283)) - Pipeline Pipeline[ Id: 883a8244-3405-4397-a71e-99d0054ceffd, Nodes: 86d9546c-cd65-42b3-a7f1-5b54ee2fc6d0{ip: 127.0.0.1, host: localhost, ports: [REPLICATION=39859, RATIS=45791, RATIS_ADMIN=45791, RATIS_SERVER=45791, STANDALONE=46733], networkLocation: /default-rack, certSerialId: null, persistedOpState: IN_SERVICE, persistedOpStateExpiryEpochSec: 0}, ReplicationConfig: RATIS/ONE, State:ALLOCATED, leaderId:86d9546c-cd65-42b3-a7f1-5b54ee2fc6d0, CreationTimestamp2021-07-27T15:00:09.410Z[Etc/UTC]] moved to OPEN state
2021-07-27 15:00:12,409 [EventQueue-PipelineReportForPipelineReportHandler] INFO  pipeline.PipelineManagerV2Impl (PipelineManagerV2Impl.java:openPipeline(283)) - Pipeline Pipeline[ Id: 883a8244-3405-4397-a71e-99d0054ceffd, Nodes: 86d9546c-cd65-42b3-a7f1-5b54ee2fc6d0{ip: 127.0.0.1, host: localhost, ports: [REPLICATION=39859, RATIS=45791, RATIS_ADMIN=45791, RATIS_SERVER=45791, STANDALONE=46733], networkLocation: /default-rack, certSerialId: null, persistedOpState: IN_SERVICE, persistedOpStateExpiryEpochSec: 0}, ReplicationConfig: RATIS/ONE, State:ALLOCATED, leaderId:86d9546c-cd65-42b3-a7f1-5b54ee2fc6d0, CreationTimestamp2021-07-27T15:00:09.410Z[Etc/UTC]] moved to OPEN state
2021-07-27 15:00:12,410 [EventQueue-PipelineReportForPipelineReportHandler] INFO  ha.SCMHAInvocationHandler (SCMHAInvocationHandler.java:invokeRatis(113)) - Invoking method public abstract void org.apache.hadoop.hdds.scm.pipeline.StateManager.updatePipelineState(org.apache.hadoop.hdds.protocol.proto.HddsProtos$PipelineID,org.apache.hadoop.hdds.protocol.proto.HddsProtos$PipelineState) throws java.io.IOException on target org.apache.hadoop.hdds.scm.ha.SCMRatisServerImpl@474a1355, cost 491.203us
2021-07-27 15:00:12,411 [pool-133-thread-1] INFO  server.RaftServerConfigKeys (ConfUtils.java:logGet(44)) - raft.server.log.segment.cache.num.max = 2 (custom)
2021-07-27 15:00:12,413 [pool-133-thread-1] INFO  server.RaftServerConfigKeys (ConfUtils.java:logGet(44)) - raft.server.log.segment.cache.size.max = 200MB (=209715200) (default)
2021-07-27 15:00:12,413 [pool-133-thread-1] INFO  segmented.SegmentedRaftLogWorker (SegmentedRaftLogWorker.java:<init>(182)) - new 86d9546c-cd65-42b3-a7f1-5b54ee2fc6d0@group-99D0054CEFFD-SegmentedRaftLogWorker for RaftStorageImpl:Storage Directory /home/runner/work/ozone/ozone/mnt/ozone/hadoop-ozone/integration-test/target/test-dir/MiniOzoneClusterImpl-1c236c99-c7c8-4b90-98b3-6d50a358b8d8/datanode-2/data/ratis/883a8244-3405-4397-a71e-99d0054ceffd
2021-07-27 15:00:12,413 [pool-133-thread-1] INFO  server.RaftServerConfigKeys (ConfUtils.java:logGet(44)) - raft.server.log.queue.byte-limit = 2147483647 (custom)
2021-07-27 15:00:12,413 [pool-133-thread-1] INFO  server.RaftServerConfigKeys (ConfUtils.java:logGet(44)) - raft.server.log.queue.element-limit = 1024 (custom)
2021-07-27 15:00:12,413 [pool-133-thread-1] INFO  server.RaftServerConfigKeys (ConfUtils.java:logGet(44)) - raft.server.log.segment.size.max = 1048576 (custom)
2021-07-27 15:00:12,413 [pool-133-thread-1] INFO  server.RaftServerConfigKeys (ConfUtils.java:logGet(44)) - raft.server.log.preallocated.size = 16384 (custom)
2021-07-27 15:00:12,413 [pool-133-thread-1] INFO  server.RaftServerConfigKeys (ConfUtils.java:logGet(44)) - raft.server.log.force.sync.num = 128 (default)
2021-07-27 15:00:12,413 [pool-133-thread-1] INFO  server.RaftServerConfigKeys (ConfUtils.java:logGet(44)) - raft.server.log.statemachine.data.sync = true (default)
2021-07-27 15:00:12,413 [pool-133-thread-1] INFO  server.RaftServerConfigKeys (ConfUtils.java:logGet(44)) - raft.server.log.statemachine.data.sync.timeout = 10s (default)
2021-07-27 15:00:12,413 [pool-133-thread-1] INFO  server.RaftServerConfigKeys (ConfUtils.java:logGet(44)) - raft.server.log.statemachine.data.sync.timeout.retry = -1 (default)
2021-07-27 15:00:12,414 [pool-133-thread-1] INFO  server.RaftServerConfigKeys (ConfUtils.java:logGet(44)) - raft.server.log.write.buffer.size = 1048576 (custom)
2021-07-27 15:00:12,414 [pool-133-thread-1] INFO  server.RaftServerConfigKeys (ConfUtils.java:logGet(44)) - raft.server.log.statemachine.data.caching.enabled = true (custom)
2021-07-27 15:00:12,414 [pool-133-thread-1] INFO  segmented.SegmentedRaftLogWorker (SegmentedRaftLogWorker.java:lambda$new$0(133)) - 86d9546c-cd65-42b3-a7f1-5b54ee2fc6d0@group-99D0054CEFFD-SegmentedRaftLogWorker: flushIndex: setUnconditionally 0 -> -1
2021-07-27 15:00:12,414 [pool-133-thread-1] INFO  segmented.SegmentedRaftLogWorker (SegmentedRaftLogWorker.java:lambda$new$0(133)) - 86d9546c-cd65-42b3-a7f1-5b54ee2fc6d0@group-99D0054CEFFD-SegmentedRaftLogWorker: safeCacheEvictIndex: setUnconditionally 0 -> -1
2021-07-27 15:00:12,415 [112e9cde-9cb9-43e4-9ef1-6a6d7fd9222c@group-6D50A358B8D8-StateMachineUpdater] INFO  ha.SCMStateMachine (SCMStateMachine.java:takeSnapshot(290)) - Current Snapshot Index 20, takeSnapshot took 1 ms
2021-07-27 15:00:12,415 [112e9cde-9cb9-43e4-9ef1-6a6d7fd9222c@group-6D50A358B8D8-StateMachineUpdater] INFO  impl.StateMachineUpdater (StateMachineUpdater.java:takeSnapshot(281)) - 112e9cde-9cb9-43e4-9ef1-6a6d7fd9222c@group-6D50A358B8D8-StateMachineUpdater: Took a snapshot at index 20
2021-07-27 15:00:12,415 [112e9cde-9cb9-43e4-9ef1-6a6d7fd9222c@group-6D50A358B8D8-StateMachineUpdater] INFO  impl.StateMachineUpdater (StateMachineUpdater.java:lambda$new$0(89)) - 112e9cde-9cb9-43e4-9ef1-6a6d7fd9222c@group-6D50A358B8D8-StateMachineUpdater: snapshotIndex: updateIncreasingly 15 -> 20
2021-07-27 15:00:12,415 [112e9cde-9cb9-43e4-9ef1-6a6d7fd9222c@group-6D50A358B8D8-StateMachineUpdater] INFO  raftlog.RaftLog (RaftLogBase.java:purge(306)) - 112e9cde-9cb9-43e4-9ef1-6a6d7fd9222c@group-6D50A358B8D8-SegmentedRaftLog: purge 20
2021-07-27 15:00:12,416 [112e9cde-9cb9-43e4-9ef1-6a6d7fd9222c@group-6D50A358B8D8-StateMachineUpdater] INFO  raftlog.RaftLog (RaftLogBase.java:lambda$new$0(53)) - 112e9cde-9cb9-43e4-9ef1-6a6d7fd9222c@group-6D50A358B8D8-SegmentedRaftLog: snapshotIndex: updateIncreasingly 15 -> 20
2021-07-27 15:00:12,416 [112e9cde-9cb9-43e4-9ef1-6a6d7fd9222c@group-6D50A358B8D8-StateMachineUpdater] INFO  raftlog.RaftLog (RaftLogBase.java:lambda$new$0(53)) - 112e9cde-9cb9-43e4-9ef1-6a6d7fd9222c@group-6D50A358B8D8-SegmentedRaftLog: purgeIndex: updateToMax old=15, new=20, updated? true
2021-07-27 15:00:12,417 [b07764cb-34df-45d7-9560-8ac949593b7a@group-6D50A358B8D8-StateMachineUpdater] INFO  safemode.HealthyPipelineSafeModeRule (HealthyPipelineSafeModeRule.java:initializeRule(152)) - Refreshed total pipeline count is 0, healthy pipeline threshold count is 1
2021-07-27 15:00:12,417 [EventQueue-PipelineReportForPipelineReportHandler] INFO  ha.SCMHAInvocationHandler (SCMHAInvocationHandler.java:invokeRatis(113)) - Invoking method public abstract void org.apache.hadoop.hdds.scm.pipeline.StateManager.updatePipelineState(org.apache.hadoop.hdds.protocol.proto.HddsProtos$PipelineID,org.apache.hadoop.hdds.protocol.proto.HddsProtos$PipelineState) throws java.io.IOException on target org.apache.hadoop.hdds.scm.ha.SCMRatisServerImpl@3bf5589b, cost 8117.456us
2021-07-27 15:00:12,417 [EventQueue-OpenPipelineForHealthyPipelineSafeModeRule] INFO  safemode.SCMSafeModeManager (HealthyPipelineSafeModeRule.java:process(124)) - SCM in safe mode. Healthy pipelines reported count is 0, required healthy pipeline reported count is 1
2021-07-27 15:00:12,422 [pool-133-thread-1] INFO  server.RaftServerConfigKeys (ConfUtils.java:logGet(44)) - raft.server.snapshot.auto.trigger.enabled = true (custom)
2021-07-27 15:00:12,422 [pool-133-thread-1] INFO  server.RaftServerConfigKeys (ConfUtils.java:logGet(44)) - raft.server.snapshot.auto.trigger.threshold = 10000 (custom)
2021-07-27 15:00:12,422 [pool-133-thread-1] INFO  server.RaftServerConfigKeys (ConfUtils.java:logGet(44)) - raft.server.snapshot.retention.file.num = 5 (custom)
2021-07-27 15:00:12,422 [pool-133-thread-1] INFO  server.RaftServerConfigKeys (ConfUtils.java:logGet(44)) - raft.server.log.purge.upto.snapshot.index = false (default)
2021-07-27 15:00:12,422 [pool-133-thread-1] INFO  server.RaftServerConfigKeys (ConfUtils.java:logGet(44)) - raft.server.retrycache.expirytime = 600000ms (custom)
2021-07-27 15:00:12,422 [pool-133-thread-1] INFO  server.RaftServerConfigKeys (ConfUtils.java:logGet(44)) - raft.server.retrycache.statistics.expirytime = 100μs (default)
2021-07-27 15:00:12,423 [pool-133-thread-1] INFO  server.RaftServer$Division (RaftServerImpl.java:start(296)) - 86d9546c-cd65-42b3-a7f1-5b54ee2fc6d0@group-99D0054CEFFD: start as a follower, conf=-1: [86d9546c-cd65-42b3-a7f1-5b54ee2fc6d0|rpc:127.0.0.1:45791|priority:1], old=null
2021-07-27 15:00:12,423 [pool-133-thread-1] INFO  server.RaftServer$Division (RaftServerImpl.java:setRole(285)) - 86d9546c-cd65-42b3-a7f1-5b54ee2fc6d0@group-99D0054CEFFD: changes role from      null to FOLLOWER at term 0 for startAsFollower
2021-07-27 15:00:12,423 [pool-133-thread-1] INFO  impl.RoleInfo (RoleInfo.java:updateAndGet(130)) - 86d9546c-cd65-42b3-a7f1-5b54ee2fc6d0: start 86d9546c-cd65-42b3-a7f1-5b54ee2fc6d0@group-99D0054CEFFD-FollowerState
2021-07-27 15:00:12,427 [pool-133-thread-1] INFO  util.JmxRegister (JmxRegister.java:tryRegister(44)) - Successfully registered JMX Bean with object name Ratis:service=RaftServer,group=group-99D0054CEFFD,id=86d9546c-cd65-42b3-a7f1-5b54ee2fc6d0
2021-07-27 15:00:12,428 [Command processor thread] INFO  ratis.XceiverServerRatis (XceiverServerRatis.java:addGroup(759)) - Created group PipelineID=883a8244-3405-4397-a71e-99d0054ceffd
2021-07-27 15:00:12,428 [Command processor thread] INFO  commandhandler.CreatePipelineCommandHandler (CreatePipelineCommandHandler.java:handle(106)) - Created Pipeline RATIS ONE PipelineID=883a8244-3405-4397-a71e-99d0054ceffd.
2021-07-27 15:00:12,430 [112e9cde-9cb9-43e4-9ef1-6a6d7fd9222c@group-6D50A358B8D8-StateMachineUpdater] INFO  safemode.HealthyPipelineSafeModeRule (HealthyPipelineSafeModeRule.java:initializeRule(152)) - Refreshed total pipeline count is 0, healthy pipeline threshold count is 1
2021-07-27 15:00:13,395 [Listener at 127.0.0.1/12788] INFO  ozone.MiniOzoneClusterImpl (MiniOzoneClusterImpl.java:lambda$waitForClusterToBeReady$0(235)) - Nodes are ready. Got 3 of 3 DN Heartbeats.
2021-07-27 15:00:13,396 [Listener at 127.0.0.1/12788] INFO  ozone.MiniOzoneClusterImpl (MiniOzoneClusterImpl.java:lambda$waitForClusterToBeReady$0(238)) - Waiting for cluster to exit safe mode
2021-07-27 15:00:13,396 [Listener at 127.0.0.1/12788] INFO  ozone.MiniOzoneClusterImpl (MiniOzoneClusterImpl.java:lambda$waitForClusterToBeReady$0(240)) - SCM became leader
2021-07-27 15:00:14,396 [Listener at 127.0.0.1/12788] INFO  ozone.MiniOzoneClusterImpl (MiniOzoneClusterImpl.java:lambda$waitForClusterToBeReady$0(235)) - Nodes are ready. Got 3 of 3 DN Heartbeats.
2021-07-27 15:00:14,397 [Listener at 127.0.0.1/12788] INFO  ozone.MiniOzoneClusterImpl (MiniOzoneClusterImpl.java:lambda$waitForClusterToBeReady$0(238)) - Waiting for cluster to exit safe mode
2021-07-27 15:00:14,397 [Listener at 127.0.0.1/12788] INFO  ozone.MiniOzoneClusterImpl (MiniOzoneClusterImpl.java:lambda$waitForClusterToBeReady$0(240)) - SCM became leader
2021-07-27 15:00:14,409 [Datanode State Machine Thread - 0] ERROR datanode.RunningDatanodeState (RunningDatanodeState.java:computeNextContainerState(199)) - Error in executing end point task.
java.util.concurrent.ExecutionException: java.util.concurrent.TimeoutException
	at java.util.concurrent.FutureTask.report(FutureTask.java:122)
	at java.util.concurrent.FutureTask.get(FutureTask.java:192)
	at org.apache.hadoop.ozone.container.common.states.datanode.RunningDatanodeState.computeNextContainerState(RunningDatanodeState.java:191)
	at org.apache.hadoop.ozone.container.common.states.datanode.RunningDatanodeState.await(RunningDatanodeState.java:231)
	at org.apache.hadoop.ozone.container.common.states.datanode.RunningDatanodeState.await(RunningDatanodeState.java:50)
	at org.apache.hadoop.ozone.container.common.statemachine.StateContext.execute(StateContext.java:629)
	at org.apache.hadoop.ozone.container.common.statemachine.DatanodeStateMachine.start(DatanodeStateMachine.java:269)
	at org.apache.hadoop.ozone.container.common.statemachine.DatanodeStateMachine.lambda$startDaemon$0(DatanodeStateMachine.java:455)
	at java.lang.Thread.run(Thread.java:748)
Caused by: java.util.concurrent.TimeoutException
	at java.util.concurrent.FutureTask.get(FutureTask.java:205)
	at org.apache.hadoop.ozone.container.common.states.datanode.RunningDatanodeState.lambda$execute$0(RunningDatanodeState.java:149)
	at java.util.concurrent.FutureTask.run(FutureTask.java:266)
	at java.util.concurrent.Executors$RunnableAdapter.call(Executors.java:511)
	at java.util.concurrent.FutureTask.run(FutureTask.java:266)
	at java.util.concurrent.ThreadPoolExecutor.runWorker(ThreadPoolExecutor.java:1149)
	at java.util.concurrent.ThreadPoolExecutor$Worker.run(ThreadPoolExecutor.java:624)
	... 1 more
2021-07-27 15:00:15,043 [Datanode State Machine Thread - 0] ERROR datanode.RunningDatanodeState (RunningDatanodeState.java:computeNextContainerState(199)) - Error in executing end point task.
java.util.concurrent.ExecutionException: java.util.concurrent.TimeoutException
	at java.util.concurrent.FutureTask.report(FutureTask.java:122)
	at java.util.concurrent.FutureTask.get(FutureTask.java:192)
	at org.apache.hadoop.ozone.container.common.states.datanode.RunningDatanodeState.computeNextContainerState(RunningDatanodeState.java:191)
	at org.apache.hadoop.ozone.container.common.states.datanode.RunningDatanodeState.await(RunningDatanodeState.java:231)
	at org.apache.hadoop.ozone.container.common.states.datanode.RunningDatanodeState.await(RunningDatanodeState.java:50)
	at org.apache.hadoop.ozone.container.common.statemachine.StateContext.execute(StateContext.java:629)
	at org.apache.hadoop.ozone.container.common.statemachine.DatanodeStateMachine.start(DatanodeStateMachine.java:269)
	at org.apache.hadoop.ozone.container.common.statemachine.DatanodeStateMachine.lambda$startDaemon$0(DatanodeStateMachine.java:455)
	at java.lang.Thread.run(Thread.java:748)
Caused by: java.util.concurrent.TimeoutException
	at java.util.concurrent.FutureTask.get(FutureTask.java:205)
	at org.apache.hadoop.ozone.container.common.states.datanode.RunningDatanodeState.lambda$execute$0(RunningDatanodeState.java:149)
	at java.util.concurrent.FutureTask.run(FutureTask.java:266)
	at java.util.concurrent.Executors$RunnableAdapter.call(Executors.java:511)
	at java.util.concurrent.FutureTask.run(FutureTask.java:266)
	at java.util.concurrent.ThreadPoolExecutor.runWorker(ThreadPoolExecutor.java:1149)
	at java.util.concurrent.ThreadPoolExecutor$Worker.run(ThreadPoolExecutor.java:624)
	... 1 more
2021-07-27 15:00:15,397 [Listener at 127.0.0.1/12788] INFO  ozone.MiniOzoneClusterImpl (MiniOzoneClusterImpl.java:lambda$waitForClusterToBeReady$0(235)) - Nodes are ready. Got 3 of 3 DN Heartbeats.
2021-07-27 15:00:15,397 [Listener at 127.0.0.1/12788] INFO  ozone.MiniOzoneClusterImpl (MiniOzoneClusterImpl.java:lambda$waitForClusterToBeReady$0(238)) - Waiting for cluster to exit safe mode
2021-07-27 15:00:15,397 [Listener at 127.0.0.1/12788] INFO  ozone.MiniOzoneClusterImpl (MiniOzoneClusterImpl.java:lambda$waitForClusterToBeReady$0(240)) - SCM became leader
2021-07-27 15:00:16,398 [Listener at 127.0.0.1/12788] INFO  ozone.MiniOzoneClusterImpl (MiniOzoneClusterImpl.java:lambda$waitForClusterToBeReady$0(235)) - Nodes are ready. Got 3 of 3 DN Heartbeats.
2021-07-27 15:00:16,398 [Listener at 127.0.0.1/12788] INFO  ozone.MiniOzoneClusterImpl (MiniOzoneClusterImpl.java:lambda$waitForClusterToBeReady$0(238)) - Waiting for cluster to exit safe mode
2021-07-27 15:00:16,399 [Listener at 127.0.0.1/12788] INFO  ozone.MiniOzoneClusterImpl (MiniOzoneClusterImpl.java:lambda$waitForClusterToBeReady$0(240)) - SCM became leader
2021-07-27 15:00:16,901 [43f332dd-3581-45f2-86c5-cce36549d707@group-5F5B1A469043-FollowerState] INFO  impl.FollowerState (FollowerState.java:run(134)) - 43f332dd-3581-45f2-86c5-cce36549d707@group-5F5B1A469043-FollowerState: change to CANDIDATE, lastRpcElapsedTime:5030512134ns, electionTimeout:5030ms
2021-07-27 15:00:16,902 [43f332dd-3581-45f2-86c5-cce36549d707@group-5F5B1A469043-FollowerState] INFO  impl.RoleInfo (RoleInfo.java:shutdownFollowerState(108)) - 43f332dd-3581-45f2-86c5-cce36549d707: shutdown 43f332dd-3581-45f2-86c5-cce36549d707@group-5F5B1A469043-FollowerState
2021-07-27 15:00:16,902 [43f332dd-3581-45f2-86c5-cce36549d707@group-5F5B1A469043-FollowerState] INFO  server.RaftServer$Division (RaftServerImpl.java:setRole(285)) - 43f332dd-3581-45f2-86c5-cce36549d707@group-5F5B1A469043: changes role from  FOLLOWER to CANDIDATE at term 0 for changeToCandidate
2021-07-27 15:00:16,902 [43f332dd-3581-45f2-86c5-cce36549d707@group-5F5B1A469043-FollowerState] INFO  server.RaftServerConfigKeys (ConfUtils.java:logGet(44)) - raft.server.leaderelection.pre-vote = false (custom)
2021-07-27 15:00:16,902 [43f332dd-3581-45f2-86c5-cce36549d707@group-5F5B1A469043-FollowerState] INFO  impl.RoleInfo (RoleInfo.java:updateAndGet(130)) - 43f332dd-3581-45f2-86c5-cce36549d707: start 43f332dd-3581-45f2-86c5-cce36549d707@group-5F5B1A469043-LeaderElection4
2021-07-27 15:00:16,911 [43f332dd-3581-45f2-86c5-cce36549d707@group-5F5B1A469043-LeaderElection4] INFO  impl.LeaderElection (LeaderElection.java:askForVotes(306)) - 43f332dd-3581-45f2-86c5-cce36549d707@group-5F5B1A469043-LeaderElection4 ELECTION round 0: submit vote requests at term 1 for -1: [43f332dd-3581-45f2-86c5-cce36549d707|rpc:127.0.0.1:37911|priority:0, 86d9546c-cd65-42b3-a7f1-5b54ee2fc6d0|rpc:127.0.0.1:45791|priority:0, 0f3e4899-df55-4e14-9f73-38fb9ca0f37c|rpc:127.0.0.1:42961|priority:1], old=null
2021-07-27 15:00:16,925 [43f332dd-3581-45f2-86c5-cce36549d707@group-90FD39818CEA-FollowerState] INFO  impl.FollowerState (FollowerState.java:run(134)) - 43f332dd-3581-45f2-86c5-cce36549d707@group-90FD39818CEA-FollowerState: change to CANDIDATE, lastRpcElapsedTime:5090631747ns, electionTimeout:5086ms
2021-07-27 15:00:16,925 [43f332dd-3581-45f2-86c5-cce36549d707@group-90FD39818CEA-FollowerState] INFO  impl.RoleInfo (RoleInfo.java:shutdownFollowerState(108)) - 43f332dd-3581-45f2-86c5-cce36549d707: shutdown 43f332dd-3581-45f2-86c5-cce36549d707@group-90FD39818CEA-FollowerState
2021-07-27 15:00:16,925 [43f332dd-3581-45f2-86c5-cce36549d707@group-90FD39818CEA-FollowerState] INFO  server.RaftServer$Division (RaftServerImpl.java:setRole(285)) - 43f332dd-3581-45f2-86c5-cce36549d707@group-90FD39818CEA: changes role from  FOLLOWER to CANDIDATE at term 0 for changeToCandidate
2021-07-27 15:00:16,925 [43f332dd-3581-45f2-86c5-cce36549d707@group-90FD39818CEA-FollowerState] INFO  server.RaftServerConfigKeys (ConfUtils.java:logGet(44)) - raft.server.leaderelection.pre-vote = false (custom)
2021-07-27 15:00:16,925 [43f332dd-3581-45f2-86c5-cce36549d707@group-90FD39818CEA-FollowerState] INFO  impl.RoleInfo (RoleInfo.java:updateAndGet(130)) - 43f332dd-3581-45f2-86c5-cce36549d707: start 43f332dd-3581-45f2-86c5-cce36549d707@group-90FD39818CEA-LeaderElection5
2021-07-27 15:00:16,934 [grpc-default-executor-0] INFO  server.RaftServer$Division (RaftServerImpl.java:requestVote(1043)) - 0f3e4899-df55-4e14-9f73-38fb9ca0f37c@group-5F5B1A469043: receive requestVote(ELECTION, 43f332dd-3581-45f2-86c5-cce36549d707, group-5F5B1A469043, 1, (t:0, i:0))
2021-07-27 15:00:16,936 [grpc-default-executor-0] INFO  impl.VoteContext (VoteContext.java:log(48)) - 0f3e4899-df55-4e14-9f73-38fb9ca0f37c@group-5F5B1A469043-FOLLOWER: reject ELECTION from 43f332dd-3581-45f2-86c5-cce36549d707: our priority 1 > candidate's priority 0
2021-07-27 15:00:16,936 [grpc-default-executor-0] INFO  server.RaftServer$Division (RaftServerImpl.java:setRole(285)) - 0f3e4899-df55-4e14-9f73-38fb9ca0f37c@group-5F5B1A469043: changes role from  FOLLOWER to FOLLOWER at term 1 for candidate:43f332dd-3581-45f2-86c5-cce36549d707
2021-07-27 15:00:16,936 [grpc-default-executor-0] INFO  impl.RoleInfo (RoleInfo.java:shutdownFollowerState(108)) - 0f3e4899-df55-4e14-9f73-38fb9ca0f37c: shutdown 0f3e4899-df55-4e14-9f73-38fb9ca0f37c@group-5F5B1A469043-FollowerState
2021-07-27 15:00:16,936 [grpc-default-executor-0] INFO  impl.RoleInfo (RoleInfo.java:updateAndGet(130)) - 0f3e4899-df55-4e14-9f73-38fb9ca0f37c: start 0f3e4899-df55-4e14-9f73-38fb9ca0f37c@group-5F5B1A469043-FollowerState
2021-07-27 15:00:16,936 [0f3e4899-df55-4e14-9f73-38fb9ca0f37c@group-5F5B1A469043-FollowerState] INFO  impl.FollowerState (FollowerState.java:run(143)) - 0f3e4899-df55-4e14-9f73-38fb9ca0f37c@group-5F5B1A469043-FollowerState was interrupted: {}
java.lang.InterruptedException: sleep interrupted
	at java.lang.Thread.sleep(Native Method)
	at java.lang.Thread.sleep(Thread.java:340)
	at java.util.concurrent.TimeUnit.sleep(TimeUnit.java:386)
	at org.apache.ratis.util.TimeDuration.sleep(TimeDuration.java:324)
	at org.apache.ratis.util.TimeDuration.sleep(TimeDuration.java:309)
	at org.apache.ratis.server.impl.FollowerState.run(FollowerState.java:118)
2021-07-27 15:00:16,943 [grpc-default-executor-0] INFO  server.RaftServer$Division (RaftServerImpl.java:requestVote(1075)) - 0f3e4899-df55-4e14-9f73-38fb9ca0f37c@group-5F5B1A469043 replies to ELECTION vote request: 43f332dd-3581-45f2-86c5-cce36549d707<-0f3e4899-df55-4e14-9f73-38fb9ca0f37c#0:FAIL-t1. Peer's state: 0f3e4899-df55-4e14-9f73-38fb9ca0f37c@group-5F5B1A469043:t1, leader=null, voted=null, raftlog=0f3e4899-df55-4e14-9f73-38fb9ca0f37c@group-5F5B1A469043-SegmentedRaftLog:OPENED:c-1,f-1,i0, conf=-1: [43f332dd-3581-45f2-86c5-cce36549d707|rpc:127.0.0.1:37911|dataStream:|priority:0, 86d9546c-cd65-42b3-a7f1-5b54ee2fc6d0|rpc:127.0.0.1:45791|dataStream:|priority:0, 0f3e4899-df55-4e14-9f73-38fb9ca0f37c|rpc:127.0.0.1:42961|dataStream:|priority:1], old=null
2021-07-27 15:00:16,945 [grpc-default-executor-2] INFO  server.RaftServer$Division (RaftServerImpl.java:requestVote(1043)) - 86d9546c-cd65-42b3-a7f1-5b54ee2fc6d0@group-5F5B1A469043: receive requestVote(ELECTION, 43f332dd-3581-45f2-86c5-cce36549d707, group-5F5B1A469043, 1, (t:0, i:0))
2021-07-27 15:00:16,945 [grpc-default-executor-2] INFO  impl.VoteContext (VoteContext.java:log(48)) - 86d9546c-cd65-42b3-a7f1-5b54ee2fc6d0@group-5F5B1A469043-FOLLOWER: accept ELECTION from 43f332dd-3581-45f2-86c5-cce36549d707: our priority 0 <= candidate's priority 0
2021-07-27 15:00:16,946 [grpc-default-executor-2] INFO  server.RaftServer$Division (RaftServerImpl.java:setRole(285)) - 86d9546c-cd65-42b3-a7f1-5b54ee2fc6d0@group-5F5B1A469043: changes role from  FOLLOWER to FOLLOWER at term 1 for candidate:43f332dd-3581-45f2-86c5-cce36549d707
2021-07-27 15:00:16,946 [grpc-default-executor-2] INFO  impl.RoleInfo (RoleInfo.java:shutdownFollowerState(108)) - 86d9546c-cd65-42b3-a7f1-5b54ee2fc6d0: shutdown 86d9546c-cd65-42b3-a7f1-5b54ee2fc6d0@group-5F5B1A469043-FollowerState
2021-07-27 15:00:16,946 [grpc-default-executor-2] INFO  impl.RoleInfo (RoleInfo.java:updateAndGet(130)) - 86d9546c-cd65-42b3-a7f1-5b54ee2fc6d0: start 86d9546c-cd65-42b3-a7f1-5b54ee2fc6d0@group-5F5B1A469043-FollowerState
2021-07-27 15:00:16,946 [86d9546c-cd65-42b3-a7f1-5b54ee2fc6d0@group-5F5B1A469043-FollowerState] INFO  impl.FollowerState (FollowerState.java:run(143)) - 86d9546c-cd65-42b3-a7f1-5b54ee2fc6d0@group-5F5B1A469043-FollowerState was interrupted: {}
java.lang.InterruptedException: sleep interrupted
	at java.lang.Thread.sleep(Native Method)
	at java.lang.Thread.sleep(Thread.java:340)
	at java.util.concurrent.TimeUnit.sleep(TimeUnit.java:386)
	at org.apache.ratis.util.TimeDuration.sleep(TimeDuration.java:324)
	at org.apache.ratis.util.TimeDuration.sleep(TimeDuration.java:309)
	at org.apache.ratis.server.impl.FollowerState.run(FollowerState.java:118)
2021-07-27 15:00:16,951 [43f332dd-3581-45f2-86c5-cce36549d707@group-5F5B1A469043-LeaderElection4] INFO  impl.LeaderElection (LeaderElection.java:logAndReturn(89)) - 43f332dd-3581-45f2-86c5-cce36549d707@group-5F5B1A469043-LeaderElection4: ELECTION REJECTED received 1 response(s) and 0 exception(s):
2021-07-27 15:00:16,951 [43f332dd-3581-45f2-86c5-cce36549d707@group-5F5B1A469043-LeaderElection4] INFO  impl.LeaderElection (LeaderElection.java:logAndReturn(93)) -   Response 0: 43f332dd-3581-45f2-86c5-cce36549d707<-0f3e4899-df55-4e14-9f73-38fb9ca0f37c#0:FAIL-t1
2021-07-27 15:00:16,951 [43f332dd-3581-45f2-86c5-cce36549d707@group-5F5B1A469043-LeaderElection4] INFO  impl.LeaderElection (LeaderElection.java:askForVotes(308)) - 43f332dd-3581-45f2-86c5-cce36549d707@group-5F5B1A469043-LeaderElection4 ELECTION round 0: result REJECTED
2021-07-27 15:00:16,951 [43f332dd-3581-45f2-86c5-cce36549d707@group-5F5B1A469043-LeaderElection4] INFO  server.RaftServer$Division (RaftServerImpl.java:setRole(285)) - 43f332dd-3581-45f2-86c5-cce36549d707@group-5F5B1A469043: changes role from CANDIDATE to FOLLOWER at term 1 for REJECTED
2021-07-27 15:00:16,951 [43f332dd-3581-45f2-86c5-cce36549d707@group-5F5B1A469043-LeaderElection4] INFO  impl.RoleInfo (RoleInfo.java:shutdownLeaderElection(121)) - 43f332dd-3581-45f2-86c5-cce36549d707: shutdown 43f332dd-3581-45f2-86c5-cce36549d707@group-5F5B1A469043-LeaderElection4
2021-07-27 15:00:16,952 [43f332dd-3581-45f2-86c5-cce36549d707@group-5F5B1A469043-LeaderElection4] INFO  impl.RoleInfo (RoleInfo.java:updateAndGet(130)) - 43f332dd-3581-45f2-86c5-cce36549d707: start 43f332dd-3581-45f2-86c5-cce36549d707@group-5F5B1A469043-FollowerState
2021-07-27 15:00:16,952 [grpc-default-executor-2] INFO  server.RaftServer$Division (RaftServerImpl.java:requestVote(1075)) - 86d9546c-cd65-42b3-a7f1-5b54ee2fc6d0@group-5F5B1A469043 replies to ELECTION vote request: 43f332dd-3581-45f2-86c5-cce36549d707<-86d9546c-cd65-42b3-a7f1-5b54ee2fc6d0#0:OK-t1. Peer's state: 86d9546c-cd65-42b3-a7f1-5b54ee2fc6d0@group-5F5B1A469043:t1, leader=null, voted=43f332dd-3581-45f2-86c5-cce36549d707, raftlog=86d9546c-cd65-42b3-a7f1-5b54ee2fc6d0@group-5F5B1A469043-SegmentedRaftLog:OPENED:c-1,f-1,i0, conf=-1: [43f332dd-3581-45f2-86c5-cce36549d707|rpc:127.0.0.1:37911|dataStream:|priority:0, 86d9546c-cd65-42b3-a7f1-5b54ee2fc6d0|rpc:127.0.0.1:45791|dataStream:|priority:0, 0f3e4899-df55-4e14-9f73-38fb9ca0f37c|rpc:127.0.0.1:42961|dataStream:|priority:1], old=null
2021-07-27 15:00:16,955 [43f332dd-3581-45f2-86c5-cce36549d707@group-90FD39818CEA-LeaderElection5] INFO  impl.LeaderElection (LeaderElection.java:askForVotes(306)) - 43f332dd-3581-45f2-86c5-cce36549d707@group-90FD39818CEA-LeaderElection5 ELECTION round 0: submit vote requests at term 1 for -1: [43f332dd-3581-45f2-86c5-cce36549d707|rpc:127.0.0.1:37911|priority:1], old=null
2021-07-27 15:00:16,955 [43f332dd-3581-45f2-86c5-cce36549d707@group-90FD39818CEA-LeaderElection5] INFO  impl.LeaderElection (LeaderElection.java:askForVotes(308)) - 43f332dd-3581-45f2-86c5-cce36549d707@group-90FD39818CEA-LeaderElection5 ELECTION round 0: result PASSED (term=1)
2021-07-27 15:00:16,955 [43f332dd-3581-45f2-86c5-cce36549d707@group-90FD39818CEA-LeaderElection5] INFO  impl.RoleInfo (RoleInfo.java:shutdownLeaderElection(121)) - 43f332dd-3581-45f2-86c5-cce36549d707: shutdown 43f332dd-3581-45f2-86c5-cce36549d707@group-90FD39818CEA-LeaderElection5
2021-07-27 15:00:16,955 [43f332dd-3581-45f2-86c5-cce36549d707@group-90FD39818CEA-LeaderElection5] INFO  server.RaftServer$Division (RaftServerImpl.java:setRole(285)) - 43f332dd-3581-45f2-86c5-cce36549d707@group-90FD39818CEA: changes role from CANDIDATE to LEADER at term 1 for changeToLeader
2021-07-27 15:00:16,955 [43f332dd-3581-45f2-86c5-cce36549d707@group-90FD39818CEA-LeaderElection5] INFO  ratis.XceiverServerRatis (XceiverServerRatis.java:handleLeaderChangedNotification(857)) - Leader change notification received for group: group-90FD39818CEA with new leaderId: 43f332dd-3581-45f2-86c5-cce36549d707
2021-07-27 15:00:16,956 [43f332dd-3581-45f2-86c5-cce36549d707@group-90FD39818CEA-LeaderElection5] INFO  server.RaftServer$Division (ServerState.java:setLeader(285)) - 43f332dd-3581-45f2-86c5-cce36549d707@group-90FD39818CEA: change Leader from null to 43f332dd-3581-45f2-86c5-cce36549d707 at term 1 for becomeLeader, leader elected after 5161ms
2021-07-27 15:00:16,956 [43f332dd-3581-45f2-86c5-cce36549d707@group-90FD39818CEA-LeaderElection5] INFO  server.RaftServerConfigKeys (ConfUtils.java:logGet(44)) - raft.server.staging.catchup.gap = 1000 (default)
2021-07-27 15:00:16,957 [43f332dd-3581-45f2-86c5-cce36549d707@group-90FD39818CEA-LeaderElection5] INFO  server.RaftServerConfigKeys (ConfUtils.java:logGet(44)) - raft.server.write.element-limit = 1024 (custom)
2021-07-27 15:00:16,957 [43f332dd-3581-45f2-86c5-cce36549d707@group-90FD39818CEA-LeaderElection5] INFO  server.RaftServerConfigKeys (ConfUtils.java:logGet(44)) - raft.server.write.byte-limit = 1073741824 (custom)
2021-07-27 15:00:16,957 [43f332dd-3581-45f2-86c5-cce36549d707@group-90FD39818CEA-LeaderElection5] INFO  server.RaftServerConfigKeys (ConfUtils.java:logGet(44)) - raft.server.watch.timeout = 180s (custom)
2021-07-27 15:00:16,957 [EventQueue-OpenPipelineForHealthyPipelineSafeModeRule] INFO  safemode.SCMSafeModeManager (HealthyPipelineSafeModeRule.java:process(124)) - SCM in safe mode. Healthy pipelines reported count is 0, required healthy pipeline reported count is 1
2021-07-27 15:00:16,958 [EventQueue-OpenPipelineForHealthyPipelineSafeModeRule] INFO  safemode.SCMSafeModeManager (HealthyPipelineSafeModeRule.java:process(124)) - SCM in safe mode. Healthy pipelines reported count is 0, required healthy pipeline reported count is 1
2021-07-27 15:00:16,957 [43f332dd-3581-45f2-86c5-cce36549d707@group-90FD39818CEA-LeaderElection5] INFO  server.RaftServerConfigKeys (ConfUtils.java:logGet(44)) - raft.server.watch.timeout.denomination = 1s (default)
2021-07-27 15:00:16,958 [43f332dd-3581-45f2-86c5-cce36549d707@group-90FD39818CEA-LeaderElection5] INFO  server.RaftServerConfigKeys (ConfUtils.java:logGet(44)) - raft.server.watch.element-limit = 65536 (default)
2021-07-27 15:00:16,959 [43f332dd-3581-45f2-86c5-cce36549d707@group-90FD39818CEA-LeaderElection5] INFO  impl.RoleInfo (RoleInfo.java:updateAndGet(130)) - 43f332dd-3581-45f2-86c5-cce36549d707: start 43f332dd-3581-45f2-86c5-cce36549d707@group-90FD39818CEA-LeaderStateImpl
2021-07-27 15:00:16,959 [43f332dd-3581-45f2-86c5-cce36549d707@group-90FD39818CEA-LeaderElection5] INFO  segmented.SegmentedRaftLogWorker (SegmentedRaftLogWorker.java:startLogSegment(394)) - 43f332dd-3581-45f2-86c5-cce36549d707@group-90FD39818CEA-SegmentedRaftLogWorker: Starting segment from index:0
2021-07-27 15:00:16,960 [43f332dd-3581-45f2-86c5-cce36549d707@group-90FD39818CEA-SegmentedRaftLogWorker] INFO  segmented.SegmentedRaftLogWorker (SegmentedRaftLogWorker.java:execute(601)) - 43f332dd-3581-45f2-86c5-cce36549d707@group-90FD39818CEA-SegmentedRaftLogWorker: created new log segment /home/runner/work/ozone/ozone/mnt/ozone/hadoop-ozone/integration-test/target/test-dir/MiniOzoneClusterImpl-1c236c99-c7c8-4b90-98b3-6d50a358b8d8/datanode-0/data/ratis/e92791b6-34b8-485c-b3ad-90fd39818cea/current/log_inprogress_0
2021-07-27 15:00:16,966 [43f332dd-3581-45f2-86c5-cce36549d707@group-90FD39818CEA-LeaderElection5] INFO  server.RaftServer$Division (ServerState.java:setRaftConf(387)) - 43f332dd-3581-45f2-86c5-cce36549d707@group-90FD39818CEA: set configuration 0: [43f332dd-3581-45f2-86c5-cce36549d707|rpc:127.0.0.1:37911|dataStream:|priority:1], old=null
2021-07-27 15:00:17,076 [0f3e4899-df55-4e14-9f73-38fb9ca0f37c@group-97E4151B2859-FollowerState] INFO  impl.FollowerState (FollowerState.java:run(134)) - 0f3e4899-df55-4e14-9f73-38fb9ca0f37c@group-97E4151B2859-FollowerState: change to CANDIDATE, lastRpcElapsedTime:5010671993ns, electionTimeout:5006ms
2021-07-27 15:00:17,077 [0f3e4899-df55-4e14-9f73-38fb9ca0f37c@group-97E4151B2859-FollowerState] INFO  impl.RoleInfo (RoleInfo.java:shutdownFollowerState(108)) - 0f3e4899-df55-4e14-9f73-38fb9ca0f37c: shutdown 0f3e4899-df55-4e14-9f73-38fb9ca0f37c@group-97E4151B2859-FollowerState
2021-07-27 15:00:17,077 [0f3e4899-df55-4e14-9f73-38fb9ca0f37c@group-97E4151B2859-FollowerState] INFO  server.RaftServer$Division (RaftServerImpl.java:setRole(285)) - 0f3e4899-df55-4e14-9f73-38fb9ca0f37c@group-97E4151B2859: changes role from  FOLLOWER to CANDIDATE at term 0 for changeToCandidate
2021-07-27 15:00:17,077 [0f3e4899-df55-4e14-9f73-38fb9ca0f37c@group-97E4151B2859-FollowerState] INFO  server.RaftServerConfigKeys (ConfUtils.java:logGet(44)) - raft.server.leaderelection.pre-vote = false (custom)
2021-07-27 15:00:17,077 [0f3e4899-df55-4e14-9f73-38fb9ca0f37c@group-97E4151B2859-FollowerState] INFO  impl.RoleInfo (RoleInfo.java:updateAndGet(130)) - 0f3e4899-df55-4e14-9f73-38fb9ca0f37c: start 0f3e4899-df55-4e14-9f73-38fb9ca0f37c@group-97E4151B2859-LeaderElection6
2021-07-27 15:00:17,080 [0f3e4899-df55-4e14-9f73-38fb9ca0f37c@group-97E4151B2859-LeaderElection6] INFO  impl.LeaderElection (LeaderElection.java:askForVotes(306)) - 0f3e4899-df55-4e14-9f73-38fb9ca0f37c@group-97E4151B2859-LeaderElection6 ELECTION round 0: submit vote requests at term 1 for -1: [43f332dd-3581-45f2-86c5-cce36549d707|rpc:127.0.0.1:37911|dataStream:|priority:1, 86d9546c-cd65-42b3-a7f1-5b54ee2fc6d0|rpc:127.0.0.1:45791|dataStream:|priority:0, 0f3e4899-df55-4e14-9f73-38fb9ca0f37c|rpc:127.0.0.1:42961|dataStream:|priority:0], old=null
2021-07-27 15:00:17,094 [grpc-default-executor-0] INFO  server.RaftServer$Division (RaftServerImpl.java:requestVote(1043)) - 86d9546c-cd65-42b3-a7f1-5b54ee2fc6d0@group-97E4151B2859: receive requestVote(ELECTION, 0f3e4899-df55-4e14-9f73-38fb9ca0f37c, group-97E4151B2859, 1, (t:0, i:0))
2021-07-27 15:00:17,094 [grpc-default-executor-0] INFO  impl.VoteContext (VoteContext.java:log(48)) - 86d9546c-cd65-42b3-a7f1-5b54ee2fc6d0@group-97E4151B2859-FOLLOWER: accept ELECTION from 0f3e4899-df55-4e14-9f73-38fb9ca0f37c: our priority 0 <= candidate's priority 0
2021-07-27 15:00:17,094 [grpc-default-executor-0] INFO  server.RaftServer$Division (RaftServerImpl.java:setRole(285)) - 86d9546c-cd65-42b3-a7f1-5b54ee2fc6d0@group-97E4151B2859: changes role from  FOLLOWER to FOLLOWER at term 1 for candidate:0f3e4899-df55-4e14-9f73-38fb9ca0f37c
2021-07-27 15:00:17,094 [grpc-default-executor-0] INFO  impl.RoleInfo (RoleInfo.java:shutdownFollowerState(108)) - 86d9546c-cd65-42b3-a7f1-5b54ee2fc6d0: shutdown 86d9546c-cd65-42b3-a7f1-5b54ee2fc6d0@group-97E4151B2859-FollowerState
2021-07-27 15:00:17,094 [grpc-default-executor-0] INFO  impl.RoleInfo (RoleInfo.java:updateAndGet(130)) - 86d9546c-cd65-42b3-a7f1-5b54ee2fc6d0: start 86d9546c-cd65-42b3-a7f1-5b54ee2fc6d0@group-97E4151B2859-FollowerState
2021-07-27 15:00:17,094 [86d9546c-cd65-42b3-a7f1-5b54ee2fc6d0@group-97E4151B2859-FollowerState] INFO  impl.FollowerState (FollowerState.java:run(143)) - 86d9546c-cd65-42b3-a7f1-5b54ee2fc6d0@group-97E4151B2859-FollowerState was interrupted: {}
java.lang.InterruptedException: sleep interrupted
	at java.lang.Thread.sleep(Native Method)
	at java.lang.Thread.sleep(Thread.java:340)
	at java.util.concurrent.TimeUnit.sleep(TimeUnit.java:386)
	at org.apache.ratis.util.TimeDuration.sleep(TimeDuration.java:324)
	at org.apache.ratis.util.TimeDuration.sleep(TimeDuration.java:309)
	at org.apache.ratis.server.impl.FollowerState.run(FollowerState.java:118)
2021-07-27 15:00:17,102 [grpc-default-executor-0] INFO  server.RaftServer$Division (RaftServerImpl.java:requestVote(1075)) - 86d9546c-cd65-42b3-a7f1-5b54ee2fc6d0@group-97E4151B2859 replies to ELECTION vote request: 0f3e4899-df55-4e14-9f73-38fb9ca0f37c<-86d9546c-cd65-42b3-a7f1-5b54ee2fc6d0#0:OK-t1. Peer's state: 86d9546c-cd65-42b3-a7f1-5b54ee2fc6d0@group-97E4151B2859:t1, leader=null, voted=0f3e4899-df55-4e14-9f73-38fb9ca0f37c, raftlog=86d9546c-cd65-42b3-a7f1-5b54ee2fc6d0@group-97E4151B2859-SegmentedRaftLog:OPENED:c-1,f-1,i0, conf=-1: [43f332dd-3581-45f2-86c5-cce36549d707|rpc:127.0.0.1:37911|dataStream:|priority:1, 86d9546c-cd65-42b3-a7f1-5b54ee2fc6d0|rpc:127.0.0.1:45791|dataStream:|priority:0, 0f3e4899-df55-4e14-9f73-38fb9ca0f37c|rpc:127.0.0.1:42961|dataStream:|priority:0], old=null
2021-07-27 15:00:17,107 [grpc-default-executor-0] INFO  server.RaftServer$Division (RaftServerImpl.java:requestVote(1043)) - 43f332dd-3581-45f2-86c5-cce36549d707@group-97E4151B2859: receive requestVote(ELECTION, 0f3e4899-df55-4e14-9f73-38fb9ca0f37c, group-97E4151B2859, 1, (t:0, i:0))
2021-07-27 15:00:17,107 [grpc-default-executor-0] INFO  impl.VoteContext (VoteContext.java:log(48)) - 43f332dd-3581-45f2-86c5-cce36549d707@group-97E4151B2859-FOLLOWER: reject ELECTION from 0f3e4899-df55-4e14-9f73-38fb9ca0f37c: our priority 1 > candidate's priority 0
2021-07-27 15:00:17,107 [grpc-default-executor-0] INFO  server.RaftServer$Division (RaftServerImpl.java:setRole(285)) - 43f332dd-3581-45f2-86c5-cce36549d707@group-97E4151B2859: changes role from  FOLLOWER to FOLLOWER at term 1 for candidate:0f3e4899-df55-4e14-9f73-38fb9ca0f37c
2021-07-27 15:00:17,107 [grpc-default-executor-0] INFO  impl.RoleInfo (RoleInfo.java:shutdownFollowerState(108)) - 43f332dd-3581-45f2-86c5-cce36549d707: shutdown 43f332dd-3581-45f2-86c5-cce36549d707@group-97E4151B2859-FollowerState
2021-07-27 15:00:17,108 [grpc-default-executor-0] INFO  impl.RoleInfo (RoleInfo.java:updateAndGet(130)) - 43f332dd-3581-45f2-86c5-cce36549d707: start 43f332dd-3581-45f2-86c5-cce36549d707@group-97E4151B2859-FollowerState
2021-07-27 15:00:17,108 [43f332dd-3581-45f2-86c5-cce36549d707@group-97E4151B2859-FollowerState] INFO  impl.FollowerState (FollowerState.java:run(143)) - 43f332dd-3581-45f2-86c5-cce36549d707@group-97E4151B2859-FollowerState was interrupted: {}
java.lang.InterruptedException: sleep interrupted
	at java.lang.Thread.sleep(Native Method)
	at java.lang.Thread.sleep(Thread.java:340)
	at java.util.concurrent.TimeUnit.sleep(TimeUnit.java:386)
	at org.apache.ratis.util.TimeDuration.sleep(TimeDuration.java:324)
	at org.apache.ratis.util.TimeDuration.sleep(TimeDuration.java:309)
	at org.apache.ratis.server.impl.FollowerState.run(FollowerState.java:118)
2021-07-27 15:00:17,114 [grpc-default-executor-0] INFO  server.RaftServer$Division (RaftServerImpl.java:requestVote(1075)) - 43f332dd-3581-45f2-86c5-cce36549d707@group-97E4151B2859 replies to ELECTION vote request: 0f3e4899-df55-4e14-9f73-38fb9ca0f37c<-43f332dd-3581-45f2-86c5-cce36549d707#0:FAIL-t1. Peer's state: 43f332dd-3581-45f2-86c5-cce36549d707@group-97E4151B2859:t1, leader=null, voted=null, raftlog=43f332dd-3581-45f2-86c5-cce36549d707@group-97E4151B2859-SegmentedRaftLog:OPENED:c-1,f-1,i0, conf=-1: [43f332dd-3581-45f2-86c5-cce36549d707|rpc:127.0.0.1:37911|priority:1, 86d9546c-cd65-42b3-a7f1-5b54ee2fc6d0|rpc:127.0.0.1:45791|priority:0, 0f3e4899-df55-4e14-9f73-38fb9ca0f37c|rpc:127.0.0.1:42961|priority:0], old=null
2021-07-27 15:00:17,118 [0f3e4899-df55-4e14-9f73-38fb9ca0f37c@group-97E4151B2859-LeaderElection6] INFO  impl.LeaderElection (LeaderElection.java:logAndReturn(89)) - 0f3e4899-df55-4e14-9f73-38fb9ca0f37c@group-97E4151B2859-LeaderElection6: ELECTION REJECTED received 2 response(s) and 0 exception(s):
2021-07-27 15:00:17,118 [0f3e4899-df55-4e14-9f73-38fb9ca0f37c@group-97E4151B2859-LeaderElection6] INFO  impl.LeaderElection (LeaderElection.java:logAndReturn(93)) -   Response 0: 0f3e4899-df55-4e14-9f73-38fb9ca0f37c<-43f332dd-3581-45f2-86c5-cce36549d707#0:FAIL-t1
2021-07-27 15:00:17,118 [0f3e4899-df55-4e14-9f73-38fb9ca0f37c@group-97E4151B2859-LeaderElection6] INFO  impl.LeaderElection (LeaderElection.java:logAndReturn(93)) -   Response 1: 0f3e4899-df55-4e14-9f73-38fb9ca0f37c<-86d9546c-cd65-42b3-a7f1-5b54ee2fc6d0#0:OK-t1
2021-07-27 15:00:17,118 [0f3e4899-df55-4e14-9f73-38fb9ca0f37c@group-97E4151B2859-LeaderElection6] INFO  impl.LeaderElection (LeaderElection.java:askForVotes(308)) - 0f3e4899-df55-4e14-9f73-38fb9ca0f37c@group-97E4151B2859-LeaderElection6 ELECTION round 0: result REJECTED
2021-07-27 15:00:17,119 [0f3e4899-df55-4e14-9f73-38fb9ca0f37c@group-97E4151B2859-LeaderElection6] INFO  server.RaftServer$Division (RaftServerImpl.java:setRole(285)) - 0f3e4899-df55-4e14-9f73-38fb9ca0f37c@group-97E4151B2859: changes role from CANDIDATE to FOLLOWER at term 1 for REJECTED
2021-07-27 15:00:17,119 [0f3e4899-df55-4e14-9f73-38fb9ca0f37c@group-97E4151B2859-LeaderElection6] INFO  impl.RoleInfo (RoleInfo.java:shutdownLeaderElection(121)) - 0f3e4899-df55-4e14-9f73-38fb9ca0f37c: shutdown 0f3e4899-df55-4e14-9f73-38fb9ca0f37c@group-97E4151B2859-LeaderElection6
2021-07-27 15:00:17,119 [0f3e4899-df55-4e14-9f73-38fb9ca0f37c@group-97E4151B2859-LeaderElection6] INFO  impl.RoleInfo (RoleInfo.java:updateAndGet(130)) - 0f3e4899-df55-4e14-9f73-38fb9ca0f37c: start 0f3e4899-df55-4e14-9f73-38fb9ca0f37c@group-97E4151B2859-FollowerState
2021-07-27 15:00:17,163 [0f3e4899-df55-4e14-9f73-38fb9ca0f37c@group-304E7AEC1FB7-FollowerState] INFO  impl.FollowerState (FollowerState.java:run(134)) - 0f3e4899-df55-4e14-9f73-38fb9ca0f37c@group-304E7AEC1FB7-FollowerState: change to CANDIDATE, lastRpcElapsedTime:5016740832ns, electionTimeout:5015ms
2021-07-27 15:00:17,164 [0f3e4899-df55-4e14-9f73-38fb9ca0f37c@group-304E7AEC1FB7-FollowerState] INFO  impl.RoleInfo (RoleInfo.java:shutdownFollowerState(108)) - 0f3e4899-df55-4e14-9f73-38fb9ca0f37c: shutdown 0f3e4899-df55-4e14-9f73-38fb9ca0f37c@group-304E7AEC1FB7-FollowerState
2021-07-27 15:00:17,164 [0f3e4899-df55-4e14-9f73-38fb9ca0f37c@group-304E7AEC1FB7-FollowerState] INFO  server.RaftServer$Division (RaftServerImpl.java:setRole(285)) - 0f3e4899-df55-4e14-9f73-38fb9ca0f37c@group-304E7AEC1FB7: changes role from  FOLLOWER to CANDIDATE at term 0 for changeToCandidate
2021-07-27 15:00:17,164 [0f3e4899-df55-4e14-9f73-38fb9ca0f37c@group-304E7AEC1FB7-FollowerState] INFO  server.RaftServerConfigKeys (ConfUtils.java:logGet(44)) - raft.server.leaderelection.pre-vote = false (custom)
2021-07-27 15:00:17,164 [0f3e4899-df55-4e14-9f73-38fb9ca0f37c@group-304E7AEC1FB7-FollowerState] INFO  impl.RoleInfo (RoleInfo.java:updateAndGet(130)) - 0f3e4899-df55-4e14-9f73-38fb9ca0f37c: start 0f3e4899-df55-4e14-9f73-38fb9ca0f37c@group-304E7AEC1FB7-LeaderElection7
2021-07-27 15:00:17,167 [0f3e4899-df55-4e14-9f73-38fb9ca0f37c@group-304E7AEC1FB7-LeaderElection7] INFO  impl.LeaderElection (LeaderElection.java:askForVotes(306)) - 0f3e4899-df55-4e14-9f73-38fb9ca0f37c@group-304E7AEC1FB7-LeaderElection7 ELECTION round 0: submit vote requests at term 1 for -1: [0f3e4899-df55-4e14-9f73-38fb9ca0f37c|rpc:127.0.0.1:42961|priority:1], old=null
2021-07-27 15:00:17,167 [0f3e4899-df55-4e14-9f73-38fb9ca0f37c@group-304E7AEC1FB7-LeaderElection7] INFO  impl.LeaderElection (LeaderElection.java:askForVotes(308)) - 0f3e4899-df55-4e14-9f73-38fb9ca0f37c@group-304E7AEC1FB7-LeaderElection7 ELECTION round 0: result PASSED (term=1)
2021-07-27 15:00:17,167 [0f3e4899-df55-4e14-9f73-38fb9ca0f37c@group-304E7AEC1FB7-LeaderElection7] INFO  impl.RoleInfo (RoleInfo.java:shutdownLeaderElection(121)) - 0f3e4899-df55-4e14-9f73-38fb9ca0f37c: shutdown 0f3e4899-df55-4e14-9f73-38fb9ca0f37c@group-304E7AEC1FB7-LeaderElection7
2021-07-27 15:00:17,167 [0f3e4899-df55-4e14-9f73-38fb9ca0f37c@group-304E7AEC1FB7-LeaderElection7] INFO  server.RaftServer$Division (RaftServerImpl.java:setRole(285)) - 0f3e4899-df55-4e14-9f73-38fb9ca0f37c@group-304E7AEC1FB7: changes role from CANDIDATE to LEADER at term 1 for changeToLeader
2021-07-27 15:00:17,167 [0f3e4899-df55-4e14-9f73-38fb9ca0f37c@group-304E7AEC1FB7-LeaderElection7] INFO  ratis.XceiverServerRatis (XceiverServerRatis.java:handleLeaderChangedNotification(857)) - Leader change notification received for group: group-304E7AEC1FB7 with new leaderId: 0f3e4899-df55-4e14-9f73-38fb9ca0f37c
2021-07-27 15:00:17,168 [0f3e4899-df55-4e14-9f73-38fb9ca0f37c@group-304E7AEC1FB7-LeaderElection7] INFO  server.RaftServer$Division (ServerState.java:setLeader(285)) - 0f3e4899-df55-4e14-9f73-38fb9ca0f37c@group-304E7AEC1FB7: change Leader from null to 0f3e4899-df55-4e14-9f73-38fb9ca0f37c at term 1 for becomeLeader, leader elected after 5025ms
2021-07-27 15:00:17,168 [0f3e4899-df55-4e14-9f73-38fb9ca0f37c@group-304E7AEC1FB7-LeaderElection7] INFO  server.RaftServerConfigKeys (ConfUtils.java:logGet(44)) - raft.server.staging.catchup.gap = 1000 (default)
2021-07-27 15:00:17,168 [0f3e4899-df55-4e14-9f73-38fb9ca0f37c@group-304E7AEC1FB7-LeaderElection7] INFO  server.RaftServerConfigKeys (ConfUtils.java:logGet(44)) - raft.server.write.element-limit = 1024 (custom)
2021-07-27 15:00:17,168 [0f3e4899-df55-4e14-9f73-38fb9ca0f37c@group-304E7AEC1FB7-LeaderElection7] INFO  server.RaftServerConfigKeys (ConfUtils.java:logGet(44)) - raft.server.write.byte-limit = 1073741824 (custom)
2021-07-27 15:00:17,169 [0f3e4899-df55-4e14-9f73-38fb9ca0f37c@group-304E7AEC1FB7-LeaderElection7] INFO  server.RaftServerConfigKeys (ConfUtils.java:logGet(44)) - raft.server.watch.timeout = 180s (custom)
2021-07-27 15:00:17,169 [0f3e4899-df55-4e14-9f73-38fb9ca0f37c@group-304E7AEC1FB7-LeaderElection7] INFO  server.RaftServerConfigKeys (ConfUtils.java:logGet(44)) - raft.server.watch.timeout.denomination = 1s (default)
2021-07-27 15:00:17,169 [0f3e4899-df55-4e14-9f73-38fb9ca0f37c@group-304E7AEC1FB7-LeaderElection7] INFO  server.RaftServerConfigKeys (ConfUtils.java:logGet(44)) - raft.server.watch.element-limit = 65536 (default)
2021-07-27 15:00:17,169 [0f3e4899-df55-4e14-9f73-38fb9ca0f37c@group-304E7AEC1FB7-LeaderElection7] INFO  impl.RoleInfo (RoleInfo.java:updateAndGet(130)) - 0f3e4899-df55-4e14-9f73-38fb9ca0f37c: start 0f3e4899-df55-4e14-9f73-38fb9ca0f37c@group-304E7AEC1FB7-LeaderStateImpl
2021-07-27 15:00:17,169 [0f3e4899-df55-4e14-9f73-38fb9ca0f37c@group-304E7AEC1FB7-LeaderElection7] INFO  segmented.SegmentedRaftLogWorker (SegmentedRaftLogWorker.java:startLogSegment(394)) - 0f3e4899-df55-4e14-9f73-38fb9ca0f37c@group-304E7AEC1FB7-SegmentedRaftLogWorker: Starting segment from index:0
2021-07-27 15:00:17,170 [0f3e4899-df55-4e14-9f73-38fb9ca0f37c@group-304E7AEC1FB7-SegmentedRaftLogWorker] INFO  segmented.SegmentedRaftLogWorker (SegmentedRaftLogWorker.java:execute(601)) - 0f3e4899-df55-4e14-9f73-38fb9ca0f37c@group-304E7AEC1FB7-SegmentedRaftLogWorker: created new log segment /home/runner/work/ozone/ozone/mnt/ozone/hadoop-ozone/integration-test/target/test-dir/MiniOzoneClusterImpl-1c236c99-c7c8-4b90-98b3-6d50a358b8d8/datanode-1/data/ratis/b5adc310-a965-4920-b6cd-304e7aec1fb7/current/log_inprogress_0
2021-07-27 15:00:17,175 [EventQueue-OpenPipelineForHealthyPipelineSafeModeRule] INFO  safemode.SCMSafeModeManager (HealthyPipelineSafeModeRule.java:process(124)) - SCM in safe mode. Healthy pipelines reported count is 0, required healthy pipeline reported count is 1
2021-07-27 15:00:17,175 [EventQueue-OpenPipelineForHealthyPipelineSafeModeRule] INFO  safemode.SCMSafeModeManager (HealthyPipelineSafeModeRule.java:process(124)) - SCM in safe mode. Healthy pipelines reported count is 0, required healthy pipeline reported count is 1
2021-07-27 15:00:17,178 [0f3e4899-df55-4e14-9f73-38fb9ca0f37c@group-304E7AEC1FB7-LeaderElection7] INFO  server.RaftServer$Division (ServerState.java:setRaftConf(387)) - 0f3e4899-df55-4e14-9f73-38fb9ca0f37c@group-304E7AEC1FB7: set configuration 0: [0f3e4899-df55-4e14-9f73-38fb9ca0f37c|rpc:127.0.0.1:42961|dataStream:|priority:1], old=null
2021-07-27 15:00:17,399 [Listener at 127.0.0.1/12788] INFO  ozone.MiniOzoneClusterImpl (MiniOzoneClusterImpl.java:lambda$waitForClusterToBeReady$0(235)) - Nodes are ready. Got 3 of 3 DN Heartbeats.
2021-07-27 15:00:17,399 [Listener at 127.0.0.1/12788] INFO  ozone.MiniOzoneClusterImpl (MiniOzoneClusterImpl.java:lambda$waitForClusterToBeReady$0(238)) - Waiting for cluster to exit safe mode
2021-07-27 15:00:17,399 [Listener at 127.0.0.1/12788] INFO  ozone.MiniOzoneClusterImpl (MiniOzoneClusterImpl.java:lambda$waitForClusterToBeReady$0(240)) - SCM became leader
2021-07-27 15:00:17,443 [86d9546c-cd65-42b3-a7f1-5b54ee2fc6d0@group-99D0054CEFFD-FollowerState] INFO  impl.FollowerState (FollowerState.java:run(134)) - 86d9546c-cd65-42b3-a7f1-5b54ee2fc6d0@group-99D0054CEFFD-FollowerState: change to CANDIDATE, lastRpcElapsedTime:5019876247ns, electionTimeout:5015ms
2021-07-27 15:00:17,443 [86d9546c-cd65-42b3-a7f1-5b54ee2fc6d0@group-99D0054CEFFD-FollowerState] INFO  impl.RoleInfo (RoleInfo.java:shutdownFollowerState(108)) - 86d9546c-cd65-42b3-a7f1-5b54ee2fc6d0: shutdown 86d9546c-cd65-42b3-a7f1-5b54ee2fc6d0@group-99D0054CEFFD-FollowerState
2021-07-27 15:00:17,443 [86d9546c-cd65-42b3-a7f1-5b54ee2fc6d0@group-99D0054CEFFD-FollowerState] INFO  server.RaftServer$Division (RaftServerImpl.java:setRole(285)) - 86d9546c-cd65-42b3-a7f1-5b54ee2fc6d0@group-99D0054CEFFD: changes role from  FOLLOWER to CANDIDATE at term 0 for changeToCandidate
2021-07-27 15:00:17,443 [86d9546c-cd65-42b3-a7f1-5b54ee2fc6d0@group-99D0054CEFFD-FollowerState] INFO  server.RaftServerConfigKeys (ConfUtils.java:logGet(44)) - raft.server.leaderelection.pre-vote = false (custom)
2021-07-27 15:00:17,443 [86d9546c-cd65-42b3-a7f1-5b54ee2fc6d0@group-99D0054CEFFD-FollowerState] INFO  impl.RoleInfo (RoleInfo.java:updateAndGet(130)) - 86d9546c-cd65-42b3-a7f1-5b54ee2fc6d0: start 86d9546c-cd65-42b3-a7f1-5b54ee2fc6d0@group-99D0054CEFFD-LeaderElection8
2021-07-27 15:00:17,446 [86d9546c-cd65-42b3-a7f1-5b54ee2fc6d0@group-99D0054CEFFD-LeaderElection8] INFO  impl.LeaderElection (LeaderElection.java:askForVotes(306)) - 86d9546c-cd65-42b3-a7f1-5b54ee2fc6d0@group-99D0054CEFFD-LeaderElection8 ELECTION round 0: submit vote requests at term 1 for -1: [86d9546c-cd65-42b3-a7f1-5b54ee2fc6d0|rpc:127.0.0.1:45791|priority:1], old=null
2021-07-27 15:00:17,446 [86d9546c-cd65-42b3-a7f1-5b54ee2fc6d0@group-99D0054CEFFD-LeaderElection8] INFO  impl.LeaderElection (LeaderElection.java:askForVotes(308)) - 86d9546c-cd65-42b3-a7f1-5b54ee2fc6d0@group-99D0054CEFFD-LeaderElection8 ELECTION round 0: result PASSED (term=1)
2021-07-27 15:00:17,447 [86d9546c-cd65-42b3-a7f1-5b54ee2fc6d0@group-99D0054CEFFD-LeaderElection8] INFO  impl.RoleInfo (RoleInfo.java:shutdownLeaderElection(121)) - 86d9546c-cd65-42b3-a7f1-5b54ee2fc6d0: shutdown 86d9546c-cd65-42b3-a7f1-5b54ee2fc6d0@group-99D0054CEFFD-LeaderElection8
2021-07-27 15:00:17,447 [86d9546c-cd65-42b3-a7f1-5b54ee2fc6d0@group-99D0054CEFFD-LeaderElection8] INFO  server.RaftServer$Division (RaftServerImpl.java:setRole(285)) - 86d9546c-cd65-42b3-a7f1-5b54ee2fc6d0@group-99D0054CEFFD: changes role from CANDIDATE to LEADER at term 1 for changeToLeader
2021-07-27 15:00:17,447 [86d9546c-cd65-42b3-a7f1-5b54ee2fc6d0@group-99D0054CEFFD-LeaderElection8] INFO  ratis.XceiverServerRatis (XceiverServerRatis.java:handleLeaderChangedNotification(857)) - Leader change notification received for group: group-99D0054CEFFD with new leaderId: 86d9546c-cd65-42b3-a7f1-5b54ee2fc6d0
2021-07-27 15:00:17,447 [86d9546c-cd65-42b3-a7f1-5b54ee2fc6d0@group-99D0054CEFFD-LeaderElection8] INFO  server.RaftServer$Division (ServerState.java:setLeader(285)) - 86d9546c-cd65-42b3-a7f1-5b54ee2fc6d0@group-99D0054CEFFD: change Leader from null to 86d9546c-cd65-42b3-a7f1-5b54ee2fc6d0 at term 1 for becomeLeader, leader elected after 5039ms
2021-07-27 15:00:17,447 [86d9546c-cd65-42b3-a7f1-5b54ee2fc6d0@group-99D0054CEFFD-LeaderElection8] INFO  server.RaftServerConfigKeys (ConfUtils.java:logGet(44)) - raft.server.staging.catchup.gap = 1000 (default)
2021-07-27 15:00:17,448 [86d9546c-cd65-42b3-a7f1-5b54ee2fc6d0@group-99D0054CEFFD-LeaderElection8] INFO  server.RaftServerConfigKeys (ConfUtils.java:logGet(44)) - raft.server.write.element-limit = 1024 (custom)
2021-07-27 15:00:17,448 [86d9546c-cd65-42b3-a7f1-5b54ee2fc6d0@group-99D0054CEFFD-LeaderElection8] INFO  server.RaftServerConfigKeys (ConfUtils.java:logGet(44)) - raft.server.write.byte-limit = 1073741824 (custom)
2021-07-27 15:00:17,448 [86d9546c-cd65-42b3-a7f1-5b54ee2fc6d0@group-99D0054CEFFD-LeaderElection8] INFO  server.RaftServerConfigKeys (ConfUtils.java:logGet(44)) - raft.server.watch.timeout = 180s (custom)
2021-07-27 15:00:17,448 [86d9546c-cd65-42b3-a7f1-5b54ee2fc6d0@group-99D0054CEFFD-LeaderElection8] INFO  server.RaftServerConfigKeys (ConfUtils.java:logGet(44)) - raft.server.watch.timeout.denomination = 1s (default)
2021-07-27 15:00:17,448 [86d9546c-cd65-42b3-a7f1-5b54ee2fc6d0@group-99D0054CEFFD-LeaderElection8] INFO  server.RaftServerConfigKeys (ConfUtils.java:logGet(44)) - raft.server.watch.element-limit = 65536 (default)
2021-07-27 15:00:17,448 [EventQueue-OpenPipelineForHealthyPipelineSafeModeRule] INFO  safemode.SCMSafeModeManager (HealthyPipelineSafeModeRule.java:process(124)) - SCM in safe mode. Healthy pipelines reported count is 0, required healthy pipeline reported count is 1
2021-07-27 15:00:17,448 [86d9546c-cd65-42b3-a7f1-5b54ee2fc6d0@group-99D0054CEFFD-LeaderElection8] INFO  impl.RoleInfo (RoleInfo.java:updateAndGet(130)) - 86d9546c-cd65-42b3-a7f1-5b54ee2fc6d0: start 86d9546c-cd65-42b3-a7f1-5b54ee2fc6d0@group-99D0054CEFFD-LeaderStateImpl
2021-07-27 15:00:17,449 [86d9546c-cd65-42b3-a7f1-5b54ee2fc6d0@group-99D0054CEFFD-LeaderElection8] INFO  segmented.SegmentedRaftLogWorker (SegmentedRaftLogWorker.java:startLogSegment(394)) - 86d9546c-cd65-42b3-a7f1-5b54ee2fc6d0@group-99D0054CEFFD-SegmentedRaftLogWorker: Starting segment from index:0
2021-07-27 15:00:17,449 [EventQueue-OpenPipelineForHealthyPipelineSafeModeRule] INFO  safemode.SCMSafeModeManager (HealthyPipelineSafeModeRule.java:process(124)) - SCM in safe mode. Healthy pipelines reported count is 0, required healthy pipeline reported count is 1
2021-07-27 15:00:17,450 [86d9546c-cd65-42b3-a7f1-5b54ee2fc6d0@group-99D0054CEFFD-SegmentedRaftLogWorker] INFO  segmented.SegmentedRaftLogWorker (SegmentedRaftLogWorker.java:execute(601)) - 86d9546c-cd65-42b3-a7f1-5b54ee2fc6d0@group-99D0054CEFFD-SegmentedRaftLogWorker: created new log segment /home/runner/work/ozone/ozone/mnt/ozone/hadoop-ozone/integration-test/target/test-dir/MiniOzoneClusterImpl-1c236c99-c7c8-4b90-98b3-6d50a358b8d8/datanode-2/data/ratis/883a8244-3405-4397-a71e-99d0054ceffd/current/log_inprogress_0
2021-07-27 15:00:17,455 [86d9546c-cd65-42b3-a7f1-5b54ee2fc6d0@group-99D0054CEFFD-LeaderElection8] INFO  server.RaftServer$Division (ServerState.java:setRaftConf(387)) - 86d9546c-cd65-42b3-a7f1-5b54ee2fc6d0@group-99D0054CEFFD: set configuration 0: [86d9546c-cd65-42b3-a7f1-5b54ee2fc6d0|rpc:127.0.0.1:45791|dataStream:|priority:1], old=null
2021-07-27 15:00:18,400 [Listener at 127.0.0.1/12788] INFO  ozone.MiniOzoneClusterImpl (MiniOzoneClusterImpl.java:lambda$waitForClusterToBeReady$0(235)) - Nodes are ready. Got 3 of 3 DN Heartbeats.
2021-07-27 15:00:18,401 [Listener at 127.0.0.1/12788] INFO  ozone.MiniOzoneClusterImpl (MiniOzoneClusterImpl.java:lambda$waitForClusterToBeReady$0(238)) - Waiting for cluster to exit safe mode
2021-07-27 15:00:18,401 [Listener at 127.0.0.1/12788] INFO  ozone.MiniOzoneClusterImpl (MiniOzoneClusterImpl.java:lambda$waitForClusterToBeReady$0(240)) - SCM became leader
2021-07-27 15:00:19,402 [Listener at 127.0.0.1/12788] INFO  ozone.MiniOzoneClusterImpl (MiniOzoneClusterImpl.java:lambda$waitForClusterToBeReady$0(235)) - Nodes are ready. Got 3 of 3 DN Heartbeats.
2021-07-27 15:00:19,402 [Listener at 127.0.0.1/12788] INFO  ozone.MiniOzoneClusterImpl (MiniOzoneClusterImpl.java:lambda$waitForClusterToBeReady$0(238)) - Waiting for cluster to exit safe mode
2021-07-27 15:00:19,402 [Listener at 127.0.0.1/12788] INFO  ozone.MiniOzoneClusterImpl (MiniOzoneClusterImpl.java:lambda$waitForClusterToBeReady$0(240)) - SCM became leader
2021-07-27 15:00:20,403 [Listener at 127.0.0.1/12788] INFO  ozone.MiniOzoneClusterImpl (MiniOzoneClusterImpl.java:lambda$waitForClusterToBeReady$0(235)) - Nodes are ready. Got 3 of 3 DN Heartbeats.
2021-07-27 15:00:20,403 [Listener at 127.0.0.1/12788] INFO  ozone.MiniOzoneClusterImpl (MiniOzoneClusterImpl.java:lambda$waitForClusterToBeReady$0(238)) - Waiting for cluster to exit safe mode
2021-07-27 15:00:20,403 [Listener at 127.0.0.1/12788] INFO  ozone.MiniOzoneClusterImpl (MiniOzoneClusterImpl.java:lambda$waitForClusterToBeReady$0(240)) - SCM became leader
2021-07-27 15:00:21,404 [Listener at 127.0.0.1/12788] INFO  ozone.MiniOzoneClusterImpl (MiniOzoneClusterImpl.java:lambda$waitForClusterToBeReady$0(235)) - Nodes are ready. Got 3 of 3 DN Heartbeats.
2021-07-27 15:00:21,404 [Listener at 127.0.0.1/12788] INFO  ozone.MiniOzoneClusterImpl (MiniOzoneClusterImpl.java:lambda$waitForClusterToBeReady$0(238)) - Waiting for cluster to exit safe mode
2021-07-27 15:00:21,404 [Listener at 127.0.0.1/12788] INFO  ozone.MiniOzoneClusterImpl (MiniOzoneClusterImpl.java:lambda$waitForClusterToBeReady$0(240)) - SCM became leader
2021-07-27 15:00:22,005 [43f332dd-3581-45f2-86c5-cce36549d707@group-5F5B1A469043-FollowerState] INFO  impl.FollowerState (FollowerState.java:run(134)) - 43f332dd-3581-45f2-86c5-cce36549d707@group-5F5B1A469043-FollowerState: change to CANDIDATE, lastRpcElapsedTime:5053094465ns, electionTimeout:5051ms
2021-07-27 15:00:22,006 [43f332dd-3581-45f2-86c5-cce36549d707@group-5F5B1A469043-FollowerState] INFO  impl.RoleInfo (RoleInfo.java:shutdownFollowerState(108)) - 43f332dd-3581-45f2-86c5-cce36549d707: shutdown 43f332dd-3581-45f2-86c5-cce36549d707@group-5F5B1A469043-FollowerState
2021-07-27 15:00:22,006 [43f332dd-3581-45f2-86c5-cce36549d707@group-5F5B1A469043-FollowerState] INFO  server.RaftServer$Division (RaftServerImpl.java:setRole(285)) - 43f332dd-3581-45f2-86c5-cce36549d707@group-5F5B1A469043: changes role from  FOLLOWER to CANDIDATE at term 1 for changeToCandidate
2021-07-27 15:00:22,006 [43f332dd-3581-45f2-86c5-cce36549d707@group-5F5B1A469043-FollowerState] INFO  server.RaftServerConfigKeys (ConfUtils.java:logGet(44)) - raft.server.leaderelection.pre-vote = false (custom)
2021-07-27 15:00:22,006 [43f332dd-3581-45f2-86c5-cce36549d707@group-5F5B1A469043-FollowerState] INFO  impl.RoleInfo (RoleInfo.java:updateAndGet(130)) - 43f332dd-3581-45f2-86c5-cce36549d707: start 43f332dd-3581-45f2-86c5-cce36549d707@group-5F5B1A469043-LeaderElection9
2021-07-27 15:00:22,008 [43f332dd-3581-45f2-86c5-cce36549d707@group-5F5B1A469043-LeaderElection9] INFO  impl.LeaderElection (LeaderElection.java:askForVotes(306)) - 43f332dd-3581-45f2-86c5-cce36549d707@group-5F5B1A469043-LeaderElection9 ELECTION round 0: submit vote requests at term 2 for -1: [43f332dd-3581-45f2-86c5-cce36549d707|rpc:127.0.0.1:37911|priority:0, 86d9546c-cd65-42b3-a7f1-5b54ee2fc6d0|rpc:127.0.0.1:45791|priority:0, 0f3e4899-df55-4e14-9f73-38fb9ca0f37c|rpc:127.0.0.1:42961|priority:1], old=null
2021-07-27 15:00:22,014 [grpc-default-executor-0] INFO  server.RaftServer$Division (RaftServerImpl.java:requestVote(1043)) - 86d9546c-cd65-42b3-a7f1-5b54ee2fc6d0@group-5F5B1A469043: receive requestVote(ELECTION, 43f332dd-3581-45f2-86c5-cce36549d707, group-5F5B1A469043, 2, (t:0, i:0))
2021-07-27 15:00:22,014 [grpc-default-executor-0] INFO  impl.VoteContext (VoteContext.java:log(48)) - 86d9546c-cd65-42b3-a7f1-5b54ee2fc6d0@group-5F5B1A469043-FOLLOWER: accept ELECTION from 43f332dd-3581-45f2-86c5-cce36549d707: our priority 0 <= candidate's priority 0
2021-07-27 15:00:22,014 [grpc-default-executor-0] INFO  server.RaftServer$Division (RaftServerImpl.java:setRole(285)) - 86d9546c-cd65-42b3-a7f1-5b54ee2fc6d0@group-5F5B1A469043: changes role from  FOLLOWER to FOLLOWER at term 2 for candidate:43f332dd-3581-45f2-86c5-cce36549d707
2021-07-27 15:00:22,014 [grpc-default-executor-0] INFO  impl.RoleInfo (RoleInfo.java:shutdownFollowerState(108)) - 86d9546c-cd65-42b3-a7f1-5b54ee2fc6d0: shutdown 86d9546c-cd65-42b3-a7f1-5b54ee2fc6d0@group-5F5B1A469043-FollowerState
2021-07-27 15:00:22,014 [grpc-default-executor-0] INFO  impl.RoleInfo (RoleInfo.java:updateAndGet(130)) - 86d9546c-cd65-42b3-a7f1-5b54ee2fc6d0: start 86d9546c-cd65-42b3-a7f1-5b54ee2fc6d0@group-5F5B1A469043-FollowerState
2021-07-27 15:00:22,014 [86d9546c-cd65-42b3-a7f1-5b54ee2fc6d0@group-5F5B1A469043-FollowerState] INFO  impl.FollowerState (FollowerState.java:run(143)) - 86d9546c-cd65-42b3-a7f1-5b54ee2fc6d0@group-5F5B1A469043-FollowerState was interrupted: {}
java.lang.InterruptedException: sleep interrupted
	at java.lang.Thread.sleep(Native Method)
	at java.lang.Thread.sleep(Thread.java:340)
	at java.util.concurrent.TimeUnit.sleep(TimeUnit.java:386)
	at org.apache.ratis.util.TimeDuration.sleep(TimeDuration.java:324)
	at org.apache.ratis.util.TimeDuration.sleep(TimeDuration.java:309)
	at org.apache.ratis.server.impl.FollowerState.run(FollowerState.java:118)
2021-07-27 15:00:22,019 [grpc-default-executor-2] INFO  server.RaftServer$Division (RaftServerImpl.java:requestVote(1043)) - 0f3e4899-df55-4e14-9f73-38fb9ca0f37c@group-5F5B1A469043: receive requestVote(ELECTION, 43f332dd-3581-45f2-86c5-cce36549d707, group-5F5B1A469043, 2, (t:0, i:0))
2021-07-27 15:00:22,019 [grpc-default-executor-2] INFO  impl.VoteContext (VoteContext.java:log(48)) - 0f3e4899-df55-4e14-9f73-38fb9ca0f37c@group-5F5B1A469043-FOLLOWER: reject ELECTION from 43f332dd-3581-45f2-86c5-cce36549d707: our priority 1 > candidate's priority 0
2021-07-27 15:00:22,020 [grpc-default-executor-2] INFO  server.RaftServer$Division (RaftServerImpl.java:setRole(285)) - 0f3e4899-df55-4e14-9f73-38fb9ca0f37c@group-5F5B1A469043: changes role from  FOLLOWER to FOLLOWER at term 2 for candidate:43f332dd-3581-45f2-86c5-cce36549d707
2021-07-27 15:00:22,020 [grpc-default-executor-2] INFO  impl.RoleInfo (RoleInfo.java:shutdownFollowerState(108)) - 0f3e4899-df55-4e14-9f73-38fb9ca0f37c: shutdown 0f3e4899-df55-4e14-9f73-38fb9ca0f37c@group-5F5B1A469043-FollowerState
2021-07-27 15:00:22,020 [grpc-default-executor-2] INFO  impl.RoleInfo (RoleInfo.java:updateAndGet(130)) - 0f3e4899-df55-4e14-9f73-38fb9ca0f37c: start 0f3e4899-df55-4e14-9f73-38fb9ca0f37c@group-5F5B1A469043-FollowerState
2021-07-27 15:00:22,020 [0f3e4899-df55-4e14-9f73-38fb9ca0f37c@group-5F5B1A469043-FollowerState] INFO  impl.FollowerState (FollowerState.java:run(143)) - 0f3e4899-df55-4e14-9f73-38fb9ca0f37c@group-5F5B1A469043-FollowerState was interrupted: {}
java.lang.InterruptedException: sleep interrupted
	at java.lang.Thread.sleep(Native Method)
	at java.lang.Thread.sleep(Thread.java:340)
	at java.util.concurrent.TimeUnit.sleep(TimeUnit.java:386)
	at org.apache.ratis.util.TimeDuration.sleep(TimeDuration.java:324)
	at org.apache.ratis.util.TimeDuration.sleep(TimeDuration.java:309)
	at org.apache.ratis.server.impl.FollowerState.run(FollowerState.java:118)
2021-07-27 15:00:22,021 [grpc-default-executor-0] INFO  server.RaftServer$Division (RaftServerImpl.java:requestVote(1075)) - 86d9546c-cd65-42b3-a7f1-5b54ee2fc6d0@group-5F5B1A469043 replies to ELECTION vote request: 43f332dd-3581-45f2-86c5-cce36549d707<-86d9546c-cd65-42b3-a7f1-5b54ee2fc6d0#0:OK-t2. Peer's state: 86d9546c-cd65-42b3-a7f1-5b54ee2fc6d0@group-5F5B1A469043:t2, leader=null, voted=43f332dd-3581-45f2-86c5-cce36549d707, raftlog=86d9546c-cd65-42b3-a7f1-5b54ee2fc6d0@group-5F5B1A469043-SegmentedRaftLog:OPENED:c-1,f-1,i0, conf=-1: [43f332dd-3581-45f2-86c5-cce36549d707|rpc:127.0.0.1:37911|dataStream:|priority:0, 86d9546c-cd65-42b3-a7f1-5b54ee2fc6d0|rpc:127.0.0.1:45791|dataStream:|priority:0, 0f3e4899-df55-4e14-9f73-38fb9ca0f37c|rpc:127.0.0.1:42961|dataStream:|priority:1], old=null
2021-07-27 15:00:22,023 [grpc-default-executor-2] INFO  server.RaftServer$Division (RaftServerImpl.java:requestVote(1075)) - 0f3e4899-df55-4e14-9f73-38fb9ca0f37c@group-5F5B1A469043 replies to ELECTION vote request: 43f332dd-3581-45f2-86c5-cce36549d707<-0f3e4899-df55-4e14-9f73-38fb9ca0f37c#0:FAIL-t2. Peer's state: 0f3e4899-df55-4e14-9f73-38fb9ca0f37c@group-5F5B1A469043:t2, leader=null, voted=null, raftlog=0f3e4899-df55-4e14-9f73-38fb9ca0f37c@group-5F5B1A469043-SegmentedRaftLog:OPENED:c-1,f-1,i0, conf=-1: [43f332dd-3581-45f2-86c5-cce36549d707|rpc:127.0.0.1:37911|dataStream:|priority:0, 86d9546c-cd65-42b3-a7f1-5b54ee2fc6d0|rpc:127.0.0.1:45791|dataStream:|priority:0, 0f3e4899-df55-4e14-9f73-38fb9ca0f37c|rpc:127.0.0.1:42961|dataStream:|priority:1], old=null
2021-07-27 15:00:22,024 [43f332dd-3581-45f2-86c5-cce36549d707@group-5F5B1A469043-LeaderElection9] INFO  impl.LeaderElection (LeaderElection.java:logAndReturn(89)) - 43f332dd-3581-45f2-86c5-cce36549d707@group-5F5B1A469043-LeaderElection9: ELECTION REJECTED received 2 response(s) and 0 exception(s):
2021-07-27 15:00:22,025 [43f332dd-3581-45f2-86c5-cce36549d707@group-5F5B1A469043-LeaderElection9] INFO  impl.LeaderElection (LeaderElection.java:logAndReturn(93)) -   Response 0: 43f332dd-3581-45f2-86c5-cce36549d707<-86d9546c-cd65-42b3-a7f1-5b54ee2fc6d0#0:OK-t2
2021-07-27 15:00:22,025 [43f332dd-3581-45f2-86c5-cce36549d707@group-5F5B1A469043-LeaderElection9] INFO  impl.LeaderElection (LeaderElection.java:logAndReturn(93)) -   Response 1: 43f332dd-3581-45f2-86c5-cce36549d707<-0f3e4899-df55-4e14-9f73-38fb9ca0f37c#0:FAIL-t2
2021-07-27 15:00:22,025 [43f332dd-3581-45f2-86c5-cce36549d707@group-5F5B1A469043-LeaderElection9] INFO  impl.LeaderElection (LeaderElection.java:askForVotes(308)) - 43f332dd-3581-45f2-86c5-cce36549d707@group-5F5B1A469043-LeaderElection9 ELECTION round 0: result REJECTED
2021-07-27 15:00:22,025 [43f332dd-3581-45f2-86c5-cce36549d707@group-5F5B1A469043-LeaderElection9] INFO  server.RaftServer$Division (RaftServerImpl.java:setRole(285)) - 43f332dd-3581-45f2-86c5-cce36549d707@group-5F5B1A469043: changes role from CANDIDATE to FOLLOWER at term 2 for REJECTED
2021-07-27 15:00:22,025 [43f332dd-3581-45f2-86c5-cce36549d707@group-5F5B1A469043-LeaderElection9] INFO  impl.RoleInfo (RoleInfo.java:shutdownLeaderElection(121)) - 43f332dd-3581-45f2-86c5-cce36549d707: shutdown 43f332dd-3581-45f2-86c5-cce36549d707@group-5F5B1A469043-LeaderElection9
2021-07-27 15:00:22,025 [43f332dd-3581-45f2-86c5-cce36549d707@group-5F5B1A469043-LeaderElection9] INFO  impl.RoleInfo (RoleInfo.java:updateAndGet(130)) - 43f332dd-3581-45f2-86c5-cce36549d707: start 43f332dd-3581-45f2-86c5-cce36549d707@group-5F5B1A469043-FollowerState
2021-07-27 15:00:22,162 [43f332dd-3581-45f2-86c5-cce36549d707@group-97E4151B2859-FollowerState] INFO  impl.FollowerState (FollowerState.java:run(134)) - 43f332dd-3581-45f2-86c5-cce36549d707@group-97E4151B2859-FollowerState: change to CANDIDATE, lastRpcElapsedTime:5054808273ns, electionTimeout:5047ms
2021-07-27 15:00:22,163 [43f332dd-3581-45f2-86c5-cce36549d707@group-97E4151B2859-FollowerState] INFO  impl.RoleInfo (RoleInfo.java:shutdownFollowerState(108)) - 43f332dd-3581-45f2-86c5-cce36549d707: shutdown 43f332dd-3581-45f2-86c5-cce36549d707@group-97E4151B2859-FollowerState
2021-07-27 15:00:22,163 [43f332dd-3581-45f2-86c5-cce36549d707@group-97E4151B2859-FollowerState] INFO  server.RaftServer$Division (RaftServerImpl.java:setRole(285)) - 43f332dd-3581-45f2-86c5-cce36549d707@group-97E4151B2859: changes role from  FOLLOWER to CANDIDATE at term 1 for changeToCandidate
2021-07-27 15:00:22,164 [43f332dd-3581-45f2-86c5-cce36549d707@group-97E4151B2859-FollowerState] INFO  server.RaftServerConfigKeys (ConfUtils.java:logGet(44)) - raft.server.leaderelection.pre-vote = false (custom)
2021-07-27 15:00:22,164 [43f332dd-3581-45f2-86c5-cce36549d707@group-97E4151B2859-FollowerState] INFO  impl.RoleInfo (RoleInfo.java:updateAndGet(130)) - 43f332dd-3581-45f2-86c5-cce36549d707: start 43f332dd-3581-45f2-86c5-cce36549d707@group-97E4151B2859-LeaderElection10
2021-07-27 15:00:22,166 [43f332dd-3581-45f2-86c5-cce36549d707@group-97E4151B2859-LeaderElection10] INFO  impl.LeaderElection (LeaderElection.java:askForVotes(306)) - 43f332dd-3581-45f2-86c5-cce36549d707@group-97E4151B2859-LeaderElection10 ELECTION round 0: submit vote requests at term 2 for -1: [43f332dd-3581-45f2-86c5-cce36549d707|rpc:127.0.0.1:37911|priority:1, 86d9546c-cd65-42b3-a7f1-5b54ee2fc6d0|rpc:127.0.0.1:45791|priority:0, 0f3e4899-df55-4e14-9f73-38fb9ca0f37c|rpc:127.0.0.1:42961|priority:0], old=null
2021-07-27 15:00:22,174 [grpc-default-executor-0] INFO  server.RaftServer$Division (RaftServerImpl.java:requestVote(1043)) - 86d9546c-cd65-42b3-a7f1-5b54ee2fc6d0@group-97E4151B2859: receive requestVote(ELECTION, 43f332dd-3581-45f2-86c5-cce36549d707, group-97E4151B2859, 2, (t:0, i:0))
2021-07-27 15:00:22,174 [grpc-default-executor-0] INFO  impl.VoteContext (VoteContext.java:log(48)) - 86d9546c-cd65-42b3-a7f1-5b54ee2fc6d0@group-97E4151B2859-FOLLOWER: accept ELECTION from 43f332dd-3581-45f2-86c5-cce36549d707: our priority 0 <= candidate's priority 1
2021-07-27 15:00:22,174 [grpc-default-executor-0] INFO  server.RaftServer$Division (RaftServerImpl.java:setRole(285)) - 86d9546c-cd65-42b3-a7f1-5b54ee2fc6d0@group-97E4151B2859: changes role from  FOLLOWER to FOLLOWER at term 2 for candidate:43f332dd-3581-45f2-86c5-cce36549d707
2021-07-27 15:00:22,174 [grpc-default-executor-0] INFO  impl.RoleInfo (RoleInfo.java:shutdownFollowerState(108)) - 86d9546c-cd65-42b3-a7f1-5b54ee2fc6d0: shutdown 86d9546c-cd65-42b3-a7f1-5b54ee2fc6d0@group-97E4151B2859-FollowerState
2021-07-27 15:00:22,175 [grpc-default-executor-0] INFO  impl.RoleInfo (RoleInfo.java:updateAndGet(130)) - 86d9546c-cd65-42b3-a7f1-5b54ee2fc6d0: start 86d9546c-cd65-42b3-a7f1-5b54ee2fc6d0@group-97E4151B2859-FollowerState
2021-07-27 15:00:22,175 [86d9546c-cd65-42b3-a7f1-5b54ee2fc6d0@group-97E4151B2859-FollowerState] INFO  impl.FollowerState (FollowerState.java:run(143)) - 86d9546c-cd65-42b3-a7f1-5b54ee2fc6d0@group-97E4151B2859-FollowerState was interrupted: {}
java.lang.InterruptedException: sleep interrupted
	at java.lang.Thread.sleep(Native Method)
	at java.lang.Thread.sleep(Thread.java:340)
	at java.util.concurrent.TimeUnit.sleep(TimeUnit.java:386)
	at org.apache.ratis.util.TimeDuration.sleep(TimeDuration.java:324)
	at org.apache.ratis.util.TimeDuration.sleep(TimeDuration.java:309)
	at org.apache.ratis.server.impl.FollowerState.run(FollowerState.java:118)
2021-07-27 15:00:22,176 [grpc-default-executor-2] INFO  server.RaftServer$Division (RaftServerImpl.java:requestVote(1043)) - 0f3e4899-df55-4e14-9f73-38fb9ca0f37c@group-97E4151B2859: receive requestVote(ELECTION, 43f332dd-3581-45f2-86c5-cce36549d707, group-97E4151B2859, 2, (t:0, i:0))
2021-07-27 15:00:22,176 [grpc-default-executor-2] INFO  impl.VoteContext (VoteContext.java:log(48)) - 0f3e4899-df55-4e14-9f73-38fb9ca0f37c@group-97E4151B2859-FOLLOWER: accept ELECTION from 43f332dd-3581-45f2-86c5-cce36549d707: our priority 0 <= candidate's priority 1
2021-07-27 15:00:22,176 [grpc-default-executor-2] INFO  server.RaftServer$Division (RaftServerImpl.java:setRole(285)) - 0f3e4899-df55-4e14-9f73-38fb9ca0f37c@group-97E4151B2859: changes role from  FOLLOWER to FOLLOWER at term 2 for candidate:43f332dd-3581-45f2-86c5-cce36549d707
2021-07-27 15:00:22,176 [grpc-default-executor-2] INFO  impl.RoleInfo (RoleInfo.java:shutdownFollowerState(108)) - 0f3e4899-df55-4e14-9f73-38fb9ca0f37c: shutdown 0f3e4899-df55-4e14-9f73-38fb9ca0f37c@group-97E4151B2859-FollowerState
2021-07-27 15:00:22,176 [grpc-default-executor-2] INFO  impl.RoleInfo (RoleInfo.java:updateAndGet(130)) - 0f3e4899-df55-4e14-9f73-38fb9ca0f37c: start 0f3e4899-df55-4e14-9f73-38fb9ca0f37c@group-97E4151B2859-FollowerState
2021-07-27 15:00:22,177 [0f3e4899-df55-4e14-9f73-38fb9ca0f37c@group-97E4151B2859-FollowerState] INFO  impl.FollowerState (FollowerState.java:run(143)) - 0f3e4899-df55-4e14-9f73-38fb9ca0f37c@group-97E4151B2859-FollowerState was interrupted: {}
java.lang.InterruptedException: sleep interrupted
	at java.lang.Thread.sleep(Native Method)
	at java.lang.Thread.sleep(Thread.java:340)
	at java.util.concurrent.TimeUnit.sleep(TimeUnit.java:386)
	at org.apache.ratis.util.TimeDuration.sleep(TimeDuration.java:324)
	at org.apache.ratis.util.TimeDuration.sleep(TimeDuration.java:309)
	at org.apache.ratis.server.impl.FollowerState.run(FollowerState.java:118)
2021-07-27 15:00:22,177 [grpc-default-executor-0] INFO  server.RaftServer$Division (RaftServerImpl.java:requestVote(1075)) - 86d9546c-cd65-42b3-a7f1-5b54ee2fc6d0@group-97E4151B2859 replies to ELECTION vote request: 43f332dd-3581-45f2-86c5-cce36549d707<-86d9546c-cd65-42b3-a7f1-5b54ee2fc6d0#0:OK-t2. Peer's state: 86d9546c-cd65-42b3-a7f1-5b54ee2fc6d0@group-97E4151B2859:t2, leader=null, voted=43f332dd-3581-45f2-86c5-cce36549d707, raftlog=86d9546c-cd65-42b3-a7f1-5b54ee2fc6d0@group-97E4151B2859-SegmentedRaftLog:OPENED:c-1,f-1,i0, conf=-1: [43f332dd-3581-45f2-86c5-cce36549d707|rpc:127.0.0.1:37911|dataStream:|priority:1, 86d9546c-cd65-42b3-a7f1-5b54ee2fc6d0|rpc:127.0.0.1:45791|dataStream:|priority:0, 0f3e4899-df55-4e14-9f73-38fb9ca0f37c|rpc:127.0.0.1:42961|dataStream:|priority:0], old=null
2021-07-27 15:00:22,181 [grpc-default-executor-2] INFO  server.RaftServer$Division (RaftServerImpl.java:requestVote(1075)) - 0f3e4899-df55-4e14-9f73-38fb9ca0f37c@group-97E4151B2859 replies to ELECTION vote request: 43f332dd-3581-45f2-86c5-cce36549d707<-0f3e4899-df55-4e14-9f73-38fb9ca0f37c#0:OK-t2. Peer's state: 0f3e4899-df55-4e14-9f73-38fb9ca0f37c@group-97E4151B2859:t2, leader=null, voted=43f332dd-3581-45f2-86c5-cce36549d707, raftlog=0f3e4899-df55-4e14-9f73-38fb9ca0f37c@group-97E4151B2859-SegmentedRaftLog:OPENED:c-1,f-1,i0, conf=-1: [43f332dd-3581-45f2-86c5-cce36549d707|rpc:127.0.0.1:37911|dataStream:|priority:1, 86d9546c-cd65-42b3-a7f1-5b54ee2fc6d0|rpc:127.0.0.1:45791|dataStream:|priority:0, 0f3e4899-df55-4e14-9f73-38fb9ca0f37c|rpc:127.0.0.1:42961|dataStream:|priority:0], old=null
2021-07-27 15:00:22,182 [43f332dd-3581-45f2-86c5-cce36549d707@group-97E4151B2859-LeaderElection10] INFO  impl.LeaderElection (LeaderElection.java:logAndReturn(89)) - 43f332dd-3581-45f2-86c5-cce36549d707@group-97E4151B2859-LeaderElection10: ELECTION PASSED received 1 response(s) and 0 exception(s):
2021-07-27 15:00:22,183 [43f332dd-3581-45f2-86c5-cce36549d707@group-97E4151B2859-LeaderElection10] INFO  impl.LeaderElection (LeaderElection.java:logAndReturn(93)) -   Response 0: 43f332dd-3581-45f2-86c5-cce36549d707<-86d9546c-cd65-42b3-a7f1-5b54ee2fc6d0#0:OK-t2
2021-07-27 15:00:22,183 [43f332dd-3581-45f2-86c5-cce36549d707@group-97E4151B2859-LeaderElection10] INFO  impl.LeaderElection (LeaderElection.java:askForVotes(308)) - 43f332dd-3581-45f2-86c5-cce36549d707@group-97E4151B2859-LeaderElection10 ELECTION round 0: result PASSED
2021-07-27 15:00:22,183 [43f332dd-3581-45f2-86c5-cce36549d707@group-97E4151B2859-LeaderElection10] INFO  impl.RoleInfo (RoleInfo.java:shutdownLeaderElection(121)) - 43f332dd-3581-45f2-86c5-cce36549d707: shutdown 43f332dd-3581-45f2-86c5-cce36549d707@group-97E4151B2859-LeaderElection10
2021-07-27 15:00:22,186 [43f332dd-3581-45f2-86c5-cce36549d707@group-97E4151B2859-LeaderElection10] INFO  server.RaftServer$Division (RaftServerImpl.java:setRole(285)) - 43f332dd-3581-45f2-86c5-cce36549d707@group-97E4151B2859: changes role from CANDIDATE to LEADER at term 2 for changeToLeader
2021-07-27 15:00:22,186 [43f332dd-3581-45f2-86c5-cce36549d707@group-97E4151B2859-LeaderElection10] INFO  ratis.XceiverServerRatis (XceiverServerRatis.java:handleLeaderChangedNotification(857)) - Leader change notification received for group: group-97E4151B2859 with new leaderId: 43f332dd-3581-45f2-86c5-cce36549d707
2021-07-27 15:00:22,186 [43f332dd-3581-45f2-86c5-cce36549d707@group-97E4151B2859-LeaderElection10] INFO  server.RaftServer$Division (ServerState.java:setLeader(285)) - 43f332dd-3581-45f2-86c5-cce36549d707@group-97E4151B2859: change Leader from null to 43f332dd-3581-45f2-86c5-cce36549d707 at term 2 for becomeLeader, leader elected after 10146ms
2021-07-27 15:00:22,186 [43f332dd-3581-45f2-86c5-cce36549d707@group-97E4151B2859-LeaderElection10] INFO  server.RaftServerConfigKeys (ConfUtils.java:logGet(44)) - raft.server.staging.catchup.gap = 1000 (default)
2021-07-27 15:00:22,186 [43f332dd-3581-45f2-86c5-cce36549d707@group-97E4151B2859-LeaderElection10] INFO  server.RaftServerConfigKeys (ConfUtils.java:logGet(44)) - raft.server.write.element-limit = 1024 (custom)
2021-07-27 15:00:22,186 [43f332dd-3581-45f2-86c5-cce36549d707@group-97E4151B2859-LeaderElection10] INFO  server.RaftServerConfigKeys (ConfUtils.java:logGet(44)) - raft.server.write.byte-limit = 1073741824 (custom)
2021-07-27 15:00:22,186 [43f332dd-3581-45f2-86c5-cce36549d707@group-97E4151B2859-LeaderElection10] INFO  server.RaftServerConfigKeys (ConfUtils.java:logGet(44)) - raft.server.watch.timeout = 180s (custom)
2021-07-27 15:00:22,186 [43f332dd-3581-45f2-86c5-cce36549d707@group-97E4151B2859-LeaderElection10] INFO  server.RaftServerConfigKeys (ConfUtils.java:logGet(44)) - raft.server.watch.timeout.denomination = 1s (default)
2021-07-27 15:00:22,187 [43f332dd-3581-45f2-86c5-cce36549d707@group-97E4151B2859-LeaderElection10] INFO  server.RaftServerConfigKeys (ConfUtils.java:logGet(44)) - raft.server.watch.element-limit = 65536 (default)
2021-07-27 15:00:22,187 [43f332dd-3581-45f2-86c5-cce36549d707@group-97E4151B2859-LeaderElection10] INFO  server.RaftServerConfigKeys (ConfUtils.java:logGet(44)) - raft.server.log.appender.snapshot.chunk.size.max = 16MB (=16777216) (default)
2021-07-27 15:00:22,187 [43f332dd-3581-45f2-86c5-cce36549d707@group-97E4151B2859-LeaderElection10] INFO  server.RaftServerConfigKeys (ConfUtils.java:logGet(44)) - raft.server.log.appender.buffer.byte-limit = 33554432 (custom)
2021-07-27 15:00:22,187 [43f332dd-3581-45f2-86c5-cce36549d707@group-97E4151B2859-LeaderElection10] INFO  server.RaftServerConfigKeys (ConfUtils.java:logGet(44)) - raft.server.log.appender.buffer.element-limit = 1 (custom)
2021-07-27 15:00:22,187 [43f332dd-3581-45f2-86c5-cce36549d707@group-97E4151B2859-LeaderElection10] INFO  grpc.GrpcConfigKeys (ConfUtils.java:logGet(44)) - raft.grpc.server.leader.outstanding.appends.max = 128 (default)
2021-07-27 15:00:22,187 [43f332dd-3581-45f2-86c5-cce36549d707@group-97E4151B2859-LeaderElection10] INFO  server.RaftServerConfigKeys (ConfUtils.java:logGet(44)) - raft.server.rpc.request.timeout = 60s (custom)
2021-07-27 15:00:22,187 [43f332dd-3581-45f2-86c5-cce36549d707@group-97E4151B2859-LeaderElection10] INFO  server.RaftServerConfigKeys (ConfUtils.java:logGet(44)) - raft.server.log.appender.install.snapshot.enabled = false (custom)
2021-07-27 15:00:22,187 [43f332dd-3581-45f2-86c5-cce36549d707@group-97E4151B2859-LeaderElection10] INFO  server.RaftServerConfigKeys (ConfUtils.java:logGet(44)) - raft.server.log.appender.snapshot.chunk.size.max = 16MB (=16777216) (default)
2021-07-27 15:00:22,188 [43f332dd-3581-45f2-86c5-cce36549d707@group-97E4151B2859-LeaderElection10] INFO  server.RaftServerConfigKeys (ConfUtils.java:logGet(44)) - raft.server.log.appender.buffer.byte-limit = 33554432 (custom)
2021-07-27 15:00:22,188 [43f332dd-3581-45f2-86c5-cce36549d707@group-97E4151B2859-LeaderElection10] INFO  server.RaftServerConfigKeys (ConfUtils.java:logGet(44)) - raft.server.log.appender.buffer.element-limit = 1 (custom)
2021-07-27 15:00:22,188 [43f332dd-3581-45f2-86c5-cce36549d707@group-97E4151B2859-LeaderElection10] INFO  grpc.GrpcConfigKeys (ConfUtils.java:logGet(44)) - raft.grpc.server.leader.outstanding.appends.max = 128 (default)
2021-07-27 15:00:22,188 [43f332dd-3581-45f2-86c5-cce36549d707@group-97E4151B2859-LeaderElection10] INFO  server.RaftServerConfigKeys (ConfUtils.java:logGet(44)) - raft.server.rpc.request.timeout = 60s (custom)
2021-07-27 15:00:22,188 [43f332dd-3581-45f2-86c5-cce36549d707@group-97E4151B2859-LeaderElection10] INFO  server.RaftServerConfigKeys (ConfUtils.java:logGet(44)) - raft.server.log.appender.install.snapshot.enabled = false (custom)
2021-07-27 15:00:22,188 [43f332dd-3581-45f2-86c5-cce36549d707@group-97E4151B2859-LeaderElection10] INFO  impl.RoleInfo (RoleInfo.java:updateAndGet(130)) - 43f332dd-3581-45f2-86c5-cce36549d707: start 43f332dd-3581-45f2-86c5-cce36549d707@group-97E4151B2859-LeaderStateImpl
2021-07-27 15:00:22,188 [43f332dd-3581-45f2-86c5-cce36549d707@group-97E4151B2859-LeaderElection10] INFO  segmented.SegmentedRaftLogWorker (SegmentedRaftLogWorker.java:startLogSegment(394)) - 43f332dd-3581-45f2-86c5-cce36549d707@group-97E4151B2859-SegmentedRaftLogWorker: Starting segment from index:0
2021-07-27 15:00:22,191 [EventQueue-PipelineReportForPipelineReportHandler] INFO  pipeline.PipelineManagerV2Impl (PipelineManagerV2Impl.java:openPipeline(283)) - Pipeline Pipeline[ Id: b2d346f2-abad-4ad7-b329-97e4151b2859, Nodes: 0f3e4899-df55-4e14-9f73-38fb9ca0f37c{ip: 127.0.0.1, host: localhost, ports: [REPLICATION=42217, RATIS=42961, RATIS_ADMIN=42961, RATIS_SERVER=42961, STANDALONE=42119], networkLocation: /default-rack, certSerialId: null, persistedOpState: IN_SERVICE, persistedOpStateExpiryEpochSec: 0}43f332dd-3581-45f2-86c5-cce36549d707{ip: 127.0.0.1, host: localhost, ports: [REPLICATION=39387, RATIS=37911, RATIS_ADMIN=37911, RATIS_SERVER=37911, STANDALONE=43717], networkLocation: /default-rack, certSerialId: null, persistedOpState: IN_SERVICE, persistedOpStateExpiryEpochSec: 0}86d9546c-cd65-42b3-a7f1-5b54ee2fc6d0{ip: 127.0.0.1, host: localhost, ports: [REPLICATION=39859, RATIS=45791, RATIS_ADMIN=45791, RATIS_SERVER=45791, STANDALONE=46733], networkLocation: /default-rack, certSerialId: null, persistedOpState: IN_SERVICE, persistedOpStateExpiryEpochSec: 0}, ReplicationConfig: RATIS/THREE, State:ALLOCATED, leaderId:43f332dd-3581-45f2-86c5-cce36549d707, CreationTimestamp2021-07-27T15:00:09.443Z[Etc/UTC]] moved to OPEN state
2021-07-27 15:00:22,199 [43f332dd-3581-45f2-86c5-cce36549d707@group-97E4151B2859-LeaderElection10] INFO  server.RaftServer$Division (ServerState.java:setRaftConf(387)) - 43f332dd-3581-45f2-86c5-cce36549d707@group-97E4151B2859: set configuration 0: [43f332dd-3581-45f2-86c5-cce36549d707|rpc:127.0.0.1:37911|dataStream:|priority:1, 86d9546c-cd65-42b3-a7f1-5b54ee2fc6d0|rpc:127.0.0.1:45791|dataStream:|priority:0, 0f3e4899-df55-4e14-9f73-38fb9ca0f37c|rpc:127.0.0.1:42961|dataStream:|priority:0], old=null
2021-07-27 15:00:22,196 [grpc-default-executor-1] INFO  ratis.XceiverServerRatis (XceiverServerRatis.java:handleLeaderChangedNotification(857)) - Leader change notification received for group: group-97E4151B2859 with new leaderId: 43f332dd-3581-45f2-86c5-cce36549d707
2021-07-27 15:00:22,200 [grpc-default-executor-1] INFO  server.RaftServer$Division (ServerState.java:setLeader(285)) - 0f3e4899-df55-4e14-9f73-38fb9ca0f37c@group-97E4151B2859: change Leader from null to 43f332dd-3581-45f2-86c5-cce36549d707 at term 2 for appendEntries, leader elected after 10136ms
2021-07-27 15:00:22,194 [grpc-default-executor-0] INFO  ratis.XceiverServerRatis (XceiverServerRatis.java:handleLeaderChangedNotification(857)) - Leader change notification received for group: group-97E4151B2859 with new leaderId: 43f332dd-3581-45f2-86c5-cce36549d707
2021-07-27 15:00:22,200 [grpc-default-executor-0] INFO  server.RaftServer$Division (ServerState.java:setLeader(285)) - 86d9546c-cd65-42b3-a7f1-5b54ee2fc6d0@group-97E4151B2859: change Leader from null to 43f332dd-3581-45f2-86c5-cce36549d707 at term 2 for appendEntries, leader elected after 10110ms
2021-07-27 15:00:22,194 [43f332dd-3581-45f2-86c5-cce36549d707@group-97E4151B2859-SegmentedRaftLogWorker] INFO  segmented.SegmentedRaftLogWorker (SegmentedRaftLogWorker.java:execute(601)) - 43f332dd-3581-45f2-86c5-cce36549d707@group-97E4151B2859-SegmentedRaftLogWorker: created new log segment /home/runner/work/ozone/ozone/mnt/ozone/hadoop-ozone/integration-test/target/test-dir/MiniOzoneClusterImpl-1c236c99-c7c8-4b90-98b3-6d50a358b8d8/datanode-0/data/ratis/b2d346f2-abad-4ad7-b329-97e4151b2859/current/log_inprogress_0
2021-07-27 15:00:22,192 [EventQueue-PipelineReportForPipelineReportHandler] INFO  pipeline.PipelineManagerV2Impl (PipelineManagerV2Impl.java:openPipeline(283)) - Pipeline Pipeline[ Id: b2d346f2-abad-4ad7-b329-97e4151b2859, Nodes: 0f3e4899-df55-4e14-9f73-38fb9ca0f37c{ip: 127.0.0.1, host: localhost, ports: [REPLICATION=42217, RATIS=42961, RATIS_ADMIN=42961, RATIS_SERVER=42961, STANDALONE=42119], networkLocation: /default-rack, certSerialId: null, persistedOpState: IN_SERVICE, persistedOpStateExpiryEpochSec: 0}43f332dd-3581-45f2-86c5-cce36549d707{ip: 127.0.0.1, host: localhost, ports: [REPLICATION=39387, RATIS=37911, RATIS_ADMIN=37911, RATIS_SERVER=37911, STANDALONE=43717], networkLocation: /default-rack, certSerialId: null, persistedOpState: IN_SERVICE, persistedOpStateExpiryEpochSec: 0}86d9546c-cd65-42b3-a7f1-5b54ee2fc6d0{ip: 127.0.0.1, host: localhost, ports: [REPLICATION=39859, RATIS=45791, RATIS_ADMIN=45791, RATIS_SERVER=45791, STANDALONE=46733], networkLocation: /default-rack, certSerialId: null, persistedOpState: IN_SERVICE, persistedOpStateExpiryEpochSec: 0}, ReplicationConfig: RATIS/THREE, State:ALLOCATED, leaderId:43f332dd-3581-45f2-86c5-cce36549d707, CreationTimestamp2021-07-27T15:00:09.443Z[Etc/UTC]] moved to OPEN state
2021-07-27 15:00:22,203 [EventQueue-PipelineReportForPipelineReportHandler] INFO  ha.SCMHAInvocationHandler (SCMHAInvocationHandler.java:invokeRatis(113)) - Invoking method public abstract void org.apache.hadoop.hdds.scm.pipeline.StateManager.updatePipelineState(org.apache.hadoop.hdds.protocol.proto.HddsProtos$PipelineID,org.apache.hadoop.hdds.protocol.proto.HddsProtos$PipelineState) throws java.io.IOException on target org.apache.hadoop.hdds.scm.ha.SCMRatisServerImpl@474a1355, cost 1534.01us
2021-07-27 15:00:22,203 [EventQueue-OpenPipelineForHealthyPipelineSafeModeRule] INFO  safemode.SCMSafeModeManager (HealthyPipelineSafeModeRule.java:process(124)) - SCM in safe mode. Healthy pipelines reported count is 0, required healthy pipeline reported count is 1
2021-07-27 15:00:22,217 [grpc-default-executor-0] INFO  server.RaftServer$Division (ServerState.java:setRaftConf(387)) - 86d9546c-cd65-42b3-a7f1-5b54ee2fc6d0@group-97E4151B2859: set configuration 0: [43f332dd-3581-45f2-86c5-cce36549d707|rpc:127.0.0.1:37911|dataStream:|priority:1, 86d9546c-cd65-42b3-a7f1-5b54ee2fc6d0|rpc:127.0.0.1:45791|dataStream:|priority:0, 0f3e4899-df55-4e14-9f73-38fb9ca0f37c|rpc:127.0.0.1:42961|dataStream:|priority:0], old=null
2021-07-27 15:00:22,217 [grpc-default-executor-0] INFO  segmented.SegmentedRaftLogWorker (SegmentedRaftLogWorker.java:startLogSegment(394)) - 86d9546c-cd65-42b3-a7f1-5b54ee2fc6d0@group-97E4151B2859-SegmentedRaftLogWorker: Starting segment from index:0
2021-07-27 15:00:22,206 [b07764cb-34df-45d7-9560-8ac949593b7a@group-6D50A358B8D8-StateMachineUpdater] INFO  safemode.HealthyPipelineSafeModeRule (HealthyPipelineSafeModeRule.java:initializeRule(152)) - Refreshed total pipeline count is 1, healthy pipeline threshold count is 1
2021-07-27 15:00:22,218 [EventQueue-PipelineReportForPipelineReportHandler] INFO  ha.SCMHAInvocationHandler (SCMHAInvocationHandler.java:invokeRatis(113)) - Invoking method public abstract void org.apache.hadoop.hdds.scm.pipeline.StateManager.updatePipelineState(org.apache.hadoop.hdds.protocol.proto.HddsProtos$PipelineID,org.apache.hadoop.hdds.protocol.proto.HddsProtos$PipelineState) throws java.io.IOException on target org.apache.hadoop.hdds.scm.ha.SCMRatisServerImpl@3bf5589b, cost 18740.028us
2021-07-27 15:00:22,218 [EventQueue-OpenPipelineForHealthyPipelineSafeModeRule] INFO  safemode.SCMSafeModeManager (HealthyPipelineSafeModeRule.java:process(124)) - SCM in safe mode. Healthy pipelines reported count is 1, required healthy pipeline reported count is 1
2021-07-27 15:00:22,218 [EventQueue-OpenPipelineForHealthyPipelineSafeModeRule] INFO  safemode.SCMSafeModeManager (SCMSafeModeManager.java:validateSafeModeExitRules(204)) - HealthyPipelineSafeModeRule rule is successfully validated
2021-07-27 15:00:22,218 [EventQueue-OpenPipelineForHealthyPipelineSafeModeRule] INFO  safemode.SCMSafeModeManager (SCMSafeModeManager.java:validateSafeModeExitRules(219)) - ScmSafeModeManager, all rules are successfully validated
2021-07-27 15:00:22,218 [EventQueue-OpenPipelineForHealthyPipelineSafeModeRule] INFO  safemode.SCMSafeModeManager (SCMSafeModeManager.java:exitSafeMode(248)) - SCM exiting safe mode.
2021-07-27 15:00:22,218 [EventQueue-OpenPipelineForHealthyPipelineSafeModeRule] WARN  events.EventQueue (EventQueue.java:fireEvent(194)) - No event handler registered for event TypedEvent{payloadType=SafeModeStatus, name='Safe mode status'}
2021-07-27 15:00:22,219 [EventQueue-OpenPipelineForHealthyPipelineSafeModeRule] INFO  ha.SCMContext (SCMContext.java:updateSafeModeStatus(205)) - Update SafeModeStatus from SafeModeStatus{safeModeStatus=true, preCheckPassed=true} to SafeModeStatus{safeModeStatus=false, preCheckPassed=true}.
2021-07-27 15:00:22,219 [EventQueue-OpenPipelineForHealthyPipelineSafeModeRule] INFO  container.ReplicationManager (ReplicationManager.java:notifyStatusChanged(1686)) - Service ReplicationManager transitions to RUNNING.
2021-07-27 15:00:22,217 [grpc-default-executor-1] INFO  server.RaftServer$Division (ServerState.java:setRaftConf(387)) - 0f3e4899-df55-4e14-9f73-38fb9ca0f37c@group-97E4151B2859: set configuration 0: [43f332dd-3581-45f2-86c5-cce36549d707|rpc:127.0.0.1:37911|dataStream:|priority:1, 86d9546c-cd65-42b3-a7f1-5b54ee2fc6d0|rpc:127.0.0.1:45791|dataStream:|priority:0, 0f3e4899-df55-4e14-9f73-38fb9ca0f37c|rpc:127.0.0.1:42961|dataStream:|priority:0], old=null
2021-07-27 15:00:22,219 [grpc-default-executor-1] INFO  segmented.SegmentedRaftLogWorker (SegmentedRaftLogWorker.java:startLogSegment(394)) - 0f3e4899-df55-4e14-9f73-38fb9ca0f37c@group-97E4151B2859-SegmentedRaftLogWorker: Starting segment from index:0
2021-07-27 15:00:22,220 [112e9cde-9cb9-43e4-9ef1-6a6d7fd9222c@group-6D50A358B8D8-StateMachineUpdater] INFO  safemode.HealthyPipelineSafeModeRule (HealthyPipelineSafeModeRule.java:initializeRule(152)) - Refreshed total pipeline count is 1, healthy pipeline threshold count is 1
2021-07-27 15:00:22,220 [86d9546c-cd65-42b3-a7f1-5b54ee2fc6d0@group-97E4151B2859-SegmentedRaftLogWorker] INFO  segmented.SegmentedRaftLogWorker (SegmentedRaftLogWorker.java:execute(601)) - 86d9546c-cd65-42b3-a7f1-5b54ee2fc6d0@group-97E4151B2859-SegmentedRaftLogWorker: created new log segment /home/runner/work/ozone/ozone/mnt/ozone/hadoop-ozone/integration-test/target/test-dir/MiniOzoneClusterImpl-1c236c99-c7c8-4b90-98b3-6d50a358b8d8/datanode-2/data/ratis/b2d346f2-abad-4ad7-b329-97e4151b2859/current/log_inprogress_0
2021-07-27 15:00:22,221 [0f3e4899-df55-4e14-9f73-38fb9ca0f37c@group-97E4151B2859-SegmentedRaftLogWorker] INFO  segmented.SegmentedRaftLogWorker (SegmentedRaftLogWorker.java:execute(601)) - 0f3e4899-df55-4e14-9f73-38fb9ca0f37c@group-97E4151B2859-SegmentedRaftLogWorker: created new log segment /home/runner/work/ozone/ozone/mnt/ozone/hadoop-ozone/integration-test/target/test-dir/MiniOzoneClusterImpl-1c236c99-c7c8-4b90-98b3-6d50a358b8d8/datanode-1/data/ratis/b2d346f2-abad-4ad7-b329-97e4151b2859/current/log_inprogress_0
2021-07-27 15:00:22,404 [Listener at 127.0.0.1/12788] INFO  ozone.MiniOzoneClusterImpl (MiniOzoneClusterImpl.java:lambda$waitForClusterToBeReady$0(235)) - Nodes are ready. Got 3 of 3 DN Heartbeats.
2021-07-27 15:00:22,406 [Listener at 127.0.0.1/12788] INFO  ozone.MiniOzoneClusterImpl (MiniOzoneClusterImpl.java:lambda$waitForClusterToBeReady$0(238)) - Cluster exits safe mode
2021-07-27 15:00:22,406 [Listener at 127.0.0.1/12788] INFO  ozone.MiniOzoneClusterImpl (MiniOzoneClusterImpl.java:lambda$waitForClusterToBeReady$0(240)) - SCM became leader
2021-07-27 15:00:22,425 [Listener at 127.0.0.1/12788] INFO  ha.SCMHAInvocationHandler (SCMHAInvocationHandler.java:invokeRatis(113)) - Invoking method public abstract java.lang.Boolean org.apache.hadoop.hdds.scm.ha.SequenceIdGenerator$StateManager.allocateBatch(java.lang.String,java.lang.Long,java.lang.Long) on target org.apache.hadoop.hdds.scm.ha.SCMRatisServerImpl@3bf5589b, cost 11384.178us
2021-07-27 15:00:22,425 [Listener at 127.0.0.1/12788] INFO  ha.SequenceIdGenerator (SequenceIdGenerator.java:getNextId(127)) - Allocate a batch for containerId, change lastId from 0 to 1000.
2021-07-27 15:00:22,425 [112e9cde-9cb9-43e4-9ef1-6a6d7fd9222c@group-6D50A358B8D8-StateMachineUpdater] INFO  safemode.HealthyPipelineSafeModeRule (HealthyPipelineSafeModeRule.java:initializeRule(152)) - Refreshed total pipeline count is 1, healthy pipeline threshold count is 1
2021-07-27 15:00:22,428 [112e9cde-9cb9-43e4-9ef1-6a6d7fd9222c@group-6D50A358B8D8-StateMachineUpdater] INFO  ha.SCMStateMachine (SCMStateMachine.java:takeSnapshot(290)) - Current Snapshot Index 25, takeSnapshot took 0 ms
2021-07-27 15:00:22,428 [112e9cde-9cb9-43e4-9ef1-6a6d7fd9222c@group-6D50A358B8D8-StateMachineUpdater] INFO  impl.StateMachineUpdater (StateMachineUpdater.java:takeSnapshot(281)) - 112e9cde-9cb9-43e4-9ef1-6a6d7fd9222c@group-6D50A358B8D8-StateMachineUpdater: Took a snapshot at index 25
2021-07-27 15:00:22,428 [112e9cde-9cb9-43e4-9ef1-6a6d7fd9222c@group-6D50A358B8D8-StateMachineUpdater] INFO  impl.StateMachineUpdater (StateMachineUpdater.java:lambda$new$0(89)) - 112e9cde-9cb9-43e4-9ef1-6a6d7fd9222c@group-6D50A358B8D8-StateMachineUpdater: snapshotIndex: updateIncreasingly 20 -> 25
2021-07-27 15:00:22,428 [112e9cde-9cb9-43e4-9ef1-6a6d7fd9222c@group-6D50A358B8D8-StateMachineUpdater] INFO  raftlog.RaftLog (RaftLogBase.java:purge(306)) - 112e9cde-9cb9-43e4-9ef1-6a6d7fd9222c@group-6D50A358B8D8-SegmentedRaftLog: purge 25
2021-07-27 15:00:22,428 [112e9cde-9cb9-43e4-9ef1-6a6d7fd9222c@group-6D50A358B8D8-StateMachineUpdater] INFO  raftlog.RaftLog (RaftLogBase.java:lambda$new$0(53)) - 112e9cde-9cb9-43e4-9ef1-6a6d7fd9222c@group-6D50A358B8D8-SegmentedRaftLog: snapshotIndex: updateIncreasingly 20 -> 25
2021-07-27 15:00:22,428 [112e9cde-9cb9-43e4-9ef1-6a6d7fd9222c@group-6D50A358B8D8-StateMachineUpdater] INFO  raftlog.RaftLog (RaftLogBase.java:lambda$new$0(53)) - 112e9cde-9cb9-43e4-9ef1-6a6d7fd9222c@group-6D50A358B8D8-SegmentedRaftLog: purgeIndex: updateToMax old=20, new=25, updated? true
2021-07-27 15:00:22,425 [b07764cb-34df-45d7-9560-8ac949593b7a@group-6D50A358B8D8-StateMachineUpdater] INFO  ha.SCMStateMachine (SCMStateMachine.java:takeSnapshot(290)) - Current Snapshot Index 25, takeSnapshot took 0 ms
2021-07-27 15:00:22,428 [b07764cb-34df-45d7-9560-8ac949593b7a@group-6D50A358B8D8-StateMachineUpdater] INFO  impl.StateMachineUpdater (StateMachineUpdater.java:takeSnapshot(281)) - b07764cb-34df-45d7-9560-8ac949593b7a@group-6D50A358B8D8-StateMachineUpdater: Took a snapshot at index 25
2021-07-27 15:00:22,428 [b07764cb-34df-45d7-9560-8ac949593b7a@group-6D50A358B8D8-StateMachineUpdater] INFO  impl.StateMachineUpdater (StateMachineUpdater.java:lambda$new$0(89)) - b07764cb-34df-45d7-9560-8ac949593b7a@group-6D50A358B8D8-StateMachineUpdater: snapshotIndex: updateIncreasingly 20 -> 25
2021-07-27 15:00:22,428 [b07764cb-34df-45d7-9560-8ac949593b7a@group-6D50A358B8D8-StateMachineUpdater] INFO  raftlog.RaftLog (RaftLogBase.java:purge(306)) - b07764cb-34df-45d7-9560-8ac949593b7a@group-6D50A358B8D8-SegmentedRaftLog: purge 25
2021-07-27 15:00:22,429 [b07764cb-34df-45d7-9560-8ac949593b7a@group-6D50A358B8D8-StateMachineUpdater] INFO  raftlog.RaftLog (RaftLogBase.java:lambda$new$0(53)) - b07764cb-34df-45d7-9560-8ac949593b7a@group-6D50A358B8D8-SegmentedRaftLog: snapshotIndex: updateIncreasingly 20 -> 25
2021-07-27 15:00:22,429 [b07764cb-34df-45d7-9560-8ac949593b7a@group-6D50A358B8D8-StateMachineUpdater] INFO  raftlog.RaftLog (RaftLogBase.java:lambda$new$0(53)) - b07764cb-34df-45d7-9560-8ac949593b7a@group-6D50A358B8D8-SegmentedRaftLog: purgeIndex: updateToMax old=20, new=25, updated? true
2021-07-27 15:00:22,439 [Listener at 127.0.0.1/12788] INFO  ha.SCMHAInvocationHandler (SCMHAInvocationHandler.java:invokeRatis(113)) - Invoking method public abstract void org.apache.hadoop.hdds.scm.container.ContainerStateManagerV2.addContainer(org.apache.hadoop.hdds.protocol.proto.HddsProtos$ContainerInfoProto) throws java.io.IOException on target org.apache.hadoop.hdds.scm.ha.SCMRatisServerImpl@3bf5589b, cost 10011.469us
2021-07-27 15:00:22,442 [112e9cde-9cb9-43e4-9ef1-6a6d7fd9222c@group-6D50A358B8D8-StateMachineUpdater] INFO  safemode.HealthyPipelineSafeModeRule (HealthyPipelineSafeModeRule.java:initializeRule(152)) - Refreshed total pipeline count is 1, healthy pipeline threshold count is 1
2021-07-27 15:00:22,546 [Listener at 127.0.0.1/12788] INFO  ha.SCMHAInvocationHandler (SCMHAInvocationHandler.java:invokeRatis(113)) - Invoking method public abstract void org.apache.hadoop.hdds.scm.container.ContainerStateManagerV2.addContainer(org.apache.hadoop.hdds.protocol.proto.HddsProtos$ContainerInfoProto) throws java.io.IOException on target org.apache.hadoop.hdds.scm.ha.SCMRatisServerImpl@3bf5589b, cost 4711.633us
2021-07-27 15:00:22,547 [112e9cde-9cb9-43e4-9ef1-6a6d7fd9222c@group-6D50A358B8D8-StateMachineUpdater] INFO  safemode.HealthyPipelineSafeModeRule (HealthyPipelineSafeModeRule.java:initializeRule(152)) - Refreshed total pipeline count is 1, healthy pipeline threshold count is 1
2021-07-27 15:00:22,548 [b07764cb-34df-45d7-9560-8ac949593b7a@group-6D50A358B8D8-StateMachineUpdater] INFO  ha.SCMStateMachine (SCMStateMachine.java:takeSnapshot(290)) - Current Snapshot Index 30, takeSnapshot took 0 ms
2021-07-27 15:00:22,549 [b07764cb-34df-45d7-9560-8ac949593b7a@group-6D50A358B8D8-StateMachineUpdater] INFO  impl.StateMachineUpdater (StateMachineUpdater.java:takeSnapshot(281)) - b07764cb-34df-45d7-9560-8ac949593b7a@group-6D50A358B8D8-StateMachineUpdater: Took a snapshot at index 30
2021-07-27 15:00:22,549 [b07764cb-34df-45d7-9560-8ac949593b7a@group-6D50A358B8D8-StateMachineUpdater] INFO  impl.StateMachineUpdater (StateMachineUpdater.java:lambda$new$0(89)) - b07764cb-34df-45d7-9560-8ac949593b7a@group-6D50A358B8D8-StateMachineUpdater: snapshotIndex: updateIncreasingly 25 -> 30
2021-07-27 15:00:22,549 [b07764cb-34df-45d7-9560-8ac949593b7a@group-6D50A358B8D8-StateMachineUpdater] INFO  raftlog.RaftLog (RaftLogBase.java:purge(306)) - b07764cb-34df-45d7-9560-8ac949593b7a@group-6D50A358B8D8-SegmentedRaftLog: purge 30
2021-07-27 15:00:22,549 [b07764cb-34df-45d7-9560-8ac949593b7a@group-6D50A358B8D8-StateMachineUpdater] INFO  raftlog.RaftLog (RaftLogBase.java:lambda$new$0(53)) - b07764cb-34df-45d7-9560-8ac949593b7a@group-6D50A358B8D8-SegmentedRaftLog: snapshotIndex: updateIncreasingly 25 -> 30
2021-07-27 15:00:22,549 [b07764cb-34df-45d7-9560-8ac949593b7a@group-6D50A358B8D8-StateMachineUpdater] INFO  raftlog.RaftLog (RaftLogBase.java:lambda$new$0(53)) - b07764cb-34df-45d7-9560-8ac949593b7a@group-6D50A358B8D8-SegmentedRaftLog: purgeIndex: updateToMax old=25, new=30, updated? true
2021-07-27 15:00:22,649 [112e9cde-9cb9-43e4-9ef1-6a6d7fd9222c@group-6D50A358B8D8-StateMachineUpdater] INFO  ha.SCMStateMachine (SCMStateMachine.java:takeSnapshot(290)) - Current Snapshot Index 30, takeSnapshot took 1 ms
2021-07-27 15:00:22,649 [112e9cde-9cb9-43e4-9ef1-6a6d7fd9222c@group-6D50A358B8D8-StateMachineUpdater] INFO  impl.StateMachineUpdater (StateMachineUpdater.java:takeSnapshot(281)) - 112e9cde-9cb9-43e4-9ef1-6a6d7fd9222c@group-6D50A358B8D8-StateMachineUpdater: Took a snapshot at index 30
2021-07-27 15:00:22,649 [112e9cde-9cb9-43e4-9ef1-6a6d7fd9222c@group-6D50A358B8D8-StateMachineUpdater] INFO  impl.StateMachineUpdater (StateMachineUpdater.java:lambda$new$0(89)) - 112e9cde-9cb9-43e4-9ef1-6a6d7fd9222c@group-6D50A358B8D8-StateMachineUpdater: snapshotIndex: updateIncreasingly 25 -> 30
2021-07-27 15:00:22,650 [112e9cde-9cb9-43e4-9ef1-6a6d7fd9222c@group-6D50A358B8D8-StateMachineUpdater] INFO  raftlog.RaftLog (RaftLogBase.java:purge(306)) - 112e9cde-9cb9-43e4-9ef1-6a6d7fd9222c@group-6D50A358B8D8-SegmentedRaftLog: purge 30
2021-07-27 15:00:22,650 [112e9cde-9cb9-43e4-9ef1-6a6d7fd9222c@group-6D50A358B8D8-StateMachineUpdater] INFO  raftlog.RaftLog (RaftLogBase.java:lambda$new$0(53)) - 112e9cde-9cb9-43e4-9ef1-6a6d7fd9222c@group-6D50A358B8D8-SegmentedRaftLog: snapshotIndex: updateIncreasingly 25 -> 30
2021-07-27 15:00:22,650 [112e9cde-9cb9-43e4-9ef1-6a6d7fd9222c@group-6D50A358B8D8-StateMachineUpdater] INFO  raftlog.RaftLog (RaftLogBase.java:lambda$new$0(53)) - 112e9cde-9cb9-43e4-9ef1-6a6d7fd9222c@group-6D50A358B8D8-SegmentedRaftLog: purgeIndex: updateToMax old=25, new=30, updated? true
2021-07-27 15:00:22,651 [Listener at 127.0.0.1/12788] INFO  ha.SCMHAInvocationHandler (SCMHAInvocationHandler.java:invokeRatis(113)) - Invoking method public abstract void org.apache.hadoop.hdds.scm.container.ContainerStateManagerV2.addContainer(org.apache.hadoop.hdds.protocol.proto.HddsProtos$ContainerInfoProto) throws java.io.IOException on target org.apache.hadoop.hdds.scm.ha.SCMRatisServerImpl@3bf5589b, cost 3990.428us
2021-07-27 15:00:22,654 [112e9cde-9cb9-43e4-9ef1-6a6d7fd9222c@group-6D50A358B8D8-StateMachineUpdater] INFO  safemode.HealthyPipelineSafeModeRule (HealthyPipelineSafeModeRule.java:initializeRule(152)) - Refreshed total pipeline count is 1, healthy pipeline threshold count is 1
2021-07-27 15:00:22,758 [Listener at 127.0.0.1/12788] INFO  ha.SCMHAInvocationHandler (SCMHAInvocationHandler.java:invokeRatis(113)) - Invoking method public abstract void org.apache.hadoop.hdds.scm.container.ContainerStateManagerV2.addContainer(org.apache.hadoop.hdds.protocol.proto.HddsProtos$ContainerInfoProto) throws java.io.IOException on target org.apache.hadoop.hdds.scm.ha.SCMRatisServerImpl@3bf5589b, cost 7165.249us
2021-07-27 15:00:22,763 [112e9cde-9cb9-43e4-9ef1-6a6d7fd9222c@group-6D50A358B8D8-StateMachineUpdater] INFO  safemode.HealthyPipelineSafeModeRule (HealthyPipelineSafeModeRule.java:initializeRule(152)) - Refreshed total pipeline count is 1, healthy pipeline threshold count is 1
2021-07-27 15:00:22,864 [b07764cb-34df-45d7-9560-8ac949593b7a@group-6D50A358B8D8-StateMachineUpdater] INFO  ha.SCMStateMachine (SCMStateMachine.java:takeSnapshot(290)) - Current Snapshot Index 35, takeSnapshot took 0 ms
2021-07-27 15:00:22,864 [b07764cb-34df-45d7-9560-8ac949593b7a@group-6D50A358B8D8-StateMachineUpdater] INFO  impl.StateMachineUpdater (StateMachineUpdater.java:takeSnapshot(281)) - b07764cb-34df-45d7-9560-8ac949593b7a@group-6D50A358B8D8-StateMachineUpdater: Took a snapshot at index 35
2021-07-27 15:00:22,864 [b07764cb-34df-45d7-9560-8ac949593b7a@group-6D50A358B8D8-StateMachineUpdater] INFO  impl.StateMachineUpdater (StateMachineUpdater.java:lambda$new$0(89)) - b07764cb-34df-45d7-9560-8ac949593b7a@group-6D50A358B8D8-StateMachineUpdater: snapshotIndex: updateIncreasingly 30 -> 35
2021-07-27 15:00:22,864 [b07764cb-34df-45d7-9560-8ac949593b7a@group-6D50A358B8D8-StateMachineUpdater] INFO  raftlog.RaftLog (RaftLogBase.java:purge(306)) - b07764cb-34df-45d7-9560-8ac949593b7a@group-6D50A358B8D8-SegmentedRaftLog: purge 35
2021-07-27 15:00:22,864 [b07764cb-34df-45d7-9560-8ac949593b7a@group-6D50A358B8D8-StateMachineUpdater] INFO  raftlog.RaftLog (RaftLogBase.java:lambda$new$0(53)) - b07764cb-34df-45d7-9560-8ac949593b7a@group-6D50A358B8D8-SegmentedRaftLog: snapshotIndex: updateIncreasingly 30 -> 35
2021-07-27 15:00:22,864 [b07764cb-34df-45d7-9560-8ac949593b7a@group-6D50A358B8D8-StateMachineUpdater] INFO  raftlog.RaftLog (RaftLogBase.java:lambda$new$0(53)) - b07764cb-34df-45d7-9560-8ac949593b7a@group-6D50A358B8D8-SegmentedRaftLog: purgeIndex: updateToMax old=30, new=35, updated? true
2021-07-27 15:00:22,864 [Listener at 127.0.0.1/12788] INFO  ha.SCMHAInvocationHandler (SCMHAInvocationHandler.java:invokeRatis(113)) - Invoking method public abstract void org.apache.hadoop.hdds.scm.container.ContainerStateManagerV2.addContainer(org.apache.hadoop.hdds.protocol.proto.HddsProtos$ContainerInfoProto) throws java.io.IOException on target org.apache.hadoop.hdds.scm.ha.SCMRatisServerImpl@3bf5589b, cost 5125.135us
2021-07-27 15:00:22,865 [112e9cde-9cb9-43e4-9ef1-6a6d7fd9222c@group-6D50A358B8D8-StateMachineUpdater] INFO  safemode.HealthyPipelineSafeModeRule (HealthyPipelineSafeModeRule.java:initializeRule(152)) - Refreshed total pipeline count is 1, healthy pipeline threshold count is 1
2021-07-27 15:00:22,866 [112e9cde-9cb9-43e4-9ef1-6a6d7fd9222c@group-6D50A358B8D8-StateMachineUpdater] INFO  ha.SCMStateMachine (SCMStateMachine.java:takeSnapshot(290)) - Current Snapshot Index 35, takeSnapshot took 0 ms
2021-07-27 15:00:22,866 [112e9cde-9cb9-43e4-9ef1-6a6d7fd9222c@group-6D50A358B8D8-StateMachineUpdater] INFO  impl.StateMachineUpdater (StateMachineUpdater.java:takeSnapshot(281)) - 112e9cde-9cb9-43e4-9ef1-6a6d7fd9222c@group-6D50A358B8D8-StateMachineUpdater: Took a snapshot at index 35
2021-07-27 15:00:22,866 [112e9cde-9cb9-43e4-9ef1-6a6d7fd9222c@group-6D50A358B8D8-StateMachineUpdater] INFO  impl.StateMachineUpdater (StateMachineUpdater.java:lambda$new$0(89)) - 112e9cde-9cb9-43e4-9ef1-6a6d7fd9222c@group-6D50A358B8D8-StateMachineUpdater: snapshotIndex: updateIncreasingly 30 -> 35
2021-07-27 15:00:22,866 [112e9cde-9cb9-43e4-9ef1-6a6d7fd9222c@group-6D50A358B8D8-StateMachineUpdater] INFO  raftlog.RaftLog (RaftLogBase.java:purge(306)) - 112e9cde-9cb9-43e4-9ef1-6a6d7fd9222c@group-6D50A358B8D8-SegmentedRaftLog: purge 35
2021-07-27 15:00:22,866 [112e9cde-9cb9-43e4-9ef1-6a6d7fd9222c@group-6D50A358B8D8-StateMachineUpdater] INFO  raftlog.RaftLog (RaftLogBase.java:lambda$new$0(53)) - 112e9cde-9cb9-43e4-9ef1-6a6d7fd9222c@group-6D50A358B8D8-SegmentedRaftLog: snapshotIndex: updateIncreasingly 30 -> 35
2021-07-27 15:00:22,866 [112e9cde-9cb9-43e4-9ef1-6a6d7fd9222c@group-6D50A358B8D8-StateMachineUpdater] INFO  raftlog.RaftLog (RaftLogBase.java:lambda$new$0(53)) - 112e9cde-9cb9-43e4-9ef1-6a6d7fd9222c@group-6D50A358B8D8-SegmentedRaftLog: purgeIndex: updateToMax old=30, new=35, updated? true
2021-07-27 15:00:22,969 [Listener at 127.0.0.1/12788] INFO  ha.SCMHAInvocationHandler (SCMHAInvocationHandler.java:invokeRatis(113)) - Invoking method public abstract void org.apache.hadoop.hdds.scm.container.ContainerStateManagerV2.addContainer(org.apache.hadoop.hdds.protocol.proto.HddsProtos$ContainerInfoProto) throws java.io.IOException on target org.apache.hadoop.hdds.scm.ha.SCMRatisServerImpl@3bf5589b, cost 4525.431us
2021-07-27 15:00:22,971 [112e9cde-9cb9-43e4-9ef1-6a6d7fd9222c@group-6D50A358B8D8-StateMachineUpdater] INFO  safemode.HealthyPipelineSafeModeRule (HealthyPipelineSafeModeRule.java:initializeRule(152)) - Refreshed total pipeline count is 1, healthy pipeline threshold count is 1
2021-07-27 15:00:23,074 [Listener at 127.0.0.1/12788] INFO  ha.SCMHAInvocationHandler (SCMHAInvocationHandler.java:invokeRatis(113)) - Invoking method public abstract void org.apache.hadoop.hdds.scm.container.ContainerStateManagerV2.addContainer(org.apache.hadoop.hdds.protocol.proto.HddsProtos$ContainerInfoProto) throws java.io.IOException on target org.apache.hadoop.hdds.scm.ha.SCMRatisServerImpl@3bf5589b, cost 4835.033us
2021-07-27 15:00:23,076 [112e9cde-9cb9-43e4-9ef1-6a6d7fd9222c@group-6D50A358B8D8-StateMachineUpdater] INFO  safemode.HealthyPipelineSafeModeRule (HealthyPipelineSafeModeRule.java:initializeRule(152)) - Refreshed total pipeline count is 1, healthy pipeline threshold count is 1
2021-07-27 15:00:23,077 [b07764cb-34df-45d7-9560-8ac949593b7a@group-6D50A358B8D8-StateMachineUpdater] INFO  ha.SCMStateMachine (SCMStateMachine.java:takeSnapshot(290)) - Current Snapshot Index 40, takeSnapshot took 0 ms
2021-07-27 15:00:23,077 [b07764cb-34df-45d7-9560-8ac949593b7a@group-6D50A358B8D8-StateMachineUpdater] INFO  impl.StateMachineUpdater (StateMachineUpdater.java:takeSnapshot(281)) - b07764cb-34df-45d7-9560-8ac949593b7a@group-6D50A358B8D8-StateMachineUpdater: Took a snapshot at index 40
2021-07-27 15:00:23,077 [b07764cb-34df-45d7-9560-8ac949593b7a@group-6D50A358B8D8-StateMachineUpdater] INFO  impl.StateMachineUpdater (StateMachineUpdater.java:lambda$new$0(89)) - b07764cb-34df-45d7-9560-8ac949593b7a@group-6D50A358B8D8-StateMachineUpdater: snapshotIndex: updateIncreasingly 35 -> 40
2021-07-27 15:00:23,077 [b07764cb-34df-45d7-9560-8ac949593b7a@group-6D50A358B8D8-StateMachineUpdater] INFO  raftlog.RaftLog (RaftLogBase.java:purge(306)) - b07764cb-34df-45d7-9560-8ac949593b7a@group-6D50A358B8D8-SegmentedRaftLog: purge 40
2021-07-27 15:00:23,077 [b07764cb-34df-45d7-9560-8ac949593b7a@group-6D50A358B8D8-StateMachineUpdater] INFO  raftlog.RaftLog (RaftLogBase.java:lambda$new$0(53)) - b07764cb-34df-45d7-9560-8ac949593b7a@group-6D50A358B8D8-SegmentedRaftLog: snapshotIndex: updateIncreasingly 35 -> 40
2021-07-27 15:00:23,077 [b07764cb-34df-45d7-9560-8ac949593b7a@group-6D50A358B8D8-StateMachineUpdater] INFO  raftlog.RaftLog (RaftLogBase.java:lambda$new$0(53)) - b07764cb-34df-45d7-9560-8ac949593b7a@group-6D50A358B8D8-SegmentedRaftLog: purgeIndex: updateToMax old=35, new=40, updated? true
2021-07-27 15:00:23,178 [112e9cde-9cb9-43e4-9ef1-6a6d7fd9222c@group-6D50A358B8D8-StateMachineUpdater] INFO  ha.SCMStateMachine (SCMStateMachine.java:takeSnapshot(290)) - Current Snapshot Index 40, takeSnapshot took 1 ms
2021-07-27 15:00:23,179 [112e9cde-9cb9-43e4-9ef1-6a6d7fd9222c@group-6D50A358B8D8-StateMachineUpdater] INFO  impl.StateMachineUpdater (StateMachineUpdater.java:takeSnapshot(281)) - 112e9cde-9cb9-43e4-9ef1-6a6d7fd9222c@group-6D50A358B8D8-StateMachineUpdater: Took a snapshot at index 40
2021-07-27 15:00:23,179 [112e9cde-9cb9-43e4-9ef1-6a6d7fd9222c@group-6D50A358B8D8-StateMachineUpdater] INFO  impl.StateMachineUpdater (StateMachineUpdater.java:lambda$new$0(89)) - 112e9cde-9cb9-43e4-9ef1-6a6d7fd9222c@group-6D50A358B8D8-StateMachineUpdater: snapshotIndex: updateIncreasingly 35 -> 40
2021-07-27 15:00:23,179 [112e9cde-9cb9-43e4-9ef1-6a6d7fd9222c@group-6D50A358B8D8-StateMachineUpdater] INFO  raftlog.RaftLog (RaftLogBase.java:purge(306)) - 112e9cde-9cb9-43e4-9ef1-6a6d7fd9222c@group-6D50A358B8D8-SegmentedRaftLog: purge 40
2021-07-27 15:00:23,179 [112e9cde-9cb9-43e4-9ef1-6a6d7fd9222c@group-6D50A358B8D8-StateMachineUpdater] INFO  raftlog.RaftLog (RaftLogBase.java:lambda$new$0(53)) - 112e9cde-9cb9-43e4-9ef1-6a6d7fd9222c@group-6D50A358B8D8-SegmentedRaftLog: snapshotIndex: updateIncreasingly 35 -> 40
2021-07-27 15:00:23,179 [112e9cde-9cb9-43e4-9ef1-6a6d7fd9222c@group-6D50A358B8D8-StateMachineUpdater] INFO  raftlog.RaftLog (RaftLogBase.java:lambda$new$0(53)) - 112e9cde-9cb9-43e4-9ef1-6a6d7fd9222c@group-6D50A358B8D8-SegmentedRaftLog: purgeIndex: updateToMax old=35, new=40, updated? true
2021-07-27 15:00:23,180 [Listener at 127.0.0.1/12788] INFO  ha.SCMHAInvocationHandler (SCMHAInvocationHandler.java:invokeRatis(113)) - Invoking method public abstract void org.apache.hadoop.hdds.scm.container.ContainerStateManagerV2.addContainer(org.apache.hadoop.hdds.protocol.proto.HddsProtos$ContainerInfoProto) throws java.io.IOException on target org.apache.hadoop.hdds.scm.ha.SCMRatisServerImpl@3bf5589b, cost 4858.833us
2021-07-27 15:00:23,182 [112e9cde-9cb9-43e4-9ef1-6a6d7fd9222c@group-6D50A358B8D8-StateMachineUpdater] INFO  safemode.HealthyPipelineSafeModeRule (HealthyPipelineSafeModeRule.java:initializeRule(152)) - Refreshed total pipeline count is 1, healthy pipeline threshold count is 1
2021-07-27 15:00:23,285 [Listener at 127.0.0.1/12788] INFO  ha.SCMHAInvocationHandler (SCMHAInvocationHandler.java:invokeRatis(113)) - Invoking method public abstract void org.apache.hadoop.hdds.scm.container.ContainerStateManagerV2.addContainer(org.apache.hadoop.hdds.protocol.proto.HddsProtos$ContainerInfoProto) throws java.io.IOException on target org.apache.hadoop.hdds.scm.ha.SCMRatisServerImpl@3bf5589b, cost 4978.334us
2021-07-27 15:00:23,287 [112e9cde-9cb9-43e4-9ef1-6a6d7fd9222c@group-6D50A358B8D8-StateMachineUpdater] INFO  safemode.HealthyPipelineSafeModeRule (HealthyPipelineSafeModeRule.java:initializeRule(152)) - Refreshed total pipeline count is 1, healthy pipeline threshold count is 1
2021-07-27 15:00:23,392 [b07764cb-34df-45d7-9560-8ac949593b7a@group-6D50A358B8D8-StateMachineUpdater] INFO  ha.SCMStateMachine (SCMStateMachine.java:takeSnapshot(290)) - Current Snapshot Index 45, takeSnapshot took 0 ms
2021-07-27 15:00:23,392 [b07764cb-34df-45d7-9560-8ac949593b7a@group-6D50A358B8D8-StateMachineUpdater] INFO  impl.StateMachineUpdater (StateMachineUpdater.java:takeSnapshot(281)) - b07764cb-34df-45d7-9560-8ac949593b7a@group-6D50A358B8D8-StateMachineUpdater: Took a snapshot at index 45
2021-07-27 15:00:23,392 [b07764cb-34df-45d7-9560-8ac949593b7a@group-6D50A358B8D8-StateMachineUpdater] INFO  impl.StateMachineUpdater (StateMachineUpdater.java:lambda$new$0(89)) - b07764cb-34df-45d7-9560-8ac949593b7a@group-6D50A358B8D8-StateMachineUpdater: snapshotIndex: updateIncreasingly 40 -> 45
2021-07-27 15:00:23,392 [b07764cb-34df-45d7-9560-8ac949593b7a@group-6D50A358B8D8-StateMachineUpdater] INFO  raftlog.RaftLog (RaftLogBase.java:purge(306)) - b07764cb-34df-45d7-9560-8ac949593b7a@group-6D50A358B8D8-SegmentedRaftLog: purge 45
2021-07-27 15:00:23,392 [b07764cb-34df-45d7-9560-8ac949593b7a@group-6D50A358B8D8-StateMachineUpdater] INFO  raftlog.RaftLog (RaftLogBase.java:lambda$new$0(53)) - b07764cb-34df-45d7-9560-8ac949593b7a@group-6D50A358B8D8-SegmentedRaftLog: snapshotIndex: updateIncreasingly 40 -> 45
2021-07-27 15:00:23,392 [b07764cb-34df-45d7-9560-8ac949593b7a@group-6D50A358B8D8-StateMachineUpdater] INFO  raftlog.RaftLog (RaftLogBase.java:lambda$new$0(53)) - b07764cb-34df-45d7-9560-8ac949593b7a@group-6D50A358B8D8-SegmentedRaftLog: purgeIndex: updateToMax old=40, new=45, updated? true
2021-07-27 15:00:23,392 [Listener at 127.0.0.1/12788] INFO  ha.SCMHAInvocationHandler (SCMHAInvocationHandler.java:invokeRatis(113)) - Invoking method public abstract void org.apache.hadoop.hdds.scm.container.ContainerStateManagerV2.addContainer(org.apache.hadoop.hdds.protocol.proto.HddsProtos$ContainerInfoProto) throws java.io.IOException on target org.apache.hadoop.hdds.scm.ha.SCMRatisServerImpl@3bf5589b, cost 5707.439us
2021-07-27 15:00:23,393 [112e9cde-9cb9-43e4-9ef1-6a6d7fd9222c@group-6D50A358B8D8-StateMachineUpdater] INFO  safemode.HealthyPipelineSafeModeRule (HealthyPipelineSafeModeRule.java:initializeRule(152)) - Refreshed total pipeline count is 1, healthy pipeline threshold count is 1
2021-07-27 15:00:23,393 [112e9cde-9cb9-43e4-9ef1-6a6d7fd9222c@group-6D50A358B8D8-StateMachineUpdater] INFO  ha.SCMStateMachine (SCMStateMachine.java:takeSnapshot(290)) - Current Snapshot Index 45, takeSnapshot took 1 ms
2021-07-27 15:00:23,393 [112e9cde-9cb9-43e4-9ef1-6a6d7fd9222c@group-6D50A358B8D8-StateMachineUpdater] INFO  impl.StateMachineUpdater (StateMachineUpdater.java:takeSnapshot(281)) - 112e9cde-9cb9-43e4-9ef1-6a6d7fd9222c@group-6D50A358B8D8-StateMachineUpdater: Took a snapshot at index 45
2021-07-27 15:00:23,393 [112e9cde-9cb9-43e4-9ef1-6a6d7fd9222c@group-6D50A358B8D8-StateMachineUpdater] INFO  impl.StateMachineUpdater (StateMachineUpdater.java:lambda$new$0(89)) - 112e9cde-9cb9-43e4-9ef1-6a6d7fd9222c@group-6D50A358B8D8-StateMachineUpdater: snapshotIndex: updateIncreasingly 40 -> 45
2021-07-27 15:00:23,393 [112e9cde-9cb9-43e4-9ef1-6a6d7fd9222c@group-6D50A358B8D8-StateMachineUpdater] INFO  raftlog.RaftLog (RaftLogBase.java:purge(306)) - 112e9cde-9cb9-43e4-9ef1-6a6d7fd9222c@group-6D50A358B8D8-SegmentedRaftLog: purge 45
2021-07-27 15:00:23,393 [112e9cde-9cb9-43e4-9ef1-6a6d7fd9222c@group-6D50A358B8D8-StateMachineUpdater] INFO  raftlog.RaftLog (RaftLogBase.java:lambda$new$0(53)) - 112e9cde-9cb9-43e4-9ef1-6a6d7fd9222c@group-6D50A358B8D8-SegmentedRaftLog: snapshotIndex: updateIncreasingly 40 -> 45
2021-07-27 15:00:23,394 [112e9cde-9cb9-43e4-9ef1-6a6d7fd9222c@group-6D50A358B8D8-StateMachineUpdater] INFO  raftlog.RaftLog (RaftLogBase.java:lambda$new$0(53)) - 112e9cde-9cb9-43e4-9ef1-6a6d7fd9222c@group-6D50A358B8D8-SegmentedRaftLog: purgeIndex: updateToMax old=40, new=45, updated? true
2021-07-27 15:00:23,497 [Listener at 127.0.0.1/12788] INFO  ha.SCMHAInvocationHandler (SCMHAInvocationHandler.java:invokeRatis(113)) - Invoking method public abstract void org.apache.hadoop.hdds.scm.container.ContainerStateManagerV2.addContainer(org.apache.hadoop.hdds.protocol.proto.HddsProtos$ContainerInfoProto) throws java.io.IOException on target org.apache.hadoop.hdds.scm.ha.SCMRatisServerImpl@3bf5589b, cost 4143.328us
2021-07-27 15:00:23,499 [112e9cde-9cb9-43e4-9ef1-6a6d7fd9222c@group-6D50A358B8D8-StateMachineUpdater] INFO  safemode.HealthyPipelineSafeModeRule (HealthyPipelineSafeModeRule.java:initializeRule(152)) - Refreshed total pipeline count is 1, healthy pipeline threshold count is 1
2021-07-27 15:00:23,601 [Listener at 127.0.0.1/12788] INFO  ha.SCMHAInvocationHandler (SCMHAInvocationHandler.java:invokeRatis(113)) - Invoking method public abstract void org.apache.hadoop.hdds.scm.container.ContainerStateManagerV2.addContainer(org.apache.hadoop.hdds.protocol.proto.HddsProtos$ContainerInfoProto) throws java.io.IOException on target org.apache.hadoop.hdds.scm.ha.SCMRatisServerImpl@3bf5589b, cost 3223.022us
2021-07-27 15:00:23,602 [112e9cde-9cb9-43e4-9ef1-6a6d7fd9222c@group-6D50A358B8D8-StateMachineUpdater] INFO  safemode.HealthyPipelineSafeModeRule (HealthyPipelineSafeModeRule.java:initializeRule(152)) - Refreshed total pipeline count is 1, healthy pipeline threshold count is 1
2021-07-27 15:00:23,605 [b07764cb-34df-45d7-9560-8ac949593b7a@group-6D50A358B8D8-StateMachineUpdater] INFO  ha.SCMStateMachine (SCMStateMachine.java:takeSnapshot(290)) - Current Snapshot Index 50, takeSnapshot took 0 ms
2021-07-27 15:00:23,605 [b07764cb-34df-45d7-9560-8ac949593b7a@group-6D50A358B8D8-StateMachineUpdater] INFO  impl.StateMachineUpdater (StateMachineUpdater.java:takeSnapshot(281)) - b07764cb-34df-45d7-9560-8ac949593b7a@group-6D50A358B8D8-StateMachineUpdater: Took a snapshot at index 50
2021-07-27 15:00:23,605 [b07764cb-34df-45d7-9560-8ac949593b7a@group-6D50A358B8D8-StateMachineUpdater] INFO  impl.StateMachineUpdater (StateMachineUpdater.java:lambda$new$0(89)) - b07764cb-34df-45d7-9560-8ac949593b7a@group-6D50A358B8D8-StateMachineUpdater: snapshotIndex: updateIncreasingly 45 -> 50
2021-07-27 15:00:23,605 [b07764cb-34df-45d7-9560-8ac949593b7a@group-6D50A358B8D8-StateMachineUpdater] INFO  raftlog.RaftLog (RaftLogBase.java:purge(306)) - b07764cb-34df-45d7-9560-8ac949593b7a@group-6D50A358B8D8-SegmentedRaftLog: purge 50
2021-07-27 15:00:23,605 [b07764cb-34df-45d7-9560-8ac949593b7a@group-6D50A358B8D8-StateMachineUpdater] INFO  raftlog.RaftLog (RaftLogBase.java:lambda$new$0(53)) - b07764cb-34df-45d7-9560-8ac949593b7a@group-6D50A358B8D8-SegmentedRaftLog: snapshotIndex: updateIncreasingly 45 -> 50
2021-07-27 15:00:23,605 [b07764cb-34df-45d7-9560-8ac949593b7a@group-6D50A358B8D8-StateMachineUpdater] INFO  raftlog.RaftLog (RaftLogBase.java:lambda$new$0(53)) - b07764cb-34df-45d7-9560-8ac949593b7a@group-6D50A358B8D8-SegmentedRaftLog: purgeIndex: updateToMax old=45, new=50, updated? true
2021-07-27 15:00:23,703 [112e9cde-9cb9-43e4-9ef1-6a6d7fd9222c@group-6D50A358B8D8-StateMachineUpdater] INFO  ha.SCMStateMachine (SCMStateMachine.java:takeSnapshot(290)) - Current Snapshot Index 50, takeSnapshot took 0 ms
2021-07-27 15:00:23,704 [112e9cde-9cb9-43e4-9ef1-6a6d7fd9222c@group-6D50A358B8D8-StateMachineUpdater] INFO  impl.StateMachineUpdater (StateMachineUpdater.java:takeSnapshot(281)) - 112e9cde-9cb9-43e4-9ef1-6a6d7fd9222c@group-6D50A358B8D8-StateMachineUpdater: Took a snapshot at index 50
2021-07-27 15:00:23,704 [112e9cde-9cb9-43e4-9ef1-6a6d7fd9222c@group-6D50A358B8D8-StateMachineUpdater] INFO  impl.StateMachineUpdater (StateMachineUpdater.java:lambda$new$0(89)) - 112e9cde-9cb9-43e4-9ef1-6a6d7fd9222c@group-6D50A358B8D8-StateMachineUpdater: snapshotIndex: updateIncreasingly 45 -> 50
2021-07-27 15:00:23,704 [112e9cde-9cb9-43e4-9ef1-6a6d7fd9222c@group-6D50A358B8D8-StateMachineUpdater] INFO  raftlog.RaftLog (RaftLogBase.java:purge(306)) - 112e9cde-9cb9-43e4-9ef1-6a6d7fd9222c@group-6D50A358B8D8-SegmentedRaftLog: purge 50
2021-07-27 15:00:23,704 [112e9cde-9cb9-43e4-9ef1-6a6d7fd9222c@group-6D50A358B8D8-StateMachineUpdater] INFO  raftlog.RaftLog (RaftLogBase.java:lambda$new$0(53)) - 112e9cde-9cb9-43e4-9ef1-6a6d7fd9222c@group-6D50A358B8D8-SegmentedRaftLog: snapshotIndex: updateIncreasingly 45 -> 50
2021-07-27 15:00:23,704 [112e9cde-9cb9-43e4-9ef1-6a6d7fd9222c@group-6D50A358B8D8-StateMachineUpdater] INFO  raftlog.RaftLog (RaftLogBase.java:lambda$new$0(53)) - 112e9cde-9cb9-43e4-9ef1-6a6d7fd9222c@group-6D50A358B8D8-SegmentedRaftLog: purgeIndex: updateToMax old=45, new=50, updated? true
2021-07-27 15:00:23,705 [Listener at 127.0.0.1/12788] INFO  ha.SCMHAInvocationHandler (SCMHAInvocationHandler.java:invokeRatis(113)) - Invoking method public abstract void org.apache.hadoop.hdds.scm.container.ContainerStateManagerV2.addContainer(org.apache.hadoop.hdds.protocol.proto.HddsProtos$ContainerInfoProto) throws java.io.IOException on target org.apache.hadoop.hdds.scm.ha.SCMRatisServerImpl@3bf5589b, cost 3757.326us
2021-07-27 15:00:23,708 [112e9cde-9cb9-43e4-9ef1-6a6d7fd9222c@group-6D50A358B8D8-StateMachineUpdater] INFO  safemode.HealthyPipelineSafeModeRule (HealthyPipelineSafeModeRule.java:initializeRule(152)) - Refreshed total pipeline count is 1, healthy pipeline threshold count is 1
2021-07-27 15:00:23,810 [Listener at 127.0.0.1/12788] INFO  ha.SCMHAInvocationHandler (SCMHAInvocationHandler.java:invokeRatis(113)) - Invoking method public abstract void org.apache.hadoop.hdds.scm.container.ContainerStateManagerV2.addContainer(org.apache.hadoop.hdds.protocol.proto.HddsProtos$ContainerInfoProto) throws java.io.IOException on target org.apache.hadoop.hdds.scm.ha.SCMRatisServerImpl@3bf5589b, cost 4239.729us
2021-07-27 15:00:23,811 [112e9cde-9cb9-43e4-9ef1-6a6d7fd9222c@group-6D50A358B8D8-StateMachineUpdater] INFO  safemode.HealthyPipelineSafeModeRule (HealthyPipelineSafeModeRule.java:initializeRule(152)) - Refreshed total pipeline count is 1, healthy pipeline threshold count is 1
2021-07-27 15:00:23,914 [b07764cb-34df-45d7-9560-8ac949593b7a@group-6D50A358B8D8-StateMachineUpdater] INFO  ha.SCMStateMachine (SCMStateMachine.java:takeSnapshot(290)) - Current Snapshot Index 55, takeSnapshot took 1 ms
2021-07-27 15:00:23,914 [b07764cb-34df-45d7-9560-8ac949593b7a@group-6D50A358B8D8-StateMachineUpdater] INFO  impl.StateMachineUpdater (StateMachineUpdater.java:takeSnapshot(281)) - b07764cb-34df-45d7-9560-8ac949593b7a@group-6D50A358B8D8-StateMachineUpdater: Took a snapshot at index 55
2021-07-27 15:00:23,914 [b07764cb-34df-45d7-9560-8ac949593b7a@group-6D50A358B8D8-StateMachineUpdater] INFO  impl.StateMachineUpdater (StateMachineUpdater.java:lambda$new$0(89)) - b07764cb-34df-45d7-9560-8ac949593b7a@group-6D50A358B8D8-StateMachineUpdater: snapshotIndex: updateIncreasingly 50 -> 55
2021-07-27 15:00:23,915 [b07764cb-34df-45d7-9560-8ac949593b7a@group-6D50A358B8D8-StateMachineUpdater] INFO  raftlog.RaftLog (RaftLogBase.java:purge(306)) - b07764cb-34df-45d7-9560-8ac949593b7a@group-6D50A358B8D8-SegmentedRaftLog: purge 55
2021-07-27 15:00:23,915 [b07764cb-34df-45d7-9560-8ac949593b7a@group-6D50A358B8D8-StateMachineUpdater] INFO  raftlog.RaftLog (RaftLogBase.java:lambda$new$0(53)) - b07764cb-34df-45d7-9560-8ac949593b7a@group-6D50A358B8D8-SegmentedRaftLog: snapshotIndex: updateIncreasingly 50 -> 55
2021-07-27 15:00:23,915 [b07764cb-34df-45d7-9560-8ac949593b7a@group-6D50A358B8D8-StateMachineUpdater] INFO  raftlog.RaftLog (RaftLogBase.java:lambda$new$0(53)) - b07764cb-34df-45d7-9560-8ac949593b7a@group-6D50A358B8D8-SegmentedRaftLog: purgeIndex: updateToMax old=50, new=55, updated? true
2021-07-27 15:00:23,915 [Listener at 127.0.0.1/12788] INFO  ha.SCMHAInvocationHandler (SCMHAInvocationHandler.java:invokeRatis(113)) - Invoking method public abstract void org.apache.hadoop.hdds.scm.container.ContainerStateManagerV2.addContainer(org.apache.hadoop.hdds.protocol.proto.HddsProtos$ContainerInfoProto) throws java.io.IOException on target org.apache.hadoop.hdds.scm.ha.SCMRatisServerImpl@3bf5589b, cost 4424.33us
2021-07-27 15:00:23,916 [112e9cde-9cb9-43e4-9ef1-6a6d7fd9222c@group-6D50A358B8D8-StateMachineUpdater] INFO  safemode.HealthyPipelineSafeModeRule (HealthyPipelineSafeModeRule.java:initializeRule(152)) - Refreshed total pipeline count is 1, healthy pipeline threshold count is 1
2021-07-27 15:00:23,917 [112e9cde-9cb9-43e4-9ef1-6a6d7fd9222c@group-6D50A358B8D8-StateMachineUpdater] INFO  ha.SCMStateMachine (SCMStateMachine.java:takeSnapshot(290)) - Current Snapshot Index 55, takeSnapshot took 0 ms
2021-07-27 15:00:23,917 [112e9cde-9cb9-43e4-9ef1-6a6d7fd9222c@group-6D50A358B8D8-StateMachineUpdater] INFO  impl.StateMachineUpdater (StateMachineUpdater.java:takeSnapshot(281)) - 112e9cde-9cb9-43e4-9ef1-6a6d7fd9222c@group-6D50A358B8D8-StateMachineUpdater: Took a snapshot at index 55
2021-07-27 15:00:23,917 [112e9cde-9cb9-43e4-9ef1-6a6d7fd9222c@group-6D50A358B8D8-StateMachineUpdater] INFO  impl.StateMachineUpdater (StateMachineUpdater.java:lambda$new$0(89)) - 112e9cde-9cb9-43e4-9ef1-6a6d7fd9222c@group-6D50A358B8D8-StateMachineUpdater: snapshotIndex: updateIncreasingly 50 -> 55
2021-07-27 15:00:23,917 [112e9cde-9cb9-43e4-9ef1-6a6d7fd9222c@group-6D50A358B8D8-StateMachineUpdater] INFO  raftlog.RaftLog (RaftLogBase.java:purge(306)) - 112e9cde-9cb9-43e4-9ef1-6a6d7fd9222c@group-6D50A358B8D8-SegmentedRaftLog: purge 55
2021-07-27 15:00:23,917 [112e9cde-9cb9-43e4-9ef1-6a6d7fd9222c@group-6D50A358B8D8-StateMachineUpdater] INFO  raftlog.RaftLog (RaftLogBase.java:lambda$new$0(53)) - 112e9cde-9cb9-43e4-9ef1-6a6d7fd9222c@group-6D50A358B8D8-SegmentedRaftLog: snapshotIndex: updateIncreasingly 50 -> 55
2021-07-27 15:00:23,917 [112e9cde-9cb9-43e4-9ef1-6a6d7fd9222c@group-6D50A358B8D8-StateMachineUpdater] INFO  raftlog.RaftLog (RaftLogBase.java:lambda$new$0(53)) - 112e9cde-9cb9-43e4-9ef1-6a6d7fd9222c@group-6D50A358B8D8-SegmentedRaftLog: purgeIndex: updateToMax old=50, new=55, updated? true
2021-07-27 15:00:24,019 [Listener at 127.0.0.1/12788] INFO  ha.SCMHAInvocationHandler (SCMHAInvocationHandler.java:invokeRatis(113)) - Invoking method public abstract void org.apache.hadoop.hdds.scm.container.ContainerStateManagerV2.addContainer(org.apache.hadoop.hdds.protocol.proto.HddsProtos$ContainerInfoProto) throws java.io.IOException on target org.apache.hadoop.hdds.scm.ha.SCMRatisServerImpl@3bf5589b, cost 3548.025us
2021-07-27 15:00:24,021 [112e9cde-9cb9-43e4-9ef1-6a6d7fd9222c@group-6D50A358B8D8-StateMachineUpdater] INFO  safemode.HealthyPipelineSafeModeRule (HealthyPipelineSafeModeRule.java:initializeRule(152)) - Refreshed total pipeline count is 1, healthy pipeline threshold count is 1
2021-07-27 15:00:24,124 [Listener at 127.0.0.1/12788] INFO  ha.SCMHAInvocationHandler (SCMHAInvocationHandler.java:invokeRatis(113)) - Invoking method public abstract void org.apache.hadoop.hdds.scm.container.ContainerStateManagerV2.addContainer(org.apache.hadoop.hdds.protocol.proto.HddsProtos$ContainerInfoProto) throws java.io.IOException on target org.apache.hadoop.hdds.scm.ha.SCMRatisServerImpl@3bf5589b, cost 4688.532us
2021-07-27 15:00:24,126 [112e9cde-9cb9-43e4-9ef1-6a6d7fd9222c@group-6D50A358B8D8-StateMachineUpdater] INFO  safemode.HealthyPipelineSafeModeRule (HealthyPipelineSafeModeRule.java:initializeRule(152)) - Refreshed total pipeline count is 1, healthy pipeline threshold count is 1
2021-07-27 15:00:24,126 [b07764cb-34df-45d7-9560-8ac949593b7a@group-6D50A358B8D8-StateMachineUpdater] INFO  ha.SCMStateMachine (SCMStateMachine.java:takeSnapshot(290)) - Current Snapshot Index 60, takeSnapshot took 1 ms
2021-07-27 15:00:24,126 [b07764cb-34df-45d7-9560-8ac949593b7a@group-6D50A358B8D8-StateMachineUpdater] INFO  impl.StateMachineUpdater (StateMachineUpdater.java:takeSnapshot(281)) - b07764cb-34df-45d7-9560-8ac949593b7a@group-6D50A358B8D8-StateMachineUpdater: Took a snapshot at index 60
2021-07-27 15:00:24,126 [b07764cb-34df-45d7-9560-8ac949593b7a@group-6D50A358B8D8-StateMachineUpdater] INFO  impl.StateMachineUpdater (StateMachineUpdater.java:lambda$new$0(89)) - b07764cb-34df-45d7-9560-8ac949593b7a@group-6D50A358B8D8-StateMachineUpdater: snapshotIndex: updateIncreasingly 55 -> 60
2021-07-27 15:00:24,126 [b07764cb-34df-45d7-9560-8ac949593b7a@group-6D50A358B8D8-StateMachineUpdater] INFO  raftlog.RaftLog (RaftLogBase.java:purge(306)) - b07764cb-34df-45d7-9560-8ac949593b7a@group-6D50A358B8D8-SegmentedRaftLog: purge 60
2021-07-27 15:00:24,126 [b07764cb-34df-45d7-9560-8ac949593b7a@group-6D50A358B8D8-StateMachineUpdater] INFO  raftlog.RaftLog (RaftLogBase.java:lambda$new$0(53)) - b07764cb-34df-45d7-9560-8ac949593b7a@group-6D50A358B8D8-SegmentedRaftLog: snapshotIndex: updateIncreasingly 55 -> 60
2021-07-27 15:00:24,127 [b07764cb-34df-45d7-9560-8ac949593b7a@group-6D50A358B8D8-StateMachineUpdater] INFO  raftlog.RaftLog (RaftLogBase.java:lambda$new$0(53)) - b07764cb-34df-45d7-9560-8ac949593b7a@group-6D50A358B8D8-SegmentedRaftLog: purgeIndex: updateToMax old=55, new=60, updated? true
2021-07-27 15:00:24,170 [Datanode State Machine Thread - 0] ERROR datanode.RunningDatanodeState (RunningDatanodeState.java:computeNextContainerState(199)) - Error in executing end point task.
java.util.concurrent.ExecutionException: java.util.concurrent.TimeoutException
	at java.util.concurrent.FutureTask.report(FutureTask.java:122)
	at java.util.concurrent.FutureTask.get(FutureTask.java:192)
	at org.apache.hadoop.ozone.container.common.states.datanode.RunningDatanodeState.computeNextContainerState(RunningDatanodeState.java:191)
	at org.apache.hadoop.ozone.container.common.states.datanode.RunningDatanodeState.await(RunningDatanodeState.java:231)
	at org.apache.hadoop.ozone.container.common.states.datanode.RunningDatanodeState.await(RunningDatanodeState.java:50)
	at org.apache.hadoop.ozone.container.common.statemachine.StateContext.execute(StateContext.java:629)
	at org.apache.hadoop.ozone.container.common.statemachine.DatanodeStateMachine.start(DatanodeStateMachine.java:269)
	at org.apache.hadoop.ozone.container.common.statemachine.DatanodeStateMachine.lambda$startDaemon$0(DatanodeStateMachine.java:455)
	at java.lang.Thread.run(Thread.java:748)
Caused by: java.util.concurrent.TimeoutException
	at java.util.concurrent.FutureTask.get(FutureTask.java:205)
	at org.apache.hadoop.ozone.container.common.states.datanode.RunningDatanodeState.lambda$execute$0(RunningDatanodeState.java:149)
	at java.util.concurrent.FutureTask.run(FutureTask.java:266)
	at java.util.concurrent.Executors$RunnableAdapter.call(Executors.java:511)
	at java.util.concurrent.FutureTask.run(FutureTask.java:266)
	at java.util.concurrent.ThreadPoolExecutor.runWorker(ThreadPoolExecutor.java:1149)
	at java.util.concurrent.ThreadPoolExecutor$Worker.run(ThreadPoolExecutor.java:624)
	... 1 more
2021-07-27 15:00:24,228 [112e9cde-9cb9-43e4-9ef1-6a6d7fd9222c@group-6D50A358B8D8-StateMachineUpdater] INFO  ha.SCMStateMachine (SCMStateMachine.java:takeSnapshot(290)) - Current Snapshot Index 60, takeSnapshot took 0 ms
2021-07-27 15:00:24,228 [112e9cde-9cb9-43e4-9ef1-6a6d7fd9222c@group-6D50A358B8D8-StateMachineUpdater] INFO  impl.StateMachineUpdater (StateMachineUpdater.java:takeSnapshot(281)) - 112e9cde-9cb9-43e4-9ef1-6a6d7fd9222c@group-6D50A358B8D8-StateMachineUpdater: Took a snapshot at index 60
2021-07-27 15:00:24,228 [112e9cde-9cb9-43e4-9ef1-6a6d7fd9222c@group-6D50A358B8D8-StateMachineUpdater] INFO  impl.StateMachineUpdater (StateMachineUpdater.java:lambda$new$0(89)) - 112e9cde-9cb9-43e4-9ef1-6a6d7fd9222c@group-6D50A358B8D8-StateMachineUpdater: snapshotIndex: updateIncreasingly 55 -> 60
2021-07-27 15:00:24,228 [112e9cde-9cb9-43e4-9ef1-6a6d7fd9222c@group-6D50A358B8D8-StateMachineUpdater] INFO  raftlog.RaftLog (RaftLogBase.java:purge(306)) - 112e9cde-9cb9-43e4-9ef1-6a6d7fd9222c@group-6D50A358B8D8-SegmentedRaftLog: purge 60
2021-07-27 15:00:24,228 [112e9cde-9cb9-43e4-9ef1-6a6d7fd9222c@group-6D50A358B8D8-StateMachineUpdater] INFO  raftlog.RaftLog (RaftLogBase.java:lambda$new$0(53)) - 112e9cde-9cb9-43e4-9ef1-6a6d7fd9222c@group-6D50A358B8D8-SegmentedRaftLog: snapshotIndex: updateIncreasingly 55 -> 60
2021-07-27 15:00:24,228 [112e9cde-9cb9-43e4-9ef1-6a6d7fd9222c@group-6D50A358B8D8-StateMachineUpdater] INFO  raftlog.RaftLog (RaftLogBase.java:lambda$new$0(53)) - 112e9cde-9cb9-43e4-9ef1-6a6d7fd9222c@group-6D50A358B8D8-SegmentedRaftLog: purgeIndex: updateToMax old=55, new=60, updated? true
2021-07-27 15:00:24,229 [Listener at 127.0.0.1/12788] INFO  ha.SCMHAInvocationHandler (SCMHAInvocationHandler.java:invokeRatis(113)) - Invoking method public abstract void org.apache.hadoop.hdds.scm.container.ContainerStateManagerV2.addContainer(org.apache.hadoop.hdds.protocol.proto.HddsProtos$ContainerInfoProto) throws java.io.IOException on target org.apache.hadoop.hdds.scm.ha.SCMRatisServerImpl@3bf5589b, cost 4378.83us
2021-07-27 15:00:24,234 [112e9cde-9cb9-43e4-9ef1-6a6d7fd9222c@group-6D50A358B8D8-StateMachineUpdater] INFO  safemode.HealthyPipelineSafeModeRule (HealthyPipelineSafeModeRule.java:initializeRule(152)) - Refreshed total pipeline count is 1, healthy pipeline threshold count is 1
2021-07-27 15:00:24,333 [Listener at 127.0.0.1/12788] INFO  ha.SCMHAInvocationHandler (SCMHAInvocationHandler.java:invokeRatis(113)) - Invoking method public abstract void org.apache.hadoop.hdds.scm.container.ContainerStateManagerV2.addContainer(org.apache.hadoop.hdds.protocol.proto.HddsProtos$ContainerInfoProto) throws java.io.IOException on target org.apache.hadoop.hdds.scm.ha.SCMRatisServerImpl@3bf5589b, cost 3681.225us
2021-07-27 15:00:24,337 [112e9cde-9cb9-43e4-9ef1-6a6d7fd9222c@group-6D50A358B8D8-StateMachineUpdater] INFO  safemode.HealthyPipelineSafeModeRule (HealthyPipelineSafeModeRule.java:initializeRule(152)) - Refreshed total pipeline count is 1, healthy pipeline threshold count is 1
2021-07-27 15:00:24,439 [Listener at 127.0.0.1/12788] INFO  ha.SCMHAInvocationHandler (SCMHAInvocationHandler.java:invokeRatis(113)) - Invoking method public abstract void org.apache.hadoop.hdds.scm.container.ContainerStateManagerV2.addContainer(org.apache.hadoop.hdds.protocol.proto.HddsProtos$ContainerInfoProto) throws java.io.IOException on target org.apache.hadoop.hdds.scm.ha.SCMRatisServerImpl@3bf5589b, cost 4040.928us
2021-07-27 15:00:24,439 [b07764cb-34df-45d7-9560-8ac949593b7a@group-6D50A358B8D8-StateMachineUpdater] INFO  ha.SCMStateMachine (SCMStateMachine.java:takeSnapshot(290)) - Current Snapshot Index 65, takeSnapshot took 0 ms
2021-07-27 15:00:24,439 [b07764cb-34df-45d7-9560-8ac949593b7a@group-6D50A358B8D8-StateMachineUpdater] INFO  impl.StateMachineUpdater (StateMachineUpdater.java:takeSnapshot(281)) - b07764cb-34df-45d7-9560-8ac949593b7a@group-6D50A358B8D8-StateMachineUpdater: Took a snapshot at index 65
2021-07-27 15:00:24,439 [b07764cb-34df-45d7-9560-8ac949593b7a@group-6D50A358B8D8-StateMachineUpdater] INFO  impl.StateMachineUpdater (StateMachineUpdater.java:lambda$new$0(89)) - b07764cb-34df-45d7-9560-8ac949593b7a@group-6D50A358B8D8-StateMachineUpdater: snapshotIndex: updateIncreasingly 60 -> 65
2021-07-27 15:00:24,439 [b07764cb-34df-45d7-9560-8ac949593b7a@group-6D50A358B8D8-StateMachineUpdater] INFO  raftlog.RaftLog (RaftLogBase.java:purge(306)) - b07764cb-34df-45d7-9560-8ac949593b7a@group-6D50A358B8D8-SegmentedRaftLog: purge 65
2021-07-27 15:00:24,439 [b07764cb-34df-45d7-9560-8ac949593b7a@group-6D50A358B8D8-StateMachineUpdater] INFO  raftlog.RaftLog (RaftLogBase.java:lambda$new$0(53)) - b07764cb-34df-45d7-9560-8ac949593b7a@group-6D50A358B8D8-SegmentedRaftLog: snapshotIndex: updateIncreasingly 60 -> 65
2021-07-27 15:00:24,440 [b07764cb-34df-45d7-9560-8ac949593b7a@group-6D50A358B8D8-StateMachineUpdater] INFO  raftlog.RaftLog (RaftLogBase.java:lambda$new$0(53)) - b07764cb-34df-45d7-9560-8ac949593b7a@group-6D50A358B8D8-SegmentedRaftLog: purgeIndex: updateToMax old=60, new=65, updated? true
2021-07-27 15:00:24,441 [112e9cde-9cb9-43e4-9ef1-6a6d7fd9222c@group-6D50A358B8D8-StateMachineUpdater] INFO  safemode.HealthyPipelineSafeModeRule (HealthyPipelineSafeModeRule.java:initializeRule(152)) - Refreshed total pipeline count is 1, healthy pipeline threshold count is 1
2021-07-27 15:00:24,441 [112e9cde-9cb9-43e4-9ef1-6a6d7fd9222c@group-6D50A358B8D8-StateMachineUpdater] INFO  ha.SCMStateMachine (SCMStateMachine.java:takeSnapshot(290)) - Current Snapshot Index 65, takeSnapshot took 0 ms
2021-07-27 15:00:24,442 [112e9cde-9cb9-43e4-9ef1-6a6d7fd9222c@group-6D50A358B8D8-StateMachineUpdater] INFO  impl.StateMachineUpdater (StateMachineUpdater.java:takeSnapshot(281)) - 112e9cde-9cb9-43e4-9ef1-6a6d7fd9222c@group-6D50A358B8D8-StateMachineUpdater: Took a snapshot at index 65
2021-07-27 15:00:24,442 [112e9cde-9cb9-43e4-9ef1-6a6d7fd9222c@group-6D50A358B8D8-StateMachineUpdater] INFO  impl.StateMachineUpdater (StateMachineUpdater.java:lambda$new$0(89)) - 112e9cde-9cb9-43e4-9ef1-6a6d7fd9222c@group-6D50A358B8D8-StateMachineUpdater: snapshotIndex: updateIncreasingly 60 -> 65
2021-07-27 15:00:24,442 [112e9cde-9cb9-43e4-9ef1-6a6d7fd9222c@group-6D50A358B8D8-StateMachineUpdater] INFO  raftlog.RaftLog (RaftLogBase.java:purge(306)) - 112e9cde-9cb9-43e4-9ef1-6a6d7fd9222c@group-6D50A358B8D8-SegmentedRaftLog: purge 65
2021-07-27 15:00:24,442 [112e9cde-9cb9-43e4-9ef1-6a6d7fd9222c@group-6D50A358B8D8-StateMachineUpdater] INFO  raftlog.RaftLog (RaftLogBase.java:lambda$new$0(53)) - 112e9cde-9cb9-43e4-9ef1-6a6d7fd9222c@group-6D50A358B8D8-SegmentedRaftLog: snapshotIndex: updateIncreasingly 60 -> 65
2021-07-27 15:00:24,442 [112e9cde-9cb9-43e4-9ef1-6a6d7fd9222c@group-6D50A358B8D8-StateMachineUpdater] INFO  raftlog.RaftLog (RaftLogBase.java:lambda$new$0(53)) - 112e9cde-9cb9-43e4-9ef1-6a6d7fd9222c@group-6D50A358B8D8-SegmentedRaftLog: purgeIndex: updateToMax old=60, new=65, updated? true
2021-07-27 15:00:24,543 [Listener at 127.0.0.1/12788] INFO  ha.SCMHAInvocationHandler (SCMHAInvocationHandler.java:invokeRatis(113)) - Invoking method public abstract void org.apache.hadoop.hdds.scm.container.ContainerStateManagerV2.addContainer(org.apache.hadoop.hdds.protocol.proto.HddsProtos$ContainerInfoProto) throws java.io.IOException on target org.apache.hadoop.hdds.scm.ha.SCMRatisServerImpl@3bf5589b, cost 3498.424us
2021-07-27 15:00:24,546 [112e9cde-9cb9-43e4-9ef1-6a6d7fd9222c@group-6D50A358B8D8-StateMachineUpdater] INFO  safemode.HealthyPipelineSafeModeRule (HealthyPipelineSafeModeRule.java:initializeRule(152)) - Refreshed total pipeline count is 1, healthy pipeline threshold count is 1
2021-07-27 15:00:24,647 [Listener at 127.0.0.1/12788] INFO  ha.SCMHAInvocationHandler (SCMHAInvocationHandler.java:invokeRatis(113)) - Invoking method public abstract void org.apache.hadoop.hdds.scm.container.ContainerStateManagerV2.addContainer(org.apache.hadoop.hdds.protocol.proto.HddsProtos$ContainerInfoProto) throws java.io.IOException on target org.apache.hadoop.hdds.scm.ha.SCMRatisServerImpl@3bf5589b, cost 3357.622us
2021-07-27 15:00:24,648 [112e9cde-9cb9-43e4-9ef1-6a6d7fd9222c@group-6D50A358B8D8-StateMachineUpdater] INFO  safemode.HealthyPipelineSafeModeRule (HealthyPipelineSafeModeRule.java:initializeRule(152)) - Refreshed total pipeline count is 1, healthy pipeline threshold count is 1
2021-07-27 15:00:24,649 [b07764cb-34df-45d7-9560-8ac949593b7a@group-6D50A358B8D8-StateMachineUpdater] INFO  ha.SCMStateMachine (SCMStateMachine.java:takeSnapshot(290)) - Current Snapshot Index 70, takeSnapshot took 0 ms
2021-07-27 15:00:24,649 [b07764cb-34df-45d7-9560-8ac949593b7a@group-6D50A358B8D8-StateMachineUpdater] INFO  impl.StateMachineUpdater (StateMachineUpdater.java:takeSnapshot(281)) - b07764cb-34df-45d7-9560-8ac949593b7a@group-6D50A358B8D8-StateMachineUpdater: Took a snapshot at index 70
2021-07-27 15:00:24,649 [b07764cb-34df-45d7-9560-8ac949593b7a@group-6D50A358B8D8-StateMachineUpdater] INFO  impl.StateMachineUpdater (StateMachineUpdater.java:lambda$new$0(89)) - b07764cb-34df-45d7-9560-8ac949593b7a@group-6D50A358B8D8-StateMachineUpdater: snapshotIndex: updateIncreasingly 65 -> 70
2021-07-27 15:00:24,649 [b07764cb-34df-45d7-9560-8ac949593b7a@group-6D50A358B8D8-StateMachineUpdater] INFO  raftlog.RaftLog (RaftLogBase.java:purge(306)) - b07764cb-34df-45d7-9560-8ac949593b7a@group-6D50A358B8D8-SegmentedRaftLog: purge 70
2021-07-27 15:00:24,649 [b07764cb-34df-45d7-9560-8ac949593b7a@group-6D50A358B8D8-StateMachineUpdater] INFO  raftlog.RaftLog (RaftLogBase.java:lambda$new$0(53)) - b07764cb-34df-45d7-9560-8ac949593b7a@group-6D50A358B8D8-SegmentedRaftLog: snapshotIndex: updateIncreasingly 65 -> 70
2021-07-27 15:00:24,649 [b07764cb-34df-45d7-9560-8ac949593b7a@group-6D50A358B8D8-StateMachineUpdater] INFO  raftlog.RaftLog (RaftLogBase.java:lambda$new$0(53)) - b07764cb-34df-45d7-9560-8ac949593b7a@group-6D50A358B8D8-SegmentedRaftLog: purgeIndex: updateToMax old=65, new=70, updated? true
2021-07-27 15:00:24,750 [112e9cde-9cb9-43e4-9ef1-6a6d7fd9222c@group-6D50A358B8D8-StateMachineUpdater] INFO  ha.SCMStateMachine (SCMStateMachine.java:takeSnapshot(290)) - Current Snapshot Index 70, takeSnapshot took 0 ms
2021-07-27 15:00:24,750 [112e9cde-9cb9-43e4-9ef1-6a6d7fd9222c@group-6D50A358B8D8-StateMachineUpdater] INFO  impl.StateMachineUpdater (StateMachineUpdater.java:takeSnapshot(281)) - 112e9cde-9cb9-43e4-9ef1-6a6d7fd9222c@group-6D50A358B8D8-StateMachineUpdater: Took a snapshot at index 70
2021-07-27 15:00:24,750 [112e9cde-9cb9-43e4-9ef1-6a6d7fd9222c@group-6D50A358B8D8-StateMachineUpdater] INFO  impl.StateMachineUpdater (StateMachineUpdater.java:lambda$new$0(89)) - 112e9cde-9cb9-43e4-9ef1-6a6d7fd9222c@group-6D50A358B8D8-StateMachineUpdater: snapshotIndex: updateIncreasingly 65 -> 70
2021-07-27 15:00:24,750 [112e9cde-9cb9-43e4-9ef1-6a6d7fd9222c@group-6D50A358B8D8-StateMachineUpdater] INFO  raftlog.RaftLog (RaftLogBase.java:purge(306)) - 112e9cde-9cb9-43e4-9ef1-6a6d7fd9222c@group-6D50A358B8D8-SegmentedRaftLog: purge 70
2021-07-27 15:00:24,750 [112e9cde-9cb9-43e4-9ef1-6a6d7fd9222c@group-6D50A358B8D8-StateMachineUpdater] INFO  raftlog.RaftLog (RaftLogBase.java:lambda$new$0(53)) - 112e9cde-9cb9-43e4-9ef1-6a6d7fd9222c@group-6D50A358B8D8-SegmentedRaftLog: snapshotIndex: updateIncreasingly 65 -> 70
2021-07-27 15:00:24,750 [112e9cde-9cb9-43e4-9ef1-6a6d7fd9222c@group-6D50A358B8D8-StateMachineUpdater] INFO  raftlog.RaftLog (RaftLogBase.java:lambda$new$0(53)) - 112e9cde-9cb9-43e4-9ef1-6a6d7fd9222c@group-6D50A358B8D8-SegmentedRaftLog: purgeIndex: updateToMax old=65, new=70, updated? true
2021-07-27 15:00:24,751 [Listener at 127.0.0.1/12788] INFO  ha.SCMHAInvocationHandler (SCMHAInvocationHandler.java:invokeRatis(113)) - Invoking method public abstract void org.apache.hadoop.hdds.scm.container.ContainerStateManagerV2.addContainer(org.apache.hadoop.hdds.protocol.proto.HddsProtos$ContainerInfoProto) throws java.io.IOException on target org.apache.hadoop.hdds.scm.ha.SCMRatisServerImpl@3bf5589b, cost 3381.423us
2021-07-27 15:00:24,753 [112e9cde-9cb9-43e4-9ef1-6a6d7fd9222c@group-6D50A358B8D8-StateMachineUpdater] INFO  safemode.HealthyPipelineSafeModeRule (HealthyPipelineSafeModeRule.java:initializeRule(152)) - Refreshed total pipeline count is 1, healthy pipeline threshold count is 1
2021-07-27 15:00:24,856 [Listener at 127.0.0.1/12788] INFO  ha.SCMHAInvocationHandler (SCMHAInvocationHandler.java:invokeRatis(113)) - Invoking method public abstract void org.apache.hadoop.hdds.scm.container.ContainerStateManagerV2.addContainer(org.apache.hadoop.hdds.protocol.proto.HddsProtos$ContainerInfoProto) throws java.io.IOException on target org.apache.hadoop.hdds.scm.ha.SCMRatisServerImpl@3bf5589b, cost 4719.332us
2021-07-27 15:00:24,858 [112e9cde-9cb9-43e4-9ef1-6a6d7fd9222c@group-6D50A358B8D8-StateMachineUpdater] INFO  safemode.HealthyPipelineSafeModeRule (HealthyPipelineSafeModeRule.java:initializeRule(152)) - Refreshed total pipeline count is 1, healthy pipeline threshold count is 1
2021-07-27 15:00:24,960 [Listener at 127.0.0.1/12788] INFO  ha.SCMHAInvocationHandler (SCMHAInvocationHandler.java:invokeRatis(113)) - Invoking method public abstract void org.apache.hadoop.hdds.scm.container.ContainerStateManagerV2.addContainer(org.apache.hadoop.hdds.protocol.proto.HddsProtos$ContainerInfoProto) throws java.io.IOException on target org.apache.hadoop.hdds.scm.ha.SCMRatisServerImpl@3bf5589b, cost 3466.624us
2021-07-27 15:00:24,960 [b07764cb-34df-45d7-9560-8ac949593b7a@group-6D50A358B8D8-StateMachineUpdater] INFO  ha.SCMStateMachine (SCMStateMachine.java:takeSnapshot(290)) - Current Snapshot Index 75, takeSnapshot took 0 ms
2021-07-27 15:00:24,961 [b07764cb-34df-45d7-9560-8ac949593b7a@group-6D50A358B8D8-StateMachineUpdater] INFO  impl.StateMachineUpdater (StateMachineUpdater.java:takeSnapshot(281)) - b07764cb-34df-45d7-9560-8ac949593b7a@group-6D50A358B8D8-StateMachineUpdater: Took a snapshot at index 75
2021-07-27 15:00:24,961 [b07764cb-34df-45d7-9560-8ac949593b7a@group-6D50A358B8D8-StateMachineUpdater] INFO  impl.StateMachineUpdater (StateMachineUpdater.java:lambda$new$0(89)) - b07764cb-34df-45d7-9560-8ac949593b7a@group-6D50A358B8D8-StateMachineUpdater: snapshotIndex: updateIncreasingly 70 -> 75
2021-07-27 15:00:24,961 [b07764cb-34df-45d7-9560-8ac949593b7a@group-6D50A358B8D8-StateMachineUpdater] INFO  raftlog.RaftLog (RaftLogBase.java:purge(306)) - b07764cb-34df-45d7-9560-8ac949593b7a@group-6D50A358B8D8-SegmentedRaftLog: purge 75
2021-07-27 15:00:24,961 [b07764cb-34df-45d7-9560-8ac949593b7a@group-6D50A358B8D8-StateMachineUpdater] INFO  raftlog.RaftLog (RaftLogBase.java:lambda$new$0(53)) - b07764cb-34df-45d7-9560-8ac949593b7a@group-6D50A358B8D8-SegmentedRaftLog: snapshotIndex: updateIncreasingly 70 -> 75
2021-07-27 15:00:24,961 [b07764cb-34df-45d7-9560-8ac949593b7a@group-6D50A358B8D8-StateMachineUpdater] INFO  raftlog.RaftLog (RaftLogBase.java:lambda$new$0(53)) - b07764cb-34df-45d7-9560-8ac949593b7a@group-6D50A358B8D8-SegmentedRaftLog: purgeIndex: updateToMax old=70, new=75, updated? true
2021-07-27 15:00:24,962 [112e9cde-9cb9-43e4-9ef1-6a6d7fd9222c@group-6D50A358B8D8-StateMachineUpdater] INFO  safemode.HealthyPipelineSafeModeRule (HealthyPipelineSafeModeRule.java:initializeRule(152)) - Refreshed total pipeline count is 1, healthy pipeline threshold count is 1
2021-07-27 15:00:24,962 [112e9cde-9cb9-43e4-9ef1-6a6d7fd9222c@group-6D50A358B8D8-StateMachineUpdater] INFO  ha.SCMStateMachine (SCMStateMachine.java:takeSnapshot(290)) - Current Snapshot Index 75, takeSnapshot took 0 ms
2021-07-27 15:00:24,963 [112e9cde-9cb9-43e4-9ef1-6a6d7fd9222c@group-6D50A358B8D8-StateMachineUpdater] INFO  impl.StateMachineUpdater (StateMachineUpdater.java:takeSnapshot(281)) - 112e9cde-9cb9-43e4-9ef1-6a6d7fd9222c@group-6D50A358B8D8-StateMachineUpdater: Took a snapshot at index 75
2021-07-27 15:00:24,963 [112e9cde-9cb9-43e4-9ef1-6a6d7fd9222c@group-6D50A358B8D8-StateMachineUpdater] INFO  impl.StateMachineUpdater (StateMachineUpdater.java:lambda$new$0(89)) - 112e9cde-9cb9-43e4-9ef1-6a6d7fd9222c@group-6D50A358B8D8-StateMachineUpdater: snapshotIndex: updateIncreasingly 70 -> 75
2021-07-27 15:00:24,963 [112e9cde-9cb9-43e4-9ef1-6a6d7fd9222c@group-6D50A358B8D8-StateMachineUpdater] INFO  raftlog.RaftLog (RaftLogBase.java:purge(306)) - 112e9cde-9cb9-43e4-9ef1-6a6d7fd9222c@group-6D50A358B8D8-SegmentedRaftLog: purge 75
2021-07-27 15:00:24,963 [112e9cde-9cb9-43e4-9ef1-6a6d7fd9222c@group-6D50A358B8D8-StateMachineUpdater] INFO  raftlog.RaftLog (RaftLogBase.java:lambda$new$0(53)) - 112e9cde-9cb9-43e4-9ef1-6a6d7fd9222c@group-6D50A358B8D8-SegmentedRaftLog: snapshotIndex: updateIncreasingly 70 -> 75
2021-07-27 15:00:24,963 [112e9cde-9cb9-43e4-9ef1-6a6d7fd9222c@group-6D50A358B8D8-StateMachineUpdater] INFO  raftlog.RaftLog (RaftLogBase.java:lambda$new$0(53)) - 112e9cde-9cb9-43e4-9ef1-6a6d7fd9222c@group-6D50A358B8D8-SegmentedRaftLog: purgeIndex: updateToMax old=70, new=75, updated? true
2021-07-27 15:00:25,065 [Listener at 127.0.0.1/12788] INFO  ha.SCMHAInvocationHandler (SCMHAInvocationHandler.java:invokeRatis(113)) - Invoking method public abstract void org.apache.hadoop.hdds.scm.container.ContainerStateManagerV2.addContainer(org.apache.hadoop.hdds.protocol.proto.HddsProtos$ContainerInfoProto) throws java.io.IOException on target org.apache.hadoop.hdds.scm.ha.SCMRatisServerImpl@3bf5589b, cost 3950.127us
2021-07-27 15:00:25,066 [112e9cde-9cb9-43e4-9ef1-6a6d7fd9222c@group-6D50A358B8D8-StateMachineUpdater] INFO  safemode.HealthyPipelineSafeModeRule (HealthyPipelineSafeModeRule.java:initializeRule(152)) - Refreshed total pipeline count is 1, healthy pipeline threshold count is 1
2021-07-27 15:00:25,169 [Listener at 127.0.0.1/12788] INFO  ha.SCMHAInvocationHandler (SCMHAInvocationHandler.java:invokeRatis(113)) - Invoking method public abstract void org.apache.hadoop.hdds.scm.container.ContainerStateManagerV2.addContainer(org.apache.hadoop.hdds.protocol.proto.HddsProtos$ContainerInfoProto) throws java.io.IOException on target org.apache.hadoop.hdds.scm.ha.SCMRatisServerImpl@3bf5589b, cost 3618.225us
2021-07-27 15:00:25,170 [112e9cde-9cb9-43e4-9ef1-6a6d7fd9222c@group-6D50A358B8D8-StateMachineUpdater] INFO  safemode.HealthyPipelineSafeModeRule (HealthyPipelineSafeModeRule.java:initializeRule(152)) - Refreshed total pipeline count is 1, healthy pipeline threshold count is 1
2021-07-27 15:00:25,171 [b07764cb-34df-45d7-9560-8ac949593b7a@group-6D50A358B8D8-StateMachineUpdater] INFO  ha.SCMStateMachine (SCMStateMachine.java:takeSnapshot(290)) - Current Snapshot Index 80, takeSnapshot took 0 ms
2021-07-27 15:00:25,171 [b07764cb-34df-45d7-9560-8ac949593b7a@group-6D50A358B8D8-StateMachineUpdater] INFO  impl.StateMachineUpdater (StateMachineUpdater.java:takeSnapshot(281)) - b07764cb-34df-45d7-9560-8ac949593b7a@group-6D50A358B8D8-StateMachineUpdater: Took a snapshot at index 80
2021-07-27 15:00:25,171 [b07764cb-34df-45d7-9560-8ac949593b7a@group-6D50A358B8D8-StateMachineUpdater] INFO  impl.StateMachineUpdater (StateMachineUpdater.java:lambda$new$0(89)) - b07764cb-34df-45d7-9560-8ac949593b7a@group-6D50A358B8D8-StateMachineUpdater: snapshotIndex: updateIncreasingly 75 -> 80
2021-07-27 15:00:25,171 [b07764cb-34df-45d7-9560-8ac949593b7a@group-6D50A358B8D8-StateMachineUpdater] INFO  raftlog.RaftLog (RaftLogBase.java:purge(306)) - b07764cb-34df-45d7-9560-8ac949593b7a@group-6D50A358B8D8-SegmentedRaftLog: purge 80
2021-07-27 15:00:25,171 [b07764cb-34df-45d7-9560-8ac949593b7a@group-6D50A358B8D8-StateMachineUpdater] INFO  raftlog.RaftLog (RaftLogBase.java:lambda$new$0(53)) - b07764cb-34df-45d7-9560-8ac949593b7a@group-6D50A358B8D8-SegmentedRaftLog: snapshotIndex: updateIncreasingly 75 -> 80
2021-07-27 15:00:25,171 [b07764cb-34df-45d7-9560-8ac949593b7a@group-6D50A358B8D8-StateMachineUpdater] INFO  raftlog.RaftLog (RaftLogBase.java:lambda$new$0(53)) - b07764cb-34df-45d7-9560-8ac949593b7a@group-6D50A358B8D8-SegmentedRaftLog: purgeIndex: updateToMax old=75, new=80, updated? true
2021-07-27 15:00:25,273 [112e9cde-9cb9-43e4-9ef1-6a6d7fd9222c@group-6D50A358B8D8-StateMachineUpdater] INFO  ha.SCMStateMachine (SCMStateMachine.java:takeSnapshot(290)) - Current Snapshot Index 80, takeSnapshot took 0 ms
2021-07-27 15:00:25,273 [112e9cde-9cb9-43e4-9ef1-6a6d7fd9222c@group-6D50A358B8D8-StateMachineUpdater] INFO  impl.StateMachineUpdater (StateMachineUpdater.java:takeSnapshot(281)) - 112e9cde-9cb9-43e4-9ef1-6a6d7fd9222c@group-6D50A358B8D8-StateMachineUpdater: Took a snapshot at index 80
2021-07-27 15:00:25,273 [112e9cde-9cb9-43e4-9ef1-6a6d7fd9222c@group-6D50A358B8D8-StateMachineUpdater] INFO  impl.StateMachineUpdater (StateMachineUpdater.java:lambda$new$0(89)) - 112e9cde-9cb9-43e4-9ef1-6a6d7fd9222c@group-6D50A358B8D8-StateMachineUpdater: snapshotIndex: updateIncreasingly 75 -> 80
2021-07-27 15:00:25,273 [112e9cde-9cb9-43e4-9ef1-6a6d7fd9222c@group-6D50A358B8D8-StateMachineUpdater] INFO  raftlog.RaftLog (RaftLogBase.java:purge(306)) - 112e9cde-9cb9-43e4-9ef1-6a6d7fd9222c@group-6D50A358B8D8-SegmentedRaftLog: purge 80
2021-07-27 15:00:25,273 [112e9cde-9cb9-43e4-9ef1-6a6d7fd9222c@group-6D50A358B8D8-StateMachineUpdater] INFO  raftlog.RaftLog (RaftLogBase.java:lambda$new$0(53)) - 112e9cde-9cb9-43e4-9ef1-6a6d7fd9222c@group-6D50A358B8D8-SegmentedRaftLog: snapshotIndex: updateIncreasingly 75 -> 80
2021-07-27 15:00:25,273 [112e9cde-9cb9-43e4-9ef1-6a6d7fd9222c@group-6D50A358B8D8-StateMachineUpdater] INFO  raftlog.RaftLog (RaftLogBase.java:lambda$new$0(53)) - 112e9cde-9cb9-43e4-9ef1-6a6d7fd9222c@group-6D50A358B8D8-SegmentedRaftLog: purgeIndex: updateToMax old=75, new=80, updated? true
2021-07-27 15:00:25,274 [Listener at 127.0.0.1/12788] INFO  ha.SCMHAInvocationHandler (SCMHAInvocationHandler.java:invokeRatis(113)) - Invoking method public abstract void org.apache.hadoop.hdds.scm.container.ContainerStateManagerV2.addContainer(org.apache.hadoop.hdds.protocol.proto.HddsProtos$ContainerInfoProto) throws java.io.IOException on target org.apache.hadoop.hdds.scm.ha.SCMRatisServerImpl@3bf5589b, cost 4860.933us
2021-07-27 15:00:25,276 [112e9cde-9cb9-43e4-9ef1-6a6d7fd9222c@group-6D50A358B8D8-StateMachineUpdater] INFO  safemode.HealthyPipelineSafeModeRule (HealthyPipelineSafeModeRule.java:initializeRule(152)) - Refreshed total pipeline count is 1, healthy pipeline threshold count is 1
2021-07-27 15:00:25,380 [Listener at 127.0.0.1/12788] INFO  ha.SCMHAInvocationHandler (SCMHAInvocationHandler.java:invokeRatis(113)) - Invoking method public abstract void org.apache.hadoop.hdds.scm.container.ContainerStateManagerV2.addContainer(org.apache.hadoop.hdds.protocol.proto.HddsProtos$ContainerInfoProto) throws java.io.IOException on target org.apache.hadoop.hdds.scm.ha.SCMRatisServerImpl@3bf5589b, cost 4625.831us
2021-07-27 15:00:25,381 [112e9cde-9cb9-43e4-9ef1-6a6d7fd9222c@group-6D50A358B8D8-StateMachineUpdater] INFO  safemode.HealthyPipelineSafeModeRule (HealthyPipelineSafeModeRule.java:initializeRule(152)) - Refreshed total pipeline count is 1, healthy pipeline threshold count is 1
2021-07-27 15:00:25,484 [b07764cb-34df-45d7-9560-8ac949593b7a@group-6D50A358B8D8-StateMachineUpdater] INFO  ha.SCMStateMachine (SCMStateMachine.java:takeSnapshot(290)) - Current Snapshot Index 85, takeSnapshot took 0 ms
2021-07-27 15:00:25,484 [b07764cb-34df-45d7-9560-8ac949593b7a@group-6D50A358B8D8-StateMachineUpdater] INFO  impl.StateMachineUpdater (StateMachineUpdater.java:takeSnapshot(281)) - b07764cb-34df-45d7-9560-8ac949593b7a@group-6D50A358B8D8-StateMachineUpdater: Took a snapshot at index 85
2021-07-27 15:00:25,484 [b07764cb-34df-45d7-9560-8ac949593b7a@group-6D50A358B8D8-StateMachineUpdater] INFO  impl.StateMachineUpdater (StateMachineUpdater.java:lambda$new$0(89)) - b07764cb-34df-45d7-9560-8ac949593b7a@group-6D50A358B8D8-StateMachineUpdater: snapshotIndex: updateIncreasingly 80 -> 85
2021-07-27 15:00:25,484 [b07764cb-34df-45d7-9560-8ac949593b7a@group-6D50A358B8D8-StateMachineUpdater] INFO  raftlog.RaftLog (RaftLogBase.java:purge(306)) - b07764cb-34df-45d7-9560-8ac949593b7a@group-6D50A358B8D8-SegmentedRaftLog: purge 85
2021-07-27 15:00:25,484 [b07764cb-34df-45d7-9560-8ac949593b7a@group-6D50A358B8D8-StateMachineUpdater] INFO  raftlog.RaftLog (RaftLogBase.java:lambda$new$0(53)) - b07764cb-34df-45d7-9560-8ac949593b7a@group-6D50A358B8D8-SegmentedRaftLog: snapshotIndex: updateIncreasingly 80 -> 85
2021-07-27 15:00:25,484 [b07764cb-34df-45d7-9560-8ac949593b7a@group-6D50A358B8D8-StateMachineUpdater] INFO  raftlog.RaftLog (RaftLogBase.java:lambda$new$0(53)) - b07764cb-34df-45d7-9560-8ac949593b7a@group-6D50A358B8D8-SegmentedRaftLog: purgeIndex: updateToMax old=80, new=85, updated? true
2021-07-27 15:00:25,485 [Listener at 127.0.0.1/12788] INFO  ha.SCMHAInvocationHandler (SCMHAInvocationHandler.java:invokeRatis(113)) - Invoking method public abstract void org.apache.hadoop.hdds.scm.container.ContainerStateManagerV2.addContainer(org.apache.hadoop.hdds.protocol.proto.HddsProtos$ContainerInfoProto) throws java.io.IOException on target org.apache.hadoop.hdds.scm.ha.SCMRatisServerImpl@3bf5589b, cost 4836.433us
2021-07-27 15:00:25,486 [112e9cde-9cb9-43e4-9ef1-6a6d7fd9222c@group-6D50A358B8D8-StateMachineUpdater] INFO  safemode.HealthyPipelineSafeModeRule (HealthyPipelineSafeModeRule.java:initializeRule(152)) - Refreshed total pipeline count is 1, healthy pipeline threshold count is 1
2021-07-27 15:00:25,486 [112e9cde-9cb9-43e4-9ef1-6a6d7fd9222c@group-6D50A358B8D8-StateMachineUpdater] INFO  ha.SCMStateMachine (SCMStateMachine.java:takeSnapshot(290)) - Current Snapshot Index 85, takeSnapshot took 0 ms
2021-07-27 15:00:25,486 [112e9cde-9cb9-43e4-9ef1-6a6d7fd9222c@group-6D50A358B8D8-StateMachineUpdater] INFO  impl.StateMachineUpdater (StateMachineUpdater.java:takeSnapshot(281)) - 112e9cde-9cb9-43e4-9ef1-6a6d7fd9222c@group-6D50A358B8D8-StateMachineUpdater: Took a snapshot at index 85
2021-07-27 15:00:25,486 [112e9cde-9cb9-43e4-9ef1-6a6d7fd9222c@group-6D50A358B8D8-StateMachineUpdater] INFO  impl.StateMachineUpdater (StateMachineUpdater.java:lambda$new$0(89)) - 112e9cde-9cb9-43e4-9ef1-6a6d7fd9222c@group-6D50A358B8D8-StateMachineUpdater: snapshotIndex: updateIncreasingly 80 -> 85
2021-07-27 15:00:25,487 [112e9cde-9cb9-43e4-9ef1-6a6d7fd9222c@group-6D50A358B8D8-StateMachineUpdater] INFO  raftlog.RaftLog (RaftLogBase.java:purge(306)) - 112e9cde-9cb9-43e4-9ef1-6a6d7fd9222c@group-6D50A358B8D8-SegmentedRaftLog: purge 85
2021-07-27 15:00:25,487 [112e9cde-9cb9-43e4-9ef1-6a6d7fd9222c@group-6D50A358B8D8-StateMachineUpdater] INFO  raftlog.RaftLog (RaftLogBase.java:lambda$new$0(53)) - 112e9cde-9cb9-43e4-9ef1-6a6d7fd9222c@group-6D50A358B8D8-SegmentedRaftLog: snapshotIndex: updateIncreasingly 80 -> 85
2021-07-27 15:00:25,487 [112e9cde-9cb9-43e4-9ef1-6a6d7fd9222c@group-6D50A358B8D8-StateMachineUpdater] INFO  raftlog.RaftLog (RaftLogBase.java:lambda$new$0(53)) - 112e9cde-9cb9-43e4-9ef1-6a6d7fd9222c@group-6D50A358B8D8-SegmentedRaftLog: purgeIndex: updateToMax old=80, new=85, updated? true
2021-07-27 15:00:25,591 [Listener at 127.0.0.1/12788] INFO  ha.SCMHAInvocationHandler (SCMHAInvocationHandler.java:invokeRatis(113)) - Invoking method public abstract void org.apache.hadoop.hdds.scm.container.ContainerStateManagerV2.addContainer(org.apache.hadoop.hdds.protocol.proto.HddsProtos$ContainerInfoProto) throws java.io.IOException on target org.apache.hadoop.hdds.scm.ha.SCMRatisServerImpl@3bf5589b, cost 5623.938us
2021-07-27 15:00:25,593 [112e9cde-9cb9-43e4-9ef1-6a6d7fd9222c@group-6D50A358B8D8-StateMachineUpdater] INFO  safemode.HealthyPipelineSafeModeRule (HealthyPipelineSafeModeRule.java:initializeRule(152)) - Refreshed total pipeline count is 1, healthy pipeline threshold count is 1
2021-07-27 15:00:25,696 [Listener at 127.0.0.1/12788] INFO  ha.SCMHAInvocationHandler (SCMHAInvocationHandler.java:invokeRatis(113)) - Invoking method public abstract void org.apache.hadoop.hdds.scm.container.ContainerStateManagerV2.addContainer(org.apache.hadoop.hdds.protocol.proto.HddsProtos$ContainerInfoProto) throws java.io.IOException on target org.apache.hadoop.hdds.scm.ha.SCMRatisServerImpl@3bf5589b, cost 3901.926us
2021-07-27 15:00:25,698 [112e9cde-9cb9-43e4-9ef1-6a6d7fd9222c@group-6D50A358B8D8-StateMachineUpdater] INFO  safemode.HealthyPipelineSafeModeRule (HealthyPipelineSafeModeRule.java:initializeRule(152)) - Refreshed total pipeline count is 1, healthy pipeline threshold count is 1
2021-07-27 15:00:25,699 [b07764cb-34df-45d7-9560-8ac949593b7a@group-6D50A358B8D8-StateMachineUpdater] INFO  ha.SCMStateMachine (SCMStateMachine.java:takeSnapshot(290)) - Current Snapshot Index 90, takeSnapshot took 0 ms
2021-07-27 15:00:25,699 [b07764cb-34df-45d7-9560-8ac949593b7a@group-6D50A358B8D8-StateMachineUpdater] INFO  impl.StateMachineUpdater (StateMachineUpdater.java:takeSnapshot(281)) - b07764cb-34df-45d7-9560-8ac949593b7a@group-6D50A358B8D8-StateMachineUpdater: Took a snapshot at index 90
2021-07-27 15:00:25,699 [b07764cb-34df-45d7-9560-8ac949593b7a@group-6D50A358B8D8-StateMachineUpdater] INFO  impl.StateMachineUpdater (StateMachineUpdater.java:lambda$new$0(89)) - b07764cb-34df-45d7-9560-8ac949593b7a@group-6D50A358B8D8-StateMachineUpdater: snapshotIndex: updateIncreasingly 85 -> 90
2021-07-27 15:00:25,699 [b07764cb-34df-45d7-9560-8ac949593b7a@group-6D50A358B8D8-StateMachineUpdater] INFO  raftlog.RaftLog (RaftLogBase.java:purge(306)) - b07764cb-34df-45d7-9560-8ac949593b7a@group-6D50A358B8D8-SegmentedRaftLog: purge 90
2021-07-27 15:00:25,699 [b07764cb-34df-45d7-9560-8ac949593b7a@group-6D50A358B8D8-StateMachineUpdater] INFO  raftlog.RaftLog (RaftLogBase.java:lambda$new$0(53)) - b07764cb-34df-45d7-9560-8ac949593b7a@group-6D50A358B8D8-SegmentedRaftLog: snapshotIndex: updateIncreasingly 85 -> 90
2021-07-27 15:00:25,699 [b07764cb-34df-45d7-9560-8ac949593b7a@group-6D50A358B8D8-StateMachineUpdater] INFO  raftlog.RaftLog (RaftLogBase.java:lambda$new$0(53)) - b07764cb-34df-45d7-9560-8ac949593b7a@group-6D50A358B8D8-SegmentedRaftLog: purgeIndex: updateToMax old=85, new=90, updated? true
2021-07-27 15:00:25,800 [112e9cde-9cb9-43e4-9ef1-6a6d7fd9222c@group-6D50A358B8D8-StateMachineUpdater] INFO  ha.SCMStateMachine (SCMStateMachine.java:takeSnapshot(290)) - Current Snapshot Index 90, takeSnapshot took 0 ms
2021-07-27 15:00:25,800 [112e9cde-9cb9-43e4-9ef1-6a6d7fd9222c@group-6D50A358B8D8-StateMachineUpdater] INFO  impl.StateMachineUpdater (StateMachineUpdater.java:takeSnapshot(281)) - 112e9cde-9cb9-43e4-9ef1-6a6d7fd9222c@group-6D50A358B8D8-StateMachineUpdater: Took a snapshot at index 90
2021-07-27 15:00:25,800 [112e9cde-9cb9-43e4-9ef1-6a6d7fd9222c@group-6D50A358B8D8-StateMachineUpdater] INFO  impl.StateMachineUpdater (StateMachineUpdater.java:lambda$new$0(89)) - 112e9cde-9cb9-43e4-9ef1-6a6d7fd9222c@group-6D50A358B8D8-StateMachineUpdater: snapshotIndex: updateIncreasingly 85 -> 90
2021-07-27 15:00:25,800 [112e9cde-9cb9-43e4-9ef1-6a6d7fd9222c@group-6D50A358B8D8-StateMachineUpdater] INFO  raftlog.RaftLog (RaftLogBase.java:purge(306)) - 112e9cde-9cb9-43e4-9ef1-6a6d7fd9222c@group-6D50A358B8D8-SegmentedRaftLog: purge 90
2021-07-27 15:00:25,800 [112e9cde-9cb9-43e4-9ef1-6a6d7fd9222c@group-6D50A358B8D8-StateMachineUpdater] INFO  raftlog.RaftLog (RaftLogBase.java:lambda$new$0(53)) - 112e9cde-9cb9-43e4-9ef1-6a6d7fd9222c@group-6D50A358B8D8-SegmentedRaftLog: snapshotIndex: updateIncreasingly 85 -> 90
2021-07-27 15:00:25,800 [112e9cde-9cb9-43e4-9ef1-6a6d7fd9222c@group-6D50A358B8D8-StateMachineUpdater] INFO  raftlog.RaftLog (RaftLogBase.java:lambda$new$0(53)) - 112e9cde-9cb9-43e4-9ef1-6a6d7fd9222c@group-6D50A358B8D8-SegmentedRaftLog: purgeIndex: updateToMax old=85, new=90, updated? true
2021-07-27 15:00:25,801 [Listener at 127.0.0.1/12788] INFO  ha.SCMHAInvocationHandler (SCMHAInvocationHandler.java:invokeRatis(113)) - Invoking method public abstract void org.apache.hadoop.hdds.scm.container.ContainerStateManagerV2.addContainer(org.apache.hadoop.hdds.protocol.proto.HddsProtos$ContainerInfoProto) throws java.io.IOException on target org.apache.hadoop.hdds.scm.ha.SCMRatisServerImpl@3bf5589b, cost 4858.733us
2021-07-27 15:00:25,820 [112e9cde-9cb9-43e4-9ef1-6a6d7fd9222c@group-6D50A358B8D8-StateMachineUpdater] INFO  safemode.HealthyPipelineSafeModeRule (HealthyPipelineSafeModeRule.java:initializeRule(152)) - Refreshed total pipeline count is 1, healthy pipeline threshold count is 1
2021-07-27 15:00:25,906 [Listener at 127.0.0.1/12788] INFO  ha.SCMHAInvocationHandler (SCMHAInvocationHandler.java:invokeRatis(113)) - Invoking method public abstract void org.apache.hadoop.hdds.scm.container.ContainerStateManagerV2.addContainer(org.apache.hadoop.hdds.protocol.proto.HddsProtos$ContainerInfoProto) throws java.io.IOException on target org.apache.hadoop.hdds.scm.ha.SCMRatisServerImpl@3bf5589b, cost 3951.627us
2021-07-27 15:00:25,907 [112e9cde-9cb9-43e4-9ef1-6a6d7fd9222c@group-6D50A358B8D8-StateMachineUpdater] INFO  safemode.HealthyPipelineSafeModeRule (HealthyPipelineSafeModeRule.java:initializeRule(152)) - Refreshed total pipeline count is 1, healthy pipeline threshold count is 1
2021-07-27 15:00:26,011 [b07764cb-34df-45d7-9560-8ac949593b7a@group-6D50A358B8D8-StateMachineUpdater] INFO  ha.SCMStateMachine (SCMStateMachine.java:takeSnapshot(290)) - Current Snapshot Index 95, takeSnapshot took 0 ms
2021-07-27 15:00:26,011 [b07764cb-34df-45d7-9560-8ac949593b7a@group-6D50A358B8D8-StateMachineUpdater] INFO  impl.StateMachineUpdater (StateMachineUpdater.java:takeSnapshot(281)) - b07764cb-34df-45d7-9560-8ac949593b7a@group-6D50A358B8D8-StateMachineUpdater: Took a snapshot at index 95
2021-07-27 15:00:26,011 [b07764cb-34df-45d7-9560-8ac949593b7a@group-6D50A358B8D8-StateMachineUpdater] INFO  impl.StateMachineUpdater (StateMachineUpdater.java:lambda$new$0(89)) - b07764cb-34df-45d7-9560-8ac949593b7a@group-6D50A358B8D8-StateMachineUpdater: snapshotIndex: updateIncreasingly 90 -> 95
2021-07-27 15:00:26,011 [b07764cb-34df-45d7-9560-8ac949593b7a@group-6D50A358B8D8-StateMachineUpdater] INFO  raftlog.RaftLog (RaftLogBase.java:purge(306)) - b07764cb-34df-45d7-9560-8ac949593b7a@group-6D50A358B8D8-SegmentedRaftLog: purge 95
2021-07-27 15:00:26,011 [b07764cb-34df-45d7-9560-8ac949593b7a@group-6D50A358B8D8-StateMachineUpdater] INFO  raftlog.RaftLog (RaftLogBase.java:lambda$new$0(53)) - b07764cb-34df-45d7-9560-8ac949593b7a@group-6D50A358B8D8-SegmentedRaftLog: snapshotIndex: updateIncreasingly 90 -> 95
2021-07-27 15:00:26,011 [b07764cb-34df-45d7-9560-8ac949593b7a@group-6D50A358B8D8-StateMachineUpdater] INFO  raftlog.RaftLog (RaftLogBase.java:lambda$new$0(53)) - b07764cb-34df-45d7-9560-8ac949593b7a@group-6D50A358B8D8-SegmentedRaftLog: purgeIndex: updateToMax old=90, new=95, updated? true
2021-07-27 15:00:26,011 [Listener at 127.0.0.1/12788] INFO  ha.SCMHAInvocationHandler (SCMHAInvocationHandler.java:invokeRatis(113)) - Invoking method public abstract void org.apache.hadoop.hdds.scm.container.ContainerStateManagerV2.addContainer(org.apache.hadoop.hdds.protocol.proto.HddsProtos$ContainerInfoProto) throws java.io.IOException on target org.apache.hadoop.hdds.scm.ha.SCMRatisServerImpl@3bf5589b, cost 5310.836us
2021-07-27 15:00:26,014 [112e9cde-9cb9-43e4-9ef1-6a6d7fd9222c@group-6D50A358B8D8-StateMachineUpdater] INFO  safemode.HealthyPipelineSafeModeRule (HealthyPipelineSafeModeRule.java:initializeRule(152)) - Refreshed total pipeline count is 1, healthy pipeline threshold count is 1
2021-07-27 15:00:26,014 [112e9cde-9cb9-43e4-9ef1-6a6d7fd9222c@group-6D50A358B8D8-StateMachineUpdater] INFO  ha.SCMStateMachine (SCMStateMachine.java:takeSnapshot(290)) - Current Snapshot Index 95, takeSnapshot took 0 ms
2021-07-27 15:00:26,014 [112e9cde-9cb9-43e4-9ef1-6a6d7fd9222c@group-6D50A358B8D8-StateMachineUpdater] INFO  impl.StateMachineUpdater (StateMachineUpdater.java:takeSnapshot(281)) - 112e9cde-9cb9-43e4-9ef1-6a6d7fd9222c@group-6D50A358B8D8-StateMachineUpdater: Took a snapshot at index 95
2021-07-27 15:00:26,014 [112e9cde-9cb9-43e4-9ef1-6a6d7fd9222c@group-6D50A358B8D8-StateMachineUpdater] INFO  impl.StateMachineUpdater (StateMachineUpdater.java:lambda$new$0(89)) - 112e9cde-9cb9-43e4-9ef1-6a6d7fd9222c@group-6D50A358B8D8-StateMachineUpdater: snapshotIndex: updateIncreasingly 90 -> 95
2021-07-27 15:00:26,014 [112e9cde-9cb9-43e4-9ef1-6a6d7fd9222c@group-6D50A358B8D8-StateMachineUpdater] INFO  raftlog.RaftLog (RaftLogBase.java:purge(306)) - 112e9cde-9cb9-43e4-9ef1-6a6d7fd9222c@group-6D50A358B8D8-SegmentedRaftLog: purge 95
2021-07-27 15:00:26,015 [112e9cde-9cb9-43e4-9ef1-6a6d7fd9222c@group-6D50A358B8D8-StateMachineUpdater] INFO  raftlog.RaftLog (RaftLogBase.java:lambda$new$0(53)) - 112e9cde-9cb9-43e4-9ef1-6a6d7fd9222c@group-6D50A358B8D8-SegmentedRaftLog: snapshotIndex: updateIncreasingly 90 -> 95
2021-07-27 15:00:26,015 [112e9cde-9cb9-43e4-9ef1-6a6d7fd9222c@group-6D50A358B8D8-StateMachineUpdater] INFO  raftlog.RaftLog (RaftLogBase.java:lambda$new$0(53)) - 112e9cde-9cb9-43e4-9ef1-6a6d7fd9222c@group-6D50A358B8D8-SegmentedRaftLog: purgeIndex: updateToMax old=90, new=95, updated? true
2021-07-27 15:00:26,116 [Listener at 127.0.0.1/12788] INFO  ha.SCMHAInvocationHandler (SCMHAInvocationHandler.java:invokeRatis(113)) - Invoking method public abstract void org.apache.hadoop.hdds.scm.container.ContainerStateManagerV2.addContainer(org.apache.hadoop.hdds.protocol.proto.HddsProtos$ContainerInfoProto) throws java.io.IOException on target org.apache.hadoop.hdds.scm.ha.SCMRatisServerImpl@3bf5589b, cost 3559.925us
2021-07-27 15:00:26,120 [112e9cde-9cb9-43e4-9ef1-6a6d7fd9222c@group-6D50A358B8D8-StateMachineUpdater] INFO  safemode.HealthyPipelineSafeModeRule (HealthyPipelineSafeModeRule.java:initializeRule(152)) - Refreshed total pipeline count is 1, healthy pipeline threshold count is 1
2021-07-27 15:00:26,173 [Datanode State Machine Thread - 0] ERROR datanode.RunningDatanodeState (RunningDatanodeState.java:computeNextContainerState(199)) - Error in executing end point task.
java.util.concurrent.ExecutionException: java.util.concurrent.TimeoutException
	at java.util.concurrent.FutureTask.report(FutureTask.java:122)
	at java.util.concurrent.FutureTask.get(FutureTask.java:192)
	at org.apache.hadoop.ozone.container.common.states.datanode.RunningDatanodeState.computeNextContainerState(RunningDatanodeState.java:191)
	at org.apache.hadoop.ozone.container.common.states.datanode.RunningDatanodeState.await(RunningDatanodeState.java:231)
	at org.apache.hadoop.ozone.container.common.states.datanode.RunningDatanodeState.await(RunningDatanodeState.java:50)
	at org.apache.hadoop.ozone.container.common.statemachine.StateContext.execute(StateContext.java:629)
	at org.apache.hadoop.ozone.container.common.statemachine.DatanodeStateMachine.start(DatanodeStateMachine.java:269)
	at org.apache.hadoop.ozone.container.common.statemachine.DatanodeStateMachine.lambda$startDaemon$0(DatanodeStateMachine.java:455)
	at java.lang.Thread.run(Thread.java:748)
Caused by: java.util.concurrent.TimeoutException
	at java.util.concurrent.FutureTask.get(FutureTask.java:205)
	at org.apache.hadoop.ozone.container.common.states.datanode.RunningDatanodeState.lambda$execute$0(RunningDatanodeState.java:149)
	at java.util.concurrent.FutureTask.run(FutureTask.java:266)
	at java.util.concurrent.Executors$RunnableAdapter.call(Executors.java:511)
	at java.util.concurrent.FutureTask.run(FutureTask.java:266)
	at java.util.concurrent.ThreadPoolExecutor.runWorker(ThreadPoolExecutor.java:1149)
	at java.util.concurrent.ThreadPoolExecutor$Worker.run(ThreadPoolExecutor.java:624)
	... 1 more
2021-07-27 15:00:26,221 [Listener at 127.0.0.1/12788] INFO  ha.SCMHAInvocationHandler (SCMHAInvocationHandler.java:invokeRatis(113)) - Invoking method public abstract void org.apache.hadoop.hdds.scm.container.ContainerStateManagerV2.addContainer(org.apache.hadoop.hdds.protocol.proto.HddsProtos$ContainerInfoProto) throws java.io.IOException on target org.apache.hadoop.hdds.scm.ha.SCMRatisServerImpl@3bf5589b, cost 4611.732us
2021-07-27 15:00:26,222 [112e9cde-9cb9-43e4-9ef1-6a6d7fd9222c@group-6D50A358B8D8-StateMachineUpdater] INFO  safemode.HealthyPipelineSafeModeRule (HealthyPipelineSafeModeRule.java:initializeRule(152)) - Refreshed total pipeline count is 1, healthy pipeline threshold count is 1
2021-07-27 15:00:26,224 [b07764cb-34df-45d7-9560-8ac949593b7a@group-6D50A358B8D8-StateMachineUpdater] INFO  ha.SCMStateMachine (SCMStateMachine.java:takeSnapshot(290)) - Current Snapshot Index 100, takeSnapshot took 0 ms
2021-07-27 15:00:26,224 [b07764cb-34df-45d7-9560-8ac949593b7a@group-6D50A358B8D8-StateMachineUpdater] INFO  impl.StateMachineUpdater (StateMachineUpdater.java:takeSnapshot(281)) - b07764cb-34df-45d7-9560-8ac949593b7a@group-6D50A358B8D8-StateMachineUpdater: Took a snapshot at index 100
2021-07-27 15:00:26,224 [b07764cb-34df-45d7-9560-8ac949593b7a@group-6D50A358B8D8-StateMachineUpdater] INFO  impl.StateMachineUpdater (StateMachineUpdater.java:lambda$new$0(89)) - b07764cb-34df-45d7-9560-8ac949593b7a@group-6D50A358B8D8-StateMachineUpdater: snapshotIndex: updateIncreasingly 95 -> 100
2021-07-27 15:00:26,224 [b07764cb-34df-45d7-9560-8ac949593b7a@group-6D50A358B8D8-StateMachineUpdater] INFO  raftlog.RaftLog (RaftLogBase.java:purge(306)) - b07764cb-34df-45d7-9560-8ac949593b7a@group-6D50A358B8D8-SegmentedRaftLog: purge 100
2021-07-27 15:00:26,224 [b07764cb-34df-45d7-9560-8ac949593b7a@group-6D50A358B8D8-StateMachineUpdater] INFO  raftlog.RaftLog (RaftLogBase.java:lambda$new$0(53)) - b07764cb-34df-45d7-9560-8ac949593b7a@group-6D50A358B8D8-SegmentedRaftLog: snapshotIndex: updateIncreasingly 95 -> 100
2021-07-27 15:00:26,224 [b07764cb-34df-45d7-9560-8ac949593b7a@group-6D50A358B8D8-StateMachineUpdater] INFO  raftlog.RaftLog (RaftLogBase.java:lambda$new$0(53)) - b07764cb-34df-45d7-9560-8ac949593b7a@group-6D50A358B8D8-SegmentedRaftLog: purgeIndex: updateToMax old=95, new=100, updated? true
2021-07-27 15:00:26,324 [112e9cde-9cb9-43e4-9ef1-6a6d7fd9222c@group-6D50A358B8D8-StateMachineUpdater] INFO  ha.SCMStateMachine (SCMStateMachine.java:takeSnapshot(290)) - Current Snapshot Index 100, takeSnapshot took 0 ms
2021-07-27 15:00:26,324 [112e9cde-9cb9-43e4-9ef1-6a6d7fd9222c@group-6D50A358B8D8-StateMachineUpdater] INFO  impl.StateMachineUpdater (StateMachineUpdater.java:takeSnapshot(281)) - 112e9cde-9cb9-43e4-9ef1-6a6d7fd9222c@group-6D50A358B8D8-StateMachineUpdater: Took a snapshot at index 100
2021-07-27 15:00:26,324 [112e9cde-9cb9-43e4-9ef1-6a6d7fd9222c@group-6D50A358B8D8-StateMachineUpdater] INFO  impl.StateMachineUpdater (StateMachineUpdater.java:lambda$new$0(89)) - 112e9cde-9cb9-43e4-9ef1-6a6d7fd9222c@group-6D50A358B8D8-StateMachineUpdater: snapshotIndex: updateIncreasingly 95 -> 100
2021-07-27 15:00:26,324 [112e9cde-9cb9-43e4-9ef1-6a6d7fd9222c@group-6D50A358B8D8-StateMachineUpdater] INFO  raftlog.RaftLog (RaftLogBase.java:purge(306)) - 112e9cde-9cb9-43e4-9ef1-6a6d7fd9222c@group-6D50A358B8D8-SegmentedRaftLog: purge 100
2021-07-27 15:00:26,324 [112e9cde-9cb9-43e4-9ef1-6a6d7fd9222c@group-6D50A358B8D8-StateMachineUpdater] INFO  raftlog.RaftLog (RaftLogBase.java:lambda$new$0(53)) - 112e9cde-9cb9-43e4-9ef1-6a6d7fd9222c@group-6D50A358B8D8-SegmentedRaftLog: snapshotIndex: updateIncreasingly 95 -> 100
2021-07-27 15:00:26,324 [112e9cde-9cb9-43e4-9ef1-6a6d7fd9222c@group-6D50A358B8D8-StateMachineUpdater] INFO  raftlog.RaftLog (RaftLogBase.java:lambda$new$0(53)) - 112e9cde-9cb9-43e4-9ef1-6a6d7fd9222c@group-6D50A358B8D8-SegmentedRaftLog: purgeIndex: updateToMax old=95, new=100, updated? true
2021-07-27 15:00:26,325 [Listener at 127.0.0.1/12788] INFO  ha.SCMHAInvocationHandler (SCMHAInvocationHandler.java:invokeRatis(113)) - Invoking method public abstract void org.apache.hadoop.hdds.scm.container.ContainerStateManagerV2.addContainer(org.apache.hadoop.hdds.protocol.proto.HddsProtos$ContainerInfoProto) throws java.io.IOException on target org.apache.hadoop.hdds.scm.ha.SCMRatisServerImpl@3bf5589b, cost 4004.027us
2021-07-27 15:00:26,328 [112e9cde-9cb9-43e4-9ef1-6a6d7fd9222c@group-6D50A358B8D8-StateMachineUpdater] INFO  safemode.HealthyPipelineSafeModeRule (HealthyPipelineSafeModeRule.java:initializeRule(152)) - Refreshed total pipeline count is 1, healthy pipeline threshold count is 1
2021-07-27 15:00:26,432 [Listener at 127.0.0.1/12788] INFO  ha.SCMHAInvocationHandler (SCMHAInvocationHandler.java:invokeRatis(113)) - Invoking method public abstract void org.apache.hadoop.hdds.scm.container.ContainerStateManagerV2.addContainer(org.apache.hadoop.hdds.protocol.proto.HddsProtos$ContainerInfoProto) throws java.io.IOException on target org.apache.hadoop.hdds.scm.ha.SCMRatisServerImpl@3bf5589b, cost 4799.333us
2021-07-27 15:00:26,433 [112e9cde-9cb9-43e4-9ef1-6a6d7fd9222c@group-6D50A358B8D8-StateMachineUpdater] INFO  safemode.HealthyPipelineSafeModeRule (HealthyPipelineSafeModeRule.java:initializeRule(152)) - Refreshed total pipeline count is 1, healthy pipeline threshold count is 1
2021-07-27 15:00:26,534 [Listener at 127.0.0.1/12788] INFO  segmented.SegmentedRaftLogWorker (SegmentedRaftLogWorker.java:rollLogSegment(399)) - b07764cb-34df-45d7-9560-8ac949593b7a@group-6D50A358B8D8-SegmentedRaftLogWorker: Rolling segment log-1_104 to index:104
2021-07-27 15:00:26,534 [b07764cb-34df-45d7-9560-8ac949593b7a@group-6D50A358B8D8-SegmentedRaftLogWorker] INFO  segmented.SegmentedRaftLogWorker (SegmentedRaftLogWorker.java:execute(558)) - b07764cb-34df-45d7-9560-8ac949593b7a@group-6D50A358B8D8-SegmentedRaftLogWorker: Rolled log segment from /home/runner/work/ozone/ozone/mnt/ozone/hadoop-ozone/integration-test/target/test-dir/MiniOzoneClusterImpl-1c236c99-c7c8-4b90-98b3-6d50a358b8d8/scmNode-1/scm-ha/1c236c99-c7c8-4b90-98b3-6d50a358b8d8/current/log_inprogress_1 to /home/runner/work/ozone/ozone/mnt/ozone/hadoop-ozone/integration-test/target/test-dir/MiniOzoneClusterImpl-1c236c99-c7c8-4b90-98b3-6d50a358b8d8/scmNode-1/scm-ha/1c236c99-c7c8-4b90-98b3-6d50a358b8d8/current/log_1-104
2021-07-27 15:00:26,536 [grpc-default-executor-1] INFO  segmented.SegmentedRaftLogWorker (SegmentedRaftLogWorker.java:rollLogSegment(399)) - 112e9cde-9cb9-43e4-9ef1-6a6d7fd9222c@group-6D50A358B8D8-SegmentedRaftLogWorker: Rolling segment log-1_104 to index:104
2021-07-27 15:00:26,536 [112e9cde-9cb9-43e4-9ef1-6a6d7fd9222c@group-6D50A358B8D8-SegmentedRaftLogWorker] INFO  segmented.SegmentedRaftLogWorker (SegmentedRaftLogWorker.java:execute(558)) - 112e9cde-9cb9-43e4-9ef1-6a6d7fd9222c@group-6D50A358B8D8-SegmentedRaftLogWorker: Rolled log segment from /home/runner/work/ozone/ozone/mnt/ozone/hadoop-ozone/integration-test/target/test-dir/MiniOzoneClusterImpl-1c236c99-c7c8-4b90-98b3-6d50a358b8d8/scmNode-2/scm-ha/1c236c99-c7c8-4b90-98b3-6d50a358b8d8/current/log_inprogress_1 to /home/runner/work/ozone/ozone/mnt/ozone/hadoop-ozone/integration-test/target/test-dir/MiniOzoneClusterImpl-1c236c99-c7c8-4b90-98b3-6d50a358b8d8/scmNode-2/scm-ha/1c236c99-c7c8-4b90-98b3-6d50a358b8d8/current/log_1-104
2021-07-27 15:00:26,540 [b07764cb-34df-45d7-9560-8ac949593b7a@group-6D50A358B8D8-SegmentedRaftLogWorker] INFO  segmented.SegmentedRaftLogWorker (SegmentedRaftLogWorker.java:execute(601)) - b07764cb-34df-45d7-9560-8ac949593b7a@group-6D50A358B8D8-SegmentedRaftLogWorker: created new log segment /home/runner/work/ozone/ozone/mnt/ozone/hadoop-ozone/integration-test/target/test-dir/MiniOzoneClusterImpl-1c236c99-c7c8-4b90-98b3-6d50a358b8d8/scmNode-1/scm-ha/1c236c99-c7c8-4b90-98b3-6d50a358b8d8/current/log_inprogress_105
2021-07-27 15:00:26,541 [112e9cde-9cb9-43e4-9ef1-6a6d7fd9222c@group-6D50A358B8D8-SegmentedRaftLogWorker] INFO  segmented.SegmentedRaftLogWorker (SegmentedRaftLogWorker.java:execute(601)) - 112e9cde-9cb9-43e4-9ef1-6a6d7fd9222c@group-6D50A358B8D8-SegmentedRaftLogWorker: created new log segment /home/runner/work/ozone/ozone/mnt/ozone/hadoop-ozone/integration-test/target/test-dir/MiniOzoneClusterImpl-1c236c99-c7c8-4b90-98b3-6d50a358b8d8/scmNode-2/scm-ha/1c236c99-c7c8-4b90-98b3-6d50a358b8d8/current/log_inprogress_105
2021-07-27 15:00:26,543 [b07764cb-34df-45d7-9560-8ac949593b7a@group-6D50A358B8D8-StateMachineUpdater] INFO  ha.SCMStateMachine (SCMStateMachine.java:takeSnapshot(290)) - Current Snapshot Index 105, takeSnapshot took 0 ms
2021-07-27 15:00:26,543 [b07764cb-34df-45d7-9560-8ac949593b7a@group-6D50A358B8D8-StateMachineUpdater] INFO  impl.StateMachineUpdater (StateMachineUpdater.java:takeSnapshot(281)) - b07764cb-34df-45d7-9560-8ac949593b7a@group-6D50A358B8D8-StateMachineUpdater: Took a snapshot at index 105
2021-07-27 15:00:26,543 [b07764cb-34df-45d7-9560-8ac949593b7a@group-6D50A358B8D8-StateMachineUpdater] INFO  impl.StateMachineUpdater (StateMachineUpdater.java:lambda$new$0(89)) - b07764cb-34df-45d7-9560-8ac949593b7a@group-6D50A358B8D8-StateMachineUpdater: snapshotIndex: updateIncreasingly 100 -> 105
2021-07-27 15:00:26,543 [b07764cb-34df-45d7-9560-8ac949593b7a@group-6D50A358B8D8-StateMachineUpdater] INFO  raftlog.RaftLog (RaftLogBase.java:purge(306)) - b07764cb-34df-45d7-9560-8ac949593b7a@group-6D50A358B8D8-SegmentedRaftLog: purge 105
2021-07-27 15:00:26,543 [b07764cb-34df-45d7-9560-8ac949593b7a@group-6D50A358B8D8-StateMachineUpdater] INFO  raftlog.RaftLog (RaftLogBase.java:lambda$new$0(53)) - b07764cb-34df-45d7-9560-8ac949593b7a@group-6D50A358B8D8-SegmentedRaftLog: snapshotIndex: updateIncreasingly 100 -> 105
2021-07-27 15:00:26,543 [Listener at 127.0.0.1/12788] INFO  ha.SCMHAInvocationHandler (SCMHAInvocationHandler.java:invokeRatis(113)) - Invoking method public abstract void org.apache.hadoop.hdds.scm.container.ContainerStateManagerV2.addContainer(org.apache.hadoop.hdds.protocol.proto.HddsProtos$ContainerInfoProto) throws java.io.IOException on target org.apache.hadoop.hdds.scm.ha.SCMRatisServerImpl@3bf5589b, cost 10334.371us
2021-07-27 15:00:26,544 [112e9cde-9cb9-43e4-9ef1-6a6d7fd9222c@group-6D50A358B8D8-StateMachineUpdater] INFO  safemode.HealthyPipelineSafeModeRule (HealthyPipelineSafeModeRule.java:initializeRule(152)) - Refreshed total pipeline count is 1, healthy pipeline threshold count is 1
2021-07-27 15:00:26,544 [112e9cde-9cb9-43e4-9ef1-6a6d7fd9222c@group-6D50A358B8D8-StateMachineUpdater] INFO  ha.SCMStateMachine (SCMStateMachine.java:takeSnapshot(290)) - Current Snapshot Index 105, takeSnapshot took 0 ms
2021-07-27 15:00:26,544 [112e9cde-9cb9-43e4-9ef1-6a6d7fd9222c@group-6D50A358B8D8-StateMachineUpdater] INFO  impl.StateMachineUpdater (StateMachineUpdater.java:takeSnapshot(281)) - 112e9cde-9cb9-43e4-9ef1-6a6d7fd9222c@group-6D50A358B8D8-StateMachineUpdater: Took a snapshot at index 105
2021-07-27 15:00:26,544 [112e9cde-9cb9-43e4-9ef1-6a6d7fd9222c@group-6D50A358B8D8-StateMachineUpdater] INFO  impl.StateMachineUpdater (StateMachineUpdater.java:lambda$new$0(89)) - 112e9cde-9cb9-43e4-9ef1-6a6d7fd9222c@group-6D50A358B8D8-StateMachineUpdater: snapshotIndex: updateIncreasingly 100 -> 105
2021-07-27 15:00:26,545 [112e9cde-9cb9-43e4-9ef1-6a6d7fd9222c@group-6D50A358B8D8-StateMachineUpdater] INFO  raftlog.RaftLog (RaftLogBase.java:purge(306)) - 112e9cde-9cb9-43e4-9ef1-6a6d7fd9222c@group-6D50A358B8D8-SegmentedRaftLog: purge 105
2021-07-27 15:00:26,545 [112e9cde-9cb9-43e4-9ef1-6a6d7fd9222c@group-6D50A358B8D8-StateMachineUpdater] INFO  raftlog.RaftLog (RaftLogBase.java:lambda$new$0(53)) - 112e9cde-9cb9-43e4-9ef1-6a6d7fd9222c@group-6D50A358B8D8-SegmentedRaftLog: snapshotIndex: updateIncreasingly 100 -> 105
2021-07-27 15:00:26,545 [112e9cde-9cb9-43e4-9ef1-6a6d7fd9222c@group-6D50A358B8D8-SegmentedRaftLogWorker] INFO  raftlog.RaftLog (RaftLogBase.java:lambda$new$0(53)) - 112e9cde-9cb9-43e4-9ef1-6a6d7fd9222c@group-6D50A358B8D8-SegmentedRaftLog: purgeIndex: updateToMax old=100, new=104, updated? true
2021-07-27 15:00:26,545 [b07764cb-34df-45d7-9560-8ac949593b7a@group-6D50A358B8D8-SegmentedRaftLogWorker] INFO  raftlog.RaftLog (RaftLogBase.java:lambda$new$0(53)) - b07764cb-34df-45d7-9560-8ac949593b7a@group-6D50A358B8D8-SegmentedRaftLog: purgeIndex: updateToMax old=100, new=104, updated? true
2021-07-27 15:00:26,648 [Listener at 127.0.0.1/12788] INFO  ha.SCMHAInvocationHandler (SCMHAInvocationHandler.java:invokeRatis(113)) - Invoking method public abstract void org.apache.hadoop.hdds.scm.container.ContainerStateManagerV2.addContainer(org.apache.hadoop.hdds.protocol.proto.HddsProtos$ContainerInfoProto) throws java.io.IOException on target org.apache.hadoop.hdds.scm.ha.SCMRatisServerImpl@3bf5589b, cost 3850.927us
2021-07-27 15:00:26,649 [112e9cde-9cb9-43e4-9ef1-6a6d7fd9222c@group-6D50A358B8D8-StateMachineUpdater] INFO  safemode.HealthyPipelineSafeModeRule (HealthyPipelineSafeModeRule.java:initializeRule(152)) - Refreshed total pipeline count is 1, healthy pipeline threshold count is 1
2021-07-27 15:00:26,752 [Listener at 127.0.0.1/12788] INFO  ha.SCMHAInvocationHandler (SCMHAInvocationHandler.java:invokeRatis(113)) - Invoking method public abstract void org.apache.hadoop.hdds.scm.container.ContainerStateManagerV2.addContainer(org.apache.hadoop.hdds.protocol.proto.HddsProtos$ContainerInfoProto) throws java.io.IOException on target org.apache.hadoop.hdds.scm.ha.SCMRatisServerImpl@3bf5589b, cost 3893.726us
2021-07-27 15:00:26,756 [112e9cde-9cb9-43e4-9ef1-6a6d7fd9222c@group-6D50A358B8D8-StateMachineUpdater] INFO  safemode.HealthyPipelineSafeModeRule (HealthyPipelineSafeModeRule.java:initializeRule(152)) - Refreshed total pipeline count is 1, healthy pipeline threshold count is 1
2021-07-27 15:00:26,757 [b07764cb-34df-45d7-9560-8ac949593b7a@group-6D50A358B8D8-StateMachineUpdater] INFO  ha.SCMStateMachine (SCMStateMachine.java:takeSnapshot(290)) - Current Snapshot Index 110, takeSnapshot took 0 ms
2021-07-27 15:00:26,757 [b07764cb-34df-45d7-9560-8ac949593b7a@group-6D50A358B8D8-StateMachineUpdater] INFO  impl.StateMachineUpdater (StateMachineUpdater.java:takeSnapshot(281)) - b07764cb-34df-45d7-9560-8ac949593b7a@group-6D50A358B8D8-StateMachineUpdater: Took a snapshot at index 110
2021-07-27 15:00:26,757 [b07764cb-34df-45d7-9560-8ac949593b7a@group-6D50A358B8D8-StateMachineUpdater] INFO  impl.StateMachineUpdater (StateMachineUpdater.java:lambda$new$0(89)) - b07764cb-34df-45d7-9560-8ac949593b7a@group-6D50A358B8D8-StateMachineUpdater: snapshotIndex: updateIncreasingly 105 -> 110
2021-07-27 15:00:26,757 [b07764cb-34df-45d7-9560-8ac949593b7a@group-6D50A358B8D8-StateMachineUpdater] INFO  raftlog.RaftLog (RaftLogBase.java:purge(306)) - b07764cb-34df-45d7-9560-8ac949593b7a@group-6D50A358B8D8-SegmentedRaftLog: purge 110
2021-07-27 15:00:26,757 [b07764cb-34df-45d7-9560-8ac949593b7a@group-6D50A358B8D8-StateMachineUpdater] INFO  raftlog.RaftLog (RaftLogBase.java:lambda$new$0(53)) - b07764cb-34df-45d7-9560-8ac949593b7a@group-6D50A358B8D8-SegmentedRaftLog: snapshotIndex: updateIncreasingly 105 -> 110
2021-07-27 15:00:26,757 [b07764cb-34df-45d7-9560-8ac949593b7a@group-6D50A358B8D8-StateMachineUpdater] INFO  raftlog.RaftLog (RaftLogBase.java:lambda$new$0(53)) - b07764cb-34df-45d7-9560-8ac949593b7a@group-6D50A358B8D8-SegmentedRaftLog: purgeIndex: updateToMax old=104, new=110, updated? true
2021-07-27 15:00:26,855 [112e9cde-9cb9-43e4-9ef1-6a6d7fd9222c@group-6D50A358B8D8-StateMachineUpdater] INFO  ha.SCMStateMachine (SCMStateMachine.java:takeSnapshot(290)) - Current Snapshot Index 110, takeSnapshot took 1 ms
2021-07-27 15:00:26,855 [112e9cde-9cb9-43e4-9ef1-6a6d7fd9222c@group-6D50A358B8D8-StateMachineUpdater] INFO  impl.StateMachineUpdater (StateMachineUpdater.java:takeSnapshot(281)) - 112e9cde-9cb9-43e4-9ef1-6a6d7fd9222c@group-6D50A358B8D8-StateMachineUpdater: Took a snapshot at index 110
2021-07-27 15:00:26,855 [112e9cde-9cb9-43e4-9ef1-6a6d7fd9222c@group-6D50A358B8D8-StateMachineUpdater] INFO  impl.StateMachineUpdater (StateMachineUpdater.java:lambda$new$0(89)) - 112e9cde-9cb9-43e4-9ef1-6a6d7fd9222c@group-6D50A358B8D8-StateMachineUpdater: snapshotIndex: updateIncreasingly 105 -> 110
2021-07-27 15:00:26,856 [112e9cde-9cb9-43e4-9ef1-6a6d7fd9222c@group-6D50A358B8D8-StateMachineUpdater] INFO  raftlog.RaftLog (RaftLogBase.java:purge(306)) - 112e9cde-9cb9-43e4-9ef1-6a6d7fd9222c@group-6D50A358B8D8-SegmentedRaftLog: purge 110
2021-07-27 15:00:26,856 [112e9cde-9cb9-43e4-9ef1-6a6d7fd9222c@group-6D50A358B8D8-StateMachineUpdater] INFO  raftlog.RaftLog (RaftLogBase.java:lambda$new$0(53)) - 112e9cde-9cb9-43e4-9ef1-6a6d7fd9222c@group-6D50A358B8D8-SegmentedRaftLog: snapshotIndex: updateIncreasingly 105 -> 110
2021-07-27 15:00:26,856 [112e9cde-9cb9-43e4-9ef1-6a6d7fd9222c@group-6D50A358B8D8-StateMachineUpdater] INFO  raftlog.RaftLog (RaftLogBase.java:lambda$new$0(53)) - 112e9cde-9cb9-43e4-9ef1-6a6d7fd9222c@group-6D50A358B8D8-SegmentedRaftLog: purgeIndex: updateToMax old=104, new=110, updated? true
2021-07-27 15:00:26,856 [Listener at 127.0.0.1/12788] INFO  ha.SCMHAInvocationHandler (SCMHAInvocationHandler.java:invokeRatis(113)) - Invoking method public abstract void org.apache.hadoop.hdds.scm.container.ContainerStateManagerV2.addContainer(org.apache.hadoop.hdds.protocol.proto.HddsProtos$ContainerInfoProto) throws java.io.IOException on target org.apache.hadoop.hdds.scm.ha.SCMRatisServerImpl@3bf5589b, cost 4059.727us
2021-07-27 15:00:26,859 [112e9cde-9cb9-43e4-9ef1-6a6d7fd9222c@group-6D50A358B8D8-StateMachineUpdater] INFO  safemode.HealthyPipelineSafeModeRule (HealthyPipelineSafeModeRule.java:initializeRule(152)) - Refreshed total pipeline count is 1, healthy pipeline threshold count is 1
2021-07-27 15:00:26,961 [Listener at 127.0.0.1/12788] INFO  ha.SCMHAInvocationHandler (SCMHAInvocationHandler.java:invokeRatis(113)) - Invoking method public abstract void org.apache.hadoop.hdds.scm.container.ContainerStateManagerV2.addContainer(org.apache.hadoop.hdds.protocol.proto.HddsProtos$ContainerInfoProto) throws java.io.IOException on target org.apache.hadoop.hdds.scm.ha.SCMRatisServerImpl@3bf5589b, cost 4385.23us
2021-07-27 15:00:26,963 [112e9cde-9cb9-43e4-9ef1-6a6d7fd9222c@group-6D50A358B8D8-StateMachineUpdater] INFO  safemode.HealthyPipelineSafeModeRule (HealthyPipelineSafeModeRule.java:initializeRule(152)) - Refreshed total pipeline count is 1, healthy pipeline threshold count is 1
2021-07-27 15:00:27,066 [b07764cb-34df-45d7-9560-8ac949593b7a@group-6D50A358B8D8-StateMachineUpdater] INFO  ha.SCMStateMachine (SCMStateMachine.java:takeSnapshot(290)) - Current Snapshot Index 115, takeSnapshot took 0 ms
2021-07-27 15:00:27,066 [b07764cb-34df-45d7-9560-8ac949593b7a@group-6D50A358B8D8-StateMachineUpdater] INFO  impl.StateMachineUpdater (StateMachineUpdater.java:takeSnapshot(281)) - b07764cb-34df-45d7-9560-8ac949593b7a@group-6D50A358B8D8-StateMachineUpdater: Took a snapshot at index 115
2021-07-27 15:00:27,066 [b07764cb-34df-45d7-9560-8ac949593b7a@group-6D50A358B8D8-StateMachineUpdater] INFO  impl.StateMachineUpdater (StateMachineUpdater.java:lambda$new$0(89)) - b07764cb-34df-45d7-9560-8ac949593b7a@group-6D50A358B8D8-StateMachineUpdater: snapshotIndex: updateIncreasingly 110 -> 115
2021-07-27 15:00:27,066 [b07764cb-34df-45d7-9560-8ac949593b7a@group-6D50A358B8D8-StateMachineUpdater] INFO  raftlog.RaftLog (RaftLogBase.java:purge(306)) - b07764cb-34df-45d7-9560-8ac949593b7a@group-6D50A358B8D8-SegmentedRaftLog: purge 115
2021-07-27 15:00:27,066 [b07764cb-34df-45d7-9560-8ac949593b7a@group-6D50A358B8D8-StateMachineUpdater] INFO  raftlog.RaftLog (RaftLogBase.java:lambda$new$0(53)) - b07764cb-34df-45d7-9560-8ac949593b7a@group-6D50A358B8D8-SegmentedRaftLog: snapshotIndex: updateIncreasingly 110 -> 115
2021-07-27 15:00:27,066 [b07764cb-34df-45d7-9560-8ac949593b7a@group-6D50A358B8D8-StateMachineUpdater] INFO  raftlog.RaftLog (RaftLogBase.java:lambda$new$0(53)) - b07764cb-34df-45d7-9560-8ac949593b7a@group-6D50A358B8D8-SegmentedRaftLog: purgeIndex: updateToMax old=110, new=115, updated? true
2021-07-27 15:00:27,067 [Listener at 127.0.0.1/12788] INFO  ha.SCMHAInvocationHandler (SCMHAInvocationHandler.java:invokeRatis(113)) - Invoking method public abstract void org.apache.hadoop.hdds.scm.container.ContainerStateManagerV2.addContainer(org.apache.hadoop.hdds.protocol.proto.HddsProtos$ContainerInfoProto) throws java.io.IOException on target org.apache.hadoop.hdds.scm.ha.SCMRatisServerImpl@3bf5589b, cost 4399.03us
2021-07-27 15:00:27,068 [112e9cde-9cb9-43e4-9ef1-6a6d7fd9222c@group-6D50A358B8D8-StateMachineUpdater] INFO  safemode.HealthyPipelineSafeModeRule (HealthyPipelineSafeModeRule.java:initializeRule(152)) - Refreshed total pipeline count is 1, healthy pipeline threshold count is 1
2021-07-27 15:00:27,068 [112e9cde-9cb9-43e4-9ef1-6a6d7fd9222c@group-6D50A358B8D8-StateMachineUpdater] INFO  ha.SCMStateMachine (SCMStateMachine.java:takeSnapshot(290)) - Current Snapshot Index 115, takeSnapshot took 0 ms
2021-07-27 15:00:27,068 [112e9cde-9cb9-43e4-9ef1-6a6d7fd9222c@group-6D50A358B8D8-StateMachineUpdater] INFO  impl.StateMachineUpdater (StateMachineUpdater.java:takeSnapshot(281)) - 112e9cde-9cb9-43e4-9ef1-6a6d7fd9222c@group-6D50A358B8D8-StateMachineUpdater: Took a snapshot at index 115
2021-07-27 15:00:27,068 [112e9cde-9cb9-43e4-9ef1-6a6d7fd9222c@group-6D50A358B8D8-StateMachineUpdater] INFO  impl.StateMachineUpdater (StateMachineUpdater.java:lambda$new$0(89)) - 112e9cde-9cb9-43e4-9ef1-6a6d7fd9222c@group-6D50A358B8D8-StateMachineUpdater: snapshotIndex: updateIncreasingly 110 -> 115
2021-07-27 15:00:27,068 [112e9cde-9cb9-43e4-9ef1-6a6d7fd9222c@group-6D50A358B8D8-StateMachineUpdater] INFO  raftlog.RaftLog (RaftLogBase.java:purge(306)) - 112e9cde-9cb9-43e4-9ef1-6a6d7fd9222c@group-6D50A358B8D8-SegmentedRaftLog: purge 115
2021-07-27 15:00:27,068 [112e9cde-9cb9-43e4-9ef1-6a6d7fd9222c@group-6D50A358B8D8-StateMachineUpdater] INFO  raftlog.RaftLog (RaftLogBase.java:lambda$new$0(53)) - 112e9cde-9cb9-43e4-9ef1-6a6d7fd9222c@group-6D50A358B8D8-SegmentedRaftLog: snapshotIndex: updateIncreasingly 110 -> 115
2021-07-27 15:00:27,068 [112e9cde-9cb9-43e4-9ef1-6a6d7fd9222c@group-6D50A358B8D8-StateMachineUpdater] INFO  raftlog.RaftLog (RaftLogBase.java:lambda$new$0(53)) - 112e9cde-9cb9-43e4-9ef1-6a6d7fd9222c@group-6D50A358B8D8-SegmentedRaftLog: purgeIndex: updateToMax old=110, new=115, updated? true
2021-07-27 15:00:27,088 [43f332dd-3581-45f2-86c5-cce36549d707@group-5F5B1A469043-FollowerState] INFO  impl.FollowerState (FollowerState.java:run(134)) - 43f332dd-3581-45f2-86c5-cce36549d707@group-5F5B1A469043-FollowerState: change to CANDIDATE, lastRpcElapsedTime:5062550208ns, electionTimeout:5056ms
2021-07-27 15:00:27,088 [43f332dd-3581-45f2-86c5-cce36549d707@group-5F5B1A469043-FollowerState] INFO  impl.RoleInfo (RoleInfo.java:shutdownFollowerState(108)) - 43f332dd-3581-45f2-86c5-cce36549d707: shutdown 43f332dd-3581-45f2-86c5-cce36549d707@group-5F5B1A469043-FollowerState
2021-07-27 15:00:27,088 [43f332dd-3581-45f2-86c5-cce36549d707@group-5F5B1A469043-FollowerState] INFO  server.RaftServer$Division (RaftServerImpl.java:setRole(285)) - 43f332dd-3581-45f2-86c5-cce36549d707@group-5F5B1A469043: changes role from  FOLLOWER to CANDIDATE at term 2 for changeToCandidate
2021-07-27 15:00:27,088 [43f332dd-3581-45f2-86c5-cce36549d707@group-5F5B1A469043-FollowerState] INFO  server.RaftServerConfigKeys (ConfUtils.java:logGet(44)) - raft.server.leaderelection.pre-vote = false (custom)
2021-07-27 15:00:27,088 [43f332dd-3581-45f2-86c5-cce36549d707@group-5F5B1A469043-FollowerState] INFO  impl.RoleInfo (RoleInfo.java:updateAndGet(130)) - 43f332dd-3581-45f2-86c5-cce36549d707: start 43f332dd-3581-45f2-86c5-cce36549d707@group-5F5B1A469043-LeaderElection11
2021-07-27 15:00:27,090 [43f332dd-3581-45f2-86c5-cce36549d707@group-5F5B1A469043-LeaderElection11] INFO  impl.LeaderElection (LeaderElection.java:askForVotes(306)) - 43f332dd-3581-45f2-86c5-cce36549d707@group-5F5B1A469043-LeaderElection11 ELECTION round 0: submit vote requests at term 3 for -1: [43f332dd-3581-45f2-86c5-cce36549d707|rpc:127.0.0.1:37911|priority:0, 86d9546c-cd65-42b3-a7f1-5b54ee2fc6d0|rpc:127.0.0.1:45791|priority:0, 0f3e4899-df55-4e14-9f73-38fb9ca0f37c|rpc:127.0.0.1:42961|priority:1], old=null
2021-07-27 15:00:27,097 [grpc-default-executor-1] INFO  server.RaftServer$Division (RaftServerImpl.java:requestVote(1043)) - 86d9546c-cd65-42b3-a7f1-5b54ee2fc6d0@group-5F5B1A469043: receive requestVote(ELECTION, 43f332dd-3581-45f2-86c5-cce36549d707, group-5F5B1A469043, 3, (t:0, i:0))
2021-07-27 15:00:27,097 [grpc-default-executor-1] INFO  impl.VoteContext (VoteContext.java:log(48)) - 86d9546c-cd65-42b3-a7f1-5b54ee2fc6d0@group-5F5B1A469043-FOLLOWER: accept ELECTION from 43f332dd-3581-45f2-86c5-cce36549d707: our priority 0 <= candidate's priority 0
2021-07-27 15:00:27,097 [grpc-default-executor-1] INFO  server.RaftServer$Division (RaftServerImpl.java:setRole(285)) - 86d9546c-cd65-42b3-a7f1-5b54ee2fc6d0@group-5F5B1A469043: changes role from  FOLLOWER to FOLLOWER at term 3 for candidate:43f332dd-3581-45f2-86c5-cce36549d707
2021-07-27 15:00:27,097 [grpc-default-executor-1] INFO  impl.RoleInfo (RoleInfo.java:shutdownFollowerState(108)) - 86d9546c-cd65-42b3-a7f1-5b54ee2fc6d0: shutdown 86d9546c-cd65-42b3-a7f1-5b54ee2fc6d0@group-5F5B1A469043-FollowerState
2021-07-27 15:00:27,097 [86d9546c-cd65-42b3-a7f1-5b54ee2fc6d0@group-5F5B1A469043-FollowerState] INFO  impl.FollowerState (FollowerState.java:run(143)) - 86d9546c-cd65-42b3-a7f1-5b54ee2fc6d0@group-5F5B1A469043-FollowerState was interrupted: {}
java.lang.InterruptedException: sleep interrupted
	at java.lang.Thread.sleep(Native Method)
	at java.lang.Thread.sleep(Thread.java:340)
	at java.util.concurrent.TimeUnit.sleep(TimeUnit.java:386)
	at org.apache.ratis.util.TimeDuration.sleep(TimeDuration.java:324)
	at org.apache.ratis.util.TimeDuration.sleep(TimeDuration.java:309)
	at org.apache.ratis.server.impl.FollowerState.run(FollowerState.java:118)
2021-07-27 15:00:27,097 [grpc-default-executor-1] INFO  impl.RoleInfo (RoleInfo.java:updateAndGet(130)) - 86d9546c-cd65-42b3-a7f1-5b54ee2fc6d0: start 86d9546c-cd65-42b3-a7f1-5b54ee2fc6d0@group-5F5B1A469043-FollowerState
2021-07-27 15:00:27,097 [grpc-default-executor-3] INFO  server.RaftServer$Division (RaftServerImpl.java:requestVote(1043)) - 0f3e4899-df55-4e14-9f73-38fb9ca0f37c@group-5F5B1A469043: receive requestVote(ELECTION, 43f332dd-3581-45f2-86c5-cce36549d707, group-5F5B1A469043, 3, (t:0, i:0))
2021-07-27 15:00:27,097 [grpc-default-executor-3] INFO  impl.VoteContext (VoteContext.java:log(48)) - 0f3e4899-df55-4e14-9f73-38fb9ca0f37c@group-5F5B1A469043-FOLLOWER: reject ELECTION from 43f332dd-3581-45f2-86c5-cce36549d707: our priority 1 > candidate's priority 0
2021-07-27 15:00:27,097 [grpc-default-executor-3] INFO  server.RaftServer$Division (RaftServerImpl.java:setRole(285)) - 0f3e4899-df55-4e14-9f73-38fb9ca0f37c@group-5F5B1A469043: changes role from  FOLLOWER to FOLLOWER at term 3 for candidate:43f332dd-3581-45f2-86c5-cce36549d707
2021-07-27 15:00:27,097 [grpc-default-executor-3] INFO  impl.RoleInfo (RoleInfo.java:shutdownFollowerState(108)) - 0f3e4899-df55-4e14-9f73-38fb9ca0f37c: shutdown 0f3e4899-df55-4e14-9f73-38fb9ca0f37c@group-5F5B1A469043-FollowerState
2021-07-27 15:00:27,097 [grpc-default-executor-3] INFO  impl.RoleInfo (RoleInfo.java:updateAndGet(130)) - 0f3e4899-df55-4e14-9f73-38fb9ca0f37c: start 0f3e4899-df55-4e14-9f73-38fb9ca0f37c@group-5F5B1A469043-FollowerState
2021-07-27 15:00:27,097 [0f3e4899-df55-4e14-9f73-38fb9ca0f37c@group-5F5B1A469043-FollowerState] INFO  impl.FollowerState (FollowerState.java:run(143)) - 0f3e4899-df55-4e14-9f73-38fb9ca0f37c@group-5F5B1A469043-FollowerState was interrupted: {}
java.lang.InterruptedException: sleep interrupted
	at java.lang.Thread.sleep(Native Method)
	at java.lang.Thread.sleep(Thread.java:340)
	at java.util.concurrent.TimeUnit.sleep(TimeUnit.java:386)
	at org.apache.ratis.util.TimeDuration.sleep(TimeDuration.java:324)
	at org.apache.ratis.util.TimeDuration.sleep(TimeDuration.java:309)
	at org.apache.ratis.server.impl.FollowerState.run(FollowerState.java:118)
2021-07-27 15:00:27,099 [grpc-default-executor-3] INFO  server.RaftServer$Division (RaftServerImpl.java:requestVote(1075)) - 0f3e4899-df55-4e14-9f73-38fb9ca0f37c@group-5F5B1A469043 replies to ELECTION vote request: 43f332dd-3581-45f2-86c5-cce36549d707<-0f3e4899-df55-4e14-9f73-38fb9ca0f37c#0:FAIL-t3. Peer's state: 0f3e4899-df55-4e14-9f73-38fb9ca0f37c@group-5F5B1A469043:t3, leader=null, voted=null, raftlog=0f3e4899-df55-4e14-9f73-38fb9ca0f37c@group-5F5B1A469043-SegmentedRaftLog:OPENED:c-1,f-1,i0, conf=-1: [43f332dd-3581-45f2-86c5-cce36549d707|rpc:127.0.0.1:37911|dataStream:|priority:0, 86d9546c-cd65-42b3-a7f1-5b54ee2fc6d0|rpc:127.0.0.1:45791|dataStream:|priority:0, 0f3e4899-df55-4e14-9f73-38fb9ca0f37c|rpc:127.0.0.1:42961|dataStream:|priority:1], old=null
2021-07-27 15:00:27,102 [grpc-default-executor-1] INFO  server.RaftServer$Division (RaftServerImpl.java:requestVote(1075)) - 86d9546c-cd65-42b3-a7f1-5b54ee2fc6d0@group-5F5B1A469043 replies to ELECTION vote request: 43f332dd-3581-45f2-86c5-cce36549d707<-86d9546c-cd65-42b3-a7f1-5b54ee2fc6d0#0:OK-t3. Peer's state: 86d9546c-cd65-42b3-a7f1-5b54ee2fc6d0@group-5F5B1A469043:t3, leader=null, voted=43f332dd-3581-45f2-86c5-cce36549d707, raftlog=86d9546c-cd65-42b3-a7f1-5b54ee2fc6d0@group-5F5B1A469043-SegmentedRaftLog:OPENED:c-1,f-1,i0, conf=-1: [43f332dd-3581-45f2-86c5-cce36549d707|rpc:127.0.0.1:37911|dataStream:|priority:0, 86d9546c-cd65-42b3-a7f1-5b54ee2fc6d0|rpc:127.0.0.1:45791|dataStream:|priority:0, 0f3e4899-df55-4e14-9f73-38fb9ca0f37c|rpc:127.0.0.1:42961|dataStream:|priority:1], old=null
2021-07-27 15:00:27,103 [43f332dd-3581-45f2-86c5-cce36549d707@group-5F5B1A469043-LeaderElection11] INFO  impl.LeaderElection (LeaderElection.java:logAndReturn(89)) - 43f332dd-3581-45f2-86c5-cce36549d707@group-5F5B1A469043-LeaderElection11: ELECTION REJECTED received 1 response(s) and 0 exception(s):
2021-07-27 15:00:27,103 [43f332dd-3581-45f2-86c5-cce36549d707@group-5F5B1A469043-LeaderElection11] INFO  impl.LeaderElection (LeaderElection.java:logAndReturn(93)) -   Response 0: 43f332dd-3581-45f2-86c5-cce36549d707<-0f3e4899-df55-4e14-9f73-38fb9ca0f37c#0:FAIL-t3
2021-07-27 15:00:27,103 [43f332dd-3581-45f2-86c5-cce36549d707@group-5F5B1A469043-LeaderElection11] INFO  impl.LeaderElection (LeaderElection.java:askForVotes(308)) - 43f332dd-3581-45f2-86c5-cce36549d707@group-5F5B1A469043-LeaderElection11 ELECTION round 0: result REJECTED
2021-07-27 15:00:27,103 [43f332dd-3581-45f2-86c5-cce36549d707@group-5F5B1A469043-LeaderElection11] INFO  server.RaftServer$Division (RaftServerImpl.java:setRole(285)) - 43f332dd-3581-45f2-86c5-cce36549d707@group-5F5B1A469043: changes role from CANDIDATE to FOLLOWER at term 3 for REJECTED
2021-07-27 15:00:27,103 [43f332dd-3581-45f2-86c5-cce36549d707@group-5F5B1A469043-LeaderElection11] INFO  impl.RoleInfo (RoleInfo.java:shutdownLeaderElection(121)) - 43f332dd-3581-45f2-86c5-cce36549d707: shutdown 43f332dd-3581-45f2-86c5-cce36549d707@group-5F5B1A469043-LeaderElection11
2021-07-27 15:00:27,103 [43f332dd-3581-45f2-86c5-cce36549d707@group-5F5B1A469043-LeaderElection11] INFO  impl.RoleInfo (RoleInfo.java:updateAndGet(130)) - 43f332dd-3581-45f2-86c5-cce36549d707: start 43f332dd-3581-45f2-86c5-cce36549d707@group-5F5B1A469043-FollowerState
2021-07-27 15:00:27,172 [Listener at 127.0.0.1/12788] INFO  ha.SCMHAInvocationHandler (SCMHAInvocationHandler.java:invokeRatis(113)) - Invoking method public abstract void org.apache.hadoop.hdds.scm.container.ContainerStateManagerV2.addContainer(org.apache.hadoop.hdds.protocol.proto.HddsProtos$ContainerInfoProto) throws java.io.IOException on target org.apache.hadoop.hdds.scm.ha.SCMRatisServerImpl@3bf5589b, cost 4633.932us
2021-07-27 15:00:27,173 [112e9cde-9cb9-43e4-9ef1-6a6d7fd9222c@group-6D50A358B8D8-StateMachineUpdater] INFO  safemode.HealthyPipelineSafeModeRule (HealthyPipelineSafeModeRule.java:initializeRule(152)) - Refreshed total pipeline count is 1, healthy pipeline threshold count is 1
2021-07-27 15:00:27,187 [Datanode State Machine Thread - 0] ERROR datanode.RunningDatanodeState (RunningDatanodeState.java:computeNextContainerState(199)) - Error in executing end point task.
java.util.concurrent.ExecutionException: java.util.concurrent.TimeoutException
	at java.util.concurrent.FutureTask.report(FutureTask.java:122)
	at java.util.concurrent.FutureTask.get(FutureTask.java:192)
	at org.apache.hadoop.ozone.container.common.states.datanode.RunningDatanodeState.computeNextContainerState(RunningDatanodeState.java:191)
	at org.apache.hadoop.ozone.container.common.states.datanode.RunningDatanodeState.await(RunningDatanodeState.java:231)
	at org.apache.hadoop.ozone.container.common.states.datanode.RunningDatanodeState.await(RunningDatanodeState.java:50)
	at org.apache.hadoop.ozone.container.common.statemachine.StateContext.execute(StateContext.java:629)
	at org.apache.hadoop.ozone.container.common.statemachine.DatanodeStateMachine.start(DatanodeStateMachine.java:269)
	at org.apache.hadoop.ozone.container.common.statemachine.DatanodeStateMachine.lambda$startDaemon$0(DatanodeStateMachine.java:455)
	at java.lang.Thread.run(Thread.java:748)
Caused by: java.util.concurrent.TimeoutException
	at java.util.concurrent.FutureTask.get(FutureTask.java:205)
	at org.apache.hadoop.ozone.container.common.states.datanode.RunningDatanodeState.lambda$execute$0(RunningDatanodeState.java:149)
	at java.util.concurrent.FutureTask.run(FutureTask.java:266)
	at java.util.concurrent.Executors$RunnableAdapter.call(Executors.java:511)
	at java.util.concurrent.FutureTask.run(FutureTask.java:266)
	at java.util.concurrent.ThreadPoolExecutor.runWorker(ThreadPoolExecutor.java:1149)
	at java.util.concurrent.ThreadPoolExecutor$Worker.run(ThreadPoolExecutor.java:624)
	... 1 more
2021-07-27 15:00:27,280 [Listener at 127.0.0.1/12788] INFO  ha.SCMHAInvocationHandler (SCMHAInvocationHandler.java:invokeRatis(113)) - Invoking method public abstract void org.apache.hadoop.hdds.scm.container.ContainerStateManagerV2.addContainer(org.apache.hadoop.hdds.protocol.proto.HddsProtos$ContainerInfoProto) throws java.io.IOException on target org.apache.hadoop.hdds.scm.ha.SCMRatisServerImpl@3bf5589b, cost 5985.34us
2021-07-27 15:00:27,281 [112e9cde-9cb9-43e4-9ef1-6a6d7fd9222c@group-6D50A358B8D8-StateMachineUpdater] INFO  safemode.HealthyPipelineSafeModeRule (HealthyPipelineSafeModeRule.java:initializeRule(152)) - Refreshed total pipeline count is 1, healthy pipeline threshold count is 1
2021-07-27 15:00:27,282 [b07764cb-34df-45d7-9560-8ac949593b7a@group-6D50A358B8D8-StateMachineUpdater] INFO  ha.SCMStateMachine (SCMStateMachine.java:takeSnapshot(290)) - Current Snapshot Index 120, takeSnapshot took 1 ms
2021-07-27 15:00:27,282 [b07764cb-34df-45d7-9560-8ac949593b7a@group-6D50A358B8D8-StateMachineUpdater] INFO  impl.StateMachineUpdater (StateMachineUpdater.java:takeSnapshot(281)) - b07764cb-34df-45d7-9560-8ac949593b7a@group-6D50A358B8D8-StateMachineUpdater: Took a snapshot at index 120
2021-07-27 15:00:27,282 [b07764cb-34df-45d7-9560-8ac949593b7a@group-6D50A358B8D8-StateMachineUpdater] INFO  impl.StateMachineUpdater (StateMachineUpdater.java:lambda$new$0(89)) - b07764cb-34df-45d7-9560-8ac949593b7a@group-6D50A358B8D8-StateMachineUpdater: snapshotIndex: updateIncreasingly 115 -> 120
2021-07-27 15:00:27,282 [b07764cb-34df-45d7-9560-8ac949593b7a@group-6D50A358B8D8-StateMachineUpdater] INFO  raftlog.RaftLog (RaftLogBase.java:purge(306)) - b07764cb-34df-45d7-9560-8ac949593b7a@group-6D50A358B8D8-SegmentedRaftLog: purge 120
2021-07-27 15:00:27,282 [b07764cb-34df-45d7-9560-8ac949593b7a@group-6D50A358B8D8-StateMachineUpdater] INFO  raftlog.RaftLog (RaftLogBase.java:lambda$new$0(53)) - b07764cb-34df-45d7-9560-8ac949593b7a@group-6D50A358B8D8-SegmentedRaftLog: snapshotIndex: updateIncreasingly 115 -> 120
2021-07-27 15:00:27,283 [b07764cb-34df-45d7-9560-8ac949593b7a@group-6D50A358B8D8-StateMachineUpdater] INFO  raftlog.RaftLog (RaftLogBase.java:lambda$new$0(53)) - b07764cb-34df-45d7-9560-8ac949593b7a@group-6D50A358B8D8-SegmentedRaftLog: purgeIndex: updateToMax old=115, new=120, updated? true
2021-07-27 15:00:27,383 [112e9cde-9cb9-43e4-9ef1-6a6d7fd9222c@group-6D50A358B8D8-StateMachineUpdater] INFO  ha.SCMStateMachine (SCMStateMachine.java:takeSnapshot(290)) - Current Snapshot Index 120, takeSnapshot took 0 ms
2021-07-27 15:00:27,383 [112e9cde-9cb9-43e4-9ef1-6a6d7fd9222c@group-6D50A358B8D8-StateMachineUpdater] INFO  impl.StateMachineUpdater (StateMachineUpdater.java:takeSnapshot(281)) - 112e9cde-9cb9-43e4-9ef1-6a6d7fd9222c@group-6D50A358B8D8-StateMachineUpdater: Took a snapshot at index 120
2021-07-27 15:00:27,383 [112e9cde-9cb9-43e4-9ef1-6a6d7fd9222c@group-6D50A358B8D8-StateMachineUpdater] INFO  impl.StateMachineUpdater (StateMachineUpdater.java:lambda$new$0(89)) - 112e9cde-9cb9-43e4-9ef1-6a6d7fd9222c@group-6D50A358B8D8-StateMachineUpdater: snapshotIndex: updateIncreasingly 115 -> 120
2021-07-27 15:00:27,383 [112e9cde-9cb9-43e4-9ef1-6a6d7fd9222c@group-6D50A358B8D8-StateMachineUpdater] INFO  raftlog.RaftLog (RaftLogBase.java:purge(306)) - 112e9cde-9cb9-43e4-9ef1-6a6d7fd9222c@group-6D50A358B8D8-SegmentedRaftLog: purge 120
2021-07-27 15:00:27,383 [112e9cde-9cb9-43e4-9ef1-6a6d7fd9222c@group-6D50A358B8D8-StateMachineUpdater] INFO  raftlog.RaftLog (RaftLogBase.java:lambda$new$0(53)) - 112e9cde-9cb9-43e4-9ef1-6a6d7fd9222c@group-6D50A358B8D8-SegmentedRaftLog: snapshotIndex: updateIncreasingly 115 -> 120
2021-07-27 15:00:27,383 [112e9cde-9cb9-43e4-9ef1-6a6d7fd9222c@group-6D50A358B8D8-StateMachineUpdater] INFO  raftlog.RaftLog (RaftLogBase.java:lambda$new$0(53)) - 112e9cde-9cb9-43e4-9ef1-6a6d7fd9222c@group-6D50A358B8D8-SegmentedRaftLog: purgeIndex: updateToMax old=115, new=120, updated? true
2021-07-27 15:00:27,384 [Listener at 127.0.0.1/12788] INFO  ha.SCMHAInvocationHandler (SCMHAInvocationHandler.java:invokeRatis(113)) - Invoking method public abstract void org.apache.hadoop.hdds.scm.container.ContainerStateManagerV2.addContainer(org.apache.hadoop.hdds.protocol.proto.HddsProtos$ContainerInfoProto) throws java.io.IOException on target org.apache.hadoop.hdds.scm.ha.SCMRatisServerImpl@3bf5589b, cost 3773.726us
2021-07-27 15:00:27,386 [112e9cde-9cb9-43e4-9ef1-6a6d7fd9222c@group-6D50A358B8D8-StateMachineUpdater] INFO  safemode.HealthyPipelineSafeModeRule (HealthyPipelineSafeModeRule.java:initializeRule(152)) - Refreshed total pipeline count is 1, healthy pipeline threshold count is 1
2021-07-27 15:00:27,488 [Listener at 127.0.0.1/12788] INFO  ha.SCMHAInvocationHandler (SCMHAInvocationHandler.java:invokeRatis(113)) - Invoking method public abstract void org.apache.hadoop.hdds.scm.container.ContainerStateManagerV2.addContainer(org.apache.hadoop.hdds.protocol.proto.HddsProtos$ContainerInfoProto) throws java.io.IOException on target org.apache.hadoop.hdds.scm.ha.SCMRatisServerImpl@3bf5589b, cost 3585.024us
2021-07-27 15:00:27,494 [112e9cde-9cb9-43e4-9ef1-6a6d7fd9222c@group-6D50A358B8D8-StateMachineUpdater] INFO  safemode.HealthyPipelineSafeModeRule (HealthyPipelineSafeModeRule.java:initializeRule(152)) - Refreshed total pipeline count is 1, healthy pipeline threshold count is 1
2021-07-27 15:00:27,592 [b07764cb-34df-45d7-9560-8ac949593b7a@group-6D50A358B8D8-StateMachineUpdater] INFO  ha.SCMStateMachine (SCMStateMachine.java:takeSnapshot(290)) - Current Snapshot Index 125, takeSnapshot took 0 ms
2021-07-27 15:00:27,592 [b07764cb-34df-45d7-9560-8ac949593b7a@group-6D50A358B8D8-StateMachineUpdater] INFO  impl.StateMachineUpdater (StateMachineUpdater.java:takeSnapshot(281)) - b07764cb-34df-45d7-9560-8ac949593b7a@group-6D50A358B8D8-StateMachineUpdater: Took a snapshot at index 125
2021-07-27 15:00:27,592 [b07764cb-34df-45d7-9560-8ac949593b7a@group-6D50A358B8D8-StateMachineUpdater] INFO  impl.StateMachineUpdater (StateMachineUpdater.java:lambda$new$0(89)) - b07764cb-34df-45d7-9560-8ac949593b7a@group-6D50A358B8D8-StateMachineUpdater: snapshotIndex: updateIncreasingly 120 -> 125
2021-07-27 15:00:27,592 [b07764cb-34df-45d7-9560-8ac949593b7a@group-6D50A358B8D8-StateMachineUpdater] INFO  raftlog.RaftLog (RaftLogBase.java:purge(306)) - b07764cb-34df-45d7-9560-8ac949593b7a@group-6D50A358B8D8-SegmentedRaftLog: purge 125
2021-07-27 15:00:27,592 [b07764cb-34df-45d7-9560-8ac949593b7a@group-6D50A358B8D8-StateMachineUpdater] INFO  raftlog.RaftLog (RaftLogBase.java:lambda$new$0(53)) - b07764cb-34df-45d7-9560-8ac949593b7a@group-6D50A358B8D8-SegmentedRaftLog: snapshotIndex: updateIncreasingly 120 -> 125
2021-07-27 15:00:27,592 [b07764cb-34df-45d7-9560-8ac949593b7a@group-6D50A358B8D8-StateMachineUpdater] INFO  raftlog.RaftLog (RaftLogBase.java:lambda$new$0(53)) - b07764cb-34df-45d7-9560-8ac949593b7a@group-6D50A358B8D8-SegmentedRaftLog: purgeIndex: updateToMax old=120, new=125, updated? true
2021-07-27 15:00:27,592 [Listener at 127.0.0.1/12788] INFO  ha.SCMHAInvocationHandler (SCMHAInvocationHandler.java:invokeRatis(113)) - Invoking method public abstract void org.apache.hadoop.hdds.scm.container.ContainerStateManagerV2.addContainer(org.apache.hadoop.hdds.protocol.proto.HddsProtos$ContainerInfoProto) throws java.io.IOException on target org.apache.hadoop.hdds.scm.ha.SCMRatisServerImpl@3bf5589b, cost 3559.124us
2021-07-27 15:00:27,594 [112e9cde-9cb9-43e4-9ef1-6a6d7fd9222c@group-6D50A358B8D8-StateMachineUpdater] INFO  safemode.HealthyPipelineSafeModeRule (HealthyPipelineSafeModeRule.java:initializeRule(152)) - Refreshed total pipeline count is 1, healthy pipeline threshold count is 1
2021-07-27 15:00:27,594 [112e9cde-9cb9-43e4-9ef1-6a6d7fd9222c@group-6D50A358B8D8-StateMachineUpdater] INFO  ha.SCMStateMachine (SCMStateMachine.java:takeSnapshot(290)) - Current Snapshot Index 125, takeSnapshot took 0 ms
2021-07-27 15:00:27,594 [112e9cde-9cb9-43e4-9ef1-6a6d7fd9222c@group-6D50A358B8D8-StateMachineUpdater] INFO  impl.StateMachineUpdater (StateMachineUpdater.java:takeSnapshot(281)) - 112e9cde-9cb9-43e4-9ef1-6a6d7fd9222c@group-6D50A358B8D8-StateMachineUpdater: Took a snapshot at index 125
2021-07-27 15:00:27,594 [112e9cde-9cb9-43e4-9ef1-6a6d7fd9222c@group-6D50A358B8D8-StateMachineUpdater] INFO  impl.StateMachineUpdater (StateMachineUpdater.java:lambda$new$0(89)) - 112e9cde-9cb9-43e4-9ef1-6a6d7fd9222c@group-6D50A358B8D8-StateMachineUpdater: snapshotIndex: updateIncreasingly 120 -> 125
2021-07-27 15:00:27,594 [112e9cde-9cb9-43e4-9ef1-6a6d7fd9222c@group-6D50A358B8D8-StateMachineUpdater] INFO  raftlog.RaftLog (RaftLogBase.java:purge(306)) - 112e9cde-9cb9-43e4-9ef1-6a6d7fd9222c@group-6D50A358B8D8-SegmentedRaftLog: purge 125
2021-07-27 15:00:27,594 [112e9cde-9cb9-43e4-9ef1-6a6d7fd9222c@group-6D50A358B8D8-StateMachineUpdater] INFO  raftlog.RaftLog (RaftLogBase.java:lambda$new$0(53)) - 112e9cde-9cb9-43e4-9ef1-6a6d7fd9222c@group-6D50A358B8D8-SegmentedRaftLog: snapshotIndex: updateIncreasingly 120 -> 125
2021-07-27 15:00:27,594 [112e9cde-9cb9-43e4-9ef1-6a6d7fd9222c@group-6D50A358B8D8-StateMachineUpdater] INFO  raftlog.RaftLog (RaftLogBase.java:lambda$new$0(53)) - 112e9cde-9cb9-43e4-9ef1-6a6d7fd9222c@group-6D50A358B8D8-SegmentedRaftLog: purgeIndex: updateToMax old=120, new=125, updated? true
2021-07-27 15:00:27,696 [Listener at 127.0.0.1/12788] INFO  ha.SCMHAInvocationHandler (SCMHAInvocationHandler.java:invokeRatis(113)) - Invoking method public abstract void org.apache.hadoop.hdds.scm.container.ContainerStateManagerV2.addContainer(org.apache.hadoop.hdds.protocol.proto.HddsProtos$ContainerInfoProto) throws java.io.IOException on target org.apache.hadoop.hdds.scm.ha.SCMRatisServerImpl@3bf5589b, cost 3087.421us
2021-07-27 15:00:27,697 [112e9cde-9cb9-43e4-9ef1-6a6d7fd9222c@group-6D50A358B8D8-StateMachineUpdater] INFO  safemode.HealthyPipelineSafeModeRule (HealthyPipelineSafeModeRule.java:initializeRule(152)) - Refreshed total pipeline count is 1, healthy pipeline threshold count is 1
2021-07-27 15:00:27,799 [Listener at 127.0.0.1/12788] INFO  ha.SCMHAInvocationHandler (SCMHAInvocationHandler.java:invokeRatis(113)) - Invoking method public abstract void org.apache.hadoop.hdds.scm.container.ContainerStateManagerV2.addContainer(org.apache.hadoop.hdds.protocol.proto.HddsProtos$ContainerInfoProto) throws java.io.IOException on target org.apache.hadoop.hdds.scm.ha.SCMRatisServerImpl@3bf5589b, cost 3063.121us
2021-07-27 15:00:27,801 [112e9cde-9cb9-43e4-9ef1-6a6d7fd9222c@group-6D50A358B8D8-StateMachineUpdater] INFO  safemode.HealthyPipelineSafeModeRule (HealthyPipelineSafeModeRule.java:initializeRule(152)) - Refreshed total pipeline count is 1, healthy pipeline threshold count is 1
2021-07-27 15:00:27,802 [b07764cb-34df-45d7-9560-8ac949593b7a@group-6D50A358B8D8-StateMachineUpdater] INFO  ha.SCMStateMachine (SCMStateMachine.java:takeSnapshot(290)) - Current Snapshot Index 130, takeSnapshot took 0 ms
2021-07-27 15:00:27,802 [b07764cb-34df-45d7-9560-8ac949593b7a@group-6D50A358B8D8-StateMachineUpdater] INFO  impl.StateMachineUpdater (StateMachineUpdater.java:takeSnapshot(281)) - b07764cb-34df-45d7-9560-8ac949593b7a@group-6D50A358B8D8-StateMachineUpdater: Took a snapshot at index 130
2021-07-27 15:00:27,802 [b07764cb-34df-45d7-9560-8ac949593b7a@group-6D50A358B8D8-StateMachineUpdater] INFO  impl.StateMachineUpdater (StateMachineUpdater.java:lambda$new$0(89)) - b07764cb-34df-45d7-9560-8ac949593b7a@group-6D50A358B8D8-StateMachineUpdater: snapshotIndex: updateIncreasingly 125 -> 130
2021-07-27 15:00:27,802 [b07764cb-34df-45d7-9560-8ac949593b7a@group-6D50A358B8D8-StateMachineUpdater] INFO  raftlog.RaftLog (RaftLogBase.java:purge(306)) - b07764cb-34df-45d7-9560-8ac949593b7a@group-6D50A358B8D8-SegmentedRaftLog: purge 130
2021-07-27 15:00:27,802 [b07764cb-34df-45d7-9560-8ac949593b7a@group-6D50A358B8D8-StateMachineUpdater] INFO  raftlog.RaftLog (RaftLogBase.java:lambda$new$0(53)) - b07764cb-34df-45d7-9560-8ac949593b7a@group-6D50A358B8D8-SegmentedRaftLog: snapshotIndex: updateIncreasingly 125 -> 130
2021-07-27 15:00:27,802 [b07764cb-34df-45d7-9560-8ac949593b7a@group-6D50A358B8D8-StateMachineUpdater] INFO  raftlog.RaftLog (RaftLogBase.java:lambda$new$0(53)) - b07764cb-34df-45d7-9560-8ac949593b7a@group-6D50A358B8D8-SegmentedRaftLog: purgeIndex: updateToMax old=125, new=130, updated? true
2021-07-27 15:00:27,903 [112e9cde-9cb9-43e4-9ef1-6a6d7fd9222c@group-6D50A358B8D8-StateMachineUpdater] INFO  ha.SCMStateMachine (SCMStateMachine.java:takeSnapshot(290)) - Current Snapshot Index 130, takeSnapshot took 0 ms
2021-07-27 15:00:27,903 [112e9cde-9cb9-43e4-9ef1-6a6d7fd9222c@group-6D50A358B8D8-StateMachineUpdater] INFO  impl.StateMachineUpdater (StateMachineUpdater.java:takeSnapshot(281)) - 112e9cde-9cb9-43e4-9ef1-6a6d7fd9222c@group-6D50A358B8D8-StateMachineUpdater: Took a snapshot at index 130
2021-07-27 15:00:27,903 [112e9cde-9cb9-43e4-9ef1-6a6d7fd9222c@group-6D50A358B8D8-StateMachineUpdater] INFO  impl.StateMachineUpdater (StateMachineUpdater.java:lambda$new$0(89)) - 112e9cde-9cb9-43e4-9ef1-6a6d7fd9222c@group-6D50A358B8D8-StateMachineUpdater: snapshotIndex: updateIncreasingly 125 -> 130
2021-07-27 15:00:27,903 [112e9cde-9cb9-43e4-9ef1-6a6d7fd9222c@group-6D50A358B8D8-StateMachineUpdater] INFO  raftlog.RaftLog (RaftLogBase.java:purge(306)) - 112e9cde-9cb9-43e4-9ef1-6a6d7fd9222c@group-6D50A358B8D8-SegmentedRaftLog: purge 130
2021-07-27 15:00:27,903 [112e9cde-9cb9-43e4-9ef1-6a6d7fd9222c@group-6D50A358B8D8-StateMachineUpdater] INFO  raftlog.RaftLog (RaftLogBase.java:lambda$new$0(53)) - 112e9cde-9cb9-43e4-9ef1-6a6d7fd9222c@group-6D50A358B8D8-SegmentedRaftLog: snapshotIndex: updateIncreasingly 125 -> 130
2021-07-27 15:00:27,903 [112e9cde-9cb9-43e4-9ef1-6a6d7fd9222c@group-6D50A358B8D8-StateMachineUpdater] INFO  raftlog.RaftLog (RaftLogBase.java:lambda$new$0(53)) - 112e9cde-9cb9-43e4-9ef1-6a6d7fd9222c@group-6D50A358B8D8-SegmentedRaftLog: purgeIndex: updateToMax old=125, new=130, updated? true
2021-07-27 15:00:27,904 [Listener at 127.0.0.1/12788] INFO  ha.SCMHAInvocationHandler (SCMHAInvocationHandler.java:invokeRatis(113)) - Invoking method public abstract void org.apache.hadoop.hdds.scm.container.ContainerStateManagerV2.addContainer(org.apache.hadoop.hdds.protocol.proto.HddsProtos$ContainerInfoProto) throws java.io.IOException on target org.apache.hadoop.hdds.scm.ha.SCMRatisServerImpl@3bf5589b, cost 4287.229us
2021-07-27 15:00:27,906 [112e9cde-9cb9-43e4-9ef1-6a6d7fd9222c@group-6D50A358B8D8-StateMachineUpdater] INFO  safemode.HealthyPipelineSafeModeRule (HealthyPipelineSafeModeRule.java:initializeRule(152)) - Refreshed total pipeline count is 1, healthy pipeline threshold count is 1
2021-07-27 15:00:28,008 [Listener at 127.0.0.1/12788] INFO  ha.SCMHAInvocationHandler (SCMHAInvocationHandler.java:invokeRatis(113)) - Invoking method public abstract void org.apache.hadoop.hdds.scm.container.ContainerStateManagerV2.addContainer(org.apache.hadoop.hdds.protocol.proto.HddsProtos$ContainerInfoProto) throws java.io.IOException on target org.apache.hadoop.hdds.scm.ha.SCMRatisServerImpl@3bf5589b, cost 3396.823us
2021-07-27 15:00:28,010 [112e9cde-9cb9-43e4-9ef1-6a6d7fd9222c@group-6D50A358B8D8-StateMachineUpdater] INFO  safemode.HealthyPipelineSafeModeRule (HealthyPipelineSafeModeRule.java:initializeRule(152)) - Refreshed total pipeline count is 1, healthy pipeline threshold count is 1
2021-07-27 15:00:28,112 [Listener at 127.0.0.1/12788] INFO  ha.SCMHAInvocationHandler (SCMHAInvocationHandler.java:invokeRatis(113)) - Invoking method public abstract void org.apache.hadoop.hdds.scm.container.ContainerStateManagerV2.addContainer(org.apache.hadoop.hdds.protocol.proto.HddsProtos$ContainerInfoProto) throws java.io.IOException on target org.apache.hadoop.hdds.scm.ha.SCMRatisServerImpl@3bf5589b, cost 3400.524us
2021-07-27 15:00:28,112 [b07764cb-34df-45d7-9560-8ac949593b7a@group-6D50A358B8D8-StateMachineUpdater] INFO  ha.SCMStateMachine (SCMStateMachine.java:takeSnapshot(290)) - Current Snapshot Index 135, takeSnapshot took 0 ms
2021-07-27 15:00:28,113 [b07764cb-34df-45d7-9560-8ac949593b7a@group-6D50A358B8D8-StateMachineUpdater] INFO  impl.StateMachineUpdater (StateMachineUpdater.java:takeSnapshot(281)) - b07764cb-34df-45d7-9560-8ac949593b7a@group-6D50A358B8D8-StateMachineUpdater: Took a snapshot at index 135
2021-07-27 15:00:28,113 [b07764cb-34df-45d7-9560-8ac949593b7a@group-6D50A358B8D8-StateMachineUpdater] INFO  impl.StateMachineUpdater (StateMachineUpdater.java:lambda$new$0(89)) - b07764cb-34df-45d7-9560-8ac949593b7a@group-6D50A358B8D8-StateMachineUpdater: snapshotIndex: updateIncreasingly 130 -> 135
2021-07-27 15:00:28,113 [b07764cb-34df-45d7-9560-8ac949593b7a@group-6D50A358B8D8-StateMachineUpdater] INFO  raftlog.RaftLog (RaftLogBase.java:purge(306)) - b07764cb-34df-45d7-9560-8ac949593b7a@group-6D50A358B8D8-SegmentedRaftLog: purge 135
2021-07-27 15:00:28,113 [b07764cb-34df-45d7-9560-8ac949593b7a@group-6D50A358B8D8-StateMachineUpdater] INFO  raftlog.RaftLog (RaftLogBase.java:lambda$new$0(53)) - b07764cb-34df-45d7-9560-8ac949593b7a@group-6D50A358B8D8-SegmentedRaftLog: snapshotIndex: updateIncreasingly 130 -> 135
2021-07-27 15:00:28,113 [b07764cb-34df-45d7-9560-8ac949593b7a@group-6D50A358B8D8-StateMachineUpdater] INFO  raftlog.RaftLog (RaftLogBase.java:lambda$new$0(53)) - b07764cb-34df-45d7-9560-8ac949593b7a@group-6D50A358B8D8-SegmentedRaftLog: purgeIndex: updateToMax old=130, new=135, updated? true
2021-07-27 15:00:28,114 [112e9cde-9cb9-43e4-9ef1-6a6d7fd9222c@group-6D50A358B8D8-StateMachineUpdater] INFO  safemode.HealthyPipelineSafeModeRule (HealthyPipelineSafeModeRule.java:initializeRule(152)) - Refreshed total pipeline count is 1, healthy pipeline threshold count is 1
2021-07-27 15:00:28,114 [112e9cde-9cb9-43e4-9ef1-6a6d7fd9222c@group-6D50A358B8D8-StateMachineUpdater] INFO  ha.SCMStateMachine (SCMStateMachine.java:takeSnapshot(290)) - Current Snapshot Index 135, takeSnapshot took 0 ms
2021-07-27 15:00:28,114 [112e9cde-9cb9-43e4-9ef1-6a6d7fd9222c@group-6D50A358B8D8-StateMachineUpdater] INFO  impl.StateMachineUpdater (StateMachineUpdater.java:takeSnapshot(281)) - 112e9cde-9cb9-43e4-9ef1-6a6d7fd9222c@group-6D50A358B8D8-StateMachineUpdater: Took a snapshot at index 135
2021-07-27 15:00:28,115 [112e9cde-9cb9-43e4-9ef1-6a6d7fd9222c@group-6D50A358B8D8-StateMachineUpdater] INFO  impl.StateMachineUpdater (StateMachineUpdater.java:lambda$new$0(89)) - 112e9cde-9cb9-43e4-9ef1-6a6d7fd9222c@group-6D50A358B8D8-StateMachineUpdater: snapshotIndex: updateIncreasingly 130 -> 135
2021-07-27 15:00:28,115 [112e9cde-9cb9-43e4-9ef1-6a6d7fd9222c@group-6D50A358B8D8-StateMachineUpdater] INFO  raftlog.RaftLog (RaftLogBase.java:purge(306)) - 112e9cde-9cb9-43e4-9ef1-6a6d7fd9222c@group-6D50A358B8D8-SegmentedRaftLog: purge 135
2021-07-27 15:00:28,115 [112e9cde-9cb9-43e4-9ef1-6a6d7fd9222c@group-6D50A358B8D8-StateMachineUpdater] INFO  raftlog.RaftLog (RaftLogBase.java:lambda$new$0(53)) - 112e9cde-9cb9-43e4-9ef1-6a6d7fd9222c@group-6D50A358B8D8-SegmentedRaftLog: snapshotIndex: updateIncreasingly 130 -> 135
2021-07-27 15:00:28,115 [112e9cde-9cb9-43e4-9ef1-6a6d7fd9222c@group-6D50A358B8D8-StateMachineUpdater] INFO  raftlog.RaftLog (RaftLogBase.java:lambda$new$0(53)) - 112e9cde-9cb9-43e4-9ef1-6a6d7fd9222c@group-6D50A358B8D8-SegmentedRaftLog: purgeIndex: updateToMax old=130, new=135, updated? true
2021-07-27 15:00:28,217 [Listener at 127.0.0.1/12788] INFO  ha.SCMHAInvocationHandler (SCMHAInvocationHandler.java:invokeRatis(113)) - Invoking method public abstract void org.apache.hadoop.hdds.scm.container.ContainerStateManagerV2.addContainer(org.apache.hadoop.hdds.protocol.proto.HddsProtos$ContainerInfoProto) throws java.io.IOException on target org.apache.hadoop.hdds.scm.ha.SCMRatisServerImpl@3bf5589b, cost 3841.226us
2021-07-27 15:00:28,218 [112e9cde-9cb9-43e4-9ef1-6a6d7fd9222c@group-6D50A358B8D8-StateMachineUpdater] INFO  safemode.HealthyPipelineSafeModeRule (HealthyPipelineSafeModeRule.java:initializeRule(152)) - Refreshed total pipeline count is 1, healthy pipeline threshold count is 1
2021-07-27 15:00:28,322 [Listener at 127.0.0.1/12788] INFO  ha.SCMHAInvocationHandler (SCMHAInvocationHandler.java:invokeRatis(113)) - Invoking method public abstract void org.apache.hadoop.hdds.scm.container.ContainerStateManagerV2.addContainer(org.apache.hadoop.hdds.protocol.proto.HddsProtos$ContainerInfoProto) throws java.io.IOException on target org.apache.hadoop.hdds.scm.ha.SCMRatisServerImpl@3bf5589b, cost 4795.132us
2021-07-27 15:00:28,323 [112e9cde-9cb9-43e4-9ef1-6a6d7fd9222c@group-6D50A358B8D8-StateMachineUpdater] INFO  safemode.HealthyPipelineSafeModeRule (HealthyPipelineSafeModeRule.java:initializeRule(152)) - Refreshed total pipeline count is 1, healthy pipeline threshold count is 1
2021-07-27 15:00:28,323 [b07764cb-34df-45d7-9560-8ac949593b7a@group-6D50A358B8D8-StateMachineUpdater] INFO  ha.SCMStateMachine (SCMStateMachine.java:takeSnapshot(290)) - Current Snapshot Index 140, takeSnapshot took 0 ms
2021-07-27 15:00:28,324 [b07764cb-34df-45d7-9560-8ac949593b7a@group-6D50A358B8D8-StateMachineUpdater] INFO  impl.StateMachineUpdater (StateMachineUpdater.java:takeSnapshot(281)) - b07764cb-34df-45d7-9560-8ac949593b7a@group-6D50A358B8D8-StateMachineUpdater: Took a snapshot at index 140
2021-07-27 15:00:28,324 [b07764cb-34df-45d7-9560-8ac949593b7a@group-6D50A358B8D8-StateMachineUpdater] INFO  impl.StateMachineUpdater (StateMachineUpdater.java:lambda$new$0(89)) - b07764cb-34df-45d7-9560-8ac949593b7a@group-6D50A358B8D8-StateMachineUpdater: snapshotIndex: updateIncreasingly 135 -> 140
2021-07-27 15:00:28,324 [b07764cb-34df-45d7-9560-8ac949593b7a@group-6D50A358B8D8-StateMachineUpdater] INFO  raftlog.RaftLog (RaftLogBase.java:purge(306)) - b07764cb-34df-45d7-9560-8ac949593b7a@group-6D50A358B8D8-SegmentedRaftLog: purge 140
2021-07-27 15:00:28,324 [b07764cb-34df-45d7-9560-8ac949593b7a@group-6D50A358B8D8-StateMachineUpdater] INFO  raftlog.RaftLog (RaftLogBase.java:lambda$new$0(53)) - b07764cb-34df-45d7-9560-8ac949593b7a@group-6D50A358B8D8-SegmentedRaftLog: snapshotIndex: updateIncreasingly 135 -> 140
2021-07-27 15:00:28,324 [b07764cb-34df-45d7-9560-8ac949593b7a@group-6D50A358B8D8-StateMachineUpdater] INFO  raftlog.RaftLog (RaftLogBase.java:lambda$new$0(53)) - b07764cb-34df-45d7-9560-8ac949593b7a@group-6D50A358B8D8-SegmentedRaftLog: purgeIndex: updateToMax old=135, new=140, updated? true
2021-07-27 15:00:28,425 [112e9cde-9cb9-43e4-9ef1-6a6d7fd9222c@group-6D50A358B8D8-StateMachineUpdater] INFO  ha.SCMStateMachine (SCMStateMachine.java:takeSnapshot(290)) - Current Snapshot Index 140, takeSnapshot took 0 ms
2021-07-27 15:00:28,425 [112e9cde-9cb9-43e4-9ef1-6a6d7fd9222c@group-6D50A358B8D8-StateMachineUpdater] INFO  impl.StateMachineUpdater (StateMachineUpdater.java:takeSnapshot(281)) - 112e9cde-9cb9-43e4-9ef1-6a6d7fd9222c@group-6D50A358B8D8-StateMachineUpdater: Took a snapshot at index 140
2021-07-27 15:00:28,425 [112e9cde-9cb9-43e4-9ef1-6a6d7fd9222c@group-6D50A358B8D8-StateMachineUpdater] INFO  impl.StateMachineUpdater (StateMachineUpdater.java:lambda$new$0(89)) - 112e9cde-9cb9-43e4-9ef1-6a6d7fd9222c@group-6D50A358B8D8-StateMachineUpdater: snapshotIndex: updateIncreasingly 135 -> 140
2021-07-27 15:00:28,425 [112e9cde-9cb9-43e4-9ef1-6a6d7fd9222c@group-6D50A358B8D8-StateMachineUpdater] INFO  raftlog.RaftLog (RaftLogBase.java:purge(306)) - 112e9cde-9cb9-43e4-9ef1-6a6d7fd9222c@group-6D50A358B8D8-SegmentedRaftLog: purge 140
2021-07-27 15:00:28,425 [112e9cde-9cb9-43e4-9ef1-6a6d7fd9222c@group-6D50A358B8D8-StateMachineUpdater] INFO  raftlog.RaftLog (RaftLogBase.java:lambda$new$0(53)) - 112e9cde-9cb9-43e4-9ef1-6a6d7fd9222c@group-6D50A358B8D8-SegmentedRaftLog: snapshotIndex: updateIncreasingly 135 -> 140
2021-07-27 15:00:28,425 [112e9cde-9cb9-43e4-9ef1-6a6d7fd9222c@group-6D50A358B8D8-StateMachineUpdater] INFO  raftlog.RaftLog (RaftLogBase.java:lambda$new$0(53)) - 112e9cde-9cb9-43e4-9ef1-6a6d7fd9222c@group-6D50A358B8D8-SegmentedRaftLog: purgeIndex: updateToMax old=135, new=140, updated? true
2021-07-27 15:00:28,427 [Listener at 127.0.0.1/12788] INFO  ha.SCMHAInvocationHandler (SCMHAInvocationHandler.java:invokeRatis(113)) - Invoking method public abstract void org.apache.hadoop.hdds.scm.container.ContainerStateManagerV2.addContainer(org.apache.hadoop.hdds.protocol.proto.HddsProtos$ContainerInfoProto) throws java.io.IOException on target org.apache.hadoop.hdds.scm.ha.SCMRatisServerImpl@3bf5589b, cost 4308.829us
2021-07-27 15:00:28,429 [112e9cde-9cb9-43e4-9ef1-6a6d7fd9222c@group-6D50A358B8D8-StateMachineUpdater] INFO  safemode.HealthyPipelineSafeModeRule (HealthyPipelineSafeModeRule.java:initializeRule(152)) - Refreshed total pipeline count is 1, healthy pipeline threshold count is 1
2021-07-27 15:00:28,530 [Listener at 127.0.0.1/12788] INFO  ha.SCMHAInvocationHandler (SCMHAInvocationHandler.java:invokeRatis(113)) - Invoking method public abstract void org.apache.hadoop.hdds.scm.container.ContainerStateManagerV2.addContainer(org.apache.hadoop.hdds.protocol.proto.HddsProtos$ContainerInfoProto) throws java.io.IOException on target org.apache.hadoop.hdds.scm.ha.SCMRatisServerImpl@3bf5589b, cost 2984.121us
2021-07-27 15:00:28,532 [112e9cde-9cb9-43e4-9ef1-6a6d7fd9222c@group-6D50A358B8D8-StateMachineUpdater] INFO  safemode.HealthyPipelineSafeModeRule (HealthyPipelineSafeModeRule.java:initializeRule(152)) - Refreshed total pipeline count is 1, healthy pipeline threshold count is 1
2021-07-27 15:00:28,635 [Listener at 127.0.0.1/12788] INFO  ha.SCMHAInvocationHandler (SCMHAInvocationHandler.java:invokeRatis(113)) - Invoking method public abstract void org.apache.hadoop.hdds.scm.container.ContainerStateManagerV2.addContainer(org.apache.hadoop.hdds.protocol.proto.HddsProtos$ContainerInfoProto) throws java.io.IOException on target org.apache.hadoop.hdds.scm.ha.SCMRatisServerImpl@3bf5589b, cost 4360.93us
2021-07-27 15:00:28,635 [b07764cb-34df-45d7-9560-8ac949593b7a@group-6D50A358B8D8-StateMachineUpdater] INFO  ha.SCMStateMachine (SCMStateMachine.java:takeSnapshot(290)) - Current Snapshot Index 145, takeSnapshot took 0 ms
2021-07-27 15:00:28,636 [b07764cb-34df-45d7-9560-8ac949593b7a@group-6D50A358B8D8-StateMachineUpdater] INFO  impl.StateMachineUpdater (StateMachineUpdater.java:takeSnapshot(281)) - b07764cb-34df-45d7-9560-8ac949593b7a@group-6D50A358B8D8-StateMachineUpdater: Took a snapshot at index 145
2021-07-27 15:00:28,636 [b07764cb-34df-45d7-9560-8ac949593b7a@group-6D50A358B8D8-StateMachineUpdater] INFO  impl.StateMachineUpdater (StateMachineUpdater.java:lambda$new$0(89)) - b07764cb-34df-45d7-9560-8ac949593b7a@group-6D50A358B8D8-StateMachineUpdater: snapshotIndex: updateIncreasingly 140 -> 145
2021-07-27 15:00:28,636 [b07764cb-34df-45d7-9560-8ac949593b7a@group-6D50A358B8D8-StateMachineUpdater] INFO  raftlog.RaftLog (RaftLogBase.java:purge(306)) - b07764cb-34df-45d7-9560-8ac949593b7a@group-6D50A358B8D8-SegmentedRaftLog: purge 145
2021-07-27 15:00:28,636 [b07764cb-34df-45d7-9560-8ac949593b7a@group-6D50A358B8D8-StateMachineUpdater] INFO  raftlog.RaftLog (RaftLogBase.java:lambda$new$0(53)) - b07764cb-34df-45d7-9560-8ac949593b7a@group-6D50A358B8D8-SegmentedRaftLog: snapshotIndex: updateIncreasingly 140 -> 145
2021-07-27 15:00:28,636 [b07764cb-34df-45d7-9560-8ac949593b7a@group-6D50A358B8D8-StateMachineUpdater] INFO  raftlog.RaftLog (RaftLogBase.java:lambda$new$0(53)) - b07764cb-34df-45d7-9560-8ac949593b7a@group-6D50A358B8D8-SegmentedRaftLog: purgeIndex: updateToMax old=140, new=145, updated? true
2021-07-27 15:00:28,637 [112e9cde-9cb9-43e4-9ef1-6a6d7fd9222c@group-6D50A358B8D8-StateMachineUpdater] INFO  safemode.HealthyPipelineSafeModeRule (HealthyPipelineSafeModeRule.java:initializeRule(152)) - Refreshed total pipeline count is 1, healthy pipeline threshold count is 1
2021-07-27 15:00:28,637 [112e9cde-9cb9-43e4-9ef1-6a6d7fd9222c@group-6D50A358B8D8-StateMachineUpdater] INFO  ha.SCMStateMachine (SCMStateMachine.java:takeSnapshot(290)) - Current Snapshot Index 145, takeSnapshot took 0 ms
2021-07-27 15:00:28,637 [112e9cde-9cb9-43e4-9ef1-6a6d7fd9222c@group-6D50A358B8D8-StateMachineUpdater] INFO  impl.StateMachineUpdater (StateMachineUpdater.java:takeSnapshot(281)) - 112e9cde-9cb9-43e4-9ef1-6a6d7fd9222c@group-6D50A358B8D8-StateMachineUpdater: Took a snapshot at index 145
2021-07-27 15:00:28,637 [112e9cde-9cb9-43e4-9ef1-6a6d7fd9222c@group-6D50A358B8D8-StateMachineUpdater] INFO  impl.StateMachineUpdater (StateMachineUpdater.java:lambda$new$0(89)) - 112e9cde-9cb9-43e4-9ef1-6a6d7fd9222c@group-6D50A358B8D8-StateMachineUpdater: snapshotIndex: updateIncreasingly 140 -> 145
2021-07-27 15:00:28,637 [112e9cde-9cb9-43e4-9ef1-6a6d7fd9222c@group-6D50A358B8D8-StateMachineUpdater] INFO  raftlog.RaftLog (RaftLogBase.java:purge(306)) - 112e9cde-9cb9-43e4-9ef1-6a6d7fd9222c@group-6D50A358B8D8-SegmentedRaftLog: purge 145
2021-07-27 15:00:28,637 [112e9cde-9cb9-43e4-9ef1-6a6d7fd9222c@group-6D50A358B8D8-StateMachineUpdater] INFO  raftlog.RaftLog (RaftLogBase.java:lambda$new$0(53)) - 112e9cde-9cb9-43e4-9ef1-6a6d7fd9222c@group-6D50A358B8D8-SegmentedRaftLog: snapshotIndex: updateIncreasingly 140 -> 145
2021-07-27 15:00:28,637 [112e9cde-9cb9-43e4-9ef1-6a6d7fd9222c@group-6D50A358B8D8-StateMachineUpdater] INFO  raftlog.RaftLog (RaftLogBase.java:lambda$new$0(53)) - 112e9cde-9cb9-43e4-9ef1-6a6d7fd9222c@group-6D50A358B8D8-SegmentedRaftLog: purgeIndex: updateToMax old=140, new=145, updated? true
2021-07-27 15:00:28,740 [Listener at 127.0.0.1/12788] INFO  ha.SCMHAInvocationHandler (SCMHAInvocationHandler.java:invokeRatis(113)) - Invoking method public abstract void org.apache.hadoop.hdds.scm.container.ContainerStateManagerV2.addContainer(org.apache.hadoop.hdds.protocol.proto.HddsProtos$ContainerInfoProto) throws java.io.IOException on target org.apache.hadoop.hdds.scm.ha.SCMRatisServerImpl@3bf5589b, cost 3835.326us
2021-07-27 15:00:28,741 [112e9cde-9cb9-43e4-9ef1-6a6d7fd9222c@group-6D50A358B8D8-StateMachineUpdater] INFO  safemode.HealthyPipelineSafeModeRule (HealthyPipelineSafeModeRule.java:initializeRule(152)) - Refreshed total pipeline count is 1, healthy pipeline threshold count is 1
2021-07-27 15:00:28,844 [Listener at 127.0.0.1/12788] INFO  ha.SCMHAInvocationHandler (SCMHAInvocationHandler.java:invokeRatis(113)) - Invoking method public abstract void org.apache.hadoop.hdds.scm.container.ContainerStateManagerV2.addContainer(org.apache.hadoop.hdds.protocol.proto.HddsProtos$ContainerInfoProto) throws java.io.IOException on target org.apache.hadoop.hdds.scm.ha.SCMRatisServerImpl@3bf5589b, cost 2852.22us
2021-07-27 15:00:28,844 [112e9cde-9cb9-43e4-9ef1-6a6d7fd9222c@group-6D50A358B8D8-StateMachineUpdater] INFO  safemode.HealthyPipelineSafeModeRule (HealthyPipelineSafeModeRule.java:initializeRule(152)) - Refreshed total pipeline count is 1, healthy pipeline threshold count is 1
2021-07-27 15:00:28,845 [b07764cb-34df-45d7-9560-8ac949593b7a@group-6D50A358B8D8-StateMachineUpdater] INFO  ha.SCMStateMachine (SCMStateMachine.java:takeSnapshot(290)) - Current Snapshot Index 150, takeSnapshot took 0 ms
2021-07-27 15:00:28,845 [b07764cb-34df-45d7-9560-8ac949593b7a@group-6D50A358B8D8-StateMachineUpdater] INFO  impl.StateMachineUpdater (StateMachineUpdater.java:takeSnapshot(281)) - b07764cb-34df-45d7-9560-8ac949593b7a@group-6D50A358B8D8-StateMachineUpdater: Took a snapshot at index 150
2021-07-27 15:00:28,845 [b07764cb-34df-45d7-9560-8ac949593b7a@group-6D50A358B8D8-StateMachineUpdater] INFO  impl.StateMachineUpdater (StateMachineUpdater.java:lambda$new$0(89)) - b07764cb-34df-45d7-9560-8ac949593b7a@group-6D50A358B8D8-StateMachineUpdater: snapshotIndex: updateIncreasingly 145 -> 150
2021-07-27 15:00:28,845 [b07764cb-34df-45d7-9560-8ac949593b7a@group-6D50A358B8D8-StateMachineUpdater] INFO  raftlog.RaftLog (RaftLogBase.java:purge(306)) - b07764cb-34df-45d7-9560-8ac949593b7a@group-6D50A358B8D8-SegmentedRaftLog: purge 150
2021-07-27 15:00:28,845 [b07764cb-34df-45d7-9560-8ac949593b7a@group-6D50A358B8D8-StateMachineUpdater] INFO  raftlog.RaftLog (RaftLogBase.java:lambda$new$0(53)) - b07764cb-34df-45d7-9560-8ac949593b7a@group-6D50A358B8D8-SegmentedRaftLog: snapshotIndex: updateIncreasingly 145 -> 150
2021-07-27 15:00:28,845 [b07764cb-34df-45d7-9560-8ac949593b7a@group-6D50A358B8D8-StateMachineUpdater] INFO  raftlog.RaftLog (RaftLogBase.java:lambda$new$0(53)) - b07764cb-34df-45d7-9560-8ac949593b7a@group-6D50A358B8D8-SegmentedRaftLog: purgeIndex: updateToMax old=145, new=150, updated? true
2021-07-27 15:00:28,947 [112e9cde-9cb9-43e4-9ef1-6a6d7fd9222c@group-6D50A358B8D8-StateMachineUpdater] INFO  ha.SCMStateMachine (SCMStateMachine.java:takeSnapshot(290)) - Current Snapshot Index 150, takeSnapshot took 0 ms
2021-07-27 15:00:28,947 [112e9cde-9cb9-43e4-9ef1-6a6d7fd9222c@group-6D50A358B8D8-StateMachineUpdater] INFO  impl.StateMachineUpdater (StateMachineUpdater.java:takeSnapshot(281)) - 112e9cde-9cb9-43e4-9ef1-6a6d7fd9222c@group-6D50A358B8D8-StateMachineUpdater: Took a snapshot at index 150
2021-07-27 15:00:28,947 [112e9cde-9cb9-43e4-9ef1-6a6d7fd9222c@group-6D50A358B8D8-StateMachineUpdater] INFO  impl.StateMachineUpdater (StateMachineUpdater.java:lambda$new$0(89)) - 112e9cde-9cb9-43e4-9ef1-6a6d7fd9222c@group-6D50A358B8D8-StateMachineUpdater: snapshotIndex: updateIncreasingly 145 -> 150
2021-07-27 15:00:28,947 [112e9cde-9cb9-43e4-9ef1-6a6d7fd9222c@group-6D50A358B8D8-StateMachineUpdater] INFO  raftlog.RaftLog (RaftLogBase.java:purge(306)) - 112e9cde-9cb9-43e4-9ef1-6a6d7fd9222c@group-6D50A358B8D8-SegmentedRaftLog: purge 150
2021-07-27 15:00:28,947 [112e9cde-9cb9-43e4-9ef1-6a6d7fd9222c@group-6D50A358B8D8-StateMachineUpdater] INFO  raftlog.RaftLog (RaftLogBase.java:lambda$new$0(53)) - 112e9cde-9cb9-43e4-9ef1-6a6d7fd9222c@group-6D50A358B8D8-SegmentedRaftLog: snapshotIndex: updateIncreasingly 145 -> 150
2021-07-27 15:00:28,947 [112e9cde-9cb9-43e4-9ef1-6a6d7fd9222c@group-6D50A358B8D8-StateMachineUpdater] INFO  raftlog.RaftLog (RaftLogBase.java:lambda$new$0(53)) - 112e9cde-9cb9-43e4-9ef1-6a6d7fd9222c@group-6D50A358B8D8-SegmentedRaftLog: purgeIndex: updateToMax old=145, new=150, updated? true
2021-07-27 15:00:28,948 [Listener at 127.0.0.1/12788] INFO  ha.SCMHAInvocationHandler (SCMHAInvocationHandler.java:invokeRatis(113)) - Invoking method public abstract void org.apache.hadoop.hdds.scm.container.ContainerStateManagerV2.addContainer(org.apache.hadoop.hdds.protocol.proto.HddsProtos$ContainerInfoProto) throws java.io.IOException on target org.apache.hadoop.hdds.scm.ha.SCMRatisServerImpl@3bf5589b, cost 4224.028us
2021-07-27 15:00:28,949 [112e9cde-9cb9-43e4-9ef1-6a6d7fd9222c@group-6D50A358B8D8-StateMachineUpdater] INFO  safemode.HealthyPipelineSafeModeRule (HealthyPipelineSafeModeRule.java:initializeRule(152)) - Refreshed total pipeline count is 1, healthy pipeline threshold count is 1
2021-07-27 15:00:29,052 [Listener at 127.0.0.1/12788] INFO  ha.SCMHAInvocationHandler (SCMHAInvocationHandler.java:invokeRatis(113)) - Invoking method public abstract void org.apache.hadoop.hdds.scm.container.ContainerStateManagerV2.addContainer(org.apache.hadoop.hdds.protocol.proto.HddsProtos$ContainerInfoProto) throws java.io.IOException on target org.apache.hadoop.hdds.scm.ha.SCMRatisServerImpl@3bf5589b, cost 3047.021us
2021-07-27 15:00:29,053 [112e9cde-9cb9-43e4-9ef1-6a6d7fd9222c@group-6D50A358B8D8-StateMachineUpdater] INFO  safemode.HealthyPipelineSafeModeRule (HealthyPipelineSafeModeRule.java:initializeRule(152)) - Refreshed total pipeline count is 1, healthy pipeline threshold count is 1
2021-07-27 15:00:29,157 [b07764cb-34df-45d7-9560-8ac949593b7a@group-6D50A358B8D8-StateMachineUpdater] INFO  ha.SCMStateMachine (SCMStateMachine.java:takeSnapshot(290)) - Current Snapshot Index 155, takeSnapshot took 1 ms
2021-07-27 15:00:29,157 [b07764cb-34df-45d7-9560-8ac949593b7a@group-6D50A358B8D8-StateMachineUpdater] INFO  impl.StateMachineUpdater (StateMachineUpdater.java:takeSnapshot(281)) - b07764cb-34df-45d7-9560-8ac949593b7a@group-6D50A358B8D8-StateMachineUpdater: Took a snapshot at index 155
2021-07-27 15:00:29,157 [b07764cb-34df-45d7-9560-8ac949593b7a@group-6D50A358B8D8-StateMachineUpdater] INFO  impl.StateMachineUpdater (StateMachineUpdater.java:lambda$new$0(89)) - b07764cb-34df-45d7-9560-8ac949593b7a@group-6D50A358B8D8-StateMachineUpdater: snapshotIndex: updateIncreasingly 150 -> 155
2021-07-27 15:00:29,157 [b07764cb-34df-45d7-9560-8ac949593b7a@group-6D50A358B8D8-StateMachineUpdater] INFO  raftlog.RaftLog (RaftLogBase.java:purge(306)) - b07764cb-34df-45d7-9560-8ac949593b7a@group-6D50A358B8D8-SegmentedRaftLog: purge 155
2021-07-27 15:00:29,158 [b07764cb-34df-45d7-9560-8ac949593b7a@group-6D50A358B8D8-StateMachineUpdater] INFO  raftlog.RaftLog (RaftLogBase.java:lambda$new$0(53)) - b07764cb-34df-45d7-9560-8ac949593b7a@group-6D50A358B8D8-SegmentedRaftLog: snapshotIndex: updateIncreasingly 150 -> 155
2021-07-27 15:00:29,158 [Listener at 127.0.0.1/12788] INFO  ha.SCMHAInvocationHandler (SCMHAInvocationHandler.java:invokeRatis(113)) - Invoking method public abstract void org.apache.hadoop.hdds.scm.container.ContainerStateManagerV2.addContainer(org.apache.hadoop.hdds.protocol.proto.HddsProtos$ContainerInfoProto) throws java.io.IOException on target org.apache.hadoop.hdds.scm.ha.SCMRatisServerImpl@3bf5589b, cost 5441.337us
2021-07-27 15:00:29,158 [b07764cb-34df-45d7-9560-8ac949593b7a@group-6D50A358B8D8-StateMachineUpdater] INFO  raftlog.RaftLog (RaftLogBase.java:lambda$new$0(53)) - b07764cb-34df-45d7-9560-8ac949593b7a@group-6D50A358B8D8-SegmentedRaftLog: purgeIndex: updateToMax old=150, new=155, updated? true
2021-07-27 15:00:29,159 [112e9cde-9cb9-43e4-9ef1-6a6d7fd9222c@group-6D50A358B8D8-StateMachineUpdater] INFO  safemode.HealthyPipelineSafeModeRule (HealthyPipelineSafeModeRule.java:initializeRule(152)) - Refreshed total pipeline count is 1, healthy pipeline threshold count is 1
2021-07-27 15:00:29,160 [112e9cde-9cb9-43e4-9ef1-6a6d7fd9222c@group-6D50A358B8D8-StateMachineUpdater] INFO  ha.SCMStateMachine (SCMStateMachine.java:takeSnapshot(290)) - Current Snapshot Index 155, takeSnapshot took 0 ms
2021-07-27 15:00:29,160 [112e9cde-9cb9-43e4-9ef1-6a6d7fd9222c@group-6D50A358B8D8-StateMachineUpdater] INFO  impl.StateMachineUpdater (StateMachineUpdater.java:takeSnapshot(281)) - 112e9cde-9cb9-43e4-9ef1-6a6d7fd9222c@group-6D50A358B8D8-StateMachineUpdater: Took a snapshot at index 155
2021-07-27 15:00:29,160 [112e9cde-9cb9-43e4-9ef1-6a6d7fd9222c@group-6D50A358B8D8-StateMachineUpdater] INFO  impl.StateMachineUpdater (StateMachineUpdater.java:lambda$new$0(89)) - 112e9cde-9cb9-43e4-9ef1-6a6d7fd9222c@group-6D50A358B8D8-StateMachineUpdater: snapshotIndex: updateIncreasingly 150 -> 155
2021-07-27 15:00:29,160 [112e9cde-9cb9-43e4-9ef1-6a6d7fd9222c@group-6D50A358B8D8-StateMachineUpdater] INFO  raftlog.RaftLog (RaftLogBase.java:purge(306)) - 112e9cde-9cb9-43e4-9ef1-6a6d7fd9222c@group-6D50A358B8D8-SegmentedRaftLog: purge 155
2021-07-27 15:00:29,160 [112e9cde-9cb9-43e4-9ef1-6a6d7fd9222c@group-6D50A358B8D8-StateMachineUpdater] INFO  raftlog.RaftLog (RaftLogBase.java:lambda$new$0(53)) - 112e9cde-9cb9-43e4-9ef1-6a6d7fd9222c@group-6D50A358B8D8-SegmentedRaftLog: snapshotIndex: updateIncreasingly 150 -> 155
2021-07-27 15:00:29,160 [112e9cde-9cb9-43e4-9ef1-6a6d7fd9222c@group-6D50A358B8D8-StateMachineUpdater] INFO  raftlog.RaftLog (RaftLogBase.java:lambda$new$0(53)) - 112e9cde-9cb9-43e4-9ef1-6a6d7fd9222c@group-6D50A358B8D8-SegmentedRaftLog: purgeIndex: updateToMax old=150, new=155, updated? true
2021-07-27 15:00:29,262 [Listener at 127.0.0.1/12788] INFO  ha.SCMHAInvocationHandler (SCMHAInvocationHandler.java:invokeRatis(113)) - Invoking method public abstract void org.apache.hadoop.hdds.scm.container.ContainerStateManagerV2.addContainer(org.apache.hadoop.hdds.protocol.proto.HddsProtos$ContainerInfoProto) throws java.io.IOException on target org.apache.hadoop.hdds.scm.ha.SCMRatisServerImpl@3bf5589b, cost 3686.426us
2021-07-27 15:00:29,264 [112e9cde-9cb9-43e4-9ef1-6a6d7fd9222c@group-6D50A358B8D8-StateMachineUpdater] INFO  safemode.HealthyPipelineSafeModeRule (HealthyPipelineSafeModeRule.java:initializeRule(152)) - Refreshed total pipeline count is 1, healthy pipeline threshold count is 1
2021-07-27 15:00:29,366 [Listener at 127.0.0.1/12788] INFO  ha.SCMHAInvocationHandler (SCMHAInvocationHandler.java:invokeRatis(113)) - Invoking method public abstract void org.apache.hadoop.hdds.scm.container.ContainerStateManagerV2.addContainer(org.apache.hadoop.hdds.protocol.proto.HddsProtos$ContainerInfoProto) throws java.io.IOException on target org.apache.hadoop.hdds.scm.ha.SCMRatisServerImpl@3bf5589b, cost 3468.524us
2021-07-27 15:00:29,368 [112e9cde-9cb9-43e4-9ef1-6a6d7fd9222c@group-6D50A358B8D8-StateMachineUpdater] INFO  safemode.HealthyPipelineSafeModeRule (HealthyPipelineSafeModeRule.java:initializeRule(152)) - Refreshed total pipeline count is 1, healthy pipeline threshold count is 1
2021-07-27 15:00:29,369 [b07764cb-34df-45d7-9560-8ac949593b7a@group-6D50A358B8D8-StateMachineUpdater] INFO  ha.SCMStateMachine (SCMStateMachine.java:takeSnapshot(290)) - Current Snapshot Index 160, takeSnapshot took 0 ms
2021-07-27 15:00:29,369 [b07764cb-34df-45d7-9560-8ac949593b7a@group-6D50A358B8D8-StateMachineUpdater] INFO  impl.StateMachineUpdater (StateMachineUpdater.java:takeSnapshot(281)) - b07764cb-34df-45d7-9560-8ac949593b7a@group-6D50A358B8D8-StateMachineUpdater: Took a snapshot at index 160
2021-07-27 15:00:29,369 [b07764cb-34df-45d7-9560-8ac949593b7a@group-6D50A358B8D8-StateMachineUpdater] INFO  impl.StateMachineUpdater (StateMachineUpdater.java:lambda$new$0(89)) - b07764cb-34df-45d7-9560-8ac949593b7a@group-6D50A358B8D8-StateMachineUpdater: snapshotIndex: updateIncreasingly 155 -> 160
2021-07-27 15:00:29,369 [b07764cb-34df-45d7-9560-8ac949593b7a@group-6D50A358B8D8-StateMachineUpdater] INFO  raftlog.RaftLog (RaftLogBase.java:purge(306)) - b07764cb-34df-45d7-9560-8ac949593b7a@group-6D50A358B8D8-SegmentedRaftLog: purge 160
2021-07-27 15:00:29,369 [b07764cb-34df-45d7-9560-8ac949593b7a@group-6D50A358B8D8-StateMachineUpdater] INFO  raftlog.RaftLog (RaftLogBase.java:lambda$new$0(53)) - b07764cb-34df-45d7-9560-8ac949593b7a@group-6D50A358B8D8-SegmentedRaftLog: snapshotIndex: updateIncreasingly 155 -> 160
2021-07-27 15:00:29,369 [b07764cb-34df-45d7-9560-8ac949593b7a@group-6D50A358B8D8-StateMachineUpdater] INFO  raftlog.RaftLog (RaftLogBase.java:lambda$new$0(53)) - b07764cb-34df-45d7-9560-8ac949593b7a@group-6D50A358B8D8-SegmentedRaftLog: purgeIndex: updateToMax old=155, new=160, updated? true
2021-07-27 15:00:29,469 [112e9cde-9cb9-43e4-9ef1-6a6d7fd9222c@group-6D50A358B8D8-StateMachineUpdater] INFO  ha.SCMStateMachine (SCMStateMachine.java:takeSnapshot(290)) - Current Snapshot Index 160, takeSnapshot took 0 ms
2021-07-27 15:00:29,469 [112e9cde-9cb9-43e4-9ef1-6a6d7fd9222c@group-6D50A358B8D8-StateMachineUpdater] INFO  impl.StateMachineUpdater (StateMachineUpdater.java:takeSnapshot(281)) - 112e9cde-9cb9-43e4-9ef1-6a6d7fd9222c@group-6D50A358B8D8-StateMachineUpdater: Took a snapshot at index 160
2021-07-27 15:00:29,469 [112e9cde-9cb9-43e4-9ef1-6a6d7fd9222c@group-6D50A358B8D8-StateMachineUpdater] INFO  impl.StateMachineUpdater (StateMachineUpdater.java:lambda$new$0(89)) - 112e9cde-9cb9-43e4-9ef1-6a6d7fd9222c@group-6D50A358B8D8-StateMachineUpdater: snapshotIndex: updateIncreasingly 155 -> 160
2021-07-27 15:00:29,469 [112e9cde-9cb9-43e4-9ef1-6a6d7fd9222c@group-6D50A358B8D8-StateMachineUpdater] INFO  raftlog.RaftLog (RaftLogBase.java:purge(306)) - 112e9cde-9cb9-43e4-9ef1-6a6d7fd9222c@group-6D50A358B8D8-SegmentedRaftLog: purge 160
2021-07-27 15:00:29,469 [112e9cde-9cb9-43e4-9ef1-6a6d7fd9222c@group-6D50A358B8D8-StateMachineUpdater] INFO  raftlog.RaftLog (RaftLogBase.java:lambda$new$0(53)) - 112e9cde-9cb9-43e4-9ef1-6a6d7fd9222c@group-6D50A358B8D8-SegmentedRaftLog: snapshotIndex: updateIncreasingly 155 -> 160
2021-07-27 15:00:29,469 [112e9cde-9cb9-43e4-9ef1-6a6d7fd9222c@group-6D50A358B8D8-StateMachineUpdater] INFO  raftlog.RaftLog (RaftLogBase.java:lambda$new$0(53)) - 112e9cde-9cb9-43e4-9ef1-6a6d7fd9222c@group-6D50A358B8D8-SegmentedRaftLog: purgeIndex: updateToMax old=155, new=160, updated? true
2021-07-27 15:00:29,470 [Listener at 127.0.0.1/12788] INFO  ha.SCMHAInvocationHandler (SCMHAInvocationHandler.java:invokeRatis(113)) - Invoking method public abstract void org.apache.hadoop.hdds.scm.container.ContainerStateManagerV2.addContainer(org.apache.hadoop.hdds.protocol.proto.HddsProtos$ContainerInfoProto) throws java.io.IOException on target org.apache.hadoop.hdds.scm.ha.SCMRatisServerImpl@3bf5589b, cost 3304.523us
2021-07-27 15:00:29,471 [112e9cde-9cb9-43e4-9ef1-6a6d7fd9222c@group-6D50A358B8D8-StateMachineUpdater] INFO  safemode.HealthyPipelineSafeModeRule (HealthyPipelineSafeModeRule.java:initializeRule(152)) - Refreshed total pipeline count is 1, healthy pipeline threshold count is 1
2021-07-27 15:00:29,574 [Listener at 127.0.0.1/12788] INFO  ha.SCMHAInvocationHandler (SCMHAInvocationHandler.java:invokeRatis(113)) - Invoking method public abstract void org.apache.hadoop.hdds.scm.container.ContainerStateManagerV2.addContainer(org.apache.hadoop.hdds.protocol.proto.HddsProtos$ContainerInfoProto) throws java.io.IOException on target org.apache.hadoop.hdds.scm.ha.SCMRatisServerImpl@3bf5589b, cost 3676.525us
2021-07-27 15:00:29,577 [112e9cde-9cb9-43e4-9ef1-6a6d7fd9222c@group-6D50A358B8D8-StateMachineUpdater] INFO  safemode.HealthyPipelineSafeModeRule (HealthyPipelineSafeModeRule.java:initializeRule(152)) - Refreshed total pipeline count is 1, healthy pipeline threshold count is 1
2021-07-27 15:00:29,678 [Listener at 127.0.0.1/12788] INFO  ha.SCMHAInvocationHandler (SCMHAInvocationHandler.java:invokeRatis(113)) - Invoking method public abstract void org.apache.hadoop.hdds.scm.container.ContainerStateManagerV2.addContainer(org.apache.hadoop.hdds.protocol.proto.HddsProtos$ContainerInfoProto) throws java.io.IOException on target org.apache.hadoop.hdds.scm.ha.SCMRatisServerImpl@3bf5589b, cost 3438.223us
2021-07-27 15:00:29,678 [b07764cb-34df-45d7-9560-8ac949593b7a@group-6D50A358B8D8-StateMachineUpdater] INFO  ha.SCMStateMachine (SCMStateMachine.java:takeSnapshot(290)) - Current Snapshot Index 165, takeSnapshot took 0 ms
2021-07-27 15:00:29,679 [b07764cb-34df-45d7-9560-8ac949593b7a@group-6D50A358B8D8-StateMachineUpdater] INFO  impl.StateMachineUpdater (StateMachineUpdater.java:takeSnapshot(281)) - b07764cb-34df-45d7-9560-8ac949593b7a@group-6D50A358B8D8-StateMachineUpdater: Took a snapshot at index 165
2021-07-27 15:00:29,679 [b07764cb-34df-45d7-9560-8ac949593b7a@group-6D50A358B8D8-StateMachineUpdater] INFO  impl.StateMachineUpdater (StateMachineUpdater.java:lambda$new$0(89)) - b07764cb-34df-45d7-9560-8ac949593b7a@group-6D50A358B8D8-StateMachineUpdater: snapshotIndex: updateIncreasingly 160 -> 165
2021-07-27 15:00:29,679 [b07764cb-34df-45d7-9560-8ac949593b7a@group-6D50A358B8D8-StateMachineUpdater] INFO  raftlog.RaftLog (RaftLogBase.java:purge(306)) - b07764cb-34df-45d7-9560-8ac949593b7a@group-6D50A358B8D8-SegmentedRaftLog: purge 165
2021-07-27 15:00:29,679 [b07764cb-34df-45d7-9560-8ac949593b7a@group-6D50A358B8D8-StateMachineUpdater] INFO  raftlog.RaftLog (RaftLogBase.java:lambda$new$0(53)) - b07764cb-34df-45d7-9560-8ac949593b7a@group-6D50A358B8D8-SegmentedRaftLog: snapshotIndex: updateIncreasingly 160 -> 165
2021-07-27 15:00:29,679 [b07764cb-34df-45d7-9560-8ac949593b7a@group-6D50A358B8D8-StateMachineUpdater] INFO  raftlog.RaftLog (RaftLogBase.java:lambda$new$0(53)) - b07764cb-34df-45d7-9560-8ac949593b7a@group-6D50A358B8D8-SegmentedRaftLog: purgeIndex: updateToMax old=160, new=165, updated? true
2021-07-27 15:00:29,680 [112e9cde-9cb9-43e4-9ef1-6a6d7fd9222c@group-6D50A358B8D8-StateMachineUpdater] INFO  safemode.HealthyPipelineSafeModeRule (HealthyPipelineSafeModeRule.java:initializeRule(152)) - Refreshed total pipeline count is 1, healthy pipeline threshold count is 1
2021-07-27 15:00:29,680 [112e9cde-9cb9-43e4-9ef1-6a6d7fd9222c@group-6D50A358B8D8-StateMachineUpdater] INFO  ha.SCMStateMachine (SCMStateMachine.java:takeSnapshot(290)) - Current Snapshot Index 165, takeSnapshot took 0 ms
2021-07-27 15:00:29,680 [112e9cde-9cb9-43e4-9ef1-6a6d7fd9222c@group-6D50A358B8D8-StateMachineUpdater] INFO  impl.StateMachineUpdater (StateMachineUpdater.java:takeSnapshot(281)) - 112e9cde-9cb9-43e4-9ef1-6a6d7fd9222c@group-6D50A358B8D8-StateMachineUpdater: Took a snapshot at index 165
2021-07-27 15:00:29,680 [112e9cde-9cb9-43e4-9ef1-6a6d7fd9222c@group-6D50A358B8D8-StateMachineUpdater] INFO  impl.StateMachineUpdater (StateMachineUpdater.java:lambda$new$0(89)) - 112e9cde-9cb9-43e4-9ef1-6a6d7fd9222c@group-6D50A358B8D8-StateMachineUpdater: snapshotIndex: updateIncreasingly 160 -> 165
2021-07-27 15:00:29,680 [112e9cde-9cb9-43e4-9ef1-6a6d7fd9222c@group-6D50A358B8D8-StateMachineUpdater] INFO  raftlog.RaftLog (RaftLogBase.java:purge(306)) - 112e9cde-9cb9-43e4-9ef1-6a6d7fd9222c@group-6D50A358B8D8-SegmentedRaftLog: purge 165
2021-07-27 15:00:29,680 [112e9cde-9cb9-43e4-9ef1-6a6d7fd9222c@group-6D50A358B8D8-StateMachineUpdater] INFO  raftlog.RaftLog (RaftLogBase.java:lambda$new$0(53)) - 112e9cde-9cb9-43e4-9ef1-6a6d7fd9222c@group-6D50A358B8D8-SegmentedRaftLog: snapshotIndex: updateIncreasingly 160 -> 165
2021-07-27 15:00:29,680 [112e9cde-9cb9-43e4-9ef1-6a6d7fd9222c@group-6D50A358B8D8-StateMachineUpdater] INFO  raftlog.RaftLog (RaftLogBase.java:lambda$new$0(53)) - 112e9cde-9cb9-43e4-9ef1-6a6d7fd9222c@group-6D50A358B8D8-SegmentedRaftLog: purgeIndex: updateToMax old=160, new=165, updated? true
2021-07-27 15:00:29,782 [Listener at 127.0.0.1/12788] INFO  ha.SCMHAInvocationHandler (SCMHAInvocationHandler.java:invokeRatis(113)) - Invoking method public abstract void org.apache.hadoop.hdds.scm.container.ContainerStateManagerV2.addContainer(org.apache.hadoop.hdds.protocol.proto.HddsProtos$ContainerInfoProto) throws java.io.IOException on target org.apache.hadoop.hdds.scm.ha.SCMRatisServerImpl@3bf5589b, cost 3712.625us
2021-07-27 15:00:29,783 [112e9cde-9cb9-43e4-9ef1-6a6d7fd9222c@group-6D50A358B8D8-StateMachineUpdater] INFO  safemode.HealthyPipelineSafeModeRule (HealthyPipelineSafeModeRule.java:initializeRule(152)) - Refreshed total pipeline count is 1, healthy pipeline threshold count is 1
2021-07-27 15:00:29,886 [Listener at 127.0.0.1/12788] INFO  ha.SCMHAInvocationHandler (SCMHAInvocationHandler.java:invokeRatis(113)) - Invoking method public abstract void org.apache.hadoop.hdds.scm.container.ContainerStateManagerV2.addContainer(org.apache.hadoop.hdds.protocol.proto.HddsProtos$ContainerInfoProto) throws java.io.IOException on target org.apache.hadoop.hdds.scm.ha.SCMRatisServerImpl@3bf5589b, cost 3570.525us
2021-07-27 15:00:29,889 [112e9cde-9cb9-43e4-9ef1-6a6d7fd9222c@group-6D50A358B8D8-StateMachineUpdater] INFO  safemode.HealthyPipelineSafeModeRule (HealthyPipelineSafeModeRule.java:initializeRule(152)) - Refreshed total pipeline count is 1, healthy pipeline threshold count is 1
2021-07-27 15:00:29,890 [b07764cb-34df-45d7-9560-8ac949593b7a@group-6D50A358B8D8-StateMachineUpdater] INFO  ha.SCMStateMachine (SCMStateMachine.java:takeSnapshot(290)) - Current Snapshot Index 170, takeSnapshot took 1 ms
2021-07-27 15:00:29,890 [b07764cb-34df-45d7-9560-8ac949593b7a@group-6D50A358B8D8-StateMachineUpdater] INFO  impl.StateMachineUpdater (StateMachineUpdater.java:takeSnapshot(281)) - b07764cb-34df-45d7-9560-8ac949593b7a@group-6D50A358B8D8-StateMachineUpdater: Took a snapshot at index 170
2021-07-27 15:00:29,890 [b07764cb-34df-45d7-9560-8ac949593b7a@group-6D50A358B8D8-StateMachineUpdater] INFO  impl.StateMachineUpdater (StateMachineUpdater.java:lambda$new$0(89)) - b07764cb-34df-45d7-9560-8ac949593b7a@group-6D50A358B8D8-StateMachineUpdater: snapshotIndex: updateIncreasingly 165 -> 170
2021-07-27 15:00:29,890 [b07764cb-34df-45d7-9560-8ac949593b7a@group-6D50A358B8D8-StateMachineUpdater] INFO  raftlog.RaftLog (RaftLogBase.java:purge(306)) - b07764cb-34df-45d7-9560-8ac949593b7a@group-6D50A358B8D8-SegmentedRaftLog: purge 170
2021-07-27 15:00:29,891 [b07764cb-34df-45d7-9560-8ac949593b7a@group-6D50A358B8D8-StateMachineUpdater] INFO  raftlog.RaftLog (RaftLogBase.java:lambda$new$0(53)) - b07764cb-34df-45d7-9560-8ac949593b7a@group-6D50A358B8D8-SegmentedRaftLog: snapshotIndex: updateIncreasingly 165 -> 170
2021-07-27 15:00:29,891 [b07764cb-34df-45d7-9560-8ac949593b7a@group-6D50A358B8D8-StateMachineUpdater] INFO  raftlog.RaftLog (RaftLogBase.java:lambda$new$0(53)) - b07764cb-34df-45d7-9560-8ac949593b7a@group-6D50A358B8D8-SegmentedRaftLog: purgeIndex: updateToMax old=165, new=170, updated? true
2021-07-27 15:00:29,990 [112e9cde-9cb9-43e4-9ef1-6a6d7fd9222c@group-6D50A358B8D8-StateMachineUpdater] INFO  ha.SCMStateMachine (SCMStateMachine.java:takeSnapshot(290)) - Current Snapshot Index 170, takeSnapshot took 0 ms
2021-07-27 15:00:29,990 [112e9cde-9cb9-43e4-9ef1-6a6d7fd9222c@group-6D50A358B8D8-StateMachineUpdater] INFO  impl.StateMachineUpdater (StateMachineUpdater.java:takeSnapshot(281)) - 112e9cde-9cb9-43e4-9ef1-6a6d7fd9222c@group-6D50A358B8D8-StateMachineUpdater: Took a snapshot at index 170
2021-07-27 15:00:29,990 [112e9cde-9cb9-43e4-9ef1-6a6d7fd9222c@group-6D50A358B8D8-StateMachineUpdater] INFO  impl.StateMachineUpdater (StateMachineUpdater.java:lambda$new$0(89)) - 112e9cde-9cb9-43e4-9ef1-6a6d7fd9222c@group-6D50A358B8D8-StateMachineUpdater: snapshotIndex: updateIncreasingly 165 -> 170
2021-07-27 15:00:29,990 [112e9cde-9cb9-43e4-9ef1-6a6d7fd9222c@group-6D50A358B8D8-StateMachineUpdater] INFO  raftlog.RaftLog (RaftLogBase.java:purge(306)) - 112e9cde-9cb9-43e4-9ef1-6a6d7fd9222c@group-6D50A358B8D8-SegmentedRaftLog: purge 170
2021-07-27 15:00:29,990 [112e9cde-9cb9-43e4-9ef1-6a6d7fd9222c@group-6D50A358B8D8-StateMachineUpdater] INFO  raftlog.RaftLog (RaftLogBase.java:lambda$new$0(53)) - 112e9cde-9cb9-43e4-9ef1-6a6d7fd9222c@group-6D50A358B8D8-SegmentedRaftLog: snapshotIndex: updateIncreasingly 165 -> 170
2021-07-27 15:00:29,990 [112e9cde-9cb9-43e4-9ef1-6a6d7fd9222c@group-6D50A358B8D8-StateMachineUpdater] INFO  raftlog.RaftLog (RaftLogBase.java:lambda$new$0(53)) - 112e9cde-9cb9-43e4-9ef1-6a6d7fd9222c@group-6D50A358B8D8-SegmentedRaftLog: purgeIndex: updateToMax old=165, new=170, updated? true
2021-07-27 15:00:29,991 [Listener at 127.0.0.1/12788] INFO  ha.SCMHAInvocationHandler (SCMHAInvocationHandler.java:invokeRatis(113)) - Invoking method public abstract void org.apache.hadoop.hdds.scm.container.ContainerStateManagerV2.addContainer(org.apache.hadoop.hdds.protocol.proto.HddsProtos$ContainerInfoProto) throws java.io.IOException on target org.apache.hadoop.hdds.scm.ha.SCMRatisServerImpl@3bf5589b, cost 3727.525us
2021-07-27 15:00:29,992 [112e9cde-9cb9-43e4-9ef1-6a6d7fd9222c@group-6D50A358B8D8-StateMachineUpdater] INFO  safemode.HealthyPipelineSafeModeRule (HealthyPipelineSafeModeRule.java:initializeRule(152)) - Refreshed total pipeline count is 1, healthy pipeline threshold count is 1
2021-07-27 15:00:30,094 [Listener at 127.0.0.1/12788] INFO  ha.SCMHAInvocationHandler (SCMHAInvocationHandler.java:invokeRatis(113)) - Invoking method public abstract void org.apache.hadoop.hdds.scm.container.ContainerStateManagerV2.addContainer(org.apache.hadoop.hdds.protocol.proto.HddsProtos$ContainerInfoProto) throws java.io.IOException on target org.apache.hadoop.hdds.scm.ha.SCMRatisServerImpl@3bf5589b, cost 3059.121us
2021-07-27 15:00:30,096 [112e9cde-9cb9-43e4-9ef1-6a6d7fd9222c@group-6D50A358B8D8-StateMachineUpdater] INFO  safemode.HealthyPipelineSafeModeRule (HealthyPipelineSafeModeRule.java:initializeRule(152)) - Refreshed total pipeline count is 1, healthy pipeline threshold count is 1
2021-07-27 15:00:30,200 [Listener at 127.0.0.1/12788] INFO  ha.SCMHAInvocationHandler (SCMHAInvocationHandler.java:invokeRatis(113)) - Invoking method public abstract void org.apache.hadoop.hdds.scm.container.ContainerStateManagerV2.addContainer(org.apache.hadoop.hdds.protocol.proto.HddsProtos$ContainerInfoProto) throws java.io.IOException on target org.apache.hadoop.hdds.scm.ha.SCMRatisServerImpl@3bf5589b, cost 5016.434us
2021-07-27 15:00:30,200 [b07764cb-34df-45d7-9560-8ac949593b7a@group-6D50A358B8D8-StateMachineUpdater] INFO  ha.SCMStateMachine (SCMStateMachine.java:takeSnapshot(290)) - Current Snapshot Index 175, takeSnapshot took 0 ms
2021-07-27 15:00:30,203 [b07764cb-34df-45d7-9560-8ac949593b7a@group-6D50A358B8D8-StateMachineUpdater] INFO  impl.StateMachineUpdater (StateMachineUpdater.java:takeSnapshot(281)) - b07764cb-34df-45d7-9560-8ac949593b7a@group-6D50A358B8D8-StateMachineUpdater: Took a snapshot at index 175
2021-07-27 15:00:30,203 [b07764cb-34df-45d7-9560-8ac949593b7a@group-6D50A358B8D8-StateMachineUpdater] INFO  impl.StateMachineUpdater (StateMachineUpdater.java:lambda$new$0(89)) - b07764cb-34df-45d7-9560-8ac949593b7a@group-6D50A358B8D8-StateMachineUpdater: snapshotIndex: updateIncreasingly 170 -> 175
2021-07-27 15:00:30,203 [b07764cb-34df-45d7-9560-8ac949593b7a@group-6D50A358B8D8-StateMachineUpdater] INFO  raftlog.RaftLog (RaftLogBase.java:purge(306)) - b07764cb-34df-45d7-9560-8ac949593b7a@group-6D50A358B8D8-SegmentedRaftLog: purge 175
2021-07-27 15:00:30,203 [b07764cb-34df-45d7-9560-8ac949593b7a@group-6D50A358B8D8-StateMachineUpdater] INFO  raftlog.RaftLog (RaftLogBase.java:lambda$new$0(53)) - b07764cb-34df-45d7-9560-8ac949593b7a@group-6D50A358B8D8-SegmentedRaftLog: snapshotIndex: updateIncreasingly 170 -> 175
2021-07-27 15:00:30,203 [b07764cb-34df-45d7-9560-8ac949593b7a@group-6D50A358B8D8-StateMachineUpdater] INFO  raftlog.RaftLog (RaftLogBase.java:lambda$new$0(53)) - b07764cb-34df-45d7-9560-8ac949593b7a@group-6D50A358B8D8-SegmentedRaftLog: purgeIndex: updateToMax old=170, new=175, updated? true
2021-07-27 15:00:30,206 [112e9cde-9cb9-43e4-9ef1-6a6d7fd9222c@group-6D50A358B8D8-StateMachineUpdater] INFO  safemode.HealthyPipelineSafeModeRule (HealthyPipelineSafeModeRule.java:initializeRule(152)) - Refreshed total pipeline count is 1, healthy pipeline threshold count is 1
2021-07-27 15:00:30,206 [112e9cde-9cb9-43e4-9ef1-6a6d7fd9222c@group-6D50A358B8D8-StateMachineUpdater] INFO  ha.SCMStateMachine (SCMStateMachine.java:takeSnapshot(290)) - Current Snapshot Index 175, takeSnapshot took 0 ms
2021-07-27 15:00:30,206 [112e9cde-9cb9-43e4-9ef1-6a6d7fd9222c@group-6D50A358B8D8-StateMachineUpdater] INFO  impl.StateMachineUpdater (StateMachineUpdater.java:takeSnapshot(281)) - 112e9cde-9cb9-43e4-9ef1-6a6d7fd9222c@group-6D50A358B8D8-StateMachineUpdater: Took a snapshot at index 175
2021-07-27 15:00:30,206 [112e9cde-9cb9-43e4-9ef1-6a6d7fd9222c@group-6D50A358B8D8-StateMachineUpdater] INFO  impl.StateMachineUpdater (StateMachineUpdater.java:lambda$new$0(89)) - 112e9cde-9cb9-43e4-9ef1-6a6d7fd9222c@group-6D50A358B8D8-StateMachineUpdater: snapshotIndex: updateIncreasingly 170 -> 175
2021-07-27 15:00:30,206 [112e9cde-9cb9-43e4-9ef1-6a6d7fd9222c@group-6D50A358B8D8-StateMachineUpdater] INFO  raftlog.RaftLog (RaftLogBase.java:purge(306)) - 112e9cde-9cb9-43e4-9ef1-6a6d7fd9222c@group-6D50A358B8D8-SegmentedRaftLog: purge 175
2021-07-27 15:00:30,206 [112e9cde-9cb9-43e4-9ef1-6a6d7fd9222c@group-6D50A358B8D8-StateMachineUpdater] INFO  raftlog.RaftLog (RaftLogBase.java:lambda$new$0(53)) - 112e9cde-9cb9-43e4-9ef1-6a6d7fd9222c@group-6D50A358B8D8-SegmentedRaftLog: snapshotIndex: updateIncreasingly 170 -> 175
2021-07-27 15:00:30,206 [112e9cde-9cb9-43e4-9ef1-6a6d7fd9222c@group-6D50A358B8D8-StateMachineUpdater] INFO  raftlog.RaftLog (RaftLogBase.java:lambda$new$0(53)) - 112e9cde-9cb9-43e4-9ef1-6a6d7fd9222c@group-6D50A358B8D8-SegmentedRaftLog: purgeIndex: updateToMax old=170, new=175, updated? true
2021-07-27 15:00:30,304 [Listener at 127.0.0.1/12788] INFO  ha.SCMHAInvocationHandler (SCMHAInvocationHandler.java:invokeRatis(113)) - Invoking method public abstract void org.apache.hadoop.hdds.scm.container.ContainerStateManagerV2.addContainer(org.apache.hadoop.hdds.protocol.proto.HddsProtos$ContainerInfoProto) throws java.io.IOException on target org.apache.hadoop.hdds.scm.ha.SCMRatisServerImpl@3bf5589b, cost 3591.825us
2021-07-27 15:00:30,306 [112e9cde-9cb9-43e4-9ef1-6a6d7fd9222c@group-6D50A358B8D8-StateMachineUpdater] INFO  safemode.HealthyPipelineSafeModeRule (HealthyPipelineSafeModeRule.java:initializeRule(152)) - Refreshed total pipeline count is 1, healthy pipeline threshold count is 1
2021-07-27 15:00:30,409 [Listener at 127.0.0.1/12788] INFO  ha.SCMHAInvocationHandler (SCMHAInvocationHandler.java:invokeRatis(113)) - Invoking method public abstract void org.apache.hadoop.hdds.scm.container.ContainerStateManagerV2.addContainer(org.apache.hadoop.hdds.protocol.proto.HddsProtos$ContainerInfoProto) throws java.io.IOException on target org.apache.hadoop.hdds.scm.ha.SCMRatisServerImpl@3bf5589b, cost 4112.628us
2021-07-27 15:00:30,410 [112e9cde-9cb9-43e4-9ef1-6a6d7fd9222c@group-6D50A358B8D8-StateMachineUpdater] INFO  safemode.HealthyPipelineSafeModeRule (HealthyPipelineSafeModeRule.java:initializeRule(152)) - Refreshed total pipeline count is 1, healthy pipeline threshold count is 1
2021-07-27 15:00:30,411 [b07764cb-34df-45d7-9560-8ac949593b7a@group-6D50A358B8D8-StateMachineUpdater] INFO  ha.SCMStateMachine (SCMStateMachine.java:takeSnapshot(290)) - Current Snapshot Index 180, takeSnapshot took 0 ms
2021-07-27 15:00:30,411 [b07764cb-34df-45d7-9560-8ac949593b7a@group-6D50A358B8D8-StateMachineUpdater] INFO  impl.StateMachineUpdater (StateMachineUpdater.java:takeSnapshot(281)) - b07764cb-34df-45d7-9560-8ac949593b7a@group-6D50A358B8D8-StateMachineUpdater: Took a snapshot at index 180
2021-07-27 15:00:30,411 [b07764cb-34df-45d7-9560-8ac949593b7a@group-6D50A358B8D8-StateMachineUpdater] INFO  impl.StateMachineUpdater (StateMachineUpdater.java:lambda$new$0(89)) - b07764cb-34df-45d7-9560-8ac949593b7a@group-6D50A358B8D8-StateMachineUpdater: snapshotIndex: updateIncreasingly 175 -> 180
2021-07-27 15:00:30,411 [b07764cb-34df-45d7-9560-8ac949593b7a@group-6D50A358B8D8-StateMachineUpdater] INFO  raftlog.RaftLog (RaftLogBase.java:purge(306)) - b07764cb-34df-45d7-9560-8ac949593b7a@group-6D50A358B8D8-SegmentedRaftLog: purge 180
2021-07-27 15:00:30,411 [b07764cb-34df-45d7-9560-8ac949593b7a@group-6D50A358B8D8-StateMachineUpdater] INFO  raftlog.RaftLog (RaftLogBase.java:lambda$new$0(53)) - b07764cb-34df-45d7-9560-8ac949593b7a@group-6D50A358B8D8-SegmentedRaftLog: snapshotIndex: updateIncreasingly 175 -> 180
2021-07-27 15:00:30,411 [b07764cb-34df-45d7-9560-8ac949593b7a@group-6D50A358B8D8-StateMachineUpdater] INFO  raftlog.RaftLog (RaftLogBase.java:lambda$new$0(53)) - b07764cb-34df-45d7-9560-8ac949593b7a@group-6D50A358B8D8-SegmentedRaftLog: purgeIndex: updateToMax old=175, new=180, updated? true
2021-07-27 15:00:30,514 [112e9cde-9cb9-43e4-9ef1-6a6d7fd9222c@group-6D50A358B8D8-StateMachineUpdater] INFO  ha.SCMStateMachine (SCMStateMachine.java:takeSnapshot(290)) - Current Snapshot Index 180, takeSnapshot took 0 ms
2021-07-27 15:00:30,514 [112e9cde-9cb9-43e4-9ef1-6a6d7fd9222c@group-6D50A358B8D8-StateMachineUpdater] INFO  impl.StateMachineUpdater (StateMachineUpdater.java:takeSnapshot(281)) - 112e9cde-9cb9-43e4-9ef1-6a6d7fd9222c@group-6D50A358B8D8-StateMachineUpdater: Took a snapshot at index 180
2021-07-27 15:00:30,514 [112e9cde-9cb9-43e4-9ef1-6a6d7fd9222c@group-6D50A358B8D8-StateMachineUpdater] INFO  impl.StateMachineUpdater (StateMachineUpdater.java:lambda$new$0(89)) - 112e9cde-9cb9-43e4-9ef1-6a6d7fd9222c@group-6D50A358B8D8-StateMachineUpdater: snapshotIndex: updateIncreasingly 175 -> 180
2021-07-27 15:00:30,514 [112e9cde-9cb9-43e4-9ef1-6a6d7fd9222c@group-6D50A358B8D8-StateMachineUpdater] INFO  raftlog.RaftLog (RaftLogBase.java:purge(306)) - 112e9cde-9cb9-43e4-9ef1-6a6d7fd9222c@group-6D50A358B8D8-SegmentedRaftLog: purge 180
2021-07-27 15:00:30,514 [112e9cde-9cb9-43e4-9ef1-6a6d7fd9222c@group-6D50A358B8D8-StateMachineUpdater] INFO  raftlog.RaftLog (RaftLogBase.java:lambda$new$0(53)) - 112e9cde-9cb9-43e4-9ef1-6a6d7fd9222c@group-6D50A358B8D8-SegmentedRaftLog: snapshotIndex: updateIncreasingly 175 -> 180
2021-07-27 15:00:30,514 [112e9cde-9cb9-43e4-9ef1-6a6d7fd9222c@group-6D50A358B8D8-StateMachineUpdater] INFO  raftlog.RaftLog (RaftLogBase.java:lambda$new$0(53)) - 112e9cde-9cb9-43e4-9ef1-6a6d7fd9222c@group-6D50A358B8D8-SegmentedRaftLog: purgeIndex: updateToMax old=175, new=180, updated? true
2021-07-27 15:00:30,515 [Listener at 127.0.0.1/12788] INFO  ha.SCMHAInvocationHandler (SCMHAInvocationHandler.java:invokeRatis(113)) - Invoking method public abstract void org.apache.hadoop.hdds.scm.container.ContainerStateManagerV2.addContainer(org.apache.hadoop.hdds.protocol.proto.HddsProtos$ContainerInfoProto) throws java.io.IOException on target org.apache.hadoop.hdds.scm.ha.SCMRatisServerImpl@3bf5589b, cost 5249.635us
2021-07-27 15:00:30,517 [112e9cde-9cb9-43e4-9ef1-6a6d7fd9222c@group-6D50A358B8D8-StateMachineUpdater] INFO  safemode.HealthyPipelineSafeModeRule (HealthyPipelineSafeModeRule.java:initializeRule(152)) - Refreshed total pipeline count is 1, healthy pipeline threshold count is 1
2021-07-27 15:00:30,618 [Listener at 127.0.0.1/12788] INFO  ha.SCMHAInvocationHandler (SCMHAInvocationHandler.java:invokeRatis(113)) - Invoking method public abstract void org.apache.hadoop.hdds.scm.container.ContainerStateManagerV2.addContainer(org.apache.hadoop.hdds.protocol.proto.HddsProtos$ContainerInfoProto) throws java.io.IOException on target org.apache.hadoop.hdds.scm.ha.SCMRatisServerImpl@3bf5589b, cost 3093.322us
2021-07-27 15:00:30,620 [112e9cde-9cb9-43e4-9ef1-6a6d7fd9222c@group-6D50A358B8D8-StateMachineUpdater] INFO  safemode.HealthyPipelineSafeModeRule (HealthyPipelineSafeModeRule.java:initializeRule(152)) - Refreshed total pipeline count is 1, healthy pipeline threshold count is 1
2021-07-27 15:00:30,722 [b07764cb-34df-45d7-9560-8ac949593b7a@group-6D50A358B8D8-StateMachineUpdater] INFO  ha.SCMStateMachine (SCMStateMachine.java:takeSnapshot(290)) - Current Snapshot Index 185, takeSnapshot took 0 ms
2021-07-27 15:00:30,722 [b07764cb-34df-45d7-9560-8ac949593b7a@group-6D50A358B8D8-StateMachineUpdater] INFO  impl.StateMachineUpdater (StateMachineUpdater.java:takeSnapshot(281)) - b07764cb-34df-45d7-9560-8ac949593b7a@group-6D50A358B8D8-StateMachineUpdater: Took a snapshot at index 185
2021-07-27 15:00:30,722 [b07764cb-34df-45d7-9560-8ac949593b7a@group-6D50A358B8D8-StateMachineUpdater] INFO  impl.StateMachineUpdater (StateMachineUpdater.java:lambda$new$0(89)) - b07764cb-34df-45d7-9560-8ac949593b7a@group-6D50A358B8D8-StateMachineUpdater: snapshotIndex: updateIncreasingly 180 -> 185
2021-07-27 15:00:30,722 [b07764cb-34df-45d7-9560-8ac949593b7a@group-6D50A358B8D8-StateMachineUpdater] INFO  raftlog.RaftLog (RaftLogBase.java:purge(306)) - b07764cb-34df-45d7-9560-8ac949593b7a@group-6D50A358B8D8-SegmentedRaftLog: purge 185
2021-07-27 15:00:30,722 [b07764cb-34df-45d7-9560-8ac949593b7a@group-6D50A358B8D8-StateMachineUpdater] INFO  raftlog.RaftLog (RaftLogBase.java:lambda$new$0(53)) - b07764cb-34df-45d7-9560-8ac949593b7a@group-6D50A358B8D8-SegmentedRaftLog: snapshotIndex: updateIncreasingly 180 -> 185
2021-07-27 15:00:30,722 [b07764cb-34df-45d7-9560-8ac949593b7a@group-6D50A358B8D8-StateMachineUpdater] INFO  raftlog.RaftLog (RaftLogBase.java:lambda$new$0(53)) - b07764cb-34df-45d7-9560-8ac949593b7a@group-6D50A358B8D8-SegmentedRaftLog: purgeIndex: updateToMax old=180, new=185, updated? true
2021-07-27 15:00:30,722 [Listener at 127.0.0.1/12788] INFO  ha.SCMHAInvocationHandler (SCMHAInvocationHandler.java:invokeRatis(113)) - Invoking method public abstract void org.apache.hadoop.hdds.scm.container.ContainerStateManagerV2.addContainer(org.apache.hadoop.hdds.protocol.proto.HddsProtos$ContainerInfoProto) throws java.io.IOException on target org.apache.hadoop.hdds.scm.ha.SCMRatisServerImpl@3bf5589b, cost 3671.825us
2021-07-27 15:00:30,723 [112e9cde-9cb9-43e4-9ef1-6a6d7fd9222c@group-6D50A358B8D8-StateMachineUpdater] INFO  safemode.HealthyPipelineSafeModeRule (HealthyPipelineSafeModeRule.java:initializeRule(152)) - Refreshed total pipeline count is 1, healthy pipeline threshold count is 1
2021-07-27 15:00:30,724 [112e9cde-9cb9-43e4-9ef1-6a6d7fd9222c@group-6D50A358B8D8-StateMachineUpdater] INFO  ha.SCMStateMachine (SCMStateMachine.java:takeSnapshot(290)) - Current Snapshot Index 185, takeSnapshot took 0 ms
2021-07-27 15:00:30,724 [112e9cde-9cb9-43e4-9ef1-6a6d7fd9222c@group-6D50A358B8D8-StateMachineUpdater] INFO  impl.StateMachineUpdater (StateMachineUpdater.java:takeSnapshot(281)) - 112e9cde-9cb9-43e4-9ef1-6a6d7fd9222c@group-6D50A358B8D8-StateMachineUpdater: Took a snapshot at index 185
2021-07-27 15:00:30,724 [112e9cde-9cb9-43e4-9ef1-6a6d7fd9222c@group-6D50A358B8D8-StateMachineUpdater] INFO  impl.StateMachineUpdater (StateMachineUpdater.java:lambda$new$0(89)) - 112e9cde-9cb9-43e4-9ef1-6a6d7fd9222c@group-6D50A358B8D8-StateMachineUpdater: snapshotIndex: updateIncreasingly 180 -> 185
2021-07-27 15:00:30,724 [112e9cde-9cb9-43e4-9ef1-6a6d7fd9222c@group-6D50A358B8D8-StateMachineUpdater] INFO  raftlog.RaftLog (RaftLogBase.java:purge(306)) - 112e9cde-9cb9-43e4-9ef1-6a6d7fd9222c@group-6D50A358B8D8-SegmentedRaftLog: purge 185
2021-07-27 15:00:30,724 [112e9cde-9cb9-43e4-9ef1-6a6d7fd9222c@group-6D50A358B8D8-StateMachineUpdater] INFO  raftlog.RaftLog (RaftLogBase.java:lambda$new$0(53)) - 112e9cde-9cb9-43e4-9ef1-6a6d7fd9222c@group-6D50A358B8D8-SegmentedRaftLog: snapshotIndex: updateIncreasingly 180 -> 185
2021-07-27 15:00:30,724 [112e9cde-9cb9-43e4-9ef1-6a6d7fd9222c@group-6D50A358B8D8-StateMachineUpdater] INFO  raftlog.RaftLog (RaftLogBase.java:lambda$new$0(53)) - 112e9cde-9cb9-43e4-9ef1-6a6d7fd9222c@group-6D50A358B8D8-SegmentedRaftLog: purgeIndex: updateToMax old=180, new=185, updated? true
2021-07-27 15:00:30,826 [Listener at 127.0.0.1/12788] INFO  ha.SCMHAInvocationHandler (SCMHAInvocationHandler.java:invokeRatis(113)) - Invoking method public abstract void org.apache.hadoop.hdds.scm.container.ContainerStateManagerV2.addContainer(org.apache.hadoop.hdds.protocol.proto.HddsProtos$ContainerInfoProto) throws java.io.IOException on target org.apache.hadoop.hdds.scm.ha.SCMRatisServerImpl@3bf5589b, cost 2969.72us
2021-07-27 15:00:30,827 [112e9cde-9cb9-43e4-9ef1-6a6d7fd9222c@group-6D50A358B8D8-StateMachineUpdater] INFO  safemode.HealthyPipelineSafeModeRule (HealthyPipelineSafeModeRule.java:initializeRule(152)) - Refreshed total pipeline count is 1, healthy pipeline threshold count is 1
2021-07-27 15:00:30,930 [Listener at 127.0.0.1/12788] INFO  ha.SCMHAInvocationHandler (SCMHAInvocationHandler.java:invokeRatis(113)) - Invoking method public abstract void org.apache.hadoop.hdds.scm.container.ContainerStateManagerV2.addContainer(org.apache.hadoop.hdds.protocol.proto.HddsProtos$ContainerInfoProto) throws java.io.IOException on target org.apache.hadoop.hdds.scm.ha.SCMRatisServerImpl@3bf5589b, cost 3691.726us
2021-07-27 15:00:30,935 [112e9cde-9cb9-43e4-9ef1-6a6d7fd9222c@group-6D50A358B8D8-StateMachineUpdater] INFO  safemode.HealthyPipelineSafeModeRule (HealthyPipelineSafeModeRule.java:initializeRule(152)) - Refreshed total pipeline count is 1, healthy pipeline threshold count is 1
2021-07-27 15:00:30,936 [b07764cb-34df-45d7-9560-8ac949593b7a@group-6D50A358B8D8-StateMachineUpdater] INFO  ha.SCMStateMachine (SCMStateMachine.java:takeSnapshot(290)) - Current Snapshot Index 190, takeSnapshot took 0 ms
2021-07-27 15:00:30,936 [b07764cb-34df-45d7-9560-8ac949593b7a@group-6D50A358B8D8-StateMachineUpdater] INFO  impl.StateMachineUpdater (StateMachineUpdater.java:takeSnapshot(281)) - b07764cb-34df-45d7-9560-8ac949593b7a@group-6D50A358B8D8-StateMachineUpdater: Took a snapshot at index 190
2021-07-27 15:00:30,936 [b07764cb-34df-45d7-9560-8ac949593b7a@group-6D50A358B8D8-StateMachineUpdater] INFO  impl.StateMachineUpdater (StateMachineUpdater.java:lambda$new$0(89)) - b07764cb-34df-45d7-9560-8ac949593b7a@group-6D50A358B8D8-StateMachineUpdater: snapshotIndex: updateIncreasingly 185 -> 190
2021-07-27 15:00:30,936 [b07764cb-34df-45d7-9560-8ac949593b7a@group-6D50A358B8D8-StateMachineUpdater] INFO  raftlog.RaftLog (RaftLogBase.java:purge(306)) - b07764cb-34df-45d7-9560-8ac949593b7a@group-6D50A358B8D8-SegmentedRaftLog: purge 190
2021-07-27 15:00:30,936 [b07764cb-34df-45d7-9560-8ac949593b7a@group-6D50A358B8D8-StateMachineUpdater] INFO  raftlog.RaftLog (RaftLogBase.java:lambda$new$0(53)) - b07764cb-34df-45d7-9560-8ac949593b7a@group-6D50A358B8D8-SegmentedRaftLog: snapshotIndex: updateIncreasingly 185 -> 190
2021-07-27 15:00:30,936 [b07764cb-34df-45d7-9560-8ac949593b7a@group-6D50A358B8D8-StateMachineUpdater] INFO  raftlog.RaftLog (RaftLogBase.java:lambda$new$0(53)) - b07764cb-34df-45d7-9560-8ac949593b7a@group-6D50A358B8D8-SegmentedRaftLog: purgeIndex: updateToMax old=185, new=190, updated? true
2021-07-27 15:00:31,033 [112e9cde-9cb9-43e4-9ef1-6a6d7fd9222c@group-6D50A358B8D8-StateMachineUpdater] INFO  ha.SCMStateMachine (SCMStateMachine.java:takeSnapshot(290)) - Current Snapshot Index 190, takeSnapshot took 0 ms
2021-07-27 15:00:31,033 [112e9cde-9cb9-43e4-9ef1-6a6d7fd9222c@group-6D50A358B8D8-StateMachineUpdater] INFO  impl.StateMachineUpdater (StateMachineUpdater.java:takeSnapshot(281)) - 112e9cde-9cb9-43e4-9ef1-6a6d7fd9222c@group-6D50A358B8D8-StateMachineUpdater: Took a snapshot at index 190
2021-07-27 15:00:31,033 [112e9cde-9cb9-43e4-9ef1-6a6d7fd9222c@group-6D50A358B8D8-StateMachineUpdater] INFO  impl.StateMachineUpdater (StateMachineUpdater.java:lambda$new$0(89)) - 112e9cde-9cb9-43e4-9ef1-6a6d7fd9222c@group-6D50A358B8D8-StateMachineUpdater: snapshotIndex: updateIncreasingly 185 -> 190
2021-07-27 15:00:31,033 [112e9cde-9cb9-43e4-9ef1-6a6d7fd9222c@group-6D50A358B8D8-StateMachineUpdater] INFO  raftlog.RaftLog (RaftLogBase.java:purge(306)) - 112e9cde-9cb9-43e4-9ef1-6a6d7fd9222c@group-6D50A358B8D8-SegmentedRaftLog: purge 190
2021-07-27 15:00:31,033 [112e9cde-9cb9-43e4-9ef1-6a6d7fd9222c@group-6D50A358B8D8-StateMachineUpdater] INFO  raftlog.RaftLog (RaftLogBase.java:lambda$new$0(53)) - 112e9cde-9cb9-43e4-9ef1-6a6d7fd9222c@group-6D50A358B8D8-SegmentedRaftLog: snapshotIndex: updateIncreasingly 185 -> 190
2021-07-27 15:00:31,033 [112e9cde-9cb9-43e4-9ef1-6a6d7fd9222c@group-6D50A358B8D8-StateMachineUpdater] INFO  raftlog.RaftLog (RaftLogBase.java:lambda$new$0(53)) - 112e9cde-9cb9-43e4-9ef1-6a6d7fd9222c@group-6D50A358B8D8-SegmentedRaftLog: purgeIndex: updateToMax old=185, new=190, updated? true
2021-07-27 15:00:31,034 [Listener at 127.0.0.1/12788] INFO  ha.SCMHAInvocationHandler (SCMHAInvocationHandler.java:invokeRatis(113)) - Invoking method public abstract void org.apache.hadoop.hdds.scm.container.ContainerStateManagerV2.addContainer(org.apache.hadoop.hdds.protocol.proto.HddsProtos$ContainerInfoProto) throws java.io.IOException on target org.apache.hadoop.hdds.scm.ha.SCMRatisServerImpl@3bf5589b, cost 3734.025us
2021-07-27 15:00:31,036 [112e9cde-9cb9-43e4-9ef1-6a6d7fd9222c@group-6D50A358B8D8-StateMachineUpdater] INFO  safemode.HealthyPipelineSafeModeRule (HealthyPipelineSafeModeRule.java:initializeRule(152)) - Refreshed total pipeline count is 1, healthy pipeline threshold count is 1
2021-07-27 15:00:31,138 [Listener at 127.0.0.1/12788] INFO  ha.SCMHAInvocationHandler (SCMHAInvocationHandler.java:invokeRatis(113)) - Invoking method public abstract void org.apache.hadoop.hdds.scm.container.ContainerStateManagerV2.addContainer(org.apache.hadoop.hdds.protocol.proto.HddsProtos$ContainerInfoProto) throws java.io.IOException on target org.apache.hadoop.hdds.scm.ha.SCMRatisServerImpl@3bf5589b, cost 3424.223us
2021-07-27 15:00:31,143 [112e9cde-9cb9-43e4-9ef1-6a6d7fd9222c@group-6D50A358B8D8-StateMachineUpdater] INFO  safemode.HealthyPipelineSafeModeRule (HealthyPipelineSafeModeRule.java:initializeRule(152)) - Refreshed total pipeline count is 1, healthy pipeline threshold count is 1
2021-07-27 15:00:31,189 [Datanode State Machine Thread - 0] ERROR datanode.RunningDatanodeState (RunningDatanodeState.java:computeNextContainerState(199)) - Error in executing end point task.
java.util.concurrent.ExecutionException: java.util.concurrent.TimeoutException
	at java.util.concurrent.FutureTask.report(FutureTask.java:122)
	at java.util.concurrent.FutureTask.get(FutureTask.java:192)
	at org.apache.hadoop.ozone.container.common.states.datanode.RunningDatanodeState.computeNextContainerState(RunningDatanodeState.java:191)
	at org.apache.hadoop.ozone.container.common.states.datanode.RunningDatanodeState.await(RunningDatanodeState.java:231)
	at org.apache.hadoop.ozone.container.common.states.datanode.RunningDatanodeState.await(RunningDatanodeState.java:50)
	at org.apache.hadoop.ozone.container.common.statemachine.StateContext.execute(StateContext.java:629)
	at org.apache.hadoop.ozone.container.common.statemachine.DatanodeStateMachine.start(DatanodeStateMachine.java:269)
	at org.apache.hadoop.ozone.container.common.statemachine.DatanodeStateMachine.lambda$startDaemon$0(DatanodeStateMachine.java:455)
	at java.lang.Thread.run(Thread.java:748)
Caused by: java.util.concurrent.TimeoutException
	at java.util.concurrent.FutureTask.get(FutureTask.java:205)
	at org.apache.hadoop.ozone.container.common.states.datanode.RunningDatanodeState.lambda$execute$0(RunningDatanodeState.java:149)
	at java.util.concurrent.FutureTask.run(FutureTask.java:266)
	at java.util.concurrent.Executors$RunnableAdapter.call(Executors.java:511)
	at java.util.concurrent.FutureTask.run(FutureTask.java:266)
	at java.util.concurrent.ThreadPoolExecutor.runWorker(ThreadPoolExecutor.java:1149)
	at java.util.concurrent.ThreadPoolExecutor$Worker.run(ThreadPoolExecutor.java:624)
	... 1 more
2021-07-27 15:00:31,242 [Listener at 127.0.0.1/12788] INFO  ha.SCMHAInvocationHandler (SCMHAInvocationHandler.java:invokeRatis(113)) - Invoking method public abstract void org.apache.hadoop.hdds.scm.container.ContainerStateManagerV2.addContainer(org.apache.hadoop.hdds.protocol.proto.HddsProtos$ContainerInfoProto) throws java.io.IOException on target org.apache.hadoop.hdds.scm.ha.SCMRatisServerImpl@3bf5589b, cost 2773.819us
2021-07-27 15:00:31,242 [b07764cb-34df-45d7-9560-8ac949593b7a@group-6D50A358B8D8-StateMachineUpdater] INFO  ha.SCMStateMachine (SCMStateMachine.java:takeSnapshot(290)) - Current Snapshot Index 195, takeSnapshot took 0 ms
2021-07-27 15:00:31,242 [b07764cb-34df-45d7-9560-8ac949593b7a@group-6D50A358B8D8-StateMachineUpdater] INFO  impl.StateMachineUpdater (StateMachineUpdater.java:takeSnapshot(281)) - b07764cb-34df-45d7-9560-8ac949593b7a@group-6D50A358B8D8-StateMachineUpdater: Took a snapshot at index 195
2021-07-27 15:00:31,242 [b07764cb-34df-45d7-9560-8ac949593b7a@group-6D50A358B8D8-StateMachineUpdater] INFO  impl.StateMachineUpdater (StateMachineUpdater.java:lambda$new$0(89)) - b07764cb-34df-45d7-9560-8ac949593b7a@group-6D50A358B8D8-StateMachineUpdater: snapshotIndex: updateIncreasingly 190 -> 195
2021-07-27 15:00:31,242 [b07764cb-34df-45d7-9560-8ac949593b7a@group-6D50A358B8D8-StateMachineUpdater] INFO  raftlog.RaftLog (RaftLogBase.java:purge(306)) - b07764cb-34df-45d7-9560-8ac949593b7a@group-6D50A358B8D8-SegmentedRaftLog: purge 195
2021-07-27 15:00:31,242 [b07764cb-34df-45d7-9560-8ac949593b7a@group-6D50A358B8D8-StateMachineUpdater] INFO  raftlog.RaftLog (RaftLogBase.java:lambda$new$0(53)) - b07764cb-34df-45d7-9560-8ac949593b7a@group-6D50A358B8D8-SegmentedRaftLog: snapshotIndex: updateIncreasingly 190 -> 195
2021-07-27 15:00:31,242 [b07764cb-34df-45d7-9560-8ac949593b7a@group-6D50A358B8D8-StateMachineUpdater] INFO  raftlog.RaftLog (RaftLogBase.java:lambda$new$0(53)) - b07764cb-34df-45d7-9560-8ac949593b7a@group-6D50A358B8D8-SegmentedRaftLog: purgeIndex: updateToMax old=190, new=195, updated? true
2021-07-27 15:00:31,244 [112e9cde-9cb9-43e4-9ef1-6a6d7fd9222c@group-6D50A358B8D8-StateMachineUpdater] INFO  safemode.HealthyPipelineSafeModeRule (HealthyPipelineSafeModeRule.java:initializeRule(152)) - Refreshed total pipeline count is 1, healthy pipeline threshold count is 1
2021-07-27 15:00:31,244 [112e9cde-9cb9-43e4-9ef1-6a6d7fd9222c@group-6D50A358B8D8-StateMachineUpdater] INFO  ha.SCMStateMachine (SCMStateMachine.java:takeSnapshot(290)) - Current Snapshot Index 195, takeSnapshot took 0 ms
2021-07-27 15:00:31,244 [112e9cde-9cb9-43e4-9ef1-6a6d7fd9222c@group-6D50A358B8D8-StateMachineUpdater] INFO  impl.StateMachineUpdater (StateMachineUpdater.java:takeSnapshot(281)) - 112e9cde-9cb9-43e4-9ef1-6a6d7fd9222c@group-6D50A358B8D8-StateMachineUpdater: Took a snapshot at index 195
2021-07-27 15:00:31,244 [112e9cde-9cb9-43e4-9ef1-6a6d7fd9222c@group-6D50A358B8D8-StateMachineUpdater] INFO  impl.StateMachineUpdater (StateMachineUpdater.java:lambda$new$0(89)) - 112e9cde-9cb9-43e4-9ef1-6a6d7fd9222c@group-6D50A358B8D8-StateMachineUpdater: snapshotIndex: updateIncreasingly 190 -> 195
2021-07-27 15:00:31,244 [112e9cde-9cb9-43e4-9ef1-6a6d7fd9222c@group-6D50A358B8D8-StateMachineUpdater] INFO  raftlog.RaftLog (RaftLogBase.java:purge(306)) - 112e9cde-9cb9-43e4-9ef1-6a6d7fd9222c@group-6D50A358B8D8-SegmentedRaftLog: purge 195
2021-07-27 15:00:31,244 [112e9cde-9cb9-43e4-9ef1-6a6d7fd9222c@group-6D50A358B8D8-StateMachineUpdater] INFO  raftlog.RaftLog (RaftLogBase.java:lambda$new$0(53)) - 112e9cde-9cb9-43e4-9ef1-6a6d7fd9222c@group-6D50A358B8D8-SegmentedRaftLog: snapshotIndex: updateIncreasingly 190 -> 195
2021-07-27 15:00:31,244 [112e9cde-9cb9-43e4-9ef1-6a6d7fd9222c@group-6D50A358B8D8-StateMachineUpdater] INFO  raftlog.RaftLog (RaftLogBase.java:lambda$new$0(53)) - 112e9cde-9cb9-43e4-9ef1-6a6d7fd9222c@group-6D50A358B8D8-SegmentedRaftLog: purgeIndex: updateToMax old=190, new=195, updated? true
2021-07-27 15:00:31,345 [Listener at 127.0.0.1/12788] INFO  ha.SCMHAInvocationHandler (SCMHAInvocationHandler.java:invokeRatis(113)) - Invoking method public abstract void org.apache.hadoop.hdds.scm.container.ContainerStateManagerV2.addContainer(org.apache.hadoop.hdds.protocol.proto.HddsProtos$ContainerInfoProto) throws java.io.IOException on target org.apache.hadoop.hdds.scm.ha.SCMRatisServerImpl@3bf5589b, cost 3188.421us
2021-07-27 15:00:31,347 [112e9cde-9cb9-43e4-9ef1-6a6d7fd9222c@group-6D50A358B8D8-StateMachineUpdater] INFO  safemode.HealthyPipelineSafeModeRule (HealthyPipelineSafeModeRule.java:initializeRule(152)) - Refreshed total pipeline count is 1, healthy pipeline threshold count is 1
2021-07-27 15:00:31,453 [Listener at 127.0.0.1/12788] INFO  ha.SCMHAInvocationHandler (SCMHAInvocationHandler.java:invokeRatis(113)) - Invoking method public abstract void org.apache.hadoop.hdds.scm.container.ContainerStateManagerV2.addContainer(org.apache.hadoop.hdds.protocol.proto.HddsProtos$ContainerInfoProto) throws java.io.IOException on target org.apache.hadoop.hdds.scm.ha.SCMRatisServerImpl@3bf5589b, cost 7596.052us
2021-07-27 15:00:31,455 [112e9cde-9cb9-43e4-9ef1-6a6d7fd9222c@group-6D50A358B8D8-StateMachineUpdater] INFO  safemode.HealthyPipelineSafeModeRule (HealthyPipelineSafeModeRule.java:initializeRule(152)) - Refreshed total pipeline count is 1, healthy pipeline threshold count is 1
2021-07-27 15:00:31,456 [b07764cb-34df-45d7-9560-8ac949593b7a@group-6D50A358B8D8-StateMachineUpdater] INFO  ha.SCMStateMachine (SCMStateMachine.java:takeSnapshot(290)) - Current Snapshot Index 200, takeSnapshot took 0 ms
2021-07-27 15:00:31,456 [b07764cb-34df-45d7-9560-8ac949593b7a@group-6D50A358B8D8-StateMachineUpdater] INFO  impl.StateMachineUpdater (StateMachineUpdater.java:takeSnapshot(281)) - b07764cb-34df-45d7-9560-8ac949593b7a@group-6D50A358B8D8-StateMachineUpdater: Took a snapshot at index 200
2021-07-27 15:00:31,456 [b07764cb-34df-45d7-9560-8ac949593b7a@group-6D50A358B8D8-StateMachineUpdater] INFO  impl.StateMachineUpdater (StateMachineUpdater.java:lambda$new$0(89)) - b07764cb-34df-45d7-9560-8ac949593b7a@group-6D50A358B8D8-StateMachineUpdater: snapshotIndex: updateIncreasingly 195 -> 200
2021-07-27 15:00:31,456 [b07764cb-34df-45d7-9560-8ac949593b7a@group-6D50A358B8D8-StateMachineUpdater] INFO  raftlog.RaftLog (RaftLogBase.java:purge(306)) - b07764cb-34df-45d7-9560-8ac949593b7a@group-6D50A358B8D8-SegmentedRaftLog: purge 200
2021-07-27 15:00:31,456 [b07764cb-34df-45d7-9560-8ac949593b7a@group-6D50A358B8D8-StateMachineUpdater] INFO  raftlog.RaftLog (RaftLogBase.java:lambda$new$0(53)) - b07764cb-34df-45d7-9560-8ac949593b7a@group-6D50A358B8D8-SegmentedRaftLog: snapshotIndex: updateIncreasingly 195 -> 200
2021-07-27 15:00:31,456 [b07764cb-34df-45d7-9560-8ac949593b7a@group-6D50A358B8D8-StateMachineUpdater] INFO  raftlog.RaftLog (RaftLogBase.java:lambda$new$0(53)) - b07764cb-34df-45d7-9560-8ac949593b7a@group-6D50A358B8D8-SegmentedRaftLog: purgeIndex: updateToMax old=195, new=200, updated? true
2021-07-27 15:00:31,557 [112e9cde-9cb9-43e4-9ef1-6a6d7fd9222c@group-6D50A358B8D8-StateMachineUpdater] INFO  ha.SCMStateMachine (SCMStateMachine.java:takeSnapshot(290)) - Current Snapshot Index 200, takeSnapshot took 0 ms
2021-07-27 15:00:31,557 [112e9cde-9cb9-43e4-9ef1-6a6d7fd9222c@group-6D50A358B8D8-StateMachineUpdater] INFO  impl.StateMachineUpdater (StateMachineUpdater.java:takeSnapshot(281)) - 112e9cde-9cb9-43e4-9ef1-6a6d7fd9222c@group-6D50A358B8D8-StateMachineUpdater: Took a snapshot at index 200
2021-07-27 15:00:31,557 [112e9cde-9cb9-43e4-9ef1-6a6d7fd9222c@group-6D50A358B8D8-StateMachineUpdater] INFO  impl.StateMachineUpdater (StateMachineUpdater.java:lambda$new$0(89)) - 112e9cde-9cb9-43e4-9ef1-6a6d7fd9222c@group-6D50A358B8D8-StateMachineUpdater: snapshotIndex: updateIncreasingly 195 -> 200
2021-07-27 15:00:31,557 [112e9cde-9cb9-43e4-9ef1-6a6d7fd9222c@group-6D50A358B8D8-StateMachineUpdater] INFO  raftlog.RaftLog (RaftLogBase.java:purge(306)) - 112e9cde-9cb9-43e4-9ef1-6a6d7fd9222c@group-6D50A358B8D8-SegmentedRaftLog: purge 200
2021-07-27 15:00:31,557 [112e9cde-9cb9-43e4-9ef1-6a6d7fd9222c@group-6D50A358B8D8-StateMachineUpdater] INFO  raftlog.RaftLog (RaftLogBase.java:lambda$new$0(53)) - 112e9cde-9cb9-43e4-9ef1-6a6d7fd9222c@group-6D50A358B8D8-SegmentedRaftLog: snapshotIndex: updateIncreasingly 195 -> 200
2021-07-27 15:00:31,557 [112e9cde-9cb9-43e4-9ef1-6a6d7fd9222c@group-6D50A358B8D8-StateMachineUpdater] INFO  raftlog.RaftLog (RaftLogBase.java:lambda$new$0(53)) - 112e9cde-9cb9-43e4-9ef1-6a6d7fd9222c@group-6D50A358B8D8-SegmentedRaftLog: purgeIndex: updateToMax old=195, new=200, updated? true
2021-07-27 15:00:31,558 [Listener at 127.0.0.1/12788] INFO  ha.SCMHAInvocationHandler (SCMHAInvocationHandler.java:invokeRatis(113)) - Invoking method public abstract void org.apache.hadoop.hdds.scm.container.ContainerStateManagerV2.addContainer(org.apache.hadoop.hdds.protocol.proto.HddsProtos$ContainerInfoProto) throws java.io.IOException on target org.apache.hadoop.hdds.scm.ha.SCMRatisServerImpl@3bf5589b, cost 3656.924us
2021-07-27 15:00:31,560 [112e9cde-9cb9-43e4-9ef1-6a6d7fd9222c@group-6D50A358B8D8-StateMachineUpdater] INFO  safemode.HealthyPipelineSafeModeRule (HealthyPipelineSafeModeRule.java:initializeRule(152)) - Refreshed total pipeline count is 1, healthy pipeline threshold count is 1
2021-07-27 15:00:31,659 [Listener at 127.0.0.1/12788] INFO  server.StorageContainerManager (StorageContainerManager.java:start(1245)) - StorageContainerLocationProtocol RPC server is listening at /0.0.0.0:15439
2021-07-27 15:00:31,659 [Listener at 127.0.0.1/12788] INFO  ha.SCMRatisServerImpl (SCMRatisServerImpl.java:start(170)) - starting ratis server 0.0.0.0:15436
2021-07-27 15:00:31,659 [Listener at 127.0.0.1/12788] INFO  server.RaftServer$Division (RaftServerImpl.java:start(299)) - 5fdc2252-45b1-4cf6-9f05-f5a52225645a@group-6D50A358B8D8: start with initializing state, conf=-1: [], old=null
2021-07-27 15:00:31,660 [Listener at 127.0.0.1/12788] INFO  server.RaftServer$Division (RaftServerImpl.java:setRole(285)) - 5fdc2252-45b1-4cf6-9f05-f5a52225645a@group-6D50A358B8D8: changes role from      null to FOLLOWER at term 0 for startInitializing
2021-07-27 15:00:31,660 [Listener at 127.0.0.1/12788] INFO  util.JmxRegister (JmxRegister.java:tryRegister(44)) - Successfully registered JMX Bean with object name Ratis:service=RaftServer,group=group-6D50A358B8D8,id=5fdc2252-45b1-4cf6-9f05-f5a52225645a
2021-07-27 15:00:31,661 [Listener at 127.0.0.1/12788] INFO  server.RaftServer (RaftServerProxy.java:lambda$start$5(374)) - 5fdc2252-45b1-4cf6-9f05-f5a52225645a: start RPC server
2021-07-27 15:00:31,663 [Listener at 127.0.0.1/12788] INFO  server.GrpcService (GrpcService.java:startImpl(253)) - 5fdc2252-45b1-4cf6-9f05-f5a52225645a: GrpcService started, listening on 15436
2021-07-27 15:00:31,664 [Listener at 127.0.0.1/12788] INFO  ha.SCMNodeInfo (SCMNodeInfo.java:getPort(197)) - ConfigKey ozone.scm.client.address is deprecated, For configuring different ports for each SCM use PortConfigKey ozone.scm.client.port appended with serviceId and nodeId
2021-07-27 15:00:31,664 [Listener at 127.0.0.1/12788] INFO  ha.SCMNodeInfo (SCMNodeInfo.java:getPort(197)) - ConfigKey ozone.scm.block.client.address is deprecated, For configuring different ports for each SCM use PortConfigKey ozone.scm.block.client.port appended with serviceId and nodeId
2021-07-27 15:00:31,664 [Listener at 127.0.0.1/12788] INFO  ha.SCMNodeInfo (SCMNodeInfo.java:getPort(197)) - ConfigKey ozone.scm.datanode.address is deprecated, For configuring different ports for each SCM use PortConfigKey ozone.scm.datanode.port appended with serviceId and nodeId
2021-07-27 15:00:31,664 [Listener at 127.0.0.1/12788] INFO  ha.SCMNodeInfo (SCMNodeInfo.java:getPort(197)) - ConfigKey ozone.scm.client.address is deprecated, For configuring different ports for each SCM use PortConfigKey ozone.scm.client.port appended with serviceId and nodeId
2021-07-27 15:00:31,665 [Listener at 127.0.0.1/12788] INFO  ha.SCMNodeInfo (SCMNodeInfo.java:getPort(197)) - ConfigKey ozone.scm.block.client.address is deprecated, For configuring different ports for each SCM use PortConfigKey ozone.scm.block.client.port appended with serviceId and nodeId
2021-07-27 15:00:31,665 [Listener at 127.0.0.1/12788] INFO  ha.SCMNodeInfo (SCMNodeInfo.java:getPort(197)) - ConfigKey ozone.scm.datanode.address is deprecated, For configuring different ports for each SCM use PortConfigKey ozone.scm.datanode.port appended with serviceId and nodeId
2021-07-27 15:00:31,665 [Listener at 127.0.0.1/12788] INFO  ha.SCMNodeInfo (SCMNodeInfo.java:getPort(197)) - ConfigKey ozone.scm.client.address is deprecated, For configuring different ports for each SCM use PortConfigKey ozone.scm.client.port appended with serviceId and nodeId
2021-07-27 15:00:31,665 [Listener at 127.0.0.1/12788] INFO  ha.SCMNodeInfo (SCMNodeInfo.java:getPort(197)) - ConfigKey ozone.scm.block.client.address is deprecated, For configuring different ports for each SCM use PortConfigKey ozone.scm.block.client.port appended with serviceId and nodeId
2021-07-27 15:00:31,665 [Listener at 127.0.0.1/12788] INFO  ha.SCMNodeInfo (SCMNodeInfo.java:getPort(197)) - ConfigKey ozone.scm.datanode.address is deprecated, For configuring different ports for each SCM use PortConfigKey ozone.scm.datanode.port appended with serviceId and nodeId
2021-07-27 15:00:31,666 [org.apache.ratis.util.JvmPauseMonitor$$Lambda$499/841483227@417cdc6c] INFO  util.JvmPauseMonitor (JvmPauseMonitor.java:run(103)) - JvmPauseMonitor-5fdc2252-45b1-4cf6-9f05-f5a52225645a: Started
2021-07-27 15:00:31,672 [IPC Server handler 0 on default port 15418] INFO  ha.SCMRatisServerImpl (SCMRatisServerImpl.java:addSCM(280)) - b07764cb-34df-45d7-9560-8ac949593b7a: Submitting SetConfiguration request to Ratis server with new SCM peers list: [112e9cde-9cb9-43e4-9ef1-6a6d7fd9222c|rpc:localhost:15426|priority:0, b07764cb-34df-45d7-9560-8ac949593b7a|rpc:localhost:15416|admin:|client:|dataStream:|priority:0, 5fdc2252-45b1-4cf6-9f05-f5a52225645a|rpc:localhost:15436|priority:0]
2021-07-27 15:00:31,672 [IPC Server handler 0 on default port 15418] INFO  server.RaftServer$Division (RaftServerImpl.java:setConfigurationAsync(971)) - b07764cb-34df-45d7-9560-8ac949593b7a@group-6D50A358B8D8: receive setConfiguration SetConfigurationRequest:client-226557C2AF7A->b07764cb-34df-45d7-9560-8ac949593b7a@group-6D50A358B8D8, cid=99, seq=0, RW, null, peers:[112e9cde-9cb9-43e4-9ef1-6a6d7fd9222c|rpc:localhost:15426|priority:0, b07764cb-34df-45d7-9560-8ac949593b7a|rpc:localhost:15416|admin:|client:|dataStream:|priority:0, 5fdc2252-45b1-4cf6-9f05-f5a52225645a|rpc:localhost:15436|priority:0]
2021-07-27 15:00:31,672 [IPC Server handler 0 on default port 15418] INFO  server.RaftServer$Division (LeaderStateImpl.java:startSetConfiguration(345)) - b07764cb-34df-45d7-9560-8ac949593b7a@group-6D50A358B8D8-LeaderStateImpl: startSetConfiguration SetConfigurationRequest:client-226557C2AF7A->b07764cb-34df-45d7-9560-8ac949593b7a@group-6D50A358B8D8, cid=99, seq=0, RW, null, peers:[112e9cde-9cb9-43e4-9ef1-6a6d7fd9222c|rpc:localhost:15426|priority:0, b07764cb-34df-45d7-9560-8ac949593b7a|rpc:localhost:15416|admin:|client:|dataStream:|priority:0, 5fdc2252-45b1-4cf6-9f05-f5a52225645a|rpc:localhost:15436|priority:0]
2021-07-27 15:00:31,672 [IPC Server handler 0 on default port 15418] INFO  server.RaftServerConfigKeys (ConfUtils.java:logGet(44)) - raft.server.log.appender.snapshot.chunk.size.max = 16MB (=16777216) (default)
2021-07-27 15:00:31,672 [IPC Server handler 0 on default port 15418] INFO  server.RaftServerConfigKeys (ConfUtils.java:logGet(44)) - raft.server.log.appender.buffer.byte-limit = 33554432 (custom)
2021-07-27 15:00:31,672 [IPC Server handler 0 on default port 15418] INFO  server.RaftServerConfigKeys (ConfUtils.java:logGet(44)) - raft.server.log.appender.buffer.element-limit = 33554432 (custom)
2021-07-27 15:00:31,983 [IPC Server handler 0 on default port 15418] INFO  grpc.GrpcConfigKeys (ConfUtils.java:logGet(44)) - raft.grpc.server.leader.outstanding.appends.max = 128 (default)
2021-07-27 15:00:31,983 [IPC Server handler 0 on default port 15418] INFO  server.RaftServerConfigKeys (ConfUtils.java:logGet(44)) - raft.server.rpc.request.timeout = 30000ms (custom)
2021-07-27 15:00:31,987 [IPC Server handler 0 on default port 15418] INFO  server.RaftServerConfigKeys (ConfUtils.java:logGet(44)) - raft.server.log.appender.install.snapshot.enabled = false (custom)
2021-07-27 15:00:31,992 [b07764cb-34df-45d7-9560-8ac949593b7a@group-6D50A358B8D8->5fdc2252-45b1-4cf6-9f05-f5a52225645a-GrpcLogAppender-LogAppenderDaemon] INFO  server.GrpcLogAppender (GrpcLogAppender.java:installSnapshot(524)) - b07764cb-34df-45d7-9560-8ac949593b7a@group-6D50A358B8D8->5fdc2252-45b1-4cf6-9f05-f5a52225645a-GrpcLogAppender: followerNextIndex = 0 but logStartIndex = 105, notify follower to install snapshot-(t:2, i:105)
2021-07-27 15:00:32,001 [b07764cb-34df-45d7-9560-8ac949593b7a@group-6D50A358B8D8->5fdc2252-45b1-4cf6-9f05-f5a52225645a-GrpcLogAppender-LogAppenderDaemon] INFO  server.GrpcLogAppender (GrpcLogAppender.java:installSnapshot(532)) - b07764cb-34df-45d7-9560-8ac949593b7a@group-6D50A358B8D8->5fdc2252-45b1-4cf6-9f05-f5a52225645a-GrpcLogAppender: send b07764cb-34df-45d7-9560-8ac949593b7a->5fdc2252-45b1-4cf6-9f05-f5a52225645a#0-t2,notify:(t:2, i:105)
2021-07-27 15:00:32,010 [grpc-default-executor-3] INFO  server.RaftServer$Division (RaftServerImpl.java:installSnapshot(1329)) - 5fdc2252-45b1-4cf6-9f05-f5a52225645a@group-6D50A358B8D8: receive installSnapshot: b07764cb-34df-45d7-9560-8ac949593b7a->5fdc2252-45b1-4cf6-9f05-f5a52225645a#0-t2,notify:(t:2, i:105)
2021-07-27 15:00:32,012 [grpc-default-executor-3] INFO  ha.SCMStateMachine (SCMStateMachine.java:notifyLeaderChanged(248)) - leader changed, yet current SCM is still follower.
2021-07-27 15:00:32,012 [grpc-default-executor-3] INFO  server.RaftServer$Division (ServerState.java:setLeader(285)) - 5fdc2252-45b1-4cf6-9f05-f5a52225645a@group-6D50A358B8D8: change Leader from null to b07764cb-34df-45d7-9560-8ac949593b7a at term 2 for installSnapshot, leader elected after 29012ms
2021-07-27 15:00:32,015 [grpc-default-executor-3] INFO  server.RaftServer$Division (RaftServerImpl.java:notifyStateMachineToInstallSnapshot(1581)) - 5fdc2252-45b1-4cf6-9f05-f5a52225645a@group-6D50A358B8D8: notifyInstallSnapshot: nextIndex is 0 but the leader's first available index is 105.
2021-07-27 15:00:32,016 [grpc-default-executor-3] INFO  ha.SCMStateMachine (SCMStateMachine.java:notifyInstallSnapshotFromLeader(212)) - Received install snapshot notification from SCM leader: localhost:15416 with term index: (t:2, i:105)
2021-07-27 15:00:32,016 [pool-55-thread-1] INFO  ha.SCMHAManagerImpl (SCMHAManagerImpl.java:getDBCheckpointFromLeader(206)) - Downloading checkpoint from leader SCM scmNode-1 and reloading state from the checkpoint.
2021-07-27 15:00:32,028 [grpc-default-executor-3] INFO  server.RaftServer$Division (RaftServerImpl.java:installSnapshotImpl(1459)) - 5fdc2252-45b1-4cf6-9f05-f5a52225645a@group-6D50A358B8D8: set new configuration index: 5
configurationEntry {
  peers {
    id: "112e9cde-9cb9-43e4-9ef1-6a6d7fd9222c"
    address: "localhost:15426"
  }
  peers {
    id: "b07764cb-34df-45d7-9560-8ac949593b7a"
    address: "localhost:15416"
  }
}
 from snapshot
2021-07-27 15:00:32,029 [grpc-default-executor-3] INFO  server.RaftServer$Division (ServerState.java:setRaftConf(387)) - 5fdc2252-45b1-4cf6-9f05-f5a52225645a@group-6D50A358B8D8: set configuration 5: [112e9cde-9cb9-43e4-9ef1-6a6d7fd9222c|rpc:localhost:15426|admin:|client:|dataStream:|priority:0, b07764cb-34df-45d7-9560-8ac949593b7a|rpc:localhost:15416|admin:|client:|dataStream:|priority:0], old=null
2021-07-27 15:00:32,030 [grpc-default-executor-3] INFO  server.RaftServer$Division (RaftServerImpl.java:installSnapshot(1340)) - 5fdc2252-45b1-4cf6-9f05-f5a52225645a@group-6D50A358B8D8: reply installSnapshot: b07764cb-34df-45d7-9560-8ac949593b7a<-5fdc2252-45b1-4cf6-9f05-f5a52225645a#0:FAIL-t0,IN_PROGRESS
2021-07-27 15:00:32,031 [grpc-default-executor-3] INFO  server.GrpcServerProtocolService (GrpcServerProtocolService.java:onCompleted(140)) - 5fdc2252-45b1-4cf6-9f05-f5a52225645a: Completed INSTALL_SNAPSHOT, lastRequest: b07764cb-34df-45d7-9560-8ac949593b7a->5fdc2252-45b1-4cf6-9f05-f5a52225645a#0-t2,notify:(t:2, i:105)
2021-07-27 15:00:32,032 [grpc-default-executor-1] INFO  server.GrpcLogAppender (GrpcLogAppender.java:onNext(400)) - b07764cb-34df-45d7-9560-8ac949593b7a@group-6D50A358B8D8->5fdc2252-45b1-4cf6-9f05-f5a52225645a-InstallSnapshotResponseHandler: received the first reply b07764cb-34df-45d7-9560-8ac949593b7a<-5fdc2252-45b1-4cf6-9f05-f5a52225645a#0:FAIL-t0,IN_PROGRESS
2021-07-27 15:00:32,034 [grpc-default-executor-1] INFO  server.GrpcLogAppender (GrpcLogAppender.java:onNext(417)) - b07764cb-34df-45d7-9560-8ac949593b7a@group-6D50A358B8D8->5fdc2252-45b1-4cf6-9f05-f5a52225645a-InstallSnapshotResponseHandler: InstallSnapshot in progress.
2021-07-27 15:00:32,035 [b07764cb-34df-45d7-9560-8ac949593b7a@group-6D50A358B8D8->5fdc2252-45b1-4cf6-9f05-f5a52225645a-GrpcLogAppender-LogAppenderDaemon] INFO  server.GrpcLogAppender (GrpcLogAppender.java:installSnapshot(524)) - b07764cb-34df-45d7-9560-8ac949593b7a@group-6D50A358B8D8->5fdc2252-45b1-4cf6-9f05-f5a52225645a-GrpcLogAppender: followerNextIndex = 0 but logStartIndex = 105, notify follower to install snapshot-(t:2, i:105)
2021-07-27 15:00:32,036 [b07764cb-34df-45d7-9560-8ac949593b7a@group-6D50A358B8D8->5fdc2252-45b1-4cf6-9f05-f5a52225645a-GrpcLogAppender-LogAppenderDaemon] INFO  server.GrpcLogAppender (GrpcLogAppender.java:installSnapshot(532)) - b07764cb-34df-45d7-9560-8ac949593b7a@group-6D50A358B8D8->5fdc2252-45b1-4cf6-9f05-f5a52225645a-GrpcLogAppender: send b07764cb-34df-45d7-9560-8ac949593b7a->5fdc2252-45b1-4cf6-9f05-f5a52225645a#0-t2,notify:(t:2, i:105)
2021-07-27 15:00:32,036 [grpc-default-executor-3] INFO  ha.SCMDBCheckpointProvider (SCMDBCheckpointProvider.java:writeDBCheckPointToSream(48)) - Received request to obtain SCM DB checkpoint snapshot
2021-07-27 15:00:32,040 [grpc-default-executor-1] INFO  impl.RoleInfo (RoleInfo.java:updateAndGet(130)) - 5fdc2252-45b1-4cf6-9f05-f5a52225645a: start 5fdc2252-45b1-4cf6-9f05-f5a52225645a@group-6D50A358B8D8-FollowerState
2021-07-27 15:00:32,040 [grpc-default-executor-0] INFO  server.RaftServer$Division (RaftServerImpl.java:installSnapshot(1329)) - 5fdc2252-45b1-4cf6-9f05-f5a52225645a@group-6D50A358B8D8: receive installSnapshot: b07764cb-34df-45d7-9560-8ac949593b7a->5fdc2252-45b1-4cf6-9f05-f5a52225645a#0-t2,notify:(t:2, i:105)
2021-07-27 15:00:32,043 [grpc-default-executor-1] INFO  server.RaftServer$Division (RaftServerImpl.java:checkInconsistentAppendEntries(1293)) - 5fdc2252-45b1-4cf6-9f05-f5a52225645a@group-6D50A358B8D8: Failed appendEntries as snapshot ((t:2, i:105)) installation is in progress
2021-07-27 15:00:32,043 [grpc-default-executor-1] INFO  server.RaftServer$Division (RaftServerImpl.java:checkInconsistentAppendEntries(1285)) - 5fdc2252-45b1-4cf6-9f05-f5a52225645a@group-6D50A358B8D8: inconsistency entries. Reply:b07764cb-34df-45d7-9560-8ac949593b7a<-5fdc2252-45b1-4cf6-9f05-f5a52225645a#0:FAIL-t2,INCONSISTENCY,nextIndex=0,followerCommit=-1
2021-07-27 15:00:32,044 [grpc-default-executor-0] INFO  server.RaftServer$Division (RaftServerImpl.java:notifyStateMachineToInstallSnapshot(1611)) - 5fdc2252-45b1-4cf6-9f05-f5a52225645a@group-6D50A358B8D8: Snapshot Installation by StateMachine is in progress.
2021-07-27 15:00:32,044 [grpc-default-executor-0] INFO  server.RaftServer$Division (RaftServerImpl.java:installSnapshotImpl(1459)) - 5fdc2252-45b1-4cf6-9f05-f5a52225645a@group-6D50A358B8D8: set new configuration index: 5
configurationEntry {
  peers {
    id: "112e9cde-9cb9-43e4-9ef1-6a6d7fd9222c"
    address: "localhost:15426"
  }
  peers {
    id: "b07764cb-34df-45d7-9560-8ac949593b7a"
    address: "localhost:15416"
  }
}
 from snapshot
2021-07-27 15:00:32,044 [grpc-default-executor-0] INFO  server.RaftServer$Division (ServerState.java:setRaftConf(387)) - 5fdc2252-45b1-4cf6-9f05-f5a52225645a@group-6D50A358B8D8: set configuration 5: [112e9cde-9cb9-43e4-9ef1-6a6d7fd9222c|rpc:localhost:15426|admin:|client:|dataStream:|priority:0, b07764cb-34df-45d7-9560-8ac949593b7a|rpc:localhost:15416|admin:|client:|dataStream:|priority:0], old=null
2021-07-27 15:00:32,044 [grpc-default-executor-0] INFO  server.RaftServer$Division (RaftServerImpl.java:installSnapshot(1340)) - 5fdc2252-45b1-4cf6-9f05-f5a52225645a@group-6D50A358B8D8: reply installSnapshot: b07764cb-34df-45d7-9560-8ac949593b7a<-5fdc2252-45b1-4cf6-9f05-f5a52225645a#0:FAIL-t2,IN_PROGRESS
2021-07-27 15:00:32,044 [grpc-default-executor-0] INFO  server.GrpcServerProtocolService (GrpcServerProtocolService.java:onCompleted(140)) - 5fdc2252-45b1-4cf6-9f05-f5a52225645a: Completed INSTALL_SNAPSHOT, lastRequest: b07764cb-34df-45d7-9560-8ac949593b7a->5fdc2252-45b1-4cf6-9f05-f5a52225645a#0-t2,notify:(t:2, i:105)
2021-07-27 15:00:32,045 [grpc-default-executor-1] INFO  leader.FollowerInfo (FollowerInfoImpl.java:lambda$new$0(46)) - b07764cb-34df-45d7-9560-8ac949593b7a@group-6D50A358B8D8->5fdc2252-45b1-4cf6-9f05-f5a52225645a: nextIndex: updateUnconditionally 0 -> 0
2021-07-27 15:00:32,045 [grpc-default-executor-1] INFO  server.GrpcLogAppender (GrpcLogAppender.java:onNext(400)) - b07764cb-34df-45d7-9560-8ac949593b7a@group-6D50A358B8D8->5fdc2252-45b1-4cf6-9f05-f5a52225645a-InstallSnapshotResponseHandler: received a reply b07764cb-34df-45d7-9560-8ac949593b7a<-5fdc2252-45b1-4cf6-9f05-f5a52225645a#0:FAIL-t2,IN_PROGRESS
2021-07-27 15:00:32,046 [grpc-default-executor-1] INFO  server.GrpcLogAppender (GrpcLogAppender.java:onNext(417)) - b07764cb-34df-45d7-9560-8ac949593b7a@group-6D50A358B8D8->5fdc2252-45b1-4cf6-9f05-f5a52225645a-InstallSnapshotResponseHandler: InstallSnapshot in progress.
2021-07-27 15:00:32,047 [b07764cb-34df-45d7-9560-8ac949593b7a@group-6D50A358B8D8->5fdc2252-45b1-4cf6-9f05-f5a52225645a-GrpcLogAppender-LogAppenderDaemon] INFO  server.GrpcLogAppender (GrpcLogAppender.java:installSnapshot(524)) - b07764cb-34df-45d7-9560-8ac949593b7a@group-6D50A358B8D8->5fdc2252-45b1-4cf6-9f05-f5a52225645a-GrpcLogAppender: followerNextIndex = 0 but logStartIndex = 105, notify follower to install snapshot-(t:2, i:105)
2021-07-27 15:00:32,047 [b07764cb-34df-45d7-9560-8ac949593b7a@group-6D50A358B8D8->5fdc2252-45b1-4cf6-9f05-f5a52225645a-GrpcLogAppender-LogAppenderDaemon] INFO  server.GrpcLogAppender (GrpcLogAppender.java:installSnapshot(532)) - b07764cb-34df-45d7-9560-8ac949593b7a@group-6D50A358B8D8->5fdc2252-45b1-4cf6-9f05-f5a52225645a-GrpcLogAppender: send b07764cb-34df-45d7-9560-8ac949593b7a->5fdc2252-45b1-4cf6-9f05-f5a52225645a#0-t2,notify:(t:2, i:105)
2021-07-27 15:00:32,048 [grpc-default-executor-0] INFO  server.RaftServer$Division (RaftServerImpl.java:checkInconsistentAppendEntries(1293)) - 5fdc2252-45b1-4cf6-9f05-f5a52225645a@group-6D50A358B8D8: Failed appendEntries as snapshot ((t:2, i:105)) installation is in progress
2021-07-27 15:00:32,048 [grpc-default-executor-0] INFO  server.RaftServer$Division (RaftServerImpl.java:checkInconsistentAppendEntries(1285)) - 5fdc2252-45b1-4cf6-9f05-f5a52225645a@group-6D50A358B8D8: inconsistency entries. Reply:b07764cb-34df-45d7-9560-8ac949593b7a<-5fdc2252-45b1-4cf6-9f05-f5a52225645a#1:FAIL-t2,INCONSISTENCY,nextIndex=0,followerCommit=-1
2021-07-27 15:00:32,049 [grpc-default-executor-1] INFO  server.RaftServer$Division (RaftServerImpl.java:installSnapshot(1329)) - 5fdc2252-45b1-4cf6-9f05-f5a52225645a@group-6D50A358B8D8: receive installSnapshot: b07764cb-34df-45d7-9560-8ac949593b7a->5fdc2252-45b1-4cf6-9f05-f5a52225645a#0-t2,notify:(t:2, i:105)
2021-07-27 15:00:32,049 [grpc-default-executor-1] INFO  server.RaftServer$Division (RaftServerImpl.java:notifyStateMachineToInstallSnapshot(1611)) - 5fdc2252-45b1-4cf6-9f05-f5a52225645a@group-6D50A358B8D8: Snapshot Installation by StateMachine is in progress.
2021-07-27 15:00:32,049 [grpc-default-executor-1] INFO  server.RaftServer$Division (RaftServerImpl.java:installSnapshotImpl(1459)) - 5fdc2252-45b1-4cf6-9f05-f5a52225645a@group-6D50A358B8D8: set new configuration index: 5
configurationEntry {
  peers {
    id: "112e9cde-9cb9-43e4-9ef1-6a6d7fd9222c"
    address: "localhost:15426"
  }
  peers {
    id: "b07764cb-34df-45d7-9560-8ac949593b7a"
    address: "localhost:15416"
  }
}
 from snapshot
2021-07-27 15:00:32,049 [grpc-default-executor-1] INFO  server.RaftServer$Division (ServerState.java:setRaftConf(387)) - 5fdc2252-45b1-4cf6-9f05-f5a52225645a@group-6D50A358B8D8: set configuration 5: [112e9cde-9cb9-43e4-9ef1-6a6d7fd9222c|rpc:localhost:15426|admin:|client:|dataStream:|priority:0, b07764cb-34df-45d7-9560-8ac949593b7a|rpc:localhost:15416|admin:|client:|dataStream:|priority:0], old=null
2021-07-27 15:00:32,049 [grpc-default-executor-0] INFO  leader.FollowerInfo (FollowerInfoImpl.java:lambda$new$0(46)) - b07764cb-34df-45d7-9560-8ac949593b7a@group-6D50A358B8D8->5fdc2252-45b1-4cf6-9f05-f5a52225645a: nextIndex: updateUnconditionally 0 -> 0
2021-07-27 15:00:32,050 [grpc-default-executor-3] INFO  db.RDBCheckpointManager (RDBCheckpointManager.java:createCheckpoint(86)) - Created checkpoint at /home/runner/work/ozone/ozone/mnt/ozone/hadoop-ozone/integration-test/target/test-dir/MiniOzoneClusterImpl-1c236c99-c7c8-4b90-98b3-6d50a358b8d8/scmNode-1/db.checkpoints/scm.db_checkpoint_1627398032036 in 14 milliseconds
2021-07-27 15:00:32,052 [grpc-default-executor-1] INFO  server.RaftServer$Division (RaftServerImpl.java:installSnapshot(1340)) - 5fdc2252-45b1-4cf6-9f05-f5a52225645a@group-6D50A358B8D8: reply installSnapshot: b07764cb-34df-45d7-9560-8ac949593b7a<-5fdc2252-45b1-4cf6-9f05-f5a52225645a#0:FAIL-t2,IN_PROGRESS
2021-07-27 15:00:32,052 [grpc-default-executor-1] INFO  server.GrpcServerProtocolService (GrpcServerProtocolService.java:onCompleted(140)) - 5fdc2252-45b1-4cf6-9f05-f5a52225645a: Completed INSTALL_SNAPSHOT, lastRequest: b07764cb-34df-45d7-9560-8ac949593b7a->5fdc2252-45b1-4cf6-9f05-f5a52225645a#0-t2,notify:(t:2, i:105)
2021-07-27 15:00:32,058 [grpc-default-executor-1] INFO  server.GrpcLogAppender (GrpcLogAppender.java:onNext(400)) - b07764cb-34df-45d7-9560-8ac949593b7a@group-6D50A358B8D8->5fdc2252-45b1-4cf6-9f05-f5a52225645a-InstallSnapshotResponseHandler: received a reply b07764cb-34df-45d7-9560-8ac949593b7a<-5fdc2252-45b1-4cf6-9f05-f5a52225645a#0:FAIL-t2,IN_PROGRESS
2021-07-27 15:00:32,058 [grpc-default-executor-1] INFO  server.GrpcLogAppender (GrpcLogAppender.java:onNext(417)) - b07764cb-34df-45d7-9560-8ac949593b7a@group-6D50A358B8D8->5fdc2252-45b1-4cf6-9f05-f5a52225645a-InstallSnapshotResponseHandler: InstallSnapshot in progress.
2021-07-27 15:00:32,059 [b07764cb-34df-45d7-9560-8ac949593b7a@group-6D50A358B8D8->5fdc2252-45b1-4cf6-9f05-f5a52225645a-GrpcLogAppender-LogAppenderDaemon] INFO  server.GrpcLogAppender (GrpcLogAppender.java:installSnapshot(524)) - b07764cb-34df-45d7-9560-8ac949593b7a@group-6D50A358B8D8->5fdc2252-45b1-4cf6-9f05-f5a52225645a-GrpcLogAppender: followerNextIndex = 0 but logStartIndex = 105, notify follower to install snapshot-(t:2, i:105)
2021-07-27 15:00:32,059 [b07764cb-34df-45d7-9560-8ac949593b7a@group-6D50A358B8D8->5fdc2252-45b1-4cf6-9f05-f5a52225645a-GrpcLogAppender-LogAppenderDaemon] INFO  server.GrpcLogAppender (GrpcLogAppender.java:installSnapshot(532)) - b07764cb-34df-45d7-9560-8ac949593b7a@group-6D50A358B8D8->5fdc2252-45b1-4cf6-9f05-f5a52225645a-GrpcLogAppender: send b07764cb-34df-45d7-9560-8ac949593b7a->5fdc2252-45b1-4cf6-9f05-f5a52225645a#0-t2,notify:(t:2, i:105)
2021-07-27 15:00:32,061 [grpc-default-executor-2] INFO  server.RaftServer$Division (RaftServerImpl.java:checkInconsistentAppendEntries(1293)) - 5fdc2252-45b1-4cf6-9f05-f5a52225645a@group-6D50A358B8D8: Failed appendEntries as snapshot ((t:2, i:105)) installation is in progress
2021-07-27 15:00:32,061 [grpc-default-executor-2] INFO  server.RaftServer$Division (RaftServerImpl.java:checkInconsistentAppendEntries(1285)) - 5fdc2252-45b1-4cf6-9f05-f5a52225645a@group-6D50A358B8D8: inconsistency entries. Reply:b07764cb-34df-45d7-9560-8ac949593b7a<-5fdc2252-45b1-4cf6-9f05-f5a52225645a#2:FAIL-t2,INCONSISTENCY,nextIndex=0,followerCommit=-1
2021-07-27 15:00:32,061 [grpc-default-executor-1] INFO  server.RaftServer$Division (RaftServerImpl.java:installSnapshot(1329)) - 5fdc2252-45b1-4cf6-9f05-f5a52225645a@group-6D50A358B8D8: receive installSnapshot: b07764cb-34df-45d7-9560-8ac949593b7a->5fdc2252-45b1-4cf6-9f05-f5a52225645a#0-t2,notify:(t:2, i:105)
2021-07-27 15:00:32,061 [grpc-default-executor-1] INFO  server.RaftServer$Division (RaftServerImpl.java:notifyStateMachineToInstallSnapshot(1611)) - 5fdc2252-45b1-4cf6-9f05-f5a52225645a@group-6D50A358B8D8: Snapshot Installation by StateMachine is in progress.
2021-07-27 15:00:32,062 [grpc-default-executor-2] INFO  leader.FollowerInfo (FollowerInfoImpl.java:lambda$new$0(46)) - b07764cb-34df-45d7-9560-8ac949593b7a@group-6D50A358B8D8->5fdc2252-45b1-4cf6-9f05-f5a52225645a: nextIndex: updateUnconditionally 0 -> 0
2021-07-27 15:00:32,062 [grpc-default-executor-1] INFO  server.RaftServer$Division (RaftServerImpl.java:installSnapshotImpl(1459)) - 5fdc2252-45b1-4cf6-9f05-f5a52225645a@group-6D50A358B8D8: set new configuration index: 5
configurationEntry {
  peers {
    id: "112e9cde-9cb9-43e4-9ef1-6a6d7fd9222c"
    address: "localhost:15426"
  }
  peers {
    id: "b07764cb-34df-45d7-9560-8ac949593b7a"
    address: "localhost:15416"
  }
}
 from snapshot
2021-07-27 15:00:32,062 [grpc-default-executor-1] INFO  server.RaftServer$Division (ServerState.java:setRaftConf(387)) - 5fdc2252-45b1-4cf6-9f05-f5a52225645a@group-6D50A358B8D8: set configuration 5: [112e9cde-9cb9-43e4-9ef1-6a6d7fd9222c|rpc:localhost:15426|admin:|client:|dataStream:|priority:0, b07764cb-34df-45d7-9560-8ac949593b7a|rpc:localhost:15416|admin:|client:|dataStream:|priority:0], old=null
2021-07-27 15:00:32,062 [grpc-default-executor-1] INFO  server.RaftServer$Division (RaftServerImpl.java:installSnapshot(1340)) - 5fdc2252-45b1-4cf6-9f05-f5a52225645a@group-6D50A358B8D8: reply installSnapshot: b07764cb-34df-45d7-9560-8ac949593b7a<-5fdc2252-45b1-4cf6-9f05-f5a52225645a#0:FAIL-t2,IN_PROGRESS
2021-07-27 15:00:32,063 [grpc-default-executor-1] INFO  server.GrpcServerProtocolService (GrpcServerProtocolService.java:onCompleted(140)) - 5fdc2252-45b1-4cf6-9f05-f5a52225645a: Completed INSTALL_SNAPSHOT, lastRequest: b07764cb-34df-45d7-9560-8ac949593b7a->5fdc2252-45b1-4cf6-9f05-f5a52225645a#0-t2,notify:(t:2, i:105)
2021-07-27 15:00:32,063 [grpc-default-executor-1] INFO  server.GrpcLogAppender (GrpcLogAppender.java:onNext(400)) - b07764cb-34df-45d7-9560-8ac949593b7a@group-6D50A358B8D8->5fdc2252-45b1-4cf6-9f05-f5a52225645a-InstallSnapshotResponseHandler: received a reply b07764cb-34df-45d7-9560-8ac949593b7a<-5fdc2252-45b1-4cf6-9f05-f5a52225645a#0:FAIL-t2,IN_PROGRESS
2021-07-27 15:00:32,063 [grpc-default-executor-1] INFO  server.GrpcLogAppender (GrpcLogAppender.java:onNext(417)) - b07764cb-34df-45d7-9560-8ac949593b7a@group-6D50A358B8D8->5fdc2252-45b1-4cf6-9f05-f5a52225645a-InstallSnapshotResponseHandler: InstallSnapshot in progress.
2021-07-27 15:00:32,064 [b07764cb-34df-45d7-9560-8ac949593b7a@group-6D50A358B8D8->5fdc2252-45b1-4cf6-9f05-f5a52225645a-GrpcLogAppender-LogAppenderDaemon] INFO  server.GrpcLogAppender (GrpcLogAppender.java:installSnapshot(524)) - b07764cb-34df-45d7-9560-8ac949593b7a@group-6D50A358B8D8->5fdc2252-45b1-4cf6-9f05-f5a52225645a-GrpcLogAppender: followerNextIndex = 0 but logStartIndex = 105, notify follower to install snapshot-(t:2, i:105)
2021-07-27 15:00:32,064 [b07764cb-34df-45d7-9560-8ac949593b7a@group-6D50A358B8D8->5fdc2252-45b1-4cf6-9f05-f5a52225645a-GrpcLogAppender-LogAppenderDaemon] INFO  server.GrpcLogAppender (GrpcLogAppender.java:installSnapshot(532)) - b07764cb-34df-45d7-9560-8ac949593b7a@group-6D50A358B8D8->5fdc2252-45b1-4cf6-9f05-f5a52225645a-GrpcLogAppender: send b07764cb-34df-45d7-9560-8ac949593b7a->5fdc2252-45b1-4cf6-9f05-f5a52225645a#0-t2,notify:(t:2, i:105)
2021-07-27 15:00:32,067 [grpc-default-executor-1] INFO  server.RaftServer$Division (RaftServerImpl.java:installSnapshot(1329)) - 5fdc2252-45b1-4cf6-9f05-f5a52225645a@group-6D50A358B8D8: receive installSnapshot: b07764cb-34df-45d7-9560-8ac949593b7a->5fdc2252-45b1-4cf6-9f05-f5a52225645a#0-t2,notify:(t:2, i:105)
2021-07-27 15:00:32,067 [grpc-default-executor-1] INFO  server.RaftServer$Division (RaftServerImpl.java:notifyStateMachineToInstallSnapshot(1611)) - 5fdc2252-45b1-4cf6-9f05-f5a52225645a@group-6D50A358B8D8: Snapshot Installation by StateMachine is in progress.
2021-07-27 15:00:32,067 [grpc-default-executor-2] INFO  server.RaftServer$Division (RaftServerImpl.java:checkInconsistentAppendEntries(1293)) - 5fdc2252-45b1-4cf6-9f05-f5a52225645a@group-6D50A358B8D8: Failed appendEntries as snapshot ((t:2, i:105)) installation is in progress
2021-07-27 15:00:32,067 [grpc-default-executor-2] INFO  server.RaftServer$Division (RaftServerImpl.java:checkInconsistentAppendEntries(1285)) - 5fdc2252-45b1-4cf6-9f05-f5a52225645a@group-6D50A358B8D8: inconsistency entries. Reply:b07764cb-34df-45d7-9560-8ac949593b7a<-5fdc2252-45b1-4cf6-9f05-f5a52225645a#3:FAIL-t2,INCONSISTENCY,nextIndex=0,followerCommit=-1
2021-07-27 15:00:32,068 [grpc-default-executor-2] INFO  leader.FollowerInfo (FollowerInfoImpl.java:lambda$new$0(46)) - b07764cb-34df-45d7-9560-8ac949593b7a@group-6D50A358B8D8->5fdc2252-45b1-4cf6-9f05-f5a52225645a: nextIndex: updateUnconditionally 0 -> 0
2021-07-27 15:00:32,068 [grpc-default-executor-1] INFO  server.RaftServer$Division (RaftServerImpl.java:installSnapshotImpl(1459)) - 5fdc2252-45b1-4cf6-9f05-f5a52225645a@group-6D50A358B8D8: set new configuration index: 5
configurationEntry {
  peers {
    id: "112e9cde-9cb9-43e4-9ef1-6a6d7fd9222c"
    address: "localhost:15426"
  }
  peers {
    id: "b07764cb-34df-45d7-9560-8ac949593b7a"
    address: "localhost:15416"
  }
}
 from snapshot
2021-07-27 15:00:32,068 [grpc-default-executor-1] INFO  server.RaftServer$Division (ServerState.java:setRaftConf(387)) - 5fdc2252-45b1-4cf6-9f05-f5a52225645a@group-6D50A358B8D8: set configuration 5: [112e9cde-9cb9-43e4-9ef1-6a6d7fd9222c|rpc:localhost:15426|admin:|client:|dataStream:|priority:0, b07764cb-34df-45d7-9560-8ac949593b7a|rpc:localhost:15416|admin:|client:|dataStream:|priority:0], old=null
2021-07-27 15:00:32,068 [grpc-default-executor-1] INFO  server.RaftServer$Division (RaftServerImpl.java:installSnapshot(1340)) - 5fdc2252-45b1-4cf6-9f05-f5a52225645a@group-6D50A358B8D8: reply installSnapshot: b07764cb-34df-45d7-9560-8ac949593b7a<-5fdc2252-45b1-4cf6-9f05-f5a52225645a#0:FAIL-t2,IN_PROGRESS
2021-07-27 15:00:32,069 [grpc-default-executor-2] INFO  server.GrpcLogAppender (GrpcLogAppender.java:onNext(400)) - b07764cb-34df-45d7-9560-8ac949593b7a@group-6D50A358B8D8->5fdc2252-45b1-4cf6-9f05-f5a52225645a-InstallSnapshotResponseHandler: received a reply b07764cb-34df-45d7-9560-8ac949593b7a<-5fdc2252-45b1-4cf6-9f05-f5a52225645a#0:FAIL-t2,IN_PROGRESS
2021-07-27 15:00:32,069 [grpc-default-executor-2] INFO  server.GrpcLogAppender (GrpcLogAppender.java:onNext(417)) - b07764cb-34df-45d7-9560-8ac949593b7a@group-6D50A358B8D8->5fdc2252-45b1-4cf6-9f05-f5a52225645a-InstallSnapshotResponseHandler: InstallSnapshot in progress.
2021-07-27 15:00:32,069 [grpc-default-executor-1] INFO  server.GrpcServerProtocolService (GrpcServerProtocolService.java:onCompleted(140)) - 5fdc2252-45b1-4cf6-9f05-f5a52225645a: Completed INSTALL_SNAPSHOT, lastRequest: b07764cb-34df-45d7-9560-8ac949593b7a->5fdc2252-45b1-4cf6-9f05-f5a52225645a#0-t2,notify:(t:2, i:105)
2021-07-27 15:00:32,070 [b07764cb-34df-45d7-9560-8ac949593b7a@group-6D50A358B8D8->5fdc2252-45b1-4cf6-9f05-f5a52225645a-GrpcLogAppender-LogAppenderDaemon] INFO  server.GrpcLogAppender (GrpcLogAppender.java:installSnapshot(524)) - b07764cb-34df-45d7-9560-8ac949593b7a@group-6D50A358B8D8->5fdc2252-45b1-4cf6-9f05-f5a52225645a-GrpcLogAppender: followerNextIndex = 0 but logStartIndex = 105, notify follower to install snapshot-(t:2, i:105)
2021-07-27 15:00:32,070 [b07764cb-34df-45d7-9560-8ac949593b7a@group-6D50A358B8D8->5fdc2252-45b1-4cf6-9f05-f5a52225645a-GrpcLogAppender-LogAppenderDaemon] INFO  server.GrpcLogAppender (GrpcLogAppender.java:installSnapshot(532)) - b07764cb-34df-45d7-9560-8ac949593b7a@group-6D50A358B8D8->5fdc2252-45b1-4cf6-9f05-f5a52225645a-GrpcLogAppender: send b07764cb-34df-45d7-9560-8ac949593b7a->5fdc2252-45b1-4cf6-9f05-f5a52225645a#0-t2,notify:(t:2, i:105)
2021-07-27 15:00:32,071 [grpc-default-executor-1] INFO  server.RaftServer$Division (RaftServerImpl.java:checkInconsistentAppendEntries(1293)) - 5fdc2252-45b1-4cf6-9f05-f5a52225645a@group-6D50A358B8D8: Failed appendEntries as snapshot ((t:2, i:105)) installation is in progress
2021-07-27 15:00:32,071 [grpc-default-executor-1] INFO  server.RaftServer$Division (RaftServerImpl.java:checkInconsistentAppendEntries(1285)) - 5fdc2252-45b1-4cf6-9f05-f5a52225645a@group-6D50A358B8D8: inconsistency entries. Reply:b07764cb-34df-45d7-9560-8ac949593b7a<-5fdc2252-45b1-4cf6-9f05-f5a52225645a#4:FAIL-t2,INCONSISTENCY,nextIndex=0,followerCommit=-1
2021-07-27 15:00:32,071 [grpc-default-executor-0] INFO  leader.FollowerInfo (FollowerInfoImpl.java:lambda$new$0(46)) - b07764cb-34df-45d7-9560-8ac949593b7a@group-6D50A358B8D8->5fdc2252-45b1-4cf6-9f05-f5a52225645a: nextIndex: updateUnconditionally 0 -> 0
2021-07-27 15:00:32,072 [grpc-default-executor-2] INFO  server.RaftServer$Division (RaftServerImpl.java:installSnapshot(1329)) - 5fdc2252-45b1-4cf6-9f05-f5a52225645a@group-6D50A358B8D8: receive installSnapshot: b07764cb-34df-45d7-9560-8ac949593b7a->5fdc2252-45b1-4cf6-9f05-f5a52225645a#0-t2,notify:(t:2, i:105)
2021-07-27 15:00:32,072 [grpc-default-executor-2] INFO  server.RaftServer$Division (RaftServerImpl.java:notifyStateMachineToInstallSnapshot(1611)) - 5fdc2252-45b1-4cf6-9f05-f5a52225645a@group-6D50A358B8D8: Snapshot Installation by StateMachine is in progress.
2021-07-27 15:00:32,072 [grpc-default-executor-2] INFO  server.RaftServer$Division (RaftServerImpl.java:installSnapshotImpl(1459)) - 5fdc2252-45b1-4cf6-9f05-f5a52225645a@group-6D50A358B8D8: set new configuration index: 5
configurationEntry {
  peers {
    id: "112e9cde-9cb9-43e4-9ef1-6a6d7fd9222c"
    address: "localhost:15426"
  }
  peers {
    id: "b07764cb-34df-45d7-9560-8ac949593b7a"
    address: "localhost:15416"
  }
}
 from snapshot
2021-07-27 15:00:32,073 [grpc-default-executor-2] INFO  server.RaftServer$Division (ServerState.java:setRaftConf(387)) - 5fdc2252-45b1-4cf6-9f05-f5a52225645a@group-6D50A358B8D8: set configuration 5: [112e9cde-9cb9-43e4-9ef1-6a6d7fd9222c|rpc:localhost:15426|admin:|client:|dataStream:|priority:0, b07764cb-34df-45d7-9560-8ac949593b7a|rpc:localhost:15416|admin:|client:|dataStream:|priority:0], old=null
2021-07-27 15:00:32,073 [grpc-default-executor-2] INFO  server.RaftServer$Division (RaftServerImpl.java:installSnapshot(1340)) - 5fdc2252-45b1-4cf6-9f05-f5a52225645a@group-6D50A358B8D8: reply installSnapshot: b07764cb-34df-45d7-9560-8ac949593b7a<-5fdc2252-45b1-4cf6-9f05-f5a52225645a#0:FAIL-t2,IN_PROGRESS
2021-07-27 15:00:32,073 [grpc-default-executor-2] INFO  server.GrpcServerProtocolService (GrpcServerProtocolService.java:onCompleted(140)) - 5fdc2252-45b1-4cf6-9f05-f5a52225645a: Completed INSTALL_SNAPSHOT, lastRequest: b07764cb-34df-45d7-9560-8ac949593b7a->5fdc2252-45b1-4cf6-9f05-f5a52225645a#0-t2,notify:(t:2, i:105)
2021-07-27 15:00:32,073 [grpc-default-executor-2] INFO  server.GrpcLogAppender (GrpcLogAppender.java:onNext(400)) - b07764cb-34df-45d7-9560-8ac949593b7a@group-6D50A358B8D8->5fdc2252-45b1-4cf6-9f05-f5a52225645a-InstallSnapshotResponseHandler: received a reply b07764cb-34df-45d7-9560-8ac949593b7a<-5fdc2252-45b1-4cf6-9f05-f5a52225645a#0:FAIL-t2,IN_PROGRESS
2021-07-27 15:00:32,073 [grpc-default-executor-2] INFO  server.GrpcLogAppender (GrpcLogAppender.java:onNext(417)) - b07764cb-34df-45d7-9560-8ac949593b7a@group-6D50A358B8D8->5fdc2252-45b1-4cf6-9f05-f5a52225645a-InstallSnapshotResponseHandler: InstallSnapshot in progress.
2021-07-27 15:00:32,075 [b07764cb-34df-45d7-9560-8ac949593b7a@group-6D50A358B8D8->5fdc2252-45b1-4cf6-9f05-f5a52225645a-GrpcLogAppender-LogAppenderDaemon] INFO  server.GrpcLogAppender (GrpcLogAppender.java:installSnapshot(524)) - b07764cb-34df-45d7-9560-8ac949593b7a@group-6D50A358B8D8->5fdc2252-45b1-4cf6-9f05-f5a52225645a-GrpcLogAppender: followerNextIndex = 0 but logStartIndex = 105, notify follower to install snapshot-(t:2, i:105)
2021-07-27 15:00:32,075 [b07764cb-34df-45d7-9560-8ac949593b7a@group-6D50A358B8D8->5fdc2252-45b1-4cf6-9f05-f5a52225645a-GrpcLogAppender-LogAppenderDaemon] INFO  server.GrpcLogAppender (GrpcLogAppender.java:installSnapshot(532)) - b07764cb-34df-45d7-9560-8ac949593b7a@group-6D50A358B8D8->5fdc2252-45b1-4cf6-9f05-f5a52225645a-GrpcLogAppender: send b07764cb-34df-45d7-9560-8ac949593b7a->5fdc2252-45b1-4cf6-9f05-f5a52225645a#0-t2,notify:(t:2, i:105)
2021-07-27 15:00:32,075 [grpc-default-executor-2] INFO  server.RaftServer$Division (RaftServerImpl.java:checkInconsistentAppendEntries(1293)) - 5fdc2252-45b1-4cf6-9f05-f5a52225645a@group-6D50A358B8D8: Failed appendEntries as snapshot ((t:2, i:105)) installation is in progress
2021-07-27 15:00:32,075 [grpc-default-executor-2] INFO  server.RaftServer$Division (RaftServerImpl.java:checkInconsistentAppendEntries(1285)) - 5fdc2252-45b1-4cf6-9f05-f5a52225645a@group-6D50A358B8D8: inconsistency entries. Reply:b07764cb-34df-45d7-9560-8ac949593b7a<-5fdc2252-45b1-4cf6-9f05-f5a52225645a#5:FAIL-t2,INCONSISTENCY,nextIndex=0,followerCommit=-1
2021-07-27 15:00:32,076 [grpc-default-executor-2] INFO  leader.FollowerInfo (FollowerInfoImpl.java:lambda$new$0(46)) - b07764cb-34df-45d7-9560-8ac949593b7a@group-6D50A358B8D8->5fdc2252-45b1-4cf6-9f05-f5a52225645a: nextIndex: updateUnconditionally 0 -> 0
2021-07-27 15:00:32,077 [grpc-default-executor-0] INFO  server.RaftServer$Division (RaftServerImpl.java:installSnapshot(1329)) - 5fdc2252-45b1-4cf6-9f05-f5a52225645a@group-6D50A358B8D8: receive installSnapshot: b07764cb-34df-45d7-9560-8ac949593b7a->5fdc2252-45b1-4cf6-9f05-f5a52225645a#0-t2,notify:(t:2, i:105)
2021-07-27 15:00:32,077 [grpc-default-executor-0] INFO  server.RaftServer$Division (RaftServerImpl.java:notifyStateMachineToInstallSnapshot(1611)) - 5fdc2252-45b1-4cf6-9f05-f5a52225645a@group-6D50A358B8D8: Snapshot Installation by StateMachine is in progress.
2021-07-27 15:00:32,077 [grpc-default-executor-0] INFO  server.RaftServer$Division (RaftServerImpl.java:installSnapshotImpl(1459)) - 5fdc2252-45b1-4cf6-9f05-f5a52225645a@group-6D50A358B8D8: set new configuration index: 5
configurationEntry {
  peers {
    id: "112e9cde-9cb9-43e4-9ef1-6a6d7fd9222c"
    address: "localhost:15426"
  }
  peers {
    id: "b07764cb-34df-45d7-9560-8ac949593b7a"
    address: "localhost:15416"
  }
}
 from snapshot
2021-07-27 15:00:32,077 [grpc-default-executor-0] INFO  server.RaftServer$Division (ServerState.java:setRaftConf(387)) - 5fdc2252-45b1-4cf6-9f05-f5a52225645a@group-6D50A358B8D8: set configuration 5: [112e9cde-9cb9-43e4-9ef1-6a6d7fd9222c|rpc:localhost:15426|admin:|client:|dataStream:|priority:0, b07764cb-34df-45d7-9560-8ac949593b7a|rpc:localhost:15416|admin:|client:|dataStream:|priority:0], old=null
2021-07-27 15:00:32,077 [grpc-default-executor-0] INFO  server.RaftServer$Division (RaftServerImpl.java:installSnapshot(1340)) - 5fdc2252-45b1-4cf6-9f05-f5a52225645a@group-6D50A358B8D8: reply installSnapshot: b07764cb-34df-45d7-9560-8ac949593b7a<-5fdc2252-45b1-4cf6-9f05-f5a52225645a#0:FAIL-t2,IN_PROGRESS
2021-07-27 15:00:32,077 [grpc-default-executor-0] INFO  server.GrpcServerProtocolService (GrpcServerProtocolService.java:onCompleted(140)) - 5fdc2252-45b1-4cf6-9f05-f5a52225645a: Completed INSTALL_SNAPSHOT, lastRequest: b07764cb-34df-45d7-9560-8ac949593b7a->5fdc2252-45b1-4cf6-9f05-f5a52225645a#0-t2,notify:(t:2, i:105)
2021-07-27 15:00:32,078 [grpc-default-executor-2] INFO  server.GrpcLogAppender (GrpcLogAppender.java:onNext(400)) - b07764cb-34df-45d7-9560-8ac949593b7a@group-6D50A358B8D8->5fdc2252-45b1-4cf6-9f05-f5a52225645a-InstallSnapshotResponseHandler: received a reply b07764cb-34df-45d7-9560-8ac949593b7a<-5fdc2252-45b1-4cf6-9f05-f5a52225645a#0:FAIL-t2,IN_PROGRESS
2021-07-27 15:00:32,078 [grpc-default-executor-2] INFO  server.GrpcLogAppender (GrpcLogAppender.java:onNext(417)) - b07764cb-34df-45d7-9560-8ac949593b7a@group-6D50A358B8D8->5fdc2252-45b1-4cf6-9f05-f5a52225645a-InstallSnapshotResponseHandler: InstallSnapshot in progress.
2021-07-27 15:00:32,079 [b07764cb-34df-45d7-9560-8ac949593b7a@group-6D50A358B8D8->5fdc2252-45b1-4cf6-9f05-f5a52225645a-GrpcLogAppender-LogAppenderDaemon] INFO  server.GrpcLogAppender (GrpcLogAppender.java:installSnapshot(524)) - b07764cb-34df-45d7-9560-8ac949593b7a@group-6D50A358B8D8->5fdc2252-45b1-4cf6-9f05-f5a52225645a-GrpcLogAppender: followerNextIndex = 0 but logStartIndex = 105, notify follower to install snapshot-(t:2, i:105)
2021-07-27 15:00:32,079 [b07764cb-34df-45d7-9560-8ac949593b7a@group-6D50A358B8D8->5fdc2252-45b1-4cf6-9f05-f5a52225645a-GrpcLogAppender-LogAppenderDaemon] INFO  server.GrpcLogAppender (GrpcLogAppender.java:installSnapshot(532)) - b07764cb-34df-45d7-9560-8ac949593b7a@group-6D50A358B8D8->5fdc2252-45b1-4cf6-9f05-f5a52225645a-GrpcLogAppender: send b07764cb-34df-45d7-9560-8ac949593b7a->5fdc2252-45b1-4cf6-9f05-f5a52225645a#0-t2,notify:(t:2, i:105)
2021-07-27 15:00:32,079 [grpc-default-executor-2] INFO  server.RaftServer$Division (RaftServerImpl.java:checkInconsistentAppendEntries(1293)) - 5fdc2252-45b1-4cf6-9f05-f5a52225645a@group-6D50A358B8D8: Failed appendEntries as snapshot ((t:2, i:105)) installation is in progress
2021-07-27 15:00:32,079 [grpc-default-executor-2] INFO  server.RaftServer$Division (RaftServerImpl.java:checkInconsistentAppendEntries(1285)) - 5fdc2252-45b1-4cf6-9f05-f5a52225645a@group-6D50A358B8D8: inconsistency entries. Reply:b07764cb-34df-45d7-9560-8ac949593b7a<-5fdc2252-45b1-4cf6-9f05-f5a52225645a#6:FAIL-t2,INCONSISTENCY,nextIndex=0,followerCommit=-1
2021-07-27 15:00:32,080 [grpc-default-executor-2] INFO  leader.FollowerInfo (FollowerInfoImpl.java:lambda$new$0(46)) - b07764cb-34df-45d7-9560-8ac949593b7a@group-6D50A358B8D8->5fdc2252-45b1-4cf6-9f05-f5a52225645a: nextIndex: updateUnconditionally 0 -> 0
2021-07-27 15:00:32,080 [grpc-default-executor-1] INFO  server.RaftServer$Division (RaftServerImpl.java:installSnapshot(1329)) - 5fdc2252-45b1-4cf6-9f05-f5a52225645a@group-6D50A358B8D8: receive installSnapshot: b07764cb-34df-45d7-9560-8ac949593b7a->5fdc2252-45b1-4cf6-9f05-f5a52225645a#0-t2,notify:(t:2, i:105)
2021-07-27 15:00:32,081 [grpc-default-executor-1] INFO  server.RaftServer$Division (RaftServerImpl.java:notifyStateMachineToInstallSnapshot(1611)) - 5fdc2252-45b1-4cf6-9f05-f5a52225645a@group-6D50A358B8D8: Snapshot Installation by StateMachine is in progress.
2021-07-27 15:00:32,082 [grpc-default-executor-1] INFO  server.RaftServer$Division (RaftServerImpl.java:installSnapshotImpl(1459)) - 5fdc2252-45b1-4cf6-9f05-f5a52225645a@group-6D50A358B8D8: set new configuration index: 5
configurationEntry {
  peers {
    id: "112e9cde-9cb9-43e4-9ef1-6a6d7fd9222c"
    address: "localhost:15426"
  }
  peers {
    id: "b07764cb-34df-45d7-9560-8ac949593b7a"
    address: "localhost:15416"
  }
}
 from snapshot
2021-07-27 15:00:32,082 [grpc-default-executor-1] INFO  server.RaftServer$Division (ServerState.java:setRaftConf(387)) - 5fdc2252-45b1-4cf6-9f05-f5a52225645a@group-6D50A358B8D8: set configuration 5: [112e9cde-9cb9-43e4-9ef1-6a6d7fd9222c|rpc:localhost:15426|admin:|client:|dataStream:|priority:0, b07764cb-34df-45d7-9560-8ac949593b7a|rpc:localhost:15416|admin:|client:|dataStream:|priority:0], old=null
2021-07-27 15:00:32,082 [grpc-default-executor-1] INFO  server.RaftServer$Division (RaftServerImpl.java:installSnapshot(1340)) - 5fdc2252-45b1-4cf6-9f05-f5a52225645a@group-6D50A358B8D8: reply installSnapshot: b07764cb-34df-45d7-9560-8ac949593b7a<-5fdc2252-45b1-4cf6-9f05-f5a52225645a#0:FAIL-t2,IN_PROGRESS
2021-07-27 15:00:32,082 [grpc-default-executor-2] INFO  server.GrpcLogAppender (GrpcLogAppender.java:onNext(400)) - b07764cb-34df-45d7-9560-8ac949593b7a@group-6D50A358B8D8->5fdc2252-45b1-4cf6-9f05-f5a52225645a-InstallSnapshotResponseHandler: received a reply b07764cb-34df-45d7-9560-8ac949593b7a<-5fdc2252-45b1-4cf6-9f05-f5a52225645a#0:FAIL-t2,IN_PROGRESS
2021-07-27 15:00:32,083 [grpc-default-executor-2] INFO  server.GrpcLogAppender (GrpcLogAppender.java:onNext(417)) - b07764cb-34df-45d7-9560-8ac949593b7a@group-6D50A358B8D8->5fdc2252-45b1-4cf6-9f05-f5a52225645a-InstallSnapshotResponseHandler: InstallSnapshot in progress.
2021-07-27 15:00:32,083 [grpc-default-executor-1] INFO  server.GrpcServerProtocolService (GrpcServerProtocolService.java:onCompleted(140)) - 5fdc2252-45b1-4cf6-9f05-f5a52225645a: Completed INSTALL_SNAPSHOT, lastRequest: b07764cb-34df-45d7-9560-8ac949593b7a->5fdc2252-45b1-4cf6-9f05-f5a52225645a#0-t2,notify:(t:2, i:105)
2021-07-27 15:00:32,084 [b07764cb-34df-45d7-9560-8ac949593b7a@group-6D50A358B8D8->5fdc2252-45b1-4cf6-9f05-f5a52225645a-GrpcLogAppender-LogAppenderDaemon] INFO  server.GrpcLogAppender (GrpcLogAppender.java:installSnapshot(524)) - b07764cb-34df-45d7-9560-8ac949593b7a@group-6D50A358B8D8->5fdc2252-45b1-4cf6-9f05-f5a52225645a-GrpcLogAppender: followerNextIndex = 0 but logStartIndex = 105, notify follower to install snapshot-(t:2, i:105)
2021-07-27 15:00:32,084 [b07764cb-34df-45d7-9560-8ac949593b7a@group-6D50A358B8D8->5fdc2252-45b1-4cf6-9f05-f5a52225645a-GrpcLogAppender-LogAppenderDaemon] INFO  server.GrpcLogAppender (GrpcLogAppender.java:installSnapshot(532)) - b07764cb-34df-45d7-9560-8ac949593b7a@group-6D50A358B8D8->5fdc2252-45b1-4cf6-9f05-f5a52225645a-GrpcLogAppender: send b07764cb-34df-45d7-9560-8ac949593b7a->5fdc2252-45b1-4cf6-9f05-f5a52225645a#0-t2,notify:(t:2, i:105)
2021-07-27 15:00:32,084 [grpc-default-executor-2] INFO  server.RaftServer$Division (RaftServerImpl.java:checkInconsistentAppendEntries(1293)) - 5fdc2252-45b1-4cf6-9f05-f5a52225645a@group-6D50A358B8D8: Failed appendEntries as snapshot ((t:2, i:105)) installation is in progress
2021-07-27 15:00:32,084 [grpc-default-executor-2] INFO  server.RaftServer$Division (RaftServerImpl.java:checkInconsistentAppendEntries(1285)) - 5fdc2252-45b1-4cf6-9f05-f5a52225645a@group-6D50A358B8D8: inconsistency entries. Reply:b07764cb-34df-45d7-9560-8ac949593b7a<-5fdc2252-45b1-4cf6-9f05-f5a52225645a#7:FAIL-t2,INCONSISTENCY,nextIndex=0,followerCommit=-1
2021-07-27 15:00:32,085 [grpc-default-executor-2] INFO  leader.FollowerInfo (FollowerInfoImpl.java:lambda$new$0(46)) - b07764cb-34df-45d7-9560-8ac949593b7a@group-6D50A358B8D8->5fdc2252-45b1-4cf6-9f05-f5a52225645a: nextIndex: updateUnconditionally 0 -> 0
2021-07-27 15:00:32,086 [grpc-default-executor-0] INFO  server.RaftServer$Division (RaftServerImpl.java:installSnapshot(1329)) - 5fdc2252-45b1-4cf6-9f05-f5a52225645a@group-6D50A358B8D8: receive installSnapshot: b07764cb-34df-45d7-9560-8ac949593b7a->5fdc2252-45b1-4cf6-9f05-f5a52225645a#0-t2,notify:(t:2, i:105)
2021-07-27 15:00:32,086 [grpc-default-executor-0] INFO  server.RaftServer$Division (RaftServerImpl.java:notifyStateMachineToInstallSnapshot(1611)) - 5fdc2252-45b1-4cf6-9f05-f5a52225645a@group-6D50A358B8D8: Snapshot Installation by StateMachine is in progress.
2021-07-27 15:00:32,086 [grpc-default-executor-0] INFO  server.RaftServer$Division (RaftServerImpl.java:installSnapshotImpl(1459)) - 5fdc2252-45b1-4cf6-9f05-f5a52225645a@group-6D50A358B8D8: set new configuration index: 5
configurationEntry {
  peers {
    id: "112e9cde-9cb9-43e4-9ef1-6a6d7fd9222c"
    address: "localhost:15426"
  }
  peers {
    id: "b07764cb-34df-45d7-9560-8ac949593b7a"
    address: "localhost:15416"
  }
}
 from snapshot
2021-07-27 15:00:32,086 [grpc-default-executor-0] INFO  server.RaftServer$Division (ServerState.java:setRaftConf(387)) - 5fdc2252-45b1-4cf6-9f05-f5a52225645a@group-6D50A358B8D8: set configuration 5: [112e9cde-9cb9-43e4-9ef1-6a6d7fd9222c|rpc:localhost:15426|admin:|client:|dataStream:|priority:0, b07764cb-34df-45d7-9560-8ac949593b7a|rpc:localhost:15416|admin:|client:|dataStream:|priority:0], old=null
2021-07-27 15:00:32,086 [grpc-default-executor-0] INFO  server.RaftServer$Division (RaftServerImpl.java:installSnapshot(1340)) - 5fdc2252-45b1-4cf6-9f05-f5a52225645a@group-6D50A358B8D8: reply installSnapshot: b07764cb-34df-45d7-9560-8ac949593b7a<-5fdc2252-45b1-4cf6-9f05-f5a52225645a#0:FAIL-t2,IN_PROGRESS
2021-07-27 15:00:32,086 [grpc-default-executor-0] INFO  server.GrpcServerProtocolService (GrpcServerProtocolService.java:onCompleted(140)) - 5fdc2252-45b1-4cf6-9f05-f5a52225645a: Completed INSTALL_SNAPSHOT, lastRequest: b07764cb-34df-45d7-9560-8ac949593b7a->5fdc2252-45b1-4cf6-9f05-f5a52225645a#0-t2,notify:(t:2, i:105)
2021-07-27 15:00:32,087 [grpc-default-executor-1] INFO  server.GrpcLogAppender (GrpcLogAppender.java:onNext(400)) - b07764cb-34df-45d7-9560-8ac949593b7a@group-6D50A358B8D8->5fdc2252-45b1-4cf6-9f05-f5a52225645a-InstallSnapshotResponseHandler: received a reply b07764cb-34df-45d7-9560-8ac949593b7a<-5fdc2252-45b1-4cf6-9f05-f5a52225645a#0:FAIL-t2,IN_PROGRESS
2021-07-27 15:00:32,087 [grpc-default-executor-1] INFO  server.GrpcLogAppender (GrpcLogAppender.java:onNext(417)) - b07764cb-34df-45d7-9560-8ac949593b7a@group-6D50A358B8D8->5fdc2252-45b1-4cf6-9f05-f5a52225645a-InstallSnapshotResponseHandler: InstallSnapshot in progress.
2021-07-27 15:00:32,088 [b07764cb-34df-45d7-9560-8ac949593b7a@group-6D50A358B8D8->5fdc2252-45b1-4cf6-9f05-f5a52225645a-GrpcLogAppender-LogAppenderDaemon] INFO  server.GrpcLogAppender (GrpcLogAppender.java:installSnapshot(524)) - b07764cb-34df-45d7-9560-8ac949593b7a@group-6D50A358B8D8->5fdc2252-45b1-4cf6-9f05-f5a52225645a-GrpcLogAppender: followerNextIndex = 0 but logStartIndex = 105, notify follower to install snapshot-(t:2, i:105)
2021-07-27 15:00:32,088 [b07764cb-34df-45d7-9560-8ac949593b7a@group-6D50A358B8D8->5fdc2252-45b1-4cf6-9f05-f5a52225645a-GrpcLogAppender-LogAppenderDaemon] INFO  server.GrpcLogAppender (GrpcLogAppender.java:installSnapshot(532)) - b07764cb-34df-45d7-9560-8ac949593b7a@group-6D50A358B8D8->5fdc2252-45b1-4cf6-9f05-f5a52225645a-GrpcLogAppender: send b07764cb-34df-45d7-9560-8ac949593b7a->5fdc2252-45b1-4cf6-9f05-f5a52225645a#0-t2,notify:(t:2, i:105)
2021-07-27 15:00:32,089 [grpc-default-executor-1] INFO  server.RaftServer$Division (RaftServerImpl.java:checkInconsistentAppendEntries(1293)) - 5fdc2252-45b1-4cf6-9f05-f5a52225645a@group-6D50A358B8D8: Failed appendEntries as snapshot ((t:2, i:105)) installation is in progress
2021-07-27 15:00:32,089 [grpc-default-executor-1] INFO  server.RaftServer$Division (RaftServerImpl.java:checkInconsistentAppendEntries(1285)) - 5fdc2252-45b1-4cf6-9f05-f5a52225645a@group-6D50A358B8D8: inconsistency entries. Reply:b07764cb-34df-45d7-9560-8ac949593b7a<-5fdc2252-45b1-4cf6-9f05-f5a52225645a#8:FAIL-t2,INCONSISTENCY,nextIndex=0,followerCommit=-1
2021-07-27 15:00:32,089 [grpc-default-executor-1] INFO  leader.FollowerInfo (FollowerInfoImpl.java:lambda$new$0(46)) - b07764cb-34df-45d7-9560-8ac949593b7a@group-6D50A358B8D8->5fdc2252-45b1-4cf6-9f05-f5a52225645a: nextIndex: updateUnconditionally 0 -> 0
2021-07-27 15:00:32,090 [grpc-default-executor-2] INFO  server.RaftServer$Division (RaftServerImpl.java:installSnapshot(1329)) - 5fdc2252-45b1-4cf6-9f05-f5a52225645a@group-6D50A358B8D8: receive installSnapshot: b07764cb-34df-45d7-9560-8ac949593b7a->5fdc2252-45b1-4cf6-9f05-f5a52225645a#0-t2,notify:(t:2, i:105)
2021-07-27 15:00:32,090 [grpc-default-executor-2] INFO  server.RaftServer$Division (RaftServerImpl.java:notifyStateMachineToInstallSnapshot(1611)) - 5fdc2252-45b1-4cf6-9f05-f5a52225645a@group-6D50A358B8D8: Snapshot Installation by StateMachine is in progress.
2021-07-27 15:00:32,090 [grpc-default-executor-2] INFO  server.RaftServer$Division (RaftServerImpl.java:installSnapshotImpl(1459)) - 5fdc2252-45b1-4cf6-9f05-f5a52225645a@group-6D50A358B8D8: set new configuration index: 5
configurationEntry {
  peers {
    id: "112e9cde-9cb9-43e4-9ef1-6a6d7fd9222c"
    address: "localhost:15426"
  }
  peers {
    id: "b07764cb-34df-45d7-9560-8ac949593b7a"
    address: "localhost:15416"
  }
}
 from snapshot
2021-07-27 15:00:32,090 [grpc-default-executor-2] INFO  server.RaftServer$Division (ServerState.java:setRaftConf(387)) - 5fdc2252-45b1-4cf6-9f05-f5a52225645a@group-6D50A358B8D8: set configuration 5: [112e9cde-9cb9-43e4-9ef1-6a6d7fd9222c|rpc:localhost:15426|admin:|client:|dataStream:|priority:0, b07764cb-34df-45d7-9560-8ac949593b7a|rpc:localhost:15416|admin:|client:|dataStream:|priority:0], old=null
2021-07-27 15:00:32,090 [grpc-default-executor-2] INFO  server.RaftServer$Division (RaftServerImpl.java:installSnapshot(1340)) - 5fdc2252-45b1-4cf6-9f05-f5a52225645a@group-6D50A358B8D8: reply installSnapshot: b07764cb-34df-45d7-9560-8ac949593b7a<-5fdc2252-45b1-4cf6-9f05-f5a52225645a#0:FAIL-t2,IN_PROGRESS
2021-07-27 15:00:32,091 [grpc-default-executor-2] INFO  server.GrpcServerProtocolService (GrpcServerProtocolService.java:onCompleted(140)) - 5fdc2252-45b1-4cf6-9f05-f5a52225645a: Completed INSTALL_SNAPSHOT, lastRequest: b07764cb-34df-45d7-9560-8ac949593b7a->5fdc2252-45b1-4cf6-9f05-f5a52225645a#0-t2,notify:(t:2, i:105)
2021-07-27 15:00:32,091 [grpc-default-executor-1] INFO  server.GrpcLogAppender (GrpcLogAppender.java:onNext(400)) - b07764cb-34df-45d7-9560-8ac949593b7a@group-6D50A358B8D8->5fdc2252-45b1-4cf6-9f05-f5a52225645a-InstallSnapshotResponseHandler: received a reply b07764cb-34df-45d7-9560-8ac949593b7a<-5fdc2252-45b1-4cf6-9f05-f5a52225645a#0:FAIL-t2,IN_PROGRESS
2021-07-27 15:00:32,091 [grpc-default-executor-1] INFO  server.GrpcLogAppender (GrpcLogAppender.java:onNext(417)) - b07764cb-34df-45d7-9560-8ac949593b7a@group-6D50A358B8D8->5fdc2252-45b1-4cf6-9f05-f5a52225645a-InstallSnapshotResponseHandler: InstallSnapshot in progress.
2021-07-27 15:00:32,092 [b07764cb-34df-45d7-9560-8ac949593b7a@group-6D50A358B8D8->5fdc2252-45b1-4cf6-9f05-f5a52225645a-GrpcLogAppender-LogAppenderDaemon] INFO  server.GrpcLogAppender (GrpcLogAppender.java:installSnapshot(524)) - b07764cb-34df-45d7-9560-8ac949593b7a@group-6D50A358B8D8->5fdc2252-45b1-4cf6-9f05-f5a52225645a-GrpcLogAppender: followerNextIndex = 0 but logStartIndex = 105, notify follower to install snapshot-(t:2, i:105)
2021-07-27 15:00:32,092 [b07764cb-34df-45d7-9560-8ac949593b7a@group-6D50A358B8D8->5fdc2252-45b1-4cf6-9f05-f5a52225645a-GrpcLogAppender-LogAppenderDaemon] INFO  server.GrpcLogAppender (GrpcLogAppender.java:installSnapshot(532)) - b07764cb-34df-45d7-9560-8ac949593b7a@group-6D50A358B8D8->5fdc2252-45b1-4cf6-9f05-f5a52225645a-GrpcLogAppender: send b07764cb-34df-45d7-9560-8ac949593b7a->5fdc2252-45b1-4cf6-9f05-f5a52225645a#0-t2,notify:(t:2, i:105)
2021-07-27 15:00:32,092 [grpc-default-executor-1] INFO  server.RaftServer$Division (RaftServerImpl.java:checkInconsistentAppendEntries(1293)) - 5fdc2252-45b1-4cf6-9f05-f5a52225645a@group-6D50A358B8D8: Failed appendEntries as snapshot ((t:2, i:105)) installation is in progress
2021-07-27 15:00:32,092 [grpc-default-executor-1] INFO  server.RaftServer$Division (RaftServerImpl.java:checkInconsistentAppendEntries(1285)) - 5fdc2252-45b1-4cf6-9f05-f5a52225645a@group-6D50A358B8D8: inconsistency entries. Reply:b07764cb-34df-45d7-9560-8ac949593b7a<-5fdc2252-45b1-4cf6-9f05-f5a52225645a#9:FAIL-t2,INCONSISTENCY,nextIndex=0,followerCommit=-1
2021-07-27 15:00:32,093 [grpc-default-executor-1] INFO  leader.FollowerInfo (FollowerInfoImpl.java:lambda$new$0(46)) - b07764cb-34df-45d7-9560-8ac949593b7a@group-6D50A358B8D8->5fdc2252-45b1-4cf6-9f05-f5a52225645a: nextIndex: updateUnconditionally 0 -> 0
2021-07-27 15:00:32,095 [grpc-default-executor-0] INFO  server.RaftServer$Division (RaftServerImpl.java:installSnapshot(1329)) - 5fdc2252-45b1-4cf6-9f05-f5a52225645a@group-6D50A358B8D8: receive installSnapshot: b07764cb-34df-45d7-9560-8ac949593b7a->5fdc2252-45b1-4cf6-9f05-f5a52225645a#0-t2,notify:(t:2, i:105)
2021-07-27 15:00:32,095 [grpc-default-executor-0] INFO  server.RaftServer$Division (RaftServerImpl.java:notifyStateMachineToInstallSnapshot(1611)) - 5fdc2252-45b1-4cf6-9f05-f5a52225645a@group-6D50A358B8D8: Snapshot Installation by StateMachine is in progress.
2021-07-27 15:00:32,095 [grpc-default-executor-0] INFO  server.RaftServer$Division (RaftServerImpl.java:installSnapshotImpl(1459)) - 5fdc2252-45b1-4cf6-9f05-f5a52225645a@group-6D50A358B8D8: set new configuration index: 5
configurationEntry {
  peers {
    id: "112e9cde-9cb9-43e4-9ef1-6a6d7fd9222c"
    address: "localhost:15426"
  }
  peers {
    id: "b07764cb-34df-45d7-9560-8ac949593b7a"
    address: "localhost:15416"
  }
}
 from snapshot
2021-07-27 15:00:32,095 [grpc-default-executor-0] INFO  server.RaftServer$Division (ServerState.java:setRaftConf(387)) - 5fdc2252-45b1-4cf6-9f05-f5a52225645a@group-6D50A358B8D8: set configuration 5: [112e9cde-9cb9-43e4-9ef1-6a6d7fd9222c|rpc:localhost:15426|admin:|client:|dataStream:|priority:0, b07764cb-34df-45d7-9560-8ac949593b7a|rpc:localhost:15416|admin:|client:|dataStream:|priority:0], old=null
2021-07-27 15:00:32,096 [grpc-default-executor-0] INFO  server.RaftServer$Division (RaftServerImpl.java:installSnapshot(1340)) - 5fdc2252-45b1-4cf6-9f05-f5a52225645a@group-6D50A358B8D8: reply installSnapshot: b07764cb-34df-45d7-9560-8ac949593b7a<-5fdc2252-45b1-4cf6-9f05-f5a52225645a#0:FAIL-t2,IN_PROGRESS
2021-07-27 15:00:32,096 [grpc-default-executor-0] INFO  server.GrpcServerProtocolService (GrpcServerProtocolService.java:onCompleted(140)) - 5fdc2252-45b1-4cf6-9f05-f5a52225645a: Completed INSTALL_SNAPSHOT, lastRequest: b07764cb-34df-45d7-9560-8ac949593b7a->5fdc2252-45b1-4cf6-9f05-f5a52225645a#0-t2,notify:(t:2, i:105)
2021-07-27 15:00:32,096 [grpc-default-executor-1] INFO  server.GrpcLogAppender (GrpcLogAppender.java:onNext(400)) - b07764cb-34df-45d7-9560-8ac949593b7a@group-6D50A358B8D8->5fdc2252-45b1-4cf6-9f05-f5a52225645a-InstallSnapshotResponseHandler: received a reply b07764cb-34df-45d7-9560-8ac949593b7a<-5fdc2252-45b1-4cf6-9f05-f5a52225645a#0:FAIL-t2,IN_PROGRESS
2021-07-27 15:00:32,096 [grpc-default-executor-1] INFO  server.GrpcLogAppender (GrpcLogAppender.java:onNext(417)) - b07764cb-34df-45d7-9560-8ac949593b7a@group-6D50A358B8D8->5fdc2252-45b1-4cf6-9f05-f5a52225645a-InstallSnapshotResponseHandler: InstallSnapshot in progress.
2021-07-27 15:00:32,097 [b07764cb-34df-45d7-9560-8ac949593b7a@group-6D50A358B8D8->5fdc2252-45b1-4cf6-9f05-f5a52225645a-GrpcLogAppender-LogAppenderDaemon] INFO  server.GrpcLogAppender (GrpcLogAppender.java:installSnapshot(524)) - b07764cb-34df-45d7-9560-8ac949593b7a@group-6D50A358B8D8->5fdc2252-45b1-4cf6-9f05-f5a52225645a-GrpcLogAppender: followerNextIndex = 0 but logStartIndex = 105, notify follower to install snapshot-(t:2, i:105)
2021-07-27 15:00:32,097 [b07764cb-34df-45d7-9560-8ac949593b7a@group-6D50A358B8D8->5fdc2252-45b1-4cf6-9f05-f5a52225645a-GrpcLogAppender-LogAppenderDaemon] INFO  server.GrpcLogAppender (GrpcLogAppender.java:installSnapshot(532)) - b07764cb-34df-45d7-9560-8ac949593b7a@group-6D50A358B8D8->5fdc2252-45b1-4cf6-9f05-f5a52225645a-GrpcLogAppender: send b07764cb-34df-45d7-9560-8ac949593b7a->5fdc2252-45b1-4cf6-9f05-f5a52225645a#0-t2,notify:(t:2, i:105)
2021-07-27 15:00:32,098 [grpc-default-executor-2] INFO  server.RaftServer$Division (RaftServerImpl.java:checkInconsistentAppendEntries(1293)) - 5fdc2252-45b1-4cf6-9f05-f5a52225645a@group-6D50A358B8D8: Failed appendEntries as snapshot ((t:2, i:105)) installation is in progress
2021-07-27 15:00:32,098 [grpc-default-executor-2] INFO  server.RaftServer$Division (RaftServerImpl.java:checkInconsistentAppendEntries(1285)) - 5fdc2252-45b1-4cf6-9f05-f5a52225645a@group-6D50A358B8D8: inconsistency entries. Reply:b07764cb-34df-45d7-9560-8ac949593b7a<-5fdc2252-45b1-4cf6-9f05-f5a52225645a#10:FAIL-t2,INCONSISTENCY,nextIndex=0,followerCommit=-1
2021-07-27 15:00:32,098 [grpc-default-executor-1] INFO  leader.FollowerInfo (FollowerInfoImpl.java:lambda$new$0(46)) - b07764cb-34df-45d7-9560-8ac949593b7a@group-6D50A358B8D8->5fdc2252-45b1-4cf6-9f05-f5a52225645a: nextIndex: updateUnconditionally 0 -> 0
2021-07-27 15:00:32,102 [grpc-default-executor-0] INFO  server.RaftServer$Division (RaftServerImpl.java:installSnapshot(1329)) - 5fdc2252-45b1-4cf6-9f05-f5a52225645a@group-6D50A358B8D8: receive installSnapshot: b07764cb-34df-45d7-9560-8ac949593b7a->5fdc2252-45b1-4cf6-9f05-f5a52225645a#0-t2,notify:(t:2, i:105)
2021-07-27 15:00:32,102 [grpc-default-executor-0] INFO  server.RaftServer$Division (RaftServerImpl.java:notifyStateMachineToInstallSnapshot(1611)) - 5fdc2252-45b1-4cf6-9f05-f5a52225645a@group-6D50A358B8D8: Snapshot Installation by StateMachine is in progress.
2021-07-27 15:00:32,103 [grpc-default-executor-0] INFO  server.RaftServer$Division (RaftServerImpl.java:installSnapshotImpl(1459)) - 5fdc2252-45b1-4cf6-9f05-f5a52225645a@group-6D50A358B8D8: set new configuration index: 5
configurationEntry {
  peers {
    id: "112e9cde-9cb9-43e4-9ef1-6a6d7fd9222c"
    address: "localhost:15426"
  }
  peers {
    id: "b07764cb-34df-45d7-9560-8ac949593b7a"
    address: "localhost:15416"
  }
}
 from snapshot
2021-07-27 15:00:32,103 [grpc-default-executor-0] INFO  server.RaftServer$Division (ServerState.java:setRaftConf(387)) - 5fdc2252-45b1-4cf6-9f05-f5a52225645a@group-6D50A358B8D8: set configuration 5: [112e9cde-9cb9-43e4-9ef1-6a6d7fd9222c|rpc:localhost:15426|admin:|client:|dataStream:|priority:0, b07764cb-34df-45d7-9560-8ac949593b7a|rpc:localhost:15416|admin:|client:|dataStream:|priority:0], old=null
2021-07-27 15:00:32,103 [grpc-default-executor-0] INFO  server.RaftServer$Division (RaftServerImpl.java:installSnapshot(1340)) - 5fdc2252-45b1-4cf6-9f05-f5a52225645a@group-6D50A358B8D8: reply installSnapshot: b07764cb-34df-45d7-9560-8ac949593b7a<-5fdc2252-45b1-4cf6-9f05-f5a52225645a#0:FAIL-t2,IN_PROGRESS
2021-07-27 15:00:32,103 [grpc-default-executor-0] INFO  server.GrpcServerProtocolService (GrpcServerProtocolService.java:onCompleted(140)) - 5fdc2252-45b1-4cf6-9f05-f5a52225645a: Completed INSTALL_SNAPSHOT, lastRequest: b07764cb-34df-45d7-9560-8ac949593b7a->5fdc2252-45b1-4cf6-9f05-f5a52225645a#0-t2,notify:(t:2, i:105)
2021-07-27 15:00:32,104 [grpc-default-executor-1] INFO  server.GrpcLogAppender (GrpcLogAppender.java:onNext(400)) - b07764cb-34df-45d7-9560-8ac949593b7a@group-6D50A358B8D8->5fdc2252-45b1-4cf6-9f05-f5a52225645a-InstallSnapshotResponseHandler: received a reply b07764cb-34df-45d7-9560-8ac949593b7a<-5fdc2252-45b1-4cf6-9f05-f5a52225645a#0:FAIL-t2,IN_PROGRESS
2021-07-27 15:00:32,104 [grpc-default-executor-1] INFO  server.GrpcLogAppender (GrpcLogAppender.java:onNext(417)) - b07764cb-34df-45d7-9560-8ac949593b7a@group-6D50A358B8D8->5fdc2252-45b1-4cf6-9f05-f5a52225645a-InstallSnapshotResponseHandler: InstallSnapshot in progress.
2021-07-27 15:00:32,109 [b07764cb-34df-45d7-9560-8ac949593b7a@group-6D50A358B8D8->5fdc2252-45b1-4cf6-9f05-f5a52225645a-GrpcLogAppender-LogAppenderDaemon] INFO  server.GrpcLogAppender (GrpcLogAppender.java:installSnapshot(524)) - b07764cb-34df-45d7-9560-8ac949593b7a@group-6D50A358B8D8->5fdc2252-45b1-4cf6-9f05-f5a52225645a-GrpcLogAppender: followerNextIndex = 0 but logStartIndex = 105, notify follower to install snapshot-(t:2, i:105)
2021-07-27 15:00:32,109 [b07764cb-34df-45d7-9560-8ac949593b7a@group-6D50A358B8D8->5fdc2252-45b1-4cf6-9f05-f5a52225645a-GrpcLogAppender-LogAppenderDaemon] INFO  server.GrpcLogAppender (GrpcLogAppender.java:installSnapshot(532)) - b07764cb-34df-45d7-9560-8ac949593b7a@group-6D50A358B8D8->5fdc2252-45b1-4cf6-9f05-f5a52225645a-GrpcLogAppender: send b07764cb-34df-45d7-9560-8ac949593b7a->5fdc2252-45b1-4cf6-9f05-f5a52225645a#0-t2,notify:(t:2, i:105)
2021-07-27 15:00:32,110 [grpc-default-executor-2] INFO  server.RaftServer$Division (RaftServerImpl.java:checkInconsistentAppendEntries(1293)) - 5fdc2252-45b1-4cf6-9f05-f5a52225645a@group-6D50A358B8D8: Failed appendEntries as snapshot ((t:2, i:105)) installation is in progress
2021-07-27 15:00:32,110 [grpc-default-executor-2] INFO  server.RaftServer$Division (RaftServerImpl.java:checkInconsistentAppendEntries(1285)) - 5fdc2252-45b1-4cf6-9f05-f5a52225645a@group-6D50A358B8D8: inconsistency entries. Reply:b07764cb-34df-45d7-9560-8ac949593b7a<-5fdc2252-45b1-4cf6-9f05-f5a52225645a#11:FAIL-t2,INCONSISTENCY,nextIndex=0,followerCommit=-1
2021-07-27 15:00:32,110 [grpc-default-executor-1] INFO  leader.FollowerInfo (FollowerInfoImpl.java:lambda$new$0(46)) - b07764cb-34df-45d7-9560-8ac949593b7a@group-6D50A358B8D8->5fdc2252-45b1-4cf6-9f05-f5a52225645a: nextIndex: updateUnconditionally 0 -> 0
2021-07-27 15:00:32,111 [grpc-default-executor-0] INFO  server.RaftServer$Division (RaftServerImpl.java:installSnapshot(1329)) - 5fdc2252-45b1-4cf6-9f05-f5a52225645a@group-6D50A358B8D8: receive installSnapshot: b07764cb-34df-45d7-9560-8ac949593b7a->5fdc2252-45b1-4cf6-9f05-f5a52225645a#0-t2,notify:(t:2, i:105)
2021-07-27 15:00:32,111 [grpc-default-executor-0] INFO  server.RaftServer$Division (RaftServerImpl.java:notifyStateMachineToInstallSnapshot(1611)) - 5fdc2252-45b1-4cf6-9f05-f5a52225645a@group-6D50A358B8D8: Snapshot Installation by StateMachine is in progress.
2021-07-27 15:00:32,111 [grpc-default-executor-0] INFO  server.RaftServer$Division (RaftServerImpl.java:installSnapshotImpl(1459)) - 5fdc2252-45b1-4cf6-9f05-f5a52225645a@group-6D50A358B8D8: set new configuration index: 5
configurationEntry {
  peers {
    id: "112e9cde-9cb9-43e4-9ef1-6a6d7fd9222c"
    address: "localhost:15426"
  }
  peers {
    id: "b07764cb-34df-45d7-9560-8ac949593b7a"
    address: "localhost:15416"
  }
}
 from snapshot
2021-07-27 15:00:32,111 [grpc-default-executor-0] INFO  server.RaftServer$Division (ServerState.java:setRaftConf(387)) - 5fdc2252-45b1-4cf6-9f05-f5a52225645a@group-6D50A358B8D8: set configuration 5: [112e9cde-9cb9-43e4-9ef1-6a6d7fd9222c|rpc:localhost:15426|admin:|client:|dataStream:|priority:0, b07764cb-34df-45d7-9560-8ac949593b7a|rpc:localhost:15416|admin:|client:|dataStream:|priority:0], old=null
2021-07-27 15:00:32,112 [grpc-default-executor-0] INFO  server.RaftServer$Division (RaftServerImpl.java:installSnapshot(1340)) - 5fdc2252-45b1-4cf6-9f05-f5a52225645a@group-6D50A358B8D8: reply installSnapshot: b07764cb-34df-45d7-9560-8ac949593b7a<-5fdc2252-45b1-4cf6-9f05-f5a52225645a#0:FAIL-t2,IN_PROGRESS
2021-07-27 15:00:32,112 [grpc-default-executor-0] INFO  server.GrpcServerProtocolService (GrpcServerProtocolService.java:onCompleted(140)) - 5fdc2252-45b1-4cf6-9f05-f5a52225645a: Completed INSTALL_SNAPSHOT, lastRequest: b07764cb-34df-45d7-9560-8ac949593b7a->5fdc2252-45b1-4cf6-9f05-f5a52225645a#0-t2,notify:(t:2, i:105)
2021-07-27 15:00:32,112 [grpc-default-executor-1] INFO  server.GrpcLogAppender (GrpcLogAppender.java:onNext(400)) - b07764cb-34df-45d7-9560-8ac949593b7a@group-6D50A358B8D8->5fdc2252-45b1-4cf6-9f05-f5a52225645a-InstallSnapshotResponseHandler: received a reply b07764cb-34df-45d7-9560-8ac949593b7a<-5fdc2252-45b1-4cf6-9f05-f5a52225645a#0:FAIL-t2,IN_PROGRESS
2021-07-27 15:00:32,112 [grpc-default-executor-1] INFO  server.GrpcLogAppender (GrpcLogAppender.java:onNext(417)) - b07764cb-34df-45d7-9560-8ac949593b7a@group-6D50A358B8D8->5fdc2252-45b1-4cf6-9f05-f5a52225645a-InstallSnapshotResponseHandler: InstallSnapshot in progress.
2021-07-27 15:00:32,115 [b07764cb-34df-45d7-9560-8ac949593b7a@group-6D50A358B8D8->5fdc2252-45b1-4cf6-9f05-f5a52225645a-GrpcLogAppender-LogAppenderDaemon] INFO  server.GrpcLogAppender (GrpcLogAppender.java:installSnapshot(524)) - b07764cb-34df-45d7-9560-8ac949593b7a@group-6D50A358B8D8->5fdc2252-45b1-4cf6-9f05-f5a52225645a-GrpcLogAppender: followerNextIndex = 0 but logStartIndex = 105, notify follower to install snapshot-(t:2, i:105)
2021-07-27 15:00:32,115 [b07764cb-34df-45d7-9560-8ac949593b7a@group-6D50A358B8D8->5fdc2252-45b1-4cf6-9f05-f5a52225645a-GrpcLogAppender-LogAppenderDaemon] INFO  server.GrpcLogAppender (GrpcLogAppender.java:installSnapshot(532)) - b07764cb-34df-45d7-9560-8ac949593b7a@group-6D50A358B8D8->5fdc2252-45b1-4cf6-9f05-f5a52225645a-GrpcLogAppender: send b07764cb-34df-45d7-9560-8ac949593b7a->5fdc2252-45b1-4cf6-9f05-f5a52225645a#0-t2,notify:(t:2, i:105)
2021-07-27 15:00:32,116 [grpc-default-executor-2] INFO  server.RaftServer$Division (RaftServerImpl.java:checkInconsistentAppendEntries(1293)) - 5fdc2252-45b1-4cf6-9f05-f5a52225645a@group-6D50A358B8D8: Failed appendEntries as snapshot ((t:2, i:105)) installation is in progress
2021-07-27 15:00:32,116 [grpc-default-executor-2] INFO  server.RaftServer$Division (RaftServerImpl.java:checkInconsistentAppendEntries(1285)) - 5fdc2252-45b1-4cf6-9f05-f5a52225645a@group-6D50A358B8D8: inconsistency entries. Reply:b07764cb-34df-45d7-9560-8ac949593b7a<-5fdc2252-45b1-4cf6-9f05-f5a52225645a#12:FAIL-t2,INCONSISTENCY,nextIndex=0,followerCommit=-1
2021-07-27 15:00:32,117 [grpc-default-executor-1] INFO  leader.FollowerInfo (FollowerInfoImpl.java:lambda$new$0(46)) - b07764cb-34df-45d7-9560-8ac949593b7a@group-6D50A358B8D8->5fdc2252-45b1-4cf6-9f05-f5a52225645a: nextIndex: updateUnconditionally 0 -> 0
2021-07-27 15:00:32,119 [grpc-default-executor-0] INFO  server.RaftServer$Division (RaftServerImpl.java:installSnapshot(1329)) - 5fdc2252-45b1-4cf6-9f05-f5a52225645a@group-6D50A358B8D8: receive installSnapshot: b07764cb-34df-45d7-9560-8ac949593b7a->5fdc2252-45b1-4cf6-9f05-f5a52225645a#0-t2,notify:(t:2, i:105)
2021-07-27 15:00:32,119 [grpc-default-executor-0] INFO  server.RaftServer$Division (RaftServerImpl.java:notifyStateMachineToInstallSnapshot(1611)) - 5fdc2252-45b1-4cf6-9f05-f5a52225645a@group-6D50A358B8D8: Snapshot Installation by StateMachine is in progress.
2021-07-27 15:00:32,120 [grpc-default-executor-0] INFO  server.RaftServer$Division (RaftServerImpl.java:installSnapshotImpl(1459)) - 5fdc2252-45b1-4cf6-9f05-f5a52225645a@group-6D50A358B8D8: set new configuration index: 5
configurationEntry {
  peers {
    id: "112e9cde-9cb9-43e4-9ef1-6a6d7fd9222c"
    address: "localhost:15426"
  }
  peers {
    id: "b07764cb-34df-45d7-9560-8ac949593b7a"
    address: "localhost:15416"
  }
}
 from snapshot
2021-07-27 15:00:32,120 [grpc-default-executor-0] INFO  server.RaftServer$Division (ServerState.java:setRaftConf(387)) - 5fdc2252-45b1-4cf6-9f05-f5a52225645a@group-6D50A358B8D8: set configuration 5: [112e9cde-9cb9-43e4-9ef1-6a6d7fd9222c|rpc:localhost:15426|admin:|client:|dataStream:|priority:0, b07764cb-34df-45d7-9560-8ac949593b7a|rpc:localhost:15416|admin:|client:|dataStream:|priority:0], old=null
2021-07-27 15:00:32,120 [grpc-default-executor-0] INFO  server.RaftServer$Division (RaftServerImpl.java:installSnapshot(1340)) - 5fdc2252-45b1-4cf6-9f05-f5a52225645a@group-6D50A358B8D8: reply installSnapshot: b07764cb-34df-45d7-9560-8ac949593b7a<-5fdc2252-45b1-4cf6-9f05-f5a52225645a#0:FAIL-t2,IN_PROGRESS
2021-07-27 15:00:32,120 [grpc-default-executor-0] INFO  server.GrpcServerProtocolService (GrpcServerProtocolService.java:onCompleted(140)) - 5fdc2252-45b1-4cf6-9f05-f5a52225645a: Completed INSTALL_SNAPSHOT, lastRequest: b07764cb-34df-45d7-9560-8ac949593b7a->5fdc2252-45b1-4cf6-9f05-f5a52225645a#0-t2,notify:(t:2, i:105)
2021-07-27 15:00:32,121 [grpc-default-executor-1] INFO  server.GrpcLogAppender (GrpcLogAppender.java:onNext(400)) - b07764cb-34df-45d7-9560-8ac949593b7a@group-6D50A358B8D8->5fdc2252-45b1-4cf6-9f05-f5a52225645a-InstallSnapshotResponseHandler: received a reply b07764cb-34df-45d7-9560-8ac949593b7a<-5fdc2252-45b1-4cf6-9f05-f5a52225645a#0:FAIL-t2,IN_PROGRESS
2021-07-27 15:00:32,121 [grpc-default-executor-1] INFO  server.GrpcLogAppender (GrpcLogAppender.java:onNext(417)) - b07764cb-34df-45d7-9560-8ac949593b7a@group-6D50A358B8D8->5fdc2252-45b1-4cf6-9f05-f5a52225645a-InstallSnapshotResponseHandler: InstallSnapshot in progress.
2021-07-27 15:00:32,121 [grpc-default-executor-3] INFO  ha.SCMGrpcOutputStream (SCMGrpcOutputStream.java:close(111)) - Sent 6941 bytes for cluster 1c236c99-c7c8-4b90-98b3-6d50a358b8d8
2021-07-27 15:00:32,122 [grpc-default-executor-3] INFO  ha.SCMDBCheckpointProvider (SCMDBCheckpointProvider.java:writeDBCheckPointToSream(73)) - Time taken to write the checkpoint to response output stream: 69 milliseconds
2021-07-27 15:00:32,122 [grpc-default-executor-3] INFO  db.RocksDBCheckpoint (RocksDBCheckpoint.java:cleanupCheckpoint(78)) - Cleaning up RocksDB checkpoint at /home/runner/work/ozone/ozone/mnt/ozone/hadoop-ozone/integration-test/target/test-dir/MiniOzoneClusterImpl-1c236c99-c7c8-4b90-98b3-6d50a358b8d8/scmNode-1/db.checkpoints/scm.db_checkpoint_1627398032036
2021-07-27 15:00:32,130 [b07764cb-34df-45d7-9560-8ac949593b7a@group-6D50A358B8D8->5fdc2252-45b1-4cf6-9f05-f5a52225645a-GrpcLogAppender-LogAppenderDaemon] INFO  server.GrpcLogAppender (GrpcLogAppender.java:installSnapshot(524)) - b07764cb-34df-45d7-9560-8ac949593b7a@group-6D50A358B8D8->5fdc2252-45b1-4cf6-9f05-f5a52225645a-GrpcLogAppender: followerNextIndex = 0 but logStartIndex = 105, notify follower to install snapshot-(t:2, i:105)
2021-07-27 15:00:32,130 [b07764cb-34df-45d7-9560-8ac949593b7a@group-6D50A358B8D8->5fdc2252-45b1-4cf6-9f05-f5a52225645a-GrpcLogAppender-LogAppenderDaemon] INFO  server.GrpcLogAppender (GrpcLogAppender.java:installSnapshot(532)) - b07764cb-34df-45d7-9560-8ac949593b7a@group-6D50A358B8D8->5fdc2252-45b1-4cf6-9f05-f5a52225645a-GrpcLogAppender: send b07764cb-34df-45d7-9560-8ac949593b7a->5fdc2252-45b1-4cf6-9f05-f5a52225645a#0-t2,notify:(t:2, i:105)
2021-07-27 15:00:32,131 [grpc-default-executor-0] INFO  server.RaftServer$Division (RaftServerImpl.java:checkInconsistentAppendEntries(1293)) - 5fdc2252-45b1-4cf6-9f05-f5a52225645a@group-6D50A358B8D8: Failed appendEntries as snapshot ((t:2, i:105)) installation is in progress
2021-07-27 15:00:32,131 [grpc-default-executor-0] INFO  server.RaftServer$Division (RaftServerImpl.java:checkInconsistentAppendEntries(1285)) - 5fdc2252-45b1-4cf6-9f05-f5a52225645a@group-6D50A358B8D8: inconsistency entries. Reply:b07764cb-34df-45d7-9560-8ac949593b7a<-5fdc2252-45b1-4cf6-9f05-f5a52225645a#13:FAIL-t2,INCONSISTENCY,nextIndex=0,followerCommit=-1
2021-07-27 15:00:32,131 [grpc-default-executor-1] INFO  ha.InterSCMGrpcClient (InterSCMGrpcClient.java:onCompleted(170)) - Checkpoint is downloaded to /home/runner/work/ozone/ozone/mnt/ozone/hadoop-ozone/integration-test/target/test-dir/MiniOzoneClusterImpl-1c236c99-c7c8-4b90-98b3-6d50a358b8d8/scmNode-3/snapshot/scm.db-scmNode-1-1627398032016.tar.gz
2021-07-27 15:00:32,132 [grpc-default-executor-1] INFO  leader.FollowerInfo (FollowerInfoImpl.java:lambda$new$0(46)) - b07764cb-34df-45d7-9560-8ac949593b7a@group-6D50A358B8D8->5fdc2252-45b1-4cf6-9f05-f5a52225645a: nextIndex: updateUnconditionally 0 -> 0
2021-07-27 15:00:32,132 [grpc-default-executor-2] INFO  server.RaftServer$Division (RaftServerImpl.java:installSnapshot(1329)) - 5fdc2252-45b1-4cf6-9f05-f5a52225645a@group-6D50A358B8D8: receive installSnapshot: b07764cb-34df-45d7-9560-8ac949593b7a->5fdc2252-45b1-4cf6-9f05-f5a52225645a#0-t2,notify:(t:2, i:105)
2021-07-27 15:00:32,132 [grpc-default-executor-2] INFO  server.RaftServer$Division (RaftServerImpl.java:notifyStateMachineToInstallSnapshot(1611)) - 5fdc2252-45b1-4cf6-9f05-f5a52225645a@group-6D50A358B8D8: Snapshot Installation by StateMachine is in progress.
2021-07-27 15:00:32,133 [grpc-default-executor-2] INFO  server.RaftServer$Division (RaftServerImpl.java:installSnapshotImpl(1459)) - 5fdc2252-45b1-4cf6-9f05-f5a52225645a@group-6D50A358B8D8: set new configuration index: 5
configurationEntry {
  peers {
    id: "112e9cde-9cb9-43e4-9ef1-6a6d7fd9222c"
    address: "localhost:15426"
  }
  peers {
    id: "b07764cb-34df-45d7-9560-8ac949593b7a"
    address: "localhost:15416"
  }
}
 from snapshot
2021-07-27 15:00:32,133 [grpc-default-executor-2] INFO  server.RaftServer$Division (ServerState.java:setRaftConf(387)) - 5fdc2252-45b1-4cf6-9f05-f5a52225645a@group-6D50A358B8D8: set configuration 5: [112e9cde-9cb9-43e4-9ef1-6a6d7fd9222c|rpc:localhost:15426|admin:|client:|dataStream:|priority:0, b07764cb-34df-45d7-9560-8ac949593b7a|rpc:localhost:15416|admin:|client:|dataStream:|priority:0], old=null
2021-07-27 15:00:32,133 [grpc-default-executor-2] INFO  server.RaftServer$Division (RaftServerImpl.java:installSnapshot(1340)) - 5fdc2252-45b1-4cf6-9f05-f5a52225645a@group-6D50A358B8D8: reply installSnapshot: b07764cb-34df-45d7-9560-8ac949593b7a<-5fdc2252-45b1-4cf6-9f05-f5a52225645a#0:FAIL-t2,IN_PROGRESS
2021-07-27 15:00:32,133 [grpc-default-executor-2] INFO  server.GrpcServerProtocolService (GrpcServerProtocolService.java:onCompleted(140)) - 5fdc2252-45b1-4cf6-9f05-f5a52225645a: Completed INSTALL_SNAPSHOT, lastRequest: b07764cb-34df-45d7-9560-8ac949593b7a->5fdc2252-45b1-4cf6-9f05-f5a52225645a#0-t2,notify:(t:2, i:105)
2021-07-27 15:00:32,134 [grpc-default-executor-2] INFO  server.GrpcLogAppender (GrpcLogAppender.java:onNext(400)) - b07764cb-34df-45d7-9560-8ac949593b7a@group-6D50A358B8D8->5fdc2252-45b1-4cf6-9f05-f5a52225645a-InstallSnapshotResponseHandler: received a reply b07764cb-34df-45d7-9560-8ac949593b7a<-5fdc2252-45b1-4cf6-9f05-f5a52225645a#0:FAIL-t2,IN_PROGRESS
2021-07-27 15:00:32,135 [grpc-default-executor-2] INFO  server.GrpcLogAppender (GrpcLogAppender.java:onNext(417)) - b07764cb-34df-45d7-9560-8ac949593b7a@group-6D50A358B8D8->5fdc2252-45b1-4cf6-9f05-f5a52225645a-InstallSnapshotResponseHandler: InstallSnapshot in progress.
2021-07-27 15:00:32,135 [b07764cb-34df-45d7-9560-8ac949593b7a@group-6D50A358B8D8->5fdc2252-45b1-4cf6-9f05-f5a52225645a-GrpcLogAppender-LogAppenderDaemon] INFO  server.GrpcLogAppender (GrpcLogAppender.java:installSnapshot(524)) - b07764cb-34df-45d7-9560-8ac949593b7a@group-6D50A358B8D8->5fdc2252-45b1-4cf6-9f05-f5a52225645a-GrpcLogAppender: followerNextIndex = 0 but logStartIndex = 105, notify follower to install snapshot-(t:2, i:105)
2021-07-27 15:00:32,135 [b07764cb-34df-45d7-9560-8ac949593b7a@group-6D50A358B8D8->5fdc2252-45b1-4cf6-9f05-f5a52225645a-GrpcLogAppender-LogAppenderDaemon] INFO  server.GrpcLogAppender (GrpcLogAppender.java:installSnapshot(532)) - b07764cb-34df-45d7-9560-8ac949593b7a@group-6D50A358B8D8->5fdc2252-45b1-4cf6-9f05-f5a52225645a-GrpcLogAppender: send b07764cb-34df-45d7-9560-8ac949593b7a->5fdc2252-45b1-4cf6-9f05-f5a52225645a#0-t2,notify:(t:2, i:105)
2021-07-27 15:00:32,136 [grpc-default-executor-3] INFO  server.RaftServer$Division (RaftServerImpl.java:checkInconsistentAppendEntries(1293)) - 5fdc2252-45b1-4cf6-9f05-f5a52225645a@group-6D50A358B8D8: Failed appendEntries as snapshot ((t:2, i:105)) installation is in progress
2021-07-27 15:00:32,136 [grpc-default-executor-3] INFO  server.RaftServer$Division (RaftServerImpl.java:checkInconsistentAppendEntries(1285)) - 5fdc2252-45b1-4cf6-9f05-f5a52225645a@group-6D50A358B8D8: inconsistency entries. Reply:b07764cb-34df-45d7-9560-8ac949593b7a<-5fdc2252-45b1-4cf6-9f05-f5a52225645a#14:FAIL-t2,INCONSISTENCY,nextIndex=0,followerCommit=-1
2021-07-27 15:00:32,137 [grpc-default-executor-2] INFO  leader.FollowerInfo (FollowerInfoImpl.java:lambda$new$0(46)) - b07764cb-34df-45d7-9560-8ac949593b7a@group-6D50A358B8D8->5fdc2252-45b1-4cf6-9f05-f5a52225645a: nextIndex: updateUnconditionally 0 -> 0
2021-07-27 15:00:32,138 [grpc-default-executor-1] INFO  server.RaftServer$Division (RaftServerImpl.java:installSnapshot(1329)) - 5fdc2252-45b1-4cf6-9f05-f5a52225645a@group-6D50A358B8D8: receive installSnapshot: b07764cb-34df-45d7-9560-8ac949593b7a->5fdc2252-45b1-4cf6-9f05-f5a52225645a#0-t2,notify:(t:2, i:105)
2021-07-27 15:00:32,138 [grpc-default-executor-1] INFO  server.RaftServer$Division (RaftServerImpl.java:notifyStateMachineToInstallSnapshot(1611)) - 5fdc2252-45b1-4cf6-9f05-f5a52225645a@group-6D50A358B8D8: Snapshot Installation by StateMachine is in progress.
2021-07-27 15:00:32,139 [grpc-default-executor-1] INFO  server.RaftServer$Division (RaftServerImpl.java:installSnapshotImpl(1459)) - 5fdc2252-45b1-4cf6-9f05-f5a52225645a@group-6D50A358B8D8: set new configuration index: 5
configurationEntry {
  peers {
    id: "112e9cde-9cb9-43e4-9ef1-6a6d7fd9222c"
    address: "localhost:15426"
  }
  peers {
    id: "b07764cb-34df-45d7-9560-8ac949593b7a"
    address: "localhost:15416"
  }
}
 from snapshot
2021-07-27 15:00:32,139 [grpc-default-executor-1] INFO  server.RaftServer$Division (ServerState.java:setRaftConf(387)) - 5fdc2252-45b1-4cf6-9f05-f5a52225645a@group-6D50A358B8D8: set configuration 5: [112e9cde-9cb9-43e4-9ef1-6a6d7fd9222c|rpc:localhost:15426|admin:|client:|dataStream:|priority:0, b07764cb-34df-45d7-9560-8ac949593b7a|rpc:localhost:15416|admin:|client:|dataStream:|priority:0], old=null
2021-07-27 15:00:32,139 [grpc-default-executor-1] INFO  server.RaftServer$Division (RaftServerImpl.java:installSnapshot(1340)) - 5fdc2252-45b1-4cf6-9f05-f5a52225645a@group-6D50A358B8D8: reply installSnapshot: b07764cb-34df-45d7-9560-8ac949593b7a<-5fdc2252-45b1-4cf6-9f05-f5a52225645a#0:FAIL-t2,IN_PROGRESS
2021-07-27 15:00:32,140 [grpc-default-executor-1] INFO  server.GrpcServerProtocolService (GrpcServerProtocolService.java:onCompleted(140)) - 5fdc2252-45b1-4cf6-9f05-f5a52225645a: Completed INSTALL_SNAPSHOT, lastRequest: b07764cb-34df-45d7-9560-8ac949593b7a->5fdc2252-45b1-4cf6-9f05-f5a52225645a#0-t2,notify:(t:2, i:105)
2021-07-27 15:00:32,148 [grpc-default-executor-3] INFO  server.GrpcLogAppender (GrpcLogAppender.java:onNext(400)) - b07764cb-34df-45d7-9560-8ac949593b7a@group-6D50A358B8D8->5fdc2252-45b1-4cf6-9f05-f5a52225645a-InstallSnapshotResponseHandler: received a reply b07764cb-34df-45d7-9560-8ac949593b7a<-5fdc2252-45b1-4cf6-9f05-f5a52225645a#0:FAIL-t2,IN_PROGRESS
2021-07-27 15:00:32,148 [grpc-default-executor-3] INFO  server.GrpcLogAppender (GrpcLogAppender.java:onNext(417)) - b07764cb-34df-45d7-9560-8ac949593b7a@group-6D50A358B8D8->5fdc2252-45b1-4cf6-9f05-f5a52225645a-InstallSnapshotResponseHandler: InstallSnapshot in progress.
2021-07-27 15:00:32,151 [b07764cb-34df-45d7-9560-8ac949593b7a@group-6D50A358B8D8->5fdc2252-45b1-4cf6-9f05-f5a52225645a-GrpcLogAppender-LogAppenderDaemon] INFO  server.GrpcLogAppender (GrpcLogAppender.java:installSnapshot(524)) - b07764cb-34df-45d7-9560-8ac949593b7a@group-6D50A358B8D8->5fdc2252-45b1-4cf6-9f05-f5a52225645a-GrpcLogAppender: followerNextIndex = 0 but logStartIndex = 105, notify follower to install snapshot-(t:2, i:105)
2021-07-27 15:00:32,151 [b07764cb-34df-45d7-9560-8ac949593b7a@group-6D50A358B8D8->5fdc2252-45b1-4cf6-9f05-f5a52225645a-GrpcLogAppender-LogAppenderDaemon] INFO  server.GrpcLogAppender (GrpcLogAppender.java:installSnapshot(532)) - b07764cb-34df-45d7-9560-8ac949593b7a@group-6D50A358B8D8->5fdc2252-45b1-4cf6-9f05-f5a52225645a-GrpcLogAppender: send b07764cb-34df-45d7-9560-8ac949593b7a->5fdc2252-45b1-4cf6-9f05-f5a52225645a#0-t2,notify:(t:2, i:105)
2021-07-27 15:00:32,151 [grpc-default-executor-1] INFO  server.RaftServer$Division (RaftServerImpl.java:checkInconsistentAppendEntries(1293)) - 5fdc2252-45b1-4cf6-9f05-f5a52225645a@group-6D50A358B8D8: Failed appendEntries as snapshot ((t:2, i:105)) installation is in progress
2021-07-27 15:00:32,152 [grpc-default-executor-1] INFO  server.RaftServer$Division (RaftServerImpl.java:checkInconsistentAppendEntries(1285)) - 5fdc2252-45b1-4cf6-9f05-f5a52225645a@group-6D50A358B8D8: inconsistency entries. Reply:b07764cb-34df-45d7-9560-8ac949593b7a<-5fdc2252-45b1-4cf6-9f05-f5a52225645a#15:FAIL-t2,INCONSISTENCY,nextIndex=0,followerCommit=-1
2021-07-27 15:00:32,152 [grpc-default-executor-1] INFO  leader.FollowerInfo (FollowerInfoImpl.java:lambda$new$0(46)) - b07764cb-34df-45d7-9560-8ac949593b7a@group-6D50A358B8D8->5fdc2252-45b1-4cf6-9f05-f5a52225645a: nextIndex: updateUnconditionally 0 -> 0
2021-07-27 15:00:32,155 [grpc-default-executor-3] INFO  server.RaftServer$Division (RaftServerImpl.java:installSnapshot(1329)) - 5fdc2252-45b1-4cf6-9f05-f5a52225645a@group-6D50A358B8D8: receive installSnapshot: b07764cb-34df-45d7-9560-8ac949593b7a->5fdc2252-45b1-4cf6-9f05-f5a52225645a#0-t2,notify:(t:2, i:105)
2021-07-27 15:00:32,155 [grpc-default-executor-3] INFO  server.RaftServer$Division (RaftServerImpl.java:notifyStateMachineToInstallSnapshot(1611)) - 5fdc2252-45b1-4cf6-9f05-f5a52225645a@group-6D50A358B8D8: Snapshot Installation by StateMachine is in progress.
2021-07-27 15:00:32,155 [grpc-default-executor-3] INFO  server.RaftServer$Division (RaftServerImpl.java:installSnapshotImpl(1459)) - 5fdc2252-45b1-4cf6-9f05-f5a52225645a@group-6D50A358B8D8: set new configuration index: 5
configurationEntry {
  peers {
    id: "112e9cde-9cb9-43e4-9ef1-6a6d7fd9222c"
    address: "localhost:15426"
  }
  peers {
    id: "b07764cb-34df-45d7-9560-8ac949593b7a"
    address: "localhost:15416"
  }
}
 from snapshot
2021-07-27 15:00:32,155 [grpc-default-executor-3] INFO  server.RaftServer$Division (ServerState.java:setRaftConf(387)) - 5fdc2252-45b1-4cf6-9f05-f5a52225645a@group-6D50A358B8D8: set configuration 5: [112e9cde-9cb9-43e4-9ef1-6a6d7fd9222c|rpc:localhost:15426|admin:|client:|dataStream:|priority:0, b07764cb-34df-45d7-9560-8ac949593b7a|rpc:localhost:15416|admin:|client:|dataStream:|priority:0], old=null
2021-07-27 15:00:32,155 [grpc-default-executor-3] INFO  server.RaftServer$Division (RaftServerImpl.java:installSnapshot(1340)) - 5fdc2252-45b1-4cf6-9f05-f5a52225645a@group-6D50A358B8D8: reply installSnapshot: b07764cb-34df-45d7-9560-8ac949593b7a<-5fdc2252-45b1-4cf6-9f05-f5a52225645a#0:FAIL-t2,IN_PROGRESS
2021-07-27 15:00:32,157 [pool-55-thread-1] INFO  ha.SCMSnapshotProvider (SCMSnapshotProvider.java:getSCMDBSnapshot(131)) - Successfully downloaded latest checkpoint from leader SCM: scmNode-1 path /home/runner/work/ozone/ozone/mnt/ozone/hadoop-ozone/integration-test/target/test-dir/MiniOzoneClusterImpl-1c236c99-c7c8-4b90-98b3-6d50a358b8d8/scmNode-3/snapshot/scm.db-scmNode-1-1627398032016
2021-07-27 15:00:32,157 [pool-55-thread-1] INFO  ha.SCMHAManagerImpl (SCMHAManagerImpl.java:downloadCheckpointFromLeader(158)) - Downloaded checkpoint from Leader scmNode-1 to the location /home/runner/work/ozone/ozone/mnt/ozone/hadoop-ozone/integration-test/target/test-dir/MiniOzoneClusterImpl-1c236c99-c7c8-4b90-98b3-6d50a358b8d8/scmNode-3/snapshot/scm.db-scmNode-1-1627398032016
2021-07-27 15:00:32,157 [grpc-default-executor-3] INFO  server.GrpcServerProtocolService (GrpcServerProtocolService.java:onCompleted(140)) - 5fdc2252-45b1-4cf6-9f05-f5a52225645a: Completed INSTALL_SNAPSHOT, lastRequest: b07764cb-34df-45d7-9560-8ac949593b7a->5fdc2252-45b1-4cf6-9f05-f5a52225645a#0-t2,notify:(t:2, i:105)
2021-07-27 15:00:32,157 [grpc-default-executor-1] INFO  server.GrpcLogAppender (GrpcLogAppender.java:onNext(400)) - b07764cb-34df-45d7-9560-8ac949593b7a@group-6D50A358B8D8->5fdc2252-45b1-4cf6-9f05-f5a52225645a-InstallSnapshotResponseHandler: received a reply b07764cb-34df-45d7-9560-8ac949593b7a<-5fdc2252-45b1-4cf6-9f05-f5a52225645a#0:FAIL-t2,IN_PROGRESS
2021-07-27 15:00:32,157 [grpc-default-executor-1] INFO  server.GrpcLogAppender (GrpcLogAppender.java:onNext(417)) - b07764cb-34df-45d7-9560-8ac949593b7a@group-6D50A358B8D8->5fdc2252-45b1-4cf6-9f05-f5a52225645a-InstallSnapshotResponseHandler: InstallSnapshot in progress.
2021-07-27 15:00:32,162 [b07764cb-34df-45d7-9560-8ac949593b7a@group-6D50A358B8D8->5fdc2252-45b1-4cf6-9f05-f5a52225645a-GrpcLogAppender-LogAppenderDaemon] INFO  server.GrpcLogAppender (GrpcLogAppender.java:installSnapshot(524)) - b07764cb-34df-45d7-9560-8ac949593b7a@group-6D50A358B8D8->5fdc2252-45b1-4cf6-9f05-f5a52225645a-GrpcLogAppender: followerNextIndex = 0 but logStartIndex = 105, notify follower to install snapshot-(t:2, i:105)
2021-07-27 15:00:32,162 [b07764cb-34df-45d7-9560-8ac949593b7a@group-6D50A358B8D8->5fdc2252-45b1-4cf6-9f05-f5a52225645a-GrpcLogAppender-LogAppenderDaemon] INFO  server.GrpcLogAppender (GrpcLogAppender.java:installSnapshot(532)) - b07764cb-34df-45d7-9560-8ac949593b7a@group-6D50A358B8D8->5fdc2252-45b1-4cf6-9f05-f5a52225645a-GrpcLogAppender: send b07764cb-34df-45d7-9560-8ac949593b7a->5fdc2252-45b1-4cf6-9f05-f5a52225645a#0-t2,notify:(t:2, i:105)
2021-07-27 15:00:32,164 [grpc-default-executor-2] INFO  server.RaftServer$Division (RaftServerImpl.java:checkInconsistentAppendEntries(1293)) - 5fdc2252-45b1-4cf6-9f05-f5a52225645a@group-6D50A358B8D8: Failed appendEntries as snapshot ((t:2, i:105)) installation is in progress
2021-07-27 15:00:32,164 [grpc-default-executor-2] INFO  server.RaftServer$Division (RaftServerImpl.java:checkInconsistentAppendEntries(1285)) - 5fdc2252-45b1-4cf6-9f05-f5a52225645a@group-6D50A358B8D8: inconsistency entries. Reply:b07764cb-34df-45d7-9560-8ac949593b7a<-5fdc2252-45b1-4cf6-9f05-f5a52225645a#16:FAIL-t2,INCONSISTENCY,nextIndex=0,followerCommit=-1
2021-07-27 15:00:32,168 [grpc-default-executor-2] INFO  server.RaftServer$Division (RaftServerImpl.java:installSnapshot(1329)) - 5fdc2252-45b1-4cf6-9f05-f5a52225645a@group-6D50A358B8D8: receive installSnapshot: b07764cb-34df-45d7-9560-8ac949593b7a->5fdc2252-45b1-4cf6-9f05-f5a52225645a#0-t2,notify:(t:2, i:105)
2021-07-27 15:00:32,168 [grpc-default-executor-2] INFO  server.RaftServer$Division (RaftServerImpl.java:notifyStateMachineToInstallSnapshot(1611)) - 5fdc2252-45b1-4cf6-9f05-f5a52225645a@group-6D50A358B8D8: Snapshot Installation by StateMachine is in progress.
2021-07-27 15:00:32,168 [grpc-default-executor-2] INFO  server.RaftServer$Division (RaftServerImpl.java:installSnapshotImpl(1459)) - 5fdc2252-45b1-4cf6-9f05-f5a52225645a@group-6D50A358B8D8: set new configuration index: 5
configurationEntry {
  peers {
    id: "112e9cde-9cb9-43e4-9ef1-6a6d7fd9222c"
    address: "localhost:15426"
  }
  peers {
    id: "b07764cb-34df-45d7-9560-8ac949593b7a"
    address: "localhost:15416"
  }
}
 from snapshot
2021-07-27 15:00:32,168 [grpc-default-executor-2] INFO  server.RaftServer$Division (ServerState.java:setRaftConf(387)) - 5fdc2252-45b1-4cf6-9f05-f5a52225645a@group-6D50A358B8D8: set configuration 5: [112e9cde-9cb9-43e4-9ef1-6a6d7fd9222c|rpc:localhost:15426|admin:|client:|dataStream:|priority:0, b07764cb-34df-45d7-9560-8ac949593b7a|rpc:localhost:15416|admin:|client:|dataStream:|priority:0], old=null
2021-07-27 15:00:32,168 [grpc-default-executor-2] INFO  server.RaftServer$Division (RaftServerImpl.java:installSnapshot(1340)) - 5fdc2252-45b1-4cf6-9f05-f5a52225645a@group-6D50A358B8D8: reply installSnapshot: b07764cb-34df-45d7-9560-8ac949593b7a<-5fdc2252-45b1-4cf6-9f05-f5a52225645a#0:FAIL-t2,IN_PROGRESS
2021-07-27 15:00:32,169 [grpc-default-executor-2] INFO  server.GrpcServerProtocolService (GrpcServerProtocolService.java:onCompleted(140)) - 5fdc2252-45b1-4cf6-9f05-f5a52225645a: Completed INSTALL_SNAPSHOT, lastRequest: b07764cb-34df-45d7-9560-8ac949593b7a->5fdc2252-45b1-4cf6-9f05-f5a52225645a#0-t2,notify:(t:2, i:105)
2021-07-27 15:00:32,169 [grpc-default-executor-3] INFO  leader.FollowerInfo (FollowerInfoImpl.java:lambda$new$0(46)) - b07764cb-34df-45d7-9560-8ac949593b7a@group-6D50A358B8D8->5fdc2252-45b1-4cf6-9f05-f5a52225645a: nextIndex: updateUnconditionally 0 -> 0
2021-07-27 15:00:32,169 [grpc-default-executor-2] INFO  server.GrpcLogAppender (GrpcLogAppender.java:onNext(400)) - b07764cb-34df-45d7-9560-8ac949593b7a@group-6D50A358B8D8->5fdc2252-45b1-4cf6-9f05-f5a52225645a-InstallSnapshotResponseHandler: received a reply b07764cb-34df-45d7-9560-8ac949593b7a<-5fdc2252-45b1-4cf6-9f05-f5a52225645a#0:FAIL-t2,IN_PROGRESS
2021-07-27 15:00:32,169 [grpc-default-executor-2] INFO  server.GrpcLogAppender (GrpcLogAppender.java:onNext(417)) - b07764cb-34df-45d7-9560-8ac949593b7a@group-6D50A358B8D8->5fdc2252-45b1-4cf6-9f05-f5a52225645a-InstallSnapshotResponseHandler: InstallSnapshot in progress.
2021-07-27 15:00:32,170 [b07764cb-34df-45d7-9560-8ac949593b7a@group-6D50A358B8D8->5fdc2252-45b1-4cf6-9f05-f5a52225645a-GrpcLogAppender-LogAppenderDaemon] INFO  server.GrpcLogAppender (GrpcLogAppender.java:installSnapshot(524)) - b07764cb-34df-45d7-9560-8ac949593b7a@group-6D50A358B8D8->5fdc2252-45b1-4cf6-9f05-f5a52225645a-GrpcLogAppender: followerNextIndex = 0 but logStartIndex = 105, notify follower to install snapshot-(t:2, i:105)
2021-07-27 15:00:32,170 [b07764cb-34df-45d7-9560-8ac949593b7a@group-6D50A358B8D8->5fdc2252-45b1-4cf6-9f05-f5a52225645a-GrpcLogAppender-LogAppenderDaemon] INFO  server.GrpcLogAppender (GrpcLogAppender.java:installSnapshot(532)) - b07764cb-34df-45d7-9560-8ac949593b7a@group-6D50A358B8D8->5fdc2252-45b1-4cf6-9f05-f5a52225645a-GrpcLogAppender: send b07764cb-34df-45d7-9560-8ac949593b7a->5fdc2252-45b1-4cf6-9f05-f5a52225645a#0-t2,notify:(t:2, i:105)
2021-07-27 15:00:32,171 [grpc-default-executor-2] INFO  server.RaftServer$Division (RaftServerImpl.java:checkInconsistentAppendEntries(1293)) - 5fdc2252-45b1-4cf6-9f05-f5a52225645a@group-6D50A358B8D8: Failed appendEntries as snapshot ((t:2, i:105)) installation is in progress
2021-07-27 15:00:32,171 [grpc-default-executor-2] INFO  server.RaftServer$Division (RaftServerImpl.java:checkInconsistentAppendEntries(1285)) - 5fdc2252-45b1-4cf6-9f05-f5a52225645a@group-6D50A358B8D8: inconsistency entries. Reply:b07764cb-34df-45d7-9560-8ac949593b7a<-5fdc2252-45b1-4cf6-9f05-f5a52225645a#17:FAIL-t2,INCONSISTENCY,nextIndex=0,followerCommit=-1
2021-07-27 15:00:32,175 [grpc-default-executor-1] INFO  server.RaftServer$Division (RaftServerImpl.java:installSnapshot(1329)) - 5fdc2252-45b1-4cf6-9f05-f5a52225645a@group-6D50A358B8D8: receive installSnapshot: b07764cb-34df-45d7-9560-8ac949593b7a->5fdc2252-45b1-4cf6-9f05-f5a52225645a#0-t2,notify:(t:2, i:105)
2021-07-27 15:00:32,175 [grpc-default-executor-1] INFO  server.RaftServer$Division (RaftServerImpl.java:notifyStateMachineToInstallSnapshot(1611)) - 5fdc2252-45b1-4cf6-9f05-f5a52225645a@group-6D50A358B8D8: Snapshot Installation by StateMachine is in progress.
2021-07-27 15:00:32,175 [grpc-default-executor-1] INFO  server.RaftServer$Division (RaftServerImpl.java:installSnapshotImpl(1459)) - 5fdc2252-45b1-4cf6-9f05-f5a52225645a@group-6D50A358B8D8: set new configuration index: 5
configurationEntry {
  peers {
    id: "112e9cde-9cb9-43e4-9ef1-6a6d7fd9222c"
    address: "localhost:15426"
  }
  peers {
    id: "b07764cb-34df-45d7-9560-8ac949593b7a"
    address: "localhost:15416"
  }
}
 from snapshot
2021-07-27 15:00:32,175 [grpc-default-executor-1] INFO  server.RaftServer$Division (ServerState.java:setRaftConf(387)) - 5fdc2252-45b1-4cf6-9f05-f5a52225645a@group-6D50A358B8D8: set configuration 5: [112e9cde-9cb9-43e4-9ef1-6a6d7fd9222c|rpc:localhost:15426|admin:|client:|dataStream:|priority:0, b07764cb-34df-45d7-9560-8ac949593b7a|rpc:localhost:15416|admin:|client:|dataStream:|priority:0], old=null
2021-07-27 15:00:32,175 [grpc-default-executor-1] INFO  server.RaftServer$Division (RaftServerImpl.java:installSnapshot(1340)) - 5fdc2252-45b1-4cf6-9f05-f5a52225645a@group-6D50A358B8D8: reply installSnapshot: b07764cb-34df-45d7-9560-8ac949593b7a<-5fdc2252-45b1-4cf6-9f05-f5a52225645a#0:FAIL-t2,IN_PROGRESS
2021-07-27 15:00:32,175 [grpc-default-executor-1] INFO  server.GrpcServerProtocolService (GrpcServerProtocolService.java:onCompleted(140)) - 5fdc2252-45b1-4cf6-9f05-f5a52225645a: Completed INSTALL_SNAPSHOT, lastRequest: b07764cb-34df-45d7-9560-8ac949593b7a->5fdc2252-45b1-4cf6-9f05-f5a52225645a#0-t2,notify:(t:2, i:105)
2021-07-27 15:00:32,175 [grpc-default-executor-2] INFO  leader.FollowerInfo (FollowerInfoImpl.java:lambda$new$0(46)) - b07764cb-34df-45d7-9560-8ac949593b7a@group-6D50A358B8D8->5fdc2252-45b1-4cf6-9f05-f5a52225645a: nextIndex: updateUnconditionally 0 -> 0
2021-07-27 15:00:32,178 [Datanode State Machine Thread - 0] ERROR datanode.RunningDatanodeState (RunningDatanodeState.java:computeNextContainerState(199)) - Error in executing end point task.
java.util.concurrent.ExecutionException: java.util.concurrent.TimeoutException
	at java.util.concurrent.FutureTask.report(FutureTask.java:122)
	at java.util.concurrent.FutureTask.get(FutureTask.java:192)
	at org.apache.hadoop.ozone.container.common.states.datanode.RunningDatanodeState.computeNextContainerState(RunningDatanodeState.java:191)
	at org.apache.hadoop.ozone.container.common.states.datanode.RunningDatanodeState.await(RunningDatanodeState.java:231)
	at org.apache.hadoop.ozone.container.common.states.datanode.RunningDatanodeState.await(RunningDatanodeState.java:50)
	at org.apache.hadoop.ozone.container.common.statemachine.StateContext.execute(StateContext.java:629)
	at org.apache.hadoop.ozone.container.common.statemachine.DatanodeStateMachine.start(DatanodeStateMachine.java:269)
	at org.apache.hadoop.ozone.container.common.statemachine.DatanodeStateMachine.lambda$startDaemon$0(DatanodeStateMachine.java:455)
	at java.lang.Thread.run(Thread.java:748)
Caused by: java.util.concurrent.TimeoutException
	at java.util.concurrent.FutureTask.get(FutureTask.java:205)
	at org.apache.hadoop.ozone.container.common.states.datanode.RunningDatanodeState.lambda$execute$0(RunningDatanodeState.java:149)
	at java.util.concurrent.FutureTask.run(FutureTask.java:266)
	at java.util.concurrent.Executors$RunnableAdapter.call(Executors.java:511)
	at java.util.concurrent.FutureTask.run(FutureTask.java:266)
	at java.util.concurrent.ThreadPoolExecutor.runWorker(ThreadPoolExecutor.java:1149)
	at java.util.concurrent.ThreadPoolExecutor$Worker.run(ThreadPoolExecutor.java:624)
	... 1 more
2021-07-27 15:00:32,184 [grpc-default-executor-2] INFO  server.GrpcLogAppender (GrpcLogAppender.java:onNext(400)) - b07764cb-34df-45d7-9560-8ac949593b7a@group-6D50A358B8D8->5fdc2252-45b1-4cf6-9f05-f5a52225645a-InstallSnapshotResponseHandler: received a reply b07764cb-34df-45d7-9560-8ac949593b7a<-5fdc2252-45b1-4cf6-9f05-f5a52225645a#0:FAIL-t2,IN_PROGRESS
2021-07-27 15:00:32,184 [grpc-default-executor-2] INFO  server.GrpcLogAppender (GrpcLogAppender.java:onNext(417)) - b07764cb-34df-45d7-9560-8ac949593b7a@group-6D50A358B8D8->5fdc2252-45b1-4cf6-9f05-f5a52225645a-InstallSnapshotResponseHandler: InstallSnapshot in progress.
2021-07-27 15:00:32,185 [b07764cb-34df-45d7-9560-8ac949593b7a@group-6D50A358B8D8->5fdc2252-45b1-4cf6-9f05-f5a52225645a-GrpcLogAppender-LogAppenderDaemon] INFO  server.GrpcLogAppender (GrpcLogAppender.java:installSnapshot(524)) - b07764cb-34df-45d7-9560-8ac949593b7a@group-6D50A358B8D8->5fdc2252-45b1-4cf6-9f05-f5a52225645a-GrpcLogAppender: followerNextIndex = 0 but logStartIndex = 105, notify follower to install snapshot-(t:2, i:105)
2021-07-27 15:00:32,185 [b07764cb-34df-45d7-9560-8ac949593b7a@group-6D50A358B8D8->5fdc2252-45b1-4cf6-9f05-f5a52225645a-GrpcLogAppender-LogAppenderDaemon] INFO  server.GrpcLogAppender (GrpcLogAppender.java:installSnapshot(532)) - b07764cb-34df-45d7-9560-8ac949593b7a@group-6D50A358B8D8->5fdc2252-45b1-4cf6-9f05-f5a52225645a-GrpcLogAppender: send b07764cb-34df-45d7-9560-8ac949593b7a->5fdc2252-45b1-4cf6-9f05-f5a52225645a#0-t2,notify:(t:2, i:105)
2021-07-27 15:00:32,187 [grpc-default-executor-3] INFO  server.RaftServer$Division (RaftServerImpl.java:checkInconsistentAppendEntries(1293)) - 5fdc2252-45b1-4cf6-9f05-f5a52225645a@group-6D50A358B8D8: Failed appendEntries as snapshot ((t:2, i:105)) installation is in progress
2021-07-27 15:00:32,187 [grpc-default-executor-3] INFO  server.RaftServer$Division (RaftServerImpl.java:checkInconsistentAppendEntries(1285)) - 5fdc2252-45b1-4cf6-9f05-f5a52225645a@group-6D50A358B8D8: inconsistency entries. Reply:b07764cb-34df-45d7-9560-8ac949593b7a<-5fdc2252-45b1-4cf6-9f05-f5a52225645a#18:FAIL-t2,INCONSISTENCY,nextIndex=0,followerCommit=-1
2021-07-27 15:00:32,189 [grpc-default-executor-2] INFO  leader.FollowerInfo (FollowerInfoImpl.java:lambda$new$0(46)) - b07764cb-34df-45d7-9560-8ac949593b7a@group-6D50A358B8D8->5fdc2252-45b1-4cf6-9f05-f5a52225645a: nextIndex: updateUnconditionally 0 -> 0
2021-07-27 15:00:32,190 [grpc-default-executor-1] INFO  server.RaftServer$Division (RaftServerImpl.java:installSnapshot(1329)) - 5fdc2252-45b1-4cf6-9f05-f5a52225645a@group-6D50A358B8D8: receive installSnapshot: b07764cb-34df-45d7-9560-8ac949593b7a->5fdc2252-45b1-4cf6-9f05-f5a52225645a#0-t2,notify:(t:2, i:105)
2021-07-27 15:00:32,190 [grpc-default-executor-1] INFO  server.RaftServer$Division (RaftServerImpl.java:notifyStateMachineToInstallSnapshot(1611)) - 5fdc2252-45b1-4cf6-9f05-f5a52225645a@group-6D50A358B8D8: Snapshot Installation by StateMachine is in progress.
2021-07-27 15:00:32,190 [grpc-default-executor-1] INFO  server.RaftServer$Division (RaftServerImpl.java:installSnapshotImpl(1459)) - 5fdc2252-45b1-4cf6-9f05-f5a52225645a@group-6D50A358B8D8: set new configuration index: 5
configurationEntry {
  peers {
    id: "112e9cde-9cb9-43e4-9ef1-6a6d7fd9222c"
    address: "localhost:15426"
  }
  peers {
    id: "b07764cb-34df-45d7-9560-8ac949593b7a"
    address: "localhost:15416"
  }
}
 from snapshot
2021-07-27 15:00:32,191 [grpc-default-executor-1] INFO  server.RaftServer$Division (ServerState.java:setRaftConf(387)) - 5fdc2252-45b1-4cf6-9f05-f5a52225645a@group-6D50A358B8D8: set configuration 5: [112e9cde-9cb9-43e4-9ef1-6a6d7fd9222c|rpc:localhost:15426|admin:|client:|dataStream:|priority:0, b07764cb-34df-45d7-9560-8ac949593b7a|rpc:localhost:15416|admin:|client:|dataStream:|priority:0], old=null
2021-07-27 15:00:32,191 [grpc-default-executor-1] INFO  server.RaftServer$Division (RaftServerImpl.java:installSnapshot(1340)) - 5fdc2252-45b1-4cf6-9f05-f5a52225645a@group-6D50A358B8D8: reply installSnapshot: b07764cb-34df-45d7-9560-8ac949593b7a<-5fdc2252-45b1-4cf6-9f05-f5a52225645a#0:FAIL-t2,IN_PROGRESS
2021-07-27 15:00:32,191 [grpc-default-executor-1] INFO  server.GrpcServerProtocolService (GrpcServerProtocolService.java:onCompleted(140)) - 5fdc2252-45b1-4cf6-9f05-f5a52225645a: Completed INSTALL_SNAPSHOT, lastRequest: b07764cb-34df-45d7-9560-8ac949593b7a->5fdc2252-45b1-4cf6-9f05-f5a52225645a#0-t2,notify:(t:2, i:105)
2021-07-27 15:00:32,191 [grpc-default-executor-2] INFO  server.GrpcLogAppender (GrpcLogAppender.java:onNext(400)) - b07764cb-34df-45d7-9560-8ac949593b7a@group-6D50A358B8D8->5fdc2252-45b1-4cf6-9f05-f5a52225645a-InstallSnapshotResponseHandler: received a reply b07764cb-34df-45d7-9560-8ac949593b7a<-5fdc2252-45b1-4cf6-9f05-f5a52225645a#0:FAIL-t2,IN_PROGRESS
2021-07-27 15:00:32,192 [grpc-default-executor-2] INFO  server.GrpcLogAppender (GrpcLogAppender.java:onNext(417)) - b07764cb-34df-45d7-9560-8ac949593b7a@group-6D50A358B8D8->5fdc2252-45b1-4cf6-9f05-f5a52225645a-InstallSnapshotResponseHandler: InstallSnapshot in progress.
2021-07-27 15:00:32,191 [Datanode State Machine Thread - 0] ERROR datanode.RunningDatanodeState (RunningDatanodeState.java:computeNextContainerState(199)) - Error in executing end point task.
java.util.concurrent.ExecutionException: java.util.concurrent.TimeoutException
	at java.util.concurrent.FutureTask.report(FutureTask.java:122)
	at java.util.concurrent.FutureTask.get(FutureTask.java:192)
	at org.apache.hadoop.ozone.container.common.states.datanode.RunningDatanodeState.computeNextContainerState(RunningDatanodeState.java:191)
	at org.apache.hadoop.ozone.container.common.states.datanode.RunningDatanodeState.await(RunningDatanodeState.java:231)
	at org.apache.hadoop.ozone.container.common.states.datanode.RunningDatanodeState.await(RunningDatanodeState.java:50)
	at org.apache.hadoop.ozone.container.common.statemachine.StateContext.execute(StateContext.java:629)
	at org.apache.hadoop.ozone.container.common.statemachine.DatanodeStateMachine.start(DatanodeStateMachine.java:269)
	at org.apache.hadoop.ozone.container.common.statemachine.DatanodeStateMachine.lambda$startDaemon$0(DatanodeStateMachine.java:455)
	at java.lang.Thread.run(Thread.java:748)
Caused by: java.util.concurrent.TimeoutException
	at java.util.concurrent.FutureTask.get(FutureTask.java:205)
	at org.apache.hadoop.ozone.container.common.states.datanode.RunningDatanodeState.lambda$execute$0(RunningDatanodeState.java:149)
	at java.util.concurrent.FutureTask.run(FutureTask.java:266)
	at java.util.concurrent.Executors$RunnableAdapter.call(Executors.java:511)
	at java.util.concurrent.FutureTask.run(FutureTask.java:266)
	at java.util.concurrent.ThreadPoolExecutor.runWorker(ThreadPoolExecutor.java:1149)
	at java.util.concurrent.ThreadPoolExecutor$Worker.run(ThreadPoolExecutor.java:624)
	... 1 more
2021-07-27 15:00:32,196 [b07764cb-34df-45d7-9560-8ac949593b7a@group-6D50A358B8D8->5fdc2252-45b1-4cf6-9f05-f5a52225645a-GrpcLogAppender-LogAppenderDaemon] INFO  server.GrpcLogAppender (GrpcLogAppender.java:installSnapshot(524)) - b07764cb-34df-45d7-9560-8ac949593b7a@group-6D50A358B8D8->5fdc2252-45b1-4cf6-9f05-f5a52225645a-GrpcLogAppender: followerNextIndex = 0 but logStartIndex = 105, notify follower to install snapshot-(t:2, i:105)
2021-07-27 15:00:32,196 [b07764cb-34df-45d7-9560-8ac949593b7a@group-6D50A358B8D8->5fdc2252-45b1-4cf6-9f05-f5a52225645a-GrpcLogAppender-LogAppenderDaemon] INFO  server.GrpcLogAppender (GrpcLogAppender.java:installSnapshot(532)) - b07764cb-34df-45d7-9560-8ac949593b7a@group-6D50A358B8D8->5fdc2252-45b1-4cf6-9f05-f5a52225645a-GrpcLogAppender: send b07764cb-34df-45d7-9560-8ac949593b7a->5fdc2252-45b1-4cf6-9f05-f5a52225645a#0-t2,notify:(t:2, i:105)
2021-07-27 15:00:32,197 [grpc-default-executor-1] INFO  server.RaftServer$Division (RaftServerImpl.java:checkInconsistentAppendEntries(1293)) - 5fdc2252-45b1-4cf6-9f05-f5a52225645a@group-6D50A358B8D8: Failed appendEntries as snapshot ((t:2, i:105)) installation is in progress
2021-07-27 15:00:32,197 [grpc-default-executor-1] INFO  server.RaftServer$Division (RaftServerImpl.java:checkInconsistentAppendEntries(1285)) - 5fdc2252-45b1-4cf6-9f05-f5a52225645a@group-6D50A358B8D8: inconsistency entries. Reply:b07764cb-34df-45d7-9560-8ac949593b7a<-5fdc2252-45b1-4cf6-9f05-f5a52225645a#19:FAIL-t2,INCONSISTENCY,nextIndex=0,followerCommit=-1
2021-07-27 15:00:32,197 [grpc-default-executor-1] INFO  leader.FollowerInfo (FollowerInfoImpl.java:lambda$new$0(46)) - b07764cb-34df-45d7-9560-8ac949593b7a@group-6D50A358B8D8->5fdc2252-45b1-4cf6-9f05-f5a52225645a: nextIndex: updateUnconditionally 0 -> 0
2021-07-27 15:00:32,198 [grpc-default-executor-2] INFO  server.RaftServer$Division (RaftServerImpl.java:installSnapshot(1329)) - 5fdc2252-45b1-4cf6-9f05-f5a52225645a@group-6D50A358B8D8: receive installSnapshot: b07764cb-34df-45d7-9560-8ac949593b7a->5fdc2252-45b1-4cf6-9f05-f5a52225645a#0-t2,notify:(t:2, i:105)
2021-07-27 15:00:32,198 [grpc-default-executor-2] INFO  server.RaftServer$Division (RaftServerImpl.java:notifyStateMachineToInstallSnapshot(1611)) - 5fdc2252-45b1-4cf6-9f05-f5a52225645a@group-6D50A358B8D8: Snapshot Installation by StateMachine is in progress.
2021-07-27 15:00:32,198 [grpc-default-executor-2] INFO  server.RaftServer$Division (RaftServerImpl.java:installSnapshotImpl(1459)) - 5fdc2252-45b1-4cf6-9f05-f5a52225645a@group-6D50A358B8D8: set new configuration index: 5
configurationEntry {
  peers {
    id: "112e9cde-9cb9-43e4-9ef1-6a6d7fd9222c"
    address: "localhost:15426"
  }
  peers {
    id: "b07764cb-34df-45d7-9560-8ac949593b7a"
    address: "localhost:15416"
  }
}
 from snapshot
2021-07-27 15:00:32,198 [grpc-default-executor-2] INFO  server.RaftServer$Division (ServerState.java:setRaftConf(387)) - 5fdc2252-45b1-4cf6-9f05-f5a52225645a@group-6D50A358B8D8: set configuration 5: [112e9cde-9cb9-43e4-9ef1-6a6d7fd9222c|rpc:localhost:15426|admin:|client:|dataStream:|priority:0, b07764cb-34df-45d7-9560-8ac949593b7a|rpc:localhost:15416|admin:|client:|dataStream:|priority:0], old=null
2021-07-27 15:00:32,198 [grpc-default-executor-2] INFO  server.RaftServer$Division (RaftServerImpl.java:installSnapshot(1340)) - 5fdc2252-45b1-4cf6-9f05-f5a52225645a@group-6D50A358B8D8: reply installSnapshot: b07764cb-34df-45d7-9560-8ac949593b7a<-5fdc2252-45b1-4cf6-9f05-f5a52225645a#0:FAIL-t2,IN_PROGRESS
2021-07-27 15:00:32,199 [grpc-default-executor-2] INFO  server.GrpcServerProtocolService (GrpcServerProtocolService.java:onCompleted(140)) - 5fdc2252-45b1-4cf6-9f05-f5a52225645a: Completed INSTALL_SNAPSHOT, lastRequest: b07764cb-34df-45d7-9560-8ac949593b7a->5fdc2252-45b1-4cf6-9f05-f5a52225645a#0-t2,notify:(t:2, i:105)
2021-07-27 15:00:32,199 [grpc-default-executor-1] INFO  server.GrpcLogAppender (GrpcLogAppender.java:onNext(400)) - b07764cb-34df-45d7-9560-8ac949593b7a@group-6D50A358B8D8->5fdc2252-45b1-4cf6-9f05-f5a52225645a-InstallSnapshotResponseHandler: received a reply b07764cb-34df-45d7-9560-8ac949593b7a<-5fdc2252-45b1-4cf6-9f05-f5a52225645a#0:FAIL-t2,IN_PROGRESS
2021-07-27 15:00:32,199 [grpc-default-executor-1] INFO  server.GrpcLogAppender (GrpcLogAppender.java:onNext(417)) - b07764cb-34df-45d7-9560-8ac949593b7a@group-6D50A358B8D8->5fdc2252-45b1-4cf6-9f05-f5a52225645a-InstallSnapshotResponseHandler: InstallSnapshot in progress.
2021-07-27 15:00:32,200 [b07764cb-34df-45d7-9560-8ac949593b7a@group-6D50A358B8D8->5fdc2252-45b1-4cf6-9f05-f5a52225645a-GrpcLogAppender-LogAppenderDaemon] INFO  server.GrpcLogAppender (GrpcLogAppender.java:installSnapshot(524)) - b07764cb-34df-45d7-9560-8ac949593b7a@group-6D50A358B8D8->5fdc2252-45b1-4cf6-9f05-f5a52225645a-GrpcLogAppender: followerNextIndex = 0 but logStartIndex = 105, notify follower to install snapshot-(t:2, i:105)
2021-07-27 15:00:32,200 [b07764cb-34df-45d7-9560-8ac949593b7a@group-6D50A358B8D8->5fdc2252-45b1-4cf6-9f05-f5a52225645a-GrpcLogAppender-LogAppenderDaemon] INFO  server.GrpcLogAppender (GrpcLogAppender.java:installSnapshot(532)) - b07764cb-34df-45d7-9560-8ac949593b7a@group-6D50A358B8D8->5fdc2252-45b1-4cf6-9f05-f5a52225645a-GrpcLogAppender: send b07764cb-34df-45d7-9560-8ac949593b7a->5fdc2252-45b1-4cf6-9f05-f5a52225645a#0-t2,notify:(t:2, i:105)
2021-07-27 15:00:32,201 [grpc-default-executor-3] INFO  server.RaftServer$Division (RaftServerImpl.java:checkInconsistentAppendEntries(1293)) - 5fdc2252-45b1-4cf6-9f05-f5a52225645a@group-6D50A358B8D8: Failed appendEntries as snapshot ((t:2, i:105)) installation is in progress
2021-07-27 15:00:32,201 [grpc-default-executor-3] INFO  server.RaftServer$Division (RaftServerImpl.java:checkInconsistentAppendEntries(1285)) - 5fdc2252-45b1-4cf6-9f05-f5a52225645a@group-6D50A358B8D8: inconsistency entries. Reply:b07764cb-34df-45d7-9560-8ac949593b7a<-5fdc2252-45b1-4cf6-9f05-f5a52225645a#20:FAIL-t2,INCONSISTENCY,nextIndex=0,followerCommit=-1
2021-07-27 15:00:32,202 [grpc-default-executor-3] INFO  leader.FollowerInfo (FollowerInfoImpl.java:lambda$new$0(46)) - b07764cb-34df-45d7-9560-8ac949593b7a@group-6D50A358B8D8->5fdc2252-45b1-4cf6-9f05-f5a52225645a: nextIndex: updateUnconditionally 0 -> 0
2021-07-27 15:00:32,203 [grpc-default-executor-1] INFO  server.RaftServer$Division (RaftServerImpl.java:installSnapshot(1329)) - 5fdc2252-45b1-4cf6-9f05-f5a52225645a@group-6D50A358B8D8: receive installSnapshot: b07764cb-34df-45d7-9560-8ac949593b7a->5fdc2252-45b1-4cf6-9f05-f5a52225645a#0-t2,notify:(t:2, i:105)
2021-07-27 15:00:32,203 [grpc-default-executor-1] INFO  server.RaftServer$Division (RaftServerImpl.java:notifyStateMachineToInstallSnapshot(1611)) - 5fdc2252-45b1-4cf6-9f05-f5a52225645a@group-6D50A358B8D8: Snapshot Installation by StateMachine is in progress.
2021-07-27 15:00:32,204 [grpc-default-executor-1] INFO  server.RaftServer$Division (RaftServerImpl.java:installSnapshotImpl(1459)) - 5fdc2252-45b1-4cf6-9f05-f5a52225645a@group-6D50A358B8D8: set new configuration index: 5
configurationEntry {
  peers {
    id: "112e9cde-9cb9-43e4-9ef1-6a6d7fd9222c"
    address: "localhost:15426"
  }
  peers {
    id: "b07764cb-34df-45d7-9560-8ac949593b7a"
    address: "localhost:15416"
  }
}
 from snapshot
2021-07-27 15:00:32,204 [grpc-default-executor-1] INFO  server.RaftServer$Division (ServerState.java:setRaftConf(387)) - 5fdc2252-45b1-4cf6-9f05-f5a52225645a@group-6D50A358B8D8: set configuration 5: [112e9cde-9cb9-43e4-9ef1-6a6d7fd9222c|rpc:localhost:15426|admin:|client:|dataStream:|priority:0, b07764cb-34df-45d7-9560-8ac949593b7a|rpc:localhost:15416|admin:|client:|dataStream:|priority:0], old=null
2021-07-27 15:00:32,204 [grpc-default-executor-1] INFO  server.RaftServer$Division (RaftServerImpl.java:installSnapshot(1340)) - 5fdc2252-45b1-4cf6-9f05-f5a52225645a@group-6D50A358B8D8: reply installSnapshot: b07764cb-34df-45d7-9560-8ac949593b7a<-5fdc2252-45b1-4cf6-9f05-f5a52225645a#0:FAIL-t2,IN_PROGRESS
2021-07-27 15:00:32,204 [grpc-default-executor-1] INFO  server.GrpcServerProtocolService (GrpcServerProtocolService.java:onCompleted(140)) - 5fdc2252-45b1-4cf6-9f05-f5a52225645a: Completed INSTALL_SNAPSHOT, lastRequest: b07764cb-34df-45d7-9560-8ac949593b7a->5fdc2252-45b1-4cf6-9f05-f5a52225645a#0-t2,notify:(t:2, i:105)
2021-07-27 15:00:32,205 [grpc-default-executor-3] INFO  server.GrpcLogAppender (GrpcLogAppender.java:onNext(400)) - b07764cb-34df-45d7-9560-8ac949593b7a@group-6D50A358B8D8->5fdc2252-45b1-4cf6-9f05-f5a52225645a-InstallSnapshotResponseHandler: received a reply b07764cb-34df-45d7-9560-8ac949593b7a<-5fdc2252-45b1-4cf6-9f05-f5a52225645a#0:FAIL-t2,IN_PROGRESS
2021-07-27 15:00:32,205 [grpc-default-executor-3] INFO  server.GrpcLogAppender (GrpcLogAppender.java:onNext(417)) - b07764cb-34df-45d7-9560-8ac949593b7a@group-6D50A358B8D8->5fdc2252-45b1-4cf6-9f05-f5a52225645a-InstallSnapshotResponseHandler: InstallSnapshot in progress.
2021-07-27 15:00:32,205 [b07764cb-34df-45d7-9560-8ac949593b7a@group-6D50A358B8D8->5fdc2252-45b1-4cf6-9f05-f5a52225645a-GrpcLogAppender-LogAppenderDaemon] INFO  server.GrpcLogAppender (GrpcLogAppender.java:installSnapshot(524)) - b07764cb-34df-45d7-9560-8ac949593b7a@group-6D50A358B8D8->5fdc2252-45b1-4cf6-9f05-f5a52225645a-GrpcLogAppender: followerNextIndex = 0 but logStartIndex = 105, notify follower to install snapshot-(t:2, i:105)
2021-07-27 15:00:32,206 [b07764cb-34df-45d7-9560-8ac949593b7a@group-6D50A358B8D8->5fdc2252-45b1-4cf6-9f05-f5a52225645a-GrpcLogAppender-LogAppenderDaemon] INFO  server.GrpcLogAppender (GrpcLogAppender.java:installSnapshot(532)) - b07764cb-34df-45d7-9560-8ac949593b7a@group-6D50A358B8D8->5fdc2252-45b1-4cf6-9f05-f5a52225645a-GrpcLogAppender: send b07764cb-34df-45d7-9560-8ac949593b7a->5fdc2252-45b1-4cf6-9f05-f5a52225645a#0-t2,notify:(t:2, i:105)
2021-07-27 15:00:32,207 [grpc-default-executor-1] INFO  server.RaftServer$Division (RaftServerImpl.java:checkInconsistentAppendEntries(1293)) - 5fdc2252-45b1-4cf6-9f05-f5a52225645a@group-6D50A358B8D8: Failed appendEntries as snapshot ((t:2, i:105)) installation is in progress
2021-07-27 15:00:32,207 [grpc-default-executor-1] INFO  server.RaftServer$Division (RaftServerImpl.java:checkInconsistentAppendEntries(1285)) - 5fdc2252-45b1-4cf6-9f05-f5a52225645a@group-6D50A358B8D8: inconsistency entries. Reply:b07764cb-34df-45d7-9560-8ac949593b7a<-5fdc2252-45b1-4cf6-9f05-f5a52225645a#21:FAIL-t2,INCONSISTENCY,nextIndex=0,followerCommit=-1
2021-07-27 15:00:32,208 [grpc-default-executor-3] INFO  server.RaftServer$Division (RaftServerImpl.java:installSnapshot(1329)) - 5fdc2252-45b1-4cf6-9f05-f5a52225645a@group-6D50A358B8D8: receive installSnapshot: b07764cb-34df-45d7-9560-8ac949593b7a->5fdc2252-45b1-4cf6-9f05-f5a52225645a#0-t2,notify:(t:2, i:105)
2021-07-27 15:00:32,208 [grpc-default-executor-3] INFO  server.RaftServer$Division (RaftServerImpl.java:notifyStateMachineToInstallSnapshot(1611)) - 5fdc2252-45b1-4cf6-9f05-f5a52225645a@group-6D50A358B8D8: Snapshot Installation by StateMachine is in progress.
2021-07-27 15:00:32,208 [grpc-default-executor-3] INFO  server.RaftServer$Division (RaftServerImpl.java:installSnapshotImpl(1459)) - 5fdc2252-45b1-4cf6-9f05-f5a52225645a@group-6D50A358B8D8: set new configuration index: 5
configurationEntry {
  peers {
    id: "112e9cde-9cb9-43e4-9ef1-6a6d7fd9222c"
    address: "localhost:15426"
  }
  peers {
    id: "b07764cb-34df-45d7-9560-8ac949593b7a"
    address: "localhost:15416"
  }
}
 from snapshot
2021-07-27 15:00:32,208 [grpc-default-executor-3] INFO  server.RaftServer$Division (ServerState.java:setRaftConf(387)) - 5fdc2252-45b1-4cf6-9f05-f5a52225645a@group-6D50A358B8D8: set configuration 5: [112e9cde-9cb9-43e4-9ef1-6a6d7fd9222c|rpc:localhost:15426|admin:|client:|dataStream:|priority:0, b07764cb-34df-45d7-9560-8ac949593b7a|rpc:localhost:15416|admin:|client:|dataStream:|priority:0], old=null
2021-07-27 15:00:32,208 [grpc-default-executor-3] INFO  server.RaftServer$Division (RaftServerImpl.java:installSnapshot(1340)) - 5fdc2252-45b1-4cf6-9f05-f5a52225645a@group-6D50A358B8D8: reply installSnapshot: b07764cb-34df-45d7-9560-8ac949593b7a<-5fdc2252-45b1-4cf6-9f05-f5a52225645a#0:FAIL-t2,IN_PROGRESS
2021-07-27 15:00:32,208 [grpc-default-executor-3] INFO  server.GrpcServerProtocolService (GrpcServerProtocolService.java:onCompleted(140)) - 5fdc2252-45b1-4cf6-9f05-f5a52225645a: Completed INSTALL_SNAPSHOT, lastRequest: b07764cb-34df-45d7-9560-8ac949593b7a->5fdc2252-45b1-4cf6-9f05-f5a52225645a#0-t2,notify:(t:2, i:105)
2021-07-27 15:00:32,209 [grpc-default-executor-2] INFO  server.GrpcLogAppender (GrpcLogAppender.java:onNext(400)) - b07764cb-34df-45d7-9560-8ac949593b7a@group-6D50A358B8D8->5fdc2252-45b1-4cf6-9f05-f5a52225645a-InstallSnapshotResponseHandler: received a reply b07764cb-34df-45d7-9560-8ac949593b7a<-5fdc2252-45b1-4cf6-9f05-f5a52225645a#0:FAIL-t2,IN_PROGRESS
2021-07-27 15:00:32,209 [grpc-default-executor-2] INFO  server.GrpcLogAppender (GrpcLogAppender.java:onNext(417)) - b07764cb-34df-45d7-9560-8ac949593b7a@group-6D50A358B8D8->5fdc2252-45b1-4cf6-9f05-f5a52225645a-InstallSnapshotResponseHandler: InstallSnapshot in progress.
2021-07-27 15:00:32,209 [grpc-default-executor-1] INFO  leader.FollowerInfo (FollowerInfoImpl.java:lambda$new$0(46)) - b07764cb-34df-45d7-9560-8ac949593b7a@group-6D50A358B8D8->5fdc2252-45b1-4cf6-9f05-f5a52225645a: nextIndex: updateUnconditionally 0 -> 0
2021-07-27 15:00:32,210 [b07764cb-34df-45d7-9560-8ac949593b7a@group-6D50A358B8D8->5fdc2252-45b1-4cf6-9f05-f5a52225645a-GrpcLogAppender-LogAppenderDaemon] INFO  server.GrpcLogAppender (GrpcLogAppender.java:installSnapshot(524)) - b07764cb-34df-45d7-9560-8ac949593b7a@group-6D50A358B8D8->5fdc2252-45b1-4cf6-9f05-f5a52225645a-GrpcLogAppender: followerNextIndex = 0 but logStartIndex = 105, notify follower to install snapshot-(t:2, i:105)
2021-07-27 15:00:32,210 [b07764cb-34df-45d7-9560-8ac949593b7a@group-6D50A358B8D8->5fdc2252-45b1-4cf6-9f05-f5a52225645a-GrpcLogAppender-LogAppenderDaemon] INFO  server.GrpcLogAppender (GrpcLogAppender.java:installSnapshot(532)) - b07764cb-34df-45d7-9560-8ac949593b7a@group-6D50A358B8D8->5fdc2252-45b1-4cf6-9f05-f5a52225645a-GrpcLogAppender: send b07764cb-34df-45d7-9560-8ac949593b7a->5fdc2252-45b1-4cf6-9f05-f5a52225645a#0-t2,notify:(t:2, i:105)
2021-07-27 15:00:32,211 [grpc-default-executor-1] INFO  server.RaftServer$Division (RaftServerImpl.java:checkInconsistentAppendEntries(1293)) - 5fdc2252-45b1-4cf6-9f05-f5a52225645a@group-6D50A358B8D8: Failed appendEntries as snapshot ((t:2, i:105)) installation is in progress
2021-07-27 15:00:32,211 [grpc-default-executor-1] INFO  server.RaftServer$Division (RaftServerImpl.java:checkInconsistentAppendEntries(1285)) - 5fdc2252-45b1-4cf6-9f05-f5a52225645a@group-6D50A358B8D8: inconsistency entries. Reply:b07764cb-34df-45d7-9560-8ac949593b7a<-5fdc2252-45b1-4cf6-9f05-f5a52225645a#22:FAIL-t2,INCONSISTENCY,nextIndex=0,followerCommit=-1
2021-07-27 15:00:32,211 [grpc-default-executor-1] INFO  leader.FollowerInfo (FollowerInfoImpl.java:lambda$new$0(46)) - b07764cb-34df-45d7-9560-8ac949593b7a@group-6D50A358B8D8->5fdc2252-45b1-4cf6-9f05-f5a52225645a: nextIndex: updateUnconditionally 0 -> 0
2021-07-27 15:00:32,212 [grpc-default-executor-2] INFO  server.RaftServer$Division (RaftServerImpl.java:installSnapshot(1329)) - 5fdc2252-45b1-4cf6-9f05-f5a52225645a@group-6D50A358B8D8: receive installSnapshot: b07764cb-34df-45d7-9560-8ac949593b7a->5fdc2252-45b1-4cf6-9f05-f5a52225645a#0-t2,notify:(t:2, i:105)
2021-07-27 15:00:32,212 [grpc-default-executor-2] INFO  server.RaftServer$Division (RaftServerImpl.java:notifyStateMachineToInstallSnapshot(1611)) - 5fdc2252-45b1-4cf6-9f05-f5a52225645a@group-6D50A358B8D8: Snapshot Installation by StateMachine is in progress.
2021-07-27 15:00:32,212 [grpc-default-executor-2] INFO  server.RaftServer$Division (RaftServerImpl.java:installSnapshotImpl(1459)) - 5fdc2252-45b1-4cf6-9f05-f5a52225645a@group-6D50A358B8D8: set new configuration index: 5
configurationEntry {
  peers {
    id: "112e9cde-9cb9-43e4-9ef1-6a6d7fd9222c"
    address: "localhost:15426"
  }
  peers {
    id: "b07764cb-34df-45d7-9560-8ac949593b7a"
    address: "localhost:15416"
  }
}
 from snapshot
2021-07-27 15:00:32,212 [grpc-default-executor-2] INFO  server.RaftServer$Division (ServerState.java:setRaftConf(387)) - 5fdc2252-45b1-4cf6-9f05-f5a52225645a@group-6D50A358B8D8: set configuration 5: [112e9cde-9cb9-43e4-9ef1-6a6d7fd9222c|rpc:localhost:15426|admin:|client:|dataStream:|priority:0, b07764cb-34df-45d7-9560-8ac949593b7a|rpc:localhost:15416|admin:|client:|dataStream:|priority:0], old=null
2021-07-27 15:00:32,213 [grpc-default-executor-2] INFO  server.RaftServer$Division (RaftServerImpl.java:installSnapshot(1340)) - 5fdc2252-45b1-4cf6-9f05-f5a52225645a@group-6D50A358B8D8: reply installSnapshot: b07764cb-34df-45d7-9560-8ac949593b7a<-5fdc2252-45b1-4cf6-9f05-f5a52225645a#0:FAIL-t2,IN_PROGRESS
2021-07-27 15:00:32,213 [grpc-default-executor-2] INFO  server.GrpcServerProtocolService (GrpcServerProtocolService.java:onCompleted(140)) - 5fdc2252-45b1-4cf6-9f05-f5a52225645a: Completed INSTALL_SNAPSHOT, lastRequest: b07764cb-34df-45d7-9560-8ac949593b7a->5fdc2252-45b1-4cf6-9f05-f5a52225645a#0-t2,notify:(t:2, i:105)
2021-07-27 15:00:32,214 [grpc-default-executor-2] INFO  server.GrpcLogAppender (GrpcLogAppender.java:onNext(400)) - b07764cb-34df-45d7-9560-8ac949593b7a@group-6D50A358B8D8->5fdc2252-45b1-4cf6-9f05-f5a52225645a-InstallSnapshotResponseHandler: received a reply b07764cb-34df-45d7-9560-8ac949593b7a<-5fdc2252-45b1-4cf6-9f05-f5a52225645a#0:FAIL-t2,IN_PROGRESS
2021-07-27 15:00:32,214 [grpc-default-executor-2] INFO  server.GrpcLogAppender (GrpcLogAppender.java:onNext(417)) - b07764cb-34df-45d7-9560-8ac949593b7a@group-6D50A358B8D8->5fdc2252-45b1-4cf6-9f05-f5a52225645a-InstallSnapshotResponseHandler: InstallSnapshot in progress.
2021-07-27 15:00:32,215 [b07764cb-34df-45d7-9560-8ac949593b7a@group-6D50A358B8D8->5fdc2252-45b1-4cf6-9f05-f5a52225645a-GrpcLogAppender-LogAppenderDaemon] INFO  server.GrpcLogAppender (GrpcLogAppender.java:installSnapshot(524)) - b07764cb-34df-45d7-9560-8ac949593b7a@group-6D50A358B8D8->5fdc2252-45b1-4cf6-9f05-f5a52225645a-GrpcLogAppender: followerNextIndex = 0 but logStartIndex = 105, notify follower to install snapshot-(t:2, i:105)
2021-07-27 15:00:32,215 [b07764cb-34df-45d7-9560-8ac949593b7a@group-6D50A358B8D8->5fdc2252-45b1-4cf6-9f05-f5a52225645a-GrpcLogAppender-LogAppenderDaemon] INFO  server.GrpcLogAppender (GrpcLogAppender.java:installSnapshot(532)) - b07764cb-34df-45d7-9560-8ac949593b7a@group-6D50A358B8D8->5fdc2252-45b1-4cf6-9f05-f5a52225645a-GrpcLogAppender: send b07764cb-34df-45d7-9560-8ac949593b7a->5fdc2252-45b1-4cf6-9f05-f5a52225645a#0-t2,notify:(t:2, i:105)
2021-07-27 15:00:32,217 [grpc-default-executor-1] INFO  server.RaftServer$Division (RaftServerImpl.java:checkInconsistentAppendEntries(1293)) - 5fdc2252-45b1-4cf6-9f05-f5a52225645a@group-6D50A358B8D8: Failed appendEntries as snapshot ((t:2, i:105)) installation is in progress
2021-07-27 15:00:32,217 [grpc-default-executor-1] INFO  server.RaftServer$Division (RaftServerImpl.java:checkInconsistentAppendEntries(1285)) - 5fdc2252-45b1-4cf6-9f05-f5a52225645a@group-6D50A358B8D8: inconsistency entries. Reply:b07764cb-34df-45d7-9560-8ac949593b7a<-5fdc2252-45b1-4cf6-9f05-f5a52225645a#23:FAIL-t2,INCONSISTENCY,nextIndex=0,followerCommit=-1
2021-07-27 15:00:32,217 [grpc-default-executor-1] INFO  leader.FollowerInfo (FollowerInfoImpl.java:lambda$new$0(46)) - b07764cb-34df-45d7-9560-8ac949593b7a@group-6D50A358B8D8->5fdc2252-45b1-4cf6-9f05-f5a52225645a: nextIndex: updateUnconditionally 0 -> 0
2021-07-27 15:00:32,223 [0f3e4899-df55-4e14-9f73-38fb9ca0f37c@group-5F5B1A469043-FollowerState] INFO  impl.FollowerState (FollowerState.java:run(134)) - 0f3e4899-df55-4e14-9f73-38fb9ca0f37c@group-5F5B1A469043-FollowerState: change to CANDIDATE, lastRpcElapsedTime:5126000621ns, electionTimeout:5116ms
2021-07-27 15:00:32,223 [grpc-default-executor-2] INFO  server.RaftServer$Division (RaftServerImpl.java:installSnapshot(1329)) - 5fdc2252-45b1-4cf6-9f05-f5a52225645a@group-6D50A358B8D8: receive installSnapshot: b07764cb-34df-45d7-9560-8ac949593b7a->5fdc2252-45b1-4cf6-9f05-f5a52225645a#0-t2,notify:(t:2, i:105)
2021-07-27 15:00:32,224 [grpc-default-executor-2] INFO  server.RaftServer$Division (RaftServerImpl.java:notifyStateMachineToInstallSnapshot(1611)) - 5fdc2252-45b1-4cf6-9f05-f5a52225645a@group-6D50A358B8D8: Snapshot Installation by StateMachine is in progress.
2021-07-27 15:00:32,224 [0f3e4899-df55-4e14-9f73-38fb9ca0f37c@group-5F5B1A469043-FollowerState] INFO  impl.RoleInfo (RoleInfo.java:shutdownFollowerState(108)) - 0f3e4899-df55-4e14-9f73-38fb9ca0f37c: shutdown 0f3e4899-df55-4e14-9f73-38fb9ca0f37c@group-5F5B1A469043-FollowerState
2021-07-27 15:00:32,224 [0f3e4899-df55-4e14-9f73-38fb9ca0f37c@group-5F5B1A469043-FollowerState] INFO  server.RaftServer$Division (RaftServerImpl.java:setRole(285)) - 0f3e4899-df55-4e14-9f73-38fb9ca0f37c@group-5F5B1A469043: changes role from  FOLLOWER to CANDIDATE at term 3 for changeToCandidate
2021-07-27 15:00:32,224 [grpc-default-executor-2] INFO  server.RaftServer$Division (RaftServerImpl.java:installSnapshotImpl(1459)) - 5fdc2252-45b1-4cf6-9f05-f5a52225645a@group-6D50A358B8D8: set new configuration index: 5
configurationEntry {
  peers {
    id: "112e9cde-9cb9-43e4-9ef1-6a6d7fd9222c"
    address: "localhost:15426"
  }
  peers {
    id: "b07764cb-34df-45d7-9560-8ac949593b7a"
    address: "localhost:15416"
  }
}
 from snapshot
2021-07-27 15:00:32,224 [grpc-default-executor-2] INFO  server.RaftServer$Division (ServerState.java:setRaftConf(387)) - 5fdc2252-45b1-4cf6-9f05-f5a52225645a@group-6D50A358B8D8: set configuration 5: [112e9cde-9cb9-43e4-9ef1-6a6d7fd9222c|rpc:localhost:15426|admin:|client:|dataStream:|priority:0, b07764cb-34df-45d7-9560-8ac949593b7a|rpc:localhost:15416|admin:|client:|dataStream:|priority:0], old=null
2021-07-27 15:00:32,224 [grpc-default-executor-2] INFO  server.RaftServer$Division (RaftServerImpl.java:installSnapshot(1340)) - 5fdc2252-45b1-4cf6-9f05-f5a52225645a@group-6D50A358B8D8: reply installSnapshot: b07764cb-34df-45d7-9560-8ac949593b7a<-5fdc2252-45b1-4cf6-9f05-f5a52225645a#0:FAIL-t2,IN_PROGRESS
2021-07-27 15:00:32,224 [grpc-default-executor-2] INFO  server.GrpcServerProtocolService (GrpcServerProtocolService.java:onCompleted(140)) - 5fdc2252-45b1-4cf6-9f05-f5a52225645a: Completed INSTALL_SNAPSHOT, lastRequest: b07764cb-34df-45d7-9560-8ac949593b7a->5fdc2252-45b1-4cf6-9f05-f5a52225645a#0-t2,notify:(t:2, i:105)
2021-07-27 15:00:32,225 [grpc-default-executor-1] INFO  server.GrpcLogAppender (GrpcLogAppender.java:onNext(400)) - b07764cb-34df-45d7-9560-8ac949593b7a@group-6D50A358B8D8->5fdc2252-45b1-4cf6-9f05-f5a52225645a-InstallSnapshotResponseHandler: received a reply b07764cb-34df-45d7-9560-8ac949593b7a<-5fdc2252-45b1-4cf6-9f05-f5a52225645a#0:FAIL-t2,IN_PROGRESS
2021-07-27 15:00:32,225 [grpc-default-executor-1] INFO  server.GrpcLogAppender (GrpcLogAppender.java:onNext(417)) - b07764cb-34df-45d7-9560-8ac949593b7a@group-6D50A358B8D8->5fdc2252-45b1-4cf6-9f05-f5a52225645a-InstallSnapshotResponseHandler: InstallSnapshot in progress.
2021-07-27 15:00:32,224 [0f3e4899-df55-4e14-9f73-38fb9ca0f37c@group-5F5B1A469043-FollowerState] INFO  server.RaftServerConfigKeys (ConfUtils.java:logGet(44)) - raft.server.leaderelection.pre-vote = false (custom)
2021-07-27 15:00:32,226 [grpc-default-executor-2] INFO  server.RaftServer$Division (RaftServerImpl.java:checkInconsistentAppendEntries(1293)) - 5fdc2252-45b1-4cf6-9f05-f5a52225645a@group-6D50A358B8D8: Failed appendEntries as snapshot ((t:2, i:105)) installation is in progress
2021-07-27 15:00:32,226 [grpc-default-executor-2] INFO  server.RaftServer$Division (RaftServerImpl.java:checkInconsistentAppendEntries(1285)) - 5fdc2252-45b1-4cf6-9f05-f5a52225645a@group-6D50A358B8D8: inconsistency entries. Reply:b07764cb-34df-45d7-9560-8ac949593b7a<-5fdc2252-45b1-4cf6-9f05-f5a52225645a#24:FAIL-t2,INCONSISTENCY,nextIndex=0,followerCommit=-1
2021-07-27 15:00:32,226 [b07764cb-34df-45d7-9560-8ac949593b7a@group-6D50A358B8D8->5fdc2252-45b1-4cf6-9f05-f5a52225645a-GrpcLogAppender-LogAppenderDaemon] INFO  server.GrpcLogAppender (GrpcLogAppender.java:installSnapshot(524)) - b07764cb-34df-45d7-9560-8ac949593b7a@group-6D50A358B8D8->5fdc2252-45b1-4cf6-9f05-f5a52225645a-GrpcLogAppender: followerNextIndex = 0 but logStartIndex = 105, notify follower to install snapshot-(t:2, i:105)
2021-07-27 15:00:32,226 [b07764cb-34df-45d7-9560-8ac949593b7a@group-6D50A358B8D8->5fdc2252-45b1-4cf6-9f05-f5a52225645a-GrpcLogAppender-LogAppenderDaemon] INFO  server.GrpcLogAppender (GrpcLogAppender.java:installSnapshot(532)) - b07764cb-34df-45d7-9560-8ac949593b7a@group-6D50A358B8D8->5fdc2252-45b1-4cf6-9f05-f5a52225645a-GrpcLogAppender: send b07764cb-34df-45d7-9560-8ac949593b7a->5fdc2252-45b1-4cf6-9f05-f5a52225645a#0-t2,notify:(t:2, i:105)
2021-07-27 15:00:32,227 [grpc-default-executor-2] INFO  leader.FollowerInfo (FollowerInfoImpl.java:lambda$new$0(46)) - b07764cb-34df-45d7-9560-8ac949593b7a@group-6D50A358B8D8->5fdc2252-45b1-4cf6-9f05-f5a52225645a: nextIndex: updateUnconditionally 0 -> 0
2021-07-27 15:00:32,226 [0f3e4899-df55-4e14-9f73-38fb9ca0f37c@group-5F5B1A469043-FollowerState] INFO  impl.RoleInfo (RoleInfo.java:updateAndGet(130)) - 0f3e4899-df55-4e14-9f73-38fb9ca0f37c: start 0f3e4899-df55-4e14-9f73-38fb9ca0f37c@group-5F5B1A469043-LeaderElection12
2021-07-27 15:00:32,233 [grpc-default-executor-2] INFO  server.RaftServer$Division (RaftServerImpl.java:installSnapshot(1329)) - 5fdc2252-45b1-4cf6-9f05-f5a52225645a@group-6D50A358B8D8: receive installSnapshot: b07764cb-34df-45d7-9560-8ac949593b7a->5fdc2252-45b1-4cf6-9f05-f5a52225645a#0-t2,notify:(t:2, i:105)
2021-07-27 15:00:32,233 [grpc-default-executor-2] INFO  server.RaftServer$Division (RaftServerImpl.java:notifyStateMachineToInstallSnapshot(1611)) - 5fdc2252-45b1-4cf6-9f05-f5a52225645a@group-6D50A358B8D8: Snapshot Installation by StateMachine is in progress.
2021-07-27 15:00:32,234 [grpc-default-executor-2] INFO  server.RaftServer$Division (RaftServerImpl.java:installSnapshotImpl(1459)) - 5fdc2252-45b1-4cf6-9f05-f5a52225645a@group-6D50A358B8D8: set new configuration index: 5
configurationEntry {
  peers {
    id: "112e9cde-9cb9-43e4-9ef1-6a6d7fd9222c"
    address: "localhost:15426"
  }
  peers {
    id: "b07764cb-34df-45d7-9560-8ac949593b7a"
    address: "localhost:15416"
  }
}
 from snapshot
2021-07-27 15:00:32,234 [grpc-default-executor-2] INFO  server.RaftServer$Division (ServerState.java:setRaftConf(387)) - 5fdc2252-45b1-4cf6-9f05-f5a52225645a@group-6D50A358B8D8: set configuration 5: [112e9cde-9cb9-43e4-9ef1-6a6d7fd9222c|rpc:localhost:15426|admin:|client:|dataStream:|priority:0, b07764cb-34df-45d7-9560-8ac949593b7a|rpc:localhost:15416|admin:|client:|dataStream:|priority:0], old=null
2021-07-27 15:00:32,234 [grpc-default-executor-2] INFO  server.RaftServer$Division (RaftServerImpl.java:installSnapshot(1340)) - 5fdc2252-45b1-4cf6-9f05-f5a52225645a@group-6D50A358B8D8: reply installSnapshot: b07764cb-34df-45d7-9560-8ac949593b7a<-5fdc2252-45b1-4cf6-9f05-f5a52225645a#0:FAIL-t2,IN_PROGRESS
2021-07-27 15:00:32,234 [grpc-default-executor-2] INFO  server.GrpcServerProtocolService (GrpcServerProtocolService.java:onCompleted(140)) - 5fdc2252-45b1-4cf6-9f05-f5a52225645a: Completed INSTALL_SNAPSHOT, lastRequest: b07764cb-34df-45d7-9560-8ac949593b7a->5fdc2252-45b1-4cf6-9f05-f5a52225645a#0-t2,notify:(t:2, i:105)
2021-07-27 15:00:32,234 [0f3e4899-df55-4e14-9f73-38fb9ca0f37c@group-5F5B1A469043-LeaderElection12] INFO  impl.LeaderElection (LeaderElection.java:askForVotes(306)) - 0f3e4899-df55-4e14-9f73-38fb9ca0f37c@group-5F5B1A469043-LeaderElection12 ELECTION round 0: submit vote requests at term 4 for -1: [43f332dd-3581-45f2-86c5-cce36549d707|rpc:127.0.0.1:37911|dataStream:|priority:0, 86d9546c-cd65-42b3-a7f1-5b54ee2fc6d0|rpc:127.0.0.1:45791|dataStream:|priority:0, 0f3e4899-df55-4e14-9f73-38fb9ca0f37c|rpc:127.0.0.1:42961|dataStream:|priority:1], old=null
2021-07-27 15:00:32,235 [grpc-default-executor-1] INFO  server.GrpcLogAppender (GrpcLogAppender.java:onNext(400)) - b07764cb-34df-45d7-9560-8ac949593b7a@group-6D50A358B8D8->5fdc2252-45b1-4cf6-9f05-f5a52225645a-InstallSnapshotResponseHandler: received a reply b07764cb-34df-45d7-9560-8ac949593b7a<-5fdc2252-45b1-4cf6-9f05-f5a52225645a#0:FAIL-t2,IN_PROGRESS
2021-07-27 15:00:32,235 [grpc-default-executor-1] INFO  server.GrpcLogAppender (GrpcLogAppender.java:onNext(417)) - b07764cb-34df-45d7-9560-8ac949593b7a@group-6D50A358B8D8->5fdc2252-45b1-4cf6-9f05-f5a52225645a-InstallSnapshotResponseHandler: InstallSnapshot in progress.
2021-07-27 15:00:32,235 [pool-55-thread-1] INFO  ha.SCMHAManagerImpl (SCMHAManagerImpl.java:verifyCheckpointFromLeader(172)) - Installing checkpoint with SCMTransactionInfo 2#202
2021-07-27 15:00:32,236 [pool-55-thread-1] INFO  server.RaftServer$Division (RaftServerImpl.java:lambda$notifyStateMachineToInstallSnapshot$30(1594)) - 5fdc2252-45b1-4cf6-9f05-f5a52225645a@group-6D50A358B8D8: StateMachine successfully installed snapshot index 202. Reloading the StateMachine.
2021-07-27 15:00:32,236 [pool-55-thread-1] INFO  segmented.SegmentedRaftLogWorker (SegmentedRaftLogWorker.java:lambda$new$0(133)) - 5fdc2252-45b1-4cf6-9f05-f5a52225645a@group-6D50A358B8D8-SegmentedRaftLogWorker: flushIndex: setUnconditionally -1 -> 202
2021-07-27 15:00:32,236 [pool-55-thread-1] INFO  segmented.SegmentedRaftLogWorker (SegmentedRaftLogWorker.java:lambda$new$0(133)) - 5fdc2252-45b1-4cf6-9f05-f5a52225645a@group-6D50A358B8D8-SegmentedRaftLogWorker: safeCacheEvictIndex: setUnconditionally -1 -> 202
2021-07-27 15:00:32,236 [pool-55-thread-1] INFO  raftlog.RaftLog (RaftLogBase.java:lambda$new$0(53)) - 5fdc2252-45b1-4cf6-9f05-f5a52225645a@group-6D50A358B8D8-SegmentedRaftLog: snapshotIndex: updateIncreasingly -1 -> 202
2021-07-27 15:00:32,244 [b07764cb-34df-45d7-9560-8ac949593b7a@group-6D50A358B8D8->5fdc2252-45b1-4cf6-9f05-f5a52225645a-GrpcLogAppender-LogAppenderDaemon] INFO  server.GrpcLogAppender (GrpcLogAppender.java:installSnapshot(524)) - b07764cb-34df-45d7-9560-8ac949593b7a@group-6D50A358B8D8->5fdc2252-45b1-4cf6-9f05-f5a52225645a-GrpcLogAppender: followerNextIndex = 0 but logStartIndex = 105, notify follower to install snapshot-(t:2, i:105)
2021-07-27 15:00:32,244 [b07764cb-34df-45d7-9560-8ac949593b7a@group-6D50A358B8D8->5fdc2252-45b1-4cf6-9f05-f5a52225645a-GrpcLogAppender-LogAppenderDaemon] INFO  server.GrpcLogAppender (GrpcLogAppender.java:installSnapshot(532)) - b07764cb-34df-45d7-9560-8ac949593b7a@group-6D50A358B8D8->5fdc2252-45b1-4cf6-9f05-f5a52225645a-GrpcLogAppender: send b07764cb-34df-45d7-9560-8ac949593b7a->5fdc2252-45b1-4cf6-9f05-f5a52225645a#0-t2,notify:(t:2, i:105)
2021-07-27 15:00:32,245 [grpc-default-executor-1] INFO  server.RaftServer$Division (RaftServerImpl.java:installSnapshot(1329)) - 5fdc2252-45b1-4cf6-9f05-f5a52225645a@group-6D50A358B8D8: receive installSnapshot: b07764cb-34df-45d7-9560-8ac949593b7a->5fdc2252-45b1-4cf6-9f05-f5a52225645a#0-t2,notify:(t:2, i:105)
2021-07-27 15:00:32,245 [grpc-default-executor-1] INFO  server.RaftServer$Division (RaftServerImpl.java:notifyStateMachineToInstallSnapshot(1560)) - 5fdc2252-45b1-4cf6-9f05-f5a52225645a@group-6D50A358B8D8: StateMachine snapshotIndex is 202
2021-07-27 15:00:32,245 [grpc-default-executor-1] INFO  server.RaftServer$Division (RaftServerImpl.java:installSnapshotImpl(1459)) - 5fdc2252-45b1-4cf6-9f05-f5a52225645a@group-6D50A358B8D8: set new configuration index: 5
configurationEntry {
  peers {
    id: "112e9cde-9cb9-43e4-9ef1-6a6d7fd9222c"
    address: "localhost:15426"
  }
  peers {
    id: "b07764cb-34df-45d7-9560-8ac949593b7a"
    address: "localhost:15416"
  }
}
 from snapshot
2021-07-27 15:00:32,245 [grpc-default-executor-1] INFO  server.RaftServer$Division (ServerState.java:setRaftConf(387)) - 5fdc2252-45b1-4cf6-9f05-f5a52225645a@group-6D50A358B8D8: set configuration 5: [112e9cde-9cb9-43e4-9ef1-6a6d7fd9222c|rpc:localhost:15426|admin:|client:|dataStream:|priority:0, b07764cb-34df-45d7-9560-8ac949593b7a|rpc:localhost:15416|admin:|client:|dataStream:|priority:0], old=null
2021-07-27 15:00:32,245 [grpc-default-executor-1] INFO  server.RaftServer$Division (RaftServerImpl.java:installSnapshot(1340)) - 5fdc2252-45b1-4cf6-9f05-f5a52225645a@group-6D50A358B8D8: reply installSnapshot: b07764cb-34df-45d7-9560-8ac949593b7a<-5fdc2252-45b1-4cf6-9f05-f5a52225645a#0:FAIL-t2,ALREADY_INSTALLED,snapshotIndex=202
2021-07-27 15:00:32,245 [grpc-default-executor-1] INFO  server.GrpcServerProtocolService (GrpcServerProtocolService.java:onCompleted(140)) - 5fdc2252-45b1-4cf6-9f05-f5a52225645a: Completed INSTALL_SNAPSHOT, lastRequest: b07764cb-34df-45d7-9560-8ac949593b7a->5fdc2252-45b1-4cf6-9f05-f5a52225645a#0-t2,notify:(t:2, i:105)
2021-07-27 15:00:32,246 [43f332dd-3581-45f2-86c5-cce36549d707@group-5F5B1A469043-FollowerState] INFO  impl.FollowerState (FollowerState.java:run(134)) - 43f332dd-3581-45f2-86c5-cce36549d707@group-5F5B1A469043-FollowerState: change to CANDIDATE, lastRpcElapsedTime:5142808235ns, electionTimeout:5136ms
2021-07-27 15:00:32,246 [43f332dd-3581-45f2-86c5-cce36549d707@group-5F5B1A469043-FollowerState] INFO  impl.RoleInfo (RoleInfo.java:shutdownFollowerState(108)) - 43f332dd-3581-45f2-86c5-cce36549d707: shutdown 43f332dd-3581-45f2-86c5-cce36549d707@group-5F5B1A469043-FollowerState
2021-07-27 15:00:32,246 [43f332dd-3581-45f2-86c5-cce36549d707@group-5F5B1A469043-FollowerState] INFO  server.RaftServer$Division (RaftServerImpl.java:setRole(285)) - 43f332dd-3581-45f2-86c5-cce36549d707@group-5F5B1A469043: changes role from  FOLLOWER to CANDIDATE at term 3 for changeToCandidate
2021-07-27 15:00:32,248 [grpc-default-executor-1] INFO  server.GrpcLogAppender (GrpcLogAppender.java:onNext(400)) - b07764cb-34df-45d7-9560-8ac949593b7a@group-6D50A358B8D8->5fdc2252-45b1-4cf6-9f05-f5a52225645a-InstallSnapshotResponseHandler: received a reply b07764cb-34df-45d7-9560-8ac949593b7a<-5fdc2252-45b1-4cf6-9f05-f5a52225645a#0:FAIL-t2,ALREADY_INSTALLED,snapshotIndex=202
2021-07-27 15:00:32,248 [grpc-default-executor-1] INFO  server.GrpcLogAppender (GrpcLogAppender.java:onNext(422)) - b07764cb-34df-45d7-9560-8ac949593b7a@group-6D50A358B8D8->5fdc2252-45b1-4cf6-9f05-f5a52225645a-InstallSnapshotResponseHandler: Already Installed Snapshot Index 202.
2021-07-27 15:00:32,248 [grpc-default-executor-1] INFO  leader.FollowerInfo (FollowerInfoImpl.java:lambda$new$0(46)) - b07764cb-34df-45d7-9560-8ac949593b7a@group-6D50A358B8D8->5fdc2252-45b1-4cf6-9f05-f5a52225645a: snapshotIndex: setUnconditionally 0 -> 202
2021-07-27 15:00:32,248 [grpc-default-executor-1] INFO  leader.FollowerInfo (FollowerInfoImpl.java:lambda$new$0(46)) - b07764cb-34df-45d7-9560-8ac949593b7a@group-6D50A358B8D8->5fdc2252-45b1-4cf6-9f05-f5a52225645a: matchIndex: setUnconditionally 0 -> 202
2021-07-27 15:00:32,248 [grpc-default-executor-1] INFO  leader.FollowerInfo (FollowerInfoImpl.java:lambda$new$0(46)) - b07764cb-34df-45d7-9560-8ac949593b7a@group-6D50A358B8D8->5fdc2252-45b1-4cf6-9f05-f5a52225645a: nextIndex: setUnconditionally 0 -> 203
2021-07-27 15:00:32,248 [grpc-default-executor-1] INFO  leader.FollowerInfo (FollowerInfoImpl.java:lambda$new$0(46)) - b07764cb-34df-45d7-9560-8ac949593b7a@group-6D50A358B8D8->5fdc2252-45b1-4cf6-9f05-f5a52225645a: nextIndex: updateToMax old=203, new=203, updated? false
2021-07-27 15:00:32,251 [grpc-default-executor-3] INFO  server.RaftServer$Division (RaftServerImpl.java:requestVote(1043)) - 43f332dd-3581-45f2-86c5-cce36549d707@group-5F5B1A469043: receive requestVote(ELECTION, 0f3e4899-df55-4e14-9f73-38fb9ca0f37c, group-5F5B1A469043, 4, (t:0, i:0))
2021-07-27 15:00:32,253 [43f332dd-3581-45f2-86c5-cce36549d707@group-5F5B1A469043-FollowerState] INFO  server.RaftServerConfigKeys (ConfUtils.java:logGet(44)) - raft.server.leaderelection.pre-vote = false (custom)
2021-07-27 15:00:32,254 [43f332dd-3581-45f2-86c5-cce36549d707@group-5F5B1A469043-FollowerState] INFO  impl.RoleInfo (RoleInfo.java:updateAndGet(130)) - 43f332dd-3581-45f2-86c5-cce36549d707: start 43f332dd-3581-45f2-86c5-cce36549d707@group-5F5B1A469043-LeaderElection13
2021-07-27 15:00:32,254 [grpc-default-executor-0] INFO  server.RaftServer$Division (RaftServerImpl.java:requestVote(1043)) - 86d9546c-cd65-42b3-a7f1-5b54ee2fc6d0@group-5F5B1A469043: receive requestVote(ELECTION, 0f3e4899-df55-4e14-9f73-38fb9ca0f37c, group-5F5B1A469043, 4, (t:0, i:0))
2021-07-27 15:00:32,254 [grpc-default-executor-0] INFO  impl.VoteContext (VoteContext.java:log(48)) - 86d9546c-cd65-42b3-a7f1-5b54ee2fc6d0@group-5F5B1A469043-FOLLOWER: accept ELECTION from 0f3e4899-df55-4e14-9f73-38fb9ca0f37c: our priority 0 <= candidate's priority 1
2021-07-27 15:00:32,254 [grpc-default-executor-0] INFO  server.RaftServer$Division (RaftServerImpl.java:setRole(285)) - 86d9546c-cd65-42b3-a7f1-5b54ee2fc6d0@group-5F5B1A469043: changes role from  FOLLOWER to FOLLOWER at term 4 for candidate:0f3e4899-df55-4e14-9f73-38fb9ca0f37c
2021-07-27 15:00:32,254 [grpc-default-executor-0] INFO  impl.RoleInfo (RoleInfo.java:shutdownFollowerState(108)) - 86d9546c-cd65-42b3-a7f1-5b54ee2fc6d0: shutdown 86d9546c-cd65-42b3-a7f1-5b54ee2fc6d0@group-5F5B1A469043-FollowerState
2021-07-27 15:00:32,254 [grpc-default-executor-3] INFO  impl.VoteContext (VoteContext.java:log(48)) - 43f332dd-3581-45f2-86c5-cce36549d707@group-5F5B1A469043-CANDIDATE: accept ELECTION from 0f3e4899-df55-4e14-9f73-38fb9ca0f37c: our priority 0 <= candidate's priority 1
2021-07-27 15:00:32,254 [grpc-default-executor-0] INFO  impl.RoleInfo (RoleInfo.java:updateAndGet(130)) - 86d9546c-cd65-42b3-a7f1-5b54ee2fc6d0: start 86d9546c-cd65-42b3-a7f1-5b54ee2fc6d0@group-5F5B1A469043-FollowerState
2021-07-27 15:00:32,254 [86d9546c-cd65-42b3-a7f1-5b54ee2fc6d0@group-5F5B1A469043-FollowerState] INFO  impl.FollowerState (FollowerState.java:run(143)) - 86d9546c-cd65-42b3-a7f1-5b54ee2fc6d0@group-5F5B1A469043-FollowerState was interrupted: {}
java.lang.InterruptedException: sleep interrupted
	at java.lang.Thread.sleep(Native Method)
	at java.lang.Thread.sleep(Thread.java:340)
	at java.util.concurrent.TimeUnit.sleep(TimeUnit.java:386)
	at org.apache.ratis.util.TimeDuration.sleep(TimeDuration.java:324)
	at org.apache.ratis.util.TimeDuration.sleep(TimeDuration.java:309)
	at org.apache.ratis.server.impl.FollowerState.run(FollowerState.java:118)
2021-07-27 15:00:32,254 [grpc-default-executor-3] INFO  server.RaftServer$Division (RaftServerImpl.java:setRole(285)) - 43f332dd-3581-45f2-86c5-cce36549d707@group-5F5B1A469043: changes role from CANDIDATE to FOLLOWER at term 4 for candidate:0f3e4899-df55-4e14-9f73-38fb9ca0f37c
2021-07-27 15:00:32,254 [grpc-default-executor-3] INFO  impl.RoleInfo (RoleInfo.java:shutdownLeaderElection(121)) - 43f332dd-3581-45f2-86c5-cce36549d707: shutdown 43f332dd-3581-45f2-86c5-cce36549d707@group-5F5B1A469043-LeaderElection13
2021-07-27 15:00:32,255 [43f332dd-3581-45f2-86c5-cce36549d707@group-5F5B1A469043-LeaderElection13] INFO  impl.LeaderElection (LeaderElection.java:run(230)) - 43f332dd-3581-45f2-86c5-cce36549d707@group-5F5B1A469043-LeaderElection13: skip running since this is already CLOSING
2021-07-27 15:00:32,261 [grpc-default-executor-0] INFO  server.RaftServer$Division (RaftServerImpl.java:requestVote(1075)) - 86d9546c-cd65-42b3-a7f1-5b54ee2fc6d0@group-5F5B1A469043 replies to ELECTION vote request: 0f3e4899-df55-4e14-9f73-38fb9ca0f37c<-86d9546c-cd65-42b3-a7f1-5b54ee2fc6d0#0:OK-t4. Peer's state: 86d9546c-cd65-42b3-a7f1-5b54ee2fc6d0@group-5F5B1A469043:t4, leader=null, voted=0f3e4899-df55-4e14-9f73-38fb9ca0f37c, raftlog=86d9546c-cd65-42b3-a7f1-5b54ee2fc6d0@group-5F5B1A469043-SegmentedRaftLog:OPENED:c-1,f-1,i0, conf=-1: [43f332dd-3581-45f2-86c5-cce36549d707|rpc:127.0.0.1:37911|dataStream:|priority:0, 86d9546c-cd65-42b3-a7f1-5b54ee2fc6d0|rpc:127.0.0.1:45791|dataStream:|priority:0, 0f3e4899-df55-4e14-9f73-38fb9ca0f37c|rpc:127.0.0.1:42961|dataStream:|priority:1], old=null
2021-07-27 15:00:32,266 [grpc-default-executor-3] INFO  impl.RoleInfo (RoleInfo.java:updateAndGet(130)) - 43f332dd-3581-45f2-86c5-cce36549d707: start 43f332dd-3581-45f2-86c5-cce36549d707@group-5F5B1A469043-FollowerState
2021-07-27 15:00:32,271 [0f3e4899-df55-4e14-9f73-38fb9ca0f37c@group-5F5B1A469043-LeaderElection12] INFO  impl.LeaderElection (LeaderElection.java:logAndReturn(89)) - 0f3e4899-df55-4e14-9f73-38fb9ca0f37c@group-5F5B1A469043-LeaderElection12: ELECTION PASSED received 1 response(s) and 0 exception(s):
2021-07-27 15:00:32,271 [0f3e4899-df55-4e14-9f73-38fb9ca0f37c@group-5F5B1A469043-LeaderElection12] INFO  impl.LeaderElection (LeaderElection.java:logAndReturn(93)) -   Response 0: 0f3e4899-df55-4e14-9f73-38fb9ca0f37c<-86d9546c-cd65-42b3-a7f1-5b54ee2fc6d0#0:OK-t4
2021-07-27 15:00:32,271 [0f3e4899-df55-4e14-9f73-38fb9ca0f37c@group-5F5B1A469043-LeaderElection12] INFO  impl.LeaderElection (LeaderElection.java:askForVotes(308)) - 0f3e4899-df55-4e14-9f73-38fb9ca0f37c@group-5F5B1A469043-LeaderElection12 ELECTION round 0: result PASSED
2021-07-27 15:00:32,272 [0f3e4899-df55-4e14-9f73-38fb9ca0f37c@group-5F5B1A469043-LeaderElection12] INFO  impl.RoleInfo (RoleInfo.java:shutdownLeaderElection(121)) - 0f3e4899-df55-4e14-9f73-38fb9ca0f37c: shutdown 0f3e4899-df55-4e14-9f73-38fb9ca0f37c@group-5F5B1A469043-LeaderElection12
2021-07-27 15:00:32,272 [0f3e4899-df55-4e14-9f73-38fb9ca0f37c@group-5F5B1A469043-LeaderElection12] INFO  server.RaftServer$Division (RaftServerImpl.java:setRole(285)) - 0f3e4899-df55-4e14-9f73-38fb9ca0f37c@group-5F5B1A469043: changes role from CANDIDATE to LEADER at term 4 for changeToLeader
2021-07-27 15:00:32,272 [0f3e4899-df55-4e14-9f73-38fb9ca0f37c@group-5F5B1A469043-LeaderElection12] INFO  ratis.XceiverServerRatis (XceiverServerRatis.java:handleLeaderChangedNotification(857)) - Leader change notification received for group: group-5F5B1A469043 with new leaderId: 0f3e4899-df55-4e14-9f73-38fb9ca0f37c
2021-07-27 15:00:32,272 [grpc-default-executor-3] INFO  server.RaftServer$Division (RaftServerImpl.java:requestVote(1075)) - 43f332dd-3581-45f2-86c5-cce36549d707@group-5F5B1A469043 replies to ELECTION vote request: 0f3e4899-df55-4e14-9f73-38fb9ca0f37c<-43f332dd-3581-45f2-86c5-cce36549d707#0:OK-t4. Peer's state: 43f332dd-3581-45f2-86c5-cce36549d707@group-5F5B1A469043:t4, leader=null, voted=0f3e4899-df55-4e14-9f73-38fb9ca0f37c, raftlog=43f332dd-3581-45f2-86c5-cce36549d707@group-5F5B1A469043-SegmentedRaftLog:OPENED:c-1,f-1,i0, conf=-1: [43f332dd-3581-45f2-86c5-cce36549d707|rpc:127.0.0.1:37911|priority:0, 86d9546c-cd65-42b3-a7f1-5b54ee2fc6d0|rpc:127.0.0.1:45791|priority:0, 0f3e4899-df55-4e14-9f73-38fb9ca0f37c|rpc:127.0.0.1:42961|priority:1], old=null
2021-07-27 15:00:32,272 [0f3e4899-df55-4e14-9f73-38fb9ca0f37c@group-5F5B1A469043-LeaderElection12] INFO  server.RaftServer$Division (ServerState.java:setLeader(285)) - 0f3e4899-df55-4e14-9f73-38fb9ca0f37c@group-5F5B1A469043: change Leader from null to 0f3e4899-df55-4e14-9f73-38fb9ca0f37c at term 4 for becomeLeader, leader elected after 20256ms
2021-07-27 15:00:32,272 [0f3e4899-df55-4e14-9f73-38fb9ca0f37c@group-5F5B1A469043-LeaderElection12] INFO  server.RaftServerConfigKeys (ConfUtils.java:logGet(44)) - raft.server.staging.catchup.gap = 1000 (default)
2021-07-27 15:00:32,273 [0f3e4899-df55-4e14-9f73-38fb9ca0f37c@group-5F5B1A469043-LeaderElection12] INFO  server.RaftServerConfigKeys (ConfUtils.java:logGet(44)) - raft.server.write.element-limit = 1024 (custom)
2021-07-27 15:00:32,273 [0f3e4899-df55-4e14-9f73-38fb9ca0f37c@group-5F5B1A469043-LeaderElection12] INFO  server.RaftServerConfigKeys (ConfUtils.java:logGet(44)) - raft.server.write.byte-limit = 1073741824 (custom)
2021-07-27 15:00:32,273 [0f3e4899-df55-4e14-9f73-38fb9ca0f37c@group-5F5B1A469043-LeaderElection12] INFO  server.RaftServerConfigKeys (ConfUtils.java:logGet(44)) - raft.server.watch.timeout = 180s (custom)
2021-07-27 15:00:32,273 [0f3e4899-df55-4e14-9f73-38fb9ca0f37c@group-5F5B1A469043-LeaderElection12] INFO  server.RaftServerConfigKeys (ConfUtils.java:logGet(44)) - raft.server.watch.timeout.denomination = 1s (default)
2021-07-27 15:00:32,273 [0f3e4899-df55-4e14-9f73-38fb9ca0f37c@group-5F5B1A469043-LeaderElection12] INFO  server.RaftServerConfigKeys (ConfUtils.java:logGet(44)) - raft.server.watch.element-limit = 65536 (default)
2021-07-27 15:00:32,273 [0f3e4899-df55-4e14-9f73-38fb9ca0f37c@group-5F5B1A469043-LeaderElection12] INFO  server.RaftServerConfigKeys (ConfUtils.java:logGet(44)) - raft.server.log.appender.snapshot.chunk.size.max = 16MB (=16777216) (default)
2021-07-27 15:00:32,273 [0f3e4899-df55-4e14-9f73-38fb9ca0f37c@group-5F5B1A469043-LeaderElection12] INFO  server.RaftServerConfigKeys (ConfUtils.java:logGet(44)) - raft.server.log.appender.buffer.byte-limit = 33554432 (custom)
2021-07-27 15:00:32,273 [0f3e4899-df55-4e14-9f73-38fb9ca0f37c@group-5F5B1A469043-LeaderElection12] INFO  server.RaftServerConfigKeys (ConfUtils.java:logGet(44)) - raft.server.log.appender.buffer.element-limit = 1 (custom)
2021-07-27 15:00:32,273 [0f3e4899-df55-4e14-9f73-38fb9ca0f37c@group-5F5B1A469043-LeaderElection12] INFO  grpc.GrpcConfigKeys (ConfUtils.java:logGet(44)) - raft.grpc.server.leader.outstanding.appends.max = 128 (default)
2021-07-27 15:00:32,273 [0f3e4899-df55-4e14-9f73-38fb9ca0f37c@group-5F5B1A469043-LeaderElection12] INFO  server.RaftServerConfigKeys (ConfUtils.java:logGet(44)) - raft.server.rpc.request.timeout = 60s (custom)
2021-07-27 15:00:32,273 [0f3e4899-df55-4e14-9f73-38fb9ca0f37c@group-5F5B1A469043-LeaderElection12] INFO  server.RaftServerConfigKeys (ConfUtils.java:logGet(44)) - raft.server.log.appender.install.snapshot.enabled = false (custom)
2021-07-27 15:00:32,275 [0f3e4899-df55-4e14-9f73-38fb9ca0f37c@group-5F5B1A469043-LeaderElection12] INFO  server.RaftServerConfigKeys (ConfUtils.java:logGet(44)) - raft.server.log.appender.snapshot.chunk.size.max = 16MB (=16777216) (default)
2021-07-27 15:00:32,275 [0f3e4899-df55-4e14-9f73-38fb9ca0f37c@group-5F5B1A469043-LeaderElection12] INFO  server.RaftServerConfigKeys (ConfUtils.java:logGet(44)) - raft.server.log.appender.buffer.byte-limit = 33554432 (custom)
2021-07-27 15:00:32,275 [0f3e4899-df55-4e14-9f73-38fb9ca0f37c@group-5F5B1A469043-LeaderElection12] INFO  server.RaftServerConfigKeys (ConfUtils.java:logGet(44)) - raft.server.log.appender.buffer.element-limit = 1 (custom)
2021-07-27 15:00:32,275 [0f3e4899-df55-4e14-9f73-38fb9ca0f37c@group-5F5B1A469043-LeaderElection12] INFO  grpc.GrpcConfigKeys (ConfUtils.java:logGet(44)) - raft.grpc.server.leader.outstanding.appends.max = 128 (default)
2021-07-27 15:00:32,275 [0f3e4899-df55-4e14-9f73-38fb9ca0f37c@group-5F5B1A469043-LeaderElection12] INFO  server.RaftServerConfigKeys (ConfUtils.java:logGet(44)) - raft.server.rpc.request.timeout = 60s (custom)
2021-07-27 15:00:32,275 [0f3e4899-df55-4e14-9f73-38fb9ca0f37c@group-5F5B1A469043-LeaderElection12] INFO  server.RaftServerConfigKeys (ConfUtils.java:logGet(44)) - raft.server.log.appender.install.snapshot.enabled = false (custom)
2021-07-27 15:00:32,276 [0f3e4899-df55-4e14-9f73-38fb9ca0f37c@group-5F5B1A469043-LeaderElection12] INFO  impl.RoleInfo (RoleInfo.java:updateAndGet(130)) - 0f3e4899-df55-4e14-9f73-38fb9ca0f37c: start 0f3e4899-df55-4e14-9f73-38fb9ca0f37c@group-5F5B1A469043-LeaderStateImpl
2021-07-27 15:00:32,276 [0f3e4899-df55-4e14-9f73-38fb9ca0f37c@group-5F5B1A469043-LeaderElection12] INFO  segmented.SegmentedRaftLogWorker (SegmentedRaftLogWorker.java:startLogSegment(394)) - 0f3e4899-df55-4e14-9f73-38fb9ca0f37c@group-5F5B1A469043-SegmentedRaftLogWorker: Starting segment from index:0
2021-07-27 15:00:32,277 [EventQueue-PipelineReportForPipelineReportHandler] INFO  pipeline.PipelineManagerV2Impl (PipelineManagerV2Impl.java:openPipeline(283)) - Pipeline Pipeline[ Id: 27575857-2eda-4e20-a158-5f5b1a469043, Nodes: 86d9546c-cd65-42b3-a7f1-5b54ee2fc6d0{ip: 127.0.0.1, host: localhost, ports: [REPLICATION=39859, RATIS=45791, RATIS_ADMIN=45791, RATIS_SERVER=45791, STANDALONE=46733], networkLocation: /default-rack, certSerialId: null, persistedOpState: IN_SERVICE, persistedOpStateExpiryEpochSec: 0}0f3e4899-df55-4e14-9f73-38fb9ca0f37c{ip: 127.0.0.1, host: localhost, ports: [REPLICATION=42217, RATIS=42961, RATIS_ADMIN=42961, RATIS_SERVER=42961, STANDALONE=42119], networkLocation: /default-rack, certSerialId: null, persistedOpState: IN_SERVICE, persistedOpStateExpiryEpochSec: 0}43f332dd-3581-45f2-86c5-cce36549d707{ip: 127.0.0.1, host: localhost, ports: [REPLICATION=39387, RATIS=37911, RATIS_ADMIN=37911, RATIS_SERVER=37911, STANDALONE=43717], networkLocation: /default-rack, certSerialId: null, persistedOpState: IN_SERVICE, persistedOpStateExpiryEpochSec: 0}, ReplicationConfig: RATIS/THREE, State:ALLOCATED, leaderId:0f3e4899-df55-4e14-9f73-38fb9ca0f37c, CreationTimestamp2021-07-27T15:00:09.424Z[Etc/UTC]] moved to OPEN state
2021-07-27 15:00:32,277 [EventQueue-PipelineReportForPipelineReportHandler] INFO  ha.SCMHAInvocationHandler (SCMHAInvocationHandler.java:invokeRatis(113)) - Invoking method public abstract void org.apache.hadoop.hdds.scm.pipeline.StateManager.updatePipelineState(org.apache.hadoop.hdds.protocol.proto.HddsProtos$PipelineID,org.apache.hadoop.hdds.protocol.proto.HddsProtos$PipelineState) throws java.io.IOException on target org.apache.hadoop.hdds.scm.ha.SCMRatisServerImpl@474a1355, cost 314.703us
2021-07-27 15:00:32,278 [EventQueue-PipelineReportForPipelineReportHandler] INFO  pipeline.PipelineManagerV2Impl (PipelineManagerV2Impl.java:openPipeline(283)) - Pipeline Pipeline[ Id: 27575857-2eda-4e20-a158-5f5b1a469043, Nodes: 86d9546c-cd65-42b3-a7f1-5b54ee2fc6d0{ip: 127.0.0.1, host: localhost, ports: [REPLICATION=39859, RATIS=45791, RATIS_ADMIN=45791, RATIS_SERVER=45791, STANDALONE=46733], networkLocation: /default-rack, certSerialId: null, persistedOpState: IN_SERVICE, persistedOpStateExpiryEpochSec: 0}0f3e4899-df55-4e14-9f73-38fb9ca0f37c{ip: 127.0.0.1, host: localhost, ports: [REPLICATION=42217, RATIS=42961, RATIS_ADMIN=42961, RATIS_SERVER=42961, STANDALONE=42119], networkLocation: /default-rack, certSerialId: null, persistedOpState: IN_SERVICE, persistedOpStateExpiryEpochSec: 0}43f332dd-3581-45f2-86c5-cce36549d707{ip: 127.0.0.1, host: localhost, ports: [REPLICATION=39387, RATIS=37911, RATIS_ADMIN=37911, RATIS_SERVER=37911, STANDALONE=43717], networkLocation: /default-rack, certSerialId: null, persistedOpState: IN_SERVICE, persistedOpStateExpiryEpochSec: 0}, ReplicationConfig: RATIS/THREE, State:ALLOCATED, leaderId:0f3e4899-df55-4e14-9f73-38fb9ca0f37c, CreationTimestamp2021-07-27T15:00:09.424Z[Etc/UTC]] moved to OPEN state
2021-07-27 15:00:32,278 [EventQueue-OpenPipelineForHealthyPipelineSafeModeRule] INFO  safemode.SCMSafeModeManager (HealthyPipelineSafeModeRule.java:process(124)) - SCM in safe mode. Healthy pipelines reported count is 0, required healthy pipeline reported count is 1
2021-07-27 15:00:32,278 [EventQueue-OpenPipelineForHealthyPipelineSafeModeRule] INFO  safemode.SCMSafeModeManager (HealthyPipelineSafeModeRule.java:process(124)) - SCM in safe mode. Healthy pipelines reported count is 1, required healthy pipeline reported count is 1
2021-07-27 15:00:32,278 [EventQueue-OpenPipelineForHealthyPipelineSafeModeRule] INFO  safemode.SCMSafeModeManager (SCMSafeModeManager.java:validateSafeModeExitRules(204)) - HealthyPipelineSafeModeRule rule is successfully validated
2021-07-27 15:00:32,278 [EventQueue-OpenPipelineForHealthyPipelineSafeModeRule] INFO  safemode.SCMSafeModeManager (SCMSafeModeManager.java:validateSafeModeExitRules(219)) - ScmSafeModeManager, all rules are successfully validated
2021-07-27 15:00:32,279 [EventQueue-OpenPipelineForHealthyPipelineSafeModeRule] INFO  safemode.SCMSafeModeManager (SCMSafeModeManager.java:exitSafeMode(248)) - SCM exiting safe mode.
2021-07-27 15:00:32,279 [EventQueue-OpenPipelineForHealthyPipelineSafeModeRule] WARN  events.EventQueue (EventQueue.java:fireEvent(194)) - No event handler registered for event TypedEvent{payloadType=SafeModeStatus, name='Safe mode status'}
2021-07-27 15:00:32,279 [EventQueue-OpenPipelineForHealthyPipelineSafeModeRule] INFO  ha.SCMContext (SCMContext.java:updateSafeModeStatus(205)) - Update SafeModeStatus from SafeModeStatus{safeModeStatus=true, preCheckPassed=true} to SafeModeStatus{safeModeStatus=false, preCheckPassed=true}.
2021-07-27 15:00:32,279 [grpc-default-executor-3] INFO  segmented.SegmentedRaftLogWorker (SegmentedRaftLogWorker.java:startLogSegment(394)) - 5fdc2252-45b1-4cf6-9f05-f5a52225645a@group-6D50A358B8D8-SegmentedRaftLogWorker: Starting segment from index:203
2021-07-27 15:00:32,280 [0f3e4899-df55-4e14-9f73-38fb9ca0f37c@group-5F5B1A469043-SegmentedRaftLogWorker] INFO  segmented.SegmentedRaftLogWorker (SegmentedRaftLogWorker.java:execute(601)) - 0f3e4899-df55-4e14-9f73-38fb9ca0f37c@group-5F5B1A469043-SegmentedRaftLogWorker: created new log segment /home/runner/work/ozone/ozone/mnt/ozone/hadoop-ozone/integration-test/target/test-dir/MiniOzoneClusterImpl-1c236c99-c7c8-4b90-98b3-6d50a358b8d8/datanode-1/data/ratis/27575857-2eda-4e20-a158-5f5b1a469043/current/log_inprogress_0
2021-07-27 15:00:32,286 [0f3e4899-df55-4e14-9f73-38fb9ca0f37c@group-5F5B1A469043-LeaderElection12] INFO  server.RaftServer$Division (ServerState.java:setRaftConf(387)) - 0f3e4899-df55-4e14-9f73-38fb9ca0f37c@group-5F5B1A469043: set configuration 0: [43f332dd-3581-45f2-86c5-cce36549d707|rpc:127.0.0.1:37911|dataStream:|priority:0, 86d9546c-cd65-42b3-a7f1-5b54ee2fc6d0|rpc:127.0.0.1:45791|dataStream:|priority:0, 0f3e4899-df55-4e14-9f73-38fb9ca0f37c|rpc:127.0.0.1:42961|dataStream:|priority:1], old=null
2021-07-27 15:00:32,288 [grpc-default-executor-3] INFO  ratis.XceiverServerRatis (XceiverServerRatis.java:handleLeaderChangedNotification(857)) - Leader change notification received for group: group-5F5B1A469043 with new leaderId: 0f3e4899-df55-4e14-9f73-38fb9ca0f37c
2021-07-27 15:00:32,288 [grpc-default-executor-3] INFO  server.RaftServer$Division (ServerState.java:setLeader(285)) - 86d9546c-cd65-42b3-a7f1-5b54ee2fc6d0@group-5F5B1A469043: change Leader from null to 0f3e4899-df55-4e14-9f73-38fb9ca0f37c at term 4 for appendEntries, leader elected after 20347ms
2021-07-27 15:00:32,289 [grpc-default-executor-0] INFO  ratis.XceiverServerRatis (XceiverServerRatis.java:handleLeaderChangedNotification(857)) - Leader change notification received for group: group-5F5B1A469043 with new leaderId: 0f3e4899-df55-4e14-9f73-38fb9ca0f37c
2021-07-27 15:00:32,289 [grpc-default-executor-0] INFO  server.RaftServer$Division (ServerState.java:setLeader(285)) - 43f332dd-3581-45f2-86c5-cce36549d707@group-5F5B1A469043: change Leader from null to 0f3e4899-df55-4e14-9f73-38fb9ca0f37c at term 4 for appendEntries, leader elected after 20435ms
2021-07-27 15:00:32,294 [5fdc2252-45b1-4cf6-9f05-f5a52225645a@group-6D50A358B8D8-SegmentedRaftLogWorker] INFO  segmented.SegmentedRaftLogWorker (SegmentedRaftLogWorker.java:execute(601)) - 5fdc2252-45b1-4cf6-9f05-f5a52225645a@group-6D50A358B8D8-SegmentedRaftLogWorker: created new log segment /home/runner/work/ozone/ozone/mnt/ozone/hadoop-ozone/integration-test/target/test-dir/MiniOzoneClusterImpl-1c236c99-c7c8-4b90-98b3-6d50a358b8d8/scmNode-3/scm-ha/1c236c99-c7c8-4b90-98b3-6d50a358b8d8/current/log_inprogress_203
2021-07-27 15:00:32,296 [EventQueue-PipelineReportForPipelineReportHandler] INFO  ha.SCMHAInvocationHandler (SCMHAInvocationHandler.java:invokeRatis(113)) - Invoking method public abstract void org.apache.hadoop.hdds.scm.pipeline.StateManager.updatePipelineState(org.apache.hadoop.hdds.protocol.proto.HddsProtos$PipelineID,org.apache.hadoop.hdds.protocol.proto.HddsProtos$PipelineState) throws java.io.IOException on target org.apache.hadoop.hdds.scm.ha.SCMRatisServerImpl@3bf5589b, cost 18206.724us
2021-07-27 15:00:32,302 [grpc-default-executor-3] INFO  server.RaftServer$Division (ServerState.java:setRaftConf(387)) - 86d9546c-cd65-42b3-a7f1-5b54ee2fc6d0@group-5F5B1A469043: set configuration 0: [43f332dd-3581-45f2-86c5-cce36549d707|rpc:127.0.0.1:37911|dataStream:|priority:0, 86d9546c-cd65-42b3-a7f1-5b54ee2fc6d0|rpc:127.0.0.1:45791|dataStream:|priority:0, 0f3e4899-df55-4e14-9f73-38fb9ca0f37c|rpc:127.0.0.1:42961|dataStream:|priority:1], old=null
2021-07-27 15:00:32,303 [grpc-default-executor-3] INFO  segmented.SegmentedRaftLogWorker (SegmentedRaftLogWorker.java:startLogSegment(394)) - 86d9546c-cd65-42b3-a7f1-5b54ee2fc6d0@group-5F5B1A469043-SegmentedRaftLogWorker: Starting segment from index:0
2021-07-27 15:00:32,310 [grpc-default-executor-0] INFO  server.RaftServer$Division (ServerState.java:setRaftConf(387)) - 43f332dd-3581-45f2-86c5-cce36549d707@group-5F5B1A469043: set configuration 0: [43f332dd-3581-45f2-86c5-cce36549d707|rpc:127.0.0.1:37911|dataStream:|priority:0, 86d9546c-cd65-42b3-a7f1-5b54ee2fc6d0|rpc:127.0.0.1:45791|dataStream:|priority:0, 0f3e4899-df55-4e14-9f73-38fb9ca0f37c|rpc:127.0.0.1:42961|dataStream:|priority:1], old=null
2021-07-27 15:00:32,310 [grpc-default-executor-0] INFO  segmented.SegmentedRaftLogWorker (SegmentedRaftLogWorker.java:startLogSegment(394)) - 43f332dd-3581-45f2-86c5-cce36549d707@group-5F5B1A469043-SegmentedRaftLogWorker: Starting segment from index:0
2021-07-27 15:00:32,313 [86d9546c-cd65-42b3-a7f1-5b54ee2fc6d0@group-5F5B1A469043-SegmentedRaftLogWorker] INFO  segmented.SegmentedRaftLogWorker (SegmentedRaftLogWorker.java:execute(601)) - 86d9546c-cd65-42b3-a7f1-5b54ee2fc6d0@group-5F5B1A469043-SegmentedRaftLogWorker: created new log segment /home/runner/work/ozone/ozone/mnt/ozone/hadoop-ozone/integration-test/target/test-dir/MiniOzoneClusterImpl-1c236c99-c7c8-4b90-98b3-6d50a358b8d8/datanode-2/data/ratis/27575857-2eda-4e20-a158-5f5b1a469043/current/log_inprogress_0
2021-07-27 15:00:32,313 [43f332dd-3581-45f2-86c5-cce36549d707@group-5F5B1A469043-SegmentedRaftLogWorker] INFO  segmented.SegmentedRaftLogWorker (SegmentedRaftLogWorker.java:execute(601)) - 43f332dd-3581-45f2-86c5-cce36549d707@group-5F5B1A469043-SegmentedRaftLogWorker: created new log segment /home/runner/work/ozone/ozone/mnt/ozone/hadoop-ozone/integration-test/target/test-dir/MiniOzoneClusterImpl-1c236c99-c7c8-4b90-98b3-6d50a358b8d8/datanode-0/data/ratis/27575857-2eda-4e20-a158-5f5b1a469043/current/log_inprogress_0
2021-07-27 15:00:32,314 [5fdc2252-45b1-4cf6-9f05-f5a52225645a@group-6D50A358B8D8-StateMachineUpdater] INFO  ha.SCMHAManagerImpl (SCMHAManagerImpl.java:installCheckpoint(227)) - Installing checkpoint with SCMTransactionInfo 2#202
2021-07-27 15:00:32,323 [5fdc2252-45b1-4cf6-9f05-f5a52225645a@group-6D50A358B8D8-StateMachineUpdater] INFO  ha.SCMHAManagerImpl (SCMHAManagerImpl.java:installCheckpoint(266)) - Replaced DB with checkpoint, term: 2, index: 202
2021-07-27 15:00:32,323 [5fdc2252-45b1-4cf6-9f05-f5a52225645a@group-6D50A358B8D8-StateMachineUpdater] WARN  utils.HAUtils (HAUtils.java:getMetaDir(342)) - ozone.scm.db.dirs is not configured. We recommend adding this setting. Falling back to ozone.metadata.dirs instead.
2021-07-27 15:00:32,324 [5fdc2252-45b1-4cf6-9f05-f5a52225645a@group-6D50A358B8D8-StateMachineUpdater] WARN  db.DBStoreBuilder (DBStoreBuilder.java:applyDBDefinition(145)) - ozone.scm.db.dirs is not configured. We recommend adding this setting. Falling back to ozone.metadata.dirs instead.
2021-07-27 15:00:32,327 [b07764cb-34df-45d7-9560-8ac949593b7a@group-6D50A358B8D8-LeaderStateImpl] INFO  server.RaftServer$Division (ServerState.java:setRaftConf(387)) - b07764cb-34df-45d7-9560-8ac949593b7a@group-6D50A358B8D8: set configuration 205: [112e9cde-9cb9-43e4-9ef1-6a6d7fd9222c|rpc:localhost:15426|priority:0, 5fdc2252-45b1-4cf6-9f05-f5a52225645a|rpc:localhost:15436|priority:0, b07764cb-34df-45d7-9560-8ac949593b7a|rpc:localhost:15416|admin:|client:|dataStream:|priority:0], old=[112e9cde-9cb9-43e4-9ef1-6a6d7fd9222c|rpc:localhost:15426|priority:0, b07764cb-34df-45d7-9560-8ac949593b7a|rpc:localhost:15416|admin:|client:|dataStream:|priority:0]
2021-07-27 15:00:32,330 [grpc-default-executor-0] INFO  server.RaftServer$Division (ServerState.java:setRaftConf(387)) - 5fdc2252-45b1-4cf6-9f05-f5a52225645a@group-6D50A358B8D8: set configuration 205: [112e9cde-9cb9-43e4-9ef1-6a6d7fd9222c|rpc:localhost:15426|admin:|client:|dataStream:|priority:0, 5fdc2252-45b1-4cf6-9f05-f5a52225645a|rpc:localhost:15436|admin:|client:|dataStream:|priority:0, b07764cb-34df-45d7-9560-8ac949593b7a|rpc:localhost:15416|admin:|client:|dataStream:|priority:0], old=[112e9cde-9cb9-43e4-9ef1-6a6d7fd9222c|rpc:localhost:15426|admin:|client:|dataStream:|priority:0, b07764cb-34df-45d7-9560-8ac949593b7a|rpc:localhost:15416|admin:|client:|dataStream:|priority:0]
2021-07-27 15:00:32,330 [grpc-default-executor-1] INFO  server.RaftServer$Division (ServerState.java:setRaftConf(387)) - 112e9cde-9cb9-43e4-9ef1-6a6d7fd9222c@group-6D50A358B8D8: set configuration 205: [112e9cde-9cb9-43e4-9ef1-6a6d7fd9222c|rpc:localhost:15426|admin:|client:|dataStream:|priority:0, 5fdc2252-45b1-4cf6-9f05-f5a52225645a|rpc:localhost:15436|admin:|client:|dataStream:|priority:0, b07764cb-34df-45d7-9560-8ac949593b7a|rpc:localhost:15416|admin:|client:|dataStream:|priority:0], old=[112e9cde-9cb9-43e4-9ef1-6a6d7fd9222c|rpc:localhost:15426|admin:|client:|dataStream:|priority:0, b07764cb-34df-45d7-9560-8ac949593b7a|rpc:localhost:15416|admin:|client:|dataStream:|priority:0]
2021-07-27 15:00:32,340 [b07764cb-34df-45d7-9560-8ac949593b7a@group-6D50A358B8D8-LeaderStateImpl] INFO  server.RaftServer$Division (ServerState.java:setRaftConf(387)) - b07764cb-34df-45d7-9560-8ac949593b7a@group-6D50A358B8D8: set configuration 207: [112e9cde-9cb9-43e4-9ef1-6a6d7fd9222c|rpc:localhost:15426|priority:0, 5fdc2252-45b1-4cf6-9f05-f5a52225645a|rpc:localhost:15436|priority:0, b07764cb-34df-45d7-9560-8ac949593b7a|rpc:localhost:15416|admin:|client:|dataStream:|priority:0], old=null
2021-07-27 15:00:32,340 [b07764cb-34df-45d7-9560-8ac949593b7a@group-6D50A358B8D8-StateMachineUpdater] INFO  ha.SCMStateMachine (SCMStateMachine.java:takeSnapshot(290)) - Current Snapshot Index 205, takeSnapshot took 0 ms
2021-07-27 15:00:32,340 [b07764cb-34df-45d7-9560-8ac949593b7a@group-6D50A358B8D8-StateMachineUpdater] INFO  impl.StateMachineUpdater (StateMachineUpdater.java:takeSnapshot(281)) - b07764cb-34df-45d7-9560-8ac949593b7a@group-6D50A358B8D8-StateMachineUpdater: Took a snapshot at index 205
2021-07-27 15:00:32,340 [b07764cb-34df-45d7-9560-8ac949593b7a@group-6D50A358B8D8-StateMachineUpdater] INFO  impl.StateMachineUpdater (StateMachineUpdater.java:lambda$new$0(89)) - b07764cb-34df-45d7-9560-8ac949593b7a@group-6D50A358B8D8-StateMachineUpdater: snapshotIndex: updateIncreasingly 200 -> 205
2021-07-27 15:00:32,340 [b07764cb-34df-45d7-9560-8ac949593b7a@group-6D50A358B8D8-StateMachineUpdater] INFO  raftlog.RaftLog (RaftLogBase.java:purge(306)) - b07764cb-34df-45d7-9560-8ac949593b7a@group-6D50A358B8D8-SegmentedRaftLog: purge 205
2021-07-27 15:00:32,340 [b07764cb-34df-45d7-9560-8ac949593b7a@group-6D50A358B8D8-StateMachineUpdater] INFO  raftlog.RaftLog (RaftLogBase.java:lambda$new$0(53)) - b07764cb-34df-45d7-9560-8ac949593b7a@group-6D50A358B8D8-SegmentedRaftLog: snapshotIndex: updateIncreasingly 200 -> 205
2021-07-27 15:00:32,340 [b07764cb-34df-45d7-9560-8ac949593b7a@group-6D50A358B8D8-StateMachineUpdater] INFO  raftlog.RaftLog (RaftLogBase.java:lambda$new$0(53)) - b07764cb-34df-45d7-9560-8ac949593b7a@group-6D50A358B8D8-SegmentedRaftLog: purgeIndex: updateToMax old=200, new=205, updated? true
2021-07-27 15:00:32,342 [grpc-default-executor-1] INFO  server.RaftServer$Division (ServerState.java:setRaftConf(387)) - 112e9cde-9cb9-43e4-9ef1-6a6d7fd9222c@group-6D50A358B8D8: set configuration 207: [112e9cde-9cb9-43e4-9ef1-6a6d7fd9222c|rpc:localhost:15426|admin:|client:|dataStream:|priority:0, 5fdc2252-45b1-4cf6-9f05-f5a52225645a|rpc:localhost:15436|admin:|client:|dataStream:|priority:0, b07764cb-34df-45d7-9560-8ac949593b7a|rpc:localhost:15416|admin:|client:|dataStream:|priority:0], old=null
2021-07-27 15:00:32,342 [grpc-default-executor-3] INFO  server.RaftServer$Division (ServerState.java:setRaftConf(387)) - 5fdc2252-45b1-4cf6-9f05-f5a52225645a@group-6D50A358B8D8: set configuration 207: [112e9cde-9cb9-43e4-9ef1-6a6d7fd9222c|rpc:localhost:15426|admin:|client:|dataStream:|priority:0, 5fdc2252-45b1-4cf6-9f05-f5a52225645a|rpc:localhost:15436|admin:|client:|dataStream:|priority:0, b07764cb-34df-45d7-9560-8ac949593b7a|rpc:localhost:15416|admin:|client:|dataStream:|priority:0], old=null
2021-07-27 15:00:32,343 [112e9cde-9cb9-43e4-9ef1-6a6d7fd9222c@group-6D50A358B8D8-StateMachineUpdater] INFO  ha.SCMStateMachine (SCMStateMachine.java:takeSnapshot(290)) - Current Snapshot Index 205, takeSnapshot took 0 ms
2021-07-27 15:00:32,343 [112e9cde-9cb9-43e4-9ef1-6a6d7fd9222c@group-6D50A358B8D8-StateMachineUpdater] INFO  impl.StateMachineUpdater (StateMachineUpdater.java:takeSnapshot(281)) - 112e9cde-9cb9-43e4-9ef1-6a6d7fd9222c@group-6D50A358B8D8-StateMachineUpdater: Took a snapshot at index 205
2021-07-27 15:00:32,343 [112e9cde-9cb9-43e4-9ef1-6a6d7fd9222c@group-6D50A358B8D8-StateMachineUpdater] INFO  impl.StateMachineUpdater (StateMachineUpdater.java:lambda$new$0(89)) - 112e9cde-9cb9-43e4-9ef1-6a6d7fd9222c@group-6D50A358B8D8-StateMachineUpdater: snapshotIndex: updateIncreasingly 200 -> 205
2021-07-27 15:00:32,343 [112e9cde-9cb9-43e4-9ef1-6a6d7fd9222c@group-6D50A358B8D8-StateMachineUpdater] INFO  raftlog.RaftLog (RaftLogBase.java:purge(306)) - 112e9cde-9cb9-43e4-9ef1-6a6d7fd9222c@group-6D50A358B8D8-SegmentedRaftLog: purge 205
2021-07-27 15:00:32,343 [112e9cde-9cb9-43e4-9ef1-6a6d7fd9222c@group-6D50A358B8D8-StateMachineUpdater] INFO  raftlog.RaftLog (RaftLogBase.java:lambda$new$0(53)) - 112e9cde-9cb9-43e4-9ef1-6a6d7fd9222c@group-6D50A358B8D8-SegmentedRaftLog: snapshotIndex: updateIncreasingly 200 -> 205
2021-07-27 15:00:32,343 [112e9cde-9cb9-43e4-9ef1-6a6d7fd9222c@group-6D50A358B8D8-StateMachineUpdater] INFO  raftlog.RaftLog (RaftLogBase.java:lambda$new$0(53)) - 112e9cde-9cb9-43e4-9ef1-6a6d7fd9222c@group-6D50A358B8D8-SegmentedRaftLog: purgeIndex: updateToMax old=200, new=205, updated? true
2021-07-27 15:00:32,346 [IPC Server handler 0 on default port 15418] INFO  ha.SCMRatisServerImpl (SCMRatisServerImpl.java:addSCM(291)) - Successfully added new SCM: 5fdc2252-45b1-4cf6-9f05-f5a52225645a.
2021-07-27 15:00:32,347 [Listener at 127.0.0.1/12788] INFO  ha.SCMHAManagerImpl (SCMHAManagerImpl.java:start(116)) - Successfully added SCM scmNode-3 to group group-6D50A358B8D8:[112e9cde-9cb9-43e4-9ef1-6a6d7fd9222c|rpc:localhost:15426|admin:|client:|dataStream:|priority:0, 5fdc2252-45b1-4cf6-9f05-f5a52225645a|rpc:localhost:15436|admin:|client:|dataStream:|priority:0, b07764cb-34df-45d7-9560-8ac949593b7a|rpc:localhost:15416|admin:|client:|dataStream:|priority:0]
2021-07-27 15:00:32,347 [Listener at 127.0.0.1/12788] INFO  ha.InterSCMGrpcService (InterSCMGrpcProtocolService.java:start(94)) - Starting SCM Grpc Service at port 15440
2021-07-27 15:00:32,361 [Listener at 127.0.0.1/12788] INFO  impl.MetricsSystemImpl (MetricsSystemImpl.java:init(158)) - StorageContainerManager metrics system started (again)
2021-07-27 15:00:32,375 [Listener at 127.0.0.1/12788] INFO  server.SCMClientProtocolServer (SCMClientProtocolServer.java:start(165)) - RPC server for Client  is listening at /0.0.0.0:15439
2021-07-27 15:00:32,376 [IPC Server Responder] INFO  ipc.Server (Server.java:run(1507)) - IPC Server Responder: starting
2021-07-27 15:00:32,379 [Listener at 127.0.0.1/12788] INFO  server.StorageContainerManager (StorageContainerManager.java:start(1260)) - ScmBlockLocationProtocol RPC server is listening at /0.0.0.0:15438
2021-07-27 15:00:32,379 [Listener at 127.0.0.1/12788] INFO  server.SCMBlockProtocolServer (SCMBlockProtocolServer.java:start(151)) - RPC server for Block Protocol is listening at /0.0.0.0:15438
2021-07-27 15:00:32,380 [IPC Server Responder] INFO  ipc.Server (Server.java:run(1507)) - IPC Server Responder: starting
2021-07-27 15:00:32,381 [IPC Server listener on 15439] INFO  ipc.Server (Server.java:run(1344)) - IPC Server listener on 15439: starting
2021-07-27 15:00:32,384 [Listener at 127.0.0.1/12788] INFO  server.StorageContainerManager (StorageContainerManager.java:start(1266)) - ScmDatanodeProtocl RPC server is listening at /0.0.0.0:15437
2021-07-27 15:00:32,391 [IPC Server listener on 15438] INFO  ipc.Server (Server.java:run(1344)) - IPC Server listener on 15438: starting
2021-07-27 15:00:32,392 [Listener at 127.0.0.1/12788] INFO  http.BaseHttpServer (BaseHttpServer.java:newHttpServer2BuilderForOzone(209)) - Starting Web-server for scm at: http://0.0.0.0:15434
2021-07-27 15:00:32,392 [Listener at 127.0.0.1/12788] INFO  http.BaseHttpServer (BaseHttpServer.java:<init>(107)) - Hadoop Security Enabled: false Ozone Security Enabled: false Ozone HTTP Security Enabled: false 
2021-07-27 15:00:32,394 [org.apache.hadoop.util.JvmPauseMonitor$Monitor@329b6556] INFO  util.JvmPauseMonitor (JvmPauseMonitor.java:run(188)) - Starting JVM pause monitor
2021-07-27 15:00:32,394 [Listener at 127.0.0.1/12788] INFO  server.AuthenticationFilter (AuthenticationFilter.java:constructSecretProvider(240)) - Unable to initialize FileSignerSecretProvider, falling back to use random secrets.
2021-07-27 15:00:32,395 [Listener at 127.0.0.1/12788] WARN  http.HttpRequestLog (HttpRequestLog.java:getRequestLog(103)) - Jetty request log can only be enabled using Log4j
2021-07-27 15:00:32,396 [Listener at 127.0.0.1/12788] INFO  http.HttpServer2 (HttpServer2.java:addGlobalFilter(1020)) - Added global filter 'safety' (class=org.apache.hadoop.hdds.server.http.HttpServer2$QuotingInputFilter)
2021-07-27 15:00:32,397 [Listener at 127.0.0.1/12788] INFO  http.HttpServer2 (HttpServer2.java:addFilter(996)) - Added filter static_user_filter (class=org.apache.hadoop.http.lib.StaticUserWebFilter$StaticUserFilter) to context scm
2021-07-27 15:00:32,398 [Listener at 127.0.0.1/12788] INFO  http.HttpServer2 (HttpServer2.java:addFilter(1004)) - Added filter static_user_filter (class=org.apache.hadoop.http.lib.StaticUserWebFilter$StaticUserFilter) to context static
2021-07-27 15:00:32,398 [Listener at 127.0.0.1/12788] INFO  http.HttpServer2 (HttpServer2.java:addFilter(1004)) - Added filter static_user_filter (class=org.apache.hadoop.http.lib.StaticUserWebFilter$StaticUserFilter) to context logs
2021-07-27 15:00:32,398 [Listener at 127.0.0.1/12788] INFO  http.HttpServer2 (HttpServer2.java:bindListener(1239)) - Jetty bound to port 15434
2021-07-27 15:00:32,399 [Listener at 127.0.0.1/12788] INFO  server.Server (Server.java:doStart(375)) - jetty-9.4.35.v20201120; built: 2020-11-20T21:17:03.964Z; git: bdc54f03a5e0a7e280fab27f55c3c75ee8da89fb; jvm 1.8.0_292-b10
2021-07-27 15:00:32,400 [Listener at 127.0.0.1/12788] INFO  server.session (DefaultSessionIdManager.java:doStart(334)) - DefaultSessionIdManager workerName=node0
2021-07-27 15:00:32,401 [Listener at 127.0.0.1/12788] INFO  server.session (DefaultSessionIdManager.java:doStart(339)) - No SessionScavenger set, using defaults
2021-07-27 15:00:32,401 [Listener at 127.0.0.1/12788] INFO  server.session (HouseKeeper.java:startScavenging(132)) - node0 Scavenging every 600000ms
2021-07-27 15:00:32,402 [Listener at 127.0.0.1/12788] INFO  handler.ContextHandler (ContextHandler.java:doStart(916)) - Started o.e.j.s.ServletContextHandler@5c35a03b{logs,/logs,file:///home/runner/work/ozone/ozone/mnt/ozone/hadoop-ozone/integration-test/target/log,AVAILABLE}
2021-07-27 15:00:32,403 [Listener at 127.0.0.1/12788] INFO  handler.ContextHandler (ContextHandler.java:doStart(916)) - Started o.e.j.s.ServletContextHandler@13674bcb{static,/static,file:///home/runner/work/ozone/ozone/mnt/ozone/hadoop-ozone/integration-test/target/test-classes/webapps/static,AVAILABLE}
2021-07-27 15:00:32,407 [Listener at 127.0.0.1/12788] INFO  handler.ContextHandler (ContextHandler.java:doStart(916)) - Started o.e.j.w.WebAppContext@7eaa3a93{scm,/,file:///home/runner/work/ozone/ozone/mnt/ozone/hadoop-ozone/integration-test/target/test-classes/webapps/scm/,AVAILABLE}{file:/home/runner/work/ozone/ozone/mnt/ozone/hadoop-ozone/integration-test/target/test-classes/webapps/scm}
2021-07-27 15:00:32,412 [Listener at 127.0.0.1/12788] INFO  server.AbstractConnector (AbstractConnector.java:doStart(331)) - Started ServerConnector@6a6ee06d{HTTP/1.1, (http/1.1)}{0.0.0.0:15434}
2021-07-27 15:00:32,412 [Listener at 127.0.0.1/12788] INFO  server.Server (Server.java:doStart(415)) - Started @47210ms
2021-07-27 15:00:32,412 [Listener at 127.0.0.1/12788] WARN  impl.MetricsSystemImpl (MetricsSystemImpl.java:register(279)) - Sink prometheus already exists!
2021-07-27 15:00:32,415 [Listener at 127.0.0.1/12788] INFO  http.BaseHttpServer (BaseHttpServer.java:updateConnectorAddress(329)) - HTTP server of scm listening at http://0.0.0.0:15434
2021-07-27 15:00:32,419 [Listener at 127.0.0.1/12788] INFO  ozone.MiniOzoneClusterImpl (MiniOzoneClusterImpl.java:shutdown(453)) - Shutting down the Mini Ozone Cluster
2021-07-27 15:00:32,419 [Listener at 127.0.0.1/12788] INFO  ozone.MiniOzoneHAClusterImpl (MiniOzoneHAClusterImpl.java:stop(297)) - Stopping the OzoneManager omNode-1
2021-07-27 15:00:32,419 [Listener at 127.0.0.1/12788] INFO  om.OzoneManager (OzoneManager.java:stop(1601)) - Stopping Ozone Manager
2021-07-27 15:00:32,414 [5fdc2252-45b1-4cf6-9f05-f5a52225645a@group-6D50A358B8D8-StateMachineUpdater] INFO  ha.SequenceIdGenerator (SequenceIdGenerator.java:reinitialize(165)) - reinitialize SequenceIdGenerator.
2021-07-27 15:00:32,421 [Listener at 127.0.0.1/12788] INFO  ipc.Server (Server.java:stop(3414)) - Stopping server on 12788
2021-07-27 15:00:32,431 [5fdc2252-45b1-4cf6-9f05-f5a52225645a@group-6D50A358B8D8-StateMachineUpdater] INFO  ha.SCMHAManagerImpl (SCMHAManagerImpl.java:installCheckpoint(277)) - Reloaded SCM state with Term: 2 and Index: 202
2021-07-27 15:00:32,431 [IPC Server listener on 12788] INFO  ipc.Server (Server.java:run(1376)) - Stopping IPC Server listener on 12788
2021-07-27 15:00:32,432 [IPC Server Responder] INFO  ipc.Server (Server.java:run(1512)) - Stopping IPC Server Responder
2021-07-27 15:00:32,432 [Listener at 127.0.0.1/12788] INFO  server.RaftServer (RaftServerProxy.java:lambda$close$6(391)) - omNode-1: close
2021-07-27 15:00:32,433 [Listener at 127.0.0.1/12788] INFO  server.RaftServer$Division (RaftServerImpl.java:lambda$close$4(407)) - omNode-1@group-523986131536: shutdown
2021-07-27 15:00:32,433 [Listener at 127.0.0.1/12788] INFO  util.JmxRegister (JmxRegister.java:unregister(73)) - Successfully un-registered JMX Bean with object name Ratis:service=RaftServer,group=group-523986131536,id=omNode-1
2021-07-27 15:00:32,433 [Listener at 127.0.0.1/12788] INFO  impl.RoleInfo (RoleInfo.java:shutdownLeaderState(91)) - omNode-1: shutdown omNode-1@group-523986131536-LeaderStateImpl
2021-07-27 15:00:32,433 [Listener at 127.0.0.1/12788] INFO  impl.PendingRequests (PendingRequests.java:sendNotLeaderResponses(249)) - omNode-1@group-523986131536-PendingRequests: sendNotLeaderResponses
2021-07-27 15:00:32,434 [Listener at 127.0.0.1/12788] INFO  impl.StateMachineUpdater (StateMachineUpdater.java:stopAndJoin(149)) - omNode-1@group-523986131536-StateMachineUpdater: set stopIndex = 0
2021-07-27 15:00:32,434 [omNode-1@group-523986131536-StateMachineUpdater] INFO  ratis.OzoneManagerStateMachine (OzoneManagerStateMachine.java:takeSnapshot(417)) - Current Snapshot Index (t:1, i:0)
2021-07-27 15:00:32,434 [omNode-1@group-523986131536-StateMachineUpdater] INFO  impl.StateMachineUpdater (StateMachineUpdater.java:takeSnapshot(281)) - omNode-1@group-523986131536-StateMachineUpdater: Took a snapshot at index 0
2021-07-27 15:00:32,434 [omNode-1@group-523986131536-StateMachineUpdater] INFO  impl.StateMachineUpdater (StateMachineUpdater.java:lambda$new$0(89)) - omNode-1@group-523986131536-StateMachineUpdater: snapshotIndex: updateIncreasingly -1 -> 0
2021-07-27 15:00:32,434 [omNode-1@group-523986131536-StateMachineUpdater] INFO  ratis.OzoneManagerStateMachine (OzoneManagerStateMachine.java:close(471)) - StateMachine has shutdown. Shutdown OzoneManager if not already shutdown.
2021-07-27 15:00:32,434 [Listener at 127.0.0.1/12788] INFO  server.RaftServer$Division (ServerState.java:close(419)) - omNode-1@group-523986131536: closes. applyIndex: 0
2021-07-27 15:00:32,434 [omNode-1@group-523986131536-SegmentedRaftLogWorker] INFO  segmented.SegmentedRaftLogWorker (SegmentedRaftLogWorker.java:run(327)) - omNode-1@group-523986131536-SegmentedRaftLogWorker was interrupted, exiting. There are 0 tasks remaining in the queue.
2021-07-27 15:00:32,436 [Listener at 127.0.0.1/12788] INFO  segmented.SegmentedRaftLogWorker (SegmentedRaftLogWorker.java:close(237)) - omNode-1@group-523986131536-SegmentedRaftLogWorker close()
2021-07-27 15:00:32,436 [5fdc2252-45b1-4cf6-9f05-f5a52225645a@group-6D50A358B8D8-StateMachineUpdater] INFO  impl.StateMachineUpdater (StateMachineUpdater.java:lambda$new$0(89)) - 5fdc2252-45b1-4cf6-9f05-f5a52225645a@group-6D50A358B8D8-StateMachineUpdater: snapshotIndex: setUnconditionally -1 -> 202
2021-07-27 15:00:32,438 [5fdc2252-45b1-4cf6-9f05-f5a52225645a@group-6D50A358B8D8-StateMachineUpdater] INFO  impl.StateMachineUpdater (StateMachineUpdater.java:lambda$new$0(89)) - 5fdc2252-45b1-4cf6-9f05-f5a52225645a@group-6D50A358B8D8-StateMachineUpdater: appliedIndex: setUnconditionally -1 -> 202
2021-07-27 15:00:32,440 [5fdc2252-45b1-4cf6-9f05-f5a52225645a@group-6D50A358B8D8-StateMachineUpdater] INFO  safemode.HealthyPipelineSafeModeRule (HealthyPipelineSafeModeRule.java:initializeRule(152)) - Refreshed total pipeline count is 2, healthy pipeline threshold count is 1
2021-07-27 15:00:32,440 [Listener at 127.0.0.1/12788] INFO  server.GrpcService (GrpcService.java:closeImpl(262)) - omNode-1: shutdown server with port 12792 now
2021-07-27 15:00:32,441 [Listener at 127.0.0.1/12788] INFO  server.GrpcService (GrpcService.java:closeImpl(271)) - omNode-1: shutdown server with port 12792 successfully
2021-07-27 15:00:32,441 [org.apache.ratis.util.JvmPauseMonitor$$Lambda$499/841483227@109a4e10] INFO  util.JvmPauseMonitor (JvmPauseMonitor.java:run(109)) - JvmPauseMonitor-omNode-1: Stopped
2021-07-27 15:00:32,442 [5fdc2252-45b1-4cf6-9f05-f5a52225645a@group-6D50A358B8D8-StateMachineUpdater] INFO  safemode.ContainerSafeModeRule (ContainerSafeModeRule.java:reInitializeRule(177)) - Refreshed one replica container threshold 0, currentThreshold 0
2021-07-27 15:00:32,442 [5fdc2252-45b1-4cf6-9f05-f5a52225645a@group-6D50A358B8D8-StateMachineUpdater] INFO  safemode.OneReplicaPipelineSafeModeRule (OneReplicaPipelineSafeModeRule.java:initializeRule(176)) - Refreshed Total pipeline count is 2, pipeline's with at least one datanode reported threshold count is 2
2021-07-27 15:00:32,442 [5fdc2252-45b1-4cf6-9f05-f5a52225645a@group-6D50A358B8D8-StateMachineUpdater] INFO  server.SCMDatanodeProtocolServer (SCMDatanodeProtocolServer.java:start(181)) - RPC server for DataNodes is listening at /0.0.0.0:15437
2021-07-27 15:00:32,443 [Listener at 127.0.0.1/12788] INFO  ratis.OzoneManagerDoubleBuffer (OzoneManagerDoubleBuffer.java:stop(437)) - Stopping OMDoubleBuffer flush thread
2021-07-27 15:00:32,443 [OMDoubleBufferFlushThread] INFO  ratis.OzoneManagerDoubleBuffer (OzoneManagerDoubleBuffer.java:flushTransactions(356)) - OMDoubleBuffer flush thread OMDoubleBufferFlushThread is interrupted and will exit. OMDoubleBufferFlushThread
2021-07-27 15:00:32,444 [Listener at 127.0.0.1/12788] INFO  utils.BackgroundService (BackgroundService.java:shutdown(132)) - Shutting down service KeyDeletingService
2021-07-27 15:00:32,445 [IPC Server Responder] INFO  ipc.Server (Server.java:run(1507)) - IPC Server Responder: starting
2021-07-27 15:00:32,445 [IPC Server listener on 15437] INFO  ipc.Server (Server.java:run(1344)) - IPC Server listener on 15437: starting
2021-07-27 15:00:32,448 [Listener at 127.0.0.1/12788] INFO  handler.ContextHandler (ContextHandler.java:doStop(1154)) - Stopped o.e.j.w.WebAppContext@193bf20{ozoneManager,/,null,STOPPED}{file:/home/runner/work/ozone/ozone/mnt/ozone/hadoop-ozone/integration-test/target/test-classes/webapps/ozoneManager}
2021-07-27 15:00:32,450 [IPC Server handler 0 on default port 15437] INFO  ipc.Server (Server.java:run(1026)) - IPC Server handler 0 on default port 15437: skipped Call#7 Retry#0 org.apache.hadoop.ozone.protocol.StorageContainerDatanodeProtocol.submitRequest from 127.0.0.1:34720
2021-07-27 15:00:32,451 [IPC Server handler 0 on default port 15437] INFO  ipc.Server (Server.java:run(1026)) - IPC Server handler 0 on default port 15437: skipped Call#111 Retry#0 org.apache.hadoop.ozone.protocol.StorageContainerDatanodeProtocol.submitRequest from 127.0.0.1:34778
2021-07-27 15:00:32,451 [IPC Server handler 2 on default port 15437] INFO  ipc.Server (Server.java:run(1026)) - IPC Server handler 2 on default port 15437: skipped Call#10 Retry#0 org.apache.hadoop.ozone.protocol.StorageContainerDatanodeProtocol.submitRequest from 127.0.0.1:34720
2021-07-27 15:00:32,451 [IPC Server handler 2 on default port 15437] INFO  ipc.Server (Server.java:run(1026)) - IPC Server handler 2 on default port 15437: skipped Call#28 Retry#0 org.apache.hadoop.ozone.protocol.StorageContainerDatanodeProtocol.submitRequest from 127.0.0.1:34732
2021-07-27 15:00:32,451 [IPC Server handler 2 on default port 15437] INFO  ipc.Server (Server.java:run(1026)) - IPC Server handler 2 on default port 15437: skipped Call#146 Retry#0 org.apache.hadoop.ozone.protocol.StorageContainerDatanodeProtocol.submitRequest from 127.0.0.1:34790
2021-07-27 15:00:32,451 [IPC Server handler 2 on default port 15437] INFO  ipc.Server (Server.java:run(1026)) - IPC Server handler 2 on default port 15437: skipped Call#73 Retry#0 org.apache.hadoop.ozone.protocol.StorageContainerDatanodeProtocol.submitRequest from 127.0.0.1:34760
2021-07-27 15:00:32,451 [IPC Server handler 2 on default port 15437] INFO  ipc.Server (Server.java:run(1026)) - IPC Server handler 2 on default port 15437: skipped Call#110 Retry#0 org.apache.hadoop.ozone.protocol.StorageContainerDatanodeProtocol.submitRequest from 127.0.0.1:34778
2021-07-27 15:00:32,453 [Listener at 127.0.0.1/12788] INFO  server.AbstractConnector (AbstractConnector.java:doStop(381)) - Stopped ServerConnector@5708b827{HTTP/1.1, (http/1.1)}{0.0.0.0:12790}
2021-07-27 15:00:32,453 [Listener at 127.0.0.1/12788] INFO  server.session (HouseKeeper.java:stopScavenging(149)) - node0 Stopped scavenging
2021-07-27 15:00:32,454 [IPC Server handler 3 on default port 15437] INFO  ipc.Server (Server.java:run(1026)) - IPC Server handler 3 on default port 15437: skipped Call#13 Retry#0 org.apache.hadoop.ozone.protocol.StorageContainerDatanodeProtocol.submitRequest from 127.0.0.1:34720
2021-07-27 15:00:32,454 [IPC Server handler 3 on default port 15437] INFO  ipc.Server (Server.java:run(1026)) - IPC Server handler 3 on default port 15437: skipped Call#29 Retry#0 org.apache.hadoop.ozone.protocol.StorageContainerDatanodeProtocol.submitRequest from 127.0.0.1:34732
2021-07-27 15:00:32,454 [IPC Server handler 3 on default port 15437] INFO  ipc.Server (Server.java:run(1026)) - IPC Server handler 3 on default port 15437: skipped Call#147 Retry#0 org.apache.hadoop.ozone.protocol.StorageContainerDatanodeProtocol.submitRequest from 127.0.0.1:34790
2021-07-27 15:00:32,454 [IPC Server handler 3 on default port 15437] INFO  ipc.Server (Server.java:run(1026)) - IPC Server handler 3 on default port 15437: skipped Call#75 Retry#0 org.apache.hadoop.ozone.protocol.StorageContainerDatanodeProtocol.submitRequest from 127.0.0.1:34760
2021-07-27 15:00:32,454 [IPC Server handler 3 on default port 15437] INFO  ipc.Server (Server.java:run(1026)) - IPC Server handler 3 on default port 15437: skipped Call#112 Retry#0 org.apache.hadoop.ozone.protocol.StorageContainerDatanodeProtocol.submitRequest from 127.0.0.1:34778
2021-07-27 15:00:32,454 [IPC Server handler 4 on default port 15437] INFO  ipc.Server (Server.java:run(1026)) - IPC Server handler 4 on default port 15437: skipped Call#30 Retry#0 org.apache.hadoop.ozone.protocol.StorageContainerDatanodeProtocol.submitRequest from 127.0.0.1:34732
2021-07-27 15:00:32,454 [IPC Server handler 4 on default port 15437] INFO  ipc.Server (Server.java:run(1026)) - IPC Server handler 4 on default port 15437: skipped Call#145 Retry#0 org.apache.hadoop.ozone.protocol.StorageContainerDatanodeProtocol.submitRequest from 127.0.0.1:34790
2021-07-27 15:00:32,454 [IPC Server handler 4 on default port 15437] INFO  ipc.Server (Server.java:run(1026)) - IPC Server handler 4 on default port 15437: skipped Call#74 Retry#0 org.apache.hadoop.ozone.protocol.StorageContainerDatanodeProtocol.submitRequest from 127.0.0.1:34760
2021-07-27 15:00:32,459 [EndpointStateMachine task thread for /127.0.0.1:15437 - 0 ] INFO  ozoneimpl.OzoneContainer (OzoneContainer.java:start(301)) - Ignore. OzoneContainer already started.
2021-07-27 15:00:32,460 [Listener at 127.0.0.1/12788] INFO  handler.ContextHandler (ContextHandler.java:doStop(1154)) - Stopped o.e.j.s.ServletContextHandler@7da298aa{static,/static,file:///home/runner/work/ozone/ozone/mnt/ozone/hadoop-ozone/integration-test/target/test-classes/webapps/static,STOPPED}
2021-07-27 15:00:32,461 [Listener at 127.0.0.1/12788] INFO  handler.ContextHandler (ContextHandler.java:doStop(1154)) - Stopped o.e.j.s.ServletContextHandler@309d298{logs,/logs,file:///home/runner/work/ozone/ozone/mnt/ozone/hadoop-ozone/integration-test/target/log,STOPPED}
2021-07-27 15:00:32,462 [EndpointStateMachine task thread for /127.0.0.1:15437 - 0 ] INFO  ozoneimpl.OzoneContainer (OzoneContainer.java:start(301)) - Ignore. OzoneContainer already started.
2021-07-27 15:00:32,461 [5fdc2252-45b1-4cf6-9f05-f5a52225645a@group-6D50A358B8D8-StateMachineUpdater] INFO  ha.SCMStateMachine (SCMStateMachine.java:takeSnapshot(290)) - Current Snapshot Index 207, takeSnapshot took 0 ms
2021-07-27 15:00:32,462 [5fdc2252-45b1-4cf6-9f05-f5a52225645a@group-6D50A358B8D8-StateMachineUpdater] INFO  impl.StateMachineUpdater (StateMachineUpdater.java:takeSnapshot(281)) - 5fdc2252-45b1-4cf6-9f05-f5a52225645a@group-6D50A358B8D8-StateMachineUpdater: Took a snapshot at index 207
2021-07-27 15:00:32,462 [5fdc2252-45b1-4cf6-9f05-f5a52225645a@group-6D50A358B8D8-StateMachineUpdater] INFO  impl.StateMachineUpdater (StateMachineUpdater.java:lambda$new$0(89)) - 5fdc2252-45b1-4cf6-9f05-f5a52225645a@group-6D50A358B8D8-StateMachineUpdater: snapshotIndex: updateIncreasingly 202 -> 207
2021-07-27 15:00:32,462 [5fdc2252-45b1-4cf6-9f05-f5a52225645a@group-6D50A358B8D8-StateMachineUpdater] INFO  raftlog.RaftLog (RaftLogBase.java:purge(306)) - 5fdc2252-45b1-4cf6-9f05-f5a52225645a@group-6D50A358B8D8-SegmentedRaftLog: purge 207
2021-07-27 15:00:32,461 [EndpointStateMachine task thread for /127.0.0.1:15437 - 0 ] INFO  ozoneimpl.OzoneContainer (OzoneContainer.java:start(301)) - Ignore. OzoneContainer already started.
2021-07-27 15:00:32,462 [5fdc2252-45b1-4cf6-9f05-f5a52225645a@group-6D50A358B8D8-StateMachineUpdater] INFO  raftlog.RaftLog (RaftLogBase.java:lambda$new$0(53)) - 5fdc2252-45b1-4cf6-9f05-f5a52225645a@group-6D50A358B8D8-SegmentedRaftLog: snapshotIndex: updateIncreasingly 202 -> 207
2021-07-27 15:00:32,464 [5fdc2252-45b1-4cf6-9f05-f5a52225645a@group-6D50A358B8D8-StateMachineUpdater] INFO  raftlog.RaftLog (RaftLogBase.java:lambda$new$0(53)) - 5fdc2252-45b1-4cf6-9f05-f5a52225645a@group-6D50A358B8D8-SegmentedRaftLog: purgeIndex: updateToMax old=-1, new=207, updated? true
2021-07-27 15:00:32,464 [Listener at 127.0.0.1/12788] INFO  ozone.MiniOzoneHAClusterImpl (MiniOzoneHAClusterImpl.java:stop(305)) - Stopping the StorageContainerManager 112e9cde-9cb9-43e4-9ef1-6a6d7fd9222c
2021-07-27 15:00:32,464 [Listener at 127.0.0.1/12788] INFO  server.StorageContainerManager (StorageContainerManager.java:stop(1337)) - Stopping Replication Manager Service.
2021-07-27 15:00:32,464 [Listener at 127.0.0.1/12788] INFO  container.ReplicationManager (ReplicationManager.java:stop(317)) - Stopping Replication Monitor Thread.
2021-07-27 15:00:32,464 [Listener at 127.0.0.1/12788] INFO  server.StorageContainerManager (StorageContainerManager.java:stop(1344)) - Stopping the Datanode Admin Monitor.
2021-07-27 15:00:32,464 [Listener at 127.0.0.1/12788] INFO  server.StorageContainerManager (StorageContainerManager.java:stop(1351)) - Stopping Lease Manager of the command watchers
2021-07-27 15:00:32,464 [Listener at 127.0.0.1/12788] INFO  server.StorageContainerManager (StorageContainerManager.java:stop(1358)) - Stopping datanode service RPC server
2021-07-27 15:00:32,464 [Listener at 127.0.0.1/12788] INFO  server.SCMDatanodeProtocolServer (SCMDatanodeProtocolServer.java:stop(389)) - Stopping the RPC server for DataNodes
2021-07-27 15:00:32,465 [Listener at 127.0.0.1/12788] INFO  ipc.Server (Server.java:stop(3414)) - Stopping server on 15427
2021-07-27 15:00:32,466 [IPC Server listener on 15427] INFO  ipc.Server (Server.java:run(1376)) - Stopping IPC Server listener on 15427
2021-07-27 15:00:32,467 [IPC Server Responder] INFO  ipc.Server (Server.java:run(1512)) - Stopping IPC Server Responder
2021-07-27 15:00:32,541 [SCM Heartbeat Processing Thread - 0] WARN  node.NodeStateManager (NodeStateManager.java:scheduleNextHealthCheck(799)) - Current Thread is interrupted, shutting down HB processing thread for Node Manager.
2021-07-27 15:00:32,542 [Listener at 127.0.0.1/12788] INFO  server.StorageContainerManager (StorageContainerManager.java:stop(1366)) - Stopping block service RPC server
2021-07-27 15:00:32,542 [Listener at 127.0.0.1/12788] INFO  server.SCMBlockProtocolServer (SCMBlockProtocolServer.java:stop(160)) - Stopping the RPC server for Block Protocol
2021-07-27 15:00:32,543 [Listener at 127.0.0.1/12788] INFO  ipc.Server (Server.java:stop(3414)) - Stopping server on 15428
2021-07-27 15:00:32,545 [IPC Server listener on 15428] INFO  ipc.Server (Server.java:run(1376)) - Stopping IPC Server listener on 15428
2021-07-27 15:00:32,546 [IPC Server Responder] INFO  ipc.Server (Server.java:run(1512)) - Stopping IPC Server Responder
2021-07-27 15:00:32,546 [Listener at 127.0.0.1/12788] INFO  server.StorageContainerManager (StorageContainerManager.java:stop(1373)) - Stopping the StorageContainerLocationProtocol RPC server
2021-07-27 15:00:32,546 [Listener at 127.0.0.1/12788] INFO  server.SCMClientProtocolServer (SCMClientProtocolServer.java:stop(174)) - Stopping the RPC server for Client Protocol
2021-07-27 15:00:32,546 [Listener at 127.0.0.1/12788] INFO  ipc.Server (Server.java:stop(3414)) - Stopping server on 15429
2021-07-27 15:00:32,547 [IPC Server listener on 15429] INFO  ipc.Server (Server.java:run(1376)) - Stopping IPC Server listener on 15429
2021-07-27 15:00:32,548 [IPC Server Responder] INFO  ipc.Server (Server.java:run(1512)) - Stopping IPC Server Responder
2021-07-27 15:00:32,548 [Listener at 127.0.0.1/12788] INFO  server.StorageContainerManager (StorageContainerManager.java:stop(1380)) - Stopping Storage Container Manager HTTP server.
2021-07-27 15:00:32,549 [Listener at 127.0.0.1/12788] INFO  handler.ContextHandler (ContextHandler.java:doStop(1154)) - Stopped o.e.j.w.WebAppContext@59509393{scm,/,null,STOPPED}{file:/home/runner/work/ozone/ozone/mnt/ozone/hadoop-ozone/integration-test/target/test-classes/webapps/scm}
2021-07-27 15:00:32,550 [Listener at 127.0.0.1/12788] INFO  server.AbstractConnector (AbstractConnector.java:doStop(381)) - Stopped ServerConnector@22cf1808{HTTP/1.1, (http/1.1)}{0.0.0.0:15424}
2021-07-27 15:00:32,550 [Listener at 127.0.0.1/12788] INFO  server.session (HouseKeeper.java:stopScavenging(149)) - node0 Stopped scavenging
2021-07-27 15:00:32,550 [Listener at 127.0.0.1/12788] INFO  handler.ContextHandler (ContextHandler.java:doStop(1154)) - Stopped o.e.j.s.ServletContextHandler@423d662a{static,/static,file:///home/runner/work/ozone/ozone/mnt/ozone/hadoop-ozone/integration-test/target/test-classes/webapps/static,STOPPED}
2021-07-27 15:00:32,551 [Listener at 127.0.0.1/12788] INFO  handler.ContextHandler (ContextHandler.java:doStop(1154)) - Stopped o.e.j.s.ServletContextHandler@2eb73a42{logs,/logs,file:///home/runner/work/ozone/ozone/mnt/ozone/hadoop-ozone/integration-test/target/log,STOPPED}
2021-07-27 15:00:32,551 [Listener at 127.0.0.1/12788] INFO  server.StorageContainerManager (StorageContainerManager.java:stop(1391)) - Stopping Block Manager Service.
2021-07-27 15:00:32,552 [Listener at 127.0.0.1/12788] INFO  utils.BackgroundService (BackgroundService.java:shutdown(132)) - Shutting down service SCMBlockDeletingService
2021-07-27 15:00:32,552 [Listener at 127.0.0.1/12788] INFO  utils.BackgroundService (BackgroundService.java:shutdown(132)) - Shutting down service SCMBlockDeletingService
2021-07-27 15:00:32,552 [Listener at 127.0.0.1/12788] INFO  server.StorageContainerManager (StorageContainerManager.java:stop(1418)) - Stopping SCM Event Queue.
2021-07-27 15:00:32,554 [Listener at 127.0.0.1/12788] INFO  server.StorageContainerManager (StorageContainerManager.java:stop(1429)) - Stopping SCM HA services.
2021-07-27 15:00:32,554 [Listener at 127.0.0.1/12788] INFO  ha.SCMRatisServerImpl (SCMRatisServerImpl.java:stop(226)) - stopping ratis server 0.0.0.0:15426
2021-07-27 15:00:32,554 [Listener at 127.0.0.1/12788] INFO  server.RaftServer (RaftServerProxy.java:lambda$close$6(391)) - 112e9cde-9cb9-43e4-9ef1-6a6d7fd9222c: close
2021-07-27 15:00:32,556 [Listener at 127.0.0.1/12788] INFO  server.RaftServer$Division (RaftServerImpl.java:lambda$close$4(407)) - 112e9cde-9cb9-43e4-9ef1-6a6d7fd9222c@group-6D50A358B8D8: shutdown
2021-07-27 15:00:32,556 [Listener at 127.0.0.1/12788] INFO  util.JmxRegister (JmxRegister.java:unregister(73)) - Successfully un-registered JMX Bean with object name Ratis:service=RaftServer,group=group-6D50A358B8D8,id=112e9cde-9cb9-43e4-9ef1-6a6d7fd9222c
2021-07-27 15:00:32,556 [Listener at 127.0.0.1/12788] INFO  impl.RoleInfo (RoleInfo.java:shutdownFollowerState(108)) - 112e9cde-9cb9-43e4-9ef1-6a6d7fd9222c: shutdown 112e9cde-9cb9-43e4-9ef1-6a6d7fd9222c@group-6D50A358B8D8-FollowerState
2021-07-27 15:00:32,556 [112e9cde-9cb9-43e4-9ef1-6a6d7fd9222c@group-6D50A358B8D8-FollowerState] INFO  impl.FollowerState (FollowerState.java:run(143)) - 112e9cde-9cb9-43e4-9ef1-6a6d7fd9222c@group-6D50A358B8D8-FollowerState was interrupted: {}
java.lang.InterruptedException: sleep interrupted
	at java.lang.Thread.sleep(Native Method)
	at java.lang.Thread.sleep(Thread.java:340)
	at java.util.concurrent.TimeUnit.sleep(TimeUnit.java:386)
	at org.apache.ratis.util.TimeDuration.sleep(TimeDuration.java:324)
	at org.apache.ratis.util.TimeDuration.sleep(TimeDuration.java:309)
	at org.apache.ratis.server.impl.FollowerState.run(FollowerState.java:118)
2021-07-27 15:00:32,556 [112e9cde-9cb9-43e4-9ef1-6a6d7fd9222c@group-6D50A358B8D8-StateMachineUpdater] INFO  ha.SCMStateMachine (SCMStateMachine.java:takeSnapshot(290)) - Current Snapshot Index 207, takeSnapshot took 1 ms
2021-07-27 15:00:32,556 [112e9cde-9cb9-43e4-9ef1-6a6d7fd9222c@group-6D50A358B8D8-StateMachineUpdater] INFO  impl.StateMachineUpdater (StateMachineUpdater.java:takeSnapshot(281)) - 112e9cde-9cb9-43e4-9ef1-6a6d7fd9222c@group-6D50A358B8D8-StateMachineUpdater: Took a snapshot at index 207
2021-07-27 15:00:32,556 [112e9cde-9cb9-43e4-9ef1-6a6d7fd9222c@group-6D50A358B8D8-StateMachineUpdater] INFO  impl.StateMachineUpdater (StateMachineUpdater.java:lambda$new$0(89)) - 112e9cde-9cb9-43e4-9ef1-6a6d7fd9222c@group-6D50A358B8D8-StateMachineUpdater: snapshotIndex: updateIncreasingly 205 -> 207
2021-07-27 15:00:32,557 [Listener at 127.0.0.1/12788] INFO  impl.StateMachineUpdater (StateMachineUpdater.java:stopAndJoin(149)) - 112e9cde-9cb9-43e4-9ef1-6a6d7fd9222c@group-6D50A358B8D8-StateMachineUpdater: set stopIndex = 207
2021-07-27 15:00:32,557 [Listener at 127.0.0.1/12788] INFO  server.RaftServer$Division (ServerState.java:close(419)) - 112e9cde-9cb9-43e4-9ef1-6a6d7fd9222c@group-6D50A358B8D8: closes. applyIndex: 207
2021-07-27 15:00:32,557 [112e9cde-9cb9-43e4-9ef1-6a6d7fd9222c@group-6D50A358B8D8-SegmentedRaftLogWorker] INFO  segmented.SegmentedRaftLogWorker (SegmentedRaftLogWorker.java:run(327)) - 112e9cde-9cb9-43e4-9ef1-6a6d7fd9222c@group-6D50A358B8D8-SegmentedRaftLogWorker was interrupted, exiting. There are 0 tasks remaining in the queue.
2021-07-27 15:00:32,558 [Listener at 127.0.0.1/12788] INFO  segmented.SegmentedRaftLogWorker (SegmentedRaftLogWorker.java:close(237)) - 112e9cde-9cb9-43e4-9ef1-6a6d7fd9222c@group-6D50A358B8D8-SegmentedRaftLogWorker close()
2021-07-27 15:00:32,559 [Listener at 127.0.0.1/12788] INFO  server.GrpcService (GrpcService.java:closeImpl(262)) - 112e9cde-9cb9-43e4-9ef1-6a6d7fd9222c: shutdown server with port 15426 now
2021-07-27 15:00:32,563 [grpc-default-executor-1] WARN  server.GrpcServerProtocolService (LogUtils.java:warn(122)) - 112e9cde-9cb9-43e4-9ef1-6a6d7fd9222c: installSnapshot onError, lastRequest: b07764cb-34df-45d7-9560-8ac949593b7a->112e9cde-9cb9-43e4-9ef1-6a6d7fd9222c#1743-t2,previous=(t:2, i:207),leaderCommit=207,initializing? true,entries: size=1, first=(t:2, i:208), METADATAENTRY(c:207): org.apache.ratis.thirdparty.io.grpc.StatusRuntimeException: CANCELLED: client cancelled
2021-07-27 15:00:32,569 [Listener at 127.0.0.1/12788] INFO  server.GrpcService (GrpcService.java:closeImpl(271)) - 112e9cde-9cb9-43e4-9ef1-6a6d7fd9222c: shutdown server with port 15426 successfully
2021-07-27 15:00:32,570 [org.apache.ratis.util.JvmPauseMonitor$$Lambda$499/841483227@4afdb05e] INFO  util.JvmPauseMonitor (JvmPauseMonitor.java:run(109)) - JvmPauseMonitor-112e9cde-9cb9-43e4-9ef1-6a6d7fd9222c: Stopped
2021-07-27 15:00:32,570 [grpc-default-executor-3] WARN  server.GrpcLogAppender (LogUtils.java:warn(122)) - b07764cb-34df-45d7-9560-8ac949593b7a@group-6D50A358B8D8->112e9cde-9cb9-43e4-9ef1-6a6d7fd9222c-AppendLogResponseHandler: Failed appendEntries: org.apache.ratis.thirdparty.io.grpc.StatusRuntimeException: CANCELLED: HTTP/2 error code: CANCEL
Received Rst Stream
2021-07-27 15:00:32,571 [grpc-default-executor-3] INFO  leader.FollowerInfo (FollowerInfoImpl.java:lambda$new$0(46)) - b07764cb-34df-45d7-9560-8ac949593b7a@group-6D50A358B8D8->112e9cde-9cb9-43e4-9ef1-6a6d7fd9222c: nextIndex: updateUnconditionally 209 -> 208
2021-07-27 15:00:32,571 [Listener at 127.0.0.1/12788] INFO  pipeline.BackgroundPipelineCreator (BackgroundPipelineCreatorV2.java:stop(158)) - Stopping RatisPipelineUtilsThread.
2021-07-27 15:00:32,573 [Listener at 127.0.0.1/12788] INFO  server.StorageContainerManager (StorageContainerManager.java:stop(1439)) - Stopping SCM MetadataStore.
2021-07-27 15:00:32,574 [Listener at 127.0.0.1/12788] INFO  impl.MetricsSystemImpl (MetricsSystemImpl.java:stop(210)) - Stopping StorageContainerManager metrics system...
2021-07-27 15:00:32,592 [prometheus] INFO  impl.MetricsSinkAdapter (MetricsSinkAdapter.java:publishMetricsFromQueue(141)) - prometheus thread interrupted.
2021-07-27 15:00:32,592 [Listener at 127.0.0.1/12788] INFO  impl.MetricsSystemImpl (MetricsSystemImpl.java:stop(216)) - StorageContainerManager metrics system stopped.
2021-07-27 15:00:32,593 [Listener at 127.0.0.1/12788] INFO  ozone.MiniOzoneHAClusterImpl (MiniOzoneHAClusterImpl.java:stop(305)) - Stopping the StorageContainerManager 5fdc2252-45b1-4cf6-9f05-f5a52225645a
2021-07-27 15:00:32,593 [Listener at 127.0.0.1/12788] INFO  server.StorageContainerManager (StorageContainerManager.java:stop(1337)) - Stopping Replication Manager Service.
2021-07-27 15:00:32,593 [Listener at 127.0.0.1/12788] INFO  container.ReplicationManager (ReplicationManager.java:stop(317)) - Stopping Replication Monitor Thread.
2021-07-27 15:00:32,593 [Listener at 127.0.0.1/12788] INFO  server.StorageContainerManager (StorageContainerManager.java:stop(1344)) - Stopping the Datanode Admin Monitor.
2021-07-27 15:00:32,594 [Listener at 127.0.0.1/12788] INFO  server.StorageContainerManager (StorageContainerManager.java:stop(1351)) - Stopping Lease Manager of the command watchers
2021-07-27 15:00:32,594 [Listener at 127.0.0.1/12788] INFO  server.StorageContainerManager (StorageContainerManager.java:stop(1358)) - Stopping datanode service RPC server
2021-07-27 15:00:32,595 [Listener at 127.0.0.1/12788] INFO  server.SCMDatanodeProtocolServer (SCMDatanodeProtocolServer.java:stop(389)) - Stopping the RPC server for DataNodes
2021-07-27 15:00:32,595 [Listener at 127.0.0.1/12788] INFO  ipc.Server (Server.java:stop(3414)) - Stopping server on 15437
2021-07-27 15:00:32,596 [grpc-default-executor-1] WARN  server.GrpcLogAppender (LogUtils.java:warn(122)) - b07764cb-34df-45d7-9560-8ac949593b7a@group-6D50A358B8D8->112e9cde-9cb9-43e4-9ef1-6a6d7fd9222c-AppendLogResponseHandler: Failed appendEntries: org.apache.ratis.thirdparty.io.grpc.StatusRuntimeException: UNAVAILABLE: io exception
2021-07-27 15:00:32,597 [grpc-default-executor-1] INFO  leader.FollowerInfo (FollowerInfoImpl.java:lambda$new$0(46)) - b07764cb-34df-45d7-9560-8ac949593b7a@group-6D50A358B8D8->112e9cde-9cb9-43e4-9ef1-6a6d7fd9222c: nextIndex: updateUnconditionally 209 -> 208
2021-07-27 15:00:32,601 [IPC Server listener on 15437] INFO  ipc.Server (Server.java:run(1376)) - Stopping IPC Server listener on 15437
2021-07-27 15:00:32,602 [IPC Server Responder] INFO  ipc.Server (Server.java:run(1512)) - Stopping IPC Server Responder
2021-07-27 15:00:32,641 [SCM Heartbeat Processing Thread - 0] WARN  node.NodeStateManager (NodeStateManager.java:scheduleNextHealthCheck(799)) - Current Thread is interrupted, shutting down HB processing thread for Node Manager.
2021-07-27 15:00:32,643 [Listener at 127.0.0.1/12788] INFO  server.StorageContainerManager (StorageContainerManager.java:stop(1366)) - Stopping block service RPC server
2021-07-27 15:00:32,643 [Listener at 127.0.0.1/12788] INFO  server.SCMBlockProtocolServer (SCMBlockProtocolServer.java:stop(160)) - Stopping the RPC server for Block Protocol
2021-07-27 15:00:32,643 [Listener at 127.0.0.1/12788] INFO  ipc.Server (Server.java:stop(3414)) - Stopping server on 15438
2021-07-27 15:00:32,647 [Listener at 127.0.0.1/12788] INFO  server.StorageContainerManager (StorageContainerManager.java:stop(1373)) - Stopping the StorageContainerLocationProtocol RPC server
2021-07-27 15:00:32,647 [Listener at 127.0.0.1/12788] INFO  server.SCMClientProtocolServer (SCMClientProtocolServer.java:stop(174)) - Stopping the RPC server for Client Protocol
2021-07-27 15:00:32,647 [Listener at 127.0.0.1/12788] INFO  ipc.Server (Server.java:stop(3414)) - Stopping server on 15439
2021-07-27 15:00:32,647 [IPC Server listener on 15438] INFO  ipc.Server (Server.java:run(1376)) - Stopping IPC Server listener on 15438
2021-07-27 15:00:32,647 [IPC Server Responder] INFO  ipc.Server (Server.java:run(1512)) - Stopping IPC Server Responder
2021-07-27 15:00:32,650 [Listener at 127.0.0.1/12788] INFO  server.StorageContainerManager (StorageContainerManager.java:stop(1380)) - Stopping Storage Container Manager HTTP server.
2021-07-27 15:00:32,650 [Listener at 127.0.0.1/12788] INFO  handler.ContextHandler (ContextHandler.java:doStop(1154)) - Stopped o.e.j.w.WebAppContext@7eaa3a93{scm,/,null,STOPPED}{file:/home/runner/work/ozone/ozone/mnt/ozone/hadoop-ozone/integration-test/target/test-classes/webapps/scm}
2021-07-27 15:00:32,650 [IPC Server listener on 15439] INFO  ipc.Server (Server.java:run(1376)) - Stopping IPC Server listener on 15439
2021-07-27 15:00:32,651 [IPC Server Responder] INFO  ipc.Server (Server.java:run(1512)) - Stopping IPC Server Responder
2021-07-27 15:00:32,651 [Listener at 127.0.0.1/12788] INFO  server.AbstractConnector (AbstractConnector.java:doStop(381)) - Stopped ServerConnector@6a6ee06d{HTTP/1.1, (http/1.1)}{0.0.0.0:15434}
2021-07-27 15:00:32,651 [Listener at 127.0.0.1/12788] INFO  server.session (HouseKeeper.java:stopScavenging(149)) - node0 Stopped scavenging
2021-07-27 15:00:32,652 [Listener at 127.0.0.1/12788] INFO  handler.ContextHandler (ContextHandler.java:doStop(1154)) - Stopped o.e.j.s.ServletContextHandler@13674bcb{static,/static,file:///home/runner/work/ozone/ozone/mnt/ozone/hadoop-ozone/integration-test/target/test-classes/webapps/static,STOPPED}
2021-07-27 15:00:32,652 [Listener at 127.0.0.1/12788] INFO  handler.ContextHandler (ContextHandler.java:doStop(1154)) - Stopped o.e.j.s.ServletContextHandler@5c35a03b{logs,/logs,file:///home/runner/work/ozone/ozone/mnt/ozone/hadoop-ozone/integration-test/target/log,STOPPED}
2021-07-27 15:00:32,653 [Listener at 127.0.0.1/12788] INFO  server.StorageContainerManager (StorageContainerManager.java:stop(1391)) - Stopping Block Manager Service.
2021-07-27 15:00:32,653 [Listener at 127.0.0.1/12788] INFO  utils.BackgroundService (BackgroundService.java:shutdown(132)) - Shutting down service SCMBlockDeletingService
2021-07-27 15:00:32,653 [Listener at 127.0.0.1/12788] INFO  utils.BackgroundService (BackgroundService.java:shutdown(132)) - Shutting down service SCMBlockDeletingService
2021-07-27 15:00:32,653 [Listener at 127.0.0.1/12788] INFO  server.StorageContainerManager (StorageContainerManager.java:stop(1418)) - Stopping SCM Event Queue.
2021-07-27 15:00:32,654 [Listener at 127.0.0.1/12788] INFO  server.StorageContainerManager (StorageContainerManager.java:stop(1429)) - Stopping SCM HA services.
2021-07-27 15:00:32,655 [Listener at 127.0.0.1/12788] INFO  ha.SCMRatisServerImpl (SCMRatisServerImpl.java:stop(226)) - stopping ratis server 0.0.0.0:15436
2021-07-27 15:00:32,655 [Listener at 127.0.0.1/12788] INFO  server.RaftServer (RaftServerProxy.java:lambda$close$6(391)) - 5fdc2252-45b1-4cf6-9f05-f5a52225645a: close
2021-07-27 15:00:32,655 [Listener at 127.0.0.1/12788] INFO  server.RaftServer$Division (RaftServerImpl.java:lambda$close$4(407)) - 5fdc2252-45b1-4cf6-9f05-f5a52225645a@group-6D50A358B8D8: shutdown
2021-07-27 15:00:32,655 [Listener at 127.0.0.1/12788] INFO  util.JmxRegister (JmxRegister.java:unregister(73)) - Successfully un-registered JMX Bean with object name Ratis:service=RaftServer,group=group-6D50A358B8D8,id=5fdc2252-45b1-4cf6-9f05-f5a52225645a
2021-07-27 15:00:32,655 [Listener at 127.0.0.1/12788] INFO  impl.RoleInfo (RoleInfo.java:shutdownFollowerState(108)) - 5fdc2252-45b1-4cf6-9f05-f5a52225645a: shutdown 5fdc2252-45b1-4cf6-9f05-f5a52225645a@group-6D50A358B8D8-FollowerState
2021-07-27 15:00:32,655 [5fdc2252-45b1-4cf6-9f05-f5a52225645a@group-6D50A358B8D8-FollowerState] INFO  impl.FollowerState (FollowerState.java:run(143)) - 5fdc2252-45b1-4cf6-9f05-f5a52225645a@group-6D50A358B8D8-FollowerState was interrupted: {}
java.lang.InterruptedException: sleep interrupted
	at java.lang.Thread.sleep(Native Method)
	at java.lang.Thread.sleep(Thread.java:340)
	at java.util.concurrent.TimeUnit.sleep(TimeUnit.java:386)
	at org.apache.ratis.util.TimeDuration.sleep(TimeDuration.java:324)
	at org.apache.ratis.util.TimeDuration.sleep(TimeDuration.java:309)
	at org.apache.ratis.server.impl.FollowerState.run(FollowerState.java:118)
2021-07-27 15:00:32,656 [Listener at 127.0.0.1/12788] INFO  impl.StateMachineUpdater (StateMachineUpdater.java:stopAndJoin(149)) - 5fdc2252-45b1-4cf6-9f05-f5a52225645a@group-6D50A358B8D8-StateMachineUpdater: set stopIndex = 207
2021-07-27 15:00:32,656 [Listener at 127.0.0.1/12788] INFO  server.RaftServer$Division (ServerState.java:close(419)) - 5fdc2252-45b1-4cf6-9f05-f5a52225645a@group-6D50A358B8D8: closes. applyIndex: 207
2021-07-27 15:00:32,657 [5fdc2252-45b1-4cf6-9f05-f5a52225645a@group-6D50A358B8D8-SegmentedRaftLogWorker] INFO  segmented.SegmentedRaftLogWorker (SegmentedRaftLogWorker.java:run(327)) - 5fdc2252-45b1-4cf6-9f05-f5a52225645a@group-6D50A358B8D8-SegmentedRaftLogWorker was interrupted, exiting. There are 0 tasks remaining in the queue.
2021-07-27 15:00:32,657 [Listener at 127.0.0.1/12788] INFO  segmented.SegmentedRaftLogWorker (SegmentedRaftLogWorker.java:close(237)) - 5fdc2252-45b1-4cf6-9f05-f5a52225645a@group-6D50A358B8D8-SegmentedRaftLogWorker close()
2021-07-27 15:00:32,660 [Listener at 127.0.0.1/12788] INFO  server.GrpcService (GrpcService.java:closeImpl(262)) - 5fdc2252-45b1-4cf6-9f05-f5a52225645a: shutdown server with port 15436 now
2021-07-27 15:00:32,663 [grpc-default-executor-3] WARN  server.GrpcServerProtocolService (LogUtils.java:warn(122)) - 5fdc2252-45b1-4cf6-9f05-f5a52225645a: installSnapshot onError, lastRequest: b07764cb-34df-45d7-9560-8ac949593b7a->5fdc2252-45b1-4cf6-9f05-f5a52225645a#38-t2,previous=(t:2, i:207),leaderCommit=207,initializing? true,entries: size=1, first=(t:2, i:208), METADATAENTRY(c:207): org.apache.ratis.thirdparty.io.grpc.StatusRuntimeException: CANCELLED: client cancelled
2021-07-27 15:00:32,663 [grpc-default-executor-0] WARN  server.GrpcLogAppender (LogUtils.java:warn(122)) - b07764cb-34df-45d7-9560-8ac949593b7a@group-6D50A358B8D8->5fdc2252-45b1-4cf6-9f05-f5a52225645a-AppendLogResponseHandler: Failed appendEntries: org.apache.ratis.thirdparty.io.grpc.StatusRuntimeException: CANCELLED: HTTP/2 error code: CANCEL
Received Rst Stream
2021-07-27 15:00:32,663 [grpc-default-executor-0] INFO  leader.FollowerInfo (FollowerInfoImpl.java:lambda$new$0(46)) - b07764cb-34df-45d7-9560-8ac949593b7a@group-6D50A358B8D8->5fdc2252-45b1-4cf6-9f05-f5a52225645a: nextIndex: updateUnconditionally 209 -> 208
2021-07-27 15:00:32,665 [grpc-default-executor-3] WARN  server.GrpcLogAppender (LogUtils.java:warn(122)) - b07764cb-34df-45d7-9560-8ac949593b7a@group-6D50A358B8D8->5fdc2252-45b1-4cf6-9f05-f5a52225645a-AppendLogResponseHandler: Failed appendEntries: org.apache.ratis.thirdparty.io.grpc.StatusRuntimeException: UNAVAILABLE: io exception
2021-07-27 15:00:32,666 [grpc-default-executor-3] INFO  leader.FollowerInfo (FollowerInfoImpl.java:lambda$new$0(46)) - b07764cb-34df-45d7-9560-8ac949593b7a@group-6D50A358B8D8->5fdc2252-45b1-4cf6-9f05-f5a52225645a: nextIndex: updateUnconditionally 209 -> 208
2021-07-27 15:00:32,668 [Listener at 127.0.0.1/12788] INFO  server.GrpcService (GrpcService.java:closeImpl(271)) - 5fdc2252-45b1-4cf6-9f05-f5a52225645a: shutdown server with port 15436 successfully
2021-07-27 15:00:32,668 [org.apache.ratis.util.JvmPauseMonitor$$Lambda$499/841483227@417cdc6c] INFO  util.JvmPauseMonitor (JvmPauseMonitor.java:run(109)) - JvmPauseMonitor-5fdc2252-45b1-4cf6-9f05-f5a52225645a: Stopped
2021-07-27 15:00:32,668 [Listener at 127.0.0.1/12788] INFO  pipeline.BackgroundPipelineCreator (BackgroundPipelineCreatorV2.java:stop(158)) - Stopping RatisPipelineUtilsThread.
2021-07-27 15:00:32,669 [Listener at 127.0.0.1/12788] INFO  server.StorageContainerManager (StorageContainerManager.java:stop(1439)) - Stopping SCM MetadataStore.
2021-07-27 15:00:32,669 [Listener at 127.0.0.1/12788] INFO  impl.MetricsSystemImpl (MetricsSystemImpl.java:stop(205)) - StorageContainerManager metrics system stopped (again)
2021-07-27 15:00:32,670 [Listener at 127.0.0.1/12788] INFO  ozone.MiniOzoneHAClusterImpl (MiniOzoneHAClusterImpl.java:stop(305)) - Stopping the StorageContainerManager b07764cb-34df-45d7-9560-8ac949593b7a
2021-07-27 15:00:32,670 [Listener at 127.0.0.1/12788] INFO  server.StorageContainerManager (StorageContainerManager.java:stop(1337)) - Stopping Replication Manager Service.
2021-07-27 15:00:32,670 [Listener at 127.0.0.1/12788] INFO  container.ReplicationManager (ReplicationManager.java:stop(317)) - Stopping Replication Monitor Thread.
2021-07-27 15:00:32,670 [Listener at 127.0.0.1/12788] INFO  server.StorageContainerManager (StorageContainerManager.java:stop(1344)) - Stopping the Datanode Admin Monitor.
2021-07-27 15:00:32,670 [Listener at 127.0.0.1/12788] INFO  server.StorageContainerManager (StorageContainerManager.java:stop(1351)) - Stopping Lease Manager of the command watchers
2021-07-27 15:00:32,671 [Listener at 127.0.0.1/12788] INFO  server.StorageContainerManager (StorageContainerManager.java:stop(1358)) - Stopping datanode service RPC server
2021-07-27 15:00:32,671 [Listener at 127.0.0.1/12788] INFO  server.SCMDatanodeProtocolServer (SCMDatanodeProtocolServer.java:stop(389)) - Stopping the RPC server for DataNodes
2021-07-27 15:00:32,671 [Listener at 127.0.0.1/12788] INFO  ipc.Server (Server.java:stop(3414)) - Stopping server on 15417
2021-07-27 15:00:32,679 [IPC Server listener on 15417] INFO  ipc.Server (Server.java:run(1376)) - Stopping IPC Server listener on 15417
2021-07-27 15:00:32,680 [IPC Server Responder] INFO  ipc.Server (Server.java:run(1512)) - Stopping IPC Server Responder
2021-07-27 15:00:33,196 [EndpointStateMachine task thread for /127.0.0.1:15417 - 0 ] WARN  statemachine.EndpointStateMachine (EndpointStateMachine.java:logIfNeeded(236)) - Unable to communicate to SCM server at localhost:15417 for past 0 seconds.
java.io.EOFException: End of File Exception between local host is: "fv-az12-803/10.1.0.53"; destination host is: "localhost":15417; : java.io.EOFException; For more details see:  http://wiki.apache.org/hadoop/EOFException
	at sun.reflect.NativeConstructorAccessorImpl.newInstance0(Native Method)
	at sun.reflect.NativeConstructorAccessorImpl.newInstance(NativeConstructorAccessorImpl.java:62)
	at sun.reflect.DelegatingConstructorAccessorImpl.newInstance(DelegatingConstructorAccessorImpl.java:45)
	at java.lang.reflect.Constructor.newInstance(Constructor.java:423)
	at org.apache.hadoop.net.NetUtils.wrapWithMessage(NetUtils.java:913)
	at org.apache.hadoop.net.NetUtils.wrapException(NetUtils.java:862)
	at org.apache.hadoop.ipc.Client.getRpcResponse(Client.java:1577)
	at org.apache.hadoop.ipc.Client.call(Client.java:1519)
	at org.apache.hadoop.ipc.Client.call(Client.java:1416)
	at org.apache.hadoop.ipc.ProtobufRpcEngine$Invoker.invoke(ProtobufRpcEngine.java:236)
	at org.apache.hadoop.ipc.ProtobufRpcEngine$Invoker.invoke(ProtobufRpcEngine.java:123)
	at com.sun.proxy.$Proxy47.submitRequest(Unknown Source)
	at org.apache.hadoop.ozone.protocolPB.StorageContainerDatanodeProtocolClientSideTranslatorPB.submitRequest(StorageContainerDatanodeProtocolClientSideTranslatorPB.java:117)
	at org.apache.hadoop.ozone.protocolPB.StorageContainerDatanodeProtocolClientSideTranslatorPB.sendHeartbeat(StorageContainerDatanodeProtocolClientSideTranslatorPB.java:149)
	at org.apache.hadoop.ozone.container.common.states.endpoint.HeartbeatEndpointTask.call(HeartbeatEndpointTask.java:179)
	at org.apache.hadoop.ozone.container.common.states.endpoint.HeartbeatEndpointTask.call(HeartbeatEndpointTask.java:82)
	at java.util.concurrent.FutureTask.run(FutureTask.java:266)
	at java.util.concurrent.ThreadPoolExecutor.runWorker(ThreadPoolExecutor.java:1149)
	at java.util.concurrent.ThreadPoolExecutor$Worker.run(ThreadPoolExecutor.java:624)
	at java.lang.Thread.run(Thread.java:748)
Caused by: java.io.EOFException
	at java.io.DataInputStream.readInt(DataInputStream.java:392)
	at org.apache.hadoop.ipc.Client$IpcStreams.readResponse(Client.java:1892)
	at org.apache.hadoop.ipc.Client$Connection.receiveRpcResponse(Client.java:1202)
	at org.apache.hadoop.ipc.Client$Connection.run(Client.java:1098)
2021-07-27 15:00:33,196 [EndpointStateMachine task thread for /127.0.0.1:15437 - 0 ] WARN  statemachine.EndpointStateMachine (EndpointStateMachine.java:logIfNeeded(236)) - Unable to communicate to SCM server at localhost:15437 for past 0 seconds.
java.io.EOFException: End of File Exception between local host is: "fv-az12-803/10.1.0.53"; destination host is: "localhost":15437; : java.io.EOFException; For more details see:  http://wiki.apache.org/hadoop/EOFException
	at sun.reflect.NativeConstructorAccessorImpl.newInstance0(Native Method)
	at sun.reflect.NativeConstructorAccessorImpl.newInstance(NativeConstructorAccessorImpl.java:62)
	at sun.reflect.DelegatingConstructorAccessorImpl.newInstance(DelegatingConstructorAccessorImpl.java:45)
	at java.lang.reflect.Constructor.newInstance(Constructor.java:423)
	at org.apache.hadoop.net.NetUtils.wrapWithMessage(NetUtils.java:913)
	at org.apache.hadoop.net.NetUtils.wrapException(NetUtils.java:862)
	at org.apache.hadoop.ipc.Client.getRpcResponse(Client.java:1577)
	at org.apache.hadoop.ipc.Client.call(Client.java:1519)
	at org.apache.hadoop.ipc.Client.call(Client.java:1416)
	at org.apache.hadoop.ipc.ProtobufRpcEngine$Invoker.invoke(ProtobufRpcEngine.java:236)
	at org.apache.hadoop.ipc.ProtobufRpcEngine$Invoker.invoke(ProtobufRpcEngine.java:123)
	at com.sun.proxy.$Proxy47.submitRequest(Unknown Source)
	at org.apache.hadoop.ozone.protocolPB.StorageContainerDatanodeProtocolClientSideTranslatorPB.submitRequest(StorageContainerDatanodeProtocolClientSideTranslatorPB.java:117)
	at org.apache.hadoop.ozone.protocolPB.StorageContainerDatanodeProtocolClientSideTranslatorPB.register(StorageContainerDatanodeProtocolClientSideTranslatorPB.java:180)
	at org.apache.hadoop.ozone.container.common.states.endpoint.RegisterEndpointTask.call(RegisterEndpointTask.java:158)
	at org.apache.hadoop.ozone.container.common.states.endpoint.RegisterEndpointTask.call(RegisterEndpointTask.java:52)
	at java.util.concurrent.FutureTask.run(FutureTask.java:266)
	at java.util.concurrent.ThreadPoolExecutor.runWorker(ThreadPoolExecutor.java:1149)
	at java.util.concurrent.ThreadPoolExecutor$Worker.run(ThreadPoolExecutor.java:624)
	at java.lang.Thread.run(Thread.java:748)
Caused by: java.io.EOFException
	at java.io.DataInputStream.readInt(DataInputStream.java:392)
	at org.apache.hadoop.ipc.Client$IpcStreams.readResponse(Client.java:1892)
	at org.apache.hadoop.ipc.Client$Connection.receiveRpcResponse(Client.java:1202)
	at org.apache.hadoop.ipc.Client$Connection.run(Client.java:1098)
2021-07-27 15:00:33,196 [EndpointStateMachine task thread for /127.0.0.1:15427 - 0 ] WARN  statemachine.EndpointStateMachine (EndpointStateMachine.java:logIfNeeded(236)) - Unable to communicate to SCM server at localhost:15427 for past 0 seconds.
java.io.EOFException: End of File Exception between local host is: "fv-az12-803/10.1.0.53"; destination host is: "localhost":15427; : java.io.EOFException; For more details see:  http://wiki.apache.org/hadoop/EOFException
	at sun.reflect.NativeConstructorAccessorImpl.newInstance0(Native Method)
	at sun.reflect.NativeConstructorAccessorImpl.newInstance(NativeConstructorAccessorImpl.java:62)
	at sun.reflect.DelegatingConstructorAccessorImpl.newInstance(DelegatingConstructorAccessorImpl.java:45)
	at java.lang.reflect.Constructor.newInstance(Constructor.java:423)
	at org.apache.hadoop.net.NetUtils.wrapWithMessage(NetUtils.java:913)
	at org.apache.hadoop.net.NetUtils.wrapException(NetUtils.java:862)
	at org.apache.hadoop.ipc.Client.getRpcResponse(Client.java:1577)
	at org.apache.hadoop.ipc.Client.call(Client.java:1519)
	at org.apache.hadoop.ipc.Client.call(Client.java:1416)
	at org.apache.hadoop.ipc.ProtobufRpcEngine$Invoker.invoke(ProtobufRpcEngine.java:236)
	at org.apache.hadoop.ipc.ProtobufRpcEngine$Invoker.invoke(ProtobufRpcEngine.java:123)
	at com.sun.proxy.$Proxy47.submitRequest(Unknown Source)
	at org.apache.hadoop.ozone.protocolPB.StorageContainerDatanodeProtocolClientSideTranslatorPB.submitRequest(StorageContainerDatanodeProtocolClientSideTranslatorPB.java:117)
	at org.apache.hadoop.ozone.protocolPB.StorageContainerDatanodeProtocolClientSideTranslatorPB.sendHeartbeat(StorageContainerDatanodeProtocolClientSideTranslatorPB.java:149)
	at org.apache.hadoop.ozone.container.common.states.endpoint.HeartbeatEndpointTask.call(HeartbeatEndpointTask.java:179)
	at org.apache.hadoop.ozone.container.common.states.endpoint.HeartbeatEndpointTask.call(HeartbeatEndpointTask.java:82)
	at java.util.concurrent.FutureTask.run(FutureTask.java:266)
	at java.util.concurrent.ThreadPoolExecutor.runWorker(ThreadPoolExecutor.java:1149)
	at java.util.concurrent.ThreadPoolExecutor$Worker.run(ThreadPoolExecutor.java:624)
	at java.lang.Thread.run(Thread.java:748)
Caused by: java.io.EOFException
	at java.io.DataInputStream.readInt(DataInputStream.java:392)
	at org.apache.hadoop.ipc.Client$IpcStreams.readResponse(Client.java:1892)
	at org.apache.hadoop.ipc.Client$Connection.receiveRpcResponse(Client.java:1202)
	at org.apache.hadoop.ipc.Client$Connection.run(Client.java:1098)
2021-07-27 15:00:33,274 [SCM Heartbeat Processing Thread - 0] WARN  node.NodeStateManager (NodeStateManager.java:scheduleNextHealthCheck(799)) - Current Thread is interrupted, shutting down HB processing thread for Node Manager.
2021-07-27 15:00:33,275 [Listener at 127.0.0.1/12788] INFO  server.StorageContainerManager (StorageContainerManager.java:stop(1366)) - Stopping block service RPC server
2021-07-27 15:00:33,275 [Listener at 127.0.0.1/12788] INFO  server.SCMBlockProtocolServer (SCMBlockProtocolServer.java:stop(160)) - Stopping the RPC server for Block Protocol
2021-07-27 15:00:33,275 [Listener at 127.0.0.1/12788] INFO  ipc.Server (Server.java:stop(3414)) - Stopping server on 15418
2021-07-27 15:00:33,280 [IPC Server listener on 15418] INFO  ipc.Server (Server.java:run(1376)) - Stopping IPC Server listener on 15418
2021-07-27 15:00:33,283 [IPC Server Responder] INFO  ipc.Server (Server.java:run(1512)) - Stopping IPC Server Responder
2021-07-27 15:00:33,283 [Listener at 127.0.0.1/12788] INFO  server.StorageContainerManager (StorageContainerManager.java:stop(1373)) - Stopping the StorageContainerLocationProtocol RPC server
2021-07-27 15:00:33,283 [Listener at 127.0.0.1/12788] INFO  server.SCMClientProtocolServer (SCMClientProtocolServer.java:stop(174)) - Stopping the RPC server for Client Protocol
2021-07-27 15:00:33,283 [Listener at 127.0.0.1/12788] INFO  ipc.Server (Server.java:stop(3414)) - Stopping server on 15419
2021-07-27 15:00:33,285 [IPC Server Responder] INFO  ipc.Server (Server.java:run(1512)) - Stopping IPC Server Responder
2021-07-27 15:00:33,285 [Listener at 127.0.0.1/12788] INFO  server.StorageContainerManager (StorageContainerManager.java:stop(1380)) - Stopping Storage Container Manager HTTP server.
2021-07-27 15:00:33,289 [Listener at 127.0.0.1/12788] INFO  handler.ContextHandler (ContextHandler.java:doStop(1154)) - Stopped o.e.j.w.WebAppContext@630febd7{scm,/,null,STOPPED}{file:/home/runner/work/ozone/ozone/mnt/ozone/hadoop-ozone/integration-test/target/test-classes/webapps/scm}
2021-07-27 15:00:33,289 [IPC Server listener on 15419] INFO  ipc.Server (Server.java:run(1376)) - Stopping IPC Server listener on 15419
2021-07-27 15:00:33,290 [Listener at 127.0.0.1/12788] INFO  server.AbstractConnector (AbstractConnector.java:doStop(381)) - Stopped ServerConnector@5c7a06ec{HTTP/1.1, (http/1.1)}{0.0.0.0:15414}
2021-07-27 15:00:33,290 [Listener at 127.0.0.1/12788] INFO  server.session (HouseKeeper.java:stopScavenging(149)) - node0 Stopped scavenging
2021-07-27 15:00:33,290 [Listener at 127.0.0.1/12788] INFO  handler.ContextHandler (ContextHandler.java:doStop(1154)) - Stopped o.e.j.s.ServletContextHandler@7bad18f5{static,/static,file:///home/runner/work/ozone/ozone/mnt/ozone/hadoop-ozone/integration-test/target/test-classes/webapps/static,STOPPED}
2021-07-27 15:00:33,291 [Listener at 127.0.0.1/12788] INFO  handler.ContextHandler (ContextHandler.java:doStop(1154)) - Stopped o.e.j.s.ServletContextHandler@261609a7{logs,/logs,file:///home/runner/work/ozone/ozone/mnt/ozone/hadoop-ozone/integration-test/target/log,STOPPED}
2021-07-27 15:00:33,291 [Listener at 127.0.0.1/12788] INFO  server.StorageContainerManager (StorageContainerManager.java:stop(1391)) - Stopping Block Manager Service.
2021-07-27 15:00:33,291 [Listener at 127.0.0.1/12788] INFO  utils.BackgroundService (BackgroundService.java:shutdown(132)) - Shutting down service SCMBlockDeletingService
2021-07-27 15:00:33,291 [Listener at 127.0.0.1/12788] INFO  utils.BackgroundService (BackgroundService.java:shutdown(132)) - Shutting down service SCMBlockDeletingService
2021-07-27 15:00:33,292 [Listener at 127.0.0.1/12788] INFO  server.StorageContainerManager (StorageContainerManager.java:stop(1418)) - Stopping SCM Event Queue.
2021-07-27 15:00:33,292 [Listener at 127.0.0.1/12788] INFO  server.StorageContainerManager (StorageContainerManager.java:stop(1429)) - Stopping SCM HA services.
2021-07-27 15:00:33,292 [Listener at 127.0.0.1/12788] INFO  ha.SCMRatisServerImpl (SCMRatisServerImpl.java:stop(226)) - stopping ratis server 0.0.0.0:15416
2021-07-27 15:00:33,293 [Listener at 127.0.0.1/12788] INFO  server.RaftServer (RaftServerProxy.java:lambda$close$6(391)) - b07764cb-34df-45d7-9560-8ac949593b7a: close
2021-07-27 15:00:33,293 [Listener at 127.0.0.1/12788] INFO  server.RaftServer$Division (RaftServerImpl.java:lambda$close$4(407)) - b07764cb-34df-45d7-9560-8ac949593b7a@group-6D50A358B8D8: shutdown
2021-07-27 15:00:33,293 [Listener at 127.0.0.1/12788] INFO  util.JmxRegister (JmxRegister.java:unregister(73)) - Successfully un-registered JMX Bean with object name Ratis:service=RaftServer,group=group-6D50A358B8D8,id=b07764cb-34df-45d7-9560-8ac949593b7a
2021-07-27 15:00:33,293 [Listener at 127.0.0.1/12788] INFO  impl.RoleInfo (RoleInfo.java:shutdownLeaderState(91)) - b07764cb-34df-45d7-9560-8ac949593b7a: shutdown b07764cb-34df-45d7-9560-8ac949593b7a@group-6D50A358B8D8-LeaderStateImpl
2021-07-27 15:00:33,293 [Listener at 127.0.0.1/12788] INFO  impl.PendingRequests (PendingRequests.java:sendNotLeaderResponses(249)) - b07764cb-34df-45d7-9560-8ac949593b7a@group-6D50A358B8D8-PendingRequests: sendNotLeaderResponses
2021-07-27 15:00:33,293 [b07764cb-34df-45d7-9560-8ac949593b7a@group-6D50A358B8D8->5fdc2252-45b1-4cf6-9f05-f5a52225645a-GrpcLogAppender-LogAppenderDaemon] WARN  server.GrpcLogAppender (GrpcLogAppender.java:mayWait(175)) - b07764cb-34df-45d7-9560-8ac949593b7a@group-6D50A358B8D8->5fdc2252-45b1-4cf6-9f05-f5a52225645a-GrpcLogAppender: Wait interrupted by java.lang.InterruptedException
2021-07-27 15:00:33,293 [b07764cb-34df-45d7-9560-8ac949593b7a@group-6D50A358B8D8->112e9cde-9cb9-43e4-9ef1-6a6d7fd9222c-GrpcLogAppender-LogAppenderDaemon] WARN  server.GrpcLogAppender (GrpcLogAppender.java:mayWait(175)) - b07764cb-34df-45d7-9560-8ac949593b7a@group-6D50A358B8D8->112e9cde-9cb9-43e4-9ef1-6a6d7fd9222c-GrpcLogAppender: Wait interrupted by java.lang.InterruptedException
2021-07-27 15:00:33,294 [Listener at 127.0.0.1/12788] INFO  ha.SCMStateMachine (SCMStateMachine.java:notifyNotLeader(183)) - current leader SCM steps down.
2021-07-27 15:00:33,295 [Listener at 127.0.0.1/12788] INFO  ha.SCMContext (SCMContext.java:updateLeaderAndTerm(88)) - update <isLeader,term> from <true,2> to <false,0>
2021-07-27 15:00:33,295 [Listener at 127.0.0.1/12788] INFO  ha.SCMContext (SCMContext.java:updateLeaderAndTerm(95)) - update <isLeaderReady> from <false> to <false>
2021-07-27 15:00:33,297 [b07764cb-34df-45d7-9560-8ac949593b7a@group-6D50A358B8D8-StateMachineUpdater] INFO  ha.SCMStateMachine (SCMStateMachine.java:takeSnapshot(290)) - Current Snapshot Index 208, takeSnapshot took 0 ms
2021-07-27 15:00:33,297 [b07764cb-34df-45d7-9560-8ac949593b7a@group-6D50A358B8D8-StateMachineUpdater] INFO  impl.StateMachineUpdater (StateMachineUpdater.java:takeSnapshot(281)) - b07764cb-34df-45d7-9560-8ac949593b7a@group-6D50A358B8D8-StateMachineUpdater: Took a snapshot at index 208
2021-07-27 15:00:33,297 [b07764cb-34df-45d7-9560-8ac949593b7a@group-6D50A358B8D8-StateMachineUpdater] INFO  impl.StateMachineUpdater (StateMachineUpdater.java:lambda$new$0(89)) - b07764cb-34df-45d7-9560-8ac949593b7a@group-6D50A358B8D8-StateMachineUpdater: snapshotIndex: updateIncreasingly 205 -> 208
2021-07-27 15:00:33,297 [Listener at 127.0.0.1/12788] INFO  impl.StateMachineUpdater (StateMachineUpdater.java:stopAndJoin(149)) - b07764cb-34df-45d7-9560-8ac949593b7a@group-6D50A358B8D8-StateMachineUpdater: set stopIndex = 208
2021-07-27 15:00:33,298 [Listener at 127.0.0.1/12788] INFO  server.RaftServer$Division (ServerState.java:close(419)) - b07764cb-34df-45d7-9560-8ac949593b7a@group-6D50A358B8D8: closes. applyIndex: 208
2021-07-27 15:00:33,298 [b07764cb-34df-45d7-9560-8ac949593b7a@group-6D50A358B8D8-SegmentedRaftLogWorker] INFO  segmented.SegmentedRaftLogWorker (SegmentedRaftLogWorker.java:run(327)) - b07764cb-34df-45d7-9560-8ac949593b7a@group-6D50A358B8D8-SegmentedRaftLogWorker was interrupted, exiting. There are 0 tasks remaining in the queue.
2021-07-27 15:00:33,298 [Listener at 127.0.0.1/12788] INFO  segmented.SegmentedRaftLogWorker (SegmentedRaftLogWorker.java:close(237)) - b07764cb-34df-45d7-9560-8ac949593b7a@group-6D50A358B8D8-SegmentedRaftLogWorker close()
2021-07-27 15:00:33,299 [Listener at 127.0.0.1/12788] INFO  server.GrpcService (GrpcService.java:closeImpl(262)) - b07764cb-34df-45d7-9560-8ac949593b7a: shutdown server with port 15416 now
2021-07-27 15:00:33,300 [Listener at 127.0.0.1/12788] INFO  server.GrpcService (GrpcService.java:closeImpl(271)) - b07764cb-34df-45d7-9560-8ac949593b7a: shutdown server with port 15416 successfully
2021-07-27 15:00:33,300 [org.apache.ratis.util.JvmPauseMonitor$$Lambda$499/841483227@7ebfe01a] INFO  util.JvmPauseMonitor (JvmPauseMonitor.java:run(109)) - JvmPauseMonitor-b07764cb-34df-45d7-9560-8ac949593b7a: Stopped
2021-07-27 15:00:33,301 [Listener at 127.0.0.1/12788] INFO  pipeline.BackgroundPipelineCreator (BackgroundPipelineCreatorV2.java:stop(158)) - Stopping RatisPipelineUtilsThread.
2021-07-27 15:00:33,301 [Listener at 127.0.0.1/12788] INFO  server.StorageContainerManager (StorageContainerManager.java:stop(1439)) - Stopping SCM MetadataStore.
2021-07-27 15:00:33,302 [Listener at 127.0.0.1/12788] INFO  impl.MetricsSystemImpl (MetricsSystemImpl.java:stop(205)) - StorageContainerManager metrics system stopped (again)
2021-07-27 15:00:33,302 [Listener at 127.0.0.1/12788] INFO  ozone.MiniOzoneClusterImpl (MiniOzoneClusterImpl.java:stop(468)) - Stopping the Mini Ozone Cluster
2021-07-27 15:00:33,302 [Listener at 127.0.0.1/12788] INFO  ozone.MiniOzoneClusterImpl (MiniOzoneClusterImpl.java:stopDatanodes(527)) - Stopping the HddsDatanodes
2021-07-27 15:00:34,195 [Datanode State Machine Thread - 0] INFO  statemachine.DatanodeStateMachine (DatanodeStateMachine.java:lambda$startDaemon$0(456)) - Ozone container server started.
2021-07-27 15:00:34,274 [Datanode State Machine Thread - 0] WARN  statemachine.StateContext (StateContext.java:setState(246)) - Ignore disallowed transition from SHUTDOWN to RUNNING
2021-07-27 15:00:34,274 [Datanode State Machine Thread - 0] INFO  statemachine.DatanodeStateMachine (DatanodeStateMachine.java:lambda$startDaemon$0(456)) - Ozone container server started.
2021-07-27 15:00:34,274 [EndpointStateMachine task thread for /127.0.0.1:15427 - 0 ] INFO  ipc.Client (Client.java:handleConnectionFailure(977)) - Retrying connect to server: localhost/127.0.0.1:15427. Already tried 0 time(s); retry policy is RetryUpToMaximumCountWithFixedSleep(maxRetries=15, sleepTime=1000 MILLISECONDS)
2021-07-27 15:00:34,275 [EndpointStateMachine task thread for /127.0.0.1:15437 - 0 ] INFO  ipc.Client (Client.java:handleConnectionFailure(977)) - Retrying connect to server: localhost/127.0.0.1:15437. Already tried 0 time(s); retry policy is RetryUpToMaximumCountWithFixedSleep(maxRetries=15, sleepTime=1000 MILLISECONDS)
2021-07-27 15:00:34,275 [EndpointStateMachine task thread for /127.0.0.1:15417 - 0 ] INFO  ipc.Client (Client.java:handleConnectionFailure(977)) - Retrying connect to server: localhost/127.0.0.1:15417. Already tried 0 time(s); retry policy is RetryUpToMaximumCountWithFixedSleep(maxRetries=15, sleepTime=1000 MILLISECONDS)
2021-07-27 15:00:35,275 [EndpointStateMachine task thread for /127.0.0.1:15427 - 0 ] INFO  ipc.Client (Client.java:handleConnectionFailure(977)) - Retrying connect to server: localhost/127.0.0.1:15427. Already tried 1 time(s); retry policy is RetryUpToMaximumCountWithFixedSleep(maxRetries=15, sleepTime=1000 MILLISECONDS)
2021-07-27 15:00:35,275 [EndpointStateMachine task thread for /127.0.0.1:15417 - 0 ] INFO  ipc.Client (Client.java:handleConnectionFailure(977)) - Retrying connect to server: localhost/127.0.0.1:15417. Already tried 1 time(s); retry policy is RetryUpToMaximumCountWithFixedSleep(maxRetries=15, sleepTime=1000 MILLISECONDS)
2021-07-27 15:00:35,275 [EndpointStateMachine task thread for /127.0.0.1:15437 - 0 ] INFO  ipc.Client (Client.java:handleConnectionFailure(977)) - Retrying connect to server: localhost/127.0.0.1:15437. Already tried 1 time(s); retry policy is RetryUpToMaximumCountWithFixedSleep(maxRetries=15, sleepTime=1000 MILLISECONDS)
2021-07-27 15:00:36,276 [EndpointStateMachine task thread for /127.0.0.1:15427 - 0 ] INFO  ipc.Client (Client.java:handleConnectionFailure(977)) - Retrying connect to server: localhost/127.0.0.1:15427. Already tried 2 time(s); retry policy is RetryUpToMaximumCountWithFixedSleep(maxRetries=15, sleepTime=1000 MILLISECONDS)
2021-07-27 15:00:36,276 [EndpointStateMachine task thread for /127.0.0.1:15437 - 0 ] INFO  ipc.Client (Client.java:handleConnectionFailure(977)) - Retrying connect to server: localhost/127.0.0.1:15437. Already tried 2 time(s); retry policy is RetryUpToMaximumCountWithFixedSleep(maxRetries=15, sleepTime=1000 MILLISECONDS)
2021-07-27 15:00:36,276 [EndpointStateMachine task thread for /127.0.0.1:15417 - 0 ] INFO  ipc.Client (Client.java:handleConnectionFailure(977)) - Retrying connect to server: localhost/127.0.0.1:15417. Already tried 2 time(s); retry policy is RetryUpToMaximumCountWithFixedSleep(maxRetries=15, sleepTime=1000 MILLISECONDS)
2021-07-27 15:00:36,450 [Datanode State Machine Thread - 0] ERROR datanode.RunningDatanodeState (RunningDatanodeState.java:computeNextContainerState(199)) - Error in executing end point task.
java.util.concurrent.ExecutionException: java.util.concurrent.TimeoutException
	at java.util.concurrent.FutureTask.report(FutureTask.java:122)
	at java.util.concurrent.FutureTask.get(FutureTask.java:192)
	at org.apache.hadoop.ozone.container.common.states.datanode.RunningDatanodeState.computeNextContainerState(RunningDatanodeState.java:191)
	at org.apache.hadoop.ozone.container.common.states.datanode.RunningDatanodeState.await(RunningDatanodeState.java:231)
	at org.apache.hadoop.ozone.container.common.states.datanode.RunningDatanodeState.await(RunningDatanodeState.java:50)
	at org.apache.hadoop.ozone.container.common.statemachine.StateContext.execute(StateContext.java:629)
	at org.apache.hadoop.ozone.container.common.statemachine.DatanodeStateMachine.start(DatanodeStateMachine.java:269)
	at org.apache.hadoop.ozone.container.common.statemachine.DatanodeStateMachine.lambda$startDaemon$0(DatanodeStateMachine.java:455)
	at java.lang.Thread.run(Thread.java:748)
Caused by: java.util.concurrent.TimeoutException
	at java.util.concurrent.FutureTask.get(FutureTask.java:205)
	at org.apache.hadoop.ozone.container.common.states.datanode.RunningDatanodeState.lambda$execute$0(RunningDatanodeState.java:149)
	at java.util.concurrent.FutureTask.run(FutureTask.java:266)
	at java.util.concurrent.Executors$RunnableAdapter.call(Executors.java:511)
	at java.util.concurrent.FutureTask.run(FutureTask.java:266)
	at java.util.concurrent.ThreadPoolExecutor.runWorker(ThreadPoolExecutor.java:1149)
	at java.util.concurrent.ThreadPoolExecutor$Worker.run(ThreadPoolExecutor.java:624)
	... 1 more
2021-07-27 15:00:37,277 [EndpointStateMachine task thread for /127.0.0.1:15427 - 0 ] INFO  ipc.Client (Client.java:handleConnectionFailure(977)) - Retrying connect to server: localhost/127.0.0.1:15427. Already tried 3 time(s); retry policy is RetryUpToMaximumCountWithFixedSleep(maxRetries=15, sleepTime=1000 MILLISECONDS)
2021-07-27 15:00:37,277 [EndpointStateMachine task thread for /127.0.0.1:15417 - 0 ] INFO  ipc.Client (Client.java:handleConnectionFailure(977)) - Retrying connect to server: localhost/127.0.0.1:15417. Already tried 3 time(s); retry policy is RetryUpToMaximumCountWithFixedSleep(maxRetries=15, sleepTime=1000 MILLISECONDS)
2021-07-27 15:00:37,277 [EndpointStateMachine task thread for /127.0.0.1:15437 - 0 ] INFO  ipc.Client (Client.java:handleConnectionFailure(977)) - Retrying connect to server: localhost/127.0.0.1:15437. Already tried 3 time(s); retry policy is RetryUpToMaximumCountWithFixedSleep(maxRetries=15, sleepTime=1000 MILLISECONDS)
2021-07-27 15:00:37,452 [Datanode State Machine Thread - 0] ERROR datanode.RunningDatanodeState (RunningDatanodeState.java:computeNextContainerState(199)) - Error in executing end point task.
java.util.concurrent.ExecutionException: java.util.concurrent.TimeoutException
	at java.util.concurrent.FutureTask.report(FutureTask.java:122)
	at java.util.concurrent.FutureTask.get(FutureTask.java:192)
	at org.apache.hadoop.ozone.container.common.states.datanode.RunningDatanodeState.computeNextContainerState(RunningDatanodeState.java:191)
	at org.apache.hadoop.ozone.container.common.states.datanode.RunningDatanodeState.await(RunningDatanodeState.java:231)
	at org.apache.hadoop.ozone.container.common.states.datanode.RunningDatanodeState.await(RunningDatanodeState.java:50)
	at org.apache.hadoop.ozone.container.common.statemachine.StateContext.execute(StateContext.java:629)
	at org.apache.hadoop.ozone.container.common.statemachine.DatanodeStateMachine.start(DatanodeStateMachine.java:269)
	at org.apache.hadoop.ozone.container.common.statemachine.DatanodeStateMachine.lambda$startDaemon$0(DatanodeStateMachine.java:455)
	at java.lang.Thread.run(Thread.java:748)
Caused by: java.util.concurrent.TimeoutException
	at java.util.concurrent.FutureTask.get(FutureTask.java:205)
	at org.apache.hadoop.ozone.container.common.states.datanode.RunningDatanodeState.lambda$execute$0(RunningDatanodeState.java:149)
	at java.util.concurrent.FutureTask.run(FutureTask.java:266)
	at java.util.concurrent.Executors$RunnableAdapter.call(Executors.java:511)
	at java.util.concurrent.FutureTask.run(FutureTask.java:266)
	at java.util.concurrent.ThreadPoolExecutor.runWorker(ThreadPoolExecutor.java:1149)
	at java.util.concurrent.ThreadPoolExecutor$Worker.run(ThreadPoolExecutor.java:624)
	... 1 more
2021-07-27 15:00:38,277 [EndpointStateMachine task thread for /127.0.0.1:15427 - 0 ] INFO  ipc.Client (Client.java:handleConnectionFailure(977)) - Retrying connect to server: localhost/127.0.0.1:15427. Already tried 4 time(s); retry policy is RetryUpToMaximumCountWithFixedSleep(maxRetries=15, sleepTime=1000 MILLISECONDS)
2021-07-27 15:00:38,278 [EndpointStateMachine task thread for /127.0.0.1:15437 - 0 ] INFO  ipc.Client (Client.java:handleConnectionFailure(977)) - Retrying connect to server: localhost/127.0.0.1:15437. Already tried 4 time(s); retry policy is RetryUpToMaximumCountWithFixedSleep(maxRetries=15, sleepTime=1000 MILLISECONDS)
2021-07-27 15:00:38,278 [EndpointStateMachine task thread for /127.0.0.1:15417 - 0 ] INFO  ipc.Client (Client.java:handleConnectionFailure(977)) - Retrying connect to server: localhost/127.0.0.1:15417. Already tried 4 time(s); retry policy is RetryUpToMaximumCountWithFixedSleep(maxRetries=15, sleepTime=1000 MILLISECONDS)
2021-07-27 15:00:38,304 [Listener at 127.0.0.1/12788] INFO  ozoneimpl.OzoneContainer (OzoneContainer.java:stop(326)) - Attempting to stop container services.
2021-07-27 15:00:38,304 [ForkJoinPool.commonPool-worker-1] INFO  ozoneimpl.OzoneContainer (OzoneContainer.java:stop(326)) - Attempting to stop container services.
2021-07-27 15:00:38,305 [Listener at 127.0.0.1/12788] INFO  server.RaftServer (RaftServerProxy.java:lambda$close$6(391)) - 0f3e4899-df55-4e14-9f73-38fb9ca0f37c: close
2021-07-27 15:00:38,305 [Listener at 127.0.0.1/12788] INFO  server.RaftServer$Division (RaftServerImpl.java:lambda$close$4(407)) - 0f3e4899-df55-4e14-9f73-38fb9ca0f37c@group-304E7AEC1FB7: shutdown
2021-07-27 15:00:38,305 [Listener at 127.0.0.1/12788] INFO  util.JmxRegister (JmxRegister.java:unregister(73)) - Successfully un-registered JMX Bean with object name Ratis:service=RaftServer,group=group-304E7AEC1FB7,id=0f3e4899-df55-4e14-9f73-38fb9ca0f37c
2021-07-27 15:00:38,306 [Listener at 127.0.0.1/12788] INFO  impl.RoleInfo (RoleInfo.java:shutdownLeaderState(91)) - 0f3e4899-df55-4e14-9f73-38fb9ca0f37c: shutdown 0f3e4899-df55-4e14-9f73-38fb9ca0f37c@group-304E7AEC1FB7-LeaderStateImpl
2021-07-27 15:00:38,306 [Listener at 127.0.0.1/12788] INFO  impl.PendingRequests (PendingRequests.java:sendNotLeaderResponses(249)) - 0f3e4899-df55-4e14-9f73-38fb9ca0f37c@group-304E7AEC1FB7-PendingRequests: sendNotLeaderResponses
2021-07-27 15:00:38,306 [Listener at 127.0.0.1/12788] INFO  impl.StateMachineUpdater (StateMachineUpdater.java:stopAndJoin(149)) - 0f3e4899-df55-4e14-9f73-38fb9ca0f37c@group-304E7AEC1FB7-StateMachineUpdater: set stopIndex = 0
2021-07-27 15:00:38,307 [0f3e4899-df55-4e14-9f73-38fb9ca0f37c@group-304E7AEC1FB7-StateMachineUpdater] INFO  ratis.ContainerStateMachine (ContainerStateMachine.java:takeSnapshot(291)) - group-304E7AEC1FB7: Taking a snapshot at:(t:1, i:0) file /home/runner/work/ozone/ozone/mnt/ozone/hadoop-ozone/integration-test/target/test-dir/MiniOzoneClusterImpl-1c236c99-c7c8-4b90-98b3-6d50a358b8d8/datanode-1/data/ratis/b5adc310-a965-4920-b6cd-304e7aec1fb7/sm/snapshot.1_0
2021-07-27 15:00:38,306 [ForkJoinPool.commonPool-worker-1] INFO  server.RaftServer (RaftServerProxy.java:lambda$close$6(391)) - 43f332dd-3581-45f2-86c5-cce36549d707: close
2021-07-27 15:00:38,308 [ForkJoinPool.commonPool-worker-1] INFO  server.RaftServer$Division (RaftServerImpl.java:lambda$close$4(407)) - 43f332dd-3581-45f2-86c5-cce36549d707@group-97E4151B2859: shutdown
2021-07-27 15:00:38,308 [ForkJoinPool.commonPool-worker-1] INFO  util.JmxRegister (JmxRegister.java:unregister(73)) - Successfully un-registered JMX Bean with object name Ratis:service=RaftServer,group=group-97E4151B2859,id=43f332dd-3581-45f2-86c5-cce36549d707
2021-07-27 15:00:38,308 [ForkJoinPool.commonPool-worker-1] INFO  impl.RoleInfo (RoleInfo.java:shutdownLeaderState(91)) - 43f332dd-3581-45f2-86c5-cce36549d707: shutdown 43f332dd-3581-45f2-86c5-cce36549d707@group-97E4151B2859-LeaderStateImpl
2021-07-27 15:00:38,308 [ForkJoinPool.commonPool-worker-1] INFO  impl.PendingRequests (PendingRequests.java:sendNotLeaderResponses(249)) - 43f332dd-3581-45f2-86c5-cce36549d707@group-97E4151B2859-PendingRequests: sendNotLeaderResponses
2021-07-27 15:00:38,308 [ForkJoinPool.commonPool-worker-1] INFO  impl.StateMachineUpdater (StateMachineUpdater.java:stopAndJoin(149)) - 43f332dd-3581-45f2-86c5-cce36549d707@group-97E4151B2859-StateMachineUpdater: set stopIndex = 0
2021-07-27 15:00:38,310 [43f332dd-3581-45f2-86c5-cce36549d707@group-97E4151B2859-StateMachineUpdater] INFO  ratis.ContainerStateMachine (ContainerStateMachine.java:takeSnapshot(291)) - group-97E4151B2859: Taking a snapshot at:(t:2, i:0) file /home/runner/work/ozone/ozone/mnt/ozone/hadoop-ozone/integration-test/target/test-dir/MiniOzoneClusterImpl-1c236c99-c7c8-4b90-98b3-6d50a358b8d8/datanode-0/data/ratis/b2d346f2-abad-4ad7-b329-97e4151b2859/sm/snapshot.2_0
2021-07-27 15:00:38,310 [43f332dd-3581-45f2-86c5-cce36549d707@group-97E4151B2859->0f3e4899-df55-4e14-9f73-38fb9ca0f37c-GrpcLogAppender-LogAppenderDaemon] WARN  server.GrpcLogAppender (GrpcLogAppender.java:mayWait(175)) - 43f332dd-3581-45f2-86c5-cce36549d707@group-97E4151B2859->0f3e4899-df55-4e14-9f73-38fb9ca0f37c-GrpcLogAppender: Wait interrupted by java.lang.InterruptedException
2021-07-27 15:00:38,311 [grpc-default-executor-0] INFO  server.GrpcServerProtocolService (GrpcServerProtocolService.java:onCompleted(140)) - 0f3e4899-df55-4e14-9f73-38fb9ca0f37c: Completed APPEND_ENTRIES, lastRequest: 43f332dd-3581-45f2-86c5-cce36549d707->0f3e4899-df55-4e14-9f73-38fb9ca0f37c#1-t2,previous=(t:0, i:0),leaderCommit=-1,initializing? true,entries: size=1, first=(t:2, i:0), CONFIGURATIONENTRY
2021-07-27 15:00:38,311 [grpc-default-executor-3] INFO  server.GrpcLogAppender (GrpcLogAppender.java:onCompleted(344)) - 43f332dd-3581-45f2-86c5-cce36549d707@group-97E4151B2859->0f3e4899-df55-4e14-9f73-38fb9ca0f37c-AppendLogResponseHandler: follower responses appendEntries COMPLETED
2021-07-27 15:00:38,311 [43f332dd-3581-45f2-86c5-cce36549d707@group-97E4151B2859->86d9546c-cd65-42b3-a7f1-5b54ee2fc6d0-GrpcLogAppender-LogAppenderDaemon] WARN  server.GrpcLogAppender (GrpcLogAppender.java:mayWait(175)) - 43f332dd-3581-45f2-86c5-cce36549d707@group-97E4151B2859->86d9546c-cd65-42b3-a7f1-5b54ee2fc6d0-GrpcLogAppender: Wait interrupted by java.lang.InterruptedException
2021-07-27 15:00:38,311 [grpc-default-executor-3] INFO  leader.FollowerInfo (FollowerInfoImpl.java:lambda$new$0(46)) - 43f332dd-3581-45f2-86c5-cce36549d707@group-97E4151B2859->0f3e4899-df55-4e14-9f73-38fb9ca0f37c: nextIndex: updateUnconditionally 1 -> 0
2021-07-27 15:00:38,312 [grpc-default-executor-3] INFO  server.GrpcServerProtocolService (GrpcServerProtocolService.java:onCompleted(140)) - 86d9546c-cd65-42b3-a7f1-5b54ee2fc6d0: Completed APPEND_ENTRIES, lastRequest: 43f332dd-3581-45f2-86c5-cce36549d707->86d9546c-cd65-42b3-a7f1-5b54ee2fc6d0#1-t2,previous=(t:0, i:0),leaderCommit=-1,initializing? true,entries: size=1, first=(t:2, i:0), CONFIGURATIONENTRY
2021-07-27 15:00:38,312 [grpc-default-executor-3] INFO  server.GrpcLogAppender (GrpcLogAppender.java:onCompleted(344)) - 43f332dd-3581-45f2-86c5-cce36549d707@group-97E4151B2859->86d9546c-cd65-42b3-a7f1-5b54ee2fc6d0-AppendLogResponseHandler: follower responses appendEntries COMPLETED
2021-07-27 15:00:38,312 [grpc-default-executor-3] INFO  leader.FollowerInfo (FollowerInfoImpl.java:lambda$new$0(46)) - 43f332dd-3581-45f2-86c5-cce36549d707@group-97E4151B2859->86d9546c-cd65-42b3-a7f1-5b54ee2fc6d0: nextIndex: updateUnconditionally 1 -> 0
2021-07-27 15:00:38,330 [43f332dd-3581-45f2-86c5-cce36549d707@group-97E4151B2859-StateMachineUpdater] INFO  ratis.ContainerStateMachine (ContainerStateMachine.java:takeSnapshot(302)) - group-97E4151B2859: Finished taking a snapshot at:(t:2, i:0) file:/home/runner/work/ozone/ozone/mnt/ozone/hadoop-ozone/integration-test/target/test-dir/MiniOzoneClusterImpl-1c236c99-c7c8-4b90-98b3-6d50a358b8d8/datanode-0/data/ratis/b2d346f2-abad-4ad7-b329-97e4151b2859/sm/snapshot.2_0 took: 20 ms
2021-07-27 15:00:38,330 [0f3e4899-df55-4e14-9f73-38fb9ca0f37c@group-304E7AEC1FB7-StateMachineUpdater] INFO  ratis.ContainerStateMachine (ContainerStateMachine.java:takeSnapshot(302)) - group-304E7AEC1FB7: Finished taking a snapshot at:(t:1, i:0) file:/home/runner/work/ozone/ozone/mnt/ozone/hadoop-ozone/integration-test/target/test-dir/MiniOzoneClusterImpl-1c236c99-c7c8-4b90-98b3-6d50a358b8d8/datanode-1/data/ratis/b5adc310-a965-4920-b6cd-304e7aec1fb7/sm/snapshot.1_0 took: 23 ms
2021-07-27 15:00:38,332 [43f332dd-3581-45f2-86c5-cce36549d707@group-97E4151B2859-StateMachineUpdater] INFO  impl.StateMachineUpdater (StateMachineUpdater.java:takeSnapshot(281)) - 43f332dd-3581-45f2-86c5-cce36549d707@group-97E4151B2859-StateMachineUpdater: Took a snapshot at index 0
2021-07-27 15:00:38,332 [0f3e4899-df55-4e14-9f73-38fb9ca0f37c@group-304E7AEC1FB7-StateMachineUpdater] INFO  impl.StateMachineUpdater (StateMachineUpdater.java:takeSnapshot(281)) - 0f3e4899-df55-4e14-9f73-38fb9ca0f37c@group-304E7AEC1FB7-StateMachineUpdater: Took a snapshot at index 0
2021-07-27 15:00:38,332 [0f3e4899-df55-4e14-9f73-38fb9ca0f37c@group-304E7AEC1FB7-StateMachineUpdater] INFO  impl.StateMachineUpdater (StateMachineUpdater.java:lambda$new$0(89)) - 0f3e4899-df55-4e14-9f73-38fb9ca0f37c@group-304E7AEC1FB7-StateMachineUpdater: snapshotIndex: updateIncreasingly -1 -> 0
2021-07-27 15:00:38,334 [43f332dd-3581-45f2-86c5-cce36549d707@group-97E4151B2859-StateMachineUpdater] INFO  impl.StateMachineUpdater (StateMachineUpdater.java:lambda$new$0(89)) - 43f332dd-3581-45f2-86c5-cce36549d707@group-97E4151B2859-StateMachineUpdater: snapshotIndex: updateIncreasingly -1 -> 0
2021-07-27 15:00:38,334 [Listener at 127.0.0.1/12788] INFO  server.RaftServer$Division (ServerState.java:close(419)) - 0f3e4899-df55-4e14-9f73-38fb9ca0f37c@group-304E7AEC1FB7: closes. applyIndex: 0
2021-07-27 15:00:38,334 [ForkJoinPool.commonPool-worker-1] INFO  server.RaftServer$Division (ServerState.java:close(419)) - 43f332dd-3581-45f2-86c5-cce36549d707@group-97E4151B2859: closes. applyIndex: 0
2021-07-27 15:00:38,335 [43f332dd-3581-45f2-86c5-cce36549d707@group-97E4151B2859-SegmentedRaftLogWorker] INFO  segmented.SegmentedRaftLogWorker (SegmentedRaftLogWorker.java:run(327)) - 43f332dd-3581-45f2-86c5-cce36549d707@group-97E4151B2859-SegmentedRaftLogWorker was interrupted, exiting. There are 0 tasks remaining in the queue.
2021-07-27 15:00:38,335 [0f3e4899-df55-4e14-9f73-38fb9ca0f37c@group-304E7AEC1FB7-SegmentedRaftLogWorker] INFO  segmented.SegmentedRaftLogWorker (SegmentedRaftLogWorker.java:run(327)) - 0f3e4899-df55-4e14-9f73-38fb9ca0f37c@group-304E7AEC1FB7-SegmentedRaftLogWorker was interrupted, exiting. There are 0 tasks remaining in the queue.
2021-07-27 15:00:38,335 [ForkJoinPool.commonPool-worker-1] INFO  segmented.SegmentedRaftLogWorker (SegmentedRaftLogWorker.java:close(237)) - 43f332dd-3581-45f2-86c5-cce36549d707@group-97E4151B2859-SegmentedRaftLogWorker close()
2021-07-27 15:00:38,336 [Listener at 127.0.0.1/12788] INFO  segmented.SegmentedRaftLogWorker (SegmentedRaftLogWorker.java:close(237)) - 0f3e4899-df55-4e14-9f73-38fb9ca0f37c@group-304E7AEC1FB7-SegmentedRaftLogWorker close()
2021-07-27 15:00:38,336 [ForkJoinPool.commonPool-worker-1] INFO  server.RaftServer$Division (RaftServerImpl.java:lambda$close$4(407)) - 43f332dd-3581-45f2-86c5-cce36549d707@group-5F5B1A469043: shutdown
2021-07-27 15:00:38,336 [ForkJoinPool.commonPool-worker-1] INFO  util.JmxRegister (JmxRegister.java:unregister(73)) - Successfully un-registered JMX Bean with object name Ratis:service=RaftServer,group=group-5F5B1A469043,id=43f332dd-3581-45f2-86c5-cce36549d707
2021-07-27 15:00:38,336 [ForkJoinPool.commonPool-worker-1] INFO  impl.RoleInfo (RoleInfo.java:shutdownFollowerState(108)) - 43f332dd-3581-45f2-86c5-cce36549d707: shutdown 43f332dd-3581-45f2-86c5-cce36549d707@group-5F5B1A469043-FollowerState
2021-07-27 15:00:38,336 [ForkJoinPool.commonPool-worker-1] INFO  impl.StateMachineUpdater (StateMachineUpdater.java:stopAndJoin(149)) - 43f332dd-3581-45f2-86c5-cce36549d707@group-5F5B1A469043-StateMachineUpdater: set stopIndex = 0
2021-07-27 15:00:38,336 [43f332dd-3581-45f2-86c5-cce36549d707@group-5F5B1A469043-FollowerState] INFO  impl.FollowerState (FollowerState.java:run(143)) - 43f332dd-3581-45f2-86c5-cce36549d707@group-5F5B1A469043-FollowerState was interrupted: {}
java.lang.InterruptedException: sleep interrupted
	at java.lang.Thread.sleep(Native Method)
	at java.lang.Thread.sleep(Thread.java:340)
	at java.util.concurrent.TimeUnit.sleep(TimeUnit.java:386)
	at org.apache.ratis.util.TimeDuration.sleep(TimeDuration.java:324)
	at org.apache.ratis.util.TimeDuration.sleep(TimeDuration.java:309)
	at org.apache.ratis.server.impl.FollowerState.run(FollowerState.java:118)
2021-07-27 15:00:38,336 [43f332dd-3581-45f2-86c5-cce36549d707@group-5F5B1A469043-StateMachineUpdater] INFO  ratis.ContainerStateMachine (ContainerStateMachine.java:takeSnapshot(291)) - group-5F5B1A469043: Taking a snapshot at:(t:4, i:0) file /home/runner/work/ozone/ozone/mnt/ozone/hadoop-ozone/integration-test/target/test-dir/MiniOzoneClusterImpl-1c236c99-c7c8-4b90-98b3-6d50a358b8d8/datanode-0/data/ratis/27575857-2eda-4e20-a158-5f5b1a469043/sm/snapshot.4_0
2021-07-27 15:00:38,337 [Listener at 127.0.0.1/12788] INFO  server.RaftServer$Division (RaftServerImpl.java:lambda$close$4(407)) - 0f3e4899-df55-4e14-9f73-38fb9ca0f37c@group-97E4151B2859: shutdown
2021-07-27 15:00:38,337 [Listener at 127.0.0.1/12788] INFO  util.JmxRegister (JmxRegister.java:unregister(73)) - Successfully un-registered JMX Bean with object name Ratis:service=RaftServer,group=group-97E4151B2859,id=0f3e4899-df55-4e14-9f73-38fb9ca0f37c
2021-07-27 15:00:38,337 [Listener at 127.0.0.1/12788] INFO  impl.RoleInfo (RoleInfo.java:shutdownFollowerState(108)) - 0f3e4899-df55-4e14-9f73-38fb9ca0f37c: shutdown 0f3e4899-df55-4e14-9f73-38fb9ca0f37c@group-97E4151B2859-FollowerState
2021-07-27 15:00:38,338 [Listener at 127.0.0.1/12788] INFO  impl.StateMachineUpdater (StateMachineUpdater.java:stopAndJoin(149)) - 0f3e4899-df55-4e14-9f73-38fb9ca0f37c@group-97E4151B2859-StateMachineUpdater: set stopIndex = 0
2021-07-27 15:00:38,338 [0f3e4899-df55-4e14-9f73-38fb9ca0f37c@group-97E4151B2859-StateMachineUpdater] INFO  ratis.ContainerStateMachine (ContainerStateMachine.java:takeSnapshot(291)) - group-97E4151B2859: Taking a snapshot at:(t:2, i:0) file /home/runner/work/ozone/ozone/mnt/ozone/hadoop-ozone/integration-test/target/test-dir/MiniOzoneClusterImpl-1c236c99-c7c8-4b90-98b3-6d50a358b8d8/datanode-1/data/ratis/b2d346f2-abad-4ad7-b329-97e4151b2859/sm/snapshot.2_0
2021-07-27 15:00:38,338 [0f3e4899-df55-4e14-9f73-38fb9ca0f37c@group-97E4151B2859-FollowerState] INFO  impl.FollowerState (FollowerState.java:run(143)) - 0f3e4899-df55-4e14-9f73-38fb9ca0f37c@group-97E4151B2859-FollowerState was interrupted: {}
java.lang.InterruptedException: sleep interrupted
	at java.lang.Thread.sleep(Native Method)
	at java.lang.Thread.sleep(Thread.java:340)
	at java.util.concurrent.TimeUnit.sleep(TimeUnit.java:386)
	at org.apache.ratis.util.TimeDuration.sleep(TimeDuration.java:324)
	at org.apache.ratis.util.TimeDuration.sleep(TimeDuration.java:309)
	at org.apache.ratis.server.impl.FollowerState.run(FollowerState.java:118)
2021-07-27 15:00:38,338 [0f3e4899-df55-4e14-9f73-38fb9ca0f37c@group-97E4151B2859-StateMachineUpdater] INFO  ratis.ContainerStateMachine (ContainerStateMachine.java:takeSnapshot(302)) - group-97E4151B2859: Finished taking a snapshot at:(t:2, i:0) file:/home/runner/work/ozone/ozone/mnt/ozone/hadoop-ozone/integration-test/target/test-dir/MiniOzoneClusterImpl-1c236c99-c7c8-4b90-98b3-6d50a358b8d8/datanode-1/data/ratis/b2d346f2-abad-4ad7-b329-97e4151b2859/sm/snapshot.2_0 took: 0 ms
2021-07-27 15:00:38,338 [43f332dd-3581-45f2-86c5-cce36549d707@group-5F5B1A469043-StateMachineUpdater] INFO  ratis.ContainerStateMachine (ContainerStateMachine.java:takeSnapshot(302)) - group-5F5B1A469043: Finished taking a snapshot at:(t:4, i:0) file:/home/runner/work/ozone/ozone/mnt/ozone/hadoop-ozone/integration-test/target/test-dir/MiniOzoneClusterImpl-1c236c99-c7c8-4b90-98b3-6d50a358b8d8/datanode-0/data/ratis/27575857-2eda-4e20-a158-5f5b1a469043/sm/snapshot.4_0 took: 1 ms
2021-07-27 15:00:38,338 [0f3e4899-df55-4e14-9f73-38fb9ca0f37c@group-97E4151B2859-StateMachineUpdater] INFO  impl.StateMachineUpdater (StateMachineUpdater.java:takeSnapshot(281)) - 0f3e4899-df55-4e14-9f73-38fb9ca0f37c@group-97E4151B2859-StateMachineUpdater: Took a snapshot at index 0
2021-07-27 15:00:38,338 [0f3e4899-df55-4e14-9f73-38fb9ca0f37c@group-97E4151B2859-StateMachineUpdater] INFO  impl.StateMachineUpdater (StateMachineUpdater.java:lambda$new$0(89)) - 0f3e4899-df55-4e14-9f73-38fb9ca0f37c@group-97E4151B2859-StateMachineUpdater: snapshotIndex: updateIncreasingly -1 -> 0
2021-07-27 15:00:38,338 [43f332dd-3581-45f2-86c5-cce36549d707@group-5F5B1A469043-StateMachineUpdater] INFO  impl.StateMachineUpdater (StateMachineUpdater.java:takeSnapshot(281)) - 43f332dd-3581-45f2-86c5-cce36549d707@group-5F5B1A469043-StateMachineUpdater: Took a snapshot at index 0
2021-07-27 15:00:38,339 [43f332dd-3581-45f2-86c5-cce36549d707@group-5F5B1A469043-StateMachineUpdater] INFO  impl.StateMachineUpdater (StateMachineUpdater.java:lambda$new$0(89)) - 43f332dd-3581-45f2-86c5-cce36549d707@group-5F5B1A469043-StateMachineUpdater: snapshotIndex: updateIncreasingly -1 -> 0
2021-07-27 15:00:38,339 [Listener at 127.0.0.1/12788] INFO  server.RaftServer$Division (ServerState.java:close(419)) - 0f3e4899-df55-4e14-9f73-38fb9ca0f37c@group-97E4151B2859: closes. applyIndex: 0
2021-07-27 15:00:38,339 [ForkJoinPool.commonPool-worker-1] INFO  server.RaftServer$Division (ServerState.java:close(419)) - 43f332dd-3581-45f2-86c5-cce36549d707@group-5F5B1A469043: closes. applyIndex: 0
2021-07-27 15:00:38,339 [0f3e4899-df55-4e14-9f73-38fb9ca0f37c@group-97E4151B2859-SegmentedRaftLogWorker] INFO  segmented.SegmentedRaftLogWorker (SegmentedRaftLogWorker.java:run(327)) - 0f3e4899-df55-4e14-9f73-38fb9ca0f37c@group-97E4151B2859-SegmentedRaftLogWorker was interrupted, exiting. There are 0 tasks remaining in the queue.
2021-07-27 15:00:38,339 [43f332dd-3581-45f2-86c5-cce36549d707@group-5F5B1A469043-SegmentedRaftLogWorker] INFO  segmented.SegmentedRaftLogWorker (SegmentedRaftLogWorker.java:run(327)) - 43f332dd-3581-45f2-86c5-cce36549d707@group-5F5B1A469043-SegmentedRaftLogWorker was interrupted, exiting. There are 0 tasks remaining in the queue.
2021-07-27 15:00:38,339 [Listener at 127.0.0.1/12788] INFO  segmented.SegmentedRaftLogWorker (SegmentedRaftLogWorker.java:close(237)) - 0f3e4899-df55-4e14-9f73-38fb9ca0f37c@group-97E4151B2859-SegmentedRaftLogWorker close()
2021-07-27 15:00:38,340 [ForkJoinPool.commonPool-worker-1] INFO  segmented.SegmentedRaftLogWorker (SegmentedRaftLogWorker.java:close(237)) - 43f332dd-3581-45f2-86c5-cce36549d707@group-5F5B1A469043-SegmentedRaftLogWorker close()
2021-07-27 15:00:38,340 [Listener at 127.0.0.1/12788] INFO  server.RaftServer$Division (RaftServerImpl.java:lambda$close$4(407)) - 0f3e4899-df55-4e14-9f73-38fb9ca0f37c@group-5F5B1A469043: shutdown
2021-07-27 15:00:38,340 [Listener at 127.0.0.1/12788] INFO  util.JmxRegister (JmxRegister.java:unregister(73)) - Successfully un-registered JMX Bean with object name Ratis:service=RaftServer,group=group-5F5B1A469043,id=0f3e4899-df55-4e14-9f73-38fb9ca0f37c
2021-07-27 15:00:38,340 [Listener at 127.0.0.1/12788] INFO  impl.RoleInfo (RoleInfo.java:shutdownLeaderState(91)) - 0f3e4899-df55-4e14-9f73-38fb9ca0f37c: shutdown 0f3e4899-df55-4e14-9f73-38fb9ca0f37c@group-5F5B1A469043-LeaderStateImpl
2021-07-27 15:00:38,340 [0f3e4899-df55-4e14-9f73-38fb9ca0f37c@group-5F5B1A469043->43f332dd-3581-45f2-86c5-cce36549d707-GrpcLogAppender-LogAppenderDaemon] WARN  server.GrpcLogAppender (GrpcLogAppender.java:mayWait(175)) - 0f3e4899-df55-4e14-9f73-38fb9ca0f37c@group-5F5B1A469043->43f332dd-3581-45f2-86c5-cce36549d707-GrpcLogAppender: Wait interrupted by java.lang.InterruptedException
2021-07-27 15:00:38,340 [Listener at 127.0.0.1/12788] INFO  impl.PendingRequests (PendingRequests.java:sendNotLeaderResponses(249)) - 0f3e4899-df55-4e14-9f73-38fb9ca0f37c@group-5F5B1A469043-PendingRequests: sendNotLeaderResponses
2021-07-27 15:00:38,341 [ForkJoinPool.commonPool-worker-1] INFO  server.RaftServer$Division (RaftServerImpl.java:lambda$close$4(407)) - 43f332dd-3581-45f2-86c5-cce36549d707@group-90FD39818CEA: shutdown
2021-07-27 15:00:38,342 [ForkJoinPool.commonPool-worker-1] INFO  util.JmxRegister (JmxRegister.java:unregister(73)) - Successfully un-registered JMX Bean with object name Ratis:service=RaftServer,group=group-90FD39818CEA,id=43f332dd-3581-45f2-86c5-cce36549d707
2021-07-27 15:00:38,342 [ForkJoinPool.commonPool-worker-1] INFO  impl.RoleInfo (RoleInfo.java:shutdownLeaderState(91)) - 43f332dd-3581-45f2-86c5-cce36549d707: shutdown 43f332dd-3581-45f2-86c5-cce36549d707@group-90FD39818CEA-LeaderStateImpl
2021-07-27 15:00:38,342 [ForkJoinPool.commonPool-worker-1] INFO  impl.PendingRequests (PendingRequests.java:sendNotLeaderResponses(249)) - 43f332dd-3581-45f2-86c5-cce36549d707@group-90FD39818CEA-PendingRequests: sendNotLeaderResponses
2021-07-27 15:00:38,342 [ForkJoinPool.commonPool-worker-1] INFO  impl.StateMachineUpdater (StateMachineUpdater.java:stopAndJoin(149)) - 43f332dd-3581-45f2-86c5-cce36549d707@group-90FD39818CEA-StateMachineUpdater: set stopIndex = 0
2021-07-27 15:00:38,342 [43f332dd-3581-45f2-86c5-cce36549d707@group-90FD39818CEA-StateMachineUpdater] INFO  ratis.ContainerStateMachine (ContainerStateMachine.java:takeSnapshot(291)) - group-90FD39818CEA: Taking a snapshot at:(t:1, i:0) file /home/runner/work/ozone/ozone/mnt/ozone/hadoop-ozone/integration-test/target/test-dir/MiniOzoneClusterImpl-1c236c99-c7c8-4b90-98b3-6d50a358b8d8/datanode-0/data/ratis/e92791b6-34b8-485c-b3ad-90fd39818cea/sm/snapshot.1_0
2021-07-27 15:00:38,341 [0f3e4899-df55-4e14-9f73-38fb9ca0f37c@group-5F5B1A469043->86d9546c-cd65-42b3-a7f1-5b54ee2fc6d0-GrpcLogAppender-LogAppenderDaemon] WARN  server.GrpcLogAppender (GrpcLogAppender.java:mayWait(175)) - 0f3e4899-df55-4e14-9f73-38fb9ca0f37c@group-5F5B1A469043->86d9546c-cd65-42b3-a7f1-5b54ee2fc6d0-GrpcLogAppender: Wait interrupted by java.lang.InterruptedException
2021-07-27 15:00:38,341 [grpc-default-executor-3] INFO  server.GrpcServerProtocolService (GrpcServerProtocolService.java:onCompleted(140)) - 43f332dd-3581-45f2-86c5-cce36549d707: Completed APPEND_ENTRIES, lastRequest: 0f3e4899-df55-4e14-9f73-38fb9ca0f37c->43f332dd-3581-45f2-86c5-cce36549d707#1-t4,previous=(t:0, i:0),leaderCommit=-1,initializing? true,entries: size=1, first=(t:4, i:0), CONFIGURATIONENTRY
2021-07-27 15:00:38,343 [grpc-default-executor-0] INFO  server.GrpcServerProtocolService (GrpcServerProtocolService.java:onCompleted(140)) - 86d9546c-cd65-42b3-a7f1-5b54ee2fc6d0: Completed APPEND_ENTRIES, lastRequest: 0f3e4899-df55-4e14-9f73-38fb9ca0f37c->86d9546c-cd65-42b3-a7f1-5b54ee2fc6d0#1-t4,previous=(t:0, i:0),leaderCommit=-1,initializing? true,entries: size=1, first=(t:4, i:0), CONFIGURATIONENTRY
2021-07-27 15:00:38,344 [grpc-default-executor-1] INFO  server.GrpcLogAppender (GrpcLogAppender.java:onCompleted(344)) - 0f3e4899-df55-4e14-9f73-38fb9ca0f37c@group-5F5B1A469043->43f332dd-3581-45f2-86c5-cce36549d707-AppendLogResponseHandler: follower responses appendEntries COMPLETED
2021-07-27 15:00:38,344 [grpc-default-executor-1] INFO  leader.FollowerInfo (FollowerInfoImpl.java:lambda$new$0(46)) - 0f3e4899-df55-4e14-9f73-38fb9ca0f37c@group-5F5B1A469043->43f332dd-3581-45f2-86c5-cce36549d707: nextIndex: updateUnconditionally 1 -> 0
2021-07-27 15:00:38,343 [43f332dd-3581-45f2-86c5-cce36549d707@group-90FD39818CEA-StateMachineUpdater] INFO  ratis.ContainerStateMachine (ContainerStateMachine.java:takeSnapshot(302)) - group-90FD39818CEA: Finished taking a snapshot at:(t:1, i:0) file:/home/runner/work/ozone/ozone/mnt/ozone/hadoop-ozone/integration-test/target/test-dir/MiniOzoneClusterImpl-1c236c99-c7c8-4b90-98b3-6d50a358b8d8/datanode-0/data/ratis/e92791b6-34b8-485c-b3ad-90fd39818cea/sm/snapshot.1_0 took: 0 ms
2021-07-27 15:00:38,344 [43f332dd-3581-45f2-86c5-cce36549d707@group-90FD39818CEA-StateMachineUpdater] INFO  impl.StateMachineUpdater (StateMachineUpdater.java:takeSnapshot(281)) - 43f332dd-3581-45f2-86c5-cce36549d707@group-90FD39818CEA-StateMachineUpdater: Took a snapshot at index 0
2021-07-27 15:00:38,344 [43f332dd-3581-45f2-86c5-cce36549d707@group-90FD39818CEA-StateMachineUpdater] INFO  impl.StateMachineUpdater (StateMachineUpdater.java:lambda$new$0(89)) - 43f332dd-3581-45f2-86c5-cce36549d707@group-90FD39818CEA-StateMachineUpdater: snapshotIndex: updateIncreasingly -1 -> 0
2021-07-27 15:00:38,344 [grpc-default-executor-2] INFO  server.GrpcLogAppender (GrpcLogAppender.java:onCompleted(344)) - 0f3e4899-df55-4e14-9f73-38fb9ca0f37c@group-5F5B1A469043->86d9546c-cd65-42b3-a7f1-5b54ee2fc6d0-AppendLogResponseHandler: follower responses appendEntries COMPLETED
2021-07-27 15:00:38,345 [grpc-default-executor-2] INFO  leader.FollowerInfo (FollowerInfoImpl.java:lambda$new$0(46)) - 0f3e4899-df55-4e14-9f73-38fb9ca0f37c@group-5F5B1A469043->86d9546c-cd65-42b3-a7f1-5b54ee2fc6d0: nextIndex: updateUnconditionally 1 -> 0
2021-07-27 15:00:38,345 [ForkJoinPool.commonPool-worker-1] INFO  server.RaftServer$Division (ServerState.java:close(419)) - 43f332dd-3581-45f2-86c5-cce36549d707@group-90FD39818CEA: closes. applyIndex: 0
2021-07-27 15:00:38,345 [43f332dd-3581-45f2-86c5-cce36549d707@group-90FD39818CEA-SegmentedRaftLogWorker] INFO  segmented.SegmentedRaftLogWorker (SegmentedRaftLogWorker.java:run(327)) - 43f332dd-3581-45f2-86c5-cce36549d707@group-90FD39818CEA-SegmentedRaftLogWorker was interrupted, exiting. There are 0 tasks remaining in the queue.
2021-07-27 15:00:38,345 [ForkJoinPool.commonPool-worker-1] INFO  segmented.SegmentedRaftLogWorker (SegmentedRaftLogWorker.java:close(237)) - 43f332dd-3581-45f2-86c5-cce36549d707@group-90FD39818CEA-SegmentedRaftLogWorker close()
2021-07-27 15:00:38,346 [ForkJoinPool.commonPool-worker-1] INFO  server.GrpcService (GrpcService.java:closeImpl(262)) - 43f332dd-3581-45f2-86c5-cce36549d707: shutdown server with port 37911 now
2021-07-27 15:00:38,347 [0f3e4899-df55-4e14-9f73-38fb9ca0f37c@group-5F5B1A469043-StateMachineUpdater] INFO  ratis.ContainerStateMachine (ContainerStateMachine.java:takeSnapshot(291)) - group-5F5B1A469043: Taking a snapshot at:(t:4, i:0) file /home/runner/work/ozone/ozone/mnt/ozone/hadoop-ozone/integration-test/target/test-dir/MiniOzoneClusterImpl-1c236c99-c7c8-4b90-98b3-6d50a358b8d8/datanode-1/data/ratis/27575857-2eda-4e20-a158-5f5b1a469043/sm/snapshot.4_0
2021-07-27 15:00:38,348 [0f3e4899-df55-4e14-9f73-38fb9ca0f37c@group-5F5B1A469043-StateMachineUpdater] INFO  ratis.ContainerStateMachine (ContainerStateMachine.java:takeSnapshot(302)) - group-5F5B1A469043: Finished taking a snapshot at:(t:4, i:0) file:/home/runner/work/ozone/ozone/mnt/ozone/hadoop-ozone/integration-test/target/test-dir/MiniOzoneClusterImpl-1c236c99-c7c8-4b90-98b3-6d50a358b8d8/datanode-1/data/ratis/27575857-2eda-4e20-a158-5f5b1a469043/sm/snapshot.4_0 took: 1 ms
2021-07-27 15:00:38,348 [0f3e4899-df55-4e14-9f73-38fb9ca0f37c@group-5F5B1A469043-StateMachineUpdater] INFO  impl.StateMachineUpdater (StateMachineUpdater.java:takeSnapshot(281)) - 0f3e4899-df55-4e14-9f73-38fb9ca0f37c@group-5F5B1A469043-StateMachineUpdater: Took a snapshot at index 0
2021-07-27 15:00:38,348 [0f3e4899-df55-4e14-9f73-38fb9ca0f37c@group-5F5B1A469043-StateMachineUpdater] INFO  impl.StateMachineUpdater (StateMachineUpdater.java:lambda$new$0(89)) - 0f3e4899-df55-4e14-9f73-38fb9ca0f37c@group-5F5B1A469043-StateMachineUpdater: snapshotIndex: updateIncreasingly -1 -> 0
2021-07-27 15:00:38,349 [Listener at 127.0.0.1/12788] INFO  impl.StateMachineUpdater (StateMachineUpdater.java:stopAndJoin(149)) - 0f3e4899-df55-4e14-9f73-38fb9ca0f37c@group-5F5B1A469043-StateMachineUpdater: set stopIndex = 0
2021-07-27 15:00:38,350 [Listener at 127.0.0.1/12788] INFO  server.RaftServer$Division (ServerState.java:close(419)) - 0f3e4899-df55-4e14-9f73-38fb9ca0f37c@group-5F5B1A469043: closes. applyIndex: 0
2021-07-27 15:00:38,350 [0f3e4899-df55-4e14-9f73-38fb9ca0f37c@group-5F5B1A469043-SegmentedRaftLogWorker] INFO  segmented.SegmentedRaftLogWorker (SegmentedRaftLogWorker.java:run(327)) - 0f3e4899-df55-4e14-9f73-38fb9ca0f37c@group-5F5B1A469043-SegmentedRaftLogWorker was interrupted, exiting. There are 0 tasks remaining in the queue.
2021-07-27 15:00:38,351 [ForkJoinPool.commonPool-worker-1] INFO  server.GrpcService (GrpcService.java:closeImpl(271)) - 43f332dd-3581-45f2-86c5-cce36549d707: shutdown server with port 37911 successfully
2021-07-27 15:00:38,351 [org.apache.ratis.util.JvmPauseMonitor$$Lambda$499/841483227@72a6fd45] INFO  util.JvmPauseMonitor (JvmPauseMonitor.java:run(109)) - JvmPauseMonitor-43f332dd-3581-45f2-86c5-cce36549d707: Stopped
2021-07-27 15:00:38,352 [Listener at 127.0.0.1/12788] INFO  segmented.SegmentedRaftLogWorker (SegmentedRaftLogWorker.java:close(237)) - 0f3e4899-df55-4e14-9f73-38fb9ca0f37c@group-5F5B1A469043-SegmentedRaftLogWorker close()
2021-07-27 15:00:38,355 [Listener at 127.0.0.1/12788] INFO  server.GrpcService (GrpcService.java:closeImpl(262)) - 0f3e4899-df55-4e14-9f73-38fb9ca0f37c: shutdown server with port 42961 now
2021-07-27 15:00:38,356 [ForkJoinPool.commonPool-worker-1] INFO  utils.BackgroundService (BackgroundService.java:shutdown(132)) - Shutting down service BlockDeletingService
2021-07-27 15:00:38,357 [Listener at 127.0.0.1/12788] INFO  server.GrpcService (GrpcService.java:closeImpl(271)) - 0f3e4899-df55-4e14-9f73-38fb9ca0f37c: shutdown server with port 42961 successfully
2021-07-27 15:00:38,358 [org.apache.ratis.util.JvmPauseMonitor$$Lambda$499/841483227@69ac414e] INFO  util.JvmPauseMonitor (JvmPauseMonitor.java:run(109)) - JvmPauseMonitor-0f3e4899-df55-4e14-9f73-38fb9ca0f37c: Stopped
2021-07-27 15:00:38,357 [ForkJoinPool.commonPool-worker-1] INFO  statemachine.DatanodeStateMachine (DatanodeStateMachine.java:stopDaemon(514)) - Ozone container server stopped.
2021-07-27 15:00:38,359 [Listener at 127.0.0.1/12788] INFO  utils.BackgroundService (BackgroundService.java:shutdown(132)) - Shutting down service BlockDeletingService
2021-07-27 15:00:38,362 [ForkJoinPool.commonPool-worker-1] INFO  handler.ContextHandler (ContextHandler.java:doStop(1154)) - Stopped o.e.j.w.WebAppContext@4ead07c1{hddsDatanode,/,null,STOPPED}{jar:file:/home/runner/.m2/repository/org/apache/ozone/hdds-container-service/1.2.0-SNAPSHOT/hdds-container-service-1.2.0-SNAPSHOT.jar!/webapps/hddsDatanode}
2021-07-27 15:00:38,362 [ForkJoinPool.commonPool-worker-1] INFO  server.AbstractConnector (AbstractConnector.java:doStop(381)) - Stopped ServerConnector@4df03572{HTTP/1.1, (http/1.1)}{0.0.0.0:0}
2021-07-27 15:00:38,363 [ForkJoinPool.commonPool-worker-1] INFO  server.session (HouseKeeper.java:stopScavenging(149)) - node0 Stopped scavenging
2021-07-27 15:00:38,363 [Listener at 127.0.0.1/12788] INFO  statemachine.DatanodeStateMachine (DatanodeStateMachine.java:stopDaemon(514)) - Ozone container server stopped.
2021-07-27 15:00:38,363 [Listener at 127.0.0.1/12788] INFO  handler.ContextHandler (ContextHandler.java:doStop(1154)) - Stopped o.e.j.w.WebAppContext@686aa9c9{hddsDatanode,/,null,STOPPED}{jar:file:/home/runner/.m2/repository/org/apache/ozone/hdds-container-service/1.2.0-SNAPSHOT/hdds-container-service-1.2.0-SNAPSHOT.jar!/webapps/hddsDatanode}
2021-07-27 15:00:38,366 [Listener at 127.0.0.1/12788] INFO  server.AbstractConnector (AbstractConnector.java:doStop(381)) - Stopped ServerConnector@76c9658c{HTTP/1.1, (http/1.1)}{0.0.0.0:0}
2021-07-27 15:00:38,366 [Listener at 127.0.0.1/12788] INFO  server.session (HouseKeeper.java:stopScavenging(149)) - node0 Stopped scavenging
2021-07-27 15:00:38,366 [Listener at 127.0.0.1/12788] INFO  handler.ContextHandler (ContextHandler.java:doStop(1154)) - Stopped o.e.j.s.ServletContextHandler@6799243b{static,/static,jar:file:/home/runner/.m2/repository/org/apache/ozone/hdds-container-service/1.2.0-SNAPSHOT/hdds-container-service-1.2.0-SNAPSHOT.jar!/webapps/static,STOPPED}
2021-07-27 15:00:38,366 [Listener at 127.0.0.1/12788] INFO  handler.ContextHandler (ContextHandler.java:doStop(1154)) - Stopped o.e.j.s.ServletContextHandler@68300fe2{logs,/logs,file:///home/runner/work/ozone/ozone/mnt/ozone/hadoop-ozone/integration-test/target/log,STOPPED}
2021-07-27 15:00:38,367 [ForkJoinPool.commonPool-worker-1] INFO  handler.ContextHandler (ContextHandler.java:doStop(1154)) - Stopped o.e.j.s.ServletContextHandler@70f4dd28{static,/static,jar:file:/home/runner/.m2/repository/org/apache/ozone/hdds-container-service/1.2.0-SNAPSHOT/hdds-container-service-1.2.0-SNAPSHOT.jar!/webapps/static,STOPPED}
2021-07-27 15:00:38,368 [ForkJoinPool.commonPool-worker-1] INFO  handler.ContextHandler (ContextHandler.java:doStop(1154)) - Stopped o.e.j.s.ServletContextHandler@4887a689{logs,/logs,file:///home/runner/work/ozone/ozone/mnt/ozone/hadoop-ozone/integration-test/target/log,STOPPED}
2021-07-27 15:00:38,453 [Datanode State Machine Thread - 0] WARN  statemachine.StateContext (StateContext.java:setState(246)) - Ignore disallowed transition from SHUTDOWN to RUNNING
2021-07-27 15:00:38,453 [Datanode State Machine Thread - 0] INFO  statemachine.DatanodeStateMachine (DatanodeStateMachine.java:lambda$startDaemon$0(456)) - Ozone container server started.
2021-07-27 15:00:39,278 [EndpointStateMachine task thread for /127.0.0.1:15427 - 0 ] INFO  ipc.Client (Client.java:handleConnectionFailure(977)) - Retrying connect to server: localhost/127.0.0.1:15427. Already tried 5 time(s); retry policy is RetryUpToMaximumCountWithFixedSleep(maxRetries=15, sleepTime=1000 MILLISECONDS)
2021-07-27 15:00:39,279 [EndpointStateMachine task thread for /127.0.0.1:15437 - 0 ] INFO  ipc.Client (Client.java:handleConnectionFailure(977)) - Retrying connect to server: localhost/127.0.0.1:15437. Already tried 5 time(s); retry policy is RetryUpToMaximumCountWithFixedSleep(maxRetries=15, sleepTime=1000 MILLISECONDS)
2021-07-27 15:00:39,279 [EndpointStateMachine task thread for /127.0.0.1:15417 - 0 ] INFO  ipc.Client (Client.java:handleConnectionFailure(977)) - Retrying connect to server: localhost/127.0.0.1:15417. Already tried 5 time(s); retry policy is RetryUpToMaximumCountWithFixedSleep(maxRetries=15, sleepTime=1000 MILLISECONDS)
2021-07-27 15:00:40,279 [EndpointStateMachine task thread for /127.0.0.1:15427 - 0 ] INFO  ipc.Client (Client.java:handleConnectionFailure(977)) - Retrying connect to server: localhost/127.0.0.1:15427. Already tried 6 time(s); retry policy is RetryUpToMaximumCountWithFixedSleep(maxRetries=15, sleepTime=1000 MILLISECONDS)
2021-07-27 15:00:40,280 [EndpointStateMachine task thread for /127.0.0.1:15417 - 0 ] INFO  ipc.Client (Client.java:handleConnectionFailure(977)) - Retrying connect to server: localhost/127.0.0.1:15417. Already tried 6 time(s); retry policy is RetryUpToMaximumCountWithFixedSleep(maxRetries=15, sleepTime=1000 MILLISECONDS)
2021-07-27 15:00:40,279 [EndpointStateMachine task thread for /127.0.0.1:15437 - 0 ] INFO  ipc.Client (Client.java:handleConnectionFailure(977)) - Retrying connect to server: localhost/127.0.0.1:15437. Already tried 6 time(s); retry policy is RetryUpToMaximumCountWithFixedSleep(maxRetries=15, sleepTime=1000 MILLISECONDS)
2021-07-27 15:00:41,280 [EndpointStateMachine task thread for /127.0.0.1:15427 - 0 ] INFO  ipc.Client (Client.java:handleConnectionFailure(977)) - Retrying connect to server: localhost/127.0.0.1:15427. Already tried 7 time(s); retry policy is RetryUpToMaximumCountWithFixedSleep(maxRetries=15, sleepTime=1000 MILLISECONDS)
2021-07-27 15:00:41,280 [EndpointStateMachine task thread for /127.0.0.1:15437 - 0 ] INFO  ipc.Client (Client.java:handleConnectionFailure(977)) - Retrying connect to server: localhost/127.0.0.1:15437. Already tried 7 time(s); retry policy is RetryUpToMaximumCountWithFixedSleep(maxRetries=15, sleepTime=1000 MILLISECONDS)
2021-07-27 15:00:41,280 [EndpointStateMachine task thread for /127.0.0.1:15417 - 0 ] INFO  ipc.Client (Client.java:handleConnectionFailure(977)) - Retrying connect to server: localhost/127.0.0.1:15417. Already tried 7 time(s); retry policy is RetryUpToMaximumCountWithFixedSleep(maxRetries=15, sleepTime=1000 MILLISECONDS)
2021-07-27 15:00:42,281 [EndpointStateMachine task thread for /127.0.0.1:15427 - 0 ] INFO  ipc.Client (Client.java:handleConnectionFailure(977)) - Retrying connect to server: localhost/127.0.0.1:15427. Already tried 8 time(s); retry policy is RetryUpToMaximumCountWithFixedSleep(maxRetries=15, sleepTime=1000 MILLISECONDS)
2021-07-27 15:00:42,281 [EndpointStateMachine task thread for /127.0.0.1:15437 - 0 ] INFO  ipc.Client (Client.java:handleConnectionFailure(977)) - Retrying connect to server: localhost/127.0.0.1:15437. Already tried 8 time(s); retry policy is RetryUpToMaximumCountWithFixedSleep(maxRetries=15, sleepTime=1000 MILLISECONDS)
2021-07-27 15:00:42,282 [EndpointStateMachine task thread for /127.0.0.1:15417 - 0 ] INFO  ipc.Client (Client.java:handleConnectionFailure(977)) - Retrying connect to server: localhost/127.0.0.1:15417. Already tried 8 time(s); retry policy is RetryUpToMaximumCountWithFixedSleep(maxRetries=15, sleepTime=1000 MILLISECONDS)
2021-07-27 15:00:42,472 [86d9546c-cd65-42b3-a7f1-5b54ee2fc6d0@group-97E4151B2859-FollowerState] INFO  impl.FollowerState (FollowerState.java:run(134)) - 86d9546c-cd65-42b3-a7f1-5b54ee2fc6d0@group-97E4151B2859-FollowerState: change to CANDIDATE, lastRpcElapsedTime:5217077103ns, electionTimeout:5065ms
2021-07-27 15:00:42,472 [86d9546c-cd65-42b3-a7f1-5b54ee2fc6d0@group-97E4151B2859-FollowerState] INFO  impl.RoleInfo (RoleInfo.java:shutdownFollowerState(108)) - 86d9546c-cd65-42b3-a7f1-5b54ee2fc6d0: shutdown 86d9546c-cd65-42b3-a7f1-5b54ee2fc6d0@group-97E4151B2859-FollowerState
2021-07-27 15:00:42,472 [86d9546c-cd65-42b3-a7f1-5b54ee2fc6d0@group-97E4151B2859-FollowerState] INFO  server.RaftServer$Division (RaftServerImpl.java:setRole(285)) - 86d9546c-cd65-42b3-a7f1-5b54ee2fc6d0@group-97E4151B2859: changes role from  FOLLOWER to CANDIDATE at term 2 for changeToCandidate
2021-07-27 15:00:42,473 [86d9546c-cd65-42b3-a7f1-5b54ee2fc6d0@group-97E4151B2859-FollowerState] INFO  server.RaftServerConfigKeys (ConfUtils.java:logGet(44)) - raft.server.leaderelection.pre-vote = false (custom)
2021-07-27 15:00:42,473 [86d9546c-cd65-42b3-a7f1-5b54ee2fc6d0@group-97E4151B2859-FollowerState] INFO  impl.RoleInfo (RoleInfo.java:updateAndGet(130)) - 86d9546c-cd65-42b3-a7f1-5b54ee2fc6d0: start 86d9546c-cd65-42b3-a7f1-5b54ee2fc6d0@group-97E4151B2859-LeaderElection14
2021-07-27 15:00:42,473 [86d9546c-cd65-42b3-a7f1-5b54ee2fc6d0@group-97E4151B2859-LeaderElection14] INFO  server.RaftServer$Division (ServerState.java:setLeader(285)) - 86d9546c-cd65-42b3-a7f1-5b54ee2fc6d0@group-97E4151B2859: change Leader from 43f332dd-3581-45f2-86c5-cce36549d707 to null at term 2 for ELECTION
2021-07-27 15:00:42,475 [86d9546c-cd65-42b3-a7f1-5b54ee2fc6d0@group-97E4151B2859-LeaderElection14] INFO  impl.LeaderElection (LeaderElection.java:askForVotes(306)) - 86d9546c-cd65-42b3-a7f1-5b54ee2fc6d0@group-97E4151B2859-LeaderElection14 ELECTION round 0: submit vote requests at term 3 for 0: [43f332dd-3581-45f2-86c5-cce36549d707|rpc:127.0.0.1:37911|dataStream:|priority:1, 86d9546c-cd65-42b3-a7f1-5b54ee2fc6d0|rpc:127.0.0.1:45791|dataStream:|priority:0, 0f3e4899-df55-4e14-9f73-38fb9ca0f37c|rpc:127.0.0.1:42961|dataStream:|priority:0], old=null
2021-07-27 15:00:42,483 [86d9546c-cd65-42b3-a7f1-5b54ee2fc6d0@group-97E4151B2859-LeaderElection14] INFO  impl.LeaderElection (LogUtils.java:infoOrTrace(137)) - 86d9546c-cd65-42b3-a7f1-5b54ee2fc6d0@group-97E4151B2859-LeaderElection14 got exception when requesting votes: java.util.concurrent.ExecutionException: org.apache.ratis.thirdparty.io.grpc.StatusRuntimeException: UNAVAILABLE: io exception
2021-07-27 15:00:42,483 [86d9546c-cd65-42b3-a7f1-5b54ee2fc6d0@group-97E4151B2859-LeaderElection14] INFO  impl.LeaderElection (LogUtils.java:infoOrTrace(137)) - 86d9546c-cd65-42b3-a7f1-5b54ee2fc6d0@group-97E4151B2859-LeaderElection14 got exception when requesting votes: java.util.concurrent.ExecutionException: org.apache.ratis.thirdparty.io.grpc.StatusRuntimeException: UNAVAILABLE: io exception
2021-07-27 15:00:42,483 [86d9546c-cd65-42b3-a7f1-5b54ee2fc6d0@group-97E4151B2859-LeaderElection14] INFO  impl.LeaderElection (LeaderElection.java:logAndReturn(89)) - 86d9546c-cd65-42b3-a7f1-5b54ee2fc6d0@group-97E4151B2859-LeaderElection14: ELECTION REJECTED received 0 response(s) and 2 exception(s):
2021-07-27 15:00:42,484 [86d9546c-cd65-42b3-a7f1-5b54ee2fc6d0@group-97E4151B2859-LeaderElection14] INFO  impl.LeaderElection (LogUtils.java:infoOrTrace(137)) -   Exception 0: java.util.concurrent.ExecutionException: org.apache.ratis.thirdparty.io.grpc.StatusRuntimeException: UNAVAILABLE: io exception
2021-07-27 15:00:42,484 [86d9546c-cd65-42b3-a7f1-5b54ee2fc6d0@group-97E4151B2859-LeaderElection14] INFO  impl.LeaderElection (LogUtils.java:infoOrTrace(137)) -   Exception 1: java.util.concurrent.ExecutionException: org.apache.ratis.thirdparty.io.grpc.StatusRuntimeException: UNAVAILABLE: io exception
2021-07-27 15:00:42,484 [86d9546c-cd65-42b3-a7f1-5b54ee2fc6d0@group-97E4151B2859-LeaderElection14] INFO  impl.LeaderElection (LeaderElection.java:askForVotes(308)) - 86d9546c-cd65-42b3-a7f1-5b54ee2fc6d0@group-97E4151B2859-LeaderElection14 ELECTION round 0: result REJECTED
2021-07-27 15:00:42,484 [86d9546c-cd65-42b3-a7f1-5b54ee2fc6d0@group-97E4151B2859-LeaderElection14] INFO  server.RaftServer$Division (RaftServerImpl.java:setRole(285)) - 86d9546c-cd65-42b3-a7f1-5b54ee2fc6d0@group-97E4151B2859: changes role from CANDIDATE to FOLLOWER at term 3 for REJECTED
2021-07-27 15:00:42,484 [86d9546c-cd65-42b3-a7f1-5b54ee2fc6d0@group-97E4151B2859-LeaderElection14] INFO  impl.RoleInfo (RoleInfo.java:shutdownLeaderElection(121)) - 86d9546c-cd65-42b3-a7f1-5b54ee2fc6d0: shutdown 86d9546c-cd65-42b3-a7f1-5b54ee2fc6d0@group-97E4151B2859-LeaderElection14
2021-07-27 15:00:42,484 [86d9546c-cd65-42b3-a7f1-5b54ee2fc6d0@group-97E4151B2859-LeaderElection14] INFO  impl.RoleInfo (RoleInfo.java:updateAndGet(130)) - 86d9546c-cd65-42b3-a7f1-5b54ee2fc6d0: start 86d9546c-cd65-42b3-a7f1-5b54ee2fc6d0@group-97E4151B2859-FollowerState
2021-07-27 15:00:43,282 [EndpointStateMachine task thread for /127.0.0.1:15427 - 0 ] INFO  ipc.Client (Client.java:handleConnectionFailure(977)) - Retrying connect to server: localhost/127.0.0.1:15427. Already tried 9 time(s); retry policy is RetryUpToMaximumCountWithFixedSleep(maxRetries=15, sleepTime=1000 MILLISECONDS)
2021-07-27 15:00:43,282 [EndpointStateMachine task thread for /127.0.0.1:15417 - 0 ] INFO  ipc.Client (Client.java:handleConnectionFailure(977)) - Retrying connect to server: localhost/127.0.0.1:15417. Already tried 9 time(s); retry policy is RetryUpToMaximumCountWithFixedSleep(maxRetries=15, sleepTime=1000 MILLISECONDS)
2021-07-27 15:00:43,282 [EndpointStateMachine task thread for /127.0.0.1:15437 - 0 ] INFO  ipc.Client (Client.java:handleConnectionFailure(977)) - Retrying connect to server: localhost/127.0.0.1:15437. Already tried 9 time(s); retry policy is RetryUpToMaximumCountWithFixedSleep(maxRetries=15, sleepTime=1000 MILLISECONDS)
2021-07-27 15:00:43,369 [Listener at 127.0.0.1/12788] INFO  ozoneimpl.OzoneContainer (OzoneContainer.java:stop(326)) - Attempting to stop container services.
2021-07-27 15:00:43,370 [Listener at 127.0.0.1/12788] INFO  server.RaftServer (RaftServerProxy.java:lambda$close$6(391)) - 86d9546c-cd65-42b3-a7f1-5b54ee2fc6d0: close
2021-07-27 15:00:43,370 [Listener at 127.0.0.1/12788] INFO  server.RaftServer$Division (RaftServerImpl.java:lambda$close$4(407)) - 86d9546c-cd65-42b3-a7f1-5b54ee2fc6d0@group-99D0054CEFFD: shutdown
2021-07-27 15:00:43,370 [ForkJoinPool.commonPool-worker-0] INFO  server.RaftServer$Division (RaftServerImpl.java:lambda$close$4(407)) - 86d9546c-cd65-42b3-a7f1-5b54ee2fc6d0@group-5F5B1A469043: shutdown
2021-07-27 15:00:43,371 [ForkJoinPool.commonPool-worker-0] INFO  util.JmxRegister (JmxRegister.java:unregister(73)) - Successfully un-registered JMX Bean with object name Ratis:service=RaftServer,group=group-5F5B1A469043,id=86d9546c-cd65-42b3-a7f1-5b54ee2fc6d0
2021-07-27 15:00:43,371 [ForkJoinPool.commonPool-worker-0] INFO  impl.RoleInfo (RoleInfo.java:shutdownFollowerState(108)) - 86d9546c-cd65-42b3-a7f1-5b54ee2fc6d0: shutdown 86d9546c-cd65-42b3-a7f1-5b54ee2fc6d0@group-5F5B1A469043-FollowerState
2021-07-27 15:00:43,370 [Listener at 127.0.0.1/12788] INFO  util.JmxRegister (JmxRegister.java:unregister(73)) - Successfully un-registered JMX Bean with object name Ratis:service=RaftServer,group=group-99D0054CEFFD,id=86d9546c-cd65-42b3-a7f1-5b54ee2fc6d0
2021-07-27 15:00:43,371 [Listener at 127.0.0.1/12788] INFO  impl.RoleInfo (RoleInfo.java:shutdownLeaderState(91)) - 86d9546c-cd65-42b3-a7f1-5b54ee2fc6d0: shutdown 86d9546c-cd65-42b3-a7f1-5b54ee2fc6d0@group-99D0054CEFFD-LeaderStateImpl
2021-07-27 15:00:43,371 [86d9546c-cd65-42b3-a7f1-5b54ee2fc6d0@group-5F5B1A469043-FollowerState] INFO  impl.FollowerState (FollowerState.java:run(143)) - 86d9546c-cd65-42b3-a7f1-5b54ee2fc6d0@group-5F5B1A469043-FollowerState was interrupted: {}
java.lang.InterruptedException: sleep interrupted
	at java.lang.Thread.sleep(Native Method)
	at java.lang.Thread.sleep(Thread.java:340)
	at java.util.concurrent.TimeUnit.sleep(TimeUnit.java:386)
	at org.apache.ratis.util.TimeDuration.sleep(TimeDuration.java:324)
	at org.apache.ratis.util.TimeDuration.sleep(TimeDuration.java:309)
	at org.apache.ratis.server.impl.FollowerState.run(FollowerState.java:118)
2021-07-27 15:00:43,371 [Listener at 127.0.0.1/12788] INFO  impl.PendingRequests (PendingRequests.java:sendNotLeaderResponses(249)) - 86d9546c-cd65-42b3-a7f1-5b54ee2fc6d0@group-99D0054CEFFD-PendingRequests: sendNotLeaderResponses
2021-07-27 15:00:43,371 [ForkJoinPool.commonPool-worker-0] INFO  impl.StateMachineUpdater (StateMachineUpdater.java:stopAndJoin(149)) - 86d9546c-cd65-42b3-a7f1-5b54ee2fc6d0@group-5F5B1A469043-StateMachineUpdater: set stopIndex = 0
2021-07-27 15:00:43,371 [86d9546c-cd65-42b3-a7f1-5b54ee2fc6d0@group-5F5B1A469043-StateMachineUpdater] INFO  ratis.ContainerStateMachine (ContainerStateMachine.java:takeSnapshot(291)) - group-5F5B1A469043: Taking a snapshot at:(t:4, i:0) file /home/runner/work/ozone/ozone/mnt/ozone/hadoop-ozone/integration-test/target/test-dir/MiniOzoneClusterImpl-1c236c99-c7c8-4b90-98b3-6d50a358b8d8/datanode-2/data/ratis/27575857-2eda-4e20-a158-5f5b1a469043/sm/snapshot.4_0
2021-07-27 15:00:43,372 [Listener at 127.0.0.1/12788] INFO  impl.StateMachineUpdater (StateMachineUpdater.java:stopAndJoin(149)) - 86d9546c-cd65-42b3-a7f1-5b54ee2fc6d0@group-99D0054CEFFD-StateMachineUpdater: set stopIndex = 0
2021-07-27 15:00:43,374 [86d9546c-cd65-42b3-a7f1-5b54ee2fc6d0@group-99D0054CEFFD-StateMachineUpdater] INFO  ratis.ContainerStateMachine (ContainerStateMachine.java:takeSnapshot(291)) - group-99D0054CEFFD: Taking a snapshot at:(t:1, i:0) file /home/runner/work/ozone/ozone/mnt/ozone/hadoop-ozone/integration-test/target/test-dir/MiniOzoneClusterImpl-1c236c99-c7c8-4b90-98b3-6d50a358b8d8/datanode-2/data/ratis/883a8244-3405-4397-a71e-99d0054ceffd/sm/snapshot.1_0
2021-07-27 15:00:43,374 [86d9546c-cd65-42b3-a7f1-5b54ee2fc6d0@group-5F5B1A469043-StateMachineUpdater] INFO  ratis.ContainerStateMachine (ContainerStateMachine.java:takeSnapshot(302)) - group-5F5B1A469043: Finished taking a snapshot at:(t:4, i:0) file:/home/runner/work/ozone/ozone/mnt/ozone/hadoop-ozone/integration-test/target/test-dir/MiniOzoneClusterImpl-1c236c99-c7c8-4b90-98b3-6d50a358b8d8/datanode-2/data/ratis/27575857-2eda-4e20-a158-5f5b1a469043/sm/snapshot.4_0 took: 3 ms
2021-07-27 15:00:43,374 [86d9546c-cd65-42b3-a7f1-5b54ee2fc6d0@group-5F5B1A469043-StateMachineUpdater] INFO  impl.StateMachineUpdater (StateMachineUpdater.java:takeSnapshot(281)) - 86d9546c-cd65-42b3-a7f1-5b54ee2fc6d0@group-5F5B1A469043-StateMachineUpdater: Took a snapshot at index 0
2021-07-27 15:00:43,374 [86d9546c-cd65-42b3-a7f1-5b54ee2fc6d0@group-5F5B1A469043-StateMachineUpdater] INFO  impl.StateMachineUpdater (StateMachineUpdater.java:lambda$new$0(89)) - 86d9546c-cd65-42b3-a7f1-5b54ee2fc6d0@group-5F5B1A469043-StateMachineUpdater: snapshotIndex: updateIncreasingly -1 -> 0
2021-07-27 15:00:43,375 [86d9546c-cd65-42b3-a7f1-5b54ee2fc6d0@group-99D0054CEFFD-StateMachineUpdater] INFO  ratis.ContainerStateMachine (ContainerStateMachine.java:takeSnapshot(302)) - group-99D0054CEFFD: Finished taking a snapshot at:(t:1, i:0) file:/home/runner/work/ozone/ozone/mnt/ozone/hadoop-ozone/integration-test/target/test-dir/MiniOzoneClusterImpl-1c236c99-c7c8-4b90-98b3-6d50a358b8d8/datanode-2/data/ratis/883a8244-3405-4397-a71e-99d0054ceffd/sm/snapshot.1_0 took: 1 ms
2021-07-27 15:00:43,375 [86d9546c-cd65-42b3-a7f1-5b54ee2fc6d0@group-99D0054CEFFD-StateMachineUpdater] INFO  impl.StateMachineUpdater (StateMachineUpdater.java:takeSnapshot(281)) - 86d9546c-cd65-42b3-a7f1-5b54ee2fc6d0@group-99D0054CEFFD-StateMachineUpdater: Took a snapshot at index 0
2021-07-27 15:00:43,375 [86d9546c-cd65-42b3-a7f1-5b54ee2fc6d0@group-99D0054CEFFD-StateMachineUpdater] INFO  impl.StateMachineUpdater (StateMachineUpdater.java:lambda$new$0(89)) - 86d9546c-cd65-42b3-a7f1-5b54ee2fc6d0@group-99D0054CEFFD-StateMachineUpdater: snapshotIndex: updateIncreasingly -1 -> 0
2021-07-27 15:00:43,375 [Listener at 127.0.0.1/12788] INFO  server.RaftServer$Division (ServerState.java:close(419)) - 86d9546c-cd65-42b3-a7f1-5b54ee2fc6d0@group-99D0054CEFFD: closes. applyIndex: 0
2021-07-27 15:00:43,375 [ForkJoinPool.commonPool-worker-0] INFO  server.RaftServer$Division (ServerState.java:close(419)) - 86d9546c-cd65-42b3-a7f1-5b54ee2fc6d0@group-5F5B1A469043: closes. applyIndex: 0
2021-07-27 15:00:43,375 [86d9546c-cd65-42b3-a7f1-5b54ee2fc6d0@group-99D0054CEFFD-SegmentedRaftLogWorker] INFO  segmented.SegmentedRaftLogWorker (SegmentedRaftLogWorker.java:run(327)) - 86d9546c-cd65-42b3-a7f1-5b54ee2fc6d0@group-99D0054CEFFD-SegmentedRaftLogWorker was interrupted, exiting. There are 0 tasks remaining in the queue.
2021-07-27 15:00:43,382 [86d9546c-cd65-42b3-a7f1-5b54ee2fc6d0@group-5F5B1A469043-SegmentedRaftLogWorker] INFO  segmented.SegmentedRaftLogWorker (SegmentedRaftLogWorker.java:run(327)) - 86d9546c-cd65-42b3-a7f1-5b54ee2fc6d0@group-5F5B1A469043-SegmentedRaftLogWorker was interrupted, exiting. There are 0 tasks remaining in the queue.
2021-07-27 15:00:43,382 [Listener at 127.0.0.1/12788] INFO  segmented.SegmentedRaftLogWorker (SegmentedRaftLogWorker.java:close(237)) - 86d9546c-cd65-42b3-a7f1-5b54ee2fc6d0@group-99D0054CEFFD-SegmentedRaftLogWorker close()
2021-07-27 15:00:43,382 [Listener at 127.0.0.1/12788] INFO  server.RaftServer$Division (RaftServerImpl.java:lambda$close$4(407)) - 86d9546c-cd65-42b3-a7f1-5b54ee2fc6d0@group-97E4151B2859: shutdown
2021-07-27 15:00:43,384 [Listener at 127.0.0.1/12788] INFO  util.JmxRegister (JmxRegister.java:unregister(73)) - Successfully un-registered JMX Bean with object name Ratis:service=RaftServer,group=group-97E4151B2859,id=86d9546c-cd65-42b3-a7f1-5b54ee2fc6d0
2021-07-27 15:00:43,384 [Listener at 127.0.0.1/12788] INFO  impl.RoleInfo (RoleInfo.java:shutdownFollowerState(108)) - 86d9546c-cd65-42b3-a7f1-5b54ee2fc6d0: shutdown 86d9546c-cd65-42b3-a7f1-5b54ee2fc6d0@group-97E4151B2859-FollowerState
2021-07-27 15:00:43,384 [Listener at 127.0.0.1/12788] INFO  impl.StateMachineUpdater (StateMachineUpdater.java:stopAndJoin(149)) - 86d9546c-cd65-42b3-a7f1-5b54ee2fc6d0@group-97E4151B2859-StateMachineUpdater: set stopIndex = 0
2021-07-27 15:00:43,385 [86d9546c-cd65-42b3-a7f1-5b54ee2fc6d0@group-97E4151B2859-StateMachineUpdater] INFO  ratis.ContainerStateMachine (ContainerStateMachine.java:takeSnapshot(291)) - group-97E4151B2859: Taking a snapshot at:(t:2, i:0) file /home/runner/work/ozone/ozone/mnt/ozone/hadoop-ozone/integration-test/target/test-dir/MiniOzoneClusterImpl-1c236c99-c7c8-4b90-98b3-6d50a358b8d8/datanode-2/data/ratis/b2d346f2-abad-4ad7-b329-97e4151b2859/sm/snapshot.2_0
2021-07-27 15:00:43,385 [ForkJoinPool.commonPool-worker-0] INFO  segmented.SegmentedRaftLogWorker (SegmentedRaftLogWorker.java:close(237)) - 86d9546c-cd65-42b3-a7f1-5b54ee2fc6d0@group-5F5B1A469043-SegmentedRaftLogWorker close()
2021-07-27 15:00:43,385 [86d9546c-cd65-42b3-a7f1-5b54ee2fc6d0@group-97E4151B2859-FollowerState] INFO  impl.FollowerState (FollowerState.java:run(143)) - 86d9546c-cd65-42b3-a7f1-5b54ee2fc6d0@group-97E4151B2859-FollowerState was interrupted: {}
java.lang.InterruptedException: sleep interrupted
	at java.lang.Thread.sleep(Native Method)
	at java.lang.Thread.sleep(Thread.java:340)
	at java.util.concurrent.TimeUnit.sleep(TimeUnit.java:386)
	at org.apache.ratis.util.TimeDuration.sleep(TimeDuration.java:324)
	at org.apache.ratis.util.TimeDuration.sleep(TimeDuration.java:309)
	at org.apache.ratis.server.impl.FollowerState.run(FollowerState.java:118)
2021-07-27 15:00:43,386 [86d9546c-cd65-42b3-a7f1-5b54ee2fc6d0@group-97E4151B2859-StateMachineUpdater] INFO  ratis.ContainerStateMachine (ContainerStateMachine.java:takeSnapshot(302)) - group-97E4151B2859: Finished taking a snapshot at:(t:2, i:0) file:/home/runner/work/ozone/ozone/mnt/ozone/hadoop-ozone/integration-test/target/test-dir/MiniOzoneClusterImpl-1c236c99-c7c8-4b90-98b3-6d50a358b8d8/datanode-2/data/ratis/b2d346f2-abad-4ad7-b329-97e4151b2859/sm/snapshot.2_0 took: 1 ms
2021-07-27 15:00:43,386 [86d9546c-cd65-42b3-a7f1-5b54ee2fc6d0@group-97E4151B2859-StateMachineUpdater] INFO  impl.StateMachineUpdater (StateMachineUpdater.java:takeSnapshot(281)) - 86d9546c-cd65-42b3-a7f1-5b54ee2fc6d0@group-97E4151B2859-StateMachineUpdater: Took a snapshot at index 0
2021-07-27 15:00:43,386 [86d9546c-cd65-42b3-a7f1-5b54ee2fc6d0@group-97E4151B2859-StateMachineUpdater] INFO  impl.StateMachineUpdater (StateMachineUpdater.java:lambda$new$0(89)) - 86d9546c-cd65-42b3-a7f1-5b54ee2fc6d0@group-97E4151B2859-StateMachineUpdater: snapshotIndex: updateIncreasingly -1 -> 0
2021-07-27 15:00:43,386 [Listener at 127.0.0.1/12788] INFO  server.RaftServer$Division (ServerState.java:close(419)) - 86d9546c-cd65-42b3-a7f1-5b54ee2fc6d0@group-97E4151B2859: closes. applyIndex: 0
2021-07-27 15:00:43,386 [86d9546c-cd65-42b3-a7f1-5b54ee2fc6d0@group-97E4151B2859-SegmentedRaftLogWorker] INFO  segmented.SegmentedRaftLogWorker (SegmentedRaftLogWorker.java:run(327)) - 86d9546c-cd65-42b3-a7f1-5b54ee2fc6d0@group-97E4151B2859-SegmentedRaftLogWorker was interrupted, exiting. There are 0 tasks remaining in the queue.
2021-07-27 15:00:43,386 [Listener at 127.0.0.1/12788] INFO  segmented.SegmentedRaftLogWorker (SegmentedRaftLogWorker.java:close(237)) - 86d9546c-cd65-42b3-a7f1-5b54ee2fc6d0@group-97E4151B2859-SegmentedRaftLogWorker close()
2021-07-27 15:00:43,387 [Listener at 127.0.0.1/12788] INFO  server.GrpcService (GrpcService.java:closeImpl(262)) - 86d9546c-cd65-42b3-a7f1-5b54ee2fc6d0: shutdown server with port 45791 now
2021-07-27 15:00:43,392 [Listener at 127.0.0.1/12788] INFO  server.GrpcService (GrpcService.java:closeImpl(271)) - 86d9546c-cd65-42b3-a7f1-5b54ee2fc6d0: shutdown server with port 45791 successfully
2021-07-27 15:00:43,392 [org.apache.ratis.util.JvmPauseMonitor$$Lambda$499/841483227@69c70530] INFO  util.JvmPauseMonitor (JvmPauseMonitor.java:run(109)) - JvmPauseMonitor-86d9546c-cd65-42b3-a7f1-5b54ee2fc6d0: Stopped
2021-07-27 15:00:43,393 [Listener at 127.0.0.1/12788] INFO  utils.BackgroundService (BackgroundService.java:shutdown(132)) - Shutting down service BlockDeletingService
2021-07-27 15:00:43,394 [Listener at 127.0.0.1/12788] INFO  statemachine.DatanodeStateMachine (DatanodeStateMachine.java:stopDaemon(514)) - Ozone container server stopped.
2021-07-27 15:00:43,395 [Listener at 127.0.0.1/12788] INFO  handler.ContextHandler (ContextHandler.java:doStop(1154)) - Stopped o.e.j.w.WebAppContext@199763ea{hddsDatanode,/,null,STOPPED}{jar:file:/home/runner/.m2/repository/org/apache/ozone/hdds-container-service/1.2.0-SNAPSHOT/hdds-container-service-1.2.0-SNAPSHOT.jar!/webapps/hddsDatanode}
2021-07-27 15:00:43,396 [Listener at 127.0.0.1/12788] INFO  server.AbstractConnector (AbstractConnector.java:doStop(381)) - Stopped ServerConnector@7ad9ff43{HTTP/1.1, (http/1.1)}{0.0.0.0:0}
2021-07-27 15:00:43,396 [Listener at 127.0.0.1/12788] INFO  server.session (HouseKeeper.java:stopScavenging(149)) - node0 Stopped scavenging
2021-07-27 15:00:43,396 [Listener at 127.0.0.1/12788] INFO  handler.ContextHandler (ContextHandler.java:doStop(1154)) - Stopped o.e.j.s.ServletContextHandler@2622efb0{static,/static,jar:file:/home/runner/.m2/repository/org/apache/ozone/hdds-container-service/1.2.0-SNAPSHOT/hdds-container-service-1.2.0-SNAPSHOT.jar!/webapps/static,STOPPED}
2021-07-27 15:00:43,396 [Listener at 127.0.0.1/12788] INFO  handler.ContextHandler (ContextHandler.java:doStop(1154)) - Stopped o.e.j.s.ServletContextHandler@4973aba1{logs,/logs,file:///home/runner/work/ozone/ozone/mnt/ozone/hadoop-ozone/integration-test/target/log,STOPPED}
]]></system-out>
  </testcase>
  <testcase name="testInstallOldCheckpointFailure" classname="org.apache.hadoop.ozone.scm.TestSCMInstallSnapshotWithHA" time="43.414"/>
  <testcase name="testInstallCorruptedCheckpointFailure" classname="org.apache.hadoop.ozone.scm.TestSCMInstallSnapshotWithHA" time="40.358"/>
</testsuite>