<?xml version="1.0" encoding="UTF-8"?>
<testsuite xmlns:xsi="http://www.w3.org/2001/XMLSchema-instance" xsi:noNamespaceSchemaLocation="https://maven.apache.org/surefire/maven-surefire-plugin/xsd/surefire-test-report.xsd" name="org.apache.hadoop.ozone.scm.TestSCMInstallSnapshotWithHA" time="205.66" tests="3" errors="0" skipped="0" failures="1">
  <properties>
    <property name="awt.toolkit" value="sun.awt.X11.XToolkit"/>
    <property name="file.encoding.pkg" value="sun.io"/>
    <property name="java.specification.version" value="1.8"/>
    <property name="sun.cpu.isalist" value=""/>
    <property name="sun.jnu.encoding" value="UTF-8"/>
    <property name="java.class.path" value="/home/runner/work/ozone/ozone/hadoop-ozone/integration-test/target/test-classes:/home/runner/work/ozone/ozone/hadoop-ozone/integration-test/target/classes:/home/runner/.m2/repository/org/apache/ozone/ozone-common/1.3.0-SNAPSHOT/ozone-common-1.3.0-SNAPSHOT.jar:/home/runner/.m2/repository/org/apache/commons/commons-compress/1.21/commons-compress-1.21.jar:/home/runner/.m2/repository/org/apache/ozone/hdds-common/1.3.0-SNAPSHOT/hdds-common-1.3.0-SNAPSHOT.jar:/home/runner/.m2/repository/org/apache/ozone/hdds-client/1.3.0-SNAPSHOT/hdds-client-1.3.0-SNAPSHOT.jar:/home/runner/.m2/repository/org/apache/ozone/ozone-interface-client/1.3.0-SNAPSHOT/ozone-interface-client-1.3.0-SNAPSHOT.jar:/home/runner/.m2/repository/org/apache/ozone/hdds-test-utils/1.3.0-SNAPSHOT/hdds-test-utils-1.3.0-SNAPSHOT.jar:/home/runner/.m2/repository/com/google/guava/guava/30.1.1-jre/guava-30.1.1-jre.jar:/home/runner/.m2/repository/com/google/guava/failureaccess/1.0.1/failureaccess-1.0.1.jar:/home/runner/.m2/repository/com/google/guava/listenablefuture/9999.0-empty-to-avoid-conflict-with-guava/listenablefuture-9999.0-empty-to-avoid-conflict-with-guava.jar:/home/runner/.m2/repository/com/google/code/findbugs/jsr305/3.0.0/jsr305-3.0.0.jar:/home/runner/.m2/repository/org/checkerframework/checker-qual/3.8.0/checker-qual-3.8.0.jar:/home/runner/.m2/repository/com/google/errorprone/error_prone_annotations/2.2.0/error_prone_annotations-2.2.0.jar:/home/runner/.m2/repository/com/google/j2objc/j2objc-annotations/1.3/j2objc-annotations-1.3.jar:/home/runner/.m2/repository/commons-io/commons-io/2.11.0/commons-io-2.11.0.jar:/home/runner/.m2/repository/commons-logging/commons-logging/1.2/commons-logging-1.2.jar:/home/runner/.m2/repository/log4j/log4j/1.2.17/log4j-1.2.17.jar:/home/runner/.m2/repository/org/slf4j/slf4j-api/1.7.30/slf4j-api-1.7.30.jar:/home/runner/.m2/repository/org/apache/ozone/hdds-server-scm/1.3.0-SNAPSHOT/hdds-server-scm-1.3.0-SNAPSHOT.jar:/home/runner/.m2/repository/org/apache/ozone/hdds-container-service/1.3.0-SNAPSHOT/hdds-container-service-1.3.0-SNAPSHOT.jar:/home/runner/.m2/repository/org/apache/ozone/hdds-hadoop-dependency-server/1.3.0-SNAPSHOT/hdds-hadoop-dependency-server-1.3.0-SNAPSHOT.jar:/home/runner/.m2/repository/org/apache/hadoop/hadoop-hdfs/3.3.1/hadoop-hdfs-3.3.1.jar:/home/runner/.m2/repository/org/apache/ozone/hdds-server-framework/1.3.0-SNAPSHOT/hdds-server-framework-1.3.0-SNAPSHOT.jar:/home/runner/.m2/repository/org/apache/ozone/hdds-interface-server/1.3.0-SNAPSHOT/hdds-interface-server-1.3.0-SNAPSHOT.jar:/home/runner/.m2/repository/org/eclipse/jetty/jetty-servlet/9.4.43.v20210629/jetty-servlet-9.4.43.v20210629.jar:/home/runner/.m2/repository/org/eclipse/jetty/jetty-security/9.4.43.v20210629/jetty-security-9.4.43.v20210629.jar:/home/runner/.m2/repository/org/rocksdb/rocksdbjni/6.25.3/rocksdbjni-6.25.3.jar:/home/runner/.m2/repository/io/prometheus/simpleclient_dropwizard/0.7.0/simpleclient_dropwizard-0.7.0.jar:/home/runner/.m2/repository/io/prometheus/simpleclient/0.7.0/simpleclient-0.7.0.jar:/home/runner/.m2/repository/io/prometheus/simpleclient_common/0.7.0/simpleclient_common-0.7.0.jar:/home/runner/.m2/repository/com/fasterxml/jackson/datatype/jackson-datatype-jsr310/2.12.1/jackson-datatype-jsr310-2.12.1.jar:/home/runner/.m2/repository/io/dropwizard/metrics/metrics-core/3.2.4/metrics-core-3.2.4.jar:/home/runner/.m2/repository/org/apache/hadoop/hadoop-hdfs-client/3.3.1/hadoop-hdfs-client-3.3.1.jar:/home/runner/.m2/repository/org/bouncycastle/bcprov-jdk15on/1.67/bcprov-jdk15on-1.67.jar:/home/runner/.m2/repository/com/google/protobuf/protobuf-java/2.5.0/protobuf-java-2.5.0.jar:/home/runner/.m2/repository/org/apache/ozone/ozone-manager/1.3.0-SNAPSHOT/ozone-manager-1.3.0-SNAPSHOT.jar:/home/runner/.m2/repository/org/aspectj/aspectjrt/1.9.7/aspectjrt-1.9.7.jar:/home/runner/.m2/repository/org/aspectj/aspectjweaver/1.9.7/aspectjweaver-1.9.7.jar:/home/runner/.m2/repository/org/apache/ozone/hdds-interface-client/1.3.0-SNAPSHOT/hdds-interface-client-1.3.0-SNAPSHOT.jar:/home/runner/.m2/repository/org/apache/hadoop/thirdparty/hadoop-shaded-protobuf_3_7/1.1.1/hadoop-shaded-protobuf_3_7-1.1.1.jar:/home/runner/.m2/repository/org/apache/ozone/ozone-interface-storage/1.3.0-SNAPSHOT/ozone-interface-storage-1.3.0-SNAPSHOT.jar:/home/runner/.m2/repository/org/reflections/reflections/0.9.11/reflections-0.9.11.jar:/home/runner/.m2/repository/org/apache/hadoop/hadoop-minikdc/3.3.1/hadoop-minikdc-3.3.1.jar:/home/runner/.m2/repository/org/apache/kerby/kerb-simplekdc/1.0.1/kerb-simplekdc-1.0.1.jar:/home/runner/.m2/repository/org/apache/kerby/kerb-client/1.0.1/kerb-client-1.0.1.jar:/home/runner/.m2/repository/org/apache/kerby/kerby-config/1.0.1/kerby-config-1.0.1.jar:/home/runner/.m2/repository/org/apache/kerby/kerb-common/1.0.1/kerb-common-1.0.1.jar:/home/runner/.m2/repository/org/apache/kerby/kerb-crypto/1.0.1/kerb-crypto-1.0.1.jar:/home/runner/.m2/repository/org/apache/kerby/kerb-util/1.0.1/kerb-util-1.0.1.jar:/home/runner/.m2/repository/org/apache/kerby/token-provider/1.0.1/token-provider-1.0.1.jar:/home/runner/.m2/repository/org/apache/kerby/kerb-admin/1.0.1/kerb-admin-1.0.1.jar:/home/runner/.m2/repository/org/apache/kerby/kerb-server/1.0.1/kerb-server-1.0.1.jar:/home/runner/.m2/repository/org/apache/kerby/kerb-identity/1.0.1/kerb-identity-1.0.1.jar:/home/runner/.m2/repository/org/apache/kerby/kerby-xdr/1.0.1/kerby-xdr-1.0.1.jar:/home/runner/.m2/repository/org/slf4j/slf4j-log4j12/1.7.30/slf4j-log4j12-1.7.30.jar:/home/runner/.m2/repository/org/apache/ozone/ozone-s3gateway/1.3.0-SNAPSHOT/ozone-s3gateway-1.3.0-SNAPSHOT.jar:/home/runner/.m2/repository/org/javassist/javassist/3.21.0-GA/javassist-3.21.0-GA.jar:/home/runner/.m2/repository/org/jboss/weld/servlet/weld-servlet/2.4.7.Final/weld-servlet-2.4.7.Final.jar:/home/runner/.m2/repository/org/glassfish/jersey/containers/jersey-container-servlet-core/2.33/jersey-container-servlet-core-2.33.jar:/home/runner/.m2/repository/org/glassfish/hk2/external/jakarta.inject/2.6.1/jakarta.inject-2.6.1.jar:/home/runner/.m2/repository/org/glassfish/jersey/core/jersey-common/2.33/jersey-common-2.33.jar:/home/runner/.m2/repository/jakarta/ws/rs/jakarta.ws.rs-api/2.1.6/jakarta.ws.rs-api-2.1.6.jar:/home/runner/.m2/repository/org/glassfish/jersey/ext/cdi/jersey-cdi1x/2.33/jersey-cdi1x-2.33.jar:/home/runner/.m2/repository/org/glassfish/jersey/inject/jersey-hk2/2.33/jersey-hk2-2.33.jar:/home/runner/.m2/repository/org/glassfish/hk2/hk2-locator/2.6.1/hk2-locator-2.6.1.jar:/home/runner/.m2/repository/org/glassfish/jersey/media/jersey-media-jaxb/2.33/jersey-media-jaxb-2.33.jar:/home/runner/.m2/repository/org/glassfish/hk2/osgi-resource-locator/1.0.3/osgi-resource-locator-1.0.3.jar:/home/runner/.m2/repository/org/glassfish/hk2/hk2-api/2.5.0/hk2-api-2.5.0.jar:/home/runner/.m2/repository/org/glassfish/hk2/hk2-utils/2.5.0/hk2-utils-2.5.0.jar:/home/runner/.m2/repository/org/glassfish/hk2/external/aopalliance-repackaged/2.5.0/aopalliance-repackaged-2.5.0.jar:/home/runner/.m2/repository/com/fasterxml/jackson/dataformat/jackson-dataformat-xml/2.12.1/jackson-dataformat-xml-2.12.1.jar:/home/runner/.m2/repository/com/fasterxml/jackson/core/jackson-core/2.12.1/jackson-core-2.12.1.jar:/home/runner/.m2/repository/com/fasterxml/jackson/module/jackson-module-jaxb-annotations/2.12.1/jackson-module-jaxb-annotations-2.12.1.jar:/home/runner/.m2/repository/jakarta/xml/bind/jakarta.xml.bind-api/2.3.2/jakarta.xml.bind-api-2.3.2.jar:/home/runner/.m2/repository/org/codehaus/woodstox/stax2-api/3.1.4/stax2-api-3.1.4.jar:/home/runner/.m2/repository/com/fasterxml/woodstox/woodstox-core/5.0.3/woodstox-core-5.0.3.jar:/home/runner/.m2/repository/javax/enterprise/cdi-api/1.2/cdi-api-1.2.jar:/home/runner/.m2/repository/javax/el/javax.el-api/3.0.0/javax.el-api-3.0.0.jar:/home/runner/.m2/repository/javax/interceptor/javax.interceptor-api/1.2/javax.interceptor-api-1.2.jar:/home/runner/.m2/repository/javax/inject/javax.inject/1/javax.inject-1.jar:/home/runner/.m2/repository/javax/xml/bind/jaxb-api/2.3.0/jaxb-api-2.3.0.jar:/home/runner/.m2/repository/org/glassfish/jaxb/jaxb-runtime/2.3.0.1/jaxb-runtime-2.3.0.1.jar:/home/runner/.m2/repository/org/glassfish/jaxb/jaxb-core/2.3.0.1/jaxb-core-2.3.0.1.jar:/home/runner/.m2/repository/org/glassfish/jaxb/txw2/2.3.0.1/txw2-2.3.0.1.jar:/home/runner/.m2/repository/com/sun/istack/istack-commons-runtime/3.0.5/istack-commons-runtime-3.0.5.jar:/home/runner/.m2/repository/org/jvnet/staxex/stax-ex/1.7.8/stax-ex-1.7.8.jar:/home/runner/.m2/repository/com/sun/xml/fastinfoset/FastInfoset/1.2.13/FastInfoset-1.2.13.jar:/home/runner/.m2/repository/javax/activation/activation/1.1.1/activation-1.1.1.jar:/home/runner/.m2/repository/org/apache/ozone/ozone-csi/1.3.0-SNAPSHOT/ozone-csi-1.3.0-SNAPSHOT.jar:/home/runner/.m2/repository/com/google/protobuf/protobuf-java-util/3.12.0/protobuf-java-util-3.12.0.jar:/home/runner/.m2/repository/com/google/code/gson/gson/2.2.4/gson-2.2.4.jar:/home/runner/.m2/repository/org/apache/ozone/hdds-config/1.3.0-SNAPSHOT/hdds-config-1.3.0-SNAPSHOT.jar:/home/runner/.m2/repository/io/grpc/grpc-netty/1.33.0/grpc-netty-1.33.0.jar:/home/runner/.m2/repository/io/grpc/grpc-core/1.33.0/grpc-core-1.33.0.jar:/home/runner/.m2/repository/com/google/android/annotations/4.1.1.4/annotations-4.1.1.4.jar:/home/runner/.m2/repository/io/netty/netty-codec-http2/4.1.63.Final/netty-codec-http2-4.1.63.Final.jar:/home/runner/.m2/repository/io/netty/netty-codec-http/4.1.63.Final/netty-codec-http-4.1.63.Final.jar:/home/runner/.m2/repository/io/netty/netty-handler-proxy/4.1.63.Final/netty-handler-proxy-4.1.63.Final.jar:/home/runner/.m2/repository/io/netty/netty-codec-socks/4.1.63.Final/netty-codec-socks-4.1.63.Final.jar:/home/runner/.m2/repository/io/perfmark/perfmark-api/0.19.0/perfmark-api-0.19.0.jar:/home/runner/.m2/repository/org/codehaus/mojo/animal-sniffer-annotations/1.18/animal-sniffer-annotations-1.18.jar:/home/runner/.m2/repository/io/netty/netty-transport-native-epoll/4.1.63.Final/netty-transport-native-epoll-4.1.63.Final.jar:/home/runner/.m2/repository/io/netty/netty-common/4.1.63.Final/netty-common-4.1.63.Final.jar:/home/runner/.m2/repository/io/netty/netty-buffer/4.1.63.Final/netty-buffer-4.1.63.Final.jar:/home/runner/.m2/repository/io/netty/netty-transport-native-unix-common/4.1.63.Final/netty-transport-native-unix-common-4.1.63.Final.jar:/home/runner/.m2/repository/io/grpc/grpc-protobuf/1.33.0/grpc-protobuf-1.33.0.jar:/home/runner/.m2/repository/io/grpc/grpc-api/1.33.0/grpc-api-1.33.0.jar:/home/runner/.m2/repository/io/grpc/grpc-context/1.33.0/grpc-context-1.33.0.jar:/home/runner/.m2/repository/com/google/api/grpc/proto-google-common-protos/1.17.0/proto-google-common-protos-1.17.0.jar:/home/runner/.m2/repository/io/grpc/grpc-protobuf-lite/1.33.0/grpc-protobuf-lite-1.33.0.jar:/home/runner/.m2/repository/io/grpc/grpc-stub/1.33.0/grpc-stub-1.33.0.jar:/home/runner/.m2/repository/org/apache/ozone/ozone-recon/1.3.0-SNAPSHOT/ozone-recon-1.3.0-SNAPSHOT.jar:/home/runner/.m2/repository/org/apache/ozone/ozone-reconcodegen/1.3.0-SNAPSHOT/ozone-reconcodegen-1.3.0-SNAPSHOT.jar:/home/runner/.m2/repository/com/google/inject/extensions/guice-multibindings/4.0/guice-multibindings-4.0.jar:/home/runner/.m2/repository/com/google/inject/guice/4.0/guice-4.0.jar:/home/runner/.m2/repository/aopalliance/aopalliance/1.0/aopalliance-1.0.jar:/home/runner/.m2/repository/com/google/inject/extensions/guice-assistedinject/4.0/guice-assistedinject-4.0.jar:/home/runner/.m2/repository/com/google/inject/extensions/guice-servlet/4.0/guice-servlet-4.0.jar:/home/runner/.m2/repository/org/glassfish/jersey/containers/jersey-container-servlet/2.33/jersey-container-servlet-2.33.jar:/home/runner/.m2/repository/org/glassfish/hk2/guice-bridge/2.5.0/guice-bridge-2.5.0.jar:/home/runner/.m2/repository/org/glassfish/jersey/core/jersey-server/2.33/jersey-server-2.33.jar:/home/runner/.m2/repository/org/glassfish/jersey/core/jersey-client/2.33/jersey-client-2.33.jar:/home/runner/.m2/repository/jakarta/annotation/jakarta.annotation-api/1.3.5/jakarta.annotation-api-1.3.5.jar:/home/runner/.m2/repository/jakarta/validation/jakarta.validation-api/2.0.2/jakarta.validation-api-2.0.2.jar:/home/runner/.m2/repository/org/glassfish/jersey/media/jersey-media-json-jackson/2.33/jersey-media-json-jackson-2.33.jar:/home/runner/.m2/repository/org/glassfish/jersey/ext/jersey-entity-filtering/2.33/jersey-entity-filtering-2.33.jar:/home/runner/.m2/repository/org/jooq/jooq/3.11.10/jooq-3.11.10.jar:/home/runner/.m2/repository/org/jooq/jooq-meta/3.11.10/jooq-meta-3.11.10.jar:/home/runner/.m2/repository/org/jooq/jooq-codegen/3.11.10/jooq-codegen-3.11.10.jar:/home/runner/.m2/repository/com/jolbox/bonecp/0.8.0.RELEASE/bonecp-0.8.0.RELEASE.jar:/home/runner/.m2/repository/org/apache/derby/derby/10.14.2.0/derby-10.14.2.0.jar:/home/runner/.m2/repository/org/xerial/sqlite-jdbc/3.25.2/sqlite-jdbc-3.25.2.jar:/home/runner/.m2/repository/org/springframework/spring-jdbc/5.2.18.RELEASE/spring-jdbc-5.2.18.RELEASE.jar:/home/runner/.m2/repository/org/springframework/spring-beans/5.2.18.RELEASE/spring-beans-5.2.18.RELEASE.jar:/home/runner/.m2/repository/org/springframework/spring-core/5.2.18.RELEASE/spring-core-5.2.18.RELEASE.jar:/home/runner/.m2/repository/org/springframework/spring-jcl/5.2.18.RELEASE/spring-jcl-5.2.18.RELEASE.jar:/home/runner/.m2/repository/org/springframework/spring-tx/5.2.18.RELEASE/spring-tx-5.2.18.RELEASE.jar:/home/runner/.m2/repository/org/apache/ozone/ozone-client/1.3.0-SNAPSHOT/ozone-client-1.3.0-SNAPSHOT.jar:/home/runner/.m2/repository/org/apache/ozone/ozone-filesystem/1.3.0-SNAPSHOT/ozone-filesystem-1.3.0-SNAPSHOT.jar:/home/runner/.m2/repository/org/apache/ozone/ozone-filesystem-common/1.3.0-SNAPSHOT/ozone-filesystem-common-1.3.0-SNAPSHOT.jar:/home/runner/.m2/repository/org/apache/ozone/ozone-tools/1.3.0-SNAPSHOT/ozone-tools-1.3.0-SNAPSHOT.jar:/home/runner/.m2/repository/org/apache/ratis/ratis-tools/2.2.0/ratis-tools-2.2.0.jar:/home/runner/.m2/repository/com/amazonaws/aws-java-sdk-core/1.12.124/aws-java-sdk-core-1.12.124.jar:/home/runner/.m2/repository/org/apache/httpcomponents/httpclient/4.5.13/httpclient-4.5.13.jar:/home/runner/.m2/repository/org/apache/httpcomponents/httpcore/4.4.13/httpcore-4.4.13.jar:/home/runner/.m2/repository/software/amazon/ion/ion-java/1.0.2/ion-java-1.0.2.jar:/home/runner/.m2/repository/com/fasterxml/jackson/dataformat/jackson-dataformat-cbor/2.12.1/jackson-dataformat-cbor-2.12.1.jar:/home/runner/.m2/repository/joda-time/joda-time/2.8.1/joda-time-2.8.1.jar:/home/runner/.m2/repository/com/amazonaws/aws-java-sdk-s3/1.12.124/aws-java-sdk-s3-1.12.124.jar:/home/runner/.m2/repository/com/amazonaws/aws-java-sdk-kms/1.12.124/aws-java-sdk-kms-1.12.124.jar:/home/runner/.m2/repository/com/amazonaws/jmespath-java/1.12.124/jmespath-java-1.12.124.jar:/home/runner/.m2/repository/org/kohsuke/metainf-services/metainf-services/1.8/metainf-services-1.8.jar:/home/runner/.m2/repository/org/apache/ozone/hdds-tools/1.3.0-SNAPSHOT/hdds-tools-1.3.0-SNAPSHOT.jar:/home/runner/.m2/repository/commons-cli/commons-cli/1.2/commons-cli-1.2.jar:/home/runner/.m2/repository/org/apache/commons/commons-lang3/3.7/commons-lang3-3.7.jar:/home/runner/.m2/repository/org/apache/ozone/ozone-manager/1.3.0-SNAPSHOT/ozone-manager-1.3.0-SNAPSHOT-tests.jar:/home/runner/.m2/repository/org/apache/ozone/hdds-common/1.3.0-SNAPSHOT/hdds-common-1.3.0-SNAPSHOT-tests.jar:/home/runner/.m2/repository/org/apache/ozone/hdds-hadoop-dependency-client/1.3.0-SNAPSHOT/hdds-hadoop-dependency-client-1.3.0-SNAPSHOT.jar:/home/runner/.m2/repository/info/picocli/picocli/4.6.1/picocli-4.6.1.jar:/home/runner/.m2/repository/com/fasterxml/jackson/core/jackson-annotations/2.12.1/jackson-annotations-2.12.1.jar:/home/runner/.m2/repository/javax/annotation/javax.annotation-api/1.2/javax.annotation-api-1.2.jar:/home/runner/.m2/repository/org/apache/ratis/ratis-server/2.2.0/ratis-server-2.2.0.jar:/home/runner/.m2/repository/org/apache/ratis/ratis-client/2.2.0/ratis-client-2.2.0.jar:/home/runner/.m2/repository/org/apache/ratis/ratis-server-api/2.2.0/ratis-server-api-2.2.0.jar:/home/runner/.m2/repository/org/apache/ratis/ratis-metrics/2.2.0/ratis-metrics-2.2.0.jar:/home/runner/.m2/repository/org/apache/ratis/ratis-netty/2.2.0/ratis-netty-2.2.0.jar:/home/runner/.m2/repository/org/apache/ratis/ratis-grpc/2.2.0/ratis-grpc-2.2.0.jar:/home/runner/.m2/repository/org/apache/logging/log4j/log4j-api/2.17.1/log4j-api-2.17.1.jar:/home/runner/.m2/repository/org/apache/logging/log4j/log4j-core/2.17.1/log4j-core-2.17.1.jar:/home/runner/.m2/repository/com/lmax/disruptor/3.4.2/disruptor-3.4.2.jar:/home/runner/.m2/repository/org/apache/commons/commons-pool2/2.6.0/commons-pool2-2.6.0.jar:/home/runner/.m2/repository/org/bouncycastle/bcpkix-jdk15on/1.67/bcpkix-jdk15on-1.67.jar:/home/runner/.m2/repository/commons-validator/commons-validator/1.6/commons-validator-1.6.jar:/home/runner/.m2/repository/commons-beanutils/commons-beanutils/1.9.4/commons-beanutils-1.9.4.jar:/home/runner/.m2/repository/commons-digester/commons-digester/1.8.1/commons-digester-1.8.1.jar:/home/runner/.m2/repository/commons-collections/commons-collections/3.2.2/commons-collections-3.2.2.jar:/home/runner/.m2/repository/io/jaegertracing/jaeger-client/1.6.0/jaeger-client-1.6.0.jar:/home/runner/.m2/repository/io/jaegertracing/jaeger-thrift/1.6.0/jaeger-thrift-1.6.0.jar:/home/runner/.m2/repository/org/apache/thrift/libthrift/0.14.1/libthrift-0.14.1.jar:/home/runner/.m2/repository/com/squareup/okhttp3/okhttp/4.9.0/okhttp-4.9.0.jar:/home/runner/.m2/repository/com/squareup/okio/okio/2.8.0/okio-2.8.0.jar:/home/runner/.m2/repository/io/jaegertracing/jaeger-core/1.6.0/jaeger-core-1.6.0.jar:/home/runner/.m2/repository/io/jaegertracing/jaeger-tracerresolver/1.6.0/jaeger-tracerresolver-1.6.0.jar:/home/runner/.m2/repository/io/opentracing/contrib/opentracing-tracerresolver/0.1.8/opentracing-tracerresolver-0.1.8.jar:/home/runner/.m2/repository/org/jetbrains/kotlin/kotlin-stdlib/1.4.31/kotlin-stdlib-1.4.31.jar:/home/runner/.m2/repository/org/jetbrains/kotlin/kotlin-stdlib-common/1.4.31/kotlin-stdlib-common-1.4.31.jar:/home/runner/.m2/repository/org/jetbrains/annotations/13.0/annotations-13.0.jar:/home/runner/.m2/repository/io/opentracing/opentracing-util/0.33.0/opentracing-util-0.33.0.jar:/home/runner/.m2/repository/io/opentracing/opentracing-api/0.33.0/opentracing-api-0.33.0.jar:/home/runner/.m2/repository/io/opentracing/opentracing-noop/0.33.0/opentracing-noop-0.33.0.jar:/home/runner/.m2/repository/org/yaml/snakeyaml/1.26/snakeyaml-1.26.jar:/home/runner/.m2/repository/org/apache/ozone/hdds-interface-admin/1.3.0-SNAPSHOT/hdds-interface-admin-1.3.0-SNAPSHOT.jar:/home/runner/.m2/repository/junit/junit/4.13.1/junit-4.13.1.jar:/home/runner/.m2/repository/org/hamcrest/hamcrest-core/1.3/hamcrest-core-1.3.jar:/home/runner/.m2/repository/org/junit/jupiter/junit-jupiter-api/5.7.0/junit-jupiter-api-5.7.0.jar:/home/runner/.m2/repository/org/apiguardian/apiguardian-api/1.1.0/apiguardian-api-1.1.0.jar:/home/runner/.m2/repository/org/opentest4j/opentest4j/1.2.0/opentest4j-1.2.0.jar:/home/runner/.m2/repository/org/junit/platform/junit-platform-commons/1.7.0/junit-platform-commons-1.7.0.jar:/home/runner/.m2/repository/org/junit/jupiter/junit-jupiter-engine/5.7.0/junit-jupiter-engine-5.7.0.jar:/home/runner/.m2/repository/org/junit/platform/junit-platform-engine/1.7.0/junit-platform-engine-1.7.0.jar:/home/runner/.m2/repository/org/junit/vintage/junit-vintage-engine/5.7.0/junit-vintage-engine-5.7.0.jar:/home/runner/.m2/repository/org/junit/platform/junit-platform-launcher/1.7.0/junit-platform-launcher-1.7.0.jar:/home/runner/.m2/repository/org/mockito/mockito-core/2.28.2/mockito-core-2.28.2.jar:/home/runner/.m2/repository/net/bytebuddy/byte-buddy/1.9.10/byte-buddy-1.9.10.jar:/home/runner/.m2/repository/net/bytebuddy/byte-buddy-agent/1.9.10/byte-buddy-agent-1.9.10.jar:/home/runner/.m2/repository/org/objenesis/objenesis/1.0/objenesis-1.0.jar:/home/runner/.m2/repository/org/apache/hadoop/hadoop-kms/3.3.1/hadoop-kms-3.3.1.jar:/home/runner/.m2/repository/org/apache/hadoop/hadoop-auth/3.3.1/hadoop-auth-3.3.1.jar:/home/runner/.m2/repository/com/nimbusds/nimbus-jose-jwt/7.9/nimbus-jose-jwt-7.9.jar:/home/runner/.m2/repository/com/github/stephenc/jcip/jcip-annotations/1.0-1/jcip-annotations-1.0-1.jar:/home/runner/.m2/repository/net/minidev/json-smart/2.4.7/json-smart-2.4.7.jar:/home/runner/.m2/repository/net/minidev/accessors-smart/2.4.7/accessors-smart-2.4.7.jar:/home/runner/.m2/repository/org/ow2/asm/asm/5.0.4/asm-5.0.4.jar:/home/runner/.m2/repository/org/apache/zookeeper/zookeeper/3.5.6/zookeeper-3.5.6.jar:/home/runner/.m2/repository/org/apache/zookeeper/zookeeper-jute/3.5.6/zookeeper-jute-3.5.6.jar:/home/runner/.m2/repository/org/apache/yetus/audience-annotations/0.5.0/audience-annotations-0.5.0.jar:/home/runner/.m2/repository/org/apache/curator/curator-framework/4.2.0/curator-framework-4.2.0.jar:/home/runner/.m2/repository/org/apache/hadoop/thirdparty/hadoop-shaded-guava/1.1.1/hadoop-shaded-guava-1.1.1.jar:/home/runner/.m2/repository/com/sun/jersey/jersey-core/1.19/jersey-core-1.19.jar:/home/runner/.m2/repository/javax/ws/rs/jsr311-api/1.1.1/jsr311-api-1.1.1.jar:/home/runner/.m2/repository/com/sun/jersey/jersey-server/1.19/jersey-server-1.19.jar:/home/runner/.m2/repository/javax/servlet/javax.servlet-api/3.1.0/javax.servlet-api-3.1.0.jar:/home/runner/.m2/repository/org/eclipse/jetty/jetty-server/9.4.43.v20210629/jetty-server-9.4.43.v20210629.jar:/home/runner/.m2/repository/org/eclipse/jetty/jetty-http/9.4.43.v20210629/jetty-http-9.4.43.v20210629.jar:/home/runner/.m2/repository/org/eclipse/jetty/jetty-io/9.4.43.v20210629/jetty-io-9.4.43.v20210629.jar:/home/runner/.m2/repository/org/eclipse/jetty/jetty-webapp/9.4.43.v20210629/jetty-webapp-9.4.43.v20210629.jar:/home/runner/.m2/repository/org/eclipse/jetty/jetty-xml/9.4.43.v20210629/jetty-xml-9.4.43.v20210629.jar:/home/runner/.m2/repository/org/apache/hadoop/hadoop-common/3.3.1/hadoop-common-3.3.1.jar:/home/runner/.m2/repository/org/apache/commons/commons-math3/3.1.1/commons-math3-3.1.1.jar:/home/runner/.m2/repository/commons-net/commons-net/3.6/commons-net-3.6.jar:/home/runner/.m2/repository/jakarta/activation/jakarta.activation-api/1.2.1/jakarta.activation-api-1.2.1.jar:/home/runner/.m2/repository/com/sun/jersey/jersey-servlet/1.19/jersey-servlet-1.19.jar:/home/runner/.m2/repository/com/sun/jersey/jersey-json/1.19/jersey-json-1.19.jar:/home/runner/.m2/repository/org/codehaus/jettison/jettison/1.1/jettison-1.1.jar:/home/runner/.m2/repository/com/sun/xml/bind/jaxb-impl/2.2.3-1/jaxb-impl-2.2.3-1.jar:/home/runner/.m2/repository/org/codehaus/jackson/jackson-jaxrs/1.9.2/jackson-jaxrs-1.9.2.jar:/home/runner/.m2/repository/org/codehaus/jackson/jackson-xc/1.9.2/jackson-xc-1.9.2.jar:/home/runner/.m2/repository/org/apache/commons/commons-configuration2/2.1.1/commons-configuration2-2.1.1.jar:/home/runner/.m2/repository/org/apache/commons/commons-text/1.4/commons-text-1.4.jar:/home/runner/.m2/repository/com/google/re2j/re2j/1.1/re2j-1.1.jar:/home/runner/.m2/repository/com/jcraft/jsch/0.1.54/jsch-0.1.54.jar:/home/runner/.m2/repository/org/apache/curator/curator-client/4.2.0/curator-client-4.2.0.jar:/home/runner/.m2/repository/org/apache/curator/curator-recipes/4.2.0/curator-recipes-4.2.0.jar:/home/runner/.m2/repository/org/apache/kerby/kerb-core/1.0.1/kerb-core-1.0.1.jar:/home/runner/.m2/repository/org/apache/kerby/kerby-pkix/1.0.1/kerby-pkix-1.0.1.jar:/home/runner/.m2/repository/org/apache/kerby/kerby-asn1/1.0.1/kerby-asn1-1.0.1.jar:/home/runner/.m2/repository/org/apache/kerby/kerby-util/1.0.1/kerby-util-1.0.1.jar:/home/runner/.m2/repository/dnsjava/dnsjava/2.1.7/dnsjava-2.1.7.jar:/home/runner/.m2/repository/org/xerial/snappy/snappy-java/1.1.8.2/snappy-java-1.1.8.2.jar:/home/runner/.m2/repository/org/slf4j/jul-to-slf4j/1.7.30/jul-to-slf4j-1.7.30.jar:/home/runner/.m2/repository/org/eclipse/jetty/jetty-util/9.4.43.v20210629/jetty-util-9.4.43.v20210629.jar:/home/runner/.m2/repository/com/fasterxml/jackson/core/jackson-databind/2.12.1/jackson-databind-2.12.1.jar:/home/runner/.m2/repository/org/apache/hadoop/hadoop-kms/3.3.1/hadoop-kms-3.3.1-tests.jar:/home/runner/.m2/repository/org/apache/ozone/hdds-server-scm/1.3.0-SNAPSHOT/hdds-server-scm-1.3.0-SNAPSHOT-tests.jar:/home/runner/.m2/repository/org/apache/ozone/hdds-container-service/1.3.0-SNAPSHOT/hdds-container-service-1.3.0-SNAPSHOT-tests.jar:/home/runner/.m2/repository/commons-codec/commons-codec/1.11/commons-codec-1.11.jar:/home/runner/.m2/repository/io/netty/netty-transport/4.1.63.Final/netty-transport-4.1.63.Final.jar:/home/runner/.m2/repository/io/netty/netty-resolver/4.1.63.Final/netty-resolver-4.1.63.Final.jar:/home/runner/.m2/repository/io/netty/netty-codec/4.1.63.Final/netty-codec-4.1.63.Final.jar:/home/runner/.m2/repository/io/netty/netty-handler/4.1.63.Final/netty-handler-4.1.63.Final.jar:/home/runner/.m2/repository/org/apache/ozone/hdds-hadoop-dependency-test/1.3.0-SNAPSHOT/hdds-hadoop-dependency-test-1.3.0-SNAPSHOT.jar:/home/runner/.m2/repository/org/apache/hadoop/hadoop-common/3.3.1/hadoop-common-3.3.1-tests.jar:/home/runner/.m2/repository/org/assertj/assertj-core/3.12.2/assertj-core-3.12.2.jar:/home/runner/.m2/repository/org/apache/hadoop/hadoop-hdfs/3.3.1/hadoop-hdfs-3.3.1-tests.jar:/home/runner/.m2/repository/org/eclipse/jetty/jetty-util-ajax/9.4.43.v20210629/jetty-util-ajax-9.4.43.v20210629.jar:/home/runner/.m2/repository/commons-daemon/commons-daemon/1.0.13/commons-daemon-1.0.13.jar:/home/runner/.m2/repository/io/netty/netty/3.10.6.Final/netty-3.10.6.Final.jar:/home/runner/.m2/repository/io/netty/netty-all/4.1.63.Final/netty-all-4.1.63.Final.jar:/home/runner/.m2/repository/org/apache/htrace/htrace-core4/4.1.0-incubating/htrace-core4-4.1.0-incubating.jar:/home/runner/.m2/repository/org/fusesource/leveldbjni/leveldbjni-all/1.8/leveldbjni-all-1.8.jar:/home/runner/.m2/repository/org/apache/hadoop/hadoop-distcp/3.3.1/hadoop-distcp-3.3.1.jar:/home/runner/.m2/repository/org/apache/hadoop/hadoop-mapreduce-client-jobclient/3.3.1/hadoop-mapreduce-client-jobclient-3.3.1.jar:/home/runner/.m2/repository/org/apache/hadoop/hadoop-mapreduce-client-common/3.3.1/hadoop-mapreduce-client-common-3.3.1.jar:/home/runner/.m2/repository/org/apache/hadoop/hadoop-yarn-common/3.3.1/hadoop-yarn-common-3.3.1.jar:/home/runner/.m2/repository/org/apache/hadoop/hadoop-yarn-api/3.3.1/hadoop-yarn-api-3.3.1.jar:/home/runner/.m2/repository/com/sun/jersey/jersey-client/1.19/jersey-client-1.19.jar:/home/runner/.m2/repository/com/sun/jersey/contribs/jersey-guice/1.19/jersey-guice-1.19.jar:/home/runner/.m2/repository/com/fasterxml/jackson/jaxrs/jackson-jaxrs-json-provider/2.12.1/jackson-jaxrs-json-provider-2.12.1.jar:/home/runner/.m2/repository/com/fasterxml/jackson/jaxrs/jackson-jaxrs-base/2.12.1/jackson-jaxrs-base-2.12.1.jar:/home/runner/.m2/repository/org/apache/hadoop/hadoop-yarn-client/3.3.1/hadoop-yarn-client-3.3.1.jar:/home/runner/.m2/repository/org/eclipse/jetty/websocket/websocket-client/9.4.40.v20210413/websocket-client-9.4.40.v20210413.jar:/home/runner/.m2/repository/org/eclipse/jetty/jetty-client/9.4.40.v20210413/jetty-client-9.4.40.v20210413.jar:/home/runner/.m2/repository/org/eclipse/jetty/websocket/websocket-common/9.4.40.v20210413/websocket-common-9.4.40.v20210413.jar:/home/runner/.m2/repository/org/eclipse/jetty/websocket/websocket-api/9.4.40.v20210413/websocket-api-9.4.40.v20210413.jar:/home/runner/.m2/repository/org/jline/jline/3.9.0/jline-3.9.0.jar:/home/runner/.m2/repository/org/apache/hadoop/hadoop-mapreduce-client-core/3.3.1/hadoop-mapreduce-client-core-3.3.1.jar:/home/runner/.m2/repository/org/apache/avro/avro/1.7.7/avro-1.7.7.jar:/home/runner/.m2/repository/org/codehaus/jackson/jackson-core-asl/1.9.13/jackson-core-asl-1.9.13.jar:/home/runner/.m2/repository/org/codehaus/jackson/jackson-mapper-asl/1.9.13/jackson-mapper-asl-1.9.13.jar:/home/runner/.m2/repository/com/thoughtworks/paranamer/paranamer/2.3/paranamer-2.3.jar:/home/runner/.m2/repository/org/apache/hadoop/hadoop-annotations/3.3.1/hadoop-annotations-3.3.1.jar:/usr/lib/jvm/temurin-8-jdk-amd64/jre/../lib/tools.jar:/home/runner/.m2/repository/org/apache/hadoop/hadoop-distcp/3.3.1/hadoop-distcp-3.3.1-tests.jar:/home/runner/.m2/repository/org/apache/ratis/ratis-common/2.2.0/ratis-common-2.2.0.jar:/home/runner/.m2/repository/org/apache/ratis/ratis-thirdparty-misc/0.7.0/ratis-thirdparty-misc-0.7.0.jar:/home/runner/.m2/repository/org/apache/ratis/ratis-proto/2.2.0/ratis-proto-2.2.0.jar:"/>
    <property name="java.vm.vendor" value="Temurin"/>
    <property name="sun.arch.data.model" value="64"/>
    <property name="test.build.dir" value="/home/runner/work/ozone/ozone/hadoop-ozone/integration-test/target/test-dir"/>
    <property name="test.cache.data" value=""/>
    <property name="java.vendor.url" value="https://adoptium.net/"/>
    <property name="user.timezone" value=""/>
    <property name="java.vm.specification.version" value="1.8"/>
    <property name="os.name" value="Linux"/>
    <property name="test.build.data" value="/home/runner/work/ozone/ozone/hadoop-ozone/integration-test/target/test-dir"/>
    <property name="sun.java.launcher" value="SUN_STANDARD"/>
    <property name="sun.boot.library.path" value="/usr/lib/jvm/temurin-8-jdk-amd64/jre/lib/amd64"/>
    <property name="sun.java.command" value="/home/runner/work/ozone/ozone/hadoop-ozone/integration-test/target/surefire/surefirebooter1298074679902917965.jar /home/runner/work/ozone/ozone/hadoop-ozone/integration-test/target/surefire 2022-03-09T16-04-08_680-jvmRun1 surefire7150727099711682781tmp surefire_666962187808708994656tmp"/>
    <property name="surefire.test.class.path" value="/home/runner/work/ozone/ozone/hadoop-ozone/integration-test/target/test-classes:/home/runner/work/ozone/ozone/hadoop-ozone/integration-test/target/classes:/home/runner/.m2/repository/org/apache/ozone/ozone-common/1.3.0-SNAPSHOT/ozone-common-1.3.0-SNAPSHOT.jar:/home/runner/.m2/repository/org/apache/commons/commons-compress/1.21/commons-compress-1.21.jar:/home/runner/.m2/repository/org/apache/ozone/hdds-common/1.3.0-SNAPSHOT/hdds-common-1.3.0-SNAPSHOT.jar:/home/runner/.m2/repository/org/apache/ozone/hdds-client/1.3.0-SNAPSHOT/hdds-client-1.3.0-SNAPSHOT.jar:/home/runner/.m2/repository/org/apache/ozone/ozone-interface-client/1.3.0-SNAPSHOT/ozone-interface-client-1.3.0-SNAPSHOT.jar:/home/runner/.m2/repository/org/apache/ozone/hdds-test-utils/1.3.0-SNAPSHOT/hdds-test-utils-1.3.0-SNAPSHOT.jar:/home/runner/.m2/repository/com/google/guava/guava/30.1.1-jre/guava-30.1.1-jre.jar:/home/runner/.m2/repository/com/google/guava/failureaccess/1.0.1/failureaccess-1.0.1.jar:/home/runner/.m2/repository/com/google/guava/listenablefuture/9999.0-empty-to-avoid-conflict-with-guava/listenablefuture-9999.0-empty-to-avoid-conflict-with-guava.jar:/home/runner/.m2/repository/com/google/code/findbugs/jsr305/3.0.0/jsr305-3.0.0.jar:/home/runner/.m2/repository/org/checkerframework/checker-qual/3.8.0/checker-qual-3.8.0.jar:/home/runner/.m2/repository/com/google/errorprone/error_prone_annotations/2.2.0/error_prone_annotations-2.2.0.jar:/home/runner/.m2/repository/com/google/j2objc/j2objc-annotations/1.3/j2objc-annotations-1.3.jar:/home/runner/.m2/repository/commons-io/commons-io/2.11.0/commons-io-2.11.0.jar:/home/runner/.m2/repository/commons-logging/commons-logging/1.2/commons-logging-1.2.jar:/home/runner/.m2/repository/log4j/log4j/1.2.17/log4j-1.2.17.jar:/home/runner/.m2/repository/org/slf4j/slf4j-api/1.7.30/slf4j-api-1.7.30.jar:/home/runner/.m2/repository/org/apache/ozone/hdds-server-scm/1.3.0-SNAPSHOT/hdds-server-scm-1.3.0-SNAPSHOT.jar:/home/runner/.m2/repository/org/apache/ozone/hdds-container-service/1.3.0-SNAPSHOT/hdds-container-service-1.3.0-SNAPSHOT.jar:/home/runner/.m2/repository/org/apache/ozone/hdds-hadoop-dependency-server/1.3.0-SNAPSHOT/hdds-hadoop-dependency-server-1.3.0-SNAPSHOT.jar:/home/runner/.m2/repository/org/apache/hadoop/hadoop-hdfs/3.3.1/hadoop-hdfs-3.3.1.jar:/home/runner/.m2/repository/org/apache/ozone/hdds-server-framework/1.3.0-SNAPSHOT/hdds-server-framework-1.3.0-SNAPSHOT.jar:/home/runner/.m2/repository/org/apache/ozone/hdds-interface-server/1.3.0-SNAPSHOT/hdds-interface-server-1.3.0-SNAPSHOT.jar:/home/runner/.m2/repository/org/eclipse/jetty/jetty-servlet/9.4.43.v20210629/jetty-servlet-9.4.43.v20210629.jar:/home/runner/.m2/repository/org/eclipse/jetty/jetty-security/9.4.43.v20210629/jetty-security-9.4.43.v20210629.jar:/home/runner/.m2/repository/org/rocksdb/rocksdbjni/6.25.3/rocksdbjni-6.25.3.jar:/home/runner/.m2/repository/io/prometheus/simpleclient_dropwizard/0.7.0/simpleclient_dropwizard-0.7.0.jar:/home/runner/.m2/repository/io/prometheus/simpleclient/0.7.0/simpleclient-0.7.0.jar:/home/runner/.m2/repository/io/prometheus/simpleclient_common/0.7.0/simpleclient_common-0.7.0.jar:/home/runner/.m2/repository/com/fasterxml/jackson/datatype/jackson-datatype-jsr310/2.12.1/jackson-datatype-jsr310-2.12.1.jar:/home/runner/.m2/repository/io/dropwizard/metrics/metrics-core/3.2.4/metrics-core-3.2.4.jar:/home/runner/.m2/repository/org/apache/hadoop/hadoop-hdfs-client/3.3.1/hadoop-hdfs-client-3.3.1.jar:/home/runner/.m2/repository/org/bouncycastle/bcprov-jdk15on/1.67/bcprov-jdk15on-1.67.jar:/home/runner/.m2/repository/com/google/protobuf/protobuf-java/2.5.0/protobuf-java-2.5.0.jar:/home/runner/.m2/repository/org/apache/ozone/ozone-manager/1.3.0-SNAPSHOT/ozone-manager-1.3.0-SNAPSHOT.jar:/home/runner/.m2/repository/org/aspectj/aspectjrt/1.9.7/aspectjrt-1.9.7.jar:/home/runner/.m2/repository/org/aspectj/aspectjweaver/1.9.7/aspectjweaver-1.9.7.jar:/home/runner/.m2/repository/org/apache/ozone/hdds-interface-client/1.3.0-SNAPSHOT/hdds-interface-client-1.3.0-SNAPSHOT.jar:/home/runner/.m2/repository/org/apache/hadoop/thirdparty/hadoop-shaded-protobuf_3_7/1.1.1/hadoop-shaded-protobuf_3_7-1.1.1.jar:/home/runner/.m2/repository/org/apache/ozone/ozone-interface-storage/1.3.0-SNAPSHOT/ozone-interface-storage-1.3.0-SNAPSHOT.jar:/home/runner/.m2/repository/org/reflections/reflections/0.9.11/reflections-0.9.11.jar:/home/runner/.m2/repository/org/apache/hadoop/hadoop-minikdc/3.3.1/hadoop-minikdc-3.3.1.jar:/home/runner/.m2/repository/org/apache/kerby/kerb-simplekdc/1.0.1/kerb-simplekdc-1.0.1.jar:/home/runner/.m2/repository/org/apache/kerby/kerb-client/1.0.1/kerb-client-1.0.1.jar:/home/runner/.m2/repository/org/apache/kerby/kerby-config/1.0.1/kerby-config-1.0.1.jar:/home/runner/.m2/repository/org/apache/kerby/kerb-common/1.0.1/kerb-common-1.0.1.jar:/home/runner/.m2/repository/org/apache/kerby/kerb-crypto/1.0.1/kerb-crypto-1.0.1.jar:/home/runner/.m2/repository/org/apache/kerby/kerb-util/1.0.1/kerb-util-1.0.1.jar:/home/runner/.m2/repository/org/apache/kerby/token-provider/1.0.1/token-provider-1.0.1.jar:/home/runner/.m2/repository/org/apache/kerby/kerb-admin/1.0.1/kerb-admin-1.0.1.jar:/home/runner/.m2/repository/org/apache/kerby/kerb-server/1.0.1/kerb-server-1.0.1.jar:/home/runner/.m2/repository/org/apache/kerby/kerb-identity/1.0.1/kerb-identity-1.0.1.jar:/home/runner/.m2/repository/org/apache/kerby/kerby-xdr/1.0.1/kerby-xdr-1.0.1.jar:/home/runner/.m2/repository/org/slf4j/slf4j-log4j12/1.7.30/slf4j-log4j12-1.7.30.jar:/home/runner/.m2/repository/org/apache/ozone/ozone-s3gateway/1.3.0-SNAPSHOT/ozone-s3gateway-1.3.0-SNAPSHOT.jar:/home/runner/.m2/repository/org/javassist/javassist/3.21.0-GA/javassist-3.21.0-GA.jar:/home/runner/.m2/repository/org/jboss/weld/servlet/weld-servlet/2.4.7.Final/weld-servlet-2.4.7.Final.jar:/home/runner/.m2/repository/org/glassfish/jersey/containers/jersey-container-servlet-core/2.33/jersey-container-servlet-core-2.33.jar:/home/runner/.m2/repository/org/glassfish/hk2/external/jakarta.inject/2.6.1/jakarta.inject-2.6.1.jar:/home/runner/.m2/repository/org/glassfish/jersey/core/jersey-common/2.33/jersey-common-2.33.jar:/home/runner/.m2/repository/jakarta/ws/rs/jakarta.ws.rs-api/2.1.6/jakarta.ws.rs-api-2.1.6.jar:/home/runner/.m2/repository/org/glassfish/jersey/ext/cdi/jersey-cdi1x/2.33/jersey-cdi1x-2.33.jar:/home/runner/.m2/repository/org/glassfish/jersey/inject/jersey-hk2/2.33/jersey-hk2-2.33.jar:/home/runner/.m2/repository/org/glassfish/hk2/hk2-locator/2.6.1/hk2-locator-2.6.1.jar:/home/runner/.m2/repository/org/glassfish/jersey/media/jersey-media-jaxb/2.33/jersey-media-jaxb-2.33.jar:/home/runner/.m2/repository/org/glassfish/hk2/osgi-resource-locator/1.0.3/osgi-resource-locator-1.0.3.jar:/home/runner/.m2/repository/org/glassfish/hk2/hk2-api/2.5.0/hk2-api-2.5.0.jar:/home/runner/.m2/repository/org/glassfish/hk2/hk2-utils/2.5.0/hk2-utils-2.5.0.jar:/home/runner/.m2/repository/org/glassfish/hk2/external/aopalliance-repackaged/2.5.0/aopalliance-repackaged-2.5.0.jar:/home/runner/.m2/repository/com/fasterxml/jackson/dataformat/jackson-dataformat-xml/2.12.1/jackson-dataformat-xml-2.12.1.jar:/home/runner/.m2/repository/com/fasterxml/jackson/core/jackson-core/2.12.1/jackson-core-2.12.1.jar:/home/runner/.m2/repository/com/fasterxml/jackson/module/jackson-module-jaxb-annotations/2.12.1/jackson-module-jaxb-annotations-2.12.1.jar:/home/runner/.m2/repository/jakarta/xml/bind/jakarta.xml.bind-api/2.3.2/jakarta.xml.bind-api-2.3.2.jar:/home/runner/.m2/repository/org/codehaus/woodstox/stax2-api/3.1.4/stax2-api-3.1.4.jar:/home/runner/.m2/repository/com/fasterxml/woodstox/woodstox-core/5.0.3/woodstox-core-5.0.3.jar:/home/runner/.m2/repository/javax/enterprise/cdi-api/1.2/cdi-api-1.2.jar:/home/runner/.m2/repository/javax/el/javax.el-api/3.0.0/javax.el-api-3.0.0.jar:/home/runner/.m2/repository/javax/interceptor/javax.interceptor-api/1.2/javax.interceptor-api-1.2.jar:/home/runner/.m2/repository/javax/inject/javax.inject/1/javax.inject-1.jar:/home/runner/.m2/repository/javax/xml/bind/jaxb-api/2.3.0/jaxb-api-2.3.0.jar:/home/runner/.m2/repository/org/glassfish/jaxb/jaxb-runtime/2.3.0.1/jaxb-runtime-2.3.0.1.jar:/home/runner/.m2/repository/org/glassfish/jaxb/jaxb-core/2.3.0.1/jaxb-core-2.3.0.1.jar:/home/runner/.m2/repository/org/glassfish/jaxb/txw2/2.3.0.1/txw2-2.3.0.1.jar:/home/runner/.m2/repository/com/sun/istack/istack-commons-runtime/3.0.5/istack-commons-runtime-3.0.5.jar:/home/runner/.m2/repository/org/jvnet/staxex/stax-ex/1.7.8/stax-ex-1.7.8.jar:/home/runner/.m2/repository/com/sun/xml/fastinfoset/FastInfoset/1.2.13/FastInfoset-1.2.13.jar:/home/runner/.m2/repository/javax/activation/activation/1.1.1/activation-1.1.1.jar:/home/runner/.m2/repository/org/apache/ozone/ozone-csi/1.3.0-SNAPSHOT/ozone-csi-1.3.0-SNAPSHOT.jar:/home/runner/.m2/repository/com/google/protobuf/protobuf-java-util/3.12.0/protobuf-java-util-3.12.0.jar:/home/runner/.m2/repository/com/google/code/gson/gson/2.2.4/gson-2.2.4.jar:/home/runner/.m2/repository/org/apache/ozone/hdds-config/1.3.0-SNAPSHOT/hdds-config-1.3.0-SNAPSHOT.jar:/home/runner/.m2/repository/io/grpc/grpc-netty/1.33.0/grpc-netty-1.33.0.jar:/home/runner/.m2/repository/io/grpc/grpc-core/1.33.0/grpc-core-1.33.0.jar:/home/runner/.m2/repository/com/google/android/annotations/4.1.1.4/annotations-4.1.1.4.jar:/home/runner/.m2/repository/io/netty/netty-codec-http2/4.1.63.Final/netty-codec-http2-4.1.63.Final.jar:/home/runner/.m2/repository/io/netty/netty-codec-http/4.1.63.Final/netty-codec-http-4.1.63.Final.jar:/home/runner/.m2/repository/io/netty/netty-handler-proxy/4.1.63.Final/netty-handler-proxy-4.1.63.Final.jar:/home/runner/.m2/repository/io/netty/netty-codec-socks/4.1.63.Final/netty-codec-socks-4.1.63.Final.jar:/home/runner/.m2/repository/io/perfmark/perfmark-api/0.19.0/perfmark-api-0.19.0.jar:/home/runner/.m2/repository/org/codehaus/mojo/animal-sniffer-annotations/1.18/animal-sniffer-annotations-1.18.jar:/home/runner/.m2/repository/io/netty/netty-transport-native-epoll/4.1.63.Final/netty-transport-native-epoll-4.1.63.Final.jar:/home/runner/.m2/repository/io/netty/netty-common/4.1.63.Final/netty-common-4.1.63.Final.jar:/home/runner/.m2/repository/io/netty/netty-buffer/4.1.63.Final/netty-buffer-4.1.63.Final.jar:/home/runner/.m2/repository/io/netty/netty-transport-native-unix-common/4.1.63.Final/netty-transport-native-unix-common-4.1.63.Final.jar:/home/runner/.m2/repository/io/grpc/grpc-protobuf/1.33.0/grpc-protobuf-1.33.0.jar:/home/runner/.m2/repository/io/grpc/grpc-api/1.33.0/grpc-api-1.33.0.jar:/home/runner/.m2/repository/io/grpc/grpc-context/1.33.0/grpc-context-1.33.0.jar:/home/runner/.m2/repository/com/google/api/grpc/proto-google-common-protos/1.17.0/proto-google-common-protos-1.17.0.jar:/home/runner/.m2/repository/io/grpc/grpc-protobuf-lite/1.33.0/grpc-protobuf-lite-1.33.0.jar:/home/runner/.m2/repository/io/grpc/grpc-stub/1.33.0/grpc-stub-1.33.0.jar:/home/runner/.m2/repository/org/apache/ozone/ozone-recon/1.3.0-SNAPSHOT/ozone-recon-1.3.0-SNAPSHOT.jar:/home/runner/.m2/repository/org/apache/ozone/ozone-reconcodegen/1.3.0-SNAPSHOT/ozone-reconcodegen-1.3.0-SNAPSHOT.jar:/home/runner/.m2/repository/com/google/inject/extensions/guice-multibindings/4.0/guice-multibindings-4.0.jar:/home/runner/.m2/repository/com/google/inject/guice/4.0/guice-4.0.jar:/home/runner/.m2/repository/aopalliance/aopalliance/1.0/aopalliance-1.0.jar:/home/runner/.m2/repository/com/google/inject/extensions/guice-assistedinject/4.0/guice-assistedinject-4.0.jar:/home/runner/.m2/repository/com/google/inject/extensions/guice-servlet/4.0/guice-servlet-4.0.jar:/home/runner/.m2/repository/org/glassfish/jersey/containers/jersey-container-servlet/2.33/jersey-container-servlet-2.33.jar:/home/runner/.m2/repository/org/glassfish/hk2/guice-bridge/2.5.0/guice-bridge-2.5.0.jar:/home/runner/.m2/repository/org/glassfish/jersey/core/jersey-server/2.33/jersey-server-2.33.jar:/home/runner/.m2/repository/org/glassfish/jersey/core/jersey-client/2.33/jersey-client-2.33.jar:/home/runner/.m2/repository/jakarta/annotation/jakarta.annotation-api/1.3.5/jakarta.annotation-api-1.3.5.jar:/home/runner/.m2/repository/jakarta/validation/jakarta.validation-api/2.0.2/jakarta.validation-api-2.0.2.jar:/home/runner/.m2/repository/org/glassfish/jersey/media/jersey-media-json-jackson/2.33/jersey-media-json-jackson-2.33.jar:/home/runner/.m2/repository/org/glassfish/jersey/ext/jersey-entity-filtering/2.33/jersey-entity-filtering-2.33.jar:/home/runner/.m2/repository/org/jooq/jooq/3.11.10/jooq-3.11.10.jar:/home/runner/.m2/repository/org/jooq/jooq-meta/3.11.10/jooq-meta-3.11.10.jar:/home/runner/.m2/repository/org/jooq/jooq-codegen/3.11.10/jooq-codegen-3.11.10.jar:/home/runner/.m2/repository/com/jolbox/bonecp/0.8.0.RELEASE/bonecp-0.8.0.RELEASE.jar:/home/runner/.m2/repository/org/apache/derby/derby/10.14.2.0/derby-10.14.2.0.jar:/home/runner/.m2/repository/org/xerial/sqlite-jdbc/3.25.2/sqlite-jdbc-3.25.2.jar:/home/runner/.m2/repository/org/springframework/spring-jdbc/5.2.18.RELEASE/spring-jdbc-5.2.18.RELEASE.jar:/home/runner/.m2/repository/org/springframework/spring-beans/5.2.18.RELEASE/spring-beans-5.2.18.RELEASE.jar:/home/runner/.m2/repository/org/springframework/spring-core/5.2.18.RELEASE/spring-core-5.2.18.RELEASE.jar:/home/runner/.m2/repository/org/springframework/spring-jcl/5.2.18.RELEASE/spring-jcl-5.2.18.RELEASE.jar:/home/runner/.m2/repository/org/springframework/spring-tx/5.2.18.RELEASE/spring-tx-5.2.18.RELEASE.jar:/home/runner/.m2/repository/org/apache/ozone/ozone-client/1.3.0-SNAPSHOT/ozone-client-1.3.0-SNAPSHOT.jar:/home/runner/.m2/repository/org/apache/ozone/ozone-filesystem/1.3.0-SNAPSHOT/ozone-filesystem-1.3.0-SNAPSHOT.jar:/home/runner/.m2/repository/org/apache/ozone/ozone-filesystem-common/1.3.0-SNAPSHOT/ozone-filesystem-common-1.3.0-SNAPSHOT.jar:/home/runner/.m2/repository/org/apache/ozone/ozone-tools/1.3.0-SNAPSHOT/ozone-tools-1.3.0-SNAPSHOT.jar:/home/runner/.m2/repository/org/apache/ratis/ratis-tools/2.2.0/ratis-tools-2.2.0.jar:/home/runner/.m2/repository/com/amazonaws/aws-java-sdk-core/1.12.124/aws-java-sdk-core-1.12.124.jar:/home/runner/.m2/repository/org/apache/httpcomponents/httpclient/4.5.13/httpclient-4.5.13.jar:/home/runner/.m2/repository/org/apache/httpcomponents/httpcore/4.4.13/httpcore-4.4.13.jar:/home/runner/.m2/repository/software/amazon/ion/ion-java/1.0.2/ion-java-1.0.2.jar:/home/runner/.m2/repository/com/fasterxml/jackson/dataformat/jackson-dataformat-cbor/2.12.1/jackson-dataformat-cbor-2.12.1.jar:/home/runner/.m2/repository/joda-time/joda-time/2.8.1/joda-time-2.8.1.jar:/home/runner/.m2/repository/com/amazonaws/aws-java-sdk-s3/1.12.124/aws-java-sdk-s3-1.12.124.jar:/home/runner/.m2/repository/com/amazonaws/aws-java-sdk-kms/1.12.124/aws-java-sdk-kms-1.12.124.jar:/home/runner/.m2/repository/com/amazonaws/jmespath-java/1.12.124/jmespath-java-1.12.124.jar:/home/runner/.m2/repository/org/kohsuke/metainf-services/metainf-services/1.8/metainf-services-1.8.jar:/home/runner/.m2/repository/org/apache/ozone/hdds-tools/1.3.0-SNAPSHOT/hdds-tools-1.3.0-SNAPSHOT.jar:/home/runner/.m2/repository/commons-cli/commons-cli/1.2/commons-cli-1.2.jar:/home/runner/.m2/repository/org/apache/commons/commons-lang3/3.7/commons-lang3-3.7.jar:/home/runner/.m2/repository/org/apache/ozone/ozone-manager/1.3.0-SNAPSHOT/ozone-manager-1.3.0-SNAPSHOT-tests.jar:/home/runner/.m2/repository/org/apache/ozone/hdds-common/1.3.0-SNAPSHOT/hdds-common-1.3.0-SNAPSHOT-tests.jar:/home/runner/.m2/repository/org/apache/ozone/hdds-hadoop-dependency-client/1.3.0-SNAPSHOT/hdds-hadoop-dependency-client-1.3.0-SNAPSHOT.jar:/home/runner/.m2/repository/info/picocli/picocli/4.6.1/picocli-4.6.1.jar:/home/runner/.m2/repository/com/fasterxml/jackson/core/jackson-annotations/2.12.1/jackson-annotations-2.12.1.jar:/home/runner/.m2/repository/javax/annotation/javax.annotation-api/1.2/javax.annotation-api-1.2.jar:/home/runner/.m2/repository/org/apache/ratis/ratis-server/2.2.0/ratis-server-2.2.0.jar:/home/runner/.m2/repository/org/apache/ratis/ratis-client/2.2.0/ratis-client-2.2.0.jar:/home/runner/.m2/repository/org/apache/ratis/ratis-server-api/2.2.0/ratis-server-api-2.2.0.jar:/home/runner/.m2/repository/org/apache/ratis/ratis-metrics/2.2.0/ratis-metrics-2.2.0.jar:/home/runner/.m2/repository/org/apache/ratis/ratis-netty/2.2.0/ratis-netty-2.2.0.jar:/home/runner/.m2/repository/org/apache/ratis/ratis-grpc/2.2.0/ratis-grpc-2.2.0.jar:/home/runner/.m2/repository/org/apache/logging/log4j/log4j-api/2.17.1/log4j-api-2.17.1.jar:/home/runner/.m2/repository/org/apache/logging/log4j/log4j-core/2.17.1/log4j-core-2.17.1.jar:/home/runner/.m2/repository/com/lmax/disruptor/3.4.2/disruptor-3.4.2.jar:/home/runner/.m2/repository/org/apache/commons/commons-pool2/2.6.0/commons-pool2-2.6.0.jar:/home/runner/.m2/repository/org/bouncycastle/bcpkix-jdk15on/1.67/bcpkix-jdk15on-1.67.jar:/home/runner/.m2/repository/commons-validator/commons-validator/1.6/commons-validator-1.6.jar:/home/runner/.m2/repository/commons-beanutils/commons-beanutils/1.9.4/commons-beanutils-1.9.4.jar:/home/runner/.m2/repository/commons-digester/commons-digester/1.8.1/commons-digester-1.8.1.jar:/home/runner/.m2/repository/commons-collections/commons-collections/3.2.2/commons-collections-3.2.2.jar:/home/runner/.m2/repository/io/jaegertracing/jaeger-client/1.6.0/jaeger-client-1.6.0.jar:/home/runner/.m2/repository/io/jaegertracing/jaeger-thrift/1.6.0/jaeger-thrift-1.6.0.jar:/home/runner/.m2/repository/org/apache/thrift/libthrift/0.14.1/libthrift-0.14.1.jar:/home/runner/.m2/repository/com/squareup/okhttp3/okhttp/4.9.0/okhttp-4.9.0.jar:/home/runner/.m2/repository/com/squareup/okio/okio/2.8.0/okio-2.8.0.jar:/home/runner/.m2/repository/io/jaegertracing/jaeger-core/1.6.0/jaeger-core-1.6.0.jar:/home/runner/.m2/repository/io/jaegertracing/jaeger-tracerresolver/1.6.0/jaeger-tracerresolver-1.6.0.jar:/home/runner/.m2/repository/io/opentracing/contrib/opentracing-tracerresolver/0.1.8/opentracing-tracerresolver-0.1.8.jar:/home/runner/.m2/repository/org/jetbrains/kotlin/kotlin-stdlib/1.4.31/kotlin-stdlib-1.4.31.jar:/home/runner/.m2/repository/org/jetbrains/kotlin/kotlin-stdlib-common/1.4.31/kotlin-stdlib-common-1.4.31.jar:/home/runner/.m2/repository/org/jetbrains/annotations/13.0/annotations-13.0.jar:/home/runner/.m2/repository/io/opentracing/opentracing-util/0.33.0/opentracing-util-0.33.0.jar:/home/runner/.m2/repository/io/opentracing/opentracing-api/0.33.0/opentracing-api-0.33.0.jar:/home/runner/.m2/repository/io/opentracing/opentracing-noop/0.33.0/opentracing-noop-0.33.0.jar:/home/runner/.m2/repository/org/yaml/snakeyaml/1.26/snakeyaml-1.26.jar:/home/runner/.m2/repository/org/apache/ozone/hdds-interface-admin/1.3.0-SNAPSHOT/hdds-interface-admin-1.3.0-SNAPSHOT.jar:/home/runner/.m2/repository/junit/junit/4.13.1/junit-4.13.1.jar:/home/runner/.m2/repository/org/hamcrest/hamcrest-core/1.3/hamcrest-core-1.3.jar:/home/runner/.m2/repository/org/junit/jupiter/junit-jupiter-api/5.7.0/junit-jupiter-api-5.7.0.jar:/home/runner/.m2/repository/org/apiguardian/apiguardian-api/1.1.0/apiguardian-api-1.1.0.jar:/home/runner/.m2/repository/org/opentest4j/opentest4j/1.2.0/opentest4j-1.2.0.jar:/home/runner/.m2/repository/org/junit/platform/junit-platform-commons/1.7.0/junit-platform-commons-1.7.0.jar:/home/runner/.m2/repository/org/junit/jupiter/junit-jupiter-engine/5.7.0/junit-jupiter-engine-5.7.0.jar:/home/runner/.m2/repository/org/junit/platform/junit-platform-engine/1.7.0/junit-platform-engine-1.7.0.jar:/home/runner/.m2/repository/org/junit/vintage/junit-vintage-engine/5.7.0/junit-vintage-engine-5.7.0.jar:/home/runner/.m2/repository/org/junit/platform/junit-platform-launcher/1.7.0/junit-platform-launcher-1.7.0.jar:/home/runner/.m2/repository/org/mockito/mockito-core/2.28.2/mockito-core-2.28.2.jar:/home/runner/.m2/repository/net/bytebuddy/byte-buddy/1.9.10/byte-buddy-1.9.10.jar:/home/runner/.m2/repository/net/bytebuddy/byte-buddy-agent/1.9.10/byte-buddy-agent-1.9.10.jar:/home/runner/.m2/repository/org/objenesis/objenesis/1.0/objenesis-1.0.jar:/home/runner/.m2/repository/org/apache/hadoop/hadoop-kms/3.3.1/hadoop-kms-3.3.1.jar:/home/runner/.m2/repository/org/apache/hadoop/hadoop-auth/3.3.1/hadoop-auth-3.3.1.jar:/home/runner/.m2/repository/com/nimbusds/nimbus-jose-jwt/7.9/nimbus-jose-jwt-7.9.jar:/home/runner/.m2/repository/com/github/stephenc/jcip/jcip-annotations/1.0-1/jcip-annotations-1.0-1.jar:/home/runner/.m2/repository/net/minidev/json-smart/2.4.7/json-smart-2.4.7.jar:/home/runner/.m2/repository/net/minidev/accessors-smart/2.4.7/accessors-smart-2.4.7.jar:/home/runner/.m2/repository/org/ow2/asm/asm/5.0.4/asm-5.0.4.jar:/home/runner/.m2/repository/org/apache/zookeeper/zookeeper/3.5.6/zookeeper-3.5.6.jar:/home/runner/.m2/repository/org/apache/zookeeper/zookeeper-jute/3.5.6/zookeeper-jute-3.5.6.jar:/home/runner/.m2/repository/org/apache/yetus/audience-annotations/0.5.0/audience-annotations-0.5.0.jar:/home/runner/.m2/repository/org/apache/curator/curator-framework/4.2.0/curator-framework-4.2.0.jar:/home/runner/.m2/repository/org/apache/hadoop/thirdparty/hadoop-shaded-guava/1.1.1/hadoop-shaded-guava-1.1.1.jar:/home/runner/.m2/repository/com/sun/jersey/jersey-core/1.19/jersey-core-1.19.jar:/home/runner/.m2/repository/javax/ws/rs/jsr311-api/1.1.1/jsr311-api-1.1.1.jar:/home/runner/.m2/repository/com/sun/jersey/jersey-server/1.19/jersey-server-1.19.jar:/home/runner/.m2/repository/javax/servlet/javax.servlet-api/3.1.0/javax.servlet-api-3.1.0.jar:/home/runner/.m2/repository/org/eclipse/jetty/jetty-server/9.4.43.v20210629/jetty-server-9.4.43.v20210629.jar:/home/runner/.m2/repository/org/eclipse/jetty/jetty-http/9.4.43.v20210629/jetty-http-9.4.43.v20210629.jar:/home/runner/.m2/repository/org/eclipse/jetty/jetty-io/9.4.43.v20210629/jetty-io-9.4.43.v20210629.jar:/home/runner/.m2/repository/org/eclipse/jetty/jetty-webapp/9.4.43.v20210629/jetty-webapp-9.4.43.v20210629.jar:/home/runner/.m2/repository/org/eclipse/jetty/jetty-xml/9.4.43.v20210629/jetty-xml-9.4.43.v20210629.jar:/home/runner/.m2/repository/org/apache/hadoop/hadoop-common/3.3.1/hadoop-common-3.3.1.jar:/home/runner/.m2/repository/org/apache/commons/commons-math3/3.1.1/commons-math3-3.1.1.jar:/home/runner/.m2/repository/commons-net/commons-net/3.6/commons-net-3.6.jar:/home/runner/.m2/repository/jakarta/activation/jakarta.activation-api/1.2.1/jakarta.activation-api-1.2.1.jar:/home/runner/.m2/repository/com/sun/jersey/jersey-servlet/1.19/jersey-servlet-1.19.jar:/home/runner/.m2/repository/com/sun/jersey/jersey-json/1.19/jersey-json-1.19.jar:/home/runner/.m2/repository/org/codehaus/jettison/jettison/1.1/jettison-1.1.jar:/home/runner/.m2/repository/com/sun/xml/bind/jaxb-impl/2.2.3-1/jaxb-impl-2.2.3-1.jar:/home/runner/.m2/repository/org/codehaus/jackson/jackson-jaxrs/1.9.2/jackson-jaxrs-1.9.2.jar:/home/runner/.m2/repository/org/codehaus/jackson/jackson-xc/1.9.2/jackson-xc-1.9.2.jar:/home/runner/.m2/repository/org/apache/commons/commons-configuration2/2.1.1/commons-configuration2-2.1.1.jar:/home/runner/.m2/repository/org/apache/commons/commons-text/1.4/commons-text-1.4.jar:/home/runner/.m2/repository/com/google/re2j/re2j/1.1/re2j-1.1.jar:/home/runner/.m2/repository/com/jcraft/jsch/0.1.54/jsch-0.1.54.jar:/home/runner/.m2/repository/org/apache/curator/curator-client/4.2.0/curator-client-4.2.0.jar:/home/runner/.m2/repository/org/apache/curator/curator-recipes/4.2.0/curator-recipes-4.2.0.jar:/home/runner/.m2/repository/org/apache/kerby/kerb-core/1.0.1/kerb-core-1.0.1.jar:/home/runner/.m2/repository/org/apache/kerby/kerby-pkix/1.0.1/kerby-pkix-1.0.1.jar:/home/runner/.m2/repository/org/apache/kerby/kerby-asn1/1.0.1/kerby-asn1-1.0.1.jar:/home/runner/.m2/repository/org/apache/kerby/kerby-util/1.0.1/kerby-util-1.0.1.jar:/home/runner/.m2/repository/dnsjava/dnsjava/2.1.7/dnsjava-2.1.7.jar:/home/runner/.m2/repository/org/xerial/snappy/snappy-java/1.1.8.2/snappy-java-1.1.8.2.jar:/home/runner/.m2/repository/org/slf4j/jul-to-slf4j/1.7.30/jul-to-slf4j-1.7.30.jar:/home/runner/.m2/repository/org/eclipse/jetty/jetty-util/9.4.43.v20210629/jetty-util-9.4.43.v20210629.jar:/home/runner/.m2/repository/com/fasterxml/jackson/core/jackson-databind/2.12.1/jackson-databind-2.12.1.jar:/home/runner/.m2/repository/org/apache/hadoop/hadoop-kms/3.3.1/hadoop-kms-3.3.1-tests.jar:/home/runner/.m2/repository/org/apache/ozone/hdds-server-scm/1.3.0-SNAPSHOT/hdds-server-scm-1.3.0-SNAPSHOT-tests.jar:/home/runner/.m2/repository/org/apache/ozone/hdds-container-service/1.3.0-SNAPSHOT/hdds-container-service-1.3.0-SNAPSHOT-tests.jar:/home/runner/.m2/repository/commons-codec/commons-codec/1.11/commons-codec-1.11.jar:/home/runner/.m2/repository/io/netty/netty-transport/4.1.63.Final/netty-transport-4.1.63.Final.jar:/home/runner/.m2/repository/io/netty/netty-resolver/4.1.63.Final/netty-resolver-4.1.63.Final.jar:/home/runner/.m2/repository/io/netty/netty-codec/4.1.63.Final/netty-codec-4.1.63.Final.jar:/home/runner/.m2/repository/io/netty/netty-handler/4.1.63.Final/netty-handler-4.1.63.Final.jar:/home/runner/.m2/repository/org/apache/ozone/hdds-hadoop-dependency-test/1.3.0-SNAPSHOT/hdds-hadoop-dependency-test-1.3.0-SNAPSHOT.jar:/home/runner/.m2/repository/org/apache/hadoop/hadoop-common/3.3.1/hadoop-common-3.3.1-tests.jar:/home/runner/.m2/repository/org/assertj/assertj-core/3.12.2/assertj-core-3.12.2.jar:/home/runner/.m2/repository/org/apache/hadoop/hadoop-hdfs/3.3.1/hadoop-hdfs-3.3.1-tests.jar:/home/runner/.m2/repository/org/eclipse/jetty/jetty-util-ajax/9.4.43.v20210629/jetty-util-ajax-9.4.43.v20210629.jar:/home/runner/.m2/repository/commons-daemon/commons-daemon/1.0.13/commons-daemon-1.0.13.jar:/home/runner/.m2/repository/io/netty/netty/3.10.6.Final/netty-3.10.6.Final.jar:/home/runner/.m2/repository/io/netty/netty-all/4.1.63.Final/netty-all-4.1.63.Final.jar:/home/runner/.m2/repository/org/apache/htrace/htrace-core4/4.1.0-incubating/htrace-core4-4.1.0-incubating.jar:/home/runner/.m2/repository/org/fusesource/leveldbjni/leveldbjni-all/1.8/leveldbjni-all-1.8.jar:/home/runner/.m2/repository/org/apache/hadoop/hadoop-distcp/3.3.1/hadoop-distcp-3.3.1.jar:/home/runner/.m2/repository/org/apache/hadoop/hadoop-mapreduce-client-jobclient/3.3.1/hadoop-mapreduce-client-jobclient-3.3.1.jar:/home/runner/.m2/repository/org/apache/hadoop/hadoop-mapreduce-client-common/3.3.1/hadoop-mapreduce-client-common-3.3.1.jar:/home/runner/.m2/repository/org/apache/hadoop/hadoop-yarn-common/3.3.1/hadoop-yarn-common-3.3.1.jar:/home/runner/.m2/repository/org/apache/hadoop/hadoop-yarn-api/3.3.1/hadoop-yarn-api-3.3.1.jar:/home/runner/.m2/repository/com/sun/jersey/jersey-client/1.19/jersey-client-1.19.jar:/home/runner/.m2/repository/com/sun/jersey/contribs/jersey-guice/1.19/jersey-guice-1.19.jar:/home/runner/.m2/repository/com/fasterxml/jackson/jaxrs/jackson-jaxrs-json-provider/2.12.1/jackson-jaxrs-json-provider-2.12.1.jar:/home/runner/.m2/repository/com/fasterxml/jackson/jaxrs/jackson-jaxrs-base/2.12.1/jackson-jaxrs-base-2.12.1.jar:/home/runner/.m2/repository/org/apache/hadoop/hadoop-yarn-client/3.3.1/hadoop-yarn-client-3.3.1.jar:/home/runner/.m2/repository/org/eclipse/jetty/websocket/websocket-client/9.4.40.v20210413/websocket-client-9.4.40.v20210413.jar:/home/runner/.m2/repository/org/eclipse/jetty/jetty-client/9.4.40.v20210413/jetty-client-9.4.40.v20210413.jar:/home/runner/.m2/repository/org/eclipse/jetty/websocket/websocket-common/9.4.40.v20210413/websocket-common-9.4.40.v20210413.jar:/home/runner/.m2/repository/org/eclipse/jetty/websocket/websocket-api/9.4.40.v20210413/websocket-api-9.4.40.v20210413.jar:/home/runner/.m2/repository/org/jline/jline/3.9.0/jline-3.9.0.jar:/home/runner/.m2/repository/org/apache/hadoop/hadoop-mapreduce-client-core/3.3.1/hadoop-mapreduce-client-core-3.3.1.jar:/home/runner/.m2/repository/org/apache/avro/avro/1.7.7/avro-1.7.7.jar:/home/runner/.m2/repository/org/codehaus/jackson/jackson-core-asl/1.9.13/jackson-core-asl-1.9.13.jar:/home/runner/.m2/repository/org/codehaus/jackson/jackson-mapper-asl/1.9.13/jackson-mapper-asl-1.9.13.jar:/home/runner/.m2/repository/com/thoughtworks/paranamer/paranamer/2.3/paranamer-2.3.jar:/home/runner/.m2/repository/org/apache/hadoop/hadoop-annotations/3.3.1/hadoop-annotations-3.3.1.jar:/usr/lib/jvm/temurin-8-jdk-amd64/jre/../lib/tools.jar:/home/runner/.m2/repository/org/apache/hadoop/hadoop-distcp/3.3.1/hadoop-distcp-3.3.1-tests.jar:/home/runner/.m2/repository/org/apache/ratis/ratis-common/2.2.0/ratis-common-2.2.0.jar:/home/runner/.m2/repository/org/apache/ratis/ratis-thirdparty-misc/0.7.0/ratis-thirdparty-misc-0.7.0.jar:/home/runner/.m2/repository/org/apache/ratis/ratis-proto/2.2.0/ratis-proto-2.2.0.jar:"/>
    <property name="sun.cpu.endian" value="little"/>
    <property name="user.home" value="/home/runner"/>
    <property name="user.language" value="en"/>
    <property name="java.specification.vendor" value="Oracle Corporation"/>
    <property name="java.home" value="/usr/lib/jvm/temurin-8-jdk-amd64/jre"/>
    <property name="java.security.krb5.conf" value="/home/runner/work/ozone/ozone/hadoop-ozone/integration-test/target/test-classes/krb5.conf"/>
    <property name="basedir" value="/home/runner/work/ozone/ozone/hadoop-ozone/integration-test"/>
    <property name="file.separator" value="/"/>
    <property name="line.separator" value="&#10;"/>
    <property name="java.vm.specification.vendor" value="Oracle Corporation"/>
    <property name="java.specification.name" value="Java Platform API Specification"/>
    <property name="java.awt.graphicsenv" value="sun.awt.X11GraphicsEnvironment"/>
    <property name="skip.installnpx" value="true"/>
    <property name="surefire.real.class.path" value="/home/runner/work/ozone/ozone/hadoop-ozone/integration-test/target/surefire/surefirebooter1298074679902917965.jar:/home/runner/.m2/repository/org/jacoco/org.jacoco.agent/0.8.5/org.jacoco.agent-0.8.5-runtime.jar"/>
    <property name="hadoop.log.dir" value="/home/runner/work/ozone/ozone/hadoop-ozone/integration-test/target/log"/>
    <property name="sun.boot.class.path" value="/usr/lib/jvm/temurin-8-jdk-amd64/jre/lib/resources.jar:/usr/lib/jvm/temurin-8-jdk-amd64/jre/lib/rt.jar:/usr/lib/jvm/temurin-8-jdk-amd64/jre/lib/sunrsasign.jar:/usr/lib/jvm/temurin-8-jdk-amd64/jre/lib/jsse.jar:/usr/lib/jvm/temurin-8-jdk-amd64/jre/lib/jce.jar:/usr/lib/jvm/temurin-8-jdk-amd64/jre/lib/charsets.jar:/usr/lib/jvm/temurin-8-jdk-amd64/jre/lib/jfr.jar:/usr/lib/jvm/temurin-8-jdk-amd64/jre/classes"/>
    <property name="sun.management.compiler" value="HotSpot 64-Bit Tiered Compilers"/>
    <property name="skip.npx" value="true"/>
    <property name="java.runtime.version" value="1.8.0_322-b06"/>
    <property name="java.net.preferIPv4Stack" value="true"/>
    <property name="user.name" value="runner"/>
    <property name="path.separator" value=":"/>
    <property name="java.security.egd" value="file:///dev/urandom"/>
    <property name="os.version" value="5.4.0-1070-azure"/>
    <property name="java.endorsed.dirs" value="/usr/lib/jvm/temurin-8-jdk-amd64/jre/lib/endorsed"/>
    <property name="java.runtime.name" value="OpenJDK Runtime Environment"/>
    <property name="file.encoding" value="UTF-8"/>
    <property name="java.vm.name" value="OpenJDK 64-Bit Server VM"/>
    <property name="test.build.webapps" value=""/>
    <property name="localRepository" value="/home/runner/.m2/repository"/>
    <property name="java.vendor.url.bug" value="https://github.com/adoptium/adoptium-support/issues"/>
    <property name="java.io.tmpdir" value="/tmp"/>
    <property name="require.test.libhadoop" value=""/>
    <property name="java.version" value="1.8.0_322"/>
    <property name="user.dir" value="/home/runner/work/ozone/ozone/hadoop-ozone/integration-test"/>
    <property name="os.arch" value="amd64"/>
    <property name="java.vm.specification.name" value="Java Virtual Machine Specification"/>
    <property name="test.build.classes" value="/home/runner/work/ozone/ozone/hadoop-ozone/integration-test/target/test-classes"/>
    <property name="java.awt.printerjob" value="sun.print.PSPrinterJob"/>
    <property name="sun.os.patch.level" value="unknown"/>
    <property name="hadoop.tmp.dir" value="/home/runner/work/ozone/ozone/hadoop-ozone/integration-test/target/tmp"/>
    <property name="java.library.path" value="/usr/java/packages/lib/amd64:/usr/lib64:/lib64:/lib:/usr/lib"/>
    <property name="java.vm.info" value="mixed mode"/>
    <property name="java.vendor" value="Temurin"/>
    <property name="java.vm.version" value="25.322-b06"/>
    <property name="java.ext.dirs" value="/usr/lib/jvm/temurin-8-jdk-amd64/jre/lib/ext:/usr/java/packages/lib/ext"/>
    <property name="sun.io.unicode.encoding" value="UnicodeLittle"/>
    <property name="java.class.version" value="52.0"/>
  </properties>
  <testcase name="testInstallSnapshot" classname="org.apache.hadoop.ozone.scm.TestSCMInstallSnapshotWithHA" time="70.615"/>
  <testcase name="testInstallOldCheckpointFailure" classname="org.apache.hadoop.ozone.scm.TestSCMInstallSnapshotWithHA" time="74.914">
    <failure message="expected:&lt;(t:2, i:128)&gt; but was:&lt;(t:2, i:28)&gt;" type="java.lang.AssertionError"><![CDATA[java.lang.AssertionError: expected:<(t:2, i:128)> but was:<(t:2, i:28)>
	at org.junit.Assert.fail(Assert.java:89)
	at org.junit.Assert.failNotEquals(Assert.java:835)
	at org.junit.Assert.assertEquals(Assert.java:120)
	at org.junit.Assert.assertEquals(Assert.java:146)
	at org.apache.hadoop.ozone.scm.TestSCMInstallSnapshotWithHA.testInstallOldCheckpointFailure(TestSCMInstallSnapshotWithHA.java:208)
	at sun.reflect.NativeMethodAccessorImpl.invoke0(Native Method)
	at sun.reflect.NativeMethodAccessorImpl.invoke(NativeMethodAccessorImpl.java:62)
	at sun.reflect.DelegatingMethodAccessorImpl.invoke(DelegatingMethodAccessorImpl.java:43)
	at java.lang.reflect.Method.invoke(Method.java:498)
	at org.junit.platform.commons.util.ReflectionUtils.invokeMethod(ReflectionUtils.java:688)
	at org.junit.jupiter.engine.execution.MethodInvocation.proceed(MethodInvocation.java:60)
	at org.junit.jupiter.engine.execution.InvocationInterceptorChain$ValidatingInvocation.proceed(InvocationInterceptorChain.java:131)
	at org.junit.jupiter.engine.extension.TimeoutInvocation.proceed(TimeoutInvocation.java:46)
	at org.junit.jupiter.engine.extension.TimeoutExtension.intercept(TimeoutExtension.java:149)
	at org.junit.jupiter.engine.extension.TimeoutExtension.interceptTestableMethod(TimeoutExtension.java:140)
	at org.junit.jupiter.engine.extension.TimeoutExtension.interceptTestMethod(TimeoutExtension.java:84)
	at org.junit.jupiter.engine.execution.ExecutableInvoker$ReflectiveInterceptorCall.lambda$ofVoidMethod$0(ExecutableInvoker.java:115)
	at org.junit.jupiter.engine.execution.ExecutableInvoker.lambda$invoke$0(ExecutableInvoker.java:105)
	at org.junit.jupiter.engine.execution.InvocationInterceptorChain$InterceptedInvocation.proceed(InvocationInterceptorChain.java:106)
	at org.junit.jupiter.engine.execution.InvocationInterceptorChain.proceed(InvocationInterceptorChain.java:64)
	at org.junit.jupiter.engine.execution.InvocationInterceptorChain.chainAndInvoke(InvocationInterceptorChain.java:45)
	at org.junit.jupiter.engine.execution.InvocationInterceptorChain.invoke(InvocationInterceptorChain.java:37)
	at org.junit.jupiter.engine.execution.ExecutableInvoker.invoke(ExecutableInvoker.java:104)
	at org.junit.jupiter.engine.execution.ExecutableInvoker.invoke(ExecutableInvoker.java:98)
	at org.junit.jupiter.engine.descriptor.TestMethodTestDescriptor.lambda$invokeTestMethod$6(TestMethodTestDescriptor.java:210)
	at org.junit.platform.engine.support.hierarchical.ThrowableCollector.execute(ThrowableCollector.java:73)
	at org.junit.jupiter.engine.descriptor.TestMethodTestDescriptor.invokeTestMethod(TestMethodTestDescriptor.java:206)
	at org.junit.jupiter.engine.descriptor.TestMethodTestDescriptor.execute(TestMethodTestDescriptor.java:131)
	at org.junit.jupiter.engine.descriptor.TestMethodTestDescriptor.execute(TestMethodTestDescriptor.java:65)
	at org.junit.platform.engine.support.hierarchical.NodeTestTask.lambda$executeRecursively$5(NodeTestTask.java:139)
	at org.junit.platform.engine.support.hierarchical.ThrowableCollector.execute(ThrowableCollector.java:73)
	at org.junit.platform.engine.support.hierarchical.NodeTestTask.lambda$executeRecursively$7(NodeTestTask.java:129)
	at org.junit.platform.engine.support.hierarchical.Node.around(Node.java:137)
	at org.junit.platform.engine.support.hierarchical.NodeTestTask.lambda$executeRecursively$8(NodeTestTask.java:127)
	at org.junit.platform.engine.support.hierarchical.ThrowableCollector.execute(ThrowableCollector.java:73)
	at org.junit.platform.engine.support.hierarchical.NodeTestTask.executeRecursively(NodeTestTask.java:126)
	at org.junit.platform.engine.support.hierarchical.NodeTestTask.execute(NodeTestTask.java:84)
	at java.util.ArrayList.forEach(ArrayList.java:1259)
	at org.junit.platform.engine.support.hierarchical.SameThreadHierarchicalTestExecutorService.invokeAll(SameThreadHierarchicalTestExecutorService.java:38)
	at org.junit.platform.engine.support.hierarchical.NodeTestTask.lambda$executeRecursively$5(NodeTestTask.java:143)
	at org.junit.platform.engine.support.hierarchical.ThrowableCollector.execute(ThrowableCollector.java:73)
	at org.junit.platform.engine.support.hierarchical.NodeTestTask.lambda$executeRecursively$7(NodeTestTask.java:129)
	at org.junit.platform.engine.support.hierarchical.Node.around(Node.java:137)
	at org.junit.platform.engine.support.hierarchical.NodeTestTask.lambda$executeRecursively$8(NodeTestTask.java:127)
	at org.junit.platform.engine.support.hierarchical.ThrowableCollector.execute(ThrowableCollector.java:73)
	at org.junit.platform.engine.support.hierarchical.NodeTestTask.executeRecursively(NodeTestTask.java:126)
	at org.junit.platform.engine.support.hierarchical.NodeTestTask.execute(NodeTestTask.java:84)
	at java.util.ArrayList.forEach(ArrayList.java:1259)
	at org.junit.platform.engine.support.hierarchical.SameThreadHierarchicalTestExecutorService.invokeAll(SameThreadHierarchicalTestExecutorService.java:38)
	at org.junit.platform.engine.support.hierarchical.NodeTestTask.lambda$executeRecursively$5(NodeTestTask.java:143)
	at org.junit.platform.engine.support.hierarchical.ThrowableCollector.execute(ThrowableCollector.java:73)
	at org.junit.platform.engine.support.hierarchical.NodeTestTask.lambda$executeRecursively$7(NodeTestTask.java:129)
	at org.junit.platform.engine.support.hierarchical.Node.around(Node.java:137)
	at org.junit.platform.engine.support.hierarchical.NodeTestTask.lambda$executeRecursively$8(NodeTestTask.java:127)
	at org.junit.platform.engine.support.hierarchical.ThrowableCollector.execute(ThrowableCollector.java:73)
	at org.junit.platform.engine.support.hierarchical.NodeTestTask.executeRecursively(NodeTestTask.java:126)
	at org.junit.platform.engine.support.hierarchical.NodeTestTask.execute(NodeTestTask.java:84)
	at org.junit.platform.engine.support.hierarchical.SameThreadHierarchicalTestExecutorService.submit(SameThreadHierarchicalTestExecutorService.java:32)
	at org.junit.platform.engine.support.hierarchical.HierarchicalTestExecutor.execute(HierarchicalTestExecutor.java:57)
	at org.junit.platform.engine.support.hierarchical.HierarchicalTestEngine.execute(HierarchicalTestEngine.java:51)
	at org.junit.platform.launcher.core.EngineExecutionOrchestrator.execute(EngineExecutionOrchestrator.java:108)
	at org.junit.platform.launcher.core.EngineExecutionOrchestrator.execute(EngineExecutionOrchestrator.java:88)
	at org.junit.platform.launcher.core.EngineExecutionOrchestrator.lambda$execute$0(EngineExecutionOrchestrator.java:54)
	at org.junit.platform.launcher.core.EngineExecutionOrchestrator.withInterceptedStreams(EngineExecutionOrchestrator.java:67)
	at org.junit.platform.launcher.core.EngineExecutionOrchestrator.execute(EngineExecutionOrchestrator.java:52)
	at org.junit.platform.launcher.core.DefaultLauncher.execute(DefaultLauncher.java:96)
	at org.junit.platform.launcher.core.DefaultLauncher.execute(DefaultLauncher.java:75)
	at org.apache.maven.surefire.junitplatform.JUnitPlatformProvider.invokeAllTests(JUnitPlatformProvider.java:142)
	at org.apache.maven.surefire.junitplatform.JUnitPlatformProvider.invoke(JUnitPlatformProvider.java:113)
	at org.apache.maven.surefire.booter.ForkedBooter.invokeProviderInSameClassLoader(ForkedBooter.java:384)
	at org.apache.maven.surefire.booter.ForkedBooter.runSuitesInProcess(ForkedBooter.java:345)
	at org.apache.maven.surefire.booter.ForkedBooter.execute(ForkedBooter.java:126)
	at org.apache.maven.surefire.booter.ForkedBooter.main(ForkedBooter.java:418)
]]></failure>
    <system-out><![CDATA[2022-03-09 17:22:38,643 [Listener at 127.0.0.1/35005] WARN  server.ServerUtils (ServerUtils.java:getScmDbDir(148)) - ozone.scm.db.dirs is not configured. We recommend adding this setting. Falling back to ozone.metadata.dirs instead.
2022-03-09 17:22:38,643 [Listener at 127.0.0.1/35005] INFO  ha.SCMHANodeDetails (SCMHANodeDetails.java:loadSCMHAConfig(157)) - ServiceID for StorageContainerManager is scm-service-test1
2022-03-09 17:22:38,645 [Listener at 127.0.0.1/35005] INFO  ha.SCMHANodeDetails (SCMHANodeDetails.java:loadSCMHAConfig(168)) - ServiceID for StorageContainerManager is scm-service-test1
2022-03-09 17:22:38,645 [Listener at 127.0.0.1/35005] WARN  scm.ScmUtils (ScmUtils.java:logWarn(179)) - ConfigKey ozone.scm.block.client.address is deprecated, For configuring different ports for each SCM use PortConfigKey ozone.scm.block.client.port appended with serviceId and nodeId. If want to configure same port configure ozone.scm.block.client.port
2022-03-09 17:22:38,645 [Listener at 127.0.0.1/35005] WARN  scm.ScmUtils (ScmUtils.java:logWarn(179)) - ConfigKey ozone.scm.client.address is deprecated, For configuring different ports for each SCM use PortConfigKey ozone.scm.client.port appended with serviceId and nodeId. If want to configure same port configure ozone.scm.client.port
2022-03-09 17:22:38,645 [Listener at 127.0.0.1/35005] WARN  scm.ScmUtils (ScmUtils.java:logWarn(179)) - ConfigKey ozone.scm.datanode.address is deprecated, For configuring different ports for each SCM use PortConfigKey ozone.scm.datanode.port appended with serviceId and nodeId. If want to configure same port configure ozone.scm.datanode.port
2022-03-09 17:22:38,646 [Listener at 127.0.0.1/35005] WARN  scm.ScmUtils (ScmUtils.java:logWarn(179)) - ConfigKey ozone.scm.block.client.address is deprecated, For configuring different ports for each SCM use PortConfigKey ozone.scm.block.client.port appended with serviceId and nodeId. If want to configure same port configure ozone.scm.block.client.port
2022-03-09 17:22:38,646 [Listener at 127.0.0.1/35005] WARN  scm.ScmUtils (ScmUtils.java:logWarn(179)) - ConfigKey ozone.scm.client.address is deprecated, For configuring different ports for each SCM use PortConfigKey ozone.scm.client.port appended with serviceId and nodeId. If want to configure same port configure ozone.scm.client.port
2022-03-09 17:22:38,646 [Listener at 127.0.0.1/35005] WARN  scm.ScmUtils (ScmUtils.java:logWarn(179)) - ConfigKey ozone.scm.datanode.address is deprecated, For configuring different ports for each SCM use PortConfigKey ozone.scm.datanode.port appended with serviceId and nodeId. If want to configure same port configure ozone.scm.datanode.port
2022-03-09 17:22:38,651 [Listener at 127.0.0.1/35005] INFO  ha.SCMHANodeDetails (SCMHANodeDetails.java:loadSCMHAConfig(250)) - Found matching SCM address with SCMServiceId: scm-service-test1, SCMNodeId: scmNode-1, RPC Address: localhost:39455 and Ratis port: 39455
2022-03-09 17:22:38,651 [Listener at 127.0.0.1/35005] INFO  ha.SCMHANodeDetails (ConfUtils.java:setNodeSpecificConfigs(108)) - Setting configuration key ozone.scm.datanode.address with value of key ozone.scm.datanode.address.scm-service-test1.scmNode-1: 127.0.0.1:34459
2022-03-09 17:22:38,651 [Listener at 127.0.0.1/35005] INFO  ha.SCMHANodeDetails (ConfUtils.java:setNodeSpecificConfigs(108)) - Setting configuration key ozone.scm.block.client.address with value of key ozone.scm.block.client.address.scm-service-test1.scmNode-1: 127.0.0.1:38891
2022-03-09 17:22:38,651 [Listener at 127.0.0.1/35005] INFO  ha.SCMHANodeDetails (ConfUtils.java:setNodeSpecificConfigs(108)) - Setting configuration key ozone.scm.client.address with value of key ozone.scm.client.address.scm-service-test1.scmNode-1: 127.0.0.1:34555
2022-03-09 17:22:38,651 [Listener at 127.0.0.1/35005] INFO  ha.SCMHANodeDetails (ConfUtils.java:setNodeSpecificConfigs(108)) - Setting configuration key ozone.scm.ratis.port with value of key ozone.scm.ratis.port.scm-service-test1.scmNode-1: 39455
2022-03-09 17:22:38,651 [Listener at 127.0.0.1/35005] INFO  ha.SCMHANodeDetails (ConfUtils.java:setNodeSpecificConfigs(108)) - Setting configuration key ozone.scm.grpc.port with value of key ozone.scm.grpc.port.scm-service-test1.scmNode-1: 33793
2022-03-09 17:22:38,652 [Listener at 127.0.0.1/35005] INFO  ha.SCMHANodeDetails (ConfUtils.java:setNodeSpecificConfigs(108)) - Setting configuration key ozone.scm.http-address with value of key ozone.scm.http-address.scm-service-test1.scmNode-1: 127.0.0.1:37349
2022-03-09 17:22:38,652 [Listener at 127.0.0.1/35005] INFO  ha.SCMHANodeDetails (ConfUtils.java:setNodeSpecificConfigs(108)) - Setting configuration key ozone.scm.https-address with value of key ozone.scm.https-address.scm-service-test1.scmNode-1: 127.0.0.1:45097
2022-03-09 17:22:38,659 [Listener at 127.0.0.1/35005] INFO  ha.SCMHANodeDetails (ConfUtils.java:setNodeSpecificConfigs(108)) - Setting configuration key ozone.scm.address with value of key ozone.scm.address.scm-service-test1.scmNode-1: 127.0.0.1
2022-03-09 17:22:38,659 [Listener at 127.0.0.1/35005] WARN  scm.ScmUtils (ScmUtils.java:logWarn(179)) - ConfigKey ozone.scm.block.client.address is deprecated, For configuring different ports for each SCM use PortConfigKey ozone.scm.block.client.port appended with serviceId and nodeId. If want to configure same port configure ozone.scm.block.client.port
2022-03-09 17:22:38,659 [Listener at 127.0.0.1/35005] WARN  scm.ScmUtils (ScmUtils.java:logWarn(179)) - ConfigKey ozone.scm.client.address is deprecated, For configuring different ports for each SCM use PortConfigKey ozone.scm.client.port appended with serviceId and nodeId. If want to configure same port configure ozone.scm.client.port
2022-03-09 17:22:38,659 [Listener at 127.0.0.1/35005] WARN  scm.ScmUtils (ScmUtils.java:logWarn(179)) - ConfigKey ozone.scm.datanode.address is deprecated, For configuring different ports for each SCM use PortConfigKey ozone.scm.datanode.port appended with serviceId and nodeId. If want to configure same port configure ozone.scm.datanode.port
2022-03-09 17:22:38,663 [Listener at 127.0.0.1/35005] INFO  server.RaftServer (ConfUtils.java:logGet(44)) - raft.rpc.type = GRPC (default)
2022-03-09 17:22:38,664 [Listener at 127.0.0.1/35005] INFO  grpc.GrpcFactory (GrpcFactory.java:checkPooledByteBufAllocatorUseCacheForAllThreads(48)) - PERFORMANCE WARNING: useCacheForAllThreads is true that may cause Netty to create a lot garbage objects and, as a result, trigger GC.
	It is recommended to disable useCacheForAllThreads by setting -Dorg.apache.ratis.thirdparty.io.netty.allocator.useCacheForAllThreads=false in command line.
2022-03-09 17:22:38,664 [Listener at 127.0.0.1/35005] INFO  grpc.GrpcConfigKeys (ConfUtils.java:logGet(44)) - raft.grpc.admin.port = -1 (default)
2022-03-09 17:22:38,664 [Listener at 127.0.0.1/35005] INFO  grpc.GrpcConfigKeys (ConfUtils.java:logGet(44)) - raft.grpc.server.port = 39455 (custom)
2022-03-09 17:22:38,664 [Listener at 127.0.0.1/35005] INFO  grpc.GrpcConfigKeys (ConfUtils.java:logGet(44)) - raft.grpc.client.port = -1 (default)
2022-03-09 17:22:38,664 [Listener at 127.0.0.1/35005] INFO  grpc.GrpcConfigKeys (ConfUtils.java:logGet(44)) - raft.grpc.server.port = 39455 (custom)
2022-03-09 17:22:38,664 [Listener at 127.0.0.1/35005] INFO  grpc.GrpcConfigKeys (ConfUtils.java:logGet(44)) - raft.grpc.server.port = 39455 (custom)
2022-03-09 17:22:38,664 [Listener at 127.0.0.1/35005] INFO  server.GrpcService (ConfUtils.java:logGet(44)) - raft.grpc.message.size.max = 32m (=33554432) (custom)
2022-03-09 17:22:38,664 [Listener at 127.0.0.1/35005] INFO  server.RaftServerConfigKeys (ConfUtils.java:logGet(44)) - raft.server.log.appender.buffer.byte-limit = 33554432 (custom)
2022-03-09 17:22:38,664 [Listener at 127.0.0.1/35005] INFO  server.GrpcService (ConfUtils.java:logGet(44)) - raft.grpc.flow.control.window = 1MB (=1048576) (default)
2022-03-09 17:22:38,664 [Listener at 127.0.0.1/35005] INFO  server.RaftServerConfigKeys (ConfUtils.java:logGet(44)) - raft.server.rpc.request.timeout = 30000ms (custom)
2022-03-09 17:22:38,666 [Listener at 127.0.0.1/35005] INFO  impl.DataStreamServerImpl (ConfUtils.java:logGet(44)) - raft.datastream.type = DISABLED (default)
2022-03-09 17:22:38,666 [Listener at 127.0.0.1/35005] INFO  server.RaftServerConfigKeys (ConfUtils.java:logGet(44)) - raft.server.rpc.slowness.timeout = 120000ms (custom)
2022-03-09 17:22:38,666 [Listener at 127.0.0.1/35005] INFO  server.RaftServerConfigKeys (ConfUtils.java:logGet(44)) - raft.server.leaderelection.leader.step-down.wait-time = 10s (default)
2022-03-09 17:22:38,666 [Listener at 127.0.0.1/35005] INFO  server.RaftServerConfigKeys (ConfUtils.java:logGet(44)) - raft.server.storage.dir = [/home/runner/work/ozone/ozone/hadoop-ozone/integration-test/target/test-dir/MiniOzoneClusterImpl-aa50db73-d356-40d6-b3b5-5343d3a56795/scmNode-1/scm-ha] (custom)
2022-03-09 17:22:38,675 [Listener at 127.0.0.1/35005] INFO  server.RaftServer (RaftServerProxy.java:addNew(95)) - ab171f79-80bf-4db9-ba30-7c5fcf45ffba: addNew group-5343D3A56795:[ab171f79-80bf-4db9-ba30-7c5fcf45ffba|rpc:localhost:39455|priority:0] returns group-5343D3A56795:java.util.concurrent.CompletableFuture@629059a9[Not completed]
2022-03-09 17:22:38,675 [pool-225-thread-1] INFO  server.RaftServer$Division (RaftServerImpl.java:<init>(184)) - ab171f79-80bf-4db9-ba30-7c5fcf45ffba: new RaftServerImpl for group-5343D3A56795:[ab171f79-80bf-4db9-ba30-7c5fcf45ffba|rpc:localhost:39455|priority:0] with SCMStateMachine:uninitialized
2022-03-09 17:22:38,683 [pool-225-thread-1] INFO  server.RaftServerConfigKeys (ConfUtils.java:logGet(44)) - raft.server.rpc.timeout.min = 5000ms (custom)
2022-03-09 17:22:38,683 [pool-225-thread-1] INFO  server.RaftServerConfigKeys (ConfUtils.java:logGet(44)) - raft.server.rpc.timeout.max = 5200ms (custom)
2022-03-09 17:22:38,683 [pool-225-thread-1] INFO  server.RaftServerConfigKeys (ConfUtils.java:logGet(44)) - raft.server.rpc.sleep.time = 25ms (default)
2022-03-09 17:22:38,683 [pool-225-thread-1] INFO  server.RaftServerConfigKeys (ConfUtils.java:logGet(44)) - raft.server.rpc.slowness.timeout = 120000ms (custom)
2022-03-09 17:22:38,683 [pool-225-thread-1] INFO  server.RaftServerConfigKeys (ConfUtils.java:logGet(44)) - raft.server.leaderelection.leader.step-down.wait-time = 10s (default)
2022-03-09 17:22:38,683 [pool-225-thread-1] INFO  server.RaftServerConfigKeys (ConfUtils.java:logGet(44)) - raft.server.sleep.deviation.threshold = 300ms (default)
2022-03-09 17:22:38,683 [pool-225-thread-1] INFO  server.RaftServerConfigKeys (ConfUtils.java:logGet(44)) - raft.server.log.appender.install.snapshot.enabled = false (custom)
2022-03-09 17:22:38,683 [pool-225-thread-1] INFO  server.RaftServer$Division (ServerState.java:<init>(105)) - ab171f79-80bf-4db9-ba30-7c5fcf45ffba@group-5343D3A56795: ConfigurationManager, init=-1: [ab171f79-80bf-4db9-ba30-7c5fcf45ffba|rpc:localhost:39455|priority:0], old=null, confs=<EMPTY_MAP>
2022-03-09 17:22:38,683 [pool-225-thread-1] INFO  server.RaftServerConfigKeys (ConfUtils.java:logGet(44)) - raft.server.storage.dir = [/home/runner/work/ozone/ozone/hadoop-ozone/integration-test/target/test-dir/MiniOzoneClusterImpl-aa50db73-d356-40d6-b3b5-5343d3a56795/scmNode-1/scm-ha] (custom)
2022-03-09 17:22:38,683 [pool-225-thread-1] INFO  server.RaftServerConfigKeys (ConfUtils.java:logGet(44)) - raft.server.log.corruption.policy = EXCEPTION (default)
2022-03-09 17:22:38,683 [pool-225-thread-1] INFO  server.RaftServerConfigKeys (ConfUtils.java:logGet(44)) - raft.server.storage.free-space.min = 0MB (=0) (default)
2022-03-09 17:22:38,684 [pool-225-thread-1] INFO  storage.RaftStorageDirectory (RaftStorageDirectoryImpl.java:analyzeStorage(135)) - The storage directory /home/runner/work/ozone/ozone/hadoop-ozone/integration-test/target/test-dir/MiniOzoneClusterImpl-aa50db73-d356-40d6-b3b5-5343d3a56795/scmNode-1/scm-ha/aa50db73-d356-40d6-b3b5-5343d3a56795 does not exist. Creating ...
2022-03-09 17:22:38,685 [pool-225-thread-1] INFO  storage.RaftStorageDirectory (RaftStorageDirectoryImpl.java:tryLock(230)) - Lock on /home/runner/work/ozone/ozone/hadoop-ozone/integration-test/target/test-dir/MiniOzoneClusterImpl-aa50db73-d356-40d6-b3b5-5343d3a56795/scmNode-1/scm-ha/aa50db73-d356-40d6-b3b5-5343d3a56795/in_use.lock acquired by nodename 7019@fv-az148-759
2022-03-09 17:22:38,686 [pool-225-thread-1] INFO  storage.RaftStorage (RaftStorageImpl.java:format(89)) - Storage directory /home/runner/work/ozone/ozone/hadoop-ozone/integration-test/target/test-dir/MiniOzoneClusterImpl-aa50db73-d356-40d6-b3b5-5343d3a56795/scmNode-1/scm-ha/aa50db73-d356-40d6-b3b5-5343d3a56795 has been successfully formatted.
2022-03-09 17:22:38,686 [pool-225-thread-1] INFO  server.RaftServerConfigKeys (ConfUtils.java:logGet(44)) - raft.server.notification.no-leader.timeout = 60s (default)
2022-03-09 17:22:38,686 [pool-225-thread-1] INFO  server.RaftServerConfigKeys (ConfUtils.java:logGet(44)) - raft.server.log.use.memory = false (default)
2022-03-09 17:22:38,686 [pool-225-thread-1] INFO  server.RaftServerConfigKeys (ConfUtils.java:logGet(44)) - raft.server.log.purge.gap = 5 (custom)
2022-03-09 17:22:38,686 [pool-225-thread-1] INFO  server.RaftServerConfigKeys (ConfUtils.java:logGet(44)) - raft.server.log.appender.buffer.byte-limit = 33554432 (custom)
2022-03-09 17:22:38,687 [pool-225-thread-1] INFO  server.RaftServerConfigKeys (ConfUtils.java:logGet(44)) - raft.server.log.segment.size.max = 4194304 (custom)
2022-03-09 17:22:38,687 [pool-225-thread-1] INFO  server.RaftServerConfigKeys (ConfUtils.java:logGet(44)) - raft.server.log.segment.cache.num.max = 2 (custom)
2022-03-09 17:22:38,687 [pool-225-thread-1] INFO  server.RaftServerConfigKeys (ConfUtils.java:logGet(44)) - raft.server.log.segment.cache.size.max = 200MB (=209715200) (default)
2022-03-09 17:22:38,687 [pool-225-thread-1] INFO  segmented.SegmentedRaftLogWorker (SegmentedRaftLogWorker.java:<init>(182)) - new ab171f79-80bf-4db9-ba30-7c5fcf45ffba@group-5343D3A56795-SegmentedRaftLogWorker for RaftStorageImpl:Storage Directory /home/runner/work/ozone/ozone/hadoop-ozone/integration-test/target/test-dir/MiniOzoneClusterImpl-aa50db73-d356-40d6-b3b5-5343d3a56795/scmNode-1/scm-ha/aa50db73-d356-40d6-b3b5-5343d3a56795
2022-03-09 17:22:38,687 [pool-225-thread-1] INFO  server.RaftServerConfigKeys (ConfUtils.java:logGet(44)) - raft.server.log.queue.byte-limit = 64MB (=67108864) (default)
2022-03-09 17:22:38,687 [pool-225-thread-1] INFO  server.RaftServerConfigKeys (ConfUtils.java:logGet(44)) - raft.server.log.queue.element-limit = 4096 (default)
2022-03-09 17:22:38,687 [pool-225-thread-1] INFO  server.RaftServerConfigKeys (ConfUtils.java:logGet(44)) - raft.server.log.segment.size.max = 4194304 (custom)
2022-03-09 17:22:38,687 [pool-225-thread-1] INFO  server.RaftServerConfigKeys (ConfUtils.java:logGet(44)) - raft.server.log.preallocated.size = 4194304 (custom)
2022-03-09 17:22:38,687 [pool-225-thread-1] INFO  server.RaftServerConfigKeys (ConfUtils.java:logGet(44)) - raft.server.log.force.sync.num = 128 (default)
2022-03-09 17:22:38,687 [pool-225-thread-1] INFO  server.RaftServerConfigKeys (ConfUtils.java:logGet(44)) - raft.server.log.statemachine.data.sync = true (default)
2022-03-09 17:22:38,688 [pool-225-thread-1] INFO  server.RaftServerConfigKeys (ConfUtils.java:logGet(44)) - raft.server.log.statemachine.data.sync.timeout = 10s (default)
2022-03-09 17:22:38,688 [pool-225-thread-1] INFO  server.RaftServerConfigKeys (ConfUtils.java:logGet(44)) - raft.server.log.statemachine.data.sync.timeout.retry = -1 (default)
2022-03-09 17:22:38,688 [pool-225-thread-1] INFO  server.RaftServerConfigKeys (ConfUtils.java:logGet(44)) - raft.server.log.write.buffer.size = 64KB (=65536) (default)
2022-03-09 17:22:38,688 [pool-225-thread-1] INFO  server.RaftServerConfigKeys (ConfUtils.java:logGet(44)) - raft.server.log.statemachine.data.caching.enabled = false (default)
2022-03-09 17:22:38,688 [pool-225-thread-1] INFO  segmented.SegmentedRaftLogWorker (SegmentedRaftLogWorker.java:lambda$new$0(133)) - ab171f79-80bf-4db9-ba30-7c5fcf45ffba@group-5343D3A56795-SegmentedRaftLogWorker: flushIndex: setUnconditionally 0 -> -1
2022-03-09 17:22:38,688 [pool-225-thread-1] INFO  segmented.SegmentedRaftLogWorker (SegmentedRaftLogWorker.java:lambda$new$0(133)) - ab171f79-80bf-4db9-ba30-7c5fcf45ffba@group-5343D3A56795-SegmentedRaftLogWorker: safeCacheEvictIndex: setUnconditionally 0 -> -1
2022-03-09 17:22:38,701 [pool-225-thread-1] INFO  server.RaftServerConfigKeys (ConfUtils.java:logGet(44)) - raft.server.snapshot.auto.trigger.enabled = true (custom)
2022-03-09 17:22:38,701 [pool-225-thread-1] INFO  server.RaftServerConfigKeys (ConfUtils.java:logGet(44)) - raft.server.snapshot.auto.trigger.threshold = 5 (custom)
2022-03-09 17:22:38,701 [pool-225-thread-1] INFO  server.RaftServerConfigKeys (ConfUtils.java:logGet(44)) - raft.server.snapshot.retention.file.num = -1 (default)
2022-03-09 17:22:38,701 [pool-225-thread-1] INFO  server.RaftServerConfigKeys (ConfUtils.java:logGet(44)) - raft.server.log.purge.upto.snapshot.index = true (custom)
2022-03-09 17:22:38,701 [pool-225-thread-1] INFO  server.RaftServerConfigKeys (ConfUtils.java:logGet(44)) - raft.server.retrycache.expirytime = 60000ms (default)
2022-03-09 17:22:38,701 [pool-225-thread-1] INFO  server.RaftServerConfigKeys (ConfUtils.java:logGet(44)) - raft.server.retrycache.statistics.expirytime = 100μs (default)
2022-03-09 17:22:38,702 [Listener at 127.0.0.1/35005] INFO  server.RaftServer$Division (RaftServerImpl.java:start(301)) - ab171f79-80bf-4db9-ba30-7c5fcf45ffba@group-5343D3A56795: start as a follower, conf=-1: [ab171f79-80bf-4db9-ba30-7c5fcf45ffba|rpc:localhost:39455|priority:0], old=null
2022-03-09 17:22:38,702 [Listener at 127.0.0.1/35005] INFO  server.RaftServer$Division (RaftServerImpl.java:setRole(290)) - ab171f79-80bf-4db9-ba30-7c5fcf45ffba@group-5343D3A56795: changes role from      null to FOLLOWER at term 0 for startAsFollower
2022-03-09 17:22:38,703 [Listener at 127.0.0.1/35005] INFO  impl.RoleInfo (RoleInfo.java:updateAndGet(130)) - ab171f79-80bf-4db9-ba30-7c5fcf45ffba: start ab171f79-80bf-4db9-ba30-7c5fcf45ffba@group-5343D3A56795-FollowerState
2022-03-09 17:22:38,709 [Listener at 127.0.0.1/35005] INFO  util.JmxRegister (JmxRegister.java:tryRegister(44)) - Successfully registered JMX Bean with object name Ratis:service=RaftServer,group=group-5343D3A56795,id=ab171f79-80bf-4db9-ba30-7c5fcf45ffba
2022-03-09 17:22:38,719 [Listener at 127.0.0.1/35005] INFO  server.RaftServer (RaftServerProxy.java:lambda$start$5(374)) - ab171f79-80bf-4db9-ba30-7c5fcf45ffba: start RPC server
2022-03-09 17:22:38,727 [Listener at 127.0.0.1/35005] INFO  server.GrpcService (GrpcService.java:startImpl(253)) - ab171f79-80bf-4db9-ba30-7c5fcf45ffba: GrpcService started, listening on 39455
2022-03-09 17:22:38,743 [org.apache.ratis.util.JvmPauseMonitor$$Lambda$503/957387062@55fc6954] INFO  util.JvmPauseMonitor (JvmPauseMonitor.java:run(103)) - JvmPauseMonitor-ab171f79-80bf-4db9-ba30-7c5fcf45ffba: Started
2022-03-09 17:22:39,433 [EndpointStateMachine task thread for /127.0.0.1:40365 - 0 ] INFO  ipc.Client (Client.java:handleConnectionFailure(977)) - Retrying connect to server: localhost/127.0.0.1:40365. Already tried 7 time(s); retry policy is RetryUpToMaximumCountWithFixedSleep(maxRetries=15, sleepTime=1000 MILLISECONDS)
2022-03-09 17:22:39,440 [EndpointStateMachine task thread for /127.0.0.1:38239 - 0 ] INFO  ipc.Client (Client.java:handleConnectionFailure(977)) - Retrying connect to server: localhost/127.0.0.1:38239. Already tried 7 time(s); retry policy is RetryUpToMaximumCountWithFixedSleep(maxRetries=15, sleepTime=1000 MILLISECONDS)
2022-03-09 17:22:39,440 [EndpointStateMachine task thread for /127.0.0.1:45657 - 0 ] INFO  ipc.Client (Client.java:handleConnectionFailure(977)) - Retrying connect to server: localhost/127.0.0.1:45657. Already tried 7 time(s); retry policy is RetryUpToMaximumCountWithFixedSleep(maxRetries=15, sleepTime=1000 MILLISECONDS)
2022-03-09 17:22:40,433 [EndpointStateMachine task thread for /127.0.0.1:40365 - 0 ] INFO  ipc.Client (Client.java:handleConnectionFailure(977)) - Retrying connect to server: localhost/127.0.0.1:40365. Already tried 8 time(s); retry policy is RetryUpToMaximumCountWithFixedSleep(maxRetries=15, sleepTime=1000 MILLISECONDS)
2022-03-09 17:22:40,441 [EndpointStateMachine task thread for /127.0.0.1:38239 - 0 ] INFO  ipc.Client (Client.java:handleConnectionFailure(977)) - Retrying connect to server: localhost/127.0.0.1:38239. Already tried 8 time(s); retry policy is RetryUpToMaximumCountWithFixedSleep(maxRetries=15, sleepTime=1000 MILLISECONDS)
2022-03-09 17:22:40,441 [EndpointStateMachine task thread for /127.0.0.1:45657 - 0 ] INFO  ipc.Client (Client.java:handleConnectionFailure(977)) - Retrying connect to server: localhost/127.0.0.1:45657. Already tried 8 time(s); retry policy is RetryUpToMaximumCountWithFixedSleep(maxRetries=15, sleepTime=1000 MILLISECONDS)
2022-03-09 17:22:41,434 [EndpointStateMachine task thread for /127.0.0.1:40365 - 0 ] INFO  ipc.Client (Client.java:handleConnectionFailure(977)) - Retrying connect to server: localhost/127.0.0.1:40365. Already tried 9 time(s); retry policy is RetryUpToMaximumCountWithFixedSleep(maxRetries=15, sleepTime=1000 MILLISECONDS)
2022-03-09 17:22:41,441 [EndpointStateMachine task thread for /127.0.0.1:38239 - 0 ] INFO  ipc.Client (Client.java:handleConnectionFailure(977)) - Retrying connect to server: localhost/127.0.0.1:38239. Already tried 9 time(s); retry policy is RetryUpToMaximumCountWithFixedSleep(maxRetries=15, sleepTime=1000 MILLISECONDS)
2022-03-09 17:22:41,441 [EndpointStateMachine task thread for /127.0.0.1:45657 - 0 ] INFO  ipc.Client (Client.java:handleConnectionFailure(977)) - Retrying connect to server: localhost/127.0.0.1:45657. Already tried 9 time(s); retry policy is RetryUpToMaximumCountWithFixedSleep(maxRetries=15, sleepTime=1000 MILLISECONDS)
2022-03-09 17:22:42,436 [EndpointStateMachine task thread for /127.0.0.1:40365 - 0 ] INFO  ipc.Client (Client.java:handleConnectionFailure(977)) - Retrying connect to server: localhost/127.0.0.1:40365. Already tried 10 time(s); retry policy is RetryUpToMaximumCountWithFixedSleep(maxRetries=15, sleepTime=1000 MILLISECONDS)
2022-03-09 17:22:42,442 [EndpointStateMachine task thread for /127.0.0.1:38239 - 0 ] INFO  ipc.Client (Client.java:handleConnectionFailure(977)) - Retrying connect to server: localhost/127.0.0.1:38239. Already tried 10 time(s); retry policy is RetryUpToMaximumCountWithFixedSleep(maxRetries=15, sleepTime=1000 MILLISECONDS)
2022-03-09 17:22:42,442 [EndpointStateMachine task thread for /127.0.0.1:45657 - 0 ] INFO  ipc.Client (Client.java:handleConnectionFailure(977)) - Retrying connect to server: localhost/127.0.0.1:45657. Already tried 10 time(s); retry policy is RetryUpToMaximumCountWithFixedSleep(maxRetries=15, sleepTime=1000 MILLISECONDS)
2022-03-09 17:22:43,436 [EndpointStateMachine task thread for /127.0.0.1:40365 - 0 ] INFO  ipc.Client (Client.java:handleConnectionFailure(977)) - Retrying connect to server: localhost/127.0.0.1:40365. Already tried 11 time(s); retry policy is RetryUpToMaximumCountWithFixedSleep(maxRetries=15, sleepTime=1000 MILLISECONDS)
2022-03-09 17:22:43,442 [EndpointStateMachine task thread for /127.0.0.1:38239 - 0 ] INFO  ipc.Client (Client.java:handleConnectionFailure(977)) - Retrying connect to server: localhost/127.0.0.1:38239. Already tried 11 time(s); retry policy is RetryUpToMaximumCountWithFixedSleep(maxRetries=15, sleepTime=1000 MILLISECONDS)
2022-03-09 17:22:43,442 [EndpointStateMachine task thread for /127.0.0.1:45657 - 0 ] INFO  ipc.Client (Client.java:handleConnectionFailure(977)) - Retrying connect to server: localhost/127.0.0.1:45657. Already tried 11 time(s); retry policy is RetryUpToMaximumCountWithFixedSleep(maxRetries=15, sleepTime=1000 MILLISECONDS)
2022-03-09 17:22:43,840 [ab171f79-80bf-4db9-ba30-7c5fcf45ffba@group-5343D3A56795-FollowerState] INFO  impl.FollowerState (FollowerState.java:run(134)) - ab171f79-80bf-4db9-ba30-7c5fcf45ffba@group-5343D3A56795-FollowerState: change to CANDIDATE, lastRpcElapsedTime:5137762770ns, electionTimeout:5131ms
2022-03-09 17:22:43,841 [ab171f79-80bf-4db9-ba30-7c5fcf45ffba@group-5343D3A56795-FollowerState] INFO  impl.RoleInfo (RoleInfo.java:shutdownFollowerState(108)) - ab171f79-80bf-4db9-ba30-7c5fcf45ffba: shutdown ab171f79-80bf-4db9-ba30-7c5fcf45ffba@group-5343D3A56795-FollowerState
2022-03-09 17:22:43,841 [ab171f79-80bf-4db9-ba30-7c5fcf45ffba@group-5343D3A56795-FollowerState] INFO  server.RaftServer$Division (RaftServerImpl.java:setRole(290)) - ab171f79-80bf-4db9-ba30-7c5fcf45ffba@group-5343D3A56795: changes role from  FOLLOWER to CANDIDATE at term 0 for changeToCandidate
2022-03-09 17:22:43,841 [ab171f79-80bf-4db9-ba30-7c5fcf45ffba@group-5343D3A56795-FollowerState] INFO  server.RaftServerConfigKeys (ConfUtils.java:logGet(44)) - raft.server.leaderelection.pre-vote = false (custom)
2022-03-09 17:22:43,841 [ab171f79-80bf-4db9-ba30-7c5fcf45ffba@group-5343D3A56795-FollowerState] INFO  impl.RoleInfo (RoleInfo.java:updateAndGet(130)) - ab171f79-80bf-4db9-ba30-7c5fcf45ffba: start ab171f79-80bf-4db9-ba30-7c5fcf45ffba@group-5343D3A56795-LeaderElection12
2022-03-09 17:22:43,855 [ab171f79-80bf-4db9-ba30-7c5fcf45ffba@group-5343D3A56795-LeaderElection12] INFO  impl.LeaderElection (LeaderElection.java:askForVotes(306)) - ab171f79-80bf-4db9-ba30-7c5fcf45ffba@group-5343D3A56795-LeaderElection12 ELECTION round 0: submit vote requests at term 1 for -1: [ab171f79-80bf-4db9-ba30-7c5fcf45ffba|rpc:localhost:39455|priority:0], old=null
2022-03-09 17:22:43,855 [ab171f79-80bf-4db9-ba30-7c5fcf45ffba@group-5343D3A56795-LeaderElection12] INFO  impl.LeaderElection (LeaderElection.java:askForVotes(308)) - ab171f79-80bf-4db9-ba30-7c5fcf45ffba@group-5343D3A56795-LeaderElection12 ELECTION round 0: result PASSED (term=1)
2022-03-09 17:22:43,855 [ab171f79-80bf-4db9-ba30-7c5fcf45ffba@group-5343D3A56795-LeaderElection12] INFO  impl.RoleInfo (RoleInfo.java:shutdownLeaderElection(121)) - ab171f79-80bf-4db9-ba30-7c5fcf45ffba: shutdown ab171f79-80bf-4db9-ba30-7c5fcf45ffba@group-5343D3A56795-LeaderElection12
2022-03-09 17:22:43,855 [ab171f79-80bf-4db9-ba30-7c5fcf45ffba@group-5343D3A56795-LeaderElection12] INFO  server.RaftServer$Division (RaftServerImpl.java:setRole(290)) - ab171f79-80bf-4db9-ba30-7c5fcf45ffba@group-5343D3A56795: changes role from CANDIDATE to LEADER at term 1 for changeToLeader
2022-03-09 17:22:43,855 [ab171f79-80bf-4db9-ba30-7c5fcf45ffba@group-5343D3A56795-LeaderElection12] INFO  server.RaftServer$Division (ServerState.java:setLeader(285)) - ab171f79-80bf-4db9-ba30-7c5fcf45ffba@group-5343D3A56795: change Leader from null to ab171f79-80bf-4db9-ba30-7c5fcf45ffba at term 1 for becomeLeader, leader elected after 5169ms
2022-03-09 17:22:43,855 [ab171f79-80bf-4db9-ba30-7c5fcf45ffba@group-5343D3A56795-LeaderElection12] INFO  server.RaftServerConfigKeys (ConfUtils.java:logGet(44)) - raft.server.staging.catchup.gap = 1000 (default)
2022-03-09 17:22:43,856 [ab171f79-80bf-4db9-ba30-7c5fcf45ffba@group-5343D3A56795-LeaderElection12] INFO  server.RaftServerConfigKeys (ConfUtils.java:logGet(44)) - raft.server.write.element-limit = 4096 (default)
2022-03-09 17:22:43,856 [ab171f79-80bf-4db9-ba30-7c5fcf45ffba@group-5343D3A56795-LeaderElection12] INFO  server.RaftServerConfigKeys (ConfUtils.java:logGet(44)) - raft.server.write.byte-limit = 64MB (=67108864) (default)
2022-03-09 17:22:43,856 [ab171f79-80bf-4db9-ba30-7c5fcf45ffba@group-5343D3A56795-LeaderElection12] INFO  server.RaftServerConfigKeys (ConfUtils.java:logGet(44)) - raft.server.watch.timeout = 10s (default)
2022-03-09 17:22:43,856 [ab171f79-80bf-4db9-ba30-7c5fcf45ffba@group-5343D3A56795-LeaderElection12] INFO  server.RaftServerConfigKeys (ConfUtils.java:logGet(44)) - raft.server.watch.timeout.denomination = 1s (default)
2022-03-09 17:22:43,856 [ab171f79-80bf-4db9-ba30-7c5fcf45ffba@group-5343D3A56795-LeaderElection12] INFO  server.RaftServerConfigKeys (ConfUtils.java:logGet(44)) - raft.server.watch.element-limit = 65536 (default)
2022-03-09 17:22:43,856 [ab171f79-80bf-4db9-ba30-7c5fcf45ffba@group-5343D3A56795-LeaderElection12] INFO  server.RaftServerConfigKeys (ConfUtils.java:logGet(44)) - raft.server.write.element-limit = 4096 (default)
2022-03-09 17:22:43,856 [ab171f79-80bf-4db9-ba30-7c5fcf45ffba@group-5343D3A56795-LeaderElection12] INFO  server.RaftServerConfigKeys (ConfUtils.java:logGet(44)) - raft.server.write.follower.gap.ratio.max = -1.0 (default)
2022-03-09 17:22:43,856 [ab171f79-80bf-4db9-ba30-7c5fcf45ffba@group-5343D3A56795-LeaderElection12] INFO  impl.RoleInfo (RoleInfo.java:updateAndGet(130)) - ab171f79-80bf-4db9-ba30-7c5fcf45ffba: start ab171f79-80bf-4db9-ba30-7c5fcf45ffba@group-5343D3A56795-LeaderStateImpl
2022-03-09 17:22:43,856 [ab171f79-80bf-4db9-ba30-7c5fcf45ffba@group-5343D3A56795-LeaderElection12] INFO  segmented.SegmentedRaftLogWorker (SegmentedRaftLogWorker.java:startLogSegment(394)) - ab171f79-80bf-4db9-ba30-7c5fcf45ffba@group-5343D3A56795-SegmentedRaftLogWorker: Starting segment from index:0
2022-03-09 17:22:43,866 [ab171f79-80bf-4db9-ba30-7c5fcf45ffba@group-5343D3A56795-SegmentedRaftLogWorker] INFO  segmented.SegmentedRaftLogWorker (SegmentedRaftLogWorker.java:execute(601)) - ab171f79-80bf-4db9-ba30-7c5fcf45ffba@group-5343D3A56795-SegmentedRaftLogWorker: created new log segment /home/runner/work/ozone/ozone/hadoop-ozone/integration-test/target/test-dir/MiniOzoneClusterImpl-aa50db73-d356-40d6-b3b5-5343d3a56795/scmNode-1/scm-ha/aa50db73-d356-40d6-b3b5-5343d3a56795/current/log_inprogress_0
2022-03-09 17:22:43,883 [ab171f79-80bf-4db9-ba30-7c5fcf45ffba@group-5343D3A56795-LeaderElection12] INFO  server.RaftServer$Division (ServerState.java:setRaftConf(387)) - ab171f79-80bf-4db9-ba30-7c5fcf45ffba@group-5343D3A56795: set configuration 0: [ab171f79-80bf-4db9-ba30-7c5fcf45ffba|rpc:localhost:39455|admin:|client:|dataStream:|priority:0], old=null
2022-03-09 17:22:44,437 [EndpointStateMachine task thread for /127.0.0.1:40365 - 0 ] INFO  ipc.Client (Client.java:handleConnectionFailure(977)) - Retrying connect to server: localhost/127.0.0.1:40365. Already tried 12 time(s); retry policy is RetryUpToMaximumCountWithFixedSleep(maxRetries=15, sleepTime=1000 MILLISECONDS)
2022-03-09 17:22:44,443 [EndpointStateMachine task thread for /127.0.0.1:38239 - 0 ] INFO  ipc.Client (Client.java:handleConnectionFailure(977)) - Retrying connect to server: localhost/127.0.0.1:38239. Already tried 12 time(s); retry policy is RetryUpToMaximumCountWithFixedSleep(maxRetries=15, sleepTime=1000 MILLISECONDS)
2022-03-09 17:22:44,443 [EndpointStateMachine task thread for /127.0.0.1:45657 - 0 ] INFO  ipc.Client (Client.java:handleConnectionFailure(977)) - Retrying connect to server: localhost/127.0.0.1:45657. Already tried 12 time(s); retry policy is RetryUpToMaximumCountWithFixedSleep(maxRetries=15, sleepTime=1000 MILLISECONDS)
2022-03-09 17:22:44,735 [Listener at 127.0.0.1/35005] INFO  server.RaftServer (RaftServerProxy.java:lambda$close$6(391)) - ab171f79-80bf-4db9-ba30-7c5fcf45ffba: close
2022-03-09 17:22:44,736 [Listener at 127.0.0.1/35005] INFO  server.RaftServer$Division (RaftServerImpl.java:lambda$close$4(412)) - ab171f79-80bf-4db9-ba30-7c5fcf45ffba@group-5343D3A56795: shutdown
2022-03-09 17:22:44,736 [Listener at 127.0.0.1/35005] INFO  util.JmxRegister (JmxRegister.java:unregister(73)) - Successfully un-registered JMX Bean with object name Ratis:service=RaftServer,group=group-5343D3A56795,id=ab171f79-80bf-4db9-ba30-7c5fcf45ffba
2022-03-09 17:22:44,736 [Listener at 127.0.0.1/35005] INFO  impl.RoleInfo (RoleInfo.java:shutdownLeaderState(91)) - ab171f79-80bf-4db9-ba30-7c5fcf45ffba: shutdown ab171f79-80bf-4db9-ba30-7c5fcf45ffba@group-5343D3A56795-LeaderStateImpl
2022-03-09 17:22:44,736 [Listener at 127.0.0.1/35005] INFO  impl.PendingRequests (PendingRequests.java:sendNotLeaderResponses(282)) - ab171f79-80bf-4db9-ba30-7c5fcf45ffba@group-5343D3A56795-PendingRequests: sendNotLeaderResponses
2022-03-09 17:22:44,737 [Listener at 127.0.0.1/35005] INFO  impl.StateMachineUpdater (StateMachineUpdater.java:stopAndJoin(149)) - ab171f79-80bf-4db9-ba30-7c5fcf45ffba@group-5343D3A56795-StateMachineUpdater: set stopIndex = 0
2022-03-09 17:22:44,737 [ab171f79-80bf-4db9-ba30-7c5fcf45ffba@group-5343D3A56795-StateMachineUpdater] INFO  impl.StateMachineUpdater (StateMachineUpdater.java:takeSnapshot(281)) - ab171f79-80bf-4db9-ba30-7c5fcf45ffba@group-5343D3A56795-StateMachineUpdater: Took a snapshot at index 0
2022-03-09 17:22:44,737 [ab171f79-80bf-4db9-ba30-7c5fcf45ffba@group-5343D3A56795-StateMachineUpdater] INFO  impl.StateMachineUpdater (StateMachineUpdater.java:lambda$new$0(89)) - ab171f79-80bf-4db9-ba30-7c5fcf45ffba@group-5343D3A56795-StateMachineUpdater: snapshotIndex: updateIncreasingly -1 -> 0
2022-03-09 17:22:44,738 [Listener at 127.0.0.1/35005] INFO  server.RaftServer$Division (ServerState.java:close(419)) - ab171f79-80bf-4db9-ba30-7c5fcf45ffba@group-5343D3A56795: closes. applyIndex: 0
2022-03-09 17:22:44,738 [ab171f79-80bf-4db9-ba30-7c5fcf45ffba@group-5343D3A56795-SegmentedRaftLogWorker] INFO  segmented.SegmentedRaftLogWorker (SegmentedRaftLogWorker.java:run(327)) - ab171f79-80bf-4db9-ba30-7c5fcf45ffba@group-5343D3A56795-SegmentedRaftLogWorker was interrupted, exiting. There are 0 tasks remaining in the queue.
2022-03-09 17:22:44,739 [Listener at 127.0.0.1/35005] INFO  segmented.SegmentedRaftLogWorker (SegmentedRaftLogWorker.java:close(237)) - ab171f79-80bf-4db9-ba30-7c5fcf45ffba@group-5343D3A56795-SegmentedRaftLogWorker close()
2022-03-09 17:22:44,740 [Listener at 127.0.0.1/35005] INFO  server.GrpcService (GrpcService.java:closeImpl(262)) - ab171f79-80bf-4db9-ba30-7c5fcf45ffba: shutdown server with port 39455 now
2022-03-09 17:22:44,741 [Listener at 127.0.0.1/35005] INFO  server.GrpcService (GrpcService.java:closeImpl(271)) - ab171f79-80bf-4db9-ba30-7c5fcf45ffba: shutdown server with port 39455 successfully
2022-03-09 17:22:44,741 [org.apache.ratis.util.JvmPauseMonitor$$Lambda$503/957387062@55fc6954] INFO  util.JvmPauseMonitor (JvmPauseMonitor.java:run(109)) - JvmPauseMonitor-ab171f79-80bf-4db9-ba30-7c5fcf45ffba: Stopped
2022-03-09 17:22:44,741 [Listener at 127.0.0.1/35005] WARN  server.ServerUtils (ServerUtils.java:getScmDbDir(148)) - ozone.scm.db.dirs is not configured. We recommend adding this setting. Falling back to ozone.metadata.dirs instead.
2022-03-09 17:22:44,742 [Listener at 127.0.0.1/35005] INFO  server.StorageContainerManager (StorageContainerManager.java:scmInit(1107)) - SCM initialization succeeded. Current cluster id for sd=/home/runner/work/ozone/ozone/hadoop-ozone/integration-test/target/test-dir/MiniOzoneClusterImpl-aa50db73-d356-40d6-b3b5-5343d3a56795/scmNode-1/scm; cid=aa50db73-d356-40d6-b3b5-5343d3a56795; layoutVersion=2; scmId=ab171f79-80bf-4db9-ba30-7c5fcf45ffba
2022-03-09 17:22:44,743 [Listener at 127.0.0.1/35005] INFO  ha.SCMHANodeDetails (SCMHANodeDetails.java:loadSCMHAConfig(157)) - ServiceID for StorageContainerManager is scm-service-test1
2022-03-09 17:22:44,743 [Listener at 127.0.0.1/35005] INFO  ha.SCMHANodeDetails (SCMHANodeDetails.java:loadSCMHAConfig(168)) - ServiceID for StorageContainerManager is scm-service-test1
2022-03-09 17:22:44,743 [Listener at 127.0.0.1/35005] WARN  scm.ScmUtils (ScmUtils.java:logWarn(179)) - ConfigKey ozone.scm.block.client.address is deprecated, For configuring different ports for each SCM use PortConfigKey ozone.scm.block.client.port appended with serviceId and nodeId. If want to configure same port configure ozone.scm.block.client.port
2022-03-09 17:22:44,743 [Listener at 127.0.0.1/35005] WARN  scm.ScmUtils (ScmUtils.java:logWarn(179)) - ConfigKey ozone.scm.client.address is deprecated, For configuring different ports for each SCM use PortConfigKey ozone.scm.client.port appended with serviceId and nodeId. If want to configure same port configure ozone.scm.client.port
2022-03-09 17:22:44,743 [Listener at 127.0.0.1/35005] WARN  scm.ScmUtils (ScmUtils.java:logWarn(179)) - ConfigKey ozone.scm.datanode.address is deprecated, For configuring different ports for each SCM use PortConfigKey ozone.scm.datanode.port appended with serviceId and nodeId. If want to configure same port configure ozone.scm.datanode.port
2022-03-09 17:22:44,743 [Listener at 127.0.0.1/35005] WARN  scm.ScmUtils (ScmUtils.java:logWarn(179)) - ConfigKey ozone.scm.block.client.address is deprecated, For configuring different ports for each SCM use PortConfigKey ozone.scm.block.client.port appended with serviceId and nodeId. If want to configure same port configure ozone.scm.block.client.port
2022-03-09 17:22:44,743 [Listener at 127.0.0.1/35005] WARN  scm.ScmUtils (ScmUtils.java:logWarn(179)) - ConfigKey ozone.scm.client.address is deprecated, For configuring different ports for each SCM use PortConfigKey ozone.scm.client.port appended with serviceId and nodeId. If want to configure same port configure ozone.scm.client.port
2022-03-09 17:22:44,744 [Listener at 127.0.0.1/35005] WARN  scm.ScmUtils (ScmUtils.java:logWarn(179)) - ConfigKey ozone.scm.datanode.address is deprecated, For configuring different ports for each SCM use PortConfigKey ozone.scm.datanode.port appended with serviceId and nodeId. If want to configure same port configure ozone.scm.datanode.port
2022-03-09 17:22:44,744 [Listener at 127.0.0.1/35005] INFO  ha.SCMHANodeDetails (SCMHANodeDetails.java:loadSCMHAConfig(250)) - Found matching SCM address with SCMServiceId: scm-service-test1, SCMNodeId: scmNode-1, RPC Address: localhost:39455 and Ratis port: 39455
2022-03-09 17:22:44,744 [Listener at 127.0.0.1/35005] INFO  ha.SCMHANodeDetails (ConfUtils.java:setNodeSpecificConfigs(108)) - Setting configuration key ozone.scm.datanode.address with value of key ozone.scm.datanode.address.scm-service-test1.scmNode-1: 127.0.0.1:34459
2022-03-09 17:22:44,744 [Listener at 127.0.0.1/35005] INFO  ha.SCMHANodeDetails (ConfUtils.java:setNodeSpecificConfigs(108)) - Setting configuration key ozone.scm.block.client.address with value of key ozone.scm.block.client.address.scm-service-test1.scmNode-1: 127.0.0.1:38891
2022-03-09 17:22:44,744 [Listener at 127.0.0.1/35005] INFO  ha.SCMHANodeDetails (ConfUtils.java:setNodeSpecificConfigs(108)) - Setting configuration key ozone.scm.client.address with value of key ozone.scm.client.address.scm-service-test1.scmNode-1: 127.0.0.1:34555
2022-03-09 17:22:44,744 [Listener at 127.0.0.1/35005] INFO  ha.SCMHANodeDetails (ConfUtils.java:setNodeSpecificConfigs(108)) - Setting configuration key ozone.scm.ratis.port with value of key ozone.scm.ratis.port.scm-service-test1.scmNode-1: 39455
2022-03-09 17:22:44,744 [Listener at 127.0.0.1/35005] INFO  ha.SCMHANodeDetails (ConfUtils.java:setNodeSpecificConfigs(108)) - Setting configuration key ozone.scm.grpc.port with value of key ozone.scm.grpc.port.scm-service-test1.scmNode-1: 33793
2022-03-09 17:22:44,744 [Listener at 127.0.0.1/35005] INFO  ha.SCMHANodeDetails (ConfUtils.java:setNodeSpecificConfigs(108)) - Setting configuration key ozone.scm.http-address with value of key ozone.scm.http-address.scm-service-test1.scmNode-1: 127.0.0.1:37349
2022-03-09 17:22:44,744 [Listener at 127.0.0.1/35005] INFO  ha.SCMHANodeDetails (ConfUtils.java:setNodeSpecificConfigs(108)) - Setting configuration key ozone.scm.https-address with value of key ozone.scm.https-address.scm-service-test1.scmNode-1: 127.0.0.1:45097
2022-03-09 17:22:44,744 [Listener at 127.0.0.1/35005] INFO  ha.SCMHANodeDetails (ConfUtils.java:setNodeSpecificConfigs(108)) - Setting configuration key ozone.scm.address with value of key ozone.scm.address.scm-service-test1.scmNode-1: 127.0.0.1
2022-03-09 17:22:44,744 [Listener at 127.0.0.1/35005] WARN  scm.ScmUtils (ScmUtils.java:logWarn(179)) - ConfigKey ozone.scm.block.client.address is deprecated, For configuring different ports for each SCM use PortConfigKey ozone.scm.block.client.port appended with serviceId and nodeId. If want to configure same port configure ozone.scm.block.client.port
2022-03-09 17:22:44,745 [Listener at 127.0.0.1/35005] WARN  scm.ScmUtils (ScmUtils.java:logWarn(179)) - ConfigKey ozone.scm.client.address is deprecated, For configuring different ports for each SCM use PortConfigKey ozone.scm.client.port appended with serviceId and nodeId. If want to configure same port configure ozone.scm.client.port
2022-03-09 17:22:44,745 [Listener at 127.0.0.1/35005] WARN  scm.ScmUtils (ScmUtils.java:logWarn(179)) - ConfigKey ozone.scm.datanode.address is deprecated, For configuring different ports for each SCM use PortConfigKey ozone.scm.datanode.port appended with serviceId and nodeId. If want to configure same port configure ozone.scm.datanode.port
2022-03-09 17:22:44,745 [Listener at 127.0.0.1/35005] WARN  server.ServerUtils (ServerUtils.java:getScmDbDir(148)) - ozone.scm.db.dirs is not configured. We recommend adding this setting. Falling back to ozone.metadata.dirs instead.
2022-03-09 17:22:44,745 [Listener at 127.0.0.1/35005] INFO  upgrade.AbstractLayoutVersionManager (AbstractLayoutVersionManager.java:init(79)) - Initializing Layout version manager with metadata layout = SCM_HA (version = 2), software layout = SCM_HA (version = 2)
2022-03-09 17:22:44,849 [Listener at 127.0.0.1/35005] INFO  reflections.Reflections (Reflections.java:scan(232)) - Reflections took 103 ms to scan 7 urls, producing 122 keys and 286 values 
2022-03-09 17:22:44,864 [Listener at 127.0.0.1/35005] WARN  utils.HAUtils (HAUtils.java:getMetaDir(342)) - ozone.scm.db.dirs is not configured. We recommend adding this setting. Falling back to ozone.metadata.dirs instead.
2022-03-09 17:22:44,864 [Listener at 127.0.0.1/35005] WARN  db.DBStoreBuilder (DBStoreBuilder.java:applyDBDefinition(145)) - ozone.scm.db.dirs is not configured. We recommend adding this setting. Falling back to ozone.metadata.dirs instead.
2022-03-09 17:22:45,038 [Listener at 127.0.0.1/35005] INFO  net.NodeSchemaLoader (NodeSchemaLoader.java:loadSchemaFromFile(129)) - Loading schema from [jar:file:/home/runner/.m2/repository/org/apache/ozone/hdds-common/1.3.0-SNAPSHOT/hdds-common-1.3.0-SNAPSHOT.jar!/network-topology-default.xml]
2022-03-09 17:22:45,043 [Listener at 127.0.0.1/35005] INFO  net.NodeSchemaLoader (NodeSchemaLoader.java:loadSchema(176)) - Loading network topology layer schema file
2022-03-09 17:22:45,056 [Listener at 127.0.0.1/35005] INFO  ha.SCMRatisServerImpl (SCMRatisServerImpl.java:<init>(87)) - starting Raft server for scm:ab171f79-80bf-4db9-ba30-7c5fcf45ffba
2022-03-09 17:22:45,063 [Listener at 127.0.0.1/35005] INFO  server.RaftServer (ConfUtils.java:logGet(44)) - raft.rpc.type = GRPC (default)
2022-03-09 17:22:45,065 [Listener at 127.0.0.1/35005] INFO  grpc.GrpcFactory (GrpcFactory.java:checkPooledByteBufAllocatorUseCacheForAllThreads(48)) - PERFORMANCE WARNING: useCacheForAllThreads is true that may cause Netty to create a lot garbage objects and, as a result, trigger GC.
	It is recommended to disable useCacheForAllThreads by setting -Dorg.apache.ratis.thirdparty.io.netty.allocator.useCacheForAllThreads=false in command line.
2022-03-09 17:22:45,065 [Listener at 127.0.0.1/35005] INFO  grpc.GrpcConfigKeys (ConfUtils.java:logGet(44)) - raft.grpc.admin.port = -1 (default)
2022-03-09 17:22:45,065 [Listener at 127.0.0.1/35005] INFO  grpc.GrpcConfigKeys (ConfUtils.java:logGet(44)) - raft.grpc.server.port = 39455 (custom)
2022-03-09 17:22:45,066 [Listener at 127.0.0.1/35005] INFO  grpc.GrpcConfigKeys (ConfUtils.java:logGet(44)) - raft.grpc.client.port = -1 (default)
2022-03-09 17:22:45,066 [Listener at 127.0.0.1/35005] INFO  grpc.GrpcConfigKeys (ConfUtils.java:logGet(44)) - raft.grpc.server.port = 39455 (custom)
2022-03-09 17:22:45,066 [Listener at 127.0.0.1/35005] INFO  grpc.GrpcConfigKeys (ConfUtils.java:logGet(44)) - raft.grpc.server.port = 39455 (custom)
2022-03-09 17:22:45,066 [Listener at 127.0.0.1/35005] INFO  server.GrpcService (ConfUtils.java:logGet(44)) - raft.grpc.message.size.max = 32m (=33554432) (custom)
2022-03-09 17:22:45,066 [Listener at 127.0.0.1/35005] INFO  server.RaftServerConfigKeys (ConfUtils.java:logGet(44)) - raft.server.log.appender.buffer.byte-limit = 33554432 (custom)
2022-03-09 17:22:45,066 [Listener at 127.0.0.1/35005] INFO  server.GrpcService (ConfUtils.java:logGet(44)) - raft.grpc.flow.control.window = 1MB (=1048576) (default)
2022-03-09 17:22:45,066 [Listener at 127.0.0.1/35005] INFO  server.RaftServerConfigKeys (ConfUtils.java:logGet(44)) - raft.server.rpc.request.timeout = 30000ms (custom)
2022-03-09 17:22:45,068 [Listener at 127.0.0.1/35005] INFO  impl.DataStreamServerImpl (ConfUtils.java:logGet(44)) - raft.datastream.type = DISABLED (default)
2022-03-09 17:22:45,068 [Listener at 127.0.0.1/35005] INFO  server.RaftServerConfigKeys (ConfUtils.java:logGet(44)) - raft.server.rpc.slowness.timeout = 120000ms (custom)
2022-03-09 17:22:45,068 [Listener at 127.0.0.1/35005] INFO  server.RaftServerConfigKeys (ConfUtils.java:logGet(44)) - raft.server.leaderelection.leader.step-down.wait-time = 10s (default)
2022-03-09 17:22:45,068 [Listener at 127.0.0.1/35005] INFO  server.RaftServerConfigKeys (ConfUtils.java:logGet(44)) - raft.server.storage.dir = [/home/runner/work/ozone/ozone/hadoop-ozone/integration-test/target/test-dir/MiniOzoneClusterImpl-aa50db73-d356-40d6-b3b5-5343d3a56795/scmNode-1/scm-ha] (custom)
2022-03-09 17:22:45,068 [Listener at 127.0.0.1/35005] INFO  server.RaftServer (RaftServerProxy.java:lambda$null$1(235)) - ab171f79-80bf-4db9-ba30-7c5fcf45ffba: found a subdirectory /home/runner/work/ozone/ozone/hadoop-ozone/integration-test/target/test-dir/MiniOzoneClusterImpl-aa50db73-d356-40d6-b3b5-5343d3a56795/scmNode-1/scm-ha/aa50db73-d356-40d6-b3b5-5343d3a56795
2022-03-09 17:22:45,079 [Listener at 127.0.0.1/35005] INFO  server.RaftServer (RaftServerProxy.java:addNew(95)) - ab171f79-80bf-4db9-ba30-7c5fcf45ffba: addNew group-5343D3A56795:[] returns group-5343D3A56795:java.util.concurrent.CompletableFuture@f04ed21[Not completed]
2022-03-09 17:22:45,079 [pool-240-thread-1] INFO  server.RaftServer$Division (RaftServerImpl.java:<init>(184)) - ab171f79-80bf-4db9-ba30-7c5fcf45ffba: new RaftServerImpl for group-5343D3A56795:[] with SCMStateMachine:uninitialized
2022-03-09 17:22:45,087 [pool-240-thread-1] INFO  server.RaftServerConfigKeys (ConfUtils.java:logGet(44)) - raft.server.rpc.timeout.min = 5000ms (custom)
2022-03-09 17:22:45,087 [pool-240-thread-1] INFO  server.RaftServerConfigKeys (ConfUtils.java:logGet(44)) - raft.server.rpc.timeout.max = 5200ms (custom)
2022-03-09 17:22:45,087 [pool-240-thread-1] INFO  server.RaftServerConfigKeys (ConfUtils.java:logGet(44)) - raft.server.rpc.sleep.time = 25ms (default)
2022-03-09 17:22:45,087 [pool-240-thread-1] INFO  server.RaftServerConfigKeys (ConfUtils.java:logGet(44)) - raft.server.rpc.slowness.timeout = 120000ms (custom)
2022-03-09 17:22:45,087 [pool-240-thread-1] INFO  server.RaftServerConfigKeys (ConfUtils.java:logGet(44)) - raft.server.leaderelection.leader.step-down.wait-time = 10s (default)
2022-03-09 17:22:45,087 [pool-240-thread-1] INFO  server.RaftServerConfigKeys (ConfUtils.java:logGet(44)) - raft.server.sleep.deviation.threshold = 300ms (default)
2022-03-09 17:22:45,087 [pool-240-thread-1] INFO  server.RaftServerConfigKeys (ConfUtils.java:logGet(44)) - raft.server.log.appender.install.snapshot.enabled = false (custom)
2022-03-09 17:22:45,087 [pool-240-thread-1] INFO  server.RaftServer$Division (ServerState.java:<init>(105)) - ab171f79-80bf-4db9-ba30-7c5fcf45ffba@group-5343D3A56795: ConfigurationManager, init=-1: [], old=null, confs=<EMPTY_MAP>
2022-03-09 17:22:45,087 [pool-240-thread-1] INFO  server.RaftServerConfigKeys (ConfUtils.java:logGet(44)) - raft.server.storage.dir = [/home/runner/work/ozone/ozone/hadoop-ozone/integration-test/target/test-dir/MiniOzoneClusterImpl-aa50db73-d356-40d6-b3b5-5343d3a56795/scmNode-1/scm-ha] (custom)
2022-03-09 17:22:45,087 [pool-240-thread-1] INFO  server.RaftServerConfigKeys (ConfUtils.java:logGet(44)) - raft.server.log.corruption.policy = EXCEPTION (default)
2022-03-09 17:22:45,087 [pool-240-thread-1] INFO  server.RaftServerConfigKeys (ConfUtils.java:logGet(44)) - raft.server.storage.free-space.min = 0MB (=0) (default)
2022-03-09 17:22:45,088 [pool-240-thread-1] INFO  storage.RaftStorageDirectory (RaftStorageDirectoryImpl.java:tryLock(230)) - Lock on /home/runner/work/ozone/ozone/hadoop-ozone/integration-test/target/test-dir/MiniOzoneClusterImpl-aa50db73-d356-40d6-b3b5-5343d3a56795/scmNode-1/scm-ha/aa50db73-d356-40d6-b3b5-5343d3a56795/in_use.lock acquired by nodename 7019@fv-az148-759
2022-03-09 17:22:45,089 [pool-240-thread-1] INFO  storage.RaftStorage (RaftStorageImpl.java:analyzeAndRecoverStorage(110)) - Read RaftStorageMetadata{term=1, votedFor=ab171f79-80bf-4db9-ba30-7c5fcf45ffba} from /home/runner/work/ozone/ozone/hadoop-ozone/integration-test/target/test-dir/MiniOzoneClusterImpl-aa50db73-d356-40d6-b3b5-5343d3a56795/scmNode-1/scm-ha/aa50db73-d356-40d6-b3b5-5343d3a56795/current/raft-meta
2022-03-09 17:22:45,089 [pool-240-thread-1] INFO  server.RaftServer$Division (ServerState.java:setRaftConf(387)) - ab171f79-80bf-4db9-ba30-7c5fcf45ffba@group-5343D3A56795: set configuration 0: [ab171f79-80bf-4db9-ba30-7c5fcf45ffba|rpc:localhost:39455|admin:|client:|dataStream:|priority:0], old=null
2022-03-09 17:22:45,089 [pool-240-thread-1] INFO  server.RaftServerConfigKeys (ConfUtils.java:logGet(44)) - raft.server.notification.no-leader.timeout = 60s (default)
2022-03-09 17:22:45,089 [pool-240-thread-1] INFO  server.RaftServerConfigKeys (ConfUtils.java:logGet(44)) - raft.server.log.use.memory = false (default)
2022-03-09 17:22:45,089 [pool-240-thread-1] INFO  server.RaftServerConfigKeys (ConfUtils.java:logGet(44)) - raft.server.log.purge.gap = 5 (custom)
2022-03-09 17:22:45,089 [pool-240-thread-1] INFO  server.RaftServerConfigKeys (ConfUtils.java:logGet(44)) - raft.server.log.appender.buffer.byte-limit = 33554432 (custom)
2022-03-09 17:22:45,089 [pool-240-thread-1] INFO  server.RaftServerConfigKeys (ConfUtils.java:logGet(44)) - raft.server.log.segment.size.max = 4194304 (custom)
2022-03-09 17:22:45,090 [pool-240-thread-1] INFO  server.RaftServerConfigKeys (ConfUtils.java:logGet(44)) - raft.server.log.segment.cache.num.max = 2 (custom)
2022-03-09 17:22:45,090 [pool-240-thread-1] INFO  server.RaftServerConfigKeys (ConfUtils.java:logGet(44)) - raft.server.log.segment.cache.size.max = 200MB (=209715200) (default)
2022-03-09 17:22:45,090 [pool-240-thread-1] INFO  segmented.SegmentedRaftLogWorker (SegmentedRaftLogWorker.java:<init>(182)) - new ab171f79-80bf-4db9-ba30-7c5fcf45ffba@group-5343D3A56795-SegmentedRaftLogWorker for RaftStorageImpl:Storage Directory /home/runner/work/ozone/ozone/hadoop-ozone/integration-test/target/test-dir/MiniOzoneClusterImpl-aa50db73-d356-40d6-b3b5-5343d3a56795/scmNode-1/scm-ha/aa50db73-d356-40d6-b3b5-5343d3a56795
2022-03-09 17:22:45,090 [pool-240-thread-1] INFO  server.RaftServerConfigKeys (ConfUtils.java:logGet(44)) - raft.server.log.queue.byte-limit = 64MB (=67108864) (default)
2022-03-09 17:22:45,090 [pool-240-thread-1] INFO  server.RaftServerConfigKeys (ConfUtils.java:logGet(44)) - raft.server.log.queue.element-limit = 4096 (default)
2022-03-09 17:22:45,090 [pool-240-thread-1] INFO  server.RaftServerConfigKeys (ConfUtils.java:logGet(44)) - raft.server.log.segment.size.max = 4194304 (custom)
2022-03-09 17:22:45,090 [pool-240-thread-1] INFO  server.RaftServerConfigKeys (ConfUtils.java:logGet(44)) - raft.server.log.preallocated.size = 4194304 (custom)
2022-03-09 17:22:45,090 [pool-240-thread-1] INFO  server.RaftServerConfigKeys (ConfUtils.java:logGet(44)) - raft.server.log.force.sync.num = 128 (default)
2022-03-09 17:22:45,090 [pool-240-thread-1] INFO  server.RaftServerConfigKeys (ConfUtils.java:logGet(44)) - raft.server.log.statemachine.data.sync = true (default)
2022-03-09 17:22:45,090 [pool-240-thread-1] INFO  server.RaftServerConfigKeys (ConfUtils.java:logGet(44)) - raft.server.log.statemachine.data.sync.timeout = 10s (default)
2022-03-09 17:22:45,090 [pool-240-thread-1] INFO  server.RaftServerConfigKeys (ConfUtils.java:logGet(44)) - raft.server.log.statemachine.data.sync.timeout.retry = -1 (default)
2022-03-09 17:22:45,091 [pool-240-thread-1] INFO  server.RaftServerConfigKeys (ConfUtils.java:logGet(44)) - raft.server.log.write.buffer.size = 64KB (=65536) (default)
2022-03-09 17:22:45,091 [pool-240-thread-1] INFO  server.RaftServerConfigKeys (ConfUtils.java:logGet(44)) - raft.server.log.statemachine.data.caching.enabled = false (default)
2022-03-09 17:22:45,093 [pool-240-thread-1] INFO  server.RaftServer$Division (ServerState.java:setRaftConf(387)) - ab171f79-80bf-4db9-ba30-7c5fcf45ffba@group-5343D3A56795: set configuration 0: [ab171f79-80bf-4db9-ba30-7c5fcf45ffba|rpc:localhost:39455|admin:|client:|dataStream:|priority:0], old=null
2022-03-09 17:22:45,093 [pool-240-thread-1] INFO  segmented.LogSegment (LogSegment.java:loadSegment(173)) - Successfully read 1 entries from segment file /home/runner/work/ozone/ozone/hadoop-ozone/integration-test/target/test-dir/MiniOzoneClusterImpl-aa50db73-d356-40d6-b3b5-5343d3a56795/scmNode-1/scm-ha/aa50db73-d356-40d6-b3b5-5343d3a56795/current/log_inprogress_0
2022-03-09 17:22:45,093 [pool-240-thread-1] INFO  segmented.SegmentedRaftLogWorker (SegmentedRaftLogWorker.java:lambda$new$0(133)) - ab171f79-80bf-4db9-ba30-7c5fcf45ffba@group-5343D3A56795-SegmentedRaftLogWorker: flushIndex: setUnconditionally 0 -> 0
2022-03-09 17:22:45,093 [pool-240-thread-1] INFO  segmented.SegmentedRaftLogWorker (SegmentedRaftLogWorker.java:lambda$new$0(133)) - ab171f79-80bf-4db9-ba30-7c5fcf45ffba@group-5343D3A56795-SegmentedRaftLogWorker: safeCacheEvictIndex: setUnconditionally 0 -> -1
2022-03-09 17:22:45,095 [pool-240-thread-1] INFO  server.RaftServerConfigKeys (ConfUtils.java:logGet(44)) - raft.server.snapshot.auto.trigger.enabled = true (custom)
2022-03-09 17:22:45,095 [pool-240-thread-1] INFO  server.RaftServerConfigKeys (ConfUtils.java:logGet(44)) - raft.server.snapshot.auto.trigger.threshold = 5 (custom)
2022-03-09 17:22:45,095 [pool-240-thread-1] INFO  server.RaftServerConfigKeys (ConfUtils.java:logGet(44)) - raft.server.snapshot.retention.file.num = -1 (default)
2022-03-09 17:22:45,095 [pool-240-thread-1] INFO  server.RaftServerConfigKeys (ConfUtils.java:logGet(44)) - raft.server.log.purge.upto.snapshot.index = true (custom)
2022-03-09 17:22:45,095 [pool-240-thread-1] INFO  server.RaftServerConfigKeys (ConfUtils.java:logGet(44)) - raft.server.retrycache.expirytime = 60000ms (default)
2022-03-09 17:22:45,095 [pool-240-thread-1] INFO  server.RaftServerConfigKeys (ConfUtils.java:logGet(44)) - raft.server.retrycache.statistics.expirytime = 100μs (default)
2022-03-09 17:22:45,096 [Listener at 127.0.0.1/35005] INFO  ha.SCMSnapshotProvider (SCMSnapshotProvider.java:<init>(66)) - Initializing SCM Snapshot Provider
2022-03-09 17:22:45,096 [Listener at 127.0.0.1/35005] WARN  server.ServerUtils (ServerUtils.java:getDefaultRatisDirectory(237)) - Storage directory for Ratis is not configured. It is a good idea to map this to an SSD disk. Falling back to ozone.metadata.dirs
2022-03-09 17:22:45,097 [Listener at 127.0.0.1/35005] WARN  ha.SCMHAUtils (SCMHAUtils.java:getSCMRatisSnapshotDirectory(151)) - SCM snapshot dir is not configured. Falling back to ozone.metadata.dirs config
2022-03-09 17:22:45,098 [Listener at 127.0.0.1/35005] INFO  ha.SequenceIdGenerator (SequenceIdGenerator.java:upgradeToSequenceId(347)) - upgrade localId to 109611004723200000
2022-03-09 17:22:45,098 [Listener at 127.0.0.1/35005] INFO  ha.SequenceIdGenerator (SequenceIdGenerator.java:upgradeToSequenceId(357)) - upgrade delTxnId to 0
2022-03-09 17:22:45,098 [Listener at 127.0.0.1/35005] INFO  ha.SequenceIdGenerator (SequenceIdGenerator.java:upgradeToSequenceId(371)) - upgrade containerId to 0
2022-03-09 17:22:45,098 [Listener at 127.0.0.1/35005] INFO  ha.SequenceIdGenerator (SequenceIdGenerator.java:<init>(218)) - Init the HA SequenceIdGenerator.
2022-03-09 17:22:45,104 [Listener at 127.0.0.1/35005] INFO  node.SCMNodeManager (SCMNodeManager.java:<init>(146)) - Entering startup safe mode.
2022-03-09 17:22:45,105 [Listener at 127.0.0.1/35005] INFO  algorithms.ContainerPlacementPolicyFactory (ContainerPlacementPolicyFactory.java:getPolicy(60)) - Create container placement policy of type org.apache.hadoop.hdds.scm.container.placement.algorithms.SCMContainerPlacementRandom
2022-03-09 17:22:45,105 [Listener at 127.0.0.1/35005] INFO  pipeline.PipelineStateManagerImpl (PipelineStateManagerImpl.java:initialize(78)) - No pipeline exists in current db
2022-03-09 17:22:45,105 [Listener at 127.0.0.1/35005] INFO  algorithms.LeaderChoosePolicyFactory (LeaderChoosePolicyFactory.java:getPolicy(57)) - Create leader choose policy of type org.apache.hadoop.hdds.scm.pipeline.leader.choose.algorithms.MinLeaderCountChoosePolicy
2022-03-09 17:22:45,105 [Listener at 127.0.0.1/35005] INFO  ha.SCMServiceManager (SCMServiceManager.java:register(42)) - Registering service BackgroundPipelineCreator.
2022-03-09 17:22:45,105 [Listener at 127.0.0.1/35005] INFO  pipeline.BackgroundPipelineCreator (BackgroundPipelineCreator.java:start(130)) - Starting RatisPipelineUtilsThread.
2022-03-09 17:22:45,107 [Listener at 127.0.0.1/35005] INFO  algorithms.PipelineChoosePolicyFactory (PipelineChoosePolicyFactory.java:createPipelineChoosePolicyFromClass(73)) - Create pipeline choose policy of type org.apache.hadoop.hdds.scm.pipeline.choose.algorithms.RandomPipelineChoosePolicy
2022-03-09 17:22:45,107 [Listener at 127.0.0.1/35005] INFO  ha.SCMServiceManager (SCMServiceManager.java:register(42)) - Registering service SCMBlockDeletingService.
2022-03-09 17:22:45,108 [Listener at 127.0.0.1/35005] INFO  ha.SCMServiceManager (SCMServiceManager.java:register(42)) - Registering service ReplicationManager.
2022-03-09 17:22:45,108 [Listener at 127.0.0.1/35005] INFO  container.ReplicationManager (ReplicationManager.java:start(326)) - Starting Replication Monitor Thread.
2022-03-09 17:22:45,123 [Listener at 127.0.0.1/35005] INFO  safemode.ContainerSafeModeRule (ContainerSafeModeRule.java:<init>(89)) - containers with one replica threshold count 0
2022-03-09 17:22:45,123 [Listener at 127.0.0.1/35005] INFO  safemode.HealthyPipelineSafeModeRule (HealthyPipelineSafeModeRule.java:initializeRule(156)) - Total pipeline count is 0, healthy pipeline threshold count is 1
2022-03-09 17:22:45,124 [Listener at 127.0.0.1/35005] INFO  safemode.OneReplicaPipelineSafeModeRule (OneReplicaPipelineSafeModeRule.java:initializeRule(180)) - Total pipeline count is 0, pipeline's with at least one datanode reported threshold count is 0
2022-03-09 17:22:45,135 [Listener at 127.0.0.1/35005] INFO  ipc.CallQueueManager (CallQueueManager.java:<init>(90)) - Using callQueue: class java.util.concurrent.LinkedBlockingQueue, queueCapacity: 10000, scheduler: class org.apache.hadoop.ipc.DefaultRpcScheduler, ipcBackoff: false.
2022-03-09 17:22:45,136 [Socket Reader #1 for port 34459] INFO  ipc.Server (Server.java:run(1265)) - Starting Socket Reader #1 for port 34459
2022-03-09 17:22:45,143 [Listener at 0.0.0.0/34459] INFO  ipc.CallQueueManager (CallQueueManager.java:<init>(90)) - Using callQueue: class java.util.concurrent.LinkedBlockingQueue, queueCapacity: 10000, scheduler: class org.apache.hadoop.ipc.DefaultRpcScheduler, ipcBackoff: false.
2022-03-09 17:22:45,151 [Socket Reader #1 for port 38891] INFO  ipc.Server (Server.java:run(1265)) - Starting Socket Reader #1 for port 38891
2022-03-09 17:22:45,152 [Listener at 0.0.0.0/38891] INFO  ipc.CallQueueManager (CallQueueManager.java:<init>(90)) - Using callQueue: class java.util.concurrent.LinkedBlockingQueue, queueCapacity: 10000, scheduler: class org.apache.hadoop.ipc.DefaultRpcScheduler, ipcBackoff: false.
2022-03-09 17:22:45,159 [Socket Reader #1 for port 34555] INFO  ipc.Server (Server.java:run(1265)) - Starting Socket Reader #1 for port 34555
2022-03-09 17:22:45,175 [ReplicationMonitor] INFO  container.ReplicationManager (ReplicationManager.java:processAll(374)) - Replication Manager is not ready to run until 300000ms after safemode exit
2022-03-09 17:22:45,212 [Listener at 0.0.0.0/34555] INFO  server.StorageContainerManager (StorageContainerManager.java:<init>(389)) - 
Container Balancer status:
Key                            Value
Running                        false
Container Balancer Configuration values:
Key                                                Value
Threshold                                          10
Max Datanodes to Involve per Iteration(percent)    20
Max Size to Move per Iteration                     500GB
Max Size Entering Target per Iteration             26GB
Max Size Leaving Source per Iteration              26GB

2022-03-09 17:22:45,215 [Listener at 0.0.0.0/34555] WARN  events.EventQueue (EventQueue.java:fireEvent(194)) - No event handler registered for event TypedEvent{payloadType=SafeModeStatus, name='Safe mode status'}
2022-03-09 17:22:45,215 [Listener at 0.0.0.0/34555] INFO  ha.SCMContext (SCMContext.java:updateSafeModeStatus(211)) - Update SafeModeStatus from SafeModeStatus{safeModeStatus=true, preCheckPassed=false} to SafeModeStatus{safeModeStatus=true, preCheckPassed=false}.
2022-03-09 17:22:45,222 [Listener at 0.0.0.0/34555] INFO  server.StorageContainerManager (StorageContainerManager.java:start(1327)) - StorageContainerLocationProtocol RPC server is listening at /0.0.0.0:34555
2022-03-09 17:22:45,222 [Listener at 0.0.0.0/34555] INFO  ha.SCMRatisServerImpl (SCMRatisServerImpl.java:start(177)) - starting ratis server 0.0.0.0:39455
2022-03-09 17:22:45,223 [Listener at 0.0.0.0/34555] INFO  server.RaftServer$Division (RaftServerImpl.java:start(301)) - ab171f79-80bf-4db9-ba30-7c5fcf45ffba@group-5343D3A56795: start as a follower, conf=0: [ab171f79-80bf-4db9-ba30-7c5fcf45ffba|rpc:localhost:39455|admin:|client:|dataStream:|priority:0], old=null
2022-03-09 17:22:45,223 [Listener at 0.0.0.0/34555] INFO  server.RaftServer$Division (RaftServerImpl.java:setRole(290)) - ab171f79-80bf-4db9-ba30-7c5fcf45ffba@group-5343D3A56795: changes role from      null to FOLLOWER at term 1 for startAsFollower
2022-03-09 17:22:45,231 [Listener at 0.0.0.0/34555] INFO  impl.RoleInfo (RoleInfo.java:updateAndGet(130)) - ab171f79-80bf-4db9-ba30-7c5fcf45ffba: start ab171f79-80bf-4db9-ba30-7c5fcf45ffba@group-5343D3A56795-FollowerState
2022-03-09 17:22:45,239 [Listener at 0.0.0.0/34555] INFO  util.JmxRegister (JmxRegister.java:tryRegister(44)) - Successfully registered JMX Bean with object name Ratis:service=RaftServer,group=group-5343D3A56795,id=ab171f79-80bf-4db9-ba30-7c5fcf45ffba
2022-03-09 17:22:45,254 [Listener at 0.0.0.0/34555] INFO  server.RaftServer (RaftServerProxy.java:lambda$start$5(374)) - ab171f79-80bf-4db9-ba30-7c5fcf45ffba: start RPC server
2022-03-09 17:22:45,255 [Listener at 0.0.0.0/34555] INFO  server.GrpcService (GrpcService.java:startImpl(253)) - ab171f79-80bf-4db9-ba30-7c5fcf45ffba: GrpcService started, listening on 39455
2022-03-09 17:22:45,263 [Listener at 0.0.0.0/34555] INFO  ha.SCMHAManagerImpl (SCMHAManagerImpl.java:start(121)) -  scm role is FOLLOWER peers [ab171f79-80bf-4db9-ba30-7c5fcf45ffba|rpc:localhost:39455|admin:|client:|dataStream:|priority:0]
2022-03-09 17:22:45,263 [Listener at 0.0.0.0/34555] INFO  ha.InterSCMGrpcService (InterSCMGrpcProtocolService.java:start(94)) - Starting SCM Grpc Service at port 33793
2022-03-09 17:22:45,263 [org.apache.ratis.util.JvmPauseMonitor$$Lambda$503/957387062@4fa057b0] INFO  util.JvmPauseMonitor (JvmPauseMonitor.java:run(103)) - JvmPauseMonitor-ab171f79-80bf-4db9-ba30-7c5fcf45ffba: Started
2022-03-09 17:22:45,265 [Listener at 0.0.0.0/34555] WARN  impl.MetricsConfig (MetricsConfig.java:loadFirst(136)) - Cannot locate configuration: tried hadoop-metrics2-storagecontainermanager.properties,hadoop-metrics2.properties
2022-03-09 17:22:45,271 [Listener at 0.0.0.0/34555] INFO  impl.MetricsSystemImpl (MetricsSystemImpl.java:startTimer(378)) - Scheduled Metric snapshot period at 10 second(s).
2022-03-09 17:22:45,272 [Listener at 0.0.0.0/34555] INFO  impl.MetricsSystemImpl (MetricsSystemImpl.java:start(191)) - StorageContainerManager metrics system started
2022-03-09 17:22:45,291 [Listener at 0.0.0.0/34555] INFO  impl.MetricsSinkAdapter (MetricsSinkAdapter.java:start(204)) - Sink prometheus started
2022-03-09 17:22:45,291 [Listener at 0.0.0.0/34555] INFO  impl.MetricsSystemImpl (MetricsSystemImpl.java:registerSink(305)) - Registered sink prometheus
2022-03-09 17:22:45,331 [Listener at 0.0.0.0/34555] INFO  server.SCMClientProtocolServer (SCMClientProtocolServer.java:start(165)) - RPC server for Client  is listening at /0.0.0.0:34555
2022-03-09 17:22:45,343 [IPC Server Responder] INFO  ipc.Server (Server.java:run(1507)) - IPC Server Responder: starting
2022-03-09 17:22:45,351 [IPC Server listener on 34555] INFO  ipc.Server (Server.java:run(1344)) - IPC Server listener on 34555: starting
2022-03-09 17:22:45,438 [EndpointStateMachine task thread for /127.0.0.1:40365 - 0 ] INFO  ipc.Client (Client.java:handleConnectionFailure(977)) - Retrying connect to server: localhost/127.0.0.1:40365. Already tried 13 time(s); retry policy is RetryUpToMaximumCountWithFixedSleep(maxRetries=15, sleepTime=1000 MILLISECONDS)
2022-03-09 17:22:45,443 [EndpointStateMachine task thread for /127.0.0.1:38239 - 0 ] INFO  ipc.Client (Client.java:handleConnectionFailure(977)) - Retrying connect to server: localhost/127.0.0.1:38239. Already tried 13 time(s); retry policy is RetryUpToMaximumCountWithFixedSleep(maxRetries=15, sleepTime=1000 MILLISECONDS)
2022-03-09 17:22:45,443 [EndpointStateMachine task thread for /127.0.0.1:45657 - 0 ] INFO  ipc.Client (Client.java:handleConnectionFailure(977)) - Retrying connect to server: localhost/127.0.0.1:45657. Already tried 13 time(s); retry policy is RetryUpToMaximumCountWithFixedSleep(maxRetries=15, sleepTime=1000 MILLISECONDS)
2022-03-09 17:22:45,717 [Listener at 0.0.0.0/34555] INFO  server.StorageContainerManager (StorageContainerManager.java:start(1342)) - ScmBlockLocationProtocol RPC server is listening at /0.0.0.0:38891
2022-03-09 17:22:45,717 [Listener at 0.0.0.0/34555] INFO  server.SCMBlockProtocolServer (SCMBlockProtocolServer.java:start(151)) - RPC server for Block Protocol is listening at /0.0.0.0:38891
2022-03-09 17:22:45,717 [IPC Server Responder] INFO  ipc.Server (Server.java:run(1507)) - IPC Server Responder: starting
2022-03-09 17:22:45,755 [IPC Server listener on 38891] INFO  ipc.Server (Server.java:run(1344)) - IPC Server listener on 38891: starting
2022-03-09 17:22:45,764 [Listener at 0.0.0.0/34555] INFO  http.BaseHttpServer (BaseHttpServer.java:newHttpServer2BuilderForOzone(209)) - Starting Web-server for scm at: http://0.0.0.0:37349
2022-03-09 17:22:45,764 [Listener at 0.0.0.0/34555] INFO  http.BaseHttpServer (BaseHttpServer.java:<init>(107)) - Hadoop Security Enabled: false Ozone Security Enabled: false Ozone HTTP Security Enabled: false 
2022-03-09 17:22:45,765 [Listener at 0.0.0.0/34555] INFO  server.AuthenticationFilter (AuthenticationFilter.java:constructSecretProvider(240)) - Unable to initialize FileSignerSecretProvider, falling back to use random secrets.
2022-03-09 17:22:45,771 [org.apache.hadoop.util.JvmPauseMonitor$Monitor@564174a2] INFO  util.JvmPauseMonitor (JvmPauseMonitor.java:run(188)) - Starting JVM pause monitor
2022-03-09 17:22:45,771 [Listener at 0.0.0.0/34555] WARN  http.HttpRequestLog (HttpRequestLog.java:getRequestLog(103)) - Jetty request log can only be enabled using Log4j
2022-03-09 17:22:45,772 [Listener at 0.0.0.0/34555] INFO  http.HttpServer2 (HttpServer2.java:addGlobalFilter(1030)) - Added global filter 'safety' (class=org.apache.hadoop.hdds.server.http.HttpServer2$QuotingInputFilter)
2022-03-09 17:22:45,773 [Listener at 0.0.0.0/34555] INFO  http.HttpServer2 (HttpServer2.java:addFilter(1006)) - Added filter static_user_filter (class=org.apache.hadoop.http.lib.StaticUserWebFilter$StaticUserFilter) to context scm
2022-03-09 17:22:45,773 [Listener at 0.0.0.0/34555] INFO  http.HttpServer2 (HttpServer2.java:addFilter(1014)) - Added filter static_user_filter (class=org.apache.hadoop.http.lib.StaticUserWebFilter$StaticUserFilter) to context static
2022-03-09 17:22:45,773 [Listener at 0.0.0.0/34555] INFO  http.HttpServer2 (HttpServer2.java:addFilter(1014)) - Added filter static_user_filter (class=org.apache.hadoop.http.lib.StaticUserWebFilter$StaticUserFilter) to context logs
2022-03-09 17:22:45,774 [Listener at 0.0.0.0/34555] INFO  http.HttpServer2 (HttpServer2.java:bindListener(1249)) - Jetty bound to port 37349
2022-03-09 17:22:45,774 [Listener at 0.0.0.0/34555] INFO  server.Server (Server.java:doStart(375)) - jetty-9.4.43.v20210629; built: 2021-06-30T11:07:22.254Z; git: 526006ecfa3af7f1a27ef3a288e2bef7ea9dd7e8; jvm 1.8.0_322-b06
2022-03-09 17:22:45,791 [Listener at 0.0.0.0/34555] INFO  server.session (DefaultSessionIdManager.java:doStart(334)) - DefaultSessionIdManager workerName=node0
2022-03-09 17:22:45,791 [Listener at 0.0.0.0/34555] INFO  server.session (DefaultSessionIdManager.java:doStart(339)) - No SessionScavenger set, using defaults
2022-03-09 17:22:45,792 [Listener at 0.0.0.0/34555] INFO  server.session (HouseKeeper.java:startScavenging(132)) - node0 Scavenging every 660000ms
2022-03-09 17:22:45,799 [Listener at 0.0.0.0/34555] INFO  handler.ContextHandler (ContextHandler.java:doStart(915)) - Started o.e.j.s.ServletContextHandler@71ddaf54{logs,/logs,file:///home/runner/work/ozone/ozone/hadoop-ozone/integration-test/target/log,AVAILABLE}
2022-03-09 17:22:45,800 [Listener at 0.0.0.0/34555] INFO  handler.ContextHandler (ContextHandler.java:doStart(915)) - Started o.e.j.s.ServletContextHandler@5ccc3cce{static,/static,file:///home/runner/work/ozone/ozone/hadoop-ozone/integration-test/target/test-classes/webapps/static,AVAILABLE}
2022-03-09 17:22:45,804 [Listener at 0.0.0.0/34555] INFO  handler.ContextHandler (ContextHandler.java:doStart(915)) - Started o.e.j.w.WebAppContext@54a5b509{scm,/,file:///home/runner/work/ozone/ozone/hadoop-ozone/integration-test/target/test-classes/webapps/scm/,AVAILABLE}{file:/home/runner/work/ozone/ozone/hadoop-ozone/integration-test/target/test-classes/webapps/scm}
2022-03-09 17:22:45,806 [Listener at 0.0.0.0/34555] INFO  server.AbstractConnector (AbstractConnector.java:doStart(331)) - Started ServerConnector@7a7fbfbb{HTTP/1.1, (http/1.1)}{0.0.0.0:37349}
2022-03-09 17:22:45,806 [Listener at 0.0.0.0/34555] INFO  server.Server (Server.java:doStart(415)) - Started @78806ms
2022-03-09 17:22:45,806 [Listener at 0.0.0.0/34555] WARN  impl.MetricsSystemImpl (MetricsSystemImpl.java:register(279)) - Sink prometheus already exists!
2022-03-09 17:22:45,807 [Listener at 0.0.0.0/34555] INFO  http.BaseHttpServer (BaseHttpServer.java:updateConnectorAddress(329)) - HTTP server of scm listening at http://0.0.0.0:37349
2022-03-09 17:22:45,807 [Listener at 0.0.0.0/34555] INFO  ozone.MiniOzoneHAClusterImpl (MiniOzoneHAClusterImpl.java:createSCMService(600)) - Started SCM RPC server at /0.0.0.0:34555
2022-03-09 17:22:45,808 [Listener at 0.0.0.0/34555] INFO  ha.SCMHANodeDetails (SCMHANodeDetails.java:loadSCMHAConfig(157)) - ServiceID for StorageContainerManager is scm-service-test1
2022-03-09 17:22:45,808 [Listener at 0.0.0.0/34555] INFO  ha.SCMHANodeDetails (SCMHANodeDetails.java:loadSCMHAConfig(168)) - ServiceID for StorageContainerManager is scm-service-test1
2022-03-09 17:22:45,808 [Listener at 0.0.0.0/34555] WARN  scm.ScmUtils (ScmUtils.java:logWarn(179)) - ConfigKey ozone.scm.block.client.address is deprecated, For configuring different ports for each SCM use PortConfigKey ozone.scm.block.client.port appended with serviceId and nodeId. If want to configure same port configure ozone.scm.block.client.port
2022-03-09 17:22:45,808 [Listener at 0.0.0.0/34555] WARN  scm.ScmUtils (ScmUtils.java:logWarn(179)) - ConfigKey ozone.scm.client.address is deprecated, For configuring different ports for each SCM use PortConfigKey ozone.scm.client.port appended with serviceId and nodeId. If want to configure same port configure ozone.scm.client.port
2022-03-09 17:22:45,808 [Listener at 0.0.0.0/34555] WARN  scm.ScmUtils (ScmUtils.java:logWarn(179)) - ConfigKey ozone.scm.datanode.address is deprecated, For configuring different ports for each SCM use PortConfigKey ozone.scm.datanode.port appended with serviceId and nodeId. If want to configure same port configure ozone.scm.datanode.port
2022-03-09 17:22:45,808 [Listener at 0.0.0.0/34555] WARN  scm.ScmUtils (ScmUtils.java:logWarn(179)) - ConfigKey ozone.scm.block.client.address is deprecated, For configuring different ports for each SCM use PortConfigKey ozone.scm.block.client.port appended with serviceId and nodeId. If want to configure same port configure ozone.scm.block.client.port
2022-03-09 17:22:45,809 [Listener at 0.0.0.0/34555] WARN  scm.ScmUtils (ScmUtils.java:logWarn(179)) - ConfigKey ozone.scm.client.address is deprecated, For configuring different ports for each SCM use PortConfigKey ozone.scm.client.port appended with serviceId and nodeId. If want to configure same port configure ozone.scm.client.port
2022-03-09 17:22:45,809 [Listener at 0.0.0.0/34555] WARN  scm.ScmUtils (ScmUtils.java:logWarn(179)) - ConfigKey ozone.scm.datanode.address is deprecated, For configuring different ports for each SCM use PortConfigKey ozone.scm.datanode.port appended with serviceId and nodeId. If want to configure same port configure ozone.scm.datanode.port
2022-03-09 17:22:45,809 [Listener at 0.0.0.0/34555] INFO  ha.SCMHANodeDetails (SCMHANodeDetails.java:loadSCMHAConfig(250)) - Found matching SCM address with SCMServiceId: scm-service-test1, SCMNodeId: scmNode-2, RPC Address: localhost:44301 and Ratis port: 44301
2022-03-09 17:22:45,809 [Listener at 0.0.0.0/34555] INFO  ha.SCMHANodeDetails (ConfUtils.java:setNodeSpecificConfigs(108)) - Setting configuration key ozone.scm.datanode.address with value of key ozone.scm.datanode.address.scm-service-test1.scmNode-2: 127.0.0.1:39101
2022-03-09 17:22:45,809 [Listener at 0.0.0.0/34555] INFO  ha.SCMHANodeDetails (ConfUtils.java:setNodeSpecificConfigs(108)) - Setting configuration key ozone.scm.block.client.address with value of key ozone.scm.block.client.address.scm-service-test1.scmNode-2: 127.0.0.1:36591
2022-03-09 17:22:45,815 [Listener at 0.0.0.0/34555] INFO  ha.SCMHANodeDetails (ConfUtils.java:setNodeSpecificConfigs(108)) - Setting configuration key ozone.scm.client.address with value of key ozone.scm.client.address.scm-service-test1.scmNode-2: 127.0.0.1:43313
2022-03-09 17:22:45,815 [Listener at 0.0.0.0/34555] INFO  ha.SCMHANodeDetails (ConfUtils.java:setNodeSpecificConfigs(108)) - Setting configuration key ozone.scm.ratis.port with value of key ozone.scm.ratis.port.scm-service-test1.scmNode-2: 44301
2022-03-09 17:22:45,815 [Listener at 0.0.0.0/34555] INFO  ha.SCMHANodeDetails (ConfUtils.java:setNodeSpecificConfigs(108)) - Setting configuration key ozone.scm.grpc.port with value of key ozone.scm.grpc.port.scm-service-test1.scmNode-2: 36351
2022-03-09 17:22:45,815 [Listener at 0.0.0.0/34555] INFO  ha.SCMHANodeDetails (ConfUtils.java:setNodeSpecificConfigs(108)) - Setting configuration key ozone.scm.http-address with value of key ozone.scm.http-address.scm-service-test1.scmNode-2: 127.0.0.1:35923
2022-03-09 17:22:45,815 [Listener at 0.0.0.0/34555] INFO  ha.SCMHANodeDetails (ConfUtils.java:setNodeSpecificConfigs(108)) - Setting configuration key ozone.scm.https-address with value of key ozone.scm.https-address.scm-service-test1.scmNode-2: 127.0.0.1:40001
2022-03-09 17:22:45,815 [Listener at 0.0.0.0/34555] INFO  ha.SCMHANodeDetails (ConfUtils.java:setNodeSpecificConfigs(108)) - Setting configuration key ozone.scm.address with value of key ozone.scm.address.scm-service-test1.scmNode-2: 127.0.0.1
2022-03-09 17:22:45,816 [Listener at 0.0.0.0/34555] WARN  scm.ScmUtils (ScmUtils.java:logWarn(179)) - ConfigKey ozone.scm.block.client.address is deprecated, For configuring different ports for each SCM use PortConfigKey ozone.scm.block.client.port appended with serviceId and nodeId. If want to configure same port configure ozone.scm.block.client.port
2022-03-09 17:22:45,816 [Listener at 0.0.0.0/34555] WARN  scm.ScmUtils (ScmUtils.java:logWarn(179)) - ConfigKey ozone.scm.client.address is deprecated, For configuring different ports for each SCM use PortConfigKey ozone.scm.client.port appended with serviceId and nodeId. If want to configure same port configure ozone.scm.client.port
2022-03-09 17:22:45,816 [Listener at 0.0.0.0/34555] WARN  scm.ScmUtils (ScmUtils.java:logWarn(179)) - ConfigKey ozone.scm.datanode.address is deprecated, For configuring different ports for each SCM use PortConfigKey ozone.scm.datanode.port appended with serviceId and nodeId. If want to configure same port configure ozone.scm.datanode.port
2022-03-09 17:22:45,817 [Listener at 0.0.0.0/34555] WARN  server.ServerUtils (ServerUtils.java:getScmDbDir(148)) - ozone.scm.db.dirs is not configured. We recommend adding this setting. Falling back to ozone.metadata.dirs instead.
2022-03-09 17:22:45,818 [Listener at 0.0.0.0/34555] INFO  ha.SCMNodeInfo (SCMNodeInfo.java:getPort(197)) - ConfigKey ozone.scm.client.address is deprecated, For configuring different ports for each SCM use PortConfigKey ozone.scm.client.port appended with serviceId and nodeId
2022-03-09 17:22:45,818 [Listener at 0.0.0.0/34555] INFO  ha.SCMNodeInfo (SCMNodeInfo.java:getPort(197)) - ConfigKey ozone.scm.block.client.address is deprecated, For configuring different ports for each SCM use PortConfigKey ozone.scm.block.client.port appended with serviceId and nodeId
2022-03-09 17:22:45,818 [Listener at 0.0.0.0/34555] INFO  ha.SCMNodeInfo (SCMNodeInfo.java:getPort(197)) - ConfigKey ozone.scm.datanode.address is deprecated, For configuring different ports for each SCM use PortConfigKey ozone.scm.datanode.port appended with serviceId and nodeId
2022-03-09 17:22:45,818 [Listener at 0.0.0.0/34555] INFO  ha.SCMNodeInfo (SCMNodeInfo.java:getPort(197)) - ConfigKey ozone.scm.client.address is deprecated, For configuring different ports for each SCM use PortConfigKey ozone.scm.client.port appended with serviceId and nodeId
2022-03-09 17:22:45,818 [Listener at 0.0.0.0/34555] INFO  ha.SCMNodeInfo (SCMNodeInfo.java:getPort(197)) - ConfigKey ozone.scm.block.client.address is deprecated, For configuring different ports for each SCM use PortConfigKey ozone.scm.block.client.port appended with serviceId and nodeId
2022-03-09 17:22:45,819 [Listener at 0.0.0.0/34555] INFO  ha.SCMNodeInfo (SCMNodeInfo.java:getPort(197)) - ConfigKey ozone.scm.datanode.address is deprecated, For configuring different ports for each SCM use PortConfigKey ozone.scm.datanode.port appended with serviceId and nodeId
2022-03-09 17:22:45,819 [Listener at 0.0.0.0/34555] INFO  ha.SCMNodeInfo (SCMNodeInfo.java:getPort(197)) - ConfigKey ozone.scm.client.address is deprecated, For configuring different ports for each SCM use PortConfigKey ozone.scm.client.port appended with serviceId and nodeId
2022-03-09 17:22:45,819 [Listener at 0.0.0.0/34555] INFO  ha.SCMNodeInfo (SCMNodeInfo.java:getPort(197)) - ConfigKey ozone.scm.block.client.address is deprecated, For configuring different ports for each SCM use PortConfigKey ozone.scm.block.client.port appended with serviceId and nodeId
2022-03-09 17:22:45,823 [Listener at 0.0.0.0/34555] INFO  ha.SCMNodeInfo (SCMNodeInfo.java:getPort(197)) - ConfigKey ozone.scm.datanode.address is deprecated, For configuring different ports for each SCM use PortConfigKey ozone.scm.datanode.port appended with serviceId and nodeId
2022-03-09 17:22:46,438 [EndpointStateMachine task thread for /127.0.0.1:40365 - 0 ] INFO  ipc.Client (Client.java:handleConnectionFailure(977)) - Retrying connect to server: localhost/127.0.0.1:40365. Already tried 14 time(s); retry policy is RetryUpToMaximumCountWithFixedSleep(maxRetries=15, sleepTime=1000 MILLISECONDS)
2022-03-09 17:22:46,444 [EndpointStateMachine task thread for /127.0.0.1:38239 - 0 ] INFO  ipc.Client (Client.java:handleConnectionFailure(977)) - Retrying connect to server: localhost/127.0.0.1:38239. Already tried 14 time(s); retry policy is RetryUpToMaximumCountWithFixedSleep(maxRetries=15, sleepTime=1000 MILLISECONDS)
2022-03-09 17:22:46,444 [EndpointStateMachine task thread for /127.0.0.1:45657 - 0 ] INFO  ipc.Client (Client.java:handleConnectionFailure(977)) - Retrying connect to server: localhost/127.0.0.1:45657. Already tried 14 time(s); retry policy is RetryUpToMaximumCountWithFixedSleep(maxRetries=15, sleepTime=1000 MILLISECONDS)
2022-03-09 17:22:47,439 [EndpointStateMachine task thread for /127.0.0.1:40365 - 0 ] INFO  ipc.Client (Client.java:handleConnectionFailure(977)) - Retrying connect to server: localhost/127.0.0.1:40365. Already tried 0 time(s); retry policy is RetryUpToMaximumCountWithFixedSleep(maxRetries=15, sleepTime=1000 MILLISECONDS)
2022-03-09 17:22:47,444 [EndpointStateMachine task thread for /127.0.0.1:38239 - 0 ] INFO  ipc.Client (Client.java:handleConnectionFailure(977)) - Retrying connect to server: localhost/127.0.0.1:38239. Already tried 0 time(s); retry policy is RetryUpToMaximumCountWithFixedSleep(maxRetries=15, sleepTime=1000 MILLISECONDS)
2022-03-09 17:22:47,444 [EndpointStateMachine task thread for /127.0.0.1:45657 - 0 ] INFO  ipc.Client (Client.java:handleConnectionFailure(977)) - Retrying connect to server: localhost/127.0.0.1:45657. Already tried 0 time(s); retry policy is RetryUpToMaximumCountWithFixedSleep(maxRetries=15, sleepTime=1000 MILLISECONDS)
2022-03-09 17:22:47,845 [Listener at 0.0.0.0/34555] INFO  retry.RetryInvocationHandler (RetryInvocationHandler.java:log(411)) - com.google.protobuf.ServiceException: java.net.ConnectException: Call From fv-az148-759/10.1.0.51 to localhost:36591 failed on connection exception: java.net.ConnectException: Connection refused; For more details see:  http://wiki.apache.org/hadoop/ConnectionRefused, while invoking $Proxy39.send over nodeId=scmNode-2,nodeAddress=/127.0.0.1:36591 after 1 failover attempts. Trying to failover after sleeping for 2000ms.
2022-03-09 17:22:48,440 [EndpointStateMachine task thread for /127.0.0.1:40365 - 0 ] INFO  ipc.Client (Client.java:handleConnectionFailure(977)) - Retrying connect to server: localhost/127.0.0.1:40365. Already tried 1 time(s); retry policy is RetryUpToMaximumCountWithFixedSleep(maxRetries=15, sleepTime=1000 MILLISECONDS)
2022-03-09 17:22:48,451 [EndpointStateMachine task thread for /127.0.0.1:45657 - 0 ] INFO  ipc.Client (Client.java:handleConnectionFailure(977)) - Retrying connect to server: localhost/127.0.0.1:45657. Already tried 1 time(s); retry policy is RetryUpToMaximumCountWithFixedSleep(maxRetries=15, sleepTime=1000 MILLISECONDS)
2022-03-09 17:22:48,455 [EndpointStateMachine task thread for /127.0.0.1:38239 - 0 ] INFO  ipc.Client (Client.java:handleConnectionFailure(977)) - Retrying connect to server: localhost/127.0.0.1:38239. Already tried 1 time(s); retry policy is RetryUpToMaximumCountWithFixedSleep(maxRetries=15, sleepTime=1000 MILLISECONDS)
2022-03-09 17:22:49,441 [EndpointStateMachine task thread for /127.0.0.1:40365 - 0 ] INFO  ipc.Client (Client.java:handleConnectionFailure(977)) - Retrying connect to server: localhost/127.0.0.1:40365. Already tried 2 time(s); retry policy is RetryUpToMaximumCountWithFixedSleep(maxRetries=15, sleepTime=1000 MILLISECONDS)
2022-03-09 17:22:49,451 [EndpointStateMachine task thread for /127.0.0.1:45657 - 0 ] INFO  ipc.Client (Client.java:handleConnectionFailure(977)) - Retrying connect to server: localhost/127.0.0.1:45657. Already tried 2 time(s); retry policy is RetryUpToMaximumCountWithFixedSleep(maxRetries=15, sleepTime=1000 MILLISECONDS)
2022-03-09 17:22:49,455 [EndpointStateMachine task thread for /127.0.0.1:38239 - 0 ] INFO  ipc.Client (Client.java:handleConnectionFailure(977)) - Retrying connect to server: localhost/127.0.0.1:38239. Already tried 2 time(s); retry policy is RetryUpToMaximumCountWithFixedSleep(maxRetries=15, sleepTime=1000 MILLISECONDS)
2022-03-09 17:22:49,846 [Listener at 0.0.0.0/34555] INFO  retry.RetryInvocationHandler (RetryInvocationHandler.java:log(411)) - com.google.protobuf.ServiceException: java.net.ConnectException: Call From fv-az148-759/10.1.0.51 to localhost:37363 failed on connection exception: java.net.ConnectException: Connection refused; For more details see:  http://wiki.apache.org/hadoop/ConnectionRefused, while invoking $Proxy39.send over nodeId=scmNode-3,nodeAddress=/127.0.0.1:37363 after 2 failover attempts. Trying to failover after sleeping for 2000ms.
2022-03-09 17:22:50,281 [ab171f79-80bf-4db9-ba30-7c5fcf45ffba@group-5343D3A56795-FollowerState] INFO  impl.FollowerState (FollowerState.java:run(134)) - ab171f79-80bf-4db9-ba30-7c5fcf45ffba@group-5343D3A56795-FollowerState: change to CANDIDATE, lastRpcElapsedTime:5050369899ns, electionTimeout:5038ms
2022-03-09 17:22:50,281 [ab171f79-80bf-4db9-ba30-7c5fcf45ffba@group-5343D3A56795-FollowerState] INFO  impl.RoleInfo (RoleInfo.java:shutdownFollowerState(108)) - ab171f79-80bf-4db9-ba30-7c5fcf45ffba: shutdown ab171f79-80bf-4db9-ba30-7c5fcf45ffba@group-5343D3A56795-FollowerState
2022-03-09 17:22:50,281 [ab171f79-80bf-4db9-ba30-7c5fcf45ffba@group-5343D3A56795-FollowerState] INFO  server.RaftServer$Division (RaftServerImpl.java:setRole(290)) - ab171f79-80bf-4db9-ba30-7c5fcf45ffba@group-5343D3A56795: changes role from  FOLLOWER to CANDIDATE at term 1 for changeToCandidate
2022-03-09 17:22:50,281 [ab171f79-80bf-4db9-ba30-7c5fcf45ffba@group-5343D3A56795-FollowerState] INFO  server.RaftServerConfigKeys (ConfUtils.java:logGet(44)) - raft.server.leaderelection.pre-vote = false (custom)
2022-03-09 17:22:50,281 [ab171f79-80bf-4db9-ba30-7c5fcf45ffba@group-5343D3A56795-FollowerState] INFO  impl.RoleInfo (RoleInfo.java:updateAndGet(130)) - ab171f79-80bf-4db9-ba30-7c5fcf45ffba: start ab171f79-80bf-4db9-ba30-7c5fcf45ffba@group-5343D3A56795-LeaderElection13
2022-03-09 17:22:50,297 [ab171f79-80bf-4db9-ba30-7c5fcf45ffba@group-5343D3A56795-LeaderElection13] INFO  impl.LeaderElection (LeaderElection.java:askForVotes(306)) - ab171f79-80bf-4db9-ba30-7c5fcf45ffba@group-5343D3A56795-LeaderElection13 ELECTION round 0: submit vote requests at term 2 for 0: [ab171f79-80bf-4db9-ba30-7c5fcf45ffba|rpc:localhost:39455|admin:|client:|dataStream:|priority:0], old=null
2022-03-09 17:22:50,297 [ab171f79-80bf-4db9-ba30-7c5fcf45ffba@group-5343D3A56795-LeaderElection13] INFO  impl.LeaderElection (LeaderElection.java:askForVotes(308)) - ab171f79-80bf-4db9-ba30-7c5fcf45ffba@group-5343D3A56795-LeaderElection13 ELECTION round 0: result PASSED (term=2)
2022-03-09 17:22:50,298 [ab171f79-80bf-4db9-ba30-7c5fcf45ffba@group-5343D3A56795-LeaderElection13] INFO  impl.RoleInfo (RoleInfo.java:shutdownLeaderElection(121)) - ab171f79-80bf-4db9-ba30-7c5fcf45ffba: shutdown ab171f79-80bf-4db9-ba30-7c5fcf45ffba@group-5343D3A56795-LeaderElection13
2022-03-09 17:22:50,298 [ab171f79-80bf-4db9-ba30-7c5fcf45ffba@group-5343D3A56795-LeaderElection13] INFO  server.RaftServer$Division (RaftServerImpl.java:setRole(290)) - ab171f79-80bf-4db9-ba30-7c5fcf45ffba@group-5343D3A56795: changes role from CANDIDATE to LEADER at term 2 for changeToLeader
2022-03-09 17:22:50,298 [ab171f79-80bf-4db9-ba30-7c5fcf45ffba@group-5343D3A56795-LeaderElection13] INFO  ha.SCMStateMachine (SCMStateMachine.java:notifyLeaderChanged(259)) - current SCM becomes leader of term 2.
2022-03-09 17:22:50,298 [ab171f79-80bf-4db9-ba30-7c5fcf45ffba@group-5343D3A56795-LeaderElection13] INFO  ha.SCMContext (SCMContext.java:updateLeaderAndTerm(90)) - update <isLeader,term> from <false,0> to <true,2>
2022-03-09 17:22:50,298 [ab171f79-80bf-4db9-ba30-7c5fcf45ffba@group-5343D3A56795-LeaderElection13] INFO  server.RaftServer$Division (ServerState.java:setLeader(285)) - ab171f79-80bf-4db9-ba30-7c5fcf45ffba@group-5343D3A56795: change Leader from null to ab171f79-80bf-4db9-ba30-7c5fcf45ffba at term 2 for becomeLeader, leader elected after 5208ms
2022-03-09 17:22:50,298 [ab171f79-80bf-4db9-ba30-7c5fcf45ffba@group-5343D3A56795-LeaderElection13] INFO  server.RaftServerConfigKeys (ConfUtils.java:logGet(44)) - raft.server.staging.catchup.gap = 1000 (default)
2022-03-09 17:22:50,298 [ab171f79-80bf-4db9-ba30-7c5fcf45ffba@group-5343D3A56795-LeaderElection13] INFO  server.RaftServerConfigKeys (ConfUtils.java:logGet(44)) - raft.server.write.element-limit = 4096 (default)
2022-03-09 17:22:50,298 [ab171f79-80bf-4db9-ba30-7c5fcf45ffba@group-5343D3A56795-LeaderElection13] INFO  server.RaftServerConfigKeys (ConfUtils.java:logGet(44)) - raft.server.write.byte-limit = 64MB (=67108864) (default)
2022-03-09 17:22:50,298 [ab171f79-80bf-4db9-ba30-7c5fcf45ffba@group-5343D3A56795-LeaderElection13] INFO  server.RaftServerConfigKeys (ConfUtils.java:logGet(44)) - raft.server.watch.timeout = 10s (default)
2022-03-09 17:22:50,298 [ab171f79-80bf-4db9-ba30-7c5fcf45ffba@group-5343D3A56795-LeaderElection13] INFO  server.RaftServerConfigKeys (ConfUtils.java:logGet(44)) - raft.server.watch.timeout.denomination = 1s (default)
2022-03-09 17:22:50,298 [ab171f79-80bf-4db9-ba30-7c5fcf45ffba@group-5343D3A56795-LeaderElection13] INFO  server.RaftServerConfigKeys (ConfUtils.java:logGet(44)) - raft.server.watch.element-limit = 65536 (default)
2022-03-09 17:22:50,298 [ab171f79-80bf-4db9-ba30-7c5fcf45ffba@group-5343D3A56795-LeaderElection13] INFO  server.RaftServerConfigKeys (ConfUtils.java:logGet(44)) - raft.server.write.element-limit = 4096 (default)
2022-03-09 17:22:50,298 [ab171f79-80bf-4db9-ba30-7c5fcf45ffba@group-5343D3A56795-LeaderElection13] INFO  server.RaftServerConfigKeys (ConfUtils.java:logGet(44)) - raft.server.write.follower.gap.ratio.max = -1.0 (default)
2022-03-09 17:22:50,298 [ab171f79-80bf-4db9-ba30-7c5fcf45ffba@group-5343D3A56795-LeaderElection13] INFO  impl.RoleInfo (RoleInfo.java:updateAndGet(130)) - ab171f79-80bf-4db9-ba30-7c5fcf45ffba: start ab171f79-80bf-4db9-ba30-7c5fcf45ffba@group-5343D3A56795-LeaderStateImpl
2022-03-09 17:22:50,299 [ab171f79-80bf-4db9-ba30-7c5fcf45ffba@group-5343D3A56795-LeaderElection13] INFO  segmented.SegmentedRaftLogWorker (SegmentedRaftLogWorker.java:rollLogSegment(399)) - ab171f79-80bf-4db9-ba30-7c5fcf45ffba@group-5343D3A56795-SegmentedRaftLogWorker: Rolling segment log-0_0 to index:0
2022-03-09 17:22:50,316 [ab171f79-80bf-4db9-ba30-7c5fcf45ffba@group-5343D3A56795-LeaderElection13] INFO  server.RaftServer$Division (ServerState.java:setRaftConf(387)) - ab171f79-80bf-4db9-ba30-7c5fcf45ffba@group-5343D3A56795: set configuration 1: [ab171f79-80bf-4db9-ba30-7c5fcf45ffba|rpc:localhost:39455|admin:|client:|dataStream:|priority:0], old=null
2022-03-09 17:22:50,316 [ab171f79-80bf-4db9-ba30-7c5fcf45ffba@group-5343D3A56795-SegmentedRaftLogWorker] INFO  segmented.SegmentedRaftLogWorker (SegmentedRaftLogWorker.java:execute(558)) - ab171f79-80bf-4db9-ba30-7c5fcf45ffba@group-5343D3A56795-SegmentedRaftLogWorker: Rolled log segment from /home/runner/work/ozone/ozone/hadoop-ozone/integration-test/target/test-dir/MiniOzoneClusterImpl-aa50db73-d356-40d6-b3b5-5343d3a56795/scmNode-1/scm-ha/aa50db73-d356-40d6-b3b5-5343d3a56795/current/log_inprogress_0 to /home/runner/work/ozone/ozone/hadoop-ozone/integration-test/target/test-dir/MiniOzoneClusterImpl-aa50db73-d356-40d6-b3b5-5343d3a56795/scmNode-1/scm-ha/aa50db73-d356-40d6-b3b5-5343d3a56795/current/log_0-0
2022-03-09 17:22:50,325 [ab171f79-80bf-4db9-ba30-7c5fcf45ffba@group-5343D3A56795-SegmentedRaftLogWorker] INFO  segmented.SegmentedRaftLogWorker (SegmentedRaftLogWorker.java:execute(601)) - ab171f79-80bf-4db9-ba30-7c5fcf45ffba@group-5343D3A56795-SegmentedRaftLogWorker: created new log segment /home/runner/work/ozone/ozone/hadoop-ozone/integration-test/target/test-dir/MiniOzoneClusterImpl-aa50db73-d356-40d6-b3b5-5343d3a56795/scmNode-1/scm-ha/aa50db73-d356-40d6-b3b5-5343d3a56795/current/log_inprogress_1
2022-03-09 17:22:50,326 [ab171f79-80bf-4db9-ba30-7c5fcf45ffba@group-5343D3A56795-StateMachineUpdater] INFO  ha.SCMContext (SCMContext.java:setLeaderReady(117)) - update <isLeaderReady> from <false> to <true>
2022-03-09 17:22:50,327 [ab171f79-80bf-4db9-ba30-7c5fcf45ffba@group-5343D3A56795-StateMachineUpdater] INFO  pipeline.BackgroundPipelineCreator (BackgroundPipelineCreator.java:notifyStatusChanged(264)) - Service BackgroundPipelineCreator transitions to RUNNING.
2022-03-09 17:22:50,327 [ab171f79-80bf-4db9-ba30-7c5fcf45ffba@group-5343D3A56795-StateMachineUpdater] INFO  safemode.HealthyPipelineSafeModeRule (HealthyPipelineSafeModeRule.java:initializeRule(152)) - Refreshed total pipeline count is 0, healthy pipeline threshold count is 1
2022-03-09 17:22:50,327 [ab171f79-80bf-4db9-ba30-7c5fcf45ffba@group-5343D3A56795-StateMachineUpdater] INFO  safemode.ContainerSafeModeRule (ContainerSafeModeRule.java:reInitializeRule(177)) - Refreshed one replica container threshold 0, currentThreshold 0
2022-03-09 17:22:50,327 [ab171f79-80bf-4db9-ba30-7c5fcf45ffba@group-5343D3A56795-StateMachineUpdater] INFO  safemode.OneReplicaPipelineSafeModeRule (OneReplicaPipelineSafeModeRule.java:initializeRule(176)) - Refreshed Total pipeline count is 0, pipeline's with at least one datanode reported threshold count is 0
2022-03-09 17:22:50,327 [ab171f79-80bf-4db9-ba30-7c5fcf45ffba@group-5343D3A56795-StateMachineUpdater] INFO  server.SCMDatanodeProtocolServer (SCMDatanodeProtocolServer.java:start(183)) - ScmDatanodeProtocol RPC server for DataNodes is listening at /0.0.0.0:34459
2022-03-09 17:22:50,339 [IPC Server listener on 34459] INFO  ipc.Server (Server.java:run(1344)) - IPC Server listener on 34459: starting
2022-03-09 17:22:50,366 [IPC Server Responder] INFO  ipc.Server (Server.java:run(1507)) - IPC Server Responder: starting
2022-03-09 17:22:50,441 [EndpointStateMachine task thread for /127.0.0.1:40365 - 0 ] INFO  ipc.Client (Client.java:handleConnectionFailure(977)) - Retrying connect to server: localhost/127.0.0.1:40365. Already tried 3 time(s); retry policy is RetryUpToMaximumCountWithFixedSleep(maxRetries=15, sleepTime=1000 MILLISECONDS)
2022-03-09 17:22:50,452 [EndpointStateMachine task thread for /127.0.0.1:45657 - 0 ] INFO  ipc.Client (Client.java:handleConnectionFailure(977)) - Retrying connect to server: localhost/127.0.0.1:45657. Already tried 3 time(s); retry policy is RetryUpToMaximumCountWithFixedSleep(maxRetries=15, sleepTime=1000 MILLISECONDS)
2022-03-09 17:22:50,456 [EndpointStateMachine task thread for /127.0.0.1:38239 - 0 ] INFO  ipc.Client (Client.java:handleConnectionFailure(977)) - Retrying connect to server: localhost/127.0.0.1:38239. Already tried 3 time(s); retry policy is RetryUpToMaximumCountWithFixedSleep(maxRetries=15, sleepTime=1000 MILLISECONDS)
2022-03-09 17:22:51,442 [EndpointStateMachine task thread for /127.0.0.1:40365 - 0 ] INFO  ipc.Client (Client.java:handleConnectionFailure(977)) - Retrying connect to server: localhost/127.0.0.1:40365. Already tried 4 time(s); retry policy is RetryUpToMaximumCountWithFixedSleep(maxRetries=15, sleepTime=1000 MILLISECONDS)
2022-03-09 17:22:51,453 [EndpointStateMachine task thread for /127.0.0.1:45657 - 0 ] INFO  ipc.Client (Client.java:handleConnectionFailure(977)) - Retrying connect to server: localhost/127.0.0.1:45657. Already tried 4 time(s); retry policy is RetryUpToMaximumCountWithFixedSleep(maxRetries=15, sleepTime=1000 MILLISECONDS)
2022-03-09 17:22:51,456 [EndpointStateMachine task thread for /127.0.0.1:38239 - 0 ] INFO  ipc.Client (Client.java:handleConnectionFailure(977)) - Retrying connect to server: localhost/127.0.0.1:38239. Already tried 4 time(s); retry policy is RetryUpToMaximumCountWithFixedSleep(maxRetries=15, sleepTime=1000 MILLISECONDS)
2022-03-09 17:22:51,849 [Listener at 0.0.0.0/34555] INFO  server.StorageContainerManager (StorageContainerManager.java:scmBootstrap(1011)) - SCM BootStrap  is successful for ClusterID aa50db73-d356-40d6-b3b5-5343d3a56795, SCMID dae587cf-c5b5-4dcf-9320-ec0de1a92622
2022-03-09 17:22:51,850 [Listener at 0.0.0.0/34555] INFO  server.StorageContainerManager (StorageContainerManager.java:scmBootstrap(1013)) - Primary SCM Node ID ab171f79-80bf-4db9-ba30-7c5fcf45ffba
2022-03-09 17:22:51,850 [Listener at 0.0.0.0/34555] INFO  ha.SCMHANodeDetails (SCMHANodeDetails.java:loadSCMHAConfig(157)) - ServiceID for StorageContainerManager is scm-service-test1
2022-03-09 17:22:51,850 [Listener at 0.0.0.0/34555] INFO  ha.SCMHANodeDetails (SCMHANodeDetails.java:loadSCMHAConfig(168)) - ServiceID for StorageContainerManager is scm-service-test1
2022-03-09 17:22:51,850 [Listener at 0.0.0.0/34555] WARN  scm.ScmUtils (ScmUtils.java:logWarn(179)) - ConfigKey ozone.scm.block.client.address is deprecated, For configuring different ports for each SCM use PortConfigKey ozone.scm.block.client.port appended with serviceId and nodeId. If want to configure same port configure ozone.scm.block.client.port
2022-03-09 17:22:51,850 [Listener at 0.0.0.0/34555] WARN  scm.ScmUtils (ScmUtils.java:logWarn(179)) - ConfigKey ozone.scm.client.address is deprecated, For configuring different ports for each SCM use PortConfigKey ozone.scm.client.port appended with serviceId and nodeId. If want to configure same port configure ozone.scm.client.port
2022-03-09 17:22:51,850 [Listener at 0.0.0.0/34555] WARN  scm.ScmUtils (ScmUtils.java:logWarn(179)) - ConfigKey ozone.scm.datanode.address is deprecated, For configuring different ports for each SCM use PortConfigKey ozone.scm.datanode.port appended with serviceId and nodeId. If want to configure same port configure ozone.scm.datanode.port
2022-03-09 17:22:51,850 [Listener at 0.0.0.0/34555] WARN  scm.ScmUtils (ScmUtils.java:logWarn(179)) - ConfigKey ozone.scm.block.client.address is deprecated, For configuring different ports for each SCM use PortConfigKey ozone.scm.block.client.port appended with serviceId and nodeId. If want to configure same port configure ozone.scm.block.client.port
2022-03-09 17:22:51,851 [Listener at 0.0.0.0/34555] WARN  scm.ScmUtils (ScmUtils.java:logWarn(179)) - ConfigKey ozone.scm.client.address is deprecated, For configuring different ports for each SCM use PortConfigKey ozone.scm.client.port appended with serviceId and nodeId. If want to configure same port configure ozone.scm.client.port
2022-03-09 17:22:51,851 [Listener at 0.0.0.0/34555] WARN  scm.ScmUtils (ScmUtils.java:logWarn(179)) - ConfigKey ozone.scm.datanode.address is deprecated, For configuring different ports for each SCM use PortConfigKey ozone.scm.datanode.port appended with serviceId and nodeId. If want to configure same port configure ozone.scm.datanode.port
2022-03-09 17:22:51,851 [Listener at 0.0.0.0/34555] INFO  ha.SCMHANodeDetails (SCMHANodeDetails.java:loadSCMHAConfig(250)) - Found matching SCM address with SCMServiceId: scm-service-test1, SCMNodeId: scmNode-2, RPC Address: localhost:44301 and Ratis port: 44301
2022-03-09 17:22:51,851 [Listener at 0.0.0.0/34555] INFO  ha.SCMHANodeDetails (ConfUtils.java:setNodeSpecificConfigs(108)) - Setting configuration key ozone.scm.datanode.address with value of key ozone.scm.datanode.address.scm-service-test1.scmNode-2: 127.0.0.1:39101
2022-03-09 17:22:51,851 [Listener at 0.0.0.0/34555] INFO  ha.SCMHANodeDetails (ConfUtils.java:setNodeSpecificConfigs(108)) - Setting configuration key ozone.scm.block.client.address with value of key ozone.scm.block.client.address.scm-service-test1.scmNode-2: 127.0.0.1:36591
2022-03-09 17:22:51,851 [Listener at 0.0.0.0/34555] INFO  ha.SCMHANodeDetails (ConfUtils.java:setNodeSpecificConfigs(108)) - Setting configuration key ozone.scm.client.address with value of key ozone.scm.client.address.scm-service-test1.scmNode-2: 127.0.0.1:43313
2022-03-09 17:22:51,851 [Listener at 0.0.0.0/34555] INFO  ha.SCMHANodeDetails (ConfUtils.java:setNodeSpecificConfigs(108)) - Setting configuration key ozone.scm.ratis.port with value of key ozone.scm.ratis.port.scm-service-test1.scmNode-2: 44301
2022-03-09 17:22:51,851 [Listener at 0.0.0.0/34555] INFO  ha.SCMHANodeDetails (ConfUtils.java:setNodeSpecificConfigs(108)) - Setting configuration key ozone.scm.grpc.port with value of key ozone.scm.grpc.port.scm-service-test1.scmNode-2: 36351
2022-03-09 17:22:51,851 [Listener at 0.0.0.0/34555] INFO  ha.SCMHANodeDetails (ConfUtils.java:setNodeSpecificConfigs(108)) - Setting configuration key ozone.scm.http-address with value of key ozone.scm.http-address.scm-service-test1.scmNode-2: 127.0.0.1:35923
2022-03-09 17:22:51,851 [Listener at 0.0.0.0/34555] INFO  ha.SCMHANodeDetails (ConfUtils.java:setNodeSpecificConfigs(108)) - Setting configuration key ozone.scm.https-address with value of key ozone.scm.https-address.scm-service-test1.scmNode-2: 127.0.0.1:40001
2022-03-09 17:22:51,852 [Listener at 0.0.0.0/34555] INFO  ha.SCMHANodeDetails (ConfUtils.java:setNodeSpecificConfigs(108)) - Setting configuration key ozone.scm.address with value of key ozone.scm.address.scm-service-test1.scmNode-2: 127.0.0.1
2022-03-09 17:22:51,852 [Listener at 0.0.0.0/34555] WARN  scm.ScmUtils (ScmUtils.java:logWarn(179)) - ConfigKey ozone.scm.block.client.address is deprecated, For configuring different ports for each SCM use PortConfigKey ozone.scm.block.client.port appended with serviceId and nodeId. If want to configure same port configure ozone.scm.block.client.port
2022-03-09 17:22:51,852 [Listener at 0.0.0.0/34555] WARN  scm.ScmUtils (ScmUtils.java:logWarn(179)) - ConfigKey ozone.scm.client.address is deprecated, For configuring different ports for each SCM use PortConfigKey ozone.scm.client.port appended with serviceId and nodeId. If want to configure same port configure ozone.scm.client.port
2022-03-09 17:22:51,852 [Listener at 0.0.0.0/34555] WARN  scm.ScmUtils (ScmUtils.java:logWarn(179)) - ConfigKey ozone.scm.datanode.address is deprecated, For configuring different ports for each SCM use PortConfigKey ozone.scm.datanode.port appended with serviceId and nodeId. If want to configure same port configure ozone.scm.datanode.port
2022-03-09 17:22:51,852 [Listener at 0.0.0.0/34555] WARN  server.ServerUtils (ServerUtils.java:getScmDbDir(148)) - ozone.scm.db.dirs is not configured. We recommend adding this setting. Falling back to ozone.metadata.dirs instead.
2022-03-09 17:22:51,853 [Listener at 0.0.0.0/34555] INFO  upgrade.AbstractLayoutVersionManager (AbstractLayoutVersionManager.java:init(79)) - Initializing Layout version manager with metadata layout = SCM_HA (version = 2), software layout = SCM_HA (version = 2)
2022-03-09 17:22:51,926 [Listener at 0.0.0.0/34555] INFO  reflections.Reflections (Reflections.java:scan(232)) - Reflections took 72 ms to scan 7 urls, producing 122 keys and 286 values 
2022-03-09 17:22:51,932 [Listener at 0.0.0.0/34555] WARN  utils.HAUtils (HAUtils.java:getMetaDir(342)) - ozone.scm.db.dirs is not configured. We recommend adding this setting. Falling back to ozone.metadata.dirs instead.
2022-03-09 17:22:51,939 [Listener at 0.0.0.0/34555] WARN  db.DBStoreBuilder (DBStoreBuilder.java:applyDBDefinition(145)) - ozone.scm.db.dirs is not configured. We recommend adding this setting. Falling back to ozone.metadata.dirs instead.
2022-03-09 17:22:52,069 [Listener at 0.0.0.0/34555] INFO  net.NodeSchemaLoader (NodeSchemaLoader.java:loadSchemaFromFile(129)) - Loading schema from [jar:file:/home/runner/.m2/repository/org/apache/ozone/hdds-common/1.3.0-SNAPSHOT/hdds-common-1.3.0-SNAPSHOT.jar!/network-topology-default.xml]
2022-03-09 17:22:52,070 [Listener at 0.0.0.0/34555] INFO  net.NodeSchemaLoader (NodeSchemaLoader.java:loadSchema(176)) - Loading network topology layer schema file
2022-03-09 17:22:52,081 [Listener at 0.0.0.0/34555] WARN  impl.MetricRegistriesImpl (MetricRegistriesImpl.java:addReporterRegistration(111)) - New reporters are added after registries were created. Some metrics will be missing from the reporter. Please add reporter before adding any new registry.
2022-03-09 17:22:52,081 [Listener at 0.0.0.0/34555] WARN  impl.MetricRegistriesImpl (MetricRegistriesImpl.java:addReporterRegistration(111)) - New reporters are added after registries were created. Some metrics will be missing from the reporter. Please add reporter before adding any new registry.
2022-03-09 17:22:52,082 [Listener at 0.0.0.0/34555] INFO  ha.SCMRatisServerImpl (SCMRatisServerImpl.java:<init>(87)) - starting Raft server for scm:dae587cf-c5b5-4dcf-9320-ec0de1a92622
2022-03-09 17:22:52,082 [Listener at 0.0.0.0/34555] INFO  server.RaftServer (ConfUtils.java:logGet(44)) - raft.rpc.type = GRPC (default)
2022-03-09 17:22:52,082 [Listener at 0.0.0.0/34555] INFO  grpc.GrpcFactory (GrpcFactory.java:checkPooledByteBufAllocatorUseCacheForAllThreads(48)) - PERFORMANCE WARNING: useCacheForAllThreads is true that may cause Netty to create a lot garbage objects and, as a result, trigger GC.
	It is recommended to disable useCacheForAllThreads by setting -Dorg.apache.ratis.thirdparty.io.netty.allocator.useCacheForAllThreads=false in command line.
2022-03-09 17:22:52,083 [Listener at 0.0.0.0/34555] INFO  grpc.GrpcConfigKeys (ConfUtils.java:logGet(44)) - raft.grpc.admin.port = -1 (default)
2022-03-09 17:22:52,083 [Listener at 0.0.0.0/34555] INFO  grpc.GrpcConfigKeys (ConfUtils.java:logGet(44)) - raft.grpc.server.port = 44301 (custom)
2022-03-09 17:22:52,083 [Listener at 0.0.0.0/34555] INFO  grpc.GrpcConfigKeys (ConfUtils.java:logGet(44)) - raft.grpc.client.port = -1 (default)
2022-03-09 17:22:52,083 [Listener at 0.0.0.0/34555] INFO  grpc.GrpcConfigKeys (ConfUtils.java:logGet(44)) - raft.grpc.server.port = 44301 (custom)
2022-03-09 17:22:52,083 [Listener at 0.0.0.0/34555] INFO  grpc.GrpcConfigKeys (ConfUtils.java:logGet(44)) - raft.grpc.server.port = 44301 (custom)
2022-03-09 17:22:52,083 [Listener at 0.0.0.0/34555] INFO  server.GrpcService (ConfUtils.java:logGet(44)) - raft.grpc.message.size.max = 32m (=33554432) (custom)
2022-03-09 17:22:52,083 [Listener at 0.0.0.0/34555] INFO  server.RaftServerConfigKeys (ConfUtils.java:logGet(44)) - raft.server.log.appender.buffer.byte-limit = 33554432 (custom)
2022-03-09 17:22:52,083 [Listener at 0.0.0.0/34555] INFO  server.GrpcService (ConfUtils.java:logGet(44)) - raft.grpc.flow.control.window = 1MB (=1048576) (default)
2022-03-09 17:22:52,084 [Listener at 0.0.0.0/34555] INFO  server.RaftServerConfigKeys (ConfUtils.java:logGet(44)) - raft.server.rpc.request.timeout = 30000ms (custom)
2022-03-09 17:22:52,085 [Listener at 0.0.0.0/34555] INFO  impl.DataStreamServerImpl (ConfUtils.java:logGet(44)) - raft.datastream.type = DISABLED (default)
2022-03-09 17:22:52,085 [Listener at 0.0.0.0/34555] INFO  server.RaftServerConfigKeys (ConfUtils.java:logGet(44)) - raft.server.rpc.slowness.timeout = 120000ms (custom)
2022-03-09 17:22:52,085 [Listener at 0.0.0.0/34555] INFO  server.RaftServerConfigKeys (ConfUtils.java:logGet(44)) - raft.server.leaderelection.leader.step-down.wait-time = 10s (default)
2022-03-09 17:22:52,085 [Listener at 0.0.0.0/34555] INFO  server.RaftServerConfigKeys (ConfUtils.java:logGet(44)) - raft.server.storage.dir = [/home/runner/work/ozone/ozone/hadoop-ozone/integration-test/target/test-dir/MiniOzoneClusterImpl-aa50db73-d356-40d6-b3b5-5343d3a56795/scmNode-2/scm-ha] (custom)
2022-03-09 17:22:52,095 [Listener at 0.0.0.0/34555] INFO  server.RaftServer (RaftServerProxy.java:addNew(95)) - dae587cf-c5b5-4dcf-9320-ec0de1a92622: addNew group-5343D3A56795:[] returns group-5343D3A56795:java.util.concurrent.CompletableFuture@28964cb5[Not completed]
2022-03-09 17:22:52,095 [pool-269-thread-1] INFO  server.RaftServer$Division (RaftServerImpl.java:<init>(184)) - dae587cf-c5b5-4dcf-9320-ec0de1a92622: new RaftServerImpl for group-5343D3A56795:[] with SCMStateMachine:uninitialized
2022-03-09 17:22:52,112 [pool-269-thread-1] INFO  server.RaftServerConfigKeys (ConfUtils.java:logGet(44)) - raft.server.rpc.timeout.min = 5000ms (custom)
2022-03-09 17:22:52,112 [pool-269-thread-1] INFO  server.RaftServerConfigKeys (ConfUtils.java:logGet(44)) - raft.server.rpc.timeout.max = 5200ms (custom)
2022-03-09 17:22:52,112 [pool-269-thread-1] INFO  server.RaftServerConfigKeys (ConfUtils.java:logGet(44)) - raft.server.rpc.sleep.time = 25ms (default)
2022-03-09 17:22:52,112 [pool-269-thread-1] INFO  server.RaftServerConfigKeys (ConfUtils.java:logGet(44)) - raft.server.rpc.slowness.timeout = 120000ms (custom)
2022-03-09 17:22:52,112 [pool-269-thread-1] INFO  server.RaftServerConfigKeys (ConfUtils.java:logGet(44)) - raft.server.leaderelection.leader.step-down.wait-time = 10s (default)
2022-03-09 17:22:52,112 [pool-269-thread-1] INFO  server.RaftServerConfigKeys (ConfUtils.java:logGet(44)) - raft.server.sleep.deviation.threshold = 300ms (default)
2022-03-09 17:22:52,112 [pool-269-thread-1] INFO  server.RaftServerConfigKeys (ConfUtils.java:logGet(44)) - raft.server.log.appender.install.snapshot.enabled = false (custom)
2022-03-09 17:22:52,112 [pool-269-thread-1] INFO  server.RaftServer$Division (ServerState.java:<init>(105)) - dae587cf-c5b5-4dcf-9320-ec0de1a92622@group-5343D3A56795: ConfigurationManager, init=-1: [], old=null, confs=<EMPTY_MAP>
2022-03-09 17:22:52,112 [pool-269-thread-1] INFO  server.RaftServerConfigKeys (ConfUtils.java:logGet(44)) - raft.server.storage.dir = [/home/runner/work/ozone/ozone/hadoop-ozone/integration-test/target/test-dir/MiniOzoneClusterImpl-aa50db73-d356-40d6-b3b5-5343d3a56795/scmNode-2/scm-ha] (custom)
2022-03-09 17:22:52,112 [pool-269-thread-1] INFO  server.RaftServerConfigKeys (ConfUtils.java:logGet(44)) - raft.server.log.corruption.policy = EXCEPTION (default)
2022-03-09 17:22:52,112 [pool-269-thread-1] INFO  server.RaftServerConfigKeys (ConfUtils.java:logGet(44)) - raft.server.storage.free-space.min = 0MB (=0) (default)
2022-03-09 17:22:52,112 [pool-269-thread-1] INFO  storage.RaftStorageDirectory (RaftStorageDirectoryImpl.java:analyzeStorage(135)) - The storage directory /home/runner/work/ozone/ozone/hadoop-ozone/integration-test/target/test-dir/MiniOzoneClusterImpl-aa50db73-d356-40d6-b3b5-5343d3a56795/scmNode-2/scm-ha/aa50db73-d356-40d6-b3b5-5343d3a56795 does not exist. Creating ...
2022-03-09 17:22:52,114 [pool-269-thread-1] INFO  storage.RaftStorageDirectory (RaftStorageDirectoryImpl.java:tryLock(230)) - Lock on /home/runner/work/ozone/ozone/hadoop-ozone/integration-test/target/test-dir/MiniOzoneClusterImpl-aa50db73-d356-40d6-b3b5-5343d3a56795/scmNode-2/scm-ha/aa50db73-d356-40d6-b3b5-5343d3a56795/in_use.lock acquired by nodename 7019@fv-az148-759
2022-03-09 17:22:52,115 [pool-269-thread-1] INFO  storage.RaftStorage (RaftStorageImpl.java:format(89)) - Storage directory /home/runner/work/ozone/ozone/hadoop-ozone/integration-test/target/test-dir/MiniOzoneClusterImpl-aa50db73-d356-40d6-b3b5-5343d3a56795/scmNode-2/scm-ha/aa50db73-d356-40d6-b3b5-5343d3a56795 has been successfully formatted.
2022-03-09 17:22:52,115 [pool-269-thread-1] INFO  server.RaftServerConfigKeys (ConfUtils.java:logGet(44)) - raft.server.notification.no-leader.timeout = 60s (default)
2022-03-09 17:22:52,115 [pool-269-thread-1] INFO  server.RaftServerConfigKeys (ConfUtils.java:logGet(44)) - raft.server.log.use.memory = false (default)
2022-03-09 17:22:52,115 [pool-269-thread-1] INFO  server.RaftServerConfigKeys (ConfUtils.java:logGet(44)) - raft.server.log.purge.gap = 5 (custom)
2022-03-09 17:22:52,115 [pool-269-thread-1] INFO  server.RaftServerConfigKeys (ConfUtils.java:logGet(44)) - raft.server.log.appender.buffer.byte-limit = 33554432 (custom)
2022-03-09 17:22:52,116 [pool-269-thread-1] INFO  server.RaftServerConfigKeys (ConfUtils.java:logGet(44)) - raft.server.log.segment.size.max = 4194304 (custom)
2022-03-09 17:22:52,116 [pool-269-thread-1] INFO  server.RaftServerConfigKeys (ConfUtils.java:logGet(44)) - raft.server.log.segment.cache.num.max = 2 (custom)
2022-03-09 17:22:52,116 [pool-269-thread-1] INFO  server.RaftServerConfigKeys (ConfUtils.java:logGet(44)) - raft.server.log.segment.cache.size.max = 200MB (=209715200) (default)
2022-03-09 17:22:52,116 [pool-269-thread-1] INFO  segmented.SegmentedRaftLogWorker (SegmentedRaftLogWorker.java:<init>(182)) - new dae587cf-c5b5-4dcf-9320-ec0de1a92622@group-5343D3A56795-SegmentedRaftLogWorker for RaftStorageImpl:Storage Directory /home/runner/work/ozone/ozone/hadoop-ozone/integration-test/target/test-dir/MiniOzoneClusterImpl-aa50db73-d356-40d6-b3b5-5343d3a56795/scmNode-2/scm-ha/aa50db73-d356-40d6-b3b5-5343d3a56795
2022-03-09 17:22:52,116 [pool-269-thread-1] INFO  server.RaftServerConfigKeys (ConfUtils.java:logGet(44)) - raft.server.log.queue.byte-limit = 64MB (=67108864) (default)
2022-03-09 17:22:52,116 [pool-269-thread-1] INFO  server.RaftServerConfigKeys (ConfUtils.java:logGet(44)) - raft.server.log.queue.element-limit = 4096 (default)
2022-03-09 17:22:52,116 [pool-269-thread-1] INFO  server.RaftServerConfigKeys (ConfUtils.java:logGet(44)) - raft.server.log.segment.size.max = 4194304 (custom)
2022-03-09 17:22:52,116 [pool-269-thread-1] INFO  server.RaftServerConfigKeys (ConfUtils.java:logGet(44)) - raft.server.log.preallocated.size = 4194304 (custom)
2022-03-09 17:22:52,116 [pool-269-thread-1] INFO  server.RaftServerConfigKeys (ConfUtils.java:logGet(44)) - raft.server.log.force.sync.num = 128 (default)
2022-03-09 17:22:52,116 [pool-269-thread-1] INFO  server.RaftServerConfigKeys (ConfUtils.java:logGet(44)) - raft.server.log.statemachine.data.sync = true (default)
2022-03-09 17:22:52,116 [pool-269-thread-1] INFO  server.RaftServerConfigKeys (ConfUtils.java:logGet(44)) - raft.server.log.statemachine.data.sync.timeout = 10s (default)
2022-03-09 17:22:52,116 [pool-269-thread-1] INFO  server.RaftServerConfigKeys (ConfUtils.java:logGet(44)) - raft.server.log.statemachine.data.sync.timeout.retry = -1 (default)
2022-03-09 17:22:52,117 [pool-269-thread-1] INFO  server.RaftServerConfigKeys (ConfUtils.java:logGet(44)) - raft.server.log.write.buffer.size = 64KB (=65536) (default)
2022-03-09 17:22:52,117 [pool-269-thread-1] INFO  server.RaftServerConfigKeys (ConfUtils.java:logGet(44)) - raft.server.log.statemachine.data.caching.enabled = false (default)
2022-03-09 17:22:52,117 [pool-269-thread-1] INFO  segmented.SegmentedRaftLogWorker (SegmentedRaftLogWorker.java:lambda$new$0(133)) - dae587cf-c5b5-4dcf-9320-ec0de1a92622@group-5343D3A56795-SegmentedRaftLogWorker: flushIndex: setUnconditionally 0 -> -1
2022-03-09 17:22:52,117 [pool-269-thread-1] INFO  segmented.SegmentedRaftLogWorker (SegmentedRaftLogWorker.java:lambda$new$0(133)) - dae587cf-c5b5-4dcf-9320-ec0de1a92622@group-5343D3A56795-SegmentedRaftLogWorker: safeCacheEvictIndex: setUnconditionally 0 -> -1
2022-03-09 17:22:52,123 [pool-269-thread-1] INFO  server.RaftServerConfigKeys (ConfUtils.java:logGet(44)) - raft.server.snapshot.auto.trigger.enabled = true (custom)
2022-03-09 17:22:52,123 [pool-269-thread-1] INFO  server.RaftServerConfigKeys (ConfUtils.java:logGet(44)) - raft.server.snapshot.auto.trigger.threshold = 5 (custom)
2022-03-09 17:22:52,123 [pool-269-thread-1] INFO  server.RaftServerConfigKeys (ConfUtils.java:logGet(44)) - raft.server.snapshot.retention.file.num = -1 (default)
2022-03-09 17:22:52,123 [pool-269-thread-1] INFO  server.RaftServerConfigKeys (ConfUtils.java:logGet(44)) - raft.server.log.purge.upto.snapshot.index = true (custom)
2022-03-09 17:22:52,123 [pool-269-thread-1] INFO  server.RaftServerConfigKeys (ConfUtils.java:logGet(44)) - raft.server.retrycache.expirytime = 60000ms (default)
2022-03-09 17:22:52,123 [pool-269-thread-1] INFO  server.RaftServerConfigKeys (ConfUtils.java:logGet(44)) - raft.server.retrycache.statistics.expirytime = 100μs (default)
2022-03-09 17:22:52,124 [Listener at 0.0.0.0/34555] INFO  ha.SCMSnapshotProvider (SCMSnapshotProvider.java:<init>(66)) - Initializing SCM Snapshot Provider
2022-03-09 17:22:52,124 [Listener at 0.0.0.0/34555] WARN  server.ServerUtils (ServerUtils.java:getDefaultRatisDirectory(237)) - Storage directory for Ratis is not configured. It is a good idea to map this to an SSD disk. Falling back to ozone.metadata.dirs
2022-03-09 17:22:52,124 [Listener at 0.0.0.0/34555] WARN  ha.SCMHAUtils (SCMHAUtils.java:getSCMRatisSnapshotDirectory(151)) - SCM snapshot dir is not configured. Falling back to ozone.metadata.dirs config
2022-03-09 17:22:52,126 [Listener at 0.0.0.0/34555] INFO  ha.SequenceIdGenerator (SequenceIdGenerator.java:upgradeToSequenceId(347)) - upgrade localId to 109611004723200000
2022-03-09 17:22:52,126 [Listener at 0.0.0.0/34555] INFO  ha.SequenceIdGenerator (SequenceIdGenerator.java:upgradeToSequenceId(357)) - upgrade delTxnId to 0
2022-03-09 17:22:52,126 [Listener at 0.0.0.0/34555] INFO  ha.SequenceIdGenerator (SequenceIdGenerator.java:upgradeToSequenceId(371)) - upgrade containerId to 0
2022-03-09 17:22:52,126 [Listener at 0.0.0.0/34555] INFO  ha.SequenceIdGenerator (SequenceIdGenerator.java:<init>(218)) - Init the HA SequenceIdGenerator.
2022-03-09 17:22:52,126 [Listener at 0.0.0.0/34555] WARN  server.ServerUtils (ServerUtils.java:sanitizeUserArgs(73)) - ozone.scm.stale.node.interval value = 300000 is larger than max = 100000 based on the key value of ozone.scm.heartbeat.thread.interval, reset to the max value 100000.
2022-03-09 17:22:52,126 [Listener at 0.0.0.0/34555] WARN  server.ServerUtils (ServerUtils.java:sanitizeUserArgs(73)) - ozone.scm.stale.node.interval value = 300000 is larger than max = 100000 based on the key value of ozone.scm.heartbeat.thread.interval, reset to the max value 100000.
2022-03-09 17:22:52,131 [Listener at 0.0.0.0/34555] INFO  node.SCMNodeManager (SCMNodeManager.java:<init>(146)) - Entering startup safe mode.
2022-03-09 17:22:52,132 [Listener at 0.0.0.0/34555] INFO  algorithms.ContainerPlacementPolicyFactory (ContainerPlacementPolicyFactory.java:getPolicy(60)) - Create container placement policy of type org.apache.hadoop.hdds.scm.container.placement.algorithms.SCMContainerPlacementRandom
2022-03-09 17:22:52,132 [Listener at 0.0.0.0/34555] INFO  pipeline.PipelineStateManagerImpl (PipelineStateManagerImpl.java:initialize(78)) - No pipeline exists in current db
2022-03-09 17:22:52,132 [Listener at 0.0.0.0/34555] INFO  algorithms.LeaderChoosePolicyFactory (LeaderChoosePolicyFactory.java:getPolicy(57)) - Create leader choose policy of type org.apache.hadoop.hdds.scm.pipeline.leader.choose.algorithms.MinLeaderCountChoosePolicy
2022-03-09 17:22:52,132 [Listener at 0.0.0.0/34555] INFO  ha.SCMServiceManager (SCMServiceManager.java:register(42)) - Registering service BackgroundPipelineCreator.
2022-03-09 17:22:52,132 [Listener at 0.0.0.0/34555] INFO  pipeline.BackgroundPipelineCreator (BackgroundPipelineCreator.java:start(130)) - Starting RatisPipelineUtilsThread.
2022-03-09 17:22:52,147 [Listener at 0.0.0.0/34555] INFO  algorithms.PipelineChoosePolicyFactory (PipelineChoosePolicyFactory.java:createPipelineChoosePolicyFromClass(73)) - Create pipeline choose policy of type org.apache.hadoop.hdds.scm.pipeline.choose.algorithms.RandomPipelineChoosePolicy
2022-03-09 17:22:52,148 [Listener at 0.0.0.0/34555] INFO  ha.SCMServiceManager (SCMServiceManager.java:register(42)) - Registering service SCMBlockDeletingService.
2022-03-09 17:22:52,148 [Listener at 0.0.0.0/34555] INFO  ha.SCMServiceManager (SCMServiceManager.java:register(42)) - Registering service ReplicationManager.
2022-03-09 17:22:52,149 [Listener at 0.0.0.0/34555] INFO  container.ReplicationManager (ReplicationManager.java:start(326)) - Starting Replication Monitor Thread.
2022-03-09 17:22:52,164 [Listener at 0.0.0.0/34555] INFO  safemode.ContainerSafeModeRule (ContainerSafeModeRule.java:<init>(89)) - containers with one replica threshold count 0
2022-03-09 17:22:52,165 [Listener at 0.0.0.0/34555] INFO  safemode.HealthyPipelineSafeModeRule (HealthyPipelineSafeModeRule.java:initializeRule(156)) - Total pipeline count is 0, healthy pipeline threshold count is 1
2022-03-09 17:22:52,165 [Listener at 0.0.0.0/34555] INFO  safemode.OneReplicaPipelineSafeModeRule (OneReplicaPipelineSafeModeRule.java:initializeRule(180)) - Total pipeline count is 0, pipeline's with at least one datanode reported threshold count is 0
2022-03-09 17:22:52,179 [Listener at 0.0.0.0/34555] INFO  ipc.CallQueueManager (CallQueueManager.java:<init>(90)) - Using callQueue: class java.util.concurrent.LinkedBlockingQueue, queueCapacity: 2000, scheduler: class org.apache.hadoop.ipc.DefaultRpcScheduler, ipcBackoff: false.
2022-03-09 17:22:52,188 [Listener at 0.0.0.0/39101] INFO  ipc.CallQueueManager (CallQueueManager.java:<init>(90)) - Using callQueue: class java.util.concurrent.LinkedBlockingQueue, queueCapacity: 2000, scheduler: class org.apache.hadoop.ipc.DefaultRpcScheduler, ipcBackoff: false.
2022-03-09 17:22:52,188 [Socket Reader #1 for port 39101] INFO  ipc.Server (Server.java:run(1265)) - Starting Socket Reader #1 for port 39101
2022-03-09 17:22:52,195 [Socket Reader #1 for port 36591] INFO  ipc.Server (Server.java:run(1265)) - Starting Socket Reader #1 for port 36591
2022-03-09 17:22:52,204 [ReplicationMonitor] INFO  container.ReplicationManager (ReplicationManager.java:processAll(374)) - Replication Manager is not ready to run until 3000ms after safemode exit
2022-03-09 17:22:52,205 [Listener at 0.0.0.0/36591] INFO  ipc.CallQueueManager (CallQueueManager.java:<init>(90)) - Using callQueue: class java.util.concurrent.LinkedBlockingQueue, queueCapacity: 2000, scheduler: class org.apache.hadoop.ipc.DefaultRpcScheduler, ipcBackoff: false.
2022-03-09 17:22:52,211 [Socket Reader #1 for port 43313] INFO  ipc.Server (Server.java:run(1265)) - Starting Socket Reader #1 for port 43313
2022-03-09 17:22:52,245 [Listener at 0.0.0.0/43313] INFO  server.StorageContainerManager (StorageContainerManager.java:<init>(389)) - 
Container Balancer status:
Key                            Value
Running                        false
Container Balancer Configuration values:
Key                                                Value
Threshold                                          10
Max Datanodes to Involve per Iteration(percent)    20
Max Size to Move per Iteration                     500GB
Max Size Entering Target per Iteration             26GB
Max Size Leaving Source per Iteration              26GB

2022-03-09 17:22:52,251 [Listener at 0.0.0.0/43313] WARN  events.EventQueue (EventQueue.java:fireEvent(194)) - No event handler registered for event TypedEvent{payloadType=SafeModeStatus, name='Safe mode status'}
2022-03-09 17:22:52,251 [Listener at 0.0.0.0/43313] INFO  ha.SCMContext (SCMContext.java:updateSafeModeStatus(211)) - Update SafeModeStatus from SafeModeStatus{safeModeStatus=true, preCheckPassed=false} to SafeModeStatus{safeModeStatus=true, preCheckPassed=false}.
2022-03-09 17:22:52,251 [Listener at 0.0.0.0/43313] INFO  server.StorageContainerManager (StorageContainerManager.java:start(1327)) - StorageContainerLocationProtocol RPC server is listening at /0.0.0.0:43313
2022-03-09 17:22:52,252 [Listener at 0.0.0.0/43313] INFO  ha.SCMRatisServerImpl (SCMRatisServerImpl.java:start(177)) - starting ratis server 0.0.0.0:44301
2022-03-09 17:22:52,252 [Listener at 0.0.0.0/43313] INFO  server.RaftServer$Division (RaftServerImpl.java:start(304)) - dae587cf-c5b5-4dcf-9320-ec0de1a92622@group-5343D3A56795: start with initializing state, conf=-1: [], old=null
2022-03-09 17:22:52,252 [Listener at 0.0.0.0/43313] INFO  server.RaftServer$Division (RaftServerImpl.java:setRole(290)) - dae587cf-c5b5-4dcf-9320-ec0de1a92622@group-5343D3A56795: changes role from      null to FOLLOWER at term 0 for startInitializing
2022-03-09 17:22:52,252 [Listener at 0.0.0.0/43313] INFO  util.JmxRegister (JmxRegister.java:tryRegister(44)) - Successfully registered JMX Bean with object name Ratis:service=RaftServer,group=group-5343D3A56795,id=dae587cf-c5b5-4dcf-9320-ec0de1a92622
2022-03-09 17:22:52,259 [Listener at 0.0.0.0/43313] INFO  server.RaftServer (RaftServerProxy.java:lambda$start$5(374)) - dae587cf-c5b5-4dcf-9320-ec0de1a92622: start RPC server
2022-03-09 17:22:52,259 [Listener at 0.0.0.0/43313] INFO  server.GrpcService (GrpcService.java:startImpl(253)) - dae587cf-c5b5-4dcf-9320-ec0de1a92622: GrpcService started, listening on 44301
2022-03-09 17:22:52,263 [org.apache.ratis.util.JvmPauseMonitor$$Lambda$503/957387062@1545b9da] INFO  util.JvmPauseMonitor (JvmPauseMonitor.java:run(103)) - JvmPauseMonitor-dae587cf-c5b5-4dcf-9320-ec0de1a92622: Started
2022-03-09 17:22:52,265 [Listener at 0.0.0.0/43313] INFO  ha.SCMNodeInfo (SCMNodeInfo.java:getPort(197)) - ConfigKey ozone.scm.client.address is deprecated, For configuring different ports for each SCM use PortConfigKey ozone.scm.client.port appended with serviceId and nodeId
2022-03-09 17:22:52,265 [Listener at 0.0.0.0/43313] INFO  ha.SCMNodeInfo (SCMNodeInfo.java:getPort(197)) - ConfigKey ozone.scm.block.client.address is deprecated, For configuring different ports for each SCM use PortConfigKey ozone.scm.block.client.port appended with serviceId and nodeId
2022-03-09 17:22:52,266 [Listener at 0.0.0.0/43313] INFO  ha.SCMNodeInfo (SCMNodeInfo.java:getPort(197)) - ConfigKey ozone.scm.datanode.address is deprecated, For configuring different ports for each SCM use PortConfigKey ozone.scm.datanode.port appended with serviceId and nodeId
2022-03-09 17:22:52,266 [Listener at 0.0.0.0/43313] INFO  ha.SCMNodeInfo (SCMNodeInfo.java:getPort(197)) - ConfigKey ozone.scm.client.address is deprecated, For configuring different ports for each SCM use PortConfigKey ozone.scm.client.port appended with serviceId and nodeId
2022-03-09 17:22:52,266 [Listener at 0.0.0.0/43313] INFO  ha.SCMNodeInfo (SCMNodeInfo.java:getPort(197)) - ConfigKey ozone.scm.block.client.address is deprecated, For configuring different ports for each SCM use PortConfigKey ozone.scm.block.client.port appended with serviceId and nodeId
2022-03-09 17:22:52,266 [Listener at 0.0.0.0/43313] INFO  ha.SCMNodeInfo (SCMNodeInfo.java:getPort(197)) - ConfigKey ozone.scm.datanode.address is deprecated, For configuring different ports for each SCM use PortConfigKey ozone.scm.datanode.port appended with serviceId and nodeId
2022-03-09 17:22:52,266 [Listener at 0.0.0.0/43313] INFO  ha.SCMNodeInfo (SCMNodeInfo.java:getPort(197)) - ConfigKey ozone.scm.client.address is deprecated, For configuring different ports for each SCM use PortConfigKey ozone.scm.client.port appended with serviceId and nodeId
2022-03-09 17:22:52,266 [Listener at 0.0.0.0/43313] INFO  ha.SCMNodeInfo (SCMNodeInfo.java:getPort(197)) - ConfigKey ozone.scm.block.client.address is deprecated, For configuring different ports for each SCM use PortConfigKey ozone.scm.block.client.port appended with serviceId and nodeId
2022-03-09 17:22:52,266 [Listener at 0.0.0.0/43313] INFO  ha.SCMNodeInfo (SCMNodeInfo.java:getPort(197)) - ConfigKey ozone.scm.datanode.address is deprecated, For configuring different ports for each SCM use PortConfigKey ozone.scm.datanode.port appended with serviceId and nodeId
2022-03-09 17:22:52,276 [IPC Server handler 2 on default port 38891] INFO  ha.SCMRatisServerImpl (SCMRatisServerImpl.java:addSCM(292)) - ab171f79-80bf-4db9-ba30-7c5fcf45ffba: Submitting SetConfiguration request to Ratis server with new SCM peers list: [ab171f79-80bf-4db9-ba30-7c5fcf45ffba|rpc:localhost:39455|admin:|client:|dataStream:|priority:0, dae587cf-c5b5-4dcf-9320-ec0de1a92622|rpc:localhost:44301|priority:0]
2022-03-09 17:22:52,276 [IPC Server handler 2 on default port 38891] INFO  server.RaftServer$Division (RaftServerImpl.java:setConfigurationAsync(974)) - ab171f79-80bf-4db9-ba30-7c5fcf45ffba@group-5343D3A56795: receive setConfiguration SetConfigurationRequest:client-A529903A5F30->ab171f79-80bf-4db9-ba30-7c5fcf45ffba@group-5343D3A56795, cid=0, seq=0, RW, null, peers:[ab171f79-80bf-4db9-ba30-7c5fcf45ffba|rpc:localhost:39455|admin:|client:|dataStream:|priority:0, dae587cf-c5b5-4dcf-9320-ec0de1a92622|rpc:localhost:44301|priority:0]
2022-03-09 17:22:52,276 [IPC Server handler 2 on default port 38891] INFO  server.RaftServer$Division (LeaderStateImpl.java:startSetConfiguration(358)) - ab171f79-80bf-4db9-ba30-7c5fcf45ffba@group-5343D3A56795-LeaderStateImpl: startSetConfiguration SetConfigurationRequest:client-A529903A5F30->ab171f79-80bf-4db9-ba30-7c5fcf45ffba@group-5343D3A56795, cid=0, seq=0, RW, null, peers:[ab171f79-80bf-4db9-ba30-7c5fcf45ffba|rpc:localhost:39455|admin:|client:|dataStream:|priority:0, dae587cf-c5b5-4dcf-9320-ec0de1a92622|rpc:localhost:44301|priority:0]
2022-03-09 17:22:52,276 [IPC Server handler 2 on default port 38891] INFO  server.RaftServerConfigKeys (ConfUtils.java:logGet(44)) - raft.server.log.appender.snapshot.chunk.size.max = 16MB (=16777216) (default)
2022-03-09 17:22:52,277 [IPC Server handler 2 on default port 38891] INFO  server.RaftServerConfigKeys (ConfUtils.java:logGet(44)) - raft.server.log.appender.buffer.byte-limit = 33554432 (custom)
2022-03-09 17:22:52,277 [IPC Server handler 2 on default port 38891] INFO  server.RaftServerConfigKeys (ConfUtils.java:logGet(44)) - raft.server.log.appender.buffer.element-limit = 1024 (custom)
2022-03-09 17:22:52,277 [IPC Server handler 2 on default port 38891] INFO  grpc.GrpcConfigKeys (ConfUtils.java:logGet(44)) - raft.grpc.server.leader.outstanding.appends.max = 128 (default)
2022-03-09 17:22:52,277 [IPC Server handler 2 on default port 38891] INFO  server.RaftServerConfigKeys (ConfUtils.java:logGet(44)) - raft.server.rpc.request.timeout = 30000ms (custom)
2022-03-09 17:22:52,277 [IPC Server handler 2 on default port 38891] INFO  server.RaftServerConfigKeys (ConfUtils.java:logGet(44)) - raft.server.log.appender.install.snapshot.enabled = false (custom)
2022-03-09 17:22:52,283 [ab171f79-80bf-4db9-ba30-7c5fcf45ffba@group-5343D3A56795->dae587cf-c5b5-4dcf-9320-ec0de1a92622-GrpcLogAppender-LogAppenderDaemon] INFO  server.GrpcLogAppender (GrpcLogAppender.java:installSnapshot(550)) - ab171f79-80bf-4db9-ba30-7c5fcf45ffba@group-5343D3A56795->dae587cf-c5b5-4dcf-9320-ec0de1a92622-GrpcLogAppender: followerNextIndex = 0 but logStartIndex = 0, notify follower to install snapshot-(t:2, i:2)
2022-03-09 17:22:52,283 [ab171f79-80bf-4db9-ba30-7c5fcf45ffba@group-5343D3A56795->dae587cf-c5b5-4dcf-9320-ec0de1a92622-GrpcLogAppender-LogAppenderDaemon] INFO  server.GrpcLogAppender (GrpcLogAppender.java:installSnapshot(558)) - ab171f79-80bf-4db9-ba30-7c5fcf45ffba@group-5343D3A56795->dae587cf-c5b5-4dcf-9320-ec0de1a92622-GrpcLogAppender: send ab171f79-80bf-4db9-ba30-7c5fcf45ffba->dae587cf-c5b5-4dcf-9320-ec0de1a92622#0-t2,notify:(t:2, i:2)
2022-03-09 17:22:52,308 [grpc-default-executor-0] INFO  server.RaftServer$Division (RaftServerImpl.java:installSnapshot(1332)) - dae587cf-c5b5-4dcf-9320-ec0de1a92622@group-5343D3A56795: receive installSnapshot: ab171f79-80bf-4db9-ba30-7c5fcf45ffba->dae587cf-c5b5-4dcf-9320-ec0de1a92622#0-t2,notify:(t:2, i:2)
2022-03-09 17:22:52,316 [grpc-default-executor-0] INFO  ha.SCMStateMachine (SCMStateMachine.java:notifyLeaderChanged(255)) - leader changed, yet current SCM is still follower.
2022-03-09 17:22:52,316 [grpc-default-executor-0] INFO  server.RaftServer$Division (ServerState.java:setLeader(285)) - dae587cf-c5b5-4dcf-9320-ec0de1a92622@group-5343D3A56795: change Leader from null to ab171f79-80bf-4db9-ba30-7c5fcf45ffba at term 2 for installSnapshot, leader elected after 200ms
2022-03-09 17:22:52,316 [grpc-default-executor-0] INFO  server.RaftServer$Division (RaftServerImpl.java:notifyStateMachineToInstallSnapshot(1551)) - dae587cf-c5b5-4dcf-9320-ec0de1a92622@group-5343D3A56795: Received notification to install snapshot at index 2
2022-03-09 17:22:52,316 [grpc-default-executor-0] INFO  server.RaftServer$Division (RaftServerImpl.java:notifyStateMachineToInstallSnapshot(1582)) - dae587cf-c5b5-4dcf-9320-ec0de1a92622@group-5343D3A56795: notifyInstallSnapshot: nextIndex is 0 but the leader's first available index is 2.
2022-03-09 17:22:52,316 [grpc-default-executor-0] INFO  ha.SCMStateMachine (SCMStateMachine.java:notifyInstallSnapshotFromLeader(219)) - Received install snapshot notification from SCM leader: localhost:39455 with term index: (t:2, i:2)
2022-03-09 17:22:52,323 [pool-270-thread-1] INFO  ha.SCMHAManagerImpl (SCMHAManagerImpl.java:getDBCheckpointFromLeader(207)) - Downloading checkpoint from leader SCM scmNode-1 and reloading state from the checkpoint.
2022-03-09 17:22:52,340 [grpc-default-executor-2] INFO  ha.SCMDBCheckpointProvider (SCMDBCheckpointProvider.java:writeDBCheckPointToSream(48)) - Received request to obtain SCM DB checkpoint snapshot
2022-03-09 17:22:52,350 [grpc-default-executor-2] INFO  db.RDBCheckpointManager (RDBCheckpointManager.java:createCheckpoint(86)) - Created checkpoint at /home/runner/work/ozone/ozone/hadoop-ozone/integration-test/target/test-dir/MiniOzoneClusterImpl-aa50db73-d356-40d6-b3b5-5343d3a56795/scmNode-1/db.checkpoints/scm.db_checkpoint_1646846572341 in 9 milliseconds
2022-03-09 17:22:52,355 [grpc-default-executor-2] INFO  ha.SCMGrpcOutputStream (SCMGrpcOutputStream.java:close(111)) - Sent 4493 bytes for cluster aa50db73-d356-40d6-b3b5-5343d3a56795
2022-03-09 17:22:52,356 [grpc-default-executor-1] INFO  ha.InterSCMGrpcClient (InterSCMGrpcClient.java:onCompleted(173)) - Checkpoint is downloaded to /home/runner/work/ozone/ozone/hadoop-ozone/integration-test/target/test-dir/MiniOzoneClusterImpl-aa50db73-d356-40d6-b3b5-5343d3a56795/scmNode-2/snapshot/scm.db-scmNode-1-1646846572323.tar.gz
2022-03-09 17:22:52,358 [grpc-default-executor-2] INFO  ha.SCMDBCheckpointProvider (SCMDBCheckpointProvider.java:writeDBCheckPointToSream(73)) - Time taken to write the checkpoint to response output stream: 5 milliseconds
2022-03-09 17:22:52,358 [grpc-default-executor-2] INFO  db.RocksDBCheckpoint (RocksDBCheckpoint.java:cleanupCheckpoint(78)) - Cleaning up RocksDB checkpoint at /home/runner/work/ozone/ozone/hadoop-ozone/integration-test/target/test-dir/MiniOzoneClusterImpl-aa50db73-d356-40d6-b3b5-5343d3a56795/scmNode-1/db.checkpoints/scm.db_checkpoint_1646846572341
2022-03-09 17:22:52,374 [pool-270-thread-1] INFO  ha.SCMSnapshotProvider (SCMSnapshotProvider.java:getSCMDBSnapshot(131)) - Successfully downloaded latest checkpoint from leader SCM: scmNode-1 path /home/runner/work/ozone/ozone/hadoop-ozone/integration-test/target/test-dir/MiniOzoneClusterImpl-aa50db73-d356-40d6-b3b5-5343d3a56795/scmNode-2/snapshot/scm.db-scmNode-1-1646846572323
2022-03-09 17:22:52,374 [pool-270-thread-1] INFO  ha.SCMHAManagerImpl (SCMHAManagerImpl.java:downloadCheckpointFromLeader(159)) - Downloaded checkpoint from Leader scmNode-1 to the location /home/runner/work/ozone/ozone/hadoop-ozone/integration-test/target/test-dir/MiniOzoneClusterImpl-aa50db73-d356-40d6-b3b5-5343d3a56795/scmNode-2/snapshot/scm.db-scmNode-1-1646846572323
2022-03-09 17:22:52,442 [EndpointStateMachine task thread for /127.0.0.1:40365 - 0 ] INFO  ipc.Client (Client.java:handleConnectionFailure(977)) - Retrying connect to server: localhost/127.0.0.1:40365. Already tried 5 time(s); retry policy is RetryUpToMaximumCountWithFixedSleep(maxRetries=15, sleepTime=1000 MILLISECONDS)
2022-03-09 17:22:52,450 [pool-270-thread-1] INFO  ha.SCMHAManagerImpl (SCMHAManagerImpl.java:verifyCheckpointFromLeader(173)) - Installing checkpoint with SCMTransactionInfo 2#2
2022-03-09 17:22:52,450 [pool-270-thread-1] INFO  server.RaftServer$Division (RaftServerImpl.java:lambda$notifyStateMachineToInstallSnapshot$30(1595)) - dae587cf-c5b5-4dcf-9320-ec0de1a92622@group-5343D3A56795: StateMachine successfully installed snapshot index 2. Reloading the StateMachine.
2022-03-09 17:22:52,450 [pool-270-thread-1] INFO  segmented.SegmentedRaftLogWorker (SegmentedRaftLogWorker.java:lambda$new$0(133)) - dae587cf-c5b5-4dcf-9320-ec0de1a92622@group-5343D3A56795-SegmentedRaftLogWorker: flushIndex: setUnconditionally -1 -> 2
2022-03-09 17:22:52,450 [pool-270-thread-1] INFO  segmented.SegmentedRaftLogWorker (SegmentedRaftLogWorker.java:lambda$new$0(133)) - dae587cf-c5b5-4dcf-9320-ec0de1a92622@group-5343D3A56795-SegmentedRaftLogWorker: safeCacheEvictIndex: setUnconditionally -1 -> 2
2022-03-09 17:22:52,450 [pool-270-thread-1] INFO  raftlog.RaftLog (RaftLogBase.java:lambda$new$0(53)) - dae587cf-c5b5-4dcf-9320-ec0de1a92622@group-5343D3A56795-SegmentedRaftLog: snapshotIndex: updateIncreasingly -1 -> 2
2022-03-09 17:22:52,453 [EndpointStateMachine task thread for /127.0.0.1:45657 - 0 ] INFO  ipc.Client (Client.java:handleConnectionFailure(977)) - Retrying connect to server: localhost/127.0.0.1:45657. Already tried 5 time(s); retry policy is RetryUpToMaximumCountWithFixedSleep(maxRetries=15, sleepTime=1000 MILLISECONDS)
2022-03-09 17:22:52,456 [grpc-default-executor-0] INFO  server.RaftServer$Division (RaftServerImpl.java:notifyStateMachineToInstallSnapshot(1638)) - dae587cf-c5b5-4dcf-9320-ec0de1a92622@group-5343D3A56795: InstallSnapshot notification result: SNAPSHOT_INSTALLED, at index: 2
2022-03-09 17:22:52,456 [grpc-default-executor-0] INFO  server.RaftServer$Division (RaftServerImpl.java:installSnapshotImpl(1462)) - dae587cf-c5b5-4dcf-9320-ec0de1a92622@group-5343D3A56795: set new configuration index: 1
configurationEntry {
  peers {
    id: "ab171f79-80bf-4db9-ba30-7c5fcf45ffba"
    address: "localhost:39455"
  }
}
 from snapshot
2022-03-09 17:22:52,457 [EndpointStateMachine task thread for /127.0.0.1:38239 - 0 ] INFO  ipc.Client (Client.java:handleConnectionFailure(977)) - Retrying connect to server: localhost/127.0.0.1:38239. Already tried 5 time(s); retry policy is RetryUpToMaximumCountWithFixedSleep(maxRetries=15, sleepTime=1000 MILLISECONDS)
2022-03-09 17:22:52,467 [grpc-default-executor-0] INFO  server.RaftServer$Division (ServerState.java:setRaftConf(387)) - dae587cf-c5b5-4dcf-9320-ec0de1a92622@group-5343D3A56795: set configuration 1: [ab171f79-80bf-4db9-ba30-7c5fcf45ffba|rpc:localhost:39455|admin:|client:|dataStream:|priority:0], old=null
2022-03-09 17:22:52,467 [grpc-default-executor-0] INFO  server.RaftServer$Division (RaftServerImpl.java:installSnapshot(1343)) - dae587cf-c5b5-4dcf-9320-ec0de1a92622@group-5343D3A56795: reply installSnapshot: ab171f79-80bf-4db9-ba30-7c5fcf45ffba<-dae587cf-c5b5-4dcf-9320-ec0de1a92622#0:FAIL-t0,SNAPSHOT_INSTALLED,snapshotIndex=2
2022-03-09 17:22:52,468 [grpc-default-executor-0] INFO  server.GrpcServerProtocolService (GrpcServerProtocolService.java:onCompleted(140)) - dae587cf-c5b5-4dcf-9320-ec0de1a92622: Completed INSTALL_SNAPSHOT, lastRequest: ab171f79-80bf-4db9-ba30-7c5fcf45ffba->dae587cf-c5b5-4dcf-9320-ec0de1a92622#0-t2,notify:(t:2, i:2)
2022-03-09 17:22:52,469 [grpc-default-executor-2] INFO  server.GrpcLogAppender (GrpcLogAppender.java:onNext(410)) - ab171f79-80bf-4db9-ba30-7c5fcf45ffba@group-5343D3A56795->dae587cf-c5b5-4dcf-9320-ec0de1a92622-InstallSnapshotResponseHandler: received the first reply ab171f79-80bf-4db9-ba30-7c5fcf45ffba<-dae587cf-c5b5-4dcf-9320-ec0de1a92622#0:FAIL-t0,SNAPSHOT_INSTALLED,snapshotIndex=2
2022-03-09 17:22:52,469 [grpc-default-executor-2] INFO  server.GrpcLogAppender (GrpcLogAppender.java:onNext(450)) - ab171f79-80bf-4db9-ba30-7c5fcf45ffba@group-5343D3A56795->dae587cf-c5b5-4dcf-9320-ec0de1a92622-InstallSnapshotResponseHandler: Follower installed snapshot at index 2
2022-03-09 17:22:52,469 [grpc-default-executor-2] INFO  leader.FollowerInfo (FollowerInfoImpl.java:lambda$new$0(47)) - ab171f79-80bf-4db9-ba30-7c5fcf45ffba@group-5343D3A56795->dae587cf-c5b5-4dcf-9320-ec0de1a92622: snapshotIndex: setUnconditionally 0 -> 2
2022-03-09 17:22:52,469 [grpc-default-executor-2] INFO  leader.FollowerInfo (FollowerInfoImpl.java:lambda$new$0(47)) - ab171f79-80bf-4db9-ba30-7c5fcf45ffba@group-5343D3A56795->dae587cf-c5b5-4dcf-9320-ec0de1a92622: matchIndex: setUnconditionally 0 -> 2
2022-03-09 17:22:52,469 [grpc-default-executor-2] INFO  leader.FollowerInfo (FollowerInfoImpl.java:lambda$new$0(47)) - ab171f79-80bf-4db9-ba30-7c5fcf45ffba@group-5343D3A56795->dae587cf-c5b5-4dcf-9320-ec0de1a92622: nextIndex: setUnconditionally 0 -> 3
2022-03-09 17:22:52,469 [grpc-default-executor-2] INFO  leader.FollowerInfo (FollowerInfoImpl.java:setAttemptedToInstallSnapshot(116)) - Follower ab171f79-80bf-4db9-ba30-7c5fcf45ffba@group-5343D3A56795->dae587cf-c5b5-4dcf-9320-ec0de1a92622 acknowledged installing snapshot
2022-03-09 17:22:52,469 [grpc-default-executor-2] INFO  leader.FollowerInfo (FollowerInfoImpl.java:lambda$new$0(47)) - ab171f79-80bf-4db9-ba30-7c5fcf45ffba@group-5343D3A56795->dae587cf-c5b5-4dcf-9320-ec0de1a92622: nextIndex: updateToMax old=3, new=3, updated? false
2022-03-09 17:22:52,485 [grpc-default-executor-0] INFO  impl.RoleInfo (RoleInfo.java:updateAndGet(130)) - dae587cf-c5b5-4dcf-9320-ec0de1a92622: start dae587cf-c5b5-4dcf-9320-ec0de1a92622@group-5343D3A56795-FollowerState
2022-03-09 17:22:52,578 [dae587cf-c5b5-4dcf-9320-ec0de1a92622@group-5343D3A56795-StateMachineUpdater] INFO  ha.SCMHAManagerImpl (SCMHAManagerImpl.java:installCheckpoint(228)) - Installing checkpoint with SCMTransactionInfo 2#2
2022-03-09 17:22:52,583 [dae587cf-c5b5-4dcf-9320-ec0de1a92622@group-5343D3A56795-StateMachineUpdater] INFO  ha.SCMHAManagerImpl (SCMHAManagerImpl.java:installCheckpoint(267)) - Replaced DB with checkpoint, term: 2, index: 2
2022-03-09 17:22:52,583 [dae587cf-c5b5-4dcf-9320-ec0de1a92622@group-5343D3A56795-StateMachineUpdater] WARN  utils.HAUtils (HAUtils.java:getMetaDir(342)) - ozone.scm.db.dirs is not configured. We recommend adding this setting. Falling back to ozone.metadata.dirs instead.
2022-03-09 17:22:52,584 [dae587cf-c5b5-4dcf-9320-ec0de1a92622@group-5343D3A56795-StateMachineUpdater] WARN  db.DBStoreBuilder (DBStoreBuilder.java:applyDBDefinition(145)) - ozone.scm.db.dirs is not configured. We recommend adding this setting. Falling back to ozone.metadata.dirs instead.
2022-03-09 17:22:52,642 [dae587cf-c5b5-4dcf-9320-ec0de1a92622@group-5343D3A56795-StateMachineUpdater] INFO  ha.SequenceIdGenerator (SequenceIdGenerator.java:reinitialize(166)) - reinitialize SequenceIdGenerator.
2022-03-09 17:22:52,643 [dae587cf-c5b5-4dcf-9320-ec0de1a92622@group-5343D3A56795-StateMachineUpdater] INFO  pipeline.PipelineStateManagerImpl (PipelineStateManagerImpl.java:initialize(78)) - No pipeline exists in current db
2022-03-09 17:22:52,643 [dae587cf-c5b5-4dcf-9320-ec0de1a92622@group-5343D3A56795-StateMachineUpdater] INFO  ha.SCMHAManagerImpl (SCMHAManagerImpl.java:installCheckpoint(282)) - Reloaded SCM state with Term: 2 and Index: 2
2022-03-09 17:22:52,643 [dae587cf-c5b5-4dcf-9320-ec0de1a92622@group-5343D3A56795-StateMachineUpdater] INFO  impl.StateMachineUpdater (StateMachineUpdater.java:lambda$new$0(89)) - dae587cf-c5b5-4dcf-9320-ec0de1a92622@group-5343D3A56795-StateMachineUpdater: snapshotIndex: setUnconditionally -1 -> 2
2022-03-09 17:22:52,643 [dae587cf-c5b5-4dcf-9320-ec0de1a92622@group-5343D3A56795-StateMachineUpdater] INFO  impl.StateMachineUpdater (StateMachineUpdater.java:lambda$new$0(89)) - dae587cf-c5b5-4dcf-9320-ec0de1a92622@group-5343D3A56795-StateMachineUpdater: appliedIndex: setUnconditionally -1 -> 2
2022-03-09 17:22:53,443 [EndpointStateMachine task thread for /127.0.0.1:40365 - 0 ] INFO  ipc.Client (Client.java:handleConnectionFailure(977)) - Retrying connect to server: localhost/127.0.0.1:40365. Already tried 6 time(s); retry policy is RetryUpToMaximumCountWithFixedSleep(maxRetries=15, sleepTime=1000 MILLISECONDS)
2022-03-09 17:22:53,458 [EndpointStateMachine task thread for /127.0.0.1:38239 - 0 ] INFO  ipc.Client (Client.java:handleConnectionFailure(977)) - Retrying connect to server: localhost/127.0.0.1:38239. Already tried 6 time(s); retry policy is RetryUpToMaximumCountWithFixedSleep(maxRetries=15, sleepTime=1000 MILLISECONDS)
2022-03-09 17:22:53,483 [EndpointStateMachine task thread for /127.0.0.1:45657 - 0 ] INFO  ipc.Client (Client.java:handleConnectionFailure(977)) - Retrying connect to server: localhost/127.0.0.1:45657. Already tried 6 time(s); retry policy is RetryUpToMaximumCountWithFixedSleep(maxRetries=15, sleepTime=1000 MILLISECONDS)
2022-03-09 17:22:54,443 [EndpointStateMachine task thread for /127.0.0.1:40365 - 0 ] INFO  ipc.Client (Client.java:handleConnectionFailure(977)) - Retrying connect to server: localhost/127.0.0.1:40365. Already tried 7 time(s); retry policy is RetryUpToMaximumCountWithFixedSleep(maxRetries=15, sleepTime=1000 MILLISECONDS)
2022-03-09 17:22:54,458 [EndpointStateMachine task thread for /127.0.0.1:38239 - 0 ] INFO  ipc.Client (Client.java:handleConnectionFailure(977)) - Retrying connect to server: localhost/127.0.0.1:38239. Already tried 7 time(s); retry policy is RetryUpToMaximumCountWithFixedSleep(maxRetries=15, sleepTime=1000 MILLISECONDS)
2022-03-09 17:22:54,483 [EndpointStateMachine task thread for /127.0.0.1:45657 - 0 ] INFO  ipc.Client (Client.java:handleConnectionFailure(977)) - Retrying connect to server: localhost/127.0.0.1:45657. Already tried 7 time(s); retry policy is RetryUpToMaximumCountWithFixedSleep(maxRetries=15, sleepTime=1000 MILLISECONDS)
2022-03-09 17:22:55,444 [EndpointStateMachine task thread for /127.0.0.1:40365 - 0 ] INFO  ipc.Client (Client.java:handleConnectionFailure(977)) - Retrying connect to server: localhost/127.0.0.1:40365. Already tried 8 time(s); retry policy is RetryUpToMaximumCountWithFixedSleep(maxRetries=15, sleepTime=1000 MILLISECONDS)
2022-03-09 17:22:55,459 [EndpointStateMachine task thread for /127.0.0.1:38239 - 0 ] INFO  ipc.Client (Client.java:handleConnectionFailure(977)) - Retrying connect to server: localhost/127.0.0.1:38239. Already tried 8 time(s); retry policy is RetryUpToMaximumCountWithFixedSleep(maxRetries=15, sleepTime=1000 MILLISECONDS)
2022-03-09 17:22:55,484 [EndpointStateMachine task thread for /127.0.0.1:45657 - 0 ] INFO  ipc.Client (Client.java:handleConnectionFailure(977)) - Retrying connect to server: localhost/127.0.0.1:45657. Already tried 8 time(s); retry policy is RetryUpToMaximumCountWithFixedSleep(maxRetries=15, sleepTime=1000 MILLISECONDS)
2022-03-09 17:22:55,560 [ab171f79-80bf-4db9-ba30-7c5fcf45ffba@group-5343D3A56795-LeaderStateImpl] INFO  server.RaftServer$Division (ServerState.java:setRaftConf(387)) - ab171f79-80bf-4db9-ba30-7c5fcf45ffba@group-5343D3A56795: set configuration 3: [ab171f79-80bf-4db9-ba30-7c5fcf45ffba|rpc:localhost:39455|admin:|client:|dataStream:|priority:0, dae587cf-c5b5-4dcf-9320-ec0de1a92622|rpc:localhost:44301|priority:0], old=[ab171f79-80bf-4db9-ba30-7c5fcf45ffba|rpc:localhost:39455|admin:|client:|dataStream:|priority:0]
2022-03-09 17:22:55,562 [grpc-default-executor-0] INFO  server.RaftServer$Division (ServerState.java:setRaftConf(387)) - dae587cf-c5b5-4dcf-9320-ec0de1a92622@group-5343D3A56795: set configuration 3: [ab171f79-80bf-4db9-ba30-7c5fcf45ffba|rpc:localhost:39455|admin:|client:|dataStream:|priority:0, dae587cf-c5b5-4dcf-9320-ec0de1a92622|rpc:localhost:44301|admin:|client:|dataStream:|priority:0], old=[ab171f79-80bf-4db9-ba30-7c5fcf45ffba|rpc:localhost:39455|admin:|client:|dataStream:|priority:0]
2022-03-09 17:22:55,563 [grpc-default-executor-0] INFO  segmented.SegmentedRaftLogWorker (SegmentedRaftLogWorker.java:startLogSegment(394)) - dae587cf-c5b5-4dcf-9320-ec0de1a92622@group-5343D3A56795-SegmentedRaftLogWorker: Starting segment from index:3
2022-03-09 17:22:55,571 [dae587cf-c5b5-4dcf-9320-ec0de1a92622@group-5343D3A56795-SegmentedRaftLogWorker] INFO  segmented.SegmentedRaftLogWorker (SegmentedRaftLogWorker.java:execute(601)) - dae587cf-c5b5-4dcf-9320-ec0de1a92622@group-5343D3A56795-SegmentedRaftLogWorker: created new log segment /home/runner/work/ozone/ozone/hadoop-ozone/integration-test/target/test-dir/MiniOzoneClusterImpl-aa50db73-d356-40d6-b3b5-5343d3a56795/scmNode-2/scm-ha/aa50db73-d356-40d6-b3b5-5343d3a56795/current/log_inprogress_3
2022-03-09 17:22:55,583 [ab171f79-80bf-4db9-ba30-7c5fcf45ffba@group-5343D3A56795-LeaderStateImpl] INFO  server.RaftServer$Division (ServerState.java:setRaftConf(387)) - ab171f79-80bf-4db9-ba30-7c5fcf45ffba@group-5343D3A56795: set configuration 5: [ab171f79-80bf-4db9-ba30-7c5fcf45ffba|rpc:localhost:39455|admin:|client:|dataStream:|priority:0, dae587cf-c5b5-4dcf-9320-ec0de1a92622|rpc:localhost:44301|priority:0], old=null
2022-03-09 17:22:55,586 [grpc-default-executor-0] INFO  server.RaftServer$Division (ServerState.java:setRaftConf(387)) - dae587cf-c5b5-4dcf-9320-ec0de1a92622@group-5343D3A56795: set configuration 5: [ab171f79-80bf-4db9-ba30-7c5fcf45ffba|rpc:localhost:39455|admin:|client:|dataStream:|priority:0, dae587cf-c5b5-4dcf-9320-ec0de1a92622|rpc:localhost:44301|admin:|client:|dataStream:|priority:0], old=null
2022-03-09 17:22:55,604 [dae587cf-c5b5-4dcf-9320-ec0de1a92622@group-5343D3A56795-StateMachineUpdater] INFO  safemode.HealthyPipelineSafeModeRule (HealthyPipelineSafeModeRule.java:initializeRule(152)) - Refreshed total pipeline count is 0, healthy pipeline threshold count is 1
2022-03-09 17:22:55,604 [dae587cf-c5b5-4dcf-9320-ec0de1a92622@group-5343D3A56795-StateMachineUpdater] INFO  safemode.ContainerSafeModeRule (ContainerSafeModeRule.java:reInitializeRule(177)) - Refreshed one replica container threshold 0, currentThreshold 0
2022-03-09 17:22:55,604 [dae587cf-c5b5-4dcf-9320-ec0de1a92622@group-5343D3A56795-StateMachineUpdater] INFO  safemode.OneReplicaPipelineSafeModeRule (OneReplicaPipelineSafeModeRule.java:initializeRule(176)) - Refreshed Total pipeline count is 0, pipeline's with at least one datanode reported threshold count is 0
2022-03-09 17:22:55,604 [dae587cf-c5b5-4dcf-9320-ec0de1a92622@group-5343D3A56795-StateMachineUpdater] INFO  server.SCMDatanodeProtocolServer (SCMDatanodeProtocolServer.java:start(183)) - ScmDatanodeProtocol RPC server for DataNodes is listening at /0.0.0.0:39101
2022-03-09 17:22:55,611 [IPC Server listener on 39101] INFO  ipc.Server (Server.java:run(1344)) - IPC Server listener on 39101: starting
2022-03-09 17:22:55,633 [ab171f79-80bf-4db9-ba30-7c5fcf45ffba@group-5343D3A56795-StateMachineUpdater] INFO  ha.SCMStateMachine (SCMStateMachine.java:takeSnapshot(297)) - Current Snapshot Index 5, takeSnapshot took 0 ms
2022-03-09 17:22:55,633 [ab171f79-80bf-4db9-ba30-7c5fcf45ffba@group-5343D3A56795-StateMachineUpdater] INFO  impl.StateMachineUpdater (StateMachineUpdater.java:takeSnapshot(281)) - ab171f79-80bf-4db9-ba30-7c5fcf45ffba@group-5343D3A56795-StateMachineUpdater: Took a snapshot at index 5
2022-03-09 17:22:55,633 [ab171f79-80bf-4db9-ba30-7c5fcf45ffba@group-5343D3A56795-StateMachineUpdater] INFO  impl.StateMachineUpdater (StateMachineUpdater.java:lambda$new$0(89)) - ab171f79-80bf-4db9-ba30-7c5fcf45ffba@group-5343D3A56795-StateMachineUpdater: snapshotIndex: updateIncreasingly -1 -> 5
2022-03-09 17:22:55,633 [ab171f79-80bf-4db9-ba30-7c5fcf45ffba@group-5343D3A56795-StateMachineUpdater] INFO  raftlog.RaftLog (RaftLogBase.java:purge(306)) - ab171f79-80bf-4db9-ba30-7c5fcf45ffba@group-5343D3A56795-SegmentedRaftLog: purge 5
2022-03-09 17:22:55,633 [ab171f79-80bf-4db9-ba30-7c5fcf45ffba@group-5343D3A56795-StateMachineUpdater] INFO  raftlog.RaftLog (RaftLogBase.java:lambda$new$0(53)) - ab171f79-80bf-4db9-ba30-7c5fcf45ffba@group-5343D3A56795-SegmentedRaftLog: snapshotIndex: updateIncreasingly -1 -> 5
2022-03-09 17:22:55,633 [ab171f79-80bf-4db9-ba30-7c5fcf45ffba@group-5343D3A56795-SegmentedRaftLogWorker] INFO  raftlog.RaftLog (RaftLogBase.java:lambda$new$0(53)) - ab171f79-80bf-4db9-ba30-7c5fcf45ffba@group-5343D3A56795-SegmentedRaftLog: purgeIndex: updateToMax old=-1, new=0, updated? true
2022-03-09 17:22:55,633 [IPC Server handler 2 on default port 38891] INFO  ha.SCMRatisServerImpl (SCMRatisServerImpl.java:addSCM(303)) - Successfully added new SCM: dae587cf-c5b5-4dcf-9320-ec0de1a92622.
2022-03-09 17:22:55,636 [IPC Server Responder] INFO  ipc.Server (Server.java:run(1507)) - IPC Server Responder: starting
2022-03-09 17:22:55,636 [Listener at 0.0.0.0/43313] INFO  ha.SCMHAManagerImpl (SCMHAManagerImpl.java:start(117)) - Successfully added SCM scmNode-2 to group group-5343D3A56795:[ab171f79-80bf-4db9-ba30-7c5fcf45ffba|rpc:localhost:39455|admin:|client:|dataStream:|priority:0, dae587cf-c5b5-4dcf-9320-ec0de1a92622|rpc:localhost:44301|admin:|client:|dataStream:|priority:0]
2022-03-09 17:22:55,636 [Listener at 0.0.0.0/43313] INFO  ha.InterSCMGrpcService (InterSCMGrpcProtocolService.java:start(94)) - Starting SCM Grpc Service at port 36351
2022-03-09 17:22:55,639 [Listener at 0.0.0.0/43313] INFO  impl.MetricsSystemImpl (MetricsSystemImpl.java:init(158)) - StorageContainerManager metrics system started (again)
2022-03-09 17:22:55,683 [Listener at 0.0.0.0/43313] INFO  server.SCMClientProtocolServer (SCMClientProtocolServer.java:start(165)) - RPC server for Client  is listening at /0.0.0.0:43313
2022-03-09 17:22:55,684 [IPC Server Responder] INFO  ipc.Server (Server.java:run(1507)) - IPC Server Responder: starting
2022-03-09 17:22:55,684 [IPC Server listener on 43313] INFO  ipc.Server (Server.java:run(1344)) - IPC Server listener on 43313: starting
2022-03-09 17:22:55,685 [Listener at 0.0.0.0/43313] INFO  server.StorageContainerManager (StorageContainerManager.java:start(1342)) - ScmBlockLocationProtocol RPC server is listening at /0.0.0.0:36591
2022-03-09 17:22:55,686 [Listener at 0.0.0.0/43313] INFO  server.SCMBlockProtocolServer (SCMBlockProtocolServer.java:start(151)) - RPC server for Block Protocol is listening at /0.0.0.0:36591
2022-03-09 17:22:55,686 [IPC Server Responder] INFO  ipc.Server (Server.java:run(1507)) - IPC Server Responder: starting
2022-03-09 17:22:55,686 [IPC Server listener on 36591] INFO  ipc.Server (Server.java:run(1344)) - IPC Server listener on 36591: starting
2022-03-09 17:22:55,717 [Listener at 0.0.0.0/43313] INFO  http.BaseHttpServer (BaseHttpServer.java:newHttpServer2BuilderForOzone(209)) - Starting Web-server for scm at: http://0.0.0.0:35923
2022-03-09 17:22:55,717 [Listener at 0.0.0.0/43313] INFO  http.BaseHttpServer (BaseHttpServer.java:<init>(107)) - Hadoop Security Enabled: false Ozone Security Enabled: false Ozone HTTP Security Enabled: false 
2022-03-09 17:22:55,719 [Listener at 0.0.0.0/43313] INFO  server.AuthenticationFilter (AuthenticationFilter.java:constructSecretProvider(240)) - Unable to initialize FileSignerSecretProvider, falling back to use random secrets.
2022-03-09 17:22:55,721 [org.apache.hadoop.util.JvmPauseMonitor$Monitor@7e14c05] INFO  util.JvmPauseMonitor (JvmPauseMonitor.java:run(188)) - Starting JVM pause monitor
2022-03-09 17:22:55,727 [Listener at 0.0.0.0/43313] WARN  http.HttpRequestLog (HttpRequestLog.java:getRequestLog(103)) - Jetty request log can only be enabled using Log4j
2022-03-09 17:22:55,728 [Listener at 0.0.0.0/43313] INFO  http.HttpServer2 (HttpServer2.java:addGlobalFilter(1030)) - Added global filter 'safety' (class=org.apache.hadoop.hdds.server.http.HttpServer2$QuotingInputFilter)
2022-03-09 17:22:55,729 [Listener at 0.0.0.0/43313] INFO  http.HttpServer2 (HttpServer2.java:addFilter(1006)) - Added filter static_user_filter (class=org.apache.hadoop.http.lib.StaticUserWebFilter$StaticUserFilter) to context scm
2022-03-09 17:22:55,729 [Listener at 0.0.0.0/43313] INFO  http.HttpServer2 (HttpServer2.java:addFilter(1014)) - Added filter static_user_filter (class=org.apache.hadoop.http.lib.StaticUserWebFilter$StaticUserFilter) to context static
2022-03-09 17:22:55,729 [Listener at 0.0.0.0/43313] INFO  http.HttpServer2 (HttpServer2.java:addFilter(1014)) - Added filter static_user_filter (class=org.apache.hadoop.http.lib.StaticUserWebFilter$StaticUserFilter) to context logs
2022-03-09 17:22:55,729 [Listener at 0.0.0.0/43313] INFO  http.HttpServer2 (HttpServer2.java:bindListener(1249)) - Jetty bound to port 35923
2022-03-09 17:22:55,730 [Listener at 0.0.0.0/43313] INFO  server.Server (Server.java:doStart(375)) - jetty-9.4.43.v20210629; built: 2021-06-30T11:07:22.254Z; git: 526006ecfa3af7f1a27ef3a288e2bef7ea9dd7e8; jvm 1.8.0_322-b06
2022-03-09 17:22:55,771 [Listener at 0.0.0.0/43313] INFO  server.session (DefaultSessionIdManager.java:doStart(334)) - DefaultSessionIdManager workerName=node0
2022-03-09 17:22:55,771 [Listener at 0.0.0.0/43313] INFO  server.session (DefaultSessionIdManager.java:doStart(339)) - No SessionScavenger set, using defaults
2022-03-09 17:22:55,771 [Listener at 0.0.0.0/43313] INFO  server.session (HouseKeeper.java:startScavenging(132)) - node0 Scavenging every 600000ms
2022-03-09 17:22:55,779 [Listener at 0.0.0.0/43313] INFO  handler.ContextHandler (ContextHandler.java:doStart(915)) - Started o.e.j.s.ServletContextHandler@3b8a02b6{logs,/logs,file:///home/runner/work/ozone/ozone/hadoop-ozone/integration-test/target/log,AVAILABLE}
2022-03-09 17:22:55,780 [Listener at 0.0.0.0/43313] INFO  handler.ContextHandler (ContextHandler.java:doStart(915)) - Started o.e.j.s.ServletContextHandler@342b545a{static,/static,file:///home/runner/work/ozone/ozone/hadoop-ozone/integration-test/target/test-classes/webapps/static,AVAILABLE}
2022-03-09 17:22:55,783 [Listener at 0.0.0.0/43313] INFO  handler.ContextHandler (ContextHandler.java:doStart(915)) - Started o.e.j.w.WebAppContext@a442038{scm,/,file:///home/runner/work/ozone/ozone/hadoop-ozone/integration-test/target/test-classes/webapps/scm/,AVAILABLE}{file:/home/runner/work/ozone/ozone/hadoop-ozone/integration-test/target/test-classes/webapps/scm}
2022-03-09 17:22:55,794 [Listener at 0.0.0.0/43313] INFO  server.AbstractConnector (AbstractConnector.java:doStart(331)) - Started ServerConnector@79eaf64{HTTP/1.1, (http/1.1)}{0.0.0.0:35923}
2022-03-09 17:22:55,794 [Listener at 0.0.0.0/43313] INFO  server.Server (Server.java:doStart(415)) - Started @88795ms
2022-03-09 17:22:55,794 [Listener at 0.0.0.0/43313] WARN  impl.MetricsSystemImpl (MetricsSystemImpl.java:register(279)) - Sink prometheus already exists!
2022-03-09 17:22:55,795 [Listener at 0.0.0.0/43313] INFO  http.BaseHttpServer (BaseHttpServer.java:updateConnectorAddress(329)) - HTTP server of scm listening at http://0.0.0.0:35923
2022-03-09 17:22:55,795 [Listener at 0.0.0.0/43313] INFO  ozone.MiniOzoneHAClusterImpl (MiniOzoneHAClusterImpl.java:createSCMService(600)) - Started SCM RPC server at /0.0.0.0:43313
2022-03-09 17:22:55,807 [Listener at 0.0.0.0/43313] INFO  ha.SCMHANodeDetails (SCMHANodeDetails.java:loadSCMHAConfig(157)) - ServiceID for StorageContainerManager is scm-service-test1
2022-03-09 17:22:55,807 [Listener at 0.0.0.0/43313] INFO  ha.SCMHANodeDetails (SCMHANodeDetails.java:loadSCMHAConfig(168)) - ServiceID for StorageContainerManager is scm-service-test1
2022-03-09 17:22:55,810 [Listener at 0.0.0.0/43313] WARN  scm.ScmUtils (ScmUtils.java:logWarn(179)) - ConfigKey ozone.scm.block.client.address is deprecated, For configuring different ports for each SCM use PortConfigKey ozone.scm.block.client.port appended with serviceId and nodeId. If want to configure same port configure ozone.scm.block.client.port
2022-03-09 17:22:55,815 [Listener at 0.0.0.0/43313] WARN  scm.ScmUtils (ScmUtils.java:logWarn(179)) - ConfigKey ozone.scm.client.address is deprecated, For configuring different ports for each SCM use PortConfigKey ozone.scm.client.port appended with serviceId and nodeId. If want to configure same port configure ozone.scm.client.port
2022-03-09 17:22:55,815 [Listener at 0.0.0.0/43313] WARN  scm.ScmUtils (ScmUtils.java:logWarn(179)) - ConfigKey ozone.scm.datanode.address is deprecated, For configuring different ports for each SCM use PortConfigKey ozone.scm.datanode.port appended with serviceId and nodeId. If want to configure same port configure ozone.scm.datanode.port
2022-03-09 17:22:55,815 [Listener at 0.0.0.0/43313] WARN  scm.ScmUtils (ScmUtils.java:logWarn(179)) - ConfigKey ozone.scm.block.client.address is deprecated, For configuring different ports for each SCM use PortConfigKey ozone.scm.block.client.port appended with serviceId and nodeId. If want to configure same port configure ozone.scm.block.client.port
2022-03-09 17:22:55,815 [Listener at 0.0.0.0/43313] WARN  scm.ScmUtils (ScmUtils.java:logWarn(179)) - ConfigKey ozone.scm.client.address is deprecated, For configuring different ports for each SCM use PortConfigKey ozone.scm.client.port appended with serviceId and nodeId. If want to configure same port configure ozone.scm.client.port
2022-03-09 17:22:55,816 [Listener at 0.0.0.0/43313] WARN  scm.ScmUtils (ScmUtils.java:logWarn(179)) - ConfigKey ozone.scm.datanode.address is deprecated, For configuring different ports for each SCM use PortConfigKey ozone.scm.datanode.port appended with serviceId and nodeId. If want to configure same port configure ozone.scm.datanode.port
2022-03-09 17:22:55,816 [Listener at 0.0.0.0/43313] INFO  ha.SCMHANodeDetails (SCMHANodeDetails.java:loadSCMHAConfig(250)) - Found matching SCM address with SCMServiceId: scm-service-test1, SCMNodeId: scmNode-3, RPC Address: localhost:45265 and Ratis port: 45265
2022-03-09 17:22:55,816 [Listener at 0.0.0.0/43313] INFO  ha.SCMHANodeDetails (ConfUtils.java:setNodeSpecificConfigs(108)) - Setting configuration key ozone.scm.datanode.address with value of key ozone.scm.datanode.address.scm-service-test1.scmNode-3: 127.0.0.1:33977
2022-03-09 17:22:55,816 [Listener at 0.0.0.0/43313] INFO  ha.SCMHANodeDetails (ConfUtils.java:setNodeSpecificConfigs(108)) - Setting configuration key ozone.scm.block.client.address with value of key ozone.scm.block.client.address.scm-service-test1.scmNode-3: 127.0.0.1:37363
2022-03-09 17:22:55,817 [Listener at 0.0.0.0/43313] INFO  ha.SCMHANodeDetails (ConfUtils.java:setNodeSpecificConfigs(108)) - Setting configuration key ozone.scm.client.address with value of key ozone.scm.client.address.scm-service-test1.scmNode-3: 127.0.0.1:41507
2022-03-09 17:22:55,817 [Listener at 0.0.0.0/43313] INFO  ha.SCMHANodeDetails (ConfUtils.java:setNodeSpecificConfigs(108)) - Setting configuration key ozone.scm.ratis.port with value of key ozone.scm.ratis.port.scm-service-test1.scmNode-3: 45265
2022-03-09 17:22:55,817 [Listener at 0.0.0.0/43313] INFO  ha.SCMHANodeDetails (ConfUtils.java:setNodeSpecificConfigs(108)) - Setting configuration key ozone.scm.grpc.port with value of key ozone.scm.grpc.port.scm-service-test1.scmNode-3: 46557
2022-03-09 17:22:55,817 [Listener at 0.0.0.0/43313] INFO  ha.SCMHANodeDetails (ConfUtils.java:setNodeSpecificConfigs(108)) - Setting configuration key ozone.scm.http-address with value of key ozone.scm.http-address.scm-service-test1.scmNode-3: 127.0.0.1:43329
2022-03-09 17:22:55,817 [Listener at 0.0.0.0/43313] INFO  ha.SCMHANodeDetails (ConfUtils.java:setNodeSpecificConfigs(108)) - Setting configuration key ozone.scm.https-address with value of key ozone.scm.https-address.scm-service-test1.scmNode-3: 127.0.0.1:34449
2022-03-09 17:22:55,817 [Listener at 0.0.0.0/43313] INFO  ha.SCMHANodeDetails (ConfUtils.java:setNodeSpecificConfigs(108)) - Setting configuration key ozone.scm.address with value of key ozone.scm.address.scm-service-test1.scmNode-3: 127.0.0.1
2022-03-09 17:22:55,817 [Listener at 0.0.0.0/43313] WARN  scm.ScmUtils (ScmUtils.java:logWarn(179)) - ConfigKey ozone.scm.block.client.address is deprecated, For configuring different ports for each SCM use PortConfigKey ozone.scm.block.client.port appended with serviceId and nodeId. If want to configure same port configure ozone.scm.block.client.port
2022-03-09 17:22:55,817 [Listener at 0.0.0.0/43313] WARN  scm.ScmUtils (ScmUtils.java:logWarn(179)) - ConfigKey ozone.scm.client.address is deprecated, For configuring different ports for each SCM use PortConfigKey ozone.scm.client.port appended with serviceId and nodeId. If want to configure same port configure ozone.scm.client.port
2022-03-09 17:22:55,817 [Listener at 0.0.0.0/43313] WARN  scm.ScmUtils (ScmUtils.java:logWarn(179)) - ConfigKey ozone.scm.datanode.address is deprecated, For configuring different ports for each SCM use PortConfigKey ozone.scm.datanode.port appended with serviceId and nodeId. If want to configure same port configure ozone.scm.datanode.port
2022-03-09 17:22:55,818 [Listener at 0.0.0.0/43313] WARN  server.ServerUtils (ServerUtils.java:getScmDbDir(148)) - ozone.scm.db.dirs is not configured. We recommend adding this setting. Falling back to ozone.metadata.dirs instead.
2022-03-09 17:22:55,819 [Listener at 0.0.0.0/43313] INFO  ha.SCMNodeInfo (SCMNodeInfo.java:getPort(197)) - ConfigKey ozone.scm.client.address is deprecated, For configuring different ports for each SCM use PortConfigKey ozone.scm.client.port appended with serviceId and nodeId
2022-03-09 17:22:55,819 [Listener at 0.0.0.0/43313] INFO  ha.SCMNodeInfo (SCMNodeInfo.java:getPort(197)) - ConfigKey ozone.scm.block.client.address is deprecated, For configuring different ports for each SCM use PortConfigKey ozone.scm.block.client.port appended with serviceId and nodeId
2022-03-09 17:22:55,819 [Listener at 0.0.0.0/43313] INFO  ha.SCMNodeInfo (SCMNodeInfo.java:getPort(197)) - ConfigKey ozone.scm.datanode.address is deprecated, For configuring different ports for each SCM use PortConfigKey ozone.scm.datanode.port appended with serviceId and nodeId
2022-03-09 17:22:55,819 [Listener at 0.0.0.0/43313] INFO  ha.SCMNodeInfo (SCMNodeInfo.java:getPort(197)) - ConfigKey ozone.scm.client.address is deprecated, For configuring different ports for each SCM use PortConfigKey ozone.scm.client.port appended with serviceId and nodeId
2022-03-09 17:22:55,820 [Listener at 0.0.0.0/43313] INFO  ha.SCMNodeInfo (SCMNodeInfo.java:getPort(197)) - ConfigKey ozone.scm.block.client.address is deprecated, For configuring different ports for each SCM use PortConfigKey ozone.scm.block.client.port appended with serviceId and nodeId
2022-03-09 17:22:55,820 [Listener at 0.0.0.0/43313] INFO  ha.SCMNodeInfo (SCMNodeInfo.java:getPort(197)) - ConfigKey ozone.scm.datanode.address is deprecated, For configuring different ports for each SCM use PortConfigKey ozone.scm.datanode.port appended with serviceId and nodeId
2022-03-09 17:22:55,820 [Listener at 0.0.0.0/43313] INFO  ha.SCMNodeInfo (SCMNodeInfo.java:getPort(197)) - ConfigKey ozone.scm.client.address is deprecated, For configuring different ports for each SCM use PortConfigKey ozone.scm.client.port appended with serviceId and nodeId
2022-03-09 17:22:55,820 [Listener at 0.0.0.0/43313] INFO  ha.SCMNodeInfo (SCMNodeInfo.java:getPort(197)) - ConfigKey ozone.scm.block.client.address is deprecated, For configuring different ports for each SCM use PortConfigKey ozone.scm.block.client.port appended with serviceId and nodeId
2022-03-09 17:22:55,820 [Listener at 0.0.0.0/43313] INFO  ha.SCMNodeInfo (SCMNodeInfo.java:getPort(197)) - ConfigKey ozone.scm.datanode.address is deprecated, For configuring different ports for each SCM use PortConfigKey ozone.scm.datanode.port appended with serviceId and nodeId
2022-03-09 17:22:55,859 [Listener at 0.0.0.0/43313] INFO  server.StorageContainerManager (StorageContainerManager.java:scmBootstrap(1011)) - SCM BootStrap  is successful for ClusterID aa50db73-d356-40d6-b3b5-5343d3a56795, SCMID bef7ff01-9206-4ecd-9ab6-73c02c958dab
2022-03-09 17:22:55,859 [Listener at 0.0.0.0/43313] INFO  server.StorageContainerManager (StorageContainerManager.java:scmBootstrap(1013)) - Primary SCM Node ID ab171f79-80bf-4db9-ba30-7c5fcf45ffba
2022-03-09 17:22:55,859 [Listener at 0.0.0.0/43313] INFO  ha.SCMHANodeDetails (SCMHANodeDetails.java:loadSCMHAConfig(157)) - ServiceID for StorageContainerManager is scm-service-test1
2022-03-09 17:22:55,859 [Listener at 0.0.0.0/43313] INFO  ha.SCMHANodeDetails (SCMHANodeDetails.java:loadSCMHAConfig(168)) - ServiceID for StorageContainerManager is scm-service-test1
2022-03-09 17:22:55,859 [Listener at 0.0.0.0/43313] WARN  scm.ScmUtils (ScmUtils.java:logWarn(179)) - ConfigKey ozone.scm.block.client.address is deprecated, For configuring different ports for each SCM use PortConfigKey ozone.scm.block.client.port appended with serviceId and nodeId. If want to configure same port configure ozone.scm.block.client.port
2022-03-09 17:22:55,859 [Listener at 0.0.0.0/43313] WARN  scm.ScmUtils (ScmUtils.java:logWarn(179)) - ConfigKey ozone.scm.client.address is deprecated, For configuring different ports for each SCM use PortConfigKey ozone.scm.client.port appended with serviceId and nodeId. If want to configure same port configure ozone.scm.client.port
2022-03-09 17:22:55,859 [Listener at 0.0.0.0/43313] WARN  scm.ScmUtils (ScmUtils.java:logWarn(179)) - ConfigKey ozone.scm.datanode.address is deprecated, For configuring different ports for each SCM use PortConfigKey ozone.scm.datanode.port appended with serviceId and nodeId. If want to configure same port configure ozone.scm.datanode.port
2022-03-09 17:22:55,860 [Listener at 0.0.0.0/43313] WARN  scm.ScmUtils (ScmUtils.java:logWarn(179)) - ConfigKey ozone.scm.block.client.address is deprecated, For configuring different ports for each SCM use PortConfigKey ozone.scm.block.client.port appended with serviceId and nodeId. If want to configure same port configure ozone.scm.block.client.port
2022-03-09 17:22:55,860 [Listener at 0.0.0.0/43313] WARN  scm.ScmUtils (ScmUtils.java:logWarn(179)) - ConfigKey ozone.scm.client.address is deprecated, For configuring different ports for each SCM use PortConfigKey ozone.scm.client.port appended with serviceId and nodeId. If want to configure same port configure ozone.scm.client.port
2022-03-09 17:22:55,860 [Listener at 0.0.0.0/43313] WARN  scm.ScmUtils (ScmUtils.java:logWarn(179)) - ConfigKey ozone.scm.datanode.address is deprecated, For configuring different ports for each SCM use PortConfigKey ozone.scm.datanode.port appended with serviceId and nodeId. If want to configure same port configure ozone.scm.datanode.port
2022-03-09 17:22:55,861 [Listener at 0.0.0.0/43313] INFO  ha.SCMHANodeDetails (SCMHANodeDetails.java:loadSCMHAConfig(250)) - Found matching SCM address with SCMServiceId: scm-service-test1, SCMNodeId: scmNode-3, RPC Address: localhost:45265 and Ratis port: 45265
2022-03-09 17:22:55,861 [Listener at 0.0.0.0/43313] INFO  ha.SCMHANodeDetails (ConfUtils.java:setNodeSpecificConfigs(108)) - Setting configuration key ozone.scm.datanode.address with value of key ozone.scm.datanode.address.scm-service-test1.scmNode-3: 127.0.0.1:33977
2022-03-09 17:22:55,862 [Listener at 0.0.0.0/43313] INFO  ha.SCMHANodeDetails (ConfUtils.java:setNodeSpecificConfigs(108)) - Setting configuration key ozone.scm.block.client.address with value of key ozone.scm.block.client.address.scm-service-test1.scmNode-3: 127.0.0.1:37363
2022-03-09 17:22:55,862 [Listener at 0.0.0.0/43313] INFO  ha.SCMHANodeDetails (ConfUtils.java:setNodeSpecificConfigs(108)) - Setting configuration key ozone.scm.client.address with value of key ozone.scm.client.address.scm-service-test1.scmNode-3: 127.0.0.1:41507
2022-03-09 17:22:55,862 [Listener at 0.0.0.0/43313] INFO  ha.SCMHANodeDetails (ConfUtils.java:setNodeSpecificConfigs(108)) - Setting configuration key ozone.scm.ratis.port with value of key ozone.scm.ratis.port.scm-service-test1.scmNode-3: 45265
2022-03-09 17:22:55,862 [Listener at 0.0.0.0/43313] INFO  ha.SCMHANodeDetails (ConfUtils.java:setNodeSpecificConfigs(108)) - Setting configuration key ozone.scm.grpc.port with value of key ozone.scm.grpc.port.scm-service-test1.scmNode-3: 46557
2022-03-09 17:22:55,862 [Listener at 0.0.0.0/43313] INFO  ha.SCMHANodeDetails (ConfUtils.java:setNodeSpecificConfigs(108)) - Setting configuration key ozone.scm.http-address with value of key ozone.scm.http-address.scm-service-test1.scmNode-3: 127.0.0.1:43329
2022-03-09 17:22:55,862 [Listener at 0.0.0.0/43313] INFO  ha.SCMHANodeDetails (ConfUtils.java:setNodeSpecificConfigs(108)) - Setting configuration key ozone.scm.https-address with value of key ozone.scm.https-address.scm-service-test1.scmNode-3: 127.0.0.1:34449
2022-03-09 17:22:55,862 [Listener at 0.0.0.0/43313] INFO  ha.SCMHANodeDetails (ConfUtils.java:setNodeSpecificConfigs(108)) - Setting configuration key ozone.scm.address with value of key ozone.scm.address.scm-service-test1.scmNode-3: 127.0.0.1
2022-03-09 17:22:55,862 [Listener at 0.0.0.0/43313] WARN  scm.ScmUtils (ScmUtils.java:logWarn(179)) - ConfigKey ozone.scm.block.client.address is deprecated, For configuring different ports for each SCM use PortConfigKey ozone.scm.block.client.port appended with serviceId and nodeId. If want to configure same port configure ozone.scm.block.client.port
2022-03-09 17:22:55,862 [Listener at 0.0.0.0/43313] WARN  scm.ScmUtils (ScmUtils.java:logWarn(179)) - ConfigKey ozone.scm.client.address is deprecated, For configuring different ports for each SCM use PortConfigKey ozone.scm.client.port appended with serviceId and nodeId. If want to configure same port configure ozone.scm.client.port
2022-03-09 17:22:55,863 [Listener at 0.0.0.0/43313] WARN  scm.ScmUtils (ScmUtils.java:logWarn(179)) - ConfigKey ozone.scm.datanode.address is deprecated, For configuring different ports for each SCM use PortConfigKey ozone.scm.datanode.port appended with serviceId and nodeId. If want to configure same port configure ozone.scm.datanode.port
2022-03-09 17:22:55,863 [Listener at 0.0.0.0/43313] WARN  server.ServerUtils (ServerUtils.java:getScmDbDir(148)) - ozone.scm.db.dirs is not configured. We recommend adding this setting. Falling back to ozone.metadata.dirs instead.
2022-03-09 17:22:55,864 [Listener at 0.0.0.0/43313] INFO  upgrade.AbstractLayoutVersionManager (AbstractLayoutVersionManager.java:init(79)) - Initializing Layout version manager with metadata layout = SCM_HA (version = 2), software layout = SCM_HA (version = 2)
2022-03-09 17:22:55,964 [Listener at 0.0.0.0/43313] INFO  reflections.Reflections (Reflections.java:scan(232)) - Reflections took 89 ms to scan 7 urls, producing 122 keys and 286 values 
2022-03-09 17:22:55,976 [Listener at 0.0.0.0/43313] WARN  utils.HAUtils (HAUtils.java:getMetaDir(342)) - ozone.scm.db.dirs is not configured. We recommend adding this setting. Falling back to ozone.metadata.dirs instead.
2022-03-09 17:22:55,982 [Listener at 0.0.0.0/43313] WARN  db.DBStoreBuilder (DBStoreBuilder.java:applyDBDefinition(145)) - ozone.scm.db.dirs is not configured. We recommend adding this setting. Falling back to ozone.metadata.dirs instead.
2022-03-09 17:22:56,110 [Listener at 0.0.0.0/43313] INFO  net.NodeSchemaLoader (NodeSchemaLoader.java:loadSchemaFromFile(129)) - Loading schema from [jar:file:/home/runner/.m2/repository/org/apache/ozone/hdds-common/1.3.0-SNAPSHOT/hdds-common-1.3.0-SNAPSHOT.jar!/network-topology-default.xml]
2022-03-09 17:22:56,113 [Listener at 0.0.0.0/43313] INFO  net.NodeSchemaLoader (NodeSchemaLoader.java:loadSchema(176)) - Loading network topology layer schema file
2022-03-09 17:22:56,116 [Listener at 0.0.0.0/43313] WARN  impl.MetricRegistriesImpl (MetricRegistriesImpl.java:addReporterRegistration(111)) - New reporters are added after registries were created. Some metrics will be missing from the reporter. Please add reporter before adding any new registry.
2022-03-09 17:22:56,116 [Listener at 0.0.0.0/43313] WARN  impl.MetricRegistriesImpl (MetricRegistriesImpl.java:addReporterRegistration(111)) - New reporters are added after registries were created. Some metrics will be missing from the reporter. Please add reporter before adding any new registry.
2022-03-09 17:22:56,116 [Listener at 0.0.0.0/43313] INFO  ha.SCMRatisServerImpl (SCMRatisServerImpl.java:<init>(87)) - starting Raft server for scm:bef7ff01-9206-4ecd-9ab6-73c02c958dab
2022-03-09 17:22:56,123 [Listener at 0.0.0.0/43313] INFO  server.RaftServer (ConfUtils.java:logGet(44)) - raft.rpc.type = GRPC (default)
2022-03-09 17:22:56,123 [Listener at 0.0.0.0/43313] INFO  grpc.GrpcFactory (GrpcFactory.java:checkPooledByteBufAllocatorUseCacheForAllThreads(48)) - PERFORMANCE WARNING: useCacheForAllThreads is true that may cause Netty to create a lot garbage objects and, as a result, trigger GC.
	It is recommended to disable useCacheForAllThreads by setting -Dorg.apache.ratis.thirdparty.io.netty.allocator.useCacheForAllThreads=false in command line.
2022-03-09 17:22:56,124 [Listener at 0.0.0.0/43313] INFO  grpc.GrpcConfigKeys (ConfUtils.java:logGet(44)) - raft.grpc.admin.port = -1 (default)
2022-03-09 17:22:56,124 [Listener at 0.0.0.0/43313] INFO  grpc.GrpcConfigKeys (ConfUtils.java:logGet(44)) - raft.grpc.server.port = 45265 (custom)
2022-03-09 17:22:56,124 [Listener at 0.0.0.0/43313] INFO  grpc.GrpcConfigKeys (ConfUtils.java:logGet(44)) - raft.grpc.client.port = -1 (default)
2022-03-09 17:22:56,124 [Listener at 0.0.0.0/43313] INFO  grpc.GrpcConfigKeys (ConfUtils.java:logGet(44)) - raft.grpc.server.port = 45265 (custom)
2022-03-09 17:22:56,124 [Listener at 0.0.0.0/43313] INFO  grpc.GrpcConfigKeys (ConfUtils.java:logGet(44)) - raft.grpc.server.port = 45265 (custom)
2022-03-09 17:22:56,124 [Listener at 0.0.0.0/43313] INFO  server.GrpcService (ConfUtils.java:logGet(44)) - raft.grpc.message.size.max = 32m (=33554432) (custom)
2022-03-09 17:22:56,124 [Listener at 0.0.0.0/43313] INFO  server.RaftServerConfigKeys (ConfUtils.java:logGet(44)) - raft.server.log.appender.buffer.byte-limit = 33554432 (custom)
2022-03-09 17:22:56,124 [Listener at 0.0.0.0/43313] INFO  server.GrpcService (ConfUtils.java:logGet(44)) - raft.grpc.flow.control.window = 1MB (=1048576) (default)
2022-03-09 17:22:56,125 [Listener at 0.0.0.0/43313] INFO  server.RaftServerConfigKeys (ConfUtils.java:logGet(44)) - raft.server.rpc.request.timeout = 30000ms (custom)
2022-03-09 17:22:56,125 [Listener at 0.0.0.0/43313] INFO  impl.DataStreamServerImpl (ConfUtils.java:logGet(44)) - raft.datastream.type = DISABLED (default)
2022-03-09 17:22:56,126 [Listener at 0.0.0.0/43313] INFO  server.RaftServerConfigKeys (ConfUtils.java:logGet(44)) - raft.server.rpc.slowness.timeout = 120000ms (custom)
2022-03-09 17:22:56,126 [Listener at 0.0.0.0/43313] INFO  server.RaftServerConfigKeys (ConfUtils.java:logGet(44)) - raft.server.leaderelection.leader.step-down.wait-time = 10s (default)
2022-03-09 17:22:56,126 [Listener at 0.0.0.0/43313] INFO  server.RaftServerConfigKeys (ConfUtils.java:logGet(44)) - raft.server.storage.dir = [/home/runner/work/ozone/ozone/hadoop-ozone/integration-test/target/test-dir/MiniOzoneClusterImpl-aa50db73-d356-40d6-b3b5-5343d3a56795/scmNode-3/scm-ha] (custom)
2022-03-09 17:22:56,143 [Listener at 0.0.0.0/43313] INFO  server.RaftServer (RaftServerProxy.java:addNew(95)) - bef7ff01-9206-4ecd-9ab6-73c02c958dab: addNew group-5343D3A56795:[] returns group-5343D3A56795:java.util.concurrent.CompletableFuture@67e38ad7[Not completed]
2022-03-09 17:22:56,144 [pool-313-thread-1] INFO  server.RaftServer$Division (RaftServerImpl.java:<init>(184)) - bef7ff01-9206-4ecd-9ab6-73c02c958dab: new RaftServerImpl for group-5343D3A56795:[] with SCMStateMachine:uninitialized
2022-03-09 17:22:56,145 [pool-313-thread-1] INFO  server.RaftServerConfigKeys (ConfUtils.java:logGet(44)) - raft.server.rpc.timeout.min = 5000ms (custom)
2022-03-09 17:22:56,145 [pool-313-thread-1] INFO  server.RaftServerConfigKeys (ConfUtils.java:logGet(44)) - raft.server.rpc.timeout.max = 5200ms (custom)
2022-03-09 17:22:56,145 [pool-313-thread-1] INFO  server.RaftServerConfigKeys (ConfUtils.java:logGet(44)) - raft.server.rpc.sleep.time = 25ms (default)
2022-03-09 17:22:56,145 [pool-313-thread-1] INFO  server.RaftServerConfigKeys (ConfUtils.java:logGet(44)) - raft.server.rpc.slowness.timeout = 120000ms (custom)
2022-03-09 17:22:56,145 [pool-313-thread-1] INFO  server.RaftServerConfigKeys (ConfUtils.java:logGet(44)) - raft.server.leaderelection.leader.step-down.wait-time = 10s (default)
2022-03-09 17:22:56,145 [pool-313-thread-1] INFO  server.RaftServerConfigKeys (ConfUtils.java:logGet(44)) - raft.server.sleep.deviation.threshold = 300ms (default)
2022-03-09 17:22:56,145 [pool-313-thread-1] INFO  server.RaftServerConfigKeys (ConfUtils.java:logGet(44)) - raft.server.log.appender.install.snapshot.enabled = false (custom)
2022-03-09 17:22:56,145 [pool-313-thread-1] INFO  server.RaftServer$Division (ServerState.java:<init>(105)) - bef7ff01-9206-4ecd-9ab6-73c02c958dab@group-5343D3A56795: ConfigurationManager, init=-1: [], old=null, confs=<EMPTY_MAP>
2022-03-09 17:22:56,145 [pool-313-thread-1] INFO  server.RaftServerConfigKeys (ConfUtils.java:logGet(44)) - raft.server.storage.dir = [/home/runner/work/ozone/ozone/hadoop-ozone/integration-test/target/test-dir/MiniOzoneClusterImpl-aa50db73-d356-40d6-b3b5-5343d3a56795/scmNode-3/scm-ha] (custom)
2022-03-09 17:22:56,145 [pool-313-thread-1] INFO  server.RaftServerConfigKeys (ConfUtils.java:logGet(44)) - raft.server.log.corruption.policy = EXCEPTION (default)
2022-03-09 17:22:56,145 [pool-313-thread-1] INFO  server.RaftServerConfigKeys (ConfUtils.java:logGet(44)) - raft.server.storage.free-space.min = 0MB (=0) (default)
2022-03-09 17:22:56,145 [pool-313-thread-1] INFO  storage.RaftStorageDirectory (RaftStorageDirectoryImpl.java:analyzeStorage(135)) - The storage directory /home/runner/work/ozone/ozone/hadoop-ozone/integration-test/target/test-dir/MiniOzoneClusterImpl-aa50db73-d356-40d6-b3b5-5343d3a56795/scmNode-3/scm-ha/aa50db73-d356-40d6-b3b5-5343d3a56795 does not exist. Creating ...
2022-03-09 17:22:56,147 [pool-313-thread-1] INFO  storage.RaftStorageDirectory (RaftStorageDirectoryImpl.java:tryLock(230)) - Lock on /home/runner/work/ozone/ozone/hadoop-ozone/integration-test/target/test-dir/MiniOzoneClusterImpl-aa50db73-d356-40d6-b3b5-5343d3a56795/scmNode-3/scm-ha/aa50db73-d356-40d6-b3b5-5343d3a56795/in_use.lock acquired by nodename 7019@fv-az148-759
2022-03-09 17:22:56,148 [pool-313-thread-1] INFO  storage.RaftStorage (RaftStorageImpl.java:format(89)) - Storage directory /home/runner/work/ozone/ozone/hadoop-ozone/integration-test/target/test-dir/MiniOzoneClusterImpl-aa50db73-d356-40d6-b3b5-5343d3a56795/scmNode-3/scm-ha/aa50db73-d356-40d6-b3b5-5343d3a56795 has been successfully formatted.
2022-03-09 17:22:56,148 [pool-313-thread-1] INFO  server.RaftServerConfigKeys (ConfUtils.java:logGet(44)) - raft.server.notification.no-leader.timeout = 60s (default)
2022-03-09 17:22:56,148 [pool-313-thread-1] INFO  server.RaftServerConfigKeys (ConfUtils.java:logGet(44)) - raft.server.log.use.memory = false (default)
2022-03-09 17:22:56,148 [pool-313-thread-1] INFO  server.RaftServerConfigKeys (ConfUtils.java:logGet(44)) - raft.server.log.purge.gap = 5 (custom)
2022-03-09 17:22:56,148 [pool-313-thread-1] INFO  server.RaftServerConfigKeys (ConfUtils.java:logGet(44)) - raft.server.log.appender.buffer.byte-limit = 33554432 (custom)
2022-03-09 17:22:56,148 [pool-313-thread-1] INFO  server.RaftServerConfigKeys (ConfUtils.java:logGet(44)) - raft.server.log.segment.size.max = 4194304 (custom)
2022-03-09 17:22:56,149 [pool-313-thread-1] INFO  server.RaftServerConfigKeys (ConfUtils.java:logGet(44)) - raft.server.log.segment.cache.num.max = 2 (custom)
2022-03-09 17:22:56,149 [pool-313-thread-1] INFO  server.RaftServerConfigKeys (ConfUtils.java:logGet(44)) - raft.server.log.segment.cache.size.max = 200MB (=209715200) (default)
2022-03-09 17:22:56,149 [pool-313-thread-1] INFO  segmented.SegmentedRaftLogWorker (SegmentedRaftLogWorker.java:<init>(182)) - new bef7ff01-9206-4ecd-9ab6-73c02c958dab@group-5343D3A56795-SegmentedRaftLogWorker for RaftStorageImpl:Storage Directory /home/runner/work/ozone/ozone/hadoop-ozone/integration-test/target/test-dir/MiniOzoneClusterImpl-aa50db73-d356-40d6-b3b5-5343d3a56795/scmNode-3/scm-ha/aa50db73-d356-40d6-b3b5-5343d3a56795
2022-03-09 17:22:56,149 [pool-313-thread-1] INFO  server.RaftServerConfigKeys (ConfUtils.java:logGet(44)) - raft.server.log.queue.byte-limit = 64MB (=67108864) (default)
2022-03-09 17:22:56,149 [pool-313-thread-1] INFO  server.RaftServerConfigKeys (ConfUtils.java:logGet(44)) - raft.server.log.queue.element-limit = 4096 (default)
2022-03-09 17:22:56,149 [pool-313-thread-1] INFO  server.RaftServerConfigKeys (ConfUtils.java:logGet(44)) - raft.server.log.segment.size.max = 4194304 (custom)
2022-03-09 17:22:56,149 [pool-313-thread-1] INFO  server.RaftServerConfigKeys (ConfUtils.java:logGet(44)) - raft.server.log.preallocated.size = 4194304 (custom)
2022-03-09 17:22:56,149 [pool-313-thread-1] INFO  server.RaftServerConfigKeys (ConfUtils.java:logGet(44)) - raft.server.log.force.sync.num = 128 (default)
2022-03-09 17:22:56,149 [pool-313-thread-1] INFO  server.RaftServerConfigKeys (ConfUtils.java:logGet(44)) - raft.server.log.statemachine.data.sync = true (default)
2022-03-09 17:22:56,149 [pool-313-thread-1] INFO  server.RaftServerConfigKeys (ConfUtils.java:logGet(44)) - raft.server.log.statemachine.data.sync.timeout = 10s (default)
2022-03-09 17:22:56,149 [pool-313-thread-1] INFO  server.RaftServerConfigKeys (ConfUtils.java:logGet(44)) - raft.server.log.statemachine.data.sync.timeout.retry = -1 (default)
2022-03-09 17:22:56,150 [pool-313-thread-1] INFO  server.RaftServerConfigKeys (ConfUtils.java:logGet(44)) - raft.server.log.write.buffer.size = 64KB (=65536) (default)
2022-03-09 17:22:56,150 [pool-313-thread-1] INFO  server.RaftServerConfigKeys (ConfUtils.java:logGet(44)) - raft.server.log.statemachine.data.caching.enabled = false (default)
2022-03-09 17:22:56,150 [pool-313-thread-1] INFO  segmented.SegmentedRaftLogWorker (SegmentedRaftLogWorker.java:lambda$new$0(133)) - bef7ff01-9206-4ecd-9ab6-73c02c958dab@group-5343D3A56795-SegmentedRaftLogWorker: flushIndex: setUnconditionally 0 -> -1
2022-03-09 17:22:56,150 [pool-313-thread-1] INFO  segmented.SegmentedRaftLogWorker (SegmentedRaftLogWorker.java:lambda$new$0(133)) - bef7ff01-9206-4ecd-9ab6-73c02c958dab@group-5343D3A56795-SegmentedRaftLogWorker: safeCacheEvictIndex: setUnconditionally 0 -> -1
2022-03-09 17:22:56,167 [pool-313-thread-1] INFO  server.RaftServerConfigKeys (ConfUtils.java:logGet(44)) - raft.server.snapshot.auto.trigger.enabled = true (custom)
2022-03-09 17:22:56,168 [pool-313-thread-1] INFO  server.RaftServerConfigKeys (ConfUtils.java:logGet(44)) - raft.server.snapshot.auto.trigger.threshold = 5 (custom)
2022-03-09 17:22:56,168 [pool-313-thread-1] INFO  server.RaftServerConfigKeys (ConfUtils.java:logGet(44)) - raft.server.snapshot.retention.file.num = -1 (default)
2022-03-09 17:22:56,168 [pool-313-thread-1] INFO  server.RaftServerConfigKeys (ConfUtils.java:logGet(44)) - raft.server.log.purge.upto.snapshot.index = true (custom)
2022-03-09 17:22:56,168 [pool-313-thread-1] INFO  server.RaftServerConfigKeys (ConfUtils.java:logGet(44)) - raft.server.retrycache.expirytime = 60000ms (default)
2022-03-09 17:22:56,168 [pool-313-thread-1] INFO  server.RaftServerConfigKeys (ConfUtils.java:logGet(44)) - raft.server.retrycache.statistics.expirytime = 100μs (default)
2022-03-09 17:22:56,169 [Listener at 0.0.0.0/43313] INFO  ha.SCMSnapshotProvider (SCMSnapshotProvider.java:<init>(66)) - Initializing SCM Snapshot Provider
2022-03-09 17:22:56,169 [Listener at 0.0.0.0/43313] WARN  server.ServerUtils (ServerUtils.java:getDefaultRatisDirectory(237)) - Storage directory for Ratis is not configured. It is a good idea to map this to an SSD disk. Falling back to ozone.metadata.dirs
2022-03-09 17:22:56,169 [Listener at 0.0.0.0/43313] WARN  ha.SCMHAUtils (SCMHAUtils.java:getSCMRatisSnapshotDirectory(151)) - SCM snapshot dir is not configured. Falling back to ozone.metadata.dirs config
2022-03-09 17:22:56,170 [Listener at 0.0.0.0/43313] INFO  ha.SequenceIdGenerator (SequenceIdGenerator.java:upgradeToSequenceId(347)) - upgrade localId to 109611004723200000
2022-03-09 17:22:56,170 [Listener at 0.0.0.0/43313] INFO  ha.SequenceIdGenerator (SequenceIdGenerator.java:upgradeToSequenceId(357)) - upgrade delTxnId to 0
2022-03-09 17:22:56,171 [Listener at 0.0.0.0/43313] INFO  ha.SequenceIdGenerator (SequenceIdGenerator.java:upgradeToSequenceId(371)) - upgrade containerId to 0
2022-03-09 17:22:56,171 [Listener at 0.0.0.0/43313] INFO  ha.SequenceIdGenerator (SequenceIdGenerator.java:<init>(218)) - Init the HA SequenceIdGenerator.
2022-03-09 17:22:56,171 [Listener at 0.0.0.0/43313] WARN  server.ServerUtils (ServerUtils.java:sanitizeUserArgs(73)) - ozone.scm.stale.node.interval value = 300000 is larger than max = 100000 based on the key value of ozone.scm.heartbeat.thread.interval, reset to the max value 100000.
2022-03-09 17:22:56,171 [Listener at 0.0.0.0/43313] WARN  server.ServerUtils (ServerUtils.java:sanitizeUserArgs(73)) - ozone.scm.stale.node.interval value = 300000 is larger than max = 100000 based on the key value of ozone.scm.heartbeat.thread.interval, reset to the max value 100000.
2022-03-09 17:22:56,177 [Listener at 0.0.0.0/43313] INFO  node.SCMNodeManager (SCMNodeManager.java:<init>(146)) - Entering startup safe mode.
2022-03-09 17:22:56,178 [Listener at 0.0.0.0/43313] INFO  algorithms.ContainerPlacementPolicyFactory (ContainerPlacementPolicyFactory.java:getPolicy(60)) - Create container placement policy of type org.apache.hadoop.hdds.scm.container.placement.algorithms.SCMContainerPlacementRandom
2022-03-09 17:22:56,179 [Listener at 0.0.0.0/43313] INFO  pipeline.PipelineStateManagerImpl (PipelineStateManagerImpl.java:initialize(78)) - No pipeline exists in current db
2022-03-09 17:22:56,179 [Listener at 0.0.0.0/43313] INFO  algorithms.LeaderChoosePolicyFactory (LeaderChoosePolicyFactory.java:getPolicy(57)) - Create leader choose policy of type org.apache.hadoop.hdds.scm.pipeline.leader.choose.algorithms.MinLeaderCountChoosePolicy
2022-03-09 17:22:56,179 [Listener at 0.0.0.0/43313] INFO  ha.SCMServiceManager (SCMServiceManager.java:register(42)) - Registering service BackgroundPipelineCreator.
2022-03-09 17:22:56,179 [Listener at 0.0.0.0/43313] INFO  pipeline.BackgroundPipelineCreator (BackgroundPipelineCreator.java:start(130)) - Starting RatisPipelineUtilsThread.
2022-03-09 17:22:56,188 [Listener at 0.0.0.0/43313] INFO  algorithms.PipelineChoosePolicyFactory (PipelineChoosePolicyFactory.java:createPipelineChoosePolicyFromClass(73)) - Create pipeline choose policy of type org.apache.hadoop.hdds.scm.pipeline.choose.algorithms.RandomPipelineChoosePolicy
2022-03-09 17:22:56,188 [Listener at 0.0.0.0/43313] INFO  ha.SCMServiceManager (SCMServiceManager.java:register(42)) - Registering service SCMBlockDeletingService.
2022-03-09 17:22:56,188 [Listener at 0.0.0.0/43313] INFO  ha.SCMServiceManager (SCMServiceManager.java:register(42)) - Registering service ReplicationManager.
2022-03-09 17:22:56,189 [Listener at 0.0.0.0/43313] INFO  container.ReplicationManager (ReplicationManager.java:start(326)) - Starting Replication Monitor Thread.
2022-03-09 17:22:56,196 [Listener at 0.0.0.0/43313] INFO  safemode.ContainerSafeModeRule (ContainerSafeModeRule.java:<init>(89)) - containers with one replica threshold count 0
2022-03-09 17:22:56,196 [Listener at 0.0.0.0/43313] INFO  safemode.HealthyPipelineSafeModeRule (HealthyPipelineSafeModeRule.java:initializeRule(156)) - Total pipeline count is 0, healthy pipeline threshold count is 1
2022-03-09 17:22:56,197 [Listener at 0.0.0.0/43313] INFO  safemode.OneReplicaPipelineSafeModeRule (OneReplicaPipelineSafeModeRule.java:initializeRule(180)) - Total pipeline count is 0, pipeline's with at least one datanode reported threshold count is 0
2022-03-09 17:22:56,197 [Listener at 0.0.0.0/43313] INFO  ipc.CallQueueManager (CallQueueManager.java:<init>(90)) - Using callQueue: class java.util.concurrent.LinkedBlockingQueue, queueCapacity: 2000, scheduler: class org.apache.hadoop.ipc.DefaultRpcScheduler, ipcBackoff: false.
2022-03-09 17:22:56,198 [Socket Reader #1 for port 33977] INFO  ipc.Server (Server.java:run(1265)) - Starting Socket Reader #1 for port 33977
2022-03-09 17:22:56,199 [Listener at 0.0.0.0/33977] INFO  ipc.CallQueueManager (CallQueueManager.java:<init>(90)) - Using callQueue: class java.util.concurrent.LinkedBlockingQueue, queueCapacity: 2000, scheduler: class org.apache.hadoop.ipc.DefaultRpcScheduler, ipcBackoff: false.
2022-03-09 17:22:56,207 [Socket Reader #1 for port 37363] INFO  ipc.Server (Server.java:run(1265)) - Starting Socket Reader #1 for port 37363
2022-03-09 17:22:56,220 [Listener at 0.0.0.0/37363] INFO  ipc.CallQueueManager (CallQueueManager.java:<init>(90)) - Using callQueue: class java.util.concurrent.LinkedBlockingQueue, queueCapacity: 2000, scheduler: class org.apache.hadoop.ipc.DefaultRpcScheduler, ipcBackoff: false.
2022-03-09 17:22:56,221 [Socket Reader #1 for port 41507] INFO  ipc.Server (Server.java:run(1265)) - Starting Socket Reader #1 for port 41507
2022-03-09 17:22:56,240 [ReplicationMonitor] INFO  container.ReplicationManager (ReplicationManager.java:processAll(374)) - Replication Manager is not ready to run until 3000ms after safemode exit
2022-03-09 17:22:56,271 [Listener at 0.0.0.0/41507] INFO  server.StorageContainerManager (StorageContainerManager.java:<init>(389)) - 
Container Balancer status:
Key                            Value
Running                        false
Container Balancer Configuration values:
Key                                                Value
Threshold                                          10
Max Datanodes to Involve per Iteration(percent)    20
Max Size to Move per Iteration                     500GB
Max Size Entering Target per Iteration             26GB
Max Size Leaving Source per Iteration              26GB

2022-03-09 17:22:56,275 [Listener at 0.0.0.0/41507] WARN  events.EventQueue (EventQueue.java:fireEvent(194)) - No event handler registered for event TypedEvent{payloadType=SafeModeStatus, name='Safe mode status'}
2022-03-09 17:22:56,275 [Listener at 0.0.0.0/41507] INFO  ha.SCMContext (SCMContext.java:updateSafeModeStatus(211)) - Update SafeModeStatus from SafeModeStatus{safeModeStatus=true, preCheckPassed=false} to SafeModeStatus{safeModeStatus=true, preCheckPassed=false}.
2022-03-09 17:22:56,275 [Listener at 0.0.0.0/41507] INFO  ozone.MiniOzoneHAClusterImpl (MiniOzoneHAClusterImpl.java:createSCMService(604)) - Intialized SCM at /0.0.0.0:41507. This SCM is currently inactive (not running).
2022-03-09 17:22:56,276 [Listener at 0.0.0.0/41507] INFO  ha.OMHANodeDetails (OMHANodeDetails.java:loadOMHAConfig(118)) - ServiceID for OzoneManager is om-service-test1
2022-03-09 17:22:56,276 [Listener at 0.0.0.0/41507] INFO  ha.OMHANodeDetails (OMHANodeDetails.java:loadOMHAConfig(193)) - Found matching OM address with OMServiceId: om-service-test1, OMNodeId: omNode-1, RPC Address: localhost:45999 and Ratis port: 36545
2022-03-09 17:22:56,276 [Listener at 0.0.0.0/41507] INFO  ha.OMHANodeDetails (ConfUtils.java:setNodeSpecificConfigs(108)) - Setting configuration key ozone.om.http-address with value of key ozone.om.http-address.om-service-test1.omNode-1: 127.0.0.1:36249
2022-03-09 17:22:56,277 [Listener at 0.0.0.0/41507] INFO  ha.OMHANodeDetails (ConfUtils.java:setNodeSpecificConfigs(108)) - Setting configuration key ozone.om.https-address with value of key ozone.om.https-address.om-service-test1.omNode-1: 127.0.0.1:37343
2022-03-09 17:22:56,277 [Listener at 0.0.0.0/41507] INFO  ha.OMHANodeDetails (ConfUtils.java:setNodeSpecificConfigs(108)) - Setting configuration key ozone.om.address with value of key ozone.om.address.om-service-test1.omNode-1: 127.0.0.1:45999
2022-03-09 17:22:56,277 [Listener at 0.0.0.0/41507] WARN  server.ServerUtils (ServerUtils.java:getDBPath(225)) - ozone.om.db.dirs is not configured. We recommend adding this setting. Falling back to ozone.metadata.dirs instead.
2022-03-09 17:22:56,278 [Listener at 0.0.0.0/41507] INFO  ha.SCMNodeInfo (SCMNodeInfo.java:getPort(197)) - ConfigKey ozone.scm.client.address is deprecated, For configuring different ports for each SCM use PortConfigKey ozone.scm.client.port appended with serviceId and nodeId
2022-03-09 17:22:56,278 [Listener at 0.0.0.0/41507] INFO  ha.SCMNodeInfo (SCMNodeInfo.java:getPort(197)) - ConfigKey ozone.scm.block.client.address is deprecated, For configuring different ports for each SCM use PortConfigKey ozone.scm.block.client.port appended with serviceId and nodeId
2022-03-09 17:22:56,278 [Listener at 0.0.0.0/41507] INFO  ha.SCMNodeInfo (SCMNodeInfo.java:getPort(197)) - ConfigKey ozone.scm.datanode.address is deprecated, For configuring different ports for each SCM use PortConfigKey ozone.scm.datanode.port appended with serviceId and nodeId
2022-03-09 17:22:56,278 [Listener at 0.0.0.0/41507] INFO  ha.SCMNodeInfo (SCMNodeInfo.java:getPort(197)) - ConfigKey ozone.scm.client.address is deprecated, For configuring different ports for each SCM use PortConfigKey ozone.scm.client.port appended with serviceId and nodeId
2022-03-09 17:22:56,278 [Listener at 0.0.0.0/41507] INFO  ha.SCMNodeInfo (SCMNodeInfo.java:getPort(197)) - ConfigKey ozone.scm.block.client.address is deprecated, For configuring different ports for each SCM use PortConfigKey ozone.scm.block.client.port appended with serviceId and nodeId
2022-03-09 17:22:56,278 [Listener at 0.0.0.0/41507] INFO  ha.SCMNodeInfo (SCMNodeInfo.java:getPort(197)) - ConfigKey ozone.scm.datanode.address is deprecated, For configuring different ports for each SCM use PortConfigKey ozone.scm.datanode.port appended with serviceId and nodeId
2022-03-09 17:22:56,278 [Listener at 0.0.0.0/41507] INFO  ha.SCMNodeInfo (SCMNodeInfo.java:getPort(197)) - ConfigKey ozone.scm.client.address is deprecated, For configuring different ports for each SCM use PortConfigKey ozone.scm.client.port appended with serviceId and nodeId
2022-03-09 17:22:56,278 [Listener at 0.0.0.0/41507] INFO  ha.SCMNodeInfo (SCMNodeInfo.java:getPort(197)) - ConfigKey ozone.scm.block.client.address is deprecated, For configuring different ports for each SCM use PortConfigKey ozone.scm.block.client.port appended with serviceId and nodeId
2022-03-09 17:22:56,278 [Listener at 0.0.0.0/41507] INFO  ha.SCMNodeInfo (SCMNodeInfo.java:getPort(197)) - ConfigKey ozone.scm.datanode.address is deprecated, For configuring different ports for each SCM use PortConfigKey ozone.scm.datanode.port appended with serviceId and nodeId
OM initialization succeeded.Current cluster id for sd=/home/runner/work/ozone/ozone/hadoop-ozone/integration-test/target/test-dir/MiniOzoneClusterImpl-aa50db73-d356-40d6-b3b5-5343d3a56795/omNode-1/om;cid=aa50db73-d356-40d6-b3b5-5343d3a56795;layoutVersion=0
2022-03-09 17:22:56,337 [Listener at 0.0.0.0/41507] INFO  ha.OMHANodeDetails (OMHANodeDetails.java:loadOMHAConfig(118)) - ServiceID for OzoneManager is om-service-test1
2022-03-09 17:22:56,337 [Listener at 0.0.0.0/41507] INFO  ha.OMHANodeDetails (OMHANodeDetails.java:loadOMHAConfig(193)) - Found matching OM address with OMServiceId: om-service-test1, OMNodeId: omNode-1, RPC Address: localhost:45999 and Ratis port: 36545
2022-03-09 17:22:56,337 [Listener at 0.0.0.0/41507] INFO  ha.OMHANodeDetails (ConfUtils.java:setNodeSpecificConfigs(108)) - Setting configuration key ozone.om.http-address with value of key ozone.om.http-address.om-service-test1.omNode-1: 127.0.0.1:36249
2022-03-09 17:22:56,337 [Listener at 0.0.0.0/41507] INFO  ha.OMHANodeDetails (ConfUtils.java:setNodeSpecificConfigs(108)) - Setting configuration key ozone.om.https-address with value of key ozone.om.https-address.om-service-test1.omNode-1: 127.0.0.1:37343
2022-03-09 17:22:56,337 [Listener at 0.0.0.0/41507] INFO  ha.OMHANodeDetails (ConfUtils.java:setNodeSpecificConfigs(108)) - Setting configuration key ozone.om.address with value of key ozone.om.address.om-service-test1.omNode-1: 127.0.0.1:45999
2022-03-09 17:22:56,338 [Listener at 0.0.0.0/41507] WARN  server.ServerUtils (ServerUtils.java:getDBPath(225)) - ozone.om.db.dirs is not configured. We recommend adding this setting. Falling back to ozone.metadata.dirs instead.
2022-03-09 17:22:56,338 [Listener at 0.0.0.0/41507] INFO  upgrade.AbstractLayoutVersionManager (AbstractLayoutVersionManager.java:init(79)) - Initializing Layout version manager with metadata layout = INITIAL_VERSION (version = 0), software layout = INITIAL_VERSION (version = 0)
2022-03-09 17:22:56,429 [Listener at 0.0.0.0/41507] INFO  reflections.Reflections (Reflections.java:scan(232)) - Reflections took 89 ms to scan 2 urls, producing 134 keys and 349 values [using 2 cores]
2022-03-09 17:22:56,429 [Listener at 0.0.0.0/41507] INFO  upgrade.OMLayoutVersionManager (OMLayoutVersionManager.java:lambda$0(115)) - Skipping Upgrade Action MockOmUpgradeAction since it has been finalized.
2022-03-09 17:22:56,429 [Listener at 0.0.0.0/41507] WARN  server.ServerUtils (ServerUtils.java:getDBPath(225)) - ozone.om.db.dirs is not configured. We recommend adding this setting. Falling back to ozone.metadata.dirs instead.
2022-03-09 17:22:56,429 [Listener at 0.0.0.0/41507] INFO  ha.SCMNodeInfo (SCMNodeInfo.java:getPort(197)) - ConfigKey ozone.scm.client.address is deprecated, For configuring different ports for each SCM use PortConfigKey ozone.scm.client.port appended with serviceId and nodeId
2022-03-09 17:22:56,430 [Listener at 0.0.0.0/41507] INFO  ha.SCMNodeInfo (SCMNodeInfo.java:getPort(197)) - ConfigKey ozone.scm.block.client.address is deprecated, For configuring different ports for each SCM use PortConfigKey ozone.scm.block.client.port appended with serviceId and nodeId
2022-03-09 17:22:56,430 [Listener at 0.0.0.0/41507] INFO  ha.SCMNodeInfo (SCMNodeInfo.java:getPort(197)) - ConfigKey ozone.scm.datanode.address is deprecated, For configuring different ports for each SCM use PortConfigKey ozone.scm.datanode.port appended with serviceId and nodeId
2022-03-09 17:22:56,430 [Listener at 0.0.0.0/41507] INFO  ha.SCMNodeInfo (SCMNodeInfo.java:getPort(197)) - ConfigKey ozone.scm.client.address is deprecated, For configuring different ports for each SCM use PortConfigKey ozone.scm.client.port appended with serviceId and nodeId
2022-03-09 17:22:56,430 [Listener at 0.0.0.0/41507] INFO  ha.SCMNodeInfo (SCMNodeInfo.java:getPort(197)) - ConfigKey ozone.scm.block.client.address is deprecated, For configuring different ports for each SCM use PortConfigKey ozone.scm.block.client.port appended with serviceId and nodeId
2022-03-09 17:22:56,430 [Listener at 0.0.0.0/41507] INFO  ha.SCMNodeInfo (SCMNodeInfo.java:getPort(197)) - ConfigKey ozone.scm.datanode.address is deprecated, For configuring different ports for each SCM use PortConfigKey ozone.scm.datanode.port appended with serviceId and nodeId
2022-03-09 17:22:56,430 [Listener at 0.0.0.0/41507] INFO  ha.SCMNodeInfo (SCMNodeInfo.java:getPort(197)) - ConfigKey ozone.scm.client.address is deprecated, For configuring different ports for each SCM use PortConfigKey ozone.scm.client.port appended with serviceId and nodeId
2022-03-09 17:22:56,430 [Listener at 0.0.0.0/41507] INFO  ha.SCMNodeInfo (SCMNodeInfo.java:getPort(197)) - ConfigKey ozone.scm.block.client.address is deprecated, For configuring different ports for each SCM use PortConfigKey ozone.scm.block.client.port appended with serviceId and nodeId
2022-03-09 17:22:56,430 [Listener at 0.0.0.0/41507] INFO  ha.SCMNodeInfo (SCMNodeInfo.java:getPort(197)) - ConfigKey ozone.scm.datanode.address is deprecated, For configuring different ports for each SCM use PortConfigKey ozone.scm.datanode.port appended with serviceId and nodeId
2022-03-09 17:22:56,430 [Listener at 0.0.0.0/41507] INFO  ha.SCMNodeInfo (SCMNodeInfo.java:getPort(197)) - ConfigKey ozone.scm.client.address is deprecated, For configuring different ports for each SCM use PortConfigKey ozone.scm.client.port appended with serviceId and nodeId
2022-03-09 17:22:56,431 [Listener at 0.0.0.0/41507] INFO  ha.SCMNodeInfo (SCMNodeInfo.java:getPort(197)) - ConfigKey ozone.scm.block.client.address is deprecated, For configuring different ports for each SCM use PortConfigKey ozone.scm.block.client.port appended with serviceId and nodeId
2022-03-09 17:22:56,431 [Listener at 0.0.0.0/41507] INFO  ha.SCMNodeInfo (SCMNodeInfo.java:getPort(197)) - ConfigKey ozone.scm.datanode.address is deprecated, For configuring different ports for each SCM use PortConfigKey ozone.scm.datanode.port appended with serviceId and nodeId
2022-03-09 17:22:56,431 [Listener at 0.0.0.0/41507] INFO  ha.SCMNodeInfo (SCMNodeInfo.java:getPort(197)) - ConfigKey ozone.scm.client.address is deprecated, For configuring different ports for each SCM use PortConfigKey ozone.scm.client.port appended with serviceId and nodeId
2022-03-09 17:22:56,431 [Listener at 0.0.0.0/41507] INFO  ha.SCMNodeInfo (SCMNodeInfo.java:getPort(197)) - ConfigKey ozone.scm.block.client.address is deprecated, For configuring different ports for each SCM use PortConfigKey ozone.scm.block.client.port appended with serviceId and nodeId
2022-03-09 17:22:56,431 [Listener at 0.0.0.0/41507] INFO  ha.SCMNodeInfo (SCMNodeInfo.java:getPort(197)) - ConfigKey ozone.scm.datanode.address is deprecated, For configuring different ports for each SCM use PortConfigKey ozone.scm.datanode.port appended with serviceId and nodeId
2022-03-09 17:22:56,431 [Listener at 0.0.0.0/41507] INFO  ha.SCMNodeInfo (SCMNodeInfo.java:getPort(197)) - ConfigKey ozone.scm.client.address is deprecated, For configuring different ports for each SCM use PortConfigKey ozone.scm.client.port appended with serviceId and nodeId
2022-03-09 17:22:56,431 [Listener at 0.0.0.0/41507] INFO  ha.SCMNodeInfo (SCMNodeInfo.java:getPort(197)) - ConfigKey ozone.scm.block.client.address is deprecated, For configuring different ports for each SCM use PortConfigKey ozone.scm.block.client.port appended with serviceId and nodeId
2022-03-09 17:22:56,431 [Listener at 0.0.0.0/41507] INFO  ha.SCMNodeInfo (SCMNodeInfo.java:getPort(197)) - ConfigKey ozone.scm.datanode.address is deprecated, For configuring different ports for each SCM use PortConfigKey ozone.scm.datanode.port appended with serviceId and nodeId
2022-03-09 17:22:56,432 [Listener at 0.0.0.0/41507] INFO  ha.SCMNodeInfo (SCMNodeInfo.java:getPort(197)) - ConfigKey ozone.scm.client.address is deprecated, For configuring different ports for each SCM use PortConfigKey ozone.scm.client.port appended with serviceId and nodeId
2022-03-09 17:22:56,432 [Listener at 0.0.0.0/41507] INFO  ha.SCMNodeInfo (SCMNodeInfo.java:getPort(197)) - ConfigKey ozone.scm.block.client.address is deprecated, For configuring different ports for each SCM use PortConfigKey ozone.scm.block.client.port appended with serviceId and nodeId
2022-03-09 17:22:56,432 [Listener at 0.0.0.0/41507] INFO  ha.SCMNodeInfo (SCMNodeInfo.java:getPort(197)) - ConfigKey ozone.scm.datanode.address is deprecated, For configuring different ports for each SCM use PortConfigKey ozone.scm.datanode.port appended with serviceId and nodeId
2022-03-09 17:22:56,432 [Listener at 0.0.0.0/41507] INFO  ha.SCMNodeInfo (SCMNodeInfo.java:getPort(197)) - ConfigKey ozone.scm.client.address is deprecated, For configuring different ports for each SCM use PortConfigKey ozone.scm.client.port appended with serviceId and nodeId
2022-03-09 17:22:56,432 [Listener at 0.0.0.0/41507] INFO  ha.SCMNodeInfo (SCMNodeInfo.java:getPort(197)) - ConfigKey ozone.scm.block.client.address is deprecated, For configuring different ports for each SCM use PortConfigKey ozone.scm.block.client.port appended with serviceId and nodeId
2022-03-09 17:22:56,432 [Listener at 0.0.0.0/41507] INFO  ha.SCMNodeInfo (SCMNodeInfo.java:getPort(197)) - ConfigKey ozone.scm.datanode.address is deprecated, For configuring different ports for each SCM use PortConfigKey ozone.scm.datanode.port appended with serviceId and nodeId
2022-03-09 17:22:56,432 [Listener at 0.0.0.0/41507] INFO  ha.SCMNodeInfo (SCMNodeInfo.java:getPort(197)) - ConfigKey ozone.scm.client.address is deprecated, For configuring different ports for each SCM use PortConfigKey ozone.scm.client.port appended with serviceId and nodeId
2022-03-09 17:22:56,432 [Listener at 0.0.0.0/41507] INFO  ha.SCMNodeInfo (SCMNodeInfo.java:getPort(197)) - ConfigKey ozone.scm.block.client.address is deprecated, For configuring different ports for each SCM use PortConfigKey ozone.scm.block.client.port appended with serviceId and nodeId
2022-03-09 17:22:56,433 [Listener at 0.0.0.0/41507] INFO  ha.SCMNodeInfo (SCMNodeInfo.java:getPort(197)) - ConfigKey ozone.scm.datanode.address is deprecated, For configuring different ports for each SCM use PortConfigKey ozone.scm.datanode.port appended with serviceId and nodeId
2022-03-09 17:22:56,444 [EndpointStateMachine task thread for /127.0.0.1:40365 - 0 ] INFO  ipc.Client (Client.java:handleConnectionFailure(977)) - Retrying connect to server: localhost/127.0.0.1:40365. Already tried 9 time(s); retry policy is RetryUpToMaximumCountWithFixedSleep(maxRetries=15, sleepTime=1000 MILLISECONDS)
2022-03-09 17:22:56,459 [EndpointStateMachine task thread for /127.0.0.1:38239 - 0 ] INFO  ipc.Client (Client.java:handleConnectionFailure(977)) - Retrying connect to server: localhost/127.0.0.1:38239. Already tried 9 time(s); retry policy is RetryUpToMaximumCountWithFixedSleep(maxRetries=15, sleepTime=1000 MILLISECONDS)
2022-03-09 17:22:56,461 [Listener at 0.0.0.0/41507] WARN  server.ServerUtils (ServerUtils.java:getDBPath(225)) - ozone.om.db.dirs is not configured. We recommend adding this setting. Falling back to ozone.metadata.dirs instead.
2022-03-09 17:22:56,461 [Listener at 0.0.0.0/41507] INFO  codec.OmKeyInfoCodec (OmKeyInfoCodec.java:<init>(50)) - OmKeyInfoCodec ignorePipeline = true
2022-03-09 17:22:56,461 [Listener at 0.0.0.0/41507] INFO  codec.RepeatedOmKeyInfoCodec (RepeatedOmKeyInfoCodec.java:<init>(42)) - RepeatedOmKeyInfoCodec ignorePipeline = true
2022-03-09 17:22:56,485 [EndpointStateMachine task thread for /127.0.0.1:45657 - 0 ] INFO  ipc.Client (Client.java:handleConnectionFailure(977)) - Retrying connect to server: localhost/127.0.0.1:45657. Already tried 9 time(s); retry policy is RetryUpToMaximumCountWithFixedSleep(maxRetries=15, sleepTime=1000 MILLISECONDS)
2022-03-09 17:22:56,647 [Listener at 0.0.0.0/41507] INFO  om.OzoneManager (OzoneManager.java:addS3GVolumeToDB(3733)) - Created Volume s3v With Owner runner required for S3Gateway operations.
2022-03-09 17:22:56,647 [Listener at 0.0.0.0/41507] WARN  server.ServerUtils (ServerUtils.java:getDefaultRatisDirectory(237)) - Storage directory for Ratis is not configured. It is a good idea to map this to an SSD disk. Falling back to ozone.metadata.dirs
2022-03-09 17:22:56,647 [Listener at 0.0.0.0/41507] WARN  utils.OzoneManagerRatisUtils (OzoneManagerRatisUtils.java:getOMRatisSnapshotDirectory(330)) - ozone.om.ratis.snapshot.dir is not configured. Falling back to ozone.metadata.dirs config
2022-03-09 17:22:56,647 [Listener at 0.0.0.0/41507] WARN  impl.MetricRegistriesImpl (MetricRegistriesImpl.java:addReporterRegistration(111)) - New reporters are added after registries were created. Some metrics will be missing from the reporter. Please add reporter before adding any new registry.
2022-03-09 17:22:56,648 [Listener at 0.0.0.0/41507] WARN  impl.MetricRegistriesImpl (MetricRegistriesImpl.java:addReporterRegistration(111)) - New reporters are added after registries were created. Some metrics will be missing from the reporter. Please add reporter before adding any new registry.
2022-03-09 17:22:56,648 [Listener at 0.0.0.0/41507] WARN  server.ServerUtils (ServerUtils.java:getDefaultRatisDirectory(237)) - Storage directory for Ratis is not configured. It is a good idea to map this to an SSD disk. Falling back to ozone.metadata.dirs
2022-03-09 17:22:56,649 [Listener at 0.0.0.0/41507] INFO  ratis.OzoneManagerRatisServer (OzoneManagerRatisServer.java:<init>(159)) - Instantiating OM Ratis server with groupID: om-service-test1 and peers: localhost:36545
2022-03-09 17:22:56,650 [Listener at 0.0.0.0/41507] INFO  ratis.OzoneManagerStateMachine (OzoneManagerStateMachine.java:loadSnapshotInfoFromDB(605)) - LastAppliedIndex is set from TransactionInfo from OM DB as (t:0, i:~)
2022-03-09 17:22:56,651 [Listener at 0.0.0.0/41507] INFO  server.RaftServer (ConfUtils.java:logGet(44)) - raft.rpc.type = GRPC (default)
2022-03-09 17:22:56,651 [Listener at 0.0.0.0/41507] INFO  grpc.GrpcFactory (GrpcFactory.java:checkPooledByteBufAllocatorUseCacheForAllThreads(48)) - PERFORMANCE WARNING: useCacheForAllThreads is true that may cause Netty to create a lot garbage objects and, as a result, trigger GC.
	It is recommended to disable useCacheForAllThreads by setting -Dorg.apache.ratis.thirdparty.io.netty.allocator.useCacheForAllThreads=false in command line.
2022-03-09 17:22:56,651 [Listener at 0.0.0.0/41507] INFO  grpc.GrpcConfigKeys (ConfUtils.java:logGet(44)) - raft.grpc.admin.port = -1 (default)
2022-03-09 17:22:56,651 [Listener at 0.0.0.0/41507] INFO  grpc.GrpcConfigKeys (ConfUtils.java:logGet(44)) - raft.grpc.server.port = 36545 (custom)
2022-03-09 17:22:56,651 [Listener at 0.0.0.0/41507] INFO  grpc.GrpcConfigKeys (ConfUtils.java:logGet(44)) - raft.grpc.client.port = -1 (default)
2022-03-09 17:22:56,652 [Listener at 0.0.0.0/41507] INFO  grpc.GrpcConfigKeys (ConfUtils.java:logGet(44)) - raft.grpc.server.port = 36545 (custom)
2022-03-09 17:22:56,652 [Listener at 0.0.0.0/41507] INFO  grpc.GrpcConfigKeys (ConfUtils.java:logGet(44)) - raft.grpc.server.port = 36545 (custom)
2022-03-09 17:22:56,652 [Listener at 0.0.0.0/41507] INFO  server.GrpcService (ConfUtils.java:logGet(44)) - raft.grpc.message.size.max = 33554432 (custom)
2022-03-09 17:22:56,652 [Listener at 0.0.0.0/41507] INFO  server.RaftServerConfigKeys (ConfUtils.java:logGet(44)) - raft.server.log.appender.buffer.byte-limit = 33554432 (custom)
2022-03-09 17:22:56,652 [Listener at 0.0.0.0/41507] INFO  server.GrpcService (ConfUtils.java:logGet(44)) - raft.grpc.flow.control.window = 1MB (=1048576) (default)
2022-03-09 17:22:56,652 [Listener at 0.0.0.0/41507] INFO  server.RaftServerConfigKeys (ConfUtils.java:logGet(44)) - raft.server.rpc.request.timeout = 3000ms (default)
2022-03-09 17:22:56,653 [Listener at 0.0.0.0/41507] INFO  impl.DataStreamServerImpl (ConfUtils.java:logGet(44)) - raft.datastream.type = DISABLED (default)
2022-03-09 17:22:56,654 [Listener at 0.0.0.0/41507] INFO  server.RaftServerConfigKeys (ConfUtils.java:logGet(44)) - raft.server.rpc.slowness.timeout = 2s (custom)
2022-03-09 17:22:56,654 [Listener at 0.0.0.0/41507] INFO  server.RaftServerConfigKeys (ConfUtils.java:logGet(44)) - raft.server.leaderelection.leader.step-down.wait-time = 10s (default)
2022-03-09 17:22:56,654 [Listener at 0.0.0.0/41507] INFO  server.RaftServerConfigKeys (ConfUtils.java:logGet(44)) - raft.server.storage.dir = [/home/runner/work/ozone/ozone/hadoop-ozone/integration-test/target/test-dir/MiniOzoneClusterImpl-aa50db73-d356-40d6-b3b5-5343d3a56795/omNode-1/ratis] (custom)
2022-03-09 17:22:56,659 [Listener at 0.0.0.0/41507] INFO  server.RaftServer (RaftServerProxy.java:addNew(95)) - omNode-1: addNew group-523986131536:[omNode-1|rpc:localhost:36545|priority:0] returns group-523986131536:java.util.concurrent.CompletableFuture@690406d0[Not completed]
2022-03-09 17:22:56,659 [Listener at 0.0.0.0/41507] INFO  om.OzoneManager (OzoneManager.java:initializeRatisServer(1834)) - OzoneManager Ratis server initialized at port 36545
2022-03-09 17:22:56,668 [Listener at 0.0.0.0/41507] INFO  ipc.CallQueueManager (CallQueueManager.java:<init>(90)) - Using callQueue: class java.util.concurrent.LinkedBlockingQueue, queueCapacity: 2000, scheduler: class org.apache.hadoop.ipc.DefaultRpcScheduler, ipcBackoff: false.
2022-03-09 17:22:56,669 [pool-347-thread-1] INFO  server.RaftServer$Division (RaftServerImpl.java:<init>(184)) - omNode-1: new RaftServerImpl for group-523986131536:[omNode-1|rpc:localhost:36545|priority:0] with OzoneManagerStateMachine:uninitialized
2022-03-09 17:22:56,670 [pool-347-thread-1] INFO  server.RaftServerConfigKeys (ConfUtils.java:logGet(44)) - raft.server.rpc.timeout.min = 1s (custom)
2022-03-09 17:22:56,670 [pool-347-thread-1] INFO  server.RaftServerConfigKeys (ConfUtils.java:logGet(44)) - raft.server.rpc.timeout.max = 1200ms (custom)
2022-03-09 17:22:56,670 [pool-347-thread-1] INFO  server.RaftServerConfigKeys (ConfUtils.java:logGet(44)) - raft.server.rpc.sleep.time = 25ms (default)
2022-03-09 17:22:56,670 [pool-347-thread-1] INFO  server.RaftServerConfigKeys (ConfUtils.java:logGet(44)) - raft.server.rpc.slowness.timeout = 2s (custom)
2022-03-09 17:22:56,670 [pool-347-thread-1] INFO  server.RaftServerConfigKeys (ConfUtils.java:logGet(44)) - raft.server.leaderelection.leader.step-down.wait-time = 10s (default)
2022-03-09 17:22:56,670 [pool-347-thread-1] INFO  server.RaftServerConfigKeys (ConfUtils.java:logGet(44)) - raft.server.sleep.deviation.threshold = 300ms (default)
2022-03-09 17:22:56,670 [pool-347-thread-1] INFO  server.RaftServerConfigKeys (ConfUtils.java:logGet(44)) - raft.server.log.appender.install.snapshot.enabled = false (custom)
2022-03-09 17:22:56,670 [pool-347-thread-1] INFO  server.RaftServer$Division (ServerState.java:<init>(105)) - omNode-1@group-523986131536: ConfigurationManager, init=-1: [omNode-1|rpc:localhost:36545|priority:0], old=null, confs=<EMPTY_MAP>
2022-03-09 17:22:56,670 [pool-347-thread-1] INFO  server.RaftServerConfigKeys (ConfUtils.java:logGet(44)) - raft.server.storage.dir = [/home/runner/work/ozone/ozone/hadoop-ozone/integration-test/target/test-dir/MiniOzoneClusterImpl-aa50db73-d356-40d6-b3b5-5343d3a56795/omNode-1/ratis] (custom)
2022-03-09 17:22:56,671 [pool-347-thread-1] INFO  server.RaftServerConfigKeys (ConfUtils.java:logGet(44)) - raft.server.log.corruption.policy = EXCEPTION (default)
2022-03-09 17:22:56,679 [pool-347-thread-1] INFO  server.RaftServerConfigKeys (ConfUtils.java:logGet(44)) - raft.server.storage.free-space.min = 0MB (=0) (default)
2022-03-09 17:22:56,679 [pool-347-thread-1] INFO  storage.RaftStorageDirectory (RaftStorageDirectoryImpl.java:analyzeStorage(135)) - The storage directory /home/runner/work/ozone/ozone/hadoop-ozone/integration-test/target/test-dir/MiniOzoneClusterImpl-aa50db73-d356-40d6-b3b5-5343d3a56795/omNode-1/ratis/c9bc4cf4-3bc3-3c60-a66b-523986131536 does not exist. Creating ...
2022-03-09 17:22:56,680 [Socket Reader #1 for port 45999] INFO  ipc.Server (Server.java:run(1265)) - Starting Socket Reader #1 for port 45999
2022-03-09 17:22:56,682 [pool-347-thread-1] INFO  storage.RaftStorageDirectory (RaftStorageDirectoryImpl.java:tryLock(230)) - Lock on /home/runner/work/ozone/ozone/hadoop-ozone/integration-test/target/test-dir/MiniOzoneClusterImpl-aa50db73-d356-40d6-b3b5-5343d3a56795/omNode-1/ratis/c9bc4cf4-3bc3-3c60-a66b-523986131536/in_use.lock acquired by nodename 7019@fv-az148-759
2022-03-09 17:22:56,685 [pool-347-thread-1] INFO  storage.RaftStorage (RaftStorageImpl.java:format(89)) - Storage directory /home/runner/work/ozone/ozone/hadoop-ozone/integration-test/target/test-dir/MiniOzoneClusterImpl-aa50db73-d356-40d6-b3b5-5343d3a56795/omNode-1/ratis/c9bc4cf4-3bc3-3c60-a66b-523986131536 has been successfully formatted.
2022-03-09 17:22:56,686 [pool-347-thread-1] INFO  server.RaftServerConfigKeys (ConfUtils.java:logGet(44)) - raft.server.notification.no-leader.timeout = 2s (custom)
2022-03-09 17:22:56,686 [pool-347-thread-1] INFO  server.RaftServerConfigKeys (ConfUtils.java:logGet(44)) - raft.server.log.use.memory = false (default)
2022-03-09 17:22:56,686 [pool-347-thread-1] INFO  server.RaftServerConfigKeys (ConfUtils.java:logGet(44)) - raft.server.log.purge.gap = 1000000 (custom)
2022-03-09 17:22:56,686 [pool-347-thread-1] INFO  server.RaftServerConfigKeys (ConfUtils.java:logGet(44)) - raft.server.log.appender.buffer.byte-limit = 33554432 (custom)
2022-03-09 17:22:56,686 [pool-347-thread-1] INFO  server.RaftServerConfigKeys (ConfUtils.java:logGet(44)) - raft.server.log.segment.size.max = 4194304 (custom)
2022-03-09 17:22:56,686 [pool-347-thread-1] INFO  server.RaftServerConfigKeys (ConfUtils.java:logGet(44)) - raft.server.log.segment.cache.num.max = 2 (custom)
2022-03-09 17:22:56,686 [pool-347-thread-1] INFO  server.RaftServerConfigKeys (ConfUtils.java:logGet(44)) - raft.server.log.segment.cache.size.max = 200MB (=209715200) (default)
2022-03-09 17:22:56,686 [pool-347-thread-1] INFO  segmented.SegmentedRaftLogWorker (SegmentedRaftLogWorker.java:<init>(182)) - new omNode-1@group-523986131536-SegmentedRaftLogWorker for RaftStorageImpl:Storage Directory /home/runner/work/ozone/ozone/hadoop-ozone/integration-test/target/test-dir/MiniOzoneClusterImpl-aa50db73-d356-40d6-b3b5-5343d3a56795/omNode-1/ratis/c9bc4cf4-3bc3-3c60-a66b-523986131536
2022-03-09 17:22:56,686 [pool-347-thread-1] INFO  server.RaftServerConfigKeys (ConfUtils.java:logGet(44)) - raft.server.log.queue.byte-limit = 64MB (=67108864) (default)
2022-03-09 17:22:56,686 [pool-347-thread-1] INFO  server.RaftServerConfigKeys (ConfUtils.java:logGet(44)) - raft.server.log.queue.element-limit = 4096 (default)
2022-03-09 17:22:56,686 [pool-347-thread-1] INFO  server.RaftServerConfigKeys (ConfUtils.java:logGet(44)) - raft.server.log.segment.size.max = 4194304 (custom)
2022-03-09 17:22:56,686 [pool-347-thread-1] INFO  server.RaftServerConfigKeys (ConfUtils.java:logGet(44)) - raft.server.log.preallocated.size = 4194304 (custom)
2022-03-09 17:22:56,686 [pool-347-thread-1] INFO  server.RaftServerConfigKeys (ConfUtils.java:logGet(44)) - raft.server.log.force.sync.num = 128 (default)
2022-03-09 17:22:56,686 [pool-347-thread-1] INFO  server.RaftServerConfigKeys (ConfUtils.java:logGet(44)) - raft.server.log.statemachine.data.sync = true (default)
2022-03-09 17:22:56,686 [pool-347-thread-1] INFO  server.RaftServerConfigKeys (ConfUtils.java:logGet(44)) - raft.server.log.statemachine.data.sync.timeout = 10s (default)
2022-03-09 17:22:56,687 [pool-347-thread-1] INFO  server.RaftServerConfigKeys (ConfUtils.java:logGet(44)) - raft.server.log.statemachine.data.sync.timeout.retry = -1 (default)
2022-03-09 17:22:56,687 [pool-347-thread-1] INFO  server.RaftServerConfigKeys (ConfUtils.java:logGet(44)) - raft.server.log.write.buffer.size = 64KB (=65536) (default)
2022-03-09 17:22:56,687 [pool-347-thread-1] INFO  server.RaftServerConfigKeys (ConfUtils.java:logGet(44)) - raft.server.log.statemachine.data.caching.enabled = false (default)
2022-03-09 17:22:56,687 [pool-347-thread-1] INFO  segmented.SegmentedRaftLogWorker (SegmentedRaftLogWorker.java:lambda$new$0(133)) - omNode-1@group-523986131536-SegmentedRaftLogWorker: flushIndex: setUnconditionally 0 -> -1
2022-03-09 17:22:56,687 [pool-347-thread-1] INFO  segmented.SegmentedRaftLogWorker (SegmentedRaftLogWorker.java:lambda$new$0(133)) - omNode-1@group-523986131536-SegmentedRaftLogWorker: safeCacheEvictIndex: setUnconditionally 0 -> -1
2022-03-09 17:22:56,691 [pool-347-thread-1] INFO  server.RaftServerConfigKeys (ConfUtils.java:logGet(44)) - raft.server.snapshot.auto.trigger.enabled = true (custom)
2022-03-09 17:22:56,691 [pool-347-thread-1] INFO  server.RaftServerConfigKeys (ConfUtils.java:logGet(44)) - raft.server.snapshot.auto.trigger.threshold = 400000 (default)
2022-03-09 17:22:56,691 [pool-347-thread-1] INFO  server.RaftServerConfigKeys (ConfUtils.java:logGet(44)) - raft.server.snapshot.retention.file.num = -1 (default)
2022-03-09 17:22:56,691 [pool-347-thread-1] INFO  server.RaftServerConfigKeys (ConfUtils.java:logGet(44)) - raft.server.log.purge.upto.snapshot.index = true (custom)
2022-03-09 17:22:56,691 [pool-347-thread-1] INFO  server.RaftServerConfigKeys (ConfUtils.java:logGet(44)) - raft.server.retrycache.expirytime = 300s (custom)
2022-03-09 17:22:56,691 [pool-347-thread-1] INFO  server.RaftServerConfigKeys (ConfUtils.java:logGet(44)) - raft.server.retrycache.statistics.expirytime = 100μs (default)
2022-03-09 17:22:56,717 [Listener at 127.0.0.1/45999] INFO  impl.MetricsSystemImpl (MetricsSystemImpl.java:init(158)) - OzoneManager metrics system started (again)
2022-03-09 17:22:56,741 [Listener at 127.0.0.1/45999] INFO  om.OzoneManager (OzoneManager.java:start(1365)) - OzoneManager RPC server is listening at localhost/127.0.0.1:45999
2022-03-09 17:22:56,741 [Listener at 127.0.0.1/45999] INFO  ratis.OzoneManagerRatisServer (OzoneManagerRatisServer.java:start(554)) - Starting OzoneManagerRatisServer omNode-1 at port 36545
2022-03-09 17:22:56,741 [Listener at 127.0.0.1/45999] INFO  server.RaftServer$Division (RaftServerImpl.java:start(301)) - omNode-1@group-523986131536: start as a follower, conf=-1: [omNode-1|rpc:localhost:36545|priority:0], old=null
2022-03-09 17:22:56,741 [Listener at 127.0.0.1/45999] INFO  server.RaftServer$Division (RaftServerImpl.java:setRole(290)) - omNode-1@group-523986131536: changes role from      null to FOLLOWER at term 0 for startAsFollower
2022-03-09 17:22:56,741 [Listener at 127.0.0.1/45999] INFO  impl.RoleInfo (RoleInfo.java:updateAndGet(130)) - omNode-1: start omNode-1@group-523986131536-FollowerState
2022-03-09 17:22:56,742 [Listener at 127.0.0.1/45999] INFO  util.JmxRegister (JmxRegister.java:tryRegister(44)) - Successfully registered JMX Bean with object name Ratis:service=RaftServer,group=group-523986131536,id=omNode-1
2022-03-09 17:22:56,742 [Listener at 127.0.0.1/45999] INFO  server.RaftServer (RaftServerProxy.java:lambda$start$5(374)) - omNode-1: start RPC server
2022-03-09 17:22:56,743 [Listener at 127.0.0.1/45999] INFO  server.GrpcService (GrpcService.java:startImpl(253)) - omNode-1: GrpcService started, listening on 36545
2022-03-09 17:22:56,757 [Listener at 127.0.0.1/45999] INFO  om.OzoneManager (OzoneManager.java:start(1381)) - Version File has different layout version (0) than OM DB (null). That is expected if this OM has never been finalized to a newer layout version.
2022-03-09 17:22:56,758 [org.apache.ratis.util.JvmPauseMonitor$$Lambda$503/957387062@3c2e5c75] INFO  util.JvmPauseMonitor (JvmPauseMonitor.java:run(103)) - JvmPauseMonitor-omNode-1: Started
2022-03-09 17:22:56,771 [Listener at 127.0.0.1/45999] INFO  http.BaseHttpServer (BaseHttpServer.java:newHttpServer2BuilderForOzone(209)) - Starting Web-server for ozoneManager at: http://0.0.0.0:36249
2022-03-09 17:22:56,772 [Listener at 127.0.0.1/45999] INFO  http.BaseHttpServer (BaseHttpServer.java:<init>(107)) - Hadoop Security Enabled: false Ozone Security Enabled: false Ozone HTTP Security Enabled: false 
2022-03-09 17:22:56,773 [Listener at 127.0.0.1/45999] INFO  server.AuthenticationFilter (AuthenticationFilter.java:constructSecretProvider(240)) - Unable to initialize FileSignerSecretProvider, falling back to use random secrets.
2022-03-09 17:22:56,779 [Listener at 127.0.0.1/45999] WARN  http.HttpRequestLog (HttpRequestLog.java:getRequestLog(103)) - Jetty request log can only be enabled using Log4j
2022-03-09 17:22:56,780 [Listener at 127.0.0.1/45999] INFO  http.HttpServer2 (HttpServer2.java:addGlobalFilter(1030)) - Added global filter 'safety' (class=org.apache.hadoop.hdds.server.http.HttpServer2$QuotingInputFilter)
2022-03-09 17:22:56,781 [Listener at 127.0.0.1/45999] INFO  http.HttpServer2 (HttpServer2.java:addFilter(1006)) - Added filter static_user_filter (class=org.apache.hadoop.http.lib.StaticUserWebFilter$StaticUserFilter) to context ozoneManager
2022-03-09 17:22:56,781 [Listener at 127.0.0.1/45999] INFO  http.HttpServer2 (HttpServer2.java:addFilter(1014)) - Added filter static_user_filter (class=org.apache.hadoop.http.lib.StaticUserWebFilter$StaticUserFilter) to context logs
2022-03-09 17:22:56,781 [Listener at 127.0.0.1/45999] INFO  http.HttpServer2 (HttpServer2.java:addFilter(1014)) - Added filter static_user_filter (class=org.apache.hadoop.http.lib.StaticUserWebFilter$StaticUserFilter) to context static
2022-03-09 17:22:56,781 [Listener at 127.0.0.1/45999] INFO  http.HttpServer2 (HttpServer2.java:bindListener(1249)) - Jetty bound to port 36249
2022-03-09 17:22:56,781 [Listener at 127.0.0.1/45999] INFO  server.Server (Server.java:doStart(375)) - jetty-9.4.43.v20210629; built: 2021-06-30T11:07:22.254Z; git: 526006ecfa3af7f1a27ef3a288e2bef7ea9dd7e8; jvm 1.8.0_322-b06
2022-03-09 17:22:56,788 [Listener at 127.0.0.1/45999] INFO  server.session (DefaultSessionIdManager.java:doStart(334)) - DefaultSessionIdManager workerName=node0
2022-03-09 17:22:56,788 [Listener at 127.0.0.1/45999] INFO  server.session (DefaultSessionIdManager.java:doStart(339)) - No SessionScavenger set, using defaults
2022-03-09 17:22:56,788 [Listener at 127.0.0.1/45999] INFO  server.session (HouseKeeper.java:startScavenging(132)) - node0 Scavenging every 660000ms
2022-03-09 17:22:56,789 [Listener at 127.0.0.1/45999] INFO  handler.ContextHandler (ContextHandler.java:doStart(915)) - Started o.e.j.s.ServletContextHandler@1fba5aad{logs,/logs,file:///home/runner/work/ozone/ozone/hadoop-ozone/integration-test/target/log,AVAILABLE}
2022-03-09 17:22:56,789 [Listener at 127.0.0.1/45999] INFO  handler.ContextHandler (ContextHandler.java:doStart(915)) - Started o.e.j.s.ServletContextHandler@472ea479{static,/static,file:///home/runner/work/ozone/ozone/hadoop-ozone/integration-test/target/test-classes/webapps/static,AVAILABLE}
2022-03-09 17:22:56,793 [Listener at 127.0.0.1/45999] INFO  handler.ContextHandler (ContextHandler.java:doStart(915)) - Started o.e.j.w.WebAppContext@7343da7c{ozoneManager,/,file:///home/runner/work/ozone/ozone/hadoop-ozone/integration-test/target/test-classes/webapps/ozoneManager/,AVAILABLE}{file:/home/runner/work/ozone/ozone/hadoop-ozone/integration-test/target/test-classes/webapps/ozoneManager}
2022-03-09 17:22:56,801 [Listener at 127.0.0.1/45999] INFO  server.AbstractConnector (AbstractConnector.java:doStart(331)) - Started ServerConnector@4983490b{HTTP/1.1, (http/1.1)}{0.0.0.0:36249}
2022-03-09 17:22:56,801 [Listener at 127.0.0.1/45999] INFO  server.Server (Server.java:doStart(415)) - Started @89802ms
2022-03-09 17:22:56,801 [Listener at 127.0.0.1/45999] WARN  impl.MetricsSystemImpl (MetricsSystemImpl.java:register(279)) - Sink prometheus already exists!
2022-03-09 17:22:56,802 [Listener at 127.0.0.1/45999] INFO  http.BaseHttpServer (BaseHttpServer.java:updateConnectorAddress(329)) - HTTP server of ozoneManager listening at http://0.0.0.0:36249
2022-03-09 17:22:56,806 [IPC Server Responder] INFO  ipc.Server (Server.java:run(1507)) - IPC Server Responder: starting
2022-03-09 17:22:56,811 [IPC Server listener on 45999] INFO  ipc.Server (Server.java:run(1344)) - IPC Server listener on 45999: starting
2022-03-09 17:22:56,853 [Listener at 127.0.0.1/45999] INFO  om.OzoneManager (OzoneManager.java:startTrashEmptier(1792)) - Trash Interval set to 0. Files deleted will not move to trash
2022-03-09 17:22:56,853 [Listener at 127.0.0.1/45999] INFO  ozone.MiniOzoneHAClusterImpl (MiniOzoneHAClusterImpl.java:createOMService(522)) - Started OzoneManager omNode-1 RPC server at localhost/127.0.0.1:45999
2022-03-09 17:22:56,873 [Listener at 127.0.0.1/45999] WARN  impl.MetricRegistriesImpl (MetricRegistriesImpl.java:addReporterRegistration(111)) - New reporters are added after registries were created. Some metrics will be missing from the reporter. Please add reporter before adding any new registry.
2022-03-09 17:22:56,873 [org.apache.hadoop.util.JvmPauseMonitor$Monitor@5f77e4fe] INFO  util.JvmPauseMonitor (JvmPauseMonitor.java:run(188)) - Starting JVM pause monitor
2022-03-09 17:22:56,874 [Listener at 127.0.0.1/45999] WARN  impl.MetricRegistriesImpl (MetricRegistriesImpl.java:addReporterRegistration(111)) - New reporters are added after registries were created. Some metrics will be missing from the reporter. Please add reporter before adding any new registry.
2022-03-09 17:22:56,874 [Listener at 127.0.0.1/45999] INFO  impl.MetricsSystemImpl (MetricsSystemImpl.java:init(158)) - HddsDatanode metrics system started (again)
2022-03-09 17:22:56,897 [Listener at 127.0.0.1/45999] INFO  ozone.HddsDatanodeService (HddsDatanodeService.java:start(233)) - HddsDatanodeService host:fv-az148-759.bm4ck3pvxvsene1rjriu5fhcdb.bx.internal.cloudapp.net ip:10.1.0.51
2022-03-09 17:22:56,927 [Listener at 127.0.0.1/45999] INFO  upgrade.AbstractLayoutVersionManager (AbstractLayoutVersionManager.java:init(79)) - Initializing Layout version manager with metadata layout = SCM_HA (version = 2), software layout = SCM_HA (version = 2)
2022-03-09 17:22:56,970 [Listener at 127.0.0.1/45999] INFO  reflections.Reflections (Reflections.java:scan(232)) - Reflections took 42 ms to scan 7 urls, producing 122 keys and 286 values 
2022-03-09 17:22:56,971 [Listener at 127.0.0.1/45999] INFO  ha.SCMNodeInfo (SCMNodeInfo.java:getPort(197)) - ConfigKey ozone.scm.client.address is deprecated, For configuring different ports for each SCM use PortConfigKey ozone.scm.client.port appended with serviceId and nodeId
2022-03-09 17:22:56,971 [Listener at 127.0.0.1/45999] INFO  ha.SCMNodeInfo (SCMNodeInfo.java:getPort(197)) - ConfigKey ozone.scm.block.client.address is deprecated, For configuring different ports for each SCM use PortConfigKey ozone.scm.block.client.port appended with serviceId and nodeId
2022-03-09 17:22:56,971 [Listener at 127.0.0.1/45999] INFO  ha.SCMNodeInfo (SCMNodeInfo.java:getPort(197)) - ConfigKey ozone.scm.datanode.address is deprecated, For configuring different ports for each SCM use PortConfigKey ozone.scm.datanode.port appended with serviceId and nodeId
2022-03-09 17:22:56,972 [Listener at 127.0.0.1/45999] INFO  ha.SCMNodeInfo (SCMNodeInfo.java:getPort(197)) - ConfigKey ozone.scm.client.address is deprecated, For configuring different ports for each SCM use PortConfigKey ozone.scm.client.port appended with serviceId and nodeId
2022-03-09 17:22:56,972 [Listener at 127.0.0.1/45999] INFO  ha.SCMNodeInfo (SCMNodeInfo.java:getPort(197)) - ConfigKey ozone.scm.block.client.address is deprecated, For configuring different ports for each SCM use PortConfigKey ozone.scm.block.client.port appended with serviceId and nodeId
2022-03-09 17:22:56,972 [Listener at 127.0.0.1/45999] INFO  ha.SCMNodeInfo (SCMNodeInfo.java:getPort(197)) - ConfigKey ozone.scm.datanode.address is deprecated, For configuring different ports for each SCM use PortConfigKey ozone.scm.datanode.port appended with serviceId and nodeId
2022-03-09 17:22:56,972 [Listener at 127.0.0.1/45999] INFO  ha.SCMNodeInfo (SCMNodeInfo.java:getPort(197)) - ConfigKey ozone.scm.client.address is deprecated, For configuring different ports for each SCM use PortConfigKey ozone.scm.client.port appended with serviceId and nodeId
2022-03-09 17:22:56,972 [Listener at 127.0.0.1/45999] INFO  ha.SCMNodeInfo (SCMNodeInfo.java:getPort(197)) - ConfigKey ozone.scm.block.client.address is deprecated, For configuring different ports for each SCM use PortConfigKey ozone.scm.block.client.port appended with serviceId and nodeId
2022-03-09 17:22:56,972 [Listener at 127.0.0.1/45999] INFO  ha.SCMNodeInfo (SCMNodeInfo.java:getPort(197)) - ConfigKey ozone.scm.datanode.address is deprecated, For configuring different ports for each SCM use PortConfigKey ozone.scm.datanode.port appended with serviceId and nodeId
2022-03-09 17:22:56,972 [Listener at 127.0.0.1/45999] INFO  statemachine.DatanodeStateMachine (DatanodeStateMachine.java:getEndPointTaskThreadPoolSize(222)) - Datanode State Machine Task Thread Pool size 4
2022-03-09 17:22:56,975 [Listener at 127.0.0.1/45999] INFO  volume.HddsVolume (HddsVolume.java:<init>(120)) - Creating HddsVolume: /home/runner/work/ozone/ozone/hadoop-ozone/integration-test/target/test-dir/MiniOzoneClusterImpl-aa50db73-d356-40d6-b3b5-5343d3a56795/datanode-0/data-0/containers/hdds of storage type : DISK capacity : 9223372036854775807
2022-03-09 17:22:56,975 [Listener at 127.0.0.1/45999] INFO  volume.MutableVolumeSet (MutableVolumeSet.java:initializeVolumeSet(168)) - Added Volume : /home/runner/work/ozone/ozone/hadoop-ozone/integration-test/target/test-dir/MiniOzoneClusterImpl-aa50db73-d356-40d6-b3b5-5343d3a56795/datanode-0/data-0/containers/hdds to VolumeSet
2022-03-09 17:22:56,976 [Listener at 127.0.0.1/45999] INFO  volume.ThrottledAsyncChecker (ThrottledAsyncChecker.java:schedule(141)) - Scheduling a check for /home/runner/work/ozone/ozone/hadoop-ozone/integration-test/target/test-dir/MiniOzoneClusterImpl-aa50db73-d356-40d6-b3b5-5343d3a56795/datanode-0/data-0/containers/hdds
2022-03-09 17:22:56,981 [Listener at 127.0.0.1/45999] INFO  volume.StorageVolumeChecker (StorageVolumeChecker.java:checkAllVolumes(202)) - Scheduled health check for volume /home/runner/work/ozone/ozone/hadoop-ozone/integration-test/target/test-dir/MiniOzoneClusterImpl-aa50db73-d356-40d6-b3b5-5343d3a56795/datanode-0/data-0/containers/hdds
2022-03-09 17:22:56,993 [Listener at 127.0.0.1/45999] INFO  volume.MutableVolumeSet (MutableVolumeSet.java:initializeVolumeSet(168)) - Added Volume : /home/runner/work/ozone/ozone/hadoop-ozone/integration-test/target/test-dir/MiniOzoneClusterImpl-aa50db73-d356-40d6-b3b5-5343d3a56795/datanode-0/data/ratis to VolumeSet
2022-03-09 17:22:56,993 [Listener at 127.0.0.1/45999] INFO  volume.ThrottledAsyncChecker (ThrottledAsyncChecker.java:schedule(141)) - Scheduling a check for /home/runner/work/ozone/ozone/hadoop-ozone/integration-test/target/test-dir/MiniOzoneClusterImpl-aa50db73-d356-40d6-b3b5-5343d3a56795/datanode-0/data/ratis
2022-03-09 17:22:56,993 [Listener at 127.0.0.1/45999] INFO  volume.StorageVolumeChecker (StorageVolumeChecker.java:checkAllVolumes(202)) - Scheduled health check for volume /home/runner/work/ozone/ozone/hadoop-ozone/integration-test/target/test-dir/MiniOzoneClusterImpl-aa50db73-d356-40d6-b3b5-5343d3a56795/datanode-0/data/ratis
2022-03-09 17:22:57,003 [Thread-1432] INFO  ozoneimpl.ContainerReader (ContainerReader.java:readVolume(172)) - Finish verifying containers on volume /home/runner/work/ozone/ozone/hadoop-ozone/integration-test/target/test-dir/MiniOzoneClusterImpl-aa50db73-d356-40d6-b3b5-5343d3a56795/datanode-0/data-0/containers/hdds
2022-03-09 17:22:57,003 [Listener at 127.0.0.1/45999] INFO  ozoneimpl.OzoneContainer (OzoneContainer.java:buildContainerSet(257)) - Build ContainerSet costs 0s
2022-03-09 17:22:57,005 [Listener at 127.0.0.1/45999] INFO  server.RaftServer (ConfUtils.java:logGet(44)) - raft.rpc.type = GRPC (default)
2022-03-09 17:22:57,005 [Listener at 127.0.0.1/45999] INFO  grpc.GrpcFactory (GrpcFactory.java:checkPooledByteBufAllocatorUseCacheForAllThreads(48)) - PERFORMANCE WARNING: useCacheForAllThreads is true that may cause Netty to create a lot garbage objects and, as a result, trigger GC.
	It is recommended to disable useCacheForAllThreads by setting -Dorg.apache.ratis.thirdparty.io.netty.allocator.useCacheForAllThreads=false in command line.
2022-03-09 17:22:57,005 [Listener at 127.0.0.1/45999] INFO  grpc.GrpcConfigKeys (ConfUtils.java:logGet(44)) - raft.grpc.admin.port = 0 (custom)
2022-03-09 17:22:57,005 [Listener at 127.0.0.1/45999] INFO  grpc.GrpcConfigKeys (ConfUtils.java:logGet(44)) - raft.grpc.client.port = 0 (custom)
2022-03-09 17:22:57,006 [Listener at 127.0.0.1/45999] INFO  grpc.GrpcConfigKeys (ConfUtils.java:logGet(44)) - raft.grpc.server.port = 0 (default)
2022-03-09 17:22:57,006 [Listener at 127.0.0.1/45999] INFO  server.GrpcService (ConfUtils.java:logGet(44)) - raft.grpc.message.size.max = 32MB (=33554432) (custom)
2022-03-09 17:22:57,006 [Listener at 127.0.0.1/45999] INFO  server.RaftServerConfigKeys (ConfUtils.java:logGet(44)) - raft.server.log.appender.buffer.byte-limit = 33554432 (custom)
2022-03-09 17:22:57,006 [Listener at 127.0.0.1/45999] INFO  server.GrpcService (ConfUtils.java:logGet(44)) - raft.grpc.flow.control.window = 5MB (=5242880) (custom)
2022-03-09 17:22:57,006 [Listener at 127.0.0.1/45999] INFO  server.RaftServerConfigKeys (ConfUtils.java:logGet(44)) - raft.server.rpc.request.timeout = 60s (custom)
2022-03-09 17:22:57,007 [Listener at 127.0.0.1/45999] INFO  impl.DataStreamServerImpl (ConfUtils.java:logGet(44)) - raft.datastream.type = DISABLED (default)
2022-03-09 17:22:57,007 [Listener at 127.0.0.1/45999] INFO  server.RaftServerConfigKeys (ConfUtils.java:logGet(44)) - raft.server.rpc.slowness.timeout = 300s (custom)
2022-03-09 17:22:57,007 [Listener at 127.0.0.1/45999] INFO  server.RaftServerConfigKeys (ConfUtils.java:logGet(44)) - raft.server.leaderelection.leader.step-down.wait-time = 10s (default)
2022-03-09 17:22:57,007 [Listener at 127.0.0.1/45999] INFO  server.RaftServerConfigKeys (ConfUtils.java:logGet(44)) - raft.server.storage.dir = [/home/runner/work/ozone/ozone/hadoop-ozone/integration-test/target/test-dir/MiniOzoneClusterImpl-aa50db73-d356-40d6-b3b5-5343d3a56795/datanode-0/data/ratis] (custom)
2022-03-09 17:22:57,008 [Listener at 127.0.0.1/45999] INFO  server.XceiverServerGrpc (XceiverServerGrpc.java:<init>(132)) - GrpcServer channel type EpollServerSocketChannel
2022-03-09 17:22:57,019 [Listener at 127.0.0.1/45999] INFO  http.BaseHttpServer (BaseHttpServer.java:newHttpServer2BuilderForOzone(209)) - Starting Web-server for hddsDatanode at: http://0.0.0.0:0
2022-03-09 17:22:57,019 [Listener at 127.0.0.1/45999] INFO  http.BaseHttpServer (BaseHttpServer.java:<init>(107)) - Hadoop Security Enabled: false Ozone Security Enabled: false Ozone HTTP Security Enabled: false 
2022-03-09 17:22:57,021 [Listener at 127.0.0.1/45999] INFO  server.AuthenticationFilter (AuthenticationFilter.java:constructSecretProvider(240)) - Unable to initialize FileSignerSecretProvider, falling back to use random secrets.
2022-03-09 17:22:57,035 [Listener at 127.0.0.1/45999] WARN  http.HttpRequestLog (HttpRequestLog.java:getRequestLog(103)) - Jetty request log can only be enabled using Log4j
2022-03-09 17:22:57,036 [Listener at 127.0.0.1/45999] INFO  http.HttpServer2 (HttpServer2.java:addGlobalFilter(1030)) - Added global filter 'safety' (class=org.apache.hadoop.hdds.server.http.HttpServer2$QuotingInputFilter)
2022-03-09 17:22:57,037 [Listener at 127.0.0.1/45999] INFO  http.HttpServer2 (HttpServer2.java:addFilter(1006)) - Added filter static_user_filter (class=org.apache.hadoop.http.lib.StaticUserWebFilter$StaticUserFilter) to context hddsDatanode
2022-03-09 17:22:57,037 [Listener at 127.0.0.1/45999] INFO  http.HttpServer2 (HttpServer2.java:addFilter(1014)) - Added filter static_user_filter (class=org.apache.hadoop.http.lib.StaticUserWebFilter$StaticUserFilter) to context logs
2022-03-09 17:22:57,037 [Listener at 127.0.0.1/45999] INFO  http.HttpServer2 (HttpServer2.java:addFilter(1014)) - Added filter static_user_filter (class=org.apache.hadoop.http.lib.StaticUserWebFilter$StaticUserFilter) to context static
2022-03-09 17:22:57,038 [Listener at 127.0.0.1/45999] INFO  http.HttpServer2 (HttpServer2.java:bindListener(1249)) - Jetty bound to port 45193
2022-03-09 17:22:57,038 [Listener at 127.0.0.1/45999] INFO  server.Server (Server.java:doStart(375)) - jetty-9.4.43.v20210629; built: 2021-06-30T11:07:22.254Z; git: 526006ecfa3af7f1a27ef3a288e2bef7ea9dd7e8; jvm 1.8.0_322-b06
2022-03-09 17:22:57,111 [Listener at 127.0.0.1/45999] INFO  server.session (DefaultSessionIdManager.java:doStart(334)) - DefaultSessionIdManager workerName=node0
2022-03-09 17:22:57,111 [Listener at 127.0.0.1/45999] INFO  server.session (DefaultSessionIdManager.java:doStart(339)) - No SessionScavenger set, using defaults
2022-03-09 17:22:57,112 [Listener at 127.0.0.1/45999] INFO  server.session (HouseKeeper.java:startScavenging(132)) - node0 Scavenging every 600000ms
2022-03-09 17:22:57,123 [Listener at 127.0.0.1/45999] INFO  handler.ContextHandler (ContextHandler.java:doStart(915)) - Started o.e.j.s.ServletContextHandler@173e347f{logs,/logs,file:///home/runner/work/ozone/ozone/hadoop-ozone/integration-test/target/log,AVAILABLE}
2022-03-09 17:22:57,124 [Listener at 127.0.0.1/45999] INFO  handler.ContextHandler (ContextHandler.java:doStart(915)) - Started o.e.j.s.ServletContextHandler@7780a93c{static,/static,jar:file:/home/runner/.m2/repository/org/apache/ozone/hdds-container-service/1.3.0-SNAPSHOT/hdds-container-service-1.3.0-SNAPSHOT.jar!/webapps/static,AVAILABLE}
2022-03-09 17:22:57,208 [Listener at 127.0.0.1/45999] INFO  handler.ContextHandler (ContextHandler.java:doStart(915)) - Started o.e.j.w.WebAppContext@6e3ca6a2{hddsDatanode,/,file:///tmp/jetty-0_0_0_0-45193-hdds-container-service-1_3_0-SNAPSHOT_jar-_-any-7155554101161173733/webapp/,AVAILABLE}{jar:file:/home/runner/.m2/repository/org/apache/ozone/hdds-container-service/1.3.0-SNAPSHOT/hdds-container-service-1.3.0-SNAPSHOT.jar!/webapps/hddsDatanode}
2022-03-09 17:22:57,210 [Listener at 127.0.0.1/45999] INFO  server.AbstractConnector (AbstractConnector.java:doStart(331)) - Started ServerConnector@1088a4f0{HTTP/1.1, (http/1.1)}{0.0.0.0:45193}
2022-03-09 17:22:57,210 [Listener at 127.0.0.1/45999] INFO  server.Server (Server.java:doStart(415)) - Started @90210ms
2022-03-09 17:22:57,210 [Listener at 127.0.0.1/45999] WARN  impl.MetricsSystemImpl (MetricsSystemImpl.java:register(279)) - Sink prometheus already exists!
2022-03-09 17:22:57,211 [Listener at 127.0.0.1/45999] INFO  http.BaseHttpServer (BaseHttpServer.java:updateConnectorAddress(329)) - HTTP server of hddsDatanode listening at http://0.0.0.0:45193
2022-03-09 17:22:57,211 [Listener at 127.0.0.1/45999] WARN  impl.MetricRegistriesImpl (MetricRegistriesImpl.java:addReporterRegistration(111)) - New reporters are added after registries were created. Some metrics will be missing from the reporter. Please add reporter before adding any new registry.
2022-03-09 17:22:57,211 [Listener at 127.0.0.1/45999] WARN  impl.MetricRegistriesImpl (MetricRegistriesImpl.java:addReporterRegistration(111)) - New reporters are added after registries were created. Some metrics will be missing from the reporter. Please add reporter before adding any new registry.
2022-03-09 17:22:57,211 [Listener at 127.0.0.1/45999] INFO  impl.MetricsSystemImpl (MetricsSystemImpl.java:init(158)) - HddsDatanode metrics system started (again)
2022-03-09 17:22:57,221 [Datanode State Machine Daemon Thread] INFO  statemachine.DatanodeStateMachine (DatanodeStateMachine.java:lambda$startDaemon$0(470)) - Ozone container server started.
2022-03-09 17:22:57,235 [org.apache.hadoop.util.JvmPauseMonitor$Monitor@61da2c19] INFO  util.JvmPauseMonitor (JvmPauseMonitor.java:run(188)) - Starting JVM pause monitor
2022-03-09 17:22:57,247 [Listener at 127.0.0.1/45999] INFO  ozone.HddsDatanodeService (HddsDatanodeService.java:start(233)) - HddsDatanodeService host:fv-az148-759.bm4ck3pvxvsene1rjriu5fhcdb.bx.internal.cloudapp.net ip:10.1.0.51
2022-03-09 17:22:57,248 [Datanode State Machine Task Thread - 0] INFO  ha.SCMNodeInfo (SCMNodeInfo.java:getPort(197)) - ConfigKey ozone.scm.client.address is deprecated, For configuring different ports for each SCM use PortConfigKey ozone.scm.client.port appended with serviceId and nodeId
2022-03-09 17:22:57,248 [Datanode State Machine Task Thread - 0] INFO  ha.SCMNodeInfo (SCMNodeInfo.java:getPort(197)) - ConfigKey ozone.scm.block.client.address is deprecated, For configuring different ports for each SCM use PortConfigKey ozone.scm.block.client.port appended with serviceId and nodeId
2022-03-09 17:22:57,248 [Datanode State Machine Task Thread - 0] INFO  ha.SCMNodeInfo (SCMNodeInfo.java:getPort(197)) - ConfigKey ozone.scm.datanode.address is deprecated, For configuring different ports for each SCM use PortConfigKey ozone.scm.datanode.port appended with serviceId and nodeId
2022-03-09 17:22:57,248 [Datanode State Machine Task Thread - 0] INFO  ha.SCMNodeInfo (SCMNodeInfo.java:getPort(197)) - ConfigKey ozone.scm.client.address is deprecated, For configuring different ports for each SCM use PortConfigKey ozone.scm.client.port appended with serviceId and nodeId
2022-03-09 17:22:57,248 [Datanode State Machine Task Thread - 0] INFO  ha.SCMNodeInfo (SCMNodeInfo.java:getPort(197)) - ConfigKey ozone.scm.block.client.address is deprecated, For configuring different ports for each SCM use PortConfigKey ozone.scm.block.client.port appended with serviceId and nodeId
2022-03-09 17:22:57,248 [Datanode State Machine Task Thread - 0] INFO  ha.SCMNodeInfo (SCMNodeInfo.java:getPort(197)) - ConfigKey ozone.scm.datanode.address is deprecated, For configuring different ports for each SCM use PortConfigKey ozone.scm.datanode.port appended with serviceId and nodeId
2022-03-09 17:22:57,248 [Datanode State Machine Task Thread - 0] INFO  ha.SCMNodeInfo (SCMNodeInfo.java:getPort(197)) - ConfigKey ozone.scm.client.address is deprecated, For configuring different ports for each SCM use PortConfigKey ozone.scm.client.port appended with serviceId and nodeId
2022-03-09 17:22:57,248 [Datanode State Machine Task Thread - 0] INFO  ha.SCMNodeInfo (SCMNodeInfo.java:getPort(197)) - ConfigKey ozone.scm.block.client.address is deprecated, For configuring different ports for each SCM use PortConfigKey ozone.scm.block.client.port appended with serviceId and nodeId
2022-03-09 17:22:57,248 [Datanode State Machine Task Thread - 0] INFO  ha.SCMNodeInfo (SCMNodeInfo.java:getPort(197)) - ConfigKey ozone.scm.datanode.address is deprecated, For configuring different ports for each SCM use PortConfigKey ozone.scm.datanode.port appended with serviceId and nodeId
2022-03-09 17:22:57,250 [Datanode State Machine Task Thread - 0] INFO  datanode.InitDatanodeState (InitDatanodeState.java:persistContainerDatanodeDetails(138)) - DatanodeDetails is persisted to /home/runner/work/ozone/ozone/hadoop-ozone/integration-test/target/test-dir/MiniOzoneClusterImpl-aa50db73-d356-40d6-b3b5-5343d3a56795/datanode-0/meta/datanode.id
2022-03-09 17:22:57,278 [Listener at 127.0.0.1/45999] INFO  upgrade.AbstractLayoutVersionManager (AbstractLayoutVersionManager.java:init(79)) - Initializing Layout version manager with metadata layout = SCM_HA (version = 2), software layout = SCM_HA (version = 2)
2022-03-09 17:22:57,371 [Listener at 127.0.0.1/45999] INFO  reflections.Reflections (Reflections.java:scan(232)) - Reflections took 92 ms to scan 7 urls, producing 122 keys and 286 values 
2022-03-09 17:22:57,375 [Listener at 127.0.0.1/45999] INFO  ha.SCMNodeInfo (SCMNodeInfo.java:getPort(197)) - ConfigKey ozone.scm.client.address is deprecated, For configuring different ports for each SCM use PortConfigKey ozone.scm.client.port appended with serviceId and nodeId
2022-03-09 17:22:57,383 [Listener at 127.0.0.1/45999] INFO  ha.SCMNodeInfo (SCMNodeInfo.java:getPort(197)) - ConfigKey ozone.scm.block.client.address is deprecated, For configuring different ports for each SCM use PortConfigKey ozone.scm.block.client.port appended with serviceId and nodeId
2022-03-09 17:22:57,383 [Listener at 127.0.0.1/45999] INFO  ha.SCMNodeInfo (SCMNodeInfo.java:getPort(197)) - ConfigKey ozone.scm.datanode.address is deprecated, For configuring different ports for each SCM use PortConfigKey ozone.scm.datanode.port appended with serviceId and nodeId
2022-03-09 17:22:57,383 [Listener at 127.0.0.1/45999] INFO  ha.SCMNodeInfo (SCMNodeInfo.java:getPort(197)) - ConfigKey ozone.scm.client.address is deprecated, For configuring different ports for each SCM use PortConfigKey ozone.scm.client.port appended with serviceId and nodeId
2022-03-09 17:22:57,383 [Listener at 127.0.0.1/45999] INFO  ha.SCMNodeInfo (SCMNodeInfo.java:getPort(197)) - ConfigKey ozone.scm.block.client.address is deprecated, For configuring different ports for each SCM use PortConfigKey ozone.scm.block.client.port appended with serviceId and nodeId
2022-03-09 17:22:57,383 [Listener at 127.0.0.1/45999] INFO  ha.SCMNodeInfo (SCMNodeInfo.java:getPort(197)) - ConfigKey ozone.scm.datanode.address is deprecated, For configuring different ports for each SCM use PortConfigKey ozone.scm.datanode.port appended with serviceId and nodeId
2022-03-09 17:22:57,383 [Listener at 127.0.0.1/45999] INFO  ha.SCMNodeInfo (SCMNodeInfo.java:getPort(197)) - ConfigKey ozone.scm.client.address is deprecated, For configuring different ports for each SCM use PortConfigKey ozone.scm.client.port appended with serviceId and nodeId
2022-03-09 17:22:57,384 [Listener at 127.0.0.1/45999] INFO  ha.SCMNodeInfo (SCMNodeInfo.java:getPort(197)) - ConfigKey ozone.scm.block.client.address is deprecated, For configuring different ports for each SCM use PortConfigKey ozone.scm.block.client.port appended with serviceId and nodeId
2022-03-09 17:22:57,384 [Listener at 127.0.0.1/45999] INFO  ha.SCMNodeInfo (SCMNodeInfo.java:getPort(197)) - ConfigKey ozone.scm.datanode.address is deprecated, For configuring different ports for each SCM use PortConfigKey ozone.scm.datanode.port appended with serviceId and nodeId
2022-03-09 17:22:57,384 [Listener at 127.0.0.1/45999] INFO  statemachine.DatanodeStateMachine (DatanodeStateMachine.java:getEndPointTaskThreadPoolSize(222)) - Datanode State Machine Task Thread Pool size 4
2022-03-09 17:22:57,396 [Listener at 127.0.0.1/45999] INFO  volume.HddsVolume (HddsVolume.java:<init>(120)) - Creating HddsVolume: /home/runner/work/ozone/ozone/hadoop-ozone/integration-test/target/test-dir/MiniOzoneClusterImpl-aa50db73-d356-40d6-b3b5-5343d3a56795/datanode-1/data-0/containers/hdds of storage type : DISK capacity : 9223372036854775807
2022-03-09 17:22:57,396 [Listener at 127.0.0.1/45999] INFO  volume.MutableVolumeSet (MutableVolumeSet.java:initializeVolumeSet(168)) - Added Volume : /home/runner/work/ozone/ozone/hadoop-ozone/integration-test/target/test-dir/MiniOzoneClusterImpl-aa50db73-d356-40d6-b3b5-5343d3a56795/datanode-1/data-0/containers/hdds to VolumeSet
2022-03-09 17:22:57,396 [Listener at 127.0.0.1/45999] INFO  volume.ThrottledAsyncChecker (ThrottledAsyncChecker.java:schedule(141)) - Scheduling a check for /home/runner/work/ozone/ozone/hadoop-ozone/integration-test/target/test-dir/MiniOzoneClusterImpl-aa50db73-d356-40d6-b3b5-5343d3a56795/datanode-1/data-0/containers/hdds
2022-03-09 17:22:57,412 [Listener at 127.0.0.1/45999] INFO  volume.StorageVolumeChecker (StorageVolumeChecker.java:checkAllVolumes(202)) - Scheduled health check for volume /home/runner/work/ozone/ozone/hadoop-ozone/integration-test/target/test-dir/MiniOzoneClusterImpl-aa50db73-d356-40d6-b3b5-5343d3a56795/datanode-1/data-0/containers/hdds
2022-03-09 17:22:57,430 [Listener at 127.0.0.1/45999] INFO  volume.MutableVolumeSet (MutableVolumeSet.java:initializeVolumeSet(168)) - Added Volume : /home/runner/work/ozone/ozone/hadoop-ozone/integration-test/target/test-dir/MiniOzoneClusterImpl-aa50db73-d356-40d6-b3b5-5343d3a56795/datanode-1/data/ratis to VolumeSet
2022-03-09 17:22:57,434 [Listener at 127.0.0.1/45999] INFO  volume.ThrottledAsyncChecker (ThrottledAsyncChecker.java:schedule(141)) - Scheduling a check for /home/runner/work/ozone/ozone/hadoop-ozone/integration-test/target/test-dir/MiniOzoneClusterImpl-aa50db73-d356-40d6-b3b5-5343d3a56795/datanode-1/data/ratis
2022-03-09 17:22:57,434 [Listener at 127.0.0.1/45999] INFO  volume.StorageVolumeChecker (StorageVolumeChecker.java:checkAllVolumes(202)) - Scheduled health check for volume /home/runner/work/ozone/ozone/hadoop-ozone/integration-test/target/test-dir/MiniOzoneClusterImpl-aa50db73-d356-40d6-b3b5-5343d3a56795/datanode-1/data/ratis
2022-03-09 17:22:57,445 [EndpointStateMachine task thread for /127.0.0.1:40365 - 0 ] INFO  ipc.Client (Client.java:handleConnectionFailure(977)) - Retrying connect to server: localhost/127.0.0.1:40365. Already tried 10 time(s); retry policy is RetryUpToMaximumCountWithFixedSleep(maxRetries=15, sleepTime=1000 MILLISECONDS)
2022-03-09 17:22:57,460 [EndpointStateMachine task thread for /127.0.0.1:38239 - 0 ] INFO  ipc.Client (Client.java:handleConnectionFailure(977)) - Retrying connect to server: localhost/127.0.0.1:38239. Already tried 10 time(s); retry policy is RetryUpToMaximumCountWithFixedSleep(maxRetries=15, sleepTime=1000 MILLISECONDS)
2022-03-09 17:22:57,461 [Thread-1444] INFO  ozoneimpl.ContainerReader (ContainerReader.java:readVolume(172)) - Finish verifying containers on volume /home/runner/work/ozone/ozone/hadoop-ozone/integration-test/target/test-dir/MiniOzoneClusterImpl-aa50db73-d356-40d6-b3b5-5343d3a56795/datanode-1/data-0/containers/hdds
2022-03-09 17:22:57,461 [Listener at 127.0.0.1/45999] INFO  ozoneimpl.OzoneContainer (OzoneContainer.java:buildContainerSet(257)) - Build ContainerSet costs 0s
2022-03-09 17:22:57,463 [Listener at 127.0.0.1/45999] INFO  server.RaftServer (ConfUtils.java:logGet(44)) - raft.rpc.type = GRPC (default)
2022-03-09 17:22:57,464 [Listener at 127.0.0.1/45999] INFO  grpc.GrpcFactory (GrpcFactory.java:checkPooledByteBufAllocatorUseCacheForAllThreads(48)) - PERFORMANCE WARNING: useCacheForAllThreads is true that may cause Netty to create a lot garbage objects and, as a result, trigger GC.
	It is recommended to disable useCacheForAllThreads by setting -Dorg.apache.ratis.thirdparty.io.netty.allocator.useCacheForAllThreads=false in command line.
2022-03-09 17:22:57,464 [Listener at 127.0.0.1/45999] INFO  grpc.GrpcConfigKeys (ConfUtils.java:logGet(44)) - raft.grpc.admin.port = 0 (custom)
2022-03-09 17:22:57,464 [Listener at 127.0.0.1/45999] INFO  grpc.GrpcConfigKeys (ConfUtils.java:logGet(44)) - raft.grpc.client.port = 0 (custom)
2022-03-09 17:22:57,464 [Listener at 127.0.0.1/45999] INFO  grpc.GrpcConfigKeys (ConfUtils.java:logGet(44)) - raft.grpc.server.port = 0 (default)
2022-03-09 17:22:57,464 [Listener at 127.0.0.1/45999] INFO  server.GrpcService (ConfUtils.java:logGet(44)) - raft.grpc.message.size.max = 32MB (=33554432) (custom)
2022-03-09 17:22:57,464 [Listener at 127.0.0.1/45999] INFO  server.RaftServerConfigKeys (ConfUtils.java:logGet(44)) - raft.server.log.appender.buffer.byte-limit = 33554432 (custom)
2022-03-09 17:22:57,465 [Listener at 127.0.0.1/45999] INFO  server.GrpcService (ConfUtils.java:logGet(44)) - raft.grpc.flow.control.window = 5MB (=5242880) (custom)
2022-03-09 17:22:57,465 [Listener at 127.0.0.1/45999] INFO  server.RaftServerConfigKeys (ConfUtils.java:logGet(44)) - raft.server.rpc.request.timeout = 60s (custom)
2022-03-09 17:22:57,466 [Listener at 127.0.0.1/45999] INFO  impl.DataStreamServerImpl (ConfUtils.java:logGet(44)) - raft.datastream.type = DISABLED (default)
2022-03-09 17:22:57,467 [Listener at 127.0.0.1/45999] INFO  server.RaftServerConfigKeys (ConfUtils.java:logGet(44)) - raft.server.rpc.slowness.timeout = 300s (custom)
2022-03-09 17:22:57,467 [Listener at 127.0.0.1/45999] INFO  server.RaftServerConfigKeys (ConfUtils.java:logGet(44)) - raft.server.leaderelection.leader.step-down.wait-time = 10s (default)
2022-03-09 17:22:57,467 [Listener at 127.0.0.1/45999] INFO  server.RaftServerConfigKeys (ConfUtils.java:logGet(44)) - raft.server.storage.dir = [/home/runner/work/ozone/ozone/hadoop-ozone/integration-test/target/test-dir/MiniOzoneClusterImpl-aa50db73-d356-40d6-b3b5-5343d3a56795/datanode-1/data/ratis] (custom)
2022-03-09 17:22:57,468 [Listener at 127.0.0.1/45999] INFO  server.XceiverServerGrpc (XceiverServerGrpc.java:<init>(132)) - GrpcServer channel type EpollServerSocketChannel
2022-03-09 17:22:57,476 [Listener at 127.0.0.1/45999] INFO  http.BaseHttpServer (BaseHttpServer.java:newHttpServer2BuilderForOzone(209)) - Starting Web-server for hddsDatanode at: http://0.0.0.0:0
2022-03-09 17:22:57,476 [Listener at 127.0.0.1/45999] INFO  http.BaseHttpServer (BaseHttpServer.java:<init>(107)) - Hadoop Security Enabled: false Ozone Security Enabled: false Ozone HTTP Security Enabled: false 
2022-03-09 17:22:57,478 [Listener at 127.0.0.1/45999] INFO  server.AuthenticationFilter (AuthenticationFilter.java:constructSecretProvider(240)) - Unable to initialize FileSignerSecretProvider, falling back to use random secrets.
2022-03-09 17:22:57,484 [Listener at 127.0.0.1/45999] WARN  http.HttpRequestLog (HttpRequestLog.java:getRequestLog(103)) - Jetty request log can only be enabled using Log4j
2022-03-09 17:22:57,485 [Listener at 127.0.0.1/45999] INFO  http.HttpServer2 (HttpServer2.java:addGlobalFilter(1030)) - Added global filter 'safety' (class=org.apache.hadoop.hdds.server.http.HttpServer2$QuotingInputFilter)
2022-03-09 17:22:57,485 [Listener at 127.0.0.1/45999] INFO  http.HttpServer2 (HttpServer2.java:addFilter(1006)) - Added filter static_user_filter (class=org.apache.hadoop.http.lib.StaticUserWebFilter$StaticUserFilter) to context hddsDatanode
2022-03-09 17:22:57,485 [Listener at 127.0.0.1/45999] INFO  http.HttpServer2 (HttpServer2.java:addFilter(1014)) - Added filter static_user_filter (class=org.apache.hadoop.http.lib.StaticUserWebFilter$StaticUserFilter) to context static
2022-03-09 17:22:57,485 [Listener at 127.0.0.1/45999] INFO  http.HttpServer2 (HttpServer2.java:addFilter(1014)) - Added filter static_user_filter (class=org.apache.hadoop.http.lib.StaticUserWebFilter$StaticUserFilter) to context logs
2022-03-09 17:22:57,486 [EndpointStateMachine task thread for /127.0.0.1:45657 - 0 ] INFO  ipc.Client (Client.java:handleConnectionFailure(977)) - Retrying connect to server: localhost/127.0.0.1:45657. Already tried 10 time(s); retry policy is RetryUpToMaximumCountWithFixedSleep(maxRetries=15, sleepTime=1000 MILLISECONDS)
2022-03-09 17:22:57,486 [Listener at 127.0.0.1/45999] INFO  http.HttpServer2 (HttpServer2.java:bindListener(1249)) - Jetty bound to port 44873
2022-03-09 17:22:57,486 [Listener at 127.0.0.1/45999] INFO  server.Server (Server.java:doStart(375)) - jetty-9.4.43.v20210629; built: 2021-06-30T11:07:22.254Z; git: 526006ecfa3af7f1a27ef3a288e2bef7ea9dd7e8; jvm 1.8.0_322-b06
2022-03-09 17:22:57,528 [Listener at 127.0.0.1/45999] INFO  server.session (DefaultSessionIdManager.java:doStart(334)) - DefaultSessionIdManager workerName=node0
2022-03-09 17:22:57,528 [Listener at 127.0.0.1/45999] INFO  server.session (DefaultSessionIdManager.java:doStart(339)) - No SessionScavenger set, using defaults
2022-03-09 17:22:57,529 [Listener at 127.0.0.1/45999] INFO  server.session (HouseKeeper.java:startScavenging(132)) - node0 Scavenging every 600000ms
2022-03-09 17:22:57,535 [Listener at 127.0.0.1/45999] INFO  handler.ContextHandler (ContextHandler.java:doStart(915)) - Started o.e.j.s.ServletContextHandler@3d2a2117{logs,/logs,file:///home/runner/work/ozone/ozone/hadoop-ozone/integration-test/target/log,AVAILABLE}
2022-03-09 17:22:57,536 [Listener at 127.0.0.1/45999] INFO  handler.ContextHandler (ContextHandler.java:doStart(915)) - Started o.e.j.s.ServletContextHandler@7f60c79a{static,/static,jar:file:/home/runner/.m2/repository/org/apache/ozone/hdds-container-service/1.3.0-SNAPSHOT/hdds-container-service-1.3.0-SNAPSHOT.jar!/webapps/static,AVAILABLE}
2022-03-09 17:22:57,591 [Listener at 127.0.0.1/45999] INFO  handler.ContextHandler (ContextHandler.java:doStart(915)) - Started o.e.j.w.WebAppContext@7238fdd6{hddsDatanode,/,file:///tmp/jetty-0_0_0_0-44873-hdds-container-service-1_3_0-SNAPSHOT_jar-_-any-1739075275486057860/webapp/,AVAILABLE}{jar:file:/home/runner/.m2/repository/org/apache/ozone/hdds-container-service/1.3.0-SNAPSHOT/hdds-container-service-1.3.0-SNAPSHOT.jar!/webapps/hddsDatanode}
2022-03-09 17:22:57,595 [Listener at 127.0.0.1/45999] INFO  server.AbstractConnector (AbstractConnector.java:doStart(331)) - Started ServerConnector@3ad3a3ef{HTTP/1.1, (http/1.1)}{0.0.0.0:44873}
2022-03-09 17:22:57,595 [Listener at 127.0.0.1/45999] INFO  server.Server (Server.java:doStart(415)) - Started @90596ms
2022-03-09 17:22:57,595 [Listener at 127.0.0.1/45999] WARN  impl.MetricsSystemImpl (MetricsSystemImpl.java:register(279)) - Sink prometheus already exists!
2022-03-09 17:22:57,596 [Listener at 127.0.0.1/45999] INFO  http.BaseHttpServer (BaseHttpServer.java:updateConnectorAddress(329)) - HTTP server of hddsDatanode listening at http://0.0.0.0:44873
2022-03-09 17:22:57,603 [Listener at 127.0.0.1/45999] WARN  impl.MetricRegistriesImpl (MetricRegistriesImpl.java:addReporterRegistration(111)) - New reporters are added after registries were created. Some metrics will be missing from the reporter. Please add reporter before adding any new registry.
2022-03-09 17:22:57,603 [Listener at 127.0.0.1/45999] WARN  impl.MetricRegistriesImpl (MetricRegistriesImpl.java:addReporterRegistration(111)) - New reporters are added after registries were created. Some metrics will be missing from the reporter. Please add reporter before adding any new registry.
2022-03-09 17:22:57,603 [Listener at 127.0.0.1/45999] INFO  impl.MetricsSystemImpl (MetricsSystemImpl.java:init(158)) - HddsDatanode metrics system started (again)
2022-03-09 17:22:57,609 [Datanode State Machine Daemon Thread] INFO  statemachine.DatanodeStateMachine (DatanodeStateMachine.java:lambda$startDaemon$0(470)) - Ozone container server started.
2022-03-09 17:22:57,641 [org.apache.hadoop.util.JvmPauseMonitor$Monitor@6f0b4fd9] INFO  util.JvmPauseMonitor (JvmPauseMonitor.java:run(188)) - Starting JVM pause monitor
2022-03-09 17:22:57,651 [Listener at 127.0.0.1/45999] INFO  ozone.HddsDatanodeService (HddsDatanodeService.java:start(233)) - HddsDatanodeService host:fv-az148-759.bm4ck3pvxvsene1rjriu5fhcdb.bx.internal.cloudapp.net ip:10.1.0.51
2022-03-09 17:22:57,652 [Datanode State Machine Task Thread - 0] INFO  ha.SCMNodeInfo (SCMNodeInfo.java:getPort(197)) - ConfigKey ozone.scm.client.address is deprecated, For configuring different ports for each SCM use PortConfigKey ozone.scm.client.port appended with serviceId and nodeId
2022-03-09 17:22:57,652 [Datanode State Machine Task Thread - 0] INFO  ha.SCMNodeInfo (SCMNodeInfo.java:getPort(197)) - ConfigKey ozone.scm.block.client.address is deprecated, For configuring different ports for each SCM use PortConfigKey ozone.scm.block.client.port appended with serviceId and nodeId
2022-03-09 17:22:57,652 [Datanode State Machine Task Thread - 0] INFO  ha.SCMNodeInfo (SCMNodeInfo.java:getPort(197)) - ConfigKey ozone.scm.datanode.address is deprecated, For configuring different ports for each SCM use PortConfigKey ozone.scm.datanode.port appended with serviceId and nodeId
2022-03-09 17:22:57,653 [Datanode State Machine Task Thread - 0] INFO  ha.SCMNodeInfo (SCMNodeInfo.java:getPort(197)) - ConfigKey ozone.scm.client.address is deprecated, For configuring different ports for each SCM use PortConfigKey ozone.scm.client.port appended with serviceId and nodeId
2022-03-09 17:22:57,653 [Datanode State Machine Task Thread - 0] INFO  ha.SCMNodeInfo (SCMNodeInfo.java:getPort(197)) - ConfigKey ozone.scm.block.client.address is deprecated, For configuring different ports for each SCM use PortConfigKey ozone.scm.block.client.port appended with serviceId and nodeId
2022-03-09 17:22:57,653 [Datanode State Machine Task Thread - 0] INFO  ha.SCMNodeInfo (SCMNodeInfo.java:getPort(197)) - ConfigKey ozone.scm.datanode.address is deprecated, For configuring different ports for each SCM use PortConfigKey ozone.scm.datanode.port appended with serviceId and nodeId
2022-03-09 17:22:57,653 [Datanode State Machine Task Thread - 0] INFO  ha.SCMNodeInfo (SCMNodeInfo.java:getPort(197)) - ConfigKey ozone.scm.client.address is deprecated, For configuring different ports for each SCM use PortConfigKey ozone.scm.client.port appended with serviceId and nodeId
2022-03-09 17:22:57,653 [Datanode State Machine Task Thread - 0] INFO  ha.SCMNodeInfo (SCMNodeInfo.java:getPort(197)) - ConfigKey ozone.scm.block.client.address is deprecated, For configuring different ports for each SCM use PortConfigKey ozone.scm.block.client.port appended with serviceId and nodeId
2022-03-09 17:22:57,653 [Datanode State Machine Task Thread - 0] INFO  ha.SCMNodeInfo (SCMNodeInfo.java:getPort(197)) - ConfigKey ozone.scm.datanode.address is deprecated, For configuring different ports for each SCM use PortConfigKey ozone.scm.datanode.port appended with serviceId and nodeId
2022-03-09 17:22:57,659 [Datanode State Machine Task Thread - 0] INFO  datanode.InitDatanodeState (InitDatanodeState.java:persistContainerDatanodeDetails(138)) - DatanodeDetails is persisted to /home/runner/work/ozone/ozone/hadoop-ozone/integration-test/target/test-dir/MiniOzoneClusterImpl-aa50db73-d356-40d6-b3b5-5343d3a56795/datanode-1/meta/datanode.id
2022-03-09 17:22:57,681 [Listener at 127.0.0.1/45999] INFO  upgrade.AbstractLayoutVersionManager (AbstractLayoutVersionManager.java:init(79)) - Initializing Layout version manager with metadata layout = SCM_HA (version = 2), software layout = SCM_HA (version = 2)
2022-03-09 17:22:57,775 [omNode-1@group-523986131536-FollowerState] INFO  impl.FollowerState (FollowerState.java:run(134)) - omNode-1@group-523986131536-FollowerState: change to CANDIDATE, lastRpcElapsedTime:1034109608ns, electionTimeout:1033ms
2022-03-09 17:22:57,776 [omNode-1@group-523986131536-FollowerState] INFO  impl.RoleInfo (RoleInfo.java:shutdownFollowerState(108)) - omNode-1: shutdown omNode-1@group-523986131536-FollowerState
2022-03-09 17:22:57,776 [omNode-1@group-523986131536-FollowerState] INFO  server.RaftServer$Division (RaftServerImpl.java:setRole(290)) - omNode-1@group-523986131536: changes role from  FOLLOWER to CANDIDATE at term 0 for changeToCandidate
2022-03-09 17:22:57,776 [omNode-1@group-523986131536-FollowerState] INFO  server.RaftServerConfigKeys (ConfUtils.java:logGet(44)) - raft.server.leaderelection.pre-vote = false (custom)
2022-03-09 17:22:57,776 [omNode-1@group-523986131536-FollowerState] INFO  impl.RoleInfo (RoleInfo.java:updateAndGet(130)) - omNode-1: start omNode-1@group-523986131536-LeaderElection14
2022-03-09 17:22:57,782 [Listener at 127.0.0.1/45999] INFO  reflections.Reflections (Reflections.java:scan(232)) - Reflections took 100 ms to scan 7 urls, producing 122 keys and 286 values 
2022-03-09 17:22:57,793 [Listener at 127.0.0.1/45999] INFO  ha.SCMNodeInfo (SCMNodeInfo.java:getPort(197)) - ConfigKey ozone.scm.client.address is deprecated, For configuring different ports for each SCM use PortConfigKey ozone.scm.client.port appended with serviceId and nodeId
2022-03-09 17:22:57,793 [Listener at 127.0.0.1/45999] INFO  ha.SCMNodeInfo (SCMNodeInfo.java:getPort(197)) - ConfigKey ozone.scm.block.client.address is deprecated, For configuring different ports for each SCM use PortConfigKey ozone.scm.block.client.port appended with serviceId and nodeId
2022-03-09 17:22:57,793 [Listener at 127.0.0.1/45999] INFO  ha.SCMNodeInfo (SCMNodeInfo.java:getPort(197)) - ConfigKey ozone.scm.datanode.address is deprecated, For configuring different ports for each SCM use PortConfigKey ozone.scm.datanode.port appended with serviceId and nodeId
2022-03-09 17:22:57,793 [Listener at 127.0.0.1/45999] INFO  ha.SCMNodeInfo (SCMNodeInfo.java:getPort(197)) - ConfigKey ozone.scm.client.address is deprecated, For configuring different ports for each SCM use PortConfigKey ozone.scm.client.port appended with serviceId and nodeId
2022-03-09 17:22:57,793 [Listener at 127.0.0.1/45999] INFO  ha.SCMNodeInfo (SCMNodeInfo.java:getPort(197)) - ConfigKey ozone.scm.block.client.address is deprecated, For configuring different ports for each SCM use PortConfigKey ozone.scm.block.client.port appended with serviceId and nodeId
2022-03-09 17:22:57,793 [Listener at 127.0.0.1/45999] INFO  ha.SCMNodeInfo (SCMNodeInfo.java:getPort(197)) - ConfigKey ozone.scm.datanode.address is deprecated, For configuring different ports for each SCM use PortConfigKey ozone.scm.datanode.port appended with serviceId and nodeId
2022-03-09 17:22:57,793 [Listener at 127.0.0.1/45999] INFO  ha.SCMNodeInfo (SCMNodeInfo.java:getPort(197)) - ConfigKey ozone.scm.client.address is deprecated, For configuring different ports for each SCM use PortConfigKey ozone.scm.client.port appended with serviceId and nodeId
2022-03-09 17:22:57,793 [Listener at 127.0.0.1/45999] INFO  ha.SCMNodeInfo (SCMNodeInfo.java:getPort(197)) - ConfigKey ozone.scm.block.client.address is deprecated, For configuring different ports for each SCM use PortConfigKey ozone.scm.block.client.port appended with serviceId and nodeId
2022-03-09 17:22:57,793 [Listener at 127.0.0.1/45999] INFO  ha.SCMNodeInfo (SCMNodeInfo.java:getPort(197)) - ConfigKey ozone.scm.datanode.address is deprecated, For configuring different ports for each SCM use PortConfigKey ozone.scm.datanode.port appended with serviceId and nodeId
2022-03-09 17:22:57,793 [Listener at 127.0.0.1/45999] INFO  statemachine.DatanodeStateMachine (DatanodeStateMachine.java:getEndPointTaskThreadPoolSize(222)) - Datanode State Machine Task Thread Pool size 4
2022-03-09 17:22:57,799 [Listener at 127.0.0.1/45999] INFO  volume.HddsVolume (HddsVolume.java:<init>(120)) - Creating HddsVolume: /home/runner/work/ozone/ozone/hadoop-ozone/integration-test/target/test-dir/MiniOzoneClusterImpl-aa50db73-d356-40d6-b3b5-5343d3a56795/datanode-2/data-0/containers/hdds of storage type : DISK capacity : 9223372036854775807
2022-03-09 17:22:57,800 [Listener at 127.0.0.1/45999] INFO  volume.MutableVolumeSet (MutableVolumeSet.java:initializeVolumeSet(168)) - Added Volume : /home/runner/work/ozone/ozone/hadoop-ozone/integration-test/target/test-dir/MiniOzoneClusterImpl-aa50db73-d356-40d6-b3b5-5343d3a56795/datanode-2/data-0/containers/hdds to VolumeSet
2022-03-09 17:22:57,800 [Listener at 127.0.0.1/45999] INFO  volume.ThrottledAsyncChecker (ThrottledAsyncChecker.java:schedule(141)) - Scheduling a check for /home/runner/work/ozone/ozone/hadoop-ozone/integration-test/target/test-dir/MiniOzoneClusterImpl-aa50db73-d356-40d6-b3b5-5343d3a56795/datanode-2/data-0/containers/hdds
2022-03-09 17:22:57,806 [Listener at 127.0.0.1/45999] INFO  volume.StorageVolumeChecker (StorageVolumeChecker.java:checkAllVolumes(202)) - Scheduled health check for volume /home/runner/work/ozone/ozone/hadoop-ozone/integration-test/target/test-dir/MiniOzoneClusterImpl-aa50db73-d356-40d6-b3b5-5343d3a56795/datanode-2/data-0/containers/hdds
2022-03-09 17:22:57,814 [omNode-1@group-523986131536-LeaderElection14] INFO  impl.LeaderElection (LeaderElection.java:askForVotes(306)) - omNode-1@group-523986131536-LeaderElection14 ELECTION round 0: submit vote requests at term 1 for -1: [omNode-1|rpc:localhost:36545|priority:0], old=null
2022-03-09 17:22:57,814 [omNode-1@group-523986131536-LeaderElection14] INFO  impl.LeaderElection (LeaderElection.java:askForVotes(308)) - omNode-1@group-523986131536-LeaderElection14 ELECTION round 0: result PASSED (term=1)
2022-03-09 17:22:57,814 [omNode-1@group-523986131536-LeaderElection14] INFO  impl.RoleInfo (RoleInfo.java:shutdownLeaderElection(121)) - omNode-1: shutdown omNode-1@group-523986131536-LeaderElection14
2022-03-09 17:22:57,815 [omNode-1@group-523986131536-LeaderElection14] INFO  server.RaftServer$Division (RaftServerImpl.java:setRole(290)) - omNode-1@group-523986131536: changes role from CANDIDATE to LEADER at term 1 for changeToLeader
2022-03-09 17:22:57,815 [omNode-1@group-523986131536-LeaderElection14] INFO  server.RaftServer$Division (ServerState.java:setLeader(285)) - omNode-1@group-523986131536: change Leader from null to omNode-1 at term 1 for becomeLeader, leader elected after 1129ms
2022-03-09 17:22:57,815 [omNode-1@group-523986131536-LeaderElection14] INFO  server.RaftServerConfigKeys (ConfUtils.java:logGet(44)) - raft.server.staging.catchup.gap = 1000 (default)
2022-03-09 17:22:57,815 [omNode-1@group-523986131536-LeaderElection14] INFO  server.RaftServerConfigKeys (ConfUtils.java:logGet(44)) - raft.server.write.element-limit = 4096 (default)
2022-03-09 17:22:57,815 [omNode-1@group-523986131536-LeaderElection14] INFO  server.RaftServerConfigKeys (ConfUtils.java:logGet(44)) - raft.server.write.byte-limit = 64MB (=67108864) (default)
2022-03-09 17:22:57,816 [omNode-1@group-523986131536-LeaderElection14] INFO  server.RaftServerConfigKeys (ConfUtils.java:logGet(44)) - raft.server.watch.timeout = 10s (default)
2022-03-09 17:22:57,816 [omNode-1@group-523986131536-LeaderElection14] INFO  server.RaftServerConfigKeys (ConfUtils.java:logGet(44)) - raft.server.watch.timeout.denomination = 1s (default)
2022-03-09 17:22:57,816 [omNode-1@group-523986131536-LeaderElection14] INFO  server.RaftServerConfigKeys (ConfUtils.java:logGet(44)) - raft.server.watch.element-limit = 65536 (default)
2022-03-09 17:22:57,816 [omNode-1@group-523986131536-LeaderElection14] INFO  server.RaftServerConfigKeys (ConfUtils.java:logGet(44)) - raft.server.write.element-limit = 4096 (default)
2022-03-09 17:22:57,816 [omNode-1@group-523986131536-LeaderElection14] INFO  server.RaftServerConfigKeys (ConfUtils.java:logGet(44)) - raft.server.write.follower.gap.ratio.max = -1.0 (default)
2022-03-09 17:22:57,816 [omNode-1@group-523986131536-LeaderElection14] INFO  impl.RoleInfo (RoleInfo.java:updateAndGet(130)) - omNode-1: start omNode-1@group-523986131536-LeaderStateImpl
2022-03-09 17:22:57,816 [omNode-1@group-523986131536-LeaderElection14] INFO  segmented.SegmentedRaftLogWorker (SegmentedRaftLogWorker.java:startLogSegment(394)) - omNode-1@group-523986131536-SegmentedRaftLogWorker: Starting segment from index:0
2022-03-09 17:22:57,836 [omNode-1@group-523986131536-LeaderElection14] INFO  server.RaftServer$Division (ServerState.java:setRaftConf(387)) - omNode-1@group-523986131536: set configuration 0: [omNode-1|rpc:localhost:36545|admin:|client:|dataStream:|priority:0], old=null
2022-03-09 17:22:57,839 [omNode-1@group-523986131536-SegmentedRaftLogWorker] INFO  segmented.SegmentedRaftLogWorker (SegmentedRaftLogWorker.java:execute(601)) - omNode-1@group-523986131536-SegmentedRaftLogWorker: created new log segment /home/runner/work/ozone/ozone/hadoop-ozone/integration-test/target/test-dir/MiniOzoneClusterImpl-aa50db73-d356-40d6-b3b5-5343d3a56795/omNode-1/ratis/c9bc4cf4-3bc3-3c60-a66b-523986131536/current/log_inprogress_0
2022-03-09 17:22:57,843 [omNode-1@group-523986131536-StateMachineUpdater] INFO  ratis.OzoneManagerStateMachine (OzoneManagerStateMachine.java:notifyConfigurationChanged(188)) - Received Configuration change notification from Ratis. New Peer list:
[id: "omNode-1"
address: "localhost:36545"
]
2022-03-09 17:22:57,847 [Listener at 127.0.0.1/45999] INFO  volume.MutableVolumeSet (MutableVolumeSet.java:initializeVolumeSet(168)) - Added Volume : /home/runner/work/ozone/ozone/hadoop-ozone/integration-test/target/test-dir/MiniOzoneClusterImpl-aa50db73-d356-40d6-b3b5-5343d3a56795/datanode-2/data/ratis to VolumeSet
2022-03-09 17:22:57,848 [Listener at 127.0.0.1/45999] INFO  volume.ThrottledAsyncChecker (ThrottledAsyncChecker.java:schedule(141)) - Scheduling a check for /home/runner/work/ozone/ozone/hadoop-ozone/integration-test/target/test-dir/MiniOzoneClusterImpl-aa50db73-d356-40d6-b3b5-5343d3a56795/datanode-2/data/ratis
2022-03-09 17:22:57,852 [Listener at 127.0.0.1/45999] INFO  volume.StorageVolumeChecker (StorageVolumeChecker.java:checkAllVolumes(202)) - Scheduled health check for volume /home/runner/work/ozone/ozone/hadoop-ozone/integration-test/target/test-dir/MiniOzoneClusterImpl-aa50db73-d356-40d6-b3b5-5343d3a56795/datanode-2/data/ratis
2022-03-09 17:22:57,883 [Thread-1458] INFO  ozoneimpl.ContainerReader (ContainerReader.java:readVolume(172)) - Finish verifying containers on volume /home/runner/work/ozone/ozone/hadoop-ozone/integration-test/target/test-dir/MiniOzoneClusterImpl-aa50db73-d356-40d6-b3b5-5343d3a56795/datanode-2/data-0/containers/hdds
2022-03-09 17:22:57,883 [Listener at 127.0.0.1/45999] INFO  ozoneimpl.OzoneContainer (OzoneContainer.java:buildContainerSet(257)) - Build ContainerSet costs 0s
2022-03-09 17:22:57,885 [Listener at 127.0.0.1/45999] INFO  server.RaftServer (ConfUtils.java:logGet(44)) - raft.rpc.type = GRPC (default)
2022-03-09 17:22:57,886 [Listener at 127.0.0.1/45999] INFO  grpc.GrpcFactory (GrpcFactory.java:checkPooledByteBufAllocatorUseCacheForAllThreads(48)) - PERFORMANCE WARNING: useCacheForAllThreads is true that may cause Netty to create a lot garbage objects and, as a result, trigger GC.
	It is recommended to disable useCacheForAllThreads by setting -Dorg.apache.ratis.thirdparty.io.netty.allocator.useCacheForAllThreads=false in command line.
2022-03-09 17:22:57,886 [Listener at 127.0.0.1/45999] INFO  grpc.GrpcConfigKeys (ConfUtils.java:logGet(44)) - raft.grpc.admin.port = 0 (custom)
2022-03-09 17:22:57,886 [Listener at 127.0.0.1/45999] INFO  grpc.GrpcConfigKeys (ConfUtils.java:logGet(44)) - raft.grpc.client.port = 0 (custom)
2022-03-09 17:22:57,886 [Listener at 127.0.0.1/45999] INFO  grpc.GrpcConfigKeys (ConfUtils.java:logGet(44)) - raft.grpc.server.port = 0 (default)
2022-03-09 17:22:57,886 [Listener at 127.0.0.1/45999] INFO  server.GrpcService (ConfUtils.java:logGet(44)) - raft.grpc.message.size.max = 32MB (=33554432) (custom)
2022-03-09 17:22:57,886 [Listener at 127.0.0.1/45999] INFO  server.RaftServerConfigKeys (ConfUtils.java:logGet(44)) - raft.server.log.appender.buffer.byte-limit = 33554432 (custom)
2022-03-09 17:22:57,886 [Listener at 127.0.0.1/45999] INFO  server.GrpcService (ConfUtils.java:logGet(44)) - raft.grpc.flow.control.window = 5MB (=5242880) (custom)
2022-03-09 17:22:57,887 [Listener at 127.0.0.1/45999] INFO  server.RaftServerConfigKeys (ConfUtils.java:logGet(44)) - raft.server.rpc.request.timeout = 60s (custom)
2022-03-09 17:22:57,889 [Listener at 127.0.0.1/45999] INFO  impl.DataStreamServerImpl (ConfUtils.java:logGet(44)) - raft.datastream.type = DISABLED (default)
2022-03-09 17:22:57,889 [Listener at 127.0.0.1/45999] INFO  server.RaftServerConfigKeys (ConfUtils.java:logGet(44)) - raft.server.rpc.slowness.timeout = 300s (custom)
2022-03-09 17:22:57,890 [Listener at 127.0.0.1/45999] INFO  server.RaftServerConfigKeys (ConfUtils.java:logGet(44)) - raft.server.leaderelection.leader.step-down.wait-time = 10s (default)
2022-03-09 17:22:57,890 [Listener at 127.0.0.1/45999] INFO  server.RaftServerConfigKeys (ConfUtils.java:logGet(44)) - raft.server.storage.dir = [/home/runner/work/ozone/ozone/hadoop-ozone/integration-test/target/test-dir/MiniOzoneClusterImpl-aa50db73-d356-40d6-b3b5-5343d3a56795/datanode-2/data/ratis] (custom)
2022-03-09 17:22:57,891 [Listener at 127.0.0.1/45999] INFO  server.XceiverServerGrpc (XceiverServerGrpc.java:<init>(132)) - GrpcServer channel type EpollServerSocketChannel
2022-03-09 17:22:57,900 [Listener at 127.0.0.1/45999] INFO  http.BaseHttpServer (BaseHttpServer.java:newHttpServer2BuilderForOzone(209)) - Starting Web-server for hddsDatanode at: http://0.0.0.0:0
2022-03-09 17:22:57,900 [Listener at 127.0.0.1/45999] INFO  http.BaseHttpServer (BaseHttpServer.java:<init>(107)) - Hadoop Security Enabled: false Ozone Security Enabled: false Ozone HTTP Security Enabled: false 
2022-03-09 17:22:57,901 [Listener at 127.0.0.1/45999] INFO  server.AuthenticationFilter (AuthenticationFilter.java:constructSecretProvider(240)) - Unable to initialize FileSignerSecretProvider, falling back to use random secrets.
2022-03-09 17:22:57,907 [Listener at 127.0.0.1/45999] WARN  http.HttpRequestLog (HttpRequestLog.java:getRequestLog(103)) - Jetty request log can only be enabled using Log4j
2022-03-09 17:22:57,908 [Listener at 127.0.0.1/45999] INFO  http.HttpServer2 (HttpServer2.java:addGlobalFilter(1030)) - Added global filter 'safety' (class=org.apache.hadoop.hdds.server.http.HttpServer2$QuotingInputFilter)
2022-03-09 17:22:57,908 [Listener at 127.0.0.1/45999] INFO  http.HttpServer2 (HttpServer2.java:addFilter(1006)) - Added filter static_user_filter (class=org.apache.hadoop.http.lib.StaticUserWebFilter$StaticUserFilter) to context hddsDatanode
2022-03-09 17:22:57,909 [Listener at 127.0.0.1/45999] INFO  http.HttpServer2 (HttpServer2.java:addFilter(1014)) - Added filter static_user_filter (class=org.apache.hadoop.http.lib.StaticUserWebFilter$StaticUserFilter) to context logs
2022-03-09 17:22:57,909 [Listener at 127.0.0.1/45999] INFO  http.HttpServer2 (HttpServer2.java:addFilter(1014)) - Added filter static_user_filter (class=org.apache.hadoop.http.lib.StaticUserWebFilter$StaticUserFilter) to context static
2022-03-09 17:22:57,909 [Listener at 127.0.0.1/45999] INFO  http.HttpServer2 (HttpServer2.java:bindListener(1249)) - Jetty bound to port 46411
2022-03-09 17:22:57,909 [Listener at 127.0.0.1/45999] INFO  server.Server (Server.java:doStart(375)) - jetty-9.4.43.v20210629; built: 2021-06-30T11:07:22.254Z; git: 526006ecfa3af7f1a27ef3a288e2bef7ea9dd7e8; jvm 1.8.0_322-b06
2022-03-09 17:22:57,975 [Listener at 127.0.0.1/45999] INFO  server.session (DefaultSessionIdManager.java:doStart(334)) - DefaultSessionIdManager workerName=node0
2022-03-09 17:22:57,975 [Listener at 127.0.0.1/45999] INFO  server.session (DefaultSessionIdManager.java:doStart(339)) - No SessionScavenger set, using defaults
2022-03-09 17:22:57,975 [Listener at 127.0.0.1/45999] INFO  server.session (HouseKeeper.java:startScavenging(132)) - node0 Scavenging every 600000ms
2022-03-09 17:22:57,976 [Listener at 127.0.0.1/45999] INFO  handler.ContextHandler (ContextHandler.java:doStart(915)) - Started o.e.j.s.ServletContextHandler@5267575a{logs,/logs,file:///home/runner/work/ozone/ozone/hadoop-ozone/integration-test/target/log,AVAILABLE}
2022-03-09 17:22:57,976 [Listener at 127.0.0.1/45999] INFO  handler.ContextHandler (ContextHandler.java:doStart(915)) - Started o.e.j.s.ServletContextHandler@7027c359{static,/static,jar:file:/home/runner/.m2/repository/org/apache/ozone/hdds-container-service/1.3.0-SNAPSHOT/hdds-container-service-1.3.0-SNAPSHOT.jar!/webapps/static,AVAILABLE}
2022-03-09 17:22:58,074 [Listener at 127.0.0.1/45999] INFO  handler.ContextHandler (ContextHandler.java:doStart(915)) - Started o.e.j.w.WebAppContext@7d4193a6{hddsDatanode,/,file:///tmp/jetty-0_0_0_0-46411-hdds-container-service-1_3_0-SNAPSHOT_jar-_-any-6905419896369480775/webapp/,AVAILABLE}{jar:file:/home/runner/.m2/repository/org/apache/ozone/hdds-container-service/1.3.0-SNAPSHOT/hdds-container-service-1.3.0-SNAPSHOT.jar!/webapps/hddsDatanode}
2022-03-09 17:22:58,080 [Listener at 127.0.0.1/45999] INFO  server.AbstractConnector (AbstractConnector.java:doStart(331)) - Started ServerConnector@36f6aff3{HTTP/1.1, (http/1.1)}{0.0.0.0:46411}
2022-03-09 17:22:58,080 [Listener at 127.0.0.1/45999] INFO  server.Server (Server.java:doStart(415)) - Started @91080ms
2022-03-09 17:22:58,080 [Listener at 127.0.0.1/45999] WARN  impl.MetricsSystemImpl (MetricsSystemImpl.java:register(279)) - Sink prometheus already exists!
2022-03-09 17:22:58,081 [Listener at 127.0.0.1/45999] INFO  http.BaseHttpServer (BaseHttpServer.java:updateConnectorAddress(329)) - HTTP server of hddsDatanode listening at http://0.0.0.0:46411
2022-03-09 17:22:58,087 [Listener at 127.0.0.1/45999] INFO  ozone.MiniOzoneClusterImpl (MiniOzoneClusterImpl.java:lambda$waitForClusterToBeReady$0(219)) - Waiting for nodes to be ready. Got 0 of 3 DN Heartbeats.
2022-03-09 17:22:58,087 [Listener at 127.0.0.1/45999] INFO  ozone.MiniOzoneClusterImpl (MiniOzoneClusterImpl.java:lambda$waitForClusterToBeReady$0(222)) - Waiting for cluster to exit safe mode
2022-03-09 17:22:58,087 [Listener at 127.0.0.1/45999] INFO  ozone.MiniOzoneClusterImpl (MiniOzoneClusterImpl.java:lambda$waitForClusterToBeReady$0(224)) - SCM became leader
2022-03-09 17:22:58,101 [Datanode State Machine Daemon Thread] INFO  statemachine.DatanodeStateMachine (DatanodeStateMachine.java:lambda$startDaemon$0(470)) - Ozone container server started.
2022-03-09 17:22:58,168 [org.apache.hadoop.util.JvmPauseMonitor$Monitor@5ba47143] INFO  util.JvmPauseMonitor (JvmPauseMonitor.java:run(188)) - Starting JVM pause monitor
2022-03-09 17:22:58,187 [Datanode State Machine Task Thread - 0] INFO  ha.SCMNodeInfo (SCMNodeInfo.java:getPort(197)) - ConfigKey ozone.scm.client.address is deprecated, For configuring different ports for each SCM use PortConfigKey ozone.scm.client.port appended with serviceId and nodeId
2022-03-09 17:22:58,187 [Datanode State Machine Task Thread - 0] INFO  ha.SCMNodeInfo (SCMNodeInfo.java:getPort(197)) - ConfigKey ozone.scm.block.client.address is deprecated, For configuring different ports for each SCM use PortConfigKey ozone.scm.block.client.port appended with serviceId and nodeId
2022-03-09 17:22:58,187 [Datanode State Machine Task Thread - 0] INFO  ha.SCMNodeInfo (SCMNodeInfo.java:getPort(197)) - ConfigKey ozone.scm.datanode.address is deprecated, For configuring different ports for each SCM use PortConfigKey ozone.scm.datanode.port appended with serviceId and nodeId
2022-03-09 17:22:58,187 [Datanode State Machine Task Thread - 0] INFO  ha.SCMNodeInfo (SCMNodeInfo.java:getPort(197)) - ConfigKey ozone.scm.client.address is deprecated, For configuring different ports for each SCM use PortConfigKey ozone.scm.client.port appended with serviceId and nodeId
2022-03-09 17:22:58,187 [Datanode State Machine Task Thread - 0] INFO  ha.SCMNodeInfo (SCMNodeInfo.java:getPort(197)) - ConfigKey ozone.scm.block.client.address is deprecated, For configuring different ports for each SCM use PortConfigKey ozone.scm.block.client.port appended with serviceId and nodeId
2022-03-09 17:22:58,187 [Datanode State Machine Task Thread - 0] INFO  ha.SCMNodeInfo (SCMNodeInfo.java:getPort(197)) - ConfigKey ozone.scm.datanode.address is deprecated, For configuring different ports for each SCM use PortConfigKey ozone.scm.datanode.port appended with serviceId and nodeId
2022-03-09 17:22:58,187 [Datanode State Machine Task Thread - 0] INFO  ha.SCMNodeInfo (SCMNodeInfo.java:getPort(197)) - ConfigKey ozone.scm.client.address is deprecated, For configuring different ports for each SCM use PortConfigKey ozone.scm.client.port appended with serviceId and nodeId
2022-03-09 17:22:58,187 [Datanode State Machine Task Thread - 0] INFO  ha.SCMNodeInfo (SCMNodeInfo.java:getPort(197)) - ConfigKey ozone.scm.block.client.address is deprecated, For configuring different ports for each SCM use PortConfigKey ozone.scm.block.client.port appended with serviceId and nodeId
2022-03-09 17:22:58,187 [Datanode State Machine Task Thread - 0] INFO  ha.SCMNodeInfo (SCMNodeInfo.java:getPort(197)) - ConfigKey ozone.scm.datanode.address is deprecated, For configuring different ports for each SCM use PortConfigKey ozone.scm.datanode.port appended with serviceId and nodeId
2022-03-09 17:22:58,189 [Datanode State Machine Task Thread - 0] INFO  datanode.InitDatanodeState (InitDatanodeState.java:persistContainerDatanodeDetails(138)) - DatanodeDetails is persisted to /home/runner/work/ozone/ozone/hadoop-ozone/integration-test/target/test-dir/MiniOzoneClusterImpl-aa50db73-d356-40d6-b3b5-5343d3a56795/datanode-2/meta/datanode.id
2022-03-09 17:22:58,445 [EndpointStateMachine task thread for /127.0.0.1:40365 - 0 ] INFO  ipc.Client (Client.java:handleConnectionFailure(977)) - Retrying connect to server: localhost/127.0.0.1:40365. Already tried 11 time(s); retry policy is RetryUpToMaximumCountWithFixedSleep(maxRetries=15, sleepTime=1000 MILLISECONDS)
2022-03-09 17:22:58,460 [EndpointStateMachine task thread for /127.0.0.1:38239 - 0 ] INFO  ipc.Client (Client.java:handleConnectionFailure(977)) - Retrying connect to server: localhost/127.0.0.1:38239. Already tried 11 time(s); retry policy is RetryUpToMaximumCountWithFixedSleep(maxRetries=15, sleepTime=1000 MILLISECONDS)
2022-03-09 17:22:58,486 [EndpointStateMachine task thread for /127.0.0.1:45657 - 0 ] INFO  ipc.Client (Client.java:handleConnectionFailure(977)) - Retrying connect to server: localhost/127.0.0.1:45657. Already tried 11 time(s); retry policy is RetryUpToMaximumCountWithFixedSleep(maxRetries=15, sleepTime=1000 MILLISECONDS)
2022-03-09 17:22:59,096 [Listener at 127.0.0.1/45999] INFO  ozone.MiniOzoneClusterImpl (MiniOzoneClusterImpl.java:lambda$waitForClusterToBeReady$0(219)) - Waiting for nodes to be ready. Got 0 of 3 DN Heartbeats.
2022-03-09 17:22:59,096 [Listener at 127.0.0.1/45999] INFO  ozone.MiniOzoneClusterImpl (MiniOzoneClusterImpl.java:lambda$waitForClusterToBeReady$0(222)) - Waiting for cluster to exit safe mode
2022-03-09 17:22:59,096 [Listener at 127.0.0.1/45999] INFO  ozone.MiniOzoneClusterImpl (MiniOzoneClusterImpl.java:lambda$waitForClusterToBeReady$0(224)) - SCM became leader
2022-03-09 17:22:59,288 [EndpointStateMachine task thread for /127.0.0.1:39101 - 0 ] INFO  ozoneimpl.OzoneContainer (OzoneContainer.java:start(335)) - Attempting to start container services.
2022-03-09 17:22:59,288 [EndpointStateMachine task thread for /127.0.0.1:39101 - 0 ] INFO  ozoneimpl.OzoneContainer (OzoneContainer.java:startContainerScrub(270)) - Background container scanner has been disabled.
2022-03-09 17:22:59,291 [EndpointStateMachine task thread for /127.0.0.1:39101 - 0 ] INFO  replication.ReplicationServer (ReplicationServer.java:start(111)) - ReplicationServer is started using port 46769
2022-03-09 17:22:59,295 [EndpointStateMachine task thread for /127.0.0.1:39101 - 0 ] INFO  ratis.XceiverServerRatis (XceiverServerRatis.java:start(485)) - Starting XceiverServerRatis 9cf3ac85-5088-4438-9438-d8e46945dabb
2022-03-09 17:22:59,296 [EndpointStateMachine task thread for /127.0.0.1:39101 - 0 ] INFO  server.RaftServer (RaftServerProxy.java:lambda$start$5(374)) - 9cf3ac85-5088-4438-9438-d8e46945dabb: start RPC server
2022-03-09 17:22:59,307 [EndpointStateMachine task thread for /127.0.0.1:39101 - 0 ] INFO  server.GrpcService (GrpcService.java:startImpl(253)) - 9cf3ac85-5088-4438-9438-d8e46945dabb: GrpcService started, listening on 38217
2022-03-09 17:22:59,310 [EndpointStateMachine task thread for /127.0.0.1:39101 - 0 ] INFO  ratis.XceiverServerRatis (XceiverServerRatis.java:getRealPort(506)) - XceiverServerRatis 9cf3ac85-5088-4438-9438-d8e46945dabb is started using port 38217 for RATIS
2022-03-09 17:22:59,310 [EndpointStateMachine task thread for /127.0.0.1:39101 - 0 ] INFO  ratis.XceiverServerRatis (XceiverServerRatis.java:getRealPort(506)) - XceiverServerRatis 9cf3ac85-5088-4438-9438-d8e46945dabb is started using port 38217 for RATIS_ADMIN
2022-03-09 17:22:59,310 [EndpointStateMachine task thread for /127.0.0.1:39101 - 0 ] INFO  ratis.XceiverServerRatis (XceiverServerRatis.java:getRealPort(506)) - XceiverServerRatis 9cf3ac85-5088-4438-9438-d8e46945dabb is started using port 38217 for RATIS_SERVER
2022-03-09 17:22:59,310 [org.apache.ratis.util.JvmPauseMonitor$$Lambda$503/957387062@3dabdaa7] INFO  util.JvmPauseMonitor (JvmPauseMonitor.java:run(103)) - JvmPauseMonitor-9cf3ac85-5088-4438-9438-d8e46945dabb: Started
2022-03-09 17:22:59,320 [EndpointStateMachine task thread for /127.0.0.1:39101 - 0 ] INFO  server.XceiverServerGrpc (XceiverServerGrpc.java:start(180)) - XceiverServerGrpc 9cf3ac85-5088-4438-9438-d8e46945dabb is started using port 33707
2022-03-09 17:22:59,321 [EndpointStateMachine task thread for /127.0.0.1:34459 - 0 ] INFO  ozoneimpl.OzoneContainer (OzoneContainer.java:start(331)) - Ignore. OzoneContainer already started.
2022-03-09 17:22:59,446 [EndpointStateMachine task thread for /127.0.0.1:40365 - 0 ] INFO  ipc.Client (Client.java:handleConnectionFailure(977)) - Retrying connect to server: localhost/127.0.0.1:40365. Already tried 12 time(s); retry policy is RetryUpToMaximumCountWithFixedSleep(maxRetries=15, sleepTime=1000 MILLISECONDS)
2022-03-09 17:22:59,461 [EndpointStateMachine task thread for /127.0.0.1:38239 - 0 ] INFO  ipc.Client (Client.java:handleConnectionFailure(977)) - Retrying connect to server: localhost/127.0.0.1:38239. Already tried 12 time(s); retry policy is RetryUpToMaximumCountWithFixedSleep(maxRetries=15, sleepTime=1000 MILLISECONDS)
2022-03-09 17:22:59,487 [EndpointStateMachine task thread for /127.0.0.1:45657 - 0 ] INFO  ipc.Client (Client.java:handleConnectionFailure(977)) - Retrying connect to server: localhost/127.0.0.1:45657. Already tried 12 time(s); retry policy is RetryUpToMaximumCountWithFixedSleep(maxRetries=15, sleepTime=1000 MILLISECONDS)
2022-03-09 17:22:59,665 [EndpointStateMachine task thread for /127.0.0.1:34459 - 0 ] INFO  ozoneimpl.OzoneContainer (OzoneContainer.java:start(335)) - Attempting to start container services.
2022-03-09 17:22:59,665 [EndpointStateMachine task thread for /127.0.0.1:34459 - 0 ] INFO  ozoneimpl.OzoneContainer (OzoneContainer.java:startContainerScrub(270)) - Background container scanner has been disabled.
2022-03-09 17:22:59,666 [EndpointStateMachine task thread for /127.0.0.1:34459 - 0 ] INFO  replication.ReplicationServer (ReplicationServer.java:start(111)) - ReplicationServer is started using port 40367
2022-03-09 17:22:59,672 [EndpointStateMachine task thread for /127.0.0.1:34459 - 0 ] INFO  ratis.XceiverServerRatis (XceiverServerRatis.java:start(485)) - Starting XceiverServerRatis 8d38cd26-4da6-46a4-aba6-9da1aef73967
2022-03-09 17:22:59,696 [EndpointStateMachine task thread for /127.0.0.1:34459 - 0 ] INFO  server.RaftServer (RaftServerProxy.java:lambda$start$5(374)) - 8d38cd26-4da6-46a4-aba6-9da1aef73967: start RPC server
2022-03-09 17:22:59,699 [EndpointStateMachine task thread for /127.0.0.1:34459 - 0 ] INFO  server.GrpcService (GrpcService.java:startImpl(253)) - 8d38cd26-4da6-46a4-aba6-9da1aef73967: GrpcService started, listening on 43435
2022-03-09 17:22:59,703 [EndpointStateMachine task thread for /127.0.0.1:34459 - 0 ] INFO  ratis.XceiverServerRatis (XceiverServerRatis.java:getRealPort(506)) - XceiverServerRatis 8d38cd26-4da6-46a4-aba6-9da1aef73967 is started using port 43435 for RATIS
2022-03-09 17:22:59,703 [EndpointStateMachine task thread for /127.0.0.1:34459 - 0 ] INFO  ratis.XceiverServerRatis (XceiverServerRatis.java:getRealPort(506)) - XceiverServerRatis 8d38cd26-4da6-46a4-aba6-9da1aef73967 is started using port 43435 for RATIS_ADMIN
2022-03-09 17:22:59,703 [EndpointStateMachine task thread for /127.0.0.1:34459 - 0 ] INFO  ratis.XceiverServerRatis (XceiverServerRatis.java:getRealPort(506)) - XceiverServerRatis 8d38cd26-4da6-46a4-aba6-9da1aef73967 is started using port 43435 for RATIS_SERVER
2022-03-09 17:22:59,703 [org.apache.ratis.util.JvmPauseMonitor$$Lambda$503/957387062@5920132a] INFO  util.JvmPauseMonitor (JvmPauseMonitor.java:run(103)) - JvmPauseMonitor-8d38cd26-4da6-46a4-aba6-9da1aef73967: Started
2022-03-09 17:22:59,706 [EndpointStateMachine task thread for /127.0.0.1:34459 - 0 ] INFO  server.XceiverServerGrpc (XceiverServerGrpc.java:start(180)) - XceiverServerGrpc 8d38cd26-4da6-46a4-aba6-9da1aef73967 is started using port 39745
2022-03-09 17:22:59,715 [EndpointStateMachine task thread for /127.0.0.1:39101 - 0 ] INFO  ozoneimpl.OzoneContainer (OzoneContainer.java:start(331)) - Ignore. OzoneContainer already started.
2022-03-09 17:23:00,096 [Listener at 127.0.0.1/45999] INFO  ozone.MiniOzoneClusterImpl (MiniOzoneClusterImpl.java:lambda$waitForClusterToBeReady$0(219)) - Waiting for nodes to be ready. Got 0 of 3 DN Heartbeats.
2022-03-09 17:23:00,096 [Listener at 127.0.0.1/45999] INFO  ozone.MiniOzoneClusterImpl (MiniOzoneClusterImpl.java:lambda$waitForClusterToBeReady$0(222)) - Waiting for cluster to exit safe mode
2022-03-09 17:23:00,096 [Listener at 127.0.0.1/45999] INFO  ozone.MiniOzoneClusterImpl (MiniOzoneClusterImpl.java:lambda$waitForClusterToBeReady$0(224)) - SCM became leader
2022-03-09 17:23:00,209 [EndpointStateMachine task thread for /127.0.0.1:34459 - 0 ] INFO  ozoneimpl.OzoneContainer (OzoneContainer.java:start(335)) - Attempting to start container services.
2022-03-09 17:23:00,209 [EndpointStateMachine task thread for /127.0.0.1:34459 - 0 ] INFO  ozoneimpl.OzoneContainer (OzoneContainer.java:startContainerScrub(270)) - Background container scanner has been disabled.
2022-03-09 17:23:00,210 [EndpointStateMachine task thread for /127.0.0.1:34459 - 0 ] INFO  replication.ReplicationServer (ReplicationServer.java:start(111)) - ReplicationServer is started using port 37469
2022-03-09 17:23:00,211 [EndpointStateMachine task thread for /127.0.0.1:34459 - 0 ] INFO  ratis.XceiverServerRatis (XceiverServerRatis.java:start(485)) - Starting XceiverServerRatis 352514d3-16e8-44e7-9f6c-25a5b2684069
2022-03-09 17:23:00,215 [EndpointStateMachine task thread for /127.0.0.1:34459 - 0 ] INFO  server.RaftServer (RaftServerProxy.java:lambda$start$5(374)) - 352514d3-16e8-44e7-9f6c-25a5b2684069: start RPC server
2022-03-09 17:23:00,227 [EndpointStateMachine task thread for /127.0.0.1:34459 - 0 ] INFO  server.GrpcService (GrpcService.java:startImpl(253)) - 352514d3-16e8-44e7-9f6c-25a5b2684069: GrpcService started, listening on 37197
2022-03-09 17:23:00,229 [EndpointStateMachine task thread for /127.0.0.1:34459 - 0 ] INFO  ratis.XceiverServerRatis (XceiverServerRatis.java:getRealPort(506)) - XceiverServerRatis 352514d3-16e8-44e7-9f6c-25a5b2684069 is started using port 37197 for RATIS
2022-03-09 17:23:00,229 [EndpointStateMachine task thread for /127.0.0.1:34459 - 0 ] INFO  ratis.XceiverServerRatis (XceiverServerRatis.java:getRealPort(506)) - XceiverServerRatis 352514d3-16e8-44e7-9f6c-25a5b2684069 is started using port 37197 for RATIS_ADMIN
2022-03-09 17:23:00,230 [EndpointStateMachine task thread for /127.0.0.1:34459 - 0 ] INFO  ratis.XceiverServerRatis (XceiverServerRatis.java:getRealPort(506)) - XceiverServerRatis 352514d3-16e8-44e7-9f6c-25a5b2684069 is started using port 37197 for RATIS_SERVER
2022-03-09 17:23:00,230 [org.apache.ratis.util.JvmPauseMonitor$$Lambda$503/957387062@3a7da79] INFO  util.JvmPauseMonitor (JvmPauseMonitor.java:run(103)) - JvmPauseMonitor-352514d3-16e8-44e7-9f6c-25a5b2684069: Started
2022-03-09 17:23:00,243 [EndpointStateMachine task thread for /127.0.0.1:34459 - 0 ] INFO  server.XceiverServerGrpc (XceiverServerGrpc.java:start(180)) - XceiverServerGrpc 352514d3-16e8-44e7-9f6c-25a5b2684069 is started using port 38249
2022-03-09 17:23:00,244 [EndpointStateMachine task thread for /127.0.0.1:39101 - 0 ] INFO  ozoneimpl.OzoneContainer (OzoneContainer.java:start(331)) - Ignore. OzoneContainer already started.
2022-03-09 17:23:00,446 [EndpointStateMachine task thread for /127.0.0.1:40365 - 0 ] INFO  ipc.Client (Client.java:handleConnectionFailure(977)) - Retrying connect to server: localhost/127.0.0.1:40365. Already tried 13 time(s); retry policy is RetryUpToMaximumCountWithFixedSleep(maxRetries=15, sleepTime=1000 MILLISECONDS)
2022-03-09 17:23:00,461 [EndpointStateMachine task thread for /127.0.0.1:38239 - 0 ] INFO  ipc.Client (Client.java:handleConnectionFailure(977)) - Retrying connect to server: localhost/127.0.0.1:38239. Already tried 13 time(s); retry policy is RetryUpToMaximumCountWithFixedSleep(maxRetries=15, sleepTime=1000 MILLISECONDS)
2022-03-09 17:23:00,487 [EndpointStateMachine task thread for /127.0.0.1:45657 - 0 ] INFO  ipc.Client (Client.java:handleConnectionFailure(977)) - Retrying connect to server: localhost/127.0.0.1:45657. Already tried 13 time(s); retry policy is RetryUpToMaximumCountWithFixedSleep(maxRetries=15, sleepTime=1000 MILLISECONDS)
2022-03-09 17:23:01,097 [Listener at 127.0.0.1/45999] INFO  ozone.MiniOzoneClusterImpl (MiniOzoneClusterImpl.java:lambda$waitForClusterToBeReady$0(219)) - Waiting for nodes to be ready. Got 0 of 3 DN Heartbeats.
2022-03-09 17:23:01,097 [Listener at 127.0.0.1/45999] INFO  ozone.MiniOzoneClusterImpl (MiniOzoneClusterImpl.java:lambda$waitForClusterToBeReady$0(222)) - Waiting for cluster to exit safe mode
2022-03-09 17:23:01,097 [Listener at 127.0.0.1/45999] INFO  ozone.MiniOzoneClusterImpl (MiniOzoneClusterImpl.java:lambda$waitForClusterToBeReady$0(224)) - SCM became leader
2022-03-09 17:23:01,256 [IPC Server handler 2 on default port 34459] INFO  net.NetworkTopologyImpl (NetworkTopologyImpl.java:add(112)) - Added a new node: /default-rack/9cf3ac85-5088-4438-9438-d8e46945dabb
2022-03-09 17:23:01,256 [IPC Server handler 2 on default port 34459] INFO  node.SCMNodeManager (SCMNodeManager.java:register(391)) - Registered Data node : 9cf3ac85-5088-4438-9438-d8e46945dabb{ip: 127.0.0.1, host: localhost, ports: [REPLICATION=46769, RATIS=38217, RATIS_ADMIN=38217, RATIS_SERVER=38217, STANDALONE=33707], networkLocation: /default-rack, certSerialId: null, persistedOpState: null, persistedOpStateExpiryEpochSec: 0}
2022-03-09 17:23:01,258 [EventQueue-NewNodeForNewNodeHandler] INFO  pipeline.BackgroundPipelineCreator (BackgroundPipelineCreator.java:notifyEventTriggered(285)) - trigger a one-shot run on RatisPipelineUtilsThread.
2022-03-09 17:23:01,259 [EventQueue-NodeRegistrationContainerReportForDataNodeSafeModeRule] INFO  safemode.SCMSafeModeManager (DataNodeSafeModeRule.java:process(71)) - SCM in safe mode. 1 DataNodes registered, 3 required.
2022-03-09 17:23:01,259 [RatisPipelineUtilsThread - 0] INFO  pipeline.RatisPipelineProvider (RatisPipelineProvider.java:lambda$create$0(183)) - Sending CreatePipelineCommand for pipeline:PipelineID=b87a2066-6465-4b05-90e4-fc19921ed26b to datanode:9cf3ac85-5088-4438-9438-d8e46945dabb
2022-03-09 17:23:01,272 [IPC Server handler 2 on default port 39101] INFO  net.NetworkTopologyImpl (NetworkTopologyImpl.java:add(112)) - Added a new node: /default-rack/9cf3ac85-5088-4438-9438-d8e46945dabb
2022-03-09 17:23:01,272 [IPC Server handler 2 on default port 39101] INFO  node.SCMNodeManager (SCMNodeManager.java:register(391)) - Registered Data node : 9cf3ac85-5088-4438-9438-d8e46945dabb{ip: 127.0.0.1, host: localhost, ports: [REPLICATION=46769, RATIS=38217, RATIS_ADMIN=38217, RATIS_SERVER=38217, STANDALONE=33707], networkLocation: /default-rack, certSerialId: null, persistedOpState: null, persistedOpStateExpiryEpochSec: 0}
2022-03-09 17:23:01,295 [EventQueue-NodeRegistrationContainerReportForContainerSafeModeRule] INFO  safemode.SCMSafeModeManager (SCMSafeModeManager.java:validateSafeModeExitRules(204)) - ContainerSafeModeRule rule is successfully validated
2022-03-09 17:23:01,323 [EventQueue-NodeRegistrationContainerReportForDataNodeSafeModeRule] INFO  safemode.SCMSafeModeManager (DataNodeSafeModeRule.java:process(71)) - SCM in safe mode. 1 DataNodes registered, 3 required.
2022-03-09 17:23:01,344 [EventQueue-PipelineReportForOneReplicaPipelineSafeModeRule] INFO  safemode.SCMSafeModeManager (SCMSafeModeManager.java:validateSafeModeExitRules(204)) - AtleastOneDatanodeReportedRule rule is successfully validated
2022-03-09 17:23:01,344 [EventQueue-NewNodeForNewNodeHandler] INFO  pipeline.BackgroundPipelineCreator (BackgroundPipelineCreator.java:notifyEventTriggered(279)) - ignore, not leader SCM.
2022-03-09 17:23:01,344 [EventQueue-NodeRegistrationContainerReportForContainerSafeModeRule] INFO  safemode.SCMSafeModeManager (SCMSafeModeManager.java:validateSafeModeExitRules(204)) - ContainerSafeModeRule rule is successfully validated
2022-03-09 17:23:01,349 [ab171f79-80bf-4db9-ba30-7c5fcf45ffba@group-5343D3A56795-StateMachineUpdater] INFO  pipeline.PipelineStateManagerImpl (PipelineStateManagerImpl.java:addPipeline(101)) - Created pipeline Pipeline[ Id: b87a2066-6465-4b05-90e4-fc19921ed26b, Nodes: 9cf3ac85-5088-4438-9438-d8e46945dabb{ip: 127.0.0.1, host: localhost, ports: [REPLICATION=46769, RATIS=38217, RATIS_ADMIN=38217, RATIS_SERVER=38217, STANDALONE=33707], networkLocation: /default-rack, certSerialId: null, persistedOpState: IN_SERVICE, persistedOpStateExpiryEpochSec: 0}, ReplicationConfig: RATIS/ONE, State:ALLOCATED, leaderId:, CreationTimestamp2022-03-09T17:23:01.259Z[Etc/UTC]].
2022-03-09 17:23:01,350 [ab171f79-80bf-4db9-ba30-7c5fcf45ffba@group-5343D3A56795-StateMachineUpdater] INFO  safemode.HealthyPipelineSafeModeRule (HealthyPipelineSafeModeRule.java:initializeRule(152)) - Refreshed total pipeline count is 0, healthy pipeline threshold count is 1
2022-03-09 17:23:01,364 [EventQueue-PipelineReportForOneReplicaPipelineSafeModeRule] INFO  safemode.SCMSafeModeManager (SCMSafeModeManager.java:validateSafeModeExitRules(204)) - AtleastOneDatanodeReportedRule rule is successfully validated
2022-03-09 17:23:01,365 [dae587cf-c5b5-4dcf-9320-ec0de1a92622@group-5343D3A56795-StateMachineUpdater] INFO  pipeline.PipelineStateManagerImpl (PipelineStateManagerImpl.java:addPipeline(101)) - Created pipeline Pipeline[ Id: b87a2066-6465-4b05-90e4-fc19921ed26b, Nodes: 9cf3ac85-5088-4438-9438-d8e46945dabb{ip: 127.0.0.1, host: localhost, ports: [REPLICATION=46769, RATIS=38217, RATIS_ADMIN=38217, RATIS_SERVER=38217, STANDALONE=33707], networkLocation: /default-rack, certSerialId: null, persistedOpState: IN_SERVICE, persistedOpStateExpiryEpochSec: 0}, ReplicationConfig: RATIS/ONE, State:ALLOCATED, leaderId:, CreationTimestamp2022-03-09T17:23:01.259Z[Etc/UTC]].
2022-03-09 17:23:01,365 [dae587cf-c5b5-4dcf-9320-ec0de1a92622@group-5343D3A56795-StateMachineUpdater] INFO  safemode.HealthyPipelineSafeModeRule (HealthyPipelineSafeModeRule.java:initializeRule(152)) - Refreshed total pipeline count is 0, healthy pipeline threshold count is 1
2022-03-09 17:23:01,365 [dae587cf-c5b5-4dcf-9320-ec0de1a92622@group-5343D3A56795-StateMachineUpdater] INFO  ha.SCMStateMachine (SCMStateMachine.java:takeSnapshot(297)) - Current Snapshot Index 7, takeSnapshot took 0 ms
2022-03-09 17:23:01,365 [dae587cf-c5b5-4dcf-9320-ec0de1a92622@group-5343D3A56795-StateMachineUpdater] INFO  impl.StateMachineUpdater (StateMachineUpdater.java:takeSnapshot(281)) - dae587cf-c5b5-4dcf-9320-ec0de1a92622@group-5343D3A56795-StateMachineUpdater: Took a snapshot at index 7
2022-03-09 17:23:01,365 [dae587cf-c5b5-4dcf-9320-ec0de1a92622@group-5343D3A56795-StateMachineUpdater] INFO  impl.StateMachineUpdater (StateMachineUpdater.java:lambda$new$0(89)) - dae587cf-c5b5-4dcf-9320-ec0de1a92622@group-5343D3A56795-StateMachineUpdater: snapshotIndex: updateIncreasingly 2 -> 7
2022-03-09 17:23:01,365 [dae587cf-c5b5-4dcf-9320-ec0de1a92622@group-5343D3A56795-StateMachineUpdater] INFO  raftlog.RaftLog (RaftLogBase.java:purge(306)) - dae587cf-c5b5-4dcf-9320-ec0de1a92622@group-5343D3A56795-SegmentedRaftLog: purge 7
2022-03-09 17:23:01,365 [dae587cf-c5b5-4dcf-9320-ec0de1a92622@group-5343D3A56795-StateMachineUpdater] INFO  raftlog.RaftLog (RaftLogBase.java:lambda$new$0(53)) - dae587cf-c5b5-4dcf-9320-ec0de1a92622@group-5343D3A56795-SegmentedRaftLog: snapshotIndex: updateIncreasingly 2 -> 7
2022-03-09 17:23:01,366 [dae587cf-c5b5-4dcf-9320-ec0de1a92622@group-5343D3A56795-StateMachineUpdater] INFO  raftlog.RaftLog (RaftLogBase.java:lambda$new$0(53)) - dae587cf-c5b5-4dcf-9320-ec0de1a92622@group-5343D3A56795-SegmentedRaftLog: purgeIndex: updateToMax old=-1, new=7, updated? true
2022-03-09 17:23:01,447 [EndpointStateMachine task thread for /127.0.0.1:40365 - 0 ] INFO  ipc.Client (Client.java:handleConnectionFailure(977)) - Retrying connect to server: localhost/127.0.0.1:40365. Already tried 14 time(s); retry policy is RetryUpToMaximumCountWithFixedSleep(maxRetries=15, sleepTime=1000 MILLISECONDS)
2022-03-09 17:23:01,461 [EndpointStateMachine task thread for /127.0.0.1:38239 - 0 ] INFO  ipc.Client (Client.java:handleConnectionFailure(977)) - Retrying connect to server: localhost/127.0.0.1:38239. Already tried 14 time(s); retry policy is RetryUpToMaximumCountWithFixedSleep(maxRetries=15, sleepTime=1000 MILLISECONDS)
2022-03-09 17:23:01,488 [EndpointStateMachine task thread for /127.0.0.1:45657 - 0 ] INFO  ipc.Client (Client.java:handleConnectionFailure(977)) - Retrying connect to server: localhost/127.0.0.1:45657. Already tried 14 time(s); retry policy is RetryUpToMaximumCountWithFixedSleep(maxRetries=15, sleepTime=1000 MILLISECONDS)
2022-03-09 17:23:01,656 [IPC Server handler 0 on default port 39101] INFO  net.NetworkTopologyImpl (NetworkTopologyImpl.java:add(112)) - Added a new node: /default-rack/8d38cd26-4da6-46a4-aba6-9da1aef73967
2022-03-09 17:23:01,656 [IPC Server handler 0 on default port 39101] INFO  node.SCMNodeManager (SCMNodeManager.java:register(391)) - Registered Data node : 8d38cd26-4da6-46a4-aba6-9da1aef73967{ip: 127.0.0.1, host: localhost, ports: [REPLICATION=40367, RATIS=43435, RATIS_ADMIN=43435, RATIS_SERVER=43435, STANDALONE=39745], networkLocation: /default-rack, certSerialId: null, persistedOpState: null, persistedOpStateExpiryEpochSec: 0}
2022-03-09 17:23:01,656 [EventQueue-NewNodeForNewNodeHandler] INFO  pipeline.BackgroundPipelineCreator (BackgroundPipelineCreator.java:notifyEventTriggered(279)) - ignore, not leader SCM.
2022-03-09 17:23:01,658 [EventQueue-NodeRegistrationContainerReportForDataNodeSafeModeRule] INFO  safemode.SCMSafeModeManager (DataNodeSafeModeRule.java:process(71)) - SCM in safe mode. 2 DataNodes registered, 3 required.
2022-03-09 17:23:01,660 [IPC Server handler 0 on default port 34459] INFO  net.NetworkTopologyImpl (NetworkTopologyImpl.java:add(112)) - Added a new node: /default-rack/8d38cd26-4da6-46a4-aba6-9da1aef73967
2022-03-09 17:23:01,660 [IPC Server handler 0 on default port 34459] INFO  node.SCMNodeManager (SCMNodeManager.java:register(391)) - Registered Data node : 8d38cd26-4da6-46a4-aba6-9da1aef73967{ip: 127.0.0.1, host: localhost, ports: [REPLICATION=40367, RATIS=43435, RATIS_ADMIN=43435, RATIS_SERVER=43435, STANDALONE=39745], networkLocation: /default-rack, certSerialId: null, persistedOpState: null, persistedOpStateExpiryEpochSec: 0}
2022-03-09 17:23:01,660 [EventQueue-NewNodeForNewNodeHandler] INFO  pipeline.BackgroundPipelineCreator (BackgroundPipelineCreator.java:notifyEventTriggered(285)) - trigger a one-shot run on RatisPipelineUtilsThread.
2022-03-09 17:23:01,660 [EventQueue-NodeRegistrationContainerReportForDataNodeSafeModeRule] INFO  safemode.SCMSafeModeManager (DataNodeSafeModeRule.java:process(71)) - SCM in safe mode. 2 DataNodes registered, 3 required.
2022-03-09 17:23:01,667 [RatisPipelineUtilsThread - 0] INFO  pipeline.RatisPipelineProvider (RatisPipelineProvider.java:lambda$create$0(183)) - Sending CreatePipelineCommand for pipeline:PipelineID=66e3fedf-e620-404f-b32e-3b6c6690b93c to datanode:8d38cd26-4da6-46a4-aba6-9da1aef73967
2022-03-09 17:23:01,670 [ab171f79-80bf-4db9-ba30-7c5fcf45ffba@group-5343D3A56795-StateMachineUpdater] INFO  pipeline.PipelineStateManagerImpl (PipelineStateManagerImpl.java:addPipeline(101)) - Created pipeline Pipeline[ Id: 66e3fedf-e620-404f-b32e-3b6c6690b93c, Nodes: 8d38cd26-4da6-46a4-aba6-9da1aef73967{ip: 127.0.0.1, host: localhost, ports: [REPLICATION=40367, RATIS=43435, RATIS_ADMIN=43435, RATIS_SERVER=43435, STANDALONE=39745], networkLocation: /default-rack, certSerialId: null, persistedOpState: IN_SERVICE, persistedOpStateExpiryEpochSec: 0}, ReplicationConfig: RATIS/ONE, State:ALLOCATED, leaderId:, CreationTimestamp2022-03-09T17:23:01.667Z[Etc/UTC]].
2022-03-09 17:23:01,670 [ab171f79-80bf-4db9-ba30-7c5fcf45ffba@group-5343D3A56795-StateMachineUpdater] INFO  safemode.HealthyPipelineSafeModeRule (HealthyPipelineSafeModeRule.java:initializeRule(152)) - Refreshed total pipeline count is 0, healthy pipeline threshold count is 1
2022-03-09 17:23:01,672 [dae587cf-c5b5-4dcf-9320-ec0de1a92622@group-5343D3A56795-StateMachineUpdater] INFO  pipeline.PipelineStateManagerImpl (PipelineStateManagerImpl.java:addPipeline(101)) - Created pipeline Pipeline[ Id: 66e3fedf-e620-404f-b32e-3b6c6690b93c, Nodes: 8d38cd26-4da6-46a4-aba6-9da1aef73967{ip: 127.0.0.1, host: localhost, ports: [REPLICATION=40367, RATIS=43435, RATIS_ADMIN=43435, RATIS_SERVER=43435, STANDALONE=39745], networkLocation: /default-rack, certSerialId: null, persistedOpState: IN_SERVICE, persistedOpStateExpiryEpochSec: 0}, ReplicationConfig: RATIS/ONE, State:ALLOCATED, leaderId:, CreationTimestamp2022-03-09T17:23:01.667Z[Etc/UTC]].
2022-03-09 17:23:01,673 [dae587cf-c5b5-4dcf-9320-ec0de1a92622@group-5343D3A56795-StateMachineUpdater] INFO  safemode.HealthyPipelineSafeModeRule (HealthyPipelineSafeModeRule.java:initializeRule(152)) - Refreshed total pipeline count is 0, healthy pipeline threshold count is 1
2022-03-09 17:23:01,674 [ab171f79-80bf-4db9-ba30-7c5fcf45ffba@group-5343D3A56795-StateMachineUpdater] INFO  ha.SCMStateMachine (SCMStateMachine.java:takeSnapshot(297)) - Current Snapshot Index 10, takeSnapshot took 0 ms
2022-03-09 17:23:01,674 [ab171f79-80bf-4db9-ba30-7c5fcf45ffba@group-5343D3A56795-StateMachineUpdater] INFO  impl.StateMachineUpdater (StateMachineUpdater.java:takeSnapshot(281)) - ab171f79-80bf-4db9-ba30-7c5fcf45ffba@group-5343D3A56795-StateMachineUpdater: Took a snapshot at index 10
2022-03-09 17:23:01,674 [ab171f79-80bf-4db9-ba30-7c5fcf45ffba@group-5343D3A56795-StateMachineUpdater] INFO  impl.StateMachineUpdater (StateMachineUpdater.java:lambda$new$0(89)) - ab171f79-80bf-4db9-ba30-7c5fcf45ffba@group-5343D3A56795-StateMachineUpdater: snapshotIndex: updateIncreasingly 5 -> 10
2022-03-09 17:23:01,674 [ab171f79-80bf-4db9-ba30-7c5fcf45ffba@group-5343D3A56795-StateMachineUpdater] INFO  raftlog.RaftLog (RaftLogBase.java:purge(306)) - ab171f79-80bf-4db9-ba30-7c5fcf45ffba@group-5343D3A56795-SegmentedRaftLog: purge 10
2022-03-09 17:23:01,674 [ab171f79-80bf-4db9-ba30-7c5fcf45ffba@group-5343D3A56795-StateMachineUpdater] INFO  raftlog.RaftLog (RaftLogBase.java:lambda$new$0(53)) - ab171f79-80bf-4db9-ba30-7c5fcf45ffba@group-5343D3A56795-SegmentedRaftLog: snapshotIndex: updateIncreasingly 5 -> 10
2022-03-09 17:23:01,674 [ab171f79-80bf-4db9-ba30-7c5fcf45ffba@group-5343D3A56795-StateMachineUpdater] INFO  raftlog.RaftLog (RaftLogBase.java:lambda$new$0(53)) - ab171f79-80bf-4db9-ba30-7c5fcf45ffba@group-5343D3A56795-SegmentedRaftLog: purgeIndex: updateToMax old=0, new=10, updated? true
2022-03-09 17:23:02,097 [Listener at 127.0.0.1/45999] INFO  ozone.MiniOzoneClusterImpl (MiniOzoneClusterImpl.java:lambda$waitForClusterToBeReady$0(219)) - Waiting for nodes to be ready. Got 2 of 3 DN Heartbeats.
2022-03-09 17:23:02,098 [Listener at 127.0.0.1/45999] INFO  ozone.MiniOzoneClusterImpl (MiniOzoneClusterImpl.java:lambda$waitForClusterToBeReady$0(222)) - Waiting for cluster to exit safe mode
2022-03-09 17:23:02,098 [Listener at 127.0.0.1/45999] INFO  ozone.MiniOzoneClusterImpl (MiniOzoneClusterImpl.java:lambda$waitForClusterToBeReady$0(224)) - SCM became leader
2022-03-09 17:23:02,181 [IPC Server handler 1 on default port 34459] INFO  net.NetworkTopologyImpl (NetworkTopologyImpl.java:add(112)) - Added a new node: /default-rack/352514d3-16e8-44e7-9f6c-25a5b2684069
2022-03-09 17:23:02,181 [IPC Server handler 1 on default port 34459] INFO  node.SCMNodeManager (SCMNodeManager.java:register(391)) - Registered Data node : 352514d3-16e8-44e7-9f6c-25a5b2684069{ip: 127.0.0.1, host: localhost, ports: [REPLICATION=37469, RATIS=37197, RATIS_ADMIN=37197, RATIS_SERVER=37197, STANDALONE=38249], networkLocation: /default-rack, certSerialId: null, persistedOpState: null, persistedOpStateExpiryEpochSec: 0}
2022-03-09 17:23:02,181 [EventQueue-NewNodeForNewNodeHandler] INFO  pipeline.BackgroundPipelineCreator (BackgroundPipelineCreator.java:notifyEventTriggered(285)) - trigger a one-shot run on RatisPipelineUtilsThread.
2022-03-09 17:23:02,182 [RatisPipelineUtilsThread - 0] INFO  pipeline.RatisPipelineProvider (RatisPipelineProvider.java:lambda$create$0(183)) - Sending CreatePipelineCommand for pipeline:PipelineID=f616d121-2706-4163-8920-91a0848e2091 to datanode:352514d3-16e8-44e7-9f6c-25a5b2684069
2022-03-09 17:23:02,182 [EventQueue-NodeRegistrationContainerReportForDataNodeSafeModeRule] INFO  safemode.SCMSafeModeManager (DataNodeSafeModeRule.java:process(71)) - SCM in safe mode. 3 DataNodes registered, 3 required.
2022-03-09 17:23:02,183 [EventQueue-NodeRegistrationContainerReportForDataNodeSafeModeRule] INFO  safemode.SCMSafeModeManager (SCMSafeModeManager.java:validateSafeModeExitRules(204)) - DataNodeSafeModeRule rule is successfully validated
2022-03-09 17:23:02,183 [EventQueue-NodeRegistrationContainerReportForDataNodeSafeModeRule] INFO  safemode.SCMSafeModeManager (SCMSafeModeManager.java:completePreCheck(233)) - All SCM safe mode pre check rules have passed
2022-03-09 17:23:02,183 [EventQueue-NodeRegistrationContainerReportForDataNodeSafeModeRule] WARN  events.EventQueue (EventQueue.java:fireEvent(194)) - No event handler registered for event TypedEvent{payloadType=SafeModeStatus, name='Safe mode status'}
2022-03-09 17:23:02,183 [EventQueue-NodeRegistrationContainerReportForDataNodeSafeModeRule] INFO  ha.SCMContext (SCMContext.java:updateSafeModeStatus(211)) - Update SafeModeStatus from SafeModeStatus{safeModeStatus=true, preCheckPassed=false} to SafeModeStatus{safeModeStatus=true, preCheckPassed=true}.
2022-03-09 17:23:02,183 [EventQueue-NodeRegistrationContainerReportForDataNodeSafeModeRule] INFO  pipeline.BackgroundPipelineCreator (BackgroundPipelineCreator.java:notifyEventTriggered(285)) - trigger a one-shot run on RatisPipelineUtilsThread.
2022-03-09 17:23:02,199 [IPC Server handler 1 on default port 39101] INFO  net.NetworkTopologyImpl (NetworkTopologyImpl.java:add(112)) - Added a new node: /default-rack/352514d3-16e8-44e7-9f6c-25a5b2684069
2022-03-09 17:23:02,199 [IPC Server handler 1 on default port 39101] INFO  node.SCMNodeManager (SCMNodeManager.java:register(391)) - Registered Data node : 352514d3-16e8-44e7-9f6c-25a5b2684069{ip: 127.0.0.1, host: localhost, ports: [REPLICATION=37469, RATIS=37197, RATIS_ADMIN=37197, RATIS_SERVER=37197, STANDALONE=38249], networkLocation: /default-rack, certSerialId: null, persistedOpState: null, persistedOpStateExpiryEpochSec: 0}
2022-03-09 17:23:02,200 [EventQueue-NewNodeForNewNodeHandler] INFO  pipeline.BackgroundPipelineCreator (BackgroundPipelineCreator.java:notifyEventTriggered(279)) - ignore, not leader SCM.
2022-03-09 17:23:02,212 [EventQueue-NodeRegistrationContainerReportForDataNodeSafeModeRule] INFO  safemode.SCMSafeModeManager (DataNodeSafeModeRule.java:process(71)) - SCM in safe mode. 3 DataNodes registered, 3 required.
2022-03-09 17:23:02,212 [EventQueue-NodeRegistrationContainerReportForDataNodeSafeModeRule] INFO  safemode.SCMSafeModeManager (SCMSafeModeManager.java:validateSafeModeExitRules(204)) - DataNodeSafeModeRule rule is successfully validated
2022-03-09 17:23:02,212 [EventQueue-NodeRegistrationContainerReportForDataNodeSafeModeRule] INFO  safemode.SCMSafeModeManager (SCMSafeModeManager.java:completePreCheck(233)) - All SCM safe mode pre check rules have passed
2022-03-09 17:23:02,212 [EventQueue-NodeRegistrationContainerReportForDataNodeSafeModeRule] WARN  events.EventQueue (EventQueue.java:fireEvent(194)) - No event handler registered for event TypedEvent{payloadType=SafeModeStatus, name='Safe mode status'}
2022-03-09 17:23:02,212 [EventQueue-NodeRegistrationContainerReportForDataNodeSafeModeRule] INFO  ha.SCMContext (SCMContext.java:updateSafeModeStatus(211)) - Update SafeModeStatus from SafeModeStatus{safeModeStatus=true, preCheckPassed=false} to SafeModeStatus{safeModeStatus=true, preCheckPassed=true}.
2022-03-09 17:23:02,212 [EventQueue-NodeRegistrationContainerReportForDataNodeSafeModeRule] INFO  pipeline.BackgroundPipelineCreator (BackgroundPipelineCreator.java:notifyEventTriggered(279)) - ignore, not leader SCM.
2022-03-09 17:23:02,236 [ab171f79-80bf-4db9-ba30-7c5fcf45ffba@group-5343D3A56795-StateMachineUpdater] INFO  pipeline.PipelineStateManagerImpl (PipelineStateManagerImpl.java:addPipeline(101)) - Created pipeline Pipeline[ Id: f616d121-2706-4163-8920-91a0848e2091, Nodes: 352514d3-16e8-44e7-9f6c-25a5b2684069{ip: 127.0.0.1, host: localhost, ports: [REPLICATION=37469, RATIS=37197, RATIS_ADMIN=37197, RATIS_SERVER=37197, STANDALONE=38249], networkLocation: /default-rack, certSerialId: null, persistedOpState: IN_SERVICE, persistedOpStateExpiryEpochSec: 0}, ReplicationConfig: RATIS/ONE, State:ALLOCATED, leaderId:, CreationTimestamp2022-03-09T17:23:02.182Z[Etc/UTC]].
2022-03-09 17:23:02,236 [ab171f79-80bf-4db9-ba30-7c5fcf45ffba@group-5343D3A56795-StateMachineUpdater] INFO  safemode.HealthyPipelineSafeModeRule (HealthyPipelineSafeModeRule.java:initializeRule(152)) - Refreshed total pipeline count is 0, healthy pipeline threshold count is 1
2022-03-09 17:23:02,237 [RatisPipelineUtilsThread - 0] INFO  pipeline.RatisPipelineProvider (RatisPipelineProvider.java:lambda$create$0(183)) - Sending CreatePipelineCommand for pipeline:PipelineID=23521788-aeaa-40a3-9537-d5f1ec85b8fd to datanode:9cf3ac85-5088-4438-9438-d8e46945dabb
2022-03-09 17:23:02,237 [RatisPipelineUtilsThread - 0] INFO  pipeline.RatisPipelineProvider (RatisPipelineProvider.java:lambda$create$0(183)) - Sending CreatePipelineCommand for pipeline:PipelineID=23521788-aeaa-40a3-9537-d5f1ec85b8fd to datanode:8d38cd26-4da6-46a4-aba6-9da1aef73967
2022-03-09 17:23:02,237 [RatisPipelineUtilsThread - 0] INFO  pipeline.RatisPipelineProvider (RatisPipelineProvider.java:lambda$create$0(183)) - Sending CreatePipelineCommand for pipeline:PipelineID=23521788-aeaa-40a3-9537-d5f1ec85b8fd to datanode:352514d3-16e8-44e7-9f6c-25a5b2684069
2022-03-09 17:23:02,249 [dae587cf-c5b5-4dcf-9320-ec0de1a92622@group-5343D3A56795-StateMachineUpdater] INFO  pipeline.PipelineStateManagerImpl (PipelineStateManagerImpl.java:addPipeline(101)) - Created pipeline Pipeline[ Id: f616d121-2706-4163-8920-91a0848e2091, Nodes: 352514d3-16e8-44e7-9f6c-25a5b2684069{ip: 127.0.0.1, host: localhost, ports: [REPLICATION=37469, RATIS=37197, RATIS_ADMIN=37197, RATIS_SERVER=37197, STANDALONE=38249], networkLocation: /default-rack, certSerialId: null, persistedOpState: IN_SERVICE, persistedOpStateExpiryEpochSec: 0}, ReplicationConfig: RATIS/ONE, State:ALLOCATED, leaderId:, CreationTimestamp2022-03-09T17:23:02.182Z[Etc/UTC]].
2022-03-09 17:23:02,249 [dae587cf-c5b5-4dcf-9320-ec0de1a92622@group-5343D3A56795-StateMachineUpdater] INFO  safemode.HealthyPipelineSafeModeRule (HealthyPipelineSafeModeRule.java:initializeRule(152)) - Refreshed total pipeline count is 0, healthy pipeline threshold count is 1
2022-03-09 17:23:02,256 [ab171f79-80bf-4db9-ba30-7c5fcf45ffba@group-5343D3A56795-StateMachineUpdater] INFO  pipeline.PipelineStateManagerImpl (PipelineStateManagerImpl.java:addPipeline(101)) - Created pipeline Pipeline[ Id: 23521788-aeaa-40a3-9537-d5f1ec85b8fd, Nodes: 9cf3ac85-5088-4438-9438-d8e46945dabb{ip: 127.0.0.1, host: localhost, ports: [REPLICATION=46769, RATIS=38217, RATIS_ADMIN=38217, RATIS_SERVER=38217, STANDALONE=33707], networkLocation: /default-rack, certSerialId: null, persistedOpState: IN_SERVICE, persistedOpStateExpiryEpochSec: 0}8d38cd26-4da6-46a4-aba6-9da1aef73967{ip: 127.0.0.1, host: localhost, ports: [REPLICATION=40367, RATIS=43435, RATIS_ADMIN=43435, RATIS_SERVER=43435, STANDALONE=39745], networkLocation: /default-rack, certSerialId: null, persistedOpState: IN_SERVICE, persistedOpStateExpiryEpochSec: 0}352514d3-16e8-44e7-9f6c-25a5b2684069{ip: 127.0.0.1, host: localhost, ports: [REPLICATION=37469, RATIS=37197, RATIS_ADMIN=37197, RATIS_SERVER=37197, STANDALONE=38249], networkLocation: /default-rack, certSerialId: null, persistedOpState: IN_SERVICE, persistedOpStateExpiryEpochSec: 0}, ReplicationConfig: RATIS/THREE, State:ALLOCATED, leaderId:, CreationTimestamp2022-03-09T17:23:02.237Z[Etc/UTC]].
2022-03-09 17:23:02,256 [ab171f79-80bf-4db9-ba30-7c5fcf45ffba@group-5343D3A56795-StateMachineUpdater] INFO  safemode.HealthyPipelineSafeModeRule (HealthyPipelineSafeModeRule.java:initializeRule(152)) - Refreshed total pipeline count is 0, healthy pipeline threshold count is 1
2022-03-09 17:23:02,258 [RatisPipelineUtilsThread - 0] INFO  pipeline.RatisPipelineProvider (RatisPipelineProvider.java:lambda$create$0(183)) - Sending CreatePipelineCommand for pipeline:PipelineID=b8001ebf-700b-4a5f-a6f5-f4c19fbcf0d5 to datanode:9cf3ac85-5088-4438-9438-d8e46945dabb
2022-03-09 17:23:02,258 [RatisPipelineUtilsThread - 0] INFO  pipeline.RatisPipelineProvider (RatisPipelineProvider.java:lambda$create$0(183)) - Sending CreatePipelineCommand for pipeline:PipelineID=b8001ebf-700b-4a5f-a6f5-f4c19fbcf0d5 to datanode:8d38cd26-4da6-46a4-aba6-9da1aef73967
2022-03-09 17:23:02,258 [RatisPipelineUtilsThread - 0] INFO  pipeline.RatisPipelineProvider (RatisPipelineProvider.java:lambda$create$0(183)) - Sending CreatePipelineCommand for pipeline:PipelineID=b8001ebf-700b-4a5f-a6f5-f4c19fbcf0d5 to datanode:352514d3-16e8-44e7-9f6c-25a5b2684069
2022-03-09 17:23:02,267 [dae587cf-c5b5-4dcf-9320-ec0de1a92622@group-5343D3A56795-StateMachineUpdater] INFO  pipeline.PipelineStateManagerImpl (PipelineStateManagerImpl.java:addPipeline(101)) - Created pipeline Pipeline[ Id: 23521788-aeaa-40a3-9537-d5f1ec85b8fd, Nodes: 9cf3ac85-5088-4438-9438-d8e46945dabb{ip: 127.0.0.1, host: localhost, ports: [REPLICATION=46769, RATIS=38217, RATIS_ADMIN=38217, RATIS_SERVER=38217, STANDALONE=33707], networkLocation: /default-rack, certSerialId: null, persistedOpState: IN_SERVICE, persistedOpStateExpiryEpochSec: 0}8d38cd26-4da6-46a4-aba6-9da1aef73967{ip: 127.0.0.1, host: localhost, ports: [REPLICATION=40367, RATIS=43435, RATIS_ADMIN=43435, RATIS_SERVER=43435, STANDALONE=39745], networkLocation: /default-rack, certSerialId: null, persistedOpState: IN_SERVICE, persistedOpStateExpiryEpochSec: 0}352514d3-16e8-44e7-9f6c-25a5b2684069{ip: 127.0.0.1, host: localhost, ports: [REPLICATION=37469, RATIS=37197, RATIS_ADMIN=37197, RATIS_SERVER=37197, STANDALONE=38249], networkLocation: /default-rack, certSerialId: null, persistedOpState: IN_SERVICE, persistedOpStateExpiryEpochSec: 0}, ReplicationConfig: RATIS/THREE, State:ALLOCATED, leaderId:, CreationTimestamp2022-03-09T17:23:02.237Z[Etc/UTC]].
2022-03-09 17:23:02,268 [dae587cf-c5b5-4dcf-9320-ec0de1a92622@group-5343D3A56795-StateMachineUpdater] INFO  safemode.HealthyPipelineSafeModeRule (HealthyPipelineSafeModeRule.java:initializeRule(152)) - Refreshed total pipeline count is 0, healthy pipeline threshold count is 1
2022-03-09 17:23:02,268 [dae587cf-c5b5-4dcf-9320-ec0de1a92622@group-5343D3A56795-StateMachineUpdater] INFO  ha.SCMStateMachine (SCMStateMachine.java:takeSnapshot(297)) - Current Snapshot Index 13, takeSnapshot took 0 ms
2022-03-09 17:23:02,268 [dae587cf-c5b5-4dcf-9320-ec0de1a92622@group-5343D3A56795-StateMachineUpdater] INFO  impl.StateMachineUpdater (StateMachineUpdater.java:takeSnapshot(281)) - dae587cf-c5b5-4dcf-9320-ec0de1a92622@group-5343D3A56795-StateMachineUpdater: Took a snapshot at index 13
2022-03-09 17:23:02,268 [dae587cf-c5b5-4dcf-9320-ec0de1a92622@group-5343D3A56795-StateMachineUpdater] INFO  impl.StateMachineUpdater (StateMachineUpdater.java:lambda$new$0(89)) - dae587cf-c5b5-4dcf-9320-ec0de1a92622@group-5343D3A56795-StateMachineUpdater: snapshotIndex: updateIncreasingly 7 -> 13
2022-03-09 17:23:02,268 [dae587cf-c5b5-4dcf-9320-ec0de1a92622@group-5343D3A56795-StateMachineUpdater] INFO  raftlog.RaftLog (RaftLogBase.java:purge(306)) - dae587cf-c5b5-4dcf-9320-ec0de1a92622@group-5343D3A56795-SegmentedRaftLog: purge 13
2022-03-09 17:23:02,268 [dae587cf-c5b5-4dcf-9320-ec0de1a92622@group-5343D3A56795-StateMachineUpdater] INFO  raftlog.RaftLog (RaftLogBase.java:lambda$new$0(53)) - dae587cf-c5b5-4dcf-9320-ec0de1a92622@group-5343D3A56795-SegmentedRaftLog: snapshotIndex: updateIncreasingly 7 -> 13
2022-03-09 17:23:02,268 [dae587cf-c5b5-4dcf-9320-ec0de1a92622@group-5343D3A56795-StateMachineUpdater] INFO  raftlog.RaftLog (RaftLogBase.java:lambda$new$0(53)) - dae587cf-c5b5-4dcf-9320-ec0de1a92622@group-5343D3A56795-SegmentedRaftLog: purgeIndex: updateToMax old=7, new=13, updated? true
2022-03-09 17:23:02,276 [ab171f79-80bf-4db9-ba30-7c5fcf45ffba@group-5343D3A56795-StateMachineUpdater] INFO  pipeline.PipelineStateManagerImpl (PipelineStateManagerImpl.java:addPipeline(101)) - Created pipeline Pipeline[ Id: b8001ebf-700b-4a5f-a6f5-f4c19fbcf0d5, Nodes: 9cf3ac85-5088-4438-9438-d8e46945dabb{ip: 127.0.0.1, host: localhost, ports: [REPLICATION=46769, RATIS=38217, RATIS_ADMIN=38217, RATIS_SERVER=38217, STANDALONE=33707], networkLocation: /default-rack, certSerialId: null, persistedOpState: IN_SERVICE, persistedOpStateExpiryEpochSec: 0}8d38cd26-4da6-46a4-aba6-9da1aef73967{ip: 127.0.0.1, host: localhost, ports: [REPLICATION=40367, RATIS=43435, RATIS_ADMIN=43435, RATIS_SERVER=43435, STANDALONE=39745], networkLocation: /default-rack, certSerialId: null, persistedOpState: IN_SERVICE, persistedOpStateExpiryEpochSec: 0}352514d3-16e8-44e7-9f6c-25a5b2684069{ip: 127.0.0.1, host: localhost, ports: [REPLICATION=37469, RATIS=37197, RATIS_ADMIN=37197, RATIS_SERVER=37197, STANDALONE=38249], networkLocation: /default-rack, certSerialId: null, persistedOpState: IN_SERVICE, persistedOpStateExpiryEpochSec: 0}, ReplicationConfig: RATIS/THREE, State:ALLOCATED, leaderId:, CreationTimestamp2022-03-09T17:23:02.258Z[Etc/UTC]].
2022-03-09 17:23:02,276 [ab171f79-80bf-4db9-ba30-7c5fcf45ffba@group-5343D3A56795-StateMachineUpdater] INFO  safemode.HealthyPipelineSafeModeRule (HealthyPipelineSafeModeRule.java:initializeRule(152)) - Refreshed total pipeline count is 0, healthy pipeline threshold count is 1
2022-03-09 17:23:02,276 [ab171f79-80bf-4db9-ba30-7c5fcf45ffba@group-5343D3A56795-StateMachineUpdater] INFO  ha.SCMStateMachine (SCMStateMachine.java:takeSnapshot(297)) - Current Snapshot Index 15, takeSnapshot took 0 ms
2022-03-09 17:23:02,276 [ab171f79-80bf-4db9-ba30-7c5fcf45ffba@group-5343D3A56795-StateMachineUpdater] INFO  impl.StateMachineUpdater (StateMachineUpdater.java:takeSnapshot(281)) - ab171f79-80bf-4db9-ba30-7c5fcf45ffba@group-5343D3A56795-StateMachineUpdater: Took a snapshot at index 15
2022-03-09 17:23:02,276 [ab171f79-80bf-4db9-ba30-7c5fcf45ffba@group-5343D3A56795-StateMachineUpdater] INFO  impl.StateMachineUpdater (StateMachineUpdater.java:lambda$new$0(89)) - ab171f79-80bf-4db9-ba30-7c5fcf45ffba@group-5343D3A56795-StateMachineUpdater: snapshotIndex: updateIncreasingly 10 -> 15
2022-03-09 17:23:02,276 [ab171f79-80bf-4db9-ba30-7c5fcf45ffba@group-5343D3A56795-StateMachineUpdater] INFO  raftlog.RaftLog (RaftLogBase.java:purge(306)) - ab171f79-80bf-4db9-ba30-7c5fcf45ffba@group-5343D3A56795-SegmentedRaftLog: purge 15
2022-03-09 17:23:02,276 [ab171f79-80bf-4db9-ba30-7c5fcf45ffba@group-5343D3A56795-StateMachineUpdater] INFO  raftlog.RaftLog (RaftLogBase.java:lambda$new$0(53)) - ab171f79-80bf-4db9-ba30-7c5fcf45ffba@group-5343D3A56795-SegmentedRaftLog: snapshotIndex: updateIncreasingly 10 -> 15
2022-03-09 17:23:02,276 [ab171f79-80bf-4db9-ba30-7c5fcf45ffba@group-5343D3A56795-StateMachineUpdater] INFO  raftlog.RaftLog (RaftLogBase.java:lambda$new$0(53)) - ab171f79-80bf-4db9-ba30-7c5fcf45ffba@group-5343D3A56795-SegmentedRaftLog: purgeIndex: updateToMax old=10, new=15, updated? true
2022-03-09 17:23:02,276 [RatisPipelineUtilsThread - 0] INFO  pipeline.PipelineManagerImpl (PipelineManagerImpl.java:recordMetricsForPipeline(639)) - Pipeline: PipelineID=b8001ebf-700b-4a5f-a6f5-f4c19fbcf0d5 contains same datanodes as previous pipelines: PipelineID=23521788-aeaa-40a3-9537-d5f1ec85b8fd nodeIds: 9cf3ac85-5088-4438-9438-d8e46945dabb, 8d38cd26-4da6-46a4-aba6-9da1aef73967, 352514d3-16e8-44e7-9f6c-25a5b2684069
2022-03-09 17:23:02,288 [dae587cf-c5b5-4dcf-9320-ec0de1a92622@group-5343D3A56795-StateMachineUpdater] INFO  pipeline.PipelineStateManagerImpl (PipelineStateManagerImpl.java:addPipeline(101)) - Created pipeline Pipeline[ Id: b8001ebf-700b-4a5f-a6f5-f4c19fbcf0d5, Nodes: 9cf3ac85-5088-4438-9438-d8e46945dabb{ip: 127.0.0.1, host: localhost, ports: [REPLICATION=46769, RATIS=38217, RATIS_ADMIN=38217, RATIS_SERVER=38217, STANDALONE=33707], networkLocation: /default-rack, certSerialId: null, persistedOpState: IN_SERVICE, persistedOpStateExpiryEpochSec: 0}8d38cd26-4da6-46a4-aba6-9da1aef73967{ip: 127.0.0.1, host: localhost, ports: [REPLICATION=40367, RATIS=43435, RATIS_ADMIN=43435, RATIS_SERVER=43435, STANDALONE=39745], networkLocation: /default-rack, certSerialId: null, persistedOpState: IN_SERVICE, persistedOpStateExpiryEpochSec: 0}352514d3-16e8-44e7-9f6c-25a5b2684069{ip: 127.0.0.1, host: localhost, ports: [REPLICATION=37469, RATIS=37197, RATIS_ADMIN=37197, RATIS_SERVER=37197, STANDALONE=38249], networkLocation: /default-rack, certSerialId: null, persistedOpState: IN_SERVICE, persistedOpStateExpiryEpochSec: 0}, ReplicationConfig: RATIS/THREE, State:ALLOCATED, leaderId:, CreationTimestamp2022-03-09T17:23:02.258Z[Etc/UTC]].
2022-03-09 17:23:02,289 [dae587cf-c5b5-4dcf-9320-ec0de1a92622@group-5343D3A56795-StateMachineUpdater] INFO  safemode.HealthyPipelineSafeModeRule (HealthyPipelineSafeModeRule.java:initializeRule(152)) - Refreshed total pipeline count is 0, healthy pipeline threshold count is 1
2022-03-09 17:23:02,448 [EndpointStateMachine task thread for /127.0.0.1:40365 - 0 ] INFO  ipc.Client (Client.java:handleConnectionFailure(977)) - Retrying connect to server: localhost/127.0.0.1:40365. Already tried 0 time(s); retry policy is RetryUpToMaximumCountWithFixedSleep(maxRetries=15, sleepTime=1000 MILLISECONDS)
2022-03-09 17:23:02,462 [EndpointStateMachine task thread for /127.0.0.1:38239 - 0 ] INFO  ipc.Client (Client.java:handleConnectionFailure(977)) - Retrying connect to server: localhost/127.0.0.1:38239. Already tried 0 time(s); retry policy is RetryUpToMaximumCountWithFixedSleep(maxRetries=15, sleepTime=1000 MILLISECONDS)
2022-03-09 17:23:02,489 [EndpointStateMachine task thread for /127.0.0.1:45657 - 0 ] INFO  ipc.Client (Client.java:handleConnectionFailure(977)) - Retrying connect to server: localhost/127.0.0.1:45657. Already tried 0 time(s); retry policy is RetryUpToMaximumCountWithFixedSleep(maxRetries=15, sleepTime=1000 MILLISECONDS)
2022-03-09 17:23:03,098 [Listener at 127.0.0.1/45999] INFO  ozone.MiniOzoneClusterImpl (MiniOzoneClusterImpl.java:lambda$waitForClusterToBeReady$0(219)) - Nodes are ready. Got 3 of 3 DN Heartbeats.
2022-03-09 17:23:03,098 [Listener at 127.0.0.1/45999] INFO  ozone.MiniOzoneClusterImpl (MiniOzoneClusterImpl.java:lambda$waitForClusterToBeReady$0(222)) - Waiting for cluster to exit safe mode
2022-03-09 17:23:03,098 [Listener at 127.0.0.1/45999] INFO  ozone.MiniOzoneClusterImpl (MiniOzoneClusterImpl.java:lambda$waitForClusterToBeReady$0(224)) - SCM became leader
2022-03-09 17:23:03,448 [EndpointStateMachine task thread for /127.0.0.1:40365 - 0 ] INFO  ipc.Client (Client.java:handleConnectionFailure(977)) - Retrying connect to server: localhost/127.0.0.1:40365. Already tried 1 time(s); retry policy is RetryUpToMaximumCountWithFixedSleep(maxRetries=15, sleepTime=1000 MILLISECONDS)
2022-03-09 17:23:03,463 [EndpointStateMachine task thread for /127.0.0.1:38239 - 0 ] INFO  ipc.Client (Client.java:handleConnectionFailure(977)) - Retrying connect to server: localhost/127.0.0.1:38239. Already tried 1 time(s); retry policy is RetryUpToMaximumCountWithFixedSleep(maxRetries=15, sleepTime=1000 MILLISECONDS)
2022-03-09 17:23:03,490 [EndpointStateMachine task thread for /127.0.0.1:45657 - 0 ] INFO  ipc.Client (Client.java:handleConnectionFailure(977)) - Retrying connect to server: localhost/127.0.0.1:45657. Already tried 1 time(s); retry policy is RetryUpToMaximumCountWithFixedSleep(maxRetries=15, sleepTime=1000 MILLISECONDS)
2022-03-09 17:23:03,652 [Datanode State Machine Daemon Thread] ERROR datanode.RunningDatanodeState (RunningDatanodeState.java:computeNextContainerState(201)) - Error in executing end point task.
java.util.concurrent.ExecutionException: java.util.concurrent.TimeoutException
	at java.util.concurrent.FutureTask.report(FutureTask.java:122)
	at java.util.concurrent.FutureTask.get(FutureTask.java:192)
	at org.apache.hadoop.ozone.container.common.states.datanode.RunningDatanodeState.computeNextContainerState(RunningDatanodeState.java:193)
	at org.apache.hadoop.ozone.container.common.states.datanode.RunningDatanodeState.await(RunningDatanodeState.java:233)
	at org.apache.hadoop.ozone.container.common.states.datanode.RunningDatanodeState.await(RunningDatanodeState.java:50)
	at org.apache.hadoop.ozone.container.common.statemachine.StateContext.execute(StateContext.java:658)
	at org.apache.hadoop.ozone.container.common.statemachine.DatanodeStateMachine.startStateMachineThread(DatanodeStateMachine.java:283)
	at org.apache.hadoop.ozone.container.common.statemachine.DatanodeStateMachine.lambda$startDaemon$0(DatanodeStateMachine.java:471)
	at java.lang.Thread.run(Thread.java:750)
Caused by: java.util.concurrent.TimeoutException
	at java.util.concurrent.FutureTask.get(FutureTask.java:205)
	at org.apache.hadoop.ozone.container.common.states.datanode.RunningDatanodeState.lambda$execute$0(RunningDatanodeState.java:151)
	at java.util.concurrent.FutureTask.run(FutureTask.java:266)
	at java.util.concurrent.Executors$RunnableAdapter.call(Executors.java:511)
	at java.util.concurrent.FutureTask.run(FutureTask.java:266)
	at java.util.concurrent.ThreadPoolExecutor.runWorker(ThreadPoolExecutor.java:1149)
	at java.util.concurrent.ThreadPoolExecutor$Worker.run(ThreadPoolExecutor.java:624)
	... 1 more
2022-03-09 17:23:04,098 [Listener at 127.0.0.1/45999] INFO  ozone.MiniOzoneClusterImpl (MiniOzoneClusterImpl.java:lambda$waitForClusterToBeReady$0(219)) - Nodes are ready. Got 3 of 3 DN Heartbeats.
2022-03-09 17:23:04,099 [Listener at 127.0.0.1/45999] INFO  ozone.MiniOzoneClusterImpl (MiniOzoneClusterImpl.java:lambda$waitForClusterToBeReady$0(222)) - Waiting for cluster to exit safe mode
2022-03-09 17:23:04,099 [Listener at 127.0.0.1/45999] INFO  ozone.MiniOzoneClusterImpl (MiniOzoneClusterImpl.java:lambda$waitForClusterToBeReady$0(224)) - SCM became leader
2022-03-09 17:23:04,179 [Datanode State Machine Daemon Thread] ERROR datanode.RunningDatanodeState (RunningDatanodeState.java:computeNextContainerState(201)) - Error in executing end point task.
java.util.concurrent.ExecutionException: java.util.concurrent.TimeoutException
	at java.util.concurrent.FutureTask.report(FutureTask.java:122)
	at java.util.concurrent.FutureTask.get(FutureTask.java:192)
	at org.apache.hadoop.ozone.container.common.states.datanode.RunningDatanodeState.computeNextContainerState(RunningDatanodeState.java:193)
	at org.apache.hadoop.ozone.container.common.states.datanode.RunningDatanodeState.await(RunningDatanodeState.java:233)
	at org.apache.hadoop.ozone.container.common.states.datanode.RunningDatanodeState.await(RunningDatanodeState.java:50)
	at org.apache.hadoop.ozone.container.common.statemachine.StateContext.execute(StateContext.java:658)
	at org.apache.hadoop.ozone.container.common.statemachine.DatanodeStateMachine.startStateMachineThread(DatanodeStateMachine.java:283)
	at org.apache.hadoop.ozone.container.common.statemachine.DatanodeStateMachine.lambda$startDaemon$0(DatanodeStateMachine.java:471)
	at java.lang.Thread.run(Thread.java:750)
Caused by: java.util.concurrent.TimeoutException
	at java.util.concurrent.FutureTask.get(FutureTask.java:205)
	at org.apache.hadoop.ozone.container.common.states.datanode.RunningDatanodeState.lambda$execute$0(RunningDatanodeState.java:151)
	at java.util.concurrent.FutureTask.run(FutureTask.java:266)
	at java.util.concurrent.Executors$RunnableAdapter.call(Executors.java:511)
	at java.util.concurrent.FutureTask.run(FutureTask.java:266)
	at java.util.concurrent.ThreadPoolExecutor.runWorker(ThreadPoolExecutor.java:1149)
	at java.util.concurrent.ThreadPoolExecutor$Worker.run(ThreadPoolExecutor.java:624)
	... 1 more
2022-03-09 17:23:04,259 [Command processor thread] INFO  server.RaftServer (RaftServerProxy.java:addNew(95)) - 9cf3ac85-5088-4438-9438-d8e46945dabb: addNew group-FC19921ED26B:[9cf3ac85-5088-4438-9438-d8e46945dabb|rpc:127.0.0.1:38217|priority:1] returns group-FC19921ED26B:java.util.concurrent.CompletableFuture@810339a[Not completed]
2022-03-09 17:23:04,261 [pool-360-thread-1] INFO  server.RaftServer$Division (RaftServerImpl.java:<init>(184)) - 9cf3ac85-5088-4438-9438-d8e46945dabb: new RaftServerImpl for group-FC19921ED26B:[9cf3ac85-5088-4438-9438-d8e46945dabb|rpc:127.0.0.1:38217|priority:1] with ContainerStateMachine:uninitialized
2022-03-09 17:23:04,264 [pool-360-thread-1] INFO  server.RaftServerConfigKeys (ConfUtils.java:logGet(44)) - raft.server.rpc.timeout.min = 5s (custom)
2022-03-09 17:23:04,264 [pool-360-thread-1] INFO  server.RaftServerConfigKeys (ConfUtils.java:logGet(44)) - raft.server.rpc.timeout.max = 5200ms (custom)
2022-03-09 17:23:04,264 [pool-360-thread-1] INFO  server.RaftServerConfigKeys (ConfUtils.java:logGet(44)) - raft.server.rpc.sleep.time = 25ms (default)
2022-03-09 17:23:04,264 [pool-360-thread-1] INFO  server.RaftServerConfigKeys (ConfUtils.java:logGet(44)) - raft.server.rpc.slowness.timeout = 300s (custom)
2022-03-09 17:23:04,264 [pool-360-thread-1] INFO  server.RaftServerConfigKeys (ConfUtils.java:logGet(44)) - raft.server.leaderelection.leader.step-down.wait-time = 10s (default)
2022-03-09 17:23:04,264 [pool-360-thread-1] INFO  server.RaftServerConfigKeys (ConfUtils.java:logGet(44)) - raft.server.sleep.deviation.threshold = 300ms (default)
2022-03-09 17:23:04,264 [pool-360-thread-1] INFO  server.RaftServerConfigKeys (ConfUtils.java:logGet(44)) - raft.server.log.appender.install.snapshot.enabled = false (custom)
2022-03-09 17:23:04,264 [pool-360-thread-1] INFO  server.RaftServer$Division (ServerState.java:<init>(105)) - 9cf3ac85-5088-4438-9438-d8e46945dabb@group-FC19921ED26B: ConfigurationManager, init=-1: [9cf3ac85-5088-4438-9438-d8e46945dabb|rpc:127.0.0.1:38217|priority:1], old=null, confs=<EMPTY_MAP>
2022-03-09 17:23:04,264 [pool-360-thread-1] INFO  server.RaftServerConfigKeys (ConfUtils.java:logGet(44)) - raft.server.storage.dir = [/home/runner/work/ozone/ozone/hadoop-ozone/integration-test/target/test-dir/MiniOzoneClusterImpl-aa50db73-d356-40d6-b3b5-5343d3a56795/datanode-0/data/ratis] (custom)
2022-03-09 17:23:04,264 [pool-360-thread-1] INFO  server.RaftServerConfigKeys (ConfUtils.java:logGet(44)) - raft.server.log.corruption.policy = EXCEPTION (default)
2022-03-09 17:23:04,264 [pool-360-thread-1] INFO  server.RaftServerConfigKeys (ConfUtils.java:logGet(44)) - raft.server.storage.free-space.min = 0MB (=0) (default)
2022-03-09 17:23:04,264 [pool-360-thread-1] INFO  storage.RaftStorageDirectory (RaftStorageDirectoryImpl.java:analyzeStorage(135)) - The storage directory /home/runner/work/ozone/ozone/hadoop-ozone/integration-test/target/test-dir/MiniOzoneClusterImpl-aa50db73-d356-40d6-b3b5-5343d3a56795/datanode-0/data/ratis/b87a2066-6465-4b05-90e4-fc19921ed26b does not exist. Creating ...
2022-03-09 17:23:04,266 [pool-360-thread-1] INFO  storage.RaftStorageDirectory (RaftStorageDirectoryImpl.java:tryLock(230)) - Lock on /home/runner/work/ozone/ozone/hadoop-ozone/integration-test/target/test-dir/MiniOzoneClusterImpl-aa50db73-d356-40d6-b3b5-5343d3a56795/datanode-0/data/ratis/b87a2066-6465-4b05-90e4-fc19921ed26b/in_use.lock acquired by nodename 7019@fv-az148-759
2022-03-09 17:23:04,268 [pool-360-thread-1] INFO  storage.RaftStorage (RaftStorageImpl.java:format(89)) - Storage directory /home/runner/work/ozone/ozone/hadoop-ozone/integration-test/target/test-dir/MiniOzoneClusterImpl-aa50db73-d356-40d6-b3b5-5343d3a56795/datanode-0/data/ratis/b87a2066-6465-4b05-90e4-fc19921ed26b has been successfully formatted.
2022-03-09 17:23:04,268 [pool-360-thread-1] INFO  ratis.ContainerStateMachine (ContainerStateMachine.java:loadSnapshot(236)) - group-FC19921ED26B: The snapshot info is null. Setting the last applied indexto:(t:0, i:~)
2022-03-09 17:23:04,268 [pool-360-thread-1] INFO  server.RaftServerConfigKeys (ConfUtils.java:logGet(44)) - raft.server.notification.no-leader.timeout = 300s (custom)
2022-03-09 17:23:04,268 [pool-360-thread-1] INFO  server.RaftServerConfigKeys (ConfUtils.java:logGet(44)) - raft.server.log.use.memory = false (default)
2022-03-09 17:23:04,268 [pool-360-thread-1] INFO  server.RaftServerConfigKeys (ConfUtils.java:logGet(44)) - raft.server.log.purge.gap = 1000000 (custom)
2022-03-09 17:23:04,268 [pool-360-thread-1] INFO  server.RaftServerConfigKeys (ConfUtils.java:logGet(44)) - raft.server.log.appender.buffer.byte-limit = 33554432 (custom)
2022-03-09 17:23:04,268 [pool-360-thread-1] INFO  server.RaftServerConfigKeys (ConfUtils.java:logGet(44)) - raft.server.log.segment.size.max = 1048576 (custom)
2022-03-09 17:23:04,269 [pool-360-thread-1] INFO  server.RaftServerConfigKeys (ConfUtils.java:logGet(44)) - raft.server.log.segment.cache.num.max = 2 (custom)
2022-03-09 17:23:04,269 [pool-360-thread-1] INFO  server.RaftServerConfigKeys (ConfUtils.java:logGet(44)) - raft.server.log.segment.cache.size.max = 200MB (=209715200) (default)
2022-03-09 17:23:04,269 [pool-360-thread-1] INFO  segmented.SegmentedRaftLogWorker (SegmentedRaftLogWorker.java:<init>(182)) - new 9cf3ac85-5088-4438-9438-d8e46945dabb@group-FC19921ED26B-SegmentedRaftLogWorker for RaftStorageImpl:Storage Directory /home/runner/work/ozone/ozone/hadoop-ozone/integration-test/target/test-dir/MiniOzoneClusterImpl-aa50db73-d356-40d6-b3b5-5343d3a56795/datanode-0/data/ratis/b87a2066-6465-4b05-90e4-fc19921ed26b
2022-03-09 17:23:04,269 [pool-360-thread-1] INFO  server.RaftServerConfigKeys (ConfUtils.java:logGet(44)) - raft.server.log.queue.byte-limit = 4294967296 (custom)
2022-03-09 17:23:04,269 [pool-360-thread-1] INFO  server.RaftServerConfigKeys (ConfUtils.java:logGet(44)) - raft.server.log.queue.element-limit = 1024 (custom)
2022-03-09 17:23:04,269 [pool-360-thread-1] INFO  server.RaftServerConfigKeys (ConfUtils.java:logGet(44)) - raft.server.log.segment.size.max = 1048576 (custom)
2022-03-09 17:23:04,269 [pool-360-thread-1] INFO  server.RaftServerConfigKeys (ConfUtils.java:logGet(44)) - raft.server.log.preallocated.size = 16384 (custom)
2022-03-09 17:23:04,269 [pool-360-thread-1] INFO  server.RaftServerConfigKeys (ConfUtils.java:logGet(44)) - raft.server.log.force.sync.num = 128 (default)
2022-03-09 17:23:04,269 [pool-360-thread-1] INFO  server.RaftServerConfigKeys (ConfUtils.java:logGet(44)) - raft.server.log.statemachine.data.sync = true (default)
2022-03-09 17:23:04,269 [pool-360-thread-1] INFO  server.RaftServerConfigKeys (ConfUtils.java:logGet(44)) - raft.server.log.statemachine.data.sync.timeout = 10s (default)
2022-03-09 17:23:04,269 [pool-360-thread-1] INFO  server.RaftServerConfigKeys (ConfUtils.java:logGet(44)) - raft.server.log.statemachine.data.sync.timeout.retry = -1 (default)
2022-03-09 17:23:04,270 [EventQueue-PipelineReportForPipelineReportHandler] INFO  pipeline.PipelineManagerImpl (PipelineManagerImpl.java:openPipeline(291)) - Pipeline Pipeline[ Id: b87a2066-6465-4b05-90e4-fc19921ed26b, Nodes: 9cf3ac85-5088-4438-9438-d8e46945dabb{ip: 127.0.0.1, host: localhost, ports: [REPLICATION=46769, RATIS=38217, RATIS_ADMIN=38217, RATIS_SERVER=38217, STANDALONE=33707], networkLocation: /default-rack, certSerialId: null, persistedOpState: IN_SERVICE, persistedOpStateExpiryEpochSec: 0}, ReplicationConfig: RATIS/ONE, State:ALLOCATED, leaderId:9cf3ac85-5088-4438-9438-d8e46945dabb, CreationTimestamp2022-03-09T17:23:01.259Z[Etc/UTC]] moved to OPEN state
2022-03-09 17:23:04,275 [EventQueue-PipelineReportForPipelineReportHandler] INFO  pipeline.PipelineManagerImpl (PipelineManagerImpl.java:openPipeline(291)) - Pipeline Pipeline[ Id: b87a2066-6465-4b05-90e4-fc19921ed26b, Nodes: 9cf3ac85-5088-4438-9438-d8e46945dabb{ip: 127.0.0.1, host: localhost, ports: [REPLICATION=46769, RATIS=38217, RATIS_ADMIN=38217, RATIS_SERVER=38217, STANDALONE=33707], networkLocation: /default-rack, certSerialId: null, persistedOpState: IN_SERVICE, persistedOpStateExpiryEpochSec: 0}, ReplicationConfig: RATIS/ONE, State:ALLOCATED, leaderId:9cf3ac85-5088-4438-9438-d8e46945dabb, CreationTimestamp2022-03-09T17:23:01.259Z[Etc/UTC]] moved to OPEN state
2022-03-09 17:23:04,280 [pool-360-thread-1] INFO  server.RaftServerConfigKeys (ConfUtils.java:logGet(44)) - raft.server.log.write.buffer.size = 1048576 (custom)
2022-03-09 17:23:04,280 [ab171f79-80bf-4db9-ba30-7c5fcf45ffba@group-5343D3A56795-StateMachineUpdater] INFO  safemode.HealthyPipelineSafeModeRule (HealthyPipelineSafeModeRule.java:initializeRule(152)) - Refreshed total pipeline count is 0, healthy pipeline threshold count is 1
2022-03-09 17:23:04,281 [pool-360-thread-1] INFO  server.RaftServerConfigKeys (ConfUtils.java:logGet(44)) - raft.server.log.statemachine.data.caching.enabled = true (custom)
2022-03-09 17:23:04,281 [pool-360-thread-1] INFO  segmented.SegmentedRaftLogWorker (SegmentedRaftLogWorker.java:lambda$new$0(133)) - 9cf3ac85-5088-4438-9438-d8e46945dabb@group-FC19921ED26B-SegmentedRaftLogWorker: flushIndex: setUnconditionally 0 -> -1
2022-03-09 17:23:04,281 [pool-360-thread-1] INFO  segmented.SegmentedRaftLogWorker (SegmentedRaftLogWorker.java:lambda$new$0(133)) - 9cf3ac85-5088-4438-9438-d8e46945dabb@group-FC19921ED26B-SegmentedRaftLogWorker: safeCacheEvictIndex: setUnconditionally 0 -> -1
2022-03-09 17:23:04,282 [pool-360-thread-1] INFO  server.RaftServerConfigKeys (ConfUtils.java:logGet(44)) - raft.server.snapshot.auto.trigger.enabled = true (custom)
2022-03-09 17:23:04,282 [pool-360-thread-1] INFO  server.RaftServerConfigKeys (ConfUtils.java:logGet(44)) - raft.server.snapshot.auto.trigger.threshold = 10000 (custom)
2022-03-09 17:23:04,282 [pool-360-thread-1] INFO  server.RaftServerConfigKeys (ConfUtils.java:logGet(44)) - raft.server.snapshot.retention.file.num = 5 (custom)
2022-03-09 17:23:04,282 [pool-360-thread-1] INFO  server.RaftServerConfigKeys (ConfUtils.java:logGet(44)) - raft.server.log.purge.upto.snapshot.index = false (default)
2022-03-09 17:23:04,282 [pool-360-thread-1] INFO  server.RaftServerConfigKeys (ConfUtils.java:logGet(44)) - raft.server.retrycache.expirytime = 600000ms (custom)
2022-03-09 17:23:04,283 [pool-360-thread-1] INFO  server.RaftServerConfigKeys (ConfUtils.java:logGet(44)) - raft.server.retrycache.statistics.expirytime = 100μs (default)
2022-03-09 17:23:04,287 [EndpointStateMachine task thread for /127.0.0.1:33977 - 0 ] WARN  statemachine.EndpointStateMachine (EndpointStateMachine.java:logIfNeeded(236)) - Unable to communicate to SCM server at localhost:33977 for past 0 seconds.
java.net.SocketTimeoutException: Call From fv-az148-759/10.1.0.51 to localhost:33977 failed on socket timeout exception: java.net.SocketTimeoutException: 5000 millis timeout while waiting for channel to be ready for read. ch : java.nio.channels.SocketChannel[connected local=/127.0.0.1:49278 remote=/127.0.0.1:33977]; For more details see:  http://wiki.apache.org/hadoop/SocketTimeout
	at sun.reflect.NativeConstructorAccessorImpl.newInstance0(Native Method)
	at sun.reflect.NativeConstructorAccessorImpl.newInstance(NativeConstructorAccessorImpl.java:62)
	at sun.reflect.DelegatingConstructorAccessorImpl.newInstance(DelegatingConstructorAccessorImpl.java:45)
	at java.lang.reflect.Constructor.newInstance(Constructor.java:423)
	at org.apache.hadoop.net.NetUtils.wrapWithMessage(NetUtils.java:913)
	at org.apache.hadoop.net.NetUtils.wrapException(NetUtils.java:848)
	at org.apache.hadoop.ipc.Client.getRpcResponse(Client.java:1577)
	at org.apache.hadoop.ipc.Client.call(Client.java:1519)
	at org.apache.hadoop.ipc.Client.call(Client.java:1416)
	at org.apache.hadoop.ipc.ProtobufRpcEngine$Invoker.invoke(ProtobufRpcEngine.java:236)
	at org.apache.hadoop.ipc.ProtobufRpcEngine$Invoker.invoke(ProtobufRpcEngine.java:123)
	at com.sun.proxy.$Proxy48.submitRequest(Unknown Source)
	at org.apache.hadoop.ozone.protocolPB.StorageContainerDatanodeProtocolClientSideTranslatorPB.submitRequest(StorageContainerDatanodeProtocolClientSideTranslatorPB.java:117)
	at org.apache.hadoop.ozone.protocolPB.StorageContainerDatanodeProtocolClientSideTranslatorPB.getVersion(StorageContainerDatanodeProtocolClientSideTranslatorPB.java:133)
	at org.apache.hadoop.ozone.container.common.states.endpoint.VersionEndpointTask.call(VersionEndpointTask.java:71)
	at org.apache.hadoop.ozone.container.common.states.endpoint.VersionEndpointTask.call(VersionEndpointTask.java:42)
	at java.util.concurrent.FutureTask.run(FutureTask.java:266)
	at java.util.concurrent.ThreadPoolExecutor.runWorker(ThreadPoolExecutor.java:1149)
	at java.util.concurrent.ThreadPoolExecutor$Worker.run(ThreadPoolExecutor.java:624)
	at java.lang.Thread.run(Thread.java:750)
Caused by: java.net.SocketTimeoutException: 5000 millis timeout while waiting for channel to be ready for read. ch : java.nio.channels.SocketChannel[connected local=/127.0.0.1:49278 remote=/127.0.0.1:33977]
	at org.apache.hadoop.net.SocketIOWithTimeout.doIO(SocketIOWithTimeout.java:164)
	at org.apache.hadoop.net.SocketInputStream.read(SocketInputStream.java:161)
	at org.apache.hadoop.net.SocketInputStream.read(SocketInputStream.java:131)
	at java.io.FilterInputStream.read(FilterInputStream.java:133)
	at java.io.BufferedInputStream.fill(BufferedInputStream.java:246)
	at java.io.BufferedInputStream.read(BufferedInputStream.java:265)
	at java.io.FilterInputStream.read(FilterInputStream.java:83)
	at java.io.FilterInputStream.read(FilterInputStream.java:83)
	at org.apache.hadoop.ipc.Client$Connection$PingInputStream.read(Client.java:563)
	at java.io.DataInputStream.readInt(DataInputStream.java:387)
	at org.apache.hadoop.ipc.Client$IpcStreams.readResponse(Client.java:1892)
	at org.apache.hadoop.ipc.Client$Connection.receiveRpcResponse(Client.java:1202)
	at org.apache.hadoop.ipc.Client$Connection.run(Client.java:1098)
2022-03-09 17:23:04,288 [pool-360-thread-1] INFO  server.RaftServer$Division (RaftServerImpl.java:start(301)) - 9cf3ac85-5088-4438-9438-d8e46945dabb@group-FC19921ED26B: start as a follower, conf=-1: [9cf3ac85-5088-4438-9438-d8e46945dabb|rpc:127.0.0.1:38217|priority:1], old=null
2022-03-09 17:23:04,304 [pool-360-thread-1] INFO  server.RaftServer$Division (RaftServerImpl.java:setRole(290)) - 9cf3ac85-5088-4438-9438-d8e46945dabb@group-FC19921ED26B: changes role from      null to FOLLOWER at term 0 for startAsFollower
2022-03-09 17:23:04,304 [pool-360-thread-1] INFO  impl.RoleInfo (RoleInfo.java:updateAndGet(130)) - 9cf3ac85-5088-4438-9438-d8e46945dabb: start 9cf3ac85-5088-4438-9438-d8e46945dabb@group-FC19921ED26B-FollowerState
2022-03-09 17:23:04,287 [EndpointStateMachine task thread for /127.0.0.1:33977 - 0 ] WARN  statemachine.EndpointStateMachine (EndpointStateMachine.java:logIfNeeded(236)) - Unable to communicate to SCM server at 127.0.0.1:33977 for past 0 seconds.
java.net.SocketTimeoutException: Call From fv-az148-759/10.1.0.51 to localhost:33977 failed on socket timeout exception: java.net.SocketTimeoutException: 5000 millis timeout while waiting for channel to be ready for read. ch : java.nio.channels.SocketChannel[connected local=/127.0.0.1:49278 remote=/127.0.0.1:33977]; For more details see:  http://wiki.apache.org/hadoop/SocketTimeout
	at sun.reflect.NativeConstructorAccessorImpl.newInstance0(Native Method)
	at sun.reflect.NativeConstructorAccessorImpl.newInstance(NativeConstructorAccessorImpl.java:62)
	at sun.reflect.DelegatingConstructorAccessorImpl.newInstance(DelegatingConstructorAccessorImpl.java:45)
	at java.lang.reflect.Constructor.newInstance(Constructor.java:423)
	at org.apache.hadoop.net.NetUtils.wrapWithMessage(NetUtils.java:913)
	at org.apache.hadoop.net.NetUtils.wrapException(NetUtils.java:848)
	at org.apache.hadoop.ipc.Client.getRpcResponse(Client.java:1577)
	at org.apache.hadoop.ipc.Client.call(Client.java:1519)
	at org.apache.hadoop.ipc.Client.call(Client.java:1416)
	at org.apache.hadoop.ipc.ProtobufRpcEngine$Invoker.invoke(ProtobufRpcEngine.java:236)
	at org.apache.hadoop.ipc.ProtobufRpcEngine$Invoker.invoke(ProtobufRpcEngine.java:123)
	at com.sun.proxy.$Proxy48.submitRequest(Unknown Source)
	at org.apache.hadoop.ozone.protocolPB.StorageContainerDatanodeProtocolClientSideTranslatorPB.submitRequest(StorageContainerDatanodeProtocolClientSideTranslatorPB.java:117)
	at org.apache.hadoop.ozone.protocolPB.StorageContainerDatanodeProtocolClientSideTranslatorPB.getVersion(StorageContainerDatanodeProtocolClientSideTranslatorPB.java:133)
	at org.apache.hadoop.ozone.container.common.states.endpoint.VersionEndpointTask.call(VersionEndpointTask.java:71)
	at org.apache.hadoop.ozone.container.common.states.endpoint.VersionEndpointTask.call(VersionEndpointTask.java:42)
	at java.util.concurrent.FutureTask.run(FutureTask.java:266)
	at java.util.concurrent.ThreadPoolExecutor.runWorker(ThreadPoolExecutor.java:1149)
	at java.util.concurrent.ThreadPoolExecutor$Worker.run(ThreadPoolExecutor.java:624)
	at java.lang.Thread.run(Thread.java:750)
Caused by: java.net.SocketTimeoutException: 5000 millis timeout while waiting for channel to be ready for read. ch : java.nio.channels.SocketChannel[connected local=/127.0.0.1:49278 remote=/127.0.0.1:33977]
	at org.apache.hadoop.net.SocketIOWithTimeout.doIO(SocketIOWithTimeout.java:164)
	at org.apache.hadoop.net.SocketInputStream.read(SocketInputStream.java:161)
	at org.apache.hadoop.net.SocketInputStream.read(SocketInputStream.java:131)
	at java.io.FilterInputStream.read(FilterInputStream.java:133)
	at java.io.BufferedInputStream.fill(BufferedInputStream.java:246)
	at java.io.BufferedInputStream.read(BufferedInputStream.java:265)
	at java.io.FilterInputStream.read(FilterInputStream.java:83)
	at java.io.FilterInputStream.read(FilterInputStream.java:83)
	at org.apache.hadoop.ipc.Client$Connection$PingInputStream.read(Client.java:563)
	at java.io.DataInputStream.readInt(DataInputStream.java:387)
	at org.apache.hadoop.ipc.Client$IpcStreams.readResponse(Client.java:1892)
	at org.apache.hadoop.ipc.Client$Connection.receiveRpcResponse(Client.java:1202)
	at org.apache.hadoop.ipc.Client$Connection.run(Client.java:1098)
2022-03-09 17:23:04,287 [EndpointStateMachine task thread for /127.0.0.1:33977 - 0 ] WARN  statemachine.EndpointStateMachine (EndpointStateMachine.java:logIfNeeded(236)) - Unable to communicate to SCM server at 127.0.0.1:33977 for past 0 seconds.
java.net.SocketTimeoutException: Call From fv-az148-759/10.1.0.51 to localhost:33977 failed on socket timeout exception: java.net.SocketTimeoutException: 5000 millis timeout while waiting for channel to be ready for read. ch : java.nio.channels.SocketChannel[connected local=/127.0.0.1:49278 remote=/127.0.0.1:33977]; For more details see:  http://wiki.apache.org/hadoop/SocketTimeout
	at sun.reflect.NativeConstructorAccessorImpl.newInstance0(Native Method)
	at sun.reflect.NativeConstructorAccessorImpl.newInstance(NativeConstructorAccessorImpl.java:62)
	at sun.reflect.DelegatingConstructorAccessorImpl.newInstance(DelegatingConstructorAccessorImpl.java:45)
	at java.lang.reflect.Constructor.newInstance(Constructor.java:423)
	at org.apache.hadoop.net.NetUtils.wrapWithMessage(NetUtils.java:913)
	at org.apache.hadoop.net.NetUtils.wrapException(NetUtils.java:848)
	at org.apache.hadoop.ipc.Client.getRpcResponse(Client.java:1577)
	at org.apache.hadoop.ipc.Client.call(Client.java:1519)
	at org.apache.hadoop.ipc.Client.call(Client.java:1416)
	at org.apache.hadoop.ipc.ProtobufRpcEngine$Invoker.invoke(ProtobufRpcEngine.java:236)
	at org.apache.hadoop.ipc.ProtobufRpcEngine$Invoker.invoke(ProtobufRpcEngine.java:123)
	at com.sun.proxy.$Proxy48.submitRequest(Unknown Source)
	at org.apache.hadoop.ozone.protocolPB.StorageContainerDatanodeProtocolClientSideTranslatorPB.submitRequest(StorageContainerDatanodeProtocolClientSideTranslatorPB.java:117)
	at org.apache.hadoop.ozone.protocolPB.StorageContainerDatanodeProtocolClientSideTranslatorPB.getVersion(StorageContainerDatanodeProtocolClientSideTranslatorPB.java:133)
	at org.apache.hadoop.ozone.container.common.states.endpoint.VersionEndpointTask.call(VersionEndpointTask.java:71)
	at org.apache.hadoop.ozone.container.common.states.endpoint.VersionEndpointTask.call(VersionEndpointTask.java:42)
	at java.util.concurrent.FutureTask.run(FutureTask.java:266)
	at java.util.concurrent.ThreadPoolExecutor.runWorker(ThreadPoolExecutor.java:1149)
	at java.util.concurrent.ThreadPoolExecutor$Worker.run(ThreadPoolExecutor.java:624)
	at java.lang.Thread.run(Thread.java:750)
Caused by: java.net.SocketTimeoutException: 5000 millis timeout while waiting for channel to be ready for read. ch : java.nio.channels.SocketChannel[connected local=/127.0.0.1:49278 remote=/127.0.0.1:33977]
	at org.apache.hadoop.net.SocketIOWithTimeout.doIO(SocketIOWithTimeout.java:164)
	at org.apache.hadoop.net.SocketInputStream.read(SocketInputStream.java:161)
	at org.apache.hadoop.net.SocketInputStream.read(SocketInputStream.java:131)
	at java.io.FilterInputStream.read(FilterInputStream.java:133)
	at java.io.BufferedInputStream.fill(BufferedInputStream.java:246)
	at java.io.BufferedInputStream.read(BufferedInputStream.java:265)
	at java.io.FilterInputStream.read(FilterInputStream.java:83)
	at java.io.FilterInputStream.read(FilterInputStream.java:83)
	at org.apache.hadoop.ipc.Client$Connection$PingInputStream.read(Client.java:563)
	at java.io.DataInputStream.readInt(DataInputStream.java:387)
	at org.apache.hadoop.ipc.Client$IpcStreams.readResponse(Client.java:1892)
	at org.apache.hadoop.ipc.Client$Connection.receiveRpcResponse(Client.java:1202)
	at org.apache.hadoop.ipc.Client$Connection.run(Client.java:1098)
2022-03-09 17:23:04,308 [pool-360-thread-1] INFO  util.JmxRegister (JmxRegister.java:tryRegister(44)) - Successfully registered JMX Bean with object name Ratis:service=RaftServer,group=group-FC19921ED26B,id=9cf3ac85-5088-4438-9438-d8e46945dabb
2022-03-09 17:23:04,309 [EventQueue-OpenPipelineForHealthyPipelineSafeModeRule] INFO  safemode.SCMSafeModeManager (HealthyPipelineSafeModeRule.java:process(124)) - SCM in safe mode. Healthy pipelines reported count is 0, required healthy pipeline reported count is 1
2022-03-09 17:23:04,311 [Command processor thread] INFO  ratis.XceiverServerRatis (XceiverServerRatis.java:addGroup(769)) - Created group PipelineID=b87a2066-6465-4b05-90e4-fc19921ed26b
2022-03-09 17:23:04,311 [Command processor thread] INFO  commandhandler.CreatePipelineCommandHandler (CreatePipelineCommandHandler.java:handle(106)) - Created Pipeline RATIS ONE PipelineID=b87a2066-6465-4b05-90e4-fc19921ed26b.
2022-03-09 17:23:04,311 [Command processor thread] INFO  server.RaftServer (RaftServerProxy.java:addNew(95)) - 9cf3ac85-5088-4438-9438-d8e46945dabb: addNew group-D5F1EC85B8FD:[8d38cd26-4da6-46a4-aba6-9da1aef73967|rpc:127.0.0.1:43435|priority:0, 352514d3-16e8-44e7-9f6c-25a5b2684069|rpc:127.0.0.1:37197|priority:1, 9cf3ac85-5088-4438-9438-d8e46945dabb|rpc:127.0.0.1:38217|priority:0] returns group-D5F1EC85B8FD:java.util.concurrent.CompletableFuture@c2fa640[Not completed]
2022-03-09 17:23:04,312 [pool-360-thread-1] INFO  server.RaftServer$Division (RaftServerImpl.java:<init>(184)) - 9cf3ac85-5088-4438-9438-d8e46945dabb: new RaftServerImpl for group-D5F1EC85B8FD:[8d38cd26-4da6-46a4-aba6-9da1aef73967|rpc:127.0.0.1:43435|priority:0, 352514d3-16e8-44e7-9f6c-25a5b2684069|rpc:127.0.0.1:37197|priority:1, 9cf3ac85-5088-4438-9438-d8e46945dabb|rpc:127.0.0.1:38217|priority:0] with ContainerStateMachine:uninitialized
2022-03-09 17:23:04,312 [pool-360-thread-1] INFO  server.RaftServerConfigKeys (ConfUtils.java:logGet(44)) - raft.server.rpc.timeout.min = 5s (custom)
2022-03-09 17:23:04,312 [pool-360-thread-1] INFO  server.RaftServerConfigKeys (ConfUtils.java:logGet(44)) - raft.server.rpc.timeout.max = 5200ms (custom)
2022-03-09 17:23:04,313 [pool-360-thread-1] INFO  server.RaftServerConfigKeys (ConfUtils.java:logGet(44)) - raft.server.rpc.sleep.time = 25ms (default)
2022-03-09 17:23:04,313 [pool-360-thread-1] INFO  server.RaftServerConfigKeys (ConfUtils.java:logGet(44)) - raft.server.rpc.slowness.timeout = 300s (custom)
2022-03-09 17:23:04,313 [pool-360-thread-1] INFO  server.RaftServerConfigKeys (ConfUtils.java:logGet(44)) - raft.server.leaderelection.leader.step-down.wait-time = 10s (default)
2022-03-09 17:23:04,313 [pool-360-thread-1] INFO  server.RaftServerConfigKeys (ConfUtils.java:logGet(44)) - raft.server.sleep.deviation.threshold = 300ms (default)
2022-03-09 17:23:04,313 [pool-360-thread-1] INFO  server.RaftServerConfigKeys (ConfUtils.java:logGet(44)) - raft.server.log.appender.install.snapshot.enabled = false (custom)
2022-03-09 17:23:04,313 [pool-360-thread-1] INFO  server.RaftServer$Division (ServerState.java:<init>(105)) - 9cf3ac85-5088-4438-9438-d8e46945dabb@group-D5F1EC85B8FD: ConfigurationManager, init=-1: [8d38cd26-4da6-46a4-aba6-9da1aef73967|rpc:127.0.0.1:43435|priority:0, 352514d3-16e8-44e7-9f6c-25a5b2684069|rpc:127.0.0.1:37197|priority:1, 9cf3ac85-5088-4438-9438-d8e46945dabb|rpc:127.0.0.1:38217|priority:0], old=null, confs=<EMPTY_MAP>
2022-03-09 17:23:04,313 [pool-360-thread-1] INFO  server.RaftServerConfigKeys (ConfUtils.java:logGet(44)) - raft.server.storage.dir = [/home/runner/work/ozone/ozone/hadoop-ozone/integration-test/target/test-dir/MiniOzoneClusterImpl-aa50db73-d356-40d6-b3b5-5343d3a56795/datanode-0/data/ratis] (custom)
2022-03-09 17:23:04,313 [pool-360-thread-1] INFO  server.RaftServerConfigKeys (ConfUtils.java:logGet(44)) - raft.server.log.corruption.policy = EXCEPTION (default)
2022-03-09 17:23:04,313 [pool-360-thread-1] INFO  server.RaftServerConfigKeys (ConfUtils.java:logGet(44)) - raft.server.storage.free-space.min = 0MB (=0) (default)
2022-03-09 17:23:04,313 [pool-360-thread-1] INFO  storage.RaftStorageDirectory (RaftStorageDirectoryImpl.java:analyzeStorage(135)) - The storage directory /home/runner/work/ozone/ozone/hadoop-ozone/integration-test/target/test-dir/MiniOzoneClusterImpl-aa50db73-d356-40d6-b3b5-5343d3a56795/datanode-0/data/ratis/23521788-aeaa-40a3-9537-d5f1ec85b8fd does not exist. Creating ...
2022-03-09 17:23:04,314 [dae587cf-c5b5-4dcf-9320-ec0de1a92622@group-5343D3A56795-StateMachineUpdater] INFO  safemode.HealthyPipelineSafeModeRule (HealthyPipelineSafeModeRule.java:initializeRule(152)) - Refreshed total pipeline count is 0, healthy pipeline threshold count is 1
2022-03-09 17:23:04,316 [pool-360-thread-1] INFO  storage.RaftStorageDirectory (RaftStorageDirectoryImpl.java:tryLock(230)) - Lock on /home/runner/work/ozone/ozone/hadoop-ozone/integration-test/target/test-dir/MiniOzoneClusterImpl-aa50db73-d356-40d6-b3b5-5343d3a56795/datanode-0/data/ratis/23521788-aeaa-40a3-9537-d5f1ec85b8fd/in_use.lock acquired by nodename 7019@fv-az148-759
2022-03-09 17:23:04,324 [pool-360-thread-1] INFO  storage.RaftStorage (RaftStorageImpl.java:format(89)) - Storage directory /home/runner/work/ozone/ozone/hadoop-ozone/integration-test/target/test-dir/MiniOzoneClusterImpl-aa50db73-d356-40d6-b3b5-5343d3a56795/datanode-0/data/ratis/23521788-aeaa-40a3-9537-d5f1ec85b8fd has been successfully formatted.
2022-03-09 17:23:04,324 [pool-360-thread-1] INFO  ratis.ContainerStateMachine (ContainerStateMachine.java:loadSnapshot(236)) - group-D5F1EC85B8FD: The snapshot info is null. Setting the last applied indexto:(t:0, i:~)
2022-03-09 17:23:04,324 [pool-360-thread-1] INFO  server.RaftServerConfigKeys (ConfUtils.java:logGet(44)) - raft.server.notification.no-leader.timeout = 300s (custom)
2022-03-09 17:23:04,324 [pool-360-thread-1] INFO  server.RaftServerConfigKeys (ConfUtils.java:logGet(44)) - raft.server.log.use.memory = false (default)
2022-03-09 17:23:04,324 [pool-360-thread-1] INFO  server.RaftServerConfigKeys (ConfUtils.java:logGet(44)) - raft.server.log.purge.gap = 1000000 (custom)
2022-03-09 17:23:04,324 [pool-360-thread-1] INFO  server.RaftServerConfigKeys (ConfUtils.java:logGet(44)) - raft.server.log.appender.buffer.byte-limit = 33554432 (custom)
2022-03-09 17:23:04,324 [pool-360-thread-1] INFO  server.RaftServerConfigKeys (ConfUtils.java:logGet(44)) - raft.server.log.segment.size.max = 1048576 (custom)
2022-03-09 17:23:04,325 [pool-360-thread-1] INFO  server.RaftServerConfigKeys (ConfUtils.java:logGet(44)) - raft.server.log.segment.cache.num.max = 2 (custom)
2022-03-09 17:23:04,325 [pool-360-thread-1] INFO  server.RaftServerConfigKeys (ConfUtils.java:logGet(44)) - raft.server.log.segment.cache.size.max = 200MB (=209715200) (default)
2022-03-09 17:23:04,325 [pool-360-thread-1] INFO  segmented.SegmentedRaftLogWorker (SegmentedRaftLogWorker.java:<init>(182)) - new 9cf3ac85-5088-4438-9438-d8e46945dabb@group-D5F1EC85B8FD-SegmentedRaftLogWorker for RaftStorageImpl:Storage Directory /home/runner/work/ozone/ozone/hadoop-ozone/integration-test/target/test-dir/MiniOzoneClusterImpl-aa50db73-d356-40d6-b3b5-5343d3a56795/datanode-0/data/ratis/23521788-aeaa-40a3-9537-d5f1ec85b8fd
2022-03-09 17:23:04,325 [pool-360-thread-1] INFO  server.RaftServerConfigKeys (ConfUtils.java:logGet(44)) - raft.server.log.queue.byte-limit = 4294967296 (custom)
2022-03-09 17:23:04,325 [pool-360-thread-1] INFO  server.RaftServerConfigKeys (ConfUtils.java:logGet(44)) - raft.server.log.queue.element-limit = 1024 (custom)
2022-03-09 17:23:04,325 [pool-360-thread-1] INFO  server.RaftServerConfigKeys (ConfUtils.java:logGet(44)) - raft.server.log.segment.size.max = 1048576 (custom)
2022-03-09 17:23:04,325 [pool-360-thread-1] INFO  server.RaftServerConfigKeys (ConfUtils.java:logGet(44)) - raft.server.log.preallocated.size = 16384 (custom)
2022-03-09 17:23:04,325 [pool-360-thread-1] INFO  server.RaftServerConfigKeys (ConfUtils.java:logGet(44)) - raft.server.log.force.sync.num = 128 (default)
2022-03-09 17:23:04,325 [pool-360-thread-1] INFO  server.RaftServerConfigKeys (ConfUtils.java:logGet(44)) - raft.server.log.statemachine.data.sync = true (default)
2022-03-09 17:23:04,325 [pool-360-thread-1] INFO  server.RaftServerConfigKeys (ConfUtils.java:logGet(44)) - raft.server.log.statemachine.data.sync.timeout = 10s (default)
2022-03-09 17:23:04,325 [pool-360-thread-1] INFO  server.RaftServerConfigKeys (ConfUtils.java:logGet(44)) - raft.server.log.statemachine.data.sync.timeout.retry = -1 (default)
2022-03-09 17:23:04,326 [pool-360-thread-1] INFO  server.RaftServerConfigKeys (ConfUtils.java:logGet(44)) - raft.server.log.write.buffer.size = 1048576 (custom)
2022-03-09 17:23:04,326 [pool-360-thread-1] INFO  server.RaftServerConfigKeys (ConfUtils.java:logGet(44)) - raft.server.log.statemachine.data.caching.enabled = true (custom)
2022-03-09 17:23:04,327 [pool-360-thread-1] INFO  segmented.SegmentedRaftLogWorker (SegmentedRaftLogWorker.java:lambda$new$0(133)) - 9cf3ac85-5088-4438-9438-d8e46945dabb@group-D5F1EC85B8FD-SegmentedRaftLogWorker: flushIndex: setUnconditionally 0 -> -1
2022-03-09 17:23:04,327 [pool-360-thread-1] INFO  segmented.SegmentedRaftLogWorker (SegmentedRaftLogWorker.java:lambda$new$0(133)) - 9cf3ac85-5088-4438-9438-d8e46945dabb@group-D5F1EC85B8FD-SegmentedRaftLogWorker: safeCacheEvictIndex: setUnconditionally 0 -> -1
2022-03-09 17:23:04,330 [pool-360-thread-1] INFO  server.RaftServerConfigKeys (ConfUtils.java:logGet(44)) - raft.server.snapshot.auto.trigger.enabled = true (custom)
2022-03-09 17:23:04,330 [pool-360-thread-1] INFO  server.RaftServerConfigKeys (ConfUtils.java:logGet(44)) - raft.server.snapshot.auto.trigger.threshold = 10000 (custom)
2022-03-09 17:23:04,330 [pool-360-thread-1] INFO  server.RaftServerConfigKeys (ConfUtils.java:logGet(44)) - raft.server.snapshot.retention.file.num = 5 (custom)
2022-03-09 17:23:04,330 [pool-360-thread-1] INFO  server.RaftServerConfigKeys (ConfUtils.java:logGet(44)) - raft.server.log.purge.upto.snapshot.index = false (default)
2022-03-09 17:23:04,330 [pool-360-thread-1] INFO  server.RaftServerConfigKeys (ConfUtils.java:logGet(44)) - raft.server.retrycache.expirytime = 600000ms (custom)
2022-03-09 17:23:04,330 [pool-360-thread-1] INFO  server.RaftServerConfigKeys (ConfUtils.java:logGet(44)) - raft.server.retrycache.statistics.expirytime = 100μs (default)
2022-03-09 17:23:04,331 [pool-360-thread-1] INFO  server.RaftServer$Division (RaftServerImpl.java:start(301)) - 9cf3ac85-5088-4438-9438-d8e46945dabb@group-D5F1EC85B8FD: start as a follower, conf=-1: [8d38cd26-4da6-46a4-aba6-9da1aef73967|rpc:127.0.0.1:43435|priority:0, 352514d3-16e8-44e7-9f6c-25a5b2684069|rpc:127.0.0.1:37197|priority:1, 9cf3ac85-5088-4438-9438-d8e46945dabb|rpc:127.0.0.1:38217|priority:0], old=null
2022-03-09 17:23:04,333 [EventQueue-OpenPipelineForHealthyPipelineSafeModeRule] INFO  safemode.SCMSafeModeManager (HealthyPipelineSafeModeRule.java:process(124)) - SCM in safe mode. Healthy pipelines reported count is 0, required healthy pipeline reported count is 1
2022-03-09 17:23:04,333 [pool-360-thread-1] INFO  server.RaftServer$Division (RaftServerImpl.java:setRole(290)) - 9cf3ac85-5088-4438-9438-d8e46945dabb@group-D5F1EC85B8FD: changes role from      null to FOLLOWER at term 0 for startAsFollower
2022-03-09 17:23:04,343 [pool-360-thread-1] INFO  impl.RoleInfo (RoleInfo.java:updateAndGet(130)) - 9cf3ac85-5088-4438-9438-d8e46945dabb: start 9cf3ac85-5088-4438-9438-d8e46945dabb@group-D5F1EC85B8FD-FollowerState
2022-03-09 17:23:04,343 [EventQueue-OpenPipelineForHealthyPipelineSafeModeRule] INFO  safemode.SCMSafeModeManager (HealthyPipelineSafeModeRule.java:process(124)) - SCM in safe mode. Healthy pipelines reported count is 0, required healthy pipeline reported count is 1
2022-03-09 17:23:04,343 [pool-360-thread-1] INFO  util.JmxRegister (JmxRegister.java:tryRegister(44)) - Successfully registered JMX Bean with object name Ratis:service=RaftServer,group=group-D5F1EC85B8FD,id=9cf3ac85-5088-4438-9438-d8e46945dabb
2022-03-09 17:23:04,347 [Command processor thread] INFO  ratis.XceiverServerRatis (XceiverServerRatis.java:addGroup(769)) - Created group PipelineID=23521788-aeaa-40a3-9537-d5f1ec85b8fd
2022-03-09 17:23:04,376 [grpc-default-executor-0] INFO  server.RaftServer (RaftServerProxy.java:addNew(95)) - 8d38cd26-4da6-46a4-aba6-9da1aef73967: addNew group-D5F1EC85B8FD:[8d38cd26-4da6-46a4-aba6-9da1aef73967|rpc:127.0.0.1:43435|dataStream:|priority:0, 352514d3-16e8-44e7-9f6c-25a5b2684069|rpc:127.0.0.1:37197|dataStream:|priority:1, 9cf3ac85-5088-4438-9438-d8e46945dabb|rpc:127.0.0.1:38217|dataStream:|priority:0] returns group-D5F1EC85B8FD:java.util.concurrent.CompletableFuture@39b917d3[Not completed]
2022-03-09 17:23:04,384 [pool-383-thread-1] INFO  server.RaftServer$Division (RaftServerImpl.java:<init>(184)) - 8d38cd26-4da6-46a4-aba6-9da1aef73967: new RaftServerImpl for group-D5F1EC85B8FD:[8d38cd26-4da6-46a4-aba6-9da1aef73967|rpc:127.0.0.1:43435|dataStream:|priority:0, 352514d3-16e8-44e7-9f6c-25a5b2684069|rpc:127.0.0.1:37197|dataStream:|priority:1, 9cf3ac85-5088-4438-9438-d8e46945dabb|rpc:127.0.0.1:38217|dataStream:|priority:0] with ContainerStateMachine:uninitialized
2022-03-09 17:23:04,384 [pool-383-thread-1] INFO  server.RaftServerConfigKeys (ConfUtils.java:logGet(44)) - raft.server.rpc.timeout.min = 5s (custom)
2022-03-09 17:23:04,385 [pool-383-thread-1] INFO  server.RaftServerConfigKeys (ConfUtils.java:logGet(44)) - raft.server.rpc.timeout.max = 5200ms (custom)
2022-03-09 17:23:04,385 [pool-383-thread-1] INFO  server.RaftServerConfigKeys (ConfUtils.java:logGet(44)) - raft.server.rpc.sleep.time = 25ms (default)
2022-03-09 17:23:04,385 [pool-383-thread-1] INFO  server.RaftServerConfigKeys (ConfUtils.java:logGet(44)) - raft.server.rpc.slowness.timeout = 300s (custom)
2022-03-09 17:23:04,385 [pool-383-thread-1] INFO  server.RaftServerConfigKeys (ConfUtils.java:logGet(44)) - raft.server.leaderelection.leader.step-down.wait-time = 10s (default)
2022-03-09 17:23:04,385 [pool-383-thread-1] INFO  server.RaftServerConfigKeys (ConfUtils.java:logGet(44)) - raft.server.sleep.deviation.threshold = 300ms (default)
2022-03-09 17:23:04,385 [pool-383-thread-1] INFO  server.RaftServerConfigKeys (ConfUtils.java:logGet(44)) - raft.server.log.appender.install.snapshot.enabled = false (custom)
2022-03-09 17:23:04,385 [pool-383-thread-1] INFO  server.RaftServer$Division (ServerState.java:<init>(105)) - 8d38cd26-4da6-46a4-aba6-9da1aef73967@group-D5F1EC85B8FD: ConfigurationManager, init=-1: [8d38cd26-4da6-46a4-aba6-9da1aef73967|rpc:127.0.0.1:43435|dataStream:|priority:0, 352514d3-16e8-44e7-9f6c-25a5b2684069|rpc:127.0.0.1:37197|dataStream:|priority:1, 9cf3ac85-5088-4438-9438-d8e46945dabb|rpc:127.0.0.1:38217|dataStream:|priority:0], old=null, confs=<EMPTY_MAP>
2022-03-09 17:23:04,385 [pool-383-thread-1] INFO  server.RaftServerConfigKeys (ConfUtils.java:logGet(44)) - raft.server.storage.dir = [/home/runner/work/ozone/ozone/hadoop-ozone/integration-test/target/test-dir/MiniOzoneClusterImpl-aa50db73-d356-40d6-b3b5-5343d3a56795/datanode-1/data/ratis] (custom)
2022-03-09 17:23:04,386 [pool-383-thread-1] INFO  server.RaftServerConfigKeys (ConfUtils.java:logGet(44)) - raft.server.log.corruption.policy = EXCEPTION (default)
2022-03-09 17:23:04,386 [pool-383-thread-1] INFO  server.RaftServerConfigKeys (ConfUtils.java:logGet(44)) - raft.server.storage.free-space.min = 0MB (=0) (default)
2022-03-09 17:23:04,386 [pool-383-thread-1] INFO  storage.RaftStorageDirectory (RaftStorageDirectoryImpl.java:analyzeStorage(135)) - The storage directory /home/runner/work/ozone/ozone/hadoop-ozone/integration-test/target/test-dir/MiniOzoneClusterImpl-aa50db73-d356-40d6-b3b5-5343d3a56795/datanode-1/data/ratis/23521788-aeaa-40a3-9537-d5f1ec85b8fd does not exist. Creating ...
2022-03-09 17:23:04,392 [pool-383-thread-1] INFO  storage.RaftStorageDirectory (RaftStorageDirectoryImpl.java:tryLock(230)) - Lock on /home/runner/work/ozone/ozone/hadoop-ozone/integration-test/target/test-dir/MiniOzoneClusterImpl-aa50db73-d356-40d6-b3b5-5343d3a56795/datanode-1/data/ratis/23521788-aeaa-40a3-9537-d5f1ec85b8fd/in_use.lock acquired by nodename 7019@fv-az148-759
2022-03-09 17:23:04,394 [pool-383-thread-1] INFO  storage.RaftStorage (RaftStorageImpl.java:format(89)) - Storage directory /home/runner/work/ozone/ozone/hadoop-ozone/integration-test/target/test-dir/MiniOzoneClusterImpl-aa50db73-d356-40d6-b3b5-5343d3a56795/datanode-1/data/ratis/23521788-aeaa-40a3-9537-d5f1ec85b8fd has been successfully formatted.
2022-03-09 17:23:04,395 [pool-383-thread-1] INFO  ratis.ContainerStateMachine (ContainerStateMachine.java:loadSnapshot(236)) - group-D5F1EC85B8FD: The snapshot info is null. Setting the last applied indexto:(t:0, i:~)
2022-03-09 17:23:04,395 [pool-383-thread-1] INFO  server.RaftServerConfigKeys (ConfUtils.java:logGet(44)) - raft.server.notification.no-leader.timeout = 300s (custom)
2022-03-09 17:23:04,395 [pool-383-thread-1] INFO  server.RaftServerConfigKeys (ConfUtils.java:logGet(44)) - raft.server.log.use.memory = false (default)
2022-03-09 17:23:04,395 [pool-383-thread-1] INFO  server.RaftServerConfigKeys (ConfUtils.java:logGet(44)) - raft.server.log.purge.gap = 1000000 (custom)
2022-03-09 17:23:04,395 [pool-383-thread-1] INFO  server.RaftServerConfigKeys (ConfUtils.java:logGet(44)) - raft.server.log.appender.buffer.byte-limit = 33554432 (custom)
2022-03-09 17:23:04,395 [pool-383-thread-1] INFO  server.RaftServerConfigKeys (ConfUtils.java:logGet(44)) - raft.server.log.segment.size.max = 1048576 (custom)
2022-03-09 17:23:04,395 [pool-383-thread-1] INFO  server.RaftServerConfigKeys (ConfUtils.java:logGet(44)) - raft.server.log.segment.cache.num.max = 2 (custom)
2022-03-09 17:23:04,395 [pool-383-thread-1] INFO  server.RaftServerConfigKeys (ConfUtils.java:logGet(44)) - raft.server.log.segment.cache.size.max = 200MB (=209715200) (default)
2022-03-09 17:23:04,395 [pool-383-thread-1] INFO  segmented.SegmentedRaftLogWorker (SegmentedRaftLogWorker.java:<init>(182)) - new 8d38cd26-4da6-46a4-aba6-9da1aef73967@group-D5F1EC85B8FD-SegmentedRaftLogWorker for RaftStorageImpl:Storage Directory /home/runner/work/ozone/ozone/hadoop-ozone/integration-test/target/test-dir/MiniOzoneClusterImpl-aa50db73-d356-40d6-b3b5-5343d3a56795/datanode-1/data/ratis/23521788-aeaa-40a3-9537-d5f1ec85b8fd
2022-03-09 17:23:04,395 [pool-383-thread-1] INFO  server.RaftServerConfigKeys (ConfUtils.java:logGet(44)) - raft.server.log.queue.byte-limit = 4294967296 (custom)
2022-03-09 17:23:04,396 [pool-383-thread-1] INFO  server.RaftServerConfigKeys (ConfUtils.java:logGet(44)) - raft.server.log.queue.element-limit = 1024 (custom)
2022-03-09 17:23:04,396 [pool-383-thread-1] INFO  server.RaftServerConfigKeys (ConfUtils.java:logGet(44)) - raft.server.log.segment.size.max = 1048576 (custom)
2022-03-09 17:23:04,396 [pool-383-thread-1] INFO  server.RaftServerConfigKeys (ConfUtils.java:logGet(44)) - raft.server.log.preallocated.size = 16384 (custom)
2022-03-09 17:23:04,396 [pool-383-thread-1] INFO  server.RaftServerConfigKeys (ConfUtils.java:logGet(44)) - raft.server.log.force.sync.num = 128 (default)
2022-03-09 17:23:04,396 [pool-383-thread-1] INFO  server.RaftServerConfigKeys (ConfUtils.java:logGet(44)) - raft.server.log.statemachine.data.sync = true (default)
2022-03-09 17:23:04,396 [pool-383-thread-1] INFO  server.RaftServerConfigKeys (ConfUtils.java:logGet(44)) - raft.server.log.statemachine.data.sync.timeout = 10s (default)
2022-03-09 17:23:04,396 [pool-383-thread-1] INFO  server.RaftServerConfigKeys (ConfUtils.java:logGet(44)) - raft.server.log.statemachine.data.sync.timeout.retry = -1 (default)
2022-03-09 17:23:04,397 [pool-383-thread-1] INFO  server.RaftServerConfigKeys (ConfUtils.java:logGet(44)) - raft.server.log.write.buffer.size = 1048576 (custom)
2022-03-09 17:23:04,397 [pool-383-thread-1] INFO  server.RaftServerConfigKeys (ConfUtils.java:logGet(44)) - raft.server.log.statemachine.data.caching.enabled = true (custom)
2022-03-09 17:23:04,397 [pool-383-thread-1] INFO  segmented.SegmentedRaftLogWorker (SegmentedRaftLogWorker.java:lambda$new$0(133)) - 8d38cd26-4da6-46a4-aba6-9da1aef73967@group-D5F1EC85B8FD-SegmentedRaftLogWorker: flushIndex: setUnconditionally 0 -> -1
2022-03-09 17:23:04,397 [pool-383-thread-1] INFO  segmented.SegmentedRaftLogWorker (SegmentedRaftLogWorker.java:lambda$new$0(133)) - 8d38cd26-4da6-46a4-aba6-9da1aef73967@group-D5F1EC85B8FD-SegmentedRaftLogWorker: safeCacheEvictIndex: setUnconditionally 0 -> -1
2022-03-09 17:23:04,400 [pool-383-thread-1] INFO  server.RaftServerConfigKeys (ConfUtils.java:logGet(44)) - raft.server.snapshot.auto.trigger.enabled = true (custom)
2022-03-09 17:23:04,400 [pool-383-thread-1] INFO  server.RaftServerConfigKeys (ConfUtils.java:logGet(44)) - raft.server.snapshot.auto.trigger.threshold = 10000 (custom)
2022-03-09 17:23:04,400 [pool-383-thread-1] INFO  server.RaftServerConfigKeys (ConfUtils.java:logGet(44)) - raft.server.snapshot.retention.file.num = 5 (custom)
2022-03-09 17:23:04,401 [pool-383-thread-1] INFO  server.RaftServerConfigKeys (ConfUtils.java:logGet(44)) - raft.server.log.purge.upto.snapshot.index = false (default)
2022-03-09 17:23:04,401 [pool-383-thread-1] INFO  server.RaftServerConfigKeys (ConfUtils.java:logGet(44)) - raft.server.retrycache.expirytime = 600000ms (custom)
2022-03-09 17:23:04,401 [pool-383-thread-1] INFO  server.RaftServerConfigKeys (ConfUtils.java:logGet(44)) - raft.server.retrycache.statistics.expirytime = 100μs (default)
2022-03-09 17:23:04,402 [pool-383-thread-1] INFO  server.RaftServer$Division (RaftServerImpl.java:start(301)) - 8d38cd26-4da6-46a4-aba6-9da1aef73967@group-D5F1EC85B8FD: start as a follower, conf=-1: [8d38cd26-4da6-46a4-aba6-9da1aef73967|rpc:127.0.0.1:43435|dataStream:|priority:0, 352514d3-16e8-44e7-9f6c-25a5b2684069|rpc:127.0.0.1:37197|dataStream:|priority:1, 9cf3ac85-5088-4438-9438-d8e46945dabb|rpc:127.0.0.1:38217|dataStream:|priority:0], old=null
2022-03-09 17:23:04,402 [pool-383-thread-1] INFO  server.RaftServer$Division (RaftServerImpl.java:setRole(290)) - 8d38cd26-4da6-46a4-aba6-9da1aef73967@group-D5F1EC85B8FD: changes role from      null to FOLLOWER at term 0 for startAsFollower
2022-03-09 17:23:04,402 [pool-383-thread-1] INFO  impl.RoleInfo (RoleInfo.java:updateAndGet(130)) - 8d38cd26-4da6-46a4-aba6-9da1aef73967: start 8d38cd26-4da6-46a4-aba6-9da1aef73967@group-D5F1EC85B8FD-FollowerState
2022-03-09 17:23:04,410 [pool-383-thread-1] INFO  util.JmxRegister (JmxRegister.java:tryRegister(44)) - Successfully registered JMX Bean with object name Ratis:service=RaftServer,group=group-D5F1EC85B8FD,id=8d38cd26-4da6-46a4-aba6-9da1aef73967
2022-03-09 17:23:04,449 [EndpointStateMachine task thread for /127.0.0.1:40365 - 0 ] INFO  ipc.Client (Client.java:handleConnectionFailure(977)) - Retrying connect to server: localhost/127.0.0.1:40365. Already tried 2 time(s); retry policy is RetryUpToMaximumCountWithFixedSleep(maxRetries=15, sleepTime=1000 MILLISECONDS)
2022-03-09 17:23:04,466 [EndpointStateMachine task thread for /127.0.0.1:38239 - 0 ] INFO  ipc.Client (Client.java:handleConnectionFailure(977)) - Retrying connect to server: localhost/127.0.0.1:38239. Already tried 2 time(s); retry policy is RetryUpToMaximumCountWithFixedSleep(maxRetries=15, sleepTime=1000 MILLISECONDS)
2022-03-09 17:23:04,470 [grpc-default-executor-0] INFO  server.RaftServer (RaftServerProxy.java:addNew(95)) - 352514d3-16e8-44e7-9f6c-25a5b2684069: addNew group-D5F1EC85B8FD:[8d38cd26-4da6-46a4-aba6-9da1aef73967|rpc:127.0.0.1:43435|dataStream:|priority:0, 352514d3-16e8-44e7-9f6c-25a5b2684069|rpc:127.0.0.1:37197|dataStream:|priority:1, 9cf3ac85-5088-4438-9438-d8e46945dabb|rpc:127.0.0.1:38217|dataStream:|priority:0] returns group-D5F1EC85B8FD:java.util.concurrent.CompletableFuture@382431ad[Not completed]
2022-03-09 17:23:04,480 [pool-406-thread-1] INFO  server.RaftServer$Division (RaftServerImpl.java:<init>(184)) - 352514d3-16e8-44e7-9f6c-25a5b2684069: new RaftServerImpl for group-D5F1EC85B8FD:[8d38cd26-4da6-46a4-aba6-9da1aef73967|rpc:127.0.0.1:43435|dataStream:|priority:0, 352514d3-16e8-44e7-9f6c-25a5b2684069|rpc:127.0.0.1:37197|dataStream:|priority:1, 9cf3ac85-5088-4438-9438-d8e46945dabb|rpc:127.0.0.1:38217|dataStream:|priority:0] with ContainerStateMachine:uninitialized
2022-03-09 17:23:04,480 [pool-406-thread-1] INFO  server.RaftServerConfigKeys (ConfUtils.java:logGet(44)) - raft.server.rpc.timeout.min = 5s (custom)
2022-03-09 17:23:04,480 [pool-406-thread-1] INFO  server.RaftServerConfigKeys (ConfUtils.java:logGet(44)) - raft.server.rpc.timeout.max = 5200ms (custom)
2022-03-09 17:23:04,480 [pool-406-thread-1] INFO  server.RaftServerConfigKeys (ConfUtils.java:logGet(44)) - raft.server.rpc.sleep.time = 25ms (default)
2022-03-09 17:23:04,480 [pool-406-thread-1] INFO  server.RaftServerConfigKeys (ConfUtils.java:logGet(44)) - raft.server.rpc.slowness.timeout = 300s (custom)
2022-03-09 17:23:04,480 [pool-406-thread-1] INFO  server.RaftServerConfigKeys (ConfUtils.java:logGet(44)) - raft.server.leaderelection.leader.step-down.wait-time = 10s (default)
2022-03-09 17:23:04,480 [pool-406-thread-1] INFO  server.RaftServerConfigKeys (ConfUtils.java:logGet(44)) - raft.server.sleep.deviation.threshold = 300ms (default)
2022-03-09 17:23:04,480 [pool-406-thread-1] INFO  server.RaftServerConfigKeys (ConfUtils.java:logGet(44)) - raft.server.log.appender.install.snapshot.enabled = false (custom)
2022-03-09 17:23:04,480 [pool-406-thread-1] INFO  server.RaftServer$Division (ServerState.java:<init>(105)) - 352514d3-16e8-44e7-9f6c-25a5b2684069@group-D5F1EC85B8FD: ConfigurationManager, init=-1: [8d38cd26-4da6-46a4-aba6-9da1aef73967|rpc:127.0.0.1:43435|dataStream:|priority:0, 352514d3-16e8-44e7-9f6c-25a5b2684069|rpc:127.0.0.1:37197|dataStream:|priority:1, 9cf3ac85-5088-4438-9438-d8e46945dabb|rpc:127.0.0.1:38217|dataStream:|priority:0], old=null, confs=<EMPTY_MAP>
2022-03-09 17:23:04,481 [pool-406-thread-1] INFO  server.RaftServerConfigKeys (ConfUtils.java:logGet(44)) - raft.server.storage.dir = [/home/runner/work/ozone/ozone/hadoop-ozone/integration-test/target/test-dir/MiniOzoneClusterImpl-aa50db73-d356-40d6-b3b5-5343d3a56795/datanode-2/data/ratis] (custom)
2022-03-09 17:23:04,481 [pool-406-thread-1] INFO  server.RaftServerConfigKeys (ConfUtils.java:logGet(44)) - raft.server.log.corruption.policy = EXCEPTION (default)
2022-03-09 17:23:04,481 [pool-406-thread-1] INFO  server.RaftServerConfigKeys (ConfUtils.java:logGet(44)) - raft.server.storage.free-space.min = 0MB (=0) (default)
2022-03-09 17:23:04,481 [pool-406-thread-1] INFO  storage.RaftStorageDirectory (RaftStorageDirectoryImpl.java:analyzeStorage(135)) - The storage directory /home/runner/work/ozone/ozone/hadoop-ozone/integration-test/target/test-dir/MiniOzoneClusterImpl-aa50db73-d356-40d6-b3b5-5343d3a56795/datanode-2/data/ratis/23521788-aeaa-40a3-9537-d5f1ec85b8fd does not exist. Creating ...
2022-03-09 17:23:04,483 [pool-406-thread-1] INFO  storage.RaftStorageDirectory (RaftStorageDirectoryImpl.java:tryLock(230)) - Lock on /home/runner/work/ozone/ozone/hadoop-ozone/integration-test/target/test-dir/MiniOzoneClusterImpl-aa50db73-d356-40d6-b3b5-5343d3a56795/datanode-2/data/ratis/23521788-aeaa-40a3-9537-d5f1ec85b8fd/in_use.lock acquired by nodename 7019@fv-az148-759
2022-03-09 17:23:04,484 [pool-406-thread-1] INFO  storage.RaftStorage (RaftStorageImpl.java:format(89)) - Storage directory /home/runner/work/ozone/ozone/hadoop-ozone/integration-test/target/test-dir/MiniOzoneClusterImpl-aa50db73-d356-40d6-b3b5-5343d3a56795/datanode-2/data/ratis/23521788-aeaa-40a3-9537-d5f1ec85b8fd has been successfully formatted.
2022-03-09 17:23:04,486 [pool-406-thread-1] INFO  ratis.ContainerStateMachine (ContainerStateMachine.java:loadSnapshot(236)) - group-D5F1EC85B8FD: The snapshot info is null. Setting the last applied indexto:(t:0, i:~)
2022-03-09 17:23:04,487 [pool-406-thread-1] INFO  server.RaftServerConfigKeys (ConfUtils.java:logGet(44)) - raft.server.notification.no-leader.timeout = 300s (custom)
2022-03-09 17:23:04,487 [pool-406-thread-1] INFO  server.RaftServerConfigKeys (ConfUtils.java:logGet(44)) - raft.server.log.use.memory = false (default)
2022-03-09 17:23:04,487 [pool-406-thread-1] INFO  server.RaftServerConfigKeys (ConfUtils.java:logGet(44)) - raft.server.log.purge.gap = 1000000 (custom)
2022-03-09 17:23:04,487 [pool-406-thread-1] INFO  server.RaftServerConfigKeys (ConfUtils.java:logGet(44)) - raft.server.log.appender.buffer.byte-limit = 33554432 (custom)
2022-03-09 17:23:04,487 [pool-406-thread-1] INFO  server.RaftServerConfigKeys (ConfUtils.java:logGet(44)) - raft.server.log.segment.size.max = 1048576 (custom)
2022-03-09 17:23:04,487 [pool-406-thread-1] INFO  server.RaftServerConfigKeys (ConfUtils.java:logGet(44)) - raft.server.log.segment.cache.num.max = 2 (custom)
2022-03-09 17:23:04,488 [pool-406-thread-1] INFO  server.RaftServerConfigKeys (ConfUtils.java:logGet(44)) - raft.server.log.segment.cache.size.max = 200MB (=209715200) (default)
2022-03-09 17:23:04,488 [pool-406-thread-1] INFO  segmented.SegmentedRaftLogWorker (SegmentedRaftLogWorker.java:<init>(182)) - new 352514d3-16e8-44e7-9f6c-25a5b2684069@group-D5F1EC85B8FD-SegmentedRaftLogWorker for RaftStorageImpl:Storage Directory /home/runner/work/ozone/ozone/hadoop-ozone/integration-test/target/test-dir/MiniOzoneClusterImpl-aa50db73-d356-40d6-b3b5-5343d3a56795/datanode-2/data/ratis/23521788-aeaa-40a3-9537-d5f1ec85b8fd
2022-03-09 17:23:04,488 [pool-406-thread-1] INFO  server.RaftServerConfigKeys (ConfUtils.java:logGet(44)) - raft.server.log.queue.byte-limit = 4294967296 (custom)
2022-03-09 17:23:04,488 [pool-406-thread-1] INFO  server.RaftServerConfigKeys (ConfUtils.java:logGet(44)) - raft.server.log.queue.element-limit = 1024 (custom)
2022-03-09 17:23:04,488 [pool-406-thread-1] INFO  server.RaftServerConfigKeys (ConfUtils.java:logGet(44)) - raft.server.log.segment.size.max = 1048576 (custom)
2022-03-09 17:23:04,488 [pool-406-thread-1] INFO  server.RaftServerConfigKeys (ConfUtils.java:logGet(44)) - raft.server.log.preallocated.size = 16384 (custom)
2022-03-09 17:23:04,488 [pool-406-thread-1] INFO  server.RaftServerConfigKeys (ConfUtils.java:logGet(44)) - raft.server.log.force.sync.num = 128 (default)
2022-03-09 17:23:04,488 [pool-406-thread-1] INFO  server.RaftServerConfigKeys (ConfUtils.java:logGet(44)) - raft.server.log.statemachine.data.sync = true (default)
2022-03-09 17:23:04,488 [pool-406-thread-1] INFO  server.RaftServerConfigKeys (ConfUtils.java:logGet(44)) - raft.server.log.statemachine.data.sync.timeout = 10s (default)
2022-03-09 17:23:04,488 [pool-406-thread-1] INFO  server.RaftServerConfigKeys (ConfUtils.java:logGet(44)) - raft.server.log.statemachine.data.sync.timeout.retry = -1 (default)
2022-03-09 17:23:04,489 [pool-406-thread-1] INFO  server.RaftServerConfigKeys (ConfUtils.java:logGet(44)) - raft.server.log.write.buffer.size = 1048576 (custom)
2022-03-09 17:23:04,489 [pool-406-thread-1] INFO  server.RaftServerConfigKeys (ConfUtils.java:logGet(44)) - raft.server.log.statemachine.data.caching.enabled = true (custom)
2022-03-09 17:23:04,490 [EndpointStateMachine task thread for /127.0.0.1:45657 - 0 ] INFO  ipc.Client (Client.java:handleConnectionFailure(977)) - Retrying connect to server: localhost/127.0.0.1:45657. Already tried 2 time(s); retry policy is RetryUpToMaximumCountWithFixedSleep(maxRetries=15, sleepTime=1000 MILLISECONDS)
2022-03-09 17:23:04,497 [pool-406-thread-1] INFO  segmented.SegmentedRaftLogWorker (SegmentedRaftLogWorker.java:lambda$new$0(133)) - 352514d3-16e8-44e7-9f6c-25a5b2684069@group-D5F1EC85B8FD-SegmentedRaftLogWorker: flushIndex: setUnconditionally 0 -> -1
2022-03-09 17:23:04,497 [pool-406-thread-1] INFO  segmented.SegmentedRaftLogWorker (SegmentedRaftLogWorker.java:lambda$new$0(133)) - 352514d3-16e8-44e7-9f6c-25a5b2684069@group-D5F1EC85B8FD-SegmentedRaftLogWorker: safeCacheEvictIndex: setUnconditionally 0 -> -1
2022-03-09 17:23:04,506 [pool-406-thread-1] INFO  server.RaftServerConfigKeys (ConfUtils.java:logGet(44)) - raft.server.snapshot.auto.trigger.enabled = true (custom)
2022-03-09 17:23:04,506 [pool-406-thread-1] INFO  server.RaftServerConfigKeys (ConfUtils.java:logGet(44)) - raft.server.snapshot.auto.trigger.threshold = 10000 (custom)
2022-03-09 17:23:04,506 [pool-406-thread-1] INFO  server.RaftServerConfigKeys (ConfUtils.java:logGet(44)) - raft.server.snapshot.retention.file.num = 5 (custom)
2022-03-09 17:23:04,506 [pool-406-thread-1] INFO  server.RaftServerConfigKeys (ConfUtils.java:logGet(44)) - raft.server.log.purge.upto.snapshot.index = false (default)
2022-03-09 17:23:04,506 [pool-406-thread-1] INFO  server.RaftServerConfigKeys (ConfUtils.java:logGet(44)) - raft.server.retrycache.expirytime = 600000ms (custom)
2022-03-09 17:23:04,506 [pool-406-thread-1] INFO  server.RaftServerConfigKeys (ConfUtils.java:logGet(44)) - raft.server.retrycache.statistics.expirytime = 100μs (default)
2022-03-09 17:23:04,508 [pool-406-thread-1] INFO  server.RaftServer$Division (RaftServerImpl.java:start(301)) - 352514d3-16e8-44e7-9f6c-25a5b2684069@group-D5F1EC85B8FD: start as a follower, conf=-1: [8d38cd26-4da6-46a4-aba6-9da1aef73967|rpc:127.0.0.1:43435|dataStream:|priority:0, 352514d3-16e8-44e7-9f6c-25a5b2684069|rpc:127.0.0.1:37197|dataStream:|priority:1, 9cf3ac85-5088-4438-9438-d8e46945dabb|rpc:127.0.0.1:38217|dataStream:|priority:0], old=null
2022-03-09 17:23:04,508 [pool-406-thread-1] INFO  server.RaftServer$Division (RaftServerImpl.java:setRole(290)) - 352514d3-16e8-44e7-9f6c-25a5b2684069@group-D5F1EC85B8FD: changes role from      null to FOLLOWER at term 0 for startAsFollower
2022-03-09 17:23:04,508 [pool-406-thread-1] INFO  impl.RoleInfo (RoleInfo.java:updateAndGet(130)) - 352514d3-16e8-44e7-9f6c-25a5b2684069: start 352514d3-16e8-44e7-9f6c-25a5b2684069@group-D5F1EC85B8FD-FollowerState
2022-03-09 17:23:04,514 [pool-406-thread-1] INFO  util.JmxRegister (JmxRegister.java:tryRegister(44)) - Successfully registered JMX Bean with object name Ratis:service=RaftServer,group=group-D5F1EC85B8FD,id=352514d3-16e8-44e7-9f6c-25a5b2684069
2022-03-09 17:23:04,550 [Command processor thread] INFO  commandhandler.CreatePipelineCommandHandler (CreatePipelineCommandHandler.java:handle(106)) - Created Pipeline RATIS THREE PipelineID=23521788-aeaa-40a3-9537-d5f1ec85b8fd.
2022-03-09 17:23:04,551 [Command processor thread] INFO  server.RaftServer (RaftServerProxy.java:addNew(95)) - 9cf3ac85-5088-4438-9438-d8e46945dabb: addNew group-F4C19FBCF0D5:[8d38cd26-4da6-46a4-aba6-9da1aef73967|rpc:127.0.0.1:43435|priority:0, 352514d3-16e8-44e7-9f6c-25a5b2684069|rpc:127.0.0.1:37197|priority:0, 9cf3ac85-5088-4438-9438-d8e46945dabb|rpc:127.0.0.1:38217|priority:1] returns group-F4C19FBCF0D5:java.util.concurrent.CompletableFuture@6f867ed2[Not completed]
2022-03-09 17:23:04,551 [pool-360-thread-1] INFO  server.RaftServer$Division (RaftServerImpl.java:<init>(184)) - 9cf3ac85-5088-4438-9438-d8e46945dabb: new RaftServerImpl for group-F4C19FBCF0D5:[8d38cd26-4da6-46a4-aba6-9da1aef73967|rpc:127.0.0.1:43435|priority:0, 352514d3-16e8-44e7-9f6c-25a5b2684069|rpc:127.0.0.1:37197|priority:0, 9cf3ac85-5088-4438-9438-d8e46945dabb|rpc:127.0.0.1:38217|priority:1] with ContainerStateMachine:uninitialized
2022-03-09 17:23:04,551 [pool-360-thread-1] INFO  server.RaftServerConfigKeys (ConfUtils.java:logGet(44)) - raft.server.rpc.timeout.min = 5s (custom)
2022-03-09 17:23:04,551 [pool-360-thread-1] INFO  server.RaftServerConfigKeys (ConfUtils.java:logGet(44)) - raft.server.rpc.timeout.max = 5200ms (custom)
2022-03-09 17:23:04,551 [pool-360-thread-1] INFO  server.RaftServerConfigKeys (ConfUtils.java:logGet(44)) - raft.server.rpc.sleep.time = 25ms (default)
2022-03-09 17:23:04,552 [pool-360-thread-1] INFO  server.RaftServerConfigKeys (ConfUtils.java:logGet(44)) - raft.server.rpc.slowness.timeout = 300s (custom)
2022-03-09 17:23:04,552 [pool-360-thread-1] INFO  server.RaftServerConfigKeys (ConfUtils.java:logGet(44)) - raft.server.leaderelection.leader.step-down.wait-time = 10s (default)
2022-03-09 17:23:04,552 [pool-360-thread-1] INFO  server.RaftServerConfigKeys (ConfUtils.java:logGet(44)) - raft.server.sleep.deviation.threshold = 300ms (default)
2022-03-09 17:23:04,552 [pool-360-thread-1] INFO  server.RaftServerConfigKeys (ConfUtils.java:logGet(44)) - raft.server.log.appender.install.snapshot.enabled = false (custom)
2022-03-09 17:23:04,552 [pool-360-thread-1] INFO  server.RaftServer$Division (ServerState.java:<init>(105)) - 9cf3ac85-5088-4438-9438-d8e46945dabb@group-F4C19FBCF0D5: ConfigurationManager, init=-1: [8d38cd26-4da6-46a4-aba6-9da1aef73967|rpc:127.0.0.1:43435|priority:0, 352514d3-16e8-44e7-9f6c-25a5b2684069|rpc:127.0.0.1:37197|priority:0, 9cf3ac85-5088-4438-9438-d8e46945dabb|rpc:127.0.0.1:38217|priority:1], old=null, confs=<EMPTY_MAP>
2022-03-09 17:23:04,552 [pool-360-thread-1] INFO  server.RaftServerConfigKeys (ConfUtils.java:logGet(44)) - raft.server.storage.dir = [/home/runner/work/ozone/ozone/hadoop-ozone/integration-test/target/test-dir/MiniOzoneClusterImpl-aa50db73-d356-40d6-b3b5-5343d3a56795/datanode-0/data/ratis] (custom)
2022-03-09 17:23:04,552 [pool-360-thread-1] INFO  server.RaftServerConfigKeys (ConfUtils.java:logGet(44)) - raft.server.log.corruption.policy = EXCEPTION (default)
2022-03-09 17:23:04,552 [pool-360-thread-1] INFO  server.RaftServerConfigKeys (ConfUtils.java:logGet(44)) - raft.server.storage.free-space.min = 0MB (=0) (default)
2022-03-09 17:23:04,552 [pool-360-thread-1] INFO  storage.RaftStorageDirectory (RaftStorageDirectoryImpl.java:analyzeStorage(135)) - The storage directory /home/runner/work/ozone/ozone/hadoop-ozone/integration-test/target/test-dir/MiniOzoneClusterImpl-aa50db73-d356-40d6-b3b5-5343d3a56795/datanode-0/data/ratis/b8001ebf-700b-4a5f-a6f5-f4c19fbcf0d5 does not exist. Creating ...
2022-03-09 17:23:04,553 [pool-360-thread-1] INFO  storage.RaftStorageDirectory (RaftStorageDirectoryImpl.java:tryLock(230)) - Lock on /home/runner/work/ozone/ozone/hadoop-ozone/integration-test/target/test-dir/MiniOzoneClusterImpl-aa50db73-d356-40d6-b3b5-5343d3a56795/datanode-0/data/ratis/b8001ebf-700b-4a5f-a6f5-f4c19fbcf0d5/in_use.lock acquired by nodename 7019@fv-az148-759
2022-03-09 17:23:04,556 [pool-360-thread-1] INFO  storage.RaftStorage (RaftStorageImpl.java:format(89)) - Storage directory /home/runner/work/ozone/ozone/hadoop-ozone/integration-test/target/test-dir/MiniOzoneClusterImpl-aa50db73-d356-40d6-b3b5-5343d3a56795/datanode-0/data/ratis/b8001ebf-700b-4a5f-a6f5-f4c19fbcf0d5 has been successfully formatted.
2022-03-09 17:23:04,557 [pool-360-thread-1] INFO  ratis.ContainerStateMachine (ContainerStateMachine.java:loadSnapshot(236)) - group-F4C19FBCF0D5: The snapshot info is null. Setting the last applied indexto:(t:0, i:~)
2022-03-09 17:23:04,557 [pool-360-thread-1] INFO  server.RaftServerConfigKeys (ConfUtils.java:logGet(44)) - raft.server.notification.no-leader.timeout = 300s (custom)
2022-03-09 17:23:04,557 [pool-360-thread-1] INFO  server.RaftServerConfigKeys (ConfUtils.java:logGet(44)) - raft.server.log.use.memory = false (default)
2022-03-09 17:23:04,557 [pool-360-thread-1] INFO  server.RaftServerConfigKeys (ConfUtils.java:logGet(44)) - raft.server.log.purge.gap = 1000000 (custom)
2022-03-09 17:23:04,557 [pool-360-thread-1] INFO  server.RaftServerConfigKeys (ConfUtils.java:logGet(44)) - raft.server.log.appender.buffer.byte-limit = 33554432 (custom)
2022-03-09 17:23:04,557 [pool-360-thread-1] INFO  server.RaftServerConfigKeys (ConfUtils.java:logGet(44)) - raft.server.log.segment.size.max = 1048576 (custom)
2022-03-09 17:23:04,558 [pool-360-thread-1] INFO  server.RaftServerConfigKeys (ConfUtils.java:logGet(44)) - raft.server.log.segment.cache.num.max = 2 (custom)
2022-03-09 17:23:04,558 [pool-360-thread-1] INFO  server.RaftServerConfigKeys (ConfUtils.java:logGet(44)) - raft.server.log.segment.cache.size.max = 200MB (=209715200) (default)
2022-03-09 17:23:04,558 [pool-360-thread-1] INFO  segmented.SegmentedRaftLogWorker (SegmentedRaftLogWorker.java:<init>(182)) - new 9cf3ac85-5088-4438-9438-d8e46945dabb@group-F4C19FBCF0D5-SegmentedRaftLogWorker for RaftStorageImpl:Storage Directory /home/runner/work/ozone/ozone/hadoop-ozone/integration-test/target/test-dir/MiniOzoneClusterImpl-aa50db73-d356-40d6-b3b5-5343d3a56795/datanode-0/data/ratis/b8001ebf-700b-4a5f-a6f5-f4c19fbcf0d5
2022-03-09 17:23:04,558 [pool-360-thread-1] INFO  server.RaftServerConfigKeys (ConfUtils.java:logGet(44)) - raft.server.log.queue.byte-limit = 4294967296 (custom)
2022-03-09 17:23:04,558 [pool-360-thread-1] INFO  server.RaftServerConfigKeys (ConfUtils.java:logGet(44)) - raft.server.log.queue.element-limit = 1024 (custom)
2022-03-09 17:23:04,558 [pool-360-thread-1] INFO  server.RaftServerConfigKeys (ConfUtils.java:logGet(44)) - raft.server.log.segment.size.max = 1048576 (custom)
2022-03-09 17:23:04,558 [pool-360-thread-1] INFO  server.RaftServerConfigKeys (ConfUtils.java:logGet(44)) - raft.server.log.preallocated.size = 16384 (custom)
2022-03-09 17:23:04,558 [pool-360-thread-1] INFO  server.RaftServerConfigKeys (ConfUtils.java:logGet(44)) - raft.server.log.force.sync.num = 128 (default)
2022-03-09 17:23:04,558 [pool-360-thread-1] INFO  server.RaftServerConfigKeys (ConfUtils.java:logGet(44)) - raft.server.log.statemachine.data.sync = true (default)
2022-03-09 17:23:04,558 [pool-360-thread-1] INFO  server.RaftServerConfigKeys (ConfUtils.java:logGet(44)) - raft.server.log.statemachine.data.sync.timeout = 10s (default)
2022-03-09 17:23:04,558 [pool-360-thread-1] INFO  server.RaftServerConfigKeys (ConfUtils.java:logGet(44)) - raft.server.log.statemachine.data.sync.timeout.retry = -1 (default)
2022-03-09 17:23:04,559 [pool-360-thread-1] INFO  server.RaftServerConfigKeys (ConfUtils.java:logGet(44)) - raft.server.log.write.buffer.size = 1048576 (custom)
2022-03-09 17:23:04,560 [pool-360-thread-1] INFO  server.RaftServerConfigKeys (ConfUtils.java:logGet(44)) - raft.server.log.statemachine.data.caching.enabled = true (custom)
2022-03-09 17:23:04,560 [pool-360-thread-1] INFO  segmented.SegmentedRaftLogWorker (SegmentedRaftLogWorker.java:lambda$new$0(133)) - 9cf3ac85-5088-4438-9438-d8e46945dabb@group-F4C19FBCF0D5-SegmentedRaftLogWorker: flushIndex: setUnconditionally 0 -> -1
2022-03-09 17:23:04,560 [pool-360-thread-1] INFO  segmented.SegmentedRaftLogWorker (SegmentedRaftLogWorker.java:lambda$new$0(133)) - 9cf3ac85-5088-4438-9438-d8e46945dabb@group-F4C19FBCF0D5-SegmentedRaftLogWorker: safeCacheEvictIndex: setUnconditionally 0 -> -1
2022-03-09 17:23:04,567 [pool-360-thread-1] INFO  server.RaftServerConfigKeys (ConfUtils.java:logGet(44)) - raft.server.snapshot.auto.trigger.enabled = true (custom)
2022-03-09 17:23:04,567 [pool-360-thread-1] INFO  server.RaftServerConfigKeys (ConfUtils.java:logGet(44)) - raft.server.snapshot.auto.trigger.threshold = 10000 (custom)
2022-03-09 17:23:04,567 [pool-360-thread-1] INFO  server.RaftServerConfigKeys (ConfUtils.java:logGet(44)) - raft.server.snapshot.retention.file.num = 5 (custom)
2022-03-09 17:23:04,567 [pool-360-thread-1] INFO  server.RaftServerConfigKeys (ConfUtils.java:logGet(44)) - raft.server.log.purge.upto.snapshot.index = false (default)
2022-03-09 17:23:04,567 [pool-360-thread-1] INFO  server.RaftServerConfigKeys (ConfUtils.java:logGet(44)) - raft.server.retrycache.expirytime = 600000ms (custom)
2022-03-09 17:23:04,567 [pool-360-thread-1] INFO  server.RaftServerConfigKeys (ConfUtils.java:logGet(44)) - raft.server.retrycache.statistics.expirytime = 100μs (default)
2022-03-09 17:23:04,568 [pool-360-thread-1] INFO  server.RaftServer$Division (RaftServerImpl.java:start(301)) - 9cf3ac85-5088-4438-9438-d8e46945dabb@group-F4C19FBCF0D5: start as a follower, conf=-1: [8d38cd26-4da6-46a4-aba6-9da1aef73967|rpc:127.0.0.1:43435|priority:0, 352514d3-16e8-44e7-9f6c-25a5b2684069|rpc:127.0.0.1:37197|priority:0, 9cf3ac85-5088-4438-9438-d8e46945dabb|rpc:127.0.0.1:38217|priority:1], old=null
2022-03-09 17:23:04,568 [pool-360-thread-1] INFO  server.RaftServer$Division (RaftServerImpl.java:setRole(290)) - 9cf3ac85-5088-4438-9438-d8e46945dabb@group-F4C19FBCF0D5: changes role from      null to FOLLOWER at term 0 for startAsFollower
2022-03-09 17:23:04,568 [pool-360-thread-1] INFO  impl.RoleInfo (RoleInfo.java:updateAndGet(130)) - 9cf3ac85-5088-4438-9438-d8e46945dabb: start 9cf3ac85-5088-4438-9438-d8e46945dabb@group-F4C19FBCF0D5-FollowerState
2022-03-09 17:23:04,569 [pool-360-thread-1] INFO  util.JmxRegister (JmxRegister.java:tryRegister(44)) - Successfully registered JMX Bean with object name Ratis:service=RaftServer,group=group-F4C19FBCF0D5,id=9cf3ac85-5088-4438-9438-d8e46945dabb
2022-03-09 17:23:04,577 [Command processor thread] INFO  ratis.XceiverServerRatis (XceiverServerRatis.java:addGroup(769)) - Created group PipelineID=b8001ebf-700b-4a5f-a6f5-f4c19fbcf0d5
2022-03-09 17:23:04,592 [grpc-default-executor-0] INFO  server.RaftServer (RaftServerProxy.java:addNew(95)) - 8d38cd26-4da6-46a4-aba6-9da1aef73967: addNew group-F4C19FBCF0D5:[8d38cd26-4da6-46a4-aba6-9da1aef73967|rpc:127.0.0.1:43435|dataStream:|priority:0, 352514d3-16e8-44e7-9f6c-25a5b2684069|rpc:127.0.0.1:37197|dataStream:|priority:0, 9cf3ac85-5088-4438-9438-d8e46945dabb|rpc:127.0.0.1:38217|dataStream:|priority:1] returns group-F4C19FBCF0D5:java.util.concurrent.CompletableFuture@4cdf0dc1[Not completed]
2022-03-09 17:23:04,593 [pool-383-thread-1] INFO  server.RaftServer$Division (RaftServerImpl.java:<init>(184)) - 8d38cd26-4da6-46a4-aba6-9da1aef73967: new RaftServerImpl for group-F4C19FBCF0D5:[8d38cd26-4da6-46a4-aba6-9da1aef73967|rpc:127.0.0.1:43435|dataStream:|priority:0, 352514d3-16e8-44e7-9f6c-25a5b2684069|rpc:127.0.0.1:37197|dataStream:|priority:0, 9cf3ac85-5088-4438-9438-d8e46945dabb|rpc:127.0.0.1:38217|dataStream:|priority:1] with ContainerStateMachine:uninitialized
2022-03-09 17:23:04,593 [pool-383-thread-1] INFO  server.RaftServerConfigKeys (ConfUtils.java:logGet(44)) - raft.server.rpc.timeout.min = 5s (custom)
2022-03-09 17:23:04,593 [pool-383-thread-1] INFO  server.RaftServerConfigKeys (ConfUtils.java:logGet(44)) - raft.server.rpc.timeout.max = 5200ms (custom)
2022-03-09 17:23:04,593 [pool-383-thread-1] INFO  server.RaftServerConfigKeys (ConfUtils.java:logGet(44)) - raft.server.rpc.sleep.time = 25ms (default)
2022-03-09 17:23:04,593 [pool-383-thread-1] INFO  server.RaftServerConfigKeys (ConfUtils.java:logGet(44)) - raft.server.rpc.slowness.timeout = 300s (custom)
2022-03-09 17:23:04,593 [pool-383-thread-1] INFO  server.RaftServerConfigKeys (ConfUtils.java:logGet(44)) - raft.server.leaderelection.leader.step-down.wait-time = 10s (default)
2022-03-09 17:23:04,593 [pool-383-thread-1] INFO  server.RaftServerConfigKeys (ConfUtils.java:logGet(44)) - raft.server.sleep.deviation.threshold = 300ms (default)
2022-03-09 17:23:04,593 [pool-383-thread-1] INFO  server.RaftServerConfigKeys (ConfUtils.java:logGet(44)) - raft.server.log.appender.install.snapshot.enabled = false (custom)
2022-03-09 17:23:04,593 [pool-383-thread-1] INFO  server.RaftServer$Division (ServerState.java:<init>(105)) - 8d38cd26-4da6-46a4-aba6-9da1aef73967@group-F4C19FBCF0D5: ConfigurationManager, init=-1: [8d38cd26-4da6-46a4-aba6-9da1aef73967|rpc:127.0.0.1:43435|dataStream:|priority:0, 352514d3-16e8-44e7-9f6c-25a5b2684069|rpc:127.0.0.1:37197|dataStream:|priority:0, 9cf3ac85-5088-4438-9438-d8e46945dabb|rpc:127.0.0.1:38217|dataStream:|priority:1], old=null, confs=<EMPTY_MAP>
2022-03-09 17:23:04,593 [pool-383-thread-1] INFO  server.RaftServerConfigKeys (ConfUtils.java:logGet(44)) - raft.server.storage.dir = [/home/runner/work/ozone/ozone/hadoop-ozone/integration-test/target/test-dir/MiniOzoneClusterImpl-aa50db73-d356-40d6-b3b5-5343d3a56795/datanode-1/data/ratis] (custom)
2022-03-09 17:23:04,593 [pool-383-thread-1] INFO  server.RaftServerConfigKeys (ConfUtils.java:logGet(44)) - raft.server.log.corruption.policy = EXCEPTION (default)
2022-03-09 17:23:04,593 [pool-383-thread-1] INFO  server.RaftServerConfigKeys (ConfUtils.java:logGet(44)) - raft.server.storage.free-space.min = 0MB (=0) (default)
2022-03-09 17:23:04,593 [pool-383-thread-1] INFO  storage.RaftStorageDirectory (RaftStorageDirectoryImpl.java:analyzeStorage(135)) - The storage directory /home/runner/work/ozone/ozone/hadoop-ozone/integration-test/target/test-dir/MiniOzoneClusterImpl-aa50db73-d356-40d6-b3b5-5343d3a56795/datanode-1/data/ratis/b8001ebf-700b-4a5f-a6f5-f4c19fbcf0d5 does not exist. Creating ...
2022-03-09 17:23:04,597 [pool-383-thread-1] INFO  storage.RaftStorageDirectory (RaftStorageDirectoryImpl.java:tryLock(230)) - Lock on /home/runner/work/ozone/ozone/hadoop-ozone/integration-test/target/test-dir/MiniOzoneClusterImpl-aa50db73-d356-40d6-b3b5-5343d3a56795/datanode-1/data/ratis/b8001ebf-700b-4a5f-a6f5-f4c19fbcf0d5/in_use.lock acquired by nodename 7019@fv-az148-759
2022-03-09 17:23:04,599 [pool-383-thread-1] INFO  storage.RaftStorage (RaftStorageImpl.java:format(89)) - Storage directory /home/runner/work/ozone/ozone/hadoop-ozone/integration-test/target/test-dir/MiniOzoneClusterImpl-aa50db73-d356-40d6-b3b5-5343d3a56795/datanode-1/data/ratis/b8001ebf-700b-4a5f-a6f5-f4c19fbcf0d5 has been successfully formatted.
2022-03-09 17:23:04,599 [pool-383-thread-1] INFO  ratis.ContainerStateMachine (ContainerStateMachine.java:loadSnapshot(236)) - group-F4C19FBCF0D5: The snapshot info is null. Setting the last applied indexto:(t:0, i:~)
2022-03-09 17:23:04,602 [pool-383-thread-1] INFO  server.RaftServerConfigKeys (ConfUtils.java:logGet(44)) - raft.server.notification.no-leader.timeout = 300s (custom)
2022-03-09 17:23:04,602 [pool-383-thread-1] INFO  server.RaftServerConfigKeys (ConfUtils.java:logGet(44)) - raft.server.log.use.memory = false (default)
2022-03-09 17:23:04,602 [pool-383-thread-1] INFO  server.RaftServerConfigKeys (ConfUtils.java:logGet(44)) - raft.server.log.purge.gap = 1000000 (custom)
2022-03-09 17:23:04,602 [pool-383-thread-1] INFO  server.RaftServerConfigKeys (ConfUtils.java:logGet(44)) - raft.server.log.appender.buffer.byte-limit = 33554432 (custom)
2022-03-09 17:23:04,602 [pool-383-thread-1] INFO  server.RaftServerConfigKeys (ConfUtils.java:logGet(44)) - raft.server.log.segment.size.max = 1048576 (custom)
2022-03-09 17:23:04,603 [pool-383-thread-1] INFO  server.RaftServerConfigKeys (ConfUtils.java:logGet(44)) - raft.server.log.segment.cache.num.max = 2 (custom)
2022-03-09 17:23:04,603 [pool-383-thread-1] INFO  server.RaftServerConfigKeys (ConfUtils.java:logGet(44)) - raft.server.log.segment.cache.size.max = 200MB (=209715200) (default)
2022-03-09 17:23:04,603 [pool-383-thread-1] INFO  segmented.SegmentedRaftLogWorker (SegmentedRaftLogWorker.java:<init>(182)) - new 8d38cd26-4da6-46a4-aba6-9da1aef73967@group-F4C19FBCF0D5-SegmentedRaftLogWorker for RaftStorageImpl:Storage Directory /home/runner/work/ozone/ozone/hadoop-ozone/integration-test/target/test-dir/MiniOzoneClusterImpl-aa50db73-d356-40d6-b3b5-5343d3a56795/datanode-1/data/ratis/b8001ebf-700b-4a5f-a6f5-f4c19fbcf0d5
2022-03-09 17:23:04,603 [pool-383-thread-1] INFO  server.RaftServerConfigKeys (ConfUtils.java:logGet(44)) - raft.server.log.queue.byte-limit = 4294967296 (custom)
2022-03-09 17:23:04,603 [pool-383-thread-1] INFO  server.RaftServerConfigKeys (ConfUtils.java:logGet(44)) - raft.server.log.queue.element-limit = 1024 (custom)
2022-03-09 17:23:04,603 [pool-383-thread-1] INFO  server.RaftServerConfigKeys (ConfUtils.java:logGet(44)) - raft.server.log.segment.size.max = 1048576 (custom)
2022-03-09 17:23:04,603 [pool-383-thread-1] INFO  server.RaftServerConfigKeys (ConfUtils.java:logGet(44)) - raft.server.log.preallocated.size = 16384 (custom)
2022-03-09 17:23:04,603 [pool-383-thread-1] INFO  server.RaftServerConfigKeys (ConfUtils.java:logGet(44)) - raft.server.log.force.sync.num = 128 (default)
2022-03-09 17:23:04,603 [pool-383-thread-1] INFO  server.RaftServerConfigKeys (ConfUtils.java:logGet(44)) - raft.server.log.statemachine.data.sync = true (default)
2022-03-09 17:23:04,603 [pool-383-thread-1] INFO  server.RaftServerConfigKeys (ConfUtils.java:logGet(44)) - raft.server.log.statemachine.data.sync.timeout = 10s (default)
2022-03-09 17:23:04,603 [pool-383-thread-1] INFO  server.RaftServerConfigKeys (ConfUtils.java:logGet(44)) - raft.server.log.statemachine.data.sync.timeout.retry = -1 (default)
2022-03-09 17:23:04,604 [pool-383-thread-1] INFO  server.RaftServerConfigKeys (ConfUtils.java:logGet(44)) - raft.server.log.write.buffer.size = 1048576 (custom)
2022-03-09 17:23:04,604 [pool-383-thread-1] INFO  server.RaftServerConfigKeys (ConfUtils.java:logGet(44)) - raft.server.log.statemachine.data.caching.enabled = true (custom)
2022-03-09 17:23:04,606 [pool-383-thread-1] INFO  segmented.SegmentedRaftLogWorker (SegmentedRaftLogWorker.java:lambda$new$0(133)) - 8d38cd26-4da6-46a4-aba6-9da1aef73967@group-F4C19FBCF0D5-SegmentedRaftLogWorker: flushIndex: setUnconditionally 0 -> -1
2022-03-09 17:23:04,606 [pool-383-thread-1] INFO  segmented.SegmentedRaftLogWorker (SegmentedRaftLogWorker.java:lambda$new$0(133)) - 8d38cd26-4da6-46a4-aba6-9da1aef73967@group-F4C19FBCF0D5-SegmentedRaftLogWorker: safeCacheEvictIndex: setUnconditionally 0 -> -1
2022-03-09 17:23:04,614 [pool-383-thread-1] INFO  server.RaftServerConfigKeys (ConfUtils.java:logGet(44)) - raft.server.snapshot.auto.trigger.enabled = true (custom)
2022-03-09 17:23:04,614 [pool-383-thread-1] INFO  server.RaftServerConfigKeys (ConfUtils.java:logGet(44)) - raft.server.snapshot.auto.trigger.threshold = 10000 (custom)
2022-03-09 17:23:04,614 [pool-383-thread-1] INFO  server.RaftServerConfigKeys (ConfUtils.java:logGet(44)) - raft.server.snapshot.retention.file.num = 5 (custom)
2022-03-09 17:23:04,614 [pool-383-thread-1] INFO  server.RaftServerConfigKeys (ConfUtils.java:logGet(44)) - raft.server.log.purge.upto.snapshot.index = false (default)
2022-03-09 17:23:04,614 [pool-383-thread-1] INFO  server.RaftServerConfigKeys (ConfUtils.java:logGet(44)) - raft.server.retrycache.expirytime = 600000ms (custom)
2022-03-09 17:23:04,614 [pool-383-thread-1] INFO  server.RaftServerConfigKeys (ConfUtils.java:logGet(44)) - raft.server.retrycache.statistics.expirytime = 100μs (default)
2022-03-09 17:23:04,615 [pool-383-thread-1] INFO  server.RaftServer$Division (RaftServerImpl.java:start(301)) - 8d38cd26-4da6-46a4-aba6-9da1aef73967@group-F4C19FBCF0D5: start as a follower, conf=-1: [8d38cd26-4da6-46a4-aba6-9da1aef73967|rpc:127.0.0.1:43435|dataStream:|priority:0, 352514d3-16e8-44e7-9f6c-25a5b2684069|rpc:127.0.0.1:37197|dataStream:|priority:0, 9cf3ac85-5088-4438-9438-d8e46945dabb|rpc:127.0.0.1:38217|dataStream:|priority:1], old=null
2022-03-09 17:23:04,616 [pool-383-thread-1] INFO  server.RaftServer$Division (RaftServerImpl.java:setRole(290)) - 8d38cd26-4da6-46a4-aba6-9da1aef73967@group-F4C19FBCF0D5: changes role from      null to FOLLOWER at term 0 for startAsFollower
2022-03-09 17:23:04,616 [pool-383-thread-1] INFO  impl.RoleInfo (RoleInfo.java:updateAndGet(130)) - 8d38cd26-4da6-46a4-aba6-9da1aef73967: start 8d38cd26-4da6-46a4-aba6-9da1aef73967@group-F4C19FBCF0D5-FollowerState
2022-03-09 17:23:04,623 [pool-383-thread-1] INFO  util.JmxRegister (JmxRegister.java:tryRegister(44)) - Successfully registered JMX Bean with object name Ratis:service=RaftServer,group=group-F4C19FBCF0D5,id=8d38cd26-4da6-46a4-aba6-9da1aef73967
2022-03-09 17:23:04,652 [Command processor thread] INFO  server.RaftServer (RaftServerProxy.java:addNew(95)) - 8d38cd26-4da6-46a4-aba6-9da1aef73967: addNew group-3B6C6690B93C:[8d38cd26-4da6-46a4-aba6-9da1aef73967|rpc:127.0.0.1:43435|priority:1] returns group-3B6C6690B93C:java.util.concurrent.CompletableFuture@3faa7924[Not completed]
2022-03-09 17:23:04,653 [pool-383-thread-1] INFO  server.RaftServer$Division (RaftServerImpl.java:<init>(184)) - 8d38cd26-4da6-46a4-aba6-9da1aef73967: new RaftServerImpl for group-3B6C6690B93C:[8d38cd26-4da6-46a4-aba6-9da1aef73967|rpc:127.0.0.1:43435|priority:1] with ContainerStateMachine:uninitialized
2022-03-09 17:23:04,653 [pool-383-thread-1] INFO  server.RaftServerConfigKeys (ConfUtils.java:logGet(44)) - raft.server.rpc.timeout.min = 5s (custom)
2022-03-09 17:23:04,653 [pool-383-thread-1] INFO  server.RaftServerConfigKeys (ConfUtils.java:logGet(44)) - raft.server.rpc.timeout.max = 5200ms (custom)
2022-03-09 17:23:04,653 [pool-383-thread-1] INFO  server.RaftServerConfigKeys (ConfUtils.java:logGet(44)) - raft.server.rpc.sleep.time = 25ms (default)
2022-03-09 17:23:04,653 [pool-383-thread-1] INFO  server.RaftServerConfigKeys (ConfUtils.java:logGet(44)) - raft.server.rpc.slowness.timeout = 300s (custom)
2022-03-09 17:23:04,653 [pool-383-thread-1] INFO  server.RaftServerConfigKeys (ConfUtils.java:logGet(44)) - raft.server.leaderelection.leader.step-down.wait-time = 10s (default)
2022-03-09 17:23:04,653 [pool-383-thread-1] INFO  server.RaftServerConfigKeys (ConfUtils.java:logGet(44)) - raft.server.sleep.deviation.threshold = 300ms (default)
2022-03-09 17:23:04,653 [pool-383-thread-1] INFO  server.RaftServerConfigKeys (ConfUtils.java:logGet(44)) - raft.server.log.appender.install.snapshot.enabled = false (custom)
2022-03-09 17:23:04,653 [pool-383-thread-1] INFO  server.RaftServer$Division (ServerState.java:<init>(105)) - 8d38cd26-4da6-46a4-aba6-9da1aef73967@group-3B6C6690B93C: ConfigurationManager, init=-1: [8d38cd26-4da6-46a4-aba6-9da1aef73967|rpc:127.0.0.1:43435|priority:1], old=null, confs=<EMPTY_MAP>
2022-03-09 17:23:04,653 [pool-383-thread-1] INFO  server.RaftServerConfigKeys (ConfUtils.java:logGet(44)) - raft.server.storage.dir = [/home/runner/work/ozone/ozone/hadoop-ozone/integration-test/target/test-dir/MiniOzoneClusterImpl-aa50db73-d356-40d6-b3b5-5343d3a56795/datanode-1/data/ratis] (custom)
2022-03-09 17:23:04,653 [pool-383-thread-1] INFO  server.RaftServerConfigKeys (ConfUtils.java:logGet(44)) - raft.server.log.corruption.policy = EXCEPTION (default)
2022-03-09 17:23:04,653 [pool-383-thread-1] INFO  server.RaftServerConfigKeys (ConfUtils.java:logGet(44)) - raft.server.storage.free-space.min = 0MB (=0) (default)
2022-03-09 17:23:04,653 [pool-383-thread-1] INFO  storage.RaftStorageDirectory (RaftStorageDirectoryImpl.java:analyzeStorage(135)) - The storage directory /home/runner/work/ozone/ozone/hadoop-ozone/integration-test/target/test-dir/MiniOzoneClusterImpl-aa50db73-d356-40d6-b3b5-5343d3a56795/datanode-1/data/ratis/66e3fedf-e620-404f-b32e-3b6c6690b93c does not exist. Creating ...
2022-03-09 17:23:04,655 [pool-383-thread-1] INFO  storage.RaftStorageDirectory (RaftStorageDirectoryImpl.java:tryLock(230)) - Lock on /home/runner/work/ozone/ozone/hadoop-ozone/integration-test/target/test-dir/MiniOzoneClusterImpl-aa50db73-d356-40d6-b3b5-5343d3a56795/datanode-1/data/ratis/66e3fedf-e620-404f-b32e-3b6c6690b93c/in_use.lock acquired by nodename 7019@fv-az148-759
2022-03-09 17:23:04,656 [pool-383-thread-1] INFO  storage.RaftStorage (RaftStorageImpl.java:format(89)) - Storage directory /home/runner/work/ozone/ozone/hadoop-ozone/integration-test/target/test-dir/MiniOzoneClusterImpl-aa50db73-d356-40d6-b3b5-5343d3a56795/datanode-1/data/ratis/66e3fedf-e620-404f-b32e-3b6c6690b93c has been successfully formatted.
2022-03-09 17:23:04,657 [pool-383-thread-1] INFO  ratis.ContainerStateMachine (ContainerStateMachine.java:loadSnapshot(236)) - group-3B6C6690B93C: The snapshot info is null. Setting the last applied indexto:(t:0, i:~)
2022-03-09 17:23:04,657 [pool-383-thread-1] INFO  server.RaftServerConfigKeys (ConfUtils.java:logGet(44)) - raft.server.notification.no-leader.timeout = 300s (custom)
2022-03-09 17:23:04,666 [pool-383-thread-1] INFO  server.RaftServerConfigKeys (ConfUtils.java:logGet(44)) - raft.server.log.use.memory = false (default)
2022-03-09 17:23:04,666 [pool-383-thread-1] INFO  server.RaftServerConfigKeys (ConfUtils.java:logGet(44)) - raft.server.log.purge.gap = 1000000 (custom)
2022-03-09 17:23:04,666 [pool-383-thread-1] INFO  server.RaftServerConfigKeys (ConfUtils.java:logGet(44)) - raft.server.log.appender.buffer.byte-limit = 33554432 (custom)
2022-03-09 17:23:04,666 [pool-383-thread-1] INFO  server.RaftServerConfigKeys (ConfUtils.java:logGet(44)) - raft.server.log.segment.size.max = 1048576 (custom)
2022-03-09 17:23:04,667 [pool-383-thread-1] INFO  server.RaftServerConfigKeys (ConfUtils.java:logGet(44)) - raft.server.log.segment.cache.num.max = 2 (custom)
2022-03-09 17:23:04,667 [pool-383-thread-1] INFO  server.RaftServerConfigKeys (ConfUtils.java:logGet(44)) - raft.server.log.segment.cache.size.max = 200MB (=209715200) (default)
2022-03-09 17:23:04,667 [pool-383-thread-1] INFO  segmented.SegmentedRaftLogWorker (SegmentedRaftLogWorker.java:<init>(182)) - new 8d38cd26-4da6-46a4-aba6-9da1aef73967@group-3B6C6690B93C-SegmentedRaftLogWorker for RaftStorageImpl:Storage Directory /home/runner/work/ozone/ozone/hadoop-ozone/integration-test/target/test-dir/MiniOzoneClusterImpl-aa50db73-d356-40d6-b3b5-5343d3a56795/datanode-1/data/ratis/66e3fedf-e620-404f-b32e-3b6c6690b93c
2022-03-09 17:23:04,667 [pool-383-thread-1] INFO  server.RaftServerConfigKeys (ConfUtils.java:logGet(44)) - raft.server.log.queue.byte-limit = 4294967296 (custom)
2022-03-09 17:23:04,667 [pool-383-thread-1] INFO  server.RaftServerConfigKeys (ConfUtils.java:logGet(44)) - raft.server.log.queue.element-limit = 1024 (custom)
2022-03-09 17:23:04,667 [pool-383-thread-1] INFO  server.RaftServerConfigKeys (ConfUtils.java:logGet(44)) - raft.server.log.segment.size.max = 1048576 (custom)
2022-03-09 17:23:04,667 [pool-383-thread-1] INFO  server.RaftServerConfigKeys (ConfUtils.java:logGet(44)) - raft.server.log.preallocated.size = 16384 (custom)
2022-03-09 17:23:04,667 [pool-383-thread-1] INFO  server.RaftServerConfigKeys (ConfUtils.java:logGet(44)) - raft.server.log.force.sync.num = 128 (default)
2022-03-09 17:23:04,667 [pool-383-thread-1] INFO  server.RaftServerConfigKeys (ConfUtils.java:logGet(44)) - raft.server.log.statemachine.data.sync = true (default)
2022-03-09 17:23:04,667 [pool-383-thread-1] INFO  server.RaftServerConfigKeys (ConfUtils.java:logGet(44)) - raft.server.log.statemachine.data.sync.timeout = 10s (default)
2022-03-09 17:23:04,667 [pool-383-thread-1] INFO  server.RaftServerConfigKeys (ConfUtils.java:logGet(44)) - raft.server.log.statemachine.data.sync.timeout.retry = -1 (default)
2022-03-09 17:23:04,668 [pool-383-thread-1] INFO  server.RaftServerConfigKeys (ConfUtils.java:logGet(44)) - raft.server.log.write.buffer.size = 1048576 (custom)
2022-03-09 17:23:04,668 [pool-383-thread-1] INFO  server.RaftServerConfigKeys (ConfUtils.java:logGet(44)) - raft.server.log.statemachine.data.caching.enabled = true (custom)
2022-03-09 17:23:04,669 [pool-383-thread-1] INFO  segmented.SegmentedRaftLogWorker (SegmentedRaftLogWorker.java:lambda$new$0(133)) - 8d38cd26-4da6-46a4-aba6-9da1aef73967@group-3B6C6690B93C-SegmentedRaftLogWorker: flushIndex: setUnconditionally 0 -> -1
2022-03-09 17:23:04,669 [pool-383-thread-1] INFO  segmented.SegmentedRaftLogWorker (SegmentedRaftLogWorker.java:lambda$new$0(133)) - 8d38cd26-4da6-46a4-aba6-9da1aef73967@group-3B6C6690B93C-SegmentedRaftLogWorker: safeCacheEvictIndex: setUnconditionally 0 -> -1
2022-03-09 17:23:04,666 [EventQueue-PipelineReportForPipelineReportHandler] INFO  pipeline.PipelineManagerImpl (PipelineManagerImpl.java:openPipeline(291)) - Pipeline Pipeline[ Id: 66e3fedf-e620-404f-b32e-3b6c6690b93c, Nodes: 8d38cd26-4da6-46a4-aba6-9da1aef73967{ip: 127.0.0.1, host: localhost, ports: [REPLICATION=40367, RATIS=43435, RATIS_ADMIN=43435, RATIS_SERVER=43435, STANDALONE=39745], networkLocation: /default-rack, certSerialId: null, persistedOpState: IN_SERVICE, persistedOpStateExpiryEpochSec: 0}, ReplicationConfig: RATIS/ONE, State:ALLOCATED, leaderId:8d38cd26-4da6-46a4-aba6-9da1aef73967, CreationTimestamp2022-03-09T17:23:01.667Z[Etc/UTC]] moved to OPEN state
2022-03-09 17:23:04,670 [EventQueue-PipelineReportForPipelineReportHandler] INFO  pipeline.PipelineManagerImpl (PipelineManagerImpl.java:openPipeline(291)) - Pipeline Pipeline[ Id: 66e3fedf-e620-404f-b32e-3b6c6690b93c, Nodes: 8d38cd26-4da6-46a4-aba6-9da1aef73967{ip: 127.0.0.1, host: localhost, ports: [REPLICATION=40367, RATIS=43435, RATIS_ADMIN=43435, RATIS_SERVER=43435, STANDALONE=39745], networkLocation: /default-rack, certSerialId: null, persistedOpState: IN_SERVICE, persistedOpStateExpiryEpochSec: 0}, ReplicationConfig: RATIS/ONE, State:ALLOCATED, leaderId:8d38cd26-4da6-46a4-aba6-9da1aef73967, CreationTimestamp2022-03-09T17:23:01.667Z[Etc/UTC]] moved to OPEN state
2022-03-09 17:23:04,679 [pool-383-thread-1] INFO  server.RaftServerConfigKeys (ConfUtils.java:logGet(44)) - raft.server.snapshot.auto.trigger.enabled = true (custom)
2022-03-09 17:23:04,679 [pool-383-thread-1] INFO  server.RaftServerConfigKeys (ConfUtils.java:logGet(44)) - raft.server.snapshot.auto.trigger.threshold = 10000 (custom)
2022-03-09 17:23:04,679 [pool-383-thread-1] INFO  server.RaftServerConfigKeys (ConfUtils.java:logGet(44)) - raft.server.snapshot.retention.file.num = 5 (custom)
2022-03-09 17:23:04,679 [pool-383-thread-1] INFO  server.RaftServerConfigKeys (ConfUtils.java:logGet(44)) - raft.server.log.purge.upto.snapshot.index = false (default)
2022-03-09 17:23:04,679 [pool-383-thread-1] INFO  server.RaftServerConfigKeys (ConfUtils.java:logGet(44)) - raft.server.retrycache.expirytime = 600000ms (custom)
2022-03-09 17:23:04,679 [pool-383-thread-1] INFO  server.RaftServerConfigKeys (ConfUtils.java:logGet(44)) - raft.server.retrycache.statistics.expirytime = 100μs (default)
2022-03-09 17:23:04,680 [pool-383-thread-1] INFO  server.RaftServer$Division (RaftServerImpl.java:start(301)) - 8d38cd26-4da6-46a4-aba6-9da1aef73967@group-3B6C6690B93C: start as a follower, conf=-1: [8d38cd26-4da6-46a4-aba6-9da1aef73967|rpc:127.0.0.1:43435|priority:1], old=null
2022-03-09 17:23:04,680 [pool-383-thread-1] INFO  server.RaftServer$Division (RaftServerImpl.java:setRole(290)) - 8d38cd26-4da6-46a4-aba6-9da1aef73967@group-3B6C6690B93C: changes role from      null to FOLLOWER at term 0 for startAsFollower
2022-03-09 17:23:04,681 [pool-383-thread-1] INFO  impl.RoleInfo (RoleInfo.java:updateAndGet(130)) - 8d38cd26-4da6-46a4-aba6-9da1aef73967: start 8d38cd26-4da6-46a4-aba6-9da1aef73967@group-3B6C6690B93C-FollowerState
2022-03-09 17:23:04,681 [pool-383-thread-1] INFO  util.JmxRegister (JmxRegister.java:tryRegister(44)) - Successfully registered JMX Bean with object name Ratis:service=RaftServer,group=group-3B6C6690B93C,id=8d38cd26-4da6-46a4-aba6-9da1aef73967
2022-03-09 17:23:04,690 [Command processor thread] INFO  ratis.XceiverServerRatis (XceiverServerRatis.java:addGroup(769)) - Created group PipelineID=66e3fedf-e620-404f-b32e-3b6c6690b93c
2022-03-09 17:23:04,691 [Command processor thread] INFO  commandhandler.CreatePipelineCommandHandler (CreatePipelineCommandHandler.java:handle(106)) - Created Pipeline RATIS ONE PipelineID=66e3fedf-e620-404f-b32e-3b6c6690b93c.
2022-03-09 17:23:04,704 [grpc-default-executor-0] INFO  server.RaftServer (RaftServerProxy.java:addNew(95)) - 352514d3-16e8-44e7-9f6c-25a5b2684069: addNew group-F4C19FBCF0D5:[8d38cd26-4da6-46a4-aba6-9da1aef73967|rpc:127.0.0.1:43435|dataStream:|priority:0, 352514d3-16e8-44e7-9f6c-25a5b2684069|rpc:127.0.0.1:37197|dataStream:|priority:0, 9cf3ac85-5088-4438-9438-d8e46945dabb|rpc:127.0.0.1:38217|dataStream:|priority:1] returns group-F4C19FBCF0D5:java.util.concurrent.CompletableFuture@32a2623[Not completed]
2022-03-09 17:23:04,705 [pool-406-thread-1] INFO  server.RaftServer$Division (RaftServerImpl.java:<init>(184)) - 352514d3-16e8-44e7-9f6c-25a5b2684069: new RaftServerImpl for group-F4C19FBCF0D5:[8d38cd26-4da6-46a4-aba6-9da1aef73967|rpc:127.0.0.1:43435|dataStream:|priority:0, 352514d3-16e8-44e7-9f6c-25a5b2684069|rpc:127.0.0.1:37197|dataStream:|priority:0, 9cf3ac85-5088-4438-9438-d8e46945dabb|rpc:127.0.0.1:38217|dataStream:|priority:1] with ContainerStateMachine:uninitialized
2022-03-09 17:23:04,705 [pool-406-thread-1] INFO  server.RaftServerConfigKeys (ConfUtils.java:logGet(44)) - raft.server.rpc.timeout.min = 5s (custom)
2022-03-09 17:23:04,705 [pool-406-thread-1] INFO  server.RaftServerConfigKeys (ConfUtils.java:logGet(44)) - raft.server.rpc.timeout.max = 5200ms (custom)
2022-03-09 17:23:04,705 [pool-406-thread-1] INFO  server.RaftServerConfigKeys (ConfUtils.java:logGet(44)) - raft.server.rpc.sleep.time = 25ms (default)
2022-03-09 17:23:04,705 [pool-406-thread-1] INFO  server.RaftServerConfigKeys (ConfUtils.java:logGet(44)) - raft.server.rpc.slowness.timeout = 300s (custom)
2022-03-09 17:23:04,705 [pool-406-thread-1] INFO  server.RaftServerConfigKeys (ConfUtils.java:logGet(44)) - raft.server.leaderelection.leader.step-down.wait-time = 10s (default)
2022-03-09 17:23:04,705 [pool-406-thread-1] INFO  server.RaftServerConfigKeys (ConfUtils.java:logGet(44)) - raft.server.sleep.deviation.threshold = 300ms (default)
2022-03-09 17:23:04,705 [pool-406-thread-1] INFO  server.RaftServerConfigKeys (ConfUtils.java:logGet(44)) - raft.server.log.appender.install.snapshot.enabled = false (custom)
2022-03-09 17:23:04,705 [pool-406-thread-1] INFO  server.RaftServer$Division (ServerState.java:<init>(105)) - 352514d3-16e8-44e7-9f6c-25a5b2684069@group-F4C19FBCF0D5: ConfigurationManager, init=-1: [8d38cd26-4da6-46a4-aba6-9da1aef73967|rpc:127.0.0.1:43435|dataStream:|priority:0, 352514d3-16e8-44e7-9f6c-25a5b2684069|rpc:127.0.0.1:37197|dataStream:|priority:0, 9cf3ac85-5088-4438-9438-d8e46945dabb|rpc:127.0.0.1:38217|dataStream:|priority:1], old=null, confs=<EMPTY_MAP>
2022-03-09 17:23:04,705 [pool-406-thread-1] INFO  server.RaftServerConfigKeys (ConfUtils.java:logGet(44)) - raft.server.storage.dir = [/home/runner/work/ozone/ozone/hadoop-ozone/integration-test/target/test-dir/MiniOzoneClusterImpl-aa50db73-d356-40d6-b3b5-5343d3a56795/datanode-2/data/ratis] (custom)
2022-03-09 17:23:04,705 [pool-406-thread-1] INFO  server.RaftServerConfigKeys (ConfUtils.java:logGet(44)) - raft.server.log.corruption.policy = EXCEPTION (default)
2022-03-09 17:23:04,705 [pool-406-thread-1] INFO  server.RaftServerConfigKeys (ConfUtils.java:logGet(44)) - raft.server.storage.free-space.min = 0MB (=0) (default)
2022-03-09 17:23:04,705 [pool-406-thread-1] INFO  storage.RaftStorageDirectory (RaftStorageDirectoryImpl.java:analyzeStorage(135)) - The storage directory /home/runner/work/ozone/ozone/hadoop-ozone/integration-test/target/test-dir/MiniOzoneClusterImpl-aa50db73-d356-40d6-b3b5-5343d3a56795/datanode-2/data/ratis/b8001ebf-700b-4a5f-a6f5-f4c19fbcf0d5 does not exist. Creating ...
2022-03-09 17:23:04,707 [pool-406-thread-1] INFO  storage.RaftStorageDirectory (RaftStorageDirectoryImpl.java:tryLock(230)) - Lock on /home/runner/work/ozone/ozone/hadoop-ozone/integration-test/target/test-dir/MiniOzoneClusterImpl-aa50db73-d356-40d6-b3b5-5343d3a56795/datanode-2/data/ratis/b8001ebf-700b-4a5f-a6f5-f4c19fbcf0d5/in_use.lock acquired by nodename 7019@fv-az148-759
2022-03-09 17:23:04,709 [dae587cf-c5b5-4dcf-9320-ec0de1a92622@group-5343D3A56795-StateMachineUpdater] INFO  ha.SCMStateMachine (SCMStateMachine.java:takeSnapshot(297)) - Current Snapshot Index 18, takeSnapshot took 0 ms
2022-03-09 17:23:04,709 [dae587cf-c5b5-4dcf-9320-ec0de1a92622@group-5343D3A56795-StateMachineUpdater] INFO  impl.StateMachineUpdater (StateMachineUpdater.java:takeSnapshot(281)) - dae587cf-c5b5-4dcf-9320-ec0de1a92622@group-5343D3A56795-StateMachineUpdater: Took a snapshot at index 18
2022-03-09 17:23:04,709 [dae587cf-c5b5-4dcf-9320-ec0de1a92622@group-5343D3A56795-StateMachineUpdater] INFO  impl.StateMachineUpdater (StateMachineUpdater.java:lambda$new$0(89)) - dae587cf-c5b5-4dcf-9320-ec0de1a92622@group-5343D3A56795-StateMachineUpdater: snapshotIndex: updateIncreasingly 13 -> 18
2022-03-09 17:23:04,709 [dae587cf-c5b5-4dcf-9320-ec0de1a92622@group-5343D3A56795-StateMachineUpdater] INFO  raftlog.RaftLog (RaftLogBase.java:purge(306)) - dae587cf-c5b5-4dcf-9320-ec0de1a92622@group-5343D3A56795-SegmentedRaftLog: purge 18
2022-03-09 17:23:04,709 [dae587cf-c5b5-4dcf-9320-ec0de1a92622@group-5343D3A56795-StateMachineUpdater] INFO  raftlog.RaftLog (RaftLogBase.java:lambda$new$0(53)) - dae587cf-c5b5-4dcf-9320-ec0de1a92622@group-5343D3A56795-SegmentedRaftLog: snapshotIndex: updateIncreasingly 13 -> 18
2022-03-09 17:23:04,709 [dae587cf-c5b5-4dcf-9320-ec0de1a92622@group-5343D3A56795-StateMachineUpdater] INFO  raftlog.RaftLog (RaftLogBase.java:lambda$new$0(53)) - dae587cf-c5b5-4dcf-9320-ec0de1a92622@group-5343D3A56795-SegmentedRaftLog: purgeIndex: updateToMax old=13, new=18, updated? true
2022-03-09 17:23:04,711 [ab171f79-80bf-4db9-ba30-7c5fcf45ffba@group-5343D3A56795-StateMachineUpdater] INFO  safemode.HealthyPipelineSafeModeRule (HealthyPipelineSafeModeRule.java:initializeRule(152)) - Refreshed total pipeline count is 0, healthy pipeline threshold count is 1
2022-03-09 17:23:04,711 [EventQueue-OpenPipelineForHealthyPipelineSafeModeRule] INFO  safemode.SCMSafeModeManager (HealthyPipelineSafeModeRule.java:process(124)) - SCM in safe mode. Healthy pipelines reported count is 0, required healthy pipeline reported count is 1
2022-03-09 17:23:04,712 [pool-406-thread-1] INFO  storage.RaftStorage (RaftStorageImpl.java:format(89)) - Storage directory /home/runner/work/ozone/ozone/hadoop-ozone/integration-test/target/test-dir/MiniOzoneClusterImpl-aa50db73-d356-40d6-b3b5-5343d3a56795/datanode-2/data/ratis/b8001ebf-700b-4a5f-a6f5-f4c19fbcf0d5 has been successfully formatted.
2022-03-09 17:23:04,721 [pool-406-thread-1] INFO  ratis.ContainerStateMachine (ContainerStateMachine.java:loadSnapshot(236)) - group-F4C19FBCF0D5: The snapshot info is null. Setting the last applied indexto:(t:0, i:~)
2022-03-09 17:23:04,722 [pool-406-thread-1] INFO  server.RaftServerConfigKeys (ConfUtils.java:logGet(44)) - raft.server.notification.no-leader.timeout = 300s (custom)
2022-03-09 17:23:04,722 [pool-406-thread-1] INFO  server.RaftServerConfigKeys (ConfUtils.java:logGet(44)) - raft.server.log.use.memory = false (default)
2022-03-09 17:23:04,722 [pool-406-thread-1] INFO  server.RaftServerConfigKeys (ConfUtils.java:logGet(44)) - raft.server.log.purge.gap = 1000000 (custom)
2022-03-09 17:23:04,722 [pool-406-thread-1] INFO  server.RaftServerConfigKeys (ConfUtils.java:logGet(44)) - raft.server.log.appender.buffer.byte-limit = 33554432 (custom)
2022-03-09 17:23:04,722 [dae587cf-c5b5-4dcf-9320-ec0de1a92622@group-5343D3A56795-StateMachineUpdater] INFO  safemode.HealthyPipelineSafeModeRule (HealthyPipelineSafeModeRule.java:initializeRule(152)) - Refreshed total pipeline count is 0, healthy pipeline threshold count is 1
2022-03-09 17:23:04,722 [pool-406-thread-1] INFO  server.RaftServerConfigKeys (ConfUtils.java:logGet(44)) - raft.server.log.segment.size.max = 1048576 (custom)
2022-03-09 17:23:04,722 [pool-406-thread-1] INFO  server.RaftServerConfigKeys (ConfUtils.java:logGet(44)) - raft.server.log.segment.cache.num.max = 2 (custom)
2022-03-09 17:23:04,722 [pool-406-thread-1] INFO  server.RaftServerConfigKeys (ConfUtils.java:logGet(44)) - raft.server.log.segment.cache.size.max = 200MB (=209715200) (default)
2022-03-09 17:23:04,723 [pool-406-thread-1] INFO  segmented.SegmentedRaftLogWorker (SegmentedRaftLogWorker.java:<init>(182)) - new 352514d3-16e8-44e7-9f6c-25a5b2684069@group-F4C19FBCF0D5-SegmentedRaftLogWorker for RaftStorageImpl:Storage Directory /home/runner/work/ozone/ozone/hadoop-ozone/integration-test/target/test-dir/MiniOzoneClusterImpl-aa50db73-d356-40d6-b3b5-5343d3a56795/datanode-2/data/ratis/b8001ebf-700b-4a5f-a6f5-f4c19fbcf0d5
2022-03-09 17:23:04,723 [pool-406-thread-1] INFO  server.RaftServerConfigKeys (ConfUtils.java:logGet(44)) - raft.server.log.queue.byte-limit = 4294967296 (custom)
2022-03-09 17:23:04,723 [pool-406-thread-1] INFO  server.RaftServerConfigKeys (ConfUtils.java:logGet(44)) - raft.server.log.queue.element-limit = 1024 (custom)
2022-03-09 17:23:04,723 [pool-406-thread-1] INFO  server.RaftServerConfigKeys (ConfUtils.java:logGet(44)) - raft.server.log.segment.size.max = 1048576 (custom)
2022-03-09 17:23:04,723 [pool-406-thread-1] INFO  server.RaftServerConfigKeys (ConfUtils.java:logGet(44)) - raft.server.log.preallocated.size = 16384 (custom)
2022-03-09 17:23:04,723 [pool-406-thread-1] INFO  server.RaftServerConfigKeys (ConfUtils.java:logGet(44)) - raft.server.log.force.sync.num = 128 (default)
2022-03-09 17:23:04,723 [pool-406-thread-1] INFO  server.RaftServerConfigKeys (ConfUtils.java:logGet(44)) - raft.server.log.statemachine.data.sync = true (default)
2022-03-09 17:23:04,723 [pool-406-thread-1] INFO  server.RaftServerConfigKeys (ConfUtils.java:logGet(44)) - raft.server.log.statemachine.data.sync.timeout = 10s (default)
2022-03-09 17:23:04,723 [pool-406-thread-1] INFO  server.RaftServerConfigKeys (ConfUtils.java:logGet(44)) - raft.server.log.statemachine.data.sync.timeout.retry = -1 (default)
2022-03-09 17:23:04,724 [pool-406-thread-1] INFO  server.RaftServerConfigKeys (ConfUtils.java:logGet(44)) - raft.server.log.write.buffer.size = 1048576 (custom)
2022-03-09 17:23:04,724 [pool-406-thread-1] INFO  server.RaftServerConfigKeys (ConfUtils.java:logGet(44)) - raft.server.log.statemachine.data.caching.enabled = true (custom)
2022-03-09 17:23:04,724 [pool-406-thread-1] INFO  segmented.SegmentedRaftLogWorker (SegmentedRaftLogWorker.java:lambda$new$0(133)) - 352514d3-16e8-44e7-9f6c-25a5b2684069@group-F4C19FBCF0D5-SegmentedRaftLogWorker: flushIndex: setUnconditionally 0 -> -1
2022-03-09 17:23:04,724 [pool-406-thread-1] INFO  segmented.SegmentedRaftLogWorker (SegmentedRaftLogWorker.java:lambda$new$0(133)) - 352514d3-16e8-44e7-9f6c-25a5b2684069@group-F4C19FBCF0D5-SegmentedRaftLogWorker: safeCacheEvictIndex: setUnconditionally 0 -> -1
2022-03-09 17:23:04,725 [ab171f79-80bf-4db9-ba30-7c5fcf45ffba@group-5343D3A56795-StateMachineUpdater] INFO  ha.SCMStateMachine (SCMStateMachine.java:takeSnapshot(297)) - Current Snapshot Index 20, takeSnapshot took 0 ms
2022-03-09 17:23:04,725 [ab171f79-80bf-4db9-ba30-7c5fcf45ffba@group-5343D3A56795-StateMachineUpdater] INFO  impl.StateMachineUpdater (StateMachineUpdater.java:takeSnapshot(281)) - ab171f79-80bf-4db9-ba30-7c5fcf45ffba@group-5343D3A56795-StateMachineUpdater: Took a snapshot at index 20
2022-03-09 17:23:04,725 [ab171f79-80bf-4db9-ba30-7c5fcf45ffba@group-5343D3A56795-StateMachineUpdater] INFO  impl.StateMachineUpdater (StateMachineUpdater.java:lambda$new$0(89)) - ab171f79-80bf-4db9-ba30-7c5fcf45ffba@group-5343D3A56795-StateMachineUpdater: snapshotIndex: updateIncreasingly 15 -> 20
2022-03-09 17:23:04,725 [ab171f79-80bf-4db9-ba30-7c5fcf45ffba@group-5343D3A56795-StateMachineUpdater] INFO  raftlog.RaftLog (RaftLogBase.java:purge(306)) - ab171f79-80bf-4db9-ba30-7c5fcf45ffba@group-5343D3A56795-SegmentedRaftLog: purge 20
2022-03-09 17:23:04,726 [ab171f79-80bf-4db9-ba30-7c5fcf45ffba@group-5343D3A56795-StateMachineUpdater] INFO  raftlog.RaftLog (RaftLogBase.java:lambda$new$0(53)) - ab171f79-80bf-4db9-ba30-7c5fcf45ffba@group-5343D3A56795-SegmentedRaftLog: snapshotIndex: updateIncreasingly 15 -> 20
2022-03-09 17:23:04,726 [ab171f79-80bf-4db9-ba30-7c5fcf45ffba@group-5343D3A56795-StateMachineUpdater] INFO  raftlog.RaftLog (RaftLogBase.java:lambda$new$0(53)) - ab171f79-80bf-4db9-ba30-7c5fcf45ffba@group-5343D3A56795-SegmentedRaftLog: purgeIndex: updateToMax old=15, new=20, updated? true
2022-03-09 17:23:04,733 [pool-406-thread-1] INFO  server.RaftServerConfigKeys (ConfUtils.java:logGet(44)) - raft.server.snapshot.auto.trigger.enabled = true (custom)
2022-03-09 17:23:04,733 [pool-406-thread-1] INFO  server.RaftServerConfigKeys (ConfUtils.java:logGet(44)) - raft.server.snapshot.auto.trigger.threshold = 10000 (custom)
2022-03-09 17:23:04,733 [pool-406-thread-1] INFO  server.RaftServerConfigKeys (ConfUtils.java:logGet(44)) - raft.server.snapshot.retention.file.num = 5 (custom)
2022-03-09 17:23:04,733 [pool-406-thread-1] INFO  server.RaftServerConfigKeys (ConfUtils.java:logGet(44)) - raft.server.log.purge.upto.snapshot.index = false (default)
2022-03-09 17:23:04,733 [pool-406-thread-1] INFO  server.RaftServerConfigKeys (ConfUtils.java:logGet(44)) - raft.server.retrycache.expirytime = 600000ms (custom)
2022-03-09 17:23:04,733 [pool-406-thread-1] INFO  server.RaftServerConfigKeys (ConfUtils.java:logGet(44)) - raft.server.retrycache.statistics.expirytime = 100μs (default)
2022-03-09 17:23:04,734 [pool-406-thread-1] INFO  server.RaftServer$Division (RaftServerImpl.java:start(301)) - 352514d3-16e8-44e7-9f6c-25a5b2684069@group-F4C19FBCF0D5: start as a follower, conf=-1: [8d38cd26-4da6-46a4-aba6-9da1aef73967|rpc:127.0.0.1:43435|dataStream:|priority:0, 352514d3-16e8-44e7-9f6c-25a5b2684069|rpc:127.0.0.1:37197|dataStream:|priority:0, 9cf3ac85-5088-4438-9438-d8e46945dabb|rpc:127.0.0.1:38217|dataStream:|priority:1], old=null
2022-03-09 17:23:04,734 [pool-406-thread-1] INFO  server.RaftServer$Division (RaftServerImpl.java:setRole(290)) - 352514d3-16e8-44e7-9f6c-25a5b2684069@group-F4C19FBCF0D5: changes role from      null to FOLLOWER at term 0 for startAsFollower
2022-03-09 17:23:04,734 [pool-406-thread-1] INFO  impl.RoleInfo (RoleInfo.java:updateAndGet(130)) - 352514d3-16e8-44e7-9f6c-25a5b2684069: start 352514d3-16e8-44e7-9f6c-25a5b2684069@group-F4C19FBCF0D5-FollowerState
2022-03-09 17:23:04,739 [pool-406-thread-1] INFO  util.JmxRegister (JmxRegister.java:tryRegister(44)) - Successfully registered JMX Bean with object name Ratis:service=RaftServer,group=group-F4C19FBCF0D5,id=352514d3-16e8-44e7-9f6c-25a5b2684069
2022-03-09 17:23:04,752 [Command processor thread] INFO  commandhandler.CreatePipelineCommandHandler (CreatePipelineCommandHandler.java:handle(106)) - Created Pipeline RATIS THREE PipelineID=b8001ebf-700b-4a5f-a6f5-f4c19fbcf0d5.
2022-03-09 17:23:05,099 [Listener at 127.0.0.1/45999] INFO  ozone.MiniOzoneClusterImpl (MiniOzoneClusterImpl.java:lambda$waitForClusterToBeReady$0(219)) - Nodes are ready. Got 3 of 3 DN Heartbeats.
2022-03-09 17:23:05,099 [Listener at 127.0.0.1/45999] INFO  ozone.MiniOzoneClusterImpl (MiniOzoneClusterImpl.java:lambda$waitForClusterToBeReady$0(222)) - Waiting for cluster to exit safe mode
2022-03-09 17:23:05,099 [Listener at 127.0.0.1/45999] INFO  ozone.MiniOzoneClusterImpl (MiniOzoneClusterImpl.java:lambda$waitForClusterToBeReady$0(224)) - SCM became leader
2022-03-09 17:23:05,179 [Command processor thread] INFO  server.RaftServer (RaftServerProxy.java:addNew(95)) - 352514d3-16e8-44e7-9f6c-25a5b2684069: addNew group-91A0848E2091:[352514d3-16e8-44e7-9f6c-25a5b2684069|rpc:127.0.0.1:37197|priority:1] returns group-91A0848E2091:java.util.concurrent.CompletableFuture@1ebb260c[Not completed]
2022-03-09 17:23:05,180 [pool-406-thread-1] INFO  server.RaftServer$Division (RaftServerImpl.java:<init>(184)) - 352514d3-16e8-44e7-9f6c-25a5b2684069: new RaftServerImpl for group-91A0848E2091:[352514d3-16e8-44e7-9f6c-25a5b2684069|rpc:127.0.0.1:37197|priority:1] with ContainerStateMachine:uninitialized
2022-03-09 17:23:05,180 [pool-406-thread-1] INFO  server.RaftServerConfigKeys (ConfUtils.java:logGet(44)) - raft.server.rpc.timeout.min = 5s (custom)
2022-03-09 17:23:05,180 [pool-406-thread-1] INFO  server.RaftServerConfigKeys (ConfUtils.java:logGet(44)) - raft.server.rpc.timeout.max = 5200ms (custom)
2022-03-09 17:23:05,180 [pool-406-thread-1] INFO  server.RaftServerConfigKeys (ConfUtils.java:logGet(44)) - raft.server.rpc.sleep.time = 25ms (default)
2022-03-09 17:23:05,180 [pool-406-thread-1] INFO  server.RaftServerConfigKeys (ConfUtils.java:logGet(44)) - raft.server.rpc.slowness.timeout = 300s (custom)
2022-03-09 17:23:05,180 [pool-406-thread-1] INFO  server.RaftServerConfigKeys (ConfUtils.java:logGet(44)) - raft.server.leaderelection.leader.step-down.wait-time = 10s (default)
2022-03-09 17:23:05,180 [pool-406-thread-1] INFO  server.RaftServerConfigKeys (ConfUtils.java:logGet(44)) - raft.server.sleep.deviation.threshold = 300ms (default)
2022-03-09 17:23:05,180 [pool-406-thread-1] INFO  server.RaftServerConfigKeys (ConfUtils.java:logGet(44)) - raft.server.log.appender.install.snapshot.enabled = false (custom)
2022-03-09 17:23:05,180 [pool-406-thread-1] INFO  server.RaftServer$Division (ServerState.java:<init>(105)) - 352514d3-16e8-44e7-9f6c-25a5b2684069@group-91A0848E2091: ConfigurationManager, init=-1: [352514d3-16e8-44e7-9f6c-25a5b2684069|rpc:127.0.0.1:37197|priority:1], old=null, confs=<EMPTY_MAP>
2022-03-09 17:23:05,180 [pool-406-thread-1] INFO  server.RaftServerConfigKeys (ConfUtils.java:logGet(44)) - raft.server.storage.dir = [/home/runner/work/ozone/ozone/hadoop-ozone/integration-test/target/test-dir/MiniOzoneClusterImpl-aa50db73-d356-40d6-b3b5-5343d3a56795/datanode-2/data/ratis] (custom)
2022-03-09 17:23:05,180 [pool-406-thread-1] INFO  server.RaftServerConfigKeys (ConfUtils.java:logGet(44)) - raft.server.log.corruption.policy = EXCEPTION (default)
2022-03-09 17:23:05,180 [pool-406-thread-1] INFO  server.RaftServerConfigKeys (ConfUtils.java:logGet(44)) - raft.server.storage.free-space.min = 0MB (=0) (default)
2022-03-09 17:23:05,181 [pool-406-thread-1] INFO  storage.RaftStorageDirectory (RaftStorageDirectoryImpl.java:analyzeStorage(135)) - The storage directory /home/runner/work/ozone/ozone/hadoop-ozone/integration-test/target/test-dir/MiniOzoneClusterImpl-aa50db73-d356-40d6-b3b5-5343d3a56795/datanode-2/data/ratis/f616d121-2706-4163-8920-91a0848e2091 does not exist. Creating ...
2022-03-09 17:23:05,182 [pool-406-thread-1] INFO  storage.RaftStorageDirectory (RaftStorageDirectoryImpl.java:tryLock(230)) - Lock on /home/runner/work/ozone/ozone/hadoop-ozone/integration-test/target/test-dir/MiniOzoneClusterImpl-aa50db73-d356-40d6-b3b5-5343d3a56795/datanode-2/data/ratis/f616d121-2706-4163-8920-91a0848e2091/in_use.lock acquired by nodename 7019@fv-az148-759
2022-03-09 17:23:05,184 [pool-406-thread-1] INFO  storage.RaftStorage (RaftStorageImpl.java:format(89)) - Storage directory /home/runner/work/ozone/ozone/hadoop-ozone/integration-test/target/test-dir/MiniOzoneClusterImpl-aa50db73-d356-40d6-b3b5-5343d3a56795/datanode-2/data/ratis/f616d121-2706-4163-8920-91a0848e2091 has been successfully formatted.
2022-03-09 17:23:05,184 [pool-406-thread-1] INFO  ratis.ContainerStateMachine (ContainerStateMachine.java:loadSnapshot(236)) - group-91A0848E2091: The snapshot info is null. Setting the last applied indexto:(t:0, i:~)
2022-03-09 17:23:05,184 [pool-406-thread-1] INFO  server.RaftServerConfigKeys (ConfUtils.java:logGet(44)) - raft.server.notification.no-leader.timeout = 300s (custom)
2022-03-09 17:23:05,184 [pool-406-thread-1] INFO  server.RaftServerConfigKeys (ConfUtils.java:logGet(44)) - raft.server.log.use.memory = false (default)
2022-03-09 17:23:05,184 [pool-406-thread-1] INFO  server.RaftServerConfigKeys (ConfUtils.java:logGet(44)) - raft.server.log.purge.gap = 1000000 (custom)
2022-03-09 17:23:05,184 [pool-406-thread-1] INFO  server.RaftServerConfigKeys (ConfUtils.java:logGet(44)) - raft.server.log.appender.buffer.byte-limit = 33554432 (custom)
2022-03-09 17:23:05,184 [pool-406-thread-1] INFO  server.RaftServerConfigKeys (ConfUtils.java:logGet(44)) - raft.server.log.segment.size.max = 1048576 (custom)
2022-03-09 17:23:05,185 [pool-406-thread-1] INFO  server.RaftServerConfigKeys (ConfUtils.java:logGet(44)) - raft.server.log.segment.cache.num.max = 2 (custom)
2022-03-09 17:23:05,185 [pool-406-thread-1] INFO  server.RaftServerConfigKeys (ConfUtils.java:logGet(44)) - raft.server.log.segment.cache.size.max = 200MB (=209715200) (default)
2022-03-09 17:23:05,185 [pool-406-thread-1] INFO  segmented.SegmentedRaftLogWorker (SegmentedRaftLogWorker.java:<init>(182)) - new 352514d3-16e8-44e7-9f6c-25a5b2684069@group-91A0848E2091-SegmentedRaftLogWorker for RaftStorageImpl:Storage Directory /home/runner/work/ozone/ozone/hadoop-ozone/integration-test/target/test-dir/MiniOzoneClusterImpl-aa50db73-d356-40d6-b3b5-5343d3a56795/datanode-2/data/ratis/f616d121-2706-4163-8920-91a0848e2091
2022-03-09 17:23:05,185 [pool-406-thread-1] INFO  server.RaftServerConfigKeys (ConfUtils.java:logGet(44)) - raft.server.log.queue.byte-limit = 4294967296 (custom)
2022-03-09 17:23:05,185 [pool-406-thread-1] INFO  server.RaftServerConfigKeys (ConfUtils.java:logGet(44)) - raft.server.log.queue.element-limit = 1024 (custom)
2022-03-09 17:23:05,185 [pool-406-thread-1] INFO  server.RaftServerConfigKeys (ConfUtils.java:logGet(44)) - raft.server.log.segment.size.max = 1048576 (custom)
2022-03-09 17:23:05,185 [pool-406-thread-1] INFO  server.RaftServerConfigKeys (ConfUtils.java:logGet(44)) - raft.server.log.preallocated.size = 16384 (custom)
2022-03-09 17:23:05,185 [pool-406-thread-1] INFO  server.RaftServerConfigKeys (ConfUtils.java:logGet(44)) - raft.server.log.force.sync.num = 128 (default)
2022-03-09 17:23:05,185 [pool-406-thread-1] INFO  server.RaftServerConfigKeys (ConfUtils.java:logGet(44)) - raft.server.log.statemachine.data.sync = true (default)
2022-03-09 17:23:05,185 [pool-406-thread-1] INFO  server.RaftServerConfigKeys (ConfUtils.java:logGet(44)) - raft.server.log.statemachine.data.sync.timeout = 10s (default)
2022-03-09 17:23:05,185 [pool-406-thread-1] INFO  server.RaftServerConfigKeys (ConfUtils.java:logGet(44)) - raft.server.log.statemachine.data.sync.timeout.retry = -1 (default)
2022-03-09 17:23:05,186 [pool-406-thread-1] INFO  server.RaftServerConfigKeys (ConfUtils.java:logGet(44)) - raft.server.log.write.buffer.size = 1048576 (custom)
2022-03-09 17:23:05,186 [pool-406-thread-1] INFO  server.RaftServerConfigKeys (ConfUtils.java:logGet(44)) - raft.server.log.statemachine.data.caching.enabled = true (custom)
2022-03-09 17:23:05,186 [pool-406-thread-1] INFO  segmented.SegmentedRaftLogWorker (SegmentedRaftLogWorker.java:lambda$new$0(133)) - 352514d3-16e8-44e7-9f6c-25a5b2684069@group-91A0848E2091-SegmentedRaftLogWorker: flushIndex: setUnconditionally 0 -> -1
2022-03-09 17:23:05,186 [pool-406-thread-1] INFO  segmented.SegmentedRaftLogWorker (SegmentedRaftLogWorker.java:lambda$new$0(133)) - 352514d3-16e8-44e7-9f6c-25a5b2684069@group-91A0848E2091-SegmentedRaftLogWorker: safeCacheEvictIndex: setUnconditionally 0 -> -1
2022-03-09 17:23:05,200 [pool-406-thread-1] INFO  server.RaftServerConfigKeys (ConfUtils.java:logGet(44)) - raft.server.snapshot.auto.trigger.enabled = true (custom)
2022-03-09 17:23:05,200 [pool-406-thread-1] INFO  server.RaftServerConfigKeys (ConfUtils.java:logGet(44)) - raft.server.snapshot.auto.trigger.threshold = 10000 (custom)
2022-03-09 17:23:05,200 [pool-406-thread-1] INFO  server.RaftServerConfigKeys (ConfUtils.java:logGet(44)) - raft.server.snapshot.retention.file.num = 5 (custom)
2022-03-09 17:23:05,200 [pool-406-thread-1] INFO  server.RaftServerConfigKeys (ConfUtils.java:logGet(44)) - raft.server.log.purge.upto.snapshot.index = false (default)
2022-03-09 17:23:05,200 [pool-406-thread-1] INFO  server.RaftServerConfigKeys (ConfUtils.java:logGet(44)) - raft.server.retrycache.expirytime = 600000ms (custom)
2022-03-09 17:23:05,200 [pool-406-thread-1] INFO  server.RaftServerConfigKeys (ConfUtils.java:logGet(44)) - raft.server.retrycache.statistics.expirytime = 100μs (default)
2022-03-09 17:23:05,201 [pool-406-thread-1] INFO  server.RaftServer$Division (RaftServerImpl.java:start(301)) - 352514d3-16e8-44e7-9f6c-25a5b2684069@group-91A0848E2091: start as a follower, conf=-1: [352514d3-16e8-44e7-9f6c-25a5b2684069|rpc:127.0.0.1:37197|priority:1], old=null
2022-03-09 17:23:05,201 [pool-406-thread-1] INFO  server.RaftServer$Division (RaftServerImpl.java:setRole(290)) - 352514d3-16e8-44e7-9f6c-25a5b2684069@group-91A0848E2091: changes role from      null to FOLLOWER at term 0 for startAsFollower
2022-03-09 17:23:05,201 [pool-406-thread-1] INFO  impl.RoleInfo (RoleInfo.java:updateAndGet(130)) - 352514d3-16e8-44e7-9f6c-25a5b2684069: start 352514d3-16e8-44e7-9f6c-25a5b2684069@group-91A0848E2091-FollowerState
2022-03-09 17:23:05,207 [pool-406-thread-1] INFO  util.JmxRegister (JmxRegister.java:tryRegister(44)) - Successfully registered JMX Bean with object name Ratis:service=RaftServer,group=group-91A0848E2091,id=352514d3-16e8-44e7-9f6c-25a5b2684069
2022-03-09 17:23:05,215 [Command processor thread] INFO  ratis.XceiverServerRatis (XceiverServerRatis.java:addGroup(769)) - Created group PipelineID=f616d121-2706-4163-8920-91a0848e2091
2022-03-09 17:23:05,215 [Command processor thread] INFO  commandhandler.CreatePipelineCommandHandler (CreatePipelineCommandHandler.java:handle(106)) - Created Pipeline RATIS ONE PipelineID=f616d121-2706-4163-8920-91a0848e2091.
2022-03-09 17:23:05,217 [EventQueue-PipelineReportForPipelineReportHandler] INFO  pipeline.PipelineManagerImpl (PipelineManagerImpl.java:openPipeline(291)) - Pipeline Pipeline[ Id: f616d121-2706-4163-8920-91a0848e2091, Nodes: 352514d3-16e8-44e7-9f6c-25a5b2684069{ip: 127.0.0.1, host: localhost, ports: [REPLICATION=37469, RATIS=37197, RATIS_ADMIN=37197, RATIS_SERVER=37197, STANDALONE=38249], networkLocation: /default-rack, certSerialId: null, persistedOpState: IN_SERVICE, persistedOpStateExpiryEpochSec: 0}, ReplicationConfig: RATIS/ONE, State:ALLOCATED, leaderId:352514d3-16e8-44e7-9f6c-25a5b2684069, CreationTimestamp2022-03-09T17:23:02.182Z[Etc/UTC]] moved to OPEN state
2022-03-09 17:23:05,216 [EventQueue-PipelineReportForPipelineReportHandler] INFO  pipeline.PipelineManagerImpl (PipelineManagerImpl.java:openPipeline(291)) - Pipeline Pipeline[ Id: f616d121-2706-4163-8920-91a0848e2091, Nodes: 352514d3-16e8-44e7-9f6c-25a5b2684069{ip: 127.0.0.1, host: localhost, ports: [REPLICATION=37469, RATIS=37197, RATIS_ADMIN=37197, RATIS_SERVER=37197, STANDALONE=38249], networkLocation: /default-rack, certSerialId: null, persistedOpState: IN_SERVICE, persistedOpStateExpiryEpochSec: 0}, ReplicationConfig: RATIS/ONE, State:ALLOCATED, leaderId:352514d3-16e8-44e7-9f6c-25a5b2684069, CreationTimestamp2022-03-09T17:23:02.182Z[Etc/UTC]] moved to OPEN state
2022-03-09 17:23:05,244 [ab171f79-80bf-4db9-ba30-7c5fcf45ffba@group-5343D3A56795-StateMachineUpdater] INFO  safemode.HealthyPipelineSafeModeRule (HealthyPipelineSafeModeRule.java:initializeRule(152)) - Refreshed total pipeline count is 0, healthy pipeline threshold count is 1
2022-03-09 17:23:05,245 [EventQueue-OpenPipelineForHealthyPipelineSafeModeRule] INFO  safemode.SCMSafeModeManager (HealthyPipelineSafeModeRule.java:process(124)) - SCM in safe mode. Healthy pipelines reported count is 0, required healthy pipeline reported count is 1
2022-03-09 17:23:05,254 [EventQueue-OpenPipelineForHealthyPipelineSafeModeRule] INFO  safemode.SCMSafeModeManager (HealthyPipelineSafeModeRule.java:process(124)) - SCM in safe mode. Healthy pipelines reported count is 0, required healthy pipeline reported count is 1
2022-03-09 17:23:05,255 [dae587cf-c5b5-4dcf-9320-ec0de1a92622@group-5343D3A56795-StateMachineUpdater] INFO  safemode.HealthyPipelineSafeModeRule (HealthyPipelineSafeModeRule.java:initializeRule(152)) - Refreshed total pipeline count is 0, healthy pipeline threshold count is 1
2022-03-09 17:23:05,256 [EventQueue-OpenPipelineForHealthyPipelineSafeModeRule] INFO  safemode.SCMSafeModeManager (HealthyPipelineSafeModeRule.java:process(124)) - SCM in safe mode. Healthy pipelines reported count is 0, required healthy pipeline reported count is 1
2022-03-09 17:23:05,449 [EndpointStateMachine task thread for /127.0.0.1:40365 - 0 ] INFO  ipc.Client (Client.java:handleConnectionFailure(977)) - Retrying connect to server: localhost/127.0.0.1:40365. Already tried 3 time(s); retry policy is RetryUpToMaximumCountWithFixedSleep(maxRetries=15, sleepTime=1000 MILLISECONDS)
2022-03-09 17:23:05,466 [EndpointStateMachine task thread for /127.0.0.1:38239 - 0 ] INFO  ipc.Client (Client.java:handleConnectionFailure(977)) - Retrying connect to server: localhost/127.0.0.1:38239. Already tried 3 time(s); retry policy is RetryUpToMaximumCountWithFixedSleep(maxRetries=15, sleepTime=1000 MILLISECONDS)
2022-03-09 17:23:05,497 [EndpointStateMachine task thread for /127.0.0.1:45657 - 0 ] INFO  ipc.Client (Client.java:handleConnectionFailure(977)) - Retrying connect to server: localhost/127.0.0.1:45657. Already tried 3 time(s); retry policy is RetryUpToMaximumCountWithFixedSleep(maxRetries=15, sleepTime=1000 MILLISECONDS)
2022-03-09 17:23:05,557 [Datanode State Machine Daemon Thread] ERROR datanode.RunningDatanodeState (RunningDatanodeState.java:computeNextContainerState(201)) - Error in executing end point task.
java.util.concurrent.ExecutionException: java.util.concurrent.TimeoutException
	at java.util.concurrent.FutureTask.report(FutureTask.java:122)
	at java.util.concurrent.FutureTask.get(FutureTask.java:192)
	at org.apache.hadoop.ozone.container.common.states.datanode.RunningDatanodeState.computeNextContainerState(RunningDatanodeState.java:193)
	at org.apache.hadoop.ozone.container.common.states.datanode.RunningDatanodeState.await(RunningDatanodeState.java:233)
	at org.apache.hadoop.ozone.container.common.states.datanode.RunningDatanodeState.await(RunningDatanodeState.java:50)
	at org.apache.hadoop.ozone.container.common.statemachine.StateContext.execute(StateContext.java:658)
	at org.apache.hadoop.ozone.container.common.statemachine.DatanodeStateMachine.startStateMachineThread(DatanodeStateMachine.java:283)
	at org.apache.hadoop.ozone.container.common.statemachine.DatanodeStateMachine.lambda$startDaemon$0(DatanodeStateMachine.java:471)
	at java.lang.Thread.run(Thread.java:750)
Caused by: java.util.concurrent.TimeoutException
	at java.util.concurrent.FutureTask.get(FutureTask.java:205)
	at org.apache.hadoop.ozone.container.common.states.datanode.RunningDatanodeState.lambda$execute$0(RunningDatanodeState.java:151)
	at java.util.concurrent.FutureTask.run(FutureTask.java:266)
	at java.util.concurrent.Executors$RunnableAdapter.call(Executors.java:511)
	at java.util.concurrent.FutureTask.run(FutureTask.java:266)
	at java.util.concurrent.ThreadPoolExecutor.runWorker(ThreadPoolExecutor.java:1149)
	at java.util.concurrent.ThreadPoolExecutor$Worker.run(ThreadPoolExecutor.java:624)
	... 1 more
2022-03-09 17:23:06,100 [Listener at 127.0.0.1/45999] INFO  ozone.MiniOzoneClusterImpl (MiniOzoneClusterImpl.java:lambda$waitForClusterToBeReady$0(219)) - Nodes are ready. Got 3 of 3 DN Heartbeats.
2022-03-09 17:23:06,100 [Listener at 127.0.0.1/45999] INFO  ozone.MiniOzoneClusterImpl (MiniOzoneClusterImpl.java:lambda$waitForClusterToBeReady$0(222)) - Waiting for cluster to exit safe mode
2022-03-09 17:23:06,100 [Listener at 127.0.0.1/45999] INFO  ozone.MiniOzoneClusterImpl (MiniOzoneClusterImpl.java:lambda$waitForClusterToBeReady$0(224)) - SCM became leader
2022-03-09 17:23:06,450 [EndpointStateMachine task thread for /127.0.0.1:40365 - 0 ] INFO  ipc.Client (Client.java:handleConnectionFailure(977)) - Retrying connect to server: localhost/127.0.0.1:40365. Already tried 4 time(s); retry policy is RetryUpToMaximumCountWithFixedSleep(maxRetries=15, sleepTime=1000 MILLISECONDS)
2022-03-09 17:23:06,466 [EndpointStateMachine task thread for /127.0.0.1:38239 - 0 ] INFO  ipc.Client (Client.java:handleConnectionFailure(977)) - Retrying connect to server: localhost/127.0.0.1:38239. Already tried 4 time(s); retry policy is RetryUpToMaximumCountWithFixedSleep(maxRetries=15, sleepTime=1000 MILLISECONDS)
2022-03-09 17:23:06,497 [EndpointStateMachine task thread for /127.0.0.1:45657 - 0 ] INFO  ipc.Client (Client.java:handleConnectionFailure(977)) - Retrying connect to server: localhost/127.0.0.1:45657. Already tried 4 time(s); retry policy is RetryUpToMaximumCountWithFixedSleep(maxRetries=15, sleepTime=1000 MILLISECONDS)
2022-03-09 17:23:07,100 [Listener at 127.0.0.1/45999] INFO  ozone.MiniOzoneClusterImpl (MiniOzoneClusterImpl.java:lambda$waitForClusterToBeReady$0(219)) - Nodes are ready. Got 3 of 3 DN Heartbeats.
2022-03-09 17:23:07,100 [Listener at 127.0.0.1/45999] INFO  ozone.MiniOzoneClusterImpl (MiniOzoneClusterImpl.java:lambda$waitForClusterToBeReady$0(222)) - Waiting for cluster to exit safe mode
2022-03-09 17:23:07,101 [Listener at 127.0.0.1/45999] INFO  ozone.MiniOzoneClusterImpl (MiniOzoneClusterImpl.java:lambda$waitForClusterToBeReady$0(224)) - SCM became leader
2022-03-09 17:23:07,450 [EndpointStateMachine task thread for /127.0.0.1:40365 - 0 ] INFO  ipc.Client (Client.java:handleConnectionFailure(977)) - Retrying connect to server: localhost/127.0.0.1:40365. Already tried 5 time(s); retry policy is RetryUpToMaximumCountWithFixedSleep(maxRetries=15, sleepTime=1000 MILLISECONDS)
2022-03-09 17:23:07,467 [EndpointStateMachine task thread for /127.0.0.1:38239 - 0 ] INFO  ipc.Client (Client.java:handleConnectionFailure(977)) - Retrying connect to server: localhost/127.0.0.1:38239. Already tried 5 time(s); retry policy is RetryUpToMaximumCountWithFixedSleep(maxRetries=15, sleepTime=1000 MILLISECONDS)
2022-03-09 17:23:07,498 [EndpointStateMachine task thread for /127.0.0.1:45657 - 0 ] INFO  ipc.Client (Client.java:handleConnectionFailure(977)) - Retrying connect to server: localhost/127.0.0.1:45657. Already tried 5 time(s); retry policy is RetryUpToMaximumCountWithFixedSleep(maxRetries=15, sleepTime=1000 MILLISECONDS)
2022-03-09 17:23:07,559 [Datanode State Machine Daemon Thread] ERROR datanode.RunningDatanodeState (RunningDatanodeState.java:computeNextContainerState(201)) - Error in executing end point task.
java.util.concurrent.ExecutionException: java.util.concurrent.TimeoutException
	at java.util.concurrent.FutureTask.report(FutureTask.java:122)
	at java.util.concurrent.FutureTask.get(FutureTask.java:192)
	at org.apache.hadoop.ozone.container.common.states.datanode.RunningDatanodeState.computeNextContainerState(RunningDatanodeState.java:193)
	at org.apache.hadoop.ozone.container.common.states.datanode.RunningDatanodeState.await(RunningDatanodeState.java:233)
	at org.apache.hadoop.ozone.container.common.states.datanode.RunningDatanodeState.await(RunningDatanodeState.java:50)
	at org.apache.hadoop.ozone.container.common.statemachine.StateContext.execute(StateContext.java:658)
	at org.apache.hadoop.ozone.container.common.statemachine.DatanodeStateMachine.startStateMachineThread(DatanodeStateMachine.java:283)
	at org.apache.hadoop.ozone.container.common.statemachine.DatanodeStateMachine.lambda$startDaemon$0(DatanodeStateMachine.java:471)
	at java.lang.Thread.run(Thread.java:750)
Caused by: java.util.concurrent.TimeoutException
	at java.util.concurrent.FutureTask.get(FutureTask.java:205)
	at org.apache.hadoop.ozone.container.common.states.datanode.RunningDatanodeState.lambda$execute$0(RunningDatanodeState.java:151)
	at java.util.concurrent.FutureTask.run(FutureTask.java:266)
	at java.util.concurrent.Executors$RunnableAdapter.call(Executors.java:511)
	at java.util.concurrent.FutureTask.run(FutureTask.java:266)
	at java.util.concurrent.ThreadPoolExecutor.runWorker(ThreadPoolExecutor.java:1149)
	at java.util.concurrent.ThreadPoolExecutor$Worker.run(ThreadPoolExecutor.java:624)
	... 1 more
2022-03-09 17:23:08,101 [Listener at 127.0.0.1/45999] INFO  ozone.MiniOzoneClusterImpl (MiniOzoneClusterImpl.java:lambda$waitForClusterToBeReady$0(219)) - Nodes are ready. Got 3 of 3 DN Heartbeats.
2022-03-09 17:23:08,101 [Listener at 127.0.0.1/45999] INFO  ozone.MiniOzoneClusterImpl (MiniOzoneClusterImpl.java:lambda$waitForClusterToBeReady$0(222)) - Waiting for cluster to exit safe mode
2022-03-09 17:23:08,101 [Listener at 127.0.0.1/45999] INFO  ozone.MiniOzoneClusterImpl (MiniOzoneClusterImpl.java:lambda$waitForClusterToBeReady$0(224)) - SCM became leader
2022-03-09 17:23:08,451 [EndpointStateMachine task thread for /127.0.0.1:40365 - 0 ] INFO  ipc.Client (Client.java:handleConnectionFailure(977)) - Retrying connect to server: localhost/127.0.0.1:40365. Already tried 6 time(s); retry policy is RetryUpToMaximumCountWithFixedSleep(maxRetries=15, sleepTime=1000 MILLISECONDS)
2022-03-09 17:23:08,467 [EndpointStateMachine task thread for /127.0.0.1:38239 - 0 ] INFO  ipc.Client (Client.java:handleConnectionFailure(977)) - Retrying connect to server: localhost/127.0.0.1:38239. Already tried 6 time(s); retry policy is RetryUpToMaximumCountWithFixedSleep(maxRetries=15, sleepTime=1000 MILLISECONDS)
2022-03-09 17:23:08,498 [EndpointStateMachine task thread for /127.0.0.1:45657 - 0 ] INFO  ipc.Client (Client.java:handleConnectionFailure(977)) - Retrying connect to server: localhost/127.0.0.1:45657. Already tried 6 time(s); retry policy is RetryUpToMaximumCountWithFixedSleep(maxRetries=15, sleepTime=1000 MILLISECONDS)
2022-03-09 17:23:08,560 [Datanode State Machine Daemon Thread] ERROR datanode.RunningDatanodeState (RunningDatanodeState.java:computeNextContainerState(201)) - Error in executing end point task.
java.util.concurrent.ExecutionException: java.util.concurrent.TimeoutException
	at java.util.concurrent.FutureTask.report(FutureTask.java:122)
	at java.util.concurrent.FutureTask.get(FutureTask.java:192)
	at org.apache.hadoop.ozone.container.common.states.datanode.RunningDatanodeState.computeNextContainerState(RunningDatanodeState.java:193)
	at org.apache.hadoop.ozone.container.common.states.datanode.RunningDatanodeState.await(RunningDatanodeState.java:233)
	at org.apache.hadoop.ozone.container.common.states.datanode.RunningDatanodeState.await(RunningDatanodeState.java:50)
	at org.apache.hadoop.ozone.container.common.statemachine.StateContext.execute(StateContext.java:658)
	at org.apache.hadoop.ozone.container.common.statemachine.DatanodeStateMachine.startStateMachineThread(DatanodeStateMachine.java:283)
	at org.apache.hadoop.ozone.container.common.statemachine.DatanodeStateMachine.lambda$startDaemon$0(DatanodeStateMachine.java:471)
	at java.lang.Thread.run(Thread.java:750)
Caused by: java.util.concurrent.TimeoutException
	at java.util.concurrent.FutureTask.get(FutureTask.java:205)
	at org.apache.hadoop.ozone.container.common.states.datanode.RunningDatanodeState.lambda$execute$0(RunningDatanodeState.java:151)
	at java.util.concurrent.FutureTask.run(FutureTask.java:266)
	at java.util.concurrent.Executors$RunnableAdapter.call(Executors.java:511)
	at java.util.concurrent.FutureTask.run(FutureTask.java:266)
	at java.util.concurrent.ThreadPoolExecutor.runWorker(ThreadPoolExecutor.java:1149)
	at java.util.concurrent.ThreadPoolExecutor$Worker.run(ThreadPoolExecutor.java:624)
	... 1 more
2022-03-09 17:23:09,101 [Listener at 127.0.0.1/45999] INFO  ozone.MiniOzoneClusterImpl (MiniOzoneClusterImpl.java:lambda$waitForClusterToBeReady$0(219)) - Nodes are ready. Got 3 of 3 DN Heartbeats.
2022-03-09 17:23:09,102 [Listener at 127.0.0.1/45999] INFO  ozone.MiniOzoneClusterImpl (MiniOzoneClusterImpl.java:lambda$waitForClusterToBeReady$0(222)) - Waiting for cluster to exit safe mode
2022-03-09 17:23:09,102 [Listener at 127.0.0.1/45999] INFO  ozone.MiniOzoneClusterImpl (MiniOzoneClusterImpl.java:lambda$waitForClusterToBeReady$0(224)) - SCM became leader
2022-03-09 17:23:09,451 [EndpointStateMachine task thread for /127.0.0.1:40365 - 0 ] INFO  ipc.Client (Client.java:handleConnectionFailure(977)) - Retrying connect to server: localhost/127.0.0.1:40365. Already tried 7 time(s); retry policy is RetryUpToMaximumCountWithFixedSleep(maxRetries=15, sleepTime=1000 MILLISECONDS)
2022-03-09 17:23:09,462 [9cf3ac85-5088-4438-9438-d8e46945dabb@group-D5F1EC85B8FD-FollowerState] INFO  impl.FollowerState (FollowerState.java:run(134)) - 9cf3ac85-5088-4438-9438-d8e46945dabb@group-D5F1EC85B8FD-FollowerState: change to CANDIDATE, lastRpcElapsedTime:5119037170ns, electionTimeout:5118ms
2022-03-09 17:23:09,462 [9cf3ac85-5088-4438-9438-d8e46945dabb@group-D5F1EC85B8FD-FollowerState] INFO  impl.RoleInfo (RoleInfo.java:shutdownFollowerState(108)) - 9cf3ac85-5088-4438-9438-d8e46945dabb: shutdown 9cf3ac85-5088-4438-9438-d8e46945dabb@group-D5F1EC85B8FD-FollowerState
2022-03-09 17:23:09,462 [9cf3ac85-5088-4438-9438-d8e46945dabb@group-D5F1EC85B8FD-FollowerState] INFO  server.RaftServer$Division (RaftServerImpl.java:setRole(290)) - 9cf3ac85-5088-4438-9438-d8e46945dabb@group-D5F1EC85B8FD: changes role from  FOLLOWER to CANDIDATE at term 0 for changeToCandidate
2022-03-09 17:23:09,462 [9cf3ac85-5088-4438-9438-d8e46945dabb@group-D5F1EC85B8FD-FollowerState] INFO  server.RaftServerConfigKeys (ConfUtils.java:logGet(44)) - raft.server.leaderelection.pre-vote = false (custom)
2022-03-09 17:23:09,462 [9cf3ac85-5088-4438-9438-d8e46945dabb@group-D5F1EC85B8FD-FollowerState] INFO  impl.RoleInfo (RoleInfo.java:updateAndGet(130)) - 9cf3ac85-5088-4438-9438-d8e46945dabb: start 9cf3ac85-5088-4438-9438-d8e46945dabb@group-D5F1EC85B8FD-LeaderElection15
2022-03-09 17:23:09,480 [EndpointStateMachine task thread for /127.0.0.1:38239 - 0 ] INFO  ipc.Client (Client.java:handleConnectionFailure(977)) - Retrying connect to server: localhost/127.0.0.1:38239. Already tried 7 time(s); retry policy is RetryUpToMaximumCountWithFixedSleep(maxRetries=15, sleepTime=1000 MILLISECONDS)
2022-03-09 17:23:09,499 [EndpointStateMachine task thread for /127.0.0.1:45657 - 0 ] INFO  ipc.Client (Client.java:handleConnectionFailure(977)) - Retrying connect to server: localhost/127.0.0.1:45657. Already tried 7 time(s); retry policy is RetryUpToMaximumCountWithFixedSleep(maxRetries=15, sleepTime=1000 MILLISECONDS)
2022-03-09 17:23:09,499 [9cf3ac85-5088-4438-9438-d8e46945dabb@group-D5F1EC85B8FD-LeaderElection15] INFO  impl.LeaderElection (LeaderElection.java:askForVotes(306)) - 9cf3ac85-5088-4438-9438-d8e46945dabb@group-D5F1EC85B8FD-LeaderElection15 ELECTION round 0: submit vote requests at term 1 for -1: [8d38cd26-4da6-46a4-aba6-9da1aef73967|rpc:127.0.0.1:43435|priority:0, 352514d3-16e8-44e7-9f6c-25a5b2684069|rpc:127.0.0.1:37197|priority:1, 9cf3ac85-5088-4438-9438-d8e46945dabb|rpc:127.0.0.1:38217|priority:0], old=null
2022-03-09 17:23:09,509 [9cf3ac85-5088-4438-9438-d8e46945dabb@group-FC19921ED26B-FollowerState] INFO  impl.FollowerState (FollowerState.java:run(134)) - 9cf3ac85-5088-4438-9438-d8e46945dabb@group-FC19921ED26B-FollowerState: change to CANDIDATE, lastRpcElapsedTime:5204703433ns, electionTimeout:5200ms
2022-03-09 17:23:09,509 [9cf3ac85-5088-4438-9438-d8e46945dabb@group-FC19921ED26B-FollowerState] INFO  impl.RoleInfo (RoleInfo.java:shutdownFollowerState(108)) - 9cf3ac85-5088-4438-9438-d8e46945dabb: shutdown 9cf3ac85-5088-4438-9438-d8e46945dabb@group-FC19921ED26B-FollowerState
2022-03-09 17:23:09,509 [9cf3ac85-5088-4438-9438-d8e46945dabb@group-FC19921ED26B-FollowerState] INFO  server.RaftServer$Division (RaftServerImpl.java:setRole(290)) - 9cf3ac85-5088-4438-9438-d8e46945dabb@group-FC19921ED26B: changes role from  FOLLOWER to CANDIDATE at term 0 for changeToCandidate
2022-03-09 17:23:09,509 [9cf3ac85-5088-4438-9438-d8e46945dabb@group-FC19921ED26B-FollowerState] INFO  server.RaftServerConfigKeys (ConfUtils.java:logGet(44)) - raft.server.leaderelection.pre-vote = false (custom)
2022-03-09 17:23:09,509 [9cf3ac85-5088-4438-9438-d8e46945dabb@group-FC19921ED26B-FollowerState] INFO  impl.RoleInfo (RoleInfo.java:updateAndGet(130)) - 9cf3ac85-5088-4438-9438-d8e46945dabb: start 9cf3ac85-5088-4438-9438-d8e46945dabb@group-FC19921ED26B-LeaderElection16
2022-03-09 17:23:09,523 [grpc-default-executor-0] INFO  server.RaftServer$Division (RaftServerImpl.java:requestVote(1046)) - 352514d3-16e8-44e7-9f6c-25a5b2684069@group-D5F1EC85B8FD: receive requestVote(ELECTION, 9cf3ac85-5088-4438-9438-d8e46945dabb, group-D5F1EC85B8FD, 1, (t:0, i:0))
2022-03-09 17:23:09,523 [grpc-default-executor-0] INFO  impl.VoteContext (VoteContext.java:log(48)) - 352514d3-16e8-44e7-9f6c-25a5b2684069@group-D5F1EC85B8FD-FOLLOWER: reject ELECTION from 9cf3ac85-5088-4438-9438-d8e46945dabb: our priority 1 > candidate's priority 0
2022-03-09 17:23:09,523 [grpc-default-executor-0] INFO  server.RaftServer$Division (RaftServerImpl.java:setRole(290)) - 352514d3-16e8-44e7-9f6c-25a5b2684069@group-D5F1EC85B8FD: changes role from  FOLLOWER to FOLLOWER at term 1 for candidate:9cf3ac85-5088-4438-9438-d8e46945dabb
2022-03-09 17:23:09,523 [grpc-default-executor-0] INFO  impl.RoleInfo (RoleInfo.java:shutdownFollowerState(108)) - 352514d3-16e8-44e7-9f6c-25a5b2684069: shutdown 352514d3-16e8-44e7-9f6c-25a5b2684069@group-D5F1EC85B8FD-FollowerState
2022-03-09 17:23:09,523 [352514d3-16e8-44e7-9f6c-25a5b2684069@group-D5F1EC85B8FD-FollowerState] INFO  impl.FollowerState (FollowerState.java:run(143)) - 352514d3-16e8-44e7-9f6c-25a5b2684069@group-D5F1EC85B8FD-FollowerState was interrupted: {}
java.lang.InterruptedException: sleep interrupted
	at java.lang.Thread.sleep(Native Method)
	at java.lang.Thread.sleep(Thread.java:342)
	at java.util.concurrent.TimeUnit.sleep(TimeUnit.java:386)
	at org.apache.ratis.util.TimeDuration.sleep(TimeDuration.java:324)
	at org.apache.ratis.util.TimeDuration.sleep(TimeDuration.java:309)
	at org.apache.ratis.server.impl.FollowerState.run(FollowerState.java:118)
2022-03-09 17:23:09,523 [grpc-default-executor-0] INFO  impl.RoleInfo (RoleInfo.java:updateAndGet(130)) - 352514d3-16e8-44e7-9f6c-25a5b2684069: start 352514d3-16e8-44e7-9f6c-25a5b2684069@group-D5F1EC85B8FD-FollowerState
2022-03-09 17:23:09,524 [8d38cd26-4da6-46a4-aba6-9da1aef73967@group-D5F1EC85B8FD-FollowerState] INFO  impl.FollowerState (FollowerState.java:run(134)) - 8d38cd26-4da6-46a4-aba6-9da1aef73967@group-D5F1EC85B8FD-FollowerState: change to CANDIDATE, lastRpcElapsedTime:5121579932ns, electionTimeout:5117ms
2022-03-09 17:23:09,524 [8d38cd26-4da6-46a4-aba6-9da1aef73967@group-D5F1EC85B8FD-FollowerState] INFO  impl.RoleInfo (RoleInfo.java:shutdownFollowerState(108)) - 8d38cd26-4da6-46a4-aba6-9da1aef73967: shutdown 8d38cd26-4da6-46a4-aba6-9da1aef73967@group-D5F1EC85B8FD-FollowerState
2022-03-09 17:23:09,524 [8d38cd26-4da6-46a4-aba6-9da1aef73967@group-D5F1EC85B8FD-FollowerState] INFO  server.RaftServer$Division (RaftServerImpl.java:setRole(290)) - 8d38cd26-4da6-46a4-aba6-9da1aef73967@group-D5F1EC85B8FD: changes role from  FOLLOWER to CANDIDATE at term 0 for changeToCandidate
2022-03-09 17:23:09,526 [grpc-default-executor-0] INFO  server.RaftServer$Division (RaftServerImpl.java:requestVote(1078)) - 352514d3-16e8-44e7-9f6c-25a5b2684069@group-D5F1EC85B8FD replies to ELECTION vote request: 9cf3ac85-5088-4438-9438-d8e46945dabb<-352514d3-16e8-44e7-9f6c-25a5b2684069#0:FAIL-t1. Peer's state: 352514d3-16e8-44e7-9f6c-25a5b2684069@group-D5F1EC85B8FD:t1, leader=null, voted=null, raftlog=352514d3-16e8-44e7-9f6c-25a5b2684069@group-D5F1EC85B8FD-SegmentedRaftLog:OPENED:c-1, conf=-1: [8d38cd26-4da6-46a4-aba6-9da1aef73967|rpc:127.0.0.1:43435|dataStream:|priority:0, 352514d3-16e8-44e7-9f6c-25a5b2684069|rpc:127.0.0.1:37197|dataStream:|priority:1, 9cf3ac85-5088-4438-9438-d8e46945dabb|rpc:127.0.0.1:38217|dataStream:|priority:0], old=null
2022-03-09 17:23:09,527 [9cf3ac85-5088-4438-9438-d8e46945dabb@group-D5F1EC85B8FD-LeaderElection15] INFO  impl.LeaderElection (LeaderElection.java:logAndReturn(89)) - 9cf3ac85-5088-4438-9438-d8e46945dabb@group-D5F1EC85B8FD-LeaderElection15: ELECTION REJECTED received 1 response(s) and 0 exception(s):
2022-03-09 17:23:09,527 [9cf3ac85-5088-4438-9438-d8e46945dabb@group-D5F1EC85B8FD-LeaderElection15] INFO  impl.LeaderElection (LeaderElection.java:logAndReturn(93)) -   Response 0: 9cf3ac85-5088-4438-9438-d8e46945dabb<-352514d3-16e8-44e7-9f6c-25a5b2684069#0:FAIL-t1
2022-03-09 17:23:09,527 [9cf3ac85-5088-4438-9438-d8e46945dabb@group-D5F1EC85B8FD-LeaderElection15] INFO  impl.LeaderElection (LeaderElection.java:askForVotes(308)) - 9cf3ac85-5088-4438-9438-d8e46945dabb@group-D5F1EC85B8FD-LeaderElection15 ELECTION round 0: result REJECTED
2022-03-09 17:23:09,527 [9cf3ac85-5088-4438-9438-d8e46945dabb@group-D5F1EC85B8FD-LeaderElection15] INFO  server.RaftServer$Division (RaftServerImpl.java:setRole(290)) - 9cf3ac85-5088-4438-9438-d8e46945dabb@group-D5F1EC85B8FD: changes role from CANDIDATE to FOLLOWER at term 1 for REJECTED
2022-03-09 17:23:09,527 [9cf3ac85-5088-4438-9438-d8e46945dabb@group-D5F1EC85B8FD-LeaderElection15] INFO  impl.RoleInfo (RoleInfo.java:shutdownLeaderElection(121)) - 9cf3ac85-5088-4438-9438-d8e46945dabb: shutdown 9cf3ac85-5088-4438-9438-d8e46945dabb@group-D5F1EC85B8FD-LeaderElection15
2022-03-09 17:23:09,527 [9cf3ac85-5088-4438-9438-d8e46945dabb@group-D5F1EC85B8FD-LeaderElection15] INFO  impl.RoleInfo (RoleInfo.java:updateAndGet(130)) - 9cf3ac85-5088-4438-9438-d8e46945dabb: start 9cf3ac85-5088-4438-9438-d8e46945dabb@group-D5F1EC85B8FD-FollowerState
2022-03-09 17:23:09,538 [8d38cd26-4da6-46a4-aba6-9da1aef73967@group-D5F1EC85B8FD-FollowerState] INFO  server.RaftServerConfigKeys (ConfUtils.java:logGet(44)) - raft.server.leaderelection.pre-vote = false (custom)
2022-03-09 17:23:09,538 [8d38cd26-4da6-46a4-aba6-9da1aef73967@group-D5F1EC85B8FD-FollowerState] INFO  impl.RoleInfo (RoleInfo.java:updateAndGet(130)) - 8d38cd26-4da6-46a4-aba6-9da1aef73967: start 8d38cd26-4da6-46a4-aba6-9da1aef73967@group-D5F1EC85B8FD-LeaderElection17
2022-03-09 17:23:09,538 [grpc-default-executor-2] INFO  server.RaftServer$Division (RaftServerImpl.java:requestVote(1046)) - 8d38cd26-4da6-46a4-aba6-9da1aef73967@group-D5F1EC85B8FD: receive requestVote(ELECTION, 9cf3ac85-5088-4438-9438-d8e46945dabb, group-D5F1EC85B8FD, 1, (t:0, i:0))
2022-03-09 17:23:09,540 [9cf3ac85-5088-4438-9438-d8e46945dabb@group-FC19921ED26B-LeaderElection16] INFO  impl.LeaderElection (LeaderElection.java:askForVotes(306)) - 9cf3ac85-5088-4438-9438-d8e46945dabb@group-FC19921ED26B-LeaderElection16 ELECTION round 0: submit vote requests at term 1 for -1: [9cf3ac85-5088-4438-9438-d8e46945dabb|rpc:127.0.0.1:38217|priority:1], old=null
2022-03-09 17:23:09,540 [9cf3ac85-5088-4438-9438-d8e46945dabb@group-FC19921ED26B-LeaderElection16] INFO  impl.LeaderElection (LeaderElection.java:askForVotes(308)) - 9cf3ac85-5088-4438-9438-d8e46945dabb@group-FC19921ED26B-LeaderElection16 ELECTION round 0: result PASSED (term=1)
2022-03-09 17:23:09,540 [9cf3ac85-5088-4438-9438-d8e46945dabb@group-FC19921ED26B-LeaderElection16] INFO  impl.RoleInfo (RoleInfo.java:shutdownLeaderElection(121)) - 9cf3ac85-5088-4438-9438-d8e46945dabb: shutdown 9cf3ac85-5088-4438-9438-d8e46945dabb@group-FC19921ED26B-LeaderElection16
2022-03-09 17:23:09,540 [9cf3ac85-5088-4438-9438-d8e46945dabb@group-FC19921ED26B-LeaderElection16] INFO  server.RaftServer$Division (RaftServerImpl.java:setRole(290)) - 9cf3ac85-5088-4438-9438-d8e46945dabb@group-FC19921ED26B: changes role from CANDIDATE to LEADER at term 1 for changeToLeader
2022-03-09 17:23:09,540 [9cf3ac85-5088-4438-9438-d8e46945dabb@group-FC19921ED26B-LeaderElection16] INFO  ratis.XceiverServerRatis (XceiverServerRatis.java:handleLeaderChangedNotification(867)) - Leader change notification received for group: group-FC19921ED26B with new leaderId: 9cf3ac85-5088-4438-9438-d8e46945dabb
2022-03-09 17:23:09,540 [9cf3ac85-5088-4438-9438-d8e46945dabb@group-FC19921ED26B-LeaderElection16] INFO  server.RaftServer$Division (ServerState.java:setLeader(285)) - 9cf3ac85-5088-4438-9438-d8e46945dabb@group-FC19921ED26B: change Leader from null to 9cf3ac85-5088-4438-9438-d8e46945dabb at term 1 for becomeLeader, leader elected after 5271ms
2022-03-09 17:23:09,540 [9cf3ac85-5088-4438-9438-d8e46945dabb@group-FC19921ED26B-LeaderElection16] INFO  server.RaftServerConfigKeys (ConfUtils.java:logGet(44)) - raft.server.staging.catchup.gap = 1000 (default)
2022-03-09 17:23:09,540 [9cf3ac85-5088-4438-9438-d8e46945dabb@group-FC19921ED26B-LeaderElection16] INFO  server.RaftServerConfigKeys (ConfUtils.java:logGet(44)) - raft.server.write.element-limit = 1024 (custom)
2022-03-09 17:23:09,540 [9cf3ac85-5088-4438-9438-d8e46945dabb@group-FC19921ED26B-LeaderElection16] INFO  server.RaftServerConfigKeys (ConfUtils.java:logGet(44)) - raft.server.write.byte-limit = 1024 M (=1073741824) (custom)
2022-03-09 17:23:09,541 [9cf3ac85-5088-4438-9438-d8e46945dabb@group-FC19921ED26B-LeaderElection16] INFO  server.RaftServerConfigKeys (ConfUtils.java:logGet(44)) - raft.server.watch.timeout = 180s (custom)
2022-03-09 17:23:09,541 [9cf3ac85-5088-4438-9438-d8e46945dabb@group-FC19921ED26B-LeaderElection16] INFO  server.RaftServerConfigKeys (ConfUtils.java:logGet(44)) - raft.server.watch.timeout.denomination = 1s (default)
2022-03-09 17:23:09,541 [9cf3ac85-5088-4438-9438-d8e46945dabb@group-FC19921ED26B-LeaderElection16] INFO  server.RaftServerConfigKeys (ConfUtils.java:logGet(44)) - raft.server.watch.element-limit = 65536 (default)
2022-03-09 17:23:09,541 [9cf3ac85-5088-4438-9438-d8e46945dabb@group-FC19921ED26B-LeaderElection16] INFO  server.RaftServerConfigKeys (ConfUtils.java:logGet(44)) - raft.server.write.element-limit = 1024 (custom)
2022-03-09 17:23:09,541 [9cf3ac85-5088-4438-9438-d8e46945dabb@group-FC19921ED26B-LeaderElection16] INFO  server.RaftServerConfigKeys (ConfUtils.java:logGet(44)) - raft.server.write.follower.gap.ratio.max = -1.0 (default)
2022-03-09 17:23:09,541 [9cf3ac85-5088-4438-9438-d8e46945dabb@group-FC19921ED26B-LeaderElection16] INFO  impl.RoleInfo (RoleInfo.java:updateAndGet(130)) - 9cf3ac85-5088-4438-9438-d8e46945dabb: start 9cf3ac85-5088-4438-9438-d8e46945dabb@group-FC19921ED26B-LeaderStateImpl
2022-03-09 17:23:09,541 [9cf3ac85-5088-4438-9438-d8e46945dabb@group-FC19921ED26B-LeaderElection16] INFO  segmented.SegmentedRaftLogWorker (SegmentedRaftLogWorker.java:startLogSegment(394)) - 9cf3ac85-5088-4438-9438-d8e46945dabb@group-FC19921ED26B-SegmentedRaftLogWorker: Starting segment from index:0
2022-03-09 17:23:09,542 [EventQueue-OpenPipelineForHealthyPipelineSafeModeRule] INFO  safemode.SCMSafeModeManager (HealthyPipelineSafeModeRule.java:process(124)) - SCM in safe mode. Healthy pipelines reported count is 0, required healthy pipeline reported count is 1
2022-03-09 17:23:09,542 [EventQueue-OpenPipelineForHealthyPipelineSafeModeRule] INFO  safemode.SCMSafeModeManager (HealthyPipelineSafeModeRule.java:process(124)) - SCM in safe mode. Healthy pipelines reported count is 0, required healthy pipeline reported count is 1
2022-03-09 17:23:09,543 [9cf3ac85-5088-4438-9438-d8e46945dabb@group-FC19921ED26B-SegmentedRaftLogWorker] INFO  segmented.SegmentedRaftLogWorker (SegmentedRaftLogWorker.java:execute(601)) - 9cf3ac85-5088-4438-9438-d8e46945dabb@group-FC19921ED26B-SegmentedRaftLogWorker: created new log segment /home/runner/work/ozone/ozone/hadoop-ozone/integration-test/target/test-dir/MiniOzoneClusterImpl-aa50db73-d356-40d6-b3b5-5343d3a56795/datanode-0/data/ratis/b87a2066-6465-4b05-90e4-fc19921ed26b/current/log_inprogress_0
2022-03-09 17:23:09,554 [grpc-default-executor-2] INFO  impl.VoteContext (VoteContext.java:log(48)) - 8d38cd26-4da6-46a4-aba6-9da1aef73967@group-D5F1EC85B8FD-CANDIDATE: accept ELECTION from 9cf3ac85-5088-4438-9438-d8e46945dabb: our priority 0 <= candidate's priority 0
2022-03-09 17:23:09,554 [grpc-default-executor-2] INFO  server.RaftServer$Division (RaftServerImpl.java:setRole(290)) - 8d38cd26-4da6-46a4-aba6-9da1aef73967@group-D5F1EC85B8FD: changes role from CANDIDATE to FOLLOWER at term 1 for candidate:9cf3ac85-5088-4438-9438-d8e46945dabb
2022-03-09 17:23:09,554 [grpc-default-executor-2] INFO  impl.RoleInfo (RoleInfo.java:shutdownLeaderElection(121)) - 8d38cd26-4da6-46a4-aba6-9da1aef73967: shutdown 8d38cd26-4da6-46a4-aba6-9da1aef73967@group-D5F1EC85B8FD-LeaderElection17
2022-03-09 17:23:09,554 [grpc-default-executor-2] INFO  impl.RoleInfo (RoleInfo.java:updateAndGet(130)) - 8d38cd26-4da6-46a4-aba6-9da1aef73967: start 8d38cd26-4da6-46a4-aba6-9da1aef73967@group-D5F1EC85B8FD-FollowerState
2022-03-09 17:23:09,554 [9cf3ac85-5088-4438-9438-d8e46945dabb@group-FC19921ED26B-LeaderElection16] INFO  server.RaftServer$Division (ServerState.java:setRaftConf(387)) - 9cf3ac85-5088-4438-9438-d8e46945dabb@group-FC19921ED26B: set configuration 0: [9cf3ac85-5088-4438-9438-d8e46945dabb|rpc:127.0.0.1:38217|dataStream:|priority:1], old=null
2022-03-09 17:23:09,556 [grpc-default-executor-2] INFO  server.RaftServer$Division (RaftServerImpl.java:requestVote(1078)) - 8d38cd26-4da6-46a4-aba6-9da1aef73967@group-D5F1EC85B8FD replies to ELECTION vote request: 9cf3ac85-5088-4438-9438-d8e46945dabb<-8d38cd26-4da6-46a4-aba6-9da1aef73967#0:OK-t1. Peer's state: 8d38cd26-4da6-46a4-aba6-9da1aef73967@group-D5F1EC85B8FD:t1, leader=null, voted=9cf3ac85-5088-4438-9438-d8e46945dabb, raftlog=8d38cd26-4da6-46a4-aba6-9da1aef73967@group-D5F1EC85B8FD-SegmentedRaftLog:OPENED:c-1, conf=-1: [8d38cd26-4da6-46a4-aba6-9da1aef73967|rpc:127.0.0.1:43435|dataStream:|priority:0, 352514d3-16e8-44e7-9f6c-25a5b2684069|rpc:127.0.0.1:37197|dataStream:|priority:1, 9cf3ac85-5088-4438-9438-d8e46945dabb|rpc:127.0.0.1:38217|dataStream:|priority:0], old=null
2022-03-09 17:23:09,562 [8d38cd26-4da6-46a4-aba6-9da1aef73967@group-D5F1EC85B8FD-LeaderElection17] INFO  impl.LeaderElection (LeaderElection.java:run(230)) - 8d38cd26-4da6-46a4-aba6-9da1aef73967@group-D5F1EC85B8FD-LeaderElection17: skip running since this is already CLOSING
2022-03-09 17:23:09,657 [Datanode State Machine Daemon Thread] ERROR datanode.RunningDatanodeState (RunningDatanodeState.java:computeNextContainerState(201)) - Error in executing end point task.
java.util.concurrent.ExecutionException: java.util.concurrent.TimeoutException
	at java.util.concurrent.FutureTask.report(FutureTask.java:122)
	at java.util.concurrent.FutureTask.get(FutureTask.java:192)
	at org.apache.hadoop.ozone.container.common.states.datanode.RunningDatanodeState.computeNextContainerState(RunningDatanodeState.java:193)
	at org.apache.hadoop.ozone.container.common.states.datanode.RunningDatanodeState.await(RunningDatanodeState.java:233)
	at org.apache.hadoop.ozone.container.common.states.datanode.RunningDatanodeState.await(RunningDatanodeState.java:50)
	at org.apache.hadoop.ozone.container.common.statemachine.StateContext.execute(StateContext.java:658)
	at org.apache.hadoop.ozone.container.common.statemachine.DatanodeStateMachine.startStateMachineThread(DatanodeStateMachine.java:283)
	at org.apache.hadoop.ozone.container.common.statemachine.DatanodeStateMachine.lambda$startDaemon$0(DatanodeStateMachine.java:471)
	at java.lang.Thread.run(Thread.java:750)
Caused by: java.util.concurrent.TimeoutException
	at java.util.concurrent.FutureTask.get(FutureTask.java:205)
	at org.apache.hadoop.ozone.container.common.states.datanode.RunningDatanodeState.lambda$execute$0(RunningDatanodeState.java:151)
	at java.util.concurrent.FutureTask.run(FutureTask.java:266)
	at java.util.concurrent.Executors$RunnableAdapter.call(Executors.java:511)
	at java.util.concurrent.FutureTask.run(FutureTask.java:266)
	at java.util.concurrent.ThreadPoolExecutor.runWorker(ThreadPoolExecutor.java:1149)
	at java.util.concurrent.ThreadPoolExecutor$Worker.run(ThreadPoolExecutor.java:624)
	... 1 more
2022-03-09 17:23:09,684 [8d38cd26-4da6-46a4-aba6-9da1aef73967@group-3B6C6690B93C-FollowerState] INFO  impl.FollowerState (FollowerState.java:run(134)) - 8d38cd26-4da6-46a4-aba6-9da1aef73967@group-3B6C6690B93C-FollowerState: change to CANDIDATE, lastRpcElapsedTime:5003847876ns, electionTimeout:5003ms
2022-03-09 17:23:09,685 [8d38cd26-4da6-46a4-aba6-9da1aef73967@group-3B6C6690B93C-FollowerState] INFO  impl.RoleInfo (RoleInfo.java:shutdownFollowerState(108)) - 8d38cd26-4da6-46a4-aba6-9da1aef73967: shutdown 8d38cd26-4da6-46a4-aba6-9da1aef73967@group-3B6C6690B93C-FollowerState
2022-03-09 17:23:09,685 [8d38cd26-4da6-46a4-aba6-9da1aef73967@group-3B6C6690B93C-FollowerState] INFO  server.RaftServer$Division (RaftServerImpl.java:setRole(290)) - 8d38cd26-4da6-46a4-aba6-9da1aef73967@group-3B6C6690B93C: changes role from  FOLLOWER to CANDIDATE at term 0 for changeToCandidate
2022-03-09 17:23:09,685 [8d38cd26-4da6-46a4-aba6-9da1aef73967@group-3B6C6690B93C-FollowerState] INFO  server.RaftServerConfigKeys (ConfUtils.java:logGet(44)) - raft.server.leaderelection.pre-vote = false (custom)
2022-03-09 17:23:09,685 [8d38cd26-4da6-46a4-aba6-9da1aef73967@group-3B6C6690B93C-FollowerState] INFO  impl.RoleInfo (RoleInfo.java:updateAndGet(130)) - 8d38cd26-4da6-46a4-aba6-9da1aef73967: start 8d38cd26-4da6-46a4-aba6-9da1aef73967@group-3B6C6690B93C-LeaderElection18
2022-03-09 17:23:09,698 [8d38cd26-4da6-46a4-aba6-9da1aef73967@group-3B6C6690B93C-LeaderElection18] INFO  impl.LeaderElection (LeaderElection.java:askForVotes(306)) - 8d38cd26-4da6-46a4-aba6-9da1aef73967@group-3B6C6690B93C-LeaderElection18 ELECTION round 0: submit vote requests at term 1 for -1: [8d38cd26-4da6-46a4-aba6-9da1aef73967|rpc:127.0.0.1:43435|priority:1], old=null
2022-03-09 17:23:09,699 [8d38cd26-4da6-46a4-aba6-9da1aef73967@group-3B6C6690B93C-LeaderElection18] INFO  impl.LeaderElection (LeaderElection.java:askForVotes(308)) - 8d38cd26-4da6-46a4-aba6-9da1aef73967@group-3B6C6690B93C-LeaderElection18 ELECTION round 0: result PASSED (term=1)
2022-03-09 17:23:09,699 [8d38cd26-4da6-46a4-aba6-9da1aef73967@group-3B6C6690B93C-LeaderElection18] INFO  impl.RoleInfo (RoleInfo.java:shutdownLeaderElection(121)) - 8d38cd26-4da6-46a4-aba6-9da1aef73967: shutdown 8d38cd26-4da6-46a4-aba6-9da1aef73967@group-3B6C6690B93C-LeaderElection18
2022-03-09 17:23:09,699 [8d38cd26-4da6-46a4-aba6-9da1aef73967@group-3B6C6690B93C-LeaderElection18] INFO  server.RaftServer$Division (RaftServerImpl.java:setRole(290)) - 8d38cd26-4da6-46a4-aba6-9da1aef73967@group-3B6C6690B93C: changes role from CANDIDATE to LEADER at term 1 for changeToLeader
2022-03-09 17:23:09,699 [8d38cd26-4da6-46a4-aba6-9da1aef73967@group-3B6C6690B93C-LeaderElection18] INFO  ratis.XceiverServerRatis (XceiverServerRatis.java:handleLeaderChangedNotification(867)) - Leader change notification received for group: group-3B6C6690B93C with new leaderId: 8d38cd26-4da6-46a4-aba6-9da1aef73967
2022-03-09 17:23:09,700 [8d38cd26-4da6-46a4-aba6-9da1aef73967@group-3B6C6690B93C-LeaderElection18] INFO  server.RaftServer$Division (ServerState.java:setLeader(285)) - 8d38cd26-4da6-46a4-aba6-9da1aef73967@group-3B6C6690B93C: change Leader from null to 8d38cd26-4da6-46a4-aba6-9da1aef73967 at term 1 for becomeLeader, leader elected after 5042ms
2022-03-09 17:23:09,703 [EventQueue-OpenPipelineForHealthyPipelineSafeModeRule] INFO  safemode.SCMSafeModeManager (HealthyPipelineSafeModeRule.java:process(124)) - SCM in safe mode. Healthy pipelines reported count is 0, required healthy pipeline reported count is 1
2022-03-09 17:23:09,701 [EventQueue-OpenPipelineForHealthyPipelineSafeModeRule] INFO  safemode.SCMSafeModeManager (HealthyPipelineSafeModeRule.java:process(124)) - SCM in safe mode. Healthy pipelines reported count is 0, required healthy pipeline reported count is 1
2022-03-09 17:23:09,706 [8d38cd26-4da6-46a4-aba6-9da1aef73967@group-3B6C6690B93C-LeaderElection18] INFO  server.RaftServerConfigKeys (ConfUtils.java:logGet(44)) - raft.server.staging.catchup.gap = 1000 (default)
2022-03-09 17:23:09,707 [8d38cd26-4da6-46a4-aba6-9da1aef73967@group-3B6C6690B93C-LeaderElection18] INFO  server.RaftServerConfigKeys (ConfUtils.java:logGet(44)) - raft.server.write.element-limit = 1024 (custom)
2022-03-09 17:23:09,707 [8d38cd26-4da6-46a4-aba6-9da1aef73967@group-3B6C6690B93C-LeaderElection18] INFO  server.RaftServerConfigKeys (ConfUtils.java:logGet(44)) - raft.server.write.byte-limit = 1024 M (=1073741824) (custom)
2022-03-09 17:23:09,707 [8d38cd26-4da6-46a4-aba6-9da1aef73967@group-3B6C6690B93C-LeaderElection18] INFO  server.RaftServerConfigKeys (ConfUtils.java:logGet(44)) - raft.server.watch.timeout = 180s (custom)
2022-03-09 17:23:09,707 [8d38cd26-4da6-46a4-aba6-9da1aef73967@group-3B6C6690B93C-LeaderElection18] INFO  server.RaftServerConfigKeys (ConfUtils.java:logGet(44)) - raft.server.watch.timeout.denomination = 1s (default)
2022-03-09 17:23:09,707 [8d38cd26-4da6-46a4-aba6-9da1aef73967@group-3B6C6690B93C-LeaderElection18] INFO  server.RaftServerConfigKeys (ConfUtils.java:logGet(44)) - raft.server.watch.element-limit = 65536 (default)
2022-03-09 17:23:09,707 [8d38cd26-4da6-46a4-aba6-9da1aef73967@group-3B6C6690B93C-LeaderElection18] INFO  server.RaftServerConfigKeys (ConfUtils.java:logGet(44)) - raft.server.write.element-limit = 1024 (custom)
2022-03-09 17:23:09,707 [8d38cd26-4da6-46a4-aba6-9da1aef73967@group-3B6C6690B93C-LeaderElection18] INFO  server.RaftServerConfigKeys (ConfUtils.java:logGet(44)) - raft.server.write.follower.gap.ratio.max = -1.0 (default)
2022-03-09 17:23:09,707 [8d38cd26-4da6-46a4-aba6-9da1aef73967@group-3B6C6690B93C-LeaderElection18] INFO  impl.RoleInfo (RoleInfo.java:updateAndGet(130)) - 8d38cd26-4da6-46a4-aba6-9da1aef73967: start 8d38cd26-4da6-46a4-aba6-9da1aef73967@group-3B6C6690B93C-LeaderStateImpl
2022-03-09 17:23:09,708 [8d38cd26-4da6-46a4-aba6-9da1aef73967@group-3B6C6690B93C-LeaderElection18] INFO  segmented.SegmentedRaftLogWorker (SegmentedRaftLogWorker.java:startLogSegment(394)) - 8d38cd26-4da6-46a4-aba6-9da1aef73967@group-3B6C6690B93C-SegmentedRaftLogWorker: Starting segment from index:0
2022-03-09 17:23:09,709 [8d38cd26-4da6-46a4-aba6-9da1aef73967@group-3B6C6690B93C-SegmentedRaftLogWorker] INFO  segmented.SegmentedRaftLogWorker (SegmentedRaftLogWorker.java:execute(601)) - 8d38cd26-4da6-46a4-aba6-9da1aef73967@group-3B6C6690B93C-SegmentedRaftLogWorker: created new log segment /home/runner/work/ozone/ozone/hadoop-ozone/integration-test/target/test-dir/MiniOzoneClusterImpl-aa50db73-d356-40d6-b3b5-5343d3a56795/datanode-1/data/ratis/66e3fedf-e620-404f-b32e-3b6c6690b93c/current/log_inprogress_0
2022-03-09 17:23:09,727 [8d38cd26-4da6-46a4-aba6-9da1aef73967@group-3B6C6690B93C-LeaderElection18] INFO  server.RaftServer$Division (ServerState.java:setRaftConf(387)) - 8d38cd26-4da6-46a4-aba6-9da1aef73967@group-3B6C6690B93C: set configuration 0: [8d38cd26-4da6-46a4-aba6-9da1aef73967|rpc:127.0.0.1:43435|dataStream:|priority:1], old=null
2022-03-09 17:23:09,766 [9cf3ac85-5088-4438-9438-d8e46945dabb@group-F4C19FBCF0D5-FollowerState] INFO  impl.FollowerState (FollowerState.java:run(134)) - 9cf3ac85-5088-4438-9438-d8e46945dabb@group-F4C19FBCF0D5-FollowerState: change to CANDIDATE, lastRpcElapsedTime:5197849846ns, electionTimeout:5197ms
2022-03-09 17:23:09,766 [352514d3-16e8-44e7-9f6c-25a5b2684069@group-F4C19FBCF0D5-FollowerState] INFO  impl.FollowerState (FollowerState.java:run(134)) - 352514d3-16e8-44e7-9f6c-25a5b2684069@group-F4C19FBCF0D5-FollowerState: change to CANDIDATE, lastRpcElapsedTime:5032375432ns, electionTimeout:5027ms
2022-03-09 17:23:09,766 [9cf3ac85-5088-4438-9438-d8e46945dabb@group-F4C19FBCF0D5-FollowerState] INFO  impl.RoleInfo (RoleInfo.java:shutdownFollowerState(108)) - 9cf3ac85-5088-4438-9438-d8e46945dabb: shutdown 9cf3ac85-5088-4438-9438-d8e46945dabb@group-F4C19FBCF0D5-FollowerState
2022-03-09 17:23:09,767 [9cf3ac85-5088-4438-9438-d8e46945dabb@group-F4C19FBCF0D5-FollowerState] INFO  server.RaftServer$Division (RaftServerImpl.java:setRole(290)) - 9cf3ac85-5088-4438-9438-d8e46945dabb@group-F4C19FBCF0D5: changes role from  FOLLOWER to CANDIDATE at term 0 for changeToCandidate
2022-03-09 17:23:09,767 [352514d3-16e8-44e7-9f6c-25a5b2684069@group-F4C19FBCF0D5-FollowerState] INFO  impl.RoleInfo (RoleInfo.java:shutdownFollowerState(108)) - 352514d3-16e8-44e7-9f6c-25a5b2684069: shutdown 352514d3-16e8-44e7-9f6c-25a5b2684069@group-F4C19FBCF0D5-FollowerState
2022-03-09 17:23:09,767 [9cf3ac85-5088-4438-9438-d8e46945dabb@group-F4C19FBCF0D5-FollowerState] INFO  server.RaftServerConfigKeys (ConfUtils.java:logGet(44)) - raft.server.leaderelection.pre-vote = false (custom)
2022-03-09 17:23:09,767 [9cf3ac85-5088-4438-9438-d8e46945dabb@group-F4C19FBCF0D5-FollowerState] INFO  impl.RoleInfo (RoleInfo.java:updateAndGet(130)) - 9cf3ac85-5088-4438-9438-d8e46945dabb: start 9cf3ac85-5088-4438-9438-d8e46945dabb@group-F4C19FBCF0D5-LeaderElection19
2022-03-09 17:23:09,767 [352514d3-16e8-44e7-9f6c-25a5b2684069@group-F4C19FBCF0D5-FollowerState] INFO  server.RaftServer$Division (RaftServerImpl.java:setRole(290)) - 352514d3-16e8-44e7-9f6c-25a5b2684069@group-F4C19FBCF0D5: changes role from  FOLLOWER to CANDIDATE at term 0 for changeToCandidate
2022-03-09 17:23:09,774 [352514d3-16e8-44e7-9f6c-25a5b2684069@group-F4C19FBCF0D5-FollowerState] INFO  server.RaftServerConfigKeys (ConfUtils.java:logGet(44)) - raft.server.leaderelection.pre-vote = false (custom)
2022-03-09 17:23:09,774 [352514d3-16e8-44e7-9f6c-25a5b2684069@group-F4C19FBCF0D5-FollowerState] INFO  impl.RoleInfo (RoleInfo.java:updateAndGet(130)) - 352514d3-16e8-44e7-9f6c-25a5b2684069: start 352514d3-16e8-44e7-9f6c-25a5b2684069@group-F4C19FBCF0D5-LeaderElection20
2022-03-09 17:23:09,795 [9cf3ac85-5088-4438-9438-d8e46945dabb@group-F4C19FBCF0D5-LeaderElection19] INFO  impl.LeaderElection (LeaderElection.java:askForVotes(306)) - 9cf3ac85-5088-4438-9438-d8e46945dabb@group-F4C19FBCF0D5-LeaderElection19 ELECTION round 0: submit vote requests at term 1 for -1: [8d38cd26-4da6-46a4-aba6-9da1aef73967|rpc:127.0.0.1:43435|priority:0, 352514d3-16e8-44e7-9f6c-25a5b2684069|rpc:127.0.0.1:37197|priority:0, 9cf3ac85-5088-4438-9438-d8e46945dabb|rpc:127.0.0.1:38217|priority:1], old=null
2022-03-09 17:23:09,800 [352514d3-16e8-44e7-9f6c-25a5b2684069@group-F4C19FBCF0D5-LeaderElection20] INFO  impl.LeaderElection (LeaderElection.java:askForVotes(306)) - 352514d3-16e8-44e7-9f6c-25a5b2684069@group-F4C19FBCF0D5-LeaderElection20 ELECTION round 0: submit vote requests at term 1 for -1: [8d38cd26-4da6-46a4-aba6-9da1aef73967|rpc:127.0.0.1:43435|dataStream:|priority:0, 352514d3-16e8-44e7-9f6c-25a5b2684069|rpc:127.0.0.1:37197|dataStream:|priority:0, 9cf3ac85-5088-4438-9438-d8e46945dabb|rpc:127.0.0.1:38217|dataStream:|priority:1], old=null
2022-03-09 17:23:09,811 [8d38cd26-4da6-46a4-aba6-9da1aef73967@group-F4C19FBCF0D5-FollowerState] INFO  impl.FollowerState (FollowerState.java:run(134)) - 8d38cd26-4da6-46a4-aba6-9da1aef73967@group-F4C19FBCF0D5-FollowerState: change to CANDIDATE, lastRpcElapsedTime:5194809695ns, electionTimeout:5184ms
2022-03-09 17:23:09,811 [8d38cd26-4da6-46a4-aba6-9da1aef73967@group-F4C19FBCF0D5-FollowerState] INFO  impl.RoleInfo (RoleInfo.java:shutdownFollowerState(108)) - 8d38cd26-4da6-46a4-aba6-9da1aef73967: shutdown 8d38cd26-4da6-46a4-aba6-9da1aef73967@group-F4C19FBCF0D5-FollowerState
2022-03-09 17:23:09,811 [8d38cd26-4da6-46a4-aba6-9da1aef73967@group-F4C19FBCF0D5-FollowerState] INFO  server.RaftServer$Division (RaftServerImpl.java:setRole(290)) - 8d38cd26-4da6-46a4-aba6-9da1aef73967@group-F4C19FBCF0D5: changes role from  FOLLOWER to CANDIDATE at term 0 for changeToCandidate
2022-03-09 17:23:09,816 [grpc-default-executor-2] INFO  server.RaftServer$Division (RaftServerImpl.java:requestVote(1046)) - 352514d3-16e8-44e7-9f6c-25a5b2684069@group-F4C19FBCF0D5: receive requestVote(ELECTION, 9cf3ac85-5088-4438-9438-d8e46945dabb, group-F4C19FBCF0D5, 1, (t:0, i:0))
2022-03-09 17:23:09,816 [grpc-default-executor-2] INFO  impl.VoteContext (VoteContext.java:log(48)) - 352514d3-16e8-44e7-9f6c-25a5b2684069@group-F4C19FBCF0D5-CANDIDATE: reject ELECTION from 9cf3ac85-5088-4438-9438-d8e46945dabb: already has voted for 352514d3-16e8-44e7-9f6c-25a5b2684069 at current term 1
2022-03-09 17:23:09,816 [grpc-default-executor-0] INFO  server.RaftServer$Division (RaftServerImpl.java:requestVote(1046)) - 8d38cd26-4da6-46a4-aba6-9da1aef73967@group-F4C19FBCF0D5: receive requestVote(ELECTION, 9cf3ac85-5088-4438-9438-d8e46945dabb, group-F4C19FBCF0D5, 1, (t:0, i:0))
2022-03-09 17:23:09,816 [grpc-default-executor-2] INFO  server.RaftServer$Division (RaftServerImpl.java:requestVote(1078)) - 352514d3-16e8-44e7-9f6c-25a5b2684069@group-F4C19FBCF0D5 replies to ELECTION vote request: 9cf3ac85-5088-4438-9438-d8e46945dabb<-352514d3-16e8-44e7-9f6c-25a5b2684069#0:FAIL-t1. Peer's state: 352514d3-16e8-44e7-9f6c-25a5b2684069@group-F4C19FBCF0D5:t1, leader=null, voted=352514d3-16e8-44e7-9f6c-25a5b2684069, raftlog=352514d3-16e8-44e7-9f6c-25a5b2684069@group-F4C19FBCF0D5-SegmentedRaftLog:OPENED:c-1, conf=-1: [8d38cd26-4da6-46a4-aba6-9da1aef73967|rpc:127.0.0.1:43435|dataStream:|priority:0, 352514d3-16e8-44e7-9f6c-25a5b2684069|rpc:127.0.0.1:37197|dataStream:|priority:0, 9cf3ac85-5088-4438-9438-d8e46945dabb|rpc:127.0.0.1:38217|dataStream:|priority:1], old=null
2022-03-09 17:23:09,816 [grpc-default-executor-1] INFO  server.RaftServer$Division (RaftServerImpl.java:requestVote(1046)) - 8d38cd26-4da6-46a4-aba6-9da1aef73967@group-F4C19FBCF0D5: receive requestVote(ELECTION, 352514d3-16e8-44e7-9f6c-25a5b2684069, group-F4C19FBCF0D5, 1, (t:0, i:0))
2022-03-09 17:23:09,818 [8d38cd26-4da6-46a4-aba6-9da1aef73967@group-F4C19FBCF0D5-FollowerState] INFO  server.RaftServerConfigKeys (ConfUtils.java:logGet(44)) - raft.server.leaderelection.pre-vote = false (custom)
2022-03-09 17:23:09,818 [8d38cd26-4da6-46a4-aba6-9da1aef73967@group-F4C19FBCF0D5-FollowerState] INFO  impl.RoleInfo (RoleInfo.java:updateAndGet(130)) - 8d38cd26-4da6-46a4-aba6-9da1aef73967: start 8d38cd26-4da6-46a4-aba6-9da1aef73967@group-F4C19FBCF0D5-LeaderElection21
2022-03-09 17:23:09,836 [grpc-default-executor-2] INFO  server.RaftServer$Division (RaftServerImpl.java:requestVote(1046)) - 9cf3ac85-5088-4438-9438-d8e46945dabb@group-F4C19FBCF0D5: receive requestVote(ELECTION, 352514d3-16e8-44e7-9f6c-25a5b2684069, group-F4C19FBCF0D5, 1, (t:0, i:0))
2022-03-09 17:23:09,836 [grpc-default-executor-2] INFO  impl.VoteContext (VoteContext.java:log(48)) - 9cf3ac85-5088-4438-9438-d8e46945dabb@group-F4C19FBCF0D5-CANDIDATE: reject ELECTION from 352514d3-16e8-44e7-9f6c-25a5b2684069: already has voted for 9cf3ac85-5088-4438-9438-d8e46945dabb at current term 1
2022-03-09 17:23:09,836 [grpc-default-executor-2] INFO  server.RaftServer$Division (RaftServerImpl.java:requestVote(1078)) - 9cf3ac85-5088-4438-9438-d8e46945dabb@group-F4C19FBCF0D5 replies to ELECTION vote request: 352514d3-16e8-44e7-9f6c-25a5b2684069<-9cf3ac85-5088-4438-9438-d8e46945dabb#0:FAIL-t1. Peer's state: 9cf3ac85-5088-4438-9438-d8e46945dabb@group-F4C19FBCF0D5:t1, leader=null, voted=9cf3ac85-5088-4438-9438-d8e46945dabb, raftlog=9cf3ac85-5088-4438-9438-d8e46945dabb@group-F4C19FBCF0D5-SegmentedRaftLog:OPENED:c-1, conf=-1: [8d38cd26-4da6-46a4-aba6-9da1aef73967|rpc:127.0.0.1:43435|priority:0, 352514d3-16e8-44e7-9f6c-25a5b2684069|rpc:127.0.0.1:37197|priority:0, 9cf3ac85-5088-4438-9438-d8e46945dabb|rpc:127.0.0.1:38217|priority:1], old=null
2022-03-09 17:23:09,843 [grpc-default-executor-1] INFO  impl.VoteContext (VoteContext.java:log(48)) - 8d38cd26-4da6-46a4-aba6-9da1aef73967@group-F4C19FBCF0D5-CANDIDATE: accept ELECTION from 352514d3-16e8-44e7-9f6c-25a5b2684069: our priority 0 <= candidate's priority 0
2022-03-09 17:23:09,843 [grpc-default-executor-1] INFO  server.RaftServer$Division (RaftServerImpl.java:setRole(290)) - 8d38cd26-4da6-46a4-aba6-9da1aef73967@group-F4C19FBCF0D5: changes role from CANDIDATE to FOLLOWER at term 1 for candidate:352514d3-16e8-44e7-9f6c-25a5b2684069
2022-03-09 17:23:09,843 [grpc-default-executor-1] INFO  impl.RoleInfo (RoleInfo.java:shutdownLeaderElection(121)) - 8d38cd26-4da6-46a4-aba6-9da1aef73967: shutdown 8d38cd26-4da6-46a4-aba6-9da1aef73967@group-F4C19FBCF0D5-LeaderElection21
2022-03-09 17:23:09,843 [grpc-default-executor-1] INFO  impl.RoleInfo (RoleInfo.java:updateAndGet(130)) - 8d38cd26-4da6-46a4-aba6-9da1aef73967: start 8d38cd26-4da6-46a4-aba6-9da1aef73967@group-F4C19FBCF0D5-FollowerState
2022-03-09 17:23:09,850 [352514d3-16e8-44e7-9f6c-25a5b2684069@group-F4C19FBCF0D5-LeaderElection20] INFO  impl.LeaderElection (LeaderElection.java:logAndReturn(89)) - 352514d3-16e8-44e7-9f6c-25a5b2684069@group-F4C19FBCF0D5-LeaderElection20: ELECTION REJECTED received 1 response(s) and 0 exception(s):
2022-03-09 17:23:09,850 [352514d3-16e8-44e7-9f6c-25a5b2684069@group-F4C19FBCF0D5-LeaderElection20] INFO  impl.LeaderElection (LeaderElection.java:logAndReturn(93)) -   Response 0: 352514d3-16e8-44e7-9f6c-25a5b2684069<-9cf3ac85-5088-4438-9438-d8e46945dabb#0:FAIL-t1
2022-03-09 17:23:09,850 [352514d3-16e8-44e7-9f6c-25a5b2684069@group-F4C19FBCF0D5-LeaderElection20] INFO  impl.LeaderElection (LeaderElection.java:askForVotes(308)) - 352514d3-16e8-44e7-9f6c-25a5b2684069@group-F4C19FBCF0D5-LeaderElection20 ELECTION round 0: result REJECTED
2022-03-09 17:23:09,850 [352514d3-16e8-44e7-9f6c-25a5b2684069@group-F4C19FBCF0D5-LeaderElection20] INFO  server.RaftServer$Division (RaftServerImpl.java:setRole(290)) - 352514d3-16e8-44e7-9f6c-25a5b2684069@group-F4C19FBCF0D5: changes role from CANDIDATE to FOLLOWER at term 1 for REJECTED
2022-03-09 17:23:09,850 [352514d3-16e8-44e7-9f6c-25a5b2684069@group-F4C19FBCF0D5-LeaderElection20] INFO  impl.RoleInfo (RoleInfo.java:shutdownLeaderElection(121)) - 352514d3-16e8-44e7-9f6c-25a5b2684069: shutdown 352514d3-16e8-44e7-9f6c-25a5b2684069@group-F4C19FBCF0D5-LeaderElection20
2022-03-09 17:23:09,850 [352514d3-16e8-44e7-9f6c-25a5b2684069@group-F4C19FBCF0D5-LeaderElection20] INFO  impl.RoleInfo (RoleInfo.java:updateAndGet(130)) - 352514d3-16e8-44e7-9f6c-25a5b2684069: start 352514d3-16e8-44e7-9f6c-25a5b2684069@group-F4C19FBCF0D5-FollowerState
2022-03-09 17:23:09,851 [grpc-default-executor-1] INFO  server.RaftServer$Division (RaftServerImpl.java:requestVote(1078)) - 8d38cd26-4da6-46a4-aba6-9da1aef73967@group-F4C19FBCF0D5 replies to ELECTION vote request: 352514d3-16e8-44e7-9f6c-25a5b2684069<-8d38cd26-4da6-46a4-aba6-9da1aef73967#0:OK-t1. Peer's state: 8d38cd26-4da6-46a4-aba6-9da1aef73967@group-F4C19FBCF0D5:t1, leader=null, voted=352514d3-16e8-44e7-9f6c-25a5b2684069, raftlog=8d38cd26-4da6-46a4-aba6-9da1aef73967@group-F4C19FBCF0D5-SegmentedRaftLog:OPENED:c-1, conf=-1: [8d38cd26-4da6-46a4-aba6-9da1aef73967|rpc:127.0.0.1:43435|dataStream:|priority:0, 352514d3-16e8-44e7-9f6c-25a5b2684069|rpc:127.0.0.1:37197|dataStream:|priority:0, 9cf3ac85-5088-4438-9438-d8e46945dabb|rpc:127.0.0.1:38217|dataStream:|priority:1], old=null
2022-03-09 17:23:09,851 [grpc-default-executor-0] INFO  impl.VoteContext (VoteContext.java:log(48)) - 8d38cd26-4da6-46a4-aba6-9da1aef73967@group-F4C19FBCF0D5-FOLLOWER: reject ELECTION from 9cf3ac85-5088-4438-9438-d8e46945dabb: already has voted for 352514d3-16e8-44e7-9f6c-25a5b2684069 at current term 1
2022-03-09 17:23:09,852 [grpc-default-executor-0] INFO  server.RaftServer$Division (RaftServerImpl.java:requestVote(1078)) - 8d38cd26-4da6-46a4-aba6-9da1aef73967@group-F4C19FBCF0D5 replies to ELECTION vote request: 9cf3ac85-5088-4438-9438-d8e46945dabb<-8d38cd26-4da6-46a4-aba6-9da1aef73967#0:FAIL-t1. Peer's state: 8d38cd26-4da6-46a4-aba6-9da1aef73967@group-F4C19FBCF0D5:t1, leader=null, voted=352514d3-16e8-44e7-9f6c-25a5b2684069, raftlog=8d38cd26-4da6-46a4-aba6-9da1aef73967@group-F4C19FBCF0D5-SegmentedRaftLog:OPENED:c-1, conf=-1: [8d38cd26-4da6-46a4-aba6-9da1aef73967|rpc:127.0.0.1:43435|dataStream:|priority:0, 352514d3-16e8-44e7-9f6c-25a5b2684069|rpc:127.0.0.1:37197|dataStream:|priority:0, 9cf3ac85-5088-4438-9438-d8e46945dabb|rpc:127.0.0.1:38217|dataStream:|priority:1], old=null
2022-03-09 17:23:09,852 [9cf3ac85-5088-4438-9438-d8e46945dabb@group-F4C19FBCF0D5-LeaderElection19] INFO  impl.LeaderElection (LeaderElection.java:logAndReturn(89)) - 9cf3ac85-5088-4438-9438-d8e46945dabb@group-F4C19FBCF0D5-LeaderElection19: ELECTION REJECTED received 2 response(s) and 0 exception(s):
2022-03-09 17:23:09,853 [9cf3ac85-5088-4438-9438-d8e46945dabb@group-F4C19FBCF0D5-LeaderElection19] INFO  impl.LeaderElection (LeaderElection.java:logAndReturn(93)) -   Response 0: 9cf3ac85-5088-4438-9438-d8e46945dabb<-8d38cd26-4da6-46a4-aba6-9da1aef73967#0:FAIL-t1
2022-03-09 17:23:09,853 [9cf3ac85-5088-4438-9438-d8e46945dabb@group-F4C19FBCF0D5-LeaderElection19] INFO  impl.LeaderElection (LeaderElection.java:logAndReturn(93)) -   Response 1: 9cf3ac85-5088-4438-9438-d8e46945dabb<-352514d3-16e8-44e7-9f6c-25a5b2684069#0:FAIL-t1
2022-03-09 17:23:09,853 [9cf3ac85-5088-4438-9438-d8e46945dabb@group-F4C19FBCF0D5-LeaderElection19] INFO  impl.LeaderElection (LeaderElection.java:askForVotes(308)) - 9cf3ac85-5088-4438-9438-d8e46945dabb@group-F4C19FBCF0D5-LeaderElection19 ELECTION round 0: result REJECTED
2022-03-09 17:23:09,853 [9cf3ac85-5088-4438-9438-d8e46945dabb@group-F4C19FBCF0D5-LeaderElection19] INFO  server.RaftServer$Division (RaftServerImpl.java:setRole(290)) - 9cf3ac85-5088-4438-9438-d8e46945dabb@group-F4C19FBCF0D5: changes role from CANDIDATE to FOLLOWER at term 1 for REJECTED
2022-03-09 17:23:09,853 [9cf3ac85-5088-4438-9438-d8e46945dabb@group-F4C19FBCF0D5-LeaderElection19] INFO  impl.RoleInfo (RoleInfo.java:shutdownLeaderElection(121)) - 9cf3ac85-5088-4438-9438-d8e46945dabb: shutdown 9cf3ac85-5088-4438-9438-d8e46945dabb@group-F4C19FBCF0D5-LeaderElection19
2022-03-09 17:23:09,853 [9cf3ac85-5088-4438-9438-d8e46945dabb@group-F4C19FBCF0D5-LeaderElection19] INFO  impl.RoleInfo (RoleInfo.java:updateAndGet(130)) - 9cf3ac85-5088-4438-9438-d8e46945dabb: start 9cf3ac85-5088-4438-9438-d8e46945dabb@group-F4C19FBCF0D5-FollowerState
2022-03-09 17:23:10,102 [Listener at 127.0.0.1/45999] INFO  ozone.MiniOzoneClusterImpl (MiniOzoneClusterImpl.java:lambda$waitForClusterToBeReady$0(219)) - Nodes are ready. Got 3 of 3 DN Heartbeats.
2022-03-09 17:23:10,102 [Listener at 127.0.0.1/45999] INFO  ozone.MiniOzoneClusterImpl (MiniOzoneClusterImpl.java:lambda$waitForClusterToBeReady$0(222)) - Waiting for cluster to exit safe mode
2022-03-09 17:23:10,102 [Listener at 127.0.0.1/45999] INFO  ozone.MiniOzoneClusterImpl (MiniOzoneClusterImpl.java:lambda$waitForClusterToBeReady$0(224)) - SCM became leader
2022-03-09 17:23:10,256 [352514d3-16e8-44e7-9f6c-25a5b2684069@group-91A0848E2091-FollowerState] INFO  impl.FollowerState (FollowerState.java:run(134)) - 352514d3-16e8-44e7-9f6c-25a5b2684069@group-91A0848E2091-FollowerState: change to CANDIDATE, lastRpcElapsedTime:5054500897ns, electionTimeout:5048ms
2022-03-09 17:23:10,256 [352514d3-16e8-44e7-9f6c-25a5b2684069@group-91A0848E2091-FollowerState] INFO  impl.RoleInfo (RoleInfo.java:shutdownFollowerState(108)) - 352514d3-16e8-44e7-9f6c-25a5b2684069: shutdown 352514d3-16e8-44e7-9f6c-25a5b2684069@group-91A0848E2091-FollowerState
2022-03-09 17:23:10,256 [352514d3-16e8-44e7-9f6c-25a5b2684069@group-91A0848E2091-FollowerState] INFO  server.RaftServer$Division (RaftServerImpl.java:setRole(290)) - 352514d3-16e8-44e7-9f6c-25a5b2684069@group-91A0848E2091: changes role from  FOLLOWER to CANDIDATE at term 0 for changeToCandidate
2022-03-09 17:23:10,256 [352514d3-16e8-44e7-9f6c-25a5b2684069@group-91A0848E2091-FollowerState] INFO  server.RaftServerConfigKeys (ConfUtils.java:logGet(44)) - raft.server.leaderelection.pre-vote = false (custom)
2022-03-09 17:23:10,256 [352514d3-16e8-44e7-9f6c-25a5b2684069@group-91A0848E2091-FollowerState] INFO  impl.RoleInfo (RoleInfo.java:updateAndGet(130)) - 352514d3-16e8-44e7-9f6c-25a5b2684069: start 352514d3-16e8-44e7-9f6c-25a5b2684069@group-91A0848E2091-LeaderElection22
2022-03-09 17:23:10,290 [352514d3-16e8-44e7-9f6c-25a5b2684069@group-91A0848E2091-LeaderElection22] INFO  impl.LeaderElection (LeaderElection.java:askForVotes(306)) - 352514d3-16e8-44e7-9f6c-25a5b2684069@group-91A0848E2091-LeaderElection22 ELECTION round 0: submit vote requests at term 1 for -1: [352514d3-16e8-44e7-9f6c-25a5b2684069|rpc:127.0.0.1:37197|priority:1], old=null
2022-03-09 17:23:10,290 [352514d3-16e8-44e7-9f6c-25a5b2684069@group-91A0848E2091-LeaderElection22] INFO  impl.LeaderElection (LeaderElection.java:askForVotes(308)) - 352514d3-16e8-44e7-9f6c-25a5b2684069@group-91A0848E2091-LeaderElection22 ELECTION round 0: result PASSED (term=1)
2022-03-09 17:23:10,290 [352514d3-16e8-44e7-9f6c-25a5b2684069@group-91A0848E2091-LeaderElection22] INFO  impl.RoleInfo (RoleInfo.java:shutdownLeaderElection(121)) - 352514d3-16e8-44e7-9f6c-25a5b2684069: shutdown 352514d3-16e8-44e7-9f6c-25a5b2684069@group-91A0848E2091-LeaderElection22
2022-03-09 17:23:10,290 [352514d3-16e8-44e7-9f6c-25a5b2684069@group-91A0848E2091-LeaderElection22] INFO  server.RaftServer$Division (RaftServerImpl.java:setRole(290)) - 352514d3-16e8-44e7-9f6c-25a5b2684069@group-91A0848E2091: changes role from CANDIDATE to LEADER at term 1 for changeToLeader
2022-03-09 17:23:10,290 [352514d3-16e8-44e7-9f6c-25a5b2684069@group-91A0848E2091-LeaderElection22] INFO  ratis.XceiverServerRatis (XceiverServerRatis.java:handleLeaderChangedNotification(867)) - Leader change notification received for group: group-91A0848E2091 with new leaderId: 352514d3-16e8-44e7-9f6c-25a5b2684069
2022-03-09 17:23:10,290 [352514d3-16e8-44e7-9f6c-25a5b2684069@group-91A0848E2091-LeaderElection22] INFO  server.RaftServer$Division (ServerState.java:setLeader(285)) - 352514d3-16e8-44e7-9f6c-25a5b2684069@group-91A0848E2091: change Leader from null to 352514d3-16e8-44e7-9f6c-25a5b2684069 at term 1 for becomeLeader, leader elected after 5105ms
2022-03-09 17:23:10,290 [352514d3-16e8-44e7-9f6c-25a5b2684069@group-91A0848E2091-LeaderElection22] INFO  server.RaftServerConfigKeys (ConfUtils.java:logGet(44)) - raft.server.staging.catchup.gap = 1000 (default)
2022-03-09 17:23:10,290 [352514d3-16e8-44e7-9f6c-25a5b2684069@group-91A0848E2091-LeaderElection22] INFO  server.RaftServerConfigKeys (ConfUtils.java:logGet(44)) - raft.server.write.element-limit = 1024 (custom)
2022-03-09 17:23:10,290 [352514d3-16e8-44e7-9f6c-25a5b2684069@group-91A0848E2091-LeaderElection22] INFO  server.RaftServerConfigKeys (ConfUtils.java:logGet(44)) - raft.server.write.byte-limit = 1024 M (=1073741824) (custom)
2022-03-09 17:23:10,291 [352514d3-16e8-44e7-9f6c-25a5b2684069@group-91A0848E2091-LeaderElection22] INFO  server.RaftServerConfigKeys (ConfUtils.java:logGet(44)) - raft.server.watch.timeout = 180s (custom)
2022-03-09 17:23:10,291 [352514d3-16e8-44e7-9f6c-25a5b2684069@group-91A0848E2091-LeaderElection22] INFO  server.RaftServerConfigKeys (ConfUtils.java:logGet(44)) - raft.server.watch.timeout.denomination = 1s (default)
2022-03-09 17:23:10,291 [352514d3-16e8-44e7-9f6c-25a5b2684069@group-91A0848E2091-LeaderElection22] INFO  server.RaftServerConfigKeys (ConfUtils.java:logGet(44)) - raft.server.watch.element-limit = 65536 (default)
2022-03-09 17:23:10,291 [352514d3-16e8-44e7-9f6c-25a5b2684069@group-91A0848E2091-LeaderElection22] INFO  server.RaftServerConfigKeys (ConfUtils.java:logGet(44)) - raft.server.write.element-limit = 1024 (custom)
2022-03-09 17:23:10,291 [352514d3-16e8-44e7-9f6c-25a5b2684069@group-91A0848E2091-LeaderElection22] INFO  server.RaftServerConfigKeys (ConfUtils.java:logGet(44)) - raft.server.write.follower.gap.ratio.max = -1.0 (default)
2022-03-09 17:23:10,291 [352514d3-16e8-44e7-9f6c-25a5b2684069@group-91A0848E2091-LeaderElection22] INFO  impl.RoleInfo (RoleInfo.java:updateAndGet(130)) - 352514d3-16e8-44e7-9f6c-25a5b2684069: start 352514d3-16e8-44e7-9f6c-25a5b2684069@group-91A0848E2091-LeaderStateImpl
2022-03-09 17:23:10,291 [352514d3-16e8-44e7-9f6c-25a5b2684069@group-91A0848E2091-LeaderElection22] INFO  segmented.SegmentedRaftLogWorker (SegmentedRaftLogWorker.java:startLogSegment(394)) - 352514d3-16e8-44e7-9f6c-25a5b2684069@group-91A0848E2091-SegmentedRaftLogWorker: Starting segment from index:0
2022-03-09 17:23:10,293 [EventQueue-OpenPipelineForHealthyPipelineSafeModeRule] INFO  safemode.SCMSafeModeManager (HealthyPipelineSafeModeRule.java:process(124)) - SCM in safe mode. Healthy pipelines reported count is 0, required healthy pipeline reported count is 1
2022-03-09 17:23:10,294 [352514d3-16e8-44e7-9f6c-25a5b2684069@group-91A0848E2091-SegmentedRaftLogWorker] INFO  segmented.SegmentedRaftLogWorker (SegmentedRaftLogWorker.java:execute(601)) - 352514d3-16e8-44e7-9f6c-25a5b2684069@group-91A0848E2091-SegmentedRaftLogWorker: created new log segment /home/runner/work/ozone/ozone/hadoop-ozone/integration-test/target/test-dir/MiniOzoneClusterImpl-aa50db73-d356-40d6-b3b5-5343d3a56795/datanode-2/data/ratis/f616d121-2706-4163-8920-91a0848e2091/current/log_inprogress_0
2022-03-09 17:23:10,302 [EventQueue-OpenPipelineForHealthyPipelineSafeModeRule] INFO  safemode.SCMSafeModeManager (HealthyPipelineSafeModeRule.java:process(124)) - SCM in safe mode. Healthy pipelines reported count is 0, required healthy pipeline reported count is 1
2022-03-09 17:23:10,307 [352514d3-16e8-44e7-9f6c-25a5b2684069@group-91A0848E2091-LeaderElection22] INFO  server.RaftServer$Division (ServerState.java:setRaftConf(387)) - 352514d3-16e8-44e7-9f6c-25a5b2684069@group-91A0848E2091: set configuration 0: [352514d3-16e8-44e7-9f6c-25a5b2684069|rpc:127.0.0.1:37197|dataStream:|priority:1], old=null
2022-03-09 17:23:10,452 [EndpointStateMachine task thread for /127.0.0.1:40365 - 0 ] INFO  ipc.Client (Client.java:handleConnectionFailure(977)) - Retrying connect to server: localhost/127.0.0.1:40365. Already tried 8 time(s); retry policy is RetryUpToMaximumCountWithFixedSleep(maxRetries=15, sleepTime=1000 MILLISECONDS)
2022-03-09 17:23:10,480 [EndpointStateMachine task thread for /127.0.0.1:38239 - 0 ] INFO  ipc.Client (Client.java:handleConnectionFailure(977)) - Retrying connect to server: localhost/127.0.0.1:38239. Already tried 8 time(s); retry policy is RetryUpToMaximumCountWithFixedSleep(maxRetries=15, sleepTime=1000 MILLISECONDS)
2022-03-09 17:23:10,499 [EndpointStateMachine task thread for /127.0.0.1:45657 - 0 ] INFO  ipc.Client (Client.java:handleConnectionFailure(977)) - Retrying connect to server: localhost/127.0.0.1:45657. Already tried 8 time(s); retry policy is RetryUpToMaximumCountWithFixedSleep(maxRetries=15, sleepTime=1000 MILLISECONDS)
2022-03-09 17:23:10,540 [Datanode State Machine Daemon Thread] ERROR datanode.RunningDatanodeState (RunningDatanodeState.java:computeNextContainerState(201)) - Error in executing end point task.
java.util.concurrent.ExecutionException: java.util.concurrent.TimeoutException
	at java.util.concurrent.FutureTask.report(FutureTask.java:122)
	at java.util.concurrent.FutureTask.get(FutureTask.java:192)
	at org.apache.hadoop.ozone.container.common.states.datanode.RunningDatanodeState.computeNextContainerState(RunningDatanodeState.java:193)
	at org.apache.hadoop.ozone.container.common.states.datanode.RunningDatanodeState.await(RunningDatanodeState.java:233)
	at org.apache.hadoop.ozone.container.common.states.datanode.RunningDatanodeState.await(RunningDatanodeState.java:50)
	at org.apache.hadoop.ozone.container.common.statemachine.StateContext.execute(StateContext.java:658)
	at org.apache.hadoop.ozone.container.common.statemachine.DatanodeStateMachine.startStateMachineThread(DatanodeStateMachine.java:283)
	at org.apache.hadoop.ozone.container.common.statemachine.DatanodeStateMachine.lambda$startDaemon$0(DatanodeStateMachine.java:471)
	at java.lang.Thread.run(Thread.java:750)
Caused by: java.util.concurrent.TimeoutException
	at java.util.concurrent.FutureTask.get(FutureTask.java:205)
	at org.apache.hadoop.ozone.container.common.states.datanode.RunningDatanodeState.lambda$execute$0(RunningDatanodeState.java:151)
	at java.util.concurrent.FutureTask.run(FutureTask.java:266)
	at java.util.concurrent.Executors$RunnableAdapter.call(Executors.java:511)
	at java.util.concurrent.FutureTask.run(FutureTask.java:266)
	at java.util.concurrent.ThreadPoolExecutor.runWorker(ThreadPoolExecutor.java:1149)
	at java.util.concurrent.ThreadPoolExecutor$Worker.run(ThreadPoolExecutor.java:624)
	... 1 more
2022-03-09 17:23:11,103 [Listener at 127.0.0.1/45999] INFO  ozone.MiniOzoneClusterImpl (MiniOzoneClusterImpl.java:lambda$waitForClusterToBeReady$0(219)) - Nodes are ready. Got 3 of 3 DN Heartbeats.
2022-03-09 17:23:11,103 [Listener at 127.0.0.1/45999] INFO  ozone.MiniOzoneClusterImpl (MiniOzoneClusterImpl.java:lambda$waitForClusterToBeReady$0(222)) - Waiting for cluster to exit safe mode
2022-03-09 17:23:11,103 [Listener at 127.0.0.1/45999] INFO  ozone.MiniOzoneClusterImpl (MiniOzoneClusterImpl.java:lambda$waitForClusterToBeReady$0(224)) - SCM became leader
2022-03-09 17:23:11,452 [EndpointStateMachine task thread for /127.0.0.1:40365 - 0 ] INFO  ipc.Client (Client.java:handleConnectionFailure(977)) - Retrying connect to server: localhost/127.0.0.1:40365. Already tried 9 time(s); retry policy is RetryUpToMaximumCountWithFixedSleep(maxRetries=15, sleepTime=1000 MILLISECONDS)
2022-03-09 17:23:11,481 [EndpointStateMachine task thread for /127.0.0.1:38239 - 0 ] INFO  ipc.Client (Client.java:handleConnectionFailure(977)) - Retrying connect to server: localhost/127.0.0.1:38239. Already tried 9 time(s); retry policy is RetryUpToMaximumCountWithFixedSleep(maxRetries=15, sleepTime=1000 MILLISECONDS)
2022-03-09 17:23:11,500 [EndpointStateMachine task thread for /127.0.0.1:45657 - 0 ] INFO  ipc.Client (Client.java:handleConnectionFailure(977)) - Retrying connect to server: localhost/127.0.0.1:45657. Already tried 9 time(s); retry policy is RetryUpToMaximumCountWithFixedSleep(maxRetries=15, sleepTime=1000 MILLISECONDS)
2022-03-09 17:23:11,703 [Datanode State Machine Daemon Thread] ERROR datanode.RunningDatanodeState (RunningDatanodeState.java:computeNextContainerState(201)) - Error in executing end point task.
java.util.concurrent.ExecutionException: java.util.concurrent.TimeoutException
	at java.util.concurrent.FutureTask.report(FutureTask.java:122)
	at java.util.concurrent.FutureTask.get(FutureTask.java:192)
	at org.apache.hadoop.ozone.container.common.states.datanode.RunningDatanodeState.computeNextContainerState(RunningDatanodeState.java:193)
	at org.apache.hadoop.ozone.container.common.states.datanode.RunningDatanodeState.await(RunningDatanodeState.java:233)
	at org.apache.hadoop.ozone.container.common.states.datanode.RunningDatanodeState.await(RunningDatanodeState.java:50)
	at org.apache.hadoop.ozone.container.common.statemachine.StateContext.execute(StateContext.java:658)
	at org.apache.hadoop.ozone.container.common.statemachine.DatanodeStateMachine.startStateMachineThread(DatanodeStateMachine.java:283)
	at org.apache.hadoop.ozone.container.common.statemachine.DatanodeStateMachine.lambda$startDaemon$0(DatanodeStateMachine.java:471)
	at java.lang.Thread.run(Thread.java:750)
Caused by: java.util.concurrent.TimeoutException
	at java.util.concurrent.FutureTask.get(FutureTask.java:205)
	at org.apache.hadoop.ozone.container.common.states.datanode.RunningDatanodeState.lambda$execute$0(RunningDatanodeState.java:151)
	at java.util.concurrent.FutureTask.run(FutureTask.java:266)
	at java.util.concurrent.Executors$RunnableAdapter.call(Executors.java:511)
	at java.util.concurrent.FutureTask.run(FutureTask.java:266)
	at java.util.concurrent.ThreadPoolExecutor.runWorker(ThreadPoolExecutor.java:1149)
	at java.util.concurrent.ThreadPoolExecutor$Worker.run(ThreadPoolExecutor.java:624)
	... 1 more
2022-03-09 17:23:12,103 [Listener at 127.0.0.1/45999] INFO  ozone.MiniOzoneClusterImpl (MiniOzoneClusterImpl.java:lambda$waitForClusterToBeReady$0(219)) - Nodes are ready. Got 3 of 3 DN Heartbeats.
2022-03-09 17:23:12,103 [Listener at 127.0.0.1/45999] INFO  ozone.MiniOzoneClusterImpl (MiniOzoneClusterImpl.java:lambda$waitForClusterToBeReady$0(222)) - Waiting for cluster to exit safe mode
2022-03-09 17:23:12,103 [Listener at 127.0.0.1/45999] INFO  ozone.MiniOzoneClusterImpl (MiniOzoneClusterImpl.java:lambda$waitForClusterToBeReady$0(224)) - SCM became leader
2022-03-09 17:23:12,292 [Datanode State Machine Daemon Thread] ERROR datanode.RunningDatanodeState (RunningDatanodeState.java:computeNextContainerState(201)) - Error in executing end point task.
java.util.concurrent.ExecutionException: java.util.concurrent.TimeoutException
	at java.util.concurrent.FutureTask.report(FutureTask.java:122)
	at java.util.concurrent.FutureTask.get(FutureTask.java:192)
	at org.apache.hadoop.ozone.container.common.states.datanode.RunningDatanodeState.computeNextContainerState(RunningDatanodeState.java:193)
	at org.apache.hadoop.ozone.container.common.states.datanode.RunningDatanodeState.await(RunningDatanodeState.java:233)
	at org.apache.hadoop.ozone.container.common.states.datanode.RunningDatanodeState.await(RunningDatanodeState.java:50)
	at org.apache.hadoop.ozone.container.common.statemachine.StateContext.execute(StateContext.java:658)
	at org.apache.hadoop.ozone.container.common.statemachine.DatanodeStateMachine.startStateMachineThread(DatanodeStateMachine.java:283)
	at org.apache.hadoop.ozone.container.common.statemachine.DatanodeStateMachine.lambda$startDaemon$0(DatanodeStateMachine.java:471)
	at java.lang.Thread.run(Thread.java:750)
Caused by: java.util.concurrent.TimeoutException
	at java.util.concurrent.FutureTask.get(FutureTask.java:205)
	at org.apache.hadoop.ozone.container.common.states.datanode.RunningDatanodeState.lambda$execute$0(RunningDatanodeState.java:151)
	at java.util.concurrent.FutureTask.run(FutureTask.java:266)
	at java.util.concurrent.Executors$RunnableAdapter.call(Executors.java:511)
	at java.util.concurrent.FutureTask.run(FutureTask.java:266)
	at java.util.concurrent.ThreadPoolExecutor.runWorker(ThreadPoolExecutor.java:1149)
	at java.util.concurrent.ThreadPoolExecutor$Worker.run(ThreadPoolExecutor.java:624)
	... 1 more
2022-03-09 17:23:12,453 [EndpointStateMachine task thread for /127.0.0.1:40365 - 0 ] INFO  ipc.Client (Client.java:handleConnectionFailure(977)) - Retrying connect to server: localhost/127.0.0.1:40365. Already tried 10 time(s); retry policy is RetryUpToMaximumCountWithFixedSleep(maxRetries=15, sleepTime=1000 MILLISECONDS)
2022-03-09 17:23:12,481 [EndpointStateMachine task thread for /127.0.0.1:38239 - 0 ] INFO  ipc.Client (Client.java:handleConnectionFailure(977)) - Retrying connect to server: localhost/127.0.0.1:38239. Already tried 10 time(s); retry policy is RetryUpToMaximumCountWithFixedSleep(maxRetries=15, sleepTime=1000 MILLISECONDS)
2022-03-09 17:23:12,500 [EndpointStateMachine task thread for /127.0.0.1:45657 - 0 ] INFO  ipc.Client (Client.java:handleConnectionFailure(977)) - Retrying connect to server: localhost/127.0.0.1:45657. Already tried 10 time(s); retry policy is RetryUpToMaximumCountWithFixedSleep(maxRetries=15, sleepTime=1000 MILLISECONDS)
2022-03-09 17:23:13,104 [Listener at 127.0.0.1/45999] INFO  ozone.MiniOzoneClusterImpl (MiniOzoneClusterImpl.java:lambda$waitForClusterToBeReady$0(219)) - Nodes are ready. Got 3 of 3 DN Heartbeats.
2022-03-09 17:23:13,104 [Listener at 127.0.0.1/45999] INFO  ozone.MiniOzoneClusterImpl (MiniOzoneClusterImpl.java:lambda$waitForClusterToBeReady$0(222)) - Waiting for cluster to exit safe mode
2022-03-09 17:23:13,104 [Listener at 127.0.0.1/45999] INFO  ozone.MiniOzoneClusterImpl (MiniOzoneClusterImpl.java:lambda$waitForClusterToBeReady$0(224)) - SCM became leader
2022-03-09 17:23:13,453 [EndpointStateMachine task thread for /127.0.0.1:40365 - 0 ] INFO  ipc.Client (Client.java:handleConnectionFailure(977)) - Retrying connect to server: localhost/127.0.0.1:40365. Already tried 11 time(s); retry policy is RetryUpToMaximumCountWithFixedSleep(maxRetries=15, sleepTime=1000 MILLISECONDS)
2022-03-09 17:23:13,482 [EndpointStateMachine task thread for /127.0.0.1:38239 - 0 ] INFO  ipc.Client (Client.java:handleConnectionFailure(977)) - Retrying connect to server: localhost/127.0.0.1:38239. Already tried 11 time(s); retry policy is RetryUpToMaximumCountWithFixedSleep(maxRetries=15, sleepTime=1000 MILLISECONDS)
2022-03-09 17:23:13,500 [EndpointStateMachine task thread for /127.0.0.1:45657 - 0 ] INFO  ipc.Client (Client.java:handleConnectionFailure(977)) - Retrying connect to server: localhost/127.0.0.1:45657. Already tried 11 time(s); retry policy is RetryUpToMaximumCountWithFixedSleep(maxRetries=15, sleepTime=1000 MILLISECONDS)
2022-03-09 17:23:14,104 [Listener at 127.0.0.1/45999] INFO  ozone.MiniOzoneClusterImpl (MiniOzoneClusterImpl.java:lambda$waitForClusterToBeReady$0(219)) - Nodes are ready. Got 3 of 3 DN Heartbeats.
2022-03-09 17:23:14,104 [Listener at 127.0.0.1/45999] INFO  ozone.MiniOzoneClusterImpl (MiniOzoneClusterImpl.java:lambda$waitForClusterToBeReady$0(222)) - Waiting for cluster to exit safe mode
2022-03-09 17:23:14,105 [Listener at 127.0.0.1/45999] INFO  ozone.MiniOzoneClusterImpl (MiniOzoneClusterImpl.java:lambda$waitForClusterToBeReady$0(224)) - SCM became leader
2022-03-09 17:23:14,300 [Datanode State Machine Daemon Thread] ERROR datanode.RunningDatanodeState (RunningDatanodeState.java:computeNextContainerState(201)) - Error in executing end point task.
java.util.concurrent.ExecutionException: java.util.concurrent.TimeoutException
	at java.util.concurrent.FutureTask.report(FutureTask.java:122)
	at java.util.concurrent.FutureTask.get(FutureTask.java:192)
	at org.apache.hadoop.ozone.container.common.states.datanode.RunningDatanodeState.computeNextContainerState(RunningDatanodeState.java:193)
	at org.apache.hadoop.ozone.container.common.states.datanode.RunningDatanodeState.await(RunningDatanodeState.java:233)
	at org.apache.hadoop.ozone.container.common.states.datanode.RunningDatanodeState.await(RunningDatanodeState.java:50)
	at org.apache.hadoop.ozone.container.common.statemachine.StateContext.execute(StateContext.java:658)
	at org.apache.hadoop.ozone.container.common.statemachine.DatanodeStateMachine.startStateMachineThread(DatanodeStateMachine.java:283)
	at org.apache.hadoop.ozone.container.common.statemachine.DatanodeStateMachine.lambda$startDaemon$0(DatanodeStateMachine.java:471)
	at java.lang.Thread.run(Thread.java:750)
Caused by: java.util.concurrent.TimeoutException
	at java.util.concurrent.FutureTask.get(FutureTask.java:205)
	at org.apache.hadoop.ozone.container.common.states.datanode.RunningDatanodeState.lambda$execute$0(RunningDatanodeState.java:151)
	at java.util.concurrent.FutureTask.run(FutureTask.java:266)
	at java.util.concurrent.Executors$RunnableAdapter.call(Executors.java:511)
	at java.util.concurrent.FutureTask.run(FutureTask.java:266)
	at java.util.concurrent.ThreadPoolExecutor.runWorker(ThreadPoolExecutor.java:1149)
	at java.util.concurrent.ThreadPoolExecutor$Worker.run(ThreadPoolExecutor.java:624)
	... 1 more
2022-03-09 17:23:14,454 [EndpointStateMachine task thread for /127.0.0.1:40365 - 0 ] INFO  ipc.Client (Client.java:handleConnectionFailure(977)) - Retrying connect to server: localhost/127.0.0.1:40365. Already tried 12 time(s); retry policy is RetryUpToMaximumCountWithFixedSleep(maxRetries=15, sleepTime=1000 MILLISECONDS)
2022-03-09 17:23:14,482 [EndpointStateMachine task thread for /127.0.0.1:38239 - 0 ] INFO  ipc.Client (Client.java:handleConnectionFailure(977)) - Retrying connect to server: localhost/127.0.0.1:38239. Already tried 12 time(s); retry policy is RetryUpToMaximumCountWithFixedSleep(maxRetries=15, sleepTime=1000 MILLISECONDS)
2022-03-09 17:23:14,501 [EndpointStateMachine task thread for /127.0.0.1:45657 - 0 ] INFO  ipc.Client (Client.java:handleConnectionFailure(977)) - Retrying connect to server: localhost/127.0.0.1:45657. Already tried 12 time(s); retry policy is RetryUpToMaximumCountWithFixedSleep(maxRetries=15, sleepTime=1000 MILLISECONDS)
2022-03-09 17:23:14,619 [9cf3ac85-5088-4438-9438-d8e46945dabb@group-D5F1EC85B8FD-FollowerState] INFO  impl.FollowerState (FollowerState.java:run(134)) - 9cf3ac85-5088-4438-9438-d8e46945dabb@group-D5F1EC85B8FD-FollowerState: change to CANDIDATE, lastRpcElapsedTime:5092367505ns, electionTimeout:5071ms
2022-03-09 17:23:14,619 [9cf3ac85-5088-4438-9438-d8e46945dabb@group-D5F1EC85B8FD-FollowerState] INFO  impl.RoleInfo (RoleInfo.java:shutdownFollowerState(108)) - 9cf3ac85-5088-4438-9438-d8e46945dabb: shutdown 9cf3ac85-5088-4438-9438-d8e46945dabb@group-D5F1EC85B8FD-FollowerState
2022-03-09 17:23:14,619 [9cf3ac85-5088-4438-9438-d8e46945dabb@group-D5F1EC85B8FD-FollowerState] INFO  server.RaftServer$Division (RaftServerImpl.java:setRole(290)) - 9cf3ac85-5088-4438-9438-d8e46945dabb@group-D5F1EC85B8FD: changes role from  FOLLOWER to CANDIDATE at term 1 for changeToCandidate
2022-03-09 17:23:14,620 [9cf3ac85-5088-4438-9438-d8e46945dabb@group-D5F1EC85B8FD-FollowerState] INFO  server.RaftServerConfigKeys (ConfUtils.java:logGet(44)) - raft.server.leaderelection.pre-vote = false (custom)
2022-03-09 17:23:14,620 [9cf3ac85-5088-4438-9438-d8e46945dabb@group-D5F1EC85B8FD-FollowerState] INFO  impl.RoleInfo (RoleInfo.java:updateAndGet(130)) - 9cf3ac85-5088-4438-9438-d8e46945dabb: start 9cf3ac85-5088-4438-9438-d8e46945dabb@group-D5F1EC85B8FD-LeaderElection23
2022-03-09 17:23:14,646 [8d38cd26-4da6-46a4-aba6-9da1aef73967@group-D5F1EC85B8FD-FollowerState] INFO  impl.FollowerState (FollowerState.java:run(134)) - 8d38cd26-4da6-46a4-aba6-9da1aef73967@group-D5F1EC85B8FD-FollowerState: change to CANDIDATE, lastRpcElapsedTime:5089751047ns, electionTimeout:5062ms
2022-03-09 17:23:14,646 [8d38cd26-4da6-46a4-aba6-9da1aef73967@group-D5F1EC85B8FD-FollowerState] INFO  impl.RoleInfo (RoleInfo.java:shutdownFollowerState(108)) - 8d38cd26-4da6-46a4-aba6-9da1aef73967: shutdown 8d38cd26-4da6-46a4-aba6-9da1aef73967@group-D5F1EC85B8FD-FollowerState
2022-03-09 17:23:14,646 [8d38cd26-4da6-46a4-aba6-9da1aef73967@group-D5F1EC85B8FD-FollowerState] INFO  server.RaftServer$Division (RaftServerImpl.java:setRole(290)) - 8d38cd26-4da6-46a4-aba6-9da1aef73967@group-D5F1EC85B8FD: changes role from  FOLLOWER to CANDIDATE at term 1 for changeToCandidate
2022-03-09 17:23:14,646 [8d38cd26-4da6-46a4-aba6-9da1aef73967@group-D5F1EC85B8FD-FollowerState] INFO  server.RaftServerConfigKeys (ConfUtils.java:logGet(44)) - raft.server.leaderelection.pre-vote = false (custom)
2022-03-09 17:23:14,646 [8d38cd26-4da6-46a4-aba6-9da1aef73967@group-D5F1EC85B8FD-FollowerState] INFO  impl.RoleInfo (RoleInfo.java:updateAndGet(130)) - 8d38cd26-4da6-46a4-aba6-9da1aef73967: start 8d38cd26-4da6-46a4-aba6-9da1aef73967@group-D5F1EC85B8FD-LeaderElection24
2022-03-09 17:23:14,667 [9cf3ac85-5088-4438-9438-d8e46945dabb@group-D5F1EC85B8FD-LeaderElection23] INFO  impl.LeaderElection (LeaderElection.java:askForVotes(306)) - 9cf3ac85-5088-4438-9438-d8e46945dabb@group-D5F1EC85B8FD-LeaderElection23 ELECTION round 0: submit vote requests at term 2 for -1: [8d38cd26-4da6-46a4-aba6-9da1aef73967|rpc:127.0.0.1:43435|priority:0, 352514d3-16e8-44e7-9f6c-25a5b2684069|rpc:127.0.0.1:37197|priority:1, 9cf3ac85-5088-4438-9438-d8e46945dabb|rpc:127.0.0.1:38217|priority:0], old=null
2022-03-09 17:23:14,704 [grpc-default-executor-1] INFO  server.RaftServer$Division (RaftServerImpl.java:requestVote(1046)) - 8d38cd26-4da6-46a4-aba6-9da1aef73967@group-D5F1EC85B8FD: receive requestVote(ELECTION, 9cf3ac85-5088-4438-9438-d8e46945dabb, group-D5F1EC85B8FD, 2, (t:0, i:0))
2022-03-09 17:23:14,711 [8d38cd26-4da6-46a4-aba6-9da1aef73967@group-D5F1EC85B8FD-LeaderElection24] INFO  impl.LeaderElection (LeaderElection.java:askForVotes(306)) - 8d38cd26-4da6-46a4-aba6-9da1aef73967@group-D5F1EC85B8FD-LeaderElection24 ELECTION round 0: submit vote requests at term 2 for -1: [8d38cd26-4da6-46a4-aba6-9da1aef73967|rpc:127.0.0.1:43435|dataStream:|priority:0, 352514d3-16e8-44e7-9f6c-25a5b2684069|rpc:127.0.0.1:37197|dataStream:|priority:1, 9cf3ac85-5088-4438-9438-d8e46945dabb|rpc:127.0.0.1:38217|dataStream:|priority:0], old=null
2022-03-09 17:23:14,711 [grpc-default-executor-1] INFO  impl.VoteContext (VoteContext.java:log(48)) - 8d38cd26-4da6-46a4-aba6-9da1aef73967@group-D5F1EC85B8FD-CANDIDATE: reject ELECTION from 9cf3ac85-5088-4438-9438-d8e46945dabb: already has voted for 8d38cd26-4da6-46a4-aba6-9da1aef73967 at current term 2
2022-03-09 17:23:14,712 [grpc-default-executor-1] INFO  server.RaftServer$Division (RaftServerImpl.java:requestVote(1078)) - 8d38cd26-4da6-46a4-aba6-9da1aef73967@group-D5F1EC85B8FD replies to ELECTION vote request: 9cf3ac85-5088-4438-9438-d8e46945dabb<-8d38cd26-4da6-46a4-aba6-9da1aef73967#0:FAIL-t2. Peer's state: 8d38cd26-4da6-46a4-aba6-9da1aef73967@group-D5F1EC85B8FD:t2, leader=null, voted=8d38cd26-4da6-46a4-aba6-9da1aef73967, raftlog=8d38cd26-4da6-46a4-aba6-9da1aef73967@group-D5F1EC85B8FD-SegmentedRaftLog:OPENED:c-1, conf=-1: [8d38cd26-4da6-46a4-aba6-9da1aef73967|rpc:127.0.0.1:43435|dataStream:|priority:0, 352514d3-16e8-44e7-9f6c-25a5b2684069|rpc:127.0.0.1:37197|dataStream:|priority:1, 9cf3ac85-5088-4438-9438-d8e46945dabb|rpc:127.0.0.1:38217|dataStream:|priority:0], old=null
2022-03-09 17:23:14,726 [grpc-default-executor-0] INFO  server.RaftServer$Division (RaftServerImpl.java:requestVote(1046)) - 352514d3-16e8-44e7-9f6c-25a5b2684069@group-D5F1EC85B8FD: receive requestVote(ELECTION, 9cf3ac85-5088-4438-9438-d8e46945dabb, group-D5F1EC85B8FD, 2, (t:0, i:0))
2022-03-09 17:23:14,731 [352514d3-16e8-44e7-9f6c-25a5b2684069@group-D5F1EC85B8FD-FollowerState] INFO  impl.FollowerState (FollowerState.java:run(134)) - 352514d3-16e8-44e7-9f6c-25a5b2684069@group-D5F1EC85B8FD-FollowerState: change to CANDIDATE, lastRpcElapsedTime:5201656202ns, electionTimeout:5199ms
2022-03-09 17:23:14,731 [352514d3-16e8-44e7-9f6c-25a5b2684069@group-D5F1EC85B8FD-FollowerState] INFO  impl.RoleInfo (RoleInfo.java:shutdownFollowerState(108)) - 352514d3-16e8-44e7-9f6c-25a5b2684069: shutdown 352514d3-16e8-44e7-9f6c-25a5b2684069@group-D5F1EC85B8FD-FollowerState
2022-03-09 17:23:14,731 [352514d3-16e8-44e7-9f6c-25a5b2684069@group-D5F1EC85B8FD-FollowerState] INFO  server.RaftServer$Division (RaftServerImpl.java:setRole(290)) - 352514d3-16e8-44e7-9f6c-25a5b2684069@group-D5F1EC85B8FD: changes role from  FOLLOWER to CANDIDATE at term 1 for changeToCandidate
2022-03-09 17:23:14,731 [352514d3-16e8-44e7-9f6c-25a5b2684069@group-D5F1EC85B8FD-FollowerState] INFO  server.RaftServerConfigKeys (ConfUtils.java:logGet(44)) - raft.server.leaderelection.pre-vote = false (custom)
2022-03-09 17:23:14,731 [352514d3-16e8-44e7-9f6c-25a5b2684069@group-D5F1EC85B8FD-FollowerState] INFO  impl.RoleInfo (RoleInfo.java:updateAndGet(130)) - 352514d3-16e8-44e7-9f6c-25a5b2684069: start 352514d3-16e8-44e7-9f6c-25a5b2684069@group-D5F1EC85B8FD-LeaderElection25
2022-03-09 17:23:14,735 [grpc-default-executor-0] INFO  impl.VoteContext (VoteContext.java:log(48)) - 352514d3-16e8-44e7-9f6c-25a5b2684069@group-D5F1EC85B8FD-CANDIDATE: reject ELECTION from 9cf3ac85-5088-4438-9438-d8e46945dabb: our priority 1 > candidate's priority 0
2022-03-09 17:23:14,736 [grpc-default-executor-0] INFO  server.RaftServer$Division (RaftServerImpl.java:setRole(290)) - 352514d3-16e8-44e7-9f6c-25a5b2684069@group-D5F1EC85B8FD: changes role from CANDIDATE to FOLLOWER at term 2 for candidate:9cf3ac85-5088-4438-9438-d8e46945dabb
2022-03-09 17:23:14,736 [grpc-default-executor-0] INFO  impl.RoleInfo (RoleInfo.java:shutdownLeaderElection(121)) - 352514d3-16e8-44e7-9f6c-25a5b2684069: shutdown 352514d3-16e8-44e7-9f6c-25a5b2684069@group-D5F1EC85B8FD-LeaderElection25
2022-03-09 17:23:14,736 [grpc-default-executor-0] INFO  impl.RoleInfo (RoleInfo.java:updateAndGet(130)) - 352514d3-16e8-44e7-9f6c-25a5b2684069: start 352514d3-16e8-44e7-9f6c-25a5b2684069@group-D5F1EC85B8FD-FollowerState
2022-03-09 17:23:14,736 [352514d3-16e8-44e7-9f6c-25a5b2684069@group-D5F1EC85B8FD-LeaderElection25] INFO  impl.LeaderElection (LeaderElection.java:run(230)) - 352514d3-16e8-44e7-9f6c-25a5b2684069@group-D5F1EC85B8FD-LeaderElection25: skip running since this is already CLOSING
2022-03-09 17:23:14,753 [grpc-default-executor-1] INFO  server.RaftServer$Division (RaftServerImpl.java:requestVote(1046)) - 352514d3-16e8-44e7-9f6c-25a5b2684069@group-D5F1EC85B8FD: receive requestVote(ELECTION, 8d38cd26-4da6-46a4-aba6-9da1aef73967, group-D5F1EC85B8FD, 2, (t:0, i:0))
2022-03-09 17:23:14,753 [grpc-default-executor-2] INFO  server.RaftServer$Division (RaftServerImpl.java:requestVote(1046)) - 9cf3ac85-5088-4438-9438-d8e46945dabb@group-D5F1EC85B8FD: receive requestVote(ELECTION, 8d38cd26-4da6-46a4-aba6-9da1aef73967, group-D5F1EC85B8FD, 2, (t:0, i:0))
2022-03-09 17:23:14,753 [grpc-default-executor-2] INFO  impl.VoteContext (VoteContext.java:log(48)) - 9cf3ac85-5088-4438-9438-d8e46945dabb@group-D5F1EC85B8FD-CANDIDATE: reject ELECTION from 8d38cd26-4da6-46a4-aba6-9da1aef73967: already has voted for 9cf3ac85-5088-4438-9438-d8e46945dabb at current term 2
2022-03-09 17:23:14,753 [grpc-default-executor-2] INFO  server.RaftServer$Division (RaftServerImpl.java:requestVote(1078)) - 9cf3ac85-5088-4438-9438-d8e46945dabb@group-D5F1EC85B8FD replies to ELECTION vote request: 8d38cd26-4da6-46a4-aba6-9da1aef73967<-9cf3ac85-5088-4438-9438-d8e46945dabb#0:FAIL-t2. Peer's state: 9cf3ac85-5088-4438-9438-d8e46945dabb@group-D5F1EC85B8FD:t2, leader=null, voted=9cf3ac85-5088-4438-9438-d8e46945dabb, raftlog=9cf3ac85-5088-4438-9438-d8e46945dabb@group-D5F1EC85B8FD-SegmentedRaftLog:OPENED:c-1, conf=-1: [8d38cd26-4da6-46a4-aba6-9da1aef73967|rpc:127.0.0.1:43435|priority:0, 352514d3-16e8-44e7-9f6c-25a5b2684069|rpc:127.0.0.1:37197|priority:1, 9cf3ac85-5088-4438-9438-d8e46945dabb|rpc:127.0.0.1:38217|priority:0], old=null
2022-03-09 17:23:14,756 [grpc-default-executor-0] INFO  server.RaftServer$Division (RaftServerImpl.java:requestVote(1078)) - 352514d3-16e8-44e7-9f6c-25a5b2684069@group-D5F1EC85B8FD replies to ELECTION vote request: 9cf3ac85-5088-4438-9438-d8e46945dabb<-352514d3-16e8-44e7-9f6c-25a5b2684069#0:FAIL-t2. Peer's state: 352514d3-16e8-44e7-9f6c-25a5b2684069@group-D5F1EC85B8FD:t2, leader=null, voted=null, raftlog=352514d3-16e8-44e7-9f6c-25a5b2684069@group-D5F1EC85B8FD-SegmentedRaftLog:OPENED:c-1, conf=-1: [8d38cd26-4da6-46a4-aba6-9da1aef73967|rpc:127.0.0.1:43435|dataStream:|priority:0, 352514d3-16e8-44e7-9f6c-25a5b2684069|rpc:127.0.0.1:37197|dataStream:|priority:1, 9cf3ac85-5088-4438-9438-d8e46945dabb|rpc:127.0.0.1:38217|dataStream:|priority:0], old=null
2022-03-09 17:23:14,756 [grpc-default-executor-1] INFO  impl.VoteContext (VoteContext.java:log(48)) - 352514d3-16e8-44e7-9f6c-25a5b2684069@group-D5F1EC85B8FD-FOLLOWER: reject ELECTION from 8d38cd26-4da6-46a4-aba6-9da1aef73967: our priority 1 > candidate's priority 0
2022-03-09 17:23:14,756 [grpc-default-executor-1] INFO  server.RaftServer$Division (RaftServerImpl.java:setRole(290)) - 352514d3-16e8-44e7-9f6c-25a5b2684069@group-D5F1EC85B8FD: changes role from  FOLLOWER to FOLLOWER at term 2 for candidate:8d38cd26-4da6-46a4-aba6-9da1aef73967
2022-03-09 17:23:14,756 [grpc-default-executor-1] INFO  impl.RoleInfo (RoleInfo.java:shutdownFollowerState(108)) - 352514d3-16e8-44e7-9f6c-25a5b2684069: shutdown 352514d3-16e8-44e7-9f6c-25a5b2684069@group-D5F1EC85B8FD-FollowerState
2022-03-09 17:23:14,756 [grpc-default-executor-1] INFO  impl.RoleInfo (RoleInfo.java:updateAndGet(130)) - 352514d3-16e8-44e7-9f6c-25a5b2684069: start 352514d3-16e8-44e7-9f6c-25a5b2684069@group-D5F1EC85B8FD-FollowerState
2022-03-09 17:23:14,757 [352514d3-16e8-44e7-9f6c-25a5b2684069@group-D5F1EC85B8FD-FollowerState] INFO  impl.FollowerState (FollowerState.java:run(143)) - 352514d3-16e8-44e7-9f6c-25a5b2684069@group-D5F1EC85B8FD-FollowerState was interrupted: {}
java.lang.InterruptedException: sleep interrupted
	at java.lang.Thread.sleep(Native Method)
	at java.lang.Thread.sleep(Thread.java:342)
	at java.util.concurrent.TimeUnit.sleep(TimeUnit.java:386)
	at org.apache.ratis.util.TimeDuration.sleep(TimeDuration.java:324)
	at org.apache.ratis.util.TimeDuration.sleep(TimeDuration.java:309)
	at org.apache.ratis.server.impl.FollowerState.run(FollowerState.java:118)
2022-03-09 17:23:14,759 [grpc-default-executor-1] INFO  server.RaftServer$Division (RaftServerImpl.java:requestVote(1078)) - 352514d3-16e8-44e7-9f6c-25a5b2684069@group-D5F1EC85B8FD replies to ELECTION vote request: 8d38cd26-4da6-46a4-aba6-9da1aef73967<-352514d3-16e8-44e7-9f6c-25a5b2684069#0:FAIL-t2. Peer's state: 352514d3-16e8-44e7-9f6c-25a5b2684069@group-D5F1EC85B8FD:t2, leader=null, voted=null, raftlog=352514d3-16e8-44e7-9f6c-25a5b2684069@group-D5F1EC85B8FD-SegmentedRaftLog:OPENED:c-1, conf=-1: [8d38cd26-4da6-46a4-aba6-9da1aef73967|rpc:127.0.0.1:43435|dataStream:|priority:0, 352514d3-16e8-44e7-9f6c-25a5b2684069|rpc:127.0.0.1:37197|dataStream:|priority:1, 9cf3ac85-5088-4438-9438-d8e46945dabb|rpc:127.0.0.1:38217|dataStream:|priority:0], old=null
2022-03-09 17:23:14,778 [9cf3ac85-5088-4438-9438-d8e46945dabb@group-D5F1EC85B8FD-LeaderElection23] INFO  impl.LeaderElection (LeaderElection.java:logAndReturn(89)) - 9cf3ac85-5088-4438-9438-d8e46945dabb@group-D5F1EC85B8FD-LeaderElection23: ELECTION REJECTED received 2 response(s) and 0 exception(s):
2022-03-09 17:23:14,779 [9cf3ac85-5088-4438-9438-d8e46945dabb@group-D5F1EC85B8FD-LeaderElection23] INFO  impl.LeaderElection (LeaderElection.java:logAndReturn(93)) -   Response 0: 9cf3ac85-5088-4438-9438-d8e46945dabb<-8d38cd26-4da6-46a4-aba6-9da1aef73967#0:FAIL-t2
2022-03-09 17:23:14,779 [9cf3ac85-5088-4438-9438-d8e46945dabb@group-D5F1EC85B8FD-LeaderElection23] INFO  impl.LeaderElection (LeaderElection.java:logAndReturn(93)) -   Response 1: 9cf3ac85-5088-4438-9438-d8e46945dabb<-352514d3-16e8-44e7-9f6c-25a5b2684069#0:FAIL-t2
2022-03-09 17:23:14,779 [9cf3ac85-5088-4438-9438-d8e46945dabb@group-D5F1EC85B8FD-LeaderElection23] INFO  impl.LeaderElection (LeaderElection.java:askForVotes(308)) - 9cf3ac85-5088-4438-9438-d8e46945dabb@group-D5F1EC85B8FD-LeaderElection23 ELECTION round 0: result REJECTED
2022-03-09 17:23:14,779 [9cf3ac85-5088-4438-9438-d8e46945dabb@group-D5F1EC85B8FD-LeaderElection23] INFO  server.RaftServer$Division (RaftServerImpl.java:setRole(290)) - 9cf3ac85-5088-4438-9438-d8e46945dabb@group-D5F1EC85B8FD: changes role from CANDIDATE to FOLLOWER at term 2 for REJECTED
2022-03-09 17:23:14,779 [9cf3ac85-5088-4438-9438-d8e46945dabb@group-D5F1EC85B8FD-LeaderElection23] INFO  impl.RoleInfo (RoleInfo.java:shutdownLeaderElection(121)) - 9cf3ac85-5088-4438-9438-d8e46945dabb: shutdown 9cf3ac85-5088-4438-9438-d8e46945dabb@group-D5F1EC85B8FD-LeaderElection23
2022-03-09 17:23:14,785 [9cf3ac85-5088-4438-9438-d8e46945dabb@group-D5F1EC85B8FD-LeaderElection23] INFO  impl.RoleInfo (RoleInfo.java:updateAndGet(130)) - 9cf3ac85-5088-4438-9438-d8e46945dabb: start 9cf3ac85-5088-4438-9438-d8e46945dabb@group-D5F1EC85B8FD-FollowerState
2022-03-09 17:23:14,798 [8d38cd26-4da6-46a4-aba6-9da1aef73967@group-D5F1EC85B8FD-LeaderElection24] INFO  impl.LeaderElection (LeaderElection.java:logAndReturn(89)) - 8d38cd26-4da6-46a4-aba6-9da1aef73967@group-D5F1EC85B8FD-LeaderElection24: ELECTION REJECTED received 2 response(s) and 0 exception(s):
2022-03-09 17:23:14,798 [8d38cd26-4da6-46a4-aba6-9da1aef73967@group-D5F1EC85B8FD-LeaderElection24] INFO  impl.LeaderElection (LeaderElection.java:logAndReturn(93)) -   Response 0: 8d38cd26-4da6-46a4-aba6-9da1aef73967<-352514d3-16e8-44e7-9f6c-25a5b2684069#0:FAIL-t2
2022-03-09 17:23:14,798 [8d38cd26-4da6-46a4-aba6-9da1aef73967@group-D5F1EC85B8FD-LeaderElection24] INFO  impl.LeaderElection (LeaderElection.java:logAndReturn(93)) -   Response 1: 8d38cd26-4da6-46a4-aba6-9da1aef73967<-9cf3ac85-5088-4438-9438-d8e46945dabb#0:FAIL-t2
2022-03-09 17:23:14,798 [8d38cd26-4da6-46a4-aba6-9da1aef73967@group-D5F1EC85B8FD-LeaderElection24] INFO  impl.LeaderElection (LeaderElection.java:askForVotes(308)) - 8d38cd26-4da6-46a4-aba6-9da1aef73967@group-D5F1EC85B8FD-LeaderElection24 ELECTION round 0: result REJECTED
2022-03-09 17:23:14,798 [8d38cd26-4da6-46a4-aba6-9da1aef73967@group-D5F1EC85B8FD-LeaderElection24] INFO  server.RaftServer$Division (RaftServerImpl.java:setRole(290)) - 8d38cd26-4da6-46a4-aba6-9da1aef73967@group-D5F1EC85B8FD: changes role from CANDIDATE to FOLLOWER at term 2 for REJECTED
2022-03-09 17:23:14,798 [8d38cd26-4da6-46a4-aba6-9da1aef73967@group-D5F1EC85B8FD-LeaderElection24] INFO  impl.RoleInfo (RoleInfo.java:shutdownLeaderElection(121)) - 8d38cd26-4da6-46a4-aba6-9da1aef73967: shutdown 8d38cd26-4da6-46a4-aba6-9da1aef73967@group-D5F1EC85B8FD-LeaderElection24
2022-03-09 17:23:14,798 [8d38cd26-4da6-46a4-aba6-9da1aef73967@group-D5F1EC85B8FD-LeaderElection24] INFO  impl.RoleInfo (RoleInfo.java:updateAndGet(130)) - 8d38cd26-4da6-46a4-aba6-9da1aef73967: start 8d38cd26-4da6-46a4-aba6-9da1aef73967@group-D5F1EC85B8FD-FollowerState
2022-03-09 17:23:15,028 [352514d3-16e8-44e7-9f6c-25a5b2684069@group-F4C19FBCF0D5-FollowerState] INFO  impl.FollowerState (FollowerState.java:run(134)) - 352514d3-16e8-44e7-9f6c-25a5b2684069@group-F4C19FBCF0D5-FollowerState: change to CANDIDATE, lastRpcElapsedTime:5178007678ns, electionTimeout:5177ms
2022-03-09 17:23:15,028 [352514d3-16e8-44e7-9f6c-25a5b2684069@group-F4C19FBCF0D5-FollowerState] INFO  impl.RoleInfo (RoleInfo.java:shutdownFollowerState(108)) - 352514d3-16e8-44e7-9f6c-25a5b2684069: shutdown 352514d3-16e8-44e7-9f6c-25a5b2684069@group-F4C19FBCF0D5-FollowerState
2022-03-09 17:23:15,028 [352514d3-16e8-44e7-9f6c-25a5b2684069@group-F4C19FBCF0D5-FollowerState] INFO  server.RaftServer$Division (RaftServerImpl.java:setRole(290)) - 352514d3-16e8-44e7-9f6c-25a5b2684069@group-F4C19FBCF0D5: changes role from  FOLLOWER to CANDIDATE at term 1 for changeToCandidate
2022-03-09 17:23:15,028 [352514d3-16e8-44e7-9f6c-25a5b2684069@group-F4C19FBCF0D5-FollowerState] INFO  server.RaftServerConfigKeys (ConfUtils.java:logGet(44)) - raft.server.leaderelection.pre-vote = false (custom)
2022-03-09 17:23:15,028 [352514d3-16e8-44e7-9f6c-25a5b2684069@group-F4C19FBCF0D5-FollowerState] INFO  impl.RoleInfo (RoleInfo.java:updateAndGet(130)) - 352514d3-16e8-44e7-9f6c-25a5b2684069: start 352514d3-16e8-44e7-9f6c-25a5b2684069@group-F4C19FBCF0D5-LeaderElection26
2022-03-09 17:23:15,036 [352514d3-16e8-44e7-9f6c-25a5b2684069@group-F4C19FBCF0D5-LeaderElection26] INFO  impl.LeaderElection (LeaderElection.java:askForVotes(306)) - 352514d3-16e8-44e7-9f6c-25a5b2684069@group-F4C19FBCF0D5-LeaderElection26 ELECTION round 0: submit vote requests at term 2 for -1: [8d38cd26-4da6-46a4-aba6-9da1aef73967|rpc:127.0.0.1:43435|dataStream:|priority:0, 352514d3-16e8-44e7-9f6c-25a5b2684069|rpc:127.0.0.1:37197|dataStream:|priority:0, 9cf3ac85-5088-4438-9438-d8e46945dabb|rpc:127.0.0.1:38217|dataStream:|priority:1], old=null
2022-03-09 17:23:15,041 [9cf3ac85-5088-4438-9438-d8e46945dabb@group-F4C19FBCF0D5-FollowerState] INFO  impl.FollowerState (FollowerState.java:run(134)) - 9cf3ac85-5088-4438-9438-d8e46945dabb@group-F4C19FBCF0D5-FollowerState: change to CANDIDATE, lastRpcElapsedTime:5188204720ns, electionTimeout:5182ms
2022-03-09 17:23:15,041 [9cf3ac85-5088-4438-9438-d8e46945dabb@group-F4C19FBCF0D5-FollowerState] INFO  impl.RoleInfo (RoleInfo.java:shutdownFollowerState(108)) - 9cf3ac85-5088-4438-9438-d8e46945dabb: shutdown 9cf3ac85-5088-4438-9438-d8e46945dabb@group-F4C19FBCF0D5-FollowerState
2022-03-09 17:23:15,041 [9cf3ac85-5088-4438-9438-d8e46945dabb@group-F4C19FBCF0D5-FollowerState] INFO  server.RaftServer$Division (RaftServerImpl.java:setRole(290)) - 9cf3ac85-5088-4438-9438-d8e46945dabb@group-F4C19FBCF0D5: changes role from  FOLLOWER to CANDIDATE at term 1 for changeToCandidate
2022-03-09 17:23:15,052 [9cf3ac85-5088-4438-9438-d8e46945dabb@group-F4C19FBCF0D5-FollowerState] INFO  server.RaftServerConfigKeys (ConfUtils.java:logGet(44)) - raft.server.leaderelection.pre-vote = false (custom)
2022-03-09 17:23:15,052 [9cf3ac85-5088-4438-9438-d8e46945dabb@group-F4C19FBCF0D5-FollowerState] INFO  impl.RoleInfo (RoleInfo.java:updateAndGet(130)) - 9cf3ac85-5088-4438-9438-d8e46945dabb: start 9cf3ac85-5088-4438-9438-d8e46945dabb@group-F4C19FBCF0D5-LeaderElection27
2022-03-09 17:23:15,052 [grpc-default-executor-1] INFO  server.RaftServer$Division (RaftServerImpl.java:requestVote(1046)) - 8d38cd26-4da6-46a4-aba6-9da1aef73967@group-F4C19FBCF0D5: receive requestVote(ELECTION, 352514d3-16e8-44e7-9f6c-25a5b2684069, group-F4C19FBCF0D5, 2, (t:0, i:0))
2022-03-09 17:23:15,052 [grpc-default-executor-1] INFO  impl.VoteContext (VoteContext.java:log(48)) - 8d38cd26-4da6-46a4-aba6-9da1aef73967@group-F4C19FBCF0D5-FOLLOWER: accept ELECTION from 352514d3-16e8-44e7-9f6c-25a5b2684069: our priority 0 <= candidate's priority 0
2022-03-09 17:23:15,052 [grpc-default-executor-1] INFO  server.RaftServer$Division (RaftServerImpl.java:setRole(290)) - 8d38cd26-4da6-46a4-aba6-9da1aef73967@group-F4C19FBCF0D5: changes role from  FOLLOWER to FOLLOWER at term 2 for candidate:352514d3-16e8-44e7-9f6c-25a5b2684069
2022-03-09 17:23:15,052 [grpc-default-executor-1] INFO  impl.RoleInfo (RoleInfo.java:shutdownFollowerState(108)) - 8d38cd26-4da6-46a4-aba6-9da1aef73967: shutdown 8d38cd26-4da6-46a4-aba6-9da1aef73967@group-F4C19FBCF0D5-FollowerState
2022-03-09 17:23:15,060 [8d38cd26-4da6-46a4-aba6-9da1aef73967@group-F4C19FBCF0D5-FollowerState] INFO  impl.FollowerState (FollowerState.java:run(143)) - 8d38cd26-4da6-46a4-aba6-9da1aef73967@group-F4C19FBCF0D5-FollowerState was interrupted: {}
java.lang.InterruptedException: sleep interrupted
	at java.lang.Thread.sleep(Native Method)
	at java.lang.Thread.sleep(Thread.java:342)
	at java.util.concurrent.TimeUnit.sleep(TimeUnit.java:386)
	at org.apache.ratis.util.TimeDuration.sleep(TimeDuration.java:324)
	at org.apache.ratis.util.TimeDuration.sleep(TimeDuration.java:309)
	at org.apache.ratis.server.impl.FollowerState.run(FollowerState.java:118)
2022-03-09 17:23:15,060 [grpc-default-executor-1] INFO  impl.RoleInfo (RoleInfo.java:updateAndGet(130)) - 8d38cd26-4da6-46a4-aba6-9da1aef73967: start 8d38cd26-4da6-46a4-aba6-9da1aef73967@group-F4C19FBCF0D5-FollowerState
2022-03-09 17:23:15,072 [9cf3ac85-5088-4438-9438-d8e46945dabb@group-F4C19FBCF0D5-LeaderElection27] INFO  impl.LeaderElection (LeaderElection.java:askForVotes(306)) - 9cf3ac85-5088-4438-9438-d8e46945dabb@group-F4C19FBCF0D5-LeaderElection27 ELECTION round 0: submit vote requests at term 2 for -1: [8d38cd26-4da6-46a4-aba6-9da1aef73967|rpc:127.0.0.1:43435|priority:0, 352514d3-16e8-44e7-9f6c-25a5b2684069|rpc:127.0.0.1:37197|priority:0, 9cf3ac85-5088-4438-9438-d8e46945dabb|rpc:127.0.0.1:38217|priority:1], old=null
2022-03-09 17:23:15,096 [grpc-default-executor-0] INFO  server.RaftServer$Division (RaftServerImpl.java:requestVote(1046)) - 9cf3ac85-5088-4438-9438-d8e46945dabb@group-F4C19FBCF0D5: receive requestVote(ELECTION, 352514d3-16e8-44e7-9f6c-25a5b2684069, group-F4C19FBCF0D5, 2, (t:0, i:0))
2022-03-09 17:23:15,096 [grpc-default-executor-0] INFO  impl.VoteContext (VoteContext.java:log(48)) - 9cf3ac85-5088-4438-9438-d8e46945dabb@group-F4C19FBCF0D5-CANDIDATE: reject ELECTION from 352514d3-16e8-44e7-9f6c-25a5b2684069: already has voted for 9cf3ac85-5088-4438-9438-d8e46945dabb at current term 2
2022-03-09 17:23:15,096 [grpc-default-executor-0] INFO  server.RaftServer$Division (RaftServerImpl.java:requestVote(1078)) - 9cf3ac85-5088-4438-9438-d8e46945dabb@group-F4C19FBCF0D5 replies to ELECTION vote request: 352514d3-16e8-44e7-9f6c-25a5b2684069<-9cf3ac85-5088-4438-9438-d8e46945dabb#0:FAIL-t2. Peer's state: 9cf3ac85-5088-4438-9438-d8e46945dabb@group-F4C19FBCF0D5:t2, leader=null, voted=9cf3ac85-5088-4438-9438-d8e46945dabb, raftlog=9cf3ac85-5088-4438-9438-d8e46945dabb@group-F4C19FBCF0D5-SegmentedRaftLog:OPENED:c-1, conf=-1: [8d38cd26-4da6-46a4-aba6-9da1aef73967|rpc:127.0.0.1:43435|priority:0, 352514d3-16e8-44e7-9f6c-25a5b2684069|rpc:127.0.0.1:37197|priority:0, 9cf3ac85-5088-4438-9438-d8e46945dabb|rpc:127.0.0.1:38217|priority:1], old=null
2022-03-09 17:23:15,098 [352514d3-16e8-44e7-9f6c-25a5b2684069@group-F4C19FBCF0D5-LeaderElection26] INFO  impl.LeaderElection (LeaderElection.java:logAndReturn(89)) - 352514d3-16e8-44e7-9f6c-25a5b2684069@group-F4C19FBCF0D5-LeaderElection26: ELECTION REJECTED received 1 response(s) and 0 exception(s):
2022-03-09 17:23:15,098 [352514d3-16e8-44e7-9f6c-25a5b2684069@group-F4C19FBCF0D5-LeaderElection26] INFO  impl.LeaderElection (LeaderElection.java:logAndReturn(93)) -   Response 0: 352514d3-16e8-44e7-9f6c-25a5b2684069<-9cf3ac85-5088-4438-9438-d8e46945dabb#0:FAIL-t2
2022-03-09 17:23:15,098 [352514d3-16e8-44e7-9f6c-25a5b2684069@group-F4C19FBCF0D5-LeaderElection26] INFO  impl.LeaderElection (LeaderElection.java:askForVotes(308)) - 352514d3-16e8-44e7-9f6c-25a5b2684069@group-F4C19FBCF0D5-LeaderElection26 ELECTION round 0: result REJECTED
2022-03-09 17:23:15,098 [352514d3-16e8-44e7-9f6c-25a5b2684069@group-F4C19FBCF0D5-LeaderElection26] INFO  server.RaftServer$Division (RaftServerImpl.java:setRole(290)) - 352514d3-16e8-44e7-9f6c-25a5b2684069@group-F4C19FBCF0D5: changes role from CANDIDATE to FOLLOWER at term 2 for REJECTED
2022-03-09 17:23:15,098 [352514d3-16e8-44e7-9f6c-25a5b2684069@group-F4C19FBCF0D5-LeaderElection26] INFO  impl.RoleInfo (RoleInfo.java:shutdownLeaderElection(121)) - 352514d3-16e8-44e7-9f6c-25a5b2684069: shutdown 352514d3-16e8-44e7-9f6c-25a5b2684069@group-F4C19FBCF0D5-LeaderElection26
2022-03-09 17:23:15,099 [352514d3-16e8-44e7-9f6c-25a5b2684069@group-F4C19FBCF0D5-LeaderElection26] INFO  impl.RoleInfo (RoleInfo.java:updateAndGet(130)) - 352514d3-16e8-44e7-9f6c-25a5b2684069: start 352514d3-16e8-44e7-9f6c-25a5b2684069@group-F4C19FBCF0D5-FollowerState
2022-03-09 17:23:15,099 [grpc-default-executor-1] INFO  server.RaftServer$Division (RaftServerImpl.java:requestVote(1078)) - 8d38cd26-4da6-46a4-aba6-9da1aef73967@group-F4C19FBCF0D5 replies to ELECTION vote request: 352514d3-16e8-44e7-9f6c-25a5b2684069<-8d38cd26-4da6-46a4-aba6-9da1aef73967#0:OK-t2. Peer's state: 8d38cd26-4da6-46a4-aba6-9da1aef73967@group-F4C19FBCF0D5:t2, leader=null, voted=352514d3-16e8-44e7-9f6c-25a5b2684069, raftlog=8d38cd26-4da6-46a4-aba6-9da1aef73967@group-F4C19FBCF0D5-SegmentedRaftLog:OPENED:c-1, conf=-1: [8d38cd26-4da6-46a4-aba6-9da1aef73967|rpc:127.0.0.1:43435|dataStream:|priority:0, 352514d3-16e8-44e7-9f6c-25a5b2684069|rpc:127.0.0.1:37197|dataStream:|priority:0, 9cf3ac85-5088-4438-9438-d8e46945dabb|rpc:127.0.0.1:38217|dataStream:|priority:1], old=null
2022-03-09 17:23:15,105 [grpc-default-executor-0] INFO  server.RaftServer$Division (RaftServerImpl.java:requestVote(1046)) - 8d38cd26-4da6-46a4-aba6-9da1aef73967@group-F4C19FBCF0D5: receive requestVote(ELECTION, 9cf3ac85-5088-4438-9438-d8e46945dabb, group-F4C19FBCF0D5, 2, (t:0, i:0))
2022-03-09 17:23:15,105 [grpc-default-executor-0] INFO  impl.VoteContext (VoteContext.java:log(48)) - 8d38cd26-4da6-46a4-aba6-9da1aef73967@group-F4C19FBCF0D5-FOLLOWER: reject ELECTION from 9cf3ac85-5088-4438-9438-d8e46945dabb: already has voted for 352514d3-16e8-44e7-9f6c-25a5b2684069 at current term 2
2022-03-09 17:23:15,105 [grpc-default-executor-0] INFO  server.RaftServer$Division (RaftServerImpl.java:requestVote(1078)) - 8d38cd26-4da6-46a4-aba6-9da1aef73967@group-F4C19FBCF0D5 replies to ELECTION vote request: 9cf3ac85-5088-4438-9438-d8e46945dabb<-8d38cd26-4da6-46a4-aba6-9da1aef73967#0:FAIL-t2. Peer's state: 8d38cd26-4da6-46a4-aba6-9da1aef73967@group-F4C19FBCF0D5:t2, leader=null, voted=352514d3-16e8-44e7-9f6c-25a5b2684069, raftlog=8d38cd26-4da6-46a4-aba6-9da1aef73967@group-F4C19FBCF0D5-SegmentedRaftLog:OPENED:c-1, conf=-1: [8d38cd26-4da6-46a4-aba6-9da1aef73967|rpc:127.0.0.1:43435|dataStream:|priority:0, 352514d3-16e8-44e7-9f6c-25a5b2684069|rpc:127.0.0.1:37197|dataStream:|priority:0, 9cf3ac85-5088-4438-9438-d8e46945dabb|rpc:127.0.0.1:38217|dataStream:|priority:1], old=null
2022-03-09 17:23:15,111 [grpc-default-executor-1] INFO  server.RaftServer$Division (RaftServerImpl.java:requestVote(1046)) - 352514d3-16e8-44e7-9f6c-25a5b2684069@group-F4C19FBCF0D5: receive requestVote(ELECTION, 9cf3ac85-5088-4438-9438-d8e46945dabb, group-F4C19FBCF0D5, 2, (t:0, i:0))
2022-03-09 17:23:15,111 [Listener at 127.0.0.1/45999] INFO  ozone.MiniOzoneClusterImpl (MiniOzoneClusterImpl.java:lambda$waitForClusterToBeReady$0(219)) - Nodes are ready. Got 3 of 3 DN Heartbeats.
2022-03-09 17:23:15,112 [Listener at 127.0.0.1/45999] INFO  ozone.MiniOzoneClusterImpl (MiniOzoneClusterImpl.java:lambda$waitForClusterToBeReady$0(222)) - Waiting for cluster to exit safe mode
2022-03-09 17:23:15,112 [Listener at 127.0.0.1/45999] INFO  ozone.MiniOzoneClusterImpl (MiniOzoneClusterImpl.java:lambda$waitForClusterToBeReady$0(224)) - SCM became leader
2022-03-09 17:23:15,111 [grpc-default-executor-1] INFO  impl.VoteContext (VoteContext.java:log(48)) - 352514d3-16e8-44e7-9f6c-25a5b2684069@group-F4C19FBCF0D5-FOLLOWER: reject ELECTION from 9cf3ac85-5088-4438-9438-d8e46945dabb: already has voted for 352514d3-16e8-44e7-9f6c-25a5b2684069 at current term 2
2022-03-09 17:23:15,113 [grpc-default-executor-1] INFO  server.RaftServer$Division (RaftServerImpl.java:requestVote(1078)) - 352514d3-16e8-44e7-9f6c-25a5b2684069@group-F4C19FBCF0D5 replies to ELECTION vote request: 9cf3ac85-5088-4438-9438-d8e46945dabb<-352514d3-16e8-44e7-9f6c-25a5b2684069#0:FAIL-t2. Peer's state: 352514d3-16e8-44e7-9f6c-25a5b2684069@group-F4C19FBCF0D5:t2, leader=null, voted=352514d3-16e8-44e7-9f6c-25a5b2684069, raftlog=352514d3-16e8-44e7-9f6c-25a5b2684069@group-F4C19FBCF0D5-SegmentedRaftLog:OPENED:c-1, conf=-1: [8d38cd26-4da6-46a4-aba6-9da1aef73967|rpc:127.0.0.1:43435|dataStream:|priority:0, 352514d3-16e8-44e7-9f6c-25a5b2684069|rpc:127.0.0.1:37197|dataStream:|priority:0, 9cf3ac85-5088-4438-9438-d8e46945dabb|rpc:127.0.0.1:38217|dataStream:|priority:1], old=null
2022-03-09 17:23:15,123 [9cf3ac85-5088-4438-9438-d8e46945dabb@group-F4C19FBCF0D5-LeaderElection27] INFO  impl.LeaderElection (LeaderElection.java:logAndReturn(89)) - 9cf3ac85-5088-4438-9438-d8e46945dabb@group-F4C19FBCF0D5-LeaderElection27: ELECTION REJECTED received 2 response(s) and 0 exception(s):
2022-03-09 17:23:15,123 [9cf3ac85-5088-4438-9438-d8e46945dabb@group-F4C19FBCF0D5-LeaderElection27] INFO  impl.LeaderElection (LeaderElection.java:logAndReturn(93)) -   Response 0: 9cf3ac85-5088-4438-9438-d8e46945dabb<-8d38cd26-4da6-46a4-aba6-9da1aef73967#0:FAIL-t2
2022-03-09 17:23:15,123 [9cf3ac85-5088-4438-9438-d8e46945dabb@group-F4C19FBCF0D5-LeaderElection27] INFO  impl.LeaderElection (LeaderElection.java:logAndReturn(93)) -   Response 1: 9cf3ac85-5088-4438-9438-d8e46945dabb<-352514d3-16e8-44e7-9f6c-25a5b2684069#0:FAIL-t2
2022-03-09 17:23:15,123 [9cf3ac85-5088-4438-9438-d8e46945dabb@group-F4C19FBCF0D5-LeaderElection27] INFO  impl.LeaderElection (LeaderElection.java:askForVotes(308)) - 9cf3ac85-5088-4438-9438-d8e46945dabb@group-F4C19FBCF0D5-LeaderElection27 ELECTION round 0: result REJECTED
2022-03-09 17:23:15,123 [9cf3ac85-5088-4438-9438-d8e46945dabb@group-F4C19FBCF0D5-LeaderElection27] INFO  server.RaftServer$Division (RaftServerImpl.java:setRole(290)) - 9cf3ac85-5088-4438-9438-d8e46945dabb@group-F4C19FBCF0D5: changes role from CANDIDATE to FOLLOWER at term 2 for REJECTED
2022-03-09 17:23:15,123 [9cf3ac85-5088-4438-9438-d8e46945dabb@group-F4C19FBCF0D5-LeaderElection27] INFO  impl.RoleInfo (RoleInfo.java:shutdownLeaderElection(121)) - 9cf3ac85-5088-4438-9438-d8e46945dabb: shutdown 9cf3ac85-5088-4438-9438-d8e46945dabb@group-F4C19FBCF0D5-LeaderElection27
2022-03-09 17:23:15,123 [9cf3ac85-5088-4438-9438-d8e46945dabb@group-F4C19FBCF0D5-LeaderElection27] INFO  impl.RoleInfo (RoleInfo.java:updateAndGet(130)) - 9cf3ac85-5088-4438-9438-d8e46945dabb: start 9cf3ac85-5088-4438-9438-d8e46945dabb@group-F4C19FBCF0D5-FollowerState
2022-03-09 17:23:15,301 [Datanode State Machine Daemon Thread] ERROR datanode.RunningDatanodeState (RunningDatanodeState.java:computeNextContainerState(201)) - Error in executing end point task.
java.util.concurrent.ExecutionException: java.util.concurrent.TimeoutException
	at java.util.concurrent.FutureTask.report(FutureTask.java:122)
	at java.util.concurrent.FutureTask.get(FutureTask.java:192)
	at org.apache.hadoop.ozone.container.common.states.datanode.RunningDatanodeState.computeNextContainerState(RunningDatanodeState.java:193)
	at org.apache.hadoop.ozone.container.common.states.datanode.RunningDatanodeState.await(RunningDatanodeState.java:233)
	at org.apache.hadoop.ozone.container.common.states.datanode.RunningDatanodeState.await(RunningDatanodeState.java:50)
	at org.apache.hadoop.ozone.container.common.statemachine.StateContext.execute(StateContext.java:658)
	at org.apache.hadoop.ozone.container.common.statemachine.DatanodeStateMachine.startStateMachineThread(DatanodeStateMachine.java:283)
	at org.apache.hadoop.ozone.container.common.statemachine.DatanodeStateMachine.lambda$startDaemon$0(DatanodeStateMachine.java:471)
	at java.lang.Thread.run(Thread.java:750)
Caused by: java.util.concurrent.TimeoutException
	at java.util.concurrent.FutureTask.get(FutureTask.java:205)
	at org.apache.hadoop.ozone.container.common.states.datanode.RunningDatanodeState.lambda$execute$0(RunningDatanodeState.java:151)
	at java.util.concurrent.FutureTask.run(FutureTask.java:266)
	at java.util.concurrent.Executors$RunnableAdapter.call(Executors.java:511)
	at java.util.concurrent.FutureTask.run(FutureTask.java:266)
	at java.util.concurrent.ThreadPoolExecutor.runWorker(ThreadPoolExecutor.java:1149)
	at java.util.concurrent.ThreadPoolExecutor$Worker.run(ThreadPoolExecutor.java:624)
	... 1 more
2022-03-09 17:23:15,463 [EndpointStateMachine task thread for /127.0.0.1:40365 - 0 ] INFO  ipc.Client (Client.java:handleConnectionFailure(977)) - Retrying connect to server: localhost/127.0.0.1:40365. Already tried 13 time(s); retry policy is RetryUpToMaximumCountWithFixedSleep(maxRetries=15, sleepTime=1000 MILLISECONDS)
2022-03-09 17:23:15,485 [EndpointStateMachine task thread for /127.0.0.1:38239 - 0 ] INFO  ipc.Client (Client.java:handleConnectionFailure(977)) - Retrying connect to server: localhost/127.0.0.1:38239. Already tried 13 time(s); retry policy is RetryUpToMaximumCountWithFixedSleep(maxRetries=15, sleepTime=1000 MILLISECONDS)
2022-03-09 17:23:15,501 [EndpointStateMachine task thread for /127.0.0.1:45657 - 0 ] INFO  ipc.Client (Client.java:handleConnectionFailure(977)) - Retrying connect to server: localhost/127.0.0.1:45657. Already tried 13 time(s); retry policy is RetryUpToMaximumCountWithFixedSleep(maxRetries=15, sleepTime=1000 MILLISECONDS)
2022-03-09 17:23:16,112 [Listener at 127.0.0.1/45999] INFO  ozone.MiniOzoneClusterImpl (MiniOzoneClusterImpl.java:lambda$waitForClusterToBeReady$0(219)) - Nodes are ready. Got 3 of 3 DN Heartbeats.
2022-03-09 17:23:16,112 [Listener at 127.0.0.1/45999] INFO  ozone.MiniOzoneClusterImpl (MiniOzoneClusterImpl.java:lambda$waitForClusterToBeReady$0(222)) - Waiting for cluster to exit safe mode
2022-03-09 17:23:16,112 [Listener at 127.0.0.1/45999] INFO  ozone.MiniOzoneClusterImpl (MiniOzoneClusterImpl.java:lambda$waitForClusterToBeReady$0(224)) - SCM became leader
2022-03-09 17:23:16,316 [Datanode State Machine Daemon Thread] ERROR datanode.RunningDatanodeState (RunningDatanodeState.java:computeNextContainerState(201)) - Error in executing end point task.
java.util.concurrent.ExecutionException: java.util.concurrent.TimeoutException
	at java.util.concurrent.FutureTask.report(FutureTask.java:122)
	at java.util.concurrent.FutureTask.get(FutureTask.java:192)
	at org.apache.hadoop.ozone.container.common.states.datanode.RunningDatanodeState.computeNextContainerState(RunningDatanodeState.java:193)
	at org.apache.hadoop.ozone.container.common.states.datanode.RunningDatanodeState.await(RunningDatanodeState.java:233)
	at org.apache.hadoop.ozone.container.common.states.datanode.RunningDatanodeState.await(RunningDatanodeState.java:50)
	at org.apache.hadoop.ozone.container.common.statemachine.StateContext.execute(StateContext.java:658)
	at org.apache.hadoop.ozone.container.common.statemachine.DatanodeStateMachine.startStateMachineThread(DatanodeStateMachine.java:283)
	at org.apache.hadoop.ozone.container.common.statemachine.DatanodeStateMachine.lambda$startDaemon$0(DatanodeStateMachine.java:471)
	at java.lang.Thread.run(Thread.java:750)
Caused by: java.util.concurrent.TimeoutException
	at java.util.concurrent.FutureTask.get(FutureTask.java:205)
	at org.apache.hadoop.ozone.container.common.states.datanode.RunningDatanodeState.lambda$execute$0(RunningDatanodeState.java:151)
	at java.util.concurrent.FutureTask.run(FutureTask.java:266)
	at java.util.concurrent.Executors$RunnableAdapter.call(Executors.java:511)
	at java.util.concurrent.FutureTask.run(FutureTask.java:266)
	at java.util.concurrent.ThreadPoolExecutor.runWorker(ThreadPoolExecutor.java:1149)
	at java.util.concurrent.ThreadPoolExecutor$Worker.run(ThreadPoolExecutor.java:624)
	... 1 more
2022-03-09 17:23:16,464 [EndpointStateMachine task thread for /127.0.0.1:40365 - 0 ] INFO  ipc.Client (Client.java:handleConnectionFailure(977)) - Retrying connect to server: localhost/127.0.0.1:40365. Already tried 14 time(s); retry policy is RetryUpToMaximumCountWithFixedSleep(maxRetries=15, sleepTime=1000 MILLISECONDS)
2022-03-09 17:23:16,464 [EndpointStateMachine task thread for /127.0.0.1:40365 - 0 ] WARN  statemachine.EndpointStateMachine (EndpointStateMachine.java:logIfNeeded(236)) - Unable to communicate to SCM server at localhost:40365 for past 0 seconds.
java.net.ConnectException: Call From fv-az148-759/10.1.0.51 to localhost:40365 failed on connection exception: java.net.ConnectException: Connection refused; For more details see:  http://wiki.apache.org/hadoop/ConnectionRefused
	at sun.reflect.NativeConstructorAccessorImpl.newInstance0(Native Method)
	at sun.reflect.NativeConstructorAccessorImpl.newInstance(NativeConstructorAccessorImpl.java:62)
	at sun.reflect.DelegatingConstructorAccessorImpl.newInstance(DelegatingConstructorAccessorImpl.java:45)
	at java.lang.reflect.Constructor.newInstance(Constructor.java:423)
	at org.apache.hadoop.net.NetUtils.wrapWithMessage(NetUtils.java:913)
	at org.apache.hadoop.net.NetUtils.wrapException(NetUtils.java:828)
	at org.apache.hadoop.ipc.Client.getRpcResponse(Client.java:1577)
	at org.apache.hadoop.ipc.Client.call(Client.java:1519)
	at org.apache.hadoop.ipc.Client.call(Client.java:1416)
	at org.apache.hadoop.ipc.ProtobufRpcEngine$Invoker.invoke(ProtobufRpcEngine.java:236)
	at org.apache.hadoop.ipc.ProtobufRpcEngine$Invoker.invoke(ProtobufRpcEngine.java:123)
	at com.sun.proxy.$Proxy48.submitRequest(Unknown Source)
	at org.apache.hadoop.ozone.protocolPB.StorageContainerDatanodeProtocolClientSideTranslatorPB.submitRequest(StorageContainerDatanodeProtocolClientSideTranslatorPB.java:117)
	at org.apache.hadoop.ozone.protocolPB.StorageContainerDatanodeProtocolClientSideTranslatorPB.register(StorageContainerDatanodeProtocolClientSideTranslatorPB.java:180)
	at org.apache.hadoop.ozone.container.common.states.endpoint.RegisterEndpointTask.call(RegisterEndpointTask.java:158)
	at org.apache.hadoop.ozone.container.common.states.endpoint.RegisterEndpointTask.call(RegisterEndpointTask.java:52)
	at java.util.concurrent.FutureTask.run(FutureTask.java:266)
	at java.util.concurrent.ThreadPoolExecutor.runWorker(ThreadPoolExecutor.java:1149)
	at java.util.concurrent.ThreadPoolExecutor$Worker.run(ThreadPoolExecutor.java:624)
	at java.lang.Thread.run(Thread.java:750)
Caused by: java.net.ConnectException: Connection refused
	at sun.nio.ch.SocketChannelImpl.checkConnect(Native Method)
	at sun.nio.ch.SocketChannelImpl.finishConnect(SocketChannelImpl.java:716)
	at org.apache.hadoop.net.SocketIOWithTimeout.connect(SocketIOWithTimeout.java:206)
	at org.apache.hadoop.net.NetUtils.connect(NetUtils.java:586)
	at org.apache.hadoop.ipc.Client$Connection.setupConnection(Client.java:701)
	at org.apache.hadoop.ipc.Client$Connection.setupIOstreams(Client.java:822)
	at org.apache.hadoop.ipc.Client$Connection.access$3800(Client.java:414)
	at org.apache.hadoop.ipc.Client.getConnection(Client.java:1647)
	at org.apache.hadoop.ipc.Client.call(Client.java:1463)
	... 12 more
2022-03-09 17:23:16,485 [EndpointStateMachine task thread for /127.0.0.1:38239 - 0 ] INFO  ipc.Client (Client.java:handleConnectionFailure(977)) - Retrying connect to server: localhost/127.0.0.1:38239. Already tried 14 time(s); retry policy is RetryUpToMaximumCountWithFixedSleep(maxRetries=15, sleepTime=1000 MILLISECONDS)
2022-03-09 17:23:16,486 [EndpointStateMachine task thread for /127.0.0.1:38239 - 0 ] WARN  statemachine.EndpointStateMachine (EndpointStateMachine.java:logIfNeeded(236)) - Unable to communicate to SCM server at localhost:38239 for past 0 seconds.
java.net.ConnectException: Call From fv-az148-759/10.1.0.51 to localhost:38239 failed on connection exception: java.net.ConnectException: Connection refused; For more details see:  http://wiki.apache.org/hadoop/ConnectionRefused
	at sun.reflect.NativeConstructorAccessorImpl.newInstance0(Native Method)
	at sun.reflect.NativeConstructorAccessorImpl.newInstance(NativeConstructorAccessorImpl.java:62)
	at sun.reflect.DelegatingConstructorAccessorImpl.newInstance(DelegatingConstructorAccessorImpl.java:45)
	at java.lang.reflect.Constructor.newInstance(Constructor.java:423)
	at org.apache.hadoop.net.NetUtils.wrapWithMessage(NetUtils.java:913)
	at org.apache.hadoop.net.NetUtils.wrapException(NetUtils.java:828)
	at org.apache.hadoop.ipc.Client.getRpcResponse(Client.java:1577)
	at org.apache.hadoop.ipc.Client.call(Client.java:1519)
	at org.apache.hadoop.ipc.Client.call(Client.java:1416)
	at org.apache.hadoop.ipc.ProtobufRpcEngine$Invoker.invoke(ProtobufRpcEngine.java:236)
	at org.apache.hadoop.ipc.ProtobufRpcEngine$Invoker.invoke(ProtobufRpcEngine.java:123)
	at com.sun.proxy.$Proxy48.submitRequest(Unknown Source)
	at org.apache.hadoop.ozone.protocolPB.StorageContainerDatanodeProtocolClientSideTranslatorPB.submitRequest(StorageContainerDatanodeProtocolClientSideTranslatorPB.java:117)
	at org.apache.hadoop.ozone.protocolPB.StorageContainerDatanodeProtocolClientSideTranslatorPB.sendHeartbeat(StorageContainerDatanodeProtocolClientSideTranslatorPB.java:149)
	at org.apache.hadoop.ozone.container.common.states.endpoint.HeartbeatEndpointTask.call(HeartbeatEndpointTask.java:180)
	at org.apache.hadoop.ozone.container.common.states.endpoint.HeartbeatEndpointTask.call(HeartbeatEndpointTask.java:83)
	at java.util.concurrent.FutureTask.run(FutureTask.java:266)
	at java.util.concurrent.ThreadPoolExecutor.runWorker(ThreadPoolExecutor.java:1149)
	at java.util.concurrent.ThreadPoolExecutor$Worker.run(ThreadPoolExecutor.java:624)
	at java.lang.Thread.run(Thread.java:750)
Caused by: java.net.ConnectException: Connection refused
	at sun.nio.ch.SocketChannelImpl.checkConnect(Native Method)
	at sun.nio.ch.SocketChannelImpl.finishConnect(SocketChannelImpl.java:716)
	at org.apache.hadoop.net.SocketIOWithTimeout.connect(SocketIOWithTimeout.java:206)
	at org.apache.hadoop.net.NetUtils.connect(NetUtils.java:586)
	at org.apache.hadoop.ipc.Client$Connection.setupConnection(Client.java:701)
	at org.apache.hadoop.ipc.Client$Connection.setupIOstreams(Client.java:822)
	at org.apache.hadoop.ipc.Client$Connection.access$3800(Client.java:414)
	at org.apache.hadoop.ipc.Client.getConnection(Client.java:1647)
	at org.apache.hadoop.ipc.Client.call(Client.java:1463)
	... 12 more
2022-03-09 17:23:16,502 [EndpointStateMachine task thread for /127.0.0.1:45657 - 0 ] INFO  ipc.Client (Client.java:handleConnectionFailure(977)) - Retrying connect to server: localhost/127.0.0.1:45657. Already tried 14 time(s); retry policy is RetryUpToMaximumCountWithFixedSleep(maxRetries=15, sleepTime=1000 MILLISECONDS)
2022-03-09 17:23:16,542 [Datanode State Machine Daemon Thread] ERROR datanode.RunningDatanodeState (RunningDatanodeState.java:computeNextContainerState(201)) - Error in executing end point task.
java.util.concurrent.ExecutionException: java.util.concurrent.TimeoutException
	at java.util.concurrent.FutureTask.report(FutureTask.java:122)
	at java.util.concurrent.FutureTask.get(FutureTask.java:192)
	at org.apache.hadoop.ozone.container.common.states.datanode.RunningDatanodeState.computeNextContainerState(RunningDatanodeState.java:193)
	at org.apache.hadoop.ozone.container.common.states.datanode.RunningDatanodeState.await(RunningDatanodeState.java:233)
	at org.apache.hadoop.ozone.container.common.states.datanode.RunningDatanodeState.await(RunningDatanodeState.java:50)
	at org.apache.hadoop.ozone.container.common.statemachine.StateContext.execute(StateContext.java:658)
	at org.apache.hadoop.ozone.container.common.statemachine.DatanodeStateMachine.startStateMachineThread(DatanodeStateMachine.java:283)
	at org.apache.hadoop.ozone.container.common.statemachine.DatanodeStateMachine.lambda$startDaemon$0(DatanodeStateMachine.java:471)
	at java.lang.Thread.run(Thread.java:750)
Caused by: java.util.concurrent.TimeoutException
	at java.util.concurrent.FutureTask.get(FutureTask.java:205)
	at org.apache.hadoop.ozone.container.common.states.datanode.RunningDatanodeState.lambda$execute$0(RunningDatanodeState.java:151)
	at java.util.concurrent.FutureTask.run(FutureTask.java:266)
	at java.util.concurrent.Executors$RunnableAdapter.call(Executors.java:511)
	at java.util.concurrent.FutureTask.run(FutureTask.java:266)
	at java.util.concurrent.ThreadPoolExecutor.runWorker(ThreadPoolExecutor.java:1149)
	at java.util.concurrent.ThreadPoolExecutor$Worker.run(ThreadPoolExecutor.java:624)
	... 1 more
2022-03-09 17:23:16,706 [Datanode State Machine Daemon Thread] ERROR datanode.RunningDatanodeState (RunningDatanodeState.java:computeNextContainerState(201)) - Error in executing end point task.
java.util.concurrent.ExecutionException: java.util.concurrent.TimeoutException
	at java.util.concurrent.FutureTask.report(FutureTask.java:122)
	at java.util.concurrent.FutureTask.get(FutureTask.java:192)
	at org.apache.hadoop.ozone.container.common.states.datanode.RunningDatanodeState.computeNextContainerState(RunningDatanodeState.java:193)
	at org.apache.hadoop.ozone.container.common.states.datanode.RunningDatanodeState.await(RunningDatanodeState.java:233)
	at org.apache.hadoop.ozone.container.common.states.datanode.RunningDatanodeState.await(RunningDatanodeState.java:50)
	at org.apache.hadoop.ozone.container.common.statemachine.StateContext.execute(StateContext.java:658)
	at org.apache.hadoop.ozone.container.common.statemachine.DatanodeStateMachine.startStateMachineThread(DatanodeStateMachine.java:283)
	at org.apache.hadoop.ozone.container.common.statemachine.DatanodeStateMachine.lambda$startDaemon$0(DatanodeStateMachine.java:471)
	at java.lang.Thread.run(Thread.java:750)
Caused by: java.util.concurrent.TimeoutException
	at java.util.concurrent.FutureTask.get(FutureTask.java:205)
	at org.apache.hadoop.ozone.container.common.states.datanode.RunningDatanodeState.lambda$execute$0(RunningDatanodeState.java:151)
	at java.util.concurrent.FutureTask.run(FutureTask.java:266)
	at java.util.concurrent.Executors$RunnableAdapter.call(Executors.java:511)
	at java.util.concurrent.FutureTask.run(FutureTask.java:266)
	at java.util.concurrent.ThreadPoolExecutor.runWorker(ThreadPoolExecutor.java:1149)
	at java.util.concurrent.ThreadPoolExecutor$Worker.run(ThreadPoolExecutor.java:624)
	... 1 more
2022-03-09 17:23:17,112 [Listener at 127.0.0.1/45999] INFO  ozone.MiniOzoneClusterImpl (MiniOzoneClusterImpl.java:lambda$waitForClusterToBeReady$0(219)) - Nodes are ready. Got 3 of 3 DN Heartbeats.
2022-03-09 17:23:17,113 [Listener at 127.0.0.1/45999] INFO  ozone.MiniOzoneClusterImpl (MiniOzoneClusterImpl.java:lambda$waitForClusterToBeReady$0(222)) - Waiting for cluster to exit safe mode
2022-03-09 17:23:17,113 [Listener at 127.0.0.1/45999] INFO  ozone.MiniOzoneClusterImpl (MiniOzoneClusterImpl.java:lambda$waitForClusterToBeReady$0(224)) - SCM became leader
2022-03-09 17:23:17,465 [EndpointStateMachine task thread for /127.0.0.1:40365 - 0 ] INFO  ipc.Client (Client.java:handleConnectionFailure(977)) - Retrying connect to server: localhost/127.0.0.1:40365. Already tried 0 time(s); retry policy is RetryUpToMaximumCountWithFixedSleep(maxRetries=15, sleepTime=1000 MILLISECONDS)
2022-03-09 17:23:17,486 [EndpointStateMachine task thread for /127.0.0.1:38239 - 0 ] INFO  ipc.Client (Client.java:handleConnectionFailure(977)) - Retrying connect to server: localhost/127.0.0.1:38239. Already tried 0 time(s); retry policy is RetryUpToMaximumCountWithFixedSleep(maxRetries=15, sleepTime=1000 MILLISECONDS)
2022-03-09 17:23:17,503 [EndpointStateMachine task thread for /127.0.0.1:45657 - 0 ] INFO  ipc.Client (Client.java:handleConnectionFailure(977)) - Retrying connect to server: localhost/127.0.0.1:45657. Already tried 0 time(s); retry policy is RetryUpToMaximumCountWithFixedSleep(maxRetries=15, sleepTime=1000 MILLISECONDS)
2022-03-09 17:23:18,113 [Listener at 127.0.0.1/45999] INFO  ozone.MiniOzoneClusterImpl (MiniOzoneClusterImpl.java:lambda$waitForClusterToBeReady$0(219)) - Nodes are ready. Got 3 of 3 DN Heartbeats.
2022-03-09 17:23:18,113 [Listener at 127.0.0.1/45999] INFO  ozone.MiniOzoneClusterImpl (MiniOzoneClusterImpl.java:lambda$waitForClusterToBeReady$0(222)) - Waiting for cluster to exit safe mode
2022-03-09 17:23:18,113 [Listener at 127.0.0.1/45999] INFO  ozone.MiniOzoneClusterImpl (MiniOzoneClusterImpl.java:lambda$waitForClusterToBeReady$0(224)) - SCM became leader
2022-03-09 17:23:18,318 [Datanode State Machine Daemon Thread] ERROR datanode.RunningDatanodeState (RunningDatanodeState.java:computeNextContainerState(201)) - Error in executing end point task.
java.util.concurrent.ExecutionException: java.util.concurrent.TimeoutException
	at java.util.concurrent.FutureTask.report(FutureTask.java:122)
	at java.util.concurrent.FutureTask.get(FutureTask.java:192)
	at org.apache.hadoop.ozone.container.common.states.datanode.RunningDatanodeState.computeNextContainerState(RunningDatanodeState.java:193)
	at org.apache.hadoop.ozone.container.common.states.datanode.RunningDatanodeState.await(RunningDatanodeState.java:233)
	at org.apache.hadoop.ozone.container.common.states.datanode.RunningDatanodeState.await(RunningDatanodeState.java:50)
	at org.apache.hadoop.ozone.container.common.statemachine.StateContext.execute(StateContext.java:658)
	at org.apache.hadoop.ozone.container.common.statemachine.DatanodeStateMachine.startStateMachineThread(DatanodeStateMachine.java:283)
	at org.apache.hadoop.ozone.container.common.statemachine.DatanodeStateMachine.lambda$startDaemon$0(DatanodeStateMachine.java:471)
	at java.lang.Thread.run(Thread.java:750)
Caused by: java.util.concurrent.TimeoutException
	at java.util.concurrent.FutureTask.get(FutureTask.java:205)
	at org.apache.hadoop.ozone.container.common.states.datanode.RunningDatanodeState.lambda$execute$0(RunningDatanodeState.java:151)
	at java.util.concurrent.FutureTask.run(FutureTask.java:266)
	at java.util.concurrent.Executors$RunnableAdapter.call(Executors.java:511)
	at java.util.concurrent.FutureTask.run(FutureTask.java:266)
	at java.util.concurrent.ThreadPoolExecutor.runWorker(ThreadPoolExecutor.java:1149)
	at java.util.concurrent.ThreadPoolExecutor$Worker.run(ThreadPoolExecutor.java:624)
	... 1 more
2022-03-09 17:23:18,465 [EndpointStateMachine task thread for /127.0.0.1:40365 - 0 ] INFO  ipc.Client (Client.java:handleConnectionFailure(977)) - Retrying connect to server: localhost/127.0.0.1:40365. Already tried 1 time(s); retry policy is RetryUpToMaximumCountWithFixedSleep(maxRetries=15, sleepTime=1000 MILLISECONDS)
2022-03-09 17:23:18,487 [EndpointStateMachine task thread for /127.0.0.1:38239 - 0 ] INFO  ipc.Client (Client.java:handleConnectionFailure(977)) - Retrying connect to server: localhost/127.0.0.1:38239. Already tried 1 time(s); retry policy is RetryUpToMaximumCountWithFixedSleep(maxRetries=15, sleepTime=1000 MILLISECONDS)
2022-03-09 17:23:18,504 [EndpointStateMachine task thread for /127.0.0.1:45657 - 0 ] INFO  ipc.Client (Client.java:handleConnectionFailure(977)) - Retrying connect to server: localhost/127.0.0.1:45657. Already tried 1 time(s); retry policy is RetryUpToMaximumCountWithFixedSleep(maxRetries=15, sleepTime=1000 MILLISECONDS)
2022-03-09 17:23:18,712 [Datanode State Machine Daemon Thread] ERROR datanode.RunningDatanodeState (RunningDatanodeState.java:computeNextContainerState(201)) - Error in executing end point task.
java.util.concurrent.ExecutionException: java.util.concurrent.TimeoutException
	at java.util.concurrent.FutureTask.report(FutureTask.java:122)
	at java.util.concurrent.FutureTask.get(FutureTask.java:192)
	at org.apache.hadoop.ozone.container.common.states.datanode.RunningDatanodeState.computeNextContainerState(RunningDatanodeState.java:193)
	at org.apache.hadoop.ozone.container.common.states.datanode.RunningDatanodeState.await(RunningDatanodeState.java:233)
	at org.apache.hadoop.ozone.container.common.states.datanode.RunningDatanodeState.await(RunningDatanodeState.java:50)
	at org.apache.hadoop.ozone.container.common.statemachine.StateContext.execute(StateContext.java:658)
	at org.apache.hadoop.ozone.container.common.statemachine.DatanodeStateMachine.startStateMachineThread(DatanodeStateMachine.java:283)
	at org.apache.hadoop.ozone.container.common.statemachine.DatanodeStateMachine.lambda$startDaemon$0(DatanodeStateMachine.java:471)
	at java.lang.Thread.run(Thread.java:750)
Caused by: java.util.concurrent.TimeoutException
	at java.util.concurrent.FutureTask.get(FutureTask.java:205)
	at org.apache.hadoop.ozone.container.common.states.datanode.RunningDatanodeState.lambda$execute$0(RunningDatanodeState.java:151)
	at java.util.concurrent.FutureTask.run(FutureTask.java:266)
	at java.util.concurrent.Executors$RunnableAdapter.call(Executors.java:511)
	at java.util.concurrent.FutureTask.run(FutureTask.java:266)
	at java.util.concurrent.ThreadPoolExecutor.runWorker(ThreadPoolExecutor.java:1149)
	at java.util.concurrent.ThreadPoolExecutor$Worker.run(ThreadPoolExecutor.java:624)
	... 1 more
2022-03-09 17:23:19,114 [Listener at 127.0.0.1/45999] INFO  ozone.MiniOzoneClusterImpl (MiniOzoneClusterImpl.java:lambda$waitForClusterToBeReady$0(219)) - Nodes are ready. Got 3 of 3 DN Heartbeats.
2022-03-09 17:23:19,114 [Listener at 127.0.0.1/45999] INFO  ozone.MiniOzoneClusterImpl (MiniOzoneClusterImpl.java:lambda$waitForClusterToBeReady$0(222)) - Waiting for cluster to exit safe mode
2022-03-09 17:23:19,114 [Listener at 127.0.0.1/45999] INFO  ozone.MiniOzoneClusterImpl (MiniOzoneClusterImpl.java:lambda$waitForClusterToBeReady$0(224)) - SCM became leader
2022-03-09 17:23:19,466 [EndpointStateMachine task thread for /127.0.0.1:40365 - 0 ] INFO  ipc.Client (Client.java:handleConnectionFailure(977)) - Retrying connect to server: localhost/127.0.0.1:40365. Already tried 2 time(s); retry policy is RetryUpToMaximumCountWithFixedSleep(maxRetries=15, sleepTime=1000 MILLISECONDS)
2022-03-09 17:23:19,487 [EndpointStateMachine task thread for /127.0.0.1:38239 - 0 ] INFO  ipc.Client (Client.java:handleConnectionFailure(977)) - Retrying connect to server: localhost/127.0.0.1:38239. Already tried 2 time(s); retry policy is RetryUpToMaximumCountWithFixedSleep(maxRetries=15, sleepTime=1000 MILLISECONDS)
2022-03-09 17:23:19,504 [EndpointStateMachine task thread for /127.0.0.1:45657 - 0 ] INFO  ipc.Client (Client.java:handleConnectionFailure(977)) - Retrying connect to server: localhost/127.0.0.1:45657. Already tried 2 time(s); retry policy is RetryUpToMaximumCountWithFixedSleep(maxRetries=15, sleepTime=1000 MILLISECONDS)
2022-03-09 17:23:19,804 [8d38cd26-4da6-46a4-aba6-9da1aef73967@group-D5F1EC85B8FD-FollowerState] INFO  impl.FollowerState (FollowerState.java:run(134)) - 8d38cd26-4da6-46a4-aba6-9da1aef73967@group-D5F1EC85B8FD-FollowerState: change to CANDIDATE, lastRpcElapsedTime:5006184065ns, electionTimeout:5001ms
2022-03-09 17:23:19,804 [8d38cd26-4da6-46a4-aba6-9da1aef73967@group-D5F1EC85B8FD-FollowerState] INFO  impl.RoleInfo (RoleInfo.java:shutdownFollowerState(108)) - 8d38cd26-4da6-46a4-aba6-9da1aef73967: shutdown 8d38cd26-4da6-46a4-aba6-9da1aef73967@group-D5F1EC85B8FD-FollowerState
2022-03-09 17:23:19,804 [8d38cd26-4da6-46a4-aba6-9da1aef73967@group-D5F1EC85B8FD-FollowerState] INFO  server.RaftServer$Division (RaftServerImpl.java:setRole(290)) - 8d38cd26-4da6-46a4-aba6-9da1aef73967@group-D5F1EC85B8FD: changes role from  FOLLOWER to CANDIDATE at term 2 for changeToCandidate
2022-03-09 17:23:19,805 [8d38cd26-4da6-46a4-aba6-9da1aef73967@group-D5F1EC85B8FD-FollowerState] INFO  server.RaftServerConfigKeys (ConfUtils.java:logGet(44)) - raft.server.leaderelection.pre-vote = false (custom)
2022-03-09 17:23:19,805 [8d38cd26-4da6-46a4-aba6-9da1aef73967@group-D5F1EC85B8FD-FollowerState] INFO  impl.RoleInfo (RoleInfo.java:updateAndGet(130)) - 8d38cd26-4da6-46a4-aba6-9da1aef73967: start 8d38cd26-4da6-46a4-aba6-9da1aef73967@group-D5F1EC85B8FD-LeaderElection28
2022-03-09 17:23:19,842 [8d38cd26-4da6-46a4-aba6-9da1aef73967@group-D5F1EC85B8FD-LeaderElection28] INFO  impl.LeaderElection (LeaderElection.java:askForVotes(306)) - 8d38cd26-4da6-46a4-aba6-9da1aef73967@group-D5F1EC85B8FD-LeaderElection28 ELECTION round 0: submit vote requests at term 3 for -1: [8d38cd26-4da6-46a4-aba6-9da1aef73967|rpc:127.0.0.1:43435|dataStream:|priority:0, 352514d3-16e8-44e7-9f6c-25a5b2684069|rpc:127.0.0.1:37197|dataStream:|priority:1, 9cf3ac85-5088-4438-9438-d8e46945dabb|rpc:127.0.0.1:38217|dataStream:|priority:0], old=null
2022-03-09 17:23:19,864 [grpc-default-executor-1] INFO  server.RaftServer$Division (RaftServerImpl.java:requestVote(1046)) - 352514d3-16e8-44e7-9f6c-25a5b2684069@group-D5F1EC85B8FD: receive requestVote(ELECTION, 8d38cd26-4da6-46a4-aba6-9da1aef73967, group-D5F1EC85B8FD, 3, (t:0, i:0))
2022-03-09 17:23:19,864 [grpc-default-executor-1] INFO  impl.VoteContext (VoteContext.java:log(48)) - 352514d3-16e8-44e7-9f6c-25a5b2684069@group-D5F1EC85B8FD-FOLLOWER: reject ELECTION from 8d38cd26-4da6-46a4-aba6-9da1aef73967: our priority 1 > candidate's priority 0
2022-03-09 17:23:19,864 [grpc-default-executor-1] INFO  server.RaftServer$Division (RaftServerImpl.java:setRole(290)) - 352514d3-16e8-44e7-9f6c-25a5b2684069@group-D5F1EC85B8FD: changes role from  FOLLOWER to FOLLOWER at term 3 for candidate:8d38cd26-4da6-46a4-aba6-9da1aef73967
2022-03-09 17:23:19,864 [grpc-default-executor-1] INFO  impl.RoleInfo (RoleInfo.java:shutdownFollowerState(108)) - 352514d3-16e8-44e7-9f6c-25a5b2684069: shutdown 352514d3-16e8-44e7-9f6c-25a5b2684069@group-D5F1EC85B8FD-FollowerState
2022-03-09 17:23:19,864 [grpc-default-executor-1] INFO  impl.RoleInfo (RoleInfo.java:updateAndGet(130)) - 352514d3-16e8-44e7-9f6c-25a5b2684069: start 352514d3-16e8-44e7-9f6c-25a5b2684069@group-D5F1EC85B8FD-FollowerState
2022-03-09 17:23:19,864 [352514d3-16e8-44e7-9f6c-25a5b2684069@group-D5F1EC85B8FD-FollowerState] INFO  impl.FollowerState (FollowerState.java:run(143)) - 352514d3-16e8-44e7-9f6c-25a5b2684069@group-D5F1EC85B8FD-FollowerState was interrupted: {}
java.lang.InterruptedException: sleep interrupted
	at java.lang.Thread.sleep(Native Method)
	at java.lang.Thread.sleep(Thread.java:342)
	at java.util.concurrent.TimeUnit.sleep(TimeUnit.java:386)
	at org.apache.ratis.util.TimeDuration.sleep(TimeDuration.java:324)
	at org.apache.ratis.util.TimeDuration.sleep(TimeDuration.java:309)
	at org.apache.ratis.server.impl.FollowerState.run(FollowerState.java:118)
2022-03-09 17:23:19,866 [grpc-default-executor-1] INFO  server.RaftServer$Division (RaftServerImpl.java:requestVote(1078)) - 352514d3-16e8-44e7-9f6c-25a5b2684069@group-D5F1EC85B8FD replies to ELECTION vote request: 8d38cd26-4da6-46a4-aba6-9da1aef73967<-352514d3-16e8-44e7-9f6c-25a5b2684069#0:FAIL-t3. Peer's state: 352514d3-16e8-44e7-9f6c-25a5b2684069@group-D5F1EC85B8FD:t3, leader=null, voted=null, raftlog=352514d3-16e8-44e7-9f6c-25a5b2684069@group-D5F1EC85B8FD-SegmentedRaftLog:OPENED:c-1, conf=-1: [8d38cd26-4da6-46a4-aba6-9da1aef73967|rpc:127.0.0.1:43435|dataStream:|priority:0, 352514d3-16e8-44e7-9f6c-25a5b2684069|rpc:127.0.0.1:37197|dataStream:|priority:1, 9cf3ac85-5088-4438-9438-d8e46945dabb|rpc:127.0.0.1:38217|dataStream:|priority:0], old=null
2022-03-09 17:23:19,867 [8d38cd26-4da6-46a4-aba6-9da1aef73967@group-D5F1EC85B8FD-LeaderElection28] INFO  impl.LeaderElection (LeaderElection.java:logAndReturn(89)) - 8d38cd26-4da6-46a4-aba6-9da1aef73967@group-D5F1EC85B8FD-LeaderElection28: ELECTION REJECTED received 1 response(s) and 0 exception(s):
2022-03-09 17:23:19,867 [8d38cd26-4da6-46a4-aba6-9da1aef73967@group-D5F1EC85B8FD-LeaderElection28] INFO  impl.LeaderElection (LeaderElection.java:logAndReturn(93)) -   Response 0: 8d38cd26-4da6-46a4-aba6-9da1aef73967<-352514d3-16e8-44e7-9f6c-25a5b2684069#0:FAIL-t3
2022-03-09 17:23:19,867 [8d38cd26-4da6-46a4-aba6-9da1aef73967@group-D5F1EC85B8FD-LeaderElection28] INFO  impl.LeaderElection (LeaderElection.java:askForVotes(308)) - 8d38cd26-4da6-46a4-aba6-9da1aef73967@group-D5F1EC85B8FD-LeaderElection28 ELECTION round 0: result REJECTED
2022-03-09 17:23:19,867 [8d38cd26-4da6-46a4-aba6-9da1aef73967@group-D5F1EC85B8FD-LeaderElection28] INFO  server.RaftServer$Division (RaftServerImpl.java:setRole(290)) - 8d38cd26-4da6-46a4-aba6-9da1aef73967@group-D5F1EC85B8FD: changes role from CANDIDATE to FOLLOWER at term 3 for REJECTED
2022-03-09 17:23:19,867 [8d38cd26-4da6-46a4-aba6-9da1aef73967@group-D5F1EC85B8FD-LeaderElection28] INFO  impl.RoleInfo (RoleInfo.java:shutdownLeaderElection(121)) - 8d38cd26-4da6-46a4-aba6-9da1aef73967: shutdown 8d38cd26-4da6-46a4-aba6-9da1aef73967@group-D5F1EC85B8FD-LeaderElection28
2022-03-09 17:23:19,867 [8d38cd26-4da6-46a4-aba6-9da1aef73967@group-D5F1EC85B8FD-LeaderElection28] INFO  impl.RoleInfo (RoleInfo.java:updateAndGet(130)) - 8d38cd26-4da6-46a4-aba6-9da1aef73967: start 8d38cd26-4da6-46a4-aba6-9da1aef73967@group-D5F1EC85B8FD-FollowerState
2022-03-09 17:23:19,890 [grpc-default-executor-1] INFO  server.RaftServer$Division (RaftServerImpl.java:requestVote(1046)) - 9cf3ac85-5088-4438-9438-d8e46945dabb@group-D5F1EC85B8FD: receive requestVote(ELECTION, 8d38cd26-4da6-46a4-aba6-9da1aef73967, group-D5F1EC85B8FD, 3, (t:0, i:0))
2022-03-09 17:23:19,890 [grpc-default-executor-1] INFO  impl.VoteContext (VoteContext.java:log(48)) - 9cf3ac85-5088-4438-9438-d8e46945dabb@group-D5F1EC85B8FD-FOLLOWER: accept ELECTION from 8d38cd26-4da6-46a4-aba6-9da1aef73967: our priority 0 <= candidate's priority 0
2022-03-09 17:23:19,890 [grpc-default-executor-1] INFO  server.RaftServer$Division (RaftServerImpl.java:setRole(290)) - 9cf3ac85-5088-4438-9438-d8e46945dabb@group-D5F1EC85B8FD: changes role from  FOLLOWER to FOLLOWER at term 3 for candidate:8d38cd26-4da6-46a4-aba6-9da1aef73967
2022-03-09 17:23:19,890 [grpc-default-executor-1] INFO  impl.RoleInfo (RoleInfo.java:shutdownFollowerState(108)) - 9cf3ac85-5088-4438-9438-d8e46945dabb: shutdown 9cf3ac85-5088-4438-9438-d8e46945dabb@group-D5F1EC85B8FD-FollowerState
2022-03-09 17:23:19,890 [grpc-default-executor-1] INFO  impl.RoleInfo (RoleInfo.java:updateAndGet(130)) - 9cf3ac85-5088-4438-9438-d8e46945dabb: start 9cf3ac85-5088-4438-9438-d8e46945dabb@group-D5F1EC85B8FD-FollowerState
2022-03-09 17:23:19,891 [9cf3ac85-5088-4438-9438-d8e46945dabb@group-D5F1EC85B8FD-FollowerState] INFO  impl.FollowerState (FollowerState.java:run(143)) - 9cf3ac85-5088-4438-9438-d8e46945dabb@group-D5F1EC85B8FD-FollowerState was interrupted: {}
java.lang.InterruptedException: sleep interrupted
	at java.lang.Thread.sleep(Native Method)
	at java.lang.Thread.sleep(Thread.java:342)
	at java.util.concurrent.TimeUnit.sleep(TimeUnit.java:386)
	at org.apache.ratis.util.TimeDuration.sleep(TimeDuration.java:324)
	at org.apache.ratis.util.TimeDuration.sleep(TimeDuration.java:309)
	at org.apache.ratis.server.impl.FollowerState.run(FollowerState.java:118)
2022-03-09 17:23:19,922 [grpc-default-executor-1] INFO  server.RaftServer$Division (RaftServerImpl.java:requestVote(1078)) - 9cf3ac85-5088-4438-9438-d8e46945dabb@group-D5F1EC85B8FD replies to ELECTION vote request: 8d38cd26-4da6-46a4-aba6-9da1aef73967<-9cf3ac85-5088-4438-9438-d8e46945dabb#0:OK-t3. Peer's state: 9cf3ac85-5088-4438-9438-d8e46945dabb@group-D5F1EC85B8FD:t3, leader=null, voted=8d38cd26-4da6-46a4-aba6-9da1aef73967, raftlog=9cf3ac85-5088-4438-9438-d8e46945dabb@group-D5F1EC85B8FD-SegmentedRaftLog:OPENED:c-1, conf=-1: [8d38cd26-4da6-46a4-aba6-9da1aef73967|rpc:127.0.0.1:43435|priority:0, 352514d3-16e8-44e7-9f6c-25a5b2684069|rpc:127.0.0.1:37197|priority:1, 9cf3ac85-5088-4438-9438-d8e46945dabb|rpc:127.0.0.1:38217|priority:0], old=null
2022-03-09 17:23:20,114 [Listener at 127.0.0.1/45999] INFO  ozone.MiniOzoneClusterImpl (MiniOzoneClusterImpl.java:lambda$waitForClusterToBeReady$0(219)) - Nodes are ready. Got 3 of 3 DN Heartbeats.
2022-03-09 17:23:20,115 [Listener at 127.0.0.1/45999] INFO  ozone.MiniOzoneClusterImpl (MiniOzoneClusterImpl.java:lambda$waitForClusterToBeReady$0(222)) - Waiting for cluster to exit safe mode
2022-03-09 17:23:20,115 [Listener at 127.0.0.1/45999] INFO  ozone.MiniOzoneClusterImpl (MiniOzoneClusterImpl.java:lambda$waitForClusterToBeReady$0(224)) - SCM became leader
2022-03-09 17:23:20,201 [352514d3-16e8-44e7-9f6c-25a5b2684069@group-F4C19FBCF0D5-FollowerState] INFO  impl.FollowerState (FollowerState.java:run(134)) - 352514d3-16e8-44e7-9f6c-25a5b2684069@group-F4C19FBCF0D5-FollowerState: change to CANDIDATE, lastRpcElapsedTime:5102014881ns, electionTimeout:5099ms
2022-03-09 17:23:20,201 [352514d3-16e8-44e7-9f6c-25a5b2684069@group-F4C19FBCF0D5-FollowerState] INFO  impl.RoleInfo (RoleInfo.java:shutdownFollowerState(108)) - 352514d3-16e8-44e7-9f6c-25a5b2684069: shutdown 352514d3-16e8-44e7-9f6c-25a5b2684069@group-F4C19FBCF0D5-FollowerState
2022-03-09 17:23:20,201 [352514d3-16e8-44e7-9f6c-25a5b2684069@group-F4C19FBCF0D5-FollowerState] INFO  server.RaftServer$Division (RaftServerImpl.java:setRole(290)) - 352514d3-16e8-44e7-9f6c-25a5b2684069@group-F4C19FBCF0D5: changes role from  FOLLOWER to CANDIDATE at term 2 for changeToCandidate
2022-03-09 17:23:20,201 [352514d3-16e8-44e7-9f6c-25a5b2684069@group-F4C19FBCF0D5-FollowerState] INFO  server.RaftServerConfigKeys (ConfUtils.java:logGet(44)) - raft.server.leaderelection.pre-vote = false (custom)
2022-03-09 17:23:20,201 [352514d3-16e8-44e7-9f6c-25a5b2684069@group-F4C19FBCF0D5-FollowerState] INFO  impl.RoleInfo (RoleInfo.java:updateAndGet(130)) - 352514d3-16e8-44e7-9f6c-25a5b2684069: start 352514d3-16e8-44e7-9f6c-25a5b2684069@group-F4C19FBCF0D5-LeaderElection29
2022-03-09 17:23:20,213 [352514d3-16e8-44e7-9f6c-25a5b2684069@group-F4C19FBCF0D5-LeaderElection29] INFO  impl.LeaderElection (LeaderElection.java:askForVotes(306)) - 352514d3-16e8-44e7-9f6c-25a5b2684069@group-F4C19FBCF0D5-LeaderElection29 ELECTION round 0: submit vote requests at term 3 for -1: [8d38cd26-4da6-46a4-aba6-9da1aef73967|rpc:127.0.0.1:43435|dataStream:|priority:0, 352514d3-16e8-44e7-9f6c-25a5b2684069|rpc:127.0.0.1:37197|dataStream:|priority:0, 9cf3ac85-5088-4438-9438-d8e46945dabb|rpc:127.0.0.1:38217|dataStream:|priority:1], old=null
2022-03-09 17:23:20,232 [grpc-default-executor-1] INFO  server.RaftServer$Division (RaftServerImpl.java:requestVote(1046)) - 8d38cd26-4da6-46a4-aba6-9da1aef73967@group-F4C19FBCF0D5: receive requestVote(ELECTION, 352514d3-16e8-44e7-9f6c-25a5b2684069, group-F4C19FBCF0D5, 3, (t:0, i:0))
2022-03-09 17:23:20,232 [grpc-default-executor-1] INFO  impl.VoteContext (VoteContext.java:log(48)) - 8d38cd26-4da6-46a4-aba6-9da1aef73967@group-F4C19FBCF0D5-FOLLOWER: accept ELECTION from 352514d3-16e8-44e7-9f6c-25a5b2684069: our priority 0 <= candidate's priority 0
2022-03-09 17:23:20,232 [grpc-default-executor-1] INFO  server.RaftServer$Division (RaftServerImpl.java:setRole(290)) - 8d38cd26-4da6-46a4-aba6-9da1aef73967@group-F4C19FBCF0D5: changes role from  FOLLOWER to FOLLOWER at term 3 for candidate:352514d3-16e8-44e7-9f6c-25a5b2684069
2022-03-09 17:23:20,232 [grpc-default-executor-1] INFO  impl.RoleInfo (RoleInfo.java:shutdownFollowerState(108)) - 8d38cd26-4da6-46a4-aba6-9da1aef73967: shutdown 8d38cd26-4da6-46a4-aba6-9da1aef73967@group-F4C19FBCF0D5-FollowerState
2022-03-09 17:23:20,232 [grpc-default-executor-1] INFO  impl.RoleInfo (RoleInfo.java:updateAndGet(130)) - 8d38cd26-4da6-46a4-aba6-9da1aef73967: start 8d38cd26-4da6-46a4-aba6-9da1aef73967@group-F4C19FBCF0D5-FollowerState
2022-03-09 17:23:20,232 [8d38cd26-4da6-46a4-aba6-9da1aef73967@group-F4C19FBCF0D5-FollowerState] INFO  impl.FollowerState (FollowerState.java:run(143)) - 8d38cd26-4da6-46a4-aba6-9da1aef73967@group-F4C19FBCF0D5-FollowerState was interrupted: {}
java.lang.InterruptedException: sleep interrupted
	at java.lang.Thread.sleep(Native Method)
	at java.lang.Thread.sleep(Thread.java:342)
	at java.util.concurrent.TimeUnit.sleep(TimeUnit.java:386)
	at org.apache.ratis.util.TimeDuration.sleep(TimeDuration.java:324)
	at org.apache.ratis.util.TimeDuration.sleep(TimeDuration.java:309)
	at org.apache.ratis.server.impl.FollowerState.run(FollowerState.java:118)
2022-03-09 17:23:20,236 [grpc-default-executor-1] INFO  server.RaftServer$Division (RaftServerImpl.java:requestVote(1078)) - 8d38cd26-4da6-46a4-aba6-9da1aef73967@group-F4C19FBCF0D5 replies to ELECTION vote request: 352514d3-16e8-44e7-9f6c-25a5b2684069<-8d38cd26-4da6-46a4-aba6-9da1aef73967#0:OK-t3. Peer's state: 8d38cd26-4da6-46a4-aba6-9da1aef73967@group-F4C19FBCF0D5:t3, leader=null, voted=352514d3-16e8-44e7-9f6c-25a5b2684069, raftlog=8d38cd26-4da6-46a4-aba6-9da1aef73967@group-F4C19FBCF0D5-SegmentedRaftLog:OPENED:c-1, conf=-1: [8d38cd26-4da6-46a4-aba6-9da1aef73967|rpc:127.0.0.1:43435|dataStream:|priority:0, 352514d3-16e8-44e7-9f6c-25a5b2684069|rpc:127.0.0.1:37197|dataStream:|priority:0, 9cf3ac85-5088-4438-9438-d8e46945dabb|rpc:127.0.0.1:38217|dataStream:|priority:1], old=null
2022-03-09 17:23:20,248 [grpc-default-executor-1] INFO  server.RaftServer$Division (RaftServerImpl.java:requestVote(1046)) - 9cf3ac85-5088-4438-9438-d8e46945dabb@group-F4C19FBCF0D5: receive requestVote(ELECTION, 352514d3-16e8-44e7-9f6c-25a5b2684069, group-F4C19FBCF0D5, 3, (t:0, i:0))
2022-03-09 17:23:20,248 [grpc-default-executor-1] INFO  impl.VoteContext (VoteContext.java:log(48)) - 9cf3ac85-5088-4438-9438-d8e46945dabb@group-F4C19FBCF0D5-FOLLOWER: reject ELECTION from 352514d3-16e8-44e7-9f6c-25a5b2684069: our priority 1 > candidate's priority 0
2022-03-09 17:23:20,248 [grpc-default-executor-1] INFO  server.RaftServer$Division (RaftServerImpl.java:setRole(290)) - 9cf3ac85-5088-4438-9438-d8e46945dabb@group-F4C19FBCF0D5: changes role from  FOLLOWER to FOLLOWER at term 3 for candidate:352514d3-16e8-44e7-9f6c-25a5b2684069
2022-03-09 17:23:20,248 [grpc-default-executor-1] INFO  impl.RoleInfo (RoleInfo.java:shutdownFollowerState(108)) - 9cf3ac85-5088-4438-9438-d8e46945dabb: shutdown 9cf3ac85-5088-4438-9438-d8e46945dabb@group-F4C19FBCF0D5-FollowerState
2022-03-09 17:23:20,248 [grpc-default-executor-1] INFO  impl.RoleInfo (RoleInfo.java:updateAndGet(130)) - 9cf3ac85-5088-4438-9438-d8e46945dabb: start 9cf3ac85-5088-4438-9438-d8e46945dabb@group-F4C19FBCF0D5-FollowerState
2022-03-09 17:23:20,248 [9cf3ac85-5088-4438-9438-d8e46945dabb@group-F4C19FBCF0D5-FollowerState] INFO  impl.FollowerState (FollowerState.java:run(143)) - 9cf3ac85-5088-4438-9438-d8e46945dabb@group-F4C19FBCF0D5-FollowerState was interrupted: {}
java.lang.InterruptedException: sleep interrupted
	at java.lang.Thread.sleep(Native Method)
	at java.lang.Thread.sleep(Thread.java:342)
	at java.util.concurrent.TimeUnit.sleep(TimeUnit.java:386)
	at org.apache.ratis.util.TimeDuration.sleep(TimeDuration.java:324)
	at org.apache.ratis.util.TimeDuration.sleep(TimeDuration.java:309)
	at org.apache.ratis.server.impl.FollowerState.run(FollowerState.java:118)
2022-03-09 17:23:20,250 [grpc-default-executor-1] INFO  server.RaftServer$Division (RaftServerImpl.java:requestVote(1078)) - 9cf3ac85-5088-4438-9438-d8e46945dabb@group-F4C19FBCF0D5 replies to ELECTION vote request: 352514d3-16e8-44e7-9f6c-25a5b2684069<-9cf3ac85-5088-4438-9438-d8e46945dabb#0:FAIL-t3. Peer's state: 9cf3ac85-5088-4438-9438-d8e46945dabb@group-F4C19FBCF0D5:t3, leader=null, voted=null, raftlog=9cf3ac85-5088-4438-9438-d8e46945dabb@group-F4C19FBCF0D5-SegmentedRaftLog:OPENED:c-1, conf=-1: [8d38cd26-4da6-46a4-aba6-9da1aef73967|rpc:127.0.0.1:43435|priority:0, 352514d3-16e8-44e7-9f6c-25a5b2684069|rpc:127.0.0.1:37197|priority:0, 9cf3ac85-5088-4438-9438-d8e46945dabb|rpc:127.0.0.1:38217|priority:1], old=null
2022-03-09 17:23:20,252 [352514d3-16e8-44e7-9f6c-25a5b2684069@group-F4C19FBCF0D5-LeaderElection29] INFO  impl.LeaderElection (LeaderElection.java:logAndReturn(89)) - 352514d3-16e8-44e7-9f6c-25a5b2684069@group-F4C19FBCF0D5-LeaderElection29: ELECTION REJECTED received 2 response(s) and 0 exception(s):
2022-03-09 17:23:20,252 [352514d3-16e8-44e7-9f6c-25a5b2684069@group-F4C19FBCF0D5-LeaderElection29] INFO  impl.LeaderElection (LeaderElection.java:logAndReturn(93)) -   Response 0: 352514d3-16e8-44e7-9f6c-25a5b2684069<-8d38cd26-4da6-46a4-aba6-9da1aef73967#0:OK-t3
2022-03-09 17:23:20,252 [352514d3-16e8-44e7-9f6c-25a5b2684069@group-F4C19FBCF0D5-LeaderElection29] INFO  impl.LeaderElection (LeaderElection.java:logAndReturn(93)) -   Response 1: 352514d3-16e8-44e7-9f6c-25a5b2684069<-9cf3ac85-5088-4438-9438-d8e46945dabb#0:FAIL-t3
2022-03-09 17:23:20,252 [352514d3-16e8-44e7-9f6c-25a5b2684069@group-F4C19FBCF0D5-LeaderElection29] INFO  impl.LeaderElection (LeaderElection.java:askForVotes(308)) - 352514d3-16e8-44e7-9f6c-25a5b2684069@group-F4C19FBCF0D5-LeaderElection29 ELECTION round 0: result REJECTED
2022-03-09 17:23:20,252 [352514d3-16e8-44e7-9f6c-25a5b2684069@group-F4C19FBCF0D5-LeaderElection29] INFO  server.RaftServer$Division (RaftServerImpl.java:setRole(290)) - 352514d3-16e8-44e7-9f6c-25a5b2684069@group-F4C19FBCF0D5: changes role from CANDIDATE to FOLLOWER at term 3 for REJECTED
2022-03-09 17:23:20,252 [352514d3-16e8-44e7-9f6c-25a5b2684069@group-F4C19FBCF0D5-LeaderElection29] INFO  impl.RoleInfo (RoleInfo.java:shutdownLeaderElection(121)) - 352514d3-16e8-44e7-9f6c-25a5b2684069: shutdown 352514d3-16e8-44e7-9f6c-25a5b2684069@group-F4C19FBCF0D5-LeaderElection29
2022-03-09 17:23:20,252 [352514d3-16e8-44e7-9f6c-25a5b2684069@group-F4C19FBCF0D5-LeaderElection29] INFO  impl.RoleInfo (RoleInfo.java:updateAndGet(130)) - 352514d3-16e8-44e7-9f6c-25a5b2684069: start 352514d3-16e8-44e7-9f6c-25a5b2684069@group-F4C19FBCF0D5-FollowerState
2022-03-09 17:23:20,331 [Datanode State Machine Daemon Thread] ERROR datanode.RunningDatanodeState (RunningDatanodeState.java:computeNextContainerState(201)) - Error in executing end point task.
java.util.concurrent.ExecutionException: java.util.concurrent.TimeoutException
	at java.util.concurrent.FutureTask.report(FutureTask.java:122)
	at java.util.concurrent.FutureTask.get(FutureTask.java:192)
	at org.apache.hadoop.ozone.container.common.states.datanode.RunningDatanodeState.computeNextContainerState(RunningDatanodeState.java:193)
	at org.apache.hadoop.ozone.container.common.states.datanode.RunningDatanodeState.await(RunningDatanodeState.java:233)
	at org.apache.hadoop.ozone.container.common.states.datanode.RunningDatanodeState.await(RunningDatanodeState.java:50)
	at org.apache.hadoop.ozone.container.common.statemachine.StateContext.execute(StateContext.java:658)
	at org.apache.hadoop.ozone.container.common.statemachine.DatanodeStateMachine.startStateMachineThread(DatanodeStateMachine.java:283)
	at org.apache.hadoop.ozone.container.common.statemachine.DatanodeStateMachine.lambda$startDaemon$0(DatanodeStateMachine.java:471)
	at java.lang.Thread.run(Thread.java:750)
Caused by: java.util.concurrent.TimeoutException
	at java.util.concurrent.FutureTask.get(FutureTask.java:205)
	at org.apache.hadoop.ozone.container.common.states.datanode.RunningDatanodeState.lambda$execute$0(RunningDatanodeState.java:151)
	at java.util.concurrent.FutureTask.run(FutureTask.java:266)
	at java.util.concurrent.Executors$RunnableAdapter.call(Executors.java:511)
	at java.util.concurrent.FutureTask.run(FutureTask.java:266)
	at java.util.concurrent.ThreadPoolExecutor.runWorker(ThreadPoolExecutor.java:1149)
	at java.util.concurrent.ThreadPoolExecutor$Worker.run(ThreadPoolExecutor.java:624)
	... 1 more
2022-03-09 17:23:20,466 [EndpointStateMachine task thread for /127.0.0.1:40365 - 0 ] INFO  ipc.Client (Client.java:handleConnectionFailure(977)) - Retrying connect to server: localhost/127.0.0.1:40365. Already tried 3 time(s); retry policy is RetryUpToMaximumCountWithFixedSleep(maxRetries=15, sleepTime=1000 MILLISECONDS)
2022-03-09 17:23:20,488 [EndpointStateMachine task thread for /127.0.0.1:38239 - 0 ] INFO  ipc.Client (Client.java:handleConnectionFailure(977)) - Retrying connect to server: localhost/127.0.0.1:38239. Already tried 3 time(s); retry policy is RetryUpToMaximumCountWithFixedSleep(maxRetries=15, sleepTime=1000 MILLISECONDS)
2022-03-09 17:23:20,505 [EndpointStateMachine task thread for /127.0.0.1:45657 - 0 ] INFO  ipc.Client (Client.java:handleConnectionFailure(977)) - Retrying connect to server: localhost/127.0.0.1:45657. Already tried 3 time(s); retry policy is RetryUpToMaximumCountWithFixedSleep(maxRetries=15, sleepTime=1000 MILLISECONDS)
2022-03-09 17:23:20,542 [Datanode State Machine Daemon Thread] ERROR datanode.RunningDatanodeState (RunningDatanodeState.java:computeNextContainerState(201)) - Error in executing end point task.
java.util.concurrent.ExecutionException: java.util.concurrent.TimeoutException
	at java.util.concurrent.FutureTask.report(FutureTask.java:122)
	at java.util.concurrent.FutureTask.get(FutureTask.java:192)
	at org.apache.hadoop.ozone.container.common.states.datanode.RunningDatanodeState.computeNextContainerState(RunningDatanodeState.java:193)
	at org.apache.hadoop.ozone.container.common.states.datanode.RunningDatanodeState.await(RunningDatanodeState.java:233)
	at org.apache.hadoop.ozone.container.common.states.datanode.RunningDatanodeState.await(RunningDatanodeState.java:50)
	at org.apache.hadoop.ozone.container.common.statemachine.StateContext.execute(StateContext.java:658)
	at org.apache.hadoop.ozone.container.common.statemachine.DatanodeStateMachine.startStateMachineThread(DatanodeStateMachine.java:283)
	at org.apache.hadoop.ozone.container.common.statemachine.DatanodeStateMachine.lambda$startDaemon$0(DatanodeStateMachine.java:471)
	at java.lang.Thread.run(Thread.java:750)
Caused by: java.util.concurrent.TimeoutException
	at java.util.concurrent.FutureTask.get(FutureTask.java:205)
	at org.apache.hadoop.ozone.container.common.states.datanode.RunningDatanodeState.lambda$execute$0(RunningDatanodeState.java:151)
	at java.util.concurrent.FutureTask.run(FutureTask.java:266)
	at java.util.concurrent.Executors$RunnableAdapter.call(Executors.java:511)
	at java.util.concurrent.FutureTask.run(FutureTask.java:266)
	at java.util.concurrent.ThreadPoolExecutor.runWorker(ThreadPoolExecutor.java:1149)
	at java.util.concurrent.ThreadPoolExecutor$Worker.run(ThreadPoolExecutor.java:624)
	... 1 more
2022-03-09 17:23:21,115 [Listener at 127.0.0.1/45999] INFO  ozone.MiniOzoneClusterImpl (MiniOzoneClusterImpl.java:lambda$waitForClusterToBeReady$0(219)) - Nodes are ready. Got 3 of 3 DN Heartbeats.
2022-03-09 17:23:21,115 [Listener at 127.0.0.1/45999] INFO  ozone.MiniOzoneClusterImpl (MiniOzoneClusterImpl.java:lambda$waitForClusterToBeReady$0(222)) - Waiting for cluster to exit safe mode
2022-03-09 17:23:21,115 [Listener at 127.0.0.1/45999] INFO  ozone.MiniOzoneClusterImpl (MiniOzoneClusterImpl.java:lambda$waitForClusterToBeReady$0(224)) - SCM became leader
2022-03-09 17:23:21,332 [Datanode State Machine Daemon Thread] ERROR datanode.RunningDatanodeState (RunningDatanodeState.java:computeNextContainerState(201)) - Error in executing end point task.
java.util.concurrent.ExecutionException: java.util.concurrent.TimeoutException
	at java.util.concurrent.FutureTask.report(FutureTask.java:122)
	at java.util.concurrent.FutureTask.get(FutureTask.java:192)
	at org.apache.hadoop.ozone.container.common.states.datanode.RunningDatanodeState.computeNextContainerState(RunningDatanodeState.java:193)
	at org.apache.hadoop.ozone.container.common.states.datanode.RunningDatanodeState.await(RunningDatanodeState.java:233)
	at org.apache.hadoop.ozone.container.common.states.datanode.RunningDatanodeState.await(RunningDatanodeState.java:50)
	at org.apache.hadoop.ozone.container.common.statemachine.StateContext.execute(StateContext.java:658)
	at org.apache.hadoop.ozone.container.common.statemachine.DatanodeStateMachine.startStateMachineThread(DatanodeStateMachine.java:283)
	at org.apache.hadoop.ozone.container.common.statemachine.DatanodeStateMachine.lambda$startDaemon$0(DatanodeStateMachine.java:471)
	at java.lang.Thread.run(Thread.java:750)
Caused by: java.util.concurrent.TimeoutException
	at java.util.concurrent.FutureTask.get(FutureTask.java:205)
	at org.apache.hadoop.ozone.container.common.states.datanode.RunningDatanodeState.lambda$execute$0(RunningDatanodeState.java:151)
	at java.util.concurrent.FutureTask.run(FutureTask.java:266)
	at java.util.concurrent.Executors$RunnableAdapter.call(Executors.java:511)
	at java.util.concurrent.FutureTask.run(FutureTask.java:266)
	at java.util.concurrent.ThreadPoolExecutor.runWorker(ThreadPoolExecutor.java:1149)
	at java.util.concurrent.ThreadPoolExecutor$Worker.run(ThreadPoolExecutor.java:624)
	... 1 more
2022-03-09 17:23:21,467 [EndpointStateMachine task thread for /127.0.0.1:40365 - 0 ] INFO  ipc.Client (Client.java:handleConnectionFailure(977)) - Retrying connect to server: localhost/127.0.0.1:40365. Already tried 4 time(s); retry policy is RetryUpToMaximumCountWithFixedSleep(maxRetries=15, sleepTime=1000 MILLISECONDS)
2022-03-09 17:23:21,488 [EndpointStateMachine task thread for /127.0.0.1:38239 - 0 ] INFO  ipc.Client (Client.java:handleConnectionFailure(977)) - Retrying connect to server: localhost/127.0.0.1:38239. Already tried 4 time(s); retry policy is RetryUpToMaximumCountWithFixedSleep(maxRetries=15, sleepTime=1000 MILLISECONDS)
2022-03-09 17:23:21,512 [EndpointStateMachine task thread for /127.0.0.1:45657 - 0 ] INFO  ipc.Client (Client.java:handleConnectionFailure(977)) - Retrying connect to server: localhost/127.0.0.1:45657. Already tried 4 time(s); retry policy is RetryUpToMaximumCountWithFixedSleep(maxRetries=15, sleepTime=1000 MILLISECONDS)
2022-03-09 17:23:21,544 [Datanode State Machine Daemon Thread] ERROR datanode.RunningDatanodeState (RunningDatanodeState.java:computeNextContainerState(201)) - Error in executing end point task.
java.util.concurrent.ExecutionException: java.util.concurrent.TimeoutException
	at java.util.concurrent.FutureTask.report(FutureTask.java:122)
	at java.util.concurrent.FutureTask.get(FutureTask.java:192)
	at org.apache.hadoop.ozone.container.common.states.datanode.RunningDatanodeState.computeNextContainerState(RunningDatanodeState.java:193)
	at org.apache.hadoop.ozone.container.common.states.datanode.RunningDatanodeState.await(RunningDatanodeState.java:233)
	at org.apache.hadoop.ozone.container.common.states.datanode.RunningDatanodeState.await(RunningDatanodeState.java:50)
	at org.apache.hadoop.ozone.container.common.statemachine.StateContext.execute(StateContext.java:658)
	at org.apache.hadoop.ozone.container.common.statemachine.DatanodeStateMachine.startStateMachineThread(DatanodeStateMachine.java:283)
	at org.apache.hadoop.ozone.container.common.statemachine.DatanodeStateMachine.lambda$startDaemon$0(DatanodeStateMachine.java:471)
	at java.lang.Thread.run(Thread.java:750)
Caused by: java.util.concurrent.TimeoutException
	at java.util.concurrent.FutureTask.get(FutureTask.java:205)
	at org.apache.hadoop.ozone.container.common.states.datanode.RunningDatanodeState.lambda$execute$0(RunningDatanodeState.java:151)
	at java.util.concurrent.FutureTask.run(FutureTask.java:266)
	at java.util.concurrent.Executors$RunnableAdapter.call(Executors.java:511)
	at java.util.concurrent.FutureTask.run(FutureTask.java:266)
	at java.util.concurrent.ThreadPoolExecutor.runWorker(ThreadPoolExecutor.java:1149)
	at java.util.concurrent.ThreadPoolExecutor$Worker.run(ThreadPoolExecutor.java:624)
	... 1 more
2022-03-09 17:23:22,115 [Listener at 127.0.0.1/45999] INFO  ozone.MiniOzoneClusterImpl (MiniOzoneClusterImpl.java:lambda$waitForClusterToBeReady$0(219)) - Nodes are ready. Got 3 of 3 DN Heartbeats.
2022-03-09 17:23:22,116 [Listener at 127.0.0.1/45999] INFO  ozone.MiniOzoneClusterImpl (MiniOzoneClusterImpl.java:lambda$waitForClusterToBeReady$0(222)) - Waiting for cluster to exit safe mode
2022-03-09 17:23:22,116 [Listener at 127.0.0.1/45999] INFO  ozone.MiniOzoneClusterImpl (MiniOzoneClusterImpl.java:lambda$waitForClusterToBeReady$0(224)) - SCM became leader
2022-03-09 17:23:22,467 [EndpointStateMachine task thread for /127.0.0.1:40365 - 0 ] INFO  ipc.Client (Client.java:handleConnectionFailure(977)) - Retrying connect to server: localhost/127.0.0.1:40365. Already tried 5 time(s); retry policy is RetryUpToMaximumCountWithFixedSleep(maxRetries=15, sleepTime=1000 MILLISECONDS)
2022-03-09 17:23:22,489 [EndpointStateMachine task thread for /127.0.0.1:38239 - 0 ] INFO  ipc.Client (Client.java:handleConnectionFailure(977)) - Retrying connect to server: localhost/127.0.0.1:38239. Already tried 5 time(s); retry policy is RetryUpToMaximumCountWithFixedSleep(maxRetries=15, sleepTime=1000 MILLISECONDS)
2022-03-09 17:23:22,512 [EndpointStateMachine task thread for /127.0.0.1:45657 - 0 ] INFO  ipc.Client (Client.java:handleConnectionFailure(977)) - Retrying connect to server: localhost/127.0.0.1:45657. Already tried 5 time(s); retry policy is RetryUpToMaximumCountWithFixedSleep(maxRetries=15, sleepTime=1000 MILLISECONDS)
2022-03-09 17:23:23,116 [Listener at 127.0.0.1/45999] INFO  ozone.MiniOzoneClusterImpl (MiniOzoneClusterImpl.java:lambda$waitForClusterToBeReady$0(219)) - Nodes are ready. Got 3 of 3 DN Heartbeats.
2022-03-09 17:23:23,116 [Listener at 127.0.0.1/45999] INFO  ozone.MiniOzoneClusterImpl (MiniOzoneClusterImpl.java:lambda$waitForClusterToBeReady$0(222)) - Waiting for cluster to exit safe mode
2022-03-09 17:23:23,116 [Listener at 127.0.0.1/45999] INFO  ozone.MiniOzoneClusterImpl (MiniOzoneClusterImpl.java:lambda$waitForClusterToBeReady$0(224)) - SCM became leader
2022-03-09 17:23:23,333 [Datanode State Machine Daemon Thread] ERROR datanode.RunningDatanodeState (RunningDatanodeState.java:computeNextContainerState(201)) - Error in executing end point task.
java.util.concurrent.ExecutionException: java.util.concurrent.TimeoutException
	at java.util.concurrent.FutureTask.report(FutureTask.java:122)
	at java.util.concurrent.FutureTask.get(FutureTask.java:192)
	at org.apache.hadoop.ozone.container.common.states.datanode.RunningDatanodeState.computeNextContainerState(RunningDatanodeState.java:193)
	at org.apache.hadoop.ozone.container.common.states.datanode.RunningDatanodeState.await(RunningDatanodeState.java:233)
	at org.apache.hadoop.ozone.container.common.states.datanode.RunningDatanodeState.await(RunningDatanodeState.java:50)
	at org.apache.hadoop.ozone.container.common.statemachine.StateContext.execute(StateContext.java:658)
	at org.apache.hadoop.ozone.container.common.statemachine.DatanodeStateMachine.startStateMachineThread(DatanodeStateMachine.java:283)
	at org.apache.hadoop.ozone.container.common.statemachine.DatanodeStateMachine.lambda$startDaemon$0(DatanodeStateMachine.java:471)
	at java.lang.Thread.run(Thread.java:750)
Caused by: java.util.concurrent.TimeoutException
	at java.util.concurrent.FutureTask.get(FutureTask.java:205)
	at org.apache.hadoop.ozone.container.common.states.datanode.RunningDatanodeState.lambda$execute$0(RunningDatanodeState.java:151)
	at java.util.concurrent.FutureTask.run(FutureTask.java:266)
	at java.util.concurrent.Executors$RunnableAdapter.call(Executors.java:511)
	at java.util.concurrent.FutureTask.run(FutureTask.java:266)
	at java.util.concurrent.ThreadPoolExecutor.runWorker(ThreadPoolExecutor.java:1149)
	at java.util.concurrent.ThreadPoolExecutor$Worker.run(ThreadPoolExecutor.java:624)
	... 1 more
2022-03-09 17:23:23,468 [EndpointStateMachine task thread for /127.0.0.1:40365 - 0 ] INFO  ipc.Client (Client.java:handleConnectionFailure(977)) - Retrying connect to server: localhost/127.0.0.1:40365. Already tried 6 time(s); retry policy is RetryUpToMaximumCountWithFixedSleep(maxRetries=15, sleepTime=1000 MILLISECONDS)
2022-03-09 17:23:23,489 [EndpointStateMachine task thread for /127.0.0.1:38239 - 0 ] INFO  ipc.Client (Client.java:handleConnectionFailure(977)) - Retrying connect to server: localhost/127.0.0.1:38239. Already tried 6 time(s); retry policy is RetryUpToMaximumCountWithFixedSleep(maxRetries=15, sleepTime=1000 MILLISECONDS)
2022-03-09 17:23:23,513 [EndpointStateMachine task thread for /127.0.0.1:45657 - 0 ] INFO  ipc.Client (Client.java:handleConnectionFailure(977)) - Retrying connect to server: localhost/127.0.0.1:45657. Already tried 6 time(s); retry policy is RetryUpToMaximumCountWithFixedSleep(maxRetries=15, sleepTime=1000 MILLISECONDS)
2022-03-09 17:23:23,723 [Datanode State Machine Daemon Thread] ERROR datanode.RunningDatanodeState (RunningDatanodeState.java:computeNextContainerState(201)) - Error in executing end point task.
java.util.concurrent.ExecutionException: java.util.concurrent.TimeoutException
	at java.util.concurrent.FutureTask.report(FutureTask.java:122)
	at java.util.concurrent.FutureTask.get(FutureTask.java:192)
	at org.apache.hadoop.ozone.container.common.states.datanode.RunningDatanodeState.computeNextContainerState(RunningDatanodeState.java:193)
	at org.apache.hadoop.ozone.container.common.states.datanode.RunningDatanodeState.await(RunningDatanodeState.java:233)
	at org.apache.hadoop.ozone.container.common.states.datanode.RunningDatanodeState.await(RunningDatanodeState.java:50)
	at org.apache.hadoop.ozone.container.common.statemachine.StateContext.execute(StateContext.java:658)
	at org.apache.hadoop.ozone.container.common.statemachine.DatanodeStateMachine.startStateMachineThread(DatanodeStateMachine.java:283)
	at org.apache.hadoop.ozone.container.common.statemachine.DatanodeStateMachine.lambda$startDaemon$0(DatanodeStateMachine.java:471)
	at java.lang.Thread.run(Thread.java:750)
Caused by: java.util.concurrent.TimeoutException
	at java.util.concurrent.FutureTask.get(FutureTask.java:205)
	at org.apache.hadoop.ozone.container.common.states.datanode.RunningDatanodeState.lambda$execute$0(RunningDatanodeState.java:151)
	at java.util.concurrent.FutureTask.run(FutureTask.java:266)
	at java.util.concurrent.Executors$RunnableAdapter.call(Executors.java:511)
	at java.util.concurrent.FutureTask.run(FutureTask.java:266)
	at java.util.concurrent.ThreadPoolExecutor.runWorker(ThreadPoolExecutor.java:1149)
	at java.util.concurrent.ThreadPoolExecutor$Worker.run(ThreadPoolExecutor.java:624)
	... 1 more
2022-03-09 17:23:24,117 [Listener at 127.0.0.1/45999] INFO  ozone.MiniOzoneClusterImpl (MiniOzoneClusterImpl.java:lambda$waitForClusterToBeReady$0(219)) - Nodes are ready. Got 3 of 3 DN Heartbeats.
2022-03-09 17:23:24,117 [Listener at 127.0.0.1/45999] INFO  ozone.MiniOzoneClusterImpl (MiniOzoneClusterImpl.java:lambda$waitForClusterToBeReady$0(222)) - Waiting for cluster to exit safe mode
2022-03-09 17:23:24,117 [Listener at 127.0.0.1/45999] INFO  ozone.MiniOzoneClusterImpl (MiniOzoneClusterImpl.java:lambda$waitForClusterToBeReady$0(224)) - SCM became leader
2022-03-09 17:23:24,468 [EndpointStateMachine task thread for /127.0.0.1:40365 - 0 ] INFO  ipc.Client (Client.java:handleConnectionFailure(977)) - Retrying connect to server: localhost/127.0.0.1:40365. Already tried 7 time(s); retry policy is RetryUpToMaximumCountWithFixedSleep(maxRetries=15, sleepTime=1000 MILLISECONDS)
2022-03-09 17:23:24,490 [EndpointStateMachine task thread for /127.0.0.1:38239 - 0 ] INFO  ipc.Client (Client.java:handleConnectionFailure(977)) - Retrying connect to server: localhost/127.0.0.1:38239. Already tried 7 time(s); retry policy is RetryUpToMaximumCountWithFixedSleep(maxRetries=15, sleepTime=1000 MILLISECONDS)
2022-03-09 17:23:24,513 [EndpointStateMachine task thread for /127.0.0.1:45657 - 0 ] INFO  ipc.Client (Client.java:handleConnectionFailure(977)) - Retrying connect to server: localhost/127.0.0.1:45657. Already tried 7 time(s); retry policy is RetryUpToMaximumCountWithFixedSleep(maxRetries=15, sleepTime=1000 MILLISECONDS)
2022-03-09 17:23:24,550 [Datanode State Machine Daemon Thread] ERROR datanode.RunningDatanodeState (RunningDatanodeState.java:computeNextContainerState(201)) - Error in executing end point task.
java.util.concurrent.ExecutionException: java.util.concurrent.TimeoutException
	at java.util.concurrent.FutureTask.report(FutureTask.java:122)
	at java.util.concurrent.FutureTask.get(FutureTask.java:192)
	at org.apache.hadoop.ozone.container.common.states.datanode.RunningDatanodeState.computeNextContainerState(RunningDatanodeState.java:193)
	at org.apache.hadoop.ozone.container.common.states.datanode.RunningDatanodeState.await(RunningDatanodeState.java:233)
	at org.apache.hadoop.ozone.container.common.states.datanode.RunningDatanodeState.await(RunningDatanodeState.java:50)
	at org.apache.hadoop.ozone.container.common.statemachine.StateContext.execute(StateContext.java:658)
	at org.apache.hadoop.ozone.container.common.statemachine.DatanodeStateMachine.startStateMachineThread(DatanodeStateMachine.java:283)
	at org.apache.hadoop.ozone.container.common.statemachine.DatanodeStateMachine.lambda$startDaemon$0(DatanodeStateMachine.java:471)
	at java.lang.Thread.run(Thread.java:750)
Caused by: java.util.concurrent.TimeoutException
	at java.util.concurrent.FutureTask.get(FutureTask.java:205)
	at org.apache.hadoop.ozone.container.common.states.datanode.RunningDatanodeState.lambda$execute$0(RunningDatanodeState.java:151)
	at java.util.concurrent.FutureTask.run(FutureTask.java:266)
	at java.util.concurrent.Executors$RunnableAdapter.call(Executors.java:511)
	at java.util.concurrent.FutureTask.run(FutureTask.java:266)
	at java.util.concurrent.ThreadPoolExecutor.runWorker(ThreadPoolExecutor.java:1149)
	at java.util.concurrent.ThreadPoolExecutor$Worker.run(ThreadPoolExecutor.java:624)
	... 1 more
2022-03-09 17:23:24,725 [Datanode State Machine Daemon Thread] ERROR datanode.RunningDatanodeState (RunningDatanodeState.java:computeNextContainerState(201)) - Error in executing end point task.
java.util.concurrent.ExecutionException: java.util.concurrent.TimeoutException
	at java.util.concurrent.FutureTask.report(FutureTask.java:122)
	at java.util.concurrent.FutureTask.get(FutureTask.java:192)
	at org.apache.hadoop.ozone.container.common.states.datanode.RunningDatanodeState.computeNextContainerState(RunningDatanodeState.java:193)
	at org.apache.hadoop.ozone.container.common.states.datanode.RunningDatanodeState.await(RunningDatanodeState.java:233)
	at org.apache.hadoop.ozone.container.common.states.datanode.RunningDatanodeState.await(RunningDatanodeState.java:50)
	at org.apache.hadoop.ozone.container.common.statemachine.StateContext.execute(StateContext.java:658)
	at org.apache.hadoop.ozone.container.common.statemachine.DatanodeStateMachine.startStateMachineThread(DatanodeStateMachine.java:283)
	at org.apache.hadoop.ozone.container.common.statemachine.DatanodeStateMachine.lambda$startDaemon$0(DatanodeStateMachine.java:471)
	at java.lang.Thread.run(Thread.java:750)
Caused by: java.util.concurrent.TimeoutException
	at java.util.concurrent.FutureTask.get(FutureTask.java:205)
	at org.apache.hadoop.ozone.container.common.states.datanode.RunningDatanodeState.lambda$execute$0(RunningDatanodeState.java:151)
	at java.util.concurrent.FutureTask.run(FutureTask.java:266)
	at java.util.concurrent.Executors$RunnableAdapter.call(Executors.java:511)
	at java.util.concurrent.FutureTask.run(FutureTask.java:266)
	at java.util.concurrent.ThreadPoolExecutor.runWorker(ThreadPoolExecutor.java:1149)
	at java.util.concurrent.ThreadPoolExecutor$Worker.run(ThreadPoolExecutor.java:624)
	... 1 more
2022-03-09 17:23:25,001 [352514d3-16e8-44e7-9f6c-25a5b2684069@group-D5F1EC85B8FD-FollowerState] INFO  impl.FollowerState (FollowerState.java:run(134)) - 352514d3-16e8-44e7-9f6c-25a5b2684069@group-D5F1EC85B8FD-FollowerState: change to CANDIDATE, lastRpcElapsedTime:5136748848ns, electionTimeout:5126ms
2022-03-09 17:23:25,001 [352514d3-16e8-44e7-9f6c-25a5b2684069@group-D5F1EC85B8FD-FollowerState] INFO  impl.RoleInfo (RoleInfo.java:shutdownFollowerState(108)) - 352514d3-16e8-44e7-9f6c-25a5b2684069: shutdown 352514d3-16e8-44e7-9f6c-25a5b2684069@group-D5F1EC85B8FD-FollowerState
2022-03-09 17:23:25,001 [352514d3-16e8-44e7-9f6c-25a5b2684069@group-D5F1EC85B8FD-FollowerState] INFO  server.RaftServer$Division (RaftServerImpl.java:setRole(290)) - 352514d3-16e8-44e7-9f6c-25a5b2684069@group-D5F1EC85B8FD: changes role from  FOLLOWER to CANDIDATE at term 3 for changeToCandidate
2022-03-09 17:23:25,001 [352514d3-16e8-44e7-9f6c-25a5b2684069@group-D5F1EC85B8FD-FollowerState] INFO  server.RaftServerConfigKeys (ConfUtils.java:logGet(44)) - raft.server.leaderelection.pre-vote = false (custom)
2022-03-09 17:23:25,001 [352514d3-16e8-44e7-9f6c-25a5b2684069@group-D5F1EC85B8FD-FollowerState] INFO  impl.RoleInfo (RoleInfo.java:updateAndGet(130)) - 352514d3-16e8-44e7-9f6c-25a5b2684069: start 352514d3-16e8-44e7-9f6c-25a5b2684069@group-D5F1EC85B8FD-LeaderElection30
2022-03-09 17:23:25,019 [352514d3-16e8-44e7-9f6c-25a5b2684069@group-D5F1EC85B8FD-LeaderElection30] INFO  impl.LeaderElection (LeaderElection.java:askForVotes(306)) - 352514d3-16e8-44e7-9f6c-25a5b2684069@group-D5F1EC85B8FD-LeaderElection30 ELECTION round 0: submit vote requests at term 4 for -1: [8d38cd26-4da6-46a4-aba6-9da1aef73967|rpc:127.0.0.1:43435|dataStream:|priority:0, 352514d3-16e8-44e7-9f6c-25a5b2684069|rpc:127.0.0.1:37197|dataStream:|priority:1, 9cf3ac85-5088-4438-9438-d8e46945dabb|rpc:127.0.0.1:38217|dataStream:|priority:0], old=null
2022-03-09 17:23:25,044 [grpc-default-executor-1] INFO  server.RaftServer$Division (RaftServerImpl.java:requestVote(1046)) - 8d38cd26-4da6-46a4-aba6-9da1aef73967@group-D5F1EC85B8FD: receive requestVote(ELECTION, 352514d3-16e8-44e7-9f6c-25a5b2684069, group-D5F1EC85B8FD, 4, (t:0, i:0))
2022-03-09 17:23:25,044 [grpc-default-executor-1] INFO  impl.VoteContext (VoteContext.java:log(48)) - 8d38cd26-4da6-46a4-aba6-9da1aef73967@group-D5F1EC85B8FD-FOLLOWER: accept ELECTION from 352514d3-16e8-44e7-9f6c-25a5b2684069: our priority 0 <= candidate's priority 1
2022-03-09 17:23:25,044 [grpc-default-executor-1] INFO  server.RaftServer$Division (RaftServerImpl.java:setRole(290)) - 8d38cd26-4da6-46a4-aba6-9da1aef73967@group-D5F1EC85B8FD: changes role from  FOLLOWER to FOLLOWER at term 4 for candidate:352514d3-16e8-44e7-9f6c-25a5b2684069
2022-03-09 17:23:25,044 [grpc-default-executor-1] INFO  impl.RoleInfo (RoleInfo.java:shutdownFollowerState(108)) - 8d38cd26-4da6-46a4-aba6-9da1aef73967: shutdown 8d38cd26-4da6-46a4-aba6-9da1aef73967@group-D5F1EC85B8FD-FollowerState
2022-03-09 17:23:25,044 [grpc-default-executor-1] INFO  impl.RoleInfo (RoleInfo.java:updateAndGet(130)) - 8d38cd26-4da6-46a4-aba6-9da1aef73967: start 8d38cd26-4da6-46a4-aba6-9da1aef73967@group-D5F1EC85B8FD-FollowerState
2022-03-09 17:23:25,044 [8d38cd26-4da6-46a4-aba6-9da1aef73967@group-D5F1EC85B8FD-FollowerState] INFO  impl.FollowerState (FollowerState.java:run(143)) - 8d38cd26-4da6-46a4-aba6-9da1aef73967@group-D5F1EC85B8FD-FollowerState was interrupted: {}
java.lang.InterruptedException: sleep interrupted
	at java.lang.Thread.sleep(Native Method)
	at java.lang.Thread.sleep(Thread.java:342)
	at java.util.concurrent.TimeUnit.sleep(TimeUnit.java:386)
	at org.apache.ratis.util.TimeDuration.sleep(TimeDuration.java:324)
	at org.apache.ratis.util.TimeDuration.sleep(TimeDuration.java:309)
	at org.apache.ratis.server.impl.FollowerState.run(FollowerState.java:118)
2022-03-09 17:23:25,052 [grpc-default-executor-1] INFO  server.RaftServer$Division (RaftServerImpl.java:requestVote(1078)) - 8d38cd26-4da6-46a4-aba6-9da1aef73967@group-D5F1EC85B8FD replies to ELECTION vote request: 352514d3-16e8-44e7-9f6c-25a5b2684069<-8d38cd26-4da6-46a4-aba6-9da1aef73967#0:OK-t4. Peer's state: 8d38cd26-4da6-46a4-aba6-9da1aef73967@group-D5F1EC85B8FD:t4, leader=null, voted=352514d3-16e8-44e7-9f6c-25a5b2684069, raftlog=8d38cd26-4da6-46a4-aba6-9da1aef73967@group-D5F1EC85B8FD-SegmentedRaftLog:OPENED:c-1, conf=-1: [8d38cd26-4da6-46a4-aba6-9da1aef73967|rpc:127.0.0.1:43435|dataStream:|priority:0, 352514d3-16e8-44e7-9f6c-25a5b2684069|rpc:127.0.0.1:37197|dataStream:|priority:1, 9cf3ac85-5088-4438-9438-d8e46945dabb|rpc:127.0.0.1:38217|dataStream:|priority:0], old=null
2022-03-09 17:23:25,054 [352514d3-16e8-44e7-9f6c-25a5b2684069@group-D5F1EC85B8FD-LeaderElection30] INFO  impl.LeaderElection (LeaderElection.java:logAndReturn(89)) - 352514d3-16e8-44e7-9f6c-25a5b2684069@group-D5F1EC85B8FD-LeaderElection30: ELECTION PASSED received 1 response(s) and 0 exception(s):
2022-03-09 17:23:25,054 [352514d3-16e8-44e7-9f6c-25a5b2684069@group-D5F1EC85B8FD-LeaderElection30] INFO  impl.LeaderElection (LeaderElection.java:logAndReturn(93)) -   Response 0: 352514d3-16e8-44e7-9f6c-25a5b2684069<-8d38cd26-4da6-46a4-aba6-9da1aef73967#0:OK-t4
2022-03-09 17:23:25,054 [352514d3-16e8-44e7-9f6c-25a5b2684069@group-D5F1EC85B8FD-LeaderElection30] INFO  impl.LeaderElection (LeaderElection.java:askForVotes(308)) - 352514d3-16e8-44e7-9f6c-25a5b2684069@group-D5F1EC85B8FD-LeaderElection30 ELECTION round 0: result PASSED
2022-03-09 17:23:25,054 [352514d3-16e8-44e7-9f6c-25a5b2684069@group-D5F1EC85B8FD-LeaderElection30] INFO  impl.RoleInfo (RoleInfo.java:shutdownLeaderElection(121)) - 352514d3-16e8-44e7-9f6c-25a5b2684069: shutdown 352514d3-16e8-44e7-9f6c-25a5b2684069@group-D5F1EC85B8FD-LeaderElection30
2022-03-09 17:23:25,054 [352514d3-16e8-44e7-9f6c-25a5b2684069@group-D5F1EC85B8FD-LeaderElection30] INFO  server.RaftServer$Division (RaftServerImpl.java:setRole(290)) - 352514d3-16e8-44e7-9f6c-25a5b2684069@group-D5F1EC85B8FD: changes role from CANDIDATE to LEADER at term 4 for changeToLeader
2022-03-09 17:23:25,054 [352514d3-16e8-44e7-9f6c-25a5b2684069@group-D5F1EC85B8FD-LeaderElection30] INFO  ratis.XceiverServerRatis (XceiverServerRatis.java:handleLeaderChangedNotification(867)) - Leader change notification received for group: group-D5F1EC85B8FD with new leaderId: 352514d3-16e8-44e7-9f6c-25a5b2684069
2022-03-09 17:23:25,054 [352514d3-16e8-44e7-9f6c-25a5b2684069@group-D5F1EC85B8FD-LeaderElection30] INFO  server.RaftServer$Division (ServerState.java:setLeader(285)) - 352514d3-16e8-44e7-9f6c-25a5b2684069@group-D5F1EC85B8FD: change Leader from null to 352514d3-16e8-44e7-9f6c-25a5b2684069 at term 4 for becomeLeader, leader elected after 20567ms
2022-03-09 17:23:25,054 [352514d3-16e8-44e7-9f6c-25a5b2684069@group-D5F1EC85B8FD-LeaderElection30] INFO  server.RaftServerConfigKeys (ConfUtils.java:logGet(44)) - raft.server.staging.catchup.gap = 1000 (default)
2022-03-09 17:23:25,055 [352514d3-16e8-44e7-9f6c-25a5b2684069@group-D5F1EC85B8FD-LeaderElection30] INFO  server.RaftServerConfigKeys (ConfUtils.java:logGet(44)) - raft.server.write.element-limit = 1024 (custom)
2022-03-09 17:23:25,055 [352514d3-16e8-44e7-9f6c-25a5b2684069@group-D5F1EC85B8FD-LeaderElection30] INFO  server.RaftServerConfigKeys (ConfUtils.java:logGet(44)) - raft.server.write.byte-limit = 1024 M (=1073741824) (custom)
2022-03-09 17:23:25,055 [352514d3-16e8-44e7-9f6c-25a5b2684069@group-D5F1EC85B8FD-LeaderElection30] INFO  server.RaftServerConfigKeys (ConfUtils.java:logGet(44)) - raft.server.watch.timeout = 180s (custom)
2022-03-09 17:23:25,055 [352514d3-16e8-44e7-9f6c-25a5b2684069@group-D5F1EC85B8FD-LeaderElection30] INFO  server.RaftServerConfigKeys (ConfUtils.java:logGet(44)) - raft.server.watch.timeout.denomination = 1s (default)
2022-03-09 17:23:25,055 [352514d3-16e8-44e7-9f6c-25a5b2684069@group-D5F1EC85B8FD-LeaderElection30] INFO  server.RaftServerConfigKeys (ConfUtils.java:logGet(44)) - raft.server.watch.element-limit = 65536 (default)
2022-03-09 17:23:25,055 [352514d3-16e8-44e7-9f6c-25a5b2684069@group-D5F1EC85B8FD-LeaderElection30] INFO  server.RaftServerConfigKeys (ConfUtils.java:logGet(44)) - raft.server.write.element-limit = 1024 (custom)
2022-03-09 17:23:25,055 [352514d3-16e8-44e7-9f6c-25a5b2684069@group-D5F1EC85B8FD-LeaderElection30] INFO  server.RaftServerConfigKeys (ConfUtils.java:logGet(44)) - raft.server.write.follower.gap.ratio.max = -1.0 (default)
2022-03-09 17:23:25,055 [352514d3-16e8-44e7-9f6c-25a5b2684069@group-D5F1EC85B8FD-LeaderElection30] INFO  server.RaftServerConfigKeys (ConfUtils.java:logGet(44)) - raft.server.log.appender.snapshot.chunk.size.max = 16MB (=16777216) (default)
2022-03-09 17:23:25,055 [352514d3-16e8-44e7-9f6c-25a5b2684069@group-D5F1EC85B8FD-LeaderElection30] INFO  server.RaftServerConfigKeys (ConfUtils.java:logGet(44)) - raft.server.log.appender.buffer.byte-limit = 33554432 (custom)
2022-03-09 17:23:25,055 [352514d3-16e8-44e7-9f6c-25a5b2684069@group-D5F1EC85B8FD-LeaderElection30] INFO  server.RaftServerConfigKeys (ConfUtils.java:logGet(44)) - raft.server.log.appender.buffer.element-limit = 1 (custom)
2022-03-09 17:23:25,055 [352514d3-16e8-44e7-9f6c-25a5b2684069@group-D5F1EC85B8FD-LeaderElection30] INFO  grpc.GrpcConfigKeys (ConfUtils.java:logGet(44)) - raft.grpc.server.leader.outstanding.appends.max = 128 (default)
2022-03-09 17:23:25,055 [352514d3-16e8-44e7-9f6c-25a5b2684069@group-D5F1EC85B8FD-LeaderElection30] INFO  server.RaftServerConfigKeys (ConfUtils.java:logGet(44)) - raft.server.rpc.request.timeout = 60s (custom)
2022-03-09 17:23:25,056 [352514d3-16e8-44e7-9f6c-25a5b2684069@group-D5F1EC85B8FD-LeaderElection30] INFO  server.RaftServerConfigKeys (ConfUtils.java:logGet(44)) - raft.server.log.appender.install.snapshot.enabled = false (custom)
2022-03-09 17:23:25,056 [352514d3-16e8-44e7-9f6c-25a5b2684069@group-D5F1EC85B8FD-LeaderElection30] INFO  server.RaftServerConfigKeys (ConfUtils.java:logGet(44)) - raft.server.log.appender.snapshot.chunk.size.max = 16MB (=16777216) (default)
2022-03-09 17:23:25,056 [352514d3-16e8-44e7-9f6c-25a5b2684069@group-D5F1EC85B8FD-LeaderElection30] INFO  server.RaftServerConfigKeys (ConfUtils.java:logGet(44)) - raft.server.log.appender.buffer.byte-limit = 33554432 (custom)
2022-03-09 17:23:25,056 [352514d3-16e8-44e7-9f6c-25a5b2684069@group-D5F1EC85B8FD-LeaderElection30] INFO  server.RaftServerConfigKeys (ConfUtils.java:logGet(44)) - raft.server.log.appender.buffer.element-limit = 1 (custom)
2022-03-09 17:23:25,056 [352514d3-16e8-44e7-9f6c-25a5b2684069@group-D5F1EC85B8FD-LeaderElection30] INFO  grpc.GrpcConfigKeys (ConfUtils.java:logGet(44)) - raft.grpc.server.leader.outstanding.appends.max = 128 (default)
2022-03-09 17:23:25,056 [352514d3-16e8-44e7-9f6c-25a5b2684069@group-D5F1EC85B8FD-LeaderElection30] INFO  server.RaftServerConfigKeys (ConfUtils.java:logGet(44)) - raft.server.rpc.request.timeout = 60s (custom)
2022-03-09 17:23:25,056 [352514d3-16e8-44e7-9f6c-25a5b2684069@group-D5F1EC85B8FD-LeaderElection30] INFO  server.RaftServerConfigKeys (ConfUtils.java:logGet(44)) - raft.server.log.appender.install.snapshot.enabled = false (custom)
2022-03-09 17:23:25,057 [352514d3-16e8-44e7-9f6c-25a5b2684069@group-D5F1EC85B8FD-LeaderElection30] INFO  impl.RoleInfo (RoleInfo.java:updateAndGet(130)) - 352514d3-16e8-44e7-9f6c-25a5b2684069: start 352514d3-16e8-44e7-9f6c-25a5b2684069@group-D5F1EC85B8FD-LeaderStateImpl
2022-03-09 17:23:25,057 [352514d3-16e8-44e7-9f6c-25a5b2684069@group-D5F1EC85B8FD-LeaderElection30] INFO  segmented.SegmentedRaftLogWorker (SegmentedRaftLogWorker.java:startLogSegment(394)) - 352514d3-16e8-44e7-9f6c-25a5b2684069@group-D5F1EC85B8FD-SegmentedRaftLogWorker: Starting segment from index:0
2022-03-09 17:23:25,060 [EventQueue-PipelineReportForPipelineReportHandler] INFO  pipeline.PipelineManagerImpl (PipelineManagerImpl.java:openPipeline(291)) - Pipeline Pipeline[ Id: 23521788-aeaa-40a3-9537-d5f1ec85b8fd, Nodes: 9cf3ac85-5088-4438-9438-d8e46945dabb{ip: 127.0.0.1, host: localhost, ports: [REPLICATION=46769, RATIS=38217, RATIS_ADMIN=38217, RATIS_SERVER=38217, STANDALONE=33707], networkLocation: /default-rack, certSerialId: null, persistedOpState: IN_SERVICE, persistedOpStateExpiryEpochSec: 0}8d38cd26-4da6-46a4-aba6-9da1aef73967{ip: 127.0.0.1, host: localhost, ports: [REPLICATION=40367, RATIS=43435, RATIS_ADMIN=43435, RATIS_SERVER=43435, STANDALONE=39745], networkLocation: /default-rack, certSerialId: null, persistedOpState: IN_SERVICE, persistedOpStateExpiryEpochSec: 0}352514d3-16e8-44e7-9f6c-25a5b2684069{ip: 127.0.0.1, host: localhost, ports: [REPLICATION=37469, RATIS=37197, RATIS_ADMIN=37197, RATIS_SERVER=37197, STANDALONE=38249], networkLocation: /default-rack, certSerialId: null, persistedOpState: IN_SERVICE, persistedOpStateExpiryEpochSec: 0}, ReplicationConfig: RATIS/THREE, State:ALLOCATED, leaderId:352514d3-16e8-44e7-9f6c-25a5b2684069, CreationTimestamp2022-03-09T17:23:02.237Z[Etc/UTC]] moved to OPEN state
2022-03-09 17:23:25,060 [EventQueue-PipelineReportForPipelineReportHandler] INFO  pipeline.PipelineManagerImpl (PipelineManagerImpl.java:openPipeline(291)) - Pipeline Pipeline[ Id: 23521788-aeaa-40a3-9537-d5f1ec85b8fd, Nodes: 9cf3ac85-5088-4438-9438-d8e46945dabb{ip: 127.0.0.1, host: localhost, ports: [REPLICATION=46769, RATIS=38217, RATIS_ADMIN=38217, RATIS_SERVER=38217, STANDALONE=33707], networkLocation: /default-rack, certSerialId: null, persistedOpState: IN_SERVICE, persistedOpStateExpiryEpochSec: 0}8d38cd26-4da6-46a4-aba6-9da1aef73967{ip: 127.0.0.1, host: localhost, ports: [REPLICATION=40367, RATIS=43435, RATIS_ADMIN=43435, RATIS_SERVER=43435, STANDALONE=39745], networkLocation: /default-rack, certSerialId: null, persistedOpState: IN_SERVICE, persistedOpStateExpiryEpochSec: 0}352514d3-16e8-44e7-9f6c-25a5b2684069{ip: 127.0.0.1, host: localhost, ports: [REPLICATION=37469, RATIS=37197, RATIS_ADMIN=37197, RATIS_SERVER=37197, STANDALONE=38249], networkLocation: /default-rack, certSerialId: null, persistedOpState: IN_SERVICE, persistedOpStateExpiryEpochSec: 0}, ReplicationConfig: RATIS/THREE, State:ALLOCATED, leaderId:352514d3-16e8-44e7-9f6c-25a5b2684069, CreationTimestamp2022-03-09T17:23:02.237Z[Etc/UTC]] moved to OPEN state
2022-03-09 17:23:25,061 [EventQueue-OpenPipelineForHealthyPipelineSafeModeRule] INFO  safemode.SCMSafeModeManager (HealthyPipelineSafeModeRule.java:process(124)) - SCM in safe mode. Healthy pipelines reported count is 0, required healthy pipeline reported count is 1
2022-03-09 17:23:25,062 [352514d3-16e8-44e7-9f6c-25a5b2684069@group-D5F1EC85B8FD-SegmentedRaftLogWorker] INFO  segmented.SegmentedRaftLogWorker (SegmentedRaftLogWorker.java:execute(601)) - 352514d3-16e8-44e7-9f6c-25a5b2684069@group-D5F1EC85B8FD-SegmentedRaftLogWorker: created new log segment /home/runner/work/ozone/ozone/hadoop-ozone/integration-test/target/test-dir/MiniOzoneClusterImpl-aa50db73-d356-40d6-b3b5-5343d3a56795/datanode-2/data/ratis/23521788-aeaa-40a3-9537-d5f1ec85b8fd/current/log_inprogress_0
2022-03-09 17:23:25,082 [grpc-default-executor-1] INFO  server.RaftServer$Division (RaftServerImpl.java:requestVote(1046)) - 9cf3ac85-5088-4438-9438-d8e46945dabb@group-D5F1EC85B8FD: receive requestVote(ELECTION, 352514d3-16e8-44e7-9f6c-25a5b2684069, group-D5F1EC85B8FD, 4, (t:0, i:0))
2022-03-09 17:23:25,082 [grpc-default-executor-1] INFO  impl.VoteContext (VoteContext.java:log(48)) - 9cf3ac85-5088-4438-9438-d8e46945dabb@group-D5F1EC85B8FD-FOLLOWER: accept ELECTION from 352514d3-16e8-44e7-9f6c-25a5b2684069: our priority 0 <= candidate's priority 1
2022-03-09 17:23:25,082 [grpc-default-executor-1] INFO  server.RaftServer$Division (RaftServerImpl.java:setRole(290)) - 9cf3ac85-5088-4438-9438-d8e46945dabb@group-D5F1EC85B8FD: changes role from  FOLLOWER to FOLLOWER at term 4 for candidate:352514d3-16e8-44e7-9f6c-25a5b2684069
2022-03-09 17:23:25,082 [grpc-default-executor-1] INFO  impl.RoleInfo (RoleInfo.java:shutdownFollowerState(108)) - 9cf3ac85-5088-4438-9438-d8e46945dabb: shutdown 9cf3ac85-5088-4438-9438-d8e46945dabb@group-D5F1EC85B8FD-FollowerState
2022-03-09 17:23:25,091 [352514d3-16e8-44e7-9f6c-25a5b2684069@group-D5F1EC85B8FD-LeaderElection30] INFO  server.RaftServer$Division (ServerState.java:setRaftConf(387)) - 352514d3-16e8-44e7-9f6c-25a5b2684069@group-D5F1EC85B8FD: set configuration 0: [8d38cd26-4da6-46a4-aba6-9da1aef73967|rpc:127.0.0.1:43435|dataStream:|priority:0, 352514d3-16e8-44e7-9f6c-25a5b2684069|rpc:127.0.0.1:37197|dataStream:|priority:1, 9cf3ac85-5088-4438-9438-d8e46945dabb|rpc:127.0.0.1:38217|dataStream:|priority:0], old=null
2022-03-09 17:23:25,092 [grpc-default-executor-2] INFO  ratis.XceiverServerRatis (XceiverServerRatis.java:handleLeaderChangedNotification(867)) - Leader change notification received for group: group-D5F1EC85B8FD with new leaderId: 352514d3-16e8-44e7-9f6c-25a5b2684069
2022-03-09 17:23:25,092 [grpc-default-executor-2] INFO  server.RaftServer$Division (ServerState.java:setLeader(285)) - 8d38cd26-4da6-46a4-aba6-9da1aef73967@group-D5F1EC85B8FD: change Leader from null to 352514d3-16e8-44e7-9f6c-25a5b2684069 at term 4 for appendEntries, leader elected after 20697ms
2022-03-09 17:23:25,095 [9cf3ac85-5088-4438-9438-d8e46945dabb@group-D5F1EC85B8FD-FollowerState] INFO  impl.FollowerState (FollowerState.java:run(143)) - 9cf3ac85-5088-4438-9438-d8e46945dabb@group-D5F1EC85B8FD-FollowerState was interrupted: {}
java.lang.InterruptedException: sleep interrupted
	at java.lang.Thread.sleep(Native Method)
	at java.lang.Thread.sleep(Thread.java:342)
	at java.util.concurrent.TimeUnit.sleep(TimeUnit.java:386)
	at org.apache.ratis.util.TimeDuration.sleep(TimeDuration.java:324)
	at org.apache.ratis.util.TimeDuration.sleep(TimeDuration.java:309)
	at org.apache.ratis.server.impl.FollowerState.run(FollowerState.java:118)
2022-03-09 17:23:25,095 [grpc-default-executor-1] INFO  impl.RoleInfo (RoleInfo.java:updateAndGet(130)) - 9cf3ac85-5088-4438-9438-d8e46945dabb: start 9cf3ac85-5088-4438-9438-d8e46945dabb@group-D5F1EC85B8FD-FollowerState
2022-03-09 17:23:25,104 [grpc-default-executor-2] INFO  server.RaftServer$Division (ServerState.java:setRaftConf(387)) - 8d38cd26-4da6-46a4-aba6-9da1aef73967@group-D5F1EC85B8FD: set configuration 0: [8d38cd26-4da6-46a4-aba6-9da1aef73967|rpc:127.0.0.1:43435|dataStream:|priority:0, 352514d3-16e8-44e7-9f6c-25a5b2684069|rpc:127.0.0.1:37197|dataStream:|priority:1, 9cf3ac85-5088-4438-9438-d8e46945dabb|rpc:127.0.0.1:38217|dataStream:|priority:0], old=null
2022-03-09 17:23:25,104 [grpc-default-executor-2] INFO  segmented.SegmentedRaftLogWorker (SegmentedRaftLogWorker.java:startLogSegment(394)) - 8d38cd26-4da6-46a4-aba6-9da1aef73967@group-D5F1EC85B8FD-SegmentedRaftLogWorker: Starting segment from index:0
2022-03-09 17:23:25,115 [grpc-default-executor-1] INFO  server.RaftServer$Division (RaftServerImpl.java:requestVote(1078)) - 9cf3ac85-5088-4438-9438-d8e46945dabb@group-D5F1EC85B8FD replies to ELECTION vote request: 352514d3-16e8-44e7-9f6c-25a5b2684069<-9cf3ac85-5088-4438-9438-d8e46945dabb#0:OK-t4. Peer's state: 9cf3ac85-5088-4438-9438-d8e46945dabb@group-D5F1EC85B8FD:t4, leader=null, voted=352514d3-16e8-44e7-9f6c-25a5b2684069, raftlog=9cf3ac85-5088-4438-9438-d8e46945dabb@group-D5F1EC85B8FD-SegmentedRaftLog:OPENED:c-1, conf=-1: [8d38cd26-4da6-46a4-aba6-9da1aef73967|rpc:127.0.0.1:43435|priority:0, 352514d3-16e8-44e7-9f6c-25a5b2684069|rpc:127.0.0.1:37197|priority:1, 9cf3ac85-5088-4438-9438-d8e46945dabb|rpc:127.0.0.1:38217|priority:0], old=null
2022-03-09 17:23:25,116 [8d38cd26-4da6-46a4-aba6-9da1aef73967@group-D5F1EC85B8FD-SegmentedRaftLogWorker] INFO  segmented.SegmentedRaftLogWorker (SegmentedRaftLogWorker.java:execute(601)) - 8d38cd26-4da6-46a4-aba6-9da1aef73967@group-D5F1EC85B8FD-SegmentedRaftLogWorker: created new log segment /home/runner/work/ozone/ozone/hadoop-ozone/integration-test/target/test-dir/MiniOzoneClusterImpl-aa50db73-d356-40d6-b3b5-5343d3a56795/datanode-1/data/ratis/23521788-aeaa-40a3-9537-d5f1ec85b8fd/current/log_inprogress_0
2022-03-09 17:23:25,116 [grpc-default-executor-0] INFO  ratis.XceiverServerRatis (XceiverServerRatis.java:handleLeaderChangedNotification(867)) - Leader change notification received for group: group-D5F1EC85B8FD with new leaderId: 352514d3-16e8-44e7-9f6c-25a5b2684069
2022-03-09 17:23:25,116 [grpc-default-executor-0] INFO  server.RaftServer$Division (ServerState.java:setLeader(285)) - 9cf3ac85-5088-4438-9438-d8e46945dabb@group-D5F1EC85B8FD: change Leader from null to 352514d3-16e8-44e7-9f6c-25a5b2684069 at term 4 for appendEntries, leader elected after 20791ms
2022-03-09 17:23:25,117 [Listener at 127.0.0.1/45999] INFO  ozone.MiniOzoneClusterImpl (MiniOzoneClusterImpl.java:lambda$waitForClusterToBeReady$0(219)) - Nodes are ready. Got 3 of 3 DN Heartbeats.
2022-03-09 17:23:25,117 [Listener at 127.0.0.1/45999] INFO  ozone.MiniOzoneClusterImpl (MiniOzoneClusterImpl.java:lambda$waitForClusterToBeReady$0(222)) - Waiting for cluster to exit safe mode
2022-03-09 17:23:25,117 [Listener at 127.0.0.1/45999] INFO  ozone.MiniOzoneClusterImpl (MiniOzoneClusterImpl.java:lambda$waitForClusterToBeReady$0(224)) - SCM became leader
2022-03-09 17:23:25,130 [grpc-default-executor-0] INFO  server.RaftServer$Division (ServerState.java:setRaftConf(387)) - 9cf3ac85-5088-4438-9438-d8e46945dabb@group-D5F1EC85B8FD: set configuration 0: [8d38cd26-4da6-46a4-aba6-9da1aef73967|rpc:127.0.0.1:43435|dataStream:|priority:0, 352514d3-16e8-44e7-9f6c-25a5b2684069|rpc:127.0.0.1:37197|dataStream:|priority:1, 9cf3ac85-5088-4438-9438-d8e46945dabb|rpc:127.0.0.1:38217|dataStream:|priority:0], old=null
2022-03-09 17:23:25,130 [grpc-default-executor-0] INFO  segmented.SegmentedRaftLogWorker (SegmentedRaftLogWorker.java:startLogSegment(394)) - 9cf3ac85-5088-4438-9438-d8e46945dabb@group-D5F1EC85B8FD-SegmentedRaftLogWorker: Starting segment from index:0
2022-03-09 17:23:25,131 [ab171f79-80bf-4db9-ba30-7c5fcf45ffba@group-5343D3A56795-StateMachineUpdater] INFO  safemode.HealthyPipelineSafeModeRule (HealthyPipelineSafeModeRule.java:initializeRule(152)) - Refreshed total pipeline count is 1, healthy pipeline threshold count is 1
2022-03-09 17:23:25,131 [EventQueue-OpenPipelineForHealthyPipelineSafeModeRule] INFO  safemode.SCMSafeModeManager (HealthyPipelineSafeModeRule.java:process(124)) - SCM in safe mode. Healthy pipelines reported count is 1, required healthy pipeline reported count is 1
2022-03-09 17:23:25,131 [EventQueue-OpenPipelineForHealthyPipelineSafeModeRule] INFO  safemode.SCMSafeModeManager (SCMSafeModeManager.java:validateSafeModeExitRules(204)) - HealthyPipelineSafeModeRule rule is successfully validated
2022-03-09 17:23:25,131 [EventQueue-OpenPipelineForHealthyPipelineSafeModeRule] INFO  safemode.SCMSafeModeManager (SCMSafeModeManager.java:validateSafeModeExitRules(219)) - ScmSafeModeManager, all rules are successfully validated
2022-03-09 17:23:25,131 [EventQueue-OpenPipelineForHealthyPipelineSafeModeRule] INFO  safemode.SCMSafeModeManager (SCMSafeModeManager.java:exitSafeMode(248)) - SCM exiting safe mode.
2022-03-09 17:23:25,131 [EventQueue-OpenPipelineForHealthyPipelineSafeModeRule] WARN  events.EventQueue (EventQueue.java:fireEvent(194)) - No event handler registered for event TypedEvent{payloadType=SafeModeStatus, name='Safe mode status'}
2022-03-09 17:23:25,131 [EventQueue-OpenPipelineForHealthyPipelineSafeModeRule] INFO  ha.SCMContext (SCMContext.java:updateSafeModeStatus(211)) - Update SafeModeStatus from SafeModeStatus{safeModeStatus=true, preCheckPassed=true} to SafeModeStatus{safeModeStatus=false, preCheckPassed=true}.
2022-03-09 17:23:25,131 [EventQueue-OpenPipelineForHealthyPipelineSafeModeRule] INFO  container.ReplicationManager (ReplicationManager.java:notifyStatusChanged(1807)) - Service ReplicationManager transitions to RUNNING.
2022-03-09 17:23:25,135 [9cf3ac85-5088-4438-9438-d8e46945dabb@group-D5F1EC85B8FD-SegmentedRaftLogWorker] INFO  segmented.SegmentedRaftLogWorker (SegmentedRaftLogWorker.java:execute(601)) - 9cf3ac85-5088-4438-9438-d8e46945dabb@group-D5F1EC85B8FD-SegmentedRaftLogWorker: created new log segment /home/runner/work/ozone/ozone/hadoop-ozone/integration-test/target/test-dir/MiniOzoneClusterImpl-aa50db73-d356-40d6-b3b5-5343d3a56795/datanode-0/data/ratis/23521788-aeaa-40a3-9537-d5f1ec85b8fd/current/log_inprogress_0
2022-03-09 17:23:25,136 [dae587cf-c5b5-4dcf-9320-ec0de1a92622@group-5343D3A56795-StateMachineUpdater] INFO  safemode.HealthyPipelineSafeModeRule (HealthyPipelineSafeModeRule.java:initializeRule(152)) - Refreshed total pipeline count is 1, healthy pipeline threshold count is 1
2022-03-09 17:23:25,136 [dae587cf-c5b5-4dcf-9320-ec0de1a92622@group-5343D3A56795-StateMachineUpdater] INFO  ha.SCMStateMachine (SCMStateMachine.java:takeSnapshot(297)) - Current Snapshot Index 23, takeSnapshot took 0 ms
2022-03-09 17:23:25,136 [dae587cf-c5b5-4dcf-9320-ec0de1a92622@group-5343D3A56795-StateMachineUpdater] INFO  impl.StateMachineUpdater (StateMachineUpdater.java:takeSnapshot(281)) - dae587cf-c5b5-4dcf-9320-ec0de1a92622@group-5343D3A56795-StateMachineUpdater: Took a snapshot at index 23
2022-03-09 17:23:25,136 [dae587cf-c5b5-4dcf-9320-ec0de1a92622@group-5343D3A56795-StateMachineUpdater] INFO  impl.StateMachineUpdater (StateMachineUpdater.java:lambda$new$0(89)) - dae587cf-c5b5-4dcf-9320-ec0de1a92622@group-5343D3A56795-StateMachineUpdater: snapshotIndex: updateIncreasingly 18 -> 23
2022-03-09 17:23:25,136 [dae587cf-c5b5-4dcf-9320-ec0de1a92622@group-5343D3A56795-StateMachineUpdater] INFO  raftlog.RaftLog (RaftLogBase.java:purge(306)) - dae587cf-c5b5-4dcf-9320-ec0de1a92622@group-5343D3A56795-SegmentedRaftLog: purge 23
2022-03-09 17:23:25,136 [dae587cf-c5b5-4dcf-9320-ec0de1a92622@group-5343D3A56795-StateMachineUpdater] INFO  raftlog.RaftLog (RaftLogBase.java:lambda$new$0(53)) - dae587cf-c5b5-4dcf-9320-ec0de1a92622@group-5343D3A56795-SegmentedRaftLog: snapshotIndex: updateIncreasingly 18 -> 23
2022-03-09 17:23:25,136 [dae587cf-c5b5-4dcf-9320-ec0de1a92622@group-5343D3A56795-StateMachineUpdater] INFO  raftlog.RaftLog (RaftLogBase.java:lambda$new$0(53)) - dae587cf-c5b5-4dcf-9320-ec0de1a92622@group-5343D3A56795-SegmentedRaftLog: purgeIndex: updateToMax old=18, new=23, updated? true
2022-03-09 17:23:25,289 [352514d3-16e8-44e7-9f6c-25a5b2684069@group-F4C19FBCF0D5-FollowerState] INFO  impl.FollowerState (FollowerState.java:run(134)) - 352514d3-16e8-44e7-9f6c-25a5b2684069@group-F4C19FBCF0D5-FollowerState: change to CANDIDATE, lastRpcElapsedTime:5037053006ns, electionTimeout:5026ms
2022-03-09 17:23:25,289 [352514d3-16e8-44e7-9f6c-25a5b2684069@group-F4C19FBCF0D5-FollowerState] INFO  impl.RoleInfo (RoleInfo.java:shutdownFollowerState(108)) - 352514d3-16e8-44e7-9f6c-25a5b2684069: shutdown 352514d3-16e8-44e7-9f6c-25a5b2684069@group-F4C19FBCF0D5-FollowerState
2022-03-09 17:23:25,289 [352514d3-16e8-44e7-9f6c-25a5b2684069@group-F4C19FBCF0D5-FollowerState] INFO  server.RaftServer$Division (RaftServerImpl.java:setRole(290)) - 352514d3-16e8-44e7-9f6c-25a5b2684069@group-F4C19FBCF0D5: changes role from  FOLLOWER to CANDIDATE at term 3 for changeToCandidate
2022-03-09 17:23:25,289 [352514d3-16e8-44e7-9f6c-25a5b2684069@group-F4C19FBCF0D5-FollowerState] INFO  server.RaftServerConfigKeys (ConfUtils.java:logGet(44)) - raft.server.leaderelection.pre-vote = false (custom)
2022-03-09 17:23:25,289 [352514d3-16e8-44e7-9f6c-25a5b2684069@group-F4C19FBCF0D5-FollowerState] INFO  impl.RoleInfo (RoleInfo.java:updateAndGet(130)) - 352514d3-16e8-44e7-9f6c-25a5b2684069: start 352514d3-16e8-44e7-9f6c-25a5b2684069@group-F4C19FBCF0D5-LeaderElection31
2022-03-09 17:23:25,318 [352514d3-16e8-44e7-9f6c-25a5b2684069@group-F4C19FBCF0D5-LeaderElection31] INFO  impl.LeaderElection (LeaderElection.java:askForVotes(306)) - 352514d3-16e8-44e7-9f6c-25a5b2684069@group-F4C19FBCF0D5-LeaderElection31 ELECTION round 0: submit vote requests at term 4 for -1: [8d38cd26-4da6-46a4-aba6-9da1aef73967|rpc:127.0.0.1:43435|dataStream:|priority:0, 352514d3-16e8-44e7-9f6c-25a5b2684069|rpc:127.0.0.1:37197|dataStream:|priority:0, 9cf3ac85-5088-4438-9438-d8e46945dabb|rpc:127.0.0.1:38217|dataStream:|priority:1], old=null
2022-03-09 17:23:25,347 [grpc-default-executor-0] INFO  server.RaftServer$Division (RaftServerImpl.java:requestVote(1046)) - 8d38cd26-4da6-46a4-aba6-9da1aef73967@group-F4C19FBCF0D5: receive requestVote(ELECTION, 352514d3-16e8-44e7-9f6c-25a5b2684069, group-F4C19FBCF0D5, 4, (t:0, i:0))
2022-03-09 17:23:25,348 [grpc-default-executor-0] INFO  impl.VoteContext (VoteContext.java:log(48)) - 8d38cd26-4da6-46a4-aba6-9da1aef73967@group-F4C19FBCF0D5-FOLLOWER: accept ELECTION from 352514d3-16e8-44e7-9f6c-25a5b2684069: our priority 0 <= candidate's priority 0
2022-03-09 17:23:25,348 [grpc-default-executor-0] INFO  server.RaftServer$Division (RaftServerImpl.java:setRole(290)) - 8d38cd26-4da6-46a4-aba6-9da1aef73967@group-F4C19FBCF0D5: changes role from  FOLLOWER to FOLLOWER at term 4 for candidate:352514d3-16e8-44e7-9f6c-25a5b2684069
2022-03-09 17:23:25,348 [grpc-default-executor-0] INFO  impl.RoleInfo (RoleInfo.java:shutdownFollowerState(108)) - 8d38cd26-4da6-46a4-aba6-9da1aef73967: shutdown 8d38cd26-4da6-46a4-aba6-9da1aef73967@group-F4C19FBCF0D5-FollowerState
2022-03-09 17:23:25,348 [8d38cd26-4da6-46a4-aba6-9da1aef73967@group-F4C19FBCF0D5-FollowerState] INFO  impl.FollowerState (FollowerState.java:run(143)) - 8d38cd26-4da6-46a4-aba6-9da1aef73967@group-F4C19FBCF0D5-FollowerState was interrupted: {}
java.lang.InterruptedException: sleep interrupted
	at java.lang.Thread.sleep(Native Method)
	at java.lang.Thread.sleep(Thread.java:342)
	at java.util.concurrent.TimeUnit.sleep(TimeUnit.java:386)
	at org.apache.ratis.util.TimeDuration.sleep(TimeDuration.java:324)
	at org.apache.ratis.util.TimeDuration.sleep(TimeDuration.java:309)
	at org.apache.ratis.server.impl.FollowerState.run(FollowerState.java:118)
2022-03-09 17:23:25,348 [grpc-default-executor-0] INFO  impl.RoleInfo (RoleInfo.java:updateAndGet(130)) - 8d38cd26-4da6-46a4-aba6-9da1aef73967: start 8d38cd26-4da6-46a4-aba6-9da1aef73967@group-F4C19FBCF0D5-FollowerState
2022-03-09 17:23:25,356 [9cf3ac85-5088-4438-9438-d8e46945dabb@group-F4C19FBCF0D5-FollowerState] INFO  impl.FollowerState (FollowerState.java:run(134)) - 9cf3ac85-5088-4438-9438-d8e46945dabb@group-F4C19FBCF0D5-FollowerState: change to CANDIDATE, lastRpcElapsedTime:5108106501ns, electionTimeout:5105ms
2022-03-09 17:23:25,365 [9cf3ac85-5088-4438-9438-d8e46945dabb@group-F4C19FBCF0D5-FollowerState] INFO  impl.RoleInfo (RoleInfo.java:shutdownFollowerState(108)) - 9cf3ac85-5088-4438-9438-d8e46945dabb: shutdown 9cf3ac85-5088-4438-9438-d8e46945dabb@group-F4C19FBCF0D5-FollowerState
2022-03-09 17:23:25,365 [9cf3ac85-5088-4438-9438-d8e46945dabb@group-F4C19FBCF0D5-FollowerState] INFO  server.RaftServer$Division (RaftServerImpl.java:setRole(290)) - 9cf3ac85-5088-4438-9438-d8e46945dabb@group-F4C19FBCF0D5: changes role from  FOLLOWER to CANDIDATE at term 3 for changeToCandidate
2022-03-09 17:23:25,355 [grpc-default-executor-3] INFO  server.RaftServer$Division (RaftServerImpl.java:requestVote(1046)) - 9cf3ac85-5088-4438-9438-d8e46945dabb@group-F4C19FBCF0D5: receive requestVote(ELECTION, 352514d3-16e8-44e7-9f6c-25a5b2684069, group-F4C19FBCF0D5, 4, (t:0, i:0))
2022-03-09 17:23:25,372 [9cf3ac85-5088-4438-9438-d8e46945dabb@group-F4C19FBCF0D5-FollowerState] INFO  server.RaftServerConfigKeys (ConfUtils.java:logGet(44)) - raft.server.leaderelection.pre-vote = false (custom)
2022-03-09 17:23:25,372 [9cf3ac85-5088-4438-9438-d8e46945dabb@group-F4C19FBCF0D5-FollowerState] INFO  impl.RoleInfo (RoleInfo.java:updateAndGet(130)) - 9cf3ac85-5088-4438-9438-d8e46945dabb: start 9cf3ac85-5088-4438-9438-d8e46945dabb@group-F4C19FBCF0D5-LeaderElection32
2022-03-09 17:23:25,372 [grpc-default-executor-0] INFO  server.RaftServer$Division (RaftServerImpl.java:requestVote(1078)) - 8d38cd26-4da6-46a4-aba6-9da1aef73967@group-F4C19FBCF0D5 replies to ELECTION vote request: 352514d3-16e8-44e7-9f6c-25a5b2684069<-8d38cd26-4da6-46a4-aba6-9da1aef73967#0:OK-t4. Peer's state: 8d38cd26-4da6-46a4-aba6-9da1aef73967@group-F4C19FBCF0D5:t4, leader=null, voted=352514d3-16e8-44e7-9f6c-25a5b2684069, raftlog=8d38cd26-4da6-46a4-aba6-9da1aef73967@group-F4C19FBCF0D5-SegmentedRaftLog:OPENED:c-1, conf=-1: [8d38cd26-4da6-46a4-aba6-9da1aef73967|rpc:127.0.0.1:43435|dataStream:|priority:0, 352514d3-16e8-44e7-9f6c-25a5b2684069|rpc:127.0.0.1:37197|dataStream:|priority:0, 9cf3ac85-5088-4438-9438-d8e46945dabb|rpc:127.0.0.1:38217|dataStream:|priority:1], old=null
2022-03-09 17:23:25,383 [grpc-default-executor-3] INFO  impl.VoteContext (VoteContext.java:log(48)) - 9cf3ac85-5088-4438-9438-d8e46945dabb@group-F4C19FBCF0D5-CANDIDATE: reject ELECTION from 352514d3-16e8-44e7-9f6c-25a5b2684069: our priority 1 > candidate's priority 0
2022-03-09 17:23:25,383 [grpc-default-executor-3] INFO  server.RaftServer$Division (RaftServerImpl.java:setRole(290)) - 9cf3ac85-5088-4438-9438-d8e46945dabb@group-F4C19FBCF0D5: changes role from CANDIDATE to FOLLOWER at term 4 for candidate:352514d3-16e8-44e7-9f6c-25a5b2684069
2022-03-09 17:23:25,383 [grpc-default-executor-3] INFO  impl.RoleInfo (RoleInfo.java:shutdownLeaderElection(121)) - 9cf3ac85-5088-4438-9438-d8e46945dabb: shutdown 9cf3ac85-5088-4438-9438-d8e46945dabb@group-F4C19FBCF0D5-LeaderElection32
2022-03-09 17:23:25,383 [9cf3ac85-5088-4438-9438-d8e46945dabb@group-F4C19FBCF0D5-LeaderElection32] INFO  impl.LeaderElection (LeaderElection.java:run(230)) - 9cf3ac85-5088-4438-9438-d8e46945dabb@group-F4C19FBCF0D5-LeaderElection32: skip running since this is already CLOSING
2022-03-09 17:23:25,383 [grpc-default-executor-3] INFO  impl.RoleInfo (RoleInfo.java:updateAndGet(130)) - 9cf3ac85-5088-4438-9438-d8e46945dabb: start 9cf3ac85-5088-4438-9438-d8e46945dabb@group-F4C19FBCF0D5-FollowerState
2022-03-09 17:23:25,414 [grpc-default-executor-3] INFO  server.RaftServer$Division (RaftServerImpl.java:requestVote(1078)) - 9cf3ac85-5088-4438-9438-d8e46945dabb@group-F4C19FBCF0D5 replies to ELECTION vote request: 352514d3-16e8-44e7-9f6c-25a5b2684069<-9cf3ac85-5088-4438-9438-d8e46945dabb#0:FAIL-t4. Peer's state: 9cf3ac85-5088-4438-9438-d8e46945dabb@group-F4C19FBCF0D5:t4, leader=null, voted=null, raftlog=9cf3ac85-5088-4438-9438-d8e46945dabb@group-F4C19FBCF0D5-SegmentedRaftLog:OPENED:c-1, conf=-1: [8d38cd26-4da6-46a4-aba6-9da1aef73967|rpc:127.0.0.1:43435|priority:0, 352514d3-16e8-44e7-9f6c-25a5b2684069|rpc:127.0.0.1:37197|priority:0, 9cf3ac85-5088-4438-9438-d8e46945dabb|rpc:127.0.0.1:38217|priority:1], old=null
2022-03-09 17:23:25,415 [352514d3-16e8-44e7-9f6c-25a5b2684069@group-F4C19FBCF0D5-LeaderElection31] INFO  impl.LeaderElection (LeaderElection.java:logAndReturn(89)) - 352514d3-16e8-44e7-9f6c-25a5b2684069@group-F4C19FBCF0D5-LeaderElection31: ELECTION REJECTED received 2 response(s) and 0 exception(s):
2022-03-09 17:23:25,415 [352514d3-16e8-44e7-9f6c-25a5b2684069@group-F4C19FBCF0D5-LeaderElection31] INFO  impl.LeaderElection (LeaderElection.java:logAndReturn(93)) -   Response 0: 352514d3-16e8-44e7-9f6c-25a5b2684069<-8d38cd26-4da6-46a4-aba6-9da1aef73967#0:OK-t4
2022-03-09 17:23:25,415 [352514d3-16e8-44e7-9f6c-25a5b2684069@group-F4C19FBCF0D5-LeaderElection31] INFO  impl.LeaderElection (LeaderElection.java:logAndReturn(93)) -   Response 1: 352514d3-16e8-44e7-9f6c-25a5b2684069<-9cf3ac85-5088-4438-9438-d8e46945dabb#0:FAIL-t4
2022-03-09 17:23:25,415 [352514d3-16e8-44e7-9f6c-25a5b2684069@group-F4C19FBCF0D5-LeaderElection31] INFO  impl.LeaderElection (LeaderElection.java:askForVotes(308)) - 352514d3-16e8-44e7-9f6c-25a5b2684069@group-F4C19FBCF0D5-LeaderElection31 ELECTION round 0: result REJECTED
2022-03-09 17:23:25,415 [352514d3-16e8-44e7-9f6c-25a5b2684069@group-F4C19FBCF0D5-LeaderElection31] INFO  server.RaftServer$Division (RaftServerImpl.java:setRole(290)) - 352514d3-16e8-44e7-9f6c-25a5b2684069@group-F4C19FBCF0D5: changes role from CANDIDATE to FOLLOWER at term 4 for REJECTED
2022-03-09 17:23:25,415 [352514d3-16e8-44e7-9f6c-25a5b2684069@group-F4C19FBCF0D5-LeaderElection31] INFO  impl.RoleInfo (RoleInfo.java:shutdownLeaderElection(121)) - 352514d3-16e8-44e7-9f6c-25a5b2684069: shutdown 352514d3-16e8-44e7-9f6c-25a5b2684069@group-F4C19FBCF0D5-LeaderElection31
2022-03-09 17:23:25,415 [352514d3-16e8-44e7-9f6c-25a5b2684069@group-F4C19FBCF0D5-LeaderElection31] INFO  impl.RoleInfo (RoleInfo.java:updateAndGet(130)) - 352514d3-16e8-44e7-9f6c-25a5b2684069: start 352514d3-16e8-44e7-9f6c-25a5b2684069@group-F4C19FBCF0D5-FollowerState
2022-03-09 17:23:25,469 [EndpointStateMachine task thread for /127.0.0.1:40365 - 0 ] INFO  ipc.Client (Client.java:handleConnectionFailure(977)) - Retrying connect to server: localhost/127.0.0.1:40365. Already tried 8 time(s); retry policy is RetryUpToMaximumCountWithFixedSleep(maxRetries=15, sleepTime=1000 MILLISECONDS)
2022-03-09 17:23:25,490 [EndpointStateMachine task thread for /127.0.0.1:38239 - 0 ] INFO  ipc.Client (Client.java:handleConnectionFailure(977)) - Retrying connect to server: localhost/127.0.0.1:38239. Already tried 8 time(s); retry policy is RetryUpToMaximumCountWithFixedSleep(maxRetries=15, sleepTime=1000 MILLISECONDS)
2022-03-09 17:23:25,513 [EndpointStateMachine task thread for /127.0.0.1:45657 - 0 ] INFO  ipc.Client (Client.java:handleConnectionFailure(977)) - Retrying connect to server: localhost/127.0.0.1:45657. Already tried 8 time(s); retry policy is RetryUpToMaximumCountWithFixedSleep(maxRetries=15, sleepTime=1000 MILLISECONDS)
2022-03-09 17:23:25,727 [Datanode State Machine Daemon Thread] ERROR datanode.RunningDatanodeState (RunningDatanodeState.java:computeNextContainerState(201)) - Error in executing end point task.
java.util.concurrent.ExecutionException: java.util.concurrent.TimeoutException
	at java.util.concurrent.FutureTask.report(FutureTask.java:122)
	at java.util.concurrent.FutureTask.get(FutureTask.java:192)
	at org.apache.hadoop.ozone.container.common.states.datanode.RunningDatanodeState.computeNextContainerState(RunningDatanodeState.java:193)
	at org.apache.hadoop.ozone.container.common.states.datanode.RunningDatanodeState.await(RunningDatanodeState.java:233)
	at org.apache.hadoop.ozone.container.common.states.datanode.RunningDatanodeState.await(RunningDatanodeState.java:50)
	at org.apache.hadoop.ozone.container.common.statemachine.StateContext.execute(StateContext.java:658)
	at org.apache.hadoop.ozone.container.common.statemachine.DatanodeStateMachine.startStateMachineThread(DatanodeStateMachine.java:283)
	at org.apache.hadoop.ozone.container.common.statemachine.DatanodeStateMachine.lambda$startDaemon$0(DatanodeStateMachine.java:471)
	at java.lang.Thread.run(Thread.java:750)
Caused by: java.util.concurrent.TimeoutException
	at java.util.concurrent.FutureTask.get(FutureTask.java:205)
	at org.apache.hadoop.ozone.container.common.states.datanode.RunningDatanodeState.lambda$execute$0(RunningDatanodeState.java:151)
	at java.util.concurrent.FutureTask.run(FutureTask.java:266)
	at java.util.concurrent.Executors$RunnableAdapter.call(Executors.java:511)
	at java.util.concurrent.FutureTask.run(FutureTask.java:266)
	at java.util.concurrent.ThreadPoolExecutor.runWorker(ThreadPoolExecutor.java:1149)
	at java.util.concurrent.ThreadPoolExecutor$Worker.run(ThreadPoolExecutor.java:624)
	... 1 more
2022-03-09 17:23:26,118 [Listener at 127.0.0.1/45999] INFO  ozone.MiniOzoneClusterImpl (MiniOzoneClusterImpl.java:lambda$waitForClusterToBeReady$0(219)) - Nodes are ready. Got 3 of 3 DN Heartbeats.
2022-03-09 17:23:26,118 [Listener at 127.0.0.1/45999] INFO  ozone.MiniOzoneClusterImpl (MiniOzoneClusterImpl.java:lambda$waitForClusterToBeReady$0(222)) - Cluster exits safe mode
2022-03-09 17:23:26,118 [Listener at 127.0.0.1/45999] INFO  ozone.MiniOzoneClusterImpl (MiniOzoneClusterImpl.java:lambda$waitForClusterToBeReady$0(224)) - SCM became leader
2022-03-09 17:23:26,118 [Listener at 127.0.0.1/45999] INFO  server.StorageContainerManager (StorageContainerManager.java:start(1327)) - StorageContainerLocationProtocol RPC server is listening at /0.0.0.0:41507
2022-03-09 17:23:26,119 [Listener at 127.0.0.1/45999] INFO  ha.SCMRatisServerImpl (SCMRatisServerImpl.java:start(177)) - starting ratis server 0.0.0.0:45265
2022-03-09 17:23:26,119 [Listener at 127.0.0.1/45999] INFO  server.RaftServer$Division (RaftServerImpl.java:start(304)) - bef7ff01-9206-4ecd-9ab6-73c02c958dab@group-5343D3A56795: start with initializing state, conf=-1: [], old=null
2022-03-09 17:23:26,119 [Listener at 127.0.0.1/45999] INFO  server.RaftServer$Division (RaftServerImpl.java:setRole(290)) - bef7ff01-9206-4ecd-9ab6-73c02c958dab@group-5343D3A56795: changes role from      null to FOLLOWER at term 0 for startInitializing
2022-03-09 17:23:26,120 [Listener at 127.0.0.1/45999] INFO  util.JmxRegister (JmxRegister.java:tryRegister(44)) - Successfully registered JMX Bean with object name Ratis:service=RaftServer,group=group-5343D3A56795,id=bef7ff01-9206-4ecd-9ab6-73c02c958dab
2022-03-09 17:23:26,127 [Listener at 127.0.0.1/45999] INFO  server.RaftServer (RaftServerProxy.java:lambda$start$5(374)) - bef7ff01-9206-4ecd-9ab6-73c02c958dab: start RPC server
2022-03-09 17:23:26,127 [Listener at 127.0.0.1/45999] INFO  server.GrpcService (GrpcService.java:startImpl(253)) - bef7ff01-9206-4ecd-9ab6-73c02c958dab: GrpcService started, listening on 45265
2022-03-09 17:23:26,128 [Listener at 127.0.0.1/45999] INFO  ha.SCMNodeInfo (SCMNodeInfo.java:getPort(197)) - ConfigKey ozone.scm.client.address is deprecated, For configuring different ports for each SCM use PortConfigKey ozone.scm.client.port appended with serviceId and nodeId
2022-03-09 17:23:26,128 [Listener at 127.0.0.1/45999] INFO  ha.SCMNodeInfo (SCMNodeInfo.java:getPort(197)) - ConfigKey ozone.scm.block.client.address is deprecated, For configuring different ports for each SCM use PortConfigKey ozone.scm.block.client.port appended with serviceId and nodeId
2022-03-09 17:23:26,128 [Listener at 127.0.0.1/45999] INFO  ha.SCMNodeInfo (SCMNodeInfo.java:getPort(197)) - ConfigKey ozone.scm.datanode.address is deprecated, For configuring different ports for each SCM use PortConfigKey ozone.scm.datanode.port appended with serviceId and nodeId
2022-03-09 17:23:26,129 [Listener at 127.0.0.1/45999] INFO  ha.SCMNodeInfo (SCMNodeInfo.java:getPort(197)) - ConfigKey ozone.scm.client.address is deprecated, For configuring different ports for each SCM use PortConfigKey ozone.scm.client.port appended with serviceId and nodeId
2022-03-09 17:23:26,129 [Listener at 127.0.0.1/45999] INFO  ha.SCMNodeInfo (SCMNodeInfo.java:getPort(197)) - ConfigKey ozone.scm.block.client.address is deprecated, For configuring different ports for each SCM use PortConfigKey ozone.scm.block.client.port appended with serviceId and nodeId
2022-03-09 17:23:26,129 [Listener at 127.0.0.1/45999] INFO  ha.SCMNodeInfo (SCMNodeInfo.java:getPort(197)) - ConfigKey ozone.scm.datanode.address is deprecated, For configuring different ports for each SCM use PortConfigKey ozone.scm.datanode.port appended with serviceId and nodeId
2022-03-09 17:23:26,129 [Listener at 127.0.0.1/45999] INFO  ha.SCMNodeInfo (SCMNodeInfo.java:getPort(197)) - ConfigKey ozone.scm.client.address is deprecated, For configuring different ports for each SCM use PortConfigKey ozone.scm.client.port appended with serviceId and nodeId
2022-03-09 17:23:26,129 [Listener at 127.0.0.1/45999] INFO  ha.SCMNodeInfo (SCMNodeInfo.java:getPort(197)) - ConfigKey ozone.scm.block.client.address is deprecated, For configuring different ports for each SCM use PortConfigKey ozone.scm.block.client.port appended with serviceId and nodeId
2022-03-09 17:23:26,129 [Listener at 127.0.0.1/45999] INFO  ha.SCMNodeInfo (SCMNodeInfo.java:getPort(197)) - ConfigKey ozone.scm.datanode.address is deprecated, For configuring different ports for each SCM use PortConfigKey ozone.scm.datanode.port appended with serviceId and nodeId
2022-03-09 17:23:26,130 [org.apache.ratis.util.JvmPauseMonitor$$Lambda$503/957387062@1882d998] INFO  util.JvmPauseMonitor (JvmPauseMonitor.java:run(103)) - JvmPauseMonitor-bef7ff01-9206-4ecd-9ab6-73c02c958dab: Started
2022-03-09 17:23:26,141 [IPC Server handler 3 on default port 38891] INFO  ha.SCMRatisServerImpl (SCMRatisServerImpl.java:addSCM(292)) - ab171f79-80bf-4db9-ba30-7c5fcf45ffba: Submitting SetConfiguration request to Ratis server with new SCM peers list: [ab171f79-80bf-4db9-ba30-7c5fcf45ffba|rpc:localhost:39455|admin:|client:|dataStream:|priority:0, dae587cf-c5b5-4dcf-9320-ec0de1a92622|rpc:localhost:44301|priority:0, bef7ff01-9206-4ecd-9ab6-73c02c958dab|rpc:localhost:45265|priority:0]
2022-03-09 17:23:26,141 [IPC Server handler 3 on default port 38891] INFO  server.RaftServer$Division (RaftServerImpl.java:setConfigurationAsync(974)) - ab171f79-80bf-4db9-ba30-7c5fcf45ffba@group-5343D3A56795: receive setConfiguration SetConfigurationRequest:client-A529903A5F30->ab171f79-80bf-4db9-ba30-7c5fcf45ffba@group-5343D3A56795, cid=10, seq=0, RW, null, peers:[ab171f79-80bf-4db9-ba30-7c5fcf45ffba|rpc:localhost:39455|admin:|client:|dataStream:|priority:0, dae587cf-c5b5-4dcf-9320-ec0de1a92622|rpc:localhost:44301|priority:0, bef7ff01-9206-4ecd-9ab6-73c02c958dab|rpc:localhost:45265|priority:0]
2022-03-09 17:23:26,141 [IPC Server handler 3 on default port 38891] INFO  server.RaftServer$Division (LeaderStateImpl.java:startSetConfiguration(358)) - ab171f79-80bf-4db9-ba30-7c5fcf45ffba@group-5343D3A56795-LeaderStateImpl: startSetConfiguration SetConfigurationRequest:client-A529903A5F30->ab171f79-80bf-4db9-ba30-7c5fcf45ffba@group-5343D3A56795, cid=10, seq=0, RW, null, peers:[ab171f79-80bf-4db9-ba30-7c5fcf45ffba|rpc:localhost:39455|admin:|client:|dataStream:|priority:0, dae587cf-c5b5-4dcf-9320-ec0de1a92622|rpc:localhost:44301|priority:0, bef7ff01-9206-4ecd-9ab6-73c02c958dab|rpc:localhost:45265|priority:0]
2022-03-09 17:23:26,141 [IPC Server handler 3 on default port 38891] INFO  server.RaftServerConfigKeys (ConfUtils.java:logGet(44)) - raft.server.log.appender.snapshot.chunk.size.max = 16MB (=16777216) (default)
2022-03-09 17:23:26,141 [IPC Server handler 3 on default port 38891] INFO  server.RaftServerConfigKeys (ConfUtils.java:logGet(44)) - raft.server.log.appender.buffer.byte-limit = 33554432 (custom)
2022-03-09 17:23:26,141 [IPC Server handler 3 on default port 38891] INFO  server.RaftServerConfigKeys (ConfUtils.java:logGet(44)) - raft.server.log.appender.buffer.element-limit = 1024 (custom)
2022-03-09 17:23:26,142 [IPC Server handler 3 on default port 38891] INFO  grpc.GrpcConfigKeys (ConfUtils.java:logGet(44)) - raft.grpc.server.leader.outstanding.appends.max = 128 (default)
2022-03-09 17:23:26,142 [IPC Server handler 3 on default port 38891] INFO  server.RaftServerConfigKeys (ConfUtils.java:logGet(44)) - raft.server.rpc.request.timeout = 30000ms (custom)
2022-03-09 17:23:26,142 [IPC Server handler 3 on default port 38891] INFO  server.RaftServerConfigKeys (ConfUtils.java:logGet(44)) - raft.server.log.appender.install.snapshot.enabled = false (custom)
2022-03-09 17:23:26,143 [ab171f79-80bf-4db9-ba30-7c5fcf45ffba@group-5343D3A56795->bef7ff01-9206-4ecd-9ab6-73c02c958dab-GrpcLogAppender-LogAppenderDaemon] INFO  server.GrpcLogAppender (GrpcLogAppender.java:installSnapshot(550)) - ab171f79-80bf-4db9-ba30-7c5fcf45ffba@group-5343D3A56795->bef7ff01-9206-4ecd-9ab6-73c02c958dab-GrpcLogAppender: followerNextIndex = 0 but logStartIndex = 1, notify follower to install snapshot-(t:2, i:24)
2022-03-09 17:23:26,143 [ab171f79-80bf-4db9-ba30-7c5fcf45ffba@group-5343D3A56795->bef7ff01-9206-4ecd-9ab6-73c02c958dab-GrpcLogAppender-LogAppenderDaemon] INFO  server.GrpcLogAppender (GrpcLogAppender.java:installSnapshot(558)) - ab171f79-80bf-4db9-ba30-7c5fcf45ffba@group-5343D3A56795->bef7ff01-9206-4ecd-9ab6-73c02c958dab-GrpcLogAppender: send ab171f79-80bf-4db9-ba30-7c5fcf45ffba->bef7ff01-9206-4ecd-9ab6-73c02c958dab#0-t2,notify:(t:2, i:24)
2022-03-09 17:23:26,169 [grpc-default-executor-0] INFO  server.RaftServer$Division (RaftServerImpl.java:installSnapshot(1332)) - bef7ff01-9206-4ecd-9ab6-73c02c958dab@group-5343D3A56795: receive installSnapshot: ab171f79-80bf-4db9-ba30-7c5fcf45ffba->bef7ff01-9206-4ecd-9ab6-73c02c958dab#0-t2,notify:(t:2, i:24)
2022-03-09 17:23:26,171 [grpc-default-executor-0] INFO  ha.SCMStateMachine (SCMStateMachine.java:notifyLeaderChanged(255)) - leader changed, yet current SCM is still follower.
2022-03-09 17:23:26,171 [grpc-default-executor-0] INFO  server.RaftServer$Division (ServerState.java:setLeader(285)) - bef7ff01-9206-4ecd-9ab6-73c02c958dab@group-5343D3A56795: change Leader from null to ab171f79-80bf-4db9-ba30-7c5fcf45ffba at term 2 for installSnapshot, leader elected after 30023ms
2022-03-09 17:23:26,171 [grpc-default-executor-0] INFO  server.RaftServer$Division (RaftServerImpl.java:notifyStateMachineToInstallSnapshot(1551)) - bef7ff01-9206-4ecd-9ab6-73c02c958dab@group-5343D3A56795: Received notification to install snapshot at index 24
2022-03-09 17:23:26,171 [grpc-default-executor-0] INFO  server.RaftServer$Division (RaftServerImpl.java:notifyStateMachineToInstallSnapshot(1582)) - bef7ff01-9206-4ecd-9ab6-73c02c958dab@group-5343D3A56795: notifyInstallSnapshot: nextIndex is 0 but the leader's first available index is 24.
2022-03-09 17:23:26,171 [grpc-default-executor-0] INFO  ha.SCMStateMachine (SCMStateMachine.java:notifyInstallSnapshotFromLeader(219)) - Received install snapshot notification from SCM leader: localhost:39455 with term index: (t:2, i:24)
2022-03-09 17:23:26,175 [pool-314-thread-1] INFO  ha.SCMHAManagerImpl (SCMHAManagerImpl.java:getDBCheckpointFromLeader(207)) - Downloading checkpoint from leader SCM scmNode-1 and reloading state from the checkpoint.
2022-03-09 17:23:26,194 [grpc-default-executor-3] INFO  ha.SCMDBCheckpointProvider (SCMDBCheckpointProvider.java:writeDBCheckPointToSream(48)) - Received request to obtain SCM DB checkpoint snapshot
2022-03-09 17:23:26,208 [grpc-default-executor-3] INFO  db.RDBCheckpointManager (RDBCheckpointManager.java:createCheckpoint(86)) - Created checkpoint at /home/runner/work/ozone/ozone/hadoop-ozone/integration-test/target/test-dir/MiniOzoneClusterImpl-aa50db73-d356-40d6-b3b5-5343d3a56795/scmNode-1/db.checkpoints/scm.db_checkpoint_1646846606194 in 14 milliseconds
2022-03-09 17:23:26,217 [grpc-default-executor-3] INFO  ha.SCMGrpcOutputStream (SCMGrpcOutputStream.java:close(111)) - Sent 6316 bytes for cluster aa50db73-d356-40d6-b3b5-5343d3a56795
2022-03-09 17:23:26,217 [grpc-default-executor-3] INFO  ha.SCMDBCheckpointProvider (SCMDBCheckpointProvider.java:writeDBCheckPointToSream(73)) - Time taken to write the checkpoint to response output stream: 9 milliseconds
2022-03-09 17:23:26,217 [grpc-default-executor-3] INFO  db.RocksDBCheckpoint (RocksDBCheckpoint.java:cleanupCheckpoint(78)) - Cleaning up RocksDB checkpoint at /home/runner/work/ozone/ozone/hadoop-ozone/integration-test/target/test-dir/MiniOzoneClusterImpl-aa50db73-d356-40d6-b3b5-5343d3a56795/scmNode-1/db.checkpoints/scm.db_checkpoint_1646846606194
2022-03-09 17:23:26,217 [grpc-default-executor-1] INFO  ha.InterSCMGrpcClient (InterSCMGrpcClient.java:onCompleted(173)) - Checkpoint is downloaded to /home/runner/work/ozone/ozone/hadoop-ozone/integration-test/target/test-dir/MiniOzoneClusterImpl-aa50db73-d356-40d6-b3b5-5343d3a56795/scmNode-3/snapshot/scm.db-scmNode-1-1646846606175.tar.gz
2022-03-09 17:23:26,247 [pool-314-thread-1] INFO  ha.SCMSnapshotProvider (SCMSnapshotProvider.java:getSCMDBSnapshot(131)) - Successfully downloaded latest checkpoint from leader SCM: scmNode-1 path /home/runner/work/ozone/ozone/hadoop-ozone/integration-test/target/test-dir/MiniOzoneClusterImpl-aa50db73-d356-40d6-b3b5-5343d3a56795/scmNode-3/snapshot/scm.db-scmNode-1-1646846606175
2022-03-09 17:23:26,247 [pool-314-thread-1] INFO  ha.SCMHAManagerImpl (SCMHAManagerImpl.java:downloadCheckpointFromLeader(159)) - Downloaded checkpoint from Leader scmNode-1 to the location /home/runner/work/ozone/ozone/hadoop-ozone/integration-test/target/test-dir/MiniOzoneClusterImpl-aa50db73-d356-40d6-b3b5-5343d3a56795/scmNode-3/snapshot/scm.db-scmNode-1-1646846606175
2022-03-09 17:23:26,351 [pool-314-thread-1] INFO  ha.SCMHAManagerImpl (SCMHAManagerImpl.java:verifyCheckpointFromLeader(173)) - Installing checkpoint with SCMTransactionInfo 2#24
2022-03-09 17:23:26,351 [pool-314-thread-1] INFO  server.RaftServer$Division (RaftServerImpl.java:lambda$notifyStateMachineToInstallSnapshot$30(1595)) - bef7ff01-9206-4ecd-9ab6-73c02c958dab@group-5343D3A56795: StateMachine successfully installed snapshot index 24. Reloading the StateMachine.
2022-03-09 17:23:26,352 [pool-314-thread-1] INFO  segmented.SegmentedRaftLogWorker (SegmentedRaftLogWorker.java:lambda$new$0(133)) - bef7ff01-9206-4ecd-9ab6-73c02c958dab@group-5343D3A56795-SegmentedRaftLogWorker: flushIndex: setUnconditionally -1 -> 24
2022-03-09 17:23:26,352 [pool-314-thread-1] INFO  segmented.SegmentedRaftLogWorker (SegmentedRaftLogWorker.java:lambda$new$0(133)) - bef7ff01-9206-4ecd-9ab6-73c02c958dab@group-5343D3A56795-SegmentedRaftLogWorker: safeCacheEvictIndex: setUnconditionally -1 -> 24
2022-03-09 17:23:26,352 [pool-314-thread-1] INFO  raftlog.RaftLog (RaftLogBase.java:lambda$new$0(53)) - bef7ff01-9206-4ecd-9ab6-73c02c958dab@group-5343D3A56795-SegmentedRaftLog: snapshotIndex: updateIncreasingly -1 -> 24
2022-03-09 17:23:26,353 [grpc-default-executor-0] INFO  server.RaftServer$Division (RaftServerImpl.java:notifyStateMachineToInstallSnapshot(1638)) - bef7ff01-9206-4ecd-9ab6-73c02c958dab@group-5343D3A56795: InstallSnapshot notification result: SNAPSHOT_INSTALLED, at index: 24
2022-03-09 17:23:26,354 [grpc-default-executor-0] INFO  server.RaftServer$Division (RaftServerImpl.java:installSnapshotImpl(1462)) - bef7ff01-9206-4ecd-9ab6-73c02c958dab@group-5343D3A56795: set new configuration index: 5
configurationEntry {
  peers {
    id: "ab171f79-80bf-4db9-ba30-7c5fcf45ffba"
    address: "localhost:39455"
  }
  peers {
    id: "dae587cf-c5b5-4dcf-9320-ec0de1a92622"
    address: "localhost:44301"
  }
}
 from snapshot
2022-03-09 17:23:26,354 [grpc-default-executor-0] INFO  server.RaftServer$Division (ServerState.java:setRaftConf(387)) - bef7ff01-9206-4ecd-9ab6-73c02c958dab@group-5343D3A56795: set configuration 5: [ab171f79-80bf-4db9-ba30-7c5fcf45ffba|rpc:localhost:39455|admin:|client:|dataStream:|priority:0, dae587cf-c5b5-4dcf-9320-ec0de1a92622|rpc:localhost:44301|admin:|client:|dataStream:|priority:0], old=null
2022-03-09 17:23:26,354 [grpc-default-executor-0] INFO  server.RaftServer$Division (RaftServerImpl.java:installSnapshot(1343)) - bef7ff01-9206-4ecd-9ab6-73c02c958dab@group-5343D3A56795: reply installSnapshot: ab171f79-80bf-4db9-ba30-7c5fcf45ffba<-bef7ff01-9206-4ecd-9ab6-73c02c958dab#0:FAIL-t0,SNAPSHOT_INSTALLED,snapshotIndex=24
2022-03-09 17:23:26,354 [grpc-default-executor-0] INFO  server.GrpcServerProtocolService (GrpcServerProtocolService.java:onCompleted(140)) - bef7ff01-9206-4ecd-9ab6-73c02c958dab: Completed INSTALL_SNAPSHOT, lastRequest: ab171f79-80bf-4db9-ba30-7c5fcf45ffba->bef7ff01-9206-4ecd-9ab6-73c02c958dab#0-t2,notify:(t:2, i:24)
2022-03-09 17:23:26,359 [grpc-default-executor-1] INFO  server.GrpcLogAppender (GrpcLogAppender.java:onNext(410)) - ab171f79-80bf-4db9-ba30-7c5fcf45ffba@group-5343D3A56795->bef7ff01-9206-4ecd-9ab6-73c02c958dab-InstallSnapshotResponseHandler: received the first reply ab171f79-80bf-4db9-ba30-7c5fcf45ffba<-bef7ff01-9206-4ecd-9ab6-73c02c958dab#0:FAIL-t0,SNAPSHOT_INSTALLED,snapshotIndex=24
2022-03-09 17:23:26,359 [grpc-default-executor-1] INFO  server.GrpcLogAppender (GrpcLogAppender.java:onNext(450)) - ab171f79-80bf-4db9-ba30-7c5fcf45ffba@group-5343D3A56795->bef7ff01-9206-4ecd-9ab6-73c02c958dab-InstallSnapshotResponseHandler: Follower installed snapshot at index 24
2022-03-09 17:23:26,359 [grpc-default-executor-1] INFO  leader.FollowerInfo (FollowerInfoImpl.java:lambda$new$0(47)) - ab171f79-80bf-4db9-ba30-7c5fcf45ffba@group-5343D3A56795->bef7ff01-9206-4ecd-9ab6-73c02c958dab: snapshotIndex: setUnconditionally 0 -> 24
2022-03-09 17:23:26,359 [grpc-default-executor-1] INFO  leader.FollowerInfo (FollowerInfoImpl.java:lambda$new$0(47)) - ab171f79-80bf-4db9-ba30-7c5fcf45ffba@group-5343D3A56795->bef7ff01-9206-4ecd-9ab6-73c02c958dab: matchIndex: setUnconditionally 0 -> 24
2022-03-09 17:23:26,359 [grpc-default-executor-1] INFO  leader.FollowerInfo (FollowerInfoImpl.java:lambda$new$0(47)) - ab171f79-80bf-4db9-ba30-7c5fcf45ffba@group-5343D3A56795->bef7ff01-9206-4ecd-9ab6-73c02c958dab: nextIndex: setUnconditionally 0 -> 25
2022-03-09 17:23:26,359 [grpc-default-executor-1] INFO  leader.FollowerInfo (FollowerInfoImpl.java:setAttemptedToInstallSnapshot(116)) - Follower ab171f79-80bf-4db9-ba30-7c5fcf45ffba@group-5343D3A56795->bef7ff01-9206-4ecd-9ab6-73c02c958dab acknowledged installing snapshot
2022-03-09 17:23:26,359 [grpc-default-executor-1] INFO  leader.FollowerInfo (FollowerInfoImpl.java:lambda$new$0(47)) - ab171f79-80bf-4db9-ba30-7c5fcf45ffba@group-5343D3A56795->bef7ff01-9206-4ecd-9ab6-73c02c958dab: nextIndex: updateToMax old=25, new=25, updated? false
2022-03-09 17:23:26,364 [grpc-default-executor-1] INFO  impl.RoleInfo (RoleInfo.java:updateAndGet(130)) - bef7ff01-9206-4ecd-9ab6-73c02c958dab: start bef7ff01-9206-4ecd-9ab6-73c02c958dab@group-5343D3A56795-FollowerState
2022-03-09 17:23:26,389 [bef7ff01-9206-4ecd-9ab6-73c02c958dab@group-5343D3A56795-StateMachineUpdater] INFO  ha.SCMHAManagerImpl (SCMHAManagerImpl.java:installCheckpoint(228)) - Installing checkpoint with SCMTransactionInfo 2#24
2022-03-09 17:23:26,396 [bef7ff01-9206-4ecd-9ab6-73c02c958dab@group-5343D3A56795-StateMachineUpdater] INFO  ha.SCMHAManagerImpl (SCMHAManagerImpl.java:installCheckpoint(267)) - Replaced DB with checkpoint, term: 2, index: 24
2022-03-09 17:23:26,396 [bef7ff01-9206-4ecd-9ab6-73c02c958dab@group-5343D3A56795-StateMachineUpdater] WARN  utils.HAUtils (HAUtils.java:getMetaDir(342)) - ozone.scm.db.dirs is not configured. We recommend adding this setting. Falling back to ozone.metadata.dirs instead.
2022-03-09 17:23:26,397 [bef7ff01-9206-4ecd-9ab6-73c02c958dab@group-5343D3A56795-StateMachineUpdater] WARN  db.DBStoreBuilder (DBStoreBuilder.java:applyDBDefinition(145)) - ozone.scm.db.dirs is not configured. We recommend adding this setting. Falling back to ozone.metadata.dirs instead.
2022-03-09 17:23:26,469 [EndpointStateMachine task thread for /127.0.0.1:40365 - 0 ] INFO  ipc.Client (Client.java:handleConnectionFailure(977)) - Retrying connect to server: localhost/127.0.0.1:40365. Already tried 9 time(s); retry policy is RetryUpToMaximumCountWithFixedSleep(maxRetries=15, sleepTime=1000 MILLISECONDS)
2022-03-09 17:23:26,490 [EndpointStateMachine task thread for /127.0.0.1:38239 - 0 ] INFO  ipc.Client (Client.java:handleConnectionFailure(977)) - Retrying connect to server: localhost/127.0.0.1:38239. Already tried 9 time(s); retry policy is RetryUpToMaximumCountWithFixedSleep(maxRetries=15, sleepTime=1000 MILLISECONDS)
2022-03-09 17:23:26,494 [bef7ff01-9206-4ecd-9ab6-73c02c958dab@group-5343D3A56795-StateMachineUpdater] INFO  ha.SequenceIdGenerator (SequenceIdGenerator.java:reinitialize(166)) - reinitialize SequenceIdGenerator.
2022-03-09 17:23:26,494 [bef7ff01-9206-4ecd-9ab6-73c02c958dab@group-5343D3A56795-StateMachineUpdater] INFO  ha.SCMHAManagerImpl (SCMHAManagerImpl.java:installCheckpoint(282)) - Reloaded SCM state with Term: 2 and Index: 24
2022-03-09 17:23:26,496 [bef7ff01-9206-4ecd-9ab6-73c02c958dab@group-5343D3A56795-StateMachineUpdater] INFO  impl.StateMachineUpdater (StateMachineUpdater.java:lambda$new$0(89)) - bef7ff01-9206-4ecd-9ab6-73c02c958dab@group-5343D3A56795-StateMachineUpdater: snapshotIndex: setUnconditionally -1 -> 24
2022-03-09 17:23:26,496 [bef7ff01-9206-4ecd-9ab6-73c02c958dab@group-5343D3A56795-StateMachineUpdater] INFO  impl.StateMachineUpdater (StateMachineUpdater.java:lambda$new$0(89)) - bef7ff01-9206-4ecd-9ab6-73c02c958dab@group-5343D3A56795-StateMachineUpdater: appliedIndex: setUnconditionally -1 -> 24
2022-03-09 17:23:26,514 [EndpointStateMachine task thread for /127.0.0.1:45657 - 0 ] INFO  ipc.Client (Client.java:handleConnectionFailure(977)) - Retrying connect to server: localhost/127.0.0.1:45657. Already tried 9 time(s); retry policy is RetryUpToMaximumCountWithFixedSleep(maxRetries=15, sleepTime=1000 MILLISECONDS)
2022-03-09 17:23:26,728 [Datanode State Machine Daemon Thread] ERROR datanode.RunningDatanodeState (RunningDatanodeState.java:computeNextContainerState(201)) - Error in executing end point task.
java.util.concurrent.ExecutionException: java.util.concurrent.TimeoutException
	at java.util.concurrent.FutureTask.report(FutureTask.java:122)
	at java.util.concurrent.FutureTask.get(FutureTask.java:192)
	at org.apache.hadoop.ozone.container.common.states.datanode.RunningDatanodeState.computeNextContainerState(RunningDatanodeState.java:193)
	at org.apache.hadoop.ozone.container.common.states.datanode.RunningDatanodeState.await(RunningDatanodeState.java:233)
	at org.apache.hadoop.ozone.container.common.states.datanode.RunningDatanodeState.await(RunningDatanodeState.java:50)
	at org.apache.hadoop.ozone.container.common.statemachine.StateContext.execute(StateContext.java:658)
	at org.apache.hadoop.ozone.container.common.statemachine.DatanodeStateMachine.startStateMachineThread(DatanodeStateMachine.java:283)
	at org.apache.hadoop.ozone.container.common.statemachine.DatanodeStateMachine.lambda$startDaemon$0(DatanodeStateMachine.java:471)
	at java.lang.Thread.run(Thread.java:750)
Caused by: java.util.concurrent.TimeoutException
	at java.util.concurrent.FutureTask.get(FutureTask.java:205)
	at org.apache.hadoop.ozone.container.common.states.datanode.RunningDatanodeState.lambda$execute$0(RunningDatanodeState.java:151)
	at java.util.concurrent.FutureTask.run(FutureTask.java:266)
	at java.util.concurrent.Executors$RunnableAdapter.call(Executors.java:511)
	at java.util.concurrent.FutureTask.run(FutureTask.java:266)
	at java.util.concurrent.ThreadPoolExecutor.runWorker(ThreadPoolExecutor.java:1149)
	at java.util.concurrent.ThreadPoolExecutor$Worker.run(ThreadPoolExecutor.java:624)
	... 1 more
2022-03-09 17:23:27,059 [Datanode State Machine Daemon Thread] ERROR datanode.RunningDatanodeState (RunningDatanodeState.java:computeNextContainerState(201)) - Error in executing end point task.
java.util.concurrent.ExecutionException: java.util.concurrent.TimeoutException
	at java.util.concurrent.FutureTask.report(FutureTask.java:122)
	at java.util.concurrent.FutureTask.get(FutureTask.java:192)
	at org.apache.hadoop.ozone.container.common.states.datanode.RunningDatanodeState.computeNextContainerState(RunningDatanodeState.java:193)
	at org.apache.hadoop.ozone.container.common.states.datanode.RunningDatanodeState.await(RunningDatanodeState.java:233)
	at org.apache.hadoop.ozone.container.common.states.datanode.RunningDatanodeState.await(RunningDatanodeState.java:50)
	at org.apache.hadoop.ozone.container.common.statemachine.StateContext.execute(StateContext.java:658)
	at org.apache.hadoop.ozone.container.common.statemachine.DatanodeStateMachine.startStateMachineThread(DatanodeStateMachine.java:283)
	at org.apache.hadoop.ozone.container.common.statemachine.DatanodeStateMachine.lambda$startDaemon$0(DatanodeStateMachine.java:471)
	at java.lang.Thread.run(Thread.java:750)
Caused by: java.util.concurrent.TimeoutException
	at java.util.concurrent.FutureTask.get(FutureTask.java:205)
	at org.apache.hadoop.ozone.container.common.states.datanode.RunningDatanodeState.lambda$execute$0(RunningDatanodeState.java:151)
	at java.util.concurrent.FutureTask.run(FutureTask.java:266)
	at java.util.concurrent.Executors$RunnableAdapter.call(Executors.java:511)
	at java.util.concurrent.FutureTask.run(FutureTask.java:266)
	at java.util.concurrent.ThreadPoolExecutor.runWorker(ThreadPoolExecutor.java:1149)
	at java.util.concurrent.ThreadPoolExecutor$Worker.run(ThreadPoolExecutor.java:624)
	... 1 more
2022-03-09 17:23:27,473 [EndpointStateMachine task thread for /127.0.0.1:40365 - 0 ] INFO  ipc.Client (Client.java:handleConnectionFailure(977)) - Retrying connect to server: localhost/127.0.0.1:40365. Already tried 10 time(s); retry policy is RetryUpToMaximumCountWithFixedSleep(maxRetries=15, sleepTime=1000 MILLISECONDS)
2022-03-09 17:23:27,491 [EndpointStateMachine task thread for /127.0.0.1:38239 - 0 ] INFO  ipc.Client (Client.java:handleConnectionFailure(977)) - Retrying connect to server: localhost/127.0.0.1:38239. Already tried 10 time(s); retry policy is RetryUpToMaximumCountWithFixedSleep(maxRetries=15, sleepTime=1000 MILLISECONDS)
2022-03-09 17:23:27,514 [EndpointStateMachine task thread for /127.0.0.1:45657 - 0 ] INFO  ipc.Client (Client.java:handleConnectionFailure(977)) - Retrying connect to server: localhost/127.0.0.1:45657. Already tried 10 time(s); retry policy is RetryUpToMaximumCountWithFixedSleep(maxRetries=15, sleepTime=1000 MILLISECONDS)
2022-03-09 17:23:27,552 [Datanode State Machine Daemon Thread] ERROR datanode.RunningDatanodeState (RunningDatanodeState.java:computeNextContainerState(201)) - Error in executing end point task.
java.util.concurrent.ExecutionException: java.util.concurrent.TimeoutException
	at java.util.concurrent.FutureTask.report(FutureTask.java:122)
	at java.util.concurrent.FutureTask.get(FutureTask.java:192)
	at org.apache.hadoop.ozone.container.common.states.datanode.RunningDatanodeState.computeNextContainerState(RunningDatanodeState.java:193)
	at org.apache.hadoop.ozone.container.common.states.datanode.RunningDatanodeState.await(RunningDatanodeState.java:233)
	at org.apache.hadoop.ozone.container.common.states.datanode.RunningDatanodeState.await(RunningDatanodeState.java:50)
	at org.apache.hadoop.ozone.container.common.statemachine.StateContext.execute(StateContext.java:658)
	at org.apache.hadoop.ozone.container.common.statemachine.DatanodeStateMachine.startStateMachineThread(DatanodeStateMachine.java:283)
	at org.apache.hadoop.ozone.container.common.statemachine.DatanodeStateMachine.lambda$startDaemon$0(DatanodeStateMachine.java:471)
	at java.lang.Thread.run(Thread.java:750)
Caused by: java.util.concurrent.TimeoutException
	at java.util.concurrent.FutureTask.get(FutureTask.java:205)
	at org.apache.hadoop.ozone.container.common.states.datanode.RunningDatanodeState.lambda$execute$0(RunningDatanodeState.java:151)
	at java.util.concurrent.FutureTask.run(FutureTask.java:266)
	at java.util.concurrent.Executors$RunnableAdapter.call(Executors.java:511)
	at java.util.concurrent.FutureTask.run(FutureTask.java:266)
	at java.util.concurrent.ThreadPoolExecutor.runWorker(ThreadPoolExecutor.java:1149)
	at java.util.concurrent.ThreadPoolExecutor$Worker.run(ThreadPoolExecutor.java:624)
	... 1 more
2022-03-09 17:23:28,474 [EndpointStateMachine task thread for /127.0.0.1:40365 - 0 ] INFO  ipc.Client (Client.java:handleConnectionFailure(977)) - Retrying connect to server: localhost/127.0.0.1:40365. Already tried 11 time(s); retry policy is RetryUpToMaximumCountWithFixedSleep(maxRetries=15, sleepTime=1000 MILLISECONDS)
2022-03-09 17:23:28,491 [EndpointStateMachine task thread for /127.0.0.1:38239 - 0 ] INFO  ipc.Client (Client.java:handleConnectionFailure(977)) - Retrying connect to server: localhost/127.0.0.1:38239. Already tried 11 time(s); retry policy is RetryUpToMaximumCountWithFixedSleep(maxRetries=15, sleepTime=1000 MILLISECONDS)
2022-03-09 17:23:28,515 [EndpointStateMachine task thread for /127.0.0.1:45657 - 0 ] INFO  ipc.Client (Client.java:handleConnectionFailure(977)) - Retrying connect to server: localhost/127.0.0.1:45657. Already tried 11 time(s); retry policy is RetryUpToMaximumCountWithFixedSleep(maxRetries=15, sleepTime=1000 MILLISECONDS)
2022-03-09 17:23:29,060 [Datanode State Machine Daemon Thread] ERROR datanode.RunningDatanodeState (RunningDatanodeState.java:computeNextContainerState(201)) - Error in executing end point task.
java.util.concurrent.ExecutionException: java.util.concurrent.TimeoutException
	at java.util.concurrent.FutureTask.report(FutureTask.java:122)
	at java.util.concurrent.FutureTask.get(FutureTask.java:192)
	at org.apache.hadoop.ozone.container.common.states.datanode.RunningDatanodeState.computeNextContainerState(RunningDatanodeState.java:193)
	at org.apache.hadoop.ozone.container.common.states.datanode.RunningDatanodeState.await(RunningDatanodeState.java:233)
	at org.apache.hadoop.ozone.container.common.states.datanode.RunningDatanodeState.await(RunningDatanodeState.java:50)
	at org.apache.hadoop.ozone.container.common.statemachine.StateContext.execute(StateContext.java:658)
	at org.apache.hadoop.ozone.container.common.statemachine.DatanodeStateMachine.startStateMachineThread(DatanodeStateMachine.java:283)
	at org.apache.hadoop.ozone.container.common.statemachine.DatanodeStateMachine.lambda$startDaemon$0(DatanodeStateMachine.java:471)
	at java.lang.Thread.run(Thread.java:750)
Caused by: java.util.concurrent.TimeoutException
	at java.util.concurrent.FutureTask.get(FutureTask.java:205)
	at org.apache.hadoop.ozone.container.common.states.datanode.RunningDatanodeState.lambda$execute$0(RunningDatanodeState.java:151)
	at java.util.concurrent.FutureTask.run(FutureTask.java:266)
	at java.util.concurrent.Executors$RunnableAdapter.call(Executors.java:511)
	at java.util.concurrent.FutureTask.run(FutureTask.java:266)
	at java.util.concurrent.ThreadPoolExecutor.runWorker(ThreadPoolExecutor.java:1149)
	at java.util.concurrent.ThreadPoolExecutor$Worker.run(ThreadPoolExecutor.java:624)
	... 1 more
2022-03-09 17:23:29,474 [EndpointStateMachine task thread for /127.0.0.1:40365 - 0 ] INFO  ipc.Client (Client.java:handleConnectionFailure(977)) - Retrying connect to server: localhost/127.0.0.1:40365. Already tried 12 time(s); retry policy is RetryUpToMaximumCountWithFixedSleep(maxRetries=15, sleepTime=1000 MILLISECONDS)
2022-03-09 17:23:29,492 [EndpointStateMachine task thread for /127.0.0.1:38239 - 0 ] INFO  ipc.Client (Client.java:handleConnectionFailure(977)) - Retrying connect to server: localhost/127.0.0.1:38239. Already tried 12 time(s); retry policy is RetryUpToMaximumCountWithFixedSleep(maxRetries=15, sleepTime=1000 MILLISECONDS)
2022-03-09 17:23:29,515 [EndpointStateMachine task thread for /127.0.0.1:45657 - 0 ] INFO  ipc.Client (Client.java:handleConnectionFailure(977)) - Retrying connect to server: localhost/127.0.0.1:45657. Already tried 12 time(s); retry policy is RetryUpToMaximumCountWithFixedSleep(maxRetries=15, sleepTime=1000 MILLISECONDS)
2022-03-09 17:23:29,554 [Datanode State Machine Daemon Thread] ERROR datanode.RunningDatanodeState (RunningDatanodeState.java:computeNextContainerState(201)) - Error in executing end point task.
java.util.concurrent.ExecutionException: java.util.concurrent.TimeoutException
	at java.util.concurrent.FutureTask.report(FutureTask.java:122)
	at java.util.concurrent.FutureTask.get(FutureTask.java:192)
	at org.apache.hadoop.ozone.container.common.states.datanode.RunningDatanodeState.computeNextContainerState(RunningDatanodeState.java:193)
	at org.apache.hadoop.ozone.container.common.states.datanode.RunningDatanodeState.await(RunningDatanodeState.java:233)
	at org.apache.hadoop.ozone.container.common.states.datanode.RunningDatanodeState.await(RunningDatanodeState.java:50)
	at org.apache.hadoop.ozone.container.common.statemachine.StateContext.execute(StateContext.java:658)
	at org.apache.hadoop.ozone.container.common.statemachine.DatanodeStateMachine.startStateMachineThread(DatanodeStateMachine.java:283)
	at org.apache.hadoop.ozone.container.common.statemachine.DatanodeStateMachine.lambda$startDaemon$0(DatanodeStateMachine.java:471)
	at java.lang.Thread.run(Thread.java:750)
Caused by: java.util.concurrent.TimeoutException
	at java.util.concurrent.FutureTask.get(FutureTask.java:205)
	at org.apache.hadoop.ozone.container.common.states.datanode.RunningDatanodeState.lambda$execute$0(RunningDatanodeState.java:151)
	at java.util.concurrent.FutureTask.run(FutureTask.java:266)
	at java.util.concurrent.Executors$RunnableAdapter.call(Executors.java:511)
	at java.util.concurrent.FutureTask.run(FutureTask.java:266)
	at java.util.concurrent.ThreadPoolExecutor.runWorker(ThreadPoolExecutor.java:1149)
	at java.util.concurrent.ThreadPoolExecutor$Worker.run(ThreadPoolExecutor.java:624)
	... 1 more
2022-03-09 17:23:30,338 [ab171f79-80bf-4db9-ba30-7c5fcf45ffba@group-5343D3A56795-LeaderStateImpl] INFO  server.RaftServer$Division (ServerState.java:setRaftConf(387)) - ab171f79-80bf-4db9-ba30-7c5fcf45ffba@group-5343D3A56795: set configuration 25: [bef7ff01-9206-4ecd-9ab6-73c02c958dab|rpc:localhost:45265|priority:0, ab171f79-80bf-4db9-ba30-7c5fcf45ffba|rpc:localhost:39455|admin:|client:|dataStream:|priority:0, dae587cf-c5b5-4dcf-9320-ec0de1a92622|rpc:localhost:44301|priority:0], old=[ab171f79-80bf-4db9-ba30-7c5fcf45ffba|rpc:localhost:39455|admin:|client:|dataStream:|priority:0, dae587cf-c5b5-4dcf-9320-ec0de1a92622|rpc:localhost:44301|priority:0]
2022-03-09 17:23:30,346 [grpc-default-executor-0] INFO  server.RaftServer$Division (ServerState.java:setRaftConf(387)) - bef7ff01-9206-4ecd-9ab6-73c02c958dab@group-5343D3A56795: set configuration 25: [bef7ff01-9206-4ecd-9ab6-73c02c958dab|rpc:localhost:45265|admin:|client:|dataStream:|priority:0, ab171f79-80bf-4db9-ba30-7c5fcf45ffba|rpc:localhost:39455|admin:|client:|dataStream:|priority:0, dae587cf-c5b5-4dcf-9320-ec0de1a92622|rpc:localhost:44301|admin:|client:|dataStream:|priority:0], old=[ab171f79-80bf-4db9-ba30-7c5fcf45ffba|rpc:localhost:39455|admin:|client:|dataStream:|priority:0, dae587cf-c5b5-4dcf-9320-ec0de1a92622|rpc:localhost:44301|admin:|client:|dataStream:|priority:0]
2022-03-09 17:23:30,346 [grpc-default-executor-0] INFO  segmented.SegmentedRaftLogWorker (SegmentedRaftLogWorker.java:startLogSegment(394)) - bef7ff01-9206-4ecd-9ab6-73c02c958dab@group-5343D3A56795-SegmentedRaftLogWorker: Starting segment from index:25
2022-03-09 17:23:30,347 [grpc-default-executor-1] INFO  server.RaftServer$Division (ServerState.java:setRaftConf(387)) - dae587cf-c5b5-4dcf-9320-ec0de1a92622@group-5343D3A56795: set configuration 25: [bef7ff01-9206-4ecd-9ab6-73c02c958dab|rpc:localhost:45265|admin:|client:|dataStream:|priority:0, ab171f79-80bf-4db9-ba30-7c5fcf45ffba|rpc:localhost:39455|admin:|client:|dataStream:|priority:0, dae587cf-c5b5-4dcf-9320-ec0de1a92622|rpc:localhost:44301|admin:|client:|dataStream:|priority:0], old=[ab171f79-80bf-4db9-ba30-7c5fcf45ffba|rpc:localhost:39455|admin:|client:|dataStream:|priority:0, dae587cf-c5b5-4dcf-9320-ec0de1a92622|rpc:localhost:44301|admin:|client:|dataStream:|priority:0]
2022-03-09 17:23:30,362 [ab171f79-80bf-4db9-ba30-7c5fcf45ffba@group-5343D3A56795-LeaderStateImpl] INFO  server.RaftServer$Division (ServerState.java:setRaftConf(387)) - ab171f79-80bf-4db9-ba30-7c5fcf45ffba@group-5343D3A56795: set configuration 27: [bef7ff01-9206-4ecd-9ab6-73c02c958dab|rpc:localhost:45265|priority:0, ab171f79-80bf-4db9-ba30-7c5fcf45ffba|rpc:localhost:39455|admin:|client:|dataStream:|priority:0, dae587cf-c5b5-4dcf-9320-ec0de1a92622|rpc:localhost:44301|priority:0], old=null
2022-03-09 17:23:30,363 [ab171f79-80bf-4db9-ba30-7c5fcf45ffba@group-5343D3A56795-StateMachineUpdater] INFO  ha.SCMStateMachine (SCMStateMachine.java:takeSnapshot(297)) - Current Snapshot Index 25, takeSnapshot took 0 ms
2022-03-09 17:23:30,363 [ab171f79-80bf-4db9-ba30-7c5fcf45ffba@group-5343D3A56795-StateMachineUpdater] INFO  impl.StateMachineUpdater (StateMachineUpdater.java:takeSnapshot(281)) - ab171f79-80bf-4db9-ba30-7c5fcf45ffba@group-5343D3A56795-StateMachineUpdater: Took a snapshot at index 25
2022-03-09 17:23:30,363 [ab171f79-80bf-4db9-ba30-7c5fcf45ffba@group-5343D3A56795-StateMachineUpdater] INFO  impl.StateMachineUpdater (StateMachineUpdater.java:lambda$new$0(89)) - ab171f79-80bf-4db9-ba30-7c5fcf45ffba@group-5343D3A56795-StateMachineUpdater: snapshotIndex: updateIncreasingly 20 -> 25
2022-03-09 17:23:30,363 [ab171f79-80bf-4db9-ba30-7c5fcf45ffba@group-5343D3A56795-StateMachineUpdater] INFO  raftlog.RaftLog (RaftLogBase.java:purge(306)) - ab171f79-80bf-4db9-ba30-7c5fcf45ffba@group-5343D3A56795-SegmentedRaftLog: purge 25
2022-03-09 17:23:30,363 [ab171f79-80bf-4db9-ba30-7c5fcf45ffba@group-5343D3A56795-StateMachineUpdater] INFO  raftlog.RaftLog (RaftLogBase.java:lambda$new$0(53)) - ab171f79-80bf-4db9-ba30-7c5fcf45ffba@group-5343D3A56795-SegmentedRaftLog: snapshotIndex: updateIncreasingly 20 -> 25
2022-03-09 17:23:30,363 [ab171f79-80bf-4db9-ba30-7c5fcf45ffba@group-5343D3A56795-StateMachineUpdater] INFO  raftlog.RaftLog (RaftLogBase.java:lambda$new$0(53)) - ab171f79-80bf-4db9-ba30-7c5fcf45ffba@group-5343D3A56795-SegmentedRaftLog: purgeIndex: updateToMax old=20, new=25, updated? true
2022-03-09 17:23:30,363 [grpc-default-executor-0] INFO  server.RaftServer$Division (ServerState.java:setRaftConf(387)) - dae587cf-c5b5-4dcf-9320-ec0de1a92622@group-5343D3A56795: set configuration 27: [bef7ff01-9206-4ecd-9ab6-73c02c958dab|rpc:localhost:45265|admin:|client:|dataStream:|priority:0, ab171f79-80bf-4db9-ba30-7c5fcf45ffba|rpc:localhost:39455|admin:|client:|dataStream:|priority:0, dae587cf-c5b5-4dcf-9320-ec0de1a92622|rpc:localhost:44301|admin:|client:|dataStream:|priority:0], old=null
2022-03-09 17:23:30,364 [grpc-default-executor-0] INFO  server.RaftServer$Division (ServerState.java:setRaftConf(387)) - bef7ff01-9206-4ecd-9ab6-73c02c958dab@group-5343D3A56795: set configuration 27: [bef7ff01-9206-4ecd-9ab6-73c02c958dab|rpc:localhost:45265|admin:|client:|dataStream:|priority:0, ab171f79-80bf-4db9-ba30-7c5fcf45ffba|rpc:localhost:39455|admin:|client:|dataStream:|priority:0, dae587cf-c5b5-4dcf-9320-ec0de1a92622|rpc:localhost:44301|admin:|client:|dataStream:|priority:0], old=null
2022-03-09 17:23:30,370 [bef7ff01-9206-4ecd-9ab6-73c02c958dab@group-5343D3A56795-SegmentedRaftLogWorker] INFO  segmented.SegmentedRaftLogWorker (SegmentedRaftLogWorker.java:execute(601)) - bef7ff01-9206-4ecd-9ab6-73c02c958dab@group-5343D3A56795-SegmentedRaftLogWorker: created new log segment /home/runner/work/ozone/ozone/hadoop-ozone/integration-test/target/test-dir/MiniOzoneClusterImpl-aa50db73-d356-40d6-b3b5-5343d3a56795/scmNode-3/scm-ha/aa50db73-d356-40d6-b3b5-5343d3a56795/current/log_inprogress_25
2022-03-09 17:23:30,390 [bef7ff01-9206-4ecd-9ab6-73c02c958dab@group-5343D3A56795-StateMachineUpdater] INFO  safemode.HealthyPipelineSafeModeRule (HealthyPipelineSafeModeRule.java:initializeRule(152)) - Refreshed total pipeline count is 1, healthy pipeline threshold count is 1
2022-03-09 17:23:30,390 [bef7ff01-9206-4ecd-9ab6-73c02c958dab@group-5343D3A56795-StateMachineUpdater] INFO  safemode.ContainerSafeModeRule (ContainerSafeModeRule.java:reInitializeRule(177)) - Refreshed one replica container threshold 0, currentThreshold 0
2022-03-09 17:23:30,390 [bef7ff01-9206-4ecd-9ab6-73c02c958dab@group-5343D3A56795-StateMachineUpdater] INFO  safemode.OneReplicaPipelineSafeModeRule (OneReplicaPipelineSafeModeRule.java:initializeRule(176)) - Refreshed Total pipeline count is 1, pipeline's with at least one datanode reported threshold count is 1
2022-03-09 17:23:30,390 [bef7ff01-9206-4ecd-9ab6-73c02c958dab@group-5343D3A56795-StateMachineUpdater] INFO  server.SCMDatanodeProtocolServer (SCMDatanodeProtocolServer.java:start(183)) - ScmDatanodeProtocol RPC server for DataNodes is listening at /0.0.0.0:33977
2022-03-09 17:23:30,396 [IPC Server listener on 33977] INFO  ipc.Server (Server.java:run(1344)) - IPC Server listener on 33977: starting
2022-03-09 17:23:30,397 [IPC Server Responder] INFO  ipc.Server (Server.java:run(1507)) - IPC Server Responder: starting
2022-03-09 17:23:30,403 [IPC Server handler 0 on default port 33977] INFO  ipc.Server (Server.java:run(1026)) - IPC Server handler 0 on default port 33977: skipped Call#204 Retry#0 org.apache.hadoop.ozone.protocol.StorageContainerDatanodeProtocol.submitRequest from 127.0.0.1:49278
2022-03-09 17:23:30,403 [IPC Server handler 0 on default port 33977] INFO  ipc.Server (Server.java:run(1026)) - IPC Server handler 0 on default port 33977: skipped Call#377 Retry#0 org.apache.hadoop.ozone.protocol.StorageContainerDatanodeProtocol.submitRequest from 127.0.0.1:49506
2022-03-09 17:23:30,403 [IPC Server handler 0 on default port 33977] INFO  ipc.Server (Server.java:run(1026)) - IPC Server handler 0 on default port 33977: skipped Call#207 Retry#0 org.apache.hadoop.ozone.protocol.StorageContainerDatanodeProtocol.submitRequest from 127.0.0.1:49278
2022-03-09 17:23:30,403 [IPC Server handler 0 on default port 33977] INFO  ipc.Server (Server.java:run(1026)) - IPC Server handler 0 on default port 33977: skipped Call#309 Retry#0 org.apache.hadoop.ozone.protocol.StorageContainerDatanodeProtocol.submitRequest from 127.0.0.1:49424
2022-03-09 17:23:30,403 [IPC Server handler 0 on default port 33977] INFO  ipc.Server (Server.java:run(1026)) - IPC Server handler 0 on default port 33977: skipped Call#229 Retry#0 org.apache.hadoop.ozone.protocol.StorageContainerDatanodeProtocol.submitRequest from 127.0.0.1:49328
2022-03-09 17:23:30,403 [IPC Server handler 1 on default port 33977] INFO  ipc.Server (Server.java:run(1026)) - IPC Server handler 1 on default port 33977: skipped Call#274 Retry#0 org.apache.hadoop.ozone.protocol.StorageContainerDatanodeProtocol.submitRequest from 127.0.0.1:49376
2022-03-09 17:23:30,403 [IPC Server handler 1 on default port 33977] INFO  ipc.Server (Server.java:run(1026)) - IPC Server handler 1 on default port 33977: skipped Call#344 Retry#0 org.apache.hadoop.ozone.protocol.StorageContainerDatanodeProtocol.submitRequest from 127.0.0.1:49466
2022-03-09 17:23:30,403 [IPC Server handler 1 on default port 33977] INFO  ipc.Server (Server.java:run(1026)) - IPC Server handler 1 on default port 33977: skipped Call#379 Retry#0 org.apache.hadoop.ozone.protocol.StorageContainerDatanodeProtocol.submitRequest from 127.0.0.1:49506
2022-03-09 17:23:30,403 [IPC Server handler 1 on default port 33977] INFO  ipc.Server (Server.java:run(1026)) - IPC Server handler 1 on default port 33977: skipped Call#210 Retry#0 org.apache.hadoop.ozone.protocol.StorageContainerDatanodeProtocol.submitRequest from 127.0.0.1:49278
2022-03-09 17:23:30,403 [IPC Server handler 1 on default port 33977] INFO  ipc.Server (Server.java:run(1026)) - IPC Server handler 1 on default port 33977: skipped Call#310 Retry#0 org.apache.hadoop.ozone.protocol.StorageContainerDatanodeProtocol.submitRequest from 127.0.0.1:49424
2022-03-09 17:23:30,403 [IPC Server handler 1 on default port 33977] INFO  ipc.Server (Server.java:run(1026)) - IPC Server handler 1 on default port 33977: skipped Call#230 Retry#0 org.apache.hadoop.ozone.protocol.StorageContainerDatanodeProtocol.submitRequest from 127.0.0.1:49328
2022-03-09 17:23:30,404 [IPC Server handler 2 on default port 33977] INFO  ipc.Server (Server.java:run(1026)) - IPC Server handler 2 on default port 33977: skipped Call#273 Retry#0 org.apache.hadoop.ozone.protocol.StorageContainerDatanodeProtocol.submitRequest from 127.0.0.1:49376
2022-03-09 17:23:30,404 [IPC Server handler 2 on default port 33977] INFO  ipc.Server (Server.java:run(1026)) - IPC Server handler 2 on default port 33977: skipped Call#346 Retry#0 org.apache.hadoop.ozone.protocol.StorageContainerDatanodeProtocol.submitRequest from 127.0.0.1:49466
2022-03-09 17:23:30,404 [IPC Server handler 2 on default port 33977] INFO  ipc.Server (Server.java:run(1026)) - IPC Server handler 2 on default port 33977: skipped Call#378 Retry#0 org.apache.hadoop.ozone.protocol.StorageContainerDatanodeProtocol.submitRequest from 127.0.0.1:49506
2022-03-09 17:23:30,404 [IPC Server handler 2 on default port 33977] INFO  ipc.Server (Server.java:run(1026)) - IPC Server handler 2 on default port 33977: skipped Call#311 Retry#0 org.apache.hadoop.ozone.protocol.StorageContainerDatanodeProtocol.submitRequest from 127.0.0.1:49424
2022-03-09 17:23:30,404 [IPC Server handler 2 on default port 33977] INFO  ipc.Server (Server.java:run(1026)) - IPC Server handler 2 on default port 33977: skipped Call#231 Retry#0 org.apache.hadoop.ozone.protocol.StorageContainerDatanodeProtocol.submitRequest from 127.0.0.1:49328
2022-03-09 17:23:30,404 [IPC Server handler 3 on default port 33977] INFO  ipc.Server (Server.java:run(1026)) - IPC Server handler 3 on default port 33977: skipped Call#272 Retry#0 org.apache.hadoop.ozone.protocol.StorageContainerDatanodeProtocol.submitRequest from 127.0.0.1:49376
2022-03-09 17:23:30,404 [IPC Server handler 3 on default port 33977] INFO  ipc.Server (Server.java:run(1026)) - IPC Server handler 3 on default port 33977: skipped Call#345 Retry#0 org.apache.hadoop.ozone.protocol.StorageContainerDatanodeProtocol.submitRequest from 127.0.0.1:49466
2022-03-09 17:23:30,406 [EndpointStateMachine task thread for /127.0.0.1:33977 - 0 ] INFO  ozoneimpl.OzoneContainer (OzoneContainer.java:start(331)) - Ignore. OzoneContainer already started.
2022-03-09 17:23:30,409 [EndpointStateMachine task thread for /127.0.0.1:33977 - 0 ] INFO  ozoneimpl.OzoneContainer (OzoneContainer.java:start(331)) - Ignore. OzoneContainer already started.
2022-03-09 17:23:30,409 [EndpointStateMachine task thread for /127.0.0.1:33977 - 0 ] INFO  ozoneimpl.OzoneContainer (OzoneContainer.java:start(331)) - Ignore. OzoneContainer already started.
2022-03-09 17:23:30,409 [IPC Server handler 3 on default port 38891] INFO  ha.SCMRatisServerImpl (SCMRatisServerImpl.java:addSCM(303)) - Successfully added new SCM: bef7ff01-9206-4ecd-9ab6-73c02c958dab.
2022-03-09 17:23:30,410 [Listener at 127.0.0.1/45999] INFO  ha.SCMHAManagerImpl (SCMHAManagerImpl.java:start(117)) - Successfully added SCM scmNode-3 to group group-5343D3A56795:[bef7ff01-9206-4ecd-9ab6-73c02c958dab|rpc:localhost:45265|admin:|client:|dataStream:|priority:0, ab171f79-80bf-4db9-ba30-7c5fcf45ffba|rpc:localhost:39455|admin:|client:|dataStream:|priority:0, dae587cf-c5b5-4dcf-9320-ec0de1a92622|rpc:localhost:44301|admin:|client:|dataStream:|priority:0]
2022-03-09 17:23:30,410 [Listener at 127.0.0.1/45999] INFO  ha.InterSCMGrpcService (InterSCMGrpcProtocolService.java:start(94)) - Starting SCM Grpc Service at port 46557
2022-03-09 17:23:30,411 [Listener at 127.0.0.1/45999] INFO  impl.MetricsSystemImpl (MetricsSystemImpl.java:init(158)) - StorageContainerManager metrics system started (again)
2022-03-09 17:23:30,442 [Listener at 127.0.0.1/45999] INFO  server.SCMClientProtocolServer (SCMClientProtocolServer.java:start(165)) - RPC server for Client  is listening at /0.0.0.0:41507
2022-03-09 17:23:30,448 [IPC Server Responder] INFO  ipc.Server (Server.java:run(1507)) - IPC Server Responder: starting
2022-03-09 17:23:30,450 [IPC Server listener on 41507] INFO  ipc.Server (Server.java:run(1344)) - IPC Server listener on 41507: starting
2022-03-09 17:23:30,475 [EndpointStateMachine task thread for /127.0.0.1:40365 - 0 ] INFO  ipc.Client (Client.java:handleConnectionFailure(977)) - Retrying connect to server: localhost/127.0.0.1:40365. Already tried 13 time(s); retry policy is RetryUpToMaximumCountWithFixedSleep(maxRetries=15, sleepTime=1000 MILLISECONDS)
2022-03-09 17:23:30,491 [Listener at 127.0.0.1/45999] INFO  server.StorageContainerManager (StorageContainerManager.java:start(1342)) - ScmBlockLocationProtocol RPC server is listening at /0.0.0.0:37363
2022-03-09 17:23:30,491 [Listener at 127.0.0.1/45999] INFO  server.SCMBlockProtocolServer (SCMBlockProtocolServer.java:start(151)) - RPC server for Block Protocol is listening at /0.0.0.0:37363
2022-03-09 17:23:30,492 [IPC Server Responder] INFO  ipc.Server (Server.java:run(1507)) - IPC Server Responder: starting
2022-03-09 17:23:30,492 [IPC Server listener on 37363] INFO  ipc.Server (Server.java:run(1344)) - IPC Server listener on 37363: starting
2022-03-09 17:23:30,492 [EndpointStateMachine task thread for /127.0.0.1:38239 - 0 ] INFO  ipc.Client (Client.java:handleConnectionFailure(977)) - Retrying connect to server: localhost/127.0.0.1:38239. Already tried 13 time(s); retry policy is RetryUpToMaximumCountWithFixedSleep(maxRetries=15, sleepTime=1000 MILLISECONDS)
2022-03-09 17:23:30,508 [Listener at 127.0.0.1/45999] INFO  http.BaseHttpServer (BaseHttpServer.java:newHttpServer2BuilderForOzone(209)) - Starting Web-server for scm at: http://0.0.0.0:43329
2022-03-09 17:23:30,508 [Listener at 127.0.0.1/45999] INFO  http.BaseHttpServer (BaseHttpServer.java:<init>(107)) - Hadoop Security Enabled: false Ozone Security Enabled: false Ozone HTTP Security Enabled: false 
2022-03-09 17:23:30,509 [Listener at 127.0.0.1/45999] INFO  server.AuthenticationFilter (AuthenticationFilter.java:constructSecretProvider(240)) - Unable to initialize FileSignerSecretProvider, falling back to use random secrets.
2022-03-09 17:23:30,514 [org.apache.hadoop.util.JvmPauseMonitor$Monitor@4259ccab] INFO  util.JvmPauseMonitor (JvmPauseMonitor.java:run(188)) - Starting JVM pause monitor
2022-03-09 17:23:30,516 [EndpointStateMachine task thread for /127.0.0.1:45657 - 0 ] INFO  ipc.Client (Client.java:handleConnectionFailure(977)) - Retrying connect to server: localhost/127.0.0.1:45657. Already tried 13 time(s); retry policy is RetryUpToMaximumCountWithFixedSleep(maxRetries=15, sleepTime=1000 MILLISECONDS)
2022-03-09 17:23:30,522 [Listener at 127.0.0.1/45999] WARN  http.HttpRequestLog (HttpRequestLog.java:getRequestLog(103)) - Jetty request log can only be enabled using Log4j
2022-03-09 17:23:30,523 [Listener at 127.0.0.1/45999] INFO  http.HttpServer2 (HttpServer2.java:addGlobalFilter(1030)) - Added global filter 'safety' (class=org.apache.hadoop.hdds.server.http.HttpServer2$QuotingInputFilter)
2022-03-09 17:23:30,523 [Listener at 127.0.0.1/45999] INFO  http.HttpServer2 (HttpServer2.java:addFilter(1006)) - Added filter static_user_filter (class=org.apache.hadoop.http.lib.StaticUserWebFilter$StaticUserFilter) to context scm
2022-03-09 17:23:30,524 [Listener at 127.0.0.1/45999] INFO  http.HttpServer2 (HttpServer2.java:addFilter(1014)) - Added filter static_user_filter (class=org.apache.hadoop.http.lib.StaticUserWebFilter$StaticUserFilter) to context logs
2022-03-09 17:23:30,524 [Listener at 127.0.0.1/45999] INFO  http.HttpServer2 (HttpServer2.java:addFilter(1014)) - Added filter static_user_filter (class=org.apache.hadoop.http.lib.StaticUserWebFilter$StaticUserFilter) to context static
2022-03-09 17:23:30,524 [Listener at 127.0.0.1/45999] INFO  http.HttpServer2 (HttpServer2.java:bindListener(1249)) - Jetty bound to port 43329
2022-03-09 17:23:30,524 [Listener at 127.0.0.1/45999] INFO  server.Server (Server.java:doStart(375)) - jetty-9.4.43.v20210629; built: 2021-06-30T11:07:22.254Z; git: 526006ecfa3af7f1a27ef3a288e2bef7ea9dd7e8; jvm 1.8.0_322-b06
2022-03-09 17:23:30,560 [IPC Server handler 3 on default port 33977] INFO  net.NetworkTopologyImpl (NetworkTopologyImpl.java:add(112)) - Added a new node: /default-rack/9cf3ac85-5088-4438-9438-d8e46945dabb
2022-03-09 17:23:30,560 [IPC Server handler 3 on default port 33977] INFO  node.SCMNodeManager (SCMNodeManager.java:register(391)) - Registered Data node : 9cf3ac85-5088-4438-9438-d8e46945dabb{ip: 127.0.0.1, host: localhost, ports: [REPLICATION=46769, RATIS=38217, RATIS_ADMIN=38217, RATIS_SERVER=38217, STANDALONE=33707], networkLocation: /default-rack, certSerialId: null, persistedOpState: null, persistedOpStateExpiryEpochSec: 0}
2022-03-09 17:23:30,560 [352514d3-16e8-44e7-9f6c-25a5b2684069@group-F4C19FBCF0D5-FollowerState] INFO  impl.FollowerState (FollowerState.java:run(134)) - 352514d3-16e8-44e7-9f6c-25a5b2684069@group-F4C19FBCF0D5-FollowerState: change to CANDIDATE, lastRpcElapsedTime:5144659150ns, electionTimeout:5136ms
2022-03-09 17:23:30,560 [352514d3-16e8-44e7-9f6c-25a5b2684069@group-F4C19FBCF0D5-FollowerState] INFO  impl.RoleInfo (RoleInfo.java:shutdownFollowerState(108)) - 352514d3-16e8-44e7-9f6c-25a5b2684069: shutdown 352514d3-16e8-44e7-9f6c-25a5b2684069@group-F4C19FBCF0D5-FollowerState
2022-03-09 17:23:30,560 [352514d3-16e8-44e7-9f6c-25a5b2684069@group-F4C19FBCF0D5-FollowerState] INFO  server.RaftServer$Division (RaftServerImpl.java:setRole(290)) - 352514d3-16e8-44e7-9f6c-25a5b2684069@group-F4C19FBCF0D5: changes role from  FOLLOWER to CANDIDATE at term 4 for changeToCandidate
2022-03-09 17:23:30,564 [352514d3-16e8-44e7-9f6c-25a5b2684069@group-F4C19FBCF0D5-FollowerState] INFO  server.RaftServerConfigKeys (ConfUtils.java:logGet(44)) - raft.server.leaderelection.pre-vote = false (custom)
2022-03-09 17:23:30,564 [352514d3-16e8-44e7-9f6c-25a5b2684069@group-F4C19FBCF0D5-FollowerState] INFO  impl.RoleInfo (RoleInfo.java:updateAndGet(130)) - 352514d3-16e8-44e7-9f6c-25a5b2684069: start 352514d3-16e8-44e7-9f6c-25a5b2684069@group-F4C19FBCF0D5-LeaderElection33
2022-03-09 17:23:30,575 [EventQueue-NodeRegistrationContainerReportForDataNodeSafeModeRule] INFO  safemode.SCMSafeModeManager (DataNodeSafeModeRule.java:process(71)) - SCM in safe mode. 1 DataNodes registered, 3 required.
2022-03-09 17:23:30,588 [Listener at 127.0.0.1/45999] INFO  server.session (DefaultSessionIdManager.java:doStart(334)) - DefaultSessionIdManager workerName=node0
2022-03-09 17:23:30,588 [Listener at 127.0.0.1/45999] INFO  server.session (DefaultSessionIdManager.java:doStart(339)) - No SessionScavenger set, using defaults
2022-03-09 17:23:30,588 [Listener at 127.0.0.1/45999] INFO  server.session (HouseKeeper.java:startScavenging(132)) - node0 Scavenging every 660000ms
2022-03-09 17:23:30,589 [9cf3ac85-5088-4438-9438-d8e46945dabb@group-F4C19FBCF0D5-FollowerState] INFO  impl.FollowerState (FollowerState.java:run(134)) - 9cf3ac85-5088-4438-9438-d8e46945dabb@group-F4C19FBCF0D5-FollowerState: change to CANDIDATE, lastRpcElapsedTime:5205441306ns, electionTimeout:5175ms
2022-03-09 17:23:30,589 [9cf3ac85-5088-4438-9438-d8e46945dabb@group-F4C19FBCF0D5-FollowerState] INFO  impl.RoleInfo (RoleInfo.java:shutdownFollowerState(108)) - 9cf3ac85-5088-4438-9438-d8e46945dabb: shutdown 9cf3ac85-5088-4438-9438-d8e46945dabb@group-F4C19FBCF0D5-FollowerState
2022-03-09 17:23:30,589 [9cf3ac85-5088-4438-9438-d8e46945dabb@group-F4C19FBCF0D5-FollowerState] INFO  server.RaftServer$Division (RaftServerImpl.java:setRole(290)) - 9cf3ac85-5088-4438-9438-d8e46945dabb@group-F4C19FBCF0D5: changes role from  FOLLOWER to CANDIDATE at term 4 for changeToCandidate
2022-03-09 17:23:30,590 [9cf3ac85-5088-4438-9438-d8e46945dabb@group-F4C19FBCF0D5-FollowerState] INFO  server.RaftServerConfigKeys (ConfUtils.java:logGet(44)) - raft.server.leaderelection.pre-vote = false (custom)
2022-03-09 17:23:30,590 [9cf3ac85-5088-4438-9438-d8e46945dabb@group-F4C19FBCF0D5-FollowerState] INFO  impl.RoleInfo (RoleInfo.java:updateAndGet(130)) - 9cf3ac85-5088-4438-9438-d8e46945dabb: start 9cf3ac85-5088-4438-9438-d8e46945dabb@group-F4C19FBCF0D5-LeaderElection34
2022-03-09 17:23:30,594 [352514d3-16e8-44e7-9f6c-25a5b2684069@group-F4C19FBCF0D5-LeaderElection33] INFO  impl.LeaderElection (LeaderElection.java:askForVotes(306)) - 352514d3-16e8-44e7-9f6c-25a5b2684069@group-F4C19FBCF0D5-LeaderElection33 ELECTION round 0: submit vote requests at term 5 for -1: [8d38cd26-4da6-46a4-aba6-9da1aef73967|rpc:127.0.0.1:43435|dataStream:|priority:0, 352514d3-16e8-44e7-9f6c-25a5b2684069|rpc:127.0.0.1:37197|dataStream:|priority:0, 9cf3ac85-5088-4438-9438-d8e46945dabb|rpc:127.0.0.1:38217|dataStream:|priority:1], old=null
2022-03-09 17:23:30,594 [9cf3ac85-5088-4438-9438-d8e46945dabb@group-F4C19FBCF0D5-LeaderElection34] INFO  impl.LeaderElection (LeaderElection.java:askForVotes(306)) - 9cf3ac85-5088-4438-9438-d8e46945dabb@group-F4C19FBCF0D5-LeaderElection34 ELECTION round 0: submit vote requests at term 5 for -1: [8d38cd26-4da6-46a4-aba6-9da1aef73967|rpc:127.0.0.1:43435|priority:0, 352514d3-16e8-44e7-9f6c-25a5b2684069|rpc:127.0.0.1:37197|priority:0, 9cf3ac85-5088-4438-9438-d8e46945dabb|rpc:127.0.0.1:38217|priority:1], old=null
2022-03-09 17:23:30,599 [Listener at 127.0.0.1/45999] INFO  handler.ContextHandler (ContextHandler.java:doStart(915)) - Started o.e.j.s.ServletContextHandler@661ec918{logs,/logs,file:///home/runner/work/ozone/ozone/hadoop-ozone/integration-test/target/log,AVAILABLE}
2022-03-09 17:23:30,600 [Listener at 127.0.0.1/45999] INFO  handler.ContextHandler (ContextHandler.java:doStart(915)) - Started o.e.j.s.ServletContextHandler@2532efdf{static,/static,file:///home/runner/work/ozone/ozone/hadoop-ozone/integration-test/target/test-classes/webapps/static,AVAILABLE}
2022-03-09 17:23:30,602 [Listener at 127.0.0.1/45999] INFO  handler.ContextHandler (ContextHandler.java:doStart(915)) - Started o.e.j.w.WebAppContext@4946dd4e{scm,/,file:///home/runner/work/ozone/ozone/hadoop-ozone/integration-test/target/test-classes/webapps/scm/,AVAILABLE}{file:/home/runner/work/ozone/ozone/hadoop-ozone/integration-test/target/test-classes/webapps/scm}
2022-03-09 17:23:30,604 [EventQueue-NewNodeForNewNodeHandler] INFO  pipeline.BackgroundPipelineCreator (BackgroundPipelineCreator.java:notifyEventTriggered(279)) - ignore, not leader SCM.
2022-03-09 17:23:30,604 [EventQueue-NodeRegistrationContainerReportForContainerSafeModeRule] INFO  safemode.SCMSafeModeManager (SCMSafeModeManager.java:validateSafeModeExitRules(204)) - ContainerSafeModeRule rule is successfully validated
2022-03-09 17:23:30,604 [EventQueue-PipelineReportForOneReplicaPipelineSafeModeRule] INFO  safemode.SCMSafeModeManager (OneReplicaPipelineSafeModeRule.java:process(120)) - SCM in safe mode. Pipelines with at least one datanode reported count is 1, required at least one datanode reported per pipeline count is 1
2022-03-09 17:23:30,619 [EventQueue-PipelineReportForOneReplicaPipelineSafeModeRule] INFO  safemode.SCMSafeModeManager (SCMSafeModeManager.java:validateSafeModeExitRules(204)) - AtleastOneDatanodeReportedRule rule is successfully validated
2022-03-09 17:23:30,622 [EventQueue-OpenPipelineForHealthyPipelineSafeModeRule] INFO  safemode.SCMSafeModeManager (HealthyPipelineSafeModeRule.java:process(124)) - SCM in safe mode. Healthy pipelines reported count is 0, required healthy pipeline reported count is 1
2022-03-09 17:23:30,644 [Listener at 127.0.0.1/45999] INFO  server.AbstractConnector (AbstractConnector.java:doStart(331)) - Started ServerConnector@49a23dd4{HTTP/1.1, (http/1.1)}{0.0.0.0:43329}
2022-03-09 17:23:30,644 [Listener at 127.0.0.1/45999] INFO  server.Server (Server.java:doStart(415)) - Started @123644ms
2022-03-09 17:23:30,644 [Listener at 127.0.0.1/45999] WARN  impl.MetricsSystemImpl (MetricsSystemImpl.java:register(279)) - Sink prometheus already exists!
2022-03-09 17:23:30,645 [Listener at 127.0.0.1/45999] INFO  http.BaseHttpServer (BaseHttpServer.java:updateConnectorAddress(329)) - HTTP server of scm listening at http://0.0.0.0:43329
2022-03-09 17:23:30,645 [Listener at 127.0.0.1/45999] INFO  safemode.SCMSafeModeManager (SCMSafeModeManager.java:exitSafeMode(248)) - SCM exiting safe mode.
2022-03-09 17:23:30,645 [Listener at 127.0.0.1/45999] WARN  events.EventQueue (EventQueue.java:fireEvent(194)) - No event handler registered for event TypedEvent{payloadType=SafeModeStatus, name='Safe mode status'}
2022-03-09 17:23:30,645 [Listener at 127.0.0.1/45999] INFO  ha.SCMContext (SCMContext.java:updateSafeModeStatus(211)) - Update SafeModeStatus from SafeModeStatus{safeModeStatus=true, preCheckPassed=false} to SafeModeStatus{safeModeStatus=false, preCheckPassed=true}.
2022-03-09 17:23:30,644 [grpc-default-executor-3] INFO  server.RaftServer$Division (RaftServerImpl.java:requestVote(1046)) - 8d38cd26-4da6-46a4-aba6-9da1aef73967@group-F4C19FBCF0D5: receive requestVote(ELECTION, 9cf3ac85-5088-4438-9438-d8e46945dabb, group-F4C19FBCF0D5, 5, (t:0, i:0))
2022-03-09 17:23:30,645 [grpc-default-executor-3] INFO  impl.VoteContext (VoteContext.java:log(48)) - 8d38cd26-4da6-46a4-aba6-9da1aef73967@group-F4C19FBCF0D5-FOLLOWER: accept ELECTION from 9cf3ac85-5088-4438-9438-d8e46945dabb: our priority 0 <= candidate's priority 1
2022-03-09 17:23:30,646 [grpc-default-executor-3] INFO  server.RaftServer$Division (RaftServerImpl.java:setRole(290)) - 8d38cd26-4da6-46a4-aba6-9da1aef73967@group-F4C19FBCF0D5: changes role from  FOLLOWER to FOLLOWER at term 5 for candidate:9cf3ac85-5088-4438-9438-d8e46945dabb
2022-03-09 17:23:30,646 [grpc-default-executor-3] INFO  impl.RoleInfo (RoleInfo.java:shutdownFollowerState(108)) - 8d38cd26-4da6-46a4-aba6-9da1aef73967: shutdown 8d38cd26-4da6-46a4-aba6-9da1aef73967@group-F4C19FBCF0D5-FollowerState
2022-03-09 17:23:30,646 [grpc-default-executor-3] INFO  impl.RoleInfo (RoleInfo.java:updateAndGet(130)) - 8d38cd26-4da6-46a4-aba6-9da1aef73967: start 8d38cd26-4da6-46a4-aba6-9da1aef73967@group-F4C19FBCF0D5-FollowerState
2022-03-09 17:23:30,646 [8d38cd26-4da6-46a4-aba6-9da1aef73967@group-F4C19FBCF0D5-FollowerState] INFO  impl.FollowerState (FollowerState.java:run(143)) - 8d38cd26-4da6-46a4-aba6-9da1aef73967@group-F4C19FBCF0D5-FollowerState was interrupted: {}
java.lang.InterruptedException: sleep interrupted
	at java.lang.Thread.sleep(Native Method)
	at java.lang.Thread.sleep(Thread.java:342)
	at java.util.concurrent.TimeUnit.sleep(TimeUnit.java:386)
	at org.apache.ratis.util.TimeDuration.sleep(TimeDuration.java:324)
	at org.apache.ratis.util.TimeDuration.sleep(TimeDuration.java:309)
	at org.apache.ratis.server.impl.FollowerState.run(FollowerState.java:118)
2022-03-09 17:23:30,644 [grpc-default-executor-0] INFO  server.RaftServer$Division (RaftServerImpl.java:requestVote(1046)) - 352514d3-16e8-44e7-9f6c-25a5b2684069@group-F4C19FBCF0D5: receive requestVote(ELECTION, 9cf3ac85-5088-4438-9438-d8e46945dabb, group-F4C19FBCF0D5, 5, (t:0, i:0))
2022-03-09 17:23:30,647 [grpc-default-executor-0] INFO  impl.VoteContext (VoteContext.java:log(48)) - 352514d3-16e8-44e7-9f6c-25a5b2684069@group-F4C19FBCF0D5-CANDIDATE: reject ELECTION from 9cf3ac85-5088-4438-9438-d8e46945dabb: already has voted for 352514d3-16e8-44e7-9f6c-25a5b2684069 at current term 5
2022-03-09 17:23:30,644 [grpc-default-executor-1] INFO  server.RaftServer$Division (RaftServerImpl.java:requestVote(1046)) - 8d38cd26-4da6-46a4-aba6-9da1aef73967@group-F4C19FBCF0D5: receive requestVote(ELECTION, 352514d3-16e8-44e7-9f6c-25a5b2684069, group-F4C19FBCF0D5, 5, (t:0, i:0))
2022-03-09 17:23:30,647 [grpc-default-executor-0] INFO  server.RaftServer$Division (RaftServerImpl.java:requestVote(1078)) - 352514d3-16e8-44e7-9f6c-25a5b2684069@group-F4C19FBCF0D5 replies to ELECTION vote request: 9cf3ac85-5088-4438-9438-d8e46945dabb<-352514d3-16e8-44e7-9f6c-25a5b2684069#0:FAIL-t5. Peer's state: 352514d3-16e8-44e7-9f6c-25a5b2684069@group-F4C19FBCF0D5:t5, leader=null, voted=352514d3-16e8-44e7-9f6c-25a5b2684069, raftlog=352514d3-16e8-44e7-9f6c-25a5b2684069@group-F4C19FBCF0D5-SegmentedRaftLog:OPENED:c-1, conf=-1: [8d38cd26-4da6-46a4-aba6-9da1aef73967|rpc:127.0.0.1:43435|dataStream:|priority:0, 352514d3-16e8-44e7-9f6c-25a5b2684069|rpc:127.0.0.1:37197|dataStream:|priority:0, 9cf3ac85-5088-4438-9438-d8e46945dabb|rpc:127.0.0.1:38217|dataStream:|priority:1], old=null
2022-03-09 17:23:30,648 [grpc-default-executor-3] INFO  server.RaftServer$Division (RaftServerImpl.java:requestVote(1078)) - 8d38cd26-4da6-46a4-aba6-9da1aef73967@group-F4C19FBCF0D5 replies to ELECTION vote request: 9cf3ac85-5088-4438-9438-d8e46945dabb<-8d38cd26-4da6-46a4-aba6-9da1aef73967#0:OK-t5. Peer's state: 8d38cd26-4da6-46a4-aba6-9da1aef73967@group-F4C19FBCF0D5:t5, leader=null, voted=9cf3ac85-5088-4438-9438-d8e46945dabb, raftlog=8d38cd26-4da6-46a4-aba6-9da1aef73967@group-F4C19FBCF0D5-SegmentedRaftLog:OPENED:c-1, conf=-1: [8d38cd26-4da6-46a4-aba6-9da1aef73967|rpc:127.0.0.1:43435|dataStream:|priority:0, 352514d3-16e8-44e7-9f6c-25a5b2684069|rpc:127.0.0.1:37197|dataStream:|priority:0, 9cf3ac85-5088-4438-9438-d8e46945dabb|rpc:127.0.0.1:38217|dataStream:|priority:1], old=null
2022-03-09 17:23:30,648 [grpc-default-executor-1] INFO  impl.VoteContext (VoteContext.java:log(48)) - 8d38cd26-4da6-46a4-aba6-9da1aef73967@group-F4C19FBCF0D5-FOLLOWER: reject ELECTION from 352514d3-16e8-44e7-9f6c-25a5b2684069: already has voted for 9cf3ac85-5088-4438-9438-d8e46945dabb at current term 5
2022-03-09 17:23:30,649 [grpc-default-executor-1] INFO  server.RaftServer$Division (RaftServerImpl.java:requestVote(1078)) - 8d38cd26-4da6-46a4-aba6-9da1aef73967@group-F4C19FBCF0D5 replies to ELECTION vote request: 352514d3-16e8-44e7-9f6c-25a5b2684069<-8d38cd26-4da6-46a4-aba6-9da1aef73967#0:FAIL-t5. Peer's state: 8d38cd26-4da6-46a4-aba6-9da1aef73967@group-F4C19FBCF0D5:t5, leader=null, voted=9cf3ac85-5088-4438-9438-d8e46945dabb, raftlog=8d38cd26-4da6-46a4-aba6-9da1aef73967@group-F4C19FBCF0D5-SegmentedRaftLog:OPENED:c-1, conf=-1: [8d38cd26-4da6-46a4-aba6-9da1aef73967|rpc:127.0.0.1:43435|dataStream:|priority:0, 352514d3-16e8-44e7-9f6c-25a5b2684069|rpc:127.0.0.1:37197|dataStream:|priority:0, 9cf3ac85-5088-4438-9438-d8e46945dabb|rpc:127.0.0.1:38217|dataStream:|priority:1], old=null
2022-03-09 17:23:30,650 [9cf3ac85-5088-4438-9438-d8e46945dabb@group-F4C19FBCF0D5-LeaderElection34] INFO  impl.LeaderElection (LeaderElection.java:logAndReturn(89)) - 9cf3ac85-5088-4438-9438-d8e46945dabb@group-F4C19FBCF0D5-LeaderElection34: ELECTION PASSED received 2 response(s) and 0 exception(s):
2022-03-09 17:23:30,650 [9cf3ac85-5088-4438-9438-d8e46945dabb@group-F4C19FBCF0D5-LeaderElection34] INFO  impl.LeaderElection (LeaderElection.java:logAndReturn(93)) -   Response 0: 9cf3ac85-5088-4438-9438-d8e46945dabb<-8d38cd26-4da6-46a4-aba6-9da1aef73967#0:OK-t5
2022-03-09 17:23:30,650 [9cf3ac85-5088-4438-9438-d8e46945dabb@group-F4C19FBCF0D5-LeaderElection34] INFO  impl.LeaderElection (LeaderElection.java:logAndReturn(93)) -   Response 1: 9cf3ac85-5088-4438-9438-d8e46945dabb<-352514d3-16e8-44e7-9f6c-25a5b2684069#0:FAIL-t5
2022-03-09 17:23:30,650 [9cf3ac85-5088-4438-9438-d8e46945dabb@group-F4C19FBCF0D5-LeaderElection34] INFO  impl.LeaderElection (LeaderElection.java:askForVotes(308)) - 9cf3ac85-5088-4438-9438-d8e46945dabb@group-F4C19FBCF0D5-LeaderElection34 ELECTION round 0: result PASSED
2022-03-09 17:23:30,650 [9cf3ac85-5088-4438-9438-d8e46945dabb@group-F4C19FBCF0D5-LeaderElection34] INFO  impl.RoleInfo (RoleInfo.java:shutdownLeaderElection(121)) - 9cf3ac85-5088-4438-9438-d8e46945dabb: shutdown 9cf3ac85-5088-4438-9438-d8e46945dabb@group-F4C19FBCF0D5-LeaderElection34
2022-03-09 17:23:30,650 [9cf3ac85-5088-4438-9438-d8e46945dabb@group-F4C19FBCF0D5-LeaderElection34] INFO  server.RaftServer$Division (RaftServerImpl.java:setRole(290)) - 9cf3ac85-5088-4438-9438-d8e46945dabb@group-F4C19FBCF0D5: changes role from CANDIDATE to LEADER at term 5 for changeToLeader
2022-03-09 17:23:30,650 [9cf3ac85-5088-4438-9438-d8e46945dabb@group-F4C19FBCF0D5-LeaderElection34] INFO  ratis.XceiverServerRatis (XceiverServerRatis.java:handleLeaderChangedNotification(867)) - Leader change notification received for group: group-F4C19FBCF0D5 with new leaderId: 9cf3ac85-5088-4438-9438-d8e46945dabb
2022-03-09 17:23:30,651 [9cf3ac85-5088-4438-9438-d8e46945dabb@group-F4C19FBCF0D5-LeaderElection34] INFO  server.RaftServer$Division (ServerState.java:setLeader(285)) - 9cf3ac85-5088-4438-9438-d8e46945dabb@group-F4C19FBCF0D5: change Leader from null to 9cf3ac85-5088-4438-9438-d8e46945dabb at term 5 for becomeLeader, leader elected after 26093ms
2022-03-09 17:23:30,651 [9cf3ac85-5088-4438-9438-d8e46945dabb@group-F4C19FBCF0D5-LeaderElection34] INFO  server.RaftServerConfigKeys (ConfUtils.java:logGet(44)) - raft.server.staging.catchup.gap = 1000 (default)
2022-03-09 17:23:30,652 [EventQueue-PipelineReportForPipelineReportHandler] INFO  pipeline.PipelineManagerImpl (PipelineManagerImpl.java:openPipeline(291)) - Pipeline Pipeline[ Id: b8001ebf-700b-4a5f-a6f5-f4c19fbcf0d5, Nodes: 9cf3ac85-5088-4438-9438-d8e46945dabb{ip: 127.0.0.1, host: localhost, ports: [REPLICATION=46769, RATIS=38217, RATIS_ADMIN=38217, RATIS_SERVER=38217, STANDALONE=33707], networkLocation: /default-rack, certSerialId: null, persistedOpState: IN_SERVICE, persistedOpStateExpiryEpochSec: 0}8d38cd26-4da6-46a4-aba6-9da1aef73967{ip: 127.0.0.1, host: localhost, ports: [REPLICATION=40367, RATIS=43435, RATIS_ADMIN=43435, RATIS_SERVER=43435, STANDALONE=39745], networkLocation: /default-rack, certSerialId: null, persistedOpState: IN_SERVICE, persistedOpStateExpiryEpochSec: 0}352514d3-16e8-44e7-9f6c-25a5b2684069{ip: 127.0.0.1, host: localhost, ports: [REPLICATION=37469, RATIS=37197, RATIS_ADMIN=37197, RATIS_SERVER=37197, STANDALONE=38249], networkLocation: /default-rack, certSerialId: null, persistedOpState: IN_SERVICE, persistedOpStateExpiryEpochSec: 0}, ReplicationConfig: RATIS/THREE, State:ALLOCATED, leaderId:9cf3ac85-5088-4438-9438-d8e46945dabb, CreationTimestamp2022-03-09T17:23:02.258Z[Etc/UTC]] moved to OPEN state
2022-03-09 17:23:30,654 [9cf3ac85-5088-4438-9438-d8e46945dabb@group-F4C19FBCF0D5-LeaderElection34] INFO  server.RaftServerConfigKeys (ConfUtils.java:logGet(44)) - raft.server.write.element-limit = 1024 (custom)
2022-03-09 17:23:30,654 [9cf3ac85-5088-4438-9438-d8e46945dabb@group-F4C19FBCF0D5-LeaderElection34] INFO  server.RaftServerConfigKeys (ConfUtils.java:logGet(44)) - raft.server.write.byte-limit = 1024 M (=1073741824) (custom)
2022-03-09 17:23:30,654 [9cf3ac85-5088-4438-9438-d8e46945dabb@group-F4C19FBCF0D5-LeaderElection34] INFO  server.RaftServerConfigKeys (ConfUtils.java:logGet(44)) - raft.server.watch.timeout = 180s (custom)
2022-03-09 17:23:30,654 [9cf3ac85-5088-4438-9438-d8e46945dabb@group-F4C19FBCF0D5-LeaderElection34] INFO  server.RaftServerConfigKeys (ConfUtils.java:logGet(44)) - raft.server.watch.timeout.denomination = 1s (default)
2022-03-09 17:23:30,654 [9cf3ac85-5088-4438-9438-d8e46945dabb@group-F4C19FBCF0D5-LeaderElection34] INFO  server.RaftServerConfigKeys (ConfUtils.java:logGet(44)) - raft.server.watch.element-limit = 65536 (default)
2022-03-09 17:23:30,654 [9cf3ac85-5088-4438-9438-d8e46945dabb@group-F4C19FBCF0D5-LeaderElection34] INFO  server.RaftServerConfigKeys (ConfUtils.java:logGet(44)) - raft.server.write.element-limit = 1024 (custom)
2022-03-09 17:23:30,655 [9cf3ac85-5088-4438-9438-d8e46945dabb@group-F4C19FBCF0D5-LeaderElection34] INFO  server.RaftServerConfigKeys (ConfUtils.java:logGet(44)) - raft.server.write.follower.gap.ratio.max = -1.0 (default)
2022-03-09 17:23:30,655 [9cf3ac85-5088-4438-9438-d8e46945dabb@group-F4C19FBCF0D5-LeaderElection34] INFO  server.RaftServerConfigKeys (ConfUtils.java:logGet(44)) - raft.server.log.appender.snapshot.chunk.size.max = 16MB (=16777216) (default)
2022-03-09 17:23:30,655 [9cf3ac85-5088-4438-9438-d8e46945dabb@group-F4C19FBCF0D5-LeaderElection34] INFO  server.RaftServerConfigKeys (ConfUtils.java:logGet(44)) - raft.server.log.appender.buffer.byte-limit = 33554432 (custom)
2022-03-09 17:23:30,655 [9cf3ac85-5088-4438-9438-d8e46945dabb@group-F4C19FBCF0D5-LeaderElection34] INFO  server.RaftServerConfigKeys (ConfUtils.java:logGet(44)) - raft.server.log.appender.buffer.element-limit = 1 (custom)
2022-03-09 17:23:30,661 [Listener at 127.0.0.1/45999] INFO  db.RDBCheckpointManager (RDBCheckpointManager.java:createCheckpoint(86)) - Created checkpoint at /home/runner/work/ozone/ozone/hadoop-ozone/integration-test/target/test-dir/MiniOzoneClusterImpl-aa50db73-d356-40d6-b3b5-5343d3a56795/scmNode-1/db.checkpoints/scm.db_checkpoint_1646846610645 in 16 milliseconds
2022-03-09 17:23:30,667 [9cf3ac85-5088-4438-9438-d8e46945dabb@group-F4C19FBCF0D5-LeaderElection34] INFO  grpc.GrpcConfigKeys (ConfUtils.java:logGet(44)) - raft.grpc.server.leader.outstanding.appends.max = 128 (default)
2022-03-09 17:23:30,667 [9cf3ac85-5088-4438-9438-d8e46945dabb@group-F4C19FBCF0D5-LeaderElection34] INFO  server.RaftServerConfigKeys (ConfUtils.java:logGet(44)) - raft.server.rpc.request.timeout = 60s (custom)
2022-03-09 17:23:30,667 [9cf3ac85-5088-4438-9438-d8e46945dabb@group-F4C19FBCF0D5-LeaderElection34] INFO  server.RaftServerConfigKeys (ConfUtils.java:logGet(44)) - raft.server.log.appender.install.snapshot.enabled = false (custom)
2022-03-09 17:23:30,667 [9cf3ac85-5088-4438-9438-d8e46945dabb@group-F4C19FBCF0D5-LeaderElection34] INFO  server.RaftServerConfigKeys (ConfUtils.java:logGet(44)) - raft.server.log.appender.snapshot.chunk.size.max = 16MB (=16777216) (default)
2022-03-09 17:23:30,668 [9cf3ac85-5088-4438-9438-d8e46945dabb@group-F4C19FBCF0D5-LeaderElection34] INFO  server.RaftServerConfigKeys (ConfUtils.java:logGet(44)) - raft.server.log.appender.buffer.byte-limit = 33554432 (custom)
2022-03-09 17:23:30,668 [9cf3ac85-5088-4438-9438-d8e46945dabb@group-F4C19FBCF0D5-LeaderElection34] INFO  server.RaftServerConfigKeys (ConfUtils.java:logGet(44)) - raft.server.log.appender.buffer.element-limit = 1 (custom)
2022-03-09 17:23:30,668 [9cf3ac85-5088-4438-9438-d8e46945dabb@group-F4C19FBCF0D5-LeaderElection34] INFO  grpc.GrpcConfigKeys (ConfUtils.java:logGet(44)) - raft.grpc.server.leader.outstanding.appends.max = 128 (default)
2022-03-09 17:23:30,668 [9cf3ac85-5088-4438-9438-d8e46945dabb@group-F4C19FBCF0D5-LeaderElection34] INFO  server.RaftServerConfigKeys (ConfUtils.java:logGet(44)) - raft.server.rpc.request.timeout = 60s (custom)
2022-03-09 17:23:30,668 [9cf3ac85-5088-4438-9438-d8e46945dabb@group-F4C19FBCF0D5-LeaderElection34] INFO  server.RaftServerConfigKeys (ConfUtils.java:logGet(44)) - raft.server.log.appender.install.snapshot.enabled = false (custom)
2022-03-09 17:23:30,668 [9cf3ac85-5088-4438-9438-d8e46945dabb@group-F4C19FBCF0D5-LeaderElection34] INFO  impl.RoleInfo (RoleInfo.java:updateAndGet(130)) - 9cf3ac85-5088-4438-9438-d8e46945dabb: start 9cf3ac85-5088-4438-9438-d8e46945dabb@group-F4C19FBCF0D5-LeaderStateImpl
2022-03-09 17:23:30,669 [9cf3ac85-5088-4438-9438-d8e46945dabb@group-F4C19FBCF0D5-LeaderElection34] INFO  segmented.SegmentedRaftLogWorker (SegmentedRaftLogWorker.java:startLogSegment(394)) - 9cf3ac85-5088-4438-9438-d8e46945dabb@group-F4C19FBCF0D5-SegmentedRaftLogWorker: Starting segment from index:0
2022-03-09 17:23:30,669 [EventQueue-OpenPipelineForHealthyPipelineSafeModeRule] INFO  safemode.SCMSafeModeManager (HealthyPipelineSafeModeRule.java:process(124)) - SCM in safe mode. Healthy pipelines reported count is 0, required healthy pipeline reported count is 1
2022-03-09 17:23:30,669 [EventQueue-PipelineReportForPipelineReportHandler] INFO  pipeline.PipelineManagerImpl (PipelineManagerImpl.java:openPipeline(291)) - Pipeline Pipeline[ Id: b8001ebf-700b-4a5f-a6f5-f4c19fbcf0d5, Nodes: 9cf3ac85-5088-4438-9438-d8e46945dabb{ip: 127.0.0.1, host: localhost, ports: [REPLICATION=46769, RATIS=38217, RATIS_ADMIN=38217, RATIS_SERVER=38217, STANDALONE=33707], networkLocation: /default-rack, certSerialId: null, persistedOpState: IN_SERVICE, persistedOpStateExpiryEpochSec: 0}8d38cd26-4da6-46a4-aba6-9da1aef73967{ip: 127.0.0.1, host: localhost, ports: [REPLICATION=40367, RATIS=43435, RATIS_ADMIN=43435, RATIS_SERVER=43435, STANDALONE=39745], networkLocation: /default-rack, certSerialId: null, persistedOpState: IN_SERVICE, persistedOpStateExpiryEpochSec: 0}352514d3-16e8-44e7-9f6c-25a5b2684069{ip: 127.0.0.1, host: localhost, ports: [REPLICATION=37469, RATIS=37197, RATIS_ADMIN=37197, RATIS_SERVER=37197, STANDALONE=38249], networkLocation: /default-rack, certSerialId: null, persistedOpState: IN_SERVICE, persistedOpStateExpiryEpochSec: 0}, ReplicationConfig: RATIS/THREE, State:ALLOCATED, leaderId:9cf3ac85-5088-4438-9438-d8e46945dabb, CreationTimestamp2022-03-09T17:23:02.258Z[Etc/UTC]] moved to OPEN state
2022-03-09 17:23:30,670 [EventQueue-OpenPipelineForHealthyPipelineSafeModeRule] INFO  safemode.SCMSafeModeManager (HealthyPipelineSafeModeRule.java:process(124)) - SCM in safe mode. Healthy pipelines reported count is 1, required healthy pipeline reported count is 1
2022-03-09 17:23:30,670 [EventQueue-OpenPipelineForHealthyPipelineSafeModeRule] INFO  safemode.SCMSafeModeManager (SCMSafeModeManager.java:validateSafeModeExitRules(204)) - HealthyPipelineSafeModeRule rule is successfully validated
2022-03-09 17:23:30,670 [EventQueue-OpenPipelineForHealthyPipelineSafeModeRule] INFO  safemode.SCMSafeModeManager (SCMSafeModeManager.java:validateSafeModeExitRules(219)) - ScmSafeModeManager, all rules are successfully validated
2022-03-09 17:23:30,670 [EventQueue-OpenPipelineForHealthyPipelineSafeModeRule] INFO  safemode.SCMSafeModeManager (SCMSafeModeManager.java:exitSafeMode(248)) - SCM exiting safe mode.
2022-03-09 17:23:30,670 [EventQueue-OpenPipelineForHealthyPipelineSafeModeRule] WARN  events.EventQueue (EventQueue.java:fireEvent(194)) - No event handler registered for event TypedEvent{payloadType=SafeModeStatus, name='Safe mode status'}
2022-03-09 17:23:30,670 [EventQueue-OpenPipelineForHealthyPipelineSafeModeRule] INFO  ha.SCMContext (SCMContext.java:updateSafeModeStatus(211)) - Update SafeModeStatus from SafeModeStatus{safeModeStatus=true, preCheckPassed=true} to SafeModeStatus{safeModeStatus=false, preCheckPassed=true}.
2022-03-09 17:23:30,671 [9cf3ac85-5088-4438-9438-d8e46945dabb@group-F4C19FBCF0D5-SegmentedRaftLogWorker] INFO  segmented.SegmentedRaftLogWorker (SegmentedRaftLogWorker.java:execute(601)) - 9cf3ac85-5088-4438-9438-d8e46945dabb@group-F4C19FBCF0D5-SegmentedRaftLogWorker: created new log segment /home/runner/work/ozone/ozone/hadoop-ozone/integration-test/target/test-dir/MiniOzoneClusterImpl-aa50db73-d356-40d6-b3b5-5343d3a56795/datanode-0/data/ratis/b8001ebf-700b-4a5f-a6f5-f4c19fbcf0d5/current/log_inprogress_0
2022-03-09 17:23:30,686 [grpc-default-executor-1] INFO  server.RaftServer$Division (RaftServerImpl.java:requestVote(1046)) - 9cf3ac85-5088-4438-9438-d8e46945dabb@group-F4C19FBCF0D5: receive requestVote(ELECTION, 352514d3-16e8-44e7-9f6c-25a5b2684069, group-F4C19FBCF0D5, 5, (t:0, i:0))
2022-03-09 17:23:30,686 [9cf3ac85-5088-4438-9438-d8e46945dabb@group-F4C19FBCF0D5-LeaderElection34] INFO  server.RaftServer$Division (ServerState.java:setRaftConf(387)) - 9cf3ac85-5088-4438-9438-d8e46945dabb@group-F4C19FBCF0D5: set configuration 0: [8d38cd26-4da6-46a4-aba6-9da1aef73967|rpc:127.0.0.1:43435|dataStream:|priority:0, 352514d3-16e8-44e7-9f6c-25a5b2684069|rpc:127.0.0.1:37197|dataStream:|priority:0, 9cf3ac85-5088-4438-9438-d8e46945dabb|rpc:127.0.0.1:38217|dataStream:|priority:1], old=null
2022-03-09 17:23:30,687 [grpc-default-executor-1] INFO  impl.VoteContext (VoteContext.java:log(48)) - 9cf3ac85-5088-4438-9438-d8e46945dabb@group-F4C19FBCF0D5-LEADER: reject ELECTION from 352514d3-16e8-44e7-9f6c-25a5b2684069: already has voted for 9cf3ac85-5088-4438-9438-d8e46945dabb at current term 5
2022-03-09 17:23:30,687 [grpc-default-executor-1] INFO  server.RaftServer$Division (RaftServerImpl.java:requestVote(1078)) - 9cf3ac85-5088-4438-9438-d8e46945dabb@group-F4C19FBCF0D5 replies to ELECTION vote request: 352514d3-16e8-44e7-9f6c-25a5b2684069<-9cf3ac85-5088-4438-9438-d8e46945dabb#0:FAIL-t5. Peer's state: 9cf3ac85-5088-4438-9438-d8e46945dabb@group-F4C19FBCF0D5:t5, leader=9cf3ac85-5088-4438-9438-d8e46945dabb, voted=9cf3ac85-5088-4438-9438-d8e46945dabb, raftlog=9cf3ac85-5088-4438-9438-d8e46945dabb@group-F4C19FBCF0D5-SegmentedRaftLog:OPENED:c-1, conf=0: [8d38cd26-4da6-46a4-aba6-9da1aef73967|rpc:127.0.0.1:43435|dataStream:|priority:0, 352514d3-16e8-44e7-9f6c-25a5b2684069|rpc:127.0.0.1:37197|dataStream:|priority:0, 9cf3ac85-5088-4438-9438-d8e46945dabb|rpc:127.0.0.1:38217|dataStream:|priority:1], old=null
2022-03-09 17:23:30,709 [352514d3-16e8-44e7-9f6c-25a5b2684069@group-F4C19FBCF0D5-LeaderElection33] INFO  impl.LeaderElection (LeaderElection.java:logAndReturn(89)) - 352514d3-16e8-44e7-9f6c-25a5b2684069@group-F4C19FBCF0D5-LeaderElection33: ELECTION REJECTED received 2 response(s) and 0 exception(s):
2022-03-09 17:23:30,709 [352514d3-16e8-44e7-9f6c-25a5b2684069@group-F4C19FBCF0D5-LeaderElection33] INFO  impl.LeaderElection (LeaderElection.java:logAndReturn(93)) -   Response 0: 352514d3-16e8-44e7-9f6c-25a5b2684069<-8d38cd26-4da6-46a4-aba6-9da1aef73967#0:FAIL-t5
2022-03-09 17:23:30,709 [352514d3-16e8-44e7-9f6c-25a5b2684069@group-F4C19FBCF0D5-LeaderElection33] INFO  impl.LeaderElection (LeaderElection.java:logAndReturn(93)) -   Response 1: 352514d3-16e8-44e7-9f6c-25a5b2684069<-9cf3ac85-5088-4438-9438-d8e46945dabb#0:FAIL-t5
2022-03-09 17:23:30,709 [352514d3-16e8-44e7-9f6c-25a5b2684069@group-F4C19FBCF0D5-LeaderElection33] INFO  impl.LeaderElection (LeaderElection.java:askForVotes(308)) - 352514d3-16e8-44e7-9f6c-25a5b2684069@group-F4C19FBCF0D5-LeaderElection33 ELECTION round 0: result REJECTED
2022-03-09 17:23:30,709 [352514d3-16e8-44e7-9f6c-25a5b2684069@group-F4C19FBCF0D5-LeaderElection33] INFO  server.RaftServer$Division (RaftServerImpl.java:setRole(290)) - 352514d3-16e8-44e7-9f6c-25a5b2684069@group-F4C19FBCF0D5: changes role from CANDIDATE to FOLLOWER at term 5 for REJECTED
2022-03-09 17:23:30,709 [352514d3-16e8-44e7-9f6c-25a5b2684069@group-F4C19FBCF0D5-LeaderElection33] INFO  impl.RoleInfo (RoleInfo.java:shutdownLeaderElection(121)) - 352514d3-16e8-44e7-9f6c-25a5b2684069: shutdown 352514d3-16e8-44e7-9f6c-25a5b2684069@group-F4C19FBCF0D5-LeaderElection33
2022-03-09 17:23:30,709 [352514d3-16e8-44e7-9f6c-25a5b2684069@group-F4C19FBCF0D5-LeaderElection33] INFO  impl.RoleInfo (RoleInfo.java:updateAndGet(130)) - 352514d3-16e8-44e7-9f6c-25a5b2684069: start 352514d3-16e8-44e7-9f6c-25a5b2684069@group-F4C19FBCF0D5-FollowerState
2022-03-09 17:23:30,710 [bef7ff01-9206-4ecd-9ab6-73c02c958dab@group-5343D3A56795-StateMachineUpdater] ERROR impl.StateMachineUpdater (StateMachineUpdater.java:run(191)) - bef7ff01-9206-4ecd-9ab6-73c02c958dab@group-5343D3A56795-StateMachineUpdater caught a Throwable.
java.lang.IllegalStateException: bef7ff01-9206-4ecd-9ab6-73c02c958dab: Failed updateLastAppliedTermIndex: newTI = (t:2, i:28) < oldTI = (t:2, i:128)
	at org.apache.ratis.util.Preconditions.assertTrue(Preconditions.java:72)
	at org.apache.ratis.statemachine.impl.BaseStateMachine.updateLastAppliedTermIndex(BaseStateMachine.java:142)
	at org.apache.hadoop.hdds.scm.ha.SCMStateMachine.notifyTermIndexUpdated(SCMStateMachine.java:310)
	at org.apache.ratis.server.impl.RaftServerImpl.applyLogToStateMachine(RaftServerImpl.java:1701)
	at org.apache.ratis.server.impl.StateMachineUpdater.applyLog(StateMachineUpdater.java:234)
	at org.apache.ratis.server.impl.StateMachineUpdater.run(StateMachineUpdater.java:179)
	at java.lang.Thread.run(Thread.java:750)
2022-03-09 17:23:30,710 [bef7ff01-9206-4ecd-9ab6-73c02c958dab@group-5343D3A56795-StateMachineUpdater] INFO  server.RaftServer$Division (RaftServerImpl.java:lambda$close$4(412)) - bef7ff01-9206-4ecd-9ab6-73c02c958dab@group-5343D3A56795: shutdown
2022-03-09 17:23:30,723 [dae587cf-c5b5-4dcf-9320-ec0de1a92622@group-5343D3A56795-StateMachineUpdater] INFO  ha.SCMStateMachine (SCMStateMachine.java:takeSnapshot(297)) - Current Snapshot Index 28, takeSnapshot took 0 ms
2022-03-09 17:23:30,723 [dae587cf-c5b5-4dcf-9320-ec0de1a92622@group-5343D3A56795-StateMachineUpdater] INFO  impl.StateMachineUpdater (StateMachineUpdater.java:takeSnapshot(281)) - dae587cf-c5b5-4dcf-9320-ec0de1a92622@group-5343D3A56795-StateMachineUpdater: Took a snapshot at index 28
2022-03-09 17:23:30,723 [dae587cf-c5b5-4dcf-9320-ec0de1a92622@group-5343D3A56795-StateMachineUpdater] INFO  impl.StateMachineUpdater (StateMachineUpdater.java:lambda$new$0(89)) - dae587cf-c5b5-4dcf-9320-ec0de1a92622@group-5343D3A56795-StateMachineUpdater: snapshotIndex: updateIncreasingly 23 -> 28
2022-03-09 17:23:30,723 [dae587cf-c5b5-4dcf-9320-ec0de1a92622@group-5343D3A56795-StateMachineUpdater] INFO  raftlog.RaftLog (RaftLogBase.java:purge(306)) - dae587cf-c5b5-4dcf-9320-ec0de1a92622@group-5343D3A56795-SegmentedRaftLog: purge 28
2022-03-09 17:23:30,723 [dae587cf-c5b5-4dcf-9320-ec0de1a92622@group-5343D3A56795-StateMachineUpdater] INFO  raftlog.RaftLog (RaftLogBase.java:lambda$new$0(53)) - dae587cf-c5b5-4dcf-9320-ec0de1a92622@group-5343D3A56795-SegmentedRaftLog: snapshotIndex: updateIncreasingly 23 -> 28
2022-03-09 17:23:30,723 [dae587cf-c5b5-4dcf-9320-ec0de1a92622@group-5343D3A56795-StateMachineUpdater] INFO  raftlog.RaftLog (RaftLogBase.java:lambda$new$0(53)) - dae587cf-c5b5-4dcf-9320-ec0de1a92622@group-5343D3A56795-SegmentedRaftLog: purgeIndex: updateToMax old=23, new=28, updated? true
2022-03-09 17:23:30,732 [IPC Server handler 6 on default port 33977] INFO  net.NetworkTopologyImpl (NetworkTopologyImpl.java:add(112)) - Added a new node: /default-rack/8d38cd26-4da6-46a4-aba6-9da1aef73967
2022-03-09 17:23:30,732 [IPC Server handler 6 on default port 33977] INFO  node.SCMNodeManager (SCMNodeManager.java:register(391)) - Registered Data node : 8d38cd26-4da6-46a4-aba6-9da1aef73967{ip: 127.0.0.1, host: localhost, ports: [REPLICATION=40367, RATIS=43435, RATIS_ADMIN=43435, RATIS_SERVER=43435, STANDALONE=39745], networkLocation: /default-rack, certSerialId: null, persistedOpState: null, persistedOpStateExpiryEpochSec: 0}
2022-03-09 17:23:30,734 [bef7ff01-9206-4ecd-9ab6-73c02c958dab@group-5343D3A56795-StateMachineUpdater] INFO  util.JmxRegister (JmxRegister.java:unregister(73)) - Successfully un-registered JMX Bean with object name Ratis:service=RaftServer,group=group-5343D3A56795,id=bef7ff01-9206-4ecd-9ab6-73c02c958dab
2022-03-09 17:23:30,734 [bef7ff01-9206-4ecd-9ab6-73c02c958dab@group-5343D3A56795-StateMachineUpdater] INFO  impl.RoleInfo (RoleInfo.java:shutdownFollowerState(108)) - bef7ff01-9206-4ecd-9ab6-73c02c958dab: shutdown bef7ff01-9206-4ecd-9ab6-73c02c958dab@group-5343D3A56795-FollowerState
2022-03-09 17:23:30,736 [grpc-default-executor-1] INFO  ratis.XceiverServerRatis (XceiverServerRatis.java:handleLeaderChangedNotification(867)) - Leader change notification received for group: group-F4C19FBCF0D5 with new leaderId: 9cf3ac85-5088-4438-9438-d8e46945dabb
2022-03-09 17:23:30,736 [grpc-default-executor-1] INFO  server.RaftServer$Division (ServerState.java:setLeader(285)) - 352514d3-16e8-44e7-9f6c-25a5b2684069@group-F4C19FBCF0D5: change Leader from null to 9cf3ac85-5088-4438-9438-d8e46945dabb at term 5 for appendEntries, leader elected after 26014ms
2022-03-09 17:23:30,737 [grpc-default-executor-0] INFO  ratis.XceiverServerRatis (XceiverServerRatis.java:handleLeaderChangedNotification(867)) - Leader change notification received for group: group-F4C19FBCF0D5 with new leaderId: 9cf3ac85-5088-4438-9438-d8e46945dabb
2022-03-09 17:23:30,737 [grpc-default-executor-0] INFO  server.RaftServer$Division (ServerState.java:setLeader(285)) - 8d38cd26-4da6-46a4-aba6-9da1aef73967@group-F4C19FBCF0D5: change Leader from null to 9cf3ac85-5088-4438-9438-d8e46945dabb at term 5 for appendEntries, leader elected after 26134ms
2022-03-09 17:23:30,737 [Listener at 127.0.0.1/45999] INFO  ha.SCMHAManagerImpl (SCMHAManagerImpl.java:installCheckpoint(228)) - Installing checkpoint with SCMTransactionInfo 2#25
2022-03-09 17:23:30,739 [Listener at 127.0.0.1/45999] WARN  ha.SCMHAManagerImpl (SCMHAManagerImpl.java:installCheckpoint(241)) - Cannot proceed with InstallSnapshot as SCM is at TermIndex (t:2, i:28) and checkpoint has lower TermIndex (t:2, i:25). Reloading old state of SCM.
2022-03-09 17:23:30,742 [Listener at 127.0.0.1/45999] INFO  ozone.MiniOzoneClusterImpl (MiniOzoneClusterImpl.java:shutdown(449)) - Shutting down the Mini Ozone Cluster
2022-03-09 17:23:30,745 [Listener at 127.0.0.1/45999] INFO  ozone.MiniOzoneHAClusterImpl (MiniOzoneHAClusterImpl.java:stop(308)) - Stopping the OzoneManager omNode-1
2022-03-09 17:23:30,745 [Listener at 127.0.0.1/45999] INFO  om.OzoneManager (OzoneManager.java:stop(1893)) - omNode-1[localhost:45999]: Stopping Ozone Manager
2022-03-09 17:23:30,745 [Listener at 127.0.0.1/45999] INFO  ipc.Server (Server.java:stop(3414)) - Stopping server on 45999
2022-03-09 17:23:30,753 [grpc-default-executor-0] INFO  server.RaftServer$Division (ServerState.java:setRaftConf(387)) - 8d38cd26-4da6-46a4-aba6-9da1aef73967@group-F4C19FBCF0D5: set configuration 0: [8d38cd26-4da6-46a4-aba6-9da1aef73967|rpc:127.0.0.1:43435|dataStream:|priority:0, 352514d3-16e8-44e7-9f6c-25a5b2684069|rpc:127.0.0.1:37197|dataStream:|priority:0, 9cf3ac85-5088-4438-9438-d8e46945dabb|rpc:127.0.0.1:38217|dataStream:|priority:1], old=null
2022-03-09 17:23:30,753 [grpc-default-executor-0] INFO  segmented.SegmentedRaftLogWorker (SegmentedRaftLogWorker.java:startLogSegment(394)) - 8d38cd26-4da6-46a4-aba6-9da1aef73967@group-F4C19FBCF0D5-SegmentedRaftLogWorker: Starting segment from index:0
2022-03-09 17:23:30,753 [EventQueue-NewNodeForNewNodeHandler] INFO  pipeline.BackgroundPipelineCreator (BackgroundPipelineCreator.java:notifyEventTriggered(279)) - ignore, not leader SCM.
2022-03-09 17:23:30,753 [bef7ff01-9206-4ecd-9ab6-73c02c958dab@group-5343D3A56795-FollowerState] INFO  impl.FollowerState (FollowerState.java:run(143)) - bef7ff01-9206-4ecd-9ab6-73c02c958dab@group-5343D3A56795-FollowerState was interrupted: {}
java.lang.InterruptedException: sleep interrupted
	at java.lang.Thread.sleep(Native Method)
	at java.lang.Thread.sleep(Thread.java:342)
	at java.util.concurrent.TimeUnit.sleep(TimeUnit.java:386)
	at org.apache.ratis.util.TimeDuration.sleep(TimeDuration.java:324)
	at org.apache.ratis.util.TimeDuration.sleep(TimeDuration.java:309)
	at org.apache.ratis.server.impl.FollowerState.run(FollowerState.java:118)
2022-03-09 17:23:30,762 [bef7ff01-9206-4ecd-9ab6-73c02c958dab@group-5343D3A56795-StateMachineUpdater] INFO  server.RaftServer$Division (ServerState.java:close(419)) - bef7ff01-9206-4ecd-9ab6-73c02c958dab@group-5343D3A56795: closes. applyIndex: 28
2022-03-09 17:23:30,762 [IPC Server listener on 45999] INFO  ipc.Server (Server.java:run(1376)) - Stopping IPC Server listener on 45999
2022-03-09 17:23:30,762 [IPC Server Responder] INFO  ipc.Server (Server.java:run(1512)) - Stopping IPC Server Responder
2022-03-09 17:23:30,764 [bef7ff01-9206-4ecd-9ab6-73c02c958dab@group-5343D3A56795-SegmentedRaftLogWorker] INFO  segmented.SegmentedRaftLogWorker (SegmentedRaftLogWorker.java:run(327)) - bef7ff01-9206-4ecd-9ab6-73c02c958dab@group-5343D3A56795-SegmentedRaftLogWorker was interrupted, exiting. There are 0 tasks remaining in the queue.
2022-03-09 17:23:30,764 [Listener at 127.0.0.1/45999] INFO  server.RaftServer (RaftServerProxy.java:lambda$close$6(391)) - omNode-1: close
2022-03-09 17:23:30,764 [Listener at 127.0.0.1/45999] INFO  server.RaftServer$Division (RaftServerImpl.java:lambda$close$4(412)) - omNode-1@group-523986131536: shutdown
2022-03-09 17:23:30,764 [Listener at 127.0.0.1/45999] INFO  util.JmxRegister (JmxRegister.java:unregister(73)) - Successfully un-registered JMX Bean with object name Ratis:service=RaftServer,group=group-523986131536,id=omNode-1
2022-03-09 17:23:30,765 [Listener at 127.0.0.1/45999] INFO  impl.RoleInfo (RoleInfo.java:shutdownLeaderState(91)) - omNode-1: shutdown omNode-1@group-523986131536-LeaderStateImpl
2022-03-09 17:23:30,765 [Listener at 127.0.0.1/45999] INFO  impl.PendingRequests (PendingRequests.java:sendNotLeaderResponses(282)) - omNode-1@group-523986131536-PendingRequests: sendNotLeaderResponses
2022-03-09 17:23:30,766 [bef7ff01-9206-4ecd-9ab6-73c02c958dab@group-5343D3A56795-StateMachineUpdater] INFO  segmented.SegmentedRaftLogWorker (SegmentedRaftLogWorker.java:close(237)) - bef7ff01-9206-4ecd-9ab6-73c02c958dab@group-5343D3A56795-SegmentedRaftLogWorker close()
2022-03-09 17:23:30,767 [ab171f79-80bf-4db9-ba30-7c5fcf45ffba@group-5343D3A56795-StateMachineUpdater] INFO  ha.SCMStateMachine (SCMStateMachine.java:takeSnapshot(297)) - Current Snapshot Index 30, takeSnapshot took 0 ms
2022-03-09 17:23:30,767 [ab171f79-80bf-4db9-ba30-7c5fcf45ffba@group-5343D3A56795-StateMachineUpdater] INFO  impl.StateMachineUpdater (StateMachineUpdater.java:takeSnapshot(281)) - ab171f79-80bf-4db9-ba30-7c5fcf45ffba@group-5343D3A56795-StateMachineUpdater: Took a snapshot at index 30
2022-03-09 17:23:30,767 [ab171f79-80bf-4db9-ba30-7c5fcf45ffba@group-5343D3A56795-StateMachineUpdater] INFO  impl.StateMachineUpdater (StateMachineUpdater.java:lambda$new$0(89)) - ab171f79-80bf-4db9-ba30-7c5fcf45ffba@group-5343D3A56795-StateMachineUpdater: snapshotIndex: updateIncreasingly 25 -> 30
2022-03-09 17:23:30,767 [ab171f79-80bf-4db9-ba30-7c5fcf45ffba@group-5343D3A56795-StateMachineUpdater] INFO  raftlog.RaftLog (RaftLogBase.java:purge(306)) - ab171f79-80bf-4db9-ba30-7c5fcf45ffba@group-5343D3A56795-SegmentedRaftLog: purge 30
2022-03-09 17:23:30,767 [ab171f79-80bf-4db9-ba30-7c5fcf45ffba@group-5343D3A56795-StateMachineUpdater] INFO  raftlog.RaftLog (RaftLogBase.java:lambda$new$0(53)) - ab171f79-80bf-4db9-ba30-7c5fcf45ffba@group-5343D3A56795-SegmentedRaftLog: snapshotIndex: updateIncreasingly 25 -> 30
2022-03-09 17:23:30,767 [ab171f79-80bf-4db9-ba30-7c5fcf45ffba@group-5343D3A56795-StateMachineUpdater] INFO  raftlog.RaftLog (RaftLogBase.java:lambda$new$0(53)) - ab171f79-80bf-4db9-ba30-7c5fcf45ffba@group-5343D3A56795-SegmentedRaftLog: purgeIndex: updateToMax old=25, new=30, updated? true
2022-03-09 17:23:30,768 [8d38cd26-4da6-46a4-aba6-9da1aef73967@group-F4C19FBCF0D5-SegmentedRaftLogWorker] INFO  segmented.SegmentedRaftLogWorker (SegmentedRaftLogWorker.java:execute(601)) - 8d38cd26-4da6-46a4-aba6-9da1aef73967@group-F4C19FBCF0D5-SegmentedRaftLogWorker: created new log segment /home/runner/work/ozone/ozone/hadoop-ozone/integration-test/target/test-dir/MiniOzoneClusterImpl-aa50db73-d356-40d6-b3b5-5343d3a56795/datanode-1/data/ratis/b8001ebf-700b-4a5f-a6f5-f4c19fbcf0d5/current/log_inprogress_0
2022-03-09 17:23:30,776 [grpc-default-executor-1] INFO  server.RaftServer$Division (ServerState.java:setRaftConf(387)) - 352514d3-16e8-44e7-9f6c-25a5b2684069@group-F4C19FBCF0D5: set configuration 0: [8d38cd26-4da6-46a4-aba6-9da1aef73967|rpc:127.0.0.1:43435|dataStream:|priority:0, 352514d3-16e8-44e7-9f6c-25a5b2684069|rpc:127.0.0.1:37197|dataStream:|priority:0, 9cf3ac85-5088-4438-9438-d8e46945dabb|rpc:127.0.0.1:38217|dataStream:|priority:1], old=null
2022-03-09 17:23:30,777 [Listener at 127.0.0.1/45999] INFO  impl.StateMachineUpdater (StateMachineUpdater.java:stopAndJoin(149)) - omNode-1@group-523986131536-StateMachineUpdater: set stopIndex = 0
2022-03-09 17:23:30,778 [grpc-default-executor-1] INFO  segmented.SegmentedRaftLogWorker (SegmentedRaftLogWorker.java:startLogSegment(394)) - 352514d3-16e8-44e7-9f6c-25a5b2684069@group-F4C19FBCF0D5-SegmentedRaftLogWorker: Starting segment from index:0
2022-03-09 17:23:30,778 [omNode-1@group-523986131536-StateMachineUpdater] INFO  ratis.OzoneManagerStateMachine (OzoneManagerStateMachine.java:takeSnapshot(417)) - Current Snapshot Index (t:1, i:0)
2022-03-09 17:23:30,779 [omNode-1@group-523986131536-StateMachineUpdater] INFO  impl.StateMachineUpdater (StateMachineUpdater.java:takeSnapshot(281)) - omNode-1@group-523986131536-StateMachineUpdater: Took a snapshot at index 0
2022-03-09 17:23:30,779 [omNode-1@group-523986131536-StateMachineUpdater] INFO  impl.StateMachineUpdater (StateMachineUpdater.java:lambda$new$0(89)) - omNode-1@group-523986131536-StateMachineUpdater: snapshotIndex: updateIncreasingly -1 -> 0
2022-03-09 17:23:30,779 [omNode-1@group-523986131536-StateMachineUpdater] INFO  ratis.OzoneManagerStateMachine (OzoneManagerStateMachine.java:close(471)) - StateMachine has shutdown. Shutdown OzoneManager if not already shutdown.
2022-03-09 17:23:30,779 [Listener at 127.0.0.1/45999] INFO  server.RaftServer$Division (ServerState.java:close(419)) - omNode-1@group-523986131536: closes. applyIndex: 0
2022-03-09 17:23:30,779 [omNode-1@group-523986131536-SegmentedRaftLogWorker] INFO  segmented.SegmentedRaftLogWorker (SegmentedRaftLogWorker.java:run(327)) - omNode-1@group-523986131536-SegmentedRaftLogWorker was interrupted, exiting. There are 0 tasks remaining in the queue.
2022-03-09 17:23:30,780 [352514d3-16e8-44e7-9f6c-25a5b2684069@group-F4C19FBCF0D5-SegmentedRaftLogWorker] INFO  segmented.SegmentedRaftLogWorker (SegmentedRaftLogWorker.java:execute(601)) - 352514d3-16e8-44e7-9f6c-25a5b2684069@group-F4C19FBCF0D5-SegmentedRaftLogWorker: created new log segment /home/runner/work/ozone/ozone/hadoop-ozone/integration-test/target/test-dir/MiniOzoneClusterImpl-aa50db73-d356-40d6-b3b5-5343d3a56795/datanode-2/data/ratis/b8001ebf-700b-4a5f-a6f5-f4c19fbcf0d5/current/log_inprogress_0
2022-03-09 17:23:30,792 [Listener at 127.0.0.1/45999] INFO  segmented.SegmentedRaftLogWorker (SegmentedRaftLogWorker.java:close(237)) - omNode-1@group-523986131536-SegmentedRaftLogWorker close()
2022-03-09 17:23:30,815 [Listener at 127.0.0.1/45999] INFO  server.GrpcService (GrpcService.java:closeImpl(262)) - omNode-1: shutdown server with port 36545 now
2022-03-09 17:23:30,816 [Listener at 127.0.0.1/45999] INFO  server.GrpcService (GrpcService.java:closeImpl(271)) - omNode-1: shutdown server with port 36545 successfully
2022-03-09 17:23:30,816 [org.apache.ratis.util.JvmPauseMonitor$$Lambda$503/957387062@3c2e5c75] INFO  util.JvmPauseMonitor (JvmPauseMonitor.java:run(109)) - JvmPauseMonitor-omNode-1: Stopped
2022-03-09 17:23:30,816 [Listener at 127.0.0.1/45999] INFO  ratis.OzoneManagerDoubleBuffer (OzoneManagerDoubleBuffer.java:stop(437)) - Stopping OMDoubleBuffer flush thread
2022-03-09 17:23:30,816 [OMDoubleBufferFlushThread] INFO  ratis.OzoneManagerDoubleBuffer (OzoneManagerDoubleBuffer.java:flushTransactions(356)) - OMDoubleBuffer flush thread OMDoubleBufferFlushThread is interrupted and will exit. OMDoubleBufferFlushThread
2022-03-09 17:23:30,816 [Listener at 127.0.0.1/45999] INFO  utils.BackgroundService (BackgroundService.java:shutdown(132)) - Shutting down service KeyDeletingService
2022-03-09 17:23:30,818 [Listener at 127.0.0.1/45999] INFO  utils.BackgroundService (BackgroundService.java:shutdown(132)) - Shutting down service DirectoryDeletingService
2022-03-09 17:23:30,818 [Listener at 127.0.0.1/45999] INFO  handler.ContextHandler (ContextHandler.java:doStop(1153)) - Stopped o.e.j.w.WebAppContext@7343da7c{ozoneManager,/,null,STOPPED}{file:/home/runner/work/ozone/ozone/hadoop-ozone/integration-test/target/test-classes/webapps/ozoneManager}
2022-03-09 17:23:30,820 [Listener at 127.0.0.1/45999] INFO  server.AbstractConnector (AbstractConnector.java:doStop(381)) - Stopped ServerConnector@4983490b{HTTP/1.1, (http/1.1)}{0.0.0.0:36249}
2022-03-09 17:23:30,820 [Listener at 127.0.0.1/45999] INFO  server.session (HouseKeeper.java:stopScavenging(149)) - node0 Stopped scavenging
2022-03-09 17:23:30,820 [Listener at 127.0.0.1/45999] INFO  handler.ContextHandler (ContextHandler.java:doStop(1153)) - Stopped o.e.j.s.ServletContextHandler@472ea479{static,/static,file:///home/runner/work/ozone/ozone/hadoop-ozone/integration-test/target/test-classes/webapps/static,STOPPED}
2022-03-09 17:23:30,820 [Listener at 127.0.0.1/45999] INFO  handler.ContextHandler (ContextHandler.java:doStop(1153)) - Stopped o.e.j.s.ServletContextHandler@1fba5aad{logs,/logs,file:///home/runner/work/ozone/ozone/hadoop-ozone/integration-test/target/log,STOPPED}
2022-03-09 17:23:30,829 [Listener at 127.0.0.1/45999] INFO  ozone.MiniOzoneHAClusterImpl (MiniOzoneHAClusterImpl.java:stop(316)) - Stopping the StorageContainerManager dae587cf-c5b5-4dcf-9320-ec0de1a92622
2022-03-09 17:23:30,829 [Listener at 127.0.0.1/45999] INFO  server.StorageContainerManager (StorageContainerManager.java:stop(1414)) - Stopping Container Balancer service.
2022-03-09 17:23:30,829 [Listener at 127.0.0.1/45999] INFO  balancer.ContainerBalancer (ContainerBalancer.java:stop(802)) - Container Balancer is not running.
2022-03-09 17:23:30,829 [Listener at 127.0.0.1/45999] INFO  server.StorageContainerManager (StorageContainerManager.java:stop(1421)) - Stopping Replication Manager Service.
2022-03-09 17:23:30,829 [Listener at 127.0.0.1/45999] INFO  container.ReplicationManager (ReplicationManager.java:stop(357)) - Stopping Replication Monitor Thread.
2022-03-09 17:23:30,829 [Listener at 127.0.0.1/45999] INFO  server.StorageContainerManager (StorageContainerManager.java:stop(1428)) - Stopping the Datanode Admin Monitor.
2022-03-09 17:23:30,829 [Listener at 127.0.0.1/45999] INFO  server.StorageContainerManager (StorageContainerManager.java:stop(1435)) - Stopping Lease Manager of the command watchers
2022-03-09 17:23:30,830 [Listener at 127.0.0.1/45999] INFO  server.StorageContainerManager (StorageContainerManager.java:stop(1442)) - Stopping datanode service RPC server
2022-03-09 17:23:30,830 [Listener at 127.0.0.1/45999] INFO  server.SCMDatanodeProtocolServer (SCMDatanodeProtocolServer.java:stop(400)) - Stopping the RPC server for DataNodes
2022-03-09 17:23:30,830 [Listener at 127.0.0.1/45999] INFO  ipc.Server (Server.java:stop(3414)) - Stopping server on 39101
2022-03-09 17:23:30,833 [IPC Server listener on 39101] INFO  ipc.Server (Server.java:run(1376)) - Stopping IPC Server listener on 39101
2022-03-09 17:23:30,833 [IPC Server Responder] INFO  ipc.Server (Server.java:run(1512)) - Stopping IPC Server Responder
2022-03-09 17:23:30,872 [SCM Heartbeat Processing Thread - 0] WARN  node.NodeStateManager (NodeStateManager.java:scheduleNextHealthCheck(815)) - Current Thread is interrupted, shutting down HB processing thread for Node Manager.
2022-03-09 17:23:30,872 [Listener at 127.0.0.1/45999] INFO  server.StorageContainerManager (StorageContainerManager.java:stop(1450)) - Stopping block service RPC server
2022-03-09 17:23:30,873 [Listener at 127.0.0.1/45999] INFO  server.SCMBlockProtocolServer (SCMBlockProtocolServer.java:stop(160)) - Stopping the RPC server for Block Protocol
2022-03-09 17:23:30,873 [Listener at 127.0.0.1/45999] INFO  ipc.Server (Server.java:stop(3414)) - Stopping server on 36591
2022-03-09 17:23:30,875 [IPC Server listener on 36591] INFO  ipc.Server (Server.java:run(1376)) - Stopping IPC Server listener on 36591
2022-03-09 17:23:30,883 [Listener at 127.0.0.1/45999] INFO  server.StorageContainerManager (StorageContainerManager.java:stop(1457)) - Stopping the StorageContainerLocationProtocol RPC server
2022-03-09 17:23:30,883 [Listener at 127.0.0.1/45999] INFO  server.SCMClientProtocolServer (SCMClientProtocolServer.java:stop(174)) - Stopping the RPC server for Client Protocol
2022-03-09 17:23:30,883 [Listener at 127.0.0.1/45999] INFO  ipc.Server (Server.java:stop(3414)) - Stopping server on 43313
2022-03-09 17:23:30,883 [IPC Server Responder] INFO  ipc.Server (Server.java:run(1512)) - Stopping IPC Server Responder
2022-03-09 17:23:30,895 [Listener at 127.0.0.1/45999] INFO  server.StorageContainerManager (StorageContainerManager.java:stop(1464)) - Stopping Storage Container Manager HTTP server.
2022-03-09 17:23:30,896 [Listener at 127.0.0.1/45999] INFO  handler.ContextHandler (ContextHandler.java:doStop(1153)) - Stopped o.e.j.w.WebAppContext@a442038{scm,/,null,STOPPED}{file:/home/runner/work/ozone/ozone/hadoop-ozone/integration-test/target/test-classes/webapps/scm}
2022-03-09 17:23:30,896 [IPC Server Responder] INFO  ipc.Server (Server.java:run(1512)) - Stopping IPC Server Responder
2022-03-09 17:23:30,896 [IPC Server listener on 43313] INFO  ipc.Server (Server.java:run(1376)) - Stopping IPC Server listener on 43313
2022-03-09 17:23:30,899 [Listener at 127.0.0.1/45999] INFO  server.AbstractConnector (AbstractConnector.java:doStop(381)) - Stopped ServerConnector@79eaf64{HTTP/1.1, (http/1.1)}{0.0.0.0:35923}
2022-03-09 17:23:30,899 [Listener at 127.0.0.1/45999] INFO  server.session (HouseKeeper.java:stopScavenging(149)) - node0 Stopped scavenging
2022-03-09 17:23:30,900 [Listener at 127.0.0.1/45999] INFO  handler.ContextHandler (ContextHandler.java:doStop(1153)) - Stopped o.e.j.s.ServletContextHandler@342b545a{static,/static,file:///home/runner/work/ozone/ozone/hadoop-ozone/integration-test/target/test-classes/webapps/static,STOPPED}
2022-03-09 17:23:30,900 [Listener at 127.0.0.1/45999] INFO  handler.ContextHandler (ContextHandler.java:doStop(1153)) - Stopped o.e.j.s.ServletContextHandler@3b8a02b6{logs,/logs,file:///home/runner/work/ozone/ozone/hadoop-ozone/integration-test/target/log,STOPPED}
2022-03-09 17:23:30,903 [Listener at 127.0.0.1/45999] INFO  server.StorageContainerManager (StorageContainerManager.java:stop(1475)) - Stopping Block Manager Service.
2022-03-09 17:23:30,903 [Listener at 127.0.0.1/45999] INFO  utils.BackgroundService (BackgroundService.java:shutdown(132)) - Shutting down service SCMBlockDeletingService
2022-03-09 17:23:30,903 [Listener at 127.0.0.1/45999] INFO  utils.BackgroundService (BackgroundService.java:shutdown(132)) - Shutting down service SCMBlockDeletingService
2022-03-09 17:23:30,903 [Listener at 127.0.0.1/45999] INFO  server.StorageContainerManager (StorageContainerManager.java:stop(1502)) - Stopping SCM Event Queue.
2022-03-09 17:23:30,908 [Listener at 127.0.0.1/45999] INFO  server.StorageContainerManager (StorageContainerManager.java:stop(1513)) - Stopping SCM HA services.
2022-03-09 17:23:30,908 [Listener at 127.0.0.1/45999] INFO  ha.SCMRatisServerImpl (SCMRatisServerImpl.java:stop(236)) - stopping ratis server 0.0.0.0:44301
2022-03-09 17:23:30,908 [Listener at 127.0.0.1/45999] INFO  server.RaftServer (RaftServerProxy.java:lambda$close$6(391)) - dae587cf-c5b5-4dcf-9320-ec0de1a92622: close
2022-03-09 17:23:30,908 [Listener at 127.0.0.1/45999] INFO  server.RaftServer$Division (RaftServerImpl.java:lambda$close$4(412)) - dae587cf-c5b5-4dcf-9320-ec0de1a92622@group-5343D3A56795: shutdown
2022-03-09 17:23:30,908 [Listener at 127.0.0.1/45999] INFO  util.JmxRegister (JmxRegister.java:unregister(73)) - Successfully un-registered JMX Bean with object name Ratis:service=RaftServer,group=group-5343D3A56795,id=dae587cf-c5b5-4dcf-9320-ec0de1a92622
2022-03-09 17:23:30,908 [Listener at 127.0.0.1/45999] INFO  impl.RoleInfo (RoleInfo.java:shutdownFollowerState(108)) - dae587cf-c5b5-4dcf-9320-ec0de1a92622: shutdown dae587cf-c5b5-4dcf-9320-ec0de1a92622@group-5343D3A56795-FollowerState
2022-03-09 17:23:30,908 [Listener at 127.0.0.1/45999] INFO  impl.StateMachineUpdater (StateMachineUpdater.java:stopAndJoin(149)) - dae587cf-c5b5-4dcf-9320-ec0de1a92622@group-5343D3A56795-StateMachineUpdater: set stopIndex = 29
2022-03-09 17:23:30,909 [dae587cf-c5b5-4dcf-9320-ec0de1a92622@group-5343D3A56795-StateMachineUpdater] INFO  ha.SCMStateMachine (SCMStateMachine.java:takeSnapshot(297)) - Current Snapshot Index 29, takeSnapshot took 0 ms
2022-03-09 17:23:30,909 [dae587cf-c5b5-4dcf-9320-ec0de1a92622@group-5343D3A56795-StateMachineUpdater] INFO  impl.StateMachineUpdater (StateMachineUpdater.java:takeSnapshot(281)) - dae587cf-c5b5-4dcf-9320-ec0de1a92622@group-5343D3A56795-StateMachineUpdater: Took a snapshot at index 29
2022-03-09 17:23:30,909 [dae587cf-c5b5-4dcf-9320-ec0de1a92622@group-5343D3A56795-StateMachineUpdater] INFO  impl.StateMachineUpdater (StateMachineUpdater.java:lambda$new$0(89)) - dae587cf-c5b5-4dcf-9320-ec0de1a92622@group-5343D3A56795-StateMachineUpdater: snapshotIndex: updateIncreasingly 28 -> 29
2022-03-09 17:23:30,908 [dae587cf-c5b5-4dcf-9320-ec0de1a92622@group-5343D3A56795-FollowerState] INFO  impl.FollowerState (FollowerState.java:run(143)) - dae587cf-c5b5-4dcf-9320-ec0de1a92622@group-5343D3A56795-FollowerState was interrupted: {}
java.lang.InterruptedException: sleep interrupted
	at java.lang.Thread.sleep(Native Method)
	at java.lang.Thread.sleep(Thread.java:342)
	at java.util.concurrent.TimeUnit.sleep(TimeUnit.java:386)
	at org.apache.ratis.util.TimeDuration.sleep(TimeDuration.java:324)
	at org.apache.ratis.util.TimeDuration.sleep(TimeDuration.java:309)
	at org.apache.ratis.server.impl.FollowerState.run(FollowerState.java:118)
2022-03-09 17:23:30,909 [Listener at 127.0.0.1/45999] INFO  server.RaftServer$Division (ServerState.java:close(419)) - dae587cf-c5b5-4dcf-9320-ec0de1a92622@group-5343D3A56795: closes. applyIndex: 28
2022-03-09 17:23:30,909 [dae587cf-c5b5-4dcf-9320-ec0de1a92622@group-5343D3A56795-SegmentedRaftLogWorker] INFO  segmented.SegmentedRaftLogWorker (SegmentedRaftLogWorker.java:run(327)) - dae587cf-c5b5-4dcf-9320-ec0de1a92622@group-5343D3A56795-SegmentedRaftLogWorker was interrupted, exiting. There are 0 tasks remaining in the queue.
2022-03-09 17:23:30,912 [Listener at 127.0.0.1/45999] INFO  segmented.SegmentedRaftLogWorker (SegmentedRaftLogWorker.java:close(237)) - dae587cf-c5b5-4dcf-9320-ec0de1a92622@group-5343D3A56795-SegmentedRaftLogWorker close()
2022-03-09 17:23:30,913 [Listener at 127.0.0.1/45999] INFO  server.GrpcService (GrpcService.java:closeImpl(262)) - dae587cf-c5b5-4dcf-9320-ec0de1a92622: shutdown server with port 44301 now
2022-03-09 17:23:30,915 [grpc-default-executor-2] WARN  server.GrpcLogAppender (LogUtils.java:warn(122)) - ab171f79-80bf-4db9-ba30-7c5fcf45ffba@group-5343D3A56795->dae587cf-c5b5-4dcf-9320-ec0de1a92622-AppendLogResponseHandler: Failed appendEntries: org.apache.ratis.thirdparty.io.grpc.StatusRuntimeException: CANCELLED: HTTP/2 error code: CANCEL
Received Rst Stream
2022-03-09 17:23:30,915 [grpc-default-executor-2] INFO  leader.FollowerInfo (FollowerInfoImpl.java:lambda$new$0(47)) - ab171f79-80bf-4db9-ba30-7c5fcf45ffba@group-5343D3A56795->dae587cf-c5b5-4dcf-9320-ec0de1a92622: nextIndex: updateUnconditionally 31 -> 30
2022-03-09 17:23:30,916 [grpc-default-executor-0] WARN  server.GrpcServerProtocolService (LogUtils.java:warn(122)) - dae587cf-c5b5-4dcf-9320-ec0de1a92622: installSnapshot onError, lastRequest: ab171f79-80bf-4db9-ba30-7c5fcf45ffba->dae587cf-c5b5-4dcf-9320-ec0de1a92622#943-t2,previous=(t:2, i:29),leaderCommit=29,initializing? true,entries: size=1, first=(t:2, i:30), METADATAENTRY(c:29): org.apache.ratis.thirdparty.io.grpc.StatusRuntimeException: CANCELLED: client cancelled
2022-03-09 17:23:30,919 [grpc-default-executor-2] WARN  server.GrpcLogAppender (LogUtils.java:warn(122)) - ab171f79-80bf-4db9-ba30-7c5fcf45ffba@group-5343D3A56795->dae587cf-c5b5-4dcf-9320-ec0de1a92622-AppendLogResponseHandler: Failed appendEntries: org.apache.ratis.thirdparty.io.grpc.StatusRuntimeException: UNAVAILABLE: io exception
2022-03-09 17:23:30,920 [grpc-default-executor-2] INFO  leader.FollowerInfo (FollowerInfoImpl.java:lambda$new$0(47)) - ab171f79-80bf-4db9-ba30-7c5fcf45ffba@group-5343D3A56795->dae587cf-c5b5-4dcf-9320-ec0de1a92622: nextIndex: updateUnconditionally 31 -> 30
2022-03-09 17:23:30,927 [Listener at 127.0.0.1/45999] INFO  server.GrpcService (GrpcService.java:closeImpl(271)) - dae587cf-c5b5-4dcf-9320-ec0de1a92622: shutdown server with port 44301 successfully
2022-03-09 17:23:30,927 [org.apache.ratis.util.JvmPauseMonitor$$Lambda$503/957387062@1545b9da] INFO  util.JvmPauseMonitor (JvmPauseMonitor.java:run(109)) - JvmPauseMonitor-dae587cf-c5b5-4dcf-9320-ec0de1a92622: Stopped
2022-03-09 17:23:30,927 [Listener at 127.0.0.1/45999] INFO  pipeline.BackgroundPipelineCreator (BackgroundPipelineCreator.java:stop(158)) - Stopping RatisPipelineUtilsThread.
2022-03-09 17:23:30,928 [Listener at 127.0.0.1/45999] INFO  server.StorageContainerManager (StorageContainerManager.java:stop(1523)) - Stopping SCM MetadataStore.
2022-03-09 17:23:30,928 [Listener at 127.0.0.1/45999] INFO  impl.MetricsSystemImpl (MetricsSystemImpl.java:stop(210)) - Stopping StorageContainerManager metrics system...
2022-03-09 17:23:30,932 [prometheus] INFO  impl.MetricsSinkAdapter (MetricsSinkAdapter.java:publishMetricsFromQueue(141)) - prometheus thread interrupted.
2022-03-09 17:23:30,935 [Listener at 127.0.0.1/45999] INFO  impl.MetricsSystemImpl (MetricsSystemImpl.java:stop(216)) - StorageContainerManager metrics system stopped.
2022-03-09 17:23:30,935 [Listener at 127.0.0.1/45999] INFO  ozone.MiniOzoneHAClusterImpl (MiniOzoneHAClusterImpl.java:stop(316)) - Stopping the StorageContainerManager bef7ff01-9206-4ecd-9ab6-73c02c958dab
2022-03-09 17:23:30,935 [Listener at 127.0.0.1/45999] INFO  server.StorageContainerManager (StorageContainerManager.java:stop(1414)) - Stopping Container Balancer service.
2022-03-09 17:23:30,935 [Listener at 127.0.0.1/45999] INFO  balancer.ContainerBalancer (ContainerBalancer.java:stop(802)) - Container Balancer is not running.
2022-03-09 17:23:30,935 [Listener at 127.0.0.1/45999] INFO  server.StorageContainerManager (StorageContainerManager.java:stop(1421)) - Stopping Replication Manager Service.
2022-03-09 17:23:30,935 [Listener at 127.0.0.1/45999] INFO  container.ReplicationManager (ReplicationManager.java:stop(357)) - Stopping Replication Monitor Thread.
2022-03-09 17:23:30,935 [Listener at 127.0.0.1/45999] INFO  server.StorageContainerManager (StorageContainerManager.java:stop(1428)) - Stopping the Datanode Admin Monitor.
2022-03-09 17:23:30,936 [Listener at 127.0.0.1/45999] INFO  server.StorageContainerManager (StorageContainerManager.java:stop(1435)) - Stopping Lease Manager of the command watchers
2022-03-09 17:23:30,936 [Listener at 127.0.0.1/45999] INFO  server.StorageContainerManager (StorageContainerManager.java:stop(1442)) - Stopping datanode service RPC server
2022-03-09 17:23:30,936 [Listener at 127.0.0.1/45999] INFO  server.SCMDatanodeProtocolServer (SCMDatanodeProtocolServer.java:stop(400)) - Stopping the RPC server for DataNodes
2022-03-09 17:23:30,936 [Listener at 127.0.0.1/45999] INFO  ipc.Server (Server.java:stop(3414)) - Stopping server on 33977
2022-03-09 17:23:30,944 [IPC Server listener on 33977] INFO  ipc.Server (Server.java:run(1376)) - Stopping IPC Server listener on 33977
2022-03-09 17:23:30,951 [IPC Server Responder] INFO  ipc.Server (Server.java:run(1512)) - Stopping IPC Server Responder
2022-03-09 17:23:31,010 [SCM Heartbeat Processing Thread - 0] WARN  node.NodeStateManager (NodeStateManager.java:scheduleNextHealthCheck(815)) - Current Thread is interrupted, shutting down HB processing thread for Node Manager.
2022-03-09 17:23:31,010 [Listener at 127.0.0.1/45999] INFO  server.StorageContainerManager (StorageContainerManager.java:stop(1450)) - Stopping block service RPC server
2022-03-09 17:23:31,010 [Listener at 127.0.0.1/45999] INFO  server.SCMBlockProtocolServer (SCMBlockProtocolServer.java:stop(160)) - Stopping the RPC server for Block Protocol
2022-03-09 17:23:31,010 [Listener at 127.0.0.1/45999] INFO  ipc.Server (Server.java:stop(3414)) - Stopping server on 37363
2022-03-09 17:23:31,010 [IPC Server listener on 37363] INFO  ipc.Server (Server.java:run(1376)) - Stopping IPC Server listener on 37363
2022-03-09 17:23:31,013 [Listener at 127.0.0.1/45999] INFO  server.StorageContainerManager (StorageContainerManager.java:stop(1457)) - Stopping the StorageContainerLocationProtocol RPC server
2022-03-09 17:23:31,013 [Listener at 127.0.0.1/45999] INFO  server.SCMClientProtocolServer (SCMClientProtocolServer.java:stop(174)) - Stopping the RPC server for Client Protocol
2022-03-09 17:23:31,013 [Listener at 127.0.0.1/45999] INFO  ipc.Server (Server.java:stop(3414)) - Stopping server on 41507
2022-03-09 17:23:31,013 [IPC Server Responder] INFO  ipc.Server (Server.java:run(1512)) - Stopping IPC Server Responder
2022-03-09 17:23:31,018 [Listener at 127.0.0.1/45999] INFO  server.StorageContainerManager (StorageContainerManager.java:stop(1464)) - Stopping Storage Container Manager HTTP server.
2022-03-09 17:23:31,019 [Listener at 127.0.0.1/45999] INFO  handler.ContextHandler (ContextHandler.java:doStop(1153)) - Stopped o.e.j.w.WebAppContext@4946dd4e{scm,/,null,STOPPED}{file:/home/runner/work/ozone/ozone/hadoop-ozone/integration-test/target/test-classes/webapps/scm}
2022-03-09 17:23:31,019 [IPC Server Responder] INFO  ipc.Server (Server.java:run(1512)) - Stopping IPC Server Responder
2022-03-09 17:23:31,019 [Listener at 127.0.0.1/45999] INFO  server.AbstractConnector (AbstractConnector.java:doStop(381)) - Stopped ServerConnector@49a23dd4{HTTP/1.1, (http/1.1)}{0.0.0.0:43329}
2022-03-09 17:23:31,019 [IPC Server listener on 41507] INFO  ipc.Server (Server.java:run(1376)) - Stopping IPC Server listener on 41507
2022-03-09 17:23:31,019 [Listener at 127.0.0.1/45999] INFO  server.session (HouseKeeper.java:stopScavenging(149)) - node0 Stopped scavenging
2022-03-09 17:23:31,020 [Listener at 127.0.0.1/45999] INFO  handler.ContextHandler (ContextHandler.java:doStop(1153)) - Stopped o.e.j.s.ServletContextHandler@2532efdf{static,/static,file:///home/runner/work/ozone/ozone/hadoop-ozone/integration-test/target/test-classes/webapps/static,STOPPED}
2022-03-09 17:23:31,020 [Listener at 127.0.0.1/45999] INFO  handler.ContextHandler (ContextHandler.java:doStop(1153)) - Stopped o.e.j.s.ServletContextHandler@661ec918{logs,/logs,file:///home/runner/work/ozone/ozone/hadoop-ozone/integration-test/target/log,STOPPED}
2022-03-09 17:23:31,021 [Listener at 127.0.0.1/45999] INFO  server.StorageContainerManager (StorageContainerManager.java:stop(1475)) - Stopping Block Manager Service.
2022-03-09 17:23:31,021 [Listener at 127.0.0.1/45999] INFO  utils.BackgroundService (BackgroundService.java:shutdown(132)) - Shutting down service SCMBlockDeletingService
2022-03-09 17:23:31,021 [Listener at 127.0.0.1/45999] INFO  utils.BackgroundService (BackgroundService.java:shutdown(132)) - Shutting down service SCMBlockDeletingService
2022-03-09 17:23:31,021 [Listener at 127.0.0.1/45999] INFO  server.StorageContainerManager (StorageContainerManager.java:stop(1502)) - Stopping SCM Event Queue.
2022-03-09 17:23:31,022 [Listener at 127.0.0.1/45999] INFO  server.StorageContainerManager (StorageContainerManager.java:stop(1513)) - Stopping SCM HA services.
2022-03-09 17:23:31,022 [Listener at 127.0.0.1/45999] INFO  ha.SCMRatisServerImpl (SCMRatisServerImpl.java:stop(236)) - stopping ratis server 0.0.0.0:45265
2022-03-09 17:23:31,022 [Listener at 127.0.0.1/45999] INFO  server.RaftServer (RaftServerProxy.java:lambda$close$6(391)) - bef7ff01-9206-4ecd-9ab6-73c02c958dab: close
2022-03-09 17:23:31,023 [Listener at 127.0.0.1/45999] INFO  server.GrpcService (GrpcService.java:closeImpl(262)) - bef7ff01-9206-4ecd-9ab6-73c02c958dab: shutdown server with port 45265 now
2022-03-09 17:23:31,024 [Listener at 127.0.0.1/45999] INFO  server.GrpcService (GrpcService.java:closeImpl(271)) - bef7ff01-9206-4ecd-9ab6-73c02c958dab: shutdown server with port 45265 successfully
2022-03-09 17:23:31,025 [grpc-default-executor-0] WARN  server.GrpcServerProtocolService (LogUtils.java:warn(122)) - bef7ff01-9206-4ecd-9ab6-73c02c958dab: installSnapshot onError, lastRequest: ab171f79-80bf-4db9-ba30-7c5fcf45ffba->bef7ff01-9206-4ecd-9ab6-73c02c958dab#41-t2,previous=(t:2, i:29),leaderCommit=29,initializing? true,entries: size=1, first=(t:2, i:30), METADATAENTRY(c:29): org.apache.ratis.thirdparty.io.grpc.StatusRuntimeException: CANCELLED: client cancelled
2022-03-09 17:23:31,025 [org.apache.ratis.util.JvmPauseMonitor$$Lambda$503/957387062@1882d998] INFO  util.JvmPauseMonitor (JvmPauseMonitor.java:run(109)) - JvmPauseMonitor-bef7ff01-9206-4ecd-9ab6-73c02c958dab: Stopped
2022-03-09 17:23:31,025 [grpc-default-executor-3] WARN  server.GrpcLogAppender (LogUtils.java:warn(122)) - ab171f79-80bf-4db9-ba30-7c5fcf45ffba@group-5343D3A56795->bef7ff01-9206-4ecd-9ab6-73c02c958dab-AppendLogResponseHandler: Failed appendEntries: org.apache.ratis.thirdparty.io.grpc.StatusRuntimeException: CANCELLED: HTTP/2 error code: CANCEL
Received Rst Stream
2022-03-09 17:23:31,025 [Listener at 127.0.0.1/45999] INFO  pipeline.BackgroundPipelineCreator (BackgroundPipelineCreator.java:stop(158)) - Stopping RatisPipelineUtilsThread.
2022-03-09 17:23:31,025 [grpc-default-executor-3] INFO  leader.FollowerInfo (FollowerInfoImpl.java:lambda$new$0(47)) - ab171f79-80bf-4db9-ba30-7c5fcf45ffba@group-5343D3A56795->bef7ff01-9206-4ecd-9ab6-73c02c958dab: nextIndex: updateUnconditionally 31 -> 30
2022-03-09 17:23:31,028 [Listener at 127.0.0.1/45999] INFO  server.StorageContainerManager (StorageContainerManager.java:stop(1523)) - Stopping SCM MetadataStore.
2022-03-09 17:23:31,029 [Listener at 127.0.0.1/45999] INFO  impl.MetricsSystemImpl (MetricsSystemImpl.java:stop(205)) - StorageContainerManager metrics system stopped (again)
2022-03-09 17:23:31,029 [Listener at 127.0.0.1/45999] INFO  ozone.MiniOzoneHAClusterImpl (MiniOzoneHAClusterImpl.java:stop(316)) - Stopping the StorageContainerManager ab171f79-80bf-4db9-ba30-7c5fcf45ffba
2022-03-09 17:23:31,029 [Listener at 127.0.0.1/45999] INFO  server.StorageContainerManager (StorageContainerManager.java:stop(1414)) - Stopping Container Balancer service.
2022-03-09 17:23:31,029 [Listener at 127.0.0.1/45999] INFO  balancer.ContainerBalancer (ContainerBalancer.java:stop(802)) - Container Balancer is not running.
2022-03-09 17:23:31,029 [Listener at 127.0.0.1/45999] INFO  server.StorageContainerManager (StorageContainerManager.java:stop(1421)) - Stopping Replication Manager Service.
2022-03-09 17:23:31,029 [Listener at 127.0.0.1/45999] INFO  container.ReplicationManager (ReplicationManager.java:stop(357)) - Stopping Replication Monitor Thread.
2022-03-09 17:23:31,029 [Listener at 127.0.0.1/45999] INFO  server.StorageContainerManager (StorageContainerManager.java:stop(1428)) - Stopping the Datanode Admin Monitor.
2022-03-09 17:23:31,029 [Listener at 127.0.0.1/45999] INFO  server.StorageContainerManager (StorageContainerManager.java:stop(1435)) - Stopping Lease Manager of the command watchers
2022-03-09 17:23:31,029 [Listener at 127.0.0.1/45999] INFO  server.StorageContainerManager (StorageContainerManager.java:stop(1442)) - Stopping datanode service RPC server
2022-03-09 17:23:31,030 [Listener at 127.0.0.1/45999] INFO  server.SCMDatanodeProtocolServer (SCMDatanodeProtocolServer.java:stop(400)) - Stopping the RPC server for DataNodes
2022-03-09 17:23:31,030 [Listener at 127.0.0.1/45999] INFO  ipc.Server (Server.java:stop(3414)) - Stopping server on 34459
2022-03-09 17:23:31,030 [grpc-default-executor-2] WARN  server.GrpcLogAppender (LogUtils.java:warn(122)) - ab171f79-80bf-4db9-ba30-7c5fcf45ffba@group-5343D3A56795->bef7ff01-9206-4ecd-9ab6-73c02c958dab-AppendLogResponseHandler: Failed appendEntries: org.apache.ratis.thirdparty.io.grpc.StatusRuntimeException: UNAVAILABLE: io exception
2022-03-09 17:23:31,030 [grpc-default-executor-2] INFO  leader.FollowerInfo (FollowerInfoImpl.java:lambda$new$0(47)) - ab171f79-80bf-4db9-ba30-7c5fcf45ffba@group-5343D3A56795->bef7ff01-9206-4ecd-9ab6-73c02c958dab: nextIndex: updateUnconditionally 31 -> 30
2022-03-09 17:23:31,035 [IPC Server listener on 34459] INFO  ipc.Server (Server.java:run(1376)) - Stopping IPC Server listener on 34459
2022-03-09 17:23:31,038 [IPC Server Responder] INFO  ipc.Server (Server.java:run(1512)) - Stopping IPC Server Responder
2022-03-09 17:23:31,064 [EndpointStateMachine task thread for /127.0.0.1:39101 - 0 ] WARN  statemachine.EndpointStateMachine (EndpointStateMachine.java:logIfNeeded(236)) - Unable to communicate to SCM server at 127.0.0.1:39101 for past 0 seconds.
java.io.EOFException: End of File Exception between local host is: "fv-az148-759/10.1.0.51"; destination host is: "localhost":39101; : java.io.EOFException; For more details see:  http://wiki.apache.org/hadoop/EOFException
	at sun.reflect.NativeConstructorAccessorImpl.newInstance0(Native Method)
	at sun.reflect.NativeConstructorAccessorImpl.newInstance(NativeConstructorAccessorImpl.java:62)
	at sun.reflect.DelegatingConstructorAccessorImpl.newInstance(DelegatingConstructorAccessorImpl.java:45)
	at java.lang.reflect.Constructor.newInstance(Constructor.java:423)
	at org.apache.hadoop.net.NetUtils.wrapWithMessage(NetUtils.java:913)
	at org.apache.hadoop.net.NetUtils.wrapException(NetUtils.java:862)
	at org.apache.hadoop.ipc.Client.getRpcResponse(Client.java:1577)
	at org.apache.hadoop.ipc.Client.call(Client.java:1519)
	at org.apache.hadoop.ipc.Client.call(Client.java:1416)
	at org.apache.hadoop.ipc.ProtobufRpcEngine$Invoker.invoke(ProtobufRpcEngine.java:236)
	at org.apache.hadoop.ipc.ProtobufRpcEngine$Invoker.invoke(ProtobufRpcEngine.java:123)
	at com.sun.proxy.$Proxy48.submitRequest(Unknown Source)
	at org.apache.hadoop.ozone.protocolPB.StorageContainerDatanodeProtocolClientSideTranslatorPB.submitRequest(StorageContainerDatanodeProtocolClientSideTranslatorPB.java:117)
	at org.apache.hadoop.ozone.protocolPB.StorageContainerDatanodeProtocolClientSideTranslatorPB.sendHeartbeat(StorageContainerDatanodeProtocolClientSideTranslatorPB.java:149)
	at org.apache.hadoop.ozone.container.common.states.endpoint.HeartbeatEndpointTask.call(HeartbeatEndpointTask.java:180)
	at org.apache.hadoop.ozone.container.common.states.endpoint.HeartbeatEndpointTask.call(HeartbeatEndpointTask.java:83)
	at java.util.concurrent.FutureTask.run(FutureTask.java:266)
	at java.util.concurrent.ThreadPoolExecutor.runWorker(ThreadPoolExecutor.java:1149)
	at java.util.concurrent.ThreadPoolExecutor$Worker.run(ThreadPoolExecutor.java:624)
	at java.lang.Thread.run(Thread.java:750)
Caused by: java.io.EOFException
	at java.io.DataInputStream.readInt(DataInputStream.java:392)
	at org.apache.hadoop.ipc.Client$IpcStreams.readResponse(Client.java:1892)
	at org.apache.hadoop.ipc.Client$Connection.receiveRpcResponse(Client.java:1202)
	at org.apache.hadoop.ipc.Client$Connection.run(Client.java:1098)
2022-03-09 17:23:31,067 [EndpointStateMachine task thread for /127.0.0.1:33977 - 0 ] WARN  statemachine.EndpointStateMachine (EndpointStateMachine.java:logIfNeeded(236)) - Unable to communicate to SCM server at localhost:33977 for past 0 seconds.
java.io.EOFException: End of File Exception between local host is: "fv-az148-759/10.1.0.51"; destination host is: "localhost":33977; : java.io.EOFException; For more details see:  http://wiki.apache.org/hadoop/EOFException
	at sun.reflect.NativeConstructorAccessorImpl.newInstance0(Native Method)
	at sun.reflect.NativeConstructorAccessorImpl.newInstance(NativeConstructorAccessorImpl.java:62)
	at sun.reflect.DelegatingConstructorAccessorImpl.newInstance(DelegatingConstructorAccessorImpl.java:45)
	at java.lang.reflect.Constructor.newInstance(Constructor.java:423)
	at org.apache.hadoop.net.NetUtils.wrapWithMessage(NetUtils.java:913)
	at org.apache.hadoop.net.NetUtils.wrapException(NetUtils.java:862)
	at org.apache.hadoop.ipc.Client.getRpcResponse(Client.java:1577)
	at org.apache.hadoop.ipc.Client.call(Client.java:1519)
	at org.apache.hadoop.ipc.Client.call(Client.java:1416)
	at org.apache.hadoop.ipc.ProtobufRpcEngine$Invoker.invoke(ProtobufRpcEngine.java:236)
	at org.apache.hadoop.ipc.ProtobufRpcEngine$Invoker.invoke(ProtobufRpcEngine.java:123)
	at com.sun.proxy.$Proxy48.submitRequest(Unknown Source)
	at org.apache.hadoop.ozone.protocolPB.StorageContainerDatanodeProtocolClientSideTranslatorPB.submitRequest(StorageContainerDatanodeProtocolClientSideTranslatorPB.java:117)
	at org.apache.hadoop.ozone.protocolPB.StorageContainerDatanodeProtocolClientSideTranslatorPB.register(StorageContainerDatanodeProtocolClientSideTranslatorPB.java:180)
	at org.apache.hadoop.ozone.container.common.states.endpoint.RegisterEndpointTask.call(RegisterEndpointTask.java:158)
	at org.apache.hadoop.ozone.container.common.states.endpoint.RegisterEndpointTask.call(RegisterEndpointTask.java:52)
	at java.util.concurrent.FutureTask.run(FutureTask.java:266)
	at java.util.concurrent.ThreadPoolExecutor.runWorker(ThreadPoolExecutor.java:1149)
	at java.util.concurrent.ThreadPoolExecutor$Worker.run(ThreadPoolExecutor.java:624)
	at java.lang.Thread.run(Thread.java:750)
Caused by: java.io.EOFException
	at java.io.DataInputStream.readInt(DataInputStream.java:392)
	at org.apache.hadoop.ipc.Client$IpcStreams.readResponse(Client.java:1892)
	at org.apache.hadoop.ipc.Client$Connection.receiveRpcResponse(Client.java:1202)
	at org.apache.hadoop.ipc.Client$Connection.run(Client.java:1098)
2022-03-09 17:23:31,068 [EndpointStateMachine task thread for /127.0.0.1:34459 - 0 ] WARN  statemachine.EndpointStateMachine (EndpointStateMachine.java:logIfNeeded(236)) - Unable to communicate to SCM server at 127.0.0.1:34459 for past 0 seconds.
java.io.EOFException: End of File Exception between local host is: "fv-az148-759/10.1.0.51"; destination host is: "localhost":34459; : java.io.EOFException; For more details see:  http://wiki.apache.org/hadoop/EOFException
	at sun.reflect.NativeConstructorAccessorImpl.newInstance0(Native Method)
	at sun.reflect.NativeConstructorAccessorImpl.newInstance(NativeConstructorAccessorImpl.java:62)
	at sun.reflect.DelegatingConstructorAccessorImpl.newInstance(DelegatingConstructorAccessorImpl.java:45)
	at java.lang.reflect.Constructor.newInstance(Constructor.java:423)
	at org.apache.hadoop.net.NetUtils.wrapWithMessage(NetUtils.java:913)
	at org.apache.hadoop.net.NetUtils.wrapException(NetUtils.java:862)
	at org.apache.hadoop.ipc.Client.getRpcResponse(Client.java:1577)
	at org.apache.hadoop.ipc.Client.call(Client.java:1519)
	at org.apache.hadoop.ipc.Client.call(Client.java:1416)
	at org.apache.hadoop.ipc.ProtobufRpcEngine$Invoker.invoke(ProtobufRpcEngine.java:236)
	at org.apache.hadoop.ipc.ProtobufRpcEngine$Invoker.invoke(ProtobufRpcEngine.java:123)
	at com.sun.proxy.$Proxy48.submitRequest(Unknown Source)
	at org.apache.hadoop.ozone.protocolPB.StorageContainerDatanodeProtocolClientSideTranslatorPB.submitRequest(StorageContainerDatanodeProtocolClientSideTranslatorPB.java:117)
	at org.apache.hadoop.ozone.protocolPB.StorageContainerDatanodeProtocolClientSideTranslatorPB.sendHeartbeat(StorageContainerDatanodeProtocolClientSideTranslatorPB.java:149)
	at org.apache.hadoop.ozone.container.common.states.endpoint.HeartbeatEndpointTask.call(HeartbeatEndpointTask.java:180)
	at org.apache.hadoop.ozone.container.common.states.endpoint.HeartbeatEndpointTask.call(HeartbeatEndpointTask.java:83)
	at java.util.concurrent.FutureTask.run(FutureTask.java:266)
	at java.util.concurrent.ThreadPoolExecutor.runWorker(ThreadPoolExecutor.java:1149)
	at java.util.concurrent.ThreadPoolExecutor$Worker.run(ThreadPoolExecutor.java:624)
	at java.lang.Thread.run(Thread.java:750)
Caused by: java.io.EOFException
	at java.io.DataInputStream.readInt(DataInputStream.java:392)
	at org.apache.hadoop.ipc.Client$IpcStreams.readResponse(Client.java:1892)
	at org.apache.hadoop.ipc.Client$Connection.receiveRpcResponse(Client.java:1202)
	at org.apache.hadoop.ipc.Client$Connection.run(Client.java:1098)
2022-03-09 17:23:31,475 [EndpointStateMachine task thread for /127.0.0.1:40365 - 0 ] INFO  ipc.Client (Client.java:handleConnectionFailure(977)) - Retrying connect to server: localhost/127.0.0.1:40365. Already tried 14 time(s); retry policy is RetryUpToMaximumCountWithFixedSleep(maxRetries=15, sleepTime=1000 MILLISECONDS)
2022-03-09 17:23:31,493 [EndpointStateMachine task thread for /127.0.0.1:38239 - 0 ] INFO  ipc.Client (Client.java:handleConnectionFailure(977)) - Retrying connect to server: localhost/127.0.0.1:38239. Already tried 14 time(s); retry policy is RetryUpToMaximumCountWithFixedSleep(maxRetries=15, sleepTime=1000 MILLISECONDS)
2022-03-09 17:23:31,516 [EndpointStateMachine task thread for /127.0.0.1:45657 - 0 ] INFO  ipc.Client (Client.java:handleConnectionFailure(977)) - Retrying connect to server: localhost/127.0.0.1:45657. Already tried 14 time(s); retry policy is RetryUpToMaximumCountWithFixedSleep(maxRetries=15, sleepTime=1000 MILLISECONDS)
2022-03-09 17:23:31,517 [EndpointStateMachine task thread for /127.0.0.1:45657 - 0 ] WARN  statemachine.EndpointStateMachine (EndpointStateMachine.java:logIfNeeded(236)) - Unable to communicate to SCM server at localhost:45657 for past 0 seconds.
java.net.ConnectException: Call From fv-az148-759/10.1.0.51 to localhost:45657 failed on connection exception: java.net.ConnectException: Connection refused; For more details see:  http://wiki.apache.org/hadoop/ConnectionRefused
	at sun.reflect.GeneratedConstructorAccessor42.newInstance(Unknown Source)
	at sun.reflect.DelegatingConstructorAccessorImpl.newInstance(DelegatingConstructorAccessorImpl.java:45)
	at java.lang.reflect.Constructor.newInstance(Constructor.java:423)
	at org.apache.hadoop.net.NetUtils.wrapWithMessage(NetUtils.java:913)
	at org.apache.hadoop.net.NetUtils.wrapException(NetUtils.java:828)
	at org.apache.hadoop.ipc.Client.getRpcResponse(Client.java:1577)
	at org.apache.hadoop.ipc.Client.call(Client.java:1519)
	at org.apache.hadoop.ipc.Client.call(Client.java:1416)
	at org.apache.hadoop.ipc.ProtobufRpcEngine$Invoker.invoke(ProtobufRpcEngine.java:236)
	at org.apache.hadoop.ipc.ProtobufRpcEngine$Invoker.invoke(ProtobufRpcEngine.java:123)
	at com.sun.proxy.$Proxy48.submitRequest(Unknown Source)
	at org.apache.hadoop.ozone.protocolPB.StorageContainerDatanodeProtocolClientSideTranslatorPB.submitRequest(StorageContainerDatanodeProtocolClientSideTranslatorPB.java:117)
	at org.apache.hadoop.ozone.protocolPB.StorageContainerDatanodeProtocolClientSideTranslatorPB.sendHeartbeat(StorageContainerDatanodeProtocolClientSideTranslatorPB.java:149)
	at org.apache.hadoop.ozone.container.common.states.endpoint.HeartbeatEndpointTask.call(HeartbeatEndpointTask.java:180)
	at org.apache.hadoop.ozone.container.common.states.endpoint.HeartbeatEndpointTask.call(HeartbeatEndpointTask.java:83)
	at java.util.concurrent.FutureTask.run(FutureTask.java:266)
	at java.util.concurrent.ThreadPoolExecutor.runWorker(ThreadPoolExecutor.java:1149)
	at java.util.concurrent.ThreadPoolExecutor$Worker.run(ThreadPoolExecutor.java:624)
	at java.lang.Thread.run(Thread.java:750)
Caused by: java.net.ConnectException: Connection refused
	at sun.nio.ch.SocketChannelImpl.checkConnect(Native Method)
	at sun.nio.ch.SocketChannelImpl.finishConnect(SocketChannelImpl.java:716)
	at org.apache.hadoop.net.SocketIOWithTimeout.connect(SocketIOWithTimeout.java:206)
	at org.apache.hadoop.net.NetUtils.connect(NetUtils.java:586)
	at org.apache.hadoop.ipc.Client$Connection.setupConnection(Client.java:701)
	at org.apache.hadoop.ipc.Client$Connection.setupIOstreams(Client.java:822)
	at org.apache.hadoop.ipc.Client$Connection.access$3800(Client.java:414)
	at org.apache.hadoop.ipc.Client.getConnection(Client.java:1647)
	at org.apache.hadoop.ipc.Client.call(Client.java:1463)
	... 12 more
2022-03-09 17:23:32,479 [EndpointStateMachine task thread for /127.0.0.1:40365 - 0 ] INFO  ipc.Client (Client.java:handleConnectionFailure(977)) - Retrying connect to server: localhost/127.0.0.1:40365. Already tried 0 time(s); retry policy is RetryUpToMaximumCountWithFixedSleep(maxRetries=15, sleepTime=1000 MILLISECONDS)
2022-03-09 17:23:32,494 [EndpointStateMachine task thread for /127.0.0.1:38239 - 0 ] INFO  ipc.Client (Client.java:handleConnectionFailure(977)) - Retrying connect to server: localhost/127.0.0.1:38239. Already tried 0 time(s); retry policy is RetryUpToMaximumCountWithFixedSleep(maxRetries=15, sleepTime=1000 MILLISECONDS)
2022-03-09 17:23:32,518 [EndpointStateMachine task thread for /127.0.0.1:45657 - 0 ] INFO  ipc.Client (Client.java:handleConnectionFailure(977)) - Retrying connect to server: localhost/127.0.0.1:45657. Already tried 0 time(s); retry policy is RetryUpToMaximumCountWithFixedSleep(maxRetries=15, sleepTime=1000 MILLISECONDS)
2022-03-09 17:23:32,654 [EndpointStateMachine task thread for /127.0.0.1:34459 - 0 ] INFO  ipc.Client (Client.java:handleConnectionFailure(977)) - Retrying connect to server: localhost/127.0.0.1:34459. Already tried 0 time(s); retry policy is RetryUpToMaximumCountWithFixedSleep(maxRetries=15, sleepTime=1000 MILLISECONDS)
2022-03-09 17:23:32,655 [EndpointStateMachine task thread for /127.0.0.1:39101 - 0 ] INFO  ipc.Client (Client.java:handleConnectionFailure(977)) - Retrying connect to server: localhost/127.0.0.1:39101. Already tried 0 time(s); retry policy is RetryUpToMaximumCountWithFixedSleep(maxRetries=15, sleepTime=1000 MILLISECONDS)
2022-03-09 17:23:32,655 [EndpointStateMachine task thread for /127.0.0.1:33977 - 0 ] INFO  ipc.Client (Client.java:handleConnectionFailure(977)) - Retrying connect to server: localhost/127.0.0.1:33977. Already tried 0 time(s); retry policy is RetryUpToMaximumCountWithFixedSleep(maxRetries=15, sleepTime=1000 MILLISECONDS)
2022-03-09 17:23:32,733 [Datanode State Machine Daemon Thread] ERROR datanode.RunningDatanodeState (RunningDatanodeState.java:computeNextContainerState(201)) - Error in executing end point task.
java.util.concurrent.ExecutionException: java.util.concurrent.TimeoutException
	at java.util.concurrent.FutureTask.report(FutureTask.java:122)
	at java.util.concurrent.FutureTask.get(FutureTask.java:192)
	at org.apache.hadoop.ozone.container.common.states.datanode.RunningDatanodeState.computeNextContainerState(RunningDatanodeState.java:193)
	at org.apache.hadoop.ozone.container.common.states.datanode.RunningDatanodeState.await(RunningDatanodeState.java:233)
	at org.apache.hadoop.ozone.container.common.states.datanode.RunningDatanodeState.await(RunningDatanodeState.java:50)
	at org.apache.hadoop.ozone.container.common.statemachine.StateContext.execute(StateContext.java:658)
	at org.apache.hadoop.ozone.container.common.statemachine.DatanodeStateMachine.startStateMachineThread(DatanodeStateMachine.java:283)
	at org.apache.hadoop.ozone.container.common.statemachine.DatanodeStateMachine.lambda$startDaemon$0(DatanodeStateMachine.java:471)
	at java.lang.Thread.run(Thread.java:750)
Caused by: java.util.concurrent.TimeoutException
	at java.util.concurrent.FutureTask.get(FutureTask.java:205)
	at org.apache.hadoop.ozone.container.common.states.datanode.RunningDatanodeState.lambda$execute$0(RunningDatanodeState.java:151)
	at java.util.concurrent.FutureTask.run(FutureTask.java:266)
	at java.util.concurrent.Executors$RunnableAdapter.call(Executors.java:511)
	at java.util.concurrent.FutureTask.run(FutureTask.java:266)
	at java.util.concurrent.ThreadPoolExecutor.runWorker(ThreadPoolExecutor.java:1149)
	at java.util.concurrent.ThreadPoolExecutor$Worker.run(ThreadPoolExecutor.java:624)
	... 1 more
2022-03-09 17:23:33,100 [SCM Heartbeat Processing Thread - 0] WARN  node.NodeStateManager (NodeStateManager.java:scheduleNextHealthCheck(815)) - Current Thread is interrupted, shutting down HB processing thread for Node Manager.
2022-03-09 17:23:33,101 [Listener at 127.0.0.1/45999] INFO  server.StorageContainerManager (StorageContainerManager.java:stop(1450)) - Stopping block service RPC server
2022-03-09 17:23:33,101 [Listener at 127.0.0.1/45999] INFO  server.SCMBlockProtocolServer (SCMBlockProtocolServer.java:stop(160)) - Stopping the RPC server for Block Protocol
2022-03-09 17:23:33,101 [Listener at 127.0.0.1/45999] INFO  ipc.Server (Server.java:stop(3414)) - Stopping server on 38891
2022-03-09 17:23:33,105 [IPC Server listener on 38891] INFO  ipc.Server (Server.java:run(1376)) - Stopping IPC Server listener on 38891
2022-03-09 17:23:33,106 [Listener at 127.0.0.1/45999] INFO  server.StorageContainerManager (StorageContainerManager.java:stop(1457)) - Stopping the StorageContainerLocationProtocol RPC server
2022-03-09 17:23:33,106 [Listener at 127.0.0.1/45999] INFO  server.SCMClientProtocolServer (SCMClientProtocolServer.java:stop(174)) - Stopping the RPC server for Client Protocol
2022-03-09 17:23:33,106 [Listener at 127.0.0.1/45999] INFO  ipc.Server (Server.java:stop(3414)) - Stopping server on 34555
2022-03-09 17:23:33,106 [IPC Server Responder] INFO  ipc.Server (Server.java:run(1512)) - Stopping IPC Server Responder
2022-03-09 17:23:33,115 [IPC Server Responder] INFO  ipc.Server (Server.java:run(1512)) - Stopping IPC Server Responder
2022-03-09 17:23:33,115 [IPC Server listener on 34555] INFO  ipc.Server (Server.java:run(1376)) - Stopping IPC Server listener on 34555
2022-03-09 17:23:33,116 [Listener at 127.0.0.1/45999] INFO  server.StorageContainerManager (StorageContainerManager.java:stop(1464)) - Stopping Storage Container Manager HTTP server.
2022-03-09 17:23:33,117 [Listener at 127.0.0.1/45999] INFO  handler.ContextHandler (ContextHandler.java:doStop(1153)) - Stopped o.e.j.w.WebAppContext@54a5b509{scm,/,null,STOPPED}{file:/home/runner/work/ozone/ozone/hadoop-ozone/integration-test/target/test-classes/webapps/scm}
2022-03-09 17:23:33,117 [Listener at 127.0.0.1/45999] INFO  server.AbstractConnector (AbstractConnector.java:doStop(381)) - Stopped ServerConnector@7a7fbfbb{HTTP/1.1, (http/1.1)}{0.0.0.0:37349}
2022-03-09 17:23:33,117 [Listener at 127.0.0.1/45999] INFO  server.session (HouseKeeper.java:stopScavenging(149)) - node0 Stopped scavenging
2022-03-09 17:23:33,118 [Listener at 127.0.0.1/45999] INFO  handler.ContextHandler (ContextHandler.java:doStop(1153)) - Stopped o.e.j.s.ServletContextHandler@5ccc3cce{static,/static,file:///home/runner/work/ozone/ozone/hadoop-ozone/integration-test/target/test-classes/webapps/static,STOPPED}
2022-03-09 17:23:33,118 [Listener at 127.0.0.1/45999] INFO  handler.ContextHandler (ContextHandler.java:doStop(1153)) - Stopped o.e.j.s.ServletContextHandler@71ddaf54{logs,/logs,file:///home/runner/work/ozone/ozone/hadoop-ozone/integration-test/target/log,STOPPED}
2022-03-09 17:23:33,118 [Listener at 127.0.0.1/45999] INFO  server.StorageContainerManager (StorageContainerManager.java:stop(1475)) - Stopping Block Manager Service.
2022-03-09 17:23:33,119 [Listener at 127.0.0.1/45999] INFO  utils.BackgroundService (BackgroundService.java:shutdown(132)) - Shutting down service SCMBlockDeletingService
2022-03-09 17:23:33,119 [Listener at 127.0.0.1/45999] INFO  utils.BackgroundService (BackgroundService.java:shutdown(132)) - Shutting down service SCMBlockDeletingService
2022-03-09 17:23:33,119 [Listener at 127.0.0.1/45999] INFO  server.StorageContainerManager (StorageContainerManager.java:stop(1502)) - Stopping SCM Event Queue.
2022-03-09 17:23:33,119 [Listener at 127.0.0.1/45999] INFO  server.StorageContainerManager (StorageContainerManager.java:stop(1513)) - Stopping SCM HA services.
2022-03-09 17:23:33,120 [Listener at 127.0.0.1/45999] INFO  ha.SCMRatisServerImpl (SCMRatisServerImpl.java:stop(236)) - stopping ratis server 0.0.0.0:39455
2022-03-09 17:23:33,120 [Listener at 127.0.0.1/45999] INFO  server.RaftServer (RaftServerProxy.java:lambda$close$6(391)) - ab171f79-80bf-4db9-ba30-7c5fcf45ffba: close
2022-03-09 17:23:33,120 [Listener at 127.0.0.1/45999] INFO  server.RaftServer$Division (RaftServerImpl.java:lambda$close$4(412)) - ab171f79-80bf-4db9-ba30-7c5fcf45ffba@group-5343D3A56795: shutdown
2022-03-09 17:23:33,120 [Listener at 127.0.0.1/45999] INFO  util.JmxRegister (JmxRegister.java:unregister(73)) - Successfully un-registered JMX Bean with object name Ratis:service=RaftServer,group=group-5343D3A56795,id=ab171f79-80bf-4db9-ba30-7c5fcf45ffba
2022-03-09 17:23:33,120 [Listener at 127.0.0.1/45999] INFO  impl.RoleInfo (RoleInfo.java:shutdownLeaderState(91)) - ab171f79-80bf-4db9-ba30-7c5fcf45ffba: shutdown ab171f79-80bf-4db9-ba30-7c5fcf45ffba@group-5343D3A56795-LeaderStateImpl
2022-03-09 17:23:33,121 [Listener at 127.0.0.1/45999] INFO  impl.PendingRequests (PendingRequests.java:sendNotLeaderResponses(282)) - ab171f79-80bf-4db9-ba30-7c5fcf45ffba@group-5343D3A56795-PendingRequests: sendNotLeaderResponses
2022-03-09 17:23:33,121 [Listener at 127.0.0.1/45999] INFO  ha.SCMStateMachine (SCMStateMachine.java:notifyNotLeader(190)) - current leader SCM steps down.
2022-03-09 17:23:33,121 [Listener at 127.0.0.1/45999] INFO  ha.SCMContext (SCMContext.java:updateLeaderAndTerm(90)) - update <isLeader,term> from <true,2> to <false,0>
2022-03-09 17:23:33,121 [Listener at 127.0.0.1/45999] INFO  ha.SCMContext (SCMContext.java:updateLeaderAndTerm(97)) - update <isLeaderReady> from <false> to <false>
2022-03-09 17:23:33,121 [ab171f79-80bf-4db9-ba30-7c5fcf45ffba@group-5343D3A56795->bef7ff01-9206-4ecd-9ab6-73c02c958dab-GrpcLogAppender-LogAppenderDaemon] WARN  server.GrpcLogAppender (GrpcLogAppender.java:mayWait(177)) - ab171f79-80bf-4db9-ba30-7c5fcf45ffba@group-5343D3A56795->bef7ff01-9206-4ecd-9ab6-73c02c958dab-GrpcLogAppender: Wait interrupted by java.lang.InterruptedException
2022-03-09 17:23:33,121 [ab171f79-80bf-4db9-ba30-7c5fcf45ffba@group-5343D3A56795->dae587cf-c5b5-4dcf-9320-ec0de1a92622-GrpcLogAppender-LogAppenderDaemon] WARN  server.GrpcLogAppender (GrpcLogAppender.java:mayWait(177)) - ab171f79-80bf-4db9-ba30-7c5fcf45ffba@group-5343D3A56795->dae587cf-c5b5-4dcf-9320-ec0de1a92622-GrpcLogAppender: Wait interrupted by java.lang.InterruptedException
2022-03-09 17:23:33,127 [Listener at 127.0.0.1/45999] INFO  impl.StateMachineUpdater (StateMachineUpdater.java:stopAndJoin(149)) - ab171f79-80bf-4db9-ba30-7c5fcf45ffba@group-5343D3A56795-StateMachineUpdater: set stopIndex = 30
2022-03-09 17:23:33,127 [Listener at 127.0.0.1/45999] INFO  server.RaftServer$Division (ServerState.java:close(419)) - ab171f79-80bf-4db9-ba30-7c5fcf45ffba@group-5343D3A56795: closes. applyIndex: 30
2022-03-09 17:23:33,127 [ab171f79-80bf-4db9-ba30-7c5fcf45ffba@group-5343D3A56795-SegmentedRaftLogWorker] INFO  segmented.SegmentedRaftLogWorker (SegmentedRaftLogWorker.java:run(327)) - ab171f79-80bf-4db9-ba30-7c5fcf45ffba@group-5343D3A56795-SegmentedRaftLogWorker was interrupted, exiting. There are 0 tasks remaining in the queue.
2022-03-09 17:23:33,128 [Listener at 127.0.0.1/45999] INFO  segmented.SegmentedRaftLogWorker (SegmentedRaftLogWorker.java:close(237)) - ab171f79-80bf-4db9-ba30-7c5fcf45ffba@group-5343D3A56795-SegmentedRaftLogWorker close()
2022-03-09 17:23:33,129 [Listener at 127.0.0.1/45999] INFO  server.GrpcService (GrpcService.java:closeImpl(262)) - ab171f79-80bf-4db9-ba30-7c5fcf45ffba: shutdown server with port 39455 now
2022-03-09 17:23:33,130 [Listener at 127.0.0.1/45999] INFO  server.GrpcService (GrpcService.java:closeImpl(271)) - ab171f79-80bf-4db9-ba30-7c5fcf45ffba: shutdown server with port 39455 successfully
2022-03-09 17:23:33,130 [org.apache.ratis.util.JvmPauseMonitor$$Lambda$503/957387062@4fa057b0] INFO  util.JvmPauseMonitor (JvmPauseMonitor.java:run(109)) - JvmPauseMonitor-ab171f79-80bf-4db9-ba30-7c5fcf45ffba: Stopped
2022-03-09 17:23:33,131 [Listener at 127.0.0.1/45999] INFO  pipeline.BackgroundPipelineCreator (BackgroundPipelineCreator.java:stop(158)) - Stopping RatisPipelineUtilsThread.
2022-03-09 17:23:33,131 [Listener at 127.0.0.1/45999] INFO  server.StorageContainerManager (StorageContainerManager.java:stop(1523)) - Stopping SCM MetadataStore.
2022-03-09 17:23:33,132 [Listener at 127.0.0.1/45999] INFO  impl.MetricsSystemImpl (MetricsSystemImpl.java:stop(205)) - StorageContainerManager metrics system stopped (again)
2022-03-09 17:23:33,132 [Listener at 127.0.0.1/45999] INFO  ozone.MiniOzoneClusterImpl (MiniOzoneClusterImpl.java:stop(464)) - Stopping the Mini Ozone Cluster
2022-03-09 17:23:33,132 [Listener at 127.0.0.1/45999] INFO  ozone.MiniOzoneClusterImpl (MiniOzoneClusterImpl.java:stopDatanodes(523)) - Stopping the HddsDatanodes
2022-03-09 17:23:33,479 [EndpointStateMachine task thread for /127.0.0.1:40365 - 0 ] INFO  ipc.Client (Client.java:handleConnectionFailure(977)) - Retrying connect to server: localhost/127.0.0.1:40365. Already tried 1 time(s); retry policy is RetryUpToMaximumCountWithFixedSleep(maxRetries=15, sleepTime=1000 MILLISECONDS)
2022-03-09 17:23:33,494 [EndpointStateMachine task thread for /127.0.0.1:38239 - 0 ] INFO  ipc.Client (Client.java:handleConnectionFailure(977)) - Retrying connect to server: localhost/127.0.0.1:38239. Already tried 1 time(s); retry policy is RetryUpToMaximumCountWithFixedSleep(maxRetries=15, sleepTime=1000 MILLISECONDS)
2022-03-09 17:23:33,519 [EndpointStateMachine task thread for /127.0.0.1:45657 - 0 ] INFO  ipc.Client (Client.java:handleConnectionFailure(977)) - Retrying connect to server: localhost/127.0.0.1:45657. Already tried 1 time(s); retry policy is RetryUpToMaximumCountWithFixedSleep(maxRetries=15, sleepTime=1000 MILLISECONDS)
2022-03-09 17:23:33,654 [Datanode State Machine Daemon Thread] WARN  statemachine.StateContext (StateContext.java:setState(250)) - Ignore disallowed transition from SHUTDOWN to RUNNING
2022-03-09 17:23:33,654 [EndpointStateMachine task thread for /127.0.0.1:34459 - 0 ] INFO  ipc.Client (Client.java:handleConnectionFailure(977)) - Retrying connect to server: localhost/127.0.0.1:34459. Already tried 1 time(s); retry policy is RetryUpToMaximumCountWithFixedSleep(maxRetries=15, sleepTime=1000 MILLISECONDS)
2022-03-09 17:23:33,655 [EndpointStateMachine task thread for /127.0.0.1:39101 - 0 ] INFO  ipc.Client (Client.java:handleConnectionFailure(977)) - Retrying connect to server: localhost/127.0.0.1:39101. Already tried 1 time(s); retry policy is RetryUpToMaximumCountWithFixedSleep(maxRetries=15, sleepTime=1000 MILLISECONDS)
2022-03-09 17:23:33,655 [EndpointStateMachine task thread for /127.0.0.1:33977 - 0 ] INFO  ipc.Client (Client.java:handleConnectionFailure(977)) - Retrying connect to server: localhost/127.0.0.1:33977. Already tried 1 time(s); retry policy is RetryUpToMaximumCountWithFixedSleep(maxRetries=15, sleepTime=1000 MILLISECONDS)
2022-03-09 17:23:33,738 [Datanode State Machine Daemon Thread] WARN  statemachine.StateContext (StateContext.java:setState(250)) - Ignore disallowed transition from SHUTDOWN to RUNNING
2022-03-09 17:23:34,480 [EndpointStateMachine task thread for /127.0.0.1:40365 - 0 ] INFO  ipc.Client (Client.java:handleConnectionFailure(977)) - Retrying connect to server: localhost/127.0.0.1:40365. Already tried 2 time(s); retry policy is RetryUpToMaximumCountWithFixedSleep(maxRetries=15, sleepTime=1000 MILLISECONDS)
2022-03-09 17:23:34,495 [EndpointStateMachine task thread for /127.0.0.1:38239 - 0 ] INFO  ipc.Client (Client.java:handleConnectionFailure(977)) - Retrying connect to server: localhost/127.0.0.1:38239. Already tried 2 time(s); retry policy is RetryUpToMaximumCountWithFixedSleep(maxRetries=15, sleepTime=1000 MILLISECONDS)
2022-03-09 17:23:34,519 [EndpointStateMachine task thread for /127.0.0.1:45657 - 0 ] INFO  ipc.Client (Client.java:handleConnectionFailure(977)) - Retrying connect to server: localhost/127.0.0.1:45657. Already tried 2 time(s); retry policy is RetryUpToMaximumCountWithFixedSleep(maxRetries=15, sleepTime=1000 MILLISECONDS)
2022-03-09 17:23:34,655 [EndpointStateMachine task thread for /127.0.0.1:34459 - 0 ] INFO  ipc.Client (Client.java:handleConnectionFailure(977)) - Retrying connect to server: localhost/127.0.0.1:34459. Already tried 2 time(s); retry policy is RetryUpToMaximumCountWithFixedSleep(maxRetries=15, sleepTime=1000 MILLISECONDS)
2022-03-09 17:23:34,655 [EndpointStateMachine task thread for /127.0.0.1:39101 - 0 ] INFO  ipc.Client (Client.java:handleConnectionFailure(977)) - Retrying connect to server: localhost/127.0.0.1:39101. Already tried 2 time(s); retry policy is RetryUpToMaximumCountWithFixedSleep(maxRetries=15, sleepTime=1000 MILLISECONDS)
2022-03-09 17:23:34,655 [EndpointStateMachine task thread for /127.0.0.1:33977 - 0 ] INFO  ipc.Client (Client.java:handleConnectionFailure(977)) - Retrying connect to server: localhost/127.0.0.1:33977. Already tried 2 time(s); retry policy is RetryUpToMaximumCountWithFixedSleep(maxRetries=15, sleepTime=1000 MILLISECONDS)
2022-03-09 17:23:35,480 [EndpointStateMachine task thread for /127.0.0.1:40365 - 0 ] INFO  ipc.Client (Client.java:handleConnectionFailure(977)) - Retrying connect to server: localhost/127.0.0.1:40365. Already tried 3 time(s); retry policy is RetryUpToMaximumCountWithFixedSleep(maxRetries=15, sleepTime=1000 MILLISECONDS)
2022-03-09 17:23:35,495 [EndpointStateMachine task thread for /127.0.0.1:38239 - 0 ] INFO  ipc.Client (Client.java:handleConnectionFailure(977)) - Retrying connect to server: localhost/127.0.0.1:38239. Already tried 3 time(s); retry policy is RetryUpToMaximumCountWithFixedSleep(maxRetries=15, sleepTime=1000 MILLISECONDS)
2022-03-09 17:23:35,519 [EndpointStateMachine task thread for /127.0.0.1:45657 - 0 ] INFO  ipc.Client (Client.java:handleConnectionFailure(977)) - Retrying connect to server: localhost/127.0.0.1:45657. Already tried 3 time(s); retry policy is RetryUpToMaximumCountWithFixedSleep(maxRetries=15, sleepTime=1000 MILLISECONDS)
2022-03-09 17:23:35,655 [EndpointStateMachine task thread for /127.0.0.1:34459 - 0 ] INFO  ipc.Client (Client.java:handleConnectionFailure(977)) - Retrying connect to server: localhost/127.0.0.1:34459. Already tried 3 time(s); retry policy is RetryUpToMaximumCountWithFixedSleep(maxRetries=15, sleepTime=1000 MILLISECONDS)
2022-03-09 17:23:35,656 [EndpointStateMachine task thread for /127.0.0.1:39101 - 0 ] INFO  ipc.Client (Client.java:handleConnectionFailure(977)) - Retrying connect to server: localhost/127.0.0.1:39101. Already tried 3 time(s); retry policy is RetryUpToMaximumCountWithFixedSleep(maxRetries=15, sleepTime=1000 MILLISECONDS)
2022-03-09 17:23:35,656 [EndpointStateMachine task thread for /127.0.0.1:33977 - 0 ] INFO  ipc.Client (Client.java:handleConnectionFailure(977)) - Retrying connect to server: localhost/127.0.0.1:33977. Already tried 3 time(s); retry policy is RetryUpToMaximumCountWithFixedSleep(maxRetries=15, sleepTime=1000 MILLISECONDS)
2022-03-09 17:23:36,481 [EndpointStateMachine task thread for /127.0.0.1:40365 - 0 ] INFO  ipc.Client (Client.java:handleConnectionFailure(977)) - Retrying connect to server: localhost/127.0.0.1:40365. Already tried 4 time(s); retry policy is RetryUpToMaximumCountWithFixedSleep(maxRetries=15, sleepTime=1000 MILLISECONDS)
2022-03-09 17:23:36,496 [EndpointStateMachine task thread for /127.0.0.1:38239 - 0 ] INFO  ipc.Client (Client.java:handleConnectionFailure(977)) - Retrying connect to server: localhost/127.0.0.1:38239. Already tried 4 time(s); retry policy is RetryUpToMaximumCountWithFixedSleep(maxRetries=15, sleepTime=1000 MILLISECONDS)
2022-03-09 17:23:36,520 [EndpointStateMachine task thread for /127.0.0.1:45657 - 0 ] INFO  ipc.Client (Client.java:handleConnectionFailure(977)) - Retrying connect to server: localhost/127.0.0.1:45657. Already tried 4 time(s); retry policy is RetryUpToMaximumCountWithFixedSleep(maxRetries=15, sleepTime=1000 MILLISECONDS)
2022-03-09 17:23:36,656 [EndpointStateMachine task thread for /127.0.0.1:34459 - 0 ] INFO  ipc.Client (Client.java:handleConnectionFailure(977)) - Retrying connect to server: localhost/127.0.0.1:34459. Already tried 4 time(s); retry policy is RetryUpToMaximumCountWithFixedSleep(maxRetries=15, sleepTime=1000 MILLISECONDS)
2022-03-09 17:23:36,656 [EndpointStateMachine task thread for /127.0.0.1:39101 - 0 ] INFO  ipc.Client (Client.java:handleConnectionFailure(977)) - Retrying connect to server: localhost/127.0.0.1:39101. Already tried 4 time(s); retry policy is RetryUpToMaximumCountWithFixedSleep(maxRetries=15, sleepTime=1000 MILLISECONDS)
2022-03-09 17:23:36,656 [EndpointStateMachine task thread for /127.0.0.1:33977 - 0 ] INFO  ipc.Client (Client.java:handleConnectionFailure(977)) - Retrying connect to server: localhost/127.0.0.1:33977. Already tried 4 time(s); retry policy is RetryUpToMaximumCountWithFixedSleep(maxRetries=15, sleepTime=1000 MILLISECONDS)
2022-03-09 17:23:37,481 [EndpointStateMachine task thread for /127.0.0.1:40365 - 0 ] INFO  ipc.Client (Client.java:handleConnectionFailure(977)) - Retrying connect to server: localhost/127.0.0.1:40365. Already tried 5 time(s); retry policy is RetryUpToMaximumCountWithFixedSleep(maxRetries=15, sleepTime=1000 MILLISECONDS)
2022-03-09 17:23:37,496 [EndpointStateMachine task thread for /127.0.0.1:38239 - 0 ] INFO  ipc.Client (Client.java:handleConnectionFailure(977)) - Retrying connect to server: localhost/127.0.0.1:38239. Already tried 5 time(s); retry policy is RetryUpToMaximumCountWithFixedSleep(maxRetries=15, sleepTime=1000 MILLISECONDS)
2022-03-09 17:23:37,520 [EndpointStateMachine task thread for /127.0.0.1:45657 - 0 ] INFO  ipc.Client (Client.java:handleConnectionFailure(977)) - Retrying connect to server: localhost/127.0.0.1:45657. Already tried 5 time(s); retry policy is RetryUpToMaximumCountWithFixedSleep(maxRetries=15, sleepTime=1000 MILLISECONDS)
2022-03-09 17:23:37,656 [EndpointStateMachine task thread for /127.0.0.1:39101 - 0 ] INFO  ipc.Client (Client.java:handleConnectionFailure(977)) - Retrying connect to server: localhost/127.0.0.1:39101. Already tried 5 time(s); retry policy is RetryUpToMaximumCountWithFixedSleep(maxRetries=15, sleepTime=1000 MILLISECONDS)
2022-03-09 17:23:37,657 [EndpointStateMachine task thread for /127.0.0.1:33977 - 0 ] INFO  ipc.Client (Client.java:handleConnectionFailure(977)) - Retrying connect to server: localhost/127.0.0.1:33977. Already tried 5 time(s); retry policy is RetryUpToMaximumCountWithFixedSleep(maxRetries=15, sleepTime=1000 MILLISECONDS)
2022-03-09 17:23:37,657 [EndpointStateMachine task thread for /127.0.0.1:34459 - 0 ] INFO  ipc.Client (Client.java:handleConnectionFailure(977)) - Retrying connect to server: localhost/127.0.0.1:34459. Already tried 5 time(s); retry policy is RetryUpToMaximumCountWithFixedSleep(maxRetries=15, sleepTime=1000 MILLISECONDS)
2022-03-09 17:23:38,133 [Listener at 127.0.0.1/45999] INFO  ozoneimpl.OzoneContainer (OzoneContainer.java:stop(356)) - Attempting to stop container services.
2022-03-09 17:23:38,133 [ForkJoinPool.commonPool-worker-0] INFO  ozoneimpl.OzoneContainer (OzoneContainer.java:stop(356)) - Attempting to stop container services.
2022-03-09 17:23:38,135 [Listener at 127.0.0.1/45999] INFO  server.RaftServer (RaftServerProxy.java:lambda$close$6(391)) - 8d38cd26-4da6-46a4-aba6-9da1aef73967: close
2022-03-09 17:23:38,143 [Listener at 127.0.0.1/45999] INFO  server.RaftServer$Division (RaftServerImpl.java:lambda$close$4(412)) - 8d38cd26-4da6-46a4-aba6-9da1aef73967@group-F4C19FBCF0D5: shutdown
2022-03-09 17:23:38,143 [Listener at 127.0.0.1/45999] INFO  util.JmxRegister (JmxRegister.java:unregister(73)) - Successfully un-registered JMX Bean with object name Ratis:service=RaftServer,group=group-F4C19FBCF0D5,id=8d38cd26-4da6-46a4-aba6-9da1aef73967
2022-03-09 17:23:38,143 [Listener at 127.0.0.1/45999] INFO  impl.RoleInfo (RoleInfo.java:shutdownFollowerState(108)) - 8d38cd26-4da6-46a4-aba6-9da1aef73967: shutdown 8d38cd26-4da6-46a4-aba6-9da1aef73967@group-F4C19FBCF0D5-FollowerState
2022-03-09 17:23:38,144 [Listener at 127.0.0.1/45999] INFO  impl.StateMachineUpdater (StateMachineUpdater.java:stopAndJoin(149)) - 8d38cd26-4da6-46a4-aba6-9da1aef73967@group-F4C19FBCF0D5-StateMachineUpdater: set stopIndex = 0
2022-03-09 17:23:38,144 [8d38cd26-4da6-46a4-aba6-9da1aef73967@group-F4C19FBCF0D5-StateMachineUpdater] INFO  ratis.ContainerStateMachine (ContainerStateMachine.java:takeSnapshot(304)) - group-F4C19FBCF0D5: Taking a snapshot at:(t:5, i:0) file /home/runner/work/ozone/ozone/hadoop-ozone/integration-test/target/test-dir/MiniOzoneClusterImpl-aa50db73-d356-40d6-b3b5-5343d3a56795/datanode-1/data/ratis/b8001ebf-700b-4a5f-a6f5-f4c19fbcf0d5/sm/snapshot.5_0
2022-03-09 17:23:38,144 [ForkJoinPool.commonPool-worker-0] INFO  server.RaftServer (RaftServerProxy.java:lambda$close$6(391)) - 9cf3ac85-5088-4438-9438-d8e46945dabb: close
2022-03-09 17:23:38,144 [8d38cd26-4da6-46a4-aba6-9da1aef73967@group-F4C19FBCF0D5-FollowerState] INFO  impl.FollowerState (FollowerState.java:run(143)) - 8d38cd26-4da6-46a4-aba6-9da1aef73967@group-F4C19FBCF0D5-FollowerState was interrupted: {}
java.lang.InterruptedException: sleep interrupted
	at java.lang.Thread.sleep(Native Method)
	at java.lang.Thread.sleep(Thread.java:342)
	at java.util.concurrent.TimeUnit.sleep(TimeUnit.java:386)
	at org.apache.ratis.util.TimeDuration.sleep(TimeDuration.java:324)
	at org.apache.ratis.util.TimeDuration.sleep(TimeDuration.java:309)
	at org.apache.ratis.server.impl.FollowerState.run(FollowerState.java:118)
2022-03-09 17:23:38,144 [ForkJoinPool.commonPool-worker-0] INFO  server.RaftServer$Division (RaftServerImpl.java:lambda$close$4(412)) - 9cf3ac85-5088-4438-9438-d8e46945dabb@group-FC19921ED26B: shutdown
2022-03-09 17:23:38,145 [ForkJoinPool.commonPool-worker-0] INFO  util.JmxRegister (JmxRegister.java:unregister(73)) - Successfully un-registered JMX Bean with object name Ratis:service=RaftServer,group=group-FC19921ED26B,id=9cf3ac85-5088-4438-9438-d8e46945dabb
2022-03-09 17:23:38,145 [ForkJoinPool.commonPool-worker-0] INFO  impl.RoleInfo (RoleInfo.java:shutdownLeaderState(91)) - 9cf3ac85-5088-4438-9438-d8e46945dabb: shutdown 9cf3ac85-5088-4438-9438-d8e46945dabb@group-FC19921ED26B-LeaderStateImpl
2022-03-09 17:23:38,145 [ForkJoinPool.commonPool-worker-0] INFO  impl.PendingRequests (PendingRequests.java:sendNotLeaderResponses(282)) - 9cf3ac85-5088-4438-9438-d8e46945dabb@group-FC19921ED26B-PendingRequests: sendNotLeaderResponses
2022-03-09 17:23:38,145 [ForkJoinPool.commonPool-worker-0] INFO  impl.StateMachineUpdater (StateMachineUpdater.java:stopAndJoin(149)) - 9cf3ac85-5088-4438-9438-d8e46945dabb@group-FC19921ED26B-StateMachineUpdater: set stopIndex = 0
2022-03-09 17:23:38,146 [9cf3ac85-5088-4438-9438-d8e46945dabb@group-FC19921ED26B-StateMachineUpdater] INFO  ratis.ContainerStateMachine (ContainerStateMachine.java:takeSnapshot(304)) - group-FC19921ED26B: Taking a snapshot at:(t:1, i:0) file /home/runner/work/ozone/ozone/hadoop-ozone/integration-test/target/test-dir/MiniOzoneClusterImpl-aa50db73-d356-40d6-b3b5-5343d3a56795/datanode-0/data/ratis/b87a2066-6465-4b05-90e4-fc19921ed26b/sm/snapshot.1_0
2022-03-09 17:23:38,146 [8d38cd26-4da6-46a4-aba6-9da1aef73967@group-F4C19FBCF0D5-StateMachineUpdater] INFO  ratis.ContainerStateMachine (ContainerStateMachine.java:takeSnapshot(315)) - group-F4C19FBCF0D5: Finished taking a snapshot at:(t:5, i:0) file:/home/runner/work/ozone/ozone/hadoop-ozone/integration-test/target/test-dir/MiniOzoneClusterImpl-aa50db73-d356-40d6-b3b5-5343d3a56795/datanode-1/data/ratis/b8001ebf-700b-4a5f-a6f5-f4c19fbcf0d5/sm/snapshot.5_0 took: 2 ms
2022-03-09 17:23:38,153 [8d38cd26-4da6-46a4-aba6-9da1aef73967@group-F4C19FBCF0D5-StateMachineUpdater] INFO  impl.StateMachineUpdater (StateMachineUpdater.java:takeSnapshot(281)) - 8d38cd26-4da6-46a4-aba6-9da1aef73967@group-F4C19FBCF0D5-StateMachineUpdater: Took a snapshot at index 0
2022-03-09 17:23:38,154 [8d38cd26-4da6-46a4-aba6-9da1aef73967@group-F4C19FBCF0D5-StateMachineUpdater] INFO  impl.StateMachineUpdater (StateMachineUpdater.java:lambda$new$0(89)) - 8d38cd26-4da6-46a4-aba6-9da1aef73967@group-F4C19FBCF0D5-StateMachineUpdater: snapshotIndex: updateIncreasingly -1 -> 0
2022-03-09 17:23:38,154 [9cf3ac85-5088-4438-9438-d8e46945dabb@group-FC19921ED26B-StateMachineUpdater] INFO  ratis.ContainerStateMachine (ContainerStateMachine.java:takeSnapshot(315)) - group-FC19921ED26B: Finished taking a snapshot at:(t:1, i:0) file:/home/runner/work/ozone/ozone/hadoop-ozone/integration-test/target/test-dir/MiniOzoneClusterImpl-aa50db73-d356-40d6-b3b5-5343d3a56795/datanode-0/data/ratis/b87a2066-6465-4b05-90e4-fc19921ed26b/sm/snapshot.1_0 took: 8 ms
2022-03-09 17:23:38,154 [9cf3ac85-5088-4438-9438-d8e46945dabb@group-FC19921ED26B-StateMachineUpdater] INFO  impl.StateMachineUpdater (StateMachineUpdater.java:takeSnapshot(281)) - 9cf3ac85-5088-4438-9438-d8e46945dabb@group-FC19921ED26B-StateMachineUpdater: Took a snapshot at index 0
2022-03-09 17:23:38,154 [9cf3ac85-5088-4438-9438-d8e46945dabb@group-FC19921ED26B-StateMachineUpdater] INFO  impl.StateMachineUpdater (StateMachineUpdater.java:lambda$new$0(89)) - 9cf3ac85-5088-4438-9438-d8e46945dabb@group-FC19921ED26B-StateMachineUpdater: snapshotIndex: updateIncreasingly -1 -> 0
2022-03-09 17:23:38,154 [ForkJoinPool.commonPool-worker-0] INFO  server.RaftServer$Division (ServerState.java:close(419)) - 9cf3ac85-5088-4438-9438-d8e46945dabb@group-FC19921ED26B: closes. applyIndex: 0
2022-03-09 17:23:38,154 [Listener at 127.0.0.1/45999] INFO  server.RaftServer$Division (ServerState.java:close(419)) - 8d38cd26-4da6-46a4-aba6-9da1aef73967@group-F4C19FBCF0D5: closes. applyIndex: 0
2022-03-09 17:23:38,155 [9cf3ac85-5088-4438-9438-d8e46945dabb@group-FC19921ED26B-SegmentedRaftLogWorker] INFO  segmented.SegmentedRaftLogWorker (SegmentedRaftLogWorker.java:run(327)) - 9cf3ac85-5088-4438-9438-d8e46945dabb@group-FC19921ED26B-SegmentedRaftLogWorker was interrupted, exiting. There are 0 tasks remaining in the queue.
2022-03-09 17:23:38,155 [8d38cd26-4da6-46a4-aba6-9da1aef73967@group-F4C19FBCF0D5-SegmentedRaftLogWorker] INFO  segmented.SegmentedRaftLogWorker (SegmentedRaftLogWorker.java:run(327)) - 8d38cd26-4da6-46a4-aba6-9da1aef73967@group-F4C19FBCF0D5-SegmentedRaftLogWorker was interrupted, exiting. There are 0 tasks remaining in the queue.
2022-03-09 17:23:38,155 [ForkJoinPool.commonPool-worker-0] INFO  segmented.SegmentedRaftLogWorker (SegmentedRaftLogWorker.java:close(237)) - 9cf3ac85-5088-4438-9438-d8e46945dabb@group-FC19921ED26B-SegmentedRaftLogWorker close()
2022-03-09 17:23:38,156 [Listener at 127.0.0.1/45999] INFO  segmented.SegmentedRaftLogWorker (SegmentedRaftLogWorker.java:close(237)) - 8d38cd26-4da6-46a4-aba6-9da1aef73967@group-F4C19FBCF0D5-SegmentedRaftLogWorker close()
2022-03-09 17:23:38,163 [ForkJoinPool.commonPool-worker-0] INFO  server.RaftServer$Division (RaftServerImpl.java:lambda$close$4(412)) - 9cf3ac85-5088-4438-9438-d8e46945dabb@group-F4C19FBCF0D5: shutdown
2022-03-09 17:23:38,163 [ForkJoinPool.commonPool-worker-0] INFO  util.JmxRegister (JmxRegister.java:unregister(73)) - Successfully un-registered JMX Bean with object name Ratis:service=RaftServer,group=group-F4C19FBCF0D5,id=9cf3ac85-5088-4438-9438-d8e46945dabb
2022-03-09 17:23:38,163 [ForkJoinPool.commonPool-worker-0] INFO  impl.RoleInfo (RoleInfo.java:shutdownLeaderState(91)) - 9cf3ac85-5088-4438-9438-d8e46945dabb: shutdown 9cf3ac85-5088-4438-9438-d8e46945dabb@group-F4C19FBCF0D5-LeaderStateImpl
2022-03-09 17:23:38,163 [ForkJoinPool.commonPool-worker-0] INFO  impl.PendingRequests (PendingRequests.java:sendNotLeaderResponses(282)) - 9cf3ac85-5088-4438-9438-d8e46945dabb@group-F4C19FBCF0D5-PendingRequests: sendNotLeaderResponses
2022-03-09 17:23:38,164 [ForkJoinPool.commonPool-worker-0] INFO  impl.StateMachineUpdater (StateMachineUpdater.java:stopAndJoin(149)) - 9cf3ac85-5088-4438-9438-d8e46945dabb@group-F4C19FBCF0D5-StateMachineUpdater: set stopIndex = 0
2022-03-09 17:23:38,164 [9cf3ac85-5088-4438-9438-d8e46945dabb@group-F4C19FBCF0D5->352514d3-16e8-44e7-9f6c-25a5b2684069-GrpcLogAppender-LogAppenderDaemon] WARN  server.GrpcLogAppender (GrpcLogAppender.java:mayWait(177)) - 9cf3ac85-5088-4438-9438-d8e46945dabb@group-F4C19FBCF0D5->352514d3-16e8-44e7-9f6c-25a5b2684069-GrpcLogAppender: Wait interrupted by java.lang.InterruptedException
2022-03-09 17:23:38,164 [9cf3ac85-5088-4438-9438-d8e46945dabb@group-F4C19FBCF0D5-StateMachineUpdater] INFO  ratis.ContainerStateMachine (ContainerStateMachine.java:takeSnapshot(304)) - group-F4C19FBCF0D5: Taking a snapshot at:(t:5, i:0) file /home/runner/work/ozone/ozone/hadoop-ozone/integration-test/target/test-dir/MiniOzoneClusterImpl-aa50db73-d356-40d6-b3b5-5343d3a56795/datanode-0/data/ratis/b8001ebf-700b-4a5f-a6f5-f4c19fbcf0d5/sm/snapshot.5_0
2022-03-09 17:23:38,164 [grpc-default-executor-2] INFO  server.GrpcServerProtocolService (GrpcServerProtocolService.java:onCompleted(140)) - 352514d3-16e8-44e7-9f6c-25a5b2684069: Completed APPEND_ENTRIES, lastRequest: 9cf3ac85-5088-4438-9438-d8e46945dabb->352514d3-16e8-44e7-9f6c-25a5b2684069#1-t5,previous=(t:0, i:0),leaderCommit=0,initializing? true,entries: size=1, first=(t:5, i:0), CONFIGURATIONENTRY
2022-03-09 17:23:38,165 [grpc-default-executor-0] INFO  server.GrpcLogAppender (GrpcLogAppender.java:onCompleted(346)) - 9cf3ac85-5088-4438-9438-d8e46945dabb@group-F4C19FBCF0D5->352514d3-16e8-44e7-9f6c-25a5b2684069-AppendLogResponseHandler: follower responses appendEntries COMPLETED
2022-03-09 17:23:38,165 [9cf3ac85-5088-4438-9438-d8e46945dabb@group-F4C19FBCF0D5->8d38cd26-4da6-46a4-aba6-9da1aef73967-GrpcLogAppender-LogAppenderDaemon] WARN  server.GrpcLogAppender (GrpcLogAppender.java:mayWait(177)) - 9cf3ac85-5088-4438-9438-d8e46945dabb@group-F4C19FBCF0D5->8d38cd26-4da6-46a4-aba6-9da1aef73967-GrpcLogAppender: Wait interrupted by java.lang.InterruptedException
2022-03-09 17:23:38,165 [grpc-default-executor-0] INFO  leader.FollowerInfo (FollowerInfoImpl.java:lambda$new$0(47)) - 9cf3ac85-5088-4438-9438-d8e46945dabb@group-F4C19FBCF0D5->352514d3-16e8-44e7-9f6c-25a5b2684069: nextIndex: updateUnconditionally 1 -> 0
2022-03-09 17:23:38,165 [9cf3ac85-5088-4438-9438-d8e46945dabb@group-F4C19FBCF0D5-StateMachineUpdater] INFO  ratis.ContainerStateMachine (ContainerStateMachine.java:takeSnapshot(315)) - group-F4C19FBCF0D5: Finished taking a snapshot at:(t:5, i:0) file:/home/runner/work/ozone/ozone/hadoop-ozone/integration-test/target/test-dir/MiniOzoneClusterImpl-aa50db73-d356-40d6-b3b5-5343d3a56795/datanode-0/data/ratis/b8001ebf-700b-4a5f-a6f5-f4c19fbcf0d5/sm/snapshot.5_0 took: 2 ms
2022-03-09 17:23:38,166 [9cf3ac85-5088-4438-9438-d8e46945dabb@group-F4C19FBCF0D5-StateMachineUpdater] INFO  impl.StateMachineUpdater (StateMachineUpdater.java:takeSnapshot(281)) - 9cf3ac85-5088-4438-9438-d8e46945dabb@group-F4C19FBCF0D5-StateMachineUpdater: Took a snapshot at index 0
2022-03-09 17:23:38,166 [9cf3ac85-5088-4438-9438-d8e46945dabb@group-F4C19FBCF0D5-StateMachineUpdater] INFO  impl.StateMachineUpdater (StateMachineUpdater.java:lambda$new$0(89)) - 9cf3ac85-5088-4438-9438-d8e46945dabb@group-F4C19FBCF0D5-StateMachineUpdater: snapshotIndex: updateIncreasingly -1 -> 0
2022-03-09 17:23:38,165 [grpc-default-executor-0] INFO  server.GrpcServerProtocolService (GrpcServerProtocolService.java:onCompleted(140)) - 8d38cd26-4da6-46a4-aba6-9da1aef73967: Completed APPEND_ENTRIES, lastRequest: 9cf3ac85-5088-4438-9438-d8e46945dabb->8d38cd26-4da6-46a4-aba6-9da1aef73967#1-t5,previous=(t:0, i:0),leaderCommit=0,initializing? true,entries: size=1, first=(t:5, i:0), CONFIGURATIONENTRY
2022-03-09 17:23:38,167 [grpc-default-executor-3] INFO  server.GrpcLogAppender (GrpcLogAppender.java:onCompleted(346)) - 9cf3ac85-5088-4438-9438-d8e46945dabb@group-F4C19FBCF0D5->8d38cd26-4da6-46a4-aba6-9da1aef73967-AppendLogResponseHandler: follower responses appendEntries COMPLETED
2022-03-09 17:23:38,167 [grpc-default-executor-3] INFO  leader.FollowerInfo (FollowerInfoImpl.java:lambda$new$0(47)) - 9cf3ac85-5088-4438-9438-d8e46945dabb@group-F4C19FBCF0D5->8d38cd26-4da6-46a4-aba6-9da1aef73967: nextIndex: updateUnconditionally 1 -> 0
2022-03-09 17:23:38,170 [ForkJoinPool.commonPool-worker-0] INFO  server.RaftServer$Division (ServerState.java:close(419)) - 9cf3ac85-5088-4438-9438-d8e46945dabb@group-F4C19FBCF0D5: closes. applyIndex: 0
2022-03-09 17:23:38,170 [9cf3ac85-5088-4438-9438-d8e46945dabb@group-F4C19FBCF0D5-SegmentedRaftLogWorker] INFO  segmented.SegmentedRaftLogWorker (SegmentedRaftLogWorker.java:run(327)) - 9cf3ac85-5088-4438-9438-d8e46945dabb@group-F4C19FBCF0D5-SegmentedRaftLogWorker was interrupted, exiting. There are 0 tasks remaining in the queue.
2022-03-09 17:23:38,183 [ForkJoinPool.commonPool-worker-0] INFO  segmented.SegmentedRaftLogWorker (SegmentedRaftLogWorker.java:close(237)) - 9cf3ac85-5088-4438-9438-d8e46945dabb@group-F4C19FBCF0D5-SegmentedRaftLogWorker close()
2022-03-09 17:23:38,183 [Listener at 127.0.0.1/45999] INFO  server.RaftServer$Division (RaftServerImpl.java:lambda$close$4(412)) - 8d38cd26-4da6-46a4-aba6-9da1aef73967@group-D5F1EC85B8FD: shutdown
2022-03-09 17:23:38,183 [Listener at 127.0.0.1/45999] INFO  util.JmxRegister (JmxRegister.java:unregister(73)) - Successfully un-registered JMX Bean with object name Ratis:service=RaftServer,group=group-D5F1EC85B8FD,id=8d38cd26-4da6-46a4-aba6-9da1aef73967
2022-03-09 17:23:38,183 [Listener at 127.0.0.1/45999] INFO  impl.RoleInfo (RoleInfo.java:shutdownFollowerState(108)) - 8d38cd26-4da6-46a4-aba6-9da1aef73967: shutdown 8d38cd26-4da6-46a4-aba6-9da1aef73967@group-D5F1EC85B8FD-FollowerState
2022-03-09 17:23:38,184 [Listener at 127.0.0.1/45999] INFO  impl.StateMachineUpdater (StateMachineUpdater.java:stopAndJoin(149)) - 8d38cd26-4da6-46a4-aba6-9da1aef73967@group-D5F1EC85B8FD-StateMachineUpdater: set stopIndex = 0
2022-03-09 17:23:38,184 [8d38cd26-4da6-46a4-aba6-9da1aef73967@group-D5F1EC85B8FD-FollowerState] INFO  impl.FollowerState (FollowerState.java:run(143)) - 8d38cd26-4da6-46a4-aba6-9da1aef73967@group-D5F1EC85B8FD-FollowerState was interrupted: {}
java.lang.InterruptedException: sleep interrupted
	at java.lang.Thread.sleep(Native Method)
	at java.lang.Thread.sleep(Thread.java:342)
	at java.util.concurrent.TimeUnit.sleep(TimeUnit.java:386)
	at org.apache.ratis.util.TimeDuration.sleep(TimeDuration.java:324)
	at org.apache.ratis.util.TimeDuration.sleep(TimeDuration.java:309)
	at org.apache.ratis.server.impl.FollowerState.run(FollowerState.java:118)
2022-03-09 17:23:38,184 [8d38cd26-4da6-46a4-aba6-9da1aef73967@group-D5F1EC85B8FD-StateMachineUpdater] INFO  ratis.ContainerStateMachine (ContainerStateMachine.java:takeSnapshot(304)) - group-D5F1EC85B8FD: Taking a snapshot at:(t:4, i:0) file /home/runner/work/ozone/ozone/hadoop-ozone/integration-test/target/test-dir/MiniOzoneClusterImpl-aa50db73-d356-40d6-b3b5-5343d3a56795/datanode-1/data/ratis/23521788-aeaa-40a3-9537-d5f1ec85b8fd/sm/snapshot.4_0
2022-03-09 17:23:38,185 [ForkJoinPool.commonPool-worker-0] INFO  server.RaftServer$Division (RaftServerImpl.java:lambda$close$4(412)) - 9cf3ac85-5088-4438-9438-d8e46945dabb@group-D5F1EC85B8FD: shutdown
2022-03-09 17:23:38,185 [ForkJoinPool.commonPool-worker-0] INFO  util.JmxRegister (JmxRegister.java:unregister(73)) - Successfully un-registered JMX Bean with object name Ratis:service=RaftServer,group=group-D5F1EC85B8FD,id=9cf3ac85-5088-4438-9438-d8e46945dabb
2022-03-09 17:23:38,185 [ForkJoinPool.commonPool-worker-0] INFO  impl.RoleInfo (RoleInfo.java:shutdownFollowerState(108)) - 9cf3ac85-5088-4438-9438-d8e46945dabb: shutdown 9cf3ac85-5088-4438-9438-d8e46945dabb@group-D5F1EC85B8FD-FollowerState
2022-03-09 17:23:38,185 [8d38cd26-4da6-46a4-aba6-9da1aef73967@group-D5F1EC85B8FD-StateMachineUpdater] INFO  ratis.ContainerStateMachine (ContainerStateMachine.java:takeSnapshot(315)) - group-D5F1EC85B8FD: Finished taking a snapshot at:(t:4, i:0) file:/home/runner/work/ozone/ozone/hadoop-ozone/integration-test/target/test-dir/MiniOzoneClusterImpl-aa50db73-d356-40d6-b3b5-5343d3a56795/datanode-1/data/ratis/23521788-aeaa-40a3-9537-d5f1ec85b8fd/sm/snapshot.4_0 took: 0 ms
2022-03-09 17:23:38,185 [ForkJoinPool.commonPool-worker-0] INFO  impl.StateMachineUpdater (StateMachineUpdater.java:stopAndJoin(149)) - 9cf3ac85-5088-4438-9438-d8e46945dabb@group-D5F1EC85B8FD-StateMachineUpdater: set stopIndex = 0
2022-03-09 17:23:38,185 [9cf3ac85-5088-4438-9438-d8e46945dabb@group-D5F1EC85B8FD-FollowerState] INFO  impl.FollowerState (FollowerState.java:run(143)) - 9cf3ac85-5088-4438-9438-d8e46945dabb@group-D5F1EC85B8FD-FollowerState was interrupted: {}
java.lang.InterruptedException: sleep interrupted
	at java.lang.Thread.sleep(Native Method)
	at java.lang.Thread.sleep(Thread.java:342)
	at java.util.concurrent.TimeUnit.sleep(TimeUnit.java:386)
	at org.apache.ratis.util.TimeDuration.sleep(TimeDuration.java:324)
	at org.apache.ratis.util.TimeDuration.sleep(TimeDuration.java:309)
	at org.apache.ratis.server.impl.FollowerState.run(FollowerState.java:118)
2022-03-09 17:23:38,185 [8d38cd26-4da6-46a4-aba6-9da1aef73967@group-D5F1EC85B8FD-StateMachineUpdater] INFO  impl.StateMachineUpdater (StateMachineUpdater.java:takeSnapshot(281)) - 8d38cd26-4da6-46a4-aba6-9da1aef73967@group-D5F1EC85B8FD-StateMachineUpdater: Took a snapshot at index 0
2022-03-09 17:23:38,185 [8d38cd26-4da6-46a4-aba6-9da1aef73967@group-D5F1EC85B8FD-StateMachineUpdater] INFO  impl.StateMachineUpdater (StateMachineUpdater.java:lambda$new$0(89)) - 8d38cd26-4da6-46a4-aba6-9da1aef73967@group-D5F1EC85B8FD-StateMachineUpdater: snapshotIndex: updateIncreasingly -1 -> 0
2022-03-09 17:23:38,186 [9cf3ac85-5088-4438-9438-d8e46945dabb@group-D5F1EC85B8FD-StateMachineUpdater] INFO  ratis.ContainerStateMachine (ContainerStateMachine.java:takeSnapshot(304)) - group-D5F1EC85B8FD: Taking a snapshot at:(t:4, i:0) file /home/runner/work/ozone/ozone/hadoop-ozone/integration-test/target/test-dir/MiniOzoneClusterImpl-aa50db73-d356-40d6-b3b5-5343d3a56795/datanode-0/data/ratis/23521788-aeaa-40a3-9537-d5f1ec85b8fd/sm/snapshot.4_0
2022-03-09 17:23:38,186 [Listener at 127.0.0.1/45999] INFO  server.RaftServer$Division (ServerState.java:close(419)) - 8d38cd26-4da6-46a4-aba6-9da1aef73967@group-D5F1EC85B8FD: closes. applyIndex: 0
2022-03-09 17:23:38,186 [8d38cd26-4da6-46a4-aba6-9da1aef73967@group-D5F1EC85B8FD-SegmentedRaftLogWorker] INFO  segmented.SegmentedRaftLogWorker (SegmentedRaftLogWorker.java:run(327)) - 8d38cd26-4da6-46a4-aba6-9da1aef73967@group-D5F1EC85B8FD-SegmentedRaftLogWorker was interrupted, exiting. There are 0 tasks remaining in the queue.
2022-03-09 17:23:38,186 [9cf3ac85-5088-4438-9438-d8e46945dabb@group-D5F1EC85B8FD-StateMachineUpdater] INFO  ratis.ContainerStateMachine (ContainerStateMachine.java:takeSnapshot(315)) - group-D5F1EC85B8FD: Finished taking a snapshot at:(t:4, i:0) file:/home/runner/work/ozone/ozone/hadoop-ozone/integration-test/target/test-dir/MiniOzoneClusterImpl-aa50db73-d356-40d6-b3b5-5343d3a56795/datanode-0/data/ratis/23521788-aeaa-40a3-9537-d5f1ec85b8fd/sm/snapshot.4_0 took: 1 ms
2022-03-09 17:23:38,187 [9cf3ac85-5088-4438-9438-d8e46945dabb@group-D5F1EC85B8FD-StateMachineUpdater] INFO  impl.StateMachineUpdater (StateMachineUpdater.java:takeSnapshot(281)) - 9cf3ac85-5088-4438-9438-d8e46945dabb@group-D5F1EC85B8FD-StateMachineUpdater: Took a snapshot at index 0
2022-03-09 17:23:38,187 [9cf3ac85-5088-4438-9438-d8e46945dabb@group-D5F1EC85B8FD-StateMachineUpdater] INFO  impl.StateMachineUpdater (StateMachineUpdater.java:lambda$new$0(89)) - 9cf3ac85-5088-4438-9438-d8e46945dabb@group-D5F1EC85B8FD-StateMachineUpdater: snapshotIndex: updateIncreasingly -1 -> 0
2022-03-09 17:23:38,187 [ForkJoinPool.commonPool-worker-0] INFO  server.RaftServer$Division (ServerState.java:close(419)) - 9cf3ac85-5088-4438-9438-d8e46945dabb@group-D5F1EC85B8FD: closes. applyIndex: 0
2022-03-09 17:23:38,187 [9cf3ac85-5088-4438-9438-d8e46945dabb@group-D5F1EC85B8FD-SegmentedRaftLogWorker] INFO  segmented.SegmentedRaftLogWorker (SegmentedRaftLogWorker.java:run(327)) - 9cf3ac85-5088-4438-9438-d8e46945dabb@group-D5F1EC85B8FD-SegmentedRaftLogWorker was interrupted, exiting. There are 0 tasks remaining in the queue.
2022-03-09 17:23:38,188 [ForkJoinPool.commonPool-worker-0] INFO  segmented.SegmentedRaftLogWorker (SegmentedRaftLogWorker.java:close(237)) - 9cf3ac85-5088-4438-9438-d8e46945dabb@group-D5F1EC85B8FD-SegmentedRaftLogWorker close()
2022-03-09 17:23:38,188 [ForkJoinPool.commonPool-worker-0] INFO  server.GrpcService (GrpcService.java:closeImpl(262)) - 9cf3ac85-5088-4438-9438-d8e46945dabb: shutdown server with port 38217 now
2022-03-09 17:23:38,189 [grpc-default-executor-3] WARN  server.GrpcServerProtocolService (LogUtils.java:warn(122)) - 9cf3ac85-5088-4438-9438-d8e46945dabb: installSnapshot onError, lastRequest: 352514d3-16e8-44e7-9f6c-25a5b2684069->9cf3ac85-5088-4438-9438-d8e46945dabb#1-t4,previous=(t:0, i:0),leaderCommit=-1,initializing? true,entries: size=1, first=(t:4, i:0), CONFIGURATIONENTRY: org.apache.ratis.thirdparty.io.grpc.StatusRuntimeException: CANCELLED: client cancelled
2022-03-09 17:23:38,190 [grpc-default-executor-0] WARN  server.GrpcLogAppender (LogUtils.java:warn(122)) - 352514d3-16e8-44e7-9f6c-25a5b2684069@group-D5F1EC85B8FD->9cf3ac85-5088-4438-9438-d8e46945dabb-AppendLogResponseHandler: Failed appendEntries: org.apache.ratis.thirdparty.io.grpc.StatusRuntimeException: CANCELLED: HTTP/2 error code: CANCEL
Received Rst Stream
2022-03-09 17:23:38,190 [grpc-default-executor-0] WARN  server.GrpcLogAppender (GrpcLogAppender.java:resetClient(110)) - 352514d3-16e8-44e7-9f6c-25a5b2684069@group-D5F1EC85B8FD->9cf3ac85-5088-4438-9438-d8e46945dabb-GrpcLogAppender: Leader has not got in touch with Follower 352514d3-16e8-44e7-9f6c-25a5b2684069@group-D5F1EC85B8FD->9cf3ac85-5088-4438-9438-d8e46945dabb(c0,m0,n1, attendVote=true, lastRpcSendTime=510, lastRpcResponseTime=506) yet, just keep nextIndex unchanged and retry.
2022-03-09 17:23:38,192 [Listener at 127.0.0.1/45999] INFO  segmented.SegmentedRaftLogWorker (SegmentedRaftLogWorker.java:close(237)) - 8d38cd26-4da6-46a4-aba6-9da1aef73967@group-D5F1EC85B8FD-SegmentedRaftLogWorker close()
2022-03-09 17:23:38,197 [Listener at 127.0.0.1/45999] INFO  server.RaftServer$Division (RaftServerImpl.java:lambda$close$4(412)) - 8d38cd26-4da6-46a4-aba6-9da1aef73967@group-3B6C6690B93C: shutdown
2022-03-09 17:23:38,198 [Listener at 127.0.0.1/45999] INFO  util.JmxRegister (JmxRegister.java:unregister(73)) - Successfully un-registered JMX Bean with object name Ratis:service=RaftServer,group=group-3B6C6690B93C,id=8d38cd26-4da6-46a4-aba6-9da1aef73967
2022-03-09 17:23:38,198 [Listener at 127.0.0.1/45999] INFO  impl.RoleInfo (RoleInfo.java:shutdownLeaderState(91)) - 8d38cd26-4da6-46a4-aba6-9da1aef73967: shutdown 8d38cd26-4da6-46a4-aba6-9da1aef73967@group-3B6C6690B93C-LeaderStateImpl
2022-03-09 17:23:38,198 [Listener at 127.0.0.1/45999] INFO  impl.PendingRequests (PendingRequests.java:sendNotLeaderResponses(282)) - 8d38cd26-4da6-46a4-aba6-9da1aef73967@group-3B6C6690B93C-PendingRequests: sendNotLeaderResponses
2022-03-09 17:23:38,198 [Listener at 127.0.0.1/45999] INFO  impl.StateMachineUpdater (StateMachineUpdater.java:stopAndJoin(149)) - 8d38cd26-4da6-46a4-aba6-9da1aef73967@group-3B6C6690B93C-StateMachineUpdater: set stopIndex = 0
2022-03-09 17:23:38,199 [8d38cd26-4da6-46a4-aba6-9da1aef73967@group-3B6C6690B93C-StateMachineUpdater] INFO  ratis.ContainerStateMachine (ContainerStateMachine.java:takeSnapshot(304)) - group-3B6C6690B93C: Taking a snapshot at:(t:1, i:0) file /home/runner/work/ozone/ozone/hadoop-ozone/integration-test/target/test-dir/MiniOzoneClusterImpl-aa50db73-d356-40d6-b3b5-5343d3a56795/datanode-1/data/ratis/66e3fedf-e620-404f-b32e-3b6c6690b93c/sm/snapshot.1_0
2022-03-09 17:23:38,198 [ForkJoinPool.commonPool-worker-0] INFO  server.GrpcService (GrpcService.java:closeImpl(271)) - 9cf3ac85-5088-4438-9438-d8e46945dabb: shutdown server with port 38217 successfully
2022-03-09 17:23:38,199 [org.apache.ratis.util.JvmPauseMonitor$$Lambda$503/957387062@3dabdaa7] INFO  util.JvmPauseMonitor (JvmPauseMonitor.java:run(109)) - JvmPauseMonitor-9cf3ac85-5088-4438-9438-d8e46945dabb: Stopped
2022-03-09 17:23:38,200 [8d38cd26-4da6-46a4-aba6-9da1aef73967@group-3B6C6690B93C-StateMachineUpdater] INFO  ratis.ContainerStateMachine (ContainerStateMachine.java:takeSnapshot(315)) - group-3B6C6690B93C: Finished taking a snapshot at:(t:1, i:0) file:/home/runner/work/ozone/ozone/hadoop-ozone/integration-test/target/test-dir/MiniOzoneClusterImpl-aa50db73-d356-40d6-b3b5-5343d3a56795/datanode-1/data/ratis/66e3fedf-e620-404f-b32e-3b6c6690b93c/sm/snapshot.1_0 took: 1 ms
2022-03-09 17:23:38,200 [8d38cd26-4da6-46a4-aba6-9da1aef73967@group-3B6C6690B93C-StateMachineUpdater] INFO  impl.StateMachineUpdater (StateMachineUpdater.java:takeSnapshot(281)) - 8d38cd26-4da6-46a4-aba6-9da1aef73967@group-3B6C6690B93C-StateMachineUpdater: Took a snapshot at index 0
2022-03-09 17:23:38,200 [8d38cd26-4da6-46a4-aba6-9da1aef73967@group-3B6C6690B93C-StateMachineUpdater] INFO  impl.StateMachineUpdater (StateMachineUpdater.java:lambda$new$0(89)) - 8d38cd26-4da6-46a4-aba6-9da1aef73967@group-3B6C6690B93C-StateMachineUpdater: snapshotIndex: updateIncreasingly -1 -> 0
2022-03-09 17:23:38,200 [Listener at 127.0.0.1/45999] INFO  server.RaftServer$Division (ServerState.java:close(419)) - 8d38cd26-4da6-46a4-aba6-9da1aef73967@group-3B6C6690B93C: closes. applyIndex: 0
2022-03-09 17:23:38,200 [8d38cd26-4da6-46a4-aba6-9da1aef73967@group-3B6C6690B93C-SegmentedRaftLogWorker] INFO  segmented.SegmentedRaftLogWorker (SegmentedRaftLogWorker.java:run(327)) - 8d38cd26-4da6-46a4-aba6-9da1aef73967@group-3B6C6690B93C-SegmentedRaftLogWorker was interrupted, exiting. There are 0 tasks remaining in the queue.
2022-03-09 17:23:38,201 [Listener at 127.0.0.1/45999] INFO  segmented.SegmentedRaftLogWorker (SegmentedRaftLogWorker.java:close(237)) - 8d38cd26-4da6-46a4-aba6-9da1aef73967@group-3B6C6690B93C-SegmentedRaftLogWorker close()
2022-03-09 17:23:38,202 [Listener at 127.0.0.1/45999] INFO  server.GrpcService (GrpcService.java:closeImpl(262)) - 8d38cd26-4da6-46a4-aba6-9da1aef73967: shutdown server with port 43435 now
2022-03-09 17:23:38,210 [grpc-default-executor-2] WARN  server.GrpcServerProtocolService (LogUtils.java:warn(122)) - 8d38cd26-4da6-46a4-aba6-9da1aef73967: installSnapshot onError, lastRequest: 352514d3-16e8-44e7-9f6c-25a5b2684069->8d38cd26-4da6-46a4-aba6-9da1aef73967#1-t4,previous=(t:0, i:0),leaderCommit=0,initializing? true,entries: size=1, first=(t:4, i:0), CONFIGURATIONENTRY: org.apache.ratis.thirdparty.io.grpc.StatusRuntimeException: CANCELLED: client cancelled
2022-03-09 17:23:38,211 [grpc-default-executor-2] WARN  server.GrpcLogAppender (LogUtils.java:warn(122)) - 352514d3-16e8-44e7-9f6c-25a5b2684069@group-D5F1EC85B8FD->8d38cd26-4da6-46a4-aba6-9da1aef73967-AppendLogResponseHandler: Failed appendEntries: org.apache.ratis.thirdparty.io.grpc.StatusRuntimeException: CANCELLED: HTTP/2 error code: CANCEL
Received Rst Stream
2022-03-09 17:23:38,211 [grpc-default-executor-2] WARN  server.GrpcLogAppender (GrpcLogAppender.java:resetClient(110)) - 352514d3-16e8-44e7-9f6c-25a5b2684069@group-D5F1EC85B8FD->8d38cd26-4da6-46a4-aba6-9da1aef73967-GrpcLogAppender: Leader has not got in touch with Follower 352514d3-16e8-44e7-9f6c-25a5b2684069@group-D5F1EC85B8FD->8d38cd26-4da6-46a4-aba6-9da1aef73967(c0,m0,n1, attendVote=true, lastRpcSendTime=547, lastRpcResponseTime=539) yet, just keep nextIndex unchanged and retry.
2022-03-09 17:23:38,218 [Listener at 127.0.0.1/45999] INFO  server.GrpcService (GrpcService.java:closeImpl(271)) - 8d38cd26-4da6-46a4-aba6-9da1aef73967: shutdown server with port 43435 successfully
2022-03-09 17:23:38,218 [org.apache.ratis.util.JvmPauseMonitor$$Lambda$503/957387062@5920132a] INFO  util.JvmPauseMonitor (JvmPauseMonitor.java:run(109)) - JvmPauseMonitor-8d38cd26-4da6-46a4-aba6-9da1aef73967: Stopped
2022-03-09 17:23:38,482 [EndpointStateMachine task thread for /127.0.0.1:40365 - 0 ] INFO  ipc.Client (Client.java:handleConnectionFailure(977)) - Retrying connect to server: localhost/127.0.0.1:40365. Already tried 6 time(s); retry policy is RetryUpToMaximumCountWithFixedSleep(maxRetries=15, sleepTime=1000 MILLISECONDS)
2022-03-09 17:23:38,496 [EndpointStateMachine task thread for /127.0.0.1:38239 - 0 ] INFO  ipc.Client (Client.java:handleConnectionFailure(977)) - Retrying connect to server: localhost/127.0.0.1:38239. Already tried 6 time(s); retry policy is RetryUpToMaximumCountWithFixedSleep(maxRetries=15, sleepTime=1000 MILLISECONDS)
2022-03-09 17:23:38,521 [EndpointStateMachine task thread for /127.0.0.1:45657 - 0 ] INFO  ipc.Client (Client.java:handleConnectionFailure(977)) - Retrying connect to server: localhost/127.0.0.1:45657. Already tried 6 time(s); retry policy is RetryUpToMaximumCountWithFixedSleep(maxRetries=15, sleepTime=1000 MILLISECONDS)
2022-03-09 17:23:38,657 [EndpointStateMachine task thread for /127.0.0.1:39101 - 0 ] INFO  ipc.Client (Client.java:handleConnectionFailure(977)) - Retrying connect to server: localhost/127.0.0.1:39101. Already tried 6 time(s); retry policy is RetryUpToMaximumCountWithFixedSleep(maxRetries=15, sleepTime=1000 MILLISECONDS)
2022-03-09 17:23:38,657 [EndpointStateMachine task thread for /127.0.0.1:33977 - 0 ] INFO  ipc.Client (Client.java:handleConnectionFailure(977)) - Retrying connect to server: localhost/127.0.0.1:33977. Already tried 6 time(s); retry policy is RetryUpToMaximumCountWithFixedSleep(maxRetries=15, sleepTime=1000 MILLISECONDS)
2022-03-09 17:23:38,657 [EndpointStateMachine task thread for /127.0.0.1:34459 - 0 ] INFO  ipc.Client (Client.java:handleConnectionFailure(977)) - Retrying connect to server: localhost/127.0.0.1:34459. Already tried 6 time(s); retry policy is RetryUpToMaximumCountWithFixedSleep(maxRetries=15, sleepTime=1000 MILLISECONDS)
2022-03-09 17:23:39,482 [EndpointStateMachine task thread for /127.0.0.1:40365 - 0 ] INFO  ipc.Client (Client.java:handleConnectionFailure(977)) - Retrying connect to server: localhost/127.0.0.1:40365. Already tried 7 time(s); retry policy is RetryUpToMaximumCountWithFixedSleep(maxRetries=15, sleepTime=1000 MILLISECONDS)
2022-03-09 17:23:39,497 [EndpointStateMachine task thread for /127.0.0.1:38239 - 0 ] INFO  ipc.Client (Client.java:handleConnectionFailure(977)) - Retrying connect to server: localhost/127.0.0.1:38239. Already tried 7 time(s); retry policy is RetryUpToMaximumCountWithFixedSleep(maxRetries=15, sleepTime=1000 MILLISECONDS)
2022-03-09 17:23:39,521 [EndpointStateMachine task thread for /127.0.0.1:45657 - 0 ] INFO  ipc.Client (Client.java:handleConnectionFailure(977)) - Retrying connect to server: localhost/127.0.0.1:45657. Already tried 7 time(s); retry policy is RetryUpToMaximumCountWithFixedSleep(maxRetries=15, sleepTime=1000 MILLISECONDS)
2022-03-09 17:23:39,657 [EndpointStateMachine task thread for /127.0.0.1:39101 - 0 ] INFO  ipc.Client (Client.java:handleConnectionFailure(977)) - Retrying connect to server: localhost/127.0.0.1:39101. Already tried 7 time(s); retry policy is RetryUpToMaximumCountWithFixedSleep(maxRetries=15, sleepTime=1000 MILLISECONDS)
2022-03-09 17:23:39,657 [EndpointStateMachine task thread for /127.0.0.1:33977 - 0 ] INFO  ipc.Client (Client.java:handleConnectionFailure(977)) - Retrying connect to server: localhost/127.0.0.1:33977. Already tried 7 time(s); retry policy is RetryUpToMaximumCountWithFixedSleep(maxRetries=15, sleepTime=1000 MILLISECONDS)
2022-03-09 17:23:39,658 [EndpointStateMachine task thread for /127.0.0.1:34459 - 0 ] INFO  ipc.Client (Client.java:handleConnectionFailure(977)) - Retrying connect to server: localhost/127.0.0.1:34459. Already tried 7 time(s); retry policy is RetryUpToMaximumCountWithFixedSleep(maxRetries=15, sleepTime=1000 MILLISECONDS)
2022-03-09 17:23:40,191 [grpc-default-executor-2] WARN  server.GrpcLogAppender (LogUtils.java:warn(122)) - 352514d3-16e8-44e7-9f6c-25a5b2684069@group-D5F1EC85B8FD->8d38cd26-4da6-46a4-aba6-9da1aef73967-AppendLogResponseHandler: Failed appendEntries: org.apache.ratis.thirdparty.io.grpc.StatusRuntimeException: UNAVAILABLE: io exception
2022-03-09 17:23:40,192 [grpc-default-executor-2] WARN  server.GrpcLogAppender (GrpcLogAppender.java:resetClient(110)) - 352514d3-16e8-44e7-9f6c-25a5b2684069@group-D5F1EC85B8FD->8d38cd26-4da6-46a4-aba6-9da1aef73967-GrpcLogAppender: Leader has not got in touch with Follower 352514d3-16e8-44e7-9f6c-25a5b2684069@group-D5F1EC85B8FD->8d38cd26-4da6-46a4-aba6-9da1aef73967(c0,m0,n1, attendVote=true, lastRpcSendTime=2527, lastRpcResponseTime=2520) yet, just keep nextIndex unchanged and retry.
2022-03-09 17:23:40,212 [grpc-default-executor-3] WARN  server.GrpcLogAppender (LogUtils.java:warn(122)) - 352514d3-16e8-44e7-9f6c-25a5b2684069@group-D5F1EC85B8FD->9cf3ac85-5088-4438-9438-d8e46945dabb-AppendLogResponseHandler: Failed appendEntries: org.apache.ratis.thirdparty.io.grpc.StatusRuntimeException: UNAVAILABLE: io exception
2022-03-09 17:23:40,212 [grpc-default-executor-3] WARN  server.GrpcLogAppender (GrpcLogAppender.java:resetClient(110)) - 352514d3-16e8-44e7-9f6c-25a5b2684069@group-D5F1EC85B8FD->9cf3ac85-5088-4438-9438-d8e46945dabb-GrpcLogAppender: Leader has not got in touch with Follower 352514d3-16e8-44e7-9f6c-25a5b2684069@group-D5F1EC85B8FD->9cf3ac85-5088-4438-9438-d8e46945dabb(c0,m0,n1, attendVote=true, lastRpcSendTime=0, lastRpcResponseTime=2528) yet, just keep nextIndex unchanged and retry.
2022-03-09 17:23:40,243 [Listener at 127.0.0.1/45999] INFO  utils.BackgroundService (BackgroundService.java:shutdown(132)) - Shutting down service BlockDeletingService
2022-03-09 17:23:40,255 [ForkJoinPool.commonPool-worker-0] INFO  utils.BackgroundService (BackgroundService.java:shutdown(132)) - Shutting down service BlockDeletingService
2022-03-09 17:23:40,483 [EndpointStateMachine task thread for /127.0.0.1:40365 - 0 ] INFO  ipc.Client (Client.java:handleConnectionFailure(977)) - Retrying connect to server: localhost/127.0.0.1:40365. Already tried 8 time(s); retry policy is RetryUpToMaximumCountWithFixedSleep(maxRetries=15, sleepTime=1000 MILLISECONDS)
2022-03-09 17:23:40,497 [EndpointStateMachine task thread for /127.0.0.1:38239 - 0 ] INFO  ipc.Client (Client.java:handleConnectionFailure(977)) - Retrying connect to server: localhost/127.0.0.1:38239. Already tried 8 time(s); retry policy is RetryUpToMaximumCountWithFixedSleep(maxRetries=15, sleepTime=1000 MILLISECONDS)
2022-03-09 17:23:40,521 [EndpointStateMachine task thread for /127.0.0.1:45657 - 0 ] INFO  ipc.Client (Client.java:handleConnectionFailure(977)) - Retrying connect to server: localhost/127.0.0.1:45657. Already tried 8 time(s); retry policy is RetryUpToMaximumCountWithFixedSleep(maxRetries=15, sleepTime=1000 MILLISECONDS)
2022-03-09 17:23:40,658 [EndpointStateMachine task thread for /127.0.0.1:39101 - 0 ] INFO  ipc.Client (Client.java:handleConnectionFailure(977)) - Retrying connect to server: localhost/127.0.0.1:39101. Already tried 8 time(s); retry policy is RetryUpToMaximumCountWithFixedSleep(maxRetries=15, sleepTime=1000 MILLISECONDS)
2022-03-09 17:23:40,658 [EndpointStateMachine task thread for /127.0.0.1:33977 - 0 ] INFO  ipc.Client (Client.java:handleConnectionFailure(977)) - Retrying connect to server: localhost/127.0.0.1:33977. Already tried 8 time(s); retry policy is RetryUpToMaximumCountWithFixedSleep(maxRetries=15, sleepTime=1000 MILLISECONDS)
2022-03-09 17:23:40,658 [EndpointStateMachine task thread for /127.0.0.1:34459 - 0 ] INFO  ipc.Client (Client.java:handleConnectionFailure(977)) - Retrying connect to server: localhost/127.0.0.1:34459. Already tried 8 time(s); retry policy is RetryUpToMaximumCountWithFixedSleep(maxRetries=15, sleepTime=1000 MILLISECONDS)
2022-03-09 17:23:41,483 [EndpointStateMachine task thread for /127.0.0.1:40365 - 0 ] INFO  ipc.Client (Client.java:handleConnectionFailure(977)) - Retrying connect to server: localhost/127.0.0.1:40365. Already tried 9 time(s); retry policy is RetryUpToMaximumCountWithFixedSleep(maxRetries=15, sleepTime=1000 MILLISECONDS)
2022-03-09 17:23:41,498 [EndpointStateMachine task thread for /127.0.0.1:38239 - 0 ] INFO  ipc.Client (Client.java:handleConnectionFailure(977)) - Retrying connect to server: localhost/127.0.0.1:38239. Already tried 9 time(s); retry policy is RetryUpToMaximumCountWithFixedSleep(maxRetries=15, sleepTime=1000 MILLISECONDS)
2022-03-09 17:23:41,522 [EndpointStateMachine task thread for /127.0.0.1:45657 - 0 ] INFO  ipc.Client (Client.java:handleConnectionFailure(977)) - Retrying connect to server: localhost/127.0.0.1:45657. Already tried 9 time(s); retry policy is RetryUpToMaximumCountWithFixedSleep(maxRetries=15, sleepTime=1000 MILLISECONDS)
2022-03-09 17:23:41,658 [EndpointStateMachine task thread for /127.0.0.1:39101 - 0 ] INFO  ipc.Client (Client.java:handleConnectionFailure(977)) - Retrying connect to server: localhost/127.0.0.1:39101. Already tried 9 time(s); retry policy is RetryUpToMaximumCountWithFixedSleep(maxRetries=15, sleepTime=1000 MILLISECONDS)
2022-03-09 17:23:41,658 [EndpointStateMachine task thread for /127.0.0.1:33977 - 0 ] INFO  ipc.Client (Client.java:handleConnectionFailure(977)) - Retrying connect to server: localhost/127.0.0.1:33977. Already tried 9 time(s); retry policy is RetryUpToMaximumCountWithFixedSleep(maxRetries=15, sleepTime=1000 MILLISECONDS)
2022-03-09 17:23:41,659 [EndpointStateMachine task thread for /127.0.0.1:34459 - 0 ] INFO  ipc.Client (Client.java:handleConnectionFailure(977)) - Retrying connect to server: localhost/127.0.0.1:34459. Already tried 9 time(s); retry policy is RetryUpToMaximumCountWithFixedSleep(maxRetries=15, sleepTime=1000 MILLISECONDS)
2022-03-09 17:23:42,487 [EndpointStateMachine task thread for /127.0.0.1:40365 - 0 ] INFO  ipc.Client (Client.java:handleConnectionFailure(977)) - Retrying connect to server: localhost/127.0.0.1:40365. Already tried 10 time(s); retry policy is RetryUpToMaximumCountWithFixedSleep(maxRetries=15, sleepTime=1000 MILLISECONDS)
2022-03-09 17:23:42,515 [EndpointStateMachine task thread for /127.0.0.1:38239 - 0 ] INFO  ipc.Client (Client.java:handleConnectionFailure(977)) - Retrying connect to server: localhost/127.0.0.1:38239. Already tried 10 time(s); retry policy is RetryUpToMaximumCountWithFixedSleep(maxRetries=15, sleepTime=1000 MILLISECONDS)
2022-03-09 17:23:42,522 [EndpointStateMachine task thread for /127.0.0.1:45657 - 0 ] INFO  ipc.Client (Client.java:handleConnectionFailure(977)) - Retrying connect to server: localhost/127.0.0.1:45657. Already tried 10 time(s); retry policy is RetryUpToMaximumCountWithFixedSleep(maxRetries=15, sleepTime=1000 MILLISECONDS)
2022-03-09 17:23:42,659 [EndpointStateMachine task thread for /127.0.0.1:39101 - 0 ] INFO  ipc.Client (Client.java:handleConnectionFailure(977)) - Retrying connect to server: localhost/127.0.0.1:39101. Already tried 10 time(s); retry policy is RetryUpToMaximumCountWithFixedSleep(maxRetries=15, sleepTime=1000 MILLISECONDS)
2022-03-09 17:23:42,659 [EndpointStateMachine task thread for /127.0.0.1:33977 - 0 ] INFO  ipc.Client (Client.java:handleConnectionFailure(977)) - Retrying connect to server: localhost/127.0.0.1:33977. Already tried 10 time(s); retry policy is RetryUpToMaximumCountWithFixedSleep(maxRetries=15, sleepTime=1000 MILLISECONDS)
2022-03-09 17:23:42,659 [EndpointStateMachine task thread for /127.0.0.1:34459 - 0 ] INFO  ipc.Client (Client.java:handleConnectionFailure(977)) - Retrying connect to server: localhost/127.0.0.1:34459. Already tried 10 time(s); retry policy is RetryUpToMaximumCountWithFixedSleep(maxRetries=15, sleepTime=1000 MILLISECONDS)
2022-03-09 17:23:42,695 [grpc-default-executor-3] WARN  server.GrpcLogAppender (LogUtils.java:warn(122)) - 352514d3-16e8-44e7-9f6c-25a5b2684069@group-D5F1EC85B8FD->8d38cd26-4da6-46a4-aba6-9da1aef73967-AppendLogResponseHandler: Failed appendEntries: org.apache.ratis.thirdparty.io.grpc.StatusRuntimeException: UNAVAILABLE: io exception
2022-03-09 17:23:42,696 [grpc-default-executor-3] WARN  server.GrpcLogAppender (GrpcLogAppender.java:resetClient(110)) - 352514d3-16e8-44e7-9f6c-25a5b2684069@group-D5F1EC85B8FD->8d38cd26-4da6-46a4-aba6-9da1aef73967-GrpcLogAppender: Leader has not got in touch with Follower 352514d3-16e8-44e7-9f6c-25a5b2684069@group-D5F1EC85B8FD->8d38cd26-4da6-46a4-aba6-9da1aef73967(c0,m0,n1, attendVote=true, lastRpcSendTime=0, lastRpcResponseTime=5024) yet, just keep nextIndex unchanged and retry.
2022-03-09 17:23:42,715 [grpc-default-executor-3] WARN  server.GrpcLogAppender (LogUtils.java:warn(122)) - 352514d3-16e8-44e7-9f6c-25a5b2684069@group-D5F1EC85B8FD->9cf3ac85-5088-4438-9438-d8e46945dabb-AppendLogResponseHandler: Failed appendEntries: org.apache.ratis.thirdparty.io.grpc.StatusRuntimeException: UNAVAILABLE: io exception
2022-03-09 17:23:42,716 [grpc-default-executor-3] WARN  server.GrpcLogAppender (GrpcLogAppender.java:resetClient(110)) - 352514d3-16e8-44e7-9f6c-25a5b2684069@group-D5F1EC85B8FD->9cf3ac85-5088-4438-9438-d8e46945dabb-GrpcLogAppender: Leader has not got in touch with Follower 352514d3-16e8-44e7-9f6c-25a5b2684069@group-D5F1EC85B8FD->9cf3ac85-5088-4438-9438-d8e46945dabb(c0,m0,n1, attendVote=true, lastRpcSendTime=2504, lastRpcResponseTime=5032) yet, just keep nextIndex unchanged and retry.
2022-03-09 17:23:43,278 [Listener at 127.0.0.1/45999] INFO  statemachine.DatanodeStateMachine (DatanodeStateMachine.java:stopDaemon(529)) - Ozone container server stopped.
2022-03-09 17:23:43,279 [Listener at 127.0.0.1/45999] INFO  handler.ContextHandler (ContextHandler.java:doStop(1153)) - Stopped o.e.j.w.WebAppContext@7238fdd6{hddsDatanode,/,null,STOPPED}{jar:file:/home/runner/.m2/repository/org/apache/ozone/hdds-container-service/1.3.0-SNAPSHOT/hdds-container-service-1.3.0-SNAPSHOT.jar!/webapps/hddsDatanode}
2022-03-09 17:23:43,279 [Listener at 127.0.0.1/45999] INFO  server.AbstractConnector (AbstractConnector.java:doStop(381)) - Stopped ServerConnector@3ad3a3ef{HTTP/1.1, (http/1.1)}{0.0.0.0:0}
2022-03-09 17:23:43,280 [Listener at 127.0.0.1/45999] INFO  server.session (HouseKeeper.java:stopScavenging(149)) - node0 Stopped scavenging
2022-03-09 17:23:43,280 [Listener at 127.0.0.1/45999] INFO  handler.ContextHandler (ContextHandler.java:doStop(1153)) - Stopped o.e.j.s.ServletContextHandler@7f60c79a{static,/static,jar:file:/home/runner/.m2/repository/org/apache/ozone/hdds-container-service/1.3.0-SNAPSHOT/hdds-container-service-1.3.0-SNAPSHOT.jar!/webapps/static,STOPPED}
2022-03-09 17:23:43,280 [Listener at 127.0.0.1/45999] INFO  handler.ContextHandler (ContextHandler.java:doStop(1153)) - Stopped o.e.j.s.ServletContextHandler@3d2a2117{logs,/logs,file:///home/runner/work/ozone/ozone/hadoop-ozone/integration-test/target/log,STOPPED}
2022-03-09 17:23:43,295 [ForkJoinPool.commonPool-worker-0] INFO  statemachine.DatanodeStateMachine (DatanodeStateMachine.java:stopDaemon(529)) - Ozone container server stopped.
2022-03-09 17:23:43,312 [ForkJoinPool.commonPool-worker-0] INFO  handler.ContextHandler (ContextHandler.java:doStop(1153)) - Stopped o.e.j.w.WebAppContext@6e3ca6a2{hddsDatanode,/,null,STOPPED}{jar:file:/home/runner/.m2/repository/org/apache/ozone/hdds-container-service/1.3.0-SNAPSHOT/hdds-container-service-1.3.0-SNAPSHOT.jar!/webapps/hddsDatanode}
2022-03-09 17:23:43,313 [ForkJoinPool.commonPool-worker-0] INFO  server.AbstractConnector (AbstractConnector.java:doStop(381)) - Stopped ServerConnector@1088a4f0{HTTP/1.1, (http/1.1)}{0.0.0.0:0}
2022-03-09 17:23:43,313 [ForkJoinPool.commonPool-worker-0] INFO  server.session (HouseKeeper.java:stopScavenging(149)) - node0 Stopped scavenging
2022-03-09 17:23:43,313 [ForkJoinPool.commonPool-worker-0] INFO  handler.ContextHandler (ContextHandler.java:doStop(1153)) - Stopped o.e.j.s.ServletContextHandler@7780a93c{static,/static,jar:file:/home/runner/.m2/repository/org/apache/ozone/hdds-container-service/1.3.0-SNAPSHOT/hdds-container-service-1.3.0-SNAPSHOT.jar!/webapps/static,STOPPED}
2022-03-09 17:23:43,314 [ForkJoinPool.commonPool-worker-0] INFO  handler.ContextHandler (ContextHandler.java:doStop(1153)) - Stopped o.e.j.s.ServletContextHandler@173e347f{logs,/logs,file:///home/runner/work/ozone/ozone/hadoop-ozone/integration-test/target/log,STOPPED}
2022-03-09 17:23:43,491 [EndpointStateMachine task thread for /127.0.0.1:40365 - 0 ] INFO  ipc.Client (Client.java:handleConnectionFailure(977)) - Retrying connect to server: localhost/127.0.0.1:40365. Already tried 11 time(s); retry policy is RetryUpToMaximumCountWithFixedSleep(maxRetries=15, sleepTime=1000 MILLISECONDS)
2022-03-09 17:23:43,515 [EndpointStateMachine task thread for /127.0.0.1:38239 - 0 ] INFO  ipc.Client (Client.java:handleConnectionFailure(977)) - Retrying connect to server: localhost/127.0.0.1:38239. Already tried 11 time(s); retry policy is RetryUpToMaximumCountWithFixedSleep(maxRetries=15, sleepTime=1000 MILLISECONDS)
2022-03-09 17:23:43,523 [EndpointStateMachine task thread for /127.0.0.1:45657 - 0 ] INFO  ipc.Client (Client.java:handleConnectionFailure(977)) - Retrying connect to server: localhost/127.0.0.1:45657. Already tried 11 time(s); retry policy is RetryUpToMaximumCountWithFixedSleep(maxRetries=15, sleepTime=1000 MILLISECONDS)
2022-03-09 17:23:43,683 [EndpointStateMachine task thread for /127.0.0.1:34459 - 0 ] INFO  ipc.Client (Client.java:handleConnectionFailure(977)) - Retrying connect to server: localhost/127.0.0.1:34459. Already tried 11 time(s); retry policy is RetryUpToMaximumCountWithFixedSleep(maxRetries=15, sleepTime=1000 MILLISECONDS)
2022-03-09 17:23:43,683 [EndpointStateMachine task thread for /127.0.0.1:33977 - 0 ] INFO  ipc.Client (Client.java:handleConnectionFailure(977)) - Retrying connect to server: localhost/127.0.0.1:33977. Already tried 11 time(s); retry policy is RetryUpToMaximumCountWithFixedSleep(maxRetries=15, sleepTime=1000 MILLISECONDS)
2022-03-09 17:23:43,683 [EndpointStateMachine task thread for /127.0.0.1:39101 - 0 ] INFO  ipc.Client (Client.java:handleConnectionFailure(977)) - Retrying connect to server: localhost/127.0.0.1:39101. Already tried 11 time(s); retry policy is RetryUpToMaximumCountWithFixedSleep(maxRetries=15, sleepTime=1000 MILLISECONDS)
2022-03-09 17:23:44,071 [Datanode State Machine Daemon Thread] WARN  statemachine.StateContext (StateContext.java:setState(250)) - Ignore disallowed transition from SHUTDOWN to RUNNING
2022-03-09 17:23:44,491 [EndpointStateMachine task thread for /127.0.0.1:40365 - 0 ] INFO  ipc.Client (Client.java:handleConnectionFailure(977)) - Retrying connect to server: localhost/127.0.0.1:40365. Already tried 12 time(s); retry policy is RetryUpToMaximumCountWithFixedSleep(maxRetries=15, sleepTime=1000 MILLISECONDS)
2022-03-09 17:23:44,519 [EndpointStateMachine task thread for /127.0.0.1:38239 - 0 ] INFO  ipc.Client (Client.java:handleConnectionFailure(977)) - Retrying connect to server: localhost/127.0.0.1:38239. Already tried 12 time(s); retry policy is RetryUpToMaximumCountWithFixedSleep(maxRetries=15, sleepTime=1000 MILLISECONDS)
2022-03-09 17:23:44,523 [EndpointStateMachine task thread for /127.0.0.1:45657 - 0 ] INFO  ipc.Client (Client.java:handleConnectionFailure(977)) - Retrying connect to server: localhost/127.0.0.1:45657. Already tried 12 time(s); retry policy is RetryUpToMaximumCountWithFixedSleep(maxRetries=15, sleepTime=1000 MILLISECONDS)
2022-03-09 17:23:44,686 [EndpointStateMachine task thread for /127.0.0.1:39101 - 0 ] INFO  ipc.Client (Client.java:handleConnectionFailure(977)) - Retrying connect to server: localhost/127.0.0.1:39101. Already tried 12 time(s); retry policy is RetryUpToMaximumCountWithFixedSleep(maxRetries=15, sleepTime=1000 MILLISECONDS)
2022-03-09 17:23:44,686 [EndpointStateMachine task thread for /127.0.0.1:33977 - 0 ] INFO  ipc.Client (Client.java:handleConnectionFailure(977)) - Retrying connect to server: localhost/127.0.0.1:33977. Already tried 12 time(s); retry policy is RetryUpToMaximumCountWithFixedSleep(maxRetries=15, sleepTime=1000 MILLISECONDS)
2022-03-09 17:23:44,686 [EndpointStateMachine task thread for /127.0.0.1:34459 - 0 ] INFO  ipc.Client (Client.java:handleConnectionFailure(977)) - Retrying connect to server: localhost/127.0.0.1:34459. Already tried 12 time(s); retry policy is RetryUpToMaximumCountWithFixedSleep(maxRetries=15, sleepTime=1000 MILLISECONDS)
2022-03-09 17:23:45,201 [grpc-default-executor-3] WARN  server.GrpcLogAppender (LogUtils.java:warn(122)) - 352514d3-16e8-44e7-9f6c-25a5b2684069@group-D5F1EC85B8FD->8d38cd26-4da6-46a4-aba6-9da1aef73967-AppendLogResponseHandler: Failed appendEntries: org.apache.ratis.thirdparty.io.grpc.StatusRuntimeException: UNAVAILABLE: io exception
2022-03-09 17:23:45,202 [grpc-default-executor-3] WARN  server.GrpcLogAppender (GrpcLogAppender.java:resetClient(110)) - 352514d3-16e8-44e7-9f6c-25a5b2684069@group-D5F1EC85B8FD->8d38cd26-4da6-46a4-aba6-9da1aef73967-GrpcLogAppender: Leader has not got in touch with Follower 352514d3-16e8-44e7-9f6c-25a5b2684069@group-D5F1EC85B8FD->8d38cd26-4da6-46a4-aba6-9da1aef73967(c0,m0,n1, attendVote=true, lastRpcSendTime=2506, lastRpcResponseTime=7530) yet, just keep nextIndex unchanged and retry.
2022-03-09 17:23:45,223 [grpc-default-executor-3] WARN  server.GrpcLogAppender (LogUtils.java:warn(122)) - 352514d3-16e8-44e7-9f6c-25a5b2684069@group-D5F1EC85B8FD->9cf3ac85-5088-4438-9438-d8e46945dabb-AppendLogResponseHandler: Failed appendEntries: org.apache.ratis.thirdparty.io.grpc.StatusRuntimeException: UNAVAILABLE: io exception
2022-03-09 17:23:45,224 [grpc-default-executor-3] WARN  server.GrpcLogAppender (GrpcLogAppender.java:resetClient(110)) - 352514d3-16e8-44e7-9f6c-25a5b2684069@group-D5F1EC85B8FD->9cf3ac85-5088-4438-9438-d8e46945dabb-GrpcLogAppender: Leader has not got in touch with Follower 352514d3-16e8-44e7-9f6c-25a5b2684069@group-D5F1EC85B8FD->9cf3ac85-5088-4438-9438-d8e46945dabb(c0,m0,n1, attendVote=true, lastRpcSendTime=2506, lastRpcResponseTime=7540) yet, just keep nextIndex unchanged and retry.
2022-03-09 17:23:45,492 [EndpointStateMachine task thread for /127.0.0.1:40365 - 0 ] INFO  ipc.Client (Client.java:handleConnectionFailure(977)) - Retrying connect to server: localhost/127.0.0.1:40365. Already tried 13 time(s); retry policy is RetryUpToMaximumCountWithFixedSleep(maxRetries=15, sleepTime=1000 MILLISECONDS)
2022-03-09 17:23:45,519 [EndpointStateMachine task thread for /127.0.0.1:38239 - 0 ] INFO  ipc.Client (Client.java:handleConnectionFailure(977)) - Retrying connect to server: localhost/127.0.0.1:38239. Already tried 13 time(s); retry policy is RetryUpToMaximumCountWithFixedSleep(maxRetries=15, sleepTime=1000 MILLISECONDS)
2022-03-09 17:23:45,547 [EndpointStateMachine task thread for /127.0.0.1:45657 - 0 ] INFO  ipc.Client (Client.java:handleConnectionFailure(977)) - Retrying connect to server: localhost/127.0.0.1:45657. Already tried 13 time(s); retry policy is RetryUpToMaximumCountWithFixedSleep(maxRetries=15, sleepTime=1000 MILLISECONDS)
2022-03-09 17:23:45,686 [EndpointStateMachine task thread for /127.0.0.1:39101 - 0 ] INFO  ipc.Client (Client.java:handleConnectionFailure(977)) - Retrying connect to server: localhost/127.0.0.1:39101. Already tried 13 time(s); retry policy is RetryUpToMaximumCountWithFixedSleep(maxRetries=15, sleepTime=1000 MILLISECONDS)
2022-03-09 17:23:45,687 [EndpointStateMachine task thread for /127.0.0.1:33977 - 0 ] INFO  ipc.Client (Client.java:handleConnectionFailure(977)) - Retrying connect to server: localhost/127.0.0.1:33977. Already tried 13 time(s); retry policy is RetryUpToMaximumCountWithFixedSleep(maxRetries=15, sleepTime=1000 MILLISECONDS)
2022-03-09 17:23:45,687 [EndpointStateMachine task thread for /127.0.0.1:34459 - 0 ] INFO  ipc.Client (Client.java:handleConnectionFailure(977)) - Retrying connect to server: localhost/127.0.0.1:34459. Already tried 13 time(s); retry policy is RetryUpToMaximumCountWithFixedSleep(maxRetries=15, sleepTime=1000 MILLISECONDS)
2022-03-09 17:23:45,814 [352514d3-16e8-44e7-9f6c-25a5b2684069@group-F4C19FBCF0D5-FollowerState] INFO  impl.FollowerState (FollowerState.java:run(134)) - 352514d3-16e8-44e7-9f6c-25a5b2684069@group-F4C19FBCF0D5-FollowerState: change to CANDIDATE, lastRpcElapsedTime:9995053713ns, electionTimeout:5040ms
2022-03-09 17:23:45,814 [352514d3-16e8-44e7-9f6c-25a5b2684069@group-F4C19FBCF0D5-FollowerState] INFO  impl.RoleInfo (RoleInfo.java:shutdownFollowerState(108)) - 352514d3-16e8-44e7-9f6c-25a5b2684069: shutdown 352514d3-16e8-44e7-9f6c-25a5b2684069@group-F4C19FBCF0D5-FollowerState
2022-03-09 17:23:45,814 [352514d3-16e8-44e7-9f6c-25a5b2684069@group-F4C19FBCF0D5-FollowerState] INFO  server.RaftServer$Division (RaftServerImpl.java:setRole(290)) - 352514d3-16e8-44e7-9f6c-25a5b2684069@group-F4C19FBCF0D5: changes role from  FOLLOWER to CANDIDATE at term 5 for changeToCandidate
2022-03-09 17:23:45,814 [352514d3-16e8-44e7-9f6c-25a5b2684069@group-F4C19FBCF0D5-FollowerState] INFO  server.RaftServerConfigKeys (ConfUtils.java:logGet(44)) - raft.server.leaderelection.pre-vote = false (custom)
2022-03-09 17:23:45,814 [352514d3-16e8-44e7-9f6c-25a5b2684069@group-F4C19FBCF0D5-FollowerState] INFO  impl.RoleInfo (RoleInfo.java:updateAndGet(130)) - 352514d3-16e8-44e7-9f6c-25a5b2684069: start 352514d3-16e8-44e7-9f6c-25a5b2684069@group-F4C19FBCF0D5-LeaderElection35
2022-03-09 17:23:45,867 [352514d3-16e8-44e7-9f6c-25a5b2684069@group-F4C19FBCF0D5-LeaderElection35] INFO  server.RaftServer$Division (ServerState.java:setLeader(285)) - 352514d3-16e8-44e7-9f6c-25a5b2684069@group-F4C19FBCF0D5: change Leader from 9cf3ac85-5088-4438-9438-d8e46945dabb to null at term 5 for ELECTION
2022-03-09 17:23:45,872 [352514d3-16e8-44e7-9f6c-25a5b2684069@group-F4C19FBCF0D5-LeaderElection35] INFO  impl.LeaderElection (LeaderElection.java:askForVotes(306)) - 352514d3-16e8-44e7-9f6c-25a5b2684069@group-F4C19FBCF0D5-LeaderElection35 ELECTION round 0: submit vote requests at term 6 for 0: [8d38cd26-4da6-46a4-aba6-9da1aef73967|rpc:127.0.0.1:43435|dataStream:|priority:0, 352514d3-16e8-44e7-9f6c-25a5b2684069|rpc:127.0.0.1:37197|dataStream:|priority:0, 9cf3ac85-5088-4438-9438-d8e46945dabb|rpc:127.0.0.1:38217|dataStream:|priority:1], old=null
2022-03-09 17:23:45,879 [352514d3-16e8-44e7-9f6c-25a5b2684069@group-F4C19FBCF0D5-LeaderElection35] INFO  impl.LeaderElection (LogUtils.java:infoOrTrace(137)) - 352514d3-16e8-44e7-9f6c-25a5b2684069@group-F4C19FBCF0D5-LeaderElection35 got exception when requesting votes: java.util.concurrent.ExecutionException: org.apache.ratis.thirdparty.io.grpc.StatusRuntimeException: UNAVAILABLE: io exception
2022-03-09 17:23:45,881 [352514d3-16e8-44e7-9f6c-25a5b2684069@group-F4C19FBCF0D5-LeaderElection35] INFO  impl.LeaderElection (LogUtils.java:infoOrTrace(137)) - 352514d3-16e8-44e7-9f6c-25a5b2684069@group-F4C19FBCF0D5-LeaderElection35 got exception when requesting votes: java.util.concurrent.ExecutionException: org.apache.ratis.thirdparty.io.grpc.StatusRuntimeException: UNAVAILABLE: io exception
2022-03-09 17:23:45,881 [352514d3-16e8-44e7-9f6c-25a5b2684069@group-F4C19FBCF0D5-LeaderElection35] INFO  impl.LeaderElection (LeaderElection.java:logAndReturn(89)) - 352514d3-16e8-44e7-9f6c-25a5b2684069@group-F4C19FBCF0D5-LeaderElection35: ELECTION REJECTED received 0 response(s) and 2 exception(s):
2022-03-09 17:23:45,881 [352514d3-16e8-44e7-9f6c-25a5b2684069@group-F4C19FBCF0D5-LeaderElection35] INFO  impl.LeaderElection (LogUtils.java:infoOrTrace(137)) -   Exception 0: java.util.concurrent.ExecutionException: org.apache.ratis.thirdparty.io.grpc.StatusRuntimeException: UNAVAILABLE: io exception
2022-03-09 17:23:45,881 [352514d3-16e8-44e7-9f6c-25a5b2684069@group-F4C19FBCF0D5-LeaderElection35] INFO  impl.LeaderElection (LogUtils.java:infoOrTrace(137)) -   Exception 1: java.util.concurrent.ExecutionException: org.apache.ratis.thirdparty.io.grpc.StatusRuntimeException: UNAVAILABLE: io exception
2022-03-09 17:23:45,881 [352514d3-16e8-44e7-9f6c-25a5b2684069@group-F4C19FBCF0D5-LeaderElection35] INFO  impl.LeaderElection (LeaderElection.java:askForVotes(308)) - 352514d3-16e8-44e7-9f6c-25a5b2684069@group-F4C19FBCF0D5-LeaderElection35 ELECTION round 0: result REJECTED
2022-03-09 17:23:45,881 [352514d3-16e8-44e7-9f6c-25a5b2684069@group-F4C19FBCF0D5-LeaderElection35] INFO  server.RaftServer$Division (RaftServerImpl.java:setRole(290)) - 352514d3-16e8-44e7-9f6c-25a5b2684069@group-F4C19FBCF0D5: changes role from CANDIDATE to FOLLOWER at term 6 for REJECTED
2022-03-09 17:23:45,881 [352514d3-16e8-44e7-9f6c-25a5b2684069@group-F4C19FBCF0D5-LeaderElection35] INFO  impl.RoleInfo (RoleInfo.java:shutdownLeaderElection(121)) - 352514d3-16e8-44e7-9f6c-25a5b2684069: shutdown 352514d3-16e8-44e7-9f6c-25a5b2684069@group-F4C19FBCF0D5-LeaderElection35
2022-03-09 17:23:45,881 [352514d3-16e8-44e7-9f6c-25a5b2684069@group-F4C19FBCF0D5-LeaderElection35] INFO  impl.RoleInfo (RoleInfo.java:updateAndGet(130)) - 352514d3-16e8-44e7-9f6c-25a5b2684069: start 352514d3-16e8-44e7-9f6c-25a5b2684069@group-F4C19FBCF0D5-FollowerState
2022-03-09 17:23:45,904 [352514d3-16e8-44e7-9f6c-25a5b2684069@group-D5F1EC85B8FD-LeaderStateImpl] WARN  server.RaftServer$Division (LeaderStateImpl.java:checkLeadership(974)) - 352514d3-16e8-44e7-9f6c-25a5b2684069@group-D5F1EC85B8FD-LeaderStateImpl: Lost leadership on term: 4. Election timeout: 5200ms. In charge for: 20849ms. Conf: 0: [8d38cd26-4da6-46a4-aba6-9da1aef73967|rpc:127.0.0.1:43435|dataStream:|priority:0, 352514d3-16e8-44e7-9f6c-25a5b2684069|rpc:127.0.0.1:37197|dataStream:|priority:1, 9cf3ac85-5088-4438-9438-d8e46945dabb|rpc:127.0.0.1:38217|dataStream:|priority:0], old=null
2022-03-09 17:23:45,904 [352514d3-16e8-44e7-9f6c-25a5b2684069@group-D5F1EC85B8FD-LeaderStateImpl] WARN  server.RaftServer$Division (LeaderStateImpl.java:lambda$checkLeadership$15(978)) - Follower 352514d3-16e8-44e7-9f6c-25a5b2684069@group-D5F1EC85B8FD->8d38cd26-4da6-46a4-aba6-9da1aef73967(c0,m0,n1, attendVote=true, lastRpcSendTime=701, lastRpcResponseTime=8232)
2022-03-09 17:23:45,904 [352514d3-16e8-44e7-9f6c-25a5b2684069@group-D5F1EC85B8FD-LeaderStateImpl] WARN  server.RaftServer$Division (LeaderStateImpl.java:lambda$checkLeadership$15(978)) - Follower 352514d3-16e8-44e7-9f6c-25a5b2684069@group-D5F1EC85B8FD->9cf3ac85-5088-4438-9438-d8e46945dabb(c0,m0,n1, attendVote=true, lastRpcSendTime=678, lastRpcResponseTime=8220)
2022-03-09 17:23:45,904 [352514d3-16e8-44e7-9f6c-25a5b2684069@group-D5F1EC85B8FD-LeaderStateImpl] INFO  server.RaftServer$Division (RaftServerImpl.java:setRole(290)) - 352514d3-16e8-44e7-9f6c-25a5b2684069@group-D5F1EC85B8FD: changes role from    LEADER to FOLLOWER at term 4 for StepDownReason:LOST_MAJORITY_HEARTBEATS
2022-03-09 17:23:45,904 [352514d3-16e8-44e7-9f6c-25a5b2684069@group-D5F1EC85B8FD-LeaderStateImpl] INFO  impl.RoleInfo (RoleInfo.java:shutdownLeaderState(91)) - 352514d3-16e8-44e7-9f6c-25a5b2684069: shutdown 352514d3-16e8-44e7-9f6c-25a5b2684069@group-D5F1EC85B8FD-LeaderStateImpl
2022-03-09 17:23:45,911 [352514d3-16e8-44e7-9f6c-25a5b2684069@group-D5F1EC85B8FD-LeaderStateImpl] INFO  impl.PendingRequests (PendingRequests.java:sendNotLeaderResponses(282)) - 352514d3-16e8-44e7-9f6c-25a5b2684069@group-D5F1EC85B8FD-PendingRequests: sendNotLeaderResponses
2022-03-09 17:23:45,911 [352514d3-16e8-44e7-9f6c-25a5b2684069@group-D5F1EC85B8FD-LeaderStateImpl] INFO  impl.RoleInfo (RoleInfo.java:updateAndGet(130)) - 352514d3-16e8-44e7-9f6c-25a5b2684069: start 352514d3-16e8-44e7-9f6c-25a5b2684069@group-D5F1EC85B8FD-FollowerState
2022-03-09 17:23:46,492 [EndpointStateMachine task thread for /127.0.0.1:40365 - 0 ] INFO  ipc.Client (Client.java:handleConnectionFailure(977)) - Retrying connect to server: localhost/127.0.0.1:40365. Already tried 14 time(s); retry policy is RetryUpToMaximumCountWithFixedSleep(maxRetries=15, sleepTime=1000 MILLISECONDS)
2022-03-09 17:23:46,520 [EndpointStateMachine task thread for /127.0.0.1:38239 - 0 ] INFO  ipc.Client (Client.java:handleConnectionFailure(977)) - Retrying connect to server: localhost/127.0.0.1:38239. Already tried 14 time(s); retry policy is RetryUpToMaximumCountWithFixedSleep(maxRetries=15, sleepTime=1000 MILLISECONDS)
2022-03-09 17:23:46,547 [EndpointStateMachine task thread for /127.0.0.1:45657 - 0 ] INFO  ipc.Client (Client.java:handleConnectionFailure(977)) - Retrying connect to server: localhost/127.0.0.1:45657. Already tried 14 time(s); retry policy is RetryUpToMaximumCountWithFixedSleep(maxRetries=15, sleepTime=1000 MILLISECONDS)
2022-03-09 17:23:46,687 [EndpointStateMachine task thread for /127.0.0.1:39101 - 0 ] INFO  ipc.Client (Client.java:handleConnectionFailure(977)) - Retrying connect to server: localhost/127.0.0.1:39101. Already tried 14 time(s); retry policy is RetryUpToMaximumCountWithFixedSleep(maxRetries=15, sleepTime=1000 MILLISECONDS)
2022-03-09 17:23:46,687 [EndpointStateMachine task thread for /127.0.0.1:39101 - 0 ] WARN  statemachine.EndpointStateMachine (EndpointStateMachine.java:logIfNeeded(236)) - Unable to communicate to SCM server at localhost:39101 for past 0 seconds.
java.net.ConnectException: Call From fv-az148-759/10.1.0.51 to localhost:39101 failed on connection exception: java.net.ConnectException: Connection refused; For more details see:  http://wiki.apache.org/hadoop/ConnectionRefused
	at sun.reflect.GeneratedConstructorAccessor42.newInstance(Unknown Source)
	at sun.reflect.DelegatingConstructorAccessorImpl.newInstance(DelegatingConstructorAccessorImpl.java:45)
	at java.lang.reflect.Constructor.newInstance(Constructor.java:423)
	at org.apache.hadoop.net.NetUtils.wrapWithMessage(NetUtils.java:913)
	at org.apache.hadoop.net.NetUtils.wrapException(NetUtils.java:828)
	at org.apache.hadoop.ipc.Client.getRpcResponse(Client.java:1577)
	at org.apache.hadoop.ipc.Client.call(Client.java:1519)
	at org.apache.hadoop.ipc.Client.call(Client.java:1416)
	at org.apache.hadoop.ipc.ProtobufRpcEngine$Invoker.invoke(ProtobufRpcEngine.java:236)
	at org.apache.hadoop.ipc.ProtobufRpcEngine$Invoker.invoke(ProtobufRpcEngine.java:123)
	at com.sun.proxy.$Proxy48.submitRequest(Unknown Source)
	at org.apache.hadoop.ozone.protocolPB.StorageContainerDatanodeProtocolClientSideTranslatorPB.submitRequest(StorageContainerDatanodeProtocolClientSideTranslatorPB.java:117)
	at org.apache.hadoop.ozone.protocolPB.StorageContainerDatanodeProtocolClientSideTranslatorPB.sendHeartbeat(StorageContainerDatanodeProtocolClientSideTranslatorPB.java:149)
	at org.apache.hadoop.ozone.container.common.states.endpoint.HeartbeatEndpointTask.call(HeartbeatEndpointTask.java:180)
	at org.apache.hadoop.ozone.container.common.states.endpoint.HeartbeatEndpointTask.call(HeartbeatEndpointTask.java:83)
	at java.util.concurrent.FutureTask.run(FutureTask.java:266)
	at java.util.concurrent.ThreadPoolExecutor.runWorker(ThreadPoolExecutor.java:1149)
	at java.util.concurrent.ThreadPoolExecutor$Worker.run(ThreadPoolExecutor.java:624)
	at java.lang.Thread.run(Thread.java:750)
Caused by: java.net.ConnectException: Connection refused
	at sun.nio.ch.SocketChannelImpl.checkConnect(Native Method)
	at sun.nio.ch.SocketChannelImpl.finishConnect(SocketChannelImpl.java:716)
	at org.apache.hadoop.net.SocketIOWithTimeout.connect(SocketIOWithTimeout.java:206)
	at org.apache.hadoop.net.NetUtils.connect(NetUtils.java:586)
	at org.apache.hadoop.ipc.Client$Connection.setupConnection(Client.java:701)
	at org.apache.hadoop.ipc.Client$Connection.setupIOstreams(Client.java:822)
	at org.apache.hadoop.ipc.Client$Connection.access$3800(Client.java:414)
	at org.apache.hadoop.ipc.Client.getConnection(Client.java:1647)
	at org.apache.hadoop.ipc.Client.call(Client.java:1463)
	... 12 more
2022-03-09 17:23:46,688 [EndpointStateMachine task thread for /127.0.0.1:33977 - 0 ] INFO  ipc.Client (Client.java:handleConnectionFailure(977)) - Retrying connect to server: localhost/127.0.0.1:33977. Already tried 14 time(s); retry policy is RetryUpToMaximumCountWithFixedSleep(maxRetries=15, sleepTime=1000 MILLISECONDS)
2022-03-09 17:23:46,688 [EndpointStateMachine task thread for /127.0.0.1:33977 - 0 ] WARN  statemachine.EndpointStateMachine (EndpointStateMachine.java:logIfNeeded(236)) - Unable to communicate to SCM server at localhost:33977 for past 0 seconds.
java.net.ConnectException: Call From fv-az148-759/10.1.0.51 to localhost:33977 failed on connection exception: java.net.ConnectException: Connection refused; For more details see:  http://wiki.apache.org/hadoop/ConnectionRefused
	at sun.reflect.GeneratedConstructorAccessor42.newInstance(Unknown Source)
	at sun.reflect.DelegatingConstructorAccessorImpl.newInstance(DelegatingConstructorAccessorImpl.java:45)
	at java.lang.reflect.Constructor.newInstance(Constructor.java:423)
	at org.apache.hadoop.net.NetUtils.wrapWithMessage(NetUtils.java:913)
	at org.apache.hadoop.net.NetUtils.wrapException(NetUtils.java:828)
	at org.apache.hadoop.ipc.Client.getRpcResponse(Client.java:1577)
	at org.apache.hadoop.ipc.Client.call(Client.java:1519)
	at org.apache.hadoop.ipc.Client.call(Client.java:1416)
	at org.apache.hadoop.ipc.ProtobufRpcEngine$Invoker.invoke(ProtobufRpcEngine.java:236)
	at org.apache.hadoop.ipc.ProtobufRpcEngine$Invoker.invoke(ProtobufRpcEngine.java:123)
	at com.sun.proxy.$Proxy48.submitRequest(Unknown Source)
	at org.apache.hadoop.ozone.protocolPB.StorageContainerDatanodeProtocolClientSideTranslatorPB.submitRequest(StorageContainerDatanodeProtocolClientSideTranslatorPB.java:117)
	at org.apache.hadoop.ozone.protocolPB.StorageContainerDatanodeProtocolClientSideTranslatorPB.sendHeartbeat(StorageContainerDatanodeProtocolClientSideTranslatorPB.java:149)
	at org.apache.hadoop.ozone.container.common.states.endpoint.HeartbeatEndpointTask.call(HeartbeatEndpointTask.java:180)
	at org.apache.hadoop.ozone.container.common.states.endpoint.HeartbeatEndpointTask.call(HeartbeatEndpointTask.java:83)
	at java.util.concurrent.FutureTask.run(FutureTask.java:266)
	at java.util.concurrent.ThreadPoolExecutor.runWorker(ThreadPoolExecutor.java:1149)
	at java.util.concurrent.ThreadPoolExecutor$Worker.run(ThreadPoolExecutor.java:624)
	at java.lang.Thread.run(Thread.java:750)
Caused by: java.net.ConnectException: Connection refused
	at sun.nio.ch.SocketChannelImpl.checkConnect(Native Method)
	at sun.nio.ch.SocketChannelImpl.finishConnect(SocketChannelImpl.java:716)
	at org.apache.hadoop.net.SocketIOWithTimeout.connect(SocketIOWithTimeout.java:206)
	at org.apache.hadoop.net.NetUtils.connect(NetUtils.java:586)
	at org.apache.hadoop.ipc.Client$Connection.setupConnection(Client.java:701)
	at org.apache.hadoop.ipc.Client$Connection.setupIOstreams(Client.java:822)
	at org.apache.hadoop.ipc.Client$Connection.access$3800(Client.java:414)
	at org.apache.hadoop.ipc.Client.getConnection(Client.java:1647)
	at org.apache.hadoop.ipc.Client.call(Client.java:1463)
	... 12 more
2022-03-09 17:23:46,689 [EndpointStateMachine task thread for /127.0.0.1:34459 - 0 ] INFO  ipc.Client (Client.java:handleConnectionFailure(977)) - Retrying connect to server: localhost/127.0.0.1:34459. Already tried 14 time(s); retry policy is RetryUpToMaximumCountWithFixedSleep(maxRetries=15, sleepTime=1000 MILLISECONDS)
2022-03-09 17:23:46,689 [EndpointStateMachine task thread for /127.0.0.1:34459 - 0 ] WARN  statemachine.EndpointStateMachine (EndpointStateMachine.java:logIfNeeded(236)) - Unable to communicate to SCM server at localhost:34459 for past 0 seconds.
java.net.ConnectException: Call From fv-az148-759/10.1.0.51 to localhost:34459 failed on connection exception: java.net.ConnectException: Connection refused; For more details see:  http://wiki.apache.org/hadoop/ConnectionRefused
	at sun.reflect.GeneratedConstructorAccessor42.newInstance(Unknown Source)
	at sun.reflect.DelegatingConstructorAccessorImpl.newInstance(DelegatingConstructorAccessorImpl.java:45)
	at java.lang.reflect.Constructor.newInstance(Constructor.java:423)
	at org.apache.hadoop.net.NetUtils.wrapWithMessage(NetUtils.java:913)
	at org.apache.hadoop.net.NetUtils.wrapException(NetUtils.java:828)
	at org.apache.hadoop.ipc.Client.getRpcResponse(Client.java:1577)
	at org.apache.hadoop.ipc.Client.call(Client.java:1519)
	at org.apache.hadoop.ipc.Client.call(Client.java:1416)
	at org.apache.hadoop.ipc.ProtobufRpcEngine$Invoker.invoke(ProtobufRpcEngine.java:236)
	at org.apache.hadoop.ipc.ProtobufRpcEngine$Invoker.invoke(ProtobufRpcEngine.java:123)
	at com.sun.proxy.$Proxy48.submitRequest(Unknown Source)
	at org.apache.hadoop.ozone.protocolPB.StorageContainerDatanodeProtocolClientSideTranslatorPB.submitRequest(StorageContainerDatanodeProtocolClientSideTranslatorPB.java:117)
	at org.apache.hadoop.ozone.protocolPB.StorageContainerDatanodeProtocolClientSideTranslatorPB.sendHeartbeat(StorageContainerDatanodeProtocolClientSideTranslatorPB.java:149)
	at org.apache.hadoop.ozone.container.common.states.endpoint.HeartbeatEndpointTask.call(HeartbeatEndpointTask.java:180)
	at org.apache.hadoop.ozone.container.common.states.endpoint.HeartbeatEndpointTask.call(HeartbeatEndpointTask.java:83)
	at java.util.concurrent.FutureTask.run(FutureTask.java:266)
	at java.util.concurrent.ThreadPoolExecutor.runWorker(ThreadPoolExecutor.java:1149)
	at java.util.concurrent.ThreadPoolExecutor$Worker.run(ThreadPoolExecutor.java:624)
	at java.lang.Thread.run(Thread.java:750)
Caused by: java.net.ConnectException: Connection refused
	at sun.nio.ch.SocketChannelImpl.checkConnect(Native Method)
	at sun.nio.ch.SocketChannelImpl.finishConnect(SocketChannelImpl.java:716)
	at org.apache.hadoop.net.SocketIOWithTimeout.connect(SocketIOWithTimeout.java:206)
	at org.apache.hadoop.net.NetUtils.connect(NetUtils.java:586)
	at org.apache.hadoop.ipc.Client$Connection.setupConnection(Client.java:701)
	at org.apache.hadoop.ipc.Client$Connection.setupIOstreams(Client.java:822)
	at org.apache.hadoop.ipc.Client$Connection.access$3800(Client.java:414)
	at org.apache.hadoop.ipc.Client.getConnection(Client.java:1647)
	at org.apache.hadoop.ipc.Client.call(Client.java:1463)
	... 12 more
2022-03-09 17:23:47,494 [EndpointStateMachine task thread for /127.0.0.1:40365 - 0 ] INFO  ipc.Client (Client.java:handleConnectionFailure(977)) - Retrying connect to server: localhost/127.0.0.1:40365. Already tried 0 time(s); retry policy is RetryUpToMaximumCountWithFixedSleep(maxRetries=15, sleepTime=1000 MILLISECONDS)
2022-03-09 17:23:47,521 [EndpointStateMachine task thread for /127.0.0.1:38239 - 0 ] INFO  ipc.Client (Client.java:handleConnectionFailure(977)) - Retrying connect to server: localhost/127.0.0.1:38239. Already tried 0 time(s); retry policy is RetryUpToMaximumCountWithFixedSleep(maxRetries=15, sleepTime=1000 MILLISECONDS)
2022-03-09 17:23:47,548 [EndpointStateMachine task thread for /127.0.0.1:45657 - 0 ] INFO  ipc.Client (Client.java:handleConnectionFailure(977)) - Retrying connect to server: localhost/127.0.0.1:45657. Already tried 0 time(s); retry policy is RetryUpToMaximumCountWithFixedSleep(maxRetries=15, sleepTime=1000 MILLISECONDS)
2022-03-09 17:23:47,688 [EndpointStateMachine task thread for /127.0.0.1:39101 - 0 ] INFO  ipc.Client (Client.java:handleConnectionFailure(977)) - Retrying connect to server: localhost/127.0.0.1:39101. Already tried 0 time(s); retry policy is RetryUpToMaximumCountWithFixedSleep(maxRetries=15, sleepTime=1000 MILLISECONDS)
2022-03-09 17:23:47,689 [EndpointStateMachine task thread for /127.0.0.1:33977 - 0 ] INFO  ipc.Client (Client.java:handleConnectionFailure(977)) - Retrying connect to server: localhost/127.0.0.1:33977. Already tried 0 time(s); retry policy is RetryUpToMaximumCountWithFixedSleep(maxRetries=15, sleepTime=1000 MILLISECONDS)
2022-03-09 17:23:47,689 [EndpointStateMachine task thread for /127.0.0.1:34459 - 0 ] INFO  ipc.Client (Client.java:handleConnectionFailure(977)) - Retrying connect to server: localhost/127.0.0.1:34459. Already tried 0 time(s); retry policy is RetryUpToMaximumCountWithFixedSleep(maxRetries=15, sleepTime=1000 MILLISECONDS)
2022-03-09 17:23:48,281 [Listener at 127.0.0.1/45999] INFO  ozoneimpl.OzoneContainer (OzoneContainer.java:stop(356)) - Attempting to stop container services.
2022-03-09 17:23:48,282 [Listener at 127.0.0.1/45999] INFO  server.RaftServer (RaftServerProxy.java:lambda$close$6(391)) - 352514d3-16e8-44e7-9f6c-25a5b2684069: close
2022-03-09 17:23:48,295 [Listener at 127.0.0.1/45999] INFO  server.RaftServer$Division (RaftServerImpl.java:lambda$close$4(412)) - 352514d3-16e8-44e7-9f6c-25a5b2684069@group-F4C19FBCF0D5: shutdown
2022-03-09 17:23:48,295 [Listener at 127.0.0.1/45999] INFO  util.JmxRegister (JmxRegister.java:unregister(73)) - Successfully un-registered JMX Bean with object name Ratis:service=RaftServer,group=group-F4C19FBCF0D5,id=352514d3-16e8-44e7-9f6c-25a5b2684069
2022-03-09 17:23:48,295 [Listener at 127.0.0.1/45999] INFO  impl.RoleInfo (RoleInfo.java:shutdownFollowerState(108)) - 352514d3-16e8-44e7-9f6c-25a5b2684069: shutdown 352514d3-16e8-44e7-9f6c-25a5b2684069@group-F4C19FBCF0D5-FollowerState
2022-03-09 17:23:48,295 [Listener at 127.0.0.1/45999] INFO  impl.StateMachineUpdater (StateMachineUpdater.java:stopAndJoin(149)) - 352514d3-16e8-44e7-9f6c-25a5b2684069@group-F4C19FBCF0D5-StateMachineUpdater: set stopIndex = 0
2022-03-09 17:23:48,295 [352514d3-16e8-44e7-9f6c-25a5b2684069@group-F4C19FBCF0D5-FollowerState] INFO  impl.FollowerState (FollowerState.java:run(143)) - 352514d3-16e8-44e7-9f6c-25a5b2684069@group-F4C19FBCF0D5-FollowerState was interrupted: {}
java.lang.InterruptedException: sleep interrupted
	at java.lang.Thread.sleep(Native Method)
	at java.lang.Thread.sleep(Thread.java:342)
	at java.util.concurrent.TimeUnit.sleep(TimeUnit.java:386)
	at org.apache.ratis.util.TimeDuration.sleep(TimeDuration.java:324)
	at org.apache.ratis.util.TimeDuration.sleep(TimeDuration.java:309)
	at org.apache.ratis.server.impl.FollowerState.run(FollowerState.java:118)
2022-03-09 17:23:48,299 [352514d3-16e8-44e7-9f6c-25a5b2684069@group-F4C19FBCF0D5-StateMachineUpdater] INFO  ratis.ContainerStateMachine (ContainerStateMachine.java:takeSnapshot(304)) - group-F4C19FBCF0D5: Taking a snapshot at:(t:5, i:0) file /home/runner/work/ozone/ozone/hadoop-ozone/integration-test/target/test-dir/MiniOzoneClusterImpl-aa50db73-d356-40d6-b3b5-5343d3a56795/datanode-2/data/ratis/b8001ebf-700b-4a5f-a6f5-f4c19fbcf0d5/sm/snapshot.5_0
2022-03-09 17:23:48,300 [352514d3-16e8-44e7-9f6c-25a5b2684069@group-F4C19FBCF0D5-StateMachineUpdater] INFO  ratis.ContainerStateMachine (ContainerStateMachine.java:takeSnapshot(315)) - group-F4C19FBCF0D5: Finished taking a snapshot at:(t:5, i:0) file:/home/runner/work/ozone/ozone/hadoop-ozone/integration-test/target/test-dir/MiniOzoneClusterImpl-aa50db73-d356-40d6-b3b5-5343d3a56795/datanode-2/data/ratis/b8001ebf-700b-4a5f-a6f5-f4c19fbcf0d5/sm/snapshot.5_0 took: 5 ms
2022-03-09 17:23:48,300 [352514d3-16e8-44e7-9f6c-25a5b2684069@group-F4C19FBCF0D5-StateMachineUpdater] INFO  impl.StateMachineUpdater (StateMachineUpdater.java:takeSnapshot(281)) - 352514d3-16e8-44e7-9f6c-25a5b2684069@group-F4C19FBCF0D5-StateMachineUpdater: Took a snapshot at index 0
2022-03-09 17:23:48,300 [352514d3-16e8-44e7-9f6c-25a5b2684069@group-F4C19FBCF0D5-StateMachineUpdater] INFO  impl.StateMachineUpdater (StateMachineUpdater.java:lambda$new$0(89)) - 352514d3-16e8-44e7-9f6c-25a5b2684069@group-F4C19FBCF0D5-StateMachineUpdater: snapshotIndex: updateIncreasingly -1 -> 0
2022-03-09 17:23:48,301 [Listener at 127.0.0.1/45999] INFO  server.RaftServer$Division (ServerState.java:close(419)) - 352514d3-16e8-44e7-9f6c-25a5b2684069@group-F4C19FBCF0D5: closes. applyIndex: 0
2022-03-09 17:23:48,301 [ForkJoinPool.commonPool-worker-0] INFO  server.RaftServer$Division (RaftServerImpl.java:lambda$close$4(412)) - 352514d3-16e8-44e7-9f6c-25a5b2684069@group-D5F1EC85B8FD: shutdown
2022-03-09 17:23:48,301 [ForkJoinPool.commonPool-worker-0] INFO  util.JmxRegister (JmxRegister.java:unregister(73)) - Successfully un-registered JMX Bean with object name Ratis:service=RaftServer,group=group-D5F1EC85B8FD,id=352514d3-16e8-44e7-9f6c-25a5b2684069
2022-03-09 17:23:48,301 [ForkJoinPool.commonPool-worker-0] INFO  impl.RoleInfo (RoleInfo.java:shutdownFollowerState(108)) - 352514d3-16e8-44e7-9f6c-25a5b2684069: shutdown 352514d3-16e8-44e7-9f6c-25a5b2684069@group-D5F1EC85B8FD-FollowerState
2022-03-09 17:23:48,301 [ForkJoinPool.commonPool-worker-0] INFO  impl.StateMachineUpdater (StateMachineUpdater.java:stopAndJoin(149)) - 352514d3-16e8-44e7-9f6c-25a5b2684069@group-D5F1EC85B8FD-StateMachineUpdater: set stopIndex = 0
2022-03-09 17:23:48,301 [352514d3-16e8-44e7-9f6c-25a5b2684069@group-D5F1EC85B8FD-FollowerState] INFO  impl.FollowerState (FollowerState.java:run(143)) - 352514d3-16e8-44e7-9f6c-25a5b2684069@group-D5F1EC85B8FD-FollowerState was interrupted: {}
java.lang.InterruptedException: sleep interrupted
	at java.lang.Thread.sleep(Native Method)
	at java.lang.Thread.sleep(Thread.java:342)
	at java.util.concurrent.TimeUnit.sleep(TimeUnit.java:386)
	at org.apache.ratis.util.TimeDuration.sleep(TimeDuration.java:324)
	at org.apache.ratis.util.TimeDuration.sleep(TimeDuration.java:309)
	at org.apache.ratis.server.impl.FollowerState.run(FollowerState.java:118)
2022-03-09 17:23:48,302 [352514d3-16e8-44e7-9f6c-25a5b2684069@group-D5F1EC85B8FD-StateMachineUpdater] INFO  ratis.ContainerStateMachine (ContainerStateMachine.java:takeSnapshot(304)) - group-D5F1EC85B8FD: Taking a snapshot at:(t:4, i:0) file /home/runner/work/ozone/ozone/hadoop-ozone/integration-test/target/test-dir/MiniOzoneClusterImpl-aa50db73-d356-40d6-b3b5-5343d3a56795/datanode-2/data/ratis/23521788-aeaa-40a3-9537-d5f1ec85b8fd/sm/snapshot.4_0
2022-03-09 17:23:48,319 [352514d3-16e8-44e7-9f6c-25a5b2684069@group-D5F1EC85B8FD-StateMachineUpdater] INFO  ratis.ContainerStateMachine (ContainerStateMachine.java:takeSnapshot(315)) - group-D5F1EC85B8FD: Finished taking a snapshot at:(t:4, i:0) file:/home/runner/work/ozone/ozone/hadoop-ozone/integration-test/target/test-dir/MiniOzoneClusterImpl-aa50db73-d356-40d6-b3b5-5343d3a56795/datanode-2/data/ratis/23521788-aeaa-40a3-9537-d5f1ec85b8fd/sm/snapshot.4_0 took: 17 ms
2022-03-09 17:23:48,319 [352514d3-16e8-44e7-9f6c-25a5b2684069@group-D5F1EC85B8FD-StateMachineUpdater] INFO  impl.StateMachineUpdater (StateMachineUpdater.java:takeSnapshot(281)) - 352514d3-16e8-44e7-9f6c-25a5b2684069@group-D5F1EC85B8FD-StateMachineUpdater: Took a snapshot at index 0
2022-03-09 17:23:48,319 [352514d3-16e8-44e7-9f6c-25a5b2684069@group-D5F1EC85B8FD-StateMachineUpdater] INFO  impl.StateMachineUpdater (StateMachineUpdater.java:lambda$new$0(89)) - 352514d3-16e8-44e7-9f6c-25a5b2684069@group-D5F1EC85B8FD-StateMachineUpdater: snapshotIndex: updateIncreasingly -1 -> 0
2022-03-09 17:23:48,319 [ForkJoinPool.commonPool-worker-0] INFO  server.RaftServer$Division (ServerState.java:close(419)) - 352514d3-16e8-44e7-9f6c-25a5b2684069@group-D5F1EC85B8FD: closes. applyIndex: 0
2022-03-09 17:23:48,320 [352514d3-16e8-44e7-9f6c-25a5b2684069@group-D5F1EC85B8FD-SegmentedRaftLogWorker] INFO  segmented.SegmentedRaftLogWorker (SegmentedRaftLogWorker.java:run(327)) - 352514d3-16e8-44e7-9f6c-25a5b2684069@group-D5F1EC85B8FD-SegmentedRaftLogWorker was interrupted, exiting. There are 0 tasks remaining in the queue.
2022-03-09 17:23:48,320 [ForkJoinPool.commonPool-worker-0] INFO  segmented.SegmentedRaftLogWorker (SegmentedRaftLogWorker.java:close(237)) - 352514d3-16e8-44e7-9f6c-25a5b2684069@group-D5F1EC85B8FD-SegmentedRaftLogWorker close()
2022-03-09 17:23:48,320 [ForkJoinPool.commonPool-worker-0] INFO  server.RaftServer$Division (RaftServerImpl.java:lambda$close$4(412)) - 352514d3-16e8-44e7-9f6c-25a5b2684069@group-91A0848E2091: shutdown
2022-03-09 17:23:48,320 [ForkJoinPool.commonPool-worker-0] INFO  util.JmxRegister (JmxRegister.java:unregister(73)) - Successfully un-registered JMX Bean with object name Ratis:service=RaftServer,group=group-91A0848E2091,id=352514d3-16e8-44e7-9f6c-25a5b2684069
2022-03-09 17:23:48,320 [ForkJoinPool.commonPool-worker-0] INFO  impl.RoleInfo (RoleInfo.java:shutdownLeaderState(91)) - 352514d3-16e8-44e7-9f6c-25a5b2684069: shutdown 352514d3-16e8-44e7-9f6c-25a5b2684069@group-91A0848E2091-LeaderStateImpl
2022-03-09 17:23:48,320 [ForkJoinPool.commonPool-worker-0] INFO  impl.PendingRequests (PendingRequests.java:sendNotLeaderResponses(282)) - 352514d3-16e8-44e7-9f6c-25a5b2684069@group-91A0848E2091-PendingRequests: sendNotLeaderResponses
2022-03-09 17:23:48,320 [ForkJoinPool.commonPool-worker-0] INFO  impl.StateMachineUpdater (StateMachineUpdater.java:stopAndJoin(149)) - 352514d3-16e8-44e7-9f6c-25a5b2684069@group-91A0848E2091-StateMachineUpdater: set stopIndex = 0
2022-03-09 17:23:48,321 [352514d3-16e8-44e7-9f6c-25a5b2684069@group-91A0848E2091-StateMachineUpdater] INFO  ratis.ContainerStateMachine (ContainerStateMachine.java:takeSnapshot(304)) - group-91A0848E2091: Taking a snapshot at:(t:1, i:0) file /home/runner/work/ozone/ozone/hadoop-ozone/integration-test/target/test-dir/MiniOzoneClusterImpl-aa50db73-d356-40d6-b3b5-5343d3a56795/datanode-2/data/ratis/f616d121-2706-4163-8920-91a0848e2091/sm/snapshot.1_0
2022-03-09 17:23:48,321 [352514d3-16e8-44e7-9f6c-25a5b2684069@group-F4C19FBCF0D5-SegmentedRaftLogWorker] INFO  segmented.SegmentedRaftLogWorker (SegmentedRaftLogWorker.java:run(327)) - 352514d3-16e8-44e7-9f6c-25a5b2684069@group-F4C19FBCF0D5-SegmentedRaftLogWorker was interrupted, exiting. There are 0 tasks remaining in the queue.
2022-03-09 17:23:48,321 [Listener at 127.0.0.1/45999] INFO  segmented.SegmentedRaftLogWorker (SegmentedRaftLogWorker.java:close(237)) - 352514d3-16e8-44e7-9f6c-25a5b2684069@group-F4C19FBCF0D5-SegmentedRaftLogWorker close()
2022-03-09 17:23:48,322 [352514d3-16e8-44e7-9f6c-25a5b2684069@group-91A0848E2091-StateMachineUpdater] INFO  ratis.ContainerStateMachine (ContainerStateMachine.java:takeSnapshot(315)) - group-91A0848E2091: Finished taking a snapshot at:(t:1, i:0) file:/home/runner/work/ozone/ozone/hadoop-ozone/integration-test/target/test-dir/MiniOzoneClusterImpl-aa50db73-d356-40d6-b3b5-5343d3a56795/datanode-2/data/ratis/f616d121-2706-4163-8920-91a0848e2091/sm/snapshot.1_0 took: 1 ms
2022-03-09 17:23:48,322 [352514d3-16e8-44e7-9f6c-25a5b2684069@group-91A0848E2091-StateMachineUpdater] INFO  impl.StateMachineUpdater (StateMachineUpdater.java:takeSnapshot(281)) - 352514d3-16e8-44e7-9f6c-25a5b2684069@group-91A0848E2091-StateMachineUpdater: Took a snapshot at index 0
2022-03-09 17:23:48,322 [352514d3-16e8-44e7-9f6c-25a5b2684069@group-91A0848E2091-StateMachineUpdater] INFO  impl.StateMachineUpdater (StateMachineUpdater.java:lambda$new$0(89)) - 352514d3-16e8-44e7-9f6c-25a5b2684069@group-91A0848E2091-StateMachineUpdater: snapshotIndex: updateIncreasingly -1 -> 0
2022-03-09 17:23:48,322 [ForkJoinPool.commonPool-worker-0] INFO  server.RaftServer$Division (ServerState.java:close(419)) - 352514d3-16e8-44e7-9f6c-25a5b2684069@group-91A0848E2091: closes. applyIndex: 0
2022-03-09 17:23:48,322 [352514d3-16e8-44e7-9f6c-25a5b2684069@group-91A0848E2091-SegmentedRaftLogWorker] INFO  segmented.SegmentedRaftLogWorker (SegmentedRaftLogWorker.java:run(327)) - 352514d3-16e8-44e7-9f6c-25a5b2684069@group-91A0848E2091-SegmentedRaftLogWorker was interrupted, exiting. There are 0 tasks remaining in the queue.
2022-03-09 17:23:48,322 [ForkJoinPool.commonPool-worker-0] INFO  segmented.SegmentedRaftLogWorker (SegmentedRaftLogWorker.java:close(237)) - 352514d3-16e8-44e7-9f6c-25a5b2684069@group-91A0848E2091-SegmentedRaftLogWorker close()
2022-03-09 17:23:48,323 [Listener at 127.0.0.1/45999] INFO  server.GrpcService (GrpcService.java:closeImpl(262)) - 352514d3-16e8-44e7-9f6c-25a5b2684069: shutdown server with port 37197 now
2022-03-09 17:23:48,326 [Listener at 127.0.0.1/45999] INFO  server.GrpcService (GrpcService.java:closeImpl(271)) - 352514d3-16e8-44e7-9f6c-25a5b2684069: shutdown server with port 37197 successfully
2022-03-09 17:23:48,326 [org.apache.ratis.util.JvmPauseMonitor$$Lambda$503/957387062@3a7da79] INFO  util.JvmPauseMonitor (JvmPauseMonitor.java:run(109)) - JvmPauseMonitor-352514d3-16e8-44e7-9f6c-25a5b2684069: Stopped
2022-03-09 17:23:48,494 [EndpointStateMachine task thread for /127.0.0.1:40365 - 0 ] INFO  ipc.Client (Client.java:handleConnectionFailure(977)) - Retrying connect to server: localhost/127.0.0.1:40365. Already tried 1 time(s); retry policy is RetryUpToMaximumCountWithFixedSleep(maxRetries=15, sleepTime=1000 MILLISECONDS)
2022-03-09 17:23:48,521 [EndpointStateMachine task thread for /127.0.0.1:38239 - 0 ] INFO  ipc.Client (Client.java:handleConnectionFailure(977)) - Retrying connect to server: localhost/127.0.0.1:38239. Already tried 1 time(s); retry policy is RetryUpToMaximumCountWithFixedSleep(maxRetries=15, sleepTime=1000 MILLISECONDS)
2022-03-09 17:23:48,549 [EndpointStateMachine task thread for /127.0.0.1:45657 - 0 ] INFO  ipc.Client (Client.java:handleConnectionFailure(977)) - Retrying connect to server: localhost/127.0.0.1:45657. Already tried 1 time(s); retry policy is RetryUpToMaximumCountWithFixedSleep(maxRetries=15, sleepTime=1000 MILLISECONDS)
2022-03-09 17:23:48,688 [EndpointStateMachine task thread for /127.0.0.1:39101 - 0 ] INFO  ipc.Client (Client.java:handleConnectionFailure(977)) - Retrying connect to server: localhost/127.0.0.1:39101. Already tried 1 time(s); retry policy is RetryUpToMaximumCountWithFixedSleep(maxRetries=15, sleepTime=1000 MILLISECONDS)
2022-03-09 17:23:48,689 [EndpointStateMachine task thread for /127.0.0.1:34459 - 0 ] INFO  ipc.Client (Client.java:handleConnectionFailure(977)) - Retrying connect to server: localhost/127.0.0.1:34459. Already tried 1 time(s); retry policy is RetryUpToMaximumCountWithFixedSleep(maxRetries=15, sleepTime=1000 MILLISECONDS)
2022-03-09 17:23:48,691 [EndpointStateMachine task thread for /127.0.0.1:33977 - 0 ] INFO  ipc.Client (Client.java:handleConnectionFailure(977)) - Retrying connect to server: localhost/127.0.0.1:33977. Already tried 1 time(s); retry policy is RetryUpToMaximumCountWithFixedSleep(maxRetries=15, sleepTime=1000 MILLISECONDS)
2022-03-09 17:23:49,494 [EndpointStateMachine task thread for /127.0.0.1:40365 - 0 ] INFO  ipc.Client (Client.java:handleConnectionFailure(977)) - Retrying connect to server: localhost/127.0.0.1:40365. Already tried 2 time(s); retry policy is RetryUpToMaximumCountWithFixedSleep(maxRetries=15, sleepTime=1000 MILLISECONDS)
2022-03-09 17:23:49,522 [EndpointStateMachine task thread for /127.0.0.1:38239 - 0 ] INFO  ipc.Client (Client.java:handleConnectionFailure(977)) - Retrying connect to server: localhost/127.0.0.1:38239. Already tried 2 time(s); retry policy is RetryUpToMaximumCountWithFixedSleep(maxRetries=15, sleepTime=1000 MILLISECONDS)
2022-03-09 17:23:49,549 [EndpointStateMachine task thread for /127.0.0.1:45657 - 0 ] INFO  ipc.Client (Client.java:handleConnectionFailure(977)) - Retrying connect to server: localhost/127.0.0.1:45657. Already tried 2 time(s); retry policy is RetryUpToMaximumCountWithFixedSleep(maxRetries=15, sleepTime=1000 MILLISECONDS)
2022-03-09 17:23:49,690 [EndpointStateMachine task thread for /127.0.0.1:34459 - 0 ] INFO  ipc.Client (Client.java:handleConnectionFailure(977)) - Retrying connect to server: localhost/127.0.0.1:34459. Already tried 2 time(s); retry policy is RetryUpToMaximumCountWithFixedSleep(maxRetries=15, sleepTime=1000 MILLISECONDS)
2022-03-09 17:23:49,690 [EndpointStateMachine task thread for /127.0.0.1:39101 - 0 ] INFO  ipc.Client (Client.java:handleConnectionFailure(977)) - Retrying connect to server: localhost/127.0.0.1:39101. Already tried 2 time(s); retry policy is RetryUpToMaximumCountWithFixedSleep(maxRetries=15, sleepTime=1000 MILLISECONDS)
2022-03-09 17:23:49,691 [EndpointStateMachine task thread for /127.0.0.1:33977 - 0 ] INFO  ipc.Client (Client.java:handleConnectionFailure(977)) - Retrying connect to server: localhost/127.0.0.1:33977. Already tried 2 time(s); retry policy is RetryUpToMaximumCountWithFixedSleep(maxRetries=15, sleepTime=1000 MILLISECONDS)
2022-03-09 17:23:50,334 [Listener at 127.0.0.1/45999] INFO  utils.BackgroundService (BackgroundService.java:shutdown(132)) - Shutting down service BlockDeletingService
2022-03-09 17:23:50,495 [EndpointStateMachine task thread for /127.0.0.1:40365 - 0 ] INFO  ipc.Client (Client.java:handleConnectionFailure(977)) - Retrying connect to server: localhost/127.0.0.1:40365. Already tried 3 time(s); retry policy is RetryUpToMaximumCountWithFixedSleep(maxRetries=15, sleepTime=1000 MILLISECONDS)
2022-03-09 17:23:50,522 [EndpointStateMachine task thread for /127.0.0.1:38239 - 0 ] INFO  ipc.Client (Client.java:handleConnectionFailure(977)) - Retrying connect to server: localhost/127.0.0.1:38239. Already tried 3 time(s); retry policy is RetryUpToMaximumCountWithFixedSleep(maxRetries=15, sleepTime=1000 MILLISECONDS)
2022-03-09 17:23:50,549 [EndpointStateMachine task thread for /127.0.0.1:45657 - 0 ] INFO  ipc.Client (Client.java:handleConnectionFailure(977)) - Retrying connect to server: localhost/127.0.0.1:45657. Already tried 3 time(s); retry policy is RetryUpToMaximumCountWithFixedSleep(maxRetries=15, sleepTime=1000 MILLISECONDS)
2022-03-09 17:23:50,690 [EndpointStateMachine task thread for /127.0.0.1:34459 - 0 ] INFO  ipc.Client (Client.java:handleConnectionFailure(977)) - Retrying connect to server: localhost/127.0.0.1:34459. Already tried 3 time(s); retry policy is RetryUpToMaximumCountWithFixedSleep(maxRetries=15, sleepTime=1000 MILLISECONDS)
2022-03-09 17:23:50,691 [EndpointStateMachine task thread for /127.0.0.1:39101 - 0 ] INFO  ipc.Client (Client.java:handleConnectionFailure(977)) - Retrying connect to server: localhost/127.0.0.1:39101. Already tried 3 time(s); retry policy is RetryUpToMaximumCountWithFixedSleep(maxRetries=15, sleepTime=1000 MILLISECONDS)
2022-03-09 17:23:50,691 [EndpointStateMachine task thread for /127.0.0.1:33977 - 0 ] INFO  ipc.Client (Client.java:handleConnectionFailure(977)) - Retrying connect to server: localhost/127.0.0.1:33977. Already tried 3 time(s); retry policy is RetryUpToMaximumCountWithFixedSleep(maxRetries=15, sleepTime=1000 MILLISECONDS)
2022-03-09 17:23:51,499 [EndpointStateMachine task thread for /127.0.0.1:40365 - 0 ] INFO  ipc.Client (Client.java:handleConnectionFailure(977)) - Retrying connect to server: localhost/127.0.0.1:40365. Already tried 4 time(s); retry policy is RetryUpToMaximumCountWithFixedSleep(maxRetries=15, sleepTime=1000 MILLISECONDS)
2022-03-09 17:23:51,522 [EndpointStateMachine task thread for /127.0.0.1:38239 - 0 ] INFO  ipc.Client (Client.java:handleConnectionFailure(977)) - Retrying connect to server: localhost/127.0.0.1:38239. Already tried 4 time(s); retry policy is RetryUpToMaximumCountWithFixedSleep(maxRetries=15, sleepTime=1000 MILLISECONDS)
2022-03-09 17:23:51,550 [EndpointStateMachine task thread for /127.0.0.1:45657 - 0 ] INFO  ipc.Client (Client.java:handleConnectionFailure(977)) - Retrying connect to server: localhost/127.0.0.1:45657. Already tried 4 time(s); retry policy is RetryUpToMaximumCountWithFixedSleep(maxRetries=15, sleepTime=1000 MILLISECONDS)
2022-03-09 17:23:51,691 [EndpointStateMachine task thread for /127.0.0.1:34459 - 0 ] INFO  ipc.Client (Client.java:handleConnectionFailure(977)) - Retrying connect to server: localhost/127.0.0.1:34459. Already tried 4 time(s); retry policy is RetryUpToMaximumCountWithFixedSleep(maxRetries=15, sleepTime=1000 MILLISECONDS)
2022-03-09 17:23:51,691 [EndpointStateMachine task thread for /127.0.0.1:39101 - 0 ] INFO  ipc.Client (Client.java:handleConnectionFailure(977)) - Retrying connect to server: localhost/127.0.0.1:39101. Already tried 4 time(s); retry policy is RetryUpToMaximumCountWithFixedSleep(maxRetries=15, sleepTime=1000 MILLISECONDS)
2022-03-09 17:23:51,692 [EndpointStateMachine task thread for /127.0.0.1:33977 - 0 ] INFO  ipc.Client (Client.java:handleConnectionFailure(977)) - Retrying connect to server: localhost/127.0.0.1:33977. Already tried 4 time(s); retry policy is RetryUpToMaximumCountWithFixedSleep(maxRetries=15, sleepTime=1000 MILLISECONDS)
2022-03-09 17:23:52,499 [EndpointStateMachine task thread for /127.0.0.1:40365 - 0 ] INFO  ipc.Client (Client.java:handleConnectionFailure(977)) - Retrying connect to server: localhost/127.0.0.1:40365. Already tried 5 time(s); retry policy is RetryUpToMaximumCountWithFixedSleep(maxRetries=15, sleepTime=1000 MILLISECONDS)
2022-03-09 17:23:52,523 [EndpointStateMachine task thread for /127.0.0.1:38239 - 0 ] INFO  ipc.Client (Client.java:handleConnectionFailure(977)) - Retrying connect to server: localhost/127.0.0.1:38239. Already tried 5 time(s); retry policy is RetryUpToMaximumCountWithFixedSleep(maxRetries=15, sleepTime=1000 MILLISECONDS)
2022-03-09 17:23:52,550 [EndpointStateMachine task thread for /127.0.0.1:45657 - 0 ] INFO  ipc.Client (Client.java:handleConnectionFailure(977)) - Retrying connect to server: localhost/127.0.0.1:45657. Already tried 5 time(s); retry policy is RetryUpToMaximumCountWithFixedSleep(maxRetries=15, sleepTime=1000 MILLISECONDS)
2022-03-09 17:23:52,691 [EndpointStateMachine task thread for /127.0.0.1:34459 - 0 ] INFO  ipc.Client (Client.java:handleConnectionFailure(977)) - Retrying connect to server: localhost/127.0.0.1:34459. Already tried 5 time(s); retry policy is RetryUpToMaximumCountWithFixedSleep(maxRetries=15, sleepTime=1000 MILLISECONDS)
2022-03-09 17:23:52,691 [EndpointStateMachine task thread for /127.0.0.1:39101 - 0 ] INFO  ipc.Client (Client.java:handleConnectionFailure(977)) - Retrying connect to server: localhost/127.0.0.1:39101. Already tried 5 time(s); retry policy is RetryUpToMaximumCountWithFixedSleep(maxRetries=15, sleepTime=1000 MILLISECONDS)
2022-03-09 17:23:52,692 [EndpointStateMachine task thread for /127.0.0.1:33977 - 0 ] INFO  ipc.Client (Client.java:handleConnectionFailure(977)) - Retrying connect to server: localhost/127.0.0.1:33977. Already tried 5 time(s); retry policy is RetryUpToMaximumCountWithFixedSleep(maxRetries=15, sleepTime=1000 MILLISECONDS)
2022-03-09 17:23:53,351 [Listener at 127.0.0.1/45999] INFO  statemachine.DatanodeStateMachine (DatanodeStateMachine.java:stopDaemon(529)) - Ozone container server stopped.
2022-03-09 17:23:53,352 [Listener at 127.0.0.1/45999] INFO  handler.ContextHandler (ContextHandler.java:doStop(1153)) - Stopped o.e.j.w.WebAppContext@7d4193a6{hddsDatanode,/,null,STOPPED}{jar:file:/home/runner/.m2/repository/org/apache/ozone/hdds-container-service/1.3.0-SNAPSHOT/hdds-container-service-1.3.0-SNAPSHOT.jar!/webapps/hddsDatanode}
2022-03-09 17:23:53,352 [Listener at 127.0.0.1/45999] INFO  server.AbstractConnector (AbstractConnector.java:doStop(381)) - Stopped ServerConnector@36f6aff3{HTTP/1.1, (http/1.1)}{0.0.0.0:0}
2022-03-09 17:23:53,353 [Listener at 127.0.0.1/45999] INFO  server.session (HouseKeeper.java:stopScavenging(149)) - node0 Stopped scavenging
2022-03-09 17:23:53,353 [Listener at 127.0.0.1/45999] INFO  handler.ContextHandler (ContextHandler.java:doStop(1153)) - Stopped o.e.j.s.ServletContextHandler@7027c359{static,/static,jar:file:/home/runner/.m2/repository/org/apache/ozone/hdds-container-service/1.3.0-SNAPSHOT/hdds-container-service-1.3.0-SNAPSHOT.jar!/webapps/static,STOPPED}
2022-03-09 17:23:53,353 [Listener at 127.0.0.1/45999] INFO  handler.ContextHandler (ContextHandler.java:doStop(1153)) - Stopped o.e.j.s.ServletContextHandler@5267575a{logs,/logs,file:///home/runner/work/ozone/ozone/hadoop-ozone/integration-test/target/log,STOPPED}
]]></system-out>
  </testcase>
  <testcase name="testInstallCorruptedCheckpointFailure" classname="org.apache.hadoop.ozone.scm.TestSCMInstallSnapshotWithHA" time="60.104"/>
</testsuite>