<?xml version="1.0" encoding="UTF-8"?>
<testsuite xmlns:xsi="http://www.w3.org/2001/XMLSchema-instance" xsi:noNamespaceSchemaLocation="https://maven.apache.org/surefire/maven-surefire-plugin/xsd/surefire-test-report.xsd" name="org.apache.hadoop.ozone.om.TestOzoneManagerHA" time="632.412" tests="28" errors="1" skipped="4" failures="0">
  <properties>
    <property name="awt.toolkit" value="sun.awt.X11.XToolkit"/>
    <property name="file.encoding.pkg" value="sun.io"/>
    <property name="java.specification.version" value="1.8"/>
    <property name="sun.cpu.isalist" value=""/>
    <property name="sun.jnu.encoding" value="ANSI_X3.4-1968"/>
    <property name="java.class.path" value="/github/workspace/hadoop-ozone/integration-test/target/test-classes:/github/workspace/hadoop-ozone/integration-test/target/classes:/home/user/.m2/repository/org/apache/hadoop/hadoop-ozone-common/0.6.0-SNAPSHOT/hadoop-ozone-common-0.6.0-SNAPSHOT.jar:/home/user/.m2/repository/org/apache/commons/commons-compress/1.4.1/commons-compress-1.4.1.jar:/home/user/.m2/repository/org/tukaani/xz/1.0/xz-1.0.jar:/home/user/.m2/repository/org/apache/hadoop/hadoop-hdds-common/0.6.0-SNAPSHOT/hadoop-hdds-common-0.6.0-SNAPSHOT.jar:/home/user/.m2/repository/info/picocli/picocli/3.9.6/picocli-3.9.6.jar:/home/user/.m2/repository/com/fasterxml/jackson/core/jackson-annotations/2.10.3/jackson-annotations-2.10.3.jar:/home/user/.m2/repository/javax/annotation/javax.annotation-api/1.2/javax.annotation-api-1.2.jar:/home/user/.m2/repository/org/apache/ratis/ratis-server/0.6.0-7c5b30d-SNAPSHOT/ratis-server-0.6.0-7c5b30d-SNAPSHOT.jar:/home/user/.m2/repository/org/apache/ratis/ratis-thirdparty-misc/0.3.0/ratis-thirdparty-misc-0.3.0.jar:/home/user/.m2/repository/org/apache/ratis/ratis-client/0.6.0-7c5b30d-SNAPSHOT/ratis-client-0.6.0-7c5b30d-SNAPSHOT.jar:/home/user/.m2/repository/org/apache/ratis/ratis-metrics/0.6.0-7c5b30d-SNAPSHOT/ratis-metrics-0.6.0-7c5b30d-SNAPSHOT.jar:/home/user/.m2/repository/org/apache/ratis/ratis-netty/0.6.0-7c5b30d-SNAPSHOT/ratis-netty-0.6.0-7c5b30d-SNAPSHOT.jar:/home/user/.m2/repository/org/apache/ratis/ratis-grpc/0.6.0-7c5b30d-SNAPSHOT/ratis-grpc-0.6.0-7c5b30d-SNAPSHOT.jar:/home/user/.m2/repository/org/apache/logging/log4j/log4j-api/2.11.0/log4j-api-2.11.0.jar:/home/user/.m2/repository/org/apache/logging/log4j/log4j-core/2.11.0/log4j-core-2.11.0.jar:/home/user/.m2/repository/com/lmax/disruptor/3.4.2/disruptor-3.4.2.jar:/home/user/.m2/repository/org/apache/commons/commons-pool2/2.6.0/commons-pool2-2.6.0.jar:/home/user/.m2/repository/org/bouncycastle/bcpkix-jdk15on/1.60/bcpkix-jdk15on-1.60.jar:/home/user/.m2/repository/commons-validator/commons-validator/1.6/commons-validator-1.6.jar:/home/user/.m2/repository/commons-digester/commons-digester/1.8.1/commons-digester-1.8.1.jar:/home/user/.m2/repository/io/jaegertracing/jaeger-client/0.34.0/jaeger-client-0.34.0.jar:/home/user/.m2/repository/io/jaegertracing/jaeger-thrift/0.34.0/jaeger-thrift-0.34.0.jar:/home/user/.m2/repository/org/apache/thrift/libthrift/0.12.0/libthrift-0.12.0.jar:/home/user/.m2/repository/com/squareup/okhttp3/okhttp/3.9.0/okhttp-3.9.0.jar:/home/user/.m2/repository/com/squareup/okio/okio/1.13.0/okio-1.13.0.jar:/home/user/.m2/repository/io/jaegertracing/jaeger-core/0.34.0/jaeger-core-0.34.0.jar:/home/user/.m2/repository/io/jaegertracing/jaeger-tracerresolver/0.34.0/jaeger-tracerresolver-0.34.0.jar:/home/user/.m2/repository/io/opentracing/contrib/opentracing-tracerresolver/0.1.5/opentracing-tracerresolver-0.1.5.jar:/home/user/.m2/repository/io/opentracing/opentracing-util/0.31.0/opentracing-util-0.31.0.jar:/home/user/.m2/repository/io/opentracing/opentracing-api/0.31.0/opentracing-api-0.31.0.jar:/home/user/.m2/repository/io/opentracing/opentracing-noop/0.31.0/opentracing-noop-0.31.0.jar:/home/user/.m2/repository/org/apache/hadoop/hadoop-hdds-client/0.6.0-SNAPSHOT/hadoop-hdds-client-0.6.0-SNAPSHOT.jar:/home/user/.m2/repository/org/apache/hadoop/hadoop-hdds-test-utils/0.6.0-SNAPSHOT/hadoop-hdds-test-utils-0.6.0-SNAPSHOT.jar:/home/user/.m2/repository/com/google/guava/guava/28.2-jre/guava-28.2-jre.jar:/home/user/.m2/repository/com/google/guava/failureaccess/1.0.1/failureaccess-1.0.1.jar:/home/user/.m2/repository/com/google/guava/listenablefuture/9999.0-empty-to-avoid-conflict-with-guava/listenablefuture-9999.0-empty-to-avoid-conflict-with-guava.jar:/home/user/.m2/repository/com/google/code/findbugs/jsr305/3.0.0/jsr305-3.0.0.jar:/home/user/.m2/repository/org/checkerframework/checker-qual/2.10.0/checker-qual-2.10.0.jar:/home/user/.m2/repository/com/google/errorprone/error_prone_annotations/2.3.4/error_prone_annotations-2.3.4.jar:/home/user/.m2/repository/com/google/j2objc/j2objc-annotations/1.3/j2objc-annotations-1.3.jar:/home/user/.m2/repository/commons-io/commons-io/2.5/commons-io-2.5.jar:/home/user/.m2/repository/commons-logging/commons-logging/1.1.3/commons-logging-1.1.3.jar:/home/user/.m2/repository/log4j/log4j/1.2.17/log4j-1.2.17.jar:/home/user/.m2/repository/org/apache/commons/commons-lang3/3.7/commons-lang3-3.7.jar:/home/user/.m2/repository/org/slf4j/slf4j-api/1.7.25/slf4j-api-1.7.25.jar:/home/user/.m2/repository/org/apache/hadoop/hadoop-hdds-server-scm/0.6.0-SNAPSHOT/hadoop-hdds-server-scm-0.6.0-SNAPSHOT.jar:/home/user/.m2/repository/org/apache/hadoop/hadoop-hdds-container-service/0.6.0-SNAPSHOT/hadoop-hdds-container-service-0.6.0-SNAPSHOT.jar:/home/user/.m2/repository/org/apache/hadoop/hadoop-hdds-hadoop-dependency-server/0.6.0-SNAPSHOT/hadoop-hdds-hadoop-dependency-server-0.6.0-SNAPSHOT.jar:/home/user/.m2/repository/org/apache/hadoop/hadoop-hdds-server-framework/0.6.0-SNAPSHOT/hadoop-hdds-server-framework-0.6.0-SNAPSHOT.jar:/home/user/.m2/repository/org/rocksdb/rocksdbjni/6.6.4/rocksdbjni-6.6.4.jar:/home/user/.m2/repository/io/prometheus/simpleclient_dropwizard/0.7.0/simpleclient_dropwizard-0.7.0.jar:/home/user/.m2/repository/io/prometheus/simpleclient/0.7.0/simpleclient-0.7.0.jar:/home/user/.m2/repository/io/prometheus/simpleclient_common/0.7.0/simpleclient_common-0.7.0.jar:/home/user/.m2/repository/com/fasterxml/jackson/datatype/jackson-datatype-jsr310/2.10.3/jackson-datatype-jsr310-2.10.3.jar:/home/user/.m2/repository/org/apache/hadoop/hadoop-hdds-docs/0.6.0-SNAPSHOT/hadoop-hdds-docs-0.6.0-SNAPSHOT.jar:/home/user/.m2/repository/io/dropwizard/metrics/metrics-core/3.2.4/metrics-core-3.2.4.jar:/home/user/.m2/repository/org/apache/hadoop/hadoop-hdfs-client/3.2.0/hadoop-hdfs-client-3.2.0.jar:/home/user/.m2/repository/org/bouncycastle/bcprov-jdk15on/1.60/bcprov-jdk15on-1.60.jar:/home/user/.m2/repository/org/apache/hadoop/hadoop-ozone-ozone-manager/0.6.0-SNAPSHOT/hadoop-ozone-ozone-manager-0.6.0-SNAPSHOT.jar:/home/user/.m2/repository/org/apache/hadoop/hadoop-minikdc/3.2.0/hadoop-minikdc-3.2.0.jar:/home/user/.m2/repository/org/apache/kerby/kerb-simplekdc/1.0.1/kerb-simplekdc-1.0.1.jar:/home/user/.m2/repository/org/apache/kerby/kerb-client/1.0.1/kerb-client-1.0.1.jar:/home/user/.m2/repository/org/apache/kerby/kerby-config/1.0.1/kerby-config-1.0.1.jar:/home/user/.m2/repository/org/apache/kerby/kerb-core/1.0.1/kerb-core-1.0.1.jar:/home/user/.m2/repository/org/apache/kerby/kerby-pkix/1.0.1/kerby-pkix-1.0.1.jar:/home/user/.m2/repository/org/apache/kerby/kerby-asn1/1.0.1/kerby-asn1-1.0.1.jar:/home/user/.m2/repository/org/apache/kerby/kerby-util/1.0.1/kerby-util-1.0.1.jar:/home/user/.m2/repository/org/apache/kerby/kerb-common/1.0.1/kerb-common-1.0.1.jar:/home/user/.m2/repository/org/apache/kerby/kerb-crypto/1.0.1/kerb-crypto-1.0.1.jar:/home/user/.m2/repository/org/apache/kerby/kerb-util/1.0.1/kerb-util-1.0.1.jar:/home/user/.m2/repository/org/apache/kerby/token-provider/1.0.1/token-provider-1.0.1.jar:/home/user/.m2/repository/org/apache/kerby/kerb-admin/1.0.1/kerb-admin-1.0.1.jar:/home/user/.m2/repository/org/apache/kerby/kerb-server/1.0.1/kerb-server-1.0.1.jar:/home/user/.m2/repository/org/apache/kerby/kerb-identity/1.0.1/kerb-identity-1.0.1.jar:/home/user/.m2/repository/org/apache/kerby/kerby-xdr/1.0.1/kerby-xdr-1.0.1.jar:/home/user/.m2/repository/org/slf4j/slf4j-log4j12/1.7.25/slf4j-log4j12-1.7.25.jar:/home/user/.m2/repository/org/apache/hadoop/hadoop-ozone-s3gateway/0.6.0-SNAPSHOT/hadoop-ozone-s3gateway-0.6.0-SNAPSHOT.jar:/home/user/.m2/repository/org/jboss/weld/servlet/weld-servlet/2.4.7.Final/weld-servlet-2.4.7.Final.jar:/home/user/.m2/repository/org/glassfish/jersey/containers/jersey-container-servlet-core/2.27/jersey-container-servlet-core-2.27.jar:/home/user/.m2/repository/org/glassfish/hk2/external/javax.inject/2.5.0-b42/javax.inject-2.5.0-b42.jar:/home/user/.m2/repository/org/glassfish/jersey/core/jersey-common/2.27/jersey-common-2.27.jar:/home/user/.m2/repository/org/glassfish/hk2/osgi-resource-locator/1.0.1/osgi-resource-locator-1.0.1.jar:/home/user/.m2/repository/javax/ws/rs/javax.ws.rs-api/2.1/javax.ws.rs-api-2.1.jar:/home/user/.m2/repository/org/glassfish/jersey/ext/cdi/jersey-cdi1x/2.27/jersey-cdi1x-2.27.jar:/home/user/.m2/repository/org/glassfish/jersey/inject/jersey-hk2/2.27/jersey-hk2-2.27.jar:/home/user/.m2/repository/org/glassfish/hk2/hk2-locator/2.5.0-b42/hk2-locator-2.5.0-b42.jar:/home/user/.m2/repository/org/javassist/javassist/3.22.0-CR2/javassist-3.22.0-CR2.jar:/home/user/.m2/repository/org/glassfish/hk2/hk2-api/2.5.0/hk2-api-2.5.0.jar:/home/user/.m2/repository/org/glassfish/hk2/external/jakarta.inject/2.5.0/jakarta.inject-2.5.0.jar:/home/user/.m2/repository/org/glassfish/hk2/hk2-utils/2.5.0/hk2-utils-2.5.0.jar:/home/user/.m2/repository/jakarta/annotation/jakarta.annotation-api/1.3.4/jakarta.annotation-api-1.3.4.jar:/home/user/.m2/repository/org/glassfish/hk2/external/aopalliance-repackaged/2.5.0/aopalliance-repackaged-2.5.0.jar:/home/user/.m2/repository/com/fasterxml/jackson/dataformat/jackson-dataformat-xml/2.9.0/jackson-dataformat-xml-2.9.0.jar:/home/user/.m2/repository/com/fasterxml/jackson/core/jackson-core/2.10.3/jackson-core-2.10.3.jar:/home/user/.m2/repository/com/fasterxml/jackson/module/jackson-module-jaxb-annotations/2.10.3/jackson-module-jaxb-annotations-2.10.3.jar:/home/user/.m2/repository/jakarta/xml/bind/jakarta.xml.bind-api/2.3.2/jakarta.xml.bind-api-2.3.2.jar:/home/user/.m2/repository/jakarta/activation/jakarta.activation-api/1.2.1/jakarta.activation-api-1.2.1.jar:/home/user/.m2/repository/org/codehaus/woodstox/stax2-api/3.1.4/stax2-api-3.1.4.jar:/home/user/.m2/repository/com/fasterxml/woodstox/woodstox-core/5.0.3/woodstox-core-5.0.3.jar:/home/user/.m2/repository/javax/enterprise/cdi-api/1.2/cdi-api-1.2.jar:/home/user/.m2/repository/javax/el/javax.el-api/3.0.0/javax.el-api-3.0.0.jar:/home/user/.m2/repository/javax/interceptor/javax.interceptor-api/1.2/javax.interceptor-api-1.2.jar:/home/user/.m2/repository/javax/inject/javax.inject/1/javax.inject-1.jar:/home/user/.m2/repository/com/sun/xml/bind/jaxb-impl/2.3.0.1/jaxb-impl-2.3.0.1.jar:/home/user/.m2/repository/com/sun/xml/bind/jaxb-core/2.3.0.1/jaxb-core-2.3.0.1.jar:/home/user/.m2/repository/javax/xml/bind/jaxb-api/2.3.0/jaxb-api-2.3.0.jar:/home/user/.m2/repository/javax/activation/activation/1.1.1/activation-1.1.1.jar:/home/user/.m2/repository/org/apache/hadoop/hadoop-ozone-csi/0.6.0-SNAPSHOT/hadoop-ozone-csi-0.6.0-SNAPSHOT.jar:/home/user/.m2/repository/com/google/protobuf/protobuf-java-util/3.5.1/protobuf-java-util-3.5.1.jar:/home/user/.m2/repository/com/google/code/gson/gson/2.2.4/gson-2.2.4.jar:/home/user/.m2/repository/org/apache/hadoop/hadoop-hdds-config/0.6.0-SNAPSHOT/hadoop-hdds-config-0.6.0-SNAPSHOT.jar:/home/user/.m2/repository/com/google/protobuf/protobuf-java/2.5.0/protobuf-java-2.5.0.jar:/home/user/.m2/repository/io/grpc/grpc-netty/1.17.1/grpc-netty-1.17.1.jar:/home/user/.m2/repository/io/grpc/grpc-core/1.17.1/grpc-core-1.17.1.jar:/home/user/.m2/repository/io/grpc/grpc-context/1.17.1/grpc-context-1.17.1.jar:/home/user/.m2/repository/org/codehaus/mojo/animal-sniffer-annotations/1.17/animal-sniffer-annotations-1.17.jar:/home/user/.m2/repository/io/opencensus/opencensus-api/0.17.0/opencensus-api-0.17.0.jar:/home/user/.m2/repository/io/opencensus/opencensus-contrib-grpc-metrics/0.17.0/opencensus-contrib-grpc-metrics-0.17.0.jar:/home/user/.m2/repository/io/netty/netty-codec-http2/4.1.30.Final/netty-codec-http2-4.1.30.Final.jar:/home/user/.m2/repository/io/netty/netty-codec-http/4.1.30.Final/netty-codec-http-4.1.30.Final.jar:/home/user/.m2/repository/io/netty/netty-codec/4.1.30.Final/netty-codec-4.1.30.Final.jar:/home/user/.m2/repository/io/netty/netty-handler/4.1.30.Final/netty-handler-4.1.30.Final.jar:/home/user/.m2/repository/io/netty/netty-handler-proxy/4.1.30.Final/netty-handler-proxy-4.1.30.Final.jar:/home/user/.m2/repository/io/netty/netty-codec-socks/4.1.30.Final/netty-codec-socks-4.1.30.Final.jar:/home/user/.m2/repository/io/netty/netty-transport-native-epoll/4.1.30.Final/netty-transport-native-epoll-4.1.30.Final.jar:/home/user/.m2/repository/io/netty/netty-common/4.1.30.Final/netty-common-4.1.30.Final.jar:/home/user/.m2/repository/io/netty/netty-buffer/4.1.30.Final/netty-buffer-4.1.30.Final.jar:/home/user/.m2/repository/io/netty/netty-transport/4.1.30.Final/netty-transport-4.1.30.Final.jar:/home/user/.m2/repository/io/netty/netty-resolver/4.1.30.Final/netty-resolver-4.1.30.Final.jar:/home/user/.m2/repository/io/netty/netty-transport-native-unix-common/4.1.30.Final/netty-transport-native-unix-common-4.1.30.Final.jar:/home/user/.m2/repository/io/grpc/grpc-protobuf/1.17.1/grpc-protobuf-1.17.1.jar:/home/user/.m2/repository/com/google/api/grpc/proto-google-common-protos/1.0.0/proto-google-common-protos-1.0.0.jar:/home/user/.m2/repository/io/grpc/grpc-protobuf-lite/1.17.1/grpc-protobuf-lite-1.17.1.jar:/home/user/.m2/repository/io/grpc/grpc-stub/1.17.1/grpc-stub-1.17.1.jar:/home/user/.m2/repository/org/apache/hadoop/hadoop-ozone-recon/0.6.0-SNAPSHOT/hadoop-ozone-recon-0.6.0-SNAPSHOT.jar:/home/user/.m2/repository/org/apache/hadoop/hadoop-ozone-reconcodegen/0.6.0-SNAPSHOT/hadoop-ozone-reconcodegen-0.6.0-SNAPSHOT.jar:/home/user/.m2/repository/com/google/inject/extensions/guice-multibindings/4.0/guice-multibindings-4.0.jar:/home/user/.m2/repository/com/google/inject/guice/4.0/guice-4.0.jar:/home/user/.m2/repository/aopalliance/aopalliance/1.0/aopalliance-1.0.jar:/home/user/.m2/repository/com/google/inject/extensions/guice-servlet/4.0/guice-servlet-4.0.jar:/home/user/.m2/repository/org/glassfish/jersey/containers/jersey-container-servlet/2.27/jersey-container-servlet-2.27.jar:/home/user/.m2/repository/org/glassfish/hk2/guice-bridge/2.5.0/guice-bridge-2.5.0.jar:/home/user/.m2/repository/org/glassfish/jersey/core/jersey-server/2.27/jersey-server-2.27.jar:/home/user/.m2/repository/org/glassfish/jersey/core/jersey-client/2.27/jersey-client-2.27.jar:/home/user/.m2/repository/org/glassfish/jersey/media/jersey-media-jaxb/2.27/jersey-media-jaxb-2.27.jar:/home/user/.m2/repository/javax/validation/validation-api/1.1.0.Final/validation-api-1.1.0.Final.jar:/home/user/.m2/repository/org/glassfish/jersey/media/jersey-media-json-jackson/2.27/jersey-media-json-jackson-2.27.jar:/home/user/.m2/repository/org/glassfish/jersey/ext/jersey-entity-filtering/2.27/jersey-entity-filtering-2.27.jar:/home/user/.m2/repository/com/google/inject/extensions/guice-assistedinject/4.0/guice-assistedinject-4.0.jar:/home/user/.m2/repository/org/jooq/jooq/3.11.10/jooq-3.11.10.jar:/home/user/.m2/repository/org/jooq/jooq-meta/3.11.10/jooq-meta-3.11.10.jar:/home/user/.m2/repository/org/jooq/jooq-codegen/3.11.10/jooq-codegen-3.11.10.jar:/home/user/.m2/repository/com/jolbox/bonecp/0.8.0.RELEASE/bonecp-0.8.0.RELEASE.jar:/home/user/.m2/repository/org/xerial/sqlite-jdbc/3.25.2/sqlite-jdbc-3.25.2.jar:/home/user/.m2/repository/org/springframework/spring-jdbc/5.2.5.RELEASE/spring-jdbc-5.2.5.RELEASE.jar:/home/user/.m2/repository/org/springframework/spring-beans/5.2.5.RELEASE/spring-beans-5.2.5.RELEASE.jar:/home/user/.m2/repository/org/springframework/spring-core/5.2.5.RELEASE/spring-core-5.2.5.RELEASE.jar:/home/user/.m2/repository/org/springframework/spring-jcl/5.2.5.RELEASE/spring-jcl-5.2.5.RELEASE.jar:/home/user/.m2/repository/org/springframework/spring-tx/5.2.5.RELEASE/spring-tx-5.2.5.RELEASE.jar:/home/user/.m2/repository/org/apache/hadoop/hadoop-ozone-client/0.6.0-SNAPSHOT/hadoop-ozone-client-0.6.0-SNAPSHOT.jar:/home/user/.m2/repository/org/apache/hadoop/hadoop-ozone-filesystem/0.6.0-SNAPSHOT/hadoop-ozone-filesystem-0.6.0-SNAPSHOT.jar:/home/user/.m2/repository/org/apache/hadoop/hadoop-hdds-hadoop-dependency-client/0.6.0-SNAPSHOT/hadoop-hdds-hadoop-dependency-client-0.6.0-SNAPSHOT.jar:/home/user/.m2/repository/org/apache/hadoop/hadoop-ozone-tools/0.6.0-SNAPSHOT/hadoop-ozone-tools-0.6.0-SNAPSHOT.jar:/home/user/.m2/repository/org/apache/hadoop/hadoop-hdfs/3.2.0/hadoop-hdfs-3.2.0.jar:/home/user/.m2/repository/org/apache/ratis/ratis-tools/0.6.0-7c5b30d-SNAPSHOT/ratis-tools-0.6.0-7c5b30d-SNAPSHOT.jar:/home/user/.m2/repository/org/apache/ratis/ratis-proto/0.6.0-7c5b30d-SNAPSHOT/ratis-proto-0.6.0-7c5b30d-SNAPSHOT.jar:/home/user/.m2/repository/org/apache/ratis/ratis-common/0.6.0-7c5b30d-SNAPSHOT/ratis-common-0.6.0-7c5b30d-SNAPSHOT.jar:/home/user/.m2/repository/com/amazonaws/aws-java-sdk-core/1.11.615/aws-java-sdk-core-1.11.615.jar:/home/user/.m2/repository/org/apache/httpcomponents/httpclient/4.5.2/httpclient-4.5.2.jar:/home/user/.m2/repository/org/apache/httpcomponents/httpcore/4.4.4/httpcore-4.4.4.jar:/home/user/.m2/repository/software/amazon/ion/ion-java/1.0.2/ion-java-1.0.2.jar:/home/user/.m2/repository/com/fasterxml/jackson/dataformat/jackson-dataformat-cbor/2.10.3/jackson-dataformat-cbor-2.10.3.jar:/home/user/.m2/repository/joda-time/joda-time/2.9.9/joda-time-2.9.9.jar:/home/user/.m2/repository/com/amazonaws/aws-java-sdk-s3/1.11.615/aws-java-sdk-s3-1.11.615.jar:/home/user/.m2/repository/com/amazonaws/aws-java-sdk-kms/1.11.615/aws-java-sdk-kms-1.11.615.jar:/home/user/.m2/repository/com/amazonaws/jmespath-java/1.11.615/jmespath-java-1.11.615.jar:/home/user/.m2/repository/org/apache/hadoop/hadoop-hdds-tools/0.6.0-SNAPSHOT/hadoop-hdds-tools-0.6.0-SNAPSHOT.jar:/home/user/.m2/repository/commons-cli/commons-cli/1.2/commons-cli-1.2.jar:/home/user/.m2/repository/commons-lang/commons-lang/2.6/commons-lang-2.6.jar:/home/user/.m2/repository/org/apache/hadoop/hadoop-ozone-ozone-manager/0.6.0-SNAPSHOT/hadoop-ozone-ozone-manager-0.6.0-SNAPSHOT-tests.jar:/home/user/.m2/repository/junit/junit/4.11/junit-4.11.jar:/home/user/.m2/repository/org/hamcrest/hamcrest-core/1.3/hamcrest-core-1.3.jar:/home/user/.m2/repository/org/openjdk/jmh/jmh-core/1.19/jmh-core-1.19.jar:/home/user/.m2/repository/net/sf/jopt-simple/jopt-simple/4.6/jopt-simple-4.6.jar:/home/user/.m2/repository/org/apache/commons/commons-math3/3.1.1/commons-math3-3.1.1.jar:/home/user/.m2/repository/org/openjdk/jmh/jmh-generator-annprocess/1.19/jmh-generator-annprocess-1.19.jar:/home/user/.m2/repository/org/mockito/mockito-all/1.8.5/mockito-all-1.8.5.jar:/home/user/.m2/repository/org/apache/hadoop/hadoop-kms/3.2.0/hadoop-kms-3.2.0.jar:/home/user/.m2/repository/org/apache/hadoop/hadoop-auth/3.2.0/hadoop-auth-3.2.0.jar:/home/user/.m2/repository/com/nimbusds/nimbus-jose-jwt/7.9/nimbus-jose-jwt-7.9.jar:/home/user/.m2/repository/com/github/stephenc/jcip/jcip-annotations/1.0-1/jcip-annotations-1.0-1.jar:/home/user/.m2/repository/net/minidev/json-smart/2.3/json-smart-2.3.jar:/home/user/.m2/repository/net/minidev/accessors-smart/1.2/accessors-smart-1.2.jar:/home/user/.m2/repository/org/ow2/asm/asm/5.0.4/asm-5.0.4.jar:/home/user/.m2/repository/org/apache/zookeeper/zookeeper/3.4.13/zookeeper-3.4.13.jar:/home/user/.m2/repository/org/apache/yetus/audience-annotations/0.5.0/audience-annotations-0.5.0.jar:/home/user/.m2/repository/org/apache/curator/curator-framework/2.12.0/curator-framework-2.12.0.jar:/home/user/.m2/repository/com/sun/jersey/jersey-core/1.19/jersey-core-1.19.jar:/home/user/.m2/repository/javax/ws/rs/jsr311-api/1.1.1/jsr311-api-1.1.1.jar:/home/user/.m2/repository/com/sun/jersey/jersey-server/1.19/jersey-server-1.19.jar:/home/user/.m2/repository/javax/servlet/javax.servlet-api/3.1.0/javax.servlet-api-3.1.0.jar:/home/user/.m2/repository/org/eclipse/jetty/jetty-server/9.4.26.v20200117/jetty-server-9.4.26.v20200117.jar:/home/user/.m2/repository/org/eclipse/jetty/jetty-http/9.4.26.v20200117/jetty-http-9.4.26.v20200117.jar:/home/user/.m2/repository/org/eclipse/jetty/jetty-io/9.4.26.v20200117/jetty-io-9.4.26.v20200117.jar:/home/user/.m2/repository/org/eclipse/jetty/jetty-webapp/9.4.26.v20200117/jetty-webapp-9.4.26.v20200117.jar:/home/user/.m2/repository/org/eclipse/jetty/jetty-xml/9.4.26.v20200117/jetty-xml-9.4.26.v20200117.jar:/home/user/.m2/repository/org/eclipse/jetty/jetty-servlet/9.4.26.v20200117/jetty-servlet-9.4.26.v20200117.jar:/home/user/.m2/repository/org/eclipse/jetty/jetty-security/9.4.26.v20200117/jetty-security-9.4.26.v20200117.jar:/home/user/.m2/repository/org/apache/hadoop/hadoop-common/3.2.0/hadoop-common-3.2.0.jar:/home/user/.m2/repository/commons-net/commons-net/3.6/commons-net-3.6.jar:/home/user/.m2/repository/commons-collections/commons-collections/3.2.2/commons-collections-3.2.2.jar:/home/user/.m2/repository/com/sun/jersey/jersey-servlet/1.19/jersey-servlet-1.19.jar:/home/user/.m2/repository/com/sun/jersey/jersey-json/1.19/jersey-json-1.19.jar:/home/user/.m2/repository/org/codehaus/jettison/jettison/1.1/jettison-1.1.jar:/home/user/.m2/repository/org/codehaus/jackson/jackson-jaxrs/1.9.13/jackson-jaxrs-1.9.13.jar:/home/user/.m2/repository/org/codehaus/jackson/jackson-xc/1.9.13/jackson-xc-1.9.13.jar:/home/user/.m2/repository/commons-beanutils/commons-beanutils/1.9.4/commons-beanutils-1.9.4.jar:/home/user/.m2/repository/org/apache/commons/commons-configuration2/2.1.1/commons-configuration2-2.1.1.jar:/home/user/.m2/repository/org/apache/commons/commons-text/1.4/commons-text-1.4.jar:/home/user/.m2/repository/com/google/re2j/re2j/1.1/re2j-1.1.jar:/home/user/.m2/repository/com/jcraft/jsch/0.1.54/jsch-0.1.54.jar:/home/user/.m2/repository/org/apache/curator/curator-client/2.12.0/curator-client-2.12.0.jar:/home/user/.m2/repository/org/apache/curator/curator-recipes/2.12.0/curator-recipes-2.12.0.jar:/home/user/.m2/repository/dnsjava/dnsjava/2.1.7/dnsjava-2.1.7.jar:/home/user/.m2/repository/org/slf4j/jul-to-slf4j/1.7.25/jul-to-slf4j-1.7.25.jar:/home/user/.m2/repository/org/eclipse/jetty/jetty-util/9.4.26.v20200117/jetty-util-9.4.26.v20200117.jar:/home/user/.m2/repository/com/fasterxml/jackson/core/jackson-databind/2.10.3/jackson-databind-2.10.3.jar:/home/user/.m2/repository/org/apache/hadoop/hadoop-kms/3.2.0/hadoop-kms-3.2.0-tests.jar:/home/user/.m2/repository/org/apache/hadoop/hadoop-hdds-server-scm/0.6.0-SNAPSHOT/hadoop-hdds-server-scm-0.6.0-SNAPSHOT-tests.jar:/home/user/.m2/repository/org/apache/hadoop/hadoop-hdds-container-service/0.6.0-SNAPSHOT/hadoop-hdds-container-service-0.6.0-SNAPSHOT-tests.jar:/home/user/.m2/repository/org/apache/hadoop/hadoop-hdds-common/0.6.0-SNAPSHOT/hadoop-hdds-common-0.6.0-SNAPSHOT-tests.jar:/home/user/.m2/repository/org/yaml/snakeyaml/1.16/snakeyaml-1.16.jar:/home/user/.m2/repository/org/apache/hadoop/hadoop-hdds-hadoop-dependency-test/0.6.0-SNAPSHOT/hadoop-hdds-hadoop-dependency-test-0.6.0-SNAPSHOT.jar:/home/user/.m2/repository/org/apache/hadoop/hadoop-common/3.2.0/hadoop-common-3.2.0-tests.jar:/home/user/.m2/repository/javax/servlet/jsp/jsp-api/2.1/jsp-api-2.1.jar:/home/user/.m2/repository/org/apache/hadoop/hadoop-hdfs/3.2.0/hadoop-hdfs-3.2.0-tests.jar:/home/user/.m2/repository/org/eclipse/jetty/jetty-util-ajax/9.4.26.v20200117/jetty-util-ajax-9.4.26.v20200117.jar:/home/user/.m2/repository/commons-codec/commons-codec/1.11/commons-codec-1.11.jar:/home/user/.m2/repository/commons-daemon/commons-daemon/1.0.13/commons-daemon-1.0.13.jar:/home/user/.m2/repository/io/netty/netty/3.10.5.Final/netty-3.10.5.Final.jar:/home/user/.m2/repository/io/netty/netty-all/4.1.47.Final/netty-all-4.1.47.Final.jar:/home/user/.m2/repository/org/apache/htrace/htrace-core4/4.1.0-incubating/htrace-core4-4.1.0-incubating.jar:/home/user/.m2/repository/org/fusesource/leveldbjni/leveldbjni-all/1.8/leveldbjni-all-1.8.jar:/home/user/.m2/repository/org/apache/hadoop/hadoop-distcp/3.2.0/hadoop-distcp-3.2.0.jar:/home/user/.m2/repository/org/apache/hadoop/hadoop-mapreduce-client-jobclient/3.2.0/hadoop-mapreduce-client-jobclient-3.2.0.jar:/home/user/.m2/repository/org/apache/hadoop/hadoop-mapreduce-client-common/3.2.0/hadoop-mapreduce-client-common-3.2.0.jar:/home/user/.m2/repository/org/apache/hadoop/hadoop-yarn-common/3.2.0/hadoop-yarn-common-3.2.0.jar:/home/user/.m2/repository/org/apache/hadoop/hadoop-yarn-api/3.2.0/hadoop-yarn-api-3.2.0.jar:/home/user/.m2/repository/com/sun/jersey/jersey-client/1.19/jersey-client-1.19.jar:/home/user/.m2/repository/com/sun/jersey/contribs/jersey-guice/1.19/jersey-guice-1.19.jar:/home/user/.m2/repository/com/fasterxml/jackson/jaxrs/jackson-jaxrs-json-provider/2.10.3/jackson-jaxrs-json-provider-2.10.3.jar:/home/user/.m2/repository/com/fasterxml/jackson/jaxrs/jackson-jaxrs-base/2.10.3/jackson-jaxrs-base-2.10.3.jar:/home/user/.m2/repository/org/apache/hadoop/hadoop-yarn-client/3.2.0/hadoop-yarn-client-3.2.0.jar:/home/user/.m2/repository/org/apache/hadoop/hadoop-mapreduce-client-core/3.2.0/hadoop-mapreduce-client-core-3.2.0.jar:/home/user/.m2/repository/org/apache/avro/avro/1.7.7/avro-1.7.7.jar:/home/user/.m2/repository/org/codehaus/jackson/jackson-core-asl/1.9.13/jackson-core-asl-1.9.13.jar:/home/user/.m2/repository/org/codehaus/jackson/jackson-mapper-asl/1.9.13/jackson-mapper-asl-1.9.13.jar:/home/user/.m2/repository/com/thoughtworks/paranamer/paranamer/2.3/paranamer-2.3.jar:/home/user/.m2/repository/org/xerial/snappy/snappy-java/1.0.5/snappy-java-1.0.5.jar:/home/user/.m2/repository/org/apache/hadoop/hadoop-annotations/3.2.0/hadoop-annotations-3.2.0.jar:/usr/lib/jvm/java-1.8.0-openjdk-1.8.0.232.b09-0.el7_7.x86_64/jre/../lib/tools.jar:/home/user/.m2/repository/org/apache/hadoop/hadoop-distcp/3.2.0/hadoop-distcp-3.2.0-tests.jar:"/>
    <property name="java.vm.vendor" value="Oracle Corporation"/>
    <property name="sun.arch.data.model" value="64"/>
    <property name="test.build.dir" value="/github/workspace/hadoop-ozone/integration-test/target/test-dir"/>
    <property name="test.cache.data" value=""/>
    <property name="java.vendor.url" value="http://java.oracle.com/"/>
    <property name="user.timezone" value=""/>
    <property name="java.vm.specification.version" value="1.8"/>
    <property name="os.name" value="Linux"/>
    <property name="test.build.data" value="/github/workspace/hadoop-ozone/integration-test/target/test-dir"/>
    <property name="user.country" value="US"/>
    <property name="sun.java.launcher" value="SUN_STANDARD"/>
    <property name="sun.boot.library.path" value="/usr/lib/jvm/java-1.8.0-openjdk-1.8.0.232.b09-0.el7_7.x86_64/jre/lib/amd64"/>
    <property name="sun.java.command" value="/github/workspace/hadoop-ozone/integration-test/target/surefire/surefirebooter4861517026543328079.jar /github/workspace/hadoop-ozone/integration-test/target/surefire 2020-04-21T08-53-52_347-jvmRun1 surefire2850703003400681028tmp surefire_213759732470492056423tmp"/>
    <property name="surefire.test.class.path" value="/github/workspace/hadoop-ozone/integration-test/target/test-classes:/github/workspace/hadoop-ozone/integration-test/target/classes:/home/user/.m2/repository/org/apache/hadoop/hadoop-ozone-common/0.6.0-SNAPSHOT/hadoop-ozone-common-0.6.0-SNAPSHOT.jar:/home/user/.m2/repository/org/apache/commons/commons-compress/1.4.1/commons-compress-1.4.1.jar:/home/user/.m2/repository/org/tukaani/xz/1.0/xz-1.0.jar:/home/user/.m2/repository/org/apache/hadoop/hadoop-hdds-common/0.6.0-SNAPSHOT/hadoop-hdds-common-0.6.0-SNAPSHOT.jar:/home/user/.m2/repository/info/picocli/picocli/3.9.6/picocli-3.9.6.jar:/home/user/.m2/repository/com/fasterxml/jackson/core/jackson-annotations/2.10.3/jackson-annotations-2.10.3.jar:/home/user/.m2/repository/javax/annotation/javax.annotation-api/1.2/javax.annotation-api-1.2.jar:/home/user/.m2/repository/org/apache/ratis/ratis-server/0.6.0-7c5b30d-SNAPSHOT/ratis-server-0.6.0-7c5b30d-SNAPSHOT.jar:/home/user/.m2/repository/org/apache/ratis/ratis-thirdparty-misc/0.3.0/ratis-thirdparty-misc-0.3.0.jar:/home/user/.m2/repository/org/apache/ratis/ratis-client/0.6.0-7c5b30d-SNAPSHOT/ratis-client-0.6.0-7c5b30d-SNAPSHOT.jar:/home/user/.m2/repository/org/apache/ratis/ratis-metrics/0.6.0-7c5b30d-SNAPSHOT/ratis-metrics-0.6.0-7c5b30d-SNAPSHOT.jar:/home/user/.m2/repository/org/apache/ratis/ratis-netty/0.6.0-7c5b30d-SNAPSHOT/ratis-netty-0.6.0-7c5b30d-SNAPSHOT.jar:/home/user/.m2/repository/org/apache/ratis/ratis-grpc/0.6.0-7c5b30d-SNAPSHOT/ratis-grpc-0.6.0-7c5b30d-SNAPSHOT.jar:/home/user/.m2/repository/org/apache/logging/log4j/log4j-api/2.11.0/log4j-api-2.11.0.jar:/home/user/.m2/repository/org/apache/logging/log4j/log4j-core/2.11.0/log4j-core-2.11.0.jar:/home/user/.m2/repository/com/lmax/disruptor/3.4.2/disruptor-3.4.2.jar:/home/user/.m2/repository/org/apache/commons/commons-pool2/2.6.0/commons-pool2-2.6.0.jar:/home/user/.m2/repository/org/bouncycastle/bcpkix-jdk15on/1.60/bcpkix-jdk15on-1.60.jar:/home/user/.m2/repository/commons-validator/commons-validator/1.6/commons-validator-1.6.jar:/home/user/.m2/repository/commons-digester/commons-digester/1.8.1/commons-digester-1.8.1.jar:/home/user/.m2/repository/io/jaegertracing/jaeger-client/0.34.0/jaeger-client-0.34.0.jar:/home/user/.m2/repository/io/jaegertracing/jaeger-thrift/0.34.0/jaeger-thrift-0.34.0.jar:/home/user/.m2/repository/org/apache/thrift/libthrift/0.12.0/libthrift-0.12.0.jar:/home/user/.m2/repository/com/squareup/okhttp3/okhttp/3.9.0/okhttp-3.9.0.jar:/home/user/.m2/repository/com/squareup/okio/okio/1.13.0/okio-1.13.0.jar:/home/user/.m2/repository/io/jaegertracing/jaeger-core/0.34.0/jaeger-core-0.34.0.jar:/home/user/.m2/repository/io/jaegertracing/jaeger-tracerresolver/0.34.0/jaeger-tracerresolver-0.34.0.jar:/home/user/.m2/repository/io/opentracing/contrib/opentracing-tracerresolver/0.1.5/opentracing-tracerresolver-0.1.5.jar:/home/user/.m2/repository/io/opentracing/opentracing-util/0.31.0/opentracing-util-0.31.0.jar:/home/user/.m2/repository/io/opentracing/opentracing-api/0.31.0/opentracing-api-0.31.0.jar:/home/user/.m2/repository/io/opentracing/opentracing-noop/0.31.0/opentracing-noop-0.31.0.jar:/home/user/.m2/repository/org/apache/hadoop/hadoop-hdds-client/0.6.0-SNAPSHOT/hadoop-hdds-client-0.6.0-SNAPSHOT.jar:/home/user/.m2/repository/org/apache/hadoop/hadoop-hdds-test-utils/0.6.0-SNAPSHOT/hadoop-hdds-test-utils-0.6.0-SNAPSHOT.jar:/home/user/.m2/repository/com/google/guava/guava/28.2-jre/guava-28.2-jre.jar:/home/user/.m2/repository/com/google/guava/failureaccess/1.0.1/failureaccess-1.0.1.jar:/home/user/.m2/repository/com/google/guava/listenablefuture/9999.0-empty-to-avoid-conflict-with-guava/listenablefuture-9999.0-empty-to-avoid-conflict-with-guava.jar:/home/user/.m2/repository/com/google/code/findbugs/jsr305/3.0.0/jsr305-3.0.0.jar:/home/user/.m2/repository/org/checkerframework/checker-qual/2.10.0/checker-qual-2.10.0.jar:/home/user/.m2/repository/com/google/errorprone/error_prone_annotations/2.3.4/error_prone_annotations-2.3.4.jar:/home/user/.m2/repository/com/google/j2objc/j2objc-annotations/1.3/j2objc-annotations-1.3.jar:/home/user/.m2/repository/commons-io/commons-io/2.5/commons-io-2.5.jar:/home/user/.m2/repository/commons-logging/commons-logging/1.1.3/commons-logging-1.1.3.jar:/home/user/.m2/repository/log4j/log4j/1.2.17/log4j-1.2.17.jar:/home/user/.m2/repository/org/apache/commons/commons-lang3/3.7/commons-lang3-3.7.jar:/home/user/.m2/repository/org/slf4j/slf4j-api/1.7.25/slf4j-api-1.7.25.jar:/home/user/.m2/repository/org/apache/hadoop/hadoop-hdds-server-scm/0.6.0-SNAPSHOT/hadoop-hdds-server-scm-0.6.0-SNAPSHOT.jar:/home/user/.m2/repository/org/apache/hadoop/hadoop-hdds-container-service/0.6.0-SNAPSHOT/hadoop-hdds-container-service-0.6.0-SNAPSHOT.jar:/home/user/.m2/repository/org/apache/hadoop/hadoop-hdds-hadoop-dependency-server/0.6.0-SNAPSHOT/hadoop-hdds-hadoop-dependency-server-0.6.0-SNAPSHOT.jar:/home/user/.m2/repository/org/apache/hadoop/hadoop-hdds-server-framework/0.6.0-SNAPSHOT/hadoop-hdds-server-framework-0.6.0-SNAPSHOT.jar:/home/user/.m2/repository/org/rocksdb/rocksdbjni/6.6.4/rocksdbjni-6.6.4.jar:/home/user/.m2/repository/io/prometheus/simpleclient_dropwizard/0.7.0/simpleclient_dropwizard-0.7.0.jar:/home/user/.m2/repository/io/prometheus/simpleclient/0.7.0/simpleclient-0.7.0.jar:/home/user/.m2/repository/io/prometheus/simpleclient_common/0.7.0/simpleclient_common-0.7.0.jar:/home/user/.m2/repository/com/fasterxml/jackson/datatype/jackson-datatype-jsr310/2.10.3/jackson-datatype-jsr310-2.10.3.jar:/home/user/.m2/repository/org/apache/hadoop/hadoop-hdds-docs/0.6.0-SNAPSHOT/hadoop-hdds-docs-0.6.0-SNAPSHOT.jar:/home/user/.m2/repository/io/dropwizard/metrics/metrics-core/3.2.4/metrics-core-3.2.4.jar:/home/user/.m2/repository/org/apache/hadoop/hadoop-hdfs-client/3.2.0/hadoop-hdfs-client-3.2.0.jar:/home/user/.m2/repository/org/bouncycastle/bcprov-jdk15on/1.60/bcprov-jdk15on-1.60.jar:/home/user/.m2/repository/org/apache/hadoop/hadoop-ozone-ozone-manager/0.6.0-SNAPSHOT/hadoop-ozone-ozone-manager-0.6.0-SNAPSHOT.jar:/home/user/.m2/repository/org/apache/hadoop/hadoop-minikdc/3.2.0/hadoop-minikdc-3.2.0.jar:/home/user/.m2/repository/org/apache/kerby/kerb-simplekdc/1.0.1/kerb-simplekdc-1.0.1.jar:/home/user/.m2/repository/org/apache/kerby/kerb-client/1.0.1/kerb-client-1.0.1.jar:/home/user/.m2/repository/org/apache/kerby/kerby-config/1.0.1/kerby-config-1.0.1.jar:/home/user/.m2/repository/org/apache/kerby/kerb-core/1.0.1/kerb-core-1.0.1.jar:/home/user/.m2/repository/org/apache/kerby/kerby-pkix/1.0.1/kerby-pkix-1.0.1.jar:/home/user/.m2/repository/org/apache/kerby/kerby-asn1/1.0.1/kerby-asn1-1.0.1.jar:/home/user/.m2/repository/org/apache/kerby/kerby-util/1.0.1/kerby-util-1.0.1.jar:/home/user/.m2/repository/org/apache/kerby/kerb-common/1.0.1/kerb-common-1.0.1.jar:/home/user/.m2/repository/org/apache/kerby/kerb-crypto/1.0.1/kerb-crypto-1.0.1.jar:/home/user/.m2/repository/org/apache/kerby/kerb-util/1.0.1/kerb-util-1.0.1.jar:/home/user/.m2/repository/org/apache/kerby/token-provider/1.0.1/token-provider-1.0.1.jar:/home/user/.m2/repository/org/apache/kerby/kerb-admin/1.0.1/kerb-admin-1.0.1.jar:/home/user/.m2/repository/org/apache/kerby/kerb-server/1.0.1/kerb-server-1.0.1.jar:/home/user/.m2/repository/org/apache/kerby/kerb-identity/1.0.1/kerb-identity-1.0.1.jar:/home/user/.m2/repository/org/apache/kerby/kerby-xdr/1.0.1/kerby-xdr-1.0.1.jar:/home/user/.m2/repository/org/slf4j/slf4j-log4j12/1.7.25/slf4j-log4j12-1.7.25.jar:/home/user/.m2/repository/org/apache/hadoop/hadoop-ozone-s3gateway/0.6.0-SNAPSHOT/hadoop-ozone-s3gateway-0.6.0-SNAPSHOT.jar:/home/user/.m2/repository/org/jboss/weld/servlet/weld-servlet/2.4.7.Final/weld-servlet-2.4.7.Final.jar:/home/user/.m2/repository/org/glassfish/jersey/containers/jersey-container-servlet-core/2.27/jersey-container-servlet-core-2.27.jar:/home/user/.m2/repository/org/glassfish/hk2/external/javax.inject/2.5.0-b42/javax.inject-2.5.0-b42.jar:/home/user/.m2/repository/org/glassfish/jersey/core/jersey-common/2.27/jersey-common-2.27.jar:/home/user/.m2/repository/org/glassfish/hk2/osgi-resource-locator/1.0.1/osgi-resource-locator-1.0.1.jar:/home/user/.m2/repository/javax/ws/rs/javax.ws.rs-api/2.1/javax.ws.rs-api-2.1.jar:/home/user/.m2/repository/org/glassfish/jersey/ext/cdi/jersey-cdi1x/2.27/jersey-cdi1x-2.27.jar:/home/user/.m2/repository/org/glassfish/jersey/inject/jersey-hk2/2.27/jersey-hk2-2.27.jar:/home/user/.m2/repository/org/glassfish/hk2/hk2-locator/2.5.0-b42/hk2-locator-2.5.0-b42.jar:/home/user/.m2/repository/org/javassist/javassist/3.22.0-CR2/javassist-3.22.0-CR2.jar:/home/user/.m2/repository/org/glassfish/hk2/hk2-api/2.5.0/hk2-api-2.5.0.jar:/home/user/.m2/repository/org/glassfish/hk2/external/jakarta.inject/2.5.0/jakarta.inject-2.5.0.jar:/home/user/.m2/repository/org/glassfish/hk2/hk2-utils/2.5.0/hk2-utils-2.5.0.jar:/home/user/.m2/repository/jakarta/annotation/jakarta.annotation-api/1.3.4/jakarta.annotation-api-1.3.4.jar:/home/user/.m2/repository/org/glassfish/hk2/external/aopalliance-repackaged/2.5.0/aopalliance-repackaged-2.5.0.jar:/home/user/.m2/repository/com/fasterxml/jackson/dataformat/jackson-dataformat-xml/2.9.0/jackson-dataformat-xml-2.9.0.jar:/home/user/.m2/repository/com/fasterxml/jackson/core/jackson-core/2.10.3/jackson-core-2.10.3.jar:/home/user/.m2/repository/com/fasterxml/jackson/module/jackson-module-jaxb-annotations/2.10.3/jackson-module-jaxb-annotations-2.10.3.jar:/home/user/.m2/repository/jakarta/xml/bind/jakarta.xml.bind-api/2.3.2/jakarta.xml.bind-api-2.3.2.jar:/home/user/.m2/repository/jakarta/activation/jakarta.activation-api/1.2.1/jakarta.activation-api-1.2.1.jar:/home/user/.m2/repository/org/codehaus/woodstox/stax2-api/3.1.4/stax2-api-3.1.4.jar:/home/user/.m2/repository/com/fasterxml/woodstox/woodstox-core/5.0.3/woodstox-core-5.0.3.jar:/home/user/.m2/repository/javax/enterprise/cdi-api/1.2/cdi-api-1.2.jar:/home/user/.m2/repository/javax/el/javax.el-api/3.0.0/javax.el-api-3.0.0.jar:/home/user/.m2/repository/javax/interceptor/javax.interceptor-api/1.2/javax.interceptor-api-1.2.jar:/home/user/.m2/repository/javax/inject/javax.inject/1/javax.inject-1.jar:/home/user/.m2/repository/com/sun/xml/bind/jaxb-impl/2.3.0.1/jaxb-impl-2.3.0.1.jar:/home/user/.m2/repository/com/sun/xml/bind/jaxb-core/2.3.0.1/jaxb-core-2.3.0.1.jar:/home/user/.m2/repository/javax/xml/bind/jaxb-api/2.3.0/jaxb-api-2.3.0.jar:/home/user/.m2/repository/javax/activation/activation/1.1.1/activation-1.1.1.jar:/home/user/.m2/repository/org/apache/hadoop/hadoop-ozone-csi/0.6.0-SNAPSHOT/hadoop-ozone-csi-0.6.0-SNAPSHOT.jar:/home/user/.m2/repository/com/google/protobuf/protobuf-java-util/3.5.1/protobuf-java-util-3.5.1.jar:/home/user/.m2/repository/com/google/code/gson/gson/2.2.4/gson-2.2.4.jar:/home/user/.m2/repository/org/apache/hadoop/hadoop-hdds-config/0.6.0-SNAPSHOT/hadoop-hdds-config-0.6.0-SNAPSHOT.jar:/home/user/.m2/repository/com/google/protobuf/protobuf-java/2.5.0/protobuf-java-2.5.0.jar:/home/user/.m2/repository/io/grpc/grpc-netty/1.17.1/grpc-netty-1.17.1.jar:/home/user/.m2/repository/io/grpc/grpc-core/1.17.1/grpc-core-1.17.1.jar:/home/user/.m2/repository/io/grpc/grpc-context/1.17.1/grpc-context-1.17.1.jar:/home/user/.m2/repository/org/codehaus/mojo/animal-sniffer-annotations/1.17/animal-sniffer-annotations-1.17.jar:/home/user/.m2/repository/io/opencensus/opencensus-api/0.17.0/opencensus-api-0.17.0.jar:/home/user/.m2/repository/io/opencensus/opencensus-contrib-grpc-metrics/0.17.0/opencensus-contrib-grpc-metrics-0.17.0.jar:/home/user/.m2/repository/io/netty/netty-codec-http2/4.1.30.Final/netty-codec-http2-4.1.30.Final.jar:/home/user/.m2/repository/io/netty/netty-codec-http/4.1.30.Final/netty-codec-http-4.1.30.Final.jar:/home/user/.m2/repository/io/netty/netty-codec/4.1.30.Final/netty-codec-4.1.30.Final.jar:/home/user/.m2/repository/io/netty/netty-handler/4.1.30.Final/netty-handler-4.1.30.Final.jar:/home/user/.m2/repository/io/netty/netty-handler-proxy/4.1.30.Final/netty-handler-proxy-4.1.30.Final.jar:/home/user/.m2/repository/io/netty/netty-codec-socks/4.1.30.Final/netty-codec-socks-4.1.30.Final.jar:/home/user/.m2/repository/io/netty/netty-transport-native-epoll/4.1.30.Final/netty-transport-native-epoll-4.1.30.Final.jar:/home/user/.m2/repository/io/netty/netty-common/4.1.30.Final/netty-common-4.1.30.Final.jar:/home/user/.m2/repository/io/netty/netty-buffer/4.1.30.Final/netty-buffer-4.1.30.Final.jar:/home/user/.m2/repository/io/netty/netty-transport/4.1.30.Final/netty-transport-4.1.30.Final.jar:/home/user/.m2/repository/io/netty/netty-resolver/4.1.30.Final/netty-resolver-4.1.30.Final.jar:/home/user/.m2/repository/io/netty/netty-transport-native-unix-common/4.1.30.Final/netty-transport-native-unix-common-4.1.30.Final.jar:/home/user/.m2/repository/io/grpc/grpc-protobuf/1.17.1/grpc-protobuf-1.17.1.jar:/home/user/.m2/repository/com/google/api/grpc/proto-google-common-protos/1.0.0/proto-google-common-protos-1.0.0.jar:/home/user/.m2/repository/io/grpc/grpc-protobuf-lite/1.17.1/grpc-protobuf-lite-1.17.1.jar:/home/user/.m2/repository/io/grpc/grpc-stub/1.17.1/grpc-stub-1.17.1.jar:/home/user/.m2/repository/org/apache/hadoop/hadoop-ozone-recon/0.6.0-SNAPSHOT/hadoop-ozone-recon-0.6.0-SNAPSHOT.jar:/home/user/.m2/repository/org/apache/hadoop/hadoop-ozone-reconcodegen/0.6.0-SNAPSHOT/hadoop-ozone-reconcodegen-0.6.0-SNAPSHOT.jar:/home/user/.m2/repository/com/google/inject/extensions/guice-multibindings/4.0/guice-multibindings-4.0.jar:/home/user/.m2/repository/com/google/inject/guice/4.0/guice-4.0.jar:/home/user/.m2/repository/aopalliance/aopalliance/1.0/aopalliance-1.0.jar:/home/user/.m2/repository/com/google/inject/extensions/guice-servlet/4.0/guice-servlet-4.0.jar:/home/user/.m2/repository/org/glassfish/jersey/containers/jersey-container-servlet/2.27/jersey-container-servlet-2.27.jar:/home/user/.m2/repository/org/glassfish/hk2/guice-bridge/2.5.0/guice-bridge-2.5.0.jar:/home/user/.m2/repository/org/glassfish/jersey/core/jersey-server/2.27/jersey-server-2.27.jar:/home/user/.m2/repository/org/glassfish/jersey/core/jersey-client/2.27/jersey-client-2.27.jar:/home/user/.m2/repository/org/glassfish/jersey/media/jersey-media-jaxb/2.27/jersey-media-jaxb-2.27.jar:/home/user/.m2/repository/javax/validation/validation-api/1.1.0.Final/validation-api-1.1.0.Final.jar:/home/user/.m2/repository/org/glassfish/jersey/media/jersey-media-json-jackson/2.27/jersey-media-json-jackson-2.27.jar:/home/user/.m2/repository/org/glassfish/jersey/ext/jersey-entity-filtering/2.27/jersey-entity-filtering-2.27.jar:/home/user/.m2/repository/com/google/inject/extensions/guice-assistedinject/4.0/guice-assistedinject-4.0.jar:/home/user/.m2/repository/org/jooq/jooq/3.11.10/jooq-3.11.10.jar:/home/user/.m2/repository/org/jooq/jooq-meta/3.11.10/jooq-meta-3.11.10.jar:/home/user/.m2/repository/org/jooq/jooq-codegen/3.11.10/jooq-codegen-3.11.10.jar:/home/user/.m2/repository/com/jolbox/bonecp/0.8.0.RELEASE/bonecp-0.8.0.RELEASE.jar:/home/user/.m2/repository/org/xerial/sqlite-jdbc/3.25.2/sqlite-jdbc-3.25.2.jar:/home/user/.m2/repository/org/springframework/spring-jdbc/5.2.5.RELEASE/spring-jdbc-5.2.5.RELEASE.jar:/home/user/.m2/repository/org/springframework/spring-beans/5.2.5.RELEASE/spring-beans-5.2.5.RELEASE.jar:/home/user/.m2/repository/org/springframework/spring-core/5.2.5.RELEASE/spring-core-5.2.5.RELEASE.jar:/home/user/.m2/repository/org/springframework/spring-jcl/5.2.5.RELEASE/spring-jcl-5.2.5.RELEASE.jar:/home/user/.m2/repository/org/springframework/spring-tx/5.2.5.RELEASE/spring-tx-5.2.5.RELEASE.jar:/home/user/.m2/repository/org/apache/hadoop/hadoop-ozone-client/0.6.0-SNAPSHOT/hadoop-ozone-client-0.6.0-SNAPSHOT.jar:/home/user/.m2/repository/org/apache/hadoop/hadoop-ozone-filesystem/0.6.0-SNAPSHOT/hadoop-ozone-filesystem-0.6.0-SNAPSHOT.jar:/home/user/.m2/repository/org/apache/hadoop/hadoop-hdds-hadoop-dependency-client/0.6.0-SNAPSHOT/hadoop-hdds-hadoop-dependency-client-0.6.0-SNAPSHOT.jar:/home/user/.m2/repository/org/apache/hadoop/hadoop-ozone-tools/0.6.0-SNAPSHOT/hadoop-ozone-tools-0.6.0-SNAPSHOT.jar:/home/user/.m2/repository/org/apache/hadoop/hadoop-hdfs/3.2.0/hadoop-hdfs-3.2.0.jar:/home/user/.m2/repository/org/apache/ratis/ratis-tools/0.6.0-7c5b30d-SNAPSHOT/ratis-tools-0.6.0-7c5b30d-SNAPSHOT.jar:/home/user/.m2/repository/org/apache/ratis/ratis-proto/0.6.0-7c5b30d-SNAPSHOT/ratis-proto-0.6.0-7c5b30d-SNAPSHOT.jar:/home/user/.m2/repository/org/apache/ratis/ratis-common/0.6.0-7c5b30d-SNAPSHOT/ratis-common-0.6.0-7c5b30d-SNAPSHOT.jar:/home/user/.m2/repository/com/amazonaws/aws-java-sdk-core/1.11.615/aws-java-sdk-core-1.11.615.jar:/home/user/.m2/repository/org/apache/httpcomponents/httpclient/4.5.2/httpclient-4.5.2.jar:/home/user/.m2/repository/org/apache/httpcomponents/httpcore/4.4.4/httpcore-4.4.4.jar:/home/user/.m2/repository/software/amazon/ion/ion-java/1.0.2/ion-java-1.0.2.jar:/home/user/.m2/repository/com/fasterxml/jackson/dataformat/jackson-dataformat-cbor/2.10.3/jackson-dataformat-cbor-2.10.3.jar:/home/user/.m2/repository/joda-time/joda-time/2.9.9/joda-time-2.9.9.jar:/home/user/.m2/repository/com/amazonaws/aws-java-sdk-s3/1.11.615/aws-java-sdk-s3-1.11.615.jar:/home/user/.m2/repository/com/amazonaws/aws-java-sdk-kms/1.11.615/aws-java-sdk-kms-1.11.615.jar:/home/user/.m2/repository/com/amazonaws/jmespath-java/1.11.615/jmespath-java-1.11.615.jar:/home/user/.m2/repository/org/apache/hadoop/hadoop-hdds-tools/0.6.0-SNAPSHOT/hadoop-hdds-tools-0.6.0-SNAPSHOT.jar:/home/user/.m2/repository/commons-cli/commons-cli/1.2/commons-cli-1.2.jar:/home/user/.m2/repository/commons-lang/commons-lang/2.6/commons-lang-2.6.jar:/home/user/.m2/repository/org/apache/hadoop/hadoop-ozone-ozone-manager/0.6.0-SNAPSHOT/hadoop-ozone-ozone-manager-0.6.0-SNAPSHOT-tests.jar:/home/user/.m2/repository/junit/junit/4.11/junit-4.11.jar:/home/user/.m2/repository/org/hamcrest/hamcrest-core/1.3/hamcrest-core-1.3.jar:/home/user/.m2/repository/org/openjdk/jmh/jmh-core/1.19/jmh-core-1.19.jar:/home/user/.m2/repository/net/sf/jopt-simple/jopt-simple/4.6/jopt-simple-4.6.jar:/home/user/.m2/repository/org/apache/commons/commons-math3/3.1.1/commons-math3-3.1.1.jar:/home/user/.m2/repository/org/openjdk/jmh/jmh-generator-annprocess/1.19/jmh-generator-annprocess-1.19.jar:/home/user/.m2/repository/org/mockito/mockito-all/1.8.5/mockito-all-1.8.5.jar:/home/user/.m2/repository/org/apache/hadoop/hadoop-kms/3.2.0/hadoop-kms-3.2.0.jar:/home/user/.m2/repository/org/apache/hadoop/hadoop-auth/3.2.0/hadoop-auth-3.2.0.jar:/home/user/.m2/repository/com/nimbusds/nimbus-jose-jwt/7.9/nimbus-jose-jwt-7.9.jar:/home/user/.m2/repository/com/github/stephenc/jcip/jcip-annotations/1.0-1/jcip-annotations-1.0-1.jar:/home/user/.m2/repository/net/minidev/json-smart/2.3/json-smart-2.3.jar:/home/user/.m2/repository/net/minidev/accessors-smart/1.2/accessors-smart-1.2.jar:/home/user/.m2/repository/org/ow2/asm/asm/5.0.4/asm-5.0.4.jar:/home/user/.m2/repository/org/apache/zookeeper/zookeeper/3.4.13/zookeeper-3.4.13.jar:/home/user/.m2/repository/org/apache/yetus/audience-annotations/0.5.0/audience-annotations-0.5.0.jar:/home/user/.m2/repository/org/apache/curator/curator-framework/2.12.0/curator-framework-2.12.0.jar:/home/user/.m2/repository/com/sun/jersey/jersey-core/1.19/jersey-core-1.19.jar:/home/user/.m2/repository/javax/ws/rs/jsr311-api/1.1.1/jsr311-api-1.1.1.jar:/home/user/.m2/repository/com/sun/jersey/jersey-server/1.19/jersey-server-1.19.jar:/home/user/.m2/repository/javax/servlet/javax.servlet-api/3.1.0/javax.servlet-api-3.1.0.jar:/home/user/.m2/repository/org/eclipse/jetty/jetty-server/9.4.26.v20200117/jetty-server-9.4.26.v20200117.jar:/home/user/.m2/repository/org/eclipse/jetty/jetty-http/9.4.26.v20200117/jetty-http-9.4.26.v20200117.jar:/home/user/.m2/repository/org/eclipse/jetty/jetty-io/9.4.26.v20200117/jetty-io-9.4.26.v20200117.jar:/home/user/.m2/repository/org/eclipse/jetty/jetty-webapp/9.4.26.v20200117/jetty-webapp-9.4.26.v20200117.jar:/home/user/.m2/repository/org/eclipse/jetty/jetty-xml/9.4.26.v20200117/jetty-xml-9.4.26.v20200117.jar:/home/user/.m2/repository/org/eclipse/jetty/jetty-servlet/9.4.26.v20200117/jetty-servlet-9.4.26.v20200117.jar:/home/user/.m2/repository/org/eclipse/jetty/jetty-security/9.4.26.v20200117/jetty-security-9.4.26.v20200117.jar:/home/user/.m2/repository/org/apache/hadoop/hadoop-common/3.2.0/hadoop-common-3.2.0.jar:/home/user/.m2/repository/commons-net/commons-net/3.6/commons-net-3.6.jar:/home/user/.m2/repository/commons-collections/commons-collections/3.2.2/commons-collections-3.2.2.jar:/home/user/.m2/repository/com/sun/jersey/jersey-servlet/1.19/jersey-servlet-1.19.jar:/home/user/.m2/repository/com/sun/jersey/jersey-json/1.19/jersey-json-1.19.jar:/home/user/.m2/repository/org/codehaus/jettison/jettison/1.1/jettison-1.1.jar:/home/user/.m2/repository/org/codehaus/jackson/jackson-jaxrs/1.9.13/jackson-jaxrs-1.9.13.jar:/home/user/.m2/repository/org/codehaus/jackson/jackson-xc/1.9.13/jackson-xc-1.9.13.jar:/home/user/.m2/repository/commons-beanutils/commons-beanutils/1.9.4/commons-beanutils-1.9.4.jar:/home/user/.m2/repository/org/apache/commons/commons-configuration2/2.1.1/commons-configuration2-2.1.1.jar:/home/user/.m2/repository/org/apache/commons/commons-text/1.4/commons-text-1.4.jar:/home/user/.m2/repository/com/google/re2j/re2j/1.1/re2j-1.1.jar:/home/user/.m2/repository/com/jcraft/jsch/0.1.54/jsch-0.1.54.jar:/home/user/.m2/repository/org/apache/curator/curator-client/2.12.0/curator-client-2.12.0.jar:/home/user/.m2/repository/org/apache/curator/curator-recipes/2.12.0/curator-recipes-2.12.0.jar:/home/user/.m2/repository/dnsjava/dnsjava/2.1.7/dnsjava-2.1.7.jar:/home/user/.m2/repository/org/slf4j/jul-to-slf4j/1.7.25/jul-to-slf4j-1.7.25.jar:/home/user/.m2/repository/org/eclipse/jetty/jetty-util/9.4.26.v20200117/jetty-util-9.4.26.v20200117.jar:/home/user/.m2/repository/com/fasterxml/jackson/core/jackson-databind/2.10.3/jackson-databind-2.10.3.jar:/home/user/.m2/repository/org/apache/hadoop/hadoop-kms/3.2.0/hadoop-kms-3.2.0-tests.jar:/home/user/.m2/repository/org/apache/hadoop/hadoop-hdds-server-scm/0.6.0-SNAPSHOT/hadoop-hdds-server-scm-0.6.0-SNAPSHOT-tests.jar:/home/user/.m2/repository/org/apache/hadoop/hadoop-hdds-container-service/0.6.0-SNAPSHOT/hadoop-hdds-container-service-0.6.0-SNAPSHOT-tests.jar:/home/user/.m2/repository/org/apache/hadoop/hadoop-hdds-common/0.6.0-SNAPSHOT/hadoop-hdds-common-0.6.0-SNAPSHOT-tests.jar:/home/user/.m2/repository/org/yaml/snakeyaml/1.16/snakeyaml-1.16.jar:/home/user/.m2/repository/org/apache/hadoop/hadoop-hdds-hadoop-dependency-test/0.6.0-SNAPSHOT/hadoop-hdds-hadoop-dependency-test-0.6.0-SNAPSHOT.jar:/home/user/.m2/repository/org/apache/hadoop/hadoop-common/3.2.0/hadoop-common-3.2.0-tests.jar:/home/user/.m2/repository/javax/servlet/jsp/jsp-api/2.1/jsp-api-2.1.jar:/home/user/.m2/repository/org/apache/hadoop/hadoop-hdfs/3.2.0/hadoop-hdfs-3.2.0-tests.jar:/home/user/.m2/repository/org/eclipse/jetty/jetty-util-ajax/9.4.26.v20200117/jetty-util-ajax-9.4.26.v20200117.jar:/home/user/.m2/repository/commons-codec/commons-codec/1.11/commons-codec-1.11.jar:/home/user/.m2/repository/commons-daemon/commons-daemon/1.0.13/commons-daemon-1.0.13.jar:/home/user/.m2/repository/io/netty/netty/3.10.5.Final/netty-3.10.5.Final.jar:/home/user/.m2/repository/io/netty/netty-all/4.1.47.Final/netty-all-4.1.47.Final.jar:/home/user/.m2/repository/org/apache/htrace/htrace-core4/4.1.0-incubating/htrace-core4-4.1.0-incubating.jar:/home/user/.m2/repository/org/fusesource/leveldbjni/leveldbjni-all/1.8/leveldbjni-all-1.8.jar:/home/user/.m2/repository/org/apache/hadoop/hadoop-distcp/3.2.0/hadoop-distcp-3.2.0.jar:/home/user/.m2/repository/org/apache/hadoop/hadoop-mapreduce-client-jobclient/3.2.0/hadoop-mapreduce-client-jobclient-3.2.0.jar:/home/user/.m2/repository/org/apache/hadoop/hadoop-mapreduce-client-common/3.2.0/hadoop-mapreduce-client-common-3.2.0.jar:/home/user/.m2/repository/org/apache/hadoop/hadoop-yarn-common/3.2.0/hadoop-yarn-common-3.2.0.jar:/home/user/.m2/repository/org/apache/hadoop/hadoop-yarn-api/3.2.0/hadoop-yarn-api-3.2.0.jar:/home/user/.m2/repository/com/sun/jersey/jersey-client/1.19/jersey-client-1.19.jar:/home/user/.m2/repository/com/sun/jersey/contribs/jersey-guice/1.19/jersey-guice-1.19.jar:/home/user/.m2/repository/com/fasterxml/jackson/jaxrs/jackson-jaxrs-json-provider/2.10.3/jackson-jaxrs-json-provider-2.10.3.jar:/home/user/.m2/repository/com/fasterxml/jackson/jaxrs/jackson-jaxrs-base/2.10.3/jackson-jaxrs-base-2.10.3.jar:/home/user/.m2/repository/org/apache/hadoop/hadoop-yarn-client/3.2.0/hadoop-yarn-client-3.2.0.jar:/home/user/.m2/repository/org/apache/hadoop/hadoop-mapreduce-client-core/3.2.0/hadoop-mapreduce-client-core-3.2.0.jar:/home/user/.m2/repository/org/apache/avro/avro/1.7.7/avro-1.7.7.jar:/home/user/.m2/repository/org/codehaus/jackson/jackson-core-asl/1.9.13/jackson-core-asl-1.9.13.jar:/home/user/.m2/repository/org/codehaus/jackson/jackson-mapper-asl/1.9.13/jackson-mapper-asl-1.9.13.jar:/home/user/.m2/repository/com/thoughtworks/paranamer/paranamer/2.3/paranamer-2.3.jar:/home/user/.m2/repository/org/xerial/snappy/snappy-java/1.0.5/snappy-java-1.0.5.jar:/home/user/.m2/repository/org/apache/hadoop/hadoop-annotations/3.2.0/hadoop-annotations-3.2.0.jar:/usr/lib/jvm/java-1.8.0-openjdk-1.8.0.232.b09-0.el7_7.x86_64/jre/../lib/tools.jar:/home/user/.m2/repository/org/apache/hadoop/hadoop-distcp/3.2.0/hadoop-distcp-3.2.0-tests.jar:"/>
    <property name="sun.cpu.endian" value="little"/>
    <property name="user.home" value="/home/user"/>
    <property name="user.language" value="en"/>
    <property name="java.specification.vendor" value="Oracle Corporation"/>
    <property name="java.home" value="/usr/lib/jvm/java-1.8.0-openjdk-1.8.0.232.b09-0.el7_7.x86_64/jre"/>
    <property name="java.security.krb5.conf" value="/github/workspace/hadoop-ozone/integration-test/target/test-classes/krb5.conf"/>
    <property name="basedir" value="/github/workspace/hadoop-ozone/integration-test"/>
    <property name="file.separator" value="/"/>
    <property name="line.separator" value="&#10;"/>
    <property name="java.vm.specification.vendor" value="Oracle Corporation"/>
    <property name="java.specification.name" value="Java Platform API Specification"/>
    <property name="java.awt.graphicsenv" value="sun.awt.X11GraphicsEnvironment"/>
    <property name="surefire.real.class.path" value="/github/workspace/hadoop-ozone/integration-test/target/surefire/surefirebooter4861517026543328079.jar:/home/user/.m2/repository/org/jacoco/org.jacoco.agent/0.8.3/org.jacoco.agent-0.8.3-runtime.jar"/>
    <property name="hadoop.log.dir" value="/github/workspace/hadoop-ozone/integration-test/target/log"/>
    <property name="sun.boot.class.path" value="/usr/lib/jvm/java-1.8.0-openjdk-1.8.0.232.b09-0.el7_7.x86_64/jre/lib/resources.jar:/usr/lib/jvm/java-1.8.0-openjdk-1.8.0.232.b09-0.el7_7.x86_64/jre/lib/rt.jar:/usr/lib/jvm/java-1.8.0-openjdk-1.8.0.232.b09-0.el7_7.x86_64/jre/lib/sunrsasign.jar:/usr/lib/jvm/java-1.8.0-openjdk-1.8.0.232.b09-0.el7_7.x86_64/jre/lib/jsse.jar:/usr/lib/jvm/java-1.8.0-openjdk-1.8.0.232.b09-0.el7_7.x86_64/jre/lib/jce.jar:/usr/lib/jvm/java-1.8.0-openjdk-1.8.0.232.b09-0.el7_7.x86_64/jre/lib/charsets.jar:/usr/lib/jvm/java-1.8.0-openjdk-1.8.0.232.b09-0.el7_7.x86_64/jre/lib/jfr.jar:/usr/lib/jvm/java-1.8.0-openjdk-1.8.0.232.b09-0.el7_7.x86_64/jre/classes"/>
    <property name="sun.management.compiler" value="HotSpot 64-Bit Tiered Compilers"/>
    <property name="java.runtime.version" value="1.8.0_232-b09"/>
    <property name="java.net.preferIPv4Stack" value="true"/>
    <property name="user.name" value="jenkins1001"/>
    <property name="path.separator" value=":"/>
    <property name="java.security.egd" value="file:///dev/urandom"/>
    <property name="os.version" value="5.0.0-1035-azure"/>
    <property name="java.endorsed.dirs" value="/usr/lib/jvm/java-1.8.0-openjdk-1.8.0.232.b09-0.el7_7.x86_64/jre/lib/endorsed"/>
    <property name="java.runtime.name" value="OpenJDK Runtime Environment"/>
    <property name="file.encoding" value="ANSI_X3.4-1968"/>
    <property name="java.vm.name" value="OpenJDK 64-Bit Server VM"/>
    <property name="test.build.webapps" value=""/>
    <property name="localRepository" value="/home/user/.m2/repository"/>
    <property name="java.vendor.url.bug" value="http://bugreport.sun.com/bugreport/"/>
    <property name="java.io.tmpdir" value="/tmp"/>
    <property name="require.test.libhadoop" value=""/>
    <property name="java.version" value="1.8.0_232"/>
    <property name="user.dir" value="/github/workspace/hadoop-ozone/integration-test"/>
    <property name="os.arch" value="amd64"/>
    <property name="java.vm.specification.name" value="Java Virtual Machine Specification"/>
    <property name="test.build.classes" value="/github/workspace/hadoop-ozone/integration-test/target/test-classes"/>
    <property name="java.awt.printerjob" value="sun.print.PSPrinterJob"/>
    <property name="sun.os.patch.level" value="unknown"/>
    <property name="hadoop.tmp.dir" value="/github/workspace/hadoop-ozone/integration-test/target/tmp"/>
    <property name="java.library.path" value="/usr/lib:/usr/java/packages/lib/amd64:/usr/lib64:/lib64:/lib:/usr/lib"/>
    <property name="java.vm.info" value="mixed mode"/>
    <property name="java.vendor" value="Oracle Corporation"/>
    <property name="java.vm.version" value="25.232-b09"/>
    <property name="java.ext.dirs" value="/usr/lib/jvm/java-1.8.0-openjdk-1.8.0.232.b09-0.el7_7.x86_64/jre/lib/ext:/usr/java/packages/lib/ext"/>
    <property name="sun.io.unicode.encoding" value="UnicodeLittle"/>
    <property name="java.class.version" value="52.0"/>
  </properties>
  <testcase name="testMultipartUpload" classname="org.apache.hadoop.ozone.om.TestOzoneManagerHA" time="30.667"/>
  <testcase name="testOMRatisSnapshot" classname="org.apache.hadoop.ozone.om.TestOzoneManagerHA" time="25.55"/>
  <testcase name="testFileOperationsWithRecursive" classname="org.apache.hadoop.ozone.om.TestOzoneManagerHA" time="24.836"/>
  <testcase name="testOMRetryProxy" classname="org.apache.hadoop.ozone.om.TestOzoneManagerHA" time="0">
    <skipped message="This test randomly failing. Let&apos;s enable once its fixed."/>
  </testcase>
  <testcase name="testOMProxyProviderFailoverToCurrentLeader" classname="org.apache.hadoop.ozone.om.TestOzoneManagerHA" time="31.704"/>
  <testcase name="testAddBucketAcl" classname="org.apache.hadoop.ozone.om.TestOzoneManagerHA" time="24.315"/>
  <testcase name="testMultipartUploadWithOneOmNodeDown" classname="org.apache.hadoop.ozone.om.TestOzoneManagerHA" time="0">
    <skipped message="This test failing randomly and triggering HDDS-3465."/>
  </testcase>
  <testcase name="testAllBucketOperations" classname="org.apache.hadoop.ozone.om.TestOzoneManagerHA" time="23.412"/>
  <testcase name="testOMProxyProviderFailoverOnConnectionFailure" classname="org.apache.hadoop.ozone.om.TestOzoneManagerHA" time="0">
    <skipped message="This test randomly failing. Let&apos;s enable once its fixed."/>
  </testcase>
  <testcase name="testAllOMNodesRunning" classname="org.apache.hadoop.ozone.om.TestOzoneManagerHA" time="24.388"/>
  <testcase name="testListParts" classname="org.apache.hadoop.ozone.om.TestOzoneManagerHA" time="28.537"/>
  <testcase name="testRemoveBucketAcl" classname="org.apache.hadoop.ozone.om.TestOzoneManagerHA" time="23.427"/>
  <testcase name="testJMXMetrics" classname="org.apache.hadoop.ozone.om.TestOzoneManagerHA" time="24.31"/>
  <testcase name="testAddPrefixAcl" classname="org.apache.hadoop.ozone.om.TestOzoneManagerHA" time="23.42"/>
  <testcase name="testReadRequest" classname="org.apache.hadoop.ozone.om.TestOzoneManagerHA" time="24.341"/>
  <testcase name="testRemoveKeyAcl" classname="org.apache.hadoop.ozone.om.TestOzoneManagerHA" time="23.657"/>
  <testcase name="testAllVolumeOperations" classname="org.apache.hadoop.ozone.om.TestOzoneManagerHA" time="24.576"/>
  <testcase name="testSetBucketAcl" classname="org.apache.hadoop.ozone.om.TestOzoneManagerHA" time="24.532"/>
  <testcase name="testListVolumes" classname="org.apache.hadoop.ozone.om.TestOzoneManagerHA" time="0">
    <skipped message="This test randomly failing. Let&apos;s enable once its fixed."/>
  </testcase>
  <testcase name="testAddKeyAcl" classname="org.apache.hadoop.ozone.om.TestOzoneManagerHA" time="23.792"/>
  <testcase name="testFileOperationsWithNonRecursive" classname="org.apache.hadoop.ozone.om.TestOzoneManagerHA" time="25.375"/>
  <testcase name="testOMProxyProviderInitialization" classname="org.apache.hadoop.ozone.om.TestOzoneManagerHA" time="23.977"/>
  <testcase name="testRemovePrefixAcl" classname="org.apache.hadoop.ozone.om.TestOzoneManagerHA" time="24.038"/>
  <testcase name="testOneOMNodeDown" classname="org.apache.hadoop.ozone.om.TestOzoneManagerHA" time="29.209"/>
  <testcase name="testSetKeyAcl" classname="org.apache.hadoop.ozone.om.TestOzoneManagerHA" time="24.335"/>
  <testcase name="testTwoOMNodesDown" classname="org.apache.hadoop.ozone.om.TestOzoneManagerHA" time="45.165">
    <error message="Could not determine or connect to OM Leader." type="java.io.IOException">java.io.IOException: Could not determine or connect to OM Leader.
	at org.apache.hadoop.ozone.om.protocolPB.OzoneManagerProtocolClientSideTranslatorPB.submitRequest(OzoneManagerProtocolClientSideTranslatorPB.java:434)
	at org.apache.hadoop.ozone.om.protocolPB.OzoneManagerProtocolClientSideTranslatorPB.createVolume(OzoneManagerProtocolClientSideTranslatorPB.java:455)
	at sun.reflect.GeneratedMethodAccessor176.invoke(Unknown Source)
	at sun.reflect.DelegatingMethodAccessorImpl.invoke(DelegatingMethodAccessorImpl.java:43)
	at java.lang.reflect.Method.invoke(Method.java:498)
	at org.apache.hadoop.hdds.tracing.TraceAllMethod.invoke(TraceAllMethod.java:71)
	at com.sun.proxy.$Proxy44.createVolume(Unknown Source)
	at org.apache.hadoop.ozone.client.rpc.RpcClient.createVolume(RpcClient.java:309)
	at sun.reflect.GeneratedMethodAccessor178.invoke(Unknown Source)
	at sun.reflect.DelegatingMethodAccessorImpl.invoke(DelegatingMethodAccessorImpl.java:43)
	at java.lang.reflect.Method.invoke(Method.java:498)
	at org.apache.hadoop.ozone.client.OzoneClientInvocationHandler.invoke(OzoneClientInvocationHandler.java:54)
	at com.sun.proxy.$Proxy45.createVolume(Unknown Source)
	at sun.reflect.GeneratedMethodAccessor177.invoke(Unknown Source)
	at sun.reflect.DelegatingMethodAccessorImpl.invoke(DelegatingMethodAccessorImpl.java:43)
	at java.lang.reflect.Method.invoke(Method.java:498)
	at org.apache.hadoop.hdds.tracing.TraceAllMethod.invoke(TraceAllMethod.java:71)
	at com.sun.proxy.$Proxy45.createVolume(Unknown Source)
	at org.apache.hadoop.ozone.client.ObjectStore.createVolume(ObjectStore.java:102)
	at org.apache.hadoop.ozone.om.TestOzoneManagerHA.createKeyTest(TestOzoneManagerHA.java:557)
	at org.apache.hadoop.ozone.om.TestOzoneManagerHA.testTwoOMNodesDown(TestOzoneManagerHA.java:293)
	at sun.reflect.NativeMethodAccessorImpl.invoke0(Native Method)
	at sun.reflect.NativeMethodAccessorImpl.invoke(NativeMethodAccessorImpl.java:62)
	at sun.reflect.DelegatingMethodAccessorImpl.invoke(DelegatingMethodAccessorImpl.java:43)
	at java.lang.reflect.Method.invoke(Method.java:498)
	at org.junit.runners.model.FrameworkMethod$1.runReflectiveCall(FrameworkMethod.java:47)
	at org.junit.internal.runners.model.ReflectiveCallable.run(ReflectiveCallable.java:12)
	at org.junit.runners.model.FrameworkMethod.invokeExplosively(FrameworkMethod.java:44)
	at org.junit.internal.runners.statements.InvokeMethod.evaluate(InvokeMethod.java:17)
	at org.junit.internal.runners.statements.RunBefores.evaluate(RunBefores.java:26)
	at org.junit.internal.runners.statements.RunAfters.evaluate(RunAfters.java:27)
	at org.junit.rules.ExpectedException$ExpectedExceptionStatement.evaluate(ExpectedException.java:168)
	at org.junit.internal.runners.statements.FailOnTimeout$StatementThread.run(FailOnTimeout.java:74)
</error>
    <system-out><![CDATA[2020-04-21 09:12:31,599 [Thread-8729] WARN  server.ServerUtils (ServerUtils.java:getScmDbDir(148)) - ozone.scm.db.dirs is not configured. We recommend adding this setting. Falling back to ozone.metadata.dirs instead.
2020-04-21 09:12:31,603 [Thread-8729] WARN  server.ServerUtils (ServerUtils.java:getScmDbDir(148)) - ozone.scm.db.dirs is not configured. We recommend adding this setting. Falling back to ozone.metadata.dirs instead.
2020-04-21 09:12:31,603 [Thread-8729] WARN  server.ServerUtils (ServerUtils.java:getScmDbDir(148)) - ozone.scm.db.dirs is not configured. We recommend adding this setting. Falling back to ozone.metadata.dirs instead.
2020-04-21 09:12:31,621 [Thread-8729] INFO  net.NodeSchemaLoader (NodeSchemaLoader.java:loadSchemaFromFile(126)) - Loading file from sun.misc.CompoundEnumeration@1b30cec9
2020-04-21 09:12:31,622 [Thread-8729] INFO  net.NodeSchemaLoader (NodeSchemaLoader.java:loadSchema(172)) - Loading network topology layer schema file
2020-04-21 09:12:31,757 [Thread-8729] WARN  server.ServerUtils (ServerUtils.java:sanitizeUserArgs(73)) - ozone.scm.stale.node.interval value = 300000 is larger than max = 100000 based on the key value of ozone.scm.heartbeat.thread.interval, reset to the max value 100000.
2020-04-21 09:12:31,757 [Thread-8729] WARN  server.ServerUtils (ServerUtils.java:sanitizeUserArgs(73)) - ozone.scm.stale.node.interval value = 300000 is larger than max = 100000 based on the key value of ozone.scm.heartbeat.thread.interval, reset to the max value 100000.
2020-04-21 09:12:31,758 [Thread-8729] INFO  node.SCMNodeManager (SCMNodeManager.java:<init>(116)) - Entering startup safe mode.
2020-04-21 09:12:31,758 [Thread-8729] INFO  algorithms.ContainerPlacementPolicyFactory (ContainerPlacementPolicyFactory.java:getPolicy(60)) - Create container placement policy of type org.apache.hadoop.hdds.scm.container.placement.algorithms.SCMContainerPlacementRandom
2020-04-21 09:12:31,758 [Thread-8729] WARN  server.ServerUtils (ServerUtils.java:getScmDbDir(148)) - ozone.scm.db.dirs is not configured. We recommend adding this setting. Falling back to ozone.metadata.dirs instead.
2020-04-21 09:12:31,767 [Thread-8729] INFO  pipeline.SCMPipelineManager (SCMPipelineManager.java:initializePipelineState(168)) - No pipeline exists in current db
2020-04-21 09:12:31,768 [Thread-8729] WARN  server.ServerUtils (ServerUtils.java:getScmDbDir(148)) - ozone.scm.db.dirs is not configured. We recommend adding this setting. Falling back to ozone.metadata.dirs instead.
2020-04-21 09:12:31,776 [Thread-8729] INFO  safemode.HealthyPipelineSafeModeRule (HealthyPipelineSafeModeRule.java:<init>(89)) - Total pipeline count is 0, healthy pipeline threshold count is 0
2020-04-21 09:12:31,776 [Thread-8729] INFO  safemode.OneReplicaPipelineSafeModeRule (OneReplicaPipelineSafeModeRule.java:<init>(79)) - Total pipeline count is 0, pipeline's with at least one datanode reported threshold count is 0
2020-04-21 09:12:31,777 [Thread-8729] INFO  ipc.CallQueueManager (CallQueueManager.java:<init>(84)) - Using callQueue: class java.util.concurrent.LinkedBlockingQueue, queueCapacity: 2000, scheduler: class org.apache.hadoop.ipc.DefaultRpcScheduler, ipcBackoff: false.
2020-04-21 09:12:31,777 [Socket Reader #1 for port 42867] INFO  ipc.Server (Server.java:run(1074)) - Starting Socket Reader #1 for port 42867
2020-04-21 09:12:31,777 [RatisPipelineUtilsThread] ERROR pipeline.SCMPipelineManager (SCMPipelineManager.java:createPipeline(241)) - Failed to create pipeline of type RATIS and factor ONE. Exception: Cannot create pipeline of factor 1 using 0 nodes. Used 0 nodes. Healthy nodes 0
2020-04-21 09:12:31,783 [Thread-8729] INFO  ipc.CallQueueManager (CallQueueManager.java:<init>(84)) - Using callQueue: class java.util.concurrent.LinkedBlockingQueue, queueCapacity: 2000, scheduler: class org.apache.hadoop.ipc.DefaultRpcScheduler, ipcBackoff: false.
2020-04-21 09:12:31,787 [Socket Reader #1 for port 41223] INFO  ipc.Server (Server.java:run(1074)) - Starting Socket Reader #1 for port 41223
2020-04-21 09:12:31,787 [Thread-8729] INFO  ipc.CallQueueManager (CallQueueManager.java:<init>(84)) - Using callQueue: class java.util.concurrent.LinkedBlockingQueue, queueCapacity: 2000, scheduler: class org.apache.hadoop.ipc.DefaultRpcScheduler, ipcBackoff: false.
2020-04-21 09:12:31,796 [Socket Reader #1 for port 35091] INFO  ipc.Server (Server.java:run(1074)) - Starting Socket Reader #1 for port 35091
2020-04-21 09:12:31,803 [Thread-8729] INFO  http.BaseHttpServer (BaseHttpServer.java:newHttpServer2BuilderForOzone(174)) - Starting Web-server for scm at: http://0.0.0.0:0
2020-04-21 09:12:31,804 [Thread-8729] INFO  server.AuthenticationFilter (AuthenticationFilter.java:constructSecretProvider(240)) - Unable to initialize FileSignerSecretProvider, falling back to use random secrets.
2020-04-21 09:12:31,805 [Thread-8729] WARN  http.HttpRequestLog (HttpRequestLog.java:getRequestLog(103)) - Jetty request log can only be enabled using Log4j
2020-04-21 09:12:31,806 [Thread-8729] INFO  http.HttpServer2 (HttpServer2.java:addGlobalFilter(979)) - Added global filter 'safety' (class=org.apache.hadoop.hdds.server.http.HttpServer2$QuotingInputFilter)
2020-04-21 09:12:31,806 [Thread-8729] INFO  http.HttpServer2 (HttpServer2.java:addFilter(955)) - Added filter static_user_filter (class=org.apache.hadoop.hdds.server.http.StaticUserWebFilter$StaticUserFilter) to context scm
2020-04-21 09:12:31,806 [Thread-8729] INFO  http.HttpServer2 (HttpServer2.java:addFilter(963)) - Added filter static_user_filter (class=org.apache.hadoop.hdds.server.http.StaticUserWebFilter$StaticUserFilter) to context logs
2020-04-21 09:12:31,806 [Thread-8729] INFO  http.HttpServer2 (HttpServer2.java:addFilter(963)) - Added filter static_user_filter (class=org.apache.hadoop.hdds.server.http.StaticUserWebFilter$StaticUserFilter) to context static
2020-04-21 09:12:31,807 [Thread-8729] INFO  server.StorageContainerManager (StorageContainerManager.java:start(775)) - StorageContainerLocationProtocol RPC server is listening at /0.0.0.0:35091
2020-04-21 09:12:31,808 [Thread-8729] WARN  impl.MetricsConfig (MetricsConfig.java:loadFirst(134)) - Cannot locate configuration: tried hadoop-metrics2-storagecontainermanager.properties,hadoop-metrics2.properties
2020-04-21 09:12:31,809 [Thread-8729] INFO  impl.MetricsSystemImpl (MetricsSystemImpl.java:startTimer(374)) - Scheduled Metric snapshot period at 10 second(s).
2020-04-21 09:12:31,809 [Thread-8729] INFO  impl.MetricsSystemImpl (MetricsSystemImpl.java:start(191)) - StorageContainerManager metrics system started
2020-04-21 09:12:32,335 [Thread-8729] WARN  impl.MetricsSystemImpl (MetricsSystemImpl.java:register(276)) - Sink prometheus already exists!
2020-04-21 09:12:32,899 [Thread-8729] INFO  server.SCMClientProtocolServer (SCMClientProtocolServer.java:start(155)) - RPC server for Client  is listening at /0.0.0.0:35091
2020-04-21 09:12:32,900 [IPC Server listener on 35091] INFO  ipc.Server (Server.java:run(1153)) - IPC Server listener on 35091: starting
2020-04-21 09:12:32,900 [IPC Server Responder] INFO  ipc.Server (Server.java:run(1314)) - IPC Server Responder: starting
2020-04-21 09:12:32,908 [Thread-8729] INFO  server.StorageContainerManager (StorageContainerManager.java:start(787)) - ScmBlockLocationProtocol RPC server is listening at /0.0.0.0:41223
2020-04-21 09:12:32,912 [Thread-8729] INFO  server.SCMBlockProtocolServer (SCMBlockProtocolServer.java:start(149)) - RPC server for Block Protocol is listening at /0.0.0.0:41223
2020-04-21 09:12:32,912 [IPC Server Responder] INFO  ipc.Server (Server.java:run(1314)) - IPC Server Responder: starting
2020-04-21 09:12:32,914 [IPC Server listener on 41223] INFO  ipc.Server (Server.java:run(1153)) - IPC Server listener on 41223: starting
2020-04-21 09:12:32,922 [Thread-8729] INFO  server.StorageContainerManager (StorageContainerManager.java:start(793)) - ScmDatanodeProtocl RPC server is listening at /0.0.0.0:42867
2020-04-21 09:12:32,922 [Thread-8729] INFO  server.SCMDatanodeProtocolServer (SCMDatanodeProtocolServer.java:start(172)) - RPC server for DataNodes is listening at /0.0.0.0:42867
2020-04-21 09:12:32,922 [IPC Server Responder] INFO  ipc.Server (Server.java:run(1314)) - IPC Server Responder: starting
2020-04-21 09:12:32,923 [IPC Server listener on 42867] INFO  ipc.Server (Server.java:run(1153)) - IPC Server listener on 42867: starting
2020-04-21 09:12:32,936 [Thread-8729] INFO  http.HttpServer2 (HttpServer2.java:bindListener(1197)) - Jetty bound to port 42087
2020-04-21 09:12:32,936 [Thread-8729] INFO  server.Server (Server.java:doStart(359)) - jetty-9.4.26.v20200117; built: 2020-01-17T12:35:33.676Z; git: 7b38981d25d14afb4a12ff1f2596756144edf695; jvm 1.8.0_232-b09
2020-04-21 09:12:32,937 [Thread-8729] INFO  server.session (DefaultSessionIdManager.java:doStart(333)) - DefaultSessionIdManager workerName=node0
2020-04-21 09:12:32,938 [Thread-8729] INFO  server.session (DefaultSessionIdManager.java:doStart(338)) - No SessionScavenger set, using defaults
2020-04-21 09:12:32,938 [Thread-8729] INFO  server.session (HouseKeeper.java:startScavenging(140)) - node0 Scavenging every 660000ms
2020-04-21 09:12:32,938 [Thread-8729] INFO  handler.ContextHandler (ContextHandler.java:doStart(825)) - Started o.e.j.s.ServletContextHandler@4f23d02{logs,/logs,file:///github/workspace/hadoop-ozone/integration-test/target/log,AVAILABLE}
2020-04-21 09:12:32,938 [Thread-8729] INFO  handler.ContextHandler (ContextHandler.java:doStart(825)) - Started o.e.j.s.ServletContextHandler@3b586059{static,/static,file:///github/workspace/hadoop-ozone/integration-test/target/test-classes/webapps/static,AVAILABLE}
2020-04-21 09:12:32,941 [Thread-8729] INFO  handler.ContextHandler (ContextHandler.java:doStart(825)) - Started o.e.j.w.WebAppContext@11443dac{scm,/,file:///github/workspace/hadoop-ozone/integration-test/target/test-classes/webapps/scm/,AVAILABLE}{file:/github/workspace/hadoop-ozone/integration-test/target/test-classes/webapps/scm}
2020-04-21 09:12:32,942 [Thread-8729] INFO  server.AbstractConnector (AbstractConnector.java:doStart(330)) - Started ServerConnector@f15bf1{HTTP/1.1,[http/1.1]}{0.0.0.0:42087}
2020-04-21 09:12:32,942 [Thread-8729] INFO  server.Server (Server.java:doStart(399)) - Started @534725ms
2020-04-21 09:12:32,942 [Thread-8729] WARN  impl.MetricsSystemImpl (MetricsSystemImpl.java:register(276)) - Sink prometheus already exists!
2020-04-21 09:12:32,945 [Thread-8729] INFO  http.BaseHttpServer (BaseHttpServer.java:updateConnectorAddress(288)) - HTTP server of scm listening at http://0.0.0.0:42087
2020-04-21 09:12:32,952 [Thread-8729] WARN  server.ServerUtils (ServerUtils.java:getDBPath(225)) - ozone.om.db.dirs is not configured. We recommend adding this setting. Falling back to ozone.metadata.dirs instead.
2020-04-21 09:12:32,952 [org.apache.hadoop.util.JvmPauseMonitor$Monitor@13241fcc] INFO  util.JvmPauseMonitor (JvmPauseMonitor.java:run(188)) - Starting JVM pause monitor
2020-04-21 09:12:32,953 [Thread-8729] INFO  ha.OMHANodeDetails (OMHANodeDetails.java:loadOMHAConfig(110)) - ServiceID for OzoneManager is om-service-test1
2020-04-21 09:12:32,953 [Thread-8729] INFO  ha.OMHANodeDetails (OMHANodeDetails.java:loadOMHAConfig(182)) - Found matching OM address with OMServiceId: om-service-test1, OMNodeId: omNode-1, RPC Address: localhost:13936 and Ratis port: 13940
2020-04-21 09:12:32,953 [Thread-8729] INFO  ha.OMHANodeDetails (OMHANodeDetails.java:setOMNodeSpecificConfigs(315)) - Setting configuration key ozone.om.http-address with value of key ozone.om.http-address.omNode-1: 127.0.0.1:13938
2020-04-21 09:12:32,954 [Thread-8729] INFO  ha.OMHANodeDetails (OMHANodeDetails.java:setOMNodeSpecificConfigs(315)) - Setting configuration key ozone.om.https-address with value of key ozone.om.https-address.omNode-1: 127.0.0.1:13939
2020-04-21 09:12:32,954 [Thread-8729] INFO  ha.OMHANodeDetails (OMHANodeDetails.java:setOMNodeSpecificConfigs(315)) - Setting configuration key ozone.om.address with value of key ozone.om.address.omNode-1: 127.0.0.1:13936
2020-04-21 09:12:32,954 [Thread-8729] WARN  server.ServerUtils (ServerUtils.java:getDBPath(225)) - ozone.om.db.dirs is not configured. We recommend adding this setting. Falling back to ozone.metadata.dirs instead.
2020-04-21 09:12:32,954 [Thread-8729] WARN  server.ServerUtils (ServerUtils.java:getDBPath(225)) - ozone.om.db.dirs is not configured. We recommend adding this setting. Falling back to ozone.metadata.dirs instead.
2020-04-21 09:12:32,960 [Thread-8729] WARN  server.ServerUtils (ServerUtils.java:getDBPath(225)) - ozone.om.db.dirs is not configured. We recommend adding this setting. Falling back to ozone.metadata.dirs instead.
2020-04-21 09:12:33,013 [Thread-8729] WARN  server.ServerUtils (ServerUtils.java:getDefaultRatisDirectory(237)) - Storage directory for Ratis is not configured. It is a good idea to map this to an SSD disk. Falling back to ozone.metadata.dirs
2020-04-21 09:12:33,014 [Thread-8729] INFO  ratis.OzoneManagerRatisServer (OzoneManagerRatisServer.java:<init>(266)) - Instantiating OM Ratis server with GroupID: om-service-test1 and Raft Peers: localhost:13940, localhost:13946, localhost:13952
2020-04-21 09:12:33,014 [Thread-8729] INFO  ratis.OzoneManagerStateMachine (OzoneManagerStateMachine.java:updateLastAppliedIndexWithSnaphsotIndex(513)) - LastAppliedIndex set from SnapShotInfo (t:0, i:~)
2020-04-21 09:12:33,014 [Thread-8729] INFO  impl.RaftServerProxy (ConfUtils.java:logGet(44)) - raft.rpc.type = GRPC (default)
2020-04-21 09:12:33,015 [Thread-8729] INFO  grpc.GrpcFactory (GrpcFactory.java:checkPooledByteBufAllocatorUseCacheForAllThreads(45)) - PERFORMANCE WARNING: useCacheForAllThreads is true that may cause Netty to create a lot garbage objects and, as a result, trigger GC.
	It is recommended to disable useCacheForAllThreads by setting -Dorg.apache.ratis.thirdparty.io.netty.allocator.useCacheForAllThreads=false in command line.
2020-04-21 09:12:33,015 [Thread-8729] INFO  grpc.GrpcConfigKeys (ConfUtils.java:logGet(44)) - raft.grpc.server.port = 13940 (custom)
2020-04-21 09:12:33,015 [Thread-8729] INFO  server.GrpcService (ConfUtils.java:logGet(44)) - raft.grpc.message.size.max = 33554432 (custom)
2020-04-21 09:12:33,015 [Thread-8729] INFO  server.RaftServerConfigKeys (ConfUtils.java:logGet(44)) - raft.server.log.appender.buffer.byte-limit = 33554432 (custom)
2020-04-21 09:12:33,015 [Thread-8729] INFO  server.GrpcService (ConfUtils.java:logGet(44)) - raft.grpc.flow.control.window = 1MB (=1048576) (default)
2020-04-21 09:12:33,015 [Thread-8729] INFO  server.RaftServerConfigKeys (ConfUtils.java:logGet(44)) - raft.server.rpc.request.timeout = 3000ms (default)
2020-04-21 09:12:33,016 [Thread-8729] INFO  server.RaftServerConfigKeys (ConfUtils.java:logGet(44)) - raft.server.storage.dir = [/github/workspace/hadoop-ozone/integration-test/target/test-dir/MiniOzoneClusterImpl-f1d3d067-0a31-4f49-b0f8-2dad55a0aeb8/omNode-1/ratis] (custom)
2020-04-21 09:12:33,016 [Thread-8729] INFO  impl.RaftServerProxy (RaftServerProxy.java:addNew(89)) - omNode-1: addNew group-523986131536:[omNode-3:localhost:13952, omNode-1:localhost:13940, omNode-2:localhost:13946] returns group-523986131536:java.util.concurrent.CompletableFuture@4185b63e[Not completed]
2020-04-21 09:12:33,016 [pool-2146-thread-1] INFO  impl.RaftServerImpl (RaftServerImpl.java:<init>(97)) - omNode-1: new RaftServerImpl for group-523986131536:[omNode-3:localhost:13952, omNode-1:localhost:13940, omNode-2:localhost:13946] with OzoneManagerStateMachine:uninitialized
2020-04-21 09:12:33,016 [pool-2146-thread-1] INFO  server.RaftServerConfigKeys (ConfUtils.java:logGet(44)) - raft.server.rpc.timeout.min = 1s (custom)
2020-04-21 09:12:33,016 [pool-2146-thread-1] INFO  server.RaftServerConfigKeys (ConfUtils.java:logGet(44)) - raft.server.rpc.timeout.max = 1200ms (custom)
2020-04-21 09:12:33,016 [pool-2146-thread-1] INFO  server.RaftServerConfigKeys (ConfUtils.java:logGet(44)) - raft.server.rpcslowness.timeout = 2s (custom)
2020-04-21 09:12:33,016 [pool-2146-thread-1] INFO  server.RaftServerConfigKeys (ConfUtils.java:logGet(44)) - raft.server.sleep.deviation.threshold = 300 (default)
2020-04-21 09:12:33,017 [pool-2146-thread-1] INFO  server.RaftServerConfigKeys (ConfUtils.java:logGet(44)) - raft.server.log.appender.install.snapshot.enabled = false (custom)
2020-04-21 09:12:33,017 [pool-2146-thread-1] INFO  impl.RaftServerImpl (ServerState.java:<init>(103)) - omNode-1@group-523986131536: ConfigurationManager, init=-1: [omNode-3:localhost:13952, omNode-1:localhost:13940, omNode-2:localhost:13946], old=null, confs=<EMPTY_MAP>
2020-04-21 09:12:33,017 [pool-2146-thread-1] INFO  server.RaftServerConfigKeys (ConfUtils.java:logGet(44)) - raft.server.storage.dir = [/github/workspace/hadoop-ozone/integration-test/target/test-dir/MiniOzoneClusterImpl-f1d3d067-0a31-4f49-b0f8-2dad55a0aeb8/omNode-1/ratis] (custom)
2020-04-21 09:12:33,017 [pool-2146-thread-1] INFO  server.RaftServerConfigKeys (ConfUtils.java:logGet(44)) - raft.server.log.corruption.policy = EXCEPTION (default)
2020-04-21 09:12:33,017 [pool-2146-thread-1] INFO  storage.RaftStorageDirectory (RaftStorageDirectory.java:analyzeStorage(253)) - The storage directory /github/workspace/hadoop-ozone/integration-test/target/test-dir/MiniOzoneClusterImpl-f1d3d067-0a31-4f49-b0f8-2dad55a0aeb8/omNode-1/ratis/c9bc4cf4-3bc3-3c60-a66b-523986131536 does not exist. Creating ...
2020-04-21 09:12:33,018 [pool-2146-thread-1] INFO  storage.RaftStorageDirectory (RaftStorageDirectory.java:tryLock(335)) - Lock on /github/workspace/hadoop-ozone/integration-test/target/test-dir/MiniOzoneClusterImpl-f1d3d067-0a31-4f49-b0f8-2dad55a0aeb8/omNode-1/ratis/c9bc4cf4-3bc3-3c60-a66b-523986131536/in_use.lock acquired by nodename 10658@f71c9419dfe5
2020-04-21 09:12:33,019 [pool-2146-thread-1] INFO  storage.RaftStorage (RaftStorage.java:format(84)) - Storage directory /github/workspace/hadoop-ozone/integration-test/target/test-dir/MiniOzoneClusterImpl-f1d3d067-0a31-4f49-b0f8-2dad55a0aeb8/omNode-1/ratis/c9bc4cf4-3bc3-3c60-a66b-523986131536 has been successfully formatted.
2020-04-21 09:12:33,020 [pool-2146-thread-1] INFO  server.RaftServerConfigKeys (ConfUtils.java:logGet(44)) - raft.server.notification.no-leader.timeout = 2s (custom)
2020-04-21 09:12:33,020 [pool-2146-thread-1] INFO  server.RaftServerConfigKeys (ConfUtils.java:logGet(44)) - raft.server.log.use.memory = false (default)
2020-04-21 09:12:33,020 [pool-2146-thread-1] INFO  server.RaftServerConfigKeys (ConfUtils.java:logGet(44)) - raft.server.log.purge.gap = 50 (custom)
2020-04-21 09:12:33,020 [pool-2146-thread-1] INFO  server.RaftServerConfigKeys (ConfUtils.java:logGet(44)) - raft.server.log.appender.buffer.byte-limit = 33554432 (custom)
2020-04-21 09:12:33,020 [pool-2146-thread-1] INFO  server.RaftServerConfigKeys (ConfUtils.java:logGet(44)) - raft.server.log.segment.size.max = 16384 (custom)
2020-04-21 09:12:33,020 [pool-2146-thread-1] INFO  metrics.RatisMetrics (RatisMetrics.java:lambda$create$0(39)) - Creating Metrics Registry : ratis.log_worker.omNode-1
2020-04-21 09:12:33,020 [pool-2146-thread-1] INFO  server.RaftServerConfigKeys (ConfUtils.java:logGet(44)) - raft.server.log.segment.cache.num.max = 2 (custom)
2020-04-21 09:12:33,021 [pool-2146-thread-1] INFO  segmented.SegmentedRaftLogWorker (SegmentedRaftLogWorker.java:<init>(176)) - new omNode-1@group-523986131536-SegmentedRaftLogWorker for RaftStorage:Storage Directory /github/workspace/hadoop-ozone/integration-test/target/test-dir/MiniOzoneClusterImpl-f1d3d067-0a31-4f49-b0f8-2dad55a0aeb8/omNode-1/ratis/c9bc4cf4-3bc3-3c60-a66b-523986131536
2020-04-21 09:12:33,021 [pool-2146-thread-1] INFO  server.RaftServerConfigKeys (ConfUtils.java:logGet(44)) - raft.server.log.queue.byte-limit = 64MB (=67108864) (default)
2020-04-21 09:12:33,021 [pool-2146-thread-1] INFO  server.RaftServerConfigKeys (ConfUtils.java:logGet(44)) - raft.server.log.queue.element-limit = 4096 (default)
2020-04-21 09:12:33,021 [pool-2146-thread-1] INFO  server.RaftServerConfigKeys (ConfUtils.java:logGet(44)) - raft.server.log.segment.size.max = 16384 (custom)
2020-04-21 09:12:33,021 [pool-2146-thread-1] INFO  server.RaftServerConfigKeys (ConfUtils.java:logGet(44)) - raft.server.log.preallocated.size = 16384 (custom)
2020-04-21 09:12:33,021 [pool-2146-thread-1] INFO  server.RaftServerConfigKeys (ConfUtils.java:logGet(44)) - raft.server.log.write.buffer.size = 64KB (=65536) (default)
2020-04-21 09:12:33,021 [pool-2146-thread-1] INFO  server.RaftServerConfigKeys (ConfUtils.java:logGet(44)) - raft.server.log.force.sync.num = 128 (default)
2020-04-21 09:12:33,021 [pool-2146-thread-1] INFO  server.RaftServerConfigKeys (ConfUtils.java:logGet(44)) - raft.server.log.statemachine.data.sync = true (default)
2020-04-21 09:12:33,021 [pool-2146-thread-1] INFO  server.RaftServerConfigKeys (ConfUtils.java:logGet(44)) - raft.server.log.statemachine.data.sync.timeout = 10s (default)
2020-04-21 09:12:33,021 [pool-2146-thread-1] INFO  server.RaftServerConfigKeys (ConfUtils.java:logGet(44)) - raft.server.log.statemachine.data.sync.timeout.retry = -1 (default)
2020-04-21 09:12:33,022 [Thread-8729] INFO  om.OzoneManager (OzoneManager.java:initializeRatisServer(1252)) - OzoneManager Ratis server initialized at port 13940
2020-04-21 09:12:33,023 [Thread-8729] WARN  server.ServerUtils (ServerUtils.java:getDefaultRatisDirectory(237)) - Storage directory for Ratis is not configured. It is a good idea to map this to an SSD disk. Falling back to ozone.metadata.dirs
2020-04-21 09:12:33,023 [Thread-8729] WARN  server.ServerUtils (ServerUtils.java:getDefaultRatisDirectory(237)) - Storage directory for Ratis is not configured. It is a good idea to map this to an SSD disk. Falling back to ozone.metadata.dirs
2020-04-21 09:12:33,023 [Thread-8729] INFO  snapshot.OzoneManagerSnapshotProvider (OzoneManagerSnapshotProvider.java:<init>(81)) - Initializing OM Snapshot Provider
2020-04-21 09:12:33,029 [pool-2146-thread-1] INFO  server.RaftServerConfigKeys (ConfUtils.java:logGet(44)) - raft.server.log.statemachine.data.caching.enabled = false (default)
2020-04-21 09:12:33,029 [Thread-8729] INFO  ipc.CallQueueManager (CallQueueManager.java:<init>(84)) - Using callQueue: class java.util.concurrent.LinkedBlockingQueue, queueCapacity: 2000, scheduler: class org.apache.hadoop.ipc.DefaultRpcScheduler, ipcBackoff: false.
2020-04-21 09:12:33,029 [Socket Reader #1 for port 13936] INFO  ipc.Server (Server.java:run(1074)) - Starting Socket Reader #1 for port 13936
2020-04-21 09:12:33,030 [pool-2146-thread-1] INFO  segmented.SegmentedRaftLogWorker (SegmentedRaftLogWorker.java:lambda$new$0(129)) - omNode-1@group-523986131536-SegmentedRaftLogWorker: flushIndex: setUnconditionally 0 -> -1
2020-04-21 09:12:33,030 [pool-2146-thread-1] INFO  server.RaftServerConfigKeys (ConfUtils.java:logGet(44)) - raft.server.snapshot.auto.trigger.enabled = true (custom)
2020-04-21 09:12:33,030 [pool-2146-thread-1] INFO  server.RaftServerConfigKeys (ConfUtils.java:logGet(44)) - raft.server.snapshot.auto.trigger.threshold = 50 (custom)
2020-04-21 09:12:33,030 [pool-2146-thread-1] INFO  server.RaftServerConfigKeys (ConfUtils.java:logGet(44)) - raft.server.snapshot.retention.file.num = -1 (default)
2020-04-21 09:12:33,030 [pool-2146-thread-1] INFO  server.RaftServerConfigKeys (ConfUtils.java:logGet(44)) - raft.server.retrycache.expirytime = 600000ms (custom)
2020-04-21 09:12:33,030 [pool-2146-thread-1] INFO  metrics.RatisMetrics (RatisMetrics.java:lambda$create$0(39)) - Creating Metrics Registry : ratis.leader_election.omNode-1@group-523986131536
2020-04-21 09:12:33,040 [pool-2146-thread-1] INFO  metrics.RatisMetrics (RatisMetrics.java:lambda$create$0(39)) - Creating Metrics Registry : ratis.server.omNode-1@group-523986131536
2020-04-21 09:12:33,054 [Thread-8729] INFO  impl.MetricsSystemImpl (MetricsSystemImpl.java:init(158)) - OzoneManager metrics system started (again)
2020-04-21 09:12:33,064 [Thread-8729] INFO  om.OzoneManager (OzoneManager.java:start(1111)) - OzoneManager RPC server is listening at localhost/127.0.0.1:13936
2020-04-21 09:12:33,065 [Thread-8729] INFO  ratis.OzoneManagerRatisServer (OzoneManagerRatisServer.java:start(356)) - Starting OzoneManagerRatisServer omNode-1 at port 13940
2020-04-21 09:12:33,066 [Thread-8729] INFO  impl.RaftServerImpl (RaftServerImpl.java:start(183)) - omNode-1@group-523986131536: start as a follower, conf=-1: [omNode-3:localhost:13952, omNode-1:localhost:13940, omNode-2:localhost:13946], old=null
2020-04-21 09:12:33,066 [Thread-8729] INFO  impl.RaftServerImpl (RaftServerImpl.java:setRole(172)) - omNode-1@group-523986131536: changes role from      null to FOLLOWER at term 0 for startAsFollower
2020-04-21 09:12:33,066 [Thread-8729] INFO  impl.RoleInfo (RoleInfo.java:updateAndGet(143)) - omNode-1: start FollowerState
2020-04-21 09:12:33,067 [Thread-8729] INFO  util.JmxRegister (JmxRegister.java:tryRegister(44)) - Successfully registered JMX Bean with object name Ratis:service=RaftServer,group=group-523986131536,id=omNode-1
2020-04-21 09:12:33,067 [Thread-8729] INFO  metrics.RatisMetrics (RatisMetrics.java:lambda$create$0(39)) - Creating Metrics Registry : ratis.state_machine.omNode-1@group-523986131536
2020-04-21 09:12:33,069 [Thread-8729] INFO  impl.RaftServerProxy (RaftServerProxy.java:lambda$start$3(299)) - omNode-1: start RPC server
2020-04-21 09:12:33,070 [Thread-8729] INFO  server.GrpcService (GrpcService.java:startImpl(158)) - omNode-1: GrpcService started, listening on 0.0.0.0/0.0.0.0:13940
2020-04-21 09:12:33,073 [IPC Server listener on 13936] INFO  ipc.Server (Server.java:run(1153)) - IPC Server listener on 13936: starting
2020-04-21 09:12:33,075 [IPC Server Responder] INFO  ipc.Server (Server.java:run(1314)) - IPC Server Responder: starting
2020-04-21 09:12:33,090 [Thread-8729] INFO  http.BaseHttpServer (BaseHttpServer.java:newHttpServer2BuilderForOzone(174)) - Starting Web-server for ozoneManager at: http://0.0.0.0:13938
2020-04-21 09:12:33,091 [Thread-8729] INFO  server.AuthenticationFilter (AuthenticationFilter.java:constructSecretProvider(240)) - Unable to initialize FileSignerSecretProvider, falling back to use random secrets.
2020-04-21 09:12:33,092 [Thread-8729] WARN  http.HttpRequestLog (HttpRequestLog.java:getRequestLog(103)) - Jetty request log can only be enabled using Log4j
2020-04-21 09:12:33,092 [Thread-8729] INFO  http.HttpServer2 (HttpServer2.java:addGlobalFilter(979)) - Added global filter 'safety' (class=org.apache.hadoop.hdds.server.http.HttpServer2$QuotingInputFilter)
2020-04-21 09:12:33,092 [Thread-8729] INFO  http.HttpServer2 (HttpServer2.java:addFilter(955)) - Added filter static_user_filter (class=org.apache.hadoop.hdds.server.http.StaticUserWebFilter$StaticUserFilter) to context ozoneManager
2020-04-21 09:12:33,092 [Thread-8729] INFO  http.HttpServer2 (HttpServer2.java:addFilter(963)) - Added filter static_user_filter (class=org.apache.hadoop.hdds.server.http.StaticUserWebFilter$StaticUserFilter) to context logs
2020-04-21 09:12:33,092 [Thread-8729] INFO  http.HttpServer2 (HttpServer2.java:addFilter(963)) - Added filter static_user_filter (class=org.apache.hadoop.hdds.server.http.StaticUserWebFilter$StaticUserFilter) to context static
2020-04-21 09:12:33,093 [Thread-8729] INFO  http.HttpServer2 (HttpServer2.java:bindListener(1197)) - Jetty bound to port 13938
2020-04-21 09:12:33,093 [Thread-8729] INFO  server.Server (Server.java:doStart(359)) - jetty-9.4.26.v20200117; built: 2020-01-17T12:35:33.676Z; git: 7b38981d25d14afb4a12ff1f2596756144edf695; jvm 1.8.0_232-b09
2020-04-21 09:12:33,094 [Thread-8729] INFO  server.session (DefaultSessionIdManager.java:doStart(333)) - DefaultSessionIdManager workerName=node0
2020-04-21 09:12:33,094 [Thread-8729] INFO  server.session (DefaultSessionIdManager.java:doStart(338)) - No SessionScavenger set, using defaults
2020-04-21 09:12:33,094 [Thread-8729] INFO  server.session (HouseKeeper.java:startScavenging(140)) - node0 Scavenging every 660000ms
2020-04-21 09:12:33,095 [Thread-8729] INFO  handler.ContextHandler (ContextHandler.java:doStart(825)) - Started o.e.j.s.ServletContextHandler@245c0432{logs,/logs,file:///github/workspace/hadoop-ozone/integration-test/target/log,AVAILABLE}
2020-04-21 09:12:33,095 [Thread-8729] INFO  handler.ContextHandler (ContextHandler.java:doStart(825)) - Started o.e.j.s.ServletContextHandler@2ea43cab{static,/static,file:///github/workspace/hadoop-ozone/integration-test/target/test-classes/webapps/static,AVAILABLE}
2020-04-21 09:12:33,097 [Thread-8729] INFO  handler.ContextHandler (ContextHandler.java:doStart(825)) - Started o.e.j.w.WebAppContext@515a2186{ozoneManager,/,file:///github/workspace/hadoop-ozone/integration-test/target/test-classes/webapps/ozoneManager/,AVAILABLE}{file:/github/workspace/hadoop-ozone/integration-test/target/test-classes/webapps/ozoneManager}
2020-04-21 09:12:33,098 [Thread-8729] INFO  server.AbstractConnector (AbstractConnector.java:doStart(330)) - Started ServerConnector@52aedda{HTTP/1.1,[http/1.1]}{0.0.0.0:13938}
2020-04-21 09:12:33,099 [Thread-8729] INFO  server.Server (Server.java:doStart(399)) - Started @534882ms
2020-04-21 09:12:33,099 [Thread-8729] WARN  impl.MetricsSystemImpl (MetricsSystemImpl.java:register(276)) - Sink prometheus already exists!
2020-04-21 09:12:33,101 [Thread-8729] INFO  http.BaseHttpServer (BaseHttpServer.java:updateConnectorAddress(288)) - HTTP server of ozoneManager listening at http://0.0.0.0:13938
2020-04-21 09:12:33,101 [Thread-8729] INFO  ozone.MiniOzoneHAClusterImpl (MiniOzoneHAClusterImpl.java:createOMService(385)) - Started OzoneManager RPC server at localhost/127.0.0.1:13936
2020-04-21 09:12:33,102 [Thread-8729] WARN  server.ServerUtils (ServerUtils.java:getDBPath(225)) - ozone.om.db.dirs is not configured. We recommend adding this setting. Falling back to ozone.metadata.dirs instead.
2020-04-21 09:12:33,103 [Thread-8729] INFO  ha.OMHANodeDetails (OMHANodeDetails.java:loadOMHAConfig(110)) - ServiceID for OzoneManager is om-service-test1
2020-04-21 09:12:33,103 [Thread-8729] INFO  ha.OMHANodeDetails (OMHANodeDetails.java:loadOMHAConfig(182)) - Found matching OM address with OMServiceId: om-service-test1, OMNodeId: omNode-2, RPC Address: localhost:13942 and Ratis port: 13946
2020-04-21 09:12:33,103 [Thread-8729] INFO  ha.OMHANodeDetails (OMHANodeDetails.java:setOMNodeSpecificConfigs(315)) - Setting configuration key ozone.om.http-address with value of key ozone.om.http-address.omNode-2: 127.0.0.1:13944
2020-04-21 09:12:33,104 [Thread-8729] INFO  ha.OMHANodeDetails (OMHANodeDetails.java:setOMNodeSpecificConfigs(315)) - Setting configuration key ozone.om.https-address with value of key ozone.om.https-address.omNode-2: 127.0.0.1:13945
2020-04-21 09:12:33,104 [Thread-8729] INFO  ha.OMHANodeDetails (OMHANodeDetails.java:setOMNodeSpecificConfigs(315)) - Setting configuration key ozone.om.address with value of key ozone.om.address.omNode-2: 127.0.0.1:13942
2020-04-21 09:12:33,104 [Thread-8729] WARN  server.ServerUtils (ServerUtils.java:getDBPath(225)) - ozone.om.db.dirs is not configured. We recommend adding this setting. Falling back to ozone.metadata.dirs instead.
2020-04-21 09:12:33,104 [Thread-8729] WARN  server.ServerUtils (ServerUtils.java:getDBPath(225)) - ozone.om.db.dirs is not configured. We recommend adding this setting. Falling back to ozone.metadata.dirs instead.
2020-04-21 09:12:33,107 [Thread-8729] WARN  server.ServerUtils (ServerUtils.java:getDBPath(225)) - ozone.om.db.dirs is not configured. We recommend adding this setting. Falling back to ozone.metadata.dirs instead.
2020-04-21 09:12:33,162 [Thread-8729] WARN  server.ServerUtils (ServerUtils.java:getDefaultRatisDirectory(237)) - Storage directory for Ratis is not configured. It is a good idea to map this to an SSD disk. Falling back to ozone.metadata.dirs
2020-04-21 09:12:33,163 [Thread-8729] INFO  ratis.OzoneManagerRatisServer (OzoneManagerRatisServer.java:<init>(266)) - Instantiating OM Ratis server with GroupID: om-service-test1 and Raft Peers: localhost:13946, localhost:13940, localhost:13952
2020-04-21 09:12:33,163 [Thread-8729] INFO  ratis.OzoneManagerStateMachine (OzoneManagerStateMachine.java:updateLastAppliedIndexWithSnaphsotIndex(513)) - LastAppliedIndex set from SnapShotInfo (t:0, i:~)
2020-04-21 09:12:33,163 [Thread-8729] INFO  impl.RaftServerProxy (ConfUtils.java:logGet(44)) - raft.rpc.type = GRPC (default)
2020-04-21 09:12:33,163 [Thread-8729] INFO  grpc.GrpcFactory (GrpcFactory.java:checkPooledByteBufAllocatorUseCacheForAllThreads(45)) - PERFORMANCE WARNING: useCacheForAllThreads is true that may cause Netty to create a lot garbage objects and, as a result, trigger GC.
	It is recommended to disable useCacheForAllThreads by setting -Dorg.apache.ratis.thirdparty.io.netty.allocator.useCacheForAllThreads=false in command line.
2020-04-21 09:12:33,163 [Thread-8729] INFO  grpc.GrpcConfigKeys (ConfUtils.java:logGet(44)) - raft.grpc.server.port = 13946 (custom)
2020-04-21 09:12:33,163 [Thread-8729] INFO  server.GrpcService (ConfUtils.java:logGet(44)) - raft.grpc.message.size.max = 33554432 (custom)
2020-04-21 09:12:33,163 [Thread-8729] INFO  server.RaftServerConfigKeys (ConfUtils.java:logGet(44)) - raft.server.log.appender.buffer.byte-limit = 33554432 (custom)
2020-04-21 09:12:33,163 [Thread-8729] INFO  server.GrpcService (ConfUtils.java:logGet(44)) - raft.grpc.flow.control.window = 1MB (=1048576) (default)
2020-04-21 09:12:33,164 [Thread-8729] INFO  server.RaftServerConfigKeys (ConfUtils.java:logGet(44)) - raft.server.rpc.request.timeout = 3000ms (default)
2020-04-21 09:12:33,164 [Thread-8729] INFO  server.RaftServerConfigKeys (ConfUtils.java:logGet(44)) - raft.server.storage.dir = [/github/workspace/hadoop-ozone/integration-test/target/test-dir/MiniOzoneClusterImpl-f1d3d067-0a31-4f49-b0f8-2dad55a0aeb8/omNode-2/ratis] (custom)
2020-04-21 09:12:33,166 [Thread-8729] INFO  impl.RaftServerProxy (RaftServerProxy.java:addNew(89)) - omNode-2: addNew group-523986131536:[omNode-3:localhost:13952, omNode-1:localhost:13940, omNode-2:localhost:13946] returns group-523986131536:java.util.concurrent.CompletableFuture@5a480b21[Not completed]
2020-04-21 09:12:33,166 [pool-2162-thread-1] INFO  impl.RaftServerImpl (RaftServerImpl.java:<init>(97)) - omNode-2: new RaftServerImpl for group-523986131536:[omNode-3:localhost:13952, omNode-1:localhost:13940, omNode-2:localhost:13946] with OzoneManagerStateMachine:uninitialized
2020-04-21 09:12:33,166 [Thread-8729] INFO  om.OzoneManager (OzoneManager.java:initializeRatisServer(1252)) - OzoneManager Ratis server initialized at port 13946
2020-04-21 09:12:33,166 [Thread-8729] WARN  server.ServerUtils (ServerUtils.java:getDefaultRatisDirectory(237)) - Storage directory for Ratis is not configured. It is a good idea to map this to an SSD disk. Falling back to ozone.metadata.dirs
2020-04-21 09:12:33,166 [pool-2162-thread-1] INFO  server.RaftServerConfigKeys (ConfUtils.java:logGet(44)) - raft.server.rpc.timeout.min = 1s (custom)
2020-04-21 09:12:33,166 [pool-2162-thread-1] INFO  server.RaftServerConfigKeys (ConfUtils.java:logGet(44)) - raft.server.rpc.timeout.max = 1200ms (custom)
2020-04-21 09:12:33,166 [pool-2162-thread-1] INFO  server.RaftServerConfigKeys (ConfUtils.java:logGet(44)) - raft.server.rpcslowness.timeout = 2s (custom)
2020-04-21 09:12:33,166 [pool-2162-thread-1] INFO  server.RaftServerConfigKeys (ConfUtils.java:logGet(44)) - raft.server.sleep.deviation.threshold = 300 (default)
2020-04-21 09:12:33,166 [pool-2162-thread-1] INFO  server.RaftServerConfigKeys (ConfUtils.java:logGet(44)) - raft.server.log.appender.install.snapshot.enabled = false (custom)
2020-04-21 09:12:33,166 [Thread-8729] WARN  server.ServerUtils (ServerUtils.java:getDefaultRatisDirectory(237)) - Storage directory for Ratis is not configured. It is a good idea to map this to an SSD disk. Falling back to ozone.metadata.dirs
2020-04-21 09:12:33,167 [pool-2162-thread-1] INFO  impl.RaftServerImpl (ServerState.java:<init>(103)) - omNode-2@group-523986131536: ConfigurationManager, init=-1: [omNode-3:localhost:13952, omNode-1:localhost:13940, omNode-2:localhost:13946], old=null, confs=<EMPTY_MAP>
2020-04-21 09:12:33,167 [Thread-8729] INFO  snapshot.OzoneManagerSnapshotProvider (OzoneManagerSnapshotProvider.java:<init>(81)) - Initializing OM Snapshot Provider
2020-04-21 09:12:33,167 [pool-2162-thread-1] INFO  server.RaftServerConfigKeys (ConfUtils.java:logGet(44)) - raft.server.storage.dir = [/github/workspace/hadoop-ozone/integration-test/target/test-dir/MiniOzoneClusterImpl-f1d3d067-0a31-4f49-b0f8-2dad55a0aeb8/omNode-2/ratis] (custom)
2020-04-21 09:12:33,167 [pool-2162-thread-1] INFO  server.RaftServerConfigKeys (ConfUtils.java:logGet(44)) - raft.server.log.corruption.policy = EXCEPTION (default)
2020-04-21 09:12:33,167 [pool-2162-thread-1] INFO  storage.RaftStorageDirectory (RaftStorageDirectory.java:analyzeStorage(253)) - The storage directory /github/workspace/hadoop-ozone/integration-test/target/test-dir/MiniOzoneClusterImpl-f1d3d067-0a31-4f49-b0f8-2dad55a0aeb8/omNode-2/ratis/c9bc4cf4-3bc3-3c60-a66b-523986131536 does not exist. Creating ...
2020-04-21 09:12:33,168 [Thread-8729] INFO  ipc.CallQueueManager (CallQueueManager.java:<init>(84)) - Using callQueue: class java.util.concurrent.LinkedBlockingQueue, queueCapacity: 2000, scheduler: class org.apache.hadoop.ipc.DefaultRpcScheduler, ipcBackoff: false.
2020-04-21 09:12:33,168 [Socket Reader #1 for port 13942] INFO  ipc.Server (Server.java:run(1074)) - Starting Socket Reader #1 for port 13942
2020-04-21 09:12:33,168 [pool-2162-thread-1] INFO  storage.RaftStorageDirectory (RaftStorageDirectory.java:tryLock(335)) - Lock on /github/workspace/hadoop-ozone/integration-test/target/test-dir/MiniOzoneClusterImpl-f1d3d067-0a31-4f49-b0f8-2dad55a0aeb8/omNode-2/ratis/c9bc4cf4-3bc3-3c60-a66b-523986131536/in_use.lock acquired by nodename 10658@f71c9419dfe5
2020-04-21 09:12:33,174 [pool-2162-thread-1] INFO  storage.RaftStorage (RaftStorage.java:format(84)) - Storage directory /github/workspace/hadoop-ozone/integration-test/target/test-dir/MiniOzoneClusterImpl-f1d3d067-0a31-4f49-b0f8-2dad55a0aeb8/omNode-2/ratis/c9bc4cf4-3bc3-3c60-a66b-523986131536 has been successfully formatted.
2020-04-21 09:12:33,175 [pool-2162-thread-1] INFO  server.RaftServerConfigKeys (ConfUtils.java:logGet(44)) - raft.server.notification.no-leader.timeout = 2s (custom)
2020-04-21 09:12:33,175 [pool-2162-thread-1] INFO  server.RaftServerConfigKeys (ConfUtils.java:logGet(44)) - raft.server.log.use.memory = false (default)
2020-04-21 09:12:33,175 [pool-2162-thread-1] INFO  server.RaftServerConfigKeys (ConfUtils.java:logGet(44)) - raft.server.log.purge.gap = 50 (custom)
2020-04-21 09:12:33,175 [pool-2162-thread-1] INFO  server.RaftServerConfigKeys (ConfUtils.java:logGet(44)) - raft.server.log.appender.buffer.byte-limit = 33554432 (custom)
2020-04-21 09:12:33,175 [pool-2162-thread-1] INFO  server.RaftServerConfigKeys (ConfUtils.java:logGet(44)) - raft.server.log.segment.size.max = 16384 (custom)
2020-04-21 09:12:33,175 [pool-2162-thread-1] INFO  metrics.RatisMetrics (RatisMetrics.java:lambda$create$0(39)) - Creating Metrics Registry : ratis.log_worker.omNode-2
2020-04-21 09:12:33,175 [pool-2162-thread-1] INFO  server.RaftServerConfigKeys (ConfUtils.java:logGet(44)) - raft.server.log.segment.cache.num.max = 2 (custom)
2020-04-21 09:12:33,175 [pool-2162-thread-1] INFO  segmented.SegmentedRaftLogWorker (SegmentedRaftLogWorker.java:<init>(176)) - new omNode-2@group-523986131536-SegmentedRaftLogWorker for RaftStorage:Storage Directory /github/workspace/hadoop-ozone/integration-test/target/test-dir/MiniOzoneClusterImpl-f1d3d067-0a31-4f49-b0f8-2dad55a0aeb8/omNode-2/ratis/c9bc4cf4-3bc3-3c60-a66b-523986131536
2020-04-21 09:12:33,175 [pool-2162-thread-1] INFO  server.RaftServerConfigKeys (ConfUtils.java:logGet(44)) - raft.server.log.queue.byte-limit = 64MB (=67108864) (default)
2020-04-21 09:12:33,175 [pool-2162-thread-1] INFO  server.RaftServerConfigKeys (ConfUtils.java:logGet(44)) - raft.server.log.queue.element-limit = 4096 (default)
2020-04-21 09:12:33,176 [pool-2162-thread-1] INFO  server.RaftServerConfigKeys (ConfUtils.java:logGet(44)) - raft.server.log.segment.size.max = 16384 (custom)
2020-04-21 09:12:33,176 [pool-2162-thread-1] INFO  server.RaftServerConfigKeys (ConfUtils.java:logGet(44)) - raft.server.log.preallocated.size = 16384 (custom)
2020-04-21 09:12:33,176 [pool-2162-thread-1] INFO  server.RaftServerConfigKeys (ConfUtils.java:logGet(44)) - raft.server.log.write.buffer.size = 64KB (=65536) (default)
2020-04-21 09:12:33,176 [pool-2162-thread-1] INFO  server.RaftServerConfigKeys (ConfUtils.java:logGet(44)) - raft.server.log.force.sync.num = 128 (default)
2020-04-21 09:12:33,176 [pool-2162-thread-1] INFO  server.RaftServerConfigKeys (ConfUtils.java:logGet(44)) - raft.server.log.statemachine.data.sync = true (default)
2020-04-21 09:12:33,176 [pool-2162-thread-1] INFO  server.RaftServerConfigKeys (ConfUtils.java:logGet(44)) - raft.server.log.statemachine.data.sync.timeout = 10s (default)
2020-04-21 09:12:33,176 [pool-2162-thread-1] INFO  server.RaftServerConfigKeys (ConfUtils.java:logGet(44)) - raft.server.log.statemachine.data.sync.timeout.retry = -1 (default)
2020-04-21 09:12:33,189 [pool-2162-thread-1] INFO  server.RaftServerConfigKeys (ConfUtils.java:logGet(44)) - raft.server.log.statemachine.data.caching.enabled = false (default)
2020-04-21 09:12:33,190 [pool-2162-thread-1] INFO  segmented.SegmentedRaftLogWorker (SegmentedRaftLogWorker.java:lambda$new$0(129)) - omNode-2@group-523986131536-SegmentedRaftLogWorker: flushIndex: setUnconditionally 0 -> -1
2020-04-21 09:12:33,190 [pool-2162-thread-1] INFO  server.RaftServerConfigKeys (ConfUtils.java:logGet(44)) - raft.server.snapshot.auto.trigger.enabled = true (custom)
2020-04-21 09:12:33,191 [pool-2162-thread-1] INFO  server.RaftServerConfigKeys (ConfUtils.java:logGet(44)) - raft.server.snapshot.auto.trigger.threshold = 50 (custom)
2020-04-21 09:12:33,191 [pool-2162-thread-1] INFO  server.RaftServerConfigKeys (ConfUtils.java:logGet(44)) - raft.server.snapshot.retention.file.num = -1 (default)
2020-04-21 09:12:33,191 [pool-2162-thread-1] INFO  server.RaftServerConfigKeys (ConfUtils.java:logGet(44)) - raft.server.retrycache.expirytime = 600000ms (custom)
2020-04-21 09:12:33,191 [pool-2162-thread-1] INFO  metrics.RatisMetrics (RatisMetrics.java:lambda$create$0(39)) - Creating Metrics Registry : ratis.leader_election.omNode-2@group-523986131536
2020-04-21 09:12:33,193 [pool-2162-thread-1] INFO  metrics.RatisMetrics (RatisMetrics.java:lambda$create$0(39)) - Creating Metrics Registry : ratis.server.omNode-2@group-523986131536
2020-04-21 09:12:33,193 [Thread-8729] INFO  impl.MetricsSystemImpl (MetricsSystemImpl.java:init(158)) - OzoneManager metrics system started (again)
2020-04-21 09:12:33,204 [Thread-8729] INFO  om.OzoneManager (OzoneManager.java:start(1111)) - OzoneManager RPC server is listening at localhost/127.0.0.1:13942
2020-04-21 09:12:33,204 [Thread-8729] INFO  ratis.OzoneManagerRatisServer (OzoneManagerRatisServer.java:start(356)) - Starting OzoneManagerRatisServer omNode-2 at port 13946
2020-04-21 09:12:33,206 [Thread-8729] INFO  impl.RaftServerImpl (RaftServerImpl.java:start(183)) - omNode-2@group-523986131536: start as a follower, conf=-1: [omNode-3:localhost:13952, omNode-1:localhost:13940, omNode-2:localhost:13946], old=null
2020-04-21 09:12:33,206 [Thread-8729] INFO  impl.RaftServerImpl (RaftServerImpl.java:setRole(172)) - omNode-2@group-523986131536: changes role from      null to FOLLOWER at term 0 for startAsFollower
2020-04-21 09:12:33,206 [Thread-8729] INFO  impl.RoleInfo (RoleInfo.java:updateAndGet(143)) - omNode-2: start FollowerState
2020-04-21 09:12:33,206 [Thread-8729] INFO  util.JmxRegister (JmxRegister.java:tryRegister(44)) - Successfully registered JMX Bean with object name Ratis:service=RaftServer,group=group-523986131536,id=omNode-2
2020-04-21 09:12:33,206 [Thread-8729] INFO  metrics.RatisMetrics (RatisMetrics.java:lambda$create$0(39)) - Creating Metrics Registry : ratis.state_machine.omNode-2@group-523986131536
2020-04-21 09:12:33,209 [Thread-8729] INFO  impl.RaftServerProxy (RaftServerProxy.java:lambda$start$3(299)) - omNode-2: start RPC server
2020-04-21 09:12:33,210 [Thread-8729] INFO  server.GrpcService (GrpcService.java:startImpl(158)) - omNode-2: GrpcService started, listening on 0.0.0.0/0.0.0.0:13946
2020-04-21 09:12:33,215 [IPC Server Responder] INFO  ipc.Server (Server.java:run(1314)) - IPC Server Responder: starting
2020-04-21 09:12:33,215 [IPC Server listener on 13942] INFO  ipc.Server (Server.java:run(1153)) - IPC Server listener on 13942: starting
2020-04-21 09:12:33,232 [Thread-8729] INFO  http.BaseHttpServer (BaseHttpServer.java:newHttpServer2BuilderForOzone(174)) - Starting Web-server for ozoneManager at: http://0.0.0.0:13944
2020-04-21 09:12:33,233 [Thread-8729] INFO  server.AuthenticationFilter (AuthenticationFilter.java:constructSecretProvider(240)) - Unable to initialize FileSignerSecretProvider, falling back to use random secrets.
2020-04-21 09:12:33,233 [Thread-8729] WARN  http.HttpRequestLog (HttpRequestLog.java:getRequestLog(103)) - Jetty request log can only be enabled using Log4j
2020-04-21 09:12:33,234 [Thread-8729] INFO  http.HttpServer2 (HttpServer2.java:addGlobalFilter(979)) - Added global filter 'safety' (class=org.apache.hadoop.hdds.server.http.HttpServer2$QuotingInputFilter)
2020-04-21 09:12:33,234 [Thread-8729] INFO  http.HttpServer2 (HttpServer2.java:addFilter(955)) - Added filter static_user_filter (class=org.apache.hadoop.hdds.server.http.StaticUserWebFilter$StaticUserFilter) to context ozoneManager
2020-04-21 09:12:33,234 [Thread-8729] INFO  http.HttpServer2 (HttpServer2.java:addFilter(963)) - Added filter static_user_filter (class=org.apache.hadoop.hdds.server.http.StaticUserWebFilter$StaticUserFilter) to context static
2020-04-21 09:12:33,234 [Thread-8729] INFO  http.HttpServer2 (HttpServer2.java:addFilter(963)) - Added filter static_user_filter (class=org.apache.hadoop.hdds.server.http.StaticUserWebFilter$StaticUserFilter) to context logs
2020-04-21 09:12:33,235 [Thread-8729] INFO  http.HttpServer2 (HttpServer2.java:bindListener(1197)) - Jetty bound to port 13944
2020-04-21 09:12:33,235 [Thread-8729] INFO  server.Server (Server.java:doStart(359)) - jetty-9.4.26.v20200117; built: 2020-01-17T12:35:33.676Z; git: 7b38981d25d14afb4a12ff1f2596756144edf695; jvm 1.8.0_232-b09
2020-04-21 09:12:33,236 [Thread-8729] INFO  server.session (DefaultSessionIdManager.java:doStart(333)) - DefaultSessionIdManager workerName=node0
2020-04-21 09:12:33,236 [Thread-8729] INFO  server.session (DefaultSessionIdManager.java:doStart(338)) - No SessionScavenger set, using defaults
2020-04-21 09:12:33,236 [Thread-8729] INFO  server.session (HouseKeeper.java:startScavenging(140)) - node0 Scavenging every 660000ms
2020-04-21 09:12:33,237 [Thread-8729] INFO  handler.ContextHandler (ContextHandler.java:doStart(825)) - Started o.e.j.s.ServletContextHandler@5563191f{logs,/logs,file:///github/workspace/hadoop-ozone/integration-test/target/log,AVAILABLE}
2020-04-21 09:12:33,237 [Thread-8729] INFO  handler.ContextHandler (ContextHandler.java:doStart(825)) - Started o.e.j.s.ServletContextHandler@3a15a117{static,/static,file:///github/workspace/hadoop-ozone/integration-test/target/test-classes/webapps/static,AVAILABLE}
2020-04-21 09:12:33,239 [Thread-8729] INFO  handler.ContextHandler (ContextHandler.java:doStart(825)) - Started o.e.j.w.WebAppContext@7c1c1da0{ozoneManager,/,file:///github/workspace/hadoop-ozone/integration-test/target/test-classes/webapps/ozoneManager/,AVAILABLE}{file:/github/workspace/hadoop-ozone/integration-test/target/test-classes/webapps/ozoneManager}
2020-04-21 09:12:33,240 [Thread-8729] INFO  server.AbstractConnector (AbstractConnector.java:doStart(330)) - Started ServerConnector@93102b9{HTTP/1.1,[http/1.1]}{0.0.0.0:13944}
2020-04-21 09:12:33,240 [Thread-8729] INFO  server.Server (Server.java:doStart(399)) - Started @535023ms
2020-04-21 09:12:33,240 [Thread-8729] WARN  impl.MetricsSystemImpl (MetricsSystemImpl.java:register(276)) - Sink prometheus already exists!
2020-04-21 09:12:33,242 [Thread-8729] INFO  http.BaseHttpServer (BaseHttpServer.java:updateConnectorAddress(288)) - HTTP server of ozoneManager listening at http://0.0.0.0:13944
2020-04-21 09:12:33,243 [Thread-8729] INFO  ozone.MiniOzoneHAClusterImpl (MiniOzoneHAClusterImpl.java:createOMService(385)) - Started OzoneManager RPC server at localhost/127.0.0.1:13942
2020-04-21 09:12:33,243 [Thread-8729] WARN  server.ServerUtils (ServerUtils.java:getDBPath(225)) - ozone.om.db.dirs is not configured. We recommend adding this setting. Falling back to ozone.metadata.dirs instead.
2020-04-21 09:12:33,244 [Thread-8729] INFO  ha.OMHANodeDetails (OMHANodeDetails.java:loadOMHAConfig(110)) - ServiceID for OzoneManager is om-service-test1
2020-04-21 09:12:33,244 [Thread-8729] INFO  ha.OMHANodeDetails (OMHANodeDetails.java:loadOMHAConfig(182)) - Found matching OM address with OMServiceId: om-service-test1, OMNodeId: omNode-3, RPC Address: localhost:13948 and Ratis port: 13952
2020-04-21 09:12:33,244 [Thread-8729] INFO  ha.OMHANodeDetails (OMHANodeDetails.java:setOMNodeSpecificConfigs(315)) - Setting configuration key ozone.om.http-address with value of key ozone.om.http-address.omNode-3: 127.0.0.1:13950
2020-04-21 09:12:33,245 [Thread-8729] INFO  ha.OMHANodeDetails (OMHANodeDetails.java:setOMNodeSpecificConfigs(315)) - Setting configuration key ozone.om.https-address with value of key ozone.om.https-address.omNode-3: 127.0.0.1:13951
2020-04-21 09:12:33,245 [Thread-8729] INFO  ha.OMHANodeDetails (OMHANodeDetails.java:setOMNodeSpecificConfigs(315)) - Setting configuration key ozone.om.address with value of key ozone.om.address.omNode-3: 127.0.0.1:13948
2020-04-21 09:12:33,245 [Thread-8729] WARN  server.ServerUtils (ServerUtils.java:getDBPath(225)) - ozone.om.db.dirs is not configured. We recommend adding this setting. Falling back to ozone.metadata.dirs instead.
2020-04-21 09:12:33,245 [Thread-8729] WARN  server.ServerUtils (ServerUtils.java:getDBPath(225)) - ozone.om.db.dirs is not configured. We recommend adding this setting. Falling back to ozone.metadata.dirs instead.
2020-04-21 09:12:33,247 [Thread-8729] WARN  server.ServerUtils (ServerUtils.java:getDBPath(225)) - ozone.om.db.dirs is not configured. We recommend adding this setting. Falling back to ozone.metadata.dirs instead.
2020-04-21 09:12:33,302 [Thread-8729] WARN  server.ServerUtils (ServerUtils.java:getDefaultRatisDirectory(237)) - Storage directory for Ratis is not configured. It is a good idea to map this to an SSD disk. Falling back to ozone.metadata.dirs
2020-04-21 09:12:33,303 [Thread-8729] INFO  ratis.OzoneManagerRatisServer (OzoneManagerRatisServer.java:<init>(266)) - Instantiating OM Ratis server with GroupID: om-service-test1 and Raft Peers: localhost:13952, localhost:13940, localhost:13946
2020-04-21 09:12:33,303 [Thread-8729] INFO  ratis.OzoneManagerStateMachine (OzoneManagerStateMachine.java:updateLastAppliedIndexWithSnaphsotIndex(513)) - LastAppliedIndex set from SnapShotInfo (t:0, i:~)
2020-04-21 09:12:33,303 [Thread-8729] INFO  impl.RaftServerProxy (ConfUtils.java:logGet(44)) - raft.rpc.type = GRPC (default)
2020-04-21 09:12:33,303 [Thread-8729] INFO  grpc.GrpcFactory (GrpcFactory.java:checkPooledByteBufAllocatorUseCacheForAllThreads(45)) - PERFORMANCE WARNING: useCacheForAllThreads is true that may cause Netty to create a lot garbage objects and, as a result, trigger GC.
	It is recommended to disable useCacheForAllThreads by setting -Dorg.apache.ratis.thirdparty.io.netty.allocator.useCacheForAllThreads=false in command line.
2020-04-21 09:12:33,303 [Thread-8729] INFO  grpc.GrpcConfigKeys (ConfUtils.java:logGet(44)) - raft.grpc.server.port = 13952 (custom)
2020-04-21 09:12:33,303 [Thread-8729] INFO  server.GrpcService (ConfUtils.java:logGet(44)) - raft.grpc.message.size.max = 33554432 (custom)
2020-04-21 09:12:33,303 [Thread-8729] INFO  server.RaftServerConfigKeys (ConfUtils.java:logGet(44)) - raft.server.log.appender.buffer.byte-limit = 33554432 (custom)
2020-04-21 09:12:33,303 [Thread-8729] INFO  server.GrpcService (ConfUtils.java:logGet(44)) - raft.grpc.flow.control.window = 1MB (=1048576) (default)
2020-04-21 09:12:33,303 [Thread-8729] INFO  server.RaftServerConfigKeys (ConfUtils.java:logGet(44)) - raft.server.rpc.request.timeout = 3000ms (default)
2020-04-21 09:12:33,304 [Thread-8729] INFO  server.RaftServerConfigKeys (ConfUtils.java:logGet(44)) - raft.server.storage.dir = [/github/workspace/hadoop-ozone/integration-test/target/test-dir/MiniOzoneClusterImpl-f1d3d067-0a31-4f49-b0f8-2dad55a0aeb8/omNode-3/ratis] (custom)
2020-04-21 09:12:33,304 [Thread-8729] INFO  impl.RaftServerProxy (RaftServerProxy.java:addNew(89)) - omNode-3: addNew group-523986131536:[omNode-3:localhost:13952, omNode-1:localhost:13940, omNode-2:localhost:13946] returns group-523986131536:java.util.concurrent.CompletableFuture@78faa828[Not completed]
2020-04-21 09:12:33,304 [pool-2178-thread-1] INFO  impl.RaftServerImpl (RaftServerImpl.java:<init>(97)) - omNode-3: new RaftServerImpl for group-523986131536:[omNode-3:localhost:13952, omNode-1:localhost:13940, omNode-2:localhost:13946] with OzoneManagerStateMachine:uninitialized
2020-04-21 09:12:33,304 [pool-2178-thread-1] INFO  server.RaftServerConfigKeys (ConfUtils.java:logGet(44)) - raft.server.rpc.timeout.min = 1s (custom)
2020-04-21 09:12:33,304 [pool-2178-thread-1] INFO  server.RaftServerConfigKeys (ConfUtils.java:logGet(44)) - raft.server.rpc.timeout.max = 1200ms (custom)
2020-04-21 09:12:33,304 [pool-2178-thread-1] INFO  server.RaftServerConfigKeys (ConfUtils.java:logGet(44)) - raft.server.rpcslowness.timeout = 2s (custom)
2020-04-21 09:12:33,304 [pool-2178-thread-1] INFO  server.RaftServerConfigKeys (ConfUtils.java:logGet(44)) - raft.server.sleep.deviation.threshold = 300 (default)
2020-04-21 09:12:33,304 [pool-2178-thread-1] INFO  server.RaftServerConfigKeys (ConfUtils.java:logGet(44)) - raft.server.log.appender.install.snapshot.enabled = false (custom)
2020-04-21 09:12:33,305 [pool-2178-thread-1] INFO  impl.RaftServerImpl (ServerState.java:<init>(103)) - omNode-3@group-523986131536: ConfigurationManager, init=-1: [omNode-3:localhost:13952, omNode-1:localhost:13940, omNode-2:localhost:13946], old=null, confs=<EMPTY_MAP>
2020-04-21 09:12:33,305 [pool-2178-thread-1] INFO  server.RaftServerConfigKeys (ConfUtils.java:logGet(44)) - raft.server.storage.dir = [/github/workspace/hadoop-ozone/integration-test/target/test-dir/MiniOzoneClusterImpl-f1d3d067-0a31-4f49-b0f8-2dad55a0aeb8/omNode-3/ratis] (custom)
2020-04-21 09:12:33,305 [pool-2178-thread-1] INFO  server.RaftServerConfigKeys (ConfUtils.java:logGet(44)) - raft.server.log.corruption.policy = EXCEPTION (default)
2020-04-21 09:12:33,305 [pool-2178-thread-1] INFO  storage.RaftStorageDirectory (RaftStorageDirectory.java:analyzeStorage(253)) - The storage directory /github/workspace/hadoop-ozone/integration-test/target/test-dir/MiniOzoneClusterImpl-f1d3d067-0a31-4f49-b0f8-2dad55a0aeb8/omNode-3/ratis/c9bc4cf4-3bc3-3c60-a66b-523986131536 does not exist. Creating ...
2020-04-21 09:12:33,305 [Thread-8729] INFO  om.OzoneManager (OzoneManager.java:initializeRatisServer(1252)) - OzoneManager Ratis server initialized at port 13952
2020-04-21 09:12:33,306 [Thread-8729] WARN  server.ServerUtils (ServerUtils.java:getDefaultRatisDirectory(237)) - Storage directory for Ratis is not configured. It is a good idea to map this to an SSD disk. Falling back to ozone.metadata.dirs
2020-04-21 09:12:33,306 [Thread-8729] WARN  server.ServerUtils (ServerUtils.java:getDefaultRatisDirectory(237)) - Storage directory for Ratis is not configured. It is a good idea to map this to an SSD disk. Falling back to ozone.metadata.dirs
2020-04-21 09:12:33,306 [Thread-8729] INFO  snapshot.OzoneManagerSnapshotProvider (OzoneManagerSnapshotProvider.java:<init>(81)) - Initializing OM Snapshot Provider
2020-04-21 09:12:33,306 [pool-2178-thread-1] INFO  storage.RaftStorageDirectory (RaftStorageDirectory.java:tryLock(335)) - Lock on /github/workspace/hadoop-ozone/integration-test/target/test-dir/MiniOzoneClusterImpl-f1d3d067-0a31-4f49-b0f8-2dad55a0aeb8/omNode-3/ratis/c9bc4cf4-3bc3-3c60-a66b-523986131536/in_use.lock acquired by nodename 10658@f71c9419dfe5
2020-04-21 09:12:33,307 [Thread-8729] INFO  ipc.CallQueueManager (CallQueueManager.java:<init>(84)) - Using callQueue: class java.util.concurrent.LinkedBlockingQueue, queueCapacity: 2000, scheduler: class org.apache.hadoop.ipc.DefaultRpcScheduler, ipcBackoff: false.
2020-04-21 09:12:33,307 [pool-2178-thread-1] INFO  storage.RaftStorage (RaftStorage.java:format(84)) - Storage directory /github/workspace/hadoop-ozone/integration-test/target/test-dir/MiniOzoneClusterImpl-f1d3d067-0a31-4f49-b0f8-2dad55a0aeb8/omNode-3/ratis/c9bc4cf4-3bc3-3c60-a66b-523986131536 has been successfully formatted.
2020-04-21 09:12:33,307 [Socket Reader #1 for port 13948] INFO  ipc.Server (Server.java:run(1074)) - Starting Socket Reader #1 for port 13948
2020-04-21 09:12:33,307 [pool-2178-thread-1] INFO  server.RaftServerConfigKeys (ConfUtils.java:logGet(44)) - raft.server.notification.no-leader.timeout = 2s (custom)
2020-04-21 09:12:33,309 [pool-2178-thread-1] INFO  server.RaftServerConfigKeys (ConfUtils.java:logGet(44)) - raft.server.log.use.memory = false (default)
2020-04-21 09:12:33,309 [pool-2178-thread-1] INFO  server.RaftServerConfigKeys (ConfUtils.java:logGet(44)) - raft.server.log.purge.gap = 50 (custom)
2020-04-21 09:12:33,309 [pool-2178-thread-1] INFO  server.RaftServerConfigKeys (ConfUtils.java:logGet(44)) - raft.server.log.appender.buffer.byte-limit = 33554432 (custom)
2020-04-21 09:12:33,310 [pool-2178-thread-1] INFO  server.RaftServerConfigKeys (ConfUtils.java:logGet(44)) - raft.server.log.segment.size.max = 16384 (custom)
2020-04-21 09:12:33,310 [pool-2178-thread-1] INFO  metrics.RatisMetrics (RatisMetrics.java:lambda$create$0(39)) - Creating Metrics Registry : ratis.log_worker.omNode-3
2020-04-21 09:12:33,311 [pool-2178-thread-1] INFO  server.RaftServerConfigKeys (ConfUtils.java:logGet(44)) - raft.server.log.segment.cache.num.max = 2 (custom)
2020-04-21 09:12:33,312 [pool-2178-thread-1] INFO  segmented.SegmentedRaftLogWorker (SegmentedRaftLogWorker.java:<init>(176)) - new omNode-3@group-523986131536-SegmentedRaftLogWorker for RaftStorage:Storage Directory /github/workspace/hadoop-ozone/integration-test/target/test-dir/MiniOzoneClusterImpl-f1d3d067-0a31-4f49-b0f8-2dad55a0aeb8/omNode-3/ratis/c9bc4cf4-3bc3-3c60-a66b-523986131536
2020-04-21 09:12:33,312 [pool-2178-thread-1] INFO  server.RaftServerConfigKeys (ConfUtils.java:logGet(44)) - raft.server.log.queue.byte-limit = 64MB (=67108864) (default)
2020-04-21 09:12:33,312 [pool-2178-thread-1] INFO  server.RaftServerConfigKeys (ConfUtils.java:logGet(44)) - raft.server.log.queue.element-limit = 4096 (default)
2020-04-21 09:12:33,312 [pool-2178-thread-1] INFO  server.RaftServerConfigKeys (ConfUtils.java:logGet(44)) - raft.server.log.segment.size.max = 16384 (custom)
2020-04-21 09:12:33,312 [pool-2178-thread-1] INFO  server.RaftServerConfigKeys (ConfUtils.java:logGet(44)) - raft.server.log.preallocated.size = 16384 (custom)
2020-04-21 09:12:33,312 [pool-2178-thread-1] INFO  server.RaftServerConfigKeys (ConfUtils.java:logGet(44)) - raft.server.log.write.buffer.size = 64KB (=65536) (default)
2020-04-21 09:12:33,312 [pool-2178-thread-1] INFO  server.RaftServerConfigKeys (ConfUtils.java:logGet(44)) - raft.server.log.force.sync.num = 128 (default)
2020-04-21 09:12:33,312 [pool-2178-thread-1] INFO  server.RaftServerConfigKeys (ConfUtils.java:logGet(44)) - raft.server.log.statemachine.data.sync = true (default)
2020-04-21 09:12:33,312 [pool-2178-thread-1] INFO  server.RaftServerConfigKeys (ConfUtils.java:logGet(44)) - raft.server.log.statemachine.data.sync.timeout = 10s (default)
2020-04-21 09:12:33,312 [pool-2178-thread-1] INFO  server.RaftServerConfigKeys (ConfUtils.java:logGet(44)) - raft.server.log.statemachine.data.sync.timeout.retry = -1 (default)
2020-04-21 09:12:33,318 [pool-2178-thread-1] INFO  server.RaftServerConfigKeys (ConfUtils.java:logGet(44)) - raft.server.log.statemachine.data.caching.enabled = false (default)
2020-04-21 09:12:33,318 [pool-2178-thread-1] INFO  segmented.SegmentedRaftLogWorker (SegmentedRaftLogWorker.java:lambda$new$0(129)) - omNode-3@group-523986131536-SegmentedRaftLogWorker: flushIndex: setUnconditionally 0 -> -1
2020-04-21 09:12:33,318 [pool-2178-thread-1] INFO  server.RaftServerConfigKeys (ConfUtils.java:logGet(44)) - raft.server.snapshot.auto.trigger.enabled = true (custom)
2020-04-21 09:12:33,318 [pool-2178-thread-1] INFO  server.RaftServerConfigKeys (ConfUtils.java:logGet(44)) - raft.server.snapshot.auto.trigger.threshold = 50 (custom)
2020-04-21 09:12:33,318 [pool-2178-thread-1] INFO  server.RaftServerConfigKeys (ConfUtils.java:logGet(44)) - raft.server.snapshot.retention.file.num = -1 (default)
2020-04-21 09:12:33,319 [pool-2178-thread-1] INFO  server.RaftServerConfigKeys (ConfUtils.java:logGet(44)) - raft.server.retrycache.expirytime = 600000ms (custom)
2020-04-21 09:12:33,319 [pool-2178-thread-1] INFO  metrics.RatisMetrics (RatisMetrics.java:lambda$create$0(39)) - Creating Metrics Registry : ratis.leader_election.omNode-3@group-523986131536
2020-04-21 09:12:34,526 [Thread-8862] INFO  impl.FollowerState (FollowerState.java:run(108)) - omNode-2@group-523986131536-FollowerState: change to CANDIDATE, lastRpcTime:1319ms, electionTimeout:1097ms
2020-04-21 09:12:34,528 [Thread-8823] WARN  util.JavaUtils (JavaUtils.java:sleep(246)) - Unexpected long sleep: sleep(1098ms) actually took 1461ms which is over the threshold 300ms
2020-04-21 09:12:34,531 [org.apache.hadoop.util.JvmPauseMonitor$Monitor@13241fcc] INFO  util.JvmPauseMonitor (JvmPauseMonitor.java:run(205)) - Detected pause in JVM or host machine (eg GC): pause of approximately 1077ms
GC pool 'PS MarkSweep' had collection(s): count=1 time=1057ms
GC pool 'PS Scavenge' had collection(s): count=1 time=145ms
2020-04-21 09:12:34,536 [Thread-8862] INFO  impl.RoleInfo (RoleInfo.java:shutdownFollowerState(121)) - omNode-2: shutdown FollowerState
2020-04-21 09:12:34,537 [Thread-8862] INFO  impl.RaftServerImpl (RaftServerImpl.java:setRole(172)) - omNode-2@group-523986131536: changes role from  FOLLOWER to CANDIDATE at term 0 for changeToCandidate
2020-04-21 09:12:34,537 [Thread-8862] INFO  impl.RoleInfo (RoleInfo.java:updateAndGet(143)) - omNode-2: start LeaderElection
2020-04-21 09:12:34,537 [pool-2178-thread-1] INFO  metrics.RatisMetrics (RatisMetrics.java:lambda$create$0(39)) - Creating Metrics Registry : ratis.server.omNode-3@group-523986131536
2020-04-21 09:12:34,539 [Thread-8729] INFO  impl.MetricsSystemImpl (MetricsSystemImpl.java:init(158)) - OzoneManager metrics system started (again)
2020-04-21 09:12:34,549 [omNode-2@group-523986131536-LeaderElection127] INFO  impl.LeaderElection (LeaderElection.java:askForVotes(206)) - omNode-2@group-523986131536-LeaderElection127: begin an election at term 1 for -1: [omNode-3:localhost:13952, omNode-1:localhost:13940, omNode-2:localhost:13946], old=null
2020-04-21 09:12:34,560 [Thread-8729] INFO  om.OzoneManager (OzoneManager.java:start(1111)) - OzoneManager RPC server is listening at localhost/127.0.0.1:13948
2020-04-21 09:12:34,560 [Thread-8729] INFO  ratis.OzoneManagerRatisServer (OzoneManagerRatisServer.java:start(356)) - Starting OzoneManagerRatisServer omNode-3 at port 13952
2020-04-21 09:12:34,564 [Thread-8729] INFO  impl.RaftServerImpl (RaftServerImpl.java:start(183)) - omNode-3@group-523986131536: start as a follower, conf=-1: [omNode-3:localhost:13952, omNode-1:localhost:13940, omNode-2:localhost:13946], old=null
2020-04-21 09:12:34,568 [Thread-8729] INFO  impl.RaftServerImpl (RaftServerImpl.java:setRole(172)) - omNode-3@group-523986131536: changes role from      null to FOLLOWER at term 0 for startAsFollower
2020-04-21 09:12:34,568 [Thread-8729] INFO  impl.RoleInfo (RoleInfo.java:updateAndGet(143)) - omNode-3: start FollowerState
2020-04-21 09:12:34,580 [Thread-8729] INFO  util.JmxRegister (JmxRegister.java:tryRegister(44)) - Successfully registered JMX Bean with object name Ratis:service=RaftServer,group=group-523986131536,id=omNode-3
2020-04-21 09:12:34,580 [Thread-8729] INFO  metrics.RatisMetrics (RatisMetrics.java:lambda$create$0(39)) - Creating Metrics Registry : ratis.state_machine.omNode-3@group-523986131536
2020-04-21 09:12:34,583 [Thread-8729] INFO  impl.RaftServerProxy (RaftServerProxy.java:lambda$start$3(299)) - omNode-3: start RPC server
2020-04-21 09:12:34,597 [Thread-8729] INFO  server.GrpcService (GrpcService.java:startImpl(158)) - omNode-3: GrpcService started, listening on 0.0.0.0/0.0.0.0:13952
2020-04-21 09:12:34,600 [grpc-default-executor-6] INFO  impl.RaftServerImpl (RaftServerImpl.java:setRole(172)) - omNode-1@group-523986131536: changes role from  FOLLOWER to FOLLOWER at term 1 for recognizeCandidate:omNode-2
2020-04-21 09:12:34,600 [grpc-default-executor-6] INFO  impl.RoleInfo (RoleInfo.java:shutdownFollowerState(121)) - omNode-1: shutdown FollowerState
2020-04-21 09:12:34,600 [grpc-default-executor-6] INFO  impl.RoleInfo (RoleInfo.java:updateAndGet(143)) - omNode-1: start FollowerState
2020-04-21 09:12:34,600 [Thread-8823] INFO  impl.FollowerState (FollowerState.java:run(117)) - omNode-1@group-523986131536-FollowerState was interrupted: java.lang.InterruptedException: sleep interrupted
2020-04-21 09:12:34,600 [grpc-default-executor-11] INFO  impl.RaftServerImpl (RaftServerImpl.java:setRole(172)) - omNode-3@group-523986131536: changes role from  FOLLOWER to FOLLOWER at term 1 for recognizeCandidate:omNode-2
2020-04-21 09:12:34,600 [grpc-default-executor-11] INFO  impl.RoleInfo (RoleInfo.java:shutdownFollowerState(121)) - omNode-3: shutdown FollowerState
2020-04-21 09:12:34,611 [grpc-default-executor-11] INFO  impl.RoleInfo (RoleInfo.java:updateAndGet(143)) - omNode-3: start FollowerState
2020-04-21 09:12:34,611 [Thread-8905] INFO  impl.FollowerState (FollowerState.java:run(117)) - omNode-3@group-523986131536-FollowerState was interrupted: java.lang.InterruptedException: sleep interrupted
2020-04-21 09:12:34,612 [IPC Server Responder] INFO  ipc.Server (Server.java:run(1314)) - IPC Server Responder: starting
2020-04-21 09:12:34,612 [IPC Server listener on 13948] INFO  ipc.Server (Server.java:run(1153)) - IPC Server listener on 13948: starting
2020-04-21 09:12:34,625 [Thread-8729] INFO  http.BaseHttpServer (BaseHttpServer.java:newHttpServer2BuilderForOzone(174)) - Starting Web-server for ozoneManager at: http://0.0.0.0:13950
2020-04-21 09:12:34,626 [Thread-8729] INFO  server.AuthenticationFilter (AuthenticationFilter.java:constructSecretProvider(240)) - Unable to initialize FileSignerSecretProvider, falling back to use random secrets.
2020-04-21 09:12:34,626 [Thread-8729] WARN  http.HttpRequestLog (HttpRequestLog.java:getRequestLog(103)) - Jetty request log can only be enabled using Log4j
2020-04-21 09:12:34,627 [omNode-2@group-523986131536-LeaderElection127] INFO  impl.LeaderElection (LeaderElection.java:logAndReturn(61)) - omNode-2@group-523986131536-LeaderElection127: Election PASSED; received 1 response(s) [omNode-2<-omNode-1#0:OK-t1] and 0 exception(s); omNode-2@group-523986131536:t1, leader=null, voted=omNode-2, raftlog=omNode-2@group-523986131536-SegmentedRaftLog:OPENED:c-1,f-1,i0, conf=-1: [omNode-3:localhost:13952, omNode-1:localhost:13940, omNode-2:localhost:13946], old=null
2020-04-21 09:12:34,627 [omNode-2@group-523986131536-LeaderElection127] INFO  impl.RoleInfo (RoleInfo.java:shutdownLeaderElection(134)) - omNode-2: shutdown LeaderElection
2020-04-21 09:12:34,627 [omNode-2@group-523986131536-LeaderElection127] INFO  impl.RaftServerImpl (RaftServerImpl.java:setRole(172)) - omNode-2@group-523986131536: changes role from CANDIDATE to LEADER at term 1 for changeToLeader
2020-04-21 09:12:34,627 [omNode-2@group-523986131536-LeaderElection127] INFO  impl.RaftServerImpl (ServerState.java:setLeader(255)) - omNode-2@group-523986131536: change Leader from null to omNode-2 at term 1 for becomeLeader, leader elected after 1452ms
2020-04-21 09:12:34,627 [omNode-2@group-523986131536-LeaderElection127] INFO  server.RaftServerConfigKeys (ConfUtils.java:logGet(44)) - raft.server.staging.catchup.gap = 1000 (default)
2020-04-21 09:12:34,628 [omNode-2@group-523986131536-LeaderElection127] INFO  server.RaftServerConfigKeys (ConfUtils.java:logGet(44)) - raft.server.rpc.sleep.time = 25ms (default)
2020-04-21 09:12:34,628 [omNode-2@group-523986131536-LeaderElection127] INFO  metrics.RatisMetrics (RatisMetrics.java:lambda$create$0(39)) - Creating Metrics Registry : ratis.log_appender.omNode-2@group-523986131536
2020-04-21 09:12:34,628 [omNode-2@group-523986131536-LeaderElection127] INFO  server.RaftServerConfigKeys (ConfUtils.java:logGet(44)) - raft.server.write.element-limit = 4096 (default)
2020-04-21 09:12:34,628 [omNode-2@group-523986131536-LeaderElection127] INFO  server.RaftServerConfigKeys (ConfUtils.java:logGet(44)) - raft.server.write.byte-limit = 64MB (=67108864) (default)
2020-04-21 09:12:34,630 [omNode-2@group-523986131536-LeaderElection127] INFO  server.RaftServerConfigKeys (ConfUtils.java:logGet(44)) - raft.server.watch.timeout = 10s (default)
2020-04-21 09:12:34,630 [omNode-2@group-523986131536-LeaderElection127] INFO  server.RaftServerConfigKeys (ConfUtils.java:logGet(44)) - raft.server.watch.timeout.denomination = 1s (default)
2020-04-21 09:12:34,630 [omNode-2@group-523986131536-LeaderElection127] INFO  server.RaftServerConfigKeys (ConfUtils.java:logGet(44)) - raft.server.watch.element-limit = 65536 (default)
2020-04-21 09:12:34,630 [omNode-2@group-523986131536-LeaderElection127] INFO  server.RaftServerConfigKeys (ConfUtils.java:logGet(44)) - raft.server.log.appender.snapshot.chunk.size.max = 16MB (=16777216) (default)
2020-04-21 09:12:34,630 [omNode-2@group-523986131536-LeaderElection127] INFO  server.RaftServerConfigKeys (ConfUtils.java:logGet(44)) - raft.server.log.appender.buffer.byte-limit = 33554432 (custom)
2020-04-21 09:12:34,630 [omNode-2@group-523986131536-LeaderElection127] INFO  server.RaftServerConfigKeys (ConfUtils.java:logGet(44)) - raft.server.log.appender.buffer.element-limit = 1024 (custom)
2020-04-21 09:12:34,630 [omNode-2@group-523986131536-LeaderElection127] INFO  grpc.GrpcConfigKeys (ConfUtils.java:logGet(44)) - raft.grpc.server.leader.outstanding.appends.max = 128 (default)
2020-04-21 09:12:34,630 [omNode-2@group-523986131536-LeaderElection127] INFO  server.RaftServerConfigKeys (ConfUtils.java:logGet(44)) - raft.server.rpc.request.timeout = 3000ms (default)
2020-04-21 09:12:34,630 [omNode-2@group-523986131536-LeaderElection127] INFO  server.RaftServerConfigKeys (ConfUtils.java:logGet(44)) - raft.server.log.appender.install.snapshot.enabled = false (custom)
2020-04-21 09:12:34,631 [Thread-8729] INFO  http.HttpServer2 (HttpServer2.java:addGlobalFilter(979)) - Added global filter 'safety' (class=org.apache.hadoop.hdds.server.http.HttpServer2$QuotingInputFilter)
2020-04-21 09:12:34,631 [Thread-8729] INFO  http.HttpServer2 (HttpServer2.java:addFilter(955)) - Added filter static_user_filter (class=org.apache.hadoop.hdds.server.http.StaticUserWebFilter$StaticUserFilter) to context ozoneManager
2020-04-21 09:12:34,631 [Thread-8729] INFO  http.HttpServer2 (HttpServer2.java:addFilter(963)) - Added filter static_user_filter (class=org.apache.hadoop.hdds.server.http.StaticUserWebFilter$StaticUserFilter) to context logs
2020-04-21 09:12:34,631 [Thread-8729] INFO  http.HttpServer2 (HttpServer2.java:addFilter(963)) - Added filter static_user_filter (class=org.apache.hadoop.hdds.server.http.StaticUserWebFilter$StaticUserFilter) to context static
2020-04-21 09:12:34,631 [Thread-8729] INFO  http.HttpServer2 (HttpServer2.java:bindListener(1197)) - Jetty bound to port 13950
2020-04-21 09:12:34,632 [Thread-8729] INFO  server.Server (Server.java:doStart(359)) - jetty-9.4.26.v20200117; built: 2020-01-17T12:35:33.676Z; git: 7b38981d25d14afb4a12ff1f2596756144edf695; jvm 1.8.0_232-b09
2020-04-21 09:12:34,634 [omNode-2@group-523986131536-LeaderElection127] INFO  server.RaftServerConfigKeys (ConfUtils.java:logGet(44)) - raft.server.log.appender.snapshot.chunk.size.max = 16MB (=16777216) (default)
2020-04-21 09:12:34,635 [omNode-2@group-523986131536-LeaderElection127] INFO  server.RaftServerConfigKeys (ConfUtils.java:logGet(44)) - raft.server.log.appender.buffer.byte-limit = 33554432 (custom)
2020-04-21 09:12:34,635 [omNode-2@group-523986131536-LeaderElection127] INFO  server.RaftServerConfigKeys (ConfUtils.java:logGet(44)) - raft.server.log.appender.buffer.element-limit = 1024 (custom)
2020-04-21 09:12:34,640 [Thread-8729] INFO  server.session (DefaultSessionIdManager.java:doStart(333)) - DefaultSessionIdManager workerName=node0
2020-04-21 09:12:34,640 [Thread-8729] INFO  server.session (DefaultSessionIdManager.java:doStart(338)) - No SessionScavenger set, using defaults
2020-04-21 09:12:34,640 [Thread-8729] INFO  server.session (HouseKeeper.java:startScavenging(140)) - node0 Scavenging every 660000ms
2020-04-21 09:12:34,641 [omNode-2@group-523986131536-LeaderElection127] INFO  grpc.GrpcConfigKeys (ConfUtils.java:logGet(44)) - raft.grpc.server.leader.outstanding.appends.max = 128 (default)
2020-04-21 09:12:34,641 [omNode-2@group-523986131536-LeaderElection127] INFO  server.RaftServerConfigKeys (ConfUtils.java:logGet(44)) - raft.server.rpc.request.timeout = 3000ms (default)
2020-04-21 09:12:34,641 [omNode-2@group-523986131536-LeaderElection127] INFO  server.RaftServerConfigKeys (ConfUtils.java:logGet(44)) - raft.server.log.appender.install.snapshot.enabled = false (custom)
2020-04-21 09:12:34,643 [Thread-8729] INFO  handler.ContextHandler (ContextHandler.java:doStart(825)) - Started o.e.j.s.ServletContextHandler@4209bd5b{logs,/logs,file:///github/workspace/hadoop-ozone/integration-test/target/log,AVAILABLE}
2020-04-21 09:12:34,643 [Thread-8729] INFO  handler.ContextHandler (ContextHandler.java:doStart(825)) - Started o.e.j.s.ServletContextHandler@2c48f37f{static,/static,file:///github/workspace/hadoop-ozone/integration-test/target/test-classes/webapps/static,AVAILABLE}
2020-04-21 09:12:34,645 [Thread-8729] INFO  handler.ContextHandler (ContextHandler.java:doStart(825)) - Started o.e.j.w.WebAppContext@235fd045{ozoneManager,/,file:///github/workspace/hadoop-ozone/integration-test/target/test-classes/webapps/ozoneManager/,AVAILABLE}{file:/github/workspace/hadoop-ozone/integration-test/target/test-classes/webapps/ozoneManager}
2020-04-21 09:12:34,645 [omNode-2@group-523986131536-LeaderElection127] INFO  impl.RoleInfo (RoleInfo.java:updateAndGet(143)) - omNode-2: start LeaderState
2020-04-21 09:12:34,650 [Thread-8729] INFO  server.AbstractConnector (AbstractConnector.java:doStart(330)) - Started ServerConnector@15d2a2c8{HTTP/1.1,[http/1.1]}{0.0.0.0:13950}
2020-04-21 09:12:34,650 [Thread-8729] INFO  server.Server (Server.java:doStart(399)) - Started @536433ms
2020-04-21 09:12:34,650 [Thread-8729] WARN  impl.MetricsSystemImpl (MetricsSystemImpl.java:register(276)) - Sink prometheus already exists!
2020-04-21 09:12:34,650 [omNode-2@group-523986131536-LeaderElection127] INFO  segmented.SegmentedRaftLogWorker (SegmentedRaftLogWorker.java:startLogSegment(391)) - omNode-2@group-523986131536-SegmentedRaftLogWorker: Starting segment from index:0
2020-04-21 09:12:34,653 [omNode-2@group-523986131536-SegmentedRaftLogWorker] INFO  segmented.SegmentedRaftLogWorker (SegmentedRaftLogWorker.java:execute(583)) - omNode-2@group-523986131536-SegmentedRaftLogWorker: created new log segment /github/workspace/hadoop-ozone/integration-test/target/test-dir/MiniOzoneClusterImpl-f1d3d067-0a31-4f49-b0f8-2dad55a0aeb8/omNode-2/ratis/c9bc4cf4-3bc3-3c60-a66b-523986131536/current/log_inprogress_0
2020-04-21 09:12:34,654 [Thread-8729] INFO  http.BaseHttpServer (BaseHttpServer.java:updateConnectorAddress(288)) - HTTP server of ozoneManager listening at http://0.0.0.0:13950
2020-04-21 09:12:34,654 [omNode-2@group-523986131536-LeaderElection127] INFO  impl.RaftServerImpl (ServerState.java:setRaftConf(356)) - omNode-2@group-523986131536: set configuration 0: [omNode-3:localhost:13952, omNode-1:localhost:13940, omNode-2:localhost:13946], old=null at 0
2020-04-21 09:12:34,654 [Thread-8729] INFO  ozone.MiniOzoneHAClusterImpl (MiniOzoneHAClusterImpl.java:createOMService(385)) - Started OzoneManager RPC server at localhost/127.0.0.1:13948
2020-04-21 09:12:34,660 [grpc-default-executor-6] INFO  impl.RaftServerImpl (ServerState.java:setLeader(255)) - omNode-3@group-523986131536: change Leader from null to omNode-2 at term 1 for appendEntries, leader elected after 1352ms
2020-04-21 09:12:34,663 [Thread-8729] INFO  impl.MetricsSystemImpl (MetricsSystemImpl.java:init(158)) - HddsDatanode metrics system started (again)
2020-04-21 09:12:34,685 [grpc-default-executor-6] INFO  impl.RaftServerImpl (ServerState.java:setRaftConf(356)) - omNode-3@group-523986131536: set configuration 0: [omNode-3:localhost:13952, omNode-1:localhost:13940, omNode-2:localhost:13946], old=null at 0
2020-04-21 09:12:34,687 [grpc-default-executor-6] INFO  segmented.SegmentedRaftLogWorker (SegmentedRaftLogWorker.java:startLogSegment(391)) - omNode-3@group-523986131536-SegmentedRaftLogWorker: Starting segment from index:0
2020-04-21 09:12:34,689 [grpc-default-executor-11] INFO  impl.RaftServerImpl (ServerState.java:setLeader(255)) - omNode-1@group-523986131536: change Leader from null to omNode-2 at term 1 for appendEntries, leader elected after 1669ms
2020-04-21 09:12:34,689 [omNode-3@group-523986131536-SegmentedRaftLogWorker] INFO  segmented.SegmentedRaftLogWorker (SegmentedRaftLogWorker.java:execute(583)) - omNode-3@group-523986131536-SegmentedRaftLogWorker: created new log segment /github/workspace/hadoop-ozone/integration-test/target/test-dir/MiniOzoneClusterImpl-f1d3d067-0a31-4f49-b0f8-2dad55a0aeb8/omNode-3/ratis/c9bc4cf4-3bc3-3c60-a66b-523986131536/current/log_inprogress_0
2020-04-21 09:12:34,690 [Thread-8729] INFO  ozone.HddsDatanodeService (HddsDatanodeService.java:start(204)) - HddsDatanodeService host:f71c9419dfe5 ip:172.17.0.2
2020-04-21 09:12:34,693 [Thread-8729] INFO  volume.HddsVolume (HddsVolume.java:<init>(176)) - Creating Volume: /github/workspace/hadoop-ozone/integration-test/target/test-dir/MiniOzoneClusterImpl-f1d3d067-0a31-4f49-b0f8-2dad55a0aeb8/datanode-0/data-0/containers/hdds of storage type : DISK and capacity : 9223372036854775807
2020-04-21 09:12:34,693 [Thread-8729] INFO  volume.MutableVolumeSet (MutableVolumeSet.java:initializeVolumeSet(189)) - Added Volume : /github/workspace/hadoop-ozone/integration-test/target/test-dir/MiniOzoneClusterImpl-f1d3d067-0a31-4f49-b0f8-2dad55a0aeb8/datanode-0/data-0/containers/hdds to VolumeSet
2020-04-21 09:12:34,693 [Thread-8729] INFO  volume.ThrottledAsyncChecker (ThrottledAsyncChecker.java:schedule(141)) - Scheduling a check for /github/workspace/hadoop-ozone/integration-test/target/test-dir/MiniOzoneClusterImpl-f1d3d067-0a31-4f49-b0f8-2dad55a0aeb8/datanode-0/data-0/containers/hdds
2020-04-21 09:12:34,693 [grpc-default-executor-11] INFO  impl.RaftServerImpl (ServerState.java:setRaftConf(356)) - omNode-1@group-523986131536: set configuration 0: [omNode-3:localhost:13952, omNode-1:localhost:13940, omNode-2:localhost:13946], old=null at 0
2020-04-21 09:12:34,694 [Thread-8729] INFO  volume.HddsVolumeChecker (HddsVolumeChecker.java:checkAllVolumes(200)) - Scheduled health check for volume /github/workspace/hadoop-ozone/integration-test/target/test-dir/MiniOzoneClusterImpl-f1d3d067-0a31-4f49-b0f8-2dad55a0aeb8/datanode-0/data-0/containers/hdds
2020-04-21 09:12:34,700 [grpc-default-executor-11] INFO  segmented.SegmentedRaftLogWorker (SegmentedRaftLogWorker.java:startLogSegment(391)) - omNode-1@group-523986131536-SegmentedRaftLogWorker: Starting segment from index:0
2020-04-21 09:12:34,702 [omNode-1@group-523986131536-SegmentedRaftLogWorker] INFO  segmented.SegmentedRaftLogWorker (SegmentedRaftLogWorker.java:execute(583)) - omNode-1@group-523986131536-SegmentedRaftLogWorker: created new log segment /github/workspace/hadoop-ozone/integration-test/target/test-dir/MiniOzoneClusterImpl-f1d3d067-0a31-4f49-b0f8-2dad55a0aeb8/omNode-1/ratis/c9bc4cf4-3bc3-3c60-a66b-523986131536/current/log_inprogress_0
2020-04-21 09:12:34,713 [Thread-8729] INFO  impl.RaftServerProxy (ConfUtils.java:logGet(44)) - raft.rpc.type = GRPC (default)
2020-04-21 09:12:34,713 [Thread-8729] INFO  grpc.GrpcFactory (GrpcFactory.java:checkPooledByteBufAllocatorUseCacheForAllThreads(45)) - PERFORMANCE WARNING: useCacheForAllThreads is true that may cause Netty to create a lot garbage objects and, as a result, trigger GC.
	It is recommended to disable useCacheForAllThreads by setting -Dorg.apache.ratis.thirdparty.io.netty.allocator.useCacheForAllThreads=false in command line.
2020-04-21 09:12:34,713 [Thread-8729] INFO  grpc.GrpcConfigKeys (ConfUtils.java:logGet(44)) - raft.grpc.server.port = 0 (default)
2020-04-21 09:12:34,713 [Thread-8729] INFO  server.GrpcService (ConfUtils.java:logGet(44)) - raft.grpc.message.size.max = 32MB (=33554432) (custom)
2020-04-21 09:12:34,713 [Thread-8729] INFO  server.RaftServerConfigKeys (ConfUtils.java:logGet(44)) - raft.server.log.appender.buffer.byte-limit = 33554432 (custom)
2020-04-21 09:12:34,713 [Thread-8729] INFO  server.GrpcService (ConfUtils.java:logGet(44)) - raft.grpc.flow.control.window = 5MB (=5242880) (custom)
2020-04-21 09:12:34,713 [Thread-8729] INFO  server.RaftServerConfigKeys (ConfUtils.java:logGet(44)) - raft.server.rpc.request.timeout = 60s (custom)
2020-04-21 09:12:34,714 [Thread-8729] INFO  server.RaftServerConfigKeys (ConfUtils.java:logGet(44)) - raft.server.storage.dir = [/github/workspace/hadoop-ozone/integration-test/target/test-dir/MiniOzoneClusterImpl-f1d3d067-0a31-4f49-b0f8-2dad55a0aeb8/datanode-0/data/ratis] (custom)
2020-04-21 09:12:34,718 [Thread-8729] INFO  http.BaseHttpServer (BaseHttpServer.java:newHttpServer2BuilderForOzone(174)) - Starting Web-server for hddsDatanode at: http://0.0.0.0:0
2020-04-21 09:12:34,719 [Thread-8729] INFO  server.AuthenticationFilter (AuthenticationFilter.java:constructSecretProvider(240)) - Unable to initialize FileSignerSecretProvider, falling back to use random secrets.
2020-04-21 09:12:34,719 [Thread-8729] WARN  http.HttpRequestLog (HttpRequestLog.java:getRequestLog(103)) - Jetty request log can only be enabled using Log4j
2020-04-21 09:12:34,720 [Thread-8729] INFO  http.HttpServer2 (HttpServer2.java:addGlobalFilter(979)) - Added global filter 'safety' (class=org.apache.hadoop.hdds.server.http.HttpServer2$QuotingInputFilter)
2020-04-21 09:12:34,720 [Thread-8729] INFO  http.HttpServer2 (HttpServer2.java:addFilter(955)) - Added filter static_user_filter (class=org.apache.hadoop.hdds.server.http.StaticUserWebFilter$StaticUserFilter) to context hddsDatanode
2020-04-21 09:12:34,720 [Thread-8729] INFO  http.HttpServer2 (HttpServer2.java:addFilter(963)) - Added filter static_user_filter (class=org.apache.hadoop.hdds.server.http.StaticUserWebFilter$StaticUserFilter) to context logs
2020-04-21 09:12:34,720 [Thread-8729] INFO  http.HttpServer2 (HttpServer2.java:addFilter(963)) - Added filter static_user_filter (class=org.apache.hadoop.hdds.server.http.StaticUserWebFilter$StaticUserFilter) to context static
2020-04-21 09:12:34,720 [Thread-8729] INFO  http.HttpServer2 (HttpServer2.java:bindListener(1197)) - Jetty bound to port 36745
2020-04-21 09:12:34,720 [Thread-8729] INFO  server.Server (Server.java:doStart(359)) - jetty-9.4.26.v20200117; built: 2020-01-17T12:35:33.676Z; git: 7b38981d25d14afb4a12ff1f2596756144edf695; jvm 1.8.0_232-b09
2020-04-21 09:12:34,721 [Thread-8729] INFO  server.session (DefaultSessionIdManager.java:doStart(333)) - DefaultSessionIdManager workerName=node0
2020-04-21 09:12:34,721 [Thread-8729] INFO  server.session (DefaultSessionIdManager.java:doStart(338)) - No SessionScavenger set, using defaults
2020-04-21 09:12:34,721 [Thread-8729] INFO  server.session (HouseKeeper.java:startScavenging(140)) - node0 Scavenging every 600000ms
2020-04-21 09:12:34,723 [Thread-8729] INFO  handler.ContextHandler (ContextHandler.java:doStart(825)) - Started o.e.j.s.ServletContextHandler@5cfa123f{logs,/logs,file:///github/workspace/hadoop-ozone/integration-test/target/log,AVAILABLE}
2020-04-21 09:12:34,723 [Thread-8729] INFO  handler.ContextHandler (ContextHandler.java:doStart(825)) - Started o.e.j.s.ServletContextHandler@1bc415cd{static,/static,jar:file:/home/user/.m2/repository/org/apache/hadoop/hadoop-hdds-container-service/0.6.0-SNAPSHOT/hadoop-hdds-container-service-0.6.0-SNAPSHOT.jar!/webapps/static,AVAILABLE}
2020-04-21 09:12:34,758 [Thread-8729] INFO  handler.ContextHandler (ContextHandler.java:doStart(825)) - Started o.e.j.w.WebAppContext@3c67d5f0{hddsDatanode,/,file:///tmp/jetty-0_0_0_0-36745-hadoop-hdds-container-service-0_6_0-SNAPSHOT_jar-_-any-2017118366572866305.dir/webapp/,AVAILABLE}{jar:file:/home/user/.m2/repository/org/apache/hadoop/hadoop-hdds-container-service/0.6.0-SNAPSHOT/hadoop-hdds-container-service-0.6.0-SNAPSHOT.jar!/webapps/hddsDatanode}
2020-04-21 09:12:34,760 [Thread-8729] INFO  server.AbstractConnector (AbstractConnector.java:doStart(330)) - Started ServerConnector@252a520d{HTTP/1.1,[http/1.1]}{0.0.0.0:36745}
2020-04-21 09:12:34,761 [Thread-8729] INFO  server.Server (Server.java:doStart(399)) - Started @536544ms
2020-04-21 09:12:34,761 [Thread-8729] WARN  impl.MetricsSystemImpl (MetricsSystemImpl.java:register(276)) - Sink prometheus already exists!
2020-04-21 09:12:34,763 [Thread-8729] INFO  http.BaseHttpServer (BaseHttpServer.java:updateConnectorAddress(288)) - HTTP server of hddsDatanode listening at http://0.0.0.0:36745
2020-04-21 09:12:34,763 [Thread-8729] INFO  impl.MetricsSystemImpl (MetricsSystemImpl.java:init(158)) - HddsDatanode metrics system started (again)
2020-04-21 09:12:34,778 [Thread-8729] INFO  ozone.HddsDatanodeService (HddsDatanodeService.java:start(204)) - HddsDatanodeService host:f71c9419dfe5 ip:172.17.0.2
2020-04-21 09:12:34,787 [org.apache.hadoop.util.JvmPauseMonitor$Monitor@2fa54102] INFO  util.JvmPauseMonitor (JvmPauseMonitor.java:run(188)) - Starting JVM pause monitor
2020-04-21 09:12:34,787 [Thread-8729] INFO  volume.HddsVolume (HddsVolume.java:<init>(176)) - Creating Volume: /github/workspace/hadoop-ozone/integration-test/target/test-dir/MiniOzoneClusterImpl-f1d3d067-0a31-4f49-b0f8-2dad55a0aeb8/datanode-1/data-0/containers/hdds of storage type : DISK and capacity : 9223372036854775807
2020-04-21 09:12:34,787 [Thread-8729] INFO  volume.MutableVolumeSet (MutableVolumeSet.java:initializeVolumeSet(189)) - Added Volume : /github/workspace/hadoop-ozone/integration-test/target/test-dir/MiniOzoneClusterImpl-f1d3d067-0a31-4f49-b0f8-2dad55a0aeb8/datanode-1/data-0/containers/hdds to VolumeSet
2020-04-21 09:12:34,788 [Thread-8729] INFO  volume.ThrottledAsyncChecker (ThrottledAsyncChecker.java:schedule(141)) - Scheduling a check for /github/workspace/hadoop-ozone/integration-test/target/test-dir/MiniOzoneClusterImpl-f1d3d067-0a31-4f49-b0f8-2dad55a0aeb8/datanode-1/data-0/containers/hdds
2020-04-21 09:12:34,788 [Datanode State Machine Thread - 0] INFO  datanode.InitDatanodeState (InitDatanodeState.java:persistContainerDatanodeDetails(145)) - DatanodeDetails is persisted to /github/workspace/hadoop-ozone/integration-test/target/test-dir/MiniOzoneClusterImpl-f1d3d067-0a31-4f49-b0f8-2dad55a0aeb8/datanode-0/meta/datanode.id
2020-04-21 09:12:34,789 [Thread-8729] INFO  volume.HddsVolumeChecker (HddsVolumeChecker.java:checkAllVolumes(200)) - Scheduled health check for volume /github/workspace/hadoop-ozone/integration-test/target/test-dir/MiniOzoneClusterImpl-f1d3d067-0a31-4f49-b0f8-2dad55a0aeb8/datanode-1/data-0/containers/hdds
2020-04-21 09:12:34,805 [Thread-8729] INFO  impl.RaftServerProxy (ConfUtils.java:logGet(44)) - raft.rpc.type = GRPC (default)
2020-04-21 09:12:34,805 [Thread-8729] INFO  grpc.GrpcFactory (GrpcFactory.java:checkPooledByteBufAllocatorUseCacheForAllThreads(45)) - PERFORMANCE WARNING: useCacheForAllThreads is true that may cause Netty to create a lot garbage objects and, as a result, trigger GC.
	It is recommended to disable useCacheForAllThreads by setting -Dorg.apache.ratis.thirdparty.io.netty.allocator.useCacheForAllThreads=false in command line.
2020-04-21 09:12:34,805 [Thread-8729] INFO  grpc.GrpcConfigKeys (ConfUtils.java:logGet(44)) - raft.grpc.server.port = 0 (default)
2020-04-21 09:12:34,805 [Thread-8729] INFO  server.GrpcService (ConfUtils.java:logGet(44)) - raft.grpc.message.size.max = 32MB (=33554432) (custom)
2020-04-21 09:12:34,805 [Thread-8729] INFO  server.RaftServerConfigKeys (ConfUtils.java:logGet(44)) - raft.server.log.appender.buffer.byte-limit = 33554432 (custom)
2020-04-21 09:12:34,805 [Thread-8729] INFO  server.GrpcService (ConfUtils.java:logGet(44)) - raft.grpc.flow.control.window = 5MB (=5242880) (custom)
2020-04-21 09:12:34,805 [Thread-8729] INFO  server.RaftServerConfigKeys (ConfUtils.java:logGet(44)) - raft.server.rpc.request.timeout = 60s (custom)
2020-04-21 09:12:34,806 [Thread-8729] INFO  server.RaftServerConfigKeys (ConfUtils.java:logGet(44)) - raft.server.storage.dir = [/github/workspace/hadoop-ozone/integration-test/target/test-dir/MiniOzoneClusterImpl-f1d3d067-0a31-4f49-b0f8-2dad55a0aeb8/datanode-1/data/ratis] (custom)
2020-04-21 09:12:34,809 [Thread-8729] INFO  http.BaseHttpServer (BaseHttpServer.java:newHttpServer2BuilderForOzone(174)) - Starting Web-server for hddsDatanode at: http://0.0.0.0:0
2020-04-21 09:12:34,810 [Thread-8729] INFO  server.AuthenticationFilter (AuthenticationFilter.java:constructSecretProvider(240)) - Unable to initialize FileSignerSecretProvider, falling back to use random secrets.
2020-04-21 09:12:34,810 [Thread-8729] WARN  http.HttpRequestLog (HttpRequestLog.java:getRequestLog(103)) - Jetty request log can only be enabled using Log4j
2020-04-21 09:12:34,811 [Thread-8729] INFO  http.HttpServer2 (HttpServer2.java:addGlobalFilter(979)) - Added global filter 'safety' (class=org.apache.hadoop.hdds.server.http.HttpServer2$QuotingInputFilter)
2020-04-21 09:12:34,811 [Thread-8729] INFO  http.HttpServer2 (HttpServer2.java:addFilter(955)) - Added filter static_user_filter (class=org.apache.hadoop.hdds.server.http.StaticUserWebFilter$StaticUserFilter) to context hddsDatanode
2020-04-21 09:12:34,811 [Thread-8729] INFO  http.HttpServer2 (HttpServer2.java:addFilter(963)) - Added filter static_user_filter (class=org.apache.hadoop.hdds.server.http.StaticUserWebFilter$StaticUserFilter) to context static
2020-04-21 09:12:34,811 [Thread-8729] INFO  http.HttpServer2 (HttpServer2.java:addFilter(963)) - Added filter static_user_filter (class=org.apache.hadoop.hdds.server.http.StaticUserWebFilter$StaticUserFilter) to context logs
2020-04-21 09:12:34,811 [Thread-8729] INFO  http.HttpServer2 (HttpServer2.java:bindListener(1197)) - Jetty bound to port 39235
2020-04-21 09:12:34,811 [Thread-8729] INFO  server.Server (Server.java:doStart(359)) - jetty-9.4.26.v20200117; built: 2020-01-17T12:35:33.676Z; git: 7b38981d25d14afb4a12ff1f2596756144edf695; jvm 1.8.0_232-b09
2020-04-21 09:12:34,812 [Thread-8729] INFO  server.session (DefaultSessionIdManager.java:doStart(333)) - DefaultSessionIdManager workerName=node0
2020-04-21 09:12:34,812 [Thread-8729] INFO  server.session (DefaultSessionIdManager.java:doStart(338)) - No SessionScavenger set, using defaults
2020-04-21 09:12:34,812 [Thread-8729] INFO  server.session (HouseKeeper.java:startScavenging(140)) - node0 Scavenging every 660000ms
2020-04-21 09:12:34,813 [Thread-8729] INFO  handler.ContextHandler (ContextHandler.java:doStart(825)) - Started o.e.j.s.ServletContextHandler@45e59089{logs,/logs,file:///github/workspace/hadoop-ozone/integration-test/target/log,AVAILABLE}
2020-04-21 09:12:34,813 [Thread-8729] INFO  handler.ContextHandler (ContextHandler.java:doStart(825)) - Started o.e.j.s.ServletContextHandler@1bff1425{static,/static,jar:file:/home/user/.m2/repository/org/apache/hadoop/hadoop-hdds-container-service/0.6.0-SNAPSHOT/hadoop-hdds-container-service-0.6.0-SNAPSHOT.jar!/webapps/static,AVAILABLE}
2020-04-21 09:12:34,840 [Thread-8729] INFO  handler.ContextHandler (ContextHandler.java:doStart(825)) - Started o.e.j.w.WebAppContext@5967186b{hddsDatanode,/,file:///tmp/jetty-0_0_0_0-39235-hadoop-hdds-container-service-0_6_0-SNAPSHOT_jar-_-any-3986468978239362520.dir/webapp/,AVAILABLE}{jar:file:/home/user/.m2/repository/org/apache/hadoop/hadoop-hdds-container-service/0.6.0-SNAPSHOT/hadoop-hdds-container-service-0.6.0-SNAPSHOT.jar!/webapps/hddsDatanode}
2020-04-21 09:12:34,843 [Thread-8729] INFO  server.AbstractConnector (AbstractConnector.java:doStart(330)) - Started ServerConnector@7fb676cc{HTTP/1.1,[http/1.1]}{0.0.0.0:39235}
2020-04-21 09:12:34,843 [Thread-8729] INFO  server.Server (Server.java:doStart(399)) - Started @536626ms
2020-04-21 09:12:34,843 [Thread-8729] WARN  impl.MetricsSystemImpl (MetricsSystemImpl.java:register(276)) - Sink prometheus already exists!
2020-04-21 09:12:34,846 [Thread-8729] INFO  http.BaseHttpServer (BaseHttpServer.java:updateConnectorAddress(288)) - HTTP server of hddsDatanode listening at http://0.0.0.0:39235
2020-04-21 09:12:34,846 [Thread-8729] INFO  impl.MetricsSystemImpl (MetricsSystemImpl.java:init(158)) - HddsDatanode metrics system started (again)
2020-04-21 09:12:34,861 [Thread-8729] INFO  ozone.HddsDatanodeService (HddsDatanodeService.java:start(204)) - HddsDatanodeService host:f71c9419dfe5 ip:172.17.0.2
2020-04-21 09:12:34,863 [org.apache.hadoop.util.JvmPauseMonitor$Monitor@2ee056be] INFO  util.JvmPauseMonitor (JvmPauseMonitor.java:run(188)) - Starting JVM pause monitor
2020-04-21 09:12:34,863 [Thread-8729] INFO  volume.HddsVolume (HddsVolume.java:<init>(176)) - Creating Volume: /github/workspace/hadoop-ozone/integration-test/target/test-dir/MiniOzoneClusterImpl-f1d3d067-0a31-4f49-b0f8-2dad55a0aeb8/datanode-2/data-0/containers/hdds of storage type : DISK and capacity : 9223372036854775807
2020-04-21 09:12:34,867 [Thread-8729] INFO  volume.MutableVolumeSet (MutableVolumeSet.java:initializeVolumeSet(189)) - Added Volume : /github/workspace/hadoop-ozone/integration-test/target/test-dir/MiniOzoneClusterImpl-f1d3d067-0a31-4f49-b0f8-2dad55a0aeb8/datanode-2/data-0/containers/hdds to VolumeSet
2020-04-21 09:12:34,867 [Thread-8729] INFO  volume.ThrottledAsyncChecker (ThrottledAsyncChecker.java:schedule(141)) - Scheduling a check for /github/workspace/hadoop-ozone/integration-test/target/test-dir/MiniOzoneClusterImpl-f1d3d067-0a31-4f49-b0f8-2dad55a0aeb8/datanode-2/data-0/containers/hdds
2020-04-21 09:12:34,867 [Thread-8729] INFO  volume.HddsVolumeChecker (HddsVolumeChecker.java:checkAllVolumes(200)) - Scheduled health check for volume /github/workspace/hadoop-ozone/integration-test/target/test-dir/MiniOzoneClusterImpl-f1d3d067-0a31-4f49-b0f8-2dad55a0aeb8/datanode-2/data-0/containers/hdds
2020-04-21 09:12:34,868 [Datanode State Machine Thread - 0] INFO  datanode.InitDatanodeState (InitDatanodeState.java:persistContainerDatanodeDetails(145)) - DatanodeDetails is persisted to /github/workspace/hadoop-ozone/integration-test/target/test-dir/MiniOzoneClusterImpl-f1d3d067-0a31-4f49-b0f8-2dad55a0aeb8/datanode-1/meta/datanode.id
2020-04-21 09:12:34,884 [Thread-8729] INFO  impl.RaftServerProxy (ConfUtils.java:logGet(44)) - raft.rpc.type = GRPC (default)
2020-04-21 09:12:34,884 [Thread-8729] INFO  grpc.GrpcFactory (GrpcFactory.java:checkPooledByteBufAllocatorUseCacheForAllThreads(45)) - PERFORMANCE WARNING: useCacheForAllThreads is true that may cause Netty to create a lot garbage objects and, as a result, trigger GC.
	It is recommended to disable useCacheForAllThreads by setting -Dorg.apache.ratis.thirdparty.io.netty.allocator.useCacheForAllThreads=false in command line.
2020-04-21 09:12:34,884 [Thread-8729] INFO  grpc.GrpcConfigKeys (ConfUtils.java:logGet(44)) - raft.grpc.server.port = 0 (default)
2020-04-21 09:12:34,884 [Thread-8729] INFO  server.GrpcService (ConfUtils.java:logGet(44)) - raft.grpc.message.size.max = 32MB (=33554432) (custom)
2020-04-21 09:12:34,884 [Thread-8729] INFO  server.RaftServerConfigKeys (ConfUtils.java:logGet(44)) - raft.server.log.appender.buffer.byte-limit = 33554432 (custom)
2020-04-21 09:12:34,884 [Thread-8729] INFO  server.GrpcService (ConfUtils.java:logGet(44)) - raft.grpc.flow.control.window = 5MB (=5242880) (custom)
2020-04-21 09:12:34,884 [Thread-8729] INFO  server.RaftServerConfigKeys (ConfUtils.java:logGet(44)) - raft.server.rpc.request.timeout = 60s (custom)
2020-04-21 09:12:34,885 [Thread-8729] INFO  server.RaftServerConfigKeys (ConfUtils.java:logGet(44)) - raft.server.storage.dir = [/github/workspace/hadoop-ozone/integration-test/target/test-dir/MiniOzoneClusterImpl-f1d3d067-0a31-4f49-b0f8-2dad55a0aeb8/datanode-2/data/ratis] (custom)
2020-04-21 09:12:34,888 [Thread-8729] INFO  http.BaseHttpServer (BaseHttpServer.java:newHttpServer2BuilderForOzone(174)) - Starting Web-server for hddsDatanode at: http://0.0.0.0:0
2020-04-21 09:12:34,889 [Thread-8729] INFO  server.AuthenticationFilter (AuthenticationFilter.java:constructSecretProvider(240)) - Unable to initialize FileSignerSecretProvider, falling back to use random secrets.
2020-04-21 09:12:34,889 [Thread-8729] WARN  http.HttpRequestLog (HttpRequestLog.java:getRequestLog(103)) - Jetty request log can only be enabled using Log4j
2020-04-21 09:12:34,890 [Thread-8729] INFO  http.HttpServer2 (HttpServer2.java:addGlobalFilter(979)) - Added global filter 'safety' (class=org.apache.hadoop.hdds.server.http.HttpServer2$QuotingInputFilter)
2020-04-21 09:12:34,890 [Thread-8729] INFO  http.HttpServer2 (HttpServer2.java:addFilter(955)) - Added filter static_user_filter (class=org.apache.hadoop.hdds.server.http.StaticUserWebFilter$StaticUserFilter) to context hddsDatanode
2020-04-21 09:12:34,890 [Thread-8729] INFO  http.HttpServer2 (HttpServer2.java:addFilter(963)) - Added filter static_user_filter (class=org.apache.hadoop.hdds.server.http.StaticUserWebFilter$StaticUserFilter) to context static
2020-04-21 09:12:34,890 [Thread-8729] INFO  http.HttpServer2 (HttpServer2.java:addFilter(963)) - Added filter static_user_filter (class=org.apache.hadoop.hdds.server.http.StaticUserWebFilter$StaticUserFilter) to context logs
2020-04-21 09:12:34,890 [Thread-8729] INFO  http.HttpServer2 (HttpServer2.java:bindListener(1197)) - Jetty bound to port 39025
2020-04-21 09:12:34,890 [Thread-8729] INFO  server.Server (Server.java:doStart(359)) - jetty-9.4.26.v20200117; built: 2020-01-17T12:35:33.676Z; git: 7b38981d25d14afb4a12ff1f2596756144edf695; jvm 1.8.0_232-b09
2020-04-21 09:12:34,891 [Thread-8729] INFO  server.session (DefaultSessionIdManager.java:doStart(333)) - DefaultSessionIdManager workerName=node0
2020-04-21 09:12:34,892 [Thread-8729] INFO  server.session (DefaultSessionIdManager.java:doStart(338)) - No SessionScavenger set, using defaults
2020-04-21 09:12:34,892 [Thread-8729] INFO  server.session (HouseKeeper.java:startScavenging(140)) - node0 Scavenging every 660000ms
2020-04-21 09:12:34,892 [Thread-8729] INFO  handler.ContextHandler (ContextHandler.java:doStart(825)) - Started o.e.j.s.ServletContextHandler@12fa53c6{logs,/logs,file:///github/workspace/hadoop-ozone/integration-test/target/log,AVAILABLE}
2020-04-21 09:12:34,892 [Thread-8729] INFO  handler.ContextHandler (ContextHandler.java:doStart(825)) - Started o.e.j.s.ServletContextHandler@28eaaf01{static,/static,jar:file:/home/user/.m2/repository/org/apache/hadoop/hadoop-hdds-container-service/0.6.0-SNAPSHOT/hadoop-hdds-container-service-0.6.0-SNAPSHOT.jar!/webapps/static,AVAILABLE}
2020-04-21 09:12:34,919 [Thread-8729] INFO  handler.ContextHandler (ContextHandler.java:doStart(825)) - Started o.e.j.w.WebAppContext@44bc4ea0{hddsDatanode,/,file:///tmp/jetty-0_0_0_0-39025-hadoop-hdds-container-service-0_6_0-SNAPSHOT_jar-_-any-489711097699654748.dir/webapp/,AVAILABLE}{jar:file:/home/user/.m2/repository/org/apache/hadoop/hadoop-hdds-container-service/0.6.0-SNAPSHOT/hadoop-hdds-container-service-0.6.0-SNAPSHOT.jar!/webapps/hddsDatanode}
2020-04-21 09:12:34,921 [Thread-8729] INFO  server.AbstractConnector (AbstractConnector.java:doStart(330)) - Started ServerConnector@3333642a{HTTP/1.1,[http/1.1]}{0.0.0.0:39025}
2020-04-21 09:12:34,921 [Thread-8729] INFO  server.Server (Server.java:doStart(399)) - Started @536704ms
2020-04-21 09:12:34,921 [Thread-8729] WARN  impl.MetricsSystemImpl (MetricsSystemImpl.java:register(276)) - Sink prometheus already exists!
2020-04-21 09:12:34,924 [Thread-8729] INFO  http.BaseHttpServer (BaseHttpServer.java:updateConnectorAddress(288)) - HTTP server of hddsDatanode listening at http://0.0.0.0:39025
2020-04-21 09:12:34,924 [Thread-8729] INFO  ozone.MiniOzoneClusterImpl (MiniOzoneClusterImpl.java:lambda$waitForClusterToBeReady$0(177)) - Waiting for nodes to be ready. Got 0 of 3 DN Heartbeats.
2020-04-21 09:12:34,924 [Thread-8729] INFO  ozone.MiniOzoneClusterImpl (MiniOzoneClusterImpl.java:lambda$waitForClusterToBeReady$0(180)) - Waiting for cluster to exit safe mode
2020-04-21 09:12:34,927 [Datanode State Machine Thread - 0] INFO  datanode.InitDatanodeState (InitDatanodeState.java:persistContainerDatanodeDetails(145)) - DatanodeDetails is persisted to /github/workspace/hadoop-ozone/integration-test/target/test-dir/MiniOzoneClusterImpl-f1d3d067-0a31-4f49-b0f8-2dad55a0aeb8/datanode-2/meta/datanode.id
2020-04-21 09:12:34,928 [org.apache.hadoop.util.JvmPauseMonitor$Monitor@6cea5cef] INFO  util.JvmPauseMonitor (JvmPauseMonitor.java:run(188)) - Starting JVM pause monitor
2020-04-21 09:12:35,924 [Thread-8729] INFO  ozone.MiniOzoneClusterImpl (MiniOzoneClusterImpl.java:lambda$waitForClusterToBeReady$0(177)) - Waiting for nodes to be ready. Got 0 of 3 DN Heartbeats.
2020-04-21 09:12:35,924 [Thread-8729] INFO  ozone.MiniOzoneClusterImpl (MiniOzoneClusterImpl.java:lambda$waitForClusterToBeReady$0(180)) - Waiting for cluster to exit safe mode
2020-04-21 09:12:36,799 [Datanode State Machine Thread - 0] INFO  ozoneimpl.OzoneContainer (OzoneContainer.java:start(232)) - Attempting to start container services.
2020-04-21 09:12:36,799 [Datanode State Machine Thread - 0] INFO  ozoneimpl.OzoneContainer (OzoneContainer.java:startContainerScrub(196)) - Background container scanner has been disabled.
2020-04-21 09:12:36,799 [Datanode State Machine Thread - 0] INFO  ratis.XceiverServerRatis (XceiverServerRatis.java:start(414)) - Starting XceiverServerRatis 57c8879f-adf8-40be-8e35-9a461113d37d at port 0
2020-04-21 09:12:36,800 [Datanode State Machine Thread - 0] INFO  impl.RaftServerProxy (RaftServerProxy.java:lambda$start$3(299)) - 57c8879f-adf8-40be-8e35-9a461113d37d: start RPC server
2020-04-21 09:12:36,800 [Datanode State Machine Thread - 0] INFO  server.GrpcService (GrpcService.java:startImpl(158)) - 57c8879f-adf8-40be-8e35-9a461113d37d: GrpcService started, listening on 0.0.0.0/0.0.0.0:43537
2020-04-21 09:12:36,800 [Datanode State Machine Thread - 0] INFO  ratis.XceiverServerRatis (XceiverServerRatis.java:start(426)) - XceiverServerRatis 57c8879f-adf8-40be-8e35-9a461113d37d is started using port 43537
2020-04-21 09:12:36,801 [Datanode State Machine Thread - 0] INFO  server.XceiverServerGrpc (XceiverServerGrpc.java:start(143)) - XceiverServerGrpc 57c8879f-adf8-40be-8e35-9a461113d37d is started using port 44741
2020-04-21 09:12:36,867 [Datanode State Machine Thread - 0] INFO  ozoneimpl.OzoneContainer (OzoneContainer.java:start(232)) - Attempting to start container services.
2020-04-21 09:12:36,867 [Datanode State Machine Thread - 0] INFO  ozoneimpl.OzoneContainer (OzoneContainer.java:startContainerScrub(196)) - Background container scanner has been disabled.
2020-04-21 09:12:36,867 [Datanode State Machine Thread - 0] INFO  ratis.XceiverServerRatis (XceiverServerRatis.java:start(414)) - Starting XceiverServerRatis 67785732-1656-4414-866c-fcf56345fe62 at port 0
2020-04-21 09:12:36,868 [Datanode State Machine Thread - 0] INFO  impl.RaftServerProxy (RaftServerProxy.java:lambda$start$3(299)) - 67785732-1656-4414-866c-fcf56345fe62: start RPC server
2020-04-21 09:12:36,868 [Datanode State Machine Thread - 0] INFO  server.GrpcService (GrpcService.java:startImpl(158)) - 67785732-1656-4414-866c-fcf56345fe62: GrpcService started, listening on 0.0.0.0/0.0.0.0:40917
2020-04-21 09:12:36,869 [Datanode State Machine Thread - 0] INFO  ratis.XceiverServerRatis (XceiverServerRatis.java:start(426)) - XceiverServerRatis 67785732-1656-4414-866c-fcf56345fe62 is started using port 40917
2020-04-21 09:12:36,869 [Datanode State Machine Thread - 0] INFO  server.XceiverServerGrpc (XceiverServerGrpc.java:start(143)) - XceiverServerGrpc 67785732-1656-4414-866c-fcf56345fe62 is started using port 34641
2020-04-21 09:12:36,924 [Thread-8729] INFO  ozone.MiniOzoneClusterImpl (MiniOzoneClusterImpl.java:lambda$waitForClusterToBeReady$0(177)) - Waiting for nodes to be ready. Got 0 of 3 DN Heartbeats.
2020-04-21 09:12:36,925 [Thread-8729] INFO  ozone.MiniOzoneClusterImpl (MiniOzoneClusterImpl.java:lambda$waitForClusterToBeReady$0(180)) - Waiting for cluster to exit safe mode
2020-04-21 09:12:36,928 [Datanode State Machine Thread - 0] INFO  ozoneimpl.OzoneContainer (OzoneContainer.java:start(232)) - Attempting to start container services.
2020-04-21 09:12:36,928 [Datanode State Machine Thread - 0] INFO  ozoneimpl.OzoneContainer (OzoneContainer.java:startContainerScrub(196)) - Background container scanner has been disabled.
2020-04-21 09:12:36,928 [Datanode State Machine Thread - 0] INFO  ratis.XceiverServerRatis (XceiverServerRatis.java:start(414)) - Starting XceiverServerRatis fa96e0fd-0e63-45f8-9f60-728944ddfde8 at port 0
2020-04-21 09:12:36,929 [Datanode State Machine Thread - 0] INFO  impl.RaftServerProxy (RaftServerProxy.java:lambda$start$3(299)) - fa96e0fd-0e63-45f8-9f60-728944ddfde8: start RPC server
2020-04-21 09:12:36,930 [Datanode State Machine Thread - 0] INFO  server.GrpcService (GrpcService.java:startImpl(158)) - fa96e0fd-0e63-45f8-9f60-728944ddfde8: GrpcService started, listening on 0.0.0.0/0.0.0.0:36531
2020-04-21 09:12:36,930 [Datanode State Machine Thread - 0] INFO  ratis.XceiverServerRatis (XceiverServerRatis.java:start(426)) - XceiverServerRatis fa96e0fd-0e63-45f8-9f60-728944ddfde8 is started using port 36531
2020-04-21 09:12:36,930 [Datanode State Machine Thread - 0] INFO  server.XceiverServerGrpc (XceiverServerGrpc.java:start(143)) - XceiverServerGrpc fa96e0fd-0e63-45f8-9f60-728944ddfde8 is started using port 35015
2020-04-21 09:12:37,925 [Thread-8729] INFO  ozone.MiniOzoneClusterImpl (MiniOzoneClusterImpl.java:lambda$waitForClusterToBeReady$0(177)) - Waiting for nodes to be ready. Got 0 of 3 DN Heartbeats.
2020-04-21 09:12:37,925 [Thread-8729] INFO  ozone.MiniOzoneClusterImpl (MiniOzoneClusterImpl.java:lambda$waitForClusterToBeReady$0(180)) - Waiting for cluster to exit safe mode
2020-04-21 09:12:38,790 [IPC Server handler 19 on 42867] INFO  net.NetworkTopology (NetworkTopologyImpl.java:add(111)) - Added a new node: /default-rack/57c8879f-adf8-40be-8e35-9a461113d37d
2020-04-21 09:12:38,790 [IPC Server handler 19 on 42867] INFO  node.SCMNodeManager (SCMNodeManager.java:register(268)) - Registered Data node : 57c8879f-adf8-40be-8e35-9a461113d37d{ip: 172.17.0.2, host: f71c9419dfe5, networkLocation: /default-rack, certSerialId: null}
2020-04-21 09:12:38,791 [RatisPipelineUtilsThread] INFO  pipeline.RatisPipelineProvider (RatisPipelineProvider.java:lambda$create$0(138)) - Sending CreatePipelineCommand for pipeline:PipelineID=585546ed-bfdf-454b-bdea-0663d1ee45f4 to datanode:57c8879f-adf8-40be-8e35-9a461113d37d
2020-04-21 09:12:38,791 [EventQueue-NodeRegistrationContainerReportForDataNodeSafeModeRule] INFO  safemode.SCMSafeModeManager (DataNodeSafeModeRule.java:process(71)) - SCM in safe mode. 1 DataNodes registered, 1 required.
2020-04-21 09:12:38,791 [EventQueue-NodeRegistrationContainerReportForContainerSafeModeRule] INFO  safemode.SCMSafeModeManager (SCMSafeModeManager.java:validateSafeModeExitRules(183)) - ContainerSafeModeRule rule is successfully validated
2020-04-21 09:12:38,792 [RatisPipelineUtilsThread] INFO  pipeline.PipelineStateManager (PipelineStateManager.java:addPipeline(54)) - Created pipeline Pipeline[ Id: 585546ed-bfdf-454b-bdea-0663d1ee45f4, Nodes: 57c8879f-adf8-40be-8e35-9a461113d37d{ip: 172.17.0.2, host: f71c9419dfe5, networkLocation: /default-rack, certSerialId: null}, Type:RATIS, Factor:ONE, State:ALLOCATED, leaderId:null, CreationTimestamp2020-04-21T09:12:38.791Z]
2020-04-21 09:12:38,792 [RatisPipelineUtilsThread] ERROR pipeline.SCMPipelineManager (SCMPipelineManager.java:createPipeline(241)) - Failed to create pipeline of type RATIS and factor ONE. Exception: Cannot create pipeline of factor 1 using 0 nodes. Used 1 nodes. Healthy nodes 1
2020-04-21 09:12:38,794 [EventQueue-NodeRegistrationContainerReportForDataNodeSafeModeRule] INFO  safemode.SCMSafeModeManager (SCMSafeModeManager.java:validateSafeModeExitRules(183)) - DataNodeSafeModeRule rule is successfully validated
2020-04-21 09:12:38,794 [EventQueue-NodeRegistrationContainerReportForDataNodeSafeModeRule] INFO  safemode.SCMSafeModeManager (SCMSafeModeManager.java:completePreCheck(211)) - All SCM safe mode pre check rules have passed
2020-04-21 09:12:38,794 [RatisPipelineUtilsThread] ERROR pipeline.SCMPipelineManager (SCMPipelineManager.java:createPipeline(241)) - Failed to create pipeline of type RATIS and factor ONE. Exception: Cannot create pipeline of factor 1 using 0 nodes. Used 1 nodes. Healthy nodes 1
2020-04-21 09:12:38,794 [RatisPipelineUtilsThread] WARN  pipeline.PipelinePlacementPolicy (PipelinePlacementPolicy.java:filterViableNodes(150)) - Pipeline creation failed due to no sufficient healthy datanodes. Required 3. Found 1.
2020-04-21 09:12:38,794 [RatisPipelineUtilsThread] ERROR pipeline.SCMPipelineManager (SCMPipelineManager.java:createPipeline(241)) - Failed to create pipeline of type RATIS and factor THREE. Exception: Pipeline creation failed due to no sufficient healthy datanodes. Required 3. Found 1.
2020-04-21 09:12:38,865 [IPC Server handler 18 on 42867] INFO  net.NetworkTopology (NetworkTopologyImpl.java:add(111)) - Added a new node: /default-rack/67785732-1656-4414-866c-fcf56345fe62
2020-04-21 09:12:38,865 [IPC Server handler 18 on 42867] INFO  node.SCMNodeManager (SCMNodeManager.java:register(268)) - Registered Data node : 67785732-1656-4414-866c-fcf56345fe62{ip: 172.17.0.2, host: f71c9419dfe5, networkLocation: /default-rack, certSerialId: null}
2020-04-21 09:12:38,866 [RatisPipelineUtilsThread] INFO  pipeline.RatisPipelineProvider (RatisPipelineProvider.java:lambda$create$0(138)) - Sending CreatePipelineCommand for pipeline:PipelineID=fcb9b4cd-c3fc-4f1f-96cd-b43ef74cb8ff to datanode:67785732-1656-4414-866c-fcf56345fe62
2020-04-21 09:12:38,866 [EventQueue-NodeRegistrationContainerReportForDataNodeSafeModeRule] INFO  safemode.SCMSafeModeManager (SCMSafeModeManager.java:validateSafeModeExitRules(183)) - DataNodeSafeModeRule rule is successfully validated
2020-04-21 09:12:38,866 [RatisPipelineUtilsThread] INFO  pipeline.PipelineStateManager (PipelineStateManager.java:addPipeline(54)) - Created pipeline Pipeline[ Id: fcb9b4cd-c3fc-4f1f-96cd-b43ef74cb8ff, Nodes: 67785732-1656-4414-866c-fcf56345fe62{ip: 172.17.0.2, host: f71c9419dfe5, networkLocation: /default-rack, certSerialId: null}, Type:RATIS, Factor:ONE, State:ALLOCATED, leaderId:null, CreationTimestamp2020-04-21T09:12:38.865Z]
2020-04-21 09:12:38,866 [RatisPipelineUtilsThread] ERROR pipeline.SCMPipelineManager (SCMPipelineManager.java:createPipeline(241)) - Failed to create pipeline of type RATIS and factor ONE. Exception: Cannot create pipeline of factor 1 using 0 nodes. Used 2 nodes. Healthy nodes 2
2020-04-21 09:12:38,866 [RatisPipelineUtilsThread] WARN  pipeline.PipelinePlacementPolicy (PipelinePlacementPolicy.java:filterViableNodes(150)) - Pipeline creation failed due to no sufficient healthy datanodes. Required 3. Found 2.
2020-04-21 09:12:38,866 [RatisPipelineUtilsThread] ERROR pipeline.SCMPipelineManager (SCMPipelineManager.java:createPipeline(241)) - Failed to create pipeline of type RATIS and factor THREE. Exception: Pipeline creation failed due to no sufficient healthy datanodes. Required 3. Found 2.
2020-04-21 09:12:38,866 [EventQueue-NodeRegistrationContainerReportForContainerSafeModeRule] INFO  safemode.SCMSafeModeManager (SCMSafeModeManager.java:validateSafeModeExitRules(183)) - ContainerSafeModeRule rule is successfully validated
2020-04-21 09:12:38,925 [Thread-8729] INFO  ozone.MiniOzoneClusterImpl (MiniOzoneClusterImpl.java:lambda$waitForClusterToBeReady$0(177)) - Waiting for nodes to be ready. Got 2 of 3 DN Heartbeats.
2020-04-21 09:12:38,926 [Thread-8729] INFO  ozone.MiniOzoneClusterImpl (MiniOzoneClusterImpl.java:lambda$waitForClusterToBeReady$0(180)) - Waiting for cluster to exit safe mode
2020-04-21 09:12:38,927 [IPC Server handler 3 on 42867] INFO  net.NetworkTopology (NetworkTopologyImpl.java:add(111)) - Added a new node: /default-rack/fa96e0fd-0e63-45f8-9f60-728944ddfde8
2020-04-21 09:12:38,927 [IPC Server handler 3 on 42867] INFO  node.SCMNodeManager (SCMNodeManager.java:register(268)) - Registered Data node : fa96e0fd-0e63-45f8-9f60-728944ddfde8{ip: 172.17.0.2, host: f71c9419dfe5, networkLocation: /default-rack, certSerialId: null}
2020-04-21 09:12:38,927 [RatisPipelineUtilsThread] INFO  pipeline.RatisPipelineProvider (RatisPipelineProvider.java:lambda$create$0(138)) - Sending CreatePipelineCommand for pipeline:PipelineID=27f7470d-cae7-44a0-9b76-ff24e5f46bae to datanode:fa96e0fd-0e63-45f8-9f60-728944ddfde8
2020-04-21 09:12:38,928 [RatisPipelineUtilsThread] INFO  pipeline.PipelineStateManager (PipelineStateManager.java:addPipeline(54)) - Created pipeline Pipeline[ Id: 27f7470d-cae7-44a0-9b76-ff24e5f46bae, Nodes: fa96e0fd-0e63-45f8-9f60-728944ddfde8{ip: 172.17.0.2, host: f71c9419dfe5, networkLocation: /default-rack, certSerialId: null}, Type:RATIS, Factor:ONE, State:ALLOCATED, leaderId:null, CreationTimestamp2020-04-21T09:12:38.927Z]
2020-04-21 09:12:38,928 [RatisPipelineUtilsThread] ERROR pipeline.SCMPipelineManager (SCMPipelineManager.java:createPipeline(241)) - Failed to create pipeline of type RATIS and factor ONE. Exception: Cannot create pipeline of factor 1 using 0 nodes. Used 3 nodes. Healthy nodes 3
2020-04-21 09:12:38,928 [RatisPipelineUtilsThread] INFO  pipeline.RatisPipelineProvider (RatisPipelineProvider.java:lambda$create$0(138)) - Sending CreatePipelineCommand for pipeline:PipelineID=41333e89-ea25-4238-b70b-50691de86bac to datanode:fa96e0fd-0e63-45f8-9f60-728944ddfde8
2020-04-21 09:12:38,928 [RatisPipelineUtilsThread] INFO  pipeline.RatisPipelineProvider (RatisPipelineProvider.java:lambda$create$0(138)) - Sending CreatePipelineCommand for pipeline:PipelineID=41333e89-ea25-4238-b70b-50691de86bac to datanode:57c8879f-adf8-40be-8e35-9a461113d37d
2020-04-21 09:12:38,928 [RatisPipelineUtilsThread] INFO  pipeline.RatisPipelineProvider (RatisPipelineProvider.java:lambda$create$0(138)) - Sending CreatePipelineCommand for pipeline:PipelineID=41333e89-ea25-4238-b70b-50691de86bac to datanode:67785732-1656-4414-866c-fcf56345fe62
2020-04-21 09:12:38,928 [EventQueue-NodeRegistrationContainerReportForDataNodeSafeModeRule] INFO  safemode.SCMSafeModeManager (SCMSafeModeManager.java:validateSafeModeExitRules(183)) - DataNodeSafeModeRule rule is successfully validated
2020-04-21 09:12:38,929 [EventQueue-NodeRegistrationContainerReportForContainerSafeModeRule] INFO  safemode.SCMSafeModeManager (SCMSafeModeManager.java:validateSafeModeExitRules(183)) - ContainerSafeModeRule rule is successfully validated
2020-04-21 09:12:38,928 [RatisPipelineUtilsThread] INFO  pipeline.PipelineStateManager (PipelineStateManager.java:addPipeline(54)) - Created pipeline Pipeline[ Id: 41333e89-ea25-4238-b70b-50691de86bac, Nodes: fa96e0fd-0e63-45f8-9f60-728944ddfde8{ip: 172.17.0.2, host: f71c9419dfe5, networkLocation: /default-rack, certSerialId: null}57c8879f-adf8-40be-8e35-9a461113d37d{ip: 172.17.0.2, host: f71c9419dfe5, networkLocation: /default-rack, certSerialId: null}67785732-1656-4414-866c-fcf56345fe62{ip: 172.17.0.2, host: f71c9419dfe5, networkLocation: /default-rack, certSerialId: null}, Type:RATIS, Factor:THREE, State:ALLOCATED, leaderId:null, CreationTimestamp2020-04-21T09:12:38.928Z]
2020-04-21 09:12:38,929 [RatisPipelineUtilsThread] ERROR pipeline.SCMPipelineManager (SCMPipelineManager.java:createPipeline(241)) - Failed to create pipeline of type RATIS and factor THREE. Exception: Pipeline creation failed because nodes are engaged in other pipelines and every node can only be engaged in max 2 pipelines. Required 3. Found 0
2020-04-21 09:12:39,926 [Thread-8729] INFO  ozone.MiniOzoneClusterImpl (MiniOzoneClusterImpl.java:lambda$waitForClusterToBeReady$0(177)) - Nodes are ready. Got 3 of 3 DN Heartbeats.
2020-04-21 09:12:39,928 [Thread-8729] INFO  ozone.MiniOzoneClusterImpl (MiniOzoneClusterImpl.java:lambda$waitForClusterToBeReady$0(180)) - Waiting for cluster to exit safe mode
2020-04-21 09:12:40,930 [Thread-8729] INFO  ozone.MiniOzoneClusterImpl (MiniOzoneClusterImpl.java:lambda$waitForClusterToBeReady$0(177)) - Nodes are ready. Got 3 of 3 DN Heartbeats.
2020-04-21 09:12:40,931 [Thread-8729] INFO  ozone.MiniOzoneClusterImpl (MiniOzoneClusterImpl.java:lambda$waitForClusterToBeReady$0(180)) - Waiting for cluster to exit safe mode
2020-04-21 09:12:41,790 [Command processor thread] INFO  impl.RaftServerProxy (RaftServerProxy.java:addNew(89)) - 57c8879f-adf8-40be-8e35-9a461113d37d: addNew group-0663D1EE45F4:[57c8879f-adf8-40be-8e35-9a461113d37d:172.17.0.2:43537] returns group-0663D1EE45F4:java.util.concurrent.CompletableFuture@62c3206c[Not completed]
2020-04-21 09:12:41,790 [pool-2190-thread-1] INFO  impl.RaftServerImpl (RaftServerImpl.java:<init>(97)) - 57c8879f-adf8-40be-8e35-9a461113d37d: new RaftServerImpl for group-0663D1EE45F4:[57c8879f-adf8-40be-8e35-9a461113d37d:172.17.0.2:43537] with ContainerStateMachine:uninitialized
2020-04-21 09:12:41,791 [pool-2190-thread-1] INFO  server.RaftServerConfigKeys (ConfUtils.java:logGet(44)) - raft.server.rpc.timeout.min = 5s (custom)
2020-04-21 09:12:41,791 [pool-2190-thread-1] INFO  server.RaftServerConfigKeys (ConfUtils.java:logGet(44)) - raft.server.rpc.timeout.max = 5200ms (custom)
2020-04-21 09:12:41,791 [pool-2190-thread-1] INFO  server.RaftServerConfigKeys (ConfUtils.java:logGet(44)) - raft.server.rpcslowness.timeout = 300s (custom)
2020-04-21 09:12:41,791 [pool-2190-thread-1] INFO  server.RaftServerConfigKeys (ConfUtils.java:logGet(44)) - raft.server.sleep.deviation.threshold = 300 (default)
2020-04-21 09:12:41,791 [pool-2190-thread-1] INFO  server.RaftServerConfigKeys (ConfUtils.java:logGet(44)) - raft.server.log.appender.install.snapshot.enabled = false (custom)
2020-04-21 09:12:41,791 [pool-2190-thread-1] INFO  impl.RaftServerImpl (ServerState.java:<init>(103)) - 57c8879f-adf8-40be-8e35-9a461113d37d@group-0663D1EE45F4: ConfigurationManager, init=-1: [57c8879f-adf8-40be-8e35-9a461113d37d:172.17.0.2:43537], old=null, confs=<EMPTY_MAP>
2020-04-21 09:12:41,791 [pool-2190-thread-1] INFO  server.RaftServerConfigKeys (ConfUtils.java:logGet(44)) - raft.server.storage.dir = [/github/workspace/hadoop-ozone/integration-test/target/test-dir/MiniOzoneClusterImpl-f1d3d067-0a31-4f49-b0f8-2dad55a0aeb8/datanode-0/data/ratis] (custom)
2020-04-21 09:12:41,791 [pool-2190-thread-1] INFO  server.RaftServerConfigKeys (ConfUtils.java:logGet(44)) - raft.server.log.corruption.policy = EXCEPTION (default)
2020-04-21 09:12:41,791 [pool-2190-thread-1] INFO  storage.RaftStorageDirectory (RaftStorageDirectory.java:analyzeStorage(253)) - The storage directory /github/workspace/hadoop-ozone/integration-test/target/test-dir/MiniOzoneClusterImpl-f1d3d067-0a31-4f49-b0f8-2dad55a0aeb8/datanode-0/data/ratis/585546ed-bfdf-454b-bdea-0663d1ee45f4 does not exist. Creating ...
2020-04-21 09:12:41,793 [pool-2190-thread-1] INFO  storage.RaftStorageDirectory (RaftStorageDirectory.java:tryLock(335)) - Lock on /github/workspace/hadoop-ozone/integration-test/target/test-dir/MiniOzoneClusterImpl-f1d3d067-0a31-4f49-b0f8-2dad55a0aeb8/datanode-0/data/ratis/585546ed-bfdf-454b-bdea-0663d1ee45f4/in_use.lock acquired by nodename 10658@f71c9419dfe5
2020-04-21 09:12:41,794 [pool-2190-thread-1] INFO  storage.RaftStorage (RaftStorage.java:format(84)) - Storage directory /github/workspace/hadoop-ozone/integration-test/target/test-dir/MiniOzoneClusterImpl-f1d3d067-0a31-4f49-b0f8-2dad55a0aeb8/datanode-0/data/ratis/585546ed-bfdf-454b-bdea-0663d1ee45f4 has been successfully formatted.
2020-04-21 09:12:41,795 [pool-2190-thread-1] INFO  ratis.ContainerStateMachine (ContainerStateMachine.java:loadSnapshot(226)) - group-0663D1EE45F4: The snapshot info is null. Setting the last applied indexto:(t:0, i:~)
2020-04-21 09:12:41,796 [pool-2190-thread-1] INFO  server.RaftServerConfigKeys (ConfUtils.java:logGet(44)) - raft.server.notification.no-leader.timeout = 60s (default)
2020-04-21 09:12:41,796 [pool-2190-thread-1] INFO  server.RaftServerConfigKeys (ConfUtils.java:logGet(44)) - raft.server.log.use.memory = false (default)
2020-04-21 09:12:41,796 [pool-2190-thread-1] INFO  server.RaftServerConfigKeys (ConfUtils.java:logGet(44)) - raft.server.log.purge.gap = 1000000 (custom)
2020-04-21 09:12:41,796 [pool-2190-thread-1] INFO  server.RaftServerConfigKeys (ConfUtils.java:logGet(44)) - raft.server.log.appender.buffer.byte-limit = 33554432 (custom)
2020-04-21 09:12:41,796 [EventQueue-PipelineReportForPipelineReportHandler] INFO  pipeline.PipelineStateManager (PipelineStateManager.java:openPipeline(131)) - Pipeline Pipeline[ Id: 585546ed-bfdf-454b-bdea-0663d1ee45f4, Nodes: 57c8879f-adf8-40be-8e35-9a461113d37d{ip: 172.17.0.2, host: f71c9419dfe5, networkLocation: /default-rack, certSerialId: null}, Type:RATIS, Factor:ONE, State:ALLOCATED, leaderId:57c8879f-adf8-40be-8e35-9a461113d37d, CreationTimestamp2020-04-21T09:12:38.791Z] moved to OPEN state
2020-04-21 09:12:41,798 [pool-2190-thread-1] INFO  server.RaftServerConfigKeys (ConfUtils.java:logGet(44)) - raft.server.log.segment.size.max = 1048576 (custom)
2020-04-21 09:12:41,798 [pool-2190-thread-1] INFO  metrics.RatisMetrics (RatisMetrics.java:lambda$create$0(39)) - Creating Metrics Registry : ratis.log_worker.57c8879f-adf8-40be-8e35-9a461113d37d
2020-04-21 09:12:41,798 [EventQueue-OpenPipelineForHealthyPipelineSafeModeRule] INFO  safemode.SCMSafeModeManager (HealthyPipelineSafeModeRule.java:process(132)) - SCM in safe mode. Healthy pipelines reported count is 0, required healthy pipeline reported count is 1
2020-04-21 09:12:41,798 [pool-2190-thread-1] INFO  server.RaftServerConfigKeys (ConfUtils.java:logGet(44)) - raft.server.log.segment.cache.num.max = 2 (custom)
2020-04-21 09:12:41,798 [pool-2190-thread-1] INFO  segmented.SegmentedRaftLogWorker (SegmentedRaftLogWorker.java:<init>(176)) - new 57c8879f-adf8-40be-8e35-9a461113d37d@group-0663D1EE45F4-SegmentedRaftLogWorker for RaftStorage:Storage Directory /github/workspace/hadoop-ozone/integration-test/target/test-dir/MiniOzoneClusterImpl-f1d3d067-0a31-4f49-b0f8-2dad55a0aeb8/datanode-0/data/ratis/585546ed-bfdf-454b-bdea-0663d1ee45f4
2020-04-21 09:12:41,799 [pool-2190-thread-1] INFO  server.RaftServerConfigKeys (ConfUtils.java:logGet(44)) - raft.server.log.queue.byte-limit = 2147483647 (custom)
2020-04-21 09:12:41,799 [pool-2190-thread-1] INFO  server.RaftServerConfigKeys (ConfUtils.java:logGet(44)) - raft.server.log.queue.element-limit = 1024 (custom)
2020-04-21 09:12:41,799 [pool-2190-thread-1] INFO  server.RaftServerConfigKeys (ConfUtils.java:logGet(44)) - raft.server.log.segment.size.max = 1048576 (custom)
2020-04-21 09:12:41,799 [pool-2190-thread-1] INFO  server.RaftServerConfigKeys (ConfUtils.java:logGet(44)) - raft.server.log.preallocated.size = 16384 (custom)
2020-04-21 09:12:41,799 [pool-2190-thread-1] INFO  server.RaftServerConfigKeys (ConfUtils.java:logGet(44)) - raft.server.log.write.buffer.size = 1048576 (custom)
2020-04-21 09:12:41,799 [pool-2190-thread-1] INFO  server.RaftServerConfigKeys (ConfUtils.java:logGet(44)) - raft.server.log.force.sync.num = 128 (default)
2020-04-21 09:12:41,799 [pool-2190-thread-1] INFO  server.RaftServerConfigKeys (ConfUtils.java:logGet(44)) - raft.server.log.statemachine.data.sync = true (default)
2020-04-21 09:12:41,799 [pool-2190-thread-1] INFO  server.RaftServerConfigKeys (ConfUtils.java:logGet(44)) - raft.server.log.statemachine.data.sync.timeout = 10s (default)
2020-04-21 09:12:41,799 [pool-2190-thread-1] INFO  server.RaftServerConfigKeys (ConfUtils.java:logGet(44)) - raft.server.log.statemachine.data.sync.timeout.retry = -1 (default)
2020-04-21 09:12:41,803 [EventQueue-OpenPipelineForOneReplicaPipelineSafeModeRule] INFO  safemode.SCMSafeModeManager (SCMSafeModeManager.java:validateSafeModeExitRules(183)) - AtleastOneDatanodeReportedRule rule is successfully validated
2020-04-21 09:12:41,805 [pool-2190-thread-1] INFO  server.RaftServerConfigKeys (ConfUtils.java:logGet(44)) - raft.server.log.statemachine.data.caching.enabled = true (custom)
2020-04-21 09:12:41,806 [pool-2190-thread-1] INFO  segmented.SegmentedRaftLogWorker (SegmentedRaftLogWorker.java:lambda$new$0(129)) - 57c8879f-adf8-40be-8e35-9a461113d37d@group-0663D1EE45F4-SegmentedRaftLogWorker: flushIndex: setUnconditionally 0 -> -1
2020-04-21 09:12:41,806 [pool-2190-thread-1] INFO  server.RaftServerConfigKeys (ConfUtils.java:logGet(44)) - raft.server.snapshot.auto.trigger.enabled = true (custom)
2020-04-21 09:12:41,807 [pool-2190-thread-1] INFO  server.RaftServerConfigKeys (ConfUtils.java:logGet(44)) - raft.server.snapshot.auto.trigger.threshold = 10000 (custom)
2020-04-21 09:12:41,807 [pool-2190-thread-1] INFO  server.RaftServerConfigKeys (ConfUtils.java:logGet(44)) - raft.server.snapshot.retention.file.num = 5 (custom)
2020-04-21 09:12:41,807 [pool-2190-thread-1] INFO  server.RaftServerConfigKeys (ConfUtils.java:logGet(44)) - raft.server.retrycache.expirytime = 600000ms (custom)
2020-04-21 09:12:41,807 [pool-2190-thread-1] INFO  metrics.RatisMetrics (RatisMetrics.java:lambda$create$0(39)) - Creating Metrics Registry : ratis.leader_election.57c8879f-adf8-40be-8e35-9a461113d37d@group-0663D1EE45F4
2020-04-21 09:12:41,809 [pool-2190-thread-1] INFO  metrics.RatisMetrics (RatisMetrics.java:lambda$create$0(39)) - Creating Metrics Registry : ratis.server.57c8879f-adf8-40be-8e35-9a461113d37d@group-0663D1EE45F4
2020-04-21 09:12:41,810 [pool-2190-thread-1] INFO  impl.RaftServerImpl (RaftServerImpl.java:start(183)) - 57c8879f-adf8-40be-8e35-9a461113d37d@group-0663D1EE45F4: start as a follower, conf=-1: [57c8879f-adf8-40be-8e35-9a461113d37d:172.17.0.2:43537], old=null
2020-04-21 09:12:41,810 [pool-2190-thread-1] INFO  impl.RaftServerImpl (RaftServerImpl.java:setRole(172)) - 57c8879f-adf8-40be-8e35-9a461113d37d@group-0663D1EE45F4: changes role from      null to FOLLOWER at term 0 for startAsFollower
2020-04-21 09:12:41,811 [pool-2190-thread-1] INFO  impl.RoleInfo (RoleInfo.java:updateAndGet(143)) - 57c8879f-adf8-40be-8e35-9a461113d37d: start FollowerState
2020-04-21 09:12:41,811 [pool-2190-thread-1] INFO  util.JmxRegister (JmxRegister.java:tryRegister(44)) - Successfully registered JMX Bean with object name Ratis:service=RaftServer,group=group-0663D1EE45F4,id=57c8879f-adf8-40be-8e35-9a461113d37d
2020-04-21 09:12:41,811 [pool-2190-thread-1] INFO  metrics.RatisMetrics (RatisMetrics.java:lambda$create$0(39)) - Creating Metrics Registry : ratis.state_machine.57c8879f-adf8-40be-8e35-9a461113d37d@group-0663D1EE45F4
2020-04-21 09:12:41,813 [Command processor thread] INFO  commandhandler.CreatePipelineCommandHandler (CreatePipelineCommandHandler.java:handle(109)) - Created Pipeline RATIS ONE #id: "585546ed-bfdf-454b-bdea-0663d1ee45f4"
.
2020-04-21 09:12:41,813 [Command processor thread] INFO  impl.RaftServerProxy (RaftServerProxy.java:addNew(89)) - 57c8879f-adf8-40be-8e35-9a461113d37d: addNew group-50691DE86BAC:[57c8879f-adf8-40be-8e35-9a461113d37d:172.17.0.2:43537, 67785732-1656-4414-866c-fcf56345fe62:172.17.0.2:40917, fa96e0fd-0e63-45f8-9f60-728944ddfde8:172.17.0.2:36531] returns group-50691DE86BAC:java.util.concurrent.CompletableFuture@66fcb8ec[Not completed]
2020-04-21 09:12:41,814 [pool-2190-thread-1] INFO  impl.RaftServerImpl (RaftServerImpl.java:<init>(97)) - 57c8879f-adf8-40be-8e35-9a461113d37d: new RaftServerImpl for group-50691DE86BAC:[57c8879f-adf8-40be-8e35-9a461113d37d:172.17.0.2:43537, 67785732-1656-4414-866c-fcf56345fe62:172.17.0.2:40917, fa96e0fd-0e63-45f8-9f60-728944ddfde8:172.17.0.2:36531] with ContainerStateMachine:uninitialized
2020-04-21 09:12:41,814 [pool-2190-thread-1] INFO  server.RaftServerConfigKeys (ConfUtils.java:logGet(44)) - raft.server.rpc.timeout.min = 5s (custom)
2020-04-21 09:12:41,814 [pool-2190-thread-1] INFO  server.RaftServerConfigKeys (ConfUtils.java:logGet(44)) - raft.server.rpc.timeout.max = 5200ms (custom)
2020-04-21 09:12:41,814 [pool-2190-thread-1] INFO  server.RaftServerConfigKeys (ConfUtils.java:logGet(44)) - raft.server.rpcslowness.timeout = 300s (custom)
2020-04-21 09:12:41,814 [pool-2190-thread-1] INFO  server.RaftServerConfigKeys (ConfUtils.java:logGet(44)) - raft.server.sleep.deviation.threshold = 300 (default)
2020-04-21 09:12:41,814 [pool-2190-thread-1] INFO  server.RaftServerConfigKeys (ConfUtils.java:logGet(44)) - raft.server.log.appender.install.snapshot.enabled = false (custom)
2020-04-21 09:12:41,814 [pool-2190-thread-1] INFO  impl.RaftServerImpl (ServerState.java:<init>(103)) - 57c8879f-adf8-40be-8e35-9a461113d37d@group-50691DE86BAC: ConfigurationManager, init=-1: [57c8879f-adf8-40be-8e35-9a461113d37d:172.17.0.2:43537, 67785732-1656-4414-866c-fcf56345fe62:172.17.0.2:40917, fa96e0fd-0e63-45f8-9f60-728944ddfde8:172.17.0.2:36531], old=null, confs=<EMPTY_MAP>
2020-04-21 09:12:41,814 [pool-2190-thread-1] INFO  server.RaftServerConfigKeys (ConfUtils.java:logGet(44)) - raft.server.storage.dir = [/github/workspace/hadoop-ozone/integration-test/target/test-dir/MiniOzoneClusterImpl-f1d3d067-0a31-4f49-b0f8-2dad55a0aeb8/datanode-0/data/ratis] (custom)
2020-04-21 09:12:41,814 [pool-2190-thread-1] INFO  server.RaftServerConfigKeys (ConfUtils.java:logGet(44)) - raft.server.log.corruption.policy = EXCEPTION (default)
2020-04-21 09:12:41,815 [pool-2190-thread-1] INFO  storage.RaftStorageDirectory (RaftStorageDirectory.java:analyzeStorage(253)) - The storage directory /github/workspace/hadoop-ozone/integration-test/target/test-dir/MiniOzoneClusterImpl-f1d3d067-0a31-4f49-b0f8-2dad55a0aeb8/datanode-0/data/ratis/41333e89-ea25-4238-b70b-50691de86bac does not exist. Creating ...
2020-04-21 09:12:41,816 [pool-2190-thread-1] INFO  storage.RaftStorageDirectory (RaftStorageDirectory.java:tryLock(335)) - Lock on /github/workspace/hadoop-ozone/integration-test/target/test-dir/MiniOzoneClusterImpl-f1d3d067-0a31-4f49-b0f8-2dad55a0aeb8/datanode-0/data/ratis/41333e89-ea25-4238-b70b-50691de86bac/in_use.lock acquired by nodename 10658@f71c9419dfe5
2020-04-21 09:12:41,816 [pool-2190-thread-1] INFO  storage.RaftStorage (RaftStorage.java:format(84)) - Storage directory /github/workspace/hadoop-ozone/integration-test/target/test-dir/MiniOzoneClusterImpl-f1d3d067-0a31-4f49-b0f8-2dad55a0aeb8/datanode-0/data/ratis/41333e89-ea25-4238-b70b-50691de86bac has been successfully formatted.
2020-04-21 09:12:41,817 [pool-2190-thread-1] INFO  ratis.ContainerStateMachine (ContainerStateMachine.java:loadSnapshot(226)) - group-50691DE86BAC: The snapshot info is null. Setting the last applied indexto:(t:0, i:~)
2020-04-21 09:12:41,817 [pool-2190-thread-1] INFO  server.RaftServerConfigKeys (ConfUtils.java:logGet(44)) - raft.server.notification.no-leader.timeout = 60s (default)
2020-04-21 09:12:41,817 [pool-2190-thread-1] INFO  server.RaftServerConfigKeys (ConfUtils.java:logGet(44)) - raft.server.log.use.memory = false (default)
2020-04-21 09:12:41,817 [pool-2190-thread-1] INFO  server.RaftServerConfigKeys (ConfUtils.java:logGet(44)) - raft.server.log.purge.gap = 1000000 (custom)
2020-04-21 09:12:41,817 [pool-2190-thread-1] INFO  server.RaftServerConfigKeys (ConfUtils.java:logGet(44)) - raft.server.log.appender.buffer.byte-limit = 33554432 (custom)
2020-04-21 09:12:41,817 [pool-2190-thread-1] INFO  server.RaftServerConfigKeys (ConfUtils.java:logGet(44)) - raft.server.log.segment.size.max = 1048576 (custom)
2020-04-21 09:12:41,817 [pool-2190-thread-1] INFO  server.RaftServerConfigKeys (ConfUtils.java:logGet(44)) - raft.server.log.segment.cache.num.max = 2 (custom)
2020-04-21 09:12:41,817 [pool-2190-thread-1] INFO  segmented.SegmentedRaftLogWorker (SegmentedRaftLogWorker.java:<init>(176)) - new 57c8879f-adf8-40be-8e35-9a461113d37d@group-50691DE86BAC-SegmentedRaftLogWorker for RaftStorage:Storage Directory /github/workspace/hadoop-ozone/integration-test/target/test-dir/MiniOzoneClusterImpl-f1d3d067-0a31-4f49-b0f8-2dad55a0aeb8/datanode-0/data/ratis/41333e89-ea25-4238-b70b-50691de86bac
2020-04-21 09:12:41,817 [pool-2190-thread-1] INFO  server.RaftServerConfigKeys (ConfUtils.java:logGet(44)) - raft.server.log.queue.byte-limit = 2147483647 (custom)
2020-04-21 09:12:41,817 [pool-2190-thread-1] INFO  server.RaftServerConfigKeys (ConfUtils.java:logGet(44)) - raft.server.log.queue.element-limit = 1024 (custom)
2020-04-21 09:12:41,817 [pool-2190-thread-1] INFO  server.RaftServerConfigKeys (ConfUtils.java:logGet(44)) - raft.server.log.segment.size.max = 1048576 (custom)
2020-04-21 09:12:41,818 [pool-2190-thread-1] INFO  server.RaftServerConfigKeys (ConfUtils.java:logGet(44)) - raft.server.log.preallocated.size = 16384 (custom)
2020-04-21 09:12:41,818 [pool-2190-thread-1] INFO  server.RaftServerConfigKeys (ConfUtils.java:logGet(44)) - raft.server.log.write.buffer.size = 1048576 (custom)
2020-04-21 09:12:41,818 [pool-2190-thread-1] INFO  server.RaftServerConfigKeys (ConfUtils.java:logGet(44)) - raft.server.log.force.sync.num = 128 (default)
2020-04-21 09:12:41,818 [pool-2190-thread-1] INFO  server.RaftServerConfigKeys (ConfUtils.java:logGet(44)) - raft.server.log.statemachine.data.sync = true (default)
2020-04-21 09:12:41,818 [pool-2190-thread-1] INFO  server.RaftServerConfigKeys (ConfUtils.java:logGet(44)) - raft.server.log.statemachine.data.sync.timeout = 10s (default)
2020-04-21 09:12:41,818 [pool-2190-thread-1] INFO  server.RaftServerConfigKeys (ConfUtils.java:logGet(44)) - raft.server.log.statemachine.data.sync.timeout.retry = -1 (default)
2020-04-21 09:12:41,819 [pool-2190-thread-1] INFO  server.RaftServerConfigKeys (ConfUtils.java:logGet(44)) - raft.server.log.statemachine.data.caching.enabled = true (custom)
2020-04-21 09:12:41,819 [pool-2190-thread-1] INFO  segmented.SegmentedRaftLogWorker (SegmentedRaftLogWorker.java:lambda$new$0(129)) - 57c8879f-adf8-40be-8e35-9a461113d37d@group-50691DE86BAC-SegmentedRaftLogWorker: flushIndex: setUnconditionally 0 -> -1
2020-04-21 09:12:41,819 [pool-2190-thread-1] INFO  server.RaftServerConfigKeys (ConfUtils.java:logGet(44)) - raft.server.snapshot.auto.trigger.enabled = true (custom)
2020-04-21 09:12:41,819 [pool-2190-thread-1] INFO  server.RaftServerConfigKeys (ConfUtils.java:logGet(44)) - raft.server.snapshot.auto.trigger.threshold = 10000 (custom)
2020-04-21 09:12:41,819 [pool-2190-thread-1] INFO  server.RaftServerConfigKeys (ConfUtils.java:logGet(44)) - raft.server.snapshot.retention.file.num = 5 (custom)
2020-04-21 09:12:41,819 [pool-2190-thread-1] INFO  server.RaftServerConfigKeys (ConfUtils.java:logGet(44)) - raft.server.retrycache.expirytime = 600000ms (custom)
2020-04-21 09:12:41,819 [pool-2190-thread-1] INFO  metrics.RatisMetrics (RatisMetrics.java:lambda$create$0(39)) - Creating Metrics Registry : ratis.leader_election.57c8879f-adf8-40be-8e35-9a461113d37d@group-50691DE86BAC
2020-04-21 09:12:41,821 [pool-2190-thread-1] INFO  metrics.RatisMetrics (RatisMetrics.java:lambda$create$0(39)) - Creating Metrics Registry : ratis.server.57c8879f-adf8-40be-8e35-9a461113d37d@group-50691DE86BAC
2020-04-21 09:12:41,823 [pool-2190-thread-1] INFO  impl.RaftServerImpl (RaftServerImpl.java:start(183)) - 57c8879f-adf8-40be-8e35-9a461113d37d@group-50691DE86BAC: start as a follower, conf=-1: [57c8879f-adf8-40be-8e35-9a461113d37d:172.17.0.2:43537, 67785732-1656-4414-866c-fcf56345fe62:172.17.0.2:40917, fa96e0fd-0e63-45f8-9f60-728944ddfde8:172.17.0.2:36531], old=null
2020-04-21 09:12:41,823 [pool-2190-thread-1] INFO  impl.RaftServerImpl (RaftServerImpl.java:setRole(172)) - 57c8879f-adf8-40be-8e35-9a461113d37d@group-50691DE86BAC: changes role from      null to FOLLOWER at term 0 for startAsFollower
2020-04-21 09:12:41,823 [pool-2190-thread-1] INFO  impl.RoleInfo (RoleInfo.java:updateAndGet(143)) - 57c8879f-adf8-40be-8e35-9a461113d37d: start FollowerState
2020-04-21 09:12:41,823 [pool-2190-thread-1] INFO  util.JmxRegister (JmxRegister.java:tryRegister(44)) - Successfully registered JMX Bean with object name Ratis:service=RaftServer,group=group-50691DE86BAC,id=57c8879f-adf8-40be-8e35-9a461113d37d
2020-04-21 09:12:41,823 [pool-2190-thread-1] INFO  metrics.RatisMetrics (RatisMetrics.java:lambda$create$0(39)) - Creating Metrics Registry : ratis.state_machine.57c8879f-adf8-40be-8e35-9a461113d37d@group-50691DE86BAC
2020-04-21 09:12:41,832 [grpc-default-executor-11] INFO  impl.RaftServerProxy (RaftServerProxy.java:addNew(89)) - fa96e0fd-0e63-45f8-9f60-728944ddfde8: addNew group-50691DE86BAC:[57c8879f-adf8-40be-8e35-9a461113d37d:172.17.0.2:43537, 67785732-1656-4414-866c-fcf56345fe62:172.17.0.2:40917, fa96e0fd-0e63-45f8-9f60-728944ddfde8:172.17.0.2:36531] returns group-50691DE86BAC:java.util.concurrent.CompletableFuture@2d2d229a[Not completed]
2020-04-21 09:12:41,832 [pool-2220-thread-1] INFO  impl.RaftServerImpl (RaftServerImpl.java:<init>(97)) - fa96e0fd-0e63-45f8-9f60-728944ddfde8: new RaftServerImpl for group-50691DE86BAC:[57c8879f-adf8-40be-8e35-9a461113d37d:172.17.0.2:43537, 67785732-1656-4414-866c-fcf56345fe62:172.17.0.2:40917, fa96e0fd-0e63-45f8-9f60-728944ddfde8:172.17.0.2:36531] with ContainerStateMachine:uninitialized
2020-04-21 09:12:41,832 [pool-2220-thread-1] INFO  server.RaftServerConfigKeys (ConfUtils.java:logGet(44)) - raft.server.rpc.timeout.min = 5s (custom)
2020-04-21 09:12:41,832 [pool-2220-thread-1] INFO  server.RaftServerConfigKeys (ConfUtils.java:logGet(44)) - raft.server.rpc.timeout.max = 5200ms (custom)
2020-04-21 09:12:41,832 [pool-2220-thread-1] INFO  server.RaftServerConfigKeys (ConfUtils.java:logGet(44)) - raft.server.rpcslowness.timeout = 300s (custom)
2020-04-21 09:12:41,833 [pool-2220-thread-1] INFO  server.RaftServerConfigKeys (ConfUtils.java:logGet(44)) - raft.server.sleep.deviation.threshold = 300 (default)
2020-04-21 09:12:41,833 [pool-2220-thread-1] INFO  server.RaftServerConfigKeys (ConfUtils.java:logGet(44)) - raft.server.log.appender.install.snapshot.enabled = false (custom)
2020-04-21 09:12:41,833 [pool-2220-thread-1] INFO  impl.RaftServerImpl (ServerState.java:<init>(103)) - fa96e0fd-0e63-45f8-9f60-728944ddfde8@group-50691DE86BAC: ConfigurationManager, init=-1: [57c8879f-adf8-40be-8e35-9a461113d37d:172.17.0.2:43537, 67785732-1656-4414-866c-fcf56345fe62:172.17.0.2:40917, fa96e0fd-0e63-45f8-9f60-728944ddfde8:172.17.0.2:36531], old=null, confs=<EMPTY_MAP>
2020-04-21 09:12:41,833 [pool-2220-thread-1] INFO  server.RaftServerConfigKeys (ConfUtils.java:logGet(44)) - raft.server.storage.dir = [/github/workspace/hadoop-ozone/integration-test/target/test-dir/MiniOzoneClusterImpl-f1d3d067-0a31-4f49-b0f8-2dad55a0aeb8/datanode-2/data/ratis] (custom)
2020-04-21 09:12:41,833 [pool-2220-thread-1] INFO  server.RaftServerConfigKeys (ConfUtils.java:logGet(44)) - raft.server.log.corruption.policy = EXCEPTION (default)
2020-04-21 09:12:41,833 [pool-2220-thread-1] INFO  storage.RaftStorageDirectory (RaftStorageDirectory.java:analyzeStorage(253)) - The storage directory /github/workspace/hadoop-ozone/integration-test/target/test-dir/MiniOzoneClusterImpl-f1d3d067-0a31-4f49-b0f8-2dad55a0aeb8/datanode-2/data/ratis/41333e89-ea25-4238-b70b-50691de86bac does not exist. Creating ...
2020-04-21 09:12:41,834 [pool-2220-thread-1] INFO  storage.RaftStorageDirectory (RaftStorageDirectory.java:tryLock(335)) - Lock on /github/workspace/hadoop-ozone/integration-test/target/test-dir/MiniOzoneClusterImpl-f1d3d067-0a31-4f49-b0f8-2dad55a0aeb8/datanode-2/data/ratis/41333e89-ea25-4238-b70b-50691de86bac/in_use.lock acquired by nodename 10658@f71c9419dfe5
2020-04-21 09:12:41,835 [pool-2220-thread-1] INFO  storage.RaftStorage (RaftStorage.java:format(84)) - Storage directory /github/workspace/hadoop-ozone/integration-test/target/test-dir/MiniOzoneClusterImpl-f1d3d067-0a31-4f49-b0f8-2dad55a0aeb8/datanode-2/data/ratis/41333e89-ea25-4238-b70b-50691de86bac has been successfully formatted.
2020-04-21 09:12:41,838 [pool-2220-thread-1] INFO  ratis.ContainerStateMachine (ContainerStateMachine.java:loadSnapshot(226)) - group-50691DE86BAC: The snapshot info is null. Setting the last applied indexto:(t:0, i:~)
2020-04-21 09:12:41,838 [pool-2220-thread-1] INFO  server.RaftServerConfigKeys (ConfUtils.java:logGet(44)) - raft.server.notification.no-leader.timeout = 60s (default)
2020-04-21 09:12:41,838 [pool-2220-thread-1] INFO  server.RaftServerConfigKeys (ConfUtils.java:logGet(44)) - raft.server.log.use.memory = false (default)
2020-04-21 09:12:41,839 [pool-2220-thread-1] INFO  server.RaftServerConfigKeys (ConfUtils.java:logGet(44)) - raft.server.log.purge.gap = 1000000 (custom)
2020-04-21 09:12:41,839 [pool-2220-thread-1] INFO  server.RaftServerConfigKeys (ConfUtils.java:logGet(44)) - raft.server.log.appender.buffer.byte-limit = 33554432 (custom)
2020-04-21 09:12:41,839 [pool-2220-thread-1] INFO  server.RaftServerConfigKeys (ConfUtils.java:logGet(44)) - raft.server.log.segment.size.max = 1048576 (custom)
2020-04-21 09:12:41,839 [pool-2220-thread-1] INFO  metrics.RatisMetrics (RatisMetrics.java:lambda$create$0(39)) - Creating Metrics Registry : ratis.log_worker.fa96e0fd-0e63-45f8-9f60-728944ddfde8
2020-04-21 09:12:41,839 [pool-2220-thread-1] INFO  server.RaftServerConfigKeys (ConfUtils.java:logGet(44)) - raft.server.log.segment.cache.num.max = 2 (custom)
2020-04-21 09:12:41,839 [pool-2220-thread-1] INFO  segmented.SegmentedRaftLogWorker (SegmentedRaftLogWorker.java:<init>(176)) - new fa96e0fd-0e63-45f8-9f60-728944ddfde8@group-50691DE86BAC-SegmentedRaftLogWorker for RaftStorage:Storage Directory /github/workspace/hadoop-ozone/integration-test/target/test-dir/MiniOzoneClusterImpl-f1d3d067-0a31-4f49-b0f8-2dad55a0aeb8/datanode-2/data/ratis/41333e89-ea25-4238-b70b-50691de86bac
2020-04-21 09:12:41,840 [pool-2220-thread-1] INFO  server.RaftServerConfigKeys (ConfUtils.java:logGet(44)) - raft.server.log.queue.byte-limit = 2147483647 (custom)
2020-04-21 09:12:41,840 [pool-2220-thread-1] INFO  server.RaftServerConfigKeys (ConfUtils.java:logGet(44)) - raft.server.log.queue.element-limit = 1024 (custom)
2020-04-21 09:12:41,840 [pool-2220-thread-1] INFO  server.RaftServerConfigKeys (ConfUtils.java:logGet(44)) - raft.server.log.segment.size.max = 1048576 (custom)
2020-04-21 09:12:41,840 [pool-2220-thread-1] INFO  server.RaftServerConfigKeys (ConfUtils.java:logGet(44)) - raft.server.log.preallocated.size = 16384 (custom)
2020-04-21 09:12:41,840 [pool-2220-thread-1] INFO  server.RaftServerConfigKeys (ConfUtils.java:logGet(44)) - raft.server.log.write.buffer.size = 1048576 (custom)
2020-04-21 09:12:41,840 [pool-2220-thread-1] INFO  server.RaftServerConfigKeys (ConfUtils.java:logGet(44)) - raft.server.log.force.sync.num = 128 (default)
2020-04-21 09:12:41,840 [pool-2220-thread-1] INFO  server.RaftServerConfigKeys (ConfUtils.java:logGet(44)) - raft.server.log.statemachine.data.sync = true (default)
2020-04-21 09:12:41,841 [pool-2220-thread-1] INFO  server.RaftServerConfigKeys (ConfUtils.java:logGet(44)) - raft.server.log.statemachine.data.sync.timeout = 10s (default)
2020-04-21 09:12:41,841 [pool-2220-thread-1] INFO  server.RaftServerConfigKeys (ConfUtils.java:logGet(44)) - raft.server.log.statemachine.data.sync.timeout.retry = -1 (default)
2020-04-21 09:12:41,848 [pool-2220-thread-1] INFO  server.RaftServerConfigKeys (ConfUtils.java:logGet(44)) - raft.server.log.statemachine.data.caching.enabled = true (custom)
2020-04-21 09:12:41,848 [pool-2220-thread-1] INFO  segmented.SegmentedRaftLogWorker (SegmentedRaftLogWorker.java:lambda$new$0(129)) - fa96e0fd-0e63-45f8-9f60-728944ddfde8@group-50691DE86BAC-SegmentedRaftLogWorker: flushIndex: setUnconditionally 0 -> -1
2020-04-21 09:12:41,848 [pool-2220-thread-1] INFO  server.RaftServerConfigKeys (ConfUtils.java:logGet(44)) - raft.server.snapshot.auto.trigger.enabled = true (custom)
2020-04-21 09:12:41,849 [pool-2220-thread-1] INFO  server.RaftServerConfigKeys (ConfUtils.java:logGet(44)) - raft.server.snapshot.auto.trigger.threshold = 10000 (custom)
2020-04-21 09:12:41,849 [pool-2220-thread-1] INFO  server.RaftServerConfigKeys (ConfUtils.java:logGet(44)) - raft.server.snapshot.retention.file.num = 5 (custom)
2020-04-21 09:12:41,849 [pool-2220-thread-1] INFO  server.RaftServerConfigKeys (ConfUtils.java:logGet(44)) - raft.server.retrycache.expirytime = 600000ms (custom)
2020-04-21 09:12:41,849 [pool-2220-thread-1] INFO  metrics.RatisMetrics (RatisMetrics.java:lambda$create$0(39)) - Creating Metrics Registry : ratis.leader_election.fa96e0fd-0e63-45f8-9f60-728944ddfde8@group-50691DE86BAC
2020-04-21 09:12:41,851 [pool-2220-thread-1] INFO  metrics.RatisMetrics (RatisMetrics.java:lambda$create$0(39)) - Creating Metrics Registry : ratis.server.fa96e0fd-0e63-45f8-9f60-728944ddfde8@group-50691DE86BAC
2020-04-21 09:12:41,853 [pool-2220-thread-1] INFO  impl.RaftServerImpl (RaftServerImpl.java:start(183)) - fa96e0fd-0e63-45f8-9f60-728944ddfde8@group-50691DE86BAC: start as a follower, conf=-1: [57c8879f-adf8-40be-8e35-9a461113d37d:172.17.0.2:43537, 67785732-1656-4414-866c-fcf56345fe62:172.17.0.2:40917, fa96e0fd-0e63-45f8-9f60-728944ddfde8:172.17.0.2:36531], old=null
2020-04-21 09:12:41,853 [pool-2220-thread-1] INFO  impl.RaftServerImpl (RaftServerImpl.java:setRole(172)) - fa96e0fd-0e63-45f8-9f60-728944ddfde8@group-50691DE86BAC: changes role from      null to FOLLOWER at term 0 for startAsFollower
2020-04-21 09:12:41,853 [pool-2220-thread-1] INFO  impl.RoleInfo (RoleInfo.java:updateAndGet(143)) - fa96e0fd-0e63-45f8-9f60-728944ddfde8: start FollowerState
2020-04-21 09:12:41,853 [pool-2220-thread-1] INFO  util.JmxRegister (JmxRegister.java:tryRegister(44)) - Successfully registered JMX Bean with object name Ratis:service=RaftServer,group=group-50691DE86BAC,id=fa96e0fd-0e63-45f8-9f60-728944ddfde8
2020-04-21 09:12:41,853 [pool-2220-thread-1] INFO  metrics.RatisMetrics (RatisMetrics.java:lambda$create$0(39)) - Creating Metrics Registry : ratis.state_machine.fa96e0fd-0e63-45f8-9f60-728944ddfde8@group-50691DE86BAC
2020-04-21 09:12:41,865 [grpc-default-executor-11] INFO  impl.RaftServerProxy (RaftServerProxy.java:addNew(89)) - 67785732-1656-4414-866c-fcf56345fe62: addNew group-50691DE86BAC:[57c8879f-adf8-40be-8e35-9a461113d37d:172.17.0.2:43537, 67785732-1656-4414-866c-fcf56345fe62:172.17.0.2:40917, fa96e0fd-0e63-45f8-9f60-728944ddfde8:172.17.0.2:36531] returns group-50691DE86BAC:java.util.concurrent.CompletableFuture@1e87d181[Not completed]
2020-04-21 09:12:41,865 [Command processor thread] INFO  impl.RaftServerProxy (RaftServerProxy.java:addNew(89)) - 67785732-1656-4414-866c-fcf56345fe62: addNew group-B43EF74CB8FF:[67785732-1656-4414-866c-fcf56345fe62:172.17.0.2:40917] returns group-B43EF74CB8FF:java.util.concurrent.CompletableFuture@8f0901a[Not completed]
2020-04-21 09:12:41,866 [pool-2205-thread-1] INFO  impl.RaftServerImpl (RaftServerImpl.java:<init>(97)) - 67785732-1656-4414-866c-fcf56345fe62: new RaftServerImpl for group-50691DE86BAC:[57c8879f-adf8-40be-8e35-9a461113d37d:172.17.0.2:43537, 67785732-1656-4414-866c-fcf56345fe62:172.17.0.2:40917, fa96e0fd-0e63-45f8-9f60-728944ddfde8:172.17.0.2:36531] with ContainerStateMachine:uninitialized
2020-04-21 09:12:41,866 [pool-2205-thread-1] INFO  server.RaftServerConfigKeys (ConfUtils.java:logGet(44)) - raft.server.rpc.timeout.min = 5s (custom)
2020-04-21 09:12:41,866 [pool-2205-thread-1] INFO  server.RaftServerConfigKeys (ConfUtils.java:logGet(44)) - raft.server.rpc.timeout.max = 5200ms (custom)
2020-04-21 09:12:41,866 [pool-2205-thread-1] INFO  server.RaftServerConfigKeys (ConfUtils.java:logGet(44)) - raft.server.rpcslowness.timeout = 300s (custom)
2020-04-21 09:12:41,866 [pool-2205-thread-1] INFO  server.RaftServerConfigKeys (ConfUtils.java:logGet(44)) - raft.server.sleep.deviation.threshold = 300 (default)
2020-04-21 09:12:41,866 [pool-2205-thread-1] INFO  server.RaftServerConfigKeys (ConfUtils.java:logGet(44)) - raft.server.log.appender.install.snapshot.enabled = false (custom)
2020-04-21 09:12:41,866 [pool-2205-thread-1] INFO  impl.RaftServerImpl (ServerState.java:<init>(103)) - 67785732-1656-4414-866c-fcf56345fe62@group-50691DE86BAC: ConfigurationManager, init=-1: [57c8879f-adf8-40be-8e35-9a461113d37d:172.17.0.2:43537, 67785732-1656-4414-866c-fcf56345fe62:172.17.0.2:40917, fa96e0fd-0e63-45f8-9f60-728944ddfde8:172.17.0.2:36531], old=null, confs=<EMPTY_MAP>
2020-04-21 09:12:41,867 [pool-2205-thread-1] INFO  server.RaftServerConfigKeys (ConfUtils.java:logGet(44)) - raft.server.storage.dir = [/github/workspace/hadoop-ozone/integration-test/target/test-dir/MiniOzoneClusterImpl-f1d3d067-0a31-4f49-b0f8-2dad55a0aeb8/datanode-1/data/ratis] (custom)
2020-04-21 09:12:41,867 [pool-2205-thread-1] INFO  server.RaftServerConfigKeys (ConfUtils.java:logGet(44)) - raft.server.log.corruption.policy = EXCEPTION (default)
2020-04-21 09:12:41,867 [pool-2205-thread-1] INFO  storage.RaftStorageDirectory (RaftStorageDirectory.java:analyzeStorage(253)) - The storage directory /github/workspace/hadoop-ozone/integration-test/target/test-dir/MiniOzoneClusterImpl-f1d3d067-0a31-4f49-b0f8-2dad55a0aeb8/datanode-1/data/ratis/41333e89-ea25-4238-b70b-50691de86bac does not exist. Creating ...
2020-04-21 09:12:41,868 [pool-2205-thread-1] INFO  storage.RaftStorageDirectory (RaftStorageDirectory.java:tryLock(335)) - Lock on /github/workspace/hadoop-ozone/integration-test/target/test-dir/MiniOzoneClusterImpl-f1d3d067-0a31-4f49-b0f8-2dad55a0aeb8/datanode-1/data/ratis/41333e89-ea25-4238-b70b-50691de86bac/in_use.lock acquired by nodename 10658@f71c9419dfe5
2020-04-21 09:12:41,869 [pool-2205-thread-1] INFO  storage.RaftStorage (RaftStorage.java:format(84)) - Storage directory /github/workspace/hadoop-ozone/integration-test/target/test-dir/MiniOzoneClusterImpl-f1d3d067-0a31-4f49-b0f8-2dad55a0aeb8/datanode-1/data/ratis/41333e89-ea25-4238-b70b-50691de86bac has been successfully formatted.
2020-04-21 09:12:41,870 [pool-2205-thread-1] INFO  ratis.ContainerStateMachine (ContainerStateMachine.java:loadSnapshot(226)) - group-50691DE86BAC: The snapshot info is null. Setting the last applied indexto:(t:0, i:~)
2020-04-21 09:12:41,871 [pool-2205-thread-1] INFO  server.RaftServerConfigKeys (ConfUtils.java:logGet(44)) - raft.server.notification.no-leader.timeout = 60s (default)
2020-04-21 09:12:41,871 [pool-2205-thread-1] INFO  server.RaftServerConfigKeys (ConfUtils.java:logGet(44)) - raft.server.log.use.memory = false (default)
2020-04-21 09:12:41,871 [pool-2205-thread-1] INFO  server.RaftServerConfigKeys (ConfUtils.java:logGet(44)) - raft.server.log.purge.gap = 1000000 (custom)
2020-04-21 09:12:41,871 [pool-2205-thread-1] INFO  server.RaftServerConfigKeys (ConfUtils.java:logGet(44)) - raft.server.log.appender.buffer.byte-limit = 33554432 (custom)
2020-04-21 09:12:41,871 [pool-2205-thread-1] INFO  server.RaftServerConfigKeys (ConfUtils.java:logGet(44)) - raft.server.log.segment.size.max = 1048576 (custom)
2020-04-21 09:12:41,871 [EventQueue-PipelineReportForPipelineReportHandler] INFO  pipeline.PipelineStateManager (PipelineStateManager.java:openPipeline(131)) - Pipeline Pipeline[ Id: fcb9b4cd-c3fc-4f1f-96cd-b43ef74cb8ff, Nodes: 67785732-1656-4414-866c-fcf56345fe62{ip: 172.17.0.2, host: f71c9419dfe5, networkLocation: /default-rack, certSerialId: null}, Type:RATIS, Factor:ONE, State:ALLOCATED, leaderId:67785732-1656-4414-866c-fcf56345fe62, CreationTimestamp2020-04-21T09:12:38.865Z] moved to OPEN state
2020-04-21 09:12:41,871 [pool-2205-thread-1] INFO  metrics.RatisMetrics (RatisMetrics.java:lambda$create$0(39)) - Creating Metrics Registry : ratis.log_worker.67785732-1656-4414-866c-fcf56345fe62
2020-04-21 09:12:41,871 [EventQueue-OpenPipelineForOneReplicaPipelineSafeModeRule] INFO  safemode.SCMSafeModeManager (SCMSafeModeManager.java:validateSafeModeExitRules(183)) - AtleastOneDatanodeReportedRule rule is successfully validated
2020-04-21 09:12:41,871 [EventQueue-OpenPipelineForHealthyPipelineSafeModeRule] INFO  safemode.SCMSafeModeManager (HealthyPipelineSafeModeRule.java:process(132)) - SCM in safe mode. Healthy pipelines reported count is 0, required healthy pipeline reported count is 1
2020-04-21 09:12:41,872 [pool-2205-thread-1] INFO  server.RaftServerConfigKeys (ConfUtils.java:logGet(44)) - raft.server.log.segment.cache.num.max = 2 (custom)
2020-04-21 09:12:41,872 [pool-2205-thread-1] INFO  segmented.SegmentedRaftLogWorker (SegmentedRaftLogWorker.java:<init>(176)) - new 67785732-1656-4414-866c-fcf56345fe62@group-50691DE86BAC-SegmentedRaftLogWorker for RaftStorage:Storage Directory /github/workspace/hadoop-ozone/integration-test/target/test-dir/MiniOzoneClusterImpl-f1d3d067-0a31-4f49-b0f8-2dad55a0aeb8/datanode-1/data/ratis/41333e89-ea25-4238-b70b-50691de86bac
2020-04-21 09:12:41,872 [pool-2205-thread-1] INFO  server.RaftServerConfigKeys (ConfUtils.java:logGet(44)) - raft.server.log.queue.byte-limit = 2147483647 (custom)
2020-04-21 09:12:41,872 [pool-2205-thread-1] INFO  server.RaftServerConfigKeys (ConfUtils.java:logGet(44)) - raft.server.log.queue.element-limit = 1024 (custom)
2020-04-21 09:12:41,872 [pool-2205-thread-1] INFO  server.RaftServerConfigKeys (ConfUtils.java:logGet(44)) - raft.server.log.segment.size.max = 1048576 (custom)
2020-04-21 09:12:41,872 [pool-2205-thread-1] INFO  server.RaftServerConfigKeys (ConfUtils.java:logGet(44)) - raft.server.log.preallocated.size = 16384 (custom)
2020-04-21 09:12:41,872 [pool-2205-thread-1] INFO  server.RaftServerConfigKeys (ConfUtils.java:logGet(44)) - raft.server.log.write.buffer.size = 1048576 (custom)
2020-04-21 09:12:41,872 [pool-2205-thread-1] INFO  server.RaftServerConfigKeys (ConfUtils.java:logGet(44)) - raft.server.log.force.sync.num = 128 (default)
2020-04-21 09:12:41,872 [pool-2205-thread-1] INFO  server.RaftServerConfigKeys (ConfUtils.java:logGet(44)) - raft.server.log.statemachine.data.sync = true (default)
2020-04-21 09:12:41,872 [pool-2205-thread-1] INFO  server.RaftServerConfigKeys (ConfUtils.java:logGet(44)) - raft.server.log.statemachine.data.sync.timeout = 10s (default)
2020-04-21 09:12:41,873 [pool-2205-thread-1] INFO  server.RaftServerConfigKeys (ConfUtils.java:logGet(44)) - raft.server.log.statemachine.data.sync.timeout.retry = -1 (default)
2020-04-21 09:12:41,879 [pool-2205-thread-1] INFO  server.RaftServerConfigKeys (ConfUtils.java:logGet(44)) - raft.server.log.statemachine.data.caching.enabled = true (custom)
2020-04-21 09:12:41,879 [pool-2205-thread-1] INFO  segmented.SegmentedRaftLogWorker (SegmentedRaftLogWorker.java:lambda$new$0(129)) - 67785732-1656-4414-866c-fcf56345fe62@group-50691DE86BAC-SegmentedRaftLogWorker: flushIndex: setUnconditionally 0 -> -1
2020-04-21 09:12:41,880 [pool-2205-thread-1] INFO  server.RaftServerConfigKeys (ConfUtils.java:logGet(44)) - raft.server.snapshot.auto.trigger.enabled = true (custom)
2020-04-21 09:12:41,880 [pool-2205-thread-1] INFO  server.RaftServerConfigKeys (ConfUtils.java:logGet(44)) - raft.server.snapshot.auto.trigger.threshold = 10000 (custom)
2020-04-21 09:12:41,880 [pool-2205-thread-1] INFO  server.RaftServerConfigKeys (ConfUtils.java:logGet(44)) - raft.server.snapshot.retention.file.num = 5 (custom)
2020-04-21 09:12:41,880 [pool-2205-thread-1] INFO  server.RaftServerConfigKeys (ConfUtils.java:logGet(44)) - raft.server.retrycache.expirytime = 600000ms (custom)
2020-04-21 09:12:41,880 [pool-2205-thread-1] INFO  metrics.RatisMetrics (RatisMetrics.java:lambda$create$0(39)) - Creating Metrics Registry : ratis.leader_election.67785732-1656-4414-866c-fcf56345fe62@group-50691DE86BAC
2020-04-21 09:12:41,882 [pool-2205-thread-1] INFO  metrics.RatisMetrics (RatisMetrics.java:lambda$create$0(39)) - Creating Metrics Registry : ratis.server.67785732-1656-4414-866c-fcf56345fe62@group-50691DE86BAC
2020-04-21 09:12:41,884 [pool-2205-thread-1] INFO  impl.RaftServerImpl (RaftServerImpl.java:<init>(97)) - 67785732-1656-4414-866c-fcf56345fe62: new RaftServerImpl for group-B43EF74CB8FF:[67785732-1656-4414-866c-fcf56345fe62:172.17.0.2:40917] with ContainerStateMachine:uninitialized
2020-04-21 09:12:41,884 [pool-2205-thread-1] INFO  server.RaftServerConfigKeys (ConfUtils.java:logGet(44)) - raft.server.rpc.timeout.min = 5s (custom)
2020-04-21 09:12:41,884 [pool-2205-thread-1] INFO  server.RaftServerConfigKeys (ConfUtils.java:logGet(44)) - raft.server.rpc.timeout.max = 5200ms (custom)
2020-04-21 09:12:41,884 [pool-2205-thread-1] INFO  server.RaftServerConfigKeys (ConfUtils.java:logGet(44)) - raft.server.rpcslowness.timeout = 300s (custom)
2020-04-21 09:12:41,884 [pool-2205-thread-1] INFO  server.RaftServerConfigKeys (ConfUtils.java:logGet(44)) - raft.server.sleep.deviation.threshold = 300 (default)
2020-04-21 09:12:41,884 [pool-2205-thread-1] INFO  server.RaftServerConfigKeys (ConfUtils.java:logGet(44)) - raft.server.log.appender.install.snapshot.enabled = false (custom)
2020-04-21 09:12:41,884 [pool-2205-thread-1] INFO  impl.RaftServerImpl (ServerState.java:<init>(103)) - 67785732-1656-4414-866c-fcf56345fe62@group-B43EF74CB8FF: ConfigurationManager, init=-1: [67785732-1656-4414-866c-fcf56345fe62:172.17.0.2:40917], old=null, confs=<EMPTY_MAP>
2020-04-21 09:12:41,884 [pool-2205-thread-1] INFO  server.RaftServerConfigKeys (ConfUtils.java:logGet(44)) - raft.server.storage.dir = [/github/workspace/hadoop-ozone/integration-test/target/test-dir/MiniOzoneClusterImpl-f1d3d067-0a31-4f49-b0f8-2dad55a0aeb8/datanode-1/data/ratis] (custom)
2020-04-21 09:12:41,884 [pool-2205-thread-1] INFO  server.RaftServerConfigKeys (ConfUtils.java:logGet(44)) - raft.server.log.corruption.policy = EXCEPTION (default)
2020-04-21 09:12:41,884 [pool-2205-thread-1] INFO  storage.RaftStorageDirectory (RaftStorageDirectory.java:analyzeStorage(253)) - The storage directory /github/workspace/hadoop-ozone/integration-test/target/test-dir/MiniOzoneClusterImpl-f1d3d067-0a31-4f49-b0f8-2dad55a0aeb8/datanode-1/data/ratis/fcb9b4cd-c3fc-4f1f-96cd-b43ef74cb8ff does not exist. Creating ...
2020-04-21 09:12:41,885 [pool-2205-thread-1] INFO  storage.RaftStorageDirectory (RaftStorageDirectory.java:tryLock(335)) - Lock on /github/workspace/hadoop-ozone/integration-test/target/test-dir/MiniOzoneClusterImpl-f1d3d067-0a31-4f49-b0f8-2dad55a0aeb8/datanode-1/data/ratis/fcb9b4cd-c3fc-4f1f-96cd-b43ef74cb8ff/in_use.lock acquired by nodename 10658@f71c9419dfe5
2020-04-21 09:12:41,886 [pool-2205-thread-1] INFO  storage.RaftStorage (RaftStorage.java:format(84)) - Storage directory /github/workspace/hadoop-ozone/integration-test/target/test-dir/MiniOzoneClusterImpl-f1d3d067-0a31-4f49-b0f8-2dad55a0aeb8/datanode-1/data/ratis/fcb9b4cd-c3fc-4f1f-96cd-b43ef74cb8ff has been successfully formatted.
2020-04-21 09:12:41,886 [pool-2205-thread-1] INFO  ratis.ContainerStateMachine (ContainerStateMachine.java:loadSnapshot(226)) - group-B43EF74CB8FF: The snapshot info is null. Setting the last applied indexto:(t:0, i:~)
2020-04-21 09:12:41,886 [pool-2205-thread-1] INFO  server.RaftServerConfigKeys (ConfUtils.java:logGet(44)) - raft.server.notification.no-leader.timeout = 60s (default)
2020-04-21 09:12:41,886 [pool-2205-thread-1] INFO  server.RaftServerConfigKeys (ConfUtils.java:logGet(44)) - raft.server.log.use.memory = false (default)
2020-04-21 09:12:41,886 [pool-2205-thread-1] INFO  server.RaftServerConfigKeys (ConfUtils.java:logGet(44)) - raft.server.log.purge.gap = 1000000 (custom)
2020-04-21 09:12:41,887 [pool-2205-thread-1] INFO  server.RaftServerConfigKeys (ConfUtils.java:logGet(44)) - raft.server.log.appender.buffer.byte-limit = 33554432 (custom)
2020-04-21 09:12:41,887 [pool-2205-thread-1] INFO  server.RaftServerConfigKeys (ConfUtils.java:logGet(44)) - raft.server.log.segment.size.max = 1048576 (custom)
2020-04-21 09:12:41,887 [pool-2205-thread-1] INFO  server.RaftServerConfigKeys (ConfUtils.java:logGet(44)) - raft.server.log.segment.cache.num.max = 2 (custom)
2020-04-21 09:12:41,887 [pool-2205-thread-1] INFO  segmented.SegmentedRaftLogWorker (SegmentedRaftLogWorker.java:<init>(176)) - new 67785732-1656-4414-866c-fcf56345fe62@group-B43EF74CB8FF-SegmentedRaftLogWorker for RaftStorage:Storage Directory /github/workspace/hadoop-ozone/integration-test/target/test-dir/MiniOzoneClusterImpl-f1d3d067-0a31-4f49-b0f8-2dad55a0aeb8/datanode-1/data/ratis/fcb9b4cd-c3fc-4f1f-96cd-b43ef74cb8ff
2020-04-21 09:12:41,887 [pool-2205-thread-1] INFO  server.RaftServerConfigKeys (ConfUtils.java:logGet(44)) - raft.server.log.queue.byte-limit = 2147483647 (custom)
2020-04-21 09:12:41,887 [pool-2205-thread-1] INFO  server.RaftServerConfigKeys (ConfUtils.java:logGet(44)) - raft.server.log.queue.element-limit = 1024 (custom)
2020-04-21 09:12:41,887 [pool-2205-thread-1] INFO  server.RaftServerConfigKeys (ConfUtils.java:logGet(44)) - raft.server.log.segment.size.max = 1048576 (custom)
2020-04-21 09:12:41,887 [pool-2205-thread-1] INFO  server.RaftServerConfigKeys (ConfUtils.java:logGet(44)) - raft.server.log.preallocated.size = 16384 (custom)
2020-04-21 09:12:41,887 [pool-2205-thread-1] INFO  server.RaftServerConfigKeys (ConfUtils.java:logGet(44)) - raft.server.log.write.buffer.size = 1048576 (custom)
2020-04-21 09:12:41,888 [pool-2205-thread-1] INFO  server.RaftServerConfigKeys (ConfUtils.java:logGet(44)) - raft.server.log.force.sync.num = 128 (default)
2020-04-21 09:12:41,888 [pool-2205-thread-1] INFO  server.RaftServerConfigKeys (ConfUtils.java:logGet(44)) - raft.server.log.statemachine.data.sync = true (default)
2020-04-21 09:12:41,888 [pool-2205-thread-1] INFO  server.RaftServerConfigKeys (ConfUtils.java:logGet(44)) - raft.server.log.statemachine.data.sync.timeout = 10s (default)
2020-04-21 09:12:41,888 [pool-2205-thread-1] INFO  server.RaftServerConfigKeys (ConfUtils.java:logGet(44)) - raft.server.log.statemachine.data.sync.timeout.retry = -1 (default)
2020-04-21 09:12:41,888 [pool-2205-thread-1] INFO  server.RaftServerConfigKeys (ConfUtils.java:logGet(44)) - raft.server.log.statemachine.data.caching.enabled = true (custom)
2020-04-21 09:12:41,889 [pool-2205-thread-1] INFO  segmented.SegmentedRaftLogWorker (SegmentedRaftLogWorker.java:lambda$new$0(129)) - 67785732-1656-4414-866c-fcf56345fe62@group-B43EF74CB8FF-SegmentedRaftLogWorker: flushIndex: setUnconditionally 0 -> -1
2020-04-21 09:12:41,889 [pool-2205-thread-1] INFO  server.RaftServerConfigKeys (ConfUtils.java:logGet(44)) - raft.server.snapshot.auto.trigger.enabled = true (custom)
2020-04-21 09:12:41,889 [pool-2205-thread-1] INFO  server.RaftServerConfigKeys (ConfUtils.java:logGet(44)) - raft.server.snapshot.auto.trigger.threshold = 10000 (custom)
2020-04-21 09:12:41,889 [pool-2205-thread-1] INFO  server.RaftServerConfigKeys (ConfUtils.java:logGet(44)) - raft.server.snapshot.retention.file.num = 5 (custom)
2020-04-21 09:12:41,889 [pool-2205-thread-1] INFO  server.RaftServerConfigKeys (ConfUtils.java:logGet(44)) - raft.server.retrycache.expirytime = 600000ms (custom)
2020-04-21 09:12:41,889 [pool-2205-thread-1] INFO  metrics.RatisMetrics (RatisMetrics.java:lambda$create$0(39)) - Creating Metrics Registry : ratis.leader_election.67785732-1656-4414-866c-fcf56345fe62@group-B43EF74CB8FF
2020-04-21 09:12:41,891 [pool-2205-thread-1] INFO  metrics.RatisMetrics (RatisMetrics.java:lambda$create$0(39)) - Creating Metrics Registry : ratis.server.67785732-1656-4414-866c-fcf56345fe62@group-B43EF74CB8FF
2020-04-21 09:12:41,893 [pool-2205-thread-1] INFO  impl.RaftServerImpl (RaftServerImpl.java:start(183)) - 67785732-1656-4414-866c-fcf56345fe62@group-50691DE86BAC: start as a follower, conf=-1: [57c8879f-adf8-40be-8e35-9a461113d37d:172.17.0.2:43537, 67785732-1656-4414-866c-fcf56345fe62:172.17.0.2:40917, fa96e0fd-0e63-45f8-9f60-728944ddfde8:172.17.0.2:36531], old=null
2020-04-21 09:12:41,893 [pool-2205-thread-1] INFO  impl.RaftServerImpl (RaftServerImpl.java:setRole(172)) - 67785732-1656-4414-866c-fcf56345fe62@group-50691DE86BAC: changes role from      null to FOLLOWER at term 0 for startAsFollower
2020-04-21 09:12:41,893 [pool-2205-thread-1] INFO  impl.RoleInfo (RoleInfo.java:updateAndGet(143)) - 67785732-1656-4414-866c-fcf56345fe62: start FollowerState
2020-04-21 09:12:41,893 [pool-2205-thread-1] INFO  util.JmxRegister (JmxRegister.java:tryRegister(44)) - Successfully registered JMX Bean with object name Ratis:service=RaftServer,group=group-50691DE86BAC,id=67785732-1656-4414-866c-fcf56345fe62
2020-04-21 09:12:41,893 [pool-2205-thread-1] INFO  metrics.RatisMetrics (RatisMetrics.java:lambda$create$0(39)) - Creating Metrics Registry : ratis.state_machine.67785732-1656-4414-866c-fcf56345fe62@group-50691DE86BAC
2020-04-21 09:12:41,895 [pool-2205-thread-1] INFO  impl.RaftServerImpl (RaftServerImpl.java:start(183)) - 67785732-1656-4414-866c-fcf56345fe62@group-B43EF74CB8FF: start as a follower, conf=-1: [67785732-1656-4414-866c-fcf56345fe62:172.17.0.2:40917], old=null
2020-04-21 09:12:41,895 [pool-2205-thread-1] INFO  impl.RaftServerImpl (RaftServerImpl.java:setRole(172)) - 67785732-1656-4414-866c-fcf56345fe62@group-B43EF74CB8FF: changes role from      null to FOLLOWER at term 0 for startAsFollower
2020-04-21 09:12:41,895 [pool-2205-thread-1] INFO  impl.RoleInfo (RoleInfo.java:updateAndGet(143)) - 67785732-1656-4414-866c-fcf56345fe62: start FollowerState
2020-04-21 09:12:41,896 [pool-2205-thread-1] INFO  util.JmxRegister (JmxRegister.java:tryRegister(44)) - Successfully registered JMX Bean with object name Ratis:service=RaftServer,group=group-B43EF74CB8FF,id=67785732-1656-4414-866c-fcf56345fe62
2020-04-21 09:12:41,896 [pool-2205-thread-1] INFO  metrics.RatisMetrics (RatisMetrics.java:lambda$create$0(39)) - Creating Metrics Registry : ratis.state_machine.67785732-1656-4414-866c-fcf56345fe62@group-B43EF74CB8FF
2020-04-21 09:12:41,901 [Command processor thread] INFO  commandhandler.CreatePipelineCommandHandler (CreatePipelineCommandHandler.java:handle(109)) - Created Pipeline RATIS THREE #id: "41333e89-ea25-4238-b70b-50691de86bac"
.
2020-04-21 09:12:41,902 [Command processor thread] INFO  commandhandler.CreatePipelineCommandHandler (CreatePipelineCommandHandler.java:handle(109)) - Created Pipeline RATIS ONE #id: "fcb9b4cd-c3fc-4f1f-96cd-b43ef74cb8ff"
.
2020-04-21 09:12:41,927 [Command processor thread] INFO  impl.RaftServerProxy (RaftServerProxy.java:addNew(89)) - fa96e0fd-0e63-45f8-9f60-728944ddfde8: addNew group-FF24E5F46BAE:[fa96e0fd-0e63-45f8-9f60-728944ddfde8:172.17.0.2:36531] returns group-FF24E5F46BAE:java.util.concurrent.CompletableFuture@7e33e24e[Not completed]
2020-04-21 09:12:41,928 [pool-2220-thread-1] INFO  impl.RaftServerImpl (RaftServerImpl.java:<init>(97)) - fa96e0fd-0e63-45f8-9f60-728944ddfde8: new RaftServerImpl for group-FF24E5F46BAE:[fa96e0fd-0e63-45f8-9f60-728944ddfde8:172.17.0.2:36531] with ContainerStateMachine:uninitialized
2020-04-21 09:12:41,928 [pool-2220-thread-1] INFO  server.RaftServerConfigKeys (ConfUtils.java:logGet(44)) - raft.server.rpc.timeout.min = 5s (custom)
2020-04-21 09:12:41,928 [pool-2220-thread-1] INFO  server.RaftServerConfigKeys (ConfUtils.java:logGet(44)) - raft.server.rpc.timeout.max = 5200ms (custom)
2020-04-21 09:12:41,928 [pool-2220-thread-1] INFO  server.RaftServerConfigKeys (ConfUtils.java:logGet(44)) - raft.server.rpcslowness.timeout = 300s (custom)
2020-04-21 09:12:41,928 [pool-2220-thread-1] INFO  server.RaftServerConfigKeys (ConfUtils.java:logGet(44)) - raft.server.sleep.deviation.threshold = 300 (default)
2020-04-21 09:12:41,928 [pool-2220-thread-1] INFO  server.RaftServerConfigKeys (ConfUtils.java:logGet(44)) - raft.server.log.appender.install.snapshot.enabled = false (custom)
2020-04-21 09:12:41,928 [pool-2220-thread-1] INFO  impl.RaftServerImpl (ServerState.java:<init>(103)) - fa96e0fd-0e63-45f8-9f60-728944ddfde8@group-FF24E5F46BAE: ConfigurationManager, init=-1: [fa96e0fd-0e63-45f8-9f60-728944ddfde8:172.17.0.2:36531], old=null, confs=<EMPTY_MAP>
2020-04-21 09:12:41,928 [pool-2220-thread-1] INFO  server.RaftServerConfigKeys (ConfUtils.java:logGet(44)) - raft.server.storage.dir = [/github/workspace/hadoop-ozone/integration-test/target/test-dir/MiniOzoneClusterImpl-f1d3d067-0a31-4f49-b0f8-2dad55a0aeb8/datanode-2/data/ratis] (custom)
2020-04-21 09:12:41,929 [pool-2220-thread-1] INFO  server.RaftServerConfigKeys (ConfUtils.java:logGet(44)) - raft.server.log.corruption.policy = EXCEPTION (default)
2020-04-21 09:12:41,929 [pool-2220-thread-1] INFO  storage.RaftStorageDirectory (RaftStorageDirectory.java:analyzeStorage(253)) - The storage directory /github/workspace/hadoop-ozone/integration-test/target/test-dir/MiniOzoneClusterImpl-f1d3d067-0a31-4f49-b0f8-2dad55a0aeb8/datanode-2/data/ratis/27f7470d-cae7-44a0-9b76-ff24e5f46bae does not exist. Creating ...
2020-04-21 09:12:41,930 [pool-2220-thread-1] INFO  storage.RaftStorageDirectory (RaftStorageDirectory.java:tryLock(335)) - Lock on /github/workspace/hadoop-ozone/integration-test/target/test-dir/MiniOzoneClusterImpl-f1d3d067-0a31-4f49-b0f8-2dad55a0aeb8/datanode-2/data/ratis/27f7470d-cae7-44a0-9b76-ff24e5f46bae/in_use.lock acquired by nodename 10658@f71c9419dfe5
2020-04-21 09:12:41,931 [Thread-8729] INFO  ozone.MiniOzoneClusterImpl (MiniOzoneClusterImpl.java:lambda$waitForClusterToBeReady$0(177)) - Nodes are ready. Got 3 of 3 DN Heartbeats.
2020-04-21 09:12:41,931 [Thread-8729] INFO  ozone.MiniOzoneClusterImpl (MiniOzoneClusterImpl.java:lambda$waitForClusterToBeReady$0(180)) - Waiting for cluster to exit safe mode
2020-04-21 09:12:41,931 [pool-2220-thread-1] INFO  storage.RaftStorage (RaftStorage.java:format(84)) - Storage directory /github/workspace/hadoop-ozone/integration-test/target/test-dir/MiniOzoneClusterImpl-f1d3d067-0a31-4f49-b0f8-2dad55a0aeb8/datanode-2/data/ratis/27f7470d-cae7-44a0-9b76-ff24e5f46bae has been successfully formatted.
2020-04-21 09:12:41,931 [pool-2220-thread-1] INFO  ratis.ContainerStateMachine (ContainerStateMachine.java:loadSnapshot(226)) - group-FF24E5F46BAE: The snapshot info is null. Setting the last applied indexto:(t:0, i:~)
2020-04-21 09:12:41,931 [pool-2220-thread-1] INFO  server.RaftServerConfigKeys (ConfUtils.java:logGet(44)) - raft.server.notification.no-leader.timeout = 60s (default)
2020-04-21 09:12:41,931 [pool-2220-thread-1] INFO  server.RaftServerConfigKeys (ConfUtils.java:logGet(44)) - raft.server.log.use.memory = false (default)
2020-04-21 09:12:41,931 [pool-2220-thread-1] INFO  server.RaftServerConfigKeys (ConfUtils.java:logGet(44)) - raft.server.log.purge.gap = 1000000 (custom)
2020-04-21 09:12:41,931 [pool-2220-thread-1] INFO  server.RaftServerConfigKeys (ConfUtils.java:logGet(44)) - raft.server.log.appender.buffer.byte-limit = 33554432 (custom)
2020-04-21 09:12:41,931 [pool-2220-thread-1] INFO  server.RaftServerConfigKeys (ConfUtils.java:logGet(44)) - raft.server.log.segment.size.max = 1048576 (custom)
2020-04-21 09:12:41,932 [EventQueue-PipelineReportForPipelineReportHandler] INFO  pipeline.PipelineStateManager (PipelineStateManager.java:openPipeline(131)) - Pipeline Pipeline[ Id: 27f7470d-cae7-44a0-9b76-ff24e5f46bae, Nodes: fa96e0fd-0e63-45f8-9f60-728944ddfde8{ip: 172.17.0.2, host: f71c9419dfe5, networkLocation: /default-rack, certSerialId: null}, Type:RATIS, Factor:ONE, State:ALLOCATED, leaderId:fa96e0fd-0e63-45f8-9f60-728944ddfde8, CreationTimestamp2020-04-21T09:12:38.927Z] moved to OPEN state
2020-04-21 09:12:41,932 [pool-2220-thread-1] INFO  server.RaftServerConfigKeys (ConfUtils.java:logGet(44)) - raft.server.log.segment.cache.num.max = 2 (custom)
2020-04-21 09:12:41,932 [pool-2220-thread-1] INFO  segmented.SegmentedRaftLogWorker (SegmentedRaftLogWorker.java:<init>(176)) - new fa96e0fd-0e63-45f8-9f60-728944ddfde8@group-FF24E5F46BAE-SegmentedRaftLogWorker for RaftStorage:Storage Directory /github/workspace/hadoop-ozone/integration-test/target/test-dir/MiniOzoneClusterImpl-f1d3d067-0a31-4f49-b0f8-2dad55a0aeb8/datanode-2/data/ratis/27f7470d-cae7-44a0-9b76-ff24e5f46bae
2020-04-21 09:12:41,932 [EventQueue-OpenPipelineForOneReplicaPipelineSafeModeRule] INFO  safemode.SCMSafeModeManager (SCMSafeModeManager.java:validateSafeModeExitRules(183)) - AtleastOneDatanodeReportedRule rule is successfully validated
2020-04-21 09:12:41,932 [EventQueue-OpenPipelineForHealthyPipelineSafeModeRule] INFO  safemode.SCMSafeModeManager (HealthyPipelineSafeModeRule.java:process(132)) - SCM in safe mode. Healthy pipelines reported count is 0, required healthy pipeline reported count is 1
2020-04-21 09:12:41,932 [pool-2220-thread-1] INFO  server.RaftServerConfigKeys (ConfUtils.java:logGet(44)) - raft.server.log.queue.byte-limit = 2147483647 (custom)
2020-04-21 09:12:41,932 [pool-2220-thread-1] INFO  server.RaftServerConfigKeys (ConfUtils.java:logGet(44)) - raft.server.log.queue.element-limit = 1024 (custom)
2020-04-21 09:12:41,933 [pool-2220-thread-1] INFO  server.RaftServerConfigKeys (ConfUtils.java:logGet(44)) - raft.server.log.segment.size.max = 1048576 (custom)
2020-04-21 09:12:41,933 [pool-2220-thread-1] INFO  server.RaftServerConfigKeys (ConfUtils.java:logGet(44)) - raft.server.log.preallocated.size = 16384 (custom)
2020-04-21 09:12:41,933 [pool-2220-thread-1] INFO  server.RaftServerConfigKeys (ConfUtils.java:logGet(44)) - raft.server.log.write.buffer.size = 1048576 (custom)
2020-04-21 09:12:41,933 [pool-2220-thread-1] INFO  server.RaftServerConfigKeys (ConfUtils.java:logGet(44)) - raft.server.log.force.sync.num = 128 (default)
2020-04-21 09:12:41,933 [pool-2220-thread-1] INFO  server.RaftServerConfigKeys (ConfUtils.java:logGet(44)) - raft.server.log.statemachine.data.sync = true (default)
2020-04-21 09:12:41,933 [pool-2220-thread-1] INFO  server.RaftServerConfigKeys (ConfUtils.java:logGet(44)) - raft.server.log.statemachine.data.sync.timeout = 10s (default)
2020-04-21 09:12:41,933 [pool-2220-thread-1] INFO  server.RaftServerConfigKeys (ConfUtils.java:logGet(44)) - raft.server.log.statemachine.data.sync.timeout.retry = -1 (default)
2020-04-21 09:12:41,934 [pool-2220-thread-1] INFO  server.RaftServerConfigKeys (ConfUtils.java:logGet(44)) - raft.server.log.statemachine.data.caching.enabled = true (custom)
2020-04-21 09:12:41,934 [pool-2220-thread-1] INFO  segmented.SegmentedRaftLogWorker (SegmentedRaftLogWorker.java:lambda$new$0(129)) - fa96e0fd-0e63-45f8-9f60-728944ddfde8@group-FF24E5F46BAE-SegmentedRaftLogWorker: flushIndex: setUnconditionally 0 -> -1
2020-04-21 09:12:41,934 [pool-2220-thread-1] INFO  server.RaftServerConfigKeys (ConfUtils.java:logGet(44)) - raft.server.snapshot.auto.trigger.enabled = true (custom)
2020-04-21 09:12:41,934 [pool-2220-thread-1] INFO  server.RaftServerConfigKeys (ConfUtils.java:logGet(44)) - raft.server.snapshot.auto.trigger.threshold = 10000 (custom)
2020-04-21 09:12:41,934 [pool-2220-thread-1] INFO  server.RaftServerConfigKeys (ConfUtils.java:logGet(44)) - raft.server.snapshot.retention.file.num = 5 (custom)
2020-04-21 09:12:41,934 [pool-2220-thread-1] INFO  server.RaftServerConfigKeys (ConfUtils.java:logGet(44)) - raft.server.retrycache.expirytime = 600000ms (custom)
2020-04-21 09:12:41,935 [pool-2220-thread-1] INFO  metrics.RatisMetrics (RatisMetrics.java:lambda$create$0(39)) - Creating Metrics Registry : ratis.leader_election.fa96e0fd-0e63-45f8-9f60-728944ddfde8@group-FF24E5F46BAE
2020-04-21 09:12:41,937 [pool-2220-thread-1] INFO  metrics.RatisMetrics (RatisMetrics.java:lambda$create$0(39)) - Creating Metrics Registry : ratis.server.fa96e0fd-0e63-45f8-9f60-728944ddfde8@group-FF24E5F46BAE
2020-04-21 09:12:41,938 [pool-2220-thread-1] INFO  impl.RaftServerImpl (RaftServerImpl.java:start(183)) - fa96e0fd-0e63-45f8-9f60-728944ddfde8@group-FF24E5F46BAE: start as a follower, conf=-1: [fa96e0fd-0e63-45f8-9f60-728944ddfde8:172.17.0.2:36531], old=null
2020-04-21 09:12:41,938 [pool-2220-thread-1] INFO  impl.RaftServerImpl (RaftServerImpl.java:setRole(172)) - fa96e0fd-0e63-45f8-9f60-728944ddfde8@group-FF24E5F46BAE: changes role from      null to FOLLOWER at term 0 for startAsFollower
2020-04-21 09:12:41,938 [pool-2220-thread-1] INFO  impl.RoleInfo (RoleInfo.java:updateAndGet(143)) - fa96e0fd-0e63-45f8-9f60-728944ddfde8: start FollowerState
2020-04-21 09:12:41,938 [pool-2220-thread-1] INFO  util.JmxRegister (JmxRegister.java:tryRegister(44)) - Successfully registered JMX Bean with object name Ratis:service=RaftServer,group=group-FF24E5F46BAE,id=fa96e0fd-0e63-45f8-9f60-728944ddfde8
2020-04-21 09:12:41,938 [pool-2220-thread-1] INFO  metrics.RatisMetrics (RatisMetrics.java:lambda$create$0(39)) - Creating Metrics Registry : ratis.state_machine.fa96e0fd-0e63-45f8-9f60-728944ddfde8@group-FF24E5F46BAE
2020-04-21 09:12:41,941 [Command processor thread] INFO  commandhandler.CreatePipelineCommandHandler (CreatePipelineCommandHandler.java:handle(109)) - Created Pipeline RATIS ONE #id: "27f7470d-cae7-44a0-9b76-ff24e5f46bae"
.
2020-04-21 09:12:42,931 [Thread-8729] INFO  ozone.MiniOzoneClusterImpl (MiniOzoneClusterImpl.java:lambda$waitForClusterToBeReady$0(177)) - Nodes are ready. Got 3 of 3 DN Heartbeats.
2020-04-21 09:12:42,931 [Thread-8729] INFO  ozone.MiniOzoneClusterImpl (MiniOzoneClusterImpl.java:lambda$waitForClusterToBeReady$0(180)) - Waiting for cluster to exit safe mode
2020-04-21 09:12:43,931 [Thread-8729] INFO  ozone.MiniOzoneClusterImpl (MiniOzoneClusterImpl.java:lambda$waitForClusterToBeReady$0(177)) - Nodes are ready. Got 3 of 3 DN Heartbeats.
2020-04-21 09:12:43,932 [Thread-8729] INFO  ozone.MiniOzoneClusterImpl (MiniOzoneClusterImpl.java:lambda$waitForClusterToBeReady$0(180)) - Waiting for cluster to exit safe mode
2020-04-21 09:12:44,932 [Thread-8729] INFO  ozone.MiniOzoneClusterImpl (MiniOzoneClusterImpl.java:lambda$waitForClusterToBeReady$0(177)) - Nodes are ready. Got 3 of 3 DN Heartbeats.
2020-04-21 09:12:44,932 [Thread-8729] INFO  ozone.MiniOzoneClusterImpl (MiniOzoneClusterImpl.java:lambda$waitForClusterToBeReady$0(180)) - Waiting for cluster to exit safe mode
2020-04-21 09:12:45,932 [Thread-8729] INFO  ozone.MiniOzoneClusterImpl (MiniOzoneClusterImpl.java:lambda$waitForClusterToBeReady$0(177)) - Nodes are ready. Got 3 of 3 DN Heartbeats.
2020-04-21 09:12:45,932 [Thread-8729] INFO  ozone.MiniOzoneClusterImpl (MiniOzoneClusterImpl.java:lambda$waitForClusterToBeReady$0(180)) - Waiting for cluster to exit safe mode
2020-04-21 09:12:46,924 [Thread-9038] INFO  impl.FollowerState (FollowerState.java:run(108)) - 57c8879f-adf8-40be-8e35-9a461113d37d@group-50691DE86BAC-FollowerState: change to CANDIDATE, lastRpcTime:5101ms, electionTimeout:5101ms
2020-04-21 09:12:46,926 [Thread-9038] INFO  impl.RoleInfo (RoleInfo.java:shutdownFollowerState(121)) - 57c8879f-adf8-40be-8e35-9a461113d37d: shutdown FollowerState
2020-04-21 09:12:46,926 [Thread-9038] INFO  impl.RaftServerImpl (RaftServerImpl.java:setRole(172)) - 57c8879f-adf8-40be-8e35-9a461113d37d@group-50691DE86BAC: changes role from  FOLLOWER to CANDIDATE at term 0 for changeToCandidate
2020-04-21 09:12:46,926 [Thread-9038] INFO  impl.RoleInfo (RoleInfo.java:updateAndGet(143)) - 57c8879f-adf8-40be-8e35-9a461113d37d: start LeaderElection
2020-04-21 09:12:46,933 [Thread-8729] INFO  ozone.MiniOzoneClusterImpl (MiniOzoneClusterImpl.java:lambda$waitForClusterToBeReady$0(177)) - Nodes are ready. Got 3 of 3 DN Heartbeats.
2020-04-21 09:12:46,934 [Thread-8729] INFO  ozone.MiniOzoneClusterImpl (MiniOzoneClusterImpl.java:lambda$waitForClusterToBeReady$0(180)) - Waiting for cluster to exit safe mode
2020-04-21 09:12:46,936 [57c8879f-adf8-40be-8e35-9a461113d37d@group-50691DE86BAC-LeaderElection128] INFO  impl.LeaderElection (LeaderElection.java:askForVotes(206)) - 57c8879f-adf8-40be-8e35-9a461113d37d@group-50691DE86BAC-LeaderElection128: begin an election at term 1 for -1: [57c8879f-adf8-40be-8e35-9a461113d37d:172.17.0.2:43537, 67785732-1656-4414-866c-fcf56345fe62:172.17.0.2:40917, fa96e0fd-0e63-45f8-9f60-728944ddfde8:172.17.0.2:36531], old=null
2020-04-21 09:12:46,943 [grpc-default-executor-6] INFO  impl.RaftServerImpl (RaftServerImpl.java:setRole(172)) - 67785732-1656-4414-866c-fcf56345fe62@group-50691DE86BAC: changes role from  FOLLOWER to FOLLOWER at term 1 for recognizeCandidate:57c8879f-adf8-40be-8e35-9a461113d37d
2020-04-21 09:12:46,943 [grpc-default-executor-6] INFO  impl.RoleInfo (RoleInfo.java:shutdownFollowerState(121)) - 67785732-1656-4414-866c-fcf56345fe62: shutdown FollowerState
2020-04-21 09:12:46,943 [grpc-default-executor-6] INFO  impl.RoleInfo (RoleInfo.java:updateAndGet(143)) - 67785732-1656-4414-866c-fcf56345fe62: start FollowerState
2020-04-21 09:12:46,943 [Thread-9044] INFO  impl.FollowerState (FollowerState.java:run(117)) - 67785732-1656-4414-866c-fcf56345fe62@group-50691DE86BAC-FollowerState was interrupted: java.lang.InterruptedException: sleep interrupted
2020-04-21 09:12:46,950 [57c8879f-adf8-40be-8e35-9a461113d37d@group-50691DE86BAC-LeaderElection128] INFO  impl.LeaderElection (LeaderElection.java:logAndReturn(61)) - 57c8879f-adf8-40be-8e35-9a461113d37d@group-50691DE86BAC-LeaderElection128: Election PASSED; received 1 response(s) [57c8879f-adf8-40be-8e35-9a461113d37d<-67785732-1656-4414-866c-fcf56345fe62#0:OK-t1] and 0 exception(s); 57c8879f-adf8-40be-8e35-9a461113d37d@group-50691DE86BAC:t1, leader=null, voted=57c8879f-adf8-40be-8e35-9a461113d37d, raftlog=57c8879f-adf8-40be-8e35-9a461113d37d@group-50691DE86BAC-SegmentedRaftLog:OPENED:c-1,f-1,i0, conf=-1: [57c8879f-adf8-40be-8e35-9a461113d37d:172.17.0.2:43537, 67785732-1656-4414-866c-fcf56345fe62:172.17.0.2:40917, fa96e0fd-0e63-45f8-9f60-728944ddfde8:172.17.0.2:36531], old=null
2020-04-21 09:12:46,950 [57c8879f-adf8-40be-8e35-9a461113d37d@group-50691DE86BAC-LeaderElection128] INFO  impl.RoleInfo (RoleInfo.java:shutdownLeaderElection(134)) - 57c8879f-adf8-40be-8e35-9a461113d37d: shutdown LeaderElection
2020-04-21 09:12:46,950 [57c8879f-adf8-40be-8e35-9a461113d37d@group-50691DE86BAC-LeaderElection128] INFO  impl.RaftServerImpl (RaftServerImpl.java:setRole(172)) - 57c8879f-adf8-40be-8e35-9a461113d37d@group-50691DE86BAC: changes role from CANDIDATE to LEADER at term 1 for changeToLeader
2020-04-21 09:12:46,950 [57c8879f-adf8-40be-8e35-9a461113d37d@group-50691DE86BAC-LeaderElection128] INFO  ratis.XceiverServerRatis (XceiverServerRatis.java:handleLeaderChangedNotification(747)) - Leader change notification received for group: group-50691DE86BAC with new leaderId: 57c8879f-adf8-40be-8e35-9a461113d37d
2020-04-21 09:12:46,950 [57c8879f-adf8-40be-8e35-9a461113d37d@group-50691DE86BAC-LeaderElection128] INFO  impl.RaftServerImpl (ServerState.java:setLeader(255)) - 57c8879f-adf8-40be-8e35-9a461113d37d@group-50691DE86BAC: change Leader from null to 57c8879f-adf8-40be-8e35-9a461113d37d at term 1 for becomeLeader, leader elected after 5133ms
2020-04-21 09:12:46,950 [57c8879f-adf8-40be-8e35-9a461113d37d@group-50691DE86BAC-LeaderElection128] INFO  server.RaftServerConfigKeys (ConfUtils.java:logGet(44)) - raft.server.staging.catchup.gap = 1000 (default)
2020-04-21 09:12:46,950 [57c8879f-adf8-40be-8e35-9a461113d37d@group-50691DE86BAC-LeaderElection128] INFO  server.RaftServerConfigKeys (ConfUtils.java:logGet(44)) - raft.server.rpc.sleep.time = 25ms (default)
2020-04-21 09:12:46,950 [57c8879f-adf8-40be-8e35-9a461113d37d@group-50691DE86BAC-LeaderElection128] INFO  metrics.RatisMetrics (RatisMetrics.java:lambda$create$0(39)) - Creating Metrics Registry : ratis.log_appender.57c8879f-adf8-40be-8e35-9a461113d37d@group-50691DE86BAC
2020-04-21 09:12:46,951 [EventQueue-PipelineReportForPipelineReportHandler] INFO  pipeline.PipelineStateManager (PipelineStateManager.java:openPipeline(131)) - Pipeline Pipeline[ Id: 41333e89-ea25-4238-b70b-50691de86bac, Nodes: fa96e0fd-0e63-45f8-9f60-728944ddfde8{ip: 172.17.0.2, host: f71c9419dfe5, networkLocation: /default-rack, certSerialId: null}57c8879f-adf8-40be-8e35-9a461113d37d{ip: 172.17.0.2, host: f71c9419dfe5, networkLocation: /default-rack, certSerialId: null}67785732-1656-4414-866c-fcf56345fe62{ip: 172.17.0.2, host: f71c9419dfe5, networkLocation: /default-rack, certSerialId: null}, Type:RATIS, Factor:THREE, State:ALLOCATED, leaderId:57c8879f-adf8-40be-8e35-9a461113d37d, CreationTimestamp2020-04-21T09:12:38.928Z] moved to OPEN state
2020-04-21 09:12:46,951 [57c8879f-adf8-40be-8e35-9a461113d37d@group-50691DE86BAC-LeaderElection128] INFO  server.RaftServerConfigKeys (ConfUtils.java:logGet(44)) - raft.server.write.element-limit = 1024 (custom)
2020-04-21 09:12:46,952 [57c8879f-adf8-40be-8e35-9a461113d37d@group-50691DE86BAC-LeaderElection128] INFO  server.RaftServerConfigKeys (ConfUtils.java:logGet(44)) - raft.server.write.byte-limit = 1073741824 (custom)
2020-04-21 09:12:46,953 [EventQueue-OpenPipelineForHealthyPipelineSafeModeRule] INFO  safemode.SCMSafeModeManager (HealthyPipelineSafeModeRule.java:process(132)) - SCM in safe mode. Healthy pipelines reported count is 1, required healthy pipeline reported count is 1
2020-04-21 09:12:46,953 [EventQueue-OpenPipelineForOneReplicaPipelineSafeModeRule] INFO  safemode.SCMSafeModeManager (SCMSafeModeManager.java:validateSafeModeExitRules(183)) - AtleastOneDatanodeReportedRule rule is successfully validated
2020-04-21 09:12:46,954 [EventQueue-OpenPipelineForHealthyPipelineSafeModeRule] INFO  safemode.SCMSafeModeManager (SCMSafeModeManager.java:validateSafeModeExitRules(183)) - HealthyPipelineSafeModeRule rule is successfully validated
2020-04-21 09:12:46,954 [EventQueue-OpenPipelineForHealthyPipelineSafeModeRule] INFO  safemode.SCMSafeModeManager (SCMSafeModeManager.java:validateSafeModeExitRules(197)) - ScmSafeModeManager, all rules are successfully validated
2020-04-21 09:12:46,955 [EventQueue-OpenPipelineForHealthyPipelineSafeModeRule] INFO  safemode.SCMSafeModeManager (SCMSafeModeManager.java:exitSafeMode(226)) - SCM exiting safe mode.
2020-04-21 09:12:46,955 [57c8879f-adf8-40be-8e35-9a461113d37d@group-50691DE86BAC-LeaderElection128] INFO  server.RaftServerConfigKeys (ConfUtils.java:logGet(44)) - raft.server.watch.timeout = 180s (custom)
2020-04-21 09:12:46,955 [57c8879f-adf8-40be-8e35-9a461113d37d@group-50691DE86BAC-LeaderElection128] INFO  server.RaftServerConfigKeys (ConfUtils.java:logGet(44)) - raft.server.watch.timeout.denomination = 1s (default)
2020-04-21 09:12:46,955 [57c8879f-adf8-40be-8e35-9a461113d37d@group-50691DE86BAC-LeaderElection128] INFO  server.RaftServerConfigKeys (ConfUtils.java:logGet(44)) - raft.server.watch.element-limit = 65536 (default)
2020-04-21 09:12:46,955 [57c8879f-adf8-40be-8e35-9a461113d37d@group-50691DE86BAC-LeaderElection128] INFO  server.RaftServerConfigKeys (ConfUtils.java:logGet(44)) - raft.server.log.appender.snapshot.chunk.size.max = 16MB (=16777216) (default)
2020-04-21 09:12:46,955 [57c8879f-adf8-40be-8e35-9a461113d37d@group-50691DE86BAC-LeaderElection128] INFO  server.RaftServerConfigKeys (ConfUtils.java:logGet(44)) - raft.server.log.appender.buffer.byte-limit = 33554432 (custom)
2020-04-21 09:12:46,955 [57c8879f-adf8-40be-8e35-9a461113d37d@group-50691DE86BAC-LeaderElection128] INFO  server.RaftServerConfigKeys (ConfUtils.java:logGet(44)) - raft.server.log.appender.buffer.element-limit = 1 (custom)
2020-04-21 09:12:46,956 [57c8879f-adf8-40be-8e35-9a461113d37d@group-50691DE86BAC-LeaderElection128] INFO  grpc.GrpcConfigKeys (ConfUtils.java:logGet(44)) - raft.grpc.server.leader.outstanding.appends.max = 128 (default)
2020-04-21 09:12:46,956 [57c8879f-adf8-40be-8e35-9a461113d37d@group-50691DE86BAC-LeaderElection128] INFO  server.RaftServerConfigKeys (ConfUtils.java:logGet(44)) - raft.server.rpc.request.timeout = 60s (custom)
2020-04-21 09:12:46,956 [57c8879f-adf8-40be-8e35-9a461113d37d@group-50691DE86BAC-LeaderElection128] INFO  server.RaftServerConfigKeys (ConfUtils.java:logGet(44)) - raft.server.log.appender.install.snapshot.enabled = false (custom)
2020-04-21 09:12:46,961 [57c8879f-adf8-40be-8e35-9a461113d37d@group-50691DE86BAC-LeaderElection128] INFO  server.RaftServerConfigKeys (ConfUtils.java:logGet(44)) - raft.server.log.appender.snapshot.chunk.size.max = 16MB (=16777216) (default)
2020-04-21 09:12:46,962 [57c8879f-adf8-40be-8e35-9a461113d37d@group-50691DE86BAC-LeaderElection128] INFO  server.RaftServerConfigKeys (ConfUtils.java:logGet(44)) - raft.server.log.appender.buffer.byte-limit = 33554432 (custom)
2020-04-21 09:12:46,962 [57c8879f-adf8-40be-8e35-9a461113d37d@group-50691DE86BAC-LeaderElection128] INFO  server.RaftServerConfigKeys (ConfUtils.java:logGet(44)) - raft.server.log.appender.buffer.element-limit = 1 (custom)
2020-04-21 09:12:46,965 [57c8879f-adf8-40be-8e35-9a461113d37d@group-50691DE86BAC-LeaderElection128] INFO  grpc.GrpcConfigKeys (ConfUtils.java:logGet(44)) - raft.grpc.server.leader.outstanding.appends.max = 128 (default)
2020-04-21 09:12:46,967 [grpc-default-executor-6] INFO  impl.RaftServerImpl (RaftServerImpl.java:setRole(172)) - fa96e0fd-0e63-45f8-9f60-728944ddfde8@group-50691DE86BAC: changes role from  FOLLOWER to FOLLOWER at term 1 for recognizeCandidate:57c8879f-adf8-40be-8e35-9a461113d37d
2020-04-21 09:12:46,967 [grpc-default-executor-6] INFO  impl.RoleInfo (RoleInfo.java:shutdownFollowerState(121)) - fa96e0fd-0e63-45f8-9f60-728944ddfde8: shutdown FollowerState
2020-04-21 09:12:46,967 [grpc-default-executor-6] INFO  impl.RoleInfo (RoleInfo.java:updateAndGet(143)) - fa96e0fd-0e63-45f8-9f60-728944ddfde8: start FollowerState
2020-04-21 09:12:46,967 [Thread-9040] INFO  impl.FollowerState (FollowerState.java:run(117)) - fa96e0fd-0e63-45f8-9f60-728944ddfde8@group-50691DE86BAC-FollowerState was interrupted: java.lang.InterruptedException: sleep interrupted
2020-04-21 09:12:46,967 [57c8879f-adf8-40be-8e35-9a461113d37d@group-50691DE86BAC-LeaderElection128] INFO  server.RaftServerConfigKeys (ConfUtils.java:logGet(44)) - raft.server.rpc.request.timeout = 60s (custom)
2020-04-21 09:12:46,967 [57c8879f-adf8-40be-8e35-9a461113d37d@group-50691DE86BAC-LeaderElection128] INFO  server.RaftServerConfigKeys (ConfUtils.java:logGet(44)) - raft.server.log.appender.install.snapshot.enabled = false (custom)
2020-04-21 09:12:46,977 [57c8879f-adf8-40be-8e35-9a461113d37d@group-50691DE86BAC-LeaderElection128] INFO  impl.RoleInfo (RoleInfo.java:updateAndGet(143)) - 57c8879f-adf8-40be-8e35-9a461113d37d: start LeaderState
2020-04-21 09:12:46,978 [57c8879f-adf8-40be-8e35-9a461113d37d@group-50691DE86BAC-LeaderElection128] INFO  segmented.SegmentedRaftLogWorker (SegmentedRaftLogWorker.java:startLogSegment(391)) - 57c8879f-adf8-40be-8e35-9a461113d37d@group-50691DE86BAC-SegmentedRaftLogWorker: Starting segment from index:0
2020-04-21 09:12:46,980 [57c8879f-adf8-40be-8e35-9a461113d37d@group-50691DE86BAC-LeaderElection128] INFO  impl.RaftServerImpl (ServerState.java:setRaftConf(356)) - 57c8879f-adf8-40be-8e35-9a461113d37d@group-50691DE86BAC: set configuration 0: [57c8879f-adf8-40be-8e35-9a461113d37d:172.17.0.2:43537, 67785732-1656-4414-866c-fcf56345fe62:172.17.0.2:40917, fa96e0fd-0e63-45f8-9f60-728944ddfde8:172.17.0.2:36531], old=null at 0
2020-04-21 09:12:46,980 [57c8879f-adf8-40be-8e35-9a461113d37d@group-50691DE86BAC-SegmentedRaftLogWorker] INFO  segmented.SegmentedRaftLogWorker (SegmentedRaftLogWorker.java:execute(583)) - 57c8879f-adf8-40be-8e35-9a461113d37d@group-50691DE86BAC-SegmentedRaftLogWorker: created new log segment /github/workspace/hadoop-ozone/integration-test/target/test-dir/MiniOzoneClusterImpl-f1d3d067-0a31-4f49-b0f8-2dad55a0aeb8/datanode-0/data/ratis/41333e89-ea25-4238-b70b-50691de86bac/current/log_inprogress_0
2020-04-21 09:12:46,983 [Thread-9046] INFO  impl.FollowerState (FollowerState.java:run(108)) - 67785732-1656-4414-866c-fcf56345fe62@group-B43EF74CB8FF-FollowerState: change to CANDIDATE, lastRpcTime:5087ms, electionTimeout:5080ms
2020-04-21 09:12:46,984 [Thread-9036] INFO  impl.FollowerState (FollowerState.java:run(108)) - 57c8879f-adf8-40be-8e35-9a461113d37d@group-0663D1EE45F4-FollowerState: change to CANDIDATE, lastRpcTime:5173ms, electionTimeout:5173ms
2020-04-21 09:12:47,008 [Thread-9046] INFO  impl.RoleInfo (RoleInfo.java:shutdownFollowerState(121)) - 67785732-1656-4414-866c-fcf56345fe62: shutdown FollowerState
2020-04-21 09:12:47,008 [Thread-9046] INFO  impl.RaftServerImpl (RaftServerImpl.java:setRole(172)) - 67785732-1656-4414-866c-fcf56345fe62@group-B43EF74CB8FF: changes role from  FOLLOWER to CANDIDATE at term 0 for changeToCandidate
2020-04-21 09:12:47,008 [Thread-9046] INFO  impl.RoleInfo (RoleInfo.java:updateAndGet(143)) - 67785732-1656-4414-866c-fcf56345fe62: start LeaderElection
2020-04-21 09:12:47,012 [Thread-9036] INFO  impl.RoleInfo (RoleInfo.java:shutdownFollowerState(121)) - 57c8879f-adf8-40be-8e35-9a461113d37d: shutdown FollowerState
2020-04-21 09:12:47,012 [Thread-9036] INFO  impl.RaftServerImpl (RaftServerImpl.java:setRole(172)) - 57c8879f-adf8-40be-8e35-9a461113d37d@group-0663D1EE45F4: changes role from  FOLLOWER to CANDIDATE at term 0 for changeToCandidate
2020-04-21 09:12:47,012 [Thread-9036] INFO  impl.RoleInfo (RoleInfo.java:updateAndGet(143)) - 57c8879f-adf8-40be-8e35-9a461113d37d: start LeaderElection
2020-04-21 09:12:47,027 [grpc-default-executor-6] INFO  ratis.XceiverServerRatis (XceiverServerRatis.java:handleLeaderChangedNotification(747)) - Leader change notification received for group: group-50691DE86BAC with new leaderId: 57c8879f-adf8-40be-8e35-9a461113d37d
2020-04-21 09:12:47,027 [grpc-default-executor-6] INFO  impl.RaftServerImpl (ServerState.java:setLeader(255)) - fa96e0fd-0e63-45f8-9f60-728944ddfde8@group-50691DE86BAC: change Leader from null to 57c8879f-adf8-40be-8e35-9a461113d37d at term 1 for appendEntries, leader elected after 5188ms
2020-04-21 09:12:47,038 [67785732-1656-4414-866c-fcf56345fe62@group-B43EF74CB8FF-LeaderElection129] INFO  impl.LeaderElection (LeaderElection.java:askForVotes(206)) - 67785732-1656-4414-866c-fcf56345fe62@group-B43EF74CB8FF-LeaderElection129: begin an election at term 1 for -1: [67785732-1656-4414-866c-fcf56345fe62:172.17.0.2:40917], old=null
2020-04-21 09:12:47,038 [67785732-1656-4414-866c-fcf56345fe62@group-B43EF74CB8FF-LeaderElection129] INFO  impl.RoleInfo (RoleInfo.java:shutdownLeaderElection(134)) - 67785732-1656-4414-866c-fcf56345fe62: shutdown LeaderElection
2020-04-21 09:12:47,038 [67785732-1656-4414-866c-fcf56345fe62@group-B43EF74CB8FF-LeaderElection129] INFO  impl.RaftServerImpl (RaftServerImpl.java:setRole(172)) - 67785732-1656-4414-866c-fcf56345fe62@group-B43EF74CB8FF: changes role from CANDIDATE to LEADER at term 1 for changeToLeader
2020-04-21 09:12:47,038 [67785732-1656-4414-866c-fcf56345fe62@group-B43EF74CB8FF-LeaderElection129] INFO  ratis.XceiverServerRatis (XceiverServerRatis.java:handleLeaderChangedNotification(747)) - Leader change notification received for group: group-B43EF74CB8FF with new leaderId: 67785732-1656-4414-866c-fcf56345fe62
2020-04-21 09:12:47,038 [67785732-1656-4414-866c-fcf56345fe62@group-B43EF74CB8FF-LeaderElection129] INFO  impl.RaftServerImpl (ServerState.java:setLeader(255)) - 67785732-1656-4414-866c-fcf56345fe62@group-B43EF74CB8FF: change Leader from null to 67785732-1656-4414-866c-fcf56345fe62 at term 1 for becomeLeader, leader elected after 5151ms
2020-04-21 09:12:47,038 [67785732-1656-4414-866c-fcf56345fe62@group-B43EF74CB8FF-LeaderElection129] INFO  server.RaftServerConfigKeys (ConfUtils.java:logGet(44)) - raft.server.staging.catchup.gap = 1000 (default)
2020-04-21 09:12:47,038 [67785732-1656-4414-866c-fcf56345fe62@group-B43EF74CB8FF-LeaderElection129] INFO  server.RaftServerConfigKeys (ConfUtils.java:logGet(44)) - raft.server.rpc.sleep.time = 25ms (default)
2020-04-21 09:12:47,038 [67785732-1656-4414-866c-fcf56345fe62@group-B43EF74CB8FF-LeaderElection129] INFO  metrics.RatisMetrics (RatisMetrics.java:lambda$create$0(39)) - Creating Metrics Registry : ratis.log_appender.67785732-1656-4414-866c-fcf56345fe62@group-B43EF74CB8FF
2020-04-21 09:12:47,039 [67785732-1656-4414-866c-fcf56345fe62@group-B43EF74CB8FF-LeaderElection129] INFO  server.RaftServerConfigKeys (ConfUtils.java:logGet(44)) - raft.server.write.element-limit = 1024 (custom)
2020-04-21 09:12:47,039 [67785732-1656-4414-866c-fcf56345fe62@group-B43EF74CB8FF-LeaderElection129] INFO  server.RaftServerConfigKeys (ConfUtils.java:logGet(44)) - raft.server.write.byte-limit = 1073741824 (custom)
2020-04-21 09:12:47,043 [57c8879f-adf8-40be-8e35-9a461113d37d@group-0663D1EE45F4-LeaderElection130] INFO  impl.LeaderElection (LeaderElection.java:askForVotes(206)) - 57c8879f-adf8-40be-8e35-9a461113d37d@group-0663D1EE45F4-LeaderElection130: begin an election at term 1 for -1: [57c8879f-adf8-40be-8e35-9a461113d37d:172.17.0.2:43537], old=null
2020-04-21 09:12:47,043 [57c8879f-adf8-40be-8e35-9a461113d37d@group-0663D1EE45F4-LeaderElection130] INFO  impl.RoleInfo (RoleInfo.java:shutdownLeaderElection(134)) - 57c8879f-adf8-40be-8e35-9a461113d37d: shutdown LeaderElection
2020-04-21 09:12:47,043 [57c8879f-adf8-40be-8e35-9a461113d37d@group-0663D1EE45F4-LeaderElection130] INFO  impl.RaftServerImpl (RaftServerImpl.java:setRole(172)) - 57c8879f-adf8-40be-8e35-9a461113d37d@group-0663D1EE45F4: changes role from CANDIDATE to LEADER at term 1 for changeToLeader
2020-04-21 09:12:47,043 [57c8879f-adf8-40be-8e35-9a461113d37d@group-0663D1EE45F4-LeaderElection130] INFO  ratis.XceiverServerRatis (XceiverServerRatis.java:handleLeaderChangedNotification(747)) - Leader change notification received for group: group-0663D1EE45F4 with new leaderId: 57c8879f-adf8-40be-8e35-9a461113d37d
2020-04-21 09:12:47,043 [57c8879f-adf8-40be-8e35-9a461113d37d@group-0663D1EE45F4-LeaderElection130] INFO  impl.RaftServerImpl (ServerState.java:setLeader(255)) - 57c8879f-adf8-40be-8e35-9a461113d37d@group-0663D1EE45F4: change Leader from null to 57c8879f-adf8-40be-8e35-9a461113d37d at term 1 for becomeLeader, leader elected after 5247ms
2020-04-21 09:12:47,044 [57c8879f-adf8-40be-8e35-9a461113d37d@group-0663D1EE45F4-LeaderElection130] INFO  server.RaftServerConfigKeys (ConfUtils.java:logGet(44)) - raft.server.staging.catchup.gap = 1000 (default)
2020-04-21 09:12:47,044 [57c8879f-adf8-40be-8e35-9a461113d37d@group-0663D1EE45F4-LeaderElection130] INFO  server.RaftServerConfigKeys (ConfUtils.java:logGet(44)) - raft.server.rpc.sleep.time = 25ms (default)
2020-04-21 09:12:47,044 [57c8879f-adf8-40be-8e35-9a461113d37d@group-0663D1EE45F4-LeaderElection130] INFO  metrics.RatisMetrics (RatisMetrics.java:lambda$create$0(39)) - Creating Metrics Registry : ratis.log_appender.57c8879f-adf8-40be-8e35-9a461113d37d@group-0663D1EE45F4
2020-04-21 09:12:47,045 [57c8879f-adf8-40be-8e35-9a461113d37d@group-0663D1EE45F4-LeaderElection130] INFO  server.RaftServerConfigKeys (ConfUtils.java:logGet(44)) - raft.server.write.element-limit = 1024 (custom)
2020-04-21 09:12:47,045 [57c8879f-adf8-40be-8e35-9a461113d37d@group-0663D1EE45F4-LeaderElection130] INFO  server.RaftServerConfigKeys (ConfUtils.java:logGet(44)) - raft.server.write.byte-limit = 1073741824 (custom)
2020-04-21 09:12:47,059 [grpc-default-executor-11] INFO  ratis.XceiverServerRatis (XceiverServerRatis.java:handleLeaderChangedNotification(747)) - Leader change notification received for group: group-50691DE86BAC with new leaderId: 57c8879f-adf8-40be-8e35-9a461113d37d
2020-04-21 09:12:47,059 [grpc-default-executor-11] INFO  impl.RaftServerImpl (ServerState.java:setLeader(255)) - 67785732-1656-4414-866c-fcf56345fe62@group-50691DE86BAC: change Leader from null to 57c8879f-adf8-40be-8e35-9a461113d37d at term 1 for appendEntries, leader elected after 5188ms
2020-04-21 09:12:47,080 [grpc-default-executor-8] INFO  impl.RaftServerImpl (ServerState.java:setRaftConf(356)) - fa96e0fd-0e63-45f8-9f60-728944ddfde8@group-50691DE86BAC: set configuration 0: [57c8879f-adf8-40be-8e35-9a461113d37d:172.17.0.2:43537, 67785732-1656-4414-866c-fcf56345fe62:172.17.0.2:40917, fa96e0fd-0e63-45f8-9f60-728944ddfde8:172.17.0.2:36531], old=null at 0
2020-04-21 09:12:47,084 [67785732-1656-4414-866c-fcf56345fe62@group-B43EF74CB8FF-LeaderElection129] INFO  server.RaftServerConfigKeys (ConfUtils.java:logGet(44)) - raft.server.watch.timeout = 180s (custom)
2020-04-21 09:12:47,084 [67785732-1656-4414-866c-fcf56345fe62@group-B43EF74CB8FF-LeaderElection129] INFO  server.RaftServerConfigKeys (ConfUtils.java:logGet(44)) - raft.server.watch.timeout.denomination = 1s (default)
2020-04-21 09:12:47,084 [67785732-1656-4414-866c-fcf56345fe62@group-B43EF74CB8FF-LeaderElection129] INFO  server.RaftServerConfigKeys (ConfUtils.java:logGet(44)) - raft.server.watch.element-limit = 65536 (default)
2020-04-21 09:12:47,084 [67785732-1656-4414-866c-fcf56345fe62@group-B43EF74CB8FF-LeaderElection129] INFO  impl.RoleInfo (RoleInfo.java:updateAndGet(143)) - 67785732-1656-4414-866c-fcf56345fe62: start LeaderState
2020-04-21 09:12:47,086 [57c8879f-adf8-40be-8e35-9a461113d37d@group-0663D1EE45F4-LeaderElection130] INFO  server.RaftServerConfigKeys (ConfUtils.java:logGet(44)) - raft.server.watch.timeout = 180s (custom)
2020-04-21 09:12:47,086 [57c8879f-adf8-40be-8e35-9a461113d37d@group-0663D1EE45F4-LeaderElection130] INFO  server.RaftServerConfigKeys (ConfUtils.java:logGet(44)) - raft.server.watch.timeout.denomination = 1s (default)
2020-04-21 09:12:47,086 [57c8879f-adf8-40be-8e35-9a461113d37d@group-0663D1EE45F4-LeaderElection130] INFO  server.RaftServerConfigKeys (ConfUtils.java:logGet(44)) - raft.server.watch.element-limit = 65536 (default)
2020-04-21 09:12:47,086 [57c8879f-adf8-40be-8e35-9a461113d37d@group-0663D1EE45F4-LeaderElection130] INFO  impl.RoleInfo (RoleInfo.java:updateAndGet(143)) - 57c8879f-adf8-40be-8e35-9a461113d37d: start LeaderState
2020-04-21 09:12:47,086 [57c8879f-adf8-40be-8e35-9a461113d37d@group-0663D1EE45F4-LeaderElection130] INFO  segmented.SegmentedRaftLogWorker (SegmentedRaftLogWorker.java:startLogSegment(391)) - 57c8879f-adf8-40be-8e35-9a461113d37d@group-0663D1EE45F4-SegmentedRaftLogWorker: Starting segment from index:0
2020-04-21 09:12:47,087 [57c8879f-adf8-40be-8e35-9a461113d37d@group-0663D1EE45F4-LeaderElection130] INFO  impl.RaftServerImpl (ServerState.java:setRaftConf(356)) - 57c8879f-adf8-40be-8e35-9a461113d37d@group-0663D1EE45F4: set configuration 0: [57c8879f-adf8-40be-8e35-9a461113d37d:172.17.0.2:43537], old=null at 0
2020-04-21 09:12:47,087 [57c8879f-adf8-40be-8e35-9a461113d37d@group-0663D1EE45F4-SegmentedRaftLogWorker] INFO  segmented.SegmentedRaftLogWorker (SegmentedRaftLogWorker.java:execute(583)) - 57c8879f-adf8-40be-8e35-9a461113d37d@group-0663D1EE45F4-SegmentedRaftLogWorker: created new log segment /github/workspace/hadoop-ozone/integration-test/target/test-dir/MiniOzoneClusterImpl-f1d3d067-0a31-4f49-b0f8-2dad55a0aeb8/datanode-0/data/ratis/585546ed-bfdf-454b-bdea-0663d1ee45f4/current/log_inprogress_0
2020-04-21 09:12:47,093 [grpc-default-executor-6] INFO  impl.RaftServerImpl (ServerState.java:setRaftConf(356)) - 67785732-1656-4414-866c-fcf56345fe62@group-50691DE86BAC: set configuration 0: [57c8879f-adf8-40be-8e35-9a461113d37d:172.17.0.2:43537, 67785732-1656-4414-866c-fcf56345fe62:172.17.0.2:40917, fa96e0fd-0e63-45f8-9f60-728944ddfde8:172.17.0.2:36531], old=null at 0
2020-04-21 09:12:47,093 [grpc-default-executor-6] INFO  segmented.SegmentedRaftLogWorker (SegmentedRaftLogWorker.java:startLogSegment(391)) - 67785732-1656-4414-866c-fcf56345fe62@group-50691DE86BAC-SegmentedRaftLogWorker: Starting segment from index:0
2020-04-21 09:12:47,093 [grpc-default-executor-8] INFO  segmented.SegmentedRaftLogWorker (SegmentedRaftLogWorker.java:startLogSegment(391)) - fa96e0fd-0e63-45f8-9f60-728944ddfde8@group-50691DE86BAC-SegmentedRaftLogWorker: Starting segment from index:0
2020-04-21 09:12:47,095 [67785732-1656-4414-866c-fcf56345fe62@group-B43EF74CB8FF-LeaderElection129] INFO  segmented.SegmentedRaftLogWorker (SegmentedRaftLogWorker.java:startLogSegment(391)) - 67785732-1656-4414-866c-fcf56345fe62@group-B43EF74CB8FF-SegmentedRaftLogWorker: Starting segment from index:0
2020-04-21 09:12:47,096 [67785732-1656-4414-866c-fcf56345fe62@group-B43EF74CB8FF-SegmentedRaftLogWorker] INFO  segmented.SegmentedRaftLogWorker (SegmentedRaftLogWorker.java:execute(583)) - 67785732-1656-4414-866c-fcf56345fe62@group-B43EF74CB8FF-SegmentedRaftLogWorker: created new log segment /github/workspace/hadoop-ozone/integration-test/target/test-dir/MiniOzoneClusterImpl-f1d3d067-0a31-4f49-b0f8-2dad55a0aeb8/datanode-1/data/ratis/fcb9b4cd-c3fc-4f1f-96cd-b43ef74cb8ff/current/log_inprogress_0
2020-04-21 09:12:47,097 [67785732-1656-4414-866c-fcf56345fe62@group-B43EF74CB8FF-LeaderElection129] INFO  impl.RaftServerImpl (ServerState.java:setRaftConf(356)) - 67785732-1656-4414-866c-fcf56345fe62@group-B43EF74CB8FF: set configuration 0: [67785732-1656-4414-866c-fcf56345fe62:172.17.0.2:40917], old=null at 0
2020-04-21 09:12:47,100 [fa96e0fd-0e63-45f8-9f60-728944ddfde8@group-50691DE86BAC-SegmentedRaftLogWorker] INFO  segmented.SegmentedRaftLogWorker (SegmentedRaftLogWorker.java:execute(583)) - fa96e0fd-0e63-45f8-9f60-728944ddfde8@group-50691DE86BAC-SegmentedRaftLogWorker: created new log segment /github/workspace/hadoop-ozone/integration-test/target/test-dir/MiniOzoneClusterImpl-f1d3d067-0a31-4f49-b0f8-2dad55a0aeb8/datanode-2/data/ratis/41333e89-ea25-4238-b70b-50691de86bac/current/log_inprogress_0
2020-04-21 09:12:47,100 [67785732-1656-4414-866c-fcf56345fe62@group-50691DE86BAC-SegmentedRaftLogWorker] INFO  segmented.SegmentedRaftLogWorker (SegmentedRaftLogWorker.java:execute(583)) - 67785732-1656-4414-866c-fcf56345fe62@group-50691DE86BAC-SegmentedRaftLogWorker: created new log segment /github/workspace/hadoop-ozone/integration-test/target/test-dir/MiniOzoneClusterImpl-f1d3d067-0a31-4f49-b0f8-2dad55a0aeb8/datanode-1/data/ratis/41333e89-ea25-4238-b70b-50691de86bac/current/log_inprogress_0
2020-04-21 09:12:47,135 [Thread-9048] INFO  impl.FollowerState (FollowerState.java:run(108)) - fa96e0fd-0e63-45f8-9f60-728944ddfde8@group-FF24E5F46BAE-FollowerState: change to CANDIDATE, lastRpcTime:5196ms, electionTimeout:5196ms
2020-04-21 09:12:47,135 [Thread-9048] INFO  impl.RoleInfo (RoleInfo.java:shutdownFollowerState(121)) - fa96e0fd-0e63-45f8-9f60-728944ddfde8: shutdown FollowerState
2020-04-21 09:12:47,136 [Thread-9048] INFO  impl.RaftServerImpl (RaftServerImpl.java:setRole(172)) - fa96e0fd-0e63-45f8-9f60-728944ddfde8@group-FF24E5F46BAE: changes role from  FOLLOWER to CANDIDATE at term 0 for changeToCandidate
2020-04-21 09:12:47,136 [Thread-9048] INFO  impl.RoleInfo (RoleInfo.java:updateAndGet(143)) - fa96e0fd-0e63-45f8-9f60-728944ddfde8: start LeaderElection
2020-04-21 09:12:47,141 [fa96e0fd-0e63-45f8-9f60-728944ddfde8@group-FF24E5F46BAE-LeaderElection131] INFO  impl.LeaderElection (LeaderElection.java:askForVotes(206)) - fa96e0fd-0e63-45f8-9f60-728944ddfde8@group-FF24E5F46BAE-LeaderElection131: begin an election at term 1 for -1: [fa96e0fd-0e63-45f8-9f60-728944ddfde8:172.17.0.2:36531], old=null
2020-04-21 09:12:47,141 [fa96e0fd-0e63-45f8-9f60-728944ddfde8@group-FF24E5F46BAE-LeaderElection131] INFO  impl.RoleInfo (RoleInfo.java:shutdownLeaderElection(134)) - fa96e0fd-0e63-45f8-9f60-728944ddfde8: shutdown LeaderElection
2020-04-21 09:12:47,141 [fa96e0fd-0e63-45f8-9f60-728944ddfde8@group-FF24E5F46BAE-LeaderElection131] INFO  impl.RaftServerImpl (RaftServerImpl.java:setRole(172)) - fa96e0fd-0e63-45f8-9f60-728944ddfde8@group-FF24E5F46BAE: changes role from CANDIDATE to LEADER at term 1 for changeToLeader
2020-04-21 09:12:47,141 [fa96e0fd-0e63-45f8-9f60-728944ddfde8@group-FF24E5F46BAE-LeaderElection131] INFO  ratis.XceiverServerRatis (XceiverServerRatis.java:handleLeaderChangedNotification(747)) - Leader change notification received for group: group-FF24E5F46BAE with new leaderId: fa96e0fd-0e63-45f8-9f60-728944ddfde8
2020-04-21 09:12:47,141 [fa96e0fd-0e63-45f8-9f60-728944ddfde8@group-FF24E5F46BAE-LeaderElection131] INFO  impl.RaftServerImpl (ServerState.java:setLeader(255)) - fa96e0fd-0e63-45f8-9f60-728944ddfde8@group-FF24E5F46BAE: change Leader from null to fa96e0fd-0e63-45f8-9f60-728944ddfde8 at term 1 for becomeLeader, leader elected after 5209ms
2020-04-21 09:12:47,141 [fa96e0fd-0e63-45f8-9f60-728944ddfde8@group-FF24E5F46BAE-LeaderElection131] INFO  server.RaftServerConfigKeys (ConfUtils.java:logGet(44)) - raft.server.staging.catchup.gap = 1000 (default)
2020-04-21 09:12:47,141 [fa96e0fd-0e63-45f8-9f60-728944ddfde8@group-FF24E5F46BAE-LeaderElection131] INFO  server.RaftServerConfigKeys (ConfUtils.java:logGet(44)) - raft.server.rpc.sleep.time = 25ms (default)
2020-04-21 09:12:47,141 [fa96e0fd-0e63-45f8-9f60-728944ddfde8@group-FF24E5F46BAE-LeaderElection131] INFO  metrics.RatisMetrics (RatisMetrics.java:lambda$create$0(39)) - Creating Metrics Registry : ratis.log_appender.fa96e0fd-0e63-45f8-9f60-728944ddfde8@group-FF24E5F46BAE
2020-04-21 09:12:47,142 [fa96e0fd-0e63-45f8-9f60-728944ddfde8@group-FF24E5F46BAE-LeaderElection131] INFO  server.RaftServerConfigKeys (ConfUtils.java:logGet(44)) - raft.server.write.element-limit = 1024 (custom)
2020-04-21 09:12:47,142 [fa96e0fd-0e63-45f8-9f60-728944ddfde8@group-FF24E5F46BAE-LeaderElection131] INFO  server.RaftServerConfigKeys (ConfUtils.java:logGet(44)) - raft.server.write.byte-limit = 1073741824 (custom)
2020-04-21 09:12:47,143 [fa96e0fd-0e63-45f8-9f60-728944ddfde8@group-FF24E5F46BAE-LeaderElection131] INFO  server.RaftServerConfigKeys (ConfUtils.java:logGet(44)) - raft.server.watch.timeout = 180s (custom)
2020-04-21 09:12:47,143 [fa96e0fd-0e63-45f8-9f60-728944ddfde8@group-FF24E5F46BAE-LeaderElection131] INFO  server.RaftServerConfigKeys (ConfUtils.java:logGet(44)) - raft.server.watch.timeout.denomination = 1s (default)
2020-04-21 09:12:47,143 [fa96e0fd-0e63-45f8-9f60-728944ddfde8@group-FF24E5F46BAE-LeaderElection131] INFO  server.RaftServerConfigKeys (ConfUtils.java:logGet(44)) - raft.server.watch.element-limit = 65536 (default)
2020-04-21 09:12:47,144 [fa96e0fd-0e63-45f8-9f60-728944ddfde8@group-FF24E5F46BAE-LeaderElection131] INFO  impl.RoleInfo (RoleInfo.java:updateAndGet(143)) - fa96e0fd-0e63-45f8-9f60-728944ddfde8: start LeaderState
2020-04-21 09:12:47,144 [fa96e0fd-0e63-45f8-9f60-728944ddfde8@group-FF24E5F46BAE-LeaderElection131] INFO  segmented.SegmentedRaftLogWorker (SegmentedRaftLogWorker.java:startLogSegment(391)) - fa96e0fd-0e63-45f8-9f60-728944ddfde8@group-FF24E5F46BAE-SegmentedRaftLogWorker: Starting segment from index:0
2020-04-21 09:12:47,144 [fa96e0fd-0e63-45f8-9f60-728944ddfde8@group-FF24E5F46BAE-LeaderElection131] INFO  impl.RaftServerImpl (ServerState.java:setRaftConf(356)) - fa96e0fd-0e63-45f8-9f60-728944ddfde8@group-FF24E5F46BAE: set configuration 0: [fa96e0fd-0e63-45f8-9f60-728944ddfde8:172.17.0.2:36531], old=null at 0
2020-04-21 09:12:47,145 [fa96e0fd-0e63-45f8-9f60-728944ddfde8@group-FF24E5F46BAE-SegmentedRaftLogWorker] INFO  segmented.SegmentedRaftLogWorker (SegmentedRaftLogWorker.java:execute(583)) - fa96e0fd-0e63-45f8-9f60-728944ddfde8@group-FF24E5F46BAE-SegmentedRaftLogWorker: created new log segment /github/workspace/hadoop-ozone/integration-test/target/test-dir/MiniOzoneClusterImpl-f1d3d067-0a31-4f49-b0f8-2dad55a0aeb8/datanode-2/data/ratis/27f7470d-cae7-44a0-9b76-ff24e5f46bae/current/log_inprogress_0
2020-04-21 09:12:47,934 [Thread-8729] INFO  ozone.MiniOzoneClusterImpl (MiniOzoneClusterImpl.java:lambda$waitForClusterToBeReady$0(177)) - Nodes are ready. Got 3 of 3 DN Heartbeats.
2020-04-21 09:12:47,934 [Thread-8729] INFO  ozone.MiniOzoneClusterImpl (MiniOzoneClusterImpl.java:lambda$waitForClusterToBeReady$0(180)) - Cluster exits safe mode
2020-04-21 09:12:47,944 [IPC Server handler 17 on 13936] INFO  ipc.Server (Server.java:logException(2726)) - IPC Server handler 17 on 13936, call Call#1423 Retry#0 org.apache.hadoop.ozone.om.protocol.OzoneManagerProtocol.submitRequest from 127.0.0.1:58850
org.apache.hadoop.ozone.om.exceptions.OMNotLeaderException: OM:omNode-1 is not the leader. Suggested leader is OM:omNode-2.
	at org.apache.hadoop.ozone.protocolPB.OzoneManagerProtocolServerSideTranslatorPB.createNotLeaderException(OzoneManagerProtocolServerSideTranslatorPB.java:185)
	at org.apache.hadoop.ozone.protocolPB.OzoneManagerProtocolServerSideTranslatorPB.submitReadRequestToOM(OzoneManagerProtocolServerSideTranslatorPB.java:173)
	at org.apache.hadoop.ozone.protocolPB.OzoneManagerProtocolServerSideTranslatorPB.processRequest(OzoneManagerProtocolServerSideTranslatorPB.java:109)
	at org.apache.hadoop.hdds.server.OzoneProtocolMessageDispatcher.processRequest(OzoneProtocolMessageDispatcher.java:75)
	at org.apache.hadoop.ozone.protocolPB.OzoneManagerProtocolServerSideTranslatorPB.submitRequest(OzoneManagerProtocolServerSideTranslatorPB.java:99)
	at org.apache.hadoop.ozone.protocol.proto.OzoneManagerProtocolProtos$OzoneManagerService$2.callBlockingMethod(OzoneManagerProtocolProtos.java)
	at org.apache.hadoop.ipc.ProtobufRpcEngine$Server$ProtoBufRpcInvoker.call(ProtobufRpcEngine.java:524)
	at org.apache.hadoop.ipc.RPC$Server.call(RPC.java:1025)
	at org.apache.hadoop.ipc.Server$RpcCall.run(Server.java:876)
	at org.apache.hadoop.ipc.Server$RpcCall.run(Server.java:822)
	at java.security.AccessController.doPrivileged(Native Method)
	at javax.security.auth.Subject.doAs(Subject.java:422)
	at org.apache.hadoop.security.UserGroupInformation.doAs(UserGroupInformation.java:1730)
	at org.apache.hadoop.ipc.Server$Handler.run(Server.java:2682)
2020-04-21 09:12:47,947 [Thread-8729] INFO  ha.OMFailoverProxyProvider (OzoneManagerProtocolClientSideTranslatorPB.java:shouldRetry(244)) - RetryProxy: OM:omNode-1 is not the leader. Suggested leader is OM:omNode-2.
	at org.apache.hadoop.ozone.protocolPB.OzoneManagerProtocolServerSideTranslatorPB.createNotLeaderException(OzoneManagerProtocolServerSideTranslatorPB.java:185)
	at org.apache.hadoop.ozone.protocolPB.OzoneManagerProtocolServerSideTranslatorPB.submitReadRequestToOM(OzoneManagerProtocolServerSideTranslatorPB.java:173)
	at org.apache.hadoop.ozone.protocolPB.OzoneManagerProtocolServerSideTranslatorPB.processRequest(OzoneManagerProtocolServerSideTranslatorPB.java:109)
	at org.apache.hadoop.hdds.server.OzoneProtocolMessageDispatcher.processRequest(OzoneProtocolMessageDispatcher.java:75)
	at org.apache.hadoop.ozone.protocolPB.OzoneManagerProtocolServerSideTranslatorPB.submitRequest(OzoneManagerProtocolServerSideTranslatorPB.java:99)
	at org.apache.hadoop.ozone.protocol.proto.OzoneManagerProtocolProtos$OzoneManagerService$2.callBlockingMethod(OzoneManagerProtocolProtos.java)
	at org.apache.hadoop.ipc.ProtobufRpcEngine$Server$ProtoBufRpcInvoker.call(ProtobufRpcEngine.java:524)
	at org.apache.hadoop.ipc.RPC$Server.call(RPC.java:1025)
	at org.apache.hadoop.ipc.Server$RpcCall.run(Server.java:876)
	at org.apache.hadoop.ipc.Server$RpcCall.run(Server.java:822)
	at java.security.AccessController.doPrivileged(Native Method)
	at javax.security.auth.Subject.doAs(Subject.java:422)
	at org.apache.hadoop.security.UserGroupInformation.doAs(UserGroupInformation.java:1730)
	at org.apache.hadoop.ipc.Server$Handler.run(Server.java:2682)

2020-04-21 09:12:47,971 [Thread-8729] INFO  ipc.Server (Server.java:stop(3082)) - Stopping server on 13936
2020-04-21 09:12:47,973 [IPC Server Responder] INFO  ipc.Server (Server.java:run(1319)) - Stopping IPC Server Responder
2020-04-21 09:12:47,973 [IPC Server listener on 13936] INFO  ipc.Server (Server.java:run(1185)) - Stopping IPC Server listener on 13936
2020-04-21 09:12:47,974 [Thread-8729] INFO  impl.RaftServerProxy (RaftServerProxy.java:lambda$close$4(314)) - omNode-1: close
2020-04-21 09:12:47,976 [Thread-8729] INFO  impl.RaftServerImpl (RaftServerImpl.java:lambda$shutdown$3(249)) - omNode-1@group-523986131536: shutdown
2020-04-21 09:12:47,976 [Thread-8729] INFO  util.JmxRegister (JmxRegister.java:unregister(73)) - Successfully un-registered JMX Bean with object name Ratis:service=RaftServer,group=group-523986131536,id=omNode-1
2020-04-21 09:12:47,977 [Thread-8729] INFO  impl.RoleInfo (RoleInfo.java:shutdownFollowerState(121)) - omNode-1: shutdown FollowerState
2020-04-21 09:12:47,977 [Thread-8729] INFO  impl.StateMachineUpdater (StateMachineUpdater.java:stopAndJoin(139)) - omNode-1@group-523986131536-StateMachineUpdater: set stopIndex = 0
2020-04-21 09:12:47,977 [Thread-8908] INFO  impl.FollowerState (FollowerState.java:run(117)) - omNode-1@group-523986131536-FollowerState was interrupted: java.lang.InterruptedException: sleep interrupted
2020-04-21 09:12:47,979 [omNode-1@group-523986131536-StateMachineUpdater] INFO  ratis.OzoneManagerStateMachine (OzoneManagerStateMachine.java:takeSnapshot(339)) - Saving Ratis snapshot on the OM.
2020-04-21 09:12:47,979 [omNode-1@group-523986131536-StateMachineUpdater] INFO  ratis.OMRatisSnapshotInfo (OMRatisSnapshotInfo.java:saveRatisSnapshotToDisk(105)) - Saved Ratis Snapshot on the OM with snapshotIndex (t:1, i:0)
2020-04-21 09:12:47,979 [omNode-1@group-523986131536-StateMachineUpdater] INFO  impl.StateMachineUpdater (StateMachineUpdater.java:takeSnapshot(274)) - omNode-1@group-523986131536-StateMachineUpdater: Took a snapshot at index 0
2020-04-21 09:12:47,979 [omNode-1@group-523986131536-StateMachineUpdater] INFO  impl.StateMachineUpdater (StateMachineUpdater.java:lambda$new$0(86)) - omNode-1@group-523986131536-StateMachineUpdater: snapshotIndex: updateIncreasingly -1 -> 0
2020-04-21 09:12:47,980 [omNode-1@group-523986131536-StateMachineUpdater] INFO  metrics.RatisMetrics (RatisMetrics.java:unregister(46)) - Unregistering Metrics Registry : ratis.state_machine.omNode-1@group-523986131536
2020-04-21 09:12:47,980 [Thread-8729] INFO  impl.RaftServerImpl (ServerState.java:close(387)) - omNode-1@group-523986131536: closes. applyIndex: 0
2020-04-21 09:12:47,980 [omNode-1@group-523986131536-SegmentedRaftLogWorker] INFO  segmented.SegmentedRaftLogWorker (SegmentedRaftLogWorker.java:run(321)) - omNode-1@group-523986131536-SegmentedRaftLogWorker was interrupted, exiting. There are 0 tasks remaining in the queue.
2020-04-21 09:12:47,981 [Thread-8729] INFO  segmented.SegmentedRaftLogWorker (SegmentedRaftLogWorker.java:close(229)) - omNode-1@group-523986131536-SegmentedRaftLogWorker close()
2020-04-21 09:12:47,983 [Thread-8729] INFO  metrics.RatisMetrics (RatisMetrics.java:unregister(46)) - Unregistering Metrics Registry : ratis.log_worker.omNode-1
2020-04-21 09:12:47,984 [Thread-8729] INFO  metrics.RatisMetrics (RatisMetrics.java:unregister(46)) - Unregistering Metrics Registry : ratis.leader_election.omNode-1@group-523986131536
2020-04-21 09:12:47,984 [Thread-8729] INFO  metrics.RatisMetrics (RatisMetrics.java:unregister(46)) - Unregistering Metrics Registry : ratis.server.omNode-1@group-523986131536
2020-04-21 09:12:47,984 [Thread-8729] INFO  server.GrpcService (GrpcService.java:closeImpl(164)) - omNode-1: shutdown server with port 13940 now
2020-04-21 09:12:47,991 [grpc-default-executor-6] WARN  server.GrpcServerProtocolService (LogUtils.java:warn(122)) - omNode-1: installSnapshot onError, lastRequest: omNode-2->omNode-1#1-t1, previous=(t:0, i:0), leaderCommit=0, initializing? false, entries: size=1, first=(t:1, i:0), CONFIGURATIONENTRY: org.apache.ratis.thirdparty.io.grpc.StatusRuntimeException: CANCELLED: cancelled before receiving half close
2020-04-21 09:12:47,991 [grpc-default-executor-11] WARN  server.GrpcLogAppender (LogUtils.java:warn(122)) - omNode-2@group-523986131536->omNode-1-AppendLogResponseHandler: Failed appendEntries: org.apache.ratis.thirdparty.io.grpc.StatusRuntimeException: CANCELLED: HTTP/2 error code: CANCEL
Received Rst Stream
2020-04-21 09:12:47,992 [Thread-8729] INFO  server.GrpcService (GrpcService.java:closeImpl(172)) - omNode-1: shutdown server with port 13940 successfully
2020-04-21 09:12:47,993 [Thread-8729] INFO  ratis.OzoneManagerDoubleBuffer (OzoneManagerDoubleBuffer.java:stop(272)) - Stopping OMDoubleBuffer flush thread
2020-04-21 09:12:47,993 [grpc-default-executor-11] INFO  impl.FollowerInfo (FollowerInfo.java:lambda$new$0(50)) - omNode-2@group-523986131536->omNode-1: nextIndex: updateUnconditionally 1 -> 0
2020-04-21 09:12:47,993 [OMDoubleBufferFlushThread] INFO  ratis.OzoneManagerDoubleBuffer (OzoneManagerDoubleBuffer.java:flushTransactions(206)) - OMDoubleBuffer flush thread OMDoubleBufferFlushThread is interrupted and will exit. OMDoubleBufferFlushThread
2020-04-21 09:12:47,994 [Thread-8729] INFO  utils.BackgroundService (BackgroundService.java:shutdown(157)) - Shutting down service KeyDeletingService
2020-04-21 09:12:47,997 [Thread-8729] INFO  handler.ContextHandler (ContextHandler.java:doStop(1016)) - Stopped o.e.j.w.WebAppContext@515a2186{ozoneManager,/,null,UNAVAILABLE}{file:/github/workspace/hadoop-ozone/integration-test/target/test-classes/webapps/ozoneManager}
2020-04-21 09:12:47,997 [Thread-8729] INFO  server.AbstractConnector (AbstractConnector.java:doStop(380)) - Stopped ServerConnector@52aedda{HTTP/1.1,[http/1.1]}{0.0.0.0:13938}
2020-04-21 09:12:47,998 [Thread-8729] INFO  server.session (HouseKeeper.java:stopScavenging(158)) - node0 Stopped scavenging
2020-04-21 09:12:47,998 [Thread-8729] INFO  handler.ContextHandler (ContextHandler.java:doStop(1016)) - Stopped o.e.j.s.ServletContextHandler@2ea43cab{static,/static,file:///github/workspace/hadoop-ozone/integration-test/target/test-classes/webapps/static,UNAVAILABLE}
2020-04-21 09:12:47,998 [Thread-8729] INFO  handler.ContextHandler (ContextHandler.java:doStop(1016)) - Stopped o.e.j.s.ServletContextHandler@245c0432{logs,/logs,file:///github/workspace/hadoop-ozone/integration-test/target/log,UNAVAILABLE}
2020-04-21 09:12:47,999 [Thread-8729] INFO  ipc.Server (Server.java:stop(3082)) - Stopping server on 13942
2020-04-21 09:12:48,005 [IPC Server Responder] INFO  ipc.Server (Server.java:run(1319)) - Stopping IPC Server Responder
2020-04-21 09:12:48,005 [IPC Server listener on 13942] INFO  ipc.Server (Server.java:run(1185)) - Stopping IPC Server listener on 13942
2020-04-21 09:12:48,005 [Thread-8729] INFO  impl.RaftServerProxy (RaftServerProxy.java:lambda$close$4(314)) - omNode-2: close
2020-04-21 09:12:48,005 [Thread-8729] INFO  impl.RaftServerImpl (RaftServerImpl.java:lambda$shutdown$3(249)) - omNode-2@group-523986131536: shutdown
2020-04-21 09:12:48,005 [Thread-8729] INFO  util.JmxRegister (JmxRegister.java:unregister(73)) - Successfully un-registered JMX Bean with object name Ratis:service=RaftServer,group=group-523986131536,id=omNode-2
2020-04-21 09:12:48,005 [Thread-8729] INFO  impl.RoleInfo (RoleInfo.java:shutdownLeaderState(104)) - omNode-2: shutdown LeaderState
2020-04-21 09:12:48,008 [org.apache.ratis.server.impl.LogAppender$AppenderDaemon$$Lambda$343/749111415@7a101d16] WARN  server.GrpcLogAppender (GrpcLogAppender.java:mayWait(153)) - omNode-2@group-523986131536->omNode-3-GrpcLogAppender: Wait interrupted by java.lang.InterruptedException
2020-04-21 09:12:48,008 [Thread-8729] INFO  impl.PendingRequests (PendingRequests.java:sendNotLeaderResponses(240)) - omNode-2@group-523986131536-PendingRequests: sendNotLeaderResponses
2020-04-21 09:12:48,008 [grpc-default-executor-11] INFO  server.GrpcServerProtocolService (GrpcServerProtocolService.java:onCompleted(137)) - omNode-3: Completed APPEND_ENTRIES, lastRequest: omNode-2->omNode-3#1-t1, previous=(t:0, i:0), leaderCommit=-1, initializing? false, entries: size=1, first=(t:1, i:0), CONFIGURATIONENTRY
2020-04-21 09:12:48,008 [org.apache.ratis.server.impl.LogAppender$AppenderDaemon$$Lambda$343/749111415@19c85a5f] WARN  server.GrpcLogAppender (GrpcLogAppender.java:mayWait(153)) - omNode-2@group-523986131536->omNode-1-GrpcLogAppender: Wait interrupted by java.lang.InterruptedException
2020-04-21 09:12:48,011 [grpc-default-executor-11] INFO  server.GrpcLogAppender (GrpcLogAppender.java:onCompleted(308)) - omNode-2@group-523986131536->omNode-3-AppendLogResponseHandler: follower responses appendEntries COMPLETED
2020-04-21 09:12:48,011 [Thread-8729] INFO  metrics.RatisMetrics (RatisMetrics.java:unregister(46)) - Unregistering Metrics Registry : ratis.log_appender.omNode-2@group-523986131536
2020-04-21 09:12:48,011 [Thread-8729] INFO  impl.StateMachineUpdater (StateMachineUpdater.java:stopAndJoin(139)) - omNode-2@group-523986131536-StateMachineUpdater: set stopIndex = 0
2020-04-21 09:12:48,012 [omNode-2@group-523986131536-StateMachineUpdater] INFO  ratis.OzoneManagerStateMachine (OzoneManagerStateMachine.java:takeSnapshot(339)) - Saving Ratis snapshot on the OM.
2020-04-21 09:12:48,012 [omNode-2@group-523986131536-StateMachineUpdater] INFO  ratis.OMRatisSnapshotInfo (OMRatisSnapshotInfo.java:saveRatisSnapshotToDisk(105)) - Saved Ratis Snapshot on the OM with snapshotIndex (t:1, i:0)
2020-04-21 09:12:48,013 [omNode-2@group-523986131536-StateMachineUpdater] INFO  impl.StateMachineUpdater (StateMachineUpdater.java:takeSnapshot(274)) - omNode-2@group-523986131536-StateMachineUpdater: Took a snapshot at index 0
2020-04-21 09:12:48,013 [omNode-2@group-523986131536-StateMachineUpdater] INFO  impl.StateMachineUpdater (StateMachineUpdater.java:lambda$new$0(86)) - omNode-2@group-523986131536-StateMachineUpdater: snapshotIndex: updateIncreasingly -1 -> 0
2020-04-21 09:12:48,013 [omNode-2@group-523986131536-StateMachineUpdater] INFO  metrics.RatisMetrics (RatisMetrics.java:unregister(46)) - Unregistering Metrics Registry : ratis.state_machine.omNode-2@group-523986131536
2020-04-21 09:12:48,013 [Thread-8729] INFO  impl.RaftServerImpl (ServerState.java:close(387)) - omNode-2@group-523986131536: closes. applyIndex: 0
2020-04-21 09:12:48,013 [omNode-2@group-523986131536-SegmentedRaftLogWorker] INFO  segmented.SegmentedRaftLogWorker (SegmentedRaftLogWorker.java:run(321)) - omNode-2@group-523986131536-SegmentedRaftLogWorker was interrupted, exiting. There are 0 tasks remaining in the queue.
2020-04-21 09:12:48,016 [Thread-8729] INFO  segmented.SegmentedRaftLogWorker (SegmentedRaftLogWorker.java:close(229)) - omNode-2@group-523986131536-SegmentedRaftLogWorker close()
2020-04-21 09:12:48,016 [grpc-default-executor-11] INFO  impl.FollowerInfo (FollowerInfo.java:lambda$new$0(50)) - omNode-2@group-523986131536->omNode-3: nextIndex: updateUnconditionally 1 -> 0
2020-04-21 09:12:48,022 [Thread-8729] INFO  metrics.RatisMetrics (RatisMetrics.java:unregister(46)) - Unregistering Metrics Registry : ratis.log_worker.omNode-2
2020-04-21 09:12:48,022 [Thread-8729] INFO  metrics.RatisMetrics (RatisMetrics.java:unregister(46)) - Unregistering Metrics Registry : ratis.leader_election.omNode-2@group-523986131536
2020-04-21 09:12:48,022 [Thread-8729] INFO  metrics.RatisMetrics (RatisMetrics.java:unregister(46)) - Unregistering Metrics Registry : ratis.server.omNode-2@group-523986131536
2020-04-21 09:12:48,022 [Thread-8729] INFO  server.GrpcService (GrpcService.java:closeImpl(164)) - omNode-2: shutdown server with port 13946 now
2020-04-21 09:12:48,023 [Thread-8729] INFO  server.GrpcService (GrpcService.java:closeImpl(172)) - omNode-2: shutdown server with port 13946 successfully
2020-04-21 09:12:48,023 [Thread-8729] INFO  ratis.OzoneManagerDoubleBuffer (OzoneManagerDoubleBuffer.java:stop(272)) - Stopping OMDoubleBuffer flush thread
2020-04-21 09:12:48,023 [OMDoubleBufferFlushThread] INFO  ratis.OzoneManagerDoubleBuffer (OzoneManagerDoubleBuffer.java:flushTransactions(206)) - OMDoubleBuffer flush thread OMDoubleBufferFlushThread is interrupted and will exit. OMDoubleBufferFlushThread
2020-04-21 09:12:48,023 [Thread-8729] INFO  utils.BackgroundService (BackgroundService.java:shutdown(157)) - Shutting down service KeyDeletingService
2020-04-21 09:12:48,023 [Thread-8729] INFO  handler.ContextHandler (ContextHandler.java:doStop(1016)) - Stopped o.e.j.w.WebAppContext@7c1c1da0{ozoneManager,/,null,UNAVAILABLE}{file:/github/workspace/hadoop-ozone/integration-test/target/test-classes/webapps/ozoneManager}
2020-04-21 09:12:48,024 [Thread-8729] INFO  server.AbstractConnector (AbstractConnector.java:doStop(380)) - Stopped ServerConnector@93102b9{HTTP/1.1,[http/1.1]}{0.0.0.0:13944}
2020-04-21 09:12:48,024 [Thread-8729] INFO  server.session (HouseKeeper.java:stopScavenging(158)) - node0 Stopped scavenging
2020-04-21 09:12:48,024 [Thread-8729] INFO  handler.ContextHandler (ContextHandler.java:doStop(1016)) - Stopped o.e.j.s.ServletContextHandler@3a15a117{static,/static,file:///github/workspace/hadoop-ozone/integration-test/target/test-classes/webapps/static,UNAVAILABLE}
2020-04-21 09:12:48,024 [Thread-8729] INFO  handler.ContextHandler (ContextHandler.java:doStop(1016)) - Stopped o.e.j.s.ServletContextHandler@5563191f{logs,/logs,file:///github/workspace/hadoop-ozone/integration-test/target/log,UNAVAILABLE}
2020-04-21 09:12:49,764 [Thread-8909] INFO  impl.FollowerState (FollowerState.java:run(108)) - omNode-3@group-523986131536-FollowerState: change to CANDIDATE, lastRpcTime:2009ms, electionTimeout:1156ms
2020-04-21 09:12:49,764 [Thread-8909] INFO  impl.RoleInfo (RoleInfo.java:shutdownFollowerState(121)) - omNode-3: shutdown FollowerState
2020-04-21 09:12:49,765 [Thread-8909] INFO  impl.RaftServerImpl (RaftServerImpl.java:setRole(172)) - omNode-3@group-523986131536: changes role from  FOLLOWER to CANDIDATE at term 1 for changeToCandidate
2020-04-21 09:12:49,765 [Thread-8909] INFO  impl.RoleInfo (RoleInfo.java:updateAndGet(143)) - omNode-3: start LeaderElection
2020-04-21 09:12:49,768 [omNode-3@group-523986131536-LeaderElection132] INFO  impl.RaftServerImpl (ServerState.java:setLeader(255)) - omNode-3@group-523986131536: change Leader from omNode-2 to null at term 1 for initElection
2020-04-21 09:12:49,769 [omNode-3@group-523986131536-LeaderElection132] INFO  impl.LeaderElection (LeaderElection.java:askForVotes(206)) - omNode-3@group-523986131536-LeaderElection132: begin an election at term 2 for 0: [omNode-3:localhost:13952, omNode-1:localhost:13940, omNode-2:localhost:13946], old=null
2020-04-21 09:12:49,784 [omNode-3@group-523986131536-LeaderElection132] INFO  impl.LeaderElection (LogUtils.java:infoOrTrace(137)) - omNode-3@group-523986131536-LeaderElection132 got exception when requesting votes: java.util.concurrent.ExecutionException: org.apache.ratis.thirdparty.io.grpc.StatusRuntimeException: UNAVAILABLE: io exception
2020-04-21 09:12:49,784 [omNode-3@group-523986131536-LeaderElection132] INFO  impl.LeaderElection (LogUtils.java:infoOrTrace(137)) - omNode-3@group-523986131536-LeaderElection132 got exception when requesting votes: java.util.concurrent.ExecutionException: org.apache.ratis.thirdparty.io.grpc.StatusRuntimeException: UNAVAILABLE: io exception
2020-04-21 09:12:49,784 [omNode-3@group-523986131536-LeaderElection132] INFO  impl.LeaderElection (LeaderElection.java:logAndReturn(61)) - omNode-3@group-523986131536-LeaderElection132: Election REJECTED; received 0 response(s) [] and 2 exception(s); omNode-3@group-523986131536:t2, leader=null, voted=omNode-3, raftlog=omNode-3@group-523986131536-SegmentedRaftLog:OPENED:c0,f0,i0, conf=0: [omNode-3:localhost:13952, omNode-1:localhost:13940, omNode-2:localhost:13946], old=null
2020-04-21 09:12:49,784 [omNode-3@group-523986131536-LeaderElection132] INFO  impl.LeaderElection (LogUtils.java:infoOrTrace(137)) -   Exception 0: java.util.concurrent.ExecutionException: org.apache.ratis.thirdparty.io.grpc.StatusRuntimeException: UNAVAILABLE: io exception
2020-04-21 09:12:49,784 [omNode-3@group-523986131536-LeaderElection132] INFO  impl.LeaderElection (LogUtils.java:infoOrTrace(137)) -   Exception 1: java.util.concurrent.ExecutionException: org.apache.ratis.thirdparty.io.grpc.StatusRuntimeException: UNAVAILABLE: io exception
2020-04-21 09:12:49,784 [omNode-3@group-523986131536-LeaderElection132] INFO  impl.RaftServerImpl (RaftServerImpl.java:setRole(172)) - omNode-3@group-523986131536: changes role from CANDIDATE to FOLLOWER at term 2 for DISCOVERED_A_NEW_TERM
2020-04-21 09:12:49,784 [omNode-3@group-523986131536-LeaderElection132] INFO  impl.RoleInfo (RoleInfo.java:shutdownLeaderElection(134)) - omNode-3: shutdown LeaderElection
2020-04-21 09:12:49,784 [omNode-3@group-523986131536-LeaderElection132] INFO  impl.RoleInfo (RoleInfo.java:updateAndGet(143)) - omNode-3: start FollowerState
2020-04-21 09:12:49,955 [Thread-9084] INFO  container.ReplicationManager (ReplicationManager.java:start(165)) - Starting Replication Monitor Thread.
2020-04-21 09:12:49,960 [ReplicationMonitor] INFO  container.ReplicationManager (ReplicationManager.java:run(228)) - Replication Monitor Thread took 0 milliseconds for processing 0 containers.
2020-04-21 09:12:50,886 [Thread-9117] INFO  impl.FollowerState (FollowerState.java:run(108)) - omNode-3@group-523986131536-FollowerState: change to CANDIDATE, lastRpcTime:1101ms, electionTimeout:1101ms
2020-04-21 09:12:50,886 [Thread-9117] INFO  impl.RoleInfo (RoleInfo.java:shutdownFollowerState(121)) - omNode-3: shutdown FollowerState
2020-04-21 09:12:50,886 [Thread-9117] INFO  impl.RaftServerImpl (RaftServerImpl.java:setRole(172)) - omNode-3@group-523986131536: changes role from  FOLLOWER to CANDIDATE at term 2 for changeToCandidate
2020-04-21 09:12:50,886 [Thread-9117] INFO  impl.RoleInfo (RoleInfo.java:updateAndGet(143)) - omNode-3: start LeaderElection
2020-04-21 09:12:50,890 [omNode-3@group-523986131536-LeaderElection133] INFO  impl.LeaderElection (LeaderElection.java:askForVotes(206)) - omNode-3@group-523986131536-LeaderElection133: begin an election at term 3 for 0: [omNode-3:localhost:13952, omNode-1:localhost:13940, omNode-2:localhost:13946], old=null
2020-04-21 09:12:50,891 [omNode-3@group-523986131536-LeaderElection133] INFO  impl.LeaderElection (LogUtils.java:infoOrTrace(137)) - omNode-3@group-523986131536-LeaderElection133 got exception when requesting votes: java.util.concurrent.ExecutionException: org.apache.ratis.thirdparty.io.grpc.StatusRuntimeException: UNAVAILABLE: io exception
2020-04-21 09:12:50,891 [omNode-3@group-523986131536-LeaderElection133] INFO  impl.LeaderElection (LogUtils.java:infoOrTrace(137)) - omNode-3@group-523986131536-LeaderElection133 got exception when requesting votes: java.util.concurrent.ExecutionException: org.apache.ratis.thirdparty.io.grpc.StatusRuntimeException: UNAVAILABLE: io exception
2020-04-21 09:12:50,891 [omNode-3@group-523986131536-LeaderElection133] INFO  impl.LeaderElection (LeaderElection.java:logAndReturn(61)) - omNode-3@group-523986131536-LeaderElection133: Election REJECTED; received 0 response(s) [] and 2 exception(s); omNode-3@group-523986131536:t3, leader=null, voted=omNode-3, raftlog=omNode-3@group-523986131536-SegmentedRaftLog:OPENED:c0,f0,i0, conf=0: [omNode-3:localhost:13952, omNode-1:localhost:13940, omNode-2:localhost:13946], old=null
2020-04-21 09:12:50,891 [omNode-3@group-523986131536-LeaderElection133] INFO  impl.LeaderElection (LogUtils.java:infoOrTrace(137)) -   Exception 0: java.util.concurrent.ExecutionException: org.apache.ratis.thirdparty.io.grpc.StatusRuntimeException: UNAVAILABLE: io exception
2020-04-21 09:12:50,891 [omNode-3@group-523986131536-LeaderElection133] INFO  impl.LeaderElection (LogUtils.java:infoOrTrace(137)) -   Exception 1: java.util.concurrent.ExecutionException: org.apache.ratis.thirdparty.io.grpc.StatusRuntimeException: UNAVAILABLE: io exception
2020-04-21 09:12:50,891 [omNode-3@group-523986131536-LeaderElection133] INFO  impl.RaftServerImpl (RaftServerImpl.java:setRole(172)) - omNode-3@group-523986131536: changes role from CANDIDATE to FOLLOWER at term 3 for DISCOVERED_A_NEW_TERM
2020-04-21 09:12:50,891 [omNode-3@group-523986131536-LeaderElection133] INFO  impl.RoleInfo (RoleInfo.java:shutdownLeaderElection(134)) - omNode-3: shutdown LeaderElection
2020-04-21 09:12:50,891 [omNode-3@group-523986131536-LeaderElection133] INFO  impl.RoleInfo (RoleInfo.java:updateAndGet(143)) - omNode-3: start FollowerState
2020-04-21 09:12:51,959 [Thread-9122] INFO  impl.FollowerState (FollowerState.java:run(108)) - omNode-3@group-523986131536-FollowerState: change to CANDIDATE, lastRpcTime:1067ms, electionTimeout:1067ms
2020-04-21 09:12:51,959 [Thread-9122] INFO  impl.RoleInfo (RoleInfo.java:shutdownFollowerState(121)) - omNode-3: shutdown FollowerState
2020-04-21 09:12:51,959 [Thread-9122] INFO  impl.RaftServerImpl (RaftServerImpl.java:setRole(172)) - omNode-3@group-523986131536: changes role from  FOLLOWER to CANDIDATE at term 3 for changeToCandidate
2020-04-21 09:12:51,959 [Thread-9122] INFO  impl.RoleInfo (RoleInfo.java:updateAndGet(143)) - omNode-3: start LeaderElection
2020-04-21 09:12:51,963 [omNode-3@group-523986131536-LeaderElection134] INFO  impl.LeaderElection (LeaderElection.java:askForVotes(206)) - omNode-3@group-523986131536-LeaderElection134: begin an election at term 4 for 0: [omNode-3:localhost:13952, omNode-1:localhost:13940, omNode-2:localhost:13946], old=null
2020-04-21 09:12:51,964 [omNode-3@group-523986131536-LeaderElection134] INFO  impl.LeaderElection (LogUtils.java:infoOrTrace(137)) - omNode-3@group-523986131536-LeaderElection134 got exception when requesting votes: java.util.concurrent.ExecutionException: org.apache.ratis.thirdparty.io.grpc.StatusRuntimeException: UNAVAILABLE: io exception
2020-04-21 09:12:51,964 [omNode-3@group-523986131536-LeaderElection134] INFO  impl.LeaderElection (LogUtils.java:infoOrTrace(137)) - omNode-3@group-523986131536-LeaderElection134 got exception when requesting votes: java.util.concurrent.ExecutionException: org.apache.ratis.thirdparty.io.grpc.StatusRuntimeException: UNAVAILABLE: io exception
2020-04-21 09:12:51,964 [omNode-3@group-523986131536-LeaderElection134] INFO  impl.LeaderElection (LeaderElection.java:logAndReturn(61)) - omNode-3@group-523986131536-LeaderElection134: Election REJECTED; received 0 response(s) [] and 2 exception(s); omNode-3@group-523986131536:t4, leader=null, voted=omNode-3, raftlog=omNode-3@group-523986131536-SegmentedRaftLog:OPENED:c0,f0,i0, conf=0: [omNode-3:localhost:13952, omNode-1:localhost:13940, omNode-2:localhost:13946], old=null
2020-04-21 09:12:51,964 [omNode-3@group-523986131536-LeaderElection134] INFO  impl.LeaderElection (LogUtils.java:infoOrTrace(137)) -   Exception 0: java.util.concurrent.ExecutionException: org.apache.ratis.thirdparty.io.grpc.StatusRuntimeException: UNAVAILABLE: io exception
2020-04-21 09:12:51,964 [omNode-3@group-523986131536-LeaderElection134] INFO  impl.LeaderElection (LogUtils.java:infoOrTrace(137)) -   Exception 1: java.util.concurrent.ExecutionException: org.apache.ratis.thirdparty.io.grpc.StatusRuntimeException: UNAVAILABLE: io exception
2020-04-21 09:12:51,964 [omNode-3@group-523986131536-LeaderElection134] INFO  impl.RaftServerImpl (RaftServerImpl.java:setRole(172)) - omNode-3@group-523986131536: changes role from CANDIDATE to FOLLOWER at term 4 for DISCOVERED_A_NEW_TERM
2020-04-21 09:12:51,965 [omNode-3@group-523986131536-LeaderElection134] INFO  impl.RoleInfo (RoleInfo.java:shutdownLeaderElection(134)) - omNode-3: shutdown LeaderElection
2020-04-21 09:12:51,965 [omNode-3@group-523986131536-LeaderElection134] INFO  impl.RoleInfo (RoleInfo.java:updateAndGet(143)) - omNode-3: start FollowerState
2020-04-21 09:12:52,038 [Thread-8729] INFO  rpc.RpcClient (RpcClient.java:createVolume(304)) - Creating Volume: volume40902, with user24219 as owner.
2020-04-21 09:12:52,040 [Thread-8729] INFO  ha.OMFailoverProxyProvider (OzoneManagerProtocolClientSideTranslatorPB.java:shouldRetry(280)) - RetryProxy: End of File Exception between local host is: "f71c9419dfe5/172.17.0.2"; destination host is: "localhost":13942; : java.io.EOFException; For more details see:  http://wiki.apache.org/hadoop/EOFException
2020-04-21 09:12:52,040 [Thread-8729] INFO  retry.RetryInvocationHandler (RetryInvocationHandler.java:log(411)) - com.google.protobuf.ServiceException: java.io.EOFException: End of File Exception between local host is: "f71c9419dfe5/172.17.0.2"; destination host is: "localhost":13942; : java.io.EOFException; For more details see:  http://wiki.apache.org/hadoop/EOFException, while invoking $Proxy43.submitRequest over nodeId=omNode-2,nodeAddress=127.0.0.1:13942. Trying to failover immediately.
2020-04-21 09:12:52,045 [IPC Server handler 4 on 13948] INFO  ipc.Server (Server.java:logException(2726)) - IPC Server handler 4 on 13948, call Call#1437 Retry#1 org.apache.hadoop.ozone.om.protocol.OzoneManagerProtocol.submitRequest from 127.0.0.1:51128
org.apache.hadoop.ozone.om.exceptions.OMNotLeaderException: OM:omNode-3 is not the leader. Could not determine the leader node.
	at org.apache.hadoop.ozone.protocolPB.OzoneManagerProtocolServerSideTranslatorPB.createNotLeaderException(OzoneManagerProtocolServerSideTranslatorPB.java:187)
	at org.apache.hadoop.ozone.protocolPB.OzoneManagerProtocolServerSideTranslatorPB.processRequest(OzoneManagerProtocolServerSideTranslatorPB.java:127)
	at org.apache.hadoop.hdds.server.OzoneProtocolMessageDispatcher.processRequest(OzoneProtocolMessageDispatcher.java:75)
	at org.apache.hadoop.ozone.protocolPB.OzoneManagerProtocolServerSideTranslatorPB.submitRequest(OzoneManagerProtocolServerSideTranslatorPB.java:99)
	at org.apache.hadoop.ozone.protocol.proto.OzoneManagerProtocolProtos$OzoneManagerService$2.callBlockingMethod(OzoneManagerProtocolProtos.java)
	at org.apache.hadoop.ipc.ProtobufRpcEngine$Server$ProtoBufRpcInvoker.call(ProtobufRpcEngine.java:524)
	at org.apache.hadoop.ipc.RPC$Server.call(RPC.java:1025)
	at org.apache.hadoop.ipc.Server$RpcCall.run(Server.java:876)
	at org.apache.hadoop.ipc.Server$RpcCall.run(Server.java:822)
	at java.security.AccessController.doPrivileged(Native Method)
	at javax.security.auth.Subject.doAs(Subject.java:422)
	at org.apache.hadoop.security.UserGroupInformation.doAs(UserGroupInformation.java:1730)
	at org.apache.hadoop.ipc.Server$Handler.run(Server.java:2682)
2020-04-21 09:12:52,047 [Thread-8729] INFO  ha.OMFailoverProxyProvider (OzoneManagerProtocolClientSideTranslatorPB.java:shouldRetry(280)) - RetryProxy: OM:omNode-3 is not the leader. Could not determine the leader node.
	at org.apache.hadoop.ozone.protocolPB.OzoneManagerProtocolServerSideTranslatorPB.createNotLeaderException(OzoneManagerProtocolServerSideTranslatorPB.java:187)
	at org.apache.hadoop.ozone.protocolPB.OzoneManagerProtocolServerSideTranslatorPB.processRequest(OzoneManagerProtocolServerSideTranslatorPB.java:127)
	at org.apache.hadoop.hdds.server.OzoneProtocolMessageDispatcher.processRequest(OzoneProtocolMessageDispatcher.java:75)
	at org.apache.hadoop.ozone.protocolPB.OzoneManagerProtocolServerSideTranslatorPB.submitRequest(OzoneManagerProtocolServerSideTranslatorPB.java:99)
	at org.apache.hadoop.ozone.protocol.proto.OzoneManagerProtocolProtos$OzoneManagerService$2.callBlockingMethod(OzoneManagerProtocolProtos.java)
	at org.apache.hadoop.ipc.ProtobufRpcEngine$Server$ProtoBufRpcInvoker.call(ProtobufRpcEngine.java:524)
	at org.apache.hadoop.ipc.RPC$Server.call(RPC.java:1025)
	at org.apache.hadoop.ipc.Server$RpcCall.run(Server.java:876)
	at org.apache.hadoop.ipc.Server$RpcCall.run(Server.java:822)
	at java.security.AccessController.doPrivileged(Native Method)
	at javax.security.auth.Subject.doAs(Subject.java:422)
	at org.apache.hadoop.security.UserGroupInformation.doAs(UserGroupInformation.java:1730)
	at org.apache.hadoop.ipc.Server$Handler.run(Server.java:2682)

2020-04-21 09:12:52,047 [Thread-8729] INFO  retry.RetryInvocationHandler (RetryInvocationHandler.java:log(411)) - com.google.protobuf.ServiceException: org.apache.hadoop.ipc.RemoteException(org.apache.hadoop.ozone.om.exceptions.OMNotLeaderException): OM:omNode-3 is not the leader. Could not determine the leader node.
	at org.apache.hadoop.ozone.protocolPB.OzoneManagerProtocolServerSideTranslatorPB.createNotLeaderException(OzoneManagerProtocolServerSideTranslatorPB.java:187)
	at org.apache.hadoop.ozone.protocolPB.OzoneManagerProtocolServerSideTranslatorPB.processRequest(OzoneManagerProtocolServerSideTranslatorPB.java:127)
	at org.apache.hadoop.hdds.server.OzoneProtocolMessageDispatcher.processRequest(OzoneProtocolMessageDispatcher.java:75)
	at org.apache.hadoop.ozone.protocolPB.OzoneManagerProtocolServerSideTranslatorPB.submitRequest(OzoneManagerProtocolServerSideTranslatorPB.java:99)
	at org.apache.hadoop.ozone.protocol.proto.OzoneManagerProtocolProtos$OzoneManagerService$2.callBlockingMethod(OzoneManagerProtocolProtos.java)
	at org.apache.hadoop.ipc.ProtobufRpcEngine$Server$ProtoBufRpcInvoker.call(ProtobufRpcEngine.java:524)
	at org.apache.hadoop.ipc.RPC$Server.call(RPC.java:1025)
	at org.apache.hadoop.ipc.Server$RpcCall.run(Server.java:876)
	at org.apache.hadoop.ipc.Server$RpcCall.run(Server.java:822)
	at java.security.AccessController.doPrivileged(Native Method)
	at javax.security.auth.Subject.doAs(Subject.java:422)
	at org.apache.hadoop.security.UserGroupInformation.doAs(UserGroupInformation.java:1730)
	at org.apache.hadoop.ipc.Server$Handler.run(Server.java:2682)
, while invoking $Proxy43.submitRequest over nodeId=omNode-3,nodeAddress=127.0.0.1:13948 after 1 failover attempts. Trying to failover after sleeping for 2000ms.
2020-04-21 09:12:53,125 [Thread-9129] INFO  impl.FollowerState (FollowerState.java:run(108)) - omNode-3@group-523986131536-FollowerState: change to CANDIDATE, lastRpcTime:1160ms, electionTimeout:1160ms
2020-04-21 09:12:53,127 [Thread-9129] INFO  impl.RoleInfo (RoleInfo.java:shutdownFollowerState(121)) - omNode-3: shutdown FollowerState
2020-04-21 09:12:53,127 [Thread-9129] INFO  impl.RaftServerImpl (RaftServerImpl.java:setRole(172)) - omNode-3@group-523986131536: changes role from  FOLLOWER to CANDIDATE at term 4 for changeToCandidate
2020-04-21 09:12:53,128 [Thread-9129] INFO  impl.RoleInfo (RoleInfo.java:updateAndGet(143)) - omNode-3: start LeaderElection
2020-04-21 09:12:53,131 [omNode-3@group-523986131536-LeaderElection135] INFO  impl.LeaderElection (LeaderElection.java:askForVotes(206)) - omNode-3@group-523986131536-LeaderElection135: begin an election at term 5 for 0: [omNode-3:localhost:13952, omNode-1:localhost:13940, omNode-2:localhost:13946], old=null
2020-04-21 09:12:53,133 [omNode-3@group-523986131536-LeaderElection135] INFO  impl.LeaderElection (LogUtils.java:infoOrTrace(137)) - omNode-3@group-523986131536-LeaderElection135 got exception when requesting votes: java.util.concurrent.ExecutionException: org.apache.ratis.thirdparty.io.grpc.StatusRuntimeException: UNAVAILABLE: io exception
2020-04-21 09:12:53,133 [omNode-3@group-523986131536-LeaderElection135] INFO  impl.LeaderElection (LogUtils.java:infoOrTrace(137)) - omNode-3@group-523986131536-LeaderElection135 got exception when requesting votes: java.util.concurrent.ExecutionException: org.apache.ratis.thirdparty.io.grpc.StatusRuntimeException: UNAVAILABLE: io exception
2020-04-21 09:12:53,133 [omNode-3@group-523986131536-LeaderElection135] INFO  impl.LeaderElection (LeaderElection.java:logAndReturn(61)) - omNode-3@group-523986131536-LeaderElection135: Election REJECTED; received 0 response(s) [] and 2 exception(s); omNode-3@group-523986131536:t5, leader=null, voted=omNode-3, raftlog=omNode-3@group-523986131536-SegmentedRaftLog:OPENED:c0,f0,i0, conf=0: [omNode-3:localhost:13952, omNode-1:localhost:13940, omNode-2:localhost:13946], old=null
2020-04-21 09:12:53,134 [omNode-3@group-523986131536-LeaderElection135] INFO  impl.LeaderElection (LogUtils.java:infoOrTrace(137)) -   Exception 0: java.util.concurrent.ExecutionException: org.apache.ratis.thirdparty.io.grpc.StatusRuntimeException: UNAVAILABLE: io exception
2020-04-21 09:12:53,134 [omNode-3@group-523986131536-LeaderElection135] INFO  impl.LeaderElection (LogUtils.java:infoOrTrace(137)) -   Exception 1: java.util.concurrent.ExecutionException: org.apache.ratis.thirdparty.io.grpc.StatusRuntimeException: UNAVAILABLE: io exception
2020-04-21 09:12:53,134 [omNode-3@group-523986131536-LeaderElection135] INFO  impl.RaftServerImpl (RaftServerImpl.java:setRole(172)) - omNode-3@group-523986131536: changes role from CANDIDATE to FOLLOWER at term 5 for DISCOVERED_A_NEW_TERM
2020-04-21 09:12:53,134 [omNode-3@group-523986131536-LeaderElection135] INFO  impl.RoleInfo (RoleInfo.java:shutdownLeaderElection(134)) - omNode-3: shutdown LeaderElection
2020-04-21 09:12:53,134 [omNode-3@group-523986131536-LeaderElection135] INFO  impl.RoleInfo (RoleInfo.java:updateAndGet(143)) - omNode-3: start FollowerState
2020-04-21 09:12:54,051 [Thread-8729] INFO  ha.OMFailoverProxyProvider (OzoneManagerProtocolClientSideTranslatorPB.java:shouldRetry(280)) - RetryProxy: End of File Exception between local host is: "f71c9419dfe5/172.17.0.2"; destination host is: "localhost":13936; : java.io.EOFException; For more details see:  http://wiki.apache.org/hadoop/EOFException
2020-04-21 09:12:54,051 [Thread-8729] INFO  retry.RetryInvocationHandler (RetryInvocationHandler.java:log(411)) - com.google.protobuf.ServiceException: java.io.EOFException: End of File Exception between local host is: "f71c9419dfe5/172.17.0.2"; destination host is: "localhost":13936; : java.io.EOFException; For more details see:  http://wiki.apache.org/hadoop/EOFException, while invoking $Proxy43.submitRequest over nodeId=omNode-1,nodeAddress=127.0.0.1:13936 after 2 failover attempts. Trying to failover immediately.
2020-04-21 09:12:54,212 [Thread-9140] INFO  impl.FollowerState (FollowerState.java:run(108)) - omNode-3@group-523986131536-FollowerState: change to CANDIDATE, lastRpcTime:1078ms, electionTimeout:1078ms
2020-04-21 09:12:54,212 [Thread-9140] INFO  impl.RoleInfo (RoleInfo.java:shutdownFollowerState(121)) - omNode-3: shutdown FollowerState
2020-04-21 09:12:54,213 [Thread-9140] INFO  impl.RaftServerImpl (RaftServerImpl.java:setRole(172)) - omNode-3@group-523986131536: changes role from  FOLLOWER to CANDIDATE at term 5 for changeToCandidate
2020-04-21 09:12:54,213 [Thread-9140] INFO  impl.RoleInfo (RoleInfo.java:updateAndGet(143)) - omNode-3: start LeaderElection
2020-04-21 09:12:54,216 [omNode-3@group-523986131536-LeaderElection136] INFO  impl.LeaderElection (LeaderElection.java:askForVotes(206)) - omNode-3@group-523986131536-LeaderElection136: begin an election at term 6 for 0: [omNode-3:localhost:13952, omNode-1:localhost:13940, omNode-2:localhost:13946], old=null
2020-04-21 09:12:54,219 [omNode-3@group-523986131536-LeaderElection136] INFO  impl.LeaderElection (LogUtils.java:infoOrTrace(137)) - omNode-3@group-523986131536-LeaderElection136 got exception when requesting votes: java.util.concurrent.ExecutionException: org.apache.ratis.thirdparty.io.grpc.StatusRuntimeException: UNAVAILABLE: io exception
2020-04-21 09:12:54,219 [omNode-3@group-523986131536-LeaderElection136] INFO  impl.LeaderElection (LogUtils.java:infoOrTrace(137)) - omNode-3@group-523986131536-LeaderElection136 got exception when requesting votes: java.util.concurrent.ExecutionException: org.apache.ratis.thirdparty.io.grpc.StatusRuntimeException: UNAVAILABLE: io exception
2020-04-21 09:12:54,219 [omNode-3@group-523986131536-LeaderElection136] INFO  impl.LeaderElection (LeaderElection.java:logAndReturn(61)) - omNode-3@group-523986131536-LeaderElection136: Election REJECTED; received 0 response(s) [] and 2 exception(s); omNode-3@group-523986131536:t6, leader=null, voted=omNode-3, raftlog=omNode-3@group-523986131536-SegmentedRaftLog:OPENED:c0,f0,i0, conf=0: [omNode-3:localhost:13952, omNode-1:localhost:13940, omNode-2:localhost:13946], old=null
2020-04-21 09:12:54,219 [omNode-3@group-523986131536-LeaderElection136] INFO  impl.LeaderElection (LogUtils.java:infoOrTrace(137)) -   Exception 0: java.util.concurrent.ExecutionException: org.apache.ratis.thirdparty.io.grpc.StatusRuntimeException: UNAVAILABLE: io exception
2020-04-21 09:12:54,219 [omNode-3@group-523986131536-LeaderElection136] INFO  impl.LeaderElection (LogUtils.java:infoOrTrace(137)) -   Exception 1: java.util.concurrent.ExecutionException: org.apache.ratis.thirdparty.io.grpc.StatusRuntimeException: UNAVAILABLE: io exception
2020-04-21 09:12:54,219 [omNode-3@group-523986131536-LeaderElection136] INFO  impl.RaftServerImpl (RaftServerImpl.java:setRole(172)) - omNode-3@group-523986131536: changes role from CANDIDATE to FOLLOWER at term 6 for DISCOVERED_A_NEW_TERM
2020-04-21 09:12:54,220 [omNode-3@group-523986131536-LeaderElection136] INFO  impl.RoleInfo (RoleInfo.java:shutdownLeaderElection(134)) - omNode-3: shutdown LeaderElection
2020-04-21 09:12:54,220 [omNode-3@group-523986131536-LeaderElection136] INFO  impl.RoleInfo (RoleInfo.java:updateAndGet(143)) - omNode-3: start FollowerState
2020-04-21 09:12:54,252 [Thread-8729] INFO  ipc.Client (Client.java:handleConnectionFailure(948)) - Retrying connect to server: localhost/127.0.0.1:13942. Already tried 0 time(s); retry policy is RetryUpToMaximumCountWithFixedSleep(maxRetries=4, sleepTime=200 MILLISECONDS)
2020-04-21 09:12:54,452 [Thread-8729] INFO  ipc.Client (Client.java:handleConnectionFailure(948)) - Retrying connect to server: localhost/127.0.0.1:13942. Already tried 1 time(s); retry policy is RetryUpToMaximumCountWithFixedSleep(maxRetries=4, sleepTime=200 MILLISECONDS)
2020-04-21 09:12:54,653 [Thread-8729] INFO  ipc.Client (Client.java:handleConnectionFailure(948)) - Retrying connect to server: localhost/127.0.0.1:13942. Already tried 2 time(s); retry policy is RetryUpToMaximumCountWithFixedSleep(maxRetries=4, sleepTime=200 MILLISECONDS)
2020-04-21 09:12:54,854 [Thread-8729] INFO  ipc.Client (Client.java:handleConnectionFailure(948)) - Retrying connect to server: localhost/127.0.0.1:13942. Already tried 3 time(s); retry policy is RetryUpToMaximumCountWithFixedSleep(maxRetries=4, sleepTime=200 MILLISECONDS)
2020-04-21 09:12:54,855 [Thread-8729] INFO  ha.OMFailoverProxyProvider (OzoneManagerProtocolClientSideTranslatorPB.java:shouldRetry(280)) - RetryProxy: Call From f71c9419dfe5/172.17.0.2 to localhost:13942 failed on connection exception: java.net.ConnectException: Connection refused; For more details see:  http://wiki.apache.org/hadoop/ConnectionRefused
2020-04-21 09:12:54,855 [Thread-8729] INFO  retry.RetryInvocationHandler (RetryInvocationHandler.java:log(411)) - com.google.protobuf.ServiceException: java.net.ConnectException: Call From f71c9419dfe5/172.17.0.2 to localhost:13942 failed on connection exception: java.net.ConnectException: Connection refused; For more details see:  http://wiki.apache.org/hadoop/ConnectionRefused, while invoking $Proxy43.submitRequest over nodeId=omNode-2,nodeAddress=127.0.0.1:13942 after 3 failover attempts. Trying to failover immediately.
2020-04-21 09:12:54,856 [IPC Server handler 4 on 13948] INFO  ipc.Server (Server.java:logException(2726)) - IPC Server handler 4 on 13948, call Call#1437 Retry#4 org.apache.hadoop.ozone.om.protocol.OzoneManagerProtocol.submitRequest from 127.0.0.1:51128
org.apache.hadoop.ozone.om.exceptions.OMNotLeaderException: OM:omNode-3 is not the leader. Could not determine the leader node.
	at org.apache.hadoop.ozone.protocolPB.OzoneManagerProtocolServerSideTranslatorPB.createNotLeaderException(OzoneManagerProtocolServerSideTranslatorPB.java:187)
	at org.apache.hadoop.ozone.protocolPB.OzoneManagerProtocolServerSideTranslatorPB.processRequest(OzoneManagerProtocolServerSideTranslatorPB.java:127)
	at org.apache.hadoop.hdds.server.OzoneProtocolMessageDispatcher.processRequest(OzoneProtocolMessageDispatcher.java:75)
	at org.apache.hadoop.ozone.protocolPB.OzoneManagerProtocolServerSideTranslatorPB.submitRequest(OzoneManagerProtocolServerSideTranslatorPB.java:99)
	at org.apache.hadoop.ozone.protocol.proto.OzoneManagerProtocolProtos$OzoneManagerService$2.callBlockingMethod(OzoneManagerProtocolProtos.java)
	at org.apache.hadoop.ipc.ProtobufRpcEngine$Server$ProtoBufRpcInvoker.call(ProtobufRpcEngine.java:524)
	at org.apache.hadoop.ipc.RPC$Server.call(RPC.java:1025)
	at org.apache.hadoop.ipc.Server$RpcCall.run(Server.java:876)
	at org.apache.hadoop.ipc.Server$RpcCall.run(Server.java:822)
	at java.security.AccessController.doPrivileged(Native Method)
	at javax.security.auth.Subject.doAs(Subject.java:422)
	at org.apache.hadoop.security.UserGroupInformation.doAs(UserGroupInformation.java:1730)
	at org.apache.hadoop.ipc.Server$Handler.run(Server.java:2682)
2020-04-21 09:12:54,859 [Thread-8729] INFO  ha.OMFailoverProxyProvider (OzoneManagerProtocolClientSideTranslatorPB.java:shouldRetry(280)) - RetryProxy: OM:omNode-3 is not the leader. Could not determine the leader node.
	at org.apache.hadoop.ozone.protocolPB.OzoneManagerProtocolServerSideTranslatorPB.createNotLeaderException(OzoneManagerProtocolServerSideTranslatorPB.java:187)
	at org.apache.hadoop.ozone.protocolPB.OzoneManagerProtocolServerSideTranslatorPB.processRequest(OzoneManagerProtocolServerSideTranslatorPB.java:127)
	at org.apache.hadoop.hdds.server.OzoneProtocolMessageDispatcher.processRequest(OzoneProtocolMessageDispatcher.java:75)
	at org.apache.hadoop.ozone.protocolPB.OzoneManagerProtocolServerSideTranslatorPB.submitRequest(OzoneManagerProtocolServerSideTranslatorPB.java:99)
	at org.apache.hadoop.ozone.protocol.proto.OzoneManagerProtocolProtos$OzoneManagerService$2.callBlockingMethod(OzoneManagerProtocolProtos.java)
	at org.apache.hadoop.ipc.ProtobufRpcEngine$Server$ProtoBufRpcInvoker.call(ProtobufRpcEngine.java:524)
	at org.apache.hadoop.ipc.RPC$Server.call(RPC.java:1025)
	at org.apache.hadoop.ipc.Server$RpcCall.run(Server.java:876)
	at org.apache.hadoop.ipc.Server$RpcCall.run(Server.java:822)
	at java.security.AccessController.doPrivileged(Native Method)
	at javax.security.auth.Subject.doAs(Subject.java:422)
	at org.apache.hadoop.security.UserGroupInformation.doAs(UserGroupInformation.java:1730)
	at org.apache.hadoop.ipc.Server$Handler.run(Server.java:2682)

2020-04-21 09:12:54,864 [Thread-8729] INFO  retry.RetryInvocationHandler (RetryInvocationHandler.java:log(411)) - com.google.protobuf.ServiceException: org.apache.hadoop.ipc.RemoteException(org.apache.hadoop.ozone.om.exceptions.OMNotLeaderException): OM:omNode-3 is not the leader. Could not determine the leader node.
	at org.apache.hadoop.ozone.protocolPB.OzoneManagerProtocolServerSideTranslatorPB.createNotLeaderException(OzoneManagerProtocolServerSideTranslatorPB.java:187)
	at org.apache.hadoop.ozone.protocolPB.OzoneManagerProtocolServerSideTranslatorPB.processRequest(OzoneManagerProtocolServerSideTranslatorPB.java:127)
	at org.apache.hadoop.hdds.server.OzoneProtocolMessageDispatcher.processRequest(OzoneProtocolMessageDispatcher.java:75)
	at org.apache.hadoop.ozone.protocolPB.OzoneManagerProtocolServerSideTranslatorPB.submitRequest(OzoneManagerProtocolServerSideTranslatorPB.java:99)
	at org.apache.hadoop.ozone.protocol.proto.OzoneManagerProtocolProtos$OzoneManagerService$2.callBlockingMethod(OzoneManagerProtocolProtos.java)
	at org.apache.hadoop.ipc.ProtobufRpcEngine$Server$ProtoBufRpcInvoker.call(ProtobufRpcEngine.java:524)
	at org.apache.hadoop.ipc.RPC$Server.call(RPC.java:1025)
	at org.apache.hadoop.ipc.Server$RpcCall.run(Server.java:876)
	at org.apache.hadoop.ipc.Server$RpcCall.run(Server.java:822)
	at java.security.AccessController.doPrivileged(Native Method)
	at javax.security.auth.Subject.doAs(Subject.java:422)
	at org.apache.hadoop.security.UserGroupInformation.doAs(UserGroupInformation.java:1730)
	at org.apache.hadoop.ipc.Server$Handler.run(Server.java:2682)
, while invoking $Proxy43.submitRequest over nodeId=omNode-3,nodeAddress=127.0.0.1:13948 after 4 failover attempts. Trying to failover after sleeping for 2000ms.
2020-04-21 09:12:55,286 [Thread-9145] INFO  impl.FollowerState (FollowerState.java:run(108)) - omNode-3@group-523986131536-FollowerState: change to CANDIDATE, lastRpcTime:1066ms, electionTimeout:1066ms
2020-04-21 09:12:55,288 [Thread-9145] INFO  impl.RoleInfo (RoleInfo.java:shutdownFollowerState(121)) - omNode-3: shutdown FollowerState
2020-04-21 09:12:55,288 [Thread-9145] INFO  impl.RaftServerImpl (RaftServerImpl.java:setRole(172)) - omNode-3@group-523986131536: changes role from  FOLLOWER to CANDIDATE at term 6 for changeToCandidate
2020-04-21 09:12:55,288 [Thread-9145] INFO  impl.RoleInfo (RoleInfo.java:updateAndGet(143)) - omNode-3: start LeaderElection
2020-04-21 09:12:55,291 [omNode-3@group-523986131536-LeaderElection137] INFO  impl.LeaderElection (LeaderElection.java:askForVotes(206)) - omNode-3@group-523986131536-LeaderElection137: begin an election at term 7 for 0: [omNode-3:localhost:13952, omNode-1:localhost:13940, omNode-2:localhost:13946], old=null
2020-04-21 09:12:55,293 [omNode-3@group-523986131536-LeaderElection137] INFO  impl.LeaderElection (LogUtils.java:infoOrTrace(137)) - omNode-3@group-523986131536-LeaderElection137 got exception when requesting votes: java.util.concurrent.ExecutionException: org.apache.ratis.thirdparty.io.grpc.StatusRuntimeException: UNAVAILABLE: io exception
2020-04-21 09:12:55,294 [omNode-3@group-523986131536-LeaderElection137] INFO  impl.LeaderElection (LogUtils.java:infoOrTrace(137)) - omNode-3@group-523986131536-LeaderElection137 got exception when requesting votes: java.util.concurrent.ExecutionException: org.apache.ratis.thirdparty.io.grpc.StatusRuntimeException: UNAVAILABLE: io exception
2020-04-21 09:12:55,294 [omNode-3@group-523986131536-LeaderElection137] INFO  impl.LeaderElection (LeaderElection.java:logAndReturn(61)) - omNode-3@group-523986131536-LeaderElection137: Election REJECTED; received 0 response(s) [] and 2 exception(s); omNode-3@group-523986131536:t7, leader=null, voted=omNode-3, raftlog=omNode-3@group-523986131536-SegmentedRaftLog:OPENED:c0,f0,i0, conf=0: [omNode-3:localhost:13952, omNode-1:localhost:13940, omNode-2:localhost:13946], old=null
2020-04-21 09:12:55,294 [omNode-3@group-523986131536-LeaderElection137] INFO  impl.LeaderElection (LogUtils.java:infoOrTrace(137)) -   Exception 0: java.util.concurrent.ExecutionException: org.apache.ratis.thirdparty.io.grpc.StatusRuntimeException: UNAVAILABLE: io exception
2020-04-21 09:12:55,294 [omNode-3@group-523986131536-LeaderElection137] INFO  impl.LeaderElection (LogUtils.java:infoOrTrace(137)) -   Exception 1: java.util.concurrent.ExecutionException: org.apache.ratis.thirdparty.io.grpc.StatusRuntimeException: UNAVAILABLE: io exception
2020-04-21 09:12:55,294 [omNode-3@group-523986131536-LeaderElection137] INFO  impl.RaftServerImpl (RaftServerImpl.java:setRole(172)) - omNode-3@group-523986131536: changes role from CANDIDATE to FOLLOWER at term 7 for DISCOVERED_A_NEW_TERM
2020-04-21 09:12:55,294 [omNode-3@group-523986131536-LeaderElection137] INFO  impl.RoleInfo (RoleInfo.java:shutdownLeaderElection(134)) - omNode-3: shutdown LeaderElection
2020-04-21 09:12:55,294 [omNode-3@group-523986131536-LeaderElection137] INFO  impl.RoleInfo (RoleInfo.java:updateAndGet(143)) - omNode-3: start FollowerState
2020-04-21 09:12:56,413 [Thread-9156] INFO  impl.FollowerState (FollowerState.java:run(108)) - omNode-3@group-523986131536-FollowerState: change to CANDIDATE, lastRpcTime:1119ms, electionTimeout:1119ms
2020-04-21 09:12:56,414 [Thread-9156] INFO  impl.RoleInfo (RoleInfo.java:shutdownFollowerState(121)) - omNode-3: shutdown FollowerState
2020-04-21 09:12:56,414 [Thread-9156] INFO  impl.RaftServerImpl (RaftServerImpl.java:setRole(172)) - omNode-3@group-523986131536: changes role from  FOLLOWER to CANDIDATE at term 7 for changeToCandidate
2020-04-21 09:12:56,414 [Thread-9156] INFO  impl.RoleInfo (RoleInfo.java:updateAndGet(143)) - omNode-3: start LeaderElection
2020-04-21 09:12:56,417 [omNode-3@group-523986131536-LeaderElection138] INFO  impl.LeaderElection (LeaderElection.java:askForVotes(206)) - omNode-3@group-523986131536-LeaderElection138: begin an election at term 8 for 0: [omNode-3:localhost:13952, omNode-1:localhost:13940, omNode-2:localhost:13946], old=null
2020-04-21 09:12:56,420 [omNode-3@group-523986131536-LeaderElection138] INFO  impl.LeaderElection (LogUtils.java:infoOrTrace(137)) - omNode-3@group-523986131536-LeaderElection138 got exception when requesting votes: java.util.concurrent.ExecutionException: org.apache.ratis.thirdparty.io.grpc.StatusRuntimeException: UNAVAILABLE: io exception
2020-04-21 09:12:56,420 [omNode-3@group-523986131536-LeaderElection138] INFO  impl.LeaderElection (LogUtils.java:infoOrTrace(137)) - omNode-3@group-523986131536-LeaderElection138 got exception when requesting votes: java.util.concurrent.ExecutionException: org.apache.ratis.thirdparty.io.grpc.StatusRuntimeException: UNAVAILABLE: io exception
2020-04-21 09:12:56,420 [omNode-3@group-523986131536-LeaderElection138] INFO  impl.LeaderElection (LeaderElection.java:logAndReturn(61)) - omNode-3@group-523986131536-LeaderElection138: Election REJECTED; received 0 response(s) [] and 2 exception(s); omNode-3@group-523986131536:t8, leader=null, voted=omNode-3, raftlog=omNode-3@group-523986131536-SegmentedRaftLog:OPENED:c0,f0,i0, conf=0: [omNode-3:localhost:13952, omNode-1:localhost:13940, omNode-2:localhost:13946], old=null
2020-04-21 09:12:56,420 [omNode-3@group-523986131536-LeaderElection138] INFO  impl.LeaderElection (LogUtils.java:infoOrTrace(137)) -   Exception 0: java.util.concurrent.ExecutionException: org.apache.ratis.thirdparty.io.grpc.StatusRuntimeException: UNAVAILABLE: io exception
2020-04-21 09:12:56,420 [omNode-3@group-523986131536-LeaderElection138] INFO  impl.LeaderElection (LogUtils.java:infoOrTrace(137)) -   Exception 1: java.util.concurrent.ExecutionException: org.apache.ratis.thirdparty.io.grpc.StatusRuntimeException: UNAVAILABLE: io exception
2020-04-21 09:12:56,420 [omNode-3@group-523986131536-LeaderElection138] INFO  impl.RaftServerImpl (RaftServerImpl.java:setRole(172)) - omNode-3@group-523986131536: changes role from CANDIDATE to FOLLOWER at term 8 for DISCOVERED_A_NEW_TERM
2020-04-21 09:12:56,420 [omNode-3@group-523986131536-LeaderElection138] INFO  impl.RoleInfo (RoleInfo.java:shutdownLeaderElection(134)) - omNode-3: shutdown LeaderElection
2020-04-21 09:12:56,420 [omNode-3@group-523986131536-LeaderElection138] INFO  impl.RoleInfo (RoleInfo.java:updateAndGet(143)) - omNode-3: start FollowerState
2020-04-21 09:12:57,065 [Thread-8729] INFO  ipc.Client (Client.java:handleConnectionFailure(948)) - Retrying connect to server: localhost/127.0.0.1:13936. Already tried 0 time(s); retry policy is RetryUpToMaximumCountWithFixedSleep(maxRetries=4, sleepTime=200 MILLISECONDS)
2020-04-21 09:12:57,266 [Thread-8729] INFO  ipc.Client (Client.java:handleConnectionFailure(948)) - Retrying connect to server: localhost/127.0.0.1:13936. Already tried 1 time(s); retry policy is RetryUpToMaximumCountWithFixedSleep(maxRetries=4, sleepTime=200 MILLISECONDS)
2020-04-21 09:12:57,467 [Thread-8729] INFO  ipc.Client (Client.java:handleConnectionFailure(948)) - Retrying connect to server: localhost/127.0.0.1:13936. Already tried 2 time(s); retry policy is RetryUpToMaximumCountWithFixedSleep(maxRetries=4, sleepTime=200 MILLISECONDS)
2020-04-21 09:12:57,479 [Thread-9161] INFO  impl.FollowerState (FollowerState.java:run(108)) - omNode-3@group-523986131536-FollowerState: change to CANDIDATE, lastRpcTime:1058ms, electionTimeout:1058ms
2020-04-21 09:12:57,479 [Thread-9161] INFO  impl.RoleInfo (RoleInfo.java:shutdownFollowerState(121)) - omNode-3: shutdown FollowerState
2020-04-21 09:12:57,479 [Thread-9161] INFO  impl.RaftServerImpl (RaftServerImpl.java:setRole(172)) - omNode-3@group-523986131536: changes role from  FOLLOWER to CANDIDATE at term 8 for changeToCandidate
2020-04-21 09:12:57,479 [Thread-9161] INFO  impl.RoleInfo (RoleInfo.java:updateAndGet(143)) - omNode-3: start LeaderElection
2020-04-21 09:12:57,483 [omNode-3@group-523986131536-LeaderElection139] INFO  impl.LeaderElection (LeaderElection.java:askForVotes(206)) - omNode-3@group-523986131536-LeaderElection139: begin an election at term 9 for 0: [omNode-3:localhost:13952, omNode-1:localhost:13940, omNode-2:localhost:13946], old=null
2020-04-21 09:12:57,484 [omNode-3@group-523986131536-LeaderElection139] INFO  impl.LeaderElection (LogUtils.java:infoOrTrace(137)) - omNode-3@group-523986131536-LeaderElection139 got exception when requesting votes: java.util.concurrent.ExecutionException: org.apache.ratis.thirdparty.io.grpc.StatusRuntimeException: UNAVAILABLE: io exception
2020-04-21 09:12:57,484 [omNode-3@group-523986131536-LeaderElection139] INFO  impl.LeaderElection (LogUtils.java:infoOrTrace(137)) - omNode-3@group-523986131536-LeaderElection139 got exception when requesting votes: java.util.concurrent.ExecutionException: org.apache.ratis.thirdparty.io.grpc.StatusRuntimeException: UNAVAILABLE: io exception
2020-04-21 09:12:57,484 [omNode-3@group-523986131536-LeaderElection139] INFO  impl.LeaderElection (LeaderElection.java:logAndReturn(61)) - omNode-3@group-523986131536-LeaderElection139: Election REJECTED; received 0 response(s) [] and 2 exception(s); omNode-3@group-523986131536:t9, leader=null, voted=omNode-3, raftlog=omNode-3@group-523986131536-SegmentedRaftLog:OPENED:c0,f0,i0, conf=0: [omNode-3:localhost:13952, omNode-1:localhost:13940, omNode-2:localhost:13946], old=null
2020-04-21 09:12:57,484 [omNode-3@group-523986131536-LeaderElection139] INFO  impl.LeaderElection (LogUtils.java:infoOrTrace(137)) -   Exception 0: java.util.concurrent.ExecutionException: org.apache.ratis.thirdparty.io.grpc.StatusRuntimeException: UNAVAILABLE: io exception
2020-04-21 09:12:57,484 [omNode-3@group-523986131536-LeaderElection139] INFO  impl.LeaderElection (LogUtils.java:infoOrTrace(137)) -   Exception 1: java.util.concurrent.ExecutionException: org.apache.ratis.thirdparty.io.grpc.StatusRuntimeException: UNAVAILABLE: io exception
2020-04-21 09:12:57,484 [omNode-3@group-523986131536-LeaderElection139] INFO  impl.RaftServerImpl (RaftServerImpl.java:setRole(172)) - omNode-3@group-523986131536: changes role from CANDIDATE to FOLLOWER at term 9 for DISCOVERED_A_NEW_TERM
2020-04-21 09:12:57,484 [omNode-3@group-523986131536-LeaderElection139] INFO  impl.RoleInfo (RoleInfo.java:shutdownLeaderElection(134)) - omNode-3: shutdown LeaderElection
2020-04-21 09:12:57,484 [omNode-3@group-523986131536-LeaderElection139] INFO  impl.RoleInfo (RoleInfo.java:updateAndGet(143)) - omNode-3: start FollowerState
2020-04-21 09:12:57,668 [Thread-8729] INFO  ipc.Client (Client.java:handleConnectionFailure(948)) - Retrying connect to server: localhost/127.0.0.1:13936. Already tried 3 time(s); retry policy is RetryUpToMaximumCountWithFixedSleep(maxRetries=4, sleepTime=200 MILLISECONDS)
2020-04-21 09:12:57,669 [Thread-8729] INFO  ha.OMFailoverProxyProvider (OzoneManagerProtocolClientSideTranslatorPB.java:shouldRetry(280)) - RetryProxy: Call From f71c9419dfe5/172.17.0.2 to localhost:13936 failed on connection exception: java.net.ConnectException: Connection refused; For more details see:  http://wiki.apache.org/hadoop/ConnectionRefused
2020-04-21 09:12:57,669 [Thread-8729] INFO  retry.RetryInvocationHandler (RetryInvocationHandler.java:log(411)) - com.google.protobuf.ServiceException: java.net.ConnectException: Call From f71c9419dfe5/172.17.0.2 to localhost:13936 failed on connection exception: java.net.ConnectException: Connection refused; For more details see:  http://wiki.apache.org/hadoop/ConnectionRefused, while invoking $Proxy43.submitRequest over nodeId=omNode-1,nodeAddress=127.0.0.1:13936 after 5 failover attempts. Trying to failover immediately.
2020-04-21 09:12:57,869 [Thread-8729] INFO  ipc.Client (Client.java:handleConnectionFailure(948)) - Retrying connect to server: localhost/127.0.0.1:13942. Already tried 0 time(s); retry policy is RetryUpToMaximumCountWithFixedSleep(maxRetries=4, sleepTime=200 MILLISECONDS)
2020-04-21 09:12:58,070 [Thread-8729] INFO  ipc.Client (Client.java:handleConnectionFailure(948)) - Retrying connect to server: localhost/127.0.0.1:13942. Already tried 1 time(s); retry policy is RetryUpToMaximumCountWithFixedSleep(maxRetries=4, sleepTime=200 MILLISECONDS)
2020-04-21 09:12:58,271 [Thread-8729] INFO  ipc.Client (Client.java:handleConnectionFailure(948)) - Retrying connect to server: localhost/127.0.0.1:13942. Already tried 2 time(s); retry policy is RetryUpToMaximumCountWithFixedSleep(maxRetries=4, sleepTime=200 MILLISECONDS)
2020-04-21 09:12:58,472 [Thread-8729] INFO  ipc.Client (Client.java:handleConnectionFailure(948)) - Retrying connect to server: localhost/127.0.0.1:13942. Already tried 3 time(s); retry policy is RetryUpToMaximumCountWithFixedSleep(maxRetries=4, sleepTime=200 MILLISECONDS)
2020-04-21 09:12:58,473 [Thread-8729] INFO  ha.OMFailoverProxyProvider (OzoneManagerProtocolClientSideTranslatorPB.java:shouldRetry(280)) - RetryProxy: Call From f71c9419dfe5/172.17.0.2 to localhost:13942 failed on connection exception: java.net.ConnectException: Connection refused; For more details see:  http://wiki.apache.org/hadoop/ConnectionRefused
2020-04-21 09:12:58,473 [Thread-8729] ERROR ha.OMFailoverProxyProvider (OzoneManagerProtocolClientSideTranslatorPB.java:getRetryAction(291)) - Failed to connect to OMs: [nodeId=omNode-3,nodeAddress=127.0.0.1:13948, nodeId=omNode-1,nodeAddress=127.0.0.1:13936, nodeId=omNode-2,nodeAddress=127.0.0.1:13942]. Attempted 5 failovers.
2020-04-21 09:12:58,488 [Thread-8729] INFO  rpc.RpcClient (RpcClient.java:createVolume(304)) - Creating Volume: volume51319, with user26043 as owner.
2020-04-21 09:12:58,598 [Thread-9169] INFO  impl.FollowerState (FollowerState.java:run(108)) - omNode-3@group-523986131536-FollowerState: change to CANDIDATE, lastRpcTime:1113ms, electionTimeout:1113ms
2020-04-21 09:12:58,600 [Thread-9169] INFO  impl.RoleInfo (RoleInfo.java:shutdownFollowerState(121)) - omNode-3: shutdown FollowerState
2020-04-21 09:12:58,600 [Thread-9169] INFO  impl.RaftServerImpl (RaftServerImpl.java:setRole(172)) - omNode-3@group-523986131536: changes role from  FOLLOWER to CANDIDATE at term 9 for changeToCandidate
2020-04-21 09:12:58,600 [Thread-9169] INFO  impl.RoleInfo (RoleInfo.java:updateAndGet(143)) - omNode-3: start LeaderElection
2020-04-21 09:12:58,603 [omNode-3@group-523986131536-LeaderElection140] INFO  impl.LeaderElection (LeaderElection.java:askForVotes(206)) - omNode-3@group-523986131536-LeaderElection140: begin an election at term 10 for 0: [omNode-3:localhost:13952, omNode-1:localhost:13940, omNode-2:localhost:13946], old=null
2020-04-21 09:12:58,604 [omNode-3@group-523986131536-LeaderElection140] INFO  impl.LeaderElection (LogUtils.java:infoOrTrace(137)) - omNode-3@group-523986131536-LeaderElection140 got exception when requesting votes: java.util.concurrent.ExecutionException: org.apache.ratis.thirdparty.io.grpc.StatusRuntimeException: UNAVAILABLE: io exception
2020-04-21 09:12:58,604 [omNode-3@group-523986131536-LeaderElection140] INFO  impl.LeaderElection (LogUtils.java:infoOrTrace(137)) - omNode-3@group-523986131536-LeaderElection140 got exception when requesting votes: java.util.concurrent.ExecutionException: org.apache.ratis.thirdparty.io.grpc.StatusRuntimeException: UNAVAILABLE: io exception
2020-04-21 09:12:58,604 [omNode-3@group-523986131536-LeaderElection140] INFO  impl.LeaderElection (LeaderElection.java:logAndReturn(61)) - omNode-3@group-523986131536-LeaderElection140: Election REJECTED; received 0 response(s) [] and 2 exception(s); omNode-3@group-523986131536:t10, leader=null, voted=omNode-3, raftlog=omNode-3@group-523986131536-SegmentedRaftLog:OPENED:c0,f0,i0, conf=0: [omNode-3:localhost:13952, omNode-1:localhost:13940, omNode-2:localhost:13946], old=null
2020-04-21 09:12:58,604 [omNode-3@group-523986131536-LeaderElection140] INFO  impl.LeaderElection (LogUtils.java:infoOrTrace(137)) -   Exception 0: java.util.concurrent.ExecutionException: org.apache.ratis.thirdparty.io.grpc.StatusRuntimeException: UNAVAILABLE: io exception
2020-04-21 09:12:58,604 [omNode-3@group-523986131536-LeaderElection140] INFO  impl.LeaderElection (LogUtils.java:infoOrTrace(137)) -   Exception 1: java.util.concurrent.ExecutionException: org.apache.ratis.thirdparty.io.grpc.StatusRuntimeException: UNAVAILABLE: io exception
2020-04-21 09:12:58,605 [omNode-3@group-523986131536-LeaderElection140] INFO  impl.RaftServerImpl (RaftServerImpl.java:setRole(172)) - omNode-3@group-523986131536: changes role from CANDIDATE to FOLLOWER at term 10 for DISCOVERED_A_NEW_TERM
2020-04-21 09:12:58,605 [omNode-3@group-523986131536-LeaderElection140] INFO  impl.RoleInfo (RoleInfo.java:shutdownLeaderElection(134)) - omNode-3: shutdown LeaderElection
2020-04-21 09:12:58,605 [omNode-3@group-523986131536-LeaderElection140] INFO  impl.RoleInfo (RoleInfo.java:updateAndGet(143)) - omNode-3: start FollowerState
2020-04-21 09:12:58,688 [Thread-8729] INFO  ipc.Client (Client.java:handleConnectionFailure(948)) - Retrying connect to server: localhost/127.0.0.1:13942. Already tried 0 time(s); retry policy is RetryUpToMaximumCountWithFixedSleep(maxRetries=4, sleepTime=200 MILLISECONDS)
2020-04-21 09:12:58,889 [Thread-8729] INFO  ipc.Client (Client.java:handleConnectionFailure(948)) - Retrying connect to server: localhost/127.0.0.1:13942. Already tried 1 time(s); retry policy is RetryUpToMaximumCountWithFixedSleep(maxRetries=4, sleepTime=200 MILLISECONDS)
2020-04-21 09:12:59,090 [Thread-8729] INFO  ipc.Client (Client.java:handleConnectionFailure(948)) - Retrying connect to server: localhost/127.0.0.1:13942. Already tried 2 time(s); retry policy is RetryUpToMaximumCountWithFixedSleep(maxRetries=4, sleepTime=200 MILLISECONDS)
2020-04-21 09:12:59,290 [Thread-8729] INFO  ipc.Client (Client.java:handleConnectionFailure(948)) - Retrying connect to server: localhost/127.0.0.1:13942. Already tried 3 time(s); retry policy is RetryUpToMaximumCountWithFixedSleep(maxRetries=4, sleepTime=200 MILLISECONDS)
2020-04-21 09:12:59,291 [Thread-8729] INFO  ha.OMFailoverProxyProvider (OzoneManagerProtocolClientSideTranslatorPB.java:shouldRetry(280)) - RetryProxy: Call From f71c9419dfe5/172.17.0.2 to localhost:13942 failed on connection exception: java.net.ConnectException: Connection refused; For more details see:  http://wiki.apache.org/hadoop/ConnectionRefused
2020-04-21 09:12:59,291 [Thread-8729] INFO  retry.RetryInvocationHandler (RetryInvocationHandler.java:log(411)) - com.google.protobuf.ServiceException: java.net.ConnectException: Call From f71c9419dfe5/172.17.0.2 to localhost:13942 failed on connection exception: java.net.ConnectException: Connection refused; For more details see:  http://wiki.apache.org/hadoop/ConnectionRefused, while invoking $Proxy43.submitRequest over nodeId=omNode-2,nodeAddress=127.0.0.1:13942. Trying to failover after sleeping for 2000ms.
2020-04-21 09:12:59,714 [Thread-9178] INFO  impl.FollowerState (FollowerState.java:run(108)) - omNode-3@group-523986131536-FollowerState: change to CANDIDATE, lastRpcTime:1109ms, electionTimeout:1109ms
2020-04-21 09:12:59,715 [Thread-9178] INFO  impl.RoleInfo (RoleInfo.java:shutdownFollowerState(121)) - omNode-3: shutdown FollowerState
2020-04-21 09:12:59,715 [Thread-9178] INFO  impl.RaftServerImpl (RaftServerImpl.java:setRole(172)) - omNode-3@group-523986131536: changes role from  FOLLOWER to CANDIDATE at term 10 for changeToCandidate
2020-04-21 09:12:59,715 [Thread-9178] INFO  impl.RoleInfo (RoleInfo.java:updateAndGet(143)) - omNode-3: start LeaderElection
2020-04-21 09:12:59,719 [omNode-3@group-523986131536-LeaderElection141] INFO  impl.LeaderElection (LeaderElection.java:askForVotes(206)) - omNode-3@group-523986131536-LeaderElection141: begin an election at term 11 for 0: [omNode-3:localhost:13952, omNode-1:localhost:13940, omNode-2:localhost:13946], old=null
2020-04-21 09:12:59,721 [omNode-3@group-523986131536-LeaderElection141] INFO  impl.LeaderElection (LogUtils.java:infoOrTrace(137)) - omNode-3@group-523986131536-LeaderElection141 got exception when requesting votes: java.util.concurrent.ExecutionException: org.apache.ratis.thirdparty.io.grpc.StatusRuntimeException: UNAVAILABLE: io exception
2020-04-21 09:12:59,721 [omNode-3@group-523986131536-LeaderElection141] INFO  impl.LeaderElection (LogUtils.java:infoOrTrace(137)) - omNode-3@group-523986131536-LeaderElection141 got exception when requesting votes: java.util.concurrent.ExecutionException: org.apache.ratis.thirdparty.io.grpc.StatusRuntimeException: UNAVAILABLE: io exception
2020-04-21 09:12:59,721 [omNode-3@group-523986131536-LeaderElection141] INFO  impl.LeaderElection (LeaderElection.java:logAndReturn(61)) - omNode-3@group-523986131536-LeaderElection141: Election REJECTED; received 0 response(s) [] and 2 exception(s); omNode-3@group-523986131536:t11, leader=null, voted=omNode-3, raftlog=omNode-3@group-523986131536-SegmentedRaftLog:OPENED:c0,f0,i0, conf=0: [omNode-3:localhost:13952, omNode-1:localhost:13940, omNode-2:localhost:13946], old=null
2020-04-21 09:12:59,721 [omNode-3@group-523986131536-LeaderElection141] INFO  impl.LeaderElection (LogUtils.java:infoOrTrace(137)) -   Exception 0: java.util.concurrent.ExecutionException: org.apache.ratis.thirdparty.io.grpc.StatusRuntimeException: UNAVAILABLE: io exception
2020-04-21 09:12:59,721 [omNode-3@group-523986131536-LeaderElection141] INFO  impl.LeaderElection (LogUtils.java:infoOrTrace(137)) -   Exception 1: java.util.concurrent.ExecutionException: org.apache.ratis.thirdparty.io.grpc.StatusRuntimeException: UNAVAILABLE: io exception
2020-04-21 09:12:59,722 [omNode-3@group-523986131536-LeaderElection141] INFO  impl.RaftServerImpl (RaftServerImpl.java:setRole(172)) - omNode-3@group-523986131536: changes role from CANDIDATE to FOLLOWER at term 11 for DISCOVERED_A_NEW_TERM
2020-04-21 09:12:59,722 [omNode-3@group-523986131536-LeaderElection141] INFO  impl.RoleInfo (RoleInfo.java:shutdownLeaderElection(134)) - omNode-3: shutdown LeaderElection
2020-04-21 09:12:59,722 [omNode-3@group-523986131536-LeaderElection141] INFO  impl.RoleInfo (RoleInfo.java:updateAndGet(143)) - omNode-3: start FollowerState
2020-04-21 09:13:00,878 [Thread-9185] INFO  impl.FollowerState (FollowerState.java:run(108)) - omNode-3@group-523986131536-FollowerState: change to CANDIDATE, lastRpcTime:1156ms, electionTimeout:1156ms
2020-04-21 09:13:00,878 [Thread-9185] INFO  impl.RoleInfo (RoleInfo.java:shutdownFollowerState(121)) - omNode-3: shutdown FollowerState
2020-04-21 09:13:00,879 [Thread-9185] INFO  impl.RaftServerImpl (RaftServerImpl.java:setRole(172)) - omNode-3@group-523986131536: changes role from  FOLLOWER to CANDIDATE at term 11 for changeToCandidate
2020-04-21 09:13:00,879 [Thread-9185] INFO  impl.RoleInfo (RoleInfo.java:updateAndGet(143)) - omNode-3: start LeaderElection
2020-04-21 09:13:00,882 [omNode-3@group-523986131536-LeaderElection142] INFO  impl.LeaderElection (LeaderElection.java:askForVotes(206)) - omNode-3@group-523986131536-LeaderElection142: begin an election at term 12 for 0: [omNode-3:localhost:13952, omNode-1:localhost:13940, omNode-2:localhost:13946], old=null
2020-04-21 09:13:00,883 [omNode-3@group-523986131536-LeaderElection142] INFO  impl.LeaderElection (LogUtils.java:infoOrTrace(137)) - omNode-3@group-523986131536-LeaderElection142 got exception when requesting votes: java.util.concurrent.ExecutionException: org.apache.ratis.thirdparty.io.grpc.StatusRuntimeException: UNAVAILABLE: io exception
2020-04-21 09:13:00,884 [omNode-3@group-523986131536-LeaderElection142] INFO  impl.LeaderElection (LogUtils.java:infoOrTrace(137)) - omNode-3@group-523986131536-LeaderElection142 got exception when requesting votes: java.util.concurrent.ExecutionException: org.apache.ratis.thirdparty.io.grpc.StatusRuntimeException: UNAVAILABLE: io exception
2020-04-21 09:13:00,884 [omNode-3@group-523986131536-LeaderElection142] INFO  impl.LeaderElection (LeaderElection.java:logAndReturn(61)) - omNode-3@group-523986131536-LeaderElection142: Election REJECTED; received 0 response(s) [] and 2 exception(s); omNode-3@group-523986131536:t12, leader=null, voted=omNode-3, raftlog=omNode-3@group-523986131536-SegmentedRaftLog:OPENED:c0,f0,i0, conf=0: [omNode-3:localhost:13952, omNode-1:localhost:13940, omNode-2:localhost:13946], old=null
2020-04-21 09:13:00,884 [omNode-3@group-523986131536-LeaderElection142] INFO  impl.LeaderElection (LogUtils.java:infoOrTrace(137)) -   Exception 0: java.util.concurrent.ExecutionException: org.apache.ratis.thirdparty.io.grpc.StatusRuntimeException: UNAVAILABLE: io exception
2020-04-21 09:13:00,884 [omNode-3@group-523986131536-LeaderElection142] INFO  impl.LeaderElection (LogUtils.java:infoOrTrace(137)) -   Exception 1: java.util.concurrent.ExecutionException: org.apache.ratis.thirdparty.io.grpc.StatusRuntimeException: UNAVAILABLE: io exception
2020-04-21 09:13:00,884 [omNode-3@group-523986131536-LeaderElection142] INFO  impl.RaftServerImpl (RaftServerImpl.java:setRole(172)) - omNode-3@group-523986131536: changes role from CANDIDATE to FOLLOWER at term 12 for DISCOVERED_A_NEW_TERM
2020-04-21 09:13:00,884 [omNode-3@group-523986131536-LeaderElection142] INFO  impl.RoleInfo (RoleInfo.java:shutdownLeaderElection(134)) - omNode-3: shutdown LeaderElection
2020-04-21 09:13:00,884 [omNode-3@group-523986131536-LeaderElection142] INFO  impl.RoleInfo (RoleInfo.java:updateAndGet(143)) - omNode-3: start FollowerState
2020-04-21 09:13:01,493 [Thread-8729] INFO  ipc.Client (Client.java:handleConnectionFailure(948)) - Retrying connect to server: localhost/127.0.0.1:13936. Already tried 0 time(s); retry policy is RetryUpToMaximumCountWithFixedSleep(maxRetries=4, sleepTime=200 MILLISECONDS)
2020-04-21 09:13:01,694 [Thread-8729] INFO  ipc.Client (Client.java:handleConnectionFailure(948)) - Retrying connect to server: localhost/127.0.0.1:13936. Already tried 1 time(s); retry policy is RetryUpToMaximumCountWithFixedSleep(maxRetries=4, sleepTime=200 MILLISECONDS)
2020-04-21 09:13:01,891 [Thread-9193] INFO  impl.FollowerState (FollowerState.java:run(108)) - omNode-3@group-523986131536-FollowerState: change to CANDIDATE, lastRpcTime:1007ms, electionTimeout:1007ms
2020-04-21 09:13:01,892 [Thread-9193] INFO  impl.RoleInfo (RoleInfo.java:shutdownFollowerState(121)) - omNode-3: shutdown FollowerState
2020-04-21 09:13:01,892 [Thread-9193] INFO  impl.RaftServerImpl (RaftServerImpl.java:setRole(172)) - omNode-3@group-523986131536: changes role from  FOLLOWER to CANDIDATE at term 12 for changeToCandidate
2020-04-21 09:13:01,892 [Thread-9193] INFO  impl.RoleInfo (RoleInfo.java:updateAndGet(143)) - omNode-3: start LeaderElection
2020-04-21 09:13:01,896 [Thread-8729] INFO  ipc.Client (Client.java:handleConnectionFailure(948)) - Retrying connect to server: localhost/127.0.0.1:13936. Already tried 2 time(s); retry policy is RetryUpToMaximumCountWithFixedSleep(maxRetries=4, sleepTime=200 MILLISECONDS)
2020-04-21 09:13:01,897 [omNode-3@group-523986131536-LeaderElection143] INFO  impl.LeaderElection (LeaderElection.java:askForVotes(206)) - omNode-3@group-523986131536-LeaderElection143: begin an election at term 13 for 0: [omNode-3:localhost:13952, omNode-1:localhost:13940, omNode-2:localhost:13946], old=null
2020-04-21 09:13:01,899 [omNode-3@group-523986131536-LeaderElection143] INFO  impl.LeaderElection (LogUtils.java:infoOrTrace(137)) - omNode-3@group-523986131536-LeaderElection143 got exception when requesting votes: java.util.concurrent.ExecutionException: org.apache.ratis.thirdparty.io.grpc.StatusRuntimeException: UNAVAILABLE: io exception
2020-04-21 09:13:01,901 [omNode-3@group-523986131536-LeaderElection143] INFO  impl.LeaderElection (LogUtils.java:infoOrTrace(137)) - omNode-3@group-523986131536-LeaderElection143 got exception when requesting votes: java.util.concurrent.ExecutionException: org.apache.ratis.thirdparty.io.grpc.StatusRuntimeException: UNAVAILABLE: io exception
2020-04-21 09:13:01,901 [omNode-3@group-523986131536-LeaderElection143] INFO  impl.LeaderElection (LeaderElection.java:logAndReturn(61)) - omNode-3@group-523986131536-LeaderElection143: Election REJECTED; received 0 response(s) [] and 2 exception(s); omNode-3@group-523986131536:t13, leader=null, voted=omNode-3, raftlog=omNode-3@group-523986131536-SegmentedRaftLog:OPENED:c0,f0,i0, conf=0: [omNode-3:localhost:13952, omNode-1:localhost:13940, omNode-2:localhost:13946], old=null
2020-04-21 09:13:01,901 [omNode-3@group-523986131536-LeaderElection143] INFO  impl.LeaderElection (LogUtils.java:infoOrTrace(137)) -   Exception 0: java.util.concurrent.ExecutionException: org.apache.ratis.thirdparty.io.grpc.StatusRuntimeException: UNAVAILABLE: io exception
2020-04-21 09:13:01,901 [omNode-3@group-523986131536-LeaderElection143] INFO  impl.LeaderElection (LogUtils.java:infoOrTrace(137)) -   Exception 1: java.util.concurrent.ExecutionException: org.apache.ratis.thirdparty.io.grpc.StatusRuntimeException: UNAVAILABLE: io exception
2020-04-21 09:13:01,901 [omNode-3@group-523986131536-LeaderElection143] INFO  impl.RaftServerImpl (RaftServerImpl.java:setRole(172)) - omNode-3@group-523986131536: changes role from CANDIDATE to FOLLOWER at term 13 for DISCOVERED_A_NEW_TERM
2020-04-21 09:13:01,901 [omNode-3@group-523986131536-LeaderElection143] INFO  impl.RoleInfo (RoleInfo.java:shutdownLeaderElection(134)) - omNode-3: shutdown LeaderElection
2020-04-21 09:13:01,901 [omNode-3@group-523986131536-LeaderElection143] INFO  impl.RoleInfo (RoleInfo.java:updateAndGet(143)) - omNode-3: start FollowerState
2020-04-21 09:13:02,096 [Thread-8729] INFO  ipc.Client (Client.java:handleConnectionFailure(948)) - Retrying connect to server: localhost/127.0.0.1:13936. Already tried 3 time(s); retry policy is RetryUpToMaximumCountWithFixedSleep(maxRetries=4, sleepTime=200 MILLISECONDS)
2020-04-21 09:13:02,097 [Thread-8729] INFO  ha.OMFailoverProxyProvider (OzoneManagerProtocolClientSideTranslatorPB.java:shouldRetry(280)) - RetryProxy: Call From f71c9419dfe5/172.17.0.2 to localhost:13936 failed on connection exception: java.net.ConnectException: Connection refused; For more details see:  http://wiki.apache.org/hadoop/ConnectionRefused
2020-04-21 09:13:02,097 [Thread-8729] INFO  retry.RetryInvocationHandler (RetryInvocationHandler.java:log(411)) - com.google.protobuf.ServiceException: java.net.ConnectException: Call From f71c9419dfe5/172.17.0.2 to localhost:13936 failed on connection exception: java.net.ConnectException: Connection refused; For more details see:  http://wiki.apache.org/hadoop/ConnectionRefused, while invoking $Proxy43.submitRequest over nodeId=omNode-1,nodeAddress=127.0.0.1:13936 after 1 failover attempts. Trying to failover immediately.
2020-04-21 09:13:02,298 [Thread-8729] INFO  ipc.Client (Client.java:handleConnectionFailure(948)) - Retrying connect to server: localhost/127.0.0.1:13942. Already tried 0 time(s); retry policy is RetryUpToMaximumCountWithFixedSleep(maxRetries=4, sleepTime=200 MILLISECONDS)
2020-04-21 09:13:02,499 [Thread-8729] INFO  ipc.Client (Client.java:handleConnectionFailure(948)) - Retrying connect to server: localhost/127.0.0.1:13942. Already tried 1 time(s); retry policy is RetryUpToMaximumCountWithFixedSleep(maxRetries=4, sleepTime=200 MILLISECONDS)
2020-04-21 09:13:02,699 [Thread-8729] INFO  ipc.Client (Client.java:handleConnectionFailure(948)) - Retrying connect to server: localhost/127.0.0.1:13942. Already tried 2 time(s); retry policy is RetryUpToMaximumCountWithFixedSleep(maxRetries=4, sleepTime=200 MILLISECONDS)
2020-04-21 09:13:02,900 [Thread-8729] INFO  ipc.Client (Client.java:handleConnectionFailure(948)) - Retrying connect to server: localhost/127.0.0.1:13942. Already tried 3 time(s); retry policy is RetryUpToMaximumCountWithFixedSleep(maxRetries=4, sleepTime=200 MILLISECONDS)
2020-04-21 09:13:02,901 [Thread-8729] INFO  ha.OMFailoverProxyProvider (OzoneManagerProtocolClientSideTranslatorPB.java:shouldRetry(280)) - RetryProxy: Call From f71c9419dfe5/172.17.0.2 to localhost:13942 failed on connection exception: java.net.ConnectException: Connection refused; For more details see:  http://wiki.apache.org/hadoop/ConnectionRefused
2020-04-21 09:13:02,901 [Thread-8729] INFO  retry.RetryInvocationHandler (RetryInvocationHandler.java:log(411)) - com.google.protobuf.ServiceException: java.net.ConnectException: Call From f71c9419dfe5/172.17.0.2 to localhost:13942 failed on connection exception: java.net.ConnectException: Connection refused; For more details see:  http://wiki.apache.org/hadoop/ConnectionRefused, while invoking $Proxy43.submitRequest over nodeId=omNode-2,nodeAddress=127.0.0.1:13942 after 2 failover attempts. Trying to failover immediately.
2020-04-21 09:13:02,902 [IPC Server handler 7 on 13948] INFO  ipc.Server (Server.java:logException(2726)) - IPC Server handler 7 on 13948, call Call#1459 Retry#3 org.apache.hadoop.ozone.om.protocol.OzoneManagerProtocol.submitRequest from 127.0.0.1:51128
org.apache.hadoop.ozone.om.exceptions.OMNotLeaderException: OM:omNode-3 is not the leader. Could not determine the leader node.
	at org.apache.hadoop.ozone.protocolPB.OzoneManagerProtocolServerSideTranslatorPB.createNotLeaderException(OzoneManagerProtocolServerSideTranslatorPB.java:187)
	at org.apache.hadoop.ozone.protocolPB.OzoneManagerProtocolServerSideTranslatorPB.processRequest(OzoneManagerProtocolServerSideTranslatorPB.java:127)
	at org.apache.hadoop.hdds.server.OzoneProtocolMessageDispatcher.processRequest(OzoneProtocolMessageDispatcher.java:75)
	at org.apache.hadoop.ozone.protocolPB.OzoneManagerProtocolServerSideTranslatorPB.submitRequest(OzoneManagerProtocolServerSideTranslatorPB.java:99)
	at org.apache.hadoop.ozone.protocol.proto.OzoneManagerProtocolProtos$OzoneManagerService$2.callBlockingMethod(OzoneManagerProtocolProtos.java)
	at org.apache.hadoop.ipc.ProtobufRpcEngine$Server$ProtoBufRpcInvoker.call(ProtobufRpcEngine.java:524)
	at org.apache.hadoop.ipc.RPC$Server.call(RPC.java:1025)
	at org.apache.hadoop.ipc.Server$RpcCall.run(Server.java:876)
	at org.apache.hadoop.ipc.Server$RpcCall.run(Server.java:822)
	at java.security.AccessController.doPrivileged(Native Method)
	at javax.security.auth.Subject.doAs(Subject.java:422)
	at org.apache.hadoop.security.UserGroupInformation.doAs(UserGroupInformation.java:1730)
	at org.apache.hadoop.ipc.Server$Handler.run(Server.java:2682)
2020-04-21 09:13:02,907 [Thread-8729] INFO  ha.OMFailoverProxyProvider (OzoneManagerProtocolClientSideTranslatorPB.java:shouldRetry(280)) - RetryProxy: OM:omNode-3 is not the leader. Could not determine the leader node.
	at org.apache.hadoop.ozone.protocolPB.OzoneManagerProtocolServerSideTranslatorPB.createNotLeaderException(OzoneManagerProtocolServerSideTranslatorPB.java:187)
	at org.apache.hadoop.ozone.protocolPB.OzoneManagerProtocolServerSideTranslatorPB.processRequest(OzoneManagerProtocolServerSideTranslatorPB.java:127)
	at org.apache.hadoop.hdds.server.OzoneProtocolMessageDispatcher.processRequest(OzoneProtocolMessageDispatcher.java:75)
	at org.apache.hadoop.ozone.protocolPB.OzoneManagerProtocolServerSideTranslatorPB.submitRequest(OzoneManagerProtocolServerSideTranslatorPB.java:99)
	at org.apache.hadoop.ozone.protocol.proto.OzoneManagerProtocolProtos$OzoneManagerService$2.callBlockingMethod(OzoneManagerProtocolProtos.java)
	at org.apache.hadoop.ipc.ProtobufRpcEngine$Server$ProtoBufRpcInvoker.call(ProtobufRpcEngine.java:524)
	at org.apache.hadoop.ipc.RPC$Server.call(RPC.java:1025)
	at org.apache.hadoop.ipc.Server$RpcCall.run(Server.java:876)
	at org.apache.hadoop.ipc.Server$RpcCall.run(Server.java:822)
	at java.security.AccessController.doPrivileged(Native Method)
	at javax.security.auth.Subject.doAs(Subject.java:422)
	at org.apache.hadoop.security.UserGroupInformation.doAs(UserGroupInformation.java:1730)
	at org.apache.hadoop.ipc.Server$Handler.run(Server.java:2682)

2020-04-21 09:13:02,908 [Thread-8729] INFO  retry.RetryInvocationHandler (RetryInvocationHandler.java:log(411)) - com.google.protobuf.ServiceException: org.apache.hadoop.ipc.RemoteException(org.apache.hadoop.ozone.om.exceptions.OMNotLeaderException): OM:omNode-3 is not the leader. Could not determine the leader node.
	at org.apache.hadoop.ozone.protocolPB.OzoneManagerProtocolServerSideTranslatorPB.createNotLeaderException(OzoneManagerProtocolServerSideTranslatorPB.java:187)
	at org.apache.hadoop.ozone.protocolPB.OzoneManagerProtocolServerSideTranslatorPB.processRequest(OzoneManagerProtocolServerSideTranslatorPB.java:127)
	at org.apache.hadoop.hdds.server.OzoneProtocolMessageDispatcher.processRequest(OzoneProtocolMessageDispatcher.java:75)
	at org.apache.hadoop.ozone.protocolPB.OzoneManagerProtocolServerSideTranslatorPB.submitRequest(OzoneManagerProtocolServerSideTranslatorPB.java:99)
	at org.apache.hadoop.ozone.protocol.proto.OzoneManagerProtocolProtos$OzoneManagerService$2.callBlockingMethod(OzoneManagerProtocolProtos.java)
	at org.apache.hadoop.ipc.ProtobufRpcEngine$Server$ProtoBufRpcInvoker.call(ProtobufRpcEngine.java:524)
	at org.apache.hadoop.ipc.RPC$Server.call(RPC.java:1025)
	at org.apache.hadoop.ipc.Server$RpcCall.run(Server.java:876)
	at org.apache.hadoop.ipc.Server$RpcCall.run(Server.java:822)
	at java.security.AccessController.doPrivileged(Native Method)
	at javax.security.auth.Subject.doAs(Subject.java:422)
	at org.apache.hadoop.security.UserGroupInformation.doAs(UserGroupInformation.java:1730)
	at org.apache.hadoop.ipc.Server$Handler.run(Server.java:2682)
, while invoking $Proxy43.submitRequest over nodeId=omNode-3,nodeAddress=127.0.0.1:13948 after 3 failover attempts. Trying to failover after sleeping for 2000ms.
2020-04-21 09:13:02,968 [Thread-9200] INFO  impl.FollowerState (FollowerState.java:run(108)) - omNode-3@group-523986131536-FollowerState: change to CANDIDATE, lastRpcTime:1066ms, electionTimeout:1066ms
2020-04-21 09:13:02,970 [Thread-9200] INFO  impl.RoleInfo (RoleInfo.java:shutdownFollowerState(121)) - omNode-3: shutdown FollowerState
2020-04-21 09:13:02,970 [Thread-9200] INFO  impl.RaftServerImpl (RaftServerImpl.java:setRole(172)) - omNode-3@group-523986131536: changes role from  FOLLOWER to CANDIDATE at term 13 for changeToCandidate
2020-04-21 09:13:02,970 [Thread-9200] INFO  impl.RoleInfo (RoleInfo.java:updateAndGet(143)) - omNode-3: start LeaderElection
2020-04-21 09:13:02,977 [omNode-3@group-523986131536-LeaderElection144] INFO  impl.LeaderElection (LeaderElection.java:askForVotes(206)) - omNode-3@group-523986131536-LeaderElection144: begin an election at term 14 for 0: [omNode-3:localhost:13952, omNode-1:localhost:13940, omNode-2:localhost:13946], old=null
2020-04-21 09:13:02,979 [omNode-3@group-523986131536-LeaderElection144] INFO  impl.LeaderElection (LogUtils.java:infoOrTrace(137)) - omNode-3@group-523986131536-LeaderElection144 got exception when requesting votes: java.util.concurrent.ExecutionException: org.apache.ratis.thirdparty.io.grpc.StatusRuntimeException: UNAVAILABLE: io exception
2020-04-21 09:13:02,980 [omNode-3@group-523986131536-LeaderElection144] INFO  impl.LeaderElection (LogUtils.java:infoOrTrace(137)) - omNode-3@group-523986131536-LeaderElection144 got exception when requesting votes: java.util.concurrent.ExecutionException: org.apache.ratis.thirdparty.io.grpc.StatusRuntimeException: UNAVAILABLE: io exception
2020-04-21 09:13:02,980 [omNode-3@group-523986131536-LeaderElection144] INFO  impl.LeaderElection (LeaderElection.java:logAndReturn(61)) - omNode-3@group-523986131536-LeaderElection144: Election REJECTED; received 0 response(s) [] and 2 exception(s); omNode-3@group-523986131536:t14, leader=null, voted=omNode-3, raftlog=omNode-3@group-523986131536-SegmentedRaftLog:OPENED:c0,f0,i0, conf=0: [omNode-3:localhost:13952, omNode-1:localhost:13940, omNode-2:localhost:13946], old=null
2020-04-21 09:13:02,980 [omNode-3@group-523986131536-LeaderElection144] INFO  impl.LeaderElection (LogUtils.java:infoOrTrace(137)) -   Exception 0: java.util.concurrent.ExecutionException: org.apache.ratis.thirdparty.io.grpc.StatusRuntimeException: UNAVAILABLE: io exception
2020-04-21 09:13:02,980 [omNode-3@group-523986131536-LeaderElection144] INFO  impl.LeaderElection (LogUtils.java:infoOrTrace(137)) -   Exception 1: java.util.concurrent.ExecutionException: org.apache.ratis.thirdparty.io.grpc.StatusRuntimeException: UNAVAILABLE: io exception
2020-04-21 09:13:02,980 [omNode-3@group-523986131536-LeaderElection144] INFO  impl.RaftServerImpl (RaftServerImpl.java:setRole(172)) - omNode-3@group-523986131536: changes role from CANDIDATE to FOLLOWER at term 14 for DISCOVERED_A_NEW_TERM
2020-04-21 09:13:02,980 [omNode-3@group-523986131536-LeaderElection144] INFO  impl.RoleInfo (RoleInfo.java:shutdownLeaderElection(134)) - omNode-3: shutdown LeaderElection
2020-04-21 09:13:02,981 [omNode-3@group-523986131536-LeaderElection144] INFO  impl.RoleInfo (RoleInfo.java:updateAndGet(143)) - omNode-3: start FollowerState
2020-04-21 09:13:04,003 [Thread-9209] INFO  impl.FollowerState (FollowerState.java:run(108)) - omNode-3@group-523986131536-FollowerState: change to CANDIDATE, lastRpcTime:1022ms, electionTimeout:1022ms
2020-04-21 09:13:04,006 [Thread-9209] INFO  impl.RoleInfo (RoleInfo.java:shutdownFollowerState(121)) - omNode-3: shutdown FollowerState
2020-04-21 09:13:04,006 [Thread-9209] INFO  impl.RaftServerImpl (RaftServerImpl.java:setRole(172)) - omNode-3@group-523986131536: changes role from  FOLLOWER to CANDIDATE at term 14 for changeToCandidate
2020-04-21 09:13:04,006 [Thread-9209] INFO  impl.RoleInfo (RoleInfo.java:updateAndGet(143)) - omNode-3: start LeaderElection
2020-04-21 09:13:04,009 [omNode-3@group-523986131536-LeaderElection145] INFO  impl.LeaderElection (LeaderElection.java:askForVotes(206)) - omNode-3@group-523986131536-LeaderElection145: begin an election at term 15 for 0: [omNode-3:localhost:13952, omNode-1:localhost:13940, omNode-2:localhost:13946], old=null
2020-04-21 09:13:04,010 [omNode-3@group-523986131536-LeaderElection145] INFO  impl.LeaderElection (LogUtils.java:infoOrTrace(137)) - omNode-3@group-523986131536-LeaderElection145 got exception when requesting votes: java.util.concurrent.ExecutionException: org.apache.ratis.thirdparty.io.grpc.StatusRuntimeException: UNAVAILABLE: io exception
2020-04-21 09:13:04,010 [omNode-3@group-523986131536-LeaderElection145] INFO  impl.LeaderElection (LogUtils.java:infoOrTrace(137)) - omNode-3@group-523986131536-LeaderElection145 got exception when requesting votes: java.util.concurrent.ExecutionException: org.apache.ratis.thirdparty.io.grpc.StatusRuntimeException: UNAVAILABLE: io exception
2020-04-21 09:13:04,010 [omNode-3@group-523986131536-LeaderElection145] INFO  impl.LeaderElection (LeaderElection.java:logAndReturn(61)) - omNode-3@group-523986131536-LeaderElection145: Election REJECTED; received 0 response(s) [] and 2 exception(s); omNode-3@group-523986131536:t15, leader=null, voted=omNode-3, raftlog=omNode-3@group-523986131536-SegmentedRaftLog:OPENED:c0,f0,i0, conf=0: [omNode-3:localhost:13952, omNode-1:localhost:13940, omNode-2:localhost:13946], old=null
2020-04-21 09:13:04,010 [omNode-3@group-523986131536-LeaderElection145] INFO  impl.LeaderElection (LogUtils.java:infoOrTrace(137)) -   Exception 0: java.util.concurrent.ExecutionException: org.apache.ratis.thirdparty.io.grpc.StatusRuntimeException: UNAVAILABLE: io exception
2020-04-21 09:13:04,010 [omNode-3@group-523986131536-LeaderElection145] INFO  impl.LeaderElection (LogUtils.java:infoOrTrace(137)) -   Exception 1: java.util.concurrent.ExecutionException: org.apache.ratis.thirdparty.io.grpc.StatusRuntimeException: UNAVAILABLE: io exception
2020-04-21 09:13:04,011 [omNode-3@group-523986131536-LeaderElection145] INFO  impl.RaftServerImpl (RaftServerImpl.java:setRole(172)) - omNode-3@group-523986131536: changes role from CANDIDATE to FOLLOWER at term 15 for DISCOVERED_A_NEW_TERM
2020-04-21 09:13:04,011 [omNode-3@group-523986131536-LeaderElection145] INFO  impl.RoleInfo (RoleInfo.java:shutdownLeaderElection(134)) - omNode-3: shutdown LeaderElection
2020-04-21 09:13:04,011 [omNode-3@group-523986131536-LeaderElection145] INFO  impl.RoleInfo (RoleInfo.java:updateAndGet(143)) - omNode-3: start FollowerState
2020-04-21 09:13:05,109 [Thread-8729] INFO  ipc.Client (Client.java:handleConnectionFailure(948)) - Retrying connect to server: localhost/127.0.0.1:13936. Already tried 0 time(s); retry policy is RetryUpToMaximumCountWithFixedSleep(maxRetries=4, sleepTime=200 MILLISECONDS)
2020-04-21 09:13:05,133 [Thread-9214] INFO  impl.FollowerState (FollowerState.java:run(108)) - omNode-3@group-523986131536-FollowerState: change to CANDIDATE, lastRpcTime:1122ms, electionTimeout:1122ms
2020-04-21 09:13:05,133 [Thread-9214] INFO  impl.RoleInfo (RoleInfo.java:shutdownFollowerState(121)) - omNode-3: shutdown FollowerState
2020-04-21 09:13:05,133 [Thread-9214] INFO  impl.RaftServerImpl (RaftServerImpl.java:setRole(172)) - omNode-3@group-523986131536: changes role from  FOLLOWER to CANDIDATE at term 15 for changeToCandidate
2020-04-21 09:13:05,134 [Thread-9214] INFO  impl.RoleInfo (RoleInfo.java:updateAndGet(143)) - omNode-3: start LeaderElection
2020-04-21 09:13:05,138 [omNode-3@group-523986131536-LeaderElection146] INFO  impl.LeaderElection (LeaderElection.java:askForVotes(206)) - omNode-3@group-523986131536-LeaderElection146: begin an election at term 16 for 0: [omNode-3:localhost:13952, omNode-1:localhost:13940, omNode-2:localhost:13946], old=null
2020-04-21 09:13:05,138 [omNode-3@group-523986131536-LeaderElection146] INFO  impl.LeaderElection (LogUtils.java:infoOrTrace(137)) - omNode-3@group-523986131536-LeaderElection146 got exception when requesting votes: java.util.concurrent.ExecutionException: org.apache.ratis.thirdparty.io.grpc.StatusRuntimeException: UNAVAILABLE: io exception
2020-04-21 09:13:05,139 [omNode-3@group-523986131536-LeaderElection146] INFO  impl.LeaderElection (LogUtils.java:infoOrTrace(137)) - omNode-3@group-523986131536-LeaderElection146 got exception when requesting votes: java.util.concurrent.ExecutionException: org.apache.ratis.thirdparty.io.grpc.StatusRuntimeException: UNAVAILABLE: io exception
2020-04-21 09:13:05,139 [omNode-3@group-523986131536-LeaderElection146] INFO  impl.LeaderElection (LeaderElection.java:logAndReturn(61)) - omNode-3@group-523986131536-LeaderElection146: Election REJECTED; received 0 response(s) [] and 2 exception(s); omNode-3@group-523986131536:t16, leader=null, voted=omNode-3, raftlog=omNode-3@group-523986131536-SegmentedRaftLog:OPENED:c0,f0,i0, conf=0: [omNode-3:localhost:13952, omNode-1:localhost:13940, omNode-2:localhost:13946], old=null
2020-04-21 09:13:05,139 [omNode-3@group-523986131536-LeaderElection146] INFO  impl.LeaderElection (LogUtils.java:infoOrTrace(137)) -   Exception 0: java.util.concurrent.ExecutionException: org.apache.ratis.thirdparty.io.grpc.StatusRuntimeException: UNAVAILABLE: io exception
2020-04-21 09:13:05,139 [omNode-3@group-523986131536-LeaderElection146] INFO  impl.LeaderElection (LogUtils.java:infoOrTrace(137)) -   Exception 1: java.util.concurrent.ExecutionException: org.apache.ratis.thirdparty.io.grpc.StatusRuntimeException: UNAVAILABLE: io exception
2020-04-21 09:13:05,139 [omNode-3@group-523986131536-LeaderElection146] INFO  impl.RaftServerImpl (RaftServerImpl.java:setRole(172)) - omNode-3@group-523986131536: changes role from CANDIDATE to FOLLOWER at term 16 for DISCOVERED_A_NEW_TERM
2020-04-21 09:13:05,139 [omNode-3@group-523986131536-LeaderElection146] INFO  impl.RoleInfo (RoleInfo.java:shutdownLeaderElection(134)) - omNode-3: shutdown LeaderElection
2020-04-21 09:13:05,139 [omNode-3@group-523986131536-LeaderElection146] INFO  impl.RoleInfo (RoleInfo.java:updateAndGet(143)) - omNode-3: start FollowerState
2020-04-21 09:13:05,309 [Thread-8729] INFO  ipc.Client (Client.java:handleConnectionFailure(948)) - Retrying connect to server: localhost/127.0.0.1:13936. Already tried 1 time(s); retry policy is RetryUpToMaximumCountWithFixedSleep(maxRetries=4, sleepTime=200 MILLISECONDS)
2020-04-21 09:13:05,510 [Thread-8729] INFO  ipc.Client (Client.java:handleConnectionFailure(948)) - Retrying connect to server: localhost/127.0.0.1:13936. Already tried 2 time(s); retry policy is RetryUpToMaximumCountWithFixedSleep(maxRetries=4, sleepTime=200 MILLISECONDS)
2020-04-21 09:13:05,711 [Thread-8729] INFO  ipc.Client (Client.java:handleConnectionFailure(948)) - Retrying connect to server: localhost/127.0.0.1:13936. Already tried 3 time(s); retry policy is RetryUpToMaximumCountWithFixedSleep(maxRetries=4, sleepTime=200 MILLISECONDS)
2020-04-21 09:13:05,712 [Thread-8729] INFO  ha.OMFailoverProxyProvider (OzoneManagerProtocolClientSideTranslatorPB.java:shouldRetry(280)) - RetryProxy: Call From f71c9419dfe5/172.17.0.2 to localhost:13936 failed on connection exception: java.net.ConnectException: Connection refused; For more details see:  http://wiki.apache.org/hadoop/ConnectionRefused
2020-04-21 09:13:05,712 [Thread-8729] INFO  retry.RetryInvocationHandler (RetryInvocationHandler.java:log(411)) - com.google.protobuf.ServiceException: java.net.ConnectException: Call From f71c9419dfe5/172.17.0.2 to localhost:13936 failed on connection exception: java.net.ConnectException: Connection refused; For more details see:  http://wiki.apache.org/hadoop/ConnectionRefused, while invoking $Proxy43.submitRequest over nodeId=omNode-1,nodeAddress=127.0.0.1:13936 after 4 failover attempts. Trying to failover immediately.
2020-04-21 09:13:05,912 [Thread-8729] INFO  ipc.Client (Client.java:handleConnectionFailure(948)) - Retrying connect to server: localhost/127.0.0.1:13942. Already tried 0 time(s); retry policy is RetryUpToMaximumCountWithFixedSleep(maxRetries=4, sleepTime=200 MILLISECONDS)
2020-04-21 09:13:06,113 [Thread-8729] INFO  ipc.Client (Client.java:handleConnectionFailure(948)) - Retrying connect to server: localhost/127.0.0.1:13942. Already tried 1 time(s); retry policy is RetryUpToMaximumCountWithFixedSleep(maxRetries=4, sleepTime=200 MILLISECONDS)
2020-04-21 09:13:06,314 [Thread-8729] INFO  ipc.Client (Client.java:handleConnectionFailure(948)) - Retrying connect to server: localhost/127.0.0.1:13942. Already tried 2 time(s); retry policy is RetryUpToMaximumCountWithFixedSleep(maxRetries=4, sleepTime=200 MILLISECONDS)
2020-04-21 09:13:06,315 [Thread-9223] INFO  impl.FollowerState (FollowerState.java:run(108)) - omNode-3@group-523986131536-FollowerState: change to CANDIDATE, lastRpcTime:1176ms, electionTimeout:1176ms
2020-04-21 09:13:06,318 [Thread-9223] INFO  impl.RoleInfo (RoleInfo.java:shutdownFollowerState(121)) - omNode-3: shutdown FollowerState
2020-04-21 09:13:06,318 [Thread-9223] INFO  impl.RaftServerImpl (RaftServerImpl.java:setRole(172)) - omNode-3@group-523986131536: changes role from  FOLLOWER to CANDIDATE at term 16 for changeToCandidate
2020-04-21 09:13:06,318 [Thread-9223] INFO  impl.RoleInfo (RoleInfo.java:updateAndGet(143)) - omNode-3: start LeaderElection
2020-04-21 09:13:06,321 [omNode-3@group-523986131536-LeaderElection147] INFO  impl.LeaderElection (LeaderElection.java:askForVotes(206)) - omNode-3@group-523986131536-LeaderElection147: begin an election at term 17 for 0: [omNode-3:localhost:13952, omNode-1:localhost:13940, omNode-2:localhost:13946], old=null
2020-04-21 09:13:06,322 [omNode-3@group-523986131536-LeaderElection147] INFO  impl.LeaderElection (LogUtils.java:infoOrTrace(137)) - omNode-3@group-523986131536-LeaderElection147 got exception when requesting votes: java.util.concurrent.ExecutionException: org.apache.ratis.thirdparty.io.grpc.StatusRuntimeException: UNAVAILABLE: io exception
2020-04-21 09:13:06,323 [omNode-3@group-523986131536-LeaderElection147] INFO  impl.LeaderElection (LogUtils.java:infoOrTrace(137)) - omNode-3@group-523986131536-LeaderElection147 got exception when requesting votes: java.util.concurrent.ExecutionException: org.apache.ratis.thirdparty.io.grpc.StatusRuntimeException: UNAVAILABLE: io exception
2020-04-21 09:13:06,323 [omNode-3@group-523986131536-LeaderElection147] INFO  impl.LeaderElection (LeaderElection.java:logAndReturn(61)) - omNode-3@group-523986131536-LeaderElection147: Election REJECTED; received 0 response(s) [] and 2 exception(s); omNode-3@group-523986131536:t17, leader=null, voted=omNode-3, raftlog=omNode-3@group-523986131536-SegmentedRaftLog:OPENED:c0,f0,i0, conf=0: [omNode-3:localhost:13952, omNode-1:localhost:13940, omNode-2:localhost:13946], old=null
2020-04-21 09:13:06,323 [omNode-3@group-523986131536-LeaderElection147] INFO  impl.LeaderElection (LogUtils.java:infoOrTrace(137)) -   Exception 0: java.util.concurrent.ExecutionException: org.apache.ratis.thirdparty.io.grpc.StatusRuntimeException: UNAVAILABLE: io exception
2020-04-21 09:13:06,323 [omNode-3@group-523986131536-LeaderElection147] INFO  impl.LeaderElection (LogUtils.java:infoOrTrace(137)) -   Exception 1: java.util.concurrent.ExecutionException: org.apache.ratis.thirdparty.io.grpc.StatusRuntimeException: UNAVAILABLE: io exception
2020-04-21 09:13:06,323 [omNode-3@group-523986131536-LeaderElection147] INFO  impl.RaftServerImpl (RaftServerImpl.java:setRole(172)) - omNode-3@group-523986131536: changes role from CANDIDATE to FOLLOWER at term 17 for DISCOVERED_A_NEW_TERM
2020-04-21 09:13:06,323 [omNode-3@group-523986131536-LeaderElection147] INFO  impl.RoleInfo (RoleInfo.java:shutdownLeaderElection(134)) - omNode-3: shutdown LeaderElection
2020-04-21 09:13:06,323 [omNode-3@group-523986131536-LeaderElection147] INFO  impl.RoleInfo (RoleInfo.java:updateAndGet(143)) - omNode-3: start FollowerState
2020-04-21 09:13:06,515 [Thread-8729] INFO  ipc.Client (Client.java:handleConnectionFailure(948)) - Retrying connect to server: localhost/127.0.0.1:13942. Already tried 3 time(s); retry policy is RetryUpToMaximumCountWithFixedSleep(maxRetries=4, sleepTime=200 MILLISECONDS)
2020-04-21 09:13:06,516 [Thread-8729] INFO  ha.OMFailoverProxyProvider (OzoneManagerProtocolClientSideTranslatorPB.java:shouldRetry(280)) - RetryProxy: Call From f71c9419dfe5/172.17.0.2 to localhost:13942 failed on connection exception: java.net.ConnectException: Connection refused; For more details see:  http://wiki.apache.org/hadoop/ConnectionRefused
2020-04-21 09:13:06,516 [Thread-8729] INFO  retry.RetryInvocationHandler (RetryInvocationHandler.java:log(411)) - com.google.protobuf.ServiceException: java.net.ConnectException: Call From f71c9419dfe5/172.17.0.2 to localhost:13942 failed on connection exception: java.net.ConnectException: Connection refused; For more details see:  http://wiki.apache.org/hadoop/ConnectionRefused, while invoking $Proxy43.submitRequest over nodeId=omNode-2,nodeAddress=127.0.0.1:13942 after 5 failover attempts. Trying to failover immediately.
2020-04-21 09:13:06,517 [IPC Server handler 6 on 13948] INFO  ipc.Server (Server.java:logException(2726)) - IPC Server handler 6 on 13948, call Call#1459 Retry#6 org.apache.hadoop.ozone.om.protocol.OzoneManagerProtocol.submitRequest from 127.0.0.1:51128
org.apache.hadoop.ozone.om.exceptions.OMNotLeaderException: OM:omNode-3 is not the leader. Could not determine the leader node.
	at org.apache.hadoop.ozone.protocolPB.OzoneManagerProtocolServerSideTranslatorPB.createNotLeaderException(OzoneManagerProtocolServerSideTranslatorPB.java:187)
	at org.apache.hadoop.ozone.protocolPB.OzoneManagerProtocolServerSideTranslatorPB.processRequest(OzoneManagerProtocolServerSideTranslatorPB.java:127)
	at org.apache.hadoop.hdds.server.OzoneProtocolMessageDispatcher.processRequest(OzoneProtocolMessageDispatcher.java:75)
	at org.apache.hadoop.ozone.protocolPB.OzoneManagerProtocolServerSideTranslatorPB.submitRequest(OzoneManagerProtocolServerSideTranslatorPB.java:99)
	at org.apache.hadoop.ozone.protocol.proto.OzoneManagerProtocolProtos$OzoneManagerService$2.callBlockingMethod(OzoneManagerProtocolProtos.java)
	at org.apache.hadoop.ipc.ProtobufRpcEngine$Server$ProtoBufRpcInvoker.call(ProtobufRpcEngine.java:524)
	at org.apache.hadoop.ipc.RPC$Server.call(RPC.java:1025)
	at org.apache.hadoop.ipc.Server$RpcCall.run(Server.java:876)
	at org.apache.hadoop.ipc.Server$RpcCall.run(Server.java:822)
	at java.security.AccessController.doPrivileged(Native Method)
	at javax.security.auth.Subject.doAs(Subject.java:422)
	at org.apache.hadoop.security.UserGroupInformation.doAs(UserGroupInformation.java:1730)
	at org.apache.hadoop.ipc.Server$Handler.run(Server.java:2682)
2020-04-21 09:13:06,520 [Thread-8729] INFO  ha.OMFailoverProxyProvider (OzoneManagerProtocolClientSideTranslatorPB.java:shouldRetry(280)) - RetryProxy: OM:omNode-3 is not the leader. Could not determine the leader node.
	at org.apache.hadoop.ozone.protocolPB.OzoneManagerProtocolServerSideTranslatorPB.createNotLeaderException(OzoneManagerProtocolServerSideTranslatorPB.java:187)
	at org.apache.hadoop.ozone.protocolPB.OzoneManagerProtocolServerSideTranslatorPB.processRequest(OzoneManagerProtocolServerSideTranslatorPB.java:127)
	at org.apache.hadoop.hdds.server.OzoneProtocolMessageDispatcher.processRequest(OzoneProtocolMessageDispatcher.java:75)
	at org.apache.hadoop.ozone.protocolPB.OzoneManagerProtocolServerSideTranslatorPB.submitRequest(OzoneManagerProtocolServerSideTranslatorPB.java:99)
	at org.apache.hadoop.ozone.protocol.proto.OzoneManagerProtocolProtos$OzoneManagerService$2.callBlockingMethod(OzoneManagerProtocolProtos.java)
	at org.apache.hadoop.ipc.ProtobufRpcEngine$Server$ProtoBufRpcInvoker.call(ProtobufRpcEngine.java:524)
	at org.apache.hadoop.ipc.RPC$Server.call(RPC.java:1025)
	at org.apache.hadoop.ipc.Server$RpcCall.run(Server.java:876)
	at org.apache.hadoop.ipc.Server$RpcCall.run(Server.java:822)
	at java.security.AccessController.doPrivileged(Native Method)
	at javax.security.auth.Subject.doAs(Subject.java:422)
	at org.apache.hadoop.security.UserGroupInformation.doAs(UserGroupInformation.java:1730)
	at org.apache.hadoop.ipc.Server$Handler.run(Server.java:2682)

2020-04-21 09:13:06,522 [Thread-8729] ERROR ha.OMFailoverProxyProvider (OzoneManagerProtocolClientSideTranslatorPB.java:getRetryAction(291)) - Failed to connect to OMs: [nodeId=omNode-3,nodeAddress=127.0.0.1:13948, nodeId=omNode-1,nodeAddress=127.0.0.1:13936, nodeId=omNode-2,nodeAddress=127.0.0.1:13942]. Attempted 5 failovers.
2020-04-21 09:13:06,522 [Thread-8729] INFO  ozone.MiniOzoneClusterImpl (MiniOzoneClusterImpl.java:shutdown(387)) - Shutting down the Mini Ozone Cluster
2020-04-21 09:13:06,522 [Thread-8729] INFO  ozone.MiniOzoneHAClusterImpl (MiniOzoneHAClusterImpl.java:stop(237)) - Stopping the OzoneManager omNode-3
2020-04-21 09:13:06,522 [Thread-8729] INFO  ipc.Server (Server.java:stop(3082)) - Stopping server on 13948
2020-04-21 09:13:06,525 [IPC Server listener on 13948] INFO  ipc.Server (Server.java:run(1185)) - Stopping IPC Server listener on 13948
2020-04-21 09:13:06,525 [Thread-8729] INFO  impl.RaftServerProxy (RaftServerProxy.java:lambda$close$4(314)) - omNode-3: close
2020-04-21 09:13:06,527 [Thread-8729] INFO  impl.RaftServerImpl (RaftServerImpl.java:lambda$shutdown$3(249)) - omNode-3@group-523986131536: shutdown
2020-04-21 09:13:06,525 [IPC Server Responder] INFO  ipc.Server (Server.java:run(1319)) - Stopping IPC Server Responder
2020-04-21 09:13:06,527 [Thread-8729] INFO  util.JmxRegister (JmxRegister.java:unregister(73)) - Successfully un-registered JMX Bean with object name Ratis:service=RaftServer,group=group-523986131536,id=omNode-3
2020-04-21 09:13:06,529 [Thread-8729] INFO  impl.RoleInfo (RoleInfo.java:shutdownFollowerState(121)) - omNode-3: shutdown FollowerState
2020-04-21 09:13:06,529 [Thread-9229] INFO  impl.FollowerState (FollowerState.java:run(117)) - omNode-3@group-523986131536-FollowerState was interrupted: java.lang.InterruptedException: sleep interrupted
2020-04-21 09:13:06,530 [omNode-3@group-523986131536-StateMachineUpdater] INFO  ratis.OzoneManagerStateMachine (OzoneManagerStateMachine.java:takeSnapshot(339)) - Saving Ratis snapshot on the OM.
2020-04-21 09:13:06,530 [omNode-3@group-523986131536-StateMachineUpdater] INFO  ratis.OMRatisSnapshotInfo (OMRatisSnapshotInfo.java:saveRatisSnapshotToDisk(105)) - Saved Ratis Snapshot on the OM with snapshotIndex (t:1, i:0)
2020-04-21 09:13:06,530 [omNode-3@group-523986131536-StateMachineUpdater] INFO  impl.StateMachineUpdater (StateMachineUpdater.java:takeSnapshot(274)) - omNode-3@group-523986131536-StateMachineUpdater: Took a snapshot at index 0
2020-04-21 09:13:06,530 [omNode-3@group-523986131536-StateMachineUpdater] INFO  impl.StateMachineUpdater (StateMachineUpdater.java:lambda$new$0(86)) - omNode-3@group-523986131536-StateMachineUpdater: snapshotIndex: updateIncreasingly -1 -> 0
2020-04-21 09:13:06,530 [omNode-3@group-523986131536-StateMachineUpdater] INFO  metrics.RatisMetrics (RatisMetrics.java:unregister(46)) - Unregistering Metrics Registry : ratis.state_machine.omNode-3@group-523986131536
2020-04-21 09:13:06,530 [Thread-8729] INFO  impl.StateMachineUpdater (StateMachineUpdater.java:stopAndJoin(139)) - omNode-3@group-523986131536-StateMachineUpdater: set stopIndex = 0
2020-04-21 09:13:06,531 [Thread-8729] INFO  impl.RaftServerImpl (ServerState.java:close(387)) - omNode-3@group-523986131536: closes. applyIndex: 0
2020-04-21 09:13:06,532 [omNode-3@group-523986131536-SegmentedRaftLogWorker] INFO  segmented.SegmentedRaftLogWorker (SegmentedRaftLogWorker.java:run(321)) - omNode-3@group-523986131536-SegmentedRaftLogWorker was interrupted, exiting. There are 0 tasks remaining in the queue.
2020-04-21 09:13:06,533 [Thread-8729] INFO  segmented.SegmentedRaftLogWorker (SegmentedRaftLogWorker.java:close(229)) - omNode-3@group-523986131536-SegmentedRaftLogWorker close()
2020-04-21 09:13:06,534 [Thread-8729] INFO  metrics.RatisMetrics (RatisMetrics.java:unregister(46)) - Unregistering Metrics Registry : ratis.log_worker.omNode-3
2020-04-21 09:13:06,534 [Thread-8729] INFO  metrics.RatisMetrics (RatisMetrics.java:unregister(46)) - Unregistering Metrics Registry : ratis.leader_election.omNode-3@group-523986131536
2020-04-21 09:13:06,534 [Thread-8729] INFO  metrics.RatisMetrics (RatisMetrics.java:unregister(46)) - Unregistering Metrics Registry : ratis.server.omNode-3@group-523986131536
2020-04-21 09:13:06,534 [Thread-8729] INFO  server.GrpcService (GrpcService.java:closeImpl(164)) - omNode-3: shutdown server with port 13952 now
2020-04-21 09:13:06,539 [Thread-8729] INFO  server.GrpcService (GrpcService.java:closeImpl(172)) - omNode-3: shutdown server with port 13952 successfully
2020-04-21 09:13:06,539 [Thread-8729] INFO  ratis.OzoneManagerDoubleBuffer (OzoneManagerDoubleBuffer.java:stop(272)) - Stopping OMDoubleBuffer flush thread
2020-04-21 09:13:06,539 [OMDoubleBufferFlushThread] INFO  ratis.OzoneManagerDoubleBuffer (OzoneManagerDoubleBuffer.java:flushTransactions(206)) - OMDoubleBuffer flush thread OMDoubleBufferFlushThread is interrupted and will exit. OMDoubleBufferFlushThread
2020-04-21 09:13:06,540 [Thread-8729] INFO  utils.BackgroundService (BackgroundService.java:shutdown(157)) - Shutting down service KeyDeletingService
2020-04-21 09:13:06,543 [Thread-8729] INFO  handler.ContextHandler (ContextHandler.java:doStop(1016)) - Stopped o.e.j.w.WebAppContext@235fd045{ozoneManager,/,null,UNAVAILABLE}{file:/github/workspace/hadoop-ozone/integration-test/target/test-classes/webapps/ozoneManager}
2020-04-21 09:13:06,543 [Thread-8729] INFO  server.AbstractConnector (AbstractConnector.java:doStop(380)) - Stopped ServerConnector@15d2a2c8{HTTP/1.1,[http/1.1]}{0.0.0.0:13950}
2020-04-21 09:13:06,543 [Thread-8729] INFO  server.session (HouseKeeper.java:stopScavenging(158)) - node0 Stopped scavenging
2020-04-21 09:13:06,543 [Thread-8729] INFO  handler.ContextHandler (ContextHandler.java:doStop(1016)) - Stopped o.e.j.s.ServletContextHandler@2c48f37f{static,/static,file:///github/workspace/hadoop-ozone/integration-test/target/test-classes/webapps/static,UNAVAILABLE}
2020-04-21 09:13:06,543 [Thread-8729] INFO  handler.ContextHandler (ContextHandler.java:doStop(1016)) - Stopped o.e.j.s.ServletContextHandler@4209bd5b{logs,/logs,file:///github/workspace/hadoop-ozone/integration-test/target/log,UNAVAILABLE}
2020-04-21 09:13:06,545 [Thread-8729] INFO  ozone.MiniOzoneHAClusterImpl (MiniOzoneHAClusterImpl.java:stop(237)) - Stopping the OzoneManager omNode-1
2020-04-21 09:13:06,545 [Thread-8729] INFO  ipc.Server (Server.java:stop(3082)) - Stopping server on 13936
2020-04-21 09:13:06,545 [Thread-8729] INFO  ozone.MiniOzoneHAClusterImpl (MiniOzoneHAClusterImpl.java:stop(237)) - Stopping the OzoneManager omNode-2
2020-04-21 09:13:06,545 [Thread-8729] INFO  ipc.Server (Server.java:stop(3082)) - Stopping server on 13942
2020-04-21 09:13:06,545 [Thread-8729] INFO  ozone.MiniOzoneClusterImpl (MiniOzoneClusterImpl.java:stop(402)) - Stopping the Mini Ozone Cluster
2020-04-21 09:13:06,545 [Thread-8729] INFO  ozone.MiniOzoneClusterImpl (MiniOzoneClusterImpl.java:stopDatanodes(461)) - Stopping the HddsDatanodes
2020-04-21 09:13:07,041 [Datanode State Machine Thread - 0] INFO  statemachine.DatanodeStateMachine (DatanodeStateMachine.java:lambda$startDaemon$0(376)) - Ozone container server started.
2020-04-21 09:13:07,049 [Datanode State Machine Thread - 0] INFO  statemachine.DatanodeStateMachine (DatanodeStateMachine.java:lambda$startDaemon$0(376)) - Ozone container server started.
2020-04-21 09:13:11,546 [Thread-8729] INFO  ozoneimpl.OzoneContainer (OzoneContainer.java:stop(246)) - Attempting to stop container services.
2020-04-21 09:13:11,546 [ForkJoinPool.commonPool-worker-1] INFO  ozoneimpl.OzoneContainer (OzoneContainer.java:stop(246)) - Attempting to stop container services.
2020-04-21 09:13:11,546 [Thread-8729] INFO  impl.RaftServerProxy (RaftServerProxy.java:lambda$close$4(314)) - 67785732-1656-4414-866c-fcf56345fe62: close
2020-04-21 09:13:11,546 [ForkJoinPool.commonPool-worker-1] INFO  impl.RaftServerProxy (RaftServerProxy.java:lambda$close$4(314)) - 57c8879f-adf8-40be-8e35-9a461113d37d: close
2020-04-21 09:13:11,546 [Thread-8729] INFO  impl.RaftServerImpl (RaftServerImpl.java:lambda$shutdown$3(249)) - 67785732-1656-4414-866c-fcf56345fe62@group-50691DE86BAC: shutdown
2020-04-21 09:13:11,547 [Thread-8729] INFO  util.JmxRegister (JmxRegister.java:unregister(73)) - Successfully un-registered JMX Bean with object name Ratis:service=RaftServer,group=group-50691DE86BAC,id=67785732-1656-4414-866c-fcf56345fe62
2020-04-21 09:13:11,547 [Thread-8729] INFO  impl.RoleInfo (RoleInfo.java:shutdownFollowerState(121)) - 67785732-1656-4414-866c-fcf56345fe62: shutdown FollowerState
2020-04-21 09:13:11,547 [Thread-8729] INFO  impl.StateMachineUpdater (StateMachineUpdater.java:stopAndJoin(139)) - 67785732-1656-4414-866c-fcf56345fe62@group-50691DE86BAC-StateMachineUpdater: set stopIndex = 0
2020-04-21 09:13:11,546 [ForkJoinPool.commonPool-worker-1] INFO  impl.RaftServerImpl (RaftServerImpl.java:lambda$shutdown$3(249)) - 57c8879f-adf8-40be-8e35-9a461113d37d@group-50691DE86BAC: shutdown
2020-04-21 09:13:11,547 [ForkJoinPool.commonPool-worker-1] INFO  util.JmxRegister (JmxRegister.java:unregister(73)) - Successfully un-registered JMX Bean with object name Ratis:service=RaftServer,group=group-50691DE86BAC,id=57c8879f-adf8-40be-8e35-9a461113d37d
2020-04-21 09:13:11,547 [ForkJoinPool.commonPool-worker-1] INFO  impl.RoleInfo (RoleInfo.java:shutdownLeaderState(104)) - 57c8879f-adf8-40be-8e35-9a461113d37d: shutdown LeaderState
2020-04-21 09:13:11,547 [Thread-9082] INFO  impl.FollowerState (FollowerState.java:run(117)) - 67785732-1656-4414-866c-fcf56345fe62@group-50691DE86BAC-FollowerState was interrupted: java.lang.InterruptedException: sleep interrupted
2020-04-21 09:13:11,554 [org.apache.ratis.server.impl.LogAppender$AppenderDaemon$$Lambda$343/749111415@5cea6981] WARN  server.GrpcLogAppender (GrpcLogAppender.java:mayWait(153)) - 57c8879f-adf8-40be-8e35-9a461113d37d@group-50691DE86BAC->67785732-1656-4414-866c-fcf56345fe62-GrpcLogAppender: Wait interrupted by java.lang.InterruptedException
2020-04-21 09:13:11,554 [67785732-1656-4414-866c-fcf56345fe62@group-50691DE86BAC-StateMachineUpdater] INFO  ratis.ContainerStateMachine (ContainerStateMachine.java:takeSnapshot(288)) - group-50691DE86BAC: Taking a snapshot at:(t:1, i:0) file /github/workspace/hadoop-ozone/integration-test/target/test-dir/MiniOzoneClusterImpl-f1d3d067-0a31-4f49-b0f8-2dad55a0aeb8/datanode-1/data/ratis/41333e89-ea25-4238-b70b-50691de86bac/sm/snapshot.1_0
2020-04-21 09:13:11,554 [ForkJoinPool.commonPool-worker-1] INFO  impl.PendingRequests (PendingRequests.java:sendNotLeaderResponses(240)) - 57c8879f-adf8-40be-8e35-9a461113d37d@group-50691DE86BAC-PendingRequests: sendNotLeaderResponses
2020-04-21 09:13:11,555 [ForkJoinPool.commonPool-worker-1] INFO  metrics.RatisMetrics (RatisMetrics.java:unregister(46)) - Unregistering Metrics Registry : ratis.log_appender.57c8879f-adf8-40be-8e35-9a461113d37d@group-50691DE86BAC
2020-04-21 09:13:11,555 [ForkJoinPool.commonPool-worker-1] INFO  impl.StateMachineUpdater (StateMachineUpdater.java:stopAndJoin(139)) - 57c8879f-adf8-40be-8e35-9a461113d37d@group-50691DE86BAC-StateMachineUpdater: set stopIndex = 0
2020-04-21 09:13:11,554 [org.apache.ratis.server.impl.LogAppender$AppenderDaemon$$Lambda$343/749111415@ec57b0c] WARN  server.GrpcLogAppender (GrpcLogAppender.java:mayWait(153)) - 57c8879f-adf8-40be-8e35-9a461113d37d@group-50691DE86BAC->fa96e0fd-0e63-45f8-9f60-728944ddfde8-GrpcLogAppender: Wait interrupted by java.lang.InterruptedException
2020-04-21 09:13:11,555 [grpc-default-executor-6] INFO  server.GrpcServerProtocolService (GrpcServerProtocolService.java:onCompleted(137)) - 67785732-1656-4414-866c-fcf56345fe62: Completed APPEND_ENTRIES, lastRequest: 57c8879f-adf8-40be-8e35-9a461113d37d->67785732-1656-4414-866c-fcf56345fe62#1-t1, previous=(t:0, i:0), leaderCommit=-1, initializing? false, entries: size=1, first=(t:1, i:0), CONFIGURATIONENTRY
2020-04-21 09:13:11,556 [57c8879f-adf8-40be-8e35-9a461113d37d@group-50691DE86BAC-StateMachineUpdater] INFO  ratis.ContainerStateMachine (ContainerStateMachine.java:takeSnapshot(288)) - group-50691DE86BAC: Taking a snapshot at:(t:1, i:0) file /github/workspace/hadoop-ozone/integration-test/target/test-dir/MiniOzoneClusterImpl-f1d3d067-0a31-4f49-b0f8-2dad55a0aeb8/datanode-0/data/ratis/41333e89-ea25-4238-b70b-50691de86bac/sm/snapshot.1_0
2020-04-21 09:13:11,556 [grpc-default-executor-6] INFO  server.GrpcServerProtocolService (GrpcServerProtocolService.java:onCompleted(137)) - fa96e0fd-0e63-45f8-9f60-728944ddfde8: Completed APPEND_ENTRIES, lastRequest: 57c8879f-adf8-40be-8e35-9a461113d37d->fa96e0fd-0e63-45f8-9f60-728944ddfde8#1-t1, previous=(t:0, i:0), leaderCommit=-1, initializing? false, entries: size=1, first=(t:1, i:0), CONFIGURATIONENTRY
2020-04-21 09:13:11,557 [grpc-default-executor-11] INFO  server.GrpcLogAppender (GrpcLogAppender.java:onCompleted(308)) - 57c8879f-adf8-40be-8e35-9a461113d37d@group-50691DE86BAC->fa96e0fd-0e63-45f8-9f60-728944ddfde8-AppendLogResponseHandler: follower responses appendEntries COMPLETED
2020-04-21 09:13:11,557 [67785732-1656-4414-866c-fcf56345fe62@group-50691DE86BAC-StateMachineUpdater] INFO  ratis.ContainerStateMachine (ContainerStateMachine.java:takeSnapshot(299)) - group-50691DE86BAC: Finished taking a snapshot at:(t:1, i:0) file:/github/workspace/hadoop-ozone/integration-test/target/test-dir/MiniOzoneClusterImpl-f1d3d067-0a31-4f49-b0f8-2dad55a0aeb8/datanode-1/data/ratis/41333e89-ea25-4238-b70b-50691de86bac/sm/snapshot.1_0 time:2
2020-04-21 09:13:11,558 [67785732-1656-4414-866c-fcf56345fe62@group-50691DE86BAC-StateMachineUpdater] INFO  impl.StateMachineUpdater (StateMachineUpdater.java:takeSnapshot(274)) - 67785732-1656-4414-866c-fcf56345fe62@group-50691DE86BAC-StateMachineUpdater: Took a snapshot at index 0
2020-04-21 09:13:11,558 [67785732-1656-4414-866c-fcf56345fe62@group-50691DE86BAC-StateMachineUpdater] INFO  impl.StateMachineUpdater (StateMachineUpdater.java:lambda$new$0(86)) - 67785732-1656-4414-866c-fcf56345fe62@group-50691DE86BAC-StateMachineUpdater: snapshotIndex: updateIncreasingly -1 -> 0
2020-04-21 09:13:11,558 [67785732-1656-4414-866c-fcf56345fe62@group-50691DE86BAC-StateMachineUpdater] INFO  metrics.RatisMetrics (RatisMetrics.java:unregister(46)) - Unregistering Metrics Registry : ratis.state_machine.67785732-1656-4414-866c-fcf56345fe62@group-50691DE86BAC
2020-04-21 09:13:11,558 [Thread-8729] INFO  impl.RaftServerImpl (ServerState.java:close(387)) - 67785732-1656-4414-866c-fcf56345fe62@group-50691DE86BAC: closes. applyIndex: 0
2020-04-21 09:13:11,558 [67785732-1656-4414-866c-fcf56345fe62@group-50691DE86BAC-SegmentedRaftLogWorker] INFO  segmented.SegmentedRaftLogWorker (SegmentedRaftLogWorker.java:run(321)) - 67785732-1656-4414-866c-fcf56345fe62@group-50691DE86BAC-SegmentedRaftLogWorker was interrupted, exiting. There are 0 tasks remaining in the queue.
2020-04-21 09:13:11,557 [grpc-default-executor-6] INFO  server.GrpcLogAppender (GrpcLogAppender.java:onCompleted(308)) - 57c8879f-adf8-40be-8e35-9a461113d37d@group-50691DE86BAC->67785732-1656-4414-866c-fcf56345fe62-AppendLogResponseHandler: follower responses appendEntries COMPLETED
2020-04-21 09:13:11,557 [57c8879f-adf8-40be-8e35-9a461113d37d@group-50691DE86BAC-StateMachineUpdater] INFO  ratis.ContainerStateMachine (ContainerStateMachine.java:takeSnapshot(299)) - group-50691DE86BAC: Finished taking a snapshot at:(t:1, i:0) file:/github/workspace/hadoop-ozone/integration-test/target/test-dir/MiniOzoneClusterImpl-f1d3d067-0a31-4f49-b0f8-2dad55a0aeb8/datanode-0/data/ratis/41333e89-ea25-4238-b70b-50691de86bac/sm/snapshot.1_0 time:1
2020-04-21 09:13:11,561 [57c8879f-adf8-40be-8e35-9a461113d37d@group-50691DE86BAC-StateMachineUpdater] INFO  impl.StateMachineUpdater (StateMachineUpdater.java:takeSnapshot(274)) - 57c8879f-adf8-40be-8e35-9a461113d37d@group-50691DE86BAC-StateMachineUpdater: Took a snapshot at index 0
2020-04-21 09:13:11,561 [57c8879f-adf8-40be-8e35-9a461113d37d@group-50691DE86BAC-StateMachineUpdater] INFO  impl.StateMachineUpdater (StateMachineUpdater.java:lambda$new$0(86)) - 57c8879f-adf8-40be-8e35-9a461113d37d@group-50691DE86BAC-StateMachineUpdater: snapshotIndex: updateIncreasingly -1 -> 0
2020-04-21 09:13:11,560 [Thread-8729] INFO  segmented.SegmentedRaftLogWorker (SegmentedRaftLogWorker.java:close(229)) - 67785732-1656-4414-866c-fcf56345fe62@group-50691DE86BAC-SegmentedRaftLogWorker close()
2020-04-21 09:13:11,561 [57c8879f-adf8-40be-8e35-9a461113d37d@group-50691DE86BAC-StateMachineUpdater] INFO  metrics.RatisMetrics (RatisMetrics.java:unregister(46)) - Unregistering Metrics Registry : ratis.state_machine.57c8879f-adf8-40be-8e35-9a461113d37d@group-50691DE86BAC
2020-04-21 09:13:11,562 [ForkJoinPool.commonPool-worker-1] INFO  impl.RaftServerImpl (ServerState.java:close(387)) - 57c8879f-adf8-40be-8e35-9a461113d37d@group-50691DE86BAC: closes. applyIndex: 0
2020-04-21 09:13:11,562 [grpc-default-executor-6] INFO  impl.FollowerInfo (FollowerInfo.java:lambda$new$0(50)) - 57c8879f-adf8-40be-8e35-9a461113d37d@group-50691DE86BAC->67785732-1656-4414-866c-fcf56345fe62: nextIndex: updateUnconditionally 1 -> 0
2020-04-21 09:13:11,563 [57c8879f-adf8-40be-8e35-9a461113d37d@group-50691DE86BAC-SegmentedRaftLogWorker] INFO  segmented.SegmentedRaftLogWorker (SegmentedRaftLogWorker.java:run(321)) - 57c8879f-adf8-40be-8e35-9a461113d37d@group-50691DE86BAC-SegmentedRaftLogWorker was interrupted, exiting. There are 0 tasks remaining in the queue.
2020-04-21 09:13:11,562 [grpc-default-executor-11] INFO  impl.FollowerInfo (FollowerInfo.java:lambda$new$0(50)) - 57c8879f-adf8-40be-8e35-9a461113d37d@group-50691DE86BAC->fa96e0fd-0e63-45f8-9f60-728944ddfde8: nextIndex: updateUnconditionally 1 -> 0
2020-04-21 09:13:11,562 [Thread-8729] INFO  metrics.RatisMetrics (RatisMetrics.java:unregister(46)) - Unregistering Metrics Registry : ratis.log_worker.67785732-1656-4414-866c-fcf56345fe62
2020-04-21 09:13:11,564 [ForkJoinPool.commonPool-worker-1] INFO  segmented.SegmentedRaftLogWorker (SegmentedRaftLogWorker.java:close(229)) - 57c8879f-adf8-40be-8e35-9a461113d37d@group-50691DE86BAC-SegmentedRaftLogWorker close()
2020-04-21 09:13:11,564 [Thread-8729] INFO  metrics.RatisMetrics (RatisMetrics.java:unregister(46)) - Unregistering Metrics Registry : ratis.leader_election.67785732-1656-4414-866c-fcf56345fe62@group-50691DE86BAC
2020-04-21 09:13:11,564 [Thread-8729] INFO  metrics.RatisMetrics (RatisMetrics.java:unregister(46)) - Unregistering Metrics Registry : ratis.server.67785732-1656-4414-866c-fcf56345fe62@group-50691DE86BAC
2020-04-21 09:13:11,565 [Thread-8729] INFO  impl.RaftServerImpl (RaftServerImpl.java:lambda$shutdown$3(249)) - 67785732-1656-4414-866c-fcf56345fe62@group-B43EF74CB8FF: shutdown
2020-04-21 09:13:11,565 [Thread-8729] INFO  util.JmxRegister (JmxRegister.java:unregister(73)) - Successfully un-registered JMX Bean with object name Ratis:service=RaftServer,group=group-B43EF74CB8FF,id=67785732-1656-4414-866c-fcf56345fe62
2020-04-21 09:13:11,565 [Thread-8729] INFO  impl.RoleInfo (RoleInfo.java:shutdownLeaderState(104)) - 67785732-1656-4414-866c-fcf56345fe62: shutdown LeaderState
2020-04-21 09:13:11,565 [Thread-8729] INFO  impl.PendingRequests (PendingRequests.java:sendNotLeaderResponses(240)) - 67785732-1656-4414-866c-fcf56345fe62@group-B43EF74CB8FF-PendingRequests: sendNotLeaderResponses
2020-04-21 09:13:11,565 [Thread-8729] INFO  metrics.RatisMetrics (RatisMetrics.java:unregister(46)) - Unregistering Metrics Registry : ratis.log_appender.67785732-1656-4414-866c-fcf56345fe62@group-B43EF74CB8FF
2020-04-21 09:13:11,565 [Thread-8729] INFO  impl.StateMachineUpdater (StateMachineUpdater.java:stopAndJoin(139)) - 67785732-1656-4414-866c-fcf56345fe62@group-B43EF74CB8FF-StateMachineUpdater: set stopIndex = 0
2020-04-21 09:13:11,567 [67785732-1656-4414-866c-fcf56345fe62@group-B43EF74CB8FF-StateMachineUpdater] INFO  ratis.ContainerStateMachine (ContainerStateMachine.java:takeSnapshot(288)) - group-B43EF74CB8FF: Taking a snapshot at:(t:1, i:0) file /github/workspace/hadoop-ozone/integration-test/target/test-dir/MiniOzoneClusterImpl-f1d3d067-0a31-4f49-b0f8-2dad55a0aeb8/datanode-1/data/ratis/fcb9b4cd-c3fc-4f1f-96cd-b43ef74cb8ff/sm/snapshot.1_0
2020-04-21 09:13:11,568 [67785732-1656-4414-866c-fcf56345fe62@group-B43EF74CB8FF-StateMachineUpdater] INFO  ratis.ContainerStateMachine (ContainerStateMachine.java:takeSnapshot(299)) - group-B43EF74CB8FF: Finished taking a snapshot at:(t:1, i:0) file:/github/workspace/hadoop-ozone/integration-test/target/test-dir/MiniOzoneClusterImpl-f1d3d067-0a31-4f49-b0f8-2dad55a0aeb8/datanode-1/data/ratis/fcb9b4cd-c3fc-4f1f-96cd-b43ef74cb8ff/sm/snapshot.1_0 time:1
2020-04-21 09:13:11,568 [67785732-1656-4414-866c-fcf56345fe62@group-B43EF74CB8FF-StateMachineUpdater] INFO  impl.StateMachineUpdater (StateMachineUpdater.java:takeSnapshot(274)) - 67785732-1656-4414-866c-fcf56345fe62@group-B43EF74CB8FF-StateMachineUpdater: Took a snapshot at index 0
2020-04-21 09:13:11,568 [67785732-1656-4414-866c-fcf56345fe62@group-B43EF74CB8FF-StateMachineUpdater] INFO  impl.StateMachineUpdater (StateMachineUpdater.java:lambda$new$0(86)) - 67785732-1656-4414-866c-fcf56345fe62@group-B43EF74CB8FF-StateMachineUpdater: snapshotIndex: updateIncreasingly -1 -> 0
2020-04-21 09:13:11,568 [67785732-1656-4414-866c-fcf56345fe62@group-B43EF74CB8FF-StateMachineUpdater] INFO  metrics.RatisMetrics (RatisMetrics.java:unregister(46)) - Unregistering Metrics Registry : ratis.state_machine.67785732-1656-4414-866c-fcf56345fe62@group-B43EF74CB8FF
2020-04-21 09:13:11,568 [Thread-8729] INFO  impl.RaftServerImpl (ServerState.java:close(387)) - 67785732-1656-4414-866c-fcf56345fe62@group-B43EF74CB8FF: closes. applyIndex: 0
2020-04-21 09:13:11,568 [ForkJoinPool.commonPool-worker-1] INFO  metrics.RatisMetrics (RatisMetrics.java:unregister(46)) - Unregistering Metrics Registry : ratis.log_worker.57c8879f-adf8-40be-8e35-9a461113d37d
2020-04-21 09:13:11,568 [ForkJoinPool.commonPool-worker-1] INFO  metrics.RatisMetrics (RatisMetrics.java:unregister(46)) - Unregistering Metrics Registry : ratis.leader_election.57c8879f-adf8-40be-8e35-9a461113d37d@group-50691DE86BAC
2020-04-21 09:13:11,568 [ForkJoinPool.commonPool-worker-1] INFO  metrics.RatisMetrics (RatisMetrics.java:unregister(46)) - Unregistering Metrics Registry : ratis.server.57c8879f-adf8-40be-8e35-9a461113d37d@group-50691DE86BAC
2020-04-21 09:13:11,568 [67785732-1656-4414-866c-fcf56345fe62@group-B43EF74CB8FF-SegmentedRaftLogWorker] INFO  segmented.SegmentedRaftLogWorker (SegmentedRaftLogWorker.java:run(321)) - 67785732-1656-4414-866c-fcf56345fe62@group-B43EF74CB8FF-SegmentedRaftLogWorker was interrupted, exiting. There are 0 tasks remaining in the queue.
2020-04-21 09:13:11,568 [ForkJoinPool.commonPool-worker-1] INFO  impl.RaftServerImpl (RaftServerImpl.java:lambda$shutdown$3(249)) - 57c8879f-adf8-40be-8e35-9a461113d37d@group-0663D1EE45F4: shutdown
2020-04-21 09:13:11,569 [ForkJoinPool.commonPool-worker-1] INFO  util.JmxRegister (JmxRegister.java:unregister(73)) - Successfully un-registered JMX Bean with object name Ratis:service=RaftServer,group=group-0663D1EE45F4,id=57c8879f-adf8-40be-8e35-9a461113d37d
2020-04-21 09:13:11,569 [ForkJoinPool.commonPool-worker-1] INFO  impl.RoleInfo (RoleInfo.java:shutdownLeaderState(104)) - 57c8879f-adf8-40be-8e35-9a461113d37d: shutdown LeaderState
2020-04-21 09:13:11,569 [ForkJoinPool.commonPool-worker-1] INFO  impl.PendingRequests (PendingRequests.java:sendNotLeaderResponses(240)) - 57c8879f-adf8-40be-8e35-9a461113d37d@group-0663D1EE45F4-PendingRequests: sendNotLeaderResponses
2020-04-21 09:13:11,569 [ForkJoinPool.commonPool-worker-1] INFO  metrics.RatisMetrics (RatisMetrics.java:unregister(46)) - Unregistering Metrics Registry : ratis.log_appender.57c8879f-adf8-40be-8e35-9a461113d37d@group-0663D1EE45F4
2020-04-21 09:13:11,569 [ForkJoinPool.commonPool-worker-1] INFO  impl.StateMachineUpdater (StateMachineUpdater.java:stopAndJoin(139)) - 57c8879f-adf8-40be-8e35-9a461113d37d@group-0663D1EE45F4-StateMachineUpdater: set stopIndex = 0
2020-04-21 09:13:11,570 [57c8879f-adf8-40be-8e35-9a461113d37d@group-0663D1EE45F4-StateMachineUpdater] INFO  ratis.ContainerStateMachine (ContainerStateMachine.java:takeSnapshot(288)) - group-0663D1EE45F4: Taking a snapshot at:(t:1, i:0) file /github/workspace/hadoop-ozone/integration-test/target/test-dir/MiniOzoneClusterImpl-f1d3d067-0a31-4f49-b0f8-2dad55a0aeb8/datanode-0/data/ratis/585546ed-bfdf-454b-bdea-0663d1ee45f4/sm/snapshot.1_0
2020-04-21 09:13:11,571 [57c8879f-adf8-40be-8e35-9a461113d37d@group-0663D1EE45F4-StateMachineUpdater] INFO  ratis.ContainerStateMachine (ContainerStateMachine.java:takeSnapshot(299)) - group-0663D1EE45F4: Finished taking a snapshot at:(t:1, i:0) file:/github/workspace/hadoop-ozone/integration-test/target/test-dir/MiniOzoneClusterImpl-f1d3d067-0a31-4f49-b0f8-2dad55a0aeb8/datanode-0/data/ratis/585546ed-bfdf-454b-bdea-0663d1ee45f4/sm/snapshot.1_0 time:1
2020-04-21 09:13:11,571 [57c8879f-adf8-40be-8e35-9a461113d37d@group-0663D1EE45F4-StateMachineUpdater] INFO  impl.StateMachineUpdater (StateMachineUpdater.java:takeSnapshot(274)) - 57c8879f-adf8-40be-8e35-9a461113d37d@group-0663D1EE45F4-StateMachineUpdater: Took a snapshot at index 0
2020-04-21 09:13:11,571 [57c8879f-adf8-40be-8e35-9a461113d37d@group-0663D1EE45F4-StateMachineUpdater] INFO  impl.StateMachineUpdater (StateMachineUpdater.java:lambda$new$0(86)) - 57c8879f-adf8-40be-8e35-9a461113d37d@group-0663D1EE45F4-StateMachineUpdater: snapshotIndex: updateIncreasingly -1 -> 0
2020-04-21 09:13:11,571 [57c8879f-adf8-40be-8e35-9a461113d37d@group-0663D1EE45F4-StateMachineUpdater] INFO  metrics.RatisMetrics (RatisMetrics.java:unregister(46)) - Unregistering Metrics Registry : ratis.state_machine.57c8879f-adf8-40be-8e35-9a461113d37d@group-0663D1EE45F4
2020-04-21 09:13:11,571 [ForkJoinPool.commonPool-worker-1] INFO  impl.RaftServerImpl (ServerState.java:close(387)) - 57c8879f-adf8-40be-8e35-9a461113d37d@group-0663D1EE45F4: closes. applyIndex: 0
2020-04-21 09:13:11,571 [57c8879f-adf8-40be-8e35-9a461113d37d@group-0663D1EE45F4-SegmentedRaftLogWorker] INFO  segmented.SegmentedRaftLogWorker (SegmentedRaftLogWorker.java:run(321)) - 57c8879f-adf8-40be-8e35-9a461113d37d@group-0663D1EE45F4-SegmentedRaftLogWorker was interrupted, exiting. There are 0 tasks remaining in the queue.
2020-04-21 09:13:11,576 [Thread-8729] INFO  segmented.SegmentedRaftLogWorker (SegmentedRaftLogWorker.java:close(229)) - 67785732-1656-4414-866c-fcf56345fe62@group-B43EF74CB8FF-SegmentedRaftLogWorker close()
2020-04-21 09:13:11,576 [ForkJoinPool.commonPool-worker-1] INFO  segmented.SegmentedRaftLogWorker (SegmentedRaftLogWorker.java:close(229)) - 57c8879f-adf8-40be-8e35-9a461113d37d@group-0663D1EE45F4-SegmentedRaftLogWorker close()
2020-04-21 09:13:11,577 [Thread-8729] INFO  metrics.RatisMetrics (RatisMetrics.java:unregister(46)) - Unregistering Metrics Registry : ratis.log_worker.67785732-1656-4414-866c-fcf56345fe62
2020-04-21 09:13:11,578 [Thread-8729] INFO  metrics.RatisMetrics (RatisMetrics.java:unregister(46)) - Unregistering Metrics Registry : ratis.leader_election.67785732-1656-4414-866c-fcf56345fe62@group-B43EF74CB8FF
2020-04-21 09:13:11,578 [Thread-8729] INFO  metrics.RatisMetrics (RatisMetrics.java:unregister(46)) - Unregistering Metrics Registry : ratis.server.67785732-1656-4414-866c-fcf56345fe62@group-B43EF74CB8FF
2020-04-21 09:13:11,578 [Thread-8729] INFO  server.GrpcService (GrpcService.java:closeImpl(164)) - 67785732-1656-4414-866c-fcf56345fe62: shutdown server with port 40917 now
2020-04-21 09:13:11,580 [ForkJoinPool.commonPool-worker-1] INFO  metrics.RatisMetrics (RatisMetrics.java:unregister(46)) - Unregistering Metrics Registry : ratis.log_worker.57c8879f-adf8-40be-8e35-9a461113d37d
2020-04-21 09:13:11,580 [ForkJoinPool.commonPool-worker-1] INFO  metrics.RatisMetrics (RatisMetrics.java:unregister(46)) - Unregistering Metrics Registry : ratis.leader_election.57c8879f-adf8-40be-8e35-9a461113d37d@group-0663D1EE45F4
2020-04-21 09:13:11,580 [ForkJoinPool.commonPool-worker-1] INFO  metrics.RatisMetrics (RatisMetrics.java:unregister(46)) - Unregistering Metrics Registry : ratis.server.57c8879f-adf8-40be-8e35-9a461113d37d@group-0663D1EE45F4
2020-04-21 09:13:11,580 [ForkJoinPool.commonPool-worker-1] INFO  server.GrpcService (GrpcService.java:closeImpl(164)) - 57c8879f-adf8-40be-8e35-9a461113d37d: shutdown server with port 43537 now
2020-04-21 09:13:11,580 [Thread-8729] INFO  server.GrpcService (GrpcService.java:closeImpl(172)) - 67785732-1656-4414-866c-fcf56345fe62: shutdown server with port 40917 successfully
2020-04-21 09:13:11,580 [ForkJoinPool.commonPool-worker-1] INFO  server.GrpcService (GrpcService.java:closeImpl(172)) - 57c8879f-adf8-40be-8e35-9a461113d37d: shutdown server with port 43537 successfully
2020-04-21 09:13:11,605 [Thread-8729] INFO  utils.BackgroundService (BackgroundService.java:shutdown(157)) - Shutting down service BlockDeletingService
2020-04-21 09:13:11,627 [Thread-8729] INFO  statemachine.DatanodeStateMachine (DatanodeStateMachine.java:stopDaemon(424)) - Ozone container server stopped.
2020-04-21 09:13:11,628 [ForkJoinPool.commonPool-worker-1] INFO  utils.BackgroundService (BackgroundService.java:shutdown(157)) - Shutting down service BlockDeletingService
2020-04-21 09:13:11,628 [Thread-8729] INFO  handler.ContextHandler (ContextHandler.java:doStop(1016)) - Stopped o.e.j.w.WebAppContext@5967186b{hddsDatanode,/,null,UNAVAILABLE}{jar:file:/home/user/.m2/repository/org/apache/hadoop/hadoop-hdds-container-service/0.6.0-SNAPSHOT/hadoop-hdds-container-service-0.6.0-SNAPSHOT.jar!/webapps/hddsDatanode}
2020-04-21 09:13:11,628 [Thread-8729] INFO  server.AbstractConnector (AbstractConnector.java:doStop(380)) - Stopped ServerConnector@7fb676cc{HTTP/1.1,[http/1.1]}{0.0.0.0:0}
2020-04-21 09:13:11,629 [Thread-8729] INFO  server.session (HouseKeeper.java:stopScavenging(158)) - node0 Stopped scavenging
2020-04-21 09:13:11,629 [Thread-8729] INFO  handler.ContextHandler (ContextHandler.java:doStop(1016)) - Stopped o.e.j.s.ServletContextHandler@1bff1425{static,/static,jar:file:/home/user/.m2/repository/org/apache/hadoop/hadoop-hdds-container-service/0.6.0-SNAPSHOT/hadoop-hdds-container-service-0.6.0-SNAPSHOT.jar!/webapps/static,UNAVAILABLE}
2020-04-21 09:13:11,629 [Thread-8729] INFO  handler.ContextHandler (ContextHandler.java:doStop(1016)) - Stopped o.e.j.s.ServletContextHandler@45e59089{logs,/logs,file:///github/workspace/hadoop-ozone/integration-test/target/log,UNAVAILABLE}
2020-04-21 09:13:11,631 [ForkJoinPool.commonPool-worker-1] INFO  statemachine.DatanodeStateMachine (DatanodeStateMachine.java:stopDaemon(424)) - Ozone container server stopped.
2020-04-21 09:13:11,634 [ForkJoinPool.commonPool-worker-1] INFO  handler.ContextHandler (ContextHandler.java:doStop(1016)) - Stopped o.e.j.w.WebAppContext@3c67d5f0{hddsDatanode,/,null,UNAVAILABLE}{jar:file:/home/user/.m2/repository/org/apache/hadoop/hadoop-hdds-container-service/0.6.0-SNAPSHOT/hadoop-hdds-container-service-0.6.0-SNAPSHOT.jar!/webapps/hddsDatanode}
2020-04-21 09:13:11,638 [ForkJoinPool.commonPool-worker-1] INFO  server.AbstractConnector (AbstractConnector.java:doStop(380)) - Stopped ServerConnector@252a520d{HTTP/1.1,[http/1.1]}{0.0.0.0:0}
2020-04-21 09:13:11,638 [ForkJoinPool.commonPool-worker-1] INFO  server.session (HouseKeeper.java:stopScavenging(158)) - node0 Stopped scavenging
2020-04-21 09:13:11,639 [ForkJoinPool.commonPool-worker-1] INFO  handler.ContextHandler (ContextHandler.java:doStop(1016)) - Stopped o.e.j.s.ServletContextHandler@1bc415cd{static,/static,jar:file:/home/user/.m2/repository/org/apache/hadoop/hadoop-hdds-container-service/0.6.0-SNAPSHOT/hadoop-hdds-container-service-0.6.0-SNAPSHOT.jar!/webapps/static,UNAVAILABLE}
2020-04-21 09:13:11,641 [ForkJoinPool.commonPool-worker-1] INFO  handler.ContextHandler (ContextHandler.java:doStop(1016)) - Stopped o.e.j.s.ServletContextHandler@5cfa123f{logs,/logs,file:///github/workspace/hadoop-ozone/integration-test/target/log,UNAVAILABLE}
2020-04-21 09:13:12,142 [Datanode State Machine Thread - 0] INFO  statemachine.DatanodeStateMachine (DatanodeStateMachine.java:lambda$startDaemon$0(376)) - Ozone container server started.
2020-04-21 09:13:16,635 [Thread-8729] INFO  ozoneimpl.OzoneContainer (OzoneContainer.java:stop(246)) - Attempting to stop container services.
2020-04-21 09:13:16,636 [Thread-8729] INFO  impl.RaftServerProxy (RaftServerProxy.java:lambda$close$4(314)) - fa96e0fd-0e63-45f8-9f60-728944ddfde8: close
2020-04-21 09:13:16,636 [Thread-8729] INFO  impl.RaftServerImpl (RaftServerImpl.java:lambda$shutdown$3(249)) - fa96e0fd-0e63-45f8-9f60-728944ddfde8@group-50691DE86BAC: shutdown
2020-04-21 09:13:16,636 [Thread-8729] INFO  util.JmxRegister (JmxRegister.java:unregister(73)) - Successfully un-registered JMX Bean with object name Ratis:service=RaftServer,group=group-50691DE86BAC,id=fa96e0fd-0e63-45f8-9f60-728944ddfde8
2020-04-21 09:13:16,636 [Thread-8729] INFO  impl.RoleInfo (RoleInfo.java:shutdownFollowerState(121)) - fa96e0fd-0e63-45f8-9f60-728944ddfde8: shutdown FollowerState
2020-04-21 09:13:16,637 [Thread-8729] INFO  impl.StateMachineUpdater (StateMachineUpdater.java:stopAndJoin(139)) - fa96e0fd-0e63-45f8-9f60-728944ddfde8@group-50691DE86BAC-StateMachineUpdater: set stopIndex = 0
2020-04-21 09:13:16,637 [Thread-9087] INFO  impl.FollowerState (FollowerState.java:run(117)) - fa96e0fd-0e63-45f8-9f60-728944ddfde8@group-50691DE86BAC-FollowerState was interrupted: java.lang.InterruptedException: sleep interrupted
2020-04-21 09:13:16,638 [fa96e0fd-0e63-45f8-9f60-728944ddfde8@group-50691DE86BAC-StateMachineUpdater] INFO  ratis.ContainerStateMachine (ContainerStateMachine.java:takeSnapshot(288)) - group-50691DE86BAC: Taking a snapshot at:(t:1, i:0) file /github/workspace/hadoop-ozone/integration-test/target/test-dir/MiniOzoneClusterImpl-f1d3d067-0a31-4f49-b0f8-2dad55a0aeb8/datanode-2/data/ratis/41333e89-ea25-4238-b70b-50691de86bac/sm/snapshot.1_0
2020-04-21 09:13:16,639 [fa96e0fd-0e63-45f8-9f60-728944ddfde8@group-50691DE86BAC-StateMachineUpdater] INFO  ratis.ContainerStateMachine (ContainerStateMachine.java:takeSnapshot(299)) - group-50691DE86BAC: Finished taking a snapshot at:(t:1, i:0) file:/github/workspace/hadoop-ozone/integration-test/target/test-dir/MiniOzoneClusterImpl-f1d3d067-0a31-4f49-b0f8-2dad55a0aeb8/datanode-2/data/ratis/41333e89-ea25-4238-b70b-50691de86bac/sm/snapshot.1_0 time:1
2020-04-21 09:13:16,639 [fa96e0fd-0e63-45f8-9f60-728944ddfde8@group-50691DE86BAC-StateMachineUpdater] INFO  impl.StateMachineUpdater (StateMachineUpdater.java:takeSnapshot(274)) - fa96e0fd-0e63-45f8-9f60-728944ddfde8@group-50691DE86BAC-StateMachineUpdater: Took a snapshot at index 0
2020-04-21 09:13:16,639 [fa96e0fd-0e63-45f8-9f60-728944ddfde8@group-50691DE86BAC-StateMachineUpdater] INFO  impl.StateMachineUpdater (StateMachineUpdater.java:lambda$new$0(86)) - fa96e0fd-0e63-45f8-9f60-728944ddfde8@group-50691DE86BAC-StateMachineUpdater: snapshotIndex: updateIncreasingly -1 -> 0
2020-04-21 09:13:16,640 [fa96e0fd-0e63-45f8-9f60-728944ddfde8@group-50691DE86BAC-StateMachineUpdater] INFO  metrics.RatisMetrics (RatisMetrics.java:unregister(46)) - Unregistering Metrics Registry : ratis.state_machine.fa96e0fd-0e63-45f8-9f60-728944ddfde8@group-50691DE86BAC
2020-04-21 09:13:16,640 [Thread-8729] INFO  impl.RaftServerImpl (ServerState.java:close(387)) - fa96e0fd-0e63-45f8-9f60-728944ddfde8@group-50691DE86BAC: closes. applyIndex: 0
2020-04-21 09:13:16,640 [fa96e0fd-0e63-45f8-9f60-728944ddfde8@group-50691DE86BAC-SegmentedRaftLogWorker] INFO  segmented.SegmentedRaftLogWorker (SegmentedRaftLogWorker.java:run(321)) - fa96e0fd-0e63-45f8-9f60-728944ddfde8@group-50691DE86BAC-SegmentedRaftLogWorker was interrupted, exiting. There are 0 tasks remaining in the queue.
2020-04-21 09:13:16,642 [Thread-8729] INFO  segmented.SegmentedRaftLogWorker (SegmentedRaftLogWorker.java:close(229)) - fa96e0fd-0e63-45f8-9f60-728944ddfde8@group-50691DE86BAC-SegmentedRaftLogWorker close()
2020-04-21 09:13:16,644 [Thread-8729] INFO  metrics.RatisMetrics (RatisMetrics.java:unregister(46)) - Unregistering Metrics Registry : ratis.log_worker.fa96e0fd-0e63-45f8-9f60-728944ddfde8
2020-04-21 09:13:16,644 [Thread-8729] INFO  metrics.RatisMetrics (RatisMetrics.java:unregister(46)) - Unregistering Metrics Registry : ratis.leader_election.fa96e0fd-0e63-45f8-9f60-728944ddfde8@group-50691DE86BAC
2020-04-21 09:13:16,644 [Thread-8729] INFO  metrics.RatisMetrics (RatisMetrics.java:unregister(46)) - Unregistering Metrics Registry : ratis.server.fa96e0fd-0e63-45f8-9f60-728944ddfde8@group-50691DE86BAC
2020-04-21 09:13:16,644 [Thread-8729] INFO  impl.RaftServerImpl (RaftServerImpl.java:lambda$shutdown$3(249)) - fa96e0fd-0e63-45f8-9f60-728944ddfde8@group-FF24E5F46BAE: shutdown
2020-04-21 09:13:16,644 [Thread-8729] INFO  util.JmxRegister (JmxRegister.java:unregister(73)) - Successfully un-registered JMX Bean with object name Ratis:service=RaftServer,group=group-FF24E5F46BAE,id=fa96e0fd-0e63-45f8-9f60-728944ddfde8
2020-04-21 09:13:16,645 [Thread-8729] INFO  impl.RoleInfo (RoleInfo.java:shutdownLeaderState(104)) - fa96e0fd-0e63-45f8-9f60-728944ddfde8: shutdown LeaderState
2020-04-21 09:13:16,645 [Thread-8729] INFO  impl.PendingRequests (PendingRequests.java:sendNotLeaderResponses(240)) - fa96e0fd-0e63-45f8-9f60-728944ddfde8@group-FF24E5F46BAE-PendingRequests: sendNotLeaderResponses
2020-04-21 09:13:16,645 [Thread-8729] INFO  metrics.RatisMetrics (RatisMetrics.java:unregister(46)) - Unregistering Metrics Registry : ratis.log_appender.fa96e0fd-0e63-45f8-9f60-728944ddfde8@group-FF24E5F46BAE
2020-04-21 09:13:16,646 [fa96e0fd-0e63-45f8-9f60-728944ddfde8@group-FF24E5F46BAE-StateMachineUpdater] INFO  ratis.ContainerStateMachine (ContainerStateMachine.java:takeSnapshot(288)) - group-FF24E5F46BAE: Taking a snapshot at:(t:1, i:0) file /github/workspace/hadoop-ozone/integration-test/target/test-dir/MiniOzoneClusterImpl-f1d3d067-0a31-4f49-b0f8-2dad55a0aeb8/datanode-2/data/ratis/27f7470d-cae7-44a0-9b76-ff24e5f46bae/sm/snapshot.1_0
2020-04-21 09:13:16,646 [Thread-8729] INFO  impl.StateMachineUpdater (StateMachineUpdater.java:stopAndJoin(139)) - fa96e0fd-0e63-45f8-9f60-728944ddfde8@group-FF24E5F46BAE-StateMachineUpdater: set stopIndex = 0
2020-04-21 09:13:16,647 [fa96e0fd-0e63-45f8-9f60-728944ddfde8@group-FF24E5F46BAE-StateMachineUpdater] INFO  ratis.ContainerStateMachine (ContainerStateMachine.java:takeSnapshot(299)) - group-FF24E5F46BAE: Finished taking a snapshot at:(t:1, i:0) file:/github/workspace/hadoop-ozone/integration-test/target/test-dir/MiniOzoneClusterImpl-f1d3d067-0a31-4f49-b0f8-2dad55a0aeb8/datanode-2/data/ratis/27f7470d-cae7-44a0-9b76-ff24e5f46bae/sm/snapshot.1_0 time:1
2020-04-21 09:13:16,647 [fa96e0fd-0e63-45f8-9f60-728944ddfde8@group-FF24E5F46BAE-StateMachineUpdater] INFO  impl.StateMachineUpdater (StateMachineUpdater.java:takeSnapshot(274)) - fa96e0fd-0e63-45f8-9f60-728944ddfde8@group-FF24E5F46BAE-StateMachineUpdater: Took a snapshot at index 0
2020-04-21 09:13:16,647 [fa96e0fd-0e63-45f8-9f60-728944ddfde8@group-FF24E5F46BAE-StateMachineUpdater] INFO  impl.StateMachineUpdater (StateMachineUpdater.java:lambda$new$0(86)) - fa96e0fd-0e63-45f8-9f60-728944ddfde8@group-FF24E5F46BAE-StateMachineUpdater: snapshotIndex: updateIncreasingly -1 -> 0
2020-04-21 09:13:16,647 [fa96e0fd-0e63-45f8-9f60-728944ddfde8@group-FF24E5F46BAE-StateMachineUpdater] INFO  metrics.RatisMetrics (RatisMetrics.java:unregister(46)) - Unregistering Metrics Registry : ratis.state_machine.fa96e0fd-0e63-45f8-9f60-728944ddfde8@group-FF24E5F46BAE
2020-04-21 09:13:16,647 [Thread-8729] INFO  impl.RaftServerImpl (ServerState.java:close(387)) - fa96e0fd-0e63-45f8-9f60-728944ddfde8@group-FF24E5F46BAE: closes. applyIndex: 0
2020-04-21 09:13:16,647 [fa96e0fd-0e63-45f8-9f60-728944ddfde8@group-FF24E5F46BAE-SegmentedRaftLogWorker] INFO  segmented.SegmentedRaftLogWorker (SegmentedRaftLogWorker.java:run(321)) - fa96e0fd-0e63-45f8-9f60-728944ddfde8@group-FF24E5F46BAE-SegmentedRaftLogWorker was interrupted, exiting. There are 0 tasks remaining in the queue.
2020-04-21 09:13:16,649 [Thread-8729] INFO  segmented.SegmentedRaftLogWorker (SegmentedRaftLogWorker.java:close(229)) - fa96e0fd-0e63-45f8-9f60-728944ddfde8@group-FF24E5F46BAE-SegmentedRaftLogWorker close()
2020-04-21 09:13:16,650 [Thread-8729] INFO  metrics.RatisMetrics (RatisMetrics.java:unregister(46)) - Unregistering Metrics Registry : ratis.log_worker.fa96e0fd-0e63-45f8-9f60-728944ddfde8
2020-04-21 09:13:16,650 [Thread-8729] INFO  metrics.RatisMetrics (RatisMetrics.java:unregister(46)) - Unregistering Metrics Registry : ratis.leader_election.fa96e0fd-0e63-45f8-9f60-728944ddfde8@group-FF24E5F46BAE
2020-04-21 09:13:16,650 [Thread-8729] INFO  metrics.RatisMetrics (RatisMetrics.java:unregister(46)) - Unregistering Metrics Registry : ratis.server.fa96e0fd-0e63-45f8-9f60-728944ddfde8@group-FF24E5F46BAE
2020-04-21 09:13:16,650 [Thread-8729] INFO  server.GrpcService (GrpcService.java:closeImpl(164)) - fa96e0fd-0e63-45f8-9f60-728944ddfde8: shutdown server with port 36531 now
2020-04-21 09:13:16,651 [Thread-8729] INFO  server.GrpcService (GrpcService.java:closeImpl(172)) - fa96e0fd-0e63-45f8-9f60-728944ddfde8: shutdown server with port 36531 successfully
2020-04-21 09:13:16,667 [Thread-8729] INFO  utils.BackgroundService (BackgroundService.java:shutdown(157)) - Shutting down service BlockDeletingService
2020-04-21 09:13:16,671 [Thread-8729] INFO  statemachine.DatanodeStateMachine (DatanodeStateMachine.java:stopDaemon(424)) - Ozone container server stopped.
2020-04-21 09:13:16,672 [Thread-8729] INFO  handler.ContextHandler (ContextHandler.java:doStop(1016)) - Stopped o.e.j.w.WebAppContext@44bc4ea0{hddsDatanode,/,null,UNAVAILABLE}{jar:file:/home/user/.m2/repository/org/apache/hadoop/hadoop-hdds-container-service/0.6.0-SNAPSHOT/hadoop-hdds-container-service-0.6.0-SNAPSHOT.jar!/webapps/hddsDatanode}
2020-04-21 09:13:16,672 [Thread-8729] INFO  server.AbstractConnector (AbstractConnector.java:doStop(380)) - Stopped ServerConnector@3333642a{HTTP/1.1,[http/1.1]}{0.0.0.0:0}
2020-04-21 09:13:16,672 [Thread-8729] INFO  server.session (HouseKeeper.java:stopScavenging(158)) - node0 Stopped scavenging
2020-04-21 09:13:16,673 [Thread-8729] INFO  handler.ContextHandler (ContextHandler.java:doStop(1016)) - Stopped o.e.j.s.ServletContextHandler@28eaaf01{static,/static,jar:file:/home/user/.m2/repository/org/apache/hadoop/hadoop-hdds-container-service/0.6.0-SNAPSHOT/hadoop-hdds-container-service-0.6.0-SNAPSHOT.jar!/webapps/static,UNAVAILABLE}
2020-04-21 09:13:16,673 [Thread-8729] INFO  handler.ContextHandler (ContextHandler.java:doStop(1016)) - Stopped o.e.j.s.ServletContextHandler@12fa53c6{logs,/logs,file:///github/workspace/hadoop-ozone/integration-test/target/log,UNAVAILABLE}
2020-04-21 09:13:16,673 [Thread-8729] INFO  ozone.MiniOzoneClusterImpl (MiniOzoneClusterImpl.java:stopSCM(476)) - Stopping the StorageContainerManager
2020-04-21 09:13:16,673 [Thread-8729] INFO  server.StorageContainerManager (StorageContainerManager.java:stop(818)) - Stopping Replication Manager Service.
2020-04-21 09:13:16,673 [Thread-8729] INFO  container.ReplicationManager (ReplicationManager.java:stop(206)) - Stopping Replication Monitor Thread.
2020-04-21 09:13:16,673 [Thread-8729] INFO  server.StorageContainerManager (StorageContainerManager.java:stop(825)) - Stopping Lease Manager of the command watchers
2020-04-21 09:13:16,674 [Thread-8729] INFO  server.StorageContainerManager (StorageContainerManager.java:stop(832)) - Stopping datanode service RPC server
2020-04-21 09:13:16,674 [CommandWatcher-LeaseManager#LeaseMonitor] ERROR lease.LeaseManager (LeaseManager.java:run(238)) - Execution was interrupted 
java.lang.InterruptedException: sleep interrupted
	at java.lang.Thread.sleep(Native Method)
	at org.apache.hadoop.ozone.lease.LeaseManager$LeaseMonitor.run(LeaseManager.java:234)
	at java.lang.Thread.run(Thread.java:748)
2020-04-21 09:13:16,674 [Thread-8729] INFO  server.SCMDatanodeProtocolServer (SCMDatanodeProtocolServer.java:stop(361)) - Stopping the RPC server for DataNodes
2020-04-21 09:13:16,674 [Thread-8729] INFO  ipc.Server (Server.java:stop(3082)) - Stopping server on 42867
2020-04-21 09:13:16,674 [IPC Server listener on 42867] INFO  ipc.Server (Server.java:run(1185)) - Stopping IPC Server listener on 42867
2020-04-21 09:13:16,677 [IPC Server Responder] INFO  ipc.Server (Server.java:run(1319)) - Stopping IPC Server Responder
2020-04-21 09:13:16,699 [SCM Heartbeat Processing Thread - 0] WARN  node.NodeStateManager (NodeStateManager.java:scheduleNextHealthCheck(661)) - Current Thread is interrupted, shutting down HB processing thread for Node Manager.
2020-04-21 09:13:16,699 [Thread-8729] INFO  server.StorageContainerManager (StorageContainerManager.java:stop(840)) - Stopping block service RPC server
2020-04-21 09:13:16,699 [Thread-8729] INFO  server.SCMBlockProtocolServer (SCMBlockProtocolServer.java:stop(158)) - Stopping the RPC server for Block Protocol
2020-04-21 09:13:16,699 [Thread-8729] INFO  ipc.Server (Server.java:stop(3082)) - Stopping server on 41223
2020-04-21 09:13:16,700 [IPC Server listener on 41223] INFO  ipc.Server (Server.java:run(1185)) - Stopping IPC Server listener on 41223
2020-04-21 09:13:16,701 [IPC Server Responder] INFO  ipc.Server (Server.java:run(1319)) - Stopping IPC Server Responder
2020-04-21 09:13:16,706 [Thread-8729] INFO  server.StorageContainerManager (StorageContainerManager.java:stop(847)) - Stopping the StorageContainerLocationProtocol RPC server
2020-04-21 09:13:16,706 [Thread-8729] INFO  server.SCMClientProtocolServer (SCMClientProtocolServer.java:stop(164)) - Stopping the RPC server for Client Protocol
2020-04-21 09:13:16,706 [Thread-8729] INFO  ipc.Server (Server.java:stop(3082)) - Stopping server on 35091
2020-04-21 09:13:16,707 [IPC Server listener on 35091] INFO  ipc.Server (Server.java:run(1185)) - Stopping IPC Server listener on 35091
2020-04-21 09:13:16,707 [Thread-8729] INFO  server.StorageContainerManager (StorageContainerManager.java:stop(854)) - Stopping Storage Container Manager HTTP server.
2020-04-21 09:13:16,707 [IPC Server Responder] INFO  ipc.Server (Server.java:run(1319)) - Stopping IPC Server Responder
2020-04-21 09:13:16,709 [Thread-8729] INFO  handler.ContextHandler (ContextHandler.java:doStop(1016)) - Stopped o.e.j.w.WebAppContext@11443dac{scm,/,null,UNAVAILABLE}{file:/github/workspace/hadoop-ozone/integration-test/target/test-classes/webapps/scm}
2020-04-21 09:13:16,710 [Thread-8729] INFO  server.AbstractConnector (AbstractConnector.java:doStop(380)) - Stopped ServerConnector@f15bf1{HTTP/1.1,[http/1.1]}{0.0.0.0:0}
2020-04-21 09:13:16,710 [Thread-8729] INFO  server.session (HouseKeeper.java:stopScavenging(158)) - node0 Stopped scavenging
2020-04-21 09:13:16,710 [Thread-8729] INFO  handler.ContextHandler (ContextHandler.java:doStop(1016)) - Stopped o.e.j.s.ServletContextHandler@3b586059{static,/static,file:///github/workspace/hadoop-ozone/integration-test/target/test-classes/webapps/static,UNAVAILABLE}
2020-04-21 09:13:16,710 [Thread-8729] INFO  handler.ContextHandler (ContextHandler.java:doStop(1016)) - Stopped o.e.j.s.ServletContextHandler@4f23d02{logs,/logs,file:///github/workspace/hadoop-ozone/integration-test/target/log,UNAVAILABLE}
2020-04-21 09:13:16,711 [Thread-8729] INFO  server.StorageContainerManager (StorageContainerManager.java:stop(865)) - Stopping Block Manager Service.
2020-04-21 09:13:16,711 [Thread-8729] INFO  utils.BackgroundService (BackgroundService.java:shutdown(157)) - Shutting down service SCMBlockDeletingService
2020-04-21 09:13:16,715 [Thread-8729] INFO  utils.BackgroundService (BackgroundService.java:shutdown(157)) - Shutting down service SCMBlockDeletingService
2020-04-21 09:13:16,715 [Thread-8729] INFO  server.StorageContainerManager (StorageContainerManager.java:stop(890)) - Stopping SCM Event Queue.
2020-04-21 09:13:16,718 [Thread-8729] INFO  impl.MetricsSystemImpl (MetricsSystemImpl.java:stop(210)) - Stopping HddsDatanode metrics system...
2020-04-21 09:13:16,727 [Thread-8729] INFO  impl.MetricsSystemImpl (MetricsSystemImpl.java:stop(216)) - HddsDatanode metrics system stopped.
]]></system-out>
    <system-err><![CDATA[Apr 21, 2020 9:12:34 AM org.apache.ratis.thirdparty.io.grpc.internal.ManagedChannelOrphanWrapper$ManagedChannelReference cleanQueue
SEVERE: *~*~*~ Channel ManagedChannelImpl{logId=247, target=172.17.0.2:46089} was not shutdown properly!!! ~*~*~*
    Make sure to call shutdown()/shutdownNow() and wait until awaitTermination() returns true.
java.lang.RuntimeException: ManagedChannel allocation site
	at org.apache.ratis.thirdparty.io.grpc.internal.ManagedChannelOrphanWrapper$ManagedChannelReference.<init>(ManagedChannelOrphanWrapper.java:94)
	at org.apache.ratis.thirdparty.io.grpc.internal.ManagedChannelOrphanWrapper.<init>(ManagedChannelOrphanWrapper.java:52)
	at org.apache.ratis.thirdparty.io.grpc.internal.ManagedChannelOrphanWrapper.<init>(ManagedChannelOrphanWrapper.java:43)
	at org.apache.ratis.thirdparty.io.grpc.internal.AbstractManagedChannelImplBuilder.build(AbstractManagedChannelImplBuilder.java:512)
	at org.apache.ratis.grpc.client.GrpcClientProtocolClient.<init>(GrpcClientProtocolClient.java:129)
	at org.apache.ratis.grpc.client.GrpcClientRpc.lambda$new$0(GrpcClientRpc.java:55)
	at org.apache.ratis.util.PeerProxyMap$PeerAndProxy.lambda$getProxy$0(PeerProxyMap.java:62)
	at org.apache.ratis.util.LifeCycle.startAndTransition(LifeCycle.java:214)
	at org.apache.ratis.util.PeerProxyMap$PeerAndProxy.getProxy(PeerProxyMap.java:61)
	at org.apache.ratis.util.PeerProxyMap.getProxy(PeerProxyMap.java:109)
	at org.apache.ratis.grpc.client.GrpcClientRpc.sendRequestAsync(GrpcClientRpc.java:66)
	at org.apache.ratis.client.impl.OrderedAsync.sendRequest(OrderedAsync.java:235)
	at org.apache.ratis.client.impl.OrderedAsync.sendRequestWithRetry(OrderedAsync.java:189)
	at org.apache.ratis.util.SlidingWindow$Client.sendOrDelayRequest(SlidingWindow.java:278)
	at org.apache.ratis.util.SlidingWindow$Client.submitNewRequest(SlidingWindow.java:257)
	at org.apache.ratis.client.impl.OrderedAsync.send(OrderedAsync.java:170)
	at org.apache.ratis.client.impl.OrderedAsync.newInstance(OrderedAsync.java:119)
	at org.apache.ratis.client.impl.RaftClientImpl.lambda$new$0(RaftClientImpl.java:105)
	at org.apache.ratis.util.MemoizedSupplier.get(MemoizedSupplier.java:62)
	at org.apache.ratis.client.impl.RaftClientImpl.getOrderedAsync(RaftClientImpl.java:123)
	at org.apache.ratis.client.impl.RaftClientImpl.sendAsync(RaftClientImpl.java:161)
	at org.apache.ratis.client.impl.RaftClientImpl.sendAsync(RaftClientImpl.java:133)
	at org.apache.hadoop.hdds.scm.XceiverClientRatis.sendRequestAsync(XceiverClientRatis.java:226)
	at org.apache.hadoop.hdds.scm.XceiverClientRatis.sendCommandAsync(XceiverClientRatis.java:304)
	at org.apache.hadoop.hdds.scm.storage.ContainerProtocolCalls.writeChunkAsync(ContainerProtocolCalls.java:318)
	at org.apache.hadoop.hdds.scm.storage.BlockOutputStream.writeChunkToContainer(BlockOutputStream.java:621)
	at org.apache.hadoop.hdds.scm.storage.BlockOutputStream.writeChunk(BlockOutputStream.java:462)
	at org.apache.hadoop.hdds.scm.storage.BlockOutputStream.handleFlush(BlockOutputStream.java:476)
	at org.apache.hadoop.hdds.scm.storage.BlockOutputStream.close(BlockOutputStream.java:503)
	at org.apache.hadoop.ozone.client.io.BlockOutputStreamEntry.close(BlockOutputStreamEntry.java:144)
	at org.apache.hadoop.ozone.client.io.KeyOutputStream.handleStreamAction(KeyOutputStream.java:482)
	at org.apache.hadoop.ozone.client.io.KeyOutputStream.handleFlushOrClose(KeyOutputStream.java:456)
	at org.apache.hadoop.ozone.client.io.KeyOutputStream.close(KeyOutputStream.java:509)
	at org.apache.hadoop.ozone.client.io.OzoneOutputStream.close(OzoneOutputStream.java:60)
	at org.apache.hadoop.ozone.om.TestOzoneManagerHA.testCreateFile(TestOzoneManagerHA.java:456)
	at org.apache.hadoop.ozone.om.TestOzoneManagerHA.testFileOperationsWithRecursive(TestOzoneManagerHA.java:357)
	at sun.reflect.NativeMethodAccessorImpl.invoke0(Native Method)
	at sun.reflect.NativeMethodAccessorImpl.invoke(NativeMethodAccessorImpl.java:62)
	at sun.reflect.DelegatingMethodAccessorImpl.invoke(DelegatingMethodAccessorImpl.java:43)
	at java.lang.reflect.Method.invoke(Method.java:498)
	at org.junit.runners.model.FrameworkMethod$1.runReflectiveCall(FrameworkMethod.java:47)
	at org.junit.internal.runners.model.ReflectiveCallable.run(ReflectiveCallable.java:12)
	at org.junit.runners.model.FrameworkMethod.invokeExplosively(FrameworkMethod.java:44)
	at org.junit.internal.runners.statements.InvokeMethod.evaluate(InvokeMethod.java:17)
	at org.junit.internal.runners.statements.RunBefores.evaluate(RunBefores.java:26)
	at org.junit.internal.runners.statements.RunAfters.evaluate(RunAfters.java:27)
	at org.junit.rules.ExpectedException$ExpectedExceptionStatement.evaluate(ExpectedException.java:168)
	at org.junit.internal.runners.statements.FailOnTimeout$StatementThread.run(FailOnTimeout.java:74)

Apr 21, 2020 9:12:34 AM org.apache.ratis.thirdparty.io.grpc.internal.ManagedChannelOrphanWrapper$ManagedChannelReference cleanQueue
SEVERE: *~*~*~ Channel ManagedChannelImpl{logId=78, target=172.17.0.2:44187} was not shutdown properly!!! ~*~*~*
    Make sure to call shutdown()/shutdownNow() and wait until awaitTermination() returns true.
java.lang.RuntimeException: ManagedChannel allocation site
	at org.apache.ratis.thirdparty.io.grpc.internal.ManagedChannelOrphanWrapper$ManagedChannelReference.<init>(ManagedChannelOrphanWrapper.java:94)
	at org.apache.ratis.thirdparty.io.grpc.internal.ManagedChannelOrphanWrapper.<init>(ManagedChannelOrphanWrapper.java:52)
	at org.apache.ratis.thirdparty.io.grpc.internal.ManagedChannelOrphanWrapper.<init>(ManagedChannelOrphanWrapper.java:43)
	at org.apache.ratis.thirdparty.io.grpc.internal.AbstractManagedChannelImplBuilder.build(AbstractManagedChannelImplBuilder.java:512)
	at org.apache.ratis.grpc.client.GrpcClientProtocolClient.<init>(GrpcClientProtocolClient.java:129)
	at org.apache.ratis.grpc.client.GrpcClientRpc.lambda$new$0(GrpcClientRpc.java:55)
	at org.apache.ratis.util.PeerProxyMap$PeerAndProxy.lambda$getProxy$0(PeerProxyMap.java:62)
	at org.apache.ratis.util.LifeCycle.startAndTransition(LifeCycle.java:214)
	at org.apache.ratis.util.PeerProxyMap$PeerAndProxy.getProxy(PeerProxyMap.java:61)
	at org.apache.ratis.util.PeerProxyMap.getProxy(PeerProxyMap.java:109)
	at org.apache.ratis.grpc.client.GrpcClientRpc.sendRequestAsync(GrpcClientRpc.java:66)
	at org.apache.ratis.client.impl.OrderedAsync.sendRequest(OrderedAsync.java:235)
	at org.apache.ratis.client.impl.OrderedAsync.sendRequestWithRetry(OrderedAsync.java:189)
	at org.apache.ratis.util.SlidingWindow$Client.sendOrDelayRequest(SlidingWindow.java:278)
	at org.apache.ratis.util.SlidingWindow$Client.submitNewRequest(SlidingWindow.java:257)
	at org.apache.ratis.client.impl.OrderedAsync.send(OrderedAsync.java:170)
	at org.apache.ratis.client.impl.OrderedAsync.newInstance(OrderedAsync.java:119)
	at org.apache.ratis.client.impl.RaftClientImpl.lambda$new$0(RaftClientImpl.java:105)
	at org.apache.ratis.util.MemoizedSupplier.get(MemoizedSupplier.java:62)
	at org.apache.ratis.client.impl.RaftClientImpl.getOrderedAsync(RaftClientImpl.java:123)
	at org.apache.ratis.client.impl.RaftClientImpl.sendAsync(RaftClientImpl.java:161)
	at org.apache.ratis.client.impl.RaftClientImpl.sendAsync(RaftClientImpl.java:133)
	at org.apache.hadoop.hdds.scm.XceiverClientRatis.sendRequestAsync(XceiverClientRatis.java:226)
	at org.apache.hadoop.hdds.scm.XceiverClientRatis.sendCommandAsync(XceiverClientRatis.java:304)
	at org.apache.hadoop.hdds.scm.storage.ContainerProtocolCalls.writeChunkAsync(ContainerProtocolCalls.java:318)
	at org.apache.hadoop.hdds.scm.storage.BlockOutputStream.writeChunkToContainer(BlockOutputStream.java:621)
	at org.apache.hadoop.hdds.scm.storage.BlockOutputStream.writeChunk(BlockOutputStream.java:462)
	at org.apache.hadoop.hdds.scm.storage.BlockOutputStream.handleFlush(BlockOutputStream.java:476)
	at org.apache.hadoop.hdds.scm.storage.BlockOutputStream.close(BlockOutputStream.java:503)
	at org.apache.hadoop.ozone.client.io.BlockOutputStreamEntry.close(BlockOutputStreamEntry.java:144)
	at org.apache.hadoop.ozone.client.io.KeyOutputStream.handleStreamAction(KeyOutputStream.java:482)
	at org.apache.hadoop.ozone.client.io.KeyOutputStream.handleFlushOrClose(KeyOutputStream.java:456)
	at org.apache.hadoop.ozone.client.io.KeyOutputStream.close(KeyOutputStream.java:509)
	at org.apache.hadoop.ozone.client.io.OzoneOutputStream.close(OzoneOutputStream.java:60)
	at org.apache.hadoop.ozone.om.TestOzoneManagerHA.createMultipartKeyAndReadKey(TestOzoneManagerHA.java:526)
	at org.apache.hadoop.ozone.om.TestOzoneManagerHA.testMultipartUpload(TestOzoneManagerHA.java:334)
	at sun.reflect.NativeMethodAccessorImpl.invoke0(Native Method)
	at sun.reflect.NativeMethodAccessorImpl.invoke(NativeMethodAccessorImpl.java:62)
	at sun.reflect.DelegatingMethodAccessorImpl.invoke(DelegatingMethodAccessorImpl.java:43)
	at java.lang.reflect.Method.invoke(Method.java:498)
	at org.junit.runners.model.FrameworkMethod$1.runReflectiveCall(FrameworkMethod.java:47)
	at org.junit.internal.runners.model.ReflectiveCallable.run(ReflectiveCallable.java:12)
	at org.junit.runners.model.FrameworkMethod.invokeExplosively(FrameworkMethod.java:44)
	at org.junit.internal.runners.statements.InvokeMethod.evaluate(InvokeMethod.java:17)
	at org.junit.internal.runners.statements.RunBefores.evaluate(RunBefores.java:26)
	at org.junit.internal.runners.statements.RunAfters.evaluate(RunAfters.java:27)
	at org.junit.rules.ExpectedException$ExpectedExceptionStatement.evaluate(ExpectedException.java:168)
	at org.junit.internal.runners.statements.FailOnTimeout$StatementThread.run(FailOnTimeout.java:74)

Apr 21, 2020 9:12:34 AM org.apache.ratis.thirdparty.io.grpc.internal.ManagedChannelOrphanWrapper$ManagedChannelReference cleanQueue
SEVERE: *~*~*~ Channel ManagedChannelImpl{logId=237, target=172.17.0.2:44785} was not shutdown properly!!! ~*~*~*
    Make sure to call shutdown()/shutdownNow() and wait until awaitTermination() returns true.
java.lang.RuntimeException: ManagedChannel allocation site
	at org.apache.ratis.thirdparty.io.grpc.internal.ManagedChannelOrphanWrapper$ManagedChannelReference.<init>(ManagedChannelOrphanWrapper.java:94)
	at org.apache.ratis.thirdparty.io.grpc.internal.ManagedChannelOrphanWrapper.<init>(ManagedChannelOrphanWrapper.java:52)
	at org.apache.ratis.thirdparty.io.grpc.internal.ManagedChannelOrphanWrapper.<init>(ManagedChannelOrphanWrapper.java:43)
	at org.apache.ratis.thirdparty.io.grpc.internal.AbstractManagedChannelImplBuilder.build(AbstractManagedChannelImplBuilder.java:512)
	at org.apache.ratis.grpc.client.GrpcClientProtocolClient.<init>(GrpcClientProtocolClient.java:129)
	at org.apache.ratis.grpc.client.GrpcClientRpc.lambda$new$0(GrpcClientRpc.java:55)
	at org.apache.ratis.util.PeerProxyMap$PeerAndProxy.lambda$getProxy$0(PeerProxyMap.java:62)
	at org.apache.ratis.util.LifeCycle.startAndTransition(LifeCycle.java:214)
	at org.apache.ratis.util.PeerProxyMap$PeerAndProxy.getProxy(PeerProxyMap.java:61)
	at org.apache.ratis.util.PeerProxyMap.getProxy(PeerProxyMap.java:109)
	at org.apache.ratis.grpc.client.GrpcClientRpc.sendRequestAsync(GrpcClientRpc.java:66)
	at org.apache.ratis.client.impl.OrderedAsync.sendRequest(OrderedAsync.java:235)
	at org.apache.ratis.client.impl.OrderedAsync.sendRequestWithRetry(OrderedAsync.java:189)
	at org.apache.ratis.util.SlidingWindow$Client.sendOrDelayRequest(SlidingWindow.java:278)
	at org.apache.ratis.util.SlidingWindow$Client.submitNewRequest(SlidingWindow.java:257)
	at org.apache.ratis.client.impl.OrderedAsync.send(OrderedAsync.java:170)
	at org.apache.ratis.client.impl.OrderedAsync.newInstance(OrderedAsync.java:119)
	at org.apache.ratis.client.impl.RaftClientImpl.lambda$new$0(RaftClientImpl.java:105)
	at org.apache.ratis.util.MemoizedSupplier.get(MemoizedSupplier.java:62)
	at org.apache.ratis.client.impl.RaftClientImpl.getOrderedAsync(RaftClientImpl.java:123)
	at org.apache.ratis.client.impl.RaftClientImpl.sendAsync(RaftClientImpl.java:161)
	at org.apache.ratis.client.impl.RaftClientImpl.sendAsync(RaftClientImpl.java:133)
	at org.apache.hadoop.hdds.scm.XceiverClientRatis.sendRequestAsync(XceiverClientRatis.java:226)
	at org.apache.hadoop.hdds.scm.XceiverClientRatis.sendCommandAsync(XceiverClientRatis.java:304)
	at org.apache.hadoop.hdds.scm.storage.ContainerProtocolCalls.writeChunkAsync(ContainerProtocolCalls.java:318)
	at org.apache.hadoop.hdds.scm.storage.BlockOutputStream.writeChunkToContainer(BlockOutputStream.java:621)
	at org.apache.hadoop.hdds.scm.storage.BlockOutputStream.writeChunk(BlockOutputStream.java:462)
	at org.apache.hadoop.hdds.scm.storage.BlockOutputStream.handleFlush(BlockOutputStream.java:476)
	at org.apache.hadoop.hdds.scm.storage.BlockOutputStream.close(BlockOutputStream.java:503)
	at org.apache.hadoop.ozone.client.io.BlockOutputStreamEntry.close(BlockOutputStreamEntry.java:144)
	at org.apache.hadoop.ozone.client.io.KeyOutputStream.handleStreamAction(KeyOutputStream.java:482)
	at org.apache.hadoop.ozone.client.io.KeyOutputStream.handleFlushOrClose(KeyOutputStream.java:456)
	at org.apache.hadoop.ozone.client.io.KeyOutputStream.close(KeyOutputStream.java:509)
	at org.apache.hadoop.ozone.client.io.OzoneOutputStream.close(OzoneOutputStream.java:60)
	at org.apache.hadoop.ozone.om.TestOzoneManagerHA.testCreateFile(TestOzoneManagerHA.java:456)
	at org.apache.hadoop.ozone.om.TestOzoneManagerHA.testFileOperationsWithRecursive(TestOzoneManagerHA.java:351)
	at sun.reflect.NativeMethodAccessorImpl.invoke0(Native Method)
	at sun.reflect.NativeMethodAccessorImpl.invoke(NativeMethodAccessorImpl.java:62)
	at sun.reflect.DelegatingMethodAccessorImpl.invoke(DelegatingMethodAccessorImpl.java:43)
	at java.lang.reflect.Method.invoke(Method.java:498)
	at org.junit.runners.model.FrameworkMethod$1.runReflectiveCall(FrameworkMethod.java:47)
	at org.junit.internal.runners.model.ReflectiveCallable.run(ReflectiveCallable.java:12)
	at org.junit.runners.model.FrameworkMethod.invokeExplosively(FrameworkMethod.java:44)
	at org.junit.internal.runners.statements.InvokeMethod.evaluate(InvokeMethod.java:17)
	at org.junit.internal.runners.statements.RunBefores.evaluate(RunBefores.java:26)
	at org.junit.internal.runners.statements.RunAfters.evaluate(RunAfters.java:27)
	at org.junit.rules.ExpectedException$ExpectedExceptionStatement.evaluate(ExpectedException.java:168)
	at org.junit.internal.runners.statements.FailOnTimeout$StatementThread.run(FailOnTimeout.java:74)

Apr 21, 2020 9:12:34 AM org.apache.ratis.thirdparty.io.grpc.internal.ManagedChannelOrphanWrapper$ManagedChannelReference cleanQueue
SEVERE: *~*~*~ Channel ManagedChannelImpl{logId=1278, target=172.17.0.2:46751} was not shutdown properly!!! ~*~*~*
    Make sure to call shutdown()/shutdownNow() and wait until awaitTermination() returns true.
java.lang.RuntimeException: ManagedChannel allocation site
	at org.apache.ratis.thirdparty.io.grpc.internal.ManagedChannelOrphanWrapper$ManagedChannelReference.<init>(ManagedChannelOrphanWrapper.java:94)
	at org.apache.ratis.thirdparty.io.grpc.internal.ManagedChannelOrphanWrapper.<init>(ManagedChannelOrphanWrapper.java:52)
	at org.apache.ratis.thirdparty.io.grpc.internal.ManagedChannelOrphanWrapper.<init>(ManagedChannelOrphanWrapper.java:43)
	at org.apache.ratis.thirdparty.io.grpc.internal.AbstractManagedChannelImplBuilder.build(AbstractManagedChannelImplBuilder.java:512)
	at org.apache.hadoop.hdds.scm.XceiverClientGrpc.connectToDatanode(XceiverClientGrpc.java:189)
	at org.apache.hadoop.hdds.scm.XceiverClientGrpc.connect(XceiverClientGrpc.java:138)
	at org.apache.hadoop.hdds.scm.XceiverClientManager$2.call(XceiverClientManager.java:244)
	at org.apache.hadoop.hdds.scm.XceiverClientManager$2.call(XceiverClientManager.java:228)
	at com.google.common.cache.LocalCache$LocalManualCache$1.load(LocalCache.java:4876)
	at com.google.common.cache.LocalCache$LoadingValueReference.loadFuture(LocalCache.java:3529)
	at com.google.common.cache.LocalCache$Segment.loadSync(LocalCache.java:2278)
	at com.google.common.cache.LocalCache$Segment.lockedGetOrLoad(LocalCache.java:2155)
	at com.google.common.cache.LocalCache$Segment.get(LocalCache.java:2045)
	at com.google.common.cache.LocalCache.get(LocalCache.java:3951)
	at com.google.common.cache.LocalCache$LocalManualCache.get(LocalCache.java:4871)
	at org.apache.hadoop.hdds.scm.XceiverClientManager.getClient(XceiverClientManager.java:228)
	at org.apache.hadoop.hdds.scm.XceiverClientManager.acquireClient(XceiverClientManager.java:174)
	at org.apache.hadoop.hdds.scm.XceiverClientManager.acquireClientForReadData(XceiverClientManager.java:164)
	at org.apache.hadoop.hdds.scm.storage.BlockInputStream.getChunkInfos(BlockInputStream.java:184)
	at org.apache.hadoop.hdds.scm.storage.BlockInputStream.initialize(BlockInputStream.java:133)
	at org.apache.hadoop.hdds.scm.storage.BlockInputStream.read(BlockInputStream.java:254)
	at org.apache.hadoop.ozone.client.io.KeyInputStream.read(KeyInputStream.java:197)
	at org.apache.hadoop.ozone.client.io.OzoneInputStream.read(OzoneInputStream.java:47)
	at java.io.InputStream.read(InputStream.java:101)
	at org.apache.hadoop.ozone.om.TestOzoneManagerHA.testCreateFile(TestOzoneManagerHA.java:469)
	at org.apache.hadoop.ozone.om.TestOzoneManagerHA.testFileOperationsWithNonRecursive(TestOzoneManagerHA.java:388)
	at sun.reflect.NativeMethodAccessorImpl.invoke0(Native Method)
	at sun.reflect.NativeMethodAccessorImpl.invoke(NativeMethodAccessorImpl.java:62)
	at sun.reflect.DelegatingMethodAccessorImpl.invoke(DelegatingMethodAccessorImpl.java:43)
	at java.lang.reflect.Method.invoke(Method.java:498)
	at org.junit.runners.model.FrameworkMethod$1.runReflectiveCall(FrameworkMethod.java:47)
	at org.junit.internal.runners.model.ReflectiveCallable.run(ReflectiveCallable.java:12)
	at org.junit.runners.model.FrameworkMethod.invokeExplosively(FrameworkMethod.java:44)
	at org.junit.internal.runners.statements.InvokeMethod.evaluate(InvokeMethod.java:17)
	at org.junit.internal.runners.statements.RunBefores.evaluate(RunBefores.java:26)
	at org.junit.internal.runners.statements.RunAfters.evaluate(RunAfters.java:27)
	at org.junit.rules.ExpectedException$ExpectedExceptionStatement.evaluate(ExpectedException.java:168)
	at org.junit.internal.runners.statements.FailOnTimeout$StatementThread.run(FailOnTimeout.java:74)

Apr 21, 2020 9:12:34 AM org.apache.ratis.thirdparty.io.grpc.internal.ManagedChannelOrphanWrapper$ManagedChannelReference cleanQueue
SEVERE: *~*~*~ Channel ManagedChannelImpl{logId=227, target=172.17.0.2:46275} was not shutdown properly!!! ~*~*~*
    Make sure to call shutdown()/shutdownNow() and wait until awaitTermination() returns true.
java.lang.RuntimeException: ManagedChannel allocation site
	at org.apache.ratis.thirdparty.io.grpc.internal.ManagedChannelOrphanWrapper$ManagedChannelReference.<init>(ManagedChannelOrphanWrapper.java:94)
	at org.apache.ratis.thirdparty.io.grpc.internal.ManagedChannelOrphanWrapper.<init>(ManagedChannelOrphanWrapper.java:52)
	at org.apache.ratis.thirdparty.io.grpc.internal.ManagedChannelOrphanWrapper.<init>(ManagedChannelOrphanWrapper.java:43)
	at org.apache.ratis.thirdparty.io.grpc.internal.AbstractManagedChannelImplBuilder.build(AbstractManagedChannelImplBuilder.java:512)
	at org.apache.ratis.grpc.client.GrpcClientProtocolClient.<init>(GrpcClientProtocolClient.java:129)
	at org.apache.ratis.grpc.client.GrpcClientRpc.lambda$new$0(GrpcClientRpc.java:55)
	at org.apache.ratis.util.PeerProxyMap$PeerAndProxy.lambda$getProxy$0(PeerProxyMap.java:62)
	at org.apache.ratis.util.LifeCycle.startAndTransition(LifeCycle.java:214)
	at org.apache.ratis.util.PeerProxyMap$PeerAndProxy.getProxy(PeerProxyMap.java:61)
	at org.apache.ratis.util.PeerProxyMap.getProxy(PeerProxyMap.java:109)
	at org.apache.ratis.grpc.client.GrpcClientRpc.sendRequestAsync(GrpcClientRpc.java:66)
	at org.apache.ratis.client.impl.OrderedAsync.sendRequest(OrderedAsync.java:235)
	at org.apache.ratis.client.impl.OrderedAsync.sendRequestWithRetry(OrderedAsync.java:189)
	at org.apache.ratis.util.SlidingWindow$Client.sendOrDelayRequest(SlidingWindow.java:278)
	at org.apache.ratis.util.SlidingWindow$Client.submitNewRequest(SlidingWindow.java:257)
	at org.apache.ratis.client.impl.OrderedAsync.send(OrderedAsync.java:170)
	at org.apache.ratis.client.impl.OrderedAsync.newInstance(OrderedAsync.java:119)
	at org.apache.ratis.client.impl.RaftClientImpl.lambda$new$0(RaftClientImpl.java:105)
	at org.apache.ratis.util.MemoizedSupplier.get(MemoizedSupplier.java:62)
	at org.apache.ratis.client.impl.RaftClientImpl.getOrderedAsync(RaftClientImpl.java:123)
	at org.apache.ratis.client.impl.RaftClientImpl.sendAsync(RaftClientImpl.java:161)
	at org.apache.ratis.client.impl.RaftClientImpl.sendAsync(RaftClientImpl.java:133)
	at org.apache.hadoop.hdds.scm.XceiverClientRatis.sendRequestAsync(XceiverClientRatis.java:226)
	at org.apache.hadoop.hdds.scm.XceiverClientRatis.sendCommandAsync(XceiverClientRatis.java:304)
	at org.apache.hadoop.hdds.scm.storage.ContainerProtocolCalls.writeChunkAsync(ContainerProtocolCalls.java:318)
	at org.apache.hadoop.hdds.scm.storage.BlockOutputStream.writeChunkToContainer(BlockOutputStream.java:621)
	at org.apache.hadoop.hdds.scm.storage.BlockOutputStream.writeChunk(BlockOutputStream.java:462)
	at org.apache.hadoop.hdds.scm.storage.BlockOutputStream.handleFlush(BlockOutputStream.java:476)
	at org.apache.hadoop.hdds.scm.storage.BlockOutputStream.close(BlockOutputStream.java:503)
	at org.apache.hadoop.ozone.client.io.BlockOutputStreamEntry.close(BlockOutputStreamEntry.java:144)
	at org.apache.hadoop.ozone.client.io.KeyOutputStream.handleStreamAction(KeyOutputStream.java:482)
	at org.apache.hadoop.ozone.client.io.KeyOutputStream.handleFlushOrClose(KeyOutputStream.java:456)
	at org.apache.hadoop.ozone.client.io.KeyOutputStream.close(KeyOutputStream.java:509)
	at org.apache.hadoop.ozone.client.io.OzoneOutputStream.close(OzoneOutputStream.java:60)
	at org.apache.hadoop.ozone.om.TestOzoneManagerHA.testCreateFile(TestOzoneManagerHA.java:456)
	at org.apache.hadoop.ozone.om.TestOzoneManagerHA.testFileOperationsWithRecursive(TestOzoneManagerHA.java:347)
	at sun.reflect.NativeMethodAccessorImpl.invoke0(Native Method)
	at sun.reflect.NativeMethodAccessorImpl.invoke(NativeMethodAccessorImpl.java:62)
	at sun.reflect.DelegatingMethodAccessorImpl.invoke(DelegatingMethodAccessorImpl.java:43)
	at java.lang.reflect.Method.invoke(Method.java:498)
	at org.junit.runners.model.FrameworkMethod$1.runReflectiveCall(FrameworkMethod.java:47)
	at org.junit.internal.runners.model.ReflectiveCallable.run(ReflectiveCallable.java:12)
	at org.junit.runners.model.FrameworkMethod.invokeExplosively(FrameworkMethod.java:44)
	at org.junit.internal.runners.statements.InvokeMethod.evaluate(InvokeMethod.java:17)
	at org.junit.internal.runners.statements.RunBefores.evaluate(RunBefores.java:26)
	at org.junit.internal.runners.statements.RunAfters.evaluate(RunAfters.java:27)
	at org.junit.rules.ExpectedException$ExpectedExceptionStatement.evaluate(ExpectedException.java:168)
	at org.junit.internal.runners.statements.FailOnTimeout$StatementThread.run(FailOnTimeout.java:74)

Apr 21, 2020 9:12:34 AM org.apache.ratis.thirdparty.io.grpc.internal.ManagedChannelOrphanWrapper$ManagedChannelReference cleanQueue
SEVERE: *~*~*~ Channel ManagedChannelImpl{logId=618, target=172.17.0.2:43421} was not shutdown properly!!! ~*~*~*
    Make sure to call shutdown()/shutdownNow() and wait until awaitTermination() returns true.
java.lang.RuntimeException: ManagedChannel allocation site
	at org.apache.ratis.thirdparty.io.grpc.internal.ManagedChannelOrphanWrapper$ManagedChannelReference.<init>(ManagedChannelOrphanWrapper.java:94)
	at org.apache.ratis.thirdparty.io.grpc.internal.ManagedChannelOrphanWrapper.<init>(ManagedChannelOrphanWrapper.java:52)
	at org.apache.ratis.thirdparty.io.grpc.internal.ManagedChannelOrphanWrapper.<init>(ManagedChannelOrphanWrapper.java:43)
	at org.apache.ratis.thirdparty.io.grpc.internal.AbstractManagedChannelImplBuilder.build(AbstractManagedChannelImplBuilder.java:512)
	at org.apache.ratis.grpc.client.GrpcClientProtocolClient.<init>(GrpcClientProtocolClient.java:129)
	at org.apache.ratis.grpc.client.GrpcClientRpc.lambda$new$0(GrpcClientRpc.java:55)
	at org.apache.ratis.util.PeerProxyMap$PeerAndProxy.lambda$getProxy$0(PeerProxyMap.java:62)
	at org.apache.ratis.util.LifeCycle.startAndTransition(LifeCycle.java:214)
	at org.apache.ratis.util.PeerProxyMap$PeerAndProxy.getProxy(PeerProxyMap.java:61)
	at org.apache.ratis.util.PeerProxyMap.getProxy(PeerProxyMap.java:109)
	at org.apache.ratis.grpc.client.GrpcClientRpc.sendRequestAsync(GrpcClientRpc.java:66)
	at org.apache.ratis.client.impl.OrderedAsync.sendRequest(OrderedAsync.java:235)
	at org.apache.ratis.client.impl.OrderedAsync.sendRequestWithRetry(OrderedAsync.java:189)
	at org.apache.ratis.util.SlidingWindow$Client.sendOrDelayRequest(SlidingWindow.java:278)
	at org.apache.ratis.util.SlidingWindow$Client.submitNewRequest(SlidingWindow.java:257)
	at org.apache.ratis.client.impl.OrderedAsync.send(OrderedAsync.java:170)
	at org.apache.ratis.client.impl.OrderedAsync.newInstance(OrderedAsync.java:119)
	at org.apache.ratis.client.impl.RaftClientImpl.lambda$new$0(RaftClientImpl.java:105)
	at org.apache.ratis.util.MemoizedSupplier.get(MemoizedSupplier.java:62)
	at org.apache.ratis.client.impl.RaftClientImpl.getOrderedAsync(RaftClientImpl.java:123)
	at org.apache.ratis.client.impl.RaftClientImpl.sendAsync(RaftClientImpl.java:161)
	at org.apache.ratis.client.impl.RaftClientImpl.sendAsync(RaftClientImpl.java:133)
	at org.apache.hadoop.hdds.scm.XceiverClientRatis.sendRequestAsync(XceiverClientRatis.java:226)
	at org.apache.hadoop.hdds.scm.XceiverClientRatis.sendCommandAsync(XceiverClientRatis.java:304)
	at org.apache.hadoop.hdds.scm.storage.ContainerProtocolCalls.writeChunkAsync(ContainerProtocolCalls.java:318)
	at org.apache.hadoop.hdds.scm.storage.BlockOutputStream.writeChunkToContainer(BlockOutputStream.java:621)
	at org.apache.hadoop.hdds.scm.storage.BlockOutputStream.writeChunk(BlockOutputStream.java:462)
	at org.apache.hadoop.hdds.scm.storage.BlockOutputStream.handleFlush(BlockOutputStream.java:476)
	at org.apache.hadoop.hdds.scm.storage.BlockOutputStream.close(BlockOutputStream.java:503)
	at org.apache.hadoop.ozone.client.io.BlockOutputStreamEntry.close(BlockOutputStreamEntry.java:144)
	at org.apache.hadoop.ozone.client.io.KeyOutputStream.handleStreamAction(KeyOutputStream.java:482)
	at org.apache.hadoop.ozone.client.io.KeyOutputStream.handleFlushOrClose(KeyOutputStream.java:456)
	at org.apache.hadoop.ozone.client.io.KeyOutputStream.close(KeyOutputStream.java:509)
	at org.apache.hadoop.ozone.client.io.OzoneOutputStream.close(OzoneOutputStream.java:60)
	at org.apache.hadoop.ozone.om.TestOzoneManagerHA.createMultipartUploadPartKey(TestOzoneManagerHA.java:1421)
	at org.apache.hadoop.ozone.om.TestOzoneManagerHA.testListParts(TestOzoneManagerHA.java:1286)
	at sun.reflect.NativeMethodAccessorImpl.invoke0(Native Method)
	at sun.reflect.NativeMethodAccessorImpl.invoke(NativeMethodAccessorImpl.java:62)
	at sun.reflect.DelegatingMethodAccessorImpl.invoke(DelegatingMethodAccessorImpl.java:43)
	at java.lang.reflect.Method.invoke(Method.java:498)
	at org.junit.runners.model.FrameworkMethod$1.runReflectiveCall(FrameworkMethod.java:47)
	at org.junit.internal.runners.model.ReflectiveCallable.run(ReflectiveCallable.java:12)
	at org.junit.runners.model.FrameworkMethod.invokeExplosively(FrameworkMethod.java:44)
	at org.junit.internal.runners.statements.InvokeMethod.evaluate(InvokeMethod.java:17)
	at org.junit.internal.runners.statements.RunBefores.evaluate(RunBefores.java:26)
	at org.junit.internal.runners.statements.RunAfters.evaluate(RunAfters.java:27)
	at org.junit.rules.ExpectedException$ExpectedExceptionStatement.evaluate(ExpectedException.java:168)
	at org.junit.internal.runners.statements.FailOnTimeout$StatementThread.run(FailOnTimeout.java:74)

Apr 21, 2020 9:12:34 AM org.apache.ratis.thirdparty.io.grpc.internal.ManagedChannelOrphanWrapper$ManagedChannelReference cleanQueue
SEVERE: *~*~*~ Channel ManagedChannelImpl{logId=623, target=172.17.0.2:42911} was not shutdown properly!!! ~*~*~*
    Make sure to call shutdown()/shutdownNow() and wait until awaitTermination() returns true.
java.lang.RuntimeException: ManagedChannel allocation site
	at org.apache.ratis.thirdparty.io.grpc.internal.ManagedChannelOrphanWrapper$ManagedChannelReference.<init>(ManagedChannelOrphanWrapper.java:94)
	at org.apache.ratis.thirdparty.io.grpc.internal.ManagedChannelOrphanWrapper.<init>(ManagedChannelOrphanWrapper.java:52)
	at org.apache.ratis.thirdparty.io.grpc.internal.ManagedChannelOrphanWrapper.<init>(ManagedChannelOrphanWrapper.java:43)
	at org.apache.ratis.thirdparty.io.grpc.internal.AbstractManagedChannelImplBuilder.build(AbstractManagedChannelImplBuilder.java:512)
	at org.apache.ratis.grpc.client.GrpcClientProtocolClient.<init>(GrpcClientProtocolClient.java:129)
	at org.apache.ratis.grpc.client.GrpcClientRpc.lambda$new$0(GrpcClientRpc.java:55)
	at org.apache.ratis.util.PeerProxyMap$PeerAndProxy.lambda$getProxy$0(PeerProxyMap.java:62)
	at org.apache.ratis.util.LifeCycle.startAndTransition(LifeCycle.java:214)
	at org.apache.ratis.util.PeerProxyMap$PeerAndProxy.getProxy(PeerProxyMap.java:61)
	at org.apache.ratis.util.PeerProxyMap.getProxy(PeerProxyMap.java:109)
	at org.apache.ratis.grpc.client.GrpcClientRpc.sendRequestAsync(GrpcClientRpc.java:66)
	at org.apache.ratis.client.impl.OrderedAsync.sendRequest(OrderedAsync.java:235)
	at org.apache.ratis.client.impl.OrderedAsync.sendRequestWithRetry(OrderedAsync.java:189)
	at org.apache.ratis.util.SlidingWindow$Client.sendOrDelayRequest(SlidingWindow.java:278)
	at org.apache.ratis.util.SlidingWindow$Client.submitNewRequest(SlidingWindow.java:257)
	at org.apache.ratis.client.impl.OrderedAsync.send(OrderedAsync.java:170)
	at org.apache.ratis.client.impl.OrderedAsync.newInstance(OrderedAsync.java:119)
	at org.apache.ratis.client.impl.RaftClientImpl.lambda$new$0(RaftClientImpl.java:105)
	at org.apache.ratis.util.MemoizedSupplier.get(MemoizedSupplier.java:62)
	at org.apache.ratis.client.impl.RaftClientImpl.getOrderedAsync(RaftClientImpl.java:123)
	at org.apache.ratis.client.impl.RaftClientImpl.sendAsync(RaftClientImpl.java:161)
	at org.apache.ratis.client.impl.RaftClientImpl.sendAsync(RaftClientImpl.java:133)
	at org.apache.hadoop.hdds.scm.XceiverClientRatis.sendRequestAsync(XceiverClientRatis.java:226)
	at org.apache.hadoop.hdds.scm.XceiverClientRatis.sendCommandAsync(XceiverClientRatis.java:304)
	at org.apache.hadoop.hdds.scm.storage.ContainerProtocolCalls.writeChunkAsync(ContainerProtocolCalls.java:318)
	at org.apache.hadoop.hdds.scm.storage.BlockOutputStream.writeChunkToContainer(BlockOutputStream.java:621)
	at org.apache.hadoop.hdds.scm.storage.BlockOutputStream.writeChunk(BlockOutputStream.java:462)
	at org.apache.hadoop.hdds.scm.storage.BlockOutputStream.handleFlush(BlockOutputStream.java:476)
	at org.apache.hadoop.hdds.scm.storage.BlockOutputStream.close(BlockOutputStream.java:503)
	at org.apache.hadoop.ozone.client.io.BlockOutputStreamEntry.close(BlockOutputStreamEntry.java:144)
	at org.apache.hadoop.ozone.client.io.KeyOutputStream.handleStreamAction(KeyOutputStream.java:482)
	at org.apache.hadoop.ozone.client.io.KeyOutputStream.handleFlushOrClose(KeyOutputStream.java:456)
	at org.apache.hadoop.ozone.client.io.KeyOutputStream.close(KeyOutputStream.java:509)
	at org.apache.hadoop.ozone.client.io.OzoneOutputStream.close(OzoneOutputStream.java:60)
	at org.apache.hadoop.ozone.om.TestOzoneManagerHA.createMultipartUploadPartKey(TestOzoneManagerHA.java:1421)
	at org.apache.hadoop.ozone.om.TestOzoneManagerHA.testListParts(TestOzoneManagerHA.java:1288)
	at sun.reflect.NativeMethodAccessorImpl.invoke0(Native Method)
	at sun.reflect.NativeMethodAccessorImpl.invoke(NativeMethodAccessorImpl.java:62)
	at sun.reflect.DelegatingMethodAccessorImpl.invoke(DelegatingMethodAccessorImpl.java:43)
	at java.lang.reflect.Method.invoke(Method.java:498)
	at org.junit.runners.model.FrameworkMethod$1.runReflectiveCall(FrameworkMethod.java:47)
	at org.junit.internal.runners.model.ReflectiveCallable.run(ReflectiveCallable.java:12)
	at org.junit.runners.model.FrameworkMethod.invokeExplosively(FrameworkMethod.java:44)
	at org.junit.internal.runners.statements.InvokeMethod.evaluate(InvokeMethod.java:17)
	at org.junit.internal.runners.statements.RunBefores.evaluate(RunBefores.java:26)
	at org.junit.internal.runners.statements.RunAfters.evaluate(RunAfters.java:27)
	at org.junit.rules.ExpectedException$ExpectedExceptionStatement.evaluate(ExpectedException.java:168)
	at org.junit.internal.runners.statements.FailOnTimeout$StatementThread.run(FailOnTimeout.java:74)

Apr 21, 2020 9:12:34 AM org.apache.ratis.thirdparty.io.grpc.internal.ManagedChannelOrphanWrapper$ManagedChannelReference cleanQueue
SEVERE: *~*~*~ Channel ManagedChannelImpl{logId=1651, target=172.17.0.2:39757} was not shutdown properly!!! ~*~*~*
    Make sure to call shutdown()/shutdownNow() and wait until awaitTermination() returns true.
java.lang.RuntimeException: ManagedChannel allocation site
	at org.apache.ratis.thirdparty.io.grpc.internal.ManagedChannelOrphanWrapper$ManagedChannelReference.<init>(ManagedChannelOrphanWrapper.java:94)
	at org.apache.ratis.thirdparty.io.grpc.internal.ManagedChannelOrphanWrapper.<init>(ManagedChannelOrphanWrapper.java:52)
	at org.apache.ratis.thirdparty.io.grpc.internal.ManagedChannelOrphanWrapper.<init>(ManagedChannelOrphanWrapper.java:43)
	at org.apache.ratis.thirdparty.io.grpc.internal.AbstractManagedChannelImplBuilder.build(AbstractManagedChannelImplBuilder.java:512)
	at org.apache.hadoop.hdds.scm.XceiverClientGrpc.connectToDatanode(XceiverClientGrpc.java:189)
	at org.apache.hadoop.hdds.scm.XceiverClientGrpc.connect(XceiverClientGrpc.java:138)
	at org.apache.hadoop.hdds.scm.XceiverClientManager$2.call(XceiverClientManager.java:244)
	at org.apache.hadoop.hdds.scm.XceiverClientManager$2.call(XceiverClientManager.java:228)
	at com.google.common.cache.LocalCache$LocalManualCache$1.load(LocalCache.java:4876)
	at com.google.common.cache.LocalCache$LoadingValueReference.loadFuture(LocalCache.java:3529)
	at com.google.common.cache.LocalCache$Segment.loadSync(LocalCache.java:2278)
	at com.google.common.cache.LocalCache$Segment.lockedGetOrLoad(LocalCache.java:2155)
	at com.google.common.cache.LocalCache$Segment.get(LocalCache.java:2045)
	at com.google.common.cache.LocalCache.get(LocalCache.java:3951)
	at com.google.common.cache.LocalCache$LocalManualCache.get(LocalCache.java:4871)
	at org.apache.hadoop.hdds.scm.XceiverClientManager.getClient(XceiverClientManager.java:228)
	at org.apache.hadoop.hdds.scm.XceiverClientManager.acquireClient(XceiverClientManager.java:174)
	at org.apache.hadoop.hdds.scm.XceiverClientManager.acquireClient(XceiverClientManager.java:149)
	at org.apache.hadoop.hdds.scm.storage.BlockOutputStream.<init>(BlockOutputStream.java:145)
	at org.apache.hadoop.ozone.client.io.BlockOutputStreamEntry.checkStream(BlockOutputStreamEntry.java:111)
	at org.apache.hadoop.ozone.client.io.BlockOutputStreamEntry.write(BlockOutputStreamEntry.java:129)
	at org.apache.hadoop.ozone.client.io.KeyOutputStream.writeToOutputStream(KeyOutputStream.java:241)
	at org.apache.hadoop.ozone.client.io.KeyOutputStream.handleWrite(KeyOutputStream.java:219)
	at org.apache.hadoop.ozone.client.io.KeyOutputStream.write(KeyOutputStream.java:199)
	at org.apache.hadoop.ozone.client.io.OzoneOutputStream.write(OzoneOutputStream.java:49)
	at org.apache.hadoop.ozone.om.TestOzoneManagerHA.createKey(TestOzoneManagerHA.java:1176)
	at org.apache.hadoop.ozone.om.TestOzoneManagerHA.testSetKeyAcl(TestOzoneManagerHA.java:931)
	at sun.reflect.NativeMethodAccessorImpl.invoke0(Native Method)
	at sun.reflect.NativeMethodAccessorImpl.invoke(NativeMethodAccessorImpl.java:62)
	at sun.reflect.DelegatingMethodAccessorImpl.invoke(DelegatingMethodAccessorImpl.java:43)
	at java.lang.reflect.Method.invoke(Method.java:498)
	at org.junit.runners.model.FrameworkMethod$1.runReflectiveCall(FrameworkMethod.java:47)
	at org.junit.internal.runners.model.ReflectiveCallable.run(ReflectiveCallable.java:12)
	at org.junit.runners.model.FrameworkMethod.invokeExplosively(FrameworkMethod.java:44)
	at org.junit.internal.runners.statements.InvokeMethod.evaluate(InvokeMethod.java:17)
	at org.junit.internal.runners.statements.RunBefores.evaluate(RunBefores.java:26)
	at org.junit.internal.runners.statements.RunAfters.evaluate(RunAfters.java:27)
	at org.junit.rules.ExpectedException$ExpectedExceptionStatement.evaluate(ExpectedException.java:168)
	at org.junit.internal.runners.statements.FailOnTimeout$StatementThread.run(FailOnTimeout.java:74)

Apr 21, 2020 9:12:34 AM org.apache.ratis.thirdparty.io.grpc.internal.ManagedChannelOrphanWrapper$ManagedChannelReference cleanQueue
SEVERE: *~*~*~ Channel ManagedChannelImpl{logId=1288, target=172.17.0.2:40919} was not shutdown properly!!! ~*~*~*
    Make sure to call shutdown()/shutdownNow() and wait until awaitTermination() returns true.
java.lang.RuntimeException: ManagedChannel allocation site
	at org.apache.ratis.thirdparty.io.grpc.internal.ManagedChannelOrphanWrapper$ManagedChannelReference.<init>(ManagedChannelOrphanWrapper.java:94)
	at org.apache.ratis.thirdparty.io.grpc.internal.ManagedChannelOrphanWrapper.<init>(ManagedChannelOrphanWrapper.java:52)
	at org.apache.ratis.thirdparty.io.grpc.internal.ManagedChannelOrphanWrapper.<init>(ManagedChannelOrphanWrapper.java:43)
	at org.apache.ratis.thirdparty.io.grpc.internal.AbstractManagedChannelImplBuilder.build(AbstractManagedChannelImplBuilder.java:512)
	at org.apache.hadoop.hdds.scm.XceiverClientGrpc.connectToDatanode(XceiverClientGrpc.java:189)
	at org.apache.hadoop.hdds.scm.XceiverClientGrpc.connect(XceiverClientGrpc.java:138)
	at org.apache.hadoop.hdds.scm.XceiverClientManager$2.call(XceiverClientManager.java:244)
	at org.apache.hadoop.hdds.scm.XceiverClientManager$2.call(XceiverClientManager.java:228)
	at com.google.common.cache.LocalCache$LocalManualCache$1.load(LocalCache.java:4876)
	at com.google.common.cache.LocalCache$LoadingValueReference.loadFuture(LocalCache.java:3529)
	at com.google.common.cache.LocalCache$Segment.loadSync(LocalCache.java:2278)
	at com.google.common.cache.LocalCache$Segment.lockedGetOrLoad(LocalCache.java:2155)
	at com.google.common.cache.LocalCache$Segment.get(LocalCache.java:2045)
	at com.google.common.cache.LocalCache.get(LocalCache.java:3951)
	at com.google.common.cache.LocalCache$LocalManualCache.get(LocalCache.java:4871)
	at org.apache.hadoop.hdds.scm.XceiverClientManager.getClient(XceiverClientManager.java:228)
	at org.apache.hadoop.hdds.scm.XceiverClientManager.acquireClient(XceiverClientManager.java:174)
	at org.apache.hadoop.hdds.scm.XceiverClientManager.acquireClientForReadData(XceiverClientManager.java:164)
	at org.apache.hadoop.hdds.scm.storage.BlockInputStream.getChunkInfos(BlockInputStream.java:184)
	at org.apache.hadoop.hdds.scm.storage.BlockInputStream.initialize(BlockInputStream.java:133)
	at org.apache.hadoop.hdds.scm.storage.BlockInputStream.read(BlockInputStream.java:254)
	at org.apache.hadoop.ozone.client.io.KeyInputStream.read(KeyInputStream.java:197)
	at org.apache.hadoop.ozone.client.io.OzoneInputStream.read(OzoneInputStream.java:47)
	at java.io.InputStream.read(InputStream.java:101)
	at org.apache.hadoop.ozone.om.TestOzoneManagerHA.testCreateFile(TestOzoneManagerHA.java:469)
	at org.apache.hadoop.ozone.om.TestOzoneManagerHA.testFileOperationsWithNonRecursive(TestOzoneManagerHA.java:406)
	at sun.reflect.NativeMethodAccessorImpl.invoke0(Native Method)
	at sun.reflect.NativeMethodAccessorImpl.invoke(NativeMethodAccessorImpl.java:62)
	at sun.reflect.DelegatingMethodAccessorImpl.invoke(DelegatingMethodAccessorImpl.java:43)
	at java.lang.reflect.Method.invoke(Method.java:498)
	at org.junit.runners.model.FrameworkMethod$1.runReflectiveCall(FrameworkMethod.java:47)
	at org.junit.internal.runners.model.ReflectiveCallable.run(ReflectiveCallable.java:12)
	at org.junit.runners.model.FrameworkMethod.invokeExplosively(FrameworkMethod.java:44)
	at org.junit.internal.runners.statements.InvokeMethod.evaluate(InvokeMethod.java:17)
	at org.junit.internal.runners.statements.RunBefores.evaluate(RunBefores.java:26)
	at org.junit.internal.runners.statements.RunAfters.evaluate(RunAfters.java:27)
	at org.junit.rules.ExpectedException$ExpectedExceptionStatement.evaluate(ExpectedException.java:168)
	at org.junit.internal.runners.statements.FailOnTimeout$StatementThread.run(FailOnTimeout.java:74)

Apr 21, 2020 9:12:47 AM org.apache.ratis.thirdparty.io.grpc.internal.SerializingExecutor run
SEVERE: Exception while executing runnable org.apache.ratis.thirdparty.io.grpc.internal.ServerImpl$JumpToApplicationThreadServerStreamListener$1Closed@60f514f6
org.apache.ratis.thirdparty.io.grpc.StatusRuntimeException: CANCELLED: call already cancelled
	at org.apache.ratis.thirdparty.io.grpc.Status.asRuntimeException(Status.java:524)
	at org.apache.ratis.thirdparty.io.grpc.stub.ServerCalls$ServerCallStreamObserverImpl.onCompleted(ServerCalls.java:368)
	at org.apache.ratis.grpc.server.GrpcServerProtocolService$ServerRequestStreamObserver.onError(GrpcServerProtocolService.java:145)
	at org.apache.ratis.thirdparty.io.grpc.stub.ServerCalls$StreamingServerCallHandler$StreamingServerCallListener.onCancel(ServerCalls.java:272)
	at org.apache.ratis.thirdparty.io.grpc.internal.ServerCallImpl$ServerStreamListenerImpl.closedInternal(ServerCallImpl.java:353)
	at org.apache.ratis.thirdparty.io.grpc.internal.ServerCallImpl$ServerStreamListenerImpl.closed(ServerCallImpl.java:341)
	at org.apache.ratis.thirdparty.io.grpc.internal.ServerImpl$JumpToApplicationThreadServerStreamListener$1Closed.runInContext(ServerImpl.java:864)
	at org.apache.ratis.thirdparty.io.grpc.internal.ContextRunnable.run(ContextRunnable.java:37)
	at org.apache.ratis.thirdparty.io.grpc.internal.SerializingExecutor.run(SerializingExecutor.java:123)
	at java.util.concurrent.ThreadPoolExecutor.runWorker(ThreadPoolExecutor.java:1149)
	at java.util.concurrent.ThreadPoolExecutor$Worker.run(ThreadPoolExecutor.java:624)
	at java.lang.Thread.run(Thread.java:748)

]]></system-err>
  </testcase>
  <testcase name="testSetPrefixAcl" classname="org.apache.hadoop.ozone.om.TestOzoneManagerHA" time="24.457"/>
  <testcase name="testOMRestart" classname="org.apache.hadoop.ozone.om.TestOzoneManagerHA" time="30.205"/>
</testsuite>