<?xml version="1.0" encoding="UTF-8"?>
<testsuite xmlns:xsi="http://www.w3.org/2001/XMLSchema-instance" xsi:noNamespaceSchemaLocation="https://maven.apache.org/surefire/maven-surefire-plugin/xsd/surefire-test-report.xsd" version="3.0.2" name="org.apache.hadoop.ozone.TestSecureOzoneCluster" time="8.798" tests="1" errors="1" skipped="0" failures="0">
  <properties>
    <property name="java.specification.version" value="21"/>
    <property name="sun.jnu.encoding" value="UTF-8"/>
    <property name="java.class.path" value="/home/runner/work/ozone/ozone/hadoop-ozone/integration-test/target/test-classes:/home/runner/work/ozone/ozone/hadoop-ozone/integration-test/target/classes:/home/runner/work/ozone/ozone/hadoop-hdds/server-scm/target/hdds-server-scm-2.1.0-SNAPSHOT.jar:/home/runner/.m2/repository/com/fasterxml/jackson/core/jackson-annotations/2.16.2/jackson-annotations-2.16.2.jar:/home/runner/.m2/repository/com/fasterxml/jackson/core/jackson-core/2.16.2/jackson-core-2.16.2.jar:/home/runner/.m2/repository/com/fasterxml/jackson/core/jackson-databind/2.16.2/jackson-databind-2.16.2.jar:/home/runner/.m2/repository/com/google/guava/guava/32.1.3-jre/guava-32.1.3-jre.jar:/home/runner/.m2/repository/com/google/guava/failureaccess/1.0.1/failureaccess-1.0.1.jar:/home/runner/.m2/repository/com/google/guava/listenablefuture/9999.0-empty-to-avoid-conflict-with-guava/listenablefuture-9999.0-empty-to-avoid-conflict-with-guava.jar:/home/runner/.m2/repository/org/checkerframework/checker-qual/3.37.0/checker-qual-3.37.0.jar:/home/runner/.m2/repository/com/google/errorprone/error_prone_annotations/2.29.2/error_prone_annotations-2.29.2.jar:/home/runner/.m2/repository/com/google/j2objc/j2objc-annotations/2.8/j2objc-annotations-2.8.jar:/home/runner/.m2/repository/com/google/protobuf/protobuf-java/2.5.0/protobuf-java-2.5.0.jar:/home/runner/.m2/repository/commons-collections/commons-collections/3.2.2/commons-collections-3.2.2.jar:/home/runner/.m2/repository/commons-io/commons-io/2.18.0/commons-io-2.18.0.jar:/home/runner/.m2/repository/info/picocli/picocli/4.7.7/picocli-4.7.7.jar:/home/runner/.m2/repository/io/dropwizard/metrics/metrics-core/3.2.6/metrics-core-3.2.6.jar:/home/runner/.m2/repository/jakarta/annotation/jakarta.annotation-api/2.1.1/jakarta.annotation-api-2.1.1.jar:/home/runner/.m2/repository/javax/servlet/javax.servlet-api/3.1.0/javax.servlet-api-3.1.0.jar:/home/runner/.m2/repository/org/apache/commons/commons-compress/1.27.1/commons-compress-1.27.1.jar:/home/runner/.m2/repository/org/apache/commons/commons-text/1.12.0/commons-text-1.12.0.jar:/home/runner/.m2/repository/org/apache/hadoop/hadoop-auth/3.4.1/hadoop-auth-3.4.1.jar:/home/runner/.m2/repository/org/apache/hadoop/hadoop-common/3.4.1/hadoop-common-3.4.1.jar:/home/runner/work/ozone/ozone/hadoop-hdds/client/target/hdds-client-2.1.0-SNAPSHOT.jar:/home/runner/work/ozone/ozone/hadoop-hdds/common/target/hdds-common-2.1.0-SNAPSHOT.jar:/home/runner/work/ozone/ozone/hadoop-hdds/config/target/hdds-config-2.1.0-SNAPSHOT.jar:/home/runner/work/ozone/ozone/hadoop-hdds/container-service/target/hdds-container-service-2.1.0-SNAPSHOT.jar:/home/runner/work/ozone/ozone/hadoop-hdds/interface-admin/target/hdds-interface-admin-2.1.0-SNAPSHOT.jar:/home/runner/work/ozone/ozone/hadoop-hdds/interface-client/target/hdds-interface-client-2.1.0-SNAPSHOT.jar:/home/runner/work/ozone/ozone/hadoop-hdds/interface-server/target/hdds-interface-server-2.1.0-SNAPSHOT.jar:/home/runner/work/ozone/ozone/hadoop-hdds/framework/target/hdds-server-framework-2.1.0-SNAPSHOT.jar:/home/runner/.m2/repository/org/apache/ratis/ratis-client/3.1.2/ratis-client-3.1.2.jar:/home/runner/.m2/repository/org/apache/ratis/ratis-common/3.1.2/ratis-common-3.1.2.jar:/home/runner/.m2/repository/org/apache/ratis/ratis-grpc/3.1.2/ratis-grpc-3.1.2.jar:/home/runner/.m2/repository/org/apache/ratis/ratis-netty/3.1.2/ratis-netty-3.1.2.jar:/home/runner/.m2/repository/org/apache/ratis/ratis-proto/3.1.2/ratis-proto-3.1.2.jar:/home/runner/.m2/repository/org/apache/ratis/ratis-server-api/3.1.2/ratis-server-api-3.1.2.jar:/home/runner/.m2/repository/org/apache/ratis/ratis-thirdparty-misc/1.0.6/ratis-thirdparty-misc-1.0.6.jar:/home/runner/.m2/repository/org/bouncycastle/bcpkix-jdk18on/1.80/bcpkix-jdk18on-1.80.jar:/home/runner/.m2/repository/org/bouncycastle/bcprov-jdk18on/1.80/bcprov-jdk18on-1.80.jar:/home/runner/.m2/repository/org/eclipse/jetty/jetty-webapp/9.4.57.v20241219/jetty-webapp-9.4.57.v20241219.jar:/home/runner/.m2/repository/org/eclipse/jetty/jetty-xml/9.4.57.v20241219/jetty-xml-9.4.57.v20241219.jar:/home/runner/.m2/repository/org/slf4j/slf4j-api/2.0.17/slf4j-api-2.0.17.jar:/home/runner/work/ozone/ozone/hadoop-ozone/cli-admin/target/ozone-cli-admin-2.1.0-SNAPSHOT.jar:/home/runner/.m2/repository/com/fasterxml/jackson/datatype/jackson-datatype-jsr310/2.16.2/jackson-datatype-jsr310-2.16.2.jar:/home/runner/.m2/repository/org/apache/hadoop/hadoop-hdfs-client/3.4.1/hadoop-hdfs-client-3.4.1.jar:/home/runner/work/ozone/ozone/hadoop-ozone/interface-client/target/ozone-interface-client-2.1.0-SNAPSHOT.jar:/home/runner/.m2/repository/commons-codec/commons-codec/1.17.1/commons-codec-1.17.1.jar:/home/runner/work/ozone/ozone/hadoop-ozone/cli-shell/target/ozone-cli-shell-2.1.0-SNAPSHOT.jar:/home/runner/.m2/repository/info/picocli/picocli-shell-jline3/4.7.7/picocli-shell-jline3-4.7.7.jar:/home/runner/.m2/repository/jakarta/xml/bind/jakarta.xml.bind-api/2.3.3/jakarta.xml.bind-api-2.3.3.jar:/home/runner/.m2/repository/org/apache/httpcomponents/httpclient/4.5.14/httpclient-4.5.14.jar:/home/runner/work/ozone/ozone/hadoop-ozone/ozonefs-common/target/ozone-filesystem-common-2.1.0-SNAPSHOT.jar:/home/runner/.m2/repository/org/jline/jline/3.30.0/jline-3.30.0.jar:/home/runner/.m2/repository/org/slf4j/slf4j-reload4j/2.0.17/slf4j-reload4j-2.0.17.jar:/home/runner/work/ozone/ozone/hadoop-ozone/client/target/ozone-client-2.1.0-SNAPSHOT.jar:/home/runner/.m2/repository/com/github/stephenc/jcip/jcip-annotations/1.0-1/jcip-annotations-1.0-1.jar:/home/runner/work/ozone/ozone/hadoop-hdds/erasurecode/target/hdds-erasurecode-2.1.0-SNAPSHOT.jar:/home/runner/work/ozone/ozone/hadoop-ozone/common/target/ozone-common-2.1.0-SNAPSHOT.jar:/home/runner/.m2/repository/io/grpc/grpc-api/1.58.0/grpc-api-1.58.0.jar:/home/runner/.m2/repository/io/grpc/grpc-netty/1.58.0/grpc-netty-1.58.0.jar:/home/runner/.m2/repository/io/grpc/grpc-core/1.58.0/grpc-core-1.58.0.jar:/home/runner/.m2/repository/com/google/android/annotations/4.1.1.4/annotations-4.1.1.4.jar:/home/runner/.m2/repository/org/codehaus/mojo/animal-sniffer-annotations/1.23/animal-sniffer-annotations-1.23.jar:/home/runner/.m2/repository/io/grpc/grpc-context/1.58.0/grpc-context-1.58.0.jar:/home/runner/.m2/repository/io/grpc/grpc-util/1.58.0/grpc-util-1.58.0.jar:/home/runner/.m2/repository/io/perfmark/perfmark-api/0.26.0/perfmark-api-0.26.0.jar:/home/runner/.m2/repository/io/netty/netty-codec-http2/4.1.109.Final/netty-codec-http2-4.1.109.Final.jar:/home/runner/.m2/repository/io/netty/netty-codec-http/4.1.109.Final/netty-codec-http-4.1.109.Final.jar:/home/runner/.m2/repository/io/netty/netty-common/4.1.109.Final/netty-common-4.1.109.Final.jar:/home/runner/.m2/repository/io/netty/netty-handler/4.1.109.Final/netty-handler-4.1.109.Final.jar:/home/runner/.m2/repository/io/netty/netty-resolver/4.1.109.Final/netty-resolver-4.1.109.Final.jar:/home/runner/.m2/repository/io/netty/netty-handler-proxy/4.1.109.Final/netty-handler-proxy-4.1.109.Final.jar:/home/runner/.m2/repository/io/netty/netty-codec-socks/4.1.109.Final/netty-codec-socks-4.1.109.Final.jar:/home/runner/.m2/repository/org/apache/httpcomponents/httpcore/4.4.16/httpcore-4.4.16.jar:/home/runner/.m2/repository/io/netty/netty-tcnative-boringssl-static/2.0.65.Final/netty-tcnative-boringssl-static-2.0.65.Final.jar:/home/runner/.m2/repository/io/netty/netty-tcnative-classes/2.0.65.Final/netty-tcnative-classes-2.0.65.Final.jar:/home/runner/.m2/repository/io/netty/netty-tcnative-boringssl-static/2.0.65.Final/netty-tcnative-boringssl-static-2.0.65.Final-linux-x86_64.jar:/home/runner/.m2/repository/io/netty/netty-tcnative-boringssl-static/2.0.65.Final/netty-tcnative-boringssl-static-2.0.65.Final-linux-aarch_64.jar:/home/runner/.m2/repository/io/netty/netty-tcnative-boringssl-static/2.0.65.Final/netty-tcnative-boringssl-static-2.0.65.Final-osx-x86_64.jar:/home/runner/.m2/repository/io/netty/netty-tcnative-boringssl-static/2.0.65.Final/netty-tcnative-boringssl-static-2.0.65.Final-osx-aarch_64.jar:/home/runner/.m2/repository/io/netty/netty-tcnative-boringssl-static/2.0.65.Final/netty-tcnative-boringssl-static-2.0.65.Final-windows-x86_64.jar:/home/runner/work/ozone/ozone/hadoop-ozone/csi/target/ozone-csi-2.1.0-SNAPSHOT.jar:/home/runner/.m2/repository/ch/qos/reload4j/reload4j/1.2.26/reload4j-1.2.26.jar:/home/runner/.m2/repository/com/google/protobuf/protobuf-java-util/3.19.6/protobuf-java-util-3.19.6.jar:/home/runner/.m2/repository/io/grpc/grpc-protobuf/1.58.0/grpc-protobuf-1.58.0.jar:/home/runner/.m2/repository/com/google/api/grpc/proto-google-common-protos/2.22.0/proto-google-common-protos-2.22.0.jar:/home/runner/.m2/repository/io/grpc/grpc-protobuf-lite/1.58.0/grpc-protobuf-lite-1.58.0.jar:/home/runner/.m2/repository/io/grpc/grpc-stub/1.58.0/grpc-stub-1.58.0.jar:/home/runner/.m2/repository/io/netty/netty-transport/4.1.109.Final/netty-transport-4.1.109.Final.jar:/home/runner/.m2/repository/io/netty/netty-transport-classes-epoll/4.1.109.Final/netty-transport-classes-epoll-4.1.109.Final.jar:/home/runner/.m2/repository/io/netty/netty-transport-native-epoll/4.1.109.Final/netty-transport-native-epoll-4.1.109.Final-linux-x86_64.jar:/home/runner/.m2/repository/io/netty/netty-transport-native-unix-common/4.1.109.Final/netty-transport-native-unix-common-4.1.109.Final.jar:/home/runner/work/ozone/ozone/hadoop-ozone/ozonefs/target/ozone-filesystem-2.1.0-SNAPSHOT.jar:/home/runner/.m2/repository/io/opentracing/opentracing-api/0.33.0/opentracing-api-0.33.0.jar:/home/runner/.m2/repository/io/opentracing/opentracing-util/0.33.0/opentracing-util-0.33.0.jar:/home/runner/.m2/repository/io/opentracing/opentracing-noop/0.33.0/opentracing-noop-0.33.0.jar:/home/runner/work/ozone/ozone/hadoop-ozone/freon/target/ozone-freon-2.1.0-SNAPSHOT.jar:/home/runner/.m2/repository/com/amazonaws/aws-java-sdk-core/1.12.661/aws-java-sdk-core-1.12.661.jar:/home/runner/.m2/repository/com/fasterxml/jackson/dataformat/jackson-dataformat-cbor/2.16.2/jackson-dataformat-cbor-2.16.2.jar:/home/runner/.m2/repository/joda-time/joda-time/2.12.7/joda-time-2.12.7.jar:/home/runner/.m2/repository/com/amazonaws/aws-java-sdk-s3/1.12.661/aws-java-sdk-s3-1.12.661.jar:/home/runner/.m2/repository/com/amazonaws/aws-java-sdk-kms/1.12.661/aws-java-sdk-kms-1.12.661.jar:/home/runner/.m2/repository/com/amazonaws/jmespath-java/1.12.661/jmespath-java-1.12.661.jar:/home/runner/.m2/repository/org/apache/hadoop/hadoop-hdfs/3.4.1/hadoop-hdfs-3.4.1.jar:/home/runner/work/ozone/ozone/hadoop-ozone/interface-storage/target/ozone-interface-storage-2.1.0-SNAPSHOT.jar:/home/runner/.m2/repository/org/kohsuke/metainf-services/metainf-services/1.11/metainf-services-1.11.jar:/home/runner/work/ozone/ozone/hadoop-ozone/ozone-manager/target/ozone-manager-2.1.0-SNAPSHOT.jar:/home/runner/.m2/repository/com/sun/jersey/jersey-client/1.19.4/jersey-client-1.19.4.jar:/home/runner/.m2/repository/org/apache/kerby/kerby-util/1.0.1/kerby-util-1.0.1.jar:/home/runner/.m2/repository/org/apache/logging/log4j/log4j-api/2.24.2/log4j-api-2.24.2.jar:/home/runner/work/ozone/ozone/hadoop-hdds/managed-rocksdb/target/hdds-managed-rocksdb-2.1.0-SNAPSHOT.jar:/home/runner/work/ozone/ozone/hadoop-hdds/rocks-native/target/hdds-rocks-native-2.1.0-SNAPSHOT.jar:/home/runner/.m2/repository/org/eclipse/jetty/jetty-io/9.4.57.v20241219/jetty-io-9.4.57.v20241219.jar:/home/runner/work/ozone/ozone/hadoop-hdds/rocksdb-checkpoint-differ/target/rocksdb-checkpoint-differ-2.1.0-SNAPSHOT.jar:/home/runner/.m2/repository/com/github/vlsi/mxgraph/jgraphx/3.9.12/jgraphx-3.9.12.jar:/home/runner/.m2/repository/org/jgrapht/jgrapht-core/1.4.0/jgrapht-core-1.4.0.jar:/home/runner/.m2/repository/org/jheaps/jheaps/0.11/jheaps-0.11.jar:/home/runner/.m2/repository/org/jgrapht/jgrapht-ext/1.4.0/jgrapht-ext-1.4.0.jar:/home/runner/.m2/repository/org/apache/ranger/ranger-intg/2.6.0/ranger-intg-2.6.0.jar:/home/runner/.m2/repository/org/apache/ranger/ranger-plugins-common/2.6.0/ranger-plugins-common-2.6.0.jar:/home/runner/.m2/repository/com/fasterxml/jackson/jaxrs/jackson-jaxrs-base/2.16.2/jackson-jaxrs-base-2.16.2.jar:/home/runner/.m2/repository/com/fasterxml/jackson/jaxrs/jackson-jaxrs-json-provider/2.16.2/jackson-jaxrs-json-provider-2.16.2.jar:/home/runner/.m2/repository/com/kstruct/gethostname4j/1.0.0/gethostname4j-1.0.0.jar:/home/runner/.m2/repository/commons-lang/commons-lang/2.6/commons-lang-2.6.jar:/home/runner/.m2/repository/net/java/dev/jna/jna/5.2.0/jna-5.2.0.jar:/home/runner/.m2/repository/net/java/dev/jna/jna-platform/5.2.0/jna-platform-5.2.0.jar:/home/runner/.m2/repository/org/apache/ranger/ranger-plugin-classloader/2.6.0/ranger-plugin-classloader-2.6.0.jar:/home/runner/.m2/repository/org/apache/ranger/ranger-plugins-audit/2.6.0/ranger-plugins-audit-2.6.0.jar:/home/runner/.m2/repository/com/amazonaws/aws-java-sdk-logs/1.12.765/aws-java-sdk-logs-1.12.765.jar:/home/runner/.m2/repository/com/carrotsearch/hppc/0.8.0/hppc-0.8.0.jar:/home/runner/.m2/repository/io/airlift/aircompressor/0.27/aircompressor-0.27.jar:/home/runner/.m2/repository/org/apache/httpcomponents/httpasyncclient/4.1.4/httpasyncclient-4.1.4.jar:/home/runner/.m2/repository/org/apache/httpcomponents/httpcore-nio/4.4.16/httpcore-nio-4.4.16.jar:/home/runner/.m2/repository/org/apache/httpcomponents/httpmime/4.5.13/httpmime-4.5.13.jar:/home/runner/.m2/repository/org/apache/orc/orc-core/1.5.8/orc-core-1.5.8.jar:/home/runner/.m2/repository/org/apache/orc/orc-shims/1.5.8/orc-shims-1.5.8.jar:/home/runner/.m2/repository/org/eclipse/jetty/jetty-client/9.4.57.v20241219/jetty-client-9.4.57.v20241219.jar:/home/runner/.m2/repository/org/apache/ranger/ranger-plugins-cred/2.6.0/ranger-plugins-cred-2.6.0.jar:/home/runner/.m2/repository/org/aspectj/aspectjrt/1.9.7/aspectjrt-1.9.7.jar:/home/runner/.m2/repository/org/aspectj/aspectjweaver/1.9.7/aspectjweaver-1.9.7.jar:/home/runner/.m2/repository/org/eclipse/jetty/jetty-util/9.4.57.v20241219/jetty-util-9.4.57.v20241219.jar:/home/runner/.m2/repository/org/reflections/reflections/0.10.2/reflections-0.10.2.jar:/home/runner/.m2/repository/org/rocksdb/rocksdbjni/7.7.3/rocksdbjni-7.7.3.jar:/home/runner/work/ozone/ozone/hadoop-ozone/recon/target/ozone-recon-2.1.0-SNAPSHOT.jar:/home/runner/.m2/repository/aopalliance/aopalliance/1.0/aopalliance-1.0.jar:/home/runner/.m2/repository/com/google/inject/guice/6.0.0/guice-6.0.0.jar:/home/runner/.m2/repository/jakarta/inject/jakarta.inject-api/2.0.1/jakarta.inject-api-2.0.1.jar:/home/runner/.m2/repository/com/google/inject/extensions/guice-assistedinject/6.0.0/guice-assistedinject-6.0.0.jar:/home/runner/.m2/repository/com/google/inject/extensions/guice-servlet/6.0.0/guice-servlet-6.0.0.jar:/home/runner/.m2/repository/com/jolbox/bonecp/0.8.0.RELEASE/bonecp-0.8.0.RELEASE.jar:/home/runner/.m2/repository/jakarta/activation/jakarta.activation-api/1.2.2/jakarta.activation-api-1.2.2.jar:/home/runner/.m2/repository/jakarta/validation/jakarta.validation-api/2.0.2/jakarta.validation-api-2.0.2.jar:/home/runner/.m2/repository/jakarta/ws/rs/jakarta.ws.rs-api/2.1.6/jakarta.ws.rs-api-2.1.6.jar:/home/runner/.m2/repository/javax/inject/javax.inject/1/javax.inject-1.jar:/home/runner/.m2/repository/org/apache/derby/derby/10.14.2.0/derby-10.14.2.0.jar:/home/runner/work/ozone/ozone/hadoop-ozone/recon-codegen/target/ozone-reconcodegen-2.1.0-SNAPSHOT.jar:/home/runner/.m2/repository/org/eclipse/jetty/jetty-servlet/9.4.57.v20241219/jetty-servlet-9.4.57.v20241219.jar:/home/runner/.m2/repository/org/eclipse/jetty/jetty-security/9.4.57.v20241219/jetty-security-9.4.57.v20241219.jar:/home/runner/.m2/repository/org/glassfish/hk2/guice-bridge/2.6.1/guice-bridge-2.6.1.jar:/home/runner/.m2/repository/org/glassfish/hk2/hk2-api/2.6.1/hk2-api-2.6.1.jar:/home/runner/.m2/repository/org/glassfish/hk2/hk2-utils/2.6.1/hk2-utils-2.6.1.jar:/home/runner/.m2/repository/org/glassfish/hk2/external/aopalliance-repackaged/2.6.1/aopalliance-repackaged-2.6.1.jar:/home/runner/.m2/repository/org/glassfish/hk2/external/jakarta.inject/2.6.1/jakarta.inject-2.6.1.jar:/home/runner/.m2/repository/org/glassfish/jersey/containers/jersey-container-servlet/2.46/jersey-container-servlet-2.46.jar:/home/runner/.m2/repository/org/glassfish/jersey/containers/jersey-container-servlet-core/2.46/jersey-container-servlet-core-2.46.jar:/home/runner/.m2/repository/org/glassfish/jersey/core/jersey-common/2.46/jersey-common-2.46.jar:/home/runner/.m2/repository/org/glassfish/hk2/osgi-resource-locator/1.0.3/osgi-resource-locator-1.0.3.jar:/home/runner/.m2/repository/org/glassfish/jersey/core/jersey-server/2.46/jersey-server-2.46.jar:/home/runner/.m2/repository/org/glassfish/jersey/core/jersey-client/2.46/jersey-client-2.46.jar:/home/runner/.m2/repository/org/glassfish/jersey/inject/jersey-hk2/2.46/jersey-hk2-2.46.jar:/home/runner/.m2/repository/org/glassfish/hk2/hk2-locator/2.6.1/hk2-locator-2.6.1.jar:/home/runner/.m2/repository/org/glassfish/jersey/media/jersey-media-jaxb/2.46/jersey-media-jaxb-2.46.jar:/home/runner/.m2/repository/org/glassfish/jersey/media/jersey-media-json-jackson/2.46/jersey-media-json-jackson-2.46.jar:/home/runner/.m2/repository/org/glassfish/jersey/ext/jersey-entity-filtering/2.46/jersey-entity-filtering-2.46.jar:/home/runner/.m2/repository/com/fasterxml/jackson/module/jackson-module-jaxb-annotations/2.16.2/jackson-module-jaxb-annotations-2.16.2.jar:/home/runner/.m2/repository/org/javassist/javassist/3.30.2-GA/javassist-3.30.2-GA.jar:/home/runner/.m2/repository/org/jooq/jooq/3.11.10/jooq-3.11.10.jar:/home/runner/.m2/repository/org/jooq/jooq-codegen/3.11.10/jooq-codegen-3.11.10.jar:/home/runner/.m2/repository/org/jooq/jooq-meta/3.11.10/jooq-meta-3.11.10.jar:/home/runner/.m2/repository/org/springframework/spring-core/5.3.39/spring-core-5.3.39.jar:/home/runner/.m2/repository/org/springframework/spring-jdbc/5.3.39/spring-jdbc-5.3.39.jar:/home/runner/.m2/repository/org/springframework/spring-beans/5.3.39/spring-beans-5.3.39.jar:/home/runner/.m2/repository/org/springframework/spring-tx/5.3.39/spring-tx-5.3.39.jar:/home/runner/.m2/repository/org/xerial/sqlite-jdbc/3.49.1.0/sqlite-jdbc-3.49.1.0.jar:/home/runner/work/ozone/ozone/hadoop-ozone/s3gateway/target/ozone-s3gateway-2.1.0-SNAPSHOT.jar:/home/runner/work/ozone/ozone/hadoop-ozone/tools/target/ozone-tools-2.1.0-SNAPSHOT.jar:/home/runner/.m2/repository/org/apache/ratis/ratis-shell/3.1.2/ratis-shell-3.1.2.jar:/home/runner/.m2/repository/org/apache/ratis/ratis-tools/3.1.2/ratis-tools-3.1.2.jar:/home/runner/.m2/repository/org/glassfish/jaxb/jaxb-runtime/2.3.9/jaxb-runtime-2.3.9.jar:/home/runner/.m2/repository/org/glassfish/jaxb/txw2/2.3.9/txw2-2.3.9.jar:/home/runner/.m2/repository/com/sun/istack/istack-commons-runtime/3.0.12/istack-commons-runtime-3.0.12.jar:/home/runner/.m2/repository/com/sun/activation/jakarta.activation/1.2.2/jakarta.activation-1.2.2.jar:/home/runner/.m2/repository/org/apache/ratis/ratis-server/3.1.2/ratis-server-3.1.2.jar:/home/runner/.m2/repository/org/apache/ratis/ratis-metrics-api/3.1.2/ratis-metrics-api-3.1.2.jar:/home/runner/.m2/repository/org/hamcrest/hamcrest/2.2/hamcrest-2.2.jar:/home/runner/.m2/repository/org/slf4j/jul-to-slf4j/2.0.17/jul-to-slf4j-2.0.17.jar:/home/runner/.m2/repository/org/apache/commons/commons-lang3/3.17.0/commons-lang3-3.17.0.jar:/home/runner/.m2/repository/org/apache/hadoop/hadoop-common/3.4.1/hadoop-common-3.4.1-tests.jar:/home/runner/.m2/repository/org/apache/hadoop/thirdparty/hadoop-shaded-protobuf_3_25/1.4.0/hadoop-shaded-protobuf_3_25-1.4.0.jar:/home/runner/.m2/repository/org/apache/hadoop/hadoop-annotations/3.4.1/hadoop-annotations-3.4.1.jar:/home/runner/.m2/repository/org/apache/hadoop/thirdparty/hadoop-shaded-guava/1.3.0/hadoop-shaded-guava-1.3.0.jar:/home/runner/.m2/repository/commons-cli/commons-cli/1.8.0/commons-cli-1.8.0.jar:/home/runner/.m2/repository/org/apache/commons/commons-math3/3.6.1/commons-math3-3.6.1.jar:/home/runner/.m2/repository/commons-net/commons-net/3.11.1/commons-net-3.11.1.jar:/home/runner/.m2/repository/org/eclipse/jetty/jetty-server/9.4.57.v20241219/jetty-server-9.4.57.v20241219.jar:/home/runner/.m2/repository/javax/servlet/jsp/jsp-api/2.1/jsp-api-2.1.jar:/home/runner/.m2/repository/com/sun/jersey/jersey-core/1.19.4/jersey-core-1.19.4.jar:/home/runner/.m2/repository/javax/ws/rs/jsr311-api/1.1.1/jsr311-api-1.1.1.jar:/home/runner/.m2/repository/com/sun/jersey/jersey-servlet/1.19.4/jersey-servlet-1.19.4.jar:/home/runner/.m2/repository/com/github/pjfanning/jersey-json/1.22.0/jersey-json-1.22.0.jar:/home/runner/.m2/repository/com/sun/xml/bind/jaxb-impl/2.2.3-1/jaxb-impl-2.2.3-1.jar:/home/runner/.m2/repository/org/codehaus/jettison/jettison/1.5.4/jettison-1.5.4.jar:/home/runner/.m2/repository/com/sun/jersey/jersey-server/1.19.4/jersey-server-1.19.4.jar:/home/runner/.m2/repository/commons-beanutils/commons-beanutils/1.9.4/commons-beanutils-1.9.4.jar:/home/runner/.m2/repository/org/apache/commons/commons-configuration2/2.11.0/commons-configuration2-2.11.0.jar:/home/runner/.m2/repository/org/apache/avro/avro/1.9.2/avro-1.9.2.jar:/home/runner/.m2/repository/com/google/re2j/re2j/1.7/re2j-1.7.jar:/home/runner/.m2/repository/com/google/code/gson/gson/2.10.1/gson-2.10.1.jar:/home/runner/.m2/repository/com/jcraft/jsch/0.1.55/jsch-0.1.55.jar:/home/runner/.m2/repository/org/apache/curator/curator-client/4.2.0/curator-client-4.2.0.jar:/home/runner/.m2/repository/org/apache/curator/curator-recipes/5.2.0/curator-recipes-5.2.0.jar:/home/runner/.m2/repository/org/apache/curator/curator-framework/4.2.0/curator-framework-4.2.0.jar:/home/runner/.m2/repository/com/google/code/findbugs/jsr305/3.0.2/jsr305-3.0.2.jar:/home/runner/.m2/repository/org/apache/zookeeper/zookeeper/3.8.4/zookeeper-3.8.4.jar:/home/runner/.m2/repository/org/apache/zookeeper/zookeeper-jute/3.8.4/zookeeper-jute-3.8.4.jar:/home/runner/.m2/repository/org/apache/yetus/audience-annotations/0.12.0/audience-annotations-0.12.0.jar:/home/runner/.m2/repository/io/netty/netty-transport-native-epoll/4.1.109.Final/netty-transport-native-epoll-4.1.109.Final.jar:/home/runner/.m2/repository/org/apache/kerby/kerb-core/1.0.1/kerb-core-1.0.1.jar:/home/runner/.m2/repository/org/apache/kerby/kerby-pkix/1.0.1/kerby-pkix-1.0.1.jar:/home/runner/.m2/repository/org/apache/kerby/kerby-asn1/1.0.1/kerby-asn1-1.0.1.jar:/home/runner/.m2/repository/org/codehaus/woodstox/stax2-api/4.2.1/stax2-api-4.2.1.jar:/home/runner/.m2/repository/com/fasterxml/woodstox/woodstox-core/5.4.0/woodstox-core-5.4.0.jar:/home/runner/.m2/repository/dnsjava/dnsjava/3.6.1/dnsjava-3.6.1.jar:/home/runner/.m2/repository/org/xerial/snappy/snappy-java/1.1.10.7/snappy-java-1.1.10.7.jar:/home/runner/.m2/repository/org/apache/hadoop/hadoop-distcp/3.4.1/hadoop-distcp-3.4.1.jar:/home/runner/.m2/repository/org/apache/hadoop/hadoop-distcp/3.4.1/hadoop-distcp-3.4.1-tests.jar:/home/runner/.m2/repository/org/apache/hadoop/hadoop-hdfs/3.4.1/hadoop-hdfs-3.4.1-tests.jar:/home/runner/.m2/repository/org/eclipse/jetty/jetty-util-ajax/9.4.57.v20241219/jetty-util-ajax-9.4.57.v20241219.jar:/home/runner/.m2/repository/commons-daemon/commons-daemon/1.4.0/commons-daemon-1.4.0.jar:/home/runner/.m2/repository/io/netty/netty-all/4.1.109.Final/netty-all-4.1.109.Final.jar:/home/runner/.m2/repository/io/netty/netty-codec-dns/4.1.109.Final/netty-codec-dns-4.1.109.Final.jar:/home/runner/.m2/repository/io/netty/netty-codec-haproxy/4.1.109.Final/netty-codec-haproxy-4.1.109.Final.jar:/home/runner/.m2/repository/io/netty/netty-codec-memcache/4.1.109.Final/netty-codec-memcache-4.1.109.Final.jar:/home/runner/.m2/repository/io/netty/netty-codec-mqtt/4.1.109.Final/netty-codec-mqtt-4.1.109.Final.jar:/home/runner/.m2/repository/io/netty/netty-codec-redis/4.1.109.Final/netty-codec-redis-4.1.109.Final.jar:/home/runner/.m2/repository/io/netty/netty-codec-smtp/4.1.109.Final/netty-codec-smtp-4.1.109.Final.jar:/home/runner/.m2/repository/io/netty/netty-codec-stomp/4.1.109.Final/netty-codec-stomp-4.1.109.Final.jar:/home/runner/.m2/repository/io/netty/netty-codec-xml/4.1.109.Final/netty-codec-xml-4.1.109.Final.jar:/home/runner/.m2/repository/io/netty/netty-handler-ssl-ocsp/4.1.109.Final/netty-handler-ssl-ocsp-4.1.109.Final.jar:/home/runner/.m2/repository/io/netty/netty-resolver-dns/4.1.109.Final/netty-resolver-dns-4.1.109.Final.jar:/home/runner/.m2/repository/io/netty/netty-transport-rxtx/4.1.109.Final/netty-transport-rxtx-4.1.109.Final.jar:/home/runner/.m2/repository/io/netty/netty-transport-sctp/4.1.109.Final/netty-transport-sctp-4.1.109.Final.jar:/home/runner/.m2/repository/io/netty/netty-transport-udt/4.1.109.Final/netty-transport-udt-4.1.109.Final.jar:/home/runner/.m2/repository/io/netty/netty-transport-classes-kqueue/4.1.109.Final/netty-transport-classes-kqueue-4.1.109.Final.jar:/home/runner/.m2/repository/io/netty/netty-resolver-dns-classes-macos/4.1.109.Final/netty-resolver-dns-classes-macos-4.1.109.Final.jar:/home/runner/.m2/repository/io/netty/netty-transport-native-epoll/4.1.109.Final/netty-transport-native-epoll-4.1.109.Final-linux-aarch_64.jar:/home/runner/.m2/repository/io/netty/netty-transport-native-epoll/4.1.109.Final/netty-transport-native-epoll-4.1.109.Final-linux-riscv64.jar:/home/runner/.m2/repository/io/netty/netty-transport-native-kqueue/4.1.109.Final/netty-transport-native-kqueue-4.1.109.Final-osx-x86_64.jar:/home/runner/.m2/repository/io/netty/netty-transport-native-kqueue/4.1.109.Final/netty-transport-native-kqueue-4.1.109.Final-osx-aarch_64.jar:/home/runner/.m2/repository/io/netty/netty-resolver-dns-native-macos/4.1.109.Final/netty-resolver-dns-native-macos-4.1.109.Final-osx-x86_64.jar:/home/runner/.m2/repository/io/netty/netty-resolver-dns-native-macos/4.1.109.Final/netty-resolver-dns-native-macos-4.1.109.Final-osx-aarch_64.jar:/home/runner/.m2/repository/org/fusesource/leveldbjni/leveldbjni-all/1.8/leveldbjni-all-1.8.jar:/home/runner/.m2/repository/org/apache/hadoop/hadoop-kms/3.4.1/hadoop-kms-3.4.1.jar:/home/runner/.m2/repository/org/apache/hadoop/hadoop-kms/3.4.1/hadoop-kms-3.4.1-tests.jar:/home/runner/.m2/repository/org/apache/hadoop/hadoop-mapreduce-client-core/3.4.1/hadoop-mapreduce-client-core-3.4.1.jar:/home/runner/.m2/repository/org/apache/hadoop/hadoop-yarn-client/3.4.1/hadoop-yarn-client-3.4.1.jar:/home/runner/.m2/repository/org/eclipse/jetty/websocket/websocket-client/9.4.53.v20231009/websocket-client-9.4.53.v20231009.jar:/home/runner/.m2/repository/org/eclipse/jetty/websocket/websocket-common/9.4.53.v20231009/websocket-common-9.4.53.v20231009.jar:/home/runner/.m2/repository/org/eclipse/jetty/websocket/websocket-api/9.4.53.v20231009/websocket-api-9.4.53.v20231009.jar:/home/runner/.m2/repository/org/apache/hadoop/hadoop-yarn-api/3.4.1/hadoop-yarn-api-3.4.1.jar:/home/runner/.m2/repository/org/apache/hadoop/hadoop-yarn-common/3.4.1/hadoop-yarn-common-3.4.1.jar:/home/runner/.m2/repository/javax/xml/bind/jaxb-api/2.2.11/jaxb-api-2.2.11.jar:/home/runner/.m2/repository/com/sun/jersey/contribs/jersey-guice/1.19.4/jersey-guice-1.19.4.jar:/home/runner/.m2/repository/org/apache/hadoop/hadoop-mapreduce-client-jobclient/3.4.1/hadoop-mapreduce-client-jobclient-3.4.1.jar:/home/runner/.m2/repository/org/apache/hadoop/hadoop-mapreduce-client-common/3.4.1/hadoop-mapreduce-client-common-3.4.1.jar:/home/runner/.m2/repository/org/apache/hadoop/hadoop-minikdc/3.4.1/hadoop-minikdc-3.4.1.jar:/home/runner/.m2/repository/org/apache/kerby/kerb-simplekdc/2.0.3/kerb-simplekdc-2.0.3.jar:/home/runner/.m2/repository/org/apache/kerby/kerb-client/2.0.3/kerb-client-2.0.3.jar:/home/runner/.m2/repository/org/apache/kerby/kerb-common/2.0.3/kerb-common-2.0.3.jar:/home/runner/.m2/repository/org/apache/kerby/token-provider/2.0.3/token-provider-2.0.3.jar:/home/runner/.m2/repository/org/apache/kerby/kerb-admin/2.0.3/kerb-admin-2.0.3.jar:/home/runner/.m2/repository/org/apache/kerby/kerb-server/2.0.3/kerb-server-2.0.3.jar:/home/runner/.m2/repository/org/apache/kerby/kerb-identity/2.0.3/kerb-identity-2.0.3.jar:/home/runner/.m2/repository/org/apache/kerby/kerby-xdr/2.0.3/kerby-xdr-2.0.3.jar:/home/runner/.m2/repository/junit/junit/4.13.2/junit-4.13.2.jar:/home/runner/.m2/repository/org/hamcrest/hamcrest-core/1.3/hamcrest-core-1.3.jar:/home/runner/work/ozone/ozone/hadoop-hdds/common/target/hdds-common-2.1.0-SNAPSHOT-tests.jar:/home/runner/.m2/repository/commons-validator/commons-validator/1.6/commons-validator-1.6.jar:/home/runner/.m2/repository/commons-digester/commons-digester/1.8.1/commons-digester-1.8.1.jar:/home/runner/.m2/repository/io/jaegertracing/jaeger-client/1.8.1/jaeger-client-1.8.1.jar:/home/runner/.m2/repository/io/jaegertracing/jaeger-thrift/1.8.1/jaeger-thrift-1.8.1.jar:/home/runner/.m2/repository/org/apache/thrift/libthrift/0.15.0/libthrift-0.15.0.jar:/home/runner/.m2/repository/com/squareup/okhttp3/okhttp/4.12.0/okhttp-4.12.0.jar:/home/runner/.m2/repository/com/squareup/okio/okio/3.6.0/okio-3.6.0.jar:/home/runner/.m2/repository/com/squareup/okio/okio-jvm/3.6.0/okio-jvm-3.6.0.jar:/home/runner/.m2/repository/org/jetbrains/kotlin/kotlin-stdlib-common/1.9.25/kotlin-stdlib-common-1.9.25.jar:/home/runner/.m2/repository/org/jetbrains/kotlin/kotlin-stdlib-jdk8/1.9.25/kotlin-stdlib-jdk8-1.9.25.jar:/home/runner/.m2/repository/org/jetbrains/kotlin/kotlin-stdlib-jdk7/1.9.25/kotlin-stdlib-jdk7-1.9.25.jar:/home/runner/.m2/repository/io/jaegertracing/jaeger-tracerresolver/1.8.1/jaeger-tracerresolver-1.8.1.jar:/home/runner/.m2/repository/io/opentracing/contrib/opentracing-tracerresolver/0.1.8/opentracing-tracerresolver-0.1.8.jar:/home/runner/.m2/repository/io/jaegertracing/jaeger-core/1.8.1/jaeger-core-1.8.1.jar:/home/runner/.m2/repository/javax/annotation/javax.annotation-api/1.3.2/javax.annotation-api-1.3.2.jar:/home/runner/work/ozone/ozone/hadoop-hdds/annotations/target/hdds-annotation-processing-2.1.0-SNAPSHOT.jar:/home/runner/.m2/repository/org/apache/ratis/ratis-metrics-dropwizard3/3.1.2/ratis-metrics-dropwizard3-3.1.2.jar:/home/runner/.m2/repository/org/bouncycastle/bcutil-jdk18on/1.80/bcutil-jdk18on-1.80.jar:/home/runner/.m2/repository/org/jetbrains/kotlin/kotlin-stdlib/1.9.25/kotlin-stdlib-1.9.25.jar:/home/runner/.m2/repository/org/jetbrains/annotations/13.0/annotations-13.0.jar:/home/runner/.m2/repository/org/slf4j/jcl-over-slf4j/2.0.17/jcl-over-slf4j-2.0.17.jar:/home/runner/.m2/repository/org/yaml/snakeyaml/2.0/snakeyaml-2.0.jar:/home/runner/work/ozone/ozone/hadoop-hdds/container-service/target/hdds-container-service-2.1.0-SNAPSHOT-tests.jar:/home/runner/.m2/repository/com/github/luben/zstd-jni/1.5.7-3/zstd-jni-1.5.7-3.jar:/home/runner/.m2/repository/io/netty/netty-buffer/4.1.109.Final/netty-buffer-4.1.109.Final.jar:/home/runner/.m2/repository/io/netty/netty-codec/4.1.109.Final/netty-codec-4.1.109.Final.jar:/home/runner/.m2/repository/log4j/apache-log4j-extras/1.2.17/apache-log4j-extras-1.2.17.jar:/home/runner/work/ozone/ozone/hadoop-hdds/framework/target/hdds-server-framework-2.1.0-SNAPSHOT-tests.jar:/home/runner/.m2/repository/com/github/jnr/jnr-constants/0.10.4/jnr-constants-0.10.4.jar:/home/runner/.m2/repository/com/github/jnr/jnr-posix/3.1.20/jnr-posix-3.1.20.jar:/home/runner/.m2/repository/com/github/jnr/jnr-ffi/2.2.17/jnr-ffi-2.2.17.jar:/home/runner/.m2/repository/com/github/jnr/jffi/1.3.13/jffi-1.3.13.jar:/home/runner/.m2/repository/com/github/jnr/jffi/1.3.13/jffi-1.3.13-native.jar:/home/runner/.m2/repository/org/ow2/asm/asm/9.7.1/asm-9.7.1.jar:/home/runner/.m2/repository/org/ow2/asm/asm-commons/9.7.1/asm-commons-9.7.1.jar:/home/runner/.m2/repository/org/ow2/asm/asm-analysis/9.7.1/asm-analysis-9.7.1.jar:/home/runner/.m2/repository/org/ow2/asm/asm-tree/9.7.1/asm-tree-9.7.1.jar:/home/runner/.m2/repository/org/ow2/asm/asm-util/9.7.1/asm-util-9.7.1.jar:/home/runner/.m2/repository/com/github/jnr/jnr-a64asm/1.0.0/jnr-a64asm-1.0.0.jar:/home/runner/.m2/repository/com/github/jnr/jnr-x86asm/1.0.2/jnr-x86asm-1.0.2.jar:/home/runner/.m2/repository/commons-fileupload/commons-fileupload/1.5/commons-fileupload-1.5.jar:/home/runner/.m2/repository/io/prometheus/simpleclient/0.16.0/simpleclient-0.16.0.jar:/home/runner/.m2/repository/io/prometheus/simpleclient_common/0.16.0/simpleclient_common-0.16.0.jar:/home/runner/.m2/repository/io/prometheus/simpleclient_dropwizard/0.16.0/simpleclient_dropwizard-0.16.0.jar:/home/runner/.m2/repository/org/apache/logging/log4j/log4j-core/2.24.2/log4j-core-2.24.2.jar:/home/runner/.m2/repository/org/eclipse/jetty/jetty-http/9.4.57.v20241219/jetty-http-9.4.57.v20241219.jar:/home/runner/.m2/repository/com/lmax/disruptor/3.4.4/disruptor-3.4.4.jar:/home/runner/.m2/repository/com/nimbusds/nimbus-jose-jwt/9.40/nimbus-jose-jwt-9.40.jar:/home/runner/.m2/repository/org/apache/kerby/kerb-util/1.0.1/kerb-util-1.0.1.jar:/home/runner/.m2/repository/org/apache/kerby/kerby-config/1.0.1/kerby-config-1.0.1.jar:/home/runner/.m2/repository/org/apache/kerby/kerb-crypto/1.0.1/kerb-crypto-1.0.1.jar:/home/runner/work/ozone/ozone/hadoop-hdds/server-scm/target/hdds-server-scm-2.1.0-SNAPSHOT-tests.jar:/home/runner/work/ozone/ozone/hadoop-hdds/test-utils/target/hdds-test-utils-2.1.0-SNAPSHOT-tests.jar:/home/runner/work/ozone/ozone/hadoop-ozone/ozone-manager/target/ozone-manager-2.1.0-SNAPSHOT-tests.jar:/home/runner/work/ozone/ozone/hadoop-ozone/mini-cluster/target/ozone-mini-cluster-2.1.0-SNAPSHOT.jar:/home/runner/.m2/repository/org/assertj/assertj-core/3.27.3/assertj-core-3.27.3.jar:/home/runner/.m2/repository/net/bytebuddy/byte-buddy/1.15.11/byte-buddy-1.15.11.jar:/home/runner/.m2/repository/org/junit/jupiter/junit-jupiter-api/5.12.2/junit-jupiter-api-5.12.2.jar:/home/runner/.m2/repository/org/opentest4j/opentest4j/1.3.0/opentest4j-1.3.0.jar:/home/runner/.m2/repository/org/junit/platform/junit-platform-commons/1.12.2/junit-platform-commons-1.12.2.jar:/home/runner/.m2/repository/org/apiguardian/apiguardian-api/1.1.2/apiguardian-api-1.1.2.jar:/home/runner/.m2/repository/org/junit/jupiter/junit-jupiter-params/5.12.2/junit-jupiter-params-5.12.2.jar:/home/runner/.m2/repository/org/mockito/mockito-core/4.11.0/mockito-core-4.11.0.jar:/home/runner/.m2/repository/net/bytebuddy/byte-buddy-agent/1.12.19/byte-buddy-agent-1.12.19.jar:/home/runner/.m2/repository/org/objenesis/objenesis/3.3/objenesis-3.3.jar:/home/runner/.m2/repository/org/mockito/mockito-inline/4.11.0/mockito-inline-4.11.0.jar:/home/runner/.m2/repository/org/mockito/mockito-junit-jupiter/4.11.0/mockito-junit-jupiter-4.11.0.jar:/home/runner/work/ozone/ozone/hadoop-ozone/integration-test/target/gradle-enterprise/test-listeners.jar:"/>
    <property name="java.vm.vendor" value="Eclipse Adoptium"/>
    <property name="sun.arch.data.model" value="64"/>
    <property name="test.build.dir" value="/home/runner/work/ozone/ozone/hadoop-ozone/integration-test/target/test-dir"/>
    <property name="sun.security.krb5.debug" value="false"/>
    <property name="test.cache.data" value=""/>
    <property name="java.vendor.url" value="https://adoptium.net/"/>
    <property name="user.timezone" value="Etc/UTC"/>
    <property name="maven-surefire-plugin.argLineAccessArgs" value=" --add-opens java.management/com.sun.jmx.mbeanserver=ALL-UNNAMED --add-exports java.management/com.sun.jmx.mbeanserver=ALL-UNNAMED --add-opens java.base/java.nio=ALL-UNNAMED --add-opens java.base/java.lang=ALL-UNNAMED --add-opens java.base/java.lang.reflect=ALL-UNNAMED"/>
    <property name="java.vm.specification.version" value="21"/>
    <property name="os.name" value="Linux"/>
    <property name="test.build.data" value="/home/runner/work/ozone/ozone/hadoop-ozone/integration-test/target/test-dir"/>
    <property name="sun.java.launcher" value="SUN_STANDARD"/>
    <property name="sun.boot.library.path" value="/usr/lib/jvm/temurin-21-jdk-amd64/lib"/>
    <property name="sun.java.command" value="/home/runner/work/ozone/ozone/hadoop-ozone/integration-test/target/surefire/surefirebooter-20250513073644746_72.jar /home/runner/work/ozone/ozone/hadoop-ozone/integration-test/target/surefire 2025-05-13T07-33-11_304-jvmRun1 surefire-20250513073644746_70tmp surefire_4-20250513073644746_71tmp"/>
    <property name="jdk.debug" value="release"/>
    <property name="native.lib.tmp.dir" value="/tmp"/>
    <property name="surefire.test.class.path" value="/home/runner/work/ozone/ozone/hadoop-ozone/integration-test/target/test-classes:/home/runner/work/ozone/ozone/hadoop-ozone/integration-test/target/classes:/home/runner/work/ozone/ozone/hadoop-hdds/server-scm/target/hdds-server-scm-2.1.0-SNAPSHOT.jar:/home/runner/.m2/repository/com/fasterxml/jackson/core/jackson-annotations/2.16.2/jackson-annotations-2.16.2.jar:/home/runner/.m2/repository/com/fasterxml/jackson/core/jackson-core/2.16.2/jackson-core-2.16.2.jar:/home/runner/.m2/repository/com/fasterxml/jackson/core/jackson-databind/2.16.2/jackson-databind-2.16.2.jar:/home/runner/.m2/repository/com/google/guava/guava/32.1.3-jre/guava-32.1.3-jre.jar:/home/runner/.m2/repository/com/google/guava/failureaccess/1.0.1/failureaccess-1.0.1.jar:/home/runner/.m2/repository/com/google/guava/listenablefuture/9999.0-empty-to-avoid-conflict-with-guava/listenablefuture-9999.0-empty-to-avoid-conflict-with-guava.jar:/home/runner/.m2/repository/org/checkerframework/checker-qual/3.37.0/checker-qual-3.37.0.jar:/home/runner/.m2/repository/com/google/errorprone/error_prone_annotations/2.29.2/error_prone_annotations-2.29.2.jar:/home/runner/.m2/repository/com/google/j2objc/j2objc-annotations/2.8/j2objc-annotations-2.8.jar:/home/runner/.m2/repository/com/google/protobuf/protobuf-java/2.5.0/protobuf-java-2.5.0.jar:/home/runner/.m2/repository/commons-collections/commons-collections/3.2.2/commons-collections-3.2.2.jar:/home/runner/.m2/repository/commons-io/commons-io/2.18.0/commons-io-2.18.0.jar:/home/runner/.m2/repository/info/picocli/picocli/4.7.7/picocli-4.7.7.jar:/home/runner/.m2/repository/io/dropwizard/metrics/metrics-core/3.2.6/metrics-core-3.2.6.jar:/home/runner/.m2/repository/jakarta/annotation/jakarta.annotation-api/2.1.1/jakarta.annotation-api-2.1.1.jar:/home/runner/.m2/repository/javax/servlet/javax.servlet-api/3.1.0/javax.servlet-api-3.1.0.jar:/home/runner/.m2/repository/org/apache/commons/commons-compress/1.27.1/commons-compress-1.27.1.jar:/home/runner/.m2/repository/org/apache/commons/commons-text/1.12.0/commons-text-1.12.0.jar:/home/runner/.m2/repository/org/apache/hadoop/hadoop-auth/3.4.1/hadoop-auth-3.4.1.jar:/home/runner/.m2/repository/org/apache/hadoop/hadoop-common/3.4.1/hadoop-common-3.4.1.jar:/home/runner/work/ozone/ozone/hadoop-hdds/client/target/hdds-client-2.1.0-SNAPSHOT.jar:/home/runner/work/ozone/ozone/hadoop-hdds/common/target/hdds-common-2.1.0-SNAPSHOT.jar:/home/runner/work/ozone/ozone/hadoop-hdds/config/target/hdds-config-2.1.0-SNAPSHOT.jar:/home/runner/work/ozone/ozone/hadoop-hdds/container-service/target/hdds-container-service-2.1.0-SNAPSHOT.jar:/home/runner/work/ozone/ozone/hadoop-hdds/interface-admin/target/hdds-interface-admin-2.1.0-SNAPSHOT.jar:/home/runner/work/ozone/ozone/hadoop-hdds/interface-client/target/hdds-interface-client-2.1.0-SNAPSHOT.jar:/home/runner/work/ozone/ozone/hadoop-hdds/interface-server/target/hdds-interface-server-2.1.0-SNAPSHOT.jar:/home/runner/work/ozone/ozone/hadoop-hdds/framework/target/hdds-server-framework-2.1.0-SNAPSHOT.jar:/home/runner/.m2/repository/org/apache/ratis/ratis-client/3.1.2/ratis-client-3.1.2.jar:/home/runner/.m2/repository/org/apache/ratis/ratis-common/3.1.2/ratis-common-3.1.2.jar:/home/runner/.m2/repository/org/apache/ratis/ratis-grpc/3.1.2/ratis-grpc-3.1.2.jar:/home/runner/.m2/repository/org/apache/ratis/ratis-netty/3.1.2/ratis-netty-3.1.2.jar:/home/runner/.m2/repository/org/apache/ratis/ratis-proto/3.1.2/ratis-proto-3.1.2.jar:/home/runner/.m2/repository/org/apache/ratis/ratis-server-api/3.1.2/ratis-server-api-3.1.2.jar:/home/runner/.m2/repository/org/apache/ratis/ratis-thirdparty-misc/1.0.6/ratis-thirdparty-misc-1.0.6.jar:/home/runner/.m2/repository/org/bouncycastle/bcpkix-jdk18on/1.80/bcpkix-jdk18on-1.80.jar:/home/runner/.m2/repository/org/bouncycastle/bcprov-jdk18on/1.80/bcprov-jdk18on-1.80.jar:/home/runner/.m2/repository/org/eclipse/jetty/jetty-webapp/9.4.57.v20241219/jetty-webapp-9.4.57.v20241219.jar:/home/runner/.m2/repository/org/eclipse/jetty/jetty-xml/9.4.57.v20241219/jetty-xml-9.4.57.v20241219.jar:/home/runner/.m2/repository/org/slf4j/slf4j-api/2.0.17/slf4j-api-2.0.17.jar:/home/runner/work/ozone/ozone/hadoop-ozone/cli-admin/target/ozone-cli-admin-2.1.0-SNAPSHOT.jar:/home/runner/.m2/repository/com/fasterxml/jackson/datatype/jackson-datatype-jsr310/2.16.2/jackson-datatype-jsr310-2.16.2.jar:/home/runner/.m2/repository/org/apache/hadoop/hadoop-hdfs-client/3.4.1/hadoop-hdfs-client-3.4.1.jar:/home/runner/work/ozone/ozone/hadoop-ozone/interface-client/target/ozone-interface-client-2.1.0-SNAPSHOT.jar:/home/runner/.m2/repository/commons-codec/commons-codec/1.17.1/commons-codec-1.17.1.jar:/home/runner/work/ozone/ozone/hadoop-ozone/cli-shell/target/ozone-cli-shell-2.1.0-SNAPSHOT.jar:/home/runner/.m2/repository/info/picocli/picocli-shell-jline3/4.7.7/picocli-shell-jline3-4.7.7.jar:/home/runner/.m2/repository/jakarta/xml/bind/jakarta.xml.bind-api/2.3.3/jakarta.xml.bind-api-2.3.3.jar:/home/runner/.m2/repository/org/apache/httpcomponents/httpclient/4.5.14/httpclient-4.5.14.jar:/home/runner/work/ozone/ozone/hadoop-ozone/ozonefs-common/target/ozone-filesystem-common-2.1.0-SNAPSHOT.jar:/home/runner/.m2/repository/org/jline/jline/3.30.0/jline-3.30.0.jar:/home/runner/.m2/repository/org/slf4j/slf4j-reload4j/2.0.17/slf4j-reload4j-2.0.17.jar:/home/runner/work/ozone/ozone/hadoop-ozone/client/target/ozone-client-2.1.0-SNAPSHOT.jar:/home/runner/.m2/repository/com/github/stephenc/jcip/jcip-annotations/1.0-1/jcip-annotations-1.0-1.jar:/home/runner/work/ozone/ozone/hadoop-hdds/erasurecode/target/hdds-erasurecode-2.1.0-SNAPSHOT.jar:/home/runner/work/ozone/ozone/hadoop-ozone/common/target/ozone-common-2.1.0-SNAPSHOT.jar:/home/runner/.m2/repository/io/grpc/grpc-api/1.58.0/grpc-api-1.58.0.jar:/home/runner/.m2/repository/io/grpc/grpc-netty/1.58.0/grpc-netty-1.58.0.jar:/home/runner/.m2/repository/io/grpc/grpc-core/1.58.0/grpc-core-1.58.0.jar:/home/runner/.m2/repository/com/google/android/annotations/4.1.1.4/annotations-4.1.1.4.jar:/home/runner/.m2/repository/org/codehaus/mojo/animal-sniffer-annotations/1.23/animal-sniffer-annotations-1.23.jar:/home/runner/.m2/repository/io/grpc/grpc-context/1.58.0/grpc-context-1.58.0.jar:/home/runner/.m2/repository/io/grpc/grpc-util/1.58.0/grpc-util-1.58.0.jar:/home/runner/.m2/repository/io/perfmark/perfmark-api/0.26.0/perfmark-api-0.26.0.jar:/home/runner/.m2/repository/io/netty/netty-codec-http2/4.1.109.Final/netty-codec-http2-4.1.109.Final.jar:/home/runner/.m2/repository/io/netty/netty-codec-http/4.1.109.Final/netty-codec-http-4.1.109.Final.jar:/home/runner/.m2/repository/io/netty/netty-common/4.1.109.Final/netty-common-4.1.109.Final.jar:/home/runner/.m2/repository/io/netty/netty-handler/4.1.109.Final/netty-handler-4.1.109.Final.jar:/home/runner/.m2/repository/io/netty/netty-resolver/4.1.109.Final/netty-resolver-4.1.109.Final.jar:/home/runner/.m2/repository/io/netty/netty-handler-proxy/4.1.109.Final/netty-handler-proxy-4.1.109.Final.jar:/home/runner/.m2/repository/io/netty/netty-codec-socks/4.1.109.Final/netty-codec-socks-4.1.109.Final.jar:/home/runner/.m2/repository/org/apache/httpcomponents/httpcore/4.4.16/httpcore-4.4.16.jar:/home/runner/.m2/repository/io/netty/netty-tcnative-boringssl-static/2.0.65.Final/netty-tcnative-boringssl-static-2.0.65.Final.jar:/home/runner/.m2/repository/io/netty/netty-tcnative-classes/2.0.65.Final/netty-tcnative-classes-2.0.65.Final.jar:/home/runner/.m2/repository/io/netty/netty-tcnative-boringssl-static/2.0.65.Final/netty-tcnative-boringssl-static-2.0.65.Final-linux-x86_64.jar:/home/runner/.m2/repository/io/netty/netty-tcnative-boringssl-static/2.0.65.Final/netty-tcnative-boringssl-static-2.0.65.Final-linux-aarch_64.jar:/home/runner/.m2/repository/io/netty/netty-tcnative-boringssl-static/2.0.65.Final/netty-tcnative-boringssl-static-2.0.65.Final-osx-x86_64.jar:/home/runner/.m2/repository/io/netty/netty-tcnative-boringssl-static/2.0.65.Final/netty-tcnative-boringssl-static-2.0.65.Final-osx-aarch_64.jar:/home/runner/.m2/repository/io/netty/netty-tcnative-boringssl-static/2.0.65.Final/netty-tcnative-boringssl-static-2.0.65.Final-windows-x86_64.jar:/home/runner/work/ozone/ozone/hadoop-ozone/csi/target/ozone-csi-2.1.0-SNAPSHOT.jar:/home/runner/.m2/repository/ch/qos/reload4j/reload4j/1.2.26/reload4j-1.2.26.jar:/home/runner/.m2/repository/com/google/protobuf/protobuf-java-util/3.19.6/protobuf-java-util-3.19.6.jar:/home/runner/.m2/repository/io/grpc/grpc-protobuf/1.58.0/grpc-protobuf-1.58.0.jar:/home/runner/.m2/repository/com/google/api/grpc/proto-google-common-protos/2.22.0/proto-google-common-protos-2.22.0.jar:/home/runner/.m2/repository/io/grpc/grpc-protobuf-lite/1.58.0/grpc-protobuf-lite-1.58.0.jar:/home/runner/.m2/repository/io/grpc/grpc-stub/1.58.0/grpc-stub-1.58.0.jar:/home/runner/.m2/repository/io/netty/netty-transport/4.1.109.Final/netty-transport-4.1.109.Final.jar:/home/runner/.m2/repository/io/netty/netty-transport-classes-epoll/4.1.109.Final/netty-transport-classes-epoll-4.1.109.Final.jar:/home/runner/.m2/repository/io/netty/netty-transport-native-epoll/4.1.109.Final/netty-transport-native-epoll-4.1.109.Final-linux-x86_64.jar:/home/runner/.m2/repository/io/netty/netty-transport-native-unix-common/4.1.109.Final/netty-transport-native-unix-common-4.1.109.Final.jar:/home/runner/work/ozone/ozone/hadoop-ozone/ozonefs/target/ozone-filesystem-2.1.0-SNAPSHOT.jar:/home/runner/.m2/repository/io/opentracing/opentracing-api/0.33.0/opentracing-api-0.33.0.jar:/home/runner/.m2/repository/io/opentracing/opentracing-util/0.33.0/opentracing-util-0.33.0.jar:/home/runner/.m2/repository/io/opentracing/opentracing-noop/0.33.0/opentracing-noop-0.33.0.jar:/home/runner/work/ozone/ozone/hadoop-ozone/freon/target/ozone-freon-2.1.0-SNAPSHOT.jar:/home/runner/.m2/repository/com/amazonaws/aws-java-sdk-core/1.12.661/aws-java-sdk-core-1.12.661.jar:/home/runner/.m2/repository/com/fasterxml/jackson/dataformat/jackson-dataformat-cbor/2.16.2/jackson-dataformat-cbor-2.16.2.jar:/home/runner/.m2/repository/joda-time/joda-time/2.12.7/joda-time-2.12.7.jar:/home/runner/.m2/repository/com/amazonaws/aws-java-sdk-s3/1.12.661/aws-java-sdk-s3-1.12.661.jar:/home/runner/.m2/repository/com/amazonaws/aws-java-sdk-kms/1.12.661/aws-java-sdk-kms-1.12.661.jar:/home/runner/.m2/repository/com/amazonaws/jmespath-java/1.12.661/jmespath-java-1.12.661.jar:/home/runner/.m2/repository/org/apache/hadoop/hadoop-hdfs/3.4.1/hadoop-hdfs-3.4.1.jar:/home/runner/work/ozone/ozone/hadoop-ozone/interface-storage/target/ozone-interface-storage-2.1.0-SNAPSHOT.jar:/home/runner/.m2/repository/org/kohsuke/metainf-services/metainf-services/1.11/metainf-services-1.11.jar:/home/runner/work/ozone/ozone/hadoop-ozone/ozone-manager/target/ozone-manager-2.1.0-SNAPSHOT.jar:/home/runner/.m2/repository/com/sun/jersey/jersey-client/1.19.4/jersey-client-1.19.4.jar:/home/runner/.m2/repository/org/apache/kerby/kerby-util/1.0.1/kerby-util-1.0.1.jar:/home/runner/.m2/repository/org/apache/logging/log4j/log4j-api/2.24.2/log4j-api-2.24.2.jar:/home/runner/work/ozone/ozone/hadoop-hdds/managed-rocksdb/target/hdds-managed-rocksdb-2.1.0-SNAPSHOT.jar:/home/runner/work/ozone/ozone/hadoop-hdds/rocks-native/target/hdds-rocks-native-2.1.0-SNAPSHOT.jar:/home/runner/.m2/repository/org/eclipse/jetty/jetty-io/9.4.57.v20241219/jetty-io-9.4.57.v20241219.jar:/home/runner/work/ozone/ozone/hadoop-hdds/rocksdb-checkpoint-differ/target/rocksdb-checkpoint-differ-2.1.0-SNAPSHOT.jar:/home/runner/.m2/repository/com/github/vlsi/mxgraph/jgraphx/3.9.12/jgraphx-3.9.12.jar:/home/runner/.m2/repository/org/jgrapht/jgrapht-core/1.4.0/jgrapht-core-1.4.0.jar:/home/runner/.m2/repository/org/jheaps/jheaps/0.11/jheaps-0.11.jar:/home/runner/.m2/repository/org/jgrapht/jgrapht-ext/1.4.0/jgrapht-ext-1.4.0.jar:/home/runner/.m2/repository/org/apache/ranger/ranger-intg/2.6.0/ranger-intg-2.6.0.jar:/home/runner/.m2/repository/org/apache/ranger/ranger-plugins-common/2.6.0/ranger-plugins-common-2.6.0.jar:/home/runner/.m2/repository/com/fasterxml/jackson/jaxrs/jackson-jaxrs-base/2.16.2/jackson-jaxrs-base-2.16.2.jar:/home/runner/.m2/repository/com/fasterxml/jackson/jaxrs/jackson-jaxrs-json-provider/2.16.2/jackson-jaxrs-json-provider-2.16.2.jar:/home/runner/.m2/repository/com/kstruct/gethostname4j/1.0.0/gethostname4j-1.0.0.jar:/home/runner/.m2/repository/commons-lang/commons-lang/2.6/commons-lang-2.6.jar:/home/runner/.m2/repository/net/java/dev/jna/jna/5.2.0/jna-5.2.0.jar:/home/runner/.m2/repository/net/java/dev/jna/jna-platform/5.2.0/jna-platform-5.2.0.jar:/home/runner/.m2/repository/org/apache/ranger/ranger-plugin-classloader/2.6.0/ranger-plugin-classloader-2.6.0.jar:/home/runner/.m2/repository/org/apache/ranger/ranger-plugins-audit/2.6.0/ranger-plugins-audit-2.6.0.jar:/home/runner/.m2/repository/com/amazonaws/aws-java-sdk-logs/1.12.765/aws-java-sdk-logs-1.12.765.jar:/home/runner/.m2/repository/com/carrotsearch/hppc/0.8.0/hppc-0.8.0.jar:/home/runner/.m2/repository/io/airlift/aircompressor/0.27/aircompressor-0.27.jar:/home/runner/.m2/repository/org/apache/httpcomponents/httpasyncclient/4.1.4/httpasyncclient-4.1.4.jar:/home/runner/.m2/repository/org/apache/httpcomponents/httpcore-nio/4.4.16/httpcore-nio-4.4.16.jar:/home/runner/.m2/repository/org/apache/httpcomponents/httpmime/4.5.13/httpmime-4.5.13.jar:/home/runner/.m2/repository/org/apache/orc/orc-core/1.5.8/orc-core-1.5.8.jar:/home/runner/.m2/repository/org/apache/orc/orc-shims/1.5.8/orc-shims-1.5.8.jar:/home/runner/.m2/repository/org/eclipse/jetty/jetty-client/9.4.57.v20241219/jetty-client-9.4.57.v20241219.jar:/home/runner/.m2/repository/org/apache/ranger/ranger-plugins-cred/2.6.0/ranger-plugins-cred-2.6.0.jar:/home/runner/.m2/repository/org/aspectj/aspectjrt/1.9.7/aspectjrt-1.9.7.jar:/home/runner/.m2/repository/org/aspectj/aspectjweaver/1.9.7/aspectjweaver-1.9.7.jar:/home/runner/.m2/repository/org/eclipse/jetty/jetty-util/9.4.57.v20241219/jetty-util-9.4.57.v20241219.jar:/home/runner/.m2/repository/org/reflections/reflections/0.10.2/reflections-0.10.2.jar:/home/runner/.m2/repository/org/rocksdb/rocksdbjni/7.7.3/rocksdbjni-7.7.3.jar:/home/runner/work/ozone/ozone/hadoop-ozone/recon/target/ozone-recon-2.1.0-SNAPSHOT.jar:/home/runner/.m2/repository/aopalliance/aopalliance/1.0/aopalliance-1.0.jar:/home/runner/.m2/repository/com/google/inject/guice/6.0.0/guice-6.0.0.jar:/home/runner/.m2/repository/jakarta/inject/jakarta.inject-api/2.0.1/jakarta.inject-api-2.0.1.jar:/home/runner/.m2/repository/com/google/inject/extensions/guice-assistedinject/6.0.0/guice-assistedinject-6.0.0.jar:/home/runner/.m2/repository/com/google/inject/extensions/guice-servlet/6.0.0/guice-servlet-6.0.0.jar:/home/runner/.m2/repository/com/jolbox/bonecp/0.8.0.RELEASE/bonecp-0.8.0.RELEASE.jar:/home/runner/.m2/repository/jakarta/activation/jakarta.activation-api/1.2.2/jakarta.activation-api-1.2.2.jar:/home/runner/.m2/repository/jakarta/validation/jakarta.validation-api/2.0.2/jakarta.validation-api-2.0.2.jar:/home/runner/.m2/repository/jakarta/ws/rs/jakarta.ws.rs-api/2.1.6/jakarta.ws.rs-api-2.1.6.jar:/home/runner/.m2/repository/javax/inject/javax.inject/1/javax.inject-1.jar:/home/runner/.m2/repository/org/apache/derby/derby/10.14.2.0/derby-10.14.2.0.jar:/home/runner/work/ozone/ozone/hadoop-ozone/recon-codegen/target/ozone-reconcodegen-2.1.0-SNAPSHOT.jar:/home/runner/.m2/repository/org/eclipse/jetty/jetty-servlet/9.4.57.v20241219/jetty-servlet-9.4.57.v20241219.jar:/home/runner/.m2/repository/org/eclipse/jetty/jetty-security/9.4.57.v20241219/jetty-security-9.4.57.v20241219.jar:/home/runner/.m2/repository/org/glassfish/hk2/guice-bridge/2.6.1/guice-bridge-2.6.1.jar:/home/runner/.m2/repository/org/glassfish/hk2/hk2-api/2.6.1/hk2-api-2.6.1.jar:/home/runner/.m2/repository/org/glassfish/hk2/hk2-utils/2.6.1/hk2-utils-2.6.1.jar:/home/runner/.m2/repository/org/glassfish/hk2/external/aopalliance-repackaged/2.6.1/aopalliance-repackaged-2.6.1.jar:/home/runner/.m2/repository/org/glassfish/hk2/external/jakarta.inject/2.6.1/jakarta.inject-2.6.1.jar:/home/runner/.m2/repository/org/glassfish/jersey/containers/jersey-container-servlet/2.46/jersey-container-servlet-2.46.jar:/home/runner/.m2/repository/org/glassfish/jersey/containers/jersey-container-servlet-core/2.46/jersey-container-servlet-core-2.46.jar:/home/runner/.m2/repository/org/glassfish/jersey/core/jersey-common/2.46/jersey-common-2.46.jar:/home/runner/.m2/repository/org/glassfish/hk2/osgi-resource-locator/1.0.3/osgi-resource-locator-1.0.3.jar:/home/runner/.m2/repository/org/glassfish/jersey/core/jersey-server/2.46/jersey-server-2.46.jar:/home/runner/.m2/repository/org/glassfish/jersey/core/jersey-client/2.46/jersey-client-2.46.jar:/home/runner/.m2/repository/org/glassfish/jersey/inject/jersey-hk2/2.46/jersey-hk2-2.46.jar:/home/runner/.m2/repository/org/glassfish/hk2/hk2-locator/2.6.1/hk2-locator-2.6.1.jar:/home/runner/.m2/repository/org/glassfish/jersey/media/jersey-media-jaxb/2.46/jersey-media-jaxb-2.46.jar:/home/runner/.m2/repository/org/glassfish/jersey/media/jersey-media-json-jackson/2.46/jersey-media-json-jackson-2.46.jar:/home/runner/.m2/repository/org/glassfish/jersey/ext/jersey-entity-filtering/2.46/jersey-entity-filtering-2.46.jar:/home/runner/.m2/repository/com/fasterxml/jackson/module/jackson-module-jaxb-annotations/2.16.2/jackson-module-jaxb-annotations-2.16.2.jar:/home/runner/.m2/repository/org/javassist/javassist/3.30.2-GA/javassist-3.30.2-GA.jar:/home/runner/.m2/repository/org/jooq/jooq/3.11.10/jooq-3.11.10.jar:/home/runner/.m2/repository/org/jooq/jooq-codegen/3.11.10/jooq-codegen-3.11.10.jar:/home/runner/.m2/repository/org/jooq/jooq-meta/3.11.10/jooq-meta-3.11.10.jar:/home/runner/.m2/repository/org/springframework/spring-core/5.3.39/spring-core-5.3.39.jar:/home/runner/.m2/repository/org/springframework/spring-jdbc/5.3.39/spring-jdbc-5.3.39.jar:/home/runner/.m2/repository/org/springframework/spring-beans/5.3.39/spring-beans-5.3.39.jar:/home/runner/.m2/repository/org/springframework/spring-tx/5.3.39/spring-tx-5.3.39.jar:/home/runner/.m2/repository/org/xerial/sqlite-jdbc/3.49.1.0/sqlite-jdbc-3.49.1.0.jar:/home/runner/work/ozone/ozone/hadoop-ozone/s3gateway/target/ozone-s3gateway-2.1.0-SNAPSHOT.jar:/home/runner/work/ozone/ozone/hadoop-ozone/tools/target/ozone-tools-2.1.0-SNAPSHOT.jar:/home/runner/.m2/repository/org/apache/ratis/ratis-shell/3.1.2/ratis-shell-3.1.2.jar:/home/runner/.m2/repository/org/apache/ratis/ratis-tools/3.1.2/ratis-tools-3.1.2.jar:/home/runner/.m2/repository/org/glassfish/jaxb/jaxb-runtime/2.3.9/jaxb-runtime-2.3.9.jar:/home/runner/.m2/repository/org/glassfish/jaxb/txw2/2.3.9/txw2-2.3.9.jar:/home/runner/.m2/repository/com/sun/istack/istack-commons-runtime/3.0.12/istack-commons-runtime-3.0.12.jar:/home/runner/.m2/repository/com/sun/activation/jakarta.activation/1.2.2/jakarta.activation-1.2.2.jar:/home/runner/.m2/repository/org/apache/ratis/ratis-server/3.1.2/ratis-server-3.1.2.jar:/home/runner/.m2/repository/org/apache/ratis/ratis-metrics-api/3.1.2/ratis-metrics-api-3.1.2.jar:/home/runner/.m2/repository/org/hamcrest/hamcrest/2.2/hamcrest-2.2.jar:/home/runner/.m2/repository/org/slf4j/jul-to-slf4j/2.0.17/jul-to-slf4j-2.0.17.jar:/home/runner/.m2/repository/org/apache/commons/commons-lang3/3.17.0/commons-lang3-3.17.0.jar:/home/runner/.m2/repository/org/apache/hadoop/hadoop-common/3.4.1/hadoop-common-3.4.1-tests.jar:/home/runner/.m2/repository/org/apache/hadoop/thirdparty/hadoop-shaded-protobuf_3_25/1.4.0/hadoop-shaded-protobuf_3_25-1.4.0.jar:/home/runner/.m2/repository/org/apache/hadoop/hadoop-annotations/3.4.1/hadoop-annotations-3.4.1.jar:/home/runner/.m2/repository/org/apache/hadoop/thirdparty/hadoop-shaded-guava/1.3.0/hadoop-shaded-guava-1.3.0.jar:/home/runner/.m2/repository/commons-cli/commons-cli/1.8.0/commons-cli-1.8.0.jar:/home/runner/.m2/repository/org/apache/commons/commons-math3/3.6.1/commons-math3-3.6.1.jar:/home/runner/.m2/repository/commons-net/commons-net/3.11.1/commons-net-3.11.1.jar:/home/runner/.m2/repository/org/eclipse/jetty/jetty-server/9.4.57.v20241219/jetty-server-9.4.57.v20241219.jar:/home/runner/.m2/repository/javax/servlet/jsp/jsp-api/2.1/jsp-api-2.1.jar:/home/runner/.m2/repository/com/sun/jersey/jersey-core/1.19.4/jersey-core-1.19.4.jar:/home/runner/.m2/repository/javax/ws/rs/jsr311-api/1.1.1/jsr311-api-1.1.1.jar:/home/runner/.m2/repository/com/sun/jersey/jersey-servlet/1.19.4/jersey-servlet-1.19.4.jar:/home/runner/.m2/repository/com/github/pjfanning/jersey-json/1.22.0/jersey-json-1.22.0.jar:/home/runner/.m2/repository/com/sun/xml/bind/jaxb-impl/2.2.3-1/jaxb-impl-2.2.3-1.jar:/home/runner/.m2/repository/org/codehaus/jettison/jettison/1.5.4/jettison-1.5.4.jar:/home/runner/.m2/repository/com/sun/jersey/jersey-server/1.19.4/jersey-server-1.19.4.jar:/home/runner/.m2/repository/commons-beanutils/commons-beanutils/1.9.4/commons-beanutils-1.9.4.jar:/home/runner/.m2/repository/org/apache/commons/commons-configuration2/2.11.0/commons-configuration2-2.11.0.jar:/home/runner/.m2/repository/org/apache/avro/avro/1.9.2/avro-1.9.2.jar:/home/runner/.m2/repository/com/google/re2j/re2j/1.7/re2j-1.7.jar:/home/runner/.m2/repository/com/google/code/gson/gson/2.10.1/gson-2.10.1.jar:/home/runner/.m2/repository/com/jcraft/jsch/0.1.55/jsch-0.1.55.jar:/home/runner/.m2/repository/org/apache/curator/curator-client/4.2.0/curator-client-4.2.0.jar:/home/runner/.m2/repository/org/apache/curator/curator-recipes/5.2.0/curator-recipes-5.2.0.jar:/home/runner/.m2/repository/org/apache/curator/curator-framework/4.2.0/curator-framework-4.2.0.jar:/home/runner/.m2/repository/com/google/code/findbugs/jsr305/3.0.2/jsr305-3.0.2.jar:/home/runner/.m2/repository/org/apache/zookeeper/zookeeper/3.8.4/zookeeper-3.8.4.jar:/home/runner/.m2/repository/org/apache/zookeeper/zookeeper-jute/3.8.4/zookeeper-jute-3.8.4.jar:/home/runner/.m2/repository/org/apache/yetus/audience-annotations/0.12.0/audience-annotations-0.12.0.jar:/home/runner/.m2/repository/io/netty/netty-transport-native-epoll/4.1.109.Final/netty-transport-native-epoll-4.1.109.Final.jar:/home/runner/.m2/repository/org/apache/kerby/kerb-core/1.0.1/kerb-core-1.0.1.jar:/home/runner/.m2/repository/org/apache/kerby/kerby-pkix/1.0.1/kerby-pkix-1.0.1.jar:/home/runner/.m2/repository/org/apache/kerby/kerby-asn1/1.0.1/kerby-asn1-1.0.1.jar:/home/runner/.m2/repository/org/codehaus/woodstox/stax2-api/4.2.1/stax2-api-4.2.1.jar:/home/runner/.m2/repository/com/fasterxml/woodstox/woodstox-core/5.4.0/woodstox-core-5.4.0.jar:/home/runner/.m2/repository/dnsjava/dnsjava/3.6.1/dnsjava-3.6.1.jar:/home/runner/.m2/repository/org/xerial/snappy/snappy-java/1.1.10.7/snappy-java-1.1.10.7.jar:/home/runner/.m2/repository/org/apache/hadoop/hadoop-distcp/3.4.1/hadoop-distcp-3.4.1.jar:/home/runner/.m2/repository/org/apache/hadoop/hadoop-distcp/3.4.1/hadoop-distcp-3.4.1-tests.jar:/home/runner/.m2/repository/org/apache/hadoop/hadoop-hdfs/3.4.1/hadoop-hdfs-3.4.1-tests.jar:/home/runner/.m2/repository/org/eclipse/jetty/jetty-util-ajax/9.4.57.v20241219/jetty-util-ajax-9.4.57.v20241219.jar:/home/runner/.m2/repository/commons-daemon/commons-daemon/1.4.0/commons-daemon-1.4.0.jar:/home/runner/.m2/repository/io/netty/netty-all/4.1.109.Final/netty-all-4.1.109.Final.jar:/home/runner/.m2/repository/io/netty/netty-codec-dns/4.1.109.Final/netty-codec-dns-4.1.109.Final.jar:/home/runner/.m2/repository/io/netty/netty-codec-haproxy/4.1.109.Final/netty-codec-haproxy-4.1.109.Final.jar:/home/runner/.m2/repository/io/netty/netty-codec-memcache/4.1.109.Final/netty-codec-memcache-4.1.109.Final.jar:/home/runner/.m2/repository/io/netty/netty-codec-mqtt/4.1.109.Final/netty-codec-mqtt-4.1.109.Final.jar:/home/runner/.m2/repository/io/netty/netty-codec-redis/4.1.109.Final/netty-codec-redis-4.1.109.Final.jar:/home/runner/.m2/repository/io/netty/netty-codec-smtp/4.1.109.Final/netty-codec-smtp-4.1.109.Final.jar:/home/runner/.m2/repository/io/netty/netty-codec-stomp/4.1.109.Final/netty-codec-stomp-4.1.109.Final.jar:/home/runner/.m2/repository/io/netty/netty-codec-xml/4.1.109.Final/netty-codec-xml-4.1.109.Final.jar:/home/runner/.m2/repository/io/netty/netty-handler-ssl-ocsp/4.1.109.Final/netty-handler-ssl-ocsp-4.1.109.Final.jar:/home/runner/.m2/repository/io/netty/netty-resolver-dns/4.1.109.Final/netty-resolver-dns-4.1.109.Final.jar:/home/runner/.m2/repository/io/netty/netty-transport-rxtx/4.1.109.Final/netty-transport-rxtx-4.1.109.Final.jar:/home/runner/.m2/repository/io/netty/netty-transport-sctp/4.1.109.Final/netty-transport-sctp-4.1.109.Final.jar:/home/runner/.m2/repository/io/netty/netty-transport-udt/4.1.109.Final/netty-transport-udt-4.1.109.Final.jar:/home/runner/.m2/repository/io/netty/netty-transport-classes-kqueue/4.1.109.Final/netty-transport-classes-kqueue-4.1.109.Final.jar:/home/runner/.m2/repository/io/netty/netty-resolver-dns-classes-macos/4.1.109.Final/netty-resolver-dns-classes-macos-4.1.109.Final.jar:/home/runner/.m2/repository/io/netty/netty-transport-native-epoll/4.1.109.Final/netty-transport-native-epoll-4.1.109.Final-linux-aarch_64.jar:/home/runner/.m2/repository/io/netty/netty-transport-native-epoll/4.1.109.Final/netty-transport-native-epoll-4.1.109.Final-linux-riscv64.jar:/home/runner/.m2/repository/io/netty/netty-transport-native-kqueue/4.1.109.Final/netty-transport-native-kqueue-4.1.109.Final-osx-x86_64.jar:/home/runner/.m2/repository/io/netty/netty-transport-native-kqueue/4.1.109.Final/netty-transport-native-kqueue-4.1.109.Final-osx-aarch_64.jar:/home/runner/.m2/repository/io/netty/netty-resolver-dns-native-macos/4.1.109.Final/netty-resolver-dns-native-macos-4.1.109.Final-osx-x86_64.jar:/home/runner/.m2/repository/io/netty/netty-resolver-dns-native-macos/4.1.109.Final/netty-resolver-dns-native-macos-4.1.109.Final-osx-aarch_64.jar:/home/runner/.m2/repository/org/fusesource/leveldbjni/leveldbjni-all/1.8/leveldbjni-all-1.8.jar:/home/runner/.m2/repository/org/apache/hadoop/hadoop-kms/3.4.1/hadoop-kms-3.4.1.jar:/home/runner/.m2/repository/org/apache/hadoop/hadoop-kms/3.4.1/hadoop-kms-3.4.1-tests.jar:/home/runner/.m2/repository/org/apache/hadoop/hadoop-mapreduce-client-core/3.4.1/hadoop-mapreduce-client-core-3.4.1.jar:/home/runner/.m2/repository/org/apache/hadoop/hadoop-yarn-client/3.4.1/hadoop-yarn-client-3.4.1.jar:/home/runner/.m2/repository/org/eclipse/jetty/websocket/websocket-client/9.4.53.v20231009/websocket-client-9.4.53.v20231009.jar:/home/runner/.m2/repository/org/eclipse/jetty/websocket/websocket-common/9.4.53.v20231009/websocket-common-9.4.53.v20231009.jar:/home/runner/.m2/repository/org/eclipse/jetty/websocket/websocket-api/9.4.53.v20231009/websocket-api-9.4.53.v20231009.jar:/home/runner/.m2/repository/org/apache/hadoop/hadoop-yarn-api/3.4.1/hadoop-yarn-api-3.4.1.jar:/home/runner/.m2/repository/org/apache/hadoop/hadoop-yarn-common/3.4.1/hadoop-yarn-common-3.4.1.jar:/home/runner/.m2/repository/javax/xml/bind/jaxb-api/2.2.11/jaxb-api-2.2.11.jar:/home/runner/.m2/repository/com/sun/jersey/contribs/jersey-guice/1.19.4/jersey-guice-1.19.4.jar:/home/runner/.m2/repository/org/apache/hadoop/hadoop-mapreduce-client-jobclient/3.4.1/hadoop-mapreduce-client-jobclient-3.4.1.jar:/home/runner/.m2/repository/org/apache/hadoop/hadoop-mapreduce-client-common/3.4.1/hadoop-mapreduce-client-common-3.4.1.jar:/home/runner/.m2/repository/org/apache/hadoop/hadoop-minikdc/3.4.1/hadoop-minikdc-3.4.1.jar:/home/runner/.m2/repository/org/apache/kerby/kerb-simplekdc/2.0.3/kerb-simplekdc-2.0.3.jar:/home/runner/.m2/repository/org/apache/kerby/kerb-client/2.0.3/kerb-client-2.0.3.jar:/home/runner/.m2/repository/org/apache/kerby/kerb-common/2.0.3/kerb-common-2.0.3.jar:/home/runner/.m2/repository/org/apache/kerby/token-provider/2.0.3/token-provider-2.0.3.jar:/home/runner/.m2/repository/org/apache/kerby/kerb-admin/2.0.3/kerb-admin-2.0.3.jar:/home/runner/.m2/repository/org/apache/kerby/kerb-server/2.0.3/kerb-server-2.0.3.jar:/home/runner/.m2/repository/org/apache/kerby/kerb-identity/2.0.3/kerb-identity-2.0.3.jar:/home/runner/.m2/repository/org/apache/kerby/kerby-xdr/2.0.3/kerby-xdr-2.0.3.jar:/home/runner/.m2/repository/junit/junit/4.13.2/junit-4.13.2.jar:/home/runner/.m2/repository/org/hamcrest/hamcrest-core/1.3/hamcrest-core-1.3.jar:/home/runner/work/ozone/ozone/hadoop-hdds/common/target/hdds-common-2.1.0-SNAPSHOT-tests.jar:/home/runner/.m2/repository/commons-validator/commons-validator/1.6/commons-validator-1.6.jar:/home/runner/.m2/repository/commons-digester/commons-digester/1.8.1/commons-digester-1.8.1.jar:/home/runner/.m2/repository/io/jaegertracing/jaeger-client/1.8.1/jaeger-client-1.8.1.jar:/home/runner/.m2/repository/io/jaegertracing/jaeger-thrift/1.8.1/jaeger-thrift-1.8.1.jar:/home/runner/.m2/repository/org/apache/thrift/libthrift/0.15.0/libthrift-0.15.0.jar:/home/runner/.m2/repository/com/squareup/okhttp3/okhttp/4.12.0/okhttp-4.12.0.jar:/home/runner/.m2/repository/com/squareup/okio/okio/3.6.0/okio-3.6.0.jar:/home/runner/.m2/repository/com/squareup/okio/okio-jvm/3.6.0/okio-jvm-3.6.0.jar:/home/runner/.m2/repository/org/jetbrains/kotlin/kotlin-stdlib-common/1.9.25/kotlin-stdlib-common-1.9.25.jar:/home/runner/.m2/repository/org/jetbrains/kotlin/kotlin-stdlib-jdk8/1.9.25/kotlin-stdlib-jdk8-1.9.25.jar:/home/runner/.m2/repository/org/jetbrains/kotlin/kotlin-stdlib-jdk7/1.9.25/kotlin-stdlib-jdk7-1.9.25.jar:/home/runner/.m2/repository/io/jaegertracing/jaeger-tracerresolver/1.8.1/jaeger-tracerresolver-1.8.1.jar:/home/runner/.m2/repository/io/opentracing/contrib/opentracing-tracerresolver/0.1.8/opentracing-tracerresolver-0.1.8.jar:/home/runner/.m2/repository/io/jaegertracing/jaeger-core/1.8.1/jaeger-core-1.8.1.jar:/home/runner/.m2/repository/javax/annotation/javax.annotation-api/1.3.2/javax.annotation-api-1.3.2.jar:/home/runner/work/ozone/ozone/hadoop-hdds/annotations/target/hdds-annotation-processing-2.1.0-SNAPSHOT.jar:/home/runner/.m2/repository/org/apache/ratis/ratis-metrics-dropwizard3/3.1.2/ratis-metrics-dropwizard3-3.1.2.jar:/home/runner/.m2/repository/org/bouncycastle/bcutil-jdk18on/1.80/bcutil-jdk18on-1.80.jar:/home/runner/.m2/repository/org/jetbrains/kotlin/kotlin-stdlib/1.9.25/kotlin-stdlib-1.9.25.jar:/home/runner/.m2/repository/org/jetbrains/annotations/13.0/annotations-13.0.jar:/home/runner/.m2/repository/org/slf4j/jcl-over-slf4j/2.0.17/jcl-over-slf4j-2.0.17.jar:/home/runner/.m2/repository/org/yaml/snakeyaml/2.0/snakeyaml-2.0.jar:/home/runner/work/ozone/ozone/hadoop-hdds/container-service/target/hdds-container-service-2.1.0-SNAPSHOT-tests.jar:/home/runner/.m2/repository/com/github/luben/zstd-jni/1.5.7-3/zstd-jni-1.5.7-3.jar:/home/runner/.m2/repository/io/netty/netty-buffer/4.1.109.Final/netty-buffer-4.1.109.Final.jar:/home/runner/.m2/repository/io/netty/netty-codec/4.1.109.Final/netty-codec-4.1.109.Final.jar:/home/runner/.m2/repository/log4j/apache-log4j-extras/1.2.17/apache-log4j-extras-1.2.17.jar:/home/runner/work/ozone/ozone/hadoop-hdds/framework/target/hdds-server-framework-2.1.0-SNAPSHOT-tests.jar:/home/runner/.m2/repository/com/github/jnr/jnr-constants/0.10.4/jnr-constants-0.10.4.jar:/home/runner/.m2/repository/com/github/jnr/jnr-posix/3.1.20/jnr-posix-3.1.20.jar:/home/runner/.m2/repository/com/github/jnr/jnr-ffi/2.2.17/jnr-ffi-2.2.17.jar:/home/runner/.m2/repository/com/github/jnr/jffi/1.3.13/jffi-1.3.13.jar:/home/runner/.m2/repository/com/github/jnr/jffi/1.3.13/jffi-1.3.13-native.jar:/home/runner/.m2/repository/org/ow2/asm/asm/9.7.1/asm-9.7.1.jar:/home/runner/.m2/repository/org/ow2/asm/asm-commons/9.7.1/asm-commons-9.7.1.jar:/home/runner/.m2/repository/org/ow2/asm/asm-analysis/9.7.1/asm-analysis-9.7.1.jar:/home/runner/.m2/repository/org/ow2/asm/asm-tree/9.7.1/asm-tree-9.7.1.jar:/home/runner/.m2/repository/org/ow2/asm/asm-util/9.7.1/asm-util-9.7.1.jar:/home/runner/.m2/repository/com/github/jnr/jnr-a64asm/1.0.0/jnr-a64asm-1.0.0.jar:/home/runner/.m2/repository/com/github/jnr/jnr-x86asm/1.0.2/jnr-x86asm-1.0.2.jar:/home/runner/.m2/repository/commons-fileupload/commons-fileupload/1.5/commons-fileupload-1.5.jar:/home/runner/.m2/repository/io/prometheus/simpleclient/0.16.0/simpleclient-0.16.0.jar:/home/runner/.m2/repository/io/prometheus/simpleclient_common/0.16.0/simpleclient_common-0.16.0.jar:/home/runner/.m2/repository/io/prometheus/simpleclient_dropwizard/0.16.0/simpleclient_dropwizard-0.16.0.jar:/home/runner/.m2/repository/org/apache/logging/log4j/log4j-core/2.24.2/log4j-core-2.24.2.jar:/home/runner/.m2/repository/org/eclipse/jetty/jetty-http/9.4.57.v20241219/jetty-http-9.4.57.v20241219.jar:/home/runner/.m2/repository/com/lmax/disruptor/3.4.4/disruptor-3.4.4.jar:/home/runner/.m2/repository/com/nimbusds/nimbus-jose-jwt/9.40/nimbus-jose-jwt-9.40.jar:/home/runner/.m2/repository/org/apache/kerby/kerb-util/1.0.1/kerb-util-1.0.1.jar:/home/runner/.m2/repository/org/apache/kerby/kerby-config/1.0.1/kerby-config-1.0.1.jar:/home/runner/.m2/repository/org/apache/kerby/kerb-crypto/1.0.1/kerb-crypto-1.0.1.jar:/home/runner/work/ozone/ozone/hadoop-hdds/server-scm/target/hdds-server-scm-2.1.0-SNAPSHOT-tests.jar:/home/runner/work/ozone/ozone/hadoop-hdds/test-utils/target/hdds-test-utils-2.1.0-SNAPSHOT-tests.jar:/home/runner/work/ozone/ozone/hadoop-ozone/ozone-manager/target/ozone-manager-2.1.0-SNAPSHOT-tests.jar:/home/runner/work/ozone/ozone/hadoop-ozone/mini-cluster/target/ozone-mini-cluster-2.1.0-SNAPSHOT.jar:/home/runner/.m2/repository/org/assertj/assertj-core/3.27.3/assertj-core-3.27.3.jar:/home/runner/.m2/repository/net/bytebuddy/byte-buddy/1.15.11/byte-buddy-1.15.11.jar:/home/runner/.m2/repository/org/junit/jupiter/junit-jupiter-api/5.12.2/junit-jupiter-api-5.12.2.jar:/home/runner/.m2/repository/org/opentest4j/opentest4j/1.3.0/opentest4j-1.3.0.jar:/home/runner/.m2/repository/org/junit/platform/junit-platform-commons/1.12.2/junit-platform-commons-1.12.2.jar:/home/runner/.m2/repository/org/apiguardian/apiguardian-api/1.1.2/apiguardian-api-1.1.2.jar:/home/runner/.m2/repository/org/junit/jupiter/junit-jupiter-params/5.12.2/junit-jupiter-params-5.12.2.jar:/home/runner/.m2/repository/org/mockito/mockito-core/4.11.0/mockito-core-4.11.0.jar:/home/runner/.m2/repository/net/bytebuddy/byte-buddy-agent/1.12.19/byte-buddy-agent-1.12.19.jar:/home/runner/.m2/repository/org/objenesis/objenesis/3.3/objenesis-3.3.jar:/home/runner/.m2/repository/org/mockito/mockito-inline/4.11.0/mockito-inline-4.11.0.jar:/home/runner/.m2/repository/org/mockito/mockito-junit-jupiter/4.11.0/mockito-junit-jupiter-4.11.0.jar:/home/runner/work/ozone/ozone/hadoop-ozone/integration-test/target/gradle-enterprise/test-listeners.jar:"/>
    <property name="sun.cpu.endian" value="little"/>
    <property name="user.home" value="/home/runner"/>
    <property name="user.language" value="en"/>
    <property name="java.specification.vendor" value="Oracle Corporation"/>
    <property name="skipRecon" value="true"/>
    <property name="java.version.date" value="2025-04-15"/>
    <property name="java.home" value="/usr/lib/jvm/temurin-21-jdk-amd64"/>
    <property name="java.security.krb5.conf" value="/tmp/junit-4231078600287843779/workdir/1747121950636/krb5.conf"/>
    <property name="file.separator" value="/"/>
    <property name="basedir" value="/home/runner/work/ozone/ozone/hadoop-ozone/integration-test"/>
    <property name="java.vm.compressedOopsMode" value="Zero based"/>
    <property name="line.separator" value="&#10;"/>
    <property name="java.vm.specification.vendor" value="Oracle Corporation"/>
    <property name="java.specification.name" value="Java Platform API Specification"/>
    <property name="surefire.fork.timeout" value="3600"/>
    <property name="surefire.real.class.path" value="/home/runner/work/ozone/ozone/hadoop-ozone/integration-test/target/surefire/surefirebooter-20250513073644746_72.jar"/>
    <property name="hadoop.log.dir" value="/home/runner/work/ozone/ozone/hadoop-ozone/integration-test/target/log"/>
    <property name="sun.management.compiler" value="HotSpot 64-Bit Tiered Compilers"/>
    <property name="skipShade" value="true"/>
    <property name="java.runtime.version" value="21.0.7+6-LTS"/>
    <property name="user.name" value="runner"/>
    <property name="java.net.preferIPv4Stack" value="true"/>
    <property name="stdout.encoding" value="UTF-8"/>
    <property name="path.separator" value=":"/>
    <property name="java.security.egd" value="file:///dev/urandom"/>
    <property name="os.version" value="6.11.0-1012-azure"/>
    <property name="java.runtime.name" value="OpenJDK Runtime Environment"/>
    <property name="com.gradle.maven.scan.extension.test.listener.junitplatform.NestedExecutionSafeDelegatingTestExecutionListener" value="59e1b2e4"/>
    <property name="file.encoding" value="UTF-8"/>
    <property name="java.vm.name" value="OpenJDK 64-Bit Server VM"/>
    <property name="rocks_tools_native" value="true"/>
    <property name="java.vendor.version" value="Temurin-21.0.7+6"/>
    <property name="test.build.webapps" value=""/>
    <property name="develocity.listener.surefire.forkId" value="1"/>
    <property name="localRepository" value="/home/runner/.m2/repository"/>
    <property name="java.vendor.url.bug" value="https://github.com/adoptium/adoptium-support/issues"/>
    <property name="jetty.git.hash" value="df524e6b29271c2e09ba9aea83c18dc9db464a31"/>
    <property name="java.io.tmpdir" value="/tmp"/>
    <property name="require.test.libhadoop" value=""/>
    <property name="java.version" value="21.0.7"/>
    <property name="surefire.rerunFailingTestsCount" value="5"/>
    <property name="user.dir" value="/home/runner/work/ozone/ozone/hadoop-ozone/integration-test"/>
    <property name="os.arch" value="amd64"/>
    <property name="java.vm.specification.name" value="Java Virtual Machine Specification"/>
    <property name="test.build.classes" value="/home/runner/work/ozone/ozone/hadoop-ozone/integration-test/target/test-classes"/>
    <property name="org.apache.ratis.thirdparty.io.netty.allocator.useCacheForAllThreads" value="false"/>
    <property name="native.encoding" value="UTF-8"/>
    <property name="hadoop.tmp.dir" value="/home/runner/work/ozone/ozone/hadoop-ozone/integration-test/target/tmp"/>
    <property name="java.library.path" value="/usr/java/packages/lib:/usr/lib64:/lib64:/lib:/usr/lib"/>
    <property name="java.vm.info" value="mixed mode, sharing"/>
    <property name="stderr.encoding" value="UTF-8"/>
    <property name="java.vendor" value="Eclipse Adoptium"/>
    <property name="java.vm.version" value="21.0.7+6-LTS"/>
    <property name="sun.io.unicode.encoding" value="UnicodeLittle"/>
    <property name="develocity.listener.port" value="35615"/>
    <property name="java.class.version" value="65.0"/>
  </properties>
  <testcase name="testGetSetRevokeS3Secret" classname="org.apache.hadoop.ozone.TestSecureOzoneCluster" time="14.164">
    <error message="Problem binding to [pkrvmberfyhpb9w.internal.cloudapp.net:15006] java.net.BindException: Cannot assign requested address; For more details see:  http://wiki.apache.org/hadoop/BindException" type="java.net.BindException"><![CDATA[java.net.BindException: Problem binding to [pkrvmberfyhpb9w.internal.cloudapp.net:15006] java.net.BindException: Cannot assign requested address; For more details see:  http://wiki.apache.org/hadoop/BindException
	at java.base/jdk.internal.reflect.DirectConstructorHandleAccessor.newInstance(DirectConstructorHandleAccessor.java:62)
	at java.base/java.lang.reflect.Constructor.newInstanceWithCaller(Constructor.java:502)
	at java.base/java.lang.reflect.Constructor.newInstance(Constructor.java:486)
	at org.apache.hadoop.net.NetUtils.wrapWithMessage(NetUtils.java:961)
	at org.apache.hadoop.net.NetUtils.wrapException(NetUtils.java:857)
	at org.apache.hadoop.ipc.Server.bind(Server.java:715)
	at org.apache.hadoop.ipc.Server$Listener.<init>(Server.java:1435)
	at org.apache.hadoop.ipc.Server.<init>(Server.java:3364)
	at org.apache.hadoop.ipc.RPC$Server.<init>(RPC.java:1195)
	at org.apache.hadoop.ipc.ProtobufRpcEngine2$Server.<init>(ProtobufRpcEngine2.java:485)
	at org.apache.hadoop.ipc.ProtobufRpcEngine$Server.<init>(ProtobufRpcEngine.java:452)
	at org.apache.hadoop.ipc.ProtobufRpcEngine.getServer(ProtobufRpcEngine.java:375)
	at org.apache.hadoop.ipc.RPC$Builder.build(RPC.java:986)
	at org.apache.hadoop.ozone.om.OzoneManager.startRpcServer(OzoneManager.java:1414)
	at org.apache.hadoop.ozone.om.OzoneManager.getRpcServer(OzoneManager.java:1376)
	at org.apache.hadoop.ozone.om.OzoneManager.<init>(OzoneManager.java:695)
	at org.apache.hadoop.ozone.om.OzoneManager.createOm(OzoneManager.java:877)
	at org.apache.hadoop.ozone.TestSecureOzoneCluster.setupOm(TestSecureOzoneCluster.java:716)
	at org.apache.hadoop.ozone.TestSecureOzoneCluster.testGetSetRevokeS3Secret(TestSecureOzoneCluster.java:728)
	at java.base/java.lang.reflect.Method.invoke(Method.java:580)
	at java.base/java.util.ArrayList.forEach(ArrayList.java:1596)
	at java.base/java.util.ArrayList.forEach(ArrayList.java:1596)
Caused by: java.net.BindException: Cannot assign requested address
	at java.base/sun.nio.ch.Net.bind0(Native Method)
	at java.base/sun.nio.ch.Net.bind(Net.java:565)
	at java.base/sun.nio.ch.ServerSocketChannelImpl.netBind(ServerSocketChannelImpl.java:344)
	at java.base/sun.nio.ch.ServerSocketChannelImpl.bind(ServerSocketChannelImpl.java:301)
	at java.base/sun.nio.ch.ServerSocketAdaptor.bind(ServerSocketAdaptor.java:89)
	at org.apache.hadoop.ipc.Server.bind(Server.java:698)
	... 16 more
]]></error>
    <system-out><![CDATA[2025-05-13 07:38:20,411 [main] INFO  minikdc.MiniKdc (MiniKdc.java:<init>(225)) - Configuration:
2025-05-13 07:38:20,412 [main] INFO  minikdc.MiniKdc (MiniKdc.java:<init>(226)) - ---------------------------------------------------------------
2025-05-13 07:38:20,413 [main] INFO  minikdc.MiniKdc (MiniKdc.java:<init>(228)) -   max.renewable.lifetime: 604800000
2025-05-13 07:38:20,413 [main] INFO  minikdc.MiniKdc (MiniKdc.java:<init>(228)) -   instance: DefaultKrbServer
2025-05-13 07:38:20,413 [main] INFO  minikdc.MiniKdc (MiniKdc.java:<init>(228)) -   debug: false
2025-05-13 07:38:20,414 [main] INFO  minikdc.MiniKdc (MiniKdc.java:<init>(228)) -   kdc.bind.address: localhost
2025-05-13 07:38:20,414 [main] INFO  minikdc.MiniKdc (MiniKdc.java:<init>(228)) -   max.ticket.lifetime: 86400000
2025-05-13 07:38:20,414 [main] INFO  minikdc.MiniKdc (MiniKdc.java:<init>(228)) -   transport: TCP
2025-05-13 07:38:20,414 [main] INFO  minikdc.MiniKdc (MiniKdc.java:<init>(228)) -   org.name: EXAMPLE
2025-05-13 07:38:20,415 [main] INFO  minikdc.MiniKdc (MiniKdc.java:<init>(228)) -   org.domain: COM
2025-05-13 07:38:20,415 [main] INFO  minikdc.MiniKdc (MiniKdc.java:<init>(228)) -   kdc.port: 0
2025-05-13 07:38:20,415 [main] INFO  minikdc.MiniKdc (MiniKdc.java:<init>(230)) - ---------------------------------------------------------------
2025-05-13 07:38:20,466 [main] INFO  minikdc.MiniKdc (MiniKdc.java:start(285)) - MiniKdc started.
2025-05-13 07:38:21,109 [main] INFO  keys.KeyStorage (KeyStorage.java:storePublicKey(210)) - Storing public key to /tmp/junit-2951846701982869450/om-meta/om/keys/public.pem.
2025-05-13 07:38:21,114 [main] INFO  keys.KeyStorage (KeyStorage.java:storePrivateKey(194)) - Storing private key to /tmp/junit-2951846701982869450/om-meta/om/keys/private.pem.
2025-05-13 07:38:21,435 [main] INFO  audit.AuditLogger (AuditLogger.java:refreshDebugCmdSet(133)) - Refresh DebugCmdSet for OMAudit to [].
2025-05-13 07:38:21,460 [main] INFO  audit.AuditLogger (AuditLogger.java:refreshDebugCmdSet(133)) - Refresh DebugCmdSet for OMSystemAudit to [].
2025-05-13 07:38:21,632 [main] INFO  om.OzoneManager (OzoneManager.java:getOmDetailsProto(4941)) - OzoneManager ports added:[name: "RPC"
value: 15006
]
2025-05-13 07:38:21,639 [main] WARN  server.ServerUtils (ServerUtils.java:getScmDbDir(138)) - ozone.scm.db.dirs is not configured. We recommend adding this setting. Falling back to ozone.metadata.dirs instead.
2025-05-13 07:38:21,808 [main] INFO  reflections.Reflections (Reflections.java:scan(219)) - Reflections took 155 ms to scan 7 urls, producing 165 keys and 367 values
2025-05-13 07:38:21,906 [main] INFO  ha.HASecurityUtils (HASecurityUtils.java:initializeSecurity(79)) - Initializing secure StorageContainerManager.
2025-05-13 07:38:21,917 [main] INFO  proxy.SCMSecurityProtocolFailoverProxyProvider (SCMFailoverProxyProviderBase.java:<init>(120)) - Created fail-over proxy for protocol SCMSecurityProtocolPB with 1 nodes: [nodeId=scmNodeId,nodeAddress=localhost/127.0.0.1:15003]
2025-05-13 07:38:21,942 [main] INFO  client.SCMCertificateClient (DefaultCertificateClient.java:updateCertSerialId(1289)) - Certificate serial ID set to null
2025-05-13 07:38:21,944 [main] ERROR client.SCMCertificateClient (DefaultCertificateClient.java:getCertPath(373)) - Default certificate serial id is not set. Can't locate the default certificate for this client.
2025-05-13 07:38:21,944 [main] INFO  client.SCMCertificateClient (DefaultCertificateClient.java:init(717)) - Certificate client init case: 0
2025-05-13 07:38:21,945 [main] INFO  client.SCMCertificateClient (DefaultCertificateClient.java:handleCase(735)) - Creating keypair for client as keypair and certificate not found.
2025-05-13 07:38:22,039 [main] INFO  keys.KeyStorage (KeyStorage.java:storePublicKey(210)) - Storing public key to /tmp/junit-2951846701982869450/scm-meta/scm/sub-ca/keys/public.pem.
2025-05-13 07:38:22,041 [main] INFO  keys.KeyStorage (KeyStorage.java:storePrivateKey(194)) - Storing private key to /tmp/junit-2951846701982869450/scm-meta/scm/sub-ca/keys/private.pem.
2025-05-13 07:38:22,042 [main] INFO  client.SCMCertificateClient (SCMCertificateClient.java:recoverStateIfNeeded(278)) - Init response: GETCERT
2025-05-13 07:38:22,063 [main] INFO  keys.KeyStorage (KeyStorage.java:readPublicKey(174)) - Reading public key from /tmp/junit-2951846701982869450/scm-meta/scm/ca/keys/public.pem.
2025-05-13 07:38:22,064 [main] ERROR keys.KeyStorage (KeyStorage.java:readPublicKey(178)) - Failed to read the public key.
java.nio.file.NoSuchFileException: /tmp/junit-2951846701982869450/scm-meta/scm/ca/keys/public.pem
	at java.base/sun.nio.fs.UnixException.translateToIOException(UnixException.java:92)
	at java.base/sun.nio.fs.UnixException.rethrowAsIOException(UnixException.java:106)
	at java.base/sun.nio.fs.UnixException.rethrowAsIOException(UnixException.java:111)
	at java.base/sun.nio.fs.UnixFileSystemProvider.newByteChannel(UnixFileSystemProvider.java:261)
	at java.base/java.nio.file.Files.newByteChannel(Files.java:380)
	at java.base/java.nio.file.Files.newByteChannel(Files.java:432)
	at java.base/java.nio.file.Files.readAllBytes(Files.java:3281)
	at org.apache.hadoop.hdds.security.x509.keys.KeyStorage.readPublicKey(KeyStorage.java:176)
	at org.apache.hadoop.hdds.security.x509.keys.KeyStorage.readKeyPair(KeyStorage.java:184)
	at org.apache.hadoop.hdds.security.x509.certificate.authority.DefaultCAServer.checkIfKeysExist(DefaultCAServer.java:354)
	at org.apache.hadoop.hdds.security.x509.certificate.authority.DefaultCAServer.verifySelfSignedCA(DefaultCAServer.java:323)
	at org.apache.hadoop.hdds.security.x509.certificate.authority.DefaultCAServer.init(DefaultCAServer.java:162)
	at org.apache.hadoop.hdds.security.x509.certificate.client.SCMCertificateClient.initializeRootCertificateServer(SCMCertificateClient.java:396)
	at org.apache.hadoop.hdds.security.x509.certificate.client.SCMCertificateClient.getPrimarySCMSelfSignedCert(SCMCertificateClient.java:346)
	at org.apache.hadoop.hdds.security.x509.certificate.client.SCMCertificateClient.recoverStateIfNeeded(SCMCertificateClient.java:287)
	at org.apache.hadoop.hdds.security.x509.certificate.client.DefaultCertificateClient.initWithRecovery(DefaultCertificateClient.java:698)
	at org.apache.hadoop.hdds.scm.ha.HASecurityUtils.initializeSecurity(HASecurityUtils.java:96)
	at org.apache.hadoop.ozone.TestSecureOzoneCluster.initSCM(TestSecureOzoneCluster.java:450)
	at org.apache.hadoop.ozone.TestSecureOzoneCluster.testGetSetRevokeS3Secret(TestSecureOzoneCluster.java:722)
	at java.base/jdk.internal.reflect.DirectMethodHandleAccessor.invoke(DirectMethodHandleAccessor.java:103)
	at java.base/java.lang.reflect.Method.invoke(Method.java:580)
	at org.junit.platform.commons.util.ReflectionUtils.invokeMethod(ReflectionUtils.java:775)
	at org.junit.platform.commons.support.ReflectionSupport.invokeMethod(ReflectionSupport.java:479)
	at org.junit.jupiter.engine.execution.MethodInvocation.proceed(MethodInvocation.java:60)
	at org.junit.jupiter.engine.execution.InvocationInterceptorChain$ValidatingInvocation.proceed(InvocationInterceptorChain.java:131)
	at org.junit.jupiter.engine.extension.SameThreadTimeoutInvocation.proceed(SameThreadTimeoutInvocation.java:49)
	at org.junit.jupiter.engine.extension.TimeoutExtension.intercept(TimeoutExtension.java:161)
	at org.junit.jupiter.engine.extension.TimeoutExtension.interceptTestableMethod(TimeoutExtension.java:152)
	at org.junit.jupiter.engine.extension.TimeoutExtension.interceptTestMethod(TimeoutExtension.java:91)
	at org.junit.jupiter.engine.execution.InterceptingExecutableInvoker$ReflectiveInterceptorCall.lambda$ofVoidMethod$0(InterceptingExecutableInvoker.java:112)
	at org.junit.jupiter.engine.execution.InterceptingExecutableInvoker.lambda$invoke$0(InterceptingExecutableInvoker.java:94)
	at org.junit.jupiter.engine.execution.InvocationInterceptorChain$InterceptedInvocation.proceed(InvocationInterceptorChain.java:106)
	at org.junit.jupiter.engine.execution.InvocationInterceptorChain.proceed(InvocationInterceptorChain.java:64)
	at org.junit.jupiter.engine.execution.InvocationInterceptorChain.chainAndInvoke(InvocationInterceptorChain.java:45)
	at org.junit.jupiter.engine.execution.InvocationInterceptorChain.invoke(InvocationInterceptorChain.java:37)
	at org.junit.jupiter.engine.execution.InterceptingExecutableInvoker.invoke(InterceptingExecutableInvoker.java:93)
	at org.junit.jupiter.engine.execution.InterceptingExecutableInvoker.invoke(InterceptingExecutableInvoker.java:87)
	at org.junit.jupiter.engine.descriptor.TestMethodTestDescriptor.lambda$invokeTestMethod$7(TestMethodTestDescriptor.java:216)
	at org.junit.platform.engine.support.hierarchical.ThrowableCollector.execute(ThrowableCollector.java:73)
	at org.junit.jupiter.engine.descriptor.TestMethodTestDescriptor.invokeTestMethod(TestMethodTestDescriptor.java:212)
	at org.junit.jupiter.engine.descriptor.TestMethodTestDescriptor.execute(TestMethodTestDescriptor.java:137)
	at org.junit.jupiter.engine.descriptor.TestMethodTestDescriptor.execute(TestMethodTestDescriptor.java:69)
	at org.junit.platform.engine.support.hierarchical.NodeTestTask.lambda$executeRecursively$6(NodeTestTask.java:156)
	at org.junit.platform.engine.support.hierarchical.ThrowableCollector.execute(ThrowableCollector.java:73)
	at org.junit.platform.engine.support.hierarchical.NodeTestTask.lambda$executeRecursively$8(NodeTestTask.java:146)
	at org.junit.platform.engine.support.hierarchical.Node.around(Node.java:137)
	at org.junit.platform.engine.support.hierarchical.NodeTestTask.lambda$executeRecursively$9(NodeTestTask.java:144)
	at org.junit.platform.engine.support.hierarchical.ThrowableCollector.execute(ThrowableCollector.java:73)
	at org.junit.platform.engine.support.hierarchical.NodeTestTask.executeRecursively(NodeTestTask.java:143)
	at org.junit.platform.engine.support.hierarchical.NodeTestTask.execute(NodeTestTask.java:100)
	at java.base/java.util.ArrayList.forEach(ArrayList.java:1596)
	at org.junit.platform.engine.support.hierarchical.SameThreadHierarchicalTestExecutorService.invokeAll(SameThreadHierarchicalTestExecutorService.java:41)
	at org.junit.platform.engine.support.hierarchical.NodeTestTask.lambda$executeRecursively$6(NodeTestTask.java:160)
	at org.junit.platform.engine.support.hierarchical.ThrowableCollector.execute(ThrowableCollector.java:73)
	at org.junit.platform.engine.support.hierarchical.NodeTestTask.lambda$executeRecursively$8(NodeTestTask.java:146)
	at org.junit.platform.engine.support.hierarchical.Node.around(Node.java:137)
	at org.junit.platform.engine.support.hierarchical.NodeTestTask.lambda$executeRecursively$9(NodeTestTask.java:144)
	at org.junit.platform.engine.support.hierarchical.ThrowableCollector.execute(ThrowableCollector.java:73)
	at org.junit.platform.engine.support.hierarchical.NodeTestTask.executeRecursively(NodeTestTask.java:143)
	at org.junit.platform.engine.support.hierarchical.NodeTestTask.execute(NodeTestTask.java:100)
	at java.base/java.util.ArrayList.forEach(ArrayList.java:1596)
	at org.junit.platform.engine.support.hierarchical.SameThreadHierarchicalTestExecutorService.invokeAll(SameThreadHierarchicalTestExecutorService.java:41)
	at org.junit.platform.engine.support.hierarchical.NodeTestTask.lambda$executeRecursively$6(NodeTestTask.java:160)
	at org.junit.platform.engine.support.hierarchical.ThrowableCollector.execute(ThrowableCollector.java:73)
	at org.junit.platform.engine.support.hierarchical.NodeTestTask.lambda$executeRecursively$8(NodeTestTask.java:146)
	at org.junit.platform.engine.support.hierarchical.Node.around(Node.java:137)
	at org.junit.platform.engine.support.hierarchical.NodeTestTask.lambda$executeRecursively$9(NodeTestTask.java:144)
	at org.junit.platform.engine.support.hierarchical.ThrowableCollector.execute(ThrowableCollector.java:73)
	at org.junit.platform.engine.support.hierarchical.NodeTestTask.executeRecursively(NodeTestTask.java:143)
	at org.junit.platform.engine.support.hierarchical.NodeTestTask.execute(NodeTestTask.java:100)
	at org.junit.platform.engine.support.hierarchical.SameThreadHierarchicalTestExecutorService.submit(SameThreadHierarchicalTestExecutorService.java:35)
	at org.junit.platform.engine.support.hierarchical.HierarchicalTestExecutor.execute(HierarchicalTestExecutor.java:57)
	at org.junit.platform.engine.support.hierarchical.HierarchicalTestEngine.execute(HierarchicalTestEngine.java:54)
	at org.junit.platform.launcher.core.EngineExecutionOrchestrator.execute(EngineExecutionOrchestrator.java:201)
	at org.junit.platform.launcher.core.EngineExecutionOrchestrator.execute(EngineExecutionOrchestrator.java:170)
	at org.junit.platform.launcher.core.EngineExecutionOrchestrator.execute(EngineExecutionOrchestrator.java:94)
	at org.junit.platform.launcher.core.EngineExecutionOrchestrator.lambda$execute$0(EngineExecutionOrchestrator.java:59)
	at org.junit.platform.launcher.core.EngineExecutionOrchestrator.withInterceptedStreams(EngineExecutionOrchestrator.java:142)
	at org.junit.platform.launcher.core.EngineExecutionOrchestrator.execute(EngineExecutionOrchestrator.java:58)
	at org.junit.platform.launcher.core.DefaultLauncher.execute(DefaultLauncher.java:103)
	at org.junit.platform.launcher.core.DefaultLauncher.execute(DefaultLauncher.java:85)
	at org.junit.platform.launcher.core.DelegatingLauncher.execute(DelegatingLauncher.java:47)
	at org.junit.platform.launcher.core.InterceptingLauncher.lambda$execute$1(InterceptingLauncher.java:39)
	at org.junit.platform.launcher.core.ClasspathAlignmentCheckingLauncherInterceptor.intercept(ClasspathAlignmentCheckingLauncherInterceptor.java:25)
	at org.junit.platform.launcher.core.InterceptingLauncher.execute(InterceptingLauncher.java:38)
	at org.junit.platform.launcher.core.DelegatingLauncher.execute(DelegatingLauncher.java:47)
	at org.apache.maven.surefire.junitplatform.LazyLauncher.execute(LazyLauncher.java:56)
	at org.apache.maven.surefire.junitplatform.JUnitPlatformProvider.execute(JUnitPlatformProvider.java:184)
	at org.apache.maven.surefire.junitplatform.JUnitPlatformProvider.invokeAllTests(JUnitPlatformProvider.java:148)
	at org.apache.maven.surefire.junitplatform.JUnitPlatformProvider.invoke(JUnitPlatformProvider.java:120)
	at org.apache.maven.surefire.booter.ForkedBooter.runSuitesInProcess(ForkedBooter.java:385)
	at org.apache.maven.surefire.booter.ForkedBooter.execute(ForkedBooter.java:162)
	at org.apache.maven.surefire.booter.ForkedBooter.run(ForkedBooter.java:507)
	at org.apache.maven.surefire.booter.ForkedBooter.main(ForkedBooter.java:495)
2025-05-13 07:38:22,287 [main] INFO  keys.KeyStorage (KeyStorage.java:storePublicKey(210)) - Storing public key to /tmp/junit-2951846701982869450/scm-meta/scm/ca/keys/public.pem.
2025-05-13 07:38:22,288 [main] INFO  keys.KeyStorage (KeyStorage.java:storePrivateKey(194)) - Storing private key to /tmp/junit-2951846701982869450/scm-meta/scm/ca/keys/private.pem.
2025-05-13 07:38:22,300 [main] INFO  ozone.OzoneSecurityUtil (OzoneSecurityUtil.java:getValidInetsForCurrentHost(116)) - ip:fe80:0:0:0:20d:3aff:fe61:cc63%eth0 not returned.
2025-05-13 07:38:22,311 [main] INFO  ozone.OzoneSecurityUtil (OzoneSecurityUtil.java:getValidInetsForCurrentHost(113)) - Adding ip:10.1.1.10,host:10.1.1.10
2025-05-13 07:38:22,311 [main] INFO  ozone.OzoneSecurityUtil (OzoneSecurityUtil.java:getValidInetsForCurrentHost(116)) - ip:0:0:0:0:0:0:0:1%lo not returned.
2025-05-13 07:38:22,311 [main] INFO  ozone.OzoneSecurityUtil (OzoneSecurityUtil.java:getValidInetsForCurrentHost(116)) - ip:127.0.0.1 not returned.
2025-05-13 07:38:22,318 [main] ERROR utils.SelfSignedCertificate (SelfSignedCertificate.java:lambda$addInetAddresses$0(244)) - Invalid domain 10.1.1.10
2025-05-13 07:38:22,375 [main] INFO  utils.SelfSignedCertificate (SelfSignedCertificate.java:generateCertificate(156)) - Certificate 1 is issued by SERIALNUMBER=1, O=2b4ba3f5-ab2c-4df8-8ee8-68630e7b2dfa, OU=49ac9364-6870-4d6d-b10d-4a5e6439ebfa, CN=scm@pkrvmberfyhpb9w to SERIALNUMBER=1, O=2b4ba3f5-ab2c-4df8-8ee8-68630e7b2dfa, OU=49ac9364-6870-4d6d-b10d-4a5e6439ebfa, CN=scm@pkrvmberfyhpb9w, valid from Tue May 13 07:38:22 UTC 2025 to Fri Jun 21 07:38:22 UTC 2030
2025-05-13 07:38:22,381 [main] INFO  utils.CertificateCodec (CertificateCodec.java:writeCertificate(239)) - Save certificate to /tmp/junit-2951846701982869450/scm-meta/scm/ca/certs/certificate.crt
2025-05-13 07:38:22,381 [main] INFO  utils.CertificateCodec (CertificateCodec.java:writeCertificate(240)) - Certificate -----BEGIN CERTIFICATE-----
MIIDwTCCAqmgAwIBAgIBATANBgkqhkiG9w0BAQsFADCBiDEcMBoGA1UEAwwTc2Nt
QHBrcnZtYmVyZnlocGI5dzEtMCsGA1UECwwkNDlhYzkzNjQtNjg3MC00ZDZkLWIx
MGQtNGE1ZTY0MzllYmZhMS0wKwYDVQQKDCQyYjRiYTNmNS1hYjJjLTRkZjgtOGVl
OC02ODYzMGU3YjJkZmExCjAIBgNVBAUTATEwHhcNMjUwNTEzMDczODIyWhcNMzAw
NjIxMDczODIyWjCBiDEcMBoGA1UEAwwTc2NtQHBrcnZtYmVyZnlocGI5dzEtMCsG
A1UECwwkNDlhYzkzNjQtNjg3MC00ZDZkLWIxMGQtNGE1ZTY0MzllYmZhMS0wKwYD
VQQKDCQyYjRiYTNmNS1hYjJjLTRkZjgtOGVlOC02ODYzMGU3YjJkZmExCjAIBgNV
BAUTATEwggEiMA0GCSqGSIb3DQEBAQUAA4IBDwAwggEKAoIBAQDDsi/NV8QvEGP3
8SjbwjIkO0c4L1/bvf0oAIpFYoCtcnl3JQlaNM2GK9+KByb50kYcxXt/dJrusQyV
/cg++xl9amagIYjwdBsTAyLQPylsE6xwc023WCqx8VB21Ag5IALvPwtxWXtkSQO0
oahUI2sc5hGrI5dVLT5XRw2vSgW00k+5QJggSFkhvI73yPBHgMfvLxKFsrkr2HnH
PuD7je7zxTKOcHivdhmh5uLzUCdHi2/2xAQKv4QJOQfi6n7fMGy1XaFYfil7w4Nw
aQhqchoKwcXpfmvTLuA1Wf6i+hqAaT9+oLUirfo4zDoBkDIMc6ZhR6u4tCuQxjFw
uCuz64+dAgMBAAGjNDAyMA8GA1UdEwEB/wQFMAMBAf8wDgYDVR0PAQH/BAQDAgEG
MA8GA1UdEQQIMAaHBAoBAQowDQYJKoZIhvcNAQELBQADggEBABeodq7kdi3KU4+k
AxR+ALjTlpb0FPfgbRK6gUvoZVsM3dXLzQCcmsjuDiUbhyTWslK6gxo7VZ2JkDW6
ofyuTz8NeLYEZIwQ5Q5mzVr1eFLIWAvySVyddPbhuLk4MjFvG1UI+MhhyeSNM5xR
VSFu57DkuLESrFHoJWxN/k0QDj32Mdf/5YfbfRrEqNq+juXyGBgOOjbggjWkgUND
HKAL2UuOroMiaUW+8jsSrPVeA6nlBXRg7HFH4qsNT4cBDfpC+UMAssQRsvldqX1w
6268TD6eUysw/USP4fDD4KPwGIpOESuuLfsIM9w4dc4sh1YJegBqc1W47sQEuoUY
iMJ57A0=
-----END CERTIFICATE-----

2025-05-13 07:38:22,381 [main] INFO  keys.KeyStorage (KeyStorage.java:readPublicKey(174)) - Reading public key from /tmp/junit-2951846701982869450/scm-meta/scm/ca/keys/public.pem.
2025-05-13 07:38:22,384 [main] INFO  keys.KeyStorage (KeyStorage.java:readPrivateKey(158)) - Reading private key from /tmp/junit-2951846701982869450/scm-meta/scm/ca/keys/private.pem.
2025-05-13 07:38:22,396 [main] INFO  client.SCMCertificateClient (SCMCertificateClient.java:configureCSRBuilder(141)) - Creating csr for SCM->hostName:pkrvmberfyhpb9w,scmId:49ac9364-6870-4d6d-b10d-4a5e6439ebfa,clusterId:2b4ba3f5-ab2c-4df8-8ee8-68630e7b2dfa,subject:scm-sub@pkrvmberfyhpb9w
2025-05-13 07:38:22,397 [main] INFO  ozone.OzoneSecurityUtil (OzoneSecurityUtil.java:getValidInetsForCurrentHost(116)) - ip:fe80:0:0:0:20d:3aff:fe61:cc63%eth0 not returned.
2025-05-13 07:38:22,402 [main] INFO  ozone.OzoneSecurityUtil (OzoneSecurityUtil.java:getValidInetsForCurrentHost(113)) - Adding ip:10.1.1.10,host:10.1.1.10
2025-05-13 07:38:22,403 [main] INFO  ozone.OzoneSecurityUtil (OzoneSecurityUtil.java:getValidInetsForCurrentHost(116)) - ip:0:0:0:0:0:0:0:1%lo not returned.
2025-05-13 07:38:22,403 [main] INFO  ozone.OzoneSecurityUtil (OzoneSecurityUtil.java:getValidInetsForCurrentHost(116)) - ip:127.0.0.1 not returned.
2025-05-13 07:38:22,407 [main] ERROR utils.CertificateSignRequest (CertificateSignRequest.java:lambda$addInetAddresses$0(316)) - Invalid domain 10.1.1.10
2025-05-13 07:38:22,419 [main] INFO  keys.KeyStorage (KeyStorage.java:readPrivateKey(158)) - Reading private key from /tmp/junit-2951846701982869450/scm-meta/scm/ca/keys/private.pem.
2025-05-13 07:38:22,432 [main] INFO  authority.DefaultApprover (DefaultApprover.java:sign(171)) - Extensions in CSR: 2.5.29.19, 2.5.29.15, 2.5.29.17
2025-05-13 07:38:22,434 [main] INFO  authority.DefaultApprover (DefaultApprover.java:sign(175)) - Extensions to add to the certificate if they present in CSR: 2.5.29.15, 2.5.29.17, 2.5.29.35, 2.5.29.37, 2.5.29.19, 1.3.6.1.5.5.7.1.12
2025-05-13 07:38:22,445 [main] INFO  utils.CertificateCodec (CertificateCodec.java:writeCertificate(239)) - Save certificate to /tmp/junit-2951846701982869450/scm-meta/scm/sub-ca/certs/CA-1.crt
2025-05-13 07:38:22,446 [main] INFO  utils.CertificateCodec (CertificateCodec.java:writeCertificate(240)) - Certificate -----BEGIN CERTIFICATE-----
MIIDwTCCAqmgAwIBAgIBATANBgkqhkiG9w0BAQsFADCBiDEcMBoGA1UEAwwTc2Nt
QHBrcnZtYmVyZnlocGI5dzEtMCsGA1UECwwkNDlhYzkzNjQtNjg3MC00ZDZkLWIx
MGQtNGE1ZTY0MzllYmZhMS0wKwYDVQQKDCQyYjRiYTNmNS1hYjJjLTRkZjgtOGVl
OC02ODYzMGU3YjJkZmExCjAIBgNVBAUTATEwHhcNMjUwNTEzMDczODIyWhcNMzAw
NjIxMDczODIyWjCBiDEcMBoGA1UEAwwTc2NtQHBrcnZtYmVyZnlocGI5dzEtMCsG
A1UECwwkNDlhYzkzNjQtNjg3MC00ZDZkLWIxMGQtNGE1ZTY0MzllYmZhMS0wKwYD
VQQKDCQyYjRiYTNmNS1hYjJjLTRkZjgtOGVlOC02ODYzMGU3YjJkZmExCjAIBgNV
BAUTATEwggEiMA0GCSqGSIb3DQEBAQUAA4IBDwAwggEKAoIBAQDDsi/NV8QvEGP3
8SjbwjIkO0c4L1/bvf0oAIpFYoCtcnl3JQlaNM2GK9+KByb50kYcxXt/dJrusQyV
/cg++xl9amagIYjwdBsTAyLQPylsE6xwc023WCqx8VB21Ag5IALvPwtxWXtkSQO0
oahUI2sc5hGrI5dVLT5XRw2vSgW00k+5QJggSFkhvI73yPBHgMfvLxKFsrkr2HnH
PuD7je7zxTKOcHivdhmh5uLzUCdHi2/2xAQKv4QJOQfi6n7fMGy1XaFYfil7w4Nw
aQhqchoKwcXpfmvTLuA1Wf6i+hqAaT9+oLUirfo4zDoBkDIMc6ZhR6u4tCuQxjFw
uCuz64+dAgMBAAGjNDAyMA8GA1UdEwEB/wQFMAMBAf8wDgYDVR0PAQH/BAQDAgEG
MA8GA1UdEQQIMAaHBAoBAQowDQYJKoZIhvcNAQELBQADggEBABeodq7kdi3KU4+k
AxR+ALjTlpb0FPfgbRK6gUvoZVsM3dXLzQCcmsjuDiUbhyTWslK6gxo7VZ2JkDW6
ofyuTz8NeLYEZIwQ5Q5mzVr1eFLIWAvySVyddPbhuLk4MjFvG1UI+MhhyeSNM5xR
VSFu57DkuLESrFHoJWxN/k0QDj32Mdf/5YfbfRrEqNq+juXyGBgOOjbggjWkgUND
HKAL2UuOroMiaUW+8jsSrPVeA6nlBXRg7HFH4qsNT4cBDfpC+UMAssQRsvldqX1w
6268TD6eUysw/USP4fDD4KPwGIpOESuuLfsIM9w4dc4sh1YJegBqc1W47sQEuoUY
iMJ57A0=
-----END CERTIFICATE-----

2025-05-13 07:38:22,449 [main] INFO  utils.CertificateCodec (CertificateCodec.java:writeCertificate(239)) - Save certificate to /tmp/junit-2951846701982869450/scm-meta/scm/sub-ca/certs/2.crt
2025-05-13 07:38:22,449 [main] INFO  utils.CertificateCodec (CertificateCodec.java:writeCertificate(240)) - Certificate -----BEGIN CERTIFICATE-----
MIIDxTCCAq2gAwIBAgIBAjANBgkqhkiG9w0BAQsFADCBiDEcMBoGA1UEAwwTc2Nt
QHBrcnZtYmVyZnlocGI5dzEtMCsGA1UECwwkNDlhYzkzNjQtNjg3MC00ZDZkLWIx
MGQtNGE1ZTY0MzllYmZhMS0wKwYDVQQKDCQyYjRiYTNmNS1hYjJjLTRkZjgtOGVl
OC02ODYzMGU3YjJkZmExCjAIBgNVBAUTATEwHhcNMjUwNTEzMDczODIyWhcNMzAw
NjIxMDczODIyWjCBjDEgMB4GA1UEAwwXc2NtLXN1YkBwa3J2bWJlcmZ5aHBiOXcx
LTArBgNVBAsMJDQ5YWM5MzY0LTY4NzAtNGQ2ZC1iMTBkLTRhNWU2NDM5ZWJmYTEt
MCsGA1UECgwkMmI0YmEzZjUtYWIyYy00ZGY4LThlZTgtNjg2MzBlN2IyZGZhMQow
CAYDVQQFEwEyMIIBIjANBgkqhkiG9w0BAQEFAAOCAQ8AMIIBCgKCAQEA0wZSJzCX
LSpGGhBOrDnJmQRkwKJrf9UvPlzjVgjc5WsUSCEkISwmmpc+1AIR1+2XKaPBn+hD
eTGOuaO/vE9ZBDnrXPf7cmosO9LYPYiq/QtfEo+y2FIOYVBkQqR+19Wat80fgjAe
7xdAxCPg9YnLQgA/G/OnHOWXmAqxbu9Zv1vPMFQdOlDs5UgxZCFYb+YcWJ617Yzc
z60e4uaAii8Q1IvG8oGc1+kUOFrajeaYhD6QqRIUWFOmownX8KihtIOxSjNa2DnR
WpmUMdG3hvbuxmka96lgLdBExt/8HtzmlyazbXH89X5/hQAmRmlQ463tIijW1QmW
yudHdgJ5iZ6c1QIDAQABozQwMjAOBgNVHQ8BAf8EBAMCAb4wDwYDVR0RBAgwBocE
CgEBCjAPBgNVHRMBAf8EBTADAQH/MA0GCSqGSIb3DQEBCwUAA4IBAQClIIbvZYSU
iLoJo5KCW9j8CxKrWnRTyxsfn6O6E2+amAT998korbOBe/yaieVNkeb293z9Hwdf
XTQPzqfZFbQatN12J4foIBMM4TEIHZtLoOEjR0fW2ajS33eSWDjTH1Dv+6St42KS
n0/lOE/wWZY7ljyHmb+v+L+zB7Z5sDjuAK096tcsi0t03ycfjeVk7Do/qWTneMuK
p9MmwuyAfCXr9A0JuK2ZgKSUKr2NvElZyeo9XY8Bc2ph3QVunngECQkRi5fPDtKI
Qu1zCmPH2Ul9MyrIfi1fugG0lyqpLj1T9EFtfLhC9i/S3c77LzldnXlmUobI1buH
H317cPUWda4t
-----END CERTIFICATE-----

-----BEGIN CERTIFICATE-----
MIIDwTCCAqmgAwIBAgIBATANBgkqhkiG9w0BAQsFADCBiDEcMBoGA1UEAwwTc2Nt
QHBrcnZtYmVyZnlocGI5dzEtMCsGA1UECwwkNDlhYzkzNjQtNjg3MC00ZDZkLWIx
MGQtNGE1ZTY0MzllYmZhMS0wKwYDVQQKDCQyYjRiYTNmNS1hYjJjLTRkZjgtOGVl
OC02ODYzMGU3YjJkZmExCjAIBgNVBAUTATEwHhcNMjUwNTEzMDczODIyWhcNMzAw
NjIxMDczODIyWjCBiDEcMBoGA1UEAwwTc2NtQHBrcnZtYmVyZnlocGI5dzEtMCsG
A1UECwwkNDlhYzkzNjQtNjg3MC00ZDZkLWIxMGQtNGE1ZTY0MzllYmZhMS0wKwYD
VQQKDCQyYjRiYTNmNS1hYjJjLTRkZjgtOGVlOC02ODYzMGU3YjJkZmExCjAIBgNV
BAUTATEwggEiMA0GCSqGSIb3DQEBAQUAA4IBDwAwggEKAoIBAQDDsi/NV8QvEGP3
8SjbwjIkO0c4L1/bvf0oAIpFYoCtcnl3JQlaNM2GK9+KByb50kYcxXt/dJrusQyV
/cg++xl9amagIYjwdBsTAyLQPylsE6xwc023WCqx8VB21Ag5IALvPwtxWXtkSQO0
oahUI2sc5hGrI5dVLT5XRw2vSgW00k+5QJggSFkhvI73yPBHgMfvLxKFsrkr2HnH
PuD7je7zxTKOcHivdhmh5uLzUCdHi2/2xAQKv4QJOQfi6n7fMGy1XaFYfil7w4Nw
aQhqchoKwcXpfmvTLuA1Wf6i+hqAaT9+oLUirfo4zDoBkDIMc6ZhR6u4tCuQxjFw
uCuz64+dAgMBAAGjNDAyMA8GA1UdEwEB/wQFMAMBAf8wDgYDVR0PAQH/BAQDAgEG
MA8GA1UdEQQIMAaHBAoBAQowDQYJKoZIhvcNAQELBQADggEBABeodq7kdi3KU4+k
AxR+ALjTlpb0FPfgbRK6gUvoZVsM3dXLzQCcmsjuDiUbhyTWslK6gxo7VZ2JkDW6
ofyuTz8NeLYEZIwQ5Q5mzVr1eFLIWAvySVyddPbhuLk4MjFvG1UI+MhhyeSNM5xR
VSFu57DkuLESrFHoJWxN/k0QDj32Mdf/5YfbfRrEqNq+juXyGBgOOjbggjWkgUND
HKAL2UuOroMiaUW+8jsSrPVeA6nlBXRg7HFH4qsNT4cBDfpC+UMAssQRsvldqX1w
6268TD6eUysw/USP4fDD4KPwGIpOESuuLfsIM9w4dc4sh1YJegBqc1W47sQEuoUY
iMJ57A0=
-----END CERTIFICATE-----

2025-05-13 07:38:22,451 [main] INFO  utils.CertificateCodec (CertificateCodec.java:writeCertificate(239)) - Save certificate to /tmp/junit-2951846701982869450/scm-meta/scm/sub-ca/certs/certificate.crt
2025-05-13 07:38:22,452 [main] INFO  utils.CertificateCodec (CertificateCodec.java:writeCertificate(240)) - Certificate -----BEGIN CERTIFICATE-----
MIIDxTCCAq2gAwIBAgIBAjANBgkqhkiG9w0BAQsFADCBiDEcMBoGA1UEAwwTc2Nt
QHBrcnZtYmVyZnlocGI5dzEtMCsGA1UECwwkNDlhYzkzNjQtNjg3MC00ZDZkLWIx
MGQtNGE1ZTY0MzllYmZhMS0wKwYDVQQKDCQyYjRiYTNmNS1hYjJjLTRkZjgtOGVl
OC02ODYzMGU3YjJkZmExCjAIBgNVBAUTATEwHhcNMjUwNTEzMDczODIyWhcNMzAw
NjIxMDczODIyWjCBjDEgMB4GA1UEAwwXc2NtLXN1YkBwa3J2bWJlcmZ5aHBiOXcx
LTArBgNVBAsMJDQ5YWM5MzY0LTY4NzAtNGQ2ZC1iMTBkLTRhNWU2NDM5ZWJmYTEt
MCsGA1UECgwkMmI0YmEzZjUtYWIyYy00ZGY4LThlZTgtNjg2MzBlN2IyZGZhMQow
CAYDVQQFEwEyMIIBIjANBgkqhkiG9w0BAQEFAAOCAQ8AMIIBCgKCAQEA0wZSJzCX
LSpGGhBOrDnJmQRkwKJrf9UvPlzjVgjc5WsUSCEkISwmmpc+1AIR1+2XKaPBn+hD
eTGOuaO/vE9ZBDnrXPf7cmosO9LYPYiq/QtfEo+y2FIOYVBkQqR+19Wat80fgjAe
7xdAxCPg9YnLQgA/G/OnHOWXmAqxbu9Zv1vPMFQdOlDs5UgxZCFYb+YcWJ617Yzc
z60e4uaAii8Q1IvG8oGc1+kUOFrajeaYhD6QqRIUWFOmownX8KihtIOxSjNa2DnR
WpmUMdG3hvbuxmka96lgLdBExt/8HtzmlyazbXH89X5/hQAmRmlQ463tIijW1QmW
yudHdgJ5iZ6c1QIDAQABozQwMjAOBgNVHQ8BAf8EBAMCAb4wDwYDVR0RBAgwBocE
CgEBCjAPBgNVHRMBAf8EBTADAQH/MA0GCSqGSIb3DQEBCwUAA4IBAQClIIbvZYSU
iLoJo5KCW9j8CxKrWnRTyxsfn6O6E2+amAT998korbOBe/yaieVNkeb293z9Hwdf
XTQPzqfZFbQatN12J4foIBMM4TEIHZtLoOEjR0fW2ajS33eSWDjTH1Dv+6St42KS
n0/lOE/wWZY7ljyHmb+v+L+zB7Z5sDjuAK096tcsi0t03ycfjeVk7Do/qWTneMuK
p9MmwuyAfCXr9A0JuK2ZgKSUKr2NvElZyeo9XY8Bc2ph3QVunngECQkRi5fPDtKI
Qu1zCmPH2Ul9MyrIfi1fugG0lyqpLj1T9EFtfLhC9i/S3c77LzldnXlmUobI1buH
H317cPUWda4t
-----END CERTIFICATE-----

-----BEGIN CERTIFICATE-----
MIIDwTCCAqmgAwIBAgIBATANBgkqhkiG9w0BAQsFADCBiDEcMBoGA1UEAwwTc2Nt
QHBrcnZtYmVyZnlocGI5dzEtMCsGA1UECwwkNDlhYzkzNjQtNjg3MC00ZDZkLWIx
MGQtNGE1ZTY0MzllYmZhMS0wKwYDVQQKDCQyYjRiYTNmNS1hYjJjLTRkZjgtOGVl
OC02ODYzMGU3YjJkZmExCjAIBgNVBAUTATEwHhcNMjUwNTEzMDczODIyWhcNMzAw
NjIxMDczODIyWjCBiDEcMBoGA1UEAwwTc2NtQHBrcnZtYmVyZnlocGI5dzEtMCsG
A1UECwwkNDlhYzkzNjQtNjg3MC00ZDZkLWIxMGQtNGE1ZTY0MzllYmZhMS0wKwYD
VQQKDCQyYjRiYTNmNS1hYjJjLTRkZjgtOGVlOC02ODYzMGU3YjJkZmExCjAIBgNV
BAUTATEwggEiMA0GCSqGSIb3DQEBAQUAA4IBDwAwggEKAoIBAQDDsi/NV8QvEGP3
8SjbwjIkO0c4L1/bvf0oAIpFYoCtcnl3JQlaNM2GK9+KByb50kYcxXt/dJrusQyV
/cg++xl9amagIYjwdBsTAyLQPylsE6xwc023WCqx8VB21Ag5IALvPwtxWXtkSQO0
oahUI2sc5hGrI5dVLT5XRw2vSgW00k+5QJggSFkhvI73yPBHgMfvLxKFsrkr2HnH
PuD7je7zxTKOcHivdhmh5uLzUCdHi2/2xAQKv4QJOQfi6n7fMGy1XaFYfil7w4Nw
aQhqchoKwcXpfmvTLuA1Wf6i+hqAaT9+oLUirfo4zDoBkDIMc6ZhR6u4tCuQxjFw
uCuz64+dAgMBAAGjNDAyMA8GA1UdEwEB/wQFMAMBAf8wDgYDVR0PAQH/BAQDAgEG
MA8GA1UdEQQIMAaHBAoBAQowDQYJKoZIhvcNAQELBQADggEBABeodq7kdi3KU4+k
AxR+ALjTlpb0FPfgbRK6gUvoZVsM3dXLzQCcmsjuDiUbhyTWslK6gxo7VZ2JkDW6
ofyuTz8NeLYEZIwQ5Q5mzVr1eFLIWAvySVyddPbhuLk4MjFvG1UI+MhhyeSNM5xR
VSFu57DkuLESrFHoJWxN/k0QDj32Mdf/5YfbfRrEqNq+juXyGBgOOjbggjWkgUND
HKAL2UuOroMiaUW+8jsSrPVeA6nlBXRg7HFH4qsNT4cBDfpC+UMAssQRsvldqX1w
6268TD6eUysw/USP4fDD4KPwGIpOESuuLfsIM9w4dc4sh1YJegBqc1W47sQEuoUY
iMJ57A0=
-----END CERTIFICATE-----

2025-05-13 07:38:22,453 [main] INFO  client.SCMCertificateClient (SCMCertificateClient.java:recoverStateIfNeeded(289)) - Successfully stored SCM signed certificate.
2025-05-13 07:38:22,469 [main] INFO  ha.SCMHANodeDetails (SCMHANodeDetails.java:loadSCMHAConfig(162)) - ServiceID for StorageContainerManager is null
2025-05-13 07:38:22,470 [main] INFO  ha.SCMHANodeDetails (SCMHANodeDetails.java:loadSCMHAConfig(166)) - ozone.scm.default.service.id is not defined, falling back to ozone.scm.service.ids to find serviceID for StorageContainerManager if it is HA enabled cluster
2025-05-13 07:38:22,548 [main] INFO  server.RaftServerConfigKeys (ConfUtils.java:logGet(46)) - raft.server.log.appender.buffer.byte-limit = 4194304 (custom)
2025-05-13 07:38:22,570 [main] INFO  server.RaftServer (ConfUtils.java:logGet(46)) - raft.rpc.type = GRPC (default)
2025-05-13 07:38:22,641 [main] INFO  grpc.GrpcConfigKeys (ConfUtils.java:logFallback(53)) - raft.grpc.admin.host = null (fallback to raft.grpc.server.host)
2025-05-13 07:38:22,643 [main] INFO  grpc.GrpcConfigKeys (ConfUtils.java:logFallback(53)) - raft.grpc.admin.port = 15004 (fallback to raft.grpc.server.port)
2025-05-13 07:38:22,644 [main] INFO  grpc.GrpcConfigKeys (ConfUtils.java:logFallback(53)) - raft.grpc.client.host = null (fallback to raft.grpc.server.host)
2025-05-13 07:38:22,645 [main] INFO  grpc.GrpcConfigKeys (ConfUtils.java:logFallback(53)) - raft.grpc.client.port = 15004 (fallback to raft.grpc.server.port)
2025-05-13 07:38:22,645 [main] INFO  grpc.GrpcConfigKeys (ConfUtils.java:logGet(46)) - raft.grpc.server.host = null (default)
2025-05-13 07:38:22,645 [main] INFO  grpc.GrpcConfigKeys (ConfUtils.java:logGet(46)) - raft.grpc.server.port = 15004 (custom)
2025-05-13 07:38:22,646 [main] INFO  server.GrpcService (ConfUtils.java:logGet(46)) - raft.grpc.message.size.max = 5242880 (custom)
2025-05-13 07:38:22,646 [main] INFO  server.GrpcService (ConfUtils.java:logGet(46)) - raft.grpc.flow.control.window = 1MB (=1048576) (default)
2025-05-13 07:38:22,647 [main] INFO  server.RaftServerConfigKeys (ConfUtils.java:logGet(46)) - raft.server.rpc.request.timeout = 30000ms (custom)
2025-05-13 07:38:22,654 [main] INFO  grpc.GrpcConfigKeys (ConfUtils.java:logGet(46)) - raft.grpc.server.heartbeat.channel = true (default)
2025-05-13 07:38:22,654 [main] INFO  server.RaftServerConfigKeys (ConfUtils.java:logGet(46)) - raft.server.log.appender.buffer.byte-limit = 4194304 (custom)
2025-05-13 07:38:22,656 [main] INFO  grpc.GrpcConfigKeys (ConfUtils.java:logGet(46)) - raft.grpc.server.async.request.thread.pool.cached = true (default)
2025-05-13 07:38:22,657 [main] INFO  grpc.GrpcConfigKeys (ConfUtils.java:logGet(46)) - raft.grpc.server.async.request.thread.pool.size = 32 (default)
2025-05-13 07:38:22,781 [main] INFO  impl.DataStreamServerImpl (ConfUtils.java:logGet(46)) - raft.datastream.type = DISABLED (default)
2025-05-13 07:38:22,783 [main] INFO  server.RaftServerConfigKeys (ConfUtils.java:logGet(46)) - raft.server.sleep.deviation.threshold = 300ms (default)
2025-05-13 07:38:22,783 [main] INFO  server.RaftServerConfigKeys (ConfUtils.java:logGet(46)) - raft.server.close.threshold = 60s (default)
2025-05-13 07:38:22,784 [main] INFO  server.RaftServerConfigKeys (ConfUtils.java:logGet(46)) - raft.server.leaderelection.leader.step-down.wait-time = 10s (default)
2025-05-13 07:38:22,786 [main] INFO  server.RaftServerConfigKeys (ConfUtils.java:logGet(46)) - raft.server.storage.dir = [/tmp/junit-2951846701982869450/scm-meta/scm-ha] (custom)
2025-05-13 07:38:22,787 [main] INFO  server.RaftServerConfigKeys (ConfUtils.java:logGet(46)) - raft.server.threadpool.proxy.cached = true (default)
2025-05-13 07:38:22,788 [main] INFO  server.RaftServerConfigKeys (ConfUtils.java:logGet(46)) - raft.server.threadpool.proxy.size = 0 (default)
2025-05-13 07:38:22,792 [main] INFO  server.RaftServer (RaftServerProxy.java:addNew(100)) - 49ac9364-6870-4d6d-b10d-4a5e6439ebfa: addNew group-68630E7B2DFA:[49ac9364-6870-4d6d-b10d-4a5e6439ebfa|pkrvmberfyhpb9w:15004] returns group-68630E7B2DFA:java.util.concurrent.CompletableFuture@4e51eda7[Not completed]
2025-05-13 07:38:22,803 [49ac9364-6870-4d6d-b10d-4a5e6439ebfa-groupManagement] INFO  server.RaftServer$Division (RaftServerImpl.java:<init>(255)) - 49ac9364-6870-4d6d-b10d-4a5e6439ebfa: new RaftServerImpl for group-68630E7B2DFA:[49ac9364-6870-4d6d-b10d-4a5e6439ebfa|pkrvmberfyhpb9w:15004] with SCMStateMachine:uninitialized
2025-05-13 07:38:22,805 [49ac9364-6870-4d6d-b10d-4a5e6439ebfa-groupManagement] INFO  server.RaftServerConfigKeys (ConfUtils.java:logGet(46)) - raft.server.rpc.timeout.min = 5000ms (custom)
2025-05-13 07:38:22,805 [49ac9364-6870-4d6d-b10d-4a5e6439ebfa-groupManagement] INFO  server.RaftServerConfigKeys (ConfUtils.java:logGet(46)) - raft.server.rpc.timeout.max = 5200ms (custom)
2025-05-13 07:38:22,805 [49ac9364-6870-4d6d-b10d-4a5e6439ebfa-groupManagement] INFO  server.RaftServerConfigKeys (ConfUtils.java:logGet(46)) - raft.server.rpc.sleep.time = 25ms (default)
2025-05-13 07:38:22,805 [49ac9364-6870-4d6d-b10d-4a5e6439ebfa-groupManagement] INFO  server.RaftServerConfigKeys (ConfUtils.java:logGet(46)) - raft.server.rpc.slowness.timeout = 120000ms (custom)
2025-05-13 07:38:22,806 [49ac9364-6870-4d6d-b10d-4a5e6439ebfa-groupManagement] INFO  server.RaftServerConfigKeys (ConfUtils.java:logGet(46)) - raft.server.leaderelection.leader.step-down.wait-time = 10s (default)
2025-05-13 07:38:22,806 [49ac9364-6870-4d6d-b10d-4a5e6439ebfa-groupManagement] INFO  server.RaftServerConfigKeys (ConfUtils.java:logGet(46)) - raft.server.leaderelection.member.majority-add = false (default)
2025-05-13 07:38:22,806 [49ac9364-6870-4d6d-b10d-4a5e6439ebfa-groupManagement] INFO  server.RaftServerConfigKeys (ConfUtils.java:logGet(46)) - raft.server.sleep.deviation.threshold = 300ms (default)
2025-05-13 07:38:22,811 [49ac9364-6870-4d6d-b10d-4a5e6439ebfa-groupManagement] INFO  server.RaftServer$Division (ServerState.java:<init>(114)) - 49ac9364-6870-4d6d-b10d-4a5e6439ebfa@group-68630E7B2DFA: ConfigurationManager, init=conf: {index: -1, cur=peers:[49ac9364-6870-4d6d-b10d-4a5e6439ebfa|pkrvmberfyhpb9w:15004]|listeners:[], old=null}, confs=<EMPTY_MAP>
2025-05-13 07:38:22,815 [49ac9364-6870-4d6d-b10d-4a5e6439ebfa-groupManagement] INFO  server.RaftServerConfigKeys (ConfUtils.java:logGet(46)) - raft.server.notification.no-leader.timeout = 60s (default)
2025-05-13 07:38:22,818 [49ac9364-6870-4d6d-b10d-4a5e6439ebfa-groupManagement] INFO  server.RaftServerConfigKeys (ConfUtils.java:logGet(46)) - raft.server.read.timeout = 10s (default)
2025-05-13 07:38:22,820 [49ac9364-6870-4d6d-b10d-4a5e6439ebfa-groupManagement] INFO  server.RaftServerConfigKeys (ConfUtils.java:logGet(46)) - raft.server.retrycache.expirytime = 60000ms (default)
2025-05-13 07:38:22,821 [49ac9364-6870-4d6d-b10d-4a5e6439ebfa-groupManagement] INFO  server.RaftServerConfigKeys (ConfUtils.java:logGet(46)) - raft.server.retrycache.statistics.expirytime = 100ms (default)
2025-05-13 07:38:22,824 [49ac9364-6870-4d6d-b10d-4a5e6439ebfa-groupManagement] INFO  server.RaftServerConfigKeys (ConfUtils.java:logGet(46)) - raft.server.read.option = DEFAULT (default)
2025-05-13 07:38:22,825 [49ac9364-6870-4d6d-b10d-4a5e6439ebfa-groupManagement] INFO  server.RaftServerConfigKeys (ConfUtils.java:logGet(46)) - raft.server.read.read-after-write-consistent.write-index-cache.expiry-time = 60s (default)
2025-05-13 07:38:22,955 [49ac9364-6870-4d6d-b10d-4a5e6439ebfa-groupManagement] INFO  server.RaftServerConfigKeys (ConfUtils.java:logGet(46)) - raft.server.rpc.request.timeout = 30000ms (custom)
2025-05-13 07:38:22,957 [49ac9364-6870-4d6d-b10d-4a5e6439ebfa-groupManagement] INFO  server.RaftServerConfigKeys (ConfUtils.java:logGet(46)) - raft.server.log.appender.install.snapshot.enabled = false (custom)
2025-05-13 07:38:22,958 [49ac9364-6870-4d6d-b10d-4a5e6439ebfa-groupManagement] INFO  server.RaftServerConfigKeys (ConfUtils.java:logGet(46)) - raft.server.threadpool.server.cached = true (default)
2025-05-13 07:38:22,958 [49ac9364-6870-4d6d-b10d-4a5e6439ebfa-groupManagement] INFO  server.RaftServerConfigKeys (ConfUtils.java:logGet(46)) - raft.server.threadpool.server.size = 0 (default)
2025-05-13 07:38:22,958 [49ac9364-6870-4d6d-b10d-4a5e6439ebfa-groupManagement] INFO  server.RaftServerConfigKeys (ConfUtils.java:logGet(46)) - raft.server.threadpool.client.cached = true (default)
2025-05-13 07:38:22,959 [49ac9364-6870-4d6d-b10d-4a5e6439ebfa-groupManagement] INFO  server.RaftServerConfigKeys (ConfUtils.java:logGet(46)) - raft.server.threadpool.client.size = 0 (default)
2025-05-13 07:38:22,960 [49ac9364-6870-4d6d-b10d-4a5e6439ebfa-impl-thread1] INFO  server.RaftServerConfigKeys (ConfUtils.java:logGet(46)) - raft.server.storage.free-space.min = 0MB (=0) (default)
2025-05-13 07:38:22,960 [49ac9364-6870-4d6d-b10d-4a5e6439ebfa-impl-thread1] INFO  server.RaftServerConfigKeys (ConfUtils.java:logGet(46)) - raft.server.log.corruption.policy = EXCEPTION (default)
2025-05-13 07:38:22,961 [49ac9364-6870-4d6d-b10d-4a5e6439ebfa-impl-thread1] INFO  server.RaftServerConfigKeys (ConfUtils.java:logGet(46)) - raft.server.storage.dir = [/tmp/junit-2951846701982869450/scm-meta/scm-ha] (custom)
2025-05-13 07:38:22,966 [49ac9364-6870-4d6d-b10d-4a5e6439ebfa-impl-thread1] INFO  storage.RaftStorageDirectory (RaftStorageDirectoryImpl.java:analyzeStorage(138)) - The storage directory /tmp/junit-2951846701982869450/scm-meta/scm-ha/2b4ba3f5-ab2c-4df8-8ee8-68630e7b2dfa does not exist. Creating ...
2025-05-13 07:38:22,968 [49ac9364-6870-4d6d-b10d-4a5e6439ebfa-impl-thread1] INFO  storage.RaftStorageDirectory (RaftStorageDirectoryImpl.java:tryLock(229)) - Lock on /tmp/junit-2951846701982869450/scm-meta/scm-ha/2b4ba3f5-ab2c-4df8-8ee8-68630e7b2dfa/in_use.lock acquired by nodename 11778@pkrvmberfyhpb9w
2025-05-13 07:38:22,972 [49ac9364-6870-4d6d-b10d-4a5e6439ebfa-impl-thread1] INFO  storage.RaftStorage (RaftStorageImpl.java:format(98)) - Storage directory /tmp/junit-2951846701982869450/scm-meta/scm-ha/2b4ba3f5-ab2c-4df8-8ee8-68630e7b2dfa has been successfully formatted.
2025-05-13 07:38:22,974 [49ac9364-6870-4d6d-b10d-4a5e6439ebfa-impl-thread1] INFO  ha.SCMStateMachine (SCMStateMachine.java:lambda$initialize$0(135)) - 49ac9364-6870-4d6d-b10d-4a5e6439ebfa: initialize group-68630E7B2DFA
2025-05-13 07:38:22,975 [49ac9364-6870-4d6d-b10d-4a5e6439ebfa-impl-thread1] INFO  server.RaftServerConfigKeys (ConfUtils.java:logGet(46)) - raft.server.log.use.memory = false (default)
2025-05-13 07:38:22,981 [49ac9364-6870-4d6d-b10d-4a5e6439ebfa-impl-thread1] INFO  server.RaftServerConfigKeys (ConfUtils.java:logGet(46)) - raft.server.log.purge.gap = 1000000 (custom)
2025-05-13 07:38:22,981 [49ac9364-6870-4d6d-b10d-4a5e6439ebfa-impl-thread1] INFO  server.RaftServerConfigKeys (ConfUtils.java:logGet(46)) - raft.server.log.appender.buffer.byte-limit = 4194304 (custom)
2025-05-13 07:38:22,982 [49ac9364-6870-4d6d-b10d-4a5e6439ebfa-impl-thread1] INFO  server.RaftServerConfigKeys (ConfUtils.java:logGet(46)) - raft.server.log.statemachine.data.read.timeout = 1000ms (default)
2025-05-13 07:38:22,983 [49ac9364-6870-4d6d-b10d-4a5e6439ebfa-impl-thread1] INFO  server.RaftServerConfigKeys (ConfUtils.java:logGet(46)) - raft.server.log.purge.preservation.log.num = 0 (default)
2025-05-13 07:38:22,986 [49ac9364-6870-4d6d-b10d-4a5e6439ebfa-impl-thread1] INFO  server.RaftServerConfigKeys (ConfUtils.java:logGet(46)) - raft.server.log.segment.size.max = 4194304 (custom)
2025-05-13 07:38:22,989 [49ac9364-6870-4d6d-b10d-4a5e6439ebfa-impl-thread1] INFO  server.RaftServerConfigKeys (ConfUtils.java:logGet(46)) - raft.server.log.segment.cache.num.max = 2 (custom)
2025-05-13 07:38:22,989 [49ac9364-6870-4d6d-b10d-4a5e6439ebfa-impl-thread1] INFO  server.RaftServerConfigKeys (ConfUtils.java:logGet(46)) - raft.server.log.segment.cache.size.max = 200MB (=209715200) (default)
2025-05-13 07:38:22,989 [49ac9364-6870-4d6d-b10d-4a5e6439ebfa-impl-thread1] INFO  server.RaftServerConfigKeys (ConfUtils.java:logGet(46)) - raft.server.log.appender.buffer.byte-limit = 4194304 (custom)
2025-05-13 07:38:22,991 [49ac9364-6870-4d6d-b10d-4a5e6439ebfa-impl-thread1] INFO  util.AwaitToRun (AwaitToRun.java:start(81)) - Thread[#40,49ac9364-6870-4d6d-b10d-4a5e6439ebfa@group-68630E7B2DFA-cacheEviction-AwaitToRun,5,main] started
2025-05-13 07:38:22,994 [49ac9364-6870-4d6d-b10d-4a5e6439ebfa-impl-thread1] INFO  segmented.SegmentedRaftLogWorker (SegmentedRaftLogWorker.java:<init>(188)) - new 49ac9364-6870-4d6d-b10d-4a5e6439ebfa@group-68630E7B2DFA-SegmentedRaftLogWorker for RaftStorageImpl:Storage Directory /tmp/junit-2951846701982869450/scm-meta/scm-ha/2b4ba3f5-ab2c-4df8-8ee8-68630e7b2dfa
2025-05-13 07:38:22,995 [49ac9364-6870-4d6d-b10d-4a5e6439ebfa-impl-thread1] INFO  server.RaftServerConfigKeys (ConfUtils.java:logGet(46)) - raft.server.log.queue.byte-limit = 64MB (=67108864) (default)
2025-05-13 07:38:22,995 [49ac9364-6870-4d6d-b10d-4a5e6439ebfa-impl-thread1] INFO  server.RaftServerConfigKeys (ConfUtils.java:logGet(46)) - raft.server.log.queue.element-limit = 4096 (default)
2025-05-13 07:38:22,996 [49ac9364-6870-4d6d-b10d-4a5e6439ebfa-impl-thread1] INFO  server.RaftServerConfigKeys (ConfUtils.java:logGet(46)) - raft.server.log.segment.size.max = 4194304 (custom)
2025-05-13 07:38:22,997 [49ac9364-6870-4d6d-b10d-4a5e6439ebfa-impl-thread1] INFO  server.RaftServerConfigKeys (ConfUtils.java:logGet(46)) - raft.server.log.preallocated.size = 4194304 (custom)
2025-05-13 07:38:22,997 [49ac9364-6870-4d6d-b10d-4a5e6439ebfa-impl-thread1] INFO  server.RaftServerConfigKeys (ConfUtils.java:logGet(46)) - raft.server.log.force.sync.num = 128 (default)
2025-05-13 07:38:22,998 [49ac9364-6870-4d6d-b10d-4a5e6439ebfa-impl-thread1] INFO  server.RaftServerConfigKeys (ConfUtils.java:logGet(46)) - raft.server.log.statemachine.data.sync = true (default)
2025-05-13 07:38:22,998 [49ac9364-6870-4d6d-b10d-4a5e6439ebfa-impl-thread1] INFO  server.RaftServerConfigKeys (ConfUtils.java:logGet(46)) - raft.server.log.statemachine.data.sync.timeout = 10s (default)
2025-05-13 07:38:22,999 [49ac9364-6870-4d6d-b10d-4a5e6439ebfa-impl-thread1] INFO  server.RaftServerConfigKeys (ConfUtils.java:logGet(46)) - raft.server.log.statemachine.data.sync.timeout.retry = -1 (default)
2025-05-13 07:38:23,000 [49ac9364-6870-4d6d-b10d-4a5e6439ebfa-impl-thread1] INFO  server.RaftServerConfigKeys (ConfUtils.java:logGet(46)) - raft.server.log.write.buffer.size = 4194312 (custom)
2025-05-13 07:38:23,001 [49ac9364-6870-4d6d-b10d-4a5e6439ebfa-impl-thread1] INFO  server.RaftServerConfigKeys (ConfUtils.java:logGet(46)) - raft.server.log.appender.buffer.byte-limit = 4194304 (custom)
2025-05-13 07:38:23,002 [49ac9364-6870-4d6d-b10d-4a5e6439ebfa-impl-thread1] INFO  server.RaftServerConfigKeys (ConfUtils.java:logGet(46)) - raft.server.log.unsafe-flush.enabled = false (default)
2025-05-13 07:38:23,002 [49ac9364-6870-4d6d-b10d-4a5e6439ebfa-impl-thread1] INFO  server.RaftServerConfigKeys (ConfUtils.java:logGet(46)) - raft.server.log.async-flush.enabled = false (default)
2025-05-13 07:38:23,002 [49ac9364-6870-4d6d-b10d-4a5e6439ebfa-impl-thread1] INFO  server.RaftServerConfigKeys (ConfUtils.java:logGet(46)) - raft.server.log.statemachine.data.caching.enabled = false (default)
2025-05-13 07:38:23,006 [49ac9364-6870-4d6d-b10d-4a5e6439ebfa-impl-thread1] INFO  segmented.SegmentedRaftLogWorker (SegmentedRaftLogWorker.java:lambda$new$0(139)) - 49ac9364-6870-4d6d-b10d-4a5e6439ebfa@group-68630E7B2DFA-SegmentedRaftLogWorker: flushIndex: setUnconditionally 0 -> -1
2025-05-13 07:38:23,007 [49ac9364-6870-4d6d-b10d-4a5e6439ebfa-impl-thread1] INFO  segmented.SegmentedRaftLogWorker (SegmentedRaftLogWorker.java:lambda$new$0(139)) - 49ac9364-6870-4d6d-b10d-4a5e6439ebfa@group-68630E7B2DFA-SegmentedRaftLogWorker: safeCacheEvictIndex: setUnconditionally 0 -> -1
2025-05-13 07:38:23,009 [49ac9364-6870-4d6d-b10d-4a5e6439ebfa-impl-thread1] INFO  server.RaftServer$Division (RaftServerImpl.java:start(391)) - 49ac9364-6870-4d6d-b10d-4a5e6439ebfa@group-68630E7B2DFA: start as a follower, conf=conf: {index: -1, cur=peers:[49ac9364-6870-4d6d-b10d-4a5e6439ebfa|pkrvmberfyhpb9w:15004]|listeners:[], old=null}
2025-05-13 07:38:23,009 [49ac9364-6870-4d6d-b10d-4a5e6439ebfa-impl-thread1] INFO  server.RaftServer$Division (RaftServerImpl.java:setRole(378)) - 49ac9364-6870-4d6d-b10d-4a5e6439ebfa@group-68630E7B2DFA: changes role from      null to FOLLOWER at term 0 for startAsFollower
2025-05-13 07:38:23,010 [49ac9364-6870-4d6d-b10d-4a5e6439ebfa-impl-thread1] INFO  impl.RoleInfo (RoleInfo.java:updateAndGet(148)) - 49ac9364-6870-4d6d-b10d-4a5e6439ebfa: start 49ac9364-6870-4d6d-b10d-4a5e6439ebfa@group-68630E7B2DFA-FollowerState
2025-05-13 07:38:23,011 [49ac9364-6870-4d6d-b10d-4a5e6439ebfa@group-68630E7B2DFA-FollowerState] INFO  server.RaftServerConfigKeys (ConfUtils.java:logFallback(53)) - raft.server.rpc.first-election.timeout.min = 5000ms (fallback to raft.server.rpc.timeout.min)
2025-05-13 07:38:23,011 [49ac9364-6870-4d6d-b10d-4a5e6439ebfa@group-68630E7B2DFA-FollowerState] INFO  server.RaftServerConfigKeys (ConfUtils.java:logFallback(53)) - raft.server.rpc.first-election.timeout.max = 5200ms (fallback to raft.server.rpc.timeout.max)
2025-05-13 07:38:23,012 [49ac9364-6870-4d6d-b10d-4a5e6439ebfa-impl-thread1] INFO  util.JmxRegister (JmxRegister.java:tryRegister(44)) - Successfully registered JMX Bean with object name Ratis:service=RaftServer,group=group-68630E7B2DFA,id=49ac9364-6870-4d6d-b10d-4a5e6439ebfa
2025-05-13 07:38:23,012 [49ac9364-6870-4d6d-b10d-4a5e6439ebfa-impl-thread1] INFO  util.JmxRegister (JmxRegister.java:register(58)) - register mxBean class org.apache.ratis.server.impl.RaftServerJmxAdapter as Ratis:service=RaftServer,group=group-68630E7B2DFA,id=49ac9364-6870-4d6d-b10d-4a5e6439ebfa
2025-05-13 07:38:23,013 [49ac9364-6870-4d6d-b10d-4a5e6439ebfa-impl-thread1] INFO  server.RaftServerConfigKeys (ConfUtils.java:logGet(46)) - raft.server.snapshot.trigger-when-stop.enabled = true (default)
2025-05-13 07:38:23,014 [49ac9364-6870-4d6d-b10d-4a5e6439ebfa-impl-thread1] INFO  server.RaftServerConfigKeys (ConfUtils.java:logGet(46)) - raft.server.snapshot.trigger-when-remove.enabled = true (default)
2025-05-13 07:38:23,014 [49ac9364-6870-4d6d-b10d-4a5e6439ebfa-impl-thread1] INFO  server.RaftServerConfigKeys (ConfUtils.java:logGet(46)) - raft.server.snapshot.auto.trigger.enabled = true (custom)
2025-05-13 07:38:23,014 [49ac9364-6870-4d6d-b10d-4a5e6439ebfa-impl-thread1] INFO  server.RaftServerConfigKeys (ConfUtils.java:logGet(46)) - raft.server.snapshot.auto.trigger.threshold = 1000 (custom)
2025-05-13 07:38:23,015 [49ac9364-6870-4d6d-b10d-4a5e6439ebfa-impl-thread1] INFO  server.RaftServerConfigKeys (ConfUtils.java:logGet(46)) - raft.server.snapshot.retention.file.num = -1 (default)
2025-05-13 07:38:23,015 [49ac9364-6870-4d6d-b10d-4a5e6439ebfa-impl-thread1] INFO  server.RaftServerConfigKeys (ConfUtils.java:logGet(46)) - raft.server.log.purge.upto.snapshot.index = false (default)
2025-05-13 07:38:23,019 [49ac9364-6870-4d6d-b10d-4a5e6439ebfa-impl-thread1] INFO  server.RaftServer$Division (RaftServerImpl.java:start(405)) - 49ac9364-6870-4d6d-b10d-4a5e6439ebfa@group-68630E7B2DFA: Successfully started.
2025-05-13 07:38:23,019 [main] INFO  server.RaftServer (RaftServerProxy.java:startImpl(407)) - 49ac9364-6870-4d6d-b10d-4a5e6439ebfa: start RPC server
2025-05-13 07:38:23,047 [main] INFO  server.GrpcService (GrpcService.java:startImpl(334)) - 49ac9364-6870-4d6d-b10d-4a5e6439ebfa: GrpcService started, listening on 15004
2025-05-13 07:38:23,048 [JvmPauseMonitor0] INFO  util.JvmPauseMonitor (JvmPauseMonitor.java:run(146)) - JvmPauseMonitor-49ac9364-6870-4d6d-b10d-4a5e6439ebfa: Started
2025-05-13 07:38:28,048 [49ac9364-6870-4d6d-b10d-4a5e6439ebfa@group-68630E7B2DFA-FollowerState] INFO  impl.FollowerState (FollowerState.java:runImpl(161)) - 49ac9364-6870-4d6d-b10d-4a5e6439ebfa@group-68630E7B2DFA-FollowerState: change to CANDIDATE, lastRpcElapsedTime:5038272816ns, electionTimeout:5036ms
2025-05-13 07:38:28,048 [49ac9364-6870-4d6d-b10d-4a5e6439ebfa@group-68630E7B2DFA-FollowerState] INFO  impl.RoleInfo (RoleInfo.java:shutdownFollowerState(121)) - 49ac9364-6870-4d6d-b10d-4a5e6439ebfa: shutdown 49ac9364-6870-4d6d-b10d-4a5e6439ebfa@group-68630E7B2DFA-FollowerState
2025-05-13 07:38:28,049 [49ac9364-6870-4d6d-b10d-4a5e6439ebfa@group-68630E7B2DFA-FollowerState] INFO  server.RaftServer$Division (RaftServerImpl.java:setRole(378)) - 49ac9364-6870-4d6d-b10d-4a5e6439ebfa@group-68630E7B2DFA: changes role from  FOLLOWER to CANDIDATE at term 0 for changeToCandidate
2025-05-13 07:38:28,051 [49ac9364-6870-4d6d-b10d-4a5e6439ebfa@group-68630E7B2DFA-FollowerState] INFO  server.RaftServerConfigKeys (ConfUtils.java:logGet(46)) - raft.server.leaderelection.pre-vote = true (default)
2025-05-13 07:38:28,051 [49ac9364-6870-4d6d-b10d-4a5e6439ebfa@group-68630E7B2DFA-FollowerState] INFO  impl.RoleInfo (RoleInfo.java:updateAndGet(148)) - 49ac9364-6870-4d6d-b10d-4a5e6439ebfa: start 49ac9364-6870-4d6d-b10d-4a5e6439ebfa@group-68630E7B2DFA-LeaderElection1
2025-05-13 07:38:28,054 [49ac9364-6870-4d6d-b10d-4a5e6439ebfa@group-68630E7B2DFA-LeaderElection1] INFO  impl.LeaderElection (LeaderElection.java:askForVotes(332)) - 49ac9364-6870-4d6d-b10d-4a5e6439ebfa@group-68630E7B2DFA-LeaderElection1 PRE_VOTE round 0: submit vote requests at term 0 for conf: {index: -1, cur=peers:[49ac9364-6870-4d6d-b10d-4a5e6439ebfa|pkrvmberfyhpb9w:15004]|listeners:[], old=null}
2025-05-13 07:38:28,054 [49ac9364-6870-4d6d-b10d-4a5e6439ebfa@group-68630E7B2DFA-LeaderElection1] INFO  impl.LeaderElection (LeaderElection.java:askForVotes(334)) - 49ac9364-6870-4d6d-b10d-4a5e6439ebfa@group-68630E7B2DFA-LeaderElection1 PRE_VOTE round 0: result PASSED (term=0)
2025-05-13 07:38:28,058 [49ac9364-6870-4d6d-b10d-4a5e6439ebfa@group-68630E7B2DFA-LeaderElection1] INFO  impl.LeaderElection (LeaderElection.java:askForVotes(332)) - 49ac9364-6870-4d6d-b10d-4a5e6439ebfa@group-68630E7B2DFA-LeaderElection1 ELECTION round 0: submit vote requests at term 1 for conf: {index: -1, cur=peers:[49ac9364-6870-4d6d-b10d-4a5e6439ebfa|pkrvmberfyhpb9w:15004]|listeners:[], old=null}
2025-05-13 07:38:28,058 [49ac9364-6870-4d6d-b10d-4a5e6439ebfa@group-68630E7B2DFA-LeaderElection1] INFO  impl.LeaderElection (LeaderElection.java:askForVotes(334)) - 49ac9364-6870-4d6d-b10d-4a5e6439ebfa@group-68630E7B2DFA-LeaderElection1 ELECTION round 0: result PASSED (term=1)
2025-05-13 07:38:28,058 [49ac9364-6870-4d6d-b10d-4a5e6439ebfa@group-68630E7B2DFA-LeaderElection1] INFO  impl.RoleInfo (RoleInfo.java:shutdownLeaderElection(141)) - 49ac9364-6870-4d6d-b10d-4a5e6439ebfa: shutdown 49ac9364-6870-4d6d-b10d-4a5e6439ebfa@group-68630E7B2DFA-LeaderElection1
2025-05-13 07:38:28,059 [49ac9364-6870-4d6d-b10d-4a5e6439ebfa@group-68630E7B2DFA-LeaderElection1] INFO  server.RaftServer$Division (RaftServerImpl.java:setRole(378)) - 49ac9364-6870-4d6d-b10d-4a5e6439ebfa@group-68630E7B2DFA: changes role from CANDIDATE to LEADER at term 1 for changeToLeader
2025-05-13 07:38:28,064 [49ac9364-6870-4d6d-b10d-4a5e6439ebfa@group-68630E7B2DFA-LeaderElection1] INFO  server.RaftServerConfigKeys (ConfUtils.java:logGet(46)) - raft.server.staging.catchup.gap = 1000 (default)
2025-05-13 07:38:28,067 [49ac9364-6870-4d6d-b10d-4a5e6439ebfa@group-68630E7B2DFA-LeaderElection1] INFO  server.RaftServerConfigKeys (ConfUtils.java:logGet(46)) - raft.server.write.element-limit = 4096 (default)
2025-05-13 07:38:28,067 [49ac9364-6870-4d6d-b10d-4a5e6439ebfa@group-68630E7B2DFA-LeaderElection1] INFO  server.RaftServerConfigKeys (ConfUtils.java:logGet(46)) - raft.server.write.byte-limit = 64MB (=67108864) (default)
2025-05-13 07:38:28,071 [49ac9364-6870-4d6d-b10d-4a5e6439ebfa@group-68630E7B2DFA-LeaderElection1] INFO  server.RaftServerConfigKeys (ConfUtils.java:logGet(46)) - raft.server.watch.timeout = 10s (default)
2025-05-13 07:38:28,071 [49ac9364-6870-4d6d-b10d-4a5e6439ebfa@group-68630E7B2DFA-LeaderElection1] INFO  server.RaftServerConfigKeys (ConfUtils.java:logGet(46)) - raft.server.watch.timeout.denomination = 1s (default)
2025-05-13 07:38:28,072 [49ac9364-6870-4d6d-b10d-4a5e6439ebfa@group-68630E7B2DFA-LeaderElection1] INFO  server.RaftServerConfigKeys (ConfUtils.java:logGet(46)) - raft.server.watch.element-limit = 65536 (default)
2025-05-13 07:38:28,078 [49ac9364-6870-4d6d-b10d-4a5e6439ebfa@group-68630E7B2DFA-LeaderElection1] INFO  server.RaftServerConfigKeys (ConfUtils.java:logGet(46)) - raft.server.read.leader.lease.enabled = false (default)
2025-05-13 07:38:28,079 [49ac9364-6870-4d6d-b10d-4a5e6439ebfa@group-68630E7B2DFA-LeaderElection1] INFO  server.RaftServerConfigKeys (ConfUtils.java:logGet(46)) - raft.server.read.leader.lease.timeout.ratio = 0.9 (default)
2025-05-13 07:38:28,080 [49ac9364-6870-4d6d-b10d-4a5e6439ebfa@group-68630E7B2DFA-LeaderElection1] INFO  server.RaftServerConfigKeys (ConfUtils.java:logGet(46)) - raft.server.rpc.timeout.min = 5000ms (custom)
2025-05-13 07:38:28,080 [49ac9364-6870-4d6d-b10d-4a5e6439ebfa@group-68630E7B2DFA-LeaderElection1] INFO  server.RaftServerConfigKeys (ConfUtils.java:logGet(46)) - raft.server.log.log-metadata.enabled = true (default)
2025-05-13 07:38:28,080 [49ac9364-6870-4d6d-b10d-4a5e6439ebfa@group-68630E7B2DFA-LeaderElection1] INFO  server.RaftServerConfigKeys (ConfUtils.java:logGet(46)) - raft.server.write.element-limit = 4096 (default)
2025-05-13 07:38:28,080 [49ac9364-6870-4d6d-b10d-4a5e6439ebfa@group-68630E7B2DFA-LeaderElection1] INFO  server.RaftServerConfigKeys (ConfUtils.java:logGet(46)) - raft.server.write.follower.gap.ratio.max = -1.0 (default)
2025-05-13 07:38:28,082 [49ac9364-6870-4d6d-b10d-4a5e6439ebfa@group-68630E7B2DFA-LeaderElection1] INFO  impl.RoleInfo (RoleInfo.java:updateAndGet(148)) - 49ac9364-6870-4d6d-b10d-4a5e6439ebfa: start 49ac9364-6870-4d6d-b10d-4a5e6439ebfa@group-68630E7B2DFA-LeaderStateImpl
2025-05-13 07:38:28,082 [49ac9364-6870-4d6d-b10d-4a5e6439ebfa@group-68630E7B2DFA-LeaderElection1] INFO  server.RaftServer$Division (RaftServerImpl.java:setFirstElection(562)) - 49ac9364-6870-4d6d-b10d-4a5e6439ebfa@group-68630E7B2DFA: set firstElectionSinceStartup to false for becomeLeader
2025-05-13 07:38:28,082 [49ac9364-6870-4d6d-b10d-4a5e6439ebfa@group-68630E7B2DFA-LeaderElection1] INFO  server.RaftServer$Division (ServerState.java:setLeader(272)) - 49ac9364-6870-4d6d-b10d-4a5e6439ebfa@group-68630E7B2DFA: change Leader from null to 49ac9364-6870-4d6d-b10d-4a5e6439ebfa at term 1 for becomeLeader, leader elected after 5267ms
2025-05-13 07:38:28,100 [49ac9364-6870-4d6d-b10d-4a5e6439ebfa@group-68630E7B2DFA-LeaderElection1] INFO  segmented.SegmentedRaftLogWorker (SegmentedRaftLogWorker.java:startLogSegment(438)) - 49ac9364-6870-4d6d-b10d-4a5e6439ebfa@group-68630E7B2DFA-SegmentedRaftLogWorker: Starting segment from index:0
2025-05-13 07:38:28,115 [49ac9364-6870-4d6d-b10d-4a5e6439ebfa@group-68630E7B2DFA-LeaderElection1] INFO  server.RaftServer$Division (ServerState.java:setRaftConf(386)) - 49ac9364-6870-4d6d-b10d-4a5e6439ebfa@group-68630E7B2DFA: set configuration conf: {index: 0, cur=peers:[49ac9364-6870-4d6d-b10d-4a5e6439ebfa|pkrvmberfyhpb9w:15004]|listeners:[], old=null}
2025-05-13 07:38:28,122 [49ac9364-6870-4d6d-b10d-4a5e6439ebfa@group-68630E7B2DFA-SegmentedRaftLogWorker] INFO  segmented.BufferedWriteChannel (BufferedWriteChannel.java:open(61)) - open log_inprogress_0 at position 0
2025-05-13 07:38:28,130 [49ac9364-6870-4d6d-b10d-4a5e6439ebfa@group-68630E7B2DFA-SegmentedRaftLogWorker] INFO  segmented.SegmentedRaftLogWorker (SegmentedRaftLogWorker.java:execute(644)) - 49ac9364-6870-4d6d-b10d-4a5e6439ebfa@group-68630E7B2DFA-SegmentedRaftLogWorker: created new log segment /tmp/junit-2951846701982869450/scm-meta/scm-ha/2b4ba3f5-ab2c-4df8-8ee8-68630e7b2dfa/current/log_inprogress_0
2025-05-13 07:38:28,141 [49ac9364-6870-4d6d-b10d-4a5e6439ebfa@group-68630E7B2DFA-StateMachineUpdater] INFO  server.RaftServer$Division (LeaderStateImpl.java:checkStartIndex(313)) - Leader 49ac9364-6870-4d6d-b10d-4a5e6439ebfa@group-68630E7B2DFA-LeaderStateImpl is ready since appliedIndex == startIndex == 0
2025-05-13 07:38:29,050 [main] INFO  server.RaftServer (RaftServerProxy.java:lambda$close$9(417)) - 49ac9364-6870-4d6d-b10d-4a5e6439ebfa: close
2025-05-13 07:38:29,051 [49ac9364-6870-4d6d-b10d-4a5e6439ebfa-impl-thread1] INFO  server.RaftServer$Division (RaftServerImpl.java:lambda$close$1(513)) - 49ac9364-6870-4d6d-b10d-4a5e6439ebfa@group-68630E7B2DFA: shutdown
2025-05-13 07:38:29,051 [main] INFO  server.GrpcService (GrpcService.java:closeImpl(343)) - 49ac9364-6870-4d6d-b10d-4a5e6439ebfa: shutdown server GrpcServerProtocolService now
2025-05-13 07:38:29,051 [49ac9364-6870-4d6d-b10d-4a5e6439ebfa-impl-thread1] INFO  util.JmxRegister (JmxRegister.java:unregister(74)) - Successfully un-registered JMX Bean with object name Ratis:service=RaftServer,group=group-68630E7B2DFA,id=49ac9364-6870-4d6d-b10d-4a5e6439ebfa
2025-05-13 07:38:29,051 [49ac9364-6870-4d6d-b10d-4a5e6439ebfa-impl-thread1] INFO  impl.RoleInfo (RoleInfo.java:shutdownLeaderState(103)) - 49ac9364-6870-4d6d-b10d-4a5e6439ebfa: shutdown 49ac9364-6870-4d6d-b10d-4a5e6439ebfa@group-68630E7B2DFA-LeaderStateImpl
2025-05-13 07:38:29,055 [49ac9364-6870-4d6d-b10d-4a5e6439ebfa-impl-thread1] INFO  impl.PendingRequests (PendingRequests.java:sendNotLeaderResponses(287)) - 49ac9364-6870-4d6d-b10d-4a5e6439ebfa@group-68630E7B2DFA-PendingRequests: sendNotLeaderResponses
2025-05-13 07:38:29,056 [main] INFO  server.GrpcService (GrpcService.java:closeImpl(352)) - 49ac9364-6870-4d6d-b10d-4a5e6439ebfa: shutdown server GrpcServerProtocolService successfully
2025-05-13 07:38:29,057 [49ac9364-6870-4d6d-b10d-4a5e6439ebfa-impl-thread1] INFO  impl.StateMachineUpdater (StateMachineUpdater.java:stopAndJoin(164)) - 49ac9364-6870-4d6d-b10d-4a5e6439ebfa@group-68630E7B2DFA-StateMachineUpdater: set stopIndex = 0
2025-05-13 07:38:29,058 [49ac9364-6870-4d6d-b10d-4a5e6439ebfa@group-68630E7B2DFA-StateMachineUpdater] INFO  impl.StateMachineUpdater (StateMachineUpdater.java:takeSnapshot(303)) - 49ac9364-6870-4d6d-b10d-4a5e6439ebfa@group-68630E7B2DFA-StateMachineUpdater: Took a snapshot at index 0
2025-05-13 07:38:29,058 [49ac9364-6870-4d6d-b10d-4a5e6439ebfa@group-68630E7B2DFA-StateMachineUpdater] INFO  impl.StateMachineUpdater (StateMachineUpdater.java:lambda$new$0(102)) - 49ac9364-6870-4d6d-b10d-4a5e6439ebfa@group-68630E7B2DFA-StateMachineUpdater: snapshotIndex: updateIncreasingly -1 -> 0
2025-05-13 07:38:29,060 [49ac9364-6870-4d6d-b10d-4a5e6439ebfa@group-68630E7B2DFA-StateMachineUpdater] INFO  impl.StateMachineUpdater (StateMachineUpdater.java:stop(141)) - 49ac9364-6870-4d6d-b10d-4a5e6439ebfa@group-68630E7B2DFA-StateMachineUpdater: closing SCMStateMachine, lastApplied=(t:1, i:0)
2025-05-13 07:38:29,061 [49ac9364-6870-4d6d-b10d-4a5e6439ebfa@group-68630E7B2DFA-cacheEviction-AwaitToRun] INFO  util.AwaitToRun (AwaitToRun.java:run(49)) - 49ac9364-6870-4d6d-b10d-4a5e6439ebfa@group-68630E7B2DFA-cacheEviction-AwaitToRun-AwaitForSignal is interrupted
2025-05-13 07:38:29,136 [49ac9364-6870-4d6d-b10d-4a5e6439ebfa-impl-thread1] INFO  segmented.SegmentedRaftLogWorker (SegmentedRaftLogWorker.java:close(252)) - 49ac9364-6870-4d6d-b10d-4a5e6439ebfa@group-68630E7B2DFA-SegmentedRaftLogWorker close()
2025-05-13 07:38:29,141 [JvmPauseMonitor0] INFO  util.JvmPauseMonitor (JvmPauseMonitor.java:run(152)) - JvmPauseMonitor-49ac9364-6870-4d6d-b10d-4a5e6439ebfa: Stopped
2025-05-13 07:38:29,159 [main] WARN  server.ServerUtils (ServerUtils.java:getScmDbDir(138)) - ozone.scm.db.dirs is not configured. We recommend adding this setting. Falling back to ozone.metadata.dirs instead.
2025-05-13 07:38:29,160 [main] INFO  ha.SCMHANodeDetails (SCMHANodeDetails.java:loadSCMHAConfig(162)) - ServiceID for StorageContainerManager is null
2025-05-13 07:38:29,160 [main] INFO  ha.SCMHANodeDetails (SCMHANodeDetails.java:loadSCMHAConfig(166)) - ozone.scm.default.service.id is not defined, falling back to ozone.scm.service.ids to find serviceID for StorageContainerManager if it is HA enabled cluster
2025-05-13 07:38:29,279 [pool-2-thread-1] INFO  request.KdcRequest (KdcRequest.java:preauth(683)) - The preauth data is empty.
2025-05-13 07:38:29,283 [pool-2-thread-1] INFO  server.KdcHandler (KdcHandler.java:handleRecoverableException(177)) - KRB error occurred while processing request: Additional pre-authentication required
2025-05-13 07:38:29,299 [pool-2-thread-1] INFO  request.AsRequest (AsRequest.java:issueTicket(112)) - AS_REQ ISSUE: authtime 1747121909297,om/pkrvmberfyhpb9w.internal.cloudapp.net@EXAMPLE.COM for krbtgt/EXAMPLE.COM@EXAMPLE.COM
2025-05-13 07:38:29,305 [main] INFO  security.UserGroupInformation (UserGroupInformation.java:loginUserFromKeytab(1143)) - Login successful for user om/pkrvmberfyhpb9w.internal.cloudapp.net@EXAMPLE.COM using keytab file om.keytab. Keytab auto renewal enabled : false
2025-05-13 07:38:29,305 [main] INFO  server.StorageContainerManager (StorageContainerManager.java:loginAsSCMUserIfSecurityEnabled(1062)) - SCM login successful.
2025-05-13 07:38:29,308 [main] INFO  proxy.SCMSecurityProtocolFailoverProxyProvider (SCMFailoverProxyProviderBase.java:<init>(120)) - Created fail-over proxy for protocol SCMSecurityProtocolPB with 1 nodes: [nodeId=scmNodeId,nodeAddress=localhost/127.0.0.1:15003]
2025-05-13 07:38:29,342 [main] INFO  client.SCMCertificateClient (DefaultCertificateClient.java:updateCertSerialId(1289)) - Certificate serial ID set to 2
2025-05-13 07:38:29,346 [main] INFO  client.SCMCertificateClient (DefaultCertificateClient.java:readCertificateFile(247)) - Added certificate 2 from file: /tmp/junit-2951846701982869450/scm-meta/scm/sub-ca/certs/2.crt.
2025-05-13 07:38:29,347 [main] INFO  client.SCMCertificateClient (DefaultCertificateClient.java:readCertificateFile(247)) - Added certificate 1 from file: /tmp/junit-2951846701982869450/scm-meta/scm/sub-ca/certs/CA-1.crt.
2025-05-13 07:38:29,349 [main] INFO  client.SCMCertificateClient (DefaultCertificateClient.java:readCertificateFile(247)) - Added certificate 2 from file: /tmp/junit-2951846701982869450/scm-meta/scm/sub-ca/certs/certificate.crt.
2025-05-13 07:38:29,349 [main] INFO  client.SCMCertificateClient (DefaultCertificateClient.java:loadAllCertificates(196)) - CertificateRenewerService and root ca rotation polling is disabled for scm/sub-ca
2025-05-13 07:38:29,398 [main] WARN  utils.HAUtils (HAUtils.java:getMetaDir(311)) - ozone.scm.db.dirs is not configured. We recommend adding this setting. Falling back to ozone.metadata.dirs instead.
2025-05-13 07:38:29,492 [main] WARN  db.DBStoreBuilder (DBStoreBuilder.java:getDBDirPath(160)) - ozone.scm.db.dirs is not configured. We recommend adding this setting. Falling back to ozone.metadata.dirs instead.
2025-05-13 07:38:29,658 [main] INFO  net.NodeSchemaLoader (NodeSchemaLoader.java:loadSchemaFromFile(128)) - Loading schema from [jar:file:/home/runner/work/ozone/ozone/hadoop-hdds/common/target/hdds-common-2.1.0-SNAPSHOT.jar!/network-topology-default.xml]
2025-05-13 07:38:29,660 [main] INFO  net.NodeSchemaLoader (NodeSchemaLoader.java:loadSchema(175)) - Loading network topology layer schema file
2025-05-13 07:38:29,752 [main] INFO  ha.SCMRatisServerImpl (SCMRatisServerImpl.java:<init>(100)) - starting Raft server for scm:49ac9364-6870-4d6d-b10d-4a5e6439ebfa
2025-05-13 07:38:29,753 [main] INFO  server.RaftServerConfigKeys (ConfUtils.java:logGet(46)) - raft.server.log.appender.buffer.byte-limit = 4194304 (custom)
2025-05-13 07:38:29,755 [main] INFO  server.RaftServer (ConfUtils.java:logGet(46)) - raft.rpc.type = GRPC (default)
2025-05-13 07:38:29,755 [main] INFO  grpc.GrpcConfigKeys (ConfUtils.java:logFallback(53)) - raft.grpc.admin.host = null (fallback to raft.grpc.server.host)
2025-05-13 07:38:29,755 [main] INFO  grpc.GrpcConfigKeys (ConfUtils.java:logFallback(53)) - raft.grpc.admin.port = 15004 (fallback to raft.grpc.server.port)
2025-05-13 07:38:29,756 [main] INFO  grpc.GrpcConfigKeys (ConfUtils.java:logFallback(53)) - raft.grpc.client.host = null (fallback to raft.grpc.server.host)
2025-05-13 07:38:29,756 [main] INFO  grpc.GrpcConfigKeys (ConfUtils.java:logFallback(53)) - raft.grpc.client.port = 15004 (fallback to raft.grpc.server.port)
2025-05-13 07:38:29,756 [main] INFO  grpc.GrpcConfigKeys (ConfUtils.java:logGet(46)) - raft.grpc.server.host = null (default)
2025-05-13 07:38:29,756 [main] INFO  grpc.GrpcConfigKeys (ConfUtils.java:logGet(46)) - raft.grpc.server.port = 15004 (custom)
2025-05-13 07:38:29,756 [main] INFO  server.GrpcService (ConfUtils.java:logGet(46)) - raft.grpc.message.size.max = 5242880 (custom)
2025-05-13 07:38:29,757 [main] INFO  server.GrpcService (ConfUtils.java:logGet(46)) - raft.grpc.flow.control.window = 1MB (=1048576) (default)
2025-05-13 07:38:29,757 [main] INFO  server.RaftServerConfigKeys (ConfUtils.java:logGet(46)) - raft.server.rpc.request.timeout = 30000ms (custom)
2025-05-13 07:38:29,757 [main] INFO  grpc.GrpcConfigKeys (ConfUtils.java:logGet(46)) - raft.grpc.server.heartbeat.channel = true (default)
2025-05-13 07:38:29,757 [main] INFO  server.RaftServerConfigKeys (ConfUtils.java:logGet(46)) - raft.server.log.appender.buffer.byte-limit = 4194304 (custom)
2025-05-13 07:38:29,757 [main] INFO  grpc.GrpcConfigKeys (ConfUtils.java:logGet(46)) - raft.grpc.server.async.request.thread.pool.cached = true (default)
2025-05-13 07:38:29,758 [main] INFO  grpc.GrpcConfigKeys (ConfUtils.java:logGet(46)) - raft.grpc.server.async.request.thread.pool.size = 32 (default)
2025-05-13 07:38:29,759 [main] INFO  impl.DataStreamServerImpl (ConfUtils.java:logGet(46)) - raft.datastream.type = DISABLED (default)
2025-05-13 07:38:29,759 [main] INFO  server.RaftServerConfigKeys (ConfUtils.java:logGet(46)) - raft.server.sleep.deviation.threshold = 300ms (default)
2025-05-13 07:38:29,759 [main] INFO  server.RaftServerConfigKeys (ConfUtils.java:logGet(46)) - raft.server.close.threshold = 60s (default)
2025-05-13 07:38:29,759 [main] INFO  server.RaftServerConfigKeys (ConfUtils.java:logGet(46)) - raft.server.leaderelection.leader.step-down.wait-time = 10s (default)
2025-05-13 07:38:29,760 [main] INFO  server.RaftServerConfigKeys (ConfUtils.java:logGet(46)) - raft.server.storage.dir = [/tmp/junit-2951846701982869450/scm-meta/scm-ha] (custom)
2025-05-13 07:38:29,760 [main] INFO  server.RaftServerConfigKeys (ConfUtils.java:logGet(46)) - raft.server.threadpool.proxy.cached = true (default)
2025-05-13 07:38:29,760 [main] INFO  server.RaftServerConfigKeys (ConfUtils.java:logGet(46)) - raft.server.threadpool.proxy.size = 0 (default)
2025-05-13 07:38:29,761 [49ac9364-6870-4d6d-b10d-4a5e6439ebfa-impl-thread1] INFO  server.RaftServer (RaftServerProxy.java:initGroupDir(265)) - 49ac9364-6870-4d6d-b10d-4a5e6439ebfa: found a subdirectory /tmp/junit-2951846701982869450/scm-meta/scm-ha/2b4ba3f5-ab2c-4df8-8ee8-68630e7b2dfa
2025-05-13 07:38:29,761 [main] INFO  server.RaftServer (RaftServerProxy.java:addNew(100)) - 49ac9364-6870-4d6d-b10d-4a5e6439ebfa: addNew group-68630E7B2DFA:[] returns group-68630E7B2DFA:java.util.concurrent.CompletableFuture@3d5e0bf0[Not completed]
2025-05-13 07:38:29,764 [49ac9364-6870-4d6d-b10d-4a5e6439ebfa-groupManagement] INFO  server.RaftServer$Division (RaftServerImpl.java:<init>(255)) - 49ac9364-6870-4d6d-b10d-4a5e6439ebfa: new RaftServerImpl for group-68630E7B2DFA:[] with SCMStateMachine:uninitialized
2025-05-13 07:38:29,764 [49ac9364-6870-4d6d-b10d-4a5e6439ebfa-groupManagement] INFO  server.RaftServerConfigKeys (ConfUtils.java:logGet(46)) - raft.server.rpc.timeout.min = 5000ms (custom)
2025-05-13 07:38:29,764 [49ac9364-6870-4d6d-b10d-4a5e6439ebfa-groupManagement] INFO  server.RaftServerConfigKeys (ConfUtils.java:logGet(46)) - raft.server.rpc.timeout.max = 5200ms (custom)
2025-05-13 07:38:29,764 [49ac9364-6870-4d6d-b10d-4a5e6439ebfa-groupManagement] INFO  server.RaftServerConfigKeys (ConfUtils.java:logGet(46)) - raft.server.rpc.sleep.time = 25ms (default)
2025-05-13 07:38:29,764 [49ac9364-6870-4d6d-b10d-4a5e6439ebfa-groupManagement] INFO  server.RaftServerConfigKeys (ConfUtils.java:logGet(46)) - raft.server.rpc.slowness.timeout = 120000ms (custom)
2025-05-13 07:38:29,764 [49ac9364-6870-4d6d-b10d-4a5e6439ebfa-groupManagement] INFO  server.RaftServerConfigKeys (ConfUtils.java:logGet(46)) - raft.server.leaderelection.leader.step-down.wait-time = 10s (default)
2025-05-13 07:38:29,765 [49ac9364-6870-4d6d-b10d-4a5e6439ebfa-groupManagement] INFO  server.RaftServerConfigKeys (ConfUtils.java:logGet(46)) - raft.server.leaderelection.member.majority-add = false (default)
2025-05-13 07:38:29,765 [49ac9364-6870-4d6d-b10d-4a5e6439ebfa-groupManagement] INFO  server.RaftServerConfigKeys (ConfUtils.java:logGet(46)) - raft.server.sleep.deviation.threshold = 300ms (default)
2025-05-13 07:38:29,765 [49ac9364-6870-4d6d-b10d-4a5e6439ebfa-groupManagement] INFO  server.RaftServer$Division (ServerState.java:<init>(114)) - 49ac9364-6870-4d6d-b10d-4a5e6439ebfa@group-68630E7B2DFA: ConfigurationManager, init=conf: {index: -1, cur=peers:[]|listeners:[], old=null}, confs=<EMPTY_MAP>
2025-05-13 07:38:29,765 [49ac9364-6870-4d6d-b10d-4a5e6439ebfa-groupManagement] INFO  server.RaftServerConfigKeys (ConfUtils.java:logGet(46)) - raft.server.notification.no-leader.timeout = 60s (default)
2025-05-13 07:38:29,765 [49ac9364-6870-4d6d-b10d-4a5e6439ebfa-groupManagement] INFO  server.RaftServerConfigKeys (ConfUtils.java:logGet(46)) - raft.server.read.timeout = 10s (default)
2025-05-13 07:38:29,765 [49ac9364-6870-4d6d-b10d-4a5e6439ebfa-groupManagement] INFO  server.RaftServerConfigKeys (ConfUtils.java:logGet(46)) - raft.server.retrycache.expirytime = 60000ms (default)
2025-05-13 07:38:29,765 [49ac9364-6870-4d6d-b10d-4a5e6439ebfa-groupManagement] INFO  server.RaftServerConfigKeys (ConfUtils.java:logGet(46)) - raft.server.retrycache.statistics.expirytime = 100ms (default)
2025-05-13 07:38:29,766 [49ac9364-6870-4d6d-b10d-4a5e6439ebfa-groupManagement] INFO  server.RaftServerConfigKeys (ConfUtils.java:logGet(46)) - raft.server.read.option = DEFAULT (default)
2025-05-13 07:38:29,766 [49ac9364-6870-4d6d-b10d-4a5e6439ebfa-groupManagement] INFO  server.RaftServerConfigKeys (ConfUtils.java:logGet(46)) - raft.server.read.read-after-write-consistent.write-index-cache.expiry-time = 60s (default)
2025-05-13 07:38:29,774 [49ac9364-6870-4d6d-b10d-4a5e6439ebfa-groupManagement] INFO  server.RaftServerConfigKeys (ConfUtils.java:logGet(46)) - raft.server.rpc.request.timeout = 30000ms (custom)
2025-05-13 07:38:29,774 [49ac9364-6870-4d6d-b10d-4a5e6439ebfa-groupManagement] INFO  server.RaftServerConfigKeys (ConfUtils.java:logGet(46)) - raft.server.log.appender.install.snapshot.enabled = false (custom)
2025-05-13 07:38:29,774 [49ac9364-6870-4d6d-b10d-4a5e6439ebfa-groupManagement] INFO  server.RaftServerConfigKeys (ConfUtils.java:logGet(46)) - raft.server.threadpool.server.cached = true (default)
2025-05-13 07:38:29,774 [49ac9364-6870-4d6d-b10d-4a5e6439ebfa-groupManagement] INFO  server.RaftServerConfigKeys (ConfUtils.java:logGet(46)) - raft.server.threadpool.server.size = 0 (default)
2025-05-13 07:38:29,775 [49ac9364-6870-4d6d-b10d-4a5e6439ebfa-groupManagement] INFO  server.RaftServerConfigKeys (ConfUtils.java:logGet(46)) - raft.server.threadpool.client.cached = true (default)
2025-05-13 07:38:29,775 [49ac9364-6870-4d6d-b10d-4a5e6439ebfa-groupManagement] INFO  server.RaftServerConfigKeys (ConfUtils.java:logGet(46)) - raft.server.threadpool.client.size = 0 (default)
2025-05-13 07:38:29,777 [main] INFO  ha.SCMSnapshotProvider (SCMSnapshotProvider.java:<init>(61)) - Initializing SCM Snapshot Provider
2025-05-13 07:38:29,777 [main] WARN  server.ServerUtils (ServerUtils.java:getDefaultRatisDirectory(304)) - Storage directory for Ratis is not configured. It is a good idea to map this to an SSD disk. Falling back to ozone.metadata.dirs
2025-05-13 07:38:29,777 [main] WARN  ha.SCMHAUtils (SCMHAUtils.java:getSCMRatisSnapshotDirectory(120)) - SCM snapshot dir is not configured. Falling back to ozone.metadata.dirs config
2025-05-13 07:38:29,799 [main] INFO  upgrade.AbstractLayoutVersionManager (AbstractLayoutVersionManager.java:init(80)) - Initializing Layout version manager with metadata layout = HBASE_SUPPORT (version = 8), software layout = HBASE_SUPPORT (version = 8)
2025-05-13 07:38:29,821 [main] INFO  ha.SequenceIdGenerator (SequenceIdGenerator.java:upgradeToSequenceId(355)) - upgrade localId to 115816896921600000
2025-05-13 07:38:29,823 [main] INFO  ha.SequenceIdGenerator (SequenceIdGenerator.java:upgradeToSequenceId(365)) - upgrade delTxnId to 0
2025-05-13 07:38:29,827 [main] INFO  ha.SequenceIdGenerator (SequenceIdGenerator.java:upgradeToSequenceId(382)) - upgrade containerId to 0
2025-05-13 07:38:29,829 [main] INFO  ha.SequenceIdGenerator (SequenceIdGenerator.java:upgradeToCertificateSequenceId(419)) - upgrade CertificateId to 2
2025-05-13 07:38:29,831 [main] INFO  ha.SequenceIdGenerator (SequenceIdGenerator.java:<init>(232)) - Init the HA SequenceIdGenerator.
2025-05-13 07:38:29,867 [main] WARN  server.ServerUtils (ServerUtils.java:sanitizeUserArgs(76)) - ozone.scm.stale.node.interval value = 300000 is larger than max = 100000 based on the key value of ozone.scm.heartbeat.thread.interval, reset to the max value 100000.
2025-05-13 07:38:29,867 [main] WARN  server.ServerUtils (ServerUtils.java:sanitizeUserArgs(76)) - ozone.scm.stale.node.interval value = 300000 is larger than max = 100000 based on the key value of ozone.scm.heartbeat.thread.interval, reset to the max value 100000.
2025-05-13 07:38:29,871 [main] INFO  node.SCMNodeManager (SCMNodeManager.java:<init>(182)) - Entering startup safe mode.
2025-05-13 07:38:29,883 [main] INFO  algorithms.ContainerPlacementPolicyFactory (ContainerPlacementPolicyFactory.java:getPolicyInternal(84)) - Create container placement policy of type org.apache.hadoop.hdds.scm.container.placement.algorithms.SCMContainerPlacementRackAware
2025-05-13 07:38:29,888 [main] INFO  algorithms.ContainerPlacementPolicyFactory (ContainerPlacementPolicyFactory.java:getPolicyInternal(84)) - Create container placement policy of type org.apache.hadoop.hdds.scm.container.placement.algorithms.SCMContainerPlacementRackScatter
2025-05-13 07:38:29,897 [main] INFO  pipeline.PipelineStateManagerImpl (PipelineStateManagerImpl.java:initialize(75)) - No pipeline exists in current db
2025-05-13 07:38:29,907 [main] INFO  algorithms.LeaderChoosePolicyFactory (LeaderChoosePolicyFactory.java:getPolicy(55)) - Create leader choose policy of type org.apache.hadoop.hdds.scm.pipeline.leader.choose.algorithms.MinLeaderCountChoosePolicy
2025-05-13 07:38:29,908 [main] INFO  algorithms.ContainerPlacementPolicyFactory (ContainerPlacementPolicyFactory.java:getPolicyInternal(84)) - Create container placement policy of type org.apache.hadoop.hdds.scm.container.placement.algorithms.SCMContainerPlacementRackScatter
2025-05-13 07:38:29,915 [main] INFO  ha.SCMServiceManager (SCMServiceManager.java:register(42)) - Registering service BackgroundPipelineCreator.
2025-05-13 07:38:29,915 [main] INFO  pipeline.BackgroundPipelineCreator (BackgroundPipelineCreator.java:start(126)) - Starting RatisPipelineUtilsThread.
2025-05-13 07:38:29,917 [main] INFO  BackgroundPipelineScrubber (BackgroundSCMService.java:start(64)) - Starting BackgroundPipelineScrubber Service.
2025-05-13 07:38:29,918 [main] INFO  ha.SCMServiceManager (SCMServiceManager.java:register(42)) - Registering service BackgroundPipelineScrubber.
2025-05-13 07:38:29,932 [main] INFO  ExpiredContainerReplicaOpScrubber (BackgroundSCMService.java:start(64)) - Starting ExpiredContainerReplicaOpScrubber Service.
2025-05-13 07:38:29,933 [main] INFO  ha.SCMServiceManager (SCMServiceManager.java:register(42)) - Registering service ExpiredContainerReplicaOpScrubber.
2025-05-13 07:38:29,954 [main] INFO  algorithms.PipelineChoosePolicyFactory (PipelineChoosePolicyFactory.java:createPipelineChoosePolicyFromClass(78)) - Create pipeline choose policy of type org.apache.hadoop.hdds.scm.pipeline.choose.algorithms.RandomPipelineChoosePolicy
2025-05-13 07:38:29,954 [main] INFO  algorithms.PipelineChoosePolicyFactory (PipelineChoosePolicyFactory.java:createPipelineChoosePolicyFromClass(78)) - Create pipeline choose policy of type org.apache.hadoop.hdds.scm.pipeline.choose.algorithms.RandomPipelineChoosePolicy
2025-05-13 07:38:29,982 [main] INFO  ha.SCMServiceManager (SCMServiceManager.java:register(42)) - Registering service SCMBlockDeletingService.
2025-05-13 07:38:30,020 [main] INFO  replication.ReplicationManager (ReplicationManager.java:start(285)) - Starting Replication Monitor Thread.
2025-05-13 07:38:30,022 [main] INFO  ha.SCMServiceManager (SCMServiceManager.java:register(42)) - Registering service ReplicationManager.
2025-05-13 07:38:30,030 [main] INFO  safemode.RatisContainerSafeModeRule (RatisContainerSafeModeRule.java:initializeRule(160)) - Refreshed Containers with one replica threshold count 0.
2025-05-13 07:38:30,032 [main] INFO  safemode.ECContainerSafeModeRule (ECContainerSafeModeRule.java:initializeRule(205)) - Refreshed Containers with ec n replica threshold count 0.
2025-05-13 07:38:30,035 [main] INFO  safemode.HealthyPipelineSafeModeRule (HealthyPipelineSafeModeRule.java:initializeRule(177)) - Total pipeline count is 0, healthy pipeline threshold count is 0
2025-05-13 07:38:30,036 [main] INFO  safemode.OneReplicaPipelineSafeModeRule (OneReplicaPipelineSafeModeRule.java:initializeRule(190)) - Total pipeline count is 0, pipeline's with at least one datanode reported threshold count is 0
2025-05-13 07:38:30,070 [main] INFO  security.SecretKeyManagerService (SecretKeyManagerService.java:start(143)) - Scheduling rotation checker with interval PT10M
2025-05-13 07:38:30,071 [main] INFO  ha.SCMServiceManager (SCMServiceManager.java:register(42)) - Registering service SecretKeyManagerService.
2025-05-13 07:38:30,075 [main] INFO  keys.KeyStorage (KeyStorage.java:readPublicKey(174)) - Reading public key from /tmp/junit-2951846701982869450/scm-meta/scm/sub-ca/keys/public.pem.
2025-05-13 07:38:30,075 [main] INFO  keys.KeyStorage (KeyStorage.java:readPrivateKey(158)) - Reading private key from /tmp/junit-2951846701982869450/scm-meta/scm/sub-ca/keys/private.pem.
2025-05-13 07:38:30,076 [main] INFO  authority.DefaultCAServer (DefaultCAServer.java:lambda$processVerificationStatus$0(392)) - CertificateServer validation is successful
2025-05-13 07:38:30,077 [main] INFO  keys.KeyStorage (KeyStorage.java:readPublicKey(174)) - Reading public key from /tmp/junit-2951846701982869450/scm-meta/scm/ca/keys/public.pem.
2025-05-13 07:38:30,077 [main] INFO  keys.KeyStorage (KeyStorage.java:readPrivateKey(158)) - Reading private key from /tmp/junit-2951846701982869450/scm-meta/scm/ca/keys/private.pem.
2025-05-13 07:38:30,078 [main] INFO  authority.DefaultCAServer (DefaultCAServer.java:lambda$processVerificationStatus$0(392)) - CertificateServer validation is successful
2025-05-13 07:38:30,079 [main] INFO  server.StorageContainerManager (StorageContainerManager.java:persistPrimarySCMCerts(950)) - Storing sub-ca certificate serialId 2 on primary SCM
2025-05-13 07:38:30,090 [main] INFO  server.SCMCertStore (SCMCertStore.java:storeValidScmCertificate(96)) - Scm certificate 2 for CN=scm-sub@pkrvmberfyhpb9w,OU=49ac9364-6870-4d6d-b10d-4a5e6439ebfa,O=2b4ba3f5-ab2c-4df8-8ee8-68630e7b2dfa,SERIALNUMBER=2 is stored
2025-05-13 07:38:30,090 [main] INFO  server.StorageContainerManager (StorageContainerManager.java:persistPrimarySCMCerts(957)) - Storing root certificate serialId 1
2025-05-13 07:38:30,092 [main] INFO  server.SCMCertStore (SCMCertStore.java:storeValidScmCertificate(96)) - Scm certificate 1 for CN=scm@pkrvmberfyhpb9w,OU=49ac9364-6870-4d6d-b10d-4a5e6439ebfa,O=2b4ba3f5-ab2c-4df8-8ee8-68630e7b2dfa,SERIALNUMBER=1 is stored
2025-05-13 07:38:30,097 [main] INFO  ha.SequenceIdGenerator (SequenceIdGenerator.java:upgradeToCertificateSequenceId(419)) - upgrade CertificateId to 2
2025-05-13 07:38:30,113 [main] INFO  ipc.CallQueueManager (CallQueueManager.java:<init>(93)) - Using callQueue: class java.util.concurrent.LinkedBlockingQueue, queueCapacity: 200, scheduler: class org.apache.hadoop.ipc.DefaultRpcScheduler, ipcBackoff: false, ipcFailOver: false.
2025-05-13 07:38:30,138 [main] INFO  ipc.Server (Server.java:<init>(1438)) - Listener at 0.0.0.0:15003
2025-05-13 07:38:30,139 [Socket Reader #1 for port 15003] INFO  ipc.Server (Server.java:run(1474)) - Starting Socket Reader #1 for port 15003
2025-05-13 07:38:30,160 [main] INFO  server.StorageContainerManager (StorageContainerManager.java:<init>(430)) - SCM start with adminUsers: [runner, om]
2025-05-13 07:38:30,180 [main] INFO  audit.AuditLogger (AuditLogger.java:refreshDebugCmdSet(133)) - Refresh DebugCmdSet for SCMAudit to [].
2025-05-13 07:38:30,185 [main] INFO  ipc.CallQueueManager (CallQueueManager.java:<init>(93)) - Using callQueue: class java.util.concurrent.LinkedBlockingQueue, queueCapacity: 10000, scheduler: class org.apache.hadoop.ipc.DefaultRpcScheduler, ipcBackoff: false, ipcFailOver: false.
2025-05-13 07:38:30,186 [main] INFO  ipc.Server (Server.java:<init>(1438)) - Listener at 0.0.0.0:15001
2025-05-13 07:38:30,187 [Socket Reader #1 for port 15001] INFO  ipc.Server (Server.java:run(1474)) - Starting Socket Reader #1 for port 15001
2025-05-13 07:38:30,187 [Socket Reader #2 for port 15001] INFO  ipc.Server (Server.java:run(1474)) - Starting Socket Reader #2 for port 15001
2025-05-13 07:38:30,188 [Socket Reader #3 for port 15001] INFO  ipc.Server (Server.java:run(1474)) - Starting Socket Reader #3 for port 15001
2025-05-13 07:38:30,188 [Socket Reader #4 for port 15001] INFO  ipc.Server (Server.java:run(1474)) - Starting Socket Reader #4 for port 15001
2025-05-13 07:38:30,189 [Socket Reader #5 for port 15001] INFO  ipc.Server (Server.java:run(1474)) - Starting Socket Reader #5 for port 15001
2025-05-13 07:38:30,189 [Socket Reader #6 for port 15001] INFO  ipc.Server (Server.java:run(1474)) - Starting Socket Reader #6 for port 15001
2025-05-13 07:38:30,189 [Socket Reader #7 for port 15001] INFO  ipc.Server (Server.java:run(1474)) - Starting Socket Reader #7 for port 15001
2025-05-13 07:38:30,190 [Socket Reader #8 for port 15001] INFO  ipc.Server (Server.java:run(1474)) - Starting Socket Reader #8 for port 15001
2025-05-13 07:38:30,191 [Socket Reader #10 for port 15001] INFO  ipc.Server (Server.java:run(1474)) - Starting Socket Reader #10 for port 15001
2025-05-13 07:38:30,191 [Socket Reader #9 for port 15001] INFO  ipc.Server (Server.java:run(1474)) - Starting Socket Reader #9 for port 15001
2025-05-13 07:38:30,212 [main] INFO  audit.AuditLogger (AuditLogger.java:refreshDebugCmdSet(133)) - Refresh DebugCmdSet for SCMAudit to [].
2025-05-13 07:38:30,216 [main] INFO  ipc.CallQueueManager (CallQueueManager.java:<init>(93)) - Using callQueue: class java.util.concurrent.LinkedBlockingQueue, queueCapacity: 10000, scheduler: class org.apache.hadoop.ipc.DefaultRpcScheduler, ipcBackoff: false, ipcFailOver: false.
2025-05-13 07:38:30,216 [main] INFO  ipc.Server (Server.java:<init>(1438)) - Listener at 0.0.0.0:15002
2025-05-13 07:38:30,217 [Socket Reader #1 for port 15002] INFO  ipc.Server (Server.java:run(1474)) - Starting Socket Reader #1 for port 15002
2025-05-13 07:38:30,217 [Socket Reader #2 for port 15002] INFO  ipc.Server (Server.java:run(1474)) - Starting Socket Reader #2 for port 15002
2025-05-13 07:38:30,217 [Socket Reader #3 for port 15002] INFO  ipc.Server (Server.java:run(1474)) - Starting Socket Reader #3 for port 15002
2025-05-13 07:38:30,218 [Socket Reader #4 for port 15002] INFO  ipc.Server (Server.java:run(1474)) - Starting Socket Reader #4 for port 15002
2025-05-13 07:38:30,218 [Socket Reader #5 for port 15002] INFO  ipc.Server (Server.java:run(1474)) - Starting Socket Reader #5 for port 15002
2025-05-13 07:38:30,218 [Socket Reader #6 for port 15002] INFO  ipc.Server (Server.java:run(1474)) - Starting Socket Reader #6 for port 15002
2025-05-13 07:38:30,219 [Socket Reader #7 for port 15002] INFO  ipc.Server (Server.java:run(1474)) - Starting Socket Reader #7 for port 15002
2025-05-13 07:38:30,219 [Socket Reader #8 for port 15002] INFO  ipc.Server (Server.java:run(1474)) - Starting Socket Reader #8 for port 15002
2025-05-13 07:38:30,219 [Socket Reader #9 for port 15002] INFO  ipc.Server (Server.java:run(1474)) - Starting Socket Reader #9 for port 15002
2025-05-13 07:38:30,220 [Socket Reader #10 for port 15002] INFO  ipc.Server (Server.java:run(1474)) - Starting Socket Reader #10 for port 15002
2025-05-13 07:38:30,251 [main] INFO  audit.AuditLogger (AuditLogger.java:refreshDebugCmdSet(133)) - Refresh DebugCmdSet for SCMAudit to [].
2025-05-13 07:38:30,259 [main] INFO  ipc.CallQueueManager (CallQueueManager.java:<init>(93)) - Using callQueue: class java.util.concurrent.LinkedBlockingQueue, queueCapacity: 10000, scheduler: class org.apache.hadoop.ipc.DefaultRpcScheduler, ipcBackoff: false, ipcFailOver: false.
2025-05-13 07:38:30,260 [main] INFO  ipc.Server (Server.java:<init>(1438)) - Listener at 0.0.0.0:15000
2025-05-13 07:38:30,260 [Socket Reader #1 for port 15000] INFO  ipc.Server (Server.java:run(1474)) - Starting Socket Reader #1 for port 15000
2025-05-13 07:38:30,261 [Socket Reader #2 for port 15000] INFO  ipc.Server (Server.java:run(1474)) - Starting Socket Reader #2 for port 15000
2025-05-13 07:38:30,261 [Socket Reader #3 for port 15000] INFO  ipc.Server (Server.java:run(1474)) - Starting Socket Reader #3 for port 15000
2025-05-13 07:38:30,262 [Socket Reader #4 for port 15000] INFO  ipc.Server (Server.java:run(1474)) - Starting Socket Reader #4 for port 15000
2025-05-13 07:38:30,262 [Socket Reader #5 for port 15000] INFO  ipc.Server (Server.java:run(1474)) - Starting Socket Reader #5 for port 15000
2025-05-13 07:38:30,263 [Socket Reader #6 for port 15000] INFO  ipc.Server (Server.java:run(1474)) - Starting Socket Reader #6 for port 15000
2025-05-13 07:38:30,263 [Socket Reader #7 for port 15000] INFO  ipc.Server (Server.java:run(1474)) - Starting Socket Reader #7 for port 15000
2025-05-13 07:38:30,264 [Socket Reader #8 for port 15000] INFO  ipc.Server (Server.java:run(1474)) - Starting Socket Reader #8 for port 15000
2025-05-13 07:38:30,264 [Socket Reader #9 for port 15000] INFO  ipc.Server (Server.java:run(1474)) - Starting Socket Reader #9 for port 15000
2025-05-13 07:38:30,264 [Socket Reader #10 for port 15000] INFO  ipc.Server (Server.java:run(1474)) - Starting Socket Reader #10 for port 15000
2025-05-13 07:38:30,302 [main] INFO  ha.SCMServiceManager (SCMServiceManager.java:register(42)) - Registering service ContainerBalancer.
2025-05-13 07:38:30,302 [main] INFO  ha.SCMContext (SCMContext.java:updateSafeModeStatus(224)) - Update SafeModeStatus from SafeModeStatus{safeModeStatus=true, preCheckPassed=false} to SafeModeStatus{safeModeStatus=true, preCheckPassed=false}.
2025-05-13 07:38:30,308 [main] INFO  server.StorageContainerManager (StorageContainerManager.java:start(1507)) - StorageContainerLocationProtocol RPC server is listening at /0.0.0.0:15000
2025-05-13 07:38:30,309 [main] INFO  ha.SCMRatisServerImpl (SCMRatisServerImpl.java:start(203)) - starting ratis server 0.0.0.0:15004
2025-05-13 07:38:30,309 [49ac9364-6870-4d6d-b10d-4a5e6439ebfa-impl-thread1] INFO  server.RaftServerConfigKeys (ConfUtils.java:logGet(46)) - raft.server.storage.free-space.min = 0MB (=0) (default)
2025-05-13 07:38:30,310 [49ac9364-6870-4d6d-b10d-4a5e6439ebfa-impl-thread1] INFO  server.RaftServerConfigKeys (ConfUtils.java:logGet(46)) - raft.server.log.corruption.policy = EXCEPTION (default)
2025-05-13 07:38:30,310 [49ac9364-6870-4d6d-b10d-4a5e6439ebfa-impl-thread1] INFO  server.RaftServerConfigKeys (ConfUtils.java:logGet(46)) - raft.server.storage.dir = [/tmp/junit-2951846701982869450/scm-meta/scm-ha] (custom)
2025-05-13 07:38:30,311 [49ac9364-6870-4d6d-b10d-4a5e6439ebfa-impl-thread1] INFO  storage.RaftStorageDirectory (RaftStorageDirectoryImpl.java:tryLock(229)) - Lock on /tmp/junit-2951846701982869450/scm-meta/scm-ha/2b4ba3f5-ab2c-4df8-8ee8-68630e7b2dfa/in_use.lock acquired by nodename 11778@pkrvmberfyhpb9w
2025-05-13 07:38:30,313 [49ac9364-6870-4d6d-b10d-4a5e6439ebfa-impl-thread1] INFO  storage.RaftStorage (RaftStorageImpl.java:analyzeAndRecoverStorage(118)) - Read RaftStorageMetadata{term=1, votedFor=49ac9364-6870-4d6d-b10d-4a5e6439ebfa} from /tmp/junit-2951846701982869450/scm-meta/scm-ha/2b4ba3f5-ab2c-4df8-8ee8-68630e7b2dfa/current/raft-meta
2025-05-13 07:38:30,315 [49ac9364-6870-4d6d-b10d-4a5e6439ebfa-impl-thread1] INFO  server.RaftServer$Division (ServerState.java:setRaftConf(386)) - 49ac9364-6870-4d6d-b10d-4a5e6439ebfa@group-68630E7B2DFA: set configuration conf: {index: 0, cur=peers:[49ac9364-6870-4d6d-b10d-4a5e6439ebfa|pkrvmberfyhpb9w:15004]|listeners:[], old=null}
2025-05-13 07:38:30,315 [49ac9364-6870-4d6d-b10d-4a5e6439ebfa-impl-thread1] INFO  ha.SCMStateMachine (SCMStateMachine.java:lambda$initialize$0(135)) - 49ac9364-6870-4d6d-b10d-4a5e6439ebfa: initialize group-68630E7B2DFA
2025-05-13 07:38:30,316 [49ac9364-6870-4d6d-b10d-4a5e6439ebfa-impl-thread1] INFO  server.RaftServerConfigKeys (ConfUtils.java:logGet(46)) - raft.server.log.use.memory = false (default)
2025-05-13 07:38:30,316 [49ac9364-6870-4d6d-b10d-4a5e6439ebfa-impl-thread1] INFO  server.RaftServerConfigKeys (ConfUtils.java:logGet(46)) - raft.server.log.purge.gap = 1000000 (custom)
2025-05-13 07:38:30,317 [49ac9364-6870-4d6d-b10d-4a5e6439ebfa-impl-thread1] INFO  server.RaftServerConfigKeys (ConfUtils.java:logGet(46)) - raft.server.log.appender.buffer.byte-limit = 4194304 (custom)
2025-05-13 07:38:30,317 [49ac9364-6870-4d6d-b10d-4a5e6439ebfa-impl-thread1] INFO  server.RaftServerConfigKeys (ConfUtils.java:logGet(46)) - raft.server.log.statemachine.data.read.timeout = 1000ms (default)
2025-05-13 07:38:30,317 [49ac9364-6870-4d6d-b10d-4a5e6439ebfa-impl-thread1] INFO  server.RaftServerConfigKeys (ConfUtils.java:logGet(46)) - raft.server.log.purge.preservation.log.num = 0 (default)
2025-05-13 07:38:30,319 [49ac9364-6870-4d6d-b10d-4a5e6439ebfa-impl-thread1] INFO  server.RaftServerConfigKeys (ConfUtils.java:logGet(46)) - raft.server.log.segment.size.max = 4194304 (custom)
2025-05-13 07:38:30,319 [49ac9364-6870-4d6d-b10d-4a5e6439ebfa-impl-thread1] INFO  server.RaftServerConfigKeys (ConfUtils.java:logGet(46)) - raft.server.log.segment.cache.num.max = 2 (custom)
2025-05-13 07:38:30,320 [49ac9364-6870-4d6d-b10d-4a5e6439ebfa-impl-thread1] INFO  server.RaftServerConfigKeys (ConfUtils.java:logGet(46)) - raft.server.log.segment.cache.size.max = 200MB (=209715200) (default)
2025-05-13 07:38:30,320 [49ac9364-6870-4d6d-b10d-4a5e6439ebfa-impl-thread1] INFO  server.RaftServerConfigKeys (ConfUtils.java:logGet(46)) - raft.server.log.appender.buffer.byte-limit = 4194304 (custom)
2025-05-13 07:38:30,320 [49ac9364-6870-4d6d-b10d-4a5e6439ebfa-impl-thread1] INFO  util.AwaitToRun (AwaitToRun.java:start(81)) - Thread[#120,49ac9364-6870-4d6d-b10d-4a5e6439ebfa@group-68630E7B2DFA-cacheEviction-AwaitToRun,5,main] started
2025-05-13 07:38:30,320 [49ac9364-6870-4d6d-b10d-4a5e6439ebfa-impl-thread1] INFO  segmented.SegmentedRaftLogWorker (SegmentedRaftLogWorker.java:<init>(188)) - new 49ac9364-6870-4d6d-b10d-4a5e6439ebfa@group-68630E7B2DFA-SegmentedRaftLogWorker for RaftStorageImpl:Storage Directory /tmp/junit-2951846701982869450/scm-meta/scm-ha/2b4ba3f5-ab2c-4df8-8ee8-68630e7b2dfa
2025-05-13 07:38:30,320 [49ac9364-6870-4d6d-b10d-4a5e6439ebfa-impl-thread1] INFO  server.RaftServerConfigKeys (ConfUtils.java:logGet(46)) - raft.server.log.queue.byte-limit = 64MB (=67108864) (default)
2025-05-13 07:38:30,321 [49ac9364-6870-4d6d-b10d-4a5e6439ebfa-impl-thread1] INFO  server.RaftServerConfigKeys (ConfUtils.java:logGet(46)) - raft.server.log.queue.element-limit = 4096 (default)
2025-05-13 07:38:30,321 [49ac9364-6870-4d6d-b10d-4a5e6439ebfa-impl-thread1] INFO  server.RaftServerConfigKeys (ConfUtils.java:logGet(46)) - raft.server.log.segment.size.max = 4194304 (custom)
2025-05-13 07:38:30,322 [49ac9364-6870-4d6d-b10d-4a5e6439ebfa-impl-thread1] INFO  server.RaftServerConfigKeys (ConfUtils.java:logGet(46)) - raft.server.log.preallocated.size = 4194304 (custom)
2025-05-13 07:38:30,322 [49ac9364-6870-4d6d-b10d-4a5e6439ebfa-impl-thread1] INFO  server.RaftServerConfigKeys (ConfUtils.java:logGet(46)) - raft.server.log.force.sync.num = 128 (default)
2025-05-13 07:38:30,323 [49ac9364-6870-4d6d-b10d-4a5e6439ebfa-impl-thread1] INFO  server.RaftServerConfigKeys (ConfUtils.java:logGet(46)) - raft.server.log.statemachine.data.sync = true (default)
2025-05-13 07:38:30,323 [49ac9364-6870-4d6d-b10d-4a5e6439ebfa-impl-thread1] INFO  server.RaftServerConfigKeys (ConfUtils.java:logGet(46)) - raft.server.log.statemachine.data.sync.timeout = 10s (default)
2025-05-13 07:38:30,323 [49ac9364-6870-4d6d-b10d-4a5e6439ebfa-impl-thread1] INFO  server.RaftServerConfigKeys (ConfUtils.java:logGet(46)) - raft.server.log.statemachine.data.sync.timeout.retry = -1 (default)
2025-05-13 07:38:30,325 [49ac9364-6870-4d6d-b10d-4a5e6439ebfa-impl-thread1] INFO  server.RaftServerConfigKeys (ConfUtils.java:logGet(46)) - raft.server.log.write.buffer.size = 4194312 (custom)
2025-05-13 07:38:30,327 [49ac9364-6870-4d6d-b10d-4a5e6439ebfa-impl-thread1] INFO  server.RaftServerConfigKeys (ConfUtils.java:logGet(46)) - raft.server.log.appender.buffer.byte-limit = 4194304 (custom)
2025-05-13 07:38:30,328 [49ac9364-6870-4d6d-b10d-4a5e6439ebfa-impl-thread1] INFO  server.RaftServerConfigKeys (ConfUtils.java:logGet(46)) - raft.server.log.unsafe-flush.enabled = false (default)
2025-05-13 07:38:30,328 [49ac9364-6870-4d6d-b10d-4a5e6439ebfa-impl-thread1] INFO  server.RaftServerConfigKeys (ConfUtils.java:logGet(46)) - raft.server.log.async-flush.enabled = false (default)
2025-05-13 07:38:30,328 [49ac9364-6870-4d6d-b10d-4a5e6439ebfa-impl-thread1] INFO  server.RaftServerConfigKeys (ConfUtils.java:logGet(46)) - raft.server.log.statemachine.data.caching.enabled = false (default)
2025-05-13 07:38:30,333 [49ac9364-6870-4d6d-b10d-4a5e6439ebfa-impl-thread1] INFO  server.RaftServer$Division (ServerState.java:setRaftConf(386)) - 49ac9364-6870-4d6d-b10d-4a5e6439ebfa@group-68630E7B2DFA: set configuration conf: {index: 0, cur=peers:[49ac9364-6870-4d6d-b10d-4a5e6439ebfa|pkrvmberfyhpb9w:15004]|listeners:[], old=null}
2025-05-13 07:38:30,334 [49ac9364-6870-4d6d-b10d-4a5e6439ebfa-impl-thread1] INFO  segmented.LogSegment (LogSegment.java:loadSegment(171)) - Successfully read 1 entries from segment file /tmp/junit-2951846701982869450/scm-meta/scm-ha/2b4ba3f5-ab2c-4df8-8ee8-68630e7b2dfa/current/log_inprogress_0
2025-05-13 07:38:30,334 [49ac9364-6870-4d6d-b10d-4a5e6439ebfa-impl-thread1] INFO  segmented.SegmentedRaftLogWorker (SegmentedRaftLogWorker.java:lambda$new$0(139)) - 49ac9364-6870-4d6d-b10d-4a5e6439ebfa@group-68630E7B2DFA-SegmentedRaftLogWorker: safeCacheEvictIndex: setUnconditionally 0 -> -1
2025-05-13 07:38:30,335 [49ac9364-6870-4d6d-b10d-4a5e6439ebfa-impl-thread1] INFO  segmented.BufferedWriteChannel (BufferedWriteChannel.java:open(61)) - open log_inprogress_0 (append) at position 82
2025-05-13 07:38:30,337 [49ac9364-6870-4d6d-b10d-4a5e6439ebfa-impl-thread1] INFO  server.RaftServer$Division (RaftServerImpl.java:start(391)) - 49ac9364-6870-4d6d-b10d-4a5e6439ebfa@group-68630E7B2DFA: start as a follower, conf=conf: {index: 0, cur=peers:[49ac9364-6870-4d6d-b10d-4a5e6439ebfa|pkrvmberfyhpb9w:15004]|listeners:[], old=null}
2025-05-13 07:38:30,337 [49ac9364-6870-4d6d-b10d-4a5e6439ebfa-impl-thread1] INFO  server.RaftServer$Division (RaftServerImpl.java:setRole(378)) - 49ac9364-6870-4d6d-b10d-4a5e6439ebfa@group-68630E7B2DFA: changes role from      null to FOLLOWER at term 1 for startAsFollower
2025-05-13 07:38:30,337 [49ac9364-6870-4d6d-b10d-4a5e6439ebfa-impl-thread1] INFO  impl.RoleInfo (RoleInfo.java:updateAndGet(148)) - 49ac9364-6870-4d6d-b10d-4a5e6439ebfa: start 49ac9364-6870-4d6d-b10d-4a5e6439ebfa@group-68630E7B2DFA-FollowerState
2025-05-13 07:38:30,338 [49ac9364-6870-4d6d-b10d-4a5e6439ebfa@group-68630E7B2DFA-FollowerState] INFO  server.RaftServerConfigKeys (ConfUtils.java:logFallback(53)) - raft.server.rpc.first-election.timeout.min = 5000ms (fallback to raft.server.rpc.timeout.min)
2025-05-13 07:38:30,338 [49ac9364-6870-4d6d-b10d-4a5e6439ebfa@group-68630E7B2DFA-FollowerState] INFO  server.RaftServerConfigKeys (ConfUtils.java:logFallback(53)) - raft.server.rpc.first-election.timeout.max = 5200ms (fallback to raft.server.rpc.timeout.max)
2025-05-13 07:38:30,339 [49ac9364-6870-4d6d-b10d-4a5e6439ebfa-impl-thread1] INFO  util.JmxRegister (JmxRegister.java:tryRegister(44)) - Successfully registered JMX Bean with object name Ratis:service=RaftServer,group=group-68630E7B2DFA,id=49ac9364-6870-4d6d-b10d-4a5e6439ebfa
2025-05-13 07:38:30,339 [49ac9364-6870-4d6d-b10d-4a5e6439ebfa-impl-thread1] INFO  util.JmxRegister (JmxRegister.java:register(58)) - register mxBean class org.apache.ratis.server.impl.RaftServerJmxAdapter as Ratis:service=RaftServer,group=group-68630E7B2DFA,id=49ac9364-6870-4d6d-b10d-4a5e6439ebfa
2025-05-13 07:38:30,339 [49ac9364-6870-4d6d-b10d-4a5e6439ebfa-impl-thread1] INFO  server.RaftServerConfigKeys (ConfUtils.java:logGet(46)) - raft.server.snapshot.trigger-when-stop.enabled = true (default)
2025-05-13 07:38:30,339 [49ac9364-6870-4d6d-b10d-4a5e6439ebfa-impl-thread1] INFO  server.RaftServerConfigKeys (ConfUtils.java:logGet(46)) - raft.server.snapshot.trigger-when-remove.enabled = true (default)
2025-05-13 07:38:30,339 [49ac9364-6870-4d6d-b10d-4a5e6439ebfa-impl-thread1] INFO  server.RaftServerConfigKeys (ConfUtils.java:logGet(46)) - raft.server.snapshot.auto.trigger.enabled = true (custom)
2025-05-13 07:38:30,340 [49ac9364-6870-4d6d-b10d-4a5e6439ebfa-impl-thread1] INFO  server.RaftServerConfigKeys (ConfUtils.java:logGet(46)) - raft.server.snapshot.auto.trigger.threshold = 1000 (custom)
2025-05-13 07:38:30,340 [49ac9364-6870-4d6d-b10d-4a5e6439ebfa-impl-thread1] INFO  server.RaftServerConfigKeys (ConfUtils.java:logGet(46)) - raft.server.snapshot.retention.file.num = -1 (default)
2025-05-13 07:38:30,340 [49ac9364-6870-4d6d-b10d-4a5e6439ebfa-impl-thread1] INFO  server.RaftServerConfigKeys (ConfUtils.java:logGet(46)) - raft.server.log.purge.upto.snapshot.index = false (default)
2025-05-13 07:38:30,341 [49ac9364-6870-4d6d-b10d-4a5e6439ebfa-impl-thread1] INFO  server.RaftServer$Division (RaftServerImpl.java:start(405)) - 49ac9364-6870-4d6d-b10d-4a5e6439ebfa@group-68630E7B2DFA: Successfully started.
2025-05-13 07:38:30,342 [main] INFO  server.RaftServer (RaftServerProxy.java:startImpl(407)) - 49ac9364-6870-4d6d-b10d-4a5e6439ebfa: start RPC server
2025-05-13 07:38:30,343 [main] INFO  server.GrpcService (GrpcService.java:startImpl(334)) - 49ac9364-6870-4d6d-b10d-4a5e6439ebfa: GrpcService started, listening on 15004
2025-05-13 07:38:30,343 [JvmPauseMonitor1] INFO  util.JvmPauseMonitor (JvmPauseMonitor.java:run(146)) - JvmPauseMonitor-49ac9364-6870-4d6d-b10d-4a5e6439ebfa: Started
2025-05-13 07:38:30,348 [main] INFO  ha.SCMHAManagerImpl (SCMHAManagerImpl.java:start(131)) -  scm role is FOLLOWER peers [49ac9364-6870-4d6d-b10d-4a5e6439ebfa|pkrvmberfyhpb9w:15004]
2025-05-13 07:38:30,348 [main] INFO  ha.InterSCMGrpcService (InterSCMGrpcProtocolService.java:start(98)) - Starting SCM Grpc Service at port 15005
2025-05-13 07:38:30,350 [main] INFO  SCMHATransactionMonitor (BackgroundSCMService.java:start(64)) - Starting SCMHATransactionMonitor Service.
2025-05-13 07:38:30,350 [main] INFO  ha.SCMServiceManager (SCMServiceManager.java:register(42)) - Registering service SCMHATransactionMonitor.
2025-05-13 07:38:30,351 [main] INFO  SCMHATransactionMonitor (BackgroundSCMService.java:start(61)) - SCMHATransactionMonitor Service is already running, skip start.
2025-05-13 07:38:30,387 [main] WARN  impl.MetricsConfig (MetricsConfig.java:loadFirst(138)) - Cannot locate configuration: tried hadoop-metrics2-storagecontainermanager.properties,hadoop-metrics2.properties
2025-05-13 07:38:30,394 [main] INFO  impl.MetricsSystemImpl (MetricsSystemImpl.java:startTimer(378)) - Scheduled Metric snapshot period at 10 second(s).
2025-05-13 07:38:30,394 [main] INFO  impl.MetricsSystemImpl (MetricsSystemImpl.java:start(191)) - StorageContainerManager metrics system started
2025-05-13 07:38:30,444 [main] INFO  server.SCMClientProtocolServer (SCMClientProtocolServer.java:start(207)) - RPC server for Client  is listening at /0.0.0.0:15000
2025-05-13 07:38:30,445 [IPC Server Responder] INFO  ipc.Server (Server.java:run(1713)) - IPC Server Responder: starting
2025-05-13 07:38:30,445 [IPC Server listener on 15000] INFO  ipc.Server (Server.java:run(1553)) - IPC Server listener on 15000: starting
2025-05-13 07:38:30,461 [main] INFO  server.StorageContainerManager (StorageContainerManager.java:start(1520)) - ScmBlockLocationProtocol RPC server is listening at /0.0.0.0:15002
2025-05-13 07:38:30,461 [main] INFO  server.SCMBlockProtocolServer (SCMBlockProtocolServer.java:start(166)) - RPC server for Block Protocol is listening at /0.0.0.0:15002
2025-05-13 07:38:30,462 [IPC Server Responder] INFO  ipc.Server (Server.java:run(1713)) - IPC Server Responder: starting
2025-05-13 07:38:30,462 [IPC Server listener on 15002] INFO  ipc.Server (Server.java:run(1553)) - IPC Server listener on 15002: starting
2025-05-13 07:38:30,478 [main] INFO  server.SCMSecurityProtocolServer (SCMSecurityProtocolServer.java:start(503)) - Starting RPC server for SCMSecurityProtocolServer. is listening at /0.0.0.0:15003
2025-05-13 07:38:30,480 [IPC Server Responder] INFO  ipc.Server (Server.java:run(1713)) - IPC Server Responder: starting
2025-05-13 07:38:30,480 [IPC Server listener on 15003] INFO  ipc.Server (Server.java:run(1553)) - IPC Server listener on 15003: starting
2025-05-13 07:38:30,492 [main] INFO  http.BaseHttpServer (BaseHttpServer.java:newHttpServer2BuilderForOzone(229)) - Starting Web-server for scm at: http://0.0.0.0:9876
2025-05-13 07:38:30,493 [main] INFO  http.BaseHttpServer (BaseHttpServer.java:<init>(107)) - Hadoop Security Enabled: true Ozone Security Enabled: true Ozone HTTP Security Enabled: false 
2025-05-13 07:38:30,514 [main] INFO  util.log (Log.java:initialized(170)) - Logging initialized @11393ms to org.eclipse.jetty.util.log.Slf4jLog
2025-05-13 07:38:30,598 [main] WARN  server.AuthenticationFilter (AuthenticationFilter.java:constructSecretProvider(240)) - Unable to initialize FileSignerSecretProvider, falling back to use random secrets. Reason: Could not read signature secret file: /home/runner/hadoop-http-auth-signature-secret
2025-05-13 07:38:30,621 [main] INFO  http.HttpServer2 (HttpServer2.java:addGlobalFilter(1042)) - Added global filter 'safety' (class=org.apache.hadoop.hdds.server.http.HttpServer2$QuotingInputFilter)
2025-05-13 07:38:30,622 [main] INFO  http.HttpServer2 (HttpServer2.java:addFilter(1018)) - Added filter static_user_filter (class=org.apache.hadoop.http.lib.StaticUserWebFilter$StaticUserFilter) to context scm
2025-05-13 07:38:30,623 [main] INFO  http.HttpServer2 (HttpServer2.java:addFilter(1026)) - Added filter static_user_filter (class=org.apache.hadoop.http.lib.StaticUserWebFilter$StaticUserFilter) to context static
2025-05-13 07:38:30,623 [main] INFO  http.HttpServer2 (HttpServer2.java:addFilter(1026)) - Added filter static_user_filter (class=org.apache.hadoop.http.lib.StaticUserWebFilter$StaticUserFilter) to context logs
2025-05-13 07:38:30,648 [main] INFO  http.BaseHttpServer (BaseHttpServer.java:<init>(195)) - HTTP server of scm uses base directory /tmp/junit-2951846701982869450/scm-meta/webserver
2025-05-13 07:38:30,649 [main] INFO  http.HttpServer2 (HttpServer2.java:bindListener(1242)) - Jetty bound to port 9876
2025-05-13 07:38:30,651 [main] INFO  server.Server (Server.java:doStart(375)) - jetty-9.4.57.v20241219; built: 2025-01-08T21:24:30.412Z; git: df524e6b29271c2e09ba9aea83c18dc9db464a31; jvm 21.0.7+6-LTS
2025-05-13 07:38:30,670 [main] INFO  server.session (DefaultSessionIdManager.java:doStart(334)) - DefaultSessionIdManager workerName=node0
2025-05-13 07:38:30,670 [main] INFO  server.session (DefaultSessionIdManager.java:doStart(339)) - No SessionScavenger set, using defaults
2025-05-13 07:38:30,672 [main] INFO  server.session (HouseKeeper.java:startScavenging(132)) - node0 Scavenging every 600000ms
2025-05-13 07:38:30,680 [main] INFO  handler.ContextHandler (ContextHandler.java:doStart(921)) - Started o.e.j.s.ServletContextHandler@1ec8afc4{logs,/logs,file:///home/runner/work/ozone/ozone/hadoop-ozone/integration-test/target/log,AVAILABLE}
2025-05-13 07:38:30,680 [main] INFO  handler.ContextHandler (ContextHandler.java:doStart(921)) - Started o.e.j.s.ServletContextHandler@410c1f44{static,/static,file:///home/runner/work/ozone/ozone/hadoop-ozone/integration-test/target/test-classes/webapps/static,AVAILABLE}
2025-05-13 07:38:30,712 [main] INFO  handler.ContextHandler (ContextHandler.java:doStart(921)) - Started o.e.j.w.WebAppContext@5fe5f2f0{scm,/,file:///home/runner/work/ozone/ozone/hadoop-ozone/integration-test/target/test-classes/webapps/scm/,AVAILABLE}{file:/home/runner/work/ozone/ozone/hadoop-ozone/integration-test/target/test-classes/webapps/scm}
2025-05-13 07:38:30,717 [main] INFO  server.AbstractConnector (AbstractConnector.java:doStart(333)) - Started ServerConnector@310df168{HTTP/1.1, (http/1.1)}{0.0.0.0:9876}
2025-05-13 07:38:30,717 [main] INFO  server.Server (Server.java:doStart(415)) - Started @11596ms
2025-05-13 07:38:30,719 [main] INFO  impl.MetricsSinkAdapter (MetricsSinkAdapter.java:start(204)) - Sink prometheus started
2025-05-13 07:38:30,719 [main] INFO  impl.MetricsSystemImpl (MetricsSystemImpl.java:registerSink(305)) - Registered sink prometheus
2025-05-13 07:38:30,720 [main] INFO  http.BaseHttpServer (BaseHttpServer.java:updateConnectorAddress(359)) - HTTP server of scm listening at http://0.0.0.0:9876
2025-05-13 07:38:30,725 [main] WARN  server.ServerUtils (ServerUtils.java:getDBPath(292)) - ozone.om.db.dirs is not configured. We recommend adding this setting. Falling back to ozone.metadata.dirs instead.
2025-05-13 07:38:30,734 [main] INFO  ha.OMHANodeDetails (OMHANodeDetails.java:loadOMHAConfig(113)) - ozone.om.internal.service.id is not defined, falling back to ozone.om.service.ids to find serviceID for OzoneManager if it is HA enabled cluster
2025-05-13 07:38:30,735 [main] INFO  ha.OMHANodeDetails (OMHANodeDetails.java:loadOMHAConfig(224)) - Configuration does not have ozone.om.address set. Falling back to the default OM address pkrvmberfyhpb9w.internal.cloudapp.net/10.1.0.36:15006
2025-05-13 07:38:30,735 [main] INFO  ha.OMHANodeDetails (OMHANodeDetails.java:getOMNodeDetailsForNonHA(252)) - OM Service ID is not set. Setting it to the default ID: omServiceIdDefault
2025-05-13 07:38:30,735 [main] INFO  ha.OMHANodeDetails (OMHANodeDetails.java:getOMNodeDetailsForNonHA(259)) - OM Node ID is not set. Setting it to the default ID: om1
2025-05-13 07:38:30,738 [main] WARN  server.ServerUtils (ServerUtils.java:getDBPath(292)) - ozone.om.db.dirs is not configured. We recommend adding this setting. Falling back to ozone.metadata.dirs instead.
2025-05-13 07:38:30,744 [main] INFO  upgrade.AbstractLayoutVersionManager (AbstractLayoutVersionManager.java:init(80)) - Initializing Layout version manager with metadata layout = DELEGATION_TOKEN_SYMMETRIC_SIGN (version = 8), software layout = DELEGATION_TOKEN_SYMMETRIC_SIGN (version = 8)
2025-05-13 07:38:30,910 [main] INFO  reflections.Reflections (Reflections.java:scan(219)) - Reflections took 164 ms to scan 2 urls, producing 207 keys and 618 values
2025-05-13 07:38:30,913 [main] INFO  upgrade.OMLayoutVersionManager (OMLayoutVersionManager.java:lambda$0(110)) - Skipping Upgrade Action QuotaRepairUpgradeAction since it has been finalized.
2025-05-13 07:38:30,914 [main] INFO  upgrade.OMLayoutVersionManager (OMLayoutVersionManager.java:lambda$0(110)) - Skipping Upgrade Action MockOmUpgradeAction since it has been finalized.
2025-05-13 07:38:30,916 [pool-2-thread-1] INFO  request.TgsRequest (TgsRequest.java:issueTicket(117)) - TGS_REQ ISSUE: authtime 1747121910914,om/pkrvmberfyhpb9w.internal.cloudapp.net@EXAMPLE.COM for om/pkrvmberfyhpb9w.internal.cloudapp.net@EXAMPLE.COM
2025-05-13 07:38:30,929 [pool-2-thread-1] INFO  request.KdcRequest (KdcRequest.java:preauth(683)) - The preauth data is empty.
2025-05-13 07:38:30,931 [pool-2-thread-1] INFO  server.KdcHandler (KdcHandler.java:handleRecoverableException(177)) - KRB error occurred while processing request: Additional pre-authentication required
2025-05-13 07:38:30,946 [pool-2-thread-1] INFO  request.AsRequest (AsRequest.java:issueTicket(112)) - AS_REQ ISSUE: authtime 1747121910944,om/pkrvmberfyhpb9w.internal.cloudapp.net@EXAMPLE.COM for krbtgt/EXAMPLE.COM@EXAMPLE.COM
2025-05-13 07:38:30,949 [main] INFO  security.UserGroupInformation (UserGroupInformation.java:loginUserFromKeytab(1143)) - Login successful for user om/pkrvmberfyhpb9w.internal.cloudapp.net@EXAMPLE.COM using keytab file om.keytab. Keytab auto renewal enabled : false
2025-05-13 07:38:30,950 [main] INFO  om.OzoneManager (OzoneManager.java:loginOMUser(1308)) - Ozone Manager login successful.
2025-05-13 07:38:30,950 [main] WARN  server.ServerUtils (ServerUtils.java:getDBPath(292)) - ozone.om.db.dirs is not configured. We recommend adding this setting. Falling back to ozone.metadata.dirs instead.
2025-05-13 07:38:30,957 [main] INFO  om.OzoneManager (OzoneManager.java:setReplicationFromConfig(4596)) - Set default replication in OM: RATIS/3 -> RATIS/THREE
2025-05-13 07:38:30,967 [main] INFO  proxy.SCMContainerLocationFailoverProxyProvider (SCMFailoverProxyProviderBase.java:<init>(120)) - Created fail-over proxy for protocol StorageContainerLocationProtocolPB with 1 nodes: [nodeId=scmNodeId,nodeAddress=/0.0.0.0:15000]
2025-05-13 07:38:30,975 [Socket Reader #1 for port 15003] INFO  ipc.Server (Server.java:saslProcess(2290)) - Auth successful for om/pkrvmberfyhpb9w.internal.cloudapp.net@EXAMPLE.COM (auth:KERBEROS) from 127.0.0.1:47864
2025-05-13 07:38:31,010 [main] INFO  proxy.SCMBlockLocationFailoverProxyProvider (SCMFailoverProxyProviderBase.java:<init>(120)) - Created fail-over proxy for protocol ScmBlockLocationProtocolPB with 1 nodes: [nodeId=scmNodeId,nodeAddress=/0.0.0.0:15002]
2025-05-13 07:38:31,035 [IPC Server handler 0 on default port 15003] INFO  ipc.Server (Server.java:logException(3260)) - IPC Server handler 0 on default port 15003, call Call#0 Retry#0 org.apache.hadoop.hdds.protocol.SCMSecurityProtocol.submitRequest from 127.0.0.1:47864
org.apache.hadoop.hdds.ratis.ServerNotLeaderException: SCM Server:49ac9364-6870-4d6d-b10d-4a5e6439ebfa(pkrvmberfyhpb9w.internal.cloudapp.net) is not the leader. Could not determine the leader node.
	at org.apache.hadoop.hdds.ratis.ServerNotLeaderException.convertToNotLeaderException(ServerNotLeaderException.java:106)
	at org.apache.hadoop.hdds.scm.ha.RatisUtil.checkRatisException(RatisUtil.java:248)
	at org.apache.hadoop.hdds.scm.protocol.SCMSecurityProtocolServerSideTranslatorPB.submitRequest(SCMSecurityProtocolServerSideTranslatorPB.java:83)
	at org.apache.hadoop.hdds.protocol.proto.SCMSecurityProtocolProtos$SCMSecurityProtocolService$2.callBlockingMethod(SCMSecurityProtocolProtos.java:18942)
	at org.apache.hadoop.ipc.ProtobufRpcEngine$Server.processCall(ProtobufRpcEngine.java:484)
	at org.apache.hadoop.ipc.ProtobufRpcEngine2$Server$ProtoBufRpcInvoker.call(ProtobufRpcEngine2.java:595)
	at org.apache.hadoop.ipc.ProtobufRpcEngine2$Server$ProtoBufRpcInvoker.call(ProtobufRpcEngine2.java:573)
	at org.apache.hadoop.ipc.RPC$Server.call(RPC.java:1227)
	at org.apache.hadoop.ipc.Server$RpcCall.run(Server.java:1246)
	at org.apache.hadoop.ipc.Server$RpcCall.run(Server.java:1169)
	at java.base/java.security.AccessController.doPrivileged(AccessController.java:714)
	at java.base/javax.security.auth.Subject.doAs(Subject.java:525)
	at org.apache.hadoop.security.UserGroupInformation.doAs(UserGroupInformation.java:1953)
	at org.apache.hadoop.ipc.Server$Handler.run(Server.java:3198)
2025-05-13 07:38:31,035 [main] INFO  om.OzoneManager (OzoneManager.java:getOmDetailsProto(4941)) - OzoneManager ports added:[name: "RPC"
value: 15006
]
2025-05-13 07:38:31,037 [main] INFO  proxy.SCMSecurityProtocolFailoverProxyProvider (SCMFailoverProxyProviderBase.java:<init>(120)) - Created fail-over proxy for protocol SCMSecurityProtocolPB with 1 nodes: [nodeId=scmNodeId,nodeAddress=/0.0.0.0:15003]
2025-05-13 07:38:31,039 [main] INFO  security.OMCertificateClient (DefaultCertificateClient.java:updateCertSerialId(1289)) - Certificate serial ID set to 9879877970576
2025-05-13 07:38:31,039 [main] WARN  security.OMCertificateClient (DefaultCertificateClient.java:loadAllCertificates(178)) - Certificates could not be loaded.
java.nio.file.NoSuchFileException: /tmp/junit-2951846701982869450/scm-meta/om/certs
	at java.base/sun.nio.fs.UnixException.translateToIOException(UnixException.java:92)
	at java.base/sun.nio.fs.UnixException.asIOException(UnixException.java:115)
	at java.base/sun.nio.fs.UnixFileSystemProvider.newDirectoryStream(UnixFileSystemProvider.java:501)
	at java.base/java.nio.file.Files.newDirectoryStream(Files.java:482)
	at java.base/java.nio.file.Files.list(Files.java:3785)
	at org.apache.hadoop.hdds.security.x509.certificate.client.DefaultCertificateClient.loadAllCertificates(DefaultCertificateClient.java:173)
	at org.apache.hadoop.hdds.security.x509.certificate.client.DefaultCertificateClient.updateCertSerialId(DefaultCertificateClient.java:1290)
	at org.apache.hadoop.hdds.security.x509.certificate.client.DefaultCertificateClient.<init>(DefaultCertificateClient.java:155)
	at org.apache.hadoop.ozone.security.OMCertificateClient.<init>(OMCertificateClient.java:65)
	at org.apache.hadoop.ozone.om.OzoneManager.<init>(OzoneManager.java:646)
	at org.apache.hadoop.ozone.om.OzoneManager.createOm(OzoneManager.java:877)
	at org.apache.hadoop.ozone.TestSecureOzoneCluster.setupOm(TestSecureOzoneCluster.java:716)
	at org.apache.hadoop.ozone.TestSecureOzoneCluster.testGetSetRevokeS3Secret(TestSecureOzoneCluster.java:728)
	at java.base/jdk.internal.reflect.DirectMethodHandleAccessor.invoke(DirectMethodHandleAccessor.java:103)
	at java.base/java.lang.reflect.Method.invoke(Method.java:580)
	at org.junit.platform.commons.util.ReflectionUtils.invokeMethod(ReflectionUtils.java:775)
	at org.junit.platform.commons.support.ReflectionSupport.invokeMethod(ReflectionSupport.java:479)
	at org.junit.jupiter.engine.execution.MethodInvocation.proceed(MethodInvocation.java:60)
	at org.junit.jupiter.engine.execution.InvocationInterceptorChain$ValidatingInvocation.proceed(InvocationInterceptorChain.java:131)
	at org.junit.jupiter.engine.extension.SameThreadTimeoutInvocation.proceed(SameThreadTimeoutInvocation.java:49)
	at org.junit.jupiter.engine.extension.TimeoutExtension.intercept(TimeoutExtension.java:161)
	at org.junit.jupiter.engine.extension.TimeoutExtension.interceptTestableMethod(TimeoutExtension.java:152)
	at org.junit.jupiter.engine.extension.TimeoutExtension.interceptTestMethod(TimeoutExtension.java:91)
	at org.junit.jupiter.engine.execution.InterceptingExecutableInvoker$ReflectiveInterceptorCall.lambda$ofVoidMethod$0(InterceptingExecutableInvoker.java:112)
	at org.junit.jupiter.engine.execution.InterceptingExecutableInvoker.lambda$invoke$0(InterceptingExecutableInvoker.java:94)
	at org.junit.jupiter.engine.execution.InvocationInterceptorChain$InterceptedInvocation.proceed(InvocationInterceptorChain.java:106)
	at org.junit.jupiter.engine.execution.InvocationInterceptorChain.proceed(InvocationInterceptorChain.java:64)
	at org.junit.jupiter.engine.execution.InvocationInterceptorChain.chainAndInvoke(InvocationInterceptorChain.java:45)
	at org.junit.jupiter.engine.execution.InvocationInterceptorChain.invoke(InvocationInterceptorChain.java:37)
	at org.junit.jupiter.engine.execution.InterceptingExecutableInvoker.invoke(InterceptingExecutableInvoker.java:93)
	at org.junit.jupiter.engine.execution.InterceptingExecutableInvoker.invoke(InterceptingExecutableInvoker.java:87)
	at org.junit.jupiter.engine.descriptor.TestMethodTestDescriptor.lambda$invokeTestMethod$7(TestMethodTestDescriptor.java:216)
	at org.junit.platform.engine.support.hierarchical.ThrowableCollector.execute(ThrowableCollector.java:73)
	at org.junit.jupiter.engine.descriptor.TestMethodTestDescriptor.invokeTestMethod(TestMethodTestDescriptor.java:212)
	at org.junit.jupiter.engine.descriptor.TestMethodTestDescriptor.execute(TestMethodTestDescriptor.java:137)
	at org.junit.jupiter.engine.descriptor.TestMethodTestDescriptor.execute(TestMethodTestDescriptor.java:69)
	at org.junit.platform.engine.support.hierarchical.NodeTestTask.lambda$executeRecursively$6(NodeTestTask.java:156)
	at org.junit.platform.engine.support.hierarchical.ThrowableCollector.execute(ThrowableCollector.java:73)
	at org.junit.platform.engine.support.hierarchical.NodeTestTask.lambda$executeRecursively$8(NodeTestTask.java:146)
	at org.junit.platform.engine.support.hierarchical.Node.around(Node.java:137)
	at org.junit.platform.engine.support.hierarchical.NodeTestTask.lambda$executeRecursively$9(NodeTestTask.java:144)
	at org.junit.platform.engine.support.hierarchical.ThrowableCollector.execute(ThrowableCollector.java:73)
	at org.junit.platform.engine.support.hierarchical.NodeTestTask.executeRecursively(NodeTestTask.java:143)
	at org.junit.platform.engine.support.hierarchical.NodeTestTask.execute(NodeTestTask.java:100)
	at java.base/java.util.ArrayList.forEach(ArrayList.java:1596)
	at org.junit.platform.engine.support.hierarchical.SameThreadHierarchicalTestExecutorService.invokeAll(SameThreadHierarchicalTestExecutorService.java:41)
	at org.junit.platform.engine.support.hierarchical.NodeTestTask.lambda$executeRecursively$6(NodeTestTask.java:160)
	at org.junit.platform.engine.support.hierarchical.ThrowableCollector.execute(ThrowableCollector.java:73)
	at org.junit.platform.engine.support.hierarchical.NodeTestTask.lambda$executeRecursively$8(NodeTestTask.java:146)
	at org.junit.platform.engine.support.hierarchical.Node.around(Node.java:137)
	at org.junit.platform.engine.support.hierarchical.NodeTestTask.lambda$executeRecursively$9(NodeTestTask.java:144)
	at org.junit.platform.engine.support.hierarchical.ThrowableCollector.execute(ThrowableCollector.java:73)
	at org.junit.platform.engine.support.hierarchical.NodeTestTask.executeRecursively(NodeTestTask.java:143)
	at org.junit.platform.engine.support.hierarchical.NodeTestTask.execute(NodeTestTask.java:100)
	at java.base/java.util.ArrayList.forEach(ArrayList.java:1596)
	at org.junit.platform.engine.support.hierarchical.SameThreadHierarchicalTestExecutorService.invokeAll(SameThreadHierarchicalTestExecutorService.java:41)
	at org.junit.platform.engine.support.hierarchical.NodeTestTask.lambda$executeRecursively$6(NodeTestTask.java:160)
	at org.junit.platform.engine.support.hierarchical.ThrowableCollector.execute(ThrowableCollector.java:73)
	at org.junit.platform.engine.support.hierarchical.NodeTestTask.lambda$executeRecursively$8(NodeTestTask.java:146)
	at org.junit.platform.engine.support.hierarchical.Node.around(Node.java:137)
	at org.junit.platform.engine.support.hierarchical.NodeTestTask.lambda$executeRecursively$9(NodeTestTask.java:144)
	at org.junit.platform.engine.support.hierarchical.ThrowableCollector.execute(ThrowableCollector.java:73)
	at org.junit.platform.engine.support.hierarchical.NodeTestTask.executeRecursively(NodeTestTask.java:143)
	at org.junit.platform.engine.support.hierarchical.NodeTestTask.execute(NodeTestTask.java:100)
	at org.junit.platform.engine.support.hierarchical.SameThreadHierarchicalTestExecutorService.submit(SameThreadHierarchicalTestExecutorService.java:35)
	at org.junit.platform.engine.support.hierarchical.HierarchicalTestExecutor.execute(HierarchicalTestExecutor.java:57)
	at org.junit.platform.engine.support.hierarchical.HierarchicalTestEngine.execute(HierarchicalTestEngine.java:54)
	at org.junit.platform.launcher.core.EngineExecutionOrchestrator.execute(EngineExecutionOrchestrator.java:201)
	at org.junit.platform.launcher.core.EngineExecutionOrchestrator.execute(EngineExecutionOrchestrator.java:170)
	at org.junit.platform.launcher.core.EngineExecutionOrchestrator.execute(EngineExecutionOrchestrator.java:94)
	at org.junit.platform.launcher.core.EngineExecutionOrchestrator.lambda$execute$0(EngineExecutionOrchestrator.java:59)
	at org.junit.platform.launcher.core.EngineExecutionOrchestrator.withInterceptedStreams(EngineExecutionOrchestrator.java:142)
	at org.junit.platform.launcher.core.EngineExecutionOrchestrator.execute(EngineExecutionOrchestrator.java:58)
	at org.junit.platform.launcher.core.DefaultLauncher.execute(DefaultLauncher.java:103)
	at org.junit.platform.launcher.core.DefaultLauncher.execute(DefaultLauncher.java:85)
	at org.junit.platform.launcher.core.DelegatingLauncher.execute(DelegatingLauncher.java:47)
	at org.junit.platform.launcher.core.InterceptingLauncher.lambda$execute$1(InterceptingLauncher.java:39)
	at org.junit.platform.launcher.core.ClasspathAlignmentCheckingLauncherInterceptor.intercept(ClasspathAlignmentCheckingLauncherInterceptor.java:25)
	at org.junit.platform.launcher.core.InterceptingLauncher.execute(InterceptingLauncher.java:38)
	at org.junit.platform.launcher.core.DelegatingLauncher.execute(DelegatingLauncher.java:47)
	at org.apache.maven.surefire.junitplatform.LazyLauncher.execute(LazyLauncher.java:56)
	at org.apache.maven.surefire.junitplatform.JUnitPlatformProvider.execute(JUnitPlatformProvider.java:184)
	at org.apache.maven.surefire.junitplatform.JUnitPlatformProvider.invokeAllTests(JUnitPlatformProvider.java:148)
	at org.apache.maven.surefire.junitplatform.JUnitPlatformProvider.invoke(JUnitPlatformProvider.java:120)
	at org.apache.maven.surefire.booter.ForkedBooter.runSuitesInProcess(ForkedBooter.java:385)
	at org.apache.maven.surefire.booter.ForkedBooter.execute(ForkedBooter.java:162)
	at org.apache.maven.surefire.booter.ForkedBooter.run(ForkedBooter.java:507)
	at org.apache.maven.surefire.booter.ForkedBooter.main(ForkedBooter.java:495)
2025-05-13 07:38:31,041 [main] INFO  proxy.SecretKeyProtocolFailoverProxyProvider (SCMFailoverProxyProviderBase.java:<init>(120)) - Created fail-over proxy for protocol SecretKeyProtocolOmPB with 1 nodes: [nodeId=scmNodeId,nodeAddress=/0.0.0.0:15003]
2025-05-13 07:38:31,048 [main] INFO  symmetric.DefaultSecretKeyVerifierClient (DefaultSecretKeyVerifierClient.java:<init>(76)) - Initializing secret key cache with size 16, TTL PT168H
2025-05-13 07:38:31,070 [main] INFO  om.OzoneManager (OzoneManager.java:<init>(670)) - OM start with adminUsers: [runner, om]
2025-05-13 07:38:31,088 [main] WARN  server.ServerUtils (ServerUtils.java:getDBPath(292)) - ozone.om.db.dirs is not configured. We recommend adding this setting. Falling back to ozone.metadata.dirs instead.
2025-05-13 07:38:31,357 [main] INFO  om.OzoneManager (OzoneManager.java:instantiateServices(914)) - S3 Multi-Tenancy is disabled
2025-05-13 07:38:31,364 [main] INFO  security.OzoneSecretStore (OzoneSecretStore.java:loadState(70)) - Loaded 0 tokens
2025-05-13 07:38:31,364 [main] INFO  security.OzoneDelegationTokenSecretManager (OzoneDelegationTokenSecretManager.java:loadTokenSecretState(513)) - Loading token state into token manager.
2025-05-13 07:38:31,380 [main] INFO  om.OmSnapshotManager (OmSnapshotManager.java:<init>(187)) - Ozone filesystem snapshot feature is enabled.
2025-05-13 07:38:31,389 [main] WARN  server.ServerUtils (ServerUtils.java:getDBPath(292)) - ozone.om.snapshot.diff.db.dir is not configured. We recommend adding this setting. Falling back to ozone.metadata.dirs instead.
2025-05-13 07:38:31,420 [main] INFO  utils.NativeLibraryLoader (NativeLibraryLoader.java:loadLibrary(120)) - Loading Library: ozone_rocksdb_tools
2025-05-13 07:38:31,562 [main] INFO  om.OzoneManager (OzoneManager.java:addS3GVolumeToDB(4654)) - Created Volume s3v With Owner om required for S3Gateway operations.
2025-05-13 07:38:31,619 [main] WARN  server.ServerUtils (ServerUtils.java:getDefaultRatisDirectory(304)) - Storage directory for Ratis is not configured. It is a good idea to map this to an SSD disk. Falling back to ozone.metadata.dirs
2025-05-13 07:38:31,620 [main] WARN  utils.OzoneManagerRatisUtils (OzoneManagerRatisUtils.java:getOMRatisSnapshotDirectory(488)) - ozone.om.ratis.snapshot.dir is not configured. Falling back to ozone.metadata.dirs config
2025-05-13 07:38:31,624 [main] WARN  dropwizard3.Dm3MetricRegistriesImpl (Dm3MetricRegistriesImpl.java:addReporterRegistration(114)) - New reporters are added after registries were created. Some metrics will be missing from the reporter. Please add reporter before adding any new registry.
2025-05-13 07:38:31,624 [main] WARN  dropwizard3.Dm3MetricRegistriesImpl (Dm3MetricRegistriesImpl.java:addReporterRegistration(114)) - New reporters are added after registries were created. Some metrics will be missing from the reporter. Please add reporter before adding any new registry.
2025-05-13 07:38:31,624 [main] WARN  server.ServerUtils (ServerUtils.java:getDefaultRatisDirectory(304)) - Storage directory for Ratis is not configured. It is a good idea to map this to an SSD disk. Falling back to ozone.metadata.dirs
2025-05-13 07:38:31,625 [main] INFO  server.RaftServerConfigKeys (ConfUtils.java:logGet(46)) - raft.server.log.appender.buffer.byte-limit = 4194304 (custom)
2025-05-13 07:38:31,627 [main] INFO  ratis.OzoneManagerRatisServer (OzoneManagerRatisServer.java:<init>(167)) - Instantiating OM Ratis server with groupID: omServiceIdDefault and peers: pkrvmberfyhpb9w.internal.cloudapp.net:9872
2025-05-13 07:38:31,631 [main] INFO  ratis.OzoneManagerStateMachine (OzoneManagerStateMachine.java:loadSnapshotInfoFromDB(618)) - TransactionInfo not found in OM DB.
2025-05-13 07:38:31,664 [main] INFO  server.RaftServer (ConfUtils.java:logGet(46)) - raft.rpc.type = GRPC (default)
2025-05-13 07:38:31,665 [main] INFO  grpc.GrpcConfigKeys (ConfUtils.java:logFallback(53)) - raft.grpc.admin.host = null (fallback to raft.grpc.server.host)
2025-05-13 07:38:31,665 [main] INFO  grpc.GrpcConfigKeys (ConfUtils.java:logFallback(53)) - raft.grpc.admin.port = 9872 (fallback to raft.grpc.server.port)
2025-05-13 07:38:31,665 [main] INFO  grpc.GrpcConfigKeys (ConfUtils.java:logFallback(53)) - raft.grpc.client.host = null (fallback to raft.grpc.server.host)
2025-05-13 07:38:31,665 [main] INFO  grpc.GrpcConfigKeys (ConfUtils.java:logFallback(53)) - raft.grpc.client.port = 9872 (fallback to raft.grpc.server.port)
2025-05-13 07:38:31,665 [main] INFO  grpc.GrpcConfigKeys (ConfUtils.java:logGet(46)) - raft.grpc.server.host = null (default)
2025-05-13 07:38:31,665 [main] INFO  grpc.GrpcConfigKeys (ConfUtils.java:logGet(46)) - raft.grpc.server.port = 9872 (custom)
2025-05-13 07:38:31,666 [main] INFO  server.GrpcService (ConfUtils.java:logGet(46)) - raft.grpc.message.size.max = 5242880 (custom)
2025-05-13 07:38:31,666 [main] INFO  server.GrpcService (ConfUtils.java:logGet(46)) - raft.grpc.flow.control.window = 1MB (=1048576) (default)
2025-05-13 07:38:31,666 [main] INFO  server.RaftServerConfigKeys (ConfUtils.java:logGet(46)) - raft.server.rpc.request.timeout = 3000ms (default)
2025-05-13 07:38:31,666 [main] INFO  grpc.GrpcConfigKeys (ConfUtils.java:logGet(46)) - raft.grpc.server.heartbeat.channel = true (default)
2025-05-13 07:38:31,666 [main] INFO  server.RaftServerConfigKeys (ConfUtils.java:logGet(46)) - raft.server.log.appender.buffer.byte-limit = 4194304 (custom)
2025-05-13 07:38:31,666 [main] INFO  grpc.GrpcConfigKeys (ConfUtils.java:logGet(46)) - raft.grpc.server.async.request.thread.pool.cached = true (default)
2025-05-13 07:38:31,666 [main] INFO  grpc.GrpcConfigKeys (ConfUtils.java:logGet(46)) - raft.grpc.server.async.request.thread.pool.size = 32 (default)
2025-05-13 07:38:31,667 [main] INFO  impl.DataStreamServerImpl (ConfUtils.java:logGet(46)) - raft.datastream.type = DISABLED (default)
2025-05-13 07:38:31,668 [main] INFO  server.RaftServerConfigKeys (ConfUtils.java:logGet(46)) - raft.server.sleep.deviation.threshold = 300ms (default)
2025-05-13 07:38:31,668 [main] INFO  server.RaftServerConfigKeys (ConfUtils.java:logGet(46)) - raft.server.close.threshold = 60s (default)
2025-05-13 07:38:31,668 [main] INFO  server.RaftServerConfigKeys (ConfUtils.java:logGet(46)) - raft.server.leaderelection.leader.step-down.wait-time = 10s (default)
2025-05-13 07:38:31,668 [main] INFO  server.RaftServerConfigKeys (ConfUtils.java:logGet(46)) - raft.server.storage.dir = [/tmp/junit-2951846701982869450/scm-meta/ratis] (custom)
2025-05-13 07:38:31,669 [main] INFO  server.RaftServerConfigKeys (ConfUtils.java:logGet(46)) - raft.server.threadpool.proxy.cached = true (default)
2025-05-13 07:38:31,669 [main] INFO  server.RaftServerConfigKeys (ConfUtils.java:logGet(46)) - raft.server.threadpool.proxy.size = 0 (default)
2025-05-13 07:38:31,671 [om1-groupManagement] INFO  server.RaftServer$Division (RaftServerImpl.java:<init>(255)) - om1: new RaftServerImpl for group-C5BA1605619E:[om1|pkrvmberfyhpb9w.internal.cloudapp.net:9872] with OzoneManagerStateMachine:uninitialized
2025-05-13 07:38:31,671 [main] INFO  server.RaftServer (RaftServerProxy.java:addNew(100)) - om1: addNew group-C5BA1605619E:[om1|pkrvmberfyhpb9w.internal.cloudapp.net:9872] returns group-C5BA1605619E:java.util.concurrent.CompletableFuture@394642e5[Not completed]
2025-05-13 07:38:31,672 [main] INFO  om.OzoneManager (OzoneManager.java:initializeRatisServer(2284)) - OzoneManager Ratis server initialized at port 9872
2025-05-13 07:38:31,672 [om1-groupManagement] INFO  server.RaftServerConfigKeys (ConfUtils.java:logGet(46)) - raft.server.rpc.timeout.min = 5s (custom)
2025-05-13 07:38:31,674 [om1-groupManagement] INFO  server.RaftServerConfigKeys (ConfUtils.java:logGet(46)) - raft.server.rpc.timeout.max = 5200ms (custom)
2025-05-13 07:38:31,674 [om1-groupManagement] INFO  server.RaftServerConfigKeys (ConfUtils.java:logGet(46)) - raft.server.rpc.sleep.time = 25ms (default)
2025-05-13 07:38:31,674 [om1-groupManagement] INFO  server.RaftServerConfigKeys (ConfUtils.java:logGet(46)) - raft.server.rpc.slowness.timeout = 120s (custom)
2025-05-13 07:38:31,674 [om1-groupManagement] INFO  server.RaftServerConfigKeys (ConfUtils.java:logGet(46)) - raft.server.leaderelection.leader.step-down.wait-time = 10s (default)
2025-05-13 07:38:31,675 [om1-groupManagement] INFO  server.RaftServerConfigKeys (ConfUtils.java:logGet(46)) - raft.server.leaderelection.member.majority-add = false (default)
2025-05-13 07:38:31,676 [om1-groupManagement] INFO  server.RaftServerConfigKeys (ConfUtils.java:logGet(46)) - raft.server.sleep.deviation.threshold = 300ms (default)
2025-05-13 07:38:31,676 [om1-groupManagement] INFO  server.RaftServer$Division (ServerState.java:<init>(114)) - om1@group-C5BA1605619E: ConfigurationManager, init=conf: {index: -1, cur=peers:[om1|pkrvmberfyhpb9w.internal.cloudapp.net:9872]|listeners:[], old=null}, confs=<EMPTY_MAP>
2025-05-13 07:38:31,676 [om1-groupManagement] INFO  server.RaftServerConfigKeys (ConfUtils.java:logGet(46)) - raft.server.notification.no-leader.timeout = 120s (custom)
2025-05-13 07:38:31,677 [om1-groupManagement] INFO  server.RaftServerConfigKeys (ConfUtils.java:logGet(46)) - raft.server.read.timeout = 10s (default)
2025-05-13 07:38:31,678 [om1-groupManagement] INFO  server.RaftServerConfigKeys (ConfUtils.java:logGet(46)) - raft.server.retrycache.expirytime = 300s (custom)
2025-05-13 07:38:31,678 [om1-groupManagement] INFO  server.RaftServerConfigKeys (ConfUtils.java:logGet(46)) - raft.server.retrycache.statistics.expirytime = 100ms (default)
2025-05-13 07:38:31,679 [om1-groupManagement] INFO  server.RaftServerConfigKeys (ConfUtils.java:logGet(46)) - raft.server.read.option = DEFAULT (default)
2025-05-13 07:38:31,679 [om1-groupManagement] INFO  server.RaftServerConfigKeys (ConfUtils.java:logGet(46)) - raft.server.read.read-after-write-consistent.write-index-cache.expiry-time = 60s (default)
2025-05-13 07:38:31,681 [main] INFO  om.OzoneManager (OzoneManager.java:getRpcServer(1340)) - Creating RPC Server
2025-05-13 07:38:31,688 [om1-groupManagement] INFO  server.RaftServerConfigKeys (ConfUtils.java:logGet(46)) - raft.server.rpc.request.timeout = 3000ms (default)
2025-05-13 07:38:31,688 [om1-groupManagement] INFO  server.RaftServerConfigKeys (ConfUtils.java:logGet(46)) - raft.server.log.appender.install.snapshot.enabled = false (custom)
2025-05-13 07:38:31,688 [om1-groupManagement] INFO  server.RaftServerConfigKeys (ConfUtils.java:logGet(46)) - raft.server.threadpool.server.cached = true (default)
2025-05-13 07:38:31,688 [om1-groupManagement] INFO  server.RaftServerConfigKeys (ConfUtils.java:logGet(46)) - raft.server.threadpool.server.size = 0 (default)
2025-05-13 07:38:31,688 [om1-groupManagement] INFO  server.RaftServerConfigKeys (ConfUtils.java:logGet(46)) - raft.server.threadpool.client.cached = true (default)
2025-05-13 07:38:31,688 [om1-groupManagement] INFO  server.RaftServerConfigKeys (ConfUtils.java:logGet(46)) - raft.server.threadpool.client.size = 0 (default)
2025-05-13 07:38:32,509 [main] INFO  reflections.Reflections (Reflections.java:scan(219)) - Reflections took 785 ms to scan 24 urls, producing 60 keys and 7515 values
2025-05-13 07:38:32,664 [main] INFO  ipc.CallQueueManager (CallQueueManager.java:<init>(93)) - Using callQueue: class java.util.concurrent.LinkedBlockingQueue, queueCapacity: 2000, scheduler: class org.apache.hadoop.ipc.DefaultRpcScheduler, ipcBackoff: false, ipcFailOver: false.
2025-05-13 07:38:32,665 [main] INFO  server.StorageContainerManager (StorageContainerManager.java:stop(1608)) - Container Balancer is not running.
2025-05-13 07:38:32,665 [main] INFO  server.StorageContainerManager (StorageContainerManager.java:stopReplicationManager(1742)) - Stopping Replication Manager Service.
2025-05-13 07:38:32,665 [main] INFO  replication.ReplicationManager (ReplicationManager.java:stop(316)) - Stopping Replication Monitor Thread.
2025-05-13 07:38:32,665 [UnderReplicatedProcessor] WARN  replication.UnhealthyReplicationProcessor (UnhealthyReplicationProcessor.java:run(178)) - UnderReplicatedProcessor interrupted. Exiting...
2025-05-13 07:38:32,665 [OverReplicatedProcessor] WARN  replication.UnhealthyReplicationProcessor (UnhealthyReplicationProcessor.java:run(178)) - OverReplicatedProcessor interrupted. Exiting...
2025-05-13 07:38:32,665 [ReplicationMonitor] INFO  replication.ReplicationManager (ReplicationManager.java:run(936)) - Replication Monitor Thread is stopped
2025-05-13 07:38:32,665 [main] INFO  server.StorageContainerManager (StorageContainerManager.java:stop(1617)) - Stopping the Datanode Admin Monitor.
2025-05-13 07:38:32,666 [main] INFO  server.StorageContainerManager (StorageContainerManager.java:stop(1624)) - Stopping datanode service RPC server
2025-05-13 07:38:32,666 [main] INFO  server.SCMDatanodeProtocolServer (SCMDatanodeProtocolServer.java:stop(447)) - Stopping the RPC server for DataNodes
2025-05-13 07:38:32,666 [main] INFO  ipc.Server (Server.java:stop(3697)) - Stopping server on 15001
2025-05-13 07:38:32,689 [SCMHeartbeatProcessor-0] WARN  node.NodeStateManager (NodeStateManager.java:scheduleNextHealthCheck(909)) - Current Thread is interrupted, shutting down HB processing thread for Node Manager.
2025-05-13 07:38:32,689 [main] INFO  server.StorageContainerManager (StorageContainerManager.java:stop(1632)) - Stopping block service RPC server
2025-05-13 07:38:32,689 [main] INFO  server.SCMBlockProtocolServer (SCMBlockProtocolServer.java:stop(175)) - Stopping the RPC server for Block Protocol
2025-05-13 07:38:32,689 [main] INFO  ipc.Server (Server.java:stop(3697)) - Stopping server on 15002
2025-05-13 07:38:32,694 [IPC Server listener on 15002] INFO  ipc.Server (Server.java:run(1585)) - Stopping IPC Server listener on 15002
2025-05-13 07:38:32,694 [IPC Server Responder] INFO  ipc.Server (Server.java:run(1718)) - Stopping IPC Server Responder
2025-05-13 07:38:32,695 [main] INFO  server.StorageContainerManager (StorageContainerManager.java:stop(1639)) - Stopping the StorageContainerLocationProtocol RPC server
2025-05-13 07:38:32,695 [main] INFO  server.SCMClientProtocolServer (SCMClientProtocolServer.java:stop(216)) - Stopping the RPC server for Client Protocol
2025-05-13 07:38:32,695 [main] INFO  ipc.Server (Server.java:stop(3697)) - Stopping server on 15000
2025-05-13 07:38:32,699 [IPC Server listener on 15000] INFO  ipc.Server (Server.java:run(1585)) - Stopping IPC Server listener on 15000
2025-05-13 07:38:32,700 [main] INFO  server.StorageContainerManager (StorageContainerManager.java:stop(1646)) - Stopping Storage Container Manager HTTP server.
2025-05-13 07:38:32,700 [IPC Server Responder] INFO  ipc.Server (Server.java:run(1718)) - Stopping IPC Server Responder
2025-05-13 07:38:32,703 [main] INFO  handler.ContextHandler (ContextHandler.java:doStop(1159)) - Stopped o.e.j.w.WebAppContext@5fe5f2f0{scm,/,null,STOPPED}{file:/home/runner/work/ozone/ozone/hadoop-ozone/integration-test/target/test-classes/webapps/scm}
2025-05-13 07:38:32,707 [main] INFO  server.AbstractConnector (AbstractConnector.java:doStop(383)) - Stopped ServerConnector@310df168{HTTP/1.1, (http/1.1)}{0.0.0.0:9876}
2025-05-13 07:38:32,707 [main] INFO  server.session (HouseKeeper.java:stopScavenging(149)) - node0 Stopped scavenging
2025-05-13 07:38:32,707 [main] INFO  handler.ContextHandler (ContextHandler.java:doStop(1159)) - Stopped o.e.j.s.ServletContextHandler@410c1f44{static,/static,file:///home/runner/work/ozone/ozone/hadoop-ozone/integration-test/target/test-classes/webapps/static,STOPPED}
2025-05-13 07:38:32,707 [main] INFO  handler.ContextHandler (ContextHandler.java:doStop(1159)) - Stopped o.e.j.s.ServletContextHandler@1ec8afc4{logs,/logs,file:///home/runner/work/ozone/ozone/hadoop-ozone/integration-test/target/log,STOPPED}
2025-05-13 07:38:32,709 [main] INFO  server.StorageContainerManager (StorageContainerManager.java:stop(1654)) - Stopping SCM LayoutVersionManager Service.
2025-05-13 07:38:32,709 [main] INFO  server.SCMSecurityProtocolServer (SCMSecurityProtocolServer.java:stop(510)) - Stopping the SCMSecurityProtocolServer.
2025-05-13 07:38:32,710 [main] INFO  ipc.Server (Server.java:stop(3697)) - Stopping server on 15003
2025-05-13 07:38:32,710 [IPC Server listener on 15003] INFO  ipc.Server (Server.java:run(1585)) - Stopping IPC Server listener on 15003
2025-05-13 07:38:32,710 [IPC Server Responder] INFO  ipc.Server (Server.java:run(1718)) - Stopping IPC Server Responder
2025-05-13 07:38:32,710 [main] INFO  server.StorageContainerManager (StorageContainerManager.java:stop(1666)) - Stopping Block Manager Service.
2025-05-13 07:38:32,710 [main] INFO  utils.BackgroundService (BackgroundService.java:shutdown(160)) - Shutting down service SCMBlockDeletingService
2025-05-13 07:38:32,711 [main] INFO  utils.BackgroundService (BackgroundService.java:shutdown(160)) - Shutting down service SCMBlockDeletingService
2025-05-13 07:38:32,711 [main] INFO  server.StorageContainerManager (StorageContainerManager.java:stop(1691)) - Stopping SCM Event Queue.
2025-05-13 07:38:32,713 [main] INFO  server.StorageContainerManager (StorageContainerManager.java:stop(1698)) - Stopping SCM HA services.
2025-05-13 07:38:32,713 [main] INFO  ha.SCMRatisServerImpl (SCMRatisServerImpl.java:stop(266)) - stopping ratis server 0.0.0.0:15004
2025-05-13 07:38:32,714 [main] INFO  server.RaftServer (RaftServerProxy.java:lambda$close$9(417)) - 49ac9364-6870-4d6d-b10d-4a5e6439ebfa: close
2025-05-13 07:38:32,715 [main] INFO  server.GrpcService (GrpcService.java:closeImpl(343)) - 49ac9364-6870-4d6d-b10d-4a5e6439ebfa: shutdown server GrpcServerProtocolService now
2025-05-13 07:38:32,715 [49ac9364-6870-4d6d-b10d-4a5e6439ebfa-impl-thread1] INFO  server.RaftServer$Division (RaftServerImpl.java:lambda$close$1(513)) - 49ac9364-6870-4d6d-b10d-4a5e6439ebfa@group-68630E7B2DFA: shutdown
2025-05-13 07:38:32,715 [49ac9364-6870-4d6d-b10d-4a5e6439ebfa-impl-thread1] INFO  util.JmxRegister (JmxRegister.java:unregister(74)) - Successfully un-registered JMX Bean with object name Ratis:service=RaftServer,group=group-68630E7B2DFA,id=49ac9364-6870-4d6d-b10d-4a5e6439ebfa
2025-05-13 07:38:32,715 [49ac9364-6870-4d6d-b10d-4a5e6439ebfa-impl-thread1] INFO  impl.RoleInfo (RoleInfo.java:shutdownFollowerState(121)) - 49ac9364-6870-4d6d-b10d-4a5e6439ebfa: shutdown 49ac9364-6870-4d6d-b10d-4a5e6439ebfa@group-68630E7B2DFA-FollowerState
2025-05-13 07:38:32,715 [49ac9364-6870-4d6d-b10d-4a5e6439ebfa-impl-thread1] INFO  impl.StateMachineUpdater (StateMachineUpdater.java:stopAndJoin(164)) - 49ac9364-6870-4d6d-b10d-4a5e6439ebfa@group-68630E7B2DFA-StateMachineUpdater: set stopIndex = -1
2025-05-13 07:38:32,716 [49ac9364-6870-4d6d-b10d-4a5e6439ebfa@group-68630E7B2DFA-FollowerState] INFO  impl.FollowerState (FollowerState.java:runImpl(170)) - 49ac9364-6870-4d6d-b10d-4a5e6439ebfa@group-68630E7B2DFA-FollowerState was interrupted
2025-05-13 07:38:32,716 [main] INFO  server.GrpcService (GrpcService.java:closeImpl(352)) - 49ac9364-6870-4d6d-b10d-4a5e6439ebfa: shutdown server GrpcServerProtocolService successfully
2025-05-13 07:38:32,717 [49ac9364-6870-4d6d-b10d-4a5e6439ebfa@group-68630E7B2DFA-StateMachineUpdater] INFO  impl.StateMachineUpdater (StateMachineUpdater.java:stop(141)) - 49ac9364-6870-4d6d-b10d-4a5e6439ebfa@group-68630E7B2DFA-StateMachineUpdater: closing SCMStateMachine, lastApplied=(t:0, i:~)
2025-05-13 07:38:32,717 [49ac9364-6870-4d6d-b10d-4a5e6439ebfa@group-68630E7B2DFA-cacheEviction-AwaitToRun] INFO  util.AwaitToRun (AwaitToRun.java:run(49)) - 49ac9364-6870-4d6d-b10d-4a5e6439ebfa@group-68630E7B2DFA-cacheEviction-AwaitToRun-AwaitForSignal is interrupted
2025-05-13 07:38:33,043 [49ac9364-6870-4d6d-b10d-4a5e6439ebfa-scm/sub-ca-refreshCACertificates] INFO  retry.RetryInvocationHandler (RetryInvocationHandler.java:log(426)) - com.google.protobuf.ServiceException: java.io.EOFException: End of File Exception between local host is: "pkrvmberfyhpb9w/10.1.0.36"; destination host is: "localhost":15003; : java.io.EOFException; For more details see:  http://wiki.apache.org/hadoop/EOFException, while invoking $Proxy45.submitRequest over nodeId=scmNodeId,nodeAddress=localhost/127.0.0.1:15003 after 1 failover attempts. Trying to failover after sleeping for 2000ms. Current retry count: 1.
2025-05-13 07:38:33,338 [49ac9364-6870-4d6d-b10d-4a5e6439ebfa-impl-thread1] INFO  segmented.SegmentedRaftLogWorker (SegmentedRaftLogWorker.java:close(252)) - 49ac9364-6870-4d6d-b10d-4a5e6439ebfa@group-68630E7B2DFA-SegmentedRaftLogWorker close()
2025-05-13 07:38:33,338 [JvmPauseMonitor1] INFO  util.JvmPauseMonitor (JvmPauseMonitor.java:run(152)) - JvmPauseMonitor-49ac9364-6870-4d6d-b10d-4a5e6439ebfa: Stopped
2025-05-13 07:38:33,339 [main] INFO  SCMHATransactionMonitor (BackgroundSCMService.java:stop(127)) - Stopping SCMHATransactionMonitor Service.
2025-05-13 07:38:33,339 [SCMHATransactionMonitor] WARN  SCMHATransactionMonitor (BackgroundSCMService.java:run(111)) - SCMHATransactionMonitor is interrupted, exit
2025-05-13 07:38:33,339 [main] INFO  pipeline.BackgroundPipelineCreator (BackgroundPipelineCreator.java:stop(154)) - Stopping RatisPipelineUtilsThread.
2025-05-13 07:38:33,339 [RatisPipelineUtilsThread-0] WARN  pipeline.BackgroundPipelineCreator (BackgroundPipelineCreator.java:run(185)) - RatisPipelineUtilsThread is interrupted.
2025-05-13 07:38:33,340 [main] INFO  BackgroundPipelineScrubber (BackgroundSCMService.java:stop(127)) - Stopping BackgroundPipelineScrubber Service.
2025-05-13 07:38:33,340 [BackgroundPipelineScrubber] WARN  BackgroundPipelineScrubber (BackgroundSCMService.java:run(111)) - BackgroundPipelineScrubber is interrupted, exit
2025-05-13 07:38:33,340 [main] INFO  impl.MetricsSystemImpl (MetricsSystemImpl.java:stop(210)) - Stopping StorageContainerManager metrics system...
2025-05-13 07:38:33,341 [prometheus] INFO  impl.MetricsSinkAdapter (MetricsSinkAdapter.java:publishMetricsFromQueue(141)) - prometheus thread interrupted.
2025-05-13 07:38:33,341 [main] INFO  impl.MetricsSystemImpl (MetricsSystemImpl.java:stop(216)) - StorageContainerManager metrics system stopped.
2025-05-13 07:38:33,341 [main] WARN  pipeline.BackgroundPipelineCreator (BackgroundPipelineCreator.java:stop(150)) - RatisPipelineUtilsThread is not running, just ignore.
2025-05-13 07:38:33,342 [main] INFO  BackgroundPipelineScrubber (BackgroundSCMService.java:stop(122)) - BackgroundPipelineScrubber Service is not running, skip stop.
2025-05-13 07:38:33,342 [main] INFO  ExpiredContainerReplicaOpScrubber (BackgroundSCMService.java:stop(127)) - Stopping ExpiredContainerReplicaOpScrubber Service.
2025-05-13 07:38:33,342 [ExpiredContainerReplicaOpScrubber] WARN  ExpiredContainerReplicaOpScrubber (BackgroundSCMService.java:run(111)) - ExpiredContainerReplicaOpScrubber is interrupted, exit
2025-05-13 07:38:33,342 [main] INFO  utils.BackgroundService (BackgroundService.java:shutdown(160)) - Shutting down service SCMBlockDeletingService
2025-05-13 07:38:33,342 [main] INFO  replication.ReplicationManager (ReplicationManager.java:stop(323)) - Replication Monitor Thread is not running.
2025-05-13 07:38:33,342 [main] WARN  balancer.ContainerBalancer (ContainerBalancer.java:stop(350)) - Cannot stop Container Balancer because it's not running or stopping
2025-05-13 07:38:33,343 [main] INFO  SCMHATransactionMonitor (BackgroundSCMService.java:stop(122)) - SCMHATransactionMonitor Service is not running, skip stop.
2025-05-13 07:38:33,343 [main] INFO  server.StorageContainerManager (StorageContainerManager.java:stop(1733)) - Stopping SCM MetadataStore.
2025-05-13 07:38:33,343 [49ac9364-6870-4d6d-b10d-4a5e6439ebfa-scm/sub-ca-refreshCACertificates] ERROR util.ExitUtils (ExitUtils.java:terminate(133)) - Terminating with exit status -1: Thread[#342,49ac9364-6870-4d6d-b10d-4a5e6439ebfa-scm/sub-ca-refreshCACertificates,5,main] has thrown an uncaught exception
java.lang.reflect.UndeclaredThrowableException
	at jdk.proxy2/jdk.proxy2.$Proxy45.submitRequest(Unknown Source)
	at org.apache.hadoop.hdds.protocolPB.SCMSecurityProtocolClientSideTranslatorPB.submitRequest(SCMSecurityProtocolClientSideTranslatorPB.java:93)
	at org.apache.hadoop.hdds.protocolPB.SCMSecurityProtocolClientSideTranslatorPB.getAllRootCaCertificates(SCMSecurityProtocolClientSideTranslatorPB.java:382)
	at org.apache.hadoop.hdds.security.x509.certificate.client.SCMCertificateClient$RefreshCACertificates.run(SCMCertificateClient.java:238)
	at java.base/java.util.concurrent.ThreadPoolExecutor.runWorker(ThreadPoolExecutor.java:1144)
	at java.base/java.util.concurrent.ThreadPoolExecutor$Worker.run(ThreadPoolExecutor.java:642)
	at java.base/java.lang.Thread.run(Thread.java:1583)
Caused by: java.io.InterruptedIOException: Retry interrupted
	at org.apache.hadoop.io.retry.RetryInvocationHandler$Call.processWaitTimeAndRetryInfo(RetryInvocationHandler.java:141)
	at org.apache.hadoop.io.retry.RetryInvocationHandler$Call.invokeOnce(RetryInvocationHandler.java:112)
	at org.apache.hadoop.io.retry.RetryInvocationHandler.invoke(RetryInvocationHandler.java:366)
	... 7 more
Caused by: java.lang.InterruptedException: sleep interrupted
	at java.base/java.lang.Thread.sleep0(Native Method)
	at java.base/java.lang.Thread.sleep(Thread.java:509)
	at org.apache.hadoop.io.retry.RetryInvocationHandler$Call.processWaitTimeAndRetryInfo(RetryInvocationHandler.java:135)
	... 9 more
2025-05-13 07:38:33,352 [main] INFO  impl.DefaultInternalKdcServerImpl (DefaultInternalKdcServerImpl.java:doStop(102)) - Default Internal kdc server stopped.
2025-05-13 07:38:34,353 [main] INFO  minikdc.MiniKdc (MiniKdc.java:stop(359)) - MiniKdc stopped.
2025-05-13 07:38:34,353 [main] INFO  server.StorageContainerManager (StorageContainerManager.java:stop(1597)) - Storage Container Manager is not running.
2025-05-13 07:38:34,354 [main] INFO  server.StorageContainerManager (StorageContainerManager.java:stopReplicationManager(1742)) - Stopping Replication Manager Service.
2025-05-13 07:38:34,354 [main] INFO  replication.ReplicationManager (ReplicationManager.java:stop(323)) - Replication Monitor Thread is not running.
2025-05-13 07:38:34,354 [main] INFO  server.SCMSecurityProtocolServer (SCMSecurityProtocolServer.java:join(519)) - Join RPC server for SCMSecurityProtocolServer.
2025-05-13 07:38:34,354 [main] INFO  server.SCMSecurityProtocolServer (SCMSecurityProtocolServer.java:join(521)) - Join gRPC server for SCMSecurityProtocolServer.
]]></system-out>
    <rerunError message="Problem binding to [pkrvmberfyhpb9w.internal.cloudapp.net:15013] java.net.BindException: Cannot assign requested address; For more details see:  http://wiki.apache.org/hadoop/BindException" type="java.net.BindException">
      <stackTrace><![CDATA[java.net.BindException: Problem binding to [pkrvmberfyhpb9w.internal.cloudapp.net:15013] java.net.BindException: Cannot assign requested address; For more details see:  http://wiki.apache.org/hadoop/BindException
	at java.base/jdk.internal.reflect.DirectConstructorHandleAccessor.newInstance(DirectConstructorHandleAccessor.java:62)
	at java.base/java.lang.reflect.Constructor.newInstanceWithCaller(Constructor.java:502)
	at java.base/java.lang.reflect.Constructor.newInstance(Constructor.java:486)
	at org.apache.hadoop.net.NetUtils.wrapWithMessage(NetUtils.java:961)
	at org.apache.hadoop.net.NetUtils.wrapException(NetUtils.java:857)
	at org.apache.hadoop.ipc.Server.bind(Server.java:715)
	at org.apache.hadoop.ipc.Server$Listener.<init>(Server.java:1435)
	at org.apache.hadoop.ipc.Server.<init>(Server.java:3364)
	at org.apache.hadoop.ipc.RPC$Server.<init>(RPC.java:1195)
	at org.apache.hadoop.ipc.ProtobufRpcEngine2$Server.<init>(ProtobufRpcEngine2.java:485)
	at org.apache.hadoop.ipc.ProtobufRpcEngine$Server.<init>(ProtobufRpcEngine.java:452)
	at org.apache.hadoop.ipc.ProtobufRpcEngine.getServer(ProtobufRpcEngine.java:375)
	at org.apache.hadoop.ipc.RPC$Builder.build(RPC.java:986)
	at org.apache.hadoop.ozone.om.OzoneManager.startRpcServer(OzoneManager.java:1414)
	at org.apache.hadoop.ozone.om.OzoneManager.getRpcServer(OzoneManager.java:1376)
	at org.apache.hadoop.ozone.om.OzoneManager.<init>(OzoneManager.java:695)
	at org.apache.hadoop.ozone.om.OzoneManager.createOm(OzoneManager.java:877)
	at org.apache.hadoop.ozone.TestSecureOzoneCluster.setupOm(TestSecureOzoneCluster.java:716)
	at org.apache.hadoop.ozone.TestSecureOzoneCluster.testGetSetRevokeS3Secret(TestSecureOzoneCluster.java:728)
	at java.base/java.lang.reflect.Method.invoke(Method.java:580)
	at java.base/java.util.ArrayList.forEach(ArrayList.java:1596)
	at java.base/java.util.ArrayList.forEach(ArrayList.java:1596)
Caused by: java.net.BindException: Cannot assign requested address
	at java.base/sun.nio.ch.Net.bind0(Native Method)
	at java.base/sun.nio.ch.Net.bind(Net.java:565)
	at java.base/sun.nio.ch.ServerSocketChannelImpl.netBind(ServerSocketChannelImpl.java:344)
	at java.base/sun.nio.ch.ServerSocketChannelImpl.bind(ServerSocketChannelImpl.java:301)
	at java.base/sun.nio.ch.ServerSocketAdaptor.bind(ServerSocketAdaptor.java:89)
	at org.apache.hadoop.ipc.Server.bind(Server.java:698)
	... 16 more
]]></stackTrace>
      <system-out><![CDATA[2025-05-13 07:38:34,448 [main] INFO  minikdc.MiniKdc (MiniKdc.java:<init>(225)) - Configuration:
2025-05-13 07:38:34,448 [main] INFO  minikdc.MiniKdc (MiniKdc.java:<init>(226)) - ---------------------------------------------------------------
2025-05-13 07:38:34,448 [main] INFO  minikdc.MiniKdc (MiniKdc.java:<init>(228)) -   max.renewable.lifetime: 604800000
2025-05-13 07:38:34,448 [main] INFO  minikdc.MiniKdc (MiniKdc.java:<init>(228)) -   instance: DefaultKrbServer
2025-05-13 07:38:34,449 [main] INFO  minikdc.MiniKdc (MiniKdc.java:<init>(228)) -   debug: false
2025-05-13 07:38:34,449 [main] INFO  minikdc.MiniKdc (MiniKdc.java:<init>(228)) -   kdc.bind.address: localhost
2025-05-13 07:38:34,449 [main] INFO  minikdc.MiniKdc (MiniKdc.java:<init>(228)) -   max.ticket.lifetime: 86400000
2025-05-13 07:38:34,449 [main] INFO  minikdc.MiniKdc (MiniKdc.java:<init>(228)) -   transport: TCP
2025-05-13 07:38:34,449 [main] INFO  minikdc.MiniKdc (MiniKdc.java:<init>(228)) -   org.name: EXAMPLE
2025-05-13 07:38:34,449 [main] INFO  minikdc.MiniKdc (MiniKdc.java:<init>(228)) -   org.domain: COM
2025-05-13 07:38:34,449 [main] INFO  minikdc.MiniKdc (MiniKdc.java:<init>(228)) -   kdc.port: 0
2025-05-13 07:38:34,449 [main] INFO  minikdc.MiniKdc (MiniKdc.java:<init>(230)) - ---------------------------------------------------------------
2025-05-13 07:38:34,451 [main] INFO  minikdc.MiniKdc (MiniKdc.java:start(285)) - MiniKdc started.
2025-05-13 07:38:34,624 [main] INFO  keys.KeyStorage (KeyStorage.java:storePublicKey(210)) - Storing public key to /tmp/junit-16400629689127446683/om-meta/om/keys/public.pem.
2025-05-13 07:38:34,625 [main] INFO  keys.KeyStorage (KeyStorage.java:storePrivateKey(194)) - Storing private key to /tmp/junit-16400629689127446683/om-meta/om/keys/private.pem.
2025-05-13 07:38:34,626 [main] INFO  om.OzoneManager (OzoneManager.java:getOmDetailsProto(4941)) - OzoneManager ports added:[name: "RPC"
value: 15013
]
2025-05-13 07:38:34,627 [main] WARN  server.ServerUtils (ServerUtils.java:getScmDbDir(138)) - ozone.scm.db.dirs is not configured. We recommend adding this setting. Falling back to ozone.metadata.dirs instead.
2025-05-13 07:38:34,627 [main] INFO  ha.HASecurityUtils (HASecurityUtils.java:initializeSecurity(79)) - Initializing secure StorageContainerManager.
2025-05-13 07:38:34,628 [main] INFO  proxy.SCMSecurityProtocolFailoverProxyProvider (SCMFailoverProxyProviderBase.java:<init>(120)) - Created fail-over proxy for protocol SCMSecurityProtocolPB with 1 nodes: [nodeId=scmNodeId,nodeAddress=localhost/127.0.0.1:15010]
2025-05-13 07:38:34,628 [main] INFO  client.SCMCertificateClient (DefaultCertificateClient.java:updateCertSerialId(1289)) - Certificate serial ID set to null
2025-05-13 07:38:34,628 [main] ERROR client.SCMCertificateClient (DefaultCertificateClient.java:getCertPath(373)) - Default certificate serial id is not set. Can't locate the default certificate for this client.
2025-05-13 07:38:34,628 [main] INFO  client.SCMCertificateClient (DefaultCertificateClient.java:init(717)) - Certificate client init case: 0
2025-05-13 07:38:34,628 [main] INFO  client.SCMCertificateClient (DefaultCertificateClient.java:handleCase(735)) - Creating keypair for client as keypair and certificate not found.
2025-05-13 07:38:34,723 [main] INFO  keys.KeyStorage (KeyStorage.java:storePublicKey(210)) - Storing public key to /tmp/junit-16400629689127446683/scm-meta/scm/sub-ca/keys/public.pem.
2025-05-13 07:38:34,724 [main] INFO  keys.KeyStorage (KeyStorage.java:storePrivateKey(194)) - Storing private key to /tmp/junit-16400629689127446683/scm-meta/scm/sub-ca/keys/private.pem.
2025-05-13 07:38:34,725 [main] INFO  client.SCMCertificateClient (SCMCertificateClient.java:recoverStateIfNeeded(278)) - Init response: GETCERT
2025-05-13 07:38:34,725 [main] INFO  keys.KeyStorage (KeyStorage.java:readPublicKey(174)) - Reading public key from /tmp/junit-16400629689127446683/scm-meta/scm/ca/keys/public.pem.
2025-05-13 07:38:34,726 [main] ERROR keys.KeyStorage (KeyStorage.java:readPublicKey(178)) - Failed to read the public key.
java.nio.file.NoSuchFileException: /tmp/junit-16400629689127446683/scm-meta/scm/ca/keys/public.pem
	at java.base/sun.nio.fs.UnixException.translateToIOException(UnixException.java:92)
	at java.base/sun.nio.fs.UnixException.rethrowAsIOException(UnixException.java:106)
	at java.base/sun.nio.fs.UnixException.rethrowAsIOException(UnixException.java:111)
	at java.base/sun.nio.fs.UnixFileSystemProvider.newByteChannel(UnixFileSystemProvider.java:261)
	at java.base/java.nio.file.Files.newByteChannel(Files.java:380)
	at java.base/java.nio.file.Files.newByteChannel(Files.java:432)
	at java.base/java.nio.file.Files.readAllBytes(Files.java:3281)
	at org.apache.hadoop.hdds.security.x509.keys.KeyStorage.readPublicKey(KeyStorage.java:176)
	at org.apache.hadoop.hdds.security.x509.keys.KeyStorage.readKeyPair(KeyStorage.java:184)
	at org.apache.hadoop.hdds.security.x509.certificate.authority.DefaultCAServer.checkIfKeysExist(DefaultCAServer.java:354)
	at org.apache.hadoop.hdds.security.x509.certificate.authority.DefaultCAServer.verifySelfSignedCA(DefaultCAServer.java:323)
	at org.apache.hadoop.hdds.security.x509.certificate.authority.DefaultCAServer.init(DefaultCAServer.java:162)
	at org.apache.hadoop.hdds.security.x509.certificate.client.SCMCertificateClient.initializeRootCertificateServer(SCMCertificateClient.java:396)
	at org.apache.hadoop.hdds.security.x509.certificate.client.SCMCertificateClient.getPrimarySCMSelfSignedCert(SCMCertificateClient.java:346)
	at org.apache.hadoop.hdds.security.x509.certificate.client.SCMCertificateClient.recoverStateIfNeeded(SCMCertificateClient.java:287)
	at org.apache.hadoop.hdds.security.x509.certificate.client.DefaultCertificateClient.initWithRecovery(DefaultCertificateClient.java:698)
	at org.apache.hadoop.hdds.scm.ha.HASecurityUtils.initializeSecurity(HASecurityUtils.java:96)
	at org.apache.hadoop.ozone.TestSecureOzoneCluster.initSCM(TestSecureOzoneCluster.java:450)
	at org.apache.hadoop.ozone.TestSecureOzoneCluster.testGetSetRevokeS3Secret(TestSecureOzoneCluster.java:722)
	at java.base/jdk.internal.reflect.DirectMethodHandleAccessor.invoke(DirectMethodHandleAccessor.java:103)
	at java.base/java.lang.reflect.Method.invoke(Method.java:580)
	at org.junit.platform.commons.util.ReflectionUtils.invokeMethod(ReflectionUtils.java:775)
	at org.junit.platform.commons.support.ReflectionSupport.invokeMethod(ReflectionSupport.java:479)
	at org.junit.jupiter.engine.execution.MethodInvocation.proceed(MethodInvocation.java:60)
	at org.junit.jupiter.engine.execution.InvocationInterceptorChain$ValidatingInvocation.proceed(InvocationInterceptorChain.java:131)
	at org.junit.jupiter.engine.extension.SameThreadTimeoutInvocation.proceed(SameThreadTimeoutInvocation.java:49)
	at org.junit.jupiter.engine.extension.TimeoutExtension.intercept(TimeoutExtension.java:161)
	at org.junit.jupiter.engine.extension.TimeoutExtension.interceptTestableMethod(TimeoutExtension.java:152)
	at org.junit.jupiter.engine.extension.TimeoutExtension.interceptTestMethod(TimeoutExtension.java:91)
	at org.junit.jupiter.engine.execution.InterceptingExecutableInvoker$ReflectiveInterceptorCall.lambda$ofVoidMethod$0(InterceptingExecutableInvoker.java:112)
	at org.junit.jupiter.engine.execution.InterceptingExecutableInvoker.lambda$invoke$0(InterceptingExecutableInvoker.java:94)
	at org.junit.jupiter.engine.execution.InvocationInterceptorChain$InterceptedInvocation.proceed(InvocationInterceptorChain.java:106)
	at org.junit.jupiter.engine.execution.InvocationInterceptorChain.proceed(InvocationInterceptorChain.java:64)
	at org.junit.jupiter.engine.execution.InvocationInterceptorChain.chainAndInvoke(InvocationInterceptorChain.java:45)
	at org.junit.jupiter.engine.execution.InvocationInterceptorChain.invoke(InvocationInterceptorChain.java:37)
	at org.junit.jupiter.engine.execution.InterceptingExecutableInvoker.invoke(InterceptingExecutableInvoker.java:93)
	at org.junit.jupiter.engine.execution.InterceptingExecutableInvoker.invoke(InterceptingExecutableInvoker.java:87)
	at org.junit.jupiter.engine.descriptor.TestMethodTestDescriptor.lambda$invokeTestMethod$7(TestMethodTestDescriptor.java:216)
	at org.junit.platform.engine.support.hierarchical.ThrowableCollector.execute(ThrowableCollector.java:73)
	at org.junit.jupiter.engine.descriptor.TestMethodTestDescriptor.invokeTestMethod(TestMethodTestDescriptor.java:212)
	at org.junit.jupiter.engine.descriptor.TestMethodTestDescriptor.execute(TestMethodTestDescriptor.java:137)
	at org.junit.jupiter.engine.descriptor.TestMethodTestDescriptor.execute(TestMethodTestDescriptor.java:69)
	at org.junit.platform.engine.support.hierarchical.NodeTestTask.lambda$executeRecursively$6(NodeTestTask.java:156)
	at org.junit.platform.engine.support.hierarchical.ThrowableCollector.execute(ThrowableCollector.java:73)
	at org.junit.platform.engine.support.hierarchical.NodeTestTask.lambda$executeRecursively$8(NodeTestTask.java:146)
	at org.junit.platform.engine.support.hierarchical.Node.around(Node.java:137)
	at org.junit.platform.engine.support.hierarchical.NodeTestTask.lambda$executeRecursively$9(NodeTestTask.java:144)
	at org.junit.platform.engine.support.hierarchical.ThrowableCollector.execute(ThrowableCollector.java:73)
	at org.junit.platform.engine.support.hierarchical.NodeTestTask.executeRecursively(NodeTestTask.java:143)
	at org.junit.platform.engine.support.hierarchical.NodeTestTask.execute(NodeTestTask.java:100)
	at java.base/java.util.ArrayList.forEach(ArrayList.java:1596)
	at org.junit.platform.engine.support.hierarchical.SameThreadHierarchicalTestExecutorService.invokeAll(SameThreadHierarchicalTestExecutorService.java:41)
	at org.junit.platform.engine.support.hierarchical.NodeTestTask.lambda$executeRecursively$6(NodeTestTask.java:160)
	at org.junit.platform.engine.support.hierarchical.ThrowableCollector.execute(ThrowableCollector.java:73)
	at org.junit.platform.engine.support.hierarchical.NodeTestTask.lambda$executeRecursively$8(NodeTestTask.java:146)
	at org.junit.platform.engine.support.hierarchical.Node.around(Node.java:137)
	at org.junit.platform.engine.support.hierarchical.NodeTestTask.lambda$executeRecursively$9(NodeTestTask.java:144)
	at org.junit.platform.engine.support.hierarchical.ThrowableCollector.execute(ThrowableCollector.java:73)
	at org.junit.platform.engine.support.hierarchical.NodeTestTask.executeRecursively(NodeTestTask.java:143)
	at org.junit.platform.engine.support.hierarchical.NodeTestTask.execute(NodeTestTask.java:100)
	at java.base/java.util.ArrayList.forEach(ArrayList.java:1596)
	at org.junit.platform.engine.support.hierarchical.SameThreadHierarchicalTestExecutorService.invokeAll(SameThreadHierarchicalTestExecutorService.java:41)
	at org.junit.platform.engine.support.hierarchical.NodeTestTask.lambda$executeRecursively$6(NodeTestTask.java:160)
	at org.junit.platform.engine.support.hierarchical.ThrowableCollector.execute(ThrowableCollector.java:73)
	at org.junit.platform.engine.support.hierarchical.NodeTestTask.lambda$executeRecursively$8(NodeTestTask.java:146)
	at org.junit.platform.engine.support.hierarchical.Node.around(Node.java:137)
	at org.junit.platform.engine.support.hierarchical.NodeTestTask.lambda$executeRecursively$9(NodeTestTask.java:144)
	at org.junit.platform.engine.support.hierarchical.ThrowableCollector.execute(ThrowableCollector.java:73)
	at org.junit.platform.engine.support.hierarchical.NodeTestTask.executeRecursively(NodeTestTask.java:143)
	at org.junit.platform.engine.support.hierarchical.NodeTestTask.execute(NodeTestTask.java:100)
	at org.junit.platform.engine.support.hierarchical.SameThreadHierarchicalTestExecutorService.submit(SameThreadHierarchicalTestExecutorService.java:35)
	at org.junit.platform.engine.support.hierarchical.HierarchicalTestExecutor.execute(HierarchicalTestExecutor.java:57)
	at org.junit.platform.engine.support.hierarchical.HierarchicalTestEngine.execute(HierarchicalTestEngine.java:54)
	at org.junit.platform.launcher.core.EngineExecutionOrchestrator.execute(EngineExecutionOrchestrator.java:201)
	at org.junit.platform.launcher.core.EngineExecutionOrchestrator.execute(EngineExecutionOrchestrator.java:170)
	at org.junit.platform.launcher.core.EngineExecutionOrchestrator.execute(EngineExecutionOrchestrator.java:94)
	at org.junit.platform.launcher.core.EngineExecutionOrchestrator.lambda$execute$0(EngineExecutionOrchestrator.java:59)
	at org.junit.platform.launcher.core.EngineExecutionOrchestrator.withInterceptedStreams(EngineExecutionOrchestrator.java:142)
	at org.junit.platform.launcher.core.EngineExecutionOrchestrator.execute(EngineExecutionOrchestrator.java:58)
	at org.junit.platform.launcher.core.DefaultLauncher.execute(DefaultLauncher.java:103)
	at org.junit.platform.launcher.core.DefaultLauncher.execute(DefaultLauncher.java:85)
	at org.junit.platform.launcher.core.DelegatingLauncher.execute(DelegatingLauncher.java:47)
	at org.junit.platform.launcher.core.InterceptingLauncher.lambda$execute$1(InterceptingLauncher.java:39)
	at org.junit.platform.launcher.core.ClasspathAlignmentCheckingLauncherInterceptor.intercept(ClasspathAlignmentCheckingLauncherInterceptor.java:25)
	at org.junit.platform.launcher.core.InterceptingLauncher.execute(InterceptingLauncher.java:38)
	at org.junit.platform.launcher.core.DelegatingLauncher.execute(DelegatingLauncher.java:47)
	at org.apache.maven.surefire.junitplatform.LazyLauncher.execute(LazyLauncher.java:56)
	at org.apache.maven.surefire.junitplatform.JUnitPlatformProvider.invokeAllTests(JUnitPlatformProvider.java:162)
	at org.apache.maven.surefire.junitplatform.JUnitPlatformProvider.invoke(JUnitPlatformProvider.java:120)
	at org.apache.maven.surefire.booter.ForkedBooter.runSuitesInProcess(ForkedBooter.java:385)
	at org.apache.maven.surefire.booter.ForkedBooter.execute(ForkedBooter.java:162)
	at org.apache.maven.surefire.booter.ForkedBooter.run(ForkedBooter.java:507)
	at org.apache.maven.surefire.booter.ForkedBooter.main(ForkedBooter.java:495)
2025-05-13 07:38:34,885 [main] INFO  keys.KeyStorage (KeyStorage.java:storePublicKey(210)) - Storing public key to /tmp/junit-16400629689127446683/scm-meta/scm/ca/keys/public.pem.
2025-05-13 07:38:34,886 [main] INFO  keys.KeyStorage (KeyStorage.java:storePrivateKey(194)) - Storing private key to /tmp/junit-16400629689127446683/scm-meta/scm/ca/keys/private.pem.
2025-05-13 07:38:34,886 [main] INFO  ozone.OzoneSecurityUtil (OzoneSecurityUtil.java:getValidInetsForCurrentHost(116)) - ip:fe80:0:0:0:20d:3aff:fe61:cc63%eth0 not returned.
2025-05-13 07:38:34,896 [main] INFO  ozone.OzoneSecurityUtil (OzoneSecurityUtil.java:getValidInetsForCurrentHost(113)) - Adding ip:10.1.1.10,host:10.1.1.10
2025-05-13 07:38:34,896 [main] INFO  ozone.OzoneSecurityUtil (OzoneSecurityUtil.java:getValidInetsForCurrentHost(116)) - ip:0:0:0:0:0:0:0:1%lo not returned.
2025-05-13 07:38:34,896 [main] INFO  ozone.OzoneSecurityUtil (OzoneSecurityUtil.java:getValidInetsForCurrentHost(116)) - ip:127.0.0.1 not returned.
2025-05-13 07:38:34,899 [main] ERROR utils.SelfSignedCertificate (SelfSignedCertificate.java:lambda$addInetAddresses$0(244)) - Invalid domain 10.1.1.10
2025-05-13 07:38:34,907 [main] INFO  utils.SelfSignedCertificate (SelfSignedCertificate.java:generateCertificate(156)) - Certificate 1 is issued by SERIALNUMBER=1, O=d575c074-0389-459d-8fb2-59a01362ef28, OU=8bd4f96b-aea6-438c-bfca-3807553fdf30, CN=scm@pkrvmberfyhpb9w to SERIALNUMBER=1, O=d575c074-0389-459d-8fb2-59a01362ef28, OU=8bd4f96b-aea6-438c-bfca-3807553fdf30, CN=scm@pkrvmberfyhpb9w, valid from Tue May 13 07:38:34 UTC 2025 to Fri Jun 21 07:38:34 UTC 2030
2025-05-13 07:38:34,911 [main] INFO  utils.CertificateCodec (CertificateCodec.java:writeCertificate(239)) - Save certificate to /tmp/junit-16400629689127446683/scm-meta/scm/ca/certs/certificate.crt
2025-05-13 07:38:34,911 [main] INFO  utils.CertificateCodec (CertificateCodec.java:writeCertificate(240)) - Certificate -----BEGIN CERTIFICATE-----
MIIDwTCCAqmgAwIBAgIBATANBgkqhkiG9w0BAQsFADCBiDEcMBoGA1UEAwwTc2Nt
QHBrcnZtYmVyZnlocGI5dzEtMCsGA1UECwwkOGJkNGY5NmItYWVhNi00MzhjLWJm
Y2EtMzgwNzU1M2ZkZjMwMS0wKwYDVQQKDCRkNTc1YzA3NC0wMzg5LTQ1OWQtOGZi
Mi01OWEwMTM2MmVmMjgxCjAIBgNVBAUTATEwHhcNMjUwNTEzMDczODM0WhcNMzAw
NjIxMDczODM0WjCBiDEcMBoGA1UEAwwTc2NtQHBrcnZtYmVyZnlocGI5dzEtMCsG
A1UECwwkOGJkNGY5NmItYWVhNi00MzhjLWJmY2EtMzgwNzU1M2ZkZjMwMS0wKwYD
VQQKDCRkNTc1YzA3NC0wMzg5LTQ1OWQtOGZiMi01OWEwMTM2MmVmMjgxCjAIBgNV
BAUTATEwggEiMA0GCSqGSIb3DQEBAQUAA4IBDwAwggEKAoIBAQDKSkzdQXmhwBYE
YZuLTjtLgT0F0bokBRjheesdediPRccSsOz3AP/9S1KmwQlBoxwJFAhEAkwjckTw
MFogGoc2RJJ3jxIzVmh1RqhNwpDHT+GuckTc9i8qX2E/qdzrj+7cR7IMxjkAImBG
uX9E1jQ0T5Ipbbt4tvuI/Nf6/VA+vVeUp15jPoDYIuoC//uPStkZXXdku644i18+
2YaQGAyd4EsRK4hoQ/Soo1Y+MTscrujZSx7M6OChN7Dw2gAIaER53qRpJl8hCWA+
gPAOlyulilouolZVCz9GB3QgfGP30P22EDabbzAvVDjpi1OpqVQWf5MSrKCjyCUq
ZE//ct9jAgMBAAGjNDAyMA8GA1UdEwEB/wQFMAMBAf8wDgYDVR0PAQH/BAQDAgEG
MA8GA1UdEQQIMAaHBAoBAQowDQYJKoZIhvcNAQELBQADggEBAJfmt1DyKN7r3bEE
go3qPtLmuuMdpaUL+X8wabizsmGvVxaimV1BrN1qGnMJgsbbBpdb5D3t9FreNgc6
WC7Dcv2DluHOHq1CSrJK5vYEWpOJ2OoKsEf97D27c+9QXWNnXbKCWGKhhP4HM8WS
kFeR+a4gLfHWezBHh8hn+tIxvBwn1Uy3DByYNggJWJ4qE0UKlfwj8QOO3I5Ugys4
EjrA2Rv3tYjSRqkARXkQtu2gXXAE6dFU5HcZuM5E4SlVmfwF0PDG005QAwGyWhhW
yN41WlyVAYD5se6WFahRzh4KgwBiR9mJIv1nylEWdB4qS+f1+6+Otaqrx1KFwuBd
G2rxcxU=
-----END CERTIFICATE-----

2025-05-13 07:38:34,911 [main] INFO  keys.KeyStorage (KeyStorage.java:readPublicKey(174)) - Reading public key from /tmp/junit-16400629689127446683/scm-meta/scm/ca/keys/public.pem.
2025-05-13 07:38:34,912 [main] INFO  keys.KeyStorage (KeyStorage.java:readPrivateKey(158)) - Reading private key from /tmp/junit-16400629689127446683/scm-meta/scm/ca/keys/private.pem.
2025-05-13 07:38:34,913 [main] INFO  client.SCMCertificateClient (SCMCertificateClient.java:configureCSRBuilder(141)) - Creating csr for SCM->hostName:pkrvmberfyhpb9w,scmId:8bd4f96b-aea6-438c-bfca-3807553fdf30,clusterId:d575c074-0389-459d-8fb2-59a01362ef28,subject:scm-sub@pkrvmberfyhpb9w
2025-05-13 07:38:34,914 [main] INFO  ozone.OzoneSecurityUtil (OzoneSecurityUtil.java:getValidInetsForCurrentHost(116)) - ip:fe80:0:0:0:20d:3aff:fe61:cc63%eth0 not returned.
2025-05-13 07:38:34,920 [main] INFO  ozone.OzoneSecurityUtil (OzoneSecurityUtil.java:getValidInetsForCurrentHost(113)) - Adding ip:10.1.1.10,host:10.1.1.10
2025-05-13 07:38:34,921 [main] INFO  ozone.OzoneSecurityUtil (OzoneSecurityUtil.java:getValidInetsForCurrentHost(116)) - ip:0:0:0:0:0:0:0:1%lo not returned.
2025-05-13 07:38:34,921 [main] INFO  ozone.OzoneSecurityUtil (OzoneSecurityUtil.java:getValidInetsForCurrentHost(116)) - ip:127.0.0.1 not returned.
2025-05-13 07:38:34,923 [main] ERROR utils.CertificateSignRequest (CertificateSignRequest.java:lambda$addInetAddresses$0(316)) - Invalid domain 10.1.1.10
2025-05-13 07:38:34,928 [main] INFO  keys.KeyStorage (KeyStorage.java:readPrivateKey(158)) - Reading private key from /tmp/junit-16400629689127446683/scm-meta/scm/ca/keys/private.pem.
2025-05-13 07:38:34,930 [main] INFO  authority.DefaultApprover (DefaultApprover.java:sign(171)) - Extensions in CSR: 2.5.29.19, 2.5.29.15, 2.5.29.17
2025-05-13 07:38:34,930 [main] INFO  authority.DefaultApprover (DefaultApprover.java:sign(175)) - Extensions to add to the certificate if they present in CSR: 2.5.29.15, 2.5.29.17, 2.5.29.35, 2.5.29.37, 2.5.29.19, 1.3.6.1.5.5.7.1.12
2025-05-13 07:38:34,935 [main] INFO  utils.CertificateCodec (CertificateCodec.java:writeCertificate(239)) - Save certificate to /tmp/junit-16400629689127446683/scm-meta/scm/sub-ca/certs/CA-1.crt
2025-05-13 07:38:34,935 [main] INFO  utils.CertificateCodec (CertificateCodec.java:writeCertificate(240)) - Certificate -----BEGIN CERTIFICATE-----
MIIDwTCCAqmgAwIBAgIBATANBgkqhkiG9w0BAQsFADCBiDEcMBoGA1UEAwwTc2Nt
QHBrcnZtYmVyZnlocGI5dzEtMCsGA1UECwwkOGJkNGY5NmItYWVhNi00MzhjLWJm
Y2EtMzgwNzU1M2ZkZjMwMS0wKwYDVQQKDCRkNTc1YzA3NC0wMzg5LTQ1OWQtOGZi
Mi01OWEwMTM2MmVmMjgxCjAIBgNVBAUTATEwHhcNMjUwNTEzMDczODM0WhcNMzAw
NjIxMDczODM0WjCBiDEcMBoGA1UEAwwTc2NtQHBrcnZtYmVyZnlocGI5dzEtMCsG
A1UECwwkOGJkNGY5NmItYWVhNi00MzhjLWJmY2EtMzgwNzU1M2ZkZjMwMS0wKwYD
VQQKDCRkNTc1YzA3NC0wMzg5LTQ1OWQtOGZiMi01OWEwMTM2MmVmMjgxCjAIBgNV
BAUTATEwggEiMA0GCSqGSIb3DQEBAQUAA4IBDwAwggEKAoIBAQDKSkzdQXmhwBYE
YZuLTjtLgT0F0bokBRjheesdediPRccSsOz3AP/9S1KmwQlBoxwJFAhEAkwjckTw
MFogGoc2RJJ3jxIzVmh1RqhNwpDHT+GuckTc9i8qX2E/qdzrj+7cR7IMxjkAImBG
uX9E1jQ0T5Ipbbt4tvuI/Nf6/VA+vVeUp15jPoDYIuoC//uPStkZXXdku644i18+
2YaQGAyd4EsRK4hoQ/Soo1Y+MTscrujZSx7M6OChN7Dw2gAIaER53qRpJl8hCWA+
gPAOlyulilouolZVCz9GB3QgfGP30P22EDabbzAvVDjpi1OpqVQWf5MSrKCjyCUq
ZE//ct9jAgMBAAGjNDAyMA8GA1UdEwEB/wQFMAMBAf8wDgYDVR0PAQH/BAQDAgEG
MA8GA1UdEQQIMAaHBAoBAQowDQYJKoZIhvcNAQELBQADggEBAJfmt1DyKN7r3bEE
go3qPtLmuuMdpaUL+X8wabizsmGvVxaimV1BrN1qGnMJgsbbBpdb5D3t9FreNgc6
WC7Dcv2DluHOHq1CSrJK5vYEWpOJ2OoKsEf97D27c+9QXWNnXbKCWGKhhP4HM8WS
kFeR+a4gLfHWezBHh8hn+tIxvBwn1Uy3DByYNggJWJ4qE0UKlfwj8QOO3I5Ugys4
EjrA2Rv3tYjSRqkARXkQtu2gXXAE6dFU5HcZuM5E4SlVmfwF0PDG005QAwGyWhhW
yN41WlyVAYD5se6WFahRzh4KgwBiR9mJIv1nylEWdB4qS+f1+6+Otaqrx1KFwuBd
G2rxcxU=
-----END CERTIFICATE-----

2025-05-13 07:38:34,937 [main] INFO  utils.CertificateCodec (CertificateCodec.java:writeCertificate(239)) - Save certificate to /tmp/junit-16400629689127446683/scm-meta/scm/sub-ca/certs/2.crt
2025-05-13 07:38:34,937 [main] INFO  utils.CertificateCodec (CertificateCodec.java:writeCertificate(240)) - Certificate -----BEGIN CERTIFICATE-----
MIIDxTCCAq2gAwIBAgIBAjANBgkqhkiG9w0BAQsFADCBiDEcMBoGA1UEAwwTc2Nt
QHBrcnZtYmVyZnlocGI5dzEtMCsGA1UECwwkOGJkNGY5NmItYWVhNi00MzhjLWJm
Y2EtMzgwNzU1M2ZkZjMwMS0wKwYDVQQKDCRkNTc1YzA3NC0wMzg5LTQ1OWQtOGZi
Mi01OWEwMTM2MmVmMjgxCjAIBgNVBAUTATEwHhcNMjUwNTEzMDczODM0WhcNMzAw
NjIxMDczODM0WjCBjDEgMB4GA1UEAwwXc2NtLXN1YkBwa3J2bWJlcmZ5aHBiOXcx
LTArBgNVBAsMJDhiZDRmOTZiLWFlYTYtNDM4Yy1iZmNhLTM4MDc1NTNmZGYzMDEt
MCsGA1UECgwkZDU3NWMwNzQtMDM4OS00NTlkLThmYjItNTlhMDEzNjJlZjI4MQow
CAYDVQQFEwEyMIIBIjANBgkqhkiG9w0BAQEFAAOCAQ8AMIIBCgKCAQEAt6VCPEt9
c58iXgDEe/ex42nanCjmeMMcMHl8+M8r+srEYah+5uZEie599XFdYkLkvEs5KkKv
o7ecrQPLIuyg4lun6pXPQZCr6VwdciOSsmPsZFClU5X/r9RSOlQXOxs690pnjp75
yyaH+piarwuUppXytMR8q3O+FC2/UaaKGz32h0XmKmoSCXIiP9j9WNRQ/mgrW5r3
+4aChUV5/2yjEKwzTNb4k3rbLK3wPX94JqrbDx1Lmw1V+o8UkqagqqamIOrkLBka
/J6AKBwgksxq7dqGcgQE6uKMczYSHdHpJY1YXfNx7Ca2al8zgcIbS1ne56PeqKLo
/q6SdgNW+ChHlwIDAQABozQwMjAOBgNVHQ8BAf8EBAMCAb4wDwYDVR0RBAgwBocE
CgEBCjAPBgNVHRMBAf8EBTADAQH/MA0GCSqGSIb3DQEBCwUAA4IBAQBrSPabrUa8
qSgfQkVrv67hYzuCEeUkeprpAoExE0UNKfI9pW2EHGkhaVSGrrRhM4obqORre1AE
0RSogcZtUAkP3bY7CRmgeAueBhXvelVO84h73sATqEHitIPTk5A1EJQXN81m5YXB
FioeUU5NE5flPex9dgpF/zkBcahmH+eP1U/KCOPsPtv9DDfiSg103WSnAneGunVU
k6fhpV0LwW0PujCedJVeLAAvtqc2/eMANogpp7OGAlIqHJeobV45FeXFN6JBNoAB
eyDpt4l44QOPNtVIrzlPw/EbGRGSHWuhL0Z3mhIcfSpa4IyuNk5Pu2FXrscb4xgs
YWN+qCnWUdLX
-----END CERTIFICATE-----

-----BEGIN CERTIFICATE-----
MIIDwTCCAqmgAwIBAgIBATANBgkqhkiG9w0BAQsFADCBiDEcMBoGA1UEAwwTc2Nt
QHBrcnZtYmVyZnlocGI5dzEtMCsGA1UECwwkOGJkNGY5NmItYWVhNi00MzhjLWJm
Y2EtMzgwNzU1M2ZkZjMwMS0wKwYDVQQKDCRkNTc1YzA3NC0wMzg5LTQ1OWQtOGZi
Mi01OWEwMTM2MmVmMjgxCjAIBgNVBAUTATEwHhcNMjUwNTEzMDczODM0WhcNMzAw
NjIxMDczODM0WjCBiDEcMBoGA1UEAwwTc2NtQHBrcnZtYmVyZnlocGI5dzEtMCsG
A1UECwwkOGJkNGY5NmItYWVhNi00MzhjLWJmY2EtMzgwNzU1M2ZkZjMwMS0wKwYD
VQQKDCRkNTc1YzA3NC0wMzg5LTQ1OWQtOGZiMi01OWEwMTM2MmVmMjgxCjAIBgNV
BAUTATEwggEiMA0GCSqGSIb3DQEBAQUAA4IBDwAwggEKAoIBAQDKSkzdQXmhwBYE
YZuLTjtLgT0F0bokBRjheesdediPRccSsOz3AP/9S1KmwQlBoxwJFAhEAkwjckTw
MFogGoc2RJJ3jxIzVmh1RqhNwpDHT+GuckTc9i8qX2E/qdzrj+7cR7IMxjkAImBG
uX9E1jQ0T5Ipbbt4tvuI/Nf6/VA+vVeUp15jPoDYIuoC//uPStkZXXdku644i18+
2YaQGAyd4EsRK4hoQ/Soo1Y+MTscrujZSx7M6OChN7Dw2gAIaER53qRpJl8hCWA+
gPAOlyulilouolZVCz9GB3QgfGP30P22EDabbzAvVDjpi1OpqVQWf5MSrKCjyCUq
ZE//ct9jAgMBAAGjNDAyMA8GA1UdEwEB/wQFMAMBAf8wDgYDVR0PAQH/BAQDAgEG
MA8GA1UdEQQIMAaHBAoBAQowDQYJKoZIhvcNAQELBQADggEBAJfmt1DyKN7r3bEE
go3qPtLmuuMdpaUL+X8wabizsmGvVxaimV1BrN1qGnMJgsbbBpdb5D3t9FreNgc6
WC7Dcv2DluHOHq1CSrJK5vYEWpOJ2OoKsEf97D27c+9QXWNnXbKCWGKhhP4HM8WS
kFeR+a4gLfHWezBHh8hn+tIxvBwn1Uy3DByYNggJWJ4qE0UKlfwj8QOO3I5Ugys4
EjrA2Rv3tYjSRqkARXkQtu2gXXAE6dFU5HcZuM5E4SlVmfwF0PDG005QAwGyWhhW
yN41WlyVAYD5se6WFahRzh4KgwBiR9mJIv1nylEWdB4qS+f1+6+Otaqrx1KFwuBd
G2rxcxU=
-----END CERTIFICATE-----

2025-05-13 07:38:34,937 [main] INFO  utils.CertificateCodec (CertificateCodec.java:writeCertificate(239)) - Save certificate to /tmp/junit-16400629689127446683/scm-meta/scm/sub-ca/certs/certificate.crt
2025-05-13 07:38:34,937 [main] INFO  utils.CertificateCodec (CertificateCodec.java:writeCertificate(240)) - Certificate -----BEGIN CERTIFICATE-----
MIIDxTCCAq2gAwIBAgIBAjANBgkqhkiG9w0BAQsFADCBiDEcMBoGA1UEAwwTc2Nt
QHBrcnZtYmVyZnlocGI5dzEtMCsGA1UECwwkOGJkNGY5NmItYWVhNi00MzhjLWJm
Y2EtMzgwNzU1M2ZkZjMwMS0wKwYDVQQKDCRkNTc1YzA3NC0wMzg5LTQ1OWQtOGZi
Mi01OWEwMTM2MmVmMjgxCjAIBgNVBAUTATEwHhcNMjUwNTEzMDczODM0WhcNMzAw
NjIxMDczODM0WjCBjDEgMB4GA1UEAwwXc2NtLXN1YkBwa3J2bWJlcmZ5aHBiOXcx
LTArBgNVBAsMJDhiZDRmOTZiLWFlYTYtNDM4Yy1iZmNhLTM4MDc1NTNmZGYzMDEt
MCsGA1UECgwkZDU3NWMwNzQtMDM4OS00NTlkLThmYjItNTlhMDEzNjJlZjI4MQow
CAYDVQQFEwEyMIIBIjANBgkqhkiG9w0BAQEFAAOCAQ8AMIIBCgKCAQEAt6VCPEt9
c58iXgDEe/ex42nanCjmeMMcMHl8+M8r+srEYah+5uZEie599XFdYkLkvEs5KkKv
o7ecrQPLIuyg4lun6pXPQZCr6VwdciOSsmPsZFClU5X/r9RSOlQXOxs690pnjp75
yyaH+piarwuUppXytMR8q3O+FC2/UaaKGz32h0XmKmoSCXIiP9j9WNRQ/mgrW5r3
+4aChUV5/2yjEKwzTNb4k3rbLK3wPX94JqrbDx1Lmw1V+o8UkqagqqamIOrkLBka
/J6AKBwgksxq7dqGcgQE6uKMczYSHdHpJY1YXfNx7Ca2al8zgcIbS1ne56PeqKLo
/q6SdgNW+ChHlwIDAQABozQwMjAOBgNVHQ8BAf8EBAMCAb4wDwYDVR0RBAgwBocE
CgEBCjAPBgNVHRMBAf8EBTADAQH/MA0GCSqGSIb3DQEBCwUAA4IBAQBrSPabrUa8
qSgfQkVrv67hYzuCEeUkeprpAoExE0UNKfI9pW2EHGkhaVSGrrRhM4obqORre1AE
0RSogcZtUAkP3bY7CRmgeAueBhXvelVO84h73sATqEHitIPTk5A1EJQXN81m5YXB
FioeUU5NE5flPex9dgpF/zkBcahmH+eP1U/KCOPsPtv9DDfiSg103WSnAneGunVU
k6fhpV0LwW0PujCedJVeLAAvtqc2/eMANogpp7OGAlIqHJeobV45FeXFN6JBNoAB
eyDpt4l44QOPNtVIrzlPw/EbGRGSHWuhL0Z3mhIcfSpa4IyuNk5Pu2FXrscb4xgs
YWN+qCnWUdLX
-----END CERTIFICATE-----

-----BEGIN CERTIFICATE-----
MIIDwTCCAqmgAwIBAgIBATANBgkqhkiG9w0BAQsFADCBiDEcMBoGA1UEAwwTc2Nt
QHBrcnZtYmVyZnlocGI5dzEtMCsGA1UECwwkOGJkNGY5NmItYWVhNi00MzhjLWJm
Y2EtMzgwNzU1M2ZkZjMwMS0wKwYDVQQKDCRkNTc1YzA3NC0wMzg5LTQ1OWQtOGZi
Mi01OWEwMTM2MmVmMjgxCjAIBgNVBAUTATEwHhcNMjUwNTEzMDczODM0WhcNMzAw
NjIxMDczODM0WjCBiDEcMBoGA1UEAwwTc2NtQHBrcnZtYmVyZnlocGI5dzEtMCsG
A1UECwwkOGJkNGY5NmItYWVhNi00MzhjLWJmY2EtMzgwNzU1M2ZkZjMwMS0wKwYD
VQQKDCRkNTc1YzA3NC0wMzg5LTQ1OWQtOGZiMi01OWEwMTM2MmVmMjgxCjAIBgNV
BAUTATEwggEiMA0GCSqGSIb3DQEBAQUAA4IBDwAwggEKAoIBAQDKSkzdQXmhwBYE
YZuLTjtLgT0F0bokBRjheesdediPRccSsOz3AP/9S1KmwQlBoxwJFAhEAkwjckTw
MFogGoc2RJJ3jxIzVmh1RqhNwpDHT+GuckTc9i8qX2E/qdzrj+7cR7IMxjkAImBG
uX9E1jQ0T5Ipbbt4tvuI/Nf6/VA+vVeUp15jPoDYIuoC//uPStkZXXdku644i18+
2YaQGAyd4EsRK4hoQ/Soo1Y+MTscrujZSx7M6OChN7Dw2gAIaER53qRpJl8hCWA+
gPAOlyulilouolZVCz9GB3QgfGP30P22EDabbzAvVDjpi1OpqVQWf5MSrKCjyCUq
ZE//ct9jAgMBAAGjNDAyMA8GA1UdEwEB/wQFMAMBAf8wDgYDVR0PAQH/BAQDAgEG
MA8GA1UdEQQIMAaHBAoBAQowDQYJKoZIhvcNAQELBQADggEBAJfmt1DyKN7r3bEE
go3qPtLmuuMdpaUL+X8wabizsmGvVxaimV1BrN1qGnMJgsbbBpdb5D3t9FreNgc6
WC7Dcv2DluHOHq1CSrJK5vYEWpOJ2OoKsEf97D27c+9QXWNnXbKCWGKhhP4HM8WS
kFeR+a4gLfHWezBHh8hn+tIxvBwn1Uy3DByYNggJWJ4qE0UKlfwj8QOO3I5Ugys4
EjrA2Rv3tYjSRqkARXkQtu2gXXAE6dFU5HcZuM5E4SlVmfwF0PDG005QAwGyWhhW
yN41WlyVAYD5se6WFahRzh4KgwBiR9mJIv1nylEWdB4qS+f1+6+Otaqrx1KFwuBd
G2rxcxU=
-----END CERTIFICATE-----

2025-05-13 07:38:34,937 [main] INFO  client.SCMCertificateClient (SCMCertificateClient.java:recoverStateIfNeeded(289)) - Successfully stored SCM signed certificate.
2025-05-13 07:38:34,939 [main] INFO  ha.SCMHANodeDetails (SCMHANodeDetails.java:loadSCMHAConfig(162)) - ServiceID for StorageContainerManager is null
2025-05-13 07:38:34,940 [main] INFO  ha.SCMHANodeDetails (SCMHANodeDetails.java:loadSCMHAConfig(166)) - ozone.scm.default.service.id is not defined, falling back to ozone.scm.service.ids to find serviceID for StorageContainerManager if it is HA enabled cluster
2025-05-13 07:38:34,940 [main] INFO  server.RaftServerConfigKeys (ConfUtils.java:logGet(46)) - raft.server.log.appender.buffer.byte-limit = 4194304 (custom)
2025-05-13 07:38:34,942 [main] INFO  server.RaftServer (ConfUtils.java:logGet(46)) - raft.rpc.type = GRPC (default)
2025-05-13 07:38:34,942 [main] INFO  grpc.GrpcConfigKeys (ConfUtils.java:logFallback(53)) - raft.grpc.admin.host = null (fallback to raft.grpc.server.host)
2025-05-13 07:38:34,942 [main] INFO  grpc.GrpcConfigKeys (ConfUtils.java:logFallback(53)) - raft.grpc.admin.port = 15011 (fallback to raft.grpc.server.port)
2025-05-13 07:38:34,942 [main] INFO  grpc.GrpcConfigKeys (ConfUtils.java:logFallback(53)) - raft.grpc.client.host = null (fallback to raft.grpc.server.host)
2025-05-13 07:38:34,943 [main] INFO  grpc.GrpcConfigKeys (ConfUtils.java:logFallback(53)) - raft.grpc.client.port = 15011 (fallback to raft.grpc.server.port)
2025-05-13 07:38:34,943 [main] INFO  grpc.GrpcConfigKeys (ConfUtils.java:logGet(46)) - raft.grpc.server.host = null (default)
2025-05-13 07:38:34,943 [main] INFO  grpc.GrpcConfigKeys (ConfUtils.java:logGet(46)) - raft.grpc.server.port = 15011 (custom)
2025-05-13 07:38:34,943 [main] INFO  server.GrpcService (ConfUtils.java:logGet(46)) - raft.grpc.message.size.max = 5242880 (custom)
2025-05-13 07:38:34,943 [main] INFO  server.GrpcService (ConfUtils.java:logGet(46)) - raft.grpc.flow.control.window = 1MB (=1048576) (default)
2025-05-13 07:38:34,943 [main] INFO  server.RaftServerConfigKeys (ConfUtils.java:logGet(46)) - raft.server.rpc.request.timeout = 30000ms (custom)
2025-05-13 07:38:34,943 [main] INFO  grpc.GrpcConfigKeys (ConfUtils.java:logGet(46)) - raft.grpc.server.heartbeat.channel = true (default)
2025-05-13 07:38:34,943 [main] INFO  server.RaftServerConfigKeys (ConfUtils.java:logGet(46)) - raft.server.log.appender.buffer.byte-limit = 4194304 (custom)
2025-05-13 07:38:34,943 [main] INFO  grpc.GrpcConfigKeys (ConfUtils.java:logGet(46)) - raft.grpc.server.async.request.thread.pool.cached = true (default)
2025-05-13 07:38:34,943 [main] INFO  grpc.GrpcConfigKeys (ConfUtils.java:logGet(46)) - raft.grpc.server.async.request.thread.pool.size = 32 (default)
2025-05-13 07:38:34,944 [main] INFO  impl.DataStreamServerImpl (ConfUtils.java:logGet(46)) - raft.datastream.type = DISABLED (default)
2025-05-13 07:38:34,944 [main] INFO  server.RaftServerConfigKeys (ConfUtils.java:logGet(46)) - raft.server.sleep.deviation.threshold = 300ms (default)
2025-05-13 07:38:34,944 [main] INFO  server.RaftServerConfigKeys (ConfUtils.java:logGet(46)) - raft.server.close.threshold = 60s (default)
2025-05-13 07:38:34,945 [main] INFO  server.RaftServerConfigKeys (ConfUtils.java:logGet(46)) - raft.server.leaderelection.leader.step-down.wait-time = 10s (default)
2025-05-13 07:38:34,945 [main] INFO  server.RaftServerConfigKeys (ConfUtils.java:logGet(46)) - raft.server.storage.dir = [/tmp/junit-16400629689127446683/scm-meta/scm-ha] (custom)
2025-05-13 07:38:34,945 [main] INFO  server.RaftServerConfigKeys (ConfUtils.java:logGet(46)) - raft.server.threadpool.proxy.cached = true (default)
2025-05-13 07:38:34,945 [main] INFO  server.RaftServerConfigKeys (ConfUtils.java:logGet(46)) - raft.server.threadpool.proxy.size = 0 (default)
2025-05-13 07:38:34,946 [main] INFO  server.RaftServer (RaftServerProxy.java:addNew(100)) - 8bd4f96b-aea6-438c-bfca-3807553fdf30: addNew group-59A01362EF28:[8bd4f96b-aea6-438c-bfca-3807553fdf30|pkrvmberfyhpb9w:15011] returns group-59A01362EF28:java.util.concurrent.CompletableFuture@50bac431[Not completed]
2025-05-13 07:38:34,946 [8bd4f96b-aea6-438c-bfca-3807553fdf30-groupManagement] INFO  server.RaftServer$Division (RaftServerImpl.java:<init>(255)) - 8bd4f96b-aea6-438c-bfca-3807553fdf30: new RaftServerImpl for group-59A01362EF28:[8bd4f96b-aea6-438c-bfca-3807553fdf30|pkrvmberfyhpb9w:15011] with SCMStateMachine:uninitialized
2025-05-13 07:38:34,947 [8bd4f96b-aea6-438c-bfca-3807553fdf30-groupManagement] INFO  server.RaftServerConfigKeys (ConfUtils.java:logGet(46)) - raft.server.rpc.timeout.min = 5000ms (custom)
2025-05-13 07:38:34,947 [8bd4f96b-aea6-438c-bfca-3807553fdf30-groupManagement] INFO  server.RaftServerConfigKeys (ConfUtils.java:logGet(46)) - raft.server.rpc.timeout.max = 5200ms (custom)
2025-05-13 07:38:34,947 [8bd4f96b-aea6-438c-bfca-3807553fdf30-groupManagement] INFO  server.RaftServerConfigKeys (ConfUtils.java:logGet(46)) - raft.server.rpc.sleep.time = 25ms (default)
2025-05-13 07:38:34,947 [8bd4f96b-aea6-438c-bfca-3807553fdf30-groupManagement] INFO  server.RaftServerConfigKeys (ConfUtils.java:logGet(46)) - raft.server.rpc.slowness.timeout = 120000ms (custom)
2025-05-13 07:38:34,947 [8bd4f96b-aea6-438c-bfca-3807553fdf30-groupManagement] INFO  server.RaftServerConfigKeys (ConfUtils.java:logGet(46)) - raft.server.leaderelection.leader.step-down.wait-time = 10s (default)
2025-05-13 07:38:34,947 [8bd4f96b-aea6-438c-bfca-3807553fdf30-groupManagement] INFO  server.RaftServerConfigKeys (ConfUtils.java:logGet(46)) - raft.server.leaderelection.member.majority-add = false (default)
2025-05-13 07:38:34,947 [8bd4f96b-aea6-438c-bfca-3807553fdf30-groupManagement] INFO  server.RaftServerConfigKeys (ConfUtils.java:logGet(46)) - raft.server.sleep.deviation.threshold = 300ms (default)
2025-05-13 07:38:34,947 [8bd4f96b-aea6-438c-bfca-3807553fdf30-groupManagement] INFO  server.RaftServer$Division (ServerState.java:<init>(114)) - 8bd4f96b-aea6-438c-bfca-3807553fdf30@group-59A01362EF28: ConfigurationManager, init=conf: {index: -1, cur=peers:[8bd4f96b-aea6-438c-bfca-3807553fdf30|pkrvmberfyhpb9w:15011]|listeners:[], old=null}, confs=<EMPTY_MAP>
2025-05-13 07:38:34,947 [8bd4f96b-aea6-438c-bfca-3807553fdf30-groupManagement] INFO  server.RaftServerConfigKeys (ConfUtils.java:logGet(46)) - raft.server.notification.no-leader.timeout = 60s (default)
2025-05-13 07:38:34,947 [8bd4f96b-aea6-438c-bfca-3807553fdf30-groupManagement] INFO  server.RaftServerConfigKeys (ConfUtils.java:logGet(46)) - raft.server.read.timeout = 10s (default)
2025-05-13 07:38:34,948 [8bd4f96b-aea6-438c-bfca-3807553fdf30-groupManagement] INFO  server.RaftServerConfigKeys (ConfUtils.java:logGet(46)) - raft.server.retrycache.expirytime = 60000ms (default)
2025-05-13 07:38:34,948 [8bd4f96b-aea6-438c-bfca-3807553fdf30-groupManagement] INFO  server.RaftServerConfigKeys (ConfUtils.java:logGet(46)) - raft.server.retrycache.statistics.expirytime = 100ms (default)
2025-05-13 07:38:34,948 [8bd4f96b-aea6-438c-bfca-3807553fdf30-groupManagement] INFO  server.RaftServerConfigKeys (ConfUtils.java:logGet(46)) - raft.server.read.option = DEFAULT (default)
2025-05-13 07:38:34,948 [8bd4f96b-aea6-438c-bfca-3807553fdf30-groupManagement] INFO  server.RaftServerConfigKeys (ConfUtils.java:logGet(46)) - raft.server.read.read-after-write-consistent.write-index-cache.expiry-time = 60s (default)
2025-05-13 07:38:34,951 [8bd4f96b-aea6-438c-bfca-3807553fdf30-groupManagement] INFO  server.RaftServerConfigKeys (ConfUtils.java:logGet(46)) - raft.server.rpc.request.timeout = 30000ms (custom)
2025-05-13 07:38:34,951 [8bd4f96b-aea6-438c-bfca-3807553fdf30-groupManagement] INFO  server.RaftServerConfigKeys (ConfUtils.java:logGet(46)) - raft.server.log.appender.install.snapshot.enabled = false (custom)
2025-05-13 07:38:34,952 [8bd4f96b-aea6-438c-bfca-3807553fdf30-groupManagement] INFO  server.RaftServerConfigKeys (ConfUtils.java:logGet(46)) - raft.server.threadpool.server.cached = true (default)
2025-05-13 07:38:34,952 [8bd4f96b-aea6-438c-bfca-3807553fdf30-groupManagement] INFO  server.RaftServerConfigKeys (ConfUtils.java:logGet(46)) - raft.server.threadpool.server.size = 0 (default)
2025-05-13 07:38:34,952 [8bd4f96b-aea6-438c-bfca-3807553fdf30-groupManagement] INFO  server.RaftServerConfigKeys (ConfUtils.java:logGet(46)) - raft.server.threadpool.client.cached = true (default)
2025-05-13 07:38:34,952 [8bd4f96b-aea6-438c-bfca-3807553fdf30-groupManagement] INFO  server.RaftServerConfigKeys (ConfUtils.java:logGet(46)) - raft.server.threadpool.client.size = 0 (default)
2025-05-13 07:38:34,953 [8bd4f96b-aea6-438c-bfca-3807553fdf30-impl-thread1] INFO  server.RaftServerConfigKeys (ConfUtils.java:logGet(46)) - raft.server.storage.free-space.min = 0MB (=0) (default)
2025-05-13 07:38:34,953 [8bd4f96b-aea6-438c-bfca-3807553fdf30-impl-thread1] INFO  server.RaftServerConfigKeys (ConfUtils.java:logGet(46)) - raft.server.log.corruption.policy = EXCEPTION (default)
2025-05-13 07:38:34,953 [8bd4f96b-aea6-438c-bfca-3807553fdf30-impl-thread1] INFO  server.RaftServerConfigKeys (ConfUtils.java:logGet(46)) - raft.server.storage.dir = [/tmp/junit-16400629689127446683/scm-meta/scm-ha] (custom)
2025-05-13 07:38:34,953 [8bd4f96b-aea6-438c-bfca-3807553fdf30-impl-thread1] INFO  storage.RaftStorageDirectory (RaftStorageDirectoryImpl.java:analyzeStorage(138)) - The storage directory /tmp/junit-16400629689127446683/scm-meta/scm-ha/d575c074-0389-459d-8fb2-59a01362ef28 does not exist. Creating ...
2025-05-13 07:38:34,955 [8bd4f96b-aea6-438c-bfca-3807553fdf30-impl-thread1] INFO  storage.RaftStorageDirectory (RaftStorageDirectoryImpl.java:tryLock(229)) - Lock on /tmp/junit-16400629689127446683/scm-meta/scm-ha/d575c074-0389-459d-8fb2-59a01362ef28/in_use.lock acquired by nodename 11778@pkrvmberfyhpb9w
2025-05-13 07:38:34,957 [8bd4f96b-aea6-438c-bfca-3807553fdf30-impl-thread1] INFO  storage.RaftStorage (RaftStorageImpl.java:format(98)) - Storage directory /tmp/junit-16400629689127446683/scm-meta/scm-ha/d575c074-0389-459d-8fb2-59a01362ef28 has been successfully formatted.
2025-05-13 07:38:34,957 [8bd4f96b-aea6-438c-bfca-3807553fdf30-impl-thread1] INFO  ha.SCMStateMachine (SCMStateMachine.java:lambda$initialize$0(135)) - 8bd4f96b-aea6-438c-bfca-3807553fdf30: initialize group-59A01362EF28
2025-05-13 07:38:34,957 [8bd4f96b-aea6-438c-bfca-3807553fdf30-impl-thread1] INFO  server.RaftServerConfigKeys (ConfUtils.java:logGet(46)) - raft.server.log.use.memory = false (default)
2025-05-13 07:38:34,957 [8bd4f96b-aea6-438c-bfca-3807553fdf30-impl-thread1] INFO  server.RaftServerConfigKeys (ConfUtils.java:logGet(46)) - raft.server.log.purge.gap = 1000000 (custom)
2025-05-13 07:38:34,957 [8bd4f96b-aea6-438c-bfca-3807553fdf30-impl-thread1] INFO  server.RaftServerConfigKeys (ConfUtils.java:logGet(46)) - raft.server.log.appender.buffer.byte-limit = 4194304 (custom)
2025-05-13 07:38:34,957 [8bd4f96b-aea6-438c-bfca-3807553fdf30-impl-thread1] INFO  server.RaftServerConfigKeys (ConfUtils.java:logGet(46)) - raft.server.log.statemachine.data.read.timeout = 1000ms (default)
2025-05-13 07:38:34,957 [8bd4f96b-aea6-438c-bfca-3807553fdf30-impl-thread1] INFO  server.RaftServerConfigKeys (ConfUtils.java:logGet(46)) - raft.server.log.purge.preservation.log.num = 0 (default)
2025-05-13 07:38:34,959 [8bd4f96b-aea6-438c-bfca-3807553fdf30-impl-thread1] INFO  server.RaftServerConfigKeys (ConfUtils.java:logGet(46)) - raft.server.log.segment.size.max = 4194304 (custom)
2025-05-13 07:38:34,960 [8bd4f96b-aea6-438c-bfca-3807553fdf30-impl-thread1] INFO  server.RaftServerConfigKeys (ConfUtils.java:logGet(46)) - raft.server.log.segment.cache.num.max = 2 (custom)
2025-05-13 07:38:34,960 [8bd4f96b-aea6-438c-bfca-3807553fdf30-impl-thread1] INFO  server.RaftServerConfigKeys (ConfUtils.java:logGet(46)) - raft.server.log.segment.cache.size.max = 200MB (=209715200) (default)
2025-05-13 07:38:34,960 [8bd4f96b-aea6-438c-bfca-3807553fdf30-impl-thread1] INFO  server.RaftServerConfigKeys (ConfUtils.java:logGet(46)) - raft.server.log.appender.buffer.byte-limit = 4194304 (custom)
2025-05-13 07:38:34,961 [8bd4f96b-aea6-438c-bfca-3807553fdf30-impl-thread1] INFO  util.AwaitToRun (AwaitToRun.java:start(81)) - Thread[#362,8bd4f96b-aea6-438c-bfca-3807553fdf30@group-59A01362EF28-cacheEviction-AwaitToRun,5,main] started
2025-05-13 07:38:34,961 [8bd4f96b-aea6-438c-bfca-3807553fdf30-impl-thread1] INFO  segmented.SegmentedRaftLogWorker (SegmentedRaftLogWorker.java:<init>(188)) - new 8bd4f96b-aea6-438c-bfca-3807553fdf30@group-59A01362EF28-SegmentedRaftLogWorker for RaftStorageImpl:Storage Directory /tmp/junit-16400629689127446683/scm-meta/scm-ha/d575c074-0389-459d-8fb2-59a01362ef28
2025-05-13 07:38:34,961 [8bd4f96b-aea6-438c-bfca-3807553fdf30-impl-thread1] INFO  server.RaftServerConfigKeys (ConfUtils.java:logGet(46)) - raft.server.log.queue.byte-limit = 64MB (=67108864) (default)
2025-05-13 07:38:34,961 [8bd4f96b-aea6-438c-bfca-3807553fdf30-impl-thread1] INFO  server.RaftServerConfigKeys (ConfUtils.java:logGet(46)) - raft.server.log.queue.element-limit = 4096 (default)
2025-05-13 07:38:34,961 [8bd4f96b-aea6-438c-bfca-3807553fdf30-impl-thread1] INFO  server.RaftServerConfigKeys (ConfUtils.java:logGet(46)) - raft.server.log.segment.size.max = 4194304 (custom)
2025-05-13 07:38:34,961 [8bd4f96b-aea6-438c-bfca-3807553fdf30-impl-thread1] INFO  server.RaftServerConfigKeys (ConfUtils.java:logGet(46)) - raft.server.log.preallocated.size = 4194304 (custom)
2025-05-13 07:38:34,961 [8bd4f96b-aea6-438c-bfca-3807553fdf30-impl-thread1] INFO  server.RaftServerConfigKeys (ConfUtils.java:logGet(46)) - raft.server.log.force.sync.num = 128 (default)
2025-05-13 07:38:34,961 [8bd4f96b-aea6-438c-bfca-3807553fdf30-impl-thread1] INFO  server.RaftServerConfigKeys (ConfUtils.java:logGet(46)) - raft.server.log.statemachine.data.sync = true (default)
2025-05-13 07:38:34,961 [8bd4f96b-aea6-438c-bfca-3807553fdf30-impl-thread1] INFO  server.RaftServerConfigKeys (ConfUtils.java:logGet(46)) - raft.server.log.statemachine.data.sync.timeout = 10s (default)
2025-05-13 07:38:34,961 [8bd4f96b-aea6-438c-bfca-3807553fdf30-impl-thread1] INFO  server.RaftServerConfigKeys (ConfUtils.java:logGet(46)) - raft.server.log.statemachine.data.sync.timeout.retry = -1 (default)
2025-05-13 07:38:34,962 [8bd4f96b-aea6-438c-bfca-3807553fdf30-impl-thread1] INFO  server.RaftServerConfigKeys (ConfUtils.java:logGet(46)) - raft.server.log.write.buffer.size = 4194312 (custom)
2025-05-13 07:38:34,964 [8bd4f96b-aea6-438c-bfca-3807553fdf30-impl-thread1] INFO  server.RaftServerConfigKeys (ConfUtils.java:logGet(46)) - raft.server.log.appender.buffer.byte-limit = 4194304 (custom)
2025-05-13 07:38:34,964 [8bd4f96b-aea6-438c-bfca-3807553fdf30-impl-thread1] INFO  server.RaftServerConfigKeys (ConfUtils.java:logGet(46)) - raft.server.log.unsafe-flush.enabled = false (default)
2025-05-13 07:38:34,965 [8bd4f96b-aea6-438c-bfca-3807553fdf30-impl-thread1] INFO  server.RaftServerConfigKeys (ConfUtils.java:logGet(46)) - raft.server.log.async-flush.enabled = false (default)
2025-05-13 07:38:34,965 [8bd4f96b-aea6-438c-bfca-3807553fdf30-impl-thread1] INFO  server.RaftServerConfigKeys (ConfUtils.java:logGet(46)) - raft.server.log.statemachine.data.caching.enabled = false (default)
2025-05-13 07:38:34,965 [8bd4f96b-aea6-438c-bfca-3807553fdf30-impl-thread1] INFO  segmented.SegmentedRaftLogWorker (SegmentedRaftLogWorker.java:lambda$new$0(139)) - 8bd4f96b-aea6-438c-bfca-3807553fdf30@group-59A01362EF28-SegmentedRaftLogWorker: flushIndex: setUnconditionally 0 -> -1
2025-05-13 07:38:34,965 [8bd4f96b-aea6-438c-bfca-3807553fdf30-impl-thread1] INFO  segmented.SegmentedRaftLogWorker (SegmentedRaftLogWorker.java:lambda$new$0(139)) - 8bd4f96b-aea6-438c-bfca-3807553fdf30@group-59A01362EF28-SegmentedRaftLogWorker: safeCacheEvictIndex: setUnconditionally 0 -> -1
2025-05-13 07:38:34,966 [8bd4f96b-aea6-438c-bfca-3807553fdf30-impl-thread1] INFO  server.RaftServer$Division (RaftServerImpl.java:start(391)) - 8bd4f96b-aea6-438c-bfca-3807553fdf30@group-59A01362EF28: start as a follower, conf=conf: {index: -1, cur=peers:[8bd4f96b-aea6-438c-bfca-3807553fdf30|pkrvmberfyhpb9w:15011]|listeners:[], old=null}
2025-05-13 07:38:34,966 [8bd4f96b-aea6-438c-bfca-3807553fdf30-impl-thread1] INFO  server.RaftServer$Division (RaftServerImpl.java:setRole(378)) - 8bd4f96b-aea6-438c-bfca-3807553fdf30@group-59A01362EF28: changes role from      null to FOLLOWER at term 0 for startAsFollower
2025-05-13 07:38:34,966 [8bd4f96b-aea6-438c-bfca-3807553fdf30-impl-thread1] INFO  impl.RoleInfo (RoleInfo.java:updateAndGet(148)) - 8bd4f96b-aea6-438c-bfca-3807553fdf30: start 8bd4f96b-aea6-438c-bfca-3807553fdf30@group-59A01362EF28-FollowerState
2025-05-13 07:38:34,966 [8bd4f96b-aea6-438c-bfca-3807553fdf30@group-59A01362EF28-FollowerState] INFO  server.RaftServerConfigKeys (ConfUtils.java:logFallback(53)) - raft.server.rpc.first-election.timeout.min = 5000ms (fallback to raft.server.rpc.timeout.min)
2025-05-13 07:38:34,966 [8bd4f96b-aea6-438c-bfca-3807553fdf30@group-59A01362EF28-FollowerState] INFO  server.RaftServerConfigKeys (ConfUtils.java:logFallback(53)) - raft.server.rpc.first-election.timeout.max = 5200ms (fallback to raft.server.rpc.timeout.max)
2025-05-13 07:38:34,966 [8bd4f96b-aea6-438c-bfca-3807553fdf30-impl-thread1] INFO  util.JmxRegister (JmxRegister.java:tryRegister(44)) - Successfully registered JMX Bean with object name Ratis:service=RaftServer,group=group-59A01362EF28,id=8bd4f96b-aea6-438c-bfca-3807553fdf30
2025-05-13 07:38:34,966 [8bd4f96b-aea6-438c-bfca-3807553fdf30-impl-thread1] INFO  util.JmxRegister (JmxRegister.java:register(58)) - register mxBean class org.apache.ratis.server.impl.RaftServerJmxAdapter as Ratis:service=RaftServer,group=group-59A01362EF28,id=8bd4f96b-aea6-438c-bfca-3807553fdf30
2025-05-13 07:38:34,966 [8bd4f96b-aea6-438c-bfca-3807553fdf30-impl-thread1] INFO  server.RaftServerConfigKeys (ConfUtils.java:logGet(46)) - raft.server.snapshot.trigger-when-stop.enabled = true (default)
2025-05-13 07:38:34,967 [8bd4f96b-aea6-438c-bfca-3807553fdf30-impl-thread1] INFO  server.RaftServerConfigKeys (ConfUtils.java:logGet(46)) - raft.server.snapshot.trigger-when-remove.enabled = true (default)
2025-05-13 07:38:34,967 [8bd4f96b-aea6-438c-bfca-3807553fdf30-impl-thread1] INFO  server.RaftServerConfigKeys (ConfUtils.java:logGet(46)) - raft.server.snapshot.auto.trigger.enabled = true (custom)
2025-05-13 07:38:34,967 [8bd4f96b-aea6-438c-bfca-3807553fdf30-impl-thread1] INFO  server.RaftServerConfigKeys (ConfUtils.java:logGet(46)) - raft.server.snapshot.auto.trigger.threshold = 1000 (custom)
2025-05-13 07:38:34,967 [8bd4f96b-aea6-438c-bfca-3807553fdf30-impl-thread1] INFO  server.RaftServerConfigKeys (ConfUtils.java:logGet(46)) - raft.server.snapshot.retention.file.num = -1 (default)
2025-05-13 07:38:34,967 [8bd4f96b-aea6-438c-bfca-3807553fdf30-impl-thread1] INFO  server.RaftServerConfigKeys (ConfUtils.java:logGet(46)) - raft.server.log.purge.upto.snapshot.index = false (default)
2025-05-13 07:38:34,968 [8bd4f96b-aea6-438c-bfca-3807553fdf30-impl-thread1] INFO  server.RaftServer$Division (RaftServerImpl.java:start(405)) - 8bd4f96b-aea6-438c-bfca-3807553fdf30@group-59A01362EF28: Successfully started.
2025-05-13 07:38:34,968 [main] INFO  server.RaftServer (RaftServerProxy.java:startImpl(407)) - 8bd4f96b-aea6-438c-bfca-3807553fdf30: start RPC server
2025-05-13 07:38:34,969 [main] INFO  server.GrpcService (GrpcService.java:startImpl(334)) - 8bd4f96b-aea6-438c-bfca-3807553fdf30: GrpcService started, listening on 15011
2025-05-13 07:38:34,969 [JvmPauseMonitor2] INFO  util.JvmPauseMonitor (JvmPauseMonitor.java:run(146)) - JvmPauseMonitor-8bd4f96b-aea6-438c-bfca-3807553fdf30: Started
2025-05-13 07:38:40,062 [8bd4f96b-aea6-438c-bfca-3807553fdf30@group-59A01362EF28-FollowerState] INFO  impl.FollowerState (FollowerState.java:runImpl(161)) - 8bd4f96b-aea6-438c-bfca-3807553fdf30@group-59A01362EF28-FollowerState: change to CANDIDATE, lastRpcElapsedTime:5095606867ns, electionTimeout:5095ms
2025-05-13 07:38:40,062 [8bd4f96b-aea6-438c-bfca-3807553fdf30@group-59A01362EF28-FollowerState] INFO  impl.RoleInfo (RoleInfo.java:shutdownFollowerState(121)) - 8bd4f96b-aea6-438c-bfca-3807553fdf30: shutdown 8bd4f96b-aea6-438c-bfca-3807553fdf30@group-59A01362EF28-FollowerState
2025-05-13 07:38:40,062 [8bd4f96b-aea6-438c-bfca-3807553fdf30@group-59A01362EF28-FollowerState] INFO  server.RaftServer$Division (RaftServerImpl.java:setRole(378)) - 8bd4f96b-aea6-438c-bfca-3807553fdf30@group-59A01362EF28: changes role from  FOLLOWER to CANDIDATE at term 0 for changeToCandidate
2025-05-13 07:38:40,062 [8bd4f96b-aea6-438c-bfca-3807553fdf30@group-59A01362EF28-FollowerState] INFO  server.RaftServerConfigKeys (ConfUtils.java:logGet(46)) - raft.server.leaderelection.pre-vote = true (default)
2025-05-13 07:38:40,062 [8bd4f96b-aea6-438c-bfca-3807553fdf30@group-59A01362EF28-FollowerState] INFO  impl.RoleInfo (RoleInfo.java:updateAndGet(148)) - 8bd4f96b-aea6-438c-bfca-3807553fdf30: start 8bd4f96b-aea6-438c-bfca-3807553fdf30@group-59A01362EF28-LeaderElection2
2025-05-13 07:38:40,063 [8bd4f96b-aea6-438c-bfca-3807553fdf30@group-59A01362EF28-LeaderElection2] INFO  impl.LeaderElection (LeaderElection.java:askForVotes(332)) - 8bd4f96b-aea6-438c-bfca-3807553fdf30@group-59A01362EF28-LeaderElection2 PRE_VOTE round 0: submit vote requests at term 0 for conf: {index: -1, cur=peers:[8bd4f96b-aea6-438c-bfca-3807553fdf30|pkrvmberfyhpb9w:15011]|listeners:[], old=null}
2025-05-13 07:38:40,063 [8bd4f96b-aea6-438c-bfca-3807553fdf30@group-59A01362EF28-LeaderElection2] INFO  impl.LeaderElection (LeaderElection.java:askForVotes(334)) - 8bd4f96b-aea6-438c-bfca-3807553fdf30@group-59A01362EF28-LeaderElection2 PRE_VOTE round 0: result PASSED (term=0)
2025-05-13 07:38:40,064 [8bd4f96b-aea6-438c-bfca-3807553fdf30@group-59A01362EF28-LeaderElection2] INFO  impl.LeaderElection (LeaderElection.java:askForVotes(332)) - 8bd4f96b-aea6-438c-bfca-3807553fdf30@group-59A01362EF28-LeaderElection2 ELECTION round 0: submit vote requests at term 1 for conf: {index: -1, cur=peers:[8bd4f96b-aea6-438c-bfca-3807553fdf30|pkrvmberfyhpb9w:15011]|listeners:[], old=null}
2025-05-13 07:38:40,064 [8bd4f96b-aea6-438c-bfca-3807553fdf30@group-59A01362EF28-LeaderElection2] INFO  impl.LeaderElection (LeaderElection.java:askForVotes(334)) - 8bd4f96b-aea6-438c-bfca-3807553fdf30@group-59A01362EF28-LeaderElection2 ELECTION round 0: result PASSED (term=1)
2025-05-13 07:38:40,064 [8bd4f96b-aea6-438c-bfca-3807553fdf30@group-59A01362EF28-LeaderElection2] INFO  impl.RoleInfo (RoleInfo.java:shutdownLeaderElection(141)) - 8bd4f96b-aea6-438c-bfca-3807553fdf30: shutdown 8bd4f96b-aea6-438c-bfca-3807553fdf30@group-59A01362EF28-LeaderElection2
2025-05-13 07:38:40,064 [8bd4f96b-aea6-438c-bfca-3807553fdf30@group-59A01362EF28-LeaderElection2] INFO  server.RaftServer$Division (RaftServerImpl.java:setRole(378)) - 8bd4f96b-aea6-438c-bfca-3807553fdf30@group-59A01362EF28: changes role from CANDIDATE to LEADER at term 1 for changeToLeader
2025-05-13 07:38:40,064 [8bd4f96b-aea6-438c-bfca-3807553fdf30@group-59A01362EF28-LeaderElection2] INFO  server.RaftServerConfigKeys (ConfUtils.java:logGet(46)) - raft.server.staging.catchup.gap = 1000 (default)
2025-05-13 07:38:40,064 [8bd4f96b-aea6-438c-bfca-3807553fdf30@group-59A01362EF28-LeaderElection2] INFO  server.RaftServerConfigKeys (ConfUtils.java:logGet(46)) - raft.server.write.element-limit = 4096 (default)
2025-05-13 07:38:40,064 [8bd4f96b-aea6-438c-bfca-3807553fdf30@group-59A01362EF28-LeaderElection2] INFO  server.RaftServerConfigKeys (ConfUtils.java:logGet(46)) - raft.server.write.byte-limit = 64MB (=67108864) (default)
2025-05-13 07:38:40,065 [8bd4f96b-aea6-438c-bfca-3807553fdf30@group-59A01362EF28-LeaderElection2] INFO  server.RaftServerConfigKeys (ConfUtils.java:logGet(46)) - raft.server.watch.timeout = 10s (default)
2025-05-13 07:38:40,065 [8bd4f96b-aea6-438c-bfca-3807553fdf30@group-59A01362EF28-LeaderElection2] INFO  server.RaftServerConfigKeys (ConfUtils.java:logGet(46)) - raft.server.watch.timeout.denomination = 1s (default)
2025-05-13 07:38:40,065 [8bd4f96b-aea6-438c-bfca-3807553fdf30@group-59A01362EF28-LeaderElection2] INFO  server.RaftServerConfigKeys (ConfUtils.java:logGet(46)) - raft.server.watch.element-limit = 65536 (default)
2025-05-13 07:38:40,065 [8bd4f96b-aea6-438c-bfca-3807553fdf30@group-59A01362EF28-LeaderElection2] INFO  server.RaftServerConfigKeys (ConfUtils.java:logGet(46)) - raft.server.read.leader.lease.enabled = false (default)
2025-05-13 07:38:40,065 [8bd4f96b-aea6-438c-bfca-3807553fdf30@group-59A01362EF28-LeaderElection2] INFO  server.RaftServerConfigKeys (ConfUtils.java:logGet(46)) - raft.server.read.leader.lease.timeout.ratio = 0.9 (default)
2025-05-13 07:38:40,066 [8bd4f96b-aea6-438c-bfca-3807553fdf30@group-59A01362EF28-LeaderElection2] INFO  server.RaftServerConfigKeys (ConfUtils.java:logGet(46)) - raft.server.rpc.timeout.min = 5000ms (custom)
2025-05-13 07:38:40,066 [8bd4f96b-aea6-438c-bfca-3807553fdf30@group-59A01362EF28-LeaderElection2] INFO  server.RaftServerConfigKeys (ConfUtils.java:logGet(46)) - raft.server.log.log-metadata.enabled = true (default)
2025-05-13 07:38:40,066 [8bd4f96b-aea6-438c-bfca-3807553fdf30@group-59A01362EF28-LeaderElection2] INFO  server.RaftServerConfigKeys (ConfUtils.java:logGet(46)) - raft.server.write.element-limit = 4096 (default)
2025-05-13 07:38:40,066 [8bd4f96b-aea6-438c-bfca-3807553fdf30@group-59A01362EF28-LeaderElection2] INFO  server.RaftServerConfigKeys (ConfUtils.java:logGet(46)) - raft.server.write.follower.gap.ratio.max = -1.0 (default)
2025-05-13 07:38:40,066 [8bd4f96b-aea6-438c-bfca-3807553fdf30@group-59A01362EF28-LeaderElection2] INFO  impl.RoleInfo (RoleInfo.java:updateAndGet(148)) - 8bd4f96b-aea6-438c-bfca-3807553fdf30: start 8bd4f96b-aea6-438c-bfca-3807553fdf30@group-59A01362EF28-LeaderStateImpl
2025-05-13 07:38:40,066 [8bd4f96b-aea6-438c-bfca-3807553fdf30@group-59A01362EF28-LeaderElection2] INFO  server.RaftServer$Division (RaftServerImpl.java:setFirstElection(562)) - 8bd4f96b-aea6-438c-bfca-3807553fdf30@group-59A01362EF28: set firstElectionSinceStartup to false for becomeLeader
2025-05-13 07:38:40,066 [8bd4f96b-aea6-438c-bfca-3807553fdf30@group-59A01362EF28-LeaderElection2] INFO  server.RaftServer$Division (ServerState.java:setLeader(272)) - 8bd4f96b-aea6-438c-bfca-3807553fdf30@group-59A01362EF28: change Leader from null to 8bd4f96b-aea6-438c-bfca-3807553fdf30 at term 1 for becomeLeader, leader elected after 5118ms
2025-05-13 07:38:40,066 [8bd4f96b-aea6-438c-bfca-3807553fdf30@group-59A01362EF28-LeaderElection2] INFO  segmented.SegmentedRaftLogWorker (SegmentedRaftLogWorker.java:startLogSegment(438)) - 8bd4f96b-aea6-438c-bfca-3807553fdf30@group-59A01362EF28-SegmentedRaftLogWorker: Starting segment from index:0
2025-05-13 07:38:40,067 [8bd4f96b-aea6-438c-bfca-3807553fdf30@group-59A01362EF28-SegmentedRaftLogWorker] INFO  segmented.BufferedWriteChannel (BufferedWriteChannel.java:open(61)) - open log_inprogress_0 at position 0
2025-05-13 07:38:40,067 [8bd4f96b-aea6-438c-bfca-3807553fdf30@group-59A01362EF28-LeaderElection2] INFO  server.RaftServer$Division (ServerState.java:setRaftConf(386)) - 8bd4f96b-aea6-438c-bfca-3807553fdf30@group-59A01362EF28: set configuration conf: {index: 0, cur=peers:[8bd4f96b-aea6-438c-bfca-3807553fdf30|pkrvmberfyhpb9w:15011]|listeners:[], old=null}
2025-05-13 07:38:40,073 [8bd4f96b-aea6-438c-bfca-3807553fdf30@group-59A01362EF28-SegmentedRaftLogWorker] INFO  segmented.SegmentedRaftLogWorker (SegmentedRaftLogWorker.java:execute(644)) - 8bd4f96b-aea6-438c-bfca-3807553fdf30@group-59A01362EF28-SegmentedRaftLogWorker: created new log segment /tmp/junit-16400629689127446683/scm-meta/scm-ha/d575c074-0389-459d-8fb2-59a01362ef28/current/log_inprogress_0
2025-05-13 07:38:40,075 [8bd4f96b-aea6-438c-bfca-3807553fdf30@group-59A01362EF28-StateMachineUpdater] INFO  server.RaftServer$Division (LeaderStateImpl.java:checkStartIndex(313)) - Leader 8bd4f96b-aea6-438c-bfca-3807553fdf30@group-59A01362EF28-LeaderStateImpl is ready since appliedIndex == startIndex == 0
2025-05-13 07:38:40,969 [main] INFO  server.RaftServer (RaftServerProxy.java:lambda$close$9(417)) - 8bd4f96b-aea6-438c-bfca-3807553fdf30: close
2025-05-13 07:38:40,970 [8bd4f96b-aea6-438c-bfca-3807553fdf30-impl-thread1] INFO  server.RaftServer$Division (RaftServerImpl.java:lambda$close$1(513)) - 8bd4f96b-aea6-438c-bfca-3807553fdf30@group-59A01362EF28: shutdown
2025-05-13 07:38:40,970 [main] INFO  server.GrpcService (GrpcService.java:closeImpl(343)) - 8bd4f96b-aea6-438c-bfca-3807553fdf30: shutdown server GrpcServerProtocolService now
2025-05-13 07:38:40,970 [8bd4f96b-aea6-438c-bfca-3807553fdf30-impl-thread1] INFO  util.JmxRegister (JmxRegister.java:unregister(74)) - Successfully un-registered JMX Bean with object name Ratis:service=RaftServer,group=group-59A01362EF28,id=8bd4f96b-aea6-438c-bfca-3807553fdf30
2025-05-13 07:38:40,970 [8bd4f96b-aea6-438c-bfca-3807553fdf30-impl-thread1] INFO  impl.RoleInfo (RoleInfo.java:shutdownLeaderState(103)) - 8bd4f96b-aea6-438c-bfca-3807553fdf30: shutdown 8bd4f96b-aea6-438c-bfca-3807553fdf30@group-59A01362EF28-LeaderStateImpl
2025-05-13 07:38:40,970 [8bd4f96b-aea6-438c-bfca-3807553fdf30-impl-thread1] INFO  impl.PendingRequests (PendingRequests.java:sendNotLeaderResponses(287)) - 8bd4f96b-aea6-438c-bfca-3807553fdf30@group-59A01362EF28-PendingRequests: sendNotLeaderResponses
2025-05-13 07:38:40,971 [main] INFO  server.GrpcService (GrpcService.java:closeImpl(352)) - 8bd4f96b-aea6-438c-bfca-3807553fdf30: shutdown server GrpcServerProtocolService successfully
2025-05-13 07:38:40,971 [8bd4f96b-aea6-438c-bfca-3807553fdf30@group-59A01362EF28-StateMachineUpdater] INFO  impl.StateMachineUpdater (StateMachineUpdater.java:takeSnapshot(303)) - 8bd4f96b-aea6-438c-bfca-3807553fdf30@group-59A01362EF28-StateMachineUpdater: Took a snapshot at index 0
2025-05-13 07:38:40,971 [8bd4f96b-aea6-438c-bfca-3807553fdf30@group-59A01362EF28-StateMachineUpdater] INFO  impl.StateMachineUpdater (StateMachineUpdater.java:lambda$new$0(102)) - 8bd4f96b-aea6-438c-bfca-3807553fdf30@group-59A01362EF28-StateMachineUpdater: snapshotIndex: updateIncreasingly -1 -> 0
2025-05-13 07:38:40,971 [8bd4f96b-aea6-438c-bfca-3807553fdf30@group-59A01362EF28-StateMachineUpdater] INFO  impl.StateMachineUpdater (StateMachineUpdater.java:stop(141)) - 8bd4f96b-aea6-438c-bfca-3807553fdf30@group-59A01362EF28-StateMachineUpdater: closing SCMStateMachine, lastApplied=(t:1, i:0)
2025-05-13 07:38:40,971 [8bd4f96b-aea6-438c-bfca-3807553fdf30-impl-thread1] INFO  impl.StateMachineUpdater (StateMachineUpdater.java:stopAndJoin(164)) - 8bd4f96b-aea6-438c-bfca-3807553fdf30@group-59A01362EF28-StateMachineUpdater: set stopIndex = 0
2025-05-13 07:38:40,971 [8bd4f96b-aea6-438c-bfca-3807553fdf30@group-59A01362EF28-cacheEviction-AwaitToRun] INFO  util.AwaitToRun (AwaitToRun.java:run(49)) - 8bd4f96b-aea6-438c-bfca-3807553fdf30@group-59A01362EF28-cacheEviction-AwaitToRun-AwaitForSignal is interrupted
2025-05-13 07:38:41,075 [8bd4f96b-aea6-438c-bfca-3807553fdf30-impl-thread1] INFO  segmented.SegmentedRaftLogWorker (SegmentedRaftLogWorker.java:close(252)) - 8bd4f96b-aea6-438c-bfca-3807553fdf30@group-59A01362EF28-SegmentedRaftLogWorker close()
2025-05-13 07:38:41,076 [JvmPauseMonitor2] INFO  util.JvmPauseMonitor (JvmPauseMonitor.java:run(152)) - JvmPauseMonitor-8bd4f96b-aea6-438c-bfca-3807553fdf30: Stopped
2025-05-13 07:38:41,076 [main] WARN  server.ServerUtils (ServerUtils.java:getScmDbDir(138)) - ozone.scm.db.dirs is not configured. We recommend adding this setting. Falling back to ozone.metadata.dirs instead.
2025-05-13 07:38:41,077 [main] INFO  ha.SCMHANodeDetails (SCMHANodeDetails.java:loadSCMHAConfig(162)) - ServiceID for StorageContainerManager is null
2025-05-13 07:38:41,077 [main] INFO  ha.SCMHANodeDetails (SCMHANodeDetails.java:loadSCMHAConfig(166)) - ozone.scm.default.service.id is not defined, falling back to ozone.scm.service.ids to find serviceID for StorageContainerManager if it is HA enabled cluster
2025-05-13 07:38:41,082 [pool-68-thread-1] INFO  request.KdcRequest (KdcRequest.java:preauth(683)) - The preauth data is empty.
2025-05-13 07:38:41,083 [pool-68-thread-1] INFO  server.KdcHandler (KdcHandler.java:handleRecoverableException(177)) - KRB error occurred while processing request: Additional pre-authentication required
2025-05-13 07:38:41,086 [pool-68-thread-1] INFO  request.AsRequest (AsRequest.java:issueTicket(112)) - AS_REQ ISSUE: authtime 1747121921086,om/pkrvmberfyhpb9w.internal.cloudapp.net@EXAMPLE.COM for krbtgt/EXAMPLE.COM@EXAMPLE.COM
2025-05-13 07:38:41,088 [main] INFO  security.UserGroupInformation (UserGroupInformation.java:loginUserFromKeytab(1143)) - Login successful for user om/pkrvmberfyhpb9w.internal.cloudapp.net@EXAMPLE.COM using keytab file om.keytab. Keytab auto renewal enabled : false
2025-05-13 07:38:41,088 [main] INFO  server.StorageContainerManager (StorageContainerManager.java:loginAsSCMUserIfSecurityEnabled(1062)) - SCM login successful.
2025-05-13 07:38:41,089 [main] INFO  proxy.SCMSecurityProtocolFailoverProxyProvider (SCMFailoverProxyProviderBase.java:<init>(120)) - Created fail-over proxy for protocol SCMSecurityProtocolPB with 1 nodes: [nodeId=scmNodeId,nodeAddress=localhost/127.0.0.1:15010]
2025-05-13 07:38:41,089 [main] INFO  client.SCMCertificateClient (DefaultCertificateClient.java:updateCertSerialId(1289)) - Certificate serial ID set to 2
2025-05-13 07:38:41,090 [main] INFO  client.SCMCertificateClient (DefaultCertificateClient.java:readCertificateFile(247)) - Added certificate 2 from file: /tmp/junit-16400629689127446683/scm-meta/scm/sub-ca/certs/2.crt.
2025-05-13 07:38:41,091 [main] INFO  client.SCMCertificateClient (DefaultCertificateClient.java:readCertificateFile(247)) - Added certificate 1 from file: /tmp/junit-16400629689127446683/scm-meta/scm/sub-ca/certs/CA-1.crt.
2025-05-13 07:38:41,092 [main] INFO  client.SCMCertificateClient (DefaultCertificateClient.java:readCertificateFile(247)) - Added certificate 2 from file: /tmp/junit-16400629689127446683/scm-meta/scm/sub-ca/certs/certificate.crt.
2025-05-13 07:38:41,092 [main] INFO  client.SCMCertificateClient (DefaultCertificateClient.java:loadAllCertificates(196)) - CertificateRenewerService and root ca rotation polling is disabled for scm/sub-ca
2025-05-13 07:38:41,093 [main] WARN  utils.HAUtils (HAUtils.java:getMetaDir(311)) - ozone.scm.db.dirs is not configured. We recommend adding this setting. Falling back to ozone.metadata.dirs instead.
2025-05-13 07:38:41,093 [main] WARN  db.DBStoreBuilder (DBStoreBuilder.java:getDBDirPath(160)) - ozone.scm.db.dirs is not configured. We recommend adding this setting. Falling back to ozone.metadata.dirs instead.
2025-05-13 07:38:41,145 [main] INFO  net.NodeSchemaLoader (NodeSchemaLoader.java:loadSchemaFromFile(128)) - Loading schema from [jar:file:/home/runner/work/ozone/ozone/hadoop-hdds/common/target/hdds-common-2.1.0-SNAPSHOT.jar!/network-topology-default.xml]
2025-05-13 07:38:41,145 [main] INFO  net.NodeSchemaLoader (NodeSchemaLoader.java:loadSchema(175)) - Loading network topology layer schema file
2025-05-13 07:38:41,166 [main] INFO  ha.SCMRatisServerImpl (SCMRatisServerImpl.java:<init>(100)) - starting Raft server for scm:8bd4f96b-aea6-438c-bfca-3807553fdf30
2025-05-13 07:38:41,167 [main] INFO  server.RaftServerConfigKeys (ConfUtils.java:logGet(46)) - raft.server.log.appender.buffer.byte-limit = 4194304 (custom)
2025-05-13 07:38:41,169 [main] INFO  server.RaftServer (ConfUtils.java:logGet(46)) - raft.rpc.type = GRPC (default)
2025-05-13 07:38:41,169 [main] INFO  grpc.GrpcConfigKeys (ConfUtils.java:logFallback(53)) - raft.grpc.admin.host = null (fallback to raft.grpc.server.host)
2025-05-13 07:38:41,169 [main] INFO  grpc.GrpcConfigKeys (ConfUtils.java:logFallback(53)) - raft.grpc.admin.port = 15011 (fallback to raft.grpc.server.port)
2025-05-13 07:38:41,169 [main] INFO  grpc.GrpcConfigKeys (ConfUtils.java:logFallback(53)) - raft.grpc.client.host = null (fallback to raft.grpc.server.host)
2025-05-13 07:38:41,169 [main] INFO  grpc.GrpcConfigKeys (ConfUtils.java:logFallback(53)) - raft.grpc.client.port = 15011 (fallback to raft.grpc.server.port)
2025-05-13 07:38:41,169 [main] INFO  grpc.GrpcConfigKeys (ConfUtils.java:logGet(46)) - raft.grpc.server.host = null (default)
2025-05-13 07:38:41,170 [main] INFO  grpc.GrpcConfigKeys (ConfUtils.java:logGet(46)) - raft.grpc.server.port = 15011 (custom)
2025-05-13 07:38:41,170 [main] INFO  server.GrpcService (ConfUtils.java:logGet(46)) - raft.grpc.message.size.max = 5242880 (custom)
2025-05-13 07:38:41,170 [main] INFO  server.GrpcService (ConfUtils.java:logGet(46)) - raft.grpc.flow.control.window = 1MB (=1048576) (default)
2025-05-13 07:38:41,170 [main] INFO  server.RaftServerConfigKeys (ConfUtils.java:logGet(46)) - raft.server.rpc.request.timeout = 30000ms (custom)
2025-05-13 07:38:41,170 [main] INFO  grpc.GrpcConfigKeys (ConfUtils.java:logGet(46)) - raft.grpc.server.heartbeat.channel = true (default)
2025-05-13 07:38:41,170 [main] INFO  server.RaftServerConfigKeys (ConfUtils.java:logGet(46)) - raft.server.log.appender.buffer.byte-limit = 4194304 (custom)
2025-05-13 07:38:41,170 [main] INFO  grpc.GrpcConfigKeys (ConfUtils.java:logGet(46)) - raft.grpc.server.async.request.thread.pool.cached = true (default)
2025-05-13 07:38:41,170 [main] INFO  grpc.GrpcConfigKeys (ConfUtils.java:logGet(46)) - raft.grpc.server.async.request.thread.pool.size = 32 (default)
2025-05-13 07:38:41,171 [main] INFO  impl.DataStreamServerImpl (ConfUtils.java:logGet(46)) - raft.datastream.type = DISABLED (default)
2025-05-13 07:38:41,172 [main] INFO  server.RaftServerConfigKeys (ConfUtils.java:logGet(46)) - raft.server.sleep.deviation.threshold = 300ms (default)
2025-05-13 07:38:41,172 [main] INFO  server.RaftServerConfigKeys (ConfUtils.java:logGet(46)) - raft.server.close.threshold = 60s (default)
2025-05-13 07:38:41,172 [main] INFO  server.RaftServerConfigKeys (ConfUtils.java:logGet(46)) - raft.server.leaderelection.leader.step-down.wait-time = 10s (default)
2025-05-13 07:38:41,172 [main] INFO  server.RaftServerConfigKeys (ConfUtils.java:logGet(46)) - raft.server.storage.dir = [/tmp/junit-16400629689127446683/scm-meta/scm-ha] (custom)
2025-05-13 07:38:41,172 [main] INFO  server.RaftServerConfigKeys (ConfUtils.java:logGet(46)) - raft.server.threadpool.proxy.cached = true (default)
2025-05-13 07:38:41,172 [main] INFO  server.RaftServerConfigKeys (ConfUtils.java:logGet(46)) - raft.server.threadpool.proxy.size = 0 (default)
2025-05-13 07:38:41,173 [8bd4f96b-aea6-438c-bfca-3807553fdf30-impl-thread1] INFO  server.RaftServer (RaftServerProxy.java:initGroupDir(265)) - 8bd4f96b-aea6-438c-bfca-3807553fdf30: found a subdirectory /tmp/junit-16400629689127446683/scm-meta/scm-ha/d575c074-0389-459d-8fb2-59a01362ef28
2025-05-13 07:38:41,173 [main] INFO  server.RaftServer (RaftServerProxy.java:addNew(100)) - 8bd4f96b-aea6-438c-bfca-3807553fdf30: addNew group-59A01362EF28:[] returns group-59A01362EF28:java.util.concurrent.CompletableFuture@7bbdaf51[Not completed]
2025-05-13 07:38:41,173 [8bd4f96b-aea6-438c-bfca-3807553fdf30-groupManagement] INFO  server.RaftServer$Division (RaftServerImpl.java:<init>(255)) - 8bd4f96b-aea6-438c-bfca-3807553fdf30: new RaftServerImpl for group-59A01362EF28:[] with SCMStateMachine:uninitialized
2025-05-13 07:38:41,174 [8bd4f96b-aea6-438c-bfca-3807553fdf30-groupManagement] INFO  server.RaftServerConfigKeys (ConfUtils.java:logGet(46)) - raft.server.rpc.timeout.min = 5000ms (custom)
2025-05-13 07:38:41,174 [8bd4f96b-aea6-438c-bfca-3807553fdf30-groupManagement] INFO  server.RaftServerConfigKeys (ConfUtils.java:logGet(46)) - raft.server.rpc.timeout.max = 5200ms (custom)
2025-05-13 07:38:41,174 [8bd4f96b-aea6-438c-bfca-3807553fdf30-groupManagement] INFO  server.RaftServerConfigKeys (ConfUtils.java:logGet(46)) - raft.server.rpc.sleep.time = 25ms (default)
2025-05-13 07:38:41,174 [8bd4f96b-aea6-438c-bfca-3807553fdf30-groupManagement] INFO  server.RaftServerConfigKeys (ConfUtils.java:logGet(46)) - raft.server.rpc.slowness.timeout = 120000ms (custom)
2025-05-13 07:38:41,174 [8bd4f96b-aea6-438c-bfca-3807553fdf30-groupManagement] INFO  server.RaftServerConfigKeys (ConfUtils.java:logGet(46)) - raft.server.leaderelection.leader.step-down.wait-time = 10s (default)
2025-05-13 07:38:41,174 [8bd4f96b-aea6-438c-bfca-3807553fdf30-groupManagement] INFO  server.RaftServerConfigKeys (ConfUtils.java:logGet(46)) - raft.server.leaderelection.member.majority-add = false (default)
2025-05-13 07:38:41,174 [8bd4f96b-aea6-438c-bfca-3807553fdf30-groupManagement] INFO  server.RaftServerConfigKeys (ConfUtils.java:logGet(46)) - raft.server.sleep.deviation.threshold = 300ms (default)
2025-05-13 07:38:41,174 [8bd4f96b-aea6-438c-bfca-3807553fdf30-groupManagement] INFO  server.RaftServer$Division (ServerState.java:<init>(114)) - 8bd4f96b-aea6-438c-bfca-3807553fdf30@group-59A01362EF28: ConfigurationManager, init=conf: {index: -1, cur=peers:[]|listeners:[], old=null}, confs=<EMPTY_MAP>
2025-05-13 07:38:41,174 [8bd4f96b-aea6-438c-bfca-3807553fdf30-groupManagement] INFO  server.RaftServerConfigKeys (ConfUtils.java:logGet(46)) - raft.server.notification.no-leader.timeout = 60s (default)
2025-05-13 07:38:41,174 [8bd4f96b-aea6-438c-bfca-3807553fdf30-groupManagement] INFO  server.RaftServerConfigKeys (ConfUtils.java:logGet(46)) - raft.server.read.timeout = 10s (default)
2025-05-13 07:38:41,174 [8bd4f96b-aea6-438c-bfca-3807553fdf30-groupManagement] INFO  server.RaftServerConfigKeys (ConfUtils.java:logGet(46)) - raft.server.retrycache.expirytime = 60000ms (default)
2025-05-13 07:38:41,174 [8bd4f96b-aea6-438c-bfca-3807553fdf30-groupManagement] INFO  server.RaftServerConfigKeys (ConfUtils.java:logGet(46)) - raft.server.retrycache.statistics.expirytime = 100ms (default)
2025-05-13 07:38:41,174 [8bd4f96b-aea6-438c-bfca-3807553fdf30-groupManagement] INFO  server.RaftServerConfigKeys (ConfUtils.java:logGet(46)) - raft.server.read.option = DEFAULT (default)
2025-05-13 07:38:41,174 [8bd4f96b-aea6-438c-bfca-3807553fdf30-groupManagement] INFO  server.RaftServerConfigKeys (ConfUtils.java:logGet(46)) - raft.server.read.read-after-write-consistent.write-index-cache.expiry-time = 60s (default)
2025-05-13 07:38:41,184 [8bd4f96b-aea6-438c-bfca-3807553fdf30-groupManagement] INFO  server.RaftServerConfigKeys (ConfUtils.java:logGet(46)) - raft.server.rpc.request.timeout = 30000ms (custom)
2025-05-13 07:38:41,184 [8bd4f96b-aea6-438c-bfca-3807553fdf30-groupManagement] INFO  server.RaftServerConfigKeys (ConfUtils.java:logGet(46)) - raft.server.log.appender.install.snapshot.enabled = false (custom)
2025-05-13 07:38:41,184 [8bd4f96b-aea6-438c-bfca-3807553fdf30-groupManagement] INFO  server.RaftServerConfigKeys (ConfUtils.java:logGet(46)) - raft.server.threadpool.server.cached = true (default)
2025-05-13 07:38:41,184 [8bd4f96b-aea6-438c-bfca-3807553fdf30-groupManagement] INFO  server.RaftServerConfigKeys (ConfUtils.java:logGet(46)) - raft.server.threadpool.server.size = 0 (default)
2025-05-13 07:38:41,184 [8bd4f96b-aea6-438c-bfca-3807553fdf30-groupManagement] INFO  server.RaftServerConfigKeys (ConfUtils.java:logGet(46)) - raft.server.threadpool.client.cached = true (default)
2025-05-13 07:38:41,185 [8bd4f96b-aea6-438c-bfca-3807553fdf30-groupManagement] INFO  server.RaftServerConfigKeys (ConfUtils.java:logGet(46)) - raft.server.threadpool.client.size = 0 (default)
2025-05-13 07:38:41,185 [main] INFO  ha.SCMSnapshotProvider (SCMSnapshotProvider.java:<init>(61)) - Initializing SCM Snapshot Provider
2025-05-13 07:38:41,185 [main] WARN  server.ServerUtils (ServerUtils.java:getDefaultRatisDirectory(304)) - Storage directory for Ratis is not configured. It is a good idea to map this to an SSD disk. Falling back to ozone.metadata.dirs
2025-05-13 07:38:41,185 [main] WARN  ha.SCMHAUtils (SCMHAUtils.java:getSCMRatisSnapshotDirectory(120)) - SCM snapshot dir is not configured. Falling back to ozone.metadata.dirs config
2025-05-13 07:38:41,187 [main] INFO  upgrade.AbstractLayoutVersionManager (AbstractLayoutVersionManager.java:init(80)) - Initializing Layout version manager with metadata layout = HBASE_SUPPORT (version = 8), software layout = HBASE_SUPPORT (version = 8)
2025-05-13 07:38:41,189 [main] INFO  ha.SequenceIdGenerator (SequenceIdGenerator.java:upgradeToSequenceId(355)) - upgrade localId to 115816896921600000
2025-05-13 07:38:41,190 [main] INFO  ha.SequenceIdGenerator (SequenceIdGenerator.java:upgradeToSequenceId(365)) - upgrade delTxnId to 0
2025-05-13 07:38:41,191 [main] INFO  ha.SequenceIdGenerator (SequenceIdGenerator.java:upgradeToSequenceId(382)) - upgrade containerId to 0
2025-05-13 07:38:41,192 [main] INFO  ha.SequenceIdGenerator (SequenceIdGenerator.java:upgradeToCertificateSequenceId(419)) - upgrade CertificateId to 2
2025-05-13 07:38:41,193 [main] INFO  ha.SequenceIdGenerator (SequenceIdGenerator.java:<init>(232)) - Init the HA SequenceIdGenerator.
2025-05-13 07:38:41,193 [main] WARN  server.ServerUtils (ServerUtils.java:sanitizeUserArgs(76)) - ozone.scm.stale.node.interval value = 300000 is larger than max = 100000 based on the key value of ozone.scm.heartbeat.thread.interval, reset to the max value 100000.
2025-05-13 07:38:41,193 [main] WARN  server.ServerUtils (ServerUtils.java:sanitizeUserArgs(76)) - ozone.scm.stale.node.interval value = 300000 is larger than max = 100000 based on the key value of ozone.scm.heartbeat.thread.interval, reset to the max value 100000.
2025-05-13 07:38:41,194 [main] INFO  node.SCMNodeManager (SCMNodeManager.java:<init>(182)) - Entering startup safe mode.
2025-05-13 07:38:41,194 [main] INFO  algorithms.ContainerPlacementPolicyFactory (ContainerPlacementPolicyFactory.java:getPolicyInternal(84)) - Create container placement policy of type org.apache.hadoop.hdds.scm.container.placement.algorithms.SCMContainerPlacementRackAware
2025-05-13 07:38:41,194 [main] INFO  algorithms.ContainerPlacementPolicyFactory (ContainerPlacementPolicyFactory.java:getPolicyInternal(84)) - Create container placement policy of type org.apache.hadoop.hdds.scm.container.placement.algorithms.SCMContainerPlacementRackScatter
2025-05-13 07:38:41,195 [main] INFO  pipeline.PipelineStateManagerImpl (PipelineStateManagerImpl.java:initialize(75)) - No pipeline exists in current db
2025-05-13 07:38:41,195 [main] INFO  algorithms.LeaderChoosePolicyFactory (LeaderChoosePolicyFactory.java:getPolicy(55)) - Create leader choose policy of type org.apache.hadoop.hdds.scm.pipeline.leader.choose.algorithms.MinLeaderCountChoosePolicy
2025-05-13 07:38:41,195 [main] INFO  algorithms.ContainerPlacementPolicyFactory (ContainerPlacementPolicyFactory.java:getPolicyInternal(84)) - Create container placement policy of type org.apache.hadoop.hdds.scm.container.placement.algorithms.SCMContainerPlacementRackScatter
2025-05-13 07:38:41,195 [main] INFO  ha.SCMServiceManager (SCMServiceManager.java:register(42)) - Registering service BackgroundPipelineCreator.
2025-05-13 07:38:41,195 [main] INFO  pipeline.BackgroundPipelineCreator (BackgroundPipelineCreator.java:start(126)) - Starting RatisPipelineUtilsThread.
2025-05-13 07:38:41,196 [main] INFO  BackgroundPipelineScrubber (BackgroundSCMService.java:start(64)) - Starting BackgroundPipelineScrubber Service.
2025-05-13 07:38:41,196 [main] INFO  ha.SCMServiceManager (SCMServiceManager.java:register(42)) - Registering service BackgroundPipelineScrubber.
2025-05-13 07:38:41,196 [main] INFO  ExpiredContainerReplicaOpScrubber (BackgroundSCMService.java:start(64)) - Starting ExpiredContainerReplicaOpScrubber Service.
2025-05-13 07:38:41,197 [main] INFO  ha.SCMServiceManager (SCMServiceManager.java:register(42)) - Registering service ExpiredContainerReplicaOpScrubber.
2025-05-13 07:38:41,198 [main] INFO  algorithms.PipelineChoosePolicyFactory (PipelineChoosePolicyFactory.java:createPipelineChoosePolicyFromClass(78)) - Create pipeline choose policy of type org.apache.hadoop.hdds.scm.pipeline.choose.algorithms.RandomPipelineChoosePolicy
2025-05-13 07:38:41,198 [main] INFO  algorithms.PipelineChoosePolicyFactory (PipelineChoosePolicyFactory.java:createPipelineChoosePolicyFromClass(78)) - Create pipeline choose policy of type org.apache.hadoop.hdds.scm.pipeline.choose.algorithms.RandomPipelineChoosePolicy
2025-05-13 07:38:41,199 [main] INFO  ha.SCMServiceManager (SCMServiceManager.java:register(42)) - Registering service SCMBlockDeletingService.
2025-05-13 07:38:41,200 [main] INFO  replication.ReplicationManager (ReplicationManager.java:start(285)) - Starting Replication Monitor Thread.
2025-05-13 07:38:41,201 [main] INFO  ha.SCMServiceManager (SCMServiceManager.java:register(42)) - Registering service ReplicationManager.
2025-05-13 07:38:41,201 [main] INFO  safemode.RatisContainerSafeModeRule (RatisContainerSafeModeRule.java:initializeRule(160)) - Refreshed Containers with one replica threshold count 0.
2025-05-13 07:38:41,202 [main] INFO  safemode.ECContainerSafeModeRule (ECContainerSafeModeRule.java:initializeRule(205)) - Refreshed Containers with ec n replica threshold count 0.
2025-05-13 07:38:41,202 [main] INFO  safemode.HealthyPipelineSafeModeRule (HealthyPipelineSafeModeRule.java:initializeRule(177)) - Total pipeline count is 0, healthy pipeline threshold count is 0
2025-05-13 07:38:41,202 [main] INFO  safemode.OneReplicaPipelineSafeModeRule (OneReplicaPipelineSafeModeRule.java:initializeRule(190)) - Total pipeline count is 0, pipeline's with at least one datanode reported threshold count is 0
2025-05-13 07:38:41,203 [main] INFO  security.SecretKeyManagerService (SecretKeyManagerService.java:start(143)) - Scheduling rotation checker with interval PT10M
2025-05-13 07:38:41,204 [main] INFO  ha.SCMServiceManager (SCMServiceManager.java:register(42)) - Registering service SecretKeyManagerService.
2025-05-13 07:38:41,204 [main] INFO  keys.KeyStorage (KeyStorage.java:readPublicKey(174)) - Reading public key from /tmp/junit-16400629689127446683/scm-meta/scm/sub-ca/keys/public.pem.
2025-05-13 07:38:41,204 [main] INFO  keys.KeyStorage (KeyStorage.java:readPrivateKey(158)) - Reading private key from /tmp/junit-16400629689127446683/scm-meta/scm/sub-ca/keys/private.pem.
2025-05-13 07:38:41,205 [main] INFO  authority.DefaultCAServer (DefaultCAServer.java:lambda$processVerificationStatus$0(392)) - CertificateServer validation is successful
2025-05-13 07:38:41,205 [main] INFO  keys.KeyStorage (KeyStorage.java:readPublicKey(174)) - Reading public key from /tmp/junit-16400629689127446683/scm-meta/scm/ca/keys/public.pem.
2025-05-13 07:38:41,205 [main] INFO  keys.KeyStorage (KeyStorage.java:readPrivateKey(158)) - Reading private key from /tmp/junit-16400629689127446683/scm-meta/scm/ca/keys/private.pem.
2025-05-13 07:38:41,206 [main] INFO  authority.DefaultCAServer (DefaultCAServer.java:lambda$processVerificationStatus$0(392)) - CertificateServer validation is successful
2025-05-13 07:38:41,206 [main] INFO  server.StorageContainerManager (StorageContainerManager.java:persistPrimarySCMCerts(950)) - Storing sub-ca certificate serialId 2 on primary SCM
2025-05-13 07:38:41,207 [main] INFO  server.SCMCertStore (SCMCertStore.java:storeValidScmCertificate(96)) - Scm certificate 2 for CN=scm-sub@pkrvmberfyhpb9w,OU=8bd4f96b-aea6-438c-bfca-3807553fdf30,O=d575c074-0389-459d-8fb2-59a01362ef28,SERIALNUMBER=2 is stored
2025-05-13 07:38:41,208 [main] INFO  server.StorageContainerManager (StorageContainerManager.java:persistPrimarySCMCerts(957)) - Storing root certificate serialId 1
2025-05-13 07:38:41,209 [main] INFO  server.SCMCertStore (SCMCertStore.java:storeValidScmCertificate(96)) - Scm certificate 1 for CN=scm@pkrvmberfyhpb9w,OU=8bd4f96b-aea6-438c-bfca-3807553fdf30,O=d575c074-0389-459d-8fb2-59a01362ef28,SERIALNUMBER=1 is stored
2025-05-13 07:38:41,211 [main] INFO  ha.SequenceIdGenerator (SequenceIdGenerator.java:upgradeToCertificateSequenceId(419)) - upgrade CertificateId to 2
2025-05-13 07:38:41,212 [main] INFO  ipc.CallQueueManager (CallQueueManager.java:<init>(93)) - Using callQueue: class java.util.concurrent.LinkedBlockingQueue, queueCapacity: 200, scheduler: class org.apache.hadoop.ipc.DefaultRpcScheduler, ipcBackoff: false, ipcFailOver: false.
2025-05-13 07:38:41,212 [main] INFO  ipc.Server (Server.java:<init>(1438)) - Listener at 0.0.0.0:15010
2025-05-13 07:38:41,213 [Socket Reader #1 for port 15010] INFO  ipc.Server (Server.java:run(1474)) - Starting Socket Reader #1 for port 15010
2025-05-13 07:38:41,214 [main] INFO  server.StorageContainerManager (StorageContainerManager.java:<init>(430)) - SCM start with adminUsers: [om/pkrvmberfyhpb9w.internal.cloudapp.net@EXAMPLE.COM, om]
2025-05-13 07:38:41,214 [main] INFO  ipc.CallQueueManager (CallQueueManager.java:<init>(93)) - Using callQueue: class java.util.concurrent.LinkedBlockingQueue, queueCapacity: 10000, scheduler: class org.apache.hadoop.ipc.DefaultRpcScheduler, ipcBackoff: false, ipcFailOver: false.
2025-05-13 07:38:41,215 [main] INFO  ipc.Server (Server.java:<init>(1438)) - Listener at 0.0.0.0:15008
2025-05-13 07:38:41,217 [Socket Reader #1 for port 15008] INFO  ipc.Server (Server.java:run(1474)) - Starting Socket Reader #1 for port 15008
2025-05-13 07:38:41,217 [Socket Reader #3 for port 15008] INFO  ipc.Server (Server.java:run(1474)) - Starting Socket Reader #3 for port 15008
2025-05-13 07:38:41,218 [Socket Reader #2 for port 15008] INFO  ipc.Server (Server.java:run(1474)) - Starting Socket Reader #2 for port 15008
2025-05-13 07:38:41,218 [Socket Reader #6 for port 15008] INFO  ipc.Server (Server.java:run(1474)) - Starting Socket Reader #6 for port 15008
2025-05-13 07:38:41,218 [Socket Reader #5 for port 15008] INFO  ipc.Server (Server.java:run(1474)) - Starting Socket Reader #5 for port 15008
2025-05-13 07:38:41,218 [Socket Reader #7 for port 15008] INFO  ipc.Server (Server.java:run(1474)) - Starting Socket Reader #7 for port 15008
2025-05-13 07:38:41,218 [Socket Reader #4 for port 15008] INFO  ipc.Server (Server.java:run(1474)) - Starting Socket Reader #4 for port 15008
2025-05-13 07:38:41,219 [Socket Reader #8 for port 15008] INFO  ipc.Server (Server.java:run(1474)) - Starting Socket Reader #8 for port 15008
2025-05-13 07:38:41,219 [Socket Reader #9 for port 15008] INFO  ipc.Server (Server.java:run(1474)) - Starting Socket Reader #9 for port 15008
2025-05-13 07:38:41,219 [Socket Reader #10 for port 15008] INFO  ipc.Server (Server.java:run(1474)) - Starting Socket Reader #10 for port 15008
2025-05-13 07:38:41,220 [main] INFO  ipc.CallQueueManager (CallQueueManager.java:<init>(93)) - Using callQueue: class java.util.concurrent.LinkedBlockingQueue, queueCapacity: 10000, scheduler: class org.apache.hadoop.ipc.DefaultRpcScheduler, ipcBackoff: false, ipcFailOver: false.
2025-05-13 07:38:41,221 [main] INFO  ipc.Server (Server.java:<init>(1438)) - Listener at 0.0.0.0:15009
2025-05-13 07:38:41,221 [Socket Reader #1 for port 15009] INFO  ipc.Server (Server.java:run(1474)) - Starting Socket Reader #1 for port 15009
2025-05-13 07:38:41,221 [Socket Reader #2 for port 15009] INFO  ipc.Server (Server.java:run(1474)) - Starting Socket Reader #2 for port 15009
2025-05-13 07:38:41,222 [Socket Reader #3 for port 15009] INFO  ipc.Server (Server.java:run(1474)) - Starting Socket Reader #3 for port 15009
2025-05-13 07:38:41,222 [Socket Reader #5 for port 15009] INFO  ipc.Server (Server.java:run(1474)) - Starting Socket Reader #5 for port 15009
2025-05-13 07:38:41,222 [Socket Reader #6 for port 15009] INFO  ipc.Server (Server.java:run(1474)) - Starting Socket Reader #6 for port 15009
2025-05-13 07:38:41,223 [Socket Reader #4 for port 15009] INFO  ipc.Server (Server.java:run(1474)) - Starting Socket Reader #4 for port 15009
2025-05-13 07:38:41,223 [Socket Reader #7 for port 15009] INFO  ipc.Server (Server.java:run(1474)) - Starting Socket Reader #7 for port 15009
2025-05-13 07:38:41,223 [Socket Reader #8 for port 15009] INFO  ipc.Server (Server.java:run(1474)) - Starting Socket Reader #8 for port 15009
2025-05-13 07:38:41,223 [Socket Reader #9 for port 15009] INFO  ipc.Server (Server.java:run(1474)) - Starting Socket Reader #9 for port 15009
2025-05-13 07:38:41,224 [Socket Reader #10 for port 15009] INFO  ipc.Server (Server.java:run(1474)) - Starting Socket Reader #10 for port 15009
2025-05-13 07:38:41,225 [main] INFO  ipc.CallQueueManager (CallQueueManager.java:<init>(93)) - Using callQueue: class java.util.concurrent.LinkedBlockingQueue, queueCapacity: 10000, scheduler: class org.apache.hadoop.ipc.DefaultRpcScheduler, ipcBackoff: false, ipcFailOver: false.
2025-05-13 07:38:41,225 [main] INFO  ipc.Server (Server.java:<init>(1438)) - Listener at 0.0.0.0:15007
2025-05-13 07:38:41,226 [Socket Reader #1 for port 15007] INFO  ipc.Server (Server.java:run(1474)) - Starting Socket Reader #1 for port 15007
2025-05-13 07:38:41,226 [Socket Reader #2 for port 15007] INFO  ipc.Server (Server.java:run(1474)) - Starting Socket Reader #2 for port 15007
2025-05-13 07:38:41,226 [Socket Reader #3 for port 15007] INFO  ipc.Server (Server.java:run(1474)) - Starting Socket Reader #3 for port 15007
2025-05-13 07:38:41,227 [Socket Reader #4 for port 15007] INFO  ipc.Server (Server.java:run(1474)) - Starting Socket Reader #4 for port 15007
2025-05-13 07:38:41,227 [Socket Reader #5 for port 15007] INFO  ipc.Server (Server.java:run(1474)) - Starting Socket Reader #5 for port 15007
2025-05-13 07:38:41,227 [Socket Reader #6 for port 15007] INFO  ipc.Server (Server.java:run(1474)) - Starting Socket Reader #6 for port 15007
2025-05-13 07:38:41,227 [Socket Reader #7 for port 15007] INFO  ipc.Server (Server.java:run(1474)) - Starting Socket Reader #7 for port 15007
2025-05-13 07:38:41,227 [Socket Reader #8 for port 15007] INFO  ipc.Server (Server.java:run(1474)) - Starting Socket Reader #8 for port 15007
2025-05-13 07:38:41,227 [Socket Reader #9 for port 15007] INFO  ipc.Server (Server.java:run(1474)) - Starting Socket Reader #9 for port 15007
2025-05-13 07:38:41,228 [Socket Reader #10 for port 15007] INFO  ipc.Server (Server.java:run(1474)) - Starting Socket Reader #10 for port 15007
2025-05-13 07:38:41,234 [main] INFO  ha.SCMServiceManager (SCMServiceManager.java:register(42)) - Registering service ContainerBalancer.
2025-05-13 07:38:41,235 [main] INFO  ha.SCMContext (SCMContext.java:updateSafeModeStatus(224)) - Update SafeModeStatus from SafeModeStatus{safeModeStatus=true, preCheckPassed=false} to SafeModeStatus{safeModeStatus=true, preCheckPassed=false}.
2025-05-13 07:38:41,235 [main] INFO  server.StorageContainerManager (StorageContainerManager.java:start(1507)) - StorageContainerLocationProtocol RPC server is listening at /0.0.0.0:15007
2025-05-13 07:38:41,235 [main] INFO  ha.SCMRatisServerImpl (SCMRatisServerImpl.java:start(203)) - starting ratis server 0.0.0.0:15011
2025-05-13 07:38:41,235 [8bd4f96b-aea6-438c-bfca-3807553fdf30-impl-thread1] INFO  server.RaftServerConfigKeys (ConfUtils.java:logGet(46)) - raft.server.storage.free-space.min = 0MB (=0) (default)
2025-05-13 07:38:41,235 [8bd4f96b-aea6-438c-bfca-3807553fdf30-impl-thread1] INFO  server.RaftServerConfigKeys (ConfUtils.java:logGet(46)) - raft.server.log.corruption.policy = EXCEPTION (default)
2025-05-13 07:38:41,236 [8bd4f96b-aea6-438c-bfca-3807553fdf30-impl-thread1] INFO  server.RaftServerConfigKeys (ConfUtils.java:logGet(46)) - raft.server.storage.dir = [/tmp/junit-16400629689127446683/scm-meta/scm-ha] (custom)
2025-05-13 07:38:41,236 [8bd4f96b-aea6-438c-bfca-3807553fdf30-impl-thread1] INFO  storage.RaftStorageDirectory (RaftStorageDirectoryImpl.java:tryLock(229)) - Lock on /tmp/junit-16400629689127446683/scm-meta/scm-ha/d575c074-0389-459d-8fb2-59a01362ef28/in_use.lock acquired by nodename 11778@pkrvmberfyhpb9w
2025-05-13 07:38:41,237 [8bd4f96b-aea6-438c-bfca-3807553fdf30-impl-thread1] INFO  storage.RaftStorage (RaftStorageImpl.java:analyzeAndRecoverStorage(118)) - Read RaftStorageMetadata{term=1, votedFor=8bd4f96b-aea6-438c-bfca-3807553fdf30} from /tmp/junit-16400629689127446683/scm-meta/scm-ha/d575c074-0389-459d-8fb2-59a01362ef28/current/raft-meta
2025-05-13 07:38:41,237 [8bd4f96b-aea6-438c-bfca-3807553fdf30-impl-thread1] INFO  server.RaftServer$Division (ServerState.java:setRaftConf(386)) - 8bd4f96b-aea6-438c-bfca-3807553fdf30@group-59A01362EF28: set configuration conf: {index: 0, cur=peers:[8bd4f96b-aea6-438c-bfca-3807553fdf30|pkrvmberfyhpb9w:15011]|listeners:[], old=null}
2025-05-13 07:38:41,237 [8bd4f96b-aea6-438c-bfca-3807553fdf30-impl-thread1] INFO  ha.SCMStateMachine (SCMStateMachine.java:lambda$initialize$0(135)) - 8bd4f96b-aea6-438c-bfca-3807553fdf30: initialize group-59A01362EF28
2025-05-13 07:38:41,237 [8bd4f96b-aea6-438c-bfca-3807553fdf30-impl-thread1] INFO  server.RaftServerConfigKeys (ConfUtils.java:logGet(46)) - raft.server.log.use.memory = false (default)
2025-05-13 07:38:41,238 [8bd4f96b-aea6-438c-bfca-3807553fdf30-impl-thread1] INFO  server.RaftServerConfigKeys (ConfUtils.java:logGet(46)) - raft.server.log.purge.gap = 1000000 (custom)
2025-05-13 07:38:41,238 [8bd4f96b-aea6-438c-bfca-3807553fdf30-impl-thread1] INFO  server.RaftServerConfigKeys (ConfUtils.java:logGet(46)) - raft.server.log.appender.buffer.byte-limit = 4194304 (custom)
2025-05-13 07:38:41,238 [8bd4f96b-aea6-438c-bfca-3807553fdf30-impl-thread1] INFO  server.RaftServerConfigKeys (ConfUtils.java:logGet(46)) - raft.server.log.statemachine.data.read.timeout = 1000ms (default)
2025-05-13 07:38:41,238 [8bd4f96b-aea6-438c-bfca-3807553fdf30-impl-thread1] INFO  server.RaftServerConfigKeys (ConfUtils.java:logGet(46)) - raft.server.log.purge.preservation.log.num = 0 (default)
2025-05-13 07:38:41,240 [8bd4f96b-aea6-438c-bfca-3807553fdf30-impl-thread1] INFO  server.RaftServerConfigKeys (ConfUtils.java:logGet(46)) - raft.server.log.segment.size.max = 4194304 (custom)
2025-05-13 07:38:41,240 [8bd4f96b-aea6-438c-bfca-3807553fdf30-impl-thread1] INFO  server.RaftServerConfigKeys (ConfUtils.java:logGet(46)) - raft.server.log.segment.cache.num.max = 2 (custom)
2025-05-13 07:38:41,240 [8bd4f96b-aea6-438c-bfca-3807553fdf30-impl-thread1] INFO  server.RaftServerConfigKeys (ConfUtils.java:logGet(46)) - raft.server.log.segment.cache.size.max = 200MB (=209715200) (default)
2025-05-13 07:38:41,240 [8bd4f96b-aea6-438c-bfca-3807553fdf30-impl-thread1] INFO  server.RaftServerConfigKeys (ConfUtils.java:logGet(46)) - raft.server.log.appender.buffer.byte-limit = 4194304 (custom)
2025-05-13 07:38:41,240 [8bd4f96b-aea6-438c-bfca-3807553fdf30-impl-thread1] INFO  util.AwaitToRun (AwaitToRun.java:start(81)) - Thread[#439,8bd4f96b-aea6-438c-bfca-3807553fdf30@group-59A01362EF28-cacheEviction-AwaitToRun,5,main] started
2025-05-13 07:38:41,240 [8bd4f96b-aea6-438c-bfca-3807553fdf30-impl-thread1] INFO  segmented.SegmentedRaftLogWorker (SegmentedRaftLogWorker.java:<init>(188)) - new 8bd4f96b-aea6-438c-bfca-3807553fdf30@group-59A01362EF28-SegmentedRaftLogWorker for RaftStorageImpl:Storage Directory /tmp/junit-16400629689127446683/scm-meta/scm-ha/d575c074-0389-459d-8fb2-59a01362ef28
2025-05-13 07:38:41,240 [8bd4f96b-aea6-438c-bfca-3807553fdf30-impl-thread1] INFO  server.RaftServerConfigKeys (ConfUtils.java:logGet(46)) - raft.server.log.queue.byte-limit = 64MB (=67108864) (default)
2025-05-13 07:38:41,240 [8bd4f96b-aea6-438c-bfca-3807553fdf30-impl-thread1] INFO  server.RaftServerConfigKeys (ConfUtils.java:logGet(46)) - raft.server.log.queue.element-limit = 4096 (default)
2025-05-13 07:38:41,240 [8bd4f96b-aea6-438c-bfca-3807553fdf30-impl-thread1] INFO  server.RaftServerConfigKeys (ConfUtils.java:logGet(46)) - raft.server.log.segment.size.max = 4194304 (custom)
2025-05-13 07:38:41,240 [8bd4f96b-aea6-438c-bfca-3807553fdf30-impl-thread1] INFO  server.RaftServerConfigKeys (ConfUtils.java:logGet(46)) - raft.server.log.preallocated.size = 4194304 (custom)
2025-05-13 07:38:41,241 [8bd4f96b-aea6-438c-bfca-3807553fdf30-impl-thread1] INFO  server.RaftServerConfigKeys (ConfUtils.java:logGet(46)) - raft.server.log.force.sync.num = 128 (default)
2025-05-13 07:38:41,241 [8bd4f96b-aea6-438c-bfca-3807553fdf30-impl-thread1] INFO  server.RaftServerConfigKeys (ConfUtils.java:logGet(46)) - raft.server.log.statemachine.data.sync = true (default)
2025-05-13 07:38:41,241 [8bd4f96b-aea6-438c-bfca-3807553fdf30-impl-thread1] INFO  server.RaftServerConfigKeys (ConfUtils.java:logGet(46)) - raft.server.log.statemachine.data.sync.timeout = 10s (default)
2025-05-13 07:38:41,241 [8bd4f96b-aea6-438c-bfca-3807553fdf30-impl-thread1] INFO  server.RaftServerConfigKeys (ConfUtils.java:logGet(46)) - raft.server.log.statemachine.data.sync.timeout.retry = -1 (default)
2025-05-13 07:38:41,241 [8bd4f96b-aea6-438c-bfca-3807553fdf30-impl-thread1] INFO  server.RaftServerConfigKeys (ConfUtils.java:logGet(46)) - raft.server.log.write.buffer.size = 4194312 (custom)
2025-05-13 07:38:41,241 [8bd4f96b-aea6-438c-bfca-3807553fdf30-impl-thread1] INFO  server.RaftServerConfigKeys (ConfUtils.java:logGet(46)) - raft.server.log.appender.buffer.byte-limit = 4194304 (custom)
2025-05-13 07:38:41,241 [8bd4f96b-aea6-438c-bfca-3807553fdf30-impl-thread1] INFO  server.RaftServerConfigKeys (ConfUtils.java:logGet(46)) - raft.server.log.unsafe-flush.enabled = false (default)
2025-05-13 07:38:41,241 [8bd4f96b-aea6-438c-bfca-3807553fdf30-impl-thread1] INFO  server.RaftServerConfigKeys (ConfUtils.java:logGet(46)) - raft.server.log.async-flush.enabled = false (default)
2025-05-13 07:38:41,242 [8bd4f96b-aea6-438c-bfca-3807553fdf30-impl-thread1] INFO  server.RaftServerConfigKeys (ConfUtils.java:logGet(46)) - raft.server.log.statemachine.data.caching.enabled = false (default)
2025-05-13 07:38:41,242 [8bd4f96b-aea6-438c-bfca-3807553fdf30-impl-thread1] INFO  server.RaftServer$Division (ServerState.java:setRaftConf(386)) - 8bd4f96b-aea6-438c-bfca-3807553fdf30@group-59A01362EF28: set configuration conf: {index: 0, cur=peers:[8bd4f96b-aea6-438c-bfca-3807553fdf30|pkrvmberfyhpb9w:15011]|listeners:[], old=null}
2025-05-13 07:38:41,242 [8bd4f96b-aea6-438c-bfca-3807553fdf30-impl-thread1] INFO  segmented.LogSegment (LogSegment.java:loadSegment(171)) - Successfully read 1 entries from segment file /tmp/junit-16400629689127446683/scm-meta/scm-ha/d575c074-0389-459d-8fb2-59a01362ef28/current/log_inprogress_0
2025-05-13 07:38:41,242 [8bd4f96b-aea6-438c-bfca-3807553fdf30-impl-thread1] INFO  segmented.SegmentedRaftLogWorker (SegmentedRaftLogWorker.java:lambda$new$0(139)) - 8bd4f96b-aea6-438c-bfca-3807553fdf30@group-59A01362EF28-SegmentedRaftLogWorker: safeCacheEvictIndex: setUnconditionally 0 -> -1
2025-05-13 07:38:41,242 [8bd4f96b-aea6-438c-bfca-3807553fdf30-impl-thread1] INFO  segmented.BufferedWriteChannel (BufferedWriteChannel.java:open(61)) - open log_inprogress_0 (append) at position 82
2025-05-13 07:38:41,243 [8bd4f96b-aea6-438c-bfca-3807553fdf30-impl-thread1] INFO  server.RaftServer$Division (RaftServerImpl.java:start(391)) - 8bd4f96b-aea6-438c-bfca-3807553fdf30@group-59A01362EF28: start as a follower, conf=conf: {index: 0, cur=peers:[8bd4f96b-aea6-438c-bfca-3807553fdf30|pkrvmberfyhpb9w:15011]|listeners:[], old=null}
2025-05-13 07:38:41,243 [8bd4f96b-aea6-438c-bfca-3807553fdf30-impl-thread1] INFO  server.RaftServer$Division (RaftServerImpl.java:setRole(378)) - 8bd4f96b-aea6-438c-bfca-3807553fdf30@group-59A01362EF28: changes role from      null to FOLLOWER at term 1 for startAsFollower
2025-05-13 07:38:41,243 [8bd4f96b-aea6-438c-bfca-3807553fdf30-impl-thread1] INFO  impl.RoleInfo (RoleInfo.java:updateAndGet(148)) - 8bd4f96b-aea6-438c-bfca-3807553fdf30: start 8bd4f96b-aea6-438c-bfca-3807553fdf30@group-59A01362EF28-FollowerState
2025-05-13 07:38:41,243 [8bd4f96b-aea6-438c-bfca-3807553fdf30@group-59A01362EF28-FollowerState] INFO  server.RaftServerConfigKeys (ConfUtils.java:logFallback(53)) - raft.server.rpc.first-election.timeout.min = 5000ms (fallback to raft.server.rpc.timeout.min)
2025-05-13 07:38:41,243 [8bd4f96b-aea6-438c-bfca-3807553fdf30@group-59A01362EF28-FollowerState] INFO  server.RaftServerConfigKeys (ConfUtils.java:logFallback(53)) - raft.server.rpc.first-election.timeout.max = 5200ms (fallback to raft.server.rpc.timeout.max)
2025-05-13 07:38:41,244 [8bd4f96b-aea6-438c-bfca-3807553fdf30-impl-thread1] INFO  util.JmxRegister (JmxRegister.java:tryRegister(44)) - Successfully registered JMX Bean with object name Ratis:service=RaftServer,group=group-59A01362EF28,id=8bd4f96b-aea6-438c-bfca-3807553fdf30
2025-05-13 07:38:41,244 [8bd4f96b-aea6-438c-bfca-3807553fdf30-impl-thread1] INFO  util.JmxRegister (JmxRegister.java:register(58)) - register mxBean class org.apache.ratis.server.impl.RaftServerJmxAdapter as Ratis:service=RaftServer,group=group-59A01362EF28,id=8bd4f96b-aea6-438c-bfca-3807553fdf30
2025-05-13 07:38:41,244 [8bd4f96b-aea6-438c-bfca-3807553fdf30-impl-thread1] INFO  server.RaftServerConfigKeys (ConfUtils.java:logGet(46)) - raft.server.snapshot.trigger-when-stop.enabled = true (default)
2025-05-13 07:38:41,244 [8bd4f96b-aea6-438c-bfca-3807553fdf30-impl-thread1] INFO  server.RaftServerConfigKeys (ConfUtils.java:logGet(46)) - raft.server.snapshot.trigger-when-remove.enabled = true (default)
2025-05-13 07:38:41,244 [8bd4f96b-aea6-438c-bfca-3807553fdf30-impl-thread1] INFO  server.RaftServerConfigKeys (ConfUtils.java:logGet(46)) - raft.server.snapshot.auto.trigger.enabled = true (custom)
2025-05-13 07:38:41,244 [8bd4f96b-aea6-438c-bfca-3807553fdf30-impl-thread1] INFO  server.RaftServerConfigKeys (ConfUtils.java:logGet(46)) - raft.server.snapshot.auto.trigger.threshold = 1000 (custom)
2025-05-13 07:38:41,244 [8bd4f96b-aea6-438c-bfca-3807553fdf30-impl-thread1] INFO  server.RaftServerConfigKeys (ConfUtils.java:logGet(46)) - raft.server.snapshot.retention.file.num = -1 (default)
2025-05-13 07:38:41,244 [8bd4f96b-aea6-438c-bfca-3807553fdf30-impl-thread1] INFO  server.RaftServerConfigKeys (ConfUtils.java:logGet(46)) - raft.server.log.purge.upto.snapshot.index = false (default)
2025-05-13 07:38:41,245 [8bd4f96b-aea6-438c-bfca-3807553fdf30-impl-thread1] INFO  server.RaftServer$Division (RaftServerImpl.java:start(405)) - 8bd4f96b-aea6-438c-bfca-3807553fdf30@group-59A01362EF28: Successfully started.
2025-05-13 07:38:41,245 [main] INFO  server.RaftServer (RaftServerProxy.java:startImpl(407)) - 8bd4f96b-aea6-438c-bfca-3807553fdf30: start RPC server
2025-05-13 07:38:41,246 [main] INFO  server.GrpcService (GrpcService.java:startImpl(334)) - 8bd4f96b-aea6-438c-bfca-3807553fdf30: GrpcService started, listening on 15011
2025-05-13 07:38:41,246 [main] INFO  ha.SCMHAManagerImpl (SCMHAManagerImpl.java:start(131)) -  scm role is FOLLOWER peers [8bd4f96b-aea6-438c-bfca-3807553fdf30|pkrvmberfyhpb9w:15011]
2025-05-13 07:38:41,246 [JvmPauseMonitor3] INFO  util.JvmPauseMonitor (JvmPauseMonitor.java:run(146)) - JvmPauseMonitor-8bd4f96b-aea6-438c-bfca-3807553fdf30: Started
2025-05-13 07:38:41,246 [main] INFO  ha.InterSCMGrpcService (InterSCMGrpcProtocolService.java:start(98)) - Starting SCM Grpc Service at port 15012
2025-05-13 07:38:41,247 [main] INFO  SCMHATransactionMonitor (BackgroundSCMService.java:start(64)) - Starting SCMHATransactionMonitor Service.
2025-05-13 07:38:41,247 [main] INFO  ha.SCMServiceManager (SCMServiceManager.java:register(42)) - Registering service SCMHATransactionMonitor.
2025-05-13 07:38:41,247 [main] INFO  SCMHATransactionMonitor (BackgroundSCMService.java:start(61)) - SCMHATransactionMonitor Service is already running, skip start.
2025-05-13 07:38:41,249 [main] WARN  impl.MetricsConfig (MetricsConfig.java:loadFirst(138)) - Cannot locate configuration: tried hadoop-metrics2-storagecontainermanager.properties,hadoop-metrics2.properties
2025-05-13 07:38:41,250 [main] INFO  impl.MetricsSystemImpl (MetricsSystemImpl.java:startTimer(378)) - Scheduled Metric snapshot period at 10 second(s).
2025-05-13 07:38:41,250 [main] INFO  impl.MetricsSystemImpl (MetricsSystemImpl.java:start(191)) - StorageContainerManager metrics system started
2025-05-13 07:38:41,260 [main] INFO  impl.MetricsSinkAdapter (MetricsSinkAdapter.java:start(204)) - Sink prometheus started
2025-05-13 07:38:41,260 [main] INFO  impl.MetricsSystemImpl (MetricsSystemImpl.java:registerSink(305)) - Registered sink prometheus
2025-05-13 07:38:41,281 [main] INFO  server.SCMClientProtocolServer (SCMClientProtocolServer.java:start(207)) - RPC server for Client  is listening at /0.0.0.0:15007
2025-05-13 07:38:41,281 [IPC Server Responder] INFO  ipc.Server (Server.java:run(1713)) - IPC Server Responder: starting
2025-05-13 07:38:41,281 [IPC Server listener on 15007] INFO  ipc.Server (Server.java:run(1553)) - IPC Server listener on 15007: starting
2025-05-13 07:38:41,292 [main] INFO  server.StorageContainerManager (StorageContainerManager.java:start(1520)) - ScmBlockLocationProtocol RPC server is listening at /0.0.0.0:15009
2025-05-13 07:38:41,293 [main] INFO  server.SCMBlockProtocolServer (SCMBlockProtocolServer.java:start(166)) - RPC server for Block Protocol is listening at /0.0.0.0:15009
2025-05-13 07:38:41,293 [IPC Server Responder] INFO  ipc.Server (Server.java:run(1713)) - IPC Server Responder: starting
2025-05-13 07:38:41,293 [IPC Server listener on 15009] INFO  ipc.Server (Server.java:run(1553)) - IPC Server listener on 15009: starting
2025-05-13 07:38:41,302 [main] INFO  server.SCMSecurityProtocolServer (SCMSecurityProtocolServer.java:start(503)) - Starting RPC server for SCMSecurityProtocolServer. is listening at /0.0.0.0:15010
2025-05-13 07:38:41,302 [IPC Server Responder] INFO  ipc.Server (Server.java:run(1713)) - IPC Server Responder: starting
2025-05-13 07:38:41,303 [IPC Server listener on 15010] INFO  ipc.Server (Server.java:run(1553)) - IPC Server listener on 15010: starting
2025-05-13 07:38:41,304 [main] INFO  http.BaseHttpServer (BaseHttpServer.java:newHttpServer2BuilderForOzone(229)) - Starting Web-server for scm at: http://0.0.0.0:9876
2025-05-13 07:38:41,304 [main] INFO  http.BaseHttpServer (BaseHttpServer.java:<init>(107)) - Hadoop Security Enabled: true Ozone Security Enabled: true Ozone HTTP Security Enabled: false 
2025-05-13 07:38:41,310 [main] WARN  server.AuthenticationFilter (AuthenticationFilter.java:constructSecretProvider(240)) - Unable to initialize FileSignerSecretProvider, falling back to use random secrets. Reason: Could not read signature secret file: /home/runner/hadoop-http-auth-signature-secret
2025-05-13 07:38:41,313 [main] INFO  http.HttpServer2 (HttpServer2.java:addGlobalFilter(1042)) - Added global filter 'safety' (class=org.apache.hadoop.hdds.server.http.HttpServer2$QuotingInputFilter)
2025-05-13 07:38:41,314 [main] INFO  http.HttpServer2 (HttpServer2.java:addFilter(1018)) - Added filter static_user_filter (class=org.apache.hadoop.http.lib.StaticUserWebFilter$StaticUserFilter) to context scm
2025-05-13 07:38:41,314 [main] INFO  http.HttpServer2 (HttpServer2.java:addFilter(1026)) - Added filter static_user_filter (class=org.apache.hadoop.http.lib.StaticUserWebFilter$StaticUserFilter) to context logs
2025-05-13 07:38:41,314 [main] INFO  http.HttpServer2 (HttpServer2.java:addFilter(1026)) - Added filter static_user_filter (class=org.apache.hadoop.http.lib.StaticUserWebFilter$StaticUserFilter) to context static
2025-05-13 07:38:41,315 [main] INFO  http.BaseHttpServer (BaseHttpServer.java:<init>(195)) - HTTP server of scm uses base directory /tmp/junit-16400629689127446683/scm-meta/webserver
2025-05-13 07:38:41,316 [main] INFO  http.HttpServer2 (HttpServer2.java:bindListener(1242)) - Jetty bound to port 9876
2025-05-13 07:38:41,316 [main] INFO  server.Server (Server.java:doStart(375)) - jetty-9.4.57.v20241219; built: 2025-01-08T21:24:30.412Z; git: df524e6b29271c2e09ba9aea83c18dc9db464a31; jvm 21.0.7+6-LTS
2025-05-13 07:38:41,318 [main] INFO  server.session (DefaultSessionIdManager.java:doStart(334)) - DefaultSessionIdManager workerName=node0
2025-05-13 07:38:41,318 [main] INFO  server.session (DefaultSessionIdManager.java:doStart(339)) - No SessionScavenger set, using defaults
2025-05-13 07:38:41,318 [main] INFO  server.session (HouseKeeper.java:startScavenging(132)) - node0 Scavenging every 660000ms
2025-05-13 07:38:41,319 [main] INFO  handler.ContextHandler (ContextHandler.java:doStart(921)) - Started o.e.j.s.ServletContextHandler@7a6cec15{logs,/logs,file:///home/runner/work/ozone/ozone/hadoop-ozone/integration-test/target/log,AVAILABLE}
2025-05-13 07:38:41,319 [main] INFO  handler.ContextHandler (ContextHandler.java:doStart(921)) - Started o.e.j.s.ServletContextHandler@31ee4ba0{static,/static,file:///home/runner/work/ozone/ozone/hadoop-ozone/integration-test/target/test-classes/webapps/static,AVAILABLE}
2025-05-13 07:38:41,327 [main] INFO  handler.ContextHandler (ContextHandler.java:doStart(921)) - Started o.e.j.w.WebAppContext@331ad1ee{scm,/,file:///home/runner/work/ozone/ozone/hadoop-ozone/integration-test/target/test-classes/webapps/scm/,AVAILABLE}{file:/home/runner/work/ozone/ozone/hadoop-ozone/integration-test/target/test-classes/webapps/scm}
2025-05-13 07:38:41,328 [main] INFO  server.AbstractConnector (AbstractConnector.java:doStart(333)) - Started ServerConnector@54afe2bd{HTTP/1.1, (http/1.1)}{0.0.0.0:9876}
2025-05-13 07:38:41,328 [main] INFO  server.Server (Server.java:doStart(415)) - Started @22207ms
2025-05-13 07:38:41,328 [main] WARN  impl.MetricsSystemImpl (MetricsSystemImpl.java:register(279)) - Sink prometheus already exists!
2025-05-13 07:38:41,329 [main] INFO  http.BaseHttpServer (BaseHttpServer.java:updateConnectorAddress(359)) - HTTP server of scm listening at http://0.0.0.0:9876
2025-05-13 07:38:41,329 [main] WARN  server.ServerUtils (ServerUtils.java:getDBPath(292)) - ozone.om.db.dirs is not configured. We recommend adding this setting. Falling back to ozone.metadata.dirs instead.
2025-05-13 07:38:41,332 [main] INFO  ha.OMHANodeDetails (OMHANodeDetails.java:loadOMHAConfig(113)) - ozone.om.internal.service.id is not defined, falling back to ozone.om.service.ids to find serviceID for OzoneManager if it is HA enabled cluster
2025-05-13 07:38:41,332 [main] INFO  ha.OMHANodeDetails (OMHANodeDetails.java:loadOMHAConfig(224)) - Configuration does not have ozone.om.address set. Falling back to the default OM address pkrvmberfyhpb9w.internal.cloudapp.net/10.1.0.36:15013
2025-05-13 07:38:41,332 [main] INFO  ha.OMHANodeDetails (OMHANodeDetails.java:getOMNodeDetailsForNonHA(252)) - OM Service ID is not set. Setting it to the default ID: omServiceIdDefault
2025-05-13 07:38:41,332 [main] INFO  ha.OMHANodeDetails (OMHANodeDetails.java:getOMNodeDetailsForNonHA(259)) - OM Node ID is not set. Setting it to the default ID: om1
2025-05-13 07:38:41,332 [main] WARN  server.ServerUtils (ServerUtils.java:getDBPath(292)) - ozone.om.db.dirs is not configured. We recommend adding this setting. Falling back to ozone.metadata.dirs instead.
2025-05-13 07:38:41,334 [main] INFO  upgrade.AbstractLayoutVersionManager (AbstractLayoutVersionManager.java:init(80)) - Initializing Layout version manager with metadata layout = DELEGATION_TOKEN_SYMMETRIC_SIGN (version = 8), software layout = DELEGATION_TOKEN_SYMMETRIC_SIGN (version = 8)
2025-05-13 07:38:41,347 [pool-68-thread-1] INFO  request.TgsRequest (TgsRequest.java:issueTicket(117)) - TGS_REQ ISSUE: authtime 1747121921344,om/pkrvmberfyhpb9w.internal.cloudapp.net@EXAMPLE.COM for om/pkrvmberfyhpb9w.internal.cloudapp.net@EXAMPLE.COM
2025-05-13 07:38:41,361 [Socket Reader #1 for port 15010] INFO  ipc.Server (Server.java:saslProcess(2290)) - Auth successful for om/pkrvmberfyhpb9w.internal.cloudapp.net@EXAMPLE.COM (auth:KERBEROS) from 127.0.0.1:46908
2025-05-13 07:38:41,365 [IPC Server handler 0 on default port 15010] INFO  ipc.Server (Server.java:logException(3260)) - IPC Server handler 0 on default port 15010, call Call#1 Retry#0 org.apache.hadoop.hdds.protocol.SCMSecurityProtocol.submitRequest from 127.0.0.1:46908
org.apache.hadoop.hdds.ratis.ServerNotLeaderException: SCM Server:8bd4f96b-aea6-438c-bfca-3807553fdf30(pkrvmberfyhpb9w.internal.cloudapp.net) is not the leader. Could not determine the leader node.
	at org.apache.hadoop.hdds.ratis.ServerNotLeaderException.convertToNotLeaderException(ServerNotLeaderException.java:106)
	at org.apache.hadoop.hdds.scm.ha.RatisUtil.checkRatisException(RatisUtil.java:248)
	at org.apache.hadoop.hdds.scm.protocol.SCMSecurityProtocolServerSideTranslatorPB.submitRequest(SCMSecurityProtocolServerSideTranslatorPB.java:83)
	at org.apache.hadoop.hdds.protocol.proto.SCMSecurityProtocolProtos$SCMSecurityProtocolService$2.callBlockingMethod(SCMSecurityProtocolProtos.java:18942)
	at org.apache.hadoop.ipc.ProtobufRpcEngine$Server.processCall(ProtobufRpcEngine.java:484)
	at org.apache.hadoop.ipc.ProtobufRpcEngine2$Server$ProtoBufRpcInvoker.call(ProtobufRpcEngine2.java:595)
	at org.apache.hadoop.ipc.ProtobufRpcEngine2$Server$ProtoBufRpcInvoker.call(ProtobufRpcEngine2.java:573)
	at org.apache.hadoop.ipc.RPC$Server.call(RPC.java:1227)
	at org.apache.hadoop.ipc.Server$RpcCall.run(Server.java:1246)
	at org.apache.hadoop.ipc.Server$RpcCall.run(Server.java:1169)
	at java.base/java.security.AccessController.doPrivileged(AccessController.java:714)
	at java.base/javax.security.auth.Subject.doAs(Subject.java:525)
	at org.apache.hadoop.security.UserGroupInformation.doAs(UserGroupInformation.java:1953)
	at org.apache.hadoop.ipc.Server$Handler.run(Server.java:3198)
2025-05-13 07:38:41,410 [main] INFO  reflections.Reflections (Reflections.java:scan(219)) - Reflections took 75 ms to scan 2 urls, producing 207 keys and 618 values
2025-05-13 07:38:41,411 [main] INFO  upgrade.OMLayoutVersionManager (OMLayoutVersionManager.java:lambda$0(110)) - Skipping Upgrade Action QuotaRepairUpgradeAction since it has been finalized.
2025-05-13 07:38:41,411 [main] INFO  upgrade.OMLayoutVersionManager (OMLayoutVersionManager.java:lambda$0(110)) - Skipping Upgrade Action MockOmUpgradeAction since it has been finalized.
2025-05-13 07:38:41,414 [pool-68-thread-1] INFO  request.KdcRequest (KdcRequest.java:preauth(683)) - The preauth data is empty.
2025-05-13 07:38:41,414 [pool-68-thread-1] INFO  server.KdcHandler (KdcHandler.java:handleRecoverableException(177)) - KRB error occurred while processing request: Additional pre-authentication required
2025-05-13 07:38:41,418 [pool-68-thread-1] INFO  request.AsRequest (AsRequest.java:issueTicket(112)) - AS_REQ ISSUE: authtime 1747121921417,om/pkrvmberfyhpb9w.internal.cloudapp.net@EXAMPLE.COM for krbtgt/EXAMPLE.COM@EXAMPLE.COM
2025-05-13 07:38:41,420 [main] INFO  security.UserGroupInformation (UserGroupInformation.java:loginUserFromKeytab(1143)) - Login successful for user om/pkrvmberfyhpb9w.internal.cloudapp.net@EXAMPLE.COM using keytab file om.keytab. Keytab auto renewal enabled : false
2025-05-13 07:38:41,420 [main] INFO  om.OzoneManager (OzoneManager.java:loginOMUser(1308)) - Ozone Manager login successful.
2025-05-13 07:38:41,420 [main] WARN  server.ServerUtils (ServerUtils.java:getDBPath(292)) - ozone.om.db.dirs is not configured. We recommend adding this setting. Falling back to ozone.metadata.dirs instead.
2025-05-13 07:38:41,420 [main] INFO  om.OzoneManager (OzoneManager.java:setReplicationFromConfig(4596)) - Set default replication in OM: RATIS/3 -> RATIS/THREE
2025-05-13 07:38:41,421 [main] INFO  proxy.SCMContainerLocationFailoverProxyProvider (SCMFailoverProxyProviderBase.java:<init>(120)) - Created fail-over proxy for protocol StorageContainerLocationProtocolPB with 1 nodes: [nodeId=scmNodeId,nodeAddress=/0.0.0.0:15007]
2025-05-13 07:38:41,421 [main] INFO  proxy.SCMBlockLocationFailoverProxyProvider (SCMFailoverProxyProviderBase.java:<init>(120)) - Created fail-over proxy for protocol ScmBlockLocationProtocolPB with 1 nodes: [nodeId=scmNodeId,nodeAddress=/0.0.0.0:15009]
2025-05-13 07:38:41,422 [main] INFO  om.OzoneManager (OzoneManager.java:getOmDetailsProto(4941)) - OzoneManager ports added:[name: "RPC"
value: 15013
]
2025-05-13 07:38:41,423 [main] INFO  proxy.SCMSecurityProtocolFailoverProxyProvider (SCMFailoverProxyProviderBase.java:<init>(120)) - Created fail-over proxy for protocol SCMSecurityProtocolPB with 1 nodes: [nodeId=scmNodeId,nodeAddress=/0.0.0.0:15010]
2025-05-13 07:38:41,424 [main] INFO  security.OMCertificateClient (DefaultCertificateClient.java:updateCertSerialId(1289)) - Certificate serial ID set to 9879877970576
2025-05-13 07:38:41,424 [main] WARN  security.OMCertificateClient (DefaultCertificateClient.java:loadAllCertificates(178)) - Certificates could not be loaded.
java.nio.file.NoSuchFileException: /tmp/junit-16400629689127446683/scm-meta/om/certs
	at java.base/sun.nio.fs.UnixException.translateToIOException(UnixException.java:92)
	at java.base/sun.nio.fs.UnixException.asIOException(UnixException.java:115)
	at java.base/sun.nio.fs.UnixFileSystemProvider.newDirectoryStream(UnixFileSystemProvider.java:501)
	at java.base/java.nio.file.Files.newDirectoryStream(Files.java:482)
	at java.base/java.nio.file.Files.list(Files.java:3785)
	at org.apache.hadoop.hdds.security.x509.certificate.client.DefaultCertificateClient.loadAllCertificates(DefaultCertificateClient.java:173)
	at org.apache.hadoop.hdds.security.x509.certificate.client.DefaultCertificateClient.updateCertSerialId(DefaultCertificateClient.java:1290)
	at org.apache.hadoop.hdds.security.x509.certificate.client.DefaultCertificateClient.<init>(DefaultCertificateClient.java:155)
	at org.apache.hadoop.ozone.security.OMCertificateClient.<init>(OMCertificateClient.java:65)
	at org.apache.hadoop.ozone.om.OzoneManager.<init>(OzoneManager.java:646)
	at org.apache.hadoop.ozone.om.OzoneManager.createOm(OzoneManager.java:877)
	at org.apache.hadoop.ozone.TestSecureOzoneCluster.setupOm(TestSecureOzoneCluster.java:716)
	at org.apache.hadoop.ozone.TestSecureOzoneCluster.testGetSetRevokeS3Secret(TestSecureOzoneCluster.java:728)
	at java.base/jdk.internal.reflect.DirectMethodHandleAccessor.invoke(DirectMethodHandleAccessor.java:103)
	at java.base/java.lang.reflect.Method.invoke(Method.java:580)
	at org.junit.platform.commons.util.ReflectionUtils.invokeMethod(ReflectionUtils.java:775)
	at org.junit.platform.commons.support.ReflectionSupport.invokeMethod(ReflectionSupport.java:479)
	at org.junit.jupiter.engine.execution.MethodInvocation.proceed(MethodInvocation.java:60)
	at org.junit.jupiter.engine.execution.InvocationInterceptorChain$ValidatingInvocation.proceed(InvocationInterceptorChain.java:131)
	at org.junit.jupiter.engine.extension.SameThreadTimeoutInvocation.proceed(SameThreadTimeoutInvocation.java:49)
	at org.junit.jupiter.engine.extension.TimeoutExtension.intercept(TimeoutExtension.java:161)
	at org.junit.jupiter.engine.extension.TimeoutExtension.interceptTestableMethod(TimeoutExtension.java:152)
	at org.junit.jupiter.engine.extension.TimeoutExtension.interceptTestMethod(TimeoutExtension.java:91)
	at org.junit.jupiter.engine.execution.InterceptingExecutableInvoker$ReflectiveInterceptorCall.lambda$ofVoidMethod$0(InterceptingExecutableInvoker.java:112)
	at org.junit.jupiter.engine.execution.InterceptingExecutableInvoker.lambda$invoke$0(InterceptingExecutableInvoker.java:94)
	at org.junit.jupiter.engine.execution.InvocationInterceptorChain$InterceptedInvocation.proceed(InvocationInterceptorChain.java:106)
	at org.junit.jupiter.engine.execution.InvocationInterceptorChain.proceed(InvocationInterceptorChain.java:64)
	at org.junit.jupiter.engine.execution.InvocationInterceptorChain.chainAndInvoke(InvocationInterceptorChain.java:45)
	at org.junit.jupiter.engine.execution.InvocationInterceptorChain.invoke(InvocationInterceptorChain.java:37)
	at org.junit.jupiter.engine.execution.InterceptingExecutableInvoker.invoke(InterceptingExecutableInvoker.java:93)
	at org.junit.jupiter.engine.execution.InterceptingExecutableInvoker.invoke(InterceptingExecutableInvoker.java:87)
	at org.junit.jupiter.engine.descriptor.TestMethodTestDescriptor.lambda$invokeTestMethod$7(TestMethodTestDescriptor.java:216)
	at org.junit.platform.engine.support.hierarchical.ThrowableCollector.execute(ThrowableCollector.java:73)
	at org.junit.jupiter.engine.descriptor.TestMethodTestDescriptor.invokeTestMethod(TestMethodTestDescriptor.java:212)
	at org.junit.jupiter.engine.descriptor.TestMethodTestDescriptor.execute(TestMethodTestDescriptor.java:137)
	at org.junit.jupiter.engine.descriptor.TestMethodTestDescriptor.execute(TestMethodTestDescriptor.java:69)
	at org.junit.platform.engine.support.hierarchical.NodeTestTask.lambda$executeRecursively$6(NodeTestTask.java:156)
	at org.junit.platform.engine.support.hierarchical.ThrowableCollector.execute(ThrowableCollector.java:73)
	at org.junit.platform.engine.support.hierarchical.NodeTestTask.lambda$executeRecursively$8(NodeTestTask.java:146)
	at org.junit.platform.engine.support.hierarchical.Node.around(Node.java:137)
	at org.junit.platform.engine.support.hierarchical.NodeTestTask.lambda$executeRecursively$9(NodeTestTask.java:144)
	at org.junit.platform.engine.support.hierarchical.ThrowableCollector.execute(ThrowableCollector.java:73)
	at org.junit.platform.engine.support.hierarchical.NodeTestTask.executeRecursively(NodeTestTask.java:143)
	at org.junit.platform.engine.support.hierarchical.NodeTestTask.execute(NodeTestTask.java:100)
	at java.base/java.util.ArrayList.forEach(ArrayList.java:1596)
	at org.junit.platform.engine.support.hierarchical.SameThreadHierarchicalTestExecutorService.invokeAll(SameThreadHierarchicalTestExecutorService.java:41)
	at org.junit.platform.engine.support.hierarchical.NodeTestTask.lambda$executeRecursively$6(NodeTestTask.java:160)
	at org.junit.platform.engine.support.hierarchical.ThrowableCollector.execute(ThrowableCollector.java:73)
	at org.junit.platform.engine.support.hierarchical.NodeTestTask.lambda$executeRecursively$8(NodeTestTask.java:146)
	at org.junit.platform.engine.support.hierarchical.Node.around(Node.java:137)
	at org.junit.platform.engine.support.hierarchical.NodeTestTask.lambda$executeRecursively$9(NodeTestTask.java:144)
	at org.junit.platform.engine.support.hierarchical.ThrowableCollector.execute(ThrowableCollector.java:73)
	at org.junit.platform.engine.support.hierarchical.NodeTestTask.executeRecursively(NodeTestTask.java:143)
	at org.junit.platform.engine.support.hierarchical.NodeTestTask.execute(NodeTestTask.java:100)
	at java.base/java.util.ArrayList.forEach(ArrayList.java:1596)
	at org.junit.platform.engine.support.hierarchical.SameThreadHierarchicalTestExecutorService.invokeAll(SameThreadHierarchicalTestExecutorService.java:41)
	at org.junit.platform.engine.support.hierarchical.NodeTestTask.lambda$executeRecursively$6(NodeTestTask.java:160)
	at org.junit.platform.engine.support.hierarchical.ThrowableCollector.execute(ThrowableCollector.java:73)
	at org.junit.platform.engine.support.hierarchical.NodeTestTask.lambda$executeRecursively$8(NodeTestTask.java:146)
	at org.junit.platform.engine.support.hierarchical.Node.around(Node.java:137)
	at org.junit.platform.engine.support.hierarchical.NodeTestTask.lambda$executeRecursively$9(NodeTestTask.java:144)
	at org.junit.platform.engine.support.hierarchical.ThrowableCollector.execute(ThrowableCollector.java:73)
	at org.junit.platform.engine.support.hierarchical.NodeTestTask.executeRecursively(NodeTestTask.java:143)
	at org.junit.platform.engine.support.hierarchical.NodeTestTask.execute(NodeTestTask.java:100)
	at org.junit.platform.engine.support.hierarchical.SameThreadHierarchicalTestExecutorService.submit(SameThreadHierarchicalTestExecutorService.java:35)
	at org.junit.platform.engine.support.hierarchical.HierarchicalTestExecutor.execute(HierarchicalTestExecutor.java:57)
	at org.junit.platform.engine.support.hierarchical.HierarchicalTestEngine.execute(HierarchicalTestEngine.java:54)
	at org.junit.platform.launcher.core.EngineExecutionOrchestrator.execute(EngineExecutionOrchestrator.java:201)
	at org.junit.platform.launcher.core.EngineExecutionOrchestrator.execute(EngineExecutionOrchestrator.java:170)
	at org.junit.platform.launcher.core.EngineExecutionOrchestrator.execute(EngineExecutionOrchestrator.java:94)
	at org.junit.platform.launcher.core.EngineExecutionOrchestrator.lambda$execute$0(EngineExecutionOrchestrator.java:59)
	at org.junit.platform.launcher.core.EngineExecutionOrchestrator.withInterceptedStreams(EngineExecutionOrchestrator.java:142)
	at org.junit.platform.launcher.core.EngineExecutionOrchestrator.execute(EngineExecutionOrchestrator.java:58)
	at org.junit.platform.launcher.core.DefaultLauncher.execute(DefaultLauncher.java:103)
	at org.junit.platform.launcher.core.DefaultLauncher.execute(DefaultLauncher.java:85)
	at org.junit.platform.launcher.core.DelegatingLauncher.execute(DelegatingLauncher.java:47)
	at org.junit.platform.launcher.core.InterceptingLauncher.lambda$execute$1(InterceptingLauncher.java:39)
	at org.junit.platform.launcher.core.ClasspathAlignmentCheckingLauncherInterceptor.intercept(ClasspathAlignmentCheckingLauncherInterceptor.java:25)
	at org.junit.platform.launcher.core.InterceptingLauncher.execute(InterceptingLauncher.java:38)
	at org.junit.platform.launcher.core.DelegatingLauncher.execute(DelegatingLauncher.java:47)
	at org.apache.maven.surefire.junitplatform.LazyLauncher.execute(LazyLauncher.java:56)
	at org.apache.maven.surefire.junitplatform.JUnitPlatformProvider.invokeAllTests(JUnitPlatformProvider.java:162)
	at org.apache.maven.surefire.junitplatform.JUnitPlatformProvider.invoke(JUnitPlatformProvider.java:120)
	at org.apache.maven.surefire.booter.ForkedBooter.runSuitesInProcess(ForkedBooter.java:385)
	at org.apache.maven.surefire.booter.ForkedBooter.execute(ForkedBooter.java:162)
	at org.apache.maven.surefire.booter.ForkedBooter.run(ForkedBooter.java:507)
	at org.apache.maven.surefire.booter.ForkedBooter.main(ForkedBooter.java:495)
2025-05-13 07:38:41,425 [main] INFO  proxy.SecretKeyProtocolFailoverProxyProvider (SCMFailoverProxyProviderBase.java:<init>(120)) - Created fail-over proxy for protocol SecretKeyProtocolOmPB with 1 nodes: [nodeId=scmNodeId,nodeAddress=/0.0.0.0:15010]
2025-05-13 07:38:41,425 [main] INFO  symmetric.DefaultSecretKeyVerifierClient (DefaultSecretKeyVerifierClient.java:<init>(76)) - Initializing secret key cache with size 16, TTL PT168H
2025-05-13 07:38:41,428 [main] INFO  om.OzoneManager (OzoneManager.java:<init>(670)) - OM start with adminUsers: [om/pkrvmberfyhpb9w.internal.cloudapp.net@EXAMPLE.COM, om]
2025-05-13 07:38:41,429 [main] WARN  server.ServerUtils (ServerUtils.java:getDBPath(292)) - ozone.om.db.dirs is not configured. We recommend adding this setting. Falling back to ozone.metadata.dirs instead.
2025-05-13 07:38:41,567 [main] INFO  om.OzoneManager (OzoneManager.java:instantiateServices(914)) - S3 Multi-Tenancy is disabled
2025-05-13 07:38:41,567 [main] INFO  security.OzoneSecretStore (OzoneSecretStore.java:loadState(70)) - Loaded 0 tokens
2025-05-13 07:38:41,567 [main] INFO  security.OzoneDelegationTokenSecretManager (OzoneDelegationTokenSecretManager.java:loadTokenSecretState(513)) - Loading token state into token manager.
2025-05-13 07:38:41,568 [main] INFO  om.OmSnapshotManager (OmSnapshotManager.java:<init>(187)) - Ozone filesystem snapshot feature is enabled.
2025-05-13 07:38:41,568 [main] WARN  server.ServerUtils (ServerUtils.java:getDBPath(292)) - ozone.om.snapshot.diff.db.dir is not configured. We recommend adding this setting. Falling back to ozone.metadata.dirs instead.
2025-05-13 07:38:41,586 [main] INFO  om.OzoneManager (OzoneManager.java:addS3GVolumeToDB(4654)) - Created Volume s3v With Owner om required for S3Gateway operations.
2025-05-13 07:38:41,586 [main] WARN  server.ServerUtils (ServerUtils.java:getDefaultRatisDirectory(304)) - Storage directory for Ratis is not configured. It is a good idea to map this to an SSD disk. Falling back to ozone.metadata.dirs
2025-05-13 07:38:41,586 [main] WARN  utils.OzoneManagerRatisUtils (OzoneManagerRatisUtils.java:getOMRatisSnapshotDirectory(488)) - ozone.om.ratis.snapshot.dir is not configured. Falling back to ozone.metadata.dirs config
2025-05-13 07:38:41,586 [main] WARN  dropwizard3.Dm3MetricRegistriesImpl (Dm3MetricRegistriesImpl.java:addReporterRegistration(114)) - New reporters are added after registries were created. Some metrics will be missing from the reporter. Please add reporter before adding any new registry.
2025-05-13 07:38:41,587 [main] WARN  dropwizard3.Dm3MetricRegistriesImpl (Dm3MetricRegistriesImpl.java:addReporterRegistration(114)) - New reporters are added after registries were created. Some metrics will be missing from the reporter. Please add reporter before adding any new registry.
2025-05-13 07:38:41,587 [main] WARN  server.ServerUtils (ServerUtils.java:getDefaultRatisDirectory(304)) - Storage directory for Ratis is not configured. It is a good idea to map this to an SSD disk. Falling back to ozone.metadata.dirs
2025-05-13 07:38:41,587 [main] INFO  server.RaftServerConfigKeys (ConfUtils.java:logGet(46)) - raft.server.log.appender.buffer.byte-limit = 4194304 (custom)
2025-05-13 07:38:41,588 [main] INFO  ratis.OzoneManagerRatisServer (OzoneManagerRatisServer.java:<init>(167)) - Instantiating OM Ratis server with groupID: omServiceIdDefault and peers: pkrvmberfyhpb9w.internal.cloudapp.net:9872
2025-05-13 07:38:41,589 [main] INFO  ratis.OzoneManagerStateMachine (OzoneManagerStateMachine.java:loadSnapshotInfoFromDB(618)) - TransactionInfo not found in OM DB.
2025-05-13 07:38:41,589 [main] INFO  server.RaftServer (ConfUtils.java:logGet(46)) - raft.rpc.type = GRPC (default)
2025-05-13 07:38:41,590 [main] INFO  grpc.GrpcConfigKeys (ConfUtils.java:logFallback(53)) - raft.grpc.admin.host = null (fallback to raft.grpc.server.host)
2025-05-13 07:38:41,590 [main] INFO  grpc.GrpcConfigKeys (ConfUtils.java:logFallback(53)) - raft.grpc.admin.port = 9872 (fallback to raft.grpc.server.port)
2025-05-13 07:38:41,590 [main] INFO  grpc.GrpcConfigKeys (ConfUtils.java:logFallback(53)) - raft.grpc.client.host = null (fallback to raft.grpc.server.host)
2025-05-13 07:38:41,590 [main] INFO  grpc.GrpcConfigKeys (ConfUtils.java:logFallback(53)) - raft.grpc.client.port = 9872 (fallback to raft.grpc.server.port)
2025-05-13 07:38:41,590 [main] INFO  grpc.GrpcConfigKeys (ConfUtils.java:logGet(46)) - raft.grpc.server.host = null (default)
2025-05-13 07:38:41,590 [main] INFO  grpc.GrpcConfigKeys (ConfUtils.java:logGet(46)) - raft.grpc.server.port = 9872 (custom)
2025-05-13 07:38:41,590 [main] INFO  server.GrpcService (ConfUtils.java:logGet(46)) - raft.grpc.message.size.max = 5242880 (custom)
2025-05-13 07:38:41,590 [main] INFO  server.GrpcService (ConfUtils.java:logGet(46)) - raft.grpc.flow.control.window = 1MB (=1048576) (default)
2025-05-13 07:38:41,590 [main] INFO  server.RaftServerConfigKeys (ConfUtils.java:logGet(46)) - raft.server.rpc.request.timeout = 3000ms (default)
2025-05-13 07:38:41,591 [main] INFO  grpc.GrpcConfigKeys (ConfUtils.java:logGet(46)) - raft.grpc.server.heartbeat.channel = true (default)
2025-05-13 07:38:41,591 [main] INFO  server.RaftServerConfigKeys (ConfUtils.java:logGet(46)) - raft.server.log.appender.buffer.byte-limit = 4194304 (custom)
2025-05-13 07:38:41,591 [main] INFO  grpc.GrpcConfigKeys (ConfUtils.java:logGet(46)) - raft.grpc.server.async.request.thread.pool.cached = true (default)
2025-05-13 07:38:41,591 [main] INFO  grpc.GrpcConfigKeys (ConfUtils.java:logGet(46)) - raft.grpc.server.async.request.thread.pool.size = 32 (default)
2025-05-13 07:38:41,592 [main] INFO  impl.DataStreamServerImpl (ConfUtils.java:logGet(46)) - raft.datastream.type = DISABLED (default)
2025-05-13 07:38:41,592 [main] INFO  server.RaftServerConfigKeys (ConfUtils.java:logGet(46)) - raft.server.sleep.deviation.threshold = 300ms (default)
2025-05-13 07:38:41,592 [main] INFO  server.RaftServerConfigKeys (ConfUtils.java:logGet(46)) - raft.server.close.threshold = 60s (default)
2025-05-13 07:38:41,592 [main] INFO  server.RaftServerConfigKeys (ConfUtils.java:logGet(46)) - raft.server.leaderelection.leader.step-down.wait-time = 10s (default)
2025-05-13 07:38:41,592 [main] INFO  server.RaftServerConfigKeys (ConfUtils.java:logGet(46)) - raft.server.storage.dir = [/tmp/junit-16400629689127446683/scm-meta/ratis] (custom)
2025-05-13 07:38:41,592 [main] INFO  server.RaftServerConfigKeys (ConfUtils.java:logGet(46)) - raft.server.threadpool.proxy.cached = true (default)
2025-05-13 07:38:41,592 [main] INFO  server.RaftServerConfigKeys (ConfUtils.java:logGet(46)) - raft.server.threadpool.proxy.size = 0 (default)
2025-05-13 07:38:41,593 [main] INFO  server.RaftServer (RaftServerProxy.java:addNew(100)) - om1: addNew group-C5BA1605619E:[om1|pkrvmberfyhpb9w.internal.cloudapp.net:9872] returns group-C5BA1605619E:java.util.concurrent.CompletableFuture@6d234853[Not completed]
2025-05-13 07:38:41,593 [main] INFO  om.OzoneManager (OzoneManager.java:initializeRatisServer(2284)) - OzoneManager Ratis server initialized at port 9872
2025-05-13 07:38:41,593 [om1-groupManagement] INFO  server.RaftServer$Division (RaftServerImpl.java:<init>(255)) - om1: new RaftServerImpl for group-C5BA1605619E:[om1|pkrvmberfyhpb9w.internal.cloudapp.net:9872] with OzoneManagerStateMachine:uninitialized
2025-05-13 07:38:41,593 [om1-groupManagement] INFO  server.RaftServerConfigKeys (ConfUtils.java:logGet(46)) - raft.server.rpc.timeout.min = 5s (custom)
2025-05-13 07:38:41,593 [om1-groupManagement] INFO  server.RaftServerConfigKeys (ConfUtils.java:logGet(46)) - raft.server.rpc.timeout.max = 5200ms (custom)
2025-05-13 07:38:41,593 [main] INFO  om.OzoneManager (OzoneManager.java:getRpcServer(1340)) - Creating RPC Server
2025-05-13 07:38:41,594 [om1-groupManagement] INFO  server.RaftServerConfigKeys (ConfUtils.java:logGet(46)) - raft.server.rpc.sleep.time = 25ms (default)
2025-05-13 07:38:41,594 [om1-groupManagement] INFO  server.RaftServerConfigKeys (ConfUtils.java:logGet(46)) - raft.server.rpc.slowness.timeout = 120s (custom)
2025-05-13 07:38:41,594 [om1-groupManagement] INFO  server.RaftServerConfigKeys (ConfUtils.java:logGet(46)) - raft.server.leaderelection.leader.step-down.wait-time = 10s (default)
2025-05-13 07:38:41,594 [om1-groupManagement] INFO  server.RaftServerConfigKeys (ConfUtils.java:logGet(46)) - raft.server.leaderelection.member.majority-add = false (default)
2025-05-13 07:38:41,594 [om1-groupManagement] INFO  server.RaftServerConfigKeys (ConfUtils.java:logGet(46)) - raft.server.sleep.deviation.threshold = 300ms (default)
2025-05-13 07:38:41,594 [om1-groupManagement] INFO  server.RaftServer$Division (ServerState.java:<init>(114)) - om1@group-C5BA1605619E: ConfigurationManager, init=conf: {index: -1, cur=peers:[om1|pkrvmberfyhpb9w.internal.cloudapp.net:9872]|listeners:[], old=null}, confs=<EMPTY_MAP>
2025-05-13 07:38:41,594 [om1-groupManagement] INFO  server.RaftServerConfigKeys (ConfUtils.java:logGet(46)) - raft.server.notification.no-leader.timeout = 120s (custom)
2025-05-13 07:38:41,594 [om1-groupManagement] INFO  server.RaftServerConfigKeys (ConfUtils.java:logGet(46)) - raft.server.read.timeout = 10s (default)
2025-05-13 07:38:41,594 [om1-groupManagement] INFO  server.RaftServerConfigKeys (ConfUtils.java:logGet(46)) - raft.server.retrycache.expirytime = 300s (custom)
2025-05-13 07:38:41,595 [om1-groupManagement] INFO  server.RaftServerConfigKeys (ConfUtils.java:logGet(46)) - raft.server.retrycache.statistics.expirytime = 100ms (default)
2025-05-13 07:38:41,595 [om1-groupManagement] INFO  server.RaftServerConfigKeys (ConfUtils.java:logGet(46)) - raft.server.read.option = DEFAULT (default)
2025-05-13 07:38:41,595 [om1-groupManagement] INFO  server.RaftServerConfigKeys (ConfUtils.java:logGet(46)) - raft.server.read.read-after-write-consistent.write-index-cache.expiry-time = 60s (default)
2025-05-13 07:38:41,596 [om1-groupManagement] INFO  server.RaftServerConfigKeys (ConfUtils.java:logGet(46)) - raft.server.rpc.request.timeout = 3000ms (default)
2025-05-13 07:38:41,596 [om1-groupManagement] INFO  server.RaftServerConfigKeys (ConfUtils.java:logGet(46)) - raft.server.log.appender.install.snapshot.enabled = false (custom)
2025-05-13 07:38:41,596 [om1-groupManagement] INFO  server.RaftServerConfigKeys (ConfUtils.java:logGet(46)) - raft.server.threadpool.server.cached = true (default)
2025-05-13 07:38:41,596 [om1-groupManagement] INFO  server.RaftServerConfigKeys (ConfUtils.java:logGet(46)) - raft.server.threadpool.server.size = 0 (default)
2025-05-13 07:38:41,599 [om1-groupManagement] INFO  server.RaftServerConfigKeys (ConfUtils.java:logGet(46)) - raft.server.threadpool.client.cached = true (default)
2025-05-13 07:38:41,599 [om1-groupManagement] INFO  server.RaftServerConfigKeys (ConfUtils.java:logGet(46)) - raft.server.threadpool.client.size = 0 (default)
2025-05-13 07:38:42,029 [main] INFO  reflections.Reflections (Reflections.java:scan(219)) - Reflections took 435 ms to scan 24 urls, producing 60 keys and 7515 values
2025-05-13 07:38:42,031 [main] INFO  ipc.CallQueueManager (CallQueueManager.java:<init>(93)) - Using callQueue: class java.util.concurrent.LinkedBlockingQueue, queueCapacity: 2000, scheduler: class org.apache.hadoop.ipc.DefaultRpcScheduler, ipcBackoff: false, ipcFailOver: false.
2025-05-13 07:38:42,032 [main] INFO  server.StorageContainerManager (StorageContainerManager.java:stop(1608)) - Container Balancer is not running.
2025-05-13 07:38:42,032 [main] INFO  server.StorageContainerManager (StorageContainerManager.java:stopReplicationManager(1742)) - Stopping Replication Manager Service.
2025-05-13 07:38:42,032 [main] INFO  replication.ReplicationManager (ReplicationManager.java:stop(316)) - Stopping Replication Monitor Thread.
2025-05-13 07:38:42,032 [main] INFO  server.StorageContainerManager (StorageContainerManager.java:stop(1617)) - Stopping the Datanode Admin Monitor.
2025-05-13 07:38:42,033 [OverReplicatedProcessor] WARN  replication.UnhealthyReplicationProcessor (UnhealthyReplicationProcessor.java:run(178)) - OverReplicatedProcessor interrupted. Exiting...
2025-05-13 07:38:42,033 [UnderReplicatedProcessor] WARN  replication.UnhealthyReplicationProcessor (UnhealthyReplicationProcessor.java:run(178)) - UnderReplicatedProcessor interrupted. Exiting...
2025-05-13 07:38:42,033 [ReplicationMonitor] INFO  replication.ReplicationManager (ReplicationManager.java:run(936)) - Replication Monitor Thread is stopped
2025-05-13 07:38:42,033 [main] INFO  server.StorageContainerManager (StorageContainerManager.java:stop(1624)) - Stopping datanode service RPC server
2025-05-13 07:38:42,033 [main] INFO  server.SCMDatanodeProtocolServer (SCMDatanodeProtocolServer.java:stop(447)) - Stopping the RPC server for DataNodes
2025-05-13 07:38:42,033 [main] INFO  ipc.Server (Server.java:stop(3697)) - Stopping server on 15008
2025-05-13 07:38:42,095 [SCMHeartbeatProcessor-0] WARN  node.NodeStateManager (NodeStateManager.java:scheduleNextHealthCheck(909)) - Current Thread is interrupted, shutting down HB processing thread for Node Manager.
2025-05-13 07:38:42,096 [main] INFO  server.StorageContainerManager (StorageContainerManager.java:stop(1632)) - Stopping block service RPC server
2025-05-13 07:38:42,096 [main] INFO  server.SCMBlockProtocolServer (SCMBlockProtocolServer.java:stop(175)) - Stopping the RPC server for Block Protocol
2025-05-13 07:38:42,096 [main] INFO  ipc.Server (Server.java:stop(3697)) - Stopping server on 15009
2025-05-13 07:38:42,099 [IPC Server listener on 15009] INFO  ipc.Server (Server.java:run(1585)) - Stopping IPC Server listener on 15009
2025-05-13 07:38:42,099 [main] INFO  server.StorageContainerManager (StorageContainerManager.java:stop(1639)) - Stopping the StorageContainerLocationProtocol RPC server
2025-05-13 07:38:42,099 [main] INFO  server.SCMClientProtocolServer (SCMClientProtocolServer.java:stop(216)) - Stopping the RPC server for Client Protocol
2025-05-13 07:38:42,099 [main] INFO  ipc.Server (Server.java:stop(3697)) - Stopping server on 15007
2025-05-13 07:38:42,101 [IPC Server Responder] INFO  ipc.Server (Server.java:run(1718)) - Stopping IPC Server Responder
2025-05-13 07:38:42,103 [IPC Server Responder] INFO  ipc.Server (Server.java:run(1718)) - Stopping IPC Server Responder
2025-05-13 07:38:42,103 [main] INFO  server.StorageContainerManager (StorageContainerManager.java:stop(1646)) - Stopping Storage Container Manager HTTP server.
2025-05-13 07:38:42,103 [IPC Server listener on 15007] INFO  ipc.Server (Server.java:run(1585)) - Stopping IPC Server listener on 15007
2025-05-13 07:38:42,104 [main] INFO  handler.ContextHandler (ContextHandler.java:doStop(1159)) - Stopped o.e.j.w.WebAppContext@331ad1ee{scm,/,null,STOPPED}{file:/home/runner/work/ozone/ozone/hadoop-ozone/integration-test/target/test-classes/webapps/scm}
2025-05-13 07:38:42,106 [main] INFO  server.AbstractConnector (AbstractConnector.java:doStop(383)) - Stopped ServerConnector@54afe2bd{HTTP/1.1, (http/1.1)}{0.0.0.0:9876}
2025-05-13 07:38:42,106 [main] INFO  server.session (HouseKeeper.java:stopScavenging(149)) - node0 Stopped scavenging
2025-05-13 07:38:42,106 [main] INFO  handler.ContextHandler (ContextHandler.java:doStop(1159)) - Stopped o.e.j.s.ServletContextHandler@31ee4ba0{static,/static,file:///home/runner/work/ozone/ozone/hadoop-ozone/integration-test/target/test-classes/webapps/static,STOPPED}
2025-05-13 07:38:42,106 [main] INFO  handler.ContextHandler (ContextHandler.java:doStop(1159)) - Stopped o.e.j.s.ServletContextHandler@7a6cec15{logs,/logs,file:///home/runner/work/ozone/ozone/hadoop-ozone/integration-test/target/log,STOPPED}
2025-05-13 07:38:42,107 [main] INFO  server.StorageContainerManager (StorageContainerManager.java:stop(1654)) - Stopping SCM LayoutVersionManager Service.
2025-05-13 07:38:42,107 [main] INFO  server.SCMSecurityProtocolServer (SCMSecurityProtocolServer.java:stop(510)) - Stopping the SCMSecurityProtocolServer.
2025-05-13 07:38:42,107 [main] INFO  ipc.Server (Server.java:stop(3697)) - Stopping server on 15010
2025-05-13 07:38:42,108 [IPC Server listener on 15010] INFO  ipc.Server (Server.java:run(1585)) - Stopping IPC Server listener on 15010
2025-05-13 07:38:42,108 [IPC Server Responder] INFO  ipc.Server (Server.java:run(1718)) - Stopping IPC Server Responder
2025-05-13 07:38:42,108 [main] INFO  server.StorageContainerManager (StorageContainerManager.java:stop(1666)) - Stopping Block Manager Service.
2025-05-13 07:38:42,108 [main] INFO  utils.BackgroundService (BackgroundService.java:shutdown(160)) - Shutting down service SCMBlockDeletingService
2025-05-13 07:38:42,108 [main] INFO  utils.BackgroundService (BackgroundService.java:shutdown(160)) - Shutting down service SCMBlockDeletingService
2025-05-13 07:38:42,109 [main] INFO  server.StorageContainerManager (StorageContainerManager.java:stop(1691)) - Stopping SCM Event Queue.
2025-05-13 07:38:42,111 [main] INFO  server.StorageContainerManager (StorageContainerManager.java:stop(1698)) - Stopping SCM HA services.
2025-05-13 07:38:42,111 [main] INFO  ha.SCMRatisServerImpl (SCMRatisServerImpl.java:stop(266)) - stopping ratis server 0.0.0.0:15011
2025-05-13 07:38:42,111 [main] INFO  server.RaftServer (RaftServerProxy.java:lambda$close$9(417)) - 8bd4f96b-aea6-438c-bfca-3807553fdf30: close
2025-05-13 07:38:42,111 [main] INFO  server.GrpcService (GrpcService.java:closeImpl(343)) - 8bd4f96b-aea6-438c-bfca-3807553fdf30: shutdown server GrpcServerProtocolService now
2025-05-13 07:38:42,111 [8bd4f96b-aea6-438c-bfca-3807553fdf30-impl-thread1] INFO  server.RaftServer$Division (RaftServerImpl.java:lambda$close$1(513)) - 8bd4f96b-aea6-438c-bfca-3807553fdf30@group-59A01362EF28: shutdown
2025-05-13 07:38:42,112 [8bd4f96b-aea6-438c-bfca-3807553fdf30-impl-thread1] INFO  util.JmxRegister (JmxRegister.java:unregister(74)) - Successfully un-registered JMX Bean with object name Ratis:service=RaftServer,group=group-59A01362EF28,id=8bd4f96b-aea6-438c-bfca-3807553fdf30
2025-05-13 07:38:42,112 [8bd4f96b-aea6-438c-bfca-3807553fdf30-impl-thread1] INFO  impl.RoleInfo (RoleInfo.java:shutdownFollowerState(121)) - 8bd4f96b-aea6-438c-bfca-3807553fdf30: shutdown 8bd4f96b-aea6-438c-bfca-3807553fdf30@group-59A01362EF28-FollowerState
2025-05-13 07:38:42,112 [8bd4f96b-aea6-438c-bfca-3807553fdf30-impl-thread1] INFO  impl.StateMachineUpdater (StateMachineUpdater.java:stopAndJoin(164)) - 8bd4f96b-aea6-438c-bfca-3807553fdf30@group-59A01362EF28-StateMachineUpdater: set stopIndex = -1
2025-05-13 07:38:42,112 [8bd4f96b-aea6-438c-bfca-3807553fdf30@group-59A01362EF28-StateMachineUpdater] INFO  impl.StateMachineUpdater (StateMachineUpdater.java:stop(141)) - 8bd4f96b-aea6-438c-bfca-3807553fdf30@group-59A01362EF28-StateMachineUpdater: closing SCMStateMachine, lastApplied=(t:0, i:~)
2025-05-13 07:38:42,112 [8bd4f96b-aea6-438c-bfca-3807553fdf30@group-59A01362EF28-FollowerState] INFO  impl.FollowerState (FollowerState.java:runImpl(170)) - 8bd4f96b-aea6-438c-bfca-3807553fdf30@group-59A01362EF28-FollowerState was interrupted
2025-05-13 07:38:42,113 [8bd4f96b-aea6-438c-bfca-3807553fdf30@group-59A01362EF28-cacheEviction-AwaitToRun] INFO  util.AwaitToRun (AwaitToRun.java:run(49)) - 8bd4f96b-aea6-438c-bfca-3807553fdf30@group-59A01362EF28-cacheEviction-AwaitToRun-AwaitForSignal is interrupted
2025-05-13 07:38:42,118 [main] INFO  server.GrpcService (GrpcService.java:closeImpl(352)) - 8bd4f96b-aea6-438c-bfca-3807553fdf30: shutdown server GrpcServerProtocolService successfully
2025-05-13 07:38:42,243 [8bd4f96b-aea6-438c-bfca-3807553fdf30-impl-thread1] INFO  segmented.SegmentedRaftLogWorker (SegmentedRaftLogWorker.java:close(252)) - 8bd4f96b-aea6-438c-bfca-3807553fdf30@group-59A01362EF28-SegmentedRaftLogWorker close()
2025-05-13 07:38:42,244 [JvmPauseMonitor3] INFO  util.JvmPauseMonitor (JvmPauseMonitor.java:run(152)) - JvmPauseMonitor-8bd4f96b-aea6-438c-bfca-3807553fdf30: Stopped
2025-05-13 07:38:42,245 [main] INFO  SCMHATransactionMonitor (BackgroundSCMService.java:stop(127)) - Stopping SCMHATransactionMonitor Service.
2025-05-13 07:38:42,245 [SCMHATransactionMonitor] WARN  SCMHATransactionMonitor (BackgroundSCMService.java:run(111)) - SCMHATransactionMonitor is interrupted, exit
2025-05-13 07:38:42,245 [main] INFO  pipeline.BackgroundPipelineCreator (BackgroundPipelineCreator.java:stop(154)) - Stopping RatisPipelineUtilsThread.
2025-05-13 07:38:42,245 [RatisPipelineUtilsThread-0] WARN  pipeline.BackgroundPipelineCreator (BackgroundPipelineCreator.java:run(185)) - RatisPipelineUtilsThread is interrupted.
2025-05-13 07:38:42,245 [main] INFO  BackgroundPipelineScrubber (BackgroundSCMService.java:stop(127)) - Stopping BackgroundPipelineScrubber Service.
2025-05-13 07:38:42,245 [BackgroundPipelineScrubber] WARN  BackgroundPipelineScrubber (BackgroundSCMService.java:run(111)) - BackgroundPipelineScrubber is interrupted, exit
2025-05-13 07:38:42,246 [main] INFO  impl.MetricsSystemImpl (MetricsSystemImpl.java:stop(210)) - Stopping StorageContainerManager metrics system...
2025-05-13 07:38:42,247 [prometheus] INFO  impl.MetricsSinkAdapter (MetricsSinkAdapter.java:publishMetricsFromQueue(141)) - prometheus thread interrupted.
2025-05-13 07:38:42,247 [main] INFO  impl.MetricsSystemImpl (MetricsSystemImpl.java:stop(216)) - StorageContainerManager metrics system stopped.
2025-05-13 07:38:42,247 [main] WARN  pipeline.BackgroundPipelineCreator (BackgroundPipelineCreator.java:stop(150)) - RatisPipelineUtilsThread is not running, just ignore.
2025-05-13 07:38:42,247 [main] INFO  BackgroundPipelineScrubber (BackgroundSCMService.java:stop(122)) - BackgroundPipelineScrubber Service is not running, skip stop.
2025-05-13 07:38:42,247 [main] INFO  ExpiredContainerReplicaOpScrubber (BackgroundSCMService.java:stop(127)) - Stopping ExpiredContainerReplicaOpScrubber Service.
2025-05-13 07:38:42,247 [ExpiredContainerReplicaOpScrubber] WARN  ExpiredContainerReplicaOpScrubber (BackgroundSCMService.java:run(111)) - ExpiredContainerReplicaOpScrubber is interrupted, exit
2025-05-13 07:38:42,247 [main] INFO  utils.BackgroundService (BackgroundService.java:shutdown(160)) - Shutting down service SCMBlockDeletingService
2025-05-13 07:38:42,248 [main] INFO  replication.ReplicationManager (ReplicationManager.java:stop(323)) - Replication Monitor Thread is not running.
2025-05-13 07:38:42,248 [main] WARN  balancer.ContainerBalancer (ContainerBalancer.java:stop(350)) - Cannot stop Container Balancer because it's not running or stopping
2025-05-13 07:38:42,248 [main] INFO  SCMHATransactionMonitor (BackgroundSCMService.java:stop(122)) - SCMHATransactionMonitor Service is not running, skip stop.
2025-05-13 07:38:42,248 [main] INFO  server.StorageContainerManager (StorageContainerManager.java:stop(1733)) - Stopping SCM MetadataStore.
2025-05-13 07:38:42,248 [8bd4f96b-aea6-438c-bfca-3807553fdf30-scm/sub-ca-refreshCACertificates] ERROR util.ExitUtils (ExitUtils.java:terminate(133)) - Terminating with exit status -1: Thread[#661,8bd4f96b-aea6-438c-bfca-3807553fdf30-scm/sub-ca-refreshCACertificates,5,main] has thrown an uncaught exception
java.lang.reflect.UndeclaredThrowableException
	at jdk.proxy2/jdk.proxy2.$Proxy45.submitRequest(Unknown Source)
	at org.apache.hadoop.hdds.protocolPB.SCMSecurityProtocolClientSideTranslatorPB.submitRequest(SCMSecurityProtocolClientSideTranslatorPB.java:93)
	at org.apache.hadoop.hdds.protocolPB.SCMSecurityProtocolClientSideTranslatorPB.getAllRootCaCertificates(SCMSecurityProtocolClientSideTranslatorPB.java:382)
	at org.apache.hadoop.hdds.security.x509.certificate.client.SCMCertificateClient$RefreshCACertificates.run(SCMCertificateClient.java:238)
	at java.base/java.util.concurrent.ThreadPoolExecutor.runWorker(ThreadPoolExecutor.java:1144)
	at java.base/java.util.concurrent.ThreadPoolExecutor$Worker.run(ThreadPoolExecutor.java:642)
	at java.base/java.lang.Thread.run(Thread.java:1583)
Caused by: java.io.InterruptedIOException: Retry interrupted
	at org.apache.hadoop.io.retry.RetryInvocationHandler$Call.processWaitTimeAndRetryInfo(RetryInvocationHandler.java:141)
	at org.apache.hadoop.io.retry.RetryInvocationHandler$Call.invokeOnce(RetryInvocationHandler.java:112)
	at org.apache.hadoop.io.retry.RetryInvocationHandler.invoke(RetryInvocationHandler.java:366)
	... 7 more
Caused by: java.lang.InterruptedException: sleep interrupted
	at java.base/java.lang.Thread.sleep0(Native Method)
	at java.base/java.lang.Thread.sleep(Thread.java:509)
	at org.apache.hadoop.io.retry.RetryInvocationHandler$Call.processWaitTimeAndRetryInfo(RetryInvocationHandler.java:135)
	... 9 more
2025-05-13 07:38:42,248 [LeaseManager#LeaseMonitor] WARN  lease.LeaseManager (LeaseManager.java:run(285)) - Lease manager is interrupted. Shutting down...
java.lang.InterruptedException
	at java.base/java.util.concurrent.locks.AbstractQueuedSynchronizer.tryAcquireSharedNanos(AbstractQueuedSynchronizer.java:1133)
	at java.base/java.util.concurrent.Semaphore.tryAcquire(Semaphore.java:415)
	at org.apache.hadoop.ozone.lease.LeaseManager$LeaseMonitor.run(LeaseManager.java:283)
	at java.base/java.lang.Thread.run(Thread.java:1583)
2025-05-13 07:38:42,249 [main] INFO  impl.DefaultInternalKdcServerImpl (DefaultInternalKdcServerImpl.java:doStop(102)) - Default Internal kdc server stopped.
2025-05-13 07:38:43,250 [main] INFO  minikdc.MiniKdc (MiniKdc.java:stop(359)) - MiniKdc stopped.
2025-05-13 07:38:43,250 [main] INFO  server.StorageContainerManager (StorageContainerManager.java:stop(1597)) - Storage Container Manager is not running.
2025-05-13 07:38:43,250 [main] INFO  server.StorageContainerManager (StorageContainerManager.java:stopReplicationManager(1742)) - Stopping Replication Manager Service.
2025-05-13 07:38:43,250 [main] INFO  replication.ReplicationManager (ReplicationManager.java:stop(323)) - Replication Monitor Thread is not running.
2025-05-13 07:38:43,250 [main] INFO  server.SCMSecurityProtocolServer (SCMSecurityProtocolServer.java:join(519)) - Join RPC server for SCMSecurityProtocolServer.
2025-05-13 07:38:43,250 [main] INFO  server.SCMSecurityProtocolServer (SCMSecurityProtocolServer.java:join(521)) - Join gRPC server for SCMSecurityProtocolServer.
]]></system-out>
    </rerunError>
    <rerunError message="Problem binding to [pkrvmberfyhpb9w.internal.cloudapp.net:15020] java.net.BindException: Cannot assign requested address; For more details see:  http://wiki.apache.org/hadoop/BindException" type="java.net.BindException">
      <stackTrace><![CDATA[java.net.BindException: Problem binding to [pkrvmberfyhpb9w.internal.cloudapp.net:15020] java.net.BindException: Cannot assign requested address; For more details see:  http://wiki.apache.org/hadoop/BindException
	at java.base/jdk.internal.reflect.DirectConstructorHandleAccessor.newInstance(DirectConstructorHandleAccessor.java:62)
	at java.base/java.lang.reflect.Constructor.newInstanceWithCaller(Constructor.java:502)
	at java.base/java.lang.reflect.Constructor.newInstance(Constructor.java:486)
	at org.apache.hadoop.net.NetUtils.wrapWithMessage(NetUtils.java:961)
	at org.apache.hadoop.net.NetUtils.wrapException(NetUtils.java:857)
	at org.apache.hadoop.ipc.Server.bind(Server.java:715)
	at org.apache.hadoop.ipc.Server$Listener.<init>(Server.java:1435)
	at org.apache.hadoop.ipc.Server.<init>(Server.java:3364)
	at org.apache.hadoop.ipc.RPC$Server.<init>(RPC.java:1195)
	at org.apache.hadoop.ipc.ProtobufRpcEngine2$Server.<init>(ProtobufRpcEngine2.java:485)
	at org.apache.hadoop.ipc.ProtobufRpcEngine$Server.<init>(ProtobufRpcEngine.java:452)
	at org.apache.hadoop.ipc.ProtobufRpcEngine.getServer(ProtobufRpcEngine.java:375)
	at org.apache.hadoop.ipc.RPC$Builder.build(RPC.java:986)
	at org.apache.hadoop.ozone.om.OzoneManager.startRpcServer(OzoneManager.java:1414)
	at org.apache.hadoop.ozone.om.OzoneManager.getRpcServer(OzoneManager.java:1376)
	at org.apache.hadoop.ozone.om.OzoneManager.<init>(OzoneManager.java:695)
	at org.apache.hadoop.ozone.om.OzoneManager.createOm(OzoneManager.java:877)
	at org.apache.hadoop.ozone.TestSecureOzoneCluster.setupOm(TestSecureOzoneCluster.java:716)
	at org.apache.hadoop.ozone.TestSecureOzoneCluster.testGetSetRevokeS3Secret(TestSecureOzoneCluster.java:728)
	at java.base/java.lang.reflect.Method.invoke(Method.java:580)
	at java.base/java.util.ArrayList.forEach(ArrayList.java:1596)
	at java.base/java.util.ArrayList.forEach(ArrayList.java:1596)
Caused by: java.net.BindException: Cannot assign requested address
	at java.base/sun.nio.ch.Net.bind0(Native Method)
	at java.base/sun.nio.ch.Net.bind(Net.java:565)
	at java.base/sun.nio.ch.ServerSocketChannelImpl.netBind(ServerSocketChannelImpl.java:344)
	at java.base/sun.nio.ch.ServerSocketChannelImpl.bind(ServerSocketChannelImpl.java:301)
	at java.base/sun.nio.ch.ServerSocketAdaptor.bind(ServerSocketAdaptor.java:89)
	at org.apache.hadoop.ipc.Server.bind(Server.java:698)
	... 16 more
]]></stackTrace>
      <system-out><![CDATA[2025-05-13 07:38:43,293 [main] INFO  minikdc.MiniKdc (MiniKdc.java:<init>(225)) - Configuration:
2025-05-13 07:38:43,293 [main] INFO  minikdc.MiniKdc (MiniKdc.java:<init>(226)) - ---------------------------------------------------------------
2025-05-13 07:38:43,293 [main] INFO  minikdc.MiniKdc (MiniKdc.java:<init>(228)) -   max.renewable.lifetime: 604800000
2025-05-13 07:38:43,293 [main] INFO  minikdc.MiniKdc (MiniKdc.java:<init>(228)) -   instance: DefaultKrbServer
2025-05-13 07:38:43,293 [main] INFO  minikdc.MiniKdc (MiniKdc.java:<init>(228)) -   debug: false
2025-05-13 07:38:43,293 [main] INFO  minikdc.MiniKdc (MiniKdc.java:<init>(228)) -   kdc.bind.address: localhost
2025-05-13 07:38:43,293 [main] INFO  minikdc.MiniKdc (MiniKdc.java:<init>(228)) -   max.ticket.lifetime: 86400000
2025-05-13 07:38:43,293 [main] INFO  minikdc.MiniKdc (MiniKdc.java:<init>(228)) -   transport: TCP
2025-05-13 07:38:43,293 [main] INFO  minikdc.MiniKdc (MiniKdc.java:<init>(228)) -   org.name: EXAMPLE
2025-05-13 07:38:43,293 [main] INFO  minikdc.MiniKdc (MiniKdc.java:<init>(228)) -   org.domain: COM
2025-05-13 07:38:43,293 [main] INFO  minikdc.MiniKdc (MiniKdc.java:<init>(228)) -   kdc.port: 0
2025-05-13 07:38:43,293 [main] INFO  minikdc.MiniKdc (MiniKdc.java:<init>(230)) - ---------------------------------------------------------------
2025-05-13 07:38:43,295 [main] INFO  minikdc.MiniKdc (MiniKdc.java:start(285)) - MiniKdc started.
2025-05-13 07:38:43,674 [main] INFO  keys.KeyStorage (KeyStorage.java:storePublicKey(210)) - Storing public key to /tmp/junit-15262155997502508370/om-meta/om/keys/public.pem.
2025-05-13 07:38:43,674 [main] INFO  keys.KeyStorage (KeyStorage.java:storePrivateKey(194)) - Storing private key to /tmp/junit-15262155997502508370/om-meta/om/keys/private.pem.
2025-05-13 07:38:43,675 [main] INFO  om.OzoneManager (OzoneManager.java:getOmDetailsProto(4941)) - OzoneManager ports added:[name: "RPC"
value: 15020
]
2025-05-13 07:38:43,675 [main] WARN  server.ServerUtils (ServerUtils.java:getScmDbDir(138)) - ozone.scm.db.dirs is not configured. We recommend adding this setting. Falling back to ozone.metadata.dirs instead.
2025-05-13 07:38:43,676 [main] INFO  ha.HASecurityUtils (HASecurityUtils.java:initializeSecurity(79)) - Initializing secure StorageContainerManager.
2025-05-13 07:38:43,676 [main] INFO  proxy.SCMSecurityProtocolFailoverProxyProvider (SCMFailoverProxyProviderBase.java:<init>(120)) - Created fail-over proxy for protocol SCMSecurityProtocolPB with 1 nodes: [nodeId=scmNodeId,nodeAddress=localhost/127.0.0.1:15017]
2025-05-13 07:38:43,676 [main] INFO  client.SCMCertificateClient (DefaultCertificateClient.java:updateCertSerialId(1289)) - Certificate serial ID set to null
2025-05-13 07:38:43,677 [main] ERROR client.SCMCertificateClient (DefaultCertificateClient.java:getCertPath(373)) - Default certificate serial id is not set. Can't locate the default certificate for this client.
2025-05-13 07:38:43,677 [main] INFO  client.SCMCertificateClient (DefaultCertificateClient.java:init(717)) - Certificate client init case: 0
2025-05-13 07:38:43,677 [main] INFO  client.SCMCertificateClient (DefaultCertificateClient.java:handleCase(735)) - Creating keypair for client as keypair and certificate not found.
2025-05-13 07:38:43,862 [main] INFO  keys.KeyStorage (KeyStorage.java:storePublicKey(210)) - Storing public key to /tmp/junit-15262155997502508370/scm-meta/scm/sub-ca/keys/public.pem.
2025-05-13 07:38:43,863 [main] INFO  keys.KeyStorage (KeyStorage.java:storePrivateKey(194)) - Storing private key to /tmp/junit-15262155997502508370/scm-meta/scm/sub-ca/keys/private.pem.
2025-05-13 07:38:43,863 [main] INFO  client.SCMCertificateClient (SCMCertificateClient.java:recoverStateIfNeeded(278)) - Init response: GETCERT
2025-05-13 07:38:43,864 [main] INFO  keys.KeyStorage (KeyStorage.java:readPublicKey(174)) - Reading public key from /tmp/junit-15262155997502508370/scm-meta/scm/ca/keys/public.pem.
2025-05-13 07:38:43,864 [main] ERROR keys.KeyStorage (KeyStorage.java:readPublicKey(178)) - Failed to read the public key.
java.nio.file.NoSuchFileException: /tmp/junit-15262155997502508370/scm-meta/scm/ca/keys/public.pem
	at java.base/sun.nio.fs.UnixException.translateToIOException(UnixException.java:92)
	at java.base/sun.nio.fs.UnixException.rethrowAsIOException(UnixException.java:106)
	at java.base/sun.nio.fs.UnixException.rethrowAsIOException(UnixException.java:111)
	at java.base/sun.nio.fs.UnixFileSystemProvider.newByteChannel(UnixFileSystemProvider.java:261)
	at java.base/java.nio.file.Files.newByteChannel(Files.java:380)
	at java.base/java.nio.file.Files.newByteChannel(Files.java:432)
	at java.base/java.nio.file.Files.readAllBytes(Files.java:3281)
	at org.apache.hadoop.hdds.security.x509.keys.KeyStorage.readPublicKey(KeyStorage.java:176)
	at org.apache.hadoop.hdds.security.x509.keys.KeyStorage.readKeyPair(KeyStorage.java:184)
	at org.apache.hadoop.hdds.security.x509.certificate.authority.DefaultCAServer.checkIfKeysExist(DefaultCAServer.java:354)
	at org.apache.hadoop.hdds.security.x509.certificate.authority.DefaultCAServer.verifySelfSignedCA(DefaultCAServer.java:323)
	at org.apache.hadoop.hdds.security.x509.certificate.authority.DefaultCAServer.init(DefaultCAServer.java:162)
	at org.apache.hadoop.hdds.security.x509.certificate.client.SCMCertificateClient.initializeRootCertificateServer(SCMCertificateClient.java:396)
	at org.apache.hadoop.hdds.security.x509.certificate.client.SCMCertificateClient.getPrimarySCMSelfSignedCert(SCMCertificateClient.java:346)
	at org.apache.hadoop.hdds.security.x509.certificate.client.SCMCertificateClient.recoverStateIfNeeded(SCMCertificateClient.java:287)
	at org.apache.hadoop.hdds.security.x509.certificate.client.DefaultCertificateClient.initWithRecovery(DefaultCertificateClient.java:698)
	at org.apache.hadoop.hdds.scm.ha.HASecurityUtils.initializeSecurity(HASecurityUtils.java:96)
	at org.apache.hadoop.ozone.TestSecureOzoneCluster.initSCM(TestSecureOzoneCluster.java:450)
	at org.apache.hadoop.ozone.TestSecureOzoneCluster.testGetSetRevokeS3Secret(TestSecureOzoneCluster.java:722)
	at java.base/jdk.internal.reflect.DirectMethodHandleAccessor.invoke(DirectMethodHandleAccessor.java:103)
	at java.base/java.lang.reflect.Method.invoke(Method.java:580)
	at org.junit.platform.commons.util.ReflectionUtils.invokeMethod(ReflectionUtils.java:775)
	at org.junit.platform.commons.support.ReflectionSupport.invokeMethod(ReflectionSupport.java:479)
	at org.junit.jupiter.engine.execution.MethodInvocation.proceed(MethodInvocation.java:60)
	at org.junit.jupiter.engine.execution.InvocationInterceptorChain$ValidatingInvocation.proceed(InvocationInterceptorChain.java:131)
	at org.junit.jupiter.engine.extension.SameThreadTimeoutInvocation.proceed(SameThreadTimeoutInvocation.java:49)
	at org.junit.jupiter.engine.extension.TimeoutExtension.intercept(TimeoutExtension.java:161)
	at org.junit.jupiter.engine.extension.TimeoutExtension.interceptTestableMethod(TimeoutExtension.java:152)
	at org.junit.jupiter.engine.extension.TimeoutExtension.interceptTestMethod(TimeoutExtension.java:91)
	at org.junit.jupiter.engine.execution.InterceptingExecutableInvoker$ReflectiveInterceptorCall.lambda$ofVoidMethod$0(InterceptingExecutableInvoker.java:112)
	at org.junit.jupiter.engine.execution.InterceptingExecutableInvoker.lambda$invoke$0(InterceptingExecutableInvoker.java:94)
	at org.junit.jupiter.engine.execution.InvocationInterceptorChain$InterceptedInvocation.proceed(InvocationInterceptorChain.java:106)
	at org.junit.jupiter.engine.execution.InvocationInterceptorChain.proceed(InvocationInterceptorChain.java:64)
	at org.junit.jupiter.engine.execution.InvocationInterceptorChain.chainAndInvoke(InvocationInterceptorChain.java:45)
	at org.junit.jupiter.engine.execution.InvocationInterceptorChain.invoke(InvocationInterceptorChain.java:37)
	at org.junit.jupiter.engine.execution.InterceptingExecutableInvoker.invoke(InterceptingExecutableInvoker.java:93)
	at org.junit.jupiter.engine.execution.InterceptingExecutableInvoker.invoke(InterceptingExecutableInvoker.java:87)
	at org.junit.jupiter.engine.descriptor.TestMethodTestDescriptor.lambda$invokeTestMethod$7(TestMethodTestDescriptor.java:216)
	at org.junit.platform.engine.support.hierarchical.ThrowableCollector.execute(ThrowableCollector.java:73)
	at org.junit.jupiter.engine.descriptor.TestMethodTestDescriptor.invokeTestMethod(TestMethodTestDescriptor.java:212)
	at org.junit.jupiter.engine.descriptor.TestMethodTestDescriptor.execute(TestMethodTestDescriptor.java:137)
	at org.junit.jupiter.engine.descriptor.TestMethodTestDescriptor.execute(TestMethodTestDescriptor.java:69)
	at org.junit.platform.engine.support.hierarchical.NodeTestTask.lambda$executeRecursively$6(NodeTestTask.java:156)
	at org.junit.platform.engine.support.hierarchical.ThrowableCollector.execute(ThrowableCollector.java:73)
	at org.junit.platform.engine.support.hierarchical.NodeTestTask.lambda$executeRecursively$8(NodeTestTask.java:146)
	at org.junit.platform.engine.support.hierarchical.Node.around(Node.java:137)
	at org.junit.platform.engine.support.hierarchical.NodeTestTask.lambda$executeRecursively$9(NodeTestTask.java:144)
	at org.junit.platform.engine.support.hierarchical.ThrowableCollector.execute(ThrowableCollector.java:73)
	at org.junit.platform.engine.support.hierarchical.NodeTestTask.executeRecursively(NodeTestTask.java:143)
	at org.junit.platform.engine.support.hierarchical.NodeTestTask.execute(NodeTestTask.java:100)
	at java.base/java.util.ArrayList.forEach(ArrayList.java:1596)
	at org.junit.platform.engine.support.hierarchical.SameThreadHierarchicalTestExecutorService.invokeAll(SameThreadHierarchicalTestExecutorService.java:41)
	at org.junit.platform.engine.support.hierarchical.NodeTestTask.lambda$executeRecursively$6(NodeTestTask.java:160)
	at org.junit.platform.engine.support.hierarchical.ThrowableCollector.execute(ThrowableCollector.java:73)
	at org.junit.platform.engine.support.hierarchical.NodeTestTask.lambda$executeRecursively$8(NodeTestTask.java:146)
	at org.junit.platform.engine.support.hierarchical.Node.around(Node.java:137)
	at org.junit.platform.engine.support.hierarchical.NodeTestTask.lambda$executeRecursively$9(NodeTestTask.java:144)
	at org.junit.platform.engine.support.hierarchical.ThrowableCollector.execute(ThrowableCollector.java:73)
	at org.junit.platform.engine.support.hierarchical.NodeTestTask.executeRecursively(NodeTestTask.java:143)
	at org.junit.platform.engine.support.hierarchical.NodeTestTask.execute(NodeTestTask.java:100)
	at java.base/java.util.ArrayList.forEach(ArrayList.java:1596)
	at org.junit.platform.engine.support.hierarchical.SameThreadHierarchicalTestExecutorService.invokeAll(SameThreadHierarchicalTestExecutorService.java:41)
	at org.junit.platform.engine.support.hierarchical.NodeTestTask.lambda$executeRecursively$6(NodeTestTask.java:160)
	at org.junit.platform.engine.support.hierarchical.ThrowableCollector.execute(ThrowableCollector.java:73)
	at org.junit.platform.engine.support.hierarchical.NodeTestTask.lambda$executeRecursively$8(NodeTestTask.java:146)
	at org.junit.platform.engine.support.hierarchical.Node.around(Node.java:137)
	at org.junit.platform.engine.support.hierarchical.NodeTestTask.lambda$executeRecursively$9(NodeTestTask.java:144)
	at org.junit.platform.engine.support.hierarchical.ThrowableCollector.execute(ThrowableCollector.java:73)
	at org.junit.platform.engine.support.hierarchical.NodeTestTask.executeRecursively(NodeTestTask.java:143)
	at org.junit.platform.engine.support.hierarchical.NodeTestTask.execute(NodeTestTask.java:100)
	at org.junit.platform.engine.support.hierarchical.SameThreadHierarchicalTestExecutorService.submit(SameThreadHierarchicalTestExecutorService.java:35)
	at org.junit.platform.engine.support.hierarchical.HierarchicalTestExecutor.execute(HierarchicalTestExecutor.java:57)
	at org.junit.platform.engine.support.hierarchical.HierarchicalTestEngine.execute(HierarchicalTestEngine.java:54)
	at org.junit.platform.launcher.core.EngineExecutionOrchestrator.execute(EngineExecutionOrchestrator.java:201)
	at org.junit.platform.launcher.core.EngineExecutionOrchestrator.execute(EngineExecutionOrchestrator.java:170)
	at org.junit.platform.launcher.core.EngineExecutionOrchestrator.execute(EngineExecutionOrchestrator.java:94)
	at org.junit.platform.launcher.core.EngineExecutionOrchestrator.lambda$execute$0(EngineExecutionOrchestrator.java:59)
	at org.junit.platform.launcher.core.EngineExecutionOrchestrator.withInterceptedStreams(EngineExecutionOrchestrator.java:142)
	at org.junit.platform.launcher.core.EngineExecutionOrchestrator.execute(EngineExecutionOrchestrator.java:58)
	at org.junit.platform.launcher.core.DefaultLauncher.execute(DefaultLauncher.java:103)
	at org.junit.platform.launcher.core.DefaultLauncher.execute(DefaultLauncher.java:85)
	at org.junit.platform.launcher.core.DelegatingLauncher.execute(DelegatingLauncher.java:47)
	at org.junit.platform.launcher.core.InterceptingLauncher.lambda$execute$1(InterceptingLauncher.java:39)
	at org.junit.platform.launcher.core.ClasspathAlignmentCheckingLauncherInterceptor.intercept(ClasspathAlignmentCheckingLauncherInterceptor.java:25)
	at org.junit.platform.launcher.core.InterceptingLauncher.execute(InterceptingLauncher.java:38)
	at org.junit.platform.launcher.core.DelegatingLauncher.execute(DelegatingLauncher.java:47)
	at org.apache.maven.surefire.junitplatform.LazyLauncher.execute(LazyLauncher.java:56)
	at org.apache.maven.surefire.junitplatform.JUnitPlatformProvider.invokeAllTests(JUnitPlatformProvider.java:162)
	at org.apache.maven.surefire.junitplatform.JUnitPlatformProvider.invoke(JUnitPlatformProvider.java:120)
	at org.apache.maven.surefire.booter.ForkedBooter.runSuitesInProcess(ForkedBooter.java:385)
	at org.apache.maven.surefire.booter.ForkedBooter.execute(ForkedBooter.java:162)
	at org.apache.maven.surefire.booter.ForkedBooter.run(ForkedBooter.java:507)
	at org.apache.maven.surefire.booter.ForkedBooter.main(ForkedBooter.java:495)
2025-05-13 07:38:44,204 [main] INFO  keys.KeyStorage (KeyStorage.java:storePublicKey(210)) - Storing public key to /tmp/junit-15262155997502508370/scm-meta/scm/ca/keys/public.pem.
2025-05-13 07:38:44,204 [main] INFO  keys.KeyStorage (KeyStorage.java:storePrivateKey(194)) - Storing private key to /tmp/junit-15262155997502508370/scm-meta/scm/ca/keys/private.pem.
2025-05-13 07:38:44,205 [main] INFO  ozone.OzoneSecurityUtil (OzoneSecurityUtil.java:getValidInetsForCurrentHost(116)) - ip:fe80:0:0:0:20d:3aff:fe61:cc63%eth0 not returned.
2025-05-13 07:38:44,207 [main] INFO  ozone.OzoneSecurityUtil (OzoneSecurityUtil.java:getValidInetsForCurrentHost(113)) - Adding ip:10.1.1.10,host:10.1.1.10
2025-05-13 07:38:44,207 [main] INFO  ozone.OzoneSecurityUtil (OzoneSecurityUtil.java:getValidInetsForCurrentHost(116)) - ip:0:0:0:0:0:0:0:1%lo not returned.
2025-05-13 07:38:44,207 [main] INFO  ozone.OzoneSecurityUtil (OzoneSecurityUtil.java:getValidInetsForCurrentHost(116)) - ip:127.0.0.1 not returned.
2025-05-13 07:38:44,210 [main] ERROR utils.SelfSignedCertificate (SelfSignedCertificate.java:lambda$addInetAddresses$0(244)) - Invalid domain 10.1.1.10
2025-05-13 07:38:44,214 [main] INFO  utils.SelfSignedCertificate (SelfSignedCertificate.java:generateCertificate(156)) - Certificate 1 is issued by SERIALNUMBER=1, O=d3b64af1-74b3-4bd6-b0f1-98033947978f, OU=718812ce-78c6-4ba2-8b7c-2561431a5fe2, CN=scm@pkrvmberfyhpb9w to SERIALNUMBER=1, O=d3b64af1-74b3-4bd6-b0f1-98033947978f, OU=718812ce-78c6-4ba2-8b7c-2561431a5fe2, CN=scm@pkrvmberfyhpb9w, valid from Tue May 13 07:38:44 UTC 2025 to Fri Jun 21 07:38:44 UTC 2030
2025-05-13 07:38:44,215 [main] INFO  utils.CertificateCodec (CertificateCodec.java:writeCertificate(239)) - Save certificate to /tmp/junit-15262155997502508370/scm-meta/scm/ca/certs/certificate.crt
2025-05-13 07:38:44,215 [main] INFO  utils.CertificateCodec (CertificateCodec.java:writeCertificate(240)) - Certificate -----BEGIN CERTIFICATE-----
MIIDwTCCAqmgAwIBAgIBATANBgkqhkiG9w0BAQsFADCBiDEcMBoGA1UEAwwTc2Nt
QHBrcnZtYmVyZnlocGI5dzEtMCsGA1UECwwkNzE4ODEyY2UtNzhjNi00YmEyLThi
N2MtMjU2MTQzMWE1ZmUyMS0wKwYDVQQKDCRkM2I2NGFmMS03NGIzLTRiZDYtYjBm
MS05ODAzMzk0Nzk3OGYxCjAIBgNVBAUTATEwHhcNMjUwNTEzMDczODQ0WhcNMzAw
NjIxMDczODQ0WjCBiDEcMBoGA1UEAwwTc2NtQHBrcnZtYmVyZnlocGI5dzEtMCsG
A1UECwwkNzE4ODEyY2UtNzhjNi00YmEyLThiN2MtMjU2MTQzMWE1ZmUyMS0wKwYD
VQQKDCRkM2I2NGFmMS03NGIzLTRiZDYtYjBmMS05ODAzMzk0Nzk3OGYxCjAIBgNV
BAUTATEwggEiMA0GCSqGSIb3DQEBAQUAA4IBDwAwggEKAoIBAQCmxYvMoDK+Lz5Y
PijG0XRQpeHKA1bbmdVt9FUb2I4Iaz+IDeV9iM4C8dcOBdzmJiBK4w6+f3h11NrO
HrneHxAd4If9Qr0EHWfLefboOrQ/2WrL951IsYxlD3G+7c1BE49a/I14625Q4Oup
1r6uL829GfOOjEHin8IMSLI93aBzPHnlyFoWLuqKcJDOfflG6tJ3oQQe8ExEeqOf
doZ1FgQTrogW5ccKurqn3+P7XZKxpz3xVKayR7unqx58KKoY4ku4DC+SEKT/jIHs
rd/x10FkTvfqV9iYiBLGkkYLKjuHf7uCXwC2DTyV9CSBEZd6KJACcIxQzR50+Ind
yIcY7peLAgMBAAGjNDAyMA8GA1UdEwEB/wQFMAMBAf8wDgYDVR0PAQH/BAQDAgEG
MA8GA1UdEQQIMAaHBAoBAQowDQYJKoZIhvcNAQELBQADggEBAFEDDHTpLCouoEd0
a2pcvSxKDc7/pXXrydyMDS2wxm8wp5YwgIrOEjRvqya4hZw+QisFD5hIaFfrD3pm
2265uvivfm1vpvfL0+OjXUps9p8IQyXia+rYPNN1DWv/nZC8/xr8+7lKwcDLLHfm
M2QeoKlu0kbtKY54Fk4xrgQ0vSUXlxnE7EAJxWMkErwsCd46hDcjefA3++Hniqui
yaZ/3gjs+spEtbCNbPRcZwhOJk4p+StV19cLry8ecsqbsH/XhBZDlpobYX72ikjZ
Yky/enIm213W3OKCt3gXJxyP1a8YwAS7WVzmSAwtR9yMLXATPK52RCCRSEEi6aX+
BRUcyEU=
-----END CERTIFICATE-----

2025-05-13 07:38:44,215 [main] INFO  keys.KeyStorage (KeyStorage.java:readPublicKey(174)) - Reading public key from /tmp/junit-15262155997502508370/scm-meta/scm/ca/keys/public.pem.
2025-05-13 07:38:44,215 [main] INFO  keys.KeyStorage (KeyStorage.java:readPrivateKey(158)) - Reading private key from /tmp/junit-15262155997502508370/scm-meta/scm/ca/keys/private.pem.
2025-05-13 07:38:44,217 [main] INFO  client.SCMCertificateClient (SCMCertificateClient.java:configureCSRBuilder(141)) - Creating csr for SCM->hostName:pkrvmberfyhpb9w,scmId:718812ce-78c6-4ba2-8b7c-2561431a5fe2,clusterId:d3b64af1-74b3-4bd6-b0f1-98033947978f,subject:scm-sub@pkrvmberfyhpb9w
2025-05-13 07:38:44,217 [main] INFO  ozone.OzoneSecurityUtil (OzoneSecurityUtil.java:getValidInetsForCurrentHost(116)) - ip:fe80:0:0:0:20d:3aff:fe61:cc63%eth0 not returned.
2025-05-13 07:38:44,220 [main] INFO  ozone.OzoneSecurityUtil (OzoneSecurityUtil.java:getValidInetsForCurrentHost(113)) - Adding ip:10.1.1.10,host:10.1.1.10
2025-05-13 07:38:44,220 [main] INFO  ozone.OzoneSecurityUtil (OzoneSecurityUtil.java:getValidInetsForCurrentHost(116)) - ip:0:0:0:0:0:0:0:1%lo not returned.
2025-05-13 07:38:44,221 [main] INFO  ozone.OzoneSecurityUtil (OzoneSecurityUtil.java:getValidInetsForCurrentHost(116)) - ip:127.0.0.1 not returned.
2025-05-13 07:38:44,222 [main] ERROR utils.CertificateSignRequest (CertificateSignRequest.java:lambda$addInetAddresses$0(316)) - Invalid domain 10.1.1.10
2025-05-13 07:38:44,225 [main] INFO  keys.KeyStorage (KeyStorage.java:readPrivateKey(158)) - Reading private key from /tmp/junit-15262155997502508370/scm-meta/scm/ca/keys/private.pem.
2025-05-13 07:38:44,226 [main] INFO  authority.DefaultApprover (DefaultApprover.java:sign(171)) - Extensions in CSR: 2.5.29.19, 2.5.29.15, 2.5.29.17
2025-05-13 07:38:44,226 [main] INFO  authority.DefaultApprover (DefaultApprover.java:sign(175)) - Extensions to add to the certificate if they present in CSR: 2.5.29.15, 2.5.29.17, 2.5.29.35, 2.5.29.37, 2.5.29.19, 1.3.6.1.5.5.7.1.12
2025-05-13 07:38:44,230 [main] INFO  utils.CertificateCodec (CertificateCodec.java:writeCertificate(239)) - Save certificate to /tmp/junit-15262155997502508370/scm-meta/scm/sub-ca/certs/CA-1.crt
2025-05-13 07:38:44,230 [main] INFO  utils.CertificateCodec (CertificateCodec.java:writeCertificate(240)) - Certificate -----BEGIN CERTIFICATE-----
MIIDwTCCAqmgAwIBAgIBATANBgkqhkiG9w0BAQsFADCBiDEcMBoGA1UEAwwTc2Nt
QHBrcnZtYmVyZnlocGI5dzEtMCsGA1UECwwkNzE4ODEyY2UtNzhjNi00YmEyLThi
N2MtMjU2MTQzMWE1ZmUyMS0wKwYDVQQKDCRkM2I2NGFmMS03NGIzLTRiZDYtYjBm
MS05ODAzMzk0Nzk3OGYxCjAIBgNVBAUTATEwHhcNMjUwNTEzMDczODQ0WhcNMzAw
NjIxMDczODQ0WjCBiDEcMBoGA1UEAwwTc2NtQHBrcnZtYmVyZnlocGI5dzEtMCsG
A1UECwwkNzE4ODEyY2UtNzhjNi00YmEyLThiN2MtMjU2MTQzMWE1ZmUyMS0wKwYD
VQQKDCRkM2I2NGFmMS03NGIzLTRiZDYtYjBmMS05ODAzMzk0Nzk3OGYxCjAIBgNV
BAUTATEwggEiMA0GCSqGSIb3DQEBAQUAA4IBDwAwggEKAoIBAQCmxYvMoDK+Lz5Y
PijG0XRQpeHKA1bbmdVt9FUb2I4Iaz+IDeV9iM4C8dcOBdzmJiBK4w6+f3h11NrO
HrneHxAd4If9Qr0EHWfLefboOrQ/2WrL951IsYxlD3G+7c1BE49a/I14625Q4Oup
1r6uL829GfOOjEHin8IMSLI93aBzPHnlyFoWLuqKcJDOfflG6tJ3oQQe8ExEeqOf
doZ1FgQTrogW5ccKurqn3+P7XZKxpz3xVKayR7unqx58KKoY4ku4DC+SEKT/jIHs
rd/x10FkTvfqV9iYiBLGkkYLKjuHf7uCXwC2DTyV9CSBEZd6KJACcIxQzR50+Ind
yIcY7peLAgMBAAGjNDAyMA8GA1UdEwEB/wQFMAMBAf8wDgYDVR0PAQH/BAQDAgEG
MA8GA1UdEQQIMAaHBAoBAQowDQYJKoZIhvcNAQELBQADggEBAFEDDHTpLCouoEd0
a2pcvSxKDc7/pXXrydyMDS2wxm8wp5YwgIrOEjRvqya4hZw+QisFD5hIaFfrD3pm
2265uvivfm1vpvfL0+OjXUps9p8IQyXia+rYPNN1DWv/nZC8/xr8+7lKwcDLLHfm
M2QeoKlu0kbtKY54Fk4xrgQ0vSUXlxnE7EAJxWMkErwsCd46hDcjefA3++Hniqui
yaZ/3gjs+spEtbCNbPRcZwhOJk4p+StV19cLry8ecsqbsH/XhBZDlpobYX72ikjZ
Yky/enIm213W3OKCt3gXJxyP1a8YwAS7WVzmSAwtR9yMLXATPK52RCCRSEEi6aX+
BRUcyEU=
-----END CERTIFICATE-----

2025-05-13 07:38:44,231 [main] INFO  utils.CertificateCodec (CertificateCodec.java:writeCertificate(239)) - Save certificate to /tmp/junit-15262155997502508370/scm-meta/scm/sub-ca/certs/2.crt
2025-05-13 07:38:44,231 [main] INFO  utils.CertificateCodec (CertificateCodec.java:writeCertificate(240)) - Certificate -----BEGIN CERTIFICATE-----
MIIDxTCCAq2gAwIBAgIBAjANBgkqhkiG9w0BAQsFADCBiDEcMBoGA1UEAwwTc2Nt
QHBrcnZtYmVyZnlocGI5dzEtMCsGA1UECwwkNzE4ODEyY2UtNzhjNi00YmEyLThi
N2MtMjU2MTQzMWE1ZmUyMS0wKwYDVQQKDCRkM2I2NGFmMS03NGIzLTRiZDYtYjBm
MS05ODAzMzk0Nzk3OGYxCjAIBgNVBAUTATEwHhcNMjUwNTEzMDczODQ0WhcNMzAw
NjIxMDczODQ0WjCBjDEgMB4GA1UEAwwXc2NtLXN1YkBwa3J2bWJlcmZ5aHBiOXcx
LTArBgNVBAsMJDcxODgxMmNlLTc4YzYtNGJhMi04YjdjLTI1NjE0MzFhNWZlMjEt
MCsGA1UECgwkZDNiNjRhZjEtNzRiMy00YmQ2LWIwZjEtOTgwMzM5NDc5NzhmMQow
CAYDVQQFEwEyMIIBIjANBgkqhkiG9w0BAQEFAAOCAQ8AMIIBCgKCAQEApnN4pLK7
pXng3MYMf/h1IfhnLPjpHl2pcv+cD3EavALntW6E3U4e5SmSCbmvoE+ZyoJULsSQ
xFlmUKFwat080vJ9lwml0lBGvQrTHg3K0scFNCWiLZX77ImFODaMT93gahVvyDGD
kRMbz4Sg2OdIv22ePip6pffuPEJhMneqZoFXRFeT9Nhh8Q1mQ5oQUtkYa1j0kPLa
ZvsfHrOM+Bnb5YcSRkzj+bLZNfTal/h2sbEfECHBr5J1Yt2iI7BjaJZ2+zru/qsy
XICxTJD1mB/28aw/2oz6Ky20/59ZofgkzvgUMTl7vR0SaO7B0/7uThOuvyunGyA8
5Eowr5UBhYDb1wIDAQABozQwMjAOBgNVHQ8BAf8EBAMCAb4wDwYDVR0RBAgwBocE
CgEBCjAPBgNVHRMBAf8EBTADAQH/MA0GCSqGSIb3DQEBCwUAA4IBAQAFs6XDHLkO
BY13QQQh5SFSKdyyTIzDD9+Q/n8HcECekHNyciB9k0BaTPKEGjBdE+LYLuXnCx7n
53OSxhXISbGKQM7qgPf3c2NkpDcq/zuaXR4Jh1GtUf3wCpYZT5Iv+7MMpd4xTkXK
0TZrjfsyrWnOK5ZAPX/gGhkoP3QwVdl3g7EBq6SSrdriB88SNDUMxhFeN0itfoLO
xBKkCHb5g+2ZCVUlwgNaablMj64UxOmBx4zD47+4dHsj8DN/pl5QVoStlPy8VVp2
ZCfC3uk+/peEE93TJGoG4YwsZMjSc5gGdXs3A+Xv6WdFDrTMKOf+E3s0GW8AZ9H2
D5JmADQa46Pp
-----END CERTIFICATE-----

-----BEGIN CERTIFICATE-----
MIIDwTCCAqmgAwIBAgIBATANBgkqhkiG9w0BAQsFADCBiDEcMBoGA1UEAwwTc2Nt
QHBrcnZtYmVyZnlocGI5dzEtMCsGA1UECwwkNzE4ODEyY2UtNzhjNi00YmEyLThi
N2MtMjU2MTQzMWE1ZmUyMS0wKwYDVQQKDCRkM2I2NGFmMS03NGIzLTRiZDYtYjBm
MS05ODAzMzk0Nzk3OGYxCjAIBgNVBAUTATEwHhcNMjUwNTEzMDczODQ0WhcNMzAw
NjIxMDczODQ0WjCBiDEcMBoGA1UEAwwTc2NtQHBrcnZtYmVyZnlocGI5dzEtMCsG
A1UECwwkNzE4ODEyY2UtNzhjNi00YmEyLThiN2MtMjU2MTQzMWE1ZmUyMS0wKwYD
VQQKDCRkM2I2NGFmMS03NGIzLTRiZDYtYjBmMS05ODAzMzk0Nzk3OGYxCjAIBgNV
BAUTATEwggEiMA0GCSqGSIb3DQEBAQUAA4IBDwAwggEKAoIBAQCmxYvMoDK+Lz5Y
PijG0XRQpeHKA1bbmdVt9FUb2I4Iaz+IDeV9iM4C8dcOBdzmJiBK4w6+f3h11NrO
HrneHxAd4If9Qr0EHWfLefboOrQ/2WrL951IsYxlD3G+7c1BE49a/I14625Q4Oup
1r6uL829GfOOjEHin8IMSLI93aBzPHnlyFoWLuqKcJDOfflG6tJ3oQQe8ExEeqOf
doZ1FgQTrogW5ccKurqn3+P7XZKxpz3xVKayR7unqx58KKoY4ku4DC+SEKT/jIHs
rd/x10FkTvfqV9iYiBLGkkYLKjuHf7uCXwC2DTyV9CSBEZd6KJACcIxQzR50+Ind
yIcY7peLAgMBAAGjNDAyMA8GA1UdEwEB/wQFMAMBAf8wDgYDVR0PAQH/BAQDAgEG
MA8GA1UdEQQIMAaHBAoBAQowDQYJKoZIhvcNAQELBQADggEBAFEDDHTpLCouoEd0
a2pcvSxKDc7/pXXrydyMDS2wxm8wp5YwgIrOEjRvqya4hZw+QisFD5hIaFfrD3pm
2265uvivfm1vpvfL0+OjXUps9p8IQyXia+rYPNN1DWv/nZC8/xr8+7lKwcDLLHfm
M2QeoKlu0kbtKY54Fk4xrgQ0vSUXlxnE7EAJxWMkErwsCd46hDcjefA3++Hniqui
yaZ/3gjs+spEtbCNbPRcZwhOJk4p+StV19cLry8ecsqbsH/XhBZDlpobYX72ikjZ
Yky/enIm213W3OKCt3gXJxyP1a8YwAS7WVzmSAwtR9yMLXATPK52RCCRSEEi6aX+
BRUcyEU=
-----END CERTIFICATE-----

2025-05-13 07:38:44,231 [main] INFO  utils.CertificateCodec (CertificateCodec.java:writeCertificate(239)) - Save certificate to /tmp/junit-15262155997502508370/scm-meta/scm/sub-ca/certs/certificate.crt
2025-05-13 07:38:44,232 [main] INFO  utils.CertificateCodec (CertificateCodec.java:writeCertificate(240)) - Certificate -----BEGIN CERTIFICATE-----
MIIDxTCCAq2gAwIBAgIBAjANBgkqhkiG9w0BAQsFADCBiDEcMBoGA1UEAwwTc2Nt
QHBrcnZtYmVyZnlocGI5dzEtMCsGA1UECwwkNzE4ODEyY2UtNzhjNi00YmEyLThi
N2MtMjU2MTQzMWE1ZmUyMS0wKwYDVQQKDCRkM2I2NGFmMS03NGIzLTRiZDYtYjBm
MS05ODAzMzk0Nzk3OGYxCjAIBgNVBAUTATEwHhcNMjUwNTEzMDczODQ0WhcNMzAw
NjIxMDczODQ0WjCBjDEgMB4GA1UEAwwXc2NtLXN1YkBwa3J2bWJlcmZ5aHBiOXcx
LTArBgNVBAsMJDcxODgxMmNlLTc4YzYtNGJhMi04YjdjLTI1NjE0MzFhNWZlMjEt
MCsGA1UECgwkZDNiNjRhZjEtNzRiMy00YmQ2LWIwZjEtOTgwMzM5NDc5NzhmMQow
CAYDVQQFEwEyMIIBIjANBgkqhkiG9w0BAQEFAAOCAQ8AMIIBCgKCAQEApnN4pLK7
pXng3MYMf/h1IfhnLPjpHl2pcv+cD3EavALntW6E3U4e5SmSCbmvoE+ZyoJULsSQ
xFlmUKFwat080vJ9lwml0lBGvQrTHg3K0scFNCWiLZX77ImFODaMT93gahVvyDGD
kRMbz4Sg2OdIv22ePip6pffuPEJhMneqZoFXRFeT9Nhh8Q1mQ5oQUtkYa1j0kPLa
ZvsfHrOM+Bnb5YcSRkzj+bLZNfTal/h2sbEfECHBr5J1Yt2iI7BjaJZ2+zru/qsy
XICxTJD1mB/28aw/2oz6Ky20/59ZofgkzvgUMTl7vR0SaO7B0/7uThOuvyunGyA8
5Eowr5UBhYDb1wIDAQABozQwMjAOBgNVHQ8BAf8EBAMCAb4wDwYDVR0RBAgwBocE
CgEBCjAPBgNVHRMBAf8EBTADAQH/MA0GCSqGSIb3DQEBCwUAA4IBAQAFs6XDHLkO
BY13QQQh5SFSKdyyTIzDD9+Q/n8HcECekHNyciB9k0BaTPKEGjBdE+LYLuXnCx7n
53OSxhXISbGKQM7qgPf3c2NkpDcq/zuaXR4Jh1GtUf3wCpYZT5Iv+7MMpd4xTkXK
0TZrjfsyrWnOK5ZAPX/gGhkoP3QwVdl3g7EBq6SSrdriB88SNDUMxhFeN0itfoLO
xBKkCHb5g+2ZCVUlwgNaablMj64UxOmBx4zD47+4dHsj8DN/pl5QVoStlPy8VVp2
ZCfC3uk+/peEE93TJGoG4YwsZMjSc5gGdXs3A+Xv6WdFDrTMKOf+E3s0GW8AZ9H2
D5JmADQa46Pp
-----END CERTIFICATE-----

-----BEGIN CERTIFICATE-----
MIIDwTCCAqmgAwIBAgIBATANBgkqhkiG9w0BAQsFADCBiDEcMBoGA1UEAwwTc2Nt
QHBrcnZtYmVyZnlocGI5dzEtMCsGA1UECwwkNzE4ODEyY2UtNzhjNi00YmEyLThi
N2MtMjU2MTQzMWE1ZmUyMS0wKwYDVQQKDCRkM2I2NGFmMS03NGIzLTRiZDYtYjBm
MS05ODAzMzk0Nzk3OGYxCjAIBgNVBAUTATEwHhcNMjUwNTEzMDczODQ0WhcNMzAw
NjIxMDczODQ0WjCBiDEcMBoGA1UEAwwTc2NtQHBrcnZtYmVyZnlocGI5dzEtMCsG
A1UECwwkNzE4ODEyY2UtNzhjNi00YmEyLThiN2MtMjU2MTQzMWE1ZmUyMS0wKwYD
VQQKDCRkM2I2NGFmMS03NGIzLTRiZDYtYjBmMS05ODAzMzk0Nzk3OGYxCjAIBgNV
BAUTATEwggEiMA0GCSqGSIb3DQEBAQUAA4IBDwAwggEKAoIBAQCmxYvMoDK+Lz5Y
PijG0XRQpeHKA1bbmdVt9FUb2I4Iaz+IDeV9iM4C8dcOBdzmJiBK4w6+f3h11NrO
HrneHxAd4If9Qr0EHWfLefboOrQ/2WrL951IsYxlD3G+7c1BE49a/I14625Q4Oup
1r6uL829GfOOjEHin8IMSLI93aBzPHnlyFoWLuqKcJDOfflG6tJ3oQQe8ExEeqOf
doZ1FgQTrogW5ccKurqn3+P7XZKxpz3xVKayR7unqx58KKoY4ku4DC+SEKT/jIHs
rd/x10FkTvfqV9iYiBLGkkYLKjuHf7uCXwC2DTyV9CSBEZd6KJACcIxQzR50+Ind
yIcY7peLAgMBAAGjNDAyMA8GA1UdEwEB/wQFMAMBAf8wDgYDVR0PAQH/BAQDAgEG
MA8GA1UdEQQIMAaHBAoBAQowDQYJKoZIhvcNAQELBQADggEBAFEDDHTpLCouoEd0
a2pcvSxKDc7/pXXrydyMDS2wxm8wp5YwgIrOEjRvqya4hZw+QisFD5hIaFfrD3pm
2265uvivfm1vpvfL0+OjXUps9p8IQyXia+rYPNN1DWv/nZC8/xr8+7lKwcDLLHfm
M2QeoKlu0kbtKY54Fk4xrgQ0vSUXlxnE7EAJxWMkErwsCd46hDcjefA3++Hniqui
yaZ/3gjs+spEtbCNbPRcZwhOJk4p+StV19cLry8ecsqbsH/XhBZDlpobYX72ikjZ
Yky/enIm213W3OKCt3gXJxyP1a8YwAS7WVzmSAwtR9yMLXATPK52RCCRSEEi6aX+
BRUcyEU=
-----END CERTIFICATE-----

2025-05-13 07:38:44,232 [main] INFO  client.SCMCertificateClient (SCMCertificateClient.java:recoverStateIfNeeded(289)) - Successfully stored SCM signed certificate.
2025-05-13 07:38:44,234 [main] INFO  ha.SCMHANodeDetails (SCMHANodeDetails.java:loadSCMHAConfig(162)) - ServiceID for StorageContainerManager is null
2025-05-13 07:38:44,234 [main] INFO  ha.SCMHANodeDetails (SCMHANodeDetails.java:loadSCMHAConfig(166)) - ozone.scm.default.service.id is not defined, falling back to ozone.scm.service.ids to find serviceID for StorageContainerManager if it is HA enabled cluster
2025-05-13 07:38:44,235 [main] INFO  server.RaftServerConfigKeys (ConfUtils.java:logGet(46)) - raft.server.log.appender.buffer.byte-limit = 4194304 (custom)
2025-05-13 07:38:44,237 [main] INFO  server.RaftServer (ConfUtils.java:logGet(46)) - raft.rpc.type = GRPC (default)
2025-05-13 07:38:44,237 [main] INFO  grpc.GrpcConfigKeys (ConfUtils.java:logFallback(53)) - raft.grpc.admin.host = null (fallback to raft.grpc.server.host)
2025-05-13 07:38:44,237 [main] INFO  grpc.GrpcConfigKeys (ConfUtils.java:logFallback(53)) - raft.grpc.admin.port = 15018 (fallback to raft.grpc.server.port)
2025-05-13 07:38:44,237 [main] INFO  grpc.GrpcConfigKeys (ConfUtils.java:logFallback(53)) - raft.grpc.client.host = null (fallback to raft.grpc.server.host)
2025-05-13 07:38:44,237 [main] INFO  grpc.GrpcConfigKeys (ConfUtils.java:logFallback(53)) - raft.grpc.client.port = 15018 (fallback to raft.grpc.server.port)
2025-05-13 07:38:44,237 [main] INFO  grpc.GrpcConfigKeys (ConfUtils.java:logGet(46)) - raft.grpc.server.host = null (default)
2025-05-13 07:38:44,237 [main] INFO  grpc.GrpcConfigKeys (ConfUtils.java:logGet(46)) - raft.grpc.server.port = 15018 (custom)
2025-05-13 07:38:44,238 [main] INFO  server.GrpcService (ConfUtils.java:logGet(46)) - raft.grpc.message.size.max = 5242880 (custom)
2025-05-13 07:38:44,238 [main] INFO  server.GrpcService (ConfUtils.java:logGet(46)) - raft.grpc.flow.control.window = 1MB (=1048576) (default)
2025-05-13 07:38:44,238 [main] INFO  server.RaftServerConfigKeys (ConfUtils.java:logGet(46)) - raft.server.rpc.request.timeout = 30000ms (custom)
2025-05-13 07:38:44,238 [main] INFO  grpc.GrpcConfigKeys (ConfUtils.java:logGet(46)) - raft.grpc.server.heartbeat.channel = true (default)
2025-05-13 07:38:44,238 [main] INFO  server.RaftServerConfigKeys (ConfUtils.java:logGet(46)) - raft.server.log.appender.buffer.byte-limit = 4194304 (custom)
2025-05-13 07:38:44,238 [main] INFO  grpc.GrpcConfigKeys (ConfUtils.java:logGet(46)) - raft.grpc.server.async.request.thread.pool.cached = true (default)
2025-05-13 07:38:44,238 [main] INFO  grpc.GrpcConfigKeys (ConfUtils.java:logGet(46)) - raft.grpc.server.async.request.thread.pool.size = 32 (default)
2025-05-13 07:38:44,239 [main] INFO  impl.DataStreamServerImpl (ConfUtils.java:logGet(46)) - raft.datastream.type = DISABLED (default)
2025-05-13 07:38:44,239 [main] INFO  server.RaftServerConfigKeys (ConfUtils.java:logGet(46)) - raft.server.sleep.deviation.threshold = 300ms (default)
2025-05-13 07:38:44,239 [main] INFO  server.RaftServerConfigKeys (ConfUtils.java:logGet(46)) - raft.server.close.threshold = 60s (default)
2025-05-13 07:38:44,239 [main] INFO  server.RaftServerConfigKeys (ConfUtils.java:logGet(46)) - raft.server.leaderelection.leader.step-down.wait-time = 10s (default)
2025-05-13 07:38:44,240 [main] INFO  server.RaftServerConfigKeys (ConfUtils.java:logGet(46)) - raft.server.storage.dir = [/tmp/junit-15262155997502508370/scm-meta/scm-ha] (custom)
2025-05-13 07:38:44,240 [main] INFO  server.RaftServerConfigKeys (ConfUtils.java:logGet(46)) - raft.server.threadpool.proxy.cached = true (default)
2025-05-13 07:38:44,240 [main] INFO  server.RaftServerConfigKeys (ConfUtils.java:logGet(46)) - raft.server.threadpool.proxy.size = 0 (default)
2025-05-13 07:38:44,240 [main] INFO  server.RaftServer (RaftServerProxy.java:addNew(100)) - 718812ce-78c6-4ba2-8b7c-2561431a5fe2: addNew group-98033947978F:[718812ce-78c6-4ba2-8b7c-2561431a5fe2|pkrvmberfyhpb9w:15018] returns group-98033947978F:java.util.concurrent.CompletableFuture@1f739627[Not completed]
2025-05-13 07:38:44,241 [718812ce-78c6-4ba2-8b7c-2561431a5fe2-groupManagement] INFO  server.RaftServer$Division (RaftServerImpl.java:<init>(255)) - 718812ce-78c6-4ba2-8b7c-2561431a5fe2: new RaftServerImpl for group-98033947978F:[718812ce-78c6-4ba2-8b7c-2561431a5fe2|pkrvmberfyhpb9w:15018] with SCMStateMachine:uninitialized
2025-05-13 07:38:44,241 [718812ce-78c6-4ba2-8b7c-2561431a5fe2-groupManagement] INFO  server.RaftServerConfigKeys (ConfUtils.java:logGet(46)) - raft.server.rpc.timeout.min = 5000ms (custom)
2025-05-13 07:38:44,241 [718812ce-78c6-4ba2-8b7c-2561431a5fe2-groupManagement] INFO  server.RaftServerConfigKeys (ConfUtils.java:logGet(46)) - raft.server.rpc.timeout.max = 5200ms (custom)
2025-05-13 07:38:44,241 [718812ce-78c6-4ba2-8b7c-2561431a5fe2-groupManagement] INFO  server.RaftServerConfigKeys (ConfUtils.java:logGet(46)) - raft.server.rpc.sleep.time = 25ms (default)
2025-05-13 07:38:44,241 [718812ce-78c6-4ba2-8b7c-2561431a5fe2-groupManagement] INFO  server.RaftServerConfigKeys (ConfUtils.java:logGet(46)) - raft.server.rpc.slowness.timeout = 120000ms (custom)
2025-05-13 07:38:44,241 [718812ce-78c6-4ba2-8b7c-2561431a5fe2-groupManagement] INFO  server.RaftServerConfigKeys (ConfUtils.java:logGet(46)) - raft.server.leaderelection.leader.step-down.wait-time = 10s (default)
2025-05-13 07:38:44,241 [718812ce-78c6-4ba2-8b7c-2561431a5fe2-groupManagement] INFO  server.RaftServerConfigKeys (ConfUtils.java:logGet(46)) - raft.server.leaderelection.member.majority-add = false (default)
2025-05-13 07:38:44,241 [718812ce-78c6-4ba2-8b7c-2561431a5fe2-groupManagement] INFO  server.RaftServerConfigKeys (ConfUtils.java:logGet(46)) - raft.server.sleep.deviation.threshold = 300ms (default)
2025-05-13 07:38:44,241 [718812ce-78c6-4ba2-8b7c-2561431a5fe2-groupManagement] INFO  server.RaftServer$Division (ServerState.java:<init>(114)) - 718812ce-78c6-4ba2-8b7c-2561431a5fe2@group-98033947978F: ConfigurationManager, init=conf: {index: -1, cur=peers:[718812ce-78c6-4ba2-8b7c-2561431a5fe2|pkrvmberfyhpb9w:15018]|listeners:[], old=null}, confs=<EMPTY_MAP>
2025-05-13 07:38:44,241 [718812ce-78c6-4ba2-8b7c-2561431a5fe2-groupManagement] INFO  server.RaftServerConfigKeys (ConfUtils.java:logGet(46)) - raft.server.notification.no-leader.timeout = 60s (default)
2025-05-13 07:38:44,241 [718812ce-78c6-4ba2-8b7c-2561431a5fe2-groupManagement] INFO  server.RaftServerConfigKeys (ConfUtils.java:logGet(46)) - raft.server.read.timeout = 10s (default)
2025-05-13 07:38:44,241 [718812ce-78c6-4ba2-8b7c-2561431a5fe2-groupManagement] INFO  server.RaftServerConfigKeys (ConfUtils.java:logGet(46)) - raft.server.retrycache.expirytime = 60000ms (default)
2025-05-13 07:38:44,241 [718812ce-78c6-4ba2-8b7c-2561431a5fe2-groupManagement] INFO  server.RaftServerConfigKeys (ConfUtils.java:logGet(46)) - raft.server.retrycache.statistics.expirytime = 100ms (default)
2025-05-13 07:38:44,242 [718812ce-78c6-4ba2-8b7c-2561431a5fe2-groupManagement] INFO  server.RaftServerConfigKeys (ConfUtils.java:logGet(46)) - raft.server.read.option = DEFAULT (default)
2025-05-13 07:38:44,242 [718812ce-78c6-4ba2-8b7c-2561431a5fe2-groupManagement] INFO  server.RaftServerConfigKeys (ConfUtils.java:logGet(46)) - raft.server.read.read-after-write-consistent.write-index-cache.expiry-time = 60s (default)
2025-05-13 07:38:44,245 [718812ce-78c6-4ba2-8b7c-2561431a5fe2-groupManagement] INFO  server.RaftServerConfigKeys (ConfUtils.java:logGet(46)) - raft.server.rpc.request.timeout = 30000ms (custom)
2025-05-13 07:38:44,245 [718812ce-78c6-4ba2-8b7c-2561431a5fe2-groupManagement] INFO  server.RaftServerConfigKeys (ConfUtils.java:logGet(46)) - raft.server.log.appender.install.snapshot.enabled = false (custom)
2025-05-13 07:38:44,245 [718812ce-78c6-4ba2-8b7c-2561431a5fe2-groupManagement] INFO  server.RaftServerConfigKeys (ConfUtils.java:logGet(46)) - raft.server.threadpool.server.cached = true (default)
2025-05-13 07:38:44,245 [718812ce-78c6-4ba2-8b7c-2561431a5fe2-groupManagement] INFO  server.RaftServerConfigKeys (ConfUtils.java:logGet(46)) - raft.server.threadpool.server.size = 0 (default)
2025-05-13 07:38:44,245 [718812ce-78c6-4ba2-8b7c-2561431a5fe2-groupManagement] INFO  server.RaftServerConfigKeys (ConfUtils.java:logGet(46)) - raft.server.threadpool.client.cached = true (default)
2025-05-13 07:38:44,245 [718812ce-78c6-4ba2-8b7c-2561431a5fe2-groupManagement] INFO  server.RaftServerConfigKeys (ConfUtils.java:logGet(46)) - raft.server.threadpool.client.size = 0 (default)
2025-05-13 07:38:44,246 [718812ce-78c6-4ba2-8b7c-2561431a5fe2-impl-thread1] INFO  server.RaftServerConfigKeys (ConfUtils.java:logGet(46)) - raft.server.storage.free-space.min = 0MB (=0) (default)
2025-05-13 07:38:44,246 [718812ce-78c6-4ba2-8b7c-2561431a5fe2-impl-thread1] INFO  server.RaftServerConfigKeys (ConfUtils.java:logGet(46)) - raft.server.log.corruption.policy = EXCEPTION (default)
2025-05-13 07:38:44,246 [718812ce-78c6-4ba2-8b7c-2561431a5fe2-impl-thread1] INFO  server.RaftServerConfigKeys (ConfUtils.java:logGet(46)) - raft.server.storage.dir = [/tmp/junit-15262155997502508370/scm-meta/scm-ha] (custom)
2025-05-13 07:38:44,246 [718812ce-78c6-4ba2-8b7c-2561431a5fe2-impl-thread1] INFO  storage.RaftStorageDirectory (RaftStorageDirectoryImpl.java:analyzeStorage(138)) - The storage directory /tmp/junit-15262155997502508370/scm-meta/scm-ha/d3b64af1-74b3-4bd6-b0f1-98033947978f does not exist. Creating ...
2025-05-13 07:38:44,247 [718812ce-78c6-4ba2-8b7c-2561431a5fe2-impl-thread1] INFO  storage.RaftStorageDirectory (RaftStorageDirectoryImpl.java:tryLock(229)) - Lock on /tmp/junit-15262155997502508370/scm-meta/scm-ha/d3b64af1-74b3-4bd6-b0f1-98033947978f/in_use.lock acquired by nodename 11778@pkrvmberfyhpb9w
2025-05-13 07:38:44,248 [718812ce-78c6-4ba2-8b7c-2561431a5fe2-impl-thread1] INFO  storage.RaftStorage (RaftStorageImpl.java:format(98)) - Storage directory /tmp/junit-15262155997502508370/scm-meta/scm-ha/d3b64af1-74b3-4bd6-b0f1-98033947978f has been successfully formatted.
2025-05-13 07:38:44,248 [718812ce-78c6-4ba2-8b7c-2561431a5fe2-impl-thread1] INFO  ha.SCMStateMachine (SCMStateMachine.java:lambda$initialize$0(135)) - 718812ce-78c6-4ba2-8b7c-2561431a5fe2: initialize group-98033947978F
2025-05-13 07:38:44,248 [718812ce-78c6-4ba2-8b7c-2561431a5fe2-impl-thread1] INFO  server.RaftServerConfigKeys (ConfUtils.java:logGet(46)) - raft.server.log.use.memory = false (default)
2025-05-13 07:38:44,248 [718812ce-78c6-4ba2-8b7c-2561431a5fe2-impl-thread1] INFO  server.RaftServerConfigKeys (ConfUtils.java:logGet(46)) - raft.server.log.purge.gap = 1000000 (custom)
2025-05-13 07:38:44,248 [718812ce-78c6-4ba2-8b7c-2561431a5fe2-impl-thread1] INFO  server.RaftServerConfigKeys (ConfUtils.java:logGet(46)) - raft.server.log.appender.buffer.byte-limit = 4194304 (custom)
2025-05-13 07:38:44,248 [718812ce-78c6-4ba2-8b7c-2561431a5fe2-impl-thread1] INFO  server.RaftServerConfigKeys (ConfUtils.java:logGet(46)) - raft.server.log.statemachine.data.read.timeout = 1000ms (default)
2025-05-13 07:38:44,248 [718812ce-78c6-4ba2-8b7c-2561431a5fe2-impl-thread1] INFO  server.RaftServerConfigKeys (ConfUtils.java:logGet(46)) - raft.server.log.purge.preservation.log.num = 0 (default)
2025-05-13 07:38:44,250 [718812ce-78c6-4ba2-8b7c-2561431a5fe2-impl-thread1] INFO  server.RaftServerConfigKeys (ConfUtils.java:logGet(46)) - raft.server.log.segment.size.max = 4194304 (custom)
2025-05-13 07:38:44,250 [718812ce-78c6-4ba2-8b7c-2561431a5fe2-impl-thread1] INFO  server.RaftServerConfigKeys (ConfUtils.java:logGet(46)) - raft.server.log.segment.cache.num.max = 2 (custom)
2025-05-13 07:38:44,250 [718812ce-78c6-4ba2-8b7c-2561431a5fe2-impl-thread1] INFO  server.RaftServerConfigKeys (ConfUtils.java:logGet(46)) - raft.server.log.segment.cache.size.max = 200MB (=209715200) (default)
2025-05-13 07:38:44,250 [718812ce-78c6-4ba2-8b7c-2561431a5fe2-impl-thread1] INFO  server.RaftServerConfigKeys (ConfUtils.java:logGet(46)) - raft.server.log.appender.buffer.byte-limit = 4194304 (custom)
2025-05-13 07:38:44,250 [718812ce-78c6-4ba2-8b7c-2561431a5fe2-impl-thread1] INFO  util.AwaitToRun (AwaitToRun.java:start(81)) - Thread[#678,718812ce-78c6-4ba2-8b7c-2561431a5fe2@group-98033947978F-cacheEviction-AwaitToRun,5,main] started
2025-05-13 07:38:44,250 [718812ce-78c6-4ba2-8b7c-2561431a5fe2-impl-thread1] INFO  segmented.SegmentedRaftLogWorker (SegmentedRaftLogWorker.java:<init>(188)) - new 718812ce-78c6-4ba2-8b7c-2561431a5fe2@group-98033947978F-SegmentedRaftLogWorker for RaftStorageImpl:Storage Directory /tmp/junit-15262155997502508370/scm-meta/scm-ha/d3b64af1-74b3-4bd6-b0f1-98033947978f
2025-05-13 07:38:44,250 [718812ce-78c6-4ba2-8b7c-2561431a5fe2-impl-thread1] INFO  server.RaftServerConfigKeys (ConfUtils.java:logGet(46)) - raft.server.log.queue.byte-limit = 64MB (=67108864) (default)
2025-05-13 07:38:44,251 [718812ce-78c6-4ba2-8b7c-2561431a5fe2-impl-thread1] INFO  server.RaftServerConfigKeys (ConfUtils.java:logGet(46)) - raft.server.log.queue.element-limit = 4096 (default)
2025-05-13 07:38:44,251 [718812ce-78c6-4ba2-8b7c-2561431a5fe2-impl-thread1] INFO  server.RaftServerConfigKeys (ConfUtils.java:logGet(46)) - raft.server.log.segment.size.max = 4194304 (custom)
2025-05-13 07:38:44,251 [718812ce-78c6-4ba2-8b7c-2561431a5fe2-impl-thread1] INFO  server.RaftServerConfigKeys (ConfUtils.java:logGet(46)) - raft.server.log.preallocated.size = 4194304 (custom)
2025-05-13 07:38:44,251 [718812ce-78c6-4ba2-8b7c-2561431a5fe2-impl-thread1] INFO  server.RaftServerConfigKeys (ConfUtils.java:logGet(46)) - raft.server.log.force.sync.num = 128 (default)
2025-05-13 07:38:44,251 [718812ce-78c6-4ba2-8b7c-2561431a5fe2-impl-thread1] INFO  server.RaftServerConfigKeys (ConfUtils.java:logGet(46)) - raft.server.log.statemachine.data.sync = true (default)
2025-05-13 07:38:44,251 [718812ce-78c6-4ba2-8b7c-2561431a5fe2-impl-thread1] INFO  server.RaftServerConfigKeys (ConfUtils.java:logGet(46)) - raft.server.log.statemachine.data.sync.timeout = 10s (default)
2025-05-13 07:38:44,251 [718812ce-78c6-4ba2-8b7c-2561431a5fe2-impl-thread1] INFO  server.RaftServerConfigKeys (ConfUtils.java:logGet(46)) - raft.server.log.statemachine.data.sync.timeout.retry = -1 (default)
2025-05-13 07:38:44,251 [718812ce-78c6-4ba2-8b7c-2561431a5fe2-impl-thread1] INFO  server.RaftServerConfigKeys (ConfUtils.java:logGet(46)) - raft.server.log.write.buffer.size = 4194312 (custom)
2025-05-13 07:38:44,253 [718812ce-78c6-4ba2-8b7c-2561431a5fe2-impl-thread1] INFO  server.RaftServerConfigKeys (ConfUtils.java:logGet(46)) - raft.server.log.appender.buffer.byte-limit = 4194304 (custom)
2025-05-13 07:38:44,253 [718812ce-78c6-4ba2-8b7c-2561431a5fe2-impl-thread1] INFO  server.RaftServerConfigKeys (ConfUtils.java:logGet(46)) - raft.server.log.unsafe-flush.enabled = false (default)
2025-05-13 07:38:44,253 [718812ce-78c6-4ba2-8b7c-2561431a5fe2-impl-thread1] INFO  server.RaftServerConfigKeys (ConfUtils.java:logGet(46)) - raft.server.log.async-flush.enabled = false (default)
2025-05-13 07:38:44,253 [718812ce-78c6-4ba2-8b7c-2561431a5fe2-impl-thread1] INFO  server.RaftServerConfigKeys (ConfUtils.java:logGet(46)) - raft.server.log.statemachine.data.caching.enabled = false (default)
2025-05-13 07:38:44,253 [718812ce-78c6-4ba2-8b7c-2561431a5fe2-impl-thread1] INFO  segmented.SegmentedRaftLogWorker (SegmentedRaftLogWorker.java:lambda$new$0(139)) - 718812ce-78c6-4ba2-8b7c-2561431a5fe2@group-98033947978F-SegmentedRaftLogWorker: flushIndex: setUnconditionally 0 -> -1
2025-05-13 07:38:44,253 [718812ce-78c6-4ba2-8b7c-2561431a5fe2-impl-thread1] INFO  segmented.SegmentedRaftLogWorker (SegmentedRaftLogWorker.java:lambda$new$0(139)) - 718812ce-78c6-4ba2-8b7c-2561431a5fe2@group-98033947978F-SegmentedRaftLogWorker: safeCacheEvictIndex: setUnconditionally 0 -> -1
2025-05-13 07:38:44,253 [718812ce-78c6-4ba2-8b7c-2561431a5fe2-impl-thread1] INFO  server.RaftServer$Division (RaftServerImpl.java:start(391)) - 718812ce-78c6-4ba2-8b7c-2561431a5fe2@group-98033947978F: start as a follower, conf=conf: {index: -1, cur=peers:[718812ce-78c6-4ba2-8b7c-2561431a5fe2|pkrvmberfyhpb9w:15018]|listeners:[], old=null}
2025-05-13 07:38:44,253 [718812ce-78c6-4ba2-8b7c-2561431a5fe2-impl-thread1] INFO  server.RaftServer$Division (RaftServerImpl.java:setRole(378)) - 718812ce-78c6-4ba2-8b7c-2561431a5fe2@group-98033947978F: changes role from      null to FOLLOWER at term 0 for startAsFollower
2025-05-13 07:38:44,253 [718812ce-78c6-4ba2-8b7c-2561431a5fe2-impl-thread1] INFO  impl.RoleInfo (RoleInfo.java:updateAndGet(148)) - 718812ce-78c6-4ba2-8b7c-2561431a5fe2: start 718812ce-78c6-4ba2-8b7c-2561431a5fe2@group-98033947978F-FollowerState
2025-05-13 07:38:44,254 [718812ce-78c6-4ba2-8b7c-2561431a5fe2-impl-thread1] INFO  util.JmxRegister (JmxRegister.java:tryRegister(44)) - Successfully registered JMX Bean with object name Ratis:service=RaftServer,group=group-98033947978F,id=718812ce-78c6-4ba2-8b7c-2561431a5fe2
2025-05-13 07:38:44,254 [718812ce-78c6-4ba2-8b7c-2561431a5fe2-impl-thread1] INFO  util.JmxRegister (JmxRegister.java:register(58)) - register mxBean class org.apache.ratis.server.impl.RaftServerJmxAdapter as Ratis:service=RaftServer,group=group-98033947978F,id=718812ce-78c6-4ba2-8b7c-2561431a5fe2
2025-05-13 07:38:44,254 [718812ce-78c6-4ba2-8b7c-2561431a5fe2-impl-thread1] INFO  server.RaftServerConfigKeys (ConfUtils.java:logGet(46)) - raft.server.snapshot.trigger-when-stop.enabled = true (default)
2025-05-13 07:38:44,254 [718812ce-78c6-4ba2-8b7c-2561431a5fe2-impl-thread1] INFO  server.RaftServerConfigKeys (ConfUtils.java:logGet(46)) - raft.server.snapshot.trigger-when-remove.enabled = true (default)
2025-05-13 07:38:44,254 [718812ce-78c6-4ba2-8b7c-2561431a5fe2-impl-thread1] INFO  server.RaftServerConfigKeys (ConfUtils.java:logGet(46)) - raft.server.snapshot.auto.trigger.enabled = true (custom)
2025-05-13 07:38:44,254 [718812ce-78c6-4ba2-8b7c-2561431a5fe2-impl-thread1] INFO  server.RaftServerConfigKeys (ConfUtils.java:logGet(46)) - raft.server.snapshot.auto.trigger.threshold = 1000 (custom)
2025-05-13 07:38:44,254 [718812ce-78c6-4ba2-8b7c-2561431a5fe2-impl-thread1] INFO  server.RaftServerConfigKeys (ConfUtils.java:logGet(46)) - raft.server.snapshot.retention.file.num = -1 (default)
2025-05-13 07:38:44,254 [718812ce-78c6-4ba2-8b7c-2561431a5fe2-impl-thread1] INFO  server.RaftServerConfigKeys (ConfUtils.java:logGet(46)) - raft.server.log.purge.upto.snapshot.index = false (default)
2025-05-13 07:38:44,254 [718812ce-78c6-4ba2-8b7c-2561431a5fe2@group-98033947978F-FollowerState] INFO  server.RaftServerConfigKeys (ConfUtils.java:logFallback(53)) - raft.server.rpc.first-election.timeout.min = 5000ms (fallback to raft.server.rpc.timeout.min)
2025-05-13 07:38:44,255 [718812ce-78c6-4ba2-8b7c-2561431a5fe2@group-98033947978F-FollowerState] INFO  server.RaftServerConfigKeys (ConfUtils.java:logFallback(53)) - raft.server.rpc.first-election.timeout.max = 5200ms (fallback to raft.server.rpc.timeout.max)
2025-05-13 07:38:44,255 [718812ce-78c6-4ba2-8b7c-2561431a5fe2-impl-thread1] INFO  server.RaftServer$Division (RaftServerImpl.java:start(405)) - 718812ce-78c6-4ba2-8b7c-2561431a5fe2@group-98033947978F: Successfully started.
2025-05-13 07:38:44,255 [main] INFO  server.RaftServer (RaftServerProxy.java:startImpl(407)) - 718812ce-78c6-4ba2-8b7c-2561431a5fe2: start RPC server
2025-05-13 07:38:44,256 [main] INFO  server.GrpcService (GrpcService.java:startImpl(334)) - 718812ce-78c6-4ba2-8b7c-2561431a5fe2: GrpcService started, listening on 15018
2025-05-13 07:38:44,257 [JvmPauseMonitor4] INFO  util.JvmPauseMonitor (JvmPauseMonitor.java:run(146)) - JvmPauseMonitor-718812ce-78c6-4ba2-8b7c-2561431a5fe2: Started
2025-05-13 07:38:49,396 [718812ce-78c6-4ba2-8b7c-2561431a5fe2@group-98033947978F-FollowerState] INFO  impl.FollowerState (FollowerState.java:runImpl(161)) - 718812ce-78c6-4ba2-8b7c-2561431a5fe2@group-98033947978F-FollowerState: change to CANDIDATE, lastRpcElapsedTime:5142960892ns, electionTimeout:5141ms
2025-05-13 07:38:49,397 [718812ce-78c6-4ba2-8b7c-2561431a5fe2@group-98033947978F-FollowerState] INFO  impl.RoleInfo (RoleInfo.java:shutdownFollowerState(121)) - 718812ce-78c6-4ba2-8b7c-2561431a5fe2: shutdown 718812ce-78c6-4ba2-8b7c-2561431a5fe2@group-98033947978F-FollowerState
2025-05-13 07:38:49,397 [718812ce-78c6-4ba2-8b7c-2561431a5fe2@group-98033947978F-FollowerState] INFO  server.RaftServer$Division (RaftServerImpl.java:setRole(378)) - 718812ce-78c6-4ba2-8b7c-2561431a5fe2@group-98033947978F: changes role from  FOLLOWER to CANDIDATE at term 0 for changeToCandidate
2025-05-13 07:38:49,397 [718812ce-78c6-4ba2-8b7c-2561431a5fe2@group-98033947978F-FollowerState] INFO  server.RaftServerConfigKeys (ConfUtils.java:logGet(46)) - raft.server.leaderelection.pre-vote = true (default)
2025-05-13 07:38:49,397 [718812ce-78c6-4ba2-8b7c-2561431a5fe2@group-98033947978F-FollowerState] INFO  impl.RoleInfo (RoleInfo.java:updateAndGet(148)) - 718812ce-78c6-4ba2-8b7c-2561431a5fe2: start 718812ce-78c6-4ba2-8b7c-2561431a5fe2@group-98033947978F-LeaderElection3
2025-05-13 07:38:49,397 [718812ce-78c6-4ba2-8b7c-2561431a5fe2@group-98033947978F-LeaderElection3] INFO  impl.LeaderElection (LeaderElection.java:askForVotes(332)) - 718812ce-78c6-4ba2-8b7c-2561431a5fe2@group-98033947978F-LeaderElection3 PRE_VOTE round 0: submit vote requests at term 0 for conf: {index: -1, cur=peers:[718812ce-78c6-4ba2-8b7c-2561431a5fe2|pkrvmberfyhpb9w:15018]|listeners:[], old=null}
2025-05-13 07:38:49,398 [718812ce-78c6-4ba2-8b7c-2561431a5fe2@group-98033947978F-LeaderElection3] INFO  impl.LeaderElection (LeaderElection.java:askForVotes(334)) - 718812ce-78c6-4ba2-8b7c-2561431a5fe2@group-98033947978F-LeaderElection3 PRE_VOTE round 0: result PASSED (term=0)
2025-05-13 07:38:49,399 [718812ce-78c6-4ba2-8b7c-2561431a5fe2@group-98033947978F-LeaderElection3] INFO  impl.LeaderElection (LeaderElection.java:askForVotes(332)) - 718812ce-78c6-4ba2-8b7c-2561431a5fe2@group-98033947978F-LeaderElection3 ELECTION round 0: submit vote requests at term 1 for conf: {index: -1, cur=peers:[718812ce-78c6-4ba2-8b7c-2561431a5fe2|pkrvmberfyhpb9w:15018]|listeners:[], old=null}
2025-05-13 07:38:49,399 [718812ce-78c6-4ba2-8b7c-2561431a5fe2@group-98033947978F-LeaderElection3] INFO  impl.LeaderElection (LeaderElection.java:askForVotes(334)) - 718812ce-78c6-4ba2-8b7c-2561431a5fe2@group-98033947978F-LeaderElection3 ELECTION round 0: result PASSED (term=1)
2025-05-13 07:38:49,399 [718812ce-78c6-4ba2-8b7c-2561431a5fe2@group-98033947978F-LeaderElection3] INFO  impl.RoleInfo (RoleInfo.java:shutdownLeaderElection(141)) - 718812ce-78c6-4ba2-8b7c-2561431a5fe2: shutdown 718812ce-78c6-4ba2-8b7c-2561431a5fe2@group-98033947978F-LeaderElection3
2025-05-13 07:38:49,399 [718812ce-78c6-4ba2-8b7c-2561431a5fe2@group-98033947978F-LeaderElection3] INFO  server.RaftServer$Division (RaftServerImpl.java:setRole(378)) - 718812ce-78c6-4ba2-8b7c-2561431a5fe2@group-98033947978F: changes role from CANDIDATE to LEADER at term 1 for changeToLeader
2025-05-13 07:38:49,399 [718812ce-78c6-4ba2-8b7c-2561431a5fe2@group-98033947978F-LeaderElection3] INFO  server.RaftServerConfigKeys (ConfUtils.java:logGet(46)) - raft.server.staging.catchup.gap = 1000 (default)
2025-05-13 07:38:49,400 [718812ce-78c6-4ba2-8b7c-2561431a5fe2@group-98033947978F-LeaderElection3] INFO  server.RaftServerConfigKeys (ConfUtils.java:logGet(46)) - raft.server.write.element-limit = 4096 (default)
2025-05-13 07:38:49,400 [718812ce-78c6-4ba2-8b7c-2561431a5fe2@group-98033947978F-LeaderElection3] INFO  server.RaftServerConfigKeys (ConfUtils.java:logGet(46)) - raft.server.write.byte-limit = 64MB (=67108864) (default)
2025-05-13 07:38:49,400 [718812ce-78c6-4ba2-8b7c-2561431a5fe2@group-98033947978F-LeaderElection3] INFO  server.RaftServerConfigKeys (ConfUtils.java:logGet(46)) - raft.server.watch.timeout = 10s (default)
2025-05-13 07:38:49,400 [718812ce-78c6-4ba2-8b7c-2561431a5fe2@group-98033947978F-LeaderElection3] INFO  server.RaftServerConfigKeys (ConfUtils.java:logGet(46)) - raft.server.watch.timeout.denomination = 1s (default)
2025-05-13 07:38:49,400 [718812ce-78c6-4ba2-8b7c-2561431a5fe2@group-98033947978F-LeaderElection3] INFO  server.RaftServerConfigKeys (ConfUtils.java:logGet(46)) - raft.server.watch.element-limit = 65536 (default)
2025-05-13 07:38:49,400 [718812ce-78c6-4ba2-8b7c-2561431a5fe2@group-98033947978F-LeaderElection3] INFO  server.RaftServerConfigKeys (ConfUtils.java:logGet(46)) - raft.server.read.leader.lease.enabled = false (default)
2025-05-13 07:38:49,400 [718812ce-78c6-4ba2-8b7c-2561431a5fe2@group-98033947978F-LeaderElection3] INFO  server.RaftServerConfigKeys (ConfUtils.java:logGet(46)) - raft.server.read.leader.lease.timeout.ratio = 0.9 (default)
2025-05-13 07:38:49,400 [718812ce-78c6-4ba2-8b7c-2561431a5fe2@group-98033947978F-LeaderElection3] INFO  server.RaftServerConfigKeys (ConfUtils.java:logGet(46)) - raft.server.rpc.timeout.min = 5000ms (custom)
2025-05-13 07:38:49,400 [718812ce-78c6-4ba2-8b7c-2561431a5fe2@group-98033947978F-LeaderElection3] INFO  server.RaftServerConfigKeys (ConfUtils.java:logGet(46)) - raft.server.log.log-metadata.enabled = true (default)
2025-05-13 07:38:49,401 [718812ce-78c6-4ba2-8b7c-2561431a5fe2@group-98033947978F-LeaderElection3] INFO  server.RaftServerConfigKeys (ConfUtils.java:logGet(46)) - raft.server.write.element-limit = 4096 (default)
2025-05-13 07:38:49,401 [718812ce-78c6-4ba2-8b7c-2561431a5fe2@group-98033947978F-LeaderElection3] INFO  server.RaftServerConfigKeys (ConfUtils.java:logGet(46)) - raft.server.write.follower.gap.ratio.max = -1.0 (default)
2025-05-13 07:38:49,401 [718812ce-78c6-4ba2-8b7c-2561431a5fe2@group-98033947978F-LeaderElection3] INFO  impl.RoleInfo (RoleInfo.java:updateAndGet(148)) - 718812ce-78c6-4ba2-8b7c-2561431a5fe2: start 718812ce-78c6-4ba2-8b7c-2561431a5fe2@group-98033947978F-LeaderStateImpl
2025-05-13 07:38:49,401 [718812ce-78c6-4ba2-8b7c-2561431a5fe2@group-98033947978F-LeaderElection3] INFO  server.RaftServer$Division (RaftServerImpl.java:setFirstElection(562)) - 718812ce-78c6-4ba2-8b7c-2561431a5fe2@group-98033947978F: set firstElectionSinceStartup to false for becomeLeader
2025-05-13 07:38:49,401 [718812ce-78c6-4ba2-8b7c-2561431a5fe2@group-98033947978F-LeaderElection3] INFO  server.RaftServer$Division (ServerState.java:setLeader(272)) - 718812ce-78c6-4ba2-8b7c-2561431a5fe2@group-98033947978F: change Leader from null to 718812ce-78c6-4ba2-8b7c-2561431a5fe2 at term 1 for becomeLeader, leader elected after 5159ms
2025-05-13 07:38:49,401 [718812ce-78c6-4ba2-8b7c-2561431a5fe2@group-98033947978F-LeaderElection3] INFO  segmented.SegmentedRaftLogWorker (SegmentedRaftLogWorker.java:startLogSegment(438)) - 718812ce-78c6-4ba2-8b7c-2561431a5fe2@group-98033947978F-SegmentedRaftLogWorker: Starting segment from index:0
2025-05-13 07:38:49,401 [718812ce-78c6-4ba2-8b7c-2561431a5fe2@group-98033947978F-LeaderElection3] INFO  server.RaftServer$Division (ServerState.java:setRaftConf(386)) - 718812ce-78c6-4ba2-8b7c-2561431a5fe2@group-98033947978F: set configuration conf: {index: 0, cur=peers:[718812ce-78c6-4ba2-8b7c-2561431a5fe2|pkrvmberfyhpb9w:15018]|listeners:[], old=null}
2025-05-13 07:38:49,401 [718812ce-78c6-4ba2-8b7c-2561431a5fe2@group-98033947978F-SegmentedRaftLogWorker] INFO  segmented.BufferedWriteChannel (BufferedWriteChannel.java:open(61)) - open log_inprogress_0 at position 0
2025-05-13 07:38:49,408 [718812ce-78c6-4ba2-8b7c-2561431a5fe2@group-98033947978F-SegmentedRaftLogWorker] INFO  segmented.SegmentedRaftLogWorker (SegmentedRaftLogWorker.java:execute(644)) - 718812ce-78c6-4ba2-8b7c-2561431a5fe2@group-98033947978F-SegmentedRaftLogWorker: created new log segment /tmp/junit-15262155997502508370/scm-meta/scm-ha/d3b64af1-74b3-4bd6-b0f1-98033947978f/current/log_inprogress_0
2025-05-13 07:38:49,409 [718812ce-78c6-4ba2-8b7c-2561431a5fe2@group-98033947978F-StateMachineUpdater] INFO  server.RaftServer$Division (LeaderStateImpl.java:checkStartIndex(313)) - Leader 718812ce-78c6-4ba2-8b7c-2561431a5fe2@group-98033947978F-LeaderStateImpl is ready since appliedIndex == startIndex == 0
2025-05-13 07:38:50,257 [main] INFO  server.RaftServer (RaftServerProxy.java:lambda$close$9(417)) - 718812ce-78c6-4ba2-8b7c-2561431a5fe2: close
2025-05-13 07:38:50,257 [main] INFO  server.GrpcService (GrpcService.java:closeImpl(343)) - 718812ce-78c6-4ba2-8b7c-2561431a5fe2: shutdown server GrpcServerProtocolService now
2025-05-13 07:38:50,257 [718812ce-78c6-4ba2-8b7c-2561431a5fe2-impl-thread1] INFO  server.RaftServer$Division (RaftServerImpl.java:lambda$close$1(513)) - 718812ce-78c6-4ba2-8b7c-2561431a5fe2@group-98033947978F: shutdown
2025-05-13 07:38:50,258 [718812ce-78c6-4ba2-8b7c-2561431a5fe2-impl-thread1] INFO  util.JmxRegister (JmxRegister.java:unregister(74)) - Successfully un-registered JMX Bean with object name Ratis:service=RaftServer,group=group-98033947978F,id=718812ce-78c6-4ba2-8b7c-2561431a5fe2
2025-05-13 07:38:50,258 [718812ce-78c6-4ba2-8b7c-2561431a5fe2-impl-thread1] INFO  impl.RoleInfo (RoleInfo.java:shutdownLeaderState(103)) - 718812ce-78c6-4ba2-8b7c-2561431a5fe2: shutdown 718812ce-78c6-4ba2-8b7c-2561431a5fe2@group-98033947978F-LeaderStateImpl
2025-05-13 07:38:50,258 [718812ce-78c6-4ba2-8b7c-2561431a5fe2-impl-thread1] INFO  impl.PendingRequests (PendingRequests.java:sendNotLeaderResponses(287)) - 718812ce-78c6-4ba2-8b7c-2561431a5fe2@group-98033947978F-PendingRequests: sendNotLeaderResponses
2025-05-13 07:38:50,258 [718812ce-78c6-4ba2-8b7c-2561431a5fe2-impl-thread1] INFO  impl.StateMachineUpdater (StateMachineUpdater.java:stopAndJoin(164)) - 718812ce-78c6-4ba2-8b7c-2561431a5fe2@group-98033947978F-StateMachineUpdater: set stopIndex = 0
2025-05-13 07:38:50,259 [718812ce-78c6-4ba2-8b7c-2561431a5fe2@group-98033947978F-StateMachineUpdater] INFO  impl.StateMachineUpdater (StateMachineUpdater.java:takeSnapshot(303)) - 718812ce-78c6-4ba2-8b7c-2561431a5fe2@group-98033947978F-StateMachineUpdater: Took a snapshot at index 0
2025-05-13 07:38:50,259 [718812ce-78c6-4ba2-8b7c-2561431a5fe2@group-98033947978F-StateMachineUpdater] INFO  impl.StateMachineUpdater (StateMachineUpdater.java:lambda$new$0(102)) - 718812ce-78c6-4ba2-8b7c-2561431a5fe2@group-98033947978F-StateMachineUpdater: snapshotIndex: updateIncreasingly -1 -> 0
2025-05-13 07:38:50,259 [main] INFO  server.GrpcService (GrpcService.java:closeImpl(352)) - 718812ce-78c6-4ba2-8b7c-2561431a5fe2: shutdown server GrpcServerProtocolService successfully
2025-05-13 07:38:50,259 [718812ce-78c6-4ba2-8b7c-2561431a5fe2@group-98033947978F-StateMachineUpdater] INFO  impl.StateMachineUpdater (StateMachineUpdater.java:stop(141)) - 718812ce-78c6-4ba2-8b7c-2561431a5fe2@group-98033947978F-StateMachineUpdater: closing SCMStateMachine, lastApplied=(t:1, i:0)
2025-05-13 07:38:50,259 [718812ce-78c6-4ba2-8b7c-2561431a5fe2@group-98033947978F-cacheEviction-AwaitToRun] INFO  util.AwaitToRun (AwaitToRun.java:run(49)) - 718812ce-78c6-4ba2-8b7c-2561431a5fe2@group-98033947978F-cacheEviction-AwaitToRun-AwaitForSignal is interrupted
2025-05-13 07:38:50,410 [718812ce-78c6-4ba2-8b7c-2561431a5fe2-impl-thread1] INFO  segmented.SegmentedRaftLogWorker (SegmentedRaftLogWorker.java:close(252)) - 718812ce-78c6-4ba2-8b7c-2561431a5fe2@group-98033947978F-SegmentedRaftLogWorker close()
2025-05-13 07:38:50,410 [JvmPauseMonitor4] INFO  util.JvmPauseMonitor (JvmPauseMonitor.java:run(152)) - JvmPauseMonitor-718812ce-78c6-4ba2-8b7c-2561431a5fe2: Stopped
2025-05-13 07:38:50,410 [main] WARN  server.ServerUtils (ServerUtils.java:getScmDbDir(138)) - ozone.scm.db.dirs is not configured. We recommend adding this setting. Falling back to ozone.metadata.dirs instead.
2025-05-13 07:38:50,411 [main] INFO  ha.SCMHANodeDetails (SCMHANodeDetails.java:loadSCMHAConfig(162)) - ServiceID for StorageContainerManager is null
2025-05-13 07:38:50,411 [main] INFO  ha.SCMHANodeDetails (SCMHANodeDetails.java:loadSCMHAConfig(166)) - ozone.scm.default.service.id is not defined, falling back to ozone.scm.service.ids to find serviceID for StorageContainerManager if it is HA enabled cluster
2025-05-13 07:38:50,418 [pool-130-thread-1] INFO  request.KdcRequest (KdcRequest.java:preauth(683)) - The preauth data is empty.
2025-05-13 07:38:50,418 [pool-130-thread-1] INFO  server.KdcHandler (KdcHandler.java:handleRecoverableException(177)) - KRB error occurred while processing request: Additional pre-authentication required
2025-05-13 07:38:50,421 [pool-130-thread-1] INFO  request.AsRequest (AsRequest.java:issueTicket(112)) - AS_REQ ISSUE: authtime 1747121930421,om/pkrvmberfyhpb9w.internal.cloudapp.net@EXAMPLE.COM for krbtgt/EXAMPLE.COM@EXAMPLE.COM
2025-05-13 07:38:50,423 [main] INFO  security.UserGroupInformation (UserGroupInformation.java:loginUserFromKeytab(1143)) - Login successful for user om/pkrvmberfyhpb9w.internal.cloudapp.net@EXAMPLE.COM using keytab file om.keytab. Keytab auto renewal enabled : false
2025-05-13 07:38:50,423 [main] INFO  server.StorageContainerManager (StorageContainerManager.java:loginAsSCMUserIfSecurityEnabled(1062)) - SCM login successful.
2025-05-13 07:38:50,425 [main] INFO  proxy.SCMSecurityProtocolFailoverProxyProvider (SCMFailoverProxyProviderBase.java:<init>(120)) - Created fail-over proxy for protocol SCMSecurityProtocolPB with 1 nodes: [nodeId=scmNodeId,nodeAddress=localhost/127.0.0.1:15017]
2025-05-13 07:38:50,425 [main] INFO  client.SCMCertificateClient (DefaultCertificateClient.java:updateCertSerialId(1289)) - Certificate serial ID set to 2
2025-05-13 07:38:50,427 [main] INFO  client.SCMCertificateClient (DefaultCertificateClient.java:readCertificateFile(247)) - Added certificate 2 from file: /tmp/junit-15262155997502508370/scm-meta/scm/sub-ca/certs/2.crt.
2025-05-13 07:38:50,428 [main] INFO  client.SCMCertificateClient (DefaultCertificateClient.java:readCertificateFile(247)) - Added certificate 1 from file: /tmp/junit-15262155997502508370/scm-meta/scm/sub-ca/certs/CA-1.crt.
2025-05-13 07:38:50,429 [main] INFO  client.SCMCertificateClient (DefaultCertificateClient.java:readCertificateFile(247)) - Added certificate 2 from file: /tmp/junit-15262155997502508370/scm-meta/scm/sub-ca/certs/certificate.crt.
2025-05-13 07:38:50,429 [main] INFO  client.SCMCertificateClient (DefaultCertificateClient.java:loadAllCertificates(196)) - CertificateRenewerService and root ca rotation polling is disabled for scm/sub-ca
2025-05-13 07:38:50,429 [main] WARN  utils.HAUtils (HAUtils.java:getMetaDir(311)) - ozone.scm.db.dirs is not configured. We recommend adding this setting. Falling back to ozone.metadata.dirs instead.
2025-05-13 07:38:50,438 [main] WARN  db.DBStoreBuilder (DBStoreBuilder.java:getDBDirPath(160)) - ozone.scm.db.dirs is not configured. We recommend adding this setting. Falling back to ozone.metadata.dirs instead.
2025-05-13 07:38:50,490 [main] INFO  net.NodeSchemaLoader (NodeSchemaLoader.java:loadSchemaFromFile(128)) - Loading schema from [jar:file:/home/runner/work/ozone/ozone/hadoop-hdds/common/target/hdds-common-2.1.0-SNAPSHOT.jar!/network-topology-default.xml]
2025-05-13 07:38:50,490 [main] INFO  net.NodeSchemaLoader (NodeSchemaLoader.java:loadSchema(175)) - Loading network topology layer schema file
2025-05-13 07:38:50,508 [main] INFO  ha.SCMRatisServerImpl (SCMRatisServerImpl.java:<init>(100)) - starting Raft server for scm:718812ce-78c6-4ba2-8b7c-2561431a5fe2
2025-05-13 07:38:50,509 [main] INFO  server.RaftServerConfigKeys (ConfUtils.java:logGet(46)) - raft.server.log.appender.buffer.byte-limit = 4194304 (custom)
2025-05-13 07:38:50,510 [main] INFO  server.RaftServer (ConfUtils.java:logGet(46)) - raft.rpc.type = GRPC (default)
2025-05-13 07:38:50,510 [main] INFO  grpc.GrpcConfigKeys (ConfUtils.java:logFallback(53)) - raft.grpc.admin.host = null (fallback to raft.grpc.server.host)
2025-05-13 07:38:50,510 [main] INFO  grpc.GrpcConfigKeys (ConfUtils.java:logFallback(53)) - raft.grpc.admin.port = 15018 (fallback to raft.grpc.server.port)
2025-05-13 07:38:50,510 [main] INFO  grpc.GrpcConfigKeys (ConfUtils.java:logFallback(53)) - raft.grpc.client.host = null (fallback to raft.grpc.server.host)
2025-05-13 07:38:50,511 [main] INFO  grpc.GrpcConfigKeys (ConfUtils.java:logFallback(53)) - raft.grpc.client.port = 15018 (fallback to raft.grpc.server.port)
2025-05-13 07:38:50,511 [main] INFO  grpc.GrpcConfigKeys (ConfUtils.java:logGet(46)) - raft.grpc.server.host = null (default)
2025-05-13 07:38:50,511 [main] INFO  grpc.GrpcConfigKeys (ConfUtils.java:logGet(46)) - raft.grpc.server.port = 15018 (custom)
2025-05-13 07:38:50,511 [main] INFO  server.GrpcService (ConfUtils.java:logGet(46)) - raft.grpc.message.size.max = 5242880 (custom)
2025-05-13 07:38:50,511 [main] INFO  server.GrpcService (ConfUtils.java:logGet(46)) - raft.grpc.flow.control.window = 1MB (=1048576) (default)
2025-05-13 07:38:50,511 [main] INFO  server.RaftServerConfigKeys (ConfUtils.java:logGet(46)) - raft.server.rpc.request.timeout = 30000ms (custom)
2025-05-13 07:38:50,511 [main] INFO  grpc.GrpcConfigKeys (ConfUtils.java:logGet(46)) - raft.grpc.server.heartbeat.channel = true (default)
2025-05-13 07:38:50,511 [main] INFO  server.RaftServerConfigKeys (ConfUtils.java:logGet(46)) - raft.server.log.appender.buffer.byte-limit = 4194304 (custom)
2025-05-13 07:38:50,511 [main] INFO  grpc.GrpcConfigKeys (ConfUtils.java:logGet(46)) - raft.grpc.server.async.request.thread.pool.cached = true (default)
2025-05-13 07:38:50,512 [main] INFO  grpc.GrpcConfigKeys (ConfUtils.java:logGet(46)) - raft.grpc.server.async.request.thread.pool.size = 32 (default)
2025-05-13 07:38:50,513 [main] INFO  impl.DataStreamServerImpl (ConfUtils.java:logGet(46)) - raft.datastream.type = DISABLED (default)
2025-05-13 07:38:50,513 [main] INFO  server.RaftServerConfigKeys (ConfUtils.java:logGet(46)) - raft.server.sleep.deviation.threshold = 300ms (default)
2025-05-13 07:38:50,513 [main] INFO  server.RaftServerConfigKeys (ConfUtils.java:logGet(46)) - raft.server.close.threshold = 60s (default)
2025-05-13 07:38:50,513 [main] INFO  server.RaftServerConfigKeys (ConfUtils.java:logGet(46)) - raft.server.leaderelection.leader.step-down.wait-time = 10s (default)
2025-05-13 07:38:50,513 [main] INFO  server.RaftServerConfigKeys (ConfUtils.java:logGet(46)) - raft.server.storage.dir = [/tmp/junit-15262155997502508370/scm-meta/scm-ha] (custom)
2025-05-13 07:38:50,513 [main] INFO  server.RaftServerConfigKeys (ConfUtils.java:logGet(46)) - raft.server.threadpool.proxy.cached = true (default)
2025-05-13 07:38:50,513 [main] INFO  server.RaftServerConfigKeys (ConfUtils.java:logGet(46)) - raft.server.threadpool.proxy.size = 0 (default)
2025-05-13 07:38:50,514 [718812ce-78c6-4ba2-8b7c-2561431a5fe2-impl-thread1] INFO  server.RaftServer (RaftServerProxy.java:initGroupDir(265)) - 718812ce-78c6-4ba2-8b7c-2561431a5fe2: found a subdirectory /tmp/junit-15262155997502508370/scm-meta/scm-ha/d3b64af1-74b3-4bd6-b0f1-98033947978f
2025-05-13 07:38:50,514 [main] INFO  server.RaftServer (RaftServerProxy.java:addNew(100)) - 718812ce-78c6-4ba2-8b7c-2561431a5fe2: addNew group-98033947978F:[] returns group-98033947978F:java.util.concurrent.CompletableFuture@7d30304f[Not completed]
2025-05-13 07:38:50,515 [718812ce-78c6-4ba2-8b7c-2561431a5fe2-groupManagement] INFO  server.RaftServer$Division (RaftServerImpl.java:<init>(255)) - 718812ce-78c6-4ba2-8b7c-2561431a5fe2: new RaftServerImpl for group-98033947978F:[] with SCMStateMachine:uninitialized
2025-05-13 07:38:50,515 [718812ce-78c6-4ba2-8b7c-2561431a5fe2-groupManagement] INFO  server.RaftServerConfigKeys (ConfUtils.java:logGet(46)) - raft.server.rpc.timeout.min = 5000ms (custom)
2025-05-13 07:38:50,515 [718812ce-78c6-4ba2-8b7c-2561431a5fe2-groupManagement] INFO  server.RaftServerConfigKeys (ConfUtils.java:logGet(46)) - raft.server.rpc.timeout.max = 5200ms (custom)
2025-05-13 07:38:50,515 [718812ce-78c6-4ba2-8b7c-2561431a5fe2-groupManagement] INFO  server.RaftServerConfigKeys (ConfUtils.java:logGet(46)) - raft.server.rpc.sleep.time = 25ms (default)
2025-05-13 07:38:50,515 [718812ce-78c6-4ba2-8b7c-2561431a5fe2-groupManagement] INFO  server.RaftServerConfigKeys (ConfUtils.java:logGet(46)) - raft.server.rpc.slowness.timeout = 120000ms (custom)
2025-05-13 07:38:50,515 [718812ce-78c6-4ba2-8b7c-2561431a5fe2-groupManagement] INFO  server.RaftServerConfigKeys (ConfUtils.java:logGet(46)) - raft.server.leaderelection.leader.step-down.wait-time = 10s (default)
2025-05-13 07:38:50,515 [718812ce-78c6-4ba2-8b7c-2561431a5fe2-groupManagement] INFO  server.RaftServerConfigKeys (ConfUtils.java:logGet(46)) - raft.server.leaderelection.member.majority-add = false (default)
2025-05-13 07:38:50,515 [718812ce-78c6-4ba2-8b7c-2561431a5fe2-groupManagement] INFO  server.RaftServerConfigKeys (ConfUtils.java:logGet(46)) - raft.server.sleep.deviation.threshold = 300ms (default)
2025-05-13 07:38:50,515 [718812ce-78c6-4ba2-8b7c-2561431a5fe2-groupManagement] INFO  server.RaftServer$Division (ServerState.java:<init>(114)) - 718812ce-78c6-4ba2-8b7c-2561431a5fe2@group-98033947978F: ConfigurationManager, init=conf: {index: -1, cur=peers:[]|listeners:[], old=null}, confs=<EMPTY_MAP>
2025-05-13 07:38:50,515 [718812ce-78c6-4ba2-8b7c-2561431a5fe2-groupManagement] INFO  server.RaftServerConfigKeys (ConfUtils.java:logGet(46)) - raft.server.notification.no-leader.timeout = 60s (default)
2025-05-13 07:38:50,515 [718812ce-78c6-4ba2-8b7c-2561431a5fe2-groupManagement] INFO  server.RaftServerConfigKeys (ConfUtils.java:logGet(46)) - raft.server.read.timeout = 10s (default)
2025-05-13 07:38:50,515 [718812ce-78c6-4ba2-8b7c-2561431a5fe2-groupManagement] INFO  server.RaftServerConfigKeys (ConfUtils.java:logGet(46)) - raft.server.retrycache.expirytime = 60000ms (default)
2025-05-13 07:38:50,515 [718812ce-78c6-4ba2-8b7c-2561431a5fe2-groupManagement] INFO  server.RaftServerConfigKeys (ConfUtils.java:logGet(46)) - raft.server.retrycache.statistics.expirytime = 100ms (default)
2025-05-13 07:38:50,516 [718812ce-78c6-4ba2-8b7c-2561431a5fe2-groupManagement] INFO  server.RaftServerConfigKeys (ConfUtils.java:logGet(46)) - raft.server.read.option = DEFAULT (default)
2025-05-13 07:38:50,516 [718812ce-78c6-4ba2-8b7c-2561431a5fe2-groupManagement] INFO  server.RaftServerConfigKeys (ConfUtils.java:logGet(46)) - raft.server.read.read-after-write-consistent.write-index-cache.expiry-time = 60s (default)
2025-05-13 07:38:50,518 [718812ce-78c6-4ba2-8b7c-2561431a5fe2-groupManagement] INFO  server.RaftServerConfigKeys (ConfUtils.java:logGet(46)) - raft.server.rpc.request.timeout = 30000ms (custom)
2025-05-13 07:38:50,518 [718812ce-78c6-4ba2-8b7c-2561431a5fe2-groupManagement] INFO  server.RaftServerConfigKeys (ConfUtils.java:logGet(46)) - raft.server.log.appender.install.snapshot.enabled = false (custom)
2025-05-13 07:38:50,518 [718812ce-78c6-4ba2-8b7c-2561431a5fe2-groupManagement] INFO  server.RaftServerConfigKeys (ConfUtils.java:logGet(46)) - raft.server.threadpool.server.cached = true (default)
2025-05-13 07:38:50,519 [718812ce-78c6-4ba2-8b7c-2561431a5fe2-groupManagement] INFO  server.RaftServerConfigKeys (ConfUtils.java:logGet(46)) - raft.server.threadpool.server.size = 0 (default)
2025-05-13 07:38:50,519 [718812ce-78c6-4ba2-8b7c-2561431a5fe2-groupManagement] INFO  server.RaftServerConfigKeys (ConfUtils.java:logGet(46)) - raft.server.threadpool.client.cached = true (default)
2025-05-13 07:38:50,519 [718812ce-78c6-4ba2-8b7c-2561431a5fe2-groupManagement] INFO  server.RaftServerConfigKeys (ConfUtils.java:logGet(46)) - raft.server.threadpool.client.size = 0 (default)
2025-05-13 07:38:50,519 [main] INFO  ha.SCMSnapshotProvider (SCMSnapshotProvider.java:<init>(61)) - Initializing SCM Snapshot Provider
2025-05-13 07:38:50,519 [main] WARN  server.ServerUtils (ServerUtils.java:getDefaultRatisDirectory(304)) - Storage directory for Ratis is not configured. It is a good idea to map this to an SSD disk. Falling back to ozone.metadata.dirs
2025-05-13 07:38:50,519 [main] WARN  ha.SCMHAUtils (SCMHAUtils.java:getSCMRatisSnapshotDirectory(120)) - SCM snapshot dir is not configured. Falling back to ozone.metadata.dirs config
2025-05-13 07:38:50,520 [main] INFO  upgrade.AbstractLayoutVersionManager (AbstractLayoutVersionManager.java:init(80)) - Initializing Layout version manager with metadata layout = HBASE_SUPPORT (version = 8), software layout = HBASE_SUPPORT (version = 8)
2025-05-13 07:38:50,522 [main] INFO  ha.SequenceIdGenerator (SequenceIdGenerator.java:upgradeToSequenceId(355)) - upgrade localId to 115816896921600000
2025-05-13 07:38:50,523 [main] INFO  ha.SequenceIdGenerator (SequenceIdGenerator.java:upgradeToSequenceId(365)) - upgrade delTxnId to 0
2025-05-13 07:38:50,524 [main] INFO  ha.SequenceIdGenerator (SequenceIdGenerator.java:upgradeToSequenceId(382)) - upgrade containerId to 0
2025-05-13 07:38:50,525 [main] INFO  ha.SequenceIdGenerator (SequenceIdGenerator.java:upgradeToCertificateSequenceId(419)) - upgrade CertificateId to 2
2025-05-13 07:38:50,525 [main] INFO  ha.SequenceIdGenerator (SequenceIdGenerator.java:<init>(232)) - Init the HA SequenceIdGenerator.
2025-05-13 07:38:50,526 [main] WARN  server.ServerUtils (ServerUtils.java:sanitizeUserArgs(76)) - ozone.scm.stale.node.interval value = 300000 is larger than max = 100000 based on the key value of ozone.scm.heartbeat.thread.interval, reset to the max value 100000.
2025-05-13 07:38:50,526 [main] WARN  server.ServerUtils (ServerUtils.java:sanitizeUserArgs(76)) - ozone.scm.stale.node.interval value = 300000 is larger than max = 100000 based on the key value of ozone.scm.heartbeat.thread.interval, reset to the max value 100000.
2025-05-13 07:38:50,526 [main] INFO  node.SCMNodeManager (SCMNodeManager.java:<init>(182)) - Entering startup safe mode.
2025-05-13 07:38:50,527 [main] INFO  algorithms.ContainerPlacementPolicyFactory (ContainerPlacementPolicyFactory.java:getPolicyInternal(84)) - Create container placement policy of type org.apache.hadoop.hdds.scm.container.placement.algorithms.SCMContainerPlacementRackAware
2025-05-13 07:38:50,527 [main] INFO  algorithms.ContainerPlacementPolicyFactory (ContainerPlacementPolicyFactory.java:getPolicyInternal(84)) - Create container placement policy of type org.apache.hadoop.hdds.scm.container.placement.algorithms.SCMContainerPlacementRackScatter
2025-05-13 07:38:50,527 [main] INFO  pipeline.PipelineStateManagerImpl (PipelineStateManagerImpl.java:initialize(75)) - No pipeline exists in current db
2025-05-13 07:38:50,527 [main] INFO  algorithms.LeaderChoosePolicyFactory (LeaderChoosePolicyFactory.java:getPolicy(55)) - Create leader choose policy of type org.apache.hadoop.hdds.scm.pipeline.leader.choose.algorithms.MinLeaderCountChoosePolicy
2025-05-13 07:38:50,528 [main] INFO  algorithms.ContainerPlacementPolicyFactory (ContainerPlacementPolicyFactory.java:getPolicyInternal(84)) - Create container placement policy of type org.apache.hadoop.hdds.scm.container.placement.algorithms.SCMContainerPlacementRackScatter
2025-05-13 07:38:50,528 [main] INFO  ha.SCMServiceManager (SCMServiceManager.java:register(42)) - Registering service BackgroundPipelineCreator.
2025-05-13 07:38:50,528 [main] INFO  pipeline.BackgroundPipelineCreator (BackgroundPipelineCreator.java:start(126)) - Starting RatisPipelineUtilsThread.
2025-05-13 07:38:50,529 [main] INFO  BackgroundPipelineScrubber (BackgroundSCMService.java:start(64)) - Starting BackgroundPipelineScrubber Service.
2025-05-13 07:38:50,529 [main] INFO  ha.SCMServiceManager (SCMServiceManager.java:register(42)) - Registering service BackgroundPipelineScrubber.
2025-05-13 07:38:50,529 [main] INFO  ExpiredContainerReplicaOpScrubber (BackgroundSCMService.java:start(64)) - Starting ExpiredContainerReplicaOpScrubber Service.
2025-05-13 07:38:50,529 [main] INFO  ha.SCMServiceManager (SCMServiceManager.java:register(42)) - Registering service ExpiredContainerReplicaOpScrubber.
2025-05-13 07:38:50,530 [main] INFO  algorithms.PipelineChoosePolicyFactory (PipelineChoosePolicyFactory.java:createPipelineChoosePolicyFromClass(78)) - Create pipeline choose policy of type org.apache.hadoop.hdds.scm.pipeline.choose.algorithms.RandomPipelineChoosePolicy
2025-05-13 07:38:50,531 [main] INFO  algorithms.PipelineChoosePolicyFactory (PipelineChoosePolicyFactory.java:createPipelineChoosePolicyFromClass(78)) - Create pipeline choose policy of type org.apache.hadoop.hdds.scm.pipeline.choose.algorithms.RandomPipelineChoosePolicy
2025-05-13 07:38:50,532 [main] INFO  ha.SCMServiceManager (SCMServiceManager.java:register(42)) - Registering service SCMBlockDeletingService.
2025-05-13 07:38:50,533 [main] INFO  replication.ReplicationManager (ReplicationManager.java:start(285)) - Starting Replication Monitor Thread.
2025-05-13 07:38:50,534 [main] INFO  ha.SCMServiceManager (SCMServiceManager.java:register(42)) - Registering service ReplicationManager.
2025-05-13 07:38:50,535 [main] INFO  safemode.RatisContainerSafeModeRule (RatisContainerSafeModeRule.java:initializeRule(160)) - Refreshed Containers with one replica threshold count 0.
2025-05-13 07:38:50,535 [main] INFO  safemode.ECContainerSafeModeRule (ECContainerSafeModeRule.java:initializeRule(205)) - Refreshed Containers with ec n replica threshold count 0.
2025-05-13 07:38:50,535 [main] INFO  safemode.HealthyPipelineSafeModeRule (HealthyPipelineSafeModeRule.java:initializeRule(177)) - Total pipeline count is 0, healthy pipeline threshold count is 0
2025-05-13 07:38:50,536 [main] INFO  safemode.OneReplicaPipelineSafeModeRule (OneReplicaPipelineSafeModeRule.java:initializeRule(190)) - Total pipeline count is 0, pipeline's with at least one datanode reported threshold count is 0
2025-05-13 07:38:50,537 [main] INFO  security.SecretKeyManagerService (SecretKeyManagerService.java:start(143)) - Scheduling rotation checker with interval PT10M
2025-05-13 07:38:50,537 [main] INFO  ha.SCMServiceManager (SCMServiceManager.java:register(42)) - Registering service SecretKeyManagerService.
2025-05-13 07:38:50,538 [main] INFO  keys.KeyStorage (KeyStorage.java:readPublicKey(174)) - Reading public key from /tmp/junit-15262155997502508370/scm-meta/scm/sub-ca/keys/public.pem.
2025-05-13 07:38:50,538 [main] INFO  keys.KeyStorage (KeyStorage.java:readPrivateKey(158)) - Reading private key from /tmp/junit-15262155997502508370/scm-meta/scm/sub-ca/keys/private.pem.
2025-05-13 07:38:50,539 [main] INFO  authority.DefaultCAServer (DefaultCAServer.java:lambda$processVerificationStatus$0(392)) - CertificateServer validation is successful
2025-05-13 07:38:50,539 [main] INFO  keys.KeyStorage (KeyStorage.java:readPublicKey(174)) - Reading public key from /tmp/junit-15262155997502508370/scm-meta/scm/ca/keys/public.pem.
2025-05-13 07:38:50,539 [main] INFO  keys.KeyStorage (KeyStorage.java:readPrivateKey(158)) - Reading private key from /tmp/junit-15262155997502508370/scm-meta/scm/ca/keys/private.pem.
2025-05-13 07:38:50,539 [main] INFO  authority.DefaultCAServer (DefaultCAServer.java:lambda$processVerificationStatus$0(392)) - CertificateServer validation is successful
2025-05-13 07:38:50,540 [main] INFO  server.StorageContainerManager (StorageContainerManager.java:persistPrimarySCMCerts(950)) - Storing sub-ca certificate serialId 2 on primary SCM
2025-05-13 07:38:50,541 [main] INFO  server.SCMCertStore (SCMCertStore.java:storeValidScmCertificate(96)) - Scm certificate 2 for CN=scm-sub@pkrvmberfyhpb9w,OU=718812ce-78c6-4ba2-8b7c-2561431a5fe2,O=d3b64af1-74b3-4bd6-b0f1-98033947978f,SERIALNUMBER=2 is stored
2025-05-13 07:38:50,541 [main] INFO  server.StorageContainerManager (StorageContainerManager.java:persistPrimarySCMCerts(957)) - Storing root certificate serialId 1
2025-05-13 07:38:50,542 [main] INFO  server.SCMCertStore (SCMCertStore.java:storeValidScmCertificate(96)) - Scm certificate 1 for CN=scm@pkrvmberfyhpb9w,OU=718812ce-78c6-4ba2-8b7c-2561431a5fe2,O=d3b64af1-74b3-4bd6-b0f1-98033947978f,SERIALNUMBER=1 is stored
2025-05-13 07:38:50,547 [main] INFO  ha.SequenceIdGenerator (SequenceIdGenerator.java:upgradeToCertificateSequenceId(419)) - upgrade CertificateId to 2
2025-05-13 07:38:50,548 [main] INFO  ipc.CallQueueManager (CallQueueManager.java:<init>(93)) - Using callQueue: class java.util.concurrent.LinkedBlockingQueue, queueCapacity: 200, scheduler: class org.apache.hadoop.ipc.DefaultRpcScheduler, ipcBackoff: false, ipcFailOver: false.
2025-05-13 07:38:50,548 [main] INFO  ipc.Server (Server.java:<init>(1438)) - Listener at 0.0.0.0:15017
2025-05-13 07:38:50,549 [Socket Reader #1 for port 15017] INFO  ipc.Server (Server.java:run(1474)) - Starting Socket Reader #1 for port 15017
2025-05-13 07:38:50,550 [main] INFO  server.StorageContainerManager (StorageContainerManager.java:<init>(430)) - SCM start with adminUsers: [om/pkrvmberfyhpb9w.internal.cloudapp.net@EXAMPLE.COM, om]
2025-05-13 07:38:50,550 [main] INFO  ipc.CallQueueManager (CallQueueManager.java:<init>(93)) - Using callQueue: class java.util.concurrent.LinkedBlockingQueue, queueCapacity: 10000, scheduler: class org.apache.hadoop.ipc.DefaultRpcScheduler, ipcBackoff: false, ipcFailOver: false.
2025-05-13 07:38:50,550 [main] INFO  ipc.Server (Server.java:<init>(1438)) - Listener at 0.0.0.0:15015
2025-05-13 07:38:50,551 [Socket Reader #1 for port 15015] INFO  ipc.Server (Server.java:run(1474)) - Starting Socket Reader #1 for port 15015
2025-05-13 07:38:50,551 [Socket Reader #2 for port 15015] INFO  ipc.Server (Server.java:run(1474)) - Starting Socket Reader #2 for port 15015
2025-05-13 07:38:50,551 [Socket Reader #3 for port 15015] INFO  ipc.Server (Server.java:run(1474)) - Starting Socket Reader #3 for port 15015
2025-05-13 07:38:50,552 [Socket Reader #4 for port 15015] INFO  ipc.Server (Server.java:run(1474)) - Starting Socket Reader #4 for port 15015
2025-05-13 07:38:50,552 [Socket Reader #5 for port 15015] INFO  ipc.Server (Server.java:run(1474)) - Starting Socket Reader #5 for port 15015
2025-05-13 07:38:50,552 [Socket Reader #6 for port 15015] INFO  ipc.Server (Server.java:run(1474)) - Starting Socket Reader #6 for port 15015
2025-05-13 07:38:50,552 [Socket Reader #7 for port 15015] INFO  ipc.Server (Server.java:run(1474)) - Starting Socket Reader #7 for port 15015
2025-05-13 07:38:50,553 [Socket Reader #8 for port 15015] INFO  ipc.Server (Server.java:run(1474)) - Starting Socket Reader #8 for port 15015
2025-05-13 07:38:50,553 [Socket Reader #9 for port 15015] INFO  ipc.Server (Server.java:run(1474)) - Starting Socket Reader #9 for port 15015
2025-05-13 07:38:50,553 [Socket Reader #10 for port 15015] INFO  ipc.Server (Server.java:run(1474)) - Starting Socket Reader #10 for port 15015
2025-05-13 07:38:50,555 [main] INFO  ipc.CallQueueManager (CallQueueManager.java:<init>(93)) - Using callQueue: class java.util.concurrent.LinkedBlockingQueue, queueCapacity: 10000, scheduler: class org.apache.hadoop.ipc.DefaultRpcScheduler, ipcBackoff: false, ipcFailOver: false.
2025-05-13 07:38:50,555 [main] INFO  ipc.Server (Server.java:<init>(1438)) - Listener at 0.0.0.0:15016
2025-05-13 07:38:50,556 [Socket Reader #1 for port 15016] INFO  ipc.Server (Server.java:run(1474)) - Starting Socket Reader #1 for port 15016
2025-05-13 07:38:50,556 [Socket Reader #2 for port 15016] INFO  ipc.Server (Server.java:run(1474)) - Starting Socket Reader #2 for port 15016
2025-05-13 07:38:50,557 [Socket Reader #3 for port 15016] INFO  ipc.Server (Server.java:run(1474)) - Starting Socket Reader #3 for port 15016
2025-05-13 07:38:50,557 [Socket Reader #4 for port 15016] INFO  ipc.Server (Server.java:run(1474)) - Starting Socket Reader #4 for port 15016
2025-05-13 07:38:50,558 [Socket Reader #6 for port 15016] INFO  ipc.Server (Server.java:run(1474)) - Starting Socket Reader #6 for port 15016
2025-05-13 07:38:50,558 [Socket Reader #5 for port 15016] INFO  ipc.Server (Server.java:run(1474)) - Starting Socket Reader #5 for port 15016
2025-05-13 07:38:50,558 [Socket Reader #7 for port 15016] INFO  ipc.Server (Server.java:run(1474)) - Starting Socket Reader #7 for port 15016
2025-05-13 07:38:50,559 [Socket Reader #8 for port 15016] INFO  ipc.Server (Server.java:run(1474)) - Starting Socket Reader #8 for port 15016
2025-05-13 07:38:50,559 [Socket Reader #9 for port 15016] INFO  ipc.Server (Server.java:run(1474)) - Starting Socket Reader #9 for port 15016
2025-05-13 07:38:50,559 [Socket Reader #10 for port 15016] INFO  ipc.Server (Server.java:run(1474)) - Starting Socket Reader #10 for port 15016
2025-05-13 07:38:50,561 [main] INFO  ipc.CallQueueManager (CallQueueManager.java:<init>(93)) - Using callQueue: class java.util.concurrent.LinkedBlockingQueue, queueCapacity: 10000, scheduler: class org.apache.hadoop.ipc.DefaultRpcScheduler, ipcBackoff: false, ipcFailOver: false.
2025-05-13 07:38:50,561 [main] INFO  ipc.Server (Server.java:<init>(1438)) - Listener at 0.0.0.0:15014
2025-05-13 07:38:50,562 [Socket Reader #1 for port 15014] INFO  ipc.Server (Server.java:run(1474)) - Starting Socket Reader #1 for port 15014
2025-05-13 07:38:50,563 [Socket Reader #3 for port 15014] INFO  ipc.Server (Server.java:run(1474)) - Starting Socket Reader #3 for port 15014
2025-05-13 07:38:50,563 [Socket Reader #2 for port 15014] INFO  ipc.Server (Server.java:run(1474)) - Starting Socket Reader #2 for port 15014
2025-05-13 07:38:50,563 [Socket Reader #4 for port 15014] INFO  ipc.Server (Server.java:run(1474)) - Starting Socket Reader #4 for port 15014
2025-05-13 07:38:50,564 [Socket Reader #5 for port 15014] INFO  ipc.Server (Server.java:run(1474)) - Starting Socket Reader #5 for port 15014
2025-05-13 07:38:50,564 [Socket Reader #6 for port 15014] INFO  ipc.Server (Server.java:run(1474)) - Starting Socket Reader #6 for port 15014
2025-05-13 07:38:50,565 [Socket Reader #7 for port 15014] INFO  ipc.Server (Server.java:run(1474)) - Starting Socket Reader #7 for port 15014
2025-05-13 07:38:50,565 [Socket Reader #8 for port 15014] INFO  ipc.Server (Server.java:run(1474)) - Starting Socket Reader #8 for port 15014
2025-05-13 07:38:50,566 [Socket Reader #9 for port 15014] INFO  ipc.Server (Server.java:run(1474)) - Starting Socket Reader #9 for port 15014
2025-05-13 07:38:50,566 [Socket Reader #10 for port 15014] INFO  ipc.Server (Server.java:run(1474)) - Starting Socket Reader #10 for port 15014
2025-05-13 07:38:50,572 [main] INFO  ha.SCMServiceManager (SCMServiceManager.java:register(42)) - Registering service ContainerBalancer.
2025-05-13 07:38:50,573 [main] INFO  ha.SCMContext (SCMContext.java:updateSafeModeStatus(224)) - Update SafeModeStatus from SafeModeStatus{safeModeStatus=true, preCheckPassed=false} to SafeModeStatus{safeModeStatus=true, preCheckPassed=false}.
2025-05-13 07:38:50,573 [main] INFO  server.StorageContainerManager (StorageContainerManager.java:start(1507)) - StorageContainerLocationProtocol RPC server is listening at /0.0.0.0:15014
2025-05-13 07:38:50,573 [main] INFO  ha.SCMRatisServerImpl (SCMRatisServerImpl.java:start(203)) - starting ratis server 0.0.0.0:15018
2025-05-13 07:38:50,573 [718812ce-78c6-4ba2-8b7c-2561431a5fe2-impl-thread1] INFO  server.RaftServerConfigKeys (ConfUtils.java:logGet(46)) - raft.server.storage.free-space.min = 0MB (=0) (default)
2025-05-13 07:38:50,574 [718812ce-78c6-4ba2-8b7c-2561431a5fe2-impl-thread1] INFO  server.RaftServerConfigKeys (ConfUtils.java:logGet(46)) - raft.server.log.corruption.policy = EXCEPTION (default)
2025-05-13 07:38:50,574 [718812ce-78c6-4ba2-8b7c-2561431a5fe2-impl-thread1] INFO  server.RaftServerConfigKeys (ConfUtils.java:logGet(46)) - raft.server.storage.dir = [/tmp/junit-15262155997502508370/scm-meta/scm-ha] (custom)
2025-05-13 07:38:50,575 [718812ce-78c6-4ba2-8b7c-2561431a5fe2-impl-thread1] INFO  storage.RaftStorageDirectory (RaftStorageDirectoryImpl.java:tryLock(229)) - Lock on /tmp/junit-15262155997502508370/scm-meta/scm-ha/d3b64af1-74b3-4bd6-b0f1-98033947978f/in_use.lock acquired by nodename 11778@pkrvmberfyhpb9w
2025-05-13 07:38:50,575 [718812ce-78c6-4ba2-8b7c-2561431a5fe2-impl-thread1] INFO  storage.RaftStorage (RaftStorageImpl.java:analyzeAndRecoverStorage(118)) - Read RaftStorageMetadata{term=1, votedFor=718812ce-78c6-4ba2-8b7c-2561431a5fe2} from /tmp/junit-15262155997502508370/scm-meta/scm-ha/d3b64af1-74b3-4bd6-b0f1-98033947978f/current/raft-meta
2025-05-13 07:38:50,576 [718812ce-78c6-4ba2-8b7c-2561431a5fe2-impl-thread1] INFO  server.RaftServer$Division (ServerState.java:setRaftConf(386)) - 718812ce-78c6-4ba2-8b7c-2561431a5fe2@group-98033947978F: set configuration conf: {index: 0, cur=peers:[718812ce-78c6-4ba2-8b7c-2561431a5fe2|pkrvmberfyhpb9w:15018]|listeners:[], old=null}
2025-05-13 07:38:50,576 [718812ce-78c6-4ba2-8b7c-2561431a5fe2-impl-thread1] INFO  ha.SCMStateMachine (SCMStateMachine.java:lambda$initialize$0(135)) - 718812ce-78c6-4ba2-8b7c-2561431a5fe2: initialize group-98033947978F
2025-05-13 07:38:50,576 [718812ce-78c6-4ba2-8b7c-2561431a5fe2-impl-thread1] INFO  server.RaftServerConfigKeys (ConfUtils.java:logGet(46)) - raft.server.log.use.memory = false (default)
2025-05-13 07:38:50,576 [718812ce-78c6-4ba2-8b7c-2561431a5fe2-impl-thread1] INFO  server.RaftServerConfigKeys (ConfUtils.java:logGet(46)) - raft.server.log.purge.gap = 1000000 (custom)
2025-05-13 07:38:50,576 [718812ce-78c6-4ba2-8b7c-2561431a5fe2-impl-thread1] INFO  server.RaftServerConfigKeys (ConfUtils.java:logGet(46)) - raft.server.log.appender.buffer.byte-limit = 4194304 (custom)
2025-05-13 07:38:50,576 [718812ce-78c6-4ba2-8b7c-2561431a5fe2-impl-thread1] INFO  server.RaftServerConfigKeys (ConfUtils.java:logGet(46)) - raft.server.log.statemachine.data.read.timeout = 1000ms (default)
2025-05-13 07:38:50,576 [718812ce-78c6-4ba2-8b7c-2561431a5fe2-impl-thread1] INFO  server.RaftServerConfigKeys (ConfUtils.java:logGet(46)) - raft.server.log.purge.preservation.log.num = 0 (default)
2025-05-13 07:38:50,578 [718812ce-78c6-4ba2-8b7c-2561431a5fe2-impl-thread1] INFO  server.RaftServerConfigKeys (ConfUtils.java:logGet(46)) - raft.server.log.segment.size.max = 4194304 (custom)
2025-05-13 07:38:50,578 [718812ce-78c6-4ba2-8b7c-2561431a5fe2-impl-thread1] INFO  server.RaftServerConfigKeys (ConfUtils.java:logGet(46)) - raft.server.log.segment.cache.num.max = 2 (custom)
2025-05-13 07:38:50,578 [718812ce-78c6-4ba2-8b7c-2561431a5fe2-impl-thread1] INFO  server.RaftServerConfigKeys (ConfUtils.java:logGet(46)) - raft.server.log.segment.cache.size.max = 200MB (=209715200) (default)
2025-05-13 07:38:50,578 [718812ce-78c6-4ba2-8b7c-2561431a5fe2-impl-thread1] INFO  server.RaftServerConfigKeys (ConfUtils.java:logGet(46)) - raft.server.log.appender.buffer.byte-limit = 4194304 (custom)
2025-05-13 07:38:50,579 [718812ce-78c6-4ba2-8b7c-2561431a5fe2-impl-thread1] INFO  util.AwaitToRun (AwaitToRun.java:start(81)) - Thread[#755,718812ce-78c6-4ba2-8b7c-2561431a5fe2@group-98033947978F-cacheEviction-AwaitToRun,5,main] started
2025-05-13 07:38:50,579 [718812ce-78c6-4ba2-8b7c-2561431a5fe2-impl-thread1] INFO  segmented.SegmentedRaftLogWorker (SegmentedRaftLogWorker.java:<init>(188)) - new 718812ce-78c6-4ba2-8b7c-2561431a5fe2@group-98033947978F-SegmentedRaftLogWorker for RaftStorageImpl:Storage Directory /tmp/junit-15262155997502508370/scm-meta/scm-ha/d3b64af1-74b3-4bd6-b0f1-98033947978f
2025-05-13 07:38:50,579 [718812ce-78c6-4ba2-8b7c-2561431a5fe2-impl-thread1] INFO  server.RaftServerConfigKeys (ConfUtils.java:logGet(46)) - raft.server.log.queue.byte-limit = 64MB (=67108864) (default)
2025-05-13 07:38:50,579 [718812ce-78c6-4ba2-8b7c-2561431a5fe2-impl-thread1] INFO  server.RaftServerConfigKeys (ConfUtils.java:logGet(46)) - raft.server.log.queue.element-limit = 4096 (default)
2025-05-13 07:38:50,579 [718812ce-78c6-4ba2-8b7c-2561431a5fe2-impl-thread1] INFO  server.RaftServerConfigKeys (ConfUtils.java:logGet(46)) - raft.server.log.segment.size.max = 4194304 (custom)
2025-05-13 07:38:50,579 [718812ce-78c6-4ba2-8b7c-2561431a5fe2-impl-thread1] INFO  server.RaftServerConfigKeys (ConfUtils.java:logGet(46)) - raft.server.log.preallocated.size = 4194304 (custom)
2025-05-13 07:38:50,579 [718812ce-78c6-4ba2-8b7c-2561431a5fe2-impl-thread1] INFO  server.RaftServerConfigKeys (ConfUtils.java:logGet(46)) - raft.server.log.force.sync.num = 128 (default)
2025-05-13 07:38:50,579 [718812ce-78c6-4ba2-8b7c-2561431a5fe2-impl-thread1] INFO  server.RaftServerConfigKeys (ConfUtils.java:logGet(46)) - raft.server.log.statemachine.data.sync = true (default)
2025-05-13 07:38:50,579 [718812ce-78c6-4ba2-8b7c-2561431a5fe2-impl-thread1] INFO  server.RaftServerConfigKeys (ConfUtils.java:logGet(46)) - raft.server.log.statemachine.data.sync.timeout = 10s (default)
2025-05-13 07:38:50,579 [718812ce-78c6-4ba2-8b7c-2561431a5fe2-impl-thread1] INFO  server.RaftServerConfigKeys (ConfUtils.java:logGet(46)) - raft.server.log.statemachine.data.sync.timeout.retry = -1 (default)
2025-05-13 07:38:50,580 [718812ce-78c6-4ba2-8b7c-2561431a5fe2-impl-thread1] INFO  server.RaftServerConfigKeys (ConfUtils.java:logGet(46)) - raft.server.log.write.buffer.size = 4194312 (custom)
2025-05-13 07:38:50,580 [718812ce-78c6-4ba2-8b7c-2561431a5fe2-impl-thread1] INFO  server.RaftServerConfigKeys (ConfUtils.java:logGet(46)) - raft.server.log.appender.buffer.byte-limit = 4194304 (custom)
2025-05-13 07:38:50,580 [718812ce-78c6-4ba2-8b7c-2561431a5fe2-impl-thread1] INFO  server.RaftServerConfigKeys (ConfUtils.java:logGet(46)) - raft.server.log.unsafe-flush.enabled = false (default)
2025-05-13 07:38:50,580 [718812ce-78c6-4ba2-8b7c-2561431a5fe2-impl-thread1] INFO  server.RaftServerConfigKeys (ConfUtils.java:logGet(46)) - raft.server.log.async-flush.enabled = false (default)
2025-05-13 07:38:50,580 [718812ce-78c6-4ba2-8b7c-2561431a5fe2-impl-thread1] INFO  server.RaftServerConfigKeys (ConfUtils.java:logGet(46)) - raft.server.log.statemachine.data.caching.enabled = false (default)
2025-05-13 07:38:50,581 [718812ce-78c6-4ba2-8b7c-2561431a5fe2-impl-thread1] INFO  server.RaftServer$Division (ServerState.java:setRaftConf(386)) - 718812ce-78c6-4ba2-8b7c-2561431a5fe2@group-98033947978F: set configuration conf: {index: 0, cur=peers:[718812ce-78c6-4ba2-8b7c-2561431a5fe2|pkrvmberfyhpb9w:15018]|listeners:[], old=null}
2025-05-13 07:38:50,581 [718812ce-78c6-4ba2-8b7c-2561431a5fe2-impl-thread1] INFO  segmented.LogSegment (LogSegment.java:loadSegment(171)) - Successfully read 1 entries from segment file /tmp/junit-15262155997502508370/scm-meta/scm-ha/d3b64af1-74b3-4bd6-b0f1-98033947978f/current/log_inprogress_0
2025-05-13 07:38:50,581 [718812ce-78c6-4ba2-8b7c-2561431a5fe2-impl-thread1] INFO  segmented.SegmentedRaftLogWorker (SegmentedRaftLogWorker.java:lambda$new$0(139)) - 718812ce-78c6-4ba2-8b7c-2561431a5fe2@group-98033947978F-SegmentedRaftLogWorker: safeCacheEvictIndex: setUnconditionally 0 -> -1
2025-05-13 07:38:50,581 [718812ce-78c6-4ba2-8b7c-2561431a5fe2-impl-thread1] INFO  segmented.BufferedWriteChannel (BufferedWriteChannel.java:open(61)) - open log_inprogress_0 (append) at position 82
2025-05-13 07:38:50,582 [718812ce-78c6-4ba2-8b7c-2561431a5fe2-impl-thread1] INFO  server.RaftServer$Division (RaftServerImpl.java:start(391)) - 718812ce-78c6-4ba2-8b7c-2561431a5fe2@group-98033947978F: start as a follower, conf=conf: {index: 0, cur=peers:[718812ce-78c6-4ba2-8b7c-2561431a5fe2|pkrvmberfyhpb9w:15018]|listeners:[], old=null}
2025-05-13 07:38:50,582 [718812ce-78c6-4ba2-8b7c-2561431a5fe2-impl-thread1] INFO  server.RaftServer$Division (RaftServerImpl.java:setRole(378)) - 718812ce-78c6-4ba2-8b7c-2561431a5fe2@group-98033947978F: changes role from      null to FOLLOWER at term 1 for startAsFollower
2025-05-13 07:38:50,582 [718812ce-78c6-4ba2-8b7c-2561431a5fe2-impl-thread1] INFO  impl.RoleInfo (RoleInfo.java:updateAndGet(148)) - 718812ce-78c6-4ba2-8b7c-2561431a5fe2: start 718812ce-78c6-4ba2-8b7c-2561431a5fe2@group-98033947978F-FollowerState
2025-05-13 07:38:50,582 [718812ce-78c6-4ba2-8b7c-2561431a5fe2-impl-thread1] INFO  util.JmxRegister (JmxRegister.java:tryRegister(44)) - Successfully registered JMX Bean with object name Ratis:service=RaftServer,group=group-98033947978F,id=718812ce-78c6-4ba2-8b7c-2561431a5fe2
2025-05-13 07:38:50,582 [718812ce-78c6-4ba2-8b7c-2561431a5fe2-impl-thread1] INFO  util.JmxRegister (JmxRegister.java:register(58)) - register mxBean class org.apache.ratis.server.impl.RaftServerJmxAdapter as Ratis:service=RaftServer,group=group-98033947978F,id=718812ce-78c6-4ba2-8b7c-2561431a5fe2
2025-05-13 07:38:50,582 [718812ce-78c6-4ba2-8b7c-2561431a5fe2-impl-thread1] INFO  server.RaftServerConfigKeys (ConfUtils.java:logGet(46)) - raft.server.snapshot.trigger-when-stop.enabled = true (default)
2025-05-13 07:38:50,582 [718812ce-78c6-4ba2-8b7c-2561431a5fe2-impl-thread1] INFO  server.RaftServerConfigKeys (ConfUtils.java:logGet(46)) - raft.server.snapshot.trigger-when-remove.enabled = true (default)
2025-05-13 07:38:50,582 [718812ce-78c6-4ba2-8b7c-2561431a5fe2-impl-thread1] INFO  server.RaftServerConfigKeys (ConfUtils.java:logGet(46)) - raft.server.snapshot.auto.trigger.enabled = true (custom)
2025-05-13 07:38:50,583 [718812ce-78c6-4ba2-8b7c-2561431a5fe2-impl-thread1] INFO  server.RaftServerConfigKeys (ConfUtils.java:logGet(46)) - raft.server.snapshot.auto.trigger.threshold = 1000 (custom)
2025-05-13 07:38:50,583 [718812ce-78c6-4ba2-8b7c-2561431a5fe2-impl-thread1] INFO  server.RaftServerConfigKeys (ConfUtils.java:logGet(46)) - raft.server.snapshot.retention.file.num = -1 (default)
2025-05-13 07:38:50,583 [718812ce-78c6-4ba2-8b7c-2561431a5fe2-impl-thread1] INFO  server.RaftServerConfigKeys (ConfUtils.java:logGet(46)) - raft.server.log.purge.upto.snapshot.index = false (default)
2025-05-13 07:38:50,583 [718812ce-78c6-4ba2-8b7c-2561431a5fe2@group-98033947978F-FollowerState] INFO  server.RaftServerConfigKeys (ConfUtils.java:logFallback(53)) - raft.server.rpc.first-election.timeout.min = 5000ms (fallback to raft.server.rpc.timeout.min)
2025-05-13 07:38:50,583 [718812ce-78c6-4ba2-8b7c-2561431a5fe2@group-98033947978F-FollowerState] INFO  server.RaftServerConfigKeys (ConfUtils.java:logFallback(53)) - raft.server.rpc.first-election.timeout.max = 5200ms (fallback to raft.server.rpc.timeout.max)
2025-05-13 07:38:50,584 [718812ce-78c6-4ba2-8b7c-2561431a5fe2-impl-thread1] INFO  server.RaftServer$Division (RaftServerImpl.java:start(405)) - 718812ce-78c6-4ba2-8b7c-2561431a5fe2@group-98033947978F: Successfully started.
2025-05-13 07:38:50,584 [main] INFO  server.RaftServer (RaftServerProxy.java:startImpl(407)) - 718812ce-78c6-4ba2-8b7c-2561431a5fe2: start RPC server
2025-05-13 07:38:50,585 [main] INFO  server.GrpcService (GrpcService.java:startImpl(334)) - 718812ce-78c6-4ba2-8b7c-2561431a5fe2: GrpcService started, listening on 15018
2025-05-13 07:38:50,585 [main] INFO  ha.SCMHAManagerImpl (SCMHAManagerImpl.java:start(131)) -  scm role is FOLLOWER peers [718812ce-78c6-4ba2-8b7c-2561431a5fe2|pkrvmberfyhpb9w:15018]
2025-05-13 07:38:50,585 [main] INFO  ha.InterSCMGrpcService (InterSCMGrpcProtocolService.java:start(98)) - Starting SCM Grpc Service at port 15019
2025-05-13 07:38:50,585 [JvmPauseMonitor5] INFO  util.JvmPauseMonitor (JvmPauseMonitor.java:run(146)) - JvmPauseMonitor-718812ce-78c6-4ba2-8b7c-2561431a5fe2: Started
2025-05-13 07:38:50,586 [main] INFO  SCMHATransactionMonitor (BackgroundSCMService.java:start(64)) - Starting SCMHATransactionMonitor Service.
2025-05-13 07:38:50,586 [main] INFO  ha.SCMServiceManager (SCMServiceManager.java:register(42)) - Registering service SCMHATransactionMonitor.
2025-05-13 07:38:50,586 [main] INFO  SCMHATransactionMonitor (BackgroundSCMService.java:start(61)) - SCMHATransactionMonitor Service is already running, skip start.
2025-05-13 07:38:50,587 [main] WARN  impl.MetricsConfig (MetricsConfig.java:loadFirst(138)) - Cannot locate configuration: tried hadoop-metrics2-storagecontainermanager.properties,hadoop-metrics2.properties
2025-05-13 07:38:50,588 [main] INFO  impl.MetricsSystemImpl (MetricsSystemImpl.java:startTimer(378)) - Scheduled Metric snapshot period at 10 second(s).
2025-05-13 07:38:50,588 [main] INFO  impl.MetricsSystemImpl (MetricsSystemImpl.java:start(191)) - StorageContainerManager metrics system started
2025-05-13 07:38:50,603 [main] INFO  impl.MetricsSinkAdapter (MetricsSinkAdapter.java:start(204)) - Sink prometheus started
2025-05-13 07:38:50,603 [main] INFO  impl.MetricsSystemImpl (MetricsSystemImpl.java:registerSink(305)) - Registered sink prometheus
2025-05-13 07:38:50,616 [main] INFO  server.SCMClientProtocolServer (SCMClientProtocolServer.java:start(207)) - RPC server for Client  is listening at /0.0.0.0:15014
2025-05-13 07:38:50,617 [IPC Server Responder] INFO  ipc.Server (Server.java:run(1713)) - IPC Server Responder: starting
2025-05-13 07:38:50,617 [IPC Server listener on 15014] INFO  ipc.Server (Server.java:run(1553)) - IPC Server listener on 15014: starting
2025-05-13 07:38:50,629 [main] INFO  server.StorageContainerManager (StorageContainerManager.java:start(1520)) - ScmBlockLocationProtocol RPC server is listening at /0.0.0.0:15016
2025-05-13 07:38:50,630 [main] INFO  server.SCMBlockProtocolServer (SCMBlockProtocolServer.java:start(166)) - RPC server for Block Protocol is listening at /0.0.0.0:15016
2025-05-13 07:38:50,630 [IPC Server Responder] INFO  ipc.Server (Server.java:run(1713)) - IPC Server Responder: starting
2025-05-13 07:38:50,630 [IPC Server listener on 15016] INFO  ipc.Server (Server.java:run(1553)) - IPC Server listener on 15016: starting
2025-05-13 07:38:50,641 [main] INFO  server.SCMSecurityProtocolServer (SCMSecurityProtocolServer.java:start(503)) - Starting RPC server for SCMSecurityProtocolServer. is listening at /0.0.0.0:15017
2025-05-13 07:38:50,643 [IPC Server Responder] INFO  ipc.Server (Server.java:run(1713)) - IPC Server Responder: starting
2025-05-13 07:38:50,643 [IPC Server listener on 15017] INFO  ipc.Server (Server.java:run(1553)) - IPC Server listener on 15017: starting
2025-05-13 07:38:50,645 [main] INFO  http.BaseHttpServer (BaseHttpServer.java:newHttpServer2BuilderForOzone(229)) - Starting Web-server for scm at: http://0.0.0.0:9876
2025-05-13 07:38:50,645 [main] INFO  http.BaseHttpServer (BaseHttpServer.java:<init>(107)) - Hadoop Security Enabled: true Ozone Security Enabled: true Ozone HTTP Security Enabled: false 
2025-05-13 07:38:50,656 [main] WARN  server.AuthenticationFilter (AuthenticationFilter.java:constructSecretProvider(240)) - Unable to initialize FileSignerSecretProvider, falling back to use random secrets. Reason: Could not read signature secret file: /home/runner/hadoop-http-auth-signature-secret
2025-05-13 07:38:50,659 [main] INFO  http.HttpServer2 (HttpServer2.java:addGlobalFilter(1042)) - Added global filter 'safety' (class=org.apache.hadoop.hdds.server.http.HttpServer2$QuotingInputFilter)
2025-05-13 07:38:50,660 [main] INFO  http.HttpServer2 (HttpServer2.java:addFilter(1018)) - Added filter static_user_filter (class=org.apache.hadoop.http.lib.StaticUserWebFilter$StaticUserFilter) to context scm
2025-05-13 07:38:50,660 [main] INFO  http.HttpServer2 (HttpServer2.java:addFilter(1026)) - Added filter static_user_filter (class=org.apache.hadoop.http.lib.StaticUserWebFilter$StaticUserFilter) to context logs
2025-05-13 07:38:50,661 [main] INFO  http.HttpServer2 (HttpServer2.java:addFilter(1026)) - Added filter static_user_filter (class=org.apache.hadoop.http.lib.StaticUserWebFilter$StaticUserFilter) to context static
2025-05-13 07:38:50,662 [main] INFO  http.BaseHttpServer (BaseHttpServer.java:<init>(195)) - HTTP server of scm uses base directory /tmp/junit-15262155997502508370/scm-meta/webserver
2025-05-13 07:38:50,662 [main] INFO  http.HttpServer2 (HttpServer2.java:bindListener(1242)) - Jetty bound to port 9876
2025-05-13 07:38:50,662 [main] INFO  server.Server (Server.java:doStart(375)) - jetty-9.4.57.v20241219; built: 2025-01-08T21:24:30.412Z; git: df524e6b29271c2e09ba9aea83c18dc9db464a31; jvm 21.0.7+6-LTS
2025-05-13 07:38:50,664 [main] INFO  server.session (DefaultSessionIdManager.java:doStart(334)) - DefaultSessionIdManager workerName=node0
2025-05-13 07:38:50,664 [main] INFO  server.session (DefaultSessionIdManager.java:doStart(339)) - No SessionScavenger set, using defaults
2025-05-13 07:38:50,664 [main] INFO  server.session (HouseKeeper.java:startScavenging(132)) - node0 Scavenging every 660000ms
2025-05-13 07:38:50,665 [main] INFO  handler.ContextHandler (ContextHandler.java:doStart(921)) - Started o.e.j.s.ServletContextHandler@697c3410{logs,/logs,file:///home/runner/work/ozone/ozone/hadoop-ozone/integration-test/target/log,AVAILABLE}
2025-05-13 07:38:50,665 [main] INFO  handler.ContextHandler (ContextHandler.java:doStart(921)) - Started o.e.j.s.ServletContextHandler@678852b5{static,/static,file:///home/runner/work/ozone/ozone/hadoop-ozone/integration-test/target/test-classes/webapps/static,AVAILABLE}
2025-05-13 07:38:50,672 [main] INFO  handler.ContextHandler (ContextHandler.java:doStart(921)) - Started o.e.j.w.WebAppContext@3cc7b5b7{scm,/,file:///home/runner/work/ozone/ozone/hadoop-ozone/integration-test/target/test-classes/webapps/scm/,AVAILABLE}{file:/home/runner/work/ozone/ozone/hadoop-ozone/integration-test/target/test-classes/webapps/scm}
2025-05-13 07:38:50,673 [main] INFO  server.AbstractConnector (AbstractConnector.java:doStart(333)) - Started ServerConnector@4bfaf854{HTTP/1.1, (http/1.1)}{0.0.0.0:9876}
2025-05-13 07:38:50,673 [main] INFO  server.Server (Server.java:doStart(415)) - Started @31552ms
2025-05-13 07:38:50,674 [main] WARN  impl.MetricsSystemImpl (MetricsSystemImpl.java:register(279)) - Sink prometheus already exists!
2025-05-13 07:38:50,674 [main] INFO  http.BaseHttpServer (BaseHttpServer.java:updateConnectorAddress(359)) - HTTP server of scm listening at http://0.0.0.0:9876
2025-05-13 07:38:50,675 [main] WARN  server.ServerUtils (ServerUtils.java:getDBPath(292)) - ozone.om.db.dirs is not configured. We recommend adding this setting. Falling back to ozone.metadata.dirs instead.
2025-05-13 07:38:50,677 [main] INFO  ha.OMHANodeDetails (OMHANodeDetails.java:loadOMHAConfig(113)) - ozone.om.internal.service.id is not defined, falling back to ozone.om.service.ids to find serviceID for OzoneManager if it is HA enabled cluster
2025-05-13 07:38:50,678 [main] INFO  ha.OMHANodeDetails (OMHANodeDetails.java:loadOMHAConfig(224)) - Configuration does not have ozone.om.address set. Falling back to the default OM address pkrvmberfyhpb9w.internal.cloudapp.net/10.1.0.195:15020
2025-05-13 07:38:50,678 [main] INFO  ha.OMHANodeDetails (OMHANodeDetails.java:getOMNodeDetailsForNonHA(252)) - OM Service ID is not set. Setting it to the default ID: omServiceIdDefault
2025-05-13 07:38:50,678 [main] INFO  ha.OMHANodeDetails (OMHANodeDetails.java:getOMNodeDetailsForNonHA(259)) - OM Node ID is not set. Setting it to the default ID: om1
2025-05-13 07:38:50,678 [main] WARN  server.ServerUtils (ServerUtils.java:getDBPath(292)) - ozone.om.db.dirs is not configured. We recommend adding this setting. Falling back to ozone.metadata.dirs instead.
2025-05-13 07:38:50,682 [main] INFO  upgrade.AbstractLayoutVersionManager (AbstractLayoutVersionManager.java:init(80)) - Initializing Layout version manager with metadata layout = DELEGATION_TOKEN_SYMMETRIC_SIGN (version = 8), software layout = DELEGATION_TOKEN_SYMMETRIC_SIGN (version = 8)
2025-05-13 07:38:50,689 [pool-130-thread-1] INFO  request.TgsRequest (TgsRequest.java:issueTicket(117)) - TGS_REQ ISSUE: authtime 1747121930689,om/pkrvmberfyhpb9w.internal.cloudapp.net@EXAMPLE.COM for om/pkrvmberfyhpb9w.internal.cloudapp.net@EXAMPLE.COM
2025-05-13 07:38:50,706 [Socket Reader #1 for port 15017] INFO  ipc.Server (Server.java:saslProcess(2290)) - Auth successful for om/pkrvmberfyhpb9w.internal.cloudapp.net@EXAMPLE.COM (auth:KERBEROS) from 127.0.0.1:37090
2025-05-13 07:38:50,709 [IPC Server handler 0 on default port 15017] INFO  ipc.Server (Server.java:logException(3260)) - IPC Server handler 0 on default port 15017, call Call#2 Retry#0 org.apache.hadoop.hdds.protocol.SCMSecurityProtocol.submitRequest from 127.0.0.1:37090
org.apache.hadoop.hdds.ratis.ServerNotLeaderException: SCM Server:718812ce-78c6-4ba2-8b7c-2561431a5fe2(pkrvmberfyhpb9w.internal.cloudapp.net) is not the leader. Could not determine the leader node.
	at org.apache.hadoop.hdds.ratis.ServerNotLeaderException.convertToNotLeaderException(ServerNotLeaderException.java:106)
	at org.apache.hadoop.hdds.scm.ha.RatisUtil.checkRatisException(RatisUtil.java:248)
	at org.apache.hadoop.hdds.scm.protocol.SCMSecurityProtocolServerSideTranslatorPB.submitRequest(SCMSecurityProtocolServerSideTranslatorPB.java:83)
	at org.apache.hadoop.hdds.protocol.proto.SCMSecurityProtocolProtos$SCMSecurityProtocolService$2.callBlockingMethod(SCMSecurityProtocolProtos.java:18942)
	at org.apache.hadoop.ipc.ProtobufRpcEngine$Server.processCall(ProtobufRpcEngine.java:484)
	at org.apache.hadoop.ipc.ProtobufRpcEngine2$Server$ProtoBufRpcInvoker.call(ProtobufRpcEngine2.java:595)
	at org.apache.hadoop.ipc.ProtobufRpcEngine2$Server$ProtoBufRpcInvoker.call(ProtobufRpcEngine2.java:573)
	at org.apache.hadoop.ipc.RPC$Server.call(RPC.java:1227)
	at org.apache.hadoop.ipc.Server$RpcCall.run(Server.java:1246)
	at org.apache.hadoop.ipc.Server$RpcCall.run(Server.java:1169)
	at java.base/java.security.AccessController.doPrivileged(AccessController.java:714)
	at java.base/javax.security.auth.Subject.doAs(Subject.java:525)
	at org.apache.hadoop.security.UserGroupInformation.doAs(UserGroupInformation.java:1953)
	at org.apache.hadoop.ipc.Server$Handler.run(Server.java:3198)
2025-05-13 07:38:50,772 [main] INFO  reflections.Reflections (Reflections.java:scan(219)) - Reflections took 89 ms to scan 2 urls, producing 207 keys and 618 values
2025-05-13 07:38:50,772 [main] INFO  upgrade.OMLayoutVersionManager (OMLayoutVersionManager.java:lambda$0(110)) - Skipping Upgrade Action QuotaRepairUpgradeAction since it has been finalized.
2025-05-13 07:38:50,772 [main] INFO  upgrade.OMLayoutVersionManager (OMLayoutVersionManager.java:lambda$0(110)) - Skipping Upgrade Action MockOmUpgradeAction since it has been finalized.
2025-05-13 07:38:50,775 [pool-130-thread-1] INFO  request.KdcRequest (KdcRequest.java:preauth(683)) - The preauth data is empty.
2025-05-13 07:38:50,776 [pool-130-thread-1] INFO  server.KdcHandler (KdcHandler.java:handleRecoverableException(177)) - KRB error occurred while processing request: Additional pre-authentication required
2025-05-13 07:38:50,780 [pool-130-thread-1] INFO  request.AsRequest (AsRequest.java:issueTicket(112)) - AS_REQ ISSUE: authtime 1747121930779,om/pkrvmberfyhpb9w.internal.cloudapp.net@EXAMPLE.COM for krbtgt/EXAMPLE.COM@EXAMPLE.COM
2025-05-13 07:38:50,782 [main] INFO  security.UserGroupInformation (UserGroupInformation.java:loginUserFromKeytab(1143)) - Login successful for user om/pkrvmberfyhpb9w.internal.cloudapp.net@EXAMPLE.COM using keytab file om.keytab. Keytab auto renewal enabled : false
2025-05-13 07:38:50,782 [main] INFO  om.OzoneManager (OzoneManager.java:loginOMUser(1308)) - Ozone Manager login successful.
2025-05-13 07:38:50,782 [main] WARN  server.ServerUtils (ServerUtils.java:getDBPath(292)) - ozone.om.db.dirs is not configured. We recommend adding this setting. Falling back to ozone.metadata.dirs instead.
2025-05-13 07:38:50,783 [main] INFO  om.OzoneManager (OzoneManager.java:setReplicationFromConfig(4596)) - Set default replication in OM: RATIS/3 -> RATIS/THREE
2025-05-13 07:38:50,783 [main] INFO  proxy.SCMContainerLocationFailoverProxyProvider (SCMFailoverProxyProviderBase.java:<init>(120)) - Created fail-over proxy for protocol StorageContainerLocationProtocolPB with 1 nodes: [nodeId=scmNodeId,nodeAddress=/0.0.0.0:15014]
2025-05-13 07:38:50,784 [main] INFO  proxy.SCMBlockLocationFailoverProxyProvider (SCMFailoverProxyProviderBase.java:<init>(120)) - Created fail-over proxy for protocol ScmBlockLocationProtocolPB with 1 nodes: [nodeId=scmNodeId,nodeAddress=/0.0.0.0:15016]
2025-05-13 07:38:50,785 [main] INFO  om.OzoneManager (OzoneManager.java:getOmDetailsProto(4941)) - OzoneManager ports added:[name: "RPC"
value: 15020
]
2025-05-13 07:38:50,786 [main] INFO  proxy.SCMSecurityProtocolFailoverProxyProvider (SCMFailoverProxyProviderBase.java:<init>(120)) - Created fail-over proxy for protocol SCMSecurityProtocolPB with 1 nodes: [nodeId=scmNodeId,nodeAddress=/0.0.0.0:15017]
2025-05-13 07:38:50,786 [main] INFO  security.OMCertificateClient (DefaultCertificateClient.java:updateCertSerialId(1289)) - Certificate serial ID set to 9879877970576
2025-05-13 07:38:50,787 [main] WARN  security.OMCertificateClient (DefaultCertificateClient.java:loadAllCertificates(178)) - Certificates could not be loaded.
java.nio.file.NoSuchFileException: /tmp/junit-15262155997502508370/scm-meta/om/certs
	at java.base/sun.nio.fs.UnixException.translateToIOException(UnixException.java:92)
	at java.base/sun.nio.fs.UnixException.asIOException(UnixException.java:115)
	at java.base/sun.nio.fs.UnixFileSystemProvider.newDirectoryStream(UnixFileSystemProvider.java:501)
	at java.base/java.nio.file.Files.newDirectoryStream(Files.java:482)
	at java.base/java.nio.file.Files.list(Files.java:3785)
	at org.apache.hadoop.hdds.security.x509.certificate.client.DefaultCertificateClient.loadAllCertificates(DefaultCertificateClient.java:173)
	at org.apache.hadoop.hdds.security.x509.certificate.client.DefaultCertificateClient.updateCertSerialId(DefaultCertificateClient.java:1290)
	at org.apache.hadoop.hdds.security.x509.certificate.client.DefaultCertificateClient.<init>(DefaultCertificateClient.java:155)
	at org.apache.hadoop.ozone.security.OMCertificateClient.<init>(OMCertificateClient.java:65)
	at org.apache.hadoop.ozone.om.OzoneManager.<init>(OzoneManager.java:646)
	at org.apache.hadoop.ozone.om.OzoneManager.createOm(OzoneManager.java:877)
	at org.apache.hadoop.ozone.TestSecureOzoneCluster.setupOm(TestSecureOzoneCluster.java:716)
	at org.apache.hadoop.ozone.TestSecureOzoneCluster.testGetSetRevokeS3Secret(TestSecureOzoneCluster.java:728)
	at java.base/jdk.internal.reflect.DirectMethodHandleAccessor.invoke(DirectMethodHandleAccessor.java:103)
	at java.base/java.lang.reflect.Method.invoke(Method.java:580)
	at org.junit.platform.commons.util.ReflectionUtils.invokeMethod(ReflectionUtils.java:775)
	at org.junit.platform.commons.support.ReflectionSupport.invokeMethod(ReflectionSupport.java:479)
	at org.junit.jupiter.engine.execution.MethodInvocation.proceed(MethodInvocation.java:60)
	at org.junit.jupiter.engine.execution.InvocationInterceptorChain$ValidatingInvocation.proceed(InvocationInterceptorChain.java:131)
	at org.junit.jupiter.engine.extension.SameThreadTimeoutInvocation.proceed(SameThreadTimeoutInvocation.java:49)
	at org.junit.jupiter.engine.extension.TimeoutExtension.intercept(TimeoutExtension.java:161)
	at org.junit.jupiter.engine.extension.TimeoutExtension.interceptTestableMethod(TimeoutExtension.java:152)
	at org.junit.jupiter.engine.extension.TimeoutExtension.interceptTestMethod(TimeoutExtension.java:91)
	at org.junit.jupiter.engine.execution.InterceptingExecutableInvoker$ReflectiveInterceptorCall.lambda$ofVoidMethod$0(InterceptingExecutableInvoker.java:112)
	at org.junit.jupiter.engine.execution.InterceptingExecutableInvoker.lambda$invoke$0(InterceptingExecutableInvoker.java:94)
	at org.junit.jupiter.engine.execution.InvocationInterceptorChain$InterceptedInvocation.proceed(InvocationInterceptorChain.java:106)
	at org.junit.jupiter.engine.execution.InvocationInterceptorChain.proceed(InvocationInterceptorChain.java:64)
	at org.junit.jupiter.engine.execution.InvocationInterceptorChain.chainAndInvoke(InvocationInterceptorChain.java:45)
	at org.junit.jupiter.engine.execution.InvocationInterceptorChain.invoke(InvocationInterceptorChain.java:37)
	at org.junit.jupiter.engine.execution.InterceptingExecutableInvoker.invoke(InterceptingExecutableInvoker.java:93)
	at org.junit.jupiter.engine.execution.InterceptingExecutableInvoker.invoke(InterceptingExecutableInvoker.java:87)
	at org.junit.jupiter.engine.descriptor.TestMethodTestDescriptor.lambda$invokeTestMethod$7(TestMethodTestDescriptor.java:216)
	at org.junit.platform.engine.support.hierarchical.ThrowableCollector.execute(ThrowableCollector.java:73)
	at org.junit.jupiter.engine.descriptor.TestMethodTestDescriptor.invokeTestMethod(TestMethodTestDescriptor.java:212)
	at org.junit.jupiter.engine.descriptor.TestMethodTestDescriptor.execute(TestMethodTestDescriptor.java:137)
	at org.junit.jupiter.engine.descriptor.TestMethodTestDescriptor.execute(TestMethodTestDescriptor.java:69)
	at org.junit.platform.engine.support.hierarchical.NodeTestTask.lambda$executeRecursively$6(NodeTestTask.java:156)
	at org.junit.platform.engine.support.hierarchical.ThrowableCollector.execute(ThrowableCollector.java:73)
	at org.junit.platform.engine.support.hierarchical.NodeTestTask.lambda$executeRecursively$8(NodeTestTask.java:146)
	at org.junit.platform.engine.support.hierarchical.Node.around(Node.java:137)
	at org.junit.platform.engine.support.hierarchical.NodeTestTask.lambda$executeRecursively$9(NodeTestTask.java:144)
	at org.junit.platform.engine.support.hierarchical.ThrowableCollector.execute(ThrowableCollector.java:73)
	at org.junit.platform.engine.support.hierarchical.NodeTestTask.executeRecursively(NodeTestTask.java:143)
	at org.junit.platform.engine.support.hierarchical.NodeTestTask.execute(NodeTestTask.java:100)
	at java.base/java.util.ArrayList.forEach(ArrayList.java:1596)
	at org.junit.platform.engine.support.hierarchical.SameThreadHierarchicalTestExecutorService.invokeAll(SameThreadHierarchicalTestExecutorService.java:41)
	at org.junit.platform.engine.support.hierarchical.NodeTestTask.lambda$executeRecursively$6(NodeTestTask.java:160)
	at org.junit.platform.engine.support.hierarchical.ThrowableCollector.execute(ThrowableCollector.java:73)
	at org.junit.platform.engine.support.hierarchical.NodeTestTask.lambda$executeRecursively$8(NodeTestTask.java:146)
	at org.junit.platform.engine.support.hierarchical.Node.around(Node.java:137)
	at org.junit.platform.engine.support.hierarchical.NodeTestTask.lambda$executeRecursively$9(NodeTestTask.java:144)
	at org.junit.platform.engine.support.hierarchical.ThrowableCollector.execute(ThrowableCollector.java:73)
	at org.junit.platform.engine.support.hierarchical.NodeTestTask.executeRecursively(NodeTestTask.java:143)
	at org.junit.platform.engine.support.hierarchical.NodeTestTask.execute(NodeTestTask.java:100)
	at java.base/java.util.ArrayList.forEach(ArrayList.java:1596)
	at org.junit.platform.engine.support.hierarchical.SameThreadHierarchicalTestExecutorService.invokeAll(SameThreadHierarchicalTestExecutorService.java:41)
	at org.junit.platform.engine.support.hierarchical.NodeTestTask.lambda$executeRecursively$6(NodeTestTask.java:160)
	at org.junit.platform.engine.support.hierarchical.ThrowableCollector.execute(ThrowableCollector.java:73)
	at org.junit.platform.engine.support.hierarchical.NodeTestTask.lambda$executeRecursively$8(NodeTestTask.java:146)
	at org.junit.platform.engine.support.hierarchical.Node.around(Node.java:137)
	at org.junit.platform.engine.support.hierarchical.NodeTestTask.lambda$executeRecursively$9(NodeTestTask.java:144)
	at org.junit.platform.engine.support.hierarchical.ThrowableCollector.execute(ThrowableCollector.java:73)
	at org.junit.platform.engine.support.hierarchical.NodeTestTask.executeRecursively(NodeTestTask.java:143)
	at org.junit.platform.engine.support.hierarchical.NodeTestTask.execute(NodeTestTask.java:100)
	at org.junit.platform.engine.support.hierarchical.SameThreadHierarchicalTestExecutorService.submit(SameThreadHierarchicalTestExecutorService.java:35)
	at org.junit.platform.engine.support.hierarchical.HierarchicalTestExecutor.execute(HierarchicalTestExecutor.java:57)
	at org.junit.platform.engine.support.hierarchical.HierarchicalTestEngine.execute(HierarchicalTestEngine.java:54)
	at org.junit.platform.launcher.core.EngineExecutionOrchestrator.execute(EngineExecutionOrchestrator.java:201)
	at org.junit.platform.launcher.core.EngineExecutionOrchestrator.execute(EngineExecutionOrchestrator.java:170)
	at org.junit.platform.launcher.core.EngineExecutionOrchestrator.execute(EngineExecutionOrchestrator.java:94)
	at org.junit.platform.launcher.core.EngineExecutionOrchestrator.lambda$execute$0(EngineExecutionOrchestrator.java:59)
	at org.junit.platform.launcher.core.EngineExecutionOrchestrator.withInterceptedStreams(EngineExecutionOrchestrator.java:142)
	at org.junit.platform.launcher.core.EngineExecutionOrchestrator.execute(EngineExecutionOrchestrator.java:58)
	at org.junit.platform.launcher.core.DefaultLauncher.execute(DefaultLauncher.java:103)
	at org.junit.platform.launcher.core.DefaultLauncher.execute(DefaultLauncher.java:85)
	at org.junit.platform.launcher.core.DelegatingLauncher.execute(DelegatingLauncher.java:47)
	at org.junit.platform.launcher.core.InterceptingLauncher.lambda$execute$1(InterceptingLauncher.java:39)
	at org.junit.platform.launcher.core.ClasspathAlignmentCheckingLauncherInterceptor.intercept(ClasspathAlignmentCheckingLauncherInterceptor.java:25)
	at org.junit.platform.launcher.core.InterceptingLauncher.execute(InterceptingLauncher.java:38)
	at org.junit.platform.launcher.core.DelegatingLauncher.execute(DelegatingLauncher.java:47)
	at org.apache.maven.surefire.junitplatform.LazyLauncher.execute(LazyLauncher.java:56)
	at org.apache.maven.surefire.junitplatform.JUnitPlatformProvider.invokeAllTests(JUnitPlatformProvider.java:162)
	at org.apache.maven.surefire.junitplatform.JUnitPlatformProvider.invoke(JUnitPlatformProvider.java:120)
	at org.apache.maven.surefire.booter.ForkedBooter.runSuitesInProcess(ForkedBooter.java:385)
	at org.apache.maven.surefire.booter.ForkedBooter.execute(ForkedBooter.java:162)
	at org.apache.maven.surefire.booter.ForkedBooter.run(ForkedBooter.java:507)
	at org.apache.maven.surefire.booter.ForkedBooter.main(ForkedBooter.java:495)
2025-05-13 07:38:50,787 [main] INFO  proxy.SecretKeyProtocolFailoverProxyProvider (SCMFailoverProxyProviderBase.java:<init>(120)) - Created fail-over proxy for protocol SecretKeyProtocolOmPB with 1 nodes: [nodeId=scmNodeId,nodeAddress=/0.0.0.0:15017]
2025-05-13 07:38:50,788 [main] INFO  symmetric.DefaultSecretKeyVerifierClient (DefaultSecretKeyVerifierClient.java:<init>(76)) - Initializing secret key cache with size 16, TTL PT168H
2025-05-13 07:38:50,790 [main] INFO  om.OzoneManager (OzoneManager.java:<init>(670)) - OM start with adminUsers: [om/pkrvmberfyhpb9w.internal.cloudapp.net@EXAMPLE.COM, om]
2025-05-13 07:38:50,792 [main] WARN  server.ServerUtils (ServerUtils.java:getDBPath(292)) - ozone.om.db.dirs is not configured. We recommend adding this setting. Falling back to ozone.metadata.dirs instead.
2025-05-13 07:38:50,932 [main] INFO  om.OzoneManager (OzoneManager.java:instantiateServices(914)) - S3 Multi-Tenancy is disabled
2025-05-13 07:38:50,933 [main] INFO  security.OzoneSecretStore (OzoneSecretStore.java:loadState(70)) - Loaded 0 tokens
2025-05-13 07:38:50,933 [main] INFO  security.OzoneDelegationTokenSecretManager (OzoneDelegationTokenSecretManager.java:loadTokenSecretState(513)) - Loading token state into token manager.
2025-05-13 07:38:50,933 [main] INFO  om.OmSnapshotManager (OmSnapshotManager.java:<init>(187)) - Ozone filesystem snapshot feature is enabled.
2025-05-13 07:38:50,934 [main] WARN  server.ServerUtils (ServerUtils.java:getDBPath(292)) - ozone.om.snapshot.diff.db.dir is not configured. We recommend adding this setting. Falling back to ozone.metadata.dirs instead.
2025-05-13 07:38:50,951 [main] INFO  om.OzoneManager (OzoneManager.java:addS3GVolumeToDB(4654)) - Created Volume s3v With Owner om required for S3Gateway operations.
2025-05-13 07:38:50,951 [main] WARN  server.ServerUtils (ServerUtils.java:getDefaultRatisDirectory(304)) - Storage directory for Ratis is not configured. It is a good idea to map this to an SSD disk. Falling back to ozone.metadata.dirs
2025-05-13 07:38:50,952 [main] WARN  utils.OzoneManagerRatisUtils (OzoneManagerRatisUtils.java:getOMRatisSnapshotDirectory(488)) - ozone.om.ratis.snapshot.dir is not configured. Falling back to ozone.metadata.dirs config
2025-05-13 07:38:50,952 [main] WARN  dropwizard3.Dm3MetricRegistriesImpl (Dm3MetricRegistriesImpl.java:addReporterRegistration(114)) - New reporters are added after registries were created. Some metrics will be missing from the reporter. Please add reporter before adding any new registry.
2025-05-13 07:38:50,952 [main] WARN  dropwizard3.Dm3MetricRegistriesImpl (Dm3MetricRegistriesImpl.java:addReporterRegistration(114)) - New reporters are added after registries were created. Some metrics will be missing from the reporter. Please add reporter before adding any new registry.
2025-05-13 07:38:50,952 [main] WARN  server.ServerUtils (ServerUtils.java:getDefaultRatisDirectory(304)) - Storage directory for Ratis is not configured. It is a good idea to map this to an SSD disk. Falling back to ozone.metadata.dirs
2025-05-13 07:38:50,953 [main] INFO  server.RaftServerConfigKeys (ConfUtils.java:logGet(46)) - raft.server.log.appender.buffer.byte-limit = 4194304 (custom)
2025-05-13 07:38:50,954 [main] INFO  ratis.OzoneManagerRatisServer (OzoneManagerRatisServer.java:<init>(167)) - Instantiating OM Ratis server with groupID: omServiceIdDefault and peers: pkrvmberfyhpb9w.internal.cloudapp.net:9872
2025-05-13 07:38:50,954 [main] INFO  ratis.OzoneManagerStateMachine (OzoneManagerStateMachine.java:loadSnapshotInfoFromDB(618)) - TransactionInfo not found in OM DB.
2025-05-13 07:38:50,955 [main] INFO  server.RaftServer (ConfUtils.java:logGet(46)) - raft.rpc.type = GRPC (default)
2025-05-13 07:38:50,955 [main] INFO  grpc.GrpcConfigKeys (ConfUtils.java:logFallback(53)) - raft.grpc.admin.host = null (fallback to raft.grpc.server.host)
2025-05-13 07:38:50,955 [main] INFO  grpc.GrpcConfigKeys (ConfUtils.java:logFallback(53)) - raft.grpc.admin.port = 9872 (fallback to raft.grpc.server.port)
2025-05-13 07:38:50,955 [main] INFO  grpc.GrpcConfigKeys (ConfUtils.java:logFallback(53)) - raft.grpc.client.host = null (fallback to raft.grpc.server.host)
2025-05-13 07:38:50,955 [main] INFO  grpc.GrpcConfigKeys (ConfUtils.java:logFallback(53)) - raft.grpc.client.port = 9872 (fallback to raft.grpc.server.port)
2025-05-13 07:38:50,956 [main] INFO  grpc.GrpcConfigKeys (ConfUtils.java:logGet(46)) - raft.grpc.server.host = null (default)
2025-05-13 07:38:50,956 [main] INFO  grpc.GrpcConfigKeys (ConfUtils.java:logGet(46)) - raft.grpc.server.port = 9872 (custom)
2025-05-13 07:38:50,956 [main] INFO  server.GrpcService (ConfUtils.java:logGet(46)) - raft.grpc.message.size.max = 5242880 (custom)
2025-05-13 07:38:50,956 [main] INFO  server.GrpcService (ConfUtils.java:logGet(46)) - raft.grpc.flow.control.window = 1MB (=1048576) (default)
2025-05-13 07:38:50,956 [main] INFO  server.RaftServerConfigKeys (ConfUtils.java:logGet(46)) - raft.server.rpc.request.timeout = 3000ms (default)
2025-05-13 07:38:50,956 [main] INFO  grpc.GrpcConfigKeys (ConfUtils.java:logGet(46)) - raft.grpc.server.heartbeat.channel = true (default)
2025-05-13 07:38:50,956 [main] INFO  server.RaftServerConfigKeys (ConfUtils.java:logGet(46)) - raft.server.log.appender.buffer.byte-limit = 4194304 (custom)
2025-05-13 07:38:50,956 [main] INFO  grpc.GrpcConfigKeys (ConfUtils.java:logGet(46)) - raft.grpc.server.async.request.thread.pool.cached = true (default)
2025-05-13 07:38:50,956 [main] INFO  grpc.GrpcConfigKeys (ConfUtils.java:logGet(46)) - raft.grpc.server.async.request.thread.pool.size = 32 (default)
2025-05-13 07:38:50,957 [main] INFO  impl.DataStreamServerImpl (ConfUtils.java:logGet(46)) - raft.datastream.type = DISABLED (default)
2025-05-13 07:38:50,957 [main] INFO  server.RaftServerConfigKeys (ConfUtils.java:logGet(46)) - raft.server.sleep.deviation.threshold = 300ms (default)
2025-05-13 07:38:50,958 [main] INFO  server.RaftServerConfigKeys (ConfUtils.java:logGet(46)) - raft.server.close.threshold = 60s (default)
2025-05-13 07:38:50,958 [main] INFO  server.RaftServerConfigKeys (ConfUtils.java:logGet(46)) - raft.server.leaderelection.leader.step-down.wait-time = 10s (default)
2025-05-13 07:38:50,958 [main] INFO  server.RaftServerConfigKeys (ConfUtils.java:logGet(46)) - raft.server.storage.dir = [/tmp/junit-15262155997502508370/scm-meta/ratis] (custom)
2025-05-13 07:38:50,958 [main] INFO  server.RaftServerConfigKeys (ConfUtils.java:logGet(46)) - raft.server.threadpool.proxy.cached = true (default)
2025-05-13 07:38:50,958 [main] INFO  server.RaftServerConfigKeys (ConfUtils.java:logGet(46)) - raft.server.threadpool.proxy.size = 0 (default)
2025-05-13 07:38:50,959 [main] INFO  server.RaftServer (RaftServerProxy.java:addNew(100)) - om1: addNew group-C5BA1605619E:[om1|pkrvmberfyhpb9w.internal.cloudapp.net:9872] returns group-C5BA1605619E:java.util.concurrent.CompletableFuture@60fa2d75[Not completed]
2025-05-13 07:38:50,959 [main] INFO  om.OzoneManager (OzoneManager.java:initializeRatisServer(2284)) - OzoneManager Ratis server initialized at port 9872
2025-05-13 07:38:50,959 [main] INFO  om.OzoneManager (OzoneManager.java:getRpcServer(1340)) - Creating RPC Server
2025-05-13 07:38:50,959 [om1-groupManagement] INFO  server.RaftServer$Division (RaftServerImpl.java:<init>(255)) - om1: new RaftServerImpl for group-C5BA1605619E:[om1|pkrvmberfyhpb9w.internal.cloudapp.net:9872] with OzoneManagerStateMachine:uninitialized
2025-05-13 07:38:50,959 [om1-groupManagement] INFO  server.RaftServerConfigKeys (ConfUtils.java:logGet(46)) - raft.server.rpc.timeout.min = 5s (custom)
2025-05-13 07:38:50,959 [om1-groupManagement] INFO  server.RaftServerConfigKeys (ConfUtils.java:logGet(46)) - raft.server.rpc.timeout.max = 5200ms (custom)
2025-05-13 07:38:50,959 [om1-groupManagement] INFO  server.RaftServerConfigKeys (ConfUtils.java:logGet(46)) - raft.server.rpc.sleep.time = 25ms (default)
2025-05-13 07:38:50,959 [om1-groupManagement] INFO  server.RaftServerConfigKeys (ConfUtils.java:logGet(46)) - raft.server.rpc.slowness.timeout = 120s (custom)
2025-05-13 07:38:50,959 [om1-groupManagement] INFO  server.RaftServerConfigKeys (ConfUtils.java:logGet(46)) - raft.server.leaderelection.leader.step-down.wait-time = 10s (default)
2025-05-13 07:38:50,959 [om1-groupManagement] INFO  server.RaftServerConfigKeys (ConfUtils.java:logGet(46)) - raft.server.leaderelection.member.majority-add = false (default)
2025-05-13 07:38:50,959 [om1-groupManagement] INFO  server.RaftServerConfigKeys (ConfUtils.java:logGet(46)) - raft.server.sleep.deviation.threshold = 300ms (default)
2025-05-13 07:38:50,960 [om1-groupManagement] INFO  server.RaftServer$Division (ServerState.java:<init>(114)) - om1@group-C5BA1605619E: ConfigurationManager, init=conf: {index: -1, cur=peers:[om1|pkrvmberfyhpb9w.internal.cloudapp.net:9872]|listeners:[], old=null}, confs=<EMPTY_MAP>
2025-05-13 07:38:50,960 [om1-groupManagement] INFO  server.RaftServerConfigKeys (ConfUtils.java:logGet(46)) - raft.server.notification.no-leader.timeout = 120s (custom)
2025-05-13 07:38:50,960 [om1-groupManagement] INFO  server.RaftServerConfigKeys (ConfUtils.java:logGet(46)) - raft.server.read.timeout = 10s (default)
2025-05-13 07:38:50,960 [om1-groupManagement] INFO  server.RaftServerConfigKeys (ConfUtils.java:logGet(46)) - raft.server.retrycache.expirytime = 300s (custom)
2025-05-13 07:38:50,960 [om1-groupManagement] INFO  server.RaftServerConfigKeys (ConfUtils.java:logGet(46)) - raft.server.retrycache.statistics.expirytime = 100ms (default)
2025-05-13 07:38:50,963 [om1-groupManagement] INFO  server.RaftServerConfigKeys (ConfUtils.java:logGet(46)) - raft.server.read.option = DEFAULT (default)
2025-05-13 07:38:50,963 [om1-groupManagement] INFO  server.RaftServerConfigKeys (ConfUtils.java:logGet(46)) - raft.server.read.read-after-write-consistent.write-index-cache.expiry-time = 60s (default)
2025-05-13 07:38:50,964 [om1-groupManagement] INFO  server.RaftServerConfigKeys (ConfUtils.java:logGet(46)) - raft.server.rpc.request.timeout = 3000ms (default)
2025-05-13 07:38:50,964 [om1-groupManagement] INFO  server.RaftServerConfigKeys (ConfUtils.java:logGet(46)) - raft.server.log.appender.install.snapshot.enabled = false (custom)
2025-05-13 07:38:50,964 [om1-groupManagement] INFO  server.RaftServerConfigKeys (ConfUtils.java:logGet(46)) - raft.server.threadpool.server.cached = true (default)
2025-05-13 07:38:50,964 [om1-groupManagement] INFO  server.RaftServerConfigKeys (ConfUtils.java:logGet(46)) - raft.server.threadpool.server.size = 0 (default)
2025-05-13 07:38:50,964 [om1-groupManagement] INFO  server.RaftServerConfigKeys (ConfUtils.java:logGet(46)) - raft.server.threadpool.client.cached = true (default)
2025-05-13 07:38:50,964 [om1-groupManagement] INFO  server.RaftServerConfigKeys (ConfUtils.java:logGet(46)) - raft.server.threadpool.client.size = 0 (default)
2025-05-13 07:38:51,346 [main] INFO  reflections.Reflections (Reflections.java:scan(219)) - Reflections took 386 ms to scan 24 urls, producing 60 keys and 7515 values
2025-05-13 07:38:51,348 [main] INFO  ipc.CallQueueManager (CallQueueManager.java:<init>(93)) - Using callQueue: class java.util.concurrent.LinkedBlockingQueue, queueCapacity: 2000, scheduler: class org.apache.hadoop.ipc.DefaultRpcScheduler, ipcBackoff: false, ipcFailOver: false.
2025-05-13 07:38:51,349 [main] INFO  server.StorageContainerManager (StorageContainerManager.java:stop(1608)) - Container Balancer is not running.
2025-05-13 07:38:51,349 [main] INFO  server.StorageContainerManager (StorageContainerManager.java:stopReplicationManager(1742)) - Stopping Replication Manager Service.
2025-05-13 07:38:51,349 [main] INFO  replication.ReplicationManager (ReplicationManager.java:stop(316)) - Stopping Replication Monitor Thread.
2025-05-13 07:38:51,349 [UnderReplicatedProcessor] WARN  replication.UnhealthyReplicationProcessor (UnhealthyReplicationProcessor.java:run(178)) - UnderReplicatedProcessor interrupted. Exiting...
2025-05-13 07:38:51,349 [ReplicationMonitor] INFO  replication.ReplicationManager (ReplicationManager.java:run(936)) - Replication Monitor Thread is stopped
2025-05-13 07:38:51,349 [main] INFO  server.StorageContainerManager (StorageContainerManager.java:stop(1617)) - Stopping the Datanode Admin Monitor.
2025-05-13 07:38:51,349 [OverReplicatedProcessor] WARN  replication.UnhealthyReplicationProcessor (UnhealthyReplicationProcessor.java:run(178)) - OverReplicatedProcessor interrupted. Exiting...
2025-05-13 07:38:51,350 [main] INFO  server.StorageContainerManager (StorageContainerManager.java:stop(1624)) - Stopping datanode service RPC server
2025-05-13 07:38:51,350 [main] INFO  server.SCMDatanodeProtocolServer (SCMDatanodeProtocolServer.java:stop(447)) - Stopping the RPC server for DataNodes
2025-05-13 07:38:51,350 [main] INFO  ipc.Server (Server.java:stop(3697)) - Stopping server on 15015
2025-05-13 07:38:51,428 [SCMHeartbeatProcessor-0] WARN  node.NodeStateManager (NodeStateManager.java:scheduleNextHealthCheck(909)) - Current Thread is interrupted, shutting down HB processing thread for Node Manager.
2025-05-13 07:38:51,429 [main] INFO  server.StorageContainerManager (StorageContainerManager.java:stop(1632)) - Stopping block service RPC server
2025-05-13 07:38:51,429 [main] INFO  server.SCMBlockProtocolServer (SCMBlockProtocolServer.java:stop(175)) - Stopping the RPC server for Block Protocol
2025-05-13 07:38:51,429 [main] INFO  ipc.Server (Server.java:stop(3697)) - Stopping server on 15016
2025-05-13 07:38:51,434 [IPC Server Responder] INFO  ipc.Server (Server.java:run(1718)) - Stopping IPC Server Responder
2025-05-13 07:38:51,434 [IPC Server listener on 15016] INFO  ipc.Server (Server.java:run(1585)) - Stopping IPC Server listener on 15016
2025-05-13 07:38:51,434 [main] INFO  server.StorageContainerManager (StorageContainerManager.java:stop(1639)) - Stopping the StorageContainerLocationProtocol RPC server
2025-05-13 07:38:51,434 [main] INFO  server.SCMClientProtocolServer (SCMClientProtocolServer.java:stop(216)) - Stopping the RPC server for Client Protocol
2025-05-13 07:38:51,434 [main] INFO  ipc.Server (Server.java:stop(3697)) - Stopping server on 15014
2025-05-13 07:38:51,437 [IPC Server Responder] INFO  ipc.Server (Server.java:run(1718)) - Stopping IPC Server Responder
2025-05-13 07:38:51,437 [main] INFO  server.StorageContainerManager (StorageContainerManager.java:stop(1646)) - Stopping Storage Container Manager HTTP server.
2025-05-13 07:38:51,437 [IPC Server listener on 15014] INFO  ipc.Server (Server.java:run(1585)) - Stopping IPC Server listener on 15014
2025-05-13 07:38:51,438 [main] INFO  handler.ContextHandler (ContextHandler.java:doStop(1159)) - Stopped o.e.j.w.WebAppContext@3cc7b5b7{scm,/,null,STOPPED}{file:/home/runner/work/ozone/ozone/hadoop-ozone/integration-test/target/test-classes/webapps/scm}
2025-05-13 07:38:51,439 [main] INFO  server.AbstractConnector (AbstractConnector.java:doStop(383)) - Stopped ServerConnector@4bfaf854{HTTP/1.1, (http/1.1)}{0.0.0.0:9876}
2025-05-13 07:38:51,439 [main] INFO  server.session (HouseKeeper.java:stopScavenging(149)) - node0 Stopped scavenging
2025-05-13 07:38:51,440 [main] INFO  handler.ContextHandler (ContextHandler.java:doStop(1159)) - Stopped o.e.j.s.ServletContextHandler@678852b5{static,/static,file:///home/runner/work/ozone/ozone/hadoop-ozone/integration-test/target/test-classes/webapps/static,STOPPED}
2025-05-13 07:38:51,440 [main] INFO  handler.ContextHandler (ContextHandler.java:doStop(1159)) - Stopped o.e.j.s.ServletContextHandler@697c3410{logs,/logs,file:///home/runner/work/ozone/ozone/hadoop-ozone/integration-test/target/log,STOPPED}
2025-05-13 07:38:51,441 [main] INFO  server.StorageContainerManager (StorageContainerManager.java:stop(1654)) - Stopping SCM LayoutVersionManager Service.
2025-05-13 07:38:51,441 [main] INFO  server.SCMSecurityProtocolServer (SCMSecurityProtocolServer.java:stop(510)) - Stopping the SCMSecurityProtocolServer.
2025-05-13 07:38:51,441 [main] INFO  ipc.Server (Server.java:stop(3697)) - Stopping server on 15017
2025-05-13 07:38:51,442 [IPC Server listener on 15017] INFO  ipc.Server (Server.java:run(1585)) - Stopping IPC Server listener on 15017
2025-05-13 07:38:51,442 [main] INFO  server.StorageContainerManager (StorageContainerManager.java:stop(1666)) - Stopping Block Manager Service.
2025-05-13 07:38:51,442 [main] INFO  utils.BackgroundService (BackgroundService.java:shutdown(160)) - Shutting down service SCMBlockDeletingService
2025-05-13 07:38:51,442 [IPC Server Responder] INFO  ipc.Server (Server.java:run(1718)) - Stopping IPC Server Responder
2025-05-13 07:38:51,442 [main] INFO  utils.BackgroundService (BackgroundService.java:shutdown(160)) - Shutting down service SCMBlockDeletingService
2025-05-13 07:38:51,443 [main] INFO  server.StorageContainerManager (StorageContainerManager.java:stop(1691)) - Stopping SCM Event Queue.
2025-05-13 07:38:51,443 [main] INFO  server.StorageContainerManager (StorageContainerManager.java:stop(1698)) - Stopping SCM HA services.
2025-05-13 07:38:51,444 [main] INFO  ha.SCMRatisServerImpl (SCMRatisServerImpl.java:stop(266)) - stopping ratis server 0.0.0.0:15018
2025-05-13 07:38:51,444 [main] INFO  server.RaftServer (RaftServerProxy.java:lambda$close$9(417)) - 718812ce-78c6-4ba2-8b7c-2561431a5fe2: close
2025-05-13 07:38:51,444 [718812ce-78c6-4ba2-8b7c-2561431a5fe2-impl-thread1] INFO  server.RaftServer$Division (RaftServerImpl.java:lambda$close$1(513)) - 718812ce-78c6-4ba2-8b7c-2561431a5fe2@group-98033947978F: shutdown
2025-05-13 07:38:51,444 [main] INFO  server.GrpcService (GrpcService.java:closeImpl(343)) - 718812ce-78c6-4ba2-8b7c-2561431a5fe2: shutdown server GrpcServerProtocolService now
2025-05-13 07:38:51,444 [718812ce-78c6-4ba2-8b7c-2561431a5fe2-impl-thread1] INFO  util.JmxRegister (JmxRegister.java:unregister(74)) - Successfully un-registered JMX Bean with object name Ratis:service=RaftServer,group=group-98033947978F,id=718812ce-78c6-4ba2-8b7c-2561431a5fe2
2025-05-13 07:38:51,444 [718812ce-78c6-4ba2-8b7c-2561431a5fe2-impl-thread1] INFO  impl.RoleInfo (RoleInfo.java:shutdownFollowerState(121)) - 718812ce-78c6-4ba2-8b7c-2561431a5fe2: shutdown 718812ce-78c6-4ba2-8b7c-2561431a5fe2@group-98033947978F-FollowerState
2025-05-13 07:38:51,444 [718812ce-78c6-4ba2-8b7c-2561431a5fe2@group-98033947978F-FollowerState] INFO  impl.FollowerState (FollowerState.java:runImpl(170)) - 718812ce-78c6-4ba2-8b7c-2561431a5fe2@group-98033947978F-FollowerState was interrupted
2025-05-13 07:38:51,445 [718812ce-78c6-4ba2-8b7c-2561431a5fe2-impl-thread1] INFO  impl.StateMachineUpdater (StateMachineUpdater.java:stopAndJoin(164)) - 718812ce-78c6-4ba2-8b7c-2561431a5fe2@group-98033947978F-StateMachineUpdater: set stopIndex = -1
2025-05-13 07:38:51,445 [718812ce-78c6-4ba2-8b7c-2561431a5fe2@group-98033947978F-StateMachineUpdater] INFO  impl.StateMachineUpdater (StateMachineUpdater.java:stop(141)) - 718812ce-78c6-4ba2-8b7c-2561431a5fe2@group-98033947978F-StateMachineUpdater: closing SCMStateMachine, lastApplied=(t:0, i:~)
2025-05-13 07:38:51,445 [718812ce-78c6-4ba2-8b7c-2561431a5fe2@group-98033947978F-cacheEviction-AwaitToRun] INFO  util.AwaitToRun (AwaitToRun.java:run(49)) - 718812ce-78c6-4ba2-8b7c-2561431a5fe2@group-98033947978F-cacheEviction-AwaitToRun-AwaitForSignal is interrupted
2025-05-13 07:38:51,446 [main] INFO  server.GrpcService (GrpcService.java:closeImpl(352)) - 718812ce-78c6-4ba2-8b7c-2561431a5fe2: shutdown server GrpcServerProtocolService successfully
2025-05-13 07:38:51,582 [718812ce-78c6-4ba2-8b7c-2561431a5fe2-impl-thread1] INFO  segmented.SegmentedRaftLogWorker (SegmentedRaftLogWorker.java:close(252)) - 718812ce-78c6-4ba2-8b7c-2561431a5fe2@group-98033947978F-SegmentedRaftLogWorker close()
2025-05-13 07:38:51,583 [JvmPauseMonitor5] INFO  util.JvmPauseMonitor (JvmPauseMonitor.java:run(152)) - JvmPauseMonitor-718812ce-78c6-4ba2-8b7c-2561431a5fe2: Stopped
2025-05-13 07:38:51,583 [main] INFO  SCMHATransactionMonitor (BackgroundSCMService.java:stop(127)) - Stopping SCMHATransactionMonitor Service.
2025-05-13 07:38:51,583 [SCMHATransactionMonitor] WARN  SCMHATransactionMonitor (BackgroundSCMService.java:run(111)) - SCMHATransactionMonitor is interrupted, exit
2025-05-13 07:38:51,584 [main] INFO  pipeline.BackgroundPipelineCreator (BackgroundPipelineCreator.java:stop(154)) - Stopping RatisPipelineUtilsThread.
2025-05-13 07:38:51,584 [RatisPipelineUtilsThread-0] WARN  pipeline.BackgroundPipelineCreator (BackgroundPipelineCreator.java:run(185)) - RatisPipelineUtilsThread is interrupted.
2025-05-13 07:38:51,584 [main] INFO  BackgroundPipelineScrubber (BackgroundSCMService.java:stop(127)) - Stopping BackgroundPipelineScrubber Service.
2025-05-13 07:38:51,584 [BackgroundPipelineScrubber] WARN  BackgroundPipelineScrubber (BackgroundSCMService.java:run(111)) - BackgroundPipelineScrubber is interrupted, exit
2025-05-13 07:38:51,585 [main] INFO  impl.MetricsSystemImpl (MetricsSystemImpl.java:stop(210)) - Stopping StorageContainerManager metrics system...
2025-05-13 07:38:51,586 [prometheus] INFO  impl.MetricsSinkAdapter (MetricsSinkAdapter.java:publishMetricsFromQueue(141)) - prometheus thread interrupted.
2025-05-13 07:38:51,586 [main] INFO  impl.MetricsSystemImpl (MetricsSystemImpl.java:stop(216)) - StorageContainerManager metrics system stopped.
2025-05-13 07:38:51,586 [main] WARN  pipeline.BackgroundPipelineCreator (BackgroundPipelineCreator.java:stop(150)) - RatisPipelineUtilsThread is not running, just ignore.
2025-05-13 07:38:51,586 [main] INFO  BackgroundPipelineScrubber (BackgroundSCMService.java:stop(122)) - BackgroundPipelineScrubber Service is not running, skip stop.
2025-05-13 07:38:51,587 [main] INFO  ExpiredContainerReplicaOpScrubber (BackgroundSCMService.java:stop(127)) - Stopping ExpiredContainerReplicaOpScrubber Service.
2025-05-13 07:38:51,587 [main] INFO  utils.BackgroundService (BackgroundService.java:shutdown(160)) - Shutting down service SCMBlockDeletingService
2025-05-13 07:38:51,587 [ExpiredContainerReplicaOpScrubber] WARN  ExpiredContainerReplicaOpScrubber (BackgroundSCMService.java:run(111)) - ExpiredContainerReplicaOpScrubber is interrupted, exit
2025-05-13 07:38:51,587 [main] INFO  replication.ReplicationManager (ReplicationManager.java:stop(323)) - Replication Monitor Thread is not running.
2025-05-13 07:38:51,587 [main] WARN  balancer.ContainerBalancer (ContainerBalancer.java:stop(350)) - Cannot stop Container Balancer because it's not running or stopping
2025-05-13 07:38:51,587 [main] INFO  SCMHATransactionMonitor (BackgroundSCMService.java:stop(122)) - SCMHATransactionMonitor Service is not running, skip stop.
2025-05-13 07:38:51,587 [main] INFO  server.StorageContainerManager (StorageContainerManager.java:stop(1733)) - Stopping SCM MetadataStore.
2025-05-13 07:38:51,588 [LeaseManager#LeaseMonitor] WARN  lease.LeaseManager (LeaseManager.java:run(285)) - Lease manager is interrupted. Shutting down...
java.lang.InterruptedException
	at java.base/java.util.concurrent.locks.AbstractQueuedSynchronizer.tryAcquireSharedNanos(AbstractQueuedSynchronizer.java:1133)
	at java.base/java.util.concurrent.Semaphore.tryAcquire(Semaphore.java:415)
	at org.apache.hadoop.ozone.lease.LeaseManager$LeaseMonitor.run(LeaseManager.java:283)
	at java.base/java.lang.Thread.run(Thread.java:1583)
2025-05-13 07:38:51,588 [718812ce-78c6-4ba2-8b7c-2561431a5fe2-scm/sub-ca-refreshCACertificates] ERROR util.ExitUtils (ExitUtils.java:terminate(133)) - Terminating with exit status -1: Thread[#977,718812ce-78c6-4ba2-8b7c-2561431a5fe2-scm/sub-ca-refreshCACertificates,5,main] has thrown an uncaught exception
java.lang.reflect.UndeclaredThrowableException
	at jdk.proxy2/jdk.proxy2.$Proxy45.submitRequest(Unknown Source)
	at org.apache.hadoop.hdds.protocolPB.SCMSecurityProtocolClientSideTranslatorPB.submitRequest(SCMSecurityProtocolClientSideTranslatorPB.java:93)
	at org.apache.hadoop.hdds.protocolPB.SCMSecurityProtocolClientSideTranslatorPB.getAllRootCaCertificates(SCMSecurityProtocolClientSideTranslatorPB.java:382)
	at org.apache.hadoop.hdds.security.x509.certificate.client.SCMCertificateClient$RefreshCACertificates.run(SCMCertificateClient.java:238)
	at java.base/java.util.concurrent.ThreadPoolExecutor.runWorker(ThreadPoolExecutor.java:1144)
	at java.base/java.util.concurrent.ThreadPoolExecutor$Worker.run(ThreadPoolExecutor.java:642)
	at java.base/java.lang.Thread.run(Thread.java:1583)
Caused by: java.io.InterruptedIOException: Retry interrupted
	at org.apache.hadoop.io.retry.RetryInvocationHandler$Call.processWaitTimeAndRetryInfo(RetryInvocationHandler.java:141)
	at org.apache.hadoop.io.retry.RetryInvocationHandler$Call.invokeOnce(RetryInvocationHandler.java:112)
	at org.apache.hadoop.io.retry.RetryInvocationHandler.invoke(RetryInvocationHandler.java:366)
	... 7 more
Caused by: java.lang.InterruptedException: sleep interrupted
	at java.base/java.lang.Thread.sleep0(Native Method)
	at java.base/java.lang.Thread.sleep(Thread.java:509)
	at org.apache.hadoop.io.retry.RetryInvocationHandler$Call.processWaitTimeAndRetryInfo(RetryInvocationHandler.java:135)
	... 9 more
2025-05-13 07:38:51,590 [main] INFO  impl.DefaultInternalKdcServerImpl (DefaultInternalKdcServerImpl.java:doStop(102)) - Default Internal kdc server stopped.
2025-05-13 07:38:52,590 [main] INFO  minikdc.MiniKdc (MiniKdc.java:stop(359)) - MiniKdc stopped.
2025-05-13 07:38:52,590 [main] INFO  server.StorageContainerManager (StorageContainerManager.java:stop(1597)) - Storage Container Manager is not running.
2025-05-13 07:38:52,591 [main] INFO  server.StorageContainerManager (StorageContainerManager.java:stopReplicationManager(1742)) - Stopping Replication Manager Service.
2025-05-13 07:38:52,591 [main] INFO  replication.ReplicationManager (ReplicationManager.java:stop(323)) - Replication Monitor Thread is not running.
2025-05-13 07:38:52,591 [main] INFO  server.SCMSecurityProtocolServer (SCMSecurityProtocolServer.java:join(519)) - Join RPC server for SCMSecurityProtocolServer.
2025-05-13 07:38:52,591 [main] INFO  server.SCMSecurityProtocolServer (SCMSecurityProtocolServer.java:join(521)) - Join gRPC server for SCMSecurityProtocolServer.
]]></system-out>
    </rerunError>
    <rerunError message="Problem binding to [pkrvmberfyhpb9w.internal.cloudapp.net:15027] java.net.BindException: Cannot assign requested address; For more details see:  http://wiki.apache.org/hadoop/BindException" type="java.net.BindException">
      <stackTrace><![CDATA[java.net.BindException: Problem binding to [pkrvmberfyhpb9w.internal.cloudapp.net:15027] java.net.BindException: Cannot assign requested address; For more details see:  http://wiki.apache.org/hadoop/BindException
	at java.base/jdk.internal.reflect.DirectConstructorHandleAccessor.newInstance(DirectConstructorHandleAccessor.java:62)
	at java.base/java.lang.reflect.Constructor.newInstanceWithCaller(Constructor.java:502)
	at java.base/java.lang.reflect.Constructor.newInstance(Constructor.java:486)
	at org.apache.hadoop.net.NetUtils.wrapWithMessage(NetUtils.java:961)
	at org.apache.hadoop.net.NetUtils.wrapException(NetUtils.java:857)
	at org.apache.hadoop.ipc.Server.bind(Server.java:715)
	at org.apache.hadoop.ipc.Server$Listener.<init>(Server.java:1435)
	at org.apache.hadoop.ipc.Server.<init>(Server.java:3364)
	at org.apache.hadoop.ipc.RPC$Server.<init>(RPC.java:1195)
	at org.apache.hadoop.ipc.ProtobufRpcEngine2$Server.<init>(ProtobufRpcEngine2.java:485)
	at org.apache.hadoop.ipc.ProtobufRpcEngine$Server.<init>(ProtobufRpcEngine.java:452)
	at org.apache.hadoop.ipc.ProtobufRpcEngine.getServer(ProtobufRpcEngine.java:375)
	at org.apache.hadoop.ipc.RPC$Builder.build(RPC.java:986)
	at org.apache.hadoop.ozone.om.OzoneManager.startRpcServer(OzoneManager.java:1414)
	at org.apache.hadoop.ozone.om.OzoneManager.getRpcServer(OzoneManager.java:1376)
	at org.apache.hadoop.ozone.om.OzoneManager.<init>(OzoneManager.java:695)
	at org.apache.hadoop.ozone.om.OzoneManager.createOm(OzoneManager.java:877)
	at org.apache.hadoop.ozone.TestSecureOzoneCluster.setupOm(TestSecureOzoneCluster.java:716)
	at org.apache.hadoop.ozone.TestSecureOzoneCluster.testGetSetRevokeS3Secret(TestSecureOzoneCluster.java:728)
	at java.base/java.lang.reflect.Method.invoke(Method.java:580)
	at java.base/java.util.ArrayList.forEach(ArrayList.java:1596)
	at java.base/java.util.ArrayList.forEach(ArrayList.java:1596)
Caused by: java.net.BindException: Cannot assign requested address
	at java.base/sun.nio.ch.Net.bind0(Native Method)
	at java.base/sun.nio.ch.Net.bind(Net.java:565)
	at java.base/sun.nio.ch.ServerSocketChannelImpl.netBind(ServerSocketChannelImpl.java:344)
	at java.base/sun.nio.ch.ServerSocketChannelImpl.bind(ServerSocketChannelImpl.java:301)
	at java.base/sun.nio.ch.ServerSocketAdaptor.bind(ServerSocketAdaptor.java:89)
	at org.apache.hadoop.ipc.Server.bind(Server.java:698)
	... 16 more
]]></stackTrace>
      <system-out><![CDATA[2025-05-13 07:38:52,636 [main] INFO  minikdc.MiniKdc (MiniKdc.java:<init>(225)) - Configuration:
2025-05-13 07:38:52,636 [main] INFO  minikdc.MiniKdc (MiniKdc.java:<init>(226)) - ---------------------------------------------------------------
2025-05-13 07:38:52,636 [main] INFO  minikdc.MiniKdc (MiniKdc.java:<init>(228)) -   max.renewable.lifetime: 604800000
2025-05-13 07:38:52,636 [main] INFO  minikdc.MiniKdc (MiniKdc.java:<init>(228)) -   instance: DefaultKrbServer
2025-05-13 07:38:52,636 [main] INFO  minikdc.MiniKdc (MiniKdc.java:<init>(228)) -   debug: false
2025-05-13 07:38:52,637 [main] INFO  minikdc.MiniKdc (MiniKdc.java:<init>(228)) -   kdc.bind.address: localhost
2025-05-13 07:38:52,637 [main] INFO  minikdc.MiniKdc (MiniKdc.java:<init>(228)) -   max.ticket.lifetime: 86400000
2025-05-13 07:38:52,637 [main] INFO  minikdc.MiniKdc (MiniKdc.java:<init>(228)) -   transport: TCP
2025-05-13 07:38:52,637 [main] INFO  minikdc.MiniKdc (MiniKdc.java:<init>(228)) -   org.name: EXAMPLE
2025-05-13 07:38:52,637 [main] INFO  minikdc.MiniKdc (MiniKdc.java:<init>(228)) -   org.domain: COM
2025-05-13 07:38:52,637 [main] INFO  minikdc.MiniKdc (MiniKdc.java:<init>(228)) -   kdc.port: 0
2025-05-13 07:38:52,637 [main] INFO  minikdc.MiniKdc (MiniKdc.java:<init>(230)) - ---------------------------------------------------------------
2025-05-13 07:38:52,639 [main] INFO  minikdc.MiniKdc (MiniKdc.java:start(285)) - MiniKdc started.
2025-05-13 07:38:53,028 [main] INFO  keys.KeyStorage (KeyStorage.java:storePublicKey(210)) - Storing public key to /tmp/junit-13837749624860595715/om-meta/om/keys/public.pem.
2025-05-13 07:38:53,029 [main] INFO  keys.KeyStorage (KeyStorage.java:storePrivateKey(194)) - Storing private key to /tmp/junit-13837749624860595715/om-meta/om/keys/private.pem.
2025-05-13 07:38:53,029 [main] INFO  om.OzoneManager (OzoneManager.java:getOmDetailsProto(4941)) - OzoneManager ports added:[name: "RPC"
value: 15027
]
2025-05-13 07:38:53,030 [main] WARN  server.ServerUtils (ServerUtils.java:getScmDbDir(138)) - ozone.scm.db.dirs is not configured. We recommend adding this setting. Falling back to ozone.metadata.dirs instead.
2025-05-13 07:38:53,030 [main] INFO  ha.HASecurityUtils (HASecurityUtils.java:initializeSecurity(79)) - Initializing secure StorageContainerManager.
2025-05-13 07:38:53,031 [main] INFO  proxy.SCMSecurityProtocolFailoverProxyProvider (SCMFailoverProxyProviderBase.java:<init>(120)) - Created fail-over proxy for protocol SCMSecurityProtocolPB with 1 nodes: [nodeId=scmNodeId,nodeAddress=localhost/127.0.0.1:15024]
2025-05-13 07:38:53,031 [main] INFO  client.SCMCertificateClient (DefaultCertificateClient.java:updateCertSerialId(1289)) - Certificate serial ID set to null
2025-05-13 07:38:53,031 [main] ERROR client.SCMCertificateClient (DefaultCertificateClient.java:getCertPath(373)) - Default certificate serial id is not set. Can't locate the default certificate for this client.
2025-05-13 07:38:53,031 [main] INFO  client.SCMCertificateClient (DefaultCertificateClient.java:init(717)) - Certificate client init case: 0
2025-05-13 07:38:53,031 [main] INFO  client.SCMCertificateClient (DefaultCertificateClient.java:handleCase(735)) - Creating keypair for client as keypair and certificate not found.
2025-05-13 07:38:53,120 [main] INFO  keys.KeyStorage (KeyStorage.java:storePublicKey(210)) - Storing public key to /tmp/junit-13837749624860595715/scm-meta/scm/sub-ca/keys/public.pem.
2025-05-13 07:38:53,120 [main] INFO  keys.KeyStorage (KeyStorage.java:storePrivateKey(194)) - Storing private key to /tmp/junit-13837749624860595715/scm-meta/scm/sub-ca/keys/private.pem.
2025-05-13 07:38:53,121 [main] INFO  client.SCMCertificateClient (SCMCertificateClient.java:recoverStateIfNeeded(278)) - Init response: GETCERT
2025-05-13 07:38:53,121 [main] INFO  keys.KeyStorage (KeyStorage.java:readPublicKey(174)) - Reading public key from /tmp/junit-13837749624860595715/scm-meta/scm/ca/keys/public.pem.
2025-05-13 07:38:53,121 [main] ERROR keys.KeyStorage (KeyStorage.java:readPublicKey(178)) - Failed to read the public key.
java.nio.file.NoSuchFileException: /tmp/junit-13837749624860595715/scm-meta/scm/ca/keys/public.pem
	at java.base/sun.nio.fs.UnixException.translateToIOException(UnixException.java:92)
	at java.base/sun.nio.fs.UnixException.rethrowAsIOException(UnixException.java:106)
	at java.base/sun.nio.fs.UnixException.rethrowAsIOException(UnixException.java:111)
	at java.base/sun.nio.fs.UnixFileSystemProvider.newByteChannel(UnixFileSystemProvider.java:261)
	at java.base/java.nio.file.Files.newByteChannel(Files.java:380)
	at java.base/java.nio.file.Files.newByteChannel(Files.java:432)
	at java.base/java.nio.file.Files.readAllBytes(Files.java:3281)
	at org.apache.hadoop.hdds.security.x509.keys.KeyStorage.readPublicKey(KeyStorage.java:176)
	at org.apache.hadoop.hdds.security.x509.keys.KeyStorage.readKeyPair(KeyStorage.java:184)
	at org.apache.hadoop.hdds.security.x509.certificate.authority.DefaultCAServer.checkIfKeysExist(DefaultCAServer.java:354)
	at org.apache.hadoop.hdds.security.x509.certificate.authority.DefaultCAServer.verifySelfSignedCA(DefaultCAServer.java:323)
	at org.apache.hadoop.hdds.security.x509.certificate.authority.DefaultCAServer.init(DefaultCAServer.java:162)
	at org.apache.hadoop.hdds.security.x509.certificate.client.SCMCertificateClient.initializeRootCertificateServer(SCMCertificateClient.java:396)
	at org.apache.hadoop.hdds.security.x509.certificate.client.SCMCertificateClient.getPrimarySCMSelfSignedCert(SCMCertificateClient.java:346)
	at org.apache.hadoop.hdds.security.x509.certificate.client.SCMCertificateClient.recoverStateIfNeeded(SCMCertificateClient.java:287)
	at org.apache.hadoop.hdds.security.x509.certificate.client.DefaultCertificateClient.initWithRecovery(DefaultCertificateClient.java:698)
	at org.apache.hadoop.hdds.scm.ha.HASecurityUtils.initializeSecurity(HASecurityUtils.java:96)
	at org.apache.hadoop.ozone.TestSecureOzoneCluster.initSCM(TestSecureOzoneCluster.java:450)
	at org.apache.hadoop.ozone.TestSecureOzoneCluster.testGetSetRevokeS3Secret(TestSecureOzoneCluster.java:722)
	at java.base/jdk.internal.reflect.DirectMethodHandleAccessor.invoke(DirectMethodHandleAccessor.java:103)
	at java.base/java.lang.reflect.Method.invoke(Method.java:580)
	at org.junit.platform.commons.util.ReflectionUtils.invokeMethod(ReflectionUtils.java:775)
	at org.junit.platform.commons.support.ReflectionSupport.invokeMethod(ReflectionSupport.java:479)
	at org.junit.jupiter.engine.execution.MethodInvocation.proceed(MethodInvocation.java:60)
	at org.junit.jupiter.engine.execution.InvocationInterceptorChain$ValidatingInvocation.proceed(InvocationInterceptorChain.java:131)
	at org.junit.jupiter.engine.extension.SameThreadTimeoutInvocation.proceed(SameThreadTimeoutInvocation.java:49)
	at org.junit.jupiter.engine.extension.TimeoutExtension.intercept(TimeoutExtension.java:161)
	at org.junit.jupiter.engine.extension.TimeoutExtension.interceptTestableMethod(TimeoutExtension.java:152)
	at org.junit.jupiter.engine.extension.TimeoutExtension.interceptTestMethod(TimeoutExtension.java:91)
	at org.junit.jupiter.engine.execution.InterceptingExecutableInvoker$ReflectiveInterceptorCall.lambda$ofVoidMethod$0(InterceptingExecutableInvoker.java:112)
	at org.junit.jupiter.engine.execution.InterceptingExecutableInvoker.lambda$invoke$0(InterceptingExecutableInvoker.java:94)
	at org.junit.jupiter.engine.execution.InvocationInterceptorChain$InterceptedInvocation.proceed(InvocationInterceptorChain.java:106)
	at org.junit.jupiter.engine.execution.InvocationInterceptorChain.proceed(InvocationInterceptorChain.java:64)
	at org.junit.jupiter.engine.execution.InvocationInterceptorChain.chainAndInvoke(InvocationInterceptorChain.java:45)
	at org.junit.jupiter.engine.execution.InvocationInterceptorChain.invoke(InvocationInterceptorChain.java:37)
	at org.junit.jupiter.engine.execution.InterceptingExecutableInvoker.invoke(InterceptingExecutableInvoker.java:93)
	at org.junit.jupiter.engine.execution.InterceptingExecutableInvoker.invoke(InterceptingExecutableInvoker.java:87)
	at org.junit.jupiter.engine.descriptor.TestMethodTestDescriptor.lambda$invokeTestMethod$7(TestMethodTestDescriptor.java:216)
	at org.junit.platform.engine.support.hierarchical.ThrowableCollector.execute(ThrowableCollector.java:73)
	at org.junit.jupiter.engine.descriptor.TestMethodTestDescriptor.invokeTestMethod(TestMethodTestDescriptor.java:212)
	at org.junit.jupiter.engine.descriptor.TestMethodTestDescriptor.execute(TestMethodTestDescriptor.java:137)
	at org.junit.jupiter.engine.descriptor.TestMethodTestDescriptor.execute(TestMethodTestDescriptor.java:69)
	at org.junit.platform.engine.support.hierarchical.NodeTestTask.lambda$executeRecursively$6(NodeTestTask.java:156)
	at org.junit.platform.engine.support.hierarchical.ThrowableCollector.execute(ThrowableCollector.java:73)
	at org.junit.platform.engine.support.hierarchical.NodeTestTask.lambda$executeRecursively$8(NodeTestTask.java:146)
	at org.junit.platform.engine.support.hierarchical.Node.around(Node.java:137)
	at org.junit.platform.engine.support.hierarchical.NodeTestTask.lambda$executeRecursively$9(NodeTestTask.java:144)
	at org.junit.platform.engine.support.hierarchical.ThrowableCollector.execute(ThrowableCollector.java:73)
	at org.junit.platform.engine.support.hierarchical.NodeTestTask.executeRecursively(NodeTestTask.java:143)
	at org.junit.platform.engine.support.hierarchical.NodeTestTask.execute(NodeTestTask.java:100)
	at java.base/java.util.ArrayList.forEach(ArrayList.java:1596)
	at org.junit.platform.engine.support.hierarchical.SameThreadHierarchicalTestExecutorService.invokeAll(SameThreadHierarchicalTestExecutorService.java:41)
	at org.junit.platform.engine.support.hierarchical.NodeTestTask.lambda$executeRecursively$6(NodeTestTask.java:160)
	at org.junit.platform.engine.support.hierarchical.ThrowableCollector.execute(ThrowableCollector.java:73)
	at org.junit.platform.engine.support.hierarchical.NodeTestTask.lambda$executeRecursively$8(NodeTestTask.java:146)
	at org.junit.platform.engine.support.hierarchical.Node.around(Node.java:137)
	at org.junit.platform.engine.support.hierarchical.NodeTestTask.lambda$executeRecursively$9(NodeTestTask.java:144)
	at org.junit.platform.engine.support.hierarchical.ThrowableCollector.execute(ThrowableCollector.java:73)
	at org.junit.platform.engine.support.hierarchical.NodeTestTask.executeRecursively(NodeTestTask.java:143)
	at org.junit.platform.engine.support.hierarchical.NodeTestTask.execute(NodeTestTask.java:100)
	at java.base/java.util.ArrayList.forEach(ArrayList.java:1596)
	at org.junit.platform.engine.support.hierarchical.SameThreadHierarchicalTestExecutorService.invokeAll(SameThreadHierarchicalTestExecutorService.java:41)
	at org.junit.platform.engine.support.hierarchical.NodeTestTask.lambda$executeRecursively$6(NodeTestTask.java:160)
	at org.junit.platform.engine.support.hierarchical.ThrowableCollector.execute(ThrowableCollector.java:73)
	at org.junit.platform.engine.support.hierarchical.NodeTestTask.lambda$executeRecursively$8(NodeTestTask.java:146)
	at org.junit.platform.engine.support.hierarchical.Node.around(Node.java:137)
	at org.junit.platform.engine.support.hierarchical.NodeTestTask.lambda$executeRecursively$9(NodeTestTask.java:144)
	at org.junit.platform.engine.support.hierarchical.ThrowableCollector.execute(ThrowableCollector.java:73)
	at org.junit.platform.engine.support.hierarchical.NodeTestTask.executeRecursively(NodeTestTask.java:143)
	at org.junit.platform.engine.support.hierarchical.NodeTestTask.execute(NodeTestTask.java:100)
	at org.junit.platform.engine.support.hierarchical.SameThreadHierarchicalTestExecutorService.submit(SameThreadHierarchicalTestExecutorService.java:35)
	at org.junit.platform.engine.support.hierarchical.HierarchicalTestExecutor.execute(HierarchicalTestExecutor.java:57)
	at org.junit.platform.engine.support.hierarchical.HierarchicalTestEngine.execute(HierarchicalTestEngine.java:54)
	at org.junit.platform.launcher.core.EngineExecutionOrchestrator.execute(EngineExecutionOrchestrator.java:201)
	at org.junit.platform.launcher.core.EngineExecutionOrchestrator.execute(EngineExecutionOrchestrator.java:170)
	at org.junit.platform.launcher.core.EngineExecutionOrchestrator.execute(EngineExecutionOrchestrator.java:94)
	at org.junit.platform.launcher.core.EngineExecutionOrchestrator.lambda$execute$0(EngineExecutionOrchestrator.java:59)
	at org.junit.platform.launcher.core.EngineExecutionOrchestrator.withInterceptedStreams(EngineExecutionOrchestrator.java:142)
	at org.junit.platform.launcher.core.EngineExecutionOrchestrator.execute(EngineExecutionOrchestrator.java:58)
	at org.junit.platform.launcher.core.DefaultLauncher.execute(DefaultLauncher.java:103)
	at org.junit.platform.launcher.core.DefaultLauncher.execute(DefaultLauncher.java:85)
	at org.junit.platform.launcher.core.DelegatingLauncher.execute(DelegatingLauncher.java:47)
	at org.junit.platform.launcher.core.InterceptingLauncher.lambda$execute$1(InterceptingLauncher.java:39)
	at org.junit.platform.launcher.core.ClasspathAlignmentCheckingLauncherInterceptor.intercept(ClasspathAlignmentCheckingLauncherInterceptor.java:25)
	at org.junit.platform.launcher.core.InterceptingLauncher.execute(InterceptingLauncher.java:38)
	at org.junit.platform.launcher.core.DelegatingLauncher.execute(DelegatingLauncher.java:47)
	at org.apache.maven.surefire.junitplatform.LazyLauncher.execute(LazyLauncher.java:56)
	at org.apache.maven.surefire.junitplatform.JUnitPlatformProvider.invokeAllTests(JUnitPlatformProvider.java:162)
	at org.apache.maven.surefire.junitplatform.JUnitPlatformProvider.invoke(JUnitPlatformProvider.java:120)
	at org.apache.maven.surefire.booter.ForkedBooter.runSuitesInProcess(ForkedBooter.java:385)
	at org.apache.maven.surefire.booter.ForkedBooter.execute(ForkedBooter.java:162)
	at org.apache.maven.surefire.booter.ForkedBooter.run(ForkedBooter.java:507)
	at org.apache.maven.surefire.booter.ForkedBooter.main(ForkedBooter.java:495)
2025-05-13 07:38:53,335 [main] INFO  keys.KeyStorage (KeyStorage.java:storePublicKey(210)) - Storing public key to /tmp/junit-13837749624860595715/scm-meta/scm/ca/keys/public.pem.
2025-05-13 07:38:53,336 [main] INFO  keys.KeyStorage (KeyStorage.java:storePrivateKey(194)) - Storing private key to /tmp/junit-13837749624860595715/scm-meta/scm/ca/keys/private.pem.
2025-05-13 07:38:53,336 [main] INFO  ozone.OzoneSecurityUtil (OzoneSecurityUtil.java:getValidInetsForCurrentHost(116)) - ip:fe80:0:0:0:20d:3aff:fe61:cc63%eth0 not returned.
2025-05-13 07:38:53,341 [main] INFO  ozone.OzoneSecurityUtil (OzoneSecurityUtil.java:getValidInetsForCurrentHost(113)) - Adding ip:10.1.1.10,host:10.1.1.10
2025-05-13 07:38:53,341 [main] INFO  ozone.OzoneSecurityUtil (OzoneSecurityUtil.java:getValidInetsForCurrentHost(116)) - ip:0:0:0:0:0:0:0:1%lo not returned.
2025-05-13 07:38:53,341 [main] INFO  ozone.OzoneSecurityUtil (OzoneSecurityUtil.java:getValidInetsForCurrentHost(116)) - ip:127.0.0.1 not returned.
2025-05-13 07:38:53,345 [main] ERROR utils.SelfSignedCertificate (SelfSignedCertificate.java:lambda$addInetAddresses$0(244)) - Invalid domain 10.1.1.10
2025-05-13 07:38:53,348 [main] INFO  utils.SelfSignedCertificate (SelfSignedCertificate.java:generateCertificate(156)) - Certificate 1 is issued by SERIALNUMBER=1, O=d6177b75-ac47-4135-89b4-3afe46d7c0c6, OU=10686263-6a26-4d63-b6a0-6aa5aa7d3b52, CN=scm@pkrvmberfyhpb9w to SERIALNUMBER=1, O=d6177b75-ac47-4135-89b4-3afe46d7c0c6, OU=10686263-6a26-4d63-b6a0-6aa5aa7d3b52, CN=scm@pkrvmberfyhpb9w, valid from Tue May 13 07:38:53 UTC 2025 to Fri Jun 21 07:38:53 UTC 2030
2025-05-13 07:38:53,349 [main] INFO  utils.CertificateCodec (CertificateCodec.java:writeCertificate(239)) - Save certificate to /tmp/junit-13837749624860595715/scm-meta/scm/ca/certs/certificate.crt
2025-05-13 07:38:53,349 [main] INFO  utils.CertificateCodec (CertificateCodec.java:writeCertificate(240)) - Certificate -----BEGIN CERTIFICATE-----
MIIDwTCCAqmgAwIBAgIBATANBgkqhkiG9w0BAQsFADCBiDEcMBoGA1UEAwwTc2Nt
QHBrcnZtYmVyZnlocGI5dzEtMCsGA1UECwwkMTA2ODYyNjMtNmEyNi00ZDYzLWI2
YTAtNmFhNWFhN2QzYjUyMS0wKwYDVQQKDCRkNjE3N2I3NS1hYzQ3LTQxMzUtODli
NC0zYWZlNDZkN2MwYzYxCjAIBgNVBAUTATEwHhcNMjUwNTEzMDczODUzWhcNMzAw
NjIxMDczODUzWjCBiDEcMBoGA1UEAwwTc2NtQHBrcnZtYmVyZnlocGI5dzEtMCsG
A1UECwwkMTA2ODYyNjMtNmEyNi00ZDYzLWI2YTAtNmFhNWFhN2QzYjUyMS0wKwYD
VQQKDCRkNjE3N2I3NS1hYzQ3LTQxMzUtODliNC0zYWZlNDZkN2MwYzYxCjAIBgNV
BAUTATEwggEiMA0GCSqGSIb3DQEBAQUAA4IBDwAwggEKAoIBAQCySHvjLoEa9Fzh
Y5dDYYQ3Xw/Mh8YQH8NfOQ6SVuGmgR4XLVyfkRQ7SY+ssmaPTWwYFXgzQDdwWh2C
/3FGUfdv4Dcgwae6eE8cZ5KZKOKWTG666PoAk/yxuyTeKD/6Ji7od733ssPfDVtK
5tywOXxftl1jE+5yuydQpiBxXi1BRlqLL7+0JyAEL6J6OW52CfcqS8EGaPO5h1zm
FEp16XjqHQmmXQcSmy5zSqnUvspQf0954joQfariEl/pPBE+R527S5cdktYn8jPw
i2n0hL1iRSd0hYh584IdGFkC8uEuawlTWQk9/v/xpIOsd7q7Ufn2YzIIP8uT9YoK
dldjL9T5AgMBAAGjNDAyMA8GA1UdEwEB/wQFMAMBAf8wDgYDVR0PAQH/BAQDAgEG
MA8GA1UdEQQIMAaHBAoBAQowDQYJKoZIhvcNAQELBQADggEBAGBtzpKjZQ71Sq+M
Tr+tw0DvSykYEY28i9B8IDqycnxEY1gPYPmsn3IFr6vTXM9agyNGooF1FehKww5o
miKPTbj2YKOH8xUy87rFJWFBXY316ob197dZhB/W/MdITSMQTdvuA0B3mWhn6Ogq
TKTyWXrJ1xPvfLOpMSn+bS8jytzJGDEy6Or7FDoiaEHYSnN9Qbf+29vcgnAsNnIb
9+UvAwzfKOY3iWXGSGfQPrr/Ez7zxZnOa1/NPxWpZJ/Td1piiUCgNDs+WMttsi3v
MRpm6R+dMCUQ67Pp3HHaes8K16VEF8DNZWfAVaTjOAObmjWyjwxsBqZlpslp80r3
w55d7K0=
-----END CERTIFICATE-----

2025-05-13 07:38:53,349 [main] INFO  keys.KeyStorage (KeyStorage.java:readPublicKey(174)) - Reading public key from /tmp/junit-13837749624860595715/scm-meta/scm/ca/keys/public.pem.
2025-05-13 07:38:53,350 [main] INFO  keys.KeyStorage (KeyStorage.java:readPrivateKey(158)) - Reading private key from /tmp/junit-13837749624860595715/scm-meta/scm/ca/keys/private.pem.
2025-05-13 07:38:53,351 [main] INFO  client.SCMCertificateClient (SCMCertificateClient.java:configureCSRBuilder(141)) - Creating csr for SCM->hostName:pkrvmberfyhpb9w,scmId:10686263-6a26-4d63-b6a0-6aa5aa7d3b52,clusterId:d6177b75-ac47-4135-89b4-3afe46d7c0c6,subject:scm-sub@pkrvmberfyhpb9w
2025-05-13 07:38:53,351 [main] INFO  ozone.OzoneSecurityUtil (OzoneSecurityUtil.java:getValidInetsForCurrentHost(116)) - ip:fe80:0:0:0:20d:3aff:fe61:cc63%eth0 not returned.
2025-05-13 07:38:53,353 [main] INFO  ozone.OzoneSecurityUtil (OzoneSecurityUtil.java:getValidInetsForCurrentHost(113)) - Adding ip:10.1.1.10,host:10.1.1.10
2025-05-13 07:38:53,353 [main] INFO  ozone.OzoneSecurityUtil (OzoneSecurityUtil.java:getValidInetsForCurrentHost(116)) - ip:0:0:0:0:0:0:0:1%lo not returned.
2025-05-13 07:38:53,353 [main] INFO  ozone.OzoneSecurityUtil (OzoneSecurityUtil.java:getValidInetsForCurrentHost(116)) - ip:127.0.0.1 not returned.
2025-05-13 07:38:53,356 [main] ERROR utils.CertificateSignRequest (CertificateSignRequest.java:lambda$addInetAddresses$0(316)) - Invalid domain 10.1.1.10
2025-05-13 07:38:53,358 [main] INFO  keys.KeyStorage (KeyStorage.java:readPrivateKey(158)) - Reading private key from /tmp/junit-13837749624860595715/scm-meta/scm/ca/keys/private.pem.
2025-05-13 07:38:53,360 [main] INFO  authority.DefaultApprover (DefaultApprover.java:sign(171)) - Extensions in CSR: 2.5.29.19, 2.5.29.15, 2.5.29.17
2025-05-13 07:38:53,360 [main] INFO  authority.DefaultApprover (DefaultApprover.java:sign(175)) - Extensions to add to the certificate if they present in CSR: 2.5.29.15, 2.5.29.17, 2.5.29.35, 2.5.29.37, 2.5.29.19, 1.3.6.1.5.5.7.1.12
2025-05-13 07:38:53,364 [main] INFO  utils.CertificateCodec (CertificateCodec.java:writeCertificate(239)) - Save certificate to /tmp/junit-13837749624860595715/scm-meta/scm/sub-ca/certs/CA-1.crt
2025-05-13 07:38:53,364 [main] INFO  utils.CertificateCodec (CertificateCodec.java:writeCertificate(240)) - Certificate -----BEGIN CERTIFICATE-----
MIIDwTCCAqmgAwIBAgIBATANBgkqhkiG9w0BAQsFADCBiDEcMBoGA1UEAwwTc2Nt
QHBrcnZtYmVyZnlocGI5dzEtMCsGA1UECwwkMTA2ODYyNjMtNmEyNi00ZDYzLWI2
YTAtNmFhNWFhN2QzYjUyMS0wKwYDVQQKDCRkNjE3N2I3NS1hYzQ3LTQxMzUtODli
NC0zYWZlNDZkN2MwYzYxCjAIBgNVBAUTATEwHhcNMjUwNTEzMDczODUzWhcNMzAw
NjIxMDczODUzWjCBiDEcMBoGA1UEAwwTc2NtQHBrcnZtYmVyZnlocGI5dzEtMCsG
A1UECwwkMTA2ODYyNjMtNmEyNi00ZDYzLWI2YTAtNmFhNWFhN2QzYjUyMS0wKwYD
VQQKDCRkNjE3N2I3NS1hYzQ3LTQxMzUtODliNC0zYWZlNDZkN2MwYzYxCjAIBgNV
BAUTATEwggEiMA0GCSqGSIb3DQEBAQUAA4IBDwAwggEKAoIBAQCySHvjLoEa9Fzh
Y5dDYYQ3Xw/Mh8YQH8NfOQ6SVuGmgR4XLVyfkRQ7SY+ssmaPTWwYFXgzQDdwWh2C
/3FGUfdv4Dcgwae6eE8cZ5KZKOKWTG666PoAk/yxuyTeKD/6Ji7od733ssPfDVtK
5tywOXxftl1jE+5yuydQpiBxXi1BRlqLL7+0JyAEL6J6OW52CfcqS8EGaPO5h1zm
FEp16XjqHQmmXQcSmy5zSqnUvspQf0954joQfariEl/pPBE+R527S5cdktYn8jPw
i2n0hL1iRSd0hYh584IdGFkC8uEuawlTWQk9/v/xpIOsd7q7Ufn2YzIIP8uT9YoK
dldjL9T5AgMBAAGjNDAyMA8GA1UdEwEB/wQFMAMBAf8wDgYDVR0PAQH/BAQDAgEG
MA8GA1UdEQQIMAaHBAoBAQowDQYJKoZIhvcNAQELBQADggEBAGBtzpKjZQ71Sq+M
Tr+tw0DvSykYEY28i9B8IDqycnxEY1gPYPmsn3IFr6vTXM9agyNGooF1FehKww5o
miKPTbj2YKOH8xUy87rFJWFBXY316ob197dZhB/W/MdITSMQTdvuA0B3mWhn6Ogq
TKTyWXrJ1xPvfLOpMSn+bS8jytzJGDEy6Or7FDoiaEHYSnN9Qbf+29vcgnAsNnIb
9+UvAwzfKOY3iWXGSGfQPrr/Ez7zxZnOa1/NPxWpZJ/Td1piiUCgNDs+WMttsi3v
MRpm6R+dMCUQ67Pp3HHaes8K16VEF8DNZWfAVaTjOAObmjWyjwxsBqZlpslp80r3
w55d7K0=
-----END CERTIFICATE-----

2025-05-13 07:38:53,365 [main] INFO  utils.CertificateCodec (CertificateCodec.java:writeCertificate(239)) - Save certificate to /tmp/junit-13837749624860595715/scm-meta/scm/sub-ca/certs/2.crt
2025-05-13 07:38:53,365 [main] INFO  utils.CertificateCodec (CertificateCodec.java:writeCertificate(240)) - Certificate -----BEGIN CERTIFICATE-----
MIIDxTCCAq2gAwIBAgIBAjANBgkqhkiG9w0BAQsFADCBiDEcMBoGA1UEAwwTc2Nt
QHBrcnZtYmVyZnlocGI5dzEtMCsGA1UECwwkMTA2ODYyNjMtNmEyNi00ZDYzLWI2
YTAtNmFhNWFhN2QzYjUyMS0wKwYDVQQKDCRkNjE3N2I3NS1hYzQ3LTQxMzUtODli
NC0zYWZlNDZkN2MwYzYxCjAIBgNVBAUTATEwHhcNMjUwNTEzMDczODUzWhcNMzAw
NjIxMDczODUzWjCBjDEgMB4GA1UEAwwXc2NtLXN1YkBwa3J2bWJlcmZ5aHBiOXcx
LTArBgNVBAsMJDEwNjg2MjYzLTZhMjYtNGQ2My1iNmEwLTZhYTVhYTdkM2I1MjEt
MCsGA1UECgwkZDYxNzdiNzUtYWM0Ny00MTM1LTg5YjQtM2FmZTQ2ZDdjMGM2MQow
CAYDVQQFEwEyMIIBIjANBgkqhkiG9w0BAQEFAAOCAQ8AMIIBCgKCAQEAu9icVEPh
BjPX8LM+f+hZOcCYN8oL9nUl8rebt/FKXVBHIaeE47ho8TPfHb/gYGpCpXe7u0NS
5XO2Le4Bm/HSJG9JkdL41oDvDRG81c9aq0y1Dp/5ijroTEzCYQY3jHOsg7ic6Ldm
Zeellhnkx/GbiDUN64mAQ5UvKMJ95GYXn4l8ZWS/CCgveLHMJCTFavj8au7Czrcm
d+y3CkhaEDf+nGCfeLLfRIxBmxUhjRGh0o9putXDmVn5xgG9BOagEHMxEZpEb1vK
WQxORgTAbkwgXaGbcnYaVKzo7eYfgittoAj6GTYAtM9/btLENmo0HE0ZQiiXaxbK
LNKkJmE0KoypfwIDAQABozQwMjAOBgNVHQ8BAf8EBAMCAb4wDwYDVR0RBAgwBocE
CgEBCjAPBgNVHRMBAf8EBTADAQH/MA0GCSqGSIb3DQEBCwUAA4IBAQAbIRmYc2xn
YioLGB3DhP/yp1EwnBjiRuXIgp1CAQl+i738qLlzETZJXdpQwCw5QSwWWzuRHDir
Neo9QdiVwILW9OWt/V82+tkteRnY80x6VhwRbxTVQV1IqwKJoPcOZr660wR5dw2N
NZ4LsbHuvpSkMxTGBW86Rk7fnNSIMuVKjnT/5pmCrBz8EaODMUPsoItcXW0l7YqD
7NYZM9wgNVsPmmpwhNkP9eX9Fjg9a+xwdNwP3FoUZTTWvXKcClDviePILEwzdxQm
4rxPpsAwVr+hSlt8lneNrzU3QLfnYq612JF2jLEUsrWRvkjRoYQWW4RdJXHum1LD
fPQHe+2QRmf2
-----END CERTIFICATE-----

-----BEGIN CERTIFICATE-----
MIIDwTCCAqmgAwIBAgIBATANBgkqhkiG9w0BAQsFADCBiDEcMBoGA1UEAwwTc2Nt
QHBrcnZtYmVyZnlocGI5dzEtMCsGA1UECwwkMTA2ODYyNjMtNmEyNi00ZDYzLWI2
YTAtNmFhNWFhN2QzYjUyMS0wKwYDVQQKDCRkNjE3N2I3NS1hYzQ3LTQxMzUtODli
NC0zYWZlNDZkN2MwYzYxCjAIBgNVBAUTATEwHhcNMjUwNTEzMDczODUzWhcNMzAw
NjIxMDczODUzWjCBiDEcMBoGA1UEAwwTc2NtQHBrcnZtYmVyZnlocGI5dzEtMCsG
A1UECwwkMTA2ODYyNjMtNmEyNi00ZDYzLWI2YTAtNmFhNWFhN2QzYjUyMS0wKwYD
VQQKDCRkNjE3N2I3NS1hYzQ3LTQxMzUtODliNC0zYWZlNDZkN2MwYzYxCjAIBgNV
BAUTATEwggEiMA0GCSqGSIb3DQEBAQUAA4IBDwAwggEKAoIBAQCySHvjLoEa9Fzh
Y5dDYYQ3Xw/Mh8YQH8NfOQ6SVuGmgR4XLVyfkRQ7SY+ssmaPTWwYFXgzQDdwWh2C
/3FGUfdv4Dcgwae6eE8cZ5KZKOKWTG666PoAk/yxuyTeKD/6Ji7od733ssPfDVtK
5tywOXxftl1jE+5yuydQpiBxXi1BRlqLL7+0JyAEL6J6OW52CfcqS8EGaPO5h1zm
FEp16XjqHQmmXQcSmy5zSqnUvspQf0954joQfariEl/pPBE+R527S5cdktYn8jPw
i2n0hL1iRSd0hYh584IdGFkC8uEuawlTWQk9/v/xpIOsd7q7Ufn2YzIIP8uT9YoK
dldjL9T5AgMBAAGjNDAyMA8GA1UdEwEB/wQFMAMBAf8wDgYDVR0PAQH/BAQDAgEG
MA8GA1UdEQQIMAaHBAoBAQowDQYJKoZIhvcNAQELBQADggEBAGBtzpKjZQ71Sq+M
Tr+tw0DvSykYEY28i9B8IDqycnxEY1gPYPmsn3IFr6vTXM9agyNGooF1FehKww5o
miKPTbj2YKOH8xUy87rFJWFBXY316ob197dZhB/W/MdITSMQTdvuA0B3mWhn6Ogq
TKTyWXrJ1xPvfLOpMSn+bS8jytzJGDEy6Or7FDoiaEHYSnN9Qbf+29vcgnAsNnIb
9+UvAwzfKOY3iWXGSGfQPrr/Ez7zxZnOa1/NPxWpZJ/Td1piiUCgNDs+WMttsi3v
MRpm6R+dMCUQ67Pp3HHaes8K16VEF8DNZWfAVaTjOAObmjWyjwxsBqZlpslp80r3
w55d7K0=
-----END CERTIFICATE-----

2025-05-13 07:38:53,365 [main] INFO  utils.CertificateCodec (CertificateCodec.java:writeCertificate(239)) - Save certificate to /tmp/junit-13837749624860595715/scm-meta/scm/sub-ca/certs/certificate.crt
2025-05-13 07:38:53,365 [main] INFO  utils.CertificateCodec (CertificateCodec.java:writeCertificate(240)) - Certificate -----BEGIN CERTIFICATE-----
MIIDxTCCAq2gAwIBAgIBAjANBgkqhkiG9w0BAQsFADCBiDEcMBoGA1UEAwwTc2Nt
QHBrcnZtYmVyZnlocGI5dzEtMCsGA1UECwwkMTA2ODYyNjMtNmEyNi00ZDYzLWI2
YTAtNmFhNWFhN2QzYjUyMS0wKwYDVQQKDCRkNjE3N2I3NS1hYzQ3LTQxMzUtODli
NC0zYWZlNDZkN2MwYzYxCjAIBgNVBAUTATEwHhcNMjUwNTEzMDczODUzWhcNMzAw
NjIxMDczODUzWjCBjDEgMB4GA1UEAwwXc2NtLXN1YkBwa3J2bWJlcmZ5aHBiOXcx
LTArBgNVBAsMJDEwNjg2MjYzLTZhMjYtNGQ2My1iNmEwLTZhYTVhYTdkM2I1MjEt
MCsGA1UECgwkZDYxNzdiNzUtYWM0Ny00MTM1LTg5YjQtM2FmZTQ2ZDdjMGM2MQow
CAYDVQQFEwEyMIIBIjANBgkqhkiG9w0BAQEFAAOCAQ8AMIIBCgKCAQEAu9icVEPh
BjPX8LM+f+hZOcCYN8oL9nUl8rebt/FKXVBHIaeE47ho8TPfHb/gYGpCpXe7u0NS
5XO2Le4Bm/HSJG9JkdL41oDvDRG81c9aq0y1Dp/5ijroTEzCYQY3jHOsg7ic6Ldm
Zeellhnkx/GbiDUN64mAQ5UvKMJ95GYXn4l8ZWS/CCgveLHMJCTFavj8au7Czrcm
d+y3CkhaEDf+nGCfeLLfRIxBmxUhjRGh0o9putXDmVn5xgG9BOagEHMxEZpEb1vK
WQxORgTAbkwgXaGbcnYaVKzo7eYfgittoAj6GTYAtM9/btLENmo0HE0ZQiiXaxbK
LNKkJmE0KoypfwIDAQABozQwMjAOBgNVHQ8BAf8EBAMCAb4wDwYDVR0RBAgwBocE
CgEBCjAPBgNVHRMBAf8EBTADAQH/MA0GCSqGSIb3DQEBCwUAA4IBAQAbIRmYc2xn
YioLGB3DhP/yp1EwnBjiRuXIgp1CAQl+i738qLlzETZJXdpQwCw5QSwWWzuRHDir
Neo9QdiVwILW9OWt/V82+tkteRnY80x6VhwRbxTVQV1IqwKJoPcOZr660wR5dw2N
NZ4LsbHuvpSkMxTGBW86Rk7fnNSIMuVKjnT/5pmCrBz8EaODMUPsoItcXW0l7YqD
7NYZM9wgNVsPmmpwhNkP9eX9Fjg9a+xwdNwP3FoUZTTWvXKcClDviePILEwzdxQm
4rxPpsAwVr+hSlt8lneNrzU3QLfnYq612JF2jLEUsrWRvkjRoYQWW4RdJXHum1LD
fPQHe+2QRmf2
-----END CERTIFICATE-----

-----BEGIN CERTIFICATE-----
MIIDwTCCAqmgAwIBAgIBATANBgkqhkiG9w0BAQsFADCBiDEcMBoGA1UEAwwTc2Nt
QHBrcnZtYmVyZnlocGI5dzEtMCsGA1UECwwkMTA2ODYyNjMtNmEyNi00ZDYzLWI2
YTAtNmFhNWFhN2QzYjUyMS0wKwYDVQQKDCRkNjE3N2I3NS1hYzQ3LTQxMzUtODli
NC0zYWZlNDZkN2MwYzYxCjAIBgNVBAUTATEwHhcNMjUwNTEzMDczODUzWhcNMzAw
NjIxMDczODUzWjCBiDEcMBoGA1UEAwwTc2NtQHBrcnZtYmVyZnlocGI5dzEtMCsG
A1UECwwkMTA2ODYyNjMtNmEyNi00ZDYzLWI2YTAtNmFhNWFhN2QzYjUyMS0wKwYD
VQQKDCRkNjE3N2I3NS1hYzQ3LTQxMzUtODliNC0zYWZlNDZkN2MwYzYxCjAIBgNV
BAUTATEwggEiMA0GCSqGSIb3DQEBAQUAA4IBDwAwggEKAoIBAQCySHvjLoEa9Fzh
Y5dDYYQ3Xw/Mh8YQH8NfOQ6SVuGmgR4XLVyfkRQ7SY+ssmaPTWwYFXgzQDdwWh2C
/3FGUfdv4Dcgwae6eE8cZ5KZKOKWTG666PoAk/yxuyTeKD/6Ji7od733ssPfDVtK
5tywOXxftl1jE+5yuydQpiBxXi1BRlqLL7+0JyAEL6J6OW52CfcqS8EGaPO5h1zm
FEp16XjqHQmmXQcSmy5zSqnUvspQf0954joQfariEl/pPBE+R527S5cdktYn8jPw
i2n0hL1iRSd0hYh584IdGFkC8uEuawlTWQk9/v/xpIOsd7q7Ufn2YzIIP8uT9YoK
dldjL9T5AgMBAAGjNDAyMA8GA1UdEwEB/wQFMAMBAf8wDgYDVR0PAQH/BAQDAgEG
MA8GA1UdEQQIMAaHBAoBAQowDQYJKoZIhvcNAQELBQADggEBAGBtzpKjZQ71Sq+M
Tr+tw0DvSykYEY28i9B8IDqycnxEY1gPYPmsn3IFr6vTXM9agyNGooF1FehKww5o
miKPTbj2YKOH8xUy87rFJWFBXY316ob197dZhB/W/MdITSMQTdvuA0B3mWhn6Ogq
TKTyWXrJ1xPvfLOpMSn+bS8jytzJGDEy6Or7FDoiaEHYSnN9Qbf+29vcgnAsNnIb
9+UvAwzfKOY3iWXGSGfQPrr/Ez7zxZnOa1/NPxWpZJ/Td1piiUCgNDs+WMttsi3v
MRpm6R+dMCUQ67Pp3HHaes8K16VEF8DNZWfAVaTjOAObmjWyjwxsBqZlpslp80r3
w55d7K0=
-----END CERTIFICATE-----

2025-05-13 07:38:53,365 [main] INFO  client.SCMCertificateClient (SCMCertificateClient.java:recoverStateIfNeeded(289)) - Successfully stored SCM signed certificate.
2025-05-13 07:38:53,367 [main] INFO  ha.SCMHANodeDetails (SCMHANodeDetails.java:loadSCMHAConfig(162)) - ServiceID for StorageContainerManager is null
2025-05-13 07:38:53,367 [main] INFO  ha.SCMHANodeDetails (SCMHANodeDetails.java:loadSCMHAConfig(166)) - ozone.scm.default.service.id is not defined, falling back to ozone.scm.service.ids to find serviceID for StorageContainerManager if it is HA enabled cluster
2025-05-13 07:38:53,368 [main] INFO  server.RaftServerConfigKeys (ConfUtils.java:logGet(46)) - raft.server.log.appender.buffer.byte-limit = 4194304 (custom)
2025-05-13 07:38:53,370 [main] INFO  server.RaftServer (ConfUtils.java:logGet(46)) - raft.rpc.type = GRPC (default)
2025-05-13 07:38:53,370 [main] INFO  grpc.GrpcConfigKeys (ConfUtils.java:logFallback(53)) - raft.grpc.admin.host = null (fallback to raft.grpc.server.host)
2025-05-13 07:38:53,370 [main] INFO  grpc.GrpcConfigKeys (ConfUtils.java:logFallback(53)) - raft.grpc.admin.port = 15025 (fallback to raft.grpc.server.port)
2025-05-13 07:38:53,370 [main] INFO  grpc.GrpcConfigKeys (ConfUtils.java:logFallback(53)) - raft.grpc.client.host = null (fallback to raft.grpc.server.host)
2025-05-13 07:38:53,370 [main] INFO  grpc.GrpcConfigKeys (ConfUtils.java:logFallback(53)) - raft.grpc.client.port = 15025 (fallback to raft.grpc.server.port)
2025-05-13 07:38:53,370 [main] INFO  grpc.GrpcConfigKeys (ConfUtils.java:logGet(46)) - raft.grpc.server.host = null (default)
2025-05-13 07:38:53,370 [main] INFO  grpc.GrpcConfigKeys (ConfUtils.java:logGet(46)) - raft.grpc.server.port = 15025 (custom)
2025-05-13 07:38:53,371 [main] INFO  server.GrpcService (ConfUtils.java:logGet(46)) - raft.grpc.message.size.max = 5242880 (custom)
2025-05-13 07:38:53,371 [main] INFO  server.GrpcService (ConfUtils.java:logGet(46)) - raft.grpc.flow.control.window = 1MB (=1048576) (default)
2025-05-13 07:38:53,371 [main] INFO  server.RaftServerConfigKeys (ConfUtils.java:logGet(46)) - raft.server.rpc.request.timeout = 30000ms (custom)
2025-05-13 07:38:53,371 [main] INFO  grpc.GrpcConfigKeys (ConfUtils.java:logGet(46)) - raft.grpc.server.heartbeat.channel = true (default)
2025-05-13 07:38:53,371 [main] INFO  server.RaftServerConfigKeys (ConfUtils.java:logGet(46)) - raft.server.log.appender.buffer.byte-limit = 4194304 (custom)
2025-05-13 07:38:53,371 [main] INFO  grpc.GrpcConfigKeys (ConfUtils.java:logGet(46)) - raft.grpc.server.async.request.thread.pool.cached = true (default)
2025-05-13 07:38:53,371 [main] INFO  grpc.GrpcConfigKeys (ConfUtils.java:logGet(46)) - raft.grpc.server.async.request.thread.pool.size = 32 (default)
2025-05-13 07:38:53,372 [main] INFO  impl.DataStreamServerImpl (ConfUtils.java:logGet(46)) - raft.datastream.type = DISABLED (default)
2025-05-13 07:38:53,372 [main] INFO  server.RaftServerConfigKeys (ConfUtils.java:logGet(46)) - raft.server.sleep.deviation.threshold = 300ms (default)
2025-05-13 07:38:53,372 [main] INFO  server.RaftServerConfigKeys (ConfUtils.java:logGet(46)) - raft.server.close.threshold = 60s (default)
2025-05-13 07:38:53,372 [main] INFO  server.RaftServerConfigKeys (ConfUtils.java:logGet(46)) - raft.server.leaderelection.leader.step-down.wait-time = 10s (default)
2025-05-13 07:38:53,373 [main] INFO  server.RaftServerConfigKeys (ConfUtils.java:logGet(46)) - raft.server.storage.dir = [/tmp/junit-13837749624860595715/scm-meta/scm-ha] (custom)
2025-05-13 07:38:53,373 [main] INFO  server.RaftServerConfigKeys (ConfUtils.java:logGet(46)) - raft.server.threadpool.proxy.cached = true (default)
2025-05-13 07:38:53,373 [main] INFO  server.RaftServerConfigKeys (ConfUtils.java:logGet(46)) - raft.server.threadpool.proxy.size = 0 (default)
2025-05-13 07:38:53,373 [main] INFO  server.RaftServer (RaftServerProxy.java:addNew(100)) - 10686263-6a26-4d63-b6a0-6aa5aa7d3b52: addNew group-3AFE46D7C0C6:[10686263-6a26-4d63-b6a0-6aa5aa7d3b52|pkrvmberfyhpb9w:15025] returns group-3AFE46D7C0C6:java.util.concurrent.CompletableFuture@5218997b[Not completed]
2025-05-13 07:38:53,374 [10686263-6a26-4d63-b6a0-6aa5aa7d3b52-groupManagement] INFO  server.RaftServer$Division (RaftServerImpl.java:<init>(255)) - 10686263-6a26-4d63-b6a0-6aa5aa7d3b52: new RaftServerImpl for group-3AFE46D7C0C6:[10686263-6a26-4d63-b6a0-6aa5aa7d3b52|pkrvmberfyhpb9w:15025] with SCMStateMachine:uninitialized
2025-05-13 07:38:53,374 [10686263-6a26-4d63-b6a0-6aa5aa7d3b52-groupManagement] INFO  server.RaftServerConfigKeys (ConfUtils.java:logGet(46)) - raft.server.rpc.timeout.min = 5000ms (custom)
2025-05-13 07:38:53,374 [10686263-6a26-4d63-b6a0-6aa5aa7d3b52-groupManagement] INFO  server.RaftServerConfigKeys (ConfUtils.java:logGet(46)) - raft.server.rpc.timeout.max = 5200ms (custom)
2025-05-13 07:38:53,374 [10686263-6a26-4d63-b6a0-6aa5aa7d3b52-groupManagement] INFO  server.RaftServerConfigKeys (ConfUtils.java:logGet(46)) - raft.server.rpc.sleep.time = 25ms (default)
2025-05-13 07:38:53,374 [10686263-6a26-4d63-b6a0-6aa5aa7d3b52-groupManagement] INFO  server.RaftServerConfigKeys (ConfUtils.java:logGet(46)) - raft.server.rpc.slowness.timeout = 120000ms (custom)
2025-05-13 07:38:53,374 [10686263-6a26-4d63-b6a0-6aa5aa7d3b52-groupManagement] INFO  server.RaftServerConfigKeys (ConfUtils.java:logGet(46)) - raft.server.leaderelection.leader.step-down.wait-time = 10s (default)
2025-05-13 07:38:53,374 [10686263-6a26-4d63-b6a0-6aa5aa7d3b52-groupManagement] INFO  server.RaftServerConfigKeys (ConfUtils.java:logGet(46)) - raft.server.leaderelection.member.majority-add = false (default)
2025-05-13 07:38:53,374 [10686263-6a26-4d63-b6a0-6aa5aa7d3b52-groupManagement] INFO  server.RaftServerConfigKeys (ConfUtils.java:logGet(46)) - raft.server.sleep.deviation.threshold = 300ms (default)
2025-05-13 07:38:53,374 [10686263-6a26-4d63-b6a0-6aa5aa7d3b52-groupManagement] INFO  server.RaftServer$Division (ServerState.java:<init>(114)) - 10686263-6a26-4d63-b6a0-6aa5aa7d3b52@group-3AFE46D7C0C6: ConfigurationManager, init=conf: {index: -1, cur=peers:[10686263-6a26-4d63-b6a0-6aa5aa7d3b52|pkrvmberfyhpb9w:15025]|listeners:[], old=null}, confs=<EMPTY_MAP>
2025-05-13 07:38:53,375 [10686263-6a26-4d63-b6a0-6aa5aa7d3b52-groupManagement] INFO  server.RaftServerConfigKeys (ConfUtils.java:logGet(46)) - raft.server.notification.no-leader.timeout = 60s (default)
2025-05-13 07:38:53,375 [10686263-6a26-4d63-b6a0-6aa5aa7d3b52-groupManagement] INFO  server.RaftServerConfigKeys (ConfUtils.java:logGet(46)) - raft.server.read.timeout = 10s (default)
2025-05-13 07:38:53,375 [10686263-6a26-4d63-b6a0-6aa5aa7d3b52-groupManagement] INFO  server.RaftServerConfigKeys (ConfUtils.java:logGet(46)) - raft.server.retrycache.expirytime = 60000ms (default)
2025-05-13 07:38:53,375 [10686263-6a26-4d63-b6a0-6aa5aa7d3b52-groupManagement] INFO  server.RaftServerConfigKeys (ConfUtils.java:logGet(46)) - raft.server.retrycache.statistics.expirytime = 100ms (default)
2025-05-13 07:38:53,375 [10686263-6a26-4d63-b6a0-6aa5aa7d3b52-groupManagement] INFO  server.RaftServerConfigKeys (ConfUtils.java:logGet(46)) - raft.server.read.option = DEFAULT (default)
2025-05-13 07:38:53,375 [10686263-6a26-4d63-b6a0-6aa5aa7d3b52-groupManagement] INFO  server.RaftServerConfigKeys (ConfUtils.java:logGet(46)) - raft.server.read.read-after-write-consistent.write-index-cache.expiry-time = 60s (default)
2025-05-13 07:38:53,378 [10686263-6a26-4d63-b6a0-6aa5aa7d3b52-groupManagement] INFO  server.RaftServerConfigKeys (ConfUtils.java:logGet(46)) - raft.server.rpc.request.timeout = 30000ms (custom)
2025-05-13 07:38:53,378 [10686263-6a26-4d63-b6a0-6aa5aa7d3b52-groupManagement] INFO  server.RaftServerConfigKeys (ConfUtils.java:logGet(46)) - raft.server.log.appender.install.snapshot.enabled = false (custom)
2025-05-13 07:38:53,378 [10686263-6a26-4d63-b6a0-6aa5aa7d3b52-groupManagement] INFO  server.RaftServerConfigKeys (ConfUtils.java:logGet(46)) - raft.server.threadpool.server.cached = true (default)
2025-05-13 07:38:53,378 [10686263-6a26-4d63-b6a0-6aa5aa7d3b52-groupManagement] INFO  server.RaftServerConfigKeys (ConfUtils.java:logGet(46)) - raft.server.threadpool.server.size = 0 (default)
2025-05-13 07:38:53,378 [10686263-6a26-4d63-b6a0-6aa5aa7d3b52-groupManagement] INFO  server.RaftServerConfigKeys (ConfUtils.java:logGet(46)) - raft.server.threadpool.client.cached = true (default)
2025-05-13 07:38:53,379 [10686263-6a26-4d63-b6a0-6aa5aa7d3b52-groupManagement] INFO  server.RaftServerConfigKeys (ConfUtils.java:logGet(46)) - raft.server.threadpool.client.size = 0 (default)
2025-05-13 07:38:53,379 [10686263-6a26-4d63-b6a0-6aa5aa7d3b52-impl-thread1] INFO  server.RaftServerConfigKeys (ConfUtils.java:logGet(46)) - raft.server.storage.free-space.min = 0MB (=0) (default)
2025-05-13 07:38:53,379 [10686263-6a26-4d63-b6a0-6aa5aa7d3b52-impl-thread1] INFO  server.RaftServerConfigKeys (ConfUtils.java:logGet(46)) - raft.server.log.corruption.policy = EXCEPTION (default)
2025-05-13 07:38:53,379 [10686263-6a26-4d63-b6a0-6aa5aa7d3b52-impl-thread1] INFO  server.RaftServerConfigKeys (ConfUtils.java:logGet(46)) - raft.server.storage.dir = [/tmp/junit-13837749624860595715/scm-meta/scm-ha] (custom)
2025-05-13 07:38:53,379 [10686263-6a26-4d63-b6a0-6aa5aa7d3b52-impl-thread1] INFO  storage.RaftStorageDirectory (RaftStorageDirectoryImpl.java:analyzeStorage(138)) - The storage directory /tmp/junit-13837749624860595715/scm-meta/scm-ha/d6177b75-ac47-4135-89b4-3afe46d7c0c6 does not exist. Creating ...
2025-05-13 07:38:53,380 [10686263-6a26-4d63-b6a0-6aa5aa7d3b52-impl-thread1] INFO  storage.RaftStorageDirectory (RaftStorageDirectoryImpl.java:tryLock(229)) - Lock on /tmp/junit-13837749624860595715/scm-meta/scm-ha/d6177b75-ac47-4135-89b4-3afe46d7c0c6/in_use.lock acquired by nodename 11778@pkrvmberfyhpb9w
2025-05-13 07:38:53,381 [10686263-6a26-4d63-b6a0-6aa5aa7d3b52-impl-thread1] INFO  storage.RaftStorage (RaftStorageImpl.java:format(98)) - Storage directory /tmp/junit-13837749624860595715/scm-meta/scm-ha/d6177b75-ac47-4135-89b4-3afe46d7c0c6 has been successfully formatted.
2025-05-13 07:38:53,382 [10686263-6a26-4d63-b6a0-6aa5aa7d3b52-impl-thread1] INFO  ha.SCMStateMachine (SCMStateMachine.java:lambda$initialize$0(135)) - 10686263-6a26-4d63-b6a0-6aa5aa7d3b52: initialize group-3AFE46D7C0C6
2025-05-13 07:38:53,382 [10686263-6a26-4d63-b6a0-6aa5aa7d3b52-impl-thread1] INFO  server.RaftServerConfigKeys (ConfUtils.java:logGet(46)) - raft.server.log.use.memory = false (default)
2025-05-13 07:38:53,382 [10686263-6a26-4d63-b6a0-6aa5aa7d3b52-impl-thread1] INFO  server.RaftServerConfigKeys (ConfUtils.java:logGet(46)) - raft.server.log.purge.gap = 1000000 (custom)
2025-05-13 07:38:53,382 [10686263-6a26-4d63-b6a0-6aa5aa7d3b52-impl-thread1] INFO  server.RaftServerConfigKeys (ConfUtils.java:logGet(46)) - raft.server.log.appender.buffer.byte-limit = 4194304 (custom)
2025-05-13 07:38:53,382 [10686263-6a26-4d63-b6a0-6aa5aa7d3b52-impl-thread1] INFO  server.RaftServerConfigKeys (ConfUtils.java:logGet(46)) - raft.server.log.statemachine.data.read.timeout = 1000ms (default)
2025-05-13 07:38:53,382 [10686263-6a26-4d63-b6a0-6aa5aa7d3b52-impl-thread1] INFO  server.RaftServerConfigKeys (ConfUtils.java:logGet(46)) - raft.server.log.purge.preservation.log.num = 0 (default)
2025-05-13 07:38:53,383 [10686263-6a26-4d63-b6a0-6aa5aa7d3b52-impl-thread1] INFO  server.RaftServerConfigKeys (ConfUtils.java:logGet(46)) - raft.server.log.segment.size.max = 4194304 (custom)
2025-05-13 07:38:53,384 [10686263-6a26-4d63-b6a0-6aa5aa7d3b52-impl-thread1] INFO  server.RaftServerConfigKeys (ConfUtils.java:logGet(46)) - raft.server.log.segment.cache.num.max = 2 (custom)
2025-05-13 07:38:53,384 [10686263-6a26-4d63-b6a0-6aa5aa7d3b52-impl-thread1] INFO  server.RaftServerConfigKeys (ConfUtils.java:logGet(46)) - raft.server.log.segment.cache.size.max = 200MB (=209715200) (default)
2025-05-13 07:38:53,384 [10686263-6a26-4d63-b6a0-6aa5aa7d3b52-impl-thread1] INFO  server.RaftServerConfigKeys (ConfUtils.java:logGet(46)) - raft.server.log.appender.buffer.byte-limit = 4194304 (custom)
2025-05-13 07:38:53,384 [10686263-6a26-4d63-b6a0-6aa5aa7d3b52-impl-thread1] INFO  util.AwaitToRun (AwaitToRun.java:start(81)) - Thread[#994,10686263-6a26-4d63-b6a0-6aa5aa7d3b52@group-3AFE46D7C0C6-cacheEviction-AwaitToRun,5,main] started
2025-05-13 07:38:53,384 [10686263-6a26-4d63-b6a0-6aa5aa7d3b52-impl-thread1] INFO  segmented.SegmentedRaftLogWorker (SegmentedRaftLogWorker.java:<init>(188)) - new 10686263-6a26-4d63-b6a0-6aa5aa7d3b52@group-3AFE46D7C0C6-SegmentedRaftLogWorker for RaftStorageImpl:Storage Directory /tmp/junit-13837749624860595715/scm-meta/scm-ha/d6177b75-ac47-4135-89b4-3afe46d7c0c6
2025-05-13 07:38:53,384 [10686263-6a26-4d63-b6a0-6aa5aa7d3b52-impl-thread1] INFO  server.RaftServerConfigKeys (ConfUtils.java:logGet(46)) - raft.server.log.queue.byte-limit = 64MB (=67108864) (default)
2025-05-13 07:38:53,384 [10686263-6a26-4d63-b6a0-6aa5aa7d3b52-impl-thread1] INFO  server.RaftServerConfigKeys (ConfUtils.java:logGet(46)) - raft.server.log.queue.element-limit = 4096 (default)
2025-05-13 07:38:53,384 [10686263-6a26-4d63-b6a0-6aa5aa7d3b52-impl-thread1] INFO  server.RaftServerConfigKeys (ConfUtils.java:logGet(46)) - raft.server.log.segment.size.max = 4194304 (custom)
2025-05-13 07:38:53,384 [10686263-6a26-4d63-b6a0-6aa5aa7d3b52-impl-thread1] INFO  server.RaftServerConfigKeys (ConfUtils.java:logGet(46)) - raft.server.log.preallocated.size = 4194304 (custom)
2025-05-13 07:38:53,384 [10686263-6a26-4d63-b6a0-6aa5aa7d3b52-impl-thread1] INFO  server.RaftServerConfigKeys (ConfUtils.java:logGet(46)) - raft.server.log.force.sync.num = 128 (default)
2025-05-13 07:38:53,384 [10686263-6a26-4d63-b6a0-6aa5aa7d3b52-impl-thread1] INFO  server.RaftServerConfigKeys (ConfUtils.java:logGet(46)) - raft.server.log.statemachine.data.sync = true (default)
2025-05-13 07:38:53,384 [10686263-6a26-4d63-b6a0-6aa5aa7d3b52-impl-thread1] INFO  server.RaftServerConfigKeys (ConfUtils.java:logGet(46)) - raft.server.log.statemachine.data.sync.timeout = 10s (default)
2025-05-13 07:38:53,384 [10686263-6a26-4d63-b6a0-6aa5aa7d3b52-impl-thread1] INFO  server.RaftServerConfigKeys (ConfUtils.java:logGet(46)) - raft.server.log.statemachine.data.sync.timeout.retry = -1 (default)
2025-05-13 07:38:53,385 [10686263-6a26-4d63-b6a0-6aa5aa7d3b52-impl-thread1] INFO  server.RaftServerConfigKeys (ConfUtils.java:logGet(46)) - raft.server.log.write.buffer.size = 4194312 (custom)
2025-05-13 07:38:53,386 [10686263-6a26-4d63-b6a0-6aa5aa7d3b52-impl-thread1] INFO  server.RaftServerConfigKeys (ConfUtils.java:logGet(46)) - raft.server.log.appender.buffer.byte-limit = 4194304 (custom)
2025-05-13 07:38:53,386 [10686263-6a26-4d63-b6a0-6aa5aa7d3b52-impl-thread1] INFO  server.RaftServerConfigKeys (ConfUtils.java:logGet(46)) - raft.server.log.unsafe-flush.enabled = false (default)
2025-05-13 07:38:53,386 [10686263-6a26-4d63-b6a0-6aa5aa7d3b52-impl-thread1] INFO  server.RaftServerConfigKeys (ConfUtils.java:logGet(46)) - raft.server.log.async-flush.enabled = false (default)
2025-05-13 07:38:53,386 [10686263-6a26-4d63-b6a0-6aa5aa7d3b52-impl-thread1] INFO  server.RaftServerConfigKeys (ConfUtils.java:logGet(46)) - raft.server.log.statemachine.data.caching.enabled = false (default)
2025-05-13 07:38:53,386 [10686263-6a26-4d63-b6a0-6aa5aa7d3b52-impl-thread1] INFO  segmented.SegmentedRaftLogWorker (SegmentedRaftLogWorker.java:lambda$new$0(139)) - 10686263-6a26-4d63-b6a0-6aa5aa7d3b52@group-3AFE46D7C0C6-SegmentedRaftLogWorker: flushIndex: setUnconditionally 0 -> -1
2025-05-13 07:38:53,386 [10686263-6a26-4d63-b6a0-6aa5aa7d3b52-impl-thread1] INFO  segmented.SegmentedRaftLogWorker (SegmentedRaftLogWorker.java:lambda$new$0(139)) - 10686263-6a26-4d63-b6a0-6aa5aa7d3b52@group-3AFE46D7C0C6-SegmentedRaftLogWorker: safeCacheEvictIndex: setUnconditionally 0 -> -1
2025-05-13 07:38:53,386 [10686263-6a26-4d63-b6a0-6aa5aa7d3b52-impl-thread1] INFO  server.RaftServer$Division (RaftServerImpl.java:start(391)) - 10686263-6a26-4d63-b6a0-6aa5aa7d3b52@group-3AFE46D7C0C6: start as a follower, conf=conf: {index: -1, cur=peers:[10686263-6a26-4d63-b6a0-6aa5aa7d3b52|pkrvmberfyhpb9w:15025]|listeners:[], old=null}
2025-05-13 07:38:53,386 [10686263-6a26-4d63-b6a0-6aa5aa7d3b52-impl-thread1] INFO  server.RaftServer$Division (RaftServerImpl.java:setRole(378)) - 10686263-6a26-4d63-b6a0-6aa5aa7d3b52@group-3AFE46D7C0C6: changes role from      null to FOLLOWER at term 0 for startAsFollower
2025-05-13 07:38:53,386 [10686263-6a26-4d63-b6a0-6aa5aa7d3b52-impl-thread1] INFO  impl.RoleInfo (RoleInfo.java:updateAndGet(148)) - 10686263-6a26-4d63-b6a0-6aa5aa7d3b52: start 10686263-6a26-4d63-b6a0-6aa5aa7d3b52@group-3AFE46D7C0C6-FollowerState
2025-05-13 07:38:53,387 [10686263-6a26-4d63-b6a0-6aa5aa7d3b52@group-3AFE46D7C0C6-FollowerState] INFO  server.RaftServerConfigKeys (ConfUtils.java:logFallback(53)) - raft.server.rpc.first-election.timeout.min = 5000ms (fallback to raft.server.rpc.timeout.min)
2025-05-13 07:38:53,387 [10686263-6a26-4d63-b6a0-6aa5aa7d3b52@group-3AFE46D7C0C6-FollowerState] INFO  server.RaftServerConfigKeys (ConfUtils.java:logFallback(53)) - raft.server.rpc.first-election.timeout.max = 5200ms (fallback to raft.server.rpc.timeout.max)
2025-05-13 07:38:53,387 [10686263-6a26-4d63-b6a0-6aa5aa7d3b52-impl-thread1] INFO  util.JmxRegister (JmxRegister.java:tryRegister(44)) - Successfully registered JMX Bean with object name Ratis:service=RaftServer,group=group-3AFE46D7C0C6,id=10686263-6a26-4d63-b6a0-6aa5aa7d3b52
2025-05-13 07:38:53,387 [10686263-6a26-4d63-b6a0-6aa5aa7d3b52-impl-thread1] INFO  util.JmxRegister (JmxRegister.java:register(58)) - register mxBean class org.apache.ratis.server.impl.RaftServerJmxAdapter as Ratis:service=RaftServer,group=group-3AFE46D7C0C6,id=10686263-6a26-4d63-b6a0-6aa5aa7d3b52
2025-05-13 07:38:53,387 [10686263-6a26-4d63-b6a0-6aa5aa7d3b52-impl-thread1] INFO  server.RaftServerConfigKeys (ConfUtils.java:logGet(46)) - raft.server.snapshot.trigger-when-stop.enabled = true (default)
2025-05-13 07:38:53,388 [10686263-6a26-4d63-b6a0-6aa5aa7d3b52-impl-thread1] INFO  server.RaftServerConfigKeys (ConfUtils.java:logGet(46)) - raft.server.snapshot.trigger-when-remove.enabled = true (default)
2025-05-13 07:38:53,388 [10686263-6a26-4d63-b6a0-6aa5aa7d3b52-impl-thread1] INFO  server.RaftServerConfigKeys (ConfUtils.java:logGet(46)) - raft.server.snapshot.auto.trigger.enabled = true (custom)
2025-05-13 07:38:53,388 [10686263-6a26-4d63-b6a0-6aa5aa7d3b52-impl-thread1] INFO  server.RaftServerConfigKeys (ConfUtils.java:logGet(46)) - raft.server.snapshot.auto.trigger.threshold = 1000 (custom)
2025-05-13 07:38:53,388 [10686263-6a26-4d63-b6a0-6aa5aa7d3b52-impl-thread1] INFO  server.RaftServerConfigKeys (ConfUtils.java:logGet(46)) - raft.server.snapshot.retention.file.num = -1 (default)
2025-05-13 07:38:53,388 [10686263-6a26-4d63-b6a0-6aa5aa7d3b52-impl-thread1] INFO  server.RaftServerConfigKeys (ConfUtils.java:logGet(46)) - raft.server.log.purge.upto.snapshot.index = false (default)
2025-05-13 07:38:53,388 [10686263-6a26-4d63-b6a0-6aa5aa7d3b52-impl-thread1] INFO  server.RaftServer$Division (RaftServerImpl.java:start(405)) - 10686263-6a26-4d63-b6a0-6aa5aa7d3b52@group-3AFE46D7C0C6: Successfully started.
2025-05-13 07:38:53,389 [main] INFO  server.RaftServer (RaftServerProxy.java:startImpl(407)) - 10686263-6a26-4d63-b6a0-6aa5aa7d3b52: start RPC server
2025-05-13 07:38:53,390 [main] INFO  server.GrpcService (GrpcService.java:startImpl(334)) - 10686263-6a26-4d63-b6a0-6aa5aa7d3b52: GrpcService started, listening on 15025
2025-05-13 07:38:53,390 [JvmPauseMonitor6] INFO  util.JvmPauseMonitor (JvmPauseMonitor.java:run(146)) - JvmPauseMonitor-10686263-6a26-4d63-b6a0-6aa5aa7d3b52: Started
2025-05-13 07:38:58,515 [10686263-6a26-4d63-b6a0-6aa5aa7d3b52@group-3AFE46D7C0C6-FollowerState] INFO  impl.FollowerState (FollowerState.java:runImpl(161)) - 10686263-6a26-4d63-b6a0-6aa5aa7d3b52@group-3AFE46D7C0C6-FollowerState: change to CANDIDATE, lastRpcElapsedTime:5128912799ns, electionTimeout:5128ms
2025-05-13 07:38:58,516 [10686263-6a26-4d63-b6a0-6aa5aa7d3b52@group-3AFE46D7C0C6-FollowerState] INFO  impl.RoleInfo (RoleInfo.java:shutdownFollowerState(121)) - 10686263-6a26-4d63-b6a0-6aa5aa7d3b52: shutdown 10686263-6a26-4d63-b6a0-6aa5aa7d3b52@group-3AFE46D7C0C6-FollowerState
2025-05-13 07:38:58,516 [10686263-6a26-4d63-b6a0-6aa5aa7d3b52@group-3AFE46D7C0C6-FollowerState] INFO  server.RaftServer$Division (RaftServerImpl.java:setRole(378)) - 10686263-6a26-4d63-b6a0-6aa5aa7d3b52@group-3AFE46D7C0C6: changes role from  FOLLOWER to CANDIDATE at term 0 for changeToCandidate
2025-05-13 07:38:58,516 [10686263-6a26-4d63-b6a0-6aa5aa7d3b52@group-3AFE46D7C0C6-FollowerState] INFO  server.RaftServerConfigKeys (ConfUtils.java:logGet(46)) - raft.server.leaderelection.pre-vote = true (default)
2025-05-13 07:38:58,516 [10686263-6a26-4d63-b6a0-6aa5aa7d3b52@group-3AFE46D7C0C6-FollowerState] INFO  impl.RoleInfo (RoleInfo.java:updateAndGet(148)) - 10686263-6a26-4d63-b6a0-6aa5aa7d3b52: start 10686263-6a26-4d63-b6a0-6aa5aa7d3b52@group-3AFE46D7C0C6-LeaderElection4
2025-05-13 07:38:58,516 [10686263-6a26-4d63-b6a0-6aa5aa7d3b52@group-3AFE46D7C0C6-LeaderElection4] INFO  impl.LeaderElection (LeaderElection.java:askForVotes(332)) - 10686263-6a26-4d63-b6a0-6aa5aa7d3b52@group-3AFE46D7C0C6-LeaderElection4 PRE_VOTE round 0: submit vote requests at term 0 for conf: {index: -1, cur=peers:[10686263-6a26-4d63-b6a0-6aa5aa7d3b52|pkrvmberfyhpb9w:15025]|listeners:[], old=null}
2025-05-13 07:38:58,516 [10686263-6a26-4d63-b6a0-6aa5aa7d3b52@group-3AFE46D7C0C6-LeaderElection4] INFO  impl.LeaderElection (LeaderElection.java:askForVotes(334)) - 10686263-6a26-4d63-b6a0-6aa5aa7d3b52@group-3AFE46D7C0C6-LeaderElection4 PRE_VOTE round 0: result PASSED (term=0)
2025-05-13 07:38:58,518 [10686263-6a26-4d63-b6a0-6aa5aa7d3b52@group-3AFE46D7C0C6-LeaderElection4] INFO  impl.LeaderElection (LeaderElection.java:askForVotes(332)) - 10686263-6a26-4d63-b6a0-6aa5aa7d3b52@group-3AFE46D7C0C6-LeaderElection4 ELECTION round 0: submit vote requests at term 1 for conf: {index: -1, cur=peers:[10686263-6a26-4d63-b6a0-6aa5aa7d3b52|pkrvmberfyhpb9w:15025]|listeners:[], old=null}
2025-05-13 07:38:58,518 [10686263-6a26-4d63-b6a0-6aa5aa7d3b52@group-3AFE46D7C0C6-LeaderElection4] INFO  impl.LeaderElection (LeaderElection.java:askForVotes(334)) - 10686263-6a26-4d63-b6a0-6aa5aa7d3b52@group-3AFE46D7C0C6-LeaderElection4 ELECTION round 0: result PASSED (term=1)
2025-05-13 07:38:58,518 [10686263-6a26-4d63-b6a0-6aa5aa7d3b52@group-3AFE46D7C0C6-LeaderElection4] INFO  impl.RoleInfo (RoleInfo.java:shutdownLeaderElection(141)) - 10686263-6a26-4d63-b6a0-6aa5aa7d3b52: shutdown 10686263-6a26-4d63-b6a0-6aa5aa7d3b52@group-3AFE46D7C0C6-LeaderElection4
2025-05-13 07:38:58,518 [10686263-6a26-4d63-b6a0-6aa5aa7d3b52@group-3AFE46D7C0C6-LeaderElection4] INFO  server.RaftServer$Division (RaftServerImpl.java:setRole(378)) - 10686263-6a26-4d63-b6a0-6aa5aa7d3b52@group-3AFE46D7C0C6: changes role from CANDIDATE to LEADER at term 1 for changeToLeader
2025-05-13 07:38:58,518 [10686263-6a26-4d63-b6a0-6aa5aa7d3b52@group-3AFE46D7C0C6-LeaderElection4] INFO  server.RaftServerConfigKeys (ConfUtils.java:logGet(46)) - raft.server.staging.catchup.gap = 1000 (default)
2025-05-13 07:38:58,518 [10686263-6a26-4d63-b6a0-6aa5aa7d3b52@group-3AFE46D7C0C6-LeaderElection4] INFO  server.RaftServerConfigKeys (ConfUtils.java:logGet(46)) - raft.server.write.element-limit = 4096 (default)
2025-05-13 07:38:58,519 [10686263-6a26-4d63-b6a0-6aa5aa7d3b52@group-3AFE46D7C0C6-LeaderElection4] INFO  server.RaftServerConfigKeys (ConfUtils.java:logGet(46)) - raft.server.write.byte-limit = 64MB (=67108864) (default)
2025-05-13 07:38:58,519 [10686263-6a26-4d63-b6a0-6aa5aa7d3b52@group-3AFE46D7C0C6-LeaderElection4] INFO  server.RaftServerConfigKeys (ConfUtils.java:logGet(46)) - raft.server.watch.timeout = 10s (default)
2025-05-13 07:38:58,519 [10686263-6a26-4d63-b6a0-6aa5aa7d3b52@group-3AFE46D7C0C6-LeaderElection4] INFO  server.RaftServerConfigKeys (ConfUtils.java:logGet(46)) - raft.server.watch.timeout.denomination = 1s (default)
2025-05-13 07:38:58,519 [10686263-6a26-4d63-b6a0-6aa5aa7d3b52@group-3AFE46D7C0C6-LeaderElection4] INFO  server.RaftServerConfigKeys (ConfUtils.java:logGet(46)) - raft.server.watch.element-limit = 65536 (default)
2025-05-13 07:38:58,520 [10686263-6a26-4d63-b6a0-6aa5aa7d3b52@group-3AFE46D7C0C6-LeaderElection4] INFO  server.RaftServerConfigKeys (ConfUtils.java:logGet(46)) - raft.server.read.leader.lease.enabled = false (default)
2025-05-13 07:38:58,520 [10686263-6a26-4d63-b6a0-6aa5aa7d3b52@group-3AFE46D7C0C6-LeaderElection4] INFO  server.RaftServerConfigKeys (ConfUtils.java:logGet(46)) - raft.server.read.leader.lease.timeout.ratio = 0.9 (default)
2025-05-13 07:38:58,520 [10686263-6a26-4d63-b6a0-6aa5aa7d3b52@group-3AFE46D7C0C6-LeaderElection4] INFO  server.RaftServerConfigKeys (ConfUtils.java:logGet(46)) - raft.server.rpc.timeout.min = 5000ms (custom)
2025-05-13 07:38:58,520 [10686263-6a26-4d63-b6a0-6aa5aa7d3b52@group-3AFE46D7C0C6-LeaderElection4] INFO  server.RaftServerConfigKeys (ConfUtils.java:logGet(46)) - raft.server.log.log-metadata.enabled = true (default)
2025-05-13 07:38:58,520 [10686263-6a26-4d63-b6a0-6aa5aa7d3b52@group-3AFE46D7C0C6-LeaderElection4] INFO  server.RaftServerConfigKeys (ConfUtils.java:logGet(46)) - raft.server.write.element-limit = 4096 (default)
2025-05-13 07:38:58,520 [10686263-6a26-4d63-b6a0-6aa5aa7d3b52@group-3AFE46D7C0C6-LeaderElection4] INFO  server.RaftServerConfigKeys (ConfUtils.java:logGet(46)) - raft.server.write.follower.gap.ratio.max = -1.0 (default)
2025-05-13 07:38:58,520 [10686263-6a26-4d63-b6a0-6aa5aa7d3b52@group-3AFE46D7C0C6-LeaderElection4] INFO  impl.RoleInfo (RoleInfo.java:updateAndGet(148)) - 10686263-6a26-4d63-b6a0-6aa5aa7d3b52: start 10686263-6a26-4d63-b6a0-6aa5aa7d3b52@group-3AFE46D7C0C6-LeaderStateImpl
2025-05-13 07:38:58,520 [10686263-6a26-4d63-b6a0-6aa5aa7d3b52@group-3AFE46D7C0C6-LeaderElection4] INFO  server.RaftServer$Division (RaftServerImpl.java:setFirstElection(562)) - 10686263-6a26-4d63-b6a0-6aa5aa7d3b52@group-3AFE46D7C0C6: set firstElectionSinceStartup to false for becomeLeader
2025-05-13 07:38:58,520 [10686263-6a26-4d63-b6a0-6aa5aa7d3b52@group-3AFE46D7C0C6-LeaderElection4] INFO  server.RaftServer$Division (ServerState.java:setLeader(272)) - 10686263-6a26-4d63-b6a0-6aa5aa7d3b52@group-3AFE46D7C0C6: change Leader from null to 10686263-6a26-4d63-b6a0-6aa5aa7d3b52 at term 1 for becomeLeader, leader elected after 5145ms
2025-05-13 07:38:58,520 [10686263-6a26-4d63-b6a0-6aa5aa7d3b52@group-3AFE46D7C0C6-LeaderElection4] INFO  segmented.SegmentedRaftLogWorker (SegmentedRaftLogWorker.java:startLogSegment(438)) - 10686263-6a26-4d63-b6a0-6aa5aa7d3b52@group-3AFE46D7C0C6-SegmentedRaftLogWorker: Starting segment from index:0
2025-05-13 07:38:58,521 [10686263-6a26-4d63-b6a0-6aa5aa7d3b52@group-3AFE46D7C0C6-LeaderElection4] INFO  server.RaftServer$Division (ServerState.java:setRaftConf(386)) - 10686263-6a26-4d63-b6a0-6aa5aa7d3b52@group-3AFE46D7C0C6: set configuration conf: {index: 0, cur=peers:[10686263-6a26-4d63-b6a0-6aa5aa7d3b52|pkrvmberfyhpb9w:15025]|listeners:[], old=null}
2025-05-13 07:38:58,522 [10686263-6a26-4d63-b6a0-6aa5aa7d3b52@group-3AFE46D7C0C6-SegmentedRaftLogWorker] INFO  segmented.BufferedWriteChannel (BufferedWriteChannel.java:open(61)) - open log_inprogress_0 at position 0
2025-05-13 07:38:58,527 [10686263-6a26-4d63-b6a0-6aa5aa7d3b52@group-3AFE46D7C0C6-SegmentedRaftLogWorker] INFO  segmented.SegmentedRaftLogWorker (SegmentedRaftLogWorker.java:execute(644)) - 10686263-6a26-4d63-b6a0-6aa5aa7d3b52@group-3AFE46D7C0C6-SegmentedRaftLogWorker: created new log segment /tmp/junit-13837749624860595715/scm-meta/scm-ha/d6177b75-ac47-4135-89b4-3afe46d7c0c6/current/log_inprogress_0
2025-05-13 07:38:58,529 [10686263-6a26-4d63-b6a0-6aa5aa7d3b52@group-3AFE46D7C0C6-StateMachineUpdater] INFO  server.RaftServer$Division (LeaderStateImpl.java:checkStartIndex(313)) - Leader 10686263-6a26-4d63-b6a0-6aa5aa7d3b52@group-3AFE46D7C0C6-LeaderStateImpl is ready since appliedIndex == startIndex == 0
2025-05-13 07:38:59,391 [main] INFO  server.RaftServer (RaftServerProxy.java:lambda$close$9(417)) - 10686263-6a26-4d63-b6a0-6aa5aa7d3b52: close
2025-05-13 07:38:59,391 [main] INFO  server.GrpcService (GrpcService.java:closeImpl(343)) - 10686263-6a26-4d63-b6a0-6aa5aa7d3b52: shutdown server GrpcServerProtocolService now
2025-05-13 07:38:59,391 [10686263-6a26-4d63-b6a0-6aa5aa7d3b52-impl-thread1] INFO  server.RaftServer$Division (RaftServerImpl.java:lambda$close$1(513)) - 10686263-6a26-4d63-b6a0-6aa5aa7d3b52@group-3AFE46D7C0C6: shutdown
2025-05-13 07:38:59,392 [10686263-6a26-4d63-b6a0-6aa5aa7d3b52-impl-thread1] INFO  util.JmxRegister (JmxRegister.java:unregister(74)) - Successfully un-registered JMX Bean with object name Ratis:service=RaftServer,group=group-3AFE46D7C0C6,id=10686263-6a26-4d63-b6a0-6aa5aa7d3b52
2025-05-13 07:38:59,392 [10686263-6a26-4d63-b6a0-6aa5aa7d3b52-impl-thread1] INFO  impl.RoleInfo (RoleInfo.java:shutdownLeaderState(103)) - 10686263-6a26-4d63-b6a0-6aa5aa7d3b52: shutdown 10686263-6a26-4d63-b6a0-6aa5aa7d3b52@group-3AFE46D7C0C6-LeaderStateImpl
2025-05-13 07:38:59,392 [10686263-6a26-4d63-b6a0-6aa5aa7d3b52-impl-thread1] INFO  impl.PendingRequests (PendingRequests.java:sendNotLeaderResponses(287)) - 10686263-6a26-4d63-b6a0-6aa5aa7d3b52@group-3AFE46D7C0C6-PendingRequests: sendNotLeaderResponses
2025-05-13 07:38:59,392 [main] INFO  server.GrpcService (GrpcService.java:closeImpl(352)) - 10686263-6a26-4d63-b6a0-6aa5aa7d3b52: shutdown server GrpcServerProtocolService successfully
2025-05-13 07:38:59,393 [10686263-6a26-4d63-b6a0-6aa5aa7d3b52-impl-thread1] INFO  impl.StateMachineUpdater (StateMachineUpdater.java:stopAndJoin(164)) - 10686263-6a26-4d63-b6a0-6aa5aa7d3b52@group-3AFE46D7C0C6-StateMachineUpdater: set stopIndex = 0
2025-05-13 07:38:59,393 [10686263-6a26-4d63-b6a0-6aa5aa7d3b52@group-3AFE46D7C0C6-StateMachineUpdater] INFO  impl.StateMachineUpdater (StateMachineUpdater.java:takeSnapshot(303)) - 10686263-6a26-4d63-b6a0-6aa5aa7d3b52@group-3AFE46D7C0C6-StateMachineUpdater: Took a snapshot at index 0
2025-05-13 07:38:59,393 [10686263-6a26-4d63-b6a0-6aa5aa7d3b52@group-3AFE46D7C0C6-StateMachineUpdater] INFO  impl.StateMachineUpdater (StateMachineUpdater.java:lambda$new$0(102)) - 10686263-6a26-4d63-b6a0-6aa5aa7d3b52@group-3AFE46D7C0C6-StateMachineUpdater: snapshotIndex: updateIncreasingly -1 -> 0
2025-05-13 07:38:59,393 [10686263-6a26-4d63-b6a0-6aa5aa7d3b52@group-3AFE46D7C0C6-StateMachineUpdater] INFO  impl.StateMachineUpdater (StateMachineUpdater.java:stop(141)) - 10686263-6a26-4d63-b6a0-6aa5aa7d3b52@group-3AFE46D7C0C6-StateMachineUpdater: closing SCMStateMachine, lastApplied=(t:1, i:0)
2025-05-13 07:38:59,393 [10686263-6a26-4d63-b6a0-6aa5aa7d3b52@group-3AFE46D7C0C6-cacheEviction-AwaitToRun] INFO  util.AwaitToRun (AwaitToRun.java:run(49)) - 10686263-6a26-4d63-b6a0-6aa5aa7d3b52@group-3AFE46D7C0C6-cacheEviction-AwaitToRun-AwaitForSignal is interrupted
2025-05-13 07:38:59,529 [10686263-6a26-4d63-b6a0-6aa5aa7d3b52-impl-thread1] INFO  segmented.SegmentedRaftLogWorker (SegmentedRaftLogWorker.java:close(252)) - 10686263-6a26-4d63-b6a0-6aa5aa7d3b52@group-3AFE46D7C0C6-SegmentedRaftLogWorker close()
2025-05-13 07:38:59,530 [JvmPauseMonitor6] INFO  util.JvmPauseMonitor (JvmPauseMonitor.java:run(152)) - JvmPauseMonitor-10686263-6a26-4d63-b6a0-6aa5aa7d3b52: Stopped
2025-05-13 07:38:59,530 [main] WARN  server.ServerUtils (ServerUtils.java:getScmDbDir(138)) - ozone.scm.db.dirs is not configured. We recommend adding this setting. Falling back to ozone.metadata.dirs instead.
2025-05-13 07:38:59,530 [main] INFO  ha.SCMHANodeDetails (SCMHANodeDetails.java:loadSCMHAConfig(162)) - ServiceID for StorageContainerManager is null
2025-05-13 07:38:59,530 [main] INFO  ha.SCMHANodeDetails (SCMHANodeDetails.java:loadSCMHAConfig(166)) - ozone.scm.default.service.id is not defined, falling back to ozone.scm.service.ids to find serviceID for StorageContainerManager if it is HA enabled cluster
2025-05-13 07:38:59,537 [pool-192-thread-1] INFO  request.KdcRequest (KdcRequest.java:preauth(683)) - The preauth data is empty.
2025-05-13 07:38:59,537 [pool-192-thread-1] INFO  server.KdcHandler (KdcHandler.java:handleRecoverableException(177)) - KRB error occurred while processing request: Additional pre-authentication required
2025-05-13 07:38:59,541 [pool-192-thread-1] INFO  request.AsRequest (AsRequest.java:issueTicket(112)) - AS_REQ ISSUE: authtime 1747121939541,om/pkrvmberfyhpb9w.internal.cloudapp.net@EXAMPLE.COM for krbtgt/EXAMPLE.COM@EXAMPLE.COM
2025-05-13 07:38:59,542 [main] INFO  security.UserGroupInformation (UserGroupInformation.java:loginUserFromKeytab(1143)) - Login successful for user om/pkrvmberfyhpb9w.internal.cloudapp.net@EXAMPLE.COM using keytab file om.keytab. Keytab auto renewal enabled : false
2025-05-13 07:38:59,543 [main] INFO  server.StorageContainerManager (StorageContainerManager.java:loginAsSCMUserIfSecurityEnabled(1062)) - SCM login successful.
2025-05-13 07:38:59,544 [main] INFO  proxy.SCMSecurityProtocolFailoverProxyProvider (SCMFailoverProxyProviderBase.java:<init>(120)) - Created fail-over proxy for protocol SCMSecurityProtocolPB with 1 nodes: [nodeId=scmNodeId,nodeAddress=localhost/127.0.0.1:15024]
2025-05-13 07:38:59,544 [main] INFO  client.SCMCertificateClient (DefaultCertificateClient.java:updateCertSerialId(1289)) - Certificate serial ID set to 2
2025-05-13 07:38:59,545 [main] INFO  client.SCMCertificateClient (DefaultCertificateClient.java:readCertificateFile(247)) - Added certificate 2 from file: /tmp/junit-13837749624860595715/scm-meta/scm/sub-ca/certs/2.crt.
2025-05-13 07:38:59,546 [main] INFO  client.SCMCertificateClient (DefaultCertificateClient.java:readCertificateFile(247)) - Added certificate 1 from file: /tmp/junit-13837749624860595715/scm-meta/scm/sub-ca/certs/CA-1.crt.
2025-05-13 07:38:59,547 [main] INFO  client.SCMCertificateClient (DefaultCertificateClient.java:readCertificateFile(247)) - Added certificate 2 from file: /tmp/junit-13837749624860595715/scm-meta/scm/sub-ca/certs/certificate.crt.
2025-05-13 07:38:59,547 [main] INFO  client.SCMCertificateClient (DefaultCertificateClient.java:loadAllCertificates(196)) - CertificateRenewerService and root ca rotation polling is disabled for scm/sub-ca
2025-05-13 07:38:59,547 [main] WARN  utils.HAUtils (HAUtils.java:getMetaDir(311)) - ozone.scm.db.dirs is not configured. We recommend adding this setting. Falling back to ozone.metadata.dirs instead.
2025-05-13 07:38:59,547 [main] WARN  db.DBStoreBuilder (DBStoreBuilder.java:getDBDirPath(160)) - ozone.scm.db.dirs is not configured. We recommend adding this setting. Falling back to ozone.metadata.dirs instead.
2025-05-13 07:38:59,597 [main] INFO  net.NodeSchemaLoader (NodeSchemaLoader.java:loadSchemaFromFile(128)) - Loading schema from [jar:file:/home/runner/work/ozone/ozone/hadoop-hdds/common/target/hdds-common-2.1.0-SNAPSHOT.jar!/network-topology-default.xml]
2025-05-13 07:38:59,597 [main] INFO  net.NodeSchemaLoader (NodeSchemaLoader.java:loadSchema(175)) - Loading network topology layer schema file
2025-05-13 07:38:59,626 [main] INFO  ha.SCMRatisServerImpl (SCMRatisServerImpl.java:<init>(100)) - starting Raft server for scm:10686263-6a26-4d63-b6a0-6aa5aa7d3b52
2025-05-13 07:38:59,627 [main] INFO  server.RaftServerConfigKeys (ConfUtils.java:logGet(46)) - raft.server.log.appender.buffer.byte-limit = 4194304 (custom)
2025-05-13 07:38:59,628 [main] INFO  server.RaftServer (ConfUtils.java:logGet(46)) - raft.rpc.type = GRPC (default)
2025-05-13 07:38:59,628 [main] INFO  grpc.GrpcConfigKeys (ConfUtils.java:logFallback(53)) - raft.grpc.admin.host = null (fallback to raft.grpc.server.host)
2025-05-13 07:38:59,628 [main] INFO  grpc.GrpcConfigKeys (ConfUtils.java:logFallback(53)) - raft.grpc.admin.port = 15025 (fallback to raft.grpc.server.port)
2025-05-13 07:38:59,629 [main] INFO  grpc.GrpcConfigKeys (ConfUtils.java:logFallback(53)) - raft.grpc.client.host = null (fallback to raft.grpc.server.host)
2025-05-13 07:38:59,629 [main] INFO  grpc.GrpcConfigKeys (ConfUtils.java:logFallback(53)) - raft.grpc.client.port = 15025 (fallback to raft.grpc.server.port)
2025-05-13 07:38:59,629 [main] INFO  grpc.GrpcConfigKeys (ConfUtils.java:logGet(46)) - raft.grpc.server.host = null (default)
2025-05-13 07:38:59,629 [main] INFO  grpc.GrpcConfigKeys (ConfUtils.java:logGet(46)) - raft.grpc.server.port = 15025 (custom)
2025-05-13 07:38:59,629 [main] INFO  server.GrpcService (ConfUtils.java:logGet(46)) - raft.grpc.message.size.max = 5242880 (custom)
2025-05-13 07:38:59,629 [main] INFO  server.GrpcService (ConfUtils.java:logGet(46)) - raft.grpc.flow.control.window = 1MB (=1048576) (default)
2025-05-13 07:38:59,629 [main] INFO  server.RaftServerConfigKeys (ConfUtils.java:logGet(46)) - raft.server.rpc.request.timeout = 30000ms (custom)
2025-05-13 07:38:59,629 [main] INFO  grpc.GrpcConfigKeys (ConfUtils.java:logGet(46)) - raft.grpc.server.heartbeat.channel = true (default)
2025-05-13 07:38:59,629 [main] INFO  server.RaftServerConfigKeys (ConfUtils.java:logGet(46)) - raft.server.log.appender.buffer.byte-limit = 4194304 (custom)
2025-05-13 07:38:59,629 [main] INFO  grpc.GrpcConfigKeys (ConfUtils.java:logGet(46)) - raft.grpc.server.async.request.thread.pool.cached = true (default)
2025-05-13 07:38:59,630 [main] INFO  grpc.GrpcConfigKeys (ConfUtils.java:logGet(46)) - raft.grpc.server.async.request.thread.pool.size = 32 (default)
2025-05-13 07:38:59,630 [main] INFO  impl.DataStreamServerImpl (ConfUtils.java:logGet(46)) - raft.datastream.type = DISABLED (default)
2025-05-13 07:38:59,631 [main] INFO  server.RaftServerConfigKeys (ConfUtils.java:logGet(46)) - raft.server.sleep.deviation.threshold = 300ms (default)
2025-05-13 07:38:59,631 [main] INFO  server.RaftServerConfigKeys (ConfUtils.java:logGet(46)) - raft.server.close.threshold = 60s (default)
2025-05-13 07:38:59,631 [main] INFO  server.RaftServerConfigKeys (ConfUtils.java:logGet(46)) - raft.server.leaderelection.leader.step-down.wait-time = 10s (default)
2025-05-13 07:38:59,631 [main] INFO  server.RaftServerConfigKeys (ConfUtils.java:logGet(46)) - raft.server.storage.dir = [/tmp/junit-13837749624860595715/scm-meta/scm-ha] (custom)
2025-05-13 07:38:59,631 [main] INFO  server.RaftServerConfigKeys (ConfUtils.java:logGet(46)) - raft.server.threadpool.proxy.cached = true (default)
2025-05-13 07:38:59,631 [main] INFO  server.RaftServerConfigKeys (ConfUtils.java:logGet(46)) - raft.server.threadpool.proxy.size = 0 (default)
2025-05-13 07:38:59,632 [10686263-6a26-4d63-b6a0-6aa5aa7d3b52-impl-thread1] INFO  server.RaftServer (RaftServerProxy.java:initGroupDir(265)) - 10686263-6a26-4d63-b6a0-6aa5aa7d3b52: found a subdirectory /tmp/junit-13837749624860595715/scm-meta/scm-ha/d6177b75-ac47-4135-89b4-3afe46d7c0c6
2025-05-13 07:38:59,632 [main] INFO  server.RaftServer (RaftServerProxy.java:addNew(100)) - 10686263-6a26-4d63-b6a0-6aa5aa7d3b52: addNew group-3AFE46D7C0C6:[] returns group-3AFE46D7C0C6:java.util.concurrent.CompletableFuture@30524cdf[Not completed]
2025-05-13 07:38:59,632 [10686263-6a26-4d63-b6a0-6aa5aa7d3b52-groupManagement] INFO  server.RaftServer$Division (RaftServerImpl.java:<init>(255)) - 10686263-6a26-4d63-b6a0-6aa5aa7d3b52: new RaftServerImpl for group-3AFE46D7C0C6:[] with SCMStateMachine:uninitialized
2025-05-13 07:38:59,632 [10686263-6a26-4d63-b6a0-6aa5aa7d3b52-groupManagement] INFO  server.RaftServerConfigKeys (ConfUtils.java:logGet(46)) - raft.server.rpc.timeout.min = 5000ms (custom)
2025-05-13 07:38:59,632 [10686263-6a26-4d63-b6a0-6aa5aa7d3b52-groupManagement] INFO  server.RaftServerConfigKeys (ConfUtils.java:logGet(46)) - raft.server.rpc.timeout.max = 5200ms (custom)
2025-05-13 07:38:59,632 [10686263-6a26-4d63-b6a0-6aa5aa7d3b52-groupManagement] INFO  server.RaftServerConfigKeys (ConfUtils.java:logGet(46)) - raft.server.rpc.sleep.time = 25ms (default)
2025-05-13 07:38:59,632 [10686263-6a26-4d63-b6a0-6aa5aa7d3b52-groupManagement] INFO  server.RaftServerConfigKeys (ConfUtils.java:logGet(46)) - raft.server.rpc.slowness.timeout = 120000ms (custom)
2025-05-13 07:38:59,632 [10686263-6a26-4d63-b6a0-6aa5aa7d3b52-groupManagement] INFO  server.RaftServerConfigKeys (ConfUtils.java:logGet(46)) - raft.server.leaderelection.leader.step-down.wait-time = 10s (default)
2025-05-13 07:38:59,632 [10686263-6a26-4d63-b6a0-6aa5aa7d3b52-groupManagement] INFO  server.RaftServerConfigKeys (ConfUtils.java:logGet(46)) - raft.server.leaderelection.member.majority-add = false (default)
2025-05-13 07:38:59,632 [10686263-6a26-4d63-b6a0-6aa5aa7d3b52-groupManagement] INFO  server.RaftServerConfigKeys (ConfUtils.java:logGet(46)) - raft.server.sleep.deviation.threshold = 300ms (default)
2025-05-13 07:38:59,632 [10686263-6a26-4d63-b6a0-6aa5aa7d3b52-groupManagement] INFO  server.RaftServer$Division (ServerState.java:<init>(114)) - 10686263-6a26-4d63-b6a0-6aa5aa7d3b52@group-3AFE46D7C0C6: ConfigurationManager, init=conf: {index: -1, cur=peers:[]|listeners:[], old=null}, confs=<EMPTY_MAP>
2025-05-13 07:38:59,632 [10686263-6a26-4d63-b6a0-6aa5aa7d3b52-groupManagement] INFO  server.RaftServerConfigKeys (ConfUtils.java:logGet(46)) - raft.server.notification.no-leader.timeout = 60s (default)
2025-05-13 07:38:59,632 [10686263-6a26-4d63-b6a0-6aa5aa7d3b52-groupManagement] INFO  server.RaftServerConfigKeys (ConfUtils.java:logGet(46)) - raft.server.read.timeout = 10s (default)
2025-05-13 07:38:59,632 [10686263-6a26-4d63-b6a0-6aa5aa7d3b52-groupManagement] INFO  server.RaftServerConfigKeys (ConfUtils.java:logGet(46)) - raft.server.retrycache.expirytime = 60000ms (default)
2025-05-13 07:38:59,632 [10686263-6a26-4d63-b6a0-6aa5aa7d3b52-groupManagement] INFO  server.RaftServerConfigKeys (ConfUtils.java:logGet(46)) - raft.server.retrycache.statistics.expirytime = 100ms (default)
2025-05-13 07:38:59,633 [10686263-6a26-4d63-b6a0-6aa5aa7d3b52-groupManagement] INFO  server.RaftServerConfigKeys (ConfUtils.java:logGet(46)) - raft.server.read.option = DEFAULT (default)
2025-05-13 07:38:59,633 [10686263-6a26-4d63-b6a0-6aa5aa7d3b52-groupManagement] INFO  server.RaftServerConfigKeys (ConfUtils.java:logGet(46)) - raft.server.read.read-after-write-consistent.write-index-cache.expiry-time = 60s (default)
2025-05-13 07:38:59,635 [10686263-6a26-4d63-b6a0-6aa5aa7d3b52-groupManagement] INFO  server.RaftServerConfigKeys (ConfUtils.java:logGet(46)) - raft.server.rpc.request.timeout = 30000ms (custom)
2025-05-13 07:38:59,635 [10686263-6a26-4d63-b6a0-6aa5aa7d3b52-groupManagement] INFO  server.RaftServerConfigKeys (ConfUtils.java:logGet(46)) - raft.server.log.appender.install.snapshot.enabled = false (custom)
2025-05-13 07:38:59,635 [10686263-6a26-4d63-b6a0-6aa5aa7d3b52-groupManagement] INFO  server.RaftServerConfigKeys (ConfUtils.java:logGet(46)) - raft.server.threadpool.server.cached = true (default)
2025-05-13 07:38:59,635 [10686263-6a26-4d63-b6a0-6aa5aa7d3b52-groupManagement] INFO  server.RaftServerConfigKeys (ConfUtils.java:logGet(46)) - raft.server.threadpool.server.size = 0 (default)
2025-05-13 07:38:59,636 [10686263-6a26-4d63-b6a0-6aa5aa7d3b52-groupManagement] INFO  server.RaftServerConfigKeys (ConfUtils.java:logGet(46)) - raft.server.threadpool.client.cached = true (default)
2025-05-13 07:38:59,636 [10686263-6a26-4d63-b6a0-6aa5aa7d3b52-groupManagement] INFO  server.RaftServerConfigKeys (ConfUtils.java:logGet(46)) - raft.server.threadpool.client.size = 0 (default)
2025-05-13 07:38:59,636 [main] INFO  ha.SCMSnapshotProvider (SCMSnapshotProvider.java:<init>(61)) - Initializing SCM Snapshot Provider
2025-05-13 07:38:59,636 [main] WARN  server.ServerUtils (ServerUtils.java:getDefaultRatisDirectory(304)) - Storage directory for Ratis is not configured. It is a good idea to map this to an SSD disk. Falling back to ozone.metadata.dirs
2025-05-13 07:38:59,636 [main] WARN  ha.SCMHAUtils (SCMHAUtils.java:getSCMRatisSnapshotDirectory(120)) - SCM snapshot dir is not configured. Falling back to ozone.metadata.dirs config
2025-05-13 07:38:59,637 [main] INFO  upgrade.AbstractLayoutVersionManager (AbstractLayoutVersionManager.java:init(80)) - Initializing Layout version manager with metadata layout = HBASE_SUPPORT (version = 8), software layout = HBASE_SUPPORT (version = 8)
2025-05-13 07:38:59,638 [main] INFO  ha.SequenceIdGenerator (SequenceIdGenerator.java:upgradeToSequenceId(355)) - upgrade localId to 115816896921600000
2025-05-13 07:38:59,639 [main] INFO  ha.SequenceIdGenerator (SequenceIdGenerator.java:upgradeToSequenceId(365)) - upgrade delTxnId to 0
2025-05-13 07:38:59,640 [main] INFO  ha.SequenceIdGenerator (SequenceIdGenerator.java:upgradeToSequenceId(382)) - upgrade containerId to 0
2025-05-13 07:38:59,641 [main] INFO  ha.SequenceIdGenerator (SequenceIdGenerator.java:upgradeToCertificateSequenceId(419)) - upgrade CertificateId to 2
2025-05-13 07:38:59,641 [main] INFO  ha.SequenceIdGenerator (SequenceIdGenerator.java:<init>(232)) - Init the HA SequenceIdGenerator.
2025-05-13 07:38:59,642 [main] WARN  server.ServerUtils (ServerUtils.java:sanitizeUserArgs(76)) - ozone.scm.stale.node.interval value = 300000 is larger than max = 100000 based on the key value of ozone.scm.heartbeat.thread.interval, reset to the max value 100000.
2025-05-13 07:38:59,642 [main] WARN  server.ServerUtils (ServerUtils.java:sanitizeUserArgs(76)) - ozone.scm.stale.node.interval value = 300000 is larger than max = 100000 based on the key value of ozone.scm.heartbeat.thread.interval, reset to the max value 100000.
2025-05-13 07:38:59,642 [main] INFO  node.SCMNodeManager (SCMNodeManager.java:<init>(182)) - Entering startup safe mode.
2025-05-13 07:38:59,642 [main] INFO  algorithms.ContainerPlacementPolicyFactory (ContainerPlacementPolicyFactory.java:getPolicyInternal(84)) - Create container placement policy of type org.apache.hadoop.hdds.scm.container.placement.algorithms.SCMContainerPlacementRackAware
2025-05-13 07:38:59,643 [main] INFO  algorithms.ContainerPlacementPolicyFactory (ContainerPlacementPolicyFactory.java:getPolicyInternal(84)) - Create container placement policy of type org.apache.hadoop.hdds.scm.container.placement.algorithms.SCMContainerPlacementRackScatter
2025-05-13 07:38:59,643 [main] INFO  pipeline.PipelineStateManagerImpl (PipelineStateManagerImpl.java:initialize(75)) - No pipeline exists in current db
2025-05-13 07:38:59,643 [main] INFO  algorithms.LeaderChoosePolicyFactory (LeaderChoosePolicyFactory.java:getPolicy(55)) - Create leader choose policy of type org.apache.hadoop.hdds.scm.pipeline.leader.choose.algorithms.MinLeaderCountChoosePolicy
2025-05-13 07:38:59,643 [main] INFO  algorithms.ContainerPlacementPolicyFactory (ContainerPlacementPolicyFactory.java:getPolicyInternal(84)) - Create container placement policy of type org.apache.hadoop.hdds.scm.container.placement.algorithms.SCMContainerPlacementRackScatter
2025-05-13 07:38:59,644 [main] INFO  ha.SCMServiceManager (SCMServiceManager.java:register(42)) - Registering service BackgroundPipelineCreator.
2025-05-13 07:38:59,644 [main] INFO  pipeline.BackgroundPipelineCreator (BackgroundPipelineCreator.java:start(126)) - Starting RatisPipelineUtilsThread.
2025-05-13 07:38:59,644 [main] INFO  BackgroundPipelineScrubber (BackgroundSCMService.java:start(64)) - Starting BackgroundPipelineScrubber Service.
2025-05-13 07:38:59,644 [main] INFO  ha.SCMServiceManager (SCMServiceManager.java:register(42)) - Registering service BackgroundPipelineScrubber.
2025-05-13 07:38:59,644 [main] INFO  ExpiredContainerReplicaOpScrubber (BackgroundSCMService.java:start(64)) - Starting ExpiredContainerReplicaOpScrubber Service.
2025-05-13 07:38:59,645 [main] INFO  ha.SCMServiceManager (SCMServiceManager.java:register(42)) - Registering service ExpiredContainerReplicaOpScrubber.
2025-05-13 07:38:59,646 [main] INFO  algorithms.PipelineChoosePolicyFactory (PipelineChoosePolicyFactory.java:createPipelineChoosePolicyFromClass(78)) - Create pipeline choose policy of type org.apache.hadoop.hdds.scm.pipeline.choose.algorithms.RandomPipelineChoosePolicy
2025-05-13 07:38:59,646 [main] INFO  algorithms.PipelineChoosePolicyFactory (PipelineChoosePolicyFactory.java:createPipelineChoosePolicyFromClass(78)) - Create pipeline choose policy of type org.apache.hadoop.hdds.scm.pipeline.choose.algorithms.RandomPipelineChoosePolicy
2025-05-13 07:38:59,647 [main] INFO  ha.SCMServiceManager (SCMServiceManager.java:register(42)) - Registering service SCMBlockDeletingService.
2025-05-13 07:38:59,648 [main] INFO  replication.ReplicationManager (ReplicationManager.java:start(285)) - Starting Replication Monitor Thread.
2025-05-13 07:38:59,649 [main] INFO  ha.SCMServiceManager (SCMServiceManager.java:register(42)) - Registering service ReplicationManager.
2025-05-13 07:38:59,649 [main] INFO  safemode.RatisContainerSafeModeRule (RatisContainerSafeModeRule.java:initializeRule(160)) - Refreshed Containers with one replica threshold count 0.
2025-05-13 07:38:59,649 [main] INFO  safemode.ECContainerSafeModeRule (ECContainerSafeModeRule.java:initializeRule(205)) - Refreshed Containers with ec n replica threshold count 0.
2025-05-13 07:38:59,650 [main] INFO  safemode.HealthyPipelineSafeModeRule (HealthyPipelineSafeModeRule.java:initializeRule(177)) - Total pipeline count is 0, healthy pipeline threshold count is 0
2025-05-13 07:38:59,650 [main] INFO  safemode.OneReplicaPipelineSafeModeRule (OneReplicaPipelineSafeModeRule.java:initializeRule(190)) - Total pipeline count is 0, pipeline's with at least one datanode reported threshold count is 0
2025-05-13 07:38:59,651 [main] INFO  security.SecretKeyManagerService (SecretKeyManagerService.java:start(143)) - Scheduling rotation checker with interval PT10M
2025-05-13 07:38:59,651 [main] INFO  ha.SCMServiceManager (SCMServiceManager.java:register(42)) - Registering service SecretKeyManagerService.
2025-05-13 07:38:59,651 [main] INFO  keys.KeyStorage (KeyStorage.java:readPublicKey(174)) - Reading public key from /tmp/junit-13837749624860595715/scm-meta/scm/sub-ca/keys/public.pem.
2025-05-13 07:38:59,652 [main] INFO  keys.KeyStorage (KeyStorage.java:readPrivateKey(158)) - Reading private key from /tmp/junit-13837749624860595715/scm-meta/scm/sub-ca/keys/private.pem.
2025-05-13 07:38:59,652 [main] INFO  authority.DefaultCAServer (DefaultCAServer.java:lambda$processVerificationStatus$0(392)) - CertificateServer validation is successful
2025-05-13 07:38:59,652 [main] INFO  keys.KeyStorage (KeyStorage.java:readPublicKey(174)) - Reading public key from /tmp/junit-13837749624860595715/scm-meta/scm/ca/keys/public.pem.
2025-05-13 07:38:59,653 [main] INFO  keys.KeyStorage (KeyStorage.java:readPrivateKey(158)) - Reading private key from /tmp/junit-13837749624860595715/scm-meta/scm/ca/keys/private.pem.
2025-05-13 07:38:59,653 [main] INFO  authority.DefaultCAServer (DefaultCAServer.java:lambda$processVerificationStatus$0(392)) - CertificateServer validation is successful
2025-05-13 07:38:59,653 [main] INFO  server.StorageContainerManager (StorageContainerManager.java:persistPrimarySCMCerts(950)) - Storing sub-ca certificate serialId 2 on primary SCM
2025-05-13 07:38:59,655 [main] INFO  server.SCMCertStore (SCMCertStore.java:storeValidScmCertificate(96)) - Scm certificate 2 for CN=scm-sub@pkrvmberfyhpb9w,OU=10686263-6a26-4d63-b6a0-6aa5aa7d3b52,O=d6177b75-ac47-4135-89b4-3afe46d7c0c6,SERIALNUMBER=2 is stored
2025-05-13 07:38:59,655 [main] INFO  server.StorageContainerManager (StorageContainerManager.java:persistPrimarySCMCerts(957)) - Storing root certificate serialId 1
2025-05-13 07:38:59,656 [main] INFO  server.SCMCertStore (SCMCertStore.java:storeValidScmCertificate(96)) - Scm certificate 1 for CN=scm@pkrvmberfyhpb9w,OU=10686263-6a26-4d63-b6a0-6aa5aa7d3b52,O=d6177b75-ac47-4135-89b4-3afe46d7c0c6,SERIALNUMBER=1 is stored
2025-05-13 07:38:59,658 [main] INFO  ha.SequenceIdGenerator (SequenceIdGenerator.java:upgradeToCertificateSequenceId(419)) - upgrade CertificateId to 2
2025-05-13 07:38:59,659 [main] INFO  ipc.CallQueueManager (CallQueueManager.java:<init>(93)) - Using callQueue: class java.util.concurrent.LinkedBlockingQueue, queueCapacity: 200, scheduler: class org.apache.hadoop.ipc.DefaultRpcScheduler, ipcBackoff: false, ipcFailOver: false.
2025-05-13 07:38:59,659 [main] INFO  ipc.Server (Server.java:<init>(1438)) - Listener at 0.0.0.0:15024
2025-05-13 07:38:59,660 [Socket Reader #1 for port 15024] INFO  ipc.Server (Server.java:run(1474)) - Starting Socket Reader #1 for port 15024
2025-05-13 07:38:59,661 [main] INFO  server.StorageContainerManager (StorageContainerManager.java:<init>(430)) - SCM start with adminUsers: [om/pkrvmberfyhpb9w.internal.cloudapp.net@EXAMPLE.COM, om]
2025-05-13 07:38:59,661 [main] INFO  ipc.CallQueueManager (CallQueueManager.java:<init>(93)) - Using callQueue: class java.util.concurrent.LinkedBlockingQueue, queueCapacity: 10000, scheduler: class org.apache.hadoop.ipc.DefaultRpcScheduler, ipcBackoff: false, ipcFailOver: false.
2025-05-13 07:38:59,661 [main] INFO  ipc.Server (Server.java:<init>(1438)) - Listener at 0.0.0.0:15022
2025-05-13 07:38:59,662 [Socket Reader #1 for port 15022] INFO  ipc.Server (Server.java:run(1474)) - Starting Socket Reader #1 for port 15022
2025-05-13 07:38:59,662 [Socket Reader #2 for port 15022] INFO  ipc.Server (Server.java:run(1474)) - Starting Socket Reader #2 for port 15022
2025-05-13 07:38:59,662 [Socket Reader #3 for port 15022] INFO  ipc.Server (Server.java:run(1474)) - Starting Socket Reader #3 for port 15022
2025-05-13 07:38:59,663 [Socket Reader #4 for port 15022] INFO  ipc.Server (Server.java:run(1474)) - Starting Socket Reader #4 for port 15022
2025-05-13 07:38:59,663 [Socket Reader #5 for port 15022] INFO  ipc.Server (Server.java:run(1474)) - Starting Socket Reader #5 for port 15022
2025-05-13 07:38:59,663 [Socket Reader #6 for port 15022] INFO  ipc.Server (Server.java:run(1474)) - Starting Socket Reader #6 for port 15022
2025-05-13 07:38:59,663 [Socket Reader #7 for port 15022] INFO  ipc.Server (Server.java:run(1474)) - Starting Socket Reader #7 for port 15022
2025-05-13 07:38:59,663 [Socket Reader #8 for port 15022] INFO  ipc.Server (Server.java:run(1474)) - Starting Socket Reader #8 for port 15022
2025-05-13 07:38:59,663 [Socket Reader #9 for port 15022] INFO  ipc.Server (Server.java:run(1474)) - Starting Socket Reader #9 for port 15022
2025-05-13 07:38:59,664 [Socket Reader #10 for port 15022] INFO  ipc.Server (Server.java:run(1474)) - Starting Socket Reader #10 for port 15022
2025-05-13 07:38:59,665 [main] INFO  ipc.CallQueueManager (CallQueueManager.java:<init>(93)) - Using callQueue: class java.util.concurrent.LinkedBlockingQueue, queueCapacity: 10000, scheduler: class org.apache.hadoop.ipc.DefaultRpcScheduler, ipcBackoff: false, ipcFailOver: false.
2025-05-13 07:38:59,665 [main] INFO  ipc.Server (Server.java:<init>(1438)) - Listener at 0.0.0.0:15023
2025-05-13 07:38:59,665 [Socket Reader #1 for port 15023] INFO  ipc.Server (Server.java:run(1474)) - Starting Socket Reader #1 for port 15023
2025-05-13 07:38:59,665 [Socket Reader #2 for port 15023] INFO  ipc.Server (Server.java:run(1474)) - Starting Socket Reader #2 for port 15023
2025-05-13 07:38:59,666 [Socket Reader #3 for port 15023] INFO  ipc.Server (Server.java:run(1474)) - Starting Socket Reader #3 for port 15023
2025-05-13 07:38:59,666 [Socket Reader #4 for port 15023] INFO  ipc.Server (Server.java:run(1474)) - Starting Socket Reader #4 for port 15023
2025-05-13 07:38:59,666 [Socket Reader #5 for port 15023] INFO  ipc.Server (Server.java:run(1474)) - Starting Socket Reader #5 for port 15023
2025-05-13 07:38:59,666 [Socket Reader #6 for port 15023] INFO  ipc.Server (Server.java:run(1474)) - Starting Socket Reader #6 for port 15023
2025-05-13 07:38:59,666 [Socket Reader #7 for port 15023] INFO  ipc.Server (Server.java:run(1474)) - Starting Socket Reader #7 for port 15023
2025-05-13 07:38:59,667 [Socket Reader #8 for port 15023] INFO  ipc.Server (Server.java:run(1474)) - Starting Socket Reader #8 for port 15023
2025-05-13 07:38:59,667 [Socket Reader #9 for port 15023] INFO  ipc.Server (Server.java:run(1474)) - Starting Socket Reader #9 for port 15023
2025-05-13 07:38:59,667 [Socket Reader #10 for port 15023] INFO  ipc.Server (Server.java:run(1474)) - Starting Socket Reader #10 for port 15023
2025-05-13 07:38:59,668 [main] INFO  ipc.CallQueueManager (CallQueueManager.java:<init>(93)) - Using callQueue: class java.util.concurrent.LinkedBlockingQueue, queueCapacity: 10000, scheduler: class org.apache.hadoop.ipc.DefaultRpcScheduler, ipcBackoff: false, ipcFailOver: false.
2025-05-13 07:38:59,668 [main] INFO  ipc.Server (Server.java:<init>(1438)) - Listener at 0.0.0.0:15021
2025-05-13 07:38:59,669 [Socket Reader #1 for port 15021] INFO  ipc.Server (Server.java:run(1474)) - Starting Socket Reader #1 for port 15021
2025-05-13 07:38:59,669 [Socket Reader #2 for port 15021] INFO  ipc.Server (Server.java:run(1474)) - Starting Socket Reader #2 for port 15021
2025-05-13 07:38:59,669 [Socket Reader #3 for port 15021] INFO  ipc.Server (Server.java:run(1474)) - Starting Socket Reader #3 for port 15021
2025-05-13 07:38:59,669 [Socket Reader #4 for port 15021] INFO  ipc.Server (Server.java:run(1474)) - Starting Socket Reader #4 for port 15021
2025-05-13 07:38:59,669 [Socket Reader #5 for port 15021] INFO  ipc.Server (Server.java:run(1474)) - Starting Socket Reader #5 for port 15021
2025-05-13 07:38:59,670 [Socket Reader #6 for port 15021] INFO  ipc.Server (Server.java:run(1474)) - Starting Socket Reader #6 for port 15021
2025-05-13 07:38:59,670 [Socket Reader #7 for port 15021] INFO  ipc.Server (Server.java:run(1474)) - Starting Socket Reader #7 for port 15021
2025-05-13 07:38:59,670 [Socket Reader #8 for port 15021] INFO  ipc.Server (Server.java:run(1474)) - Starting Socket Reader #8 for port 15021
2025-05-13 07:38:59,670 [Socket Reader #9 for port 15021] INFO  ipc.Server (Server.java:run(1474)) - Starting Socket Reader #9 for port 15021
2025-05-13 07:38:59,671 [Socket Reader #10 for port 15021] INFO  ipc.Server (Server.java:run(1474)) - Starting Socket Reader #10 for port 15021
2025-05-13 07:38:59,675 [main] INFO  ha.SCMServiceManager (SCMServiceManager.java:register(42)) - Registering service ContainerBalancer.
2025-05-13 07:38:59,675 [main] INFO  ha.SCMContext (SCMContext.java:updateSafeModeStatus(224)) - Update SafeModeStatus from SafeModeStatus{safeModeStatus=true, preCheckPassed=false} to SafeModeStatus{safeModeStatus=true, preCheckPassed=false}.
2025-05-13 07:38:59,675 [main] INFO  server.StorageContainerManager (StorageContainerManager.java:start(1507)) - StorageContainerLocationProtocol RPC server is listening at /0.0.0.0:15021
2025-05-13 07:38:59,675 [main] INFO  ha.SCMRatisServerImpl (SCMRatisServerImpl.java:start(203)) - starting ratis server 0.0.0.0:15025
2025-05-13 07:38:59,676 [10686263-6a26-4d63-b6a0-6aa5aa7d3b52-impl-thread1] INFO  server.RaftServerConfigKeys (ConfUtils.java:logGet(46)) - raft.server.storage.free-space.min = 0MB (=0) (default)
2025-05-13 07:38:59,676 [10686263-6a26-4d63-b6a0-6aa5aa7d3b52-impl-thread1] INFO  server.RaftServerConfigKeys (ConfUtils.java:logGet(46)) - raft.server.log.corruption.policy = EXCEPTION (default)
2025-05-13 07:38:59,676 [10686263-6a26-4d63-b6a0-6aa5aa7d3b52-impl-thread1] INFO  server.RaftServerConfigKeys (ConfUtils.java:logGet(46)) - raft.server.storage.dir = [/tmp/junit-13837749624860595715/scm-meta/scm-ha] (custom)
2025-05-13 07:38:59,677 [10686263-6a26-4d63-b6a0-6aa5aa7d3b52-impl-thread1] INFO  storage.RaftStorageDirectory (RaftStorageDirectoryImpl.java:tryLock(229)) - Lock on /tmp/junit-13837749624860595715/scm-meta/scm-ha/d6177b75-ac47-4135-89b4-3afe46d7c0c6/in_use.lock acquired by nodename 11778@pkrvmberfyhpb9w
2025-05-13 07:38:59,677 [10686263-6a26-4d63-b6a0-6aa5aa7d3b52-impl-thread1] INFO  storage.RaftStorage (RaftStorageImpl.java:analyzeAndRecoverStorage(118)) - Read RaftStorageMetadata{term=1, votedFor=10686263-6a26-4d63-b6a0-6aa5aa7d3b52} from /tmp/junit-13837749624860595715/scm-meta/scm-ha/d6177b75-ac47-4135-89b4-3afe46d7c0c6/current/raft-meta
2025-05-13 07:38:59,677 [10686263-6a26-4d63-b6a0-6aa5aa7d3b52-impl-thread1] INFO  server.RaftServer$Division (ServerState.java:setRaftConf(386)) - 10686263-6a26-4d63-b6a0-6aa5aa7d3b52@group-3AFE46D7C0C6: set configuration conf: {index: 0, cur=peers:[10686263-6a26-4d63-b6a0-6aa5aa7d3b52|pkrvmberfyhpb9w:15025]|listeners:[], old=null}
2025-05-13 07:38:59,678 [10686263-6a26-4d63-b6a0-6aa5aa7d3b52-impl-thread1] INFO  ha.SCMStateMachine (SCMStateMachine.java:lambda$initialize$0(135)) - 10686263-6a26-4d63-b6a0-6aa5aa7d3b52: initialize group-3AFE46D7C0C6
2025-05-13 07:38:59,678 [10686263-6a26-4d63-b6a0-6aa5aa7d3b52-impl-thread1] INFO  server.RaftServerConfigKeys (ConfUtils.java:logGet(46)) - raft.server.log.use.memory = false (default)
2025-05-13 07:38:59,678 [10686263-6a26-4d63-b6a0-6aa5aa7d3b52-impl-thread1] INFO  server.RaftServerConfigKeys (ConfUtils.java:logGet(46)) - raft.server.log.purge.gap = 1000000 (custom)
2025-05-13 07:38:59,678 [10686263-6a26-4d63-b6a0-6aa5aa7d3b52-impl-thread1] INFO  server.RaftServerConfigKeys (ConfUtils.java:logGet(46)) - raft.server.log.appender.buffer.byte-limit = 4194304 (custom)
2025-05-13 07:38:59,678 [10686263-6a26-4d63-b6a0-6aa5aa7d3b52-impl-thread1] INFO  server.RaftServerConfigKeys (ConfUtils.java:logGet(46)) - raft.server.log.statemachine.data.read.timeout = 1000ms (default)
2025-05-13 07:38:59,678 [10686263-6a26-4d63-b6a0-6aa5aa7d3b52-impl-thread1] INFO  server.RaftServerConfigKeys (ConfUtils.java:logGet(46)) - raft.server.log.purge.preservation.log.num = 0 (default)
2025-05-13 07:38:59,679 [10686263-6a26-4d63-b6a0-6aa5aa7d3b52-impl-thread1] INFO  server.RaftServerConfigKeys (ConfUtils.java:logGet(46)) - raft.server.log.segment.size.max = 4194304 (custom)
2025-05-13 07:38:59,680 [10686263-6a26-4d63-b6a0-6aa5aa7d3b52-impl-thread1] INFO  server.RaftServerConfigKeys (ConfUtils.java:logGet(46)) - raft.server.log.segment.cache.num.max = 2 (custom)
2025-05-13 07:38:59,680 [10686263-6a26-4d63-b6a0-6aa5aa7d3b52-impl-thread1] INFO  server.RaftServerConfigKeys (ConfUtils.java:logGet(46)) - raft.server.log.segment.cache.size.max = 200MB (=209715200) (default)
2025-05-13 07:38:59,680 [10686263-6a26-4d63-b6a0-6aa5aa7d3b52-impl-thread1] INFO  server.RaftServerConfigKeys (ConfUtils.java:logGet(46)) - raft.server.log.appender.buffer.byte-limit = 4194304 (custom)
2025-05-13 07:38:59,680 [10686263-6a26-4d63-b6a0-6aa5aa7d3b52-impl-thread1] INFO  util.AwaitToRun (AwaitToRun.java:start(81)) - Thread[#1071,10686263-6a26-4d63-b6a0-6aa5aa7d3b52@group-3AFE46D7C0C6-cacheEviction-AwaitToRun,5,main] started
2025-05-13 07:38:59,680 [10686263-6a26-4d63-b6a0-6aa5aa7d3b52-impl-thread1] INFO  segmented.SegmentedRaftLogWorker (SegmentedRaftLogWorker.java:<init>(188)) - new 10686263-6a26-4d63-b6a0-6aa5aa7d3b52@group-3AFE46D7C0C6-SegmentedRaftLogWorker for RaftStorageImpl:Storage Directory /tmp/junit-13837749624860595715/scm-meta/scm-ha/d6177b75-ac47-4135-89b4-3afe46d7c0c6
2025-05-13 07:38:59,680 [10686263-6a26-4d63-b6a0-6aa5aa7d3b52-impl-thread1] INFO  server.RaftServerConfigKeys (ConfUtils.java:logGet(46)) - raft.server.log.queue.byte-limit = 64MB (=67108864) (default)
2025-05-13 07:38:59,680 [10686263-6a26-4d63-b6a0-6aa5aa7d3b52-impl-thread1] INFO  server.RaftServerConfigKeys (ConfUtils.java:logGet(46)) - raft.server.log.queue.element-limit = 4096 (default)
2025-05-13 07:38:59,680 [10686263-6a26-4d63-b6a0-6aa5aa7d3b52-impl-thread1] INFO  server.RaftServerConfigKeys (ConfUtils.java:logGet(46)) - raft.server.log.segment.size.max = 4194304 (custom)
2025-05-13 07:38:59,680 [10686263-6a26-4d63-b6a0-6aa5aa7d3b52-impl-thread1] INFO  server.RaftServerConfigKeys (ConfUtils.java:logGet(46)) - raft.server.log.preallocated.size = 4194304 (custom)
2025-05-13 07:38:59,680 [10686263-6a26-4d63-b6a0-6aa5aa7d3b52-impl-thread1] INFO  server.RaftServerConfigKeys (ConfUtils.java:logGet(46)) - raft.server.log.force.sync.num = 128 (default)
2025-05-13 07:38:59,680 [10686263-6a26-4d63-b6a0-6aa5aa7d3b52-impl-thread1] INFO  server.RaftServerConfigKeys (ConfUtils.java:logGet(46)) - raft.server.log.statemachine.data.sync = true (default)
2025-05-13 07:38:59,680 [10686263-6a26-4d63-b6a0-6aa5aa7d3b52-impl-thread1] INFO  server.RaftServerConfigKeys (ConfUtils.java:logGet(46)) - raft.server.log.statemachine.data.sync.timeout = 10s (default)
2025-05-13 07:38:59,680 [10686263-6a26-4d63-b6a0-6aa5aa7d3b52-impl-thread1] INFO  server.RaftServerConfigKeys (ConfUtils.java:logGet(46)) - raft.server.log.statemachine.data.sync.timeout.retry = -1 (default)
2025-05-13 07:38:59,681 [10686263-6a26-4d63-b6a0-6aa5aa7d3b52-impl-thread1] INFO  server.RaftServerConfigKeys (ConfUtils.java:logGet(46)) - raft.server.log.write.buffer.size = 4194312 (custom)
2025-05-13 07:38:59,681 [10686263-6a26-4d63-b6a0-6aa5aa7d3b52-impl-thread1] INFO  server.RaftServerConfigKeys (ConfUtils.java:logGet(46)) - raft.server.log.appender.buffer.byte-limit = 4194304 (custom)
2025-05-13 07:38:59,681 [10686263-6a26-4d63-b6a0-6aa5aa7d3b52-impl-thread1] INFO  server.RaftServerConfigKeys (ConfUtils.java:logGet(46)) - raft.server.log.unsafe-flush.enabled = false (default)
2025-05-13 07:38:59,681 [10686263-6a26-4d63-b6a0-6aa5aa7d3b52-impl-thread1] INFO  server.RaftServerConfigKeys (ConfUtils.java:logGet(46)) - raft.server.log.async-flush.enabled = false (default)
2025-05-13 07:38:59,681 [10686263-6a26-4d63-b6a0-6aa5aa7d3b52-impl-thread1] INFO  server.RaftServerConfigKeys (ConfUtils.java:logGet(46)) - raft.server.log.statemachine.data.caching.enabled = false (default)
2025-05-13 07:38:59,682 [10686263-6a26-4d63-b6a0-6aa5aa7d3b52-impl-thread1] INFO  server.RaftServer$Division (ServerState.java:setRaftConf(386)) - 10686263-6a26-4d63-b6a0-6aa5aa7d3b52@group-3AFE46D7C0C6: set configuration conf: {index: 0, cur=peers:[10686263-6a26-4d63-b6a0-6aa5aa7d3b52|pkrvmberfyhpb9w:15025]|listeners:[], old=null}
2025-05-13 07:38:59,682 [10686263-6a26-4d63-b6a0-6aa5aa7d3b52-impl-thread1] INFO  segmented.LogSegment (LogSegment.java:loadSegment(171)) - Successfully read 1 entries from segment file /tmp/junit-13837749624860595715/scm-meta/scm-ha/d6177b75-ac47-4135-89b4-3afe46d7c0c6/current/log_inprogress_0
2025-05-13 07:38:59,682 [10686263-6a26-4d63-b6a0-6aa5aa7d3b52-impl-thread1] INFO  segmented.SegmentedRaftLogWorker (SegmentedRaftLogWorker.java:lambda$new$0(139)) - 10686263-6a26-4d63-b6a0-6aa5aa7d3b52@group-3AFE46D7C0C6-SegmentedRaftLogWorker: safeCacheEvictIndex: setUnconditionally 0 -> -1
2025-05-13 07:38:59,682 [10686263-6a26-4d63-b6a0-6aa5aa7d3b52-impl-thread1] INFO  segmented.BufferedWriteChannel (BufferedWriteChannel.java:open(61)) - open log_inprogress_0 (append) at position 82
2025-05-13 07:38:59,683 [10686263-6a26-4d63-b6a0-6aa5aa7d3b52-impl-thread1] INFO  server.RaftServer$Division (RaftServerImpl.java:start(391)) - 10686263-6a26-4d63-b6a0-6aa5aa7d3b52@group-3AFE46D7C0C6: start as a follower, conf=conf: {index: 0, cur=peers:[10686263-6a26-4d63-b6a0-6aa5aa7d3b52|pkrvmberfyhpb9w:15025]|listeners:[], old=null}
2025-05-13 07:38:59,683 [10686263-6a26-4d63-b6a0-6aa5aa7d3b52-impl-thread1] INFO  server.RaftServer$Division (RaftServerImpl.java:setRole(378)) - 10686263-6a26-4d63-b6a0-6aa5aa7d3b52@group-3AFE46D7C0C6: changes role from      null to FOLLOWER at term 1 for startAsFollower
2025-05-13 07:38:59,683 [10686263-6a26-4d63-b6a0-6aa5aa7d3b52-impl-thread1] INFO  impl.RoleInfo (RoleInfo.java:updateAndGet(148)) - 10686263-6a26-4d63-b6a0-6aa5aa7d3b52: start 10686263-6a26-4d63-b6a0-6aa5aa7d3b52@group-3AFE46D7C0C6-FollowerState
2025-05-13 07:38:59,683 [10686263-6a26-4d63-b6a0-6aa5aa7d3b52-impl-thread1] INFO  util.JmxRegister (JmxRegister.java:tryRegister(44)) - Successfully registered JMX Bean with object name Ratis:service=RaftServer,group=group-3AFE46D7C0C6,id=10686263-6a26-4d63-b6a0-6aa5aa7d3b52
2025-05-13 07:38:59,683 [10686263-6a26-4d63-b6a0-6aa5aa7d3b52-impl-thread1] INFO  util.JmxRegister (JmxRegister.java:register(58)) - register mxBean class org.apache.ratis.server.impl.RaftServerJmxAdapter as Ratis:service=RaftServer,group=group-3AFE46D7C0C6,id=10686263-6a26-4d63-b6a0-6aa5aa7d3b52
2025-05-13 07:38:59,683 [10686263-6a26-4d63-b6a0-6aa5aa7d3b52-impl-thread1] INFO  server.RaftServerConfigKeys (ConfUtils.java:logGet(46)) - raft.server.snapshot.trigger-when-stop.enabled = true (default)
2025-05-13 07:38:59,683 [10686263-6a26-4d63-b6a0-6aa5aa7d3b52-impl-thread1] INFO  server.RaftServerConfigKeys (ConfUtils.java:logGet(46)) - raft.server.snapshot.trigger-when-remove.enabled = true (default)
2025-05-13 07:38:59,683 [10686263-6a26-4d63-b6a0-6aa5aa7d3b52-impl-thread1] INFO  server.RaftServerConfigKeys (ConfUtils.java:logGet(46)) - raft.server.snapshot.auto.trigger.enabled = true (custom)
2025-05-13 07:38:59,683 [10686263-6a26-4d63-b6a0-6aa5aa7d3b52@group-3AFE46D7C0C6-FollowerState] INFO  server.RaftServerConfigKeys (ConfUtils.java:logFallback(53)) - raft.server.rpc.first-election.timeout.min = 5000ms (fallback to raft.server.rpc.timeout.min)
2025-05-13 07:38:59,683 [10686263-6a26-4d63-b6a0-6aa5aa7d3b52-impl-thread1] INFO  server.RaftServerConfigKeys (ConfUtils.java:logGet(46)) - raft.server.snapshot.auto.trigger.threshold = 1000 (custom)
2025-05-13 07:38:59,684 [10686263-6a26-4d63-b6a0-6aa5aa7d3b52-impl-thread1] INFO  server.RaftServerConfigKeys (ConfUtils.java:logGet(46)) - raft.server.snapshot.retention.file.num = -1 (default)
2025-05-13 07:38:59,684 [10686263-6a26-4d63-b6a0-6aa5aa7d3b52-impl-thread1] INFO  server.RaftServerConfigKeys (ConfUtils.java:logGet(46)) - raft.server.log.purge.upto.snapshot.index = false (default)
2025-05-13 07:38:59,684 [10686263-6a26-4d63-b6a0-6aa5aa7d3b52@group-3AFE46D7C0C6-FollowerState] INFO  server.RaftServerConfigKeys (ConfUtils.java:logFallback(53)) - raft.server.rpc.first-election.timeout.max = 5200ms (fallback to raft.server.rpc.timeout.max)
2025-05-13 07:38:59,684 [10686263-6a26-4d63-b6a0-6aa5aa7d3b52-impl-thread1] INFO  server.RaftServer$Division (RaftServerImpl.java:start(405)) - 10686263-6a26-4d63-b6a0-6aa5aa7d3b52@group-3AFE46D7C0C6: Successfully started.
2025-05-13 07:38:59,684 [main] INFO  server.RaftServer (RaftServerProxy.java:startImpl(407)) - 10686263-6a26-4d63-b6a0-6aa5aa7d3b52: start RPC server
2025-05-13 07:38:59,685 [main] INFO  server.GrpcService (GrpcService.java:startImpl(334)) - 10686263-6a26-4d63-b6a0-6aa5aa7d3b52: GrpcService started, listening on 15025
2025-05-13 07:38:59,686 [JvmPauseMonitor7] INFO  util.JvmPauseMonitor (JvmPauseMonitor.java:run(146)) - JvmPauseMonitor-10686263-6a26-4d63-b6a0-6aa5aa7d3b52: Started
2025-05-13 07:38:59,686 [main] INFO  ha.SCMHAManagerImpl (SCMHAManagerImpl.java:start(131)) -  scm role is FOLLOWER peers [10686263-6a26-4d63-b6a0-6aa5aa7d3b52|pkrvmberfyhpb9w:15025]
2025-05-13 07:38:59,686 [main] INFO  ha.InterSCMGrpcService (InterSCMGrpcProtocolService.java:start(98)) - Starting SCM Grpc Service at port 15026
2025-05-13 07:38:59,686 [main] INFO  SCMHATransactionMonitor (BackgroundSCMService.java:start(64)) - Starting SCMHATransactionMonitor Service.
2025-05-13 07:38:59,687 [main] INFO  ha.SCMServiceManager (SCMServiceManager.java:register(42)) - Registering service SCMHATransactionMonitor.
2025-05-13 07:38:59,687 [main] INFO  SCMHATransactionMonitor (BackgroundSCMService.java:start(61)) - SCMHATransactionMonitor Service is already running, skip start.
2025-05-13 07:38:59,688 [main] WARN  impl.MetricsConfig (MetricsConfig.java:loadFirst(138)) - Cannot locate configuration: tried hadoop-metrics2-storagecontainermanager.properties,hadoop-metrics2.properties
2025-05-13 07:38:59,689 [main] INFO  impl.MetricsSystemImpl (MetricsSystemImpl.java:startTimer(378)) - Scheduled Metric snapshot period at 10 second(s).
2025-05-13 07:38:59,689 [main] INFO  impl.MetricsSystemImpl (MetricsSystemImpl.java:start(191)) - StorageContainerManager metrics system started
2025-05-13 07:38:59,700 [main] INFO  impl.MetricsSinkAdapter (MetricsSinkAdapter.java:start(204)) - Sink prometheus started
2025-05-13 07:38:59,700 [main] INFO  impl.MetricsSystemImpl (MetricsSystemImpl.java:registerSink(305)) - Registered sink prometheus
2025-05-13 07:38:59,718 [main] INFO  server.SCMClientProtocolServer (SCMClientProtocolServer.java:start(207)) - RPC server for Client  is listening at /0.0.0.0:15021
2025-05-13 07:38:59,718 [IPC Server Responder] INFO  ipc.Server (Server.java:run(1713)) - IPC Server Responder: starting
2025-05-13 07:38:59,718 [IPC Server listener on 15021] INFO  ipc.Server (Server.java:run(1553)) - IPC Server listener on 15021: starting
2025-05-13 07:38:59,730 [main] INFO  server.StorageContainerManager (StorageContainerManager.java:start(1520)) - ScmBlockLocationProtocol RPC server is listening at /0.0.0.0:15023
2025-05-13 07:38:59,730 [main] INFO  server.SCMBlockProtocolServer (SCMBlockProtocolServer.java:start(166)) - RPC server for Block Protocol is listening at /0.0.0.0:15023
2025-05-13 07:38:59,730 [IPC Server Responder] INFO  ipc.Server (Server.java:run(1713)) - IPC Server Responder: starting
2025-05-13 07:38:59,731 [IPC Server listener on 15023] INFO  ipc.Server (Server.java:run(1553)) - IPC Server listener on 15023: starting
2025-05-13 07:38:59,741 [main] INFO  server.SCMSecurityProtocolServer (SCMSecurityProtocolServer.java:start(503)) - Starting RPC server for SCMSecurityProtocolServer. is listening at /0.0.0.0:15024
2025-05-13 07:38:59,742 [IPC Server Responder] INFO  ipc.Server (Server.java:run(1713)) - IPC Server Responder: starting
2025-05-13 07:38:59,742 [IPC Server listener on 15024] INFO  ipc.Server (Server.java:run(1553)) - IPC Server listener on 15024: starting
2025-05-13 07:38:59,744 [main] INFO  http.BaseHttpServer (BaseHttpServer.java:newHttpServer2BuilderForOzone(229)) - Starting Web-server for scm at: http://0.0.0.0:9876
2025-05-13 07:38:59,744 [main] INFO  http.BaseHttpServer (BaseHttpServer.java:<init>(107)) - Hadoop Security Enabled: true Ozone Security Enabled: true Ozone HTTP Security Enabled: false 
2025-05-13 07:38:59,747 [main] WARN  server.AuthenticationFilter (AuthenticationFilter.java:constructSecretProvider(240)) - Unable to initialize FileSignerSecretProvider, falling back to use random secrets. Reason: Could not read signature secret file: /home/runner/hadoop-http-auth-signature-secret
2025-05-13 07:38:59,750 [main] INFO  http.HttpServer2 (HttpServer2.java:addGlobalFilter(1042)) - Added global filter 'safety' (class=org.apache.hadoop.hdds.server.http.HttpServer2$QuotingInputFilter)
2025-05-13 07:38:59,752 [main] INFO  http.HttpServer2 (HttpServer2.java:addFilter(1018)) - Added filter static_user_filter (class=org.apache.hadoop.http.lib.StaticUserWebFilter$StaticUserFilter) to context scm
2025-05-13 07:38:59,752 [main] INFO  http.HttpServer2 (HttpServer2.java:addFilter(1026)) - Added filter static_user_filter (class=org.apache.hadoop.http.lib.StaticUserWebFilter$StaticUserFilter) to context logs
2025-05-13 07:38:59,752 [main] INFO  http.HttpServer2 (HttpServer2.java:addFilter(1026)) - Added filter static_user_filter (class=org.apache.hadoop.http.lib.StaticUserWebFilter$StaticUserFilter) to context static
2025-05-13 07:38:59,753 [main] INFO  http.BaseHttpServer (BaseHttpServer.java:<init>(195)) - HTTP server of scm uses base directory /tmp/junit-13837749624860595715/scm-meta/webserver
2025-05-13 07:38:59,753 [main] INFO  http.HttpServer2 (HttpServer2.java:bindListener(1242)) - Jetty bound to port 9876
2025-05-13 07:38:59,753 [main] INFO  server.Server (Server.java:doStart(375)) - jetty-9.4.57.v20241219; built: 2025-01-08T21:24:30.412Z; git: df524e6b29271c2e09ba9aea83c18dc9db464a31; jvm 21.0.7+6-LTS
2025-05-13 07:38:59,755 [main] INFO  server.session (DefaultSessionIdManager.java:doStart(334)) - DefaultSessionIdManager workerName=node0
2025-05-13 07:38:59,755 [main] INFO  server.session (DefaultSessionIdManager.java:doStart(339)) - No SessionScavenger set, using defaults
2025-05-13 07:38:59,755 [main] INFO  server.session (HouseKeeper.java:startScavenging(132)) - node0 Scavenging every 600000ms
2025-05-13 07:38:59,756 [main] INFO  handler.ContextHandler (ContextHandler.java:doStart(921)) - Started o.e.j.s.ServletContextHandler@7c66040f{logs,/logs,file:///home/runner/work/ozone/ozone/hadoop-ozone/integration-test/target/log,AVAILABLE}
2025-05-13 07:38:59,757 [main] INFO  handler.ContextHandler (ContextHandler.java:doStart(921)) - Started o.e.j.s.ServletContextHandler@7ba87d24{static,/static,file:///home/runner/work/ozone/ozone/hadoop-ozone/integration-test/target/test-classes/webapps/static,AVAILABLE}
2025-05-13 07:38:59,764 [main] INFO  handler.ContextHandler (ContextHandler.java:doStart(921)) - Started o.e.j.w.WebAppContext@eb10b2{scm,/,file:///home/runner/work/ozone/ozone/hadoop-ozone/integration-test/target/test-classes/webapps/scm/,AVAILABLE}{file:/home/runner/work/ozone/ozone/hadoop-ozone/integration-test/target/test-classes/webapps/scm}
2025-05-13 07:38:59,764 [main] INFO  server.AbstractConnector (AbstractConnector.java:doStart(333)) - Started ServerConnector@41de8d57{HTTP/1.1, (http/1.1)}{0.0.0.0:9876}
2025-05-13 07:38:59,765 [main] INFO  server.Server (Server.java:doStart(415)) - Started @40643ms
2025-05-13 07:38:59,765 [main] WARN  impl.MetricsSystemImpl (MetricsSystemImpl.java:register(279)) - Sink prometheus already exists!
2025-05-13 07:38:59,765 [main] INFO  http.BaseHttpServer (BaseHttpServer.java:updateConnectorAddress(359)) - HTTP server of scm listening at http://0.0.0.0:9876
2025-05-13 07:38:59,766 [main] WARN  server.ServerUtils (ServerUtils.java:getDBPath(292)) - ozone.om.db.dirs is not configured. We recommend adding this setting. Falling back to ozone.metadata.dirs instead.
2025-05-13 07:38:59,768 [main] INFO  ha.OMHANodeDetails (OMHANodeDetails.java:loadOMHAConfig(113)) - ozone.om.internal.service.id is not defined, falling back to ozone.om.service.ids to find serviceID for OzoneManager if it is HA enabled cluster
2025-05-13 07:38:59,769 [main] INFO  ha.OMHANodeDetails (OMHANodeDetails.java:loadOMHAConfig(224)) - Configuration does not have ozone.om.address set. Falling back to the default OM address pkrvmberfyhpb9w.internal.cloudapp.net/10.1.0.195:15027
2025-05-13 07:38:59,769 [main] INFO  ha.OMHANodeDetails (OMHANodeDetails.java:getOMNodeDetailsForNonHA(252)) - OM Service ID is not set. Setting it to the default ID: omServiceIdDefault
2025-05-13 07:38:59,769 [main] INFO  ha.OMHANodeDetails (OMHANodeDetails.java:getOMNodeDetailsForNonHA(259)) - OM Node ID is not set. Setting it to the default ID: om1
2025-05-13 07:38:59,769 [main] WARN  server.ServerUtils (ServerUtils.java:getDBPath(292)) - ozone.om.db.dirs is not configured. We recommend adding this setting. Falling back to ozone.metadata.dirs instead.
2025-05-13 07:38:59,771 [main] INFO  upgrade.AbstractLayoutVersionManager (AbstractLayoutVersionManager.java:init(80)) - Initializing Layout version manager with metadata layout = DELEGATION_TOKEN_SYMMETRIC_SIGN (version = 8), software layout = DELEGATION_TOKEN_SYMMETRIC_SIGN (version = 8)
2025-05-13 07:38:59,776 [pool-192-thread-1] INFO  request.TgsRequest (TgsRequest.java:issueTicket(117)) - TGS_REQ ISSUE: authtime 1747121939775,om/pkrvmberfyhpb9w.internal.cloudapp.net@EXAMPLE.COM for om/pkrvmberfyhpb9w.internal.cloudapp.net@EXAMPLE.COM
2025-05-13 07:38:59,784 [Socket Reader #1 for port 15024] INFO  ipc.Server (Server.java:saslProcess(2290)) - Auth successful for om/pkrvmberfyhpb9w.internal.cloudapp.net@EXAMPLE.COM (auth:KERBEROS) from 127.0.0.1:60080
2025-05-13 07:38:59,786 [IPC Server handler 0 on default port 15024] INFO  ipc.Server (Server.java:logException(3260)) - IPC Server handler 0 on default port 15024, call Call#3 Retry#0 org.apache.hadoop.hdds.protocol.SCMSecurityProtocol.submitRequest from 127.0.0.1:60080
org.apache.hadoop.hdds.ratis.ServerNotLeaderException: SCM Server:10686263-6a26-4d63-b6a0-6aa5aa7d3b52(pkrvmberfyhpb9w.internal.cloudapp.net) is not the leader. Could not determine the leader node.
	at org.apache.hadoop.hdds.ratis.ServerNotLeaderException.convertToNotLeaderException(ServerNotLeaderException.java:106)
	at org.apache.hadoop.hdds.scm.ha.RatisUtil.checkRatisException(RatisUtil.java:248)
	at org.apache.hadoop.hdds.scm.protocol.SCMSecurityProtocolServerSideTranslatorPB.submitRequest(SCMSecurityProtocolServerSideTranslatorPB.java:83)
	at org.apache.hadoop.hdds.protocol.proto.SCMSecurityProtocolProtos$SCMSecurityProtocolService$2.callBlockingMethod(SCMSecurityProtocolProtos.java:18942)
	at org.apache.hadoop.ipc.ProtobufRpcEngine$Server.processCall(ProtobufRpcEngine.java:484)
	at org.apache.hadoop.ipc.ProtobufRpcEngine2$Server$ProtoBufRpcInvoker.call(ProtobufRpcEngine2.java:595)
	at org.apache.hadoop.ipc.ProtobufRpcEngine2$Server$ProtoBufRpcInvoker.call(ProtobufRpcEngine2.java:573)
	at org.apache.hadoop.ipc.RPC$Server.call(RPC.java:1227)
	at org.apache.hadoop.ipc.Server$RpcCall.run(Server.java:1246)
	at org.apache.hadoop.ipc.Server$RpcCall.run(Server.java:1169)
	at java.base/java.security.AccessController.doPrivileged(AccessController.java:714)
	at java.base/javax.security.auth.Subject.doAs(Subject.java:525)
	at org.apache.hadoop.security.UserGroupInformation.doAs(UserGroupInformation.java:1953)
	at org.apache.hadoop.ipc.Server$Handler.run(Server.java:3198)
2025-05-13 07:38:59,836 [main] INFO  reflections.Reflections (Reflections.java:scan(219)) - Reflections took 64 ms to scan 2 urls, producing 207 keys and 618 values
2025-05-13 07:38:59,836 [main] INFO  upgrade.OMLayoutVersionManager (OMLayoutVersionManager.java:lambda$0(110)) - Skipping Upgrade Action QuotaRepairUpgradeAction since it has been finalized.
2025-05-13 07:38:59,836 [main] INFO  upgrade.OMLayoutVersionManager (OMLayoutVersionManager.java:lambda$0(110)) - Skipping Upgrade Action MockOmUpgradeAction since it has been finalized.
2025-05-13 07:38:59,839 [pool-192-thread-1] INFO  request.KdcRequest (KdcRequest.java:preauth(683)) - The preauth data is empty.
2025-05-13 07:38:59,839 [pool-192-thread-1] INFO  server.KdcHandler (KdcHandler.java:handleRecoverableException(177)) - KRB error occurred while processing request: Additional pre-authentication required
2025-05-13 07:38:59,843 [pool-192-thread-1] INFO  request.AsRequest (AsRequest.java:issueTicket(112)) - AS_REQ ISSUE: authtime 1747121939843,om/pkrvmberfyhpb9w.internal.cloudapp.net@EXAMPLE.COM for krbtgt/EXAMPLE.COM@EXAMPLE.COM
2025-05-13 07:38:59,845 [main] INFO  security.UserGroupInformation (UserGroupInformation.java:loginUserFromKeytab(1143)) - Login successful for user om/pkrvmberfyhpb9w.internal.cloudapp.net@EXAMPLE.COM using keytab file om.keytab. Keytab auto renewal enabled : false
2025-05-13 07:38:59,846 [main] INFO  om.OzoneManager (OzoneManager.java:loginOMUser(1308)) - Ozone Manager login successful.
2025-05-13 07:38:59,846 [main] WARN  server.ServerUtils (ServerUtils.java:getDBPath(292)) - ozone.om.db.dirs is not configured. We recommend adding this setting. Falling back to ozone.metadata.dirs instead.
2025-05-13 07:38:59,847 [main] INFO  om.OzoneManager (OzoneManager.java:setReplicationFromConfig(4596)) - Set default replication in OM: RATIS/3 -> RATIS/THREE
2025-05-13 07:38:59,848 [main] INFO  proxy.SCMContainerLocationFailoverProxyProvider (SCMFailoverProxyProviderBase.java:<init>(120)) - Created fail-over proxy for protocol StorageContainerLocationProtocolPB with 1 nodes: [nodeId=scmNodeId,nodeAddress=/0.0.0.0:15021]
2025-05-13 07:38:59,849 [main] INFO  proxy.SCMBlockLocationFailoverProxyProvider (SCMFailoverProxyProviderBase.java:<init>(120)) - Created fail-over proxy for protocol ScmBlockLocationProtocolPB with 1 nodes: [nodeId=scmNodeId,nodeAddress=/0.0.0.0:15023]
2025-05-13 07:38:59,850 [main] INFO  om.OzoneManager (OzoneManager.java:getOmDetailsProto(4941)) - OzoneManager ports added:[name: "RPC"
value: 15027
]
2025-05-13 07:38:59,851 [main] INFO  proxy.SCMSecurityProtocolFailoverProxyProvider (SCMFailoverProxyProviderBase.java:<init>(120)) - Created fail-over proxy for protocol SCMSecurityProtocolPB with 1 nodes: [nodeId=scmNodeId,nodeAddress=/0.0.0.0:15024]
2025-05-13 07:38:59,851 [main] INFO  security.OMCertificateClient (DefaultCertificateClient.java:updateCertSerialId(1289)) - Certificate serial ID set to 9879877970576
2025-05-13 07:38:59,852 [main] WARN  security.OMCertificateClient (DefaultCertificateClient.java:loadAllCertificates(178)) - Certificates could not be loaded.
java.nio.file.NoSuchFileException: /tmp/junit-13837749624860595715/scm-meta/om/certs
	at java.base/sun.nio.fs.UnixException.translateToIOException(UnixException.java:92)
	at java.base/sun.nio.fs.UnixException.asIOException(UnixException.java:115)
	at java.base/sun.nio.fs.UnixFileSystemProvider.newDirectoryStream(UnixFileSystemProvider.java:501)
	at java.base/java.nio.file.Files.newDirectoryStream(Files.java:482)
	at java.base/java.nio.file.Files.list(Files.java:3785)
	at org.apache.hadoop.hdds.security.x509.certificate.client.DefaultCertificateClient.loadAllCertificates(DefaultCertificateClient.java:173)
	at org.apache.hadoop.hdds.security.x509.certificate.client.DefaultCertificateClient.updateCertSerialId(DefaultCertificateClient.java:1290)
	at org.apache.hadoop.hdds.security.x509.certificate.client.DefaultCertificateClient.<init>(DefaultCertificateClient.java:155)
	at org.apache.hadoop.ozone.security.OMCertificateClient.<init>(OMCertificateClient.java:65)
	at org.apache.hadoop.ozone.om.OzoneManager.<init>(OzoneManager.java:646)
	at org.apache.hadoop.ozone.om.OzoneManager.createOm(OzoneManager.java:877)
	at org.apache.hadoop.ozone.TestSecureOzoneCluster.setupOm(TestSecureOzoneCluster.java:716)
	at org.apache.hadoop.ozone.TestSecureOzoneCluster.testGetSetRevokeS3Secret(TestSecureOzoneCluster.java:728)
	at java.base/jdk.internal.reflect.DirectMethodHandleAccessor.invoke(DirectMethodHandleAccessor.java:103)
	at java.base/java.lang.reflect.Method.invoke(Method.java:580)
	at org.junit.platform.commons.util.ReflectionUtils.invokeMethod(ReflectionUtils.java:775)
	at org.junit.platform.commons.support.ReflectionSupport.invokeMethod(ReflectionSupport.java:479)
	at org.junit.jupiter.engine.execution.MethodInvocation.proceed(MethodInvocation.java:60)
	at org.junit.jupiter.engine.execution.InvocationInterceptorChain$ValidatingInvocation.proceed(InvocationInterceptorChain.java:131)
	at org.junit.jupiter.engine.extension.SameThreadTimeoutInvocation.proceed(SameThreadTimeoutInvocation.java:49)
	at org.junit.jupiter.engine.extension.TimeoutExtension.intercept(TimeoutExtension.java:161)
	at org.junit.jupiter.engine.extension.TimeoutExtension.interceptTestableMethod(TimeoutExtension.java:152)
	at org.junit.jupiter.engine.extension.TimeoutExtension.interceptTestMethod(TimeoutExtension.java:91)
	at org.junit.jupiter.engine.execution.InterceptingExecutableInvoker$ReflectiveInterceptorCall.lambda$ofVoidMethod$0(InterceptingExecutableInvoker.java:112)
	at org.junit.jupiter.engine.execution.InterceptingExecutableInvoker.lambda$invoke$0(InterceptingExecutableInvoker.java:94)
	at org.junit.jupiter.engine.execution.InvocationInterceptorChain$InterceptedInvocation.proceed(InvocationInterceptorChain.java:106)
	at org.junit.jupiter.engine.execution.InvocationInterceptorChain.proceed(InvocationInterceptorChain.java:64)
	at org.junit.jupiter.engine.execution.InvocationInterceptorChain.chainAndInvoke(InvocationInterceptorChain.java:45)
	at org.junit.jupiter.engine.execution.InvocationInterceptorChain.invoke(InvocationInterceptorChain.java:37)
	at org.junit.jupiter.engine.execution.InterceptingExecutableInvoker.invoke(InterceptingExecutableInvoker.java:93)
	at org.junit.jupiter.engine.execution.InterceptingExecutableInvoker.invoke(InterceptingExecutableInvoker.java:87)
	at org.junit.jupiter.engine.descriptor.TestMethodTestDescriptor.lambda$invokeTestMethod$7(TestMethodTestDescriptor.java:216)
	at org.junit.platform.engine.support.hierarchical.ThrowableCollector.execute(ThrowableCollector.java:73)
	at org.junit.jupiter.engine.descriptor.TestMethodTestDescriptor.invokeTestMethod(TestMethodTestDescriptor.java:212)
	at org.junit.jupiter.engine.descriptor.TestMethodTestDescriptor.execute(TestMethodTestDescriptor.java:137)
	at org.junit.jupiter.engine.descriptor.TestMethodTestDescriptor.execute(TestMethodTestDescriptor.java:69)
	at org.junit.platform.engine.support.hierarchical.NodeTestTask.lambda$executeRecursively$6(NodeTestTask.java:156)
	at org.junit.platform.engine.support.hierarchical.ThrowableCollector.execute(ThrowableCollector.java:73)
	at org.junit.platform.engine.support.hierarchical.NodeTestTask.lambda$executeRecursively$8(NodeTestTask.java:146)
	at org.junit.platform.engine.support.hierarchical.Node.around(Node.java:137)
	at org.junit.platform.engine.support.hierarchical.NodeTestTask.lambda$executeRecursively$9(NodeTestTask.java:144)
	at org.junit.platform.engine.support.hierarchical.ThrowableCollector.execute(ThrowableCollector.java:73)
	at org.junit.platform.engine.support.hierarchical.NodeTestTask.executeRecursively(NodeTestTask.java:143)
	at org.junit.platform.engine.support.hierarchical.NodeTestTask.execute(NodeTestTask.java:100)
	at java.base/java.util.ArrayList.forEach(ArrayList.java:1596)
	at org.junit.platform.engine.support.hierarchical.SameThreadHierarchicalTestExecutorService.invokeAll(SameThreadHierarchicalTestExecutorService.java:41)
	at org.junit.platform.engine.support.hierarchical.NodeTestTask.lambda$executeRecursively$6(NodeTestTask.java:160)
	at org.junit.platform.engine.support.hierarchical.ThrowableCollector.execute(ThrowableCollector.java:73)
	at org.junit.platform.engine.support.hierarchical.NodeTestTask.lambda$executeRecursively$8(NodeTestTask.java:146)
	at org.junit.platform.engine.support.hierarchical.Node.around(Node.java:137)
	at org.junit.platform.engine.support.hierarchical.NodeTestTask.lambda$executeRecursively$9(NodeTestTask.java:144)
	at org.junit.platform.engine.support.hierarchical.ThrowableCollector.execute(ThrowableCollector.java:73)
	at org.junit.platform.engine.support.hierarchical.NodeTestTask.executeRecursively(NodeTestTask.java:143)
	at org.junit.platform.engine.support.hierarchical.NodeTestTask.execute(NodeTestTask.java:100)
	at java.base/java.util.ArrayList.forEach(ArrayList.java:1596)
	at org.junit.platform.engine.support.hierarchical.SameThreadHierarchicalTestExecutorService.invokeAll(SameThreadHierarchicalTestExecutorService.java:41)
	at org.junit.platform.engine.support.hierarchical.NodeTestTask.lambda$executeRecursively$6(NodeTestTask.java:160)
	at org.junit.platform.engine.support.hierarchical.ThrowableCollector.execute(ThrowableCollector.java:73)
	at org.junit.platform.engine.support.hierarchical.NodeTestTask.lambda$executeRecursively$8(NodeTestTask.java:146)
	at org.junit.platform.engine.support.hierarchical.Node.around(Node.java:137)
	at org.junit.platform.engine.support.hierarchical.NodeTestTask.lambda$executeRecursively$9(NodeTestTask.java:144)
	at org.junit.platform.engine.support.hierarchical.ThrowableCollector.execute(ThrowableCollector.java:73)
	at org.junit.platform.engine.support.hierarchical.NodeTestTask.executeRecursively(NodeTestTask.java:143)
	at org.junit.platform.engine.support.hierarchical.NodeTestTask.execute(NodeTestTask.java:100)
	at org.junit.platform.engine.support.hierarchical.SameThreadHierarchicalTestExecutorService.submit(SameThreadHierarchicalTestExecutorService.java:35)
	at org.junit.platform.engine.support.hierarchical.HierarchicalTestExecutor.execute(HierarchicalTestExecutor.java:57)
	at org.junit.platform.engine.support.hierarchical.HierarchicalTestEngine.execute(HierarchicalTestEngine.java:54)
	at org.junit.platform.launcher.core.EngineExecutionOrchestrator.execute(EngineExecutionOrchestrator.java:201)
	at org.junit.platform.launcher.core.EngineExecutionOrchestrator.execute(EngineExecutionOrchestrator.java:170)
	at org.junit.platform.launcher.core.EngineExecutionOrchestrator.execute(EngineExecutionOrchestrator.java:94)
	at org.junit.platform.launcher.core.EngineExecutionOrchestrator.lambda$execute$0(EngineExecutionOrchestrator.java:59)
	at org.junit.platform.launcher.core.EngineExecutionOrchestrator.withInterceptedStreams(EngineExecutionOrchestrator.java:142)
	at org.junit.platform.launcher.core.EngineExecutionOrchestrator.execute(EngineExecutionOrchestrator.java:58)
	at org.junit.platform.launcher.core.DefaultLauncher.execute(DefaultLauncher.java:103)
	at org.junit.platform.launcher.core.DefaultLauncher.execute(DefaultLauncher.java:85)
	at org.junit.platform.launcher.core.DelegatingLauncher.execute(DelegatingLauncher.java:47)
	at org.junit.platform.launcher.core.InterceptingLauncher.lambda$execute$1(InterceptingLauncher.java:39)
	at org.junit.platform.launcher.core.ClasspathAlignmentCheckingLauncherInterceptor.intercept(ClasspathAlignmentCheckingLauncherInterceptor.java:25)
	at org.junit.platform.launcher.core.InterceptingLauncher.execute(InterceptingLauncher.java:38)
	at org.junit.platform.launcher.core.DelegatingLauncher.execute(DelegatingLauncher.java:47)
	at org.apache.maven.surefire.junitplatform.LazyLauncher.execute(LazyLauncher.java:56)
	at org.apache.maven.surefire.junitplatform.JUnitPlatformProvider.invokeAllTests(JUnitPlatformProvider.java:162)
	at org.apache.maven.surefire.junitplatform.JUnitPlatformProvider.invoke(JUnitPlatformProvider.java:120)
	at org.apache.maven.surefire.booter.ForkedBooter.runSuitesInProcess(ForkedBooter.java:385)
	at org.apache.maven.surefire.booter.ForkedBooter.execute(ForkedBooter.java:162)
	at org.apache.maven.surefire.booter.ForkedBooter.run(ForkedBooter.java:507)
	at org.apache.maven.surefire.booter.ForkedBooter.main(ForkedBooter.java:495)
2025-05-13 07:38:59,852 [main] INFO  proxy.SecretKeyProtocolFailoverProxyProvider (SCMFailoverProxyProviderBase.java:<init>(120)) - Created fail-over proxy for protocol SecretKeyProtocolOmPB with 1 nodes: [nodeId=scmNodeId,nodeAddress=/0.0.0.0:15024]
2025-05-13 07:38:59,852 [main] INFO  symmetric.DefaultSecretKeyVerifierClient (DefaultSecretKeyVerifierClient.java:<init>(76)) - Initializing secret key cache with size 16, TTL PT168H
2025-05-13 07:38:59,855 [main] INFO  om.OzoneManager (OzoneManager.java:<init>(670)) - OM start with adminUsers: [om/pkrvmberfyhpb9w.internal.cloudapp.net@EXAMPLE.COM, om]
2025-05-13 07:38:59,856 [main] WARN  server.ServerUtils (ServerUtils.java:getDBPath(292)) - ozone.om.db.dirs is not configured. We recommend adding this setting. Falling back to ozone.metadata.dirs instead.
2025-05-13 07:38:59,993 [main] INFO  om.OzoneManager (OzoneManager.java:instantiateServices(914)) - S3 Multi-Tenancy is disabled
2025-05-13 07:38:59,994 [main] INFO  security.OzoneSecretStore (OzoneSecretStore.java:loadState(70)) - Loaded 0 tokens
2025-05-13 07:38:59,994 [main] INFO  security.OzoneDelegationTokenSecretManager (OzoneDelegationTokenSecretManager.java:loadTokenSecretState(513)) - Loading token state into token manager.
2025-05-13 07:38:59,995 [main] INFO  om.OmSnapshotManager (OmSnapshotManager.java:<init>(187)) - Ozone filesystem snapshot feature is enabled.
2025-05-13 07:38:59,995 [main] WARN  server.ServerUtils (ServerUtils.java:getDBPath(292)) - ozone.om.snapshot.diff.db.dir is not configured. We recommend adding this setting. Falling back to ozone.metadata.dirs instead.
2025-05-13 07:39:00,015 [main] INFO  om.OzoneManager (OzoneManager.java:addS3GVolumeToDB(4654)) - Created Volume s3v With Owner om required for S3Gateway operations.
2025-05-13 07:39:00,015 [main] WARN  server.ServerUtils (ServerUtils.java:getDefaultRatisDirectory(304)) - Storage directory for Ratis is not configured. It is a good idea to map this to an SSD disk. Falling back to ozone.metadata.dirs
2025-05-13 07:39:00,016 [main] WARN  utils.OzoneManagerRatisUtils (OzoneManagerRatisUtils.java:getOMRatisSnapshotDirectory(488)) - ozone.om.ratis.snapshot.dir is not configured. Falling back to ozone.metadata.dirs config
2025-05-13 07:39:00,016 [main] WARN  dropwizard3.Dm3MetricRegistriesImpl (Dm3MetricRegistriesImpl.java:addReporterRegistration(114)) - New reporters are added after registries were created. Some metrics will be missing from the reporter. Please add reporter before adding any new registry.
2025-05-13 07:39:00,016 [main] WARN  dropwizard3.Dm3MetricRegistriesImpl (Dm3MetricRegistriesImpl.java:addReporterRegistration(114)) - New reporters are added after registries were created. Some metrics will be missing from the reporter. Please add reporter before adding any new registry.
2025-05-13 07:39:00,016 [main] WARN  server.ServerUtils (ServerUtils.java:getDefaultRatisDirectory(304)) - Storage directory for Ratis is not configured. It is a good idea to map this to an SSD disk. Falling back to ozone.metadata.dirs
2025-05-13 07:39:00,017 [main] INFO  server.RaftServerConfigKeys (ConfUtils.java:logGet(46)) - raft.server.log.appender.buffer.byte-limit = 4194304 (custom)
2025-05-13 07:39:00,018 [main] INFO  ratis.OzoneManagerRatisServer (OzoneManagerRatisServer.java:<init>(167)) - Instantiating OM Ratis server with groupID: omServiceIdDefault and peers: pkrvmberfyhpb9w.internal.cloudapp.net:9872
2025-05-13 07:39:00,018 [main] INFO  ratis.OzoneManagerStateMachine (OzoneManagerStateMachine.java:loadSnapshotInfoFromDB(618)) - TransactionInfo not found in OM DB.
2025-05-13 07:39:00,019 [main] INFO  server.RaftServer (ConfUtils.java:logGet(46)) - raft.rpc.type = GRPC (default)
2025-05-13 07:39:00,019 [main] INFO  grpc.GrpcConfigKeys (ConfUtils.java:logFallback(53)) - raft.grpc.admin.host = null (fallback to raft.grpc.server.host)
2025-05-13 07:39:00,019 [main] INFO  grpc.GrpcConfigKeys (ConfUtils.java:logFallback(53)) - raft.grpc.admin.port = 9872 (fallback to raft.grpc.server.port)
2025-05-13 07:39:00,020 [main] INFO  grpc.GrpcConfigKeys (ConfUtils.java:logFallback(53)) - raft.grpc.client.host = null (fallback to raft.grpc.server.host)
2025-05-13 07:39:00,020 [main] INFO  grpc.GrpcConfigKeys (ConfUtils.java:logFallback(53)) - raft.grpc.client.port = 9872 (fallback to raft.grpc.server.port)
2025-05-13 07:39:00,020 [main] INFO  grpc.GrpcConfigKeys (ConfUtils.java:logGet(46)) - raft.grpc.server.host = null (default)
2025-05-13 07:39:00,020 [main] INFO  grpc.GrpcConfigKeys (ConfUtils.java:logGet(46)) - raft.grpc.server.port = 9872 (custom)
2025-05-13 07:39:00,020 [main] INFO  server.GrpcService (ConfUtils.java:logGet(46)) - raft.grpc.message.size.max = 5242880 (custom)
2025-05-13 07:39:00,020 [main] INFO  server.GrpcService (ConfUtils.java:logGet(46)) - raft.grpc.flow.control.window = 1MB (=1048576) (default)
2025-05-13 07:39:00,020 [main] INFO  server.RaftServerConfigKeys (ConfUtils.java:logGet(46)) - raft.server.rpc.request.timeout = 3000ms (default)
2025-05-13 07:39:00,020 [main] INFO  grpc.GrpcConfigKeys (ConfUtils.java:logGet(46)) - raft.grpc.server.heartbeat.channel = true (default)
2025-05-13 07:39:00,020 [main] INFO  server.RaftServerConfigKeys (ConfUtils.java:logGet(46)) - raft.server.log.appender.buffer.byte-limit = 4194304 (custom)
2025-05-13 07:39:00,020 [main] INFO  grpc.GrpcConfigKeys (ConfUtils.java:logGet(46)) - raft.grpc.server.async.request.thread.pool.cached = true (default)
2025-05-13 07:39:00,020 [main] INFO  grpc.GrpcConfigKeys (ConfUtils.java:logGet(46)) - raft.grpc.server.async.request.thread.pool.size = 32 (default)
2025-05-13 07:39:00,021 [main] INFO  impl.DataStreamServerImpl (ConfUtils.java:logGet(46)) - raft.datastream.type = DISABLED (default)
2025-05-13 07:39:00,021 [main] INFO  server.RaftServerConfigKeys (ConfUtils.java:logGet(46)) - raft.server.sleep.deviation.threshold = 300ms (default)
2025-05-13 07:39:00,021 [main] INFO  server.RaftServerConfigKeys (ConfUtils.java:logGet(46)) - raft.server.close.threshold = 60s (default)
2025-05-13 07:39:00,021 [main] INFO  server.RaftServerConfigKeys (ConfUtils.java:logGet(46)) - raft.server.leaderelection.leader.step-down.wait-time = 10s (default)
2025-05-13 07:39:00,022 [main] INFO  server.RaftServerConfigKeys (ConfUtils.java:logGet(46)) - raft.server.storage.dir = [/tmp/junit-13837749624860595715/scm-meta/ratis] (custom)
2025-05-13 07:39:00,022 [main] INFO  server.RaftServerConfigKeys (ConfUtils.java:logGet(46)) - raft.server.threadpool.proxy.cached = true (default)
2025-05-13 07:39:00,022 [main] INFO  server.RaftServerConfigKeys (ConfUtils.java:logGet(46)) - raft.server.threadpool.proxy.size = 0 (default)
2025-05-13 07:39:00,022 [main] INFO  server.RaftServer (RaftServerProxy.java:addNew(100)) - om1: addNew group-C5BA1605619E:[om1|pkrvmberfyhpb9w.internal.cloudapp.net:9872] returns group-C5BA1605619E:java.util.concurrent.CompletableFuture@753cceca[Not completed]
2025-05-13 07:39:00,023 [main] INFO  om.OzoneManager (OzoneManager.java:initializeRatisServer(2284)) - OzoneManager Ratis server initialized at port 9872
2025-05-13 07:39:00,023 [om1-groupManagement] INFO  server.RaftServer$Division (RaftServerImpl.java:<init>(255)) - om1: new RaftServerImpl for group-C5BA1605619E:[om1|pkrvmberfyhpb9w.internal.cloudapp.net:9872] with OzoneManagerStateMachine:uninitialized
2025-05-13 07:39:00,023 [main] INFO  om.OzoneManager (OzoneManager.java:getRpcServer(1340)) - Creating RPC Server
2025-05-13 07:39:00,023 [om1-groupManagement] INFO  server.RaftServerConfigKeys (ConfUtils.java:logGet(46)) - raft.server.rpc.timeout.min = 5s (custom)
2025-05-13 07:39:00,023 [om1-groupManagement] INFO  server.RaftServerConfigKeys (ConfUtils.java:logGet(46)) - raft.server.rpc.timeout.max = 5200ms (custom)
2025-05-13 07:39:00,023 [om1-groupManagement] INFO  server.RaftServerConfigKeys (ConfUtils.java:logGet(46)) - raft.server.rpc.sleep.time = 25ms (default)
2025-05-13 07:39:00,023 [om1-groupManagement] INFO  server.RaftServerConfigKeys (ConfUtils.java:logGet(46)) - raft.server.rpc.slowness.timeout = 120s (custom)
2025-05-13 07:39:00,023 [om1-groupManagement] INFO  server.RaftServerConfigKeys (ConfUtils.java:logGet(46)) - raft.server.leaderelection.leader.step-down.wait-time = 10s (default)
2025-05-13 07:39:00,023 [om1-groupManagement] INFO  server.RaftServerConfigKeys (ConfUtils.java:logGet(46)) - raft.server.leaderelection.member.majority-add = false (default)
2025-05-13 07:39:00,023 [om1-groupManagement] INFO  server.RaftServerConfigKeys (ConfUtils.java:logGet(46)) - raft.server.sleep.deviation.threshold = 300ms (default)
2025-05-13 07:39:00,023 [om1-groupManagement] INFO  server.RaftServer$Division (ServerState.java:<init>(114)) - om1@group-C5BA1605619E: ConfigurationManager, init=conf: {index: -1, cur=peers:[om1|pkrvmberfyhpb9w.internal.cloudapp.net:9872]|listeners:[], old=null}, confs=<EMPTY_MAP>
2025-05-13 07:39:00,023 [om1-groupManagement] INFO  server.RaftServerConfigKeys (ConfUtils.java:logGet(46)) - raft.server.notification.no-leader.timeout = 120s (custom)
2025-05-13 07:39:00,023 [om1-groupManagement] INFO  server.RaftServerConfigKeys (ConfUtils.java:logGet(46)) - raft.server.read.timeout = 10s (default)
2025-05-13 07:39:00,023 [om1-groupManagement] INFO  server.RaftServerConfigKeys (ConfUtils.java:logGet(46)) - raft.server.retrycache.expirytime = 300s (custom)
2025-05-13 07:39:00,024 [om1-groupManagement] INFO  server.RaftServerConfigKeys (ConfUtils.java:logGet(46)) - raft.server.retrycache.statistics.expirytime = 100ms (default)
2025-05-13 07:39:00,024 [om1-groupManagement] INFO  server.RaftServerConfigKeys (ConfUtils.java:logGet(46)) - raft.server.read.option = DEFAULT (default)
2025-05-13 07:39:00,024 [om1-groupManagement] INFO  server.RaftServerConfigKeys (ConfUtils.java:logGet(46)) - raft.server.read.read-after-write-consistent.write-index-cache.expiry-time = 60s (default)
2025-05-13 07:39:00,025 [om1-groupManagement] INFO  server.RaftServerConfigKeys (ConfUtils.java:logGet(46)) - raft.server.rpc.request.timeout = 3000ms (default)
2025-05-13 07:39:00,025 [om1-groupManagement] INFO  server.RaftServerConfigKeys (ConfUtils.java:logGet(46)) - raft.server.log.appender.install.snapshot.enabled = false (custom)
2025-05-13 07:39:00,025 [om1-groupManagement] INFO  server.RaftServerConfigKeys (ConfUtils.java:logGet(46)) - raft.server.threadpool.server.cached = true (default)
2025-05-13 07:39:00,025 [om1-groupManagement] INFO  server.RaftServerConfigKeys (ConfUtils.java:logGet(46)) - raft.server.threadpool.server.size = 0 (default)
2025-05-13 07:39:00,025 [om1-groupManagement] INFO  server.RaftServerConfigKeys (ConfUtils.java:logGet(46)) - raft.server.threadpool.client.cached = true (default)
2025-05-13 07:39:00,025 [om1-groupManagement] INFO  server.RaftServerConfigKeys (ConfUtils.java:logGet(46)) - raft.server.threadpool.client.size = 0 (default)
2025-05-13 07:39:00,369 [main] INFO  reflections.Reflections (Reflections.java:scan(219)) - Reflections took 346 ms to scan 24 urls, producing 60 keys and 7515 values
2025-05-13 07:39:00,371 [main] INFO  ipc.CallQueueManager (CallQueueManager.java:<init>(93)) - Using callQueue: class java.util.concurrent.LinkedBlockingQueue, queueCapacity: 2000, scheduler: class org.apache.hadoop.ipc.DefaultRpcScheduler, ipcBackoff: false, ipcFailOver: false.
2025-05-13 07:39:00,371 [main] INFO  server.StorageContainerManager (StorageContainerManager.java:stop(1608)) - Container Balancer is not running.
2025-05-13 07:39:00,371 [main] INFO  server.StorageContainerManager (StorageContainerManager.java:stopReplicationManager(1742)) - Stopping Replication Manager Service.
2025-05-13 07:39:00,371 [main] INFO  replication.ReplicationManager (ReplicationManager.java:stop(316)) - Stopping Replication Monitor Thread.
2025-05-13 07:39:00,371 [main] INFO  server.StorageContainerManager (StorageContainerManager.java:stop(1617)) - Stopping the Datanode Admin Monitor.
2025-05-13 07:39:00,372 [ReplicationMonitor] INFO  replication.ReplicationManager (ReplicationManager.java:run(936)) - Replication Monitor Thread is stopped
2025-05-13 07:39:00,371 [UnderReplicatedProcessor] WARN  replication.UnhealthyReplicationProcessor (UnhealthyReplicationProcessor.java:run(178)) - UnderReplicatedProcessor interrupted. Exiting...
2025-05-13 07:39:00,371 [OverReplicatedProcessor] WARN  replication.UnhealthyReplicationProcessor (UnhealthyReplicationProcessor.java:run(178)) - OverReplicatedProcessor interrupted. Exiting...
2025-05-13 07:39:00,372 [main] INFO  server.StorageContainerManager (StorageContainerManager.java:stop(1624)) - Stopping datanode service RPC server
2025-05-13 07:39:00,372 [main] INFO  server.SCMDatanodeProtocolServer (SCMDatanodeProtocolServer.java:stop(447)) - Stopping the RPC server for DataNodes
2025-05-13 07:39:00,372 [main] INFO  ipc.Server (Server.java:stop(3697)) - Stopping server on 15022
2025-05-13 07:39:00,443 [SCMHeartbeatProcessor-0] WARN  node.NodeStateManager (NodeStateManager.java:scheduleNextHealthCheck(909)) - Current Thread is interrupted, shutting down HB processing thread for Node Manager.
2025-05-13 07:39:00,444 [main] INFO  server.StorageContainerManager (StorageContainerManager.java:stop(1632)) - Stopping block service RPC server
2025-05-13 07:39:00,444 [main] INFO  server.SCMBlockProtocolServer (SCMBlockProtocolServer.java:stop(175)) - Stopping the RPC server for Block Protocol
2025-05-13 07:39:00,444 [main] INFO  ipc.Server (Server.java:stop(3697)) - Stopping server on 15023
2025-05-13 07:39:00,449 [IPC Server listener on 15023] INFO  ipc.Server (Server.java:run(1585)) - Stopping IPC Server listener on 15023
2025-05-13 07:39:00,449 [IPC Server Responder] INFO  ipc.Server (Server.java:run(1718)) - Stopping IPC Server Responder
2025-05-13 07:39:00,449 [main] INFO  server.StorageContainerManager (StorageContainerManager.java:stop(1639)) - Stopping the StorageContainerLocationProtocol RPC server
2025-05-13 07:39:00,449 [main] INFO  server.SCMClientProtocolServer (SCMClientProtocolServer.java:stop(216)) - Stopping the RPC server for Client Protocol
2025-05-13 07:39:00,449 [main] INFO  ipc.Server (Server.java:stop(3697)) - Stopping server on 15021
2025-05-13 07:39:00,453 [IPC Server listener on 15021] INFO  ipc.Server (Server.java:run(1585)) - Stopping IPC Server listener on 15021
2025-05-13 07:39:00,454 [main] INFO  server.StorageContainerManager (StorageContainerManager.java:stop(1646)) - Stopping Storage Container Manager HTTP server.
2025-05-13 07:39:00,454 [IPC Server Responder] INFO  ipc.Server (Server.java:run(1718)) - Stopping IPC Server Responder
2025-05-13 07:39:00,455 [main] INFO  handler.ContextHandler (ContextHandler.java:doStop(1159)) - Stopped o.e.j.w.WebAppContext@eb10b2{scm,/,null,STOPPED}{file:/home/runner/work/ozone/ozone/hadoop-ozone/integration-test/target/test-classes/webapps/scm}
2025-05-13 07:39:00,457 [main] INFO  server.AbstractConnector (AbstractConnector.java:doStop(383)) - Stopped ServerConnector@41de8d57{HTTP/1.1, (http/1.1)}{0.0.0.0:9876}
2025-05-13 07:39:00,457 [main] INFO  server.session (HouseKeeper.java:stopScavenging(149)) - node0 Stopped scavenging
2025-05-13 07:39:00,457 [main] INFO  handler.ContextHandler (ContextHandler.java:doStop(1159)) - Stopped o.e.j.s.ServletContextHandler@7ba87d24{static,/static,file:///home/runner/work/ozone/ozone/hadoop-ozone/integration-test/target/test-classes/webapps/static,STOPPED}
2025-05-13 07:39:00,458 [main] INFO  handler.ContextHandler (ContextHandler.java:doStop(1159)) - Stopped o.e.j.s.ServletContextHandler@7c66040f{logs,/logs,file:///home/runner/work/ozone/ozone/hadoop-ozone/integration-test/target/log,STOPPED}
2025-05-13 07:39:00,459 [main] INFO  server.StorageContainerManager (StorageContainerManager.java:stop(1654)) - Stopping SCM LayoutVersionManager Service.
2025-05-13 07:39:00,459 [main] INFO  server.SCMSecurityProtocolServer (SCMSecurityProtocolServer.java:stop(510)) - Stopping the SCMSecurityProtocolServer.
2025-05-13 07:39:00,459 [main] INFO  ipc.Server (Server.java:stop(3697)) - Stopping server on 15024
2025-05-13 07:39:00,459 [IPC Server Responder] INFO  ipc.Server (Server.java:run(1718)) - Stopping IPC Server Responder
2025-05-13 07:39:00,460 [main] INFO  server.StorageContainerManager (StorageContainerManager.java:stop(1666)) - Stopping Block Manager Service.
2025-05-13 07:39:00,460 [main] INFO  utils.BackgroundService (BackgroundService.java:shutdown(160)) - Shutting down service SCMBlockDeletingService
2025-05-13 07:39:00,460 [IPC Server listener on 15024] INFO  ipc.Server (Server.java:run(1585)) - Stopping IPC Server listener on 15024
2025-05-13 07:39:00,460 [main] INFO  utils.BackgroundService (BackgroundService.java:shutdown(160)) - Shutting down service SCMBlockDeletingService
2025-05-13 07:39:00,461 [main] INFO  server.StorageContainerManager (StorageContainerManager.java:stop(1691)) - Stopping SCM Event Queue.
2025-05-13 07:39:00,461 [main] INFO  server.StorageContainerManager (StorageContainerManager.java:stop(1698)) - Stopping SCM HA services.
2025-05-13 07:39:00,461 [main] INFO  ha.SCMRatisServerImpl (SCMRatisServerImpl.java:stop(266)) - stopping ratis server 0.0.0.0:15025
2025-05-13 07:39:00,461 [main] INFO  server.RaftServer (RaftServerProxy.java:lambda$close$9(417)) - 10686263-6a26-4d63-b6a0-6aa5aa7d3b52: close
2025-05-13 07:39:00,462 [main] INFO  server.GrpcService (GrpcService.java:closeImpl(343)) - 10686263-6a26-4d63-b6a0-6aa5aa7d3b52: shutdown server GrpcServerProtocolService now
2025-05-13 07:39:00,462 [10686263-6a26-4d63-b6a0-6aa5aa7d3b52-impl-thread1] INFO  server.RaftServer$Division (RaftServerImpl.java:lambda$close$1(513)) - 10686263-6a26-4d63-b6a0-6aa5aa7d3b52@group-3AFE46D7C0C6: shutdown
2025-05-13 07:39:00,462 [10686263-6a26-4d63-b6a0-6aa5aa7d3b52-impl-thread1] INFO  util.JmxRegister (JmxRegister.java:unregister(74)) - Successfully un-registered JMX Bean with object name Ratis:service=RaftServer,group=group-3AFE46D7C0C6,id=10686263-6a26-4d63-b6a0-6aa5aa7d3b52
2025-05-13 07:39:00,462 [10686263-6a26-4d63-b6a0-6aa5aa7d3b52-impl-thread1] INFO  impl.RoleInfo (RoleInfo.java:shutdownFollowerState(121)) - 10686263-6a26-4d63-b6a0-6aa5aa7d3b52: shutdown 10686263-6a26-4d63-b6a0-6aa5aa7d3b52@group-3AFE46D7C0C6-FollowerState
2025-05-13 07:39:00,462 [10686263-6a26-4d63-b6a0-6aa5aa7d3b52-impl-thread1] INFO  impl.StateMachineUpdater (StateMachineUpdater.java:stopAndJoin(164)) - 10686263-6a26-4d63-b6a0-6aa5aa7d3b52@group-3AFE46D7C0C6-StateMachineUpdater: set stopIndex = -1
2025-05-13 07:39:00,463 [10686263-6a26-4d63-b6a0-6aa5aa7d3b52@group-3AFE46D7C0C6-FollowerState] INFO  impl.FollowerState (FollowerState.java:runImpl(170)) - 10686263-6a26-4d63-b6a0-6aa5aa7d3b52@group-3AFE46D7C0C6-FollowerState was interrupted
2025-05-13 07:39:00,464 [10686263-6a26-4d63-b6a0-6aa5aa7d3b52@group-3AFE46D7C0C6-StateMachineUpdater] INFO  impl.StateMachineUpdater (StateMachineUpdater.java:stop(141)) - 10686263-6a26-4d63-b6a0-6aa5aa7d3b52@group-3AFE46D7C0C6-StateMachineUpdater: closing SCMStateMachine, lastApplied=(t:0, i:~)
2025-05-13 07:39:00,464 [10686263-6a26-4d63-b6a0-6aa5aa7d3b52@group-3AFE46D7C0C6-cacheEviction-AwaitToRun] INFO  util.AwaitToRun (AwaitToRun.java:run(49)) - 10686263-6a26-4d63-b6a0-6aa5aa7d3b52@group-3AFE46D7C0C6-cacheEviction-AwaitToRun-AwaitForSignal is interrupted
2025-05-13 07:39:00,467 [main] INFO  server.GrpcService (GrpcService.java:closeImpl(352)) - 10686263-6a26-4d63-b6a0-6aa5aa7d3b52: shutdown server GrpcServerProtocolService successfully
2025-05-13 07:39:00,683 [10686263-6a26-4d63-b6a0-6aa5aa7d3b52-impl-thread1] INFO  segmented.SegmentedRaftLogWorker (SegmentedRaftLogWorker.java:close(252)) - 10686263-6a26-4d63-b6a0-6aa5aa7d3b52@group-3AFE46D7C0C6-SegmentedRaftLogWorker close()
2025-05-13 07:39:00,684 [JvmPauseMonitor7] INFO  util.JvmPauseMonitor (JvmPauseMonitor.java:run(152)) - JvmPauseMonitor-10686263-6a26-4d63-b6a0-6aa5aa7d3b52: Stopped
2025-05-13 07:39:00,684 [main] INFO  SCMHATransactionMonitor (BackgroundSCMService.java:stop(127)) - Stopping SCMHATransactionMonitor Service.
2025-05-13 07:39:00,684 [SCMHATransactionMonitor] WARN  SCMHATransactionMonitor (BackgroundSCMService.java:run(111)) - SCMHATransactionMonitor is interrupted, exit
2025-05-13 07:39:00,685 [main] INFO  pipeline.BackgroundPipelineCreator (BackgroundPipelineCreator.java:stop(154)) - Stopping RatisPipelineUtilsThread.
2025-05-13 07:39:00,685 [RatisPipelineUtilsThread-0] WARN  pipeline.BackgroundPipelineCreator (BackgroundPipelineCreator.java:run(185)) - RatisPipelineUtilsThread is interrupted.
2025-05-13 07:39:00,685 [main] INFO  BackgroundPipelineScrubber (BackgroundSCMService.java:stop(127)) - Stopping BackgroundPipelineScrubber Service.
2025-05-13 07:39:00,685 [BackgroundPipelineScrubber] WARN  BackgroundPipelineScrubber (BackgroundSCMService.java:run(111)) - BackgroundPipelineScrubber is interrupted, exit
2025-05-13 07:39:00,685 [main] INFO  impl.MetricsSystemImpl (MetricsSystemImpl.java:stop(210)) - Stopping StorageContainerManager metrics system...
2025-05-13 07:39:00,687 [prometheus] INFO  impl.MetricsSinkAdapter (MetricsSinkAdapter.java:publishMetricsFromQueue(141)) - prometheus thread interrupted.
2025-05-13 07:39:00,687 [main] INFO  impl.MetricsSystemImpl (MetricsSystemImpl.java:stop(216)) - StorageContainerManager metrics system stopped.
2025-05-13 07:39:00,687 [main] WARN  pipeline.BackgroundPipelineCreator (BackgroundPipelineCreator.java:stop(150)) - RatisPipelineUtilsThread is not running, just ignore.
2025-05-13 07:39:00,687 [main] INFO  BackgroundPipelineScrubber (BackgroundSCMService.java:stop(122)) - BackgroundPipelineScrubber Service is not running, skip stop.
2025-05-13 07:39:00,687 [main] INFO  ExpiredContainerReplicaOpScrubber (BackgroundSCMService.java:stop(127)) - Stopping ExpiredContainerReplicaOpScrubber Service.
2025-05-13 07:39:00,687 [main] INFO  utils.BackgroundService (BackgroundService.java:shutdown(160)) - Shutting down service SCMBlockDeletingService
2025-05-13 07:39:00,688 [main] INFO  replication.ReplicationManager (ReplicationManager.java:stop(323)) - Replication Monitor Thread is not running.
2025-05-13 07:39:00,688 [main] WARN  balancer.ContainerBalancer (ContainerBalancer.java:stop(350)) - Cannot stop Container Balancer because it's not running or stopping
2025-05-13 07:39:00,688 [main] INFO  SCMHATransactionMonitor (BackgroundSCMService.java:stop(122)) - SCMHATransactionMonitor Service is not running, skip stop.
2025-05-13 07:39:00,688 [main] INFO  server.StorageContainerManager (StorageContainerManager.java:stop(1733)) - Stopping SCM MetadataStore.
2025-05-13 07:39:00,688 [10686263-6a26-4d63-b6a0-6aa5aa7d3b52-scm/sub-ca-refreshCACertificates] ERROR util.ExitUtils (ExitUtils.java:terminate(133)) - Terminating with exit status -1: Thread[#1293,10686263-6a26-4d63-b6a0-6aa5aa7d3b52-scm/sub-ca-refreshCACertificates,5,main] has thrown an uncaught exception
java.lang.reflect.UndeclaredThrowableException
	at jdk.proxy2/jdk.proxy2.$Proxy45.submitRequest(Unknown Source)
	at org.apache.hadoop.hdds.protocolPB.SCMSecurityProtocolClientSideTranslatorPB.submitRequest(SCMSecurityProtocolClientSideTranslatorPB.java:93)
	at org.apache.hadoop.hdds.protocolPB.SCMSecurityProtocolClientSideTranslatorPB.getAllRootCaCertificates(SCMSecurityProtocolClientSideTranslatorPB.java:382)
	at org.apache.hadoop.hdds.security.x509.certificate.client.SCMCertificateClient$RefreshCACertificates.run(SCMCertificateClient.java:238)
	at java.base/java.util.concurrent.ThreadPoolExecutor.runWorker(ThreadPoolExecutor.java:1144)
	at java.base/java.util.concurrent.ThreadPoolExecutor$Worker.run(ThreadPoolExecutor.java:642)
	at java.base/java.lang.Thread.run(Thread.java:1583)
Caused by: java.io.InterruptedIOException: Retry interrupted
	at org.apache.hadoop.io.retry.RetryInvocationHandler$Call.processWaitTimeAndRetryInfo(RetryInvocationHandler.java:141)
	at org.apache.hadoop.io.retry.RetryInvocationHandler$Call.invokeOnce(RetryInvocationHandler.java:112)
	at org.apache.hadoop.io.retry.RetryInvocationHandler.invoke(RetryInvocationHandler.java:366)
	... 7 more
Caused by: java.lang.InterruptedException: sleep interrupted
	at java.base/java.lang.Thread.sleep0(Native Method)
	at java.base/java.lang.Thread.sleep(Thread.java:509)
	at org.apache.hadoop.io.retry.RetryInvocationHandler$Call.processWaitTimeAndRetryInfo(RetryInvocationHandler.java:135)
	... 9 more
2025-05-13 07:39:00,687 [ExpiredContainerReplicaOpScrubber] WARN  ExpiredContainerReplicaOpScrubber (BackgroundSCMService.java:run(111)) - ExpiredContainerReplicaOpScrubber is interrupted, exit
2025-05-13 07:39:00,689 [LeaseManager#LeaseMonitor] WARN  lease.LeaseManager (LeaseManager.java:run(285)) - Lease manager is interrupted. Shutting down...
java.lang.InterruptedException
	at java.base/java.util.concurrent.locks.AbstractQueuedSynchronizer.tryAcquireSharedNanos(AbstractQueuedSynchronizer.java:1133)
	at java.base/java.util.concurrent.Semaphore.tryAcquire(Semaphore.java:415)
	at org.apache.hadoop.ozone.lease.LeaseManager$LeaseMonitor.run(LeaseManager.java:283)
	at java.base/java.lang.Thread.run(Thread.java:1583)
2025-05-13 07:39:00,690 [main] INFO  impl.DefaultInternalKdcServerImpl (DefaultInternalKdcServerImpl.java:doStop(102)) - Default Internal kdc server stopped.
2025-05-13 07:39:01,691 [main] INFO  minikdc.MiniKdc (MiniKdc.java:stop(359)) - MiniKdc stopped.
2025-05-13 07:39:01,691 [main] INFO  server.StorageContainerManager (StorageContainerManager.java:stop(1597)) - Storage Container Manager is not running.
2025-05-13 07:39:01,691 [main] INFO  server.StorageContainerManager (StorageContainerManager.java:stopReplicationManager(1742)) - Stopping Replication Manager Service.
2025-05-13 07:39:01,691 [main] INFO  replication.ReplicationManager (ReplicationManager.java:stop(323)) - Replication Monitor Thread is not running.
2025-05-13 07:39:01,691 [main] INFO  server.SCMSecurityProtocolServer (SCMSecurityProtocolServer.java:join(519)) - Join RPC server for SCMSecurityProtocolServer.
2025-05-13 07:39:01,691 [main] INFO  server.SCMSecurityProtocolServer (SCMSecurityProtocolServer.java:join(521)) - Join gRPC server for SCMSecurityProtocolServer.
]]></system-out>
    </rerunError>
    <rerunError message="Problem binding to [pkrvmberfyhpb9w.internal.cloudapp.net:15034] java.net.BindException: Cannot assign requested address; For more details see:  http://wiki.apache.org/hadoop/BindException" type="java.net.BindException">
      <stackTrace><![CDATA[java.net.BindException: Problem binding to [pkrvmberfyhpb9w.internal.cloudapp.net:15034] java.net.BindException: Cannot assign requested address; For more details see:  http://wiki.apache.org/hadoop/BindException
	at java.base/jdk.internal.reflect.DirectConstructorHandleAccessor.newInstance(DirectConstructorHandleAccessor.java:62)
	at java.base/java.lang.reflect.Constructor.newInstanceWithCaller(Constructor.java:502)
	at java.base/java.lang.reflect.Constructor.newInstance(Constructor.java:486)
	at org.apache.hadoop.net.NetUtils.wrapWithMessage(NetUtils.java:961)
	at org.apache.hadoop.net.NetUtils.wrapException(NetUtils.java:857)
	at org.apache.hadoop.ipc.Server.bind(Server.java:715)
	at org.apache.hadoop.ipc.Server$Listener.<init>(Server.java:1435)
	at org.apache.hadoop.ipc.Server.<init>(Server.java:3364)
	at org.apache.hadoop.ipc.RPC$Server.<init>(RPC.java:1195)
	at org.apache.hadoop.ipc.ProtobufRpcEngine2$Server.<init>(ProtobufRpcEngine2.java:485)
	at org.apache.hadoop.ipc.ProtobufRpcEngine$Server.<init>(ProtobufRpcEngine.java:452)
	at org.apache.hadoop.ipc.ProtobufRpcEngine.getServer(ProtobufRpcEngine.java:375)
	at org.apache.hadoop.ipc.RPC$Builder.build(RPC.java:986)
	at org.apache.hadoop.ozone.om.OzoneManager.startRpcServer(OzoneManager.java:1414)
	at org.apache.hadoop.ozone.om.OzoneManager.getRpcServer(OzoneManager.java:1376)
	at org.apache.hadoop.ozone.om.OzoneManager.<init>(OzoneManager.java:695)
	at org.apache.hadoop.ozone.om.OzoneManager.createOm(OzoneManager.java:877)
	at org.apache.hadoop.ozone.TestSecureOzoneCluster.setupOm(TestSecureOzoneCluster.java:716)
	at org.apache.hadoop.ozone.TestSecureOzoneCluster.testGetSetRevokeS3Secret(TestSecureOzoneCluster.java:728)
	at java.base/java.lang.reflect.Method.invoke(Method.java:580)
	at java.base/java.util.ArrayList.forEach(ArrayList.java:1596)
	at java.base/java.util.ArrayList.forEach(ArrayList.java:1596)
Caused by: java.net.BindException: Cannot assign requested address
	at java.base/sun.nio.ch.Net.bind0(Native Method)
	at java.base/sun.nio.ch.Net.bind(Net.java:565)
	at java.base/sun.nio.ch.ServerSocketChannelImpl.netBind(ServerSocketChannelImpl.java:344)
	at java.base/sun.nio.ch.ServerSocketChannelImpl.bind(ServerSocketChannelImpl.java:301)
	at java.base/sun.nio.ch.ServerSocketAdaptor.bind(ServerSocketAdaptor.java:89)
	at org.apache.hadoop.ipc.Server.bind(Server.java:698)
	... 16 more
]]></stackTrace>
      <system-out><![CDATA[2025-05-13 07:39:01,727 [main] INFO  minikdc.MiniKdc (MiniKdc.java:<init>(225)) - Configuration:
2025-05-13 07:39:01,727 [main] INFO  minikdc.MiniKdc (MiniKdc.java:<init>(226)) - ---------------------------------------------------------------
2025-05-13 07:39:01,727 [main] INFO  minikdc.MiniKdc (MiniKdc.java:<init>(228)) -   max.renewable.lifetime: 604800000
2025-05-13 07:39:01,727 [main] INFO  minikdc.MiniKdc (MiniKdc.java:<init>(228)) -   instance: DefaultKrbServer
2025-05-13 07:39:01,727 [main] INFO  minikdc.MiniKdc (MiniKdc.java:<init>(228)) -   debug: false
2025-05-13 07:39:01,728 [main] INFO  minikdc.MiniKdc (MiniKdc.java:<init>(228)) -   kdc.bind.address: localhost
2025-05-13 07:39:01,728 [main] INFO  minikdc.MiniKdc (MiniKdc.java:<init>(228)) -   max.ticket.lifetime: 86400000
2025-05-13 07:39:01,728 [main] INFO  minikdc.MiniKdc (MiniKdc.java:<init>(228)) -   transport: TCP
2025-05-13 07:39:01,728 [main] INFO  minikdc.MiniKdc (MiniKdc.java:<init>(228)) -   org.name: EXAMPLE
2025-05-13 07:39:01,728 [main] INFO  minikdc.MiniKdc (MiniKdc.java:<init>(228)) -   org.domain: COM
2025-05-13 07:39:01,728 [main] INFO  minikdc.MiniKdc (MiniKdc.java:<init>(228)) -   kdc.port: 0
2025-05-13 07:39:01,728 [main] INFO  minikdc.MiniKdc (MiniKdc.java:<init>(230)) - ---------------------------------------------------------------
2025-05-13 07:39:01,729 [main] INFO  minikdc.MiniKdc (MiniKdc.java:start(285)) - MiniKdc started.
2025-05-13 07:39:01,880 [main] INFO  keys.KeyStorage (KeyStorage.java:storePublicKey(210)) - Storing public key to /tmp/junit-3045947392054738851/om-meta/om/keys/public.pem.
2025-05-13 07:39:01,881 [main] INFO  keys.KeyStorage (KeyStorage.java:storePrivateKey(194)) - Storing private key to /tmp/junit-3045947392054738851/om-meta/om/keys/private.pem.
2025-05-13 07:39:01,881 [main] INFO  om.OzoneManager (OzoneManager.java:getOmDetailsProto(4941)) - OzoneManager ports added:[name: "RPC"
value: 15034
]
2025-05-13 07:39:01,882 [main] WARN  server.ServerUtils (ServerUtils.java:getScmDbDir(138)) - ozone.scm.db.dirs is not configured. We recommend adding this setting. Falling back to ozone.metadata.dirs instead.
2025-05-13 07:39:01,882 [main] INFO  ha.HASecurityUtils (HASecurityUtils.java:initializeSecurity(79)) - Initializing secure StorageContainerManager.
2025-05-13 07:39:01,883 [main] INFO  proxy.SCMSecurityProtocolFailoverProxyProvider (SCMFailoverProxyProviderBase.java:<init>(120)) - Created fail-over proxy for protocol SCMSecurityProtocolPB with 1 nodes: [nodeId=scmNodeId,nodeAddress=localhost/127.0.0.1:15031]
2025-05-13 07:39:01,883 [main] INFO  client.SCMCertificateClient (DefaultCertificateClient.java:updateCertSerialId(1289)) - Certificate serial ID set to null
2025-05-13 07:39:01,883 [main] ERROR client.SCMCertificateClient (DefaultCertificateClient.java:getCertPath(373)) - Default certificate serial id is not set. Can't locate the default certificate for this client.
2025-05-13 07:39:01,883 [main] INFO  client.SCMCertificateClient (DefaultCertificateClient.java:init(717)) - Certificate client init case: 0
2025-05-13 07:39:01,883 [main] INFO  client.SCMCertificateClient (DefaultCertificateClient.java:handleCase(735)) - Creating keypair for client as keypair and certificate not found.
2025-05-13 07:39:02,095 [main] INFO  keys.KeyStorage (KeyStorage.java:storePublicKey(210)) - Storing public key to /tmp/junit-3045947392054738851/scm-meta/scm/sub-ca/keys/public.pem.
2025-05-13 07:39:02,095 [main] INFO  keys.KeyStorage (KeyStorage.java:storePrivateKey(194)) - Storing private key to /tmp/junit-3045947392054738851/scm-meta/scm/sub-ca/keys/private.pem.
2025-05-13 07:39:02,096 [main] INFO  client.SCMCertificateClient (SCMCertificateClient.java:recoverStateIfNeeded(278)) - Init response: GETCERT
2025-05-13 07:39:02,096 [main] INFO  keys.KeyStorage (KeyStorage.java:readPublicKey(174)) - Reading public key from /tmp/junit-3045947392054738851/scm-meta/scm/ca/keys/public.pem.
2025-05-13 07:39:02,096 [main] ERROR keys.KeyStorage (KeyStorage.java:readPublicKey(178)) - Failed to read the public key.
java.nio.file.NoSuchFileException: /tmp/junit-3045947392054738851/scm-meta/scm/ca/keys/public.pem
	at java.base/sun.nio.fs.UnixException.translateToIOException(UnixException.java:92)
	at java.base/sun.nio.fs.UnixException.rethrowAsIOException(UnixException.java:106)
	at java.base/sun.nio.fs.UnixException.rethrowAsIOException(UnixException.java:111)
	at java.base/sun.nio.fs.UnixFileSystemProvider.newByteChannel(UnixFileSystemProvider.java:261)
	at java.base/java.nio.file.Files.newByteChannel(Files.java:380)
	at java.base/java.nio.file.Files.newByteChannel(Files.java:432)
	at java.base/java.nio.file.Files.readAllBytes(Files.java:3281)
	at org.apache.hadoop.hdds.security.x509.keys.KeyStorage.readPublicKey(KeyStorage.java:176)
	at org.apache.hadoop.hdds.security.x509.keys.KeyStorage.readKeyPair(KeyStorage.java:184)
	at org.apache.hadoop.hdds.security.x509.certificate.authority.DefaultCAServer.checkIfKeysExist(DefaultCAServer.java:354)
	at org.apache.hadoop.hdds.security.x509.certificate.authority.DefaultCAServer.verifySelfSignedCA(DefaultCAServer.java:323)
	at org.apache.hadoop.hdds.security.x509.certificate.authority.DefaultCAServer.init(DefaultCAServer.java:162)
	at org.apache.hadoop.hdds.security.x509.certificate.client.SCMCertificateClient.initializeRootCertificateServer(SCMCertificateClient.java:396)
	at org.apache.hadoop.hdds.security.x509.certificate.client.SCMCertificateClient.getPrimarySCMSelfSignedCert(SCMCertificateClient.java:346)
	at org.apache.hadoop.hdds.security.x509.certificate.client.SCMCertificateClient.recoverStateIfNeeded(SCMCertificateClient.java:287)
	at org.apache.hadoop.hdds.security.x509.certificate.client.DefaultCertificateClient.initWithRecovery(DefaultCertificateClient.java:698)
	at org.apache.hadoop.hdds.scm.ha.HASecurityUtils.initializeSecurity(HASecurityUtils.java:96)
	at org.apache.hadoop.ozone.TestSecureOzoneCluster.initSCM(TestSecureOzoneCluster.java:450)
	at org.apache.hadoop.ozone.TestSecureOzoneCluster.testGetSetRevokeS3Secret(TestSecureOzoneCluster.java:722)
	at java.base/jdk.internal.reflect.DirectMethodHandleAccessor.invoke(DirectMethodHandleAccessor.java:103)
	at java.base/java.lang.reflect.Method.invoke(Method.java:580)
	at org.junit.platform.commons.util.ReflectionUtils.invokeMethod(ReflectionUtils.java:775)
	at org.junit.platform.commons.support.ReflectionSupport.invokeMethod(ReflectionSupport.java:479)
	at org.junit.jupiter.engine.execution.MethodInvocation.proceed(MethodInvocation.java:60)
	at org.junit.jupiter.engine.execution.InvocationInterceptorChain$ValidatingInvocation.proceed(InvocationInterceptorChain.java:131)
	at org.junit.jupiter.engine.extension.SameThreadTimeoutInvocation.proceed(SameThreadTimeoutInvocation.java:49)
	at org.junit.jupiter.engine.extension.TimeoutExtension.intercept(TimeoutExtension.java:161)
	at org.junit.jupiter.engine.extension.TimeoutExtension.interceptTestableMethod(TimeoutExtension.java:152)
	at org.junit.jupiter.engine.extension.TimeoutExtension.interceptTestMethod(TimeoutExtension.java:91)
	at org.junit.jupiter.engine.execution.InterceptingExecutableInvoker$ReflectiveInterceptorCall.lambda$ofVoidMethod$0(InterceptingExecutableInvoker.java:112)
	at org.junit.jupiter.engine.execution.InterceptingExecutableInvoker.lambda$invoke$0(InterceptingExecutableInvoker.java:94)
	at org.junit.jupiter.engine.execution.InvocationInterceptorChain$InterceptedInvocation.proceed(InvocationInterceptorChain.java:106)
	at org.junit.jupiter.engine.execution.InvocationInterceptorChain.proceed(InvocationInterceptorChain.java:64)
	at org.junit.jupiter.engine.execution.InvocationInterceptorChain.chainAndInvoke(InvocationInterceptorChain.java:45)
	at org.junit.jupiter.engine.execution.InvocationInterceptorChain.invoke(InvocationInterceptorChain.java:37)
	at org.junit.jupiter.engine.execution.InterceptingExecutableInvoker.invoke(InterceptingExecutableInvoker.java:93)
	at org.junit.jupiter.engine.execution.InterceptingExecutableInvoker.invoke(InterceptingExecutableInvoker.java:87)
	at org.junit.jupiter.engine.descriptor.TestMethodTestDescriptor.lambda$invokeTestMethod$7(TestMethodTestDescriptor.java:216)
	at org.junit.platform.engine.support.hierarchical.ThrowableCollector.execute(ThrowableCollector.java:73)
	at org.junit.jupiter.engine.descriptor.TestMethodTestDescriptor.invokeTestMethod(TestMethodTestDescriptor.java:212)
	at org.junit.jupiter.engine.descriptor.TestMethodTestDescriptor.execute(TestMethodTestDescriptor.java:137)
	at org.junit.jupiter.engine.descriptor.TestMethodTestDescriptor.execute(TestMethodTestDescriptor.java:69)
	at org.junit.platform.engine.support.hierarchical.NodeTestTask.lambda$executeRecursively$6(NodeTestTask.java:156)
	at org.junit.platform.engine.support.hierarchical.ThrowableCollector.execute(ThrowableCollector.java:73)
	at org.junit.platform.engine.support.hierarchical.NodeTestTask.lambda$executeRecursively$8(NodeTestTask.java:146)
	at org.junit.platform.engine.support.hierarchical.Node.around(Node.java:137)
	at org.junit.platform.engine.support.hierarchical.NodeTestTask.lambda$executeRecursively$9(NodeTestTask.java:144)
	at org.junit.platform.engine.support.hierarchical.ThrowableCollector.execute(ThrowableCollector.java:73)
	at org.junit.platform.engine.support.hierarchical.NodeTestTask.executeRecursively(NodeTestTask.java:143)
	at org.junit.platform.engine.support.hierarchical.NodeTestTask.execute(NodeTestTask.java:100)
	at java.base/java.util.ArrayList.forEach(ArrayList.java:1596)
	at org.junit.platform.engine.support.hierarchical.SameThreadHierarchicalTestExecutorService.invokeAll(SameThreadHierarchicalTestExecutorService.java:41)
	at org.junit.platform.engine.support.hierarchical.NodeTestTask.lambda$executeRecursively$6(NodeTestTask.java:160)
	at org.junit.platform.engine.support.hierarchical.ThrowableCollector.execute(ThrowableCollector.java:73)
	at org.junit.platform.engine.support.hierarchical.NodeTestTask.lambda$executeRecursively$8(NodeTestTask.java:146)
	at org.junit.platform.engine.support.hierarchical.Node.around(Node.java:137)
	at org.junit.platform.engine.support.hierarchical.NodeTestTask.lambda$executeRecursively$9(NodeTestTask.java:144)
	at org.junit.platform.engine.support.hierarchical.ThrowableCollector.execute(ThrowableCollector.java:73)
	at org.junit.platform.engine.support.hierarchical.NodeTestTask.executeRecursively(NodeTestTask.java:143)
	at org.junit.platform.engine.support.hierarchical.NodeTestTask.execute(NodeTestTask.java:100)
	at java.base/java.util.ArrayList.forEach(ArrayList.java:1596)
	at org.junit.platform.engine.support.hierarchical.SameThreadHierarchicalTestExecutorService.invokeAll(SameThreadHierarchicalTestExecutorService.java:41)
	at org.junit.platform.engine.support.hierarchical.NodeTestTask.lambda$executeRecursively$6(NodeTestTask.java:160)
	at org.junit.platform.engine.support.hierarchical.ThrowableCollector.execute(ThrowableCollector.java:73)
	at org.junit.platform.engine.support.hierarchical.NodeTestTask.lambda$executeRecursively$8(NodeTestTask.java:146)
	at org.junit.platform.engine.support.hierarchical.Node.around(Node.java:137)
	at org.junit.platform.engine.support.hierarchical.NodeTestTask.lambda$executeRecursively$9(NodeTestTask.java:144)
	at org.junit.platform.engine.support.hierarchical.ThrowableCollector.execute(ThrowableCollector.java:73)
	at org.junit.platform.engine.support.hierarchical.NodeTestTask.executeRecursively(NodeTestTask.java:143)
	at org.junit.platform.engine.support.hierarchical.NodeTestTask.execute(NodeTestTask.java:100)
	at org.junit.platform.engine.support.hierarchical.SameThreadHierarchicalTestExecutorService.submit(SameThreadHierarchicalTestExecutorService.java:35)
	at org.junit.platform.engine.support.hierarchical.HierarchicalTestExecutor.execute(HierarchicalTestExecutor.java:57)
	at org.junit.platform.engine.support.hierarchical.HierarchicalTestEngine.execute(HierarchicalTestEngine.java:54)
	at org.junit.platform.launcher.core.EngineExecutionOrchestrator.execute(EngineExecutionOrchestrator.java:201)
	at org.junit.platform.launcher.core.EngineExecutionOrchestrator.execute(EngineExecutionOrchestrator.java:170)
	at org.junit.platform.launcher.core.EngineExecutionOrchestrator.execute(EngineExecutionOrchestrator.java:94)
	at org.junit.platform.launcher.core.EngineExecutionOrchestrator.lambda$execute$0(EngineExecutionOrchestrator.java:59)
	at org.junit.platform.launcher.core.EngineExecutionOrchestrator.withInterceptedStreams(EngineExecutionOrchestrator.java:142)
	at org.junit.platform.launcher.core.EngineExecutionOrchestrator.execute(EngineExecutionOrchestrator.java:58)
	at org.junit.platform.launcher.core.DefaultLauncher.execute(DefaultLauncher.java:103)
	at org.junit.platform.launcher.core.DefaultLauncher.execute(DefaultLauncher.java:85)
	at org.junit.platform.launcher.core.DelegatingLauncher.execute(DelegatingLauncher.java:47)
	at org.junit.platform.launcher.core.InterceptingLauncher.lambda$execute$1(InterceptingLauncher.java:39)
	at org.junit.platform.launcher.core.ClasspathAlignmentCheckingLauncherInterceptor.intercept(ClasspathAlignmentCheckingLauncherInterceptor.java:25)
	at org.junit.platform.launcher.core.InterceptingLauncher.execute(InterceptingLauncher.java:38)
	at org.junit.platform.launcher.core.DelegatingLauncher.execute(DelegatingLauncher.java:47)
	at org.apache.maven.surefire.junitplatform.LazyLauncher.execute(LazyLauncher.java:56)
	at org.apache.maven.surefire.junitplatform.JUnitPlatformProvider.invokeAllTests(JUnitPlatformProvider.java:162)
	at org.apache.maven.surefire.junitplatform.JUnitPlatformProvider.invoke(JUnitPlatformProvider.java:120)
	at org.apache.maven.surefire.booter.ForkedBooter.runSuitesInProcess(ForkedBooter.java:385)
	at org.apache.maven.surefire.booter.ForkedBooter.execute(ForkedBooter.java:162)
	at org.apache.maven.surefire.booter.ForkedBooter.run(ForkedBooter.java:507)
	at org.apache.maven.surefire.booter.ForkedBooter.main(ForkedBooter.java:495)
2025-05-13 07:39:02,326 [main] INFO  keys.KeyStorage (KeyStorage.java:storePublicKey(210)) - Storing public key to /tmp/junit-3045947392054738851/scm-meta/scm/ca/keys/public.pem.
2025-05-13 07:39:02,326 [main] INFO  keys.KeyStorage (KeyStorage.java:storePrivateKey(194)) - Storing private key to /tmp/junit-3045947392054738851/scm-meta/scm/ca/keys/private.pem.
2025-05-13 07:39:02,327 [main] INFO  ozone.OzoneSecurityUtil (OzoneSecurityUtil.java:getValidInetsForCurrentHost(116)) - ip:fe80:0:0:0:20d:3aff:fe61:cc63%eth0 not returned.
2025-05-13 07:39:02,331 [main] INFO  ozone.OzoneSecurityUtil (OzoneSecurityUtil.java:getValidInetsForCurrentHost(113)) - Adding ip:10.1.1.10,host:10.1.1.10
2025-05-13 07:39:02,331 [main] INFO  ozone.OzoneSecurityUtil (OzoneSecurityUtil.java:getValidInetsForCurrentHost(116)) - ip:0:0:0:0:0:0:0:1%lo not returned.
2025-05-13 07:39:02,331 [main] INFO  ozone.OzoneSecurityUtil (OzoneSecurityUtil.java:getValidInetsForCurrentHost(116)) - ip:127.0.0.1 not returned.
2025-05-13 07:39:02,334 [main] ERROR utils.SelfSignedCertificate (SelfSignedCertificate.java:lambda$addInetAddresses$0(244)) - Invalid domain 10.1.1.10
2025-05-13 07:39:02,338 [main] INFO  utils.SelfSignedCertificate (SelfSignedCertificate.java:generateCertificate(156)) - Certificate 1 is issued by SERIALNUMBER=1, O=70685c58-0f33-4647-8a61-a9ab90963a2a, OU=853e867f-7800-411e-8ec3-df6d2ca2632d, CN=scm@pkrvmberfyhpb9w to SERIALNUMBER=1, O=70685c58-0f33-4647-8a61-a9ab90963a2a, OU=853e867f-7800-411e-8ec3-df6d2ca2632d, CN=scm@pkrvmberfyhpb9w, valid from Tue May 13 07:39:02 UTC 2025 to Fri Jun 21 07:39:02 UTC 2030
2025-05-13 07:39:02,339 [main] INFO  utils.CertificateCodec (CertificateCodec.java:writeCertificate(239)) - Save certificate to /tmp/junit-3045947392054738851/scm-meta/scm/ca/certs/certificate.crt
2025-05-13 07:39:02,339 [main] INFO  utils.CertificateCodec (CertificateCodec.java:writeCertificate(240)) - Certificate -----BEGIN CERTIFICATE-----
MIIDwTCCAqmgAwIBAgIBATANBgkqhkiG9w0BAQsFADCBiDEcMBoGA1UEAwwTc2Nt
QHBrcnZtYmVyZnlocGI5dzEtMCsGA1UECwwkODUzZTg2N2YtNzgwMC00MTFlLThl
YzMtZGY2ZDJjYTI2MzJkMS0wKwYDVQQKDCQ3MDY4NWM1OC0wZjMzLTQ2NDctOGE2
MS1hOWFiOTA5NjNhMmExCjAIBgNVBAUTATEwHhcNMjUwNTEzMDczOTAyWhcNMzAw
NjIxMDczOTAyWjCBiDEcMBoGA1UEAwwTc2NtQHBrcnZtYmVyZnlocGI5dzEtMCsG
A1UECwwkODUzZTg2N2YtNzgwMC00MTFlLThlYzMtZGY2ZDJjYTI2MzJkMS0wKwYD
VQQKDCQ3MDY4NWM1OC0wZjMzLTQ2NDctOGE2MS1hOWFiOTA5NjNhMmExCjAIBgNV
BAUTATEwggEiMA0GCSqGSIb3DQEBAQUAA4IBDwAwggEKAoIBAQCUFVB5Cz1SEuPG
sMwQWJZNk8Hws/X8ASCNKu06p+DNgplCgrXLb1OoAfG4RWrvqORNqnsASmjlzUUq
iO8olzToznwXHf1Jsq9hQ6VN7ywpY2Mbdv7a9FdapkffM9YaMHq/bNbYIF1Zlqvo
vNz3rRbSMs3yZs4JoyKCKWIDFUYDB8oCif6xzhYoAbYUrtT8isXg056WV1ujt+mh
etLanN4paUsD14lsCS3BjHtNvRSzEUkrpQvxEolkNqgT3ab8Sf6z6h16hqQALBYP
fpg3/KEfQ/xN1EBkXAopxFEK2WCx/BAR3sJ5hO4KFoWLcpc8s1vsQgkShP57CEkH
yp8CcZgLAgMBAAGjNDAyMA8GA1UdEwEB/wQFMAMBAf8wDgYDVR0PAQH/BAQDAgEG
MA8GA1UdEQQIMAaHBAoBAQowDQYJKoZIhvcNAQELBQADggEBAEkBYTJJJBxAlm12
8EeB59Mn514A+iYohFwXjLbKkmBRY2zs809Agfs4oq6jsewviTFQT1JjAxICbG8a
UiosMhQO/vaULq62Ss6IA/0aklgP35/vrQ9E5RnwPcwQjYFaJRLXpUa/t9z9uvTX
keug8/mw/E9ol0xQxmbTC9r/MG7UZhF3Es6CP3U+t9fmtP34ftGJpH6EndK1FnX/
SOp1kPqIkqD1WKFpHIWiXRSPKDq+Nnz9iC1N4S2Jpx8aObOlP15MRGrTCpqJYtia
1ETOzS1niEirkJN1BUp8kSa+Jg+zmn91RwFuG3Ye/tDRjRALge/as5Q+TBnqSCyJ
10jB5PE=
-----END CERTIFICATE-----

2025-05-13 07:39:02,339 [main] INFO  keys.KeyStorage (KeyStorage.java:readPublicKey(174)) - Reading public key from /tmp/junit-3045947392054738851/scm-meta/scm/ca/keys/public.pem.
2025-05-13 07:39:02,339 [main] INFO  keys.KeyStorage (KeyStorage.java:readPrivateKey(158)) - Reading private key from /tmp/junit-3045947392054738851/scm-meta/scm/ca/keys/private.pem.
2025-05-13 07:39:02,340 [main] INFO  client.SCMCertificateClient (SCMCertificateClient.java:configureCSRBuilder(141)) - Creating csr for SCM->hostName:pkrvmberfyhpb9w,scmId:853e867f-7800-411e-8ec3-df6d2ca2632d,clusterId:70685c58-0f33-4647-8a61-a9ab90963a2a,subject:scm-sub@pkrvmberfyhpb9w
2025-05-13 07:39:02,341 [main] INFO  ozone.OzoneSecurityUtil (OzoneSecurityUtil.java:getValidInetsForCurrentHost(116)) - ip:fe80:0:0:0:20d:3aff:fe61:cc63%eth0 not returned.
2025-05-13 07:39:02,342 [main] INFO  ozone.OzoneSecurityUtil (OzoneSecurityUtil.java:getValidInetsForCurrentHost(113)) - Adding ip:10.1.1.10,host:10.1.1.10
2025-05-13 07:39:02,343 [main] INFO  ozone.OzoneSecurityUtil (OzoneSecurityUtil.java:getValidInetsForCurrentHost(116)) - ip:0:0:0:0:0:0:0:1%lo not returned.
2025-05-13 07:39:02,343 [main] INFO  ozone.OzoneSecurityUtil (OzoneSecurityUtil.java:getValidInetsForCurrentHost(116)) - ip:127.0.0.1 not returned.
2025-05-13 07:39:02,344 [main] ERROR utils.CertificateSignRequest (CertificateSignRequest.java:lambda$addInetAddresses$0(316)) - Invalid domain 10.1.1.10
2025-05-13 07:39:02,347 [main] INFO  keys.KeyStorage (KeyStorage.java:readPrivateKey(158)) - Reading private key from /tmp/junit-3045947392054738851/scm-meta/scm/ca/keys/private.pem.
2025-05-13 07:39:02,348 [main] INFO  authority.DefaultApprover (DefaultApprover.java:sign(171)) - Extensions in CSR: 2.5.29.19, 2.5.29.15, 2.5.29.17
2025-05-13 07:39:02,348 [main] INFO  authority.DefaultApprover (DefaultApprover.java:sign(175)) - Extensions to add to the certificate if they present in CSR: 2.5.29.15, 2.5.29.17, 2.5.29.35, 2.5.29.37, 2.5.29.19, 1.3.6.1.5.5.7.1.12
2025-05-13 07:39:02,351 [main] INFO  utils.CertificateCodec (CertificateCodec.java:writeCertificate(239)) - Save certificate to /tmp/junit-3045947392054738851/scm-meta/scm/sub-ca/certs/CA-1.crt
2025-05-13 07:39:02,351 [main] INFO  utils.CertificateCodec (CertificateCodec.java:writeCertificate(240)) - Certificate -----BEGIN CERTIFICATE-----
MIIDwTCCAqmgAwIBAgIBATANBgkqhkiG9w0BAQsFADCBiDEcMBoGA1UEAwwTc2Nt
QHBrcnZtYmVyZnlocGI5dzEtMCsGA1UECwwkODUzZTg2N2YtNzgwMC00MTFlLThl
YzMtZGY2ZDJjYTI2MzJkMS0wKwYDVQQKDCQ3MDY4NWM1OC0wZjMzLTQ2NDctOGE2
MS1hOWFiOTA5NjNhMmExCjAIBgNVBAUTATEwHhcNMjUwNTEzMDczOTAyWhcNMzAw
NjIxMDczOTAyWjCBiDEcMBoGA1UEAwwTc2NtQHBrcnZtYmVyZnlocGI5dzEtMCsG
A1UECwwkODUzZTg2N2YtNzgwMC00MTFlLThlYzMtZGY2ZDJjYTI2MzJkMS0wKwYD
VQQKDCQ3MDY4NWM1OC0wZjMzLTQ2NDctOGE2MS1hOWFiOTA5NjNhMmExCjAIBgNV
BAUTATEwggEiMA0GCSqGSIb3DQEBAQUAA4IBDwAwggEKAoIBAQCUFVB5Cz1SEuPG
sMwQWJZNk8Hws/X8ASCNKu06p+DNgplCgrXLb1OoAfG4RWrvqORNqnsASmjlzUUq
iO8olzToznwXHf1Jsq9hQ6VN7ywpY2Mbdv7a9FdapkffM9YaMHq/bNbYIF1Zlqvo
vNz3rRbSMs3yZs4JoyKCKWIDFUYDB8oCif6xzhYoAbYUrtT8isXg056WV1ujt+mh
etLanN4paUsD14lsCS3BjHtNvRSzEUkrpQvxEolkNqgT3ab8Sf6z6h16hqQALBYP
fpg3/KEfQ/xN1EBkXAopxFEK2WCx/BAR3sJ5hO4KFoWLcpc8s1vsQgkShP57CEkH
yp8CcZgLAgMBAAGjNDAyMA8GA1UdEwEB/wQFMAMBAf8wDgYDVR0PAQH/BAQDAgEG
MA8GA1UdEQQIMAaHBAoBAQowDQYJKoZIhvcNAQELBQADggEBAEkBYTJJJBxAlm12
8EeB59Mn514A+iYohFwXjLbKkmBRY2zs809Agfs4oq6jsewviTFQT1JjAxICbG8a
UiosMhQO/vaULq62Ss6IA/0aklgP35/vrQ9E5RnwPcwQjYFaJRLXpUa/t9z9uvTX
keug8/mw/E9ol0xQxmbTC9r/MG7UZhF3Es6CP3U+t9fmtP34ftGJpH6EndK1FnX/
SOp1kPqIkqD1WKFpHIWiXRSPKDq+Nnz9iC1N4S2Jpx8aObOlP15MRGrTCpqJYtia
1ETOzS1niEirkJN1BUp8kSa+Jg+zmn91RwFuG3Ye/tDRjRALge/as5Q+TBnqSCyJ
10jB5PE=
-----END CERTIFICATE-----

2025-05-13 07:39:02,352 [main] INFO  utils.CertificateCodec (CertificateCodec.java:writeCertificate(239)) - Save certificate to /tmp/junit-3045947392054738851/scm-meta/scm/sub-ca/certs/2.crt
2025-05-13 07:39:02,352 [main] INFO  utils.CertificateCodec (CertificateCodec.java:writeCertificate(240)) - Certificate -----BEGIN CERTIFICATE-----
MIIDxTCCAq2gAwIBAgIBAjANBgkqhkiG9w0BAQsFADCBiDEcMBoGA1UEAwwTc2Nt
QHBrcnZtYmVyZnlocGI5dzEtMCsGA1UECwwkODUzZTg2N2YtNzgwMC00MTFlLThl
YzMtZGY2ZDJjYTI2MzJkMS0wKwYDVQQKDCQ3MDY4NWM1OC0wZjMzLTQ2NDctOGE2
MS1hOWFiOTA5NjNhMmExCjAIBgNVBAUTATEwHhcNMjUwNTEzMDczOTAyWhcNMzAw
NjIxMDczOTAyWjCBjDEgMB4GA1UEAwwXc2NtLXN1YkBwa3J2bWJlcmZ5aHBiOXcx
LTArBgNVBAsMJDg1M2U4NjdmLTc4MDAtNDExZS04ZWMzLWRmNmQyY2EyNjMyZDEt
MCsGA1UECgwkNzA2ODVjNTgtMGYzMy00NjQ3LThhNjEtYTlhYjkwOTYzYTJhMQow
CAYDVQQFEwEyMIIBIjANBgkqhkiG9w0BAQEFAAOCAQ8AMIIBCgKCAQEAg5vZIw4x
qePCErNDKY7mkDmlsXj6995LmVQbsWtiXm97VSwuQQWJIF0ZBk9CJqIMzaUvBmd6
9T7zdKsADE3cjs2hzTyFPvi6Q6I22aMfTvVoKTPJ2VMw8zx9N5HyxeBHdd3sxVS2
I20bvOlzchfl68Za9BjUhPpX0oyJ/jk9ndyb+rGxyxTWabkdLfhr/rNzgOyouN61
4M/2GIpneJPZYiq5duTJn3AAAvJeoj2j2mhs+UM6fYKjNrQDSyhRTePW/wgC0Ppw
A6/jrhiP3E9ed+fI4G4rHyGJOtgOFP1nk2TcSfl3YZ0HdUbyW6jTRm5M7xFSZhFn
XG2Dbo71IP21mQIDAQABozQwMjAOBgNVHQ8BAf8EBAMCAb4wDwYDVR0RBAgwBocE
CgEBCjAPBgNVHRMBAf8EBTADAQH/MA0GCSqGSIb3DQEBCwUAA4IBAQBl+iStHfKt
voHJM3Bve9lbOfPBUm2DEZkrxdrF/ctveeTihsEoJEyLWiyjWVGZEXGMrphxP2Ga
AsvqiK1uiAtaEVP7BiaxjokEs8994U5LjZ4ol+N/0IxMXQ731gQLVHADz0xGV8iD
0R4U00Rf/S01Z8FAc9MquBzx0EJdcdLROAR5731lCT7vvvZW006O8rUMRjt8S4j1
xPBhLY5EIf0QuZjVhiBqCZtF0lgEXgHe82kpxpOS/fWAGW/JMOegkDwFP6e3G4ts
7FN/8qwV7F3uz2s73s4b+qLx373UyLS8uYnD6jozsZeBRUx2An5hmyUln4/YHjbR
LdOdorbf6U3+
-----END CERTIFICATE-----

-----BEGIN CERTIFICATE-----
MIIDwTCCAqmgAwIBAgIBATANBgkqhkiG9w0BAQsFADCBiDEcMBoGA1UEAwwTc2Nt
QHBrcnZtYmVyZnlocGI5dzEtMCsGA1UECwwkODUzZTg2N2YtNzgwMC00MTFlLThl
YzMtZGY2ZDJjYTI2MzJkMS0wKwYDVQQKDCQ3MDY4NWM1OC0wZjMzLTQ2NDctOGE2
MS1hOWFiOTA5NjNhMmExCjAIBgNVBAUTATEwHhcNMjUwNTEzMDczOTAyWhcNMzAw
NjIxMDczOTAyWjCBiDEcMBoGA1UEAwwTc2NtQHBrcnZtYmVyZnlocGI5dzEtMCsG
A1UECwwkODUzZTg2N2YtNzgwMC00MTFlLThlYzMtZGY2ZDJjYTI2MzJkMS0wKwYD
VQQKDCQ3MDY4NWM1OC0wZjMzLTQ2NDctOGE2MS1hOWFiOTA5NjNhMmExCjAIBgNV
BAUTATEwggEiMA0GCSqGSIb3DQEBAQUAA4IBDwAwggEKAoIBAQCUFVB5Cz1SEuPG
sMwQWJZNk8Hws/X8ASCNKu06p+DNgplCgrXLb1OoAfG4RWrvqORNqnsASmjlzUUq
iO8olzToznwXHf1Jsq9hQ6VN7ywpY2Mbdv7a9FdapkffM9YaMHq/bNbYIF1Zlqvo
vNz3rRbSMs3yZs4JoyKCKWIDFUYDB8oCif6xzhYoAbYUrtT8isXg056WV1ujt+mh
etLanN4paUsD14lsCS3BjHtNvRSzEUkrpQvxEolkNqgT3ab8Sf6z6h16hqQALBYP
fpg3/KEfQ/xN1EBkXAopxFEK2WCx/BAR3sJ5hO4KFoWLcpc8s1vsQgkShP57CEkH
yp8CcZgLAgMBAAGjNDAyMA8GA1UdEwEB/wQFMAMBAf8wDgYDVR0PAQH/BAQDAgEG
MA8GA1UdEQQIMAaHBAoBAQowDQYJKoZIhvcNAQELBQADggEBAEkBYTJJJBxAlm12
8EeB59Mn514A+iYohFwXjLbKkmBRY2zs809Agfs4oq6jsewviTFQT1JjAxICbG8a
UiosMhQO/vaULq62Ss6IA/0aklgP35/vrQ9E5RnwPcwQjYFaJRLXpUa/t9z9uvTX
keug8/mw/E9ol0xQxmbTC9r/MG7UZhF3Es6CP3U+t9fmtP34ftGJpH6EndK1FnX/
SOp1kPqIkqD1WKFpHIWiXRSPKDq+Nnz9iC1N4S2Jpx8aObOlP15MRGrTCpqJYtia
1ETOzS1niEirkJN1BUp8kSa+Jg+zmn91RwFuG3Ye/tDRjRALge/as5Q+TBnqSCyJ
10jB5PE=
-----END CERTIFICATE-----

2025-05-13 07:39:02,353 [main] INFO  utils.CertificateCodec (CertificateCodec.java:writeCertificate(239)) - Save certificate to /tmp/junit-3045947392054738851/scm-meta/scm/sub-ca/certs/certificate.crt
2025-05-13 07:39:02,353 [main] INFO  utils.CertificateCodec (CertificateCodec.java:writeCertificate(240)) - Certificate -----BEGIN CERTIFICATE-----
MIIDxTCCAq2gAwIBAgIBAjANBgkqhkiG9w0BAQsFADCBiDEcMBoGA1UEAwwTc2Nt
QHBrcnZtYmVyZnlocGI5dzEtMCsGA1UECwwkODUzZTg2N2YtNzgwMC00MTFlLThl
YzMtZGY2ZDJjYTI2MzJkMS0wKwYDVQQKDCQ3MDY4NWM1OC0wZjMzLTQ2NDctOGE2
MS1hOWFiOTA5NjNhMmExCjAIBgNVBAUTATEwHhcNMjUwNTEzMDczOTAyWhcNMzAw
NjIxMDczOTAyWjCBjDEgMB4GA1UEAwwXc2NtLXN1YkBwa3J2bWJlcmZ5aHBiOXcx
LTArBgNVBAsMJDg1M2U4NjdmLTc4MDAtNDExZS04ZWMzLWRmNmQyY2EyNjMyZDEt
MCsGA1UECgwkNzA2ODVjNTgtMGYzMy00NjQ3LThhNjEtYTlhYjkwOTYzYTJhMQow
CAYDVQQFEwEyMIIBIjANBgkqhkiG9w0BAQEFAAOCAQ8AMIIBCgKCAQEAg5vZIw4x
qePCErNDKY7mkDmlsXj6995LmVQbsWtiXm97VSwuQQWJIF0ZBk9CJqIMzaUvBmd6
9T7zdKsADE3cjs2hzTyFPvi6Q6I22aMfTvVoKTPJ2VMw8zx9N5HyxeBHdd3sxVS2
I20bvOlzchfl68Za9BjUhPpX0oyJ/jk9ndyb+rGxyxTWabkdLfhr/rNzgOyouN61
4M/2GIpneJPZYiq5duTJn3AAAvJeoj2j2mhs+UM6fYKjNrQDSyhRTePW/wgC0Ppw
A6/jrhiP3E9ed+fI4G4rHyGJOtgOFP1nk2TcSfl3YZ0HdUbyW6jTRm5M7xFSZhFn
XG2Dbo71IP21mQIDAQABozQwMjAOBgNVHQ8BAf8EBAMCAb4wDwYDVR0RBAgwBocE
CgEBCjAPBgNVHRMBAf8EBTADAQH/MA0GCSqGSIb3DQEBCwUAA4IBAQBl+iStHfKt
voHJM3Bve9lbOfPBUm2DEZkrxdrF/ctveeTihsEoJEyLWiyjWVGZEXGMrphxP2Ga
AsvqiK1uiAtaEVP7BiaxjokEs8994U5LjZ4ol+N/0IxMXQ731gQLVHADz0xGV8iD
0R4U00Rf/S01Z8FAc9MquBzx0EJdcdLROAR5731lCT7vvvZW006O8rUMRjt8S4j1
xPBhLY5EIf0QuZjVhiBqCZtF0lgEXgHe82kpxpOS/fWAGW/JMOegkDwFP6e3G4ts
7FN/8qwV7F3uz2s73s4b+qLx373UyLS8uYnD6jozsZeBRUx2An5hmyUln4/YHjbR
LdOdorbf6U3+
-----END CERTIFICATE-----

-----BEGIN CERTIFICATE-----
MIIDwTCCAqmgAwIBAgIBATANBgkqhkiG9w0BAQsFADCBiDEcMBoGA1UEAwwTc2Nt
QHBrcnZtYmVyZnlocGI5dzEtMCsGA1UECwwkODUzZTg2N2YtNzgwMC00MTFlLThl
YzMtZGY2ZDJjYTI2MzJkMS0wKwYDVQQKDCQ3MDY4NWM1OC0wZjMzLTQ2NDctOGE2
MS1hOWFiOTA5NjNhMmExCjAIBgNVBAUTATEwHhcNMjUwNTEzMDczOTAyWhcNMzAw
NjIxMDczOTAyWjCBiDEcMBoGA1UEAwwTc2NtQHBrcnZtYmVyZnlocGI5dzEtMCsG
A1UECwwkODUzZTg2N2YtNzgwMC00MTFlLThlYzMtZGY2ZDJjYTI2MzJkMS0wKwYD
VQQKDCQ3MDY4NWM1OC0wZjMzLTQ2NDctOGE2MS1hOWFiOTA5NjNhMmExCjAIBgNV
BAUTATEwggEiMA0GCSqGSIb3DQEBAQUAA4IBDwAwggEKAoIBAQCUFVB5Cz1SEuPG
sMwQWJZNk8Hws/X8ASCNKu06p+DNgplCgrXLb1OoAfG4RWrvqORNqnsASmjlzUUq
iO8olzToznwXHf1Jsq9hQ6VN7ywpY2Mbdv7a9FdapkffM9YaMHq/bNbYIF1Zlqvo
vNz3rRbSMs3yZs4JoyKCKWIDFUYDB8oCif6xzhYoAbYUrtT8isXg056WV1ujt+mh
etLanN4paUsD14lsCS3BjHtNvRSzEUkrpQvxEolkNqgT3ab8Sf6z6h16hqQALBYP
fpg3/KEfQ/xN1EBkXAopxFEK2WCx/BAR3sJ5hO4KFoWLcpc8s1vsQgkShP57CEkH
yp8CcZgLAgMBAAGjNDAyMA8GA1UdEwEB/wQFMAMBAf8wDgYDVR0PAQH/BAQDAgEG
MA8GA1UdEQQIMAaHBAoBAQowDQYJKoZIhvcNAQELBQADggEBAEkBYTJJJBxAlm12
8EeB59Mn514A+iYohFwXjLbKkmBRY2zs809Agfs4oq6jsewviTFQT1JjAxICbG8a
UiosMhQO/vaULq62Ss6IA/0aklgP35/vrQ9E5RnwPcwQjYFaJRLXpUa/t9z9uvTX
keug8/mw/E9ol0xQxmbTC9r/MG7UZhF3Es6CP3U+t9fmtP34ftGJpH6EndK1FnX/
SOp1kPqIkqD1WKFpHIWiXRSPKDq+Nnz9iC1N4S2Jpx8aObOlP15MRGrTCpqJYtia
1ETOzS1niEirkJN1BUp8kSa+Jg+zmn91RwFuG3Ye/tDRjRALge/as5Q+TBnqSCyJ
10jB5PE=
-----END CERTIFICATE-----

2025-05-13 07:39:02,353 [main] INFO  client.SCMCertificateClient (SCMCertificateClient.java:recoverStateIfNeeded(289)) - Successfully stored SCM signed certificate.
2025-05-13 07:39:02,355 [main] INFO  ha.SCMHANodeDetails (SCMHANodeDetails.java:loadSCMHAConfig(162)) - ServiceID for StorageContainerManager is null
2025-05-13 07:39:02,355 [main] INFO  ha.SCMHANodeDetails (SCMHANodeDetails.java:loadSCMHAConfig(166)) - ozone.scm.default.service.id is not defined, falling back to ozone.scm.service.ids to find serviceID for StorageContainerManager if it is HA enabled cluster
2025-05-13 07:39:02,356 [main] INFO  server.RaftServerConfigKeys (ConfUtils.java:logGet(46)) - raft.server.log.appender.buffer.byte-limit = 4194304 (custom)
2025-05-13 07:39:02,358 [main] INFO  server.RaftServer (ConfUtils.java:logGet(46)) - raft.rpc.type = GRPC (default)
2025-05-13 07:39:02,358 [main] INFO  grpc.GrpcConfigKeys (ConfUtils.java:logFallback(53)) - raft.grpc.admin.host = null (fallback to raft.grpc.server.host)
2025-05-13 07:39:02,358 [main] INFO  grpc.GrpcConfigKeys (ConfUtils.java:logFallback(53)) - raft.grpc.admin.port = 15032 (fallback to raft.grpc.server.port)
2025-05-13 07:39:02,358 [main] INFO  grpc.GrpcConfigKeys (ConfUtils.java:logFallback(53)) - raft.grpc.client.host = null (fallback to raft.grpc.server.host)
2025-05-13 07:39:02,358 [main] INFO  grpc.GrpcConfigKeys (ConfUtils.java:logFallback(53)) - raft.grpc.client.port = 15032 (fallback to raft.grpc.server.port)
2025-05-13 07:39:02,358 [main] INFO  grpc.GrpcConfigKeys (ConfUtils.java:logGet(46)) - raft.grpc.server.host = null (default)
2025-05-13 07:39:02,358 [main] INFO  grpc.GrpcConfigKeys (ConfUtils.java:logGet(46)) - raft.grpc.server.port = 15032 (custom)
2025-05-13 07:39:02,359 [main] INFO  server.GrpcService (ConfUtils.java:logGet(46)) - raft.grpc.message.size.max = 5242880 (custom)
2025-05-13 07:39:02,359 [main] INFO  server.GrpcService (ConfUtils.java:logGet(46)) - raft.grpc.flow.control.window = 1MB (=1048576) (default)
2025-05-13 07:39:02,359 [main] INFO  server.RaftServerConfigKeys (ConfUtils.java:logGet(46)) - raft.server.rpc.request.timeout = 30000ms (custom)
2025-05-13 07:39:02,359 [main] INFO  grpc.GrpcConfigKeys (ConfUtils.java:logGet(46)) - raft.grpc.server.heartbeat.channel = true (default)
2025-05-13 07:39:02,359 [main] INFO  server.RaftServerConfigKeys (ConfUtils.java:logGet(46)) - raft.server.log.appender.buffer.byte-limit = 4194304 (custom)
2025-05-13 07:39:02,359 [main] INFO  grpc.GrpcConfigKeys (ConfUtils.java:logGet(46)) - raft.grpc.server.async.request.thread.pool.cached = true (default)
2025-05-13 07:39:02,359 [main] INFO  grpc.GrpcConfigKeys (ConfUtils.java:logGet(46)) - raft.grpc.server.async.request.thread.pool.size = 32 (default)
2025-05-13 07:39:02,360 [main] INFO  impl.DataStreamServerImpl (ConfUtils.java:logGet(46)) - raft.datastream.type = DISABLED (default)
2025-05-13 07:39:02,360 [main] INFO  server.RaftServerConfigKeys (ConfUtils.java:logGet(46)) - raft.server.sleep.deviation.threshold = 300ms (default)
2025-05-13 07:39:02,360 [main] INFO  server.RaftServerConfigKeys (ConfUtils.java:logGet(46)) - raft.server.close.threshold = 60s (default)
2025-05-13 07:39:02,361 [main] INFO  server.RaftServerConfigKeys (ConfUtils.java:logGet(46)) - raft.server.leaderelection.leader.step-down.wait-time = 10s (default)
2025-05-13 07:39:02,361 [main] INFO  server.RaftServerConfigKeys (ConfUtils.java:logGet(46)) - raft.server.storage.dir = [/tmp/junit-3045947392054738851/scm-meta/scm-ha] (custom)
2025-05-13 07:39:02,361 [main] INFO  server.RaftServerConfigKeys (ConfUtils.java:logGet(46)) - raft.server.threadpool.proxy.cached = true (default)
2025-05-13 07:39:02,361 [main] INFO  server.RaftServerConfigKeys (ConfUtils.java:logGet(46)) - raft.server.threadpool.proxy.size = 0 (default)
2025-05-13 07:39:02,362 [main] INFO  server.RaftServer (RaftServerProxy.java:addNew(100)) - 853e867f-7800-411e-8ec3-df6d2ca2632d: addNew group-A9AB90963A2A:[853e867f-7800-411e-8ec3-df6d2ca2632d|pkrvmberfyhpb9w:15032] returns group-A9AB90963A2A:java.util.concurrent.CompletableFuture@38823d86[Not completed]
2025-05-13 07:39:02,362 [853e867f-7800-411e-8ec3-df6d2ca2632d-groupManagement] INFO  server.RaftServer$Division (RaftServerImpl.java:<init>(255)) - 853e867f-7800-411e-8ec3-df6d2ca2632d: new RaftServerImpl for group-A9AB90963A2A:[853e867f-7800-411e-8ec3-df6d2ca2632d|pkrvmberfyhpb9w:15032] with SCMStateMachine:uninitialized
2025-05-13 07:39:02,362 [853e867f-7800-411e-8ec3-df6d2ca2632d-groupManagement] INFO  server.RaftServerConfigKeys (ConfUtils.java:logGet(46)) - raft.server.rpc.timeout.min = 5000ms (custom)
2025-05-13 07:39:02,362 [853e867f-7800-411e-8ec3-df6d2ca2632d-groupManagement] INFO  server.RaftServerConfigKeys (ConfUtils.java:logGet(46)) - raft.server.rpc.timeout.max = 5200ms (custom)
2025-05-13 07:39:02,362 [853e867f-7800-411e-8ec3-df6d2ca2632d-groupManagement] INFO  server.RaftServerConfigKeys (ConfUtils.java:logGet(46)) - raft.server.rpc.sleep.time = 25ms (default)
2025-05-13 07:39:02,362 [853e867f-7800-411e-8ec3-df6d2ca2632d-groupManagement] INFO  server.RaftServerConfigKeys (ConfUtils.java:logGet(46)) - raft.server.rpc.slowness.timeout = 120000ms (custom)
2025-05-13 07:39:02,362 [853e867f-7800-411e-8ec3-df6d2ca2632d-groupManagement] INFO  server.RaftServerConfigKeys (ConfUtils.java:logGet(46)) - raft.server.leaderelection.leader.step-down.wait-time = 10s (default)
2025-05-13 07:39:02,362 [853e867f-7800-411e-8ec3-df6d2ca2632d-groupManagement] INFO  server.RaftServerConfigKeys (ConfUtils.java:logGet(46)) - raft.server.leaderelection.member.majority-add = false (default)
2025-05-13 07:39:02,362 [853e867f-7800-411e-8ec3-df6d2ca2632d-groupManagement] INFO  server.RaftServerConfigKeys (ConfUtils.java:logGet(46)) - raft.server.sleep.deviation.threshold = 300ms (default)
2025-05-13 07:39:02,362 [853e867f-7800-411e-8ec3-df6d2ca2632d-groupManagement] INFO  server.RaftServer$Division (ServerState.java:<init>(114)) - 853e867f-7800-411e-8ec3-df6d2ca2632d@group-A9AB90963A2A: ConfigurationManager, init=conf: {index: -1, cur=peers:[853e867f-7800-411e-8ec3-df6d2ca2632d|pkrvmberfyhpb9w:15032]|listeners:[], old=null}, confs=<EMPTY_MAP>
2025-05-13 07:39:02,362 [853e867f-7800-411e-8ec3-df6d2ca2632d-groupManagement] INFO  server.RaftServerConfigKeys (ConfUtils.java:logGet(46)) - raft.server.notification.no-leader.timeout = 60s (default)
2025-05-13 07:39:02,362 [853e867f-7800-411e-8ec3-df6d2ca2632d-groupManagement] INFO  server.RaftServerConfigKeys (ConfUtils.java:logGet(46)) - raft.server.read.timeout = 10s (default)
2025-05-13 07:39:02,362 [853e867f-7800-411e-8ec3-df6d2ca2632d-groupManagement] INFO  server.RaftServerConfigKeys (ConfUtils.java:logGet(46)) - raft.server.retrycache.expirytime = 60000ms (default)
2025-05-13 07:39:02,362 [853e867f-7800-411e-8ec3-df6d2ca2632d-groupManagement] INFO  server.RaftServerConfigKeys (ConfUtils.java:logGet(46)) - raft.server.retrycache.statistics.expirytime = 100ms (default)
2025-05-13 07:39:02,363 [853e867f-7800-411e-8ec3-df6d2ca2632d-groupManagement] INFO  server.RaftServerConfigKeys (ConfUtils.java:logGet(46)) - raft.server.read.option = DEFAULT (default)
2025-05-13 07:39:02,363 [853e867f-7800-411e-8ec3-df6d2ca2632d-groupManagement] INFO  server.RaftServerConfigKeys (ConfUtils.java:logGet(46)) - raft.server.read.read-after-write-consistent.write-index-cache.expiry-time = 60s (default)
2025-05-13 07:39:02,366 [853e867f-7800-411e-8ec3-df6d2ca2632d-groupManagement] INFO  server.RaftServerConfigKeys (ConfUtils.java:logGet(46)) - raft.server.rpc.request.timeout = 30000ms (custom)
2025-05-13 07:39:02,366 [853e867f-7800-411e-8ec3-df6d2ca2632d-groupManagement] INFO  server.RaftServerConfigKeys (ConfUtils.java:logGet(46)) - raft.server.log.appender.install.snapshot.enabled = false (custom)
2025-05-13 07:39:02,366 [853e867f-7800-411e-8ec3-df6d2ca2632d-groupManagement] INFO  server.RaftServerConfigKeys (ConfUtils.java:logGet(46)) - raft.server.threadpool.server.cached = true (default)
2025-05-13 07:39:02,366 [853e867f-7800-411e-8ec3-df6d2ca2632d-groupManagement] INFO  server.RaftServerConfigKeys (ConfUtils.java:logGet(46)) - raft.server.threadpool.server.size = 0 (default)
2025-05-13 07:39:02,366 [853e867f-7800-411e-8ec3-df6d2ca2632d-groupManagement] INFO  server.RaftServerConfigKeys (ConfUtils.java:logGet(46)) - raft.server.threadpool.client.cached = true (default)
2025-05-13 07:39:02,366 [853e867f-7800-411e-8ec3-df6d2ca2632d-groupManagement] INFO  server.RaftServerConfigKeys (ConfUtils.java:logGet(46)) - raft.server.threadpool.client.size = 0 (default)
2025-05-13 07:39:02,366 [853e867f-7800-411e-8ec3-df6d2ca2632d-impl-thread1] INFO  server.RaftServerConfigKeys (ConfUtils.java:logGet(46)) - raft.server.storage.free-space.min = 0MB (=0) (default)
2025-05-13 07:39:02,366 [853e867f-7800-411e-8ec3-df6d2ca2632d-impl-thread1] INFO  server.RaftServerConfigKeys (ConfUtils.java:logGet(46)) - raft.server.log.corruption.policy = EXCEPTION (default)
2025-05-13 07:39:02,366 [853e867f-7800-411e-8ec3-df6d2ca2632d-impl-thread1] INFO  server.RaftServerConfigKeys (ConfUtils.java:logGet(46)) - raft.server.storage.dir = [/tmp/junit-3045947392054738851/scm-meta/scm-ha] (custom)
2025-05-13 07:39:02,367 [853e867f-7800-411e-8ec3-df6d2ca2632d-impl-thread1] INFO  storage.RaftStorageDirectory (RaftStorageDirectoryImpl.java:analyzeStorage(138)) - The storage directory /tmp/junit-3045947392054738851/scm-meta/scm-ha/70685c58-0f33-4647-8a61-a9ab90963a2a does not exist. Creating ...
2025-05-13 07:39:02,368 [853e867f-7800-411e-8ec3-df6d2ca2632d-impl-thread1] INFO  storage.RaftStorageDirectory (RaftStorageDirectoryImpl.java:tryLock(229)) - Lock on /tmp/junit-3045947392054738851/scm-meta/scm-ha/70685c58-0f33-4647-8a61-a9ab90963a2a/in_use.lock acquired by nodename 11778@pkrvmberfyhpb9w
2025-05-13 07:39:02,369 [853e867f-7800-411e-8ec3-df6d2ca2632d-impl-thread1] INFO  storage.RaftStorage (RaftStorageImpl.java:format(98)) - Storage directory /tmp/junit-3045947392054738851/scm-meta/scm-ha/70685c58-0f33-4647-8a61-a9ab90963a2a has been successfully formatted.
2025-05-13 07:39:02,369 [853e867f-7800-411e-8ec3-df6d2ca2632d-impl-thread1] INFO  ha.SCMStateMachine (SCMStateMachine.java:lambda$initialize$0(135)) - 853e867f-7800-411e-8ec3-df6d2ca2632d: initialize group-A9AB90963A2A
2025-05-13 07:39:02,369 [853e867f-7800-411e-8ec3-df6d2ca2632d-impl-thread1] INFO  server.RaftServerConfigKeys (ConfUtils.java:logGet(46)) - raft.server.log.use.memory = false (default)
2025-05-13 07:39:02,369 [853e867f-7800-411e-8ec3-df6d2ca2632d-impl-thread1] INFO  server.RaftServerConfigKeys (ConfUtils.java:logGet(46)) - raft.server.log.purge.gap = 1000000 (custom)
2025-05-13 07:39:02,369 [853e867f-7800-411e-8ec3-df6d2ca2632d-impl-thread1] INFO  server.RaftServerConfigKeys (ConfUtils.java:logGet(46)) - raft.server.log.appender.buffer.byte-limit = 4194304 (custom)
2025-05-13 07:39:02,369 [853e867f-7800-411e-8ec3-df6d2ca2632d-impl-thread1] INFO  server.RaftServerConfigKeys (ConfUtils.java:logGet(46)) - raft.server.log.statemachine.data.read.timeout = 1000ms (default)
2025-05-13 07:39:02,369 [853e867f-7800-411e-8ec3-df6d2ca2632d-impl-thread1] INFO  server.RaftServerConfigKeys (ConfUtils.java:logGet(46)) - raft.server.log.purge.preservation.log.num = 0 (default)
2025-05-13 07:39:02,371 [853e867f-7800-411e-8ec3-df6d2ca2632d-impl-thread1] INFO  server.RaftServerConfigKeys (ConfUtils.java:logGet(46)) - raft.server.log.segment.size.max = 4194304 (custom)
2025-05-13 07:39:02,371 [853e867f-7800-411e-8ec3-df6d2ca2632d-impl-thread1] INFO  server.RaftServerConfigKeys (ConfUtils.java:logGet(46)) - raft.server.log.segment.cache.num.max = 2 (custom)
2025-05-13 07:39:02,371 [853e867f-7800-411e-8ec3-df6d2ca2632d-impl-thread1] INFO  server.RaftServerConfigKeys (ConfUtils.java:logGet(46)) - raft.server.log.segment.cache.size.max = 200MB (=209715200) (default)
2025-05-13 07:39:02,371 [853e867f-7800-411e-8ec3-df6d2ca2632d-impl-thread1] INFO  server.RaftServerConfigKeys (ConfUtils.java:logGet(46)) - raft.server.log.appender.buffer.byte-limit = 4194304 (custom)
2025-05-13 07:39:02,371 [853e867f-7800-411e-8ec3-df6d2ca2632d-impl-thread1] INFO  util.AwaitToRun (AwaitToRun.java:start(81)) - Thread[#1310,853e867f-7800-411e-8ec3-df6d2ca2632d@group-A9AB90963A2A-cacheEviction-AwaitToRun,5,main] started
2025-05-13 07:39:02,371 [853e867f-7800-411e-8ec3-df6d2ca2632d-impl-thread1] INFO  segmented.SegmentedRaftLogWorker (SegmentedRaftLogWorker.java:<init>(188)) - new 853e867f-7800-411e-8ec3-df6d2ca2632d@group-A9AB90963A2A-SegmentedRaftLogWorker for RaftStorageImpl:Storage Directory /tmp/junit-3045947392054738851/scm-meta/scm-ha/70685c58-0f33-4647-8a61-a9ab90963a2a
2025-05-13 07:39:02,371 [853e867f-7800-411e-8ec3-df6d2ca2632d-impl-thread1] INFO  server.RaftServerConfigKeys (ConfUtils.java:logGet(46)) - raft.server.log.queue.byte-limit = 64MB (=67108864) (default)
2025-05-13 07:39:02,371 [853e867f-7800-411e-8ec3-df6d2ca2632d-impl-thread1] INFO  server.RaftServerConfigKeys (ConfUtils.java:logGet(46)) - raft.server.log.queue.element-limit = 4096 (default)
2025-05-13 07:39:02,371 [853e867f-7800-411e-8ec3-df6d2ca2632d-impl-thread1] INFO  server.RaftServerConfigKeys (ConfUtils.java:logGet(46)) - raft.server.log.segment.size.max = 4194304 (custom)
2025-05-13 07:39:02,371 [853e867f-7800-411e-8ec3-df6d2ca2632d-impl-thread1] INFO  server.RaftServerConfigKeys (ConfUtils.java:logGet(46)) - raft.server.log.preallocated.size = 4194304 (custom)
2025-05-13 07:39:02,372 [853e867f-7800-411e-8ec3-df6d2ca2632d-impl-thread1] INFO  server.RaftServerConfigKeys (ConfUtils.java:logGet(46)) - raft.server.log.force.sync.num = 128 (default)
2025-05-13 07:39:02,372 [853e867f-7800-411e-8ec3-df6d2ca2632d-impl-thread1] INFO  server.RaftServerConfigKeys (ConfUtils.java:logGet(46)) - raft.server.log.statemachine.data.sync = true (default)
2025-05-13 07:39:02,372 [853e867f-7800-411e-8ec3-df6d2ca2632d-impl-thread1] INFO  server.RaftServerConfigKeys (ConfUtils.java:logGet(46)) - raft.server.log.statemachine.data.sync.timeout = 10s (default)
2025-05-13 07:39:02,372 [853e867f-7800-411e-8ec3-df6d2ca2632d-impl-thread1] INFO  server.RaftServerConfigKeys (ConfUtils.java:logGet(46)) - raft.server.log.statemachine.data.sync.timeout.retry = -1 (default)
2025-05-13 07:39:02,372 [853e867f-7800-411e-8ec3-df6d2ca2632d-impl-thread1] INFO  server.RaftServerConfigKeys (ConfUtils.java:logGet(46)) - raft.server.log.write.buffer.size = 4194312 (custom)
2025-05-13 07:39:02,372 [853e867f-7800-411e-8ec3-df6d2ca2632d-impl-thread1] INFO  server.RaftServerConfigKeys (ConfUtils.java:logGet(46)) - raft.server.log.appender.buffer.byte-limit = 4194304 (custom)
2025-05-13 07:39:02,372 [853e867f-7800-411e-8ec3-df6d2ca2632d-impl-thread1] INFO  server.RaftServerConfigKeys (ConfUtils.java:logGet(46)) - raft.server.log.unsafe-flush.enabled = false (default)
2025-05-13 07:39:02,372 [853e867f-7800-411e-8ec3-df6d2ca2632d-impl-thread1] INFO  server.RaftServerConfigKeys (ConfUtils.java:logGet(46)) - raft.server.log.async-flush.enabled = false (default)
2025-05-13 07:39:02,372 [853e867f-7800-411e-8ec3-df6d2ca2632d-impl-thread1] INFO  server.RaftServerConfigKeys (ConfUtils.java:logGet(46)) - raft.server.log.statemachine.data.caching.enabled = false (default)
2025-05-13 07:39:02,373 [853e867f-7800-411e-8ec3-df6d2ca2632d-impl-thread1] INFO  segmented.SegmentedRaftLogWorker (SegmentedRaftLogWorker.java:lambda$new$0(139)) - 853e867f-7800-411e-8ec3-df6d2ca2632d@group-A9AB90963A2A-SegmentedRaftLogWorker: flushIndex: setUnconditionally 0 -> -1
2025-05-13 07:39:02,373 [853e867f-7800-411e-8ec3-df6d2ca2632d-impl-thread1] INFO  segmented.SegmentedRaftLogWorker (SegmentedRaftLogWorker.java:lambda$new$0(139)) - 853e867f-7800-411e-8ec3-df6d2ca2632d@group-A9AB90963A2A-SegmentedRaftLogWorker: safeCacheEvictIndex: setUnconditionally 0 -> -1
2025-05-13 07:39:02,373 [853e867f-7800-411e-8ec3-df6d2ca2632d-impl-thread1] INFO  server.RaftServer$Division (RaftServerImpl.java:start(391)) - 853e867f-7800-411e-8ec3-df6d2ca2632d@group-A9AB90963A2A: start as a follower, conf=conf: {index: -1, cur=peers:[853e867f-7800-411e-8ec3-df6d2ca2632d|pkrvmberfyhpb9w:15032]|listeners:[], old=null}
2025-05-13 07:39:02,373 [853e867f-7800-411e-8ec3-df6d2ca2632d-impl-thread1] INFO  server.RaftServer$Division (RaftServerImpl.java:setRole(378)) - 853e867f-7800-411e-8ec3-df6d2ca2632d@group-A9AB90963A2A: changes role from      null to FOLLOWER at term 0 for startAsFollower
2025-05-13 07:39:02,373 [853e867f-7800-411e-8ec3-df6d2ca2632d-impl-thread1] INFO  impl.RoleInfo (RoleInfo.java:updateAndGet(148)) - 853e867f-7800-411e-8ec3-df6d2ca2632d: start 853e867f-7800-411e-8ec3-df6d2ca2632d@group-A9AB90963A2A-FollowerState
2025-05-13 07:39:02,373 [853e867f-7800-411e-8ec3-df6d2ca2632d@group-A9AB90963A2A-FollowerState] INFO  server.RaftServerConfigKeys (ConfUtils.java:logFallback(53)) - raft.server.rpc.first-election.timeout.min = 5000ms (fallback to raft.server.rpc.timeout.min)
2025-05-13 07:39:02,373 [853e867f-7800-411e-8ec3-df6d2ca2632d@group-A9AB90963A2A-FollowerState] INFO  server.RaftServerConfigKeys (ConfUtils.java:logFallback(53)) - raft.server.rpc.first-election.timeout.max = 5200ms (fallback to raft.server.rpc.timeout.max)
2025-05-13 07:39:02,374 [853e867f-7800-411e-8ec3-df6d2ca2632d-impl-thread1] INFO  util.JmxRegister (JmxRegister.java:tryRegister(44)) - Successfully registered JMX Bean with object name Ratis:service=RaftServer,group=group-A9AB90963A2A,id=853e867f-7800-411e-8ec3-df6d2ca2632d
2025-05-13 07:39:02,374 [853e867f-7800-411e-8ec3-df6d2ca2632d-impl-thread1] INFO  util.JmxRegister (JmxRegister.java:register(58)) - register mxBean class org.apache.ratis.server.impl.RaftServerJmxAdapter as Ratis:service=RaftServer,group=group-A9AB90963A2A,id=853e867f-7800-411e-8ec3-df6d2ca2632d
2025-05-13 07:39:02,374 [853e867f-7800-411e-8ec3-df6d2ca2632d-impl-thread1] INFO  server.RaftServerConfigKeys (ConfUtils.java:logGet(46)) - raft.server.snapshot.trigger-when-stop.enabled = true (default)
2025-05-13 07:39:02,374 [853e867f-7800-411e-8ec3-df6d2ca2632d-impl-thread1] INFO  server.RaftServerConfigKeys (ConfUtils.java:logGet(46)) - raft.server.snapshot.trigger-when-remove.enabled = true (default)
2025-05-13 07:39:02,374 [853e867f-7800-411e-8ec3-df6d2ca2632d-impl-thread1] INFO  server.RaftServerConfigKeys (ConfUtils.java:logGet(46)) - raft.server.snapshot.auto.trigger.enabled = true (custom)
2025-05-13 07:39:02,374 [853e867f-7800-411e-8ec3-df6d2ca2632d-impl-thread1] INFO  server.RaftServerConfigKeys (ConfUtils.java:logGet(46)) - raft.server.snapshot.auto.trigger.threshold = 1000 (custom)
2025-05-13 07:39:02,374 [853e867f-7800-411e-8ec3-df6d2ca2632d-impl-thread1] INFO  server.RaftServerConfigKeys (ConfUtils.java:logGet(46)) - raft.server.snapshot.retention.file.num = -1 (default)
2025-05-13 07:39:02,374 [853e867f-7800-411e-8ec3-df6d2ca2632d-impl-thread1] INFO  server.RaftServerConfigKeys (ConfUtils.java:logGet(46)) - raft.server.log.purge.upto.snapshot.index = false (default)
2025-05-13 07:39:02,374 [853e867f-7800-411e-8ec3-df6d2ca2632d-impl-thread1] INFO  server.RaftServer$Division (RaftServerImpl.java:start(405)) - 853e867f-7800-411e-8ec3-df6d2ca2632d@group-A9AB90963A2A: Successfully started.
2025-05-13 07:39:02,375 [main] INFO  server.RaftServer (RaftServerProxy.java:startImpl(407)) - 853e867f-7800-411e-8ec3-df6d2ca2632d: start RPC server
2025-05-13 07:39:02,375 [main] INFO  server.GrpcService (GrpcService.java:startImpl(334)) - 853e867f-7800-411e-8ec3-df6d2ca2632d: GrpcService started, listening on 15032
2025-05-13 07:39:02,376 [JvmPauseMonitor8] INFO  util.JvmPauseMonitor (JvmPauseMonitor.java:run(146)) - JvmPauseMonitor-853e867f-7800-411e-8ec3-df6d2ca2632d: Started
2025-05-13 07:39:07,439 [853e867f-7800-411e-8ec3-df6d2ca2632d@group-A9AB90963A2A-FollowerState] INFO  impl.FollowerState (FollowerState.java:runImpl(161)) - 853e867f-7800-411e-8ec3-df6d2ca2632d@group-A9AB90963A2A-FollowerState: change to CANDIDATE, lastRpcElapsedTime:5065589265ns, electionTimeout:5065ms
2025-05-13 07:39:07,439 [853e867f-7800-411e-8ec3-df6d2ca2632d@group-A9AB90963A2A-FollowerState] INFO  impl.RoleInfo (RoleInfo.java:shutdownFollowerState(121)) - 853e867f-7800-411e-8ec3-df6d2ca2632d: shutdown 853e867f-7800-411e-8ec3-df6d2ca2632d@group-A9AB90963A2A-FollowerState
2025-05-13 07:39:07,439 [853e867f-7800-411e-8ec3-df6d2ca2632d@group-A9AB90963A2A-FollowerState] INFO  server.RaftServer$Division (RaftServerImpl.java:setRole(378)) - 853e867f-7800-411e-8ec3-df6d2ca2632d@group-A9AB90963A2A: changes role from  FOLLOWER to CANDIDATE at term 0 for changeToCandidate
2025-05-13 07:39:07,439 [853e867f-7800-411e-8ec3-df6d2ca2632d@group-A9AB90963A2A-FollowerState] INFO  server.RaftServerConfigKeys (ConfUtils.java:logGet(46)) - raft.server.leaderelection.pre-vote = true (default)
2025-05-13 07:39:07,439 [853e867f-7800-411e-8ec3-df6d2ca2632d@group-A9AB90963A2A-FollowerState] INFO  impl.RoleInfo (RoleInfo.java:updateAndGet(148)) - 853e867f-7800-411e-8ec3-df6d2ca2632d: start 853e867f-7800-411e-8ec3-df6d2ca2632d@group-A9AB90963A2A-LeaderElection5
2025-05-13 07:39:07,439 [853e867f-7800-411e-8ec3-df6d2ca2632d@group-A9AB90963A2A-LeaderElection5] INFO  impl.LeaderElection (LeaderElection.java:askForVotes(332)) - 853e867f-7800-411e-8ec3-df6d2ca2632d@group-A9AB90963A2A-LeaderElection5 PRE_VOTE round 0: submit vote requests at term 0 for conf: {index: -1, cur=peers:[853e867f-7800-411e-8ec3-df6d2ca2632d|pkrvmberfyhpb9w:15032]|listeners:[], old=null}
2025-05-13 07:39:07,440 [853e867f-7800-411e-8ec3-df6d2ca2632d@group-A9AB90963A2A-LeaderElection5] INFO  impl.LeaderElection (LeaderElection.java:askForVotes(334)) - 853e867f-7800-411e-8ec3-df6d2ca2632d@group-A9AB90963A2A-LeaderElection5 PRE_VOTE round 0: result PASSED (term=0)
2025-05-13 07:39:07,441 [853e867f-7800-411e-8ec3-df6d2ca2632d@group-A9AB90963A2A-LeaderElection5] INFO  impl.LeaderElection (LeaderElection.java:askForVotes(332)) - 853e867f-7800-411e-8ec3-df6d2ca2632d@group-A9AB90963A2A-LeaderElection5 ELECTION round 0: submit vote requests at term 1 for conf: {index: -1, cur=peers:[853e867f-7800-411e-8ec3-df6d2ca2632d|pkrvmberfyhpb9w:15032]|listeners:[], old=null}
2025-05-13 07:39:07,441 [853e867f-7800-411e-8ec3-df6d2ca2632d@group-A9AB90963A2A-LeaderElection5] INFO  impl.LeaderElection (LeaderElection.java:askForVotes(334)) - 853e867f-7800-411e-8ec3-df6d2ca2632d@group-A9AB90963A2A-LeaderElection5 ELECTION round 0: result PASSED (term=1)
2025-05-13 07:39:07,441 [853e867f-7800-411e-8ec3-df6d2ca2632d@group-A9AB90963A2A-LeaderElection5] INFO  impl.RoleInfo (RoleInfo.java:shutdownLeaderElection(141)) - 853e867f-7800-411e-8ec3-df6d2ca2632d: shutdown 853e867f-7800-411e-8ec3-df6d2ca2632d@group-A9AB90963A2A-LeaderElection5
2025-05-13 07:39:07,441 [853e867f-7800-411e-8ec3-df6d2ca2632d@group-A9AB90963A2A-LeaderElection5] INFO  server.RaftServer$Division (RaftServerImpl.java:setRole(378)) - 853e867f-7800-411e-8ec3-df6d2ca2632d@group-A9AB90963A2A: changes role from CANDIDATE to LEADER at term 1 for changeToLeader
2025-05-13 07:39:07,441 [853e867f-7800-411e-8ec3-df6d2ca2632d@group-A9AB90963A2A-LeaderElection5] INFO  server.RaftServerConfigKeys (ConfUtils.java:logGet(46)) - raft.server.staging.catchup.gap = 1000 (default)
2025-05-13 07:39:07,441 [853e867f-7800-411e-8ec3-df6d2ca2632d@group-A9AB90963A2A-LeaderElection5] INFO  server.RaftServerConfigKeys (ConfUtils.java:logGet(46)) - raft.server.write.element-limit = 4096 (default)
2025-05-13 07:39:07,442 [853e867f-7800-411e-8ec3-df6d2ca2632d@group-A9AB90963A2A-LeaderElection5] INFO  server.RaftServerConfigKeys (ConfUtils.java:logGet(46)) - raft.server.write.byte-limit = 64MB (=67108864) (default)
2025-05-13 07:39:07,442 [853e867f-7800-411e-8ec3-df6d2ca2632d@group-A9AB90963A2A-LeaderElection5] INFO  server.RaftServerConfigKeys (ConfUtils.java:logGet(46)) - raft.server.watch.timeout = 10s (default)
2025-05-13 07:39:07,442 [853e867f-7800-411e-8ec3-df6d2ca2632d@group-A9AB90963A2A-LeaderElection5] INFO  server.RaftServerConfigKeys (ConfUtils.java:logGet(46)) - raft.server.watch.timeout.denomination = 1s (default)
2025-05-13 07:39:07,442 [853e867f-7800-411e-8ec3-df6d2ca2632d@group-A9AB90963A2A-LeaderElection5] INFO  server.RaftServerConfigKeys (ConfUtils.java:logGet(46)) - raft.server.watch.element-limit = 65536 (default)
2025-05-13 07:39:07,442 [853e867f-7800-411e-8ec3-df6d2ca2632d@group-A9AB90963A2A-LeaderElection5] INFO  server.RaftServerConfigKeys (ConfUtils.java:logGet(46)) - raft.server.read.leader.lease.enabled = false (default)
2025-05-13 07:39:07,442 [853e867f-7800-411e-8ec3-df6d2ca2632d@group-A9AB90963A2A-LeaderElection5] INFO  server.RaftServerConfigKeys (ConfUtils.java:logGet(46)) - raft.server.read.leader.lease.timeout.ratio = 0.9 (default)
2025-05-13 07:39:07,442 [853e867f-7800-411e-8ec3-df6d2ca2632d@group-A9AB90963A2A-LeaderElection5] INFO  server.RaftServerConfigKeys (ConfUtils.java:logGet(46)) - raft.server.rpc.timeout.min = 5000ms (custom)
2025-05-13 07:39:07,443 [853e867f-7800-411e-8ec3-df6d2ca2632d@group-A9AB90963A2A-LeaderElection5] INFO  server.RaftServerConfigKeys (ConfUtils.java:logGet(46)) - raft.server.log.log-metadata.enabled = true (default)
2025-05-13 07:39:07,443 [853e867f-7800-411e-8ec3-df6d2ca2632d@group-A9AB90963A2A-LeaderElection5] INFO  server.RaftServerConfigKeys (ConfUtils.java:logGet(46)) - raft.server.write.element-limit = 4096 (default)
2025-05-13 07:39:07,443 [853e867f-7800-411e-8ec3-df6d2ca2632d@group-A9AB90963A2A-LeaderElection5] INFO  server.RaftServerConfigKeys (ConfUtils.java:logGet(46)) - raft.server.write.follower.gap.ratio.max = -1.0 (default)
2025-05-13 07:39:07,443 [853e867f-7800-411e-8ec3-df6d2ca2632d@group-A9AB90963A2A-LeaderElection5] INFO  impl.RoleInfo (RoleInfo.java:updateAndGet(148)) - 853e867f-7800-411e-8ec3-df6d2ca2632d: start 853e867f-7800-411e-8ec3-df6d2ca2632d@group-A9AB90963A2A-LeaderStateImpl
2025-05-13 07:39:07,443 [853e867f-7800-411e-8ec3-df6d2ca2632d@group-A9AB90963A2A-LeaderElection5] INFO  server.RaftServer$Division (RaftServerImpl.java:setFirstElection(562)) - 853e867f-7800-411e-8ec3-df6d2ca2632d@group-A9AB90963A2A: set firstElectionSinceStartup to false for becomeLeader
2025-05-13 07:39:07,443 [853e867f-7800-411e-8ec3-df6d2ca2632d@group-A9AB90963A2A-LeaderElection5] INFO  server.RaftServer$Division (ServerState.java:setLeader(272)) - 853e867f-7800-411e-8ec3-df6d2ca2632d@group-A9AB90963A2A: change Leader from null to 853e867f-7800-411e-8ec3-df6d2ca2632d at term 1 for becomeLeader, leader elected after 5080ms
2025-05-13 07:39:07,443 [853e867f-7800-411e-8ec3-df6d2ca2632d@group-A9AB90963A2A-LeaderElection5] INFO  segmented.SegmentedRaftLogWorker (SegmentedRaftLogWorker.java:startLogSegment(438)) - 853e867f-7800-411e-8ec3-df6d2ca2632d@group-A9AB90963A2A-SegmentedRaftLogWorker: Starting segment from index:0
2025-05-13 07:39:07,443 [853e867f-7800-411e-8ec3-df6d2ca2632d@group-A9AB90963A2A-LeaderElection5] INFO  server.RaftServer$Division (ServerState.java:setRaftConf(386)) - 853e867f-7800-411e-8ec3-df6d2ca2632d@group-A9AB90963A2A: set configuration conf: {index: 0, cur=peers:[853e867f-7800-411e-8ec3-df6d2ca2632d|pkrvmberfyhpb9w:15032]|listeners:[], old=null}
2025-05-13 07:39:07,444 [853e867f-7800-411e-8ec3-df6d2ca2632d@group-A9AB90963A2A-SegmentedRaftLogWorker] INFO  segmented.BufferedWriteChannel (BufferedWriteChannel.java:open(61)) - open log_inprogress_0 at position 0
2025-05-13 07:39:07,449 [853e867f-7800-411e-8ec3-df6d2ca2632d@group-A9AB90963A2A-SegmentedRaftLogWorker] INFO  segmented.SegmentedRaftLogWorker (SegmentedRaftLogWorker.java:execute(644)) - 853e867f-7800-411e-8ec3-df6d2ca2632d@group-A9AB90963A2A-SegmentedRaftLogWorker: created new log segment /tmp/junit-3045947392054738851/scm-meta/scm-ha/70685c58-0f33-4647-8a61-a9ab90963a2a/current/log_inprogress_0
2025-05-13 07:39:07,450 [853e867f-7800-411e-8ec3-df6d2ca2632d@group-A9AB90963A2A-StateMachineUpdater] INFO  server.RaftServer$Division (LeaderStateImpl.java:checkStartIndex(313)) - Leader 853e867f-7800-411e-8ec3-df6d2ca2632d@group-A9AB90963A2A-LeaderStateImpl is ready since appliedIndex == startIndex == 0
2025-05-13 07:39:08,376 [main] INFO  server.RaftServer (RaftServerProxy.java:lambda$close$9(417)) - 853e867f-7800-411e-8ec3-df6d2ca2632d: close
2025-05-13 07:39:08,376 [main] INFO  server.GrpcService (GrpcService.java:closeImpl(343)) - 853e867f-7800-411e-8ec3-df6d2ca2632d: shutdown server GrpcServerProtocolService now
2025-05-13 07:39:08,376 [853e867f-7800-411e-8ec3-df6d2ca2632d-impl-thread1] INFO  server.RaftServer$Division (RaftServerImpl.java:lambda$close$1(513)) - 853e867f-7800-411e-8ec3-df6d2ca2632d@group-A9AB90963A2A: shutdown
2025-05-13 07:39:08,377 [853e867f-7800-411e-8ec3-df6d2ca2632d-impl-thread1] INFO  util.JmxRegister (JmxRegister.java:unregister(74)) - Successfully un-registered JMX Bean with object name Ratis:service=RaftServer,group=group-A9AB90963A2A,id=853e867f-7800-411e-8ec3-df6d2ca2632d
2025-05-13 07:39:08,377 [853e867f-7800-411e-8ec3-df6d2ca2632d-impl-thread1] INFO  impl.RoleInfo (RoleInfo.java:shutdownLeaderState(103)) - 853e867f-7800-411e-8ec3-df6d2ca2632d: shutdown 853e867f-7800-411e-8ec3-df6d2ca2632d@group-A9AB90963A2A-LeaderStateImpl
2025-05-13 07:39:08,377 [853e867f-7800-411e-8ec3-df6d2ca2632d-impl-thread1] INFO  impl.PendingRequests (PendingRequests.java:sendNotLeaderResponses(287)) - 853e867f-7800-411e-8ec3-df6d2ca2632d@group-A9AB90963A2A-PendingRequests: sendNotLeaderResponses
2025-05-13 07:39:08,377 [main] INFO  server.GrpcService (GrpcService.java:closeImpl(352)) - 853e867f-7800-411e-8ec3-df6d2ca2632d: shutdown server GrpcServerProtocolService successfully
2025-05-13 07:39:08,377 [853e867f-7800-411e-8ec3-df6d2ca2632d-impl-thread1] INFO  impl.StateMachineUpdater (StateMachineUpdater.java:stopAndJoin(164)) - 853e867f-7800-411e-8ec3-df6d2ca2632d@group-A9AB90963A2A-StateMachineUpdater: set stopIndex = 0
2025-05-13 07:39:08,378 [853e867f-7800-411e-8ec3-df6d2ca2632d@group-A9AB90963A2A-StateMachineUpdater] INFO  impl.StateMachineUpdater (StateMachineUpdater.java:takeSnapshot(303)) - 853e867f-7800-411e-8ec3-df6d2ca2632d@group-A9AB90963A2A-StateMachineUpdater: Took a snapshot at index 0
2025-05-13 07:39:08,378 [853e867f-7800-411e-8ec3-df6d2ca2632d@group-A9AB90963A2A-StateMachineUpdater] INFO  impl.StateMachineUpdater (StateMachineUpdater.java:lambda$new$0(102)) - 853e867f-7800-411e-8ec3-df6d2ca2632d@group-A9AB90963A2A-StateMachineUpdater: snapshotIndex: updateIncreasingly -1 -> 0
2025-05-13 07:39:08,378 [853e867f-7800-411e-8ec3-df6d2ca2632d@group-A9AB90963A2A-StateMachineUpdater] INFO  impl.StateMachineUpdater (StateMachineUpdater.java:stop(141)) - 853e867f-7800-411e-8ec3-df6d2ca2632d@group-A9AB90963A2A-StateMachineUpdater: closing SCMStateMachine, lastApplied=(t:1, i:0)
2025-05-13 07:39:08,378 [853e867f-7800-411e-8ec3-df6d2ca2632d@group-A9AB90963A2A-cacheEviction-AwaitToRun] INFO  util.AwaitToRun (AwaitToRun.java:run(49)) - 853e867f-7800-411e-8ec3-df6d2ca2632d@group-A9AB90963A2A-cacheEviction-AwaitToRun-AwaitForSignal is interrupted
2025-05-13 07:39:08,450 [853e867f-7800-411e-8ec3-df6d2ca2632d-impl-thread1] INFO  segmented.SegmentedRaftLogWorker (SegmentedRaftLogWorker.java:close(252)) - 853e867f-7800-411e-8ec3-df6d2ca2632d@group-A9AB90963A2A-SegmentedRaftLogWorker close()
2025-05-13 07:39:08,451 [JvmPauseMonitor8] INFO  util.JvmPauseMonitor (JvmPauseMonitor.java:run(152)) - JvmPauseMonitor-853e867f-7800-411e-8ec3-df6d2ca2632d: Stopped
2025-05-13 07:39:08,451 [main] WARN  server.ServerUtils (ServerUtils.java:getScmDbDir(138)) - ozone.scm.db.dirs is not configured. We recommend adding this setting. Falling back to ozone.metadata.dirs instead.
2025-05-13 07:39:08,451 [main] INFO  ha.SCMHANodeDetails (SCMHANodeDetails.java:loadSCMHAConfig(162)) - ServiceID for StorageContainerManager is null
2025-05-13 07:39:08,452 [main] INFO  ha.SCMHANodeDetails (SCMHANodeDetails.java:loadSCMHAConfig(166)) - ozone.scm.default.service.id is not defined, falling back to ozone.scm.service.ids to find serviceID for StorageContainerManager if it is HA enabled cluster
2025-05-13 07:39:08,456 [pool-254-thread-1] INFO  request.KdcRequest (KdcRequest.java:preauth(683)) - The preauth data is empty.
2025-05-13 07:39:08,456 [pool-254-thread-1] INFO  server.KdcHandler (KdcHandler.java:handleRecoverableException(177)) - KRB error occurred while processing request: Additional pre-authentication required
2025-05-13 07:39:08,458 [pool-254-thread-1] INFO  request.AsRequest (AsRequest.java:issueTicket(112)) - AS_REQ ISSUE: authtime 1747121948458,om/pkrvmberfyhpb9w.internal.cloudapp.net@EXAMPLE.COM for krbtgt/EXAMPLE.COM@EXAMPLE.COM
2025-05-13 07:39:08,459 [main] INFO  security.UserGroupInformation (UserGroupInformation.java:loginUserFromKeytab(1143)) - Login successful for user om/pkrvmberfyhpb9w.internal.cloudapp.net@EXAMPLE.COM using keytab file om.keytab. Keytab auto renewal enabled : false
2025-05-13 07:39:08,459 [main] INFO  server.StorageContainerManager (StorageContainerManager.java:loginAsSCMUserIfSecurityEnabled(1062)) - SCM login successful.
2025-05-13 07:39:08,460 [main] INFO  proxy.SCMSecurityProtocolFailoverProxyProvider (SCMFailoverProxyProviderBase.java:<init>(120)) - Created fail-over proxy for protocol SCMSecurityProtocolPB with 1 nodes: [nodeId=scmNodeId,nodeAddress=localhost/127.0.0.1:15031]
2025-05-13 07:39:08,461 [main] INFO  client.SCMCertificateClient (DefaultCertificateClient.java:updateCertSerialId(1289)) - Certificate serial ID set to 2
2025-05-13 07:39:08,462 [main] INFO  client.SCMCertificateClient (DefaultCertificateClient.java:readCertificateFile(247)) - Added certificate 2 from file: /tmp/junit-3045947392054738851/scm-meta/scm/sub-ca/certs/2.crt.
2025-05-13 07:39:08,462 [main] INFO  client.SCMCertificateClient (DefaultCertificateClient.java:readCertificateFile(247)) - Added certificate 1 from file: /tmp/junit-3045947392054738851/scm-meta/scm/sub-ca/certs/CA-1.crt.
2025-05-13 07:39:08,463 [main] INFO  client.SCMCertificateClient (DefaultCertificateClient.java:readCertificateFile(247)) - Added certificate 2 from file: /tmp/junit-3045947392054738851/scm-meta/scm/sub-ca/certs/certificate.crt.
2025-05-13 07:39:08,463 [main] INFO  client.SCMCertificateClient (DefaultCertificateClient.java:loadAllCertificates(196)) - CertificateRenewerService and root ca rotation polling is disabled for scm/sub-ca
2025-05-13 07:39:08,463 [main] WARN  utils.HAUtils (HAUtils.java:getMetaDir(311)) - ozone.scm.db.dirs is not configured. We recommend adding this setting. Falling back to ozone.metadata.dirs instead.
2025-05-13 07:39:08,464 [main] WARN  db.DBStoreBuilder (DBStoreBuilder.java:getDBDirPath(160)) - ozone.scm.db.dirs is not configured. We recommend adding this setting. Falling back to ozone.metadata.dirs instead.
2025-05-13 07:39:08,513 [main] INFO  net.NodeSchemaLoader (NodeSchemaLoader.java:loadSchemaFromFile(128)) - Loading schema from [jar:file:/home/runner/work/ozone/ozone/hadoop-hdds/common/target/hdds-common-2.1.0-SNAPSHOT.jar!/network-topology-default.xml]
2025-05-13 07:39:08,513 [main] INFO  net.NodeSchemaLoader (NodeSchemaLoader.java:loadSchema(175)) - Loading network topology layer schema file
2025-05-13 07:39:08,529 [main] INFO  ha.SCMRatisServerImpl (SCMRatisServerImpl.java:<init>(100)) - starting Raft server for scm:853e867f-7800-411e-8ec3-df6d2ca2632d
2025-05-13 07:39:08,530 [main] INFO  server.RaftServerConfigKeys (ConfUtils.java:logGet(46)) - raft.server.log.appender.buffer.byte-limit = 4194304 (custom)
2025-05-13 07:39:08,531 [main] INFO  server.RaftServer (ConfUtils.java:logGet(46)) - raft.rpc.type = GRPC (default)
2025-05-13 07:39:08,531 [main] INFO  grpc.GrpcConfigKeys (ConfUtils.java:logFallback(53)) - raft.grpc.admin.host = null (fallback to raft.grpc.server.host)
2025-05-13 07:39:08,531 [main] INFO  grpc.GrpcConfigKeys (ConfUtils.java:logFallback(53)) - raft.grpc.admin.port = 15032 (fallback to raft.grpc.server.port)
2025-05-13 07:39:08,531 [main] INFO  grpc.GrpcConfigKeys (ConfUtils.java:logFallback(53)) - raft.grpc.client.host = null (fallback to raft.grpc.server.host)
2025-05-13 07:39:08,531 [main] INFO  grpc.GrpcConfigKeys (ConfUtils.java:logFallback(53)) - raft.grpc.client.port = 15032 (fallback to raft.grpc.server.port)
2025-05-13 07:39:08,532 [main] INFO  grpc.GrpcConfigKeys (ConfUtils.java:logGet(46)) - raft.grpc.server.host = null (default)
2025-05-13 07:39:08,532 [main] INFO  grpc.GrpcConfigKeys (ConfUtils.java:logGet(46)) - raft.grpc.server.port = 15032 (custom)
2025-05-13 07:39:08,532 [main] INFO  server.GrpcService (ConfUtils.java:logGet(46)) - raft.grpc.message.size.max = 5242880 (custom)
2025-05-13 07:39:08,532 [main] INFO  server.GrpcService (ConfUtils.java:logGet(46)) - raft.grpc.flow.control.window = 1MB (=1048576) (default)
2025-05-13 07:39:08,532 [main] INFO  server.RaftServerConfigKeys (ConfUtils.java:logGet(46)) - raft.server.rpc.request.timeout = 30000ms (custom)
2025-05-13 07:39:08,532 [main] INFO  grpc.GrpcConfigKeys (ConfUtils.java:logGet(46)) - raft.grpc.server.heartbeat.channel = true (default)
2025-05-13 07:39:08,532 [main] INFO  server.RaftServerConfigKeys (ConfUtils.java:logGet(46)) - raft.server.log.appender.buffer.byte-limit = 4194304 (custom)
2025-05-13 07:39:08,532 [main] INFO  grpc.GrpcConfigKeys (ConfUtils.java:logGet(46)) - raft.grpc.server.async.request.thread.pool.cached = true (default)
2025-05-13 07:39:08,532 [main] INFO  grpc.GrpcConfigKeys (ConfUtils.java:logGet(46)) - raft.grpc.server.async.request.thread.pool.size = 32 (default)
2025-05-13 07:39:08,533 [main] INFO  impl.DataStreamServerImpl (ConfUtils.java:logGet(46)) - raft.datastream.type = DISABLED (default)
2025-05-13 07:39:08,534 [main] INFO  server.RaftServerConfigKeys (ConfUtils.java:logGet(46)) - raft.server.sleep.deviation.threshold = 300ms (default)
2025-05-13 07:39:08,534 [main] INFO  server.RaftServerConfigKeys (ConfUtils.java:logGet(46)) - raft.server.close.threshold = 60s (default)
2025-05-13 07:39:08,534 [main] INFO  server.RaftServerConfigKeys (ConfUtils.java:logGet(46)) - raft.server.leaderelection.leader.step-down.wait-time = 10s (default)
2025-05-13 07:39:08,534 [main] INFO  server.RaftServerConfigKeys (ConfUtils.java:logGet(46)) - raft.server.storage.dir = [/tmp/junit-3045947392054738851/scm-meta/scm-ha] (custom)
2025-05-13 07:39:08,534 [main] INFO  server.RaftServerConfigKeys (ConfUtils.java:logGet(46)) - raft.server.threadpool.proxy.cached = true (default)
2025-05-13 07:39:08,534 [main] INFO  server.RaftServerConfigKeys (ConfUtils.java:logGet(46)) - raft.server.threadpool.proxy.size = 0 (default)
2025-05-13 07:39:08,535 [853e867f-7800-411e-8ec3-df6d2ca2632d-impl-thread1] INFO  server.RaftServer (RaftServerProxy.java:initGroupDir(265)) - 853e867f-7800-411e-8ec3-df6d2ca2632d: found a subdirectory /tmp/junit-3045947392054738851/scm-meta/scm-ha/70685c58-0f33-4647-8a61-a9ab90963a2a
2025-05-13 07:39:08,535 [main] INFO  server.RaftServer (RaftServerProxy.java:addNew(100)) - 853e867f-7800-411e-8ec3-df6d2ca2632d: addNew group-A9AB90963A2A:[] returns group-A9AB90963A2A:java.util.concurrent.CompletableFuture@18f38d7a[Not completed]
2025-05-13 07:39:08,535 [853e867f-7800-411e-8ec3-df6d2ca2632d-groupManagement] INFO  server.RaftServer$Division (RaftServerImpl.java:<init>(255)) - 853e867f-7800-411e-8ec3-df6d2ca2632d: new RaftServerImpl for group-A9AB90963A2A:[] with SCMStateMachine:uninitialized
2025-05-13 07:39:08,535 [853e867f-7800-411e-8ec3-df6d2ca2632d-groupManagement] INFO  server.RaftServerConfigKeys (ConfUtils.java:logGet(46)) - raft.server.rpc.timeout.min = 5000ms (custom)
2025-05-13 07:39:08,535 [853e867f-7800-411e-8ec3-df6d2ca2632d-groupManagement] INFO  server.RaftServerConfigKeys (ConfUtils.java:logGet(46)) - raft.server.rpc.timeout.max = 5200ms (custom)
2025-05-13 07:39:08,536 [853e867f-7800-411e-8ec3-df6d2ca2632d-groupManagement] INFO  server.RaftServerConfigKeys (ConfUtils.java:logGet(46)) - raft.server.rpc.sleep.time = 25ms (default)
2025-05-13 07:39:08,536 [853e867f-7800-411e-8ec3-df6d2ca2632d-groupManagement] INFO  server.RaftServerConfigKeys (ConfUtils.java:logGet(46)) - raft.server.rpc.slowness.timeout = 120000ms (custom)
2025-05-13 07:39:08,536 [853e867f-7800-411e-8ec3-df6d2ca2632d-groupManagement] INFO  server.RaftServerConfigKeys (ConfUtils.java:logGet(46)) - raft.server.leaderelection.leader.step-down.wait-time = 10s (default)
2025-05-13 07:39:08,536 [853e867f-7800-411e-8ec3-df6d2ca2632d-groupManagement] INFO  server.RaftServerConfigKeys (ConfUtils.java:logGet(46)) - raft.server.leaderelection.member.majority-add = false (default)
2025-05-13 07:39:08,536 [853e867f-7800-411e-8ec3-df6d2ca2632d-groupManagement] INFO  server.RaftServerConfigKeys (ConfUtils.java:logGet(46)) - raft.server.sleep.deviation.threshold = 300ms (default)
2025-05-13 07:39:08,536 [853e867f-7800-411e-8ec3-df6d2ca2632d-groupManagement] INFO  server.RaftServer$Division (ServerState.java:<init>(114)) - 853e867f-7800-411e-8ec3-df6d2ca2632d@group-A9AB90963A2A: ConfigurationManager, init=conf: {index: -1, cur=peers:[]|listeners:[], old=null}, confs=<EMPTY_MAP>
2025-05-13 07:39:08,536 [853e867f-7800-411e-8ec3-df6d2ca2632d-groupManagement] INFO  server.RaftServerConfigKeys (ConfUtils.java:logGet(46)) - raft.server.notification.no-leader.timeout = 60s (default)
2025-05-13 07:39:08,536 [853e867f-7800-411e-8ec3-df6d2ca2632d-groupManagement] INFO  server.RaftServerConfigKeys (ConfUtils.java:logGet(46)) - raft.server.read.timeout = 10s (default)
2025-05-13 07:39:08,536 [853e867f-7800-411e-8ec3-df6d2ca2632d-groupManagement] INFO  server.RaftServerConfigKeys (ConfUtils.java:logGet(46)) - raft.server.retrycache.expirytime = 60000ms (default)
2025-05-13 07:39:08,536 [853e867f-7800-411e-8ec3-df6d2ca2632d-groupManagement] INFO  server.RaftServerConfigKeys (ConfUtils.java:logGet(46)) - raft.server.retrycache.statistics.expirytime = 100ms (default)
2025-05-13 07:39:08,536 [853e867f-7800-411e-8ec3-df6d2ca2632d-groupManagement] INFO  server.RaftServerConfigKeys (ConfUtils.java:logGet(46)) - raft.server.read.option = DEFAULT (default)
2025-05-13 07:39:08,536 [853e867f-7800-411e-8ec3-df6d2ca2632d-groupManagement] INFO  server.RaftServerConfigKeys (ConfUtils.java:logGet(46)) - raft.server.read.read-after-write-consistent.write-index-cache.expiry-time = 60s (default)
2025-05-13 07:39:08,540 [853e867f-7800-411e-8ec3-df6d2ca2632d-groupManagement] INFO  server.RaftServerConfigKeys (ConfUtils.java:logGet(46)) - raft.server.rpc.request.timeout = 30000ms (custom)
2025-05-13 07:39:08,540 [853e867f-7800-411e-8ec3-df6d2ca2632d-groupManagement] INFO  server.RaftServerConfigKeys (ConfUtils.java:logGet(46)) - raft.server.log.appender.install.snapshot.enabled = false (custom)
2025-05-13 07:39:08,540 [853e867f-7800-411e-8ec3-df6d2ca2632d-groupManagement] INFO  server.RaftServerConfigKeys (ConfUtils.java:logGet(46)) - raft.server.threadpool.server.cached = true (default)
2025-05-13 07:39:08,540 [853e867f-7800-411e-8ec3-df6d2ca2632d-groupManagement] INFO  server.RaftServerConfigKeys (ConfUtils.java:logGet(46)) - raft.server.threadpool.server.size = 0 (default)
2025-05-13 07:39:08,540 [853e867f-7800-411e-8ec3-df6d2ca2632d-groupManagement] INFO  server.RaftServerConfigKeys (ConfUtils.java:logGet(46)) - raft.server.threadpool.client.cached = true (default)
2025-05-13 07:39:08,540 [853e867f-7800-411e-8ec3-df6d2ca2632d-groupManagement] INFO  server.RaftServerConfigKeys (ConfUtils.java:logGet(46)) - raft.server.threadpool.client.size = 0 (default)
2025-05-13 07:39:08,540 [main] INFO  ha.SCMSnapshotProvider (SCMSnapshotProvider.java:<init>(61)) - Initializing SCM Snapshot Provider
2025-05-13 07:39:08,540 [main] WARN  server.ServerUtils (ServerUtils.java:getDefaultRatisDirectory(304)) - Storage directory for Ratis is not configured. It is a good idea to map this to an SSD disk. Falling back to ozone.metadata.dirs
2025-05-13 07:39:08,540 [main] WARN  ha.SCMHAUtils (SCMHAUtils.java:getSCMRatisSnapshotDirectory(120)) - SCM snapshot dir is not configured. Falling back to ozone.metadata.dirs config
2025-05-13 07:39:08,542 [main] INFO  upgrade.AbstractLayoutVersionManager (AbstractLayoutVersionManager.java:init(80)) - Initializing Layout version manager with metadata layout = HBASE_SUPPORT (version = 8), software layout = HBASE_SUPPORT (version = 8)
2025-05-13 07:39:08,543 [main] INFO  ha.SequenceIdGenerator (SequenceIdGenerator.java:upgradeToSequenceId(355)) - upgrade localId to 115816896921600000
2025-05-13 07:39:08,544 [main] INFO  ha.SequenceIdGenerator (SequenceIdGenerator.java:upgradeToSequenceId(365)) - upgrade delTxnId to 0
2025-05-13 07:39:08,545 [main] INFO  ha.SequenceIdGenerator (SequenceIdGenerator.java:upgradeToSequenceId(382)) - upgrade containerId to 0
2025-05-13 07:39:08,546 [main] INFO  ha.SequenceIdGenerator (SequenceIdGenerator.java:upgradeToCertificateSequenceId(419)) - upgrade CertificateId to 2
2025-05-13 07:39:08,546 [main] INFO  ha.SequenceIdGenerator (SequenceIdGenerator.java:<init>(232)) - Init the HA SequenceIdGenerator.
2025-05-13 07:39:08,547 [main] WARN  server.ServerUtils (ServerUtils.java:sanitizeUserArgs(76)) - ozone.scm.stale.node.interval value = 300000 is larger than max = 100000 based on the key value of ozone.scm.heartbeat.thread.interval, reset to the max value 100000.
2025-05-13 07:39:08,547 [main] WARN  server.ServerUtils (ServerUtils.java:sanitizeUserArgs(76)) - ozone.scm.stale.node.interval value = 300000 is larger than max = 100000 based on the key value of ozone.scm.heartbeat.thread.interval, reset to the max value 100000.
2025-05-13 07:39:08,548 [main] INFO  node.SCMNodeManager (SCMNodeManager.java:<init>(182)) - Entering startup safe mode.
2025-05-13 07:39:08,548 [main] INFO  algorithms.ContainerPlacementPolicyFactory (ContainerPlacementPolicyFactory.java:getPolicyInternal(84)) - Create container placement policy of type org.apache.hadoop.hdds.scm.container.placement.algorithms.SCMContainerPlacementRackAware
2025-05-13 07:39:08,548 [main] INFO  algorithms.ContainerPlacementPolicyFactory (ContainerPlacementPolicyFactory.java:getPolicyInternal(84)) - Create container placement policy of type org.apache.hadoop.hdds.scm.container.placement.algorithms.SCMContainerPlacementRackScatter
2025-05-13 07:39:08,548 [main] INFO  pipeline.PipelineStateManagerImpl (PipelineStateManagerImpl.java:initialize(75)) - No pipeline exists in current db
2025-05-13 07:39:08,549 [main] INFO  algorithms.LeaderChoosePolicyFactory (LeaderChoosePolicyFactory.java:getPolicy(55)) - Create leader choose policy of type org.apache.hadoop.hdds.scm.pipeline.leader.choose.algorithms.MinLeaderCountChoosePolicy
2025-05-13 07:39:08,549 [main] INFO  algorithms.ContainerPlacementPolicyFactory (ContainerPlacementPolicyFactory.java:getPolicyInternal(84)) - Create container placement policy of type org.apache.hadoop.hdds.scm.container.placement.algorithms.SCMContainerPlacementRackScatter
2025-05-13 07:39:08,550 [main] INFO  ha.SCMServiceManager (SCMServiceManager.java:register(42)) - Registering service BackgroundPipelineCreator.
2025-05-13 07:39:08,550 [main] INFO  pipeline.BackgroundPipelineCreator (BackgroundPipelineCreator.java:start(126)) - Starting RatisPipelineUtilsThread.
2025-05-13 07:39:08,550 [main] INFO  BackgroundPipelineScrubber (BackgroundSCMService.java:start(64)) - Starting BackgroundPipelineScrubber Service.
2025-05-13 07:39:08,550 [main] INFO  ha.SCMServiceManager (SCMServiceManager.java:register(42)) - Registering service BackgroundPipelineScrubber.
2025-05-13 07:39:08,551 [main] INFO  ExpiredContainerReplicaOpScrubber (BackgroundSCMService.java:start(64)) - Starting ExpiredContainerReplicaOpScrubber Service.
2025-05-13 07:39:08,551 [main] INFO  ha.SCMServiceManager (SCMServiceManager.java:register(42)) - Registering service ExpiredContainerReplicaOpScrubber.
2025-05-13 07:39:08,552 [main] INFO  algorithms.PipelineChoosePolicyFactory (PipelineChoosePolicyFactory.java:createPipelineChoosePolicyFromClass(78)) - Create pipeline choose policy of type org.apache.hadoop.hdds.scm.pipeline.choose.algorithms.RandomPipelineChoosePolicy
2025-05-13 07:39:08,552 [main] INFO  algorithms.PipelineChoosePolicyFactory (PipelineChoosePolicyFactory.java:createPipelineChoosePolicyFromClass(78)) - Create pipeline choose policy of type org.apache.hadoop.hdds.scm.pipeline.choose.algorithms.RandomPipelineChoosePolicy
2025-05-13 07:39:08,553 [main] INFO  ha.SCMServiceManager (SCMServiceManager.java:register(42)) - Registering service SCMBlockDeletingService.
2025-05-13 07:39:08,554 [main] INFO  replication.ReplicationManager (ReplicationManager.java:start(285)) - Starting Replication Monitor Thread.
2025-05-13 07:39:08,554 [main] INFO  ha.SCMServiceManager (SCMServiceManager.java:register(42)) - Registering service ReplicationManager.
2025-05-13 07:39:08,555 [main] INFO  safemode.RatisContainerSafeModeRule (RatisContainerSafeModeRule.java:initializeRule(160)) - Refreshed Containers with one replica threshold count 0.
2025-05-13 07:39:08,555 [main] INFO  safemode.ECContainerSafeModeRule (ECContainerSafeModeRule.java:initializeRule(205)) - Refreshed Containers with ec n replica threshold count 0.
2025-05-13 07:39:08,555 [main] INFO  safemode.HealthyPipelineSafeModeRule (HealthyPipelineSafeModeRule.java:initializeRule(177)) - Total pipeline count is 0, healthy pipeline threshold count is 0
2025-05-13 07:39:08,555 [main] INFO  safemode.OneReplicaPipelineSafeModeRule (OneReplicaPipelineSafeModeRule.java:initializeRule(190)) - Total pipeline count is 0, pipeline's with at least one datanode reported threshold count is 0
2025-05-13 07:39:08,556 [main] INFO  security.SecretKeyManagerService (SecretKeyManagerService.java:start(143)) - Scheduling rotation checker with interval PT10M
2025-05-13 07:39:08,556 [main] INFO  ha.SCMServiceManager (SCMServiceManager.java:register(42)) - Registering service SecretKeyManagerService.
2025-05-13 07:39:08,556 [main] INFO  keys.KeyStorage (KeyStorage.java:readPublicKey(174)) - Reading public key from /tmp/junit-3045947392054738851/scm-meta/scm/sub-ca/keys/public.pem.
2025-05-13 07:39:08,557 [main] INFO  keys.KeyStorage (KeyStorage.java:readPrivateKey(158)) - Reading private key from /tmp/junit-3045947392054738851/scm-meta/scm/sub-ca/keys/private.pem.
2025-05-13 07:39:08,557 [main] INFO  authority.DefaultCAServer (DefaultCAServer.java:lambda$processVerificationStatus$0(392)) - CertificateServer validation is successful
2025-05-13 07:39:08,557 [main] INFO  keys.KeyStorage (KeyStorage.java:readPublicKey(174)) - Reading public key from /tmp/junit-3045947392054738851/scm-meta/scm/ca/keys/public.pem.
2025-05-13 07:39:08,557 [main] INFO  keys.KeyStorage (KeyStorage.java:readPrivateKey(158)) - Reading private key from /tmp/junit-3045947392054738851/scm-meta/scm/ca/keys/private.pem.
2025-05-13 07:39:08,558 [main] INFO  authority.DefaultCAServer (DefaultCAServer.java:lambda$processVerificationStatus$0(392)) - CertificateServer validation is successful
2025-05-13 07:39:08,558 [main] INFO  server.StorageContainerManager (StorageContainerManager.java:persistPrimarySCMCerts(950)) - Storing sub-ca certificate serialId 2 on primary SCM
2025-05-13 07:39:08,559 [main] INFO  server.SCMCertStore (SCMCertStore.java:storeValidScmCertificate(96)) - Scm certificate 2 for CN=scm-sub@pkrvmberfyhpb9w,OU=853e867f-7800-411e-8ec3-df6d2ca2632d,O=70685c58-0f33-4647-8a61-a9ab90963a2a,SERIALNUMBER=2 is stored
2025-05-13 07:39:08,559 [main] INFO  server.StorageContainerManager (StorageContainerManager.java:persistPrimarySCMCerts(957)) - Storing root certificate serialId 1
2025-05-13 07:39:08,560 [main] INFO  server.SCMCertStore (SCMCertStore.java:storeValidScmCertificate(96)) - Scm certificate 1 for CN=scm@pkrvmberfyhpb9w,OU=853e867f-7800-411e-8ec3-df6d2ca2632d,O=70685c58-0f33-4647-8a61-a9ab90963a2a,SERIALNUMBER=1 is stored
2025-05-13 07:39:08,562 [main] INFO  ha.SequenceIdGenerator (SequenceIdGenerator.java:upgradeToCertificateSequenceId(419)) - upgrade CertificateId to 2
2025-05-13 07:39:08,562 [main] INFO  ipc.CallQueueManager (CallQueueManager.java:<init>(93)) - Using callQueue: class java.util.concurrent.LinkedBlockingQueue, queueCapacity: 200, scheduler: class org.apache.hadoop.ipc.DefaultRpcScheduler, ipcBackoff: false, ipcFailOver: false.
2025-05-13 07:39:08,563 [main] INFO  ipc.Server (Server.java:<init>(1438)) - Listener at 0.0.0.0:15031
2025-05-13 07:39:08,563 [Socket Reader #1 for port 15031] INFO  ipc.Server (Server.java:run(1474)) - Starting Socket Reader #1 for port 15031
2025-05-13 07:39:08,564 [main] INFO  server.StorageContainerManager (StorageContainerManager.java:<init>(430)) - SCM start with adminUsers: [om/pkrvmberfyhpb9w.internal.cloudapp.net@EXAMPLE.COM, om]
2025-05-13 07:39:08,564 [main] INFO  ipc.CallQueueManager (CallQueueManager.java:<init>(93)) - Using callQueue: class java.util.concurrent.LinkedBlockingQueue, queueCapacity: 10000, scheduler: class org.apache.hadoop.ipc.DefaultRpcScheduler, ipcBackoff: false, ipcFailOver: false.
2025-05-13 07:39:08,565 [main] INFO  ipc.Server (Server.java:<init>(1438)) - Listener at 0.0.0.0:15029
2025-05-13 07:39:08,565 [Socket Reader #1 for port 15029] INFO  ipc.Server (Server.java:run(1474)) - Starting Socket Reader #1 for port 15029
2025-05-13 07:39:08,565 [Socket Reader #2 for port 15029] INFO  ipc.Server (Server.java:run(1474)) - Starting Socket Reader #2 for port 15029
2025-05-13 07:39:08,565 [Socket Reader #3 for port 15029] INFO  ipc.Server (Server.java:run(1474)) - Starting Socket Reader #3 for port 15029
2025-05-13 07:39:08,565 [Socket Reader #4 for port 15029] INFO  ipc.Server (Server.java:run(1474)) - Starting Socket Reader #4 for port 15029
2025-05-13 07:39:08,566 [Socket Reader #5 for port 15029] INFO  ipc.Server (Server.java:run(1474)) - Starting Socket Reader #5 for port 15029
2025-05-13 07:39:08,566 [Socket Reader #6 for port 15029] INFO  ipc.Server (Server.java:run(1474)) - Starting Socket Reader #6 for port 15029
2025-05-13 07:39:08,566 [Socket Reader #7 for port 15029] INFO  ipc.Server (Server.java:run(1474)) - Starting Socket Reader #7 for port 15029
2025-05-13 07:39:08,566 [Socket Reader #8 for port 15029] INFO  ipc.Server (Server.java:run(1474)) - Starting Socket Reader #8 for port 15029
2025-05-13 07:39:08,566 [Socket Reader #9 for port 15029] INFO  ipc.Server (Server.java:run(1474)) - Starting Socket Reader #9 for port 15029
2025-05-13 07:39:08,566 [Socket Reader #10 for port 15029] INFO  ipc.Server (Server.java:run(1474)) - Starting Socket Reader #10 for port 15029
2025-05-13 07:39:08,567 [main] INFO  ipc.CallQueueManager (CallQueueManager.java:<init>(93)) - Using callQueue: class java.util.concurrent.LinkedBlockingQueue, queueCapacity: 10000, scheduler: class org.apache.hadoop.ipc.DefaultRpcScheduler, ipcBackoff: false, ipcFailOver: false.
2025-05-13 07:39:08,567 [main] INFO  ipc.Server (Server.java:<init>(1438)) - Listener at 0.0.0.0:15030
2025-05-13 07:39:08,568 [Socket Reader #1 for port 15030] INFO  ipc.Server (Server.java:run(1474)) - Starting Socket Reader #1 for port 15030
2025-05-13 07:39:08,568 [Socket Reader #2 for port 15030] INFO  ipc.Server (Server.java:run(1474)) - Starting Socket Reader #2 for port 15030
2025-05-13 07:39:08,568 [Socket Reader #3 for port 15030] INFO  ipc.Server (Server.java:run(1474)) - Starting Socket Reader #3 for port 15030
2025-05-13 07:39:08,568 [Socket Reader #4 for port 15030] INFO  ipc.Server (Server.java:run(1474)) - Starting Socket Reader #4 for port 15030
2025-05-13 07:39:08,568 [Socket Reader #5 for port 15030] INFO  ipc.Server (Server.java:run(1474)) - Starting Socket Reader #5 for port 15030
2025-05-13 07:39:08,569 [Socket Reader #6 for port 15030] INFO  ipc.Server (Server.java:run(1474)) - Starting Socket Reader #6 for port 15030
2025-05-13 07:39:08,569 [Socket Reader #7 for port 15030] INFO  ipc.Server (Server.java:run(1474)) - Starting Socket Reader #7 for port 15030
2025-05-13 07:39:08,569 [Socket Reader #8 for port 15030] INFO  ipc.Server (Server.java:run(1474)) - Starting Socket Reader #8 for port 15030
2025-05-13 07:39:08,569 [Socket Reader #9 for port 15030] INFO  ipc.Server (Server.java:run(1474)) - Starting Socket Reader #9 for port 15030
2025-05-13 07:39:08,570 [Socket Reader #10 for port 15030] INFO  ipc.Server (Server.java:run(1474)) - Starting Socket Reader #10 for port 15030
2025-05-13 07:39:08,571 [main] INFO  ipc.CallQueueManager (CallQueueManager.java:<init>(93)) - Using callQueue: class java.util.concurrent.LinkedBlockingQueue, queueCapacity: 10000, scheduler: class org.apache.hadoop.ipc.DefaultRpcScheduler, ipcBackoff: false, ipcFailOver: false.
2025-05-13 07:39:08,571 [main] INFO  ipc.Server (Server.java:<init>(1438)) - Listener at 0.0.0.0:15028
2025-05-13 07:39:08,571 [Socket Reader #1 for port 15028] INFO  ipc.Server (Server.java:run(1474)) - Starting Socket Reader #1 for port 15028
2025-05-13 07:39:08,571 [Socket Reader #2 for port 15028] INFO  ipc.Server (Server.java:run(1474)) - Starting Socket Reader #2 for port 15028
2025-05-13 07:39:08,572 [Socket Reader #3 for port 15028] INFO  ipc.Server (Server.java:run(1474)) - Starting Socket Reader #3 for port 15028
2025-05-13 07:39:08,572 [Socket Reader #4 for port 15028] INFO  ipc.Server (Server.java:run(1474)) - Starting Socket Reader #4 for port 15028
2025-05-13 07:39:08,572 [Socket Reader #5 for port 15028] INFO  ipc.Server (Server.java:run(1474)) - Starting Socket Reader #5 for port 15028
2025-05-13 07:39:08,572 [Socket Reader #6 for port 15028] INFO  ipc.Server (Server.java:run(1474)) - Starting Socket Reader #6 for port 15028
2025-05-13 07:39:08,573 [Socket Reader #7 for port 15028] INFO  ipc.Server (Server.java:run(1474)) - Starting Socket Reader #7 for port 15028
2025-05-13 07:39:08,573 [Socket Reader #8 for port 15028] INFO  ipc.Server (Server.java:run(1474)) - Starting Socket Reader #8 for port 15028
2025-05-13 07:39:08,573 [Socket Reader #9 for port 15028] INFO  ipc.Server (Server.java:run(1474)) - Starting Socket Reader #9 for port 15028
2025-05-13 07:39:08,573 [Socket Reader #10 for port 15028] INFO  ipc.Server (Server.java:run(1474)) - Starting Socket Reader #10 for port 15028
2025-05-13 07:39:08,578 [main] INFO  ha.SCMServiceManager (SCMServiceManager.java:register(42)) - Registering service ContainerBalancer.
2025-05-13 07:39:08,578 [main] INFO  ha.SCMContext (SCMContext.java:updateSafeModeStatus(224)) - Update SafeModeStatus from SafeModeStatus{safeModeStatus=true, preCheckPassed=false} to SafeModeStatus{safeModeStatus=true, preCheckPassed=false}.
2025-05-13 07:39:08,578 [main] INFO  server.StorageContainerManager (StorageContainerManager.java:start(1507)) - StorageContainerLocationProtocol RPC server is listening at /0.0.0.0:15028
2025-05-13 07:39:08,578 [main] INFO  ha.SCMRatisServerImpl (SCMRatisServerImpl.java:start(203)) - starting ratis server 0.0.0.0:15032
2025-05-13 07:39:08,578 [853e867f-7800-411e-8ec3-df6d2ca2632d-impl-thread1] INFO  server.RaftServerConfigKeys (ConfUtils.java:logGet(46)) - raft.server.storage.free-space.min = 0MB (=0) (default)
2025-05-13 07:39:08,579 [853e867f-7800-411e-8ec3-df6d2ca2632d-impl-thread1] INFO  server.RaftServerConfigKeys (ConfUtils.java:logGet(46)) - raft.server.log.corruption.policy = EXCEPTION (default)
2025-05-13 07:39:08,579 [853e867f-7800-411e-8ec3-df6d2ca2632d-impl-thread1] INFO  server.RaftServerConfigKeys (ConfUtils.java:logGet(46)) - raft.server.storage.dir = [/tmp/junit-3045947392054738851/scm-meta/scm-ha] (custom)
2025-05-13 07:39:08,580 [853e867f-7800-411e-8ec3-df6d2ca2632d-impl-thread1] INFO  storage.RaftStorageDirectory (RaftStorageDirectoryImpl.java:tryLock(229)) - Lock on /tmp/junit-3045947392054738851/scm-meta/scm-ha/70685c58-0f33-4647-8a61-a9ab90963a2a/in_use.lock acquired by nodename 11778@pkrvmberfyhpb9w
2025-05-13 07:39:08,580 [853e867f-7800-411e-8ec3-df6d2ca2632d-impl-thread1] INFO  storage.RaftStorage (RaftStorageImpl.java:analyzeAndRecoverStorage(118)) - Read RaftStorageMetadata{term=1, votedFor=853e867f-7800-411e-8ec3-df6d2ca2632d} from /tmp/junit-3045947392054738851/scm-meta/scm-ha/70685c58-0f33-4647-8a61-a9ab90963a2a/current/raft-meta
2025-05-13 07:39:08,580 [853e867f-7800-411e-8ec3-df6d2ca2632d-impl-thread1] INFO  server.RaftServer$Division (ServerState.java:setRaftConf(386)) - 853e867f-7800-411e-8ec3-df6d2ca2632d@group-A9AB90963A2A: set configuration conf: {index: 0, cur=peers:[853e867f-7800-411e-8ec3-df6d2ca2632d|pkrvmberfyhpb9w:15032]|listeners:[], old=null}
2025-05-13 07:39:08,581 [853e867f-7800-411e-8ec3-df6d2ca2632d-impl-thread1] INFO  ha.SCMStateMachine (SCMStateMachine.java:lambda$initialize$0(135)) - 853e867f-7800-411e-8ec3-df6d2ca2632d: initialize group-A9AB90963A2A
2025-05-13 07:39:08,581 [853e867f-7800-411e-8ec3-df6d2ca2632d-impl-thread1] INFO  server.RaftServerConfigKeys (ConfUtils.java:logGet(46)) - raft.server.log.use.memory = false (default)
2025-05-13 07:39:08,581 [853e867f-7800-411e-8ec3-df6d2ca2632d-impl-thread1] INFO  server.RaftServerConfigKeys (ConfUtils.java:logGet(46)) - raft.server.log.purge.gap = 1000000 (custom)
2025-05-13 07:39:08,581 [853e867f-7800-411e-8ec3-df6d2ca2632d-impl-thread1] INFO  server.RaftServerConfigKeys (ConfUtils.java:logGet(46)) - raft.server.log.appender.buffer.byte-limit = 4194304 (custom)
2025-05-13 07:39:08,581 [853e867f-7800-411e-8ec3-df6d2ca2632d-impl-thread1] INFO  server.RaftServerConfigKeys (ConfUtils.java:logGet(46)) - raft.server.log.statemachine.data.read.timeout = 1000ms (default)
2025-05-13 07:39:08,581 [853e867f-7800-411e-8ec3-df6d2ca2632d-impl-thread1] INFO  server.RaftServerConfigKeys (ConfUtils.java:logGet(46)) - raft.server.log.purge.preservation.log.num = 0 (default)
2025-05-13 07:39:08,583 [853e867f-7800-411e-8ec3-df6d2ca2632d-impl-thread1] INFO  server.RaftServerConfigKeys (ConfUtils.java:logGet(46)) - raft.server.log.segment.size.max = 4194304 (custom)
2025-05-13 07:39:08,583 [853e867f-7800-411e-8ec3-df6d2ca2632d-impl-thread1] INFO  server.RaftServerConfigKeys (ConfUtils.java:logGet(46)) - raft.server.log.segment.cache.num.max = 2 (custom)
2025-05-13 07:39:08,583 [853e867f-7800-411e-8ec3-df6d2ca2632d-impl-thread1] INFO  server.RaftServerConfigKeys (ConfUtils.java:logGet(46)) - raft.server.log.segment.cache.size.max = 200MB (=209715200) (default)
2025-05-13 07:39:08,583 [853e867f-7800-411e-8ec3-df6d2ca2632d-impl-thread1] INFO  server.RaftServerConfigKeys (ConfUtils.java:logGet(46)) - raft.server.log.appender.buffer.byte-limit = 4194304 (custom)
2025-05-13 07:39:08,584 [853e867f-7800-411e-8ec3-df6d2ca2632d-impl-thread1] INFO  util.AwaitToRun (AwaitToRun.java:start(81)) - Thread[#1387,853e867f-7800-411e-8ec3-df6d2ca2632d@group-A9AB90963A2A-cacheEviction-AwaitToRun,5,main] started
2025-05-13 07:39:08,584 [853e867f-7800-411e-8ec3-df6d2ca2632d-impl-thread1] INFO  segmented.SegmentedRaftLogWorker (SegmentedRaftLogWorker.java:<init>(188)) - new 853e867f-7800-411e-8ec3-df6d2ca2632d@group-A9AB90963A2A-SegmentedRaftLogWorker for RaftStorageImpl:Storage Directory /tmp/junit-3045947392054738851/scm-meta/scm-ha/70685c58-0f33-4647-8a61-a9ab90963a2a
2025-05-13 07:39:08,584 [853e867f-7800-411e-8ec3-df6d2ca2632d-impl-thread1] INFO  server.RaftServerConfigKeys (ConfUtils.java:logGet(46)) - raft.server.log.queue.byte-limit = 64MB (=67108864) (default)
2025-05-13 07:39:08,584 [853e867f-7800-411e-8ec3-df6d2ca2632d-impl-thread1] INFO  server.RaftServerConfigKeys (ConfUtils.java:logGet(46)) - raft.server.log.queue.element-limit = 4096 (default)
2025-05-13 07:39:08,584 [853e867f-7800-411e-8ec3-df6d2ca2632d-impl-thread1] INFO  server.RaftServerConfigKeys (ConfUtils.java:logGet(46)) - raft.server.log.segment.size.max = 4194304 (custom)
2025-05-13 07:39:08,584 [853e867f-7800-411e-8ec3-df6d2ca2632d-impl-thread1] INFO  server.RaftServerConfigKeys (ConfUtils.java:logGet(46)) - raft.server.log.preallocated.size = 4194304 (custom)
2025-05-13 07:39:08,584 [853e867f-7800-411e-8ec3-df6d2ca2632d-impl-thread1] INFO  server.RaftServerConfigKeys (ConfUtils.java:logGet(46)) - raft.server.log.force.sync.num = 128 (default)
2025-05-13 07:39:08,584 [853e867f-7800-411e-8ec3-df6d2ca2632d-impl-thread1] INFO  server.RaftServerConfigKeys (ConfUtils.java:logGet(46)) - raft.server.log.statemachine.data.sync = true (default)
2025-05-13 07:39:08,584 [853e867f-7800-411e-8ec3-df6d2ca2632d-impl-thread1] INFO  server.RaftServerConfigKeys (ConfUtils.java:logGet(46)) - raft.server.log.statemachine.data.sync.timeout = 10s (default)
2025-05-13 07:39:08,584 [853e867f-7800-411e-8ec3-df6d2ca2632d-impl-thread1] INFO  server.RaftServerConfigKeys (ConfUtils.java:logGet(46)) - raft.server.log.statemachine.data.sync.timeout.retry = -1 (default)
2025-05-13 07:39:08,584 [853e867f-7800-411e-8ec3-df6d2ca2632d-impl-thread1] INFO  server.RaftServerConfigKeys (ConfUtils.java:logGet(46)) - raft.server.log.write.buffer.size = 4194312 (custom)
2025-05-13 07:39:08,585 [853e867f-7800-411e-8ec3-df6d2ca2632d-impl-thread1] INFO  server.RaftServerConfigKeys (ConfUtils.java:logGet(46)) - raft.server.log.appender.buffer.byte-limit = 4194304 (custom)
2025-05-13 07:39:08,586 [853e867f-7800-411e-8ec3-df6d2ca2632d-impl-thread1] INFO  server.RaftServerConfigKeys (ConfUtils.java:logGet(46)) - raft.server.log.unsafe-flush.enabled = false (default)
2025-05-13 07:39:08,586 [853e867f-7800-411e-8ec3-df6d2ca2632d-impl-thread1] INFO  server.RaftServerConfigKeys (ConfUtils.java:logGet(46)) - raft.server.log.async-flush.enabled = false (default)
2025-05-13 07:39:08,586 [853e867f-7800-411e-8ec3-df6d2ca2632d-impl-thread1] INFO  server.RaftServerConfigKeys (ConfUtils.java:logGet(46)) - raft.server.log.statemachine.data.caching.enabled = false (default)
2025-05-13 07:39:08,586 [853e867f-7800-411e-8ec3-df6d2ca2632d-impl-thread1] INFO  server.RaftServer$Division (ServerState.java:setRaftConf(386)) - 853e867f-7800-411e-8ec3-df6d2ca2632d@group-A9AB90963A2A: set configuration conf: {index: 0, cur=peers:[853e867f-7800-411e-8ec3-df6d2ca2632d|pkrvmberfyhpb9w:15032]|listeners:[], old=null}
2025-05-13 07:39:08,586 [853e867f-7800-411e-8ec3-df6d2ca2632d-impl-thread1] INFO  segmented.LogSegment (LogSegment.java:loadSegment(171)) - Successfully read 1 entries from segment file /tmp/junit-3045947392054738851/scm-meta/scm-ha/70685c58-0f33-4647-8a61-a9ab90963a2a/current/log_inprogress_0
2025-05-13 07:39:08,586 [853e867f-7800-411e-8ec3-df6d2ca2632d-impl-thread1] INFO  segmented.SegmentedRaftLogWorker (SegmentedRaftLogWorker.java:lambda$new$0(139)) - 853e867f-7800-411e-8ec3-df6d2ca2632d@group-A9AB90963A2A-SegmentedRaftLogWorker: safeCacheEvictIndex: setUnconditionally 0 -> -1
2025-05-13 07:39:08,587 [853e867f-7800-411e-8ec3-df6d2ca2632d-impl-thread1] INFO  segmented.BufferedWriteChannel (BufferedWriteChannel.java:open(61)) - open log_inprogress_0 (append) at position 82
2025-05-13 07:39:08,587 [853e867f-7800-411e-8ec3-df6d2ca2632d-impl-thread1] INFO  server.RaftServer$Division (RaftServerImpl.java:start(391)) - 853e867f-7800-411e-8ec3-df6d2ca2632d@group-A9AB90963A2A: start as a follower, conf=conf: {index: 0, cur=peers:[853e867f-7800-411e-8ec3-df6d2ca2632d|pkrvmberfyhpb9w:15032]|listeners:[], old=null}
2025-05-13 07:39:08,587 [853e867f-7800-411e-8ec3-df6d2ca2632d-impl-thread1] INFO  server.RaftServer$Division (RaftServerImpl.java:setRole(378)) - 853e867f-7800-411e-8ec3-df6d2ca2632d@group-A9AB90963A2A: changes role from      null to FOLLOWER at term 1 for startAsFollower
2025-05-13 07:39:08,587 [853e867f-7800-411e-8ec3-df6d2ca2632d-impl-thread1] INFO  impl.RoleInfo (RoleInfo.java:updateAndGet(148)) - 853e867f-7800-411e-8ec3-df6d2ca2632d: start 853e867f-7800-411e-8ec3-df6d2ca2632d@group-A9AB90963A2A-FollowerState
2025-05-13 07:39:08,587 [853e867f-7800-411e-8ec3-df6d2ca2632d@group-A9AB90963A2A-FollowerState] INFO  server.RaftServerConfigKeys (ConfUtils.java:logFallback(53)) - raft.server.rpc.first-election.timeout.min = 5000ms (fallback to raft.server.rpc.timeout.min)
2025-05-13 07:39:08,587 [853e867f-7800-411e-8ec3-df6d2ca2632d-impl-thread1] INFO  util.JmxRegister (JmxRegister.java:tryRegister(44)) - Successfully registered JMX Bean with object name Ratis:service=RaftServer,group=group-A9AB90963A2A,id=853e867f-7800-411e-8ec3-df6d2ca2632d
2025-05-13 07:39:08,587 [853e867f-7800-411e-8ec3-df6d2ca2632d-impl-thread1] INFO  util.JmxRegister (JmxRegister.java:register(58)) - register mxBean class org.apache.ratis.server.impl.RaftServerJmxAdapter as Ratis:service=RaftServer,group=group-A9AB90963A2A,id=853e867f-7800-411e-8ec3-df6d2ca2632d
2025-05-13 07:39:08,587 [853e867f-7800-411e-8ec3-df6d2ca2632d-impl-thread1] INFO  server.RaftServerConfigKeys (ConfUtils.java:logGet(46)) - raft.server.snapshot.trigger-when-stop.enabled = true (default)
2025-05-13 07:39:08,587 [853e867f-7800-411e-8ec3-df6d2ca2632d-impl-thread1] INFO  server.RaftServerConfigKeys (ConfUtils.java:logGet(46)) - raft.server.snapshot.trigger-when-remove.enabled = true (default)
2025-05-13 07:39:08,588 [853e867f-7800-411e-8ec3-df6d2ca2632d-impl-thread1] INFO  server.RaftServerConfigKeys (ConfUtils.java:logGet(46)) - raft.server.snapshot.auto.trigger.enabled = true (custom)
2025-05-13 07:39:08,588 [853e867f-7800-411e-8ec3-df6d2ca2632d-impl-thread1] INFO  server.RaftServerConfigKeys (ConfUtils.java:logGet(46)) - raft.server.snapshot.auto.trigger.threshold = 1000 (custom)
2025-05-13 07:39:08,588 [853e867f-7800-411e-8ec3-df6d2ca2632d-impl-thread1] INFO  server.RaftServerConfigKeys (ConfUtils.java:logGet(46)) - raft.server.snapshot.retention.file.num = -1 (default)
2025-05-13 07:39:08,588 [853e867f-7800-411e-8ec3-df6d2ca2632d-impl-thread1] INFO  server.RaftServerConfigKeys (ConfUtils.java:logGet(46)) - raft.server.log.purge.upto.snapshot.index = false (default)
2025-05-13 07:39:08,587 [853e867f-7800-411e-8ec3-df6d2ca2632d@group-A9AB90963A2A-FollowerState] INFO  server.RaftServerConfigKeys (ConfUtils.java:logFallback(53)) - raft.server.rpc.first-election.timeout.max = 5200ms (fallback to raft.server.rpc.timeout.max)
2025-05-13 07:39:08,588 [853e867f-7800-411e-8ec3-df6d2ca2632d-impl-thread1] INFO  server.RaftServer$Division (RaftServerImpl.java:start(405)) - 853e867f-7800-411e-8ec3-df6d2ca2632d@group-A9AB90963A2A: Successfully started.
2025-05-13 07:39:08,588 [main] INFO  server.RaftServer (RaftServerProxy.java:startImpl(407)) - 853e867f-7800-411e-8ec3-df6d2ca2632d: start RPC server
2025-05-13 07:39:08,589 [main] INFO  server.GrpcService (GrpcService.java:startImpl(334)) - 853e867f-7800-411e-8ec3-df6d2ca2632d: GrpcService started, listening on 15032
2025-05-13 07:39:08,589 [JvmPauseMonitor9] INFO  util.JvmPauseMonitor (JvmPauseMonitor.java:run(146)) - JvmPauseMonitor-853e867f-7800-411e-8ec3-df6d2ca2632d: Started
2025-05-13 07:39:08,589 [main] INFO  ha.SCMHAManagerImpl (SCMHAManagerImpl.java:start(131)) -  scm role is FOLLOWER peers [853e867f-7800-411e-8ec3-df6d2ca2632d|pkrvmberfyhpb9w:15032]
2025-05-13 07:39:08,590 [main] INFO  ha.InterSCMGrpcService (InterSCMGrpcProtocolService.java:start(98)) - Starting SCM Grpc Service at port 15033
2025-05-13 07:39:08,590 [main] INFO  SCMHATransactionMonitor (BackgroundSCMService.java:start(64)) - Starting SCMHATransactionMonitor Service.
2025-05-13 07:39:08,590 [main] INFO  ha.SCMServiceManager (SCMServiceManager.java:register(42)) - Registering service SCMHATransactionMonitor.
2025-05-13 07:39:08,591 [main] INFO  SCMHATransactionMonitor (BackgroundSCMService.java:start(61)) - SCMHATransactionMonitor Service is already running, skip start.
2025-05-13 07:39:08,592 [main] WARN  impl.MetricsConfig (MetricsConfig.java:loadFirst(138)) - Cannot locate configuration: tried hadoop-metrics2-storagecontainermanager.properties,hadoop-metrics2.properties
2025-05-13 07:39:08,592 [main] INFO  impl.MetricsSystemImpl (MetricsSystemImpl.java:startTimer(378)) - Scheduled Metric snapshot period at 10 second(s).
2025-05-13 07:39:08,593 [main] INFO  impl.MetricsSystemImpl (MetricsSystemImpl.java:start(191)) - StorageContainerManager metrics system started
2025-05-13 07:39:08,607 [main] INFO  impl.MetricsSinkAdapter (MetricsSinkAdapter.java:start(204)) - Sink prometheus started
2025-05-13 07:39:08,607 [main] INFO  impl.MetricsSystemImpl (MetricsSystemImpl.java:registerSink(305)) - Registered sink prometheus
2025-05-13 07:39:08,619 [main] INFO  server.SCMClientProtocolServer (SCMClientProtocolServer.java:start(207)) - RPC server for Client  is listening at /0.0.0.0:15028
2025-05-13 07:39:08,619 [IPC Server Responder] INFO  ipc.Server (Server.java:run(1713)) - IPC Server Responder: starting
2025-05-13 07:39:08,620 [IPC Server listener on 15028] INFO  ipc.Server (Server.java:run(1553)) - IPC Server listener on 15028: starting
2025-05-13 07:39:08,630 [main] INFO  server.StorageContainerManager (StorageContainerManager.java:start(1520)) - ScmBlockLocationProtocol RPC server is listening at /0.0.0.0:15030
2025-05-13 07:39:08,630 [main] INFO  server.SCMBlockProtocolServer (SCMBlockProtocolServer.java:start(166)) - RPC server for Block Protocol is listening at /0.0.0.0:15030
2025-05-13 07:39:08,630 [IPC Server Responder] INFO  ipc.Server (Server.java:run(1713)) - IPC Server Responder: starting
2025-05-13 07:39:08,631 [IPC Server listener on 15030] INFO  ipc.Server (Server.java:run(1553)) - IPC Server listener on 15030: starting
2025-05-13 07:39:08,641 [main] INFO  server.SCMSecurityProtocolServer (SCMSecurityProtocolServer.java:start(503)) - Starting RPC server for SCMSecurityProtocolServer. is listening at /0.0.0.0:15031
2025-05-13 07:39:08,642 [IPC Server Responder] INFO  ipc.Server (Server.java:run(1713)) - IPC Server Responder: starting
2025-05-13 07:39:08,642 [IPC Server listener on 15031] INFO  ipc.Server (Server.java:run(1553)) - IPC Server listener on 15031: starting
2025-05-13 07:39:08,643 [main] INFO  http.BaseHttpServer (BaseHttpServer.java:newHttpServer2BuilderForOzone(229)) - Starting Web-server for scm at: http://0.0.0.0:9876
2025-05-13 07:39:08,644 [main] INFO  http.BaseHttpServer (BaseHttpServer.java:<init>(107)) - Hadoop Security Enabled: true Ozone Security Enabled: true Ozone HTTP Security Enabled: false 
2025-05-13 07:39:08,650 [main] WARN  server.AuthenticationFilter (AuthenticationFilter.java:constructSecretProvider(240)) - Unable to initialize FileSignerSecretProvider, falling back to use random secrets. Reason: Could not read signature secret file: /home/runner/hadoop-http-auth-signature-secret
2025-05-13 07:39:08,653 [main] INFO  http.HttpServer2 (HttpServer2.java:addGlobalFilter(1042)) - Added global filter 'safety' (class=org.apache.hadoop.hdds.server.http.HttpServer2$QuotingInputFilter)
2025-05-13 07:39:08,654 [main] INFO  http.HttpServer2 (HttpServer2.java:addFilter(1018)) - Added filter static_user_filter (class=org.apache.hadoop.http.lib.StaticUserWebFilter$StaticUserFilter) to context scm
2025-05-13 07:39:08,654 [main] INFO  http.HttpServer2 (HttpServer2.java:addFilter(1026)) - Added filter static_user_filter (class=org.apache.hadoop.http.lib.StaticUserWebFilter$StaticUserFilter) to context static
2025-05-13 07:39:08,654 [main] INFO  http.HttpServer2 (HttpServer2.java:addFilter(1026)) - Added filter static_user_filter (class=org.apache.hadoop.http.lib.StaticUserWebFilter$StaticUserFilter) to context logs
2025-05-13 07:39:08,655 [main] INFO  http.BaseHttpServer (BaseHttpServer.java:<init>(195)) - HTTP server of scm uses base directory /tmp/junit-3045947392054738851/scm-meta/webserver
2025-05-13 07:39:08,655 [main] INFO  http.HttpServer2 (HttpServer2.java:bindListener(1242)) - Jetty bound to port 9876
2025-05-13 07:39:08,655 [main] INFO  server.Server (Server.java:doStart(375)) - jetty-9.4.57.v20241219; built: 2025-01-08T21:24:30.412Z; git: df524e6b29271c2e09ba9aea83c18dc9db464a31; jvm 21.0.7+6-LTS
2025-05-13 07:39:08,657 [main] INFO  server.session (DefaultSessionIdManager.java:doStart(334)) - DefaultSessionIdManager workerName=node0
2025-05-13 07:39:08,657 [main] INFO  server.session (DefaultSessionIdManager.java:doStart(339)) - No SessionScavenger set, using defaults
2025-05-13 07:39:08,657 [main] INFO  server.session (HouseKeeper.java:startScavenging(132)) - node0 Scavenging every 600000ms
2025-05-13 07:39:08,658 [main] INFO  handler.ContextHandler (ContextHandler.java:doStart(921)) - Started o.e.j.s.ServletContextHandler@1e4fd633{logs,/logs,file:///home/runner/work/ozone/ozone/hadoop-ozone/integration-test/target/log,AVAILABLE}
2025-05-13 07:39:08,658 [main] INFO  handler.ContextHandler (ContextHandler.java:doStart(921)) - Started o.e.j.s.ServletContextHandler@40bdb06d{static,/static,file:///home/runner/work/ozone/ozone/hadoop-ozone/integration-test/target/test-classes/webapps/static,AVAILABLE}
2025-05-13 07:39:08,665 [main] INFO  handler.ContextHandler (ContextHandler.java:doStart(921)) - Started o.e.j.w.WebAppContext@6be6d315{scm,/,file:///home/runner/work/ozone/ozone/hadoop-ozone/integration-test/target/test-classes/webapps/scm/,AVAILABLE}{file:/home/runner/work/ozone/ozone/hadoop-ozone/integration-test/target/test-classes/webapps/scm}
2025-05-13 07:39:08,666 [main] INFO  server.AbstractConnector (AbstractConnector.java:doStart(333)) - Started ServerConnector@2156371c{HTTP/1.1, (http/1.1)}{0.0.0.0:9876}
2025-05-13 07:39:08,666 [main] INFO  server.Server (Server.java:doStart(415)) - Started @49545ms
2025-05-13 07:39:08,666 [main] WARN  impl.MetricsSystemImpl (MetricsSystemImpl.java:register(279)) - Sink prometheus already exists!
2025-05-13 07:39:08,666 [main] INFO  http.BaseHttpServer (BaseHttpServer.java:updateConnectorAddress(359)) - HTTP server of scm listening at http://0.0.0.0:9876
2025-05-13 07:39:08,668 [main] WARN  server.ServerUtils (ServerUtils.java:getDBPath(292)) - ozone.om.db.dirs is not configured. We recommend adding this setting. Falling back to ozone.metadata.dirs instead.
2025-05-13 07:39:08,670 [main] INFO  ha.OMHANodeDetails (OMHANodeDetails.java:loadOMHAConfig(113)) - ozone.om.internal.service.id is not defined, falling back to ozone.om.service.ids to find serviceID for OzoneManager if it is HA enabled cluster
2025-05-13 07:39:08,671 [main] INFO  ha.OMHANodeDetails (OMHANodeDetails.java:loadOMHAConfig(224)) - Configuration does not have ozone.om.address set. Falling back to the default OM address pkrvmberfyhpb9w.internal.cloudapp.net/10.1.0.195:15034
2025-05-13 07:39:08,671 [main] INFO  ha.OMHANodeDetails (OMHANodeDetails.java:getOMNodeDetailsForNonHA(252)) - OM Service ID is not set. Setting it to the default ID: omServiceIdDefault
2025-05-13 07:39:08,672 [main] INFO  ha.OMHANodeDetails (OMHANodeDetails.java:getOMNodeDetailsForNonHA(259)) - OM Node ID is not set. Setting it to the default ID: om1
2025-05-13 07:39:08,672 [main] WARN  server.ServerUtils (ServerUtils.java:getDBPath(292)) - ozone.om.db.dirs is not configured. We recommend adding this setting. Falling back to ozone.metadata.dirs instead.
2025-05-13 07:39:08,675 [main] INFO  upgrade.AbstractLayoutVersionManager (AbstractLayoutVersionManager.java:init(80)) - Initializing Layout version manager with metadata layout = DELEGATION_TOKEN_SYMMETRIC_SIGN (version = 8), software layout = DELEGATION_TOKEN_SYMMETRIC_SIGN (version = 8)
2025-05-13 07:39:08,676 [pool-254-thread-1] INFO  request.TgsRequest (TgsRequest.java:issueTicket(117)) - TGS_REQ ISSUE: authtime 1747121948676,om/pkrvmberfyhpb9w.internal.cloudapp.net@EXAMPLE.COM for om/pkrvmberfyhpb9w.internal.cloudapp.net@EXAMPLE.COM
2025-05-13 07:39:08,687 [Socket Reader #1 for port 15031] INFO  ipc.Server (Server.java:saslProcess(2290)) - Auth successful for om/pkrvmberfyhpb9w.internal.cloudapp.net@EXAMPLE.COM (auth:KERBEROS) from 127.0.0.1:60732
2025-05-13 07:39:08,689 [IPC Server handler 0 on default port 15031] INFO  ipc.Server (Server.java:logException(3260)) - IPC Server handler 0 on default port 15031, call Call#4 Retry#0 org.apache.hadoop.hdds.protocol.SCMSecurityProtocol.submitRequest from 127.0.0.1:60732
org.apache.hadoop.hdds.ratis.ServerNotLeaderException: SCM Server:853e867f-7800-411e-8ec3-df6d2ca2632d(pkrvmberfyhpb9w.internal.cloudapp.net) is not the leader. Could not determine the leader node.
	at org.apache.hadoop.hdds.ratis.ServerNotLeaderException.convertToNotLeaderException(ServerNotLeaderException.java:106)
	at org.apache.hadoop.hdds.scm.ha.RatisUtil.checkRatisException(RatisUtil.java:248)
	at org.apache.hadoop.hdds.scm.protocol.SCMSecurityProtocolServerSideTranslatorPB.submitRequest(SCMSecurityProtocolServerSideTranslatorPB.java:83)
	at org.apache.hadoop.hdds.protocol.proto.SCMSecurityProtocolProtos$SCMSecurityProtocolService$2.callBlockingMethod(SCMSecurityProtocolProtos.java:18942)
	at org.apache.hadoop.ipc.ProtobufRpcEngine$Server.processCall(ProtobufRpcEngine.java:484)
	at org.apache.hadoop.ipc.ProtobufRpcEngine2$Server$ProtoBufRpcInvoker.call(ProtobufRpcEngine2.java:595)
	at org.apache.hadoop.ipc.ProtobufRpcEngine2$Server$ProtoBufRpcInvoker.call(ProtobufRpcEngine2.java:573)
	at org.apache.hadoop.ipc.RPC$Server.call(RPC.java:1227)
	at org.apache.hadoop.ipc.Server$RpcCall.run(Server.java:1246)
	at org.apache.hadoop.ipc.Server$RpcCall.run(Server.java:1169)
	at java.base/java.security.AccessController.doPrivileged(AccessController.java:714)
	at java.base/javax.security.auth.Subject.doAs(Subject.java:525)
	at org.apache.hadoop.security.UserGroupInformation.doAs(UserGroupInformation.java:1953)
	at org.apache.hadoop.ipc.Server$Handler.run(Server.java:3198)
2025-05-13 07:39:08,757 [main] INFO  reflections.Reflections (Reflections.java:scan(219)) - Reflections took 80 ms to scan 2 urls, producing 207 keys and 618 values
2025-05-13 07:39:08,758 [main] INFO  upgrade.OMLayoutVersionManager (OMLayoutVersionManager.java:lambda$0(110)) - Skipping Upgrade Action QuotaRepairUpgradeAction since it has been finalized.
2025-05-13 07:39:08,758 [main] INFO  upgrade.OMLayoutVersionManager (OMLayoutVersionManager.java:lambda$0(110)) - Skipping Upgrade Action MockOmUpgradeAction since it has been finalized.
2025-05-13 07:39:08,760 [pool-254-thread-1] INFO  request.KdcRequest (KdcRequest.java:preauth(683)) - The preauth data is empty.
2025-05-13 07:39:08,760 [pool-254-thread-1] INFO  server.KdcHandler (KdcHandler.java:handleRecoverableException(177)) - KRB error occurred while processing request: Additional pre-authentication required
2025-05-13 07:39:08,763 [pool-254-thread-1] INFO  request.AsRequest (AsRequest.java:issueTicket(112)) - AS_REQ ISSUE: authtime 1747121948763,om/pkrvmberfyhpb9w.internal.cloudapp.net@EXAMPLE.COM for krbtgt/EXAMPLE.COM@EXAMPLE.COM
2025-05-13 07:39:08,764 [main] INFO  security.UserGroupInformation (UserGroupInformation.java:loginUserFromKeytab(1143)) - Login successful for user om/pkrvmberfyhpb9w.internal.cloudapp.net@EXAMPLE.COM using keytab file om.keytab. Keytab auto renewal enabled : false
2025-05-13 07:39:08,765 [main] INFO  om.OzoneManager (OzoneManager.java:loginOMUser(1308)) - Ozone Manager login successful.
2025-05-13 07:39:08,765 [main] WARN  server.ServerUtils (ServerUtils.java:getDBPath(292)) - ozone.om.db.dirs is not configured. We recommend adding this setting. Falling back to ozone.metadata.dirs instead.
2025-05-13 07:39:08,765 [main] INFO  om.OzoneManager (OzoneManager.java:setReplicationFromConfig(4596)) - Set default replication in OM: RATIS/3 -> RATIS/THREE
2025-05-13 07:39:08,766 [main] INFO  proxy.SCMContainerLocationFailoverProxyProvider (SCMFailoverProxyProviderBase.java:<init>(120)) - Created fail-over proxy for protocol StorageContainerLocationProtocolPB with 1 nodes: [nodeId=scmNodeId,nodeAddress=/0.0.0.0:15028]
2025-05-13 07:39:08,766 [main] INFO  proxy.SCMBlockLocationFailoverProxyProvider (SCMFailoverProxyProviderBase.java:<init>(120)) - Created fail-over proxy for protocol ScmBlockLocationProtocolPB with 1 nodes: [nodeId=scmNodeId,nodeAddress=/0.0.0.0:15030]
2025-05-13 07:39:08,767 [main] INFO  om.OzoneManager (OzoneManager.java:getOmDetailsProto(4941)) - OzoneManager ports added:[name: "RPC"
value: 15034
]
2025-05-13 07:39:08,768 [main] INFO  proxy.SCMSecurityProtocolFailoverProxyProvider (SCMFailoverProxyProviderBase.java:<init>(120)) - Created fail-over proxy for protocol SCMSecurityProtocolPB with 1 nodes: [nodeId=scmNodeId,nodeAddress=/0.0.0.0:15031]
2025-05-13 07:39:08,768 [main] INFO  security.OMCertificateClient (DefaultCertificateClient.java:updateCertSerialId(1289)) - Certificate serial ID set to 9879877970576
2025-05-13 07:39:08,768 [main] WARN  security.OMCertificateClient (DefaultCertificateClient.java:loadAllCertificates(178)) - Certificates could not be loaded.
java.nio.file.NoSuchFileException: /tmp/junit-3045947392054738851/scm-meta/om/certs
	at java.base/sun.nio.fs.UnixException.translateToIOException(UnixException.java:92)
	at java.base/sun.nio.fs.UnixException.asIOException(UnixException.java:115)
	at java.base/sun.nio.fs.UnixFileSystemProvider.newDirectoryStream(UnixFileSystemProvider.java:501)
	at java.base/java.nio.file.Files.newDirectoryStream(Files.java:482)
	at java.base/java.nio.file.Files.list(Files.java:3785)
	at org.apache.hadoop.hdds.security.x509.certificate.client.DefaultCertificateClient.loadAllCertificates(DefaultCertificateClient.java:173)
	at org.apache.hadoop.hdds.security.x509.certificate.client.DefaultCertificateClient.updateCertSerialId(DefaultCertificateClient.java:1290)
	at org.apache.hadoop.hdds.security.x509.certificate.client.DefaultCertificateClient.<init>(DefaultCertificateClient.java:155)
	at org.apache.hadoop.ozone.security.OMCertificateClient.<init>(OMCertificateClient.java:65)
	at org.apache.hadoop.ozone.om.OzoneManager.<init>(OzoneManager.java:646)
	at org.apache.hadoop.ozone.om.OzoneManager.createOm(OzoneManager.java:877)
	at org.apache.hadoop.ozone.TestSecureOzoneCluster.setupOm(TestSecureOzoneCluster.java:716)
	at org.apache.hadoop.ozone.TestSecureOzoneCluster.testGetSetRevokeS3Secret(TestSecureOzoneCluster.java:728)
	at java.base/jdk.internal.reflect.DirectMethodHandleAccessor.invoke(DirectMethodHandleAccessor.java:103)
	at java.base/java.lang.reflect.Method.invoke(Method.java:580)
	at org.junit.platform.commons.util.ReflectionUtils.invokeMethod(ReflectionUtils.java:775)
	at org.junit.platform.commons.support.ReflectionSupport.invokeMethod(ReflectionSupport.java:479)
	at org.junit.jupiter.engine.execution.MethodInvocation.proceed(MethodInvocation.java:60)
	at org.junit.jupiter.engine.execution.InvocationInterceptorChain$ValidatingInvocation.proceed(InvocationInterceptorChain.java:131)
	at org.junit.jupiter.engine.extension.SameThreadTimeoutInvocation.proceed(SameThreadTimeoutInvocation.java:49)
	at org.junit.jupiter.engine.extension.TimeoutExtension.intercept(TimeoutExtension.java:161)
	at org.junit.jupiter.engine.extension.TimeoutExtension.interceptTestableMethod(TimeoutExtension.java:152)
	at org.junit.jupiter.engine.extension.TimeoutExtension.interceptTestMethod(TimeoutExtension.java:91)
	at org.junit.jupiter.engine.execution.InterceptingExecutableInvoker$ReflectiveInterceptorCall.lambda$ofVoidMethod$0(InterceptingExecutableInvoker.java:112)
	at org.junit.jupiter.engine.execution.InterceptingExecutableInvoker.lambda$invoke$0(InterceptingExecutableInvoker.java:94)
	at org.junit.jupiter.engine.execution.InvocationInterceptorChain$InterceptedInvocation.proceed(InvocationInterceptorChain.java:106)
	at org.junit.jupiter.engine.execution.InvocationInterceptorChain.proceed(InvocationInterceptorChain.java:64)
	at org.junit.jupiter.engine.execution.InvocationInterceptorChain.chainAndInvoke(InvocationInterceptorChain.java:45)
	at org.junit.jupiter.engine.execution.InvocationInterceptorChain.invoke(InvocationInterceptorChain.java:37)
	at org.junit.jupiter.engine.execution.InterceptingExecutableInvoker.invoke(InterceptingExecutableInvoker.java:93)
	at org.junit.jupiter.engine.execution.InterceptingExecutableInvoker.invoke(InterceptingExecutableInvoker.java:87)
	at org.junit.jupiter.engine.descriptor.TestMethodTestDescriptor.lambda$invokeTestMethod$7(TestMethodTestDescriptor.java:216)
	at org.junit.platform.engine.support.hierarchical.ThrowableCollector.execute(ThrowableCollector.java:73)
	at org.junit.jupiter.engine.descriptor.TestMethodTestDescriptor.invokeTestMethod(TestMethodTestDescriptor.java:212)
	at org.junit.jupiter.engine.descriptor.TestMethodTestDescriptor.execute(TestMethodTestDescriptor.java:137)
	at org.junit.jupiter.engine.descriptor.TestMethodTestDescriptor.execute(TestMethodTestDescriptor.java:69)
	at org.junit.platform.engine.support.hierarchical.NodeTestTask.lambda$executeRecursively$6(NodeTestTask.java:156)
	at org.junit.platform.engine.support.hierarchical.ThrowableCollector.execute(ThrowableCollector.java:73)
	at org.junit.platform.engine.support.hierarchical.NodeTestTask.lambda$executeRecursively$8(NodeTestTask.java:146)
	at org.junit.platform.engine.support.hierarchical.Node.around(Node.java:137)
	at org.junit.platform.engine.support.hierarchical.NodeTestTask.lambda$executeRecursively$9(NodeTestTask.java:144)
	at org.junit.platform.engine.support.hierarchical.ThrowableCollector.execute(ThrowableCollector.java:73)
	at org.junit.platform.engine.support.hierarchical.NodeTestTask.executeRecursively(NodeTestTask.java:143)
	at org.junit.platform.engine.support.hierarchical.NodeTestTask.execute(NodeTestTask.java:100)
	at java.base/java.util.ArrayList.forEach(ArrayList.java:1596)
	at org.junit.platform.engine.support.hierarchical.SameThreadHierarchicalTestExecutorService.invokeAll(SameThreadHierarchicalTestExecutorService.java:41)
	at org.junit.platform.engine.support.hierarchical.NodeTestTask.lambda$executeRecursively$6(NodeTestTask.java:160)
	at org.junit.platform.engine.support.hierarchical.ThrowableCollector.execute(ThrowableCollector.java:73)
	at org.junit.platform.engine.support.hierarchical.NodeTestTask.lambda$executeRecursively$8(NodeTestTask.java:146)
	at org.junit.platform.engine.support.hierarchical.Node.around(Node.java:137)
	at org.junit.platform.engine.support.hierarchical.NodeTestTask.lambda$executeRecursively$9(NodeTestTask.java:144)
	at org.junit.platform.engine.support.hierarchical.ThrowableCollector.execute(ThrowableCollector.java:73)
	at org.junit.platform.engine.support.hierarchical.NodeTestTask.executeRecursively(NodeTestTask.java:143)
	at org.junit.platform.engine.support.hierarchical.NodeTestTask.execute(NodeTestTask.java:100)
	at java.base/java.util.ArrayList.forEach(ArrayList.java:1596)
	at org.junit.platform.engine.support.hierarchical.SameThreadHierarchicalTestExecutorService.invokeAll(SameThreadHierarchicalTestExecutorService.java:41)
	at org.junit.platform.engine.support.hierarchical.NodeTestTask.lambda$executeRecursively$6(NodeTestTask.java:160)
	at org.junit.platform.engine.support.hierarchical.ThrowableCollector.execute(ThrowableCollector.java:73)
	at org.junit.platform.engine.support.hierarchical.NodeTestTask.lambda$executeRecursively$8(NodeTestTask.java:146)
	at org.junit.platform.engine.support.hierarchical.Node.around(Node.java:137)
	at org.junit.platform.engine.support.hierarchical.NodeTestTask.lambda$executeRecursively$9(NodeTestTask.java:144)
	at org.junit.platform.engine.support.hierarchical.ThrowableCollector.execute(ThrowableCollector.java:73)
	at org.junit.platform.engine.support.hierarchical.NodeTestTask.executeRecursively(NodeTestTask.java:143)
	at org.junit.platform.engine.support.hierarchical.NodeTestTask.execute(NodeTestTask.java:100)
	at org.junit.platform.engine.support.hierarchical.SameThreadHierarchicalTestExecutorService.submit(SameThreadHierarchicalTestExecutorService.java:35)
	at org.junit.platform.engine.support.hierarchical.HierarchicalTestExecutor.execute(HierarchicalTestExecutor.java:57)
	at org.junit.platform.engine.support.hierarchical.HierarchicalTestEngine.execute(HierarchicalTestEngine.java:54)
	at org.junit.platform.launcher.core.EngineExecutionOrchestrator.execute(EngineExecutionOrchestrator.java:201)
	at org.junit.platform.launcher.core.EngineExecutionOrchestrator.execute(EngineExecutionOrchestrator.java:170)
	at org.junit.platform.launcher.core.EngineExecutionOrchestrator.execute(EngineExecutionOrchestrator.java:94)
	at org.junit.platform.launcher.core.EngineExecutionOrchestrator.lambda$execute$0(EngineExecutionOrchestrator.java:59)
	at org.junit.platform.launcher.core.EngineExecutionOrchestrator.withInterceptedStreams(EngineExecutionOrchestrator.java:142)
	at org.junit.platform.launcher.core.EngineExecutionOrchestrator.execute(EngineExecutionOrchestrator.java:58)
	at org.junit.platform.launcher.core.DefaultLauncher.execute(DefaultLauncher.java:103)
	at org.junit.platform.launcher.core.DefaultLauncher.execute(DefaultLauncher.java:85)
	at org.junit.platform.launcher.core.DelegatingLauncher.execute(DelegatingLauncher.java:47)
	at org.junit.platform.launcher.core.InterceptingLauncher.lambda$execute$1(InterceptingLauncher.java:39)
	at org.junit.platform.launcher.core.ClasspathAlignmentCheckingLauncherInterceptor.intercept(ClasspathAlignmentCheckingLauncherInterceptor.java:25)
	at org.junit.platform.launcher.core.InterceptingLauncher.execute(InterceptingLauncher.java:38)
	at org.junit.platform.launcher.core.DelegatingLauncher.execute(DelegatingLauncher.java:47)
	at org.apache.maven.surefire.junitplatform.LazyLauncher.execute(LazyLauncher.java:56)
	at org.apache.maven.surefire.junitplatform.JUnitPlatformProvider.invokeAllTests(JUnitPlatformProvider.java:162)
	at org.apache.maven.surefire.junitplatform.JUnitPlatformProvider.invoke(JUnitPlatformProvider.java:120)
	at org.apache.maven.surefire.booter.ForkedBooter.runSuitesInProcess(ForkedBooter.java:385)
	at org.apache.maven.surefire.booter.ForkedBooter.execute(ForkedBooter.java:162)
	at org.apache.maven.surefire.booter.ForkedBooter.run(ForkedBooter.java:507)
	at org.apache.maven.surefire.booter.ForkedBooter.main(ForkedBooter.java:495)
2025-05-13 07:39:08,769 [main] INFO  proxy.SecretKeyProtocolFailoverProxyProvider (SCMFailoverProxyProviderBase.java:<init>(120)) - Created fail-over proxy for protocol SecretKeyProtocolOmPB with 1 nodes: [nodeId=scmNodeId,nodeAddress=/0.0.0.0:15031]
2025-05-13 07:39:08,769 [main] INFO  symmetric.DefaultSecretKeyVerifierClient (DefaultSecretKeyVerifierClient.java:<init>(76)) - Initializing secret key cache with size 16, TTL PT168H
2025-05-13 07:39:08,771 [main] INFO  om.OzoneManager (OzoneManager.java:<init>(670)) - OM start with adminUsers: [om/pkrvmberfyhpb9w.internal.cloudapp.net@EXAMPLE.COM, om]
2025-05-13 07:39:08,772 [main] WARN  server.ServerUtils (ServerUtils.java:getDBPath(292)) - ozone.om.db.dirs is not configured. We recommend adding this setting. Falling back to ozone.metadata.dirs instead.
2025-05-13 07:39:08,911 [main] INFO  om.OzoneManager (OzoneManager.java:instantiateServices(914)) - S3 Multi-Tenancy is disabled
2025-05-13 07:39:08,911 [main] INFO  security.OzoneSecretStore (OzoneSecretStore.java:loadState(70)) - Loaded 0 tokens
2025-05-13 07:39:08,912 [main] INFO  security.OzoneDelegationTokenSecretManager (OzoneDelegationTokenSecretManager.java:loadTokenSecretState(513)) - Loading token state into token manager.
2025-05-13 07:39:08,912 [main] INFO  om.OmSnapshotManager (OmSnapshotManager.java:<init>(187)) - Ozone filesystem snapshot feature is enabled.
2025-05-13 07:39:08,912 [main] WARN  server.ServerUtils (ServerUtils.java:getDBPath(292)) - ozone.om.snapshot.diff.db.dir is not configured. We recommend adding this setting. Falling back to ozone.metadata.dirs instead.
2025-05-13 07:39:08,945 [main] INFO  om.OzoneManager (OzoneManager.java:addS3GVolumeToDB(4654)) - Created Volume s3v With Owner om required for S3Gateway operations.
2025-05-13 07:39:08,945 [main] WARN  server.ServerUtils (ServerUtils.java:getDefaultRatisDirectory(304)) - Storage directory for Ratis is not configured. It is a good idea to map this to an SSD disk. Falling back to ozone.metadata.dirs
2025-05-13 07:39:08,946 [main] WARN  utils.OzoneManagerRatisUtils (OzoneManagerRatisUtils.java:getOMRatisSnapshotDirectory(488)) - ozone.om.ratis.snapshot.dir is not configured. Falling back to ozone.metadata.dirs config
2025-05-13 07:39:08,946 [main] WARN  dropwizard3.Dm3MetricRegistriesImpl (Dm3MetricRegistriesImpl.java:addReporterRegistration(114)) - New reporters are added after registries were created. Some metrics will be missing from the reporter. Please add reporter before adding any new registry.
2025-05-13 07:39:08,946 [main] WARN  dropwizard3.Dm3MetricRegistriesImpl (Dm3MetricRegistriesImpl.java:addReporterRegistration(114)) - New reporters are added after registries were created. Some metrics will be missing from the reporter. Please add reporter before adding any new registry.
2025-05-13 07:39:08,946 [main] WARN  server.ServerUtils (ServerUtils.java:getDefaultRatisDirectory(304)) - Storage directory for Ratis is not configured. It is a good idea to map this to an SSD disk. Falling back to ozone.metadata.dirs
2025-05-13 07:39:08,947 [main] INFO  server.RaftServerConfigKeys (ConfUtils.java:logGet(46)) - raft.server.log.appender.buffer.byte-limit = 4194304 (custom)
2025-05-13 07:39:08,948 [main] INFO  ratis.OzoneManagerRatisServer (OzoneManagerRatisServer.java:<init>(167)) - Instantiating OM Ratis server with groupID: omServiceIdDefault and peers: pkrvmberfyhpb9w.internal.cloudapp.net:9872
2025-05-13 07:39:08,949 [main] INFO  ratis.OzoneManagerStateMachine (OzoneManagerStateMachine.java:loadSnapshotInfoFromDB(618)) - TransactionInfo not found in OM DB.
2025-05-13 07:39:08,949 [main] INFO  server.RaftServer (ConfUtils.java:logGet(46)) - raft.rpc.type = GRPC (default)
2025-05-13 07:39:08,950 [main] INFO  grpc.GrpcConfigKeys (ConfUtils.java:logFallback(53)) - raft.grpc.admin.host = null (fallback to raft.grpc.server.host)
2025-05-13 07:39:08,950 [main] INFO  grpc.GrpcConfigKeys (ConfUtils.java:logFallback(53)) - raft.grpc.admin.port = 9872 (fallback to raft.grpc.server.port)
2025-05-13 07:39:08,950 [main] INFO  grpc.GrpcConfigKeys (ConfUtils.java:logFallback(53)) - raft.grpc.client.host = null (fallback to raft.grpc.server.host)
2025-05-13 07:39:08,950 [main] INFO  grpc.GrpcConfigKeys (ConfUtils.java:logFallback(53)) - raft.grpc.client.port = 9872 (fallback to raft.grpc.server.port)
2025-05-13 07:39:08,950 [main] INFO  grpc.GrpcConfigKeys (ConfUtils.java:logGet(46)) - raft.grpc.server.host = null (default)
2025-05-13 07:39:08,950 [main] INFO  grpc.GrpcConfigKeys (ConfUtils.java:logGet(46)) - raft.grpc.server.port = 9872 (custom)
2025-05-13 07:39:08,950 [main] INFO  server.GrpcService (ConfUtils.java:logGet(46)) - raft.grpc.message.size.max = 5242880 (custom)
2025-05-13 07:39:08,950 [main] INFO  server.GrpcService (ConfUtils.java:logGet(46)) - raft.grpc.flow.control.window = 1MB (=1048576) (default)
2025-05-13 07:39:08,950 [main] INFO  server.RaftServerConfigKeys (ConfUtils.java:logGet(46)) - raft.server.rpc.request.timeout = 3000ms (default)
2025-05-13 07:39:08,950 [main] INFO  grpc.GrpcConfigKeys (ConfUtils.java:logGet(46)) - raft.grpc.server.heartbeat.channel = true (default)
2025-05-13 07:39:08,951 [main] INFO  server.RaftServerConfigKeys (ConfUtils.java:logGet(46)) - raft.server.log.appender.buffer.byte-limit = 4194304 (custom)
2025-05-13 07:39:08,951 [main] INFO  grpc.GrpcConfigKeys (ConfUtils.java:logGet(46)) - raft.grpc.server.async.request.thread.pool.cached = true (default)
2025-05-13 07:39:08,951 [main] INFO  grpc.GrpcConfigKeys (ConfUtils.java:logGet(46)) - raft.grpc.server.async.request.thread.pool.size = 32 (default)
2025-05-13 07:39:08,952 [main] INFO  impl.DataStreamServerImpl (ConfUtils.java:logGet(46)) - raft.datastream.type = DISABLED (default)
2025-05-13 07:39:08,952 [main] INFO  server.RaftServerConfigKeys (ConfUtils.java:logGet(46)) - raft.server.sleep.deviation.threshold = 300ms (default)
2025-05-13 07:39:08,952 [main] INFO  server.RaftServerConfigKeys (ConfUtils.java:logGet(46)) - raft.server.close.threshold = 60s (default)
2025-05-13 07:39:08,952 [main] INFO  server.RaftServerConfigKeys (ConfUtils.java:logGet(46)) - raft.server.leaderelection.leader.step-down.wait-time = 10s (default)
2025-05-13 07:39:08,952 [main] INFO  server.RaftServerConfigKeys (ConfUtils.java:logGet(46)) - raft.server.storage.dir = [/tmp/junit-3045947392054738851/scm-meta/ratis] (custom)
2025-05-13 07:39:08,952 [main] INFO  server.RaftServerConfigKeys (ConfUtils.java:logGet(46)) - raft.server.threadpool.proxy.cached = true (default)
2025-05-13 07:39:08,952 [main] INFO  server.RaftServerConfigKeys (ConfUtils.java:logGet(46)) - raft.server.threadpool.proxy.size = 0 (default)
2025-05-13 07:39:08,953 [main] INFO  server.RaftServer (RaftServerProxy.java:addNew(100)) - om1: addNew group-C5BA1605619E:[om1|pkrvmberfyhpb9w.internal.cloudapp.net:9872] returns group-C5BA1605619E:java.util.concurrent.CompletableFuture@f94dd0d[Not completed]
2025-05-13 07:39:08,953 [main] INFO  om.OzoneManager (OzoneManager.java:initializeRatisServer(2284)) - OzoneManager Ratis server initialized at port 9872
2025-05-13 07:39:08,953 [om1-groupManagement] INFO  server.RaftServer$Division (RaftServerImpl.java:<init>(255)) - om1: new RaftServerImpl for group-C5BA1605619E:[om1|pkrvmberfyhpb9w.internal.cloudapp.net:9872] with OzoneManagerStateMachine:uninitialized
2025-05-13 07:39:08,953 [main] INFO  om.OzoneManager (OzoneManager.java:getRpcServer(1340)) - Creating RPC Server
2025-05-13 07:39:08,953 [om1-groupManagement] INFO  server.RaftServerConfigKeys (ConfUtils.java:logGet(46)) - raft.server.rpc.timeout.min = 5s (custom)
2025-05-13 07:39:08,953 [om1-groupManagement] INFO  server.RaftServerConfigKeys (ConfUtils.java:logGet(46)) - raft.server.rpc.timeout.max = 5200ms (custom)
2025-05-13 07:39:08,954 [om1-groupManagement] INFO  server.RaftServerConfigKeys (ConfUtils.java:logGet(46)) - raft.server.rpc.sleep.time = 25ms (default)
2025-05-13 07:39:08,954 [om1-groupManagement] INFO  server.RaftServerConfigKeys (ConfUtils.java:logGet(46)) - raft.server.rpc.slowness.timeout = 120s (custom)
2025-05-13 07:39:08,954 [om1-groupManagement] INFO  server.RaftServerConfigKeys (ConfUtils.java:logGet(46)) - raft.server.leaderelection.leader.step-down.wait-time = 10s (default)
2025-05-13 07:39:08,954 [om1-groupManagement] INFO  server.RaftServerConfigKeys (ConfUtils.java:logGet(46)) - raft.server.leaderelection.member.majority-add = false (default)
2025-05-13 07:39:08,954 [om1-groupManagement] INFO  server.RaftServerConfigKeys (ConfUtils.java:logGet(46)) - raft.server.sleep.deviation.threshold = 300ms (default)
2025-05-13 07:39:08,954 [om1-groupManagement] INFO  server.RaftServer$Division (ServerState.java:<init>(114)) - om1@group-C5BA1605619E: ConfigurationManager, init=conf: {index: -1, cur=peers:[om1|pkrvmberfyhpb9w.internal.cloudapp.net:9872]|listeners:[], old=null}, confs=<EMPTY_MAP>
2025-05-13 07:39:08,954 [om1-groupManagement] INFO  server.RaftServerConfigKeys (ConfUtils.java:logGet(46)) - raft.server.notification.no-leader.timeout = 120s (custom)
2025-05-13 07:39:08,954 [om1-groupManagement] INFO  server.RaftServerConfigKeys (ConfUtils.java:logGet(46)) - raft.server.read.timeout = 10s (default)
2025-05-13 07:39:08,954 [om1-groupManagement] INFO  server.RaftServerConfigKeys (ConfUtils.java:logGet(46)) - raft.server.retrycache.expirytime = 300s (custom)
2025-05-13 07:39:08,954 [om1-groupManagement] INFO  server.RaftServerConfigKeys (ConfUtils.java:logGet(46)) - raft.server.retrycache.statistics.expirytime = 100ms (default)
2025-05-13 07:39:08,954 [om1-groupManagement] INFO  server.RaftServerConfigKeys (ConfUtils.java:logGet(46)) - raft.server.read.option = DEFAULT (default)
2025-05-13 07:39:08,954 [om1-groupManagement] INFO  server.RaftServerConfigKeys (ConfUtils.java:logGet(46)) - raft.server.read.read-after-write-consistent.write-index-cache.expiry-time = 60s (default)
2025-05-13 07:39:08,955 [om1-groupManagement] INFO  server.RaftServerConfigKeys (ConfUtils.java:logGet(46)) - raft.server.rpc.request.timeout = 3000ms (default)
2025-05-13 07:39:08,955 [om1-groupManagement] INFO  server.RaftServerConfigKeys (ConfUtils.java:logGet(46)) - raft.server.log.appender.install.snapshot.enabled = false (custom)
2025-05-13 07:39:08,955 [om1-groupManagement] INFO  server.RaftServerConfigKeys (ConfUtils.java:logGet(46)) - raft.server.threadpool.server.cached = true (default)
2025-05-13 07:39:08,955 [om1-groupManagement] INFO  server.RaftServerConfigKeys (ConfUtils.java:logGet(46)) - raft.server.threadpool.server.size = 0 (default)
2025-05-13 07:39:08,955 [om1-groupManagement] INFO  server.RaftServerConfigKeys (ConfUtils.java:logGet(46)) - raft.server.threadpool.client.cached = true (default)
2025-05-13 07:39:08,955 [om1-groupManagement] INFO  server.RaftServerConfigKeys (ConfUtils.java:logGet(46)) - raft.server.threadpool.client.size = 0 (default)
2025-05-13 07:39:09,267 [main] INFO  reflections.Reflections (Reflections.java:scan(219)) - Reflections took 313 ms to scan 24 urls, producing 60 keys and 7515 values
2025-05-13 07:39:09,268 [main] INFO  ipc.CallQueueManager (CallQueueManager.java:<init>(93)) - Using callQueue: class java.util.concurrent.LinkedBlockingQueue, queueCapacity: 2000, scheduler: class org.apache.hadoop.ipc.DefaultRpcScheduler, ipcBackoff: false, ipcFailOver: false.
2025-05-13 07:39:09,269 [main] INFO  server.StorageContainerManager (StorageContainerManager.java:stop(1608)) - Container Balancer is not running.
2025-05-13 07:39:09,269 [main] INFO  server.StorageContainerManager (StorageContainerManager.java:stopReplicationManager(1742)) - Stopping Replication Manager Service.
2025-05-13 07:39:09,269 [main] INFO  replication.ReplicationManager (ReplicationManager.java:stop(316)) - Stopping Replication Monitor Thread.
2025-05-13 07:39:09,269 [main] INFO  server.StorageContainerManager (StorageContainerManager.java:stop(1617)) - Stopping the Datanode Admin Monitor.
2025-05-13 07:39:09,269 [ReplicationMonitor] INFO  replication.ReplicationManager (ReplicationManager.java:run(936)) - Replication Monitor Thread is stopped
2025-05-13 07:39:09,269 [main] INFO  server.StorageContainerManager (StorageContainerManager.java:stop(1624)) - Stopping datanode service RPC server
2025-05-13 07:39:09,269 [main] INFO  server.SCMDatanodeProtocolServer (SCMDatanodeProtocolServer.java:stop(447)) - Stopping the RPC server for DataNodes
2025-05-13 07:39:09,269 [main] INFO  ipc.Server (Server.java:stop(3697)) - Stopping server on 15029
2025-05-13 07:39:09,269 [OverReplicatedProcessor] WARN  replication.UnhealthyReplicationProcessor (UnhealthyReplicationProcessor.java:run(178)) - OverReplicatedProcessor interrupted. Exiting...
2025-05-13 07:39:09,269 [UnderReplicatedProcessor] WARN  replication.UnhealthyReplicationProcessor (UnhealthyReplicationProcessor.java:run(178)) - UnderReplicatedProcessor interrupted. Exiting...
2025-05-13 07:39:09,349 [SCMHeartbeatProcessor-0] WARN  node.NodeStateManager (NodeStateManager.java:scheduleNextHealthCheck(909)) - Current Thread is interrupted, shutting down HB processing thread for Node Manager.
2025-05-13 07:39:09,349 [main] INFO  server.StorageContainerManager (StorageContainerManager.java:stop(1632)) - Stopping block service RPC server
2025-05-13 07:39:09,349 [main] INFO  server.SCMBlockProtocolServer (SCMBlockProtocolServer.java:stop(175)) - Stopping the RPC server for Block Protocol
2025-05-13 07:39:09,349 [main] INFO  ipc.Server (Server.java:stop(3697)) - Stopping server on 15030
2025-05-13 07:39:09,354 [IPC Server listener on 15030] INFO  ipc.Server (Server.java:run(1585)) - Stopping IPC Server listener on 15030
2025-05-13 07:39:09,354 [IPC Server Responder] INFO  ipc.Server (Server.java:run(1718)) - Stopping IPC Server Responder
2025-05-13 07:39:09,354 [main] INFO  server.StorageContainerManager (StorageContainerManager.java:stop(1639)) - Stopping the StorageContainerLocationProtocol RPC server
2025-05-13 07:39:09,354 [main] INFO  server.SCMClientProtocolServer (SCMClientProtocolServer.java:stop(216)) - Stopping the RPC server for Client Protocol
2025-05-13 07:39:09,354 [main] INFO  ipc.Server (Server.java:stop(3697)) - Stopping server on 15028
2025-05-13 07:39:09,357 [IPC Server listener on 15028] INFO  ipc.Server (Server.java:run(1585)) - Stopping IPC Server listener on 15028
2025-05-13 07:39:09,357 [IPC Server Responder] INFO  ipc.Server (Server.java:run(1718)) - Stopping IPC Server Responder
2025-05-13 07:39:09,357 [main] INFO  server.StorageContainerManager (StorageContainerManager.java:stop(1646)) - Stopping Storage Container Manager HTTP server.
2025-05-13 07:39:09,358 [main] INFO  handler.ContextHandler (ContextHandler.java:doStop(1159)) - Stopped o.e.j.w.WebAppContext@6be6d315{scm,/,null,STOPPED}{file:/home/runner/work/ozone/ozone/hadoop-ozone/integration-test/target/test-classes/webapps/scm}
2025-05-13 07:39:09,359 [main] INFO  server.AbstractConnector (AbstractConnector.java:doStop(383)) - Stopped ServerConnector@2156371c{HTTP/1.1, (http/1.1)}{0.0.0.0:9876}
2025-05-13 07:39:09,360 [main] INFO  server.session (HouseKeeper.java:stopScavenging(149)) - node0 Stopped scavenging
2025-05-13 07:39:09,360 [main] INFO  handler.ContextHandler (ContextHandler.java:doStop(1159)) - Stopped o.e.j.s.ServletContextHandler@40bdb06d{static,/static,file:///home/runner/work/ozone/ozone/hadoop-ozone/integration-test/target/test-classes/webapps/static,STOPPED}
2025-05-13 07:39:09,360 [main] INFO  handler.ContextHandler (ContextHandler.java:doStop(1159)) - Stopped o.e.j.s.ServletContextHandler@1e4fd633{logs,/logs,file:///home/runner/work/ozone/ozone/hadoop-ozone/integration-test/target/log,STOPPED}
2025-05-13 07:39:09,361 [main] INFO  server.StorageContainerManager (StorageContainerManager.java:stop(1654)) - Stopping SCM LayoutVersionManager Service.
2025-05-13 07:39:09,361 [main] INFO  server.SCMSecurityProtocolServer (SCMSecurityProtocolServer.java:stop(510)) - Stopping the SCMSecurityProtocolServer.
2025-05-13 07:39:09,361 [main] INFO  ipc.Server (Server.java:stop(3697)) - Stopping server on 15031
2025-05-13 07:39:09,361 [IPC Server Responder] INFO  ipc.Server (Server.java:run(1718)) - Stopping IPC Server Responder
2025-05-13 07:39:09,361 [IPC Server listener on 15031] INFO  ipc.Server (Server.java:run(1585)) - Stopping IPC Server listener on 15031
2025-05-13 07:39:09,361 [main] INFO  server.StorageContainerManager (StorageContainerManager.java:stop(1666)) - Stopping Block Manager Service.
2025-05-13 07:39:09,362 [main] INFO  utils.BackgroundService (BackgroundService.java:shutdown(160)) - Shutting down service SCMBlockDeletingService
2025-05-13 07:39:09,362 [main] INFO  utils.BackgroundService (BackgroundService.java:shutdown(160)) - Shutting down service SCMBlockDeletingService
2025-05-13 07:39:09,362 [main] INFO  server.StorageContainerManager (StorageContainerManager.java:stop(1691)) - Stopping SCM Event Queue.
2025-05-13 07:39:09,363 [main] INFO  server.StorageContainerManager (StorageContainerManager.java:stop(1698)) - Stopping SCM HA services.
2025-05-13 07:39:09,363 [main] INFO  ha.SCMRatisServerImpl (SCMRatisServerImpl.java:stop(266)) - stopping ratis server 0.0.0.0:15032
2025-05-13 07:39:09,363 [main] INFO  server.RaftServer (RaftServerProxy.java:lambda$close$9(417)) - 853e867f-7800-411e-8ec3-df6d2ca2632d: close
2025-05-13 07:39:09,363 [main] INFO  server.GrpcService (GrpcService.java:closeImpl(343)) - 853e867f-7800-411e-8ec3-df6d2ca2632d: shutdown server GrpcServerProtocolService now
2025-05-13 07:39:09,363 [853e867f-7800-411e-8ec3-df6d2ca2632d-impl-thread1] INFO  server.RaftServer$Division (RaftServerImpl.java:lambda$close$1(513)) - 853e867f-7800-411e-8ec3-df6d2ca2632d@group-A9AB90963A2A: shutdown
2025-05-13 07:39:09,363 [853e867f-7800-411e-8ec3-df6d2ca2632d-impl-thread1] INFO  util.JmxRegister (JmxRegister.java:unregister(74)) - Successfully un-registered JMX Bean with object name Ratis:service=RaftServer,group=group-A9AB90963A2A,id=853e867f-7800-411e-8ec3-df6d2ca2632d
2025-05-13 07:39:09,363 [853e867f-7800-411e-8ec3-df6d2ca2632d-impl-thread1] INFO  impl.RoleInfo (RoleInfo.java:shutdownFollowerState(121)) - 853e867f-7800-411e-8ec3-df6d2ca2632d: shutdown 853e867f-7800-411e-8ec3-df6d2ca2632d@group-A9AB90963A2A-FollowerState
2025-05-13 07:39:09,363 [853e867f-7800-411e-8ec3-df6d2ca2632d-impl-thread1] INFO  impl.StateMachineUpdater (StateMachineUpdater.java:stopAndJoin(164)) - 853e867f-7800-411e-8ec3-df6d2ca2632d@group-A9AB90963A2A-StateMachineUpdater: set stopIndex = -1
2025-05-13 07:39:09,363 [853e867f-7800-411e-8ec3-df6d2ca2632d@group-A9AB90963A2A-FollowerState] INFO  impl.FollowerState (FollowerState.java:runImpl(170)) - 853e867f-7800-411e-8ec3-df6d2ca2632d@group-A9AB90963A2A-FollowerState was interrupted
2025-05-13 07:39:09,363 [853e867f-7800-411e-8ec3-df6d2ca2632d@group-A9AB90963A2A-StateMachineUpdater] INFO  impl.StateMachineUpdater (StateMachineUpdater.java:stop(141)) - 853e867f-7800-411e-8ec3-df6d2ca2632d@group-A9AB90963A2A-StateMachineUpdater: closing SCMStateMachine, lastApplied=(t:0, i:~)
2025-05-13 07:39:09,364 [853e867f-7800-411e-8ec3-df6d2ca2632d@group-A9AB90963A2A-cacheEviction-AwaitToRun] INFO  util.AwaitToRun (AwaitToRun.java:run(49)) - 853e867f-7800-411e-8ec3-df6d2ca2632d@group-A9AB90963A2A-cacheEviction-AwaitToRun-AwaitForSignal is interrupted
2025-05-13 07:39:09,364 [main] INFO  server.GrpcService (GrpcService.java:closeImpl(352)) - 853e867f-7800-411e-8ec3-df6d2ca2632d: shutdown server GrpcServerProtocolService successfully
2025-05-13 07:39:09,587 [853e867f-7800-411e-8ec3-df6d2ca2632d-impl-thread1] INFO  segmented.SegmentedRaftLogWorker (SegmentedRaftLogWorker.java:close(252)) - 853e867f-7800-411e-8ec3-df6d2ca2632d@group-A9AB90963A2A-SegmentedRaftLogWorker close()
2025-05-13 07:39:09,588 [JvmPauseMonitor9] INFO  util.JvmPauseMonitor (JvmPauseMonitor.java:run(152)) - JvmPauseMonitor-853e867f-7800-411e-8ec3-df6d2ca2632d: Stopped
2025-05-13 07:39:09,588 [main] INFO  SCMHATransactionMonitor (BackgroundSCMService.java:stop(127)) - Stopping SCMHATransactionMonitor Service.
2025-05-13 07:39:09,588 [SCMHATransactionMonitor] WARN  SCMHATransactionMonitor (BackgroundSCMService.java:run(111)) - SCMHATransactionMonitor is interrupted, exit
2025-05-13 07:39:09,589 [main] INFO  pipeline.BackgroundPipelineCreator (BackgroundPipelineCreator.java:stop(154)) - Stopping RatisPipelineUtilsThread.
2025-05-13 07:39:09,589 [RatisPipelineUtilsThread-0] WARN  pipeline.BackgroundPipelineCreator (BackgroundPipelineCreator.java:run(185)) - RatisPipelineUtilsThread is interrupted.
2025-05-13 07:39:09,589 [main] INFO  BackgroundPipelineScrubber (BackgroundSCMService.java:stop(127)) - Stopping BackgroundPipelineScrubber Service.
2025-05-13 07:39:09,589 [BackgroundPipelineScrubber] WARN  BackgroundPipelineScrubber (BackgroundSCMService.java:run(111)) - BackgroundPipelineScrubber is interrupted, exit
2025-05-13 07:39:09,589 [main] INFO  impl.MetricsSystemImpl (MetricsSystemImpl.java:stop(210)) - Stopping StorageContainerManager metrics system...
2025-05-13 07:39:09,590 [prometheus] INFO  impl.MetricsSinkAdapter (MetricsSinkAdapter.java:publishMetricsFromQueue(141)) - prometheus thread interrupted.
2025-05-13 07:39:09,591 [main] INFO  impl.MetricsSystemImpl (MetricsSystemImpl.java:stop(216)) - StorageContainerManager metrics system stopped.
2025-05-13 07:39:09,591 [main] WARN  pipeline.BackgroundPipelineCreator (BackgroundPipelineCreator.java:stop(150)) - RatisPipelineUtilsThread is not running, just ignore.
2025-05-13 07:39:09,591 [main] INFO  BackgroundPipelineScrubber (BackgroundSCMService.java:stop(122)) - BackgroundPipelineScrubber Service is not running, skip stop.
2025-05-13 07:39:09,591 [main] INFO  ExpiredContainerReplicaOpScrubber (BackgroundSCMService.java:stop(127)) - Stopping ExpiredContainerReplicaOpScrubber Service.
2025-05-13 07:39:09,591 [main] INFO  utils.BackgroundService (BackgroundService.java:shutdown(160)) - Shutting down service SCMBlockDeletingService
2025-05-13 07:39:09,591 [ExpiredContainerReplicaOpScrubber] WARN  ExpiredContainerReplicaOpScrubber (BackgroundSCMService.java:run(111)) - ExpiredContainerReplicaOpScrubber is interrupted, exit
2025-05-13 07:39:09,591 [main] INFO  replication.ReplicationManager (ReplicationManager.java:stop(323)) - Replication Monitor Thread is not running.
2025-05-13 07:39:09,591 [main] WARN  balancer.ContainerBalancer (ContainerBalancer.java:stop(350)) - Cannot stop Container Balancer because it's not running or stopping
2025-05-13 07:39:09,591 [main] INFO  SCMHATransactionMonitor (BackgroundSCMService.java:stop(122)) - SCMHATransactionMonitor Service is not running, skip stop.
2025-05-13 07:39:09,592 [LeaseManager#LeaseMonitor] WARN  lease.LeaseManager (LeaseManager.java:run(285)) - Lease manager is interrupted. Shutting down...
java.lang.InterruptedException
	at java.base/java.util.concurrent.locks.AbstractQueuedSynchronizer.tryAcquireSharedNanos(AbstractQueuedSynchronizer.java:1133)
	at java.base/java.util.concurrent.Semaphore.tryAcquire(Semaphore.java:415)
	at org.apache.hadoop.ozone.lease.LeaseManager$LeaseMonitor.run(LeaseManager.java:283)
	at java.base/java.lang.Thread.run(Thread.java:1583)
2025-05-13 07:39:09,592 [853e867f-7800-411e-8ec3-df6d2ca2632d-scm/sub-ca-refreshCACertificates] ERROR util.ExitUtils (ExitUtils.java:terminate(133)) - Terminating with exit status -1: Thread[#1609,853e867f-7800-411e-8ec3-df6d2ca2632d-scm/sub-ca-refreshCACertificates,5,main] has thrown an uncaught exception
java.lang.reflect.UndeclaredThrowableException
	at jdk.proxy2/jdk.proxy2.$Proxy45.submitRequest(Unknown Source)
	at org.apache.hadoop.hdds.protocolPB.SCMSecurityProtocolClientSideTranslatorPB.submitRequest(SCMSecurityProtocolClientSideTranslatorPB.java:93)
	at org.apache.hadoop.hdds.protocolPB.SCMSecurityProtocolClientSideTranslatorPB.getAllRootCaCertificates(SCMSecurityProtocolClientSideTranslatorPB.java:382)
	at org.apache.hadoop.hdds.security.x509.certificate.client.SCMCertificateClient$RefreshCACertificates.run(SCMCertificateClient.java:238)
	at java.base/java.util.concurrent.ThreadPoolExecutor.runWorker(ThreadPoolExecutor.java:1144)
	at java.base/java.util.concurrent.ThreadPoolExecutor$Worker.run(ThreadPoolExecutor.java:642)
	at java.base/java.lang.Thread.run(Thread.java:1583)
Caused by: java.io.InterruptedIOException: Retry interrupted
	at org.apache.hadoop.io.retry.RetryInvocationHandler$Call.processWaitTimeAndRetryInfo(RetryInvocationHandler.java:141)
	at org.apache.hadoop.io.retry.RetryInvocationHandler$Call.invokeOnce(RetryInvocationHandler.java:112)
	at org.apache.hadoop.io.retry.RetryInvocationHandler.invoke(RetryInvocationHandler.java:366)
	... 7 more
Caused by: java.lang.InterruptedException: sleep interrupted
	at java.base/java.lang.Thread.sleep0(Native Method)
	at java.base/java.lang.Thread.sleep(Thread.java:509)
	at org.apache.hadoop.io.retry.RetryInvocationHandler$Call.processWaitTimeAndRetryInfo(RetryInvocationHandler.java:135)
	... 9 more
2025-05-13 07:39:09,592 [main] INFO  server.StorageContainerManager (StorageContainerManager.java:stop(1733)) - Stopping SCM MetadataStore.
2025-05-13 07:39:09,594 [main] INFO  impl.DefaultInternalKdcServerImpl (DefaultInternalKdcServerImpl.java:doStop(102)) - Default Internal kdc server stopped.
2025-05-13 07:39:10,594 [main] INFO  minikdc.MiniKdc (MiniKdc.java:stop(359)) - MiniKdc stopped.
2025-05-13 07:39:10,594 [main] INFO  server.StorageContainerManager (StorageContainerManager.java:stop(1597)) - Storage Container Manager is not running.
2025-05-13 07:39:10,594 [main] INFO  server.StorageContainerManager (StorageContainerManager.java:stopReplicationManager(1742)) - Stopping Replication Manager Service.
2025-05-13 07:39:10,594 [main] INFO  replication.ReplicationManager (ReplicationManager.java:stop(323)) - Replication Monitor Thread is not running.
2025-05-13 07:39:10,595 [main] INFO  server.SCMSecurityProtocolServer (SCMSecurityProtocolServer.java:join(519)) - Join RPC server for SCMSecurityProtocolServer.
2025-05-13 07:39:10,595 [main] INFO  server.SCMSecurityProtocolServer (SCMSecurityProtocolServer.java:join(521)) - Join gRPC server for SCMSecurityProtocolServer.
]]></system-out>
    </rerunError>
    <rerunError message="Problem binding to [pkrvmberfyhpb9w.internal.cloudapp.net:15041] java.net.BindException: Cannot assign requested address; For more details see:  http://wiki.apache.org/hadoop/BindException" type="java.net.BindException">
      <stackTrace><![CDATA[java.net.BindException: Problem binding to [pkrvmberfyhpb9w.internal.cloudapp.net:15041] java.net.BindException: Cannot assign requested address; For more details see:  http://wiki.apache.org/hadoop/BindException
	at java.base/jdk.internal.reflect.DirectConstructorHandleAccessor.newInstance(DirectConstructorHandleAccessor.java:62)
	at java.base/java.lang.reflect.Constructor.newInstanceWithCaller(Constructor.java:502)
	at java.base/java.lang.reflect.Constructor.newInstance(Constructor.java:486)
	at org.apache.hadoop.net.NetUtils.wrapWithMessage(NetUtils.java:961)
	at org.apache.hadoop.net.NetUtils.wrapException(NetUtils.java:857)
	at org.apache.hadoop.ipc.Server.bind(Server.java:715)
	at org.apache.hadoop.ipc.Server$Listener.<init>(Server.java:1435)
	at org.apache.hadoop.ipc.Server.<init>(Server.java:3364)
	at org.apache.hadoop.ipc.RPC$Server.<init>(RPC.java:1195)
	at org.apache.hadoop.ipc.ProtobufRpcEngine2$Server.<init>(ProtobufRpcEngine2.java:485)
	at org.apache.hadoop.ipc.ProtobufRpcEngine$Server.<init>(ProtobufRpcEngine.java:452)
	at org.apache.hadoop.ipc.ProtobufRpcEngine.getServer(ProtobufRpcEngine.java:375)
	at org.apache.hadoop.ipc.RPC$Builder.build(RPC.java:986)
	at org.apache.hadoop.ozone.om.OzoneManager.startRpcServer(OzoneManager.java:1414)
	at org.apache.hadoop.ozone.om.OzoneManager.getRpcServer(OzoneManager.java:1376)
	at org.apache.hadoop.ozone.om.OzoneManager.<init>(OzoneManager.java:695)
	at org.apache.hadoop.ozone.om.OzoneManager.createOm(OzoneManager.java:877)
	at org.apache.hadoop.ozone.TestSecureOzoneCluster.setupOm(TestSecureOzoneCluster.java:716)
	at org.apache.hadoop.ozone.TestSecureOzoneCluster.testGetSetRevokeS3Secret(TestSecureOzoneCluster.java:728)
	at java.base/java.lang.reflect.Method.invoke(Method.java:580)
	at java.base/java.util.ArrayList.forEach(ArrayList.java:1596)
	at java.base/java.util.ArrayList.forEach(ArrayList.java:1596)
Caused by: java.net.BindException: Cannot assign requested address
	at java.base/sun.nio.ch.Net.bind0(Native Method)
	at java.base/sun.nio.ch.Net.bind(Net.java:565)
	at java.base/sun.nio.ch.ServerSocketChannelImpl.netBind(ServerSocketChannelImpl.java:344)
	at java.base/sun.nio.ch.ServerSocketChannelImpl.bind(ServerSocketChannelImpl.java:301)
	at java.base/sun.nio.ch.ServerSocketAdaptor.bind(ServerSocketAdaptor.java:89)
	at org.apache.hadoop.ipc.Server.bind(Server.java:698)
	... 16 more
]]></stackTrace>
      <system-out><![CDATA[2025-05-13 07:39:10,636 [main] INFO  minikdc.MiniKdc (MiniKdc.java:<init>(225)) - Configuration:
2025-05-13 07:39:10,636 [main] INFO  minikdc.MiniKdc (MiniKdc.java:<init>(226)) - ---------------------------------------------------------------
2025-05-13 07:39:10,636 [main] INFO  minikdc.MiniKdc (MiniKdc.java:<init>(228)) -   max.renewable.lifetime: 604800000
2025-05-13 07:39:10,636 [main] INFO  minikdc.MiniKdc (MiniKdc.java:<init>(228)) -   instance: DefaultKrbServer
2025-05-13 07:39:10,636 [main] INFO  minikdc.MiniKdc (MiniKdc.java:<init>(228)) -   debug: false
2025-05-13 07:39:10,637 [main] INFO  minikdc.MiniKdc (MiniKdc.java:<init>(228)) -   kdc.bind.address: localhost
2025-05-13 07:39:10,637 [main] INFO  minikdc.MiniKdc (MiniKdc.java:<init>(228)) -   max.ticket.lifetime: 86400000
2025-05-13 07:39:10,637 [main] INFO  minikdc.MiniKdc (MiniKdc.java:<init>(228)) -   transport: TCP
2025-05-13 07:39:10,637 [main] INFO  minikdc.MiniKdc (MiniKdc.java:<init>(228)) -   org.name: EXAMPLE
2025-05-13 07:39:10,637 [main] INFO  minikdc.MiniKdc (MiniKdc.java:<init>(228)) -   org.domain: COM
2025-05-13 07:39:10,637 [main] INFO  minikdc.MiniKdc (MiniKdc.java:<init>(228)) -   kdc.port: 0
2025-05-13 07:39:10,637 [main] INFO  minikdc.MiniKdc (MiniKdc.java:<init>(230)) - ---------------------------------------------------------------
2025-05-13 07:39:10,639 [main] INFO  minikdc.MiniKdc (MiniKdc.java:start(285)) - MiniKdc started.
2025-05-13 07:39:10,682 [main] INFO  keys.KeyStorage (KeyStorage.java:storePublicKey(210)) - Storing public key to /tmp/junit-4231078600287843779/om-meta/om/keys/public.pem.
2025-05-13 07:39:10,682 [main] INFO  keys.KeyStorage (KeyStorage.java:storePrivateKey(194)) - Storing private key to /tmp/junit-4231078600287843779/om-meta/om/keys/private.pem.
2025-05-13 07:39:10,683 [main] INFO  om.OzoneManager (OzoneManager.java:getOmDetailsProto(4941)) - OzoneManager ports added:[name: "RPC"
value: 15041
]
2025-05-13 07:39:10,683 [main] WARN  server.ServerUtils (ServerUtils.java:getScmDbDir(138)) - ozone.scm.db.dirs is not configured. We recommend adding this setting. Falling back to ozone.metadata.dirs instead.
2025-05-13 07:39:10,683 [main] INFO  ha.HASecurityUtils (HASecurityUtils.java:initializeSecurity(79)) - Initializing secure StorageContainerManager.
2025-05-13 07:39:10,684 [main] INFO  proxy.SCMSecurityProtocolFailoverProxyProvider (SCMFailoverProxyProviderBase.java:<init>(120)) - Created fail-over proxy for protocol SCMSecurityProtocolPB with 1 nodes: [nodeId=scmNodeId,nodeAddress=localhost/127.0.0.1:15038]
2025-05-13 07:39:10,684 [main] INFO  client.SCMCertificateClient (DefaultCertificateClient.java:updateCertSerialId(1289)) - Certificate serial ID set to null
2025-05-13 07:39:10,684 [main] ERROR client.SCMCertificateClient (DefaultCertificateClient.java:getCertPath(373)) - Default certificate serial id is not set. Can't locate the default certificate for this client.
2025-05-13 07:39:10,684 [main] INFO  client.SCMCertificateClient (DefaultCertificateClient.java:init(717)) - Certificate client init case: 0
2025-05-13 07:39:10,684 [main] INFO  client.SCMCertificateClient (DefaultCertificateClient.java:handleCase(735)) - Creating keypair for client as keypair and certificate not found.
2025-05-13 07:39:10,951 [main] INFO  keys.KeyStorage (KeyStorage.java:storePublicKey(210)) - Storing public key to /tmp/junit-4231078600287843779/scm-meta/scm/sub-ca/keys/public.pem.
2025-05-13 07:39:10,952 [main] INFO  keys.KeyStorage (KeyStorage.java:storePrivateKey(194)) - Storing private key to /tmp/junit-4231078600287843779/scm-meta/scm/sub-ca/keys/private.pem.
2025-05-13 07:39:10,952 [main] INFO  client.SCMCertificateClient (SCMCertificateClient.java:recoverStateIfNeeded(278)) - Init response: GETCERT
2025-05-13 07:39:10,952 [main] INFO  keys.KeyStorage (KeyStorage.java:readPublicKey(174)) - Reading public key from /tmp/junit-4231078600287843779/scm-meta/scm/ca/keys/public.pem.
2025-05-13 07:39:10,952 [main] ERROR keys.KeyStorage (KeyStorage.java:readPublicKey(178)) - Failed to read the public key.
java.nio.file.NoSuchFileException: /tmp/junit-4231078600287843779/scm-meta/scm/ca/keys/public.pem
	at java.base/sun.nio.fs.UnixException.translateToIOException(UnixException.java:92)
	at java.base/sun.nio.fs.UnixException.rethrowAsIOException(UnixException.java:106)
	at java.base/sun.nio.fs.UnixException.rethrowAsIOException(UnixException.java:111)
	at java.base/sun.nio.fs.UnixFileSystemProvider.newByteChannel(UnixFileSystemProvider.java:261)
	at java.base/java.nio.file.Files.newByteChannel(Files.java:380)
	at java.base/java.nio.file.Files.newByteChannel(Files.java:432)
	at java.base/java.nio.file.Files.readAllBytes(Files.java:3281)
	at org.apache.hadoop.hdds.security.x509.keys.KeyStorage.readPublicKey(KeyStorage.java:176)
	at org.apache.hadoop.hdds.security.x509.keys.KeyStorage.readKeyPair(KeyStorage.java:184)
	at org.apache.hadoop.hdds.security.x509.certificate.authority.DefaultCAServer.checkIfKeysExist(DefaultCAServer.java:354)
	at org.apache.hadoop.hdds.security.x509.certificate.authority.DefaultCAServer.verifySelfSignedCA(DefaultCAServer.java:323)
	at org.apache.hadoop.hdds.security.x509.certificate.authority.DefaultCAServer.init(DefaultCAServer.java:162)
	at org.apache.hadoop.hdds.security.x509.certificate.client.SCMCertificateClient.initializeRootCertificateServer(SCMCertificateClient.java:396)
	at org.apache.hadoop.hdds.security.x509.certificate.client.SCMCertificateClient.getPrimarySCMSelfSignedCert(SCMCertificateClient.java:346)
	at org.apache.hadoop.hdds.security.x509.certificate.client.SCMCertificateClient.recoverStateIfNeeded(SCMCertificateClient.java:287)
	at org.apache.hadoop.hdds.security.x509.certificate.client.DefaultCertificateClient.initWithRecovery(DefaultCertificateClient.java:698)
	at org.apache.hadoop.hdds.scm.ha.HASecurityUtils.initializeSecurity(HASecurityUtils.java:96)
	at org.apache.hadoop.ozone.TestSecureOzoneCluster.initSCM(TestSecureOzoneCluster.java:450)
	at org.apache.hadoop.ozone.TestSecureOzoneCluster.testGetSetRevokeS3Secret(TestSecureOzoneCluster.java:722)
	at java.base/jdk.internal.reflect.DirectMethodHandleAccessor.invoke(DirectMethodHandleAccessor.java:103)
	at java.base/java.lang.reflect.Method.invoke(Method.java:580)
	at org.junit.platform.commons.util.ReflectionUtils.invokeMethod(ReflectionUtils.java:775)
	at org.junit.platform.commons.support.ReflectionSupport.invokeMethod(ReflectionSupport.java:479)
	at org.junit.jupiter.engine.execution.MethodInvocation.proceed(MethodInvocation.java:60)
	at org.junit.jupiter.engine.execution.InvocationInterceptorChain$ValidatingInvocation.proceed(InvocationInterceptorChain.java:131)
	at org.junit.jupiter.engine.extension.SameThreadTimeoutInvocation.proceed(SameThreadTimeoutInvocation.java:49)
	at org.junit.jupiter.engine.extension.TimeoutExtension.intercept(TimeoutExtension.java:161)
	at org.junit.jupiter.engine.extension.TimeoutExtension.interceptTestableMethod(TimeoutExtension.java:152)
	at org.junit.jupiter.engine.extension.TimeoutExtension.interceptTestMethod(TimeoutExtension.java:91)
	at org.junit.jupiter.engine.execution.InterceptingExecutableInvoker$ReflectiveInterceptorCall.lambda$ofVoidMethod$0(InterceptingExecutableInvoker.java:112)
	at org.junit.jupiter.engine.execution.InterceptingExecutableInvoker.lambda$invoke$0(InterceptingExecutableInvoker.java:94)
	at org.junit.jupiter.engine.execution.InvocationInterceptorChain$InterceptedInvocation.proceed(InvocationInterceptorChain.java:106)
	at org.junit.jupiter.engine.execution.InvocationInterceptorChain.proceed(InvocationInterceptorChain.java:64)
	at org.junit.jupiter.engine.execution.InvocationInterceptorChain.chainAndInvoke(InvocationInterceptorChain.java:45)
	at org.junit.jupiter.engine.execution.InvocationInterceptorChain.invoke(InvocationInterceptorChain.java:37)
	at org.junit.jupiter.engine.execution.InterceptingExecutableInvoker.invoke(InterceptingExecutableInvoker.java:93)
	at org.junit.jupiter.engine.execution.InterceptingExecutableInvoker.invoke(InterceptingExecutableInvoker.java:87)
	at org.junit.jupiter.engine.descriptor.TestMethodTestDescriptor.lambda$invokeTestMethod$7(TestMethodTestDescriptor.java:216)
	at org.junit.platform.engine.support.hierarchical.ThrowableCollector.execute(ThrowableCollector.java:73)
	at org.junit.jupiter.engine.descriptor.TestMethodTestDescriptor.invokeTestMethod(TestMethodTestDescriptor.java:212)
	at org.junit.jupiter.engine.descriptor.TestMethodTestDescriptor.execute(TestMethodTestDescriptor.java:137)
	at org.junit.jupiter.engine.descriptor.TestMethodTestDescriptor.execute(TestMethodTestDescriptor.java:69)
	at org.junit.platform.engine.support.hierarchical.NodeTestTask.lambda$executeRecursively$6(NodeTestTask.java:156)
	at org.junit.platform.engine.support.hierarchical.ThrowableCollector.execute(ThrowableCollector.java:73)
	at org.junit.platform.engine.support.hierarchical.NodeTestTask.lambda$executeRecursively$8(NodeTestTask.java:146)
	at org.junit.platform.engine.support.hierarchical.Node.around(Node.java:137)
	at org.junit.platform.engine.support.hierarchical.NodeTestTask.lambda$executeRecursively$9(NodeTestTask.java:144)
	at org.junit.platform.engine.support.hierarchical.ThrowableCollector.execute(ThrowableCollector.java:73)
	at org.junit.platform.engine.support.hierarchical.NodeTestTask.executeRecursively(NodeTestTask.java:143)
	at org.junit.platform.engine.support.hierarchical.NodeTestTask.execute(NodeTestTask.java:100)
	at java.base/java.util.ArrayList.forEach(ArrayList.java:1596)
	at org.junit.platform.engine.support.hierarchical.SameThreadHierarchicalTestExecutorService.invokeAll(SameThreadHierarchicalTestExecutorService.java:41)
	at org.junit.platform.engine.support.hierarchical.NodeTestTask.lambda$executeRecursively$6(NodeTestTask.java:160)
	at org.junit.platform.engine.support.hierarchical.ThrowableCollector.execute(ThrowableCollector.java:73)
	at org.junit.platform.engine.support.hierarchical.NodeTestTask.lambda$executeRecursively$8(NodeTestTask.java:146)
	at org.junit.platform.engine.support.hierarchical.Node.around(Node.java:137)
	at org.junit.platform.engine.support.hierarchical.NodeTestTask.lambda$executeRecursively$9(NodeTestTask.java:144)
	at org.junit.platform.engine.support.hierarchical.ThrowableCollector.execute(ThrowableCollector.java:73)
	at org.junit.platform.engine.support.hierarchical.NodeTestTask.executeRecursively(NodeTestTask.java:143)
	at org.junit.platform.engine.support.hierarchical.NodeTestTask.execute(NodeTestTask.java:100)
	at java.base/java.util.ArrayList.forEach(ArrayList.java:1596)
	at org.junit.platform.engine.support.hierarchical.SameThreadHierarchicalTestExecutorService.invokeAll(SameThreadHierarchicalTestExecutorService.java:41)
	at org.junit.platform.engine.support.hierarchical.NodeTestTask.lambda$executeRecursively$6(NodeTestTask.java:160)
	at org.junit.platform.engine.support.hierarchical.ThrowableCollector.execute(ThrowableCollector.java:73)
	at org.junit.platform.engine.support.hierarchical.NodeTestTask.lambda$executeRecursively$8(NodeTestTask.java:146)
	at org.junit.platform.engine.support.hierarchical.Node.around(Node.java:137)
	at org.junit.platform.engine.support.hierarchical.NodeTestTask.lambda$executeRecursively$9(NodeTestTask.java:144)
	at org.junit.platform.engine.support.hierarchical.ThrowableCollector.execute(ThrowableCollector.java:73)
	at org.junit.platform.engine.support.hierarchical.NodeTestTask.executeRecursively(NodeTestTask.java:143)
	at org.junit.platform.engine.support.hierarchical.NodeTestTask.execute(NodeTestTask.java:100)
	at org.junit.platform.engine.support.hierarchical.SameThreadHierarchicalTestExecutorService.submit(SameThreadHierarchicalTestExecutorService.java:35)
	at org.junit.platform.engine.support.hierarchical.HierarchicalTestExecutor.execute(HierarchicalTestExecutor.java:57)
	at org.junit.platform.engine.support.hierarchical.HierarchicalTestEngine.execute(HierarchicalTestEngine.java:54)
	at org.junit.platform.launcher.core.EngineExecutionOrchestrator.execute(EngineExecutionOrchestrator.java:201)
	at org.junit.platform.launcher.core.EngineExecutionOrchestrator.execute(EngineExecutionOrchestrator.java:170)
	at org.junit.platform.launcher.core.EngineExecutionOrchestrator.execute(EngineExecutionOrchestrator.java:94)
	at org.junit.platform.launcher.core.EngineExecutionOrchestrator.lambda$execute$0(EngineExecutionOrchestrator.java:59)
	at org.junit.platform.launcher.core.EngineExecutionOrchestrator.withInterceptedStreams(EngineExecutionOrchestrator.java:142)
	at org.junit.platform.launcher.core.EngineExecutionOrchestrator.execute(EngineExecutionOrchestrator.java:58)
	at org.junit.platform.launcher.core.DefaultLauncher.execute(DefaultLauncher.java:103)
	at org.junit.platform.launcher.core.DefaultLauncher.execute(DefaultLauncher.java:85)
	at org.junit.platform.launcher.core.DelegatingLauncher.execute(DelegatingLauncher.java:47)
	at org.junit.platform.launcher.core.InterceptingLauncher.lambda$execute$1(InterceptingLauncher.java:39)
	at org.junit.platform.launcher.core.ClasspathAlignmentCheckingLauncherInterceptor.intercept(ClasspathAlignmentCheckingLauncherInterceptor.java:25)
	at org.junit.platform.launcher.core.InterceptingLauncher.execute(InterceptingLauncher.java:38)
	at org.junit.platform.launcher.core.DelegatingLauncher.execute(DelegatingLauncher.java:47)
	at org.apache.maven.surefire.junitplatform.LazyLauncher.execute(LazyLauncher.java:56)
	at org.apache.maven.surefire.junitplatform.JUnitPlatformProvider.invokeAllTests(JUnitPlatformProvider.java:162)
	at org.apache.maven.surefire.junitplatform.JUnitPlatformProvider.invoke(JUnitPlatformProvider.java:120)
	at org.apache.maven.surefire.booter.ForkedBooter.runSuitesInProcess(ForkedBooter.java:385)
	at org.apache.maven.surefire.booter.ForkedBooter.execute(ForkedBooter.java:162)
	at org.apache.maven.surefire.booter.ForkedBooter.run(ForkedBooter.java:507)
	at org.apache.maven.surefire.booter.ForkedBooter.main(ForkedBooter.java:495)
2025-05-13 07:39:11,078 [main] INFO  keys.KeyStorage (KeyStorage.java:storePublicKey(210)) - Storing public key to /tmp/junit-4231078600287843779/scm-meta/scm/ca/keys/public.pem.
2025-05-13 07:39:11,078 [main] INFO  keys.KeyStorage (KeyStorage.java:storePrivateKey(194)) - Storing private key to /tmp/junit-4231078600287843779/scm-meta/scm/ca/keys/private.pem.
2025-05-13 07:39:11,079 [main] INFO  ozone.OzoneSecurityUtil (OzoneSecurityUtil.java:getValidInetsForCurrentHost(116)) - ip:fe80:0:0:0:20d:3aff:fe61:cc63%eth0 not returned.
2025-05-13 07:39:11,082 [main] INFO  ozone.OzoneSecurityUtil (OzoneSecurityUtil.java:getValidInetsForCurrentHost(113)) - Adding ip:10.1.1.10,host:10.1.1.10
2025-05-13 07:39:11,082 [main] INFO  ozone.OzoneSecurityUtil (OzoneSecurityUtil.java:getValidInetsForCurrentHost(116)) - ip:0:0:0:0:0:0:0:1%lo not returned.
2025-05-13 07:39:11,082 [main] INFO  ozone.OzoneSecurityUtil (OzoneSecurityUtil.java:getValidInetsForCurrentHost(116)) - ip:127.0.0.1 not returned.
2025-05-13 07:39:11,084 [main] ERROR utils.SelfSignedCertificate (SelfSignedCertificate.java:lambda$addInetAddresses$0(244)) - Invalid domain 10.1.1.10
2025-05-13 07:39:11,087 [main] INFO  utils.SelfSignedCertificate (SelfSignedCertificate.java:generateCertificate(156)) - Certificate 1 is issued by SERIALNUMBER=1, O=470ad260-4cdb-410a-9ae9-b9b3f7749634, OU=5ac6b014-8244-44ab-99d6-90461b7be504, CN=scm@pkrvmberfyhpb9w to SERIALNUMBER=1, O=470ad260-4cdb-410a-9ae9-b9b3f7749634, OU=5ac6b014-8244-44ab-99d6-90461b7be504, CN=scm@pkrvmberfyhpb9w, valid from Tue May 13 07:39:11 UTC 2025 to Fri Jun 21 07:39:11 UTC 2030
2025-05-13 07:39:11,088 [main] INFO  utils.CertificateCodec (CertificateCodec.java:writeCertificate(239)) - Save certificate to /tmp/junit-4231078600287843779/scm-meta/scm/ca/certs/certificate.crt
2025-05-13 07:39:11,088 [main] INFO  utils.CertificateCodec (CertificateCodec.java:writeCertificate(240)) - Certificate -----BEGIN CERTIFICATE-----
MIIDwTCCAqmgAwIBAgIBATANBgkqhkiG9w0BAQsFADCBiDEcMBoGA1UEAwwTc2Nt
QHBrcnZtYmVyZnlocGI5dzEtMCsGA1UECwwkNWFjNmIwMTQtODI0NC00NGFiLTk5
ZDYtOTA0NjFiN2JlNTA0MS0wKwYDVQQKDCQ0NzBhZDI2MC00Y2RiLTQxMGEtOWFl
OS1iOWIzZjc3NDk2MzQxCjAIBgNVBAUTATEwHhcNMjUwNTEzMDczOTExWhcNMzAw
NjIxMDczOTExWjCBiDEcMBoGA1UEAwwTc2NtQHBrcnZtYmVyZnlocGI5dzEtMCsG
A1UECwwkNWFjNmIwMTQtODI0NC00NGFiLTk5ZDYtOTA0NjFiN2JlNTA0MS0wKwYD
VQQKDCQ0NzBhZDI2MC00Y2RiLTQxMGEtOWFlOS1iOWIzZjc3NDk2MzQxCjAIBgNV
BAUTATEwggEiMA0GCSqGSIb3DQEBAQUAA4IBDwAwggEKAoIBAQCWdYIA6DTkTrlC
z1TzjRzIUoBEEwf3n01wffGlT3sf9R+HoX6GEpMH4T2lNpeOf6BH23LdHV3QWGaM
gJae9D4QLQ2eD0axcSLRpMEEDkgsAFphKhkBwSsm149mT58DpdY52KfpkrrgGjfm
eU3egpYIUSzI3+Qn8WrOfb3PmszszECsFsDuwAytRN6iFPWkIQ38s+GdDslcWZcP
GNoYp+YkwXvFHKtoprq4+HNx/Uz0KRRt5VRjSowF67kPvliDW5fe6wwWyWFsJqQs
ds39aGxwDOG7P8I6uIgck6KaHeSEhDJYBaj5Q+hDM5KtBq87W5GrhdiHOuGG9fYG
PTxGGZx9AgMBAAGjNDAyMA8GA1UdEwEB/wQFMAMBAf8wDgYDVR0PAQH/BAQDAgEG
MA8GA1UdEQQIMAaHBAoBAQowDQYJKoZIhvcNAQELBQADggEBAANyFx5v73lo5Tos
PqQSRq8Fo8w/ZKvO4uFfHVMHGAYiIDOY+I1e1MgkYsuTMCsrY6zCq7T9RYuKwXM7
R1jq4Gyhzn0s0AW6Ey2ZCZPsQTOnRFy4rIPgvz3Up9c/TocMr0nE+UqyV17Bve7d
3Sv5yTYnDkVUXSCQVxLf1xSi/31h/MrchAuuNdSsl3feBULKpCtWE43lYkNO1X4+
KaUv3+V+OBh+RqNbblh79f3BVM1bw6zZ55WS4yKKeKqte4bG7dPGMyybNZooKSCf
9mIQu1ZhfFZ0275fXNBL7BbeOR0YGskjE2fxWlxnVl+bm1POrFwgMFftNjcroHl/
sADJKOs=
-----END CERTIFICATE-----

2025-05-13 07:39:11,088 [main] INFO  keys.KeyStorage (KeyStorage.java:readPublicKey(174)) - Reading public key from /tmp/junit-4231078600287843779/scm-meta/scm/ca/keys/public.pem.
2025-05-13 07:39:11,088 [main] INFO  keys.KeyStorage (KeyStorage.java:readPrivateKey(158)) - Reading private key from /tmp/junit-4231078600287843779/scm-meta/scm/ca/keys/private.pem.
2025-05-13 07:39:11,089 [main] INFO  client.SCMCertificateClient (SCMCertificateClient.java:configureCSRBuilder(141)) - Creating csr for SCM->hostName:pkrvmberfyhpb9w,scmId:5ac6b014-8244-44ab-99d6-90461b7be504,clusterId:470ad260-4cdb-410a-9ae9-b9b3f7749634,subject:scm-sub@pkrvmberfyhpb9w
2025-05-13 07:39:11,089 [main] INFO  ozone.OzoneSecurityUtil (OzoneSecurityUtil.java:getValidInetsForCurrentHost(116)) - ip:fe80:0:0:0:20d:3aff:fe61:cc63%eth0 not returned.
2025-05-13 07:39:11,092 [main] INFO  ozone.OzoneSecurityUtil (OzoneSecurityUtil.java:getValidInetsForCurrentHost(113)) - Adding ip:10.1.1.10,host:10.1.1.10
2025-05-13 07:39:11,092 [main] INFO  ozone.OzoneSecurityUtil (OzoneSecurityUtil.java:getValidInetsForCurrentHost(116)) - ip:0:0:0:0:0:0:0:1%lo not returned.
2025-05-13 07:39:11,092 [main] INFO  ozone.OzoneSecurityUtil (OzoneSecurityUtil.java:getValidInetsForCurrentHost(116)) - ip:127.0.0.1 not returned.
2025-05-13 07:39:11,097 [main] ERROR utils.CertificateSignRequest (CertificateSignRequest.java:lambda$addInetAddresses$0(316)) - Invalid domain 10.1.1.10
2025-05-13 07:39:11,099 [main] INFO  keys.KeyStorage (KeyStorage.java:readPrivateKey(158)) - Reading private key from /tmp/junit-4231078600287843779/scm-meta/scm/ca/keys/private.pem.
2025-05-13 07:39:11,101 [main] INFO  authority.DefaultApprover (DefaultApprover.java:sign(171)) - Extensions in CSR: 2.5.29.19, 2.5.29.15, 2.5.29.17
2025-05-13 07:39:11,101 [main] INFO  authority.DefaultApprover (DefaultApprover.java:sign(175)) - Extensions to add to the certificate if they present in CSR: 2.5.29.15, 2.5.29.17, 2.5.29.35, 2.5.29.37, 2.5.29.19, 1.3.6.1.5.5.7.1.12
2025-05-13 07:39:11,104 [main] INFO  utils.CertificateCodec (CertificateCodec.java:writeCertificate(239)) - Save certificate to /tmp/junit-4231078600287843779/scm-meta/scm/sub-ca/certs/CA-1.crt
2025-05-13 07:39:11,104 [main] INFO  utils.CertificateCodec (CertificateCodec.java:writeCertificate(240)) - Certificate -----BEGIN CERTIFICATE-----
MIIDwTCCAqmgAwIBAgIBATANBgkqhkiG9w0BAQsFADCBiDEcMBoGA1UEAwwTc2Nt
QHBrcnZtYmVyZnlocGI5dzEtMCsGA1UECwwkNWFjNmIwMTQtODI0NC00NGFiLTk5
ZDYtOTA0NjFiN2JlNTA0MS0wKwYDVQQKDCQ0NzBhZDI2MC00Y2RiLTQxMGEtOWFl
OS1iOWIzZjc3NDk2MzQxCjAIBgNVBAUTATEwHhcNMjUwNTEzMDczOTExWhcNMzAw
NjIxMDczOTExWjCBiDEcMBoGA1UEAwwTc2NtQHBrcnZtYmVyZnlocGI5dzEtMCsG
A1UECwwkNWFjNmIwMTQtODI0NC00NGFiLTk5ZDYtOTA0NjFiN2JlNTA0MS0wKwYD
VQQKDCQ0NzBhZDI2MC00Y2RiLTQxMGEtOWFlOS1iOWIzZjc3NDk2MzQxCjAIBgNV
BAUTATEwggEiMA0GCSqGSIb3DQEBAQUAA4IBDwAwggEKAoIBAQCWdYIA6DTkTrlC
z1TzjRzIUoBEEwf3n01wffGlT3sf9R+HoX6GEpMH4T2lNpeOf6BH23LdHV3QWGaM
gJae9D4QLQ2eD0axcSLRpMEEDkgsAFphKhkBwSsm149mT58DpdY52KfpkrrgGjfm
eU3egpYIUSzI3+Qn8WrOfb3PmszszECsFsDuwAytRN6iFPWkIQ38s+GdDslcWZcP
GNoYp+YkwXvFHKtoprq4+HNx/Uz0KRRt5VRjSowF67kPvliDW5fe6wwWyWFsJqQs
ds39aGxwDOG7P8I6uIgck6KaHeSEhDJYBaj5Q+hDM5KtBq87W5GrhdiHOuGG9fYG
PTxGGZx9AgMBAAGjNDAyMA8GA1UdEwEB/wQFMAMBAf8wDgYDVR0PAQH/BAQDAgEG
MA8GA1UdEQQIMAaHBAoBAQowDQYJKoZIhvcNAQELBQADggEBAANyFx5v73lo5Tos
PqQSRq8Fo8w/ZKvO4uFfHVMHGAYiIDOY+I1e1MgkYsuTMCsrY6zCq7T9RYuKwXM7
R1jq4Gyhzn0s0AW6Ey2ZCZPsQTOnRFy4rIPgvz3Up9c/TocMr0nE+UqyV17Bve7d
3Sv5yTYnDkVUXSCQVxLf1xSi/31h/MrchAuuNdSsl3feBULKpCtWE43lYkNO1X4+
KaUv3+V+OBh+RqNbblh79f3BVM1bw6zZ55WS4yKKeKqte4bG7dPGMyybNZooKSCf
9mIQu1ZhfFZ0275fXNBL7BbeOR0YGskjE2fxWlxnVl+bm1POrFwgMFftNjcroHl/
sADJKOs=
-----END CERTIFICATE-----

2025-05-13 07:39:11,105 [main] INFO  utils.CertificateCodec (CertificateCodec.java:writeCertificate(239)) - Save certificate to /tmp/junit-4231078600287843779/scm-meta/scm/sub-ca/certs/2.crt
2025-05-13 07:39:11,105 [main] INFO  utils.CertificateCodec (CertificateCodec.java:writeCertificate(240)) - Certificate -----BEGIN CERTIFICATE-----
MIIDxTCCAq2gAwIBAgIBAjANBgkqhkiG9w0BAQsFADCBiDEcMBoGA1UEAwwTc2Nt
QHBrcnZtYmVyZnlocGI5dzEtMCsGA1UECwwkNWFjNmIwMTQtODI0NC00NGFiLTk5
ZDYtOTA0NjFiN2JlNTA0MS0wKwYDVQQKDCQ0NzBhZDI2MC00Y2RiLTQxMGEtOWFl
OS1iOWIzZjc3NDk2MzQxCjAIBgNVBAUTATEwHhcNMjUwNTEzMDczOTExWhcNMzAw
NjIxMDczOTExWjCBjDEgMB4GA1UEAwwXc2NtLXN1YkBwa3J2bWJlcmZ5aHBiOXcx
LTArBgNVBAsMJDVhYzZiMDE0LTgyNDQtNDRhYi05OWQ2LTkwNDYxYjdiZTUwNDEt
MCsGA1UECgwkNDcwYWQyNjAtNGNkYi00MTBhLTlhZTktYjliM2Y3NzQ5NjM0MQow
CAYDVQQFEwEyMIIBIjANBgkqhkiG9w0BAQEFAAOCAQ8AMIIBCgKCAQEAwhgj9Mv9
qFeOF68pIQ+bWHkL439GnsLxLQ6DqSKOUW84LmwNmLqRmbSkbQAViraixjOeSuaR
5X9LjCJ7lQ/M3MsniUEMLX57dSpqUFngxxJo7+gCcKGAtXwui6UCOXXPUjwFvgeJ
azBGa2Dk2mBuIdLStLEeA7v3iZvWEwXDG2PaylvtiwM6I108OFsQnL3k1lIY1dq6
TbnPYtVOgITU/W7CV501KNA1VT3afearn0Y1H8D1M9k5fJNxiMW8AxgzcDuKYUCK
cpD1Q5iCFUDl9fCbQwiFrcXa3BJM/320pu6n/7Y09mYecQgGBN0O7jO6/qhEayox
9EeSSylkA+DHywIDAQABozQwMjAOBgNVHQ8BAf8EBAMCAb4wDwYDVR0RBAgwBocE
CgEBCjAPBgNVHRMBAf8EBTADAQH/MA0GCSqGSIb3DQEBCwUAA4IBAQBML3HHaog9
eBTWekXwW2FLi+KVO05O3tXX0CsJobnNXwp4jdnuB71XrH09/KgD0WBPYhnf6fHG
c/GzkJXHbZJCNwSV/VTH9sk3xd11oYYKGVnb1mdstbxB/xs4SiXNrBa6jbVCtBIT
F3l5EM9g5tsEorPmnfQ8/zYHidrKAtOuHhCZeXfJ9XelO1jwls2Gr9uz1nzTICtk
ikPl5KFFJrkKAAXXBOtqXvsnMDgX816nqla86vQo12CK3Yl9ENXG920jwdAHZ2xk
drrsfEWxltVRjwfeKRRme/wNsU6PPLoX1IJSjDAjfAuIJW43bI9jF+oeJc+VsJdf
5wtj7eVapuPF
-----END CERTIFICATE-----

-----BEGIN CERTIFICATE-----
MIIDwTCCAqmgAwIBAgIBATANBgkqhkiG9w0BAQsFADCBiDEcMBoGA1UEAwwTc2Nt
QHBrcnZtYmVyZnlocGI5dzEtMCsGA1UECwwkNWFjNmIwMTQtODI0NC00NGFiLTk5
ZDYtOTA0NjFiN2JlNTA0MS0wKwYDVQQKDCQ0NzBhZDI2MC00Y2RiLTQxMGEtOWFl
OS1iOWIzZjc3NDk2MzQxCjAIBgNVBAUTATEwHhcNMjUwNTEzMDczOTExWhcNMzAw
NjIxMDczOTExWjCBiDEcMBoGA1UEAwwTc2NtQHBrcnZtYmVyZnlocGI5dzEtMCsG
A1UECwwkNWFjNmIwMTQtODI0NC00NGFiLTk5ZDYtOTA0NjFiN2JlNTA0MS0wKwYD
VQQKDCQ0NzBhZDI2MC00Y2RiLTQxMGEtOWFlOS1iOWIzZjc3NDk2MzQxCjAIBgNV
BAUTATEwggEiMA0GCSqGSIb3DQEBAQUAA4IBDwAwggEKAoIBAQCWdYIA6DTkTrlC
z1TzjRzIUoBEEwf3n01wffGlT3sf9R+HoX6GEpMH4T2lNpeOf6BH23LdHV3QWGaM
gJae9D4QLQ2eD0axcSLRpMEEDkgsAFphKhkBwSsm149mT58DpdY52KfpkrrgGjfm
eU3egpYIUSzI3+Qn8WrOfb3PmszszECsFsDuwAytRN6iFPWkIQ38s+GdDslcWZcP
GNoYp+YkwXvFHKtoprq4+HNx/Uz0KRRt5VRjSowF67kPvliDW5fe6wwWyWFsJqQs
ds39aGxwDOG7P8I6uIgck6KaHeSEhDJYBaj5Q+hDM5KtBq87W5GrhdiHOuGG9fYG
PTxGGZx9AgMBAAGjNDAyMA8GA1UdEwEB/wQFMAMBAf8wDgYDVR0PAQH/BAQDAgEG
MA8GA1UdEQQIMAaHBAoBAQowDQYJKoZIhvcNAQELBQADggEBAANyFx5v73lo5Tos
PqQSRq8Fo8w/ZKvO4uFfHVMHGAYiIDOY+I1e1MgkYsuTMCsrY6zCq7T9RYuKwXM7
R1jq4Gyhzn0s0AW6Ey2ZCZPsQTOnRFy4rIPgvz3Up9c/TocMr0nE+UqyV17Bve7d
3Sv5yTYnDkVUXSCQVxLf1xSi/31h/MrchAuuNdSsl3feBULKpCtWE43lYkNO1X4+
KaUv3+V+OBh+RqNbblh79f3BVM1bw6zZ55WS4yKKeKqte4bG7dPGMyybNZooKSCf
9mIQu1ZhfFZ0275fXNBL7BbeOR0YGskjE2fxWlxnVl+bm1POrFwgMFftNjcroHl/
sADJKOs=
-----END CERTIFICATE-----

2025-05-13 07:39:11,105 [main] INFO  utils.CertificateCodec (CertificateCodec.java:writeCertificate(239)) - Save certificate to /tmp/junit-4231078600287843779/scm-meta/scm/sub-ca/certs/certificate.crt
2025-05-13 07:39:11,105 [main] INFO  utils.CertificateCodec (CertificateCodec.java:writeCertificate(240)) - Certificate -----BEGIN CERTIFICATE-----
MIIDxTCCAq2gAwIBAgIBAjANBgkqhkiG9w0BAQsFADCBiDEcMBoGA1UEAwwTc2Nt
QHBrcnZtYmVyZnlocGI5dzEtMCsGA1UECwwkNWFjNmIwMTQtODI0NC00NGFiLTk5
ZDYtOTA0NjFiN2JlNTA0MS0wKwYDVQQKDCQ0NzBhZDI2MC00Y2RiLTQxMGEtOWFl
OS1iOWIzZjc3NDk2MzQxCjAIBgNVBAUTATEwHhcNMjUwNTEzMDczOTExWhcNMzAw
NjIxMDczOTExWjCBjDEgMB4GA1UEAwwXc2NtLXN1YkBwa3J2bWJlcmZ5aHBiOXcx
LTArBgNVBAsMJDVhYzZiMDE0LTgyNDQtNDRhYi05OWQ2LTkwNDYxYjdiZTUwNDEt
MCsGA1UECgwkNDcwYWQyNjAtNGNkYi00MTBhLTlhZTktYjliM2Y3NzQ5NjM0MQow
CAYDVQQFEwEyMIIBIjANBgkqhkiG9w0BAQEFAAOCAQ8AMIIBCgKCAQEAwhgj9Mv9
qFeOF68pIQ+bWHkL439GnsLxLQ6DqSKOUW84LmwNmLqRmbSkbQAViraixjOeSuaR
5X9LjCJ7lQ/M3MsniUEMLX57dSpqUFngxxJo7+gCcKGAtXwui6UCOXXPUjwFvgeJ
azBGa2Dk2mBuIdLStLEeA7v3iZvWEwXDG2PaylvtiwM6I108OFsQnL3k1lIY1dq6
TbnPYtVOgITU/W7CV501KNA1VT3afearn0Y1H8D1M9k5fJNxiMW8AxgzcDuKYUCK
cpD1Q5iCFUDl9fCbQwiFrcXa3BJM/320pu6n/7Y09mYecQgGBN0O7jO6/qhEayox
9EeSSylkA+DHywIDAQABozQwMjAOBgNVHQ8BAf8EBAMCAb4wDwYDVR0RBAgwBocE
CgEBCjAPBgNVHRMBAf8EBTADAQH/MA0GCSqGSIb3DQEBCwUAA4IBAQBML3HHaog9
eBTWekXwW2FLi+KVO05O3tXX0CsJobnNXwp4jdnuB71XrH09/KgD0WBPYhnf6fHG
c/GzkJXHbZJCNwSV/VTH9sk3xd11oYYKGVnb1mdstbxB/xs4SiXNrBa6jbVCtBIT
F3l5EM9g5tsEorPmnfQ8/zYHidrKAtOuHhCZeXfJ9XelO1jwls2Gr9uz1nzTICtk
ikPl5KFFJrkKAAXXBOtqXvsnMDgX816nqla86vQo12CK3Yl9ENXG920jwdAHZ2xk
drrsfEWxltVRjwfeKRRme/wNsU6PPLoX1IJSjDAjfAuIJW43bI9jF+oeJc+VsJdf
5wtj7eVapuPF
-----END CERTIFICATE-----

-----BEGIN CERTIFICATE-----
MIIDwTCCAqmgAwIBAgIBATANBgkqhkiG9w0BAQsFADCBiDEcMBoGA1UEAwwTc2Nt
QHBrcnZtYmVyZnlocGI5dzEtMCsGA1UECwwkNWFjNmIwMTQtODI0NC00NGFiLTk5
ZDYtOTA0NjFiN2JlNTA0MS0wKwYDVQQKDCQ0NzBhZDI2MC00Y2RiLTQxMGEtOWFl
OS1iOWIzZjc3NDk2MzQxCjAIBgNVBAUTATEwHhcNMjUwNTEzMDczOTExWhcNMzAw
NjIxMDczOTExWjCBiDEcMBoGA1UEAwwTc2NtQHBrcnZtYmVyZnlocGI5dzEtMCsG
A1UECwwkNWFjNmIwMTQtODI0NC00NGFiLTk5ZDYtOTA0NjFiN2JlNTA0MS0wKwYD
VQQKDCQ0NzBhZDI2MC00Y2RiLTQxMGEtOWFlOS1iOWIzZjc3NDk2MzQxCjAIBgNV
BAUTATEwggEiMA0GCSqGSIb3DQEBAQUAA4IBDwAwggEKAoIBAQCWdYIA6DTkTrlC
z1TzjRzIUoBEEwf3n01wffGlT3sf9R+HoX6GEpMH4T2lNpeOf6BH23LdHV3QWGaM
gJae9D4QLQ2eD0axcSLRpMEEDkgsAFphKhkBwSsm149mT58DpdY52KfpkrrgGjfm
eU3egpYIUSzI3+Qn8WrOfb3PmszszECsFsDuwAytRN6iFPWkIQ38s+GdDslcWZcP
GNoYp+YkwXvFHKtoprq4+HNx/Uz0KRRt5VRjSowF67kPvliDW5fe6wwWyWFsJqQs
ds39aGxwDOG7P8I6uIgck6KaHeSEhDJYBaj5Q+hDM5KtBq87W5GrhdiHOuGG9fYG
PTxGGZx9AgMBAAGjNDAyMA8GA1UdEwEB/wQFMAMBAf8wDgYDVR0PAQH/BAQDAgEG
MA8GA1UdEQQIMAaHBAoBAQowDQYJKoZIhvcNAQELBQADggEBAANyFx5v73lo5Tos
PqQSRq8Fo8w/ZKvO4uFfHVMHGAYiIDOY+I1e1MgkYsuTMCsrY6zCq7T9RYuKwXM7
R1jq4Gyhzn0s0AW6Ey2ZCZPsQTOnRFy4rIPgvz3Up9c/TocMr0nE+UqyV17Bve7d
3Sv5yTYnDkVUXSCQVxLf1xSi/31h/MrchAuuNdSsl3feBULKpCtWE43lYkNO1X4+
KaUv3+V+OBh+RqNbblh79f3BVM1bw6zZ55WS4yKKeKqte4bG7dPGMyybNZooKSCf
9mIQu1ZhfFZ0275fXNBL7BbeOR0YGskjE2fxWlxnVl+bm1POrFwgMFftNjcroHl/
sADJKOs=
-----END CERTIFICATE-----

2025-05-13 07:39:11,105 [main] INFO  client.SCMCertificateClient (SCMCertificateClient.java:recoverStateIfNeeded(289)) - Successfully stored SCM signed certificate.
2025-05-13 07:39:11,107 [main] INFO  ha.SCMHANodeDetails (SCMHANodeDetails.java:loadSCMHAConfig(162)) - ServiceID for StorageContainerManager is null
2025-05-13 07:39:11,107 [main] INFO  ha.SCMHANodeDetails (SCMHANodeDetails.java:loadSCMHAConfig(166)) - ozone.scm.default.service.id is not defined, falling back to ozone.scm.service.ids to find serviceID for StorageContainerManager if it is HA enabled cluster
2025-05-13 07:39:11,108 [main] INFO  server.RaftServerConfigKeys (ConfUtils.java:logGet(46)) - raft.server.log.appender.buffer.byte-limit = 4194304 (custom)
2025-05-13 07:39:11,109 [main] INFO  server.RaftServer (ConfUtils.java:logGet(46)) - raft.rpc.type = GRPC (default)
2025-05-13 07:39:11,109 [main] INFO  grpc.GrpcConfigKeys (ConfUtils.java:logFallback(53)) - raft.grpc.admin.host = null (fallback to raft.grpc.server.host)
2025-05-13 07:39:11,109 [main] INFO  grpc.GrpcConfigKeys (ConfUtils.java:logFallback(53)) - raft.grpc.admin.port = 15039 (fallback to raft.grpc.server.port)
2025-05-13 07:39:11,109 [main] INFO  grpc.GrpcConfigKeys (ConfUtils.java:logFallback(53)) - raft.grpc.client.host = null (fallback to raft.grpc.server.host)
2025-05-13 07:39:11,109 [main] INFO  grpc.GrpcConfigKeys (ConfUtils.java:logFallback(53)) - raft.grpc.client.port = 15039 (fallback to raft.grpc.server.port)
2025-05-13 07:39:11,109 [main] INFO  grpc.GrpcConfigKeys (ConfUtils.java:logGet(46)) - raft.grpc.server.host = null (default)
2025-05-13 07:39:11,110 [main] INFO  grpc.GrpcConfigKeys (ConfUtils.java:logGet(46)) - raft.grpc.server.port = 15039 (custom)
2025-05-13 07:39:11,110 [main] INFO  server.GrpcService (ConfUtils.java:logGet(46)) - raft.grpc.message.size.max = 5242880 (custom)
2025-05-13 07:39:11,110 [main] INFO  server.GrpcService (ConfUtils.java:logGet(46)) - raft.grpc.flow.control.window = 1MB (=1048576) (default)
2025-05-13 07:39:11,110 [main] INFO  server.RaftServerConfigKeys (ConfUtils.java:logGet(46)) - raft.server.rpc.request.timeout = 30000ms (custom)
2025-05-13 07:39:11,110 [main] INFO  grpc.GrpcConfigKeys (ConfUtils.java:logGet(46)) - raft.grpc.server.heartbeat.channel = true (default)
2025-05-13 07:39:11,110 [main] INFO  server.RaftServerConfigKeys (ConfUtils.java:logGet(46)) - raft.server.log.appender.buffer.byte-limit = 4194304 (custom)
2025-05-13 07:39:11,110 [main] INFO  grpc.GrpcConfigKeys (ConfUtils.java:logGet(46)) - raft.grpc.server.async.request.thread.pool.cached = true (default)
2025-05-13 07:39:11,110 [main] INFO  grpc.GrpcConfigKeys (ConfUtils.java:logGet(46)) - raft.grpc.server.async.request.thread.pool.size = 32 (default)
2025-05-13 07:39:11,111 [main] INFO  impl.DataStreamServerImpl (ConfUtils.java:logGet(46)) - raft.datastream.type = DISABLED (default)
2025-05-13 07:39:11,112 [main] INFO  server.RaftServerConfigKeys (ConfUtils.java:logGet(46)) - raft.server.sleep.deviation.threshold = 300ms (default)
2025-05-13 07:39:11,112 [main] INFO  server.RaftServerConfigKeys (ConfUtils.java:logGet(46)) - raft.server.close.threshold = 60s (default)
2025-05-13 07:39:11,112 [main] INFO  server.RaftServerConfigKeys (ConfUtils.java:logGet(46)) - raft.server.leaderelection.leader.step-down.wait-time = 10s (default)
2025-05-13 07:39:11,112 [main] INFO  server.RaftServerConfigKeys (ConfUtils.java:logGet(46)) - raft.server.storage.dir = [/tmp/junit-4231078600287843779/scm-meta/scm-ha] (custom)
2025-05-13 07:39:11,112 [main] INFO  server.RaftServerConfigKeys (ConfUtils.java:logGet(46)) - raft.server.threadpool.proxy.cached = true (default)
2025-05-13 07:39:11,112 [main] INFO  server.RaftServerConfigKeys (ConfUtils.java:logGet(46)) - raft.server.threadpool.proxy.size = 0 (default)
2025-05-13 07:39:11,113 [main] INFO  server.RaftServer (RaftServerProxy.java:addNew(100)) - 5ac6b014-8244-44ab-99d6-90461b7be504: addNew group-B9B3F7749634:[5ac6b014-8244-44ab-99d6-90461b7be504|pkrvmberfyhpb9w:15039] returns group-B9B3F7749634:java.util.concurrent.CompletableFuture@6dd11d81[Not completed]
2025-05-13 07:39:11,113 [5ac6b014-8244-44ab-99d6-90461b7be504-groupManagement] INFO  server.RaftServer$Division (RaftServerImpl.java:<init>(255)) - 5ac6b014-8244-44ab-99d6-90461b7be504: new RaftServerImpl for group-B9B3F7749634:[5ac6b014-8244-44ab-99d6-90461b7be504|pkrvmberfyhpb9w:15039] with SCMStateMachine:uninitialized
2025-05-13 07:39:11,113 [5ac6b014-8244-44ab-99d6-90461b7be504-groupManagement] INFO  server.RaftServerConfigKeys (ConfUtils.java:logGet(46)) - raft.server.rpc.timeout.min = 5000ms (custom)
2025-05-13 07:39:11,113 [5ac6b014-8244-44ab-99d6-90461b7be504-groupManagement] INFO  server.RaftServerConfigKeys (ConfUtils.java:logGet(46)) - raft.server.rpc.timeout.max = 5200ms (custom)
2025-05-13 07:39:11,113 [5ac6b014-8244-44ab-99d6-90461b7be504-groupManagement] INFO  server.RaftServerConfigKeys (ConfUtils.java:logGet(46)) - raft.server.rpc.sleep.time = 25ms (default)
2025-05-13 07:39:11,113 [5ac6b014-8244-44ab-99d6-90461b7be504-groupManagement] INFO  server.RaftServerConfigKeys (ConfUtils.java:logGet(46)) - raft.server.rpc.slowness.timeout = 120000ms (custom)
2025-05-13 07:39:11,113 [5ac6b014-8244-44ab-99d6-90461b7be504-groupManagement] INFO  server.RaftServerConfigKeys (ConfUtils.java:logGet(46)) - raft.server.leaderelection.leader.step-down.wait-time = 10s (default)
2025-05-13 07:39:11,113 [5ac6b014-8244-44ab-99d6-90461b7be504-groupManagement] INFO  server.RaftServerConfigKeys (ConfUtils.java:logGet(46)) - raft.server.leaderelection.member.majority-add = false (default)
2025-05-13 07:39:11,113 [5ac6b014-8244-44ab-99d6-90461b7be504-groupManagement] INFO  server.RaftServerConfigKeys (ConfUtils.java:logGet(46)) - raft.server.sleep.deviation.threshold = 300ms (default)
2025-05-13 07:39:11,113 [5ac6b014-8244-44ab-99d6-90461b7be504-groupManagement] INFO  server.RaftServer$Division (ServerState.java:<init>(114)) - 5ac6b014-8244-44ab-99d6-90461b7be504@group-B9B3F7749634: ConfigurationManager, init=conf: {index: -1, cur=peers:[5ac6b014-8244-44ab-99d6-90461b7be504|pkrvmberfyhpb9w:15039]|listeners:[], old=null}, confs=<EMPTY_MAP>
2025-05-13 07:39:11,114 [5ac6b014-8244-44ab-99d6-90461b7be504-groupManagement] INFO  server.RaftServerConfigKeys (ConfUtils.java:logGet(46)) - raft.server.notification.no-leader.timeout = 60s (default)
2025-05-13 07:39:11,114 [5ac6b014-8244-44ab-99d6-90461b7be504-groupManagement] INFO  server.RaftServerConfigKeys (ConfUtils.java:logGet(46)) - raft.server.read.timeout = 10s (default)
2025-05-13 07:39:11,114 [5ac6b014-8244-44ab-99d6-90461b7be504-groupManagement] INFO  server.RaftServerConfigKeys (ConfUtils.java:logGet(46)) - raft.server.retrycache.expirytime = 60000ms (default)
2025-05-13 07:39:11,114 [5ac6b014-8244-44ab-99d6-90461b7be504-groupManagement] INFO  server.RaftServerConfigKeys (ConfUtils.java:logGet(46)) - raft.server.retrycache.statistics.expirytime = 100ms (default)
2025-05-13 07:39:11,114 [5ac6b014-8244-44ab-99d6-90461b7be504-groupManagement] INFO  server.RaftServerConfigKeys (ConfUtils.java:logGet(46)) - raft.server.read.option = DEFAULT (default)
2025-05-13 07:39:11,114 [5ac6b014-8244-44ab-99d6-90461b7be504-groupManagement] INFO  server.RaftServerConfigKeys (ConfUtils.java:logGet(46)) - raft.server.read.read-after-write-consistent.write-index-cache.expiry-time = 60s (default)
2025-05-13 07:39:11,118 [5ac6b014-8244-44ab-99d6-90461b7be504-groupManagement] INFO  server.RaftServerConfigKeys (ConfUtils.java:logGet(46)) - raft.server.rpc.request.timeout = 30000ms (custom)
2025-05-13 07:39:11,118 [5ac6b014-8244-44ab-99d6-90461b7be504-groupManagement] INFO  server.RaftServerConfigKeys (ConfUtils.java:logGet(46)) - raft.server.log.appender.install.snapshot.enabled = false (custom)
2025-05-13 07:39:11,118 [5ac6b014-8244-44ab-99d6-90461b7be504-groupManagement] INFO  server.RaftServerConfigKeys (ConfUtils.java:logGet(46)) - raft.server.threadpool.server.cached = true (default)
2025-05-13 07:39:11,118 [5ac6b014-8244-44ab-99d6-90461b7be504-groupManagement] INFO  server.RaftServerConfigKeys (ConfUtils.java:logGet(46)) - raft.server.threadpool.server.size = 0 (default)
2025-05-13 07:39:11,118 [5ac6b014-8244-44ab-99d6-90461b7be504-groupManagement] INFO  server.RaftServerConfigKeys (ConfUtils.java:logGet(46)) - raft.server.threadpool.client.cached = true (default)
2025-05-13 07:39:11,118 [5ac6b014-8244-44ab-99d6-90461b7be504-groupManagement] INFO  server.RaftServerConfigKeys (ConfUtils.java:logGet(46)) - raft.server.threadpool.client.size = 0 (default)
2025-05-13 07:39:11,118 [5ac6b014-8244-44ab-99d6-90461b7be504-impl-thread1] INFO  server.RaftServerConfigKeys (ConfUtils.java:logGet(46)) - raft.server.storage.free-space.min = 0MB (=0) (default)
2025-05-13 07:39:11,118 [5ac6b014-8244-44ab-99d6-90461b7be504-impl-thread1] INFO  server.RaftServerConfigKeys (ConfUtils.java:logGet(46)) - raft.server.log.corruption.policy = EXCEPTION (default)
2025-05-13 07:39:11,119 [5ac6b014-8244-44ab-99d6-90461b7be504-impl-thread1] INFO  server.RaftServerConfigKeys (ConfUtils.java:logGet(46)) - raft.server.storage.dir = [/tmp/junit-4231078600287843779/scm-meta/scm-ha] (custom)
2025-05-13 07:39:11,119 [5ac6b014-8244-44ab-99d6-90461b7be504-impl-thread1] INFO  storage.RaftStorageDirectory (RaftStorageDirectoryImpl.java:analyzeStorage(138)) - The storage directory /tmp/junit-4231078600287843779/scm-meta/scm-ha/470ad260-4cdb-410a-9ae9-b9b3f7749634 does not exist. Creating ...
2025-05-13 07:39:11,120 [5ac6b014-8244-44ab-99d6-90461b7be504-impl-thread1] INFO  storage.RaftStorageDirectory (RaftStorageDirectoryImpl.java:tryLock(229)) - Lock on /tmp/junit-4231078600287843779/scm-meta/scm-ha/470ad260-4cdb-410a-9ae9-b9b3f7749634/in_use.lock acquired by nodename 11778@pkrvmberfyhpb9w
2025-05-13 07:39:11,121 [5ac6b014-8244-44ab-99d6-90461b7be504-impl-thread1] INFO  storage.RaftStorage (RaftStorageImpl.java:format(98)) - Storage directory /tmp/junit-4231078600287843779/scm-meta/scm-ha/470ad260-4cdb-410a-9ae9-b9b3f7749634 has been successfully formatted.
2025-05-13 07:39:11,121 [5ac6b014-8244-44ab-99d6-90461b7be504-impl-thread1] INFO  ha.SCMStateMachine (SCMStateMachine.java:lambda$initialize$0(135)) - 5ac6b014-8244-44ab-99d6-90461b7be504: initialize group-B9B3F7749634
2025-05-13 07:39:11,122 [5ac6b014-8244-44ab-99d6-90461b7be504-impl-thread1] INFO  server.RaftServerConfigKeys (ConfUtils.java:logGet(46)) - raft.server.log.use.memory = false (default)
2025-05-13 07:39:11,122 [5ac6b014-8244-44ab-99d6-90461b7be504-impl-thread1] INFO  server.RaftServerConfigKeys (ConfUtils.java:logGet(46)) - raft.server.log.purge.gap = 1000000 (custom)
2025-05-13 07:39:11,122 [5ac6b014-8244-44ab-99d6-90461b7be504-impl-thread1] INFO  server.RaftServerConfigKeys (ConfUtils.java:logGet(46)) - raft.server.log.appender.buffer.byte-limit = 4194304 (custom)
2025-05-13 07:39:11,122 [5ac6b014-8244-44ab-99d6-90461b7be504-impl-thread1] INFO  server.RaftServerConfigKeys (ConfUtils.java:logGet(46)) - raft.server.log.statemachine.data.read.timeout = 1000ms (default)
2025-05-13 07:39:11,122 [5ac6b014-8244-44ab-99d6-90461b7be504-impl-thread1] INFO  server.RaftServerConfigKeys (ConfUtils.java:logGet(46)) - raft.server.log.purge.preservation.log.num = 0 (default)
2025-05-13 07:39:11,123 [5ac6b014-8244-44ab-99d6-90461b7be504-impl-thread1] INFO  server.RaftServerConfigKeys (ConfUtils.java:logGet(46)) - raft.server.log.segment.size.max = 4194304 (custom)
2025-05-13 07:39:11,124 [5ac6b014-8244-44ab-99d6-90461b7be504-impl-thread1] INFO  server.RaftServerConfigKeys (ConfUtils.java:logGet(46)) - raft.server.log.segment.cache.num.max = 2 (custom)
2025-05-13 07:39:11,124 [5ac6b014-8244-44ab-99d6-90461b7be504-impl-thread1] INFO  server.RaftServerConfigKeys (ConfUtils.java:logGet(46)) - raft.server.log.segment.cache.size.max = 200MB (=209715200) (default)
2025-05-13 07:39:11,124 [5ac6b014-8244-44ab-99d6-90461b7be504-impl-thread1] INFO  server.RaftServerConfigKeys (ConfUtils.java:logGet(46)) - raft.server.log.appender.buffer.byte-limit = 4194304 (custom)
2025-05-13 07:39:11,124 [5ac6b014-8244-44ab-99d6-90461b7be504-impl-thread1] INFO  util.AwaitToRun (AwaitToRun.java:start(81)) - Thread[#1627,5ac6b014-8244-44ab-99d6-90461b7be504@group-B9B3F7749634-cacheEviction-AwaitToRun,5,main] started
2025-05-13 07:39:11,124 [5ac6b014-8244-44ab-99d6-90461b7be504-impl-thread1] INFO  segmented.SegmentedRaftLogWorker (SegmentedRaftLogWorker.java:<init>(188)) - new 5ac6b014-8244-44ab-99d6-90461b7be504@group-B9B3F7749634-SegmentedRaftLogWorker for RaftStorageImpl:Storage Directory /tmp/junit-4231078600287843779/scm-meta/scm-ha/470ad260-4cdb-410a-9ae9-b9b3f7749634
2025-05-13 07:39:11,124 [5ac6b014-8244-44ab-99d6-90461b7be504-impl-thread1] INFO  server.RaftServerConfigKeys (ConfUtils.java:logGet(46)) - raft.server.log.queue.byte-limit = 64MB (=67108864) (default)
2025-05-13 07:39:11,124 [5ac6b014-8244-44ab-99d6-90461b7be504-impl-thread1] INFO  server.RaftServerConfigKeys (ConfUtils.java:logGet(46)) - raft.server.log.queue.element-limit = 4096 (default)
2025-05-13 07:39:11,124 [5ac6b014-8244-44ab-99d6-90461b7be504-impl-thread1] INFO  server.RaftServerConfigKeys (ConfUtils.java:logGet(46)) - raft.server.log.segment.size.max = 4194304 (custom)
2025-05-13 07:39:11,124 [5ac6b014-8244-44ab-99d6-90461b7be504-impl-thread1] INFO  server.RaftServerConfigKeys (ConfUtils.java:logGet(46)) - raft.server.log.preallocated.size = 4194304 (custom)
2025-05-13 07:39:11,125 [5ac6b014-8244-44ab-99d6-90461b7be504-impl-thread1] INFO  server.RaftServerConfigKeys (ConfUtils.java:logGet(46)) - raft.server.log.force.sync.num = 128 (default)
2025-05-13 07:39:11,125 [5ac6b014-8244-44ab-99d6-90461b7be504-impl-thread1] INFO  server.RaftServerConfigKeys (ConfUtils.java:logGet(46)) - raft.server.log.statemachine.data.sync = true (default)
2025-05-13 07:39:11,125 [5ac6b014-8244-44ab-99d6-90461b7be504-impl-thread1] INFO  server.RaftServerConfigKeys (ConfUtils.java:logGet(46)) - raft.server.log.statemachine.data.sync.timeout = 10s (default)
2025-05-13 07:39:11,125 [5ac6b014-8244-44ab-99d6-90461b7be504-impl-thread1] INFO  server.RaftServerConfigKeys (ConfUtils.java:logGet(46)) - raft.server.log.statemachine.data.sync.timeout.retry = -1 (default)
2025-05-13 07:39:11,125 [5ac6b014-8244-44ab-99d6-90461b7be504-impl-thread1] INFO  server.RaftServerConfigKeys (ConfUtils.java:logGet(46)) - raft.server.log.write.buffer.size = 4194312 (custom)
2025-05-13 07:39:11,125 [5ac6b014-8244-44ab-99d6-90461b7be504-impl-thread1] INFO  server.RaftServerConfigKeys (ConfUtils.java:logGet(46)) - raft.server.log.appender.buffer.byte-limit = 4194304 (custom)
2025-05-13 07:39:11,125 [5ac6b014-8244-44ab-99d6-90461b7be504-impl-thread1] INFO  server.RaftServerConfigKeys (ConfUtils.java:logGet(46)) - raft.server.log.unsafe-flush.enabled = false (default)
2025-05-13 07:39:11,126 [5ac6b014-8244-44ab-99d6-90461b7be504-impl-thread1] INFO  server.RaftServerConfigKeys (ConfUtils.java:logGet(46)) - raft.server.log.async-flush.enabled = false (default)
2025-05-13 07:39:11,126 [5ac6b014-8244-44ab-99d6-90461b7be504-impl-thread1] INFO  server.RaftServerConfigKeys (ConfUtils.java:logGet(46)) - raft.server.log.statemachine.data.caching.enabled = false (default)
2025-05-13 07:39:11,126 [5ac6b014-8244-44ab-99d6-90461b7be504-impl-thread1] INFO  segmented.SegmentedRaftLogWorker (SegmentedRaftLogWorker.java:lambda$new$0(139)) - 5ac6b014-8244-44ab-99d6-90461b7be504@group-B9B3F7749634-SegmentedRaftLogWorker: flushIndex: setUnconditionally 0 -> -1
2025-05-13 07:39:11,126 [5ac6b014-8244-44ab-99d6-90461b7be504-impl-thread1] INFO  segmented.SegmentedRaftLogWorker (SegmentedRaftLogWorker.java:lambda$new$0(139)) - 5ac6b014-8244-44ab-99d6-90461b7be504@group-B9B3F7749634-SegmentedRaftLogWorker: safeCacheEvictIndex: setUnconditionally 0 -> -1
2025-05-13 07:39:11,126 [5ac6b014-8244-44ab-99d6-90461b7be504-impl-thread1] INFO  server.RaftServer$Division (RaftServerImpl.java:start(391)) - 5ac6b014-8244-44ab-99d6-90461b7be504@group-B9B3F7749634: start as a follower, conf=conf: {index: -1, cur=peers:[5ac6b014-8244-44ab-99d6-90461b7be504|pkrvmberfyhpb9w:15039]|listeners:[], old=null}
2025-05-13 07:39:11,126 [5ac6b014-8244-44ab-99d6-90461b7be504-impl-thread1] INFO  server.RaftServer$Division (RaftServerImpl.java:setRole(378)) - 5ac6b014-8244-44ab-99d6-90461b7be504@group-B9B3F7749634: changes role from      null to FOLLOWER at term 0 for startAsFollower
2025-05-13 07:39:11,126 [5ac6b014-8244-44ab-99d6-90461b7be504-impl-thread1] INFO  impl.RoleInfo (RoleInfo.java:updateAndGet(148)) - 5ac6b014-8244-44ab-99d6-90461b7be504: start 5ac6b014-8244-44ab-99d6-90461b7be504@group-B9B3F7749634-FollowerState
2025-05-13 07:39:11,127 [5ac6b014-8244-44ab-99d6-90461b7be504@group-B9B3F7749634-FollowerState] INFO  server.RaftServerConfigKeys (ConfUtils.java:logFallback(53)) - raft.server.rpc.first-election.timeout.min = 5000ms (fallback to raft.server.rpc.timeout.min)
2025-05-13 07:39:11,127 [5ac6b014-8244-44ab-99d6-90461b7be504@group-B9B3F7749634-FollowerState] INFO  server.RaftServerConfigKeys (ConfUtils.java:logFallback(53)) - raft.server.rpc.first-election.timeout.max = 5200ms (fallback to raft.server.rpc.timeout.max)
2025-05-13 07:39:11,127 [5ac6b014-8244-44ab-99d6-90461b7be504-impl-thread1] INFO  util.JmxRegister (JmxRegister.java:tryRegister(44)) - Successfully registered JMX Bean with object name Ratis:service=RaftServer,group=group-B9B3F7749634,id=5ac6b014-8244-44ab-99d6-90461b7be504
2025-05-13 07:39:11,127 [5ac6b014-8244-44ab-99d6-90461b7be504-impl-thread1] INFO  util.JmxRegister (JmxRegister.java:register(58)) - register mxBean class org.apache.ratis.server.impl.RaftServerJmxAdapter as Ratis:service=RaftServer,group=group-B9B3F7749634,id=5ac6b014-8244-44ab-99d6-90461b7be504
2025-05-13 07:39:11,127 [5ac6b014-8244-44ab-99d6-90461b7be504-impl-thread1] INFO  server.RaftServerConfigKeys (ConfUtils.java:logGet(46)) - raft.server.snapshot.trigger-when-stop.enabled = true (default)
2025-05-13 07:39:11,127 [5ac6b014-8244-44ab-99d6-90461b7be504-impl-thread1] INFO  server.RaftServerConfigKeys (ConfUtils.java:logGet(46)) - raft.server.snapshot.trigger-when-remove.enabled = true (default)
2025-05-13 07:39:11,127 [5ac6b014-8244-44ab-99d6-90461b7be504-impl-thread1] INFO  server.RaftServerConfigKeys (ConfUtils.java:logGet(46)) - raft.server.snapshot.auto.trigger.enabled = true (custom)
2025-05-13 07:39:11,127 [5ac6b014-8244-44ab-99d6-90461b7be504-impl-thread1] INFO  server.RaftServerConfigKeys (ConfUtils.java:logGet(46)) - raft.server.snapshot.auto.trigger.threshold = 1000 (custom)
2025-05-13 07:39:11,127 [5ac6b014-8244-44ab-99d6-90461b7be504-impl-thread1] INFO  server.RaftServerConfigKeys (ConfUtils.java:logGet(46)) - raft.server.snapshot.retention.file.num = -1 (default)
2025-05-13 07:39:11,127 [5ac6b014-8244-44ab-99d6-90461b7be504-impl-thread1] INFO  server.RaftServerConfigKeys (ConfUtils.java:logGet(46)) - raft.server.log.purge.upto.snapshot.index = false (default)
2025-05-13 07:39:11,128 [5ac6b014-8244-44ab-99d6-90461b7be504-impl-thread1] INFO  server.RaftServer$Division (RaftServerImpl.java:start(405)) - 5ac6b014-8244-44ab-99d6-90461b7be504@group-B9B3F7749634: Successfully started.
2025-05-13 07:39:11,128 [main] INFO  server.RaftServer (RaftServerProxy.java:startImpl(407)) - 5ac6b014-8244-44ab-99d6-90461b7be504: start RPC server
2025-05-13 07:39:11,129 [main] INFO  server.GrpcService (GrpcService.java:startImpl(334)) - 5ac6b014-8244-44ab-99d6-90461b7be504: GrpcService started, listening on 15039
2025-05-13 07:39:11,129 [JvmPauseMonitor10] INFO  util.JvmPauseMonitor (JvmPauseMonitor.java:run(146)) - JvmPauseMonitor-5ac6b014-8244-44ab-99d6-90461b7be504: Started
2025-05-13 07:39:16,223 [5ac6b014-8244-44ab-99d6-90461b7be504@group-B9B3F7749634-FollowerState] INFO  impl.FollowerState (FollowerState.java:runImpl(161)) - 5ac6b014-8244-44ab-99d6-90461b7be504@group-B9B3F7749634-FollowerState: change to CANDIDATE, lastRpcElapsedTime:5096668698ns, electionTimeout:5096ms
2025-05-13 07:39:16,223 [5ac6b014-8244-44ab-99d6-90461b7be504@group-B9B3F7749634-FollowerState] INFO  impl.RoleInfo (RoleInfo.java:shutdownFollowerState(121)) - 5ac6b014-8244-44ab-99d6-90461b7be504: shutdown 5ac6b014-8244-44ab-99d6-90461b7be504@group-B9B3F7749634-FollowerState
2025-05-13 07:39:16,223 [5ac6b014-8244-44ab-99d6-90461b7be504@group-B9B3F7749634-FollowerState] INFO  server.RaftServer$Division (RaftServerImpl.java:setRole(378)) - 5ac6b014-8244-44ab-99d6-90461b7be504@group-B9B3F7749634: changes role from  FOLLOWER to CANDIDATE at term 0 for changeToCandidate
2025-05-13 07:39:16,223 [5ac6b014-8244-44ab-99d6-90461b7be504@group-B9B3F7749634-FollowerState] INFO  server.RaftServerConfigKeys (ConfUtils.java:logGet(46)) - raft.server.leaderelection.pre-vote = true (default)
2025-05-13 07:39:16,223 [5ac6b014-8244-44ab-99d6-90461b7be504@group-B9B3F7749634-FollowerState] INFO  impl.RoleInfo (RoleInfo.java:updateAndGet(148)) - 5ac6b014-8244-44ab-99d6-90461b7be504: start 5ac6b014-8244-44ab-99d6-90461b7be504@group-B9B3F7749634-LeaderElection6
2025-05-13 07:39:16,224 [5ac6b014-8244-44ab-99d6-90461b7be504@group-B9B3F7749634-LeaderElection6] INFO  impl.LeaderElection (LeaderElection.java:askForVotes(332)) - 5ac6b014-8244-44ab-99d6-90461b7be504@group-B9B3F7749634-LeaderElection6 PRE_VOTE round 0: submit vote requests at term 0 for conf: {index: -1, cur=peers:[5ac6b014-8244-44ab-99d6-90461b7be504|pkrvmberfyhpb9w:15039]|listeners:[], old=null}
2025-05-13 07:39:16,224 [5ac6b014-8244-44ab-99d6-90461b7be504@group-B9B3F7749634-LeaderElection6] INFO  impl.LeaderElection (LeaderElection.java:askForVotes(334)) - 5ac6b014-8244-44ab-99d6-90461b7be504@group-B9B3F7749634-LeaderElection6 PRE_VOTE round 0: result PASSED (term=0)
2025-05-13 07:39:16,225 [5ac6b014-8244-44ab-99d6-90461b7be504@group-B9B3F7749634-LeaderElection6] INFO  impl.LeaderElection (LeaderElection.java:askForVotes(332)) - 5ac6b014-8244-44ab-99d6-90461b7be504@group-B9B3F7749634-LeaderElection6 ELECTION round 0: submit vote requests at term 1 for conf: {index: -1, cur=peers:[5ac6b014-8244-44ab-99d6-90461b7be504|pkrvmberfyhpb9w:15039]|listeners:[], old=null}
2025-05-13 07:39:16,225 [5ac6b014-8244-44ab-99d6-90461b7be504@group-B9B3F7749634-LeaderElection6] INFO  impl.LeaderElection (LeaderElection.java:askForVotes(334)) - 5ac6b014-8244-44ab-99d6-90461b7be504@group-B9B3F7749634-LeaderElection6 ELECTION round 0: result PASSED (term=1)
2025-05-13 07:39:16,225 [5ac6b014-8244-44ab-99d6-90461b7be504@group-B9B3F7749634-LeaderElection6] INFO  impl.RoleInfo (RoleInfo.java:shutdownLeaderElection(141)) - 5ac6b014-8244-44ab-99d6-90461b7be504: shutdown 5ac6b014-8244-44ab-99d6-90461b7be504@group-B9B3F7749634-LeaderElection6
2025-05-13 07:39:16,225 [5ac6b014-8244-44ab-99d6-90461b7be504@group-B9B3F7749634-LeaderElection6] INFO  server.RaftServer$Division (RaftServerImpl.java:setRole(378)) - 5ac6b014-8244-44ab-99d6-90461b7be504@group-B9B3F7749634: changes role from CANDIDATE to LEADER at term 1 for changeToLeader
2025-05-13 07:39:16,225 [5ac6b014-8244-44ab-99d6-90461b7be504@group-B9B3F7749634-LeaderElection6] INFO  server.RaftServerConfigKeys (ConfUtils.java:logGet(46)) - raft.server.staging.catchup.gap = 1000 (default)
2025-05-13 07:39:16,226 [5ac6b014-8244-44ab-99d6-90461b7be504@group-B9B3F7749634-LeaderElection6] INFO  server.RaftServerConfigKeys (ConfUtils.java:logGet(46)) - raft.server.write.element-limit = 4096 (default)
2025-05-13 07:39:16,226 [5ac6b014-8244-44ab-99d6-90461b7be504@group-B9B3F7749634-LeaderElection6] INFO  server.RaftServerConfigKeys (ConfUtils.java:logGet(46)) - raft.server.write.byte-limit = 64MB (=67108864) (default)
2025-05-13 07:39:16,226 [5ac6b014-8244-44ab-99d6-90461b7be504@group-B9B3F7749634-LeaderElection6] INFO  server.RaftServerConfigKeys (ConfUtils.java:logGet(46)) - raft.server.watch.timeout = 10s (default)
2025-05-13 07:39:16,226 [5ac6b014-8244-44ab-99d6-90461b7be504@group-B9B3F7749634-LeaderElection6] INFO  server.RaftServerConfigKeys (ConfUtils.java:logGet(46)) - raft.server.watch.timeout.denomination = 1s (default)
2025-05-13 07:39:16,226 [5ac6b014-8244-44ab-99d6-90461b7be504@group-B9B3F7749634-LeaderElection6] INFO  server.RaftServerConfigKeys (ConfUtils.java:logGet(46)) - raft.server.watch.element-limit = 65536 (default)
2025-05-13 07:39:16,226 [5ac6b014-8244-44ab-99d6-90461b7be504@group-B9B3F7749634-LeaderElection6] INFO  server.RaftServerConfigKeys (ConfUtils.java:logGet(46)) - raft.server.read.leader.lease.enabled = false (default)
2025-05-13 07:39:16,226 [5ac6b014-8244-44ab-99d6-90461b7be504@group-B9B3F7749634-LeaderElection6] INFO  server.RaftServerConfigKeys (ConfUtils.java:logGet(46)) - raft.server.read.leader.lease.timeout.ratio = 0.9 (default)
2025-05-13 07:39:16,226 [5ac6b014-8244-44ab-99d6-90461b7be504@group-B9B3F7749634-LeaderElection6] INFO  server.RaftServerConfigKeys (ConfUtils.java:logGet(46)) - raft.server.rpc.timeout.min = 5000ms (custom)
2025-05-13 07:39:16,226 [5ac6b014-8244-44ab-99d6-90461b7be504@group-B9B3F7749634-LeaderElection6] INFO  server.RaftServerConfigKeys (ConfUtils.java:logGet(46)) - raft.server.log.log-metadata.enabled = true (default)
2025-05-13 07:39:16,227 [5ac6b014-8244-44ab-99d6-90461b7be504@group-B9B3F7749634-LeaderElection6] INFO  server.RaftServerConfigKeys (ConfUtils.java:logGet(46)) - raft.server.write.element-limit = 4096 (default)
2025-05-13 07:39:16,227 [5ac6b014-8244-44ab-99d6-90461b7be504@group-B9B3F7749634-LeaderElection6] INFO  server.RaftServerConfigKeys (ConfUtils.java:logGet(46)) - raft.server.write.follower.gap.ratio.max = -1.0 (default)
2025-05-13 07:39:16,227 [5ac6b014-8244-44ab-99d6-90461b7be504@group-B9B3F7749634-LeaderElection6] INFO  impl.RoleInfo (RoleInfo.java:updateAndGet(148)) - 5ac6b014-8244-44ab-99d6-90461b7be504: start 5ac6b014-8244-44ab-99d6-90461b7be504@group-B9B3F7749634-LeaderStateImpl
2025-05-13 07:39:16,227 [5ac6b014-8244-44ab-99d6-90461b7be504@group-B9B3F7749634-LeaderElection6] INFO  server.RaftServer$Division (RaftServerImpl.java:setFirstElection(562)) - 5ac6b014-8244-44ab-99d6-90461b7be504@group-B9B3F7749634: set firstElectionSinceStartup to false for becomeLeader
2025-05-13 07:39:16,227 [5ac6b014-8244-44ab-99d6-90461b7be504@group-B9B3F7749634-LeaderElection6] INFO  server.RaftServer$Division (ServerState.java:setLeader(272)) - 5ac6b014-8244-44ab-99d6-90461b7be504@group-B9B3F7749634: change Leader from null to 5ac6b014-8244-44ab-99d6-90461b7be504 at term 1 for becomeLeader, leader elected after 5113ms
2025-05-13 07:39:16,227 [5ac6b014-8244-44ab-99d6-90461b7be504@group-B9B3F7749634-LeaderElection6] INFO  segmented.SegmentedRaftLogWorker (SegmentedRaftLogWorker.java:startLogSegment(438)) - 5ac6b014-8244-44ab-99d6-90461b7be504@group-B9B3F7749634-SegmentedRaftLogWorker: Starting segment from index:0
2025-05-13 07:39:16,227 [5ac6b014-8244-44ab-99d6-90461b7be504@group-B9B3F7749634-LeaderElection6] INFO  server.RaftServer$Division (ServerState.java:setRaftConf(386)) - 5ac6b014-8244-44ab-99d6-90461b7be504@group-B9B3F7749634: set configuration conf: {index: 0, cur=peers:[5ac6b014-8244-44ab-99d6-90461b7be504|pkrvmberfyhpb9w:15039]|listeners:[], old=null}
2025-05-13 07:39:16,227 [5ac6b014-8244-44ab-99d6-90461b7be504@group-B9B3F7749634-SegmentedRaftLogWorker] INFO  segmented.BufferedWriteChannel (BufferedWriteChannel.java:open(61)) - open log_inprogress_0 at position 0
2025-05-13 07:39:16,233 [5ac6b014-8244-44ab-99d6-90461b7be504@group-B9B3F7749634-SegmentedRaftLogWorker] INFO  segmented.SegmentedRaftLogWorker (SegmentedRaftLogWorker.java:execute(644)) - 5ac6b014-8244-44ab-99d6-90461b7be504@group-B9B3F7749634-SegmentedRaftLogWorker: created new log segment /tmp/junit-4231078600287843779/scm-meta/scm-ha/470ad260-4cdb-410a-9ae9-b9b3f7749634/current/log_inprogress_0
2025-05-13 07:39:16,235 [5ac6b014-8244-44ab-99d6-90461b7be504@group-B9B3F7749634-StateMachineUpdater] INFO  server.RaftServer$Division (LeaderStateImpl.java:checkStartIndex(313)) - Leader 5ac6b014-8244-44ab-99d6-90461b7be504@group-B9B3F7749634-LeaderStateImpl is ready since appliedIndex == startIndex == 0
2025-05-13 07:39:17,130 [main] INFO  server.RaftServer (RaftServerProxy.java:lambda$close$9(417)) - 5ac6b014-8244-44ab-99d6-90461b7be504: close
2025-05-13 07:39:17,130 [main] INFO  server.GrpcService (GrpcService.java:closeImpl(343)) - 5ac6b014-8244-44ab-99d6-90461b7be504: shutdown server GrpcServerProtocolService now
2025-05-13 07:39:17,130 [5ac6b014-8244-44ab-99d6-90461b7be504-impl-thread1] INFO  server.RaftServer$Division (RaftServerImpl.java:lambda$close$1(513)) - 5ac6b014-8244-44ab-99d6-90461b7be504@group-B9B3F7749634: shutdown
2025-05-13 07:39:17,130 [5ac6b014-8244-44ab-99d6-90461b7be504-impl-thread1] INFO  util.JmxRegister (JmxRegister.java:unregister(74)) - Successfully un-registered JMX Bean with object name Ratis:service=RaftServer,group=group-B9B3F7749634,id=5ac6b014-8244-44ab-99d6-90461b7be504
2025-05-13 07:39:17,130 [5ac6b014-8244-44ab-99d6-90461b7be504-impl-thread1] INFO  impl.RoleInfo (RoleInfo.java:shutdownLeaderState(103)) - 5ac6b014-8244-44ab-99d6-90461b7be504: shutdown 5ac6b014-8244-44ab-99d6-90461b7be504@group-B9B3F7749634-LeaderStateImpl
2025-05-13 07:39:17,131 [5ac6b014-8244-44ab-99d6-90461b7be504-impl-thread1] INFO  impl.PendingRequests (PendingRequests.java:sendNotLeaderResponses(287)) - 5ac6b014-8244-44ab-99d6-90461b7be504@group-B9B3F7749634-PendingRequests: sendNotLeaderResponses
2025-05-13 07:39:17,131 [main] INFO  server.GrpcService (GrpcService.java:closeImpl(352)) - 5ac6b014-8244-44ab-99d6-90461b7be504: shutdown server GrpcServerProtocolService successfully
2025-05-13 07:39:17,131 [5ac6b014-8244-44ab-99d6-90461b7be504-impl-thread1] INFO  impl.StateMachineUpdater (StateMachineUpdater.java:stopAndJoin(164)) - 5ac6b014-8244-44ab-99d6-90461b7be504@group-B9B3F7749634-StateMachineUpdater: set stopIndex = 0
2025-05-13 07:39:17,131 [5ac6b014-8244-44ab-99d6-90461b7be504@group-B9B3F7749634-StateMachineUpdater] INFO  impl.StateMachineUpdater (StateMachineUpdater.java:takeSnapshot(303)) - 5ac6b014-8244-44ab-99d6-90461b7be504@group-B9B3F7749634-StateMachineUpdater: Took a snapshot at index 0
2025-05-13 07:39:17,132 [5ac6b014-8244-44ab-99d6-90461b7be504@group-B9B3F7749634-StateMachineUpdater] INFO  impl.StateMachineUpdater (StateMachineUpdater.java:lambda$new$0(102)) - 5ac6b014-8244-44ab-99d6-90461b7be504@group-B9B3F7749634-StateMachineUpdater: snapshotIndex: updateIncreasingly -1 -> 0
2025-05-13 07:39:17,132 [5ac6b014-8244-44ab-99d6-90461b7be504@group-B9B3F7749634-StateMachineUpdater] INFO  impl.StateMachineUpdater (StateMachineUpdater.java:stop(141)) - 5ac6b014-8244-44ab-99d6-90461b7be504@group-B9B3F7749634-StateMachineUpdater: closing SCMStateMachine, lastApplied=(t:1, i:0)
2025-05-13 07:39:17,132 [5ac6b014-8244-44ab-99d6-90461b7be504@group-B9B3F7749634-cacheEviction-AwaitToRun] INFO  util.AwaitToRun (AwaitToRun.java:run(49)) - 5ac6b014-8244-44ab-99d6-90461b7be504@group-B9B3F7749634-cacheEviction-AwaitToRun-AwaitForSignal is interrupted
2025-05-13 07:39:17,235 [5ac6b014-8244-44ab-99d6-90461b7be504-impl-thread1] INFO  segmented.SegmentedRaftLogWorker (SegmentedRaftLogWorker.java:close(252)) - 5ac6b014-8244-44ab-99d6-90461b7be504@group-B9B3F7749634-SegmentedRaftLogWorker close()
2025-05-13 07:39:17,235 [JvmPauseMonitor10] INFO  util.JvmPauseMonitor (JvmPauseMonitor.java:run(152)) - JvmPauseMonitor-5ac6b014-8244-44ab-99d6-90461b7be504: Stopped
2025-05-13 07:39:17,236 [main] WARN  server.ServerUtils (ServerUtils.java:getScmDbDir(138)) - ozone.scm.db.dirs is not configured. We recommend adding this setting. Falling back to ozone.metadata.dirs instead.
2025-05-13 07:39:17,236 [main] INFO  ha.SCMHANodeDetails (SCMHANodeDetails.java:loadSCMHAConfig(162)) - ServiceID for StorageContainerManager is null
2025-05-13 07:39:17,236 [main] INFO  ha.SCMHANodeDetails (SCMHANodeDetails.java:loadSCMHAConfig(166)) - ozone.scm.default.service.id is not defined, falling back to ozone.scm.service.ids to find serviceID for StorageContainerManager if it is HA enabled cluster
2025-05-13 07:39:17,243 [pool-316-thread-1] INFO  request.KdcRequest (KdcRequest.java:preauth(683)) - The preauth data is empty.
2025-05-13 07:39:17,243 [pool-316-thread-1] INFO  server.KdcHandler (KdcHandler.java:handleRecoverableException(177)) - KRB error occurred while processing request: Additional pre-authentication required
2025-05-13 07:39:17,246 [pool-316-thread-1] INFO  request.AsRequest (AsRequest.java:issueTicket(112)) - AS_REQ ISSUE: authtime 1747121957245,om/pkrvmberfyhpb9w.internal.cloudapp.net@EXAMPLE.COM for krbtgt/EXAMPLE.COM@EXAMPLE.COM
2025-05-13 07:39:17,247 [main] INFO  security.UserGroupInformation (UserGroupInformation.java:loginUserFromKeytab(1143)) - Login successful for user om/pkrvmberfyhpb9w.internal.cloudapp.net@EXAMPLE.COM using keytab file om.keytab. Keytab auto renewal enabled : false
2025-05-13 07:39:17,247 [main] INFO  server.StorageContainerManager (StorageContainerManager.java:loginAsSCMUserIfSecurityEnabled(1062)) - SCM login successful.
2025-05-13 07:39:17,249 [main] INFO  proxy.SCMSecurityProtocolFailoverProxyProvider (SCMFailoverProxyProviderBase.java:<init>(120)) - Created fail-over proxy for protocol SCMSecurityProtocolPB with 1 nodes: [nodeId=scmNodeId,nodeAddress=localhost/127.0.0.1:15038]
2025-05-13 07:39:17,249 [main] INFO  client.SCMCertificateClient (DefaultCertificateClient.java:updateCertSerialId(1289)) - Certificate serial ID set to 2
2025-05-13 07:39:17,250 [main] INFO  client.SCMCertificateClient (DefaultCertificateClient.java:readCertificateFile(247)) - Added certificate 2 from file: /tmp/junit-4231078600287843779/scm-meta/scm/sub-ca/certs/2.crt.
2025-05-13 07:39:17,250 [main] INFO  client.SCMCertificateClient (DefaultCertificateClient.java:readCertificateFile(247)) - Added certificate 1 from file: /tmp/junit-4231078600287843779/scm-meta/scm/sub-ca/certs/CA-1.crt.
2025-05-13 07:39:17,251 [main] INFO  client.SCMCertificateClient (DefaultCertificateClient.java:readCertificateFile(247)) - Added certificate 2 from file: /tmp/junit-4231078600287843779/scm-meta/scm/sub-ca/certs/certificate.crt.
2025-05-13 07:39:17,251 [main] INFO  client.SCMCertificateClient (DefaultCertificateClient.java:loadAllCertificates(196)) - CertificateRenewerService and root ca rotation polling is disabled for scm/sub-ca
2025-05-13 07:39:17,251 [main] WARN  utils.HAUtils (HAUtils.java:getMetaDir(311)) - ozone.scm.db.dirs is not configured. We recommend adding this setting. Falling back to ozone.metadata.dirs instead.
2025-05-13 07:39:17,252 [main] WARN  db.DBStoreBuilder (DBStoreBuilder.java:getDBDirPath(160)) - ozone.scm.db.dirs is not configured. We recommend adding this setting. Falling back to ozone.metadata.dirs instead.
2025-05-13 07:39:17,309 [main] INFO  net.NodeSchemaLoader (NodeSchemaLoader.java:loadSchemaFromFile(128)) - Loading schema from [jar:file:/home/runner/work/ozone/ozone/hadoop-hdds/common/target/hdds-common-2.1.0-SNAPSHOT.jar!/network-topology-default.xml]
2025-05-13 07:39:17,309 [main] INFO  net.NodeSchemaLoader (NodeSchemaLoader.java:loadSchema(175)) - Loading network topology layer schema file
2025-05-13 07:39:17,327 [main] INFO  ha.SCMRatisServerImpl (SCMRatisServerImpl.java:<init>(100)) - starting Raft server for scm:5ac6b014-8244-44ab-99d6-90461b7be504
2025-05-13 07:39:17,328 [main] INFO  server.RaftServerConfigKeys (ConfUtils.java:logGet(46)) - raft.server.log.appender.buffer.byte-limit = 4194304 (custom)
2025-05-13 07:39:17,329 [main] INFO  server.RaftServer (ConfUtils.java:logGet(46)) - raft.rpc.type = GRPC (default)
2025-05-13 07:39:17,329 [main] INFO  grpc.GrpcConfigKeys (ConfUtils.java:logFallback(53)) - raft.grpc.admin.host = null (fallback to raft.grpc.server.host)
2025-05-13 07:39:17,329 [main] INFO  grpc.GrpcConfigKeys (ConfUtils.java:logFallback(53)) - raft.grpc.admin.port = 15039 (fallback to raft.grpc.server.port)
2025-05-13 07:39:17,329 [main] INFO  grpc.GrpcConfigKeys (ConfUtils.java:logFallback(53)) - raft.grpc.client.host = null (fallback to raft.grpc.server.host)
2025-05-13 07:39:17,329 [main] INFO  grpc.GrpcConfigKeys (ConfUtils.java:logFallback(53)) - raft.grpc.client.port = 15039 (fallback to raft.grpc.server.port)
2025-05-13 07:39:17,330 [main] INFO  grpc.GrpcConfigKeys (ConfUtils.java:logGet(46)) - raft.grpc.server.host = null (default)
2025-05-13 07:39:17,330 [main] INFO  grpc.GrpcConfigKeys (ConfUtils.java:logGet(46)) - raft.grpc.server.port = 15039 (custom)
2025-05-13 07:39:17,330 [main] INFO  server.GrpcService (ConfUtils.java:logGet(46)) - raft.grpc.message.size.max = 5242880 (custom)
2025-05-13 07:39:17,330 [main] INFO  server.GrpcService (ConfUtils.java:logGet(46)) - raft.grpc.flow.control.window = 1MB (=1048576) (default)
2025-05-13 07:39:17,330 [main] INFO  server.RaftServerConfigKeys (ConfUtils.java:logGet(46)) - raft.server.rpc.request.timeout = 30000ms (custom)
2025-05-13 07:39:17,330 [main] INFO  grpc.GrpcConfigKeys (ConfUtils.java:logGet(46)) - raft.grpc.server.heartbeat.channel = true (default)
2025-05-13 07:39:17,330 [main] INFO  server.RaftServerConfigKeys (ConfUtils.java:logGet(46)) - raft.server.log.appender.buffer.byte-limit = 4194304 (custom)
2025-05-13 07:39:17,330 [main] INFO  grpc.GrpcConfigKeys (ConfUtils.java:logGet(46)) - raft.grpc.server.async.request.thread.pool.cached = true (default)
2025-05-13 07:39:17,330 [main] INFO  grpc.GrpcConfigKeys (ConfUtils.java:logGet(46)) - raft.grpc.server.async.request.thread.pool.size = 32 (default)
2025-05-13 07:39:17,331 [main] INFO  impl.DataStreamServerImpl (ConfUtils.java:logGet(46)) - raft.datastream.type = DISABLED (default)
2025-05-13 07:39:17,332 [main] INFO  server.RaftServerConfigKeys (ConfUtils.java:logGet(46)) - raft.server.sleep.deviation.threshold = 300ms (default)
2025-05-13 07:39:17,332 [main] INFO  server.RaftServerConfigKeys (ConfUtils.java:logGet(46)) - raft.server.close.threshold = 60s (default)
2025-05-13 07:39:17,332 [main] INFO  server.RaftServerConfigKeys (ConfUtils.java:logGet(46)) - raft.server.leaderelection.leader.step-down.wait-time = 10s (default)
2025-05-13 07:39:17,332 [main] INFO  server.RaftServerConfigKeys (ConfUtils.java:logGet(46)) - raft.server.storage.dir = [/tmp/junit-4231078600287843779/scm-meta/scm-ha] (custom)
2025-05-13 07:39:17,332 [main] INFO  server.RaftServerConfigKeys (ConfUtils.java:logGet(46)) - raft.server.threadpool.proxy.cached = true (default)
2025-05-13 07:39:17,332 [main] INFO  server.RaftServerConfigKeys (ConfUtils.java:logGet(46)) - raft.server.threadpool.proxy.size = 0 (default)
2025-05-13 07:39:17,333 [5ac6b014-8244-44ab-99d6-90461b7be504-impl-thread1] INFO  server.RaftServer (RaftServerProxy.java:initGroupDir(265)) - 5ac6b014-8244-44ab-99d6-90461b7be504: found a subdirectory /tmp/junit-4231078600287843779/scm-meta/scm-ha/470ad260-4cdb-410a-9ae9-b9b3f7749634
2025-05-13 07:39:17,333 [main] INFO  server.RaftServer (RaftServerProxy.java:addNew(100)) - 5ac6b014-8244-44ab-99d6-90461b7be504: addNew group-B9B3F7749634:[] returns group-B9B3F7749634:java.util.concurrent.CompletableFuture@36f464d8[Not completed]
2025-05-13 07:39:17,333 [5ac6b014-8244-44ab-99d6-90461b7be504-groupManagement] INFO  server.RaftServer$Division (RaftServerImpl.java:<init>(255)) - 5ac6b014-8244-44ab-99d6-90461b7be504: new RaftServerImpl for group-B9B3F7749634:[] with SCMStateMachine:uninitialized
2025-05-13 07:39:17,333 [5ac6b014-8244-44ab-99d6-90461b7be504-groupManagement] INFO  server.RaftServerConfigKeys (ConfUtils.java:logGet(46)) - raft.server.rpc.timeout.min = 5000ms (custom)
2025-05-13 07:39:17,333 [5ac6b014-8244-44ab-99d6-90461b7be504-groupManagement] INFO  server.RaftServerConfigKeys (ConfUtils.java:logGet(46)) - raft.server.rpc.timeout.max = 5200ms (custom)
2025-05-13 07:39:17,334 [5ac6b014-8244-44ab-99d6-90461b7be504-groupManagement] INFO  server.RaftServerConfigKeys (ConfUtils.java:logGet(46)) - raft.server.rpc.sleep.time = 25ms (default)
2025-05-13 07:39:17,334 [5ac6b014-8244-44ab-99d6-90461b7be504-groupManagement] INFO  server.RaftServerConfigKeys (ConfUtils.java:logGet(46)) - raft.server.rpc.slowness.timeout = 120000ms (custom)
2025-05-13 07:39:17,334 [5ac6b014-8244-44ab-99d6-90461b7be504-groupManagement] INFO  server.RaftServerConfigKeys (ConfUtils.java:logGet(46)) - raft.server.leaderelection.leader.step-down.wait-time = 10s (default)
2025-05-13 07:39:17,334 [5ac6b014-8244-44ab-99d6-90461b7be504-groupManagement] INFO  server.RaftServerConfigKeys (ConfUtils.java:logGet(46)) - raft.server.leaderelection.member.majority-add = false (default)
2025-05-13 07:39:17,334 [5ac6b014-8244-44ab-99d6-90461b7be504-groupManagement] INFO  server.RaftServerConfigKeys (ConfUtils.java:logGet(46)) - raft.server.sleep.deviation.threshold = 300ms (default)
2025-05-13 07:39:17,334 [5ac6b014-8244-44ab-99d6-90461b7be504-groupManagement] INFO  server.RaftServer$Division (ServerState.java:<init>(114)) - 5ac6b014-8244-44ab-99d6-90461b7be504@group-B9B3F7749634: ConfigurationManager, init=conf: {index: -1, cur=peers:[]|listeners:[], old=null}, confs=<EMPTY_MAP>
2025-05-13 07:39:17,334 [5ac6b014-8244-44ab-99d6-90461b7be504-groupManagement] INFO  server.RaftServerConfigKeys (ConfUtils.java:logGet(46)) - raft.server.notification.no-leader.timeout = 60s (default)
2025-05-13 07:39:17,334 [5ac6b014-8244-44ab-99d6-90461b7be504-groupManagement] INFO  server.RaftServerConfigKeys (ConfUtils.java:logGet(46)) - raft.server.read.timeout = 10s (default)
2025-05-13 07:39:17,334 [5ac6b014-8244-44ab-99d6-90461b7be504-groupManagement] INFO  server.RaftServerConfigKeys (ConfUtils.java:logGet(46)) - raft.server.retrycache.expirytime = 60000ms (default)
2025-05-13 07:39:17,334 [5ac6b014-8244-44ab-99d6-90461b7be504-groupManagement] INFO  server.RaftServerConfigKeys (ConfUtils.java:logGet(46)) - raft.server.retrycache.statistics.expirytime = 100ms (default)
2025-05-13 07:39:17,334 [5ac6b014-8244-44ab-99d6-90461b7be504-groupManagement] INFO  server.RaftServerConfigKeys (ConfUtils.java:logGet(46)) - raft.server.read.option = DEFAULT (default)
2025-05-13 07:39:17,334 [5ac6b014-8244-44ab-99d6-90461b7be504-groupManagement] INFO  server.RaftServerConfigKeys (ConfUtils.java:logGet(46)) - raft.server.read.read-after-write-consistent.write-index-cache.expiry-time = 60s (default)
2025-05-13 07:39:17,338 [5ac6b014-8244-44ab-99d6-90461b7be504-groupManagement] INFO  server.RaftServerConfigKeys (ConfUtils.java:logGet(46)) - raft.server.rpc.request.timeout = 30000ms (custom)
2025-05-13 07:39:17,338 [5ac6b014-8244-44ab-99d6-90461b7be504-groupManagement] INFO  server.RaftServerConfigKeys (ConfUtils.java:logGet(46)) - raft.server.log.appender.install.snapshot.enabled = false (custom)
2025-05-13 07:39:17,338 [5ac6b014-8244-44ab-99d6-90461b7be504-groupManagement] INFO  server.RaftServerConfigKeys (ConfUtils.java:logGet(46)) - raft.server.threadpool.server.cached = true (default)
2025-05-13 07:39:17,338 [5ac6b014-8244-44ab-99d6-90461b7be504-groupManagement] INFO  server.RaftServerConfigKeys (ConfUtils.java:logGet(46)) - raft.server.threadpool.server.size = 0 (default)
2025-05-13 07:39:17,338 [5ac6b014-8244-44ab-99d6-90461b7be504-groupManagement] INFO  server.RaftServerConfigKeys (ConfUtils.java:logGet(46)) - raft.server.threadpool.client.cached = true (default)
2025-05-13 07:39:17,338 [5ac6b014-8244-44ab-99d6-90461b7be504-groupManagement] INFO  server.RaftServerConfigKeys (ConfUtils.java:logGet(46)) - raft.server.threadpool.client.size = 0 (default)
2025-05-13 07:39:17,338 [main] INFO  ha.SCMSnapshotProvider (SCMSnapshotProvider.java:<init>(61)) - Initializing SCM Snapshot Provider
2025-05-13 07:39:17,338 [main] WARN  server.ServerUtils (ServerUtils.java:getDefaultRatisDirectory(304)) - Storage directory for Ratis is not configured. It is a good idea to map this to an SSD disk. Falling back to ozone.metadata.dirs
2025-05-13 07:39:17,339 [main] WARN  ha.SCMHAUtils (SCMHAUtils.java:getSCMRatisSnapshotDirectory(120)) - SCM snapshot dir is not configured. Falling back to ozone.metadata.dirs config
2025-05-13 07:39:17,340 [main] INFO  upgrade.AbstractLayoutVersionManager (AbstractLayoutVersionManager.java:init(80)) - Initializing Layout version manager with metadata layout = HBASE_SUPPORT (version = 8), software layout = HBASE_SUPPORT (version = 8)
2025-05-13 07:39:17,342 [main] INFO  ha.SequenceIdGenerator (SequenceIdGenerator.java:upgradeToSequenceId(355)) - upgrade localId to 115816896921600000
2025-05-13 07:39:17,343 [main] INFO  ha.SequenceIdGenerator (SequenceIdGenerator.java:upgradeToSequenceId(365)) - upgrade delTxnId to 0
2025-05-13 07:39:17,344 [main] INFO  ha.SequenceIdGenerator (SequenceIdGenerator.java:upgradeToSequenceId(382)) - upgrade containerId to 0
2025-05-13 07:39:17,345 [main] INFO  ha.SequenceIdGenerator (SequenceIdGenerator.java:upgradeToCertificateSequenceId(419)) - upgrade CertificateId to 2
2025-05-13 07:39:17,345 [main] INFO  ha.SequenceIdGenerator (SequenceIdGenerator.java:<init>(232)) - Init the HA SequenceIdGenerator.
2025-05-13 07:39:17,345 [main] WARN  server.ServerUtils (ServerUtils.java:sanitizeUserArgs(76)) - ozone.scm.stale.node.interval value = 300000 is larger than max = 100000 based on the key value of ozone.scm.heartbeat.thread.interval, reset to the max value 100000.
2025-05-13 07:39:17,346 [main] WARN  server.ServerUtils (ServerUtils.java:sanitizeUserArgs(76)) - ozone.scm.stale.node.interval value = 300000 is larger than max = 100000 based on the key value of ozone.scm.heartbeat.thread.interval, reset to the max value 100000.
2025-05-13 07:39:17,346 [main] INFO  node.SCMNodeManager (SCMNodeManager.java:<init>(182)) - Entering startup safe mode.
2025-05-13 07:39:17,346 [main] INFO  algorithms.ContainerPlacementPolicyFactory (ContainerPlacementPolicyFactory.java:getPolicyInternal(84)) - Create container placement policy of type org.apache.hadoop.hdds.scm.container.placement.algorithms.SCMContainerPlacementRackAware
2025-05-13 07:39:17,346 [main] INFO  algorithms.ContainerPlacementPolicyFactory (ContainerPlacementPolicyFactory.java:getPolicyInternal(84)) - Create container placement policy of type org.apache.hadoop.hdds.scm.container.placement.algorithms.SCMContainerPlacementRackScatter
2025-05-13 07:39:17,347 [main] INFO  pipeline.PipelineStateManagerImpl (PipelineStateManagerImpl.java:initialize(75)) - No pipeline exists in current db
2025-05-13 07:39:17,347 [main] INFO  algorithms.LeaderChoosePolicyFactory (LeaderChoosePolicyFactory.java:getPolicy(55)) - Create leader choose policy of type org.apache.hadoop.hdds.scm.pipeline.leader.choose.algorithms.MinLeaderCountChoosePolicy
2025-05-13 07:39:17,347 [main] INFO  algorithms.ContainerPlacementPolicyFactory (ContainerPlacementPolicyFactory.java:getPolicyInternal(84)) - Create container placement policy of type org.apache.hadoop.hdds.scm.container.placement.algorithms.SCMContainerPlacementRackScatter
2025-05-13 07:39:17,347 [main] INFO  ha.SCMServiceManager (SCMServiceManager.java:register(42)) - Registering service BackgroundPipelineCreator.
2025-05-13 07:39:17,347 [main] INFO  pipeline.BackgroundPipelineCreator (BackgroundPipelineCreator.java:start(126)) - Starting RatisPipelineUtilsThread.
2025-05-13 07:39:17,348 [main] INFO  BackgroundPipelineScrubber (BackgroundSCMService.java:start(64)) - Starting BackgroundPipelineScrubber Service.
2025-05-13 07:39:17,348 [main] INFO  ha.SCMServiceManager (SCMServiceManager.java:register(42)) - Registering service BackgroundPipelineScrubber.
2025-05-13 07:39:17,348 [main] INFO  ExpiredContainerReplicaOpScrubber (BackgroundSCMService.java:start(64)) - Starting ExpiredContainerReplicaOpScrubber Service.
2025-05-13 07:39:17,349 [main] INFO  ha.SCMServiceManager (SCMServiceManager.java:register(42)) - Registering service ExpiredContainerReplicaOpScrubber.
2025-05-13 07:39:17,350 [main] INFO  algorithms.PipelineChoosePolicyFactory (PipelineChoosePolicyFactory.java:createPipelineChoosePolicyFromClass(78)) - Create pipeline choose policy of type org.apache.hadoop.hdds.scm.pipeline.choose.algorithms.RandomPipelineChoosePolicy
2025-05-13 07:39:17,350 [main] INFO  algorithms.PipelineChoosePolicyFactory (PipelineChoosePolicyFactory.java:createPipelineChoosePolicyFromClass(78)) - Create pipeline choose policy of type org.apache.hadoop.hdds.scm.pipeline.choose.algorithms.RandomPipelineChoosePolicy
2025-05-13 07:39:17,351 [main] INFO  ha.SCMServiceManager (SCMServiceManager.java:register(42)) - Registering service SCMBlockDeletingService.
2025-05-13 07:39:17,351 [main] INFO  replication.ReplicationManager (ReplicationManager.java:start(285)) - Starting Replication Monitor Thread.
2025-05-13 07:39:17,352 [main] INFO  ha.SCMServiceManager (SCMServiceManager.java:register(42)) - Registering service ReplicationManager.
2025-05-13 07:39:17,353 [main] INFO  safemode.RatisContainerSafeModeRule (RatisContainerSafeModeRule.java:initializeRule(160)) - Refreshed Containers with one replica threshold count 0.
2025-05-13 07:39:17,353 [main] INFO  safemode.ECContainerSafeModeRule (ECContainerSafeModeRule.java:initializeRule(205)) - Refreshed Containers with ec n replica threshold count 0.
2025-05-13 07:39:17,355 [main] INFO  safemode.HealthyPipelineSafeModeRule (HealthyPipelineSafeModeRule.java:initializeRule(177)) - Total pipeline count is 0, healthy pipeline threshold count is 0
2025-05-13 07:39:17,356 [main] INFO  safemode.OneReplicaPipelineSafeModeRule (OneReplicaPipelineSafeModeRule.java:initializeRule(190)) - Total pipeline count is 0, pipeline's with at least one datanode reported threshold count is 0
2025-05-13 07:39:17,356 [main] INFO  security.SecretKeyManagerService (SecretKeyManagerService.java:start(143)) - Scheduling rotation checker with interval PT10M
2025-05-13 07:39:17,356 [main] INFO  ha.SCMServiceManager (SCMServiceManager.java:register(42)) - Registering service SecretKeyManagerService.
2025-05-13 07:39:17,357 [main] INFO  keys.KeyStorage (KeyStorage.java:readPublicKey(174)) - Reading public key from /tmp/junit-4231078600287843779/scm-meta/scm/sub-ca/keys/public.pem.
2025-05-13 07:39:17,357 [main] INFO  keys.KeyStorage (KeyStorage.java:readPrivateKey(158)) - Reading private key from /tmp/junit-4231078600287843779/scm-meta/scm/sub-ca/keys/private.pem.
2025-05-13 07:39:17,357 [main] INFO  authority.DefaultCAServer (DefaultCAServer.java:lambda$processVerificationStatus$0(392)) - CertificateServer validation is successful
2025-05-13 07:39:17,357 [main] INFO  keys.KeyStorage (KeyStorage.java:readPublicKey(174)) - Reading public key from /tmp/junit-4231078600287843779/scm-meta/scm/ca/keys/public.pem.
2025-05-13 07:39:17,358 [main] INFO  keys.KeyStorage (KeyStorage.java:readPrivateKey(158)) - Reading private key from /tmp/junit-4231078600287843779/scm-meta/scm/ca/keys/private.pem.
2025-05-13 07:39:17,358 [main] INFO  authority.DefaultCAServer (DefaultCAServer.java:lambda$processVerificationStatus$0(392)) - CertificateServer validation is successful
2025-05-13 07:39:17,358 [main] INFO  server.StorageContainerManager (StorageContainerManager.java:persistPrimarySCMCerts(950)) - Storing sub-ca certificate serialId 2 on primary SCM
2025-05-13 07:39:17,359 [main] INFO  server.SCMCertStore (SCMCertStore.java:storeValidScmCertificate(96)) - Scm certificate 2 for CN=scm-sub@pkrvmberfyhpb9w,OU=5ac6b014-8244-44ab-99d6-90461b7be504,O=470ad260-4cdb-410a-9ae9-b9b3f7749634,SERIALNUMBER=2 is stored
2025-05-13 07:39:17,359 [main] INFO  server.StorageContainerManager (StorageContainerManager.java:persistPrimarySCMCerts(957)) - Storing root certificate serialId 1
2025-05-13 07:39:17,360 [main] INFO  server.SCMCertStore (SCMCertStore.java:storeValidScmCertificate(96)) - Scm certificate 1 for CN=scm@pkrvmberfyhpb9w,OU=5ac6b014-8244-44ab-99d6-90461b7be504,O=470ad260-4cdb-410a-9ae9-b9b3f7749634,SERIALNUMBER=1 is stored
2025-05-13 07:39:17,362 [main] INFO  ha.SequenceIdGenerator (SequenceIdGenerator.java:upgradeToCertificateSequenceId(419)) - upgrade CertificateId to 2
2025-05-13 07:39:17,363 [main] INFO  ipc.CallQueueManager (CallQueueManager.java:<init>(93)) - Using callQueue: class java.util.concurrent.LinkedBlockingQueue, queueCapacity: 200, scheduler: class org.apache.hadoop.ipc.DefaultRpcScheduler, ipcBackoff: false, ipcFailOver: false.
2025-05-13 07:39:17,363 [main] INFO  ipc.Server (Server.java:<init>(1438)) - Listener at 0.0.0.0:15038
2025-05-13 07:39:17,364 [Socket Reader #1 for port 15038] INFO  ipc.Server (Server.java:run(1474)) - Starting Socket Reader #1 for port 15038
2025-05-13 07:39:17,365 [main] INFO  server.StorageContainerManager (StorageContainerManager.java:<init>(430)) - SCM start with adminUsers: [om/pkrvmberfyhpb9w.internal.cloudapp.net@EXAMPLE.COM, om]
2025-05-13 07:39:17,365 [main] INFO  ipc.CallQueueManager (CallQueueManager.java:<init>(93)) - Using callQueue: class java.util.concurrent.LinkedBlockingQueue, queueCapacity: 10000, scheduler: class org.apache.hadoop.ipc.DefaultRpcScheduler, ipcBackoff: false, ipcFailOver: false.
2025-05-13 07:39:17,366 [main] INFO  ipc.Server (Server.java:<init>(1438)) - Listener at 0.0.0.0:15036
2025-05-13 07:39:17,366 [Socket Reader #1 for port 15036] INFO  ipc.Server (Server.java:run(1474)) - Starting Socket Reader #1 for port 15036
2025-05-13 07:39:17,366 [Socket Reader #2 for port 15036] INFO  ipc.Server (Server.java:run(1474)) - Starting Socket Reader #2 for port 15036
2025-05-13 07:39:17,366 [Socket Reader #3 for port 15036] INFO  ipc.Server (Server.java:run(1474)) - Starting Socket Reader #3 for port 15036
2025-05-13 07:39:17,367 [Socket Reader #4 for port 15036] INFO  ipc.Server (Server.java:run(1474)) - Starting Socket Reader #4 for port 15036
2025-05-13 07:39:17,367 [Socket Reader #5 for port 15036] INFO  ipc.Server (Server.java:run(1474)) - Starting Socket Reader #5 for port 15036
2025-05-13 07:39:17,367 [Socket Reader #6 for port 15036] INFO  ipc.Server (Server.java:run(1474)) - Starting Socket Reader #6 for port 15036
2025-05-13 07:39:17,367 [Socket Reader #7 for port 15036] INFO  ipc.Server (Server.java:run(1474)) - Starting Socket Reader #7 for port 15036
2025-05-13 07:39:17,368 [Socket Reader #8 for port 15036] INFO  ipc.Server (Server.java:run(1474)) - Starting Socket Reader #8 for port 15036
2025-05-13 07:39:17,368 [Socket Reader #9 for port 15036] INFO  ipc.Server (Server.java:run(1474)) - Starting Socket Reader #9 for port 15036
2025-05-13 07:39:17,368 [Socket Reader #10 for port 15036] INFO  ipc.Server (Server.java:run(1474)) - Starting Socket Reader #10 for port 15036
2025-05-13 07:39:17,369 [main] INFO  ipc.CallQueueManager (CallQueueManager.java:<init>(93)) - Using callQueue: class java.util.concurrent.LinkedBlockingQueue, queueCapacity: 10000, scheduler: class org.apache.hadoop.ipc.DefaultRpcScheduler, ipcBackoff: false, ipcFailOver: false.
2025-05-13 07:39:17,370 [main] INFO  ipc.Server (Server.java:<init>(1438)) - Listener at 0.0.0.0:15037
2025-05-13 07:39:17,370 [Socket Reader #1 for port 15037] INFO  ipc.Server (Server.java:run(1474)) - Starting Socket Reader #1 for port 15037
2025-05-13 07:39:17,370 [Socket Reader #2 for port 15037] INFO  ipc.Server (Server.java:run(1474)) - Starting Socket Reader #2 for port 15037
2025-05-13 07:39:17,371 [Socket Reader #3 for port 15037] INFO  ipc.Server (Server.java:run(1474)) - Starting Socket Reader #3 for port 15037
2025-05-13 07:39:17,371 [Socket Reader #4 for port 15037] INFO  ipc.Server (Server.java:run(1474)) - Starting Socket Reader #4 for port 15037
2025-05-13 07:39:17,371 [Socket Reader #5 for port 15037] INFO  ipc.Server (Server.java:run(1474)) - Starting Socket Reader #5 for port 15037
2025-05-13 07:39:17,371 [Socket Reader #6 for port 15037] INFO  ipc.Server (Server.java:run(1474)) - Starting Socket Reader #6 for port 15037
2025-05-13 07:39:17,371 [Socket Reader #8 for port 15037] INFO  ipc.Server (Server.java:run(1474)) - Starting Socket Reader #8 for port 15037
2025-05-13 07:39:17,371 [Socket Reader #7 for port 15037] INFO  ipc.Server (Server.java:run(1474)) - Starting Socket Reader #7 for port 15037
2025-05-13 07:39:17,372 [Socket Reader #9 for port 15037] INFO  ipc.Server (Server.java:run(1474)) - Starting Socket Reader #9 for port 15037
2025-05-13 07:39:17,372 [Socket Reader #10 for port 15037] INFO  ipc.Server (Server.java:run(1474)) - Starting Socket Reader #10 for port 15037
2025-05-13 07:39:17,373 [main] INFO  ipc.CallQueueManager (CallQueueManager.java:<init>(93)) - Using callQueue: class java.util.concurrent.LinkedBlockingQueue, queueCapacity: 10000, scheduler: class org.apache.hadoop.ipc.DefaultRpcScheduler, ipcBackoff: false, ipcFailOver: false.
2025-05-13 07:39:17,373 [main] INFO  ipc.Server (Server.java:<init>(1438)) - Listener at 0.0.0.0:15035
2025-05-13 07:39:17,374 [Socket Reader #1 for port 15035] INFO  ipc.Server (Server.java:run(1474)) - Starting Socket Reader #1 for port 15035
2025-05-13 07:39:17,374 [Socket Reader #2 for port 15035] INFO  ipc.Server (Server.java:run(1474)) - Starting Socket Reader #2 for port 15035
2025-05-13 07:39:17,374 [Socket Reader #3 for port 15035] INFO  ipc.Server (Server.java:run(1474)) - Starting Socket Reader #3 for port 15035
2025-05-13 07:39:17,374 [Socket Reader #4 for port 15035] INFO  ipc.Server (Server.java:run(1474)) - Starting Socket Reader #4 for port 15035
2025-05-13 07:39:17,374 [Socket Reader #5 for port 15035] INFO  ipc.Server (Server.java:run(1474)) - Starting Socket Reader #5 for port 15035
2025-05-13 07:39:17,375 [Socket Reader #6 for port 15035] INFO  ipc.Server (Server.java:run(1474)) - Starting Socket Reader #6 for port 15035
2025-05-13 07:39:17,375 [Socket Reader #7 for port 15035] INFO  ipc.Server (Server.java:run(1474)) - Starting Socket Reader #7 for port 15035
2025-05-13 07:39:17,375 [Socket Reader #8 for port 15035] INFO  ipc.Server (Server.java:run(1474)) - Starting Socket Reader #8 for port 15035
2025-05-13 07:39:17,375 [Socket Reader #9 for port 15035] INFO  ipc.Server (Server.java:run(1474)) - Starting Socket Reader #9 for port 15035
2025-05-13 07:39:17,375 [Socket Reader #10 for port 15035] INFO  ipc.Server (Server.java:run(1474)) - Starting Socket Reader #10 for port 15035
2025-05-13 07:39:17,380 [main] INFO  ha.SCMServiceManager (SCMServiceManager.java:register(42)) - Registering service ContainerBalancer.
2025-05-13 07:39:17,381 [main] INFO  ha.SCMContext (SCMContext.java:updateSafeModeStatus(224)) - Update SafeModeStatus from SafeModeStatus{safeModeStatus=true, preCheckPassed=false} to SafeModeStatus{safeModeStatus=true, preCheckPassed=false}.
2025-05-13 07:39:17,381 [main] INFO  server.StorageContainerManager (StorageContainerManager.java:start(1507)) - StorageContainerLocationProtocol RPC server is listening at /0.0.0.0:15035
2025-05-13 07:39:17,381 [main] INFO  ha.SCMRatisServerImpl (SCMRatisServerImpl.java:start(203)) - starting ratis server 0.0.0.0:15039
2025-05-13 07:39:17,381 [5ac6b014-8244-44ab-99d6-90461b7be504-impl-thread1] INFO  server.RaftServerConfigKeys (ConfUtils.java:logGet(46)) - raft.server.storage.free-space.min = 0MB (=0) (default)
2025-05-13 07:39:17,381 [5ac6b014-8244-44ab-99d6-90461b7be504-impl-thread1] INFO  server.RaftServerConfigKeys (ConfUtils.java:logGet(46)) - raft.server.log.corruption.policy = EXCEPTION (default)
2025-05-13 07:39:17,381 [5ac6b014-8244-44ab-99d6-90461b7be504-impl-thread1] INFO  server.RaftServerConfigKeys (ConfUtils.java:logGet(46)) - raft.server.storage.dir = [/tmp/junit-4231078600287843779/scm-meta/scm-ha] (custom)
2025-05-13 07:39:17,383 [5ac6b014-8244-44ab-99d6-90461b7be504-impl-thread1] INFO  storage.RaftStorageDirectory (RaftStorageDirectoryImpl.java:tryLock(229)) - Lock on /tmp/junit-4231078600287843779/scm-meta/scm-ha/470ad260-4cdb-410a-9ae9-b9b3f7749634/in_use.lock acquired by nodename 11778@pkrvmberfyhpb9w
2025-05-13 07:39:17,383 [5ac6b014-8244-44ab-99d6-90461b7be504-impl-thread1] INFO  storage.RaftStorage (RaftStorageImpl.java:analyzeAndRecoverStorage(118)) - Read RaftStorageMetadata{term=1, votedFor=5ac6b014-8244-44ab-99d6-90461b7be504} from /tmp/junit-4231078600287843779/scm-meta/scm-ha/470ad260-4cdb-410a-9ae9-b9b3f7749634/current/raft-meta
2025-05-13 07:39:17,383 [5ac6b014-8244-44ab-99d6-90461b7be504-impl-thread1] INFO  server.RaftServer$Division (ServerState.java:setRaftConf(386)) - 5ac6b014-8244-44ab-99d6-90461b7be504@group-B9B3F7749634: set configuration conf: {index: 0, cur=peers:[5ac6b014-8244-44ab-99d6-90461b7be504|pkrvmberfyhpb9w:15039]|listeners:[], old=null}
2025-05-13 07:39:17,384 [5ac6b014-8244-44ab-99d6-90461b7be504-impl-thread1] INFO  ha.SCMStateMachine (SCMStateMachine.java:lambda$initialize$0(135)) - 5ac6b014-8244-44ab-99d6-90461b7be504: initialize group-B9B3F7749634
2025-05-13 07:39:17,384 [5ac6b014-8244-44ab-99d6-90461b7be504-impl-thread1] INFO  server.RaftServerConfigKeys (ConfUtils.java:logGet(46)) - raft.server.log.use.memory = false (default)
2025-05-13 07:39:17,384 [5ac6b014-8244-44ab-99d6-90461b7be504-impl-thread1] INFO  server.RaftServerConfigKeys (ConfUtils.java:logGet(46)) - raft.server.log.purge.gap = 1000000 (custom)
2025-05-13 07:39:17,384 [5ac6b014-8244-44ab-99d6-90461b7be504-impl-thread1] INFO  server.RaftServerConfigKeys (ConfUtils.java:logGet(46)) - raft.server.log.appender.buffer.byte-limit = 4194304 (custom)
2025-05-13 07:39:17,384 [5ac6b014-8244-44ab-99d6-90461b7be504-impl-thread1] INFO  server.RaftServerConfigKeys (ConfUtils.java:logGet(46)) - raft.server.log.statemachine.data.read.timeout = 1000ms (default)
2025-05-13 07:39:17,384 [5ac6b014-8244-44ab-99d6-90461b7be504-impl-thread1] INFO  server.RaftServerConfigKeys (ConfUtils.java:logGet(46)) - raft.server.log.purge.preservation.log.num = 0 (default)
2025-05-13 07:39:17,386 [5ac6b014-8244-44ab-99d6-90461b7be504-impl-thread1] INFO  server.RaftServerConfigKeys (ConfUtils.java:logGet(46)) - raft.server.log.segment.size.max = 4194304 (custom)
2025-05-13 07:39:17,386 [5ac6b014-8244-44ab-99d6-90461b7be504-impl-thread1] INFO  server.RaftServerConfigKeys (ConfUtils.java:logGet(46)) - raft.server.log.segment.cache.num.max = 2 (custom)
2025-05-13 07:39:17,386 [5ac6b014-8244-44ab-99d6-90461b7be504-impl-thread1] INFO  server.RaftServerConfigKeys (ConfUtils.java:logGet(46)) - raft.server.log.segment.cache.size.max = 200MB (=209715200) (default)
2025-05-13 07:39:17,386 [5ac6b014-8244-44ab-99d6-90461b7be504-impl-thread1] INFO  server.RaftServerConfigKeys (ConfUtils.java:logGet(46)) - raft.server.log.appender.buffer.byte-limit = 4194304 (custom)
2025-05-13 07:39:17,386 [5ac6b014-8244-44ab-99d6-90461b7be504-impl-thread1] INFO  util.AwaitToRun (AwaitToRun.java:start(81)) - Thread[#1704,5ac6b014-8244-44ab-99d6-90461b7be504@group-B9B3F7749634-cacheEviction-AwaitToRun,5,main] started
2025-05-13 07:39:17,387 [5ac6b014-8244-44ab-99d6-90461b7be504-impl-thread1] INFO  segmented.SegmentedRaftLogWorker (SegmentedRaftLogWorker.java:<init>(188)) - new 5ac6b014-8244-44ab-99d6-90461b7be504@group-B9B3F7749634-SegmentedRaftLogWorker for RaftStorageImpl:Storage Directory /tmp/junit-4231078600287843779/scm-meta/scm-ha/470ad260-4cdb-410a-9ae9-b9b3f7749634
2025-05-13 07:39:17,387 [5ac6b014-8244-44ab-99d6-90461b7be504-impl-thread1] INFO  server.RaftServerConfigKeys (ConfUtils.java:logGet(46)) - raft.server.log.queue.byte-limit = 64MB (=67108864) (default)
2025-05-13 07:39:17,387 [5ac6b014-8244-44ab-99d6-90461b7be504-impl-thread1] INFO  server.RaftServerConfigKeys (ConfUtils.java:logGet(46)) - raft.server.log.queue.element-limit = 4096 (default)
2025-05-13 07:39:17,387 [5ac6b014-8244-44ab-99d6-90461b7be504-impl-thread1] INFO  server.RaftServerConfigKeys (ConfUtils.java:logGet(46)) - raft.server.log.segment.size.max = 4194304 (custom)
2025-05-13 07:39:17,387 [5ac6b014-8244-44ab-99d6-90461b7be504-impl-thread1] INFO  server.RaftServerConfigKeys (ConfUtils.java:logGet(46)) - raft.server.log.preallocated.size = 4194304 (custom)
2025-05-13 07:39:17,387 [5ac6b014-8244-44ab-99d6-90461b7be504-impl-thread1] INFO  server.RaftServerConfigKeys (ConfUtils.java:logGet(46)) - raft.server.log.force.sync.num = 128 (default)
2025-05-13 07:39:17,387 [5ac6b014-8244-44ab-99d6-90461b7be504-impl-thread1] INFO  server.RaftServerConfigKeys (ConfUtils.java:logGet(46)) - raft.server.log.statemachine.data.sync = true (default)
2025-05-13 07:39:17,387 [5ac6b014-8244-44ab-99d6-90461b7be504-impl-thread1] INFO  server.RaftServerConfigKeys (ConfUtils.java:logGet(46)) - raft.server.log.statemachine.data.sync.timeout = 10s (default)
2025-05-13 07:39:17,387 [5ac6b014-8244-44ab-99d6-90461b7be504-impl-thread1] INFO  server.RaftServerConfigKeys (ConfUtils.java:logGet(46)) - raft.server.log.statemachine.data.sync.timeout.retry = -1 (default)
2025-05-13 07:39:17,388 [5ac6b014-8244-44ab-99d6-90461b7be504-impl-thread1] INFO  server.RaftServerConfigKeys (ConfUtils.java:logGet(46)) - raft.server.log.write.buffer.size = 4194312 (custom)
2025-05-13 07:39:17,389 [5ac6b014-8244-44ab-99d6-90461b7be504-impl-thread1] INFO  server.RaftServerConfigKeys (ConfUtils.java:logGet(46)) - raft.server.log.appender.buffer.byte-limit = 4194304 (custom)
2025-05-13 07:39:17,389 [5ac6b014-8244-44ab-99d6-90461b7be504-impl-thread1] INFO  server.RaftServerConfigKeys (ConfUtils.java:logGet(46)) - raft.server.log.unsafe-flush.enabled = false (default)
2025-05-13 07:39:17,389 [5ac6b014-8244-44ab-99d6-90461b7be504-impl-thread1] INFO  server.RaftServerConfigKeys (ConfUtils.java:logGet(46)) - raft.server.log.async-flush.enabled = false (default)
2025-05-13 07:39:17,390 [5ac6b014-8244-44ab-99d6-90461b7be504-impl-thread1] INFO  server.RaftServerConfigKeys (ConfUtils.java:logGet(46)) - raft.server.log.statemachine.data.caching.enabled = false (default)
2025-05-13 07:39:17,390 [5ac6b014-8244-44ab-99d6-90461b7be504-impl-thread1] INFO  server.RaftServer$Division (ServerState.java:setRaftConf(386)) - 5ac6b014-8244-44ab-99d6-90461b7be504@group-B9B3F7749634: set configuration conf: {index: 0, cur=peers:[5ac6b014-8244-44ab-99d6-90461b7be504|pkrvmberfyhpb9w:15039]|listeners:[], old=null}
2025-05-13 07:39:17,390 [5ac6b014-8244-44ab-99d6-90461b7be504-impl-thread1] INFO  segmented.LogSegment (LogSegment.java:loadSegment(171)) - Successfully read 1 entries from segment file /tmp/junit-4231078600287843779/scm-meta/scm-ha/470ad260-4cdb-410a-9ae9-b9b3f7749634/current/log_inprogress_0
2025-05-13 07:39:17,390 [5ac6b014-8244-44ab-99d6-90461b7be504-impl-thread1] INFO  segmented.SegmentedRaftLogWorker (SegmentedRaftLogWorker.java:lambda$new$0(139)) - 5ac6b014-8244-44ab-99d6-90461b7be504@group-B9B3F7749634-SegmentedRaftLogWorker: safeCacheEvictIndex: setUnconditionally 0 -> -1
2025-05-13 07:39:17,391 [5ac6b014-8244-44ab-99d6-90461b7be504-impl-thread1] INFO  segmented.BufferedWriteChannel (BufferedWriteChannel.java:open(61)) - open log_inprogress_0 (append) at position 82
2025-05-13 07:39:17,391 [5ac6b014-8244-44ab-99d6-90461b7be504-impl-thread1] INFO  server.RaftServer$Division (RaftServerImpl.java:start(391)) - 5ac6b014-8244-44ab-99d6-90461b7be504@group-B9B3F7749634: start as a follower, conf=conf: {index: 0, cur=peers:[5ac6b014-8244-44ab-99d6-90461b7be504|pkrvmberfyhpb9w:15039]|listeners:[], old=null}
2025-05-13 07:39:17,391 [5ac6b014-8244-44ab-99d6-90461b7be504-impl-thread1] INFO  server.RaftServer$Division (RaftServerImpl.java:setRole(378)) - 5ac6b014-8244-44ab-99d6-90461b7be504@group-B9B3F7749634: changes role from      null to FOLLOWER at term 1 for startAsFollower
2025-05-13 07:39:17,391 [5ac6b014-8244-44ab-99d6-90461b7be504-impl-thread1] INFO  impl.RoleInfo (RoleInfo.java:updateAndGet(148)) - 5ac6b014-8244-44ab-99d6-90461b7be504: start 5ac6b014-8244-44ab-99d6-90461b7be504@group-B9B3F7749634-FollowerState
2025-05-13 07:39:17,391 [5ac6b014-8244-44ab-99d6-90461b7be504-impl-thread1] INFO  util.JmxRegister (JmxRegister.java:tryRegister(44)) - Successfully registered JMX Bean with object name Ratis:service=RaftServer,group=group-B9B3F7749634,id=5ac6b014-8244-44ab-99d6-90461b7be504
2025-05-13 07:39:17,391 [5ac6b014-8244-44ab-99d6-90461b7be504-impl-thread1] INFO  util.JmxRegister (JmxRegister.java:register(58)) - register mxBean class org.apache.ratis.server.impl.RaftServerJmxAdapter as Ratis:service=RaftServer,group=group-B9B3F7749634,id=5ac6b014-8244-44ab-99d6-90461b7be504
2025-05-13 07:39:17,391 [5ac6b014-8244-44ab-99d6-90461b7be504-impl-thread1] INFO  server.RaftServerConfigKeys (ConfUtils.java:logGet(46)) - raft.server.snapshot.trigger-when-stop.enabled = true (default)
2025-05-13 07:39:17,392 [5ac6b014-8244-44ab-99d6-90461b7be504-impl-thread1] INFO  server.RaftServerConfigKeys (ConfUtils.java:logGet(46)) - raft.server.snapshot.trigger-when-remove.enabled = true (default)
2025-05-13 07:39:17,392 [5ac6b014-8244-44ab-99d6-90461b7be504-impl-thread1] INFO  server.RaftServerConfigKeys (ConfUtils.java:logGet(46)) - raft.server.snapshot.auto.trigger.enabled = true (custom)
2025-05-13 07:39:17,392 [5ac6b014-8244-44ab-99d6-90461b7be504@group-B9B3F7749634-FollowerState] INFO  server.RaftServerConfigKeys (ConfUtils.java:logFallback(53)) - raft.server.rpc.first-election.timeout.min = 5000ms (fallback to raft.server.rpc.timeout.min)
2025-05-13 07:39:17,392 [5ac6b014-8244-44ab-99d6-90461b7be504@group-B9B3F7749634-FollowerState] INFO  server.RaftServerConfigKeys (ConfUtils.java:logFallback(53)) - raft.server.rpc.first-election.timeout.max = 5200ms (fallback to raft.server.rpc.timeout.max)
2025-05-13 07:39:17,392 [5ac6b014-8244-44ab-99d6-90461b7be504-impl-thread1] INFO  server.RaftServerConfigKeys (ConfUtils.java:logGet(46)) - raft.server.snapshot.auto.trigger.threshold = 1000 (custom)
2025-05-13 07:39:17,392 [5ac6b014-8244-44ab-99d6-90461b7be504-impl-thread1] INFO  server.RaftServerConfigKeys (ConfUtils.java:logGet(46)) - raft.server.snapshot.retention.file.num = -1 (default)
2025-05-13 07:39:17,392 [5ac6b014-8244-44ab-99d6-90461b7be504-impl-thread1] INFO  server.RaftServerConfigKeys (ConfUtils.java:logGet(46)) - raft.server.log.purge.upto.snapshot.index = false (default)
2025-05-13 07:39:17,393 [5ac6b014-8244-44ab-99d6-90461b7be504-impl-thread1] INFO  server.RaftServer$Division (RaftServerImpl.java:start(405)) - 5ac6b014-8244-44ab-99d6-90461b7be504@group-B9B3F7749634: Successfully started.
2025-05-13 07:39:17,393 [main] INFO  server.RaftServer (RaftServerProxy.java:startImpl(407)) - 5ac6b014-8244-44ab-99d6-90461b7be504: start RPC server
2025-05-13 07:39:17,394 [main] INFO  server.GrpcService (GrpcService.java:startImpl(334)) - 5ac6b014-8244-44ab-99d6-90461b7be504: GrpcService started, listening on 15039
2025-05-13 07:39:17,394 [main] INFO  ha.SCMHAManagerImpl (SCMHAManagerImpl.java:start(131)) -  scm role is FOLLOWER peers [5ac6b014-8244-44ab-99d6-90461b7be504|pkrvmberfyhpb9w:15039]
2025-05-13 07:39:17,394 [main] INFO  ha.InterSCMGrpcService (InterSCMGrpcProtocolService.java:start(98)) - Starting SCM Grpc Service at port 15040
2025-05-13 07:39:17,394 [JvmPauseMonitor11] INFO  util.JvmPauseMonitor (JvmPauseMonitor.java:run(146)) - JvmPauseMonitor-5ac6b014-8244-44ab-99d6-90461b7be504: Started
2025-05-13 07:39:17,395 [main] INFO  SCMHATransactionMonitor (BackgroundSCMService.java:start(64)) - Starting SCMHATransactionMonitor Service.
2025-05-13 07:39:17,395 [main] INFO  ha.SCMServiceManager (SCMServiceManager.java:register(42)) - Registering service SCMHATransactionMonitor.
2025-05-13 07:39:17,395 [main] INFO  SCMHATransactionMonitor (BackgroundSCMService.java:start(61)) - SCMHATransactionMonitor Service is already running, skip start.
2025-05-13 07:39:17,396 [main] WARN  impl.MetricsConfig (MetricsConfig.java:loadFirst(138)) - Cannot locate configuration: tried hadoop-metrics2-storagecontainermanager.properties,hadoop-metrics2.properties
2025-05-13 07:39:17,397 [main] INFO  impl.MetricsSystemImpl (MetricsSystemImpl.java:startTimer(378)) - Scheduled Metric snapshot period at 10 second(s).
2025-05-13 07:39:17,397 [main] INFO  impl.MetricsSystemImpl (MetricsSystemImpl.java:start(191)) - StorageContainerManager metrics system started
2025-05-13 07:39:17,403 [main] INFO  impl.MetricsSinkAdapter (MetricsSinkAdapter.java:start(204)) - Sink prometheus started
2025-05-13 07:39:17,403 [main] INFO  impl.MetricsSystemImpl (MetricsSystemImpl.java:registerSink(305)) - Registered sink prometheus
2025-05-13 07:39:17,428 [main] INFO  server.SCMClientProtocolServer (SCMClientProtocolServer.java:start(207)) - RPC server for Client  is listening at /0.0.0.0:15035
2025-05-13 07:39:17,428 [IPC Server Responder] INFO  ipc.Server (Server.java:run(1713)) - IPC Server Responder: starting
2025-05-13 07:39:17,428 [IPC Server listener on 15035] INFO  ipc.Server (Server.java:run(1553)) - IPC Server listener on 15035: starting
2025-05-13 07:39:17,440 [main] INFO  server.StorageContainerManager (StorageContainerManager.java:start(1520)) - ScmBlockLocationProtocol RPC server is listening at /0.0.0.0:15037
2025-05-13 07:39:17,440 [main] INFO  server.SCMBlockProtocolServer (SCMBlockProtocolServer.java:start(166)) - RPC server for Block Protocol is listening at /0.0.0.0:15037
2025-05-13 07:39:17,441 [IPC Server Responder] INFO  ipc.Server (Server.java:run(1713)) - IPC Server Responder: starting
2025-05-13 07:39:17,441 [IPC Server listener on 15037] INFO  ipc.Server (Server.java:run(1553)) - IPC Server listener on 15037: starting
2025-05-13 07:39:17,451 [main] INFO  server.SCMSecurityProtocolServer (SCMSecurityProtocolServer.java:start(503)) - Starting RPC server for SCMSecurityProtocolServer. is listening at /0.0.0.0:15038
2025-05-13 07:39:17,452 [IPC Server Responder] INFO  ipc.Server (Server.java:run(1713)) - IPC Server Responder: starting
2025-05-13 07:39:17,452 [IPC Server listener on 15038] INFO  ipc.Server (Server.java:run(1553)) - IPC Server listener on 15038: starting
2025-05-13 07:39:17,454 [main] INFO  http.BaseHttpServer (BaseHttpServer.java:newHttpServer2BuilderForOzone(229)) - Starting Web-server for scm at: http://0.0.0.0:9876
2025-05-13 07:39:17,454 [main] INFO  http.BaseHttpServer (BaseHttpServer.java:<init>(107)) - Hadoop Security Enabled: true Ozone Security Enabled: true Ozone HTTP Security Enabled: false 
2025-05-13 07:39:17,455 [main] WARN  server.AuthenticationFilter (AuthenticationFilter.java:constructSecretProvider(240)) - Unable to initialize FileSignerSecretProvider, falling back to use random secrets. Reason: Could not read signature secret file: /home/runner/hadoop-http-auth-signature-secret
2025-05-13 07:39:17,458 [main] INFO  http.HttpServer2 (HttpServer2.java:addGlobalFilter(1042)) - Added global filter 'safety' (class=org.apache.hadoop.hdds.server.http.HttpServer2$QuotingInputFilter)
2025-05-13 07:39:17,459 [main] INFO  http.HttpServer2 (HttpServer2.java:addFilter(1018)) - Added filter static_user_filter (class=org.apache.hadoop.http.lib.StaticUserWebFilter$StaticUserFilter) to context scm
2025-05-13 07:39:17,459 [main] INFO  http.HttpServer2 (HttpServer2.java:addFilter(1026)) - Added filter static_user_filter (class=org.apache.hadoop.http.lib.StaticUserWebFilter$StaticUserFilter) to context static
2025-05-13 07:39:17,459 [main] INFO  http.HttpServer2 (HttpServer2.java:addFilter(1026)) - Added filter static_user_filter (class=org.apache.hadoop.http.lib.StaticUserWebFilter$StaticUserFilter) to context logs
2025-05-13 07:39:17,460 [main] INFO  http.BaseHttpServer (BaseHttpServer.java:<init>(195)) - HTTP server of scm uses base directory /tmp/junit-4231078600287843779/scm-meta/webserver
2025-05-13 07:39:17,460 [main] INFO  http.HttpServer2 (HttpServer2.java:bindListener(1242)) - Jetty bound to port 9876
2025-05-13 07:39:17,460 [main] INFO  server.Server (Server.java:doStart(375)) - jetty-9.4.57.v20241219; built: 2025-01-08T21:24:30.412Z; git: df524e6b29271c2e09ba9aea83c18dc9db464a31; jvm 21.0.7+6-LTS
2025-05-13 07:39:17,462 [main] INFO  server.session (DefaultSessionIdManager.java:doStart(334)) - DefaultSessionIdManager workerName=node0
2025-05-13 07:39:17,462 [main] INFO  server.session (DefaultSessionIdManager.java:doStart(339)) - No SessionScavenger set, using defaults
2025-05-13 07:39:17,463 [main] INFO  server.session (HouseKeeper.java:startScavenging(132)) - node0 Scavenging every 660000ms
2025-05-13 07:39:17,463 [main] INFO  handler.ContextHandler (ContextHandler.java:doStart(921)) - Started o.e.j.s.ServletContextHandler@3aafd0e4{logs,/logs,file:///home/runner/work/ozone/ozone/hadoop-ozone/integration-test/target/log,AVAILABLE}
2025-05-13 07:39:17,464 [main] INFO  handler.ContextHandler (ContextHandler.java:doStart(921)) - Started o.e.j.s.ServletContextHandler@77d7c5e2{static,/static,file:///home/runner/work/ozone/ozone/hadoop-ozone/integration-test/target/test-classes/webapps/static,AVAILABLE}
2025-05-13 07:39:17,468 [main] INFO  handler.ContextHandler (ContextHandler.java:doStart(921)) - Started o.e.j.w.WebAppContext@52b70ee6{scm,/,file:///home/runner/work/ozone/ozone/hadoop-ozone/integration-test/target/test-classes/webapps/scm/,AVAILABLE}{file:/home/runner/work/ozone/ozone/hadoop-ozone/integration-test/target/test-classes/webapps/scm}
2025-05-13 07:39:17,469 [main] INFO  server.AbstractConnector (AbstractConnector.java:doStart(333)) - Started ServerConnector@55f51571{HTTP/1.1, (http/1.1)}{0.0.0.0:9876}
2025-05-13 07:39:17,469 [main] INFO  server.Server (Server.java:doStart(415)) - Started @58348ms
2025-05-13 07:39:17,469 [main] WARN  impl.MetricsSystemImpl (MetricsSystemImpl.java:register(279)) - Sink prometheus already exists!
2025-05-13 07:39:17,470 [main] INFO  http.BaseHttpServer (BaseHttpServer.java:updateConnectorAddress(359)) - HTTP server of scm listening at http://0.0.0.0:9876
2025-05-13 07:39:17,470 [main] WARN  server.ServerUtils (ServerUtils.java:getDBPath(292)) - ozone.om.db.dirs is not configured. We recommend adding this setting. Falling back to ozone.metadata.dirs instead.
2025-05-13 07:39:17,472 [main] INFO  ha.OMHANodeDetails (OMHANodeDetails.java:loadOMHAConfig(113)) - ozone.om.internal.service.id is not defined, falling back to ozone.om.service.ids to find serviceID for OzoneManager if it is HA enabled cluster
2025-05-13 07:39:17,472 [main] INFO  ha.OMHANodeDetails (OMHANodeDetails.java:loadOMHAConfig(224)) - Configuration does not have ozone.om.address set. Falling back to the default OM address pkrvmberfyhpb9w.internal.cloudapp.net/10.1.0.195:15041
2025-05-13 07:39:17,473 [main] INFO  ha.OMHANodeDetails (OMHANodeDetails.java:getOMNodeDetailsForNonHA(252)) - OM Service ID is not set. Setting it to the default ID: omServiceIdDefault
2025-05-13 07:39:17,473 [main] INFO  ha.OMHANodeDetails (OMHANodeDetails.java:getOMNodeDetailsForNonHA(259)) - OM Node ID is not set. Setting it to the default ID: om1
2025-05-13 07:39:17,473 [main] WARN  server.ServerUtils (ServerUtils.java:getDBPath(292)) - ozone.om.db.dirs is not configured. We recommend adding this setting. Falling back to ozone.metadata.dirs instead.
2025-05-13 07:39:17,474 [main] INFO  upgrade.AbstractLayoutVersionManager (AbstractLayoutVersionManager.java:init(80)) - Initializing Layout version manager with metadata layout = DELEGATION_TOKEN_SYMMETRIC_SIGN (version = 8), software layout = DELEGATION_TOKEN_SYMMETRIC_SIGN (version = 8)
2025-05-13 07:39:17,476 [pool-316-thread-1] INFO  request.TgsRequest (TgsRequest.java:issueTicket(117)) - TGS_REQ ISSUE: authtime 1747121957476,om/pkrvmberfyhpb9w.internal.cloudapp.net@EXAMPLE.COM for om/pkrvmberfyhpb9w.internal.cloudapp.net@EXAMPLE.COM
2025-05-13 07:39:17,481 [Socket Reader #1 for port 15038] INFO  ipc.Server (Server.java:saslProcess(2290)) - Auth successful for om/pkrvmberfyhpb9w.internal.cloudapp.net@EXAMPLE.COM (auth:KERBEROS) from 127.0.0.1:52894
2025-05-13 07:39:17,483 [IPC Server handler 0 on default port 15038] INFO  ipc.Server (Server.java:logException(3260)) - IPC Server handler 0 on default port 15038, call Call#5 Retry#0 org.apache.hadoop.hdds.protocol.SCMSecurityProtocol.submitRequest from 127.0.0.1:52894
org.apache.hadoop.hdds.ratis.ServerNotLeaderException: SCM Server:5ac6b014-8244-44ab-99d6-90461b7be504(pkrvmberfyhpb9w.internal.cloudapp.net) is not the leader. Could not determine the leader node.
	at org.apache.hadoop.hdds.ratis.ServerNotLeaderException.convertToNotLeaderException(ServerNotLeaderException.java:106)
	at org.apache.hadoop.hdds.scm.ha.RatisUtil.checkRatisException(RatisUtil.java:248)
	at org.apache.hadoop.hdds.scm.protocol.SCMSecurityProtocolServerSideTranslatorPB.submitRequest(SCMSecurityProtocolServerSideTranslatorPB.java:83)
	at org.apache.hadoop.hdds.protocol.proto.SCMSecurityProtocolProtos$SCMSecurityProtocolService$2.callBlockingMethod(SCMSecurityProtocolProtos.java:18942)
	at org.apache.hadoop.ipc.ProtobufRpcEngine$Server.processCall(ProtobufRpcEngine.java:484)
	at org.apache.hadoop.ipc.ProtobufRpcEngine2$Server$ProtoBufRpcInvoker.call(ProtobufRpcEngine2.java:595)
	at org.apache.hadoop.ipc.ProtobufRpcEngine2$Server$ProtoBufRpcInvoker.call(ProtobufRpcEngine2.java:573)
	at org.apache.hadoop.ipc.RPC$Server.call(RPC.java:1227)
	at org.apache.hadoop.ipc.Server$RpcCall.run(Server.java:1246)
	at org.apache.hadoop.ipc.Server$RpcCall.run(Server.java:1169)
	at java.base/java.security.AccessController.doPrivileged(AccessController.java:714)
	at java.base/javax.security.auth.Subject.doAs(Subject.java:525)
	at org.apache.hadoop.security.UserGroupInformation.doAs(UserGroupInformation.java:1953)
	at org.apache.hadoop.ipc.Server$Handler.run(Server.java:3198)
2025-05-13 07:39:17,533 [main] INFO  reflections.Reflections (Reflections.java:scan(219)) - Reflections took 58 ms to scan 2 urls, producing 207 keys and 618 values
2025-05-13 07:39:17,533 [main] INFO  upgrade.OMLayoutVersionManager (OMLayoutVersionManager.java:lambda$0(110)) - Skipping Upgrade Action QuotaRepairUpgradeAction since it has been finalized.
2025-05-13 07:39:17,533 [main] INFO  upgrade.OMLayoutVersionManager (OMLayoutVersionManager.java:lambda$0(110)) - Skipping Upgrade Action MockOmUpgradeAction since it has been finalized.
2025-05-13 07:39:17,535 [pool-316-thread-1] INFO  request.KdcRequest (KdcRequest.java:preauth(683)) - The preauth data is empty.
2025-05-13 07:39:17,536 [pool-316-thread-1] INFO  server.KdcHandler (KdcHandler.java:handleRecoverableException(177)) - KRB error occurred while processing request: Additional pre-authentication required
2025-05-13 07:39:17,539 [pool-316-thread-1] INFO  request.AsRequest (AsRequest.java:issueTicket(112)) - AS_REQ ISSUE: authtime 1747121957538,om/pkrvmberfyhpb9w.internal.cloudapp.net@EXAMPLE.COM for krbtgt/EXAMPLE.COM@EXAMPLE.COM
2025-05-13 07:39:17,540 [main] INFO  security.UserGroupInformation (UserGroupInformation.java:loginUserFromKeytab(1143)) - Login successful for user om/pkrvmberfyhpb9w.internal.cloudapp.net@EXAMPLE.COM using keytab file om.keytab. Keytab auto renewal enabled : false
2025-05-13 07:39:17,540 [main] INFO  om.OzoneManager (OzoneManager.java:loginOMUser(1308)) - Ozone Manager login successful.
2025-05-13 07:39:17,540 [main] WARN  server.ServerUtils (ServerUtils.java:getDBPath(292)) - ozone.om.db.dirs is not configured. We recommend adding this setting. Falling back to ozone.metadata.dirs instead.
2025-05-13 07:39:17,540 [main] INFO  om.OzoneManager (OzoneManager.java:setReplicationFromConfig(4596)) - Set default replication in OM: RATIS/3 -> RATIS/THREE
2025-05-13 07:39:17,541 [main] INFO  proxy.SCMContainerLocationFailoverProxyProvider (SCMFailoverProxyProviderBase.java:<init>(120)) - Created fail-over proxy for protocol StorageContainerLocationProtocolPB with 1 nodes: [nodeId=scmNodeId,nodeAddress=/0.0.0.0:15035]
2025-05-13 07:39:17,541 [main] INFO  proxy.SCMBlockLocationFailoverProxyProvider (SCMFailoverProxyProviderBase.java:<init>(120)) - Created fail-over proxy for protocol ScmBlockLocationProtocolPB with 1 nodes: [nodeId=scmNodeId,nodeAddress=/0.0.0.0:15037]
2025-05-13 07:39:17,542 [main] INFO  om.OzoneManager (OzoneManager.java:getOmDetailsProto(4941)) - OzoneManager ports added:[name: "RPC"
value: 15041
]
2025-05-13 07:39:17,543 [main] INFO  proxy.SCMSecurityProtocolFailoverProxyProvider (SCMFailoverProxyProviderBase.java:<init>(120)) - Created fail-over proxy for protocol SCMSecurityProtocolPB with 1 nodes: [nodeId=scmNodeId,nodeAddress=/0.0.0.0:15038]
2025-05-13 07:39:17,543 [main] INFO  security.OMCertificateClient (DefaultCertificateClient.java:updateCertSerialId(1289)) - Certificate serial ID set to 9879877970576
2025-05-13 07:39:17,543 [main] WARN  security.OMCertificateClient (DefaultCertificateClient.java:loadAllCertificates(178)) - Certificates could not be loaded.
java.nio.file.NoSuchFileException: /tmp/junit-4231078600287843779/scm-meta/om/certs
	at java.base/sun.nio.fs.UnixException.translateToIOException(UnixException.java:92)
	at java.base/sun.nio.fs.UnixException.asIOException(UnixException.java:115)
	at java.base/sun.nio.fs.UnixFileSystemProvider.newDirectoryStream(UnixFileSystemProvider.java:501)
	at java.base/java.nio.file.Files.newDirectoryStream(Files.java:482)
	at java.base/java.nio.file.Files.list(Files.java:3785)
	at org.apache.hadoop.hdds.security.x509.certificate.client.DefaultCertificateClient.loadAllCertificates(DefaultCertificateClient.java:173)
	at org.apache.hadoop.hdds.security.x509.certificate.client.DefaultCertificateClient.updateCertSerialId(DefaultCertificateClient.java:1290)
	at org.apache.hadoop.hdds.security.x509.certificate.client.DefaultCertificateClient.<init>(DefaultCertificateClient.java:155)
	at org.apache.hadoop.ozone.security.OMCertificateClient.<init>(OMCertificateClient.java:65)
	at org.apache.hadoop.ozone.om.OzoneManager.<init>(OzoneManager.java:646)
	at org.apache.hadoop.ozone.om.OzoneManager.createOm(OzoneManager.java:877)
	at org.apache.hadoop.ozone.TestSecureOzoneCluster.setupOm(TestSecureOzoneCluster.java:716)
	at org.apache.hadoop.ozone.TestSecureOzoneCluster.testGetSetRevokeS3Secret(TestSecureOzoneCluster.java:728)
	at java.base/jdk.internal.reflect.DirectMethodHandleAccessor.invoke(DirectMethodHandleAccessor.java:103)
	at java.base/java.lang.reflect.Method.invoke(Method.java:580)
	at org.junit.platform.commons.util.ReflectionUtils.invokeMethod(ReflectionUtils.java:775)
	at org.junit.platform.commons.support.ReflectionSupport.invokeMethod(ReflectionSupport.java:479)
	at org.junit.jupiter.engine.execution.MethodInvocation.proceed(MethodInvocation.java:60)
	at org.junit.jupiter.engine.execution.InvocationInterceptorChain$ValidatingInvocation.proceed(InvocationInterceptorChain.java:131)
	at org.junit.jupiter.engine.extension.SameThreadTimeoutInvocation.proceed(SameThreadTimeoutInvocation.java:49)
	at org.junit.jupiter.engine.extension.TimeoutExtension.intercept(TimeoutExtension.java:161)
	at org.junit.jupiter.engine.extension.TimeoutExtension.interceptTestableMethod(TimeoutExtension.java:152)
	at org.junit.jupiter.engine.extension.TimeoutExtension.interceptTestMethod(TimeoutExtension.java:91)
	at org.junit.jupiter.engine.execution.InterceptingExecutableInvoker$ReflectiveInterceptorCall.lambda$ofVoidMethod$0(InterceptingExecutableInvoker.java:112)
	at org.junit.jupiter.engine.execution.InterceptingExecutableInvoker.lambda$invoke$0(InterceptingExecutableInvoker.java:94)
	at org.junit.jupiter.engine.execution.InvocationInterceptorChain$InterceptedInvocation.proceed(InvocationInterceptorChain.java:106)
	at org.junit.jupiter.engine.execution.InvocationInterceptorChain.proceed(InvocationInterceptorChain.java:64)
	at org.junit.jupiter.engine.execution.InvocationInterceptorChain.chainAndInvoke(InvocationInterceptorChain.java:45)
	at org.junit.jupiter.engine.execution.InvocationInterceptorChain.invoke(InvocationInterceptorChain.java:37)
	at org.junit.jupiter.engine.execution.InterceptingExecutableInvoker.invoke(InterceptingExecutableInvoker.java:93)
	at org.junit.jupiter.engine.execution.InterceptingExecutableInvoker.invoke(InterceptingExecutableInvoker.java:87)
	at org.junit.jupiter.engine.descriptor.TestMethodTestDescriptor.lambda$invokeTestMethod$7(TestMethodTestDescriptor.java:216)
	at org.junit.platform.engine.support.hierarchical.ThrowableCollector.execute(ThrowableCollector.java:73)
	at org.junit.jupiter.engine.descriptor.TestMethodTestDescriptor.invokeTestMethod(TestMethodTestDescriptor.java:212)
	at org.junit.jupiter.engine.descriptor.TestMethodTestDescriptor.execute(TestMethodTestDescriptor.java:137)
	at org.junit.jupiter.engine.descriptor.TestMethodTestDescriptor.execute(TestMethodTestDescriptor.java:69)
	at org.junit.platform.engine.support.hierarchical.NodeTestTask.lambda$executeRecursively$6(NodeTestTask.java:156)
	at org.junit.platform.engine.support.hierarchical.ThrowableCollector.execute(ThrowableCollector.java:73)
	at org.junit.platform.engine.support.hierarchical.NodeTestTask.lambda$executeRecursively$8(NodeTestTask.java:146)
	at org.junit.platform.engine.support.hierarchical.Node.around(Node.java:137)
	at org.junit.platform.engine.support.hierarchical.NodeTestTask.lambda$executeRecursively$9(NodeTestTask.java:144)
	at org.junit.platform.engine.support.hierarchical.ThrowableCollector.execute(ThrowableCollector.java:73)
	at org.junit.platform.engine.support.hierarchical.NodeTestTask.executeRecursively(NodeTestTask.java:143)
	at org.junit.platform.engine.support.hierarchical.NodeTestTask.execute(NodeTestTask.java:100)
	at java.base/java.util.ArrayList.forEach(ArrayList.java:1596)
	at org.junit.platform.engine.support.hierarchical.SameThreadHierarchicalTestExecutorService.invokeAll(SameThreadHierarchicalTestExecutorService.java:41)
	at org.junit.platform.engine.support.hierarchical.NodeTestTask.lambda$executeRecursively$6(NodeTestTask.java:160)
	at org.junit.platform.engine.support.hierarchical.ThrowableCollector.execute(ThrowableCollector.java:73)
	at org.junit.platform.engine.support.hierarchical.NodeTestTask.lambda$executeRecursively$8(NodeTestTask.java:146)
	at org.junit.platform.engine.support.hierarchical.Node.around(Node.java:137)
	at org.junit.platform.engine.support.hierarchical.NodeTestTask.lambda$executeRecursively$9(NodeTestTask.java:144)
	at org.junit.platform.engine.support.hierarchical.ThrowableCollector.execute(ThrowableCollector.java:73)
	at org.junit.platform.engine.support.hierarchical.NodeTestTask.executeRecursively(NodeTestTask.java:143)
	at org.junit.platform.engine.support.hierarchical.NodeTestTask.execute(NodeTestTask.java:100)
	at java.base/java.util.ArrayList.forEach(ArrayList.java:1596)
	at org.junit.platform.engine.support.hierarchical.SameThreadHierarchicalTestExecutorService.invokeAll(SameThreadHierarchicalTestExecutorService.java:41)
	at org.junit.platform.engine.support.hierarchical.NodeTestTask.lambda$executeRecursively$6(NodeTestTask.java:160)
	at org.junit.platform.engine.support.hierarchical.ThrowableCollector.execute(ThrowableCollector.java:73)
	at org.junit.platform.engine.support.hierarchical.NodeTestTask.lambda$executeRecursively$8(NodeTestTask.java:146)
	at org.junit.platform.engine.support.hierarchical.Node.around(Node.java:137)
	at org.junit.platform.engine.support.hierarchical.NodeTestTask.lambda$executeRecursively$9(NodeTestTask.java:144)
	at org.junit.platform.engine.support.hierarchical.ThrowableCollector.execute(ThrowableCollector.java:73)
	at org.junit.platform.engine.support.hierarchical.NodeTestTask.executeRecursively(NodeTestTask.java:143)
	at org.junit.platform.engine.support.hierarchical.NodeTestTask.execute(NodeTestTask.java:100)
	at org.junit.platform.engine.support.hierarchical.SameThreadHierarchicalTestExecutorService.submit(SameThreadHierarchicalTestExecutorService.java:35)
	at org.junit.platform.engine.support.hierarchical.HierarchicalTestExecutor.execute(HierarchicalTestExecutor.java:57)
	at org.junit.platform.engine.support.hierarchical.HierarchicalTestEngine.execute(HierarchicalTestEngine.java:54)
	at org.junit.platform.launcher.core.EngineExecutionOrchestrator.execute(EngineExecutionOrchestrator.java:201)
	at org.junit.platform.launcher.core.EngineExecutionOrchestrator.execute(EngineExecutionOrchestrator.java:170)
	at org.junit.platform.launcher.core.EngineExecutionOrchestrator.execute(EngineExecutionOrchestrator.java:94)
	at org.junit.platform.launcher.core.EngineExecutionOrchestrator.lambda$execute$0(EngineExecutionOrchestrator.java:59)
	at org.junit.platform.launcher.core.EngineExecutionOrchestrator.withInterceptedStreams(EngineExecutionOrchestrator.java:142)
	at org.junit.platform.launcher.core.EngineExecutionOrchestrator.execute(EngineExecutionOrchestrator.java:58)
	at org.junit.platform.launcher.core.DefaultLauncher.execute(DefaultLauncher.java:103)
	at org.junit.platform.launcher.core.DefaultLauncher.execute(DefaultLauncher.java:85)
	at org.junit.platform.launcher.core.DelegatingLauncher.execute(DelegatingLauncher.java:47)
	at org.junit.platform.launcher.core.InterceptingLauncher.lambda$execute$1(InterceptingLauncher.java:39)
	at org.junit.platform.launcher.core.ClasspathAlignmentCheckingLauncherInterceptor.intercept(ClasspathAlignmentCheckingLauncherInterceptor.java:25)
	at org.junit.platform.launcher.core.InterceptingLauncher.execute(InterceptingLauncher.java:38)
	at org.junit.platform.launcher.core.DelegatingLauncher.execute(DelegatingLauncher.java:47)
	at org.apache.maven.surefire.junitplatform.LazyLauncher.execute(LazyLauncher.java:56)
	at org.apache.maven.surefire.junitplatform.JUnitPlatformProvider.invokeAllTests(JUnitPlatformProvider.java:162)
	at org.apache.maven.surefire.junitplatform.JUnitPlatformProvider.invoke(JUnitPlatformProvider.java:120)
	at org.apache.maven.surefire.booter.ForkedBooter.runSuitesInProcess(ForkedBooter.java:385)
	at org.apache.maven.surefire.booter.ForkedBooter.execute(ForkedBooter.java:162)
	at org.apache.maven.surefire.booter.ForkedBooter.run(ForkedBooter.java:507)
	at org.apache.maven.surefire.booter.ForkedBooter.main(ForkedBooter.java:495)
2025-05-13 07:39:17,544 [main] INFO  proxy.SecretKeyProtocolFailoverProxyProvider (SCMFailoverProxyProviderBase.java:<init>(120)) - Created fail-over proxy for protocol SecretKeyProtocolOmPB with 1 nodes: [nodeId=scmNodeId,nodeAddress=/0.0.0.0:15038]
2025-05-13 07:39:17,544 [main] INFO  symmetric.DefaultSecretKeyVerifierClient (DefaultSecretKeyVerifierClient.java:<init>(76)) - Initializing secret key cache with size 16, TTL PT168H
2025-05-13 07:39:17,546 [main] INFO  om.OzoneManager (OzoneManager.java:<init>(670)) - OM start with adminUsers: [om/pkrvmberfyhpb9w.internal.cloudapp.net@EXAMPLE.COM, om]
2025-05-13 07:39:17,547 [main] WARN  server.ServerUtils (ServerUtils.java:getDBPath(292)) - ozone.om.db.dirs is not configured. We recommend adding this setting. Falling back to ozone.metadata.dirs instead.
2025-05-13 07:39:17,716 [main] INFO  om.OzoneManager (OzoneManager.java:instantiateServices(914)) - S3 Multi-Tenancy is disabled
2025-05-13 07:39:17,716 [main] INFO  security.OzoneSecretStore (OzoneSecretStore.java:loadState(70)) - Loaded 0 tokens
2025-05-13 07:39:17,716 [main] INFO  security.OzoneDelegationTokenSecretManager (OzoneDelegationTokenSecretManager.java:loadTokenSecretState(513)) - Loading token state into token manager.
2025-05-13 07:39:17,717 [main] INFO  om.OmSnapshotManager (OmSnapshotManager.java:<init>(187)) - Ozone filesystem snapshot feature is enabled.
2025-05-13 07:39:17,717 [main] WARN  server.ServerUtils (ServerUtils.java:getDBPath(292)) - ozone.om.snapshot.diff.db.dir is not configured. We recommend adding this setting. Falling back to ozone.metadata.dirs instead.
2025-05-13 07:39:17,735 [main] INFO  om.OzoneManager (OzoneManager.java:addS3GVolumeToDB(4654)) - Created Volume s3v With Owner om required for S3Gateway operations.
2025-05-13 07:39:17,735 [main] WARN  server.ServerUtils (ServerUtils.java:getDefaultRatisDirectory(304)) - Storage directory for Ratis is not configured. It is a good idea to map this to an SSD disk. Falling back to ozone.metadata.dirs
2025-05-13 07:39:17,735 [main] WARN  utils.OzoneManagerRatisUtils (OzoneManagerRatisUtils.java:getOMRatisSnapshotDirectory(488)) - ozone.om.ratis.snapshot.dir is not configured. Falling back to ozone.metadata.dirs config
2025-05-13 07:39:17,736 [main] WARN  dropwizard3.Dm3MetricRegistriesImpl (Dm3MetricRegistriesImpl.java:addReporterRegistration(114)) - New reporters are added after registries were created. Some metrics will be missing from the reporter. Please add reporter before adding any new registry.
2025-05-13 07:39:17,736 [main] WARN  dropwizard3.Dm3MetricRegistriesImpl (Dm3MetricRegistriesImpl.java:addReporterRegistration(114)) - New reporters are added after registries were created. Some metrics will be missing from the reporter. Please add reporter before adding any new registry.
2025-05-13 07:39:17,736 [main] WARN  server.ServerUtils (ServerUtils.java:getDefaultRatisDirectory(304)) - Storage directory for Ratis is not configured. It is a good idea to map this to an SSD disk. Falling back to ozone.metadata.dirs
2025-05-13 07:39:17,736 [main] INFO  server.RaftServerConfigKeys (ConfUtils.java:logGet(46)) - raft.server.log.appender.buffer.byte-limit = 4194304 (custom)
2025-05-13 07:39:17,737 [main] INFO  ratis.OzoneManagerRatisServer (OzoneManagerRatisServer.java:<init>(167)) - Instantiating OM Ratis server with groupID: omServiceIdDefault and peers: pkrvmberfyhpb9w.internal.cloudapp.net:9872
2025-05-13 07:39:17,737 [main] INFO  ratis.OzoneManagerStateMachine (OzoneManagerStateMachine.java:loadSnapshotInfoFromDB(618)) - TransactionInfo not found in OM DB.
2025-05-13 07:39:17,738 [main] INFO  server.RaftServer (ConfUtils.java:logGet(46)) - raft.rpc.type = GRPC (default)
2025-05-13 07:39:17,738 [main] INFO  grpc.GrpcConfigKeys (ConfUtils.java:logFallback(53)) - raft.grpc.admin.host = null (fallback to raft.grpc.server.host)
2025-05-13 07:39:17,738 [main] INFO  grpc.GrpcConfigKeys (ConfUtils.java:logFallback(53)) - raft.grpc.admin.port = 9872 (fallback to raft.grpc.server.port)
2025-05-13 07:39:17,738 [main] INFO  grpc.GrpcConfigKeys (ConfUtils.java:logFallback(53)) - raft.grpc.client.host = null (fallback to raft.grpc.server.host)
2025-05-13 07:39:17,738 [main] INFO  grpc.GrpcConfigKeys (ConfUtils.java:logFallback(53)) - raft.grpc.client.port = 9872 (fallback to raft.grpc.server.port)
2025-05-13 07:39:17,739 [main] INFO  grpc.GrpcConfigKeys (ConfUtils.java:logGet(46)) - raft.grpc.server.host = null (default)
2025-05-13 07:39:17,739 [main] INFO  grpc.GrpcConfigKeys (ConfUtils.java:logGet(46)) - raft.grpc.server.port = 9872 (custom)
2025-05-13 07:39:17,739 [main] INFO  server.GrpcService (ConfUtils.java:logGet(46)) - raft.grpc.message.size.max = 5242880 (custom)
2025-05-13 07:39:17,739 [main] INFO  server.GrpcService (ConfUtils.java:logGet(46)) - raft.grpc.flow.control.window = 1MB (=1048576) (default)
2025-05-13 07:39:17,739 [main] INFO  server.RaftServerConfigKeys (ConfUtils.java:logGet(46)) - raft.server.rpc.request.timeout = 3000ms (default)
2025-05-13 07:39:17,739 [main] INFO  grpc.GrpcConfigKeys (ConfUtils.java:logGet(46)) - raft.grpc.server.heartbeat.channel = true (default)
2025-05-13 07:39:17,739 [main] INFO  server.RaftServerConfigKeys (ConfUtils.java:logGet(46)) - raft.server.log.appender.buffer.byte-limit = 4194304 (custom)
2025-05-13 07:39:17,739 [main] INFO  grpc.GrpcConfigKeys (ConfUtils.java:logGet(46)) - raft.grpc.server.async.request.thread.pool.cached = true (default)
2025-05-13 07:39:17,739 [main] INFO  grpc.GrpcConfigKeys (ConfUtils.java:logGet(46)) - raft.grpc.server.async.request.thread.pool.size = 32 (default)
2025-05-13 07:39:17,740 [main] INFO  impl.DataStreamServerImpl (ConfUtils.java:logGet(46)) - raft.datastream.type = DISABLED (default)
2025-05-13 07:39:17,740 [main] INFO  server.RaftServerConfigKeys (ConfUtils.java:logGet(46)) - raft.server.sleep.deviation.threshold = 300ms (default)
2025-05-13 07:39:17,741 [main] INFO  server.RaftServerConfigKeys (ConfUtils.java:logGet(46)) - raft.server.close.threshold = 60s (default)
2025-05-13 07:39:17,741 [main] INFO  server.RaftServerConfigKeys (ConfUtils.java:logGet(46)) - raft.server.leaderelection.leader.step-down.wait-time = 10s (default)
2025-05-13 07:39:17,741 [main] INFO  server.RaftServerConfigKeys (ConfUtils.java:logGet(46)) - raft.server.storage.dir = [/tmp/junit-4231078600287843779/scm-meta/ratis] (custom)
2025-05-13 07:39:17,741 [main] INFO  server.RaftServerConfigKeys (ConfUtils.java:logGet(46)) - raft.server.threadpool.proxy.cached = true (default)
2025-05-13 07:39:17,741 [main] INFO  server.RaftServerConfigKeys (ConfUtils.java:logGet(46)) - raft.server.threadpool.proxy.size = 0 (default)
2025-05-13 07:39:17,742 [main] INFO  server.RaftServer (RaftServerProxy.java:addNew(100)) - om1: addNew group-C5BA1605619E:[om1|pkrvmberfyhpb9w.internal.cloudapp.net:9872] returns group-C5BA1605619E:java.util.concurrent.CompletableFuture@1f1eed2b[Not completed]
2025-05-13 07:39:17,742 [main] INFO  om.OzoneManager (OzoneManager.java:initializeRatisServer(2284)) - OzoneManager Ratis server initialized at port 9872
2025-05-13 07:39:17,742 [main] INFO  om.OzoneManager (OzoneManager.java:getRpcServer(1340)) - Creating RPC Server
2025-05-13 07:39:17,742 [om1-groupManagement] INFO  server.RaftServer$Division (RaftServerImpl.java:<init>(255)) - om1: new RaftServerImpl for group-C5BA1605619E:[om1|pkrvmberfyhpb9w.internal.cloudapp.net:9872] with OzoneManagerStateMachine:uninitialized
2025-05-13 07:39:17,742 [om1-groupManagement] INFO  server.RaftServerConfigKeys (ConfUtils.java:logGet(46)) - raft.server.rpc.timeout.min = 5s (custom)
2025-05-13 07:39:17,743 [om1-groupManagement] INFO  server.RaftServerConfigKeys (ConfUtils.java:logGet(46)) - raft.server.rpc.timeout.max = 5200ms (custom)
2025-05-13 07:39:17,743 [om1-groupManagement] INFO  server.RaftServerConfigKeys (ConfUtils.java:logGet(46)) - raft.server.rpc.sleep.time = 25ms (default)
2025-05-13 07:39:17,743 [om1-groupManagement] INFO  server.RaftServerConfigKeys (ConfUtils.java:logGet(46)) - raft.server.rpc.slowness.timeout = 120s (custom)
2025-05-13 07:39:17,743 [om1-groupManagement] INFO  server.RaftServerConfigKeys (ConfUtils.java:logGet(46)) - raft.server.leaderelection.leader.step-down.wait-time = 10s (default)
2025-05-13 07:39:17,743 [om1-groupManagement] INFO  server.RaftServerConfigKeys (ConfUtils.java:logGet(46)) - raft.server.leaderelection.member.majority-add = false (default)
2025-05-13 07:39:17,743 [om1-groupManagement] INFO  server.RaftServerConfigKeys (ConfUtils.java:logGet(46)) - raft.server.sleep.deviation.threshold = 300ms (default)
2025-05-13 07:39:17,743 [om1-groupManagement] INFO  server.RaftServer$Division (ServerState.java:<init>(114)) - om1@group-C5BA1605619E: ConfigurationManager, init=conf: {index: -1, cur=peers:[om1|pkrvmberfyhpb9w.internal.cloudapp.net:9872]|listeners:[], old=null}, confs=<EMPTY_MAP>
2025-05-13 07:39:17,744 [om1-groupManagement] INFO  server.RaftServerConfigKeys (ConfUtils.java:logGet(46)) - raft.server.notification.no-leader.timeout = 120s (custom)
2025-05-13 07:39:17,744 [om1-groupManagement] INFO  server.RaftServerConfigKeys (ConfUtils.java:logGet(46)) - raft.server.read.timeout = 10s (default)
2025-05-13 07:39:17,744 [om1-groupManagement] INFO  server.RaftServerConfigKeys (ConfUtils.java:logGet(46)) - raft.server.retrycache.expirytime = 300s (custom)
2025-05-13 07:39:17,744 [om1-groupManagement] INFO  server.RaftServerConfigKeys (ConfUtils.java:logGet(46)) - raft.server.retrycache.statistics.expirytime = 100ms (default)
2025-05-13 07:39:17,744 [om1-groupManagement] INFO  server.RaftServerConfigKeys (ConfUtils.java:logGet(46)) - raft.server.read.option = DEFAULT (default)
2025-05-13 07:39:17,744 [om1-groupManagement] INFO  server.RaftServerConfigKeys (ConfUtils.java:logGet(46)) - raft.server.read.read-after-write-consistent.write-index-cache.expiry-time = 60s (default)
2025-05-13 07:39:17,745 [om1-groupManagement] INFO  server.RaftServerConfigKeys (ConfUtils.java:logGet(46)) - raft.server.rpc.request.timeout = 3000ms (default)
2025-05-13 07:39:17,745 [om1-groupManagement] INFO  server.RaftServerConfigKeys (ConfUtils.java:logGet(46)) - raft.server.log.appender.install.snapshot.enabled = false (custom)
2025-05-13 07:39:17,745 [om1-groupManagement] INFO  server.RaftServerConfigKeys (ConfUtils.java:logGet(46)) - raft.server.threadpool.server.cached = true (default)
2025-05-13 07:39:17,746 [om1-groupManagement] INFO  server.RaftServerConfigKeys (ConfUtils.java:logGet(46)) - raft.server.threadpool.server.size = 0 (default)
2025-05-13 07:39:17,746 [om1-groupManagement] INFO  server.RaftServerConfigKeys (ConfUtils.java:logGet(46)) - raft.server.threadpool.client.cached = true (default)
2025-05-13 07:39:17,746 [om1-groupManagement] INFO  server.RaftServerConfigKeys (ConfUtils.java:logGet(46)) - raft.server.threadpool.client.size = 0 (default)
2025-05-13 07:39:18,150 [main] INFO  reflections.Reflections (Reflections.java:scan(219)) - Reflections took 408 ms to scan 24 urls, producing 60 keys and 7515 values
2025-05-13 07:39:18,151 [main] INFO  ipc.CallQueueManager (CallQueueManager.java:<init>(93)) - Using callQueue: class java.util.concurrent.LinkedBlockingQueue, queueCapacity: 2000, scheduler: class org.apache.hadoop.ipc.DefaultRpcScheduler, ipcBackoff: false, ipcFailOver: false.
2025-05-13 07:39:18,152 [main] INFO  server.StorageContainerManager (StorageContainerManager.java:stop(1608)) - Container Balancer is not running.
2025-05-13 07:39:18,152 [main] INFO  server.StorageContainerManager (StorageContainerManager.java:stopReplicationManager(1742)) - Stopping Replication Manager Service.
2025-05-13 07:39:18,152 [main] INFO  replication.ReplicationManager (ReplicationManager.java:stop(316)) - Stopping Replication Monitor Thread.
2025-05-13 07:39:18,152 [OverReplicatedProcessor] WARN  replication.UnhealthyReplicationProcessor (UnhealthyReplicationProcessor.java:run(178)) - OverReplicatedProcessor interrupted. Exiting...
2025-05-13 07:39:18,152 [ReplicationMonitor] INFO  replication.ReplicationManager (ReplicationManager.java:run(936)) - Replication Monitor Thread is stopped
2025-05-13 07:39:18,152 [main] INFO  server.StorageContainerManager (StorageContainerManager.java:stop(1617)) - Stopping the Datanode Admin Monitor.
2025-05-13 07:39:18,152 [UnderReplicatedProcessor] WARN  replication.UnhealthyReplicationProcessor (UnhealthyReplicationProcessor.java:run(178)) - UnderReplicatedProcessor interrupted. Exiting...
2025-05-13 07:39:18,152 [main] INFO  server.StorageContainerManager (StorageContainerManager.java:stop(1624)) - Stopping datanode service RPC server
2025-05-13 07:39:18,153 [main] INFO  server.SCMDatanodeProtocolServer (SCMDatanodeProtocolServer.java:stop(447)) - Stopping the RPC server for DataNodes
2025-05-13 07:39:18,153 [main] INFO  ipc.Server (Server.java:stop(3697)) - Stopping server on 15036
2025-05-13 07:39:18,248 [SCMHeartbeatProcessor-0] WARN  node.NodeStateManager (NodeStateManager.java:scheduleNextHealthCheck(909)) - Current Thread is interrupted, shutting down HB processing thread for Node Manager.
2025-05-13 07:39:18,249 [main] INFO  server.StorageContainerManager (StorageContainerManager.java:stop(1632)) - Stopping block service RPC server
2025-05-13 07:39:18,249 [main] INFO  server.SCMBlockProtocolServer (SCMBlockProtocolServer.java:stop(175)) - Stopping the RPC server for Block Protocol
2025-05-13 07:39:18,249 [main] INFO  ipc.Server (Server.java:stop(3697)) - Stopping server on 15037
2025-05-13 07:39:18,253 [IPC Server Responder] INFO  ipc.Server (Server.java:run(1718)) - Stopping IPC Server Responder
2025-05-13 07:39:18,253 [IPC Server listener on 15037] INFO  ipc.Server (Server.java:run(1585)) - Stopping IPC Server listener on 15037
2025-05-13 07:39:18,254 [main] INFO  server.StorageContainerManager (StorageContainerManager.java:stop(1639)) - Stopping the StorageContainerLocationProtocol RPC server
2025-05-13 07:39:18,254 [main] INFO  server.SCMClientProtocolServer (SCMClientProtocolServer.java:stop(216)) - Stopping the RPC server for Client Protocol
2025-05-13 07:39:18,254 [main] INFO  ipc.Server (Server.java:stop(3697)) - Stopping server on 15035
2025-05-13 07:39:18,257 [IPC Server listener on 15035] INFO  ipc.Server (Server.java:run(1585)) - Stopping IPC Server listener on 15035
2025-05-13 07:39:18,259 [IPC Server Responder] INFO  ipc.Server (Server.java:run(1718)) - Stopping IPC Server Responder
2025-05-13 07:39:18,259 [main] INFO  server.StorageContainerManager (StorageContainerManager.java:stop(1646)) - Stopping Storage Container Manager HTTP server.
2025-05-13 07:39:18,260 [main] INFO  handler.ContextHandler (ContextHandler.java:doStop(1159)) - Stopped o.e.j.w.WebAppContext@52b70ee6{scm,/,null,STOPPED}{file:/home/runner/work/ozone/ozone/hadoop-ozone/integration-test/target/test-classes/webapps/scm}
2025-05-13 07:39:18,261 [main] INFO  server.AbstractConnector (AbstractConnector.java:doStop(383)) - Stopped ServerConnector@55f51571{HTTP/1.1, (http/1.1)}{0.0.0.0:9876}
2025-05-13 07:39:18,261 [main] INFO  server.session (HouseKeeper.java:stopScavenging(149)) - node0 Stopped scavenging
2025-05-13 07:39:18,262 [main] INFO  handler.ContextHandler (ContextHandler.java:doStop(1159)) - Stopped o.e.j.s.ServletContextHandler@77d7c5e2{static,/static,file:///home/runner/work/ozone/ozone/hadoop-ozone/integration-test/target/test-classes/webapps/static,STOPPED}
2025-05-13 07:39:18,262 [main] INFO  handler.ContextHandler (ContextHandler.java:doStop(1159)) - Stopped o.e.j.s.ServletContextHandler@3aafd0e4{logs,/logs,file:///home/runner/work/ozone/ozone/hadoop-ozone/integration-test/target/log,STOPPED}
2025-05-13 07:39:18,263 [main] INFO  server.StorageContainerManager (StorageContainerManager.java:stop(1654)) - Stopping SCM LayoutVersionManager Service.
2025-05-13 07:39:18,263 [main] INFO  server.SCMSecurityProtocolServer (SCMSecurityProtocolServer.java:stop(510)) - Stopping the SCMSecurityProtocolServer.
2025-05-13 07:39:18,263 [main] INFO  ipc.Server (Server.java:stop(3697)) - Stopping server on 15038
2025-05-13 07:39:18,264 [IPC Server listener on 15038] INFO  ipc.Server (Server.java:run(1585)) - Stopping IPC Server listener on 15038
2025-05-13 07:39:18,264 [IPC Server Responder] INFO  ipc.Server (Server.java:run(1718)) - Stopping IPC Server Responder
2025-05-13 07:39:18,264 [main] INFO  server.StorageContainerManager (StorageContainerManager.java:stop(1666)) - Stopping Block Manager Service.
2025-05-13 07:39:18,265 [main] INFO  utils.BackgroundService (BackgroundService.java:shutdown(160)) - Shutting down service SCMBlockDeletingService
2025-05-13 07:39:18,265 [main] INFO  utils.BackgroundService (BackgroundService.java:shutdown(160)) - Shutting down service SCMBlockDeletingService
2025-05-13 07:39:18,265 [main] INFO  server.StorageContainerManager (StorageContainerManager.java:stop(1691)) - Stopping SCM Event Queue.
2025-05-13 07:39:18,266 [main] INFO  server.StorageContainerManager (StorageContainerManager.java:stop(1698)) - Stopping SCM HA services.
2025-05-13 07:39:18,266 [main] INFO  ha.SCMRatisServerImpl (SCMRatisServerImpl.java:stop(266)) - stopping ratis server 0.0.0.0:15039
2025-05-13 07:39:18,266 [main] INFO  server.RaftServer (RaftServerProxy.java:lambda$close$9(417)) - 5ac6b014-8244-44ab-99d6-90461b7be504: close
2025-05-13 07:39:18,266 [main] INFO  server.GrpcService (GrpcService.java:closeImpl(343)) - 5ac6b014-8244-44ab-99d6-90461b7be504: shutdown server GrpcServerProtocolService now
2025-05-13 07:39:18,267 [5ac6b014-8244-44ab-99d6-90461b7be504-impl-thread1] INFO  server.RaftServer$Division (RaftServerImpl.java:lambda$close$1(513)) - 5ac6b014-8244-44ab-99d6-90461b7be504@group-B9B3F7749634: shutdown
2025-05-13 07:39:18,267 [5ac6b014-8244-44ab-99d6-90461b7be504-impl-thread1] INFO  util.JmxRegister (JmxRegister.java:unregister(74)) - Successfully un-registered JMX Bean with object name Ratis:service=RaftServer,group=group-B9B3F7749634,id=5ac6b014-8244-44ab-99d6-90461b7be504
2025-05-13 07:39:18,267 [5ac6b014-8244-44ab-99d6-90461b7be504-impl-thread1] INFO  impl.RoleInfo (RoleInfo.java:shutdownFollowerState(121)) - 5ac6b014-8244-44ab-99d6-90461b7be504: shutdown 5ac6b014-8244-44ab-99d6-90461b7be504@group-B9B3F7749634-FollowerState
2025-05-13 07:39:18,267 [5ac6b014-8244-44ab-99d6-90461b7be504-impl-thread1] INFO  impl.StateMachineUpdater (StateMachineUpdater.java:stopAndJoin(164)) - 5ac6b014-8244-44ab-99d6-90461b7be504@group-B9B3F7749634-StateMachineUpdater: set stopIndex = -1
2025-05-13 07:39:18,267 [5ac6b014-8244-44ab-99d6-90461b7be504@group-B9B3F7749634-FollowerState] INFO  impl.FollowerState (FollowerState.java:runImpl(170)) - 5ac6b014-8244-44ab-99d6-90461b7be504@group-B9B3F7749634-FollowerState was interrupted
2025-05-13 07:39:18,267 [5ac6b014-8244-44ab-99d6-90461b7be504@group-B9B3F7749634-StateMachineUpdater] INFO  impl.StateMachineUpdater (StateMachineUpdater.java:stop(141)) - 5ac6b014-8244-44ab-99d6-90461b7be504@group-B9B3F7749634-StateMachineUpdater: closing SCMStateMachine, lastApplied=(t:0, i:~)
2025-05-13 07:39:18,268 [5ac6b014-8244-44ab-99d6-90461b7be504@group-B9B3F7749634-cacheEviction-AwaitToRun] INFO  util.AwaitToRun (AwaitToRun.java:run(49)) - 5ac6b014-8244-44ab-99d6-90461b7be504@group-B9B3F7749634-cacheEviction-AwaitToRun-AwaitForSignal is interrupted
2025-05-13 07:39:18,269 [main] INFO  server.GrpcService (GrpcService.java:closeImpl(352)) - 5ac6b014-8244-44ab-99d6-90461b7be504: shutdown server GrpcServerProtocolService successfully
2025-05-13 07:39:18,391 [5ac6b014-8244-44ab-99d6-90461b7be504-impl-thread1] INFO  segmented.SegmentedRaftLogWorker (SegmentedRaftLogWorker.java:close(252)) - 5ac6b014-8244-44ab-99d6-90461b7be504@group-B9B3F7749634-SegmentedRaftLogWorker close()
2025-05-13 07:39:18,392 [JvmPauseMonitor11] INFO  util.JvmPauseMonitor (JvmPauseMonitor.java:run(152)) - JvmPauseMonitor-5ac6b014-8244-44ab-99d6-90461b7be504: Stopped
2025-05-13 07:39:18,392 [main] INFO  SCMHATransactionMonitor (BackgroundSCMService.java:stop(127)) - Stopping SCMHATransactionMonitor Service.
2025-05-13 07:39:18,392 [SCMHATransactionMonitor] WARN  SCMHATransactionMonitor (BackgroundSCMService.java:run(111)) - SCMHATransactionMonitor is interrupted, exit
2025-05-13 07:39:18,393 [main] INFO  pipeline.BackgroundPipelineCreator (BackgroundPipelineCreator.java:stop(154)) - Stopping RatisPipelineUtilsThread.
2025-05-13 07:39:18,393 [RatisPipelineUtilsThread-0] WARN  pipeline.BackgroundPipelineCreator (BackgroundPipelineCreator.java:run(185)) - RatisPipelineUtilsThread is interrupted.
2025-05-13 07:39:18,393 [main] INFO  BackgroundPipelineScrubber (BackgroundSCMService.java:stop(127)) - Stopping BackgroundPipelineScrubber Service.
2025-05-13 07:39:18,393 [BackgroundPipelineScrubber] WARN  BackgroundPipelineScrubber (BackgroundSCMService.java:run(111)) - BackgroundPipelineScrubber is interrupted, exit
2025-05-13 07:39:18,393 [main] INFO  impl.MetricsSystemImpl (MetricsSystemImpl.java:stop(210)) - Stopping StorageContainerManager metrics system...
2025-05-13 07:39:18,394 [prometheus] INFO  impl.MetricsSinkAdapter (MetricsSinkAdapter.java:publishMetricsFromQueue(141)) - prometheus thread interrupted.
2025-05-13 07:39:18,394 [main] INFO  impl.MetricsSystemImpl (MetricsSystemImpl.java:stop(216)) - StorageContainerManager metrics system stopped.
2025-05-13 07:39:18,394 [main] WARN  pipeline.BackgroundPipelineCreator (BackgroundPipelineCreator.java:stop(150)) - RatisPipelineUtilsThread is not running, just ignore.
2025-05-13 07:39:18,394 [main] INFO  BackgroundPipelineScrubber (BackgroundSCMService.java:stop(122)) - BackgroundPipelineScrubber Service is not running, skip stop.
2025-05-13 07:39:18,394 [main] INFO  ExpiredContainerReplicaOpScrubber (BackgroundSCMService.java:stop(127)) - Stopping ExpiredContainerReplicaOpScrubber Service.
2025-05-13 07:39:18,395 [ExpiredContainerReplicaOpScrubber] WARN  ExpiredContainerReplicaOpScrubber (BackgroundSCMService.java:run(111)) - ExpiredContainerReplicaOpScrubber is interrupted, exit
2025-05-13 07:39:18,395 [main] INFO  utils.BackgroundService (BackgroundService.java:shutdown(160)) - Shutting down service SCMBlockDeletingService
2025-05-13 07:39:18,395 [main] INFO  replication.ReplicationManager (ReplicationManager.java:stop(323)) - Replication Monitor Thread is not running.
2025-05-13 07:39:18,395 [main] WARN  balancer.ContainerBalancer (ContainerBalancer.java:stop(350)) - Cannot stop Container Balancer because it's not running or stopping
2025-05-13 07:39:18,395 [main] INFO  SCMHATransactionMonitor (BackgroundSCMService.java:stop(122)) - SCMHATransactionMonitor Service is not running, skip stop.
2025-05-13 07:39:18,395 [LeaseManager#LeaseMonitor] WARN  lease.LeaseManager (LeaseManager.java:run(285)) - Lease manager is interrupted. Shutting down...
java.lang.InterruptedException
	at java.base/java.util.concurrent.locks.AbstractQueuedSynchronizer.tryAcquireSharedNanos(AbstractQueuedSynchronizer.java:1133)
	at java.base/java.util.concurrent.Semaphore.tryAcquire(Semaphore.java:415)
	at org.apache.hadoop.ozone.lease.LeaseManager$LeaseMonitor.run(LeaseManager.java:283)
	at java.base/java.lang.Thread.run(Thread.java:1583)
2025-05-13 07:39:18,395 [5ac6b014-8244-44ab-99d6-90461b7be504-scm/sub-ca-refreshCACertificates] ERROR util.ExitUtils (ExitUtils.java:terminate(133)) - Terminating with exit status -1: Thread[#1926,5ac6b014-8244-44ab-99d6-90461b7be504-scm/sub-ca-refreshCACertificates,5,main] has thrown an uncaught exception
java.lang.reflect.UndeclaredThrowableException
	at jdk.proxy2/jdk.proxy2.$Proxy45.submitRequest(Unknown Source)
	at org.apache.hadoop.hdds.protocolPB.SCMSecurityProtocolClientSideTranslatorPB.submitRequest(SCMSecurityProtocolClientSideTranslatorPB.java:93)
	at org.apache.hadoop.hdds.protocolPB.SCMSecurityProtocolClientSideTranslatorPB.getAllRootCaCertificates(SCMSecurityProtocolClientSideTranslatorPB.java:382)
	at org.apache.hadoop.hdds.security.x509.certificate.client.SCMCertificateClient$RefreshCACertificates.run(SCMCertificateClient.java:238)
	at java.base/java.util.concurrent.ThreadPoolExecutor.runWorker(ThreadPoolExecutor.java:1144)
	at java.base/java.util.concurrent.ThreadPoolExecutor$Worker.run(ThreadPoolExecutor.java:642)
	at java.base/java.lang.Thread.run(Thread.java:1583)
Caused by: java.io.InterruptedIOException: Retry interrupted
	at org.apache.hadoop.io.retry.RetryInvocationHandler$Call.processWaitTimeAndRetryInfo(RetryInvocationHandler.java:141)
	at org.apache.hadoop.io.retry.RetryInvocationHandler$Call.invokeOnce(RetryInvocationHandler.java:112)
	at org.apache.hadoop.io.retry.RetryInvocationHandler.invoke(RetryInvocationHandler.java:366)
	... 7 more
Caused by: java.lang.InterruptedException: sleep interrupted
	at java.base/java.lang.Thread.sleep0(Native Method)
	at java.base/java.lang.Thread.sleep(Thread.java:509)
	at org.apache.hadoop.io.retry.RetryInvocationHandler$Call.processWaitTimeAndRetryInfo(RetryInvocationHandler.java:135)
	... 9 more
2025-05-13 07:39:18,395 [main] INFO  server.StorageContainerManager (StorageContainerManager.java:stop(1733)) - Stopping SCM MetadataStore.
2025-05-13 07:39:18,397 [main] INFO  impl.DefaultInternalKdcServerImpl (DefaultInternalKdcServerImpl.java:doStop(102)) - Default Internal kdc server stopped.
2025-05-13 07:39:19,398 [main] INFO  minikdc.MiniKdc (MiniKdc.java:stop(359)) - MiniKdc stopped.
2025-05-13 07:39:19,398 [main] INFO  server.StorageContainerManager (StorageContainerManager.java:stop(1597)) - Storage Container Manager is not running.
2025-05-13 07:39:19,398 [main] INFO  server.StorageContainerManager (StorageContainerManager.java:stopReplicationManager(1742)) - Stopping Replication Manager Service.
2025-05-13 07:39:19,398 [main] INFO  replication.ReplicationManager (ReplicationManager.java:stop(323)) - Replication Monitor Thread is not running.
2025-05-13 07:39:19,398 [main] INFO  server.SCMSecurityProtocolServer (SCMSecurityProtocolServer.java:join(519)) - Join RPC server for SCMSecurityProtocolServer.
2025-05-13 07:39:19,398 [main] INFO  server.SCMSecurityProtocolServer (SCMSecurityProtocolServer.java:join(521)) - Join gRPC server for SCMSecurityProtocolServer.
]]></system-out>
    </rerunError>
  </testcase>
</testsuite>