<?xml version="1.0" encoding="UTF-8"?>
<testsuite xmlns:xsi="http://www.w3.org/2001/XMLSchema-instance" xsi:noNamespaceSchemaLocation="https://maven.apache.org/surefire/maven-surefire-plugin/xsd/surefire-test-report.xsd" name="org.apache.hadoop.ozone.scm.TestSCMInstallSnapshotWithHA" time="176.047" tests="3" errors="0" skipped="0" failures="1">
  <properties>
    <property name="awt.toolkit" value="sun.awt.X11.XToolkit"/>
    <property name="file.encoding.pkg" value="sun.io"/>
    <property name="java.specification.version" value="1.8"/>
    <property name="sun.cpu.isalist" value=""/>
    <property name="sun.jnu.encoding" value="UTF-8"/>
    <property name="java.class.path" value="/home/runner/work/ozone/ozone/hadoop-ozone/integration-test/target/test-classes:/home/runner/work/ozone/ozone/hadoop-ozone/integration-test/target/classes:/home/runner/.m2/repository/org/apache/ozone/ozone-common/1.2.0-SNAPSHOT/ozone-common-1.2.0-SNAPSHOT.jar:/home/runner/.m2/repository/org/apache/commons/commons-compress/1.20/commons-compress-1.20.jar:/home/runner/.m2/repository/org/apache/ozone/hdds-common/1.2.0-SNAPSHOT/hdds-common-1.2.0-SNAPSHOT.jar:/home/runner/.m2/repository/org/apache/ozone/hdds-client/1.2.0-SNAPSHOT/hdds-client-1.2.0-SNAPSHOT.jar:/home/runner/.m2/repository/org/apache/ozone/ozone-interface-client/1.2.0-SNAPSHOT/ozone-interface-client-1.2.0-SNAPSHOT.jar:/home/runner/.m2/repository/org/apache/ozone/hdds-server-framework/1.2.0-SNAPSHOT/hdds-server-framework-1.2.0-SNAPSHOT.jar:/home/runner/.m2/repository/org/apache/ozone/hdds-interface-server/1.2.0-SNAPSHOT/hdds-interface-server-1.2.0-SNAPSHOT.jar:/home/runner/.m2/repository/org/eclipse/jetty/jetty-servlet/9.4.43.v20210629/jetty-servlet-9.4.43.v20210629.jar:/home/runner/.m2/repository/org/eclipse/jetty/jetty-security/9.4.43.v20210629/jetty-security-9.4.43.v20210629.jar:/home/runner/.m2/repository/org/rocksdb/rocksdbjni/6.20.3/rocksdbjni-6.20.3.jar:/home/runner/.m2/repository/io/prometheus/simpleclient_dropwizard/0.7.0/simpleclient_dropwizard-0.7.0.jar:/home/runner/.m2/repository/io/prometheus/simpleclient/0.7.0/simpleclient-0.7.0.jar:/home/runner/.m2/repository/io/prometheus/simpleclient_common/0.7.0/simpleclient_common-0.7.0.jar:/home/runner/.m2/repository/com/fasterxml/jackson/datatype/jackson-datatype-jsr310/2.12.1/jackson-datatype-jsr310-2.12.1.jar:/home/runner/.m2/repository/org/apache/ozone/hdds-test-utils/1.2.0-SNAPSHOT/hdds-test-utils-1.2.0-SNAPSHOT.jar:/home/runner/.m2/repository/com/google/guava/guava/30.1.1-jre/guava-30.1.1-jre.jar:/home/runner/.m2/repository/com/google/guava/failureaccess/1.0.1/failureaccess-1.0.1.jar:/home/runner/.m2/repository/com/google/guava/listenablefuture/9999.0-empty-to-avoid-conflict-with-guava/listenablefuture-9999.0-empty-to-avoid-conflict-with-guava.jar:/home/runner/.m2/repository/com/google/code/findbugs/jsr305/3.0.0/jsr305-3.0.0.jar:/home/runner/.m2/repository/org/checkerframework/checker-qual/3.8.0/checker-qual-3.8.0.jar:/home/runner/.m2/repository/com/google/errorprone/error_prone_annotations/2.2.0/error_prone_annotations-2.2.0.jar:/home/runner/.m2/repository/com/google/j2objc/j2objc-annotations/1.3/j2objc-annotations-1.3.jar:/home/runner/.m2/repository/commons-io/commons-io/2.8.0/commons-io-2.8.0.jar:/home/runner/.m2/repository/commons-logging/commons-logging/1.2/commons-logging-1.2.jar:/home/runner/.m2/repository/log4j/log4j/1.2.17/log4j-1.2.17.jar:/home/runner/.m2/repository/org/slf4j/slf4j-api/1.7.30/slf4j-api-1.7.30.jar:/home/runner/.m2/repository/org/apache/ozone/hdds-server-scm/1.2.0-SNAPSHOT/hdds-server-scm-1.2.0-SNAPSHOT.jar:/home/runner/.m2/repository/org/apache/ozone/hdds-container-service/1.2.0-SNAPSHOT/hdds-container-service-1.2.0-SNAPSHOT.jar:/home/runner/.m2/repository/org/apache/ozone/hdds-hadoop-dependency-server/1.2.0-SNAPSHOT/hdds-hadoop-dependency-server-1.2.0-SNAPSHOT.jar:/home/runner/.m2/repository/org/apache/hadoop/hadoop-hdfs/3.3.1/hadoop-hdfs-3.3.1.jar:/home/runner/.m2/repository/io/dropwizard/metrics/metrics-core/3.2.4/metrics-core-3.2.4.jar:/home/runner/.m2/repository/org/apache/hadoop/hadoop-hdfs-client/3.3.1/hadoop-hdfs-client-3.3.1.jar:/home/runner/.m2/repository/org/bouncycastle/bcprov-jdk15on/1.67/bcprov-jdk15on-1.67.jar:/home/runner/.m2/repository/com/google/protobuf/protobuf-java/2.5.0/protobuf-java-2.5.0.jar:/home/runner/.m2/repository/org/apache/ozone/ozone-manager/1.2.0-SNAPSHOT/ozone-manager-1.2.0-SNAPSHOT.jar:/home/runner/.m2/repository/org/aspectj/aspectjrt/1.9.7/aspectjrt-1.9.7.jar:/home/runner/.m2/repository/org/aspectj/aspectjweaver/1.9.7/aspectjweaver-1.9.7.jar:/home/runner/.m2/repository/org/apache/ozone/hdds-interface-client/1.2.0-SNAPSHOT/hdds-interface-client-1.2.0-SNAPSHOT.jar:/home/runner/.m2/repository/org/apache/hadoop/thirdparty/hadoop-shaded-protobuf_3_7/1.1.1/hadoop-shaded-protobuf_3_7-1.1.1.jar:/home/runner/.m2/repository/org/apache/ozone/ozone-interface-storage/1.2.0-SNAPSHOT/ozone-interface-storage-1.2.0-SNAPSHOT.jar:/home/runner/.m2/repository/org/reflections/reflections/0.9.11/reflections-0.9.11.jar:/home/runner/.m2/repository/org/apache/hadoop/hadoop-minikdc/3.3.1/hadoop-minikdc-3.3.1.jar:/home/runner/.m2/repository/org/apache/kerby/kerb-simplekdc/1.0.1/kerb-simplekdc-1.0.1.jar:/home/runner/.m2/repository/org/apache/kerby/kerb-client/1.0.1/kerb-client-1.0.1.jar:/home/runner/.m2/repository/org/apache/kerby/kerby-config/1.0.1/kerby-config-1.0.1.jar:/home/runner/.m2/repository/org/apache/kerby/kerb-common/1.0.1/kerb-common-1.0.1.jar:/home/runner/.m2/repository/org/apache/kerby/kerb-crypto/1.0.1/kerb-crypto-1.0.1.jar:/home/runner/.m2/repository/org/apache/kerby/kerb-util/1.0.1/kerb-util-1.0.1.jar:/home/runner/.m2/repository/org/apache/kerby/token-provider/1.0.1/token-provider-1.0.1.jar:/home/runner/.m2/repository/org/apache/kerby/kerb-admin/1.0.1/kerb-admin-1.0.1.jar:/home/runner/.m2/repository/org/apache/kerby/kerb-server/1.0.1/kerb-server-1.0.1.jar:/home/runner/.m2/repository/org/apache/kerby/kerb-identity/1.0.1/kerb-identity-1.0.1.jar:/home/runner/.m2/repository/org/apache/kerby/kerby-xdr/1.0.1/kerby-xdr-1.0.1.jar:/home/runner/.m2/repository/org/slf4j/slf4j-log4j12/1.7.30/slf4j-log4j12-1.7.30.jar:/home/runner/.m2/repository/org/apache/ozone/ozone-s3gateway/1.2.0-SNAPSHOT/ozone-s3gateway-1.2.0-SNAPSHOT.jar:/home/runner/.m2/repository/org/javassist/javassist/3.21.0-GA/javassist-3.21.0-GA.jar:/home/runner/.m2/repository/org/jboss/weld/servlet/weld-servlet/2.4.7.Final/weld-servlet-2.4.7.Final.jar:/home/runner/.m2/repository/org/glassfish/jersey/containers/jersey-container-servlet-core/2.33/jersey-container-servlet-core-2.33.jar:/home/runner/.m2/repository/org/glassfish/hk2/external/jakarta.inject/2.6.1/jakarta.inject-2.6.1.jar:/home/runner/.m2/repository/org/glassfish/jersey/core/jersey-common/2.33/jersey-common-2.33.jar:/home/runner/.m2/repository/jakarta/ws/rs/jakarta.ws.rs-api/2.1.6/jakarta.ws.rs-api-2.1.6.jar:/home/runner/.m2/repository/org/glassfish/jersey/ext/cdi/jersey-cdi1x/2.33/jersey-cdi1x-2.33.jar:/home/runner/.m2/repository/org/glassfish/jersey/inject/jersey-hk2/2.33/jersey-hk2-2.33.jar:/home/runner/.m2/repository/org/glassfish/hk2/hk2-locator/2.6.1/hk2-locator-2.6.1.jar:/home/runner/.m2/repository/org/glassfish/jersey/media/jersey-media-jaxb/2.33/jersey-media-jaxb-2.33.jar:/home/runner/.m2/repository/org/glassfish/hk2/osgi-resource-locator/1.0.3/osgi-resource-locator-1.0.3.jar:/home/runner/.m2/repository/org/glassfish/hk2/hk2-api/2.5.0/hk2-api-2.5.0.jar:/home/runner/.m2/repository/org/glassfish/hk2/hk2-utils/2.5.0/hk2-utils-2.5.0.jar:/home/runner/.m2/repository/org/glassfish/hk2/external/aopalliance-repackaged/2.5.0/aopalliance-repackaged-2.5.0.jar:/home/runner/.m2/repository/com/fasterxml/jackson/dataformat/jackson-dataformat-xml/2.12.1/jackson-dataformat-xml-2.12.1.jar:/home/runner/.m2/repository/com/fasterxml/jackson/core/jackson-core/2.12.1/jackson-core-2.12.1.jar:/home/runner/.m2/repository/com/fasterxml/jackson/module/jackson-module-jaxb-annotations/2.12.1/jackson-module-jaxb-annotations-2.12.1.jar:/home/runner/.m2/repository/jakarta/xml/bind/jakarta.xml.bind-api/2.3.2/jakarta.xml.bind-api-2.3.2.jar:/home/runner/.m2/repository/org/codehaus/woodstox/stax2-api/3.1.4/stax2-api-3.1.4.jar:/home/runner/.m2/repository/com/fasterxml/woodstox/woodstox-core/5.0.3/woodstox-core-5.0.3.jar:/home/runner/.m2/repository/javax/enterprise/cdi-api/1.2/cdi-api-1.2.jar:/home/runner/.m2/repository/javax/el/javax.el-api/3.0.0/javax.el-api-3.0.0.jar:/home/runner/.m2/repository/javax/interceptor/javax.interceptor-api/1.2/javax.interceptor-api-1.2.jar:/home/runner/.m2/repository/javax/inject/javax.inject/1/javax.inject-1.jar:/home/runner/.m2/repository/javax/xml/bind/jaxb-api/2.3.0/jaxb-api-2.3.0.jar:/home/runner/.m2/repository/org/glassfish/jaxb/jaxb-runtime/2.3.0.1/jaxb-runtime-2.3.0.1.jar:/home/runner/.m2/repository/org/glassfish/jaxb/jaxb-core/2.3.0.1/jaxb-core-2.3.0.1.jar:/home/runner/.m2/repository/org/glassfish/jaxb/txw2/2.3.0.1/txw2-2.3.0.1.jar:/home/runner/.m2/repository/com/sun/istack/istack-commons-runtime/3.0.5/istack-commons-runtime-3.0.5.jar:/home/runner/.m2/repository/org/jvnet/staxex/stax-ex/1.7.8/stax-ex-1.7.8.jar:/home/runner/.m2/repository/com/sun/xml/fastinfoset/FastInfoset/1.2.13/FastInfoset-1.2.13.jar:/home/runner/.m2/repository/javax/activation/activation/1.1.1/activation-1.1.1.jar:/home/runner/.m2/repository/org/apache/ozone/ozone-csi/1.2.0-SNAPSHOT/ozone-csi-1.2.0-SNAPSHOT.jar:/home/runner/.m2/repository/com/google/protobuf/protobuf-java-util/3.12.0/protobuf-java-util-3.12.0.jar:/home/runner/.m2/repository/com/google/code/gson/gson/2.2.4/gson-2.2.4.jar:/home/runner/.m2/repository/org/apache/ozone/hdds-config/1.2.0-SNAPSHOT/hdds-config-1.2.0-SNAPSHOT.jar:/home/runner/.m2/repository/io/grpc/grpc-netty/1.33.0/grpc-netty-1.33.0.jar:/home/runner/.m2/repository/io/grpc/grpc-core/1.33.0/grpc-core-1.33.0.jar:/home/runner/.m2/repository/com/google/android/annotations/4.1.1.4/annotations-4.1.1.4.jar:/home/runner/.m2/repository/io/netty/netty-codec-http2/4.1.63.Final/netty-codec-http2-4.1.63.Final.jar:/home/runner/.m2/repository/io/netty/netty-codec-http/4.1.63.Final/netty-codec-http-4.1.63.Final.jar:/home/runner/.m2/repository/io/netty/netty-handler-proxy/4.1.63.Final/netty-handler-proxy-4.1.63.Final.jar:/home/runner/.m2/repository/io/netty/netty-codec-socks/4.1.63.Final/netty-codec-socks-4.1.63.Final.jar:/home/runner/.m2/repository/io/perfmark/perfmark-api/0.19.0/perfmark-api-0.19.0.jar:/home/runner/.m2/repository/org/codehaus/mojo/animal-sniffer-annotations/1.18/animal-sniffer-annotations-1.18.jar:/home/runner/.m2/repository/io/netty/netty-transport-native-epoll/4.1.63.Final/netty-transport-native-epoll-4.1.63.Final.jar:/home/runner/.m2/repository/io/netty/netty-common/4.1.63.Final/netty-common-4.1.63.Final.jar:/home/runner/.m2/repository/io/netty/netty-buffer/4.1.63.Final/netty-buffer-4.1.63.Final.jar:/home/runner/.m2/repository/io/netty/netty-transport-native-unix-common/4.1.63.Final/netty-transport-native-unix-common-4.1.63.Final.jar:/home/runner/.m2/repository/io/grpc/grpc-protobuf/1.33.0/grpc-protobuf-1.33.0.jar:/home/runner/.m2/repository/io/grpc/grpc-api/1.33.0/grpc-api-1.33.0.jar:/home/runner/.m2/repository/io/grpc/grpc-context/1.33.0/grpc-context-1.33.0.jar:/home/runner/.m2/repository/com/google/api/grpc/proto-google-common-protos/1.17.0/proto-google-common-protos-1.17.0.jar:/home/runner/.m2/repository/io/grpc/grpc-protobuf-lite/1.33.0/grpc-protobuf-lite-1.33.0.jar:/home/runner/.m2/repository/io/grpc/grpc-stub/1.33.0/grpc-stub-1.33.0.jar:/home/runner/.m2/repository/org/apache/ozone/ozone-recon/1.2.0-SNAPSHOT/ozone-recon-1.2.0-SNAPSHOT.jar:/home/runner/.m2/repository/org/apache/ozone/ozone-reconcodegen/1.2.0-SNAPSHOT/ozone-reconcodegen-1.2.0-SNAPSHOT.jar:/home/runner/.m2/repository/com/google/inject/extensions/guice-multibindings/4.0/guice-multibindings-4.0.jar:/home/runner/.m2/repository/com/google/inject/guice/4.0/guice-4.0.jar:/home/runner/.m2/repository/aopalliance/aopalliance/1.0/aopalliance-1.0.jar:/home/runner/.m2/repository/com/google/inject/extensions/guice-assistedinject/4.0/guice-assistedinject-4.0.jar:/home/runner/.m2/repository/com/google/inject/extensions/guice-servlet/4.0/guice-servlet-4.0.jar:/home/runner/.m2/repository/org/glassfish/jersey/containers/jersey-container-servlet/2.33/jersey-container-servlet-2.33.jar:/home/runner/.m2/repository/org/glassfish/hk2/guice-bridge/2.5.0/guice-bridge-2.5.0.jar:/home/runner/.m2/repository/org/glassfish/jersey/core/jersey-server/2.33/jersey-server-2.33.jar:/home/runner/.m2/repository/org/glassfish/jersey/core/jersey-client/2.33/jersey-client-2.33.jar:/home/runner/.m2/repository/jakarta/annotation/jakarta.annotation-api/1.3.5/jakarta.annotation-api-1.3.5.jar:/home/runner/.m2/repository/jakarta/validation/jakarta.validation-api/2.0.2/jakarta.validation-api-2.0.2.jar:/home/runner/.m2/repository/org/glassfish/jersey/media/jersey-media-json-jackson/2.33/jersey-media-json-jackson-2.33.jar:/home/runner/.m2/repository/org/glassfish/jersey/ext/jersey-entity-filtering/2.33/jersey-entity-filtering-2.33.jar:/home/runner/.m2/repository/org/jooq/jooq/3.11.10/jooq-3.11.10.jar:/home/runner/.m2/repository/org/jooq/jooq-meta/3.11.10/jooq-meta-3.11.10.jar:/home/runner/.m2/repository/org/jooq/jooq-codegen/3.11.10/jooq-codegen-3.11.10.jar:/home/runner/.m2/repository/com/jolbox/bonecp/0.8.0.RELEASE/bonecp-0.8.0.RELEASE.jar:/home/runner/.m2/repository/org/apache/derby/derby/10.14.2.0/derby-10.14.2.0.jar:/home/runner/.m2/repository/org/xerial/sqlite-jdbc/3.25.2/sqlite-jdbc-3.25.2.jar:/home/runner/.m2/repository/org/springframework/spring-jdbc/5.2.11.RELEASE/spring-jdbc-5.2.11.RELEASE.jar:/home/runner/.m2/repository/org/springframework/spring-beans/5.2.11.RELEASE/spring-beans-5.2.11.RELEASE.jar:/home/runner/.m2/repository/org/springframework/spring-core/5.2.11.RELEASE/spring-core-5.2.11.RELEASE.jar:/home/runner/.m2/repository/org/springframework/spring-jcl/5.2.11.RELEASE/spring-jcl-5.2.11.RELEASE.jar:/home/runner/.m2/repository/org/springframework/spring-tx/5.2.11.RELEASE/spring-tx-5.2.11.RELEASE.jar:/home/runner/.m2/repository/org/apache/ozone/ozone-client/1.2.0-SNAPSHOT/ozone-client-1.2.0-SNAPSHOT.jar:/home/runner/.m2/repository/org/apache/ozone/ozone-filesystem/1.2.0-SNAPSHOT/ozone-filesystem-1.2.0-SNAPSHOT.jar:/home/runner/.m2/repository/org/apache/ozone/ozone-filesystem-common/1.2.0-SNAPSHOT/ozone-filesystem-common-1.2.0-SNAPSHOT.jar:/home/runner/.m2/repository/org/apache/ozone/ozone-tools/1.2.0-SNAPSHOT/ozone-tools-1.2.0-SNAPSHOT.jar:/home/runner/.m2/repository/org/apache/ratis/ratis-tools/2.1.0-03f3b68-SNAPSHOT/ratis-tools-2.1.0-03f3b68-SNAPSHOT.jar:/home/runner/.m2/repository/com/amazonaws/aws-java-sdk-core/1.11.901/aws-java-sdk-core-1.11.901.jar:/home/runner/.m2/repository/org/apache/httpcomponents/httpclient/4.5.13/httpclient-4.5.13.jar:/home/runner/.m2/repository/org/apache/httpcomponents/httpcore/4.4.13/httpcore-4.4.13.jar:/home/runner/.m2/repository/software/amazon/ion/ion-java/1.0.2/ion-java-1.0.2.jar:/home/runner/.m2/repository/com/fasterxml/jackson/dataformat/jackson-dataformat-cbor/2.12.1/jackson-dataformat-cbor-2.12.1.jar:/home/runner/.m2/repository/joda-time/joda-time/2.8.1/joda-time-2.8.1.jar:/home/runner/.m2/repository/com/amazonaws/aws-java-sdk-s3/1.11.901/aws-java-sdk-s3-1.11.901.jar:/home/runner/.m2/repository/com/amazonaws/aws-java-sdk-kms/1.11.901/aws-java-sdk-kms-1.11.901.jar:/home/runner/.m2/repository/com/amazonaws/jmespath-java/1.11.901/jmespath-java-1.11.901.jar:/home/runner/.m2/repository/org/kohsuke/metainf-services/metainf-services/1.8/metainf-services-1.8.jar:/home/runner/.m2/repository/org/apache/ozone/hdds-tools/1.2.0-SNAPSHOT/hdds-tools-1.2.0-SNAPSHOT.jar:/home/runner/.m2/repository/commons-cli/commons-cli/1.2/commons-cli-1.2.jar:/home/runner/.m2/repository/org/apache/commons/commons-lang3/3.7/commons-lang3-3.7.jar:/home/runner/.m2/repository/org/apache/ozone/ozone-manager/1.2.0-SNAPSHOT/ozone-manager-1.2.0-SNAPSHOT-tests.jar:/home/runner/.m2/repository/org/apache/ozone/hdds-common/1.2.0-SNAPSHOT/hdds-common-1.2.0-SNAPSHOT-tests.jar:/home/runner/.m2/repository/org/apache/ozone/hdds-hadoop-dependency-client/1.2.0-SNAPSHOT/hdds-hadoop-dependency-client-1.2.0-SNAPSHOT.jar:/home/runner/.m2/repository/info/picocli/picocli/4.6.1/picocli-4.6.1.jar:/home/runner/.m2/repository/com/fasterxml/jackson/core/jackson-annotations/2.12.1/jackson-annotations-2.12.1.jar:/home/runner/.m2/repository/javax/annotation/javax.annotation-api/1.2/javax.annotation-api-1.2.jar:/home/runner/.m2/repository/org/apache/ratis/ratis-server/2.1.0-03f3b68-SNAPSHOT/ratis-server-2.1.0-03f3b68-SNAPSHOT.jar:/home/runner/.m2/repository/org/apache/ratis/ratis-client/2.1.0-03f3b68-SNAPSHOT/ratis-client-2.1.0-03f3b68-SNAPSHOT.jar:/home/runner/.m2/repository/org/apache/ratis/ratis-server-api/2.1.0-03f3b68-SNAPSHOT/ratis-server-api-2.1.0-03f3b68-SNAPSHOT.jar:/home/runner/.m2/repository/org/apache/ratis/ratis-metrics/2.1.0-03f3b68-SNAPSHOT/ratis-metrics-2.1.0-03f3b68-SNAPSHOT.jar:/home/runner/.m2/repository/org/apache/ratis/ratis-netty/2.1.0-03f3b68-SNAPSHOT/ratis-netty-2.1.0-03f3b68-SNAPSHOT.jar:/home/runner/.m2/repository/org/apache/ratis/ratis-grpc/2.1.0-03f3b68-SNAPSHOT/ratis-grpc-2.1.0-03f3b68-SNAPSHOT.jar:/home/runner/.m2/repository/org/apache/logging/log4j/log4j-api/2.13.3/log4j-api-2.13.3.jar:/home/runner/.m2/repository/org/apache/logging/log4j/log4j-core/2.13.3/log4j-core-2.13.3.jar:/home/runner/.m2/repository/com/lmax/disruptor/3.4.2/disruptor-3.4.2.jar:/home/runner/.m2/repository/org/apache/commons/commons-pool2/2.6.0/commons-pool2-2.6.0.jar:/home/runner/.m2/repository/org/bouncycastle/bcpkix-jdk15on/1.67/bcpkix-jdk15on-1.67.jar:/home/runner/.m2/repository/commons-validator/commons-validator/1.6/commons-validator-1.6.jar:/home/runner/.m2/repository/commons-beanutils/commons-beanutils/1.9.4/commons-beanutils-1.9.4.jar:/home/runner/.m2/repository/commons-digester/commons-digester/1.8.1/commons-digester-1.8.1.jar:/home/runner/.m2/repository/commons-collections/commons-collections/3.2.2/commons-collections-3.2.2.jar:/home/runner/.m2/repository/io/jaegertracing/jaeger-client/1.6.0/jaeger-client-1.6.0.jar:/home/runner/.m2/repository/io/jaegertracing/jaeger-thrift/1.6.0/jaeger-thrift-1.6.0.jar:/home/runner/.m2/repository/org/apache/thrift/libthrift/0.14.1/libthrift-0.14.1.jar:/home/runner/.m2/repository/com/squareup/okhttp3/okhttp/4.9.0/okhttp-4.9.0.jar:/home/runner/.m2/repository/com/squareup/okio/okio/2.8.0/okio-2.8.0.jar:/home/runner/.m2/repository/io/jaegertracing/jaeger-core/1.6.0/jaeger-core-1.6.0.jar:/home/runner/.m2/repository/io/jaegertracing/jaeger-tracerresolver/1.6.0/jaeger-tracerresolver-1.6.0.jar:/home/runner/.m2/repository/io/opentracing/contrib/opentracing-tracerresolver/0.1.8/opentracing-tracerresolver-0.1.8.jar:/home/runner/.m2/repository/org/jetbrains/kotlin/kotlin-stdlib/1.4.31/kotlin-stdlib-1.4.31.jar:/home/runner/.m2/repository/org/jetbrains/kotlin/kotlin-stdlib-common/1.4.31/kotlin-stdlib-common-1.4.31.jar:/home/runner/.m2/repository/org/jetbrains/annotations/13.0/annotations-13.0.jar:/home/runner/.m2/repository/io/opentracing/opentracing-util/0.33.0/opentracing-util-0.33.0.jar:/home/runner/.m2/repository/io/opentracing/opentracing-api/0.33.0/opentracing-api-0.33.0.jar:/home/runner/.m2/repository/io/opentracing/opentracing-noop/0.33.0/opentracing-noop-0.33.0.jar:/home/runner/.m2/repository/org/yaml/snakeyaml/1.26/snakeyaml-1.26.jar:/home/runner/.m2/repository/org/apache/ozone/hdds-interface-admin/1.2.0-SNAPSHOT/hdds-interface-admin-1.2.0-SNAPSHOT.jar:/home/runner/.m2/repository/junit/junit/4.13.1/junit-4.13.1.jar:/home/runner/.m2/repository/org/hamcrest/hamcrest-core/1.3/hamcrest-core-1.3.jar:/home/runner/.m2/repository/org/junit/jupiter/junit-jupiter-api/5.7.0/junit-jupiter-api-5.7.0.jar:/home/runner/.m2/repository/org/apiguardian/apiguardian-api/1.1.0/apiguardian-api-1.1.0.jar:/home/runner/.m2/repository/org/opentest4j/opentest4j/1.2.0/opentest4j-1.2.0.jar:/home/runner/.m2/repository/org/junit/platform/junit-platform-commons/1.7.0/junit-platform-commons-1.7.0.jar:/home/runner/.m2/repository/org/junit/jupiter/junit-jupiter-engine/5.7.0/junit-jupiter-engine-5.7.0.jar:/home/runner/.m2/repository/org/junit/platform/junit-platform-engine/1.7.0/junit-platform-engine-1.7.0.jar:/home/runner/.m2/repository/org/junit/vintage/junit-vintage-engine/5.7.0/junit-vintage-engine-5.7.0.jar:/home/runner/.m2/repository/org/junit/platform/junit-platform-launcher/1.7.0/junit-platform-launcher-1.7.0.jar:/home/runner/.m2/repository/org/openjdk/jmh/jmh-core/1.19/jmh-core-1.19.jar:/home/runner/.m2/repository/net/sf/jopt-simple/jopt-simple/4.6/jopt-simple-4.6.jar:/home/runner/.m2/repository/org/apache/commons/commons-math3/3.1.1/commons-math3-3.1.1.jar:/home/runner/.m2/repository/org/openjdk/jmh/jmh-generator-annprocess/1.19/jmh-generator-annprocess-1.19.jar:/home/runner/.m2/repository/org/mockito/mockito-core/2.28.2/mockito-core-2.28.2.jar:/home/runner/.m2/repository/net/bytebuddy/byte-buddy/1.9.10/byte-buddy-1.9.10.jar:/home/runner/.m2/repository/net/bytebuddy/byte-buddy-agent/1.9.10/byte-buddy-agent-1.9.10.jar:/home/runner/.m2/repository/org/objenesis/objenesis/1.0/objenesis-1.0.jar:/home/runner/.m2/repository/org/apache/hadoop/hadoop-kms/3.3.1/hadoop-kms-3.3.1.jar:/home/runner/.m2/repository/org/apache/hadoop/hadoop-auth/3.3.1/hadoop-auth-3.3.1.jar:/home/runner/.m2/repository/com/nimbusds/nimbus-jose-jwt/7.9/nimbus-jose-jwt-7.9.jar:/home/runner/.m2/repository/com/github/stephenc/jcip/jcip-annotations/1.0-1/jcip-annotations-1.0-1.jar:/home/runner/.m2/repository/net/minidev/json-smart/2.3/json-smart-2.3.jar:/home/runner/.m2/repository/net/minidev/accessors-smart/1.2/accessors-smart-1.2.jar:/home/runner/.m2/repository/org/ow2/asm/asm/5.0.4/asm-5.0.4.jar:/home/runner/.m2/repository/org/apache/zookeeper/zookeeper/3.5.6/zookeeper-3.5.6.jar:/home/runner/.m2/repository/org/apache/zookeeper/zookeeper-jute/3.5.6/zookeeper-jute-3.5.6.jar:/home/runner/.m2/repository/org/apache/yetus/audience-annotations/0.5.0/audience-annotations-0.5.0.jar:/home/runner/.m2/repository/org/apache/curator/curator-framework/4.2.0/curator-framework-4.2.0.jar:/home/runner/.m2/repository/org/apache/hadoop/thirdparty/hadoop-shaded-guava/1.1.1/hadoop-shaded-guava-1.1.1.jar:/home/runner/.m2/repository/com/sun/jersey/jersey-core/1.19/jersey-core-1.19.jar:/home/runner/.m2/repository/javax/ws/rs/jsr311-api/1.1.1/jsr311-api-1.1.1.jar:/home/runner/.m2/repository/com/sun/jersey/jersey-server/1.19/jersey-server-1.19.jar:/home/runner/.m2/repository/javax/servlet/javax.servlet-api/3.1.0/javax.servlet-api-3.1.0.jar:/home/runner/.m2/repository/org/eclipse/jetty/jetty-server/9.4.43.v20210629/jetty-server-9.4.43.v20210629.jar:/home/runner/.m2/repository/org/eclipse/jetty/jetty-http/9.4.43.v20210629/jetty-http-9.4.43.v20210629.jar:/home/runner/.m2/repository/org/eclipse/jetty/jetty-io/9.4.43.v20210629/jetty-io-9.4.43.v20210629.jar:/home/runner/.m2/repository/org/eclipse/jetty/jetty-webapp/9.4.43.v20210629/jetty-webapp-9.4.43.v20210629.jar:/home/runner/.m2/repository/org/eclipse/jetty/jetty-xml/9.4.43.v20210629/jetty-xml-9.4.43.v20210629.jar:/home/runner/.m2/repository/org/apache/hadoop/hadoop-common/3.3.1/hadoop-common-3.3.1.jar:/home/runner/.m2/repository/commons-net/commons-net/3.6/commons-net-3.6.jar:/home/runner/.m2/repository/jakarta/activation/jakarta.activation-api/1.2.1/jakarta.activation-api-1.2.1.jar:/home/runner/.m2/repository/com/sun/jersey/jersey-servlet/1.19/jersey-servlet-1.19.jar:/home/runner/.m2/repository/com/sun/jersey/jersey-json/1.19/jersey-json-1.19.jar:/home/runner/.m2/repository/org/codehaus/jettison/jettison/1.1/jettison-1.1.jar:/home/runner/.m2/repository/com/sun/xml/bind/jaxb-impl/2.2.3-1/jaxb-impl-2.2.3-1.jar:/home/runner/.m2/repository/org/codehaus/jackson/jackson-jaxrs/1.9.2/jackson-jaxrs-1.9.2.jar:/home/runner/.m2/repository/org/codehaus/jackson/jackson-xc/1.9.2/jackson-xc-1.9.2.jar:/home/runner/.m2/repository/org/apache/commons/commons-configuration2/2.1.1/commons-configuration2-2.1.1.jar:/home/runner/.m2/repository/org/apache/commons/commons-text/1.4/commons-text-1.4.jar:/home/runner/.m2/repository/com/google/re2j/re2j/1.1/re2j-1.1.jar:/home/runner/.m2/repository/com/jcraft/jsch/0.1.54/jsch-0.1.54.jar:/home/runner/.m2/repository/org/apache/curator/curator-client/4.2.0/curator-client-4.2.0.jar:/home/runner/.m2/repository/org/apache/curator/curator-recipes/4.2.0/curator-recipes-4.2.0.jar:/home/runner/.m2/repository/org/apache/kerby/kerb-core/1.0.1/kerb-core-1.0.1.jar:/home/runner/.m2/repository/org/apache/kerby/kerby-pkix/1.0.1/kerby-pkix-1.0.1.jar:/home/runner/.m2/repository/org/apache/kerby/kerby-asn1/1.0.1/kerby-asn1-1.0.1.jar:/home/runner/.m2/repository/org/apache/kerby/kerby-util/1.0.1/kerby-util-1.0.1.jar:/home/runner/.m2/repository/dnsjava/dnsjava/2.1.7/dnsjava-2.1.7.jar:/home/runner/.m2/repository/org/xerial/snappy/snappy-java/1.1.8.2/snappy-java-1.1.8.2.jar:/home/runner/.m2/repository/org/slf4j/jul-to-slf4j/1.7.30/jul-to-slf4j-1.7.30.jar:/home/runner/.m2/repository/org/eclipse/jetty/jetty-util/9.4.43.v20210629/jetty-util-9.4.43.v20210629.jar:/home/runner/.m2/repository/com/fasterxml/jackson/core/jackson-databind/2.12.1/jackson-databind-2.12.1.jar:/home/runner/.m2/repository/org/apache/hadoop/hadoop-kms/3.3.1/hadoop-kms-3.3.1-tests.jar:/home/runner/.m2/repository/org/apache/ozone/hdds-server-scm/1.2.0-SNAPSHOT/hdds-server-scm-1.2.0-SNAPSHOT-tests.jar:/home/runner/.m2/repository/org/apache/ozone/hdds-container-service/1.2.0-SNAPSHOT/hdds-container-service-1.2.0-SNAPSHOT-tests.jar:/home/runner/.m2/repository/commons-codec/commons-codec/1.11/commons-codec-1.11.jar:/home/runner/.m2/repository/io/netty/netty-transport/4.1.63.Final/netty-transport-4.1.63.Final.jar:/home/runner/.m2/repository/io/netty/netty-resolver/4.1.63.Final/netty-resolver-4.1.63.Final.jar:/home/runner/.m2/repository/io/netty/netty-codec/4.1.63.Final/netty-codec-4.1.63.Final.jar:/home/runner/.m2/repository/io/netty/netty-handler/4.1.63.Final/netty-handler-4.1.63.Final.jar:/home/runner/.m2/repository/org/apache/ozone/hdds-hadoop-dependency-test/1.2.0-SNAPSHOT/hdds-hadoop-dependency-test-1.2.0-SNAPSHOT.jar:/home/runner/.m2/repository/org/apache/hadoop/hadoop-common/3.3.1/hadoop-common-3.3.1-tests.jar:/home/runner/.m2/repository/org/assertj/assertj-core/3.12.2/assertj-core-3.12.2.jar:/home/runner/.m2/repository/org/apache/hadoop/hadoop-hdfs/3.3.1/hadoop-hdfs-3.3.1-tests.jar:/home/runner/.m2/repository/org/eclipse/jetty/jetty-util-ajax/9.4.43.v20210629/jetty-util-ajax-9.4.43.v20210629.jar:/home/runner/.m2/repository/commons-daemon/commons-daemon/1.0.13/commons-daemon-1.0.13.jar:/home/runner/.m2/repository/io/netty/netty/3.10.6.Final/netty-3.10.6.Final.jar:/home/runner/.m2/repository/io/netty/netty-all/4.1.63.Final/netty-all-4.1.63.Final.jar:/home/runner/.m2/repository/org/apache/htrace/htrace-core4/4.1.0-incubating/htrace-core4-4.1.0-incubating.jar:/home/runner/.m2/repository/org/fusesource/leveldbjni/leveldbjni-all/1.8/leveldbjni-all-1.8.jar:/home/runner/.m2/repository/org/apache/hadoop/hadoop-distcp/3.3.1/hadoop-distcp-3.3.1.jar:/home/runner/.m2/repository/org/apache/hadoop/hadoop-mapreduce-client-jobclient/3.3.1/hadoop-mapreduce-client-jobclient-3.3.1.jar:/home/runner/.m2/repository/org/apache/hadoop/hadoop-mapreduce-client-common/3.3.1/hadoop-mapreduce-client-common-3.3.1.jar:/home/runner/.m2/repository/org/apache/hadoop/hadoop-yarn-common/3.3.1/hadoop-yarn-common-3.3.1.jar:/home/runner/.m2/repository/org/apache/hadoop/hadoop-yarn-api/3.3.1/hadoop-yarn-api-3.3.1.jar:/home/runner/.m2/repository/com/sun/jersey/jersey-client/1.19/jersey-client-1.19.jar:/home/runner/.m2/repository/com/sun/jersey/contribs/jersey-guice/1.19/jersey-guice-1.19.jar:/home/runner/.m2/repository/com/fasterxml/jackson/jaxrs/jackson-jaxrs-json-provider/2.12.1/jackson-jaxrs-json-provider-2.12.1.jar:/home/runner/.m2/repository/com/fasterxml/jackson/jaxrs/jackson-jaxrs-base/2.12.1/jackson-jaxrs-base-2.12.1.jar:/home/runner/.m2/repository/org/apache/hadoop/hadoop-yarn-client/3.3.1/hadoop-yarn-client-3.3.1.jar:/home/runner/.m2/repository/org/eclipse/jetty/websocket/websocket-client/9.4.40.v20210413/websocket-client-9.4.40.v20210413.jar:/home/runner/.m2/repository/org/eclipse/jetty/jetty-client/9.4.40.v20210413/jetty-client-9.4.40.v20210413.jar:/home/runner/.m2/repository/org/eclipse/jetty/websocket/websocket-common/9.4.40.v20210413/websocket-common-9.4.40.v20210413.jar:/home/runner/.m2/repository/org/eclipse/jetty/websocket/websocket-api/9.4.40.v20210413/websocket-api-9.4.40.v20210413.jar:/home/runner/.m2/repository/org/jline/jline/3.9.0/jline-3.9.0.jar:/home/runner/.m2/repository/org/apache/hadoop/hadoop-mapreduce-client-core/3.3.1/hadoop-mapreduce-client-core-3.3.1.jar:/home/runner/.m2/repository/org/apache/avro/avro/1.7.7/avro-1.7.7.jar:/home/runner/.m2/repository/org/codehaus/jackson/jackson-core-asl/1.9.13/jackson-core-asl-1.9.13.jar:/home/runner/.m2/repository/org/codehaus/jackson/jackson-mapper-asl/1.9.13/jackson-mapper-asl-1.9.13.jar:/home/runner/.m2/repository/com/thoughtworks/paranamer/paranamer/2.3/paranamer-2.3.jar:/home/runner/.m2/repository/org/apache/hadoop/hadoop-annotations/3.3.1/hadoop-annotations-3.3.1.jar:/usr/lib/jvm/adoptopenjdk-8-hotspot-amd64/jre/../lib/tools.jar:/home/runner/.m2/repository/org/apache/hadoop/hadoop-distcp/3.3.1/hadoop-distcp-3.3.1-tests.jar:/home/runner/.m2/repository/org/apache/ratis/ratis-common/2.1.0-03f3b68-SNAPSHOT/ratis-common-2.1.0-03f3b68-SNAPSHOT.jar:/home/runner/.m2/repository/org/apache/ratis/ratis-thirdparty-misc/0.7.0/ratis-thirdparty-misc-0.7.0.jar:/home/runner/.m2/repository/org/apache/ratis/ratis-proto/2.1.0-03f3b68-SNAPSHOT/ratis-proto-2.1.0-03f3b68-SNAPSHOT.jar:"/>
    <property name="java.vm.vendor" value="AdoptOpenJDK"/>
    <property name="sun.arch.data.model" value="64"/>
    <property name="test.build.dir" value="/home/runner/work/ozone/ozone/hadoop-ozone/integration-test/target/test-dir"/>
    <property name="test.cache.data" value=""/>
    <property name="java.vendor.url" value="https://adoptopenjdk.net/"/>
    <property name="user.timezone" value=""/>
    <property name="java.vm.specification.version" value="1.8"/>
    <property name="os.name" value="Linux"/>
    <property name="test.build.data" value="/home/runner/work/ozone/ozone/hadoop-ozone/integration-test/target/test-dir"/>
    <property name="sun.java.launcher" value="SUN_STANDARD"/>
    <property name="sun.boot.library.path" value="/usr/lib/jvm/adoptopenjdk-8-hotspot-amd64/jre/lib/amd64"/>
    <property name="sun.java.command" value="/home/runner/work/ozone/ozone/hadoop-ozone/integration-test/target/surefire/surefirebooter513401848786184727.jar /home/runner/work/ozone/ozone/hadoop-ozone/integration-test/target/surefire 2021-10-04T00-55-16_973-jvmRun1 surefire1131532885931716658tmp surefire_831803331007949550779tmp"/>
    <property name="surefire.test.class.path" value="/home/runner/work/ozone/ozone/hadoop-ozone/integration-test/target/test-classes:/home/runner/work/ozone/ozone/hadoop-ozone/integration-test/target/classes:/home/runner/.m2/repository/org/apache/ozone/ozone-common/1.2.0-SNAPSHOT/ozone-common-1.2.0-SNAPSHOT.jar:/home/runner/.m2/repository/org/apache/commons/commons-compress/1.20/commons-compress-1.20.jar:/home/runner/.m2/repository/org/apache/ozone/hdds-common/1.2.0-SNAPSHOT/hdds-common-1.2.0-SNAPSHOT.jar:/home/runner/.m2/repository/org/apache/ozone/hdds-client/1.2.0-SNAPSHOT/hdds-client-1.2.0-SNAPSHOT.jar:/home/runner/.m2/repository/org/apache/ozone/ozone-interface-client/1.2.0-SNAPSHOT/ozone-interface-client-1.2.0-SNAPSHOT.jar:/home/runner/.m2/repository/org/apache/ozone/hdds-server-framework/1.2.0-SNAPSHOT/hdds-server-framework-1.2.0-SNAPSHOT.jar:/home/runner/.m2/repository/org/apache/ozone/hdds-interface-server/1.2.0-SNAPSHOT/hdds-interface-server-1.2.0-SNAPSHOT.jar:/home/runner/.m2/repository/org/eclipse/jetty/jetty-servlet/9.4.43.v20210629/jetty-servlet-9.4.43.v20210629.jar:/home/runner/.m2/repository/org/eclipse/jetty/jetty-security/9.4.43.v20210629/jetty-security-9.4.43.v20210629.jar:/home/runner/.m2/repository/org/rocksdb/rocksdbjni/6.20.3/rocksdbjni-6.20.3.jar:/home/runner/.m2/repository/io/prometheus/simpleclient_dropwizard/0.7.0/simpleclient_dropwizard-0.7.0.jar:/home/runner/.m2/repository/io/prometheus/simpleclient/0.7.0/simpleclient-0.7.0.jar:/home/runner/.m2/repository/io/prometheus/simpleclient_common/0.7.0/simpleclient_common-0.7.0.jar:/home/runner/.m2/repository/com/fasterxml/jackson/datatype/jackson-datatype-jsr310/2.12.1/jackson-datatype-jsr310-2.12.1.jar:/home/runner/.m2/repository/org/apache/ozone/hdds-test-utils/1.2.0-SNAPSHOT/hdds-test-utils-1.2.0-SNAPSHOT.jar:/home/runner/.m2/repository/com/google/guava/guava/30.1.1-jre/guava-30.1.1-jre.jar:/home/runner/.m2/repository/com/google/guava/failureaccess/1.0.1/failureaccess-1.0.1.jar:/home/runner/.m2/repository/com/google/guava/listenablefuture/9999.0-empty-to-avoid-conflict-with-guava/listenablefuture-9999.0-empty-to-avoid-conflict-with-guava.jar:/home/runner/.m2/repository/com/google/code/findbugs/jsr305/3.0.0/jsr305-3.0.0.jar:/home/runner/.m2/repository/org/checkerframework/checker-qual/3.8.0/checker-qual-3.8.0.jar:/home/runner/.m2/repository/com/google/errorprone/error_prone_annotations/2.2.0/error_prone_annotations-2.2.0.jar:/home/runner/.m2/repository/com/google/j2objc/j2objc-annotations/1.3/j2objc-annotations-1.3.jar:/home/runner/.m2/repository/commons-io/commons-io/2.8.0/commons-io-2.8.0.jar:/home/runner/.m2/repository/commons-logging/commons-logging/1.2/commons-logging-1.2.jar:/home/runner/.m2/repository/log4j/log4j/1.2.17/log4j-1.2.17.jar:/home/runner/.m2/repository/org/slf4j/slf4j-api/1.7.30/slf4j-api-1.7.30.jar:/home/runner/.m2/repository/org/apache/ozone/hdds-server-scm/1.2.0-SNAPSHOT/hdds-server-scm-1.2.0-SNAPSHOT.jar:/home/runner/.m2/repository/org/apache/ozone/hdds-container-service/1.2.0-SNAPSHOT/hdds-container-service-1.2.0-SNAPSHOT.jar:/home/runner/.m2/repository/org/apache/ozone/hdds-hadoop-dependency-server/1.2.0-SNAPSHOT/hdds-hadoop-dependency-server-1.2.0-SNAPSHOT.jar:/home/runner/.m2/repository/org/apache/hadoop/hadoop-hdfs/3.3.1/hadoop-hdfs-3.3.1.jar:/home/runner/.m2/repository/io/dropwizard/metrics/metrics-core/3.2.4/metrics-core-3.2.4.jar:/home/runner/.m2/repository/org/apache/hadoop/hadoop-hdfs-client/3.3.1/hadoop-hdfs-client-3.3.1.jar:/home/runner/.m2/repository/org/bouncycastle/bcprov-jdk15on/1.67/bcprov-jdk15on-1.67.jar:/home/runner/.m2/repository/com/google/protobuf/protobuf-java/2.5.0/protobuf-java-2.5.0.jar:/home/runner/.m2/repository/org/apache/ozone/ozone-manager/1.2.0-SNAPSHOT/ozone-manager-1.2.0-SNAPSHOT.jar:/home/runner/.m2/repository/org/aspectj/aspectjrt/1.9.7/aspectjrt-1.9.7.jar:/home/runner/.m2/repository/org/aspectj/aspectjweaver/1.9.7/aspectjweaver-1.9.7.jar:/home/runner/.m2/repository/org/apache/ozone/hdds-interface-client/1.2.0-SNAPSHOT/hdds-interface-client-1.2.0-SNAPSHOT.jar:/home/runner/.m2/repository/org/apache/hadoop/thirdparty/hadoop-shaded-protobuf_3_7/1.1.1/hadoop-shaded-protobuf_3_7-1.1.1.jar:/home/runner/.m2/repository/org/apache/ozone/ozone-interface-storage/1.2.0-SNAPSHOT/ozone-interface-storage-1.2.0-SNAPSHOT.jar:/home/runner/.m2/repository/org/reflections/reflections/0.9.11/reflections-0.9.11.jar:/home/runner/.m2/repository/org/apache/hadoop/hadoop-minikdc/3.3.1/hadoop-minikdc-3.3.1.jar:/home/runner/.m2/repository/org/apache/kerby/kerb-simplekdc/1.0.1/kerb-simplekdc-1.0.1.jar:/home/runner/.m2/repository/org/apache/kerby/kerb-client/1.0.1/kerb-client-1.0.1.jar:/home/runner/.m2/repository/org/apache/kerby/kerby-config/1.0.1/kerby-config-1.0.1.jar:/home/runner/.m2/repository/org/apache/kerby/kerb-common/1.0.1/kerb-common-1.0.1.jar:/home/runner/.m2/repository/org/apache/kerby/kerb-crypto/1.0.1/kerb-crypto-1.0.1.jar:/home/runner/.m2/repository/org/apache/kerby/kerb-util/1.0.1/kerb-util-1.0.1.jar:/home/runner/.m2/repository/org/apache/kerby/token-provider/1.0.1/token-provider-1.0.1.jar:/home/runner/.m2/repository/org/apache/kerby/kerb-admin/1.0.1/kerb-admin-1.0.1.jar:/home/runner/.m2/repository/org/apache/kerby/kerb-server/1.0.1/kerb-server-1.0.1.jar:/home/runner/.m2/repository/org/apache/kerby/kerb-identity/1.0.1/kerb-identity-1.0.1.jar:/home/runner/.m2/repository/org/apache/kerby/kerby-xdr/1.0.1/kerby-xdr-1.0.1.jar:/home/runner/.m2/repository/org/slf4j/slf4j-log4j12/1.7.30/slf4j-log4j12-1.7.30.jar:/home/runner/.m2/repository/org/apache/ozone/ozone-s3gateway/1.2.0-SNAPSHOT/ozone-s3gateway-1.2.0-SNAPSHOT.jar:/home/runner/.m2/repository/org/javassist/javassist/3.21.0-GA/javassist-3.21.0-GA.jar:/home/runner/.m2/repository/org/jboss/weld/servlet/weld-servlet/2.4.7.Final/weld-servlet-2.4.7.Final.jar:/home/runner/.m2/repository/org/glassfish/jersey/containers/jersey-container-servlet-core/2.33/jersey-container-servlet-core-2.33.jar:/home/runner/.m2/repository/org/glassfish/hk2/external/jakarta.inject/2.6.1/jakarta.inject-2.6.1.jar:/home/runner/.m2/repository/org/glassfish/jersey/core/jersey-common/2.33/jersey-common-2.33.jar:/home/runner/.m2/repository/jakarta/ws/rs/jakarta.ws.rs-api/2.1.6/jakarta.ws.rs-api-2.1.6.jar:/home/runner/.m2/repository/org/glassfish/jersey/ext/cdi/jersey-cdi1x/2.33/jersey-cdi1x-2.33.jar:/home/runner/.m2/repository/org/glassfish/jersey/inject/jersey-hk2/2.33/jersey-hk2-2.33.jar:/home/runner/.m2/repository/org/glassfish/hk2/hk2-locator/2.6.1/hk2-locator-2.6.1.jar:/home/runner/.m2/repository/org/glassfish/jersey/media/jersey-media-jaxb/2.33/jersey-media-jaxb-2.33.jar:/home/runner/.m2/repository/org/glassfish/hk2/osgi-resource-locator/1.0.3/osgi-resource-locator-1.0.3.jar:/home/runner/.m2/repository/org/glassfish/hk2/hk2-api/2.5.0/hk2-api-2.5.0.jar:/home/runner/.m2/repository/org/glassfish/hk2/hk2-utils/2.5.0/hk2-utils-2.5.0.jar:/home/runner/.m2/repository/org/glassfish/hk2/external/aopalliance-repackaged/2.5.0/aopalliance-repackaged-2.5.0.jar:/home/runner/.m2/repository/com/fasterxml/jackson/dataformat/jackson-dataformat-xml/2.12.1/jackson-dataformat-xml-2.12.1.jar:/home/runner/.m2/repository/com/fasterxml/jackson/core/jackson-core/2.12.1/jackson-core-2.12.1.jar:/home/runner/.m2/repository/com/fasterxml/jackson/module/jackson-module-jaxb-annotations/2.12.1/jackson-module-jaxb-annotations-2.12.1.jar:/home/runner/.m2/repository/jakarta/xml/bind/jakarta.xml.bind-api/2.3.2/jakarta.xml.bind-api-2.3.2.jar:/home/runner/.m2/repository/org/codehaus/woodstox/stax2-api/3.1.4/stax2-api-3.1.4.jar:/home/runner/.m2/repository/com/fasterxml/woodstox/woodstox-core/5.0.3/woodstox-core-5.0.3.jar:/home/runner/.m2/repository/javax/enterprise/cdi-api/1.2/cdi-api-1.2.jar:/home/runner/.m2/repository/javax/el/javax.el-api/3.0.0/javax.el-api-3.0.0.jar:/home/runner/.m2/repository/javax/interceptor/javax.interceptor-api/1.2/javax.interceptor-api-1.2.jar:/home/runner/.m2/repository/javax/inject/javax.inject/1/javax.inject-1.jar:/home/runner/.m2/repository/javax/xml/bind/jaxb-api/2.3.0/jaxb-api-2.3.0.jar:/home/runner/.m2/repository/org/glassfish/jaxb/jaxb-runtime/2.3.0.1/jaxb-runtime-2.3.0.1.jar:/home/runner/.m2/repository/org/glassfish/jaxb/jaxb-core/2.3.0.1/jaxb-core-2.3.0.1.jar:/home/runner/.m2/repository/org/glassfish/jaxb/txw2/2.3.0.1/txw2-2.3.0.1.jar:/home/runner/.m2/repository/com/sun/istack/istack-commons-runtime/3.0.5/istack-commons-runtime-3.0.5.jar:/home/runner/.m2/repository/org/jvnet/staxex/stax-ex/1.7.8/stax-ex-1.7.8.jar:/home/runner/.m2/repository/com/sun/xml/fastinfoset/FastInfoset/1.2.13/FastInfoset-1.2.13.jar:/home/runner/.m2/repository/javax/activation/activation/1.1.1/activation-1.1.1.jar:/home/runner/.m2/repository/org/apache/ozone/ozone-csi/1.2.0-SNAPSHOT/ozone-csi-1.2.0-SNAPSHOT.jar:/home/runner/.m2/repository/com/google/protobuf/protobuf-java-util/3.12.0/protobuf-java-util-3.12.0.jar:/home/runner/.m2/repository/com/google/code/gson/gson/2.2.4/gson-2.2.4.jar:/home/runner/.m2/repository/org/apache/ozone/hdds-config/1.2.0-SNAPSHOT/hdds-config-1.2.0-SNAPSHOT.jar:/home/runner/.m2/repository/io/grpc/grpc-netty/1.33.0/grpc-netty-1.33.0.jar:/home/runner/.m2/repository/io/grpc/grpc-core/1.33.0/grpc-core-1.33.0.jar:/home/runner/.m2/repository/com/google/android/annotations/4.1.1.4/annotations-4.1.1.4.jar:/home/runner/.m2/repository/io/netty/netty-codec-http2/4.1.63.Final/netty-codec-http2-4.1.63.Final.jar:/home/runner/.m2/repository/io/netty/netty-codec-http/4.1.63.Final/netty-codec-http-4.1.63.Final.jar:/home/runner/.m2/repository/io/netty/netty-handler-proxy/4.1.63.Final/netty-handler-proxy-4.1.63.Final.jar:/home/runner/.m2/repository/io/netty/netty-codec-socks/4.1.63.Final/netty-codec-socks-4.1.63.Final.jar:/home/runner/.m2/repository/io/perfmark/perfmark-api/0.19.0/perfmark-api-0.19.0.jar:/home/runner/.m2/repository/org/codehaus/mojo/animal-sniffer-annotations/1.18/animal-sniffer-annotations-1.18.jar:/home/runner/.m2/repository/io/netty/netty-transport-native-epoll/4.1.63.Final/netty-transport-native-epoll-4.1.63.Final.jar:/home/runner/.m2/repository/io/netty/netty-common/4.1.63.Final/netty-common-4.1.63.Final.jar:/home/runner/.m2/repository/io/netty/netty-buffer/4.1.63.Final/netty-buffer-4.1.63.Final.jar:/home/runner/.m2/repository/io/netty/netty-transport-native-unix-common/4.1.63.Final/netty-transport-native-unix-common-4.1.63.Final.jar:/home/runner/.m2/repository/io/grpc/grpc-protobuf/1.33.0/grpc-protobuf-1.33.0.jar:/home/runner/.m2/repository/io/grpc/grpc-api/1.33.0/grpc-api-1.33.0.jar:/home/runner/.m2/repository/io/grpc/grpc-context/1.33.0/grpc-context-1.33.0.jar:/home/runner/.m2/repository/com/google/api/grpc/proto-google-common-protos/1.17.0/proto-google-common-protos-1.17.0.jar:/home/runner/.m2/repository/io/grpc/grpc-protobuf-lite/1.33.0/grpc-protobuf-lite-1.33.0.jar:/home/runner/.m2/repository/io/grpc/grpc-stub/1.33.0/grpc-stub-1.33.0.jar:/home/runner/.m2/repository/org/apache/ozone/ozone-recon/1.2.0-SNAPSHOT/ozone-recon-1.2.0-SNAPSHOT.jar:/home/runner/.m2/repository/org/apache/ozone/ozone-reconcodegen/1.2.0-SNAPSHOT/ozone-reconcodegen-1.2.0-SNAPSHOT.jar:/home/runner/.m2/repository/com/google/inject/extensions/guice-multibindings/4.0/guice-multibindings-4.0.jar:/home/runner/.m2/repository/com/google/inject/guice/4.0/guice-4.0.jar:/home/runner/.m2/repository/aopalliance/aopalliance/1.0/aopalliance-1.0.jar:/home/runner/.m2/repository/com/google/inject/extensions/guice-assistedinject/4.0/guice-assistedinject-4.0.jar:/home/runner/.m2/repository/com/google/inject/extensions/guice-servlet/4.0/guice-servlet-4.0.jar:/home/runner/.m2/repository/org/glassfish/jersey/containers/jersey-container-servlet/2.33/jersey-container-servlet-2.33.jar:/home/runner/.m2/repository/org/glassfish/hk2/guice-bridge/2.5.0/guice-bridge-2.5.0.jar:/home/runner/.m2/repository/org/glassfish/jersey/core/jersey-server/2.33/jersey-server-2.33.jar:/home/runner/.m2/repository/org/glassfish/jersey/core/jersey-client/2.33/jersey-client-2.33.jar:/home/runner/.m2/repository/jakarta/annotation/jakarta.annotation-api/1.3.5/jakarta.annotation-api-1.3.5.jar:/home/runner/.m2/repository/jakarta/validation/jakarta.validation-api/2.0.2/jakarta.validation-api-2.0.2.jar:/home/runner/.m2/repository/org/glassfish/jersey/media/jersey-media-json-jackson/2.33/jersey-media-json-jackson-2.33.jar:/home/runner/.m2/repository/org/glassfish/jersey/ext/jersey-entity-filtering/2.33/jersey-entity-filtering-2.33.jar:/home/runner/.m2/repository/org/jooq/jooq/3.11.10/jooq-3.11.10.jar:/home/runner/.m2/repository/org/jooq/jooq-meta/3.11.10/jooq-meta-3.11.10.jar:/home/runner/.m2/repository/org/jooq/jooq-codegen/3.11.10/jooq-codegen-3.11.10.jar:/home/runner/.m2/repository/com/jolbox/bonecp/0.8.0.RELEASE/bonecp-0.8.0.RELEASE.jar:/home/runner/.m2/repository/org/apache/derby/derby/10.14.2.0/derby-10.14.2.0.jar:/home/runner/.m2/repository/org/xerial/sqlite-jdbc/3.25.2/sqlite-jdbc-3.25.2.jar:/home/runner/.m2/repository/org/springframework/spring-jdbc/5.2.11.RELEASE/spring-jdbc-5.2.11.RELEASE.jar:/home/runner/.m2/repository/org/springframework/spring-beans/5.2.11.RELEASE/spring-beans-5.2.11.RELEASE.jar:/home/runner/.m2/repository/org/springframework/spring-core/5.2.11.RELEASE/spring-core-5.2.11.RELEASE.jar:/home/runner/.m2/repository/org/springframework/spring-jcl/5.2.11.RELEASE/spring-jcl-5.2.11.RELEASE.jar:/home/runner/.m2/repository/org/springframework/spring-tx/5.2.11.RELEASE/spring-tx-5.2.11.RELEASE.jar:/home/runner/.m2/repository/org/apache/ozone/ozone-client/1.2.0-SNAPSHOT/ozone-client-1.2.0-SNAPSHOT.jar:/home/runner/.m2/repository/org/apache/ozone/ozone-filesystem/1.2.0-SNAPSHOT/ozone-filesystem-1.2.0-SNAPSHOT.jar:/home/runner/.m2/repository/org/apache/ozone/ozone-filesystem-common/1.2.0-SNAPSHOT/ozone-filesystem-common-1.2.0-SNAPSHOT.jar:/home/runner/.m2/repository/org/apache/ozone/ozone-tools/1.2.0-SNAPSHOT/ozone-tools-1.2.0-SNAPSHOT.jar:/home/runner/.m2/repository/org/apache/ratis/ratis-tools/2.1.0-03f3b68-SNAPSHOT/ratis-tools-2.1.0-03f3b68-SNAPSHOT.jar:/home/runner/.m2/repository/com/amazonaws/aws-java-sdk-core/1.11.901/aws-java-sdk-core-1.11.901.jar:/home/runner/.m2/repository/org/apache/httpcomponents/httpclient/4.5.13/httpclient-4.5.13.jar:/home/runner/.m2/repository/org/apache/httpcomponents/httpcore/4.4.13/httpcore-4.4.13.jar:/home/runner/.m2/repository/software/amazon/ion/ion-java/1.0.2/ion-java-1.0.2.jar:/home/runner/.m2/repository/com/fasterxml/jackson/dataformat/jackson-dataformat-cbor/2.12.1/jackson-dataformat-cbor-2.12.1.jar:/home/runner/.m2/repository/joda-time/joda-time/2.8.1/joda-time-2.8.1.jar:/home/runner/.m2/repository/com/amazonaws/aws-java-sdk-s3/1.11.901/aws-java-sdk-s3-1.11.901.jar:/home/runner/.m2/repository/com/amazonaws/aws-java-sdk-kms/1.11.901/aws-java-sdk-kms-1.11.901.jar:/home/runner/.m2/repository/com/amazonaws/jmespath-java/1.11.901/jmespath-java-1.11.901.jar:/home/runner/.m2/repository/org/kohsuke/metainf-services/metainf-services/1.8/metainf-services-1.8.jar:/home/runner/.m2/repository/org/apache/ozone/hdds-tools/1.2.0-SNAPSHOT/hdds-tools-1.2.0-SNAPSHOT.jar:/home/runner/.m2/repository/commons-cli/commons-cli/1.2/commons-cli-1.2.jar:/home/runner/.m2/repository/org/apache/commons/commons-lang3/3.7/commons-lang3-3.7.jar:/home/runner/.m2/repository/org/apache/ozone/ozone-manager/1.2.0-SNAPSHOT/ozone-manager-1.2.0-SNAPSHOT-tests.jar:/home/runner/.m2/repository/org/apache/ozone/hdds-common/1.2.0-SNAPSHOT/hdds-common-1.2.0-SNAPSHOT-tests.jar:/home/runner/.m2/repository/org/apache/ozone/hdds-hadoop-dependency-client/1.2.0-SNAPSHOT/hdds-hadoop-dependency-client-1.2.0-SNAPSHOT.jar:/home/runner/.m2/repository/info/picocli/picocli/4.6.1/picocli-4.6.1.jar:/home/runner/.m2/repository/com/fasterxml/jackson/core/jackson-annotations/2.12.1/jackson-annotations-2.12.1.jar:/home/runner/.m2/repository/javax/annotation/javax.annotation-api/1.2/javax.annotation-api-1.2.jar:/home/runner/.m2/repository/org/apache/ratis/ratis-server/2.1.0-03f3b68-SNAPSHOT/ratis-server-2.1.0-03f3b68-SNAPSHOT.jar:/home/runner/.m2/repository/org/apache/ratis/ratis-client/2.1.0-03f3b68-SNAPSHOT/ratis-client-2.1.0-03f3b68-SNAPSHOT.jar:/home/runner/.m2/repository/org/apache/ratis/ratis-server-api/2.1.0-03f3b68-SNAPSHOT/ratis-server-api-2.1.0-03f3b68-SNAPSHOT.jar:/home/runner/.m2/repository/org/apache/ratis/ratis-metrics/2.1.0-03f3b68-SNAPSHOT/ratis-metrics-2.1.0-03f3b68-SNAPSHOT.jar:/home/runner/.m2/repository/org/apache/ratis/ratis-netty/2.1.0-03f3b68-SNAPSHOT/ratis-netty-2.1.0-03f3b68-SNAPSHOT.jar:/home/runner/.m2/repository/org/apache/ratis/ratis-grpc/2.1.0-03f3b68-SNAPSHOT/ratis-grpc-2.1.0-03f3b68-SNAPSHOT.jar:/home/runner/.m2/repository/org/apache/logging/log4j/log4j-api/2.13.3/log4j-api-2.13.3.jar:/home/runner/.m2/repository/org/apache/logging/log4j/log4j-core/2.13.3/log4j-core-2.13.3.jar:/home/runner/.m2/repository/com/lmax/disruptor/3.4.2/disruptor-3.4.2.jar:/home/runner/.m2/repository/org/apache/commons/commons-pool2/2.6.0/commons-pool2-2.6.0.jar:/home/runner/.m2/repository/org/bouncycastle/bcpkix-jdk15on/1.67/bcpkix-jdk15on-1.67.jar:/home/runner/.m2/repository/commons-validator/commons-validator/1.6/commons-validator-1.6.jar:/home/runner/.m2/repository/commons-beanutils/commons-beanutils/1.9.4/commons-beanutils-1.9.4.jar:/home/runner/.m2/repository/commons-digester/commons-digester/1.8.1/commons-digester-1.8.1.jar:/home/runner/.m2/repository/commons-collections/commons-collections/3.2.2/commons-collections-3.2.2.jar:/home/runner/.m2/repository/io/jaegertracing/jaeger-client/1.6.0/jaeger-client-1.6.0.jar:/home/runner/.m2/repository/io/jaegertracing/jaeger-thrift/1.6.0/jaeger-thrift-1.6.0.jar:/home/runner/.m2/repository/org/apache/thrift/libthrift/0.14.1/libthrift-0.14.1.jar:/home/runner/.m2/repository/com/squareup/okhttp3/okhttp/4.9.0/okhttp-4.9.0.jar:/home/runner/.m2/repository/com/squareup/okio/okio/2.8.0/okio-2.8.0.jar:/home/runner/.m2/repository/io/jaegertracing/jaeger-core/1.6.0/jaeger-core-1.6.0.jar:/home/runner/.m2/repository/io/jaegertracing/jaeger-tracerresolver/1.6.0/jaeger-tracerresolver-1.6.0.jar:/home/runner/.m2/repository/io/opentracing/contrib/opentracing-tracerresolver/0.1.8/opentracing-tracerresolver-0.1.8.jar:/home/runner/.m2/repository/org/jetbrains/kotlin/kotlin-stdlib/1.4.31/kotlin-stdlib-1.4.31.jar:/home/runner/.m2/repository/org/jetbrains/kotlin/kotlin-stdlib-common/1.4.31/kotlin-stdlib-common-1.4.31.jar:/home/runner/.m2/repository/org/jetbrains/annotations/13.0/annotations-13.0.jar:/home/runner/.m2/repository/io/opentracing/opentracing-util/0.33.0/opentracing-util-0.33.0.jar:/home/runner/.m2/repository/io/opentracing/opentracing-api/0.33.0/opentracing-api-0.33.0.jar:/home/runner/.m2/repository/io/opentracing/opentracing-noop/0.33.0/opentracing-noop-0.33.0.jar:/home/runner/.m2/repository/org/yaml/snakeyaml/1.26/snakeyaml-1.26.jar:/home/runner/.m2/repository/org/apache/ozone/hdds-interface-admin/1.2.0-SNAPSHOT/hdds-interface-admin-1.2.0-SNAPSHOT.jar:/home/runner/.m2/repository/junit/junit/4.13.1/junit-4.13.1.jar:/home/runner/.m2/repository/org/hamcrest/hamcrest-core/1.3/hamcrest-core-1.3.jar:/home/runner/.m2/repository/org/junit/jupiter/junit-jupiter-api/5.7.0/junit-jupiter-api-5.7.0.jar:/home/runner/.m2/repository/org/apiguardian/apiguardian-api/1.1.0/apiguardian-api-1.1.0.jar:/home/runner/.m2/repository/org/opentest4j/opentest4j/1.2.0/opentest4j-1.2.0.jar:/home/runner/.m2/repository/org/junit/platform/junit-platform-commons/1.7.0/junit-platform-commons-1.7.0.jar:/home/runner/.m2/repository/org/junit/jupiter/junit-jupiter-engine/5.7.0/junit-jupiter-engine-5.7.0.jar:/home/runner/.m2/repository/org/junit/platform/junit-platform-engine/1.7.0/junit-platform-engine-1.7.0.jar:/home/runner/.m2/repository/org/junit/vintage/junit-vintage-engine/5.7.0/junit-vintage-engine-5.7.0.jar:/home/runner/.m2/repository/org/junit/platform/junit-platform-launcher/1.7.0/junit-platform-launcher-1.7.0.jar:/home/runner/.m2/repository/org/openjdk/jmh/jmh-core/1.19/jmh-core-1.19.jar:/home/runner/.m2/repository/net/sf/jopt-simple/jopt-simple/4.6/jopt-simple-4.6.jar:/home/runner/.m2/repository/org/apache/commons/commons-math3/3.1.1/commons-math3-3.1.1.jar:/home/runner/.m2/repository/org/openjdk/jmh/jmh-generator-annprocess/1.19/jmh-generator-annprocess-1.19.jar:/home/runner/.m2/repository/org/mockito/mockito-core/2.28.2/mockito-core-2.28.2.jar:/home/runner/.m2/repository/net/bytebuddy/byte-buddy/1.9.10/byte-buddy-1.9.10.jar:/home/runner/.m2/repository/net/bytebuddy/byte-buddy-agent/1.9.10/byte-buddy-agent-1.9.10.jar:/home/runner/.m2/repository/org/objenesis/objenesis/1.0/objenesis-1.0.jar:/home/runner/.m2/repository/org/apache/hadoop/hadoop-kms/3.3.1/hadoop-kms-3.3.1.jar:/home/runner/.m2/repository/org/apache/hadoop/hadoop-auth/3.3.1/hadoop-auth-3.3.1.jar:/home/runner/.m2/repository/com/nimbusds/nimbus-jose-jwt/7.9/nimbus-jose-jwt-7.9.jar:/home/runner/.m2/repository/com/github/stephenc/jcip/jcip-annotations/1.0-1/jcip-annotations-1.0-1.jar:/home/runner/.m2/repository/net/minidev/json-smart/2.3/json-smart-2.3.jar:/home/runner/.m2/repository/net/minidev/accessors-smart/1.2/accessors-smart-1.2.jar:/home/runner/.m2/repository/org/ow2/asm/asm/5.0.4/asm-5.0.4.jar:/home/runner/.m2/repository/org/apache/zookeeper/zookeeper/3.5.6/zookeeper-3.5.6.jar:/home/runner/.m2/repository/org/apache/zookeeper/zookeeper-jute/3.5.6/zookeeper-jute-3.5.6.jar:/home/runner/.m2/repository/org/apache/yetus/audience-annotations/0.5.0/audience-annotations-0.5.0.jar:/home/runner/.m2/repository/org/apache/curator/curator-framework/4.2.0/curator-framework-4.2.0.jar:/home/runner/.m2/repository/org/apache/hadoop/thirdparty/hadoop-shaded-guava/1.1.1/hadoop-shaded-guava-1.1.1.jar:/home/runner/.m2/repository/com/sun/jersey/jersey-core/1.19/jersey-core-1.19.jar:/home/runner/.m2/repository/javax/ws/rs/jsr311-api/1.1.1/jsr311-api-1.1.1.jar:/home/runner/.m2/repository/com/sun/jersey/jersey-server/1.19/jersey-server-1.19.jar:/home/runner/.m2/repository/javax/servlet/javax.servlet-api/3.1.0/javax.servlet-api-3.1.0.jar:/home/runner/.m2/repository/org/eclipse/jetty/jetty-server/9.4.43.v20210629/jetty-server-9.4.43.v20210629.jar:/home/runner/.m2/repository/org/eclipse/jetty/jetty-http/9.4.43.v20210629/jetty-http-9.4.43.v20210629.jar:/home/runner/.m2/repository/org/eclipse/jetty/jetty-io/9.4.43.v20210629/jetty-io-9.4.43.v20210629.jar:/home/runner/.m2/repository/org/eclipse/jetty/jetty-webapp/9.4.43.v20210629/jetty-webapp-9.4.43.v20210629.jar:/home/runner/.m2/repository/org/eclipse/jetty/jetty-xml/9.4.43.v20210629/jetty-xml-9.4.43.v20210629.jar:/home/runner/.m2/repository/org/apache/hadoop/hadoop-common/3.3.1/hadoop-common-3.3.1.jar:/home/runner/.m2/repository/commons-net/commons-net/3.6/commons-net-3.6.jar:/home/runner/.m2/repository/jakarta/activation/jakarta.activation-api/1.2.1/jakarta.activation-api-1.2.1.jar:/home/runner/.m2/repository/com/sun/jersey/jersey-servlet/1.19/jersey-servlet-1.19.jar:/home/runner/.m2/repository/com/sun/jersey/jersey-json/1.19/jersey-json-1.19.jar:/home/runner/.m2/repository/org/codehaus/jettison/jettison/1.1/jettison-1.1.jar:/home/runner/.m2/repository/com/sun/xml/bind/jaxb-impl/2.2.3-1/jaxb-impl-2.2.3-1.jar:/home/runner/.m2/repository/org/codehaus/jackson/jackson-jaxrs/1.9.2/jackson-jaxrs-1.9.2.jar:/home/runner/.m2/repository/org/codehaus/jackson/jackson-xc/1.9.2/jackson-xc-1.9.2.jar:/home/runner/.m2/repository/org/apache/commons/commons-configuration2/2.1.1/commons-configuration2-2.1.1.jar:/home/runner/.m2/repository/org/apache/commons/commons-text/1.4/commons-text-1.4.jar:/home/runner/.m2/repository/com/google/re2j/re2j/1.1/re2j-1.1.jar:/home/runner/.m2/repository/com/jcraft/jsch/0.1.54/jsch-0.1.54.jar:/home/runner/.m2/repository/org/apache/curator/curator-client/4.2.0/curator-client-4.2.0.jar:/home/runner/.m2/repository/org/apache/curator/curator-recipes/4.2.0/curator-recipes-4.2.0.jar:/home/runner/.m2/repository/org/apache/kerby/kerb-core/1.0.1/kerb-core-1.0.1.jar:/home/runner/.m2/repository/org/apache/kerby/kerby-pkix/1.0.1/kerby-pkix-1.0.1.jar:/home/runner/.m2/repository/org/apache/kerby/kerby-asn1/1.0.1/kerby-asn1-1.0.1.jar:/home/runner/.m2/repository/org/apache/kerby/kerby-util/1.0.1/kerby-util-1.0.1.jar:/home/runner/.m2/repository/dnsjava/dnsjava/2.1.7/dnsjava-2.1.7.jar:/home/runner/.m2/repository/org/xerial/snappy/snappy-java/1.1.8.2/snappy-java-1.1.8.2.jar:/home/runner/.m2/repository/org/slf4j/jul-to-slf4j/1.7.30/jul-to-slf4j-1.7.30.jar:/home/runner/.m2/repository/org/eclipse/jetty/jetty-util/9.4.43.v20210629/jetty-util-9.4.43.v20210629.jar:/home/runner/.m2/repository/com/fasterxml/jackson/core/jackson-databind/2.12.1/jackson-databind-2.12.1.jar:/home/runner/.m2/repository/org/apache/hadoop/hadoop-kms/3.3.1/hadoop-kms-3.3.1-tests.jar:/home/runner/.m2/repository/org/apache/ozone/hdds-server-scm/1.2.0-SNAPSHOT/hdds-server-scm-1.2.0-SNAPSHOT-tests.jar:/home/runner/.m2/repository/org/apache/ozone/hdds-container-service/1.2.0-SNAPSHOT/hdds-container-service-1.2.0-SNAPSHOT-tests.jar:/home/runner/.m2/repository/commons-codec/commons-codec/1.11/commons-codec-1.11.jar:/home/runner/.m2/repository/io/netty/netty-transport/4.1.63.Final/netty-transport-4.1.63.Final.jar:/home/runner/.m2/repository/io/netty/netty-resolver/4.1.63.Final/netty-resolver-4.1.63.Final.jar:/home/runner/.m2/repository/io/netty/netty-codec/4.1.63.Final/netty-codec-4.1.63.Final.jar:/home/runner/.m2/repository/io/netty/netty-handler/4.1.63.Final/netty-handler-4.1.63.Final.jar:/home/runner/.m2/repository/org/apache/ozone/hdds-hadoop-dependency-test/1.2.0-SNAPSHOT/hdds-hadoop-dependency-test-1.2.0-SNAPSHOT.jar:/home/runner/.m2/repository/org/apache/hadoop/hadoop-common/3.3.1/hadoop-common-3.3.1-tests.jar:/home/runner/.m2/repository/org/assertj/assertj-core/3.12.2/assertj-core-3.12.2.jar:/home/runner/.m2/repository/org/apache/hadoop/hadoop-hdfs/3.3.1/hadoop-hdfs-3.3.1-tests.jar:/home/runner/.m2/repository/org/eclipse/jetty/jetty-util-ajax/9.4.43.v20210629/jetty-util-ajax-9.4.43.v20210629.jar:/home/runner/.m2/repository/commons-daemon/commons-daemon/1.0.13/commons-daemon-1.0.13.jar:/home/runner/.m2/repository/io/netty/netty/3.10.6.Final/netty-3.10.6.Final.jar:/home/runner/.m2/repository/io/netty/netty-all/4.1.63.Final/netty-all-4.1.63.Final.jar:/home/runner/.m2/repository/org/apache/htrace/htrace-core4/4.1.0-incubating/htrace-core4-4.1.0-incubating.jar:/home/runner/.m2/repository/org/fusesource/leveldbjni/leveldbjni-all/1.8/leveldbjni-all-1.8.jar:/home/runner/.m2/repository/org/apache/hadoop/hadoop-distcp/3.3.1/hadoop-distcp-3.3.1.jar:/home/runner/.m2/repository/org/apache/hadoop/hadoop-mapreduce-client-jobclient/3.3.1/hadoop-mapreduce-client-jobclient-3.3.1.jar:/home/runner/.m2/repository/org/apache/hadoop/hadoop-mapreduce-client-common/3.3.1/hadoop-mapreduce-client-common-3.3.1.jar:/home/runner/.m2/repository/org/apache/hadoop/hadoop-yarn-common/3.3.1/hadoop-yarn-common-3.3.1.jar:/home/runner/.m2/repository/org/apache/hadoop/hadoop-yarn-api/3.3.1/hadoop-yarn-api-3.3.1.jar:/home/runner/.m2/repository/com/sun/jersey/jersey-client/1.19/jersey-client-1.19.jar:/home/runner/.m2/repository/com/sun/jersey/contribs/jersey-guice/1.19/jersey-guice-1.19.jar:/home/runner/.m2/repository/com/fasterxml/jackson/jaxrs/jackson-jaxrs-json-provider/2.12.1/jackson-jaxrs-json-provider-2.12.1.jar:/home/runner/.m2/repository/com/fasterxml/jackson/jaxrs/jackson-jaxrs-base/2.12.1/jackson-jaxrs-base-2.12.1.jar:/home/runner/.m2/repository/org/apache/hadoop/hadoop-yarn-client/3.3.1/hadoop-yarn-client-3.3.1.jar:/home/runner/.m2/repository/org/eclipse/jetty/websocket/websocket-client/9.4.40.v20210413/websocket-client-9.4.40.v20210413.jar:/home/runner/.m2/repository/org/eclipse/jetty/jetty-client/9.4.40.v20210413/jetty-client-9.4.40.v20210413.jar:/home/runner/.m2/repository/org/eclipse/jetty/websocket/websocket-common/9.4.40.v20210413/websocket-common-9.4.40.v20210413.jar:/home/runner/.m2/repository/org/eclipse/jetty/websocket/websocket-api/9.4.40.v20210413/websocket-api-9.4.40.v20210413.jar:/home/runner/.m2/repository/org/jline/jline/3.9.0/jline-3.9.0.jar:/home/runner/.m2/repository/org/apache/hadoop/hadoop-mapreduce-client-core/3.3.1/hadoop-mapreduce-client-core-3.3.1.jar:/home/runner/.m2/repository/org/apache/avro/avro/1.7.7/avro-1.7.7.jar:/home/runner/.m2/repository/org/codehaus/jackson/jackson-core-asl/1.9.13/jackson-core-asl-1.9.13.jar:/home/runner/.m2/repository/org/codehaus/jackson/jackson-mapper-asl/1.9.13/jackson-mapper-asl-1.9.13.jar:/home/runner/.m2/repository/com/thoughtworks/paranamer/paranamer/2.3/paranamer-2.3.jar:/home/runner/.m2/repository/org/apache/hadoop/hadoop-annotations/3.3.1/hadoop-annotations-3.3.1.jar:/usr/lib/jvm/adoptopenjdk-8-hotspot-amd64/jre/../lib/tools.jar:/home/runner/.m2/repository/org/apache/hadoop/hadoop-distcp/3.3.1/hadoop-distcp-3.3.1-tests.jar:/home/runner/.m2/repository/org/apache/ratis/ratis-common/2.1.0-03f3b68-SNAPSHOT/ratis-common-2.1.0-03f3b68-SNAPSHOT.jar:/home/runner/.m2/repository/org/apache/ratis/ratis-thirdparty-misc/0.7.0/ratis-thirdparty-misc-0.7.0.jar:/home/runner/.m2/repository/org/apache/ratis/ratis-proto/2.1.0-03f3b68-SNAPSHOT/ratis-proto-2.1.0-03f3b68-SNAPSHOT.jar:"/>
    <property name="sun.cpu.endian" value="little"/>
    <property name="user.home" value="/home/runner"/>
    <property name="user.language" value="en"/>
    <property name="java.specification.vendor" value="Oracle Corporation"/>
    <property name="java.home" value="/usr/lib/jvm/adoptopenjdk-8-hotspot-amd64/jre"/>
    <property name="java.security.krb5.conf" value="/home/runner/work/ozone/ozone/hadoop-ozone/integration-test/target/test-classes/krb5.conf"/>
    <property name="basedir" value="/home/runner/work/ozone/ozone/hadoop-ozone/integration-test"/>
    <property name="file.separator" value="/"/>
    <property name="line.separator" value="&#10;"/>
    <property name="java.vm.specification.vendor" value="Oracle Corporation"/>
    <property name="java.specification.name" value="Java Platform API Specification"/>
    <property name="java.awt.graphicsenv" value="sun.awt.X11GraphicsEnvironment"/>
    <property name="skip.installnpx" value="true"/>
    <property name="surefire.real.class.path" value="/home/runner/work/ozone/ozone/hadoop-ozone/integration-test/target/surefire/surefirebooter513401848786184727.jar:/home/runner/.m2/repository/org/jacoco/org.jacoco.agent/0.8.5/org.jacoco.agent-0.8.5-runtime.jar"/>
    <property name="hadoop.log.dir" value="/home/runner/work/ozone/ozone/hadoop-ozone/integration-test/target/log"/>
    <property name="sun.boot.class.path" value="/usr/lib/jvm/adoptopenjdk-8-hotspot-amd64/jre/lib/resources.jar:/usr/lib/jvm/adoptopenjdk-8-hotspot-amd64/jre/lib/rt.jar:/usr/lib/jvm/adoptopenjdk-8-hotspot-amd64/jre/lib/sunrsasign.jar:/usr/lib/jvm/adoptopenjdk-8-hotspot-amd64/jre/lib/jsse.jar:/usr/lib/jvm/adoptopenjdk-8-hotspot-amd64/jre/lib/jce.jar:/usr/lib/jvm/adoptopenjdk-8-hotspot-amd64/jre/lib/charsets.jar:/usr/lib/jvm/adoptopenjdk-8-hotspot-amd64/jre/lib/jfr.jar:/usr/lib/jvm/adoptopenjdk-8-hotspot-amd64/jre/classes"/>
    <property name="sun.management.compiler" value="HotSpot 64-Bit Tiered Compilers"/>
    <property name="skip.npx" value="true"/>
    <property name="java.runtime.version" value="1.8.0_292-b10"/>
    <property name="java.net.preferIPv4Stack" value="true"/>
    <property name="user.name" value="runner"/>
    <property name="path.separator" value=":"/>
    <property name="java.security.egd" value="file:///dev/urandom"/>
    <property name="os.version" value="5.4.0-1059-azure"/>
    <property name="java.endorsed.dirs" value="/usr/lib/jvm/adoptopenjdk-8-hotspot-amd64/jre/lib/endorsed"/>
    <property name="java.runtime.name" value="OpenJDK Runtime Environment"/>
    <property name="file.encoding" value="UTF-8"/>
    <property name="java.vm.name" value="OpenJDK 64-Bit Server VM"/>
    <property name="test.build.webapps" value=""/>
    <property name="localRepository" value="/home/runner/.m2/repository"/>
    <property name="java.vendor.url.bug" value="https://github.com/AdoptOpenJDK/openjdk-support/issues"/>
    <property name="java.io.tmpdir" value="/tmp"/>
    <property name="require.test.libhadoop" value=""/>
    <property name="java.version" value="1.8.0_292"/>
    <property name="user.dir" value="/home/runner/work/ozone/ozone/hadoop-ozone/integration-test"/>
    <property name="os.arch" value="amd64"/>
    <property name="java.vm.specification.name" value="Java Virtual Machine Specification"/>
    <property name="test.build.classes" value="/home/runner/work/ozone/ozone/hadoop-ozone/integration-test/target/test-classes"/>
    <property name="java.awt.printerjob" value="sun.print.PSPrinterJob"/>
    <property name="sun.os.patch.level" value="unknown"/>
    <property name="hadoop.tmp.dir" value="/home/runner/work/ozone/ozone/hadoop-ozone/integration-test/target/tmp"/>
    <property name="java.library.path" value="/usr/java/packages/lib/amd64:/usr/lib64:/lib64:/lib:/usr/lib"/>
    <property name="java.vm.info" value="mixed mode"/>
    <property name="java.vendor" value="AdoptOpenJDK"/>
    <property name="java.vm.version" value="25.292-b10"/>
    <property name="java.ext.dirs" value="/usr/lib/jvm/adoptopenjdk-8-hotspot-amd64/jre/lib/ext:/usr/java/packages/lib/ext"/>
    <property name="sun.io.unicode.encoding" value="UnicodeLittle"/>
    <property name="java.class.version" value="52.0"/>
  </properties>
  <testcase name="testInstallSnapshot" classname="org.apache.hadoop.ozone.scm.TestSCMInstallSnapshotWithHA" time="70.053"/>
  <testcase name="testInstallOldCheckpointFailure" classname="org.apache.hadoop.ozone.scm.TestSCMInstallSnapshotWithHA" time="56.073">
    <failure message="expected:&lt;(t:2, i:128)&gt; but was:&lt;(t:2, i:28)&gt;" type="java.lang.AssertionError"><![CDATA[java.lang.AssertionError: expected:<(t:2, i:128)> but was:<(t:2, i:28)>
	at org.junit.Assert.fail(Assert.java:89)
	at org.junit.Assert.failNotEquals(Assert.java:835)
	at org.junit.Assert.assertEquals(Assert.java:120)
	at org.junit.Assert.assertEquals(Assert.java:146)
	at org.apache.hadoop.ozone.scm.TestSCMInstallSnapshotWithHA.testInstallOldCheckpointFailure(TestSCMInstallSnapshotWithHA.java:207)
	at sun.reflect.NativeMethodAccessorImpl.invoke0(Native Method)
	at sun.reflect.NativeMethodAccessorImpl.invoke(NativeMethodAccessorImpl.java:62)
	at sun.reflect.DelegatingMethodAccessorImpl.invoke(DelegatingMethodAccessorImpl.java:43)
	at java.lang.reflect.Method.invoke(Method.java:498)
	at org.junit.platform.commons.util.ReflectionUtils.invokeMethod(ReflectionUtils.java:688)
	at org.junit.jupiter.engine.execution.MethodInvocation.proceed(MethodInvocation.java:60)
	at org.junit.jupiter.engine.execution.InvocationInterceptorChain$ValidatingInvocation.proceed(InvocationInterceptorChain.java:131)
	at org.junit.jupiter.engine.extension.TimeoutInvocation.proceed(TimeoutInvocation.java:46)
	at org.junit.jupiter.engine.extension.TimeoutExtension.intercept(TimeoutExtension.java:149)
	at org.junit.jupiter.engine.extension.TimeoutExtension.interceptTestableMethod(TimeoutExtension.java:140)
	at org.junit.jupiter.engine.extension.TimeoutExtension.interceptTestMethod(TimeoutExtension.java:84)
	at org.junit.jupiter.engine.execution.ExecutableInvoker$ReflectiveInterceptorCall.lambda$ofVoidMethod$0(ExecutableInvoker.java:115)
	at org.junit.jupiter.engine.execution.ExecutableInvoker.lambda$invoke$0(ExecutableInvoker.java:105)
	at org.junit.jupiter.engine.execution.InvocationInterceptorChain$InterceptedInvocation.proceed(InvocationInterceptorChain.java:106)
	at org.junit.jupiter.engine.execution.InvocationInterceptorChain.proceed(InvocationInterceptorChain.java:64)
	at org.junit.jupiter.engine.execution.InvocationInterceptorChain.chainAndInvoke(InvocationInterceptorChain.java:45)
	at org.junit.jupiter.engine.execution.InvocationInterceptorChain.invoke(InvocationInterceptorChain.java:37)
	at org.junit.jupiter.engine.execution.ExecutableInvoker.invoke(ExecutableInvoker.java:104)
	at org.junit.jupiter.engine.execution.ExecutableInvoker.invoke(ExecutableInvoker.java:98)
	at org.junit.jupiter.engine.descriptor.TestMethodTestDescriptor.lambda$invokeTestMethod$6(TestMethodTestDescriptor.java:210)
	at org.junit.platform.engine.support.hierarchical.ThrowableCollector.execute(ThrowableCollector.java:73)
	at org.junit.jupiter.engine.descriptor.TestMethodTestDescriptor.invokeTestMethod(TestMethodTestDescriptor.java:206)
	at org.junit.jupiter.engine.descriptor.TestMethodTestDescriptor.execute(TestMethodTestDescriptor.java:131)
	at org.junit.jupiter.engine.descriptor.TestMethodTestDescriptor.execute(TestMethodTestDescriptor.java:65)
	at org.junit.platform.engine.support.hierarchical.NodeTestTask.lambda$executeRecursively$5(NodeTestTask.java:139)
	at org.junit.platform.engine.support.hierarchical.ThrowableCollector.execute(ThrowableCollector.java:73)
	at org.junit.platform.engine.support.hierarchical.NodeTestTask.lambda$executeRecursively$7(NodeTestTask.java:129)
	at org.junit.platform.engine.support.hierarchical.Node.around(Node.java:137)
	at org.junit.platform.engine.support.hierarchical.NodeTestTask.lambda$executeRecursively$8(NodeTestTask.java:127)
	at org.junit.platform.engine.support.hierarchical.ThrowableCollector.execute(ThrowableCollector.java:73)
	at org.junit.platform.engine.support.hierarchical.NodeTestTask.executeRecursively(NodeTestTask.java:126)
	at org.junit.platform.engine.support.hierarchical.NodeTestTask.execute(NodeTestTask.java:84)
	at java.util.ArrayList.forEach(ArrayList.java:1259)
	at org.junit.platform.engine.support.hierarchical.SameThreadHierarchicalTestExecutorService.invokeAll(SameThreadHierarchicalTestExecutorService.java:38)
	at org.junit.platform.engine.support.hierarchical.NodeTestTask.lambda$executeRecursively$5(NodeTestTask.java:143)
	at org.junit.platform.engine.support.hierarchical.ThrowableCollector.execute(ThrowableCollector.java:73)
	at org.junit.platform.engine.support.hierarchical.NodeTestTask.lambda$executeRecursively$7(NodeTestTask.java:129)
	at org.junit.platform.engine.support.hierarchical.Node.around(Node.java:137)
	at org.junit.platform.engine.support.hierarchical.NodeTestTask.lambda$executeRecursively$8(NodeTestTask.java:127)
	at org.junit.platform.engine.support.hierarchical.ThrowableCollector.execute(ThrowableCollector.java:73)
	at org.junit.platform.engine.support.hierarchical.NodeTestTask.executeRecursively(NodeTestTask.java:126)
	at org.junit.platform.engine.support.hierarchical.NodeTestTask.execute(NodeTestTask.java:84)
	at java.util.ArrayList.forEach(ArrayList.java:1259)
	at org.junit.platform.engine.support.hierarchical.SameThreadHierarchicalTestExecutorService.invokeAll(SameThreadHierarchicalTestExecutorService.java:38)
	at org.junit.platform.engine.support.hierarchical.NodeTestTask.lambda$executeRecursively$5(NodeTestTask.java:143)
	at org.junit.platform.engine.support.hierarchical.ThrowableCollector.execute(ThrowableCollector.java:73)
	at org.junit.platform.engine.support.hierarchical.NodeTestTask.lambda$executeRecursively$7(NodeTestTask.java:129)
	at org.junit.platform.engine.support.hierarchical.Node.around(Node.java:137)
	at org.junit.platform.engine.support.hierarchical.NodeTestTask.lambda$executeRecursively$8(NodeTestTask.java:127)
	at org.junit.platform.engine.support.hierarchical.ThrowableCollector.execute(ThrowableCollector.java:73)
	at org.junit.platform.engine.support.hierarchical.NodeTestTask.executeRecursively(NodeTestTask.java:126)
	at org.junit.platform.engine.support.hierarchical.NodeTestTask.execute(NodeTestTask.java:84)
	at org.junit.platform.engine.support.hierarchical.SameThreadHierarchicalTestExecutorService.submit(SameThreadHierarchicalTestExecutorService.java:32)
	at org.junit.platform.engine.support.hierarchical.HierarchicalTestExecutor.execute(HierarchicalTestExecutor.java:57)
	at org.junit.platform.engine.support.hierarchical.HierarchicalTestEngine.execute(HierarchicalTestEngine.java:51)
	at org.junit.platform.launcher.core.EngineExecutionOrchestrator.execute(EngineExecutionOrchestrator.java:108)
	at org.junit.platform.launcher.core.EngineExecutionOrchestrator.execute(EngineExecutionOrchestrator.java:88)
	at org.junit.platform.launcher.core.EngineExecutionOrchestrator.lambda$execute$0(EngineExecutionOrchestrator.java:54)
	at org.junit.platform.launcher.core.EngineExecutionOrchestrator.withInterceptedStreams(EngineExecutionOrchestrator.java:67)
	at org.junit.platform.launcher.core.EngineExecutionOrchestrator.execute(EngineExecutionOrchestrator.java:52)
	at org.junit.platform.launcher.core.DefaultLauncher.execute(DefaultLauncher.java:96)
	at org.junit.platform.launcher.core.DefaultLauncher.execute(DefaultLauncher.java:75)
	at org.apache.maven.surefire.junitplatform.JUnitPlatformProvider.invokeAllTests(JUnitPlatformProvider.java:142)
	at org.apache.maven.surefire.junitplatform.JUnitPlatformProvider.invoke(JUnitPlatformProvider.java:113)
	at org.apache.maven.surefire.booter.ForkedBooter.invokeProviderInSameClassLoader(ForkedBooter.java:384)
	at org.apache.maven.surefire.booter.ForkedBooter.runSuitesInProcess(ForkedBooter.java:345)
	at org.apache.maven.surefire.booter.ForkedBooter.execute(ForkedBooter.java:126)
	at org.apache.maven.surefire.booter.ForkedBooter.main(ForkedBooter.java:418)
]]></failure>
    <system-out><![CDATA[2021-10-04 02:04:28,111 [Listener at 127.0.0.1/10924] WARN  server.ServerUtils (ServerUtils.java:getScmDbDir(148)) - ozone.scm.db.dirs is not configured. We recommend adding this setting. Falling back to ozone.metadata.dirs instead.
2021-10-04 02:04:28,111 [Listener at 127.0.0.1/10924] INFO  ha.SCMHANodeDetails (SCMHANodeDetails.java:loadSCMHAConfig(157)) - ServiceID for StorageContainerManager is scm-service-test1
2021-10-04 02:04:28,111 [Listener at 127.0.0.1/10924] INFO  ha.SCMHANodeDetails (SCMHANodeDetails.java:loadSCMHAConfig(168)) - ServiceID for StorageContainerManager is scm-service-test1
2021-10-04 02:04:28,112 [Listener at 127.0.0.1/10924] WARN  scm.ScmUtils (ScmUtils.java:logWarn(179)) - ConfigKey ozone.scm.block.client.address is deprecated, For configuring different ports for each SCM use PortConfigKey ozone.scm.block.client.port appended with serviceId and nodeId. If want to configure same port configure ozone.scm.block.client.port
2021-10-04 02:04:28,112 [Listener at 127.0.0.1/10924] WARN  scm.ScmUtils (ScmUtils.java:logWarn(179)) - ConfigKey ozone.scm.client.address is deprecated, For configuring different ports for each SCM use PortConfigKey ozone.scm.client.port appended with serviceId and nodeId. If want to configure same port configure ozone.scm.client.port
2021-10-04 02:04:28,112 [Listener at 127.0.0.1/10924] WARN  scm.ScmUtils (ScmUtils.java:logWarn(179)) - ConfigKey ozone.scm.datanode.address is deprecated, For configuring different ports for each SCM use PortConfigKey ozone.scm.datanode.port appended with serviceId and nodeId. If want to configure same port configure ozone.scm.datanode.port
2021-10-04 02:04:28,112 [Listener at 127.0.0.1/10924] WARN  scm.ScmUtils (ScmUtils.java:logWarn(179)) - ConfigKey ozone.scm.block.client.address is deprecated, For configuring different ports for each SCM use PortConfigKey ozone.scm.block.client.port appended with serviceId and nodeId. If want to configure same port configure ozone.scm.block.client.port
2021-10-04 02:04:28,113 [Listener at 127.0.0.1/10924] WARN  scm.ScmUtils (ScmUtils.java:logWarn(179)) - ConfigKey ozone.scm.client.address is deprecated, For configuring different ports for each SCM use PortConfigKey ozone.scm.client.port appended with serviceId and nodeId. If want to configure same port configure ozone.scm.client.port
2021-10-04 02:04:28,113 [Listener at 127.0.0.1/10924] WARN  scm.ScmUtils (ScmUtils.java:logWarn(179)) - ConfigKey ozone.scm.datanode.address is deprecated, For configuring different ports for each SCM use PortConfigKey ozone.scm.datanode.port appended with serviceId and nodeId. If want to configure same port configure ozone.scm.datanode.port
2021-10-04 02:04:28,113 [Listener at 127.0.0.1/10924] INFO  ha.SCMHANodeDetails (SCMHANodeDetails.java:loadSCMHAConfig(250)) - Found matching SCM address with SCMServiceId: scm-service-test1, SCMNodeId: scmNode-1, RPC Address: localhost:12092 and Ratis port: 12092
2021-10-04 02:04:28,113 [Listener at 127.0.0.1/10924] INFO  ha.SCMHANodeDetails (ConfUtils.java:setNodeSpecificConfigs(108)) - Setting configuration key ozone.scm.datanode.address with value of key ozone.scm.datanode.address.scm-service-test1.scmNode-1: 127.0.0.1:12093
2021-10-04 02:04:28,113 [Listener at 127.0.0.1/10924] INFO  ha.SCMHANodeDetails (ConfUtils.java:setNodeSpecificConfigs(108)) - Setting configuration key ozone.scm.block.client.address with value of key ozone.scm.block.client.address.scm-service-test1.scmNode-1: 127.0.0.1:12094
2021-10-04 02:04:28,114 [Listener at 127.0.0.1/10924] INFO  ha.SCMHANodeDetails (ConfUtils.java:setNodeSpecificConfigs(108)) - Setting configuration key ozone.scm.client.address with value of key ozone.scm.client.address.scm-service-test1.scmNode-1: 127.0.0.1:12095
2021-10-04 02:04:28,114 [Listener at 127.0.0.1/10924] INFO  ha.SCMHANodeDetails (ConfUtils.java:setNodeSpecificConfigs(108)) - Setting configuration key ozone.scm.ratis.port with value of key ozone.scm.ratis.port.scm-service-test1.scmNode-1: 12092
2021-10-04 02:04:28,114 [Listener at 127.0.0.1/10924] INFO  ha.SCMHANodeDetails (ConfUtils.java:setNodeSpecificConfigs(108)) - Setting configuration key ozone.scm.grpc.port with value of key ozone.scm.grpc.port.scm-service-test1.scmNode-1: 12096
2021-10-04 02:04:28,114 [Listener at 127.0.0.1/10924] INFO  ha.SCMHANodeDetails (ConfUtils.java:setNodeSpecificConfigs(108)) - Setting configuration key ozone.scm.http-address with value of key ozone.scm.http-address.scm-service-test1.scmNode-1: 127.0.0.1:12090
2021-10-04 02:04:28,114 [Listener at 127.0.0.1/10924] INFO  ha.SCMHANodeDetails (ConfUtils.java:setNodeSpecificConfigs(108)) - Setting configuration key ozone.scm.https-address with value of key ozone.scm.https-address.scm-service-test1.scmNode-1: 127.0.0.1:12091
2021-10-04 02:04:28,114 [Listener at 127.0.0.1/10924] INFO  ha.SCMHANodeDetails (ConfUtils.java:setNodeSpecificConfigs(108)) - Setting configuration key ozone.scm.address with value of key ozone.scm.address.scm-service-test1.scmNode-1: 127.0.0.1
2021-10-04 02:04:28,115 [Listener at 127.0.0.1/10924] WARN  scm.ScmUtils (ScmUtils.java:logWarn(179)) - ConfigKey ozone.scm.block.client.address is deprecated, For configuring different ports for each SCM use PortConfigKey ozone.scm.block.client.port appended with serviceId and nodeId. If want to configure same port configure ozone.scm.block.client.port
2021-10-04 02:04:28,115 [Listener at 127.0.0.1/10924] WARN  scm.ScmUtils (ScmUtils.java:logWarn(179)) - ConfigKey ozone.scm.client.address is deprecated, For configuring different ports for each SCM use PortConfigKey ozone.scm.client.port appended with serviceId and nodeId. If want to configure same port configure ozone.scm.client.port
2021-10-04 02:04:28,115 [Listener at 127.0.0.1/10924] WARN  scm.ScmUtils (ScmUtils.java:logWarn(179)) - ConfigKey ozone.scm.datanode.address is deprecated, For configuring different ports for each SCM use PortConfigKey ozone.scm.datanode.port appended with serviceId and nodeId. If want to configure same port configure ozone.scm.datanode.port
2021-10-04 02:04:28,139 [Listener at 127.0.0.1/10924] INFO  server.RaftServer (ConfUtils.java:logGet(44)) - raft.rpc.type = GRPC (default)
2021-10-04 02:04:28,139 [Listener at 127.0.0.1/10924] INFO  grpc.GrpcFactory (GrpcFactory.java:checkPooledByteBufAllocatorUseCacheForAllThreads(48)) - PERFORMANCE WARNING: useCacheForAllThreads is true that may cause Netty to create a lot garbage objects and, as a result, trigger GC.
	It is recommended to disable useCacheForAllThreads by setting -Dorg.apache.ratis.thirdparty.io.netty.allocator.useCacheForAllThreads=false in command line.
2021-10-04 02:04:28,140 [Listener at 127.0.0.1/10924] INFO  grpc.GrpcConfigKeys (ConfUtils.java:logGet(44)) - raft.grpc.admin.port = -1 (default)
2021-10-04 02:04:28,140 [Listener at 127.0.0.1/10924] INFO  grpc.GrpcConfigKeys (ConfUtils.java:logGet(44)) - raft.grpc.server.port = 12092 (custom)
2021-10-04 02:04:28,140 [Listener at 127.0.0.1/10924] INFO  grpc.GrpcConfigKeys (ConfUtils.java:logGet(44)) - raft.grpc.client.port = -1 (default)
2021-10-04 02:04:28,140 [Listener at 127.0.0.1/10924] INFO  grpc.GrpcConfigKeys (ConfUtils.java:logGet(44)) - raft.grpc.server.port = 12092 (custom)
2021-10-04 02:04:28,140 [Listener at 127.0.0.1/10924] INFO  grpc.GrpcConfigKeys (ConfUtils.java:logGet(44)) - raft.grpc.server.port = 12092 (custom)
2021-10-04 02:04:28,140 [Listener at 127.0.0.1/10924] INFO  server.GrpcService (ConfUtils.java:logGet(44)) - raft.grpc.message.size.max = 32m (=33554432) (custom)
2021-10-04 02:04:28,141 [Listener at 127.0.0.1/10924] INFO  server.RaftServerConfigKeys (ConfUtils.java:logGet(44)) - raft.server.log.appender.buffer.byte-limit = 33554432 (custom)
2021-10-04 02:04:28,141 [Listener at 127.0.0.1/10924] INFO  server.GrpcService (ConfUtils.java:logGet(44)) - raft.grpc.flow.control.window = 1MB (=1048576) (default)
2021-10-04 02:04:28,141 [Listener at 127.0.0.1/10924] INFO  server.RaftServerConfigKeys (ConfUtils.java:logGet(44)) - raft.server.rpc.request.timeout = 30000ms (custom)
2021-10-04 02:04:28,142 [Listener at 127.0.0.1/10924] INFO  impl.DataStreamServerImpl (ConfUtils.java:logGet(44)) - raft.datastream.type = DISABLED (default)
2021-10-04 02:04:28,142 [Listener at 127.0.0.1/10924] INFO  server.RaftServerConfigKeys (ConfUtils.java:logGet(44)) - raft.server.rpc.slowness.timeout = 120000ms (custom)
2021-10-04 02:04:28,143 [Listener at 127.0.0.1/10924] INFO  server.RaftServerConfigKeys (ConfUtils.java:logGet(44)) - raft.server.leaderelection.leader.step-down.wait-time = 10s (default)
2021-10-04 02:04:28,143 [Listener at 127.0.0.1/10924] INFO  server.RaftServerConfigKeys (ConfUtils.java:logGet(44)) - raft.server.storage.dir = [/home/runner/work/ozone/ozone/hadoop-ozone/integration-test/target/test-dir/MiniOzoneClusterImpl-aa9d709b-e9e6-4188-94b0-5e66da880090/scmNode-1/scm-ha] (custom)
2021-10-04 02:04:28,149 [Listener at 127.0.0.1/10924] INFO  server.RaftServer (RaftServerProxy.java:addNew(95)) - 2dc1c52f-fb9b-4367-bdf1-93ff3bf143d5: addNew group-5E66DA880090:[2dc1c52f-fb9b-4367-bdf1-93ff3bf143d5|rpc:localhost:12092|priority:0] returns group-5E66DA880090:java.util.concurrent.CompletableFuture@26ec9c1b[Not completed]
2021-10-04 02:04:28,149 [pool-174-thread-1] INFO  server.RaftServer$Division (RaftServerImpl.java:<init>(181)) - 2dc1c52f-fb9b-4367-bdf1-93ff3bf143d5: new RaftServerImpl for group-5E66DA880090:[2dc1c52f-fb9b-4367-bdf1-93ff3bf143d5|rpc:localhost:12092|priority:0] with SCMStateMachine:uninitialized
2021-10-04 02:04:28,150 [pool-174-thread-1] INFO  server.RaftServerConfigKeys (ConfUtils.java:logGet(44)) - raft.server.rpc.timeout.min = 5000ms (custom)
2021-10-04 02:04:28,150 [pool-174-thread-1] INFO  server.RaftServerConfigKeys (ConfUtils.java:logGet(44)) - raft.server.rpc.timeout.max = 5200ms (custom)
2021-10-04 02:04:28,150 [pool-174-thread-1] INFO  server.RaftServerConfigKeys (ConfUtils.java:logGet(44)) - raft.server.rpc.sleep.time = 25ms (default)
2021-10-04 02:04:28,150 [pool-174-thread-1] INFO  server.RaftServerConfigKeys (ConfUtils.java:logGet(44)) - raft.server.rpc.slowness.timeout = 120000ms (custom)
2021-10-04 02:04:28,151 [pool-174-thread-1] INFO  server.RaftServerConfigKeys (ConfUtils.java:logGet(44)) - raft.server.leaderelection.leader.step-down.wait-time = 10s (default)
2021-10-04 02:04:28,151 [pool-174-thread-1] INFO  server.RaftServerConfigKeys (ConfUtils.java:logGet(44)) - raft.server.sleep.deviation.threshold = 300ms (default)
2021-10-04 02:04:28,151 [pool-174-thread-1] INFO  server.RaftServerConfigKeys (ConfUtils.java:logGet(44)) - raft.server.log.appender.install.snapshot.enabled = false (custom)
2021-10-04 02:04:28,151 [pool-174-thread-1] INFO  server.RaftServer$Division (ServerState.java:<init>(105)) - 2dc1c52f-fb9b-4367-bdf1-93ff3bf143d5@group-5E66DA880090: ConfigurationManager, init=-1: [2dc1c52f-fb9b-4367-bdf1-93ff3bf143d5|rpc:localhost:12092|priority:0], old=null, confs=<EMPTY_MAP>
2021-10-04 02:04:28,151 [pool-174-thread-1] INFO  server.RaftServerConfigKeys (ConfUtils.java:logGet(44)) - raft.server.storage.dir = [/home/runner/work/ozone/ozone/hadoop-ozone/integration-test/target/test-dir/MiniOzoneClusterImpl-aa9d709b-e9e6-4188-94b0-5e66da880090/scmNode-1/scm-ha] (custom)
2021-10-04 02:04:28,151 [pool-174-thread-1] INFO  server.RaftServerConfigKeys (ConfUtils.java:logGet(44)) - raft.server.log.corruption.policy = EXCEPTION (default)
2021-10-04 02:04:28,151 [pool-174-thread-1] INFO  server.RaftServerConfigKeys (ConfUtils.java:logGet(44)) - raft.server.storage.free-space.min = 0MB (=0) (default)
2021-10-04 02:04:28,151 [pool-174-thread-1] INFO  storage.RaftStorageDirectory (RaftStorageDirectoryImpl.java:analyzeStorage(135)) - The storage directory /home/runner/work/ozone/ozone/hadoop-ozone/integration-test/target/test-dir/MiniOzoneClusterImpl-aa9d709b-e9e6-4188-94b0-5e66da880090/scmNode-1/scm-ha/aa9d709b-e9e6-4188-94b0-5e66da880090 does not exist. Creating ...
2021-10-04 02:04:28,153 [pool-174-thread-1] INFO  storage.RaftStorageDirectory (RaftStorageDirectoryImpl.java:tryLock(230)) - Lock on /home/runner/work/ozone/ozone/hadoop-ozone/integration-test/target/test-dir/MiniOzoneClusterImpl-aa9d709b-e9e6-4188-94b0-5e66da880090/scmNode-1/scm-ha/aa9d709b-e9e6-4188-94b0-5e66da880090/in_use.lock acquired by nodename 17819@fv-az396-153
2021-10-04 02:04:28,154 [pool-174-thread-1] INFO  storage.RaftStorage (RaftStorageImpl.java:format(89)) - Storage directory /home/runner/work/ozone/ozone/hadoop-ozone/integration-test/target/test-dir/MiniOzoneClusterImpl-aa9d709b-e9e6-4188-94b0-5e66da880090/scmNode-1/scm-ha/aa9d709b-e9e6-4188-94b0-5e66da880090 has been successfully formatted.
2021-10-04 02:04:28,154 [pool-174-thread-1] INFO  server.RaftServerConfigKeys (ConfUtils.java:logGet(44)) - raft.server.notification.no-leader.timeout = 60s (default)
2021-10-04 02:04:28,155 [pool-174-thread-1] INFO  server.RaftServerConfigKeys (ConfUtils.java:logGet(44)) - raft.server.log.use.memory = false (default)
2021-10-04 02:04:28,155 [pool-174-thread-1] INFO  server.RaftServerConfigKeys (ConfUtils.java:logGet(44)) - raft.server.log.purge.gap = 5 (custom)
2021-10-04 02:04:28,155 [pool-174-thread-1] INFO  server.RaftServerConfigKeys (ConfUtils.java:logGet(44)) - raft.server.log.appender.buffer.byte-limit = 33554432 (custom)
2021-10-04 02:04:28,157 [pool-174-thread-1] INFO  server.RaftServerConfigKeys (ConfUtils.java:logGet(44)) - raft.server.log.segment.size.max = 16384 (custom)
2021-10-04 02:04:28,157 [pool-174-thread-1] INFO  server.RaftServerConfigKeys (ConfUtils.java:logGet(44)) - raft.server.log.segment.cache.num.max = 2 (custom)
2021-10-04 02:04:28,157 [pool-174-thread-1] INFO  server.RaftServerConfigKeys (ConfUtils.java:logGet(44)) - raft.server.log.segment.cache.size.max = 200MB (=209715200) (default)
2021-10-04 02:04:28,157 [pool-174-thread-1] INFO  segmented.SegmentedRaftLogWorker (SegmentedRaftLogWorker.java:<init>(182)) - new 2dc1c52f-fb9b-4367-bdf1-93ff3bf143d5@group-5E66DA880090-SegmentedRaftLogWorker for RaftStorageImpl:Storage Directory /home/runner/work/ozone/ozone/hadoop-ozone/integration-test/target/test-dir/MiniOzoneClusterImpl-aa9d709b-e9e6-4188-94b0-5e66da880090/scmNode-1/scm-ha/aa9d709b-e9e6-4188-94b0-5e66da880090
2021-10-04 02:04:28,157 [pool-174-thread-1] INFO  server.RaftServerConfigKeys (ConfUtils.java:logGet(44)) - raft.server.log.queue.byte-limit = 64MB (=67108864) (default)
2021-10-04 02:04:28,157 [pool-174-thread-1] INFO  server.RaftServerConfigKeys (ConfUtils.java:logGet(44)) - raft.server.log.queue.element-limit = 4096 (default)
2021-10-04 02:04:28,157 [pool-174-thread-1] INFO  server.RaftServerConfigKeys (ConfUtils.java:logGet(44)) - raft.server.log.segment.size.max = 16384 (custom)
2021-10-04 02:04:28,158 [pool-174-thread-1] INFO  server.RaftServerConfigKeys (ConfUtils.java:logGet(44)) - raft.server.log.preallocated.size = 16384 (custom)
2021-10-04 02:04:28,158 [pool-174-thread-1] INFO  server.RaftServerConfigKeys (ConfUtils.java:logGet(44)) - raft.server.log.force.sync.num = 128 (default)
2021-10-04 02:04:28,158 [pool-174-thread-1] INFO  server.RaftServerConfigKeys (ConfUtils.java:logGet(44)) - raft.server.log.statemachine.data.sync = true (default)
2021-10-04 02:04:28,158 [pool-174-thread-1] INFO  server.RaftServerConfigKeys (ConfUtils.java:logGet(44)) - raft.server.log.statemachine.data.sync.timeout = 10s (default)
2021-10-04 02:04:28,158 [pool-174-thread-1] INFO  server.RaftServerConfigKeys (ConfUtils.java:logGet(44)) - raft.server.log.statemachine.data.sync.timeout.retry = -1 (default)
2021-10-04 02:04:28,166 [pool-174-thread-1] INFO  server.RaftServerConfigKeys (ConfUtils.java:logGet(44)) - raft.server.log.write.buffer.size = 64KB (=65536) (default)
2021-10-04 02:04:28,167 [pool-174-thread-1] INFO  server.RaftServerConfigKeys (ConfUtils.java:logGet(44)) - raft.server.log.statemachine.data.caching.enabled = false (default)
2021-10-04 02:04:28,167 [pool-174-thread-1] INFO  segmented.SegmentedRaftLogWorker (SegmentedRaftLogWorker.java:lambda$new$0(133)) - 2dc1c52f-fb9b-4367-bdf1-93ff3bf143d5@group-5E66DA880090-SegmentedRaftLogWorker: flushIndex: setUnconditionally 0 -> -1
2021-10-04 02:04:28,167 [pool-174-thread-1] INFO  segmented.SegmentedRaftLogWorker (SegmentedRaftLogWorker.java:lambda$new$0(133)) - 2dc1c52f-fb9b-4367-bdf1-93ff3bf143d5@group-5E66DA880090-SegmentedRaftLogWorker: safeCacheEvictIndex: setUnconditionally 0 -> -1
2021-10-04 02:04:28,170 [pool-174-thread-1] INFO  server.RaftServerConfigKeys (ConfUtils.java:logGet(44)) - raft.server.snapshot.auto.trigger.enabled = true (custom)
2021-10-04 02:04:28,170 [pool-174-thread-1] INFO  server.RaftServerConfigKeys (ConfUtils.java:logGet(44)) - raft.server.snapshot.auto.trigger.threshold = 5 (custom)
2021-10-04 02:04:28,170 [pool-174-thread-1] INFO  server.RaftServerConfigKeys (ConfUtils.java:logGet(44)) - raft.server.snapshot.retention.file.num = -1 (default)
2021-10-04 02:04:28,170 [pool-174-thread-1] INFO  server.RaftServerConfigKeys (ConfUtils.java:logGet(44)) - raft.server.log.purge.upto.snapshot.index = true (custom)
2021-10-04 02:04:28,170 [pool-174-thread-1] INFO  server.RaftServerConfigKeys (ConfUtils.java:logGet(44)) - raft.server.retrycache.expirytime = 60000ms (default)
2021-10-04 02:04:28,170 [pool-174-thread-1] INFO  server.RaftServerConfigKeys (ConfUtils.java:logGet(44)) - raft.server.retrycache.statistics.expirytime = 100μs (default)
2021-10-04 02:04:28,171 [Listener at 127.0.0.1/10924] INFO  server.RaftServer$Division (RaftServerImpl.java:start(296)) - 2dc1c52f-fb9b-4367-bdf1-93ff3bf143d5@group-5E66DA880090: start as a follower, conf=-1: [2dc1c52f-fb9b-4367-bdf1-93ff3bf143d5|rpc:localhost:12092|priority:0], old=null
2021-10-04 02:04:28,171 [Listener at 127.0.0.1/10924] INFO  server.RaftServer$Division (RaftServerImpl.java:setRole(285)) - 2dc1c52f-fb9b-4367-bdf1-93ff3bf143d5@group-5E66DA880090: changes role from      null to FOLLOWER at term 0 for startAsFollower
2021-10-04 02:04:28,171 [Listener at 127.0.0.1/10924] INFO  impl.RoleInfo (RoleInfo.java:updateAndGet(130)) - 2dc1c52f-fb9b-4367-bdf1-93ff3bf143d5: start 2dc1c52f-fb9b-4367-bdf1-93ff3bf143d5@group-5E66DA880090-FollowerState
2021-10-04 02:04:28,172 [Listener at 127.0.0.1/10924] INFO  util.JmxRegister (JmxRegister.java:tryRegister(44)) - Successfully registered JMX Bean with object name Ratis:service=RaftServer,group=group-5E66DA880090,id=2dc1c52f-fb9b-4367-bdf1-93ff3bf143d5
2021-10-04 02:04:28,182 [Listener at 127.0.0.1/10924] INFO  server.RaftServer (RaftServerProxy.java:lambda$start$5(374)) - 2dc1c52f-fb9b-4367-bdf1-93ff3bf143d5: start RPC server
2021-10-04 02:04:28,183 [Listener at 127.0.0.1/10924] INFO  server.GrpcService (GrpcService.java:startImpl(253)) - 2dc1c52f-fb9b-4367-bdf1-93ff3bf143d5: GrpcService started, listening on 12092
2021-10-04 02:04:28,187 [org.apache.ratis.util.JvmPauseMonitor$$Lambda$499/1387671967@4f2de5f1] INFO  util.JvmPauseMonitor (JvmPauseMonitor.java:run(103)) - JvmPauseMonitor-2dc1c52f-fb9b-4367-bdf1-93ff3bf143d5: Started
2021-10-04 02:04:28,396 [EndpointStateMachine task thread for /127.0.0.1:14511 - 0 ] INFO  ipc.Client (Client.java:handleConnectionFailure(977)) - Retrying connect to server: localhost/127.0.0.1:14511. Already tried 1 time(s); retry policy is RetryUpToMaximumCountWithFixedSleep(maxRetries=15, sleepTime=1000 MILLISECONDS)
2021-10-04 02:04:28,557 [EndpointStateMachine task thread for /127.0.0.1:14501 - 0 ] INFO  ipc.Client (Client.java:handleConnectionFailure(977)) - Retrying connect to server: localhost/127.0.0.1:14501. Already tried 1 time(s); retry policy is RetryUpToMaximumCountWithFixedSleep(maxRetries=15, sleepTime=1000 MILLISECONDS)
2021-10-04 02:04:28,558 [EndpointStateMachine task thread for /127.0.0.1:14521 - 0 ] INFO  ipc.Client (Client.java:handleConnectionFailure(977)) - Retrying connect to server: localhost/127.0.0.1:14521. Already tried 14 time(s); retry policy is RetryUpToMaximumCountWithFixedSleep(maxRetries=15, sleepTime=1000 MILLISECONDS)
2021-10-04 02:04:29,397 [EndpointStateMachine task thread for /127.0.0.1:14511 - 0 ] INFO  ipc.Client (Client.java:handleConnectionFailure(977)) - Retrying connect to server: localhost/127.0.0.1:14511. Already tried 2 time(s); retry policy is RetryUpToMaximumCountWithFixedSleep(maxRetries=15, sleepTime=1000 MILLISECONDS)
2021-10-04 02:04:29,558 [EndpointStateMachine task thread for /127.0.0.1:14501 - 0 ] INFO  ipc.Client (Client.java:handleConnectionFailure(977)) - Retrying connect to server: localhost/127.0.0.1:14501. Already tried 2 time(s); retry policy is RetryUpToMaximumCountWithFixedSleep(maxRetries=15, sleepTime=1000 MILLISECONDS)
2021-10-04 02:04:29,559 [EndpointStateMachine task thread for /127.0.0.1:14521 - 0 ] INFO  ipc.Client (Client.java:handleConnectionFailure(977)) - Retrying connect to server: localhost/127.0.0.1:14521. Already tried 0 time(s); retry policy is RetryUpToMaximumCountWithFixedSleep(maxRetries=15, sleepTime=1000 MILLISECONDS)
2021-10-04 02:04:30,397 [EndpointStateMachine task thread for /127.0.0.1:14511 - 0 ] INFO  ipc.Client (Client.java:handleConnectionFailure(977)) - Retrying connect to server: localhost/127.0.0.1:14511. Already tried 3 time(s); retry policy is RetryUpToMaximumCountWithFixedSleep(maxRetries=15, sleepTime=1000 MILLISECONDS)
2021-10-04 02:04:30,559 [EndpointStateMachine task thread for /127.0.0.1:14501 - 0 ] INFO  ipc.Client (Client.java:handleConnectionFailure(977)) - Retrying connect to server: localhost/127.0.0.1:14501. Already tried 3 time(s); retry policy is RetryUpToMaximumCountWithFixedSleep(maxRetries=15, sleepTime=1000 MILLISECONDS)
2021-10-04 02:04:30,560 [EndpointStateMachine task thread for /127.0.0.1:14521 - 0 ] INFO  ipc.Client (Client.java:handleConnectionFailure(977)) - Retrying connect to server: localhost/127.0.0.1:14521. Already tried 1 time(s); retry policy is RetryUpToMaximumCountWithFixedSleep(maxRetries=15, sleepTime=1000 MILLISECONDS)
2021-10-04 02:04:31,398 [EndpointStateMachine task thread for /127.0.0.1:14511 - 0 ] INFO  ipc.Client (Client.java:handleConnectionFailure(977)) - Retrying connect to server: localhost/127.0.0.1:14511. Already tried 4 time(s); retry policy is RetryUpToMaximumCountWithFixedSleep(maxRetries=15, sleepTime=1000 MILLISECONDS)
2021-10-04 02:04:31,559 [EndpointStateMachine task thread for /127.0.0.1:14501 - 0 ] INFO  ipc.Client (Client.java:handleConnectionFailure(977)) - Retrying connect to server: localhost/127.0.0.1:14501. Already tried 4 time(s); retry policy is RetryUpToMaximumCountWithFixedSleep(maxRetries=15, sleepTime=1000 MILLISECONDS)
2021-10-04 02:04:31,560 [EndpointStateMachine task thread for /127.0.0.1:14521 - 0 ] INFO  ipc.Client (Client.java:handleConnectionFailure(977)) - Retrying connect to server: localhost/127.0.0.1:14521. Already tried 2 time(s); retry policy is RetryUpToMaximumCountWithFixedSleep(maxRetries=15, sleepTime=1000 MILLISECONDS)
2021-10-04 02:04:32,399 [EndpointStateMachine task thread for /127.0.0.1:14511 - 0 ] INFO  ipc.Client (Client.java:handleConnectionFailure(977)) - Retrying connect to server: localhost/127.0.0.1:14511. Already tried 5 time(s); retry policy is RetryUpToMaximumCountWithFixedSleep(maxRetries=15, sleepTime=1000 MILLISECONDS)
2021-10-04 02:04:32,560 [EndpointStateMachine task thread for /127.0.0.1:14501 - 0 ] INFO  ipc.Client (Client.java:handleConnectionFailure(977)) - Retrying connect to server: localhost/127.0.0.1:14501. Already tried 5 time(s); retry policy is RetryUpToMaximumCountWithFixedSleep(maxRetries=15, sleepTime=1000 MILLISECONDS)
2021-10-04 02:04:32,561 [EndpointStateMachine task thread for /127.0.0.1:14521 - 0 ] INFO  ipc.Client (Client.java:handleConnectionFailure(977)) - Retrying connect to server: localhost/127.0.0.1:14521. Already tried 3 time(s); retry policy is RetryUpToMaximumCountWithFixedSleep(maxRetries=15, sleepTime=1000 MILLISECONDS)
2021-10-04 02:04:33,302 [2dc1c52f-fb9b-4367-bdf1-93ff3bf143d5@group-5E66DA880090-FollowerState] INFO  impl.FollowerState (FollowerState.java:run(134)) - 2dc1c52f-fb9b-4367-bdf1-93ff3bf143d5@group-5E66DA880090-FollowerState: change to CANDIDATE, lastRpcElapsedTime:5130823643ns, electionTimeout:5129ms
2021-10-04 02:04:33,303 [2dc1c52f-fb9b-4367-bdf1-93ff3bf143d5@group-5E66DA880090-FollowerState] INFO  impl.RoleInfo (RoleInfo.java:shutdownFollowerState(108)) - 2dc1c52f-fb9b-4367-bdf1-93ff3bf143d5: shutdown 2dc1c52f-fb9b-4367-bdf1-93ff3bf143d5@group-5E66DA880090-FollowerState
2021-10-04 02:04:33,303 [2dc1c52f-fb9b-4367-bdf1-93ff3bf143d5@group-5E66DA880090-FollowerState] INFO  server.RaftServer$Division (RaftServerImpl.java:setRole(285)) - 2dc1c52f-fb9b-4367-bdf1-93ff3bf143d5@group-5E66DA880090: changes role from  FOLLOWER to CANDIDATE at term 0 for changeToCandidate
2021-10-04 02:04:33,303 [2dc1c52f-fb9b-4367-bdf1-93ff3bf143d5@group-5E66DA880090-FollowerState] INFO  server.RaftServerConfigKeys (ConfUtils.java:logGet(44)) - raft.server.leaderelection.pre-vote = false (custom)
2021-10-04 02:04:33,303 [2dc1c52f-fb9b-4367-bdf1-93ff3bf143d5@group-5E66DA880090-FollowerState] INFO  impl.RoleInfo (RoleInfo.java:updateAndGet(130)) - 2dc1c52f-fb9b-4367-bdf1-93ff3bf143d5: start 2dc1c52f-fb9b-4367-bdf1-93ff3bf143d5@group-5E66DA880090-LeaderElection16
2021-10-04 02:04:33,316 [2dc1c52f-fb9b-4367-bdf1-93ff3bf143d5@group-5E66DA880090-LeaderElection16] INFO  impl.LeaderElection (LeaderElection.java:askForVotes(306)) - 2dc1c52f-fb9b-4367-bdf1-93ff3bf143d5@group-5E66DA880090-LeaderElection16 ELECTION round 0: submit vote requests at term 1 for -1: [2dc1c52f-fb9b-4367-bdf1-93ff3bf143d5|rpc:localhost:12092|priority:0], old=null
2021-10-04 02:04:33,316 [2dc1c52f-fb9b-4367-bdf1-93ff3bf143d5@group-5E66DA880090-LeaderElection16] INFO  impl.LeaderElection (LeaderElection.java:askForVotes(308)) - 2dc1c52f-fb9b-4367-bdf1-93ff3bf143d5@group-5E66DA880090-LeaderElection16 ELECTION round 0: result PASSED (term=1)
2021-10-04 02:04:33,316 [2dc1c52f-fb9b-4367-bdf1-93ff3bf143d5@group-5E66DA880090-LeaderElection16] INFO  impl.RoleInfo (RoleInfo.java:shutdownLeaderElection(121)) - 2dc1c52f-fb9b-4367-bdf1-93ff3bf143d5: shutdown 2dc1c52f-fb9b-4367-bdf1-93ff3bf143d5@group-5E66DA880090-LeaderElection16
2021-10-04 02:04:33,316 [2dc1c52f-fb9b-4367-bdf1-93ff3bf143d5@group-5E66DA880090-LeaderElection16] INFO  server.RaftServer$Division (RaftServerImpl.java:setRole(285)) - 2dc1c52f-fb9b-4367-bdf1-93ff3bf143d5@group-5E66DA880090: changes role from CANDIDATE to LEADER at term 1 for changeToLeader
2021-10-04 02:04:33,317 [2dc1c52f-fb9b-4367-bdf1-93ff3bf143d5@group-5E66DA880090-LeaderElection16] INFO  server.RaftServer$Division (ServerState.java:setLeader(285)) - 2dc1c52f-fb9b-4367-bdf1-93ff3bf143d5@group-5E66DA880090: change Leader from null to 2dc1c52f-fb9b-4367-bdf1-93ff3bf143d5 at term 1 for becomeLeader, leader elected after 5161ms
2021-10-04 02:04:33,317 [2dc1c52f-fb9b-4367-bdf1-93ff3bf143d5@group-5E66DA880090-LeaderElection16] INFO  server.RaftServerConfigKeys (ConfUtils.java:logGet(44)) - raft.server.staging.catchup.gap = 1000 (default)
2021-10-04 02:04:33,317 [2dc1c52f-fb9b-4367-bdf1-93ff3bf143d5@group-5E66DA880090-LeaderElection16] INFO  server.RaftServerConfigKeys (ConfUtils.java:logGet(44)) - raft.server.write.element-limit = 4096 (default)
2021-10-04 02:04:33,317 [2dc1c52f-fb9b-4367-bdf1-93ff3bf143d5@group-5E66DA880090-LeaderElection16] INFO  server.RaftServerConfigKeys (ConfUtils.java:logGet(44)) - raft.server.write.byte-limit = 64MB (=67108864) (default)
2021-10-04 02:04:33,317 [2dc1c52f-fb9b-4367-bdf1-93ff3bf143d5@group-5E66DA880090-LeaderElection16] INFO  server.RaftServerConfigKeys (ConfUtils.java:logGet(44)) - raft.server.watch.timeout = 10s (default)
2021-10-04 02:04:33,318 [2dc1c52f-fb9b-4367-bdf1-93ff3bf143d5@group-5E66DA880090-LeaderElection16] INFO  server.RaftServerConfigKeys (ConfUtils.java:logGet(44)) - raft.server.watch.timeout.denomination = 1s (default)
2021-10-04 02:04:33,318 [2dc1c52f-fb9b-4367-bdf1-93ff3bf143d5@group-5E66DA880090-LeaderElection16] INFO  server.RaftServerConfigKeys (ConfUtils.java:logGet(44)) - raft.server.watch.element-limit = 65536 (default)
2021-10-04 02:04:33,318 [2dc1c52f-fb9b-4367-bdf1-93ff3bf143d5@group-5E66DA880090-LeaderElection16] INFO  impl.RoleInfo (RoleInfo.java:updateAndGet(130)) - 2dc1c52f-fb9b-4367-bdf1-93ff3bf143d5: start 2dc1c52f-fb9b-4367-bdf1-93ff3bf143d5@group-5E66DA880090-LeaderStateImpl
2021-10-04 02:04:33,318 [2dc1c52f-fb9b-4367-bdf1-93ff3bf143d5@group-5E66DA880090-LeaderElection16] INFO  segmented.SegmentedRaftLogWorker (SegmentedRaftLogWorker.java:startLogSegment(394)) - 2dc1c52f-fb9b-4367-bdf1-93ff3bf143d5@group-5E66DA880090-SegmentedRaftLogWorker: Starting segment from index:0
2021-10-04 02:04:33,322 [2dc1c52f-fb9b-4367-bdf1-93ff3bf143d5@group-5E66DA880090-LeaderElection16] INFO  server.RaftServer$Division (ServerState.java:setRaftConf(387)) - 2dc1c52f-fb9b-4367-bdf1-93ff3bf143d5@group-5E66DA880090: set configuration 0: [2dc1c52f-fb9b-4367-bdf1-93ff3bf143d5|rpc:localhost:12092|admin:|client:|dataStream:|priority:0], old=null
2021-10-04 02:04:33,323 [2dc1c52f-fb9b-4367-bdf1-93ff3bf143d5@group-5E66DA880090-SegmentedRaftLogWorker] INFO  segmented.SegmentedRaftLogWorker (SegmentedRaftLogWorker.java:execute(601)) - 2dc1c52f-fb9b-4367-bdf1-93ff3bf143d5@group-5E66DA880090-SegmentedRaftLogWorker: created new log segment /home/runner/work/ozone/ozone/hadoop-ozone/integration-test/target/test-dir/MiniOzoneClusterImpl-aa9d709b-e9e6-4188-94b0-5e66da880090/scmNode-1/scm-ha/aa9d709b-e9e6-4188-94b0-5e66da880090/current/log_inprogress_0
2021-10-04 02:04:33,400 [EndpointStateMachine task thread for /127.0.0.1:14511 - 0 ] INFO  ipc.Client (Client.java:handleConnectionFailure(977)) - Retrying connect to server: localhost/127.0.0.1:14511. Already tried 6 time(s); retry policy is RetryUpToMaximumCountWithFixedSleep(maxRetries=15, sleepTime=1000 MILLISECONDS)
2021-10-04 02:04:33,561 [EndpointStateMachine task thread for /127.0.0.1:14501 - 0 ] INFO  ipc.Client (Client.java:handleConnectionFailure(977)) - Retrying connect to server: localhost/127.0.0.1:14501. Already tried 6 time(s); retry policy is RetryUpToMaximumCountWithFixedSleep(maxRetries=15, sleepTime=1000 MILLISECONDS)
2021-10-04 02:04:33,561 [EndpointStateMachine task thread for /127.0.0.1:14521 - 0 ] INFO  ipc.Client (Client.java:handleConnectionFailure(977)) - Retrying connect to server: localhost/127.0.0.1:14521. Already tried 4 time(s); retry policy is RetryUpToMaximumCountWithFixedSleep(maxRetries=15, sleepTime=1000 MILLISECONDS)
2021-10-04 02:04:34,185 [Listener at 127.0.0.1/10924] INFO  server.RaftServer (RaftServerProxy.java:lambda$close$6(391)) - 2dc1c52f-fb9b-4367-bdf1-93ff3bf143d5: close
2021-10-04 02:04:34,185 [Listener at 127.0.0.1/10924] INFO  server.RaftServer$Division (RaftServerImpl.java:lambda$close$4(407)) - 2dc1c52f-fb9b-4367-bdf1-93ff3bf143d5@group-5E66DA880090: shutdown
2021-10-04 02:04:34,185 [Listener at 127.0.0.1/10924] INFO  util.JmxRegister (JmxRegister.java:unregister(73)) - Successfully un-registered JMX Bean with object name Ratis:service=RaftServer,group=group-5E66DA880090,id=2dc1c52f-fb9b-4367-bdf1-93ff3bf143d5
2021-10-04 02:04:34,186 [Listener at 127.0.0.1/10924] INFO  impl.RoleInfo (RoleInfo.java:shutdownLeaderState(91)) - 2dc1c52f-fb9b-4367-bdf1-93ff3bf143d5: shutdown 2dc1c52f-fb9b-4367-bdf1-93ff3bf143d5@group-5E66DA880090-LeaderStateImpl
2021-10-04 02:04:34,186 [Listener at 127.0.0.1/10924] INFO  impl.PendingRequests (PendingRequests.java:sendNotLeaderResponses(282)) - 2dc1c52f-fb9b-4367-bdf1-93ff3bf143d5@group-5E66DA880090-PendingRequests: sendNotLeaderResponses
2021-10-04 02:04:34,187 [Listener at 127.0.0.1/10924] INFO  impl.StateMachineUpdater (StateMachineUpdater.java:stopAndJoin(149)) - 2dc1c52f-fb9b-4367-bdf1-93ff3bf143d5@group-5E66DA880090-StateMachineUpdater: set stopIndex = 0
2021-10-04 02:04:34,187 [2dc1c52f-fb9b-4367-bdf1-93ff3bf143d5@group-5E66DA880090-StateMachineUpdater] INFO  impl.StateMachineUpdater (StateMachineUpdater.java:takeSnapshot(281)) - 2dc1c52f-fb9b-4367-bdf1-93ff3bf143d5@group-5E66DA880090-StateMachineUpdater: Took a snapshot at index 0
2021-10-04 02:04:34,187 [2dc1c52f-fb9b-4367-bdf1-93ff3bf143d5@group-5E66DA880090-StateMachineUpdater] INFO  impl.StateMachineUpdater (StateMachineUpdater.java:lambda$new$0(89)) - 2dc1c52f-fb9b-4367-bdf1-93ff3bf143d5@group-5E66DA880090-StateMachineUpdater: snapshotIndex: updateIncreasingly -1 -> 0
2021-10-04 02:04:34,188 [Listener at 127.0.0.1/10924] INFO  server.RaftServer$Division (ServerState.java:close(419)) - 2dc1c52f-fb9b-4367-bdf1-93ff3bf143d5@group-5E66DA880090: closes. applyIndex: 0
2021-10-04 02:04:34,188 [2dc1c52f-fb9b-4367-bdf1-93ff3bf143d5@group-5E66DA880090-SegmentedRaftLogWorker] INFO  segmented.SegmentedRaftLogWorker (SegmentedRaftLogWorker.java:run(327)) - 2dc1c52f-fb9b-4367-bdf1-93ff3bf143d5@group-5E66DA880090-SegmentedRaftLogWorker was interrupted, exiting. There are 0 tasks remaining in the queue.
2021-10-04 02:04:34,189 [Listener at 127.0.0.1/10924] INFO  segmented.SegmentedRaftLogWorker (SegmentedRaftLogWorker.java:close(237)) - 2dc1c52f-fb9b-4367-bdf1-93ff3bf143d5@group-5E66DA880090-SegmentedRaftLogWorker close()
2021-10-04 02:04:34,198 [Listener at 127.0.0.1/10924] INFO  server.GrpcService (GrpcService.java:closeImpl(262)) - 2dc1c52f-fb9b-4367-bdf1-93ff3bf143d5: shutdown server with port 12092 now
2021-10-04 02:04:34,199 [Listener at 127.0.0.1/10924] INFO  server.GrpcService (GrpcService.java:closeImpl(271)) - 2dc1c52f-fb9b-4367-bdf1-93ff3bf143d5: shutdown server with port 12092 successfully
2021-10-04 02:04:34,199 [org.apache.ratis.util.JvmPauseMonitor$$Lambda$499/1387671967@4f2de5f1] INFO  util.JvmPauseMonitor (JvmPauseMonitor.java:run(109)) - JvmPauseMonitor-2dc1c52f-fb9b-4367-bdf1-93ff3bf143d5: Stopped
2021-10-04 02:04:34,199 [Listener at 127.0.0.1/10924] WARN  server.ServerUtils (ServerUtils.java:getScmDbDir(148)) - ozone.scm.db.dirs is not configured. We recommend adding this setting. Falling back to ozone.metadata.dirs instead.
2021-10-04 02:04:34,201 [Listener at 127.0.0.1/10924] INFO  server.StorageContainerManager (StorageContainerManager.java:scmInit(1083)) - SCM initialization succeeded. Current cluster id for sd=/home/runner/work/ozone/ozone/hadoop-ozone/integration-test/target/test-dir/MiniOzoneClusterImpl-aa9d709b-e9e6-4188-94b0-5e66da880090/scmNode-1/scm; cid=aa9d709b-e9e6-4188-94b0-5e66da880090; layoutVersion=2; scmId=2dc1c52f-fb9b-4367-bdf1-93ff3bf143d5
2021-10-04 02:04:34,201 [Listener at 127.0.0.1/10924] INFO  ha.SCMHANodeDetails (SCMHANodeDetails.java:loadSCMHAConfig(157)) - ServiceID for StorageContainerManager is scm-service-test1
2021-10-04 02:04:34,201 [Listener at 127.0.0.1/10924] INFO  ha.SCMHANodeDetails (SCMHANodeDetails.java:loadSCMHAConfig(168)) - ServiceID for StorageContainerManager is scm-service-test1
2021-10-04 02:04:34,201 [Listener at 127.0.0.1/10924] WARN  scm.ScmUtils (ScmUtils.java:logWarn(179)) - ConfigKey ozone.scm.block.client.address is deprecated, For configuring different ports for each SCM use PortConfigKey ozone.scm.block.client.port appended with serviceId and nodeId. If want to configure same port configure ozone.scm.block.client.port
2021-10-04 02:04:34,201 [Listener at 127.0.0.1/10924] WARN  scm.ScmUtils (ScmUtils.java:logWarn(179)) - ConfigKey ozone.scm.client.address is deprecated, For configuring different ports for each SCM use PortConfigKey ozone.scm.client.port appended with serviceId and nodeId. If want to configure same port configure ozone.scm.client.port
2021-10-04 02:04:34,201 [Listener at 127.0.0.1/10924] WARN  scm.ScmUtils (ScmUtils.java:logWarn(179)) - ConfigKey ozone.scm.datanode.address is deprecated, For configuring different ports for each SCM use PortConfigKey ozone.scm.datanode.port appended with serviceId and nodeId. If want to configure same port configure ozone.scm.datanode.port
2021-10-04 02:04:34,202 [Listener at 127.0.0.1/10924] WARN  scm.ScmUtils (ScmUtils.java:logWarn(179)) - ConfigKey ozone.scm.block.client.address is deprecated, For configuring different ports for each SCM use PortConfigKey ozone.scm.block.client.port appended with serviceId and nodeId. If want to configure same port configure ozone.scm.block.client.port
2021-10-04 02:04:34,202 [Listener at 127.0.0.1/10924] WARN  scm.ScmUtils (ScmUtils.java:logWarn(179)) - ConfigKey ozone.scm.client.address is deprecated, For configuring different ports for each SCM use PortConfigKey ozone.scm.client.port appended with serviceId and nodeId. If want to configure same port configure ozone.scm.client.port
2021-10-04 02:04:34,202 [Listener at 127.0.0.1/10924] WARN  scm.ScmUtils (ScmUtils.java:logWarn(179)) - ConfigKey ozone.scm.datanode.address is deprecated, For configuring different ports for each SCM use PortConfigKey ozone.scm.datanode.port appended with serviceId and nodeId. If want to configure same port configure ozone.scm.datanode.port
2021-10-04 02:04:34,202 [Listener at 127.0.0.1/10924] INFO  ha.SCMHANodeDetails (SCMHANodeDetails.java:loadSCMHAConfig(250)) - Found matching SCM address with SCMServiceId: scm-service-test1, SCMNodeId: scmNode-1, RPC Address: localhost:12092 and Ratis port: 12092
2021-10-04 02:04:34,202 [Listener at 127.0.0.1/10924] INFO  ha.SCMHANodeDetails (ConfUtils.java:setNodeSpecificConfigs(108)) - Setting configuration key ozone.scm.datanode.address with value of key ozone.scm.datanode.address.scm-service-test1.scmNode-1: 127.0.0.1:12093
2021-10-04 02:04:34,203 [Listener at 127.0.0.1/10924] INFO  ha.SCMHANodeDetails (ConfUtils.java:setNodeSpecificConfigs(108)) - Setting configuration key ozone.scm.block.client.address with value of key ozone.scm.block.client.address.scm-service-test1.scmNode-1: 127.0.0.1:12094
2021-10-04 02:04:34,203 [Listener at 127.0.0.1/10924] INFO  ha.SCMHANodeDetails (ConfUtils.java:setNodeSpecificConfigs(108)) - Setting configuration key ozone.scm.client.address with value of key ozone.scm.client.address.scm-service-test1.scmNode-1: 127.0.0.1:12095
2021-10-04 02:04:34,203 [Listener at 127.0.0.1/10924] INFO  ha.SCMHANodeDetails (ConfUtils.java:setNodeSpecificConfigs(108)) - Setting configuration key ozone.scm.ratis.port with value of key ozone.scm.ratis.port.scm-service-test1.scmNode-1: 12092
2021-10-04 02:04:34,203 [Listener at 127.0.0.1/10924] INFO  ha.SCMHANodeDetails (ConfUtils.java:setNodeSpecificConfigs(108)) - Setting configuration key ozone.scm.grpc.port with value of key ozone.scm.grpc.port.scm-service-test1.scmNode-1: 12096
2021-10-04 02:04:34,203 [Listener at 127.0.0.1/10924] INFO  ha.SCMHANodeDetails (ConfUtils.java:setNodeSpecificConfigs(108)) - Setting configuration key ozone.scm.http-address with value of key ozone.scm.http-address.scm-service-test1.scmNode-1: 127.0.0.1:12090
2021-10-04 02:04:34,203 [Listener at 127.0.0.1/10924] INFO  ha.SCMHANodeDetails (ConfUtils.java:setNodeSpecificConfigs(108)) - Setting configuration key ozone.scm.https-address with value of key ozone.scm.https-address.scm-service-test1.scmNode-1: 127.0.0.1:12091
2021-10-04 02:04:34,203 [Listener at 127.0.0.1/10924] INFO  ha.SCMHANodeDetails (ConfUtils.java:setNodeSpecificConfigs(108)) - Setting configuration key ozone.scm.address with value of key ozone.scm.address.scm-service-test1.scmNode-1: 127.0.0.1
2021-10-04 02:04:34,203 [Listener at 127.0.0.1/10924] WARN  scm.ScmUtils (ScmUtils.java:logWarn(179)) - ConfigKey ozone.scm.block.client.address is deprecated, For configuring different ports for each SCM use PortConfigKey ozone.scm.block.client.port appended with serviceId and nodeId. If want to configure same port configure ozone.scm.block.client.port
2021-10-04 02:04:34,204 [Listener at 127.0.0.1/10924] WARN  scm.ScmUtils (ScmUtils.java:logWarn(179)) - ConfigKey ozone.scm.client.address is deprecated, For configuring different ports for each SCM use PortConfigKey ozone.scm.client.port appended with serviceId and nodeId. If want to configure same port configure ozone.scm.client.port
2021-10-04 02:04:34,204 [Listener at 127.0.0.1/10924] WARN  scm.ScmUtils (ScmUtils.java:logWarn(179)) - ConfigKey ozone.scm.datanode.address is deprecated, For configuring different ports for each SCM use PortConfigKey ozone.scm.datanode.port appended with serviceId and nodeId. If want to configure same port configure ozone.scm.datanode.port
2021-10-04 02:04:34,204 [Listener at 127.0.0.1/10924] WARN  server.ServerUtils (ServerUtils.java:getScmDbDir(148)) - ozone.scm.db.dirs is not configured. We recommend adding this setting. Falling back to ozone.metadata.dirs instead.
2021-10-04 02:04:34,205 [Listener at 127.0.0.1/10924] INFO  upgrade.AbstractLayoutVersionManager (AbstractLayoutVersionManager.java:init(79)) - Initializing Layout version manager with metadata layout = SCM_HA (version = 2), software layout = SCM_HA (version = 2)
2021-10-04 02:04:34,349 [Listener at 127.0.0.1/10924] INFO  reflections.Reflections (Reflections.java:scan(232)) - Reflections took 143 ms to scan 7 urls, producing 119 keys and 275 values 
2021-10-04 02:04:34,372 [Listener at 127.0.0.1/10924] WARN  utils.HAUtils (HAUtils.java:getMetaDir(342)) - ozone.scm.db.dirs is not configured. We recommend adding this setting. Falling back to ozone.metadata.dirs instead.
2021-10-04 02:04:34,374 [Listener at 127.0.0.1/10924] WARN  db.DBStoreBuilder (DBStoreBuilder.java:applyDBDefinition(145)) - ozone.scm.db.dirs is not configured. We recommend adding this setting. Falling back to ozone.metadata.dirs instead.
2021-10-04 02:04:34,400 [EndpointStateMachine task thread for /127.0.0.1:14511 - 0 ] INFO  ipc.Client (Client.java:handleConnectionFailure(977)) - Retrying connect to server: localhost/127.0.0.1:14511. Already tried 7 time(s); retry policy is RetryUpToMaximumCountWithFixedSleep(maxRetries=15, sleepTime=1000 MILLISECONDS)
2021-10-04 02:04:34,543 [Listener at 127.0.0.1/10924] INFO  net.NodeSchemaLoader (NodeSchemaLoader.java:loadSchemaFromFile(129)) - Loading schema from [jar:file:/home/runner/.m2/repository/org/apache/ozone/hdds-common/1.2.0-SNAPSHOT/hdds-common-1.2.0-SNAPSHOT.jar!/network-topology-default.xml]
2021-10-04 02:04:34,544 [Listener at 127.0.0.1/10924] INFO  net.NodeSchemaLoader (NodeSchemaLoader.java:loadSchema(176)) - Loading network topology layer schema file
2021-10-04 02:04:34,550 [Listener at 127.0.0.1/10924] INFO  ha.SCMRatisServerImpl (SCMRatisServerImpl.java:<init>(87)) - starting Raft server for scm:2dc1c52f-fb9b-4367-bdf1-93ff3bf143d5
2021-10-04 02:04:34,552 [Listener at 127.0.0.1/10924] INFO  server.RaftServer (ConfUtils.java:logGet(44)) - raft.rpc.type = GRPC (default)
2021-10-04 02:04:34,552 [Listener at 127.0.0.1/10924] INFO  grpc.GrpcFactory (GrpcFactory.java:checkPooledByteBufAllocatorUseCacheForAllThreads(48)) - PERFORMANCE WARNING: useCacheForAllThreads is true that may cause Netty to create a lot garbage objects and, as a result, trigger GC.
	It is recommended to disable useCacheForAllThreads by setting -Dorg.apache.ratis.thirdparty.io.netty.allocator.useCacheForAllThreads=false in command line.
2021-10-04 02:04:34,553 [Listener at 127.0.0.1/10924] INFO  grpc.GrpcConfigKeys (ConfUtils.java:logGet(44)) - raft.grpc.admin.port = -1 (default)
2021-10-04 02:04:34,553 [Listener at 127.0.0.1/10924] INFO  grpc.GrpcConfigKeys (ConfUtils.java:logGet(44)) - raft.grpc.server.port = 12092 (custom)
2021-10-04 02:04:34,553 [Listener at 127.0.0.1/10924] INFO  grpc.GrpcConfigKeys (ConfUtils.java:logGet(44)) - raft.grpc.client.port = -1 (default)
2021-10-04 02:04:34,553 [Listener at 127.0.0.1/10924] INFO  grpc.GrpcConfigKeys (ConfUtils.java:logGet(44)) - raft.grpc.server.port = 12092 (custom)
2021-10-04 02:04:34,553 [Listener at 127.0.0.1/10924] INFO  grpc.GrpcConfigKeys (ConfUtils.java:logGet(44)) - raft.grpc.server.port = 12092 (custom)
2021-10-04 02:04:34,554 [Listener at 127.0.0.1/10924] INFO  server.GrpcService (ConfUtils.java:logGet(44)) - raft.grpc.message.size.max = 32m (=33554432) (custom)
2021-10-04 02:04:34,554 [Listener at 127.0.0.1/10924] INFO  server.RaftServerConfigKeys (ConfUtils.java:logGet(44)) - raft.server.log.appender.buffer.byte-limit = 33554432 (custom)
2021-10-04 02:04:34,554 [Listener at 127.0.0.1/10924] INFO  server.GrpcService (ConfUtils.java:logGet(44)) - raft.grpc.flow.control.window = 1MB (=1048576) (default)
2021-10-04 02:04:34,554 [Listener at 127.0.0.1/10924] INFO  server.RaftServerConfigKeys (ConfUtils.java:logGet(44)) - raft.server.rpc.request.timeout = 30000ms (custom)
2021-10-04 02:04:34,555 [Listener at 127.0.0.1/10924] INFO  impl.DataStreamServerImpl (ConfUtils.java:logGet(44)) - raft.datastream.type = DISABLED (default)
2021-10-04 02:04:34,555 [Listener at 127.0.0.1/10924] INFO  server.RaftServerConfigKeys (ConfUtils.java:logGet(44)) - raft.server.rpc.slowness.timeout = 120000ms (custom)
2021-10-04 02:04:34,556 [Listener at 127.0.0.1/10924] INFO  server.RaftServerConfigKeys (ConfUtils.java:logGet(44)) - raft.server.leaderelection.leader.step-down.wait-time = 10s (default)
2021-10-04 02:04:34,556 [Listener at 127.0.0.1/10924] INFO  server.RaftServerConfigKeys (ConfUtils.java:logGet(44)) - raft.server.storage.dir = [/home/runner/work/ozone/ozone/hadoop-ozone/integration-test/target/test-dir/MiniOzoneClusterImpl-aa9d709b-e9e6-4188-94b0-5e66da880090/scmNode-1/scm-ha] (custom)
2021-10-04 02:04:34,556 [Listener at 127.0.0.1/10924] INFO  server.RaftServer (RaftServerProxy.java:lambda$null$1(235)) - 2dc1c52f-fb9b-4367-bdf1-93ff3bf143d5: found a subdirectory /home/runner/work/ozone/ozone/hadoop-ozone/integration-test/target/test-dir/MiniOzoneClusterImpl-aa9d709b-e9e6-4188-94b0-5e66da880090/scmNode-1/scm-ha/aa9d709b-e9e6-4188-94b0-5e66da880090
2021-10-04 02:04:34,560 [Listener at 127.0.0.1/10924] INFO  server.RaftServer (RaftServerProxy.java:addNew(95)) - 2dc1c52f-fb9b-4367-bdf1-93ff3bf143d5: addNew group-5E66DA880090:[] returns group-5E66DA880090:java.util.concurrent.CompletableFuture@7cebf48d[Not completed]
2021-10-04 02:04:34,561 [EndpointStateMachine task thread for /127.0.0.1:14501 - 0 ] INFO  ipc.Client (Client.java:handleConnectionFailure(977)) - Retrying connect to server: localhost/127.0.0.1:14501. Already tried 7 time(s); retry policy is RetryUpToMaximumCountWithFixedSleep(maxRetries=15, sleepTime=1000 MILLISECONDS)
2021-10-04 02:04:34,562 [EndpointStateMachine task thread for /127.0.0.1:14521 - 0 ] INFO  ipc.Client (Client.java:handleConnectionFailure(977)) - Retrying connect to server: localhost/127.0.0.1:14521. Already tried 5 time(s); retry policy is RetryUpToMaximumCountWithFixedSleep(maxRetries=15, sleepTime=1000 MILLISECONDS)
2021-10-04 02:04:34,562 [pool-189-thread-1] INFO  server.RaftServer$Division (RaftServerImpl.java:<init>(181)) - 2dc1c52f-fb9b-4367-bdf1-93ff3bf143d5: new RaftServerImpl for group-5E66DA880090:[] with SCMStateMachine:uninitialized
2021-10-04 02:04:34,562 [pool-189-thread-1] INFO  server.RaftServerConfigKeys (ConfUtils.java:logGet(44)) - raft.server.rpc.timeout.min = 5000ms (custom)
2021-10-04 02:04:34,563 [pool-189-thread-1] INFO  server.RaftServerConfigKeys (ConfUtils.java:logGet(44)) - raft.server.rpc.timeout.max = 5200ms (custom)
2021-10-04 02:04:34,563 [pool-189-thread-1] INFO  server.RaftServerConfigKeys (ConfUtils.java:logGet(44)) - raft.server.rpc.sleep.time = 25ms (default)
2021-10-04 02:04:34,563 [pool-189-thread-1] INFO  server.RaftServerConfigKeys (ConfUtils.java:logGet(44)) - raft.server.rpc.slowness.timeout = 120000ms (custom)
2021-10-04 02:04:34,563 [pool-189-thread-1] INFO  server.RaftServerConfigKeys (ConfUtils.java:logGet(44)) - raft.server.leaderelection.leader.step-down.wait-time = 10s (default)
2021-10-04 02:04:34,563 [pool-189-thread-1] INFO  server.RaftServerConfigKeys (ConfUtils.java:logGet(44)) - raft.server.sleep.deviation.threshold = 300ms (default)
2021-10-04 02:04:34,563 [pool-189-thread-1] INFO  server.RaftServerConfigKeys (ConfUtils.java:logGet(44)) - raft.server.log.appender.install.snapshot.enabled = false (custom)
2021-10-04 02:04:34,563 [pool-189-thread-1] INFO  server.RaftServer$Division (ServerState.java:<init>(105)) - 2dc1c52f-fb9b-4367-bdf1-93ff3bf143d5@group-5E66DA880090: ConfigurationManager, init=-1: [], old=null, confs=<EMPTY_MAP>
2021-10-04 02:04:34,564 [pool-189-thread-1] INFO  server.RaftServerConfigKeys (ConfUtils.java:logGet(44)) - raft.server.storage.dir = [/home/runner/work/ozone/ozone/hadoop-ozone/integration-test/target/test-dir/MiniOzoneClusterImpl-aa9d709b-e9e6-4188-94b0-5e66da880090/scmNode-1/scm-ha] (custom)
2021-10-04 02:04:34,564 [pool-189-thread-1] INFO  server.RaftServerConfigKeys (ConfUtils.java:logGet(44)) - raft.server.log.corruption.policy = EXCEPTION (default)
2021-10-04 02:04:34,564 [pool-189-thread-1] INFO  server.RaftServerConfigKeys (ConfUtils.java:logGet(44)) - raft.server.storage.free-space.min = 0MB (=0) (default)
2021-10-04 02:04:34,567 [pool-189-thread-1] INFO  storage.RaftStorageDirectory (RaftStorageDirectoryImpl.java:tryLock(230)) - Lock on /home/runner/work/ozone/ozone/hadoop-ozone/integration-test/target/test-dir/MiniOzoneClusterImpl-aa9d709b-e9e6-4188-94b0-5e66da880090/scmNode-1/scm-ha/aa9d709b-e9e6-4188-94b0-5e66da880090/in_use.lock acquired by nodename 17819@fv-az396-153
2021-10-04 02:04:34,567 [pool-189-thread-1] INFO  storage.RaftStorage (RaftStorageImpl.java:analyzeAndRecoverStorage(110)) - Read RaftStorageMetadata{term=1, votedFor=2dc1c52f-fb9b-4367-bdf1-93ff3bf143d5} from /home/runner/work/ozone/ozone/hadoop-ozone/integration-test/target/test-dir/MiniOzoneClusterImpl-aa9d709b-e9e6-4188-94b0-5e66da880090/scmNode-1/scm-ha/aa9d709b-e9e6-4188-94b0-5e66da880090/current/raft-meta
2021-10-04 02:04:34,568 [pool-189-thread-1] INFO  server.RaftServer$Division (ServerState.java:setRaftConf(387)) - 2dc1c52f-fb9b-4367-bdf1-93ff3bf143d5@group-5E66DA880090: set configuration 0: [2dc1c52f-fb9b-4367-bdf1-93ff3bf143d5|rpc:localhost:12092|admin:|client:|dataStream:|priority:0], old=null
2021-10-04 02:04:34,568 [pool-189-thread-1] INFO  server.RaftServerConfigKeys (ConfUtils.java:logGet(44)) - raft.server.notification.no-leader.timeout = 60s (default)
2021-10-04 02:04:34,568 [pool-189-thread-1] INFO  server.RaftServerConfigKeys (ConfUtils.java:logGet(44)) - raft.server.log.use.memory = false (default)
2021-10-04 02:04:34,568 [pool-189-thread-1] INFO  server.RaftServerConfigKeys (ConfUtils.java:logGet(44)) - raft.server.log.purge.gap = 5 (custom)
2021-10-04 02:04:34,568 [pool-189-thread-1] INFO  server.RaftServerConfigKeys (ConfUtils.java:logGet(44)) - raft.server.log.appender.buffer.byte-limit = 33554432 (custom)
2021-10-04 02:04:34,569 [pool-189-thread-1] INFO  server.RaftServerConfigKeys (ConfUtils.java:logGet(44)) - raft.server.log.segment.size.max = 16384 (custom)
2021-10-04 02:04:34,569 [pool-189-thread-1] INFO  server.RaftServerConfigKeys (ConfUtils.java:logGet(44)) - raft.server.log.segment.cache.num.max = 2 (custom)
2021-10-04 02:04:34,569 [pool-189-thread-1] INFO  server.RaftServerConfigKeys (ConfUtils.java:logGet(44)) - raft.server.log.segment.cache.size.max = 200MB (=209715200) (default)
2021-10-04 02:04:34,569 [pool-189-thread-1] INFO  segmented.SegmentedRaftLogWorker (SegmentedRaftLogWorker.java:<init>(182)) - new 2dc1c52f-fb9b-4367-bdf1-93ff3bf143d5@group-5E66DA880090-SegmentedRaftLogWorker for RaftStorageImpl:Storage Directory /home/runner/work/ozone/ozone/hadoop-ozone/integration-test/target/test-dir/MiniOzoneClusterImpl-aa9d709b-e9e6-4188-94b0-5e66da880090/scmNode-1/scm-ha/aa9d709b-e9e6-4188-94b0-5e66da880090
2021-10-04 02:04:34,569 [pool-189-thread-1] INFO  server.RaftServerConfigKeys (ConfUtils.java:logGet(44)) - raft.server.log.queue.byte-limit = 64MB (=67108864) (default)
2021-10-04 02:04:34,569 [pool-189-thread-1] INFO  server.RaftServerConfigKeys (ConfUtils.java:logGet(44)) - raft.server.log.queue.element-limit = 4096 (default)
2021-10-04 02:04:34,569 [pool-189-thread-1] INFO  server.RaftServerConfigKeys (ConfUtils.java:logGet(44)) - raft.server.log.segment.size.max = 16384 (custom)
2021-10-04 02:04:34,569 [pool-189-thread-1] INFO  server.RaftServerConfigKeys (ConfUtils.java:logGet(44)) - raft.server.log.preallocated.size = 16384 (custom)
2021-10-04 02:04:34,570 [pool-189-thread-1] INFO  server.RaftServerConfigKeys (ConfUtils.java:logGet(44)) - raft.server.log.force.sync.num = 128 (default)
2021-10-04 02:04:34,570 [pool-189-thread-1] INFO  server.RaftServerConfigKeys (ConfUtils.java:logGet(44)) - raft.server.log.statemachine.data.sync = true (default)
2021-10-04 02:04:34,570 [pool-189-thread-1] INFO  server.RaftServerConfigKeys (ConfUtils.java:logGet(44)) - raft.server.log.statemachine.data.sync.timeout = 10s (default)
2021-10-04 02:04:34,570 [pool-189-thread-1] INFO  server.RaftServerConfigKeys (ConfUtils.java:logGet(44)) - raft.server.log.statemachine.data.sync.timeout.retry = -1 (default)
2021-10-04 02:04:34,571 [pool-189-thread-1] INFO  server.RaftServerConfigKeys (ConfUtils.java:logGet(44)) - raft.server.log.write.buffer.size = 64KB (=65536) (default)
2021-10-04 02:04:34,575 [pool-189-thread-1] INFO  server.RaftServerConfigKeys (ConfUtils.java:logGet(44)) - raft.server.log.statemachine.data.caching.enabled = false (default)
2021-10-04 02:04:34,577 [pool-189-thread-1] INFO  server.RaftServer$Division (ServerState.java:setRaftConf(387)) - 2dc1c52f-fb9b-4367-bdf1-93ff3bf143d5@group-5E66DA880090: set configuration 0: [2dc1c52f-fb9b-4367-bdf1-93ff3bf143d5|rpc:localhost:12092|admin:|client:|dataStream:|priority:0], old=null
2021-10-04 02:04:34,577 [pool-189-thread-1] INFO  segmented.LogSegment (LogSegment.java:loadSegment(173)) - Successfully read 1 entries from segment file /home/runner/work/ozone/ozone/hadoop-ozone/integration-test/target/test-dir/MiniOzoneClusterImpl-aa9d709b-e9e6-4188-94b0-5e66da880090/scmNode-1/scm-ha/aa9d709b-e9e6-4188-94b0-5e66da880090/current/log_inprogress_0
2021-10-04 02:04:34,578 [pool-189-thread-1] INFO  segmented.SegmentedRaftLogWorker (SegmentedRaftLogWorker.java:lambda$new$0(133)) - 2dc1c52f-fb9b-4367-bdf1-93ff3bf143d5@group-5E66DA880090-SegmentedRaftLogWorker: flushIndex: setUnconditionally 0 -> 0
2021-10-04 02:04:34,578 [pool-189-thread-1] INFO  segmented.SegmentedRaftLogWorker (SegmentedRaftLogWorker.java:lambda$new$0(133)) - 2dc1c52f-fb9b-4367-bdf1-93ff3bf143d5@group-5E66DA880090-SegmentedRaftLogWorker: safeCacheEvictIndex: setUnconditionally 0 -> -1
2021-10-04 02:04:34,598 [pool-189-thread-1] INFO  server.RaftServerConfigKeys (ConfUtils.java:logGet(44)) - raft.server.snapshot.auto.trigger.enabled = true (custom)
2021-10-04 02:04:34,598 [pool-189-thread-1] INFO  server.RaftServerConfigKeys (ConfUtils.java:logGet(44)) - raft.server.snapshot.auto.trigger.threshold = 5 (custom)
2021-10-04 02:04:34,598 [pool-189-thread-1] INFO  server.RaftServerConfigKeys (ConfUtils.java:logGet(44)) - raft.server.snapshot.retention.file.num = -1 (default)
2021-10-04 02:04:34,598 [pool-189-thread-1] INFO  server.RaftServerConfigKeys (ConfUtils.java:logGet(44)) - raft.server.log.purge.upto.snapshot.index = true (custom)
2021-10-04 02:04:34,598 [pool-189-thread-1] INFO  server.RaftServerConfigKeys (ConfUtils.java:logGet(44)) - raft.server.retrycache.expirytime = 60000ms (default)
2021-10-04 02:04:34,598 [pool-189-thread-1] INFO  server.RaftServerConfigKeys (ConfUtils.java:logGet(44)) - raft.server.retrycache.statistics.expirytime = 100μs (default)
2021-10-04 02:04:34,600 [Listener at 127.0.0.1/10924] INFO  ha.SCMSnapshotProvider (SCMSnapshotProvider.java:<init>(66)) - Initializing SCM Snapshot Provider
2021-10-04 02:04:34,600 [Listener at 127.0.0.1/10924] WARN  server.ServerUtils (ServerUtils.java:getDefaultRatisDirectory(237)) - Storage directory for Ratis is not configured. It is a good idea to map this to an SSD disk. Falling back to ozone.metadata.dirs
2021-10-04 02:04:34,600 [Listener at 127.0.0.1/10924] WARN  ha.SCMHAUtils (SCMHAUtils.java:getSCMRatisSnapshotDirectory(146)) - SCM snapshot dir is not configured. Falling back to ozone.metadata.dirs config
2021-10-04 02:04:34,602 [Listener at 127.0.0.1/10924] INFO  ha.SequenceIdGenerator (SequenceIdGenerator.java:upgradeToSequenceId(347)) - upgrade localId to 107544261427200000
2021-10-04 02:04:34,603 [Listener at 127.0.0.1/10924] INFO  ha.SequenceIdGenerator (SequenceIdGenerator.java:upgradeToSequenceId(357)) - upgrade delTxnId to 0
2021-10-04 02:04:34,603 [Listener at 127.0.0.1/10924] INFO  ha.SequenceIdGenerator (SequenceIdGenerator.java:upgradeToSequenceId(371)) - upgrade containerId to 0
2021-10-04 02:04:34,603 [Listener at 127.0.0.1/10924] INFO  ha.SequenceIdGenerator (SequenceIdGenerator.java:<init>(218)) - Init the HA SequenceIdGenerator.
2021-10-04 02:04:34,610 [Listener at 127.0.0.1/10924] INFO  node.SCMNodeManager (SCMNodeManager.java:<init>(144)) - Entering startup safe mode.
2021-10-04 02:04:34,611 [Listener at 127.0.0.1/10924] INFO  algorithms.ContainerPlacementPolicyFactory (ContainerPlacementPolicyFactory.java:getPolicy(60)) - Create container placement policy of type org.apache.hadoop.hdds.scm.container.placement.algorithms.SCMContainerPlacementRandom
2021-10-04 02:04:34,611 [Listener at 127.0.0.1/10924] INFO  pipeline.PipelineStateManagerImpl (PipelineStateManagerImpl.java:initialize(78)) - No pipeline exists in current db
2021-10-04 02:04:34,611 [Listener at 127.0.0.1/10924] INFO  algorithms.LeaderChoosePolicyFactory (LeaderChoosePolicyFactory.java:getPolicy(57)) - Create leader choose policy of type org.apache.hadoop.hdds.scm.pipeline.leader.choose.algorithms.MinLeaderCountChoosePolicy
2021-10-04 02:04:34,612 [Listener at 127.0.0.1/10924] INFO  ha.SCMServiceManager (SCMServiceManager.java:register(43)) - Registering service BackgroundPipelineCreator.
2021-10-04 02:04:34,612 [Listener at 127.0.0.1/10924] INFO  pipeline.BackgroundPipelineCreator (BackgroundPipelineCreatorV2.java:start(130)) - Starting RatisPipelineUtilsThread.
2021-10-04 02:04:34,618 [Listener at 127.0.0.1/10924] INFO  algorithms.PipelineChoosePolicyFactory (PipelineChoosePolicyFactory.java:createPipelineChoosePolicyFromClass(73)) - Create pipeline choose policy of type org.apache.hadoop.hdds.scm.pipeline.choose.algorithms.RandomPipelineChoosePolicy
2021-10-04 02:04:34,618 [Listener at 127.0.0.1/10924] INFO  ha.SCMServiceManager (SCMServiceManager.java:register(43)) - Registering service SCMBlockDeletingService.
2021-10-04 02:04:34,619 [Listener at 127.0.0.1/10924] INFO  ha.SCMServiceManager (SCMServiceManager.java:register(43)) - Registering service ReplicationManager.
2021-10-04 02:04:34,619 [Listener at 127.0.0.1/10924] INFO  container.ReplicationManager (ReplicationManager.java:start(319)) - Starting Replication Monitor Thread.
2021-10-04 02:04:34,619 [Listener at 127.0.0.1/10924] INFO  safemode.ContainerSafeModeRule (ContainerSafeModeRule.java:<init>(89)) - containers with one replica threshold count 0
2021-10-04 02:04:34,620 [Listener at 127.0.0.1/10924] INFO  safemode.HealthyPipelineSafeModeRule (HealthyPipelineSafeModeRule.java:initializeRule(156)) - Total pipeline count is 0, healthy pipeline threshold count is 1
2021-10-04 02:04:34,620 [Listener at 127.0.0.1/10924] INFO  safemode.OneReplicaPipelineSafeModeRule (OneReplicaPipelineSafeModeRule.java:initializeRule(180)) - Total pipeline count is 0, pipeline's with at least one datanode reported threshold count is 0
2021-10-04 02:04:34,622 [ReplicationMonitor] INFO  container.ReplicationManager (ReplicationManager.java:processAll(371)) - Replication Monitor Thread took 0 milliseconds for processing 0 containers.
2021-10-04 02:04:34,626 [Listener at 127.0.0.1/10924] INFO  ipc.CallQueueManager (CallQueueManager.java:<init>(90)) - Using callQueue: class java.util.concurrent.LinkedBlockingQueue, queueCapacity: 10000, scheduler: class org.apache.hadoop.ipc.DefaultRpcScheduler, ipcBackoff: false.
2021-10-04 02:04:34,650 [Socket Reader #1 for port 12093] INFO  ipc.Server (Server.java:run(1265)) - Starting Socket Reader #1 for port 12093
2021-10-04 02:04:34,657 [Listener at 0.0.0.0/12093] INFO  ipc.CallQueueManager (CallQueueManager.java:<init>(90)) - Using callQueue: class java.util.concurrent.LinkedBlockingQueue, queueCapacity: 10000, scheduler: class org.apache.hadoop.ipc.DefaultRpcScheduler, ipcBackoff: false.
2021-10-04 02:04:34,661 [Socket Reader #1 for port 12094] INFO  ipc.Server (Server.java:run(1265)) - Starting Socket Reader #1 for port 12094
2021-10-04 02:04:34,666 [Listener at 0.0.0.0/12094] INFO  ipc.CallQueueManager (CallQueueManager.java:<init>(90)) - Using callQueue: class java.util.concurrent.LinkedBlockingQueue, queueCapacity: 10000, scheduler: class org.apache.hadoop.ipc.DefaultRpcScheduler, ipcBackoff: false.
2021-10-04 02:04:34,686 [Socket Reader #1 for port 12095] INFO  ipc.Server (Server.java:run(1265)) - Starting Socket Reader #1 for port 12095
2021-10-04 02:04:34,735 [Listener at 0.0.0.0/12095] INFO  algorithms.ContainerPlacementPolicyFactory (ContainerPlacementPolicyFactory.java:getPolicy(60)) - Create container placement policy of type org.apache.hadoop.hdds.scm.container.placement.algorithms.SCMContainerPlacementRandom
2021-10-04 02:04:34,736 [Listener at 0.0.0.0/12095] INFO  server.StorageContainerManager (StorageContainerManager.java:<init>(388)) - 
Container Balancer status:
Key                            Value
Running                        false
Container Balancer Configuration values:
Key                                                Value
Threshold                                          0.1
Max Datanodes to Involve per Iteration(ratio)      0.2
Max Size to Move per Iteration                     32212254720B

2021-10-04 02:04:34,737 [Listener at 0.0.0.0/12095] WARN  events.EventQueue (EventQueue.java:fireEvent(194)) - No event handler registered for event TypedEvent{payloadType=SafeModeStatus, name='Safe mode status'}
2021-10-04 02:04:34,737 [Listener at 0.0.0.0/12095] INFO  ha.SCMContext (SCMContext.java:updateSafeModeStatus(205)) - Update SafeModeStatus from SafeModeStatus{safeModeStatus=true, preCheckPassed=false} to SafeModeStatus{safeModeStatus=true, preCheckPassed=false}.
2021-10-04 02:04:34,737 [Listener at 0.0.0.0/12095] INFO  server.StorageContainerManager (StorageContainerManager.java:start(1303)) - StorageContainerLocationProtocol RPC server is listening at /0.0.0.0:12095
2021-10-04 02:04:34,737 [Listener at 0.0.0.0/12095] INFO  ha.SCMRatisServerImpl (SCMRatisServerImpl.java:start(177)) - starting ratis server 0.0.0.0:12092
2021-10-04 02:04:34,737 [Listener at 0.0.0.0/12095] INFO  server.RaftServer$Division (RaftServerImpl.java:start(296)) - 2dc1c52f-fb9b-4367-bdf1-93ff3bf143d5@group-5E66DA880090: start as a follower, conf=0: [2dc1c52f-fb9b-4367-bdf1-93ff3bf143d5|rpc:localhost:12092|admin:|client:|dataStream:|priority:0], old=null
2021-10-04 02:04:34,738 [Listener at 0.0.0.0/12095] INFO  server.RaftServer$Division (RaftServerImpl.java:setRole(285)) - 2dc1c52f-fb9b-4367-bdf1-93ff3bf143d5@group-5E66DA880090: changes role from      null to FOLLOWER at term 1 for startAsFollower
2021-10-04 02:04:34,738 [Listener at 0.0.0.0/12095] INFO  impl.RoleInfo (RoleInfo.java:updateAndGet(130)) - 2dc1c52f-fb9b-4367-bdf1-93ff3bf143d5: start 2dc1c52f-fb9b-4367-bdf1-93ff3bf143d5@group-5E66DA880090-FollowerState
2021-10-04 02:04:34,738 [Listener at 0.0.0.0/12095] INFO  util.JmxRegister (JmxRegister.java:tryRegister(44)) - Successfully registered JMX Bean with object name Ratis:service=RaftServer,group=group-5E66DA880090,id=2dc1c52f-fb9b-4367-bdf1-93ff3bf143d5
2021-10-04 02:04:34,746 [Listener at 0.0.0.0/12095] INFO  server.RaftServer (RaftServerProxy.java:lambda$start$5(374)) - 2dc1c52f-fb9b-4367-bdf1-93ff3bf143d5: start RPC server
2021-10-04 02:04:34,747 [Listener at 0.0.0.0/12095] INFO  server.GrpcService (GrpcService.java:startImpl(253)) - 2dc1c52f-fb9b-4367-bdf1-93ff3bf143d5: GrpcService started, listening on 12092
2021-10-04 02:04:34,747 [Listener at 0.0.0.0/12095] INFO  ha.SCMHAManagerImpl (SCMHAManagerImpl.java:start(120)) -  scm role is FOLLOWER peers [2dc1c52f-fb9b-4367-bdf1-93ff3bf143d5|rpc:localhost:12092|admin:|client:|dataStream:|priority:0]
2021-10-04 02:04:34,747 [Listener at 0.0.0.0/12095] INFO  ha.InterSCMGrpcService (InterSCMGrpcProtocolService.java:start(94)) - Starting SCM Grpc Service at port 12096
2021-10-04 02:04:34,749 [Listener at 0.0.0.0/12095] WARN  impl.MetricsConfig (MetricsConfig.java:loadFirst(136)) - Cannot locate configuration: tried hadoop-metrics2-storagecontainermanager.properties,hadoop-metrics2.properties
2021-10-04 02:04:34,750 [org.apache.ratis.util.JvmPauseMonitor$$Lambda$499/1387671967@4800c946] INFO  util.JvmPauseMonitor (JvmPauseMonitor.java:run(103)) - JvmPauseMonitor-2dc1c52f-fb9b-4367-bdf1-93ff3bf143d5: Started
2021-10-04 02:04:34,750 [Listener at 0.0.0.0/12095] INFO  impl.MetricsSystemImpl (MetricsSystemImpl.java:startTimer(378)) - Scheduled Metric snapshot period at 10 second(s).
2021-10-04 02:04:34,750 [Listener at 0.0.0.0/12095] INFO  impl.MetricsSystemImpl (MetricsSystemImpl.java:start(191)) - StorageContainerManager metrics system started
2021-10-04 02:04:34,811 [Listener at 0.0.0.0/12095] INFO  impl.MetricsSinkAdapter (MetricsSinkAdapter.java:start(204)) - Sink prometheus started
2021-10-04 02:04:34,813 [Listener at 0.0.0.0/12095] INFO  impl.MetricsSystemImpl (MetricsSystemImpl.java:registerSink(305)) - Registered sink prometheus
2021-10-04 02:04:34,833 [Listener at 0.0.0.0/12095] INFO  server.SCMClientProtocolServer (SCMClientProtocolServer.java:start(164)) - RPC server for Client  is listening at /0.0.0.0:12095
2021-10-04 02:04:34,839 [IPC Server listener on 12095] INFO  ipc.Server (Server.java:run(1344)) - IPC Server listener on 12095: starting
2021-10-04 02:04:34,839 [IPC Server Responder] INFO  ipc.Server (Server.java:run(1507)) - IPC Server Responder: starting
2021-10-04 02:04:34,883 [Listener at 0.0.0.0/12095] INFO  server.StorageContainerManager (StorageContainerManager.java:start(1318)) - ScmBlockLocationProtocol RPC server is listening at /0.0.0.0:12094
2021-10-04 02:04:34,884 [Listener at 0.0.0.0/12095] INFO  server.SCMBlockProtocolServer (SCMBlockProtocolServer.java:start(151)) - RPC server for Block Protocol is listening at /0.0.0.0:12094
2021-10-04 02:04:34,885 [IPC Server Responder] INFO  ipc.Server (Server.java:run(1507)) - IPC Server Responder: starting
2021-10-04 02:04:34,885 [IPC Server listener on 12094] INFO  ipc.Server (Server.java:run(1344)) - IPC Server listener on 12094: starting
2021-10-04 02:04:34,912 [Listener at 0.0.0.0/12095] INFO  server.StorageContainerManager (StorageContainerManager.java:start(1324)) - ScmDatanodeProtocl RPC server is listening at /0.0.0.0:12093
2021-10-04 02:04:34,914 [Listener at 0.0.0.0/12095] INFO  http.BaseHttpServer (BaseHttpServer.java:newHttpServer2BuilderForOzone(209)) - Starting Web-server for scm at: http://0.0.0.0:12090
2021-10-04 02:04:34,914 [Listener at 0.0.0.0/12095] INFO  http.BaseHttpServer (BaseHttpServer.java:<init>(107)) - Hadoop Security Enabled: false Ozone Security Enabled: false Ozone HTTP Security Enabled: false 
2021-10-04 02:04:34,920 [org.apache.hadoop.util.JvmPauseMonitor$Monitor@5fb8db6c] INFO  util.JvmPauseMonitor (JvmPauseMonitor.java:run(188)) - Starting JVM pause monitor
2021-10-04 02:04:34,921 [Listener at 0.0.0.0/12095] INFO  server.AuthenticationFilter (AuthenticationFilter.java:constructSecretProvider(240)) - Unable to initialize FileSignerSecretProvider, falling back to use random secrets.
2021-10-04 02:04:34,921 [Listener at 0.0.0.0/12095] WARN  http.HttpRequestLog (HttpRequestLog.java:getRequestLog(103)) - Jetty request log can only be enabled using Log4j
2021-10-04 02:04:34,923 [Listener at 0.0.0.0/12095] INFO  http.HttpServer2 (HttpServer2.java:addGlobalFilter(1030)) - Added global filter 'safety' (class=org.apache.hadoop.hdds.server.http.HttpServer2$QuotingInputFilter)
2021-10-04 02:04:34,923 [Listener at 0.0.0.0/12095] INFO  http.HttpServer2 (HttpServer2.java:addFilter(1006)) - Added filter static_user_filter (class=org.apache.hadoop.http.lib.StaticUserWebFilter$StaticUserFilter) to context scm
2021-10-04 02:04:34,924 [Listener at 0.0.0.0/12095] INFO  http.HttpServer2 (HttpServer2.java:addFilter(1014)) - Added filter static_user_filter (class=org.apache.hadoop.http.lib.StaticUserWebFilter$StaticUserFilter) to context static
2021-10-04 02:04:34,924 [Listener at 0.0.0.0/12095] INFO  http.HttpServer2 (HttpServer2.java:addFilter(1014)) - Added filter static_user_filter (class=org.apache.hadoop.http.lib.StaticUserWebFilter$StaticUserFilter) to context logs
2021-10-04 02:04:34,924 [Listener at 0.0.0.0/12095] INFO  http.HttpServer2 (HttpServer2.java:bindListener(1249)) - Jetty bound to port 12090
2021-10-04 02:04:34,924 [Listener at 0.0.0.0/12095] INFO  server.Server (Server.java:doStart(375)) - jetty-9.4.43.v20210629; built: 2021-06-30T11:07:22.254Z; git: 526006ecfa3af7f1a27ef3a288e2bef7ea9dd7e8; jvm 1.8.0_292-b10
2021-10-04 02:04:34,927 [Listener at 0.0.0.0/12095] INFO  server.session (DefaultSessionIdManager.java:doStart(334)) - DefaultSessionIdManager workerName=node0
2021-10-04 02:04:34,927 [Listener at 0.0.0.0/12095] INFO  server.session (DefaultSessionIdManager.java:doStart(339)) - No SessionScavenger set, using defaults
2021-10-04 02:04:34,928 [Listener at 0.0.0.0/12095] INFO  server.session (HouseKeeper.java:startScavenging(132)) - node0 Scavenging every 600000ms
2021-10-04 02:04:34,928 [Listener at 0.0.0.0/12095] INFO  handler.ContextHandler (ContextHandler.java:doStart(915)) - Started o.e.j.s.ServletContextHandler@2676837c{logs,/logs,file:///home/runner/work/ozone/ozone/hadoop-ozone/integration-test/target/log,AVAILABLE}
2021-10-04 02:04:34,929 [Listener at 0.0.0.0/12095] INFO  handler.ContextHandler (ContextHandler.java:doStart(915)) - Started o.e.j.s.ServletContextHandler@5accbeae{static,/static,file:///home/runner/work/ozone/ozone/hadoop-ozone/integration-test/target/test-classes/webapps/static,AVAILABLE}
2021-10-04 02:04:34,933 [Listener at 0.0.0.0/12095] INFO  handler.ContextHandler (ContextHandler.java:doStart(915)) - Started o.e.j.w.WebAppContext@5adf6039{scm,/,file:///home/runner/work/ozone/ozone/hadoop-ozone/integration-test/target/test-classes/webapps/scm/,AVAILABLE}{file:/home/runner/work/ozone/ozone/hadoop-ozone/integration-test/target/test-classes/webapps/scm}
2021-10-04 02:04:34,945 [Listener at 0.0.0.0/12095] INFO  server.AbstractConnector (AbstractConnector.java:doStart(331)) - Started ServerConnector@70ce4b5d{HTTP/1.1, (http/1.1)}{0.0.0.0:12090}
2021-10-04 02:04:34,945 [Listener at 0.0.0.0/12095] INFO  server.Server (Server.java:doStart(415)) - Started @78050ms
2021-10-04 02:04:34,946 [Listener at 0.0.0.0/12095] WARN  impl.MetricsSystemImpl (MetricsSystemImpl.java:register(279)) - Sink prometheus already exists!
2021-10-04 02:04:34,947 [Listener at 0.0.0.0/12095] INFO  http.BaseHttpServer (BaseHttpServer.java:updateConnectorAddress(329)) - HTTP server of scm listening at http://0.0.0.0:12090
2021-10-04 02:04:34,947 [Listener at 0.0.0.0/12095] INFO  ozone.MiniOzoneHAClusterImpl (MiniOzoneHAClusterImpl.java:createSCMService(564)) - Started SCM RPC server at org.apache.hadoop.hdds.scm.server.SCMClientProtocolServer@fe972c4
2021-10-04 02:04:34,948 [Listener at 0.0.0.0/12095] INFO  ha.SCMHANodeDetails (SCMHANodeDetails.java:loadSCMHAConfig(157)) - ServiceID for StorageContainerManager is scm-service-test1
2021-10-04 02:04:34,948 [Listener at 0.0.0.0/12095] INFO  ha.SCMHANodeDetails (SCMHANodeDetails.java:loadSCMHAConfig(168)) - ServiceID for StorageContainerManager is scm-service-test1
2021-10-04 02:04:34,948 [Listener at 0.0.0.0/12095] WARN  scm.ScmUtils (ScmUtils.java:logWarn(179)) - ConfigKey ozone.scm.block.client.address is deprecated, For configuring different ports for each SCM use PortConfigKey ozone.scm.block.client.port appended with serviceId and nodeId. If want to configure same port configure ozone.scm.block.client.port
2021-10-04 02:04:34,948 [Listener at 0.0.0.0/12095] WARN  scm.ScmUtils (ScmUtils.java:logWarn(179)) - ConfigKey ozone.scm.client.address is deprecated, For configuring different ports for each SCM use PortConfigKey ozone.scm.client.port appended with serviceId and nodeId. If want to configure same port configure ozone.scm.client.port
2021-10-04 02:04:34,948 [Listener at 0.0.0.0/12095] WARN  scm.ScmUtils (ScmUtils.java:logWarn(179)) - ConfigKey ozone.scm.datanode.address is deprecated, For configuring different ports for each SCM use PortConfigKey ozone.scm.datanode.port appended with serviceId and nodeId. If want to configure same port configure ozone.scm.datanode.port
2021-10-04 02:04:34,949 [Listener at 0.0.0.0/12095] WARN  scm.ScmUtils (ScmUtils.java:logWarn(179)) - ConfigKey ozone.scm.block.client.address is deprecated, For configuring different ports for each SCM use PortConfigKey ozone.scm.block.client.port appended with serviceId and nodeId. If want to configure same port configure ozone.scm.block.client.port
2021-10-04 02:04:34,949 [Listener at 0.0.0.0/12095] WARN  scm.ScmUtils (ScmUtils.java:logWarn(179)) - ConfigKey ozone.scm.client.address is deprecated, For configuring different ports for each SCM use PortConfigKey ozone.scm.client.port appended with serviceId and nodeId. If want to configure same port configure ozone.scm.client.port
2021-10-04 02:04:34,949 [Listener at 0.0.0.0/12095] WARN  scm.ScmUtils (ScmUtils.java:logWarn(179)) - ConfigKey ozone.scm.datanode.address is deprecated, For configuring different ports for each SCM use PortConfigKey ozone.scm.datanode.port appended with serviceId and nodeId. If want to configure same port configure ozone.scm.datanode.port
2021-10-04 02:04:34,949 [Listener at 0.0.0.0/12095] INFO  ha.SCMHANodeDetails (SCMHANodeDetails.java:loadSCMHAConfig(250)) - Found matching SCM address with SCMServiceId: scm-service-test1, SCMNodeId: scmNode-2, RPC Address: localhost:12102 and Ratis port: 12102
2021-10-04 02:04:34,950 [Listener at 0.0.0.0/12095] INFO  ha.SCMHANodeDetails (ConfUtils.java:setNodeSpecificConfigs(108)) - Setting configuration key ozone.scm.datanode.address with value of key ozone.scm.datanode.address.scm-service-test1.scmNode-2: 127.0.0.1:12103
2021-10-04 02:04:34,950 [Listener at 0.0.0.0/12095] INFO  ha.SCMHANodeDetails (ConfUtils.java:setNodeSpecificConfigs(108)) - Setting configuration key ozone.scm.block.client.address with value of key ozone.scm.block.client.address.scm-service-test1.scmNode-2: 127.0.0.1:12104
2021-10-04 02:04:34,950 [Listener at 0.0.0.0/12095] INFO  ha.SCMHANodeDetails (ConfUtils.java:setNodeSpecificConfigs(108)) - Setting configuration key ozone.scm.client.address with value of key ozone.scm.client.address.scm-service-test1.scmNode-2: 127.0.0.1:12105
2021-10-04 02:04:34,950 [Listener at 0.0.0.0/12095] INFO  ha.SCMHANodeDetails (ConfUtils.java:setNodeSpecificConfigs(108)) - Setting configuration key ozone.scm.ratis.port with value of key ozone.scm.ratis.port.scm-service-test1.scmNode-2: 12102
2021-10-04 02:04:34,950 [Listener at 0.0.0.0/12095] INFO  ha.SCMHANodeDetails (ConfUtils.java:setNodeSpecificConfigs(108)) - Setting configuration key ozone.scm.grpc.port with value of key ozone.scm.grpc.port.scm-service-test1.scmNode-2: 12106
2021-10-04 02:04:34,954 [Listener at 0.0.0.0/12095] INFO  ha.SCMHANodeDetails (ConfUtils.java:setNodeSpecificConfigs(108)) - Setting configuration key ozone.scm.http-address with value of key ozone.scm.http-address.scm-service-test1.scmNode-2: 127.0.0.1:12100
2021-10-04 02:04:34,954 [Listener at 0.0.0.0/12095] INFO  ha.SCMHANodeDetails (ConfUtils.java:setNodeSpecificConfigs(108)) - Setting configuration key ozone.scm.https-address with value of key ozone.scm.https-address.scm-service-test1.scmNode-2: 127.0.0.1:12101
2021-10-04 02:04:34,955 [Listener at 0.0.0.0/12095] INFO  ha.SCMHANodeDetails (ConfUtils.java:setNodeSpecificConfigs(108)) - Setting configuration key ozone.scm.address with value of key ozone.scm.address.scm-service-test1.scmNode-2: 127.0.0.1
2021-10-04 02:04:34,955 [Listener at 0.0.0.0/12095] WARN  scm.ScmUtils (ScmUtils.java:logWarn(179)) - ConfigKey ozone.scm.block.client.address is deprecated, For configuring different ports for each SCM use PortConfigKey ozone.scm.block.client.port appended with serviceId and nodeId. If want to configure same port configure ozone.scm.block.client.port
2021-10-04 02:04:34,955 [Listener at 0.0.0.0/12095] WARN  scm.ScmUtils (ScmUtils.java:logWarn(179)) - ConfigKey ozone.scm.client.address is deprecated, For configuring different ports for each SCM use PortConfigKey ozone.scm.client.port appended with serviceId and nodeId. If want to configure same port configure ozone.scm.client.port
2021-10-04 02:04:34,956 [Listener at 0.0.0.0/12095] WARN  scm.ScmUtils (ScmUtils.java:logWarn(179)) - ConfigKey ozone.scm.datanode.address is deprecated, For configuring different ports for each SCM use PortConfigKey ozone.scm.datanode.port appended with serviceId and nodeId. If want to configure same port configure ozone.scm.datanode.port
2021-10-04 02:04:34,957 [Listener at 0.0.0.0/12095] WARN  server.ServerUtils (ServerUtils.java:getScmDbDir(148)) - ozone.scm.db.dirs is not configured. We recommend adding this setting. Falling back to ozone.metadata.dirs instead.
2021-10-04 02:04:34,974 [Listener at 0.0.0.0/12095] INFO  ha.SCMNodeInfo (SCMNodeInfo.java:getPort(197)) - ConfigKey ozone.scm.client.address is deprecated, For configuring different ports for each SCM use PortConfigKey ozone.scm.client.port appended with serviceId and nodeId
2021-10-04 02:04:34,975 [Listener at 0.0.0.0/12095] INFO  ha.SCMNodeInfo (SCMNodeInfo.java:getPort(197)) - ConfigKey ozone.scm.block.client.address is deprecated, For configuring different ports for each SCM use PortConfigKey ozone.scm.block.client.port appended with serviceId and nodeId
2021-10-04 02:04:34,975 [Listener at 0.0.0.0/12095] INFO  ha.SCMNodeInfo (SCMNodeInfo.java:getPort(197)) - ConfigKey ozone.scm.datanode.address is deprecated, For configuring different ports for each SCM use PortConfigKey ozone.scm.datanode.port appended with serviceId and nodeId
2021-10-04 02:04:34,975 [Listener at 0.0.0.0/12095] INFO  ha.SCMNodeInfo (SCMNodeInfo.java:getPort(197)) - ConfigKey ozone.scm.client.address is deprecated, For configuring different ports for each SCM use PortConfigKey ozone.scm.client.port appended with serviceId and nodeId
2021-10-04 02:04:34,975 [Listener at 0.0.0.0/12095] INFO  ha.SCMNodeInfo (SCMNodeInfo.java:getPort(197)) - ConfigKey ozone.scm.block.client.address is deprecated, For configuring different ports for each SCM use PortConfigKey ozone.scm.block.client.port appended with serviceId and nodeId
2021-10-04 02:04:34,975 [Listener at 0.0.0.0/12095] INFO  ha.SCMNodeInfo (SCMNodeInfo.java:getPort(197)) - ConfigKey ozone.scm.datanode.address is deprecated, For configuring different ports for each SCM use PortConfigKey ozone.scm.datanode.port appended with serviceId and nodeId
2021-10-04 02:04:34,976 [Listener at 0.0.0.0/12095] INFO  ha.SCMNodeInfo (SCMNodeInfo.java:getPort(197)) - ConfigKey ozone.scm.client.address is deprecated, For configuring different ports for each SCM use PortConfigKey ozone.scm.client.port appended with serviceId and nodeId
2021-10-04 02:04:34,976 [Listener at 0.0.0.0/12095] INFO  ha.SCMNodeInfo (SCMNodeInfo.java:getPort(197)) - ConfigKey ozone.scm.block.client.address is deprecated, For configuring different ports for each SCM use PortConfigKey ozone.scm.block.client.port appended with serviceId and nodeId
2021-10-04 02:04:34,976 [Listener at 0.0.0.0/12095] INFO  ha.SCMNodeInfo (SCMNodeInfo.java:getPort(197)) - ConfigKey ozone.scm.datanode.address is deprecated, For configuring different ports for each SCM use PortConfigKey ozone.scm.datanode.port appended with serviceId and nodeId
2021-10-04 02:04:35,401 [EndpointStateMachine task thread for /127.0.0.1:14511 - 0 ] INFO  ipc.Client (Client.java:handleConnectionFailure(977)) - Retrying connect to server: localhost/127.0.0.1:14511. Already tried 8 time(s); retry policy is RetryUpToMaximumCountWithFixedSleep(maxRetries=15, sleepTime=1000 MILLISECONDS)
2021-10-04 02:04:35,562 [EndpointStateMachine task thread for /127.0.0.1:14501 - 0 ] INFO  ipc.Client (Client.java:handleConnectionFailure(977)) - Retrying connect to server: localhost/127.0.0.1:14501. Already tried 8 time(s); retry policy is RetryUpToMaximumCountWithFixedSleep(maxRetries=15, sleepTime=1000 MILLISECONDS)
2021-10-04 02:04:35,562 [EndpointStateMachine task thread for /127.0.0.1:14521 - 0 ] INFO  ipc.Client (Client.java:handleConnectionFailure(977)) - Retrying connect to server: localhost/127.0.0.1:14521. Already tried 6 time(s); retry policy is RetryUpToMaximumCountWithFixedSleep(maxRetries=15, sleepTime=1000 MILLISECONDS)
2021-10-04 02:04:36,401 [EndpointStateMachine task thread for /127.0.0.1:14511 - 0 ] INFO  ipc.Client (Client.java:handleConnectionFailure(977)) - Retrying connect to server: localhost/127.0.0.1:14511. Already tried 9 time(s); retry policy is RetryUpToMaximumCountWithFixedSleep(maxRetries=15, sleepTime=1000 MILLISECONDS)
2021-10-04 02:04:36,562 [EndpointStateMachine task thread for /127.0.0.1:14501 - 0 ] INFO  ipc.Client (Client.java:handleConnectionFailure(977)) - Retrying connect to server: localhost/127.0.0.1:14501. Already tried 9 time(s); retry policy is RetryUpToMaximumCountWithFixedSleep(maxRetries=15, sleepTime=1000 MILLISECONDS)
2021-10-04 02:04:36,563 [EndpointStateMachine task thread for /127.0.0.1:14521 - 0 ] INFO  ipc.Client (Client.java:handleConnectionFailure(977)) - Retrying connect to server: localhost/127.0.0.1:14521. Already tried 7 time(s); retry policy is RetryUpToMaximumCountWithFixedSleep(maxRetries=15, sleepTime=1000 MILLISECONDS)
2021-10-04 02:04:37,011 [Listener at 0.0.0.0/12095] INFO  retry.RetryInvocationHandler (RetryInvocationHandler.java:log(411)) - com.google.protobuf.ServiceException: java.net.ConnectException: Call From fv-az396-153/10.1.0.36 to localhost:12104 failed on connection exception: java.net.ConnectException: Connection refused; For more details see:  http://wiki.apache.org/hadoop/ConnectionRefused, while invoking $Proxy39.send over nodeId=scmNode-2,nodeAddress=/127.0.0.1:12104 after 1 failover attempts. Trying to failover after sleeping for 2000ms.
2021-10-04 02:04:37,402 [EndpointStateMachine task thread for /127.0.0.1:14511 - 0 ] INFO  ipc.Client (Client.java:handleConnectionFailure(977)) - Retrying connect to server: localhost/127.0.0.1:14511. Already tried 10 time(s); retry policy is RetryUpToMaximumCountWithFixedSleep(maxRetries=15, sleepTime=1000 MILLISECONDS)
2021-10-04 02:04:37,563 [EndpointStateMachine task thread for /127.0.0.1:14501 - 0 ] INFO  ipc.Client (Client.java:handleConnectionFailure(977)) - Retrying connect to server: localhost/127.0.0.1:14501. Already tried 10 time(s); retry policy is RetryUpToMaximumCountWithFixedSleep(maxRetries=15, sleepTime=1000 MILLISECONDS)
2021-10-04 02:04:37,563 [EndpointStateMachine task thread for /127.0.0.1:14521 - 0 ] INFO  ipc.Client (Client.java:handleConnectionFailure(977)) - Retrying connect to server: localhost/127.0.0.1:14521. Already tried 8 time(s); retry policy is RetryUpToMaximumCountWithFixedSleep(maxRetries=15, sleepTime=1000 MILLISECONDS)
2021-10-04 02:04:38,403 [EndpointStateMachine task thread for /127.0.0.1:14511 - 0 ] INFO  ipc.Client (Client.java:handleConnectionFailure(977)) - Retrying connect to server: localhost/127.0.0.1:14511. Already tried 11 time(s); retry policy is RetryUpToMaximumCountWithFixedSleep(maxRetries=15, sleepTime=1000 MILLISECONDS)
2021-10-04 02:04:38,564 [EndpointStateMachine task thread for /127.0.0.1:14501 - 0 ] INFO  ipc.Client (Client.java:handleConnectionFailure(977)) - Retrying connect to server: localhost/127.0.0.1:14501. Already tried 11 time(s); retry policy is RetryUpToMaximumCountWithFixedSleep(maxRetries=15, sleepTime=1000 MILLISECONDS)
2021-10-04 02:04:38,565 [EndpointStateMachine task thread for /127.0.0.1:14521 - 0 ] INFO  ipc.Client (Client.java:handleConnectionFailure(977)) - Retrying connect to server: localhost/127.0.0.1:14521. Already tried 9 time(s); retry policy is RetryUpToMaximumCountWithFixedSleep(maxRetries=15, sleepTime=1000 MILLISECONDS)
2021-10-04 02:04:39,012 [Listener at 0.0.0.0/12095] INFO  retry.RetryInvocationHandler (RetryInvocationHandler.java:log(411)) - com.google.protobuf.ServiceException: java.net.ConnectException: Call From fv-az396-153/10.1.0.36 to localhost:12114 failed on connection exception: java.net.ConnectException: Connection refused; For more details see:  http://wiki.apache.org/hadoop/ConnectionRefused, while invoking $Proxy39.send over nodeId=scmNode-3,nodeAddress=/127.0.0.1:12114 after 2 failover attempts. Trying to failover after sleeping for 2000ms.
2021-10-04 02:04:39,403 [EndpointStateMachine task thread for /127.0.0.1:14511 - 0 ] INFO  ipc.Client (Client.java:handleConnectionFailure(977)) - Retrying connect to server: localhost/127.0.0.1:14511. Already tried 12 time(s); retry policy is RetryUpToMaximumCountWithFixedSleep(maxRetries=15, sleepTime=1000 MILLISECONDS)
2021-10-04 02:04:39,565 [EndpointStateMachine task thread for /127.0.0.1:14501 - 0 ] INFO  ipc.Client (Client.java:handleConnectionFailure(977)) - Retrying connect to server: localhost/127.0.0.1:14501. Already tried 12 time(s); retry policy is RetryUpToMaximumCountWithFixedSleep(maxRetries=15, sleepTime=1000 MILLISECONDS)
2021-10-04 02:04:39,565 [EndpointStateMachine task thread for /127.0.0.1:14521 - 0 ] INFO  ipc.Client (Client.java:handleConnectionFailure(977)) - Retrying connect to server: localhost/127.0.0.1:14521. Already tried 10 time(s); retry policy is RetryUpToMaximumCountWithFixedSleep(maxRetries=15, sleepTime=1000 MILLISECONDS)
2021-10-04 02:04:39,769 [2dc1c52f-fb9b-4367-bdf1-93ff3bf143d5@group-5E66DA880090-FollowerState] INFO  impl.FollowerState (FollowerState.java:run(134)) - 2dc1c52f-fb9b-4367-bdf1-93ff3bf143d5@group-5E66DA880090-FollowerState: change to CANDIDATE, lastRpcElapsedTime:5031380426ns, electionTimeout:5030ms
2021-10-04 02:04:39,770 [2dc1c52f-fb9b-4367-bdf1-93ff3bf143d5@group-5E66DA880090-FollowerState] INFO  impl.RoleInfo (RoleInfo.java:shutdownFollowerState(108)) - 2dc1c52f-fb9b-4367-bdf1-93ff3bf143d5: shutdown 2dc1c52f-fb9b-4367-bdf1-93ff3bf143d5@group-5E66DA880090-FollowerState
2021-10-04 02:04:39,770 [2dc1c52f-fb9b-4367-bdf1-93ff3bf143d5@group-5E66DA880090-FollowerState] INFO  server.RaftServer$Division (RaftServerImpl.java:setRole(285)) - 2dc1c52f-fb9b-4367-bdf1-93ff3bf143d5@group-5E66DA880090: changes role from  FOLLOWER to CANDIDATE at term 1 for changeToCandidate
2021-10-04 02:04:39,770 [2dc1c52f-fb9b-4367-bdf1-93ff3bf143d5@group-5E66DA880090-FollowerState] INFO  server.RaftServerConfigKeys (ConfUtils.java:logGet(44)) - raft.server.leaderelection.pre-vote = false (custom)
2021-10-04 02:04:39,770 [2dc1c52f-fb9b-4367-bdf1-93ff3bf143d5@group-5E66DA880090-FollowerState] INFO  impl.RoleInfo (RoleInfo.java:updateAndGet(130)) - 2dc1c52f-fb9b-4367-bdf1-93ff3bf143d5: start 2dc1c52f-fb9b-4367-bdf1-93ff3bf143d5@group-5E66DA880090-LeaderElection17
2021-10-04 02:04:39,783 [2dc1c52f-fb9b-4367-bdf1-93ff3bf143d5@group-5E66DA880090-LeaderElection17] INFO  impl.LeaderElection (LeaderElection.java:askForVotes(306)) - 2dc1c52f-fb9b-4367-bdf1-93ff3bf143d5@group-5E66DA880090-LeaderElection17 ELECTION round 0: submit vote requests at term 2 for 0: [2dc1c52f-fb9b-4367-bdf1-93ff3bf143d5|rpc:localhost:12092|admin:|client:|dataStream:|priority:0], old=null
2021-10-04 02:04:39,783 [2dc1c52f-fb9b-4367-bdf1-93ff3bf143d5@group-5E66DA880090-LeaderElection17] INFO  impl.LeaderElection (LeaderElection.java:askForVotes(308)) - 2dc1c52f-fb9b-4367-bdf1-93ff3bf143d5@group-5E66DA880090-LeaderElection17 ELECTION round 0: result PASSED (term=2)
2021-10-04 02:04:39,783 [2dc1c52f-fb9b-4367-bdf1-93ff3bf143d5@group-5E66DA880090-LeaderElection17] INFO  impl.RoleInfo (RoleInfo.java:shutdownLeaderElection(121)) - 2dc1c52f-fb9b-4367-bdf1-93ff3bf143d5: shutdown 2dc1c52f-fb9b-4367-bdf1-93ff3bf143d5@group-5E66DA880090-LeaderElection17
2021-10-04 02:04:39,783 [2dc1c52f-fb9b-4367-bdf1-93ff3bf143d5@group-5E66DA880090-LeaderElection17] INFO  server.RaftServer$Division (RaftServerImpl.java:setRole(285)) - 2dc1c52f-fb9b-4367-bdf1-93ff3bf143d5@group-5E66DA880090: changes role from CANDIDATE to LEADER at term 2 for changeToLeader
2021-10-04 02:04:39,783 [2dc1c52f-fb9b-4367-bdf1-93ff3bf143d5@group-5E66DA880090-LeaderElection17] INFO  ha.SCMStateMachine (SCMStateMachine.java:notifyLeaderChanged(252)) - current SCM becomes leader of term 2.
2021-10-04 02:04:39,784 [2dc1c52f-fb9b-4367-bdf1-93ff3bf143d5@group-5E66DA880090-LeaderElection17] INFO  ha.SCMContext (SCMContext.java:updateLeaderAndTerm(88)) - update <isLeader,term> from <false,0> to <true,2>
2021-10-04 02:04:39,784 [2dc1c52f-fb9b-4367-bdf1-93ff3bf143d5@group-5E66DA880090-LeaderElection17] INFO  server.RaftServer$Division (ServerState.java:setLeader(285)) - 2dc1c52f-fb9b-4367-bdf1-93ff3bf143d5@group-5E66DA880090: change Leader from null to 2dc1c52f-fb9b-4367-bdf1-93ff3bf143d5 at term 2 for becomeLeader, leader elected after 5215ms
2021-10-04 02:04:39,784 [2dc1c52f-fb9b-4367-bdf1-93ff3bf143d5@group-5E66DA880090-LeaderElection17] INFO  server.RaftServerConfigKeys (ConfUtils.java:logGet(44)) - raft.server.staging.catchup.gap = 1000 (default)
2021-10-04 02:04:39,784 [2dc1c52f-fb9b-4367-bdf1-93ff3bf143d5@group-5E66DA880090-LeaderElection17] INFO  server.RaftServerConfigKeys (ConfUtils.java:logGet(44)) - raft.server.write.element-limit = 4096 (default)
2021-10-04 02:04:39,784 [2dc1c52f-fb9b-4367-bdf1-93ff3bf143d5@group-5E66DA880090-LeaderElection17] INFO  server.RaftServerConfigKeys (ConfUtils.java:logGet(44)) - raft.server.write.byte-limit = 64MB (=67108864) (default)
2021-10-04 02:04:39,784 [2dc1c52f-fb9b-4367-bdf1-93ff3bf143d5@group-5E66DA880090-LeaderElection17] INFO  server.RaftServerConfigKeys (ConfUtils.java:logGet(44)) - raft.server.watch.timeout = 10s (default)
2021-10-04 02:04:39,785 [2dc1c52f-fb9b-4367-bdf1-93ff3bf143d5@group-5E66DA880090-LeaderElection17] INFO  server.RaftServerConfigKeys (ConfUtils.java:logGet(44)) - raft.server.watch.timeout.denomination = 1s (default)
2021-10-04 02:04:39,785 [2dc1c52f-fb9b-4367-bdf1-93ff3bf143d5@group-5E66DA880090-LeaderElection17] INFO  server.RaftServerConfigKeys (ConfUtils.java:logGet(44)) - raft.server.watch.element-limit = 65536 (default)
2021-10-04 02:04:39,785 [2dc1c52f-fb9b-4367-bdf1-93ff3bf143d5@group-5E66DA880090-LeaderElection17] INFO  impl.RoleInfo (RoleInfo.java:updateAndGet(130)) - 2dc1c52f-fb9b-4367-bdf1-93ff3bf143d5: start 2dc1c52f-fb9b-4367-bdf1-93ff3bf143d5@group-5E66DA880090-LeaderStateImpl
2021-10-04 02:04:39,785 [2dc1c52f-fb9b-4367-bdf1-93ff3bf143d5@group-5E66DA880090-LeaderElection17] INFO  segmented.SegmentedRaftLogWorker (SegmentedRaftLogWorker.java:rollLogSegment(399)) - 2dc1c52f-fb9b-4367-bdf1-93ff3bf143d5@group-5E66DA880090-SegmentedRaftLogWorker: Rolling segment log-0_0 to index:0
2021-10-04 02:04:39,789 [2dc1c52f-fb9b-4367-bdf1-93ff3bf143d5@group-5E66DA880090-SegmentedRaftLogWorker] INFO  segmented.SegmentedRaftLogWorker (SegmentedRaftLogWorker.java:execute(558)) - 2dc1c52f-fb9b-4367-bdf1-93ff3bf143d5@group-5E66DA880090-SegmentedRaftLogWorker: Rolled log segment from /home/runner/work/ozone/ozone/hadoop-ozone/integration-test/target/test-dir/MiniOzoneClusterImpl-aa9d709b-e9e6-4188-94b0-5e66da880090/scmNode-1/scm-ha/aa9d709b-e9e6-4188-94b0-5e66da880090/current/log_inprogress_0 to /home/runner/work/ozone/ozone/hadoop-ozone/integration-test/target/test-dir/MiniOzoneClusterImpl-aa9d709b-e9e6-4188-94b0-5e66da880090/scmNode-1/scm-ha/aa9d709b-e9e6-4188-94b0-5e66da880090/current/log_0-0
2021-10-04 02:04:39,794 [2dc1c52f-fb9b-4367-bdf1-93ff3bf143d5@group-5E66DA880090-SegmentedRaftLogWorker] INFO  segmented.SegmentedRaftLogWorker (SegmentedRaftLogWorker.java:execute(601)) - 2dc1c52f-fb9b-4367-bdf1-93ff3bf143d5@group-5E66DA880090-SegmentedRaftLogWorker: created new log segment /home/runner/work/ozone/ozone/hadoop-ozone/integration-test/target/test-dir/MiniOzoneClusterImpl-aa9d709b-e9e6-4188-94b0-5e66da880090/scmNode-1/scm-ha/aa9d709b-e9e6-4188-94b0-5e66da880090/current/log_inprogress_1
2021-10-04 02:04:39,795 [2dc1c52f-fb9b-4367-bdf1-93ff3bf143d5@group-5E66DA880090-LeaderElection17] INFO  server.RaftServer$Division (ServerState.java:setRaftConf(387)) - 2dc1c52f-fb9b-4367-bdf1-93ff3bf143d5@group-5E66DA880090: set configuration 1: [2dc1c52f-fb9b-4367-bdf1-93ff3bf143d5|rpc:localhost:12092|admin:|client:|dataStream:|priority:0], old=null
2021-10-04 02:04:39,798 [2dc1c52f-fb9b-4367-bdf1-93ff3bf143d5@group-5E66DA880090-StateMachineUpdater] INFO  ha.SCMContext (SCMContext.java:setLeaderReady(115)) - update <isLeaderReady> from <false> to <true>
2021-10-04 02:04:39,800 [2dc1c52f-fb9b-4367-bdf1-93ff3bf143d5@group-5E66DA880090-StateMachineUpdater] INFO  pipeline.BackgroundPipelineCreator (BackgroundPipelineCreatorV2.java:notifyStatusChanged(264)) - Service BackgroundPipelineCreator transitions to RUNNING.
2021-10-04 02:04:39,800 [2dc1c52f-fb9b-4367-bdf1-93ff3bf143d5@group-5E66DA880090-StateMachineUpdater] INFO  safemode.HealthyPipelineSafeModeRule (HealthyPipelineSafeModeRule.java:initializeRule(152)) - Refreshed total pipeline count is 0, healthy pipeline threshold count is 1
2021-10-04 02:04:39,800 [2dc1c52f-fb9b-4367-bdf1-93ff3bf143d5@group-5E66DA880090-StateMachineUpdater] INFO  safemode.ContainerSafeModeRule (ContainerSafeModeRule.java:reInitializeRule(177)) - Refreshed one replica container threshold 0, currentThreshold 0
2021-10-04 02:04:39,800 [2dc1c52f-fb9b-4367-bdf1-93ff3bf143d5@group-5E66DA880090-StateMachineUpdater] INFO  safemode.OneReplicaPipelineSafeModeRule (OneReplicaPipelineSafeModeRule.java:initializeRule(176)) - Refreshed Total pipeline count is 0, pipeline's with at least one datanode reported threshold count is 0
2021-10-04 02:04:39,800 [2dc1c52f-fb9b-4367-bdf1-93ff3bf143d5@group-5E66DA880090-StateMachineUpdater] INFO  server.SCMDatanodeProtocolServer (SCMDatanodeProtocolServer.java:start(181)) - RPC server for DataNodes is listening at /0.0.0.0:12093
2021-10-04 02:04:39,805 [IPC Server listener on 12093] INFO  ipc.Server (Server.java:run(1344)) - IPC Server listener on 12093: starting
2021-10-04 02:04:39,825 [IPC Server Responder] INFO  ipc.Server (Server.java:run(1507)) - IPC Server Responder: starting
2021-10-04 02:04:40,404 [EndpointStateMachine task thread for /127.0.0.1:14511 - 0 ] INFO  ipc.Client (Client.java:handleConnectionFailure(977)) - Retrying connect to server: localhost/127.0.0.1:14511. Already tried 13 time(s); retry policy is RetryUpToMaximumCountWithFixedSleep(maxRetries=15, sleepTime=1000 MILLISECONDS)
2021-10-04 02:04:40,565 [EndpointStateMachine task thread for /127.0.0.1:14501 - 0 ] INFO  ipc.Client (Client.java:handleConnectionFailure(977)) - Retrying connect to server: localhost/127.0.0.1:14501. Already tried 13 time(s); retry policy is RetryUpToMaximumCountWithFixedSleep(maxRetries=15, sleepTime=1000 MILLISECONDS)
2021-10-04 02:04:40,566 [EndpointStateMachine task thread for /127.0.0.1:14521 - 0 ] INFO  ipc.Client (Client.java:handleConnectionFailure(977)) - Retrying connect to server: localhost/127.0.0.1:14521. Already tried 11 time(s); retry policy is RetryUpToMaximumCountWithFixedSleep(maxRetries=15, sleepTime=1000 MILLISECONDS)
2021-10-04 02:04:41,019 [Listener at 0.0.0.0/12095] INFO  server.StorageContainerManager (StorageContainerManager.java:scmBootstrap(987)) - SCM BootStrap  is successful for ClusterID aa9d709b-e9e6-4188-94b0-5e66da880090, SCMID d10ebfff-67c6-465e-b891-a6f4e9e1af69
2021-10-04 02:04:41,019 [Listener at 0.0.0.0/12095] INFO  server.StorageContainerManager (StorageContainerManager.java:scmBootstrap(989)) - Primary SCM Node ID 2dc1c52f-fb9b-4367-bdf1-93ff3bf143d5
2021-10-04 02:04:41,019 [Listener at 0.0.0.0/12095] INFO  ha.SCMHANodeDetails (SCMHANodeDetails.java:loadSCMHAConfig(157)) - ServiceID for StorageContainerManager is scm-service-test1
2021-10-04 02:04:41,019 [Listener at 0.0.0.0/12095] INFO  ha.SCMHANodeDetails (SCMHANodeDetails.java:loadSCMHAConfig(168)) - ServiceID for StorageContainerManager is scm-service-test1
2021-10-04 02:04:41,020 [Listener at 0.0.0.0/12095] WARN  scm.ScmUtils (ScmUtils.java:logWarn(179)) - ConfigKey ozone.scm.block.client.address is deprecated, For configuring different ports for each SCM use PortConfigKey ozone.scm.block.client.port appended with serviceId and nodeId. If want to configure same port configure ozone.scm.block.client.port
2021-10-04 02:04:41,020 [Listener at 0.0.0.0/12095] WARN  scm.ScmUtils (ScmUtils.java:logWarn(179)) - ConfigKey ozone.scm.client.address is deprecated, For configuring different ports for each SCM use PortConfigKey ozone.scm.client.port appended with serviceId and nodeId. If want to configure same port configure ozone.scm.client.port
2021-10-04 02:04:41,020 [Listener at 0.0.0.0/12095] WARN  scm.ScmUtils (ScmUtils.java:logWarn(179)) - ConfigKey ozone.scm.datanode.address is deprecated, For configuring different ports for each SCM use PortConfigKey ozone.scm.datanode.port appended with serviceId and nodeId. If want to configure same port configure ozone.scm.datanode.port
2021-10-04 02:04:41,020 [Listener at 0.0.0.0/12095] WARN  scm.ScmUtils (ScmUtils.java:logWarn(179)) - ConfigKey ozone.scm.block.client.address is deprecated, For configuring different ports for each SCM use PortConfigKey ozone.scm.block.client.port appended with serviceId and nodeId. If want to configure same port configure ozone.scm.block.client.port
2021-10-04 02:04:41,020 [Listener at 0.0.0.0/12095] WARN  scm.ScmUtils (ScmUtils.java:logWarn(179)) - ConfigKey ozone.scm.client.address is deprecated, For configuring different ports for each SCM use PortConfigKey ozone.scm.client.port appended with serviceId and nodeId. If want to configure same port configure ozone.scm.client.port
2021-10-04 02:04:41,021 [Listener at 0.0.0.0/12095] WARN  scm.ScmUtils (ScmUtils.java:logWarn(179)) - ConfigKey ozone.scm.datanode.address is deprecated, For configuring different ports for each SCM use PortConfigKey ozone.scm.datanode.port appended with serviceId and nodeId. If want to configure same port configure ozone.scm.datanode.port
2021-10-04 02:04:41,021 [Listener at 0.0.0.0/12095] INFO  ha.SCMHANodeDetails (SCMHANodeDetails.java:loadSCMHAConfig(250)) - Found matching SCM address with SCMServiceId: scm-service-test1, SCMNodeId: scmNode-2, RPC Address: localhost:12102 and Ratis port: 12102
2021-10-04 02:04:41,021 [Listener at 0.0.0.0/12095] INFO  ha.SCMHANodeDetails (ConfUtils.java:setNodeSpecificConfigs(108)) - Setting configuration key ozone.scm.datanode.address with value of key ozone.scm.datanode.address.scm-service-test1.scmNode-2: 127.0.0.1:12103
2021-10-04 02:04:41,021 [Listener at 0.0.0.0/12095] INFO  ha.SCMHANodeDetails (ConfUtils.java:setNodeSpecificConfigs(108)) - Setting configuration key ozone.scm.block.client.address with value of key ozone.scm.block.client.address.scm-service-test1.scmNode-2: 127.0.0.1:12104
2021-10-04 02:04:41,021 [Listener at 0.0.0.0/12095] INFO  ha.SCMHANodeDetails (ConfUtils.java:setNodeSpecificConfigs(108)) - Setting configuration key ozone.scm.client.address with value of key ozone.scm.client.address.scm-service-test1.scmNode-2: 127.0.0.1:12105
2021-10-04 02:04:41,021 [Listener at 0.0.0.0/12095] INFO  ha.SCMHANodeDetails (ConfUtils.java:setNodeSpecificConfigs(108)) - Setting configuration key ozone.scm.ratis.port with value of key ozone.scm.ratis.port.scm-service-test1.scmNode-2: 12102
2021-10-04 02:04:41,021 [Listener at 0.0.0.0/12095] INFO  ha.SCMHANodeDetails (ConfUtils.java:setNodeSpecificConfigs(108)) - Setting configuration key ozone.scm.grpc.port with value of key ozone.scm.grpc.port.scm-service-test1.scmNode-2: 12106
2021-10-04 02:04:41,022 [Listener at 0.0.0.0/12095] INFO  ha.SCMHANodeDetails (ConfUtils.java:setNodeSpecificConfigs(108)) - Setting configuration key ozone.scm.http-address with value of key ozone.scm.http-address.scm-service-test1.scmNode-2: 127.0.0.1:12100
2021-10-04 02:04:41,022 [Listener at 0.0.0.0/12095] INFO  ha.SCMHANodeDetails (ConfUtils.java:setNodeSpecificConfigs(108)) - Setting configuration key ozone.scm.https-address with value of key ozone.scm.https-address.scm-service-test1.scmNode-2: 127.0.0.1:12101
2021-10-04 02:04:41,022 [Listener at 0.0.0.0/12095] INFO  ha.SCMHANodeDetails (ConfUtils.java:setNodeSpecificConfigs(108)) - Setting configuration key ozone.scm.address with value of key ozone.scm.address.scm-service-test1.scmNode-2: 127.0.0.1
2021-10-04 02:04:41,022 [Listener at 0.0.0.0/12095] WARN  scm.ScmUtils (ScmUtils.java:logWarn(179)) - ConfigKey ozone.scm.block.client.address is deprecated, For configuring different ports for each SCM use PortConfigKey ozone.scm.block.client.port appended with serviceId and nodeId. If want to configure same port configure ozone.scm.block.client.port
2021-10-04 02:04:41,022 [Listener at 0.0.0.0/12095] WARN  scm.ScmUtils (ScmUtils.java:logWarn(179)) - ConfigKey ozone.scm.client.address is deprecated, For configuring different ports for each SCM use PortConfigKey ozone.scm.client.port appended with serviceId and nodeId. If want to configure same port configure ozone.scm.client.port
2021-10-04 02:04:41,022 [Listener at 0.0.0.0/12095] WARN  scm.ScmUtils (ScmUtils.java:logWarn(179)) - ConfigKey ozone.scm.datanode.address is deprecated, For configuring different ports for each SCM use PortConfigKey ozone.scm.datanode.port appended with serviceId and nodeId. If want to configure same port configure ozone.scm.datanode.port
2021-10-04 02:04:41,023 [Listener at 0.0.0.0/12095] WARN  server.ServerUtils (ServerUtils.java:getScmDbDir(148)) - ozone.scm.db.dirs is not configured. We recommend adding this setting. Falling back to ozone.metadata.dirs instead.
2021-10-04 02:04:41,024 [Listener at 0.0.0.0/12095] INFO  upgrade.AbstractLayoutVersionManager (AbstractLayoutVersionManager.java:init(79)) - Initializing Layout version manager with metadata layout = SCM_HA (version = 2), software layout = SCM_HA (version = 2)
2021-10-04 02:04:41,102 [Listener at 0.0.0.0/12095] INFO  reflections.Reflections (Reflections.java:scan(232)) - Reflections took 77 ms to scan 7 urls, producing 119 keys and 275 values 
2021-10-04 02:04:41,111 [Listener at 0.0.0.0/12095] WARN  utils.HAUtils (HAUtils.java:getMetaDir(342)) - ozone.scm.db.dirs is not configured. We recommend adding this setting. Falling back to ozone.metadata.dirs instead.
2021-10-04 02:04:41,112 [Listener at 0.0.0.0/12095] WARN  db.DBStoreBuilder (DBStoreBuilder.java:applyDBDefinition(145)) - ozone.scm.db.dirs is not configured. We recommend adding this setting. Falling back to ozone.metadata.dirs instead.
2021-10-04 02:04:41,249 [Listener at 0.0.0.0/12095] INFO  net.NodeSchemaLoader (NodeSchemaLoader.java:loadSchemaFromFile(129)) - Loading schema from [jar:file:/home/runner/.m2/repository/org/apache/ozone/hdds-common/1.2.0-SNAPSHOT/hdds-common-1.2.0-SNAPSHOT.jar!/network-topology-default.xml]
2021-10-04 02:04:41,249 [Listener at 0.0.0.0/12095] INFO  net.NodeSchemaLoader (NodeSchemaLoader.java:loadSchema(176)) - Loading network topology layer schema file
2021-10-04 02:04:41,258 [Listener at 0.0.0.0/12095] WARN  impl.MetricRegistriesImpl (MetricRegistriesImpl.java:addReporterRegistration(111)) - New reporters are added after registries were created. Some metrics will be missing from the reporter. Please add reporter before adding any new registry.
2021-10-04 02:04:41,259 [Listener at 0.0.0.0/12095] WARN  impl.MetricRegistriesImpl (MetricRegistriesImpl.java:addReporterRegistration(111)) - New reporters are added after registries were created. Some metrics will be missing from the reporter. Please add reporter before adding any new registry.
2021-10-04 02:04:41,259 [Listener at 0.0.0.0/12095] INFO  ha.SCMRatisServerImpl (SCMRatisServerImpl.java:<init>(87)) - starting Raft server for scm:d10ebfff-67c6-465e-b891-a6f4e9e1af69
2021-10-04 02:04:41,260 [Listener at 0.0.0.0/12095] INFO  server.RaftServer (ConfUtils.java:logGet(44)) - raft.rpc.type = GRPC (default)
2021-10-04 02:04:41,260 [Listener at 0.0.0.0/12095] INFO  grpc.GrpcFactory (GrpcFactory.java:checkPooledByteBufAllocatorUseCacheForAllThreads(48)) - PERFORMANCE WARNING: useCacheForAllThreads is true that may cause Netty to create a lot garbage objects and, as a result, trigger GC.
	It is recommended to disable useCacheForAllThreads by setting -Dorg.apache.ratis.thirdparty.io.netty.allocator.useCacheForAllThreads=false in command line.
2021-10-04 02:04:41,261 [Listener at 0.0.0.0/12095] INFO  grpc.GrpcConfigKeys (ConfUtils.java:logGet(44)) - raft.grpc.admin.port = -1 (default)
2021-10-04 02:04:41,261 [Listener at 0.0.0.0/12095] INFO  grpc.GrpcConfigKeys (ConfUtils.java:logGet(44)) - raft.grpc.server.port = 12102 (custom)
2021-10-04 02:04:41,261 [Listener at 0.0.0.0/12095] INFO  grpc.GrpcConfigKeys (ConfUtils.java:logGet(44)) - raft.grpc.client.port = -1 (default)
2021-10-04 02:04:41,268 [Listener at 0.0.0.0/12095] INFO  grpc.GrpcConfigKeys (ConfUtils.java:logGet(44)) - raft.grpc.server.port = 12102 (custom)
2021-10-04 02:04:41,268 [Listener at 0.0.0.0/12095] INFO  grpc.GrpcConfigKeys (ConfUtils.java:logGet(44)) - raft.grpc.server.port = 12102 (custom)
2021-10-04 02:04:41,268 [Listener at 0.0.0.0/12095] INFO  server.GrpcService (ConfUtils.java:logGet(44)) - raft.grpc.message.size.max = 32m (=33554432) (custom)
2021-10-04 02:04:41,269 [Listener at 0.0.0.0/12095] INFO  server.RaftServerConfigKeys (ConfUtils.java:logGet(44)) - raft.server.log.appender.buffer.byte-limit = 33554432 (custom)
2021-10-04 02:04:41,269 [Listener at 0.0.0.0/12095] INFO  server.GrpcService (ConfUtils.java:logGet(44)) - raft.grpc.flow.control.window = 1MB (=1048576) (default)
2021-10-04 02:04:41,269 [Listener at 0.0.0.0/12095] INFO  server.RaftServerConfigKeys (ConfUtils.java:logGet(44)) - raft.server.rpc.request.timeout = 30000ms (custom)
2021-10-04 02:04:41,270 [Listener at 0.0.0.0/12095] INFO  impl.DataStreamServerImpl (ConfUtils.java:logGet(44)) - raft.datastream.type = DISABLED (default)
2021-10-04 02:04:41,270 [Listener at 0.0.0.0/12095] INFO  server.RaftServerConfigKeys (ConfUtils.java:logGet(44)) - raft.server.rpc.slowness.timeout = 120000ms (custom)
2021-10-04 02:04:41,271 [Listener at 0.0.0.0/12095] INFO  server.RaftServerConfigKeys (ConfUtils.java:logGet(44)) - raft.server.leaderelection.leader.step-down.wait-time = 10s (default)
2021-10-04 02:04:41,271 [Listener at 0.0.0.0/12095] INFO  server.RaftServerConfigKeys (ConfUtils.java:logGet(44)) - raft.server.storage.dir = [/home/runner/work/ozone/ozone/hadoop-ozone/integration-test/target/test-dir/MiniOzoneClusterImpl-aa9d709b-e9e6-4188-94b0-5e66da880090/scmNode-2/scm-ha] (custom)
2021-10-04 02:04:41,276 [Listener at 0.0.0.0/12095] INFO  server.RaftServer (RaftServerProxy.java:addNew(95)) - d10ebfff-67c6-465e-b891-a6f4e9e1af69: addNew group-5E66DA880090:[] returns group-5E66DA880090:java.util.concurrent.CompletableFuture@2b9f2f24[Not completed]
2021-10-04 02:04:41,277 [pool-208-thread-1] INFO  server.RaftServer$Division (RaftServerImpl.java:<init>(181)) - d10ebfff-67c6-465e-b891-a6f4e9e1af69: new RaftServerImpl for group-5E66DA880090:[] with SCMStateMachine:uninitialized
2021-10-04 02:04:41,286 [pool-208-thread-1] INFO  server.RaftServerConfigKeys (ConfUtils.java:logGet(44)) - raft.server.rpc.timeout.min = 5000ms (custom)
2021-10-04 02:04:41,286 [pool-208-thread-1] INFO  server.RaftServerConfigKeys (ConfUtils.java:logGet(44)) - raft.server.rpc.timeout.max = 5200ms (custom)
2021-10-04 02:04:41,286 [pool-208-thread-1] INFO  server.RaftServerConfigKeys (ConfUtils.java:logGet(44)) - raft.server.rpc.sleep.time = 25ms (default)
2021-10-04 02:04:41,286 [pool-208-thread-1] INFO  server.RaftServerConfigKeys (ConfUtils.java:logGet(44)) - raft.server.rpc.slowness.timeout = 120000ms (custom)
2021-10-04 02:04:41,286 [pool-208-thread-1] INFO  server.RaftServerConfigKeys (ConfUtils.java:logGet(44)) - raft.server.leaderelection.leader.step-down.wait-time = 10s (default)
2021-10-04 02:04:41,286 [pool-208-thread-1] INFO  server.RaftServerConfigKeys (ConfUtils.java:logGet(44)) - raft.server.sleep.deviation.threshold = 300ms (default)
2021-10-04 02:04:41,287 [pool-208-thread-1] INFO  server.RaftServerConfigKeys (ConfUtils.java:logGet(44)) - raft.server.log.appender.install.snapshot.enabled = false (custom)
2021-10-04 02:04:41,287 [pool-208-thread-1] INFO  server.RaftServer$Division (ServerState.java:<init>(105)) - d10ebfff-67c6-465e-b891-a6f4e9e1af69@group-5E66DA880090: ConfigurationManager, init=-1: [], old=null, confs=<EMPTY_MAP>
2021-10-04 02:04:41,287 [pool-208-thread-1] INFO  server.RaftServerConfigKeys (ConfUtils.java:logGet(44)) - raft.server.storage.dir = [/home/runner/work/ozone/ozone/hadoop-ozone/integration-test/target/test-dir/MiniOzoneClusterImpl-aa9d709b-e9e6-4188-94b0-5e66da880090/scmNode-2/scm-ha] (custom)
2021-10-04 02:04:41,287 [pool-208-thread-1] INFO  server.RaftServerConfigKeys (ConfUtils.java:logGet(44)) - raft.server.log.corruption.policy = EXCEPTION (default)
2021-10-04 02:04:41,287 [pool-208-thread-1] INFO  server.RaftServerConfigKeys (ConfUtils.java:logGet(44)) - raft.server.storage.free-space.min = 0MB (=0) (default)
2021-10-04 02:04:41,287 [pool-208-thread-1] INFO  storage.RaftStorageDirectory (RaftStorageDirectoryImpl.java:analyzeStorage(135)) - The storage directory /home/runner/work/ozone/ozone/hadoop-ozone/integration-test/target/test-dir/MiniOzoneClusterImpl-aa9d709b-e9e6-4188-94b0-5e66da880090/scmNode-2/scm-ha/aa9d709b-e9e6-4188-94b0-5e66da880090 does not exist. Creating ...
2021-10-04 02:04:41,289 [pool-208-thread-1] INFO  storage.RaftStorageDirectory (RaftStorageDirectoryImpl.java:tryLock(230)) - Lock on /home/runner/work/ozone/ozone/hadoop-ozone/integration-test/target/test-dir/MiniOzoneClusterImpl-aa9d709b-e9e6-4188-94b0-5e66da880090/scmNode-2/scm-ha/aa9d709b-e9e6-4188-94b0-5e66da880090/in_use.lock acquired by nodename 17819@fv-az396-153
2021-10-04 02:04:41,295 [pool-208-thread-1] INFO  storage.RaftStorage (RaftStorageImpl.java:format(89)) - Storage directory /home/runner/work/ozone/ozone/hadoop-ozone/integration-test/target/test-dir/MiniOzoneClusterImpl-aa9d709b-e9e6-4188-94b0-5e66da880090/scmNode-2/scm-ha/aa9d709b-e9e6-4188-94b0-5e66da880090 has been successfully formatted.
2021-10-04 02:04:41,295 [pool-208-thread-1] INFO  server.RaftServerConfigKeys (ConfUtils.java:logGet(44)) - raft.server.notification.no-leader.timeout = 60s (default)
2021-10-04 02:04:41,296 [pool-208-thread-1] INFO  server.RaftServerConfigKeys (ConfUtils.java:logGet(44)) - raft.server.log.use.memory = false (default)
2021-10-04 02:04:41,296 [pool-208-thread-1] INFO  server.RaftServerConfigKeys (ConfUtils.java:logGet(44)) - raft.server.log.purge.gap = 5 (custom)
2021-10-04 02:04:41,296 [pool-208-thread-1] INFO  server.RaftServerConfigKeys (ConfUtils.java:logGet(44)) - raft.server.log.appender.buffer.byte-limit = 33554432 (custom)
2021-10-04 02:04:41,296 [pool-208-thread-1] INFO  server.RaftServerConfigKeys (ConfUtils.java:logGet(44)) - raft.server.log.segment.size.max = 16384 (custom)
2021-10-04 02:04:41,297 [pool-208-thread-1] INFO  server.RaftServerConfigKeys (ConfUtils.java:logGet(44)) - raft.server.log.segment.cache.num.max = 2 (custom)
2021-10-04 02:04:41,297 [pool-208-thread-1] INFO  server.RaftServerConfigKeys (ConfUtils.java:logGet(44)) - raft.server.log.segment.cache.size.max = 200MB (=209715200) (default)
2021-10-04 02:04:41,297 [pool-208-thread-1] INFO  segmented.SegmentedRaftLogWorker (SegmentedRaftLogWorker.java:<init>(182)) - new d10ebfff-67c6-465e-b891-a6f4e9e1af69@group-5E66DA880090-SegmentedRaftLogWorker for RaftStorageImpl:Storage Directory /home/runner/work/ozone/ozone/hadoop-ozone/integration-test/target/test-dir/MiniOzoneClusterImpl-aa9d709b-e9e6-4188-94b0-5e66da880090/scmNode-2/scm-ha/aa9d709b-e9e6-4188-94b0-5e66da880090
2021-10-04 02:04:41,297 [pool-208-thread-1] INFO  server.RaftServerConfigKeys (ConfUtils.java:logGet(44)) - raft.server.log.queue.byte-limit = 64MB (=67108864) (default)
2021-10-04 02:04:41,297 [pool-208-thread-1] INFO  server.RaftServerConfigKeys (ConfUtils.java:logGet(44)) - raft.server.log.queue.element-limit = 4096 (default)
2021-10-04 02:04:41,297 [pool-208-thread-1] INFO  server.RaftServerConfigKeys (ConfUtils.java:logGet(44)) - raft.server.log.segment.size.max = 16384 (custom)
2021-10-04 02:04:41,298 [pool-208-thread-1] INFO  server.RaftServerConfigKeys (ConfUtils.java:logGet(44)) - raft.server.log.preallocated.size = 16384 (custom)
2021-10-04 02:04:41,298 [pool-208-thread-1] INFO  server.RaftServerConfigKeys (ConfUtils.java:logGet(44)) - raft.server.log.force.sync.num = 128 (default)
2021-10-04 02:04:41,298 [pool-208-thread-1] INFO  server.RaftServerConfigKeys (ConfUtils.java:logGet(44)) - raft.server.log.statemachine.data.sync = true (default)
2021-10-04 02:04:41,298 [pool-208-thread-1] INFO  server.RaftServerConfigKeys (ConfUtils.java:logGet(44)) - raft.server.log.statemachine.data.sync.timeout = 10s (default)
2021-10-04 02:04:41,298 [pool-208-thread-1] INFO  server.RaftServerConfigKeys (ConfUtils.java:logGet(44)) - raft.server.log.statemachine.data.sync.timeout.retry = -1 (default)
2021-10-04 02:04:41,299 [pool-208-thread-1] INFO  server.RaftServerConfigKeys (ConfUtils.java:logGet(44)) - raft.server.log.write.buffer.size = 64KB (=65536) (default)
2021-10-04 02:04:41,299 [pool-208-thread-1] INFO  server.RaftServerConfigKeys (ConfUtils.java:logGet(44)) - raft.server.log.statemachine.data.caching.enabled = false (default)
2021-10-04 02:04:41,299 [pool-208-thread-1] INFO  segmented.SegmentedRaftLogWorker (SegmentedRaftLogWorker.java:lambda$new$0(133)) - d10ebfff-67c6-465e-b891-a6f4e9e1af69@group-5E66DA880090-SegmentedRaftLogWorker: flushIndex: setUnconditionally 0 -> -1
2021-10-04 02:04:41,299 [pool-208-thread-1] INFO  segmented.SegmentedRaftLogWorker (SegmentedRaftLogWorker.java:lambda$new$0(133)) - d10ebfff-67c6-465e-b891-a6f4e9e1af69@group-5E66DA880090-SegmentedRaftLogWorker: safeCacheEvictIndex: setUnconditionally 0 -> -1
2021-10-04 02:04:41,303 [pool-208-thread-1] INFO  server.RaftServerConfigKeys (ConfUtils.java:logGet(44)) - raft.server.snapshot.auto.trigger.enabled = true (custom)
2021-10-04 02:04:41,303 [pool-208-thread-1] INFO  server.RaftServerConfigKeys (ConfUtils.java:logGet(44)) - raft.server.snapshot.auto.trigger.threshold = 5 (custom)
2021-10-04 02:04:41,303 [pool-208-thread-1] INFO  server.RaftServerConfigKeys (ConfUtils.java:logGet(44)) - raft.server.snapshot.retention.file.num = -1 (default)
2021-10-04 02:04:41,303 [pool-208-thread-1] INFO  server.RaftServerConfigKeys (ConfUtils.java:logGet(44)) - raft.server.log.purge.upto.snapshot.index = true (custom)
2021-10-04 02:04:41,303 [pool-208-thread-1] INFO  server.RaftServerConfigKeys (ConfUtils.java:logGet(44)) - raft.server.retrycache.expirytime = 60000ms (default)
2021-10-04 02:04:41,303 [pool-208-thread-1] INFO  server.RaftServerConfigKeys (ConfUtils.java:logGet(44)) - raft.server.retrycache.statistics.expirytime = 100μs (default)
2021-10-04 02:04:41,304 [Listener at 0.0.0.0/12095] INFO  ha.SCMSnapshotProvider (SCMSnapshotProvider.java:<init>(66)) - Initializing SCM Snapshot Provider
2021-10-04 02:04:41,304 [Listener at 0.0.0.0/12095] WARN  server.ServerUtils (ServerUtils.java:getDefaultRatisDirectory(237)) - Storage directory for Ratis is not configured. It is a good idea to map this to an SSD disk. Falling back to ozone.metadata.dirs
2021-10-04 02:04:41,305 [Listener at 0.0.0.0/12095] WARN  ha.SCMHAUtils (SCMHAUtils.java:getSCMRatisSnapshotDirectory(146)) - SCM snapshot dir is not configured. Falling back to ozone.metadata.dirs config
2021-10-04 02:04:41,308 [Listener at 0.0.0.0/12095] INFO  ha.SequenceIdGenerator (SequenceIdGenerator.java:upgradeToSequenceId(347)) - upgrade localId to 107544261427200000
2021-10-04 02:04:41,308 [Listener at 0.0.0.0/12095] INFO  ha.SequenceIdGenerator (SequenceIdGenerator.java:upgradeToSequenceId(357)) - upgrade delTxnId to 0
2021-10-04 02:04:41,308 [Listener at 0.0.0.0/12095] INFO  ha.SequenceIdGenerator (SequenceIdGenerator.java:upgradeToSequenceId(371)) - upgrade containerId to 0
2021-10-04 02:04:41,308 [Listener at 0.0.0.0/12095] INFO  ha.SequenceIdGenerator (SequenceIdGenerator.java:<init>(218)) - Init the HA SequenceIdGenerator.
2021-10-04 02:04:41,309 [Listener at 0.0.0.0/12095] WARN  server.ServerUtils (ServerUtils.java:sanitizeUserArgs(73)) - ozone.scm.stale.node.interval value = 300000 is larger than max = 100000 based on the key value of ozone.scm.heartbeat.thread.interval, reset to the max value 100000.
2021-10-04 02:04:41,309 [Listener at 0.0.0.0/12095] WARN  server.ServerUtils (ServerUtils.java:sanitizeUserArgs(73)) - ozone.scm.stale.node.interval value = 300000 is larger than max = 100000 based on the key value of ozone.scm.heartbeat.thread.interval, reset to the max value 100000.
2021-10-04 02:04:41,314 [Listener at 0.0.0.0/12095] INFO  node.SCMNodeManager (SCMNodeManager.java:<init>(144)) - Entering startup safe mode.
2021-10-04 02:04:41,315 [Listener at 0.0.0.0/12095] INFO  algorithms.ContainerPlacementPolicyFactory (ContainerPlacementPolicyFactory.java:getPolicy(60)) - Create container placement policy of type org.apache.hadoop.hdds.scm.container.placement.algorithms.SCMContainerPlacementRandom
2021-10-04 02:04:41,315 [Listener at 0.0.0.0/12095] INFO  pipeline.PipelineStateManagerImpl (PipelineStateManagerImpl.java:initialize(78)) - No pipeline exists in current db
2021-10-04 02:04:41,316 [Listener at 0.0.0.0/12095] INFO  algorithms.LeaderChoosePolicyFactory (LeaderChoosePolicyFactory.java:getPolicy(57)) - Create leader choose policy of type org.apache.hadoop.hdds.scm.pipeline.leader.choose.algorithms.MinLeaderCountChoosePolicy
2021-10-04 02:04:41,317 [Listener at 0.0.0.0/12095] INFO  ha.SCMServiceManager (SCMServiceManager.java:register(43)) - Registering service BackgroundPipelineCreator.
2021-10-04 02:04:41,317 [Listener at 0.0.0.0/12095] INFO  pipeline.BackgroundPipelineCreator (BackgroundPipelineCreatorV2.java:start(130)) - Starting RatisPipelineUtilsThread.
2021-10-04 02:04:41,318 [Listener at 0.0.0.0/12095] INFO  algorithms.PipelineChoosePolicyFactory (PipelineChoosePolicyFactory.java:createPipelineChoosePolicyFromClass(73)) - Create pipeline choose policy of type org.apache.hadoop.hdds.scm.pipeline.choose.algorithms.RandomPipelineChoosePolicy
2021-10-04 02:04:41,319 [Listener at 0.0.0.0/12095] INFO  ha.SCMServiceManager (SCMServiceManager.java:register(43)) - Registering service SCMBlockDeletingService.
2021-10-04 02:04:41,319 [Listener at 0.0.0.0/12095] INFO  ha.SCMServiceManager (SCMServiceManager.java:register(43)) - Registering service ReplicationManager.
2021-10-04 02:04:41,319 [Listener at 0.0.0.0/12095] INFO  container.ReplicationManager (ReplicationManager.java:start(319)) - Starting Replication Monitor Thread.
2021-10-04 02:04:41,327 [Listener at 0.0.0.0/12095] INFO  safemode.ContainerSafeModeRule (ContainerSafeModeRule.java:<init>(89)) - containers with one replica threshold count 0
2021-10-04 02:04:41,328 [Listener at 0.0.0.0/12095] INFO  safemode.HealthyPipelineSafeModeRule (HealthyPipelineSafeModeRule.java:initializeRule(156)) - Total pipeline count is 0, healthy pipeline threshold count is 1
2021-10-04 02:04:41,328 [Listener at 0.0.0.0/12095] INFO  safemode.OneReplicaPipelineSafeModeRule (OneReplicaPipelineSafeModeRule.java:initializeRule(180)) - Total pipeline count is 0, pipeline's with at least one datanode reported threshold count is 0
2021-10-04 02:04:41,339 [ReplicationMonitor] INFO  container.ReplicationManager (ReplicationManager.java:processAll(371)) - Replication Monitor Thread took 0 milliseconds for processing 0 containers.
2021-10-04 02:04:41,339 [Listener at 0.0.0.0/12095] INFO  ipc.CallQueueManager (CallQueueManager.java:<init>(90)) - Using callQueue: class java.util.concurrent.LinkedBlockingQueue, queueCapacity: 2000, scheduler: class org.apache.hadoop.ipc.DefaultRpcScheduler, ipcBackoff: false.
2021-10-04 02:04:41,343 [Socket Reader #1 for port 12103] INFO  ipc.Server (Server.java:run(1265)) - Starting Socket Reader #1 for port 12103
2021-10-04 02:04:41,351 [Listener at 0.0.0.0/12103] INFO  ipc.CallQueueManager (CallQueueManager.java:<init>(90)) - Using callQueue: class java.util.concurrent.LinkedBlockingQueue, queueCapacity: 2000, scheduler: class org.apache.hadoop.ipc.DefaultRpcScheduler, ipcBackoff: false.
2021-10-04 02:04:41,353 [Socket Reader #1 for port 12104] INFO  ipc.Server (Server.java:run(1265)) - Starting Socket Reader #1 for port 12104
2021-10-04 02:04:41,363 [Listener at 0.0.0.0/12104] INFO  ipc.CallQueueManager (CallQueueManager.java:<init>(90)) - Using callQueue: class java.util.concurrent.LinkedBlockingQueue, queueCapacity: 2000, scheduler: class org.apache.hadoop.ipc.DefaultRpcScheduler, ipcBackoff: false.
2021-10-04 02:04:41,368 [Socket Reader #1 for port 12105] INFO  ipc.Server (Server.java:run(1265)) - Starting Socket Reader #1 for port 12105
2021-10-04 02:04:41,400 [Listener at 0.0.0.0/12105] INFO  algorithms.ContainerPlacementPolicyFactory (ContainerPlacementPolicyFactory.java:getPolicy(60)) - Create container placement policy of type org.apache.hadoop.hdds.scm.container.placement.algorithms.SCMContainerPlacementRandom
2021-10-04 02:04:41,401 [Listener at 0.0.0.0/12105] INFO  server.StorageContainerManager (StorageContainerManager.java:<init>(388)) - 
Container Balancer status:
Key                            Value
Running                        false
Container Balancer Configuration values:
Key                                                Value
Threshold                                          0.1
Max Datanodes to Involve per Iteration(ratio)      0.2
Max Size to Move per Iteration                     32212254720B

2021-10-04 02:04:41,401 [Listener at 0.0.0.0/12105] WARN  events.EventQueue (EventQueue.java:fireEvent(194)) - No event handler registered for event TypedEvent{payloadType=SafeModeStatus, name='Safe mode status'}
2021-10-04 02:04:41,402 [Listener at 0.0.0.0/12105] INFO  ha.SCMContext (SCMContext.java:updateSafeModeStatus(205)) - Update SafeModeStatus from SafeModeStatus{safeModeStatus=true, preCheckPassed=false} to SafeModeStatus{safeModeStatus=true, preCheckPassed=false}.
2021-10-04 02:04:41,402 [Listener at 0.0.0.0/12105] INFO  server.StorageContainerManager (StorageContainerManager.java:start(1303)) - StorageContainerLocationProtocol RPC server is listening at /0.0.0.0:12105
2021-10-04 02:04:41,402 [Listener at 0.0.0.0/12105] INFO  ha.SCMRatisServerImpl (SCMRatisServerImpl.java:start(177)) - starting ratis server 0.0.0.0:12102
2021-10-04 02:04:41,403 [Listener at 0.0.0.0/12105] INFO  server.RaftServer$Division (RaftServerImpl.java:start(299)) - d10ebfff-67c6-465e-b891-a6f4e9e1af69@group-5E66DA880090: start with initializing state, conf=-1: [], old=null
2021-10-04 02:04:41,403 [Listener at 0.0.0.0/12105] INFO  server.RaftServer$Division (RaftServerImpl.java:setRole(285)) - d10ebfff-67c6-465e-b891-a6f4e9e1af69@group-5E66DA880090: changes role from      null to FOLLOWER at term 0 for startInitializing
2021-10-04 02:04:41,403 [Listener at 0.0.0.0/12105] INFO  util.JmxRegister (JmxRegister.java:tryRegister(44)) - Successfully registered JMX Bean with object name Ratis:service=RaftServer,group=group-5E66DA880090,id=d10ebfff-67c6-465e-b891-a6f4e9e1af69
2021-10-04 02:04:41,404 [Listener at 0.0.0.0/12105] INFO  server.RaftServer (RaftServerProxy.java:lambda$start$5(374)) - d10ebfff-67c6-465e-b891-a6f4e9e1af69: start RPC server
2021-10-04 02:04:41,405 [EndpointStateMachine task thread for /127.0.0.1:14511 - 0 ] INFO  ipc.Client (Client.java:handleConnectionFailure(977)) - Retrying connect to server: localhost/127.0.0.1:14511. Already tried 14 time(s); retry policy is RetryUpToMaximumCountWithFixedSleep(maxRetries=15, sleepTime=1000 MILLISECONDS)
2021-10-04 02:04:41,405 [Listener at 0.0.0.0/12105] INFO  server.GrpcService (GrpcService.java:startImpl(253)) - d10ebfff-67c6-465e-b891-a6f4e9e1af69: GrpcService started, listening on 12102
2021-10-04 02:04:41,406 [Listener at 0.0.0.0/12105] INFO  ha.SCMNodeInfo (SCMNodeInfo.java:getPort(197)) - ConfigKey ozone.scm.client.address is deprecated, For configuring different ports for each SCM use PortConfigKey ozone.scm.client.port appended with serviceId and nodeId
2021-10-04 02:04:41,406 [Listener at 0.0.0.0/12105] INFO  ha.SCMNodeInfo (SCMNodeInfo.java:getPort(197)) - ConfigKey ozone.scm.block.client.address is deprecated, For configuring different ports for each SCM use PortConfigKey ozone.scm.block.client.port appended with serviceId and nodeId
2021-10-04 02:04:41,406 [Listener at 0.0.0.0/12105] INFO  ha.SCMNodeInfo (SCMNodeInfo.java:getPort(197)) - ConfigKey ozone.scm.datanode.address is deprecated, For configuring different ports for each SCM use PortConfigKey ozone.scm.datanode.port appended with serviceId and nodeId
2021-10-04 02:04:41,406 [Listener at 0.0.0.0/12105] INFO  ha.SCMNodeInfo (SCMNodeInfo.java:getPort(197)) - ConfigKey ozone.scm.client.address is deprecated, For configuring different ports for each SCM use PortConfigKey ozone.scm.client.port appended with serviceId and nodeId
2021-10-04 02:04:41,407 [Listener at 0.0.0.0/12105] INFO  ha.SCMNodeInfo (SCMNodeInfo.java:getPort(197)) - ConfigKey ozone.scm.block.client.address is deprecated, For configuring different ports for each SCM use PortConfigKey ozone.scm.block.client.port appended with serviceId and nodeId
2021-10-04 02:04:41,407 [Listener at 0.0.0.0/12105] INFO  ha.SCMNodeInfo (SCMNodeInfo.java:getPort(197)) - ConfigKey ozone.scm.datanode.address is deprecated, For configuring different ports for each SCM use PortConfigKey ozone.scm.datanode.port appended with serviceId and nodeId
2021-10-04 02:04:41,407 [EndpointStateMachine task thread for /127.0.0.1:14511 - 0 ] WARN  statemachine.EndpointStateMachine (EndpointStateMachine.java:logIfNeeded(236)) - Unable to communicate to SCM server at localhost:14511 for past 0 seconds.
java.net.ConnectException: Call From fv-az396-153/10.1.0.36 to localhost:14511 failed on connection exception: java.net.ConnectException: Connection refused; For more details see:  http://wiki.apache.org/hadoop/ConnectionRefused
	at sun.reflect.NativeConstructorAccessorImpl.newInstance0(Native Method)
	at sun.reflect.NativeConstructorAccessorImpl.newInstance(NativeConstructorAccessorImpl.java:62)
	at sun.reflect.DelegatingConstructorAccessorImpl.newInstance(DelegatingConstructorAccessorImpl.java:45)
	at java.lang.reflect.Constructor.newInstance(Constructor.java:423)
	at org.apache.hadoop.net.NetUtils.wrapWithMessage(NetUtils.java:913)
	at org.apache.hadoop.net.NetUtils.wrapException(NetUtils.java:828)
	at org.apache.hadoop.ipc.Client.getRpcResponse(Client.java:1577)
	at org.apache.hadoop.ipc.Client.call(Client.java:1519)
	at org.apache.hadoop.ipc.Client.call(Client.java:1416)
	at org.apache.hadoop.ipc.ProtobufRpcEngine$Invoker.invoke(ProtobufRpcEngine.java:236)
	at org.apache.hadoop.ipc.ProtobufRpcEngine$Invoker.invoke(ProtobufRpcEngine.java:123)
	at com.sun.proxy.$Proxy48.submitRequest(Unknown Source)
	at org.apache.hadoop.ozone.protocolPB.StorageContainerDatanodeProtocolClientSideTranslatorPB.submitRequest(StorageContainerDatanodeProtocolClientSideTranslatorPB.java:117)
	at org.apache.hadoop.ozone.protocolPB.StorageContainerDatanodeProtocolClientSideTranslatorPB.sendHeartbeat(StorageContainerDatanodeProtocolClientSideTranslatorPB.java:149)
	at org.apache.hadoop.ozone.container.common.states.endpoint.HeartbeatEndpointTask.call(HeartbeatEndpointTask.java:179)
	at org.apache.hadoop.ozone.container.common.states.endpoint.HeartbeatEndpointTask.call(HeartbeatEndpointTask.java:82)
	at java.util.concurrent.FutureTask.run(FutureTask.java:266)
	at java.util.concurrent.ThreadPoolExecutor.runWorker(ThreadPoolExecutor.java:1149)
	at java.util.concurrent.ThreadPoolExecutor$Worker.run(ThreadPoolExecutor.java:624)
	at java.lang.Thread.run(Thread.java:748)
Caused by: java.net.ConnectException: Connection refused
	at sun.nio.ch.SocketChannelImpl.checkConnect(Native Method)
	at sun.nio.ch.SocketChannelImpl.finishConnect(SocketChannelImpl.java:716)
	at org.apache.hadoop.net.SocketIOWithTimeout.connect(SocketIOWithTimeout.java:206)
	at org.apache.hadoop.net.NetUtils.connect(NetUtils.java:586)
	at org.apache.hadoop.ipc.Client$Connection.setupConnection(Client.java:701)
	at org.apache.hadoop.ipc.Client$Connection.setupIOstreams(Client.java:822)
	at org.apache.hadoop.ipc.Client$Connection.access$3800(Client.java:414)
	at org.apache.hadoop.ipc.Client.getConnection(Client.java:1647)
	at org.apache.hadoop.ipc.Client.call(Client.java:1463)
	... 12 more
2021-10-04 02:04:41,407 [Listener at 0.0.0.0/12105] INFO  ha.SCMNodeInfo (SCMNodeInfo.java:getPort(197)) - ConfigKey ozone.scm.client.address is deprecated, For configuring different ports for each SCM use PortConfigKey ozone.scm.client.port appended with serviceId and nodeId
2021-10-04 02:04:41,410 [Listener at 0.0.0.0/12105] INFO  ha.SCMNodeInfo (SCMNodeInfo.java:getPort(197)) - ConfigKey ozone.scm.block.client.address is deprecated, For configuring different ports for each SCM use PortConfigKey ozone.scm.block.client.port appended with serviceId and nodeId
2021-10-04 02:04:41,410 [Listener at 0.0.0.0/12105] INFO  ha.SCMNodeInfo (SCMNodeInfo.java:getPort(197)) - ConfigKey ozone.scm.datanode.address is deprecated, For configuring different ports for each SCM use PortConfigKey ozone.scm.datanode.port appended with serviceId and nodeId
2021-10-04 02:04:41,416 [org.apache.ratis.util.JvmPauseMonitor$$Lambda$499/1387671967@24408aa1] INFO  util.JvmPauseMonitor (JvmPauseMonitor.java:run(103)) - JvmPauseMonitor-d10ebfff-67c6-465e-b891-a6f4e9e1af69: Started
2021-10-04 02:04:41,425 [IPC Server handler 2 on default port 12094] INFO  ha.SCMRatisServerImpl (SCMRatisServerImpl.java:addSCM(291)) - 2dc1c52f-fb9b-4367-bdf1-93ff3bf143d5: Submitting SetConfiguration request to Ratis server with new SCM peers list: [2dc1c52f-fb9b-4367-bdf1-93ff3bf143d5|rpc:localhost:12092|admin:|client:|dataStream:|priority:0, d10ebfff-67c6-465e-b891-a6f4e9e1af69|rpc:localhost:12102|priority:0]
2021-10-04 02:04:41,425 [IPC Server handler 2 on default port 12094] INFO  server.RaftServer$Division (RaftServerImpl.java:setConfigurationAsync(971)) - 2dc1c52f-fb9b-4367-bdf1-93ff3bf143d5@group-5E66DA880090: receive setConfiguration SetConfigurationRequest:client-C2D29EDA76D2->2dc1c52f-fb9b-4367-bdf1-93ff3bf143d5@group-5E66DA880090, cid=0, seq=0, RW, null, peers:[2dc1c52f-fb9b-4367-bdf1-93ff3bf143d5|rpc:localhost:12092|admin:|client:|dataStream:|priority:0, d10ebfff-67c6-465e-b891-a6f4e9e1af69|rpc:localhost:12102|priority:0]
2021-10-04 02:04:41,426 [IPC Server handler 2 on default port 12094] INFO  server.RaftServer$Division (LeaderStateImpl.java:startSetConfiguration(345)) - 2dc1c52f-fb9b-4367-bdf1-93ff3bf143d5@group-5E66DA880090-LeaderStateImpl: startSetConfiguration SetConfigurationRequest:client-C2D29EDA76D2->2dc1c52f-fb9b-4367-bdf1-93ff3bf143d5@group-5E66DA880090, cid=0, seq=0, RW, null, peers:[2dc1c52f-fb9b-4367-bdf1-93ff3bf143d5|rpc:localhost:12092|admin:|client:|dataStream:|priority:0, d10ebfff-67c6-465e-b891-a6f4e9e1af69|rpc:localhost:12102|priority:0]
2021-10-04 02:04:41,426 [IPC Server handler 2 on default port 12094] INFO  server.RaftServerConfigKeys (ConfUtils.java:logGet(44)) - raft.server.log.appender.snapshot.chunk.size.max = 16MB (=16777216) (default)
2021-10-04 02:04:41,426 [IPC Server handler 2 on default port 12094] INFO  server.RaftServerConfigKeys (ConfUtils.java:logGet(44)) - raft.server.log.appender.buffer.byte-limit = 33554432 (custom)
2021-10-04 02:04:41,426 [IPC Server handler 2 on default port 12094] INFO  server.RaftServerConfigKeys (ConfUtils.java:logGet(44)) - raft.server.log.appender.buffer.element-limit = 1024 (custom)
2021-10-04 02:04:41,430 [IPC Server handler 2 on default port 12094] INFO  grpc.GrpcConfigKeys (ConfUtils.java:logGet(44)) - raft.grpc.server.leader.outstanding.appends.max = 128 (default)
2021-10-04 02:04:41,431 [IPC Server handler 2 on default port 12094] INFO  server.RaftServerConfigKeys (ConfUtils.java:logGet(44)) - raft.server.rpc.request.timeout = 30000ms (custom)
2021-10-04 02:04:41,431 [IPC Server handler 2 on default port 12094] INFO  server.RaftServerConfigKeys (ConfUtils.java:logGet(44)) - raft.server.log.appender.install.snapshot.enabled = false (custom)
2021-10-04 02:04:41,479 [grpc-default-executor-1] INFO  ha.SCMStateMachine (SCMStateMachine.java:notifyLeaderChanged(248)) - leader changed, yet current SCM is still follower.
2021-10-04 02:04:41,479 [grpc-default-executor-1] INFO  server.RaftServer$Division (ServerState.java:setLeader(285)) - d10ebfff-67c6-465e-b891-a6f4e9e1af69@group-5E66DA880090: change Leader from null to 2dc1c52f-fb9b-4367-bdf1-93ff3bf143d5 at term 2 for appendEntries, leader elected after 183ms
2021-10-04 02:04:41,480 [grpc-default-executor-1] INFO  impl.RoleInfo (RoleInfo.java:updateAndGet(130)) - d10ebfff-67c6-465e-b891-a6f4e9e1af69: start d10ebfff-67c6-465e-b891-a6f4e9e1af69@group-5E66DA880090-FollowerState
2021-10-04 02:04:41,486 [grpc-default-executor-1] INFO  server.RaftServer$Division (ServerState.java:setRaftConf(387)) - d10ebfff-67c6-465e-b891-a6f4e9e1af69@group-5E66DA880090: set configuration 0: [2dc1c52f-fb9b-4367-bdf1-93ff3bf143d5|rpc:localhost:12092|admin:|client:|dataStream:|priority:0], old=null
2021-10-04 02:04:41,486 [grpc-default-executor-1] INFO  server.RaftServer$Division (ServerState.java:setRaftConf(387)) - d10ebfff-67c6-465e-b891-a6f4e9e1af69@group-5E66DA880090: set configuration 1: [2dc1c52f-fb9b-4367-bdf1-93ff3bf143d5|rpc:localhost:12092|admin:|client:|dataStream:|priority:0], old=null
2021-10-04 02:04:41,486 [grpc-default-executor-1] INFO  segmented.SegmentedRaftLogWorker (SegmentedRaftLogWorker.java:startLogSegment(394)) - d10ebfff-67c6-465e-b891-a6f4e9e1af69@group-5E66DA880090-SegmentedRaftLogWorker: Starting segment from index:0
2021-10-04 02:04:41,487 [grpc-default-executor-1] INFO  segmented.SegmentedRaftLogWorker (SegmentedRaftLogWorker.java:rollLogSegment(399)) - d10ebfff-67c6-465e-b891-a6f4e9e1af69@group-5E66DA880090-SegmentedRaftLogWorker: Rolling segment log-0_0 to index:0
2021-10-04 02:04:41,488 [d10ebfff-67c6-465e-b891-a6f4e9e1af69@group-5E66DA880090-SegmentedRaftLogWorker] INFO  segmented.SegmentedRaftLogWorker (SegmentedRaftLogWorker.java:execute(601)) - d10ebfff-67c6-465e-b891-a6f4e9e1af69@group-5E66DA880090-SegmentedRaftLogWorker: created new log segment /home/runner/work/ozone/ozone/hadoop-ozone/integration-test/target/test-dir/MiniOzoneClusterImpl-aa9d709b-e9e6-4188-94b0-5e66da880090/scmNode-2/scm-ha/aa9d709b-e9e6-4188-94b0-5e66da880090/current/log_inprogress_0
2021-10-04 02:04:41,489 [d10ebfff-67c6-465e-b891-a6f4e9e1af69@group-5E66DA880090-SegmentedRaftLogWorker] INFO  segmented.SegmentedRaftLogWorker (SegmentedRaftLogWorker.java:execute(558)) - d10ebfff-67c6-465e-b891-a6f4e9e1af69@group-5E66DA880090-SegmentedRaftLogWorker: Rolled log segment from /home/runner/work/ozone/ozone/hadoop-ozone/integration-test/target/test-dir/MiniOzoneClusterImpl-aa9d709b-e9e6-4188-94b0-5e66da880090/scmNode-2/scm-ha/aa9d709b-e9e6-4188-94b0-5e66da880090/current/log_inprogress_0 to /home/runner/work/ozone/ozone/hadoop-ozone/integration-test/target/test-dir/MiniOzoneClusterImpl-aa9d709b-e9e6-4188-94b0-5e66da880090/scmNode-2/scm-ha/aa9d709b-e9e6-4188-94b0-5e66da880090/current/log_0-0
2021-10-04 02:04:41,490 [d10ebfff-67c6-465e-b891-a6f4e9e1af69@group-5E66DA880090-SegmentedRaftLogWorker] INFO  segmented.SegmentedRaftLogWorker (SegmentedRaftLogWorker.java:execute(601)) - d10ebfff-67c6-465e-b891-a6f4e9e1af69@group-5E66DA880090-SegmentedRaftLogWorker: created new log segment /home/runner/work/ozone/ozone/hadoop-ozone/integration-test/target/test-dir/MiniOzoneClusterImpl-aa9d709b-e9e6-4188-94b0-5e66da880090/scmNode-2/scm-ha/aa9d709b-e9e6-4188-94b0-5e66da880090/current/log_inprogress_1
2021-10-04 02:04:41,499 [d10ebfff-67c6-465e-b891-a6f4e9e1af69@group-5E66DA880090-StateMachineUpdater] INFO  safemode.HealthyPipelineSafeModeRule (HealthyPipelineSafeModeRule.java:initializeRule(152)) - Refreshed total pipeline count is 0, healthy pipeline threshold count is 1
2021-10-04 02:04:41,499 [d10ebfff-67c6-465e-b891-a6f4e9e1af69@group-5E66DA880090-StateMachineUpdater] INFO  safemode.ContainerSafeModeRule (ContainerSafeModeRule.java:reInitializeRule(177)) - Refreshed one replica container threshold 0, currentThreshold 0
2021-10-04 02:04:41,499 [d10ebfff-67c6-465e-b891-a6f4e9e1af69@group-5E66DA880090-StateMachineUpdater] INFO  safemode.OneReplicaPipelineSafeModeRule (OneReplicaPipelineSafeModeRule.java:initializeRule(176)) - Refreshed Total pipeline count is 0, pipeline's with at least one datanode reported threshold count is 0
2021-10-04 02:04:41,499 [d10ebfff-67c6-465e-b891-a6f4e9e1af69@group-5E66DA880090-StateMachineUpdater] INFO  server.SCMDatanodeProtocolServer (SCMDatanodeProtocolServer.java:start(181)) - RPC server for DataNodes is listening at /0.0.0.0:12103
2021-10-04 02:04:41,509 [IPC Server listener on 12103] INFO  ipc.Server (Server.java:run(1344)) - IPC Server listener on 12103: starting
2021-10-04 02:04:41,509 [IPC Server Responder] INFO  ipc.Server (Server.java:run(1507)) - IPC Server Responder: starting
2021-10-04 02:04:41,532 [2dc1c52f-fb9b-4367-bdf1-93ff3bf143d5@group-5E66DA880090-LeaderStateImpl] INFO  server.RaftServer$Division (ServerState.java:setRaftConf(387)) - 2dc1c52f-fb9b-4367-bdf1-93ff3bf143d5@group-5E66DA880090: set configuration 3: [2dc1c52f-fb9b-4367-bdf1-93ff3bf143d5|rpc:localhost:12092|admin:|client:|dataStream:|priority:0, d10ebfff-67c6-465e-b891-a6f4e9e1af69|rpc:localhost:12102|priority:0], old=[2dc1c52f-fb9b-4367-bdf1-93ff3bf143d5|rpc:localhost:12092|admin:|client:|dataStream:|priority:0]
2021-10-04 02:04:41,533 [grpc-default-executor-1] INFO  server.RaftServer$Division (ServerState.java:setRaftConf(387)) - d10ebfff-67c6-465e-b891-a6f4e9e1af69@group-5E66DA880090: set configuration 3: [2dc1c52f-fb9b-4367-bdf1-93ff3bf143d5|rpc:localhost:12092|admin:|client:|dataStream:|priority:0, d10ebfff-67c6-465e-b891-a6f4e9e1af69|rpc:localhost:12102|admin:|client:|dataStream:|priority:0], old=[2dc1c52f-fb9b-4367-bdf1-93ff3bf143d5|rpc:localhost:12092|admin:|client:|dataStream:|priority:0]
2021-10-04 02:04:41,538 [2dc1c52f-fb9b-4367-bdf1-93ff3bf143d5@group-5E66DA880090-LeaderStateImpl] INFO  server.RaftServer$Division (ServerState.java:setRaftConf(387)) - 2dc1c52f-fb9b-4367-bdf1-93ff3bf143d5@group-5E66DA880090: set configuration 5: [2dc1c52f-fb9b-4367-bdf1-93ff3bf143d5|rpc:localhost:12092|admin:|client:|dataStream:|priority:0, d10ebfff-67c6-465e-b891-a6f4e9e1af69|rpc:localhost:12102|priority:0], old=null
2021-10-04 02:04:41,540 [grpc-default-executor-1] INFO  server.RaftServer$Division (ServerState.java:setRaftConf(387)) - d10ebfff-67c6-465e-b891-a6f4e9e1af69@group-5E66DA880090: set configuration 5: [2dc1c52f-fb9b-4367-bdf1-93ff3bf143d5|rpc:localhost:12092|admin:|client:|dataStream:|priority:0, d10ebfff-67c6-465e-b891-a6f4e9e1af69|rpc:localhost:12102|admin:|client:|dataStream:|priority:0], old=null
2021-10-04 02:04:41,545 [2dc1c52f-fb9b-4367-bdf1-93ff3bf143d5@group-5E66DA880090-StateMachineUpdater] INFO  ha.SCMStateMachine (SCMStateMachine.java:takeSnapshot(290)) - Current Snapshot Index 5, takeSnapshot took 0 ms
2021-10-04 02:04:41,545 [2dc1c52f-fb9b-4367-bdf1-93ff3bf143d5@group-5E66DA880090-StateMachineUpdater] INFO  impl.StateMachineUpdater (StateMachineUpdater.java:takeSnapshot(281)) - 2dc1c52f-fb9b-4367-bdf1-93ff3bf143d5@group-5E66DA880090-StateMachineUpdater: Took a snapshot at index 5
2021-10-04 02:04:41,546 [2dc1c52f-fb9b-4367-bdf1-93ff3bf143d5@group-5E66DA880090-StateMachineUpdater] INFO  impl.StateMachineUpdater (StateMachineUpdater.java:lambda$new$0(89)) - 2dc1c52f-fb9b-4367-bdf1-93ff3bf143d5@group-5E66DA880090-StateMachineUpdater: snapshotIndex: updateIncreasingly -1 -> 5
2021-10-04 02:04:41,546 [2dc1c52f-fb9b-4367-bdf1-93ff3bf143d5@group-5E66DA880090-StateMachineUpdater] INFO  raftlog.RaftLog (RaftLogBase.java:purge(306)) - 2dc1c52f-fb9b-4367-bdf1-93ff3bf143d5@group-5E66DA880090-SegmentedRaftLog: purge 5
2021-10-04 02:04:41,546 [2dc1c52f-fb9b-4367-bdf1-93ff3bf143d5@group-5E66DA880090-StateMachineUpdater] INFO  raftlog.RaftLog (RaftLogBase.java:lambda$new$0(53)) - 2dc1c52f-fb9b-4367-bdf1-93ff3bf143d5@group-5E66DA880090-SegmentedRaftLog: snapshotIndex: updateIncreasingly -1 -> 5
2021-10-04 02:04:41,546 [2dc1c52f-fb9b-4367-bdf1-93ff3bf143d5@group-5E66DA880090-SegmentedRaftLogWorker] INFO  raftlog.RaftLog (RaftLogBase.java:lambda$new$0(53)) - 2dc1c52f-fb9b-4367-bdf1-93ff3bf143d5@group-5E66DA880090-SegmentedRaftLog: purgeIndex: updateToMax old=-1, new=0, updated? true
2021-10-04 02:04:41,546 [IPC Server handler 2 on default port 12094] INFO  ha.SCMRatisServerImpl (SCMRatisServerImpl.java:addSCM(302)) - Successfully added new SCM: d10ebfff-67c6-465e-b891-a6f4e9e1af69.
2021-10-04 02:04:41,547 [Listener at 0.0.0.0/12105] INFO  ha.SCMHAManagerImpl (SCMHAManagerImpl.java:start(116)) - Successfully added SCM scmNode-2 to group group-5E66DA880090:[2dc1c52f-fb9b-4367-bdf1-93ff3bf143d5|rpc:localhost:12092|admin:|client:|dataStream:|priority:0, d10ebfff-67c6-465e-b891-a6f4e9e1af69|rpc:localhost:12102|admin:|client:|dataStream:|priority:0]
2021-10-04 02:04:41,547 [Listener at 0.0.0.0/12105] INFO  ha.InterSCMGrpcService (InterSCMGrpcProtocolService.java:start(94)) - Starting SCM Grpc Service at port 12106
2021-10-04 02:04:41,550 [Listener at 0.0.0.0/12105] INFO  impl.MetricsSystemImpl (MetricsSystemImpl.java:init(158)) - StorageContainerManager metrics system started (again)
2021-10-04 02:04:41,566 [d10ebfff-67c6-465e-b891-a6f4e9e1af69@group-5E66DA880090-StateMachineUpdater] INFO  ha.SCMStateMachine (SCMStateMachine.java:takeSnapshot(290)) - Current Snapshot Index 5, takeSnapshot took 0 ms
2021-10-04 02:04:41,567 [EndpointStateMachine task thread for /127.0.0.1:14501 - 0 ] INFO  ipc.Client (Client.java:handleConnectionFailure(977)) - Retrying connect to server: localhost/127.0.0.1:14501. Already tried 14 time(s); retry policy is RetryUpToMaximumCountWithFixedSleep(maxRetries=15, sleepTime=1000 MILLISECONDS)
2021-10-04 02:04:41,567 [d10ebfff-67c6-465e-b891-a6f4e9e1af69@group-5E66DA880090-StateMachineUpdater] INFO  impl.StateMachineUpdater (StateMachineUpdater.java:takeSnapshot(281)) - d10ebfff-67c6-465e-b891-a6f4e9e1af69@group-5E66DA880090-StateMachineUpdater: Took a snapshot at index 5
2021-10-04 02:04:41,567 [d10ebfff-67c6-465e-b891-a6f4e9e1af69@group-5E66DA880090-StateMachineUpdater] INFO  impl.StateMachineUpdater (StateMachineUpdater.java:lambda$new$0(89)) - d10ebfff-67c6-465e-b891-a6f4e9e1af69@group-5E66DA880090-StateMachineUpdater: snapshotIndex: updateIncreasingly -1 -> 5
2021-10-04 02:04:41,567 [d10ebfff-67c6-465e-b891-a6f4e9e1af69@group-5E66DA880090-StateMachineUpdater] INFO  raftlog.RaftLog (RaftLogBase.java:purge(306)) - d10ebfff-67c6-465e-b891-a6f4e9e1af69@group-5E66DA880090-SegmentedRaftLog: purge 5
2021-10-04 02:04:41,567 [d10ebfff-67c6-465e-b891-a6f4e9e1af69@group-5E66DA880090-StateMachineUpdater] INFO  raftlog.RaftLog (RaftLogBase.java:lambda$new$0(53)) - d10ebfff-67c6-465e-b891-a6f4e9e1af69@group-5E66DA880090-SegmentedRaftLog: snapshotIndex: updateIncreasingly -1 -> 5
2021-10-04 02:04:41,567 [d10ebfff-67c6-465e-b891-a6f4e9e1af69@group-5E66DA880090-SegmentedRaftLogWorker] INFO  raftlog.RaftLog (RaftLogBase.java:lambda$new$0(53)) - d10ebfff-67c6-465e-b891-a6f4e9e1af69@group-5E66DA880090-SegmentedRaftLog: purgeIndex: updateToMax old=-1, new=0, updated? true
2021-10-04 02:04:41,567 [EndpointStateMachine task thread for /127.0.0.1:14521 - 0 ] INFO  ipc.Client (Client.java:handleConnectionFailure(977)) - Retrying connect to server: localhost/127.0.0.1:14521. Already tried 12 time(s); retry policy is RetryUpToMaximumCountWithFixedSleep(maxRetries=15, sleepTime=1000 MILLISECONDS)
2021-10-04 02:04:41,577 [Listener at 0.0.0.0/12105] INFO  server.SCMClientProtocolServer (SCMClientProtocolServer.java:start(164)) - RPC server for Client  is listening at /0.0.0.0:12105
2021-10-04 02:04:41,578 [IPC Server Responder] INFO  ipc.Server (Server.java:run(1507)) - IPC Server Responder: starting
2021-10-04 02:04:41,585 [IPC Server listener on 12105] INFO  ipc.Server (Server.java:run(1344)) - IPC Server listener on 12105: starting
2021-10-04 02:04:41,592 [Listener at 0.0.0.0/12105] INFO  server.StorageContainerManager (StorageContainerManager.java:start(1318)) - ScmBlockLocationProtocol RPC server is listening at /0.0.0.0:12104
2021-10-04 02:04:41,592 [Listener at 0.0.0.0/12105] INFO  server.SCMBlockProtocolServer (SCMBlockProtocolServer.java:start(151)) - RPC server for Block Protocol is listening at /0.0.0.0:12104
2021-10-04 02:04:41,592 [IPC Server Responder] INFO  ipc.Server (Server.java:run(1507)) - IPC Server Responder: starting
2021-10-04 02:04:41,593 [IPC Server listener on 12104] INFO  ipc.Server (Server.java:run(1344)) - IPC Server listener on 12104: starting
2021-10-04 02:04:41,601 [Listener at 0.0.0.0/12105] INFO  server.StorageContainerManager (StorageContainerManager.java:start(1324)) - ScmDatanodeProtocl RPC server is listening at /0.0.0.0:12103
2021-10-04 02:04:41,610 [Listener at 0.0.0.0/12105] INFO  http.BaseHttpServer (BaseHttpServer.java:newHttpServer2BuilderForOzone(209)) - Starting Web-server for scm at: http://0.0.0.0:12100
2021-10-04 02:04:41,610 [Listener at 0.0.0.0/12105] INFO  http.BaseHttpServer (BaseHttpServer.java:<init>(107)) - Hadoop Security Enabled: false Ozone Security Enabled: false Ozone HTTP Security Enabled: false 
2021-10-04 02:04:41,612 [Listener at 0.0.0.0/12105] INFO  server.AuthenticationFilter (AuthenticationFilter.java:constructSecretProvider(240)) - Unable to initialize FileSignerSecretProvider, falling back to use random secrets.
2021-10-04 02:04:41,612 [org.apache.hadoop.util.JvmPauseMonitor$Monitor@5ba6bd91] INFO  util.JvmPauseMonitor (JvmPauseMonitor.java:run(188)) - Starting JVM pause monitor
2021-10-04 02:04:41,614 [Listener at 0.0.0.0/12105] WARN  http.HttpRequestLog (HttpRequestLog.java:getRequestLog(103)) - Jetty request log can only be enabled using Log4j
2021-10-04 02:04:41,616 [Listener at 0.0.0.0/12105] INFO  http.HttpServer2 (HttpServer2.java:addGlobalFilter(1030)) - Added global filter 'safety' (class=org.apache.hadoop.hdds.server.http.HttpServer2$QuotingInputFilter)
2021-10-04 02:04:41,617 [Listener at 0.0.0.0/12105] INFO  http.HttpServer2 (HttpServer2.java:addFilter(1006)) - Added filter static_user_filter (class=org.apache.hadoop.http.lib.StaticUserWebFilter$StaticUserFilter) to context scm
2021-10-04 02:04:41,617 [Listener at 0.0.0.0/12105] INFO  http.HttpServer2 (HttpServer2.java:addFilter(1014)) - Added filter static_user_filter (class=org.apache.hadoop.http.lib.StaticUserWebFilter$StaticUserFilter) to context static
2021-10-04 02:04:41,617 [Listener at 0.0.0.0/12105] INFO  http.HttpServer2 (HttpServer2.java:addFilter(1014)) - Added filter static_user_filter (class=org.apache.hadoop.http.lib.StaticUserWebFilter$StaticUserFilter) to context logs
2021-10-04 02:04:41,619 [Listener at 0.0.0.0/12105] INFO  http.HttpServer2 (HttpServer2.java:bindListener(1249)) - Jetty bound to port 12100
2021-10-04 02:04:41,619 [Listener at 0.0.0.0/12105] INFO  server.Server (Server.java:doStart(375)) - jetty-9.4.43.v20210629; built: 2021-06-30T11:07:22.254Z; git: 526006ecfa3af7f1a27ef3a288e2bef7ea9dd7e8; jvm 1.8.0_292-b10
2021-10-04 02:04:41,621 [Listener at 0.0.0.0/12105] INFO  server.session (DefaultSessionIdManager.java:doStart(334)) - DefaultSessionIdManager workerName=node0
2021-10-04 02:04:41,621 [Listener at 0.0.0.0/12105] INFO  server.session (DefaultSessionIdManager.java:doStart(339)) - No SessionScavenger set, using defaults
2021-10-04 02:04:41,621 [Listener at 0.0.0.0/12105] INFO  server.session (HouseKeeper.java:startScavenging(132)) - node0 Scavenging every 600000ms
2021-10-04 02:04:41,623 [Listener at 0.0.0.0/12105] INFO  handler.ContextHandler (ContextHandler.java:doStart(915)) - Started o.e.j.s.ServletContextHandler@3770cb15{logs,/logs,file:///home/runner/work/ozone/ozone/hadoop-ozone/integration-test/target/log,AVAILABLE}
2021-10-04 02:04:41,623 [Listener at 0.0.0.0/12105] INFO  handler.ContextHandler (ContextHandler.java:doStart(915)) - Started o.e.j.s.ServletContextHandler@5223eb62{static,/static,file:///home/runner/work/ozone/ozone/hadoop-ozone/integration-test/target/test-classes/webapps/static,AVAILABLE}
2021-10-04 02:04:41,630 [Listener at 0.0.0.0/12105] INFO  handler.ContextHandler (ContextHandler.java:doStart(915)) - Started o.e.j.w.WebAppContext@4dfb114e{scm,/,file:///home/runner/work/ozone/ozone/hadoop-ozone/integration-test/target/test-classes/webapps/scm/,AVAILABLE}{file:/home/runner/work/ozone/ozone/hadoop-ozone/integration-test/target/test-classes/webapps/scm}
2021-10-04 02:04:41,634 [Listener at 0.0.0.0/12105] INFO  server.AbstractConnector (AbstractConnector.java:doStart(331)) - Started ServerConnector@1267c7b1{HTTP/1.1, (http/1.1)}{0.0.0.0:12100}
2021-10-04 02:04:41,634 [Listener at 0.0.0.0/12105] INFO  server.Server (Server.java:doStart(415)) - Started @84739ms
2021-10-04 02:04:41,635 [Listener at 0.0.0.0/12105] WARN  impl.MetricsSystemImpl (MetricsSystemImpl.java:register(279)) - Sink prometheus already exists!
2021-10-04 02:04:41,636 [Listener at 0.0.0.0/12105] INFO  http.BaseHttpServer (BaseHttpServer.java:updateConnectorAddress(329)) - HTTP server of scm listening at http://0.0.0.0:12100
2021-10-04 02:04:41,636 [Listener at 0.0.0.0/12105] INFO  ozone.MiniOzoneHAClusterImpl (MiniOzoneHAClusterImpl.java:createSCMService(564)) - Started SCM RPC server at org.apache.hadoop.hdds.scm.server.SCMClientProtocolServer@5124b461
2021-10-04 02:04:41,637 [Listener at 0.0.0.0/12105] INFO  ha.SCMHANodeDetails (SCMHANodeDetails.java:loadSCMHAConfig(157)) - ServiceID for StorageContainerManager is scm-service-test1
2021-10-04 02:04:41,637 [Listener at 0.0.0.0/12105] INFO  ha.SCMHANodeDetails (SCMHANodeDetails.java:loadSCMHAConfig(168)) - ServiceID for StorageContainerManager is scm-service-test1
2021-10-04 02:04:41,637 [Listener at 0.0.0.0/12105] WARN  scm.ScmUtils (ScmUtils.java:logWarn(179)) - ConfigKey ozone.scm.block.client.address is deprecated, For configuring different ports for each SCM use PortConfigKey ozone.scm.block.client.port appended with serviceId and nodeId. If want to configure same port configure ozone.scm.block.client.port
2021-10-04 02:04:41,637 [Listener at 0.0.0.0/12105] WARN  scm.ScmUtils (ScmUtils.java:logWarn(179)) - ConfigKey ozone.scm.client.address is deprecated, For configuring different ports for each SCM use PortConfigKey ozone.scm.client.port appended with serviceId and nodeId. If want to configure same port configure ozone.scm.client.port
2021-10-04 02:04:41,639 [Listener at 0.0.0.0/12105] WARN  scm.ScmUtils (ScmUtils.java:logWarn(179)) - ConfigKey ozone.scm.datanode.address is deprecated, For configuring different ports for each SCM use PortConfigKey ozone.scm.datanode.port appended with serviceId and nodeId. If want to configure same port configure ozone.scm.datanode.port
2021-10-04 02:04:41,639 [Listener at 0.0.0.0/12105] WARN  scm.ScmUtils (ScmUtils.java:logWarn(179)) - ConfigKey ozone.scm.block.client.address is deprecated, For configuring different ports for each SCM use PortConfigKey ozone.scm.block.client.port appended with serviceId and nodeId. If want to configure same port configure ozone.scm.block.client.port
2021-10-04 02:04:41,640 [Listener at 0.0.0.0/12105] WARN  scm.ScmUtils (ScmUtils.java:logWarn(179)) - ConfigKey ozone.scm.client.address is deprecated, For configuring different ports for each SCM use PortConfigKey ozone.scm.client.port appended with serviceId and nodeId. If want to configure same port configure ozone.scm.client.port
2021-10-04 02:04:41,641 [Listener at 0.0.0.0/12105] WARN  scm.ScmUtils (ScmUtils.java:logWarn(179)) - ConfigKey ozone.scm.datanode.address is deprecated, For configuring different ports for each SCM use PortConfigKey ozone.scm.datanode.port appended with serviceId and nodeId. If want to configure same port configure ozone.scm.datanode.port
2021-10-04 02:04:41,647 [Listener at 0.0.0.0/12105] INFO  ha.SCMHANodeDetails (SCMHANodeDetails.java:loadSCMHAConfig(250)) - Found matching SCM address with SCMServiceId: scm-service-test1, SCMNodeId: scmNode-3, RPC Address: localhost:12112 and Ratis port: 12112
2021-10-04 02:04:41,650 [Listener at 0.0.0.0/12105] INFO  ha.SCMHANodeDetails (ConfUtils.java:setNodeSpecificConfigs(108)) - Setting configuration key ozone.scm.datanode.address with value of key ozone.scm.datanode.address.scm-service-test1.scmNode-3: 127.0.0.1:12113
2021-10-04 02:04:41,650 [Listener at 0.0.0.0/12105] INFO  ha.SCMHANodeDetails (ConfUtils.java:setNodeSpecificConfigs(108)) - Setting configuration key ozone.scm.block.client.address with value of key ozone.scm.block.client.address.scm-service-test1.scmNode-3: 127.0.0.1:12114
2021-10-04 02:04:41,651 [Listener at 0.0.0.0/12105] INFO  ha.SCMHANodeDetails (ConfUtils.java:setNodeSpecificConfigs(108)) - Setting configuration key ozone.scm.client.address with value of key ozone.scm.client.address.scm-service-test1.scmNode-3: 127.0.0.1:12115
2021-10-04 02:04:41,651 [Listener at 0.0.0.0/12105] INFO  ha.SCMHANodeDetails (ConfUtils.java:setNodeSpecificConfigs(108)) - Setting configuration key ozone.scm.ratis.port with value of key ozone.scm.ratis.port.scm-service-test1.scmNode-3: 12112
2021-10-04 02:04:41,651 [Listener at 0.0.0.0/12105] INFO  ha.SCMHANodeDetails (ConfUtils.java:setNodeSpecificConfigs(108)) - Setting configuration key ozone.scm.grpc.port with value of key ozone.scm.grpc.port.scm-service-test1.scmNode-3: 12116
2021-10-04 02:04:41,651 [Listener at 0.0.0.0/12105] INFO  ha.SCMHANodeDetails (ConfUtils.java:setNodeSpecificConfigs(108)) - Setting configuration key ozone.scm.http-address with value of key ozone.scm.http-address.scm-service-test1.scmNode-3: 127.0.0.1:12110
2021-10-04 02:04:41,651 [Listener at 0.0.0.0/12105] INFO  ha.SCMHANodeDetails (ConfUtils.java:setNodeSpecificConfigs(108)) - Setting configuration key ozone.scm.https-address with value of key ozone.scm.https-address.scm-service-test1.scmNode-3: 127.0.0.1:12111
2021-10-04 02:04:41,651 [Listener at 0.0.0.0/12105] INFO  ha.SCMHANodeDetails (ConfUtils.java:setNodeSpecificConfigs(108)) - Setting configuration key ozone.scm.address with value of key ozone.scm.address.scm-service-test1.scmNode-3: 127.0.0.1
2021-10-04 02:04:41,652 [Listener at 0.0.0.0/12105] WARN  scm.ScmUtils (ScmUtils.java:logWarn(179)) - ConfigKey ozone.scm.block.client.address is deprecated, For configuring different ports for each SCM use PortConfigKey ozone.scm.block.client.port appended with serviceId and nodeId. If want to configure same port configure ozone.scm.block.client.port
2021-10-04 02:04:41,652 [Listener at 0.0.0.0/12105] WARN  scm.ScmUtils (ScmUtils.java:logWarn(179)) - ConfigKey ozone.scm.client.address is deprecated, For configuring different ports for each SCM use PortConfigKey ozone.scm.client.port appended with serviceId and nodeId. If want to configure same port configure ozone.scm.client.port
2021-10-04 02:04:41,652 [Listener at 0.0.0.0/12105] WARN  scm.ScmUtils (ScmUtils.java:logWarn(179)) - ConfigKey ozone.scm.datanode.address is deprecated, For configuring different ports for each SCM use PortConfigKey ozone.scm.datanode.port appended with serviceId and nodeId. If want to configure same port configure ozone.scm.datanode.port
2021-10-04 02:04:41,652 [Listener at 0.0.0.0/12105] WARN  server.ServerUtils (ServerUtils.java:getScmDbDir(148)) - ozone.scm.db.dirs is not configured. We recommend adding this setting. Falling back to ozone.metadata.dirs instead.
2021-10-04 02:04:41,654 [Listener at 0.0.0.0/12105] INFO  ha.SCMNodeInfo (SCMNodeInfo.java:getPort(197)) - ConfigKey ozone.scm.client.address is deprecated, For configuring different ports for each SCM use PortConfigKey ozone.scm.client.port appended with serviceId and nodeId
2021-10-04 02:04:41,670 [Listener at 0.0.0.0/12105] INFO  ha.SCMNodeInfo (SCMNodeInfo.java:getPort(197)) - ConfigKey ozone.scm.block.client.address is deprecated, For configuring different ports for each SCM use PortConfigKey ozone.scm.block.client.port appended with serviceId and nodeId
2021-10-04 02:04:41,670 [Listener at 0.0.0.0/12105] INFO  ha.SCMNodeInfo (SCMNodeInfo.java:getPort(197)) - ConfigKey ozone.scm.datanode.address is deprecated, For configuring different ports for each SCM use PortConfigKey ozone.scm.datanode.port appended with serviceId and nodeId
2021-10-04 02:04:41,670 [Listener at 0.0.0.0/12105] INFO  ha.SCMNodeInfo (SCMNodeInfo.java:getPort(197)) - ConfigKey ozone.scm.client.address is deprecated, For configuring different ports for each SCM use PortConfigKey ozone.scm.client.port appended with serviceId and nodeId
2021-10-04 02:04:41,671 [Listener at 0.0.0.0/12105] INFO  ha.SCMNodeInfo (SCMNodeInfo.java:getPort(197)) - ConfigKey ozone.scm.block.client.address is deprecated, For configuring different ports for each SCM use PortConfigKey ozone.scm.block.client.port appended with serviceId and nodeId
2021-10-04 02:04:41,671 [Listener at 0.0.0.0/12105] INFO  ha.SCMNodeInfo (SCMNodeInfo.java:getPort(197)) - ConfigKey ozone.scm.datanode.address is deprecated, For configuring different ports for each SCM use PortConfigKey ozone.scm.datanode.port appended with serviceId and nodeId
2021-10-04 02:04:41,671 [Listener at 0.0.0.0/12105] INFO  ha.SCMNodeInfo (SCMNodeInfo.java:getPort(197)) - ConfigKey ozone.scm.client.address is deprecated, For configuring different ports for each SCM use PortConfigKey ozone.scm.client.port appended with serviceId and nodeId
2021-10-04 02:04:41,671 [Listener at 0.0.0.0/12105] INFO  ha.SCMNodeInfo (SCMNodeInfo.java:getPort(197)) - ConfigKey ozone.scm.block.client.address is deprecated, For configuring different ports for each SCM use PortConfigKey ozone.scm.block.client.port appended with serviceId and nodeId
2021-10-04 02:04:41,673 [Listener at 0.0.0.0/12105] INFO  ha.SCMNodeInfo (SCMNodeInfo.java:getPort(197)) - ConfigKey ozone.scm.datanode.address is deprecated, For configuring different ports for each SCM use PortConfigKey ozone.scm.datanode.port appended with serviceId and nodeId
2021-10-04 02:04:41,686 [Listener at 0.0.0.0/12105] INFO  server.StorageContainerManager (StorageContainerManager.java:scmBootstrap(987)) - SCM BootStrap  is successful for ClusterID aa9d709b-e9e6-4188-94b0-5e66da880090, SCMID 94c0b71e-ed47-4cac-b73a-77caea691f8c
2021-10-04 02:04:41,686 [Listener at 0.0.0.0/12105] INFO  server.StorageContainerManager (StorageContainerManager.java:scmBootstrap(989)) - Primary SCM Node ID 2dc1c52f-fb9b-4367-bdf1-93ff3bf143d5
2021-10-04 02:04:41,686 [Listener at 0.0.0.0/12105] INFO  ha.SCMHANodeDetails (SCMHANodeDetails.java:loadSCMHAConfig(157)) - ServiceID for StorageContainerManager is scm-service-test1
2021-10-04 02:04:41,686 [Listener at 0.0.0.0/12105] INFO  ha.SCMHANodeDetails (SCMHANodeDetails.java:loadSCMHAConfig(168)) - ServiceID for StorageContainerManager is scm-service-test1
2021-10-04 02:04:41,687 [Listener at 0.0.0.0/12105] WARN  scm.ScmUtils (ScmUtils.java:logWarn(179)) - ConfigKey ozone.scm.block.client.address is deprecated, For configuring different ports for each SCM use PortConfigKey ozone.scm.block.client.port appended with serviceId and nodeId. If want to configure same port configure ozone.scm.block.client.port
2021-10-04 02:04:41,687 [Listener at 0.0.0.0/12105] WARN  scm.ScmUtils (ScmUtils.java:logWarn(179)) - ConfigKey ozone.scm.client.address is deprecated, For configuring different ports for each SCM use PortConfigKey ozone.scm.client.port appended with serviceId and nodeId. If want to configure same port configure ozone.scm.client.port
2021-10-04 02:04:41,687 [Listener at 0.0.0.0/12105] WARN  scm.ScmUtils (ScmUtils.java:logWarn(179)) - ConfigKey ozone.scm.datanode.address is deprecated, For configuring different ports for each SCM use PortConfigKey ozone.scm.datanode.port appended with serviceId and nodeId. If want to configure same port configure ozone.scm.datanode.port
2021-10-04 02:04:41,687 [Listener at 0.0.0.0/12105] WARN  scm.ScmUtils (ScmUtils.java:logWarn(179)) - ConfigKey ozone.scm.block.client.address is deprecated, For configuring different ports for each SCM use PortConfigKey ozone.scm.block.client.port appended with serviceId and nodeId. If want to configure same port configure ozone.scm.block.client.port
2021-10-04 02:04:41,687 [Listener at 0.0.0.0/12105] WARN  scm.ScmUtils (ScmUtils.java:logWarn(179)) - ConfigKey ozone.scm.client.address is deprecated, For configuring different ports for each SCM use PortConfigKey ozone.scm.client.port appended with serviceId and nodeId. If want to configure same port configure ozone.scm.client.port
2021-10-04 02:04:41,687 [Listener at 0.0.0.0/12105] WARN  scm.ScmUtils (ScmUtils.java:logWarn(179)) - ConfigKey ozone.scm.datanode.address is deprecated, For configuring different ports for each SCM use PortConfigKey ozone.scm.datanode.port appended with serviceId and nodeId. If want to configure same port configure ozone.scm.datanode.port
2021-10-04 02:04:41,688 [Listener at 0.0.0.0/12105] INFO  ha.SCMHANodeDetails (SCMHANodeDetails.java:loadSCMHAConfig(250)) - Found matching SCM address with SCMServiceId: scm-service-test1, SCMNodeId: scmNode-3, RPC Address: localhost:12112 and Ratis port: 12112
2021-10-04 02:04:41,688 [Listener at 0.0.0.0/12105] INFO  ha.SCMHANodeDetails (ConfUtils.java:setNodeSpecificConfigs(108)) - Setting configuration key ozone.scm.datanode.address with value of key ozone.scm.datanode.address.scm-service-test1.scmNode-3: 127.0.0.1:12113
2021-10-04 02:04:41,688 [Listener at 0.0.0.0/12105] INFO  ha.SCMHANodeDetails (ConfUtils.java:setNodeSpecificConfigs(108)) - Setting configuration key ozone.scm.block.client.address with value of key ozone.scm.block.client.address.scm-service-test1.scmNode-3: 127.0.0.1:12114
2021-10-04 02:04:41,688 [Listener at 0.0.0.0/12105] INFO  ha.SCMHANodeDetails (ConfUtils.java:setNodeSpecificConfigs(108)) - Setting configuration key ozone.scm.client.address with value of key ozone.scm.client.address.scm-service-test1.scmNode-3: 127.0.0.1:12115
2021-10-04 02:04:41,688 [Listener at 0.0.0.0/12105] INFO  ha.SCMHANodeDetails (ConfUtils.java:setNodeSpecificConfigs(108)) - Setting configuration key ozone.scm.ratis.port with value of key ozone.scm.ratis.port.scm-service-test1.scmNode-3: 12112
2021-10-04 02:04:41,688 [Listener at 0.0.0.0/12105] INFO  ha.SCMHANodeDetails (ConfUtils.java:setNodeSpecificConfigs(108)) - Setting configuration key ozone.scm.grpc.port with value of key ozone.scm.grpc.port.scm-service-test1.scmNode-3: 12116
2021-10-04 02:04:41,688 [Listener at 0.0.0.0/12105] INFO  ha.SCMHANodeDetails (ConfUtils.java:setNodeSpecificConfigs(108)) - Setting configuration key ozone.scm.http-address with value of key ozone.scm.http-address.scm-service-test1.scmNode-3: 127.0.0.1:12110
2021-10-04 02:04:41,688 [Listener at 0.0.0.0/12105] INFO  ha.SCMHANodeDetails (ConfUtils.java:setNodeSpecificConfigs(108)) - Setting configuration key ozone.scm.https-address with value of key ozone.scm.https-address.scm-service-test1.scmNode-3: 127.0.0.1:12111
2021-10-04 02:04:41,688 [Listener at 0.0.0.0/12105] INFO  ha.SCMHANodeDetails (ConfUtils.java:setNodeSpecificConfigs(108)) - Setting configuration key ozone.scm.address with value of key ozone.scm.address.scm-service-test1.scmNode-3: 127.0.0.1
2021-10-04 02:04:41,689 [Listener at 0.0.0.0/12105] WARN  scm.ScmUtils (ScmUtils.java:logWarn(179)) - ConfigKey ozone.scm.block.client.address is deprecated, For configuring different ports for each SCM use PortConfigKey ozone.scm.block.client.port appended with serviceId and nodeId. If want to configure same port configure ozone.scm.block.client.port
2021-10-04 02:04:41,689 [Listener at 0.0.0.0/12105] WARN  scm.ScmUtils (ScmUtils.java:logWarn(179)) - ConfigKey ozone.scm.client.address is deprecated, For configuring different ports for each SCM use PortConfigKey ozone.scm.client.port appended with serviceId and nodeId. If want to configure same port configure ozone.scm.client.port
2021-10-04 02:04:41,689 [Listener at 0.0.0.0/12105] WARN  scm.ScmUtils (ScmUtils.java:logWarn(179)) - ConfigKey ozone.scm.datanode.address is deprecated, For configuring different ports for each SCM use PortConfigKey ozone.scm.datanode.port appended with serviceId and nodeId. If want to configure same port configure ozone.scm.datanode.port
2021-10-04 02:04:41,690 [Listener at 0.0.0.0/12105] WARN  server.ServerUtils (ServerUtils.java:getScmDbDir(148)) - ozone.scm.db.dirs is not configured. We recommend adding this setting. Falling back to ozone.metadata.dirs instead.
2021-10-04 02:04:41,690 [Listener at 0.0.0.0/12105] INFO  upgrade.AbstractLayoutVersionManager (AbstractLayoutVersionManager.java:init(79)) - Initializing Layout version manager with metadata layout = SCM_HA (version = 2), software layout = SCM_HA (version = 2)
2021-10-04 02:04:41,788 [Listener at 0.0.0.0/12105] INFO  reflections.Reflections (Reflections.java:scan(232)) - Reflections took 94 ms to scan 7 urls, producing 119 keys and 275 values 
2021-10-04 02:04:41,789 [Listener at 0.0.0.0/12105] WARN  utils.HAUtils (HAUtils.java:getMetaDir(342)) - ozone.scm.db.dirs is not configured. We recommend adding this setting. Falling back to ozone.metadata.dirs instead.
2021-10-04 02:04:41,790 [Listener at 0.0.0.0/12105] WARN  db.DBStoreBuilder (DBStoreBuilder.java:applyDBDefinition(145)) - ozone.scm.db.dirs is not configured. We recommend adding this setting. Falling back to ozone.metadata.dirs instead.
2021-10-04 02:04:41,941 [Listener at 0.0.0.0/12105] INFO  net.NodeSchemaLoader (NodeSchemaLoader.java:loadSchemaFromFile(129)) - Loading schema from [jar:file:/home/runner/.m2/repository/org/apache/ozone/hdds-common/1.2.0-SNAPSHOT/hdds-common-1.2.0-SNAPSHOT.jar!/network-topology-default.xml]
2021-10-04 02:04:41,948 [Listener at 0.0.0.0/12105] INFO  net.NodeSchemaLoader (NodeSchemaLoader.java:loadSchema(176)) - Loading network topology layer schema file
2021-10-04 02:04:41,954 [Listener at 0.0.0.0/12105] WARN  impl.MetricRegistriesImpl (MetricRegistriesImpl.java:addReporterRegistration(111)) - New reporters are added after registries were created. Some metrics will be missing from the reporter. Please add reporter before adding any new registry.
2021-10-04 02:04:41,954 [Listener at 0.0.0.0/12105] WARN  impl.MetricRegistriesImpl (MetricRegistriesImpl.java:addReporterRegistration(111)) - New reporters are added after registries were created. Some metrics will be missing from the reporter. Please add reporter before adding any new registry.
2021-10-04 02:04:41,955 [Listener at 0.0.0.0/12105] INFO  ha.SCMRatisServerImpl (SCMRatisServerImpl.java:<init>(87)) - starting Raft server for scm:94c0b71e-ed47-4cac-b73a-77caea691f8c
2021-10-04 02:04:41,957 [Listener at 0.0.0.0/12105] INFO  server.RaftServer (ConfUtils.java:logGet(44)) - raft.rpc.type = GRPC (default)
2021-10-04 02:04:41,957 [Listener at 0.0.0.0/12105] INFO  grpc.GrpcFactory (GrpcFactory.java:checkPooledByteBufAllocatorUseCacheForAllThreads(48)) - PERFORMANCE WARNING: useCacheForAllThreads is true that may cause Netty to create a lot garbage objects and, as a result, trigger GC.
	It is recommended to disable useCacheForAllThreads by setting -Dorg.apache.ratis.thirdparty.io.netty.allocator.useCacheForAllThreads=false in command line.
2021-10-04 02:04:41,957 [Listener at 0.0.0.0/12105] INFO  grpc.GrpcConfigKeys (ConfUtils.java:logGet(44)) - raft.grpc.admin.port = -1 (default)
2021-10-04 02:04:41,958 [Listener at 0.0.0.0/12105] INFO  grpc.GrpcConfigKeys (ConfUtils.java:logGet(44)) - raft.grpc.server.port = 12112 (custom)
2021-10-04 02:04:41,958 [Listener at 0.0.0.0/12105] INFO  grpc.GrpcConfigKeys (ConfUtils.java:logGet(44)) - raft.grpc.client.port = -1 (default)
2021-10-04 02:04:41,958 [Listener at 0.0.0.0/12105] INFO  grpc.GrpcConfigKeys (ConfUtils.java:logGet(44)) - raft.grpc.server.port = 12112 (custom)
2021-10-04 02:04:41,958 [Listener at 0.0.0.0/12105] INFO  grpc.GrpcConfigKeys (ConfUtils.java:logGet(44)) - raft.grpc.server.port = 12112 (custom)
2021-10-04 02:04:41,959 [Listener at 0.0.0.0/12105] INFO  server.GrpcService (ConfUtils.java:logGet(44)) - raft.grpc.message.size.max = 32m (=33554432) (custom)
2021-10-04 02:04:41,959 [Listener at 0.0.0.0/12105] INFO  server.RaftServerConfigKeys (ConfUtils.java:logGet(44)) - raft.server.log.appender.buffer.byte-limit = 33554432 (custom)
2021-10-04 02:04:41,959 [Listener at 0.0.0.0/12105] INFO  server.GrpcService (ConfUtils.java:logGet(44)) - raft.grpc.flow.control.window = 1MB (=1048576) (default)
2021-10-04 02:04:41,959 [Listener at 0.0.0.0/12105] INFO  server.RaftServerConfigKeys (ConfUtils.java:logGet(44)) - raft.server.rpc.request.timeout = 30000ms (custom)
2021-10-04 02:04:41,967 [Listener at 0.0.0.0/12105] INFO  impl.DataStreamServerImpl (ConfUtils.java:logGet(44)) - raft.datastream.type = DISABLED (default)
2021-10-04 02:04:41,967 [Listener at 0.0.0.0/12105] INFO  server.RaftServerConfigKeys (ConfUtils.java:logGet(44)) - raft.server.rpc.slowness.timeout = 120000ms (custom)
2021-10-04 02:04:41,967 [Listener at 0.0.0.0/12105] INFO  server.RaftServerConfigKeys (ConfUtils.java:logGet(44)) - raft.server.leaderelection.leader.step-down.wait-time = 10s (default)
2021-10-04 02:04:41,967 [Listener at 0.0.0.0/12105] INFO  server.RaftServerConfigKeys (ConfUtils.java:logGet(44)) - raft.server.storage.dir = [/home/runner/work/ozone/ozone/hadoop-ozone/integration-test/target/test-dir/MiniOzoneClusterImpl-aa9d709b-e9e6-4188-94b0-5e66da880090/scmNode-3/scm-ha] (custom)
2021-10-04 02:04:41,970 [Listener at 0.0.0.0/12105] INFO  server.RaftServer (RaftServerProxy.java:addNew(95)) - 94c0b71e-ed47-4cac-b73a-77caea691f8c: addNew group-5E66DA880090:[] returns group-5E66DA880090:java.util.concurrent.CompletableFuture@3bcb8460[Not completed]
2021-10-04 02:04:41,970 [pool-227-thread-1] INFO  server.RaftServer$Division (RaftServerImpl.java:<init>(181)) - 94c0b71e-ed47-4cac-b73a-77caea691f8c: new RaftServerImpl for group-5E66DA880090:[] with SCMStateMachine:uninitialized
2021-10-04 02:04:41,978 [pool-227-thread-1] INFO  server.RaftServerConfigKeys (ConfUtils.java:logGet(44)) - raft.server.rpc.timeout.min = 5000ms (custom)
2021-10-04 02:04:41,978 [pool-227-thread-1] INFO  server.RaftServerConfigKeys (ConfUtils.java:logGet(44)) - raft.server.rpc.timeout.max = 5200ms (custom)
2021-10-04 02:04:41,982 [pool-227-thread-1] INFO  server.RaftServerConfigKeys (ConfUtils.java:logGet(44)) - raft.server.rpc.sleep.time = 25ms (default)
2021-10-04 02:04:41,982 [pool-227-thread-1] INFO  server.RaftServerConfigKeys (ConfUtils.java:logGet(44)) - raft.server.rpc.slowness.timeout = 120000ms (custom)
2021-10-04 02:04:41,983 [pool-227-thread-1] INFO  server.RaftServerConfigKeys (ConfUtils.java:logGet(44)) - raft.server.leaderelection.leader.step-down.wait-time = 10s (default)
2021-10-04 02:04:41,984 [pool-227-thread-1] INFO  server.RaftServerConfigKeys (ConfUtils.java:logGet(44)) - raft.server.sleep.deviation.threshold = 300ms (default)
2021-10-04 02:04:41,984 [pool-227-thread-1] INFO  server.RaftServerConfigKeys (ConfUtils.java:logGet(44)) - raft.server.log.appender.install.snapshot.enabled = false (custom)
2021-10-04 02:04:41,984 [pool-227-thread-1] INFO  server.RaftServer$Division (ServerState.java:<init>(105)) - 94c0b71e-ed47-4cac-b73a-77caea691f8c@group-5E66DA880090: ConfigurationManager, init=-1: [], old=null, confs=<EMPTY_MAP>
2021-10-04 02:04:41,984 [pool-227-thread-1] INFO  server.RaftServerConfigKeys (ConfUtils.java:logGet(44)) - raft.server.storage.dir = [/home/runner/work/ozone/ozone/hadoop-ozone/integration-test/target/test-dir/MiniOzoneClusterImpl-aa9d709b-e9e6-4188-94b0-5e66da880090/scmNode-3/scm-ha] (custom)
2021-10-04 02:04:41,984 [pool-227-thread-1] INFO  server.RaftServerConfigKeys (ConfUtils.java:logGet(44)) - raft.server.log.corruption.policy = EXCEPTION (default)
2021-10-04 02:04:41,984 [pool-227-thread-1] INFO  server.RaftServerConfigKeys (ConfUtils.java:logGet(44)) - raft.server.storage.free-space.min = 0MB (=0) (default)
2021-10-04 02:04:41,984 [pool-227-thread-1] INFO  storage.RaftStorageDirectory (RaftStorageDirectoryImpl.java:analyzeStorage(135)) - The storage directory /home/runner/work/ozone/ozone/hadoop-ozone/integration-test/target/test-dir/MiniOzoneClusterImpl-aa9d709b-e9e6-4188-94b0-5e66da880090/scmNode-3/scm-ha/aa9d709b-e9e6-4188-94b0-5e66da880090 does not exist. Creating ...
2021-10-04 02:04:41,986 [pool-227-thread-1] INFO  storage.RaftStorageDirectory (RaftStorageDirectoryImpl.java:tryLock(230)) - Lock on /home/runner/work/ozone/ozone/hadoop-ozone/integration-test/target/test-dir/MiniOzoneClusterImpl-aa9d709b-e9e6-4188-94b0-5e66da880090/scmNode-3/scm-ha/aa9d709b-e9e6-4188-94b0-5e66da880090/in_use.lock acquired by nodename 17819@fv-az396-153
2021-10-04 02:04:41,992 [pool-227-thread-1] INFO  storage.RaftStorage (RaftStorageImpl.java:format(89)) - Storage directory /home/runner/work/ozone/ozone/hadoop-ozone/integration-test/target/test-dir/MiniOzoneClusterImpl-aa9d709b-e9e6-4188-94b0-5e66da880090/scmNode-3/scm-ha/aa9d709b-e9e6-4188-94b0-5e66da880090 has been successfully formatted.
2021-10-04 02:04:41,993 [pool-227-thread-1] INFO  server.RaftServerConfigKeys (ConfUtils.java:logGet(44)) - raft.server.notification.no-leader.timeout = 60s (default)
2021-10-04 02:04:41,998 [pool-227-thread-1] INFO  server.RaftServerConfigKeys (ConfUtils.java:logGet(44)) - raft.server.log.use.memory = false (default)
2021-10-04 02:04:41,998 [pool-227-thread-1] INFO  server.RaftServerConfigKeys (ConfUtils.java:logGet(44)) - raft.server.log.purge.gap = 5 (custom)
2021-10-04 02:04:41,998 [pool-227-thread-1] INFO  server.RaftServerConfigKeys (ConfUtils.java:logGet(44)) - raft.server.log.appender.buffer.byte-limit = 33554432 (custom)
2021-10-04 02:04:42,003 [pool-227-thread-1] INFO  server.RaftServerConfigKeys (ConfUtils.java:logGet(44)) - raft.server.log.segment.size.max = 16384 (custom)
2021-10-04 02:04:42,004 [pool-227-thread-1] INFO  server.RaftServerConfigKeys (ConfUtils.java:logGet(44)) - raft.server.log.segment.cache.num.max = 2 (custom)
2021-10-04 02:04:42,004 [pool-227-thread-1] INFO  server.RaftServerConfigKeys (ConfUtils.java:logGet(44)) - raft.server.log.segment.cache.size.max = 200MB (=209715200) (default)
2021-10-04 02:04:42,004 [pool-227-thread-1] INFO  segmented.SegmentedRaftLogWorker (SegmentedRaftLogWorker.java:<init>(182)) - new 94c0b71e-ed47-4cac-b73a-77caea691f8c@group-5E66DA880090-SegmentedRaftLogWorker for RaftStorageImpl:Storage Directory /home/runner/work/ozone/ozone/hadoop-ozone/integration-test/target/test-dir/MiniOzoneClusterImpl-aa9d709b-e9e6-4188-94b0-5e66da880090/scmNode-3/scm-ha/aa9d709b-e9e6-4188-94b0-5e66da880090
2021-10-04 02:04:42,004 [pool-227-thread-1] INFO  server.RaftServerConfigKeys (ConfUtils.java:logGet(44)) - raft.server.log.queue.byte-limit = 64MB (=67108864) (default)
2021-10-04 02:04:42,004 [pool-227-thread-1] INFO  server.RaftServerConfigKeys (ConfUtils.java:logGet(44)) - raft.server.log.queue.element-limit = 4096 (default)
2021-10-04 02:04:42,004 [pool-227-thread-1] INFO  server.RaftServerConfigKeys (ConfUtils.java:logGet(44)) - raft.server.log.segment.size.max = 16384 (custom)
2021-10-04 02:04:42,004 [pool-227-thread-1] INFO  server.RaftServerConfigKeys (ConfUtils.java:logGet(44)) - raft.server.log.preallocated.size = 16384 (custom)
2021-10-04 02:04:42,004 [pool-227-thread-1] INFO  server.RaftServerConfigKeys (ConfUtils.java:logGet(44)) - raft.server.log.force.sync.num = 128 (default)
2021-10-04 02:04:42,005 [pool-227-thread-1] INFO  server.RaftServerConfigKeys (ConfUtils.java:logGet(44)) - raft.server.log.statemachine.data.sync = true (default)
2021-10-04 02:04:42,005 [pool-227-thread-1] INFO  server.RaftServerConfigKeys (ConfUtils.java:logGet(44)) - raft.server.log.statemachine.data.sync.timeout = 10s (default)
2021-10-04 02:04:42,005 [pool-227-thread-1] INFO  server.RaftServerConfigKeys (ConfUtils.java:logGet(44)) - raft.server.log.statemachine.data.sync.timeout.retry = -1 (default)
2021-10-04 02:04:42,006 [pool-227-thread-1] INFO  server.RaftServerConfigKeys (ConfUtils.java:logGet(44)) - raft.server.log.write.buffer.size = 64KB (=65536) (default)
2021-10-04 02:04:42,007 [pool-227-thread-1] INFO  server.RaftServerConfigKeys (ConfUtils.java:logGet(44)) - raft.server.log.statemachine.data.caching.enabled = false (default)
2021-10-04 02:04:42,007 [pool-227-thread-1] INFO  segmented.SegmentedRaftLogWorker (SegmentedRaftLogWorker.java:lambda$new$0(133)) - 94c0b71e-ed47-4cac-b73a-77caea691f8c@group-5E66DA880090-SegmentedRaftLogWorker: flushIndex: setUnconditionally 0 -> -1
2021-10-04 02:04:42,007 [pool-227-thread-1] INFO  segmented.SegmentedRaftLogWorker (SegmentedRaftLogWorker.java:lambda$new$0(133)) - 94c0b71e-ed47-4cac-b73a-77caea691f8c@group-5E66DA880090-SegmentedRaftLogWorker: safeCacheEvictIndex: setUnconditionally 0 -> -1
2021-10-04 02:04:42,010 [pool-227-thread-1] INFO  server.RaftServerConfigKeys (ConfUtils.java:logGet(44)) - raft.server.snapshot.auto.trigger.enabled = true (custom)
2021-10-04 02:04:42,010 [pool-227-thread-1] INFO  server.RaftServerConfigKeys (ConfUtils.java:logGet(44)) - raft.server.snapshot.auto.trigger.threshold = 5 (custom)
2021-10-04 02:04:42,010 [pool-227-thread-1] INFO  server.RaftServerConfigKeys (ConfUtils.java:logGet(44)) - raft.server.snapshot.retention.file.num = -1 (default)
2021-10-04 02:04:42,010 [pool-227-thread-1] INFO  server.RaftServerConfigKeys (ConfUtils.java:logGet(44)) - raft.server.log.purge.upto.snapshot.index = true (custom)
2021-10-04 02:04:42,014 [pool-227-thread-1] INFO  server.RaftServerConfigKeys (ConfUtils.java:logGet(44)) - raft.server.retrycache.expirytime = 60000ms (default)
2021-10-04 02:04:42,014 [pool-227-thread-1] INFO  server.RaftServerConfigKeys (ConfUtils.java:logGet(44)) - raft.server.retrycache.statistics.expirytime = 100μs (default)
2021-10-04 02:04:42,022 [Listener at 0.0.0.0/12105] INFO  ha.SCMSnapshotProvider (SCMSnapshotProvider.java:<init>(66)) - Initializing SCM Snapshot Provider
2021-10-04 02:04:42,023 [Listener at 0.0.0.0/12105] WARN  server.ServerUtils (ServerUtils.java:getDefaultRatisDirectory(237)) - Storage directory for Ratis is not configured. It is a good idea to map this to an SSD disk. Falling back to ozone.metadata.dirs
2021-10-04 02:04:42,023 [Listener at 0.0.0.0/12105] WARN  ha.SCMHAUtils (SCMHAUtils.java:getSCMRatisSnapshotDirectory(146)) - SCM snapshot dir is not configured. Falling back to ozone.metadata.dirs config
2021-10-04 02:04:42,025 [Listener at 0.0.0.0/12105] INFO  ha.SequenceIdGenerator (SequenceIdGenerator.java:upgradeToSequenceId(347)) - upgrade localId to 107544261427200000
2021-10-04 02:04:42,026 [Listener at 0.0.0.0/12105] INFO  ha.SequenceIdGenerator (SequenceIdGenerator.java:upgradeToSequenceId(357)) - upgrade delTxnId to 0
2021-10-04 02:04:42,026 [Listener at 0.0.0.0/12105] INFO  ha.SequenceIdGenerator (SequenceIdGenerator.java:upgradeToSequenceId(371)) - upgrade containerId to 0
2021-10-04 02:04:42,026 [Listener at 0.0.0.0/12105] INFO  ha.SequenceIdGenerator (SequenceIdGenerator.java:<init>(218)) - Init the HA SequenceIdGenerator.
2021-10-04 02:04:42,027 [Listener at 0.0.0.0/12105] WARN  server.ServerUtils (ServerUtils.java:sanitizeUserArgs(73)) - ozone.scm.stale.node.interval value = 300000 is larger than max = 100000 based on the key value of ozone.scm.heartbeat.thread.interval, reset to the max value 100000.
2021-10-04 02:04:42,027 [Listener at 0.0.0.0/12105] WARN  server.ServerUtils (ServerUtils.java:sanitizeUserArgs(73)) - ozone.scm.stale.node.interval value = 300000 is larger than max = 100000 based on the key value of ozone.scm.heartbeat.thread.interval, reset to the max value 100000.
2021-10-04 02:04:42,028 [Listener at 0.0.0.0/12105] INFO  node.SCMNodeManager (SCMNodeManager.java:<init>(144)) - Entering startup safe mode.
2021-10-04 02:04:42,028 [Listener at 0.0.0.0/12105] INFO  algorithms.ContainerPlacementPolicyFactory (ContainerPlacementPolicyFactory.java:getPolicy(60)) - Create container placement policy of type org.apache.hadoop.hdds.scm.container.placement.algorithms.SCMContainerPlacementRandom
2021-10-04 02:04:42,029 [Listener at 0.0.0.0/12105] INFO  pipeline.PipelineStateManagerImpl (PipelineStateManagerImpl.java:initialize(78)) - No pipeline exists in current db
2021-10-04 02:04:42,029 [Listener at 0.0.0.0/12105] INFO  algorithms.LeaderChoosePolicyFactory (LeaderChoosePolicyFactory.java:getPolicy(57)) - Create leader choose policy of type org.apache.hadoop.hdds.scm.pipeline.leader.choose.algorithms.MinLeaderCountChoosePolicy
2021-10-04 02:04:42,029 [Listener at 0.0.0.0/12105] INFO  ha.SCMServiceManager (SCMServiceManager.java:register(43)) - Registering service BackgroundPipelineCreator.
2021-10-04 02:04:42,029 [Listener at 0.0.0.0/12105] INFO  pipeline.BackgroundPipelineCreator (BackgroundPipelineCreatorV2.java:start(130)) - Starting RatisPipelineUtilsThread.
2021-10-04 02:04:42,042 [Listener at 0.0.0.0/12105] INFO  algorithms.PipelineChoosePolicyFactory (PipelineChoosePolicyFactory.java:createPipelineChoosePolicyFromClass(73)) - Create pipeline choose policy of type org.apache.hadoop.hdds.scm.pipeline.choose.algorithms.RandomPipelineChoosePolicy
2021-10-04 02:04:42,043 [Listener at 0.0.0.0/12105] INFO  ha.SCMServiceManager (SCMServiceManager.java:register(43)) - Registering service SCMBlockDeletingService.
2021-10-04 02:04:42,043 [Listener at 0.0.0.0/12105] INFO  ha.SCMServiceManager (SCMServiceManager.java:register(43)) - Registering service ReplicationManager.
2021-10-04 02:04:42,043 [Listener at 0.0.0.0/12105] INFO  container.ReplicationManager (ReplicationManager.java:start(319)) - Starting Replication Monitor Thread.
2021-10-04 02:04:42,053 [Listener at 0.0.0.0/12105] INFO  safemode.ContainerSafeModeRule (ContainerSafeModeRule.java:<init>(89)) - containers with one replica threshold count 0
2021-10-04 02:04:42,053 [Listener at 0.0.0.0/12105] INFO  safemode.HealthyPipelineSafeModeRule (HealthyPipelineSafeModeRule.java:initializeRule(156)) - Total pipeline count is 0, healthy pipeline threshold count is 1
2021-10-04 02:04:42,054 [Listener at 0.0.0.0/12105] INFO  safemode.OneReplicaPipelineSafeModeRule (OneReplicaPipelineSafeModeRule.java:initializeRule(180)) - Total pipeline count is 0, pipeline's with at least one datanode reported threshold count is 0
2021-10-04 02:04:42,071 [Listener at 0.0.0.0/12105] INFO  ipc.CallQueueManager (CallQueueManager.java:<init>(90)) - Using callQueue: class java.util.concurrent.LinkedBlockingQueue, queueCapacity: 2000, scheduler: class org.apache.hadoop.ipc.DefaultRpcScheduler, ipcBackoff: false.
2021-10-04 02:04:42,072 [ReplicationMonitor] INFO  container.ReplicationManager (ReplicationManager.java:processAll(371)) - Replication Monitor Thread took 0 milliseconds for processing 0 containers.
2021-10-04 02:04:42,072 [Socket Reader #1 for port 12113] INFO  ipc.Server (Server.java:run(1265)) - Starting Socket Reader #1 for port 12113
2021-10-04 02:04:42,083 [Listener at 0.0.0.0/12113] INFO  ipc.CallQueueManager (CallQueueManager.java:<init>(90)) - Using callQueue: class java.util.concurrent.LinkedBlockingQueue, queueCapacity: 2000, scheduler: class org.apache.hadoop.ipc.DefaultRpcScheduler, ipcBackoff: false.
2021-10-04 02:04:42,084 [Socket Reader #1 for port 12114] INFO  ipc.Server (Server.java:run(1265)) - Starting Socket Reader #1 for port 12114
2021-10-04 02:04:42,085 [Listener at 0.0.0.0/12114] INFO  ipc.CallQueueManager (CallQueueManager.java:<init>(90)) - Using callQueue: class java.util.concurrent.LinkedBlockingQueue, queueCapacity: 2000, scheduler: class org.apache.hadoop.ipc.DefaultRpcScheduler, ipcBackoff: false.
2021-10-04 02:04:42,085 [Socket Reader #1 for port 12115] INFO  ipc.Server (Server.java:run(1265)) - Starting Socket Reader #1 for port 12115
2021-10-04 02:04:42,139 [Listener at 0.0.0.0/12115] INFO  algorithms.ContainerPlacementPolicyFactory (ContainerPlacementPolicyFactory.java:getPolicy(60)) - Create container placement policy of type org.apache.hadoop.hdds.scm.container.placement.algorithms.SCMContainerPlacementRandom
2021-10-04 02:04:42,140 [Listener at 0.0.0.0/12115] INFO  server.StorageContainerManager (StorageContainerManager.java:<init>(388)) - 
Container Balancer status:
Key                            Value
Running                        false
Container Balancer Configuration values:
Key                                                Value
Threshold                                          0.1
Max Datanodes to Involve per Iteration(ratio)      0.2
Max Size to Move per Iteration                     32212254720B

2021-10-04 02:04:42,145 [Listener at 0.0.0.0/12115] WARN  events.EventQueue (EventQueue.java:fireEvent(194)) - No event handler registered for event TypedEvent{payloadType=SafeModeStatus, name='Safe mode status'}
2021-10-04 02:04:42,145 [Listener at 0.0.0.0/12115] INFO  ha.SCMContext (SCMContext.java:updateSafeModeStatus(205)) - Update SafeModeStatus from SafeModeStatus{safeModeStatus=true, preCheckPassed=false} to SafeModeStatus{safeModeStatus=true, preCheckPassed=false}.
2021-10-04 02:04:42,146 [Listener at 0.0.0.0/12115] INFO  ozone.MiniOzoneHAClusterImpl (MiniOzoneHAClusterImpl.java:createSCMService(568)) - Intialized SCM at org.apache.hadoop.hdds.scm.server.SCMClientProtocolServer@925e0c8. This SCM is currently inactive (not running).
2021-10-04 02:04:42,146 [Listener at 0.0.0.0/12115] INFO  ha.OMHANodeDetails (OMHANodeDetails.java:loadOMHAConfig(118)) - ServiceID for OzoneManager is om-service-test1
2021-10-04 02:04:42,147 [Listener at 0.0.0.0/12115] INFO  ha.OMHANodeDetails (OMHANodeDetails.java:loadOMHAConfig(194)) - Found matching OM address with OMServiceId: om-service-test1, OMNodeId: omNode-1, RPC Address: localhost:10960 and Ratis port: 10964
2021-10-04 02:04:42,147 [Listener at 0.0.0.0/12115] INFO  ha.OMHANodeDetails (ConfUtils.java:setNodeSpecificConfigs(108)) - Setting configuration key ozone.om.http-address with value of key ozone.om.http-address.om-service-test1.omNode-1: 127.0.0.1:10962
2021-10-04 02:04:42,147 [Listener at 0.0.0.0/12115] INFO  ha.OMHANodeDetails (ConfUtils.java:setNodeSpecificConfigs(108)) - Setting configuration key ozone.om.https-address with value of key ozone.om.https-address.om-service-test1.omNode-1: 127.0.0.1:10963
2021-10-04 02:04:42,147 [Listener at 0.0.0.0/12115] INFO  ha.OMHANodeDetails (ConfUtils.java:setNodeSpecificConfigs(108)) - Setting configuration key ozone.om.address with value of key ozone.om.address.om-service-test1.omNode-1: 127.0.0.1:10960
2021-10-04 02:04:42,147 [Listener at 0.0.0.0/12115] WARN  server.ServerUtils (ServerUtils.java:getDBPath(225)) - ozone.om.db.dirs is not configured. We recommend adding this setting. Falling back to ozone.metadata.dirs instead.
2021-10-04 02:04:42,152 [Listener at 0.0.0.0/12115] INFO  ha.SCMNodeInfo (SCMNodeInfo.java:getPort(197)) - ConfigKey ozone.scm.client.address is deprecated, For configuring different ports for each SCM use PortConfigKey ozone.scm.client.port appended with serviceId and nodeId
2021-10-04 02:04:42,152 [Listener at 0.0.0.0/12115] INFO  ha.SCMNodeInfo (SCMNodeInfo.java:getPort(197)) - ConfigKey ozone.scm.block.client.address is deprecated, For configuring different ports for each SCM use PortConfigKey ozone.scm.block.client.port appended with serviceId and nodeId
2021-10-04 02:04:42,152 [Listener at 0.0.0.0/12115] INFO  ha.SCMNodeInfo (SCMNodeInfo.java:getPort(197)) - ConfigKey ozone.scm.datanode.address is deprecated, For configuring different ports for each SCM use PortConfigKey ozone.scm.datanode.port appended with serviceId and nodeId
2021-10-04 02:04:42,152 [Listener at 0.0.0.0/12115] INFO  ha.SCMNodeInfo (SCMNodeInfo.java:getPort(197)) - ConfigKey ozone.scm.client.address is deprecated, For configuring different ports for each SCM use PortConfigKey ozone.scm.client.port appended with serviceId and nodeId
2021-10-04 02:04:42,152 [Listener at 0.0.0.0/12115] INFO  ha.SCMNodeInfo (SCMNodeInfo.java:getPort(197)) - ConfigKey ozone.scm.block.client.address is deprecated, For configuring different ports for each SCM use PortConfigKey ozone.scm.block.client.port appended with serviceId and nodeId
2021-10-04 02:04:42,153 [Listener at 0.0.0.0/12115] INFO  ha.SCMNodeInfo (SCMNodeInfo.java:getPort(197)) - ConfigKey ozone.scm.datanode.address is deprecated, For configuring different ports for each SCM use PortConfigKey ozone.scm.datanode.port appended with serviceId and nodeId
2021-10-04 02:04:42,153 [Listener at 0.0.0.0/12115] INFO  ha.SCMNodeInfo (SCMNodeInfo.java:getPort(197)) - ConfigKey ozone.scm.client.address is deprecated, For configuring different ports for each SCM use PortConfigKey ozone.scm.client.port appended with serviceId and nodeId
2021-10-04 02:04:42,153 [Listener at 0.0.0.0/12115] INFO  ha.SCMNodeInfo (SCMNodeInfo.java:getPort(197)) - ConfigKey ozone.scm.block.client.address is deprecated, For configuring different ports for each SCM use PortConfigKey ozone.scm.block.client.port appended with serviceId and nodeId
2021-10-04 02:04:42,153 [Listener at 0.0.0.0/12115] INFO  ha.SCMNodeInfo (SCMNodeInfo.java:getPort(197)) - ConfigKey ozone.scm.datanode.address is deprecated, For configuring different ports for each SCM use PortConfigKey ozone.scm.datanode.port appended with serviceId and nodeId
OM initialization succeeded.Current cluster id for sd=/home/runner/work/ozone/ozone/hadoop-ozone/integration-test/target/test-dir/MiniOzoneClusterImpl-aa9d709b-e9e6-4188-94b0-5e66da880090/omNode-1/om;cid=aa9d709b-e9e6-4188-94b0-5e66da880090;layoutVersion=0
2021-10-04 02:04:42,161 [Listener at 0.0.0.0/12115] INFO  ha.OMHANodeDetails (OMHANodeDetails.java:loadOMHAConfig(118)) - ServiceID for OzoneManager is om-service-test1
2021-10-04 02:04:42,162 [Listener at 0.0.0.0/12115] INFO  ha.OMHANodeDetails (OMHANodeDetails.java:loadOMHAConfig(194)) - Found matching OM address with OMServiceId: om-service-test1, OMNodeId: omNode-1, RPC Address: localhost:10960 and Ratis port: 10964
2021-10-04 02:04:42,162 [Listener at 0.0.0.0/12115] INFO  ha.OMHANodeDetails (ConfUtils.java:setNodeSpecificConfigs(108)) - Setting configuration key ozone.om.http-address with value of key ozone.om.http-address.om-service-test1.omNode-1: 127.0.0.1:10962
2021-10-04 02:04:42,162 [Listener at 0.0.0.0/12115] INFO  ha.OMHANodeDetails (ConfUtils.java:setNodeSpecificConfigs(108)) - Setting configuration key ozone.om.https-address with value of key ozone.om.https-address.om-service-test1.omNode-1: 127.0.0.1:10963
2021-10-04 02:04:42,162 [Listener at 0.0.0.0/12115] INFO  ha.OMHANodeDetails (ConfUtils.java:setNodeSpecificConfigs(108)) - Setting configuration key ozone.om.address with value of key ozone.om.address.om-service-test1.omNode-1: 127.0.0.1:10960
2021-10-04 02:04:42,162 [Listener at 0.0.0.0/12115] WARN  server.ServerUtils (ServerUtils.java:getDBPath(225)) - ozone.om.db.dirs is not configured. We recommend adding this setting. Falling back to ozone.metadata.dirs instead.
2021-10-04 02:04:42,163 [Listener at 0.0.0.0/12115] INFO  upgrade.AbstractLayoutVersionManager (AbstractLayoutVersionManager.java:init(79)) - Initializing Layout version manager with metadata layout = INITIAL_VERSION (version = 0), software layout = INITIAL_VERSION (version = 0)
2021-10-04 02:04:42,260 [Listener at 0.0.0.0/12115] INFO  reflections.Reflections (Reflections.java:scan(232)) - Reflections took 96 ms to scan 2 urls, producing 131 keys and 342 values [using 2 cores]
2021-10-04 02:04:42,261 [Listener at 0.0.0.0/12115] INFO  upgrade.OMLayoutVersionManager (OMLayoutVersionManager.java:lambda$0(115)) - Skipping Upgrade Action MockOmUpgradeAction since it has been finalized.
2021-10-04 02:04:42,261 [Listener at 0.0.0.0/12115] WARN  server.ServerUtils (ServerUtils.java:getDBPath(225)) - ozone.om.db.dirs is not configured. We recommend adding this setting. Falling back to ozone.metadata.dirs instead.
2021-10-04 02:04:42,262 [Listener at 0.0.0.0/12115] INFO  ha.SCMNodeInfo (SCMNodeInfo.java:getPort(197)) - ConfigKey ozone.scm.client.address is deprecated, For configuring different ports for each SCM use PortConfigKey ozone.scm.client.port appended with serviceId and nodeId
2021-10-04 02:04:42,262 [Listener at 0.0.0.0/12115] INFO  ha.SCMNodeInfo (SCMNodeInfo.java:getPort(197)) - ConfigKey ozone.scm.block.client.address is deprecated, For configuring different ports for each SCM use PortConfigKey ozone.scm.block.client.port appended with serviceId and nodeId
2021-10-04 02:04:42,262 [Listener at 0.0.0.0/12115] INFO  ha.SCMNodeInfo (SCMNodeInfo.java:getPort(197)) - ConfigKey ozone.scm.datanode.address is deprecated, For configuring different ports for each SCM use PortConfigKey ozone.scm.datanode.port appended with serviceId and nodeId
2021-10-04 02:04:42,262 [Listener at 0.0.0.0/12115] INFO  ha.SCMNodeInfo (SCMNodeInfo.java:getPort(197)) - ConfigKey ozone.scm.client.address is deprecated, For configuring different ports for each SCM use PortConfigKey ozone.scm.client.port appended with serviceId and nodeId
2021-10-04 02:04:42,262 [Listener at 0.0.0.0/12115] INFO  ha.SCMNodeInfo (SCMNodeInfo.java:getPort(197)) - ConfigKey ozone.scm.block.client.address is deprecated, For configuring different ports for each SCM use PortConfigKey ozone.scm.block.client.port appended with serviceId and nodeId
2021-10-04 02:04:42,263 [Listener at 0.0.0.0/12115] INFO  ha.SCMNodeInfo (SCMNodeInfo.java:getPort(197)) - ConfigKey ozone.scm.datanode.address is deprecated, For configuring different ports for each SCM use PortConfigKey ozone.scm.datanode.port appended with serviceId and nodeId
2021-10-04 02:04:42,263 [Listener at 0.0.0.0/12115] INFO  ha.SCMNodeInfo (SCMNodeInfo.java:getPort(197)) - ConfigKey ozone.scm.client.address is deprecated, For configuring different ports for each SCM use PortConfigKey ozone.scm.client.port appended with serviceId and nodeId
2021-10-04 02:04:42,263 [Listener at 0.0.0.0/12115] INFO  ha.SCMNodeInfo (SCMNodeInfo.java:getPort(197)) - ConfigKey ozone.scm.block.client.address is deprecated, For configuring different ports for each SCM use PortConfigKey ozone.scm.block.client.port appended with serviceId and nodeId
2021-10-04 02:04:42,263 [Listener at 0.0.0.0/12115] INFO  ha.SCMNodeInfo (SCMNodeInfo.java:getPort(197)) - ConfigKey ozone.scm.datanode.address is deprecated, For configuring different ports for each SCM use PortConfigKey ozone.scm.datanode.port appended with serviceId and nodeId
2021-10-04 02:04:42,263 [Listener at 0.0.0.0/12115] INFO  ha.SCMNodeInfo (SCMNodeInfo.java:getPort(197)) - ConfigKey ozone.scm.client.address is deprecated, For configuring different ports for each SCM use PortConfigKey ozone.scm.client.port appended with serviceId and nodeId
2021-10-04 02:04:42,263 [Listener at 0.0.0.0/12115] INFO  ha.SCMNodeInfo (SCMNodeInfo.java:getPort(197)) - ConfigKey ozone.scm.block.client.address is deprecated, For configuring different ports for each SCM use PortConfigKey ozone.scm.block.client.port appended with serviceId and nodeId
2021-10-04 02:04:42,264 [Listener at 0.0.0.0/12115] INFO  ha.SCMNodeInfo (SCMNodeInfo.java:getPort(197)) - ConfigKey ozone.scm.datanode.address is deprecated, For configuring different ports for each SCM use PortConfigKey ozone.scm.datanode.port appended with serviceId and nodeId
2021-10-04 02:04:42,264 [Listener at 0.0.0.0/12115] INFO  ha.SCMNodeInfo (SCMNodeInfo.java:getPort(197)) - ConfigKey ozone.scm.client.address is deprecated, For configuring different ports for each SCM use PortConfigKey ozone.scm.client.port appended with serviceId and nodeId
2021-10-04 02:04:42,264 [Listener at 0.0.0.0/12115] INFO  ha.SCMNodeInfo (SCMNodeInfo.java:getPort(197)) - ConfigKey ozone.scm.block.client.address is deprecated, For configuring different ports for each SCM use PortConfigKey ozone.scm.block.client.port appended with serviceId and nodeId
2021-10-04 02:04:42,264 [Listener at 0.0.0.0/12115] INFO  ha.SCMNodeInfo (SCMNodeInfo.java:getPort(197)) - ConfigKey ozone.scm.datanode.address is deprecated, For configuring different ports for each SCM use PortConfigKey ozone.scm.datanode.port appended with serviceId and nodeId
2021-10-04 02:04:42,264 [Listener at 0.0.0.0/12115] INFO  ha.SCMNodeInfo (SCMNodeInfo.java:getPort(197)) - ConfigKey ozone.scm.client.address is deprecated, For configuring different ports for each SCM use PortConfigKey ozone.scm.client.port appended with serviceId and nodeId
2021-10-04 02:04:42,264 [Listener at 0.0.0.0/12115] INFO  ha.SCMNodeInfo (SCMNodeInfo.java:getPort(197)) - ConfigKey ozone.scm.block.client.address is deprecated, For configuring different ports for each SCM use PortConfigKey ozone.scm.block.client.port appended with serviceId and nodeId
2021-10-04 02:04:42,264 [Listener at 0.0.0.0/12115] INFO  ha.SCMNodeInfo (SCMNodeInfo.java:getPort(197)) - ConfigKey ozone.scm.datanode.address is deprecated, For configuring different ports for each SCM use PortConfigKey ozone.scm.datanode.port appended with serviceId and nodeId
2021-10-04 02:04:42,265 [Listener at 0.0.0.0/12115] INFO  ha.SCMNodeInfo (SCMNodeInfo.java:getPort(197)) - ConfigKey ozone.scm.client.address is deprecated, For configuring different ports for each SCM use PortConfigKey ozone.scm.client.port appended with serviceId and nodeId
2021-10-04 02:04:42,265 [Listener at 0.0.0.0/12115] INFO  ha.SCMNodeInfo (SCMNodeInfo.java:getPort(197)) - ConfigKey ozone.scm.block.client.address is deprecated, For configuring different ports for each SCM use PortConfigKey ozone.scm.block.client.port appended with serviceId and nodeId
2021-10-04 02:04:42,265 [Listener at 0.0.0.0/12115] INFO  ha.SCMNodeInfo (SCMNodeInfo.java:getPort(197)) - ConfigKey ozone.scm.datanode.address is deprecated, For configuring different ports for each SCM use PortConfigKey ozone.scm.datanode.port appended with serviceId and nodeId
2021-10-04 02:04:42,265 [Listener at 0.0.0.0/12115] INFO  ha.SCMNodeInfo (SCMNodeInfo.java:getPort(197)) - ConfigKey ozone.scm.client.address is deprecated, For configuring different ports for each SCM use PortConfigKey ozone.scm.client.port appended with serviceId and nodeId
2021-10-04 02:04:42,266 [Listener at 0.0.0.0/12115] INFO  ha.SCMNodeInfo (SCMNodeInfo.java:getPort(197)) - ConfigKey ozone.scm.block.client.address is deprecated, For configuring different ports for each SCM use PortConfigKey ozone.scm.block.client.port appended with serviceId and nodeId
2021-10-04 02:04:42,266 [Listener at 0.0.0.0/12115] INFO  ha.SCMNodeInfo (SCMNodeInfo.java:getPort(197)) - ConfigKey ozone.scm.datanode.address is deprecated, For configuring different ports for each SCM use PortConfigKey ozone.scm.datanode.port appended with serviceId and nodeId
2021-10-04 02:04:42,266 [Listener at 0.0.0.0/12115] INFO  ha.SCMNodeInfo (SCMNodeInfo.java:getPort(197)) - ConfigKey ozone.scm.client.address is deprecated, For configuring different ports for each SCM use PortConfigKey ozone.scm.client.port appended with serviceId and nodeId
2021-10-04 02:04:42,266 [Listener at 0.0.0.0/12115] INFO  ha.SCMNodeInfo (SCMNodeInfo.java:getPort(197)) - ConfigKey ozone.scm.block.client.address is deprecated, For configuring different ports for each SCM use PortConfigKey ozone.scm.block.client.port appended with serviceId and nodeId
2021-10-04 02:04:42,266 [Listener at 0.0.0.0/12115] INFO  ha.SCMNodeInfo (SCMNodeInfo.java:getPort(197)) - ConfigKey ozone.scm.datanode.address is deprecated, For configuring different ports for each SCM use PortConfigKey ozone.scm.datanode.port appended with serviceId and nodeId
2021-10-04 02:04:42,293 [Listener at 0.0.0.0/12115] WARN  server.ServerUtils (ServerUtils.java:getDBPath(225)) - ozone.om.db.dirs is not configured. We recommend adding this setting. Falling back to ozone.metadata.dirs instead.
2021-10-04 02:04:42,294 [Listener at 0.0.0.0/12115] INFO  codec.OmKeyInfoCodec (OmKeyInfoCodec.java:<init>(51)) - OmKeyInfoCodec ignorePipeline = true
2021-10-04 02:04:42,294 [Listener at 0.0.0.0/12115] INFO  codec.RepeatedOmKeyInfoCodec (RepeatedOmKeyInfoCodec.java:<init>(42)) - RepeatedOmKeyInfoCodec ignorePipeline = true
2021-10-04 02:04:42,410 [EndpointStateMachine task thread for /127.0.0.1:14511 - 0 ] INFO  ipc.Client (Client.java:handleConnectionFailure(977)) - Retrying connect to server: localhost/127.0.0.1:14511. Already tried 0 time(s); retry policy is RetryUpToMaximumCountWithFixedSleep(maxRetries=15, sleepTime=1000 MILLISECONDS)
2021-10-04 02:04:42,478 [Listener at 0.0.0.0/12115] INFO  om.OzoneManager (OzoneManager.java:addS3GVolumeToDB(4127)) - Created Volume s3v With Owner runner required for S3Gateway operations.
2021-10-04 02:04:42,478 [Listener at 0.0.0.0/12115] WARN  server.ServerUtils (ServerUtils.java:getDefaultRatisDirectory(237)) - Storage directory for Ratis is not configured. It is a good idea to map this to an SSD disk. Falling back to ozone.metadata.dirs
2021-10-04 02:04:42,479 [Listener at 0.0.0.0/12115] WARN  utils.OzoneManagerRatisUtils (OzoneManagerRatisUtils.java:getOMRatisSnapshotDirectory(435)) - ozone.om.ratis.snapshot.dir is not configured. Falling back to ozone.metadata.dirs config
2021-10-04 02:04:42,479 [Listener at 0.0.0.0/12115] WARN  impl.MetricRegistriesImpl (MetricRegistriesImpl.java:addReporterRegistration(111)) - New reporters are added after registries were created. Some metrics will be missing from the reporter. Please add reporter before adding any new registry.
2021-10-04 02:04:42,479 [Listener at 0.0.0.0/12115] WARN  impl.MetricRegistriesImpl (MetricRegistriesImpl.java:addReporterRegistration(111)) - New reporters are added after registries were created. Some metrics will be missing from the reporter. Please add reporter before adding any new registry.
2021-10-04 02:04:42,479 [Listener at 0.0.0.0/12115] WARN  server.ServerUtils (ServerUtils.java:getDefaultRatisDirectory(237)) - Storage directory for Ratis is not configured. It is a good idea to map this to an SSD disk. Falling back to ozone.metadata.dirs
2021-10-04 02:04:42,481 [Listener at 0.0.0.0/12115] INFO  ratis.OzoneManagerRatisServer (OzoneManagerRatisServer.java:<init>(158)) - Instantiating OM Ratis server with groupID: om-service-test1 and peers: localhost:10964
2021-10-04 02:04:42,481 [Listener at 0.0.0.0/12115] INFO  ratis.OzoneManagerStateMachine (OzoneManagerStateMachine.java:loadSnapshotInfoFromDB(605)) - LastAppliedIndex is set from TransactionInfo from OM DB as (t:0, i:~)
2021-10-04 02:04:42,482 [Listener at 0.0.0.0/12115] INFO  server.RaftServer (ConfUtils.java:logGet(44)) - raft.rpc.type = GRPC (default)
2021-10-04 02:04:42,482 [Listener at 0.0.0.0/12115] INFO  grpc.GrpcFactory (GrpcFactory.java:checkPooledByteBufAllocatorUseCacheForAllThreads(48)) - PERFORMANCE WARNING: useCacheForAllThreads is true that may cause Netty to create a lot garbage objects and, as a result, trigger GC.
	It is recommended to disable useCacheForAllThreads by setting -Dorg.apache.ratis.thirdparty.io.netty.allocator.useCacheForAllThreads=false in command line.
2021-10-04 02:04:42,482 [Listener at 0.0.0.0/12115] INFO  grpc.GrpcConfigKeys (ConfUtils.java:logGet(44)) - raft.grpc.admin.port = -1 (default)
2021-10-04 02:04:42,482 [Listener at 0.0.0.0/12115] INFO  grpc.GrpcConfigKeys (ConfUtils.java:logGet(44)) - raft.grpc.server.port = 10964 (custom)
2021-10-04 02:04:42,482 [Listener at 0.0.0.0/12115] INFO  grpc.GrpcConfigKeys (ConfUtils.java:logGet(44)) - raft.grpc.client.port = -1 (default)
2021-10-04 02:04:42,482 [Listener at 0.0.0.0/12115] INFO  grpc.GrpcConfigKeys (ConfUtils.java:logGet(44)) - raft.grpc.server.port = 10964 (custom)
2021-10-04 02:04:42,483 [Listener at 0.0.0.0/12115] INFO  grpc.GrpcConfigKeys (ConfUtils.java:logGet(44)) - raft.grpc.server.port = 10964 (custom)
2021-10-04 02:04:42,483 [Listener at 0.0.0.0/12115] INFO  server.GrpcService (ConfUtils.java:logGet(44)) - raft.grpc.message.size.max = 33554432 (custom)
2021-10-04 02:04:42,484 [Listener at 0.0.0.0/12115] INFO  server.RaftServerConfigKeys (ConfUtils.java:logGet(44)) - raft.server.log.appender.buffer.byte-limit = 33554432 (custom)
2021-10-04 02:04:42,484 [Listener at 0.0.0.0/12115] INFO  server.GrpcService (ConfUtils.java:logGet(44)) - raft.grpc.flow.control.window = 1MB (=1048576) (default)
2021-10-04 02:04:42,484 [Listener at 0.0.0.0/12115] INFO  server.RaftServerConfigKeys (ConfUtils.java:logGet(44)) - raft.server.rpc.request.timeout = 3000ms (default)
2021-10-04 02:04:42,485 [Listener at 0.0.0.0/12115] INFO  impl.DataStreamServerImpl (ConfUtils.java:logGet(44)) - raft.datastream.type = DISABLED (default)
2021-10-04 02:04:42,485 [Listener at 0.0.0.0/12115] INFO  server.RaftServerConfigKeys (ConfUtils.java:logGet(44)) - raft.server.rpc.slowness.timeout = 2s (custom)
2021-10-04 02:04:42,491 [Listener at 0.0.0.0/12115] INFO  server.RaftServerConfigKeys (ConfUtils.java:logGet(44)) - raft.server.leaderelection.leader.step-down.wait-time = 10s (default)
2021-10-04 02:04:42,491 [Listener at 0.0.0.0/12115] INFO  server.RaftServerConfigKeys (ConfUtils.java:logGet(44)) - raft.server.storage.dir = [/home/runner/work/ozone/ozone/hadoop-ozone/integration-test/target/test-dir/MiniOzoneClusterImpl-aa9d709b-e9e6-4188-94b0-5e66da880090/omNode-1/ratis] (custom)
2021-10-04 02:04:42,492 [Listener at 0.0.0.0/12115] INFO  server.RaftServer (RaftServerProxy.java:addNew(95)) - omNode-1: addNew group-523986131536:[omNode-1|rpc:localhost:10964|priority:0] returns group-523986131536:java.util.concurrent.CompletableFuture@18275381[Not completed]
2021-10-04 02:04:42,492 [Listener at 0.0.0.0/12115] INFO  om.OzoneManager (OzoneManager.java:initializeRatisServer(1585)) - OzoneManager Ratis server initialized at port 10964
2021-10-04 02:04:42,493 [Listener at 0.0.0.0/12115] INFO  ipc.CallQueueManager (CallQueueManager.java:<init>(90)) - Using callQueue: class java.util.concurrent.LinkedBlockingQueue, queueCapacity: 2000, scheduler: class org.apache.hadoop.ipc.DefaultRpcScheduler, ipcBackoff: false.
2021-10-04 02:04:42,495 [pool-251-thread-1] INFO  server.RaftServer$Division (RaftServerImpl.java:<init>(181)) - omNode-1: new RaftServerImpl for group-523986131536:[omNode-1|rpc:localhost:10964|priority:0] with OzoneManagerStateMachine:uninitialized
2021-10-04 02:04:42,495 [Socket Reader #1 for port 10960] INFO  ipc.Server (Server.java:run(1265)) - Starting Socket Reader #1 for port 10960
2021-10-04 02:04:42,509 [pool-251-thread-1] INFO  server.RaftServerConfigKeys (ConfUtils.java:logGet(44)) - raft.server.rpc.timeout.min = 1s (custom)
2021-10-04 02:04:42,509 [pool-251-thread-1] INFO  server.RaftServerConfigKeys (ConfUtils.java:logGet(44)) - raft.server.rpc.timeout.max = 1200ms (custom)
2021-10-04 02:04:42,509 [pool-251-thread-1] INFO  server.RaftServerConfigKeys (ConfUtils.java:logGet(44)) - raft.server.rpc.sleep.time = 25ms (default)
2021-10-04 02:04:42,509 [pool-251-thread-1] INFO  server.RaftServerConfigKeys (ConfUtils.java:logGet(44)) - raft.server.rpc.slowness.timeout = 2s (custom)
2021-10-04 02:04:42,509 [pool-251-thread-1] INFO  server.RaftServerConfigKeys (ConfUtils.java:logGet(44)) - raft.server.leaderelection.leader.step-down.wait-time = 10s (default)
2021-10-04 02:04:42,509 [pool-251-thread-1] INFO  server.RaftServerConfigKeys (ConfUtils.java:logGet(44)) - raft.server.sleep.deviation.threshold = 300ms (default)
2021-10-04 02:04:42,509 [pool-251-thread-1] INFO  server.RaftServerConfigKeys (ConfUtils.java:logGet(44)) - raft.server.log.appender.install.snapshot.enabled = false (custom)
2021-10-04 02:04:42,509 [pool-251-thread-1] INFO  server.RaftServer$Division (ServerState.java:<init>(105)) - omNode-1@group-523986131536: ConfigurationManager, init=-1: [omNode-1|rpc:localhost:10964|priority:0], old=null, confs=<EMPTY_MAP>
2021-10-04 02:04:42,509 [pool-251-thread-1] INFO  server.RaftServerConfigKeys (ConfUtils.java:logGet(44)) - raft.server.storage.dir = [/home/runner/work/ozone/ozone/hadoop-ozone/integration-test/target/test-dir/MiniOzoneClusterImpl-aa9d709b-e9e6-4188-94b0-5e66da880090/omNode-1/ratis] (custom)
2021-10-04 02:04:42,510 [pool-251-thread-1] INFO  server.RaftServerConfigKeys (ConfUtils.java:logGet(44)) - raft.server.log.corruption.policy = EXCEPTION (default)
2021-10-04 02:04:42,510 [pool-251-thread-1] INFO  server.RaftServerConfigKeys (ConfUtils.java:logGet(44)) - raft.server.storage.free-space.min = 0MB (=0) (default)
2021-10-04 02:04:42,510 [pool-251-thread-1] INFO  storage.RaftStorageDirectory (RaftStorageDirectoryImpl.java:analyzeStorage(135)) - The storage directory /home/runner/work/ozone/ozone/hadoop-ozone/integration-test/target/test-dir/MiniOzoneClusterImpl-aa9d709b-e9e6-4188-94b0-5e66da880090/omNode-1/ratis/c9bc4cf4-3bc3-3c60-a66b-523986131536 does not exist. Creating ...
2021-10-04 02:04:42,521 [pool-251-thread-1] INFO  storage.RaftStorageDirectory (RaftStorageDirectoryImpl.java:tryLock(230)) - Lock on /home/runner/work/ozone/ozone/hadoop-ozone/integration-test/target/test-dir/MiniOzoneClusterImpl-aa9d709b-e9e6-4188-94b0-5e66da880090/omNode-1/ratis/c9bc4cf4-3bc3-3c60-a66b-523986131536/in_use.lock acquired by nodename 17819@fv-az396-153
2021-10-04 02:04:42,523 [pool-251-thread-1] INFO  storage.RaftStorage (RaftStorageImpl.java:format(89)) - Storage directory /home/runner/work/ozone/ozone/hadoop-ozone/integration-test/target/test-dir/MiniOzoneClusterImpl-aa9d709b-e9e6-4188-94b0-5e66da880090/omNode-1/ratis/c9bc4cf4-3bc3-3c60-a66b-523986131536 has been successfully formatted.
2021-10-04 02:04:42,524 [pool-251-thread-1] INFO  server.RaftServerConfigKeys (ConfUtils.java:logGet(44)) - raft.server.notification.no-leader.timeout = 2s (custom)
2021-10-04 02:04:42,524 [pool-251-thread-1] INFO  server.RaftServerConfigKeys (ConfUtils.java:logGet(44)) - raft.server.log.use.memory = false (default)
2021-10-04 02:04:42,524 [pool-251-thread-1] INFO  server.RaftServerConfigKeys (ConfUtils.java:logGet(44)) - raft.server.log.purge.gap = 1000000 (custom)
2021-10-04 02:04:42,524 [pool-251-thread-1] INFO  server.RaftServerConfigKeys (ConfUtils.java:logGet(44)) - raft.server.log.appender.buffer.byte-limit = 33554432 (custom)
2021-10-04 02:04:42,524 [pool-251-thread-1] INFO  server.RaftServerConfigKeys (ConfUtils.java:logGet(44)) - raft.server.log.segment.size.max = 4194304 (custom)
2021-10-04 02:04:42,529 [Listener at 127.0.0.1/10960] INFO  om.OzoneManager (OzoneManager.java:initFSOLayout(4333)) - Configured ozone.om.metadata.layout=SIMPLE and disabled optimized OM FS operations
2021-10-04 02:04:42,529 [pool-251-thread-1] INFO  server.RaftServerConfigKeys (ConfUtils.java:logGet(44)) - raft.server.log.segment.cache.num.max = 2 (custom)
2021-10-04 02:04:42,529 [pool-251-thread-1] INFO  server.RaftServerConfigKeys (ConfUtils.java:logGet(44)) - raft.server.log.segment.cache.size.max = 200MB (=209715200) (default)
2021-10-04 02:04:42,529 [pool-251-thread-1] INFO  segmented.SegmentedRaftLogWorker (SegmentedRaftLogWorker.java:<init>(182)) - new omNode-1@group-523986131536-SegmentedRaftLogWorker for RaftStorageImpl:Storage Directory /home/runner/work/ozone/ozone/hadoop-ozone/integration-test/target/test-dir/MiniOzoneClusterImpl-aa9d709b-e9e6-4188-94b0-5e66da880090/omNode-1/ratis/c9bc4cf4-3bc3-3c60-a66b-523986131536
2021-10-04 02:04:42,529 [pool-251-thread-1] INFO  server.RaftServerConfigKeys (ConfUtils.java:logGet(44)) - raft.server.log.queue.byte-limit = 64MB (=67108864) (default)
2021-10-04 02:04:42,529 [pool-251-thread-1] INFO  server.RaftServerConfigKeys (ConfUtils.java:logGet(44)) - raft.server.log.queue.element-limit = 4096 (default)
2021-10-04 02:04:42,530 [pool-251-thread-1] INFO  server.RaftServerConfigKeys (ConfUtils.java:logGet(44)) - raft.server.log.segment.size.max = 4194304 (custom)
2021-10-04 02:04:42,530 [pool-251-thread-1] INFO  server.RaftServerConfigKeys (ConfUtils.java:logGet(44)) - raft.server.log.preallocated.size = 4194304 (custom)
2021-10-04 02:04:42,530 [pool-251-thread-1] INFO  server.RaftServerConfigKeys (ConfUtils.java:logGet(44)) - raft.server.log.force.sync.num = 128 (default)
2021-10-04 02:04:42,530 [pool-251-thread-1] INFO  server.RaftServerConfigKeys (ConfUtils.java:logGet(44)) - raft.server.log.statemachine.data.sync = true (default)
2021-10-04 02:04:42,530 [pool-251-thread-1] INFO  server.RaftServerConfigKeys (ConfUtils.java:logGet(44)) - raft.server.log.statemachine.data.sync.timeout = 10s (default)
2021-10-04 02:04:42,530 [pool-251-thread-1] INFO  server.RaftServerConfigKeys (ConfUtils.java:logGet(44)) - raft.server.log.statemachine.data.sync.timeout.retry = -1 (default)
2021-10-04 02:04:42,532 [pool-251-thread-1] INFO  server.RaftServerConfigKeys (ConfUtils.java:logGet(44)) - raft.server.log.write.buffer.size = 64KB (=65536) (default)
2021-10-04 02:04:42,532 [pool-251-thread-1] INFO  server.RaftServerConfigKeys (ConfUtils.java:logGet(44)) - raft.server.log.statemachine.data.caching.enabled = false (default)
2021-10-04 02:04:42,532 [pool-251-thread-1] INFO  segmented.SegmentedRaftLogWorker (SegmentedRaftLogWorker.java:lambda$new$0(133)) - omNode-1@group-523986131536-SegmentedRaftLogWorker: flushIndex: setUnconditionally 0 -> -1
2021-10-04 02:04:42,532 [pool-251-thread-1] INFO  segmented.SegmentedRaftLogWorker (SegmentedRaftLogWorker.java:lambda$new$0(133)) - omNode-1@group-523986131536-SegmentedRaftLogWorker: safeCacheEvictIndex: setUnconditionally 0 -> -1
2021-10-04 02:04:42,532 [Listener at 127.0.0.1/10960] INFO  impl.MetricsSystemImpl (MetricsSystemImpl.java:init(158)) - OzoneManager metrics system started (again)
2021-10-04 02:04:42,548 [Listener at 127.0.0.1/10960] INFO  om.OzoneManager (OzoneManager.java:start(1281)) - OzoneManager RPC server is listening at localhost/127.0.0.1:10960
2021-10-04 02:04:42,554 [pool-251-thread-1] INFO  server.RaftServerConfigKeys (ConfUtils.java:logGet(44)) - raft.server.snapshot.auto.trigger.enabled = true (custom)
2021-10-04 02:04:42,554 [pool-251-thread-1] INFO  server.RaftServerConfigKeys (ConfUtils.java:logGet(44)) - raft.server.snapshot.auto.trigger.threshold = 400000 (default)
2021-10-04 02:04:42,554 [pool-251-thread-1] INFO  server.RaftServerConfigKeys (ConfUtils.java:logGet(44)) - raft.server.snapshot.retention.file.num = -1 (default)
2021-10-04 02:04:42,554 [pool-251-thread-1] INFO  server.RaftServerConfigKeys (ConfUtils.java:logGet(44)) - raft.server.log.purge.upto.snapshot.index = true (custom)
2021-10-04 02:04:42,554 [pool-251-thread-1] INFO  server.RaftServerConfigKeys (ConfUtils.java:logGet(44)) - raft.server.retrycache.expirytime = 300s (custom)
2021-10-04 02:04:42,554 [pool-251-thread-1] INFO  server.RaftServerConfigKeys (ConfUtils.java:logGet(44)) - raft.server.retrycache.statistics.expirytime = 100μs (default)
2021-10-04 02:04:42,556 [Listener at 127.0.0.1/10960] INFO  ratis.OzoneManagerRatisServer (OzoneManagerRatisServer.java:start(516)) - Starting OzoneManagerRatisServer omNode-1 at port 10964
2021-10-04 02:04:42,556 [Listener at 127.0.0.1/10960] INFO  server.RaftServer$Division (RaftServerImpl.java:start(296)) - omNode-1@group-523986131536: start as a follower, conf=-1: [omNode-1|rpc:localhost:10964|priority:0], old=null
2021-10-04 02:04:42,556 [Listener at 127.0.0.1/10960] INFO  server.RaftServer$Division (RaftServerImpl.java:setRole(285)) - omNode-1@group-523986131536: changes role from      null to FOLLOWER at term 0 for startAsFollower
2021-10-04 02:04:42,557 [Listener at 127.0.0.1/10960] INFO  impl.RoleInfo (RoleInfo.java:updateAndGet(130)) - omNode-1: start omNode-1@group-523986131536-FollowerState
2021-10-04 02:04:42,568 [Listener at 127.0.0.1/10960] INFO  util.JmxRegister (JmxRegister.java:tryRegister(44)) - Successfully registered JMX Bean with object name Ratis:service=RaftServer,group=group-523986131536,id=omNode-1
2021-10-04 02:04:42,568 [EndpointStateMachine task thread for /127.0.0.1:14521 - 0 ] INFO  ipc.Client (Client.java:handleConnectionFailure(977)) - Retrying connect to server: localhost/127.0.0.1:14521. Already tried 13 time(s); retry policy is RetryUpToMaximumCountWithFixedSleep(maxRetries=15, sleepTime=1000 MILLISECONDS)
2021-10-04 02:04:42,577 [EndpointStateMachine task thread for /127.0.0.1:14501 - 0 ] INFO  ipc.Client (Client.java:handleConnectionFailure(977)) - Retrying connect to server: localhost/127.0.0.1:14501. Already tried 0 time(s); retry policy is RetryUpToMaximumCountWithFixedSleep(maxRetries=15, sleepTime=1000 MILLISECONDS)
2021-10-04 02:04:42,578 [Listener at 127.0.0.1/10960] INFO  server.RaftServer (RaftServerProxy.java:lambda$start$5(374)) - omNode-1: start RPC server
2021-10-04 02:04:42,578 [Listener at 127.0.0.1/10960] INFO  server.GrpcService (GrpcService.java:startImpl(253)) - omNode-1: GrpcService started, listening on 10964
2021-10-04 02:04:42,590 [Listener at 127.0.0.1/10960] INFO  om.OzoneManager (OzoneManager.java:start(1299)) - Version File has different layout version (0) than OM DB (null). That is expected if this OM has never been finalized to a newer layout version.
2021-10-04 02:04:42,590 [org.apache.ratis.util.JvmPauseMonitor$$Lambda$499/1387671967@814fbee] INFO  util.JvmPauseMonitor (JvmPauseMonitor.java:run(103)) - JvmPauseMonitor-omNode-1: Started
2021-10-04 02:04:42,620 [Listener at 127.0.0.1/10960] INFO  http.BaseHttpServer (BaseHttpServer.java:newHttpServer2BuilderForOzone(209)) - Starting Web-server for ozoneManager at: http://0.0.0.0:10962
2021-10-04 02:04:42,620 [Listener at 127.0.0.1/10960] INFO  http.BaseHttpServer (BaseHttpServer.java:<init>(107)) - Hadoop Security Enabled: false Ozone Security Enabled: false Ozone HTTP Security Enabled: false 
2021-10-04 02:04:42,622 [Listener at 127.0.0.1/10960] INFO  server.AuthenticationFilter (AuthenticationFilter.java:constructSecretProvider(240)) - Unable to initialize FileSignerSecretProvider, falling back to use random secrets.
2021-10-04 02:04:42,630 [Listener at 127.0.0.1/10960] WARN  http.HttpRequestLog (HttpRequestLog.java:getRequestLog(103)) - Jetty request log can only be enabled using Log4j
2021-10-04 02:04:42,631 [Listener at 127.0.0.1/10960] INFO  http.HttpServer2 (HttpServer2.java:addGlobalFilter(1030)) - Added global filter 'safety' (class=org.apache.hadoop.hdds.server.http.HttpServer2$QuotingInputFilter)
2021-10-04 02:04:42,632 [Listener at 127.0.0.1/10960] INFO  http.HttpServer2 (HttpServer2.java:addFilter(1006)) - Added filter static_user_filter (class=org.apache.hadoop.http.lib.StaticUserWebFilter$StaticUserFilter) to context ozoneManager
2021-10-04 02:04:42,632 [Listener at 127.0.0.1/10960] INFO  http.HttpServer2 (HttpServer2.java:addFilter(1014)) - Added filter static_user_filter (class=org.apache.hadoop.http.lib.StaticUserWebFilter$StaticUserFilter) to context logs
2021-10-04 02:04:42,632 [Listener at 127.0.0.1/10960] INFO  http.HttpServer2 (HttpServer2.java:addFilter(1014)) - Added filter static_user_filter (class=org.apache.hadoop.http.lib.StaticUserWebFilter$StaticUserFilter) to context static
2021-10-04 02:04:42,633 [Listener at 127.0.0.1/10960] INFO  http.HttpServer2 (HttpServer2.java:bindListener(1249)) - Jetty bound to port 10962
2021-10-04 02:04:42,633 [Listener at 127.0.0.1/10960] INFO  server.Server (Server.java:doStart(375)) - jetty-9.4.43.v20210629; built: 2021-06-30T11:07:22.254Z; git: 526006ecfa3af7f1a27ef3a288e2bef7ea9dd7e8; jvm 1.8.0_292-b10
2021-10-04 02:04:42,643 [Listener at 127.0.0.1/10960] INFO  server.session (DefaultSessionIdManager.java:doStart(334)) - DefaultSessionIdManager workerName=node0
2021-10-04 02:04:42,644 [Listener at 127.0.0.1/10960] INFO  server.session (DefaultSessionIdManager.java:doStart(339)) - No SessionScavenger set, using defaults
2021-10-04 02:04:42,644 [Listener at 127.0.0.1/10960] INFO  server.session (HouseKeeper.java:startScavenging(132)) - node0 Scavenging every 660000ms
2021-10-04 02:04:42,651 [Listener at 127.0.0.1/10960] INFO  handler.ContextHandler (ContextHandler.java:doStart(915)) - Started o.e.j.s.ServletContextHandler@1ace122d{logs,/logs,file:///home/runner/work/ozone/ozone/hadoop-ozone/integration-test/target/log,AVAILABLE}
2021-10-04 02:04:42,652 [Listener at 127.0.0.1/10960] INFO  handler.ContextHandler (ContextHandler.java:doStart(915)) - Started o.e.j.s.ServletContextHandler@1582adc5{static,/static,file:///home/runner/work/ozone/ozone/hadoop-ozone/integration-test/target/test-classes/webapps/static,AVAILABLE}
2021-10-04 02:04:42,655 [Listener at 127.0.0.1/10960] INFO  handler.ContextHandler (ContextHandler.java:doStart(915)) - Started o.e.j.w.WebAppContext@403eab3{ozoneManager,/,file:///home/runner/work/ozone/ozone/hadoop-ozone/integration-test/target/test-classes/webapps/ozoneManager/,AVAILABLE}{file:/home/runner/work/ozone/ozone/hadoop-ozone/integration-test/target/test-classes/webapps/ozoneManager}
2021-10-04 02:04:42,659 [Listener at 127.0.0.1/10960] INFO  server.AbstractConnector (AbstractConnector.java:doStart(331)) - Started ServerConnector@89ebacd{HTTP/1.1, (http/1.1)}{0.0.0.0:10962}
2021-10-04 02:04:42,659 [Listener at 127.0.0.1/10960] INFO  server.Server (Server.java:doStart(415)) - Started @85764ms
2021-10-04 02:04:42,659 [Listener at 127.0.0.1/10960] WARN  impl.MetricsSystemImpl (MetricsSystemImpl.java:register(279)) - Sink prometheus already exists!
2021-10-04 02:04:42,660 [Listener at 127.0.0.1/10960] INFO  http.BaseHttpServer (BaseHttpServer.java:updateConnectorAddress(329)) - HTTP server of ozoneManager listening at http://0.0.0.0:10962
2021-10-04 02:04:42,664 [IPC Server Responder] INFO  ipc.Server (Server.java:run(1507)) - IPC Server Responder: starting
2021-10-04 02:04:42,665 [IPC Server listener on 10960] INFO  ipc.Server (Server.java:run(1344)) - IPC Server listener on 10960: starting
2021-10-04 02:04:42,667 [Listener at 127.0.0.1/10960] INFO  om.OzoneManager (OzoneManager.java:startTrashEmptier(1543)) - Trash Interval set to 0. Files deleted will not move to trash
2021-10-04 02:04:42,667 [Listener at 127.0.0.1/10960] INFO  ozone.MiniOzoneHAClusterImpl (MiniOzoneHAClusterImpl.java:createOMService(485)) - Started OzoneManager omNode-1 RPC server at localhost/127.0.0.1:10960
2021-10-04 02:04:42,689 [org.apache.hadoop.util.JvmPauseMonitor$Monitor@194c98f5] INFO  util.JvmPauseMonitor (JvmPauseMonitor.java:run(188)) - Starting JVM pause monitor
2021-10-04 02:04:42,697 [Listener at 127.0.0.1/10960] WARN  impl.MetricRegistriesImpl (MetricRegistriesImpl.java:addReporterRegistration(111)) - New reporters are added after registries were created. Some metrics will be missing from the reporter. Please add reporter before adding any new registry.
2021-10-04 02:04:42,698 [Listener at 127.0.0.1/10960] WARN  impl.MetricRegistriesImpl (MetricRegistriesImpl.java:addReporterRegistration(111)) - New reporters are added after registries were created. Some metrics will be missing from the reporter. Please add reporter before adding any new registry.
2021-10-04 02:04:42,698 [Listener at 127.0.0.1/10960] INFO  impl.MetricsSystemImpl (MetricsSystemImpl.java:init(158)) - HddsDatanode metrics system started (again)
2021-10-04 02:04:42,713 [Listener at 127.0.0.1/10960] INFO  ozone.HddsDatanodeService (HddsDatanodeService.java:start(234)) - HddsDatanodeService host:fv-az396-153.zsjpccerc4sulamragr3v05mvf.jx.internal.cloudapp.net ip:10.1.0.36
2021-10-04 02:04:42,734 [Listener at 127.0.0.1/10960] INFO  upgrade.AbstractLayoutVersionManager (AbstractLayoutVersionManager.java:init(79)) - Initializing Layout version manager with metadata layout = SCM_HA (version = 2), software layout = SCM_HA (version = 2)
2021-10-04 02:04:42,810 [Listener at 127.0.0.1/10960] INFO  reflections.Reflections (Reflections.java:scan(232)) - Reflections took 75 ms to scan 7 urls, producing 119 keys and 275 values 
2021-10-04 02:04:42,812 [Listener at 127.0.0.1/10960] INFO  ha.SCMNodeInfo (SCMNodeInfo.java:getPort(197)) - ConfigKey ozone.scm.client.address is deprecated, For configuring different ports for each SCM use PortConfigKey ozone.scm.client.port appended with serviceId and nodeId
2021-10-04 02:04:42,812 [Listener at 127.0.0.1/10960] INFO  ha.SCMNodeInfo (SCMNodeInfo.java:getPort(197)) - ConfigKey ozone.scm.block.client.address is deprecated, For configuring different ports for each SCM use PortConfigKey ozone.scm.block.client.port appended with serviceId and nodeId
2021-10-04 02:04:42,812 [Listener at 127.0.0.1/10960] INFO  ha.SCMNodeInfo (SCMNodeInfo.java:getPort(197)) - ConfigKey ozone.scm.datanode.address is deprecated, For configuring different ports for each SCM use PortConfigKey ozone.scm.datanode.port appended with serviceId and nodeId
2021-10-04 02:04:42,813 [Listener at 127.0.0.1/10960] INFO  ha.SCMNodeInfo (SCMNodeInfo.java:getPort(197)) - ConfigKey ozone.scm.client.address is deprecated, For configuring different ports for each SCM use PortConfigKey ozone.scm.client.port appended with serviceId and nodeId
2021-10-04 02:04:42,813 [Listener at 127.0.0.1/10960] INFO  ha.SCMNodeInfo (SCMNodeInfo.java:getPort(197)) - ConfigKey ozone.scm.block.client.address is deprecated, For configuring different ports for each SCM use PortConfigKey ozone.scm.block.client.port appended with serviceId and nodeId
2021-10-04 02:04:42,813 [Listener at 127.0.0.1/10960] INFO  ha.SCMNodeInfo (SCMNodeInfo.java:getPort(197)) - ConfigKey ozone.scm.datanode.address is deprecated, For configuring different ports for each SCM use PortConfigKey ozone.scm.datanode.port appended with serviceId and nodeId
2021-10-04 02:04:42,813 [Listener at 127.0.0.1/10960] INFO  ha.SCMNodeInfo (SCMNodeInfo.java:getPort(197)) - ConfigKey ozone.scm.client.address is deprecated, For configuring different ports for each SCM use PortConfigKey ozone.scm.client.port appended with serviceId and nodeId
2021-10-04 02:04:42,813 [Listener at 127.0.0.1/10960] INFO  ha.SCMNodeInfo (SCMNodeInfo.java:getPort(197)) - ConfigKey ozone.scm.block.client.address is deprecated, For configuring different ports for each SCM use PortConfigKey ozone.scm.block.client.port appended with serviceId and nodeId
2021-10-04 02:04:42,813 [Listener at 127.0.0.1/10960] INFO  ha.SCMNodeInfo (SCMNodeInfo.java:getPort(197)) - ConfigKey ozone.scm.datanode.address is deprecated, For configuring different ports for each SCM use PortConfigKey ozone.scm.datanode.port appended with serviceId and nodeId
2021-10-04 02:04:42,815 [Listener at 127.0.0.1/10960] INFO  volume.HddsVolume (HddsVolume.java:<init>(120)) - Creating HddsVolume: /home/runner/work/ozone/ozone/hadoop-ozone/integration-test/target/test-dir/MiniOzoneClusterImpl-aa9d709b-e9e6-4188-94b0-5e66da880090/datanode-0/data-0/containers/hdds of storage type : DISK capacity : 9223372036854775807
2021-10-04 02:04:42,815 [Listener at 127.0.0.1/10960] INFO  volume.MutableVolumeSet (MutableVolumeSet.java:initializeVolumeSet(168)) - Added Volume : /home/runner/work/ozone/ozone/hadoop-ozone/integration-test/target/test-dir/MiniOzoneClusterImpl-aa9d709b-e9e6-4188-94b0-5e66da880090/datanode-0/data-0/containers/hdds to VolumeSet
2021-10-04 02:04:42,815 [Listener at 127.0.0.1/10960] INFO  volume.ThrottledAsyncChecker (ThrottledAsyncChecker.java:schedule(141)) - Scheduling a check for /home/runner/work/ozone/ozone/hadoop-ozone/integration-test/target/test-dir/MiniOzoneClusterImpl-aa9d709b-e9e6-4188-94b0-5e66da880090/datanode-0/data-0/containers/hdds
2021-10-04 02:04:42,830 [Listener at 127.0.0.1/10960] INFO  volume.StorageVolumeChecker (StorageVolumeChecker.java:checkAllVolumes(202)) - Scheduled health check for volume /home/runner/work/ozone/ozone/hadoop-ozone/integration-test/target/test-dir/MiniOzoneClusterImpl-aa9d709b-e9e6-4188-94b0-5e66da880090/datanode-0/data-0/containers/hdds
2021-10-04 02:04:42,850 [Listener at 127.0.0.1/10960] INFO  volume.MutableVolumeSet (MutableVolumeSet.java:initializeVolumeSet(168)) - Added Volume : /home/runner/work/ozone/ozone/hadoop-ozone/integration-test/target/test-dir/MiniOzoneClusterImpl-aa9d709b-e9e6-4188-94b0-5e66da880090/datanode-0/data/ratis to VolumeSet
2021-10-04 02:04:42,851 [Listener at 127.0.0.1/10960] INFO  volume.ThrottledAsyncChecker (ThrottledAsyncChecker.java:schedule(141)) - Scheduling a check for /home/runner/work/ozone/ozone/hadoop-ozone/integration-test/target/test-dir/MiniOzoneClusterImpl-aa9d709b-e9e6-4188-94b0-5e66da880090/datanode-0/data/ratis
2021-10-04 02:04:42,852 [Listener at 127.0.0.1/10960] INFO  volume.StorageVolumeChecker (StorageVolumeChecker.java:checkAllVolumes(202)) - Scheduled health check for volume /home/runner/work/ozone/ozone/hadoop-ozone/integration-test/target/test-dir/MiniOzoneClusterImpl-aa9d709b-e9e6-4188-94b0-5e66da880090/datanode-0/data/ratis
2021-10-04 02:04:42,864 [Thread-1467] INFO  ozoneimpl.ContainerReader (ContainerReader.java:readVolume(172)) - Finish verifying containers on volume /home/runner/work/ozone/ozone/hadoop-ozone/integration-test/target/test-dir/MiniOzoneClusterImpl-aa9d709b-e9e6-4188-94b0-5e66da880090/datanode-0/data-0/containers/hdds
2021-10-04 02:04:42,865 [Listener at 127.0.0.1/10960] INFO  ozoneimpl.OzoneContainer (OzoneContainer.java:buildContainerSet(236)) - Build ContainerSet costs 0s
2021-10-04 02:04:42,867 [Listener at 127.0.0.1/10960] INFO  server.RaftServer (ConfUtils.java:logGet(44)) - raft.rpc.type = GRPC (default)
2021-10-04 02:04:42,868 [Listener at 127.0.0.1/10960] INFO  grpc.GrpcFactory (GrpcFactory.java:checkPooledByteBufAllocatorUseCacheForAllThreads(48)) - PERFORMANCE WARNING: useCacheForAllThreads is true that may cause Netty to create a lot garbage objects and, as a result, trigger GC.
	It is recommended to disable useCacheForAllThreads by setting -Dorg.apache.ratis.thirdparty.io.netty.allocator.useCacheForAllThreads=false in command line.
2021-10-04 02:04:42,868 [Listener at 127.0.0.1/10960] INFO  grpc.GrpcConfigKeys (ConfUtils.java:logGet(44)) - raft.grpc.admin.port = 0 (custom)
2021-10-04 02:04:42,868 [Listener at 127.0.0.1/10960] INFO  grpc.GrpcConfigKeys (ConfUtils.java:logGet(44)) - raft.grpc.client.port = 0 (custom)
2021-10-04 02:04:42,868 [Listener at 127.0.0.1/10960] INFO  grpc.GrpcConfigKeys (ConfUtils.java:logGet(44)) - raft.grpc.server.port = 0 (default)
2021-10-04 02:04:42,868 [Listener at 127.0.0.1/10960] INFO  server.GrpcService (ConfUtils.java:logGet(44)) - raft.grpc.message.size.max = 32MB (=33554432) (custom)
2021-10-04 02:04:42,869 [Listener at 127.0.0.1/10960] INFO  server.RaftServerConfigKeys (ConfUtils.java:logGet(44)) - raft.server.log.appender.buffer.byte-limit = 33554432 (custom)
2021-10-04 02:04:42,869 [Listener at 127.0.0.1/10960] INFO  server.GrpcService (ConfUtils.java:logGet(44)) - raft.grpc.flow.control.window = 5MB (=5242880) (custom)
2021-10-04 02:04:42,869 [Listener at 127.0.0.1/10960] INFO  server.RaftServerConfigKeys (ConfUtils.java:logGet(44)) - raft.server.rpc.request.timeout = 60s (custom)
2021-10-04 02:04:42,870 [Listener at 127.0.0.1/10960] INFO  impl.DataStreamServerImpl (ConfUtils.java:logGet(44)) - raft.datastream.type = DISABLED (default)
2021-10-04 02:04:42,870 [Listener at 127.0.0.1/10960] INFO  server.RaftServerConfigKeys (ConfUtils.java:logGet(44)) - raft.server.rpc.slowness.timeout = 300s (custom)
2021-10-04 02:04:42,871 [Listener at 127.0.0.1/10960] INFO  server.RaftServerConfigKeys (ConfUtils.java:logGet(44)) - raft.server.leaderelection.leader.step-down.wait-time = 10s (default)
2021-10-04 02:04:42,871 [Listener at 127.0.0.1/10960] INFO  server.RaftServerConfigKeys (ConfUtils.java:logGet(44)) - raft.server.storage.dir = [/home/runner/work/ozone/ozone/hadoop-ozone/integration-test/target/test-dir/MiniOzoneClusterImpl-aa9d709b-e9e6-4188-94b0-5e66da880090/datanode-0/data/ratis] (custom)
2021-10-04 02:04:42,875 [Listener at 127.0.0.1/10960] INFO  http.BaseHttpServer (BaseHttpServer.java:newHttpServer2BuilderForOzone(209)) - Starting Web-server for hddsDatanode at: http://0.0.0.0:0
2021-10-04 02:04:42,875 [Listener at 127.0.0.1/10960] INFO  http.BaseHttpServer (BaseHttpServer.java:<init>(107)) - Hadoop Security Enabled: false Ozone Security Enabled: false Ozone HTTP Security Enabled: false 
2021-10-04 02:04:42,876 [Listener at 127.0.0.1/10960] INFO  server.AuthenticationFilter (AuthenticationFilter.java:constructSecretProvider(240)) - Unable to initialize FileSignerSecretProvider, falling back to use random secrets.
2021-10-04 02:04:42,877 [Listener at 127.0.0.1/10960] WARN  http.HttpRequestLog (HttpRequestLog.java:getRequestLog(103)) - Jetty request log can only be enabled using Log4j
2021-10-04 02:04:42,878 [Listener at 127.0.0.1/10960] INFO  http.HttpServer2 (HttpServer2.java:addGlobalFilter(1030)) - Added global filter 'safety' (class=org.apache.hadoop.hdds.server.http.HttpServer2$QuotingInputFilter)
2021-10-04 02:04:42,880 [Listener at 127.0.0.1/10960] INFO  http.HttpServer2 (HttpServer2.java:addFilter(1006)) - Added filter static_user_filter (class=org.apache.hadoop.http.lib.StaticUserWebFilter$StaticUserFilter) to context hddsDatanode
2021-10-04 02:04:42,881 [Listener at 127.0.0.1/10960] INFO  http.HttpServer2 (HttpServer2.java:addFilter(1014)) - Added filter static_user_filter (class=org.apache.hadoop.http.lib.StaticUserWebFilter$StaticUserFilter) to context static
2021-10-04 02:04:42,881 [Listener at 127.0.0.1/10960] INFO  http.HttpServer2 (HttpServer2.java:addFilter(1014)) - Added filter static_user_filter (class=org.apache.hadoop.http.lib.StaticUserWebFilter$StaticUserFilter) to context logs
2021-10-04 02:04:42,881 [Listener at 127.0.0.1/10960] INFO  http.HttpServer2 (HttpServer2.java:bindListener(1249)) - Jetty bound to port 36529
2021-10-04 02:04:42,882 [Listener at 127.0.0.1/10960] INFO  server.Server (Server.java:doStart(375)) - jetty-9.4.43.v20210629; built: 2021-06-30T11:07:22.254Z; git: 526006ecfa3af7f1a27ef3a288e2bef7ea9dd7e8; jvm 1.8.0_292-b10
2021-10-04 02:04:42,888 [Listener at 127.0.0.1/10960] INFO  server.session (DefaultSessionIdManager.java:doStart(334)) - DefaultSessionIdManager workerName=node0
2021-10-04 02:04:42,888 [Listener at 127.0.0.1/10960] INFO  server.session (DefaultSessionIdManager.java:doStart(339)) - No SessionScavenger set, using defaults
2021-10-04 02:04:42,888 [Listener at 127.0.0.1/10960] INFO  server.session (HouseKeeper.java:startScavenging(132)) - node0 Scavenging every 660000ms
2021-10-04 02:04:42,889 [Listener at 127.0.0.1/10960] INFO  handler.ContextHandler (ContextHandler.java:doStart(915)) - Started o.e.j.s.ServletContextHandler@6f614ad4{logs,/logs,file:///home/runner/work/ozone/ozone/hadoop-ozone/integration-test/target/log,AVAILABLE}
2021-10-04 02:04:42,890 [Listener at 127.0.0.1/10960] INFO  handler.ContextHandler (ContextHandler.java:doStart(915)) - Started o.e.j.s.ServletContextHandler@4527e4{static,/static,jar:file:/home/runner/.m2/repository/org/apache/ozone/hdds-container-service/1.2.0-SNAPSHOT/hdds-container-service-1.2.0-SNAPSHOT.jar!/webapps/static,AVAILABLE}
2021-10-04 02:04:42,964 [Listener at 127.0.0.1/10960] INFO  handler.ContextHandler (ContextHandler.java:doStart(915)) - Started o.e.j.w.WebAppContext@3bdb1d56{hddsDatanode,/,file:///tmp/jetty-0_0_0_0-36529-hdds-container-service-1_2_0-SNAPSHOT_jar-_-any-5756010982860351542/webapp/,AVAILABLE}{jar:file:/home/runner/.m2/repository/org/apache/ozone/hdds-container-service/1.2.0-SNAPSHOT/hdds-container-service-1.2.0-SNAPSHOT.jar!/webapps/hddsDatanode}
2021-10-04 02:04:42,975 [Listener at 127.0.0.1/10960] INFO  server.AbstractConnector (AbstractConnector.java:doStart(331)) - Started ServerConnector@79bc0ceb{HTTP/1.1, (http/1.1)}{0.0.0.0:36529}
2021-10-04 02:04:42,976 [Listener at 127.0.0.1/10960] INFO  server.Server (Server.java:doStart(415)) - Started @86081ms
2021-10-04 02:04:42,976 [Listener at 127.0.0.1/10960] WARN  impl.MetricsSystemImpl (MetricsSystemImpl.java:register(279)) - Sink prometheus already exists!
2021-10-04 02:04:42,977 [Listener at 127.0.0.1/10960] INFO  http.BaseHttpServer (BaseHttpServer.java:updateConnectorAddress(329)) - HTTP server of hddsDatanode listening at http://0.0.0.0:36529
2021-10-04 02:04:42,994 [Listener at 127.0.0.1/10960] WARN  impl.MetricRegistriesImpl (MetricRegistriesImpl.java:addReporterRegistration(111)) - New reporters are added after registries were created. Some metrics will be missing from the reporter. Please add reporter before adding any new registry.
2021-10-04 02:04:42,994 [Listener at 127.0.0.1/10960] WARN  impl.MetricRegistriesImpl (MetricRegistriesImpl.java:addReporterRegistration(111)) - New reporters are added after registries were created. Some metrics will be missing from the reporter. Please add reporter before adding any new registry.
2021-10-04 02:04:42,994 [Listener at 127.0.0.1/10960] INFO  impl.MetricsSystemImpl (MetricsSystemImpl.java:init(158)) - HddsDatanode metrics system started (again)
2021-10-04 02:04:42,998 [Datanode State Machine Thread - 0] INFO  statemachine.DatanodeStateMachine (DatanodeStateMachine.java:lambda$startDaemon$0(456)) - Ozone container server started.
2021-10-04 02:04:43,018 [Listener at 127.0.0.1/10960] INFO  ozone.HddsDatanodeService (HddsDatanodeService.java:start(234)) - HddsDatanodeService host:fv-az396-153.zsjpccerc4sulamragr3v05mvf.jx.internal.cloudapp.net ip:10.1.0.36
2021-10-04 02:04:43,053 [org.apache.hadoop.util.JvmPauseMonitor$Monitor@46afe83a] INFO  util.JvmPauseMonitor (JvmPauseMonitor.java:run(188)) - Starting JVM pause monitor
2021-10-04 02:04:43,062 [Datanode State Machine Task Thread - 0] INFO  ha.SCMNodeInfo (SCMNodeInfo.java:getPort(197)) - ConfigKey ozone.scm.client.address is deprecated, For configuring different ports for each SCM use PortConfigKey ozone.scm.client.port appended with serviceId and nodeId
2021-10-04 02:04:43,063 [Listener at 127.0.0.1/10960] INFO  upgrade.AbstractLayoutVersionManager (AbstractLayoutVersionManager.java:init(79)) - Initializing Layout version manager with metadata layout = SCM_HA (version = 2), software layout = SCM_HA (version = 2)
2021-10-04 02:04:43,068 [Datanode State Machine Task Thread - 0] INFO  ha.SCMNodeInfo (SCMNodeInfo.java:getPort(197)) - ConfigKey ozone.scm.block.client.address is deprecated, For configuring different ports for each SCM use PortConfigKey ozone.scm.block.client.port appended with serviceId and nodeId
2021-10-04 02:04:43,069 [Datanode State Machine Task Thread - 0] INFO  ha.SCMNodeInfo (SCMNodeInfo.java:getPort(197)) - ConfigKey ozone.scm.datanode.address is deprecated, For configuring different ports for each SCM use PortConfigKey ozone.scm.datanode.port appended with serviceId and nodeId
2021-10-04 02:04:43,069 [Datanode State Machine Task Thread - 0] INFO  ha.SCMNodeInfo (SCMNodeInfo.java:getPort(197)) - ConfigKey ozone.scm.client.address is deprecated, For configuring different ports for each SCM use PortConfigKey ozone.scm.client.port appended with serviceId and nodeId
2021-10-04 02:04:43,069 [Datanode State Machine Task Thread - 0] INFO  ha.SCMNodeInfo (SCMNodeInfo.java:getPort(197)) - ConfigKey ozone.scm.block.client.address is deprecated, For configuring different ports for each SCM use PortConfigKey ozone.scm.block.client.port appended with serviceId and nodeId
2021-10-04 02:04:43,069 [Datanode State Machine Task Thread - 0] INFO  ha.SCMNodeInfo (SCMNodeInfo.java:getPort(197)) - ConfigKey ozone.scm.datanode.address is deprecated, For configuring different ports for each SCM use PortConfigKey ozone.scm.datanode.port appended with serviceId and nodeId
2021-10-04 02:04:43,069 [Datanode State Machine Task Thread - 0] INFO  ha.SCMNodeInfo (SCMNodeInfo.java:getPort(197)) - ConfigKey ozone.scm.client.address is deprecated, For configuring different ports for each SCM use PortConfigKey ozone.scm.client.port appended with serviceId and nodeId
2021-10-04 02:04:43,069 [Datanode State Machine Task Thread - 0] INFO  ha.SCMNodeInfo (SCMNodeInfo.java:getPort(197)) - ConfigKey ozone.scm.block.client.address is deprecated, For configuring different ports for each SCM use PortConfigKey ozone.scm.block.client.port appended with serviceId and nodeId
2021-10-04 02:04:43,069 [Datanode State Machine Task Thread - 0] INFO  ha.SCMNodeInfo (SCMNodeInfo.java:getPort(197)) - ConfigKey ozone.scm.datanode.address is deprecated, For configuring different ports for each SCM use PortConfigKey ozone.scm.datanode.port appended with serviceId and nodeId
2021-10-04 02:04:43,078 [Datanode State Machine Task Thread - 0] INFO  datanode.InitDatanodeState (InitDatanodeState.java:persistContainerDatanodeDetails(145)) - DatanodeDetails is persisted to /home/runner/work/ozone/ozone/hadoop-ozone/integration-test/target/test-dir/MiniOzoneClusterImpl-aa9d709b-e9e6-4188-94b0-5e66da880090/datanode-0/meta/datanode.id
2021-10-04 02:04:43,156 [Listener at 127.0.0.1/10960] INFO  reflections.Reflections (Reflections.java:scan(232)) - Reflections took 86 ms to scan 7 urls, producing 119 keys and 275 values 
2021-10-04 02:04:43,159 [Listener at 127.0.0.1/10960] INFO  ha.SCMNodeInfo (SCMNodeInfo.java:getPort(197)) - ConfigKey ozone.scm.client.address is deprecated, For configuring different ports for each SCM use PortConfigKey ozone.scm.client.port appended with serviceId and nodeId
2021-10-04 02:04:43,159 [Listener at 127.0.0.1/10960] INFO  ha.SCMNodeInfo (SCMNodeInfo.java:getPort(197)) - ConfigKey ozone.scm.block.client.address is deprecated, For configuring different ports for each SCM use PortConfigKey ozone.scm.block.client.port appended with serviceId and nodeId
2021-10-04 02:04:43,160 [Listener at 127.0.0.1/10960] INFO  ha.SCMNodeInfo (SCMNodeInfo.java:getPort(197)) - ConfigKey ozone.scm.datanode.address is deprecated, For configuring different ports for each SCM use PortConfigKey ozone.scm.datanode.port appended with serviceId and nodeId
2021-10-04 02:04:43,160 [Listener at 127.0.0.1/10960] INFO  ha.SCMNodeInfo (SCMNodeInfo.java:getPort(197)) - ConfigKey ozone.scm.client.address is deprecated, For configuring different ports for each SCM use PortConfigKey ozone.scm.client.port appended with serviceId and nodeId
2021-10-04 02:04:43,160 [Listener at 127.0.0.1/10960] INFO  ha.SCMNodeInfo (SCMNodeInfo.java:getPort(197)) - ConfigKey ozone.scm.block.client.address is deprecated, For configuring different ports for each SCM use PortConfigKey ozone.scm.block.client.port appended with serviceId and nodeId
2021-10-04 02:04:43,161 [Listener at 127.0.0.1/10960] INFO  ha.SCMNodeInfo (SCMNodeInfo.java:getPort(197)) - ConfigKey ozone.scm.datanode.address is deprecated, For configuring different ports for each SCM use PortConfigKey ozone.scm.datanode.port appended with serviceId and nodeId
2021-10-04 02:04:43,161 [Listener at 127.0.0.1/10960] INFO  ha.SCMNodeInfo (SCMNodeInfo.java:getPort(197)) - ConfigKey ozone.scm.client.address is deprecated, For configuring different ports for each SCM use PortConfigKey ozone.scm.client.port appended with serviceId and nodeId
2021-10-04 02:04:43,161 [Listener at 127.0.0.1/10960] INFO  ha.SCMNodeInfo (SCMNodeInfo.java:getPort(197)) - ConfigKey ozone.scm.block.client.address is deprecated, For configuring different ports for each SCM use PortConfigKey ozone.scm.block.client.port appended with serviceId and nodeId
2021-10-04 02:04:43,161 [Listener at 127.0.0.1/10960] INFO  ha.SCMNodeInfo (SCMNodeInfo.java:getPort(197)) - ConfigKey ozone.scm.datanode.address is deprecated, For configuring different ports for each SCM use PortConfigKey ozone.scm.datanode.port appended with serviceId and nodeId
2021-10-04 02:04:43,162 [Listener at 127.0.0.1/10960] INFO  volume.HddsVolume (HddsVolume.java:<init>(120)) - Creating HddsVolume: /home/runner/work/ozone/ozone/hadoop-ozone/integration-test/target/test-dir/MiniOzoneClusterImpl-aa9d709b-e9e6-4188-94b0-5e66da880090/datanode-1/data-0/containers/hdds of storage type : DISK capacity : 9223372036854775807
2021-10-04 02:04:43,163 [Listener at 127.0.0.1/10960] INFO  volume.MutableVolumeSet (MutableVolumeSet.java:initializeVolumeSet(168)) - Added Volume : /home/runner/work/ozone/ozone/hadoop-ozone/integration-test/target/test-dir/MiniOzoneClusterImpl-aa9d709b-e9e6-4188-94b0-5e66da880090/datanode-1/data-0/containers/hdds to VolumeSet
2021-10-04 02:04:43,163 [Listener at 127.0.0.1/10960] INFO  volume.ThrottledAsyncChecker (ThrottledAsyncChecker.java:schedule(141)) - Scheduling a check for /home/runner/work/ozone/ozone/hadoop-ozone/integration-test/target/test-dir/MiniOzoneClusterImpl-aa9d709b-e9e6-4188-94b0-5e66da880090/datanode-1/data-0/containers/hdds
2021-10-04 02:04:43,166 [Listener at 127.0.0.1/10960] INFO  volume.StorageVolumeChecker (StorageVolumeChecker.java:checkAllVolumes(202)) - Scheduled health check for volume /home/runner/work/ozone/ozone/hadoop-ozone/integration-test/target/test-dir/MiniOzoneClusterImpl-aa9d709b-e9e6-4188-94b0-5e66da880090/datanode-1/data-0/containers/hdds
2021-10-04 02:04:43,184 [Listener at 127.0.0.1/10960] INFO  volume.MutableVolumeSet (MutableVolumeSet.java:initializeVolumeSet(168)) - Added Volume : /home/runner/work/ozone/ozone/hadoop-ozone/integration-test/target/test-dir/MiniOzoneClusterImpl-aa9d709b-e9e6-4188-94b0-5e66da880090/datanode-1/data/ratis to VolumeSet
2021-10-04 02:04:43,186 [Listener at 127.0.0.1/10960] INFO  volume.ThrottledAsyncChecker (ThrottledAsyncChecker.java:schedule(141)) - Scheduling a check for /home/runner/work/ozone/ozone/hadoop-ozone/integration-test/target/test-dir/MiniOzoneClusterImpl-aa9d709b-e9e6-4188-94b0-5e66da880090/datanode-1/data/ratis
2021-10-04 02:04:43,187 [Listener at 127.0.0.1/10960] INFO  volume.StorageVolumeChecker (StorageVolumeChecker.java:checkAllVolumes(202)) - Scheduled health check for volume /home/runner/work/ozone/ozone/hadoop-ozone/integration-test/target/test-dir/MiniOzoneClusterImpl-aa9d709b-e9e6-4188-94b0-5e66da880090/datanode-1/data/ratis
2021-10-04 02:04:43,203 [Thread-1479] INFO  ozoneimpl.ContainerReader (ContainerReader.java:readVolume(172)) - Finish verifying containers on volume /home/runner/work/ozone/ozone/hadoop-ozone/integration-test/target/test-dir/MiniOzoneClusterImpl-aa9d709b-e9e6-4188-94b0-5e66da880090/datanode-1/data-0/containers/hdds
2021-10-04 02:04:43,203 [Listener at 127.0.0.1/10960] INFO  ozoneimpl.OzoneContainer (OzoneContainer.java:buildContainerSet(236)) - Build ContainerSet costs 0s
2021-10-04 02:04:43,205 [Listener at 127.0.0.1/10960] INFO  server.RaftServer (ConfUtils.java:logGet(44)) - raft.rpc.type = GRPC (default)
2021-10-04 02:04:43,205 [Listener at 127.0.0.1/10960] INFO  grpc.GrpcFactory (GrpcFactory.java:checkPooledByteBufAllocatorUseCacheForAllThreads(48)) - PERFORMANCE WARNING: useCacheForAllThreads is true that may cause Netty to create a lot garbage objects and, as a result, trigger GC.
	It is recommended to disable useCacheForAllThreads by setting -Dorg.apache.ratis.thirdparty.io.netty.allocator.useCacheForAllThreads=false in command line.
2021-10-04 02:04:43,205 [Listener at 127.0.0.1/10960] INFO  grpc.GrpcConfigKeys (ConfUtils.java:logGet(44)) - raft.grpc.admin.port = 0 (custom)
2021-10-04 02:04:43,206 [Listener at 127.0.0.1/10960] INFO  grpc.GrpcConfigKeys (ConfUtils.java:logGet(44)) - raft.grpc.client.port = 0 (custom)
2021-10-04 02:04:43,206 [Listener at 127.0.0.1/10960] INFO  grpc.GrpcConfigKeys (ConfUtils.java:logGet(44)) - raft.grpc.server.port = 0 (default)
2021-10-04 02:04:43,206 [Listener at 127.0.0.1/10960] INFO  server.GrpcService (ConfUtils.java:logGet(44)) - raft.grpc.message.size.max = 32MB (=33554432) (custom)
2021-10-04 02:04:43,208 [Listener at 127.0.0.1/10960] INFO  server.RaftServerConfigKeys (ConfUtils.java:logGet(44)) - raft.server.log.appender.buffer.byte-limit = 33554432 (custom)
2021-10-04 02:04:43,208 [Listener at 127.0.0.1/10960] INFO  server.GrpcService (ConfUtils.java:logGet(44)) - raft.grpc.flow.control.window = 5MB (=5242880) (custom)
2021-10-04 02:04:43,208 [Listener at 127.0.0.1/10960] INFO  server.RaftServerConfigKeys (ConfUtils.java:logGet(44)) - raft.server.rpc.request.timeout = 60s (custom)
2021-10-04 02:04:43,209 [Listener at 127.0.0.1/10960] INFO  impl.DataStreamServerImpl (ConfUtils.java:logGet(44)) - raft.datastream.type = DISABLED (default)
2021-10-04 02:04:43,210 [Listener at 127.0.0.1/10960] INFO  server.RaftServerConfigKeys (ConfUtils.java:logGet(44)) - raft.server.rpc.slowness.timeout = 300s (custom)
2021-10-04 02:04:43,210 [Listener at 127.0.0.1/10960] INFO  server.RaftServerConfigKeys (ConfUtils.java:logGet(44)) - raft.server.leaderelection.leader.step-down.wait-time = 10s (default)
2021-10-04 02:04:43,210 [Listener at 127.0.0.1/10960] INFO  server.RaftServerConfigKeys (ConfUtils.java:logGet(44)) - raft.server.storage.dir = [/home/runner/work/ozone/ozone/hadoop-ozone/integration-test/target/test-dir/MiniOzoneClusterImpl-aa9d709b-e9e6-4188-94b0-5e66da880090/datanode-1/data/ratis] (custom)
2021-10-04 02:04:43,214 [Listener at 127.0.0.1/10960] INFO  http.BaseHttpServer (BaseHttpServer.java:newHttpServer2BuilderForOzone(209)) - Starting Web-server for hddsDatanode at: http://0.0.0.0:0
2021-10-04 02:04:43,214 [Listener at 127.0.0.1/10960] INFO  http.BaseHttpServer (BaseHttpServer.java:<init>(107)) - Hadoop Security Enabled: false Ozone Security Enabled: false Ozone HTTP Security Enabled: false 
2021-10-04 02:04:43,215 [Listener at 127.0.0.1/10960] INFO  server.AuthenticationFilter (AuthenticationFilter.java:constructSecretProvider(240)) - Unable to initialize FileSignerSecretProvider, falling back to use random secrets.
2021-10-04 02:04:43,216 [Listener at 127.0.0.1/10960] WARN  http.HttpRequestLog (HttpRequestLog.java:getRequestLog(103)) - Jetty request log can only be enabled using Log4j
2021-10-04 02:04:43,216 [Listener at 127.0.0.1/10960] INFO  http.HttpServer2 (HttpServer2.java:addGlobalFilter(1030)) - Added global filter 'safety' (class=org.apache.hadoop.hdds.server.http.HttpServer2$QuotingInputFilter)
2021-10-04 02:04:43,217 [Listener at 127.0.0.1/10960] INFO  http.HttpServer2 (HttpServer2.java:addFilter(1006)) - Added filter static_user_filter (class=org.apache.hadoop.http.lib.StaticUserWebFilter$StaticUserFilter) to context hddsDatanode
2021-10-04 02:04:43,217 [Listener at 127.0.0.1/10960] INFO  http.HttpServer2 (HttpServer2.java:addFilter(1014)) - Added filter static_user_filter (class=org.apache.hadoop.http.lib.StaticUserWebFilter$StaticUserFilter) to context logs
2021-10-04 02:04:43,217 [Listener at 127.0.0.1/10960] INFO  http.HttpServer2 (HttpServer2.java:addFilter(1014)) - Added filter static_user_filter (class=org.apache.hadoop.http.lib.StaticUserWebFilter$StaticUserFilter) to context static
2021-10-04 02:04:43,218 [Listener at 127.0.0.1/10960] INFO  http.HttpServer2 (HttpServer2.java:bindListener(1249)) - Jetty bound to port 42697
2021-10-04 02:04:43,218 [Listener at 127.0.0.1/10960] INFO  server.Server (Server.java:doStart(375)) - jetty-9.4.43.v20210629; built: 2021-06-30T11:07:22.254Z; git: 526006ecfa3af7f1a27ef3a288e2bef7ea9dd7e8; jvm 1.8.0_292-b10
2021-10-04 02:04:43,220 [Listener at 127.0.0.1/10960] INFO  server.session (DefaultSessionIdManager.java:doStart(334)) - DefaultSessionIdManager workerName=node0
2021-10-04 02:04:43,220 [Listener at 127.0.0.1/10960] INFO  server.session (DefaultSessionIdManager.java:doStart(339)) - No SessionScavenger set, using defaults
2021-10-04 02:04:43,220 [Listener at 127.0.0.1/10960] INFO  server.session (HouseKeeper.java:startScavenging(132)) - node0 Scavenging every 660000ms
2021-10-04 02:04:43,234 [Listener at 127.0.0.1/10960] INFO  handler.ContextHandler (ContextHandler.java:doStart(915)) - Started o.e.j.s.ServletContextHandler@69f0720f{logs,/logs,file:///home/runner/work/ozone/ozone/hadoop-ozone/integration-test/target/log,AVAILABLE}
2021-10-04 02:04:43,235 [Listener at 127.0.0.1/10960] INFO  handler.ContextHandler (ContextHandler.java:doStart(915)) - Started o.e.j.s.ServletContextHandler@739c4543{static,/static,jar:file:/home/runner/.m2/repository/org/apache/ozone/hdds-container-service/1.2.0-SNAPSHOT/hdds-container-service-1.2.0-SNAPSHOT.jar!/webapps/static,AVAILABLE}
2021-10-04 02:04:43,296 [Listener at 127.0.0.1/10960] INFO  handler.ContextHandler (ContextHandler.java:doStart(915)) - Started o.e.j.w.WebAppContext@55e1ac0f{hddsDatanode,/,file:///tmp/jetty-0_0_0_0-42697-hdds-container-service-1_2_0-SNAPSHOT_jar-_-any-4819011855812364109/webapp/,AVAILABLE}{jar:file:/home/runner/.m2/repository/org/apache/ozone/hdds-container-service/1.2.0-SNAPSHOT/hdds-container-service-1.2.0-SNAPSHOT.jar!/webapps/hddsDatanode}
2021-10-04 02:04:43,300 [Listener at 127.0.0.1/10960] INFO  server.AbstractConnector (AbstractConnector.java:doStart(331)) - Started ServerConnector@c61c028{HTTP/1.1, (http/1.1)}{0.0.0.0:42697}
2021-10-04 02:04:43,300 [Listener at 127.0.0.1/10960] INFO  server.Server (Server.java:doStart(415)) - Started @86405ms
2021-10-04 02:04:43,301 [Listener at 127.0.0.1/10960] WARN  impl.MetricsSystemImpl (MetricsSystemImpl.java:register(279)) - Sink prometheus already exists!
2021-10-04 02:04:43,301 [Listener at 127.0.0.1/10960] INFO  http.BaseHttpServer (BaseHttpServer.java:updateConnectorAddress(329)) - HTTP server of hddsDatanode listening at http://0.0.0.0:42697
2021-10-04 02:04:43,302 [Listener at 127.0.0.1/10960] WARN  impl.MetricRegistriesImpl (MetricRegistriesImpl.java:addReporterRegistration(111)) - New reporters are added after registries were created. Some metrics will be missing from the reporter. Please add reporter before adding any new registry.
2021-10-04 02:04:43,302 [Listener at 127.0.0.1/10960] WARN  impl.MetricRegistriesImpl (MetricRegistriesImpl.java:addReporterRegistration(111)) - New reporters are added after registries were created. Some metrics will be missing from the reporter. Please add reporter before adding any new registry.
2021-10-04 02:04:43,303 [Listener at 127.0.0.1/10960] INFO  impl.MetricsSystemImpl (MetricsSystemImpl.java:init(158)) - HddsDatanode metrics system started (again)
2021-10-04 02:04:43,311 [Datanode State Machine Thread - 0] INFO  statemachine.DatanodeStateMachine (DatanodeStateMachine.java:lambda$startDaemon$0(456)) - Ozone container server started.
2021-10-04 02:04:43,318 [Listener at 127.0.0.1/10960] INFO  ozone.HddsDatanodeService (HddsDatanodeService.java:start(234)) - HddsDatanodeService host:fv-az396-153.zsjpccerc4sulamragr3v05mvf.jx.internal.cloudapp.net ip:10.1.0.36
2021-10-04 02:04:43,340 [org.apache.hadoop.util.JvmPauseMonitor$Monitor@7db81242] INFO  util.JvmPauseMonitor (JvmPauseMonitor.java:run(188)) - Starting JVM pause monitor
2021-10-04 02:04:43,347 [Datanode State Machine Task Thread - 0] INFO  ha.SCMNodeInfo (SCMNodeInfo.java:getPort(197)) - ConfigKey ozone.scm.client.address is deprecated, For configuring different ports for each SCM use PortConfigKey ozone.scm.client.port appended with serviceId and nodeId
2021-10-04 02:04:43,347 [Datanode State Machine Task Thread - 0] INFO  ha.SCMNodeInfo (SCMNodeInfo.java:getPort(197)) - ConfigKey ozone.scm.block.client.address is deprecated, For configuring different ports for each SCM use PortConfigKey ozone.scm.block.client.port appended with serviceId and nodeId
2021-10-04 02:04:43,347 [Datanode State Machine Task Thread - 0] INFO  ha.SCMNodeInfo (SCMNodeInfo.java:getPort(197)) - ConfigKey ozone.scm.datanode.address is deprecated, For configuring different ports for each SCM use PortConfigKey ozone.scm.datanode.port appended with serviceId and nodeId
2021-10-04 02:04:43,347 [Datanode State Machine Task Thread - 0] INFO  ha.SCMNodeInfo (SCMNodeInfo.java:getPort(197)) - ConfigKey ozone.scm.client.address is deprecated, For configuring different ports for each SCM use PortConfigKey ozone.scm.client.port appended with serviceId and nodeId
2021-10-04 02:04:43,347 [Datanode State Machine Task Thread - 0] INFO  ha.SCMNodeInfo (SCMNodeInfo.java:getPort(197)) - ConfigKey ozone.scm.block.client.address is deprecated, For configuring different ports for each SCM use PortConfigKey ozone.scm.block.client.port appended with serviceId and nodeId
2021-10-04 02:04:43,348 [Datanode State Machine Task Thread - 0] INFO  ha.SCMNodeInfo (SCMNodeInfo.java:getPort(197)) - ConfigKey ozone.scm.datanode.address is deprecated, For configuring different ports for each SCM use PortConfigKey ozone.scm.datanode.port appended with serviceId and nodeId
2021-10-04 02:04:43,348 [Datanode State Machine Task Thread - 0] INFO  ha.SCMNodeInfo (SCMNodeInfo.java:getPort(197)) - ConfigKey ozone.scm.client.address is deprecated, For configuring different ports for each SCM use PortConfigKey ozone.scm.client.port appended with serviceId and nodeId
2021-10-04 02:04:43,348 [Datanode State Machine Task Thread - 0] INFO  ha.SCMNodeInfo (SCMNodeInfo.java:getPort(197)) - ConfigKey ozone.scm.block.client.address is deprecated, For configuring different ports for each SCM use PortConfigKey ozone.scm.block.client.port appended with serviceId and nodeId
2021-10-04 02:04:43,348 [Datanode State Machine Task Thread - 0] INFO  ha.SCMNodeInfo (SCMNodeInfo.java:getPort(197)) - ConfigKey ozone.scm.datanode.address is deprecated, For configuring different ports for each SCM use PortConfigKey ozone.scm.datanode.port appended with serviceId and nodeId
2021-10-04 02:04:43,351 [Datanode State Machine Task Thread - 0] INFO  datanode.InitDatanodeState (InitDatanodeState.java:persistContainerDatanodeDetails(145)) - DatanodeDetails is persisted to /home/runner/work/ozone/ozone/hadoop-ozone/integration-test/target/test-dir/MiniOzoneClusterImpl-aa9d709b-e9e6-4188-94b0-5e66da880090/datanode-1/meta/datanode.id
2021-10-04 02:04:43,384 [Listener at 127.0.0.1/10960] INFO  upgrade.AbstractLayoutVersionManager (AbstractLayoutVersionManager.java:init(79)) - Initializing Layout version manager with metadata layout = SCM_HA (version = 2), software layout = SCM_HA (version = 2)
2021-10-04 02:04:43,410 [EndpointStateMachine task thread for /127.0.0.1:14511 - 0 ] INFO  ipc.Client (Client.java:handleConnectionFailure(977)) - Retrying connect to server: localhost/127.0.0.1:14511. Already tried 1 time(s); retry policy is RetryUpToMaximumCountWithFixedSleep(maxRetries=15, sleepTime=1000 MILLISECONDS)
2021-10-04 02:04:43,496 [Listener at 127.0.0.1/10960] INFO  reflections.Reflections (Reflections.java:scan(232)) - Reflections took 108 ms to scan 7 urls, producing 119 keys and 275 values 
2021-10-04 02:04:43,497 [Listener at 127.0.0.1/10960] INFO  ha.SCMNodeInfo (SCMNodeInfo.java:getPort(197)) - ConfigKey ozone.scm.client.address is deprecated, For configuring different ports for each SCM use PortConfigKey ozone.scm.client.port appended with serviceId and nodeId
2021-10-04 02:04:43,497 [Listener at 127.0.0.1/10960] INFO  ha.SCMNodeInfo (SCMNodeInfo.java:getPort(197)) - ConfigKey ozone.scm.block.client.address is deprecated, For configuring different ports for each SCM use PortConfigKey ozone.scm.block.client.port appended with serviceId and nodeId
2021-10-04 02:04:43,497 [Listener at 127.0.0.1/10960] INFO  ha.SCMNodeInfo (SCMNodeInfo.java:getPort(197)) - ConfigKey ozone.scm.datanode.address is deprecated, For configuring different ports for each SCM use PortConfigKey ozone.scm.datanode.port appended with serviceId and nodeId
2021-10-04 02:04:43,497 [Listener at 127.0.0.1/10960] INFO  ha.SCMNodeInfo (SCMNodeInfo.java:getPort(197)) - ConfigKey ozone.scm.client.address is deprecated, For configuring different ports for each SCM use PortConfigKey ozone.scm.client.port appended with serviceId and nodeId
2021-10-04 02:04:43,498 [Listener at 127.0.0.1/10960] INFO  ha.SCMNodeInfo (SCMNodeInfo.java:getPort(197)) - ConfigKey ozone.scm.block.client.address is deprecated, For configuring different ports for each SCM use PortConfigKey ozone.scm.block.client.port appended with serviceId and nodeId
2021-10-04 02:04:43,498 [Listener at 127.0.0.1/10960] INFO  ha.SCMNodeInfo (SCMNodeInfo.java:getPort(197)) - ConfigKey ozone.scm.datanode.address is deprecated, For configuring different ports for each SCM use PortConfigKey ozone.scm.datanode.port appended with serviceId and nodeId
2021-10-04 02:04:43,503 [Listener at 127.0.0.1/10960] INFO  ha.SCMNodeInfo (SCMNodeInfo.java:getPort(197)) - ConfigKey ozone.scm.client.address is deprecated, For configuring different ports for each SCM use PortConfigKey ozone.scm.client.port appended with serviceId and nodeId
2021-10-04 02:04:43,503 [Listener at 127.0.0.1/10960] INFO  ha.SCMNodeInfo (SCMNodeInfo.java:getPort(197)) - ConfigKey ozone.scm.block.client.address is deprecated, For configuring different ports for each SCM use PortConfigKey ozone.scm.block.client.port appended with serviceId and nodeId
2021-10-04 02:04:43,503 [Listener at 127.0.0.1/10960] INFO  ha.SCMNodeInfo (SCMNodeInfo.java:getPort(197)) - ConfigKey ozone.scm.datanode.address is deprecated, For configuring different ports for each SCM use PortConfigKey ozone.scm.datanode.port appended with serviceId and nodeId
2021-10-04 02:04:43,510 [Listener at 127.0.0.1/10960] INFO  volume.HddsVolume (HddsVolume.java:<init>(120)) - Creating HddsVolume: /home/runner/work/ozone/ozone/hadoop-ozone/integration-test/target/test-dir/MiniOzoneClusterImpl-aa9d709b-e9e6-4188-94b0-5e66da880090/datanode-2/data-0/containers/hdds of storage type : DISK capacity : 9223372036854775807
2021-10-04 02:04:43,511 [Listener at 127.0.0.1/10960] INFO  volume.MutableVolumeSet (MutableVolumeSet.java:initializeVolumeSet(168)) - Added Volume : /home/runner/work/ozone/ozone/hadoop-ozone/integration-test/target/test-dir/MiniOzoneClusterImpl-aa9d709b-e9e6-4188-94b0-5e66da880090/datanode-2/data-0/containers/hdds to VolumeSet
2021-10-04 02:04:43,511 [Listener at 127.0.0.1/10960] INFO  volume.ThrottledAsyncChecker (ThrottledAsyncChecker.java:schedule(141)) - Scheduling a check for /home/runner/work/ozone/ozone/hadoop-ozone/integration-test/target/test-dir/MiniOzoneClusterImpl-aa9d709b-e9e6-4188-94b0-5e66da880090/datanode-2/data-0/containers/hdds
2021-10-04 02:04:43,515 [Listener at 127.0.0.1/10960] INFO  volume.StorageVolumeChecker (StorageVolumeChecker.java:checkAllVolumes(202)) - Scheduled health check for volume /home/runner/work/ozone/ozone/hadoop-ozone/integration-test/target/test-dir/MiniOzoneClusterImpl-aa9d709b-e9e6-4188-94b0-5e66da880090/datanode-2/data-0/containers/hdds
2021-10-04 02:04:43,528 [Listener at 127.0.0.1/10960] INFO  volume.MutableVolumeSet (MutableVolumeSet.java:initializeVolumeSet(168)) - Added Volume : /home/runner/work/ozone/ozone/hadoop-ozone/integration-test/target/test-dir/MiniOzoneClusterImpl-aa9d709b-e9e6-4188-94b0-5e66da880090/datanode-2/data/ratis to VolumeSet
2021-10-04 02:04:43,537 [Listener at 127.0.0.1/10960] INFO  volume.ThrottledAsyncChecker (ThrottledAsyncChecker.java:schedule(141)) - Scheduling a check for /home/runner/work/ozone/ozone/hadoop-ozone/integration-test/target/test-dir/MiniOzoneClusterImpl-aa9d709b-e9e6-4188-94b0-5e66da880090/datanode-2/data/ratis
2021-10-04 02:04:43,538 [Listener at 127.0.0.1/10960] INFO  volume.StorageVolumeChecker (StorageVolumeChecker.java:checkAllVolumes(202)) - Scheduled health check for volume /home/runner/work/ozone/ozone/hadoop-ozone/integration-test/target/test-dir/MiniOzoneClusterImpl-aa9d709b-e9e6-4188-94b0-5e66da880090/datanode-2/data/ratis
2021-10-04 02:04:43,568 [Thread-1491] INFO  ozoneimpl.ContainerReader (ContainerReader.java:readVolume(172)) - Finish verifying containers on volume /home/runner/work/ozone/ozone/hadoop-ozone/integration-test/target/test-dir/MiniOzoneClusterImpl-aa9d709b-e9e6-4188-94b0-5e66da880090/datanode-2/data-0/containers/hdds
2021-10-04 02:04:43,568 [Listener at 127.0.0.1/10960] INFO  ozoneimpl.OzoneContainer (OzoneContainer.java:buildContainerSet(236)) - Build ContainerSet costs 0s
2021-10-04 02:04:43,570 [EndpointStateMachine task thread for /127.0.0.1:14521 - 0 ] INFO  ipc.Client (Client.java:handleConnectionFailure(977)) - Retrying connect to server: localhost/127.0.0.1:14521. Already tried 14 time(s); retry policy is RetryUpToMaximumCountWithFixedSleep(maxRetries=15, sleepTime=1000 MILLISECONDS)
2021-10-04 02:04:43,571 [Listener at 127.0.0.1/10960] INFO  server.RaftServer (ConfUtils.java:logGet(44)) - raft.rpc.type = GRPC (default)
2021-10-04 02:04:43,571 [Listener at 127.0.0.1/10960] INFO  grpc.GrpcFactory (GrpcFactory.java:checkPooledByteBufAllocatorUseCacheForAllThreads(48)) - PERFORMANCE WARNING: useCacheForAllThreads is true that may cause Netty to create a lot garbage objects and, as a result, trigger GC.
	It is recommended to disable useCacheForAllThreads by setting -Dorg.apache.ratis.thirdparty.io.netty.allocator.useCacheForAllThreads=false in command line.
2021-10-04 02:04:43,571 [Listener at 127.0.0.1/10960] INFO  grpc.GrpcConfigKeys (ConfUtils.java:logGet(44)) - raft.grpc.admin.port = 0 (custom)
2021-10-04 02:04:43,571 [Listener at 127.0.0.1/10960] INFO  grpc.GrpcConfigKeys (ConfUtils.java:logGet(44)) - raft.grpc.client.port = 0 (custom)
2021-10-04 02:04:43,571 [Listener at 127.0.0.1/10960] INFO  grpc.GrpcConfigKeys (ConfUtils.java:logGet(44)) - raft.grpc.server.port = 0 (default)
2021-10-04 02:04:43,572 [Listener at 127.0.0.1/10960] INFO  server.GrpcService (ConfUtils.java:logGet(44)) - raft.grpc.message.size.max = 32MB (=33554432) (custom)
2021-10-04 02:04:43,572 [Listener at 127.0.0.1/10960] INFO  server.RaftServerConfigKeys (ConfUtils.java:logGet(44)) - raft.server.log.appender.buffer.byte-limit = 33554432 (custom)
2021-10-04 02:04:43,572 [Listener at 127.0.0.1/10960] INFO  server.GrpcService (ConfUtils.java:logGet(44)) - raft.grpc.flow.control.window = 5MB (=5242880) (custom)
2021-10-04 02:04:43,572 [Listener at 127.0.0.1/10960] INFO  server.RaftServerConfigKeys (ConfUtils.java:logGet(44)) - raft.server.rpc.request.timeout = 60s (custom)
2021-10-04 02:04:43,573 [Listener at 127.0.0.1/10960] INFO  impl.DataStreamServerImpl (ConfUtils.java:logGet(44)) - raft.datastream.type = DISABLED (default)
2021-10-04 02:04:43,574 [Listener at 127.0.0.1/10960] INFO  server.RaftServerConfigKeys (ConfUtils.java:logGet(44)) - raft.server.rpc.slowness.timeout = 300s (custom)
2021-10-04 02:04:43,574 [Listener at 127.0.0.1/10960] INFO  server.RaftServerConfigKeys (ConfUtils.java:logGet(44)) - raft.server.leaderelection.leader.step-down.wait-time = 10s (default)
2021-10-04 02:04:43,575 [Listener at 127.0.0.1/10960] INFO  server.RaftServerConfigKeys (ConfUtils.java:logGet(44)) - raft.server.storage.dir = [/home/runner/work/ozone/ozone/hadoop-ozone/integration-test/target/test-dir/MiniOzoneClusterImpl-aa9d709b-e9e6-4188-94b0-5e66da880090/datanode-2/data/ratis] (custom)
2021-10-04 02:04:43,577 [EndpointStateMachine task thread for /127.0.0.1:14501 - 0 ] INFO  ipc.Client (Client.java:handleConnectionFailure(977)) - Retrying connect to server: localhost/127.0.0.1:14501. Already tried 1 time(s); retry policy is RetryUpToMaximumCountWithFixedSleep(maxRetries=15, sleepTime=1000 MILLISECONDS)
2021-10-04 02:04:43,584 [Listener at 127.0.0.1/10960] INFO  http.BaseHttpServer (BaseHttpServer.java:newHttpServer2BuilderForOzone(209)) - Starting Web-server for hddsDatanode at: http://0.0.0.0:0
2021-10-04 02:04:43,584 [Listener at 127.0.0.1/10960] INFO  http.BaseHttpServer (BaseHttpServer.java:<init>(107)) - Hadoop Security Enabled: false Ozone Security Enabled: false Ozone HTTP Security Enabled: false 
2021-10-04 02:04:43,585 [Listener at 127.0.0.1/10960] INFO  server.AuthenticationFilter (AuthenticationFilter.java:constructSecretProvider(240)) - Unable to initialize FileSignerSecretProvider, falling back to use random secrets.
2021-10-04 02:04:43,587 [Listener at 127.0.0.1/10960] WARN  http.HttpRequestLog (HttpRequestLog.java:getRequestLog(103)) - Jetty request log can only be enabled using Log4j
2021-10-04 02:04:43,588 [Listener at 127.0.0.1/10960] INFO  http.HttpServer2 (HttpServer2.java:addGlobalFilter(1030)) - Added global filter 'safety' (class=org.apache.hadoop.hdds.server.http.HttpServer2$QuotingInputFilter)
2021-10-04 02:04:43,589 [Listener at 127.0.0.1/10960] INFO  http.HttpServer2 (HttpServer2.java:addFilter(1006)) - Added filter static_user_filter (class=org.apache.hadoop.http.lib.StaticUserWebFilter$StaticUserFilter) to context hddsDatanode
2021-10-04 02:04:43,589 [Listener at 127.0.0.1/10960] INFO  http.HttpServer2 (HttpServer2.java:addFilter(1014)) - Added filter static_user_filter (class=org.apache.hadoop.http.lib.StaticUserWebFilter$StaticUserFilter) to context static
2021-10-04 02:04:43,589 [Listener at 127.0.0.1/10960] INFO  http.HttpServer2 (HttpServer2.java:addFilter(1014)) - Added filter static_user_filter (class=org.apache.hadoop.http.lib.StaticUserWebFilter$StaticUserFilter) to context logs
2021-10-04 02:04:43,590 [Listener at 127.0.0.1/10960] INFO  http.HttpServer2 (HttpServer2.java:bindListener(1249)) - Jetty bound to port 41057
2021-10-04 02:04:43,590 [Listener at 127.0.0.1/10960] INFO  server.Server (Server.java:doStart(375)) - jetty-9.4.43.v20210629; built: 2021-06-30T11:07:22.254Z; git: 526006ecfa3af7f1a27ef3a288e2bef7ea9dd7e8; jvm 1.8.0_292-b10
2021-10-04 02:04:43,612 [omNode-1@group-523986131536-FollowerState] INFO  impl.FollowerState (FollowerState.java:run(134)) - omNode-1@group-523986131536-FollowerState: change to CANDIDATE, lastRpcElapsedTime:1054600411ns, electionTimeout:1044ms
2021-10-04 02:04:43,612 [omNode-1@group-523986131536-FollowerState] INFO  impl.RoleInfo (RoleInfo.java:shutdownFollowerState(108)) - omNode-1: shutdown omNode-1@group-523986131536-FollowerState
2021-10-04 02:04:43,612 [omNode-1@group-523986131536-FollowerState] INFO  server.RaftServer$Division (RaftServerImpl.java:setRole(285)) - omNode-1@group-523986131536: changes role from  FOLLOWER to CANDIDATE at term 0 for changeToCandidate
2021-10-04 02:04:43,622 [omNode-1@group-523986131536-FollowerState] INFO  server.RaftServerConfigKeys (ConfUtils.java:logGet(44)) - raft.server.leaderelection.pre-vote = false (custom)
2021-10-04 02:04:43,622 [omNode-1@group-523986131536-FollowerState] INFO  impl.RoleInfo (RoleInfo.java:updateAndGet(130)) - omNode-1: start omNode-1@group-523986131536-LeaderElection18
2021-10-04 02:04:43,664 [omNode-1@group-523986131536-LeaderElection18] INFO  impl.LeaderElection (LeaderElection.java:askForVotes(306)) - omNode-1@group-523986131536-LeaderElection18 ELECTION round 0: submit vote requests at term 1 for -1: [omNode-1|rpc:localhost:10964|priority:0], old=null
2021-10-04 02:04:43,665 [omNode-1@group-523986131536-LeaderElection18] INFO  impl.LeaderElection (LeaderElection.java:askForVotes(308)) - omNode-1@group-523986131536-LeaderElection18 ELECTION round 0: result PASSED (term=1)
2021-10-04 02:04:43,665 [omNode-1@group-523986131536-LeaderElection18] INFO  impl.RoleInfo (RoleInfo.java:shutdownLeaderElection(121)) - omNode-1: shutdown omNode-1@group-523986131536-LeaderElection18
2021-10-04 02:04:43,665 [omNode-1@group-523986131536-LeaderElection18] INFO  server.RaftServer$Division (RaftServerImpl.java:setRole(285)) - omNode-1@group-523986131536: changes role from CANDIDATE to LEADER at term 1 for changeToLeader
2021-10-04 02:04:43,665 [omNode-1@group-523986131536-LeaderElection18] INFO  server.RaftServer$Division (ServerState.java:setLeader(285)) - omNode-1@group-523986131536: change Leader from null to omNode-1 at term 1 for becomeLeader, leader elected after 1141ms
2021-10-04 02:04:43,665 [omNode-1@group-523986131536-LeaderElection18] INFO  server.RaftServerConfigKeys (ConfUtils.java:logGet(44)) - raft.server.staging.catchup.gap = 1000 (default)
2021-10-04 02:04:43,666 [Listener at 127.0.0.1/10960] INFO  server.session (DefaultSessionIdManager.java:doStart(334)) - DefaultSessionIdManager workerName=node0
2021-10-04 02:04:43,667 [Listener at 127.0.0.1/10960] INFO  server.session (DefaultSessionIdManager.java:doStart(339)) - No SessionScavenger set, using defaults
2021-10-04 02:04:43,667 [Listener at 127.0.0.1/10960] INFO  server.session (HouseKeeper.java:startScavenging(132)) - node0 Scavenging every 600000ms
2021-10-04 02:04:43,674 [Listener at 127.0.0.1/10960] INFO  handler.ContextHandler (ContextHandler.java:doStart(915)) - Started o.e.j.s.ServletContextHandler@726986d2{logs,/logs,file:///home/runner/work/ozone/ozone/hadoop-ozone/integration-test/target/log,AVAILABLE}
2021-10-04 02:04:43,675 [Listener at 127.0.0.1/10960] INFO  handler.ContextHandler (ContextHandler.java:doStart(915)) - Started o.e.j.s.ServletContextHandler@29a920fe{static,/static,jar:file:/home/runner/.m2/repository/org/apache/ozone/hdds-container-service/1.2.0-SNAPSHOT/hdds-container-service-1.2.0-SNAPSHOT.jar!/webapps/static,AVAILABLE}
2021-10-04 02:04:43,678 [omNode-1@group-523986131536-LeaderElection18] INFO  server.RaftServerConfigKeys (ConfUtils.java:logGet(44)) - raft.server.write.element-limit = 4096 (default)
2021-10-04 02:04:43,678 [omNode-1@group-523986131536-LeaderElection18] INFO  server.RaftServerConfigKeys (ConfUtils.java:logGet(44)) - raft.server.write.byte-limit = 64MB (=67108864) (default)
2021-10-04 02:04:43,679 [omNode-1@group-523986131536-LeaderElection18] INFO  server.RaftServerConfigKeys (ConfUtils.java:logGet(44)) - raft.server.watch.timeout = 10s (default)
2021-10-04 02:04:43,679 [omNode-1@group-523986131536-LeaderElection18] INFO  server.RaftServerConfigKeys (ConfUtils.java:logGet(44)) - raft.server.watch.timeout.denomination = 1s (default)
2021-10-04 02:04:43,679 [omNode-1@group-523986131536-LeaderElection18] INFO  server.RaftServerConfigKeys (ConfUtils.java:logGet(44)) - raft.server.watch.element-limit = 65536 (default)
2021-10-04 02:04:43,679 [omNode-1@group-523986131536-LeaderElection18] INFO  impl.RoleInfo (RoleInfo.java:updateAndGet(130)) - omNode-1: start omNode-1@group-523986131536-LeaderStateImpl
2021-10-04 02:04:43,679 [omNode-1@group-523986131536-LeaderElection18] INFO  segmented.SegmentedRaftLogWorker (SegmentedRaftLogWorker.java:startLogSegment(394)) - omNode-1@group-523986131536-SegmentedRaftLogWorker: Starting segment from index:0
2021-10-04 02:04:43,691 [omNode-1@group-523986131536-LeaderElection18] INFO  server.RaftServer$Division (ServerState.java:setRaftConf(387)) - omNode-1@group-523986131536: set configuration 0: [omNode-1|rpc:localhost:10964|admin:|client:|dataStream:|priority:0], old=null
2021-10-04 02:04:43,693 [omNode-1@group-523986131536-SegmentedRaftLogWorker] INFO  segmented.SegmentedRaftLogWorker (SegmentedRaftLogWorker.java:execute(601)) - omNode-1@group-523986131536-SegmentedRaftLogWorker: created new log segment /home/runner/work/ozone/ozone/hadoop-ozone/integration-test/target/test-dir/MiniOzoneClusterImpl-aa9d709b-e9e6-4188-94b0-5e66da880090/omNode-1/ratis/c9bc4cf4-3bc3-3c60-a66b-523986131536/current/log_inprogress_0
2021-10-04 02:04:43,706 [omNode-1@group-523986131536-StateMachineUpdater] INFO  ratis.OzoneManagerStateMachine (OzoneManagerStateMachine.java:notifyConfigurationChanged(188)) - Received Configuration change notification from Ratis. New Peer list:
[id: "omNode-1"
address: "localhost:10964"
]
2021-10-04 02:04:43,826 [Listener at 127.0.0.1/10960] INFO  handler.ContextHandler (ContextHandler.java:doStart(915)) - Started o.e.j.w.WebAppContext@4790479a{hddsDatanode,/,file:///tmp/jetty-0_0_0_0-41057-hdds-container-service-1_2_0-SNAPSHOT_jar-_-any-1725282410952697825/webapp/,AVAILABLE}{jar:file:/home/runner/.m2/repository/org/apache/ozone/hdds-container-service/1.2.0-SNAPSHOT/hdds-container-service-1.2.0-SNAPSHOT.jar!/webapps/hddsDatanode}
2021-10-04 02:04:43,832 [Listener at 127.0.0.1/10960] INFO  server.AbstractConnector (AbstractConnector.java:doStart(331)) - Started ServerConnector@5aee12c7{HTTP/1.1, (http/1.1)}{0.0.0.0:41057}
2021-10-04 02:04:43,832 [Listener at 127.0.0.1/10960] INFO  server.Server (Server.java:doStart(415)) - Started @86937ms
2021-10-04 02:04:43,832 [Listener at 127.0.0.1/10960] WARN  impl.MetricsSystemImpl (MetricsSystemImpl.java:register(279)) - Sink prometheus already exists!
2021-10-04 02:04:43,834 [Listener at 127.0.0.1/10960] INFO  http.BaseHttpServer (BaseHttpServer.java:updateConnectorAddress(329)) - HTTP server of hddsDatanode listening at http://0.0.0.0:41057
2021-10-04 02:04:43,845 [Listener at 127.0.0.1/10960] INFO  ozone.MiniOzoneClusterImpl (MiniOzoneClusterImpl.java:lambda$waitForClusterToBeReady$0(235)) - Waiting for nodes to be ready. Got 0 of 3 DN Heartbeats.
2021-10-04 02:04:43,845 [Listener at 127.0.0.1/10960] INFO  ozone.MiniOzoneClusterImpl (MiniOzoneClusterImpl.java:lambda$waitForClusterToBeReady$0(238)) - Waiting for cluster to exit safe mode
2021-10-04 02:04:43,845 [Listener at 127.0.0.1/10960] INFO  ozone.MiniOzoneClusterImpl (MiniOzoneClusterImpl.java:lambda$waitForClusterToBeReady$0(240)) - SCM became leader
2021-10-04 02:04:43,846 [Datanode State Machine Thread - 0] INFO  statemachine.DatanodeStateMachine (DatanodeStateMachine.java:lambda$startDaemon$0(456)) - Ozone container server started.
2021-10-04 02:04:43,874 [org.apache.hadoop.util.JvmPauseMonitor$Monitor@49ba55c1] INFO  util.JvmPauseMonitor (JvmPauseMonitor.java:run(188)) - Starting JVM pause monitor
2021-10-04 02:04:43,878 [Datanode State Machine Task Thread - 0] INFO  ha.SCMNodeInfo (SCMNodeInfo.java:getPort(197)) - ConfigKey ozone.scm.client.address is deprecated, For configuring different ports for each SCM use PortConfigKey ozone.scm.client.port appended with serviceId and nodeId
2021-10-04 02:04:43,879 [Datanode State Machine Task Thread - 0] INFO  ha.SCMNodeInfo (SCMNodeInfo.java:getPort(197)) - ConfigKey ozone.scm.block.client.address is deprecated, For configuring different ports for each SCM use PortConfigKey ozone.scm.block.client.port appended with serviceId and nodeId
2021-10-04 02:04:43,879 [Datanode State Machine Task Thread - 0] INFO  ha.SCMNodeInfo (SCMNodeInfo.java:getPort(197)) - ConfigKey ozone.scm.datanode.address is deprecated, For configuring different ports for each SCM use PortConfigKey ozone.scm.datanode.port appended with serviceId and nodeId
2021-10-04 02:04:43,879 [Datanode State Machine Task Thread - 0] INFO  ha.SCMNodeInfo (SCMNodeInfo.java:getPort(197)) - ConfigKey ozone.scm.client.address is deprecated, For configuring different ports for each SCM use PortConfigKey ozone.scm.client.port appended with serviceId and nodeId
2021-10-04 02:04:43,879 [Datanode State Machine Task Thread - 0] INFO  ha.SCMNodeInfo (SCMNodeInfo.java:getPort(197)) - ConfigKey ozone.scm.block.client.address is deprecated, For configuring different ports for each SCM use PortConfigKey ozone.scm.block.client.port appended with serviceId and nodeId
2021-10-04 02:04:43,879 [Datanode State Machine Task Thread - 0] INFO  ha.SCMNodeInfo (SCMNodeInfo.java:getPort(197)) - ConfigKey ozone.scm.datanode.address is deprecated, For configuring different ports for each SCM use PortConfigKey ozone.scm.datanode.port appended with serviceId and nodeId
2021-10-04 02:04:43,879 [Datanode State Machine Task Thread - 0] INFO  ha.SCMNodeInfo (SCMNodeInfo.java:getPort(197)) - ConfigKey ozone.scm.client.address is deprecated, For configuring different ports for each SCM use PortConfigKey ozone.scm.client.port appended with serviceId and nodeId
2021-10-04 02:04:43,879 [Datanode State Machine Task Thread - 0] INFO  ha.SCMNodeInfo (SCMNodeInfo.java:getPort(197)) - ConfigKey ozone.scm.block.client.address is deprecated, For configuring different ports for each SCM use PortConfigKey ozone.scm.block.client.port appended with serviceId and nodeId
2021-10-04 02:04:43,879 [Datanode State Machine Task Thread - 0] INFO  ha.SCMNodeInfo (SCMNodeInfo.java:getPort(197)) - ConfigKey ozone.scm.datanode.address is deprecated, For configuring different ports for each SCM use PortConfigKey ozone.scm.datanode.port appended with serviceId and nodeId
2021-10-04 02:04:43,882 [Datanode State Machine Task Thread - 0] INFO  datanode.InitDatanodeState (InitDatanodeState.java:persistContainerDatanodeDetails(145)) - DatanodeDetails is persisted to /home/runner/work/ozone/ozone/hadoop-ozone/integration-test/target/test-dir/MiniOzoneClusterImpl-aa9d709b-e9e6-4188-94b0-5e66da880090/datanode-2/meta/datanode.id
2021-10-04 02:04:44,411 [EndpointStateMachine task thread for /127.0.0.1:14511 - 0 ] INFO  ipc.Client (Client.java:handleConnectionFailure(977)) - Retrying connect to server: localhost/127.0.0.1:14511. Already tried 2 time(s); retry policy is RetryUpToMaximumCountWithFixedSleep(maxRetries=15, sleepTime=1000 MILLISECONDS)
2021-10-04 02:04:44,571 [EndpointStateMachine task thread for /127.0.0.1:14521 - 0 ] INFO  ipc.Client (Client.java:handleConnectionFailure(977)) - Retrying connect to server: localhost/127.0.0.1:14521. Already tried 0 time(s); retry policy is RetryUpToMaximumCountWithFixedSleep(maxRetries=15, sleepTime=1000 MILLISECONDS)
2021-10-04 02:04:44,578 [EndpointStateMachine task thread for /127.0.0.1:14501 - 0 ] INFO  ipc.Client (Client.java:handleConnectionFailure(977)) - Retrying connect to server: localhost/127.0.0.1:14501. Already tried 2 time(s); retry policy is RetryUpToMaximumCountWithFixedSleep(maxRetries=15, sleepTime=1000 MILLISECONDS)
2021-10-04 02:04:44,854 [Listener at 127.0.0.1/10960] INFO  ozone.MiniOzoneClusterImpl (MiniOzoneClusterImpl.java:lambda$waitForClusterToBeReady$0(235)) - Waiting for nodes to be ready. Got 0 of 3 DN Heartbeats.
2021-10-04 02:04:44,855 [Listener at 127.0.0.1/10960] INFO  ozone.MiniOzoneClusterImpl (MiniOzoneClusterImpl.java:lambda$waitForClusterToBeReady$0(238)) - Waiting for cluster to exit safe mode
2021-10-04 02:04:44,855 [Listener at 127.0.0.1/10960] INFO  ozone.MiniOzoneClusterImpl (MiniOzoneClusterImpl.java:lambda$waitForClusterToBeReady$0(240)) - SCM became leader
2021-10-04 02:04:45,097 [EndpointStateMachine task thread for /127.0.0.1:12103 - 0 ] INFO  ozoneimpl.OzoneContainer (OzoneContainer.java:start(304)) - Attempting to start container services.
2021-10-04 02:04:45,097 [EndpointStateMachine task thread for /127.0.0.1:12103 - 0 ] INFO  ozoneimpl.OzoneContainer (OzoneContainer.java:startContainerScrub(249)) - Background container scanner has been disabled.
2021-10-04 02:04:45,098 [EndpointStateMachine task thread for /127.0.0.1:12103 - 0 ] INFO  replication.ReplicationServer (ReplicationServer.java:start(107)) - ReplicationServer is started using port 41263
2021-10-04 02:04:45,102 [EndpointStateMachine task thread for /127.0.0.1:12103 - 0 ] INFO  ratis.XceiverServerRatis (XceiverServerRatis.java:start(482)) - Starting XceiverServerRatis 57ec436a-c908-4fec-986d-5c2664f6b5b6
2021-10-04 02:04:45,112 [EndpointStateMachine task thread for /127.0.0.1:12103 - 0 ] INFO  server.RaftServer (RaftServerProxy.java:lambda$start$5(374)) - 57ec436a-c908-4fec-986d-5c2664f6b5b6: start RPC server
2021-10-04 02:04:45,123 [EndpointStateMachine task thread for /127.0.0.1:12103 - 0 ] INFO  server.GrpcService (GrpcService.java:startImpl(253)) - 57ec436a-c908-4fec-986d-5c2664f6b5b6: GrpcService started, listening on 39069
2021-10-04 02:04:45,123 [EndpointStateMachine task thread for /127.0.0.1:12103 - 0 ] INFO  ratis.XceiverServerRatis (XceiverServerRatis.java:getRealPort(503)) - XceiverServerRatis 57ec436a-c908-4fec-986d-5c2664f6b5b6 is started using port 39069 for RATIS
2021-10-04 02:04:45,123 [EndpointStateMachine task thread for /127.0.0.1:12103 - 0 ] INFO  ratis.XceiverServerRatis (XceiverServerRatis.java:getRealPort(503)) - XceiverServerRatis 57ec436a-c908-4fec-986d-5c2664f6b5b6 is started using port 39069 for RATIS_ADMIN
2021-10-04 02:04:45,123 [EndpointStateMachine task thread for /127.0.0.1:12103 - 0 ] INFO  ratis.XceiverServerRatis (XceiverServerRatis.java:getRealPort(503)) - XceiverServerRatis 57ec436a-c908-4fec-986d-5c2664f6b5b6 is started using port 39069 for RATIS_SERVER
2021-10-04 02:04:45,124 [EndpointStateMachine task thread for /127.0.0.1:12103 - 0 ] INFO  server.XceiverServerGrpc (XceiverServerGrpc.java:start(135)) - XceiverServerGrpc 57ec436a-c908-4fec-986d-5c2664f6b5b6 is started using port 38989
2021-10-04 02:04:45,124 [org.apache.ratis.util.JvmPauseMonitor$$Lambda$499/1387671967@6be4f16e] INFO  util.JvmPauseMonitor (JvmPauseMonitor.java:run(103)) - JvmPauseMonitor-57ec436a-c908-4fec-986d-5c2664f6b5b6: Started
2021-10-04 02:04:45,125 [EndpointStateMachine task thread for /127.0.0.1:12093 - 0 ] INFO  ozoneimpl.OzoneContainer (OzoneContainer.java:start(300)) - Ignore. OzoneContainer already started.
2021-10-04 02:04:45,373 [EndpointStateMachine task thread for /127.0.0.1:12093 - 0 ] INFO  ozoneimpl.OzoneContainer (OzoneContainer.java:start(304)) - Attempting to start container services.
2021-10-04 02:04:45,373 [EndpointStateMachine task thread for /127.0.0.1:12093 - 0 ] INFO  ozoneimpl.OzoneContainer (OzoneContainer.java:startContainerScrub(249)) - Background container scanner has been disabled.
2021-10-04 02:04:45,373 [EndpointStateMachine task thread for /127.0.0.1:12093 - 0 ] INFO  replication.ReplicationServer (ReplicationServer.java:start(107)) - ReplicationServer is started using port 46461
2021-10-04 02:04:45,374 [EndpointStateMachine task thread for /127.0.0.1:12093 - 0 ] INFO  ratis.XceiverServerRatis (XceiverServerRatis.java:start(482)) - Starting XceiverServerRatis ec22a82e-7388-4328-8fb1-7bec7be40386
2021-10-04 02:04:45,378 [EndpointStateMachine task thread for /127.0.0.1:12093 - 0 ] INFO  server.RaftServer (RaftServerProxy.java:lambda$start$5(374)) - ec22a82e-7388-4328-8fb1-7bec7be40386: start RPC server
2021-10-04 02:04:45,381 [EndpointStateMachine task thread for /127.0.0.1:12093 - 0 ] INFO  server.GrpcService (GrpcService.java:startImpl(253)) - ec22a82e-7388-4328-8fb1-7bec7be40386: GrpcService started, listening on 39209
2021-10-04 02:04:45,381 [EndpointStateMachine task thread for /127.0.0.1:12093 - 0 ] INFO  ratis.XceiverServerRatis (XceiverServerRatis.java:getRealPort(503)) - XceiverServerRatis ec22a82e-7388-4328-8fb1-7bec7be40386 is started using port 39209 for RATIS
2021-10-04 02:04:45,381 [EndpointStateMachine task thread for /127.0.0.1:12093 - 0 ] INFO  ratis.XceiverServerRatis (XceiverServerRatis.java:getRealPort(503)) - XceiverServerRatis ec22a82e-7388-4328-8fb1-7bec7be40386 is started using port 39209 for RATIS_ADMIN
2021-10-04 02:04:45,382 [EndpointStateMachine task thread for /127.0.0.1:12093 - 0 ] INFO  ratis.XceiverServerRatis (XceiverServerRatis.java:getRealPort(503)) - XceiverServerRatis ec22a82e-7388-4328-8fb1-7bec7be40386 is started using port 39209 for RATIS_SERVER
2021-10-04 02:04:45,382 [EndpointStateMachine task thread for /127.0.0.1:12093 - 0 ] INFO  server.XceiverServerGrpc (XceiverServerGrpc.java:start(135)) - XceiverServerGrpc ec22a82e-7388-4328-8fb1-7bec7be40386 is started using port 35915
2021-10-04 02:04:45,388 [org.apache.ratis.util.JvmPauseMonitor$$Lambda$499/1387671967@348c1582] INFO  util.JvmPauseMonitor (JvmPauseMonitor.java:run(103)) - JvmPauseMonitor-ec22a82e-7388-4328-8fb1-7bec7be40386: Started
2021-10-04 02:04:45,389 [EndpointStateMachine task thread for /127.0.0.1:12103 - 0 ] INFO  ozoneimpl.OzoneContainer (OzoneContainer.java:start(300)) - Ignore. OzoneContainer already started.
2021-10-04 02:04:45,412 [EndpointStateMachine task thread for /127.0.0.1:14511 - 0 ] INFO  ipc.Client (Client.java:handleConnectionFailure(977)) - Retrying connect to server: localhost/127.0.0.1:14511. Already tried 3 time(s); retry policy is RetryUpToMaximumCountWithFixedSleep(maxRetries=15, sleepTime=1000 MILLISECONDS)
2021-10-04 02:04:45,572 [EndpointStateMachine task thread for /127.0.0.1:14521 - 0 ] INFO  ipc.Client (Client.java:handleConnectionFailure(977)) - Retrying connect to server: localhost/127.0.0.1:14521. Already tried 1 time(s); retry policy is RetryUpToMaximumCountWithFixedSleep(maxRetries=15, sleepTime=1000 MILLISECONDS)
2021-10-04 02:04:45,578 [EndpointStateMachine task thread for /127.0.0.1:14501 - 0 ] INFO  ipc.Client (Client.java:handleConnectionFailure(977)) - Retrying connect to server: localhost/127.0.0.1:14501. Already tried 3 time(s); retry policy is RetryUpToMaximumCountWithFixedSleep(maxRetries=15, sleepTime=1000 MILLISECONDS)
2021-10-04 02:04:45,855 [Listener at 127.0.0.1/10960] INFO  ozone.MiniOzoneClusterImpl (MiniOzoneClusterImpl.java:lambda$waitForClusterToBeReady$0(235)) - Waiting for nodes to be ready. Got 0 of 3 DN Heartbeats.
2021-10-04 02:04:45,856 [Listener at 127.0.0.1/10960] INFO  ozone.MiniOzoneClusterImpl (MiniOzoneClusterImpl.java:lambda$waitForClusterToBeReady$0(238)) - Waiting for cluster to exit safe mode
2021-10-04 02:04:45,856 [Listener at 127.0.0.1/10960] INFO  ozone.MiniOzoneClusterImpl (MiniOzoneClusterImpl.java:lambda$waitForClusterToBeReady$0(240)) - SCM became leader
2021-10-04 02:04:45,891 [EndpointStateMachine task thread for /127.0.0.1:12103 - 0 ] INFO  ozoneimpl.OzoneContainer (OzoneContainer.java:start(304)) - Attempting to start container services.
2021-10-04 02:04:45,891 [EndpointStateMachine task thread for /127.0.0.1:12103 - 0 ] INFO  ozoneimpl.OzoneContainer (OzoneContainer.java:startContainerScrub(249)) - Background container scanner has been disabled.
2021-10-04 02:04:45,892 [EndpointStateMachine task thread for /127.0.0.1:12103 - 0 ] INFO  replication.ReplicationServer (ReplicationServer.java:start(107)) - ReplicationServer is started using port 43153
2021-10-04 02:04:45,892 [EndpointStateMachine task thread for /127.0.0.1:12103 - 0 ] INFO  ratis.XceiverServerRatis (XceiverServerRatis.java:start(482)) - Starting XceiverServerRatis 0db60050-3417-4221-94cf-c6ca2a56f712
2021-10-04 02:04:45,898 [EndpointStateMachine task thread for /127.0.0.1:12103 - 0 ] INFO  server.RaftServer (RaftServerProxy.java:lambda$start$5(374)) - 0db60050-3417-4221-94cf-c6ca2a56f712: start RPC server
2021-10-04 02:04:45,901 [EndpointStateMachine task thread for /127.0.0.1:12103 - 0 ] INFO  server.GrpcService (GrpcService.java:startImpl(253)) - 0db60050-3417-4221-94cf-c6ca2a56f712: GrpcService started, listening on 44551
2021-10-04 02:04:45,901 [EndpointStateMachine task thread for /127.0.0.1:12103 - 0 ] INFO  ratis.XceiverServerRatis (XceiverServerRatis.java:getRealPort(503)) - XceiverServerRatis 0db60050-3417-4221-94cf-c6ca2a56f712 is started using port 44551 for RATIS
2021-10-04 02:04:45,901 [EndpointStateMachine task thread for /127.0.0.1:12103 - 0 ] INFO  ratis.XceiverServerRatis (XceiverServerRatis.java:getRealPort(503)) - XceiverServerRatis 0db60050-3417-4221-94cf-c6ca2a56f712 is started using port 44551 for RATIS_ADMIN
2021-10-04 02:04:45,901 [EndpointStateMachine task thread for /127.0.0.1:12103 - 0 ] INFO  ratis.XceiverServerRatis (XceiverServerRatis.java:getRealPort(503)) - XceiverServerRatis 0db60050-3417-4221-94cf-c6ca2a56f712 is started using port 44551 for RATIS_SERVER
2021-10-04 02:04:45,902 [org.apache.ratis.util.JvmPauseMonitor$$Lambda$499/1387671967@8d84741] INFO  util.JvmPauseMonitor (JvmPauseMonitor.java:run(103)) - JvmPauseMonitor-0db60050-3417-4221-94cf-c6ca2a56f712: Started
2021-10-04 02:04:45,902 [EndpointStateMachine task thread for /127.0.0.1:12103 - 0 ] INFO  server.XceiverServerGrpc (XceiverServerGrpc.java:start(135)) - XceiverServerGrpc 0db60050-3417-4221-94cf-c6ca2a56f712 is started using port 46239
2021-10-04 02:04:45,906 [EndpointStateMachine task thread for /127.0.0.1:12093 - 0 ] INFO  ozoneimpl.OzoneContainer (OzoneContainer.java:start(300)) - Ignore. OzoneContainer already started.
2021-10-04 02:04:46,412 [EndpointStateMachine task thread for /127.0.0.1:14511 - 0 ] INFO  ipc.Client (Client.java:handleConnectionFailure(977)) - Retrying connect to server: localhost/127.0.0.1:14511. Already tried 4 time(s); retry policy is RetryUpToMaximumCountWithFixedSleep(maxRetries=15, sleepTime=1000 MILLISECONDS)
2021-10-04 02:04:46,572 [EndpointStateMachine task thread for /127.0.0.1:14521 - 0 ] INFO  ipc.Client (Client.java:handleConnectionFailure(977)) - Retrying connect to server: localhost/127.0.0.1:14521. Already tried 2 time(s); retry policy is RetryUpToMaximumCountWithFixedSleep(maxRetries=15, sleepTime=1000 MILLISECONDS)
2021-10-04 02:04:46,578 [EndpointStateMachine task thread for /127.0.0.1:14501 - 0 ] INFO  ipc.Client (Client.java:handleConnectionFailure(977)) - Retrying connect to server: localhost/127.0.0.1:14501. Already tried 4 time(s); retry policy is RetryUpToMaximumCountWithFixedSleep(maxRetries=15, sleepTime=1000 MILLISECONDS)
2021-10-04 02:04:46,856 [Listener at 127.0.0.1/10960] INFO  ozone.MiniOzoneClusterImpl (MiniOzoneClusterImpl.java:lambda$waitForClusterToBeReady$0(235)) - Waiting for nodes to be ready. Got 0 of 3 DN Heartbeats.
2021-10-04 02:04:46,856 [Listener at 127.0.0.1/10960] INFO  ozone.MiniOzoneClusterImpl (MiniOzoneClusterImpl.java:lambda$waitForClusterToBeReady$0(238)) - Waiting for cluster to exit safe mode
2021-10-04 02:04:46,856 [Listener at 127.0.0.1/10960] INFO  ozone.MiniOzoneClusterImpl (MiniOzoneClusterImpl.java:lambda$waitForClusterToBeReady$0(240)) - SCM became leader
2021-10-04 02:04:47,056 [IPC Server handler 11 on default port 12093] INFO  net.NetworkTopologyImpl (NetworkTopologyImpl.java:add(112)) - Added a new node: /default-rack/57ec436a-c908-4fec-986d-5c2664f6b5b6
2021-10-04 02:04:47,056 [IPC Server handler 11 on default port 12093] INFO  node.SCMNodeManager (SCMNodeManager.java:register(389)) - Registered Data node : 57ec436a-c908-4fec-986d-5c2664f6b5b6{ip: 127.0.0.1, host: localhost, ports: [REPLICATION=41263, RATIS=39069, RATIS_ADMIN=39069, RATIS_SERVER=39069, STANDALONE=38989], networkLocation: /default-rack, certSerialId: null, persistedOpState: null, persistedOpStateExpiryEpochSec: 0}
2021-10-04 02:04:47,056 [IPC Server handler 0 on default port 12103] INFO  net.NetworkTopologyImpl (NetworkTopologyImpl.java:add(112)) - Added a new node: /default-rack/57ec436a-c908-4fec-986d-5c2664f6b5b6
2021-10-04 02:04:47,056 [IPC Server handler 0 on default port 12103] INFO  node.SCMNodeManager (SCMNodeManager.java:register(389)) - Registered Data node : 57ec436a-c908-4fec-986d-5c2664f6b5b6{ip: 127.0.0.1, host: localhost, ports: [REPLICATION=41263, RATIS=39069, RATIS_ADMIN=39069, RATIS_SERVER=39069, STANDALONE=38989], networkLocation: /default-rack, certSerialId: null, persistedOpState: null, persistedOpStateExpiryEpochSec: 0}
2021-10-04 02:04:47,059 [EventQueue-NodeRegistrationContainerReportForDataNodeSafeModeRule] INFO  safemode.SCMSafeModeManager (DataNodeSafeModeRule.java:process(71)) - SCM in safe mode. 1 DataNodes registered, 3 required.
2021-10-04 02:04:47,069 [EventQueue-NewNodeForNewNodeHandler] INFO  pipeline.BackgroundPipelineCreator (BackgroundPipelineCreatorV2.java:notifyEventTriggered(279)) - ignore, not leader SCM.
2021-10-04 02:04:47,069 [EventQueue-NodeRegistrationContainerReportForContainerSafeModeRule] INFO  safemode.SCMSafeModeManager (SCMSafeModeManager.java:validateSafeModeExitRules(204)) - ContainerSafeModeRule rule is successfully validated
2021-10-04 02:04:47,069 [EventQueue-NewNodeForNewNodeHandler] INFO  pipeline.BackgroundPipelineCreator (BackgroundPipelineCreatorV2.java:notifyEventTriggered(285)) - trigger a one-shot run on RatisPipelineUtilsThread.
2021-10-04 02:04:47,070 [EventQueue-NodeRegistrationContainerReportForDataNodeSafeModeRule] INFO  safemode.SCMSafeModeManager (DataNodeSafeModeRule.java:process(71)) - SCM in safe mode. 1 DataNodes registered, 3 required.
2021-10-04 02:04:47,082 [EventQueue-NodeRegistrationContainerReportForContainerSafeModeRule] INFO  safemode.SCMSafeModeManager (SCMSafeModeManager.java:validateSafeModeExitRules(204)) - ContainerSafeModeRule rule is successfully validated
2021-10-04 02:04:47,091 [EventQueue-PipelineReportForOneReplicaPipelineSafeModeRule] INFO  safemode.SCMSafeModeManager (SCMSafeModeManager.java:validateSafeModeExitRules(204)) - AtleastOneDatanodeReportedRule rule is successfully validated
2021-10-04 02:04:47,077 [RatisPipelineUtilsThread - 0] INFO  pipeline.RatisPipelineProvider (RatisPipelineProvider.java:lambda$create$0(183)) - Sending CreatePipelineCommand for pipeline:PipelineID=80d85b7f-9776-471d-a4ba-ee36dae78892 to datanode:57ec436a-c908-4fec-986d-5c2664f6b5b6
2021-10-04 02:04:47,099 [EventQueue-PipelineReportForOneReplicaPipelineSafeModeRule] INFO  safemode.SCMSafeModeManager (SCMSafeModeManager.java:validateSafeModeExitRules(204)) - AtleastOneDatanodeReportedRule rule is successfully validated
2021-10-04 02:04:47,142 [2dc1c52f-fb9b-4367-bdf1-93ff3bf143d5@group-5E66DA880090-StateMachineUpdater] INFO  pipeline.PipelineStateManagerImpl (PipelineStateManagerImpl.java:addPipeline(101)) - Created pipeline Pipeline[ Id: 80d85b7f-9776-471d-a4ba-ee36dae78892, Nodes: 57ec436a-c908-4fec-986d-5c2664f6b5b6{ip: 127.0.0.1, host: localhost, ports: [REPLICATION=41263, RATIS=39069, RATIS_ADMIN=39069, RATIS_SERVER=39069, STANDALONE=38989], networkLocation: /default-rack, certSerialId: null, persistedOpState: IN_SERVICE, persistedOpStateExpiryEpochSec: 0}, ReplicationConfig: RATIS/ONE, State:ALLOCATED, leaderId:, CreationTimestamp2021-10-04T02:04:47.077Z[Etc/UTC]].
2021-10-04 02:04:47,142 [2dc1c52f-fb9b-4367-bdf1-93ff3bf143d5@group-5E66DA880090-StateMachineUpdater] INFO  safemode.HealthyPipelineSafeModeRule (HealthyPipelineSafeModeRule.java:initializeRule(152)) - Refreshed total pipeline count is 0, healthy pipeline threshold count is 1
2021-10-04 02:04:47,143 [RatisPipelineUtilsThread - 0] INFO  ha.SCMHAInvocationHandler (SCMHAInvocationHandler.java:invokeRatis(113)) - Invoking method public abstract void org.apache.hadoop.hdds.scm.pipeline.PipelineStateManager.addPipeline(org.apache.hadoop.hdds.protocol.proto.HddsProtos$Pipeline) throws java.io.IOException on target org.apache.hadoop.hdds.scm.ha.SCMRatisServerImpl@72dd0597, cost 44153.797us
2021-10-04 02:04:47,152 [d10ebfff-67c6-465e-b891-a6f4e9e1af69@group-5E66DA880090-StateMachineUpdater] INFO  pipeline.PipelineStateManagerImpl (PipelineStateManagerImpl.java:addPipeline(101)) - Created pipeline Pipeline[ Id: 80d85b7f-9776-471d-a4ba-ee36dae78892, Nodes: 57ec436a-c908-4fec-986d-5c2664f6b5b6{ip: 127.0.0.1, host: localhost, ports: [REPLICATION=41263, RATIS=39069, RATIS_ADMIN=39069, RATIS_SERVER=39069, STANDALONE=38989], networkLocation: /default-rack, certSerialId: null, persistedOpState: IN_SERVICE, persistedOpStateExpiryEpochSec: 0}, ReplicationConfig: RATIS/ONE, State:ALLOCATED, leaderId:, CreationTimestamp2021-10-04T02:04:47.077Z[Etc/UTC]].
2021-10-04 02:04:47,152 [d10ebfff-67c6-465e-b891-a6f4e9e1af69@group-5E66DA880090-StateMachineUpdater] INFO  safemode.HealthyPipelineSafeModeRule (HealthyPipelineSafeModeRule.java:initializeRule(152)) - Refreshed total pipeline count is 0, healthy pipeline threshold count is 1
2021-10-04 02:04:47,343 [IPC Server handler 4 on default port 12103] INFO  net.NetworkTopologyImpl (NetworkTopologyImpl.java:add(112)) - Added a new node: /default-rack/ec22a82e-7388-4328-8fb1-7bec7be40386
2021-10-04 02:04:47,343 [IPC Server handler 4 on default port 12103] INFO  node.SCMNodeManager (SCMNodeManager.java:register(389)) - Registered Data node : ec22a82e-7388-4328-8fb1-7bec7be40386{ip: 127.0.0.1, host: localhost, ports: [REPLICATION=46461, RATIS=39209, RATIS_ADMIN=39209, RATIS_SERVER=39209, STANDALONE=35915], networkLocation: /default-rack, certSerialId: null, persistedOpState: null, persistedOpStateExpiryEpochSec: 0}
2021-10-04 02:04:47,344 [EventQueue-NewNodeForNewNodeHandler] INFO  pipeline.BackgroundPipelineCreator (BackgroundPipelineCreatorV2.java:notifyEventTriggered(279)) - ignore, not leader SCM.
2021-10-04 02:04:47,344 [EventQueue-NodeRegistrationContainerReportForDataNodeSafeModeRule] INFO  safemode.SCMSafeModeManager (DataNodeSafeModeRule.java:process(71)) - SCM in safe mode. 2 DataNodes registered, 3 required.
2021-10-04 02:04:47,346 [IPC Server handler 1 on default port 12093] INFO  net.NetworkTopologyImpl (NetworkTopologyImpl.java:add(112)) - Added a new node: /default-rack/ec22a82e-7388-4328-8fb1-7bec7be40386
2021-10-04 02:04:47,346 [IPC Server handler 1 on default port 12093] INFO  node.SCMNodeManager (SCMNodeManager.java:register(389)) - Registered Data node : ec22a82e-7388-4328-8fb1-7bec7be40386{ip: 127.0.0.1, host: localhost, ports: [REPLICATION=46461, RATIS=39209, RATIS_ADMIN=39209, RATIS_SERVER=39209, STANDALONE=35915], networkLocation: /default-rack, certSerialId: null, persistedOpState: null, persistedOpStateExpiryEpochSec: 0}
2021-10-04 02:04:47,347 [EventQueue-NewNodeForNewNodeHandler] INFO  pipeline.BackgroundPipelineCreator (BackgroundPipelineCreatorV2.java:notifyEventTriggered(285)) - trigger a one-shot run on RatisPipelineUtilsThread.
2021-10-04 02:04:47,354 [RatisPipelineUtilsThread - 0] INFO  pipeline.RatisPipelineProvider (RatisPipelineProvider.java:lambda$create$0(183)) - Sending CreatePipelineCommand for pipeline:PipelineID=b8dd9c14-5eaf-4969-9670-7483b4436330 to datanode:ec22a82e-7388-4328-8fb1-7bec7be40386
2021-10-04 02:04:47,356 [EventQueue-NodeRegistrationContainerReportForDataNodeSafeModeRule] INFO  safemode.SCMSafeModeManager (DataNodeSafeModeRule.java:process(71)) - SCM in safe mode. 2 DataNodes registered, 3 required.
2021-10-04 02:04:47,364 [2dc1c52f-fb9b-4367-bdf1-93ff3bf143d5@group-5E66DA880090-StateMachineUpdater] INFO  pipeline.PipelineStateManagerImpl (PipelineStateManagerImpl.java:addPipeline(101)) - Created pipeline Pipeline[ Id: b8dd9c14-5eaf-4969-9670-7483b4436330, Nodes: ec22a82e-7388-4328-8fb1-7bec7be40386{ip: 127.0.0.1, host: localhost, ports: [REPLICATION=46461, RATIS=39209, RATIS_ADMIN=39209, RATIS_SERVER=39209, STANDALONE=35915], networkLocation: /default-rack, certSerialId: null, persistedOpState: IN_SERVICE, persistedOpStateExpiryEpochSec: 0}, ReplicationConfig: RATIS/ONE, State:ALLOCATED, leaderId:, CreationTimestamp2021-10-04T02:04:47.354Z[Etc/UTC]].
2021-10-04 02:04:47,364 [2dc1c52f-fb9b-4367-bdf1-93ff3bf143d5@group-5E66DA880090-StateMachineUpdater] INFO  safemode.HealthyPipelineSafeModeRule (HealthyPipelineSafeModeRule.java:initializeRule(152)) - Refreshed total pipeline count is 0, healthy pipeline threshold count is 1
2021-10-04 02:04:47,364 [RatisPipelineUtilsThread - 0] INFO  ha.SCMHAInvocationHandler (SCMHAInvocationHandler.java:invokeRatis(113)) - Invoking method public abstract void org.apache.hadoop.hdds.scm.pipeline.PipelineStateManager.addPipeline(org.apache.hadoop.hdds.protocol.proto.HddsProtos$Pipeline) throws java.io.IOException on target org.apache.hadoop.hdds.scm.ha.SCMRatisServerImpl@72dd0597, cost 9701.922us
2021-10-04 02:04:47,367 [d10ebfff-67c6-465e-b891-a6f4e9e1af69@group-5E66DA880090-StateMachineUpdater] INFO  pipeline.PipelineStateManagerImpl (PipelineStateManagerImpl.java:addPipeline(101)) - Created pipeline Pipeline[ Id: b8dd9c14-5eaf-4969-9670-7483b4436330, Nodes: ec22a82e-7388-4328-8fb1-7bec7be40386{ip: 127.0.0.1, host: localhost, ports: [REPLICATION=46461, RATIS=39209, RATIS_ADMIN=39209, RATIS_SERVER=39209, STANDALONE=35915], networkLocation: /default-rack, certSerialId: null, persistedOpState: IN_SERVICE, persistedOpStateExpiryEpochSec: 0}, ReplicationConfig: RATIS/ONE, State:ALLOCATED, leaderId:, CreationTimestamp2021-10-04T02:04:47.354Z[Etc/UTC]].
2021-10-04 02:04:47,367 [d10ebfff-67c6-465e-b891-a6f4e9e1af69@group-5E66DA880090-StateMachineUpdater] INFO  safemode.HealthyPipelineSafeModeRule (HealthyPipelineSafeModeRule.java:initializeRule(152)) - Refreshed total pipeline count is 0, healthy pipeline threshold count is 1
2021-10-04 02:04:47,372 [2dc1c52f-fb9b-4367-bdf1-93ff3bf143d5@group-5E66DA880090-StateMachineUpdater] INFO  ha.SCMStateMachine (SCMStateMachine.java:takeSnapshot(290)) - Current Snapshot Index 10, takeSnapshot took 0 ms
2021-10-04 02:04:47,372 [2dc1c52f-fb9b-4367-bdf1-93ff3bf143d5@group-5E66DA880090-StateMachineUpdater] INFO  impl.StateMachineUpdater (StateMachineUpdater.java:takeSnapshot(281)) - 2dc1c52f-fb9b-4367-bdf1-93ff3bf143d5@group-5E66DA880090-StateMachineUpdater: Took a snapshot at index 10
2021-10-04 02:04:47,372 [2dc1c52f-fb9b-4367-bdf1-93ff3bf143d5@group-5E66DA880090-StateMachineUpdater] INFO  impl.StateMachineUpdater (StateMachineUpdater.java:lambda$new$0(89)) - 2dc1c52f-fb9b-4367-bdf1-93ff3bf143d5@group-5E66DA880090-StateMachineUpdater: snapshotIndex: updateIncreasingly 5 -> 10
2021-10-04 02:04:47,372 [2dc1c52f-fb9b-4367-bdf1-93ff3bf143d5@group-5E66DA880090-StateMachineUpdater] INFO  raftlog.RaftLog (RaftLogBase.java:purge(306)) - 2dc1c52f-fb9b-4367-bdf1-93ff3bf143d5@group-5E66DA880090-SegmentedRaftLog: purge 10
2021-10-04 02:04:47,372 [2dc1c52f-fb9b-4367-bdf1-93ff3bf143d5@group-5E66DA880090-StateMachineUpdater] INFO  raftlog.RaftLog (RaftLogBase.java:lambda$new$0(53)) - 2dc1c52f-fb9b-4367-bdf1-93ff3bf143d5@group-5E66DA880090-SegmentedRaftLog: snapshotIndex: updateIncreasingly 5 -> 10
2021-10-04 02:04:47,372 [2dc1c52f-fb9b-4367-bdf1-93ff3bf143d5@group-5E66DA880090-StateMachineUpdater] INFO  raftlog.RaftLog (RaftLogBase.java:lambda$new$0(53)) - 2dc1c52f-fb9b-4367-bdf1-93ff3bf143d5@group-5E66DA880090-SegmentedRaftLog: purgeIndex: updateToMax old=0, new=10, updated? true
2021-10-04 02:04:47,413 [EndpointStateMachine task thread for /127.0.0.1:14511 - 0 ] INFO  ipc.Client (Client.java:handleConnectionFailure(977)) - Retrying connect to server: localhost/127.0.0.1:14511. Already tried 5 time(s); retry policy is RetryUpToMaximumCountWithFixedSleep(maxRetries=15, sleepTime=1000 MILLISECONDS)
2021-10-04 02:04:47,573 [EndpointStateMachine task thread for /127.0.0.1:14521 - 0 ] INFO  ipc.Client (Client.java:handleConnectionFailure(977)) - Retrying connect to server: localhost/127.0.0.1:14521. Already tried 3 time(s); retry policy is RetryUpToMaximumCountWithFixedSleep(maxRetries=15, sleepTime=1000 MILLISECONDS)
2021-10-04 02:04:47,579 [EndpointStateMachine task thread for /127.0.0.1:14501 - 0 ] INFO  ipc.Client (Client.java:handleConnectionFailure(977)) - Retrying connect to server: localhost/127.0.0.1:14501. Already tried 5 time(s); retry policy is RetryUpToMaximumCountWithFixedSleep(maxRetries=15, sleepTime=1000 MILLISECONDS)
2021-10-04 02:04:47,857 [Listener at 127.0.0.1/10960] INFO  ozone.MiniOzoneClusterImpl (MiniOzoneClusterImpl.java:lambda$waitForClusterToBeReady$0(235)) - Waiting for nodes to be ready. Got 2 of 3 DN Heartbeats.
2021-10-04 02:04:47,857 [Listener at 127.0.0.1/10960] INFO  ozone.MiniOzoneClusterImpl (MiniOzoneClusterImpl.java:lambda$waitForClusterToBeReady$0(238)) - Waiting for cluster to exit safe mode
2021-10-04 02:04:47,857 [Listener at 127.0.0.1/10960] INFO  ozone.MiniOzoneClusterImpl (MiniOzoneClusterImpl.java:lambda$waitForClusterToBeReady$0(240)) - SCM became leader
2021-10-04 02:04:47,882 [Datanode State Machine Thread - 0] ERROR datanode.RunningDatanodeState (RunningDatanodeState.java:computeNextContainerState(199)) - Error in executing end point task.
java.util.concurrent.ExecutionException: java.util.concurrent.TimeoutException
	at java.util.concurrent.FutureTask.report(FutureTask.java:122)
	at java.util.concurrent.FutureTask.get(FutureTask.java:192)
	at org.apache.hadoop.ozone.container.common.states.datanode.RunningDatanodeState.computeNextContainerState(RunningDatanodeState.java:191)
	at org.apache.hadoop.ozone.container.common.states.datanode.RunningDatanodeState.await(RunningDatanodeState.java:231)
	at org.apache.hadoop.ozone.container.common.states.datanode.RunningDatanodeState.await(RunningDatanodeState.java:50)
	at org.apache.hadoop.ozone.container.common.statemachine.StateContext.execute(StateContext.java:629)
	at org.apache.hadoop.ozone.container.common.statemachine.DatanodeStateMachine.start(DatanodeStateMachine.java:270)
	at org.apache.hadoop.ozone.container.common.statemachine.DatanodeStateMachine.lambda$startDaemon$0(DatanodeStateMachine.java:457)
	at java.lang.Thread.run(Thread.java:748)
Caused by: java.util.concurrent.TimeoutException
	at java.util.concurrent.FutureTask.get(FutureTask.java:205)
	at org.apache.hadoop.ozone.container.common.states.datanode.RunningDatanodeState.lambda$execute$0(RunningDatanodeState.java:149)
	at java.util.concurrent.FutureTask.run(FutureTask.java:266)
	at java.util.concurrent.Executors$RunnableAdapter.call(Executors.java:511)
	at java.util.concurrent.FutureTask.run(FutureTask.java:266)
	at java.util.concurrent.ThreadPoolExecutor.runWorker(ThreadPoolExecutor.java:1149)
	at java.util.concurrent.ThreadPoolExecutor$Worker.run(ThreadPoolExecutor.java:624)
	... 1 more
2021-10-04 02:04:47,891 [IPC Server handler 0 on default port 12103] INFO  net.NetworkTopologyImpl (NetworkTopologyImpl.java:add(112)) - Added a new node: /default-rack/0db60050-3417-4221-94cf-c6ca2a56f712
2021-10-04 02:04:47,892 [IPC Server handler 0 on default port 12103] INFO  node.SCMNodeManager (SCMNodeManager.java:register(389)) - Registered Data node : 0db60050-3417-4221-94cf-c6ca2a56f712{ip: 127.0.0.1, host: localhost, ports: [REPLICATION=43153, RATIS=44551, RATIS_ADMIN=44551, RATIS_SERVER=44551, STANDALONE=46239], networkLocation: /default-rack, certSerialId: null, persistedOpState: null, persistedOpStateExpiryEpochSec: 0}
2021-10-04 02:04:47,892 [EventQueue-NewNodeForNewNodeHandler] INFO  pipeline.BackgroundPipelineCreator (BackgroundPipelineCreatorV2.java:notifyEventTriggered(279)) - ignore, not leader SCM.
2021-10-04 02:04:47,892 [IPC Server handler 11 on default port 12093] INFO  net.NetworkTopologyImpl (NetworkTopologyImpl.java:add(112)) - Added a new node: /default-rack/0db60050-3417-4221-94cf-c6ca2a56f712
2021-10-04 02:04:47,892 [IPC Server handler 11 on default port 12093] INFO  node.SCMNodeManager (SCMNodeManager.java:register(389)) - Registered Data node : 0db60050-3417-4221-94cf-c6ca2a56f712{ip: 127.0.0.1, host: localhost, ports: [REPLICATION=43153, RATIS=44551, RATIS_ADMIN=44551, RATIS_SERVER=44551, STANDALONE=46239], networkLocation: /default-rack, certSerialId: null, persistedOpState: null, persistedOpStateExpiryEpochSec: 0}
2021-10-04 02:04:47,893 [EventQueue-NewNodeForNewNodeHandler] INFO  pipeline.BackgroundPipelineCreator (BackgroundPipelineCreatorV2.java:notifyEventTriggered(285)) - trigger a one-shot run on RatisPipelineUtilsThread.
2021-10-04 02:04:47,893 [RatisPipelineUtilsThread - 0] INFO  pipeline.RatisPipelineProvider (RatisPipelineProvider.java:lambda$create$0(183)) - Sending CreatePipelineCommand for pipeline:PipelineID=69f41031-487d-4ec5-80a7-188ce2807762 to datanode:0db60050-3417-4221-94cf-c6ca2a56f712
2021-10-04 02:04:47,898 [EventQueue-NodeRegistrationContainerReportForDataNodeSafeModeRule] INFO  safemode.SCMSafeModeManager (DataNodeSafeModeRule.java:process(71)) - SCM in safe mode. 3 DataNodes registered, 3 required.
2021-10-04 02:04:47,898 [EventQueue-NodeRegistrationContainerReportForDataNodeSafeModeRule] INFO  safemode.SCMSafeModeManager (SCMSafeModeManager.java:validateSafeModeExitRules(204)) - DataNodeSafeModeRule rule is successfully validated
2021-10-04 02:04:47,898 [EventQueue-NodeRegistrationContainerReportForDataNodeSafeModeRule] INFO  safemode.SCMSafeModeManager (SCMSafeModeManager.java:completePreCheck(233)) - All SCM safe mode pre check rules have passed
2021-10-04 02:04:47,898 [EventQueue-NodeRegistrationContainerReportForDataNodeSafeModeRule] WARN  events.EventQueue (EventQueue.java:fireEvent(194)) - No event handler registered for event TypedEvent{payloadType=SafeModeStatus, name='Safe mode status'}
2021-10-04 02:04:47,898 [EventQueue-NodeRegistrationContainerReportForDataNodeSafeModeRule] INFO  ha.SCMContext (SCMContext.java:updateSafeModeStatus(205)) - Update SafeModeStatus from SafeModeStatus{safeModeStatus=true, preCheckPassed=false} to SafeModeStatus{safeModeStatus=true, preCheckPassed=true}.
2021-10-04 02:04:47,898 [EventQueue-NodeRegistrationContainerReportForDataNodeSafeModeRule] INFO  pipeline.BackgroundPipelineCreator (BackgroundPipelineCreatorV2.java:notifyEventTriggered(279)) - ignore, not leader SCM.
2021-10-04 02:04:47,900 [EventQueue-NodeRegistrationContainerReportForDataNodeSafeModeRule] INFO  safemode.SCMSafeModeManager (DataNodeSafeModeRule.java:process(71)) - SCM in safe mode. 3 DataNodes registered, 3 required.
2021-10-04 02:04:47,900 [EventQueue-NodeRegistrationContainerReportForDataNodeSafeModeRule] INFO  safemode.SCMSafeModeManager (SCMSafeModeManager.java:validateSafeModeExitRules(204)) - DataNodeSafeModeRule rule is successfully validated
2021-10-04 02:04:47,900 [EventQueue-NodeRegistrationContainerReportForDataNodeSafeModeRule] INFO  safemode.SCMSafeModeManager (SCMSafeModeManager.java:completePreCheck(233)) - All SCM safe mode pre check rules have passed
2021-10-04 02:04:47,900 [EventQueue-NodeRegistrationContainerReportForDataNodeSafeModeRule] WARN  events.EventQueue (EventQueue.java:fireEvent(194)) - No event handler registered for event TypedEvent{payloadType=SafeModeStatus, name='Safe mode status'}
2021-10-04 02:04:47,900 [EventQueue-NodeRegistrationContainerReportForDataNodeSafeModeRule] INFO  ha.SCMContext (SCMContext.java:updateSafeModeStatus(205)) - Update SafeModeStatus from SafeModeStatus{safeModeStatus=true, preCheckPassed=false} to SafeModeStatus{safeModeStatus=true, preCheckPassed=true}.
2021-10-04 02:04:47,900 [EventQueue-NodeRegistrationContainerReportForDataNodeSafeModeRule] INFO  pipeline.BackgroundPipelineCreator (BackgroundPipelineCreatorV2.java:notifyEventTriggered(285)) - trigger a one-shot run on RatisPipelineUtilsThread.
2021-10-04 02:04:47,901 [d10ebfff-67c6-465e-b891-a6f4e9e1af69@group-5E66DA880090-StateMachineUpdater] INFO  ha.SCMStateMachine (SCMStateMachine.java:takeSnapshot(290)) - Current Snapshot Index 10, takeSnapshot took 1 ms
2021-10-04 02:04:47,901 [d10ebfff-67c6-465e-b891-a6f4e9e1af69@group-5E66DA880090-StateMachineUpdater] INFO  impl.StateMachineUpdater (StateMachineUpdater.java:takeSnapshot(281)) - d10ebfff-67c6-465e-b891-a6f4e9e1af69@group-5E66DA880090-StateMachineUpdater: Took a snapshot at index 10
2021-10-04 02:04:47,901 [d10ebfff-67c6-465e-b891-a6f4e9e1af69@group-5E66DA880090-StateMachineUpdater] INFO  impl.StateMachineUpdater (StateMachineUpdater.java:lambda$new$0(89)) - d10ebfff-67c6-465e-b891-a6f4e9e1af69@group-5E66DA880090-StateMachineUpdater: snapshotIndex: updateIncreasingly 5 -> 10
2021-10-04 02:04:47,901 [d10ebfff-67c6-465e-b891-a6f4e9e1af69@group-5E66DA880090-StateMachineUpdater] INFO  raftlog.RaftLog (RaftLogBase.java:purge(306)) - d10ebfff-67c6-465e-b891-a6f4e9e1af69@group-5E66DA880090-SegmentedRaftLog: purge 10
2021-10-04 02:04:47,901 [d10ebfff-67c6-465e-b891-a6f4e9e1af69@group-5E66DA880090-StateMachineUpdater] INFO  raftlog.RaftLog (RaftLogBase.java:lambda$new$0(53)) - d10ebfff-67c6-465e-b891-a6f4e9e1af69@group-5E66DA880090-SegmentedRaftLog: snapshotIndex: updateIncreasingly 5 -> 10
2021-10-04 02:04:47,901 [d10ebfff-67c6-465e-b891-a6f4e9e1af69@group-5E66DA880090-StateMachineUpdater] INFO  raftlog.RaftLog (RaftLogBase.java:lambda$new$0(53)) - d10ebfff-67c6-465e-b891-a6f4e9e1af69@group-5E66DA880090-SegmentedRaftLog: purgeIndex: updateToMax old=0, new=10, updated? true
2021-10-04 02:04:47,903 [2dc1c52f-fb9b-4367-bdf1-93ff3bf143d5@group-5E66DA880090-StateMachineUpdater] INFO  pipeline.PipelineStateManagerImpl (PipelineStateManagerImpl.java:addPipeline(101)) - Created pipeline Pipeline[ Id: 69f41031-487d-4ec5-80a7-188ce2807762, Nodes: 0db60050-3417-4221-94cf-c6ca2a56f712{ip: 127.0.0.1, host: localhost, ports: [REPLICATION=43153, RATIS=44551, RATIS_ADMIN=44551, RATIS_SERVER=44551, STANDALONE=46239], networkLocation: /default-rack, certSerialId: null, persistedOpState: IN_SERVICE, persistedOpStateExpiryEpochSec: 0}, ReplicationConfig: RATIS/ONE, State:ALLOCATED, leaderId:, CreationTimestamp2021-10-04T02:04:47.893Z[Etc/UTC]].
2021-10-04 02:04:47,903 [2dc1c52f-fb9b-4367-bdf1-93ff3bf143d5@group-5E66DA880090-StateMachineUpdater] INFO  safemode.HealthyPipelineSafeModeRule (HealthyPipelineSafeModeRule.java:initializeRule(152)) - Refreshed total pipeline count is 0, healthy pipeline threshold count is 1
2021-10-04 02:04:47,903 [RatisPipelineUtilsThread - 0] INFO  ha.SCMHAInvocationHandler (SCMHAInvocationHandler.java:invokeRatis(113)) - Invoking method public abstract void org.apache.hadoop.hdds.scm.pipeline.PipelineStateManager.addPipeline(org.apache.hadoop.hdds.protocol.proto.HddsProtos$Pipeline) throws java.io.IOException on target org.apache.hadoop.hdds.scm.ha.SCMRatisServerImpl@72dd0597, cost 9831.022us
2021-10-04 02:04:47,903 [RatisPipelineUtilsThread - 0] INFO  pipeline.RatisPipelineProvider (RatisPipelineProvider.java:lambda$create$0(183)) - Sending CreatePipelineCommand for pipeline:PipelineID=5bbf6d9c-bff9-4fc2-9f93-38cf24579fa4 to datanode:0db60050-3417-4221-94cf-c6ca2a56f712
2021-10-04 02:04:47,904 [RatisPipelineUtilsThread - 0] INFO  pipeline.RatisPipelineProvider (RatisPipelineProvider.java:lambda$create$0(183)) - Sending CreatePipelineCommand for pipeline:PipelineID=5bbf6d9c-bff9-4fc2-9f93-38cf24579fa4 to datanode:57ec436a-c908-4fec-986d-5c2664f6b5b6
2021-10-04 02:04:47,904 [RatisPipelineUtilsThread - 0] INFO  pipeline.RatisPipelineProvider (RatisPipelineProvider.java:lambda$create$0(183)) - Sending CreatePipelineCommand for pipeline:PipelineID=5bbf6d9c-bff9-4fc2-9f93-38cf24579fa4 to datanode:ec22a82e-7388-4328-8fb1-7bec7be40386
2021-10-04 02:04:47,907 [d10ebfff-67c6-465e-b891-a6f4e9e1af69@group-5E66DA880090-StateMachineUpdater] INFO  pipeline.PipelineStateManagerImpl (PipelineStateManagerImpl.java:addPipeline(101)) - Created pipeline Pipeline[ Id: 69f41031-487d-4ec5-80a7-188ce2807762, Nodes: 0db60050-3417-4221-94cf-c6ca2a56f712{ip: 127.0.0.1, host: localhost, ports: [REPLICATION=43153, RATIS=44551, RATIS_ADMIN=44551, RATIS_SERVER=44551, STANDALONE=46239], networkLocation: /default-rack, certSerialId: null, persistedOpState: IN_SERVICE, persistedOpStateExpiryEpochSec: 0}, ReplicationConfig: RATIS/ONE, State:ALLOCATED, leaderId:, CreationTimestamp2021-10-04T02:04:47.893Z[Etc/UTC]].
2021-10-04 02:04:47,907 [d10ebfff-67c6-465e-b891-a6f4e9e1af69@group-5E66DA880090-StateMachineUpdater] INFO  safemode.HealthyPipelineSafeModeRule (HealthyPipelineSafeModeRule.java:initializeRule(152)) - Refreshed total pipeline count is 0, healthy pipeline threshold count is 1
2021-10-04 02:04:47,909 [2dc1c52f-fb9b-4367-bdf1-93ff3bf143d5@group-5E66DA880090-StateMachineUpdater] INFO  pipeline.PipelineStateManagerImpl (PipelineStateManagerImpl.java:addPipeline(101)) - Created pipeline Pipeline[ Id: 5bbf6d9c-bff9-4fc2-9f93-38cf24579fa4, Nodes: 0db60050-3417-4221-94cf-c6ca2a56f712{ip: 127.0.0.1, host: localhost, ports: [REPLICATION=43153, RATIS=44551, RATIS_ADMIN=44551, RATIS_SERVER=44551, STANDALONE=46239], networkLocation: /default-rack, certSerialId: null, persistedOpState: IN_SERVICE, persistedOpStateExpiryEpochSec: 0}57ec436a-c908-4fec-986d-5c2664f6b5b6{ip: 127.0.0.1, host: localhost, ports: [REPLICATION=41263, RATIS=39069, RATIS_ADMIN=39069, RATIS_SERVER=39069, STANDALONE=38989], networkLocation: /default-rack, certSerialId: null, persistedOpState: IN_SERVICE, persistedOpStateExpiryEpochSec: 0}ec22a82e-7388-4328-8fb1-7bec7be40386{ip: 127.0.0.1, host: localhost, ports: [REPLICATION=46461, RATIS=39209, RATIS_ADMIN=39209, RATIS_SERVER=39209, STANDALONE=35915], networkLocation: /default-rack, certSerialId: null, persistedOpState: IN_SERVICE, persistedOpStateExpiryEpochSec: 0}, ReplicationConfig: RATIS/THREE, State:ALLOCATED, leaderId:, CreationTimestamp2021-10-04T02:04:47.903Z[Etc/UTC]].
2021-10-04 02:04:47,909 [2dc1c52f-fb9b-4367-bdf1-93ff3bf143d5@group-5E66DA880090-StateMachineUpdater] INFO  safemode.HealthyPipelineSafeModeRule (HealthyPipelineSafeModeRule.java:initializeRule(152)) - Refreshed total pipeline count is 0, healthy pipeline threshold count is 1
2021-10-04 02:04:47,910 [RatisPipelineUtilsThread - 0] INFO  ha.SCMHAInvocationHandler (SCMHAInvocationHandler.java:invokeRatis(113)) - Invoking method public abstract void org.apache.hadoop.hdds.scm.pipeline.PipelineStateManager.addPipeline(org.apache.hadoop.hdds.protocol.proto.HddsProtos$Pipeline) throws java.io.IOException on target org.apache.hadoop.hdds.scm.ha.SCMRatisServerImpl@72dd0597, cost 5771.113us
2021-10-04 02:04:47,910 [RatisPipelineUtilsThread - 0] INFO  pipeline.RatisPipelineProvider (RatisPipelineProvider.java:lambda$create$0(183)) - Sending CreatePipelineCommand for pipeline:PipelineID=108b5ce9-dca6-416e-8789-8194f89f6908 to datanode:0db60050-3417-4221-94cf-c6ca2a56f712
2021-10-04 02:04:47,910 [RatisPipelineUtilsThread - 0] INFO  pipeline.RatisPipelineProvider (RatisPipelineProvider.java:lambda$create$0(183)) - Sending CreatePipelineCommand for pipeline:PipelineID=108b5ce9-dca6-416e-8789-8194f89f6908 to datanode:ec22a82e-7388-4328-8fb1-7bec7be40386
2021-10-04 02:04:47,910 [RatisPipelineUtilsThread - 0] INFO  pipeline.RatisPipelineProvider (RatisPipelineProvider.java:lambda$create$0(183)) - Sending CreatePipelineCommand for pipeline:PipelineID=108b5ce9-dca6-416e-8789-8194f89f6908 to datanode:57ec436a-c908-4fec-986d-5c2664f6b5b6
2021-10-04 02:04:47,917 [d10ebfff-67c6-465e-b891-a6f4e9e1af69@group-5E66DA880090-StateMachineUpdater] INFO  pipeline.PipelineStateManagerImpl (PipelineStateManagerImpl.java:addPipeline(101)) - Created pipeline Pipeline[ Id: 5bbf6d9c-bff9-4fc2-9f93-38cf24579fa4, Nodes: 0db60050-3417-4221-94cf-c6ca2a56f712{ip: 127.0.0.1, host: localhost, ports: [REPLICATION=43153, RATIS=44551, RATIS_ADMIN=44551, RATIS_SERVER=44551, STANDALONE=46239], networkLocation: /default-rack, certSerialId: null, persistedOpState: IN_SERVICE, persistedOpStateExpiryEpochSec: 0}57ec436a-c908-4fec-986d-5c2664f6b5b6{ip: 127.0.0.1, host: localhost, ports: [REPLICATION=41263, RATIS=39069, RATIS_ADMIN=39069, RATIS_SERVER=39069, STANDALONE=38989], networkLocation: /default-rack, certSerialId: null, persistedOpState: IN_SERVICE, persistedOpStateExpiryEpochSec: 0}ec22a82e-7388-4328-8fb1-7bec7be40386{ip: 127.0.0.1, host: localhost, ports: [REPLICATION=46461, RATIS=39209, RATIS_ADMIN=39209, RATIS_SERVER=39209, STANDALONE=35915], networkLocation: /default-rack, certSerialId: null, persistedOpState: IN_SERVICE, persistedOpStateExpiryEpochSec: 0}, ReplicationConfig: RATIS/THREE, State:ALLOCATED, leaderId:, CreationTimestamp2021-10-04T02:04:47.903Z[Etc/UTC]].
2021-10-04 02:04:47,917 [d10ebfff-67c6-465e-b891-a6f4e9e1af69@group-5E66DA880090-StateMachineUpdater] INFO  safemode.HealthyPipelineSafeModeRule (HealthyPipelineSafeModeRule.java:initializeRule(152)) - Refreshed total pipeline count is 0, healthy pipeline threshold count is 1
2021-10-04 02:04:47,920 [2dc1c52f-fb9b-4367-bdf1-93ff3bf143d5@group-5E66DA880090-StateMachineUpdater] INFO  pipeline.PipelineStateManagerImpl (PipelineStateManagerImpl.java:addPipeline(101)) - Created pipeline Pipeline[ Id: 108b5ce9-dca6-416e-8789-8194f89f6908, Nodes: 0db60050-3417-4221-94cf-c6ca2a56f712{ip: 127.0.0.1, host: localhost, ports: [REPLICATION=43153, RATIS=44551, RATIS_ADMIN=44551, RATIS_SERVER=44551, STANDALONE=46239], networkLocation: /default-rack, certSerialId: null, persistedOpState: IN_SERVICE, persistedOpStateExpiryEpochSec: 0}ec22a82e-7388-4328-8fb1-7bec7be40386{ip: 127.0.0.1, host: localhost, ports: [REPLICATION=46461, RATIS=39209, RATIS_ADMIN=39209, RATIS_SERVER=39209, STANDALONE=35915], networkLocation: /default-rack, certSerialId: null, persistedOpState: IN_SERVICE, persistedOpStateExpiryEpochSec: 0}57ec436a-c908-4fec-986d-5c2664f6b5b6{ip: 127.0.0.1, host: localhost, ports: [REPLICATION=41263, RATIS=39069, RATIS_ADMIN=39069, RATIS_SERVER=39069, STANDALONE=38989], networkLocation: /default-rack, certSerialId: null, persistedOpState: IN_SERVICE, persistedOpStateExpiryEpochSec: 0}, ReplicationConfig: RATIS/THREE, State:ALLOCATED, leaderId:, CreationTimestamp2021-10-04T02:04:47.910Z[Etc/UTC]].
2021-10-04 02:04:47,920 [2dc1c52f-fb9b-4367-bdf1-93ff3bf143d5@group-5E66DA880090-StateMachineUpdater] INFO  safemode.HealthyPipelineSafeModeRule (HealthyPipelineSafeModeRule.java:initializeRule(152)) - Refreshed total pipeline count is 0, healthy pipeline threshold count is 1
2021-10-04 02:04:47,921 [2dc1c52f-fb9b-4367-bdf1-93ff3bf143d5@group-5E66DA880090-StateMachineUpdater] INFO  ha.SCMStateMachine (SCMStateMachine.java:takeSnapshot(290)) - Current Snapshot Index 15, takeSnapshot took 1 ms
2021-10-04 02:04:47,921 [2dc1c52f-fb9b-4367-bdf1-93ff3bf143d5@group-5E66DA880090-StateMachineUpdater] INFO  impl.StateMachineUpdater (StateMachineUpdater.java:takeSnapshot(281)) - 2dc1c52f-fb9b-4367-bdf1-93ff3bf143d5@group-5E66DA880090-StateMachineUpdater: Took a snapshot at index 15
2021-10-04 02:04:47,921 [2dc1c52f-fb9b-4367-bdf1-93ff3bf143d5@group-5E66DA880090-StateMachineUpdater] INFO  impl.StateMachineUpdater (StateMachineUpdater.java:lambda$new$0(89)) - 2dc1c52f-fb9b-4367-bdf1-93ff3bf143d5@group-5E66DA880090-StateMachineUpdater: snapshotIndex: updateIncreasingly 10 -> 15
2021-10-04 02:04:47,921 [2dc1c52f-fb9b-4367-bdf1-93ff3bf143d5@group-5E66DA880090-StateMachineUpdater] INFO  raftlog.RaftLog (RaftLogBase.java:purge(306)) - 2dc1c52f-fb9b-4367-bdf1-93ff3bf143d5@group-5E66DA880090-SegmentedRaftLog: purge 15
2021-10-04 02:04:47,921 [2dc1c52f-fb9b-4367-bdf1-93ff3bf143d5@group-5E66DA880090-StateMachineUpdater] INFO  raftlog.RaftLog (RaftLogBase.java:lambda$new$0(53)) - 2dc1c52f-fb9b-4367-bdf1-93ff3bf143d5@group-5E66DA880090-SegmentedRaftLog: snapshotIndex: updateIncreasingly 10 -> 15
2021-10-04 02:04:47,921 [2dc1c52f-fb9b-4367-bdf1-93ff3bf143d5@group-5E66DA880090-StateMachineUpdater] INFO  raftlog.RaftLog (RaftLogBase.java:lambda$new$0(53)) - 2dc1c52f-fb9b-4367-bdf1-93ff3bf143d5@group-5E66DA880090-SegmentedRaftLog: purgeIndex: updateToMax old=10, new=15, updated? true
2021-10-04 02:04:47,921 [RatisPipelineUtilsThread - 0] INFO  ha.SCMHAInvocationHandler (SCMHAInvocationHandler.java:invokeRatis(113)) - Invoking method public abstract void org.apache.hadoop.hdds.scm.pipeline.PipelineStateManager.addPipeline(org.apache.hadoop.hdds.protocol.proto.HddsProtos$Pipeline) throws java.io.IOException on target org.apache.hadoop.hdds.scm.ha.SCMRatisServerImpl@72dd0597, cost 10730.223us
2021-10-04 02:04:47,921 [RatisPipelineUtilsThread - 0] INFO  pipeline.PipelineManagerImpl (PipelineManagerImpl.java:recordMetricsForPipeline(613)) - Pipeline: PipelineID=108b5ce9-dca6-416e-8789-8194f89f6908 contains same datanodes as previous pipelines: PipelineID=5bbf6d9c-bff9-4fc2-9f93-38cf24579fa4 nodeIds: 0db60050-3417-4221-94cf-c6ca2a56f712, ec22a82e-7388-4328-8fb1-7bec7be40386, 57ec436a-c908-4fec-986d-5c2664f6b5b6
2021-10-04 02:04:47,926 [d10ebfff-67c6-465e-b891-a6f4e9e1af69@group-5E66DA880090-StateMachineUpdater] INFO  pipeline.PipelineStateManagerImpl (PipelineStateManagerImpl.java:addPipeline(101)) - Created pipeline Pipeline[ Id: 108b5ce9-dca6-416e-8789-8194f89f6908, Nodes: 0db60050-3417-4221-94cf-c6ca2a56f712{ip: 127.0.0.1, host: localhost, ports: [REPLICATION=43153, RATIS=44551, RATIS_ADMIN=44551, RATIS_SERVER=44551, STANDALONE=46239], networkLocation: /default-rack, certSerialId: null, persistedOpState: IN_SERVICE, persistedOpStateExpiryEpochSec: 0}ec22a82e-7388-4328-8fb1-7bec7be40386{ip: 127.0.0.1, host: localhost, ports: [REPLICATION=46461, RATIS=39209, RATIS_ADMIN=39209, RATIS_SERVER=39209, STANDALONE=35915], networkLocation: /default-rack, certSerialId: null, persistedOpState: IN_SERVICE, persistedOpStateExpiryEpochSec: 0}57ec436a-c908-4fec-986d-5c2664f6b5b6{ip: 127.0.0.1, host: localhost, ports: [REPLICATION=41263, RATIS=39069, RATIS_ADMIN=39069, RATIS_SERVER=39069, STANDALONE=38989], networkLocation: /default-rack, certSerialId: null, persistedOpState: IN_SERVICE, persistedOpStateExpiryEpochSec: 0}, ReplicationConfig: RATIS/THREE, State:ALLOCATED, leaderId:, CreationTimestamp2021-10-04T02:04:47.910Z[Etc/UTC]].
2021-10-04 02:04:47,926 [d10ebfff-67c6-465e-b891-a6f4e9e1af69@group-5E66DA880090-StateMachineUpdater] INFO  safemode.HealthyPipelineSafeModeRule (HealthyPipelineSafeModeRule.java:initializeRule(152)) - Refreshed total pipeline count is 0, healthy pipeline threshold count is 1
2021-10-04 02:04:47,928 [d10ebfff-67c6-465e-b891-a6f4e9e1af69@group-5E66DA880090-StateMachineUpdater] INFO  ha.SCMStateMachine (SCMStateMachine.java:takeSnapshot(290)) - Current Snapshot Index 15, takeSnapshot took 1 ms
2021-10-04 02:04:47,928 [d10ebfff-67c6-465e-b891-a6f4e9e1af69@group-5E66DA880090-StateMachineUpdater] INFO  impl.StateMachineUpdater (StateMachineUpdater.java:takeSnapshot(281)) - d10ebfff-67c6-465e-b891-a6f4e9e1af69@group-5E66DA880090-StateMachineUpdater: Took a snapshot at index 15
2021-10-04 02:04:47,928 [d10ebfff-67c6-465e-b891-a6f4e9e1af69@group-5E66DA880090-StateMachineUpdater] INFO  impl.StateMachineUpdater (StateMachineUpdater.java:lambda$new$0(89)) - d10ebfff-67c6-465e-b891-a6f4e9e1af69@group-5E66DA880090-StateMachineUpdater: snapshotIndex: updateIncreasingly 10 -> 15
2021-10-04 02:04:47,928 [d10ebfff-67c6-465e-b891-a6f4e9e1af69@group-5E66DA880090-StateMachineUpdater] INFO  raftlog.RaftLog (RaftLogBase.java:purge(306)) - d10ebfff-67c6-465e-b891-a6f4e9e1af69@group-5E66DA880090-SegmentedRaftLog: purge 15
2021-10-04 02:04:47,928 [d10ebfff-67c6-465e-b891-a6f4e9e1af69@group-5E66DA880090-StateMachineUpdater] INFO  raftlog.RaftLog (RaftLogBase.java:lambda$new$0(53)) - d10ebfff-67c6-465e-b891-a6f4e9e1af69@group-5E66DA880090-SegmentedRaftLog: snapshotIndex: updateIncreasingly 10 -> 15
2021-10-04 02:04:47,928 [d10ebfff-67c6-465e-b891-a6f4e9e1af69@group-5E66DA880090-StateMachineUpdater] INFO  raftlog.RaftLog (RaftLogBase.java:lambda$new$0(53)) - d10ebfff-67c6-465e-b891-a6f4e9e1af69@group-5E66DA880090-SegmentedRaftLog: purgeIndex: updateToMax old=10, new=15, updated? true
2021-10-04 02:04:48,414 [EndpointStateMachine task thread for /127.0.0.1:14511 - 0 ] INFO  ipc.Client (Client.java:handleConnectionFailure(977)) - Retrying connect to server: localhost/127.0.0.1:14511. Already tried 6 time(s); retry policy is RetryUpToMaximumCountWithFixedSleep(maxRetries=15, sleepTime=1000 MILLISECONDS)
2021-10-04 02:04:48,574 [EndpointStateMachine task thread for /127.0.0.1:14521 - 0 ] INFO  ipc.Client (Client.java:handleConnectionFailure(977)) - Retrying connect to server: localhost/127.0.0.1:14521. Already tried 4 time(s); retry policy is RetryUpToMaximumCountWithFixedSleep(maxRetries=15, sleepTime=1000 MILLISECONDS)
2021-10-04 02:04:48,579 [EndpointStateMachine task thread for /127.0.0.1:14501 - 0 ] INFO  ipc.Client (Client.java:handleConnectionFailure(977)) - Retrying connect to server: localhost/127.0.0.1:14501. Already tried 6 time(s); retry policy is RetryUpToMaximumCountWithFixedSleep(maxRetries=15, sleepTime=1000 MILLISECONDS)
2021-10-04 02:04:48,857 [Listener at 127.0.0.1/10960] INFO  ozone.MiniOzoneClusterImpl (MiniOzoneClusterImpl.java:lambda$waitForClusterToBeReady$0(235)) - Nodes are ready. Got 3 of 3 DN Heartbeats.
2021-10-04 02:04:48,858 [Listener at 127.0.0.1/10960] INFO  ozone.MiniOzoneClusterImpl (MiniOzoneClusterImpl.java:lambda$waitForClusterToBeReady$0(238)) - Waiting for cluster to exit safe mode
2021-10-04 02:04:48,858 [Listener at 127.0.0.1/10960] INFO  ozone.MiniOzoneClusterImpl (MiniOzoneClusterImpl.java:lambda$waitForClusterToBeReady$0(240)) - SCM became leader
2021-10-04 02:04:49,414 [EndpointStateMachine task thread for /127.0.0.1:14511 - 0 ] INFO  ipc.Client (Client.java:handleConnectionFailure(977)) - Retrying connect to server: localhost/127.0.0.1:14511. Already tried 7 time(s); retry policy is RetryUpToMaximumCountWithFixedSleep(maxRetries=15, sleepTime=1000 MILLISECONDS)
2021-10-04 02:04:49,574 [EndpointStateMachine task thread for /127.0.0.1:14521 - 0 ] INFO  ipc.Client (Client.java:handleConnectionFailure(977)) - Retrying connect to server: localhost/127.0.0.1:14521. Already tried 5 time(s); retry policy is RetryUpToMaximumCountWithFixedSleep(maxRetries=15, sleepTime=1000 MILLISECONDS)
2021-10-04 02:04:49,579 [EndpointStateMachine task thread for /127.0.0.1:14501 - 0 ] INFO  ipc.Client (Client.java:handleConnectionFailure(977)) - Retrying connect to server: localhost/127.0.0.1:14501. Already tried 7 time(s); retry policy is RetryUpToMaximumCountWithFixedSleep(maxRetries=15, sleepTime=1000 MILLISECONDS)
2021-10-04 02:04:49,858 [Listener at 127.0.0.1/10960] INFO  ozone.MiniOzoneClusterImpl (MiniOzoneClusterImpl.java:lambda$waitForClusterToBeReady$0(235)) - Nodes are ready. Got 3 of 3 DN Heartbeats.
2021-10-04 02:04:49,858 [Listener at 127.0.0.1/10960] INFO  ozone.MiniOzoneClusterImpl (MiniOzoneClusterImpl.java:lambda$waitForClusterToBeReady$0(238)) - Waiting for cluster to exit safe mode
2021-10-04 02:04:49,858 [Listener at 127.0.0.1/10960] INFO  ozone.MiniOzoneClusterImpl (MiniOzoneClusterImpl.java:lambda$waitForClusterToBeReady$0(240)) - SCM became leader
2021-10-04 02:04:50,052 [Command processor thread] INFO  server.RaftServer (RaftServerProxy.java:addNew(95)) - 57ec436a-c908-4fec-986d-5c2664f6b5b6: addNew group-EE36DAE78892:[57ec436a-c908-4fec-986d-5c2664f6b5b6|rpc:127.0.0.1:39069|priority:1] returns group-EE36DAE78892:java.util.concurrent.CompletableFuture@61ad2b28[Not completed]
2021-10-04 02:04:50,057 [pool-264-thread-1] INFO  server.RaftServer$Division (RaftServerImpl.java:<init>(181)) - 57ec436a-c908-4fec-986d-5c2664f6b5b6: new RaftServerImpl for group-EE36DAE78892:[57ec436a-c908-4fec-986d-5c2664f6b5b6|rpc:127.0.0.1:39069|priority:1] with ContainerStateMachine:uninitialized
2021-10-04 02:04:50,067 [EndpointStateMachine task thread for /127.0.0.1:12113 - 0 ] WARN  statemachine.EndpointStateMachine (EndpointStateMachine.java:logIfNeeded(236)) - Unable to communicate to SCM server at 127.0.0.1:12113 for past 0 seconds.
java.net.SocketTimeoutException: Call From fv-az396-153/10.1.0.36 to localhost:12113 failed on socket timeout exception: java.net.SocketTimeoutException: 5000 millis timeout while waiting for channel to be ready for read. ch : java.nio.channels.SocketChannel[connected local=/127.0.0.1:46952 remote=/127.0.0.1:12113]; For more details see:  http://wiki.apache.org/hadoop/SocketTimeout
	at sun.reflect.GeneratedConstructorAccessor33.newInstance(Unknown Source)
	at sun.reflect.DelegatingConstructorAccessorImpl.newInstance(DelegatingConstructorAccessorImpl.java:45)
	at java.lang.reflect.Constructor.newInstance(Constructor.java:423)
	at org.apache.hadoop.net.NetUtils.wrapWithMessage(NetUtils.java:913)
	at org.apache.hadoop.net.NetUtils.wrapException(NetUtils.java:848)
	at org.apache.hadoop.ipc.Client.getRpcResponse(Client.java:1577)
	at org.apache.hadoop.ipc.Client.call(Client.java:1519)
	at org.apache.hadoop.ipc.Client.call(Client.java:1416)
	at org.apache.hadoop.ipc.ProtobufRpcEngine$Invoker.invoke(ProtobufRpcEngine.java:236)
	at org.apache.hadoop.ipc.ProtobufRpcEngine$Invoker.invoke(ProtobufRpcEngine.java:123)
	at com.sun.proxy.$Proxy48.submitRequest(Unknown Source)
	at org.apache.hadoop.ozone.protocolPB.StorageContainerDatanodeProtocolClientSideTranslatorPB.submitRequest(StorageContainerDatanodeProtocolClientSideTranslatorPB.java:117)
	at org.apache.hadoop.ozone.protocolPB.StorageContainerDatanodeProtocolClientSideTranslatorPB.getVersion(StorageContainerDatanodeProtocolClientSideTranslatorPB.java:133)
	at org.apache.hadoop.ozone.container.common.states.endpoint.VersionEndpointTask.call(VersionEndpointTask.java:71)
	at org.apache.hadoop.ozone.container.common.states.endpoint.VersionEndpointTask.call(VersionEndpointTask.java:42)
	at java.util.concurrent.FutureTask.run(FutureTask.java:266)
	at java.util.concurrent.ThreadPoolExecutor.runWorker(ThreadPoolExecutor.java:1149)
	at java.util.concurrent.ThreadPoolExecutor$Worker.run(ThreadPoolExecutor.java:624)
	at java.lang.Thread.run(Thread.java:748)
Caused by: java.net.SocketTimeoutException: 5000 millis timeout while waiting for channel to be ready for read. ch : java.nio.channels.SocketChannel[connected local=/127.0.0.1:46952 remote=/127.0.0.1:12113]
	at org.apache.hadoop.net.SocketIOWithTimeout.doIO(SocketIOWithTimeout.java:164)
	at org.apache.hadoop.net.SocketInputStream.read(SocketInputStream.java:161)
	at org.apache.hadoop.net.SocketInputStream.read(SocketInputStream.java:131)
	at java.io.FilterInputStream.read(FilterInputStream.java:133)
	at java.io.BufferedInputStream.fill(BufferedInputStream.java:246)
	at java.io.BufferedInputStream.read(BufferedInputStream.java:265)
	at java.io.FilterInputStream.read(FilterInputStream.java:83)
	at java.io.FilterInputStream.read(FilterInputStream.java:83)
	at org.apache.hadoop.ipc.Client$Connection$PingInputStream.read(Client.java:563)
	at java.io.DataInputStream.readInt(DataInputStream.java:387)
	at org.apache.hadoop.ipc.Client$IpcStreams.readResponse(Client.java:1892)
	at org.apache.hadoop.ipc.Client$Connection.receiveRpcResponse(Client.java:1202)
	at org.apache.hadoop.ipc.Client$Connection.run(Client.java:1098)
2021-10-04 02:04:50,067 [EndpointStateMachine task thread for /127.0.0.1:12113 - 0 ] WARN  statemachine.EndpointStateMachine (EndpointStateMachine.java:logIfNeeded(236)) - Unable to communicate to SCM server at localhost:12113 for past 0 seconds.
java.net.SocketTimeoutException: Call From fv-az396-153/10.1.0.36 to localhost:12113 failed on socket timeout exception: java.net.SocketTimeoutException: 5000 millis timeout while waiting for channel to be ready for read. ch : java.nio.channels.SocketChannel[connected local=/127.0.0.1:46952 remote=/127.0.0.1:12113]; For more details see:  http://wiki.apache.org/hadoop/SocketTimeout
	at sun.reflect.GeneratedConstructorAccessor33.newInstance(Unknown Source)
	at sun.reflect.DelegatingConstructorAccessorImpl.newInstance(DelegatingConstructorAccessorImpl.java:45)
	at java.lang.reflect.Constructor.newInstance(Constructor.java:423)
	at org.apache.hadoop.net.NetUtils.wrapWithMessage(NetUtils.java:913)
	at org.apache.hadoop.net.NetUtils.wrapException(NetUtils.java:848)
	at org.apache.hadoop.ipc.Client.getRpcResponse(Client.java:1577)
	at org.apache.hadoop.ipc.Client.call(Client.java:1519)
	at org.apache.hadoop.ipc.Client.call(Client.java:1416)
	at org.apache.hadoop.ipc.ProtobufRpcEngine$Invoker.invoke(ProtobufRpcEngine.java:236)
	at org.apache.hadoop.ipc.ProtobufRpcEngine$Invoker.invoke(ProtobufRpcEngine.java:123)
	at com.sun.proxy.$Proxy48.submitRequest(Unknown Source)
	at org.apache.hadoop.ozone.protocolPB.StorageContainerDatanodeProtocolClientSideTranslatorPB.submitRequest(StorageContainerDatanodeProtocolClientSideTranslatorPB.java:117)
	at org.apache.hadoop.ozone.protocolPB.StorageContainerDatanodeProtocolClientSideTranslatorPB.getVersion(StorageContainerDatanodeProtocolClientSideTranslatorPB.java:133)
	at org.apache.hadoop.ozone.container.common.states.endpoint.VersionEndpointTask.call(VersionEndpointTask.java:71)
	at org.apache.hadoop.ozone.container.common.states.endpoint.VersionEndpointTask.call(VersionEndpointTask.java:42)
	at java.util.concurrent.FutureTask.run(FutureTask.java:266)
	at java.util.concurrent.ThreadPoolExecutor.runWorker(ThreadPoolExecutor.java:1149)
	at java.util.concurrent.ThreadPoolExecutor$Worker.run(ThreadPoolExecutor.java:624)
	at java.lang.Thread.run(Thread.java:748)
Caused by: java.net.SocketTimeoutException: 5000 millis timeout while waiting for channel to be ready for read. ch : java.nio.channels.SocketChannel[connected local=/127.0.0.1:46952 remote=/127.0.0.1:12113]
	at org.apache.hadoop.net.SocketIOWithTimeout.doIO(SocketIOWithTimeout.java:164)
	at org.apache.hadoop.net.SocketInputStream.read(SocketInputStream.java:161)
	at org.apache.hadoop.net.SocketInputStream.read(SocketInputStream.java:131)
	at java.io.FilterInputStream.read(FilterInputStream.java:133)
	at java.io.BufferedInputStream.fill(BufferedInputStream.java:246)
	at java.io.BufferedInputStream.read(BufferedInputStream.java:265)
	at java.io.FilterInputStream.read(FilterInputStream.java:83)
	at java.io.FilterInputStream.read(FilterInputStream.java:83)
	at org.apache.hadoop.ipc.Client$Connection$PingInputStream.read(Client.java:563)
	at java.io.DataInputStream.readInt(DataInputStream.java:387)
	at org.apache.hadoop.ipc.Client$IpcStreams.readResponse(Client.java:1892)
	at org.apache.hadoop.ipc.Client$Connection.receiveRpcResponse(Client.java:1202)
	at org.apache.hadoop.ipc.Client$Connection.run(Client.java:1098)
2021-10-04 02:04:50,067 [EndpointStateMachine task thread for /127.0.0.1:12113 - 0 ] WARN  statemachine.EndpointStateMachine (EndpointStateMachine.java:logIfNeeded(236)) - Unable to communicate to SCM server at 127.0.0.1:12113 for past 0 seconds.
java.net.SocketTimeoutException: Call From fv-az396-153/10.1.0.36 to localhost:12113 failed on socket timeout exception: java.net.SocketTimeoutException: 5000 millis timeout while waiting for channel to be ready for read. ch : java.nio.channels.SocketChannel[connected local=/127.0.0.1:46952 remote=/127.0.0.1:12113]; For more details see:  http://wiki.apache.org/hadoop/SocketTimeout
	at sun.reflect.GeneratedConstructorAccessor33.newInstance(Unknown Source)
	at sun.reflect.DelegatingConstructorAccessorImpl.newInstance(DelegatingConstructorAccessorImpl.java:45)
	at java.lang.reflect.Constructor.newInstance(Constructor.java:423)
	at org.apache.hadoop.net.NetUtils.wrapWithMessage(NetUtils.java:913)
	at org.apache.hadoop.net.NetUtils.wrapException(NetUtils.java:848)
	at org.apache.hadoop.ipc.Client.getRpcResponse(Client.java:1577)
	at org.apache.hadoop.ipc.Client.call(Client.java:1519)
	at org.apache.hadoop.ipc.Client.call(Client.java:1416)
	at org.apache.hadoop.ipc.ProtobufRpcEngine$Invoker.invoke(ProtobufRpcEngine.java:236)
	at org.apache.hadoop.ipc.ProtobufRpcEngine$Invoker.invoke(ProtobufRpcEngine.java:123)
	at com.sun.proxy.$Proxy48.submitRequest(Unknown Source)
	at org.apache.hadoop.ozone.protocolPB.StorageContainerDatanodeProtocolClientSideTranslatorPB.submitRequest(StorageContainerDatanodeProtocolClientSideTranslatorPB.java:117)
	at org.apache.hadoop.ozone.protocolPB.StorageContainerDatanodeProtocolClientSideTranslatorPB.getVersion(StorageContainerDatanodeProtocolClientSideTranslatorPB.java:133)
	at org.apache.hadoop.ozone.container.common.states.endpoint.VersionEndpointTask.call(VersionEndpointTask.java:71)
	at org.apache.hadoop.ozone.container.common.states.endpoint.VersionEndpointTask.call(VersionEndpointTask.java:42)
	at java.util.concurrent.FutureTask.run(FutureTask.java:266)
	at java.util.concurrent.ThreadPoolExecutor.runWorker(ThreadPoolExecutor.java:1149)
	at java.util.concurrent.ThreadPoolExecutor$Worker.run(ThreadPoolExecutor.java:624)
	at java.lang.Thread.run(Thread.java:748)
Caused by: java.net.SocketTimeoutException: 5000 millis timeout while waiting for channel to be ready for read. ch : java.nio.channels.SocketChannel[connected local=/127.0.0.1:46952 remote=/127.0.0.1:12113]
	at org.apache.hadoop.net.SocketIOWithTimeout.doIO(SocketIOWithTimeout.java:164)
	at org.apache.hadoop.net.SocketInputStream.read(SocketInputStream.java:161)
	at org.apache.hadoop.net.SocketInputStream.read(SocketInputStream.java:131)
	at java.io.FilterInputStream.read(FilterInputStream.java:133)
	at java.io.BufferedInputStream.fill(BufferedInputStream.java:246)
	at java.io.BufferedInputStream.read(BufferedInputStream.java:265)
	at java.io.FilterInputStream.read(FilterInputStream.java:83)
	at java.io.FilterInputStream.read(FilterInputStream.java:83)
	at org.apache.hadoop.ipc.Client$Connection$PingInputStream.read(Client.java:563)
	at java.io.DataInputStream.readInt(DataInputStream.java:387)
	at org.apache.hadoop.ipc.Client$IpcStreams.readResponse(Client.java:1892)
	at org.apache.hadoop.ipc.Client$Connection.receiveRpcResponse(Client.java:1202)
	at org.apache.hadoop.ipc.Client$Connection.run(Client.java:1098)
2021-10-04 02:04:50,071 [Datanode State Machine Thread - 0] ERROR datanode.RunningDatanodeState (RunningDatanodeState.java:computeNextContainerState(199)) - Error in executing end point task.
java.util.concurrent.ExecutionException: java.util.concurrent.TimeoutException
	at java.util.concurrent.FutureTask.report(FutureTask.java:122)
	at java.util.concurrent.FutureTask.get(FutureTask.java:192)
	at org.apache.hadoop.ozone.container.common.states.datanode.RunningDatanodeState.computeNextContainerState(RunningDatanodeState.java:191)
	at org.apache.hadoop.ozone.container.common.states.datanode.RunningDatanodeState.await(RunningDatanodeState.java:231)
	at org.apache.hadoop.ozone.container.common.states.datanode.RunningDatanodeState.await(RunningDatanodeState.java:50)
	at org.apache.hadoop.ozone.container.common.statemachine.StateContext.execute(StateContext.java:629)
	at org.apache.hadoop.ozone.container.common.statemachine.DatanodeStateMachine.start(DatanodeStateMachine.java:270)
	at org.apache.hadoop.ozone.container.common.statemachine.DatanodeStateMachine.lambda$startDaemon$0(DatanodeStateMachine.java:457)
	at java.lang.Thread.run(Thread.java:748)
Caused by: java.util.concurrent.TimeoutException
	at java.util.concurrent.FutureTask.get(FutureTask.java:205)
	at org.apache.hadoop.ozone.container.common.states.datanode.RunningDatanodeState.lambda$execute$0(RunningDatanodeState.java:149)
	at java.util.concurrent.FutureTask.run(FutureTask.java:266)
	at java.util.concurrent.Executors$RunnableAdapter.call(Executors.java:511)
	at java.util.concurrent.FutureTask.run(FutureTask.java:266)
	at java.util.concurrent.ThreadPoolExecutor.runWorker(ThreadPoolExecutor.java:1149)
	at java.util.concurrent.ThreadPoolExecutor$Worker.run(ThreadPoolExecutor.java:624)
	... 1 more
2021-10-04 02:04:50,077 [pool-264-thread-1] INFO  server.RaftServerConfigKeys (ConfUtils.java:logGet(44)) - raft.server.rpc.timeout.min = 5s (custom)
2021-10-04 02:04:50,077 [pool-264-thread-1] INFO  server.RaftServerConfigKeys (ConfUtils.java:logGet(44)) - raft.server.rpc.timeout.max = 5200ms (custom)
2021-10-04 02:04:50,077 [pool-264-thread-1] INFO  server.RaftServerConfigKeys (ConfUtils.java:logGet(44)) - raft.server.rpc.sleep.time = 25ms (default)
2021-10-04 02:04:50,077 [pool-264-thread-1] INFO  server.RaftServerConfigKeys (ConfUtils.java:logGet(44)) - raft.server.rpc.slowness.timeout = 300s (custom)
2021-10-04 02:04:50,077 [pool-264-thread-1] INFO  server.RaftServerConfigKeys (ConfUtils.java:logGet(44)) - raft.server.leaderelection.leader.step-down.wait-time = 10s (default)
2021-10-04 02:04:50,077 [pool-264-thread-1] INFO  server.RaftServerConfigKeys (ConfUtils.java:logGet(44)) - raft.server.sleep.deviation.threshold = 300ms (default)
2021-10-04 02:04:50,077 [pool-264-thread-1] INFO  server.RaftServerConfigKeys (ConfUtils.java:logGet(44)) - raft.server.log.appender.install.snapshot.enabled = false (custom)
2021-10-04 02:04:50,077 [pool-264-thread-1] INFO  server.RaftServer$Division (ServerState.java:<init>(105)) - 57ec436a-c908-4fec-986d-5c2664f6b5b6@group-EE36DAE78892: ConfigurationManager, init=-1: [57ec436a-c908-4fec-986d-5c2664f6b5b6|rpc:127.0.0.1:39069|priority:1], old=null, confs=<EMPTY_MAP>
2021-10-04 02:04:50,077 [pool-264-thread-1] INFO  server.RaftServerConfigKeys (ConfUtils.java:logGet(44)) - raft.server.storage.dir = [/home/runner/work/ozone/ozone/hadoop-ozone/integration-test/target/test-dir/MiniOzoneClusterImpl-aa9d709b-e9e6-4188-94b0-5e66da880090/datanode-0/data/ratis] (custom)
2021-10-04 02:04:50,077 [pool-264-thread-1] INFO  server.RaftServerConfigKeys (ConfUtils.java:logGet(44)) - raft.server.log.corruption.policy = EXCEPTION (default)
2021-10-04 02:04:50,077 [pool-264-thread-1] INFO  server.RaftServerConfigKeys (ConfUtils.java:logGet(44)) - raft.server.storage.free-space.min = 0MB (=0) (default)
2021-10-04 02:04:50,078 [pool-264-thread-1] INFO  storage.RaftStorageDirectory (RaftStorageDirectoryImpl.java:analyzeStorage(135)) - The storage directory /home/runner/work/ozone/ozone/hadoop-ozone/integration-test/target/test-dir/MiniOzoneClusterImpl-aa9d709b-e9e6-4188-94b0-5e66da880090/datanode-0/data/ratis/80d85b7f-9776-471d-a4ba-ee36dae78892 does not exist. Creating ...
2021-10-04 02:04:50,085 [pool-264-thread-1] INFO  storage.RaftStorageDirectory (RaftStorageDirectoryImpl.java:tryLock(230)) - Lock on /home/runner/work/ozone/ozone/hadoop-ozone/integration-test/target/test-dir/MiniOzoneClusterImpl-aa9d709b-e9e6-4188-94b0-5e66da880090/datanode-0/data/ratis/80d85b7f-9776-471d-a4ba-ee36dae78892/in_use.lock acquired by nodename 17819@fv-az396-153
2021-10-04 02:04:50,089 [pool-264-thread-1] INFO  storage.RaftStorage (RaftStorageImpl.java:format(89)) - Storage directory /home/runner/work/ozone/ozone/hadoop-ozone/integration-test/target/test-dir/MiniOzoneClusterImpl-aa9d709b-e9e6-4188-94b0-5e66da880090/datanode-0/data/ratis/80d85b7f-9776-471d-a4ba-ee36dae78892 has been successfully formatted.
2021-10-04 02:04:50,090 [pool-264-thread-1] INFO  ratis.ContainerStateMachine (ContainerStateMachine.java:loadSnapshot(224)) - group-EE36DAE78892: The snapshot info is null. Setting the last applied indexto:(t:0, i:~)
2021-10-04 02:04:50,090 [pool-264-thread-1] INFO  server.RaftServerConfigKeys (ConfUtils.java:logGet(44)) - raft.server.notification.no-leader.timeout = 300s (custom)
2021-10-04 02:04:50,090 [pool-264-thread-1] INFO  server.RaftServerConfigKeys (ConfUtils.java:logGet(44)) - raft.server.log.use.memory = false (default)
2021-10-04 02:04:50,090 [pool-264-thread-1] INFO  server.RaftServerConfigKeys (ConfUtils.java:logGet(44)) - raft.server.log.purge.gap = 1000000 (custom)
2021-10-04 02:04:50,090 [pool-264-thread-1] INFO  server.RaftServerConfigKeys (ConfUtils.java:logGet(44)) - raft.server.log.appender.buffer.byte-limit = 33554432 (custom)
2021-10-04 02:04:50,090 [pool-264-thread-1] INFO  server.RaftServerConfigKeys (ConfUtils.java:logGet(44)) - raft.server.log.segment.size.max = 1048576 (custom)
2021-10-04 02:04:50,091 [EventQueue-PipelineReportForPipelineReportHandler] INFO  pipeline.PipelineManagerImpl (PipelineManagerImpl.java:openPipeline(282)) - Pipeline Pipeline[ Id: 80d85b7f-9776-471d-a4ba-ee36dae78892, Nodes: 57ec436a-c908-4fec-986d-5c2664f6b5b6{ip: 127.0.0.1, host: localhost, ports: [REPLICATION=41263, RATIS=39069, RATIS_ADMIN=39069, RATIS_SERVER=39069, STANDALONE=38989], networkLocation: /default-rack, certSerialId: null, persistedOpState: IN_SERVICE, persistedOpStateExpiryEpochSec: 0}, ReplicationConfig: RATIS/ONE, State:ALLOCATED, leaderId:57ec436a-c908-4fec-986d-5c2664f6b5b6, CreationTimestamp2021-10-04T02:04:47.077Z[Etc/UTC]] moved to OPEN state
2021-10-04 02:04:50,092 [EventQueue-PipelineReportForPipelineReportHandler] INFO  pipeline.PipelineManagerImpl (PipelineManagerImpl.java:openPipeline(282)) - Pipeline Pipeline[ Id: 80d85b7f-9776-471d-a4ba-ee36dae78892, Nodes: 57ec436a-c908-4fec-986d-5c2664f6b5b6{ip: 127.0.0.1, host: localhost, ports: [REPLICATION=41263, RATIS=39069, RATIS_ADMIN=39069, RATIS_SERVER=39069, STANDALONE=38989], networkLocation: /default-rack, certSerialId: null, persistedOpState: IN_SERVICE, persistedOpStateExpiryEpochSec: 0}, ReplicationConfig: RATIS/ONE, State:ALLOCATED, leaderId:57ec436a-c908-4fec-986d-5c2664f6b5b6, CreationTimestamp2021-10-04T02:04:47.077Z[Etc/UTC]] moved to OPEN state
2021-10-04 02:04:50,122 [pool-264-thread-1] INFO  server.RaftServerConfigKeys (ConfUtils.java:logGet(44)) - raft.server.log.segment.cache.num.max = 2 (custom)
2021-10-04 02:04:50,123 [pool-264-thread-1] INFO  server.RaftServerConfigKeys (ConfUtils.java:logGet(44)) - raft.server.log.segment.cache.size.max = 200MB (=209715200) (default)
2021-10-04 02:04:50,123 [pool-264-thread-1] INFO  segmented.SegmentedRaftLogWorker (SegmentedRaftLogWorker.java:<init>(182)) - new 57ec436a-c908-4fec-986d-5c2664f6b5b6@group-EE36DAE78892-SegmentedRaftLogWorker for RaftStorageImpl:Storage Directory /home/runner/work/ozone/ozone/hadoop-ozone/integration-test/target/test-dir/MiniOzoneClusterImpl-aa9d709b-e9e6-4188-94b0-5e66da880090/datanode-0/data/ratis/80d85b7f-9776-471d-a4ba-ee36dae78892
2021-10-04 02:04:50,123 [pool-264-thread-1] INFO  server.RaftServerConfigKeys (ConfUtils.java:logGet(44)) - raft.server.log.queue.byte-limit = 2147483647 (custom)
2021-10-04 02:04:50,123 [pool-264-thread-1] INFO  server.RaftServerConfigKeys (ConfUtils.java:logGet(44)) - raft.server.log.queue.element-limit = 1024 (custom)
2021-10-04 02:04:50,123 [pool-264-thread-1] INFO  server.RaftServerConfigKeys (ConfUtils.java:logGet(44)) - raft.server.log.segment.size.max = 1048576 (custom)
2021-10-04 02:04:50,123 [pool-264-thread-1] INFO  server.RaftServerConfigKeys (ConfUtils.java:logGet(44)) - raft.server.log.preallocated.size = 16384 (custom)
2021-10-04 02:04:50,123 [pool-264-thread-1] INFO  server.RaftServerConfigKeys (ConfUtils.java:logGet(44)) - raft.server.log.force.sync.num = 128 (default)
2021-10-04 02:04:50,123 [pool-264-thread-1] INFO  server.RaftServerConfigKeys (ConfUtils.java:logGet(44)) - raft.server.log.statemachine.data.sync = true (default)
2021-10-04 02:04:50,123 [pool-264-thread-1] INFO  server.RaftServerConfigKeys (ConfUtils.java:logGet(44)) - raft.server.log.statemachine.data.sync.timeout = 10s (default)
2021-10-04 02:04:50,123 [pool-264-thread-1] INFO  server.RaftServerConfigKeys (ConfUtils.java:logGet(44)) - raft.server.log.statemachine.data.sync.timeout.retry = -1 (default)
2021-10-04 02:04:50,124 [pool-264-thread-1] INFO  server.RaftServerConfigKeys (ConfUtils.java:logGet(44)) - raft.server.log.write.buffer.size = 1048576 (custom)
2021-10-04 02:04:50,127 [2dc1c52f-fb9b-4367-bdf1-93ff3bf143d5@group-5E66DA880090-StateMachineUpdater] INFO  safemode.HealthyPipelineSafeModeRule (HealthyPipelineSafeModeRule.java:initializeRule(152)) - Refreshed total pipeline count is 0, healthy pipeline threshold count is 1
2021-10-04 02:04:50,127 [EventQueue-PipelineReportForPipelineReportHandler] INFO  ha.SCMHAInvocationHandler (SCMHAInvocationHandler.java:invokeRatis(113)) - Invoking method public abstract void org.apache.hadoop.hdds.scm.pipeline.PipelineStateManager.updatePipelineState(org.apache.hadoop.hdds.protocol.proto.HddsProtos$PipelineID,org.apache.hadoop.hdds.protocol.proto.HddsProtos$PipelineState) throws java.io.IOException on target org.apache.hadoop.hdds.scm.ha.SCMRatisServerImpl@72dd0597, cost 35384.978us
2021-10-04 02:04:50,133 [EventQueue-OpenPipelineForHealthyPipelineSafeModeRule] INFO  safemode.SCMSafeModeManager (HealthyPipelineSafeModeRule.java:process(124)) - SCM in safe mode. Healthy pipelines reported count is 0, required healthy pipeline reported count is 1
2021-10-04 02:04:50,133 [pool-264-thread-1] INFO  server.RaftServerConfigKeys (ConfUtils.java:logGet(44)) - raft.server.log.statemachine.data.caching.enabled = true (custom)
2021-10-04 02:04:50,134 [pool-264-thread-1] INFO  segmented.SegmentedRaftLogWorker (SegmentedRaftLogWorker.java:lambda$new$0(133)) - 57ec436a-c908-4fec-986d-5c2664f6b5b6@group-EE36DAE78892-SegmentedRaftLogWorker: flushIndex: setUnconditionally 0 -> -1
2021-10-04 02:04:50,134 [pool-264-thread-1] INFO  segmented.SegmentedRaftLogWorker (SegmentedRaftLogWorker.java:lambda$new$0(133)) - 57ec436a-c908-4fec-986d-5c2664f6b5b6@group-EE36DAE78892-SegmentedRaftLogWorker: safeCacheEvictIndex: setUnconditionally 0 -> -1
2021-10-04 02:04:50,149 [pool-264-thread-1] INFO  server.RaftServerConfigKeys (ConfUtils.java:logGet(44)) - raft.server.snapshot.auto.trigger.enabled = true (custom)
2021-10-04 02:04:50,149 [pool-264-thread-1] INFO  server.RaftServerConfigKeys (ConfUtils.java:logGet(44)) - raft.server.snapshot.auto.trigger.threshold = 10000 (custom)
2021-10-04 02:04:50,149 [pool-264-thread-1] INFO  server.RaftServerConfigKeys (ConfUtils.java:logGet(44)) - raft.server.snapshot.retention.file.num = 5 (custom)
2021-10-04 02:04:50,149 [pool-264-thread-1] INFO  server.RaftServerConfigKeys (ConfUtils.java:logGet(44)) - raft.server.log.purge.upto.snapshot.index = false (default)
2021-10-04 02:04:50,149 [pool-264-thread-1] INFO  server.RaftServerConfigKeys (ConfUtils.java:logGet(44)) - raft.server.retrycache.expirytime = 600000ms (custom)
2021-10-04 02:04:50,149 [pool-264-thread-1] INFO  server.RaftServerConfigKeys (ConfUtils.java:logGet(44)) - raft.server.retrycache.statistics.expirytime = 100μs (default)
2021-10-04 02:04:50,151 [EventQueue-PipelineReportForPipelineReportHandler] INFO  ha.SCMHAInvocationHandler (SCMHAInvocationHandler.java:invokeRatis(113)) - Invoking method public abstract void org.apache.hadoop.hdds.scm.pipeline.PipelineStateManager.updatePipelineState(org.apache.hadoop.hdds.protocol.proto.HddsProtos$PipelineID,org.apache.hadoop.hdds.protocol.proto.HddsProtos$PipelineState) throws java.io.IOException on target org.apache.hadoop.hdds.scm.ha.SCMRatisServerImpl@563734aa, cost 60528.233us
2021-10-04 02:04:50,152 [pool-264-thread-1] INFO  server.RaftServer$Division (RaftServerImpl.java:start(296)) - 57ec436a-c908-4fec-986d-5c2664f6b5b6@group-EE36DAE78892: start as a follower, conf=-1: [57ec436a-c908-4fec-986d-5c2664f6b5b6|rpc:127.0.0.1:39069|priority:1], old=null
2021-10-04 02:04:50,152 [pool-264-thread-1] INFO  server.RaftServer$Division (RaftServerImpl.java:setRole(285)) - 57ec436a-c908-4fec-986d-5c2664f6b5b6@group-EE36DAE78892: changes role from      null to FOLLOWER at term 0 for startAsFollower
2021-10-04 02:04:50,162 [pool-264-thread-1] INFO  impl.RoleInfo (RoleInfo.java:updateAndGet(130)) - 57ec436a-c908-4fec-986d-5c2664f6b5b6: start 57ec436a-c908-4fec-986d-5c2664f6b5b6@group-EE36DAE78892-FollowerState
2021-10-04 02:04:50,163 [d10ebfff-67c6-465e-b891-a6f4e9e1af69@group-5E66DA880090-StateMachineUpdater] INFO  safemode.HealthyPipelineSafeModeRule (HealthyPipelineSafeModeRule.java:initializeRule(152)) - Refreshed total pipeline count is 0, healthy pipeline threshold count is 1
2021-10-04 02:04:50,166 [pool-264-thread-1] INFO  util.JmxRegister (JmxRegister.java:tryRegister(44)) - Successfully registered JMX Bean with object name Ratis:service=RaftServer,group=group-EE36DAE78892,id=57ec436a-c908-4fec-986d-5c2664f6b5b6
2021-10-04 02:04:50,170 [Command processor thread] INFO  ratis.XceiverServerRatis (XceiverServerRatis.java:addGroup(763)) - Created group PipelineID=80d85b7f-9776-471d-a4ba-ee36dae78892
2021-10-04 02:04:50,170 [Command processor thread] INFO  commandhandler.CreatePipelineCommandHandler (CreatePipelineCommandHandler.java:handle(106)) - Created Pipeline RATIS ONE PipelineID=80d85b7f-9776-471d-a4ba-ee36dae78892.
2021-10-04 02:04:50,170 [Command processor thread] INFO  server.RaftServer (RaftServerProxy.java:addNew(95)) - 57ec436a-c908-4fec-986d-5c2664f6b5b6: addNew group-38CF24579FA4:[ec22a82e-7388-4328-8fb1-7bec7be40386|rpc:127.0.0.1:39209|priority:0, 0db60050-3417-4221-94cf-c6ca2a56f712|rpc:127.0.0.1:44551|priority:1, 57ec436a-c908-4fec-986d-5c2664f6b5b6|rpc:127.0.0.1:39069|priority:0] returns group-38CF24579FA4:java.util.concurrent.CompletableFuture@6592a3c5[Not completed]
2021-10-04 02:04:50,171 [pool-264-thread-1] INFO  server.RaftServer$Division (RaftServerImpl.java:<init>(181)) - 57ec436a-c908-4fec-986d-5c2664f6b5b6: new RaftServerImpl for group-38CF24579FA4:[ec22a82e-7388-4328-8fb1-7bec7be40386|rpc:127.0.0.1:39209|priority:0, 0db60050-3417-4221-94cf-c6ca2a56f712|rpc:127.0.0.1:44551|priority:1, 57ec436a-c908-4fec-986d-5c2664f6b5b6|rpc:127.0.0.1:39069|priority:0] with ContainerStateMachine:uninitialized
2021-10-04 02:04:50,171 [pool-264-thread-1] INFO  server.RaftServerConfigKeys (ConfUtils.java:logGet(44)) - raft.server.rpc.timeout.min = 5s (custom)
2021-10-04 02:04:50,172 [pool-264-thread-1] INFO  server.RaftServerConfigKeys (ConfUtils.java:logGet(44)) - raft.server.rpc.timeout.max = 5200ms (custom)
2021-10-04 02:04:50,172 [pool-264-thread-1] INFO  server.RaftServerConfigKeys (ConfUtils.java:logGet(44)) - raft.server.rpc.sleep.time = 25ms (default)
2021-10-04 02:04:50,172 [pool-264-thread-1] INFO  server.RaftServerConfigKeys (ConfUtils.java:logGet(44)) - raft.server.rpc.slowness.timeout = 300s (custom)
2021-10-04 02:04:50,172 [pool-264-thread-1] INFO  server.RaftServerConfigKeys (ConfUtils.java:logGet(44)) - raft.server.leaderelection.leader.step-down.wait-time = 10s (default)
2021-10-04 02:04:50,172 [pool-264-thread-1] INFO  server.RaftServerConfigKeys (ConfUtils.java:logGet(44)) - raft.server.sleep.deviation.threshold = 300ms (default)
2021-10-04 02:04:50,172 [pool-264-thread-1] INFO  server.RaftServerConfigKeys (ConfUtils.java:logGet(44)) - raft.server.log.appender.install.snapshot.enabled = false (custom)
2021-10-04 02:04:50,172 [pool-264-thread-1] INFO  server.RaftServer$Division (ServerState.java:<init>(105)) - 57ec436a-c908-4fec-986d-5c2664f6b5b6@group-38CF24579FA4: ConfigurationManager, init=-1: [ec22a82e-7388-4328-8fb1-7bec7be40386|rpc:127.0.0.1:39209|priority:0, 0db60050-3417-4221-94cf-c6ca2a56f712|rpc:127.0.0.1:44551|priority:1, 57ec436a-c908-4fec-986d-5c2664f6b5b6|rpc:127.0.0.1:39069|priority:0], old=null, confs=<EMPTY_MAP>
2021-10-04 02:04:50,172 [pool-264-thread-1] INFO  server.RaftServerConfigKeys (ConfUtils.java:logGet(44)) - raft.server.storage.dir = [/home/runner/work/ozone/ozone/hadoop-ozone/integration-test/target/test-dir/MiniOzoneClusterImpl-aa9d709b-e9e6-4188-94b0-5e66da880090/datanode-0/data/ratis] (custom)
2021-10-04 02:04:50,172 [pool-264-thread-1] INFO  server.RaftServerConfigKeys (ConfUtils.java:logGet(44)) - raft.server.log.corruption.policy = EXCEPTION (default)
2021-10-04 02:04:50,172 [pool-264-thread-1] INFO  server.RaftServerConfigKeys (ConfUtils.java:logGet(44)) - raft.server.storage.free-space.min = 0MB (=0) (default)
2021-10-04 02:04:50,172 [pool-264-thread-1] INFO  storage.RaftStorageDirectory (RaftStorageDirectoryImpl.java:analyzeStorage(135)) - The storage directory /home/runner/work/ozone/ozone/hadoop-ozone/integration-test/target/test-dir/MiniOzoneClusterImpl-aa9d709b-e9e6-4188-94b0-5e66da880090/datanode-0/data/ratis/5bbf6d9c-bff9-4fc2-9f93-38cf24579fa4 does not exist. Creating ...
2021-10-04 02:04:50,174 [pool-264-thread-1] INFO  storage.RaftStorageDirectory (RaftStorageDirectoryImpl.java:tryLock(230)) - Lock on /home/runner/work/ozone/ozone/hadoop-ozone/integration-test/target/test-dir/MiniOzoneClusterImpl-aa9d709b-e9e6-4188-94b0-5e66da880090/datanode-0/data/ratis/5bbf6d9c-bff9-4fc2-9f93-38cf24579fa4/in_use.lock acquired by nodename 17819@fv-az396-153
2021-10-04 02:04:50,177 [pool-264-thread-1] INFO  storage.RaftStorage (RaftStorageImpl.java:format(89)) - Storage directory /home/runner/work/ozone/ozone/hadoop-ozone/integration-test/target/test-dir/MiniOzoneClusterImpl-aa9d709b-e9e6-4188-94b0-5e66da880090/datanode-0/data/ratis/5bbf6d9c-bff9-4fc2-9f93-38cf24579fa4 has been successfully formatted.
2021-10-04 02:04:50,177 [pool-264-thread-1] INFO  ratis.ContainerStateMachine (ContainerStateMachine.java:loadSnapshot(224)) - group-38CF24579FA4: The snapshot info is null. Setting the last applied indexto:(t:0, i:~)
2021-10-04 02:04:50,177 [pool-264-thread-1] INFO  server.RaftServerConfigKeys (ConfUtils.java:logGet(44)) - raft.server.notification.no-leader.timeout = 300s (custom)
2021-10-04 02:04:50,177 [pool-264-thread-1] INFO  server.RaftServerConfigKeys (ConfUtils.java:logGet(44)) - raft.server.log.use.memory = false (default)
2021-10-04 02:04:50,178 [pool-264-thread-1] INFO  server.RaftServerConfigKeys (ConfUtils.java:logGet(44)) - raft.server.log.purge.gap = 1000000 (custom)
2021-10-04 02:04:50,178 [pool-264-thread-1] INFO  server.RaftServerConfigKeys (ConfUtils.java:logGet(44)) - raft.server.log.appender.buffer.byte-limit = 33554432 (custom)
2021-10-04 02:04:50,178 [pool-264-thread-1] INFO  server.RaftServerConfigKeys (ConfUtils.java:logGet(44)) - raft.server.log.segment.size.max = 1048576 (custom)
2021-10-04 02:04:50,178 [pool-264-thread-1] INFO  server.RaftServerConfigKeys (ConfUtils.java:logGet(44)) - raft.server.log.segment.cache.num.max = 2 (custom)
2021-10-04 02:04:50,178 [pool-264-thread-1] INFO  server.RaftServerConfigKeys (ConfUtils.java:logGet(44)) - raft.server.log.segment.cache.size.max = 200MB (=209715200) (default)
2021-10-04 02:04:50,178 [pool-264-thread-1] INFO  segmented.SegmentedRaftLogWorker (SegmentedRaftLogWorker.java:<init>(182)) - new 57ec436a-c908-4fec-986d-5c2664f6b5b6@group-38CF24579FA4-SegmentedRaftLogWorker for RaftStorageImpl:Storage Directory /home/runner/work/ozone/ozone/hadoop-ozone/integration-test/target/test-dir/MiniOzoneClusterImpl-aa9d709b-e9e6-4188-94b0-5e66da880090/datanode-0/data/ratis/5bbf6d9c-bff9-4fc2-9f93-38cf24579fa4
2021-10-04 02:04:50,179 [pool-264-thread-1] INFO  server.RaftServerConfigKeys (ConfUtils.java:logGet(44)) - raft.server.log.queue.byte-limit = 2147483647 (custom)
2021-10-04 02:04:50,179 [pool-264-thread-1] INFO  server.RaftServerConfigKeys (ConfUtils.java:logGet(44)) - raft.server.log.queue.element-limit = 1024 (custom)
2021-10-04 02:04:50,179 [pool-264-thread-1] INFO  server.RaftServerConfigKeys (ConfUtils.java:logGet(44)) - raft.server.log.segment.size.max = 1048576 (custom)
2021-10-04 02:04:50,179 [pool-264-thread-1] INFO  server.RaftServerConfigKeys (ConfUtils.java:logGet(44)) - raft.server.log.preallocated.size = 16384 (custom)
2021-10-04 02:04:50,179 [pool-264-thread-1] INFO  server.RaftServerConfigKeys (ConfUtils.java:logGet(44)) - raft.server.log.force.sync.num = 128 (default)
2021-10-04 02:04:50,179 [pool-264-thread-1] INFO  server.RaftServerConfigKeys (ConfUtils.java:logGet(44)) - raft.server.log.statemachine.data.sync = true (default)
2021-10-04 02:04:50,179 [pool-264-thread-1] INFO  server.RaftServerConfigKeys (ConfUtils.java:logGet(44)) - raft.server.log.statemachine.data.sync.timeout = 10s (default)
2021-10-04 02:04:50,179 [pool-264-thread-1] INFO  server.RaftServerConfigKeys (ConfUtils.java:logGet(44)) - raft.server.log.statemachine.data.sync.timeout.retry = -1 (default)
2021-10-04 02:04:50,180 [pool-264-thread-1] INFO  server.RaftServerConfigKeys (ConfUtils.java:logGet(44)) - raft.server.log.write.buffer.size = 1048576 (custom)
2021-10-04 02:04:50,181 [pool-264-thread-1] INFO  server.RaftServerConfigKeys (ConfUtils.java:logGet(44)) - raft.server.log.statemachine.data.caching.enabled = true (custom)
2021-10-04 02:04:50,181 [pool-264-thread-1] INFO  segmented.SegmentedRaftLogWorker (SegmentedRaftLogWorker.java:lambda$new$0(133)) - 57ec436a-c908-4fec-986d-5c2664f6b5b6@group-38CF24579FA4-SegmentedRaftLogWorker: flushIndex: setUnconditionally 0 -> -1
2021-10-04 02:04:50,181 [pool-264-thread-1] INFO  segmented.SegmentedRaftLogWorker (SegmentedRaftLogWorker.java:lambda$new$0(133)) - 57ec436a-c908-4fec-986d-5c2664f6b5b6@group-38CF24579FA4-SegmentedRaftLogWorker: safeCacheEvictIndex: setUnconditionally 0 -> -1
2021-10-04 02:04:50,199 [pool-264-thread-1] INFO  server.RaftServerConfigKeys (ConfUtils.java:logGet(44)) - raft.server.snapshot.auto.trigger.enabled = true (custom)
2021-10-04 02:04:50,199 [pool-264-thread-1] INFO  server.RaftServerConfigKeys (ConfUtils.java:logGet(44)) - raft.server.snapshot.auto.trigger.threshold = 10000 (custom)
2021-10-04 02:04:50,199 [pool-264-thread-1] INFO  server.RaftServerConfigKeys (ConfUtils.java:logGet(44)) - raft.server.snapshot.retention.file.num = 5 (custom)
2021-10-04 02:04:50,200 [pool-264-thread-1] INFO  server.RaftServerConfigKeys (ConfUtils.java:logGet(44)) - raft.server.log.purge.upto.snapshot.index = false (default)
2021-10-04 02:04:50,200 [pool-264-thread-1] INFO  server.RaftServerConfigKeys (ConfUtils.java:logGet(44)) - raft.server.retrycache.expirytime = 600000ms (custom)
2021-10-04 02:04:50,200 [pool-264-thread-1] INFO  server.RaftServerConfigKeys (ConfUtils.java:logGet(44)) - raft.server.retrycache.statistics.expirytime = 100μs (default)
2021-10-04 02:04:50,201 [pool-264-thread-1] INFO  server.RaftServer$Division (RaftServerImpl.java:start(296)) - 57ec436a-c908-4fec-986d-5c2664f6b5b6@group-38CF24579FA4: start as a follower, conf=-1: [ec22a82e-7388-4328-8fb1-7bec7be40386|rpc:127.0.0.1:39209|priority:0, 0db60050-3417-4221-94cf-c6ca2a56f712|rpc:127.0.0.1:44551|priority:1, 57ec436a-c908-4fec-986d-5c2664f6b5b6|rpc:127.0.0.1:39069|priority:0], old=null
2021-10-04 02:04:50,201 [pool-264-thread-1] INFO  server.RaftServer$Division (RaftServerImpl.java:setRole(285)) - 57ec436a-c908-4fec-986d-5c2664f6b5b6@group-38CF24579FA4: changes role from      null to FOLLOWER at term 0 for startAsFollower
2021-10-04 02:04:50,201 [pool-264-thread-1] INFO  impl.RoleInfo (RoleInfo.java:updateAndGet(130)) - 57ec436a-c908-4fec-986d-5c2664f6b5b6: start 57ec436a-c908-4fec-986d-5c2664f6b5b6@group-38CF24579FA4-FollowerState
2021-10-04 02:04:50,203 [pool-264-thread-1] INFO  util.JmxRegister (JmxRegister.java:tryRegister(44)) - Successfully registered JMX Bean with object name Ratis:service=RaftServer,group=group-38CF24579FA4,id=57ec436a-c908-4fec-986d-5c2664f6b5b6
2021-10-04 02:04:50,208 [EventQueue-OpenPipelineForHealthyPipelineSafeModeRule] INFO  safemode.SCMSafeModeManager (HealthyPipelineSafeModeRule.java:process(124)) - SCM in safe mode. Healthy pipelines reported count is 0, required healthy pipeline reported count is 1
2021-10-04 02:04:50,214 [EventQueue-OpenPipelineForHealthyPipelineSafeModeRule] INFO  safemode.SCMSafeModeManager (HealthyPipelineSafeModeRule.java:process(124)) - SCM in safe mode. Healthy pipelines reported count is 0, required healthy pipeline reported count is 1
2021-10-04 02:04:50,215 [Command processor thread] INFO  ratis.XceiverServerRatis (XceiverServerRatis.java:addGroup(763)) - Created group PipelineID=5bbf6d9c-bff9-4fc2-9f93-38cf24579fa4
2021-10-04 02:04:50,234 [grpc-default-executor-1] INFO  server.RaftServer (RaftServerProxy.java:addNew(95)) - 0db60050-3417-4221-94cf-c6ca2a56f712: addNew group-38CF24579FA4:[ec22a82e-7388-4328-8fb1-7bec7be40386|rpc:127.0.0.1:39209|dataStream:|priority:0, 0db60050-3417-4221-94cf-c6ca2a56f712|rpc:127.0.0.1:44551|dataStream:|priority:1, 57ec436a-c908-4fec-986d-5c2664f6b5b6|rpc:127.0.0.1:39069|dataStream:|priority:0] returns group-38CF24579FA4:java.util.concurrent.CompletableFuture@19203398[Not completed]
2021-10-04 02:04:50,236 [pool-306-thread-1] INFO  server.RaftServer$Division (RaftServerImpl.java:<init>(181)) - 0db60050-3417-4221-94cf-c6ca2a56f712: new RaftServerImpl for group-38CF24579FA4:[ec22a82e-7388-4328-8fb1-7bec7be40386|rpc:127.0.0.1:39209|dataStream:|priority:0, 0db60050-3417-4221-94cf-c6ca2a56f712|rpc:127.0.0.1:44551|dataStream:|priority:1, 57ec436a-c908-4fec-986d-5c2664f6b5b6|rpc:127.0.0.1:39069|dataStream:|priority:0] with ContainerStateMachine:uninitialized
2021-10-04 02:04:50,242 [pool-306-thread-1] INFO  server.RaftServerConfigKeys (ConfUtils.java:logGet(44)) - raft.server.rpc.timeout.min = 5s (custom)
2021-10-04 02:04:50,242 [pool-306-thread-1] INFO  server.RaftServerConfigKeys (ConfUtils.java:logGet(44)) - raft.server.rpc.timeout.max = 5200ms (custom)
2021-10-04 02:04:50,242 [pool-306-thread-1] INFO  server.RaftServerConfigKeys (ConfUtils.java:logGet(44)) - raft.server.rpc.sleep.time = 25ms (default)
2021-10-04 02:04:50,242 [pool-306-thread-1] INFO  server.RaftServerConfigKeys (ConfUtils.java:logGet(44)) - raft.server.rpc.slowness.timeout = 300s (custom)
2021-10-04 02:04:50,242 [pool-306-thread-1] INFO  server.RaftServerConfigKeys (ConfUtils.java:logGet(44)) - raft.server.leaderelection.leader.step-down.wait-time = 10s (default)
2021-10-04 02:04:50,243 [pool-306-thread-1] INFO  server.RaftServerConfigKeys (ConfUtils.java:logGet(44)) - raft.server.sleep.deviation.threshold = 300ms (default)
2021-10-04 02:04:50,243 [pool-306-thread-1] INFO  server.RaftServerConfigKeys (ConfUtils.java:logGet(44)) - raft.server.log.appender.install.snapshot.enabled = false (custom)
2021-10-04 02:04:50,243 [pool-306-thread-1] INFO  server.RaftServer$Division (ServerState.java:<init>(105)) - 0db60050-3417-4221-94cf-c6ca2a56f712@group-38CF24579FA4: ConfigurationManager, init=-1: [ec22a82e-7388-4328-8fb1-7bec7be40386|rpc:127.0.0.1:39209|dataStream:|priority:0, 0db60050-3417-4221-94cf-c6ca2a56f712|rpc:127.0.0.1:44551|dataStream:|priority:1, 57ec436a-c908-4fec-986d-5c2664f6b5b6|rpc:127.0.0.1:39069|dataStream:|priority:0], old=null, confs=<EMPTY_MAP>
2021-10-04 02:04:50,243 [pool-306-thread-1] INFO  server.RaftServerConfigKeys (ConfUtils.java:logGet(44)) - raft.server.storage.dir = [/home/runner/work/ozone/ozone/hadoop-ozone/integration-test/target/test-dir/MiniOzoneClusterImpl-aa9d709b-e9e6-4188-94b0-5e66da880090/datanode-2/data/ratis] (custom)
2021-10-04 02:04:50,243 [pool-306-thread-1] INFO  server.RaftServerConfigKeys (ConfUtils.java:logGet(44)) - raft.server.log.corruption.policy = EXCEPTION (default)
2021-10-04 02:04:50,243 [pool-306-thread-1] INFO  server.RaftServerConfigKeys (ConfUtils.java:logGet(44)) - raft.server.storage.free-space.min = 0MB (=0) (default)
2021-10-04 02:04:50,243 [pool-306-thread-1] INFO  storage.RaftStorageDirectory (RaftStorageDirectoryImpl.java:analyzeStorage(135)) - The storage directory /home/runner/work/ozone/ozone/hadoop-ozone/integration-test/target/test-dir/MiniOzoneClusterImpl-aa9d709b-e9e6-4188-94b0-5e66da880090/datanode-2/data/ratis/5bbf6d9c-bff9-4fc2-9f93-38cf24579fa4 does not exist. Creating ...
2021-10-04 02:04:50,246 [pool-306-thread-1] INFO  storage.RaftStorageDirectory (RaftStorageDirectoryImpl.java:tryLock(230)) - Lock on /home/runner/work/ozone/ozone/hadoop-ozone/integration-test/target/test-dir/MiniOzoneClusterImpl-aa9d709b-e9e6-4188-94b0-5e66da880090/datanode-2/data/ratis/5bbf6d9c-bff9-4fc2-9f93-38cf24579fa4/in_use.lock acquired by nodename 17819@fv-az396-153
2021-10-04 02:04:50,250 [pool-306-thread-1] INFO  storage.RaftStorage (RaftStorageImpl.java:format(89)) - Storage directory /home/runner/work/ozone/ozone/hadoop-ozone/integration-test/target/test-dir/MiniOzoneClusterImpl-aa9d709b-e9e6-4188-94b0-5e66da880090/datanode-2/data/ratis/5bbf6d9c-bff9-4fc2-9f93-38cf24579fa4 has been successfully formatted.
2021-10-04 02:04:50,252 [pool-306-thread-1] INFO  ratis.ContainerStateMachine (ContainerStateMachine.java:loadSnapshot(224)) - group-38CF24579FA4: The snapshot info is null. Setting the last applied indexto:(t:0, i:~)
2021-10-04 02:04:50,252 [pool-306-thread-1] INFO  server.RaftServerConfigKeys (ConfUtils.java:logGet(44)) - raft.server.notification.no-leader.timeout = 300s (custom)
2021-10-04 02:04:50,253 [pool-306-thread-1] INFO  server.RaftServerConfigKeys (ConfUtils.java:logGet(44)) - raft.server.log.use.memory = false (default)
2021-10-04 02:04:50,253 [pool-306-thread-1] INFO  server.RaftServerConfigKeys (ConfUtils.java:logGet(44)) - raft.server.log.purge.gap = 1000000 (custom)
2021-10-04 02:04:50,253 [pool-306-thread-1] INFO  server.RaftServerConfigKeys (ConfUtils.java:logGet(44)) - raft.server.log.appender.buffer.byte-limit = 33554432 (custom)
2021-10-04 02:04:50,253 [pool-306-thread-1] INFO  server.RaftServerConfigKeys (ConfUtils.java:logGet(44)) - raft.server.log.segment.size.max = 1048576 (custom)
2021-10-04 02:04:50,254 [pool-306-thread-1] INFO  server.RaftServerConfigKeys (ConfUtils.java:logGet(44)) - raft.server.log.segment.cache.num.max = 2 (custom)
2021-10-04 02:04:50,254 [pool-306-thread-1] INFO  server.RaftServerConfigKeys (ConfUtils.java:logGet(44)) - raft.server.log.segment.cache.size.max = 200MB (=209715200) (default)
2021-10-04 02:04:50,254 [pool-306-thread-1] INFO  segmented.SegmentedRaftLogWorker (SegmentedRaftLogWorker.java:<init>(182)) - new 0db60050-3417-4221-94cf-c6ca2a56f712@group-38CF24579FA4-SegmentedRaftLogWorker for RaftStorageImpl:Storage Directory /home/runner/work/ozone/ozone/hadoop-ozone/integration-test/target/test-dir/MiniOzoneClusterImpl-aa9d709b-e9e6-4188-94b0-5e66da880090/datanode-2/data/ratis/5bbf6d9c-bff9-4fc2-9f93-38cf24579fa4
2021-10-04 02:04:50,254 [pool-306-thread-1] INFO  server.RaftServerConfigKeys (ConfUtils.java:logGet(44)) - raft.server.log.queue.byte-limit = 2147483647 (custom)
2021-10-04 02:04:50,254 [pool-306-thread-1] INFO  server.RaftServerConfigKeys (ConfUtils.java:logGet(44)) - raft.server.log.queue.element-limit = 1024 (custom)
2021-10-04 02:04:50,254 [pool-306-thread-1] INFO  server.RaftServerConfigKeys (ConfUtils.java:logGet(44)) - raft.server.log.segment.size.max = 1048576 (custom)
2021-10-04 02:04:50,255 [pool-306-thread-1] INFO  server.RaftServerConfigKeys (ConfUtils.java:logGet(44)) - raft.server.log.preallocated.size = 16384 (custom)
2021-10-04 02:04:50,255 [pool-306-thread-1] INFO  server.RaftServerConfigKeys (ConfUtils.java:logGet(44)) - raft.server.log.force.sync.num = 128 (default)
2021-10-04 02:04:50,255 [pool-306-thread-1] INFO  server.RaftServerConfigKeys (ConfUtils.java:logGet(44)) - raft.server.log.statemachine.data.sync = true (default)
2021-10-04 02:04:50,255 [pool-306-thread-1] INFO  server.RaftServerConfigKeys (ConfUtils.java:logGet(44)) - raft.server.log.statemachine.data.sync.timeout = 10s (default)
2021-10-04 02:04:50,255 [pool-306-thread-1] INFO  server.RaftServerConfigKeys (ConfUtils.java:logGet(44)) - raft.server.log.statemachine.data.sync.timeout.retry = -1 (default)
2021-10-04 02:04:50,262 [pool-306-thread-1] INFO  server.RaftServerConfigKeys (ConfUtils.java:logGet(44)) - raft.server.log.write.buffer.size = 1048576 (custom)
2021-10-04 02:04:50,263 [pool-306-thread-1] INFO  server.RaftServerConfigKeys (ConfUtils.java:logGet(44)) - raft.server.log.statemachine.data.caching.enabled = true (custom)
2021-10-04 02:04:50,263 [pool-306-thread-1] INFO  segmented.SegmentedRaftLogWorker (SegmentedRaftLogWorker.java:lambda$new$0(133)) - 0db60050-3417-4221-94cf-c6ca2a56f712@group-38CF24579FA4-SegmentedRaftLogWorker: flushIndex: setUnconditionally 0 -> -1
2021-10-04 02:04:50,263 [pool-306-thread-1] INFO  segmented.SegmentedRaftLogWorker (SegmentedRaftLogWorker.java:lambda$new$0(133)) - 0db60050-3417-4221-94cf-c6ca2a56f712@group-38CF24579FA4-SegmentedRaftLogWorker: safeCacheEvictIndex: setUnconditionally 0 -> -1
2021-10-04 02:04:50,266 [pool-306-thread-1] INFO  server.RaftServerConfigKeys (ConfUtils.java:logGet(44)) - raft.server.snapshot.auto.trigger.enabled = true (custom)
2021-10-04 02:04:50,266 [pool-306-thread-1] INFO  server.RaftServerConfigKeys (ConfUtils.java:logGet(44)) - raft.server.snapshot.auto.trigger.threshold = 10000 (custom)
2021-10-04 02:04:50,266 [pool-306-thread-1] INFO  server.RaftServerConfigKeys (ConfUtils.java:logGet(44)) - raft.server.snapshot.retention.file.num = 5 (custom)
2021-10-04 02:04:50,267 [pool-306-thread-1] INFO  server.RaftServerConfigKeys (ConfUtils.java:logGet(44)) - raft.server.log.purge.upto.snapshot.index = false (default)
2021-10-04 02:04:50,267 [pool-306-thread-1] INFO  server.RaftServerConfigKeys (ConfUtils.java:logGet(44)) - raft.server.retrycache.expirytime = 600000ms (custom)
2021-10-04 02:04:50,267 [pool-306-thread-1] INFO  server.RaftServerConfigKeys (ConfUtils.java:logGet(44)) - raft.server.retrycache.statistics.expirytime = 100μs (default)
2021-10-04 02:04:50,268 [pool-306-thread-1] INFO  server.RaftServer$Division (RaftServerImpl.java:start(296)) - 0db60050-3417-4221-94cf-c6ca2a56f712@group-38CF24579FA4: start as a follower, conf=-1: [ec22a82e-7388-4328-8fb1-7bec7be40386|rpc:127.0.0.1:39209|dataStream:|priority:0, 0db60050-3417-4221-94cf-c6ca2a56f712|rpc:127.0.0.1:44551|dataStream:|priority:1, 57ec436a-c908-4fec-986d-5c2664f6b5b6|rpc:127.0.0.1:39069|dataStream:|priority:0], old=null
2021-10-04 02:04:50,268 [pool-306-thread-1] INFO  server.RaftServer$Division (RaftServerImpl.java:setRole(285)) - 0db60050-3417-4221-94cf-c6ca2a56f712@group-38CF24579FA4: changes role from      null to FOLLOWER at term 0 for startAsFollower
2021-10-04 02:04:50,268 [pool-306-thread-1] INFO  impl.RoleInfo (RoleInfo.java:updateAndGet(130)) - 0db60050-3417-4221-94cf-c6ca2a56f712: start 0db60050-3417-4221-94cf-c6ca2a56f712@group-38CF24579FA4-FollowerState
2021-10-04 02:04:50,282 [pool-306-thread-1] INFO  util.JmxRegister (JmxRegister.java:tryRegister(44)) - Successfully registered JMX Bean with object name Ratis:service=RaftServer,group=group-38CF24579FA4,id=0db60050-3417-4221-94cf-c6ca2a56f712
2021-10-04 02:04:50,338 [grpc-default-executor-1] INFO  server.RaftServer (RaftServerProxy.java:addNew(95)) - ec22a82e-7388-4328-8fb1-7bec7be40386: addNew group-38CF24579FA4:[ec22a82e-7388-4328-8fb1-7bec7be40386|rpc:127.0.0.1:39209|dataStream:|priority:0, 0db60050-3417-4221-94cf-c6ca2a56f712|rpc:127.0.0.1:44551|dataStream:|priority:1, 57ec436a-c908-4fec-986d-5c2664f6b5b6|rpc:127.0.0.1:39069|dataStream:|priority:0] returns group-38CF24579FA4:java.util.concurrent.CompletableFuture@79126009[Not completed]
2021-10-04 02:04:50,339 [pool-285-thread-1] INFO  server.RaftServer$Division (RaftServerImpl.java:<init>(181)) - ec22a82e-7388-4328-8fb1-7bec7be40386: new RaftServerImpl for group-38CF24579FA4:[ec22a82e-7388-4328-8fb1-7bec7be40386|rpc:127.0.0.1:39209|dataStream:|priority:0, 0db60050-3417-4221-94cf-c6ca2a56f712|rpc:127.0.0.1:44551|dataStream:|priority:1, 57ec436a-c908-4fec-986d-5c2664f6b5b6|rpc:127.0.0.1:39069|dataStream:|priority:0] with ContainerStateMachine:uninitialized
2021-10-04 02:04:50,342 [pool-285-thread-1] INFO  server.RaftServerConfigKeys (ConfUtils.java:logGet(44)) - raft.server.rpc.timeout.min = 5s (custom)
2021-10-04 02:04:50,343 [pool-285-thread-1] INFO  server.RaftServerConfigKeys (ConfUtils.java:logGet(44)) - raft.server.rpc.timeout.max = 5200ms (custom)
2021-10-04 02:04:50,343 [pool-285-thread-1] INFO  server.RaftServerConfigKeys (ConfUtils.java:logGet(44)) - raft.server.rpc.sleep.time = 25ms (default)
2021-10-04 02:04:50,343 [Command processor thread] INFO  server.RaftServer (RaftServerProxy.java:addNew(95)) - ec22a82e-7388-4328-8fb1-7bec7be40386: addNew group-7483B4436330:[ec22a82e-7388-4328-8fb1-7bec7be40386|rpc:127.0.0.1:39209|priority:1] returns group-7483B4436330:java.util.concurrent.CompletableFuture@5abbfb10[Not completed]
2021-10-04 02:04:50,343 [pool-285-thread-1] INFO  server.RaftServerConfigKeys (ConfUtils.java:logGet(44)) - raft.server.rpc.slowness.timeout = 300s (custom)
2021-10-04 02:04:50,343 [Datanode State Machine Thread - 0] ERROR datanode.RunningDatanodeState (RunningDatanodeState.java:computeNextContainerState(199)) - Error in executing end point task.
java.util.concurrent.ExecutionException: java.util.concurrent.TimeoutException
	at java.util.concurrent.FutureTask.report(FutureTask.java:122)
	at java.util.concurrent.FutureTask.get(FutureTask.java:192)
	at org.apache.hadoop.ozone.container.common.states.datanode.RunningDatanodeState.computeNextContainerState(RunningDatanodeState.java:191)
	at org.apache.hadoop.ozone.container.common.states.datanode.RunningDatanodeState.await(RunningDatanodeState.java:231)
	at org.apache.hadoop.ozone.container.common.states.datanode.RunningDatanodeState.await(RunningDatanodeState.java:50)
	at org.apache.hadoop.ozone.container.common.statemachine.StateContext.execute(StateContext.java:629)
	at org.apache.hadoop.ozone.container.common.statemachine.DatanodeStateMachine.start(DatanodeStateMachine.java:270)
	at org.apache.hadoop.ozone.container.common.statemachine.DatanodeStateMachine.lambda$startDaemon$0(DatanodeStateMachine.java:457)
	at java.lang.Thread.run(Thread.java:748)
Caused by: java.util.concurrent.TimeoutException
	at java.util.concurrent.FutureTask.get(FutureTask.java:205)
	at org.apache.hadoop.ozone.container.common.states.datanode.RunningDatanodeState.lambda$execute$0(RunningDatanodeState.java:149)
	at java.util.concurrent.FutureTask.run(FutureTask.java:266)
	at java.util.concurrent.Executors$RunnableAdapter.call(Executors.java:511)
	at java.util.concurrent.FutureTask.run(FutureTask.java:266)
	at java.util.concurrent.ThreadPoolExecutor.runWorker(ThreadPoolExecutor.java:1149)
	at java.util.concurrent.ThreadPoolExecutor$Worker.run(ThreadPoolExecutor.java:624)
	... 1 more
2021-10-04 02:04:50,343 [pool-285-thread-1] INFO  server.RaftServerConfigKeys (ConfUtils.java:logGet(44)) - raft.server.leaderelection.leader.step-down.wait-time = 10s (default)
2021-10-04 02:04:50,344 [pool-285-thread-1] INFO  server.RaftServerConfigKeys (ConfUtils.java:logGet(44)) - raft.server.sleep.deviation.threshold = 300ms (default)
2021-10-04 02:04:50,346 [pool-285-thread-1] INFO  server.RaftServerConfigKeys (ConfUtils.java:logGet(44)) - raft.server.log.appender.install.snapshot.enabled = false (custom)
2021-10-04 02:04:50,346 [pool-285-thread-1] INFO  server.RaftServer$Division (ServerState.java:<init>(105)) - ec22a82e-7388-4328-8fb1-7bec7be40386@group-38CF24579FA4: ConfigurationManager, init=-1: [ec22a82e-7388-4328-8fb1-7bec7be40386|rpc:127.0.0.1:39209|dataStream:|priority:0, 0db60050-3417-4221-94cf-c6ca2a56f712|rpc:127.0.0.1:44551|dataStream:|priority:1, 57ec436a-c908-4fec-986d-5c2664f6b5b6|rpc:127.0.0.1:39069|dataStream:|priority:0], old=null, confs=<EMPTY_MAP>
2021-10-04 02:04:50,346 [pool-285-thread-1] INFO  server.RaftServerConfigKeys (ConfUtils.java:logGet(44)) - raft.server.storage.dir = [/home/runner/work/ozone/ozone/hadoop-ozone/integration-test/target/test-dir/MiniOzoneClusterImpl-aa9d709b-e9e6-4188-94b0-5e66da880090/datanode-1/data/ratis] (custom)
2021-10-04 02:04:50,346 [pool-285-thread-1] INFO  server.RaftServerConfigKeys (ConfUtils.java:logGet(44)) - raft.server.log.corruption.policy = EXCEPTION (default)
2021-10-04 02:04:50,347 [pool-285-thread-1] INFO  server.RaftServerConfigKeys (ConfUtils.java:logGet(44)) - raft.server.storage.free-space.min = 0MB (=0) (default)
2021-10-04 02:04:50,347 [pool-285-thread-1] INFO  storage.RaftStorageDirectory (RaftStorageDirectoryImpl.java:analyzeStorage(135)) - The storage directory /home/runner/work/ozone/ozone/hadoop-ozone/integration-test/target/test-dir/MiniOzoneClusterImpl-aa9d709b-e9e6-4188-94b0-5e66da880090/datanode-1/data/ratis/5bbf6d9c-bff9-4fc2-9f93-38cf24579fa4 does not exist. Creating ...
2021-10-04 02:04:50,349 [pool-285-thread-1] INFO  storage.RaftStorageDirectory (RaftStorageDirectoryImpl.java:tryLock(230)) - Lock on /home/runner/work/ozone/ozone/hadoop-ozone/integration-test/target/test-dir/MiniOzoneClusterImpl-aa9d709b-e9e6-4188-94b0-5e66da880090/datanode-1/data/ratis/5bbf6d9c-bff9-4fc2-9f93-38cf24579fa4/in_use.lock acquired by nodename 17819@fv-az396-153
2021-10-04 02:04:50,353 [pool-285-thread-1] INFO  storage.RaftStorage (RaftStorageImpl.java:format(89)) - Storage directory /home/runner/work/ozone/ozone/hadoop-ozone/integration-test/target/test-dir/MiniOzoneClusterImpl-aa9d709b-e9e6-4188-94b0-5e66da880090/datanode-1/data/ratis/5bbf6d9c-bff9-4fc2-9f93-38cf24579fa4 has been successfully formatted.
2021-10-04 02:04:50,354 [pool-285-thread-1] INFO  ratis.ContainerStateMachine (ContainerStateMachine.java:loadSnapshot(224)) - group-38CF24579FA4: The snapshot info is null. Setting the last applied indexto:(t:0, i:~)
2021-10-04 02:04:50,354 [pool-285-thread-1] INFO  server.RaftServerConfigKeys (ConfUtils.java:logGet(44)) - raft.server.notification.no-leader.timeout = 300s (custom)
2021-10-04 02:04:50,354 [pool-285-thread-1] INFO  server.RaftServerConfigKeys (ConfUtils.java:logGet(44)) - raft.server.log.use.memory = false (default)
2021-10-04 02:04:50,354 [pool-285-thread-1] INFO  server.RaftServerConfigKeys (ConfUtils.java:logGet(44)) - raft.server.log.purge.gap = 1000000 (custom)
2021-10-04 02:04:50,354 [pool-285-thread-1] INFO  server.RaftServerConfigKeys (ConfUtils.java:logGet(44)) - raft.server.log.appender.buffer.byte-limit = 33554432 (custom)
2021-10-04 02:04:50,355 [pool-285-thread-1] INFO  server.RaftServerConfigKeys (ConfUtils.java:logGet(44)) - raft.server.log.segment.size.max = 1048576 (custom)
2021-10-04 02:04:50,355 [pool-285-thread-1] INFO  server.RaftServerConfigKeys (ConfUtils.java:logGet(44)) - raft.server.log.segment.cache.num.max = 2 (custom)
2021-10-04 02:04:50,355 [pool-285-thread-1] INFO  server.RaftServerConfigKeys (ConfUtils.java:logGet(44)) - raft.server.log.segment.cache.size.max = 200MB (=209715200) (default)
2021-10-04 02:04:50,356 [pool-285-thread-1] INFO  segmented.SegmentedRaftLogWorker (SegmentedRaftLogWorker.java:<init>(182)) - new ec22a82e-7388-4328-8fb1-7bec7be40386@group-38CF24579FA4-SegmentedRaftLogWorker for RaftStorageImpl:Storage Directory /home/runner/work/ozone/ozone/hadoop-ozone/integration-test/target/test-dir/MiniOzoneClusterImpl-aa9d709b-e9e6-4188-94b0-5e66da880090/datanode-1/data/ratis/5bbf6d9c-bff9-4fc2-9f93-38cf24579fa4
2021-10-04 02:04:50,356 [pool-285-thread-1] INFO  server.RaftServerConfigKeys (ConfUtils.java:logGet(44)) - raft.server.log.queue.byte-limit = 2147483647 (custom)
2021-10-04 02:04:50,356 [pool-285-thread-1] INFO  server.RaftServerConfigKeys (ConfUtils.java:logGet(44)) - raft.server.log.queue.element-limit = 1024 (custom)
2021-10-04 02:04:50,356 [pool-285-thread-1] INFO  server.RaftServerConfigKeys (ConfUtils.java:logGet(44)) - raft.server.log.segment.size.max = 1048576 (custom)
2021-10-04 02:04:50,356 [pool-285-thread-1] INFO  server.RaftServerConfigKeys (ConfUtils.java:logGet(44)) - raft.server.log.preallocated.size = 16384 (custom)
2021-10-04 02:04:50,356 [pool-285-thread-1] INFO  server.RaftServerConfigKeys (ConfUtils.java:logGet(44)) - raft.server.log.force.sync.num = 128 (default)
2021-10-04 02:04:50,356 [pool-285-thread-1] INFO  server.RaftServerConfigKeys (ConfUtils.java:logGet(44)) - raft.server.log.statemachine.data.sync = true (default)
2021-10-04 02:04:50,356 [pool-285-thread-1] INFO  server.RaftServerConfigKeys (ConfUtils.java:logGet(44)) - raft.server.log.statemachine.data.sync.timeout = 10s (default)
2021-10-04 02:04:50,357 [pool-285-thread-1] INFO  server.RaftServerConfigKeys (ConfUtils.java:logGet(44)) - raft.server.log.statemachine.data.sync.timeout.retry = -1 (default)
2021-10-04 02:04:50,358 [pool-285-thread-1] INFO  server.RaftServerConfigKeys (ConfUtils.java:logGet(44)) - raft.server.log.write.buffer.size = 1048576 (custom)
2021-10-04 02:04:50,358 [pool-285-thread-1] INFO  server.RaftServerConfigKeys (ConfUtils.java:logGet(44)) - raft.server.log.statemachine.data.caching.enabled = true (custom)
2021-10-04 02:04:50,360 [EventQueue-PipelineReportForPipelineReportHandler] INFO  pipeline.PipelineManagerImpl (PipelineManagerImpl.java:openPipeline(282)) - Pipeline Pipeline[ Id: b8dd9c14-5eaf-4969-9670-7483b4436330, Nodes: ec22a82e-7388-4328-8fb1-7bec7be40386{ip: 127.0.0.1, host: localhost, ports: [REPLICATION=46461, RATIS=39209, RATIS_ADMIN=39209, RATIS_SERVER=39209, STANDALONE=35915], networkLocation: /default-rack, certSerialId: null, persistedOpState: IN_SERVICE, persistedOpStateExpiryEpochSec: 0}, ReplicationConfig: RATIS/ONE, State:ALLOCATED, leaderId:ec22a82e-7388-4328-8fb1-7bec7be40386, CreationTimestamp2021-10-04T02:04:47.354Z[Etc/UTC]] moved to OPEN state
2021-10-04 02:04:50,361 [EventQueue-PipelineReportForPipelineReportHandler] INFO  pipeline.PipelineManagerImpl (PipelineManagerImpl.java:openPipeline(282)) - Pipeline Pipeline[ Id: b8dd9c14-5eaf-4969-9670-7483b4436330, Nodes: ec22a82e-7388-4328-8fb1-7bec7be40386{ip: 127.0.0.1, host: localhost, ports: [REPLICATION=46461, RATIS=39209, RATIS_ADMIN=39209, RATIS_SERVER=39209, STANDALONE=35915], networkLocation: /default-rack, certSerialId: null, persistedOpState: IN_SERVICE, persistedOpStateExpiryEpochSec: 0}, ReplicationConfig: RATIS/ONE, State:ALLOCATED, leaderId:ec22a82e-7388-4328-8fb1-7bec7be40386, CreationTimestamp2021-10-04T02:04:47.354Z[Etc/UTC]] moved to OPEN state
2021-10-04 02:04:50,362 [EventQueue-PipelineReportForPipelineReportHandler] INFO  ha.SCMHAInvocationHandler (SCMHAInvocationHandler.java:invokeRatis(113)) - Invoking method public abstract void org.apache.hadoop.hdds.scm.pipeline.PipelineStateManager.updatePipelineState(org.apache.hadoop.hdds.protocol.proto.HddsProtos$PipelineID,org.apache.hadoop.hdds.protocol.proto.HddsProtos$PipelineState) throws java.io.IOException on target org.apache.hadoop.hdds.scm.ha.SCMRatisServerImpl@563734aa, cost 192.5us
2021-10-04 02:04:50,362 [pool-285-thread-1] INFO  segmented.SegmentedRaftLogWorker (SegmentedRaftLogWorker.java:lambda$new$0(133)) - ec22a82e-7388-4328-8fb1-7bec7be40386@group-38CF24579FA4-SegmentedRaftLogWorker: flushIndex: setUnconditionally 0 -> -1
2021-10-04 02:04:50,362 [pool-285-thread-1] INFO  segmented.SegmentedRaftLogWorker (SegmentedRaftLogWorker.java:lambda$new$0(133)) - ec22a82e-7388-4328-8fb1-7bec7be40386@group-38CF24579FA4-SegmentedRaftLogWorker: safeCacheEvictIndex: setUnconditionally 0 -> -1
2021-10-04 02:04:50,377 [2dc1c52f-fb9b-4367-bdf1-93ff3bf143d5@group-5E66DA880090-StateMachineUpdater] INFO  safemode.HealthyPipelineSafeModeRule (HealthyPipelineSafeModeRule.java:initializeRule(152)) - Refreshed total pipeline count is 0, healthy pipeline threshold count is 1
2021-10-04 02:04:50,377 [EventQueue-PipelineReportForPipelineReportHandler] INFO  ha.SCMHAInvocationHandler (SCMHAInvocationHandler.java:invokeRatis(113)) - Invoking method public abstract void org.apache.hadoop.hdds.scm.pipeline.PipelineStateManager.updatePipelineState(org.apache.hadoop.hdds.protocol.proto.HddsProtos$PipelineID,org.apache.hadoop.hdds.protocol.proto.HddsProtos$PipelineState) throws java.io.IOException on target org.apache.hadoop.hdds.scm.ha.SCMRatisServerImpl@72dd0597, cost 16805.237us
2021-10-04 02:04:50,378 [EventQueue-OpenPipelineForHealthyPipelineSafeModeRule] INFO  safemode.SCMSafeModeManager (HealthyPipelineSafeModeRule.java:process(124)) - SCM in safe mode. Healthy pipelines reported count is 0, required healthy pipeline reported count is 1
2021-10-04 02:04:50,382 [pool-285-thread-1] INFO  server.RaftServerConfigKeys (ConfUtils.java:logGet(44)) - raft.server.snapshot.auto.trigger.enabled = true (custom)
2021-10-04 02:04:50,382 [pool-285-thread-1] INFO  server.RaftServerConfigKeys (ConfUtils.java:logGet(44)) - raft.server.snapshot.auto.trigger.threshold = 10000 (custom)
2021-10-04 02:04:50,382 [pool-285-thread-1] INFO  server.RaftServerConfigKeys (ConfUtils.java:logGet(44)) - raft.server.snapshot.retention.file.num = 5 (custom)
2021-10-04 02:04:50,382 [pool-285-thread-1] INFO  server.RaftServerConfigKeys (ConfUtils.java:logGet(44)) - raft.server.log.purge.upto.snapshot.index = false (default)
2021-10-04 02:04:50,382 [pool-285-thread-1] INFO  server.RaftServerConfigKeys (ConfUtils.java:logGet(44)) - raft.server.retrycache.expirytime = 600000ms (custom)
2021-10-04 02:04:50,382 [pool-285-thread-1] INFO  server.RaftServerConfigKeys (ConfUtils.java:logGet(44)) - raft.server.retrycache.statistics.expirytime = 100μs (default)
2021-10-04 02:04:50,384 [pool-285-thread-1] INFO  server.RaftServer$Division (RaftServerImpl.java:<init>(181)) - ec22a82e-7388-4328-8fb1-7bec7be40386: new RaftServerImpl for group-7483B4436330:[ec22a82e-7388-4328-8fb1-7bec7be40386|rpc:127.0.0.1:39209|priority:1] with ContainerStateMachine:uninitialized
2021-10-04 02:04:50,384 [pool-285-thread-1] INFO  server.RaftServerConfigKeys (ConfUtils.java:logGet(44)) - raft.server.rpc.timeout.min = 5s (custom)
2021-10-04 02:04:50,384 [pool-285-thread-1] INFO  server.RaftServerConfigKeys (ConfUtils.java:logGet(44)) - raft.server.rpc.timeout.max = 5200ms (custom)
2021-10-04 02:04:50,384 [pool-285-thread-1] INFO  server.RaftServerConfigKeys (ConfUtils.java:logGet(44)) - raft.server.rpc.sleep.time = 25ms (default)
2021-10-04 02:04:50,385 [pool-285-thread-1] INFO  server.RaftServerConfigKeys (ConfUtils.java:logGet(44)) - raft.server.rpc.slowness.timeout = 300s (custom)
2021-10-04 02:04:50,385 [pool-285-thread-1] INFO  server.RaftServerConfigKeys (ConfUtils.java:logGet(44)) - raft.server.leaderelection.leader.step-down.wait-time = 10s (default)
2021-10-04 02:04:50,385 [pool-285-thread-1] INFO  server.RaftServerConfigKeys (ConfUtils.java:logGet(44)) - raft.server.sleep.deviation.threshold = 300ms (default)
2021-10-04 02:04:50,385 [pool-285-thread-1] INFO  server.RaftServerConfigKeys (ConfUtils.java:logGet(44)) - raft.server.log.appender.install.snapshot.enabled = false (custom)
2021-10-04 02:04:50,385 [pool-285-thread-1] INFO  server.RaftServer$Division (ServerState.java:<init>(105)) - ec22a82e-7388-4328-8fb1-7bec7be40386@group-7483B4436330: ConfigurationManager, init=-1: [ec22a82e-7388-4328-8fb1-7bec7be40386|rpc:127.0.0.1:39209|priority:1], old=null, confs=<EMPTY_MAP>
2021-10-04 02:04:50,385 [pool-285-thread-1] INFO  server.RaftServerConfigKeys (ConfUtils.java:logGet(44)) - raft.server.storage.dir = [/home/runner/work/ozone/ozone/hadoop-ozone/integration-test/target/test-dir/MiniOzoneClusterImpl-aa9d709b-e9e6-4188-94b0-5e66da880090/datanode-1/data/ratis] (custom)
2021-10-04 02:04:50,385 [pool-285-thread-1] INFO  server.RaftServerConfigKeys (ConfUtils.java:logGet(44)) - raft.server.log.corruption.policy = EXCEPTION (default)
2021-10-04 02:04:50,385 [pool-285-thread-1] INFO  server.RaftServerConfigKeys (ConfUtils.java:logGet(44)) - raft.server.storage.free-space.min = 0MB (=0) (default)
2021-10-04 02:04:50,385 [pool-285-thread-1] INFO  storage.RaftStorageDirectory (RaftStorageDirectoryImpl.java:analyzeStorage(135)) - The storage directory /home/runner/work/ozone/ozone/hadoop-ozone/integration-test/target/test-dir/MiniOzoneClusterImpl-aa9d709b-e9e6-4188-94b0-5e66da880090/datanode-1/data/ratis/b8dd9c14-5eaf-4969-9670-7483b4436330 does not exist. Creating ...
2021-10-04 02:04:50,388 [pool-285-thread-1] INFO  storage.RaftStorageDirectory (RaftStorageDirectoryImpl.java:tryLock(230)) - Lock on /home/runner/work/ozone/ozone/hadoop-ozone/integration-test/target/test-dir/MiniOzoneClusterImpl-aa9d709b-e9e6-4188-94b0-5e66da880090/datanode-1/data/ratis/b8dd9c14-5eaf-4969-9670-7483b4436330/in_use.lock acquired by nodename 17819@fv-az396-153
2021-10-04 02:04:50,391 [pool-285-thread-1] INFO  storage.RaftStorage (RaftStorageImpl.java:format(89)) - Storage directory /home/runner/work/ozone/ozone/hadoop-ozone/integration-test/target/test-dir/MiniOzoneClusterImpl-aa9d709b-e9e6-4188-94b0-5e66da880090/datanode-1/data/ratis/b8dd9c14-5eaf-4969-9670-7483b4436330 has been successfully formatted.
2021-10-04 02:04:50,403 [pool-285-thread-1] INFO  ratis.ContainerStateMachine (ContainerStateMachine.java:loadSnapshot(224)) - group-7483B4436330: The snapshot info is null. Setting the last applied indexto:(t:0, i:~)
2021-10-04 02:04:50,403 [pool-285-thread-1] INFO  server.RaftServerConfigKeys (ConfUtils.java:logGet(44)) - raft.server.notification.no-leader.timeout = 300s (custom)
2021-10-04 02:04:50,403 [pool-285-thread-1] INFO  server.RaftServerConfigKeys (ConfUtils.java:logGet(44)) - raft.server.log.use.memory = false (default)
2021-10-04 02:04:50,404 [pool-285-thread-1] INFO  server.RaftServerConfigKeys (ConfUtils.java:logGet(44)) - raft.server.log.purge.gap = 1000000 (custom)
2021-10-04 02:04:50,404 [pool-285-thread-1] INFO  server.RaftServerConfigKeys (ConfUtils.java:logGet(44)) - raft.server.log.appender.buffer.byte-limit = 33554432 (custom)
2021-10-04 02:04:50,404 [pool-285-thread-1] INFO  server.RaftServerConfigKeys (ConfUtils.java:logGet(44)) - raft.server.log.segment.size.max = 1048576 (custom)
2021-10-04 02:04:50,404 [pool-285-thread-1] INFO  server.RaftServerConfigKeys (ConfUtils.java:logGet(44)) - raft.server.log.segment.cache.num.max = 2 (custom)
2021-10-04 02:04:50,404 [pool-285-thread-1] INFO  server.RaftServerConfigKeys (ConfUtils.java:logGet(44)) - raft.server.log.segment.cache.size.max = 200MB (=209715200) (default)
2021-10-04 02:04:50,404 [pool-285-thread-1] INFO  segmented.SegmentedRaftLogWorker (SegmentedRaftLogWorker.java:<init>(182)) - new ec22a82e-7388-4328-8fb1-7bec7be40386@group-7483B4436330-SegmentedRaftLogWorker for RaftStorageImpl:Storage Directory /home/runner/work/ozone/ozone/hadoop-ozone/integration-test/target/test-dir/MiniOzoneClusterImpl-aa9d709b-e9e6-4188-94b0-5e66da880090/datanode-1/data/ratis/b8dd9c14-5eaf-4969-9670-7483b4436330
2021-10-04 02:04:50,404 [pool-285-thread-1] INFO  server.RaftServerConfigKeys (ConfUtils.java:logGet(44)) - raft.server.log.queue.byte-limit = 2147483647 (custom)
2021-10-04 02:04:50,405 [pool-285-thread-1] INFO  server.RaftServerConfigKeys (ConfUtils.java:logGet(44)) - raft.server.log.queue.element-limit = 1024 (custom)
2021-10-04 02:04:50,405 [pool-285-thread-1] INFO  server.RaftServerConfigKeys (ConfUtils.java:logGet(44)) - raft.server.log.segment.size.max = 1048576 (custom)
2021-10-04 02:04:50,405 [pool-285-thread-1] INFO  server.RaftServerConfigKeys (ConfUtils.java:logGet(44)) - raft.server.log.preallocated.size = 16384 (custom)
2021-10-04 02:04:50,405 [pool-285-thread-1] INFO  server.RaftServerConfigKeys (ConfUtils.java:logGet(44)) - raft.server.log.force.sync.num = 128 (default)
2021-10-04 02:04:50,405 [pool-285-thread-1] INFO  server.RaftServerConfigKeys (ConfUtils.java:logGet(44)) - raft.server.log.statemachine.data.sync = true (default)
2021-10-04 02:04:50,405 [pool-285-thread-1] INFO  server.RaftServerConfigKeys (ConfUtils.java:logGet(44)) - raft.server.log.statemachine.data.sync.timeout = 10s (default)
2021-10-04 02:04:50,405 [pool-285-thread-1] INFO  server.RaftServerConfigKeys (ConfUtils.java:logGet(44)) - raft.server.log.statemachine.data.sync.timeout.retry = -1 (default)
2021-10-04 02:04:50,406 [d10ebfff-67c6-465e-b891-a6f4e9e1af69@group-5E66DA880090-StateMachineUpdater] INFO  safemode.HealthyPipelineSafeModeRule (HealthyPipelineSafeModeRule.java:initializeRule(152)) - Refreshed total pipeline count is 0, healthy pipeline threshold count is 1
2021-10-04 02:04:50,408 [2dc1c52f-fb9b-4367-bdf1-93ff3bf143d5@group-5E66DA880090-StateMachineUpdater] INFO  ha.SCMStateMachine (SCMStateMachine.java:takeSnapshot(290)) - Current Snapshot Index 20, takeSnapshot took 0 ms
2021-10-04 02:04:50,408 [2dc1c52f-fb9b-4367-bdf1-93ff3bf143d5@group-5E66DA880090-StateMachineUpdater] INFO  impl.StateMachineUpdater (StateMachineUpdater.java:takeSnapshot(281)) - 2dc1c52f-fb9b-4367-bdf1-93ff3bf143d5@group-5E66DA880090-StateMachineUpdater: Took a snapshot at index 20
2021-10-04 02:04:50,408 [2dc1c52f-fb9b-4367-bdf1-93ff3bf143d5@group-5E66DA880090-StateMachineUpdater] INFO  impl.StateMachineUpdater (StateMachineUpdater.java:lambda$new$0(89)) - 2dc1c52f-fb9b-4367-bdf1-93ff3bf143d5@group-5E66DA880090-StateMachineUpdater: snapshotIndex: updateIncreasingly 15 -> 20
2021-10-04 02:04:50,408 [2dc1c52f-fb9b-4367-bdf1-93ff3bf143d5@group-5E66DA880090-StateMachineUpdater] INFO  raftlog.RaftLog (RaftLogBase.java:purge(306)) - 2dc1c52f-fb9b-4367-bdf1-93ff3bf143d5@group-5E66DA880090-SegmentedRaftLog: purge 20
2021-10-04 02:04:50,408 [2dc1c52f-fb9b-4367-bdf1-93ff3bf143d5@group-5E66DA880090-StateMachineUpdater] INFO  raftlog.RaftLog (RaftLogBase.java:lambda$new$0(53)) - 2dc1c52f-fb9b-4367-bdf1-93ff3bf143d5@group-5E66DA880090-SegmentedRaftLog: snapshotIndex: updateIncreasingly 15 -> 20
2021-10-04 02:04:50,408 [2dc1c52f-fb9b-4367-bdf1-93ff3bf143d5@group-5E66DA880090-StateMachineUpdater] INFO  raftlog.RaftLog (RaftLogBase.java:lambda$new$0(53)) - 2dc1c52f-fb9b-4367-bdf1-93ff3bf143d5@group-5E66DA880090-SegmentedRaftLog: purgeIndex: updateToMax old=15, new=20, updated? true
2021-10-04 02:04:50,408 [pool-285-thread-1] INFO  server.RaftServerConfigKeys (ConfUtils.java:logGet(44)) - raft.server.log.write.buffer.size = 1048576 (custom)
2021-10-04 02:04:50,409 [EventQueue-OpenPipelineForHealthyPipelineSafeModeRule] INFO  safemode.SCMSafeModeManager (HealthyPipelineSafeModeRule.java:process(124)) - SCM in safe mode. Healthy pipelines reported count is 0, required healthy pipeline reported count is 1
2021-10-04 02:04:50,410 [EventQueue-OpenPipelineForHealthyPipelineSafeModeRule] INFO  safemode.SCMSafeModeManager (HealthyPipelineSafeModeRule.java:process(124)) - SCM in safe mode. Healthy pipelines reported count is 0, required healthy pipeline reported count is 1
2021-10-04 02:04:50,411 [pool-285-thread-1] INFO  server.RaftServerConfigKeys (ConfUtils.java:logGet(44)) - raft.server.log.statemachine.data.caching.enabled = true (custom)
2021-10-04 02:04:50,411 [pool-285-thread-1] INFO  segmented.SegmentedRaftLogWorker (SegmentedRaftLogWorker.java:lambda$new$0(133)) - ec22a82e-7388-4328-8fb1-7bec7be40386@group-7483B4436330-SegmentedRaftLogWorker: flushIndex: setUnconditionally 0 -> -1
2021-10-04 02:04:50,411 [pool-285-thread-1] INFO  segmented.SegmentedRaftLogWorker (SegmentedRaftLogWorker.java:lambda$new$0(133)) - ec22a82e-7388-4328-8fb1-7bec7be40386@group-7483B4436330-SegmentedRaftLogWorker: safeCacheEvictIndex: setUnconditionally 0 -> -1
2021-10-04 02:04:50,415 [EndpointStateMachine task thread for /127.0.0.1:14511 - 0 ] INFO  ipc.Client (Client.java:handleConnectionFailure(977)) - Retrying connect to server: localhost/127.0.0.1:14511. Already tried 8 time(s); retry policy is RetryUpToMaximumCountWithFixedSleep(maxRetries=15, sleepTime=1000 MILLISECONDS)
2021-10-04 02:04:50,418 [pool-285-thread-1] INFO  server.RaftServerConfigKeys (ConfUtils.java:logGet(44)) - raft.server.snapshot.auto.trigger.enabled = true (custom)
2021-10-04 02:04:50,418 [pool-285-thread-1] INFO  server.RaftServerConfigKeys (ConfUtils.java:logGet(44)) - raft.server.snapshot.auto.trigger.threshold = 10000 (custom)
2021-10-04 02:04:50,418 [pool-285-thread-1] INFO  server.RaftServerConfigKeys (ConfUtils.java:logGet(44)) - raft.server.snapshot.retention.file.num = 5 (custom)
2021-10-04 02:04:50,418 [pool-285-thread-1] INFO  server.RaftServerConfigKeys (ConfUtils.java:logGet(44)) - raft.server.log.purge.upto.snapshot.index = false (default)
2021-10-04 02:04:50,418 [pool-285-thread-1] INFO  server.RaftServerConfigKeys (ConfUtils.java:logGet(44)) - raft.server.retrycache.expirytime = 600000ms (custom)
2021-10-04 02:04:50,418 [pool-285-thread-1] INFO  server.RaftServerConfigKeys (ConfUtils.java:logGet(44)) - raft.server.retrycache.statistics.expirytime = 100μs (default)
2021-10-04 02:04:50,420 [pool-285-thread-1] INFO  server.RaftServer$Division (RaftServerImpl.java:start(296)) - ec22a82e-7388-4328-8fb1-7bec7be40386@group-38CF24579FA4: start as a follower, conf=-1: [ec22a82e-7388-4328-8fb1-7bec7be40386|rpc:127.0.0.1:39209|dataStream:|priority:0, 0db60050-3417-4221-94cf-c6ca2a56f712|rpc:127.0.0.1:44551|dataStream:|priority:1, 57ec436a-c908-4fec-986d-5c2664f6b5b6|rpc:127.0.0.1:39069|dataStream:|priority:0], old=null
2021-10-04 02:04:50,420 [pool-285-thread-1] INFO  server.RaftServer$Division (RaftServerImpl.java:setRole(285)) - ec22a82e-7388-4328-8fb1-7bec7be40386@group-38CF24579FA4: changes role from      null to FOLLOWER at term 0 for startAsFollower
2021-10-04 02:04:50,420 [pool-285-thread-1] INFO  impl.RoleInfo (RoleInfo.java:updateAndGet(130)) - ec22a82e-7388-4328-8fb1-7bec7be40386: start ec22a82e-7388-4328-8fb1-7bec7be40386@group-38CF24579FA4-FollowerState
2021-10-04 02:04:50,435 [pool-285-thread-1] INFO  util.JmxRegister (JmxRegister.java:tryRegister(44)) - Successfully registered JMX Bean with object name Ratis:service=RaftServer,group=group-38CF24579FA4,id=ec22a82e-7388-4328-8fb1-7bec7be40386
2021-10-04 02:04:50,445 [pool-285-thread-1] INFO  server.RaftServer$Division (RaftServerImpl.java:start(296)) - ec22a82e-7388-4328-8fb1-7bec7be40386@group-7483B4436330: start as a follower, conf=-1: [ec22a82e-7388-4328-8fb1-7bec7be40386|rpc:127.0.0.1:39209|priority:1], old=null
2021-10-04 02:04:50,445 [pool-285-thread-1] INFO  server.RaftServer$Division (RaftServerImpl.java:setRole(285)) - ec22a82e-7388-4328-8fb1-7bec7be40386@group-7483B4436330: changes role from      null to FOLLOWER at term 0 for startAsFollower
2021-10-04 02:04:50,445 [pool-285-thread-1] INFO  impl.RoleInfo (RoleInfo.java:updateAndGet(130)) - ec22a82e-7388-4328-8fb1-7bec7be40386: start ec22a82e-7388-4328-8fb1-7bec7be40386@group-7483B4436330-FollowerState
2021-10-04 02:04:50,446 [pool-285-thread-1] INFO  util.JmxRegister (JmxRegister.java:tryRegister(44)) - Successfully registered JMX Bean with object name Ratis:service=RaftServer,group=group-7483B4436330,id=ec22a82e-7388-4328-8fb1-7bec7be40386
2021-10-04 02:04:50,466 [Command processor thread] INFO  ratis.XceiverServerRatis (XceiverServerRatis.java:addGroup(763)) - Created group PipelineID=b8dd9c14-5eaf-4969-9670-7483b4436330
2021-10-04 02:04:50,466 [Command processor thread] INFO  commandhandler.CreatePipelineCommandHandler (CreatePipelineCommandHandler.java:handle(106)) - Created Pipeline RATIS ONE PipelineID=b8dd9c14-5eaf-4969-9670-7483b4436330.
2021-10-04 02:04:50,467 [Command processor thread] INFO  server.RaftServer (RaftServerProxy.java:addNew(95)) - ec22a82e-7388-4328-8fb1-7bec7be40386: addNew group-8194F89F6908:[ec22a82e-7388-4328-8fb1-7bec7be40386|rpc:127.0.0.1:39209|priority:1, 0db60050-3417-4221-94cf-c6ca2a56f712|rpc:127.0.0.1:44551|priority:0, 57ec436a-c908-4fec-986d-5c2664f6b5b6|rpc:127.0.0.1:39069|priority:0] returns group-8194F89F6908:java.util.concurrent.CompletableFuture@547c0e37[Not completed]
2021-10-04 02:04:50,468 [Command processor thread] INFO  commandhandler.CreatePipelineCommandHandler (CreatePipelineCommandHandler.java:handle(106)) - Created Pipeline RATIS THREE PipelineID=5bbf6d9c-bff9-4fc2-9f93-38cf24579fa4.
2021-10-04 02:04:50,469 [Command processor thread] INFO  server.RaftServer (RaftServerProxy.java:addNew(95)) - 57ec436a-c908-4fec-986d-5c2664f6b5b6: addNew group-8194F89F6908:[ec22a82e-7388-4328-8fb1-7bec7be40386|rpc:127.0.0.1:39209|priority:1, 0db60050-3417-4221-94cf-c6ca2a56f712|rpc:127.0.0.1:44551|priority:0, 57ec436a-c908-4fec-986d-5c2664f6b5b6|rpc:127.0.0.1:39069|priority:0] returns group-8194F89F6908:java.util.concurrent.CompletableFuture@2e646e7e[Not completed]
2021-10-04 02:04:50,474 [pool-285-thread-1] INFO  server.RaftServer$Division (RaftServerImpl.java:<init>(181)) - ec22a82e-7388-4328-8fb1-7bec7be40386: new RaftServerImpl for group-8194F89F6908:[ec22a82e-7388-4328-8fb1-7bec7be40386|rpc:127.0.0.1:39209|priority:1, 0db60050-3417-4221-94cf-c6ca2a56f712|rpc:127.0.0.1:44551|priority:0, 57ec436a-c908-4fec-986d-5c2664f6b5b6|rpc:127.0.0.1:39069|priority:0] with ContainerStateMachine:uninitialized
2021-10-04 02:04:50,474 [pool-285-thread-1] INFO  server.RaftServerConfigKeys (ConfUtils.java:logGet(44)) - raft.server.rpc.timeout.min = 5s (custom)
2021-10-04 02:04:50,475 [pool-285-thread-1] INFO  server.RaftServerConfigKeys (ConfUtils.java:logGet(44)) - raft.server.rpc.timeout.max = 5200ms (custom)
2021-10-04 02:04:50,475 [pool-285-thread-1] INFO  server.RaftServerConfigKeys (ConfUtils.java:logGet(44)) - raft.server.rpc.sleep.time = 25ms (default)
2021-10-04 02:04:50,475 [pool-285-thread-1] INFO  server.RaftServerConfigKeys (ConfUtils.java:logGet(44)) - raft.server.rpc.slowness.timeout = 300s (custom)
2021-10-04 02:04:50,475 [pool-285-thread-1] INFO  server.RaftServerConfigKeys (ConfUtils.java:logGet(44)) - raft.server.leaderelection.leader.step-down.wait-time = 10s (default)
2021-10-04 02:04:50,475 [pool-285-thread-1] INFO  server.RaftServerConfigKeys (ConfUtils.java:logGet(44)) - raft.server.sleep.deviation.threshold = 300ms (default)
2021-10-04 02:04:50,475 [pool-285-thread-1] INFO  server.RaftServerConfigKeys (ConfUtils.java:logGet(44)) - raft.server.log.appender.install.snapshot.enabled = false (custom)
2021-10-04 02:04:50,475 [pool-285-thread-1] INFO  server.RaftServer$Division (ServerState.java:<init>(105)) - ec22a82e-7388-4328-8fb1-7bec7be40386@group-8194F89F6908: ConfigurationManager, init=-1: [ec22a82e-7388-4328-8fb1-7bec7be40386|rpc:127.0.0.1:39209|priority:1, 0db60050-3417-4221-94cf-c6ca2a56f712|rpc:127.0.0.1:44551|priority:0, 57ec436a-c908-4fec-986d-5c2664f6b5b6|rpc:127.0.0.1:39069|priority:0], old=null, confs=<EMPTY_MAP>
2021-10-04 02:04:50,475 [pool-285-thread-1] INFO  server.RaftServerConfigKeys (ConfUtils.java:logGet(44)) - raft.server.storage.dir = [/home/runner/work/ozone/ozone/hadoop-ozone/integration-test/target/test-dir/MiniOzoneClusterImpl-aa9d709b-e9e6-4188-94b0-5e66da880090/datanode-1/data/ratis] (custom)
2021-10-04 02:04:50,475 [pool-285-thread-1] INFO  server.RaftServerConfigKeys (ConfUtils.java:logGet(44)) - raft.server.log.corruption.policy = EXCEPTION (default)
2021-10-04 02:04:50,475 [pool-285-thread-1] INFO  server.RaftServerConfigKeys (ConfUtils.java:logGet(44)) - raft.server.storage.free-space.min = 0MB (=0) (default)
2021-10-04 02:04:50,475 [pool-285-thread-1] INFO  storage.RaftStorageDirectory (RaftStorageDirectoryImpl.java:analyzeStorage(135)) - The storage directory /home/runner/work/ozone/ozone/hadoop-ozone/integration-test/target/test-dir/MiniOzoneClusterImpl-aa9d709b-e9e6-4188-94b0-5e66da880090/datanode-1/data/ratis/108b5ce9-dca6-416e-8789-8194f89f6908 does not exist. Creating ...
2021-10-04 02:04:50,476 [pool-264-thread-1] INFO  server.RaftServer$Division (RaftServerImpl.java:<init>(181)) - 57ec436a-c908-4fec-986d-5c2664f6b5b6: new RaftServerImpl for group-8194F89F6908:[ec22a82e-7388-4328-8fb1-7bec7be40386|rpc:127.0.0.1:39209|priority:1, 0db60050-3417-4221-94cf-c6ca2a56f712|rpc:127.0.0.1:44551|priority:0, 57ec436a-c908-4fec-986d-5c2664f6b5b6|rpc:127.0.0.1:39069|priority:0] with ContainerStateMachine:uninitialized
2021-10-04 02:04:50,477 [pool-264-thread-1] INFO  server.RaftServerConfigKeys (ConfUtils.java:logGet(44)) - raft.server.rpc.timeout.min = 5s (custom)
2021-10-04 02:04:50,477 [pool-264-thread-1] INFO  server.RaftServerConfigKeys (ConfUtils.java:logGet(44)) - raft.server.rpc.timeout.max = 5200ms (custom)
2021-10-04 02:04:50,477 [pool-264-thread-1] INFO  server.RaftServerConfigKeys (ConfUtils.java:logGet(44)) - raft.server.rpc.sleep.time = 25ms (default)
2021-10-04 02:04:50,477 [pool-264-thread-1] INFO  server.RaftServerConfigKeys (ConfUtils.java:logGet(44)) - raft.server.rpc.slowness.timeout = 300s (custom)
2021-10-04 02:04:50,477 [pool-264-thread-1] INFO  server.RaftServerConfigKeys (ConfUtils.java:logGet(44)) - raft.server.leaderelection.leader.step-down.wait-time = 10s (default)
2021-10-04 02:04:50,477 [pool-264-thread-1] INFO  server.RaftServerConfigKeys (ConfUtils.java:logGet(44)) - raft.server.sleep.deviation.threshold = 300ms (default)
2021-10-04 02:04:50,477 [pool-264-thread-1] INFO  server.RaftServerConfigKeys (ConfUtils.java:logGet(44)) - raft.server.log.appender.install.snapshot.enabled = false (custom)
2021-10-04 02:04:50,477 [pool-264-thread-1] INFO  server.RaftServer$Division (ServerState.java:<init>(105)) - 57ec436a-c908-4fec-986d-5c2664f6b5b6@group-8194F89F6908: ConfigurationManager, init=-1: [ec22a82e-7388-4328-8fb1-7bec7be40386|rpc:127.0.0.1:39209|priority:1, 0db60050-3417-4221-94cf-c6ca2a56f712|rpc:127.0.0.1:44551|priority:0, 57ec436a-c908-4fec-986d-5c2664f6b5b6|rpc:127.0.0.1:39069|priority:0], old=null, confs=<EMPTY_MAP>
2021-10-04 02:04:50,477 [pool-264-thread-1] INFO  server.RaftServerConfigKeys (ConfUtils.java:logGet(44)) - raft.server.storage.dir = [/home/runner/work/ozone/ozone/hadoop-ozone/integration-test/target/test-dir/MiniOzoneClusterImpl-aa9d709b-e9e6-4188-94b0-5e66da880090/datanode-0/data/ratis] (custom)
2021-10-04 02:04:50,477 [pool-264-thread-1] INFO  server.RaftServerConfigKeys (ConfUtils.java:logGet(44)) - raft.server.log.corruption.policy = EXCEPTION (default)
2021-10-04 02:04:50,477 [pool-264-thread-1] INFO  server.RaftServerConfigKeys (ConfUtils.java:logGet(44)) - raft.server.storage.free-space.min = 0MB (=0) (default)
2021-10-04 02:04:50,477 [pool-264-thread-1] INFO  storage.RaftStorageDirectory (RaftStorageDirectoryImpl.java:analyzeStorage(135)) - The storage directory /home/runner/work/ozone/ozone/hadoop-ozone/integration-test/target/test-dir/MiniOzoneClusterImpl-aa9d709b-e9e6-4188-94b0-5e66da880090/datanode-0/data/ratis/108b5ce9-dca6-416e-8789-8194f89f6908 does not exist. Creating ...
2021-10-04 02:04:50,479 [pool-285-thread-1] INFO  storage.RaftStorageDirectory (RaftStorageDirectoryImpl.java:tryLock(230)) - Lock on /home/runner/work/ozone/ozone/hadoop-ozone/integration-test/target/test-dir/MiniOzoneClusterImpl-aa9d709b-e9e6-4188-94b0-5e66da880090/datanode-1/data/ratis/108b5ce9-dca6-416e-8789-8194f89f6908/in_use.lock acquired by nodename 17819@fv-az396-153
2021-10-04 02:04:50,480 [pool-264-thread-1] INFO  storage.RaftStorageDirectory (RaftStorageDirectoryImpl.java:tryLock(230)) - Lock on /home/runner/work/ozone/ozone/hadoop-ozone/integration-test/target/test-dir/MiniOzoneClusterImpl-aa9d709b-e9e6-4188-94b0-5e66da880090/datanode-0/data/ratis/108b5ce9-dca6-416e-8789-8194f89f6908/in_use.lock acquired by nodename 17819@fv-az396-153
2021-10-04 02:04:50,480 [pool-285-thread-1] INFO  storage.RaftStorage (RaftStorageImpl.java:format(89)) - Storage directory /home/runner/work/ozone/ozone/hadoop-ozone/integration-test/target/test-dir/MiniOzoneClusterImpl-aa9d709b-e9e6-4188-94b0-5e66da880090/datanode-1/data/ratis/108b5ce9-dca6-416e-8789-8194f89f6908 has been successfully formatted.
2021-10-04 02:04:50,481 [pool-285-thread-1] INFO  ratis.ContainerStateMachine (ContainerStateMachine.java:loadSnapshot(224)) - group-8194F89F6908: The snapshot info is null. Setting the last applied indexto:(t:0, i:~)
2021-10-04 02:04:50,481 [pool-285-thread-1] INFO  server.RaftServerConfigKeys (ConfUtils.java:logGet(44)) - raft.server.notification.no-leader.timeout = 300s (custom)
2021-10-04 02:04:50,481 [pool-285-thread-1] INFO  server.RaftServerConfigKeys (ConfUtils.java:logGet(44)) - raft.server.log.use.memory = false (default)
2021-10-04 02:04:50,481 [pool-285-thread-1] INFO  server.RaftServerConfigKeys (ConfUtils.java:logGet(44)) - raft.server.log.purge.gap = 1000000 (custom)
2021-10-04 02:04:50,481 [pool-285-thread-1] INFO  server.RaftServerConfigKeys (ConfUtils.java:logGet(44)) - raft.server.log.appender.buffer.byte-limit = 33554432 (custom)
2021-10-04 02:04:50,482 [pool-285-thread-1] INFO  server.RaftServerConfigKeys (ConfUtils.java:logGet(44)) - raft.server.log.segment.size.max = 1048576 (custom)
2021-10-04 02:04:50,481 [pool-264-thread-1] INFO  storage.RaftStorage (RaftStorageImpl.java:format(89)) - Storage directory /home/runner/work/ozone/ozone/hadoop-ozone/integration-test/target/test-dir/MiniOzoneClusterImpl-aa9d709b-e9e6-4188-94b0-5e66da880090/datanode-0/data/ratis/108b5ce9-dca6-416e-8789-8194f89f6908 has been successfully formatted.
2021-10-04 02:04:50,485 [pool-264-thread-1] INFO  ratis.ContainerStateMachine (ContainerStateMachine.java:loadSnapshot(224)) - group-8194F89F6908: The snapshot info is null. Setting the last applied indexto:(t:0, i:~)
2021-10-04 02:04:50,485 [pool-264-thread-1] INFO  server.RaftServerConfigKeys (ConfUtils.java:logGet(44)) - raft.server.notification.no-leader.timeout = 300s (custom)
2021-10-04 02:04:50,485 [pool-264-thread-1] INFO  server.RaftServerConfigKeys (ConfUtils.java:logGet(44)) - raft.server.log.use.memory = false (default)
2021-10-04 02:04:50,485 [pool-264-thread-1] INFO  server.RaftServerConfigKeys (ConfUtils.java:logGet(44)) - raft.server.log.purge.gap = 1000000 (custom)
2021-10-04 02:04:50,486 [pool-264-thread-1] INFO  server.RaftServerConfigKeys (ConfUtils.java:logGet(44)) - raft.server.log.appender.buffer.byte-limit = 33554432 (custom)
2021-10-04 02:04:50,486 [pool-264-thread-1] INFO  server.RaftServerConfigKeys (ConfUtils.java:logGet(44)) - raft.server.log.segment.size.max = 1048576 (custom)
2021-10-04 02:04:50,487 [pool-285-thread-1] INFO  server.RaftServerConfigKeys (ConfUtils.java:logGet(44)) - raft.server.log.segment.cache.num.max = 2 (custom)
2021-10-04 02:04:50,487 [pool-285-thread-1] INFO  server.RaftServerConfigKeys (ConfUtils.java:logGet(44)) - raft.server.log.segment.cache.size.max = 200MB (=209715200) (default)
2021-10-04 02:04:50,487 [pool-285-thread-1] INFO  segmented.SegmentedRaftLogWorker (SegmentedRaftLogWorker.java:<init>(182)) - new ec22a82e-7388-4328-8fb1-7bec7be40386@group-8194F89F6908-SegmentedRaftLogWorker for RaftStorageImpl:Storage Directory /home/runner/work/ozone/ozone/hadoop-ozone/integration-test/target/test-dir/MiniOzoneClusterImpl-aa9d709b-e9e6-4188-94b0-5e66da880090/datanode-1/data/ratis/108b5ce9-dca6-416e-8789-8194f89f6908
2021-10-04 02:04:50,488 [pool-285-thread-1] INFO  server.RaftServerConfigKeys (ConfUtils.java:logGet(44)) - raft.server.log.queue.byte-limit = 2147483647 (custom)
2021-10-04 02:04:50,488 [pool-285-thread-1] INFO  server.RaftServerConfigKeys (ConfUtils.java:logGet(44)) - raft.server.log.queue.element-limit = 1024 (custom)
2021-10-04 02:04:50,488 [pool-285-thread-1] INFO  server.RaftServerConfigKeys (ConfUtils.java:logGet(44)) - raft.server.log.segment.size.max = 1048576 (custom)
2021-10-04 02:04:50,488 [pool-285-thread-1] INFO  server.RaftServerConfigKeys (ConfUtils.java:logGet(44)) - raft.server.log.preallocated.size = 16384 (custom)
2021-10-04 02:04:50,489 [pool-285-thread-1] INFO  server.RaftServerConfigKeys (ConfUtils.java:logGet(44)) - raft.server.log.force.sync.num = 128 (default)
2021-10-04 02:04:50,489 [pool-285-thread-1] INFO  server.RaftServerConfigKeys (ConfUtils.java:logGet(44)) - raft.server.log.statemachine.data.sync = true (default)
2021-10-04 02:04:50,489 [pool-285-thread-1] INFO  server.RaftServerConfigKeys (ConfUtils.java:logGet(44)) - raft.server.log.statemachine.data.sync.timeout = 10s (default)
2021-10-04 02:04:50,489 [pool-285-thread-1] INFO  server.RaftServerConfigKeys (ConfUtils.java:logGet(44)) - raft.server.log.statemachine.data.sync.timeout.retry = -1 (default)
2021-10-04 02:04:50,490 [pool-285-thread-1] INFO  server.RaftServerConfigKeys (ConfUtils.java:logGet(44)) - raft.server.log.write.buffer.size = 1048576 (custom)
2021-10-04 02:04:50,495 [pool-285-thread-1] INFO  server.RaftServerConfigKeys (ConfUtils.java:logGet(44)) - raft.server.log.statemachine.data.caching.enabled = true (custom)
2021-10-04 02:04:50,487 [pool-264-thread-1] INFO  server.RaftServerConfigKeys (ConfUtils.java:logGet(44)) - raft.server.log.segment.cache.num.max = 2 (custom)
2021-10-04 02:04:50,495 [pool-264-thread-1] INFO  server.RaftServerConfigKeys (ConfUtils.java:logGet(44)) - raft.server.log.segment.cache.size.max = 200MB (=209715200) (default)
2021-10-04 02:04:50,495 [pool-264-thread-1] INFO  segmented.SegmentedRaftLogWorker (SegmentedRaftLogWorker.java:<init>(182)) - new 57ec436a-c908-4fec-986d-5c2664f6b5b6@group-8194F89F6908-SegmentedRaftLogWorker for RaftStorageImpl:Storage Directory /home/runner/work/ozone/ozone/hadoop-ozone/integration-test/target/test-dir/MiniOzoneClusterImpl-aa9d709b-e9e6-4188-94b0-5e66da880090/datanode-0/data/ratis/108b5ce9-dca6-416e-8789-8194f89f6908
2021-10-04 02:04:50,495 [pool-264-thread-1] INFO  server.RaftServerConfigKeys (ConfUtils.java:logGet(44)) - raft.server.log.queue.byte-limit = 2147483647 (custom)
2021-10-04 02:04:50,495 [pool-264-thread-1] INFO  server.RaftServerConfigKeys (ConfUtils.java:logGet(44)) - raft.server.log.queue.element-limit = 1024 (custom)
2021-10-04 02:04:50,495 [pool-264-thread-1] INFO  server.RaftServerConfigKeys (ConfUtils.java:logGet(44)) - raft.server.log.segment.size.max = 1048576 (custom)
2021-10-04 02:04:50,495 [pool-264-thread-1] INFO  server.RaftServerConfigKeys (ConfUtils.java:logGet(44)) - raft.server.log.preallocated.size = 16384 (custom)
2021-10-04 02:04:50,495 [pool-264-thread-1] INFO  server.RaftServerConfigKeys (ConfUtils.java:logGet(44)) - raft.server.log.force.sync.num = 128 (default)
2021-10-04 02:04:50,495 [pool-264-thread-1] INFO  server.RaftServerConfigKeys (ConfUtils.java:logGet(44)) - raft.server.log.statemachine.data.sync = true (default)
2021-10-04 02:04:50,496 [pool-264-thread-1] INFO  server.RaftServerConfigKeys (ConfUtils.java:logGet(44)) - raft.server.log.statemachine.data.sync.timeout = 10s (default)
2021-10-04 02:04:50,496 [pool-264-thread-1] INFO  server.RaftServerConfigKeys (ConfUtils.java:logGet(44)) - raft.server.log.statemachine.data.sync.timeout.retry = -1 (default)
2021-10-04 02:04:50,497 [pool-264-thread-1] INFO  server.RaftServerConfigKeys (ConfUtils.java:logGet(44)) - raft.server.log.write.buffer.size = 1048576 (custom)
2021-10-04 02:04:50,498 [pool-264-thread-1] INFO  server.RaftServerConfigKeys (ConfUtils.java:logGet(44)) - raft.server.log.statemachine.data.caching.enabled = true (custom)
2021-10-04 02:04:50,499 [pool-264-thread-1] INFO  segmented.SegmentedRaftLogWorker (SegmentedRaftLogWorker.java:lambda$new$0(133)) - 57ec436a-c908-4fec-986d-5c2664f6b5b6@group-8194F89F6908-SegmentedRaftLogWorker: flushIndex: setUnconditionally 0 -> -1
2021-10-04 02:04:50,498 [pool-285-thread-1] INFO  segmented.SegmentedRaftLogWorker (SegmentedRaftLogWorker.java:lambda$new$0(133)) - ec22a82e-7388-4328-8fb1-7bec7be40386@group-8194F89F6908-SegmentedRaftLogWorker: flushIndex: setUnconditionally 0 -> -1
2021-10-04 02:04:50,499 [pool-285-thread-1] INFO  segmented.SegmentedRaftLogWorker (SegmentedRaftLogWorker.java:lambda$new$0(133)) - ec22a82e-7388-4328-8fb1-7bec7be40386@group-8194F89F6908-SegmentedRaftLogWorker: safeCacheEvictIndex: setUnconditionally 0 -> -1
2021-10-04 02:04:50,499 [pool-264-thread-1] INFO  segmented.SegmentedRaftLogWorker (SegmentedRaftLogWorker.java:lambda$new$0(133)) - 57ec436a-c908-4fec-986d-5c2664f6b5b6@group-8194F89F6908-SegmentedRaftLogWorker: safeCacheEvictIndex: setUnconditionally 0 -> -1
2021-10-04 02:04:50,511 [pool-285-thread-1] INFO  server.RaftServerConfigKeys (ConfUtils.java:logGet(44)) - raft.server.snapshot.auto.trigger.enabled = true (custom)
2021-10-04 02:04:50,511 [pool-285-thread-1] INFO  server.RaftServerConfigKeys (ConfUtils.java:logGet(44)) - raft.server.snapshot.auto.trigger.threshold = 10000 (custom)
2021-10-04 02:04:50,511 [pool-285-thread-1] INFO  server.RaftServerConfigKeys (ConfUtils.java:logGet(44)) - raft.server.snapshot.retention.file.num = 5 (custom)
2021-10-04 02:04:50,511 [pool-285-thread-1] INFO  server.RaftServerConfigKeys (ConfUtils.java:logGet(44)) - raft.server.log.purge.upto.snapshot.index = false (default)
2021-10-04 02:04:50,511 [pool-285-thread-1] INFO  server.RaftServerConfigKeys (ConfUtils.java:logGet(44)) - raft.server.retrycache.expirytime = 600000ms (custom)
2021-10-04 02:04:50,511 [pool-285-thread-1] INFO  server.RaftServerConfigKeys (ConfUtils.java:logGet(44)) - raft.server.retrycache.statistics.expirytime = 100μs (default)
2021-10-04 02:04:50,512 [pool-285-thread-1] INFO  server.RaftServer$Division (RaftServerImpl.java:start(296)) - ec22a82e-7388-4328-8fb1-7bec7be40386@group-8194F89F6908: start as a follower, conf=-1: [ec22a82e-7388-4328-8fb1-7bec7be40386|rpc:127.0.0.1:39209|priority:1, 0db60050-3417-4221-94cf-c6ca2a56f712|rpc:127.0.0.1:44551|priority:0, 57ec436a-c908-4fec-986d-5c2664f6b5b6|rpc:127.0.0.1:39069|priority:0], old=null
2021-10-04 02:04:50,513 [pool-285-thread-1] INFO  server.RaftServer$Division (RaftServerImpl.java:setRole(285)) - ec22a82e-7388-4328-8fb1-7bec7be40386@group-8194F89F6908: changes role from      null to FOLLOWER at term 0 for startAsFollower
2021-10-04 02:04:50,513 [pool-285-thread-1] INFO  impl.RoleInfo (RoleInfo.java:updateAndGet(130)) - ec22a82e-7388-4328-8fb1-7bec7be40386: start ec22a82e-7388-4328-8fb1-7bec7be40386@group-8194F89F6908-FollowerState
2021-10-04 02:04:50,518 [pool-285-thread-1] INFO  util.JmxRegister (JmxRegister.java:tryRegister(44)) - Successfully registered JMX Bean with object name Ratis:service=RaftServer,group=group-8194F89F6908,id=ec22a82e-7388-4328-8fb1-7bec7be40386
2021-10-04 02:04:50,519 [Command processor thread] INFO  ratis.XceiverServerRatis (XceiverServerRatis.java:addGroup(763)) - Created group PipelineID=108b5ce9-dca6-416e-8789-8194f89f6908
2021-10-04 02:04:50,524 [pool-264-thread-1] INFO  server.RaftServerConfigKeys (ConfUtils.java:logGet(44)) - raft.server.snapshot.auto.trigger.enabled = true (custom)
2021-10-04 02:04:50,524 [pool-264-thread-1] INFO  server.RaftServerConfigKeys (ConfUtils.java:logGet(44)) - raft.server.snapshot.auto.trigger.threshold = 10000 (custom)
2021-10-04 02:04:50,524 [pool-264-thread-1] INFO  server.RaftServerConfigKeys (ConfUtils.java:logGet(44)) - raft.server.snapshot.retention.file.num = 5 (custom)
2021-10-04 02:04:50,525 [pool-264-thread-1] INFO  server.RaftServerConfigKeys (ConfUtils.java:logGet(44)) - raft.server.log.purge.upto.snapshot.index = false (default)
2021-10-04 02:04:50,525 [pool-264-thread-1] INFO  server.RaftServerConfigKeys (ConfUtils.java:logGet(44)) - raft.server.retrycache.expirytime = 600000ms (custom)
2021-10-04 02:04:50,525 [pool-264-thread-1] INFO  server.RaftServerConfigKeys (ConfUtils.java:logGet(44)) - raft.server.retrycache.statistics.expirytime = 100μs (default)
2021-10-04 02:04:50,534 [grpc-default-executor-1] INFO  server.RaftServer (RaftServerProxy.java:addNew(95)) - 0db60050-3417-4221-94cf-c6ca2a56f712: addNew group-8194F89F6908:[ec22a82e-7388-4328-8fb1-7bec7be40386|rpc:127.0.0.1:39209|dataStream:|priority:1, 0db60050-3417-4221-94cf-c6ca2a56f712|rpc:127.0.0.1:44551|dataStream:|priority:0, 57ec436a-c908-4fec-986d-5c2664f6b5b6|rpc:127.0.0.1:39069|dataStream:|priority:0] returns group-8194F89F6908:java.util.concurrent.CompletableFuture@10c111bd[Not completed]
2021-10-04 02:04:50,535 [pool-306-thread-1] INFO  server.RaftServer$Division (RaftServerImpl.java:<init>(181)) - 0db60050-3417-4221-94cf-c6ca2a56f712: new RaftServerImpl for group-8194F89F6908:[ec22a82e-7388-4328-8fb1-7bec7be40386|rpc:127.0.0.1:39209|dataStream:|priority:1, 0db60050-3417-4221-94cf-c6ca2a56f712|rpc:127.0.0.1:44551|dataStream:|priority:0, 57ec436a-c908-4fec-986d-5c2664f6b5b6|rpc:127.0.0.1:39069|dataStream:|priority:0] with ContainerStateMachine:uninitialized
2021-10-04 02:04:50,535 [pool-306-thread-1] INFO  server.RaftServerConfigKeys (ConfUtils.java:logGet(44)) - raft.server.rpc.timeout.min = 5s (custom)
2021-10-04 02:04:50,535 [pool-306-thread-1] INFO  server.RaftServerConfigKeys (ConfUtils.java:logGet(44)) - raft.server.rpc.timeout.max = 5200ms (custom)
2021-10-04 02:04:50,535 [pool-306-thread-1] INFO  server.RaftServerConfigKeys (ConfUtils.java:logGet(44)) - raft.server.rpc.sleep.time = 25ms (default)
2021-10-04 02:04:50,535 [pool-306-thread-1] INFO  server.RaftServerConfigKeys (ConfUtils.java:logGet(44)) - raft.server.rpc.slowness.timeout = 300s (custom)
2021-10-04 02:04:50,535 [pool-306-thread-1] INFO  server.RaftServerConfigKeys (ConfUtils.java:logGet(44)) - raft.server.leaderelection.leader.step-down.wait-time = 10s (default)
2021-10-04 02:04:50,535 [pool-306-thread-1] INFO  server.RaftServerConfigKeys (ConfUtils.java:logGet(44)) - raft.server.sleep.deviation.threshold = 300ms (default)
2021-10-04 02:04:50,535 [pool-306-thread-1] INFO  server.RaftServerConfigKeys (ConfUtils.java:logGet(44)) - raft.server.log.appender.install.snapshot.enabled = false (custom)
2021-10-04 02:04:50,535 [pool-306-thread-1] INFO  server.RaftServer$Division (ServerState.java:<init>(105)) - 0db60050-3417-4221-94cf-c6ca2a56f712@group-8194F89F6908: ConfigurationManager, init=-1: [ec22a82e-7388-4328-8fb1-7bec7be40386|rpc:127.0.0.1:39209|dataStream:|priority:1, 0db60050-3417-4221-94cf-c6ca2a56f712|rpc:127.0.0.1:44551|dataStream:|priority:0, 57ec436a-c908-4fec-986d-5c2664f6b5b6|rpc:127.0.0.1:39069|dataStream:|priority:0], old=null, confs=<EMPTY_MAP>
2021-10-04 02:04:50,535 [pool-306-thread-1] INFO  server.RaftServerConfigKeys (ConfUtils.java:logGet(44)) - raft.server.storage.dir = [/home/runner/work/ozone/ozone/hadoop-ozone/integration-test/target/test-dir/MiniOzoneClusterImpl-aa9d709b-e9e6-4188-94b0-5e66da880090/datanode-2/data/ratis] (custom)
2021-10-04 02:04:50,536 [pool-306-thread-1] INFO  server.RaftServerConfigKeys (ConfUtils.java:logGet(44)) - raft.server.log.corruption.policy = EXCEPTION (default)
2021-10-04 02:04:50,536 [pool-306-thread-1] INFO  server.RaftServerConfigKeys (ConfUtils.java:logGet(44)) - raft.server.storage.free-space.min = 0MB (=0) (default)
2021-10-04 02:04:50,536 [pool-306-thread-1] INFO  storage.RaftStorageDirectory (RaftStorageDirectoryImpl.java:analyzeStorage(135)) - The storage directory /home/runner/work/ozone/ozone/hadoop-ozone/integration-test/target/test-dir/MiniOzoneClusterImpl-aa9d709b-e9e6-4188-94b0-5e66da880090/datanode-2/data/ratis/108b5ce9-dca6-416e-8789-8194f89f6908 does not exist. Creating ...
2021-10-04 02:04:50,539 [pool-264-thread-1] INFO  server.RaftServer$Division (RaftServerImpl.java:start(296)) - 57ec436a-c908-4fec-986d-5c2664f6b5b6@group-8194F89F6908: start as a follower, conf=-1: [ec22a82e-7388-4328-8fb1-7bec7be40386|rpc:127.0.0.1:39209|priority:1, 0db60050-3417-4221-94cf-c6ca2a56f712|rpc:127.0.0.1:44551|priority:0, 57ec436a-c908-4fec-986d-5c2664f6b5b6|rpc:127.0.0.1:39069|priority:0], old=null
2021-10-04 02:04:50,539 [pool-264-thread-1] INFO  server.RaftServer$Division (RaftServerImpl.java:setRole(285)) - 57ec436a-c908-4fec-986d-5c2664f6b5b6@group-8194F89F6908: changes role from      null to FOLLOWER at term 0 for startAsFollower
2021-10-04 02:04:50,539 [pool-264-thread-1] INFO  impl.RoleInfo (RoleInfo.java:updateAndGet(130)) - 57ec436a-c908-4fec-986d-5c2664f6b5b6: start 57ec436a-c908-4fec-986d-5c2664f6b5b6@group-8194F89F6908-FollowerState
2021-10-04 02:04:50,541 [pool-264-thread-1] INFO  util.JmxRegister (JmxRegister.java:tryRegister(44)) - Successfully registered JMX Bean with object name Ratis:service=RaftServer,group=group-8194F89F6908,id=57ec436a-c908-4fec-986d-5c2664f6b5b6
2021-10-04 02:04:50,542 [pool-306-thread-1] INFO  storage.RaftStorageDirectory (RaftStorageDirectoryImpl.java:tryLock(230)) - Lock on /home/runner/work/ozone/ozone/hadoop-ozone/integration-test/target/test-dir/MiniOzoneClusterImpl-aa9d709b-e9e6-4188-94b0-5e66da880090/datanode-2/data/ratis/108b5ce9-dca6-416e-8789-8194f89f6908/in_use.lock acquired by nodename 17819@fv-az396-153
2021-10-04 02:04:50,543 [Command processor thread] INFO  ratis.XceiverServerRatis (XceiverServerRatis.java:addGroup(763)) - Created group PipelineID=108b5ce9-dca6-416e-8789-8194f89f6908
2021-10-04 02:04:50,545 [pool-306-thread-1] INFO  storage.RaftStorage (RaftStorageImpl.java:format(89)) - Storage directory /home/runner/work/ozone/ozone/hadoop-ozone/integration-test/target/test-dir/MiniOzoneClusterImpl-aa9d709b-e9e6-4188-94b0-5e66da880090/datanode-2/data/ratis/108b5ce9-dca6-416e-8789-8194f89f6908 has been successfully formatted.
2021-10-04 02:04:50,545 [pool-306-thread-1] INFO  ratis.ContainerStateMachine (ContainerStateMachine.java:loadSnapshot(224)) - group-8194F89F6908: The snapshot info is null. Setting the last applied indexto:(t:0, i:~)
2021-10-04 02:04:50,545 [pool-306-thread-1] INFO  server.RaftServerConfigKeys (ConfUtils.java:logGet(44)) - raft.server.notification.no-leader.timeout = 300s (custom)
2021-10-04 02:04:50,545 [pool-306-thread-1] INFO  server.RaftServerConfigKeys (ConfUtils.java:logGet(44)) - raft.server.log.use.memory = false (default)
2021-10-04 02:04:50,545 [pool-306-thread-1] INFO  server.RaftServerConfigKeys (ConfUtils.java:logGet(44)) - raft.server.log.purge.gap = 1000000 (custom)
2021-10-04 02:04:50,546 [pool-306-thread-1] INFO  server.RaftServerConfigKeys (ConfUtils.java:logGet(44)) - raft.server.log.appender.buffer.byte-limit = 33554432 (custom)
2021-10-04 02:04:50,546 [pool-306-thread-1] INFO  server.RaftServerConfigKeys (ConfUtils.java:logGet(44)) - raft.server.log.segment.size.max = 1048576 (custom)
2021-10-04 02:04:50,546 [pool-306-thread-1] INFO  server.RaftServerConfigKeys (ConfUtils.java:logGet(44)) - raft.server.log.segment.cache.num.max = 2 (custom)
2021-10-04 02:04:50,546 [pool-306-thread-1] INFO  server.RaftServerConfigKeys (ConfUtils.java:logGet(44)) - raft.server.log.segment.cache.size.max = 200MB (=209715200) (default)
2021-10-04 02:04:50,546 [pool-306-thread-1] INFO  segmented.SegmentedRaftLogWorker (SegmentedRaftLogWorker.java:<init>(182)) - new 0db60050-3417-4221-94cf-c6ca2a56f712@group-8194F89F6908-SegmentedRaftLogWorker for RaftStorageImpl:Storage Directory /home/runner/work/ozone/ozone/hadoop-ozone/integration-test/target/test-dir/MiniOzoneClusterImpl-aa9d709b-e9e6-4188-94b0-5e66da880090/datanode-2/data/ratis/108b5ce9-dca6-416e-8789-8194f89f6908
2021-10-04 02:04:50,546 [pool-306-thread-1] INFO  server.RaftServerConfigKeys (ConfUtils.java:logGet(44)) - raft.server.log.queue.byte-limit = 2147483647 (custom)
2021-10-04 02:04:50,547 [pool-306-thread-1] INFO  server.RaftServerConfigKeys (ConfUtils.java:logGet(44)) - raft.server.log.queue.element-limit = 1024 (custom)
2021-10-04 02:04:50,547 [pool-306-thread-1] INFO  server.RaftServerConfigKeys (ConfUtils.java:logGet(44)) - raft.server.log.segment.size.max = 1048576 (custom)
2021-10-04 02:04:50,547 [pool-306-thread-1] INFO  server.RaftServerConfigKeys (ConfUtils.java:logGet(44)) - raft.server.log.preallocated.size = 16384 (custom)
2021-10-04 02:04:50,547 [pool-306-thread-1] INFO  server.RaftServerConfigKeys (ConfUtils.java:logGet(44)) - raft.server.log.force.sync.num = 128 (default)
2021-10-04 02:04:50,547 [pool-306-thread-1] INFO  server.RaftServerConfigKeys (ConfUtils.java:logGet(44)) - raft.server.log.statemachine.data.sync = true (default)
2021-10-04 02:04:50,547 [pool-306-thread-1] INFO  server.RaftServerConfigKeys (ConfUtils.java:logGet(44)) - raft.server.log.statemachine.data.sync.timeout = 10s (default)
2021-10-04 02:04:50,547 [pool-306-thread-1] INFO  server.RaftServerConfigKeys (ConfUtils.java:logGet(44)) - raft.server.log.statemachine.data.sync.timeout.retry = -1 (default)
2021-10-04 02:04:50,548 [pool-306-thread-1] INFO  server.RaftServerConfigKeys (ConfUtils.java:logGet(44)) - raft.server.log.write.buffer.size = 1048576 (custom)
2021-10-04 02:04:50,549 [pool-306-thread-1] INFO  server.RaftServerConfigKeys (ConfUtils.java:logGet(44)) - raft.server.log.statemachine.data.caching.enabled = true (custom)
2021-10-04 02:04:50,549 [pool-306-thread-1] INFO  segmented.SegmentedRaftLogWorker (SegmentedRaftLogWorker.java:lambda$new$0(133)) - 0db60050-3417-4221-94cf-c6ca2a56f712@group-8194F89F6908-SegmentedRaftLogWorker: flushIndex: setUnconditionally 0 -> -1
2021-10-04 02:04:50,549 [pool-306-thread-1] INFO  segmented.SegmentedRaftLogWorker (SegmentedRaftLogWorker.java:lambda$new$0(133)) - 0db60050-3417-4221-94cf-c6ca2a56f712@group-8194F89F6908-SegmentedRaftLogWorker: safeCacheEvictIndex: setUnconditionally 0 -> -1
2021-10-04 02:04:50,559 [pool-306-thread-1] INFO  server.RaftServerConfigKeys (ConfUtils.java:logGet(44)) - raft.server.snapshot.auto.trigger.enabled = true (custom)
2021-10-04 02:04:50,559 [pool-306-thread-1] INFO  server.RaftServerConfigKeys (ConfUtils.java:logGet(44)) - raft.server.snapshot.auto.trigger.threshold = 10000 (custom)
2021-10-04 02:04:50,559 [pool-306-thread-1] INFO  server.RaftServerConfigKeys (ConfUtils.java:logGet(44)) - raft.server.snapshot.retention.file.num = 5 (custom)
2021-10-04 02:04:50,559 [pool-306-thread-1] INFO  server.RaftServerConfigKeys (ConfUtils.java:logGet(44)) - raft.server.log.purge.upto.snapshot.index = false (default)
2021-10-04 02:04:50,562 [pool-306-thread-1] INFO  server.RaftServerConfigKeys (ConfUtils.java:logGet(44)) - raft.server.retrycache.expirytime = 600000ms (custom)
2021-10-04 02:04:50,562 [pool-306-thread-1] INFO  server.RaftServerConfigKeys (ConfUtils.java:logGet(44)) - raft.server.retrycache.statistics.expirytime = 100μs (default)
2021-10-04 02:04:50,564 [pool-306-thread-1] INFO  server.RaftServer$Division (RaftServerImpl.java:start(296)) - 0db60050-3417-4221-94cf-c6ca2a56f712@group-8194F89F6908: start as a follower, conf=-1: [ec22a82e-7388-4328-8fb1-7bec7be40386|rpc:127.0.0.1:39209|dataStream:|priority:1, 0db60050-3417-4221-94cf-c6ca2a56f712|rpc:127.0.0.1:44551|dataStream:|priority:0, 57ec436a-c908-4fec-986d-5c2664f6b5b6|rpc:127.0.0.1:39069|dataStream:|priority:0], old=null
2021-10-04 02:04:50,564 [pool-306-thread-1] INFO  server.RaftServer$Division (RaftServerImpl.java:setRole(285)) - 0db60050-3417-4221-94cf-c6ca2a56f712@group-8194F89F6908: changes role from      null to FOLLOWER at term 0 for startAsFollower
2021-10-04 02:04:50,564 [pool-306-thread-1] INFO  impl.RoleInfo (RoleInfo.java:updateAndGet(130)) - 0db60050-3417-4221-94cf-c6ca2a56f712: start 0db60050-3417-4221-94cf-c6ca2a56f712@group-8194F89F6908-FollowerState
2021-10-04 02:04:50,565 [pool-306-thread-1] INFO  util.JmxRegister (JmxRegister.java:tryRegister(44)) - Successfully registered JMX Bean with object name Ratis:service=RaftServer,group=group-8194F89F6908,id=0db60050-3417-4221-94cf-c6ca2a56f712
2021-10-04 02:04:50,575 [EndpointStateMachine task thread for /127.0.0.1:14521 - 0 ] INFO  ipc.Client (Client.java:handleConnectionFailure(977)) - Retrying connect to server: localhost/127.0.0.1:14521. Already tried 6 time(s); retry policy is RetryUpToMaximumCountWithFixedSleep(maxRetries=15, sleepTime=1000 MILLISECONDS)
2021-10-04 02:04:50,580 [EndpointStateMachine task thread for /127.0.0.1:14501 - 0 ] INFO  ipc.Client (Client.java:handleConnectionFailure(977)) - Retrying connect to server: localhost/127.0.0.1:14501. Already tried 8 time(s); retry policy is RetryUpToMaximumCountWithFixedSleep(maxRetries=15, sleepTime=1000 MILLISECONDS)
2021-10-04 02:04:50,626 [Command processor thread] INFO  commandhandler.CreatePipelineCommandHandler (CreatePipelineCommandHandler.java:handle(106)) - Created Pipeline RATIS THREE PipelineID=108b5ce9-dca6-416e-8789-8194f89f6908.
2021-10-04 02:04:50,639 [Command processor thread] INFO  commandhandler.CreatePipelineCommandHandler (CreatePipelineCommandHandler.java:handle(106)) - Created Pipeline RATIS THREE PipelineID=108b5ce9-dca6-416e-8789-8194f89f6908.
2021-10-04 02:04:50,859 [Listener at 127.0.0.1/10960] INFO  ozone.MiniOzoneClusterImpl (MiniOzoneClusterImpl.java:lambda$waitForClusterToBeReady$0(235)) - Nodes are ready. Got 3 of 3 DN Heartbeats.
2021-10-04 02:04:50,859 [Listener at 127.0.0.1/10960] INFO  ozone.MiniOzoneClusterImpl (MiniOzoneClusterImpl.java:lambda$waitForClusterToBeReady$0(238)) - Waiting for cluster to exit safe mode
2021-10-04 02:04:50,859 [Listener at 127.0.0.1/10960] INFO  ozone.MiniOzoneClusterImpl (MiniOzoneClusterImpl.java:lambda$waitForClusterToBeReady$0(240)) - SCM became leader
2021-10-04 02:04:50,887 [Command processor thread] INFO  server.RaftServer (RaftServerProxy.java:addNew(95)) - 0db60050-3417-4221-94cf-c6ca2a56f712: addNew group-188CE2807762:[0db60050-3417-4221-94cf-c6ca2a56f712|rpc:127.0.0.1:44551|priority:1] returns group-188CE2807762:java.util.concurrent.CompletableFuture@1d8f537b[Not completed]
2021-10-04 02:04:50,888 [pool-306-thread-1] INFO  server.RaftServer$Division (RaftServerImpl.java:<init>(181)) - 0db60050-3417-4221-94cf-c6ca2a56f712: new RaftServerImpl for group-188CE2807762:[0db60050-3417-4221-94cf-c6ca2a56f712|rpc:127.0.0.1:44551|priority:1] with ContainerStateMachine:uninitialized
2021-10-04 02:04:50,888 [pool-306-thread-1] INFO  server.RaftServerConfigKeys (ConfUtils.java:logGet(44)) - raft.server.rpc.timeout.min = 5s (custom)
2021-10-04 02:04:50,888 [pool-306-thread-1] INFO  server.RaftServerConfigKeys (ConfUtils.java:logGet(44)) - raft.server.rpc.timeout.max = 5200ms (custom)
2021-10-04 02:04:50,888 [pool-306-thread-1] INFO  server.RaftServerConfigKeys (ConfUtils.java:logGet(44)) - raft.server.rpc.sleep.time = 25ms (default)
2021-10-04 02:04:50,888 [pool-306-thread-1] INFO  server.RaftServerConfigKeys (ConfUtils.java:logGet(44)) - raft.server.rpc.slowness.timeout = 300s (custom)
2021-10-04 02:04:50,889 [pool-306-thread-1] INFO  server.RaftServerConfigKeys (ConfUtils.java:logGet(44)) - raft.server.leaderelection.leader.step-down.wait-time = 10s (default)
2021-10-04 02:04:50,889 [pool-306-thread-1] INFO  server.RaftServerConfigKeys (ConfUtils.java:logGet(44)) - raft.server.sleep.deviation.threshold = 300ms (default)
2021-10-04 02:04:50,889 [pool-306-thread-1] INFO  server.RaftServerConfigKeys (ConfUtils.java:logGet(44)) - raft.server.log.appender.install.snapshot.enabled = false (custom)
2021-10-04 02:04:50,889 [pool-306-thread-1] INFO  server.RaftServer$Division (ServerState.java:<init>(105)) - 0db60050-3417-4221-94cf-c6ca2a56f712@group-188CE2807762: ConfigurationManager, init=-1: [0db60050-3417-4221-94cf-c6ca2a56f712|rpc:127.0.0.1:44551|priority:1], old=null, confs=<EMPTY_MAP>
2021-10-04 02:04:50,889 [pool-306-thread-1] INFO  server.RaftServerConfigKeys (ConfUtils.java:logGet(44)) - raft.server.storage.dir = [/home/runner/work/ozone/ozone/hadoop-ozone/integration-test/target/test-dir/MiniOzoneClusterImpl-aa9d709b-e9e6-4188-94b0-5e66da880090/datanode-2/data/ratis] (custom)
2021-10-04 02:04:50,889 [pool-306-thread-1] INFO  server.RaftServerConfigKeys (ConfUtils.java:logGet(44)) - raft.server.log.corruption.policy = EXCEPTION (default)
2021-10-04 02:04:50,889 [pool-306-thread-1] INFO  server.RaftServerConfigKeys (ConfUtils.java:logGet(44)) - raft.server.storage.free-space.min = 0MB (=0) (default)
2021-10-04 02:04:50,889 [pool-306-thread-1] INFO  storage.RaftStorageDirectory (RaftStorageDirectoryImpl.java:analyzeStorage(135)) - The storage directory /home/runner/work/ozone/ozone/hadoop-ozone/integration-test/target/test-dir/MiniOzoneClusterImpl-aa9d709b-e9e6-4188-94b0-5e66da880090/datanode-2/data/ratis/69f41031-487d-4ec5-80a7-188ce2807762 does not exist. Creating ...
2021-10-04 02:04:50,891 [pool-306-thread-1] INFO  storage.RaftStorageDirectory (RaftStorageDirectoryImpl.java:tryLock(230)) - Lock on /home/runner/work/ozone/ozone/hadoop-ozone/integration-test/target/test-dir/MiniOzoneClusterImpl-aa9d709b-e9e6-4188-94b0-5e66da880090/datanode-2/data/ratis/69f41031-487d-4ec5-80a7-188ce2807762/in_use.lock acquired by nodename 17819@fv-az396-153
2021-10-04 02:04:50,894 [pool-306-thread-1] INFO  storage.RaftStorage (RaftStorageImpl.java:format(89)) - Storage directory /home/runner/work/ozone/ozone/hadoop-ozone/integration-test/target/test-dir/MiniOzoneClusterImpl-aa9d709b-e9e6-4188-94b0-5e66da880090/datanode-2/data/ratis/69f41031-487d-4ec5-80a7-188ce2807762 has been successfully formatted.
2021-10-04 02:04:50,894 [pool-306-thread-1] INFO  ratis.ContainerStateMachine (ContainerStateMachine.java:loadSnapshot(224)) - group-188CE2807762: The snapshot info is null. Setting the last applied indexto:(t:0, i:~)
2021-10-04 02:04:50,894 [pool-306-thread-1] INFO  server.RaftServerConfigKeys (ConfUtils.java:logGet(44)) - raft.server.notification.no-leader.timeout = 300s (custom)
2021-10-04 02:04:50,894 [pool-306-thread-1] INFO  server.RaftServerConfigKeys (ConfUtils.java:logGet(44)) - raft.server.log.use.memory = false (default)
2021-10-04 02:04:50,894 [pool-306-thread-1] INFO  server.RaftServerConfigKeys (ConfUtils.java:logGet(44)) - raft.server.log.purge.gap = 1000000 (custom)
2021-10-04 02:04:50,894 [pool-306-thread-1] INFO  server.RaftServerConfigKeys (ConfUtils.java:logGet(44)) - raft.server.log.appender.buffer.byte-limit = 33554432 (custom)
2021-10-04 02:04:50,895 [pool-306-thread-1] INFO  server.RaftServerConfigKeys (ConfUtils.java:logGet(44)) - raft.server.log.segment.size.max = 1048576 (custom)
2021-10-04 02:04:50,895 [pool-306-thread-1] INFO  server.RaftServerConfigKeys (ConfUtils.java:logGet(44)) - raft.server.log.segment.cache.num.max = 2 (custom)
2021-10-04 02:04:50,895 [pool-306-thread-1] INFO  server.RaftServerConfigKeys (ConfUtils.java:logGet(44)) - raft.server.log.segment.cache.size.max = 200MB (=209715200) (default)
2021-10-04 02:04:50,895 [pool-306-thread-1] INFO  segmented.SegmentedRaftLogWorker (SegmentedRaftLogWorker.java:<init>(182)) - new 0db60050-3417-4221-94cf-c6ca2a56f712@group-188CE2807762-SegmentedRaftLogWorker for RaftStorageImpl:Storage Directory /home/runner/work/ozone/ozone/hadoop-ozone/integration-test/target/test-dir/MiniOzoneClusterImpl-aa9d709b-e9e6-4188-94b0-5e66da880090/datanode-2/data/ratis/69f41031-487d-4ec5-80a7-188ce2807762
2021-10-04 02:04:50,895 [pool-306-thread-1] INFO  server.RaftServerConfigKeys (ConfUtils.java:logGet(44)) - raft.server.log.queue.byte-limit = 2147483647 (custom)
2021-10-04 02:04:50,895 [pool-306-thread-1] INFO  server.RaftServerConfigKeys (ConfUtils.java:logGet(44)) - raft.server.log.queue.element-limit = 1024 (custom)
2021-10-04 02:04:50,895 [pool-306-thread-1] INFO  server.RaftServerConfigKeys (ConfUtils.java:logGet(44)) - raft.server.log.segment.size.max = 1048576 (custom)
2021-10-04 02:04:50,895 [pool-306-thread-1] INFO  server.RaftServerConfigKeys (ConfUtils.java:logGet(44)) - raft.server.log.preallocated.size = 16384 (custom)
2021-10-04 02:04:50,895 [pool-306-thread-1] INFO  server.RaftServerConfigKeys (ConfUtils.java:logGet(44)) - raft.server.log.force.sync.num = 128 (default)
2021-10-04 02:04:50,896 [pool-306-thread-1] INFO  server.RaftServerConfigKeys (ConfUtils.java:logGet(44)) - raft.server.log.statemachine.data.sync = true (default)
2021-10-04 02:04:50,896 [pool-306-thread-1] INFO  server.RaftServerConfigKeys (ConfUtils.java:logGet(44)) - raft.server.log.statemachine.data.sync.timeout = 10s (default)
2021-10-04 02:04:50,896 [pool-306-thread-1] INFO  server.RaftServerConfigKeys (ConfUtils.java:logGet(44)) - raft.server.log.statemachine.data.sync.timeout.retry = -1 (default)
2021-10-04 02:04:50,896 [pool-306-thread-1] INFO  server.RaftServerConfigKeys (ConfUtils.java:logGet(44)) - raft.server.log.write.buffer.size = 1048576 (custom)
2021-10-04 02:04:50,897 [pool-306-thread-1] INFO  server.RaftServerConfigKeys (ConfUtils.java:logGet(44)) - raft.server.log.statemachine.data.caching.enabled = true (custom)
2021-10-04 02:04:50,897 [pool-306-thread-1] INFO  segmented.SegmentedRaftLogWorker (SegmentedRaftLogWorker.java:lambda$new$0(133)) - 0db60050-3417-4221-94cf-c6ca2a56f712@group-188CE2807762-SegmentedRaftLogWorker: flushIndex: setUnconditionally 0 -> -1
2021-10-04 02:04:50,897 [pool-306-thread-1] INFO  segmented.SegmentedRaftLogWorker (SegmentedRaftLogWorker.java:lambda$new$0(133)) - 0db60050-3417-4221-94cf-c6ca2a56f712@group-188CE2807762-SegmentedRaftLogWorker: safeCacheEvictIndex: setUnconditionally 0 -> -1
2021-10-04 02:04:50,902 [EventQueue-PipelineReportForPipelineReportHandler] INFO  pipeline.PipelineManagerImpl (PipelineManagerImpl.java:openPipeline(282)) - Pipeline Pipeline[ Id: 69f41031-487d-4ec5-80a7-188ce2807762, Nodes: 0db60050-3417-4221-94cf-c6ca2a56f712{ip: 127.0.0.1, host: localhost, ports: [REPLICATION=43153, RATIS=44551, RATIS_ADMIN=44551, RATIS_SERVER=44551, STANDALONE=46239], networkLocation: /default-rack, certSerialId: null, persistedOpState: IN_SERVICE, persistedOpStateExpiryEpochSec: 0}, ReplicationConfig: RATIS/ONE, State:ALLOCATED, leaderId:0db60050-3417-4221-94cf-c6ca2a56f712, CreationTimestamp2021-10-04T02:04:47.893Z[Etc/UTC]] moved to OPEN state
2021-10-04 02:04:50,903 [EventQueue-PipelineReportForPipelineReportHandler] INFO  ha.SCMHAInvocationHandler (SCMHAInvocationHandler.java:invokeRatis(113)) - Invoking method public abstract void org.apache.hadoop.hdds.scm.pipeline.PipelineStateManager.updatePipelineState(org.apache.hadoop.hdds.protocol.proto.HddsProtos$PipelineID,org.apache.hadoop.hdds.protocol.proto.HddsProtos$PipelineState) throws java.io.IOException on target org.apache.hadoop.hdds.scm.ha.SCMRatisServerImpl@563734aa, cost 223.501us
2021-10-04 02:04:50,904 [EventQueue-PipelineReportForPipelineReportHandler] INFO  pipeline.PipelineManagerImpl (PipelineManagerImpl.java:openPipeline(282)) - Pipeline Pipeline[ Id: 69f41031-487d-4ec5-80a7-188ce2807762, Nodes: 0db60050-3417-4221-94cf-c6ca2a56f712{ip: 127.0.0.1, host: localhost, ports: [REPLICATION=43153, RATIS=44551, RATIS_ADMIN=44551, RATIS_SERVER=44551, STANDALONE=46239], networkLocation: /default-rack, certSerialId: null, persistedOpState: IN_SERVICE, persistedOpStateExpiryEpochSec: 0}, ReplicationConfig: RATIS/ONE, State:ALLOCATED, leaderId:0db60050-3417-4221-94cf-c6ca2a56f712, CreationTimestamp2021-10-04T02:04:47.893Z[Etc/UTC]] moved to OPEN state
2021-10-04 02:04:50,909 [pool-306-thread-1] INFO  server.RaftServerConfigKeys (ConfUtils.java:logGet(44)) - raft.server.snapshot.auto.trigger.enabled = true (custom)
2021-10-04 02:04:50,909 [pool-306-thread-1] INFO  server.RaftServerConfigKeys (ConfUtils.java:logGet(44)) - raft.server.snapshot.auto.trigger.threshold = 10000 (custom)
2021-10-04 02:04:50,909 [pool-306-thread-1] INFO  server.RaftServerConfigKeys (ConfUtils.java:logGet(44)) - raft.server.snapshot.retention.file.num = 5 (custom)
2021-10-04 02:04:50,909 [pool-306-thread-1] INFO  server.RaftServerConfigKeys (ConfUtils.java:logGet(44)) - raft.server.log.purge.upto.snapshot.index = false (default)
2021-10-04 02:04:50,910 [d10ebfff-67c6-465e-b891-a6f4e9e1af69@group-5E66DA880090-StateMachineUpdater] INFO  ha.SCMStateMachine (SCMStateMachine.java:takeSnapshot(290)) - Current Snapshot Index 20, takeSnapshot took 0 ms
2021-10-04 02:04:50,910 [d10ebfff-67c6-465e-b891-a6f4e9e1af69@group-5E66DA880090-StateMachineUpdater] INFO  impl.StateMachineUpdater (StateMachineUpdater.java:takeSnapshot(281)) - d10ebfff-67c6-465e-b891-a6f4e9e1af69@group-5E66DA880090-StateMachineUpdater: Took a snapshot at index 20
2021-10-04 02:04:50,910 [d10ebfff-67c6-465e-b891-a6f4e9e1af69@group-5E66DA880090-StateMachineUpdater] INFO  impl.StateMachineUpdater (StateMachineUpdater.java:lambda$new$0(89)) - d10ebfff-67c6-465e-b891-a6f4e9e1af69@group-5E66DA880090-StateMachineUpdater: snapshotIndex: updateIncreasingly 15 -> 20
2021-10-04 02:04:50,910 [d10ebfff-67c6-465e-b891-a6f4e9e1af69@group-5E66DA880090-StateMachineUpdater] INFO  raftlog.RaftLog (RaftLogBase.java:purge(306)) - d10ebfff-67c6-465e-b891-a6f4e9e1af69@group-5E66DA880090-SegmentedRaftLog: purge 20
2021-10-04 02:04:50,910 [d10ebfff-67c6-465e-b891-a6f4e9e1af69@group-5E66DA880090-StateMachineUpdater] INFO  raftlog.RaftLog (RaftLogBase.java:lambda$new$0(53)) - d10ebfff-67c6-465e-b891-a6f4e9e1af69@group-5E66DA880090-SegmentedRaftLog: snapshotIndex: updateIncreasingly 15 -> 20
2021-10-04 02:04:50,911 [d10ebfff-67c6-465e-b891-a6f4e9e1af69@group-5E66DA880090-StateMachineUpdater] INFO  raftlog.RaftLog (RaftLogBase.java:lambda$new$0(53)) - d10ebfff-67c6-465e-b891-a6f4e9e1af69@group-5E66DA880090-SegmentedRaftLog: purgeIndex: updateToMax old=15, new=20, updated? true
2021-10-04 02:04:50,911 [2dc1c52f-fb9b-4367-bdf1-93ff3bf143d5@group-5E66DA880090-StateMachineUpdater] INFO  safemode.HealthyPipelineSafeModeRule (HealthyPipelineSafeModeRule.java:initializeRule(152)) - Refreshed total pipeline count is 0, healthy pipeline threshold count is 1
2021-10-04 02:04:50,911 [EventQueue-PipelineReportForPipelineReportHandler] INFO  ha.SCMHAInvocationHandler (SCMHAInvocationHandler.java:invokeRatis(113)) - Invoking method public abstract void org.apache.hadoop.hdds.scm.pipeline.PipelineStateManager.updatePipelineState(org.apache.hadoop.hdds.protocol.proto.HddsProtos$PipelineID,org.apache.hadoop.hdds.protocol.proto.HddsProtos$PipelineState) throws java.io.IOException on target org.apache.hadoop.hdds.scm.ha.SCMRatisServerImpl@72dd0597, cost 7638.616us
2021-10-04 02:04:50,912 [EventQueue-OpenPipelineForHealthyPipelineSafeModeRule] INFO  safemode.SCMSafeModeManager (HealthyPipelineSafeModeRule.java:process(124)) - SCM in safe mode. Healthy pipelines reported count is 0, required healthy pipeline reported count is 1
2021-10-04 02:04:50,913 [pool-306-thread-1] INFO  server.RaftServerConfigKeys (ConfUtils.java:logGet(44)) - raft.server.retrycache.expirytime = 600000ms (custom)
2021-10-04 02:04:50,913 [pool-306-thread-1] INFO  server.RaftServerConfigKeys (ConfUtils.java:logGet(44)) - raft.server.retrycache.statistics.expirytime = 100μs (default)
2021-10-04 02:04:50,914 [pool-306-thread-1] INFO  server.RaftServer$Division (RaftServerImpl.java:start(296)) - 0db60050-3417-4221-94cf-c6ca2a56f712@group-188CE2807762: start as a follower, conf=-1: [0db60050-3417-4221-94cf-c6ca2a56f712|rpc:127.0.0.1:44551|priority:1], old=null
2021-10-04 02:04:50,915 [pool-306-thread-1] INFO  server.RaftServer$Division (RaftServerImpl.java:setRole(285)) - 0db60050-3417-4221-94cf-c6ca2a56f712@group-188CE2807762: changes role from      null to FOLLOWER at term 0 for startAsFollower
2021-10-04 02:04:50,922 [pool-306-thread-1] INFO  impl.RoleInfo (RoleInfo.java:updateAndGet(130)) - 0db60050-3417-4221-94cf-c6ca2a56f712: start 0db60050-3417-4221-94cf-c6ca2a56f712@group-188CE2807762-FollowerState
2021-10-04 02:04:50,923 [d10ebfff-67c6-465e-b891-a6f4e9e1af69@group-5E66DA880090-StateMachineUpdater] INFO  safemode.HealthyPipelineSafeModeRule (HealthyPipelineSafeModeRule.java:initializeRule(152)) - Refreshed total pipeline count is 0, healthy pipeline threshold count is 1
2021-10-04 02:04:50,931 [pool-306-thread-1] INFO  util.JmxRegister (JmxRegister.java:tryRegister(44)) - Successfully registered JMX Bean with object name Ratis:service=RaftServer,group=group-188CE2807762,id=0db60050-3417-4221-94cf-c6ca2a56f712
2021-10-04 02:04:50,938 [Command processor thread] INFO  ratis.XceiverServerRatis (XceiverServerRatis.java:addGroup(763)) - Created group PipelineID=69f41031-487d-4ec5-80a7-188ce2807762
2021-10-04 02:04:50,938 [Command processor thread] INFO  commandhandler.CreatePipelineCommandHandler (CreatePipelineCommandHandler.java:handle(106)) - Created Pipeline RATIS ONE PipelineID=69f41031-487d-4ec5-80a7-188ce2807762.
2021-10-04 02:04:51,075 [EventQueue-OpenPipelineForHealthyPipelineSafeModeRule] INFO  safemode.SCMSafeModeManager (HealthyPipelineSafeModeRule.java:process(124)) - SCM in safe mode. Healthy pipelines reported count is 0, required healthy pipeline reported count is 1
2021-10-04 02:04:51,076 [EventQueue-OpenPipelineForHealthyPipelineSafeModeRule] INFO  safemode.SCMSafeModeManager (HealthyPipelineSafeModeRule.java:process(124)) - SCM in safe mode. Healthy pipelines reported count is 0, required healthy pipeline reported count is 1
2021-10-04 02:04:51,351 [EventQueue-OpenPipelineForHealthyPipelineSafeModeRule] INFO  safemode.SCMSafeModeManager (HealthyPipelineSafeModeRule.java:process(124)) - SCM in safe mode. Healthy pipelines reported count is 0, required healthy pipeline reported count is 1
2021-10-04 02:04:51,355 [EventQueue-OpenPipelineForHealthyPipelineSafeModeRule] INFO  safemode.SCMSafeModeManager (HealthyPipelineSafeModeRule.java:process(124)) - SCM in safe mode. Healthy pipelines reported count is 0, required healthy pipeline reported count is 1
2021-10-04 02:04:51,418 [EndpointStateMachine task thread for /127.0.0.1:14511 - 0 ] INFO  ipc.Client (Client.java:handleConnectionFailure(977)) - Retrying connect to server: localhost/127.0.0.1:14511. Already tried 9 time(s); retry policy is RetryUpToMaximumCountWithFixedSleep(maxRetries=15, sleepTime=1000 MILLISECONDS)
2021-10-04 02:04:51,483 [Datanode State Machine Thread - 0] ERROR datanode.RunningDatanodeState (RunningDatanodeState.java:computeNextContainerState(199)) - Error in executing end point task.
java.util.concurrent.ExecutionException: java.util.concurrent.TimeoutException
	at java.util.concurrent.FutureTask.report(FutureTask.java:122)
	at java.util.concurrent.FutureTask.get(FutureTask.java:192)
	at org.apache.hadoop.ozone.container.common.states.datanode.RunningDatanodeState.computeNextContainerState(RunningDatanodeState.java:191)
	at org.apache.hadoop.ozone.container.common.states.datanode.RunningDatanodeState.await(RunningDatanodeState.java:231)
	at org.apache.hadoop.ozone.container.common.states.datanode.RunningDatanodeState.await(RunningDatanodeState.java:50)
	at org.apache.hadoop.ozone.container.common.statemachine.StateContext.execute(StateContext.java:629)
	at org.apache.hadoop.ozone.container.common.statemachine.DatanodeStateMachine.start(DatanodeStateMachine.java:270)
	at org.apache.hadoop.ozone.container.common.statemachine.DatanodeStateMachine.lambda$startDaemon$0(DatanodeStateMachine.java:457)
	at java.lang.Thread.run(Thread.java:748)
Caused by: java.util.concurrent.TimeoutException
	at java.util.concurrent.FutureTask.get(FutureTask.java:205)
	at org.apache.hadoop.ozone.container.common.states.datanode.RunningDatanodeState.lambda$execute$0(RunningDatanodeState.java:149)
	at java.util.concurrent.FutureTask.run(FutureTask.java:266)
	at java.util.concurrent.Executors$RunnableAdapter.call(Executors.java:511)
	at java.util.concurrent.FutureTask.run(FutureTask.java:266)
	at java.util.concurrent.ThreadPoolExecutor.runWorker(ThreadPoolExecutor.java:1149)
	at java.util.concurrent.ThreadPoolExecutor$Worker.run(ThreadPoolExecutor.java:624)
	... 1 more
2021-10-04 02:04:51,575 [EndpointStateMachine task thread for /127.0.0.1:14521 - 0 ] INFO  ipc.Client (Client.java:handleConnectionFailure(977)) - Retrying connect to server: localhost/127.0.0.1:14521. Already tried 7 time(s); retry policy is RetryUpToMaximumCountWithFixedSleep(maxRetries=15, sleepTime=1000 MILLISECONDS)
2021-10-04 02:04:51,580 [EndpointStateMachine task thread for /127.0.0.1:14501 - 0 ] INFO  ipc.Client (Client.java:handleConnectionFailure(977)) - Retrying connect to server: localhost/127.0.0.1:14501. Already tried 9 time(s); retry policy is RetryUpToMaximumCountWithFixedSleep(maxRetries=15, sleepTime=1000 MILLISECONDS)
2021-10-04 02:04:51,860 [Listener at 127.0.0.1/10960] INFO  ozone.MiniOzoneClusterImpl (MiniOzoneClusterImpl.java:lambda$waitForClusterToBeReady$0(235)) - Nodes are ready. Got 3 of 3 DN Heartbeats.
2021-10-04 02:04:51,860 [Listener at 127.0.0.1/10960] INFO  ozone.MiniOzoneClusterImpl (MiniOzoneClusterImpl.java:lambda$waitForClusterToBeReady$0(238)) - Waiting for cluster to exit safe mode
2021-10-04 02:04:51,860 [Listener at 127.0.0.1/10960] INFO  ozone.MiniOzoneClusterImpl (MiniOzoneClusterImpl.java:lambda$waitForClusterToBeReady$0(240)) - SCM became leader
2021-10-04 02:04:52,419 [EndpointStateMachine task thread for /127.0.0.1:14511 - 0 ] INFO  ipc.Client (Client.java:handleConnectionFailure(977)) - Retrying connect to server: localhost/127.0.0.1:14511. Already tried 10 time(s); retry policy is RetryUpToMaximumCountWithFixedSleep(maxRetries=15, sleepTime=1000 MILLISECONDS)
2021-10-04 02:04:52,576 [EndpointStateMachine task thread for /127.0.0.1:14521 - 0 ] INFO  ipc.Client (Client.java:handleConnectionFailure(977)) - Retrying connect to server: localhost/127.0.0.1:14521. Already tried 8 time(s); retry policy is RetryUpToMaximumCountWithFixedSleep(maxRetries=15, sleepTime=1000 MILLISECONDS)
2021-10-04 02:04:52,581 [EndpointStateMachine task thread for /127.0.0.1:14501 - 0 ] INFO  ipc.Client (Client.java:handleConnectionFailure(977)) - Retrying connect to server: localhost/127.0.0.1:14501. Already tried 10 time(s); retry policy is RetryUpToMaximumCountWithFixedSleep(maxRetries=15, sleepTime=1000 MILLISECONDS)
2021-10-04 02:04:52,860 [Listener at 127.0.0.1/10960] INFO  ozone.MiniOzoneClusterImpl (MiniOzoneClusterImpl.java:lambda$waitForClusterToBeReady$0(235)) - Nodes are ready. Got 3 of 3 DN Heartbeats.
2021-10-04 02:04:52,860 [Listener at 127.0.0.1/10960] INFO  ozone.MiniOzoneClusterImpl (MiniOzoneClusterImpl.java:lambda$waitForClusterToBeReady$0(238)) - Waiting for cluster to exit safe mode
2021-10-04 02:04:52,861 [Listener at 127.0.0.1/10960] INFO  ozone.MiniOzoneClusterImpl (MiniOzoneClusterImpl.java:lambda$waitForClusterToBeReady$0(240)) - SCM became leader
2021-10-04 02:04:53,419 [EndpointStateMachine task thread for /127.0.0.1:14511 - 0 ] INFO  ipc.Client (Client.java:handleConnectionFailure(977)) - Retrying connect to server: localhost/127.0.0.1:14511. Already tried 11 time(s); retry policy is RetryUpToMaximumCountWithFixedSleep(maxRetries=15, sleepTime=1000 MILLISECONDS)
2021-10-04 02:04:53,481 [Datanode State Machine Thread - 0] ERROR datanode.RunningDatanodeState (RunningDatanodeState.java:computeNextContainerState(199)) - Error in executing end point task.
java.util.concurrent.ExecutionException: java.util.concurrent.TimeoutException
	at java.util.concurrent.FutureTask.report(FutureTask.java:122)
	at java.util.concurrent.FutureTask.get(FutureTask.java:192)
	at org.apache.hadoop.ozone.container.common.states.datanode.RunningDatanodeState.computeNextContainerState(RunningDatanodeState.java:191)
	at org.apache.hadoop.ozone.container.common.states.datanode.RunningDatanodeState.await(RunningDatanodeState.java:231)
	at org.apache.hadoop.ozone.container.common.states.datanode.RunningDatanodeState.await(RunningDatanodeState.java:50)
	at org.apache.hadoop.ozone.container.common.statemachine.StateContext.execute(StateContext.java:629)
	at org.apache.hadoop.ozone.container.common.statemachine.DatanodeStateMachine.start(DatanodeStateMachine.java:270)
	at org.apache.hadoop.ozone.container.common.statemachine.DatanodeStateMachine.lambda$startDaemon$0(DatanodeStateMachine.java:457)
	at java.lang.Thread.run(Thread.java:748)
Caused by: java.util.concurrent.TimeoutException
	at java.util.concurrent.FutureTask.get(FutureTask.java:205)
	at org.apache.hadoop.ozone.container.common.states.datanode.RunningDatanodeState.lambda$execute$0(RunningDatanodeState.java:149)
	at java.util.concurrent.FutureTask.run(FutureTask.java:266)
	at java.util.concurrent.Executors$RunnableAdapter.call(Executors.java:511)
	at java.util.concurrent.FutureTask.run(FutureTask.java:266)
	at java.util.concurrent.ThreadPoolExecutor.runWorker(ThreadPoolExecutor.java:1149)
	at java.util.concurrent.ThreadPoolExecutor$Worker.run(ThreadPoolExecutor.java:624)
	... 1 more
2021-10-04 02:04:53,484 [Datanode State Machine Thread - 0] ERROR datanode.RunningDatanodeState (RunningDatanodeState.java:computeNextContainerState(199)) - Error in executing end point task.
java.util.concurrent.ExecutionException: java.util.concurrent.TimeoutException
	at java.util.concurrent.FutureTask.report(FutureTask.java:122)
	at java.util.concurrent.FutureTask.get(FutureTask.java:192)
	at org.apache.hadoop.ozone.container.common.states.datanode.RunningDatanodeState.computeNextContainerState(RunningDatanodeState.java:191)
	at org.apache.hadoop.ozone.container.common.states.datanode.RunningDatanodeState.await(RunningDatanodeState.java:231)
	at org.apache.hadoop.ozone.container.common.states.datanode.RunningDatanodeState.await(RunningDatanodeState.java:50)
	at org.apache.hadoop.ozone.container.common.statemachine.StateContext.execute(StateContext.java:629)
	at org.apache.hadoop.ozone.container.common.statemachine.DatanodeStateMachine.start(DatanodeStateMachine.java:270)
	at org.apache.hadoop.ozone.container.common.statemachine.DatanodeStateMachine.lambda$startDaemon$0(DatanodeStateMachine.java:457)
	at java.lang.Thread.run(Thread.java:748)
Caused by: java.util.concurrent.TimeoutException
	at java.util.concurrent.FutureTask.get(FutureTask.java:205)
	at org.apache.hadoop.ozone.container.common.states.datanode.RunningDatanodeState.lambda$execute$0(RunningDatanodeState.java:149)
	at java.util.concurrent.FutureTask.run(FutureTask.java:266)
	at java.util.concurrent.Executors$RunnableAdapter.call(Executors.java:511)
	at java.util.concurrent.FutureTask.run(FutureTask.java:266)
	at java.util.concurrent.ThreadPoolExecutor.runWorker(ThreadPoolExecutor.java:1149)
	at java.util.concurrent.ThreadPoolExecutor$Worker.run(ThreadPoolExecutor.java:624)
	... 1 more
2021-10-04 02:04:53,577 [EndpointStateMachine task thread for /127.0.0.1:14521 - 0 ] INFO  ipc.Client (Client.java:handleConnectionFailure(977)) - Retrying connect to server: localhost/127.0.0.1:14521. Already tried 9 time(s); retry policy is RetryUpToMaximumCountWithFixedSleep(maxRetries=15, sleepTime=1000 MILLISECONDS)
2021-10-04 02:04:53,581 [EndpointStateMachine task thread for /127.0.0.1:14501 - 0 ] INFO  ipc.Client (Client.java:handleConnectionFailure(977)) - Retrying connect to server: localhost/127.0.0.1:14501. Already tried 11 time(s); retry policy is RetryUpToMaximumCountWithFixedSleep(maxRetries=15, sleepTime=1000 MILLISECONDS)
2021-10-04 02:04:53,861 [Listener at 127.0.0.1/10960] INFO  ozone.MiniOzoneClusterImpl (MiniOzoneClusterImpl.java:lambda$waitForClusterToBeReady$0(235)) - Nodes are ready. Got 3 of 3 DN Heartbeats.
2021-10-04 02:04:53,861 [Listener at 127.0.0.1/10960] INFO  ozone.MiniOzoneClusterImpl (MiniOzoneClusterImpl.java:lambda$waitForClusterToBeReady$0(238)) - Waiting for cluster to exit safe mode
2021-10-04 02:04:53,861 [Listener at 127.0.0.1/10960] INFO  ozone.MiniOzoneClusterImpl (MiniOzoneClusterImpl.java:lambda$waitForClusterToBeReady$0(240)) - SCM became leader
2021-10-04 02:04:54,420 [EndpointStateMachine task thread for /127.0.0.1:14511 - 0 ] INFO  ipc.Client (Client.java:handleConnectionFailure(977)) - Retrying connect to server: localhost/127.0.0.1:14511. Already tried 12 time(s); retry policy is RetryUpToMaximumCountWithFixedSleep(maxRetries=15, sleepTime=1000 MILLISECONDS)
2021-10-04 02:04:54,483 [Datanode State Machine Thread - 0] ERROR datanode.RunningDatanodeState (RunningDatanodeState.java:computeNextContainerState(199)) - Error in executing end point task.
java.util.concurrent.ExecutionException: java.util.concurrent.TimeoutException
	at java.util.concurrent.FutureTask.report(FutureTask.java:122)
	at java.util.concurrent.FutureTask.get(FutureTask.java:192)
	at org.apache.hadoop.ozone.container.common.states.datanode.RunningDatanodeState.computeNextContainerState(RunningDatanodeState.java:191)
	at org.apache.hadoop.ozone.container.common.states.datanode.RunningDatanodeState.await(RunningDatanodeState.java:231)
	at org.apache.hadoop.ozone.container.common.states.datanode.RunningDatanodeState.await(RunningDatanodeState.java:50)
	at org.apache.hadoop.ozone.container.common.statemachine.StateContext.execute(StateContext.java:629)
	at org.apache.hadoop.ozone.container.common.statemachine.DatanodeStateMachine.start(DatanodeStateMachine.java:270)
	at org.apache.hadoop.ozone.container.common.statemachine.DatanodeStateMachine.lambda$startDaemon$0(DatanodeStateMachine.java:457)
	at java.lang.Thread.run(Thread.java:748)
Caused by: java.util.concurrent.TimeoutException
	at java.util.concurrent.FutureTask.get(FutureTask.java:205)
	at org.apache.hadoop.ozone.container.common.states.datanode.RunningDatanodeState.lambda$execute$0(RunningDatanodeState.java:149)
	at java.util.concurrent.FutureTask.run(FutureTask.java:266)
	at java.util.concurrent.Executors$RunnableAdapter.call(Executors.java:511)
	at java.util.concurrent.FutureTask.run(FutureTask.java:266)
	at java.util.concurrent.ThreadPoolExecutor.runWorker(ThreadPoolExecutor.java:1149)
	at java.util.concurrent.ThreadPoolExecutor$Worker.run(ThreadPoolExecutor.java:624)
	... 1 more
2021-10-04 02:04:54,578 [EndpointStateMachine task thread for /127.0.0.1:14521 - 0 ] INFO  ipc.Client (Client.java:handleConnectionFailure(977)) - Retrying connect to server: localhost/127.0.0.1:14521. Already tried 10 time(s); retry policy is RetryUpToMaximumCountWithFixedSleep(maxRetries=15, sleepTime=1000 MILLISECONDS)
2021-10-04 02:04:54,581 [EndpointStateMachine task thread for /127.0.0.1:14501 - 0 ] INFO  ipc.Client (Client.java:handleConnectionFailure(977)) - Retrying connect to server: localhost/127.0.0.1:14501. Already tried 12 time(s); retry policy is RetryUpToMaximumCountWithFixedSleep(maxRetries=15, sleepTime=1000 MILLISECONDS)
2021-10-04 02:04:54,861 [Listener at 127.0.0.1/10960] INFO  ozone.MiniOzoneClusterImpl (MiniOzoneClusterImpl.java:lambda$waitForClusterToBeReady$0(235)) - Nodes are ready. Got 3 of 3 DN Heartbeats.
2021-10-04 02:04:54,862 [Listener at 127.0.0.1/10960] INFO  ozone.MiniOzoneClusterImpl (MiniOzoneClusterImpl.java:lambda$waitForClusterToBeReady$0(238)) - Waiting for cluster to exit safe mode
2021-10-04 02:04:54,862 [Listener at 127.0.0.1/10960] INFO  ozone.MiniOzoneClusterImpl (MiniOzoneClusterImpl.java:lambda$waitForClusterToBeReady$0(240)) - SCM became leader
2021-10-04 02:04:55,256 [57ec436a-c908-4fec-986d-5c2664f6b5b6@group-38CF24579FA4-FollowerState] INFO  impl.FollowerState (FollowerState.java:run(134)) - 57ec436a-c908-4fec-986d-5c2664f6b5b6@group-38CF24579FA4-FollowerState: change to CANDIDATE, lastRpcElapsedTime:5054539876ns, electionTimeout:5052ms
2021-10-04 02:04:55,256 [57ec436a-c908-4fec-986d-5c2664f6b5b6@group-38CF24579FA4-FollowerState] INFO  impl.RoleInfo (RoleInfo.java:shutdownFollowerState(108)) - 57ec436a-c908-4fec-986d-5c2664f6b5b6: shutdown 57ec436a-c908-4fec-986d-5c2664f6b5b6@group-38CF24579FA4-FollowerState
2021-10-04 02:04:55,256 [57ec436a-c908-4fec-986d-5c2664f6b5b6@group-38CF24579FA4-FollowerState] INFO  server.RaftServer$Division (RaftServerImpl.java:setRole(285)) - 57ec436a-c908-4fec-986d-5c2664f6b5b6@group-38CF24579FA4: changes role from  FOLLOWER to CANDIDATE at term 0 for changeToCandidate
2021-10-04 02:04:55,256 [57ec436a-c908-4fec-986d-5c2664f6b5b6@group-38CF24579FA4-FollowerState] INFO  server.RaftServerConfigKeys (ConfUtils.java:logGet(44)) - raft.server.leaderelection.pre-vote = false (custom)
2021-10-04 02:04:55,256 [57ec436a-c908-4fec-986d-5c2664f6b5b6@group-38CF24579FA4-FollowerState] INFO  impl.RoleInfo (RoleInfo.java:updateAndGet(130)) - 57ec436a-c908-4fec-986d-5c2664f6b5b6: start 57ec436a-c908-4fec-986d-5c2664f6b5b6@group-38CF24579FA4-LeaderElection19
2021-10-04 02:04:55,260 [57ec436a-c908-4fec-986d-5c2664f6b5b6@group-EE36DAE78892-FollowerState] INFO  impl.FollowerState (FollowerState.java:run(134)) - 57ec436a-c908-4fec-986d-5c2664f6b5b6@group-EE36DAE78892-FollowerState: change to CANDIDATE, lastRpcElapsedTime:5098164172ns, electionTimeout:5093ms
2021-10-04 02:04:55,260 [57ec436a-c908-4fec-986d-5c2664f6b5b6@group-EE36DAE78892-FollowerState] INFO  impl.RoleInfo (RoleInfo.java:shutdownFollowerState(108)) - 57ec436a-c908-4fec-986d-5c2664f6b5b6: shutdown 57ec436a-c908-4fec-986d-5c2664f6b5b6@group-EE36DAE78892-FollowerState
2021-10-04 02:04:55,260 [57ec436a-c908-4fec-986d-5c2664f6b5b6@group-EE36DAE78892-FollowerState] INFO  server.RaftServer$Division (RaftServerImpl.java:setRole(285)) - 57ec436a-c908-4fec-986d-5c2664f6b5b6@group-EE36DAE78892: changes role from  FOLLOWER to CANDIDATE at term 0 for changeToCandidate
2021-10-04 02:04:55,267 [57ec436a-c908-4fec-986d-5c2664f6b5b6@group-EE36DAE78892-FollowerState] INFO  server.RaftServerConfigKeys (ConfUtils.java:logGet(44)) - raft.server.leaderelection.pre-vote = false (custom)
2021-10-04 02:04:55,267 [57ec436a-c908-4fec-986d-5c2664f6b5b6@group-EE36DAE78892-FollowerState] INFO  impl.RoleInfo (RoleInfo.java:updateAndGet(130)) - 57ec436a-c908-4fec-986d-5c2664f6b5b6: start 57ec436a-c908-4fec-986d-5c2664f6b5b6@group-EE36DAE78892-LeaderElection20
2021-10-04 02:04:55,280 [57ec436a-c908-4fec-986d-5c2664f6b5b6@group-38CF24579FA4-LeaderElection19] INFO  impl.LeaderElection (LeaderElection.java:askForVotes(306)) - 57ec436a-c908-4fec-986d-5c2664f6b5b6@group-38CF24579FA4-LeaderElection19 ELECTION round 0: submit vote requests at term 1 for -1: [ec22a82e-7388-4328-8fb1-7bec7be40386|rpc:127.0.0.1:39209|priority:0, 0db60050-3417-4221-94cf-c6ca2a56f712|rpc:127.0.0.1:44551|priority:1, 57ec436a-c908-4fec-986d-5c2664f6b5b6|rpc:127.0.0.1:39069|priority:0], old=null
2021-10-04 02:04:55,302 [grpc-default-executor-2] INFO  server.RaftServer$Division (RaftServerImpl.java:requestVote(1043)) - ec22a82e-7388-4328-8fb1-7bec7be40386@group-38CF24579FA4: receive requestVote(ELECTION, 57ec436a-c908-4fec-986d-5c2664f6b5b6, group-38CF24579FA4, 1, (t:0, i:0))
2021-10-04 02:04:55,302 [grpc-default-executor-2] INFO  impl.VoteContext (VoteContext.java:log(48)) - ec22a82e-7388-4328-8fb1-7bec7be40386@group-38CF24579FA4-FOLLOWER: accept ELECTION from 57ec436a-c908-4fec-986d-5c2664f6b5b6: our priority 0 <= candidate's priority 0
2021-10-04 02:04:55,302 [grpc-default-executor-2] INFO  server.RaftServer$Division (RaftServerImpl.java:setRole(285)) - ec22a82e-7388-4328-8fb1-7bec7be40386@group-38CF24579FA4: changes role from  FOLLOWER to FOLLOWER at term 1 for candidate:57ec436a-c908-4fec-986d-5c2664f6b5b6
2021-10-04 02:04:55,302 [grpc-default-executor-2] INFO  impl.RoleInfo (RoleInfo.java:shutdownFollowerState(108)) - ec22a82e-7388-4328-8fb1-7bec7be40386: shutdown ec22a82e-7388-4328-8fb1-7bec7be40386@group-38CF24579FA4-FollowerState
2021-10-04 02:04:55,313 [57ec436a-c908-4fec-986d-5c2664f6b5b6@group-EE36DAE78892-LeaderElection20] INFO  impl.LeaderElection (LeaderElection.java:askForVotes(306)) - 57ec436a-c908-4fec-986d-5c2664f6b5b6@group-EE36DAE78892-LeaderElection20 ELECTION round 0: submit vote requests at term 1 for -1: [57ec436a-c908-4fec-986d-5c2664f6b5b6|rpc:127.0.0.1:39069|priority:1], old=null
2021-10-04 02:04:55,313 [57ec436a-c908-4fec-986d-5c2664f6b5b6@group-EE36DAE78892-LeaderElection20] INFO  impl.LeaderElection (LeaderElection.java:askForVotes(308)) - 57ec436a-c908-4fec-986d-5c2664f6b5b6@group-EE36DAE78892-LeaderElection20 ELECTION round 0: result PASSED (term=1)
2021-10-04 02:04:55,313 [57ec436a-c908-4fec-986d-5c2664f6b5b6@group-EE36DAE78892-LeaderElection20] INFO  impl.RoleInfo (RoleInfo.java:shutdownLeaderElection(121)) - 57ec436a-c908-4fec-986d-5c2664f6b5b6: shutdown 57ec436a-c908-4fec-986d-5c2664f6b5b6@group-EE36DAE78892-LeaderElection20
2021-10-04 02:04:55,313 [57ec436a-c908-4fec-986d-5c2664f6b5b6@group-EE36DAE78892-LeaderElection20] INFO  server.RaftServer$Division (RaftServerImpl.java:setRole(285)) - 57ec436a-c908-4fec-986d-5c2664f6b5b6@group-EE36DAE78892: changes role from CANDIDATE to LEADER at term 1 for changeToLeader
2021-10-04 02:04:55,313 [57ec436a-c908-4fec-986d-5c2664f6b5b6@group-EE36DAE78892-LeaderElection20] INFO  ratis.XceiverServerRatis (XceiverServerRatis.java:handleLeaderChangedNotification(861)) - Leader change notification received for group: group-EE36DAE78892 with new leaderId: 57ec436a-c908-4fec-986d-5c2664f6b5b6
2021-10-04 02:04:55,313 [57ec436a-c908-4fec-986d-5c2664f6b5b6@group-EE36DAE78892-LeaderElection20] INFO  server.RaftServer$Division (ServerState.java:setLeader(285)) - 57ec436a-c908-4fec-986d-5c2664f6b5b6@group-EE36DAE78892: change Leader from null to 57ec436a-c908-4fec-986d-5c2664f6b5b6 at term 1 for becomeLeader, leader elected after 5223ms
2021-10-04 02:04:55,313 [57ec436a-c908-4fec-986d-5c2664f6b5b6@group-EE36DAE78892-LeaderElection20] INFO  server.RaftServerConfigKeys (ConfUtils.java:logGet(44)) - raft.server.staging.catchup.gap = 1000 (default)
2021-10-04 02:04:55,313 [57ec436a-c908-4fec-986d-5c2664f6b5b6@group-EE36DAE78892-LeaderElection20] INFO  server.RaftServerConfigKeys (ConfUtils.java:logGet(44)) - raft.server.write.element-limit = 1024 (custom)
2021-10-04 02:04:55,314 [57ec436a-c908-4fec-986d-5c2664f6b5b6@group-EE36DAE78892-LeaderElection20] INFO  server.RaftServerConfigKeys (ConfUtils.java:logGet(44)) - raft.server.write.byte-limit = 1024 M (=1073741824) (custom)
2021-10-04 02:04:55,314 [57ec436a-c908-4fec-986d-5c2664f6b5b6@group-EE36DAE78892-LeaderElection20] INFO  server.RaftServerConfigKeys (ConfUtils.java:logGet(44)) - raft.server.watch.timeout = 180s (custom)
2021-10-04 02:04:55,314 [57ec436a-c908-4fec-986d-5c2664f6b5b6@group-EE36DAE78892-LeaderElection20] INFO  server.RaftServerConfigKeys (ConfUtils.java:logGet(44)) - raft.server.watch.timeout.denomination = 1s (default)
2021-10-04 02:04:55,314 [57ec436a-c908-4fec-986d-5c2664f6b5b6@group-EE36DAE78892-LeaderElection20] INFO  server.RaftServerConfigKeys (ConfUtils.java:logGet(44)) - raft.server.watch.element-limit = 65536 (default)
2021-10-04 02:04:55,314 [57ec436a-c908-4fec-986d-5c2664f6b5b6@group-EE36DAE78892-LeaderElection20] INFO  impl.RoleInfo (RoleInfo.java:updateAndGet(130)) - 57ec436a-c908-4fec-986d-5c2664f6b5b6: start 57ec436a-c908-4fec-986d-5c2664f6b5b6@group-EE36DAE78892-LeaderStateImpl
2021-10-04 02:04:55,314 [57ec436a-c908-4fec-986d-5c2664f6b5b6@group-EE36DAE78892-LeaderElection20] INFO  segmented.SegmentedRaftLogWorker (SegmentedRaftLogWorker.java:startLogSegment(394)) - 57ec436a-c908-4fec-986d-5c2664f6b5b6@group-EE36DAE78892-SegmentedRaftLogWorker: Starting segment from index:0
2021-10-04 02:04:55,315 [57ec436a-c908-4fec-986d-5c2664f6b5b6@group-EE36DAE78892-SegmentedRaftLogWorker] INFO  segmented.SegmentedRaftLogWorker (SegmentedRaftLogWorker.java:execute(601)) - 57ec436a-c908-4fec-986d-5c2664f6b5b6@group-EE36DAE78892-SegmentedRaftLogWorker: created new log segment /home/runner/work/ozone/ozone/hadoop-ozone/integration-test/target/test-dir/MiniOzoneClusterImpl-aa9d709b-e9e6-4188-94b0-5e66da880090/datanode-0/data/ratis/80d85b7f-9776-471d-a4ba-ee36dae78892/current/log_inprogress_0
2021-10-04 02:04:55,317 [EventQueue-OpenPipelineForHealthyPipelineSafeModeRule] INFO  safemode.SCMSafeModeManager (HealthyPipelineSafeModeRule.java:process(124)) - SCM in safe mode. Healthy pipelines reported count is 0, required healthy pipeline reported count is 1
2021-10-04 02:04:55,317 [EventQueue-OpenPipelineForHealthyPipelineSafeModeRule] INFO  safemode.SCMSafeModeManager (HealthyPipelineSafeModeRule.java:process(124)) - SCM in safe mode. Healthy pipelines reported count is 0, required healthy pipeline reported count is 1
2021-10-04 02:04:55,318 [grpc-default-executor-1] INFO  server.RaftServer$Division (RaftServerImpl.java:requestVote(1043)) - 0db60050-3417-4221-94cf-c6ca2a56f712@group-38CF24579FA4: receive requestVote(ELECTION, 57ec436a-c908-4fec-986d-5c2664f6b5b6, group-38CF24579FA4, 1, (t:0, i:0))
2021-10-04 02:04:55,318 [grpc-default-executor-1] INFO  impl.VoteContext (VoteContext.java:log(48)) - 0db60050-3417-4221-94cf-c6ca2a56f712@group-38CF24579FA4-FOLLOWER: reject ELECTION from 57ec436a-c908-4fec-986d-5c2664f6b5b6: our priority 1 > candidate's priority 0
2021-10-04 02:04:55,318 [grpc-default-executor-1] INFO  server.RaftServer$Division (RaftServerImpl.java:setRole(285)) - 0db60050-3417-4221-94cf-c6ca2a56f712@group-38CF24579FA4: changes role from  FOLLOWER to FOLLOWER at term 1 for candidate:57ec436a-c908-4fec-986d-5c2664f6b5b6
2021-10-04 02:04:55,318 [grpc-default-executor-1] INFO  impl.RoleInfo (RoleInfo.java:shutdownFollowerState(108)) - 0db60050-3417-4221-94cf-c6ca2a56f712: shutdown 0db60050-3417-4221-94cf-c6ca2a56f712@group-38CF24579FA4-FollowerState
2021-10-04 02:04:55,327 [57ec436a-c908-4fec-986d-5c2664f6b5b6@group-EE36DAE78892-LeaderElection20] INFO  server.RaftServer$Division (ServerState.java:setRaftConf(387)) - 57ec436a-c908-4fec-986d-5c2664f6b5b6@group-EE36DAE78892: set configuration 0: [57ec436a-c908-4fec-986d-5c2664f6b5b6|rpc:127.0.0.1:39069|dataStream:|priority:1], old=null
2021-10-04 02:04:55,327 [grpc-default-executor-1] INFO  impl.RoleInfo (RoleInfo.java:updateAndGet(130)) - 0db60050-3417-4221-94cf-c6ca2a56f712: start 0db60050-3417-4221-94cf-c6ca2a56f712@group-38CF24579FA4-FollowerState
2021-10-04 02:04:55,327 [0db60050-3417-4221-94cf-c6ca2a56f712@group-38CF24579FA4-FollowerState] INFO  impl.FollowerState (FollowerState.java:run(143)) - 0db60050-3417-4221-94cf-c6ca2a56f712@group-38CF24579FA4-FollowerState was interrupted: {}
java.lang.InterruptedException: sleep interrupted
	at java.lang.Thread.sleep(Native Method)
	at java.lang.Thread.sleep(Thread.java:340)
	at java.util.concurrent.TimeUnit.sleep(TimeUnit.java:386)
	at org.apache.ratis.util.TimeDuration.sleep(TimeDuration.java:324)
	at org.apache.ratis.util.TimeDuration.sleep(TimeDuration.java:309)
	at org.apache.ratis.server.impl.FollowerState.run(FollowerState.java:118)
2021-10-04 02:04:55,331 [grpc-default-executor-1] INFO  server.RaftServer$Division (RaftServerImpl.java:requestVote(1075)) - 0db60050-3417-4221-94cf-c6ca2a56f712@group-38CF24579FA4 replies to ELECTION vote request: 57ec436a-c908-4fec-986d-5c2664f6b5b6<-0db60050-3417-4221-94cf-c6ca2a56f712#0:FAIL-t1. Peer's state: 0db60050-3417-4221-94cf-c6ca2a56f712@group-38CF24579FA4:t1, leader=null, voted=null, raftlog=0db60050-3417-4221-94cf-c6ca2a56f712@group-38CF24579FA4-SegmentedRaftLog:OPENED:c-1,f-1,i0, conf=-1: [ec22a82e-7388-4328-8fb1-7bec7be40386|rpc:127.0.0.1:39209|dataStream:|priority:0, 0db60050-3417-4221-94cf-c6ca2a56f712|rpc:127.0.0.1:44551|dataStream:|priority:1, 57ec436a-c908-4fec-986d-5c2664f6b5b6|rpc:127.0.0.1:39069|dataStream:|priority:0], old=null
2021-10-04 02:04:55,331 [ec22a82e-7388-4328-8fb1-7bec7be40386@group-38CF24579FA4-FollowerState] INFO  impl.FollowerState (FollowerState.java:run(143)) - ec22a82e-7388-4328-8fb1-7bec7be40386@group-38CF24579FA4-FollowerState was interrupted: {}
java.lang.InterruptedException: sleep interrupted
	at java.lang.Thread.sleep(Native Method)
	at java.lang.Thread.sleep(Thread.java:340)
	at java.util.concurrent.TimeUnit.sleep(TimeUnit.java:386)
	at org.apache.ratis.util.TimeDuration.sleep(TimeDuration.java:324)
	at org.apache.ratis.util.TimeDuration.sleep(TimeDuration.java:309)
	at org.apache.ratis.server.impl.FollowerState.run(FollowerState.java:118)
2021-10-04 02:04:55,342 [grpc-default-executor-2] INFO  impl.RoleInfo (RoleInfo.java:updateAndGet(130)) - ec22a82e-7388-4328-8fb1-7bec7be40386: start ec22a82e-7388-4328-8fb1-7bec7be40386@group-38CF24579FA4-FollowerState
2021-10-04 02:04:55,347 [57ec436a-c908-4fec-986d-5c2664f6b5b6@group-38CF24579FA4-LeaderElection19] INFO  impl.LeaderElection (LeaderElection.java:logAndReturn(89)) - 57ec436a-c908-4fec-986d-5c2664f6b5b6@group-38CF24579FA4-LeaderElection19: ELECTION REJECTED received 1 response(s) and 0 exception(s):
2021-10-04 02:04:55,348 [57ec436a-c908-4fec-986d-5c2664f6b5b6@group-38CF24579FA4-LeaderElection19] INFO  impl.LeaderElection (LeaderElection.java:logAndReturn(93)) -   Response 0: 57ec436a-c908-4fec-986d-5c2664f6b5b6<-0db60050-3417-4221-94cf-c6ca2a56f712#0:FAIL-t1
2021-10-04 02:04:55,348 [57ec436a-c908-4fec-986d-5c2664f6b5b6@group-38CF24579FA4-LeaderElection19] INFO  impl.LeaderElection (LeaderElection.java:askForVotes(308)) - 57ec436a-c908-4fec-986d-5c2664f6b5b6@group-38CF24579FA4-LeaderElection19 ELECTION round 0: result REJECTED
2021-10-04 02:04:55,348 [57ec436a-c908-4fec-986d-5c2664f6b5b6@group-38CF24579FA4-LeaderElection19] INFO  server.RaftServer$Division (RaftServerImpl.java:setRole(285)) - 57ec436a-c908-4fec-986d-5c2664f6b5b6@group-38CF24579FA4: changes role from CANDIDATE to FOLLOWER at term 1 for REJECTED
2021-10-04 02:04:55,348 [57ec436a-c908-4fec-986d-5c2664f6b5b6@group-38CF24579FA4-LeaderElection19] INFO  impl.RoleInfo (RoleInfo.java:shutdownLeaderElection(121)) - 57ec436a-c908-4fec-986d-5c2664f6b5b6: shutdown 57ec436a-c908-4fec-986d-5c2664f6b5b6@group-38CF24579FA4-LeaderElection19
2021-10-04 02:04:55,348 [57ec436a-c908-4fec-986d-5c2664f6b5b6@group-38CF24579FA4-LeaderElection19] INFO  impl.RoleInfo (RoleInfo.java:updateAndGet(130)) - 57ec436a-c908-4fec-986d-5c2664f6b5b6: start 57ec436a-c908-4fec-986d-5c2664f6b5b6@group-38CF24579FA4-FollowerState
2021-10-04 02:04:55,349 [grpc-default-executor-2] INFO  server.RaftServer$Division (RaftServerImpl.java:requestVote(1075)) - ec22a82e-7388-4328-8fb1-7bec7be40386@group-38CF24579FA4 replies to ELECTION vote request: 57ec436a-c908-4fec-986d-5c2664f6b5b6<-ec22a82e-7388-4328-8fb1-7bec7be40386#0:OK-t1. Peer's state: ec22a82e-7388-4328-8fb1-7bec7be40386@group-38CF24579FA4:t1, leader=null, voted=57ec436a-c908-4fec-986d-5c2664f6b5b6, raftlog=ec22a82e-7388-4328-8fb1-7bec7be40386@group-38CF24579FA4-SegmentedRaftLog:OPENED:c-1,f-1,i0, conf=-1: [ec22a82e-7388-4328-8fb1-7bec7be40386|rpc:127.0.0.1:39209|dataStream:|priority:0, 0db60050-3417-4221-94cf-c6ca2a56f712|rpc:127.0.0.1:44551|dataStream:|priority:1, 57ec436a-c908-4fec-986d-5c2664f6b5b6|rpc:127.0.0.1:39069|dataStream:|priority:0], old=null
2021-10-04 02:04:55,421 [EndpointStateMachine task thread for /127.0.0.1:14511 - 0 ] INFO  ipc.Client (Client.java:handleConnectionFailure(977)) - Retrying connect to server: localhost/127.0.0.1:14511. Already tried 13 time(s); retry policy is RetryUpToMaximumCountWithFixedSleep(maxRetries=15, sleepTime=1000 MILLISECONDS)
2021-10-04 02:04:55,469 [ec22a82e-7388-4328-8fb1-7bec7be40386@group-7483B4436330-FollowerState] INFO  impl.FollowerState (FollowerState.java:run(134)) - ec22a82e-7388-4328-8fb1-7bec7be40386@group-7483B4436330-FollowerState: change to CANDIDATE, lastRpcElapsedTime:5023328108ns, electionTimeout:5020ms
2021-10-04 02:04:55,469 [ec22a82e-7388-4328-8fb1-7bec7be40386@group-7483B4436330-FollowerState] INFO  impl.RoleInfo (RoleInfo.java:shutdownFollowerState(108)) - ec22a82e-7388-4328-8fb1-7bec7be40386: shutdown ec22a82e-7388-4328-8fb1-7bec7be40386@group-7483B4436330-FollowerState
2021-10-04 02:04:55,469 [ec22a82e-7388-4328-8fb1-7bec7be40386@group-7483B4436330-FollowerState] INFO  server.RaftServer$Division (RaftServerImpl.java:setRole(285)) - ec22a82e-7388-4328-8fb1-7bec7be40386@group-7483B4436330: changes role from  FOLLOWER to CANDIDATE at term 0 for changeToCandidate
2021-10-04 02:04:55,471 [ec22a82e-7388-4328-8fb1-7bec7be40386@group-7483B4436330-FollowerState] INFO  server.RaftServerConfigKeys (ConfUtils.java:logGet(44)) - raft.server.leaderelection.pre-vote = false (custom)
2021-10-04 02:04:55,471 [ec22a82e-7388-4328-8fb1-7bec7be40386@group-7483B4436330-FollowerState] INFO  impl.RoleInfo (RoleInfo.java:updateAndGet(130)) - ec22a82e-7388-4328-8fb1-7bec7be40386: start ec22a82e-7388-4328-8fb1-7bec7be40386@group-7483B4436330-LeaderElection21
2021-10-04 02:04:55,493 [ec22a82e-7388-4328-8fb1-7bec7be40386@group-7483B4436330-LeaderElection21] INFO  impl.LeaderElection (LeaderElection.java:askForVotes(306)) - ec22a82e-7388-4328-8fb1-7bec7be40386@group-7483B4436330-LeaderElection21 ELECTION round 0: submit vote requests at term 1 for -1: [ec22a82e-7388-4328-8fb1-7bec7be40386|rpc:127.0.0.1:39209|priority:1], old=null
2021-10-04 02:04:55,493 [ec22a82e-7388-4328-8fb1-7bec7be40386@group-7483B4436330-LeaderElection21] INFO  impl.LeaderElection (LeaderElection.java:askForVotes(308)) - ec22a82e-7388-4328-8fb1-7bec7be40386@group-7483B4436330-LeaderElection21 ELECTION round 0: result PASSED (term=1)
2021-10-04 02:04:55,493 [ec22a82e-7388-4328-8fb1-7bec7be40386@group-7483B4436330-LeaderElection21] INFO  impl.RoleInfo (RoleInfo.java:shutdownLeaderElection(121)) - ec22a82e-7388-4328-8fb1-7bec7be40386: shutdown ec22a82e-7388-4328-8fb1-7bec7be40386@group-7483B4436330-LeaderElection21
2021-10-04 02:04:55,493 [ec22a82e-7388-4328-8fb1-7bec7be40386@group-7483B4436330-LeaderElection21] INFO  server.RaftServer$Division (RaftServerImpl.java:setRole(285)) - ec22a82e-7388-4328-8fb1-7bec7be40386@group-7483B4436330: changes role from CANDIDATE to LEADER at term 1 for changeToLeader
2021-10-04 02:04:55,493 [ec22a82e-7388-4328-8fb1-7bec7be40386@group-7483B4436330-LeaderElection21] INFO  ratis.XceiverServerRatis (XceiverServerRatis.java:handleLeaderChangedNotification(861)) - Leader change notification received for group: group-7483B4436330 with new leaderId: ec22a82e-7388-4328-8fb1-7bec7be40386
2021-10-04 02:04:55,493 [ec22a82e-7388-4328-8fb1-7bec7be40386@group-7483B4436330-LeaderElection21] INFO  server.RaftServer$Division (ServerState.java:setLeader(285)) - ec22a82e-7388-4328-8fb1-7bec7be40386@group-7483B4436330: change Leader from null to ec22a82e-7388-4328-8fb1-7bec7be40386 at term 1 for becomeLeader, leader elected after 5089ms
2021-10-04 02:04:55,499 [EventQueue-OpenPipelineForHealthyPipelineSafeModeRule] INFO  safemode.SCMSafeModeManager (HealthyPipelineSafeModeRule.java:process(124)) - SCM in safe mode. Healthy pipelines reported count is 0, required healthy pipeline reported count is 1
2021-10-04 02:04:55,499 [ec22a82e-7388-4328-8fb1-7bec7be40386@group-7483B4436330-LeaderElection21] INFO  server.RaftServerConfigKeys (ConfUtils.java:logGet(44)) - raft.server.staging.catchup.gap = 1000 (default)
2021-10-04 02:04:55,499 [ec22a82e-7388-4328-8fb1-7bec7be40386@group-7483B4436330-LeaderElection21] INFO  server.RaftServerConfigKeys (ConfUtils.java:logGet(44)) - raft.server.write.element-limit = 1024 (custom)
2021-10-04 02:04:55,499 [ec22a82e-7388-4328-8fb1-7bec7be40386@group-7483B4436330-LeaderElection21] INFO  server.RaftServerConfigKeys (ConfUtils.java:logGet(44)) - raft.server.write.byte-limit = 1024 M (=1073741824) (custom)
2021-10-04 02:04:55,502 [EventQueue-OpenPipelineForHealthyPipelineSafeModeRule] INFO  safemode.SCMSafeModeManager (HealthyPipelineSafeModeRule.java:process(124)) - SCM in safe mode. Healthy pipelines reported count is 0, required healthy pipeline reported count is 1
2021-10-04 02:04:55,502 [ec22a82e-7388-4328-8fb1-7bec7be40386@group-7483B4436330-LeaderElection21] INFO  server.RaftServerConfigKeys (ConfUtils.java:logGet(44)) - raft.server.watch.timeout = 180s (custom)
2021-10-04 02:04:55,502 [ec22a82e-7388-4328-8fb1-7bec7be40386@group-7483B4436330-LeaderElection21] INFO  server.RaftServerConfigKeys (ConfUtils.java:logGet(44)) - raft.server.watch.timeout.denomination = 1s (default)
2021-10-04 02:04:55,502 [ec22a82e-7388-4328-8fb1-7bec7be40386@group-7483B4436330-LeaderElection21] INFO  server.RaftServerConfigKeys (ConfUtils.java:logGet(44)) - raft.server.watch.element-limit = 65536 (default)
2021-10-04 02:04:55,502 [ec22a82e-7388-4328-8fb1-7bec7be40386@group-7483B4436330-LeaderElection21] INFO  impl.RoleInfo (RoleInfo.java:updateAndGet(130)) - ec22a82e-7388-4328-8fb1-7bec7be40386: start ec22a82e-7388-4328-8fb1-7bec7be40386@group-7483B4436330-LeaderStateImpl
2021-10-04 02:04:55,502 [ec22a82e-7388-4328-8fb1-7bec7be40386@group-7483B4436330-LeaderElection21] INFO  segmented.SegmentedRaftLogWorker (SegmentedRaftLogWorker.java:startLogSegment(394)) - ec22a82e-7388-4328-8fb1-7bec7be40386@group-7483B4436330-SegmentedRaftLogWorker: Starting segment from index:0
2021-10-04 02:04:55,504 [ec22a82e-7388-4328-8fb1-7bec7be40386@group-7483B4436330-SegmentedRaftLogWorker] INFO  segmented.SegmentedRaftLogWorker (SegmentedRaftLogWorker.java:execute(601)) - ec22a82e-7388-4328-8fb1-7bec7be40386@group-7483B4436330-SegmentedRaftLogWorker: created new log segment /home/runner/work/ozone/ozone/hadoop-ozone/integration-test/target/test-dir/MiniOzoneClusterImpl-aa9d709b-e9e6-4188-94b0-5e66da880090/datanode-1/data/ratis/b8dd9c14-5eaf-4969-9670-7483b4436330/current/log_inprogress_0
2021-10-04 02:04:55,513 [ec22a82e-7388-4328-8fb1-7bec7be40386@group-7483B4436330-LeaderElection21] INFO  server.RaftServer$Division (ServerState.java:setRaftConf(387)) - ec22a82e-7388-4328-8fb1-7bec7be40386@group-7483B4436330: set configuration 0: [ec22a82e-7388-4328-8fb1-7bec7be40386|rpc:127.0.0.1:39209|dataStream:|priority:1], old=null
2021-10-04 02:04:55,576 [57ec436a-c908-4fec-986d-5c2664f6b5b6@group-8194F89F6908-FollowerState] INFO  impl.FollowerState (FollowerState.java:run(134)) - 57ec436a-c908-4fec-986d-5c2664f6b5b6@group-8194F89F6908-FollowerState: change to CANDIDATE, lastRpcElapsedTime:5037758740ns, electionTimeout:5034ms
2021-10-04 02:04:55,577 [57ec436a-c908-4fec-986d-5c2664f6b5b6@group-8194F89F6908-FollowerState] INFO  impl.RoleInfo (RoleInfo.java:shutdownFollowerState(108)) - 57ec436a-c908-4fec-986d-5c2664f6b5b6: shutdown 57ec436a-c908-4fec-986d-5c2664f6b5b6@group-8194F89F6908-FollowerState
2021-10-04 02:04:55,577 [57ec436a-c908-4fec-986d-5c2664f6b5b6@group-8194F89F6908-FollowerState] INFO  server.RaftServer$Division (RaftServerImpl.java:setRole(285)) - 57ec436a-c908-4fec-986d-5c2664f6b5b6@group-8194F89F6908: changes role from  FOLLOWER to CANDIDATE at term 0 for changeToCandidate
2021-10-04 02:04:55,577 [57ec436a-c908-4fec-986d-5c2664f6b5b6@group-8194F89F6908-FollowerState] INFO  server.RaftServerConfigKeys (ConfUtils.java:logGet(44)) - raft.server.leaderelection.pre-vote = false (custom)
2021-10-04 02:04:55,577 [57ec436a-c908-4fec-986d-5c2664f6b5b6@group-8194F89F6908-FollowerState] INFO  impl.RoleInfo (RoleInfo.java:updateAndGet(130)) - 57ec436a-c908-4fec-986d-5c2664f6b5b6: start 57ec436a-c908-4fec-986d-5c2664f6b5b6@group-8194F89F6908-LeaderElection22
2021-10-04 02:04:55,578 [EndpointStateMachine task thread for /127.0.0.1:14521 - 0 ] INFO  ipc.Client (Client.java:handleConnectionFailure(977)) - Retrying connect to server: localhost/127.0.0.1:14521. Already tried 11 time(s); retry policy is RetryUpToMaximumCountWithFixedSleep(maxRetries=15, sleepTime=1000 MILLISECONDS)
2021-10-04 02:04:55,582 [EndpointStateMachine task thread for /127.0.0.1:14501 - 0 ] INFO  ipc.Client (Client.java:handleConnectionFailure(977)) - Retrying connect to server: localhost/127.0.0.1:14501. Already tried 13 time(s); retry policy is RetryUpToMaximumCountWithFixedSleep(maxRetries=15, sleepTime=1000 MILLISECONDS)
2021-10-04 02:04:55,607 [57ec436a-c908-4fec-986d-5c2664f6b5b6@group-8194F89F6908-LeaderElection22] INFO  impl.LeaderElection (LeaderElection.java:askForVotes(306)) - 57ec436a-c908-4fec-986d-5c2664f6b5b6@group-8194F89F6908-LeaderElection22 ELECTION round 0: submit vote requests at term 1 for -1: [ec22a82e-7388-4328-8fb1-7bec7be40386|rpc:127.0.0.1:39209|priority:1, 0db60050-3417-4221-94cf-c6ca2a56f712|rpc:127.0.0.1:44551|priority:0, 57ec436a-c908-4fec-986d-5c2664f6b5b6|rpc:127.0.0.1:39069|priority:0], old=null
2021-10-04 02:04:55,620 [ec22a82e-7388-4328-8fb1-7bec7be40386@group-8194F89F6908-FollowerState] INFO  impl.FollowerState (FollowerState.java:run(134)) - ec22a82e-7388-4328-8fb1-7bec7be40386@group-8194F89F6908-FollowerState: change to CANDIDATE, lastRpcElapsedTime:5107212692ns, electionTimeout:5101ms
2021-10-04 02:04:55,620 [ec22a82e-7388-4328-8fb1-7bec7be40386@group-8194F89F6908-FollowerState] INFO  impl.RoleInfo (RoleInfo.java:shutdownFollowerState(108)) - ec22a82e-7388-4328-8fb1-7bec7be40386: shutdown ec22a82e-7388-4328-8fb1-7bec7be40386@group-8194F89F6908-FollowerState
2021-10-04 02:04:55,620 [ec22a82e-7388-4328-8fb1-7bec7be40386@group-8194F89F6908-FollowerState] INFO  server.RaftServer$Division (RaftServerImpl.java:setRole(285)) - ec22a82e-7388-4328-8fb1-7bec7be40386@group-8194F89F6908: changes role from  FOLLOWER to CANDIDATE at term 0 for changeToCandidate
2021-10-04 02:04:55,621 [ec22a82e-7388-4328-8fb1-7bec7be40386@group-8194F89F6908-FollowerState] INFO  server.RaftServerConfigKeys (ConfUtils.java:logGet(44)) - raft.server.leaderelection.pre-vote = false (custom)
2021-10-04 02:04:55,621 [ec22a82e-7388-4328-8fb1-7bec7be40386@group-8194F89F6908-FollowerState] INFO  impl.RoleInfo (RoleInfo.java:updateAndGet(130)) - ec22a82e-7388-4328-8fb1-7bec7be40386: start ec22a82e-7388-4328-8fb1-7bec7be40386@group-8194F89F6908-LeaderElection23
2021-10-04 02:04:55,635 [0db60050-3417-4221-94cf-c6ca2a56f712@group-8194F89F6908-FollowerState] INFO  impl.FollowerState (FollowerState.java:run(134)) - 0db60050-3417-4221-94cf-c6ca2a56f712@group-8194F89F6908-FollowerState: change to CANDIDATE, lastRpcElapsedTime:5070696212ns, electionTimeout:5069ms
2021-10-04 02:04:55,635 [0db60050-3417-4221-94cf-c6ca2a56f712@group-8194F89F6908-FollowerState] INFO  impl.RoleInfo (RoleInfo.java:shutdownFollowerState(108)) - 0db60050-3417-4221-94cf-c6ca2a56f712: shutdown 0db60050-3417-4221-94cf-c6ca2a56f712@group-8194F89F6908-FollowerState
2021-10-04 02:04:55,635 [0db60050-3417-4221-94cf-c6ca2a56f712@group-8194F89F6908-FollowerState] INFO  server.RaftServer$Division (RaftServerImpl.java:setRole(285)) - 0db60050-3417-4221-94cf-c6ca2a56f712@group-8194F89F6908: changes role from  FOLLOWER to CANDIDATE at term 0 for changeToCandidate
2021-10-04 02:04:55,635 [0db60050-3417-4221-94cf-c6ca2a56f712@group-8194F89F6908-FollowerState] INFO  server.RaftServerConfigKeys (ConfUtils.java:logGet(44)) - raft.server.leaderelection.pre-vote = false (custom)
2021-10-04 02:04:55,635 [0db60050-3417-4221-94cf-c6ca2a56f712@group-8194F89F6908-FollowerState] INFO  impl.RoleInfo (RoleInfo.java:updateAndGet(130)) - 0db60050-3417-4221-94cf-c6ca2a56f712: start 0db60050-3417-4221-94cf-c6ca2a56f712@group-8194F89F6908-LeaderElection24
2021-10-04 02:04:55,651 [0db60050-3417-4221-94cf-c6ca2a56f712@group-8194F89F6908-LeaderElection24] INFO  impl.LeaderElection (LeaderElection.java:askForVotes(306)) - 0db60050-3417-4221-94cf-c6ca2a56f712@group-8194F89F6908-LeaderElection24 ELECTION round 0: submit vote requests at term 1 for -1: [ec22a82e-7388-4328-8fb1-7bec7be40386|rpc:127.0.0.1:39209|dataStream:|priority:1, 0db60050-3417-4221-94cf-c6ca2a56f712|rpc:127.0.0.1:44551|dataStream:|priority:0, 57ec436a-c908-4fec-986d-5c2664f6b5b6|rpc:127.0.0.1:39069|dataStream:|priority:0], old=null
2021-10-04 02:04:55,665 [grpc-default-executor-0] INFO  server.RaftServer$Division (RaftServerImpl.java:requestVote(1043)) - ec22a82e-7388-4328-8fb1-7bec7be40386@group-8194F89F6908: receive requestVote(ELECTION, 57ec436a-c908-4fec-986d-5c2664f6b5b6, group-8194F89F6908, 1, (t:0, i:0))
2021-10-04 02:04:55,666 [grpc-default-executor-1] INFO  server.RaftServer$Division (RaftServerImpl.java:requestVote(1043)) - 0db60050-3417-4221-94cf-c6ca2a56f712@group-8194F89F6908: receive requestVote(ELECTION, 57ec436a-c908-4fec-986d-5c2664f6b5b6, group-8194F89F6908, 1, (t:0, i:0))
2021-10-04 02:04:55,666 [grpc-default-executor-1] INFO  impl.VoteContext (VoteContext.java:log(48)) - 0db60050-3417-4221-94cf-c6ca2a56f712@group-8194F89F6908-CANDIDATE: reject ELECTION from 57ec436a-c908-4fec-986d-5c2664f6b5b6: already has voted for 0db60050-3417-4221-94cf-c6ca2a56f712 at current term 1
2021-10-04 02:04:55,666 [grpc-default-executor-1] INFO  server.RaftServer$Division (RaftServerImpl.java:requestVote(1075)) - 0db60050-3417-4221-94cf-c6ca2a56f712@group-8194F89F6908 replies to ELECTION vote request: 57ec436a-c908-4fec-986d-5c2664f6b5b6<-0db60050-3417-4221-94cf-c6ca2a56f712#0:FAIL-t1. Peer's state: 0db60050-3417-4221-94cf-c6ca2a56f712@group-8194F89F6908:t1, leader=null, voted=0db60050-3417-4221-94cf-c6ca2a56f712, raftlog=0db60050-3417-4221-94cf-c6ca2a56f712@group-8194F89F6908-SegmentedRaftLog:OPENED:c-1,f-1,i0, conf=-1: [ec22a82e-7388-4328-8fb1-7bec7be40386|rpc:127.0.0.1:39209|dataStream:|priority:1, 0db60050-3417-4221-94cf-c6ca2a56f712|rpc:127.0.0.1:44551|dataStream:|priority:0, 57ec436a-c908-4fec-986d-5c2664f6b5b6|rpc:127.0.0.1:39069|dataStream:|priority:0], old=null
2021-10-04 02:04:55,668 [ec22a82e-7388-4328-8fb1-7bec7be40386@group-8194F89F6908-LeaderElection23] INFO  impl.LeaderElection (LeaderElection.java:askForVotes(306)) - ec22a82e-7388-4328-8fb1-7bec7be40386@group-8194F89F6908-LeaderElection23 ELECTION round 0: submit vote requests at term 1 for -1: [ec22a82e-7388-4328-8fb1-7bec7be40386|rpc:127.0.0.1:39209|priority:1, 0db60050-3417-4221-94cf-c6ca2a56f712|rpc:127.0.0.1:44551|priority:0, 57ec436a-c908-4fec-986d-5c2664f6b5b6|rpc:127.0.0.1:39069|priority:0], old=null
2021-10-04 02:04:55,668 [grpc-default-executor-0] INFO  impl.VoteContext (VoteContext.java:log(48)) - ec22a82e-7388-4328-8fb1-7bec7be40386@group-8194F89F6908-CANDIDATE: reject ELECTION from 57ec436a-c908-4fec-986d-5c2664f6b5b6: already has voted for ec22a82e-7388-4328-8fb1-7bec7be40386 at current term 1
2021-10-04 02:04:55,668 [grpc-default-executor-0] INFO  server.RaftServer$Division (RaftServerImpl.java:requestVote(1075)) - ec22a82e-7388-4328-8fb1-7bec7be40386@group-8194F89F6908 replies to ELECTION vote request: 57ec436a-c908-4fec-986d-5c2664f6b5b6<-ec22a82e-7388-4328-8fb1-7bec7be40386#0:FAIL-t1. Peer's state: ec22a82e-7388-4328-8fb1-7bec7be40386@group-8194F89F6908:t1, leader=null, voted=ec22a82e-7388-4328-8fb1-7bec7be40386, raftlog=ec22a82e-7388-4328-8fb1-7bec7be40386@group-8194F89F6908-SegmentedRaftLog:OPENED:c-1,f-1,i0, conf=-1: [ec22a82e-7388-4328-8fb1-7bec7be40386|rpc:127.0.0.1:39209|priority:1, 0db60050-3417-4221-94cf-c6ca2a56f712|rpc:127.0.0.1:44551|priority:0, 57ec436a-c908-4fec-986d-5c2664f6b5b6|rpc:127.0.0.1:39069|priority:0], old=null
2021-10-04 02:04:55,682 [57ec436a-c908-4fec-986d-5c2664f6b5b6@group-8194F89F6908-LeaderElection22] INFO  impl.LeaderElection (LeaderElection.java:logAndReturn(89)) - 57ec436a-c908-4fec-986d-5c2664f6b5b6@group-8194F89F6908-LeaderElection22: ELECTION REJECTED received 2 response(s) and 0 exception(s):
2021-10-04 02:04:55,682 [57ec436a-c908-4fec-986d-5c2664f6b5b6@group-8194F89F6908-LeaderElection22] INFO  impl.LeaderElection (LeaderElection.java:logAndReturn(93)) -   Response 0: 57ec436a-c908-4fec-986d-5c2664f6b5b6<-ec22a82e-7388-4328-8fb1-7bec7be40386#0:FAIL-t1
2021-10-04 02:04:55,682 [57ec436a-c908-4fec-986d-5c2664f6b5b6@group-8194F89F6908-LeaderElection22] INFO  impl.LeaderElection (LeaderElection.java:logAndReturn(93)) -   Response 1: 57ec436a-c908-4fec-986d-5c2664f6b5b6<-0db60050-3417-4221-94cf-c6ca2a56f712#0:FAIL-t1
2021-10-04 02:04:55,682 [57ec436a-c908-4fec-986d-5c2664f6b5b6@group-8194F89F6908-LeaderElection22] INFO  impl.LeaderElection (LeaderElection.java:askForVotes(308)) - 57ec436a-c908-4fec-986d-5c2664f6b5b6@group-8194F89F6908-LeaderElection22 ELECTION round 0: result REJECTED
2021-10-04 02:04:55,682 [57ec436a-c908-4fec-986d-5c2664f6b5b6@group-8194F89F6908-LeaderElection22] INFO  server.RaftServer$Division (RaftServerImpl.java:setRole(285)) - 57ec436a-c908-4fec-986d-5c2664f6b5b6@group-8194F89F6908: changes role from CANDIDATE to FOLLOWER at term 1 for REJECTED
2021-10-04 02:04:55,682 [57ec436a-c908-4fec-986d-5c2664f6b5b6@group-8194F89F6908-LeaderElection22] INFO  impl.RoleInfo (RoleInfo.java:shutdownLeaderElection(121)) - 57ec436a-c908-4fec-986d-5c2664f6b5b6: shutdown 57ec436a-c908-4fec-986d-5c2664f6b5b6@group-8194F89F6908-LeaderElection22
2021-10-04 02:04:55,683 [57ec436a-c908-4fec-986d-5c2664f6b5b6@group-8194F89F6908-LeaderElection22] INFO  impl.RoleInfo (RoleInfo.java:updateAndGet(130)) - 57ec436a-c908-4fec-986d-5c2664f6b5b6: start 57ec436a-c908-4fec-986d-5c2664f6b5b6@group-8194F89F6908-FollowerState
2021-10-04 02:04:55,702 [grpc-default-executor-2] INFO  server.RaftServer$Division (RaftServerImpl.java:requestVote(1043)) - ec22a82e-7388-4328-8fb1-7bec7be40386@group-8194F89F6908: receive requestVote(ELECTION, 0db60050-3417-4221-94cf-c6ca2a56f712, group-8194F89F6908, 1, (t:0, i:0))
2021-10-04 02:04:55,703 [grpc-default-executor-2] INFO  impl.VoteContext (VoteContext.java:log(48)) - ec22a82e-7388-4328-8fb1-7bec7be40386@group-8194F89F6908-CANDIDATE: reject ELECTION from 0db60050-3417-4221-94cf-c6ca2a56f712: already has voted for ec22a82e-7388-4328-8fb1-7bec7be40386 at current term 1
2021-10-04 02:04:55,703 [grpc-default-executor-2] INFO  server.RaftServer$Division (RaftServerImpl.java:requestVote(1075)) - ec22a82e-7388-4328-8fb1-7bec7be40386@group-8194F89F6908 replies to ELECTION vote request: 0db60050-3417-4221-94cf-c6ca2a56f712<-ec22a82e-7388-4328-8fb1-7bec7be40386#0:FAIL-t1. Peer's state: ec22a82e-7388-4328-8fb1-7bec7be40386@group-8194F89F6908:t1, leader=null, voted=ec22a82e-7388-4328-8fb1-7bec7be40386, raftlog=ec22a82e-7388-4328-8fb1-7bec7be40386@group-8194F89F6908-SegmentedRaftLog:OPENED:c-1,f-1,i0, conf=-1: [ec22a82e-7388-4328-8fb1-7bec7be40386|rpc:127.0.0.1:39209|priority:1, 0db60050-3417-4221-94cf-c6ca2a56f712|rpc:127.0.0.1:44551|priority:0, 57ec436a-c908-4fec-986d-5c2664f6b5b6|rpc:127.0.0.1:39069|priority:0], old=null
2021-10-04 02:04:55,706 [grpc-default-executor-0] INFO  server.RaftServer$Division (RaftServerImpl.java:requestVote(1043)) - 0db60050-3417-4221-94cf-c6ca2a56f712@group-8194F89F6908: receive requestVote(ELECTION, ec22a82e-7388-4328-8fb1-7bec7be40386, group-8194F89F6908, 1, (t:0, i:0))
2021-10-04 02:04:55,706 [grpc-default-executor-0] INFO  impl.VoteContext (VoteContext.java:log(48)) - 0db60050-3417-4221-94cf-c6ca2a56f712@group-8194F89F6908-CANDIDATE: reject ELECTION from ec22a82e-7388-4328-8fb1-7bec7be40386: already has voted for 0db60050-3417-4221-94cf-c6ca2a56f712 at current term 1
2021-10-04 02:04:55,706 [grpc-default-executor-0] INFO  server.RaftServer$Division (RaftServerImpl.java:requestVote(1075)) - 0db60050-3417-4221-94cf-c6ca2a56f712@group-8194F89F6908 replies to ELECTION vote request: ec22a82e-7388-4328-8fb1-7bec7be40386<-0db60050-3417-4221-94cf-c6ca2a56f712#0:FAIL-t1. Peer's state: 0db60050-3417-4221-94cf-c6ca2a56f712@group-8194F89F6908:t1, leader=null, voted=0db60050-3417-4221-94cf-c6ca2a56f712, raftlog=0db60050-3417-4221-94cf-c6ca2a56f712@group-8194F89F6908-SegmentedRaftLog:OPENED:c-1,f-1,i0, conf=-1: [ec22a82e-7388-4328-8fb1-7bec7be40386|rpc:127.0.0.1:39209|dataStream:|priority:1, 0db60050-3417-4221-94cf-c6ca2a56f712|rpc:127.0.0.1:44551|dataStream:|priority:0, 57ec436a-c908-4fec-986d-5c2664f6b5b6|rpc:127.0.0.1:39069|dataStream:|priority:0], old=null
2021-10-04 02:04:55,709 [0db60050-3417-4221-94cf-c6ca2a56f712@group-8194F89F6908-LeaderElection24] INFO  impl.LeaderElection (LeaderElection.java:logAndReturn(89)) - 0db60050-3417-4221-94cf-c6ca2a56f712@group-8194F89F6908-LeaderElection24: ELECTION REJECTED received 1 response(s) and 0 exception(s):
2021-10-04 02:04:55,710 [0db60050-3417-4221-94cf-c6ca2a56f712@group-8194F89F6908-LeaderElection24] INFO  impl.LeaderElection (LeaderElection.java:logAndReturn(93)) -   Response 0: 0db60050-3417-4221-94cf-c6ca2a56f712<-ec22a82e-7388-4328-8fb1-7bec7be40386#0:FAIL-t1
2021-10-04 02:04:55,710 [0db60050-3417-4221-94cf-c6ca2a56f712@group-8194F89F6908-LeaderElection24] INFO  impl.LeaderElection (LeaderElection.java:askForVotes(308)) - 0db60050-3417-4221-94cf-c6ca2a56f712@group-8194F89F6908-LeaderElection24 ELECTION round 0: result REJECTED
2021-10-04 02:04:55,710 [0db60050-3417-4221-94cf-c6ca2a56f712@group-8194F89F6908-LeaderElection24] INFO  server.RaftServer$Division (RaftServerImpl.java:setRole(285)) - 0db60050-3417-4221-94cf-c6ca2a56f712@group-8194F89F6908: changes role from CANDIDATE to FOLLOWER at term 1 for REJECTED
2021-10-04 02:04:55,710 [0db60050-3417-4221-94cf-c6ca2a56f712@group-8194F89F6908-LeaderElection24] INFO  impl.RoleInfo (RoleInfo.java:shutdownLeaderElection(121)) - 0db60050-3417-4221-94cf-c6ca2a56f712: shutdown 0db60050-3417-4221-94cf-c6ca2a56f712@group-8194F89F6908-LeaderElection24
2021-10-04 02:04:55,710 [0db60050-3417-4221-94cf-c6ca2a56f712@group-8194F89F6908-LeaderElection24] INFO  impl.RoleInfo (RoleInfo.java:updateAndGet(130)) - 0db60050-3417-4221-94cf-c6ca2a56f712: start 0db60050-3417-4221-94cf-c6ca2a56f712@group-8194F89F6908-FollowerState
2021-10-04 02:04:55,722 [grpc-default-executor-0] INFO  server.RaftServer$Division (RaftServerImpl.java:requestVote(1043)) - 57ec436a-c908-4fec-986d-5c2664f6b5b6@group-8194F89F6908: receive requestVote(ELECTION, 0db60050-3417-4221-94cf-c6ca2a56f712, group-8194F89F6908, 1, (t:0, i:0))
2021-10-04 02:04:55,722 [grpc-default-executor-0] INFO  impl.VoteContext (VoteContext.java:log(48)) - 57ec436a-c908-4fec-986d-5c2664f6b5b6@group-8194F89F6908-FOLLOWER: reject ELECTION from 0db60050-3417-4221-94cf-c6ca2a56f712: already has voted for 57ec436a-c908-4fec-986d-5c2664f6b5b6 at current term 1
2021-10-04 02:04:55,722 [grpc-default-executor-0] INFO  server.RaftServer$Division (RaftServerImpl.java:requestVote(1075)) - 57ec436a-c908-4fec-986d-5c2664f6b5b6@group-8194F89F6908 replies to ELECTION vote request: 0db60050-3417-4221-94cf-c6ca2a56f712<-57ec436a-c908-4fec-986d-5c2664f6b5b6#0:FAIL-t1. Peer's state: 57ec436a-c908-4fec-986d-5c2664f6b5b6@group-8194F89F6908:t1, leader=null, voted=57ec436a-c908-4fec-986d-5c2664f6b5b6, raftlog=57ec436a-c908-4fec-986d-5c2664f6b5b6@group-8194F89F6908-SegmentedRaftLog:OPENED:c-1,f-1,i0, conf=-1: [ec22a82e-7388-4328-8fb1-7bec7be40386|rpc:127.0.0.1:39209|priority:1, 0db60050-3417-4221-94cf-c6ca2a56f712|rpc:127.0.0.1:44551|priority:0, 57ec436a-c908-4fec-986d-5c2664f6b5b6|rpc:127.0.0.1:39069|priority:0], old=null
2021-10-04 02:04:55,731 [grpc-default-executor-0] INFO  server.RaftServer$Division (RaftServerImpl.java:requestVote(1043)) - 57ec436a-c908-4fec-986d-5c2664f6b5b6@group-8194F89F6908: receive requestVote(ELECTION, ec22a82e-7388-4328-8fb1-7bec7be40386, group-8194F89F6908, 1, (t:0, i:0))
2021-10-04 02:04:55,731 [grpc-default-executor-0] INFO  impl.VoteContext (VoteContext.java:log(48)) - 57ec436a-c908-4fec-986d-5c2664f6b5b6@group-8194F89F6908-FOLLOWER: reject ELECTION from ec22a82e-7388-4328-8fb1-7bec7be40386: already has voted for 57ec436a-c908-4fec-986d-5c2664f6b5b6 at current term 1
2021-10-04 02:04:55,731 [grpc-default-executor-0] INFO  server.RaftServer$Division (RaftServerImpl.java:requestVote(1075)) - 57ec436a-c908-4fec-986d-5c2664f6b5b6@group-8194F89F6908 replies to ELECTION vote request: ec22a82e-7388-4328-8fb1-7bec7be40386<-57ec436a-c908-4fec-986d-5c2664f6b5b6#0:FAIL-t1. Peer's state: 57ec436a-c908-4fec-986d-5c2664f6b5b6@group-8194F89F6908:t1, leader=null, voted=57ec436a-c908-4fec-986d-5c2664f6b5b6, raftlog=57ec436a-c908-4fec-986d-5c2664f6b5b6@group-8194F89F6908-SegmentedRaftLog:OPENED:c-1,f-1,i0, conf=-1: [ec22a82e-7388-4328-8fb1-7bec7be40386|rpc:127.0.0.1:39209|priority:1, 0db60050-3417-4221-94cf-c6ca2a56f712|rpc:127.0.0.1:44551|priority:0, 57ec436a-c908-4fec-986d-5c2664f6b5b6|rpc:127.0.0.1:39069|priority:0], old=null
2021-10-04 02:04:55,732 [ec22a82e-7388-4328-8fb1-7bec7be40386@group-8194F89F6908-LeaderElection23] INFO  impl.LeaderElection (LeaderElection.java:logAndReturn(89)) - ec22a82e-7388-4328-8fb1-7bec7be40386@group-8194F89F6908-LeaderElection23: ELECTION REJECTED received 2 response(s) and 0 exception(s):
2021-10-04 02:04:55,732 [ec22a82e-7388-4328-8fb1-7bec7be40386@group-8194F89F6908-LeaderElection23] INFO  impl.LeaderElection (LeaderElection.java:logAndReturn(93)) -   Response 0: ec22a82e-7388-4328-8fb1-7bec7be40386<-0db60050-3417-4221-94cf-c6ca2a56f712#0:FAIL-t1
2021-10-04 02:04:55,732 [ec22a82e-7388-4328-8fb1-7bec7be40386@group-8194F89F6908-LeaderElection23] INFO  impl.LeaderElection (LeaderElection.java:logAndReturn(93)) -   Response 1: ec22a82e-7388-4328-8fb1-7bec7be40386<-57ec436a-c908-4fec-986d-5c2664f6b5b6#0:FAIL-t1
2021-10-04 02:04:55,733 [ec22a82e-7388-4328-8fb1-7bec7be40386@group-8194F89F6908-LeaderElection23] INFO  impl.LeaderElection (LeaderElection.java:askForVotes(308)) - ec22a82e-7388-4328-8fb1-7bec7be40386@group-8194F89F6908-LeaderElection23 ELECTION round 0: result REJECTED
2021-10-04 02:04:55,733 [ec22a82e-7388-4328-8fb1-7bec7be40386@group-8194F89F6908-LeaderElection23] INFO  server.RaftServer$Division (RaftServerImpl.java:setRole(285)) - ec22a82e-7388-4328-8fb1-7bec7be40386@group-8194F89F6908: changes role from CANDIDATE to FOLLOWER at term 1 for REJECTED
2021-10-04 02:04:55,733 [ec22a82e-7388-4328-8fb1-7bec7be40386@group-8194F89F6908-LeaderElection23] INFO  impl.RoleInfo (RoleInfo.java:shutdownLeaderElection(121)) - ec22a82e-7388-4328-8fb1-7bec7be40386: shutdown ec22a82e-7388-4328-8fb1-7bec7be40386@group-8194F89F6908-LeaderElection23
2021-10-04 02:04:55,733 [ec22a82e-7388-4328-8fb1-7bec7be40386@group-8194F89F6908-LeaderElection23] INFO  impl.RoleInfo (RoleInfo.java:updateAndGet(130)) - ec22a82e-7388-4328-8fb1-7bec7be40386: start ec22a82e-7388-4328-8fb1-7bec7be40386@group-8194F89F6908-FollowerState
2021-10-04 02:04:55,862 [Listener at 127.0.0.1/10960] INFO  ozone.MiniOzoneClusterImpl (MiniOzoneClusterImpl.java:lambda$waitForClusterToBeReady$0(235)) - Nodes are ready. Got 3 of 3 DN Heartbeats.
2021-10-04 02:04:55,862 [Listener at 127.0.0.1/10960] INFO  ozone.MiniOzoneClusterImpl (MiniOzoneClusterImpl.java:lambda$waitForClusterToBeReady$0(238)) - Waiting for cluster to exit safe mode
2021-10-04 02:04:55,862 [Listener at 127.0.0.1/10960] INFO  ozone.MiniOzoneClusterImpl (MiniOzoneClusterImpl.java:lambda$waitForClusterToBeReady$0(240)) - SCM became leader
2021-10-04 02:04:55,900 [Datanode State Machine Thread - 0] ERROR datanode.RunningDatanodeState (RunningDatanodeState.java:computeNextContainerState(199)) - Error in executing end point task.
java.util.concurrent.ExecutionException: java.util.concurrent.TimeoutException
	at java.util.concurrent.FutureTask.report(FutureTask.java:122)
	at java.util.concurrent.FutureTask.get(FutureTask.java:192)
	at org.apache.hadoop.ozone.container.common.states.datanode.RunningDatanodeState.computeNextContainerState(RunningDatanodeState.java:191)
	at org.apache.hadoop.ozone.container.common.states.datanode.RunningDatanodeState.await(RunningDatanodeState.java:231)
	at org.apache.hadoop.ozone.container.common.states.datanode.RunningDatanodeState.await(RunningDatanodeState.java:50)
	at org.apache.hadoop.ozone.container.common.statemachine.StateContext.execute(StateContext.java:629)
	at org.apache.hadoop.ozone.container.common.statemachine.DatanodeStateMachine.start(DatanodeStateMachine.java:270)
	at org.apache.hadoop.ozone.container.common.statemachine.DatanodeStateMachine.lambda$startDaemon$0(DatanodeStateMachine.java:457)
	at java.lang.Thread.run(Thread.java:748)
Caused by: java.util.concurrent.TimeoutException
	at java.util.concurrent.FutureTask.get(FutureTask.java:205)
	at org.apache.hadoop.ozone.container.common.states.datanode.RunningDatanodeState.lambda$execute$0(RunningDatanodeState.java:149)
	at java.util.concurrent.FutureTask.run(FutureTask.java:266)
	at java.util.concurrent.Executors$RunnableAdapter.call(Executors.java:511)
	at java.util.concurrent.FutureTask.run(FutureTask.java:266)
	at java.util.concurrent.ThreadPoolExecutor.runWorker(ThreadPoolExecutor.java:1149)
	at java.util.concurrent.ThreadPoolExecutor$Worker.run(ThreadPoolExecutor.java:624)
	... 1 more
2021-10-04 02:04:56,050 [0db60050-3417-4221-94cf-c6ca2a56f712@group-188CE2807762-FollowerState] INFO  impl.FollowerState (FollowerState.java:run(134)) - 0db60050-3417-4221-94cf-c6ca2a56f712@group-188CE2807762-FollowerState: change to CANDIDATE, lastRpcElapsedTime:5127549337ns, electionTimeout:5118ms
2021-10-04 02:04:56,050 [0db60050-3417-4221-94cf-c6ca2a56f712@group-188CE2807762-FollowerState] INFO  impl.RoleInfo (RoleInfo.java:shutdownFollowerState(108)) - 0db60050-3417-4221-94cf-c6ca2a56f712: shutdown 0db60050-3417-4221-94cf-c6ca2a56f712@group-188CE2807762-FollowerState
2021-10-04 02:04:56,050 [0db60050-3417-4221-94cf-c6ca2a56f712@group-188CE2807762-FollowerState] INFO  server.RaftServer$Division (RaftServerImpl.java:setRole(285)) - 0db60050-3417-4221-94cf-c6ca2a56f712@group-188CE2807762: changes role from  FOLLOWER to CANDIDATE at term 0 for changeToCandidate
2021-10-04 02:04:56,050 [0db60050-3417-4221-94cf-c6ca2a56f712@group-188CE2807762-FollowerState] INFO  server.RaftServerConfigKeys (ConfUtils.java:logGet(44)) - raft.server.leaderelection.pre-vote = false (custom)
2021-10-04 02:04:56,050 [0db60050-3417-4221-94cf-c6ca2a56f712@group-188CE2807762-FollowerState] INFO  impl.RoleInfo (RoleInfo.java:updateAndGet(130)) - 0db60050-3417-4221-94cf-c6ca2a56f712: start 0db60050-3417-4221-94cf-c6ca2a56f712@group-188CE2807762-LeaderElection25
2021-10-04 02:04:56,072 [0db60050-3417-4221-94cf-c6ca2a56f712@group-188CE2807762-LeaderElection25] INFO  impl.LeaderElection (LeaderElection.java:askForVotes(306)) - 0db60050-3417-4221-94cf-c6ca2a56f712@group-188CE2807762-LeaderElection25 ELECTION round 0: submit vote requests at term 1 for -1: [0db60050-3417-4221-94cf-c6ca2a56f712|rpc:127.0.0.1:44551|priority:1], old=null
2021-10-04 02:04:56,072 [0db60050-3417-4221-94cf-c6ca2a56f712@group-188CE2807762-LeaderElection25] INFO  impl.LeaderElection (LeaderElection.java:askForVotes(308)) - 0db60050-3417-4221-94cf-c6ca2a56f712@group-188CE2807762-LeaderElection25 ELECTION round 0: result PASSED (term=1)
2021-10-04 02:04:56,072 [0db60050-3417-4221-94cf-c6ca2a56f712@group-188CE2807762-LeaderElection25] INFO  impl.RoleInfo (RoleInfo.java:shutdownLeaderElection(121)) - 0db60050-3417-4221-94cf-c6ca2a56f712: shutdown 0db60050-3417-4221-94cf-c6ca2a56f712@group-188CE2807762-LeaderElection25
2021-10-04 02:04:56,072 [0db60050-3417-4221-94cf-c6ca2a56f712@group-188CE2807762-LeaderElection25] INFO  server.RaftServer$Division (RaftServerImpl.java:setRole(285)) - 0db60050-3417-4221-94cf-c6ca2a56f712@group-188CE2807762: changes role from CANDIDATE to LEADER at term 1 for changeToLeader
2021-10-04 02:04:56,072 [0db60050-3417-4221-94cf-c6ca2a56f712@group-188CE2807762-LeaderElection25] INFO  ratis.XceiverServerRatis (XceiverServerRatis.java:handleLeaderChangedNotification(861)) - Leader change notification received for group: group-188CE2807762 with new leaderId: 0db60050-3417-4221-94cf-c6ca2a56f712
2021-10-04 02:04:56,074 [0db60050-3417-4221-94cf-c6ca2a56f712@group-188CE2807762-LeaderElection25] INFO  server.RaftServer$Division (ServerState.java:setLeader(285)) - 0db60050-3417-4221-94cf-c6ca2a56f712@group-188CE2807762: change Leader from null to 0db60050-3417-4221-94cf-c6ca2a56f712 at term 1 for becomeLeader, leader elected after 5178ms
2021-10-04 02:04:56,078 [0db60050-3417-4221-94cf-c6ca2a56f712@group-188CE2807762-LeaderElection25] INFO  server.RaftServerConfigKeys (ConfUtils.java:logGet(44)) - raft.server.staging.catchup.gap = 1000 (default)
2021-10-04 02:04:56,079 [EventQueue-OpenPipelineForHealthyPipelineSafeModeRule] INFO  safemode.SCMSafeModeManager (HealthyPipelineSafeModeRule.java:process(124)) - SCM in safe mode. Healthy pipelines reported count is 0, required healthy pipeline reported count is 1
2021-10-04 02:04:56,079 [EventQueue-OpenPipelineForHealthyPipelineSafeModeRule] INFO  safemode.SCMSafeModeManager (HealthyPipelineSafeModeRule.java:process(124)) - SCM in safe mode. Healthy pipelines reported count is 0, required healthy pipeline reported count is 1
2021-10-04 02:04:56,080 [0db60050-3417-4221-94cf-c6ca2a56f712@group-188CE2807762-LeaderElection25] INFO  server.RaftServerConfigKeys (ConfUtils.java:logGet(44)) - raft.server.write.element-limit = 1024 (custom)
2021-10-04 02:04:56,080 [0db60050-3417-4221-94cf-c6ca2a56f712@group-188CE2807762-LeaderElection25] INFO  server.RaftServerConfigKeys (ConfUtils.java:logGet(44)) - raft.server.write.byte-limit = 1024 M (=1073741824) (custom)
2021-10-04 02:04:56,080 [0db60050-3417-4221-94cf-c6ca2a56f712@group-188CE2807762-LeaderElection25] INFO  server.RaftServerConfigKeys (ConfUtils.java:logGet(44)) - raft.server.watch.timeout = 180s (custom)
2021-10-04 02:04:56,080 [0db60050-3417-4221-94cf-c6ca2a56f712@group-188CE2807762-LeaderElection25] INFO  server.RaftServerConfigKeys (ConfUtils.java:logGet(44)) - raft.server.watch.timeout.denomination = 1s (default)
2021-10-04 02:04:56,080 [0db60050-3417-4221-94cf-c6ca2a56f712@group-188CE2807762-LeaderElection25] INFO  server.RaftServerConfigKeys (ConfUtils.java:logGet(44)) - raft.server.watch.element-limit = 65536 (default)
2021-10-04 02:04:56,081 [0db60050-3417-4221-94cf-c6ca2a56f712@group-188CE2807762-LeaderElection25] INFO  impl.RoleInfo (RoleInfo.java:updateAndGet(130)) - 0db60050-3417-4221-94cf-c6ca2a56f712: start 0db60050-3417-4221-94cf-c6ca2a56f712@group-188CE2807762-LeaderStateImpl
2021-10-04 02:04:56,081 [0db60050-3417-4221-94cf-c6ca2a56f712@group-188CE2807762-LeaderElection25] INFO  segmented.SegmentedRaftLogWorker (SegmentedRaftLogWorker.java:startLogSegment(394)) - 0db60050-3417-4221-94cf-c6ca2a56f712@group-188CE2807762-SegmentedRaftLogWorker: Starting segment from index:0
2021-10-04 02:04:56,089 [0db60050-3417-4221-94cf-c6ca2a56f712@group-188CE2807762-LeaderElection25] INFO  server.RaftServer$Division (ServerState.java:setRaftConf(387)) - 0db60050-3417-4221-94cf-c6ca2a56f712@group-188CE2807762: set configuration 0: [0db60050-3417-4221-94cf-c6ca2a56f712|rpc:127.0.0.1:44551|dataStream:|priority:1], old=null
2021-10-04 02:04:56,094 [0db60050-3417-4221-94cf-c6ca2a56f712@group-188CE2807762-SegmentedRaftLogWorker] INFO  segmented.SegmentedRaftLogWorker (SegmentedRaftLogWorker.java:execute(601)) - 0db60050-3417-4221-94cf-c6ca2a56f712@group-188CE2807762-SegmentedRaftLogWorker: created new log segment /home/runner/work/ozone/ozone/hadoop-ozone/integration-test/target/test-dir/MiniOzoneClusterImpl-aa9d709b-e9e6-4188-94b0-5e66da880090/datanode-2/data/ratis/69f41031-487d-4ec5-80a7-188ce2807762/current/log_inprogress_0
2021-10-04 02:04:56,315 [Datanode State Machine Thread - 0] ERROR datanode.RunningDatanodeState (RunningDatanodeState.java:computeNextContainerState(199)) - Error in executing end point task.
java.util.concurrent.ExecutionException: java.util.concurrent.TimeoutException
	at java.util.concurrent.FutureTask.report(FutureTask.java:122)
	at java.util.concurrent.FutureTask.get(FutureTask.java:192)
	at org.apache.hadoop.ozone.container.common.states.datanode.RunningDatanodeState.computeNextContainerState(RunningDatanodeState.java:191)
	at org.apache.hadoop.ozone.container.common.states.datanode.RunningDatanodeState.await(RunningDatanodeState.java:231)
	at org.apache.hadoop.ozone.container.common.states.datanode.RunningDatanodeState.await(RunningDatanodeState.java:50)
	at org.apache.hadoop.ozone.container.common.statemachine.StateContext.execute(StateContext.java:629)
	at org.apache.hadoop.ozone.container.common.statemachine.DatanodeStateMachine.start(DatanodeStateMachine.java:270)
	at org.apache.hadoop.ozone.container.common.statemachine.DatanodeStateMachine.lambda$startDaemon$0(DatanodeStateMachine.java:457)
	at java.lang.Thread.run(Thread.java:748)
Caused by: java.util.concurrent.TimeoutException
	at java.util.concurrent.FutureTask.get(FutureTask.java:205)
	at org.apache.hadoop.ozone.container.common.states.datanode.RunningDatanodeState.lambda$execute$0(RunningDatanodeState.java:149)
	at java.util.concurrent.FutureTask.run(FutureTask.java:266)
	at java.util.concurrent.Executors$RunnableAdapter.call(Executors.java:511)
	at java.util.concurrent.FutureTask.run(FutureTask.java:266)
	at java.util.concurrent.ThreadPoolExecutor.runWorker(ThreadPoolExecutor.java:1149)
	at java.util.concurrent.ThreadPoolExecutor$Worker.run(ThreadPoolExecutor.java:624)
	... 1 more
2021-10-04 02:04:56,421 [EndpointStateMachine task thread for /127.0.0.1:14511 - 0 ] INFO  ipc.Client (Client.java:handleConnectionFailure(977)) - Retrying connect to server: localhost/127.0.0.1:14511. Already tried 14 time(s); retry policy is RetryUpToMaximumCountWithFixedSleep(maxRetries=15, sleepTime=1000 MILLISECONDS)
2021-10-04 02:04:56,494 [Datanode State Machine Thread - 0] ERROR datanode.RunningDatanodeState (RunningDatanodeState.java:computeNextContainerState(199)) - Error in executing end point task.
java.util.concurrent.ExecutionException: java.util.concurrent.TimeoutException
	at java.util.concurrent.FutureTask.report(FutureTask.java:122)
	at java.util.concurrent.FutureTask.get(FutureTask.java:192)
	at org.apache.hadoop.ozone.container.common.states.datanode.RunningDatanodeState.computeNextContainerState(RunningDatanodeState.java:191)
	at org.apache.hadoop.ozone.container.common.states.datanode.RunningDatanodeState.await(RunningDatanodeState.java:231)
	at org.apache.hadoop.ozone.container.common.states.datanode.RunningDatanodeState.await(RunningDatanodeState.java:50)
	at org.apache.hadoop.ozone.container.common.statemachine.StateContext.execute(StateContext.java:629)
	at org.apache.hadoop.ozone.container.common.statemachine.DatanodeStateMachine.start(DatanodeStateMachine.java:270)
	at org.apache.hadoop.ozone.container.common.statemachine.DatanodeStateMachine.lambda$startDaemon$0(DatanodeStateMachine.java:457)
	at java.lang.Thread.run(Thread.java:748)
Caused by: java.util.concurrent.TimeoutException
	at java.util.concurrent.FutureTask.get(FutureTask.java:205)
	at org.apache.hadoop.ozone.container.common.states.datanode.RunningDatanodeState.lambda$execute$0(RunningDatanodeState.java:149)
	at java.util.concurrent.FutureTask.run(FutureTask.java:266)
	at java.util.concurrent.Executors$RunnableAdapter.call(Executors.java:511)
	at java.util.concurrent.FutureTask.run(FutureTask.java:266)
	at java.util.concurrent.ThreadPoolExecutor.runWorker(ThreadPoolExecutor.java:1149)
	at java.util.concurrent.ThreadPoolExecutor$Worker.run(ThreadPoolExecutor.java:624)
	... 1 more
2021-10-04 02:04:56,579 [EndpointStateMachine task thread for /127.0.0.1:14521 - 0 ] INFO  ipc.Client (Client.java:handleConnectionFailure(977)) - Retrying connect to server: localhost/127.0.0.1:14521. Already tried 12 time(s); retry policy is RetryUpToMaximumCountWithFixedSleep(maxRetries=15, sleepTime=1000 MILLISECONDS)
2021-10-04 02:04:56,582 [EndpointStateMachine task thread for /127.0.0.1:14501 - 0 ] INFO  ipc.Client (Client.java:handleConnectionFailure(977)) - Retrying connect to server: localhost/127.0.0.1:14501. Already tried 14 time(s); retry policy is RetryUpToMaximumCountWithFixedSleep(maxRetries=15, sleepTime=1000 MILLISECONDS)
2021-10-04 02:04:56,863 [Listener at 127.0.0.1/10960] INFO  ozone.MiniOzoneClusterImpl (MiniOzoneClusterImpl.java:lambda$waitForClusterToBeReady$0(235)) - Nodes are ready. Got 3 of 3 DN Heartbeats.
2021-10-04 02:04:56,863 [Listener at 127.0.0.1/10960] INFO  ozone.MiniOzoneClusterImpl (MiniOzoneClusterImpl.java:lambda$waitForClusterToBeReady$0(238)) - Waiting for cluster to exit safe mode
2021-10-04 02:04:56,863 [Listener at 127.0.0.1/10960] INFO  ozone.MiniOzoneClusterImpl (MiniOzoneClusterImpl.java:lambda$waitForClusterToBeReady$0(240)) - SCM became leader
2021-10-04 02:04:57,422 [EndpointStateMachine task thread for /127.0.0.1:14511 - 0 ] INFO  ipc.Client (Client.java:handleConnectionFailure(977)) - Retrying connect to server: localhost/127.0.0.1:14511. Already tried 0 time(s); retry policy is RetryUpToMaximumCountWithFixedSleep(maxRetries=15, sleepTime=1000 MILLISECONDS)
2021-10-04 02:04:57,496 [Datanode State Machine Thread - 0] ERROR datanode.RunningDatanodeState (RunningDatanodeState.java:computeNextContainerState(199)) - Error in executing end point task.
java.util.concurrent.ExecutionException: java.util.concurrent.TimeoutException
	at java.util.concurrent.FutureTask.report(FutureTask.java:122)
	at java.util.concurrent.FutureTask.get(FutureTask.java:192)
	at org.apache.hadoop.ozone.container.common.states.datanode.RunningDatanodeState.computeNextContainerState(RunningDatanodeState.java:191)
	at org.apache.hadoop.ozone.container.common.states.datanode.RunningDatanodeState.await(RunningDatanodeState.java:231)
	at org.apache.hadoop.ozone.container.common.states.datanode.RunningDatanodeState.await(RunningDatanodeState.java:50)
	at org.apache.hadoop.ozone.container.common.statemachine.StateContext.execute(StateContext.java:629)
	at org.apache.hadoop.ozone.container.common.statemachine.DatanodeStateMachine.start(DatanodeStateMachine.java:270)
	at org.apache.hadoop.ozone.container.common.statemachine.DatanodeStateMachine.lambda$startDaemon$0(DatanodeStateMachine.java:457)
	at java.lang.Thread.run(Thread.java:748)
Caused by: java.util.concurrent.TimeoutException
	at java.util.concurrent.FutureTask.get(FutureTask.java:205)
	at org.apache.hadoop.ozone.container.common.states.datanode.RunningDatanodeState.lambda$execute$0(RunningDatanodeState.java:149)
	at java.util.concurrent.FutureTask.run(FutureTask.java:266)
	at java.util.concurrent.Executors$RunnableAdapter.call(Executors.java:511)
	at java.util.concurrent.FutureTask.run(FutureTask.java:266)
	at java.util.concurrent.ThreadPoolExecutor.runWorker(ThreadPoolExecutor.java:1149)
	at java.util.concurrent.ThreadPoolExecutor$Worker.run(ThreadPoolExecutor.java:624)
	... 1 more
2021-10-04 02:04:57,579 [EndpointStateMachine task thread for /127.0.0.1:14521 - 0 ] INFO  ipc.Client (Client.java:handleConnectionFailure(977)) - Retrying connect to server: localhost/127.0.0.1:14521. Already tried 13 time(s); retry policy is RetryUpToMaximumCountWithFixedSleep(maxRetries=15, sleepTime=1000 MILLISECONDS)
2021-10-04 02:04:57,583 [EndpointStateMachine task thread for /127.0.0.1:14501 - 0 ] INFO  ipc.Client (Client.java:handleConnectionFailure(977)) - Retrying connect to server: localhost/127.0.0.1:14501. Already tried 0 time(s); retry policy is RetryUpToMaximumCountWithFixedSleep(maxRetries=15, sleepTime=1000 MILLISECONDS)
2021-10-04 02:04:57,863 [Listener at 127.0.0.1/10960] INFO  ozone.MiniOzoneClusterImpl (MiniOzoneClusterImpl.java:lambda$waitForClusterToBeReady$0(235)) - Nodes are ready. Got 3 of 3 DN Heartbeats.
2021-10-04 02:04:57,864 [Listener at 127.0.0.1/10960] INFO  ozone.MiniOzoneClusterImpl (MiniOzoneClusterImpl.java:lambda$waitForClusterToBeReady$0(238)) - Waiting for cluster to exit safe mode
2021-10-04 02:04:57,864 [Listener at 127.0.0.1/10960] INFO  ozone.MiniOzoneClusterImpl (MiniOzoneClusterImpl.java:lambda$waitForClusterToBeReady$0(240)) - SCM became leader
2021-10-04 02:04:58,423 [EndpointStateMachine task thread for /127.0.0.1:14511 - 0 ] INFO  ipc.Client (Client.java:handleConnectionFailure(977)) - Retrying connect to server: localhost/127.0.0.1:14511. Already tried 1 time(s); retry policy is RetryUpToMaximumCountWithFixedSleep(maxRetries=15, sleepTime=1000 MILLISECONDS)
2021-10-04 02:04:58,580 [EndpointStateMachine task thread for /127.0.0.1:14521 - 0 ] INFO  ipc.Client (Client.java:handleConnectionFailure(977)) - Retrying connect to server: localhost/127.0.0.1:14521. Already tried 14 time(s); retry policy is RetryUpToMaximumCountWithFixedSleep(maxRetries=15, sleepTime=1000 MILLISECONDS)
2021-10-04 02:04:58,583 [EndpointStateMachine task thread for /127.0.0.1:14501 - 0 ] INFO  ipc.Client (Client.java:handleConnectionFailure(977)) - Retrying connect to server: localhost/127.0.0.1:14501. Already tried 1 time(s); retry policy is RetryUpToMaximumCountWithFixedSleep(maxRetries=15, sleepTime=1000 MILLISECONDS)
2021-10-04 02:04:58,864 [Listener at 127.0.0.1/10960] INFO  ozone.MiniOzoneClusterImpl (MiniOzoneClusterImpl.java:lambda$waitForClusterToBeReady$0(235)) - Nodes are ready. Got 3 of 3 DN Heartbeats.
2021-10-04 02:04:58,865 [Listener at 127.0.0.1/10960] INFO  ozone.MiniOzoneClusterImpl (MiniOzoneClusterImpl.java:lambda$waitForClusterToBeReady$0(238)) - Waiting for cluster to exit safe mode
2021-10-04 02:04:58,865 [Listener at 127.0.0.1/10960] INFO  ozone.MiniOzoneClusterImpl (MiniOzoneClusterImpl.java:lambda$waitForClusterToBeReady$0(240)) - SCM became leader
2021-10-04 02:04:59,073 [Datanode State Machine Thread - 0] ERROR datanode.RunningDatanodeState (RunningDatanodeState.java:computeNextContainerState(199)) - Error in executing end point task.
java.util.concurrent.ExecutionException: java.util.concurrent.TimeoutException
	at java.util.concurrent.FutureTask.report(FutureTask.java:122)
	at java.util.concurrent.FutureTask.get(FutureTask.java:192)
	at org.apache.hadoop.ozone.container.common.states.datanode.RunningDatanodeState.computeNextContainerState(RunningDatanodeState.java:191)
	at org.apache.hadoop.ozone.container.common.states.datanode.RunningDatanodeState.await(RunningDatanodeState.java:231)
	at org.apache.hadoop.ozone.container.common.states.datanode.RunningDatanodeState.await(RunningDatanodeState.java:50)
	at org.apache.hadoop.ozone.container.common.statemachine.StateContext.execute(StateContext.java:629)
	at org.apache.hadoop.ozone.container.common.statemachine.DatanodeStateMachine.start(DatanodeStateMachine.java:270)
	at org.apache.hadoop.ozone.container.common.statemachine.DatanodeStateMachine.lambda$startDaemon$0(DatanodeStateMachine.java:457)
	at java.lang.Thread.run(Thread.java:748)
Caused by: java.util.concurrent.TimeoutException
	at java.util.concurrent.FutureTask.get(FutureTask.java:205)
	at org.apache.hadoop.ozone.container.common.states.datanode.RunningDatanodeState.lambda$execute$0(RunningDatanodeState.java:149)
	at java.util.concurrent.FutureTask.run(FutureTask.java:266)
	at java.util.concurrent.Executors$RunnableAdapter.call(Executors.java:511)
	at java.util.concurrent.FutureTask.run(FutureTask.java:266)
	at java.util.concurrent.ThreadPoolExecutor.runWorker(ThreadPoolExecutor.java:1149)
	at java.util.concurrent.ThreadPoolExecutor$Worker.run(ThreadPoolExecutor.java:624)
	... 1 more
2021-10-04 02:04:59,317 [Datanode State Machine Thread - 0] ERROR datanode.RunningDatanodeState (RunningDatanodeState.java:computeNextContainerState(199)) - Error in executing end point task.
java.util.concurrent.ExecutionException: java.util.concurrent.TimeoutException
	at java.util.concurrent.FutureTask.report(FutureTask.java:122)
	at java.util.concurrent.FutureTask.get(FutureTask.java:192)
	at org.apache.hadoop.ozone.container.common.states.datanode.RunningDatanodeState.computeNextContainerState(RunningDatanodeState.java:191)
	at org.apache.hadoop.ozone.container.common.states.datanode.RunningDatanodeState.await(RunningDatanodeState.java:231)
	at org.apache.hadoop.ozone.container.common.states.datanode.RunningDatanodeState.await(RunningDatanodeState.java:50)
	at org.apache.hadoop.ozone.container.common.statemachine.StateContext.execute(StateContext.java:629)
	at org.apache.hadoop.ozone.container.common.statemachine.DatanodeStateMachine.start(DatanodeStateMachine.java:270)
	at org.apache.hadoop.ozone.container.common.statemachine.DatanodeStateMachine.lambda$startDaemon$0(DatanodeStateMachine.java:457)
	at java.lang.Thread.run(Thread.java:748)
Caused by: java.util.concurrent.TimeoutException
	at java.util.concurrent.FutureTask.get(FutureTask.java:205)
	at org.apache.hadoop.ozone.container.common.states.datanode.RunningDatanodeState.lambda$execute$0(RunningDatanodeState.java:149)
	at java.util.concurrent.FutureTask.run(FutureTask.java:266)
	at java.util.concurrent.Executors$RunnableAdapter.call(Executors.java:511)
	at java.util.concurrent.FutureTask.run(FutureTask.java:266)
	at java.util.concurrent.ThreadPoolExecutor.runWorker(ThreadPoolExecutor.java:1149)
	at java.util.concurrent.ThreadPoolExecutor$Worker.run(ThreadPoolExecutor.java:624)
	... 1 more
2021-10-04 02:04:59,424 [EndpointStateMachine task thread for /127.0.0.1:14511 - 0 ] INFO  ipc.Client (Client.java:handleConnectionFailure(977)) - Retrying connect to server: localhost/127.0.0.1:14511. Already tried 2 time(s); retry policy is RetryUpToMaximumCountWithFixedSleep(maxRetries=15, sleepTime=1000 MILLISECONDS)
2021-10-04 02:04:59,500 [Datanode State Machine Thread - 0] ERROR datanode.RunningDatanodeState (RunningDatanodeState.java:computeNextContainerState(199)) - Error in executing end point task.
java.util.concurrent.ExecutionException: java.util.concurrent.TimeoutException
	at java.util.concurrent.FutureTask.report(FutureTask.java:122)
	at java.util.concurrent.FutureTask.get(FutureTask.java:192)
	at org.apache.hadoop.ozone.container.common.states.datanode.RunningDatanodeState.computeNextContainerState(RunningDatanodeState.java:191)
	at org.apache.hadoop.ozone.container.common.states.datanode.RunningDatanodeState.await(RunningDatanodeState.java:231)
	at org.apache.hadoop.ozone.container.common.states.datanode.RunningDatanodeState.await(RunningDatanodeState.java:50)
	at org.apache.hadoop.ozone.container.common.statemachine.StateContext.execute(StateContext.java:629)
	at org.apache.hadoop.ozone.container.common.statemachine.DatanodeStateMachine.start(DatanodeStateMachine.java:270)
	at org.apache.hadoop.ozone.container.common.statemachine.DatanodeStateMachine.lambda$startDaemon$0(DatanodeStateMachine.java:457)
	at java.lang.Thread.run(Thread.java:748)
Caused by: java.util.concurrent.TimeoutException
	at java.util.concurrent.FutureTask.get(FutureTask.java:205)
	at org.apache.hadoop.ozone.container.common.states.datanode.RunningDatanodeState.lambda$execute$0(RunningDatanodeState.java:149)
	at java.util.concurrent.FutureTask.run(FutureTask.java:266)
	at java.util.concurrent.Executors$RunnableAdapter.call(Executors.java:511)
	at java.util.concurrent.FutureTask.run(FutureTask.java:266)
	at java.util.concurrent.ThreadPoolExecutor.runWorker(ThreadPoolExecutor.java:1149)
	at java.util.concurrent.ThreadPoolExecutor$Worker.run(ThreadPoolExecutor.java:624)
	... 1 more
2021-10-04 02:04:59,581 [EndpointStateMachine task thread for /127.0.0.1:14521 - 0 ] INFO  ipc.Client (Client.java:handleConnectionFailure(977)) - Retrying connect to server: localhost/127.0.0.1:14521. Already tried 0 time(s); retry policy is RetryUpToMaximumCountWithFixedSleep(maxRetries=15, sleepTime=1000 MILLISECONDS)
2021-10-04 02:04:59,584 [EndpointStateMachine task thread for /127.0.0.1:14501 - 0 ] INFO  ipc.Client (Client.java:handleConnectionFailure(977)) - Retrying connect to server: localhost/127.0.0.1:14501. Already tried 2 time(s); retry policy is RetryUpToMaximumCountWithFixedSleep(maxRetries=15, sleepTime=1000 MILLISECONDS)
2021-10-04 02:04:59,865 [Listener at 127.0.0.1/10960] INFO  ozone.MiniOzoneClusterImpl (MiniOzoneClusterImpl.java:lambda$waitForClusterToBeReady$0(235)) - Nodes are ready. Got 3 of 3 DN Heartbeats.
2021-10-04 02:04:59,865 [Listener at 127.0.0.1/10960] INFO  ozone.MiniOzoneClusterImpl (MiniOzoneClusterImpl.java:lambda$waitForClusterToBeReady$0(238)) - Waiting for cluster to exit safe mode
2021-10-04 02:04:59,865 [Listener at 127.0.0.1/10960] INFO  ozone.MiniOzoneClusterImpl (MiniOzoneClusterImpl.java:lambda$waitForClusterToBeReady$0(240)) - SCM became leader
2021-10-04 02:05:00,319 [Datanode State Machine Thread - 0] ERROR datanode.RunningDatanodeState (RunningDatanodeState.java:computeNextContainerState(199)) - Error in executing end point task.
java.util.concurrent.ExecutionException: java.util.concurrent.TimeoutException
	at java.util.concurrent.FutureTask.report(FutureTask.java:122)
	at java.util.concurrent.FutureTask.get(FutureTask.java:192)
	at org.apache.hadoop.ozone.container.common.states.datanode.RunningDatanodeState.computeNextContainerState(RunningDatanodeState.java:191)
	at org.apache.hadoop.ozone.container.common.states.datanode.RunningDatanodeState.await(RunningDatanodeState.java:231)
	at org.apache.hadoop.ozone.container.common.states.datanode.RunningDatanodeState.await(RunningDatanodeState.java:50)
	at org.apache.hadoop.ozone.container.common.statemachine.StateContext.execute(StateContext.java:629)
	at org.apache.hadoop.ozone.container.common.statemachine.DatanodeStateMachine.start(DatanodeStateMachine.java:270)
	at org.apache.hadoop.ozone.container.common.statemachine.DatanodeStateMachine.lambda$startDaemon$0(DatanodeStateMachine.java:457)
	at java.lang.Thread.run(Thread.java:748)
Caused by: java.util.concurrent.TimeoutException
	at java.util.concurrent.FutureTask.get(FutureTask.java:205)
	at org.apache.hadoop.ozone.container.common.states.datanode.RunningDatanodeState.lambda$execute$0(RunningDatanodeState.java:149)
	at java.util.concurrent.FutureTask.run(FutureTask.java:266)
	at java.util.concurrent.Executors$RunnableAdapter.call(Executors.java:511)
	at java.util.concurrent.FutureTask.run(FutureTask.java:266)
	at java.util.concurrent.ThreadPoolExecutor.runWorker(ThreadPoolExecutor.java:1149)
	at java.util.concurrent.ThreadPoolExecutor$Worker.run(ThreadPoolExecutor.java:624)
	... 1 more
2021-10-04 02:05:00,413 [0db60050-3417-4221-94cf-c6ca2a56f712@group-38CF24579FA4-FollowerState] INFO  impl.FollowerState (FollowerState.java:run(134)) - 0db60050-3417-4221-94cf-c6ca2a56f712@group-38CF24579FA4-FollowerState: change to CANDIDATE, lastRpcElapsedTime:5086130846ns, electionTimeout:5067ms
2021-10-04 02:05:00,413 [0db60050-3417-4221-94cf-c6ca2a56f712@group-38CF24579FA4-FollowerState] INFO  impl.RoleInfo (RoleInfo.java:shutdownFollowerState(108)) - 0db60050-3417-4221-94cf-c6ca2a56f712: shutdown 0db60050-3417-4221-94cf-c6ca2a56f712@group-38CF24579FA4-FollowerState
2021-10-04 02:05:00,414 [0db60050-3417-4221-94cf-c6ca2a56f712@group-38CF24579FA4-FollowerState] INFO  server.RaftServer$Division (RaftServerImpl.java:setRole(285)) - 0db60050-3417-4221-94cf-c6ca2a56f712@group-38CF24579FA4: changes role from  FOLLOWER to CANDIDATE at term 1 for changeToCandidate
2021-10-04 02:05:00,414 [0db60050-3417-4221-94cf-c6ca2a56f712@group-38CF24579FA4-FollowerState] INFO  server.RaftServerConfigKeys (ConfUtils.java:logGet(44)) - raft.server.leaderelection.pre-vote = false (custom)
2021-10-04 02:05:00,414 [0db60050-3417-4221-94cf-c6ca2a56f712@group-38CF24579FA4-FollowerState] INFO  impl.RoleInfo (RoleInfo.java:updateAndGet(130)) - 0db60050-3417-4221-94cf-c6ca2a56f712: start 0db60050-3417-4221-94cf-c6ca2a56f712@group-38CF24579FA4-LeaderElection26
2021-10-04 02:05:00,421 [0db60050-3417-4221-94cf-c6ca2a56f712@group-38CF24579FA4-LeaderElection26] INFO  impl.LeaderElection (LeaderElection.java:askForVotes(306)) - 0db60050-3417-4221-94cf-c6ca2a56f712@group-38CF24579FA4-LeaderElection26 ELECTION round 0: submit vote requests at term 2 for -1: [ec22a82e-7388-4328-8fb1-7bec7be40386|rpc:127.0.0.1:39209|dataStream:|priority:0, 0db60050-3417-4221-94cf-c6ca2a56f712|rpc:127.0.0.1:44551|dataStream:|priority:1, 57ec436a-c908-4fec-986d-5c2664f6b5b6|rpc:127.0.0.1:39069|dataStream:|priority:0], old=null
2021-10-04 02:05:00,424 [EndpointStateMachine task thread for /127.0.0.1:14511 - 0 ] INFO  ipc.Client (Client.java:handleConnectionFailure(977)) - Retrying connect to server: localhost/127.0.0.1:14511. Already tried 3 time(s); retry policy is RetryUpToMaximumCountWithFixedSleep(maxRetries=15, sleepTime=1000 MILLISECONDS)
2021-10-04 02:05:00,431 [grpc-default-executor-2] INFO  server.RaftServer$Division (RaftServerImpl.java:requestVote(1043)) - ec22a82e-7388-4328-8fb1-7bec7be40386@group-38CF24579FA4: receive requestVote(ELECTION, 0db60050-3417-4221-94cf-c6ca2a56f712, group-38CF24579FA4, 2, (t:0, i:0))
2021-10-04 02:05:00,431 [grpc-default-executor-2] INFO  impl.VoteContext (VoteContext.java:log(48)) - ec22a82e-7388-4328-8fb1-7bec7be40386@group-38CF24579FA4-FOLLOWER: accept ELECTION from 0db60050-3417-4221-94cf-c6ca2a56f712: our priority 0 <= candidate's priority 1
2021-10-04 02:05:00,431 [grpc-default-executor-2] INFO  server.RaftServer$Division (RaftServerImpl.java:setRole(285)) - ec22a82e-7388-4328-8fb1-7bec7be40386@group-38CF24579FA4: changes role from  FOLLOWER to FOLLOWER at term 2 for candidate:0db60050-3417-4221-94cf-c6ca2a56f712
2021-10-04 02:05:00,432 [grpc-default-executor-2] INFO  impl.RoleInfo (RoleInfo.java:shutdownFollowerState(108)) - ec22a82e-7388-4328-8fb1-7bec7be40386: shutdown ec22a82e-7388-4328-8fb1-7bec7be40386@group-38CF24579FA4-FollowerState
2021-10-04 02:05:00,432 [grpc-default-executor-2] INFO  impl.RoleInfo (RoleInfo.java:updateAndGet(130)) - ec22a82e-7388-4328-8fb1-7bec7be40386: start ec22a82e-7388-4328-8fb1-7bec7be40386@group-38CF24579FA4-FollowerState
2021-10-04 02:05:00,432 [ec22a82e-7388-4328-8fb1-7bec7be40386@group-38CF24579FA4-FollowerState] INFO  impl.FollowerState (FollowerState.java:run(143)) - ec22a82e-7388-4328-8fb1-7bec7be40386@group-38CF24579FA4-FollowerState was interrupted: {}
java.lang.InterruptedException: sleep interrupted
	at java.lang.Thread.sleep(Native Method)
	at java.lang.Thread.sleep(Thread.java:340)
	at java.util.concurrent.TimeUnit.sleep(TimeUnit.java:386)
	at org.apache.ratis.util.TimeDuration.sleep(TimeDuration.java:324)
	at org.apache.ratis.util.TimeDuration.sleep(TimeDuration.java:309)
	at org.apache.ratis.server.impl.FollowerState.run(FollowerState.java:118)
2021-10-04 02:05:00,431 [grpc-default-executor-0] INFO  server.RaftServer$Division (RaftServerImpl.java:requestVote(1043)) - 57ec436a-c908-4fec-986d-5c2664f6b5b6@group-38CF24579FA4: receive requestVote(ELECTION, 0db60050-3417-4221-94cf-c6ca2a56f712, group-38CF24579FA4, 2, (t:0, i:0))
2021-10-04 02:05:00,439 [grpc-default-executor-2] INFO  server.RaftServer$Division (RaftServerImpl.java:requestVote(1075)) - ec22a82e-7388-4328-8fb1-7bec7be40386@group-38CF24579FA4 replies to ELECTION vote request: 0db60050-3417-4221-94cf-c6ca2a56f712<-ec22a82e-7388-4328-8fb1-7bec7be40386#0:OK-t2. Peer's state: ec22a82e-7388-4328-8fb1-7bec7be40386@group-38CF24579FA4:t2, leader=null, voted=0db60050-3417-4221-94cf-c6ca2a56f712, raftlog=ec22a82e-7388-4328-8fb1-7bec7be40386@group-38CF24579FA4-SegmentedRaftLog:OPENED:c-1,f-1,i0, conf=-1: [ec22a82e-7388-4328-8fb1-7bec7be40386|rpc:127.0.0.1:39209|dataStream:|priority:0, 0db60050-3417-4221-94cf-c6ca2a56f712|rpc:127.0.0.1:44551|dataStream:|priority:1, 57ec436a-c908-4fec-986d-5c2664f6b5b6|rpc:127.0.0.1:39069|dataStream:|priority:0], old=null
2021-10-04 02:05:00,434 [57ec436a-c908-4fec-986d-5c2664f6b5b6@group-38CF24579FA4-FollowerState] INFO  impl.FollowerState (FollowerState.java:run(134)) - 57ec436a-c908-4fec-986d-5c2664f6b5b6@group-38CF24579FA4-FollowerState: change to CANDIDATE, lastRpcElapsedTime:5086423447ns, electionTimeout:5078ms
2021-10-04 02:05:00,443 [57ec436a-c908-4fec-986d-5c2664f6b5b6@group-38CF24579FA4-FollowerState] INFO  impl.RoleInfo (RoleInfo.java:shutdownFollowerState(108)) - 57ec436a-c908-4fec-986d-5c2664f6b5b6: shutdown 57ec436a-c908-4fec-986d-5c2664f6b5b6@group-38CF24579FA4-FollowerState
2021-10-04 02:05:00,443 [57ec436a-c908-4fec-986d-5c2664f6b5b6@group-38CF24579FA4-FollowerState] INFO  server.RaftServer$Division (RaftServerImpl.java:setRole(285)) - 57ec436a-c908-4fec-986d-5c2664f6b5b6@group-38CF24579FA4: changes role from  FOLLOWER to CANDIDATE at term 1 for changeToCandidate
2021-10-04 02:05:00,443 [57ec436a-c908-4fec-986d-5c2664f6b5b6@group-38CF24579FA4-FollowerState] INFO  server.RaftServerConfigKeys (ConfUtils.java:logGet(44)) - raft.server.leaderelection.pre-vote = false (custom)
2021-10-04 02:05:00,443 [57ec436a-c908-4fec-986d-5c2664f6b5b6@group-38CF24579FA4-FollowerState] INFO  impl.RoleInfo (RoleInfo.java:updateAndGet(130)) - 57ec436a-c908-4fec-986d-5c2664f6b5b6: start 57ec436a-c908-4fec-986d-5c2664f6b5b6@group-38CF24579FA4-LeaderElection27
2021-10-04 02:05:00,451 [grpc-default-executor-0] INFO  impl.VoteContext (VoteContext.java:log(48)) - 57ec436a-c908-4fec-986d-5c2664f6b5b6@group-38CF24579FA4-CANDIDATE: accept ELECTION from 0db60050-3417-4221-94cf-c6ca2a56f712: our priority 0 <= candidate's priority 1
2021-10-04 02:05:00,451 [grpc-default-executor-0] INFO  server.RaftServer$Division (RaftServerImpl.java:setRole(285)) - 57ec436a-c908-4fec-986d-5c2664f6b5b6@group-38CF24579FA4: changes role from CANDIDATE to FOLLOWER at term 2 for candidate:0db60050-3417-4221-94cf-c6ca2a56f712
2021-10-04 02:05:00,451 [grpc-default-executor-0] INFO  impl.RoleInfo (RoleInfo.java:shutdownLeaderElection(121)) - 57ec436a-c908-4fec-986d-5c2664f6b5b6: shutdown 57ec436a-c908-4fec-986d-5c2664f6b5b6@group-38CF24579FA4-LeaderElection27
2021-10-04 02:05:00,452 [grpc-default-executor-0] INFO  impl.RoleInfo (RoleInfo.java:updateAndGet(130)) - 57ec436a-c908-4fec-986d-5c2664f6b5b6: start 57ec436a-c908-4fec-986d-5c2664f6b5b6@group-38CF24579FA4-FollowerState
2021-10-04 02:05:00,452 [0db60050-3417-4221-94cf-c6ca2a56f712@group-38CF24579FA4-LeaderElection26] INFO  impl.LeaderElection (LeaderElection.java:logAndReturn(89)) - 0db60050-3417-4221-94cf-c6ca2a56f712@group-38CF24579FA4-LeaderElection26: ELECTION PASSED received 1 response(s) and 0 exception(s):
2021-10-04 02:05:00,452 [0db60050-3417-4221-94cf-c6ca2a56f712@group-38CF24579FA4-LeaderElection26] INFO  impl.LeaderElection (LeaderElection.java:logAndReturn(93)) -   Response 0: 0db60050-3417-4221-94cf-c6ca2a56f712<-ec22a82e-7388-4328-8fb1-7bec7be40386#0:OK-t2
2021-10-04 02:05:00,452 [0db60050-3417-4221-94cf-c6ca2a56f712@group-38CF24579FA4-LeaderElection26] INFO  impl.LeaderElection (LeaderElection.java:askForVotes(308)) - 0db60050-3417-4221-94cf-c6ca2a56f712@group-38CF24579FA4-LeaderElection26 ELECTION round 0: result PASSED
2021-10-04 02:05:00,452 [0db60050-3417-4221-94cf-c6ca2a56f712@group-38CF24579FA4-LeaderElection26] INFO  impl.RoleInfo (RoleInfo.java:shutdownLeaderElection(121)) - 0db60050-3417-4221-94cf-c6ca2a56f712: shutdown 0db60050-3417-4221-94cf-c6ca2a56f712@group-38CF24579FA4-LeaderElection26
2021-10-04 02:05:00,452 [0db60050-3417-4221-94cf-c6ca2a56f712@group-38CF24579FA4-LeaderElection26] INFO  server.RaftServer$Division (RaftServerImpl.java:setRole(285)) - 0db60050-3417-4221-94cf-c6ca2a56f712@group-38CF24579FA4: changes role from CANDIDATE to LEADER at term 2 for changeToLeader
2021-10-04 02:05:00,452 [0db60050-3417-4221-94cf-c6ca2a56f712@group-38CF24579FA4-LeaderElection26] INFO  ratis.XceiverServerRatis (XceiverServerRatis.java:handleLeaderChangedNotification(861)) - Leader change notification received for group: group-38CF24579FA4 with new leaderId: 0db60050-3417-4221-94cf-c6ca2a56f712
2021-10-04 02:05:00,453 [0db60050-3417-4221-94cf-c6ca2a56f712@group-38CF24579FA4-LeaderElection26] INFO  server.RaftServer$Division (ServerState.java:setLeader(285)) - 0db60050-3417-4221-94cf-c6ca2a56f712@group-38CF24579FA4: change Leader from null to 0db60050-3417-4221-94cf-c6ca2a56f712 at term 2 for becomeLeader, leader elected after 10199ms
2021-10-04 02:05:00,453 [0db60050-3417-4221-94cf-c6ca2a56f712@group-38CF24579FA4-LeaderElection26] INFO  server.RaftServerConfigKeys (ConfUtils.java:logGet(44)) - raft.server.staging.catchup.gap = 1000 (default)
2021-10-04 02:05:00,453 [0db60050-3417-4221-94cf-c6ca2a56f712@group-38CF24579FA4-LeaderElection26] INFO  server.RaftServerConfigKeys (ConfUtils.java:logGet(44)) - raft.server.write.element-limit = 1024 (custom)
2021-10-04 02:05:00,453 [0db60050-3417-4221-94cf-c6ca2a56f712@group-38CF24579FA4-LeaderElection26] INFO  server.RaftServerConfigKeys (ConfUtils.java:logGet(44)) - raft.server.write.byte-limit = 1024 M (=1073741824) (custom)
2021-10-04 02:05:00,453 [0db60050-3417-4221-94cf-c6ca2a56f712@group-38CF24579FA4-LeaderElection26] INFO  server.RaftServerConfigKeys (ConfUtils.java:logGet(44)) - raft.server.watch.timeout = 180s (custom)
2021-10-04 02:05:00,453 [0db60050-3417-4221-94cf-c6ca2a56f712@group-38CF24579FA4-LeaderElection26] INFO  server.RaftServerConfigKeys (ConfUtils.java:logGet(44)) - raft.server.watch.timeout.denomination = 1s (default)
2021-10-04 02:05:00,454 [0db60050-3417-4221-94cf-c6ca2a56f712@group-38CF24579FA4-LeaderElection26] INFO  server.RaftServerConfigKeys (ConfUtils.java:logGet(44)) - raft.server.watch.element-limit = 65536 (default)
2021-10-04 02:05:00,454 [0db60050-3417-4221-94cf-c6ca2a56f712@group-38CF24579FA4-LeaderElection26] INFO  server.RaftServerConfigKeys (ConfUtils.java:logGet(44)) - raft.server.log.appender.snapshot.chunk.size.max = 16MB (=16777216) (default)
2021-10-04 02:05:00,454 [0db60050-3417-4221-94cf-c6ca2a56f712@group-38CF24579FA4-LeaderElection26] INFO  server.RaftServerConfigKeys (ConfUtils.java:logGet(44)) - raft.server.log.appender.buffer.byte-limit = 33554432 (custom)
2021-10-04 02:05:00,454 [0db60050-3417-4221-94cf-c6ca2a56f712@group-38CF24579FA4-LeaderElection26] INFO  server.RaftServerConfigKeys (ConfUtils.java:logGet(44)) - raft.server.log.appender.buffer.element-limit = 1 (custom)
2021-10-04 02:05:00,454 [0db60050-3417-4221-94cf-c6ca2a56f712@group-38CF24579FA4-LeaderElection26] INFO  grpc.GrpcConfigKeys (ConfUtils.java:logGet(44)) - raft.grpc.server.leader.outstanding.appends.max = 128 (default)
2021-10-04 02:05:00,454 [0db60050-3417-4221-94cf-c6ca2a56f712@group-38CF24579FA4-LeaderElection26] INFO  server.RaftServerConfigKeys (ConfUtils.java:logGet(44)) - raft.server.rpc.request.timeout = 60s (custom)
2021-10-04 02:05:00,454 [0db60050-3417-4221-94cf-c6ca2a56f712@group-38CF24579FA4-LeaderElection26] INFO  server.RaftServerConfigKeys (ConfUtils.java:logGet(44)) - raft.server.log.appender.install.snapshot.enabled = false (custom)
2021-10-04 02:05:00,455 [0db60050-3417-4221-94cf-c6ca2a56f712@group-38CF24579FA4-LeaderElection26] INFO  server.RaftServerConfigKeys (ConfUtils.java:logGet(44)) - raft.server.log.appender.snapshot.chunk.size.max = 16MB (=16777216) (default)
2021-10-04 02:05:00,455 [0db60050-3417-4221-94cf-c6ca2a56f712@group-38CF24579FA4-LeaderElection26] INFO  server.RaftServerConfigKeys (ConfUtils.java:logGet(44)) - raft.server.log.appender.buffer.byte-limit = 33554432 (custom)
2021-10-04 02:05:00,455 [0db60050-3417-4221-94cf-c6ca2a56f712@group-38CF24579FA4-LeaderElection26] INFO  server.RaftServerConfigKeys (ConfUtils.java:logGet(44)) - raft.server.log.appender.buffer.element-limit = 1 (custom)
2021-10-04 02:05:00,455 [0db60050-3417-4221-94cf-c6ca2a56f712@group-38CF24579FA4-LeaderElection26] INFO  grpc.GrpcConfigKeys (ConfUtils.java:logGet(44)) - raft.grpc.server.leader.outstanding.appends.max = 128 (default)
2021-10-04 02:05:00,455 [0db60050-3417-4221-94cf-c6ca2a56f712@group-38CF24579FA4-LeaderElection26] INFO  server.RaftServerConfigKeys (ConfUtils.java:logGet(44)) - raft.server.rpc.request.timeout = 60s (custom)
2021-10-04 02:05:00,455 [0db60050-3417-4221-94cf-c6ca2a56f712@group-38CF24579FA4-LeaderElection26] INFO  server.RaftServerConfigKeys (ConfUtils.java:logGet(44)) - raft.server.log.appender.install.snapshot.enabled = false (custom)
2021-10-04 02:05:00,456 [0db60050-3417-4221-94cf-c6ca2a56f712@group-38CF24579FA4-LeaderElection26] INFO  impl.RoleInfo (RoleInfo.java:updateAndGet(130)) - 0db60050-3417-4221-94cf-c6ca2a56f712: start 0db60050-3417-4221-94cf-c6ca2a56f712@group-38CF24579FA4-LeaderStateImpl
2021-10-04 02:05:00,457 [0db60050-3417-4221-94cf-c6ca2a56f712@group-38CF24579FA4-LeaderElection26] INFO  segmented.SegmentedRaftLogWorker (SegmentedRaftLogWorker.java:startLogSegment(394)) - 0db60050-3417-4221-94cf-c6ca2a56f712@group-38CF24579FA4-SegmentedRaftLogWorker: Starting segment from index:0
2021-10-04 02:05:00,458 [EventQueue-PipelineReportForPipelineReportHandler] INFO  pipeline.PipelineManagerImpl (PipelineManagerImpl.java:openPipeline(282)) - Pipeline Pipeline[ Id: 5bbf6d9c-bff9-4fc2-9f93-38cf24579fa4, Nodes: 0db60050-3417-4221-94cf-c6ca2a56f712{ip: 127.0.0.1, host: localhost, ports: [REPLICATION=43153, RATIS=44551, RATIS_ADMIN=44551, RATIS_SERVER=44551, STANDALONE=46239], networkLocation: /default-rack, certSerialId: null, persistedOpState: IN_SERVICE, persistedOpStateExpiryEpochSec: 0}57ec436a-c908-4fec-986d-5c2664f6b5b6{ip: 127.0.0.1, host: localhost, ports: [REPLICATION=41263, RATIS=39069, RATIS_ADMIN=39069, RATIS_SERVER=39069, STANDALONE=38989], networkLocation: /default-rack, certSerialId: null, persistedOpState: IN_SERVICE, persistedOpStateExpiryEpochSec: 0}ec22a82e-7388-4328-8fb1-7bec7be40386{ip: 127.0.0.1, host: localhost, ports: [REPLICATION=46461, RATIS=39209, RATIS_ADMIN=39209, RATIS_SERVER=39209, STANDALONE=35915], networkLocation: /default-rack, certSerialId: null, persistedOpState: IN_SERVICE, persistedOpStateExpiryEpochSec: 0}, ReplicationConfig: RATIS/THREE, State:ALLOCATED, leaderId:0db60050-3417-4221-94cf-c6ca2a56f712, CreationTimestamp2021-10-04T02:04:47.903Z[Etc/UTC]] moved to OPEN state
2021-10-04 02:05:00,458 [EventQueue-OpenPipelineForHealthyPipelineSafeModeRule] INFO  safemode.SCMSafeModeManager (HealthyPipelineSafeModeRule.java:process(124)) - SCM in safe mode. Healthy pipelines reported count is 0, required healthy pipeline reported count is 1
2021-10-04 02:05:00,458 [EventQueue-PipelineReportForPipelineReportHandler] INFO  pipeline.PipelineManagerImpl (PipelineManagerImpl.java:openPipeline(282)) - Pipeline Pipeline[ Id: 5bbf6d9c-bff9-4fc2-9f93-38cf24579fa4, Nodes: 0db60050-3417-4221-94cf-c6ca2a56f712{ip: 127.0.0.1, host: localhost, ports: [REPLICATION=43153, RATIS=44551, RATIS_ADMIN=44551, RATIS_SERVER=44551, STANDALONE=46239], networkLocation: /default-rack, certSerialId: null, persistedOpState: IN_SERVICE, persistedOpStateExpiryEpochSec: 0}57ec436a-c908-4fec-986d-5c2664f6b5b6{ip: 127.0.0.1, host: localhost, ports: [REPLICATION=41263, RATIS=39069, RATIS_ADMIN=39069, RATIS_SERVER=39069, STANDALONE=38989], networkLocation: /default-rack, certSerialId: null, persistedOpState: IN_SERVICE, persistedOpStateExpiryEpochSec: 0}ec22a82e-7388-4328-8fb1-7bec7be40386{ip: 127.0.0.1, host: localhost, ports: [REPLICATION=46461, RATIS=39209, RATIS_ADMIN=39209, RATIS_SERVER=39209, STANDALONE=35915], networkLocation: /default-rack, certSerialId: null, persistedOpState: IN_SERVICE, persistedOpStateExpiryEpochSec: 0}, ReplicationConfig: RATIS/THREE, State:ALLOCATED, leaderId:0db60050-3417-4221-94cf-c6ca2a56f712, CreationTimestamp2021-10-04T02:04:47.903Z[Etc/UTC]] moved to OPEN state
2021-10-04 02:05:00,459 [EventQueue-OpenPipelineForHealthyPipelineSafeModeRule] INFO  safemode.SCMSafeModeManager (HealthyPipelineSafeModeRule.java:process(124)) - SCM in safe mode. Healthy pipelines reported count is 0, required healthy pipeline reported count is 1
2021-10-04 02:05:00,460 [EventQueue-PipelineReportForPipelineReportHandler] INFO  ha.SCMHAInvocationHandler (SCMHAInvocationHandler.java:invokeRatis(113)) - Invoking method public abstract void org.apache.hadoop.hdds.scm.pipeline.PipelineStateManager.updatePipelineState(org.apache.hadoop.hdds.protocol.proto.HddsProtos$PipelineID,org.apache.hadoop.hdds.protocol.proto.HddsProtos$PipelineState) throws java.io.IOException on target org.apache.hadoop.hdds.scm.ha.SCMRatisServerImpl@563734aa, cost 1383.803us
2021-10-04 02:05:00,461 [grpc-default-executor-0] INFO  server.RaftServer$Division (RaftServerImpl.java:requestVote(1075)) - 57ec436a-c908-4fec-986d-5c2664f6b5b6@group-38CF24579FA4 replies to ELECTION vote request: 0db60050-3417-4221-94cf-c6ca2a56f712<-57ec436a-c908-4fec-986d-5c2664f6b5b6#0:OK-t2. Peer's state: 57ec436a-c908-4fec-986d-5c2664f6b5b6@group-38CF24579FA4:t2, leader=null, voted=0db60050-3417-4221-94cf-c6ca2a56f712, raftlog=57ec436a-c908-4fec-986d-5c2664f6b5b6@group-38CF24579FA4-SegmentedRaftLog:OPENED:c-1,f-1,i0, conf=-1: [ec22a82e-7388-4328-8fb1-7bec7be40386|rpc:127.0.0.1:39209|priority:0, 0db60050-3417-4221-94cf-c6ca2a56f712|rpc:127.0.0.1:44551|priority:1, 57ec436a-c908-4fec-986d-5c2664f6b5b6|rpc:127.0.0.1:39069|priority:0], old=null
2021-10-04 02:05:00,461 [0db60050-3417-4221-94cf-c6ca2a56f712@group-38CF24579FA4-SegmentedRaftLogWorker] INFO  segmented.SegmentedRaftLogWorker (SegmentedRaftLogWorker.java:execute(601)) - 0db60050-3417-4221-94cf-c6ca2a56f712@group-38CF24579FA4-SegmentedRaftLogWorker: created new log segment /home/runner/work/ozone/ozone/hadoop-ozone/integration-test/target/test-dir/MiniOzoneClusterImpl-aa9d709b-e9e6-4188-94b0-5e66da880090/datanode-2/data/ratis/5bbf6d9c-bff9-4fc2-9f93-38cf24579fa4/current/log_inprogress_0
2021-10-04 02:05:00,462 [0db60050-3417-4221-94cf-c6ca2a56f712@group-38CF24579FA4-LeaderElection26] INFO  server.RaftServer$Division (ServerState.java:setRaftConf(387)) - 0db60050-3417-4221-94cf-c6ca2a56f712@group-38CF24579FA4: set configuration 0: [ec22a82e-7388-4328-8fb1-7bec7be40386|rpc:127.0.0.1:39209|dataStream:|priority:0, 0db60050-3417-4221-94cf-c6ca2a56f712|rpc:127.0.0.1:44551|dataStream:|priority:1, 57ec436a-c908-4fec-986d-5c2664f6b5b6|rpc:127.0.0.1:39069|dataStream:|priority:0], old=null
2021-10-04 02:05:00,466 [57ec436a-c908-4fec-986d-5c2664f6b5b6@group-38CF24579FA4-LeaderElection27] INFO  impl.LeaderElection (LeaderElection.java:run(230)) - 57ec436a-c908-4fec-986d-5c2664f6b5b6@group-38CF24579FA4-LeaderElection27: skip running since this is already CLOSING
2021-10-04 02:05:00,480 [grpc-default-executor-2] INFO  ratis.XceiverServerRatis (XceiverServerRatis.java:handleLeaderChangedNotification(861)) - Leader change notification received for group: group-38CF24579FA4 with new leaderId: 0db60050-3417-4221-94cf-c6ca2a56f712
2021-10-04 02:05:00,481 [grpc-default-executor-2] INFO  server.RaftServer$Division (ServerState.java:setLeader(285)) - 57ec436a-c908-4fec-986d-5c2664f6b5b6@group-38CF24579FA4: change Leader from null to 0db60050-3417-4221-94cf-c6ca2a56f712 at term 2 for appendEntries, leader elected after 10303ms
2021-10-04 02:05:00,483 [2dc1c52f-fb9b-4367-bdf1-93ff3bf143d5@group-5E66DA880090-StateMachineUpdater] INFO  safemode.HealthyPipelineSafeModeRule (HealthyPipelineSafeModeRule.java:initializeRule(152)) - Refreshed total pipeline count is 1, healthy pipeline threshold count is 1
2021-10-04 02:05:00,483 [EventQueue-PipelineReportForPipelineReportHandler] INFO  ha.SCMHAInvocationHandler (SCMHAInvocationHandler.java:invokeRatis(113)) - Invoking method public abstract void org.apache.hadoop.hdds.scm.pipeline.PipelineStateManager.updatePipelineState(org.apache.hadoop.hdds.protocol.proto.HddsProtos$PipelineID,org.apache.hadoop.hdds.protocol.proto.HddsProtos$PipelineState) throws java.io.IOException on target org.apache.hadoop.hdds.scm.ha.SCMRatisServerImpl@72dd0597, cost 25288.056us
2021-10-04 02:05:00,483 [EventQueue-OpenPipelineForHealthyPipelineSafeModeRule] INFO  safemode.SCMSafeModeManager (HealthyPipelineSafeModeRule.java:process(124)) - SCM in safe mode. Healthy pipelines reported count is 1, required healthy pipeline reported count is 1
2021-10-04 02:05:00,483 [EventQueue-OpenPipelineForHealthyPipelineSafeModeRule] INFO  safemode.SCMSafeModeManager (SCMSafeModeManager.java:validateSafeModeExitRules(204)) - HealthyPipelineSafeModeRule rule is successfully validated
2021-10-04 02:05:00,483 [EventQueue-OpenPipelineForHealthyPipelineSafeModeRule] INFO  safemode.SCMSafeModeManager (SCMSafeModeManager.java:validateSafeModeExitRules(219)) - ScmSafeModeManager, all rules are successfully validated
2021-10-04 02:05:00,483 [EventQueue-OpenPipelineForHealthyPipelineSafeModeRule] INFO  safemode.SCMSafeModeManager (SCMSafeModeManager.java:exitSafeMode(248)) - SCM exiting safe mode.
2021-10-04 02:05:00,483 [EventQueue-OpenPipelineForHealthyPipelineSafeModeRule] WARN  events.EventQueue (EventQueue.java:fireEvent(194)) - No event handler registered for event TypedEvent{payloadType=SafeModeStatus, name='Safe mode status'}
2021-10-04 02:05:00,483 [EventQueue-OpenPipelineForHealthyPipelineSafeModeRule] INFO  ha.SCMContext (SCMContext.java:updateSafeModeStatus(205)) - Update SafeModeStatus from SafeModeStatus{safeModeStatus=true, preCheckPassed=true} to SafeModeStatus{safeModeStatus=false, preCheckPassed=true}.
2021-10-04 02:05:00,483 [EventQueue-OpenPipelineForHealthyPipelineSafeModeRule] INFO  container.ReplicationManager (ReplicationManager.java:notifyStatusChanged(1743)) - Service ReplicationManager transitions to RUNNING.
2021-10-04 02:05:00,493 [grpc-default-executor-2] INFO  server.RaftServer$Division (ServerState.java:setRaftConf(387)) - 57ec436a-c908-4fec-986d-5c2664f6b5b6@group-38CF24579FA4: set configuration 0: [ec22a82e-7388-4328-8fb1-7bec7be40386|rpc:127.0.0.1:39209|dataStream:|priority:0, 0db60050-3417-4221-94cf-c6ca2a56f712|rpc:127.0.0.1:44551|dataStream:|priority:1, 57ec436a-c908-4fec-986d-5c2664f6b5b6|rpc:127.0.0.1:39069|dataStream:|priority:0], old=null
2021-10-04 02:05:00,494 [grpc-default-executor-2] INFO  segmented.SegmentedRaftLogWorker (SegmentedRaftLogWorker.java:startLogSegment(394)) - 57ec436a-c908-4fec-986d-5c2664f6b5b6@group-38CF24579FA4-SegmentedRaftLogWorker: Starting segment from index:0
2021-10-04 02:05:00,495 [57ec436a-c908-4fec-986d-5c2664f6b5b6@group-38CF24579FA4-SegmentedRaftLogWorker] INFO  segmented.SegmentedRaftLogWorker (SegmentedRaftLogWorker.java:execute(601)) - 57ec436a-c908-4fec-986d-5c2664f6b5b6@group-38CF24579FA4-SegmentedRaftLogWorker: created new log segment /home/runner/work/ozone/ozone/hadoop-ozone/integration-test/target/test-dir/MiniOzoneClusterImpl-aa9d709b-e9e6-4188-94b0-5e66da880090/datanode-0/data/ratis/5bbf6d9c-bff9-4fc2-9f93-38cf24579fa4/current/log_inprogress_0
2021-10-04 02:05:00,505 [grpc-default-executor-3] INFO  ratis.XceiverServerRatis (XceiverServerRatis.java:handleLeaderChangedNotification(861)) - Leader change notification received for group: group-38CF24579FA4 with new leaderId: 0db60050-3417-4221-94cf-c6ca2a56f712
2021-10-04 02:05:00,505 [grpc-default-executor-3] INFO  server.RaftServer$Division (ServerState.java:setLeader(285)) - ec22a82e-7388-4328-8fb1-7bec7be40386@group-38CF24579FA4: change Leader from null to 0db60050-3417-4221-94cf-c6ca2a56f712 at term 2 for appendEntries, leader elected after 10150ms
2021-10-04 02:05:00,510 [d10ebfff-67c6-465e-b891-a6f4e9e1af69@group-5E66DA880090-StateMachineUpdater] INFO  safemode.HealthyPipelineSafeModeRule (HealthyPipelineSafeModeRule.java:initializeRule(152)) - Refreshed total pipeline count is 1, healthy pipeline threshold count is 1
2021-10-04 02:05:00,511 [Datanode State Machine Thread - 0] ERROR datanode.RunningDatanodeState (RunningDatanodeState.java:computeNextContainerState(199)) - Error in executing end point task.
java.util.concurrent.ExecutionException: java.util.concurrent.TimeoutException
	at java.util.concurrent.FutureTask.report(FutureTask.java:122)
	at java.util.concurrent.FutureTask.get(FutureTask.java:192)
	at org.apache.hadoop.ozone.container.common.states.datanode.RunningDatanodeState.computeNextContainerState(RunningDatanodeState.java:191)
	at org.apache.hadoop.ozone.container.common.states.datanode.RunningDatanodeState.await(RunningDatanodeState.java:231)
	at org.apache.hadoop.ozone.container.common.states.datanode.RunningDatanodeState.await(RunningDatanodeState.java:50)
	at org.apache.hadoop.ozone.container.common.statemachine.StateContext.execute(StateContext.java:629)
	at org.apache.hadoop.ozone.container.common.statemachine.DatanodeStateMachine.start(DatanodeStateMachine.java:270)
	at org.apache.hadoop.ozone.container.common.statemachine.DatanodeStateMachine.lambda$startDaemon$0(DatanodeStateMachine.java:457)
	at java.lang.Thread.run(Thread.java:748)
Caused by: java.util.concurrent.TimeoutException
	at java.util.concurrent.FutureTask.get(FutureTask.java:205)
	at org.apache.hadoop.ozone.container.common.states.datanode.RunningDatanodeState.lambda$execute$0(RunningDatanodeState.java:149)
	at java.util.concurrent.FutureTask.run(FutureTask.java:266)
	at java.util.concurrent.Executors$RunnableAdapter.call(Executors.java:511)
	at java.util.concurrent.FutureTask.run(FutureTask.java:266)
	at java.util.concurrent.ThreadPoolExecutor.runWorker(ThreadPoolExecutor.java:1149)
	at java.util.concurrent.ThreadPoolExecutor$Worker.run(ThreadPoolExecutor.java:624)
	... 1 more
2021-10-04 02:05:00,518 [grpc-default-executor-3] INFO  server.RaftServer$Division (ServerState.java:setRaftConf(387)) - ec22a82e-7388-4328-8fb1-7bec7be40386@group-38CF24579FA4: set configuration 0: [ec22a82e-7388-4328-8fb1-7bec7be40386|rpc:127.0.0.1:39209|dataStream:|priority:0, 0db60050-3417-4221-94cf-c6ca2a56f712|rpc:127.0.0.1:44551|dataStream:|priority:1, 57ec436a-c908-4fec-986d-5c2664f6b5b6|rpc:127.0.0.1:39069|dataStream:|priority:0], old=null
2021-10-04 02:05:00,520 [grpc-default-executor-3] INFO  segmented.SegmentedRaftLogWorker (SegmentedRaftLogWorker.java:startLogSegment(394)) - ec22a82e-7388-4328-8fb1-7bec7be40386@group-38CF24579FA4-SegmentedRaftLogWorker: Starting segment from index:0
2021-10-04 02:05:00,524 [ec22a82e-7388-4328-8fb1-7bec7be40386@group-38CF24579FA4-SegmentedRaftLogWorker] INFO  segmented.SegmentedRaftLogWorker (SegmentedRaftLogWorker.java:execute(601)) - ec22a82e-7388-4328-8fb1-7bec7be40386@group-38CF24579FA4-SegmentedRaftLogWorker: created new log segment /home/runner/work/ozone/ozone/hadoop-ozone/integration-test/target/test-dir/MiniOzoneClusterImpl-aa9d709b-e9e6-4188-94b0-5e66da880090/datanode-1/data/ratis/5bbf6d9c-bff9-4fc2-9f93-38cf24579fa4/current/log_inprogress_0
2021-10-04 02:05:00,582 [EndpointStateMachine task thread for /127.0.0.1:14521 - 0 ] INFO  ipc.Client (Client.java:handleConnectionFailure(977)) - Retrying connect to server: localhost/127.0.0.1:14521. Already tried 1 time(s); retry policy is RetryUpToMaximumCountWithFixedSleep(maxRetries=15, sleepTime=1000 MILLISECONDS)
2021-10-04 02:05:00,584 [EndpointStateMachine task thread for /127.0.0.1:14501 - 0 ] INFO  ipc.Client (Client.java:handleConnectionFailure(977)) - Retrying connect to server: localhost/127.0.0.1:14501. Already tried 3 time(s); retry policy is RetryUpToMaximumCountWithFixedSleep(maxRetries=15, sleepTime=1000 MILLISECONDS)
2021-10-04 02:05:00,746 [0db60050-3417-4221-94cf-c6ca2a56f712@group-8194F89F6908-FollowerState] INFO  impl.FollowerState (FollowerState.java:run(134)) - 0db60050-3417-4221-94cf-c6ca2a56f712@group-8194F89F6908-FollowerState: change to CANDIDATE, lastRpcElapsedTime:5036032136ns, electionTimeout:5023ms
2021-10-04 02:05:00,746 [0db60050-3417-4221-94cf-c6ca2a56f712@group-8194F89F6908-FollowerState] INFO  impl.RoleInfo (RoleInfo.java:shutdownFollowerState(108)) - 0db60050-3417-4221-94cf-c6ca2a56f712: shutdown 0db60050-3417-4221-94cf-c6ca2a56f712@group-8194F89F6908-FollowerState
2021-10-04 02:05:00,746 [0db60050-3417-4221-94cf-c6ca2a56f712@group-8194F89F6908-FollowerState] INFO  server.RaftServer$Division (RaftServerImpl.java:setRole(285)) - 0db60050-3417-4221-94cf-c6ca2a56f712@group-8194F89F6908: changes role from  FOLLOWER to CANDIDATE at term 1 for changeToCandidate
2021-10-04 02:05:00,746 [0db60050-3417-4221-94cf-c6ca2a56f712@group-8194F89F6908-FollowerState] INFO  server.RaftServerConfigKeys (ConfUtils.java:logGet(44)) - raft.server.leaderelection.pre-vote = false (custom)
2021-10-04 02:05:00,746 [0db60050-3417-4221-94cf-c6ca2a56f712@group-8194F89F6908-FollowerState] INFO  impl.RoleInfo (RoleInfo.java:updateAndGet(130)) - 0db60050-3417-4221-94cf-c6ca2a56f712: start 0db60050-3417-4221-94cf-c6ca2a56f712@group-8194F89F6908-LeaderElection28
2021-10-04 02:05:00,759 [0db60050-3417-4221-94cf-c6ca2a56f712@group-8194F89F6908-LeaderElection28] INFO  impl.LeaderElection (LeaderElection.java:askForVotes(306)) - 0db60050-3417-4221-94cf-c6ca2a56f712@group-8194F89F6908-LeaderElection28 ELECTION round 0: submit vote requests at term 2 for -1: [ec22a82e-7388-4328-8fb1-7bec7be40386|rpc:127.0.0.1:39209|dataStream:|priority:1, 0db60050-3417-4221-94cf-c6ca2a56f712|rpc:127.0.0.1:44551|dataStream:|priority:0, 57ec436a-c908-4fec-986d-5c2664f6b5b6|rpc:127.0.0.1:39069|dataStream:|priority:0], old=null
2021-10-04 02:05:00,767 [grpc-default-executor-3] INFO  server.RaftServer$Division (RaftServerImpl.java:requestVote(1043)) - ec22a82e-7388-4328-8fb1-7bec7be40386@group-8194F89F6908: receive requestVote(ELECTION, 0db60050-3417-4221-94cf-c6ca2a56f712, group-8194F89F6908, 2, (t:0, i:0))
2021-10-04 02:05:00,768 [grpc-default-executor-3] INFO  impl.VoteContext (VoteContext.java:log(48)) - ec22a82e-7388-4328-8fb1-7bec7be40386@group-8194F89F6908-FOLLOWER: reject ELECTION from 0db60050-3417-4221-94cf-c6ca2a56f712: our priority 1 > candidate's priority 0
2021-10-04 02:05:00,768 [grpc-default-executor-3] INFO  server.RaftServer$Division (RaftServerImpl.java:setRole(285)) - ec22a82e-7388-4328-8fb1-7bec7be40386@group-8194F89F6908: changes role from  FOLLOWER to FOLLOWER at term 2 for candidate:0db60050-3417-4221-94cf-c6ca2a56f712
2021-10-04 02:05:00,768 [grpc-default-executor-3] INFO  impl.RoleInfo (RoleInfo.java:shutdownFollowerState(108)) - ec22a82e-7388-4328-8fb1-7bec7be40386: shutdown ec22a82e-7388-4328-8fb1-7bec7be40386@group-8194F89F6908-FollowerState
2021-10-04 02:05:00,774 [grpc-default-executor-3] INFO  impl.RoleInfo (RoleInfo.java:updateAndGet(130)) - ec22a82e-7388-4328-8fb1-7bec7be40386: start ec22a82e-7388-4328-8fb1-7bec7be40386@group-8194F89F6908-FollowerState
2021-10-04 02:05:00,774 [ec22a82e-7388-4328-8fb1-7bec7be40386@group-8194F89F6908-FollowerState] INFO  impl.FollowerState (FollowerState.java:run(143)) - ec22a82e-7388-4328-8fb1-7bec7be40386@group-8194F89F6908-FollowerState was interrupted: {}
java.lang.InterruptedException: sleep interrupted
	at java.lang.Thread.sleep(Native Method)
	at java.lang.Thread.sleep(Thread.java:340)
	at java.util.concurrent.TimeUnit.sleep(TimeUnit.java:386)
	at org.apache.ratis.util.TimeDuration.sleep(TimeDuration.java:324)
	at org.apache.ratis.util.TimeDuration.sleep(TimeDuration.java:309)
	at org.apache.ratis.server.impl.FollowerState.run(FollowerState.java:118)
2021-10-04 02:05:00,775 [grpc-default-executor-2] INFO  server.RaftServer$Division (RaftServerImpl.java:requestVote(1043)) - 57ec436a-c908-4fec-986d-5c2664f6b5b6@group-8194F89F6908: receive requestVote(ELECTION, 0db60050-3417-4221-94cf-c6ca2a56f712, group-8194F89F6908, 2, (t:0, i:0))
2021-10-04 02:05:00,775 [grpc-default-executor-2] INFO  impl.VoteContext (VoteContext.java:log(48)) - 57ec436a-c908-4fec-986d-5c2664f6b5b6@group-8194F89F6908-FOLLOWER: accept ELECTION from 0db60050-3417-4221-94cf-c6ca2a56f712: our priority 0 <= candidate's priority 0
2021-10-04 02:05:00,775 [grpc-default-executor-2] INFO  server.RaftServer$Division (RaftServerImpl.java:setRole(285)) - 57ec436a-c908-4fec-986d-5c2664f6b5b6@group-8194F89F6908: changes role from  FOLLOWER to FOLLOWER at term 2 for candidate:0db60050-3417-4221-94cf-c6ca2a56f712
2021-10-04 02:05:00,775 [grpc-default-executor-2] INFO  impl.RoleInfo (RoleInfo.java:shutdownFollowerState(108)) - 57ec436a-c908-4fec-986d-5c2664f6b5b6: shutdown 57ec436a-c908-4fec-986d-5c2664f6b5b6@group-8194F89F6908-FollowerState
2021-10-04 02:05:00,782 [57ec436a-c908-4fec-986d-5c2664f6b5b6@group-8194F89F6908-FollowerState] INFO  impl.FollowerState (FollowerState.java:run(143)) - 57ec436a-c908-4fec-986d-5c2664f6b5b6@group-8194F89F6908-FollowerState was interrupted: {}
java.lang.InterruptedException: sleep interrupted
	at java.lang.Thread.sleep(Native Method)
	at java.lang.Thread.sleep(Thread.java:340)
	at java.util.concurrent.TimeUnit.sleep(TimeUnit.java:386)
	at org.apache.ratis.util.TimeDuration.sleep(TimeDuration.java:324)
	at org.apache.ratis.util.TimeDuration.sleep(TimeDuration.java:309)
	at org.apache.ratis.server.impl.FollowerState.run(FollowerState.java:118)
2021-10-04 02:05:00,784 [grpc-default-executor-3] INFO  server.RaftServer$Division (RaftServerImpl.java:requestVote(1075)) - ec22a82e-7388-4328-8fb1-7bec7be40386@group-8194F89F6908 replies to ELECTION vote request: 0db60050-3417-4221-94cf-c6ca2a56f712<-ec22a82e-7388-4328-8fb1-7bec7be40386#0:FAIL-t2. Peer's state: ec22a82e-7388-4328-8fb1-7bec7be40386@group-8194F89F6908:t2, leader=null, voted=null, raftlog=ec22a82e-7388-4328-8fb1-7bec7be40386@group-8194F89F6908-SegmentedRaftLog:OPENED:c-1,f-1,i0, conf=-1: [ec22a82e-7388-4328-8fb1-7bec7be40386|rpc:127.0.0.1:39209|priority:1, 0db60050-3417-4221-94cf-c6ca2a56f712|rpc:127.0.0.1:44551|priority:0, 57ec436a-c908-4fec-986d-5c2664f6b5b6|rpc:127.0.0.1:39069|priority:0], old=null
2021-10-04 02:05:00,782 [grpc-default-executor-2] INFO  impl.RoleInfo (RoleInfo.java:updateAndGet(130)) - 57ec436a-c908-4fec-986d-5c2664f6b5b6: start 57ec436a-c908-4fec-986d-5c2664f6b5b6@group-8194F89F6908-FollowerState
2021-10-04 02:05:00,796 [0db60050-3417-4221-94cf-c6ca2a56f712@group-8194F89F6908-LeaderElection28] INFO  impl.LeaderElection (LeaderElection.java:logAndReturn(89)) - 0db60050-3417-4221-94cf-c6ca2a56f712@group-8194F89F6908-LeaderElection28: ELECTION REJECTED received 1 response(s) and 0 exception(s):
2021-10-04 02:05:00,796 [0db60050-3417-4221-94cf-c6ca2a56f712@group-8194F89F6908-LeaderElection28] INFO  impl.LeaderElection (LeaderElection.java:logAndReturn(93)) -   Response 0: 0db60050-3417-4221-94cf-c6ca2a56f712<-ec22a82e-7388-4328-8fb1-7bec7be40386#0:FAIL-t2
2021-10-04 02:05:00,797 [0db60050-3417-4221-94cf-c6ca2a56f712@group-8194F89F6908-LeaderElection28] INFO  impl.LeaderElection (LeaderElection.java:askForVotes(308)) - 0db60050-3417-4221-94cf-c6ca2a56f712@group-8194F89F6908-LeaderElection28 ELECTION round 0: result REJECTED
2021-10-04 02:05:00,797 [0db60050-3417-4221-94cf-c6ca2a56f712@group-8194F89F6908-LeaderElection28] INFO  server.RaftServer$Division (RaftServerImpl.java:setRole(285)) - 0db60050-3417-4221-94cf-c6ca2a56f712@group-8194F89F6908: changes role from CANDIDATE to FOLLOWER at term 2 for REJECTED
2021-10-04 02:05:00,797 [0db60050-3417-4221-94cf-c6ca2a56f712@group-8194F89F6908-LeaderElection28] INFO  impl.RoleInfo (RoleInfo.java:shutdownLeaderElection(121)) - 0db60050-3417-4221-94cf-c6ca2a56f712: shutdown 0db60050-3417-4221-94cf-c6ca2a56f712@group-8194F89F6908-LeaderElection28
2021-10-04 02:05:00,797 [0db60050-3417-4221-94cf-c6ca2a56f712@group-8194F89F6908-LeaderElection28] INFO  impl.RoleInfo (RoleInfo.java:updateAndGet(130)) - 0db60050-3417-4221-94cf-c6ca2a56f712: start 0db60050-3417-4221-94cf-c6ca2a56f712@group-8194F89F6908-FollowerState
2021-10-04 02:05:00,797 [grpc-default-executor-2] INFO  server.RaftServer$Division (RaftServerImpl.java:requestVote(1075)) - 57ec436a-c908-4fec-986d-5c2664f6b5b6@group-8194F89F6908 replies to ELECTION vote request: 0db60050-3417-4221-94cf-c6ca2a56f712<-57ec436a-c908-4fec-986d-5c2664f6b5b6#0:OK-t2. Peer's state: 57ec436a-c908-4fec-986d-5c2664f6b5b6@group-8194F89F6908:t2, leader=null, voted=0db60050-3417-4221-94cf-c6ca2a56f712, raftlog=57ec436a-c908-4fec-986d-5c2664f6b5b6@group-8194F89F6908-SegmentedRaftLog:OPENED:c-1,f-1,i0, conf=-1: [ec22a82e-7388-4328-8fb1-7bec7be40386|rpc:127.0.0.1:39209|priority:1, 0db60050-3417-4221-94cf-c6ca2a56f712|rpc:127.0.0.1:44551|priority:0, 57ec436a-c908-4fec-986d-5c2664f6b5b6|rpc:127.0.0.1:39069|priority:0], old=null
2021-10-04 02:05:00,866 [Listener at 127.0.0.1/10960] INFO  ozone.MiniOzoneClusterImpl (MiniOzoneClusterImpl.java:lambda$waitForClusterToBeReady$0(235)) - Nodes are ready. Got 3 of 3 DN Heartbeats.
2021-10-04 02:05:00,866 [Listener at 127.0.0.1/10960] INFO  ozone.MiniOzoneClusterImpl (MiniOzoneClusterImpl.java:lambda$waitForClusterToBeReady$0(238)) - Cluster exits safe mode
2021-10-04 02:05:00,866 [Listener at 127.0.0.1/10960] INFO  ozone.MiniOzoneClusterImpl (MiniOzoneClusterImpl.java:lambda$waitForClusterToBeReady$0(240)) - SCM became leader
2021-10-04 02:05:00,866 [Listener at 127.0.0.1/10960] INFO  server.StorageContainerManager (StorageContainerManager.java:start(1303)) - StorageContainerLocationProtocol RPC server is listening at /0.0.0.0:12115
2021-10-04 02:05:00,866 [Listener at 127.0.0.1/10960] INFO  ha.SCMRatisServerImpl (SCMRatisServerImpl.java:start(177)) - starting ratis server 0.0.0.0:12112
2021-10-04 02:05:00,867 [Listener at 127.0.0.1/10960] INFO  server.RaftServer$Division (RaftServerImpl.java:start(299)) - 94c0b71e-ed47-4cac-b73a-77caea691f8c@group-5E66DA880090: start with initializing state, conf=-1: [], old=null
2021-10-04 02:05:00,867 [Listener at 127.0.0.1/10960] INFO  server.RaftServer$Division (RaftServerImpl.java:setRole(285)) - 94c0b71e-ed47-4cac-b73a-77caea691f8c@group-5E66DA880090: changes role from      null to FOLLOWER at term 0 for startInitializing
2021-10-04 02:05:00,867 [Listener at 127.0.0.1/10960] INFO  util.JmxRegister (JmxRegister.java:tryRegister(44)) - Successfully registered JMX Bean with object name Ratis:service=RaftServer,group=group-5E66DA880090,id=94c0b71e-ed47-4cac-b73a-77caea691f8c
2021-10-04 02:05:00,879 [Listener at 127.0.0.1/10960] INFO  server.RaftServer (RaftServerProxy.java:lambda$start$5(374)) - 94c0b71e-ed47-4cac-b73a-77caea691f8c: start RPC server
2021-10-04 02:05:00,879 [Listener at 127.0.0.1/10960] INFO  server.GrpcService (GrpcService.java:startImpl(253)) - 94c0b71e-ed47-4cac-b73a-77caea691f8c: GrpcService started, listening on 12112
2021-10-04 02:05:00,882 [Listener at 127.0.0.1/10960] INFO  ha.SCMNodeInfo (SCMNodeInfo.java:getPort(197)) - ConfigKey ozone.scm.client.address is deprecated, For configuring different ports for each SCM use PortConfigKey ozone.scm.client.port appended with serviceId and nodeId
2021-10-04 02:05:00,882 [Listener at 127.0.0.1/10960] INFO  ha.SCMNodeInfo (SCMNodeInfo.java:getPort(197)) - ConfigKey ozone.scm.block.client.address is deprecated, For configuring different ports for each SCM use PortConfigKey ozone.scm.block.client.port appended with serviceId and nodeId
2021-10-04 02:05:00,883 [Listener at 127.0.0.1/10960] INFO  ha.SCMNodeInfo (SCMNodeInfo.java:getPort(197)) - ConfigKey ozone.scm.datanode.address is deprecated, For configuring different ports for each SCM use PortConfigKey ozone.scm.datanode.port appended with serviceId and nodeId
2021-10-04 02:05:00,883 [Listener at 127.0.0.1/10960] INFO  ha.SCMNodeInfo (SCMNodeInfo.java:getPort(197)) - ConfigKey ozone.scm.client.address is deprecated, For configuring different ports for each SCM use PortConfigKey ozone.scm.client.port appended with serviceId and nodeId
2021-10-04 02:05:00,883 [Listener at 127.0.0.1/10960] INFO  ha.SCMNodeInfo (SCMNodeInfo.java:getPort(197)) - ConfigKey ozone.scm.block.client.address is deprecated, For configuring different ports for each SCM use PortConfigKey ozone.scm.block.client.port appended with serviceId and nodeId
2021-10-04 02:05:00,883 [Listener at 127.0.0.1/10960] INFO  ha.SCMNodeInfo (SCMNodeInfo.java:getPort(197)) - ConfigKey ozone.scm.datanode.address is deprecated, For configuring different ports for each SCM use PortConfigKey ozone.scm.datanode.port appended with serviceId and nodeId
2021-10-04 02:05:00,883 [Listener at 127.0.0.1/10960] INFO  ha.SCMNodeInfo (SCMNodeInfo.java:getPort(197)) - ConfigKey ozone.scm.client.address is deprecated, For configuring different ports for each SCM use PortConfigKey ozone.scm.client.port appended with serviceId and nodeId
2021-10-04 02:05:00,883 [Listener at 127.0.0.1/10960] INFO  ha.SCMNodeInfo (SCMNodeInfo.java:getPort(197)) - ConfigKey ozone.scm.block.client.address is deprecated, For configuring different ports for each SCM use PortConfigKey ozone.scm.block.client.port appended with serviceId and nodeId
2021-10-04 02:05:00,883 [Listener at 127.0.0.1/10960] INFO  ha.SCMNodeInfo (SCMNodeInfo.java:getPort(197)) - ConfigKey ozone.scm.datanode.address is deprecated, For configuring different ports for each SCM use PortConfigKey ozone.scm.datanode.port appended with serviceId and nodeId
2021-10-04 02:05:00,886 [org.apache.ratis.util.JvmPauseMonitor$$Lambda$499/1387671967@db70c9b] INFO  util.JvmPauseMonitor (JvmPauseMonitor.java:run(103)) - JvmPauseMonitor-94c0b71e-ed47-4cac-b73a-77caea691f8c: Started
2021-10-04 02:05:00,889 [IPC Server handler 9 on default port 12094] INFO  ha.SCMRatisServerImpl (SCMRatisServerImpl.java:addSCM(291)) - 2dc1c52f-fb9b-4367-bdf1-93ff3bf143d5: Submitting SetConfiguration request to Ratis server with new SCM peers list: [2dc1c52f-fb9b-4367-bdf1-93ff3bf143d5|rpc:localhost:12092|admin:|client:|dataStream:|priority:0, d10ebfff-67c6-465e-b891-a6f4e9e1af69|rpc:localhost:12102|priority:0, 94c0b71e-ed47-4cac-b73a-77caea691f8c|rpc:localhost:12112|priority:0]
2021-10-04 02:05:00,890 [IPC Server handler 9 on default port 12094] INFO  server.RaftServer$Division (RaftServerImpl.java:setConfigurationAsync(971)) - 2dc1c52f-fb9b-4367-bdf1-93ff3bf143d5@group-5E66DA880090: receive setConfiguration SetConfigurationRequest:client-C2D29EDA76D2->2dc1c52f-fb9b-4367-bdf1-93ff3bf143d5@group-5E66DA880090, cid=10, seq=0, RW, null, peers:[2dc1c52f-fb9b-4367-bdf1-93ff3bf143d5|rpc:localhost:12092|admin:|client:|dataStream:|priority:0, d10ebfff-67c6-465e-b891-a6f4e9e1af69|rpc:localhost:12102|priority:0, 94c0b71e-ed47-4cac-b73a-77caea691f8c|rpc:localhost:12112|priority:0]
2021-10-04 02:05:00,890 [IPC Server handler 9 on default port 12094] INFO  server.RaftServer$Division (LeaderStateImpl.java:startSetConfiguration(345)) - 2dc1c52f-fb9b-4367-bdf1-93ff3bf143d5@group-5E66DA880090-LeaderStateImpl: startSetConfiguration SetConfigurationRequest:client-C2D29EDA76D2->2dc1c52f-fb9b-4367-bdf1-93ff3bf143d5@group-5E66DA880090, cid=10, seq=0, RW, null, peers:[2dc1c52f-fb9b-4367-bdf1-93ff3bf143d5|rpc:localhost:12092|admin:|client:|dataStream:|priority:0, d10ebfff-67c6-465e-b891-a6f4e9e1af69|rpc:localhost:12102|priority:0, 94c0b71e-ed47-4cac-b73a-77caea691f8c|rpc:localhost:12112|priority:0]
2021-10-04 02:05:00,890 [IPC Server handler 9 on default port 12094] INFO  server.RaftServerConfigKeys (ConfUtils.java:logGet(44)) - raft.server.log.appender.snapshot.chunk.size.max = 16MB (=16777216) (default)
2021-10-04 02:05:00,890 [IPC Server handler 9 on default port 12094] INFO  server.RaftServerConfigKeys (ConfUtils.java:logGet(44)) - raft.server.log.appender.buffer.byte-limit = 33554432 (custom)
2021-10-04 02:05:00,890 [IPC Server handler 9 on default port 12094] INFO  server.RaftServerConfigKeys (ConfUtils.java:logGet(44)) - raft.server.log.appender.buffer.element-limit = 1024 (custom)
2021-10-04 02:05:00,891 [IPC Server handler 9 on default port 12094] INFO  grpc.GrpcConfigKeys (ConfUtils.java:logGet(44)) - raft.grpc.server.leader.outstanding.appends.max = 128 (default)
2021-10-04 02:05:00,891 [IPC Server handler 9 on default port 12094] INFO  server.RaftServerConfigKeys (ConfUtils.java:logGet(44)) - raft.server.rpc.request.timeout = 30000ms (custom)
2021-10-04 02:05:00,891 [IPC Server handler 9 on default port 12094] INFO  server.RaftServerConfigKeys (ConfUtils.java:logGet(44)) - raft.server.log.appender.install.snapshot.enabled = false (custom)
2021-10-04 02:05:00,900 [2dc1c52f-fb9b-4367-bdf1-93ff3bf143d5@group-5E66DA880090->94c0b71e-ed47-4cac-b73a-77caea691f8c-GrpcLogAppender-LogAppenderDaemon] INFO  server.GrpcLogAppender (GrpcLogAppender.java:installSnapshot(524)) - 2dc1c52f-fb9b-4367-bdf1-93ff3bf143d5@group-5E66DA880090->94c0b71e-ed47-4cac-b73a-77caea691f8c-GrpcLogAppender: followerNextIndex = 0 but logStartIndex = 1, notify follower to install snapshot-(t:2, i:1)
2021-10-04 02:05:00,901 [2dc1c52f-fb9b-4367-bdf1-93ff3bf143d5@group-5E66DA880090->94c0b71e-ed47-4cac-b73a-77caea691f8c-GrpcLogAppender-LogAppenderDaemon] INFO  server.GrpcLogAppender (GrpcLogAppender.java:installSnapshot(532)) - 2dc1c52f-fb9b-4367-bdf1-93ff3bf143d5@group-5E66DA880090->94c0b71e-ed47-4cac-b73a-77caea691f8c-GrpcLogAppender: send 2dc1c52f-fb9b-4367-bdf1-93ff3bf143d5->94c0b71e-ed47-4cac-b73a-77caea691f8c#0-t2,notify:(t:2, i:1)
2021-10-04 02:05:00,922 [grpc-default-executor-2] INFO  server.RaftServer$Division (RaftServerImpl.java:installSnapshot(1329)) - 94c0b71e-ed47-4cac-b73a-77caea691f8c@group-5E66DA880090: receive installSnapshot: 2dc1c52f-fb9b-4367-bdf1-93ff3bf143d5->94c0b71e-ed47-4cac-b73a-77caea691f8c#0-t2,notify:(t:2, i:1)
2021-10-04 02:05:00,924 [grpc-default-executor-2] INFO  ha.SCMStateMachine (SCMStateMachine.java:notifyLeaderChanged(248)) - leader changed, yet current SCM is still follower.
2021-10-04 02:05:00,924 [grpc-default-executor-2] INFO  server.RaftServer$Division (ServerState.java:setLeader(285)) - 94c0b71e-ed47-4cac-b73a-77caea691f8c@group-5E66DA880090: change Leader from null to 2dc1c52f-fb9b-4367-bdf1-93ff3bf143d5 at term 2 for installSnapshot, leader elected after 18931ms
2021-10-04 02:05:00,924 [grpc-default-executor-2] INFO  server.RaftServer$Division (RaftServerImpl.java:notifyStateMachineToInstallSnapshot(1581)) - 94c0b71e-ed47-4cac-b73a-77caea691f8c@group-5E66DA880090: notifyInstallSnapshot: nextIndex is 0 but the leader's first available index is 1.
2021-10-04 02:05:00,924 [grpc-default-executor-2] INFO  ha.SCMStateMachine (SCMStateMachine.java:notifyInstallSnapshotFromLeader(212)) - Received install snapshot notification from SCM leader: localhost:12092 with term index: (t:2, i:1)
2021-10-04 02:05:00,929 [grpc-default-executor-2] INFO  server.RaftServer$Division (RaftServerImpl.java:installSnapshotImpl(1459)) - 94c0b71e-ed47-4cac-b73a-77caea691f8c@group-5E66DA880090: set new configuration index: 5
configurationEntry {
  peers {
    id: "2dc1c52f-fb9b-4367-bdf1-93ff3bf143d5"
    address: "localhost:12092"
  }
  peers {
    id: "d10ebfff-67c6-465e-b891-a6f4e9e1af69"
    address: "localhost:12102"
  }
}
 from snapshot
2021-10-04 02:05:00,929 [grpc-default-executor-2] INFO  server.RaftServer$Division (ServerState.java:setRaftConf(387)) - 94c0b71e-ed47-4cac-b73a-77caea691f8c@group-5E66DA880090: set configuration 5: [2dc1c52f-fb9b-4367-bdf1-93ff3bf143d5|rpc:localhost:12092|admin:|client:|dataStream:|priority:0, d10ebfff-67c6-465e-b891-a6f4e9e1af69|rpc:localhost:12102|admin:|client:|dataStream:|priority:0], old=null
2021-10-04 02:05:00,929 [grpc-default-executor-2] INFO  server.RaftServer$Division (RaftServerImpl.java:installSnapshot(1340)) - 94c0b71e-ed47-4cac-b73a-77caea691f8c@group-5E66DA880090: reply installSnapshot: 2dc1c52f-fb9b-4367-bdf1-93ff3bf143d5<-94c0b71e-ed47-4cac-b73a-77caea691f8c#0:FAIL-t0,IN_PROGRESS
2021-10-04 02:05:00,930 [grpc-default-executor-2] INFO  server.GrpcServerProtocolService (GrpcServerProtocolService.java:onCompleted(140)) - 94c0b71e-ed47-4cac-b73a-77caea691f8c: Completed INSTALL_SNAPSHOT, lastRequest: 2dc1c52f-fb9b-4367-bdf1-93ff3bf143d5->94c0b71e-ed47-4cac-b73a-77caea691f8c#0-t2,notify:(t:2, i:1)
2021-10-04 02:05:00,930 [pool-228-thread-1] INFO  ha.SCMHAManagerImpl (SCMHAManagerImpl.java:getDBCheckpointFromLeader(206)) - Downloading checkpoint from leader SCM scmNode-1 and reloading state from the checkpoint.
2021-10-04 02:05:00,938 [grpc-default-executor-2] INFO  server.GrpcLogAppender (GrpcLogAppender.java:onNext(400)) - 2dc1c52f-fb9b-4367-bdf1-93ff3bf143d5@group-5E66DA880090->94c0b71e-ed47-4cac-b73a-77caea691f8c-InstallSnapshotResponseHandler: received the first reply 2dc1c52f-fb9b-4367-bdf1-93ff3bf143d5<-94c0b71e-ed47-4cac-b73a-77caea691f8c#0:FAIL-t0,IN_PROGRESS
2021-10-04 02:05:00,938 [grpc-default-executor-2] INFO  server.GrpcLogAppender (GrpcLogAppender.java:onNext(417)) - 2dc1c52f-fb9b-4367-bdf1-93ff3bf143d5@group-5E66DA880090->94c0b71e-ed47-4cac-b73a-77caea691f8c-InstallSnapshotResponseHandler: InstallSnapshot in progress.
2021-10-04 02:05:00,940 [grpc-default-executor-3] INFO  ha.SCMDBCheckpointProvider (SCMDBCheckpointProvider.java:writeDBCheckPointToSream(48)) - Received request to obtain SCM DB checkpoint snapshot
2021-10-04 02:05:00,946 [2dc1c52f-fb9b-4367-bdf1-93ff3bf143d5@group-5E66DA880090->94c0b71e-ed47-4cac-b73a-77caea691f8c-GrpcLogAppender-LogAppenderDaemon] INFO  server.GrpcLogAppender (GrpcLogAppender.java:installSnapshot(524)) - 2dc1c52f-fb9b-4367-bdf1-93ff3bf143d5@group-5E66DA880090->94c0b71e-ed47-4cac-b73a-77caea691f8c-GrpcLogAppender: followerNextIndex = 0 but logStartIndex = 1, notify follower to install snapshot-(t:2, i:1)
2021-10-04 02:05:00,947 [2dc1c52f-fb9b-4367-bdf1-93ff3bf143d5@group-5E66DA880090->94c0b71e-ed47-4cac-b73a-77caea691f8c-GrpcLogAppender-LogAppenderDaemon] INFO  server.GrpcLogAppender (GrpcLogAppender.java:installSnapshot(532)) - 2dc1c52f-fb9b-4367-bdf1-93ff3bf143d5@group-5E66DA880090->94c0b71e-ed47-4cac-b73a-77caea691f8c-GrpcLogAppender: send 2dc1c52f-fb9b-4367-bdf1-93ff3bf143d5->94c0b71e-ed47-4cac-b73a-77caea691f8c#0-t2,notify:(t:2, i:1)
2021-10-04 02:05:00,949 [grpc-default-executor-0] INFO  server.RaftServer$Division (RaftServerImpl.java:installSnapshot(1329)) - 94c0b71e-ed47-4cac-b73a-77caea691f8c@group-5E66DA880090: receive installSnapshot: 2dc1c52f-fb9b-4367-bdf1-93ff3bf143d5->94c0b71e-ed47-4cac-b73a-77caea691f8c#0-t2,notify:(t:2, i:1)
2021-10-04 02:05:00,950 [grpc-default-executor-1] INFO  impl.RoleInfo (RoleInfo.java:updateAndGet(130)) - 94c0b71e-ed47-4cac-b73a-77caea691f8c: start 94c0b71e-ed47-4cac-b73a-77caea691f8c@group-5E66DA880090-FollowerState
2021-10-04 02:05:00,951 [grpc-default-executor-1] INFO  server.RaftServer$Division (RaftServerImpl.java:checkInconsistentAppendEntries(1293)) - 94c0b71e-ed47-4cac-b73a-77caea691f8c@group-5E66DA880090: Failed appendEntries as snapshot ((t:2, i:1)) installation is in progress
2021-10-04 02:05:00,951 [grpc-default-executor-1] INFO  server.RaftServer$Division (RaftServerImpl.java:checkInconsistentAppendEntries(1285)) - 94c0b71e-ed47-4cac-b73a-77caea691f8c@group-5E66DA880090: inconsistency entries. Reply:2dc1c52f-fb9b-4367-bdf1-93ff3bf143d5<-94c0b71e-ed47-4cac-b73a-77caea691f8c#0:FAIL-t2,INCONSISTENCY,nextIndex=0,followerCommit=-1
2021-10-04 02:05:00,951 [grpc-default-executor-0] INFO  server.RaftServer$Division (RaftServerImpl.java:notifyStateMachineToInstallSnapshot(1611)) - 94c0b71e-ed47-4cac-b73a-77caea691f8c@group-5E66DA880090: Snapshot Installation by StateMachine is in progress.
2021-10-04 02:05:00,951 [grpc-default-executor-0] INFO  server.RaftServer$Division (RaftServerImpl.java:installSnapshotImpl(1459)) - 94c0b71e-ed47-4cac-b73a-77caea691f8c@group-5E66DA880090: set new configuration index: 5
configurationEntry {
  peers {
    id: "2dc1c52f-fb9b-4367-bdf1-93ff3bf143d5"
    address: "localhost:12092"
  }
  peers {
    id: "d10ebfff-67c6-465e-b891-a6f4e9e1af69"
    address: "localhost:12102"
  }
}
 from snapshot
2021-10-04 02:05:00,955 [grpc-default-executor-0] INFO  server.RaftServer$Division (ServerState.java:setRaftConf(387)) - 94c0b71e-ed47-4cac-b73a-77caea691f8c@group-5E66DA880090: set configuration 5: [2dc1c52f-fb9b-4367-bdf1-93ff3bf143d5|rpc:localhost:12092|admin:|client:|dataStream:|priority:0, d10ebfff-67c6-465e-b891-a6f4e9e1af69|rpc:localhost:12102|admin:|client:|dataStream:|priority:0], old=null
2021-10-04 02:05:00,955 [grpc-default-executor-0] INFO  server.RaftServer$Division (RaftServerImpl.java:installSnapshot(1340)) - 94c0b71e-ed47-4cac-b73a-77caea691f8c@group-5E66DA880090: reply installSnapshot: 2dc1c52f-fb9b-4367-bdf1-93ff3bf143d5<-94c0b71e-ed47-4cac-b73a-77caea691f8c#0:FAIL-t2,IN_PROGRESS
2021-10-04 02:05:00,955 [grpc-default-executor-0] INFO  server.GrpcServerProtocolService (GrpcServerProtocolService.java:onCompleted(140)) - 94c0b71e-ed47-4cac-b73a-77caea691f8c: Completed INSTALL_SNAPSHOT, lastRequest: 2dc1c52f-fb9b-4367-bdf1-93ff3bf143d5->94c0b71e-ed47-4cac-b73a-77caea691f8c#0-t2,notify:(t:2, i:1)
2021-10-04 02:05:00,956 [grpc-default-executor-1] INFO  leader.FollowerInfo (FollowerInfoImpl.java:lambda$new$0(46)) - 2dc1c52f-fb9b-4367-bdf1-93ff3bf143d5@group-5E66DA880090->94c0b71e-ed47-4cac-b73a-77caea691f8c: nextIndex: updateUnconditionally 0 -> 0
2021-10-04 02:05:00,956 [grpc-default-executor-0] INFO  server.GrpcLogAppender (GrpcLogAppender.java:onNext(400)) - 2dc1c52f-fb9b-4367-bdf1-93ff3bf143d5@group-5E66DA880090->94c0b71e-ed47-4cac-b73a-77caea691f8c-InstallSnapshotResponseHandler: received a reply 2dc1c52f-fb9b-4367-bdf1-93ff3bf143d5<-94c0b71e-ed47-4cac-b73a-77caea691f8c#0:FAIL-t2,IN_PROGRESS
2021-10-04 02:05:00,956 [grpc-default-executor-0] INFO  server.GrpcLogAppender (GrpcLogAppender.java:onNext(417)) - 2dc1c52f-fb9b-4367-bdf1-93ff3bf143d5@group-5E66DA880090->94c0b71e-ed47-4cac-b73a-77caea691f8c-InstallSnapshotResponseHandler: InstallSnapshot in progress.
2021-10-04 02:05:00,958 [2dc1c52f-fb9b-4367-bdf1-93ff3bf143d5@group-5E66DA880090->94c0b71e-ed47-4cac-b73a-77caea691f8c-GrpcLogAppender-LogAppenderDaemon] INFO  server.GrpcLogAppender (GrpcLogAppender.java:installSnapshot(524)) - 2dc1c52f-fb9b-4367-bdf1-93ff3bf143d5@group-5E66DA880090->94c0b71e-ed47-4cac-b73a-77caea691f8c-GrpcLogAppender: followerNextIndex = 0 but logStartIndex = 1, notify follower to install snapshot-(t:2, i:1)
2021-10-04 02:05:00,958 [2dc1c52f-fb9b-4367-bdf1-93ff3bf143d5@group-5E66DA880090->94c0b71e-ed47-4cac-b73a-77caea691f8c-GrpcLogAppender-LogAppenderDaemon] INFO  server.GrpcLogAppender (GrpcLogAppender.java:installSnapshot(532)) - 2dc1c52f-fb9b-4367-bdf1-93ff3bf143d5@group-5E66DA880090->94c0b71e-ed47-4cac-b73a-77caea691f8c-GrpcLogAppender: send 2dc1c52f-fb9b-4367-bdf1-93ff3bf143d5->94c0b71e-ed47-4cac-b73a-77caea691f8c#0-t2,notify:(t:2, i:1)
2021-10-04 02:05:00,958 [grpc-default-executor-0] INFO  server.RaftServer$Division (RaftServerImpl.java:checkInconsistentAppendEntries(1293)) - 94c0b71e-ed47-4cac-b73a-77caea691f8c@group-5E66DA880090: Failed appendEntries as snapshot ((t:2, i:1)) installation is in progress
2021-10-04 02:05:00,958 [grpc-default-executor-3] INFO  db.RDBCheckpointManager (RDBCheckpointManager.java:createCheckpoint(86)) - Created checkpoint at /home/runner/work/ozone/ozone/hadoop-ozone/integration-test/target/test-dir/MiniOzoneClusterImpl-aa9d709b-e9e6-4188-94b0-5e66da880090/scmNode-1/db.checkpoints/scm.db_checkpoint_1633313100946 in 12 milliseconds
2021-10-04 02:05:00,963 [grpc-default-executor-0] INFO  server.RaftServer$Division (RaftServerImpl.java:checkInconsistentAppendEntries(1285)) - 94c0b71e-ed47-4cac-b73a-77caea691f8c@group-5E66DA880090: inconsistency entries. Reply:2dc1c52f-fb9b-4367-bdf1-93ff3bf143d5<-94c0b71e-ed47-4cac-b73a-77caea691f8c#1:FAIL-t2,INCONSISTENCY,nextIndex=0,followerCommit=-1
2021-10-04 02:05:00,965 [grpc-default-executor-2] INFO  server.RaftServer$Division (RaftServerImpl.java:installSnapshot(1329)) - 94c0b71e-ed47-4cac-b73a-77caea691f8c@group-5E66DA880090: receive installSnapshot: 2dc1c52f-fb9b-4367-bdf1-93ff3bf143d5->94c0b71e-ed47-4cac-b73a-77caea691f8c#0-t2,notify:(t:2, i:1)
2021-10-04 02:05:00,965 [grpc-default-executor-2] INFO  server.RaftServer$Division (RaftServerImpl.java:notifyStateMachineToInstallSnapshot(1611)) - 94c0b71e-ed47-4cac-b73a-77caea691f8c@group-5E66DA880090: Snapshot Installation by StateMachine is in progress.
2021-10-04 02:05:00,965 [grpc-default-executor-2] INFO  server.RaftServer$Division (RaftServerImpl.java:installSnapshotImpl(1459)) - 94c0b71e-ed47-4cac-b73a-77caea691f8c@group-5E66DA880090: set new configuration index: 5
configurationEntry {
  peers {
    id: "2dc1c52f-fb9b-4367-bdf1-93ff3bf143d5"
    address: "localhost:12092"
  }
  peers {
    id: "d10ebfff-67c6-465e-b891-a6f4e9e1af69"
    address: "localhost:12102"
  }
}
 from snapshot
2021-10-04 02:05:00,965 [grpc-default-executor-2] INFO  server.RaftServer$Division (ServerState.java:setRaftConf(387)) - 94c0b71e-ed47-4cac-b73a-77caea691f8c@group-5E66DA880090: set configuration 5: [2dc1c52f-fb9b-4367-bdf1-93ff3bf143d5|rpc:localhost:12092|admin:|client:|dataStream:|priority:0, d10ebfff-67c6-465e-b891-a6f4e9e1af69|rpc:localhost:12102|admin:|client:|dataStream:|priority:0], old=null
2021-10-04 02:05:00,965 [grpc-default-executor-2] INFO  server.RaftServer$Division (RaftServerImpl.java:installSnapshot(1340)) - 94c0b71e-ed47-4cac-b73a-77caea691f8c@group-5E66DA880090: reply installSnapshot: 2dc1c52f-fb9b-4367-bdf1-93ff3bf143d5<-94c0b71e-ed47-4cac-b73a-77caea691f8c#0:FAIL-t2,IN_PROGRESS
2021-10-04 02:05:00,966 [grpc-default-executor-2] INFO  server.GrpcServerProtocolService (GrpcServerProtocolService.java:onCompleted(140)) - 94c0b71e-ed47-4cac-b73a-77caea691f8c: Completed INSTALL_SNAPSHOT, lastRequest: 2dc1c52f-fb9b-4367-bdf1-93ff3bf143d5->94c0b71e-ed47-4cac-b73a-77caea691f8c#0-t2,notify:(t:2, i:1)
2021-10-04 02:05:00,966 [grpc-default-executor-2] INFO  server.GrpcLogAppender (GrpcLogAppender.java:onNext(400)) - 2dc1c52f-fb9b-4367-bdf1-93ff3bf143d5@group-5E66DA880090->94c0b71e-ed47-4cac-b73a-77caea691f8c-InstallSnapshotResponseHandler: received a reply 2dc1c52f-fb9b-4367-bdf1-93ff3bf143d5<-94c0b71e-ed47-4cac-b73a-77caea691f8c#0:FAIL-t2,IN_PROGRESS
2021-10-04 02:05:00,966 [grpc-default-executor-2] INFO  server.GrpcLogAppender (GrpcLogAppender.java:onNext(417)) - 2dc1c52f-fb9b-4367-bdf1-93ff3bf143d5@group-5E66DA880090->94c0b71e-ed47-4cac-b73a-77caea691f8c-InstallSnapshotResponseHandler: InstallSnapshot in progress.
2021-10-04 02:05:00,976 [grpc-default-executor-0] INFO  leader.FollowerInfo (FollowerInfoImpl.java:lambda$new$0(46)) - 2dc1c52f-fb9b-4367-bdf1-93ff3bf143d5@group-5E66DA880090->94c0b71e-ed47-4cac-b73a-77caea691f8c: nextIndex: updateUnconditionally 0 -> 0
2021-10-04 02:05:00,976 [2dc1c52f-fb9b-4367-bdf1-93ff3bf143d5@group-5E66DA880090->94c0b71e-ed47-4cac-b73a-77caea691f8c-GrpcLogAppender-LogAppenderDaemon] INFO  server.GrpcLogAppender (GrpcLogAppender.java:installSnapshot(524)) - 2dc1c52f-fb9b-4367-bdf1-93ff3bf143d5@group-5E66DA880090->94c0b71e-ed47-4cac-b73a-77caea691f8c-GrpcLogAppender: followerNextIndex = 0 but logStartIndex = 1, notify follower to install snapshot-(t:2, i:1)
2021-10-04 02:05:00,977 [2dc1c52f-fb9b-4367-bdf1-93ff3bf143d5@group-5E66DA880090->94c0b71e-ed47-4cac-b73a-77caea691f8c-GrpcLogAppender-LogAppenderDaemon] INFO  server.GrpcLogAppender (GrpcLogAppender.java:installSnapshot(532)) - 2dc1c52f-fb9b-4367-bdf1-93ff3bf143d5@group-5E66DA880090->94c0b71e-ed47-4cac-b73a-77caea691f8c-GrpcLogAppender: send 2dc1c52f-fb9b-4367-bdf1-93ff3bf143d5->94c0b71e-ed47-4cac-b73a-77caea691f8c#0-t2,notify:(t:2, i:1)
2021-10-04 02:05:00,977 [grpc-default-executor-2] INFO  server.RaftServer$Division (RaftServerImpl.java:checkInconsistentAppendEntries(1293)) - 94c0b71e-ed47-4cac-b73a-77caea691f8c@group-5E66DA880090: Failed appendEntries as snapshot ((t:2, i:1)) installation is in progress
2021-10-04 02:05:00,977 [grpc-default-executor-2] INFO  server.RaftServer$Division (RaftServerImpl.java:checkInconsistentAppendEntries(1285)) - 94c0b71e-ed47-4cac-b73a-77caea691f8c@group-5E66DA880090: inconsistency entries. Reply:2dc1c52f-fb9b-4367-bdf1-93ff3bf143d5<-94c0b71e-ed47-4cac-b73a-77caea691f8c#2:FAIL-t2,INCONSISTENCY,nextIndex=0,followerCommit=-1
2021-10-04 02:05:00,968 [grpc-default-executor-3] INFO  ha.SCMGrpcOutputStream (SCMGrpcOutputStream.java:close(111)) - Sent 6071 bytes for cluster aa9d709b-e9e6-4188-94b0-5e66da880090
2021-10-04 02:05:00,977 [grpc-default-executor-3] INFO  ha.SCMDBCheckpointProvider (SCMDBCheckpointProvider.java:writeDBCheckPointToSream(73)) - Time taken to write the checkpoint to response output stream: 14 milliseconds
2021-10-04 02:05:00,977 [grpc-default-executor-3] INFO  db.RocksDBCheckpoint (RocksDBCheckpoint.java:cleanupCheckpoint(78)) - Cleaning up RocksDB checkpoint at /home/runner/work/ozone/ozone/hadoop-ozone/integration-test/target/test-dir/MiniOzoneClusterImpl-aa9d709b-e9e6-4188-94b0-5e66da880090/scmNode-1/db.checkpoints/scm.db_checkpoint_1633313100946
2021-10-04 02:05:00,980 [grpc-default-executor-3] INFO  leader.FollowerInfo (FollowerInfoImpl.java:lambda$new$0(46)) - 2dc1c52f-fb9b-4367-bdf1-93ff3bf143d5@group-5E66DA880090->94c0b71e-ed47-4cac-b73a-77caea691f8c: nextIndex: updateUnconditionally 0 -> 0
2021-10-04 02:05:00,980 [grpc-default-executor-3] INFO  server.RaftServer$Division (RaftServerImpl.java:installSnapshot(1329)) - 94c0b71e-ed47-4cac-b73a-77caea691f8c@group-5E66DA880090: receive installSnapshot: 2dc1c52f-fb9b-4367-bdf1-93ff3bf143d5->94c0b71e-ed47-4cac-b73a-77caea691f8c#0-t2,notify:(t:2, i:1)
2021-10-04 02:05:00,980 [grpc-default-executor-3] INFO  server.RaftServer$Division (RaftServerImpl.java:notifyStateMachineToInstallSnapshot(1611)) - 94c0b71e-ed47-4cac-b73a-77caea691f8c@group-5E66DA880090: Snapshot Installation by StateMachine is in progress.
2021-10-04 02:05:00,980 [grpc-default-executor-2] INFO  ha.InterSCMGrpcClient (InterSCMGrpcClient.java:onCompleted(173)) - Checkpoint is downloaded to /home/runner/work/ozone/ozone/hadoop-ozone/integration-test/target/test-dir/MiniOzoneClusterImpl-aa9d709b-e9e6-4188-94b0-5e66da880090/scmNode-3/snapshot/scm.db-scmNode-1-1633313100930.tar.gz
2021-10-04 02:05:00,984 [grpc-default-executor-3] INFO  server.RaftServer$Division (RaftServerImpl.java:installSnapshotImpl(1459)) - 94c0b71e-ed47-4cac-b73a-77caea691f8c@group-5E66DA880090: set new configuration index: 5
configurationEntry {
  peers {
    id: "2dc1c52f-fb9b-4367-bdf1-93ff3bf143d5"
    address: "localhost:12092"
  }
  peers {
    id: "d10ebfff-67c6-465e-b891-a6f4e9e1af69"
    address: "localhost:12102"
  }
}
 from snapshot
2021-10-04 02:05:00,985 [grpc-default-executor-3] INFO  server.RaftServer$Division (ServerState.java:setRaftConf(387)) - 94c0b71e-ed47-4cac-b73a-77caea691f8c@group-5E66DA880090: set configuration 5: [2dc1c52f-fb9b-4367-bdf1-93ff3bf143d5|rpc:localhost:12092|admin:|client:|dataStream:|priority:0, d10ebfff-67c6-465e-b891-a6f4e9e1af69|rpc:localhost:12102|admin:|client:|dataStream:|priority:0], old=null
2021-10-04 02:05:00,985 [grpc-default-executor-3] INFO  server.RaftServer$Division (RaftServerImpl.java:installSnapshot(1340)) - 94c0b71e-ed47-4cac-b73a-77caea691f8c@group-5E66DA880090: reply installSnapshot: 2dc1c52f-fb9b-4367-bdf1-93ff3bf143d5<-94c0b71e-ed47-4cac-b73a-77caea691f8c#0:FAIL-t2,IN_PROGRESS
2021-10-04 02:05:00,985 [grpc-default-executor-3] INFO  server.GrpcServerProtocolService (GrpcServerProtocolService.java:onCompleted(140)) - 94c0b71e-ed47-4cac-b73a-77caea691f8c: Completed INSTALL_SNAPSHOT, lastRequest: 2dc1c52f-fb9b-4367-bdf1-93ff3bf143d5->94c0b71e-ed47-4cac-b73a-77caea691f8c#0-t2,notify:(t:2, i:1)
2021-10-04 02:05:00,986 [grpc-default-executor-3] INFO  server.GrpcLogAppender (GrpcLogAppender.java:onNext(400)) - 2dc1c52f-fb9b-4367-bdf1-93ff3bf143d5@group-5E66DA880090->94c0b71e-ed47-4cac-b73a-77caea691f8c-InstallSnapshotResponseHandler: received a reply 2dc1c52f-fb9b-4367-bdf1-93ff3bf143d5<-94c0b71e-ed47-4cac-b73a-77caea691f8c#0:FAIL-t2,IN_PROGRESS
2021-10-04 02:05:00,986 [grpc-default-executor-3] INFO  server.GrpcLogAppender (GrpcLogAppender.java:onNext(417)) - 2dc1c52f-fb9b-4367-bdf1-93ff3bf143d5@group-5E66DA880090->94c0b71e-ed47-4cac-b73a-77caea691f8c-InstallSnapshotResponseHandler: InstallSnapshot in progress.
2021-10-04 02:05:00,991 [2dc1c52f-fb9b-4367-bdf1-93ff3bf143d5@group-5E66DA880090->94c0b71e-ed47-4cac-b73a-77caea691f8c-GrpcLogAppender-LogAppenderDaemon] INFO  server.GrpcLogAppender (GrpcLogAppender.java:installSnapshot(524)) - 2dc1c52f-fb9b-4367-bdf1-93ff3bf143d5@group-5E66DA880090->94c0b71e-ed47-4cac-b73a-77caea691f8c-GrpcLogAppender: followerNextIndex = 0 but logStartIndex = 1, notify follower to install snapshot-(t:2, i:1)
2021-10-04 02:05:00,991 [2dc1c52f-fb9b-4367-bdf1-93ff3bf143d5@group-5E66DA880090->94c0b71e-ed47-4cac-b73a-77caea691f8c-GrpcLogAppender-LogAppenderDaemon] INFO  server.GrpcLogAppender (GrpcLogAppender.java:installSnapshot(532)) - 2dc1c52f-fb9b-4367-bdf1-93ff3bf143d5@group-5E66DA880090->94c0b71e-ed47-4cac-b73a-77caea691f8c-GrpcLogAppender: send 2dc1c52f-fb9b-4367-bdf1-93ff3bf143d5->94c0b71e-ed47-4cac-b73a-77caea691f8c#0-t2,notify:(t:2, i:1)
2021-10-04 02:05:00,995 [grpc-default-executor-0] INFO  server.RaftServer$Division (RaftServerImpl.java:checkInconsistentAppendEntries(1293)) - 94c0b71e-ed47-4cac-b73a-77caea691f8c@group-5E66DA880090: Failed appendEntries as snapshot ((t:2, i:1)) installation is in progress
2021-10-04 02:05:00,995 [grpc-default-executor-0] INFO  server.RaftServer$Division (RaftServerImpl.java:checkInconsistentAppendEntries(1285)) - 94c0b71e-ed47-4cac-b73a-77caea691f8c@group-5E66DA880090: inconsistency entries. Reply:2dc1c52f-fb9b-4367-bdf1-93ff3bf143d5<-94c0b71e-ed47-4cac-b73a-77caea691f8c#3:FAIL-t2,INCONSISTENCY,nextIndex=0,followerCommit=-1
2021-10-04 02:05:00,996 [grpc-default-executor-2] INFO  leader.FollowerInfo (FollowerInfoImpl.java:lambda$new$0(46)) - 2dc1c52f-fb9b-4367-bdf1-93ff3bf143d5@group-5E66DA880090->94c0b71e-ed47-4cac-b73a-77caea691f8c: nextIndex: updateUnconditionally 0 -> 0
2021-10-04 02:05:00,996 [grpc-default-executor-0] INFO  server.RaftServer$Division (RaftServerImpl.java:installSnapshot(1329)) - 94c0b71e-ed47-4cac-b73a-77caea691f8c@group-5E66DA880090: receive installSnapshot: 2dc1c52f-fb9b-4367-bdf1-93ff3bf143d5->94c0b71e-ed47-4cac-b73a-77caea691f8c#0-t2,notify:(t:2, i:1)
2021-10-04 02:05:00,996 [grpc-default-executor-0] INFO  server.RaftServer$Division (RaftServerImpl.java:notifyStateMachineToInstallSnapshot(1611)) - 94c0b71e-ed47-4cac-b73a-77caea691f8c@group-5E66DA880090: Snapshot Installation by StateMachine is in progress.
2021-10-04 02:05:00,996 [grpc-default-executor-0] INFO  server.RaftServer$Division (RaftServerImpl.java:installSnapshotImpl(1459)) - 94c0b71e-ed47-4cac-b73a-77caea691f8c@group-5E66DA880090: set new configuration index: 5
configurationEntry {
  peers {
    id: "2dc1c52f-fb9b-4367-bdf1-93ff3bf143d5"
    address: "localhost:12092"
  }
  peers {
    id: "d10ebfff-67c6-465e-b891-a6f4e9e1af69"
    address: "localhost:12102"
  }
}
 from snapshot
2021-10-04 02:05:00,996 [grpc-default-executor-0] INFO  server.RaftServer$Division (ServerState.java:setRaftConf(387)) - 94c0b71e-ed47-4cac-b73a-77caea691f8c@group-5E66DA880090: set configuration 5: [2dc1c52f-fb9b-4367-bdf1-93ff3bf143d5|rpc:localhost:12092|admin:|client:|dataStream:|priority:0, d10ebfff-67c6-465e-b891-a6f4e9e1af69|rpc:localhost:12102|admin:|client:|dataStream:|priority:0], old=null
2021-10-04 02:05:00,996 [grpc-default-executor-0] INFO  server.RaftServer$Division (RaftServerImpl.java:installSnapshot(1340)) - 94c0b71e-ed47-4cac-b73a-77caea691f8c@group-5E66DA880090: reply installSnapshot: 2dc1c52f-fb9b-4367-bdf1-93ff3bf143d5<-94c0b71e-ed47-4cac-b73a-77caea691f8c#0:FAIL-t2,IN_PROGRESS
2021-10-04 02:05:00,997 [grpc-default-executor-0] INFO  server.GrpcServerProtocolService (GrpcServerProtocolService.java:onCompleted(140)) - 94c0b71e-ed47-4cac-b73a-77caea691f8c: Completed INSTALL_SNAPSHOT, lastRequest: 2dc1c52f-fb9b-4367-bdf1-93ff3bf143d5->94c0b71e-ed47-4cac-b73a-77caea691f8c#0-t2,notify:(t:2, i:1)
2021-10-04 02:05:00,998 [grpc-default-executor-3] INFO  server.GrpcLogAppender (GrpcLogAppender.java:onNext(400)) - 2dc1c52f-fb9b-4367-bdf1-93ff3bf143d5@group-5E66DA880090->94c0b71e-ed47-4cac-b73a-77caea691f8c-InstallSnapshotResponseHandler: received a reply 2dc1c52f-fb9b-4367-bdf1-93ff3bf143d5<-94c0b71e-ed47-4cac-b73a-77caea691f8c#0:FAIL-t2,IN_PROGRESS
2021-10-04 02:05:00,998 [grpc-default-executor-3] INFO  server.GrpcLogAppender (GrpcLogAppender.java:onNext(417)) - 2dc1c52f-fb9b-4367-bdf1-93ff3bf143d5@group-5E66DA880090->94c0b71e-ed47-4cac-b73a-77caea691f8c-InstallSnapshotResponseHandler: InstallSnapshot in progress.
2021-10-04 02:05:01,003 [2dc1c52f-fb9b-4367-bdf1-93ff3bf143d5@group-5E66DA880090->94c0b71e-ed47-4cac-b73a-77caea691f8c-GrpcLogAppender-LogAppenderDaemon] INFO  server.GrpcLogAppender (GrpcLogAppender.java:installSnapshot(524)) - 2dc1c52f-fb9b-4367-bdf1-93ff3bf143d5@group-5E66DA880090->94c0b71e-ed47-4cac-b73a-77caea691f8c-GrpcLogAppender: followerNextIndex = 0 but logStartIndex = 1, notify follower to install snapshot-(t:2, i:1)
2021-10-04 02:05:01,003 [2dc1c52f-fb9b-4367-bdf1-93ff3bf143d5@group-5E66DA880090->94c0b71e-ed47-4cac-b73a-77caea691f8c-GrpcLogAppender-LogAppenderDaemon] INFO  server.GrpcLogAppender (GrpcLogAppender.java:installSnapshot(532)) - 2dc1c52f-fb9b-4367-bdf1-93ff3bf143d5@group-5E66DA880090->94c0b71e-ed47-4cac-b73a-77caea691f8c-GrpcLogAppender: send 2dc1c52f-fb9b-4367-bdf1-93ff3bf143d5->94c0b71e-ed47-4cac-b73a-77caea691f8c#0-t2,notify:(t:2, i:1)
2021-10-04 02:05:01,004 [grpc-default-executor-2] INFO  server.RaftServer$Division (RaftServerImpl.java:checkInconsistentAppendEntries(1293)) - 94c0b71e-ed47-4cac-b73a-77caea691f8c@group-5E66DA880090: Failed appendEntries as snapshot ((t:2, i:1)) installation is in progress
2021-10-04 02:05:01,004 [grpc-default-executor-2] INFO  server.RaftServer$Division (RaftServerImpl.java:checkInconsistentAppendEntries(1285)) - 94c0b71e-ed47-4cac-b73a-77caea691f8c@group-5E66DA880090: inconsistency entries. Reply:2dc1c52f-fb9b-4367-bdf1-93ff3bf143d5<-94c0b71e-ed47-4cac-b73a-77caea691f8c#4:FAIL-t2,INCONSISTENCY,nextIndex=0,followerCommit=-1
2021-10-04 02:05:01,005 [grpc-default-executor-3] INFO  server.RaftServer$Division (RaftServerImpl.java:installSnapshot(1329)) - 94c0b71e-ed47-4cac-b73a-77caea691f8c@group-5E66DA880090: receive installSnapshot: 2dc1c52f-fb9b-4367-bdf1-93ff3bf143d5->94c0b71e-ed47-4cac-b73a-77caea691f8c#0-t2,notify:(t:2, i:1)
2021-10-04 02:05:01,005 [grpc-default-executor-3] INFO  server.RaftServer$Division (RaftServerImpl.java:notifyStateMachineToInstallSnapshot(1611)) - 94c0b71e-ed47-4cac-b73a-77caea691f8c@group-5E66DA880090: Snapshot Installation by StateMachine is in progress.
2021-10-04 02:05:01,005 [grpc-default-executor-3] INFO  server.RaftServer$Division (RaftServerImpl.java:installSnapshotImpl(1459)) - 94c0b71e-ed47-4cac-b73a-77caea691f8c@group-5E66DA880090: set new configuration index: 5
configurationEntry {
  peers {
    id: "2dc1c52f-fb9b-4367-bdf1-93ff3bf143d5"
    address: "localhost:12092"
  }
  peers {
    id: "d10ebfff-67c6-465e-b891-a6f4e9e1af69"
    address: "localhost:12102"
  }
}
 from snapshot
2021-10-04 02:05:01,005 [grpc-default-executor-3] INFO  server.RaftServer$Division (ServerState.java:setRaftConf(387)) - 94c0b71e-ed47-4cac-b73a-77caea691f8c@group-5E66DA880090: set configuration 5: [2dc1c52f-fb9b-4367-bdf1-93ff3bf143d5|rpc:localhost:12092|admin:|client:|dataStream:|priority:0, d10ebfff-67c6-465e-b891-a6f4e9e1af69|rpc:localhost:12102|admin:|client:|dataStream:|priority:0], old=null
2021-10-04 02:05:01,005 [grpc-default-executor-3] INFO  server.RaftServer$Division (RaftServerImpl.java:installSnapshot(1340)) - 94c0b71e-ed47-4cac-b73a-77caea691f8c@group-5E66DA880090: reply installSnapshot: 2dc1c52f-fb9b-4367-bdf1-93ff3bf143d5<-94c0b71e-ed47-4cac-b73a-77caea691f8c#0:FAIL-t2,IN_PROGRESS
2021-10-04 02:05:01,005 [grpc-default-executor-3] INFO  server.GrpcServerProtocolService (GrpcServerProtocolService.java:onCompleted(140)) - 94c0b71e-ed47-4cac-b73a-77caea691f8c: Completed INSTALL_SNAPSHOT, lastRequest: 2dc1c52f-fb9b-4367-bdf1-93ff3bf143d5->94c0b71e-ed47-4cac-b73a-77caea691f8c#0-t2,notify:(t:2, i:1)
2021-10-04 02:05:01,006 [grpc-default-executor-2] INFO  server.GrpcLogAppender (GrpcLogAppender.java:onNext(400)) - 2dc1c52f-fb9b-4367-bdf1-93ff3bf143d5@group-5E66DA880090->94c0b71e-ed47-4cac-b73a-77caea691f8c-InstallSnapshotResponseHandler: received a reply 2dc1c52f-fb9b-4367-bdf1-93ff3bf143d5<-94c0b71e-ed47-4cac-b73a-77caea691f8c#0:FAIL-t2,IN_PROGRESS
2021-10-04 02:05:01,006 [grpc-default-executor-2] INFO  server.GrpcLogAppender (GrpcLogAppender.java:onNext(417)) - 2dc1c52f-fb9b-4367-bdf1-93ff3bf143d5@group-5E66DA880090->94c0b71e-ed47-4cac-b73a-77caea691f8c-InstallSnapshotResponseHandler: InstallSnapshot in progress.
2021-10-04 02:05:01,006 [grpc-default-executor-3] INFO  leader.FollowerInfo (FollowerInfoImpl.java:lambda$new$0(46)) - 2dc1c52f-fb9b-4367-bdf1-93ff3bf143d5@group-5E66DA880090->94c0b71e-ed47-4cac-b73a-77caea691f8c: nextIndex: updateUnconditionally 0 -> 0
2021-10-04 02:05:01,007 [2dc1c52f-fb9b-4367-bdf1-93ff3bf143d5@group-5E66DA880090->94c0b71e-ed47-4cac-b73a-77caea691f8c-GrpcLogAppender-LogAppenderDaemon] INFO  server.GrpcLogAppender (GrpcLogAppender.java:installSnapshot(524)) - 2dc1c52f-fb9b-4367-bdf1-93ff3bf143d5@group-5E66DA880090->94c0b71e-ed47-4cac-b73a-77caea691f8c-GrpcLogAppender: followerNextIndex = 0 but logStartIndex = 1, notify follower to install snapshot-(t:2, i:1)
2021-10-04 02:05:01,008 [2dc1c52f-fb9b-4367-bdf1-93ff3bf143d5@group-5E66DA880090->94c0b71e-ed47-4cac-b73a-77caea691f8c-GrpcLogAppender-LogAppenderDaemon] INFO  server.GrpcLogAppender (GrpcLogAppender.java:installSnapshot(532)) - 2dc1c52f-fb9b-4367-bdf1-93ff3bf143d5@group-5E66DA880090->94c0b71e-ed47-4cac-b73a-77caea691f8c-GrpcLogAppender: send 2dc1c52f-fb9b-4367-bdf1-93ff3bf143d5->94c0b71e-ed47-4cac-b73a-77caea691f8c#0-t2,notify:(t:2, i:1)
2021-10-04 02:05:01,009 [grpc-default-executor-2] INFO  server.RaftServer$Division (RaftServerImpl.java:installSnapshot(1329)) - 94c0b71e-ed47-4cac-b73a-77caea691f8c@group-5E66DA880090: receive installSnapshot: 2dc1c52f-fb9b-4367-bdf1-93ff3bf143d5->94c0b71e-ed47-4cac-b73a-77caea691f8c#0-t2,notify:(t:2, i:1)
2021-10-04 02:05:01,009 [grpc-default-executor-2] INFO  server.RaftServer$Division (RaftServerImpl.java:notifyStateMachineToInstallSnapshot(1611)) - 94c0b71e-ed47-4cac-b73a-77caea691f8c@group-5E66DA880090: Snapshot Installation by StateMachine is in progress.
2021-10-04 02:05:01,009 [grpc-default-executor-2] INFO  server.RaftServer$Division (RaftServerImpl.java:installSnapshotImpl(1459)) - 94c0b71e-ed47-4cac-b73a-77caea691f8c@group-5E66DA880090: set new configuration index: 5
configurationEntry {
  peers {
    id: "2dc1c52f-fb9b-4367-bdf1-93ff3bf143d5"
    address: "localhost:12092"
  }
  peers {
    id: "d10ebfff-67c6-465e-b891-a6f4e9e1af69"
    address: "localhost:12102"
  }
}
 from snapshot
2021-10-04 02:05:01,009 [grpc-default-executor-2] INFO  server.RaftServer$Division (ServerState.java:setRaftConf(387)) - 94c0b71e-ed47-4cac-b73a-77caea691f8c@group-5E66DA880090: set configuration 5: [2dc1c52f-fb9b-4367-bdf1-93ff3bf143d5|rpc:localhost:12092|admin:|client:|dataStream:|priority:0, d10ebfff-67c6-465e-b891-a6f4e9e1af69|rpc:localhost:12102|admin:|client:|dataStream:|priority:0], old=null
2021-10-04 02:05:01,009 [grpc-default-executor-2] INFO  server.RaftServer$Division (RaftServerImpl.java:installSnapshot(1340)) - 94c0b71e-ed47-4cac-b73a-77caea691f8c@group-5E66DA880090: reply installSnapshot: 2dc1c52f-fb9b-4367-bdf1-93ff3bf143d5<-94c0b71e-ed47-4cac-b73a-77caea691f8c#0:FAIL-t2,IN_PROGRESS
2021-10-04 02:05:01,009 [grpc-default-executor-2] INFO  server.GrpcServerProtocolService (GrpcServerProtocolService.java:onCompleted(140)) - 94c0b71e-ed47-4cac-b73a-77caea691f8c: Completed INSTALL_SNAPSHOT, lastRequest: 2dc1c52f-fb9b-4367-bdf1-93ff3bf143d5->94c0b71e-ed47-4cac-b73a-77caea691f8c#0-t2,notify:(t:2, i:1)
2021-10-04 02:05:01,010 [grpc-default-executor-0] INFO  server.GrpcLogAppender (GrpcLogAppender.java:onNext(400)) - 2dc1c52f-fb9b-4367-bdf1-93ff3bf143d5@group-5E66DA880090->94c0b71e-ed47-4cac-b73a-77caea691f8c-InstallSnapshotResponseHandler: received a reply 2dc1c52f-fb9b-4367-bdf1-93ff3bf143d5<-94c0b71e-ed47-4cac-b73a-77caea691f8c#0:FAIL-t2,IN_PROGRESS
2021-10-04 02:05:01,010 [grpc-default-executor-0] INFO  server.GrpcLogAppender (GrpcLogAppender.java:onNext(417)) - 2dc1c52f-fb9b-4367-bdf1-93ff3bf143d5@group-5E66DA880090->94c0b71e-ed47-4cac-b73a-77caea691f8c-InstallSnapshotResponseHandler: InstallSnapshot in progress.
2021-10-04 02:05:01,010 [grpc-default-executor-3] INFO  server.RaftServer$Division (RaftServerImpl.java:checkInconsistentAppendEntries(1293)) - 94c0b71e-ed47-4cac-b73a-77caea691f8c@group-5E66DA880090: Failed appendEntries as snapshot ((t:2, i:1)) installation is in progress
2021-10-04 02:05:01,011 [grpc-default-executor-3] INFO  server.RaftServer$Division (RaftServerImpl.java:checkInconsistentAppendEntries(1285)) - 94c0b71e-ed47-4cac-b73a-77caea691f8c@group-5E66DA880090: inconsistency entries. Reply:2dc1c52f-fb9b-4367-bdf1-93ff3bf143d5<-94c0b71e-ed47-4cac-b73a-77caea691f8c#5:FAIL-t2,INCONSISTENCY,nextIndex=0,followerCommit=-1
2021-10-04 02:05:01,011 [grpc-default-executor-3] INFO  leader.FollowerInfo (FollowerInfoImpl.java:lambda$new$0(46)) - 2dc1c52f-fb9b-4367-bdf1-93ff3bf143d5@group-5E66DA880090->94c0b71e-ed47-4cac-b73a-77caea691f8c: nextIndex: updateUnconditionally 0 -> 0
2021-10-04 02:05:01,012 [2dc1c52f-fb9b-4367-bdf1-93ff3bf143d5@group-5E66DA880090->94c0b71e-ed47-4cac-b73a-77caea691f8c-GrpcLogAppender-LogAppenderDaemon] INFO  server.GrpcLogAppender (GrpcLogAppender.java:installSnapshot(524)) - 2dc1c52f-fb9b-4367-bdf1-93ff3bf143d5@group-5E66DA880090->94c0b71e-ed47-4cac-b73a-77caea691f8c-GrpcLogAppender: followerNextIndex = 0 but logStartIndex = 1, notify follower to install snapshot-(t:2, i:1)
2021-10-04 02:05:01,012 [2dc1c52f-fb9b-4367-bdf1-93ff3bf143d5@group-5E66DA880090->94c0b71e-ed47-4cac-b73a-77caea691f8c-GrpcLogAppender-LogAppenderDaemon] INFO  server.GrpcLogAppender (GrpcLogAppender.java:installSnapshot(532)) - 2dc1c52f-fb9b-4367-bdf1-93ff3bf143d5@group-5E66DA880090->94c0b71e-ed47-4cac-b73a-77caea691f8c-GrpcLogAppender: send 2dc1c52f-fb9b-4367-bdf1-93ff3bf143d5->94c0b71e-ed47-4cac-b73a-77caea691f8c#0-t2,notify:(t:2, i:1)
2021-10-04 02:05:01,013 [grpc-default-executor-0] INFO  server.RaftServer$Division (RaftServerImpl.java:checkInconsistentAppendEntries(1293)) - 94c0b71e-ed47-4cac-b73a-77caea691f8c@group-5E66DA880090: Failed appendEntries as snapshot ((t:2, i:1)) installation is in progress
2021-10-04 02:05:01,013 [grpc-default-executor-0] INFO  server.RaftServer$Division (RaftServerImpl.java:checkInconsistentAppendEntries(1285)) - 94c0b71e-ed47-4cac-b73a-77caea691f8c@group-5E66DA880090: inconsistency entries. Reply:2dc1c52f-fb9b-4367-bdf1-93ff3bf143d5<-94c0b71e-ed47-4cac-b73a-77caea691f8c#6:FAIL-t2,INCONSISTENCY,nextIndex=0,followerCommit=-1
2021-10-04 02:05:01,013 [grpc-default-executor-0] INFO  leader.FollowerInfo (FollowerInfoImpl.java:lambda$new$0(46)) - 2dc1c52f-fb9b-4367-bdf1-93ff3bf143d5@group-5E66DA880090->94c0b71e-ed47-4cac-b73a-77caea691f8c: nextIndex: updateUnconditionally 0 -> 0
2021-10-04 02:05:01,015 [grpc-default-executor-0] INFO  server.RaftServer$Division (RaftServerImpl.java:installSnapshot(1329)) - 94c0b71e-ed47-4cac-b73a-77caea691f8c@group-5E66DA880090: receive installSnapshot: 2dc1c52f-fb9b-4367-bdf1-93ff3bf143d5->94c0b71e-ed47-4cac-b73a-77caea691f8c#0-t2,notify:(t:2, i:1)
2021-10-04 02:05:01,015 [grpc-default-executor-0] INFO  server.RaftServer$Division (RaftServerImpl.java:notifyStateMachineToInstallSnapshot(1611)) - 94c0b71e-ed47-4cac-b73a-77caea691f8c@group-5E66DA880090: Snapshot Installation by StateMachine is in progress.
2021-10-04 02:05:01,015 [grpc-default-executor-0] INFO  server.RaftServer$Division (RaftServerImpl.java:installSnapshotImpl(1459)) - 94c0b71e-ed47-4cac-b73a-77caea691f8c@group-5E66DA880090: set new configuration index: 5
configurationEntry {
  peers {
    id: "2dc1c52f-fb9b-4367-bdf1-93ff3bf143d5"
    address: "localhost:12092"
  }
  peers {
    id: "d10ebfff-67c6-465e-b891-a6f4e9e1af69"
    address: "localhost:12102"
  }
}
 from snapshot
2021-10-04 02:05:01,015 [grpc-default-executor-0] INFO  server.RaftServer$Division (ServerState.java:setRaftConf(387)) - 94c0b71e-ed47-4cac-b73a-77caea691f8c@group-5E66DA880090: set configuration 5: [2dc1c52f-fb9b-4367-bdf1-93ff3bf143d5|rpc:localhost:12092|admin:|client:|dataStream:|priority:0, d10ebfff-67c6-465e-b891-a6f4e9e1af69|rpc:localhost:12102|admin:|client:|dataStream:|priority:0], old=null
2021-10-04 02:05:01,015 [grpc-default-executor-0] INFO  server.RaftServer$Division (RaftServerImpl.java:installSnapshot(1340)) - 94c0b71e-ed47-4cac-b73a-77caea691f8c@group-5E66DA880090: reply installSnapshot: 2dc1c52f-fb9b-4367-bdf1-93ff3bf143d5<-94c0b71e-ed47-4cac-b73a-77caea691f8c#0:FAIL-t2,IN_PROGRESS
2021-10-04 02:05:01,016 [grpc-default-executor-0] INFO  server.GrpcServerProtocolService (GrpcServerProtocolService.java:onCompleted(140)) - 94c0b71e-ed47-4cac-b73a-77caea691f8c: Completed INSTALL_SNAPSHOT, lastRequest: 2dc1c52f-fb9b-4367-bdf1-93ff3bf143d5->94c0b71e-ed47-4cac-b73a-77caea691f8c#0-t2,notify:(t:2, i:1)
2021-10-04 02:05:01,016 [grpc-default-executor-2] INFO  server.GrpcLogAppender (GrpcLogAppender.java:onNext(400)) - 2dc1c52f-fb9b-4367-bdf1-93ff3bf143d5@group-5E66DA880090->94c0b71e-ed47-4cac-b73a-77caea691f8c-InstallSnapshotResponseHandler: received a reply 2dc1c52f-fb9b-4367-bdf1-93ff3bf143d5<-94c0b71e-ed47-4cac-b73a-77caea691f8c#0:FAIL-t2,IN_PROGRESS
2021-10-04 02:05:01,016 [grpc-default-executor-2] INFO  server.GrpcLogAppender (GrpcLogAppender.java:onNext(417)) - 2dc1c52f-fb9b-4367-bdf1-93ff3bf143d5@group-5E66DA880090->94c0b71e-ed47-4cac-b73a-77caea691f8c-InstallSnapshotResponseHandler: InstallSnapshot in progress.
2021-10-04 02:05:01,021 [pool-228-thread-1] INFO  ha.SCMSnapshotProvider (SCMSnapshotProvider.java:getSCMDBSnapshot(131)) - Successfully downloaded latest checkpoint from leader SCM: scmNode-1 path /home/runner/work/ozone/ozone/hadoop-ozone/integration-test/target/test-dir/MiniOzoneClusterImpl-aa9d709b-e9e6-4188-94b0-5e66da880090/scmNode-3/snapshot/scm.db-scmNode-1-1633313100930
2021-10-04 02:05:01,021 [pool-228-thread-1] INFO  ha.SCMHAManagerImpl (SCMHAManagerImpl.java:downloadCheckpointFromLeader(158)) - Downloaded checkpoint from Leader scmNode-1 to the location /home/runner/work/ozone/ozone/hadoop-ozone/integration-test/target/test-dir/MiniOzoneClusterImpl-aa9d709b-e9e6-4188-94b0-5e66da880090/scmNode-3/snapshot/scm.db-scmNode-1-1633313100930
2021-10-04 02:05:01,021 [2dc1c52f-fb9b-4367-bdf1-93ff3bf143d5@group-5E66DA880090->94c0b71e-ed47-4cac-b73a-77caea691f8c-GrpcLogAppender-LogAppenderDaemon] INFO  server.GrpcLogAppender (GrpcLogAppender.java:installSnapshot(524)) - 2dc1c52f-fb9b-4367-bdf1-93ff3bf143d5@group-5E66DA880090->94c0b71e-ed47-4cac-b73a-77caea691f8c-GrpcLogAppender: followerNextIndex = 0 but logStartIndex = 1, notify follower to install snapshot-(t:2, i:1)
2021-10-04 02:05:01,021 [2dc1c52f-fb9b-4367-bdf1-93ff3bf143d5@group-5E66DA880090->94c0b71e-ed47-4cac-b73a-77caea691f8c-GrpcLogAppender-LogAppenderDaemon] INFO  server.GrpcLogAppender (GrpcLogAppender.java:installSnapshot(532)) - 2dc1c52f-fb9b-4367-bdf1-93ff3bf143d5@group-5E66DA880090->94c0b71e-ed47-4cac-b73a-77caea691f8c-GrpcLogAppender: send 2dc1c52f-fb9b-4367-bdf1-93ff3bf143d5->94c0b71e-ed47-4cac-b73a-77caea691f8c#0-t2,notify:(t:2, i:1)
2021-10-04 02:05:01,022 [grpc-default-executor-0] INFO  server.RaftServer$Division (RaftServerImpl.java:checkInconsistentAppendEntries(1293)) - 94c0b71e-ed47-4cac-b73a-77caea691f8c@group-5E66DA880090: Failed appendEntries as snapshot ((t:2, i:1)) installation is in progress
2021-10-04 02:05:01,022 [grpc-default-executor-0] INFO  server.RaftServer$Division (RaftServerImpl.java:checkInconsistentAppendEntries(1285)) - 94c0b71e-ed47-4cac-b73a-77caea691f8c@group-5E66DA880090: inconsistency entries. Reply:2dc1c52f-fb9b-4367-bdf1-93ff3bf143d5<-94c0b71e-ed47-4cac-b73a-77caea691f8c#7:FAIL-t2,INCONSISTENCY,nextIndex=0,followerCommit=-1
2021-10-04 02:05:01,023 [grpc-default-executor-2] INFO  leader.FollowerInfo (FollowerInfoImpl.java:lambda$new$0(46)) - 2dc1c52f-fb9b-4367-bdf1-93ff3bf143d5@group-5E66DA880090->94c0b71e-ed47-4cac-b73a-77caea691f8c: nextIndex: updateUnconditionally 0 -> 0
2021-10-04 02:05:01,023 [grpc-default-executor-0] INFO  server.RaftServer$Division (RaftServerImpl.java:installSnapshot(1329)) - 94c0b71e-ed47-4cac-b73a-77caea691f8c@group-5E66DA880090: receive installSnapshot: 2dc1c52f-fb9b-4367-bdf1-93ff3bf143d5->94c0b71e-ed47-4cac-b73a-77caea691f8c#0-t2,notify:(t:2, i:1)
2021-10-04 02:05:01,023 [grpc-default-executor-0] INFO  server.RaftServer$Division (RaftServerImpl.java:notifyStateMachineToInstallSnapshot(1611)) - 94c0b71e-ed47-4cac-b73a-77caea691f8c@group-5E66DA880090: Snapshot Installation by StateMachine is in progress.
2021-10-04 02:05:01,024 [grpc-default-executor-0] INFO  server.RaftServer$Division (RaftServerImpl.java:installSnapshotImpl(1459)) - 94c0b71e-ed47-4cac-b73a-77caea691f8c@group-5E66DA880090: set new configuration index: 5
configurationEntry {
  peers {
    id: "2dc1c52f-fb9b-4367-bdf1-93ff3bf143d5"
    address: "localhost:12092"
  }
  peers {
    id: "d10ebfff-67c6-465e-b891-a6f4e9e1af69"
    address: "localhost:12102"
  }
}
 from snapshot
2021-10-04 02:05:01,024 [grpc-default-executor-0] INFO  server.RaftServer$Division (ServerState.java:setRaftConf(387)) - 94c0b71e-ed47-4cac-b73a-77caea691f8c@group-5E66DA880090: set configuration 5: [2dc1c52f-fb9b-4367-bdf1-93ff3bf143d5|rpc:localhost:12092|admin:|client:|dataStream:|priority:0, d10ebfff-67c6-465e-b891-a6f4e9e1af69|rpc:localhost:12102|admin:|client:|dataStream:|priority:0], old=null
2021-10-04 02:05:01,024 [grpc-default-executor-0] INFO  server.RaftServer$Division (RaftServerImpl.java:installSnapshot(1340)) - 94c0b71e-ed47-4cac-b73a-77caea691f8c@group-5E66DA880090: reply installSnapshot: 2dc1c52f-fb9b-4367-bdf1-93ff3bf143d5<-94c0b71e-ed47-4cac-b73a-77caea691f8c#0:FAIL-t2,IN_PROGRESS
2021-10-04 02:05:01,024 [grpc-default-executor-0] INFO  server.GrpcServerProtocolService (GrpcServerProtocolService.java:onCompleted(140)) - 94c0b71e-ed47-4cac-b73a-77caea691f8c: Completed INSTALL_SNAPSHOT, lastRequest: 2dc1c52f-fb9b-4367-bdf1-93ff3bf143d5->94c0b71e-ed47-4cac-b73a-77caea691f8c#0-t2,notify:(t:2, i:1)
2021-10-04 02:05:01,025 [grpc-default-executor-2] INFO  server.GrpcLogAppender (GrpcLogAppender.java:onNext(400)) - 2dc1c52f-fb9b-4367-bdf1-93ff3bf143d5@group-5E66DA880090->94c0b71e-ed47-4cac-b73a-77caea691f8c-InstallSnapshotResponseHandler: received a reply 2dc1c52f-fb9b-4367-bdf1-93ff3bf143d5<-94c0b71e-ed47-4cac-b73a-77caea691f8c#0:FAIL-t2,IN_PROGRESS
2021-10-04 02:05:01,025 [grpc-default-executor-2] INFO  server.GrpcLogAppender (GrpcLogAppender.java:onNext(417)) - 2dc1c52f-fb9b-4367-bdf1-93ff3bf143d5@group-5E66DA880090->94c0b71e-ed47-4cac-b73a-77caea691f8c-InstallSnapshotResponseHandler: InstallSnapshot in progress.
2021-10-04 02:05:01,026 [2dc1c52f-fb9b-4367-bdf1-93ff3bf143d5@group-5E66DA880090->94c0b71e-ed47-4cac-b73a-77caea691f8c-GrpcLogAppender-LogAppenderDaemon] INFO  server.GrpcLogAppender (GrpcLogAppender.java:installSnapshot(524)) - 2dc1c52f-fb9b-4367-bdf1-93ff3bf143d5@group-5E66DA880090->94c0b71e-ed47-4cac-b73a-77caea691f8c-GrpcLogAppender: followerNextIndex = 0 but logStartIndex = 1, notify follower to install snapshot-(t:2, i:1)
2021-10-04 02:05:01,026 [2dc1c52f-fb9b-4367-bdf1-93ff3bf143d5@group-5E66DA880090->94c0b71e-ed47-4cac-b73a-77caea691f8c-GrpcLogAppender-LogAppenderDaemon] INFO  server.GrpcLogAppender (GrpcLogAppender.java:installSnapshot(532)) - 2dc1c52f-fb9b-4367-bdf1-93ff3bf143d5@group-5E66DA880090->94c0b71e-ed47-4cac-b73a-77caea691f8c-GrpcLogAppender: send 2dc1c52f-fb9b-4367-bdf1-93ff3bf143d5->94c0b71e-ed47-4cac-b73a-77caea691f8c#0-t2,notify:(t:2, i:1)
2021-10-04 02:05:01,027 [grpc-default-executor-3] INFO  server.RaftServer$Division (RaftServerImpl.java:checkInconsistentAppendEntries(1293)) - 94c0b71e-ed47-4cac-b73a-77caea691f8c@group-5E66DA880090: Failed appendEntries as snapshot ((t:2, i:1)) installation is in progress
2021-10-04 02:05:01,027 [grpc-default-executor-3] INFO  server.RaftServer$Division (RaftServerImpl.java:checkInconsistentAppendEntries(1285)) - 94c0b71e-ed47-4cac-b73a-77caea691f8c@group-5E66DA880090: inconsistency entries. Reply:2dc1c52f-fb9b-4367-bdf1-93ff3bf143d5<-94c0b71e-ed47-4cac-b73a-77caea691f8c#8:FAIL-t2,INCONSISTENCY,nextIndex=0,followerCommit=-1
2021-10-04 02:05:01,028 [grpc-default-executor-2] INFO  server.RaftServer$Division (RaftServerImpl.java:installSnapshot(1329)) - 94c0b71e-ed47-4cac-b73a-77caea691f8c@group-5E66DA880090: receive installSnapshot: 2dc1c52f-fb9b-4367-bdf1-93ff3bf143d5->94c0b71e-ed47-4cac-b73a-77caea691f8c#0-t2,notify:(t:2, i:1)
2021-10-04 02:05:01,028 [grpc-default-executor-2] INFO  server.RaftServer$Division (RaftServerImpl.java:notifyStateMachineToInstallSnapshot(1611)) - 94c0b71e-ed47-4cac-b73a-77caea691f8c@group-5E66DA880090: Snapshot Installation by StateMachine is in progress.
2021-10-04 02:05:01,028 [grpc-default-executor-2] INFO  server.RaftServer$Division (RaftServerImpl.java:installSnapshotImpl(1459)) - 94c0b71e-ed47-4cac-b73a-77caea691f8c@group-5E66DA880090: set new configuration index: 5
configurationEntry {
  peers {
    id: "2dc1c52f-fb9b-4367-bdf1-93ff3bf143d5"
    address: "localhost:12092"
  }
  peers {
    id: "d10ebfff-67c6-465e-b891-a6f4e9e1af69"
    address: "localhost:12102"
  }
}
 from snapshot
2021-10-04 02:05:01,028 [grpc-default-executor-2] INFO  server.RaftServer$Division (ServerState.java:setRaftConf(387)) - 94c0b71e-ed47-4cac-b73a-77caea691f8c@group-5E66DA880090: set configuration 5: [2dc1c52f-fb9b-4367-bdf1-93ff3bf143d5|rpc:localhost:12092|admin:|client:|dataStream:|priority:0, d10ebfff-67c6-465e-b891-a6f4e9e1af69|rpc:localhost:12102|admin:|client:|dataStream:|priority:0], old=null
2021-10-04 02:05:01,028 [grpc-default-executor-2] INFO  server.RaftServer$Division (RaftServerImpl.java:installSnapshot(1340)) - 94c0b71e-ed47-4cac-b73a-77caea691f8c@group-5E66DA880090: reply installSnapshot: 2dc1c52f-fb9b-4367-bdf1-93ff3bf143d5<-94c0b71e-ed47-4cac-b73a-77caea691f8c#0:FAIL-t2,IN_PROGRESS
2021-10-04 02:05:01,029 [grpc-default-executor-2] INFO  server.GrpcServerProtocolService (GrpcServerProtocolService.java:onCompleted(140)) - 94c0b71e-ed47-4cac-b73a-77caea691f8c: Completed INSTALL_SNAPSHOT, lastRequest: 2dc1c52f-fb9b-4367-bdf1-93ff3bf143d5->94c0b71e-ed47-4cac-b73a-77caea691f8c#0-t2,notify:(t:2, i:1)
2021-10-04 02:05:01,029 [grpc-default-executor-3] INFO  server.GrpcLogAppender (GrpcLogAppender.java:onNext(400)) - 2dc1c52f-fb9b-4367-bdf1-93ff3bf143d5@group-5E66DA880090->94c0b71e-ed47-4cac-b73a-77caea691f8c-InstallSnapshotResponseHandler: received a reply 2dc1c52f-fb9b-4367-bdf1-93ff3bf143d5<-94c0b71e-ed47-4cac-b73a-77caea691f8c#0:FAIL-t2,IN_PROGRESS
2021-10-04 02:05:01,030 [grpc-default-executor-3] INFO  server.GrpcLogAppender (GrpcLogAppender.java:onNext(417)) - 2dc1c52f-fb9b-4367-bdf1-93ff3bf143d5@group-5E66DA880090->94c0b71e-ed47-4cac-b73a-77caea691f8c-InstallSnapshotResponseHandler: InstallSnapshot in progress.
2021-10-04 02:05:01,030 [grpc-default-executor-2] INFO  leader.FollowerInfo (FollowerInfoImpl.java:lambda$new$0(46)) - 2dc1c52f-fb9b-4367-bdf1-93ff3bf143d5@group-5E66DA880090->94c0b71e-ed47-4cac-b73a-77caea691f8c: nextIndex: updateUnconditionally 0 -> 0
2021-10-04 02:05:01,031 [2dc1c52f-fb9b-4367-bdf1-93ff3bf143d5@group-5E66DA880090->94c0b71e-ed47-4cac-b73a-77caea691f8c-GrpcLogAppender-LogAppenderDaemon] INFO  server.GrpcLogAppender (GrpcLogAppender.java:installSnapshot(524)) - 2dc1c52f-fb9b-4367-bdf1-93ff3bf143d5@group-5E66DA880090->94c0b71e-ed47-4cac-b73a-77caea691f8c-GrpcLogAppender: followerNextIndex = 0 but logStartIndex = 1, notify follower to install snapshot-(t:2, i:1)
2021-10-04 02:05:01,031 [2dc1c52f-fb9b-4367-bdf1-93ff3bf143d5@group-5E66DA880090->94c0b71e-ed47-4cac-b73a-77caea691f8c-GrpcLogAppender-LogAppenderDaemon] INFO  server.GrpcLogAppender (GrpcLogAppender.java:installSnapshot(532)) - 2dc1c52f-fb9b-4367-bdf1-93ff3bf143d5@group-5E66DA880090->94c0b71e-ed47-4cac-b73a-77caea691f8c-GrpcLogAppender: send 2dc1c52f-fb9b-4367-bdf1-93ff3bf143d5->94c0b71e-ed47-4cac-b73a-77caea691f8c#0-t2,notify:(t:2, i:1)
2021-10-04 02:05:01,032 [grpc-default-executor-3] INFO  server.RaftServer$Division (RaftServerImpl.java:installSnapshot(1329)) - 94c0b71e-ed47-4cac-b73a-77caea691f8c@group-5E66DA880090: receive installSnapshot: 2dc1c52f-fb9b-4367-bdf1-93ff3bf143d5->94c0b71e-ed47-4cac-b73a-77caea691f8c#0-t2,notify:(t:2, i:1)
2021-10-04 02:05:01,032 [grpc-default-executor-3] INFO  server.RaftServer$Division (RaftServerImpl.java:notifyStateMachineToInstallSnapshot(1611)) - 94c0b71e-ed47-4cac-b73a-77caea691f8c@group-5E66DA880090: Snapshot Installation by StateMachine is in progress.
2021-10-04 02:05:01,032 [grpc-default-executor-3] INFO  server.RaftServer$Division (RaftServerImpl.java:installSnapshotImpl(1459)) - 94c0b71e-ed47-4cac-b73a-77caea691f8c@group-5E66DA880090: set new configuration index: 5
configurationEntry {
  peers {
    id: "2dc1c52f-fb9b-4367-bdf1-93ff3bf143d5"
    address: "localhost:12092"
  }
  peers {
    id: "d10ebfff-67c6-465e-b891-a6f4e9e1af69"
    address: "localhost:12102"
  }
}
 from snapshot
2021-10-04 02:05:01,032 [grpc-default-executor-3] INFO  server.RaftServer$Division (ServerState.java:setRaftConf(387)) - 94c0b71e-ed47-4cac-b73a-77caea691f8c@group-5E66DA880090: set configuration 5: [2dc1c52f-fb9b-4367-bdf1-93ff3bf143d5|rpc:localhost:12092|admin:|client:|dataStream:|priority:0, d10ebfff-67c6-465e-b891-a6f4e9e1af69|rpc:localhost:12102|admin:|client:|dataStream:|priority:0], old=null
2021-10-04 02:05:01,032 [grpc-default-executor-3] INFO  server.RaftServer$Division (RaftServerImpl.java:installSnapshot(1340)) - 94c0b71e-ed47-4cac-b73a-77caea691f8c@group-5E66DA880090: reply installSnapshot: 2dc1c52f-fb9b-4367-bdf1-93ff3bf143d5<-94c0b71e-ed47-4cac-b73a-77caea691f8c#0:FAIL-t2,IN_PROGRESS
2021-10-04 02:05:01,033 [grpc-default-executor-3] INFO  server.GrpcServerProtocolService (GrpcServerProtocolService.java:onCompleted(140)) - 94c0b71e-ed47-4cac-b73a-77caea691f8c: Completed INSTALL_SNAPSHOT, lastRequest: 2dc1c52f-fb9b-4367-bdf1-93ff3bf143d5->94c0b71e-ed47-4cac-b73a-77caea691f8c#0-t2,notify:(t:2, i:1)
2021-10-04 02:05:01,034 [grpc-default-executor-0] INFO  server.GrpcLogAppender (GrpcLogAppender.java:onNext(400)) - 2dc1c52f-fb9b-4367-bdf1-93ff3bf143d5@group-5E66DA880090->94c0b71e-ed47-4cac-b73a-77caea691f8c-InstallSnapshotResponseHandler: received a reply 2dc1c52f-fb9b-4367-bdf1-93ff3bf143d5<-94c0b71e-ed47-4cac-b73a-77caea691f8c#0:FAIL-t2,IN_PROGRESS
2021-10-04 02:05:01,034 [grpc-default-executor-0] INFO  server.GrpcLogAppender (GrpcLogAppender.java:onNext(417)) - 2dc1c52f-fb9b-4367-bdf1-93ff3bf143d5@group-5E66DA880090->94c0b71e-ed47-4cac-b73a-77caea691f8c-InstallSnapshotResponseHandler: InstallSnapshot in progress.
2021-10-04 02:05:01,039 [2dc1c52f-fb9b-4367-bdf1-93ff3bf143d5@group-5E66DA880090->94c0b71e-ed47-4cac-b73a-77caea691f8c-GrpcLogAppender-LogAppenderDaemon] INFO  server.GrpcLogAppender (GrpcLogAppender.java:installSnapshot(524)) - 2dc1c52f-fb9b-4367-bdf1-93ff3bf143d5@group-5E66DA880090->94c0b71e-ed47-4cac-b73a-77caea691f8c-GrpcLogAppender: followerNextIndex = 0 but logStartIndex = 1, notify follower to install snapshot-(t:2, i:1)
2021-10-04 02:05:01,039 [2dc1c52f-fb9b-4367-bdf1-93ff3bf143d5@group-5E66DA880090->94c0b71e-ed47-4cac-b73a-77caea691f8c-GrpcLogAppender-LogAppenderDaemon] INFO  server.GrpcLogAppender (GrpcLogAppender.java:installSnapshot(532)) - 2dc1c52f-fb9b-4367-bdf1-93ff3bf143d5@group-5E66DA880090->94c0b71e-ed47-4cac-b73a-77caea691f8c-GrpcLogAppender: send 2dc1c52f-fb9b-4367-bdf1-93ff3bf143d5->94c0b71e-ed47-4cac-b73a-77caea691f8c#0-t2,notify:(t:2, i:1)
2021-10-04 02:05:01,046 [grpc-default-executor-1] INFO  server.RaftServer$Division (RaftServerImpl.java:installSnapshot(1329)) - 94c0b71e-ed47-4cac-b73a-77caea691f8c@group-5E66DA880090: receive installSnapshot: 2dc1c52f-fb9b-4367-bdf1-93ff3bf143d5->94c0b71e-ed47-4cac-b73a-77caea691f8c#0-t2,notify:(t:2, i:1)
2021-10-04 02:05:01,046 [grpc-default-executor-1] INFO  server.RaftServer$Division (RaftServerImpl.java:notifyStateMachineToInstallSnapshot(1611)) - 94c0b71e-ed47-4cac-b73a-77caea691f8c@group-5E66DA880090: Snapshot Installation by StateMachine is in progress.
2021-10-04 02:05:01,046 [grpc-default-executor-1] INFO  server.RaftServer$Division (RaftServerImpl.java:installSnapshotImpl(1459)) - 94c0b71e-ed47-4cac-b73a-77caea691f8c@group-5E66DA880090: set new configuration index: 5
configurationEntry {
  peers {
    id: "2dc1c52f-fb9b-4367-bdf1-93ff3bf143d5"
    address: "localhost:12092"
  }
  peers {
    id: "d10ebfff-67c6-465e-b891-a6f4e9e1af69"
    address: "localhost:12102"
  }
}
 from snapshot
2021-10-04 02:05:01,046 [grpc-default-executor-1] INFO  server.RaftServer$Division (ServerState.java:setRaftConf(387)) - 94c0b71e-ed47-4cac-b73a-77caea691f8c@group-5E66DA880090: set configuration 5: [2dc1c52f-fb9b-4367-bdf1-93ff3bf143d5|rpc:localhost:12092|admin:|client:|dataStream:|priority:0, d10ebfff-67c6-465e-b891-a6f4e9e1af69|rpc:localhost:12102|admin:|client:|dataStream:|priority:0], old=null
2021-10-04 02:05:01,047 [grpc-default-executor-1] INFO  server.RaftServer$Division (RaftServerImpl.java:installSnapshot(1340)) - 94c0b71e-ed47-4cac-b73a-77caea691f8c@group-5E66DA880090: reply installSnapshot: 2dc1c52f-fb9b-4367-bdf1-93ff3bf143d5<-94c0b71e-ed47-4cac-b73a-77caea691f8c#0:FAIL-t2,IN_PROGRESS
2021-10-04 02:05:01,047 [grpc-default-executor-1] INFO  server.GrpcServerProtocolService (GrpcServerProtocolService.java:onCompleted(140)) - 94c0b71e-ed47-4cac-b73a-77caea691f8c: Completed INSTALL_SNAPSHOT, lastRequest: 2dc1c52f-fb9b-4367-bdf1-93ff3bf143d5->94c0b71e-ed47-4cac-b73a-77caea691f8c#0-t2,notify:(t:2, i:1)
2021-10-04 02:05:01,047 [grpc-default-executor-1] INFO  server.GrpcLogAppender (GrpcLogAppender.java:onNext(400)) - 2dc1c52f-fb9b-4367-bdf1-93ff3bf143d5@group-5E66DA880090->94c0b71e-ed47-4cac-b73a-77caea691f8c-InstallSnapshotResponseHandler: received a reply 2dc1c52f-fb9b-4367-bdf1-93ff3bf143d5<-94c0b71e-ed47-4cac-b73a-77caea691f8c#0:FAIL-t2,IN_PROGRESS
2021-10-04 02:05:01,047 [grpc-default-executor-1] INFO  server.GrpcLogAppender (GrpcLogAppender.java:onNext(417)) - 2dc1c52f-fb9b-4367-bdf1-93ff3bf143d5@group-5E66DA880090->94c0b71e-ed47-4cac-b73a-77caea691f8c-InstallSnapshotResponseHandler: InstallSnapshot in progress.
2021-10-04 02:05:01,055 [2dc1c52f-fb9b-4367-bdf1-93ff3bf143d5@group-5E66DA880090->94c0b71e-ed47-4cac-b73a-77caea691f8c-GrpcLogAppender-LogAppenderDaemon] INFO  server.GrpcLogAppender (GrpcLogAppender.java:installSnapshot(524)) - 2dc1c52f-fb9b-4367-bdf1-93ff3bf143d5@group-5E66DA880090->94c0b71e-ed47-4cac-b73a-77caea691f8c-GrpcLogAppender: followerNextIndex = 0 but logStartIndex = 1, notify follower to install snapshot-(t:2, i:1)
2021-10-04 02:05:01,055 [2dc1c52f-fb9b-4367-bdf1-93ff3bf143d5@group-5E66DA880090->94c0b71e-ed47-4cac-b73a-77caea691f8c-GrpcLogAppender-LogAppenderDaemon] INFO  server.GrpcLogAppender (GrpcLogAppender.java:installSnapshot(532)) - 2dc1c52f-fb9b-4367-bdf1-93ff3bf143d5@group-5E66DA880090->94c0b71e-ed47-4cac-b73a-77caea691f8c-GrpcLogAppender: send 2dc1c52f-fb9b-4367-bdf1-93ff3bf143d5->94c0b71e-ed47-4cac-b73a-77caea691f8c#0-t2,notify:(t:2, i:1)
2021-10-04 02:05:01,057 [grpc-default-executor-2] INFO  server.RaftServer$Division (RaftServerImpl.java:checkInconsistentAppendEntries(1293)) - 94c0b71e-ed47-4cac-b73a-77caea691f8c@group-5E66DA880090: Failed appendEntries as snapshot ((t:2, i:1)) installation is in progress
2021-10-04 02:05:01,057 [grpc-default-executor-2] INFO  server.RaftServer$Division (RaftServerImpl.java:checkInconsistentAppendEntries(1285)) - 94c0b71e-ed47-4cac-b73a-77caea691f8c@group-5E66DA880090: inconsistency entries. Reply:2dc1c52f-fb9b-4367-bdf1-93ff3bf143d5<-94c0b71e-ed47-4cac-b73a-77caea691f8c#9:FAIL-t2,INCONSISTENCY,nextIndex=0,followerCommit=-1
2021-10-04 02:05:01,058 [grpc-default-executor-1] INFO  server.RaftServer$Division (RaftServerImpl.java:checkInconsistentAppendEntries(1293)) - 94c0b71e-ed47-4cac-b73a-77caea691f8c@group-5E66DA880090: Failed appendEntries as snapshot ((t:2, i:1)) installation is in progress
2021-10-04 02:05:01,058 [grpc-default-executor-1] INFO  server.RaftServer$Division (RaftServerImpl.java:checkInconsistentAppendEntries(1285)) - 94c0b71e-ed47-4cac-b73a-77caea691f8c@group-5E66DA880090: inconsistency entries. Reply:2dc1c52f-fb9b-4367-bdf1-93ff3bf143d5<-94c0b71e-ed47-4cac-b73a-77caea691f8c#10:FAIL-t2,INCONSISTENCY,nextIndex=0,followerCommit=-1
2021-10-04 02:05:01,062 [grpc-default-executor-3] INFO  leader.FollowerInfo (FollowerInfoImpl.java:lambda$new$0(46)) - 2dc1c52f-fb9b-4367-bdf1-93ff3bf143d5@group-5E66DA880090->94c0b71e-ed47-4cac-b73a-77caea691f8c: nextIndex: updateUnconditionally 0 -> 0
2021-10-04 02:05:01,062 [grpc-default-executor-1] INFO  server.RaftServer$Division (RaftServerImpl.java:checkInconsistentAppendEntries(1293)) - 94c0b71e-ed47-4cac-b73a-77caea691f8c@group-5E66DA880090: Failed appendEntries as snapshot ((t:2, i:1)) installation is in progress
2021-10-04 02:05:01,062 [grpc-default-executor-1] INFO  server.RaftServer$Division (RaftServerImpl.java:checkInconsistentAppendEntries(1285)) - 94c0b71e-ed47-4cac-b73a-77caea691f8c@group-5E66DA880090: inconsistency entries. Reply:2dc1c52f-fb9b-4367-bdf1-93ff3bf143d5<-94c0b71e-ed47-4cac-b73a-77caea691f8c#11:FAIL-t2,INCONSISTENCY,nextIndex=0,followerCommit=-1
2021-10-04 02:05:01,063 [grpc-default-executor-2] INFO  leader.FollowerInfo (FollowerInfoImpl.java:lambda$new$0(46)) - 2dc1c52f-fb9b-4367-bdf1-93ff3bf143d5@group-5E66DA880090->94c0b71e-ed47-4cac-b73a-77caea691f8c: nextIndex: updateUnconditionally 0 -> 0
2021-10-04 02:05:01,063 [grpc-default-executor-1] INFO  leader.FollowerInfo (FollowerInfoImpl.java:lambda$new$0(46)) - 2dc1c52f-fb9b-4367-bdf1-93ff3bf143d5@group-5E66DA880090->94c0b71e-ed47-4cac-b73a-77caea691f8c: nextIndex: updateUnconditionally 0 -> 0
2021-10-04 02:05:01,063 [grpc-default-executor-2] INFO  server.RaftServer$Division (RaftServerImpl.java:installSnapshot(1329)) - 94c0b71e-ed47-4cac-b73a-77caea691f8c@group-5E66DA880090: receive installSnapshot: 2dc1c52f-fb9b-4367-bdf1-93ff3bf143d5->94c0b71e-ed47-4cac-b73a-77caea691f8c#0-t2,notify:(t:2, i:1)
2021-10-04 02:05:01,064 [grpc-default-executor-2] INFO  server.RaftServer$Division (RaftServerImpl.java:notifyStateMachineToInstallSnapshot(1611)) - 94c0b71e-ed47-4cac-b73a-77caea691f8c@group-5E66DA880090: Snapshot Installation by StateMachine is in progress.
2021-10-04 02:05:01,064 [grpc-default-executor-2] INFO  server.RaftServer$Division (RaftServerImpl.java:installSnapshotImpl(1459)) - 94c0b71e-ed47-4cac-b73a-77caea691f8c@group-5E66DA880090: set new configuration index: 5
configurationEntry {
  peers {
    id: "2dc1c52f-fb9b-4367-bdf1-93ff3bf143d5"
    address: "localhost:12092"
  }
  peers {
    id: "d10ebfff-67c6-465e-b891-a6f4e9e1af69"
    address: "localhost:12102"
  }
}
 from snapshot
2021-10-04 02:05:01,064 [grpc-default-executor-2] INFO  server.RaftServer$Division (ServerState.java:setRaftConf(387)) - 94c0b71e-ed47-4cac-b73a-77caea691f8c@group-5E66DA880090: set configuration 5: [2dc1c52f-fb9b-4367-bdf1-93ff3bf143d5|rpc:localhost:12092|admin:|client:|dataStream:|priority:0, d10ebfff-67c6-465e-b891-a6f4e9e1af69|rpc:localhost:12102|admin:|client:|dataStream:|priority:0], old=null
2021-10-04 02:05:01,064 [grpc-default-executor-2] INFO  server.RaftServer$Division (RaftServerImpl.java:installSnapshot(1340)) - 94c0b71e-ed47-4cac-b73a-77caea691f8c@group-5E66DA880090: reply installSnapshot: 2dc1c52f-fb9b-4367-bdf1-93ff3bf143d5<-94c0b71e-ed47-4cac-b73a-77caea691f8c#0:FAIL-t2,IN_PROGRESS
2021-10-04 02:05:01,065 [grpc-default-executor-2] INFO  server.GrpcServerProtocolService (GrpcServerProtocolService.java:onCompleted(140)) - 94c0b71e-ed47-4cac-b73a-77caea691f8c: Completed INSTALL_SNAPSHOT, lastRequest: 2dc1c52f-fb9b-4367-bdf1-93ff3bf143d5->94c0b71e-ed47-4cac-b73a-77caea691f8c#0-t2,notify:(t:2, i:1)
2021-10-04 02:05:01,066 [grpc-default-executor-1] INFO  server.GrpcLogAppender (GrpcLogAppender.java:onNext(400)) - 2dc1c52f-fb9b-4367-bdf1-93ff3bf143d5@group-5E66DA880090->94c0b71e-ed47-4cac-b73a-77caea691f8c-InstallSnapshotResponseHandler: received a reply 2dc1c52f-fb9b-4367-bdf1-93ff3bf143d5<-94c0b71e-ed47-4cac-b73a-77caea691f8c#0:FAIL-t2,IN_PROGRESS
2021-10-04 02:05:01,066 [grpc-default-executor-1] INFO  server.GrpcLogAppender (GrpcLogAppender.java:onNext(417)) - 2dc1c52f-fb9b-4367-bdf1-93ff3bf143d5@group-5E66DA880090->94c0b71e-ed47-4cac-b73a-77caea691f8c-InstallSnapshotResponseHandler: InstallSnapshot in progress.
2021-10-04 02:05:01,069 [2dc1c52f-fb9b-4367-bdf1-93ff3bf143d5@group-5E66DA880090->94c0b71e-ed47-4cac-b73a-77caea691f8c-GrpcLogAppender-LogAppenderDaemon] INFO  server.GrpcLogAppender (GrpcLogAppender.java:installSnapshot(524)) - 2dc1c52f-fb9b-4367-bdf1-93ff3bf143d5@group-5E66DA880090->94c0b71e-ed47-4cac-b73a-77caea691f8c-GrpcLogAppender: followerNextIndex = 0 but logStartIndex = 1, notify follower to install snapshot-(t:2, i:1)
2021-10-04 02:05:01,069 [2dc1c52f-fb9b-4367-bdf1-93ff3bf143d5@group-5E66DA880090->94c0b71e-ed47-4cac-b73a-77caea691f8c-GrpcLogAppender-LogAppenderDaemon] INFO  server.GrpcLogAppender (GrpcLogAppender.java:installSnapshot(532)) - 2dc1c52f-fb9b-4367-bdf1-93ff3bf143d5@group-5E66DA880090->94c0b71e-ed47-4cac-b73a-77caea691f8c-GrpcLogAppender: send 2dc1c52f-fb9b-4367-bdf1-93ff3bf143d5->94c0b71e-ed47-4cac-b73a-77caea691f8c#0-t2,notify:(t:2, i:1)
2021-10-04 02:05:01,070 [grpc-default-executor-0] INFO  server.RaftServer$Division (RaftServerImpl.java:checkInconsistentAppendEntries(1293)) - 94c0b71e-ed47-4cac-b73a-77caea691f8c@group-5E66DA880090: Failed appendEntries as snapshot ((t:2, i:1)) installation is in progress
2021-10-04 02:05:01,070 [grpc-default-executor-0] INFO  server.RaftServer$Division (RaftServerImpl.java:checkInconsistentAppendEntries(1285)) - 94c0b71e-ed47-4cac-b73a-77caea691f8c@group-5E66DA880090: inconsistency entries. Reply:2dc1c52f-fb9b-4367-bdf1-93ff3bf143d5<-94c0b71e-ed47-4cac-b73a-77caea691f8c#12:FAIL-t2,INCONSISTENCY,nextIndex=0,followerCommit=-1
2021-10-04 02:05:01,071 [grpc-default-executor-1] INFO  server.RaftServer$Division (RaftServerImpl.java:installSnapshot(1329)) - 94c0b71e-ed47-4cac-b73a-77caea691f8c@group-5E66DA880090: receive installSnapshot: 2dc1c52f-fb9b-4367-bdf1-93ff3bf143d5->94c0b71e-ed47-4cac-b73a-77caea691f8c#0-t2,notify:(t:2, i:1)
2021-10-04 02:05:01,071 [grpc-default-executor-1] INFO  server.RaftServer$Division (RaftServerImpl.java:notifyStateMachineToInstallSnapshot(1611)) - 94c0b71e-ed47-4cac-b73a-77caea691f8c@group-5E66DA880090: Snapshot Installation by StateMachine is in progress.
2021-10-04 02:05:01,071 [grpc-default-executor-1] INFO  server.RaftServer$Division (RaftServerImpl.java:installSnapshotImpl(1459)) - 94c0b71e-ed47-4cac-b73a-77caea691f8c@group-5E66DA880090: set new configuration index: 5
configurationEntry {
  peers {
    id: "2dc1c52f-fb9b-4367-bdf1-93ff3bf143d5"
    address: "localhost:12092"
  }
  peers {
    id: "d10ebfff-67c6-465e-b891-a6f4e9e1af69"
    address: "localhost:12102"
  }
}
 from snapshot
2021-10-04 02:05:01,071 [grpc-default-executor-1] INFO  server.RaftServer$Division (ServerState.java:setRaftConf(387)) - 94c0b71e-ed47-4cac-b73a-77caea691f8c@group-5E66DA880090: set configuration 5: [2dc1c52f-fb9b-4367-bdf1-93ff3bf143d5|rpc:localhost:12092|admin:|client:|dataStream:|priority:0, d10ebfff-67c6-465e-b891-a6f4e9e1af69|rpc:localhost:12102|admin:|client:|dataStream:|priority:0], old=null
2021-10-04 02:05:01,071 [grpc-default-executor-1] INFO  server.RaftServer$Division (RaftServerImpl.java:installSnapshot(1340)) - 94c0b71e-ed47-4cac-b73a-77caea691f8c@group-5E66DA880090: reply installSnapshot: 2dc1c52f-fb9b-4367-bdf1-93ff3bf143d5<-94c0b71e-ed47-4cac-b73a-77caea691f8c#0:FAIL-t2,IN_PROGRESS
2021-10-04 02:05:01,072 [grpc-default-executor-1] INFO  server.GrpcServerProtocolService (GrpcServerProtocolService.java:onCompleted(140)) - 94c0b71e-ed47-4cac-b73a-77caea691f8c: Completed INSTALL_SNAPSHOT, lastRequest: 2dc1c52f-fb9b-4367-bdf1-93ff3bf143d5->94c0b71e-ed47-4cac-b73a-77caea691f8c#0-t2,notify:(t:2, i:1)
2021-10-04 02:05:01,077 [grpc-default-executor-2] INFO  leader.FollowerInfo (FollowerInfoImpl.java:lambda$new$0(46)) - 2dc1c52f-fb9b-4367-bdf1-93ff3bf143d5@group-5E66DA880090->94c0b71e-ed47-4cac-b73a-77caea691f8c: nextIndex: updateUnconditionally 0 -> 0
2021-10-04 02:05:01,077 [grpc-default-executor-1] INFO  server.GrpcLogAppender (GrpcLogAppender.java:onNext(400)) - 2dc1c52f-fb9b-4367-bdf1-93ff3bf143d5@group-5E66DA880090->94c0b71e-ed47-4cac-b73a-77caea691f8c-InstallSnapshotResponseHandler: received a reply 2dc1c52f-fb9b-4367-bdf1-93ff3bf143d5<-94c0b71e-ed47-4cac-b73a-77caea691f8c#0:FAIL-t2,IN_PROGRESS
2021-10-04 02:05:01,077 [grpc-default-executor-1] INFO  server.GrpcLogAppender (GrpcLogAppender.java:onNext(417)) - 2dc1c52f-fb9b-4367-bdf1-93ff3bf143d5@group-5E66DA880090->94c0b71e-ed47-4cac-b73a-77caea691f8c-InstallSnapshotResponseHandler: InstallSnapshot in progress.
2021-10-04 02:05:01,078 [2dc1c52f-fb9b-4367-bdf1-93ff3bf143d5@group-5E66DA880090->94c0b71e-ed47-4cac-b73a-77caea691f8c-GrpcLogAppender-LogAppenderDaemon] INFO  server.GrpcLogAppender (GrpcLogAppender.java:installSnapshot(524)) - 2dc1c52f-fb9b-4367-bdf1-93ff3bf143d5@group-5E66DA880090->94c0b71e-ed47-4cac-b73a-77caea691f8c-GrpcLogAppender: followerNextIndex = 0 but logStartIndex = 1, notify follower to install snapshot-(t:2, i:1)
2021-10-04 02:05:01,078 [2dc1c52f-fb9b-4367-bdf1-93ff3bf143d5@group-5E66DA880090->94c0b71e-ed47-4cac-b73a-77caea691f8c-GrpcLogAppender-LogAppenderDaemon] INFO  server.GrpcLogAppender (GrpcLogAppender.java:installSnapshot(532)) - 2dc1c52f-fb9b-4367-bdf1-93ff3bf143d5@group-5E66DA880090->94c0b71e-ed47-4cac-b73a-77caea691f8c-GrpcLogAppender: send 2dc1c52f-fb9b-4367-bdf1-93ff3bf143d5->94c0b71e-ed47-4cac-b73a-77caea691f8c#0-t2,notify:(t:2, i:1)
2021-10-04 02:05:01,081 [grpc-default-executor-2] INFO  server.RaftServer$Division (RaftServerImpl.java:checkInconsistentAppendEntries(1293)) - 94c0b71e-ed47-4cac-b73a-77caea691f8c@group-5E66DA880090: Failed appendEntries as snapshot ((t:2, i:1)) installation is in progress
2021-10-04 02:05:01,081 [grpc-default-executor-2] INFO  server.RaftServer$Division (RaftServerImpl.java:checkInconsistentAppendEntries(1285)) - 94c0b71e-ed47-4cac-b73a-77caea691f8c@group-5E66DA880090: inconsistency entries. Reply:2dc1c52f-fb9b-4367-bdf1-93ff3bf143d5<-94c0b71e-ed47-4cac-b73a-77caea691f8c#13:FAIL-t2,INCONSISTENCY,nextIndex=0,followerCommit=-1
2021-10-04 02:05:01,081 [grpc-default-executor-1] INFO  server.RaftServer$Division (RaftServerImpl.java:installSnapshot(1329)) - 94c0b71e-ed47-4cac-b73a-77caea691f8c@group-5E66DA880090: receive installSnapshot: 2dc1c52f-fb9b-4367-bdf1-93ff3bf143d5->94c0b71e-ed47-4cac-b73a-77caea691f8c#0-t2,notify:(t:2, i:1)
2021-10-04 02:05:01,081 [grpc-default-executor-1] INFO  server.RaftServer$Division (RaftServerImpl.java:notifyStateMachineToInstallSnapshot(1611)) - 94c0b71e-ed47-4cac-b73a-77caea691f8c@group-5E66DA880090: Snapshot Installation by StateMachine is in progress.
2021-10-04 02:05:01,081 [grpc-default-executor-1] INFO  server.RaftServer$Division (RaftServerImpl.java:installSnapshotImpl(1459)) - 94c0b71e-ed47-4cac-b73a-77caea691f8c@group-5E66DA880090: set new configuration index: 5
configurationEntry {
  peers {
    id: "2dc1c52f-fb9b-4367-bdf1-93ff3bf143d5"
    address: "localhost:12092"
  }
  peers {
    id: "d10ebfff-67c6-465e-b891-a6f4e9e1af69"
    address: "localhost:12102"
  }
}
 from snapshot
2021-10-04 02:05:01,081 [grpc-default-executor-1] INFO  server.RaftServer$Division (ServerState.java:setRaftConf(387)) - 94c0b71e-ed47-4cac-b73a-77caea691f8c@group-5E66DA880090: set configuration 5: [2dc1c52f-fb9b-4367-bdf1-93ff3bf143d5|rpc:localhost:12092|admin:|client:|dataStream:|priority:0, d10ebfff-67c6-465e-b891-a6f4e9e1af69|rpc:localhost:12102|admin:|client:|dataStream:|priority:0], old=null
2021-10-04 02:05:01,082 [grpc-default-executor-1] INFO  server.RaftServer$Division (RaftServerImpl.java:installSnapshot(1340)) - 94c0b71e-ed47-4cac-b73a-77caea691f8c@group-5E66DA880090: reply installSnapshot: 2dc1c52f-fb9b-4367-bdf1-93ff3bf143d5<-94c0b71e-ed47-4cac-b73a-77caea691f8c#0:FAIL-t2,IN_PROGRESS
2021-10-04 02:05:01,082 [grpc-default-executor-1] INFO  server.GrpcServerProtocolService (GrpcServerProtocolService.java:onCompleted(140)) - 94c0b71e-ed47-4cac-b73a-77caea691f8c: Completed INSTALL_SNAPSHOT, lastRequest: 2dc1c52f-fb9b-4367-bdf1-93ff3bf143d5->94c0b71e-ed47-4cac-b73a-77caea691f8c#0-t2,notify:(t:2, i:1)
2021-10-04 02:05:01,087 [grpc-default-executor-2] INFO  leader.FollowerInfo (FollowerInfoImpl.java:lambda$new$0(46)) - 2dc1c52f-fb9b-4367-bdf1-93ff3bf143d5@group-5E66DA880090->94c0b71e-ed47-4cac-b73a-77caea691f8c: nextIndex: updateUnconditionally 0 -> 0
2021-10-04 02:05:01,087 [grpc-default-executor-2] INFO  server.GrpcLogAppender (GrpcLogAppender.java:onNext(400)) - 2dc1c52f-fb9b-4367-bdf1-93ff3bf143d5@group-5E66DA880090->94c0b71e-ed47-4cac-b73a-77caea691f8c-InstallSnapshotResponseHandler: received a reply 2dc1c52f-fb9b-4367-bdf1-93ff3bf143d5<-94c0b71e-ed47-4cac-b73a-77caea691f8c#0:FAIL-t2,IN_PROGRESS
2021-10-04 02:05:01,087 [grpc-default-executor-2] INFO  server.GrpcLogAppender (GrpcLogAppender.java:onNext(417)) - 2dc1c52f-fb9b-4367-bdf1-93ff3bf143d5@group-5E66DA880090->94c0b71e-ed47-4cac-b73a-77caea691f8c-InstallSnapshotResponseHandler: InstallSnapshot in progress.
2021-10-04 02:05:01,101 [2dc1c52f-fb9b-4367-bdf1-93ff3bf143d5@group-5E66DA880090->94c0b71e-ed47-4cac-b73a-77caea691f8c-GrpcLogAppender-LogAppenderDaemon] INFO  server.GrpcLogAppender (GrpcLogAppender.java:installSnapshot(524)) - 2dc1c52f-fb9b-4367-bdf1-93ff3bf143d5@group-5E66DA880090->94c0b71e-ed47-4cac-b73a-77caea691f8c-GrpcLogAppender: followerNextIndex = 0 but logStartIndex = 1, notify follower to install snapshot-(t:2, i:1)
2021-10-04 02:05:01,102 [2dc1c52f-fb9b-4367-bdf1-93ff3bf143d5@group-5E66DA880090->94c0b71e-ed47-4cac-b73a-77caea691f8c-GrpcLogAppender-LogAppenderDaemon] INFO  server.GrpcLogAppender (GrpcLogAppender.java:installSnapshot(532)) - 2dc1c52f-fb9b-4367-bdf1-93ff3bf143d5@group-5E66DA880090->94c0b71e-ed47-4cac-b73a-77caea691f8c-GrpcLogAppender: send 2dc1c52f-fb9b-4367-bdf1-93ff3bf143d5->94c0b71e-ed47-4cac-b73a-77caea691f8c#0-t2,notify:(t:2, i:1)
2021-10-04 02:05:01,102 [grpc-default-executor-2] INFO  server.RaftServer$Division (RaftServerImpl.java:checkInconsistentAppendEntries(1293)) - 94c0b71e-ed47-4cac-b73a-77caea691f8c@group-5E66DA880090: Failed appendEntries as snapshot ((t:2, i:1)) installation is in progress
2021-10-04 02:05:01,102 [grpc-default-executor-2] INFO  server.RaftServer$Division (RaftServerImpl.java:checkInconsistentAppendEntries(1285)) - 94c0b71e-ed47-4cac-b73a-77caea691f8c@group-5E66DA880090: inconsistency entries. Reply:2dc1c52f-fb9b-4367-bdf1-93ff3bf143d5<-94c0b71e-ed47-4cac-b73a-77caea691f8c#14:FAIL-t2,INCONSISTENCY,nextIndex=0,followerCommit=-1
2021-10-04 02:05:01,103 [grpc-default-executor-1] INFO  leader.FollowerInfo (FollowerInfoImpl.java:lambda$new$0(46)) - 2dc1c52f-fb9b-4367-bdf1-93ff3bf143d5@group-5E66DA880090->94c0b71e-ed47-4cac-b73a-77caea691f8c: nextIndex: updateUnconditionally 0 -> 0
2021-10-04 02:05:01,103 [grpc-default-executor-1] INFO  server.RaftServer$Division (RaftServerImpl.java:installSnapshot(1329)) - 94c0b71e-ed47-4cac-b73a-77caea691f8c@group-5E66DA880090: receive installSnapshot: 2dc1c52f-fb9b-4367-bdf1-93ff3bf143d5->94c0b71e-ed47-4cac-b73a-77caea691f8c#0-t2,notify:(t:2, i:1)
2021-10-04 02:05:01,103 [grpc-default-executor-1] INFO  server.RaftServer$Division (RaftServerImpl.java:notifyStateMachineToInstallSnapshot(1611)) - 94c0b71e-ed47-4cac-b73a-77caea691f8c@group-5E66DA880090: Snapshot Installation by StateMachine is in progress.
2021-10-04 02:05:01,103 [grpc-default-executor-1] INFO  server.RaftServer$Division (RaftServerImpl.java:installSnapshotImpl(1459)) - 94c0b71e-ed47-4cac-b73a-77caea691f8c@group-5E66DA880090: set new configuration index: 5
configurationEntry {
  peers {
    id: "2dc1c52f-fb9b-4367-bdf1-93ff3bf143d5"
    address: "localhost:12092"
  }
  peers {
    id: "d10ebfff-67c6-465e-b891-a6f4e9e1af69"
    address: "localhost:12102"
  }
}
 from snapshot
2021-10-04 02:05:01,104 [grpc-default-executor-1] INFO  server.RaftServer$Division (ServerState.java:setRaftConf(387)) - 94c0b71e-ed47-4cac-b73a-77caea691f8c@group-5E66DA880090: set configuration 5: [2dc1c52f-fb9b-4367-bdf1-93ff3bf143d5|rpc:localhost:12092|admin:|client:|dataStream:|priority:0, d10ebfff-67c6-465e-b891-a6f4e9e1af69|rpc:localhost:12102|admin:|client:|dataStream:|priority:0], old=null
2021-10-04 02:05:01,104 [grpc-default-executor-1] INFO  server.RaftServer$Division (RaftServerImpl.java:installSnapshot(1340)) - 94c0b71e-ed47-4cac-b73a-77caea691f8c@group-5E66DA880090: reply installSnapshot: 2dc1c52f-fb9b-4367-bdf1-93ff3bf143d5<-94c0b71e-ed47-4cac-b73a-77caea691f8c#0:FAIL-t2,IN_PROGRESS
2021-10-04 02:05:01,104 [grpc-default-executor-1] INFO  server.GrpcServerProtocolService (GrpcServerProtocolService.java:onCompleted(140)) - 94c0b71e-ed47-4cac-b73a-77caea691f8c: Completed INSTALL_SNAPSHOT, lastRequest: 2dc1c52f-fb9b-4367-bdf1-93ff3bf143d5->94c0b71e-ed47-4cac-b73a-77caea691f8c#0-t2,notify:(t:2, i:1)
2021-10-04 02:05:01,105 [grpc-default-executor-2] INFO  server.GrpcLogAppender (GrpcLogAppender.java:onNext(400)) - 2dc1c52f-fb9b-4367-bdf1-93ff3bf143d5@group-5E66DA880090->94c0b71e-ed47-4cac-b73a-77caea691f8c-InstallSnapshotResponseHandler: received a reply 2dc1c52f-fb9b-4367-bdf1-93ff3bf143d5<-94c0b71e-ed47-4cac-b73a-77caea691f8c#0:FAIL-t2,IN_PROGRESS
2021-10-04 02:05:01,105 [grpc-default-executor-2] INFO  server.GrpcLogAppender (GrpcLogAppender.java:onNext(417)) - 2dc1c52f-fb9b-4367-bdf1-93ff3bf143d5@group-5E66DA880090->94c0b71e-ed47-4cac-b73a-77caea691f8c-InstallSnapshotResponseHandler: InstallSnapshot in progress.
2021-10-04 02:05:01,107 [2dc1c52f-fb9b-4367-bdf1-93ff3bf143d5@group-5E66DA880090->94c0b71e-ed47-4cac-b73a-77caea691f8c-GrpcLogAppender-LogAppenderDaemon] INFO  server.GrpcLogAppender (GrpcLogAppender.java:installSnapshot(524)) - 2dc1c52f-fb9b-4367-bdf1-93ff3bf143d5@group-5E66DA880090->94c0b71e-ed47-4cac-b73a-77caea691f8c-GrpcLogAppender: followerNextIndex = 0 but logStartIndex = 1, notify follower to install snapshot-(t:2, i:1)
2021-10-04 02:05:01,107 [2dc1c52f-fb9b-4367-bdf1-93ff3bf143d5@group-5E66DA880090->94c0b71e-ed47-4cac-b73a-77caea691f8c-GrpcLogAppender-LogAppenderDaemon] INFO  server.GrpcLogAppender (GrpcLogAppender.java:installSnapshot(532)) - 2dc1c52f-fb9b-4367-bdf1-93ff3bf143d5@group-5E66DA880090->94c0b71e-ed47-4cac-b73a-77caea691f8c-GrpcLogAppender: send 2dc1c52f-fb9b-4367-bdf1-93ff3bf143d5->94c0b71e-ed47-4cac-b73a-77caea691f8c#0-t2,notify:(t:2, i:1)
2021-10-04 02:05:01,108 [grpc-default-executor-0] INFO  server.RaftServer$Division (RaftServerImpl.java:checkInconsistentAppendEntries(1293)) - 94c0b71e-ed47-4cac-b73a-77caea691f8c@group-5E66DA880090: Failed appendEntries as snapshot ((t:2, i:1)) installation is in progress
2021-10-04 02:05:01,108 [grpc-default-executor-0] INFO  server.RaftServer$Division (RaftServerImpl.java:checkInconsistentAppendEntries(1285)) - 94c0b71e-ed47-4cac-b73a-77caea691f8c@group-5E66DA880090: inconsistency entries. Reply:2dc1c52f-fb9b-4367-bdf1-93ff3bf143d5<-94c0b71e-ed47-4cac-b73a-77caea691f8c#15:FAIL-t2,INCONSISTENCY,nextIndex=0,followerCommit=-1
2021-10-04 02:05:01,108 [grpc-default-executor-0] INFO  leader.FollowerInfo (FollowerInfoImpl.java:lambda$new$0(46)) - 2dc1c52f-fb9b-4367-bdf1-93ff3bf143d5@group-5E66DA880090->94c0b71e-ed47-4cac-b73a-77caea691f8c: nextIndex: updateUnconditionally 0 -> 0
2021-10-04 02:05:01,110 [grpc-default-executor-1] INFO  server.RaftServer$Division (RaftServerImpl.java:installSnapshot(1329)) - 94c0b71e-ed47-4cac-b73a-77caea691f8c@group-5E66DA880090: receive installSnapshot: 2dc1c52f-fb9b-4367-bdf1-93ff3bf143d5->94c0b71e-ed47-4cac-b73a-77caea691f8c#0-t2,notify:(t:2, i:1)
2021-10-04 02:05:01,110 [grpc-default-executor-1] INFO  server.RaftServer$Division (RaftServerImpl.java:notifyStateMachineToInstallSnapshot(1611)) - 94c0b71e-ed47-4cac-b73a-77caea691f8c@group-5E66DA880090: Snapshot Installation by StateMachine is in progress.
2021-10-04 02:05:01,110 [grpc-default-executor-1] INFO  server.RaftServer$Division (RaftServerImpl.java:installSnapshotImpl(1459)) - 94c0b71e-ed47-4cac-b73a-77caea691f8c@group-5E66DA880090: set new configuration index: 5
configurationEntry {
  peers {
    id: "2dc1c52f-fb9b-4367-bdf1-93ff3bf143d5"
    address: "localhost:12092"
  }
  peers {
    id: "d10ebfff-67c6-465e-b891-a6f4e9e1af69"
    address: "localhost:12102"
  }
}
 from snapshot
2021-10-04 02:05:01,111 [grpc-default-executor-1] INFO  server.RaftServer$Division (ServerState.java:setRaftConf(387)) - 94c0b71e-ed47-4cac-b73a-77caea691f8c@group-5E66DA880090: set configuration 5: [2dc1c52f-fb9b-4367-bdf1-93ff3bf143d5|rpc:localhost:12092|admin:|client:|dataStream:|priority:0, d10ebfff-67c6-465e-b891-a6f4e9e1af69|rpc:localhost:12102|admin:|client:|dataStream:|priority:0], old=null
2021-10-04 02:05:01,111 [grpc-default-executor-1] INFO  server.RaftServer$Division (RaftServerImpl.java:installSnapshot(1340)) - 94c0b71e-ed47-4cac-b73a-77caea691f8c@group-5E66DA880090: reply installSnapshot: 2dc1c52f-fb9b-4367-bdf1-93ff3bf143d5<-94c0b71e-ed47-4cac-b73a-77caea691f8c#0:FAIL-t2,IN_PROGRESS
2021-10-04 02:05:01,114 [grpc-default-executor-2] INFO  server.GrpcLogAppender (GrpcLogAppender.java:onNext(400)) - 2dc1c52f-fb9b-4367-bdf1-93ff3bf143d5@group-5E66DA880090->94c0b71e-ed47-4cac-b73a-77caea691f8c-InstallSnapshotResponseHandler: received a reply 2dc1c52f-fb9b-4367-bdf1-93ff3bf143d5<-94c0b71e-ed47-4cac-b73a-77caea691f8c#0:FAIL-t2,IN_PROGRESS
2021-10-04 02:05:01,114 [grpc-default-executor-2] INFO  server.GrpcLogAppender (GrpcLogAppender.java:onNext(417)) - 2dc1c52f-fb9b-4367-bdf1-93ff3bf143d5@group-5E66DA880090->94c0b71e-ed47-4cac-b73a-77caea691f8c-InstallSnapshotResponseHandler: InstallSnapshot in progress.
2021-10-04 02:05:01,116 [grpc-default-executor-1] INFO  server.GrpcServerProtocolService (GrpcServerProtocolService.java:onCompleted(140)) - 94c0b71e-ed47-4cac-b73a-77caea691f8c: Completed INSTALL_SNAPSHOT, lastRequest: 2dc1c52f-fb9b-4367-bdf1-93ff3bf143d5->94c0b71e-ed47-4cac-b73a-77caea691f8c#0-t2,notify:(t:2, i:1)
2021-10-04 02:05:01,126 [2dc1c52f-fb9b-4367-bdf1-93ff3bf143d5@group-5E66DA880090->94c0b71e-ed47-4cac-b73a-77caea691f8c-GrpcLogAppender-LogAppenderDaemon] INFO  server.GrpcLogAppender (GrpcLogAppender.java:installSnapshot(524)) - 2dc1c52f-fb9b-4367-bdf1-93ff3bf143d5@group-5E66DA880090->94c0b71e-ed47-4cac-b73a-77caea691f8c-GrpcLogAppender: followerNextIndex = 0 but logStartIndex = 1, notify follower to install snapshot-(t:2, i:1)
2021-10-04 02:05:01,126 [2dc1c52f-fb9b-4367-bdf1-93ff3bf143d5@group-5E66DA880090->94c0b71e-ed47-4cac-b73a-77caea691f8c-GrpcLogAppender-LogAppenderDaemon] INFO  server.GrpcLogAppender (GrpcLogAppender.java:installSnapshot(532)) - 2dc1c52f-fb9b-4367-bdf1-93ff3bf143d5@group-5E66DA880090->94c0b71e-ed47-4cac-b73a-77caea691f8c-GrpcLogAppender: send 2dc1c52f-fb9b-4367-bdf1-93ff3bf143d5->94c0b71e-ed47-4cac-b73a-77caea691f8c#0-t2,notify:(t:2, i:1)
2021-10-04 02:05:01,127 [grpc-default-executor-0] INFO  server.RaftServer$Division (RaftServerImpl.java:checkInconsistentAppendEntries(1293)) - 94c0b71e-ed47-4cac-b73a-77caea691f8c@group-5E66DA880090: Failed appendEntries as snapshot ((t:2, i:1)) installation is in progress
2021-10-04 02:05:01,127 [grpc-default-executor-0] INFO  server.RaftServer$Division (RaftServerImpl.java:checkInconsistentAppendEntries(1285)) - 94c0b71e-ed47-4cac-b73a-77caea691f8c@group-5E66DA880090: inconsistency entries. Reply:2dc1c52f-fb9b-4367-bdf1-93ff3bf143d5<-94c0b71e-ed47-4cac-b73a-77caea691f8c#16:FAIL-t2,INCONSISTENCY,nextIndex=0,followerCommit=-1
2021-10-04 02:05:01,128 [grpc-default-executor-1] INFO  server.RaftServer$Division (RaftServerImpl.java:installSnapshot(1329)) - 94c0b71e-ed47-4cac-b73a-77caea691f8c@group-5E66DA880090: receive installSnapshot: 2dc1c52f-fb9b-4367-bdf1-93ff3bf143d5->94c0b71e-ed47-4cac-b73a-77caea691f8c#0-t2,notify:(t:2, i:1)
2021-10-04 02:05:01,128 [grpc-default-executor-1] INFO  server.RaftServer$Division (RaftServerImpl.java:notifyStateMachineToInstallSnapshot(1611)) - 94c0b71e-ed47-4cac-b73a-77caea691f8c@group-5E66DA880090: Snapshot Installation by StateMachine is in progress.
2021-10-04 02:05:01,128 [grpc-default-executor-1] INFO  server.RaftServer$Division (RaftServerImpl.java:installSnapshotImpl(1459)) - 94c0b71e-ed47-4cac-b73a-77caea691f8c@group-5E66DA880090: set new configuration index: 5
configurationEntry {
  peers {
    id: "2dc1c52f-fb9b-4367-bdf1-93ff3bf143d5"
    address: "localhost:12092"
  }
  peers {
    id: "d10ebfff-67c6-465e-b891-a6f4e9e1af69"
    address: "localhost:12102"
  }
}
 from snapshot
2021-10-04 02:05:01,128 [grpc-default-executor-1] INFO  server.RaftServer$Division (ServerState.java:setRaftConf(387)) - 94c0b71e-ed47-4cac-b73a-77caea691f8c@group-5E66DA880090: set configuration 5: [2dc1c52f-fb9b-4367-bdf1-93ff3bf143d5|rpc:localhost:12092|admin:|client:|dataStream:|priority:0, d10ebfff-67c6-465e-b891-a6f4e9e1af69|rpc:localhost:12102|admin:|client:|dataStream:|priority:0], old=null
2021-10-04 02:05:01,129 [grpc-default-executor-0] INFO  leader.FollowerInfo (FollowerInfoImpl.java:lambda$new$0(46)) - 2dc1c52f-fb9b-4367-bdf1-93ff3bf143d5@group-5E66DA880090->94c0b71e-ed47-4cac-b73a-77caea691f8c: nextIndex: updateUnconditionally 0 -> 0
2021-10-04 02:05:01,129 [grpc-default-executor-1] INFO  server.RaftServer$Division (RaftServerImpl.java:installSnapshot(1340)) - 94c0b71e-ed47-4cac-b73a-77caea691f8c@group-5E66DA880090: reply installSnapshot: 2dc1c52f-fb9b-4367-bdf1-93ff3bf143d5<-94c0b71e-ed47-4cac-b73a-77caea691f8c#0:FAIL-t2,IN_PROGRESS
2021-10-04 02:05:01,129 [grpc-default-executor-1] INFO  server.GrpcServerProtocolService (GrpcServerProtocolService.java:onCompleted(140)) - 94c0b71e-ed47-4cac-b73a-77caea691f8c: Completed INSTALL_SNAPSHOT, lastRequest: 2dc1c52f-fb9b-4367-bdf1-93ff3bf143d5->94c0b71e-ed47-4cac-b73a-77caea691f8c#0-t2,notify:(t:2, i:1)
2021-10-04 02:05:01,130 [grpc-default-executor-1] INFO  server.GrpcLogAppender (GrpcLogAppender.java:onNext(400)) - 2dc1c52f-fb9b-4367-bdf1-93ff3bf143d5@group-5E66DA880090->94c0b71e-ed47-4cac-b73a-77caea691f8c-InstallSnapshotResponseHandler: received a reply 2dc1c52f-fb9b-4367-bdf1-93ff3bf143d5<-94c0b71e-ed47-4cac-b73a-77caea691f8c#0:FAIL-t2,IN_PROGRESS
2021-10-04 02:05:01,130 [grpc-default-executor-1] INFO  server.GrpcLogAppender (GrpcLogAppender.java:onNext(417)) - 2dc1c52f-fb9b-4367-bdf1-93ff3bf143d5@group-5E66DA880090->94c0b71e-ed47-4cac-b73a-77caea691f8c-InstallSnapshotResponseHandler: InstallSnapshot in progress.
2021-10-04 02:05:01,132 [2dc1c52f-fb9b-4367-bdf1-93ff3bf143d5@group-5E66DA880090->94c0b71e-ed47-4cac-b73a-77caea691f8c-GrpcLogAppender-LogAppenderDaemon] INFO  server.GrpcLogAppender (GrpcLogAppender.java:installSnapshot(524)) - 2dc1c52f-fb9b-4367-bdf1-93ff3bf143d5@group-5E66DA880090->94c0b71e-ed47-4cac-b73a-77caea691f8c-GrpcLogAppender: followerNextIndex = 0 but logStartIndex = 1, notify follower to install snapshot-(t:2, i:1)
2021-10-04 02:05:01,132 [2dc1c52f-fb9b-4367-bdf1-93ff3bf143d5@group-5E66DA880090->94c0b71e-ed47-4cac-b73a-77caea691f8c-GrpcLogAppender-LogAppenderDaemon] INFO  server.GrpcLogAppender (GrpcLogAppender.java:installSnapshot(532)) - 2dc1c52f-fb9b-4367-bdf1-93ff3bf143d5@group-5E66DA880090->94c0b71e-ed47-4cac-b73a-77caea691f8c-GrpcLogAppender: send 2dc1c52f-fb9b-4367-bdf1-93ff3bf143d5->94c0b71e-ed47-4cac-b73a-77caea691f8c#0-t2,notify:(t:2, i:1)
2021-10-04 02:05:01,132 [grpc-default-executor-1] INFO  server.RaftServer$Division (RaftServerImpl.java:checkInconsistentAppendEntries(1293)) - 94c0b71e-ed47-4cac-b73a-77caea691f8c@group-5E66DA880090: Failed appendEntries as snapshot ((t:2, i:1)) installation is in progress
2021-10-04 02:05:01,133 [grpc-default-executor-1] INFO  server.RaftServer$Division (RaftServerImpl.java:checkInconsistentAppendEntries(1285)) - 94c0b71e-ed47-4cac-b73a-77caea691f8c@group-5E66DA880090: inconsistency entries. Reply:2dc1c52f-fb9b-4367-bdf1-93ff3bf143d5<-94c0b71e-ed47-4cac-b73a-77caea691f8c#17:FAIL-t2,INCONSISTENCY,nextIndex=0,followerCommit=-1
2021-10-04 02:05:01,133 [grpc-default-executor-0] INFO  server.RaftServer$Division (RaftServerImpl.java:installSnapshot(1329)) - 94c0b71e-ed47-4cac-b73a-77caea691f8c@group-5E66DA880090: receive installSnapshot: 2dc1c52f-fb9b-4367-bdf1-93ff3bf143d5->94c0b71e-ed47-4cac-b73a-77caea691f8c#0-t2,notify:(t:2, i:1)
2021-10-04 02:05:01,134 [grpc-default-executor-0] INFO  server.RaftServer$Division (RaftServerImpl.java:notifyStateMachineToInstallSnapshot(1611)) - 94c0b71e-ed47-4cac-b73a-77caea691f8c@group-5E66DA880090: Snapshot Installation by StateMachine is in progress.
2021-10-04 02:05:01,134 [grpc-default-executor-1] INFO  leader.FollowerInfo (FollowerInfoImpl.java:lambda$new$0(46)) - 2dc1c52f-fb9b-4367-bdf1-93ff3bf143d5@group-5E66DA880090->94c0b71e-ed47-4cac-b73a-77caea691f8c: nextIndex: updateUnconditionally 0 -> 0
2021-10-04 02:05:01,134 [grpc-default-executor-0] INFO  server.RaftServer$Division (RaftServerImpl.java:installSnapshotImpl(1459)) - 94c0b71e-ed47-4cac-b73a-77caea691f8c@group-5E66DA880090: set new configuration index: 5
configurationEntry {
  peers {
    id: "2dc1c52f-fb9b-4367-bdf1-93ff3bf143d5"
    address: "localhost:12092"
  }
  peers {
    id: "d10ebfff-67c6-465e-b891-a6f4e9e1af69"
    address: "localhost:12102"
  }
}
 from snapshot
2021-10-04 02:05:01,134 [grpc-default-executor-0] INFO  server.RaftServer$Division (ServerState.java:setRaftConf(387)) - 94c0b71e-ed47-4cac-b73a-77caea691f8c@group-5E66DA880090: set configuration 5: [2dc1c52f-fb9b-4367-bdf1-93ff3bf143d5|rpc:localhost:12092|admin:|client:|dataStream:|priority:0, d10ebfff-67c6-465e-b891-a6f4e9e1af69|rpc:localhost:12102|admin:|client:|dataStream:|priority:0], old=null
2021-10-04 02:05:01,135 [grpc-default-executor-0] INFO  server.RaftServer$Division (RaftServerImpl.java:installSnapshot(1340)) - 94c0b71e-ed47-4cac-b73a-77caea691f8c@group-5E66DA880090: reply installSnapshot: 2dc1c52f-fb9b-4367-bdf1-93ff3bf143d5<-94c0b71e-ed47-4cac-b73a-77caea691f8c#0:FAIL-t2,IN_PROGRESS
2021-10-04 02:05:01,135 [grpc-default-executor-0] INFO  server.GrpcServerProtocolService (GrpcServerProtocolService.java:onCompleted(140)) - 94c0b71e-ed47-4cac-b73a-77caea691f8c: Completed INSTALL_SNAPSHOT, lastRequest: 2dc1c52f-fb9b-4367-bdf1-93ff3bf143d5->94c0b71e-ed47-4cac-b73a-77caea691f8c#0-t2,notify:(t:2, i:1)
2021-10-04 02:05:01,135 [grpc-default-executor-1] INFO  server.GrpcLogAppender (GrpcLogAppender.java:onNext(400)) - 2dc1c52f-fb9b-4367-bdf1-93ff3bf143d5@group-5E66DA880090->94c0b71e-ed47-4cac-b73a-77caea691f8c-InstallSnapshotResponseHandler: received a reply 2dc1c52f-fb9b-4367-bdf1-93ff3bf143d5<-94c0b71e-ed47-4cac-b73a-77caea691f8c#0:FAIL-t2,IN_PROGRESS
2021-10-04 02:05:01,135 [grpc-default-executor-1] INFO  server.GrpcLogAppender (GrpcLogAppender.java:onNext(417)) - 2dc1c52f-fb9b-4367-bdf1-93ff3bf143d5@group-5E66DA880090->94c0b71e-ed47-4cac-b73a-77caea691f8c-InstallSnapshotResponseHandler: InstallSnapshot in progress.
2021-10-04 02:05:01,136 [2dc1c52f-fb9b-4367-bdf1-93ff3bf143d5@group-5E66DA880090->94c0b71e-ed47-4cac-b73a-77caea691f8c-GrpcLogAppender-LogAppenderDaemon] INFO  server.GrpcLogAppender (GrpcLogAppender.java:installSnapshot(524)) - 2dc1c52f-fb9b-4367-bdf1-93ff3bf143d5@group-5E66DA880090->94c0b71e-ed47-4cac-b73a-77caea691f8c-GrpcLogAppender: followerNextIndex = 0 but logStartIndex = 1, notify follower to install snapshot-(t:2, i:1)
2021-10-04 02:05:01,137 [2dc1c52f-fb9b-4367-bdf1-93ff3bf143d5@group-5E66DA880090->94c0b71e-ed47-4cac-b73a-77caea691f8c-GrpcLogAppender-LogAppenderDaemon] INFO  server.GrpcLogAppender (GrpcLogAppender.java:installSnapshot(532)) - 2dc1c52f-fb9b-4367-bdf1-93ff3bf143d5@group-5E66DA880090->94c0b71e-ed47-4cac-b73a-77caea691f8c-GrpcLogAppender: send 2dc1c52f-fb9b-4367-bdf1-93ff3bf143d5->94c0b71e-ed47-4cac-b73a-77caea691f8c#0-t2,notify:(t:2, i:1)
2021-10-04 02:05:01,137 [grpc-default-executor-1] INFO  server.RaftServer$Division (RaftServerImpl.java:checkInconsistentAppendEntries(1293)) - 94c0b71e-ed47-4cac-b73a-77caea691f8c@group-5E66DA880090: Failed appendEntries as snapshot ((t:2, i:1)) installation is in progress
2021-10-04 02:05:01,137 [grpc-default-executor-1] INFO  server.RaftServer$Division (RaftServerImpl.java:checkInconsistentAppendEntries(1285)) - 94c0b71e-ed47-4cac-b73a-77caea691f8c@group-5E66DA880090: inconsistency entries. Reply:2dc1c52f-fb9b-4367-bdf1-93ff3bf143d5<-94c0b71e-ed47-4cac-b73a-77caea691f8c#18:FAIL-t2,INCONSISTENCY,nextIndex=0,followerCommit=-1
2021-10-04 02:05:01,138 [grpc-default-executor-1] INFO  leader.FollowerInfo (FollowerInfoImpl.java:lambda$new$0(46)) - 2dc1c52f-fb9b-4367-bdf1-93ff3bf143d5@group-5E66DA880090->94c0b71e-ed47-4cac-b73a-77caea691f8c: nextIndex: updateUnconditionally 0 -> 0
2021-10-04 02:05:01,138 [grpc-default-executor-1] INFO  server.RaftServer$Division (RaftServerImpl.java:installSnapshot(1329)) - 94c0b71e-ed47-4cac-b73a-77caea691f8c@group-5E66DA880090: receive installSnapshot: 2dc1c52f-fb9b-4367-bdf1-93ff3bf143d5->94c0b71e-ed47-4cac-b73a-77caea691f8c#0-t2,notify:(t:2, i:1)
2021-10-04 02:05:01,138 [grpc-default-executor-1] INFO  server.RaftServer$Division (RaftServerImpl.java:notifyStateMachineToInstallSnapshot(1611)) - 94c0b71e-ed47-4cac-b73a-77caea691f8c@group-5E66DA880090: Snapshot Installation by StateMachine is in progress.
2021-10-04 02:05:01,138 [grpc-default-executor-1] INFO  server.RaftServer$Division (RaftServerImpl.java:installSnapshotImpl(1459)) - 94c0b71e-ed47-4cac-b73a-77caea691f8c@group-5E66DA880090: set new configuration index: 5
configurationEntry {
  peers {
    id: "2dc1c52f-fb9b-4367-bdf1-93ff3bf143d5"
    address: "localhost:12092"
  }
  peers {
    id: "d10ebfff-67c6-465e-b891-a6f4e9e1af69"
    address: "localhost:12102"
  }
}
 from snapshot
2021-10-04 02:05:01,139 [grpc-default-executor-1] INFO  server.RaftServer$Division (ServerState.java:setRaftConf(387)) - 94c0b71e-ed47-4cac-b73a-77caea691f8c@group-5E66DA880090: set configuration 5: [2dc1c52f-fb9b-4367-bdf1-93ff3bf143d5|rpc:localhost:12092|admin:|client:|dataStream:|priority:0, d10ebfff-67c6-465e-b891-a6f4e9e1af69|rpc:localhost:12102|admin:|client:|dataStream:|priority:0], old=null
2021-10-04 02:05:01,139 [grpc-default-executor-1] INFO  server.RaftServer$Division (RaftServerImpl.java:installSnapshot(1340)) - 94c0b71e-ed47-4cac-b73a-77caea691f8c@group-5E66DA880090: reply installSnapshot: 2dc1c52f-fb9b-4367-bdf1-93ff3bf143d5<-94c0b71e-ed47-4cac-b73a-77caea691f8c#0:FAIL-t2,IN_PROGRESS
2021-10-04 02:05:01,139 [grpc-default-executor-1] INFO  server.GrpcServerProtocolService (GrpcServerProtocolService.java:onCompleted(140)) - 94c0b71e-ed47-4cac-b73a-77caea691f8c: Completed INSTALL_SNAPSHOT, lastRequest: 2dc1c52f-fb9b-4367-bdf1-93ff3bf143d5->94c0b71e-ed47-4cac-b73a-77caea691f8c#0-t2,notify:(t:2, i:1)
2021-10-04 02:05:01,140 [grpc-default-executor-0] INFO  server.GrpcLogAppender (GrpcLogAppender.java:onNext(400)) - 2dc1c52f-fb9b-4367-bdf1-93ff3bf143d5@group-5E66DA880090->94c0b71e-ed47-4cac-b73a-77caea691f8c-InstallSnapshotResponseHandler: received a reply 2dc1c52f-fb9b-4367-bdf1-93ff3bf143d5<-94c0b71e-ed47-4cac-b73a-77caea691f8c#0:FAIL-t2,IN_PROGRESS
2021-10-04 02:05:01,140 [grpc-default-executor-0] INFO  server.GrpcLogAppender (GrpcLogAppender.java:onNext(417)) - 2dc1c52f-fb9b-4367-bdf1-93ff3bf143d5@group-5E66DA880090->94c0b71e-ed47-4cac-b73a-77caea691f8c-InstallSnapshotResponseHandler: InstallSnapshot in progress.
2021-10-04 02:05:01,151 [2dc1c52f-fb9b-4367-bdf1-93ff3bf143d5@group-5E66DA880090->94c0b71e-ed47-4cac-b73a-77caea691f8c-GrpcLogAppender-LogAppenderDaemon] INFO  server.GrpcLogAppender (GrpcLogAppender.java:installSnapshot(524)) - 2dc1c52f-fb9b-4367-bdf1-93ff3bf143d5@group-5E66DA880090->94c0b71e-ed47-4cac-b73a-77caea691f8c-GrpcLogAppender: followerNextIndex = 0 but logStartIndex = 1, notify follower to install snapshot-(t:2, i:1)
2021-10-04 02:05:01,151 [2dc1c52f-fb9b-4367-bdf1-93ff3bf143d5@group-5E66DA880090->94c0b71e-ed47-4cac-b73a-77caea691f8c-GrpcLogAppender-LogAppenderDaemon] INFO  server.GrpcLogAppender (GrpcLogAppender.java:installSnapshot(532)) - 2dc1c52f-fb9b-4367-bdf1-93ff3bf143d5@group-5E66DA880090->94c0b71e-ed47-4cac-b73a-77caea691f8c-GrpcLogAppender: send 2dc1c52f-fb9b-4367-bdf1-93ff3bf143d5->94c0b71e-ed47-4cac-b73a-77caea691f8c#0-t2,notify:(t:2, i:1)
2021-10-04 02:05:01,152 [grpc-default-executor-2] INFO  server.RaftServer$Division (RaftServerImpl.java:checkInconsistentAppendEntries(1293)) - 94c0b71e-ed47-4cac-b73a-77caea691f8c@group-5E66DA880090: Failed appendEntries as snapshot ((t:2, i:1)) installation is in progress
2021-10-04 02:05:01,152 [grpc-default-executor-2] INFO  server.RaftServer$Division (RaftServerImpl.java:checkInconsistentAppendEntries(1285)) - 94c0b71e-ed47-4cac-b73a-77caea691f8c@group-5E66DA880090: inconsistency entries. Reply:2dc1c52f-fb9b-4367-bdf1-93ff3bf143d5<-94c0b71e-ed47-4cac-b73a-77caea691f8c#19:FAIL-t2,INCONSISTENCY,nextIndex=0,followerCommit=-1
2021-10-04 02:05:01,152 [grpc-default-executor-0] INFO  server.RaftServer$Division (RaftServerImpl.java:installSnapshot(1329)) - 94c0b71e-ed47-4cac-b73a-77caea691f8c@group-5E66DA880090: receive installSnapshot: 2dc1c52f-fb9b-4367-bdf1-93ff3bf143d5->94c0b71e-ed47-4cac-b73a-77caea691f8c#0-t2,notify:(t:2, i:1)
2021-10-04 02:05:01,152 [grpc-default-executor-0] INFO  server.RaftServer$Division (RaftServerImpl.java:notifyStateMachineToInstallSnapshot(1611)) - 94c0b71e-ed47-4cac-b73a-77caea691f8c@group-5E66DA880090: Snapshot Installation by StateMachine is in progress.
2021-10-04 02:05:01,152 [grpc-default-executor-0] INFO  server.RaftServer$Division (RaftServerImpl.java:installSnapshotImpl(1459)) - 94c0b71e-ed47-4cac-b73a-77caea691f8c@group-5E66DA880090: set new configuration index: 5
configurationEntry {
  peers {
    id: "2dc1c52f-fb9b-4367-bdf1-93ff3bf143d5"
    address: "localhost:12092"
  }
  peers {
    id: "d10ebfff-67c6-465e-b891-a6f4e9e1af69"
    address: "localhost:12102"
  }
}
 from snapshot
2021-10-04 02:05:01,153 [grpc-default-executor-0] INFO  server.RaftServer$Division (ServerState.java:setRaftConf(387)) - 94c0b71e-ed47-4cac-b73a-77caea691f8c@group-5E66DA880090: set configuration 5: [2dc1c52f-fb9b-4367-bdf1-93ff3bf143d5|rpc:localhost:12092|admin:|client:|dataStream:|priority:0, d10ebfff-67c6-465e-b891-a6f4e9e1af69|rpc:localhost:12102|admin:|client:|dataStream:|priority:0], old=null
2021-10-04 02:05:01,153 [grpc-default-executor-0] INFO  server.RaftServer$Division (RaftServerImpl.java:installSnapshot(1340)) - 94c0b71e-ed47-4cac-b73a-77caea691f8c@group-5E66DA880090: reply installSnapshot: 2dc1c52f-fb9b-4367-bdf1-93ff3bf143d5<-94c0b71e-ed47-4cac-b73a-77caea691f8c#0:FAIL-t2,IN_PROGRESS
2021-10-04 02:05:01,153 [grpc-default-executor-0] INFO  server.GrpcServerProtocolService (GrpcServerProtocolService.java:onCompleted(140)) - 94c0b71e-ed47-4cac-b73a-77caea691f8c: Completed INSTALL_SNAPSHOT, lastRequest: 2dc1c52f-fb9b-4367-bdf1-93ff3bf143d5->94c0b71e-ed47-4cac-b73a-77caea691f8c#0-t2,notify:(t:2, i:1)
2021-10-04 02:05:01,154 [grpc-default-executor-0] INFO  leader.FollowerInfo (FollowerInfoImpl.java:lambda$new$0(46)) - 2dc1c52f-fb9b-4367-bdf1-93ff3bf143d5@group-5E66DA880090->94c0b71e-ed47-4cac-b73a-77caea691f8c: nextIndex: updateUnconditionally 0 -> 0
2021-10-04 02:05:01,154 [grpc-default-executor-1] INFO  server.GrpcLogAppender (GrpcLogAppender.java:onNext(400)) - 2dc1c52f-fb9b-4367-bdf1-93ff3bf143d5@group-5E66DA880090->94c0b71e-ed47-4cac-b73a-77caea691f8c-InstallSnapshotResponseHandler: received a reply 2dc1c52f-fb9b-4367-bdf1-93ff3bf143d5<-94c0b71e-ed47-4cac-b73a-77caea691f8c#0:FAIL-t2,IN_PROGRESS
2021-10-04 02:05:01,154 [grpc-default-executor-1] INFO  server.GrpcLogAppender (GrpcLogAppender.java:onNext(417)) - 2dc1c52f-fb9b-4367-bdf1-93ff3bf143d5@group-5E66DA880090->94c0b71e-ed47-4cac-b73a-77caea691f8c-InstallSnapshotResponseHandler: InstallSnapshot in progress.
2021-10-04 02:05:01,174 [2dc1c52f-fb9b-4367-bdf1-93ff3bf143d5@group-5E66DA880090->94c0b71e-ed47-4cac-b73a-77caea691f8c-GrpcLogAppender-LogAppenderDaemon] INFO  server.GrpcLogAppender (GrpcLogAppender.java:installSnapshot(524)) - 2dc1c52f-fb9b-4367-bdf1-93ff3bf143d5@group-5E66DA880090->94c0b71e-ed47-4cac-b73a-77caea691f8c-GrpcLogAppender: followerNextIndex = 0 but logStartIndex = 1, notify follower to install snapshot-(t:2, i:1)
2021-10-04 02:05:01,175 [pool-228-thread-1] INFO  ha.SCMHAManagerImpl (SCMHAManagerImpl.java:verifyCheckpointFromLeader(172)) - Installing checkpoint with SCMTransactionInfo 2#24
2021-10-04 02:05:01,175 [2dc1c52f-fb9b-4367-bdf1-93ff3bf143d5@group-5E66DA880090->94c0b71e-ed47-4cac-b73a-77caea691f8c-GrpcLogAppender-LogAppenderDaemon] INFO  server.GrpcLogAppender (GrpcLogAppender.java:installSnapshot(532)) - 2dc1c52f-fb9b-4367-bdf1-93ff3bf143d5@group-5E66DA880090->94c0b71e-ed47-4cac-b73a-77caea691f8c-GrpcLogAppender: send 2dc1c52f-fb9b-4367-bdf1-93ff3bf143d5->94c0b71e-ed47-4cac-b73a-77caea691f8c#0-t2,notify:(t:2, i:1)
2021-10-04 02:05:01,175 [pool-228-thread-1] INFO  server.RaftServer$Division (RaftServerImpl.java:lambda$notifyStateMachineToInstallSnapshot$30(1594)) - 94c0b71e-ed47-4cac-b73a-77caea691f8c@group-5E66DA880090: StateMachine successfully installed snapshot index 24. Reloading the StateMachine.
2021-10-04 02:05:01,175 [pool-228-thread-1] INFO  segmented.SegmentedRaftLogWorker (SegmentedRaftLogWorker.java:lambda$new$0(133)) - 94c0b71e-ed47-4cac-b73a-77caea691f8c@group-5E66DA880090-SegmentedRaftLogWorker: flushIndex: setUnconditionally -1 -> 24
2021-10-04 02:05:01,175 [pool-228-thread-1] INFO  segmented.SegmentedRaftLogWorker (SegmentedRaftLogWorker.java:lambda$new$0(133)) - 94c0b71e-ed47-4cac-b73a-77caea691f8c@group-5E66DA880090-SegmentedRaftLogWorker: safeCacheEvictIndex: setUnconditionally -1 -> 24
2021-10-04 02:05:01,175 [pool-228-thread-1] INFO  raftlog.RaftLog (RaftLogBase.java:lambda$new$0(53)) - 94c0b71e-ed47-4cac-b73a-77caea691f8c@group-5E66DA880090-SegmentedRaftLog: snapshotIndex: updateIncreasingly -1 -> 24
2021-10-04 02:05:01,176 [grpc-default-executor-1] INFO  server.RaftServer$Division (RaftServerImpl.java:installSnapshot(1329)) - 94c0b71e-ed47-4cac-b73a-77caea691f8c@group-5E66DA880090: receive installSnapshot: 2dc1c52f-fb9b-4367-bdf1-93ff3bf143d5->94c0b71e-ed47-4cac-b73a-77caea691f8c#0-t2,notify:(t:2, i:1)
2021-10-04 02:05:01,177 [grpc-default-executor-1] INFO  server.RaftServer$Division (RaftServerImpl.java:notifyStateMachineToInstallSnapshot(1560)) - 94c0b71e-ed47-4cac-b73a-77caea691f8c@group-5E66DA880090: StateMachine snapshotIndex is 24
2021-10-04 02:05:01,177 [grpc-default-executor-1] INFO  server.RaftServer$Division (RaftServerImpl.java:installSnapshotImpl(1459)) - 94c0b71e-ed47-4cac-b73a-77caea691f8c@group-5E66DA880090: set new configuration index: 5
configurationEntry {
  peers {
    id: "2dc1c52f-fb9b-4367-bdf1-93ff3bf143d5"
    address: "localhost:12092"
  }
  peers {
    id: "d10ebfff-67c6-465e-b891-a6f4e9e1af69"
    address: "localhost:12102"
  }
}
 from snapshot
2021-10-04 02:05:01,177 [grpc-default-executor-1] INFO  server.RaftServer$Division (ServerState.java:setRaftConf(387)) - 94c0b71e-ed47-4cac-b73a-77caea691f8c@group-5E66DA880090: set configuration 5: [2dc1c52f-fb9b-4367-bdf1-93ff3bf143d5|rpc:localhost:12092|admin:|client:|dataStream:|priority:0, d10ebfff-67c6-465e-b891-a6f4e9e1af69|rpc:localhost:12102|admin:|client:|dataStream:|priority:0], old=null
2021-10-04 02:05:01,177 [grpc-default-executor-1] INFO  server.RaftServer$Division (RaftServerImpl.java:installSnapshot(1340)) - 94c0b71e-ed47-4cac-b73a-77caea691f8c@group-5E66DA880090: reply installSnapshot: 2dc1c52f-fb9b-4367-bdf1-93ff3bf143d5<-94c0b71e-ed47-4cac-b73a-77caea691f8c#0:FAIL-t2,ALREADY_INSTALLED,snapshotIndex=24
2021-10-04 02:05:01,177 [grpc-default-executor-1] INFO  server.GrpcServerProtocolService (GrpcServerProtocolService.java:onCompleted(140)) - 94c0b71e-ed47-4cac-b73a-77caea691f8c: Completed INSTALL_SNAPSHOT, lastRequest: 2dc1c52f-fb9b-4367-bdf1-93ff3bf143d5->94c0b71e-ed47-4cac-b73a-77caea691f8c#0-t2,notify:(t:2, i:1)
2021-10-04 02:05:01,178 [grpc-default-executor-0] INFO  server.GrpcLogAppender (GrpcLogAppender.java:onNext(400)) - 2dc1c52f-fb9b-4367-bdf1-93ff3bf143d5@group-5E66DA880090->94c0b71e-ed47-4cac-b73a-77caea691f8c-InstallSnapshotResponseHandler: received a reply 2dc1c52f-fb9b-4367-bdf1-93ff3bf143d5<-94c0b71e-ed47-4cac-b73a-77caea691f8c#0:FAIL-t2,ALREADY_INSTALLED,snapshotIndex=24
2021-10-04 02:05:01,178 [grpc-default-executor-0] INFO  server.GrpcLogAppender (GrpcLogAppender.java:onNext(422)) - 2dc1c52f-fb9b-4367-bdf1-93ff3bf143d5@group-5E66DA880090->94c0b71e-ed47-4cac-b73a-77caea691f8c-InstallSnapshotResponseHandler: Already Installed Snapshot Index 24.
2021-10-04 02:05:01,178 [grpc-default-executor-0] INFO  leader.FollowerInfo (FollowerInfoImpl.java:lambda$new$0(46)) - 2dc1c52f-fb9b-4367-bdf1-93ff3bf143d5@group-5E66DA880090->94c0b71e-ed47-4cac-b73a-77caea691f8c: snapshotIndex: setUnconditionally 0 -> 24
2021-10-04 02:05:01,178 [grpc-default-executor-0] INFO  leader.FollowerInfo (FollowerInfoImpl.java:lambda$new$0(46)) - 2dc1c52f-fb9b-4367-bdf1-93ff3bf143d5@group-5E66DA880090->94c0b71e-ed47-4cac-b73a-77caea691f8c: matchIndex: setUnconditionally 0 -> 24
2021-10-04 02:05:01,178 [grpc-default-executor-0] INFO  leader.FollowerInfo (FollowerInfoImpl.java:lambda$new$0(46)) - 2dc1c52f-fb9b-4367-bdf1-93ff3bf143d5@group-5E66DA880090->94c0b71e-ed47-4cac-b73a-77caea691f8c: nextIndex: setUnconditionally 0 -> 25
2021-10-04 02:05:01,178 [grpc-default-executor-0] INFO  leader.FollowerInfo (FollowerInfoImpl.java:lambda$new$0(46)) - 2dc1c52f-fb9b-4367-bdf1-93ff3bf143d5@group-5E66DA880090->94c0b71e-ed47-4cac-b73a-77caea691f8c: nextIndex: updateToMax old=25, new=25, updated? false
2021-10-04 02:05:01,232 [94c0b71e-ed47-4cac-b73a-77caea691f8c@group-5E66DA880090-StateMachineUpdater] INFO  ha.SCMHAManagerImpl (SCMHAManagerImpl.java:installCheckpoint(227)) - Installing checkpoint with SCMTransactionInfo 2#24
2021-10-04 02:05:01,233 [94c0b71e-ed47-4cac-b73a-77caea691f8c@group-5E66DA880090-StateMachineUpdater] INFO  ha.SCMHAManagerImpl (SCMHAManagerImpl.java:installCheckpoint(266)) - Replaced DB with checkpoint, term: 2, index: 24
2021-10-04 02:05:01,242 [94c0b71e-ed47-4cac-b73a-77caea691f8c@group-5E66DA880090-StateMachineUpdater] WARN  utils.HAUtils (HAUtils.java:getMetaDir(342)) - ozone.scm.db.dirs is not configured. We recommend adding this setting. Falling back to ozone.metadata.dirs instead.
2021-10-04 02:05:01,243 [94c0b71e-ed47-4cac-b73a-77caea691f8c@group-5E66DA880090-StateMachineUpdater] WARN  db.DBStoreBuilder (DBStoreBuilder.java:applyDBDefinition(145)) - ozone.scm.db.dirs is not configured. We recommend adding this setting. Falling back to ozone.metadata.dirs instead.
2021-10-04 02:05:01,335 [94c0b71e-ed47-4cac-b73a-77caea691f8c@group-5E66DA880090-StateMachineUpdater] INFO  ha.SequenceIdGenerator (SequenceIdGenerator.java:reinitialize(166)) - reinitialize SequenceIdGenerator.
2021-10-04 02:05:01,343 [94c0b71e-ed47-4cac-b73a-77caea691f8c@group-5E66DA880090-StateMachineUpdater] INFO  ha.SCMHAManagerImpl (SCMHAManagerImpl.java:installCheckpoint(277)) - Reloaded SCM state with Term: 2 and Index: 24
2021-10-04 02:05:01,343 [94c0b71e-ed47-4cac-b73a-77caea691f8c@group-5E66DA880090-StateMachineUpdater] INFO  impl.StateMachineUpdater (StateMachineUpdater.java:lambda$new$0(89)) - 94c0b71e-ed47-4cac-b73a-77caea691f8c@group-5E66DA880090-StateMachineUpdater: snapshotIndex: setUnconditionally -1 -> 24
2021-10-04 02:05:01,344 [94c0b71e-ed47-4cac-b73a-77caea691f8c@group-5E66DA880090-StateMachineUpdater] INFO  impl.StateMachineUpdater (StateMachineUpdater.java:lambda$new$0(89)) - 94c0b71e-ed47-4cac-b73a-77caea691f8c@group-5E66DA880090-StateMachineUpdater: appliedIndex: setUnconditionally -1 -> 24
2021-10-04 02:05:01,425 [EndpointStateMachine task thread for /127.0.0.1:14511 - 0 ] INFO  ipc.Client (Client.java:handleConnectionFailure(977)) - Retrying connect to server: localhost/127.0.0.1:14511. Already tried 4 time(s); retry policy is RetryUpToMaximumCountWithFixedSleep(maxRetries=15, sleepTime=1000 MILLISECONDS)
2021-10-04 02:05:01,520 [Datanode State Machine Thread - 0] ERROR datanode.RunningDatanodeState (RunningDatanodeState.java:computeNextContainerState(199)) - Error in executing end point task.
java.util.concurrent.ExecutionException: java.util.concurrent.TimeoutException
	at java.util.concurrent.FutureTask.report(FutureTask.java:122)
	at java.util.concurrent.FutureTask.get(FutureTask.java:192)
	at org.apache.hadoop.ozone.container.common.states.datanode.RunningDatanodeState.computeNextContainerState(RunningDatanodeState.java:191)
	at org.apache.hadoop.ozone.container.common.states.datanode.RunningDatanodeState.await(RunningDatanodeState.java:231)
	at org.apache.hadoop.ozone.container.common.states.datanode.RunningDatanodeState.await(RunningDatanodeState.java:50)
	at org.apache.hadoop.ozone.container.common.statemachine.StateContext.execute(StateContext.java:629)
	at org.apache.hadoop.ozone.container.common.statemachine.DatanodeStateMachine.start(DatanodeStateMachine.java:270)
	at org.apache.hadoop.ozone.container.common.statemachine.DatanodeStateMachine.lambda$startDaemon$0(DatanodeStateMachine.java:457)
	at java.lang.Thread.run(Thread.java:748)
Caused by: java.util.concurrent.TimeoutException
	at java.util.concurrent.FutureTask.get(FutureTask.java:205)
	at org.apache.hadoop.ozone.container.common.states.datanode.RunningDatanodeState.lambda$execute$0(RunningDatanodeState.java:149)
	at java.util.concurrent.FutureTask.run(FutureTask.java:266)
	at java.util.concurrent.Executors$RunnableAdapter.call(Executors.java:511)
	at java.util.concurrent.FutureTask.run(FutureTask.java:266)
	at java.util.concurrent.ThreadPoolExecutor.runWorker(ThreadPoolExecutor.java:1149)
	at java.util.concurrent.ThreadPoolExecutor$Worker.run(ThreadPoolExecutor.java:624)
	... 1 more
2021-10-04 02:05:01,582 [EndpointStateMachine task thread for /127.0.0.1:14521 - 0 ] INFO  ipc.Client (Client.java:handleConnectionFailure(977)) - Retrying connect to server: localhost/127.0.0.1:14521. Already tried 2 time(s); retry policy is RetryUpToMaximumCountWithFixedSleep(maxRetries=15, sleepTime=1000 MILLISECONDS)
2021-10-04 02:05:01,584 [EndpointStateMachine task thread for /127.0.0.1:14501 - 0 ] INFO  ipc.Client (Client.java:handleConnectionFailure(977)) - Retrying connect to server: localhost/127.0.0.1:14501. Already tried 4 time(s); retry policy is RetryUpToMaximumCountWithFixedSleep(maxRetries=15, sleepTime=1000 MILLISECONDS)
2021-10-04 02:05:02,321 [Datanode State Machine Thread - 0] ERROR datanode.RunningDatanodeState (RunningDatanodeState.java:computeNextContainerState(199)) - Error in executing end point task.
java.util.concurrent.ExecutionException: java.util.concurrent.TimeoutException
	at java.util.concurrent.FutureTask.report(FutureTask.java:122)
	at java.util.concurrent.FutureTask.get(FutureTask.java:192)
	at org.apache.hadoop.ozone.container.common.states.datanode.RunningDatanodeState.computeNextContainerState(RunningDatanodeState.java:191)
	at org.apache.hadoop.ozone.container.common.states.datanode.RunningDatanodeState.await(RunningDatanodeState.java:231)
	at org.apache.hadoop.ozone.container.common.states.datanode.RunningDatanodeState.await(RunningDatanodeState.java:50)
	at org.apache.hadoop.ozone.container.common.statemachine.StateContext.execute(StateContext.java:629)
	at org.apache.hadoop.ozone.container.common.statemachine.DatanodeStateMachine.start(DatanodeStateMachine.java:270)
	at org.apache.hadoop.ozone.container.common.statemachine.DatanodeStateMachine.lambda$startDaemon$0(DatanodeStateMachine.java:457)
	at java.lang.Thread.run(Thread.java:748)
Caused by: java.util.concurrent.TimeoutException
	at java.util.concurrent.FutureTask.get(FutureTask.java:205)
	at org.apache.hadoop.ozone.container.common.states.datanode.RunningDatanodeState.lambda$execute$0(RunningDatanodeState.java:149)
	at java.util.concurrent.FutureTask.run(FutureTask.java:266)
	at java.util.concurrent.Executors$RunnableAdapter.call(Executors.java:511)
	at java.util.concurrent.FutureTask.run(FutureTask.java:266)
	at java.util.concurrent.ThreadPoolExecutor.runWorker(ThreadPoolExecutor.java:1149)
	at java.util.concurrent.ThreadPoolExecutor$Worker.run(ThreadPoolExecutor.java:624)
	... 1 more
2021-10-04 02:05:02,430 [EndpointStateMachine task thread for /127.0.0.1:14511 - 0 ] INFO  ipc.Client (Client.java:handleConnectionFailure(977)) - Retrying connect to server: localhost/127.0.0.1:14511. Already tried 5 time(s); retry policy is RetryUpToMaximumCountWithFixedSleep(maxRetries=15, sleepTime=1000 MILLISECONDS)
2021-10-04 02:05:02,528 [Datanode State Machine Thread - 0] ERROR datanode.RunningDatanodeState (RunningDatanodeState.java:computeNextContainerState(199)) - Error in executing end point task.
java.util.concurrent.ExecutionException: java.util.concurrent.TimeoutException
	at java.util.concurrent.FutureTask.report(FutureTask.java:122)
	at java.util.concurrent.FutureTask.get(FutureTask.java:192)
	at org.apache.hadoop.ozone.container.common.states.datanode.RunningDatanodeState.computeNextContainerState(RunningDatanodeState.java:191)
	at org.apache.hadoop.ozone.container.common.states.datanode.RunningDatanodeState.await(RunningDatanodeState.java:231)
	at org.apache.hadoop.ozone.container.common.states.datanode.RunningDatanodeState.await(RunningDatanodeState.java:50)
	at org.apache.hadoop.ozone.container.common.statemachine.StateContext.execute(StateContext.java:629)
	at org.apache.hadoop.ozone.container.common.statemachine.DatanodeStateMachine.start(DatanodeStateMachine.java:270)
	at org.apache.hadoop.ozone.container.common.statemachine.DatanodeStateMachine.lambda$startDaemon$0(DatanodeStateMachine.java:457)
	at java.lang.Thread.run(Thread.java:748)
Caused by: java.util.concurrent.TimeoutException
	at java.util.concurrent.FutureTask.get(FutureTask.java:205)
	at org.apache.hadoop.ozone.container.common.states.datanode.RunningDatanodeState.lambda$execute$0(RunningDatanodeState.java:149)
	at java.util.concurrent.FutureTask.run(FutureTask.java:266)
	at java.util.concurrent.Executors$RunnableAdapter.call(Executors.java:511)
	at java.util.concurrent.FutureTask.run(FutureTask.java:266)
	at java.util.concurrent.ThreadPoolExecutor.runWorker(ThreadPoolExecutor.java:1149)
	at java.util.concurrent.ThreadPoolExecutor$Worker.run(ThreadPoolExecutor.java:624)
	... 1 more
2021-10-04 02:05:02,583 [EndpointStateMachine task thread for /127.0.0.1:14521 - 0 ] INFO  ipc.Client (Client.java:handleConnectionFailure(977)) - Retrying connect to server: localhost/127.0.0.1:14521. Already tried 3 time(s); retry policy is RetryUpToMaximumCountWithFixedSleep(maxRetries=15, sleepTime=1000 MILLISECONDS)
2021-10-04 02:05:02,585 [EndpointStateMachine task thread for /127.0.0.1:14501 - 0 ] INFO  ipc.Client (Client.java:handleConnectionFailure(977)) - Retrying connect to server: localhost/127.0.0.1:14501. Already tried 5 time(s); retry policy is RetryUpToMaximumCountWithFixedSleep(maxRetries=15, sleepTime=1000 MILLISECONDS)
2021-10-04 02:05:03,323 [Datanode State Machine Thread - 0] ERROR datanode.RunningDatanodeState (RunningDatanodeState.java:computeNextContainerState(199)) - Error in executing end point task.
java.util.concurrent.ExecutionException: java.util.concurrent.TimeoutException
	at java.util.concurrent.FutureTask.report(FutureTask.java:122)
	at java.util.concurrent.FutureTask.get(FutureTask.java:192)
	at org.apache.hadoop.ozone.container.common.states.datanode.RunningDatanodeState.computeNextContainerState(RunningDatanodeState.java:191)
	at org.apache.hadoop.ozone.container.common.states.datanode.RunningDatanodeState.await(RunningDatanodeState.java:231)
	at org.apache.hadoop.ozone.container.common.states.datanode.RunningDatanodeState.await(RunningDatanodeState.java:50)
	at org.apache.hadoop.ozone.container.common.statemachine.StateContext.execute(StateContext.java:629)
	at org.apache.hadoop.ozone.container.common.statemachine.DatanodeStateMachine.start(DatanodeStateMachine.java:270)
	at org.apache.hadoop.ozone.container.common.statemachine.DatanodeStateMachine.lambda$startDaemon$0(DatanodeStateMachine.java:457)
	at java.lang.Thread.run(Thread.java:748)
Caused by: java.util.concurrent.TimeoutException
	at java.util.concurrent.FutureTask.get(FutureTask.java:205)
	at org.apache.hadoop.ozone.container.common.states.datanode.RunningDatanodeState.lambda$execute$0(RunningDatanodeState.java:149)
	at java.util.concurrent.FutureTask.run(FutureTask.java:266)
	at java.util.concurrent.Executors$RunnableAdapter.call(Executors.java:511)
	at java.util.concurrent.FutureTask.run(FutureTask.java:266)
	at java.util.concurrent.ThreadPoolExecutor.runWorker(ThreadPoolExecutor.java:1149)
	at java.util.concurrent.ThreadPoolExecutor$Worker.run(ThreadPoolExecutor.java:624)
	... 1 more
2021-10-04 02:05:03,430 [EndpointStateMachine task thread for /127.0.0.1:14511 - 0 ] INFO  ipc.Client (Client.java:handleConnectionFailure(977)) - Retrying connect to server: localhost/127.0.0.1:14511. Already tried 6 time(s); retry policy is RetryUpToMaximumCountWithFixedSleep(maxRetries=15, sleepTime=1000 MILLISECONDS)
2021-10-04 02:05:03,453 [Datanode State Machine Thread - 0] ERROR datanode.RunningDatanodeState (RunningDatanodeState.java:computeNextContainerState(199)) - Error in executing end point task.
java.util.concurrent.ExecutionException: java.util.concurrent.TimeoutException
	at java.util.concurrent.FutureTask.report(FutureTask.java:122)
	at java.util.concurrent.FutureTask.get(FutureTask.java:192)
	at org.apache.hadoop.ozone.container.common.states.datanode.RunningDatanodeState.computeNextContainerState(RunningDatanodeState.java:191)
	at org.apache.hadoop.ozone.container.common.states.datanode.RunningDatanodeState.await(RunningDatanodeState.java:231)
	at org.apache.hadoop.ozone.container.common.states.datanode.RunningDatanodeState.await(RunningDatanodeState.java:50)
	at org.apache.hadoop.ozone.container.common.statemachine.StateContext.execute(StateContext.java:629)
	at org.apache.hadoop.ozone.container.common.statemachine.DatanodeStateMachine.start(DatanodeStateMachine.java:270)
	at org.apache.hadoop.ozone.container.common.statemachine.DatanodeStateMachine.lambda$startDaemon$0(DatanodeStateMachine.java:457)
	at java.lang.Thread.run(Thread.java:748)
Caused by: java.util.concurrent.TimeoutException
	at java.util.concurrent.FutureTask.get(FutureTask.java:205)
	at org.apache.hadoop.ozone.container.common.states.datanode.RunningDatanodeState.lambda$execute$0(RunningDatanodeState.java:149)
	at java.util.concurrent.FutureTask.run(FutureTask.java:266)
	at java.util.concurrent.Executors$RunnableAdapter.call(Executors.java:511)
	at java.util.concurrent.FutureTask.run(FutureTask.java:266)
	at java.util.concurrent.ThreadPoolExecutor.runWorker(ThreadPoolExecutor.java:1149)
	at java.util.concurrent.ThreadPoolExecutor$Worker.run(ThreadPoolExecutor.java:624)
	... 1 more
2021-10-04 02:05:03,530 [Datanode State Machine Thread - 0] ERROR datanode.RunningDatanodeState (RunningDatanodeState.java:computeNextContainerState(199)) - Error in executing end point task.
java.util.concurrent.ExecutionException: java.util.concurrent.TimeoutException
	at java.util.concurrent.FutureTask.report(FutureTask.java:122)
	at java.util.concurrent.FutureTask.get(FutureTask.java:192)
	at org.apache.hadoop.ozone.container.common.states.datanode.RunningDatanodeState.computeNextContainerState(RunningDatanodeState.java:191)
	at org.apache.hadoop.ozone.container.common.states.datanode.RunningDatanodeState.await(RunningDatanodeState.java:231)
	at org.apache.hadoop.ozone.container.common.states.datanode.RunningDatanodeState.await(RunningDatanodeState.java:50)
	at org.apache.hadoop.ozone.container.common.statemachine.StateContext.execute(StateContext.java:629)
	at org.apache.hadoop.ozone.container.common.statemachine.DatanodeStateMachine.start(DatanodeStateMachine.java:270)
	at org.apache.hadoop.ozone.container.common.statemachine.DatanodeStateMachine.lambda$startDaemon$0(DatanodeStateMachine.java:457)
	at java.lang.Thread.run(Thread.java:748)
Caused by: java.util.concurrent.TimeoutException
	at java.util.concurrent.FutureTask.get(FutureTask.java:205)
	at org.apache.hadoop.ozone.container.common.states.datanode.RunningDatanodeState.lambda$execute$0(RunningDatanodeState.java:149)
	at java.util.concurrent.FutureTask.run(FutureTask.java:266)
	at java.util.concurrent.Executors$RunnableAdapter.call(Executors.java:511)
	at java.util.concurrent.FutureTask.run(FutureTask.java:266)
	at java.util.concurrent.ThreadPoolExecutor.runWorker(ThreadPoolExecutor.java:1149)
	at java.util.concurrent.ThreadPoolExecutor$Worker.run(ThreadPoolExecutor.java:624)
	... 1 more
2021-10-04 02:05:03,583 [EndpointStateMachine task thread for /127.0.0.1:14521 - 0 ] INFO  ipc.Client (Client.java:handleConnectionFailure(977)) - Retrying connect to server: localhost/127.0.0.1:14521. Already tried 4 time(s); retry policy is RetryUpToMaximumCountWithFixedSleep(maxRetries=15, sleepTime=1000 MILLISECONDS)
2021-10-04 02:05:03,585 [EndpointStateMachine task thread for /127.0.0.1:14501 - 0 ] INFO  ipc.Client (Client.java:handleConnectionFailure(977)) - Retrying connect to server: localhost/127.0.0.1:14501. Already tried 6 time(s); retry policy is RetryUpToMaximumCountWithFixedSleep(maxRetries=15, sleepTime=1000 MILLISECONDS)
2021-10-04 02:05:04,431 [EndpointStateMachine task thread for /127.0.0.1:14511 - 0 ] INFO  ipc.Client (Client.java:handleConnectionFailure(977)) - Retrying connect to server: localhost/127.0.0.1:14511. Already tried 7 time(s); retry policy is RetryUpToMaximumCountWithFixedSleep(maxRetries=15, sleepTime=1000 MILLISECONDS)
2021-10-04 02:05:04,584 [EndpointStateMachine task thread for /127.0.0.1:14521 - 0 ] INFO  ipc.Client (Client.java:handleConnectionFailure(977)) - Retrying connect to server: localhost/127.0.0.1:14521. Already tried 5 time(s); retry policy is RetryUpToMaximumCountWithFixedSleep(maxRetries=15, sleepTime=1000 MILLISECONDS)
2021-10-04 02:05:04,586 [EndpointStateMachine task thread for /127.0.0.1:14501 - 0 ] INFO  ipc.Client (Client.java:handleConnectionFailure(977)) - Retrying connect to server: localhost/127.0.0.1:14501. Already tried 7 time(s); retry policy is RetryUpToMaximumCountWithFixedSleep(maxRetries=15, sleepTime=1000 MILLISECONDS)
2021-10-04 02:05:05,335 [Datanode State Machine Thread - 0] ERROR datanode.RunningDatanodeState (RunningDatanodeState.java:computeNextContainerState(199)) - Error in executing end point task.
java.util.concurrent.ExecutionException: java.util.concurrent.TimeoutException
	at java.util.concurrent.FutureTask.report(FutureTask.java:122)
	at java.util.concurrent.FutureTask.get(FutureTask.java:192)
	at org.apache.hadoop.ozone.container.common.states.datanode.RunningDatanodeState.computeNextContainerState(RunningDatanodeState.java:191)
	at org.apache.hadoop.ozone.container.common.states.datanode.RunningDatanodeState.await(RunningDatanodeState.java:231)
	at org.apache.hadoop.ozone.container.common.states.datanode.RunningDatanodeState.await(RunningDatanodeState.java:50)
	at org.apache.hadoop.ozone.container.common.statemachine.StateContext.execute(StateContext.java:629)
	at org.apache.hadoop.ozone.container.common.statemachine.DatanodeStateMachine.start(DatanodeStateMachine.java:270)
	at org.apache.hadoop.ozone.container.common.statemachine.DatanodeStateMachine.lambda$startDaemon$0(DatanodeStateMachine.java:457)
	at java.lang.Thread.run(Thread.java:748)
Caused by: java.util.concurrent.TimeoutException
	at java.util.concurrent.FutureTask.get(FutureTask.java:205)
	at org.apache.hadoop.ozone.container.common.states.datanode.RunningDatanodeState.lambda$execute$0(RunningDatanodeState.java:149)
	at java.util.concurrent.FutureTask.run(FutureTask.java:266)
	at java.util.concurrent.Executors$RunnableAdapter.call(Executors.java:511)
	at java.util.concurrent.FutureTask.run(FutureTask.java:266)
	at java.util.concurrent.ThreadPoolExecutor.runWorker(ThreadPoolExecutor.java:1149)
	at java.util.concurrent.ThreadPoolExecutor$Worker.run(ThreadPoolExecutor.java:624)
	... 1 more
2021-10-04 02:05:05,431 [EndpointStateMachine task thread for /127.0.0.1:14511 - 0 ] INFO  ipc.Client (Client.java:handleConnectionFailure(977)) - Retrying connect to server: localhost/127.0.0.1:14511. Already tried 8 time(s); retry policy is RetryUpToMaximumCountWithFixedSleep(maxRetries=15, sleepTime=1000 MILLISECONDS)
2021-10-04 02:05:05,460 [Datanode State Machine Thread - 0] ERROR datanode.RunningDatanodeState (RunningDatanodeState.java:computeNextContainerState(199)) - Error in executing end point task.
java.util.concurrent.ExecutionException: java.util.concurrent.TimeoutException
	at java.util.concurrent.FutureTask.report(FutureTask.java:122)
	at java.util.concurrent.FutureTask.get(FutureTask.java:192)
	at org.apache.hadoop.ozone.container.common.states.datanode.RunningDatanodeState.computeNextContainerState(RunningDatanodeState.java:191)
	at org.apache.hadoop.ozone.container.common.states.datanode.RunningDatanodeState.await(RunningDatanodeState.java:231)
	at org.apache.hadoop.ozone.container.common.states.datanode.RunningDatanodeState.await(RunningDatanodeState.java:50)
	at org.apache.hadoop.ozone.container.common.statemachine.StateContext.execute(StateContext.java:629)
	at org.apache.hadoop.ozone.container.common.statemachine.DatanodeStateMachine.start(DatanodeStateMachine.java:270)
	at org.apache.hadoop.ozone.container.common.statemachine.DatanodeStateMachine.lambda$startDaemon$0(DatanodeStateMachine.java:457)
	at java.lang.Thread.run(Thread.java:748)
Caused by: java.util.concurrent.TimeoutException
	at java.util.concurrent.FutureTask.get(FutureTask.java:205)
	at org.apache.hadoop.ozone.container.common.states.datanode.RunningDatanodeState.lambda$execute$0(RunningDatanodeState.java:149)
	at java.util.concurrent.FutureTask.run(FutureTask.java:266)
	at java.util.concurrent.Executors$RunnableAdapter.call(Executors.java:511)
	at java.util.concurrent.FutureTask.run(FutureTask.java:266)
	at java.util.concurrent.ThreadPoolExecutor.runWorker(ThreadPoolExecutor.java:1149)
	at java.util.concurrent.ThreadPoolExecutor$Worker.run(ThreadPoolExecutor.java:624)
	... 1 more
2021-10-04 02:05:05,584 [EndpointStateMachine task thread for /127.0.0.1:14521 - 0 ] INFO  ipc.Client (Client.java:handleConnectionFailure(977)) - Retrying connect to server: localhost/127.0.0.1:14521. Already tried 6 time(s); retry policy is RetryUpToMaximumCountWithFixedSleep(maxRetries=15, sleepTime=1000 MILLISECONDS)
2021-10-04 02:05:05,587 [EndpointStateMachine task thread for /127.0.0.1:14501 - 0 ] INFO  ipc.Client (Client.java:handleConnectionFailure(977)) - Retrying connect to server: localhost/127.0.0.1:14501. Already tried 8 time(s); retry policy is RetryUpToMaximumCountWithFixedSleep(maxRetries=15, sleepTime=1000 MILLISECONDS)
2021-10-04 02:05:05,716 [2dc1c52f-fb9b-4367-bdf1-93ff3bf143d5@group-5E66DA880090-LeaderStateImpl] INFO  server.RaftServer$Division (ServerState.java:setRaftConf(387)) - 2dc1c52f-fb9b-4367-bdf1-93ff3bf143d5@group-5E66DA880090: set configuration 25: [2dc1c52f-fb9b-4367-bdf1-93ff3bf143d5|rpc:localhost:12092|admin:|client:|dataStream:|priority:0, d10ebfff-67c6-465e-b891-a6f4e9e1af69|rpc:localhost:12102|priority:0, 94c0b71e-ed47-4cac-b73a-77caea691f8c|rpc:localhost:12112|priority:0], old=[2dc1c52f-fb9b-4367-bdf1-93ff3bf143d5|rpc:localhost:12092|admin:|client:|dataStream:|priority:0, d10ebfff-67c6-465e-b891-a6f4e9e1af69|rpc:localhost:12102|priority:0]
2021-10-04 02:05:05,718 [grpc-default-executor-0] INFO  server.RaftServer$Division (ServerState.java:setRaftConf(387)) - d10ebfff-67c6-465e-b891-a6f4e9e1af69@group-5E66DA880090: set configuration 25: [2dc1c52f-fb9b-4367-bdf1-93ff3bf143d5|rpc:localhost:12092|admin:|client:|dataStream:|priority:0, d10ebfff-67c6-465e-b891-a6f4e9e1af69|rpc:localhost:12102|admin:|client:|dataStream:|priority:0, 94c0b71e-ed47-4cac-b73a-77caea691f8c|rpc:localhost:12112|admin:|client:|dataStream:|priority:0], old=[2dc1c52f-fb9b-4367-bdf1-93ff3bf143d5|rpc:localhost:12092|admin:|client:|dataStream:|priority:0, d10ebfff-67c6-465e-b891-a6f4e9e1af69|rpc:localhost:12102|admin:|client:|dataStream:|priority:0]
2021-10-04 02:05:05,721 [grpc-default-executor-0] INFO  server.RaftServer$Division (ServerState.java:setRaftConf(387)) - 94c0b71e-ed47-4cac-b73a-77caea691f8c@group-5E66DA880090: set configuration 25: [2dc1c52f-fb9b-4367-bdf1-93ff3bf143d5|rpc:localhost:12092|admin:|client:|dataStream:|priority:0, d10ebfff-67c6-465e-b891-a6f4e9e1af69|rpc:localhost:12102|admin:|client:|dataStream:|priority:0, 94c0b71e-ed47-4cac-b73a-77caea691f8c|rpc:localhost:12112|admin:|client:|dataStream:|priority:0], old=[2dc1c52f-fb9b-4367-bdf1-93ff3bf143d5|rpc:localhost:12092|admin:|client:|dataStream:|priority:0, d10ebfff-67c6-465e-b891-a6f4e9e1af69|rpc:localhost:12102|admin:|client:|dataStream:|priority:0]
2021-10-04 02:05:05,721 [grpc-default-executor-0] INFO  segmented.SegmentedRaftLogWorker (SegmentedRaftLogWorker.java:startLogSegment(394)) - 94c0b71e-ed47-4cac-b73a-77caea691f8c@group-5E66DA880090-SegmentedRaftLogWorker: Starting segment from index:25
2021-10-04 02:05:05,723 [2dc1c52f-fb9b-4367-bdf1-93ff3bf143d5@group-5E66DA880090-LeaderStateImpl] INFO  server.RaftServer$Division (ServerState.java:setRaftConf(387)) - 2dc1c52f-fb9b-4367-bdf1-93ff3bf143d5@group-5E66DA880090: set configuration 27: [2dc1c52f-fb9b-4367-bdf1-93ff3bf143d5|rpc:localhost:12092|admin:|client:|dataStream:|priority:0, d10ebfff-67c6-465e-b891-a6f4e9e1af69|rpc:localhost:12102|priority:0, 94c0b71e-ed47-4cac-b73a-77caea691f8c|rpc:localhost:12112|priority:0], old=null
2021-10-04 02:05:05,724 [grpc-default-executor-2] INFO  server.RaftServer$Division (ServerState.java:setRaftConf(387)) - 94c0b71e-ed47-4cac-b73a-77caea691f8c@group-5E66DA880090: set configuration 27: [2dc1c52f-fb9b-4367-bdf1-93ff3bf143d5|rpc:localhost:12092|admin:|client:|dataStream:|priority:0, d10ebfff-67c6-465e-b891-a6f4e9e1af69|rpc:localhost:12102|admin:|client:|dataStream:|priority:0, 94c0b71e-ed47-4cac-b73a-77caea691f8c|rpc:localhost:12112|admin:|client:|dataStream:|priority:0], old=null
2021-10-04 02:05:05,724 [2dc1c52f-fb9b-4367-bdf1-93ff3bf143d5@group-5E66DA880090-StateMachineUpdater] INFO  ha.SCMStateMachine (SCMStateMachine.java:takeSnapshot(290)) - Current Snapshot Index 25, takeSnapshot took 2 ms
2021-10-04 02:05:05,724 [2dc1c52f-fb9b-4367-bdf1-93ff3bf143d5@group-5E66DA880090-StateMachineUpdater] INFO  impl.StateMachineUpdater (StateMachineUpdater.java:takeSnapshot(281)) - 2dc1c52f-fb9b-4367-bdf1-93ff3bf143d5@group-5E66DA880090-StateMachineUpdater: Took a snapshot at index 25
2021-10-04 02:05:05,724 [2dc1c52f-fb9b-4367-bdf1-93ff3bf143d5@group-5E66DA880090-StateMachineUpdater] INFO  impl.StateMachineUpdater (StateMachineUpdater.java:lambda$new$0(89)) - 2dc1c52f-fb9b-4367-bdf1-93ff3bf143d5@group-5E66DA880090-StateMachineUpdater: snapshotIndex: updateIncreasingly 20 -> 25
2021-10-04 02:05:05,724 [94c0b71e-ed47-4cac-b73a-77caea691f8c@group-5E66DA880090-SegmentedRaftLogWorker] INFO  segmented.SegmentedRaftLogWorker (SegmentedRaftLogWorker.java:execute(601)) - 94c0b71e-ed47-4cac-b73a-77caea691f8c@group-5E66DA880090-SegmentedRaftLogWorker: created new log segment /home/runner/work/ozone/ozone/hadoop-ozone/integration-test/target/test-dir/MiniOzoneClusterImpl-aa9d709b-e9e6-4188-94b0-5e66da880090/scmNode-3/scm-ha/aa9d709b-e9e6-4188-94b0-5e66da880090/current/log_inprogress_25
2021-10-04 02:05:05,724 [2dc1c52f-fb9b-4367-bdf1-93ff3bf143d5@group-5E66DA880090-StateMachineUpdater] INFO  raftlog.RaftLog (RaftLogBase.java:purge(306)) - 2dc1c52f-fb9b-4367-bdf1-93ff3bf143d5@group-5E66DA880090-SegmentedRaftLog: purge 25
2021-10-04 02:05:05,724 [2dc1c52f-fb9b-4367-bdf1-93ff3bf143d5@group-5E66DA880090-StateMachineUpdater] INFO  raftlog.RaftLog (RaftLogBase.java:lambda$new$0(53)) - 2dc1c52f-fb9b-4367-bdf1-93ff3bf143d5@group-5E66DA880090-SegmentedRaftLog: snapshotIndex: updateIncreasingly 20 -> 25
2021-10-04 02:05:05,725 [2dc1c52f-fb9b-4367-bdf1-93ff3bf143d5@group-5E66DA880090-StateMachineUpdater] INFO  raftlog.RaftLog (RaftLogBase.java:lambda$new$0(53)) - 2dc1c52f-fb9b-4367-bdf1-93ff3bf143d5@group-5E66DA880090-SegmentedRaftLog: purgeIndex: updateToMax old=20, new=25, updated? true
2021-10-04 02:05:05,725 [grpc-default-executor-0] INFO  server.RaftServer$Division (ServerState.java:setRaftConf(387)) - d10ebfff-67c6-465e-b891-a6f4e9e1af69@group-5E66DA880090: set configuration 27: [2dc1c52f-fb9b-4367-bdf1-93ff3bf143d5|rpc:localhost:12092|admin:|client:|dataStream:|priority:0, d10ebfff-67c6-465e-b891-a6f4e9e1af69|rpc:localhost:12102|admin:|client:|dataStream:|priority:0, 94c0b71e-ed47-4cac-b73a-77caea691f8c|rpc:localhost:12112|admin:|client:|dataStream:|priority:0], old=null
2021-10-04 02:05:05,730 [IPC Server handler 9 on default port 12094] INFO  ha.SCMRatisServerImpl (SCMRatisServerImpl.java:addSCM(302)) - Successfully added new SCM: 94c0b71e-ed47-4cac-b73a-77caea691f8c.
2021-10-04 02:05:05,731 [Listener at 127.0.0.1/10960] INFO  ha.SCMHAManagerImpl (SCMHAManagerImpl.java:start(116)) - Successfully added SCM scmNode-3 to group group-5E66DA880090:[2dc1c52f-fb9b-4367-bdf1-93ff3bf143d5|rpc:localhost:12092|admin:|client:|dataStream:|priority:0, d10ebfff-67c6-465e-b891-a6f4e9e1af69|rpc:localhost:12102|admin:|client:|dataStream:|priority:0, 94c0b71e-ed47-4cac-b73a-77caea691f8c|rpc:localhost:12112|admin:|client:|dataStream:|priority:0]
2021-10-04 02:05:05,731 [Listener at 127.0.0.1/10960] INFO  ha.InterSCMGrpcService (InterSCMGrpcProtocolService.java:start(94)) - Starting SCM Grpc Service at port 12116
2021-10-04 02:05:05,732 [Listener at 127.0.0.1/10960] INFO  impl.MetricsSystemImpl (MetricsSystemImpl.java:init(158)) - StorageContainerManager metrics system started (again)
2021-10-04 02:05:05,735 [d10ebfff-67c6-465e-b891-a6f4e9e1af69@group-5E66DA880090-StateMachineUpdater] INFO  ha.SCMStateMachine (SCMStateMachine.java:takeSnapshot(290)) - Current Snapshot Index 25, takeSnapshot took 0 ms
2021-10-04 02:05:05,735 [d10ebfff-67c6-465e-b891-a6f4e9e1af69@group-5E66DA880090-StateMachineUpdater] INFO  impl.StateMachineUpdater (StateMachineUpdater.java:takeSnapshot(281)) - d10ebfff-67c6-465e-b891-a6f4e9e1af69@group-5E66DA880090-StateMachineUpdater: Took a snapshot at index 25
2021-10-04 02:05:05,735 [d10ebfff-67c6-465e-b891-a6f4e9e1af69@group-5E66DA880090-StateMachineUpdater] INFO  impl.StateMachineUpdater (StateMachineUpdater.java:lambda$new$0(89)) - d10ebfff-67c6-465e-b891-a6f4e9e1af69@group-5E66DA880090-StateMachineUpdater: snapshotIndex: updateIncreasingly 20 -> 25
2021-10-04 02:05:05,735 [d10ebfff-67c6-465e-b891-a6f4e9e1af69@group-5E66DA880090-StateMachineUpdater] INFO  raftlog.RaftLog (RaftLogBase.java:purge(306)) - d10ebfff-67c6-465e-b891-a6f4e9e1af69@group-5E66DA880090-SegmentedRaftLog: purge 25
2021-10-04 02:05:05,735 [d10ebfff-67c6-465e-b891-a6f4e9e1af69@group-5E66DA880090-StateMachineUpdater] INFO  raftlog.RaftLog (RaftLogBase.java:lambda$new$0(53)) - d10ebfff-67c6-465e-b891-a6f4e9e1af69@group-5E66DA880090-SegmentedRaftLog: snapshotIndex: updateIncreasingly 20 -> 25
2021-10-04 02:05:05,736 [d10ebfff-67c6-465e-b891-a6f4e9e1af69@group-5E66DA880090-StateMachineUpdater] INFO  raftlog.RaftLog (RaftLogBase.java:lambda$new$0(53)) - d10ebfff-67c6-465e-b891-a6f4e9e1af69@group-5E66DA880090-SegmentedRaftLog: purgeIndex: updateToMax old=20, new=25, updated? true
2021-10-04 02:05:05,743 [94c0b71e-ed47-4cac-b73a-77caea691f8c@group-5E66DA880090-StateMachineUpdater] INFO  safemode.HealthyPipelineSafeModeRule (HealthyPipelineSafeModeRule.java:initializeRule(152)) - Refreshed total pipeline count is 1, healthy pipeline threshold count is 1
2021-10-04 02:05:05,744 [94c0b71e-ed47-4cac-b73a-77caea691f8c@group-5E66DA880090-StateMachineUpdater] INFO  safemode.ContainerSafeModeRule (ContainerSafeModeRule.java:reInitializeRule(177)) - Refreshed one replica container threshold 0, currentThreshold 0
2021-10-04 02:05:05,744 [94c0b71e-ed47-4cac-b73a-77caea691f8c@group-5E66DA880090-StateMachineUpdater] INFO  safemode.OneReplicaPipelineSafeModeRule (OneReplicaPipelineSafeModeRule.java:initializeRule(176)) - Refreshed Total pipeline count is 1, pipeline's with at least one datanode reported threshold count is 1
2021-10-04 02:05:05,744 [94c0b71e-ed47-4cac-b73a-77caea691f8c@group-5E66DA880090-StateMachineUpdater] INFO  server.SCMDatanodeProtocolServer (SCMDatanodeProtocolServer.java:start(181)) - RPC server for DataNodes is listening at /0.0.0.0:12113
2021-10-04 02:05:05,747 [IPC Server listener on 12113] INFO  ipc.Server (Server.java:run(1344)) - IPC Server listener on 12113: starting
2021-10-04 02:05:05,759 [IPC Server handler 0 on default port 12113] INFO  ipc.Server (Server.java:run(1026)) - IPC Server handler 0 on default port 12113: skipped Call#246 Retry#0 org.apache.hadoop.ozone.protocol.StorageContainerDatanodeProtocol.submitRequest from 127.0.0.1:46952
2021-10-04 02:05:05,760 [IPC Server handler 1 on default port 12113] INFO  ipc.Server (Server.java:run(1026)) - IPC Server handler 1 on default port 12113: skipped Call#356 Retry#0 org.apache.hadoop.ozone.protocol.StorageContainerDatanodeProtocol.submitRequest from 127.0.0.1:47100
2021-10-04 02:05:05,760 [IPC Server handler 1 on default port 12113] INFO  ipc.Server (Server.java:run(1026)) - IPC Server handler 1 on default port 12113: skipped Call#316 Retry#0 org.apache.hadoop.ozone.protocol.StorageContainerDatanodeProtocol.submitRequest from 127.0.0.1:47044
2021-10-04 02:05:05,760 [IPC Server handler 1 on default port 12113] INFO  ipc.Server (Server.java:run(1026)) - IPC Server handler 1 on default port 12113: skipped Call#267 Retry#0 org.apache.hadoop.ozone.protocol.StorageContainerDatanodeProtocol.submitRequest from 127.0.0.1:46994
2021-10-04 02:05:05,760 [IPC Server handler 1 on default port 12113] INFO  ipc.Server (Server.java:run(1026)) - IPC Server handler 1 on default port 12113: skipped Call#250 Retry#0 org.apache.hadoop.ozone.protocol.StorageContainerDatanodeProtocol.submitRequest from 127.0.0.1:46952
2021-10-04 02:05:05,762 [IPC Server handler 2 on default port 12113] INFO  ipc.Server (Server.java:run(1026)) - IPC Server handler 2 on default port 12113: skipped Call#357 Retry#0 org.apache.hadoop.ozone.protocol.StorageContainerDatanodeProtocol.submitRequest from 127.0.0.1:47100
2021-10-04 02:05:05,762 [IPC Server handler 2 on default port 12113] INFO  ipc.Server (Server.java:run(1026)) - IPC Server handler 2 on default port 12113: skipped Call#317 Retry#0 org.apache.hadoop.ozone.protocol.StorageContainerDatanodeProtocol.submitRequest from 127.0.0.1:47044
2021-10-04 02:05:05,762 [IPC Server handler 2 on default port 12113] INFO  ipc.Server (Server.java:run(1026)) - IPC Server handler 2 on default port 12113: skipped Call#268 Retry#0 org.apache.hadoop.ozone.protocol.StorageContainerDatanodeProtocol.submitRequest from 127.0.0.1:46994
2021-10-04 02:05:05,762 [IPC Server handler 2 on default port 12113] INFO  ipc.Server (Server.java:run(1026)) - IPC Server handler 2 on default port 12113: skipped Call#252 Retry#0 org.apache.hadoop.ozone.protocol.StorageContainerDatanodeProtocol.submitRequest from 127.0.0.1:46952
2021-10-04 02:05:05,763 [IPC Server handler 3 on default port 12113] INFO  ipc.Server (Server.java:run(1026)) - IPC Server handler 3 on default port 12113: skipped Call#358 Retry#0 org.apache.hadoop.ozone.protocol.StorageContainerDatanodeProtocol.submitRequest from 127.0.0.1:47100
2021-10-04 02:05:05,763 [IPC Server handler 3 on default port 12113] INFO  ipc.Server (Server.java:run(1026)) - IPC Server handler 3 on default port 12113: skipped Call#318 Retry#0 org.apache.hadoop.ozone.protocol.StorageContainerDatanodeProtocol.submitRequest from 127.0.0.1:47044
2021-10-04 02:05:05,763 [IPC Server handler 3 on default port 12113] INFO  ipc.Server (Server.java:run(1026)) - IPC Server handler 3 on default port 12113: skipped Call#269 Retry#0 org.apache.hadoop.ozone.protocol.StorageContainerDatanodeProtocol.submitRequest from 127.0.0.1:46994
2021-10-04 02:05:05,766 [IPC Server Responder] INFO  ipc.Server (Server.java:run(1507)) - IPC Server Responder: starting
2021-10-04 02:05:05,771 [EndpointStateMachine task thread for /127.0.0.1:12113 - 0 ] INFO  ozoneimpl.OzoneContainer (OzoneContainer.java:start(300)) - Ignore. OzoneContainer already started.
2021-10-04 02:05:05,771 [Listener at 127.0.0.1/10960] INFO  server.SCMClientProtocolServer (SCMClientProtocolServer.java:start(164)) - RPC server for Client  is listening at /0.0.0.0:12115
2021-10-04 02:05:05,771 [IPC Server Responder] INFO  ipc.Server (Server.java:run(1507)) - IPC Server Responder: starting
2021-10-04 02:05:05,772 [IPC Server listener on 12115] INFO  ipc.Server (Server.java:run(1344)) - IPC Server listener on 12115: starting
2021-10-04 02:05:05,774 [Listener at 127.0.0.1/10960] INFO  server.StorageContainerManager (StorageContainerManager.java:start(1318)) - ScmBlockLocationProtocol RPC server is listening at /0.0.0.0:12114
2021-10-04 02:05:05,774 [Listener at 127.0.0.1/10960] INFO  server.SCMBlockProtocolServer (SCMBlockProtocolServer.java:start(151)) - RPC server for Block Protocol is listening at /0.0.0.0:12114
2021-10-04 02:05:05,774 [IPC Server Responder] INFO  ipc.Server (Server.java:run(1507)) - IPC Server Responder: starting
2021-10-04 02:05:05,775 [IPC Server listener on 12114] INFO  ipc.Server (Server.java:run(1344)) - IPC Server listener on 12114: starting
2021-10-04 02:05:05,776 [Listener at 127.0.0.1/10960] INFO  server.StorageContainerManager (StorageContainerManager.java:start(1324)) - ScmDatanodeProtocl RPC server is listening at /0.0.0.0:12113
2021-10-04 02:05:05,780 [Listener at 127.0.0.1/10960] INFO  http.BaseHttpServer (BaseHttpServer.java:newHttpServer2BuilderForOzone(209)) - Starting Web-server for scm at: http://0.0.0.0:12110
2021-10-04 02:05:05,780 [Listener at 127.0.0.1/10960] INFO  http.BaseHttpServer (BaseHttpServer.java:<init>(107)) - Hadoop Security Enabled: false Ozone Security Enabled: false Ozone HTTP Security Enabled: false 
2021-10-04 02:05:05,781 [Listener at 127.0.0.1/10960] INFO  server.AuthenticationFilter (AuthenticationFilter.java:constructSecretProvider(240)) - Unable to initialize FileSignerSecretProvider, falling back to use random secrets.
2021-10-04 02:05:05,783 [org.apache.hadoop.util.JvmPauseMonitor$Monitor@5ec84beb] INFO  util.JvmPauseMonitor (JvmPauseMonitor.java:run(188)) - Starting JVM pause monitor
2021-10-04 02:05:05,784 [Listener at 127.0.0.1/10960] WARN  http.HttpRequestLog (HttpRequestLog.java:getRequestLog(103)) - Jetty request log can only be enabled using Log4j
2021-10-04 02:05:05,792 [EndpointStateMachine task thread for /127.0.0.1:12113 - 0 ] INFO  ozoneimpl.OzoneContainer (OzoneContainer.java:start(300)) - Ignore. OzoneContainer already started.
2021-10-04 02:05:05,801 [ec22a82e-7388-4328-8fb1-7bec7be40386@group-8194F89F6908-FollowerState] INFO  impl.FollowerState (FollowerState.java:run(134)) - ec22a82e-7388-4328-8fb1-7bec7be40386@group-8194F89F6908-FollowerState: change to CANDIDATE, lastRpcElapsedTime:5026851716ns, electionTimeout:5019ms
2021-10-04 02:05:05,801 [ec22a82e-7388-4328-8fb1-7bec7be40386@group-8194F89F6908-FollowerState] INFO  impl.RoleInfo (RoleInfo.java:shutdownFollowerState(108)) - ec22a82e-7388-4328-8fb1-7bec7be40386: shutdown ec22a82e-7388-4328-8fb1-7bec7be40386@group-8194F89F6908-FollowerState
2021-10-04 02:05:05,801 [ec22a82e-7388-4328-8fb1-7bec7be40386@group-8194F89F6908-FollowerState] INFO  server.RaftServer$Division (RaftServerImpl.java:setRole(285)) - ec22a82e-7388-4328-8fb1-7bec7be40386@group-8194F89F6908: changes role from  FOLLOWER to CANDIDATE at term 2 for changeToCandidate
2021-10-04 02:05:05,801 [ec22a82e-7388-4328-8fb1-7bec7be40386@group-8194F89F6908-FollowerState] INFO  server.RaftServerConfigKeys (ConfUtils.java:logGet(44)) - raft.server.leaderelection.pre-vote = false (custom)
2021-10-04 02:05:05,801 [ec22a82e-7388-4328-8fb1-7bec7be40386@group-8194F89F6908-FollowerState] INFO  impl.RoleInfo (RoleInfo.java:updateAndGet(130)) - ec22a82e-7388-4328-8fb1-7bec7be40386: start ec22a82e-7388-4328-8fb1-7bec7be40386@group-8194F89F6908-LeaderElection29
2021-10-04 02:05:05,802 [EndpointStateMachine task thread for /127.0.0.1:12113 - 0 ] INFO  ozoneimpl.OzoneContainer (OzoneContainer.java:start(300)) - Ignore. OzoneContainer already started.
2021-10-04 02:05:05,802 [Listener at 127.0.0.1/10960] INFO  http.HttpServer2 (HttpServer2.java:addGlobalFilter(1030)) - Added global filter 'safety' (class=org.apache.hadoop.hdds.server.http.HttpServer2$QuotingInputFilter)
2021-10-04 02:05:05,806 [Listener at 127.0.0.1/10960] INFO  http.HttpServer2 (HttpServer2.java:addFilter(1006)) - Added filter static_user_filter (class=org.apache.hadoop.http.lib.StaticUserWebFilter$StaticUserFilter) to context scm
2021-10-04 02:05:05,807 [Listener at 127.0.0.1/10960] INFO  http.HttpServer2 (HttpServer2.java:addFilter(1014)) - Added filter static_user_filter (class=org.apache.hadoop.http.lib.StaticUserWebFilter$StaticUserFilter) to context logs
2021-10-04 02:05:05,819 [Listener at 127.0.0.1/10960] INFO  http.HttpServer2 (HttpServer2.java:addFilter(1014)) - Added filter static_user_filter (class=org.apache.hadoop.http.lib.StaticUserWebFilter$StaticUserFilter) to context static
2021-10-04 02:05:05,819 [Listener at 127.0.0.1/10960] INFO  http.HttpServer2 (HttpServer2.java:bindListener(1249)) - Jetty bound to port 12110
2021-10-04 02:05:05,820 [Listener at 127.0.0.1/10960] INFO  server.Server (Server.java:doStart(375)) - jetty-9.4.43.v20210629; built: 2021-06-30T11:07:22.254Z; git: 526006ecfa3af7f1a27ef3a288e2bef7ea9dd7e8; jvm 1.8.0_292-b10
2021-10-04 02:05:05,821 [Listener at 127.0.0.1/10960] INFO  server.session (DefaultSessionIdManager.java:doStart(334)) - DefaultSessionIdManager workerName=node0
2021-10-04 02:05:05,821 [Listener at 127.0.0.1/10960] INFO  server.session (DefaultSessionIdManager.java:doStart(339)) - No SessionScavenger set, using defaults
2021-10-04 02:05:05,822 [Listener at 127.0.0.1/10960] INFO  server.session (HouseKeeper.java:startScavenging(132)) - node0 Scavenging every 600000ms
2021-10-04 02:05:05,824 [Listener at 127.0.0.1/10960] INFO  handler.ContextHandler (ContextHandler.java:doStart(915)) - Started o.e.j.s.ServletContextHandler@27f0979{logs,/logs,file:///home/runner/work/ozone/ozone/hadoop-ozone/integration-test/target/log,AVAILABLE}
2021-10-04 02:05:05,824 [Listener at 127.0.0.1/10960] INFO  handler.ContextHandler (ContextHandler.java:doStart(915)) - Started o.e.j.s.ServletContextHandler@29f28e5d{static,/static,file:///home/runner/work/ozone/ozone/hadoop-ozone/integration-test/target/test-classes/webapps/static,AVAILABLE}
2021-10-04 02:05:05,830 [Listener at 127.0.0.1/10960] INFO  handler.ContextHandler (ContextHandler.java:doStart(915)) - Started o.e.j.w.WebAppContext@cf92193{scm,/,file:///home/runner/work/ozone/ozone/hadoop-ozone/integration-test/target/test-classes/webapps/scm/,AVAILABLE}{file:/home/runner/work/ozone/ozone/hadoop-ozone/integration-test/target/test-classes/webapps/scm}
2021-10-04 02:05:05,837 [ec22a82e-7388-4328-8fb1-7bec7be40386@group-8194F89F6908-LeaderElection29] INFO  impl.LeaderElection (LeaderElection.java:askForVotes(306)) - ec22a82e-7388-4328-8fb1-7bec7be40386@group-8194F89F6908-LeaderElection29 ELECTION round 0: submit vote requests at term 3 for -1: [ec22a82e-7388-4328-8fb1-7bec7be40386|rpc:127.0.0.1:39209|priority:1, 0db60050-3417-4221-94cf-c6ca2a56f712|rpc:127.0.0.1:44551|priority:0, 57ec436a-c908-4fec-986d-5c2664f6b5b6|rpc:127.0.0.1:39069|priority:0], old=null
2021-10-04 02:05:05,842 [Listener at 127.0.0.1/10960] INFO  server.AbstractConnector (AbstractConnector.java:doStart(331)) - Started ServerConnector@1f3241b3{HTTP/1.1, (http/1.1)}{0.0.0.0:12110}
2021-10-04 02:05:05,842 [Listener at 127.0.0.1/10960] INFO  server.Server (Server.java:doStart(415)) - Started @108947ms
2021-10-04 02:05:05,842 [Listener at 127.0.0.1/10960] WARN  impl.MetricsSystemImpl (MetricsSystemImpl.java:register(279)) - Sink prometheus already exists!
2021-10-04 02:05:05,842 [grpc-default-executor-0] INFO  server.RaftServer$Division (RaftServerImpl.java:requestVote(1043)) - 0db60050-3417-4221-94cf-c6ca2a56f712@group-8194F89F6908: receive requestVote(ELECTION, ec22a82e-7388-4328-8fb1-7bec7be40386, group-8194F89F6908, 3, (t:0, i:0))
2021-10-04 02:05:05,843 [grpc-default-executor-0] INFO  impl.VoteContext (VoteContext.java:log(48)) - 0db60050-3417-4221-94cf-c6ca2a56f712@group-8194F89F6908-FOLLOWER: accept ELECTION from ec22a82e-7388-4328-8fb1-7bec7be40386: our priority 0 <= candidate's priority 1
2021-10-04 02:05:05,843 [grpc-default-executor-0] INFO  server.RaftServer$Division (RaftServerImpl.java:setRole(285)) - 0db60050-3417-4221-94cf-c6ca2a56f712@group-8194F89F6908: changes role from  FOLLOWER to FOLLOWER at term 3 for candidate:ec22a82e-7388-4328-8fb1-7bec7be40386
2021-10-04 02:05:05,843 [grpc-default-executor-0] INFO  impl.RoleInfo (RoleInfo.java:shutdownFollowerState(108)) - 0db60050-3417-4221-94cf-c6ca2a56f712: shutdown 0db60050-3417-4221-94cf-c6ca2a56f712@group-8194F89F6908-FollowerState
2021-10-04 02:05:05,843 [grpc-default-executor-0] INFO  impl.RoleInfo (RoleInfo.java:updateAndGet(130)) - 0db60050-3417-4221-94cf-c6ca2a56f712: start 0db60050-3417-4221-94cf-c6ca2a56f712@group-8194F89F6908-FollowerState
2021-10-04 02:05:05,843 [0db60050-3417-4221-94cf-c6ca2a56f712@group-8194F89F6908-FollowerState] INFO  impl.FollowerState (FollowerState.java:run(143)) - 0db60050-3417-4221-94cf-c6ca2a56f712@group-8194F89F6908-FollowerState was interrupted: {}
java.lang.InterruptedException: sleep interrupted
	at java.lang.Thread.sleep(Native Method)
	at java.lang.Thread.sleep(Thread.java:340)
	at java.util.concurrent.TimeUnit.sleep(TimeUnit.java:386)
	at org.apache.ratis.util.TimeDuration.sleep(TimeDuration.java:324)
	at org.apache.ratis.util.TimeDuration.sleep(TimeDuration.java:309)
	at org.apache.ratis.server.impl.FollowerState.run(FollowerState.java:118)
2021-10-04 02:05:05,843 [Listener at 127.0.0.1/10960] INFO  http.BaseHttpServer (BaseHttpServer.java:updateConnectorAddress(329)) - HTTP server of scm listening at http://0.0.0.0:12110
2021-10-04 02:05:05,843 [Listener at 127.0.0.1/10960] INFO  safemode.SCMSafeModeManager (SCMSafeModeManager.java:exitSafeMode(248)) - SCM exiting safe mode.
2021-10-04 02:05:05,843 [Listener at 127.0.0.1/10960] WARN  events.EventQueue (EventQueue.java:fireEvent(194)) - No event handler registered for event TypedEvent{payloadType=SafeModeStatus, name='Safe mode status'}
2021-10-04 02:05:05,844 [Listener at 127.0.0.1/10960] INFO  ha.SCMContext (SCMContext.java:updateSafeModeStatus(205)) - Update SafeModeStatus from SafeModeStatus{safeModeStatus=true, preCheckPassed=false} to SafeModeStatus{safeModeStatus=false, preCheckPassed=true}.
2021-10-04 02:05:05,845 [grpc-default-executor-2] INFO  server.RaftServer$Division (RaftServerImpl.java:requestVote(1043)) - 57ec436a-c908-4fec-986d-5c2664f6b5b6@group-8194F89F6908: receive requestVote(ELECTION, ec22a82e-7388-4328-8fb1-7bec7be40386, group-8194F89F6908, 3, (t:0, i:0))
2021-10-04 02:05:05,845 [grpc-default-executor-2] INFO  impl.VoteContext (VoteContext.java:log(48)) - 57ec436a-c908-4fec-986d-5c2664f6b5b6@group-8194F89F6908-FOLLOWER: accept ELECTION from ec22a82e-7388-4328-8fb1-7bec7be40386: our priority 0 <= candidate's priority 1
2021-10-04 02:05:05,846 [grpc-default-executor-2] INFO  server.RaftServer$Division (RaftServerImpl.java:setRole(285)) - 57ec436a-c908-4fec-986d-5c2664f6b5b6@group-8194F89F6908: changes role from  FOLLOWER to FOLLOWER at term 3 for candidate:ec22a82e-7388-4328-8fb1-7bec7be40386
2021-10-04 02:05:05,846 [grpc-default-executor-2] INFO  impl.RoleInfo (RoleInfo.java:shutdownFollowerState(108)) - 57ec436a-c908-4fec-986d-5c2664f6b5b6: shutdown 57ec436a-c908-4fec-986d-5c2664f6b5b6@group-8194F89F6908-FollowerState
2021-10-04 02:05:05,848 [grpc-default-executor-2] INFO  impl.RoleInfo (RoleInfo.java:updateAndGet(130)) - 57ec436a-c908-4fec-986d-5c2664f6b5b6: start 57ec436a-c908-4fec-986d-5c2664f6b5b6@group-8194F89F6908-FollowerState
2021-10-04 02:05:05,848 [57ec436a-c908-4fec-986d-5c2664f6b5b6@group-8194F89F6908-FollowerState] INFO  impl.FollowerState (FollowerState.java:run(143)) - 57ec436a-c908-4fec-986d-5c2664f6b5b6@group-8194F89F6908-FollowerState was interrupted: {}
java.lang.InterruptedException: sleep interrupted
	at java.lang.Thread.sleep(Native Method)
	at java.lang.Thread.sleep(Thread.java:340)
	at java.util.concurrent.TimeUnit.sleep(TimeUnit.java:386)
	at org.apache.ratis.util.TimeDuration.sleep(TimeDuration.java:324)
	at org.apache.ratis.util.TimeDuration.sleep(TimeDuration.java:309)
	at org.apache.ratis.server.impl.FollowerState.run(FollowerState.java:118)
2021-10-04 02:05:05,859 [Listener at 127.0.0.1/10960] INFO  db.RDBCheckpointManager (RDBCheckpointManager.java:createCheckpoint(86)) - Created checkpoint at /home/runner/work/ozone/ozone/hadoop-ozone/integration-test/target/test-dir/MiniOzoneClusterImpl-aa9d709b-e9e6-4188-94b0-5e66da880090/scmNode-1/db.checkpoints/scm.db_checkpoint_1633313105844 in 15 milliseconds
2021-10-04 02:05:05,870 [grpc-default-executor-2] INFO  server.RaftServer$Division (RaftServerImpl.java:requestVote(1075)) - 57ec436a-c908-4fec-986d-5c2664f6b5b6@group-8194F89F6908 replies to ELECTION vote request: ec22a82e-7388-4328-8fb1-7bec7be40386<-57ec436a-c908-4fec-986d-5c2664f6b5b6#0:OK-t3. Peer's state: 57ec436a-c908-4fec-986d-5c2664f6b5b6@group-8194F89F6908:t3, leader=null, voted=ec22a82e-7388-4328-8fb1-7bec7be40386, raftlog=57ec436a-c908-4fec-986d-5c2664f6b5b6@group-8194F89F6908-SegmentedRaftLog:OPENED:c-1,f-1,i0, conf=-1: [ec22a82e-7388-4328-8fb1-7bec7be40386|rpc:127.0.0.1:39209|priority:1, 0db60050-3417-4221-94cf-c6ca2a56f712|rpc:127.0.0.1:44551|priority:0, 57ec436a-c908-4fec-986d-5c2664f6b5b6|rpc:127.0.0.1:39069|priority:0], old=null
2021-10-04 02:05:05,870 [grpc-default-executor-0] INFO  server.RaftServer$Division (RaftServerImpl.java:requestVote(1075)) - 0db60050-3417-4221-94cf-c6ca2a56f712@group-8194F89F6908 replies to ELECTION vote request: ec22a82e-7388-4328-8fb1-7bec7be40386<-0db60050-3417-4221-94cf-c6ca2a56f712#0:OK-t3. Peer's state: 0db60050-3417-4221-94cf-c6ca2a56f712@group-8194F89F6908:t3, leader=null, voted=ec22a82e-7388-4328-8fb1-7bec7be40386, raftlog=0db60050-3417-4221-94cf-c6ca2a56f712@group-8194F89F6908-SegmentedRaftLog:OPENED:c-1,f-1,i0, conf=-1: [ec22a82e-7388-4328-8fb1-7bec7be40386|rpc:127.0.0.1:39209|dataStream:|priority:1, 0db60050-3417-4221-94cf-c6ca2a56f712|rpc:127.0.0.1:44551|dataStream:|priority:0, 57ec436a-c908-4fec-986d-5c2664f6b5b6|rpc:127.0.0.1:39069|dataStream:|priority:0], old=null
2021-10-04 02:05:05,871 [ec22a82e-7388-4328-8fb1-7bec7be40386@group-8194F89F6908-LeaderElection29] INFO  impl.LeaderElection (LeaderElection.java:logAndReturn(89)) - ec22a82e-7388-4328-8fb1-7bec7be40386@group-8194F89F6908-LeaderElection29: ELECTION PASSED received 1 response(s) and 0 exception(s):
2021-10-04 02:05:05,871 [ec22a82e-7388-4328-8fb1-7bec7be40386@group-8194F89F6908-LeaderElection29] INFO  impl.LeaderElection (LeaderElection.java:logAndReturn(93)) -   Response 0: ec22a82e-7388-4328-8fb1-7bec7be40386<-57ec436a-c908-4fec-986d-5c2664f6b5b6#0:OK-t3
2021-10-04 02:05:05,871 [ec22a82e-7388-4328-8fb1-7bec7be40386@group-8194F89F6908-LeaderElection29] INFO  impl.LeaderElection (LeaderElection.java:askForVotes(308)) - ec22a82e-7388-4328-8fb1-7bec7be40386@group-8194F89F6908-LeaderElection29 ELECTION round 0: result PASSED
2021-10-04 02:05:05,871 [ec22a82e-7388-4328-8fb1-7bec7be40386@group-8194F89F6908-LeaderElection29] INFO  impl.RoleInfo (RoleInfo.java:shutdownLeaderElection(121)) - ec22a82e-7388-4328-8fb1-7bec7be40386: shutdown ec22a82e-7388-4328-8fb1-7bec7be40386@group-8194F89F6908-LeaderElection29
2021-10-04 02:05:05,872 [ec22a82e-7388-4328-8fb1-7bec7be40386@group-8194F89F6908-LeaderElection29] INFO  server.RaftServer$Division (RaftServerImpl.java:setRole(285)) - ec22a82e-7388-4328-8fb1-7bec7be40386@group-8194F89F6908: changes role from CANDIDATE to LEADER at term 3 for changeToLeader
2021-10-04 02:05:05,872 [ec22a82e-7388-4328-8fb1-7bec7be40386@group-8194F89F6908-LeaderElection29] INFO  ratis.XceiverServerRatis (XceiverServerRatis.java:handleLeaderChangedNotification(861)) - Leader change notification received for group: group-8194F89F6908 with new leaderId: ec22a82e-7388-4328-8fb1-7bec7be40386
2021-10-04 02:05:05,872 [ec22a82e-7388-4328-8fb1-7bec7be40386@group-8194F89F6908-LeaderElection29] INFO  server.RaftServer$Division (ServerState.java:setLeader(285)) - ec22a82e-7388-4328-8fb1-7bec7be40386@group-8194F89F6908: change Leader from null to ec22a82e-7388-4328-8fb1-7bec7be40386 at term 3 for becomeLeader, leader elected after 15390ms
2021-10-04 02:05:05,872 [ec22a82e-7388-4328-8fb1-7bec7be40386@group-8194F89F6908-LeaderElection29] INFO  server.RaftServerConfigKeys (ConfUtils.java:logGet(44)) - raft.server.staging.catchup.gap = 1000 (default)
2021-10-04 02:05:05,872 [ec22a82e-7388-4328-8fb1-7bec7be40386@group-8194F89F6908-LeaderElection29] INFO  server.RaftServerConfigKeys (ConfUtils.java:logGet(44)) - raft.server.write.element-limit = 1024 (custom)
2021-10-04 02:05:05,872 [ec22a82e-7388-4328-8fb1-7bec7be40386@group-8194F89F6908-LeaderElection29] INFO  server.RaftServerConfigKeys (ConfUtils.java:logGet(44)) - raft.server.write.byte-limit = 1024 M (=1073741824) (custom)
2021-10-04 02:05:05,873 [ec22a82e-7388-4328-8fb1-7bec7be40386@group-8194F89F6908-LeaderElection29] INFO  server.RaftServerConfigKeys (ConfUtils.java:logGet(44)) - raft.server.watch.timeout = 180s (custom)
2021-10-04 02:05:05,873 [ec22a82e-7388-4328-8fb1-7bec7be40386@group-8194F89F6908-LeaderElection29] INFO  server.RaftServerConfigKeys (ConfUtils.java:logGet(44)) - raft.server.watch.timeout.denomination = 1s (default)
2021-10-04 02:05:05,873 [ec22a82e-7388-4328-8fb1-7bec7be40386@group-8194F89F6908-LeaderElection29] INFO  server.RaftServerConfigKeys (ConfUtils.java:logGet(44)) - raft.server.watch.element-limit = 65536 (default)
2021-10-04 02:05:05,873 [ec22a82e-7388-4328-8fb1-7bec7be40386@group-8194F89F6908-LeaderElection29] INFO  server.RaftServerConfigKeys (ConfUtils.java:logGet(44)) - raft.server.log.appender.snapshot.chunk.size.max = 16MB (=16777216) (default)
2021-10-04 02:05:05,873 [ec22a82e-7388-4328-8fb1-7bec7be40386@group-8194F89F6908-LeaderElection29] INFO  server.RaftServerConfigKeys (ConfUtils.java:logGet(44)) - raft.server.log.appender.buffer.byte-limit = 33554432 (custom)
2021-10-04 02:05:05,873 [ec22a82e-7388-4328-8fb1-7bec7be40386@group-8194F89F6908-LeaderElection29] INFO  server.RaftServerConfigKeys (ConfUtils.java:logGet(44)) - raft.server.log.appender.buffer.element-limit = 1 (custom)
2021-10-04 02:05:05,873 [ec22a82e-7388-4328-8fb1-7bec7be40386@group-8194F89F6908-LeaderElection29] INFO  grpc.GrpcConfigKeys (ConfUtils.java:logGet(44)) - raft.grpc.server.leader.outstanding.appends.max = 128 (default)
2021-10-04 02:05:05,874 [ec22a82e-7388-4328-8fb1-7bec7be40386@group-8194F89F6908-LeaderElection29] INFO  server.RaftServerConfigKeys (ConfUtils.java:logGet(44)) - raft.server.rpc.request.timeout = 60s (custom)
2021-10-04 02:05:05,874 [ec22a82e-7388-4328-8fb1-7bec7be40386@group-8194F89F6908-LeaderElection29] INFO  server.RaftServerConfigKeys (ConfUtils.java:logGet(44)) - raft.server.log.appender.install.snapshot.enabled = false (custom)
2021-10-04 02:05:05,874 [Datanode State Machine Thread - 0] WARN  statemachine.StateContext (StateContext.java:execute(621)) - No available thread in pool for past 1 seconds.
2021-10-04 02:05:05,876 [IPC Server handler 15 on default port 12113] INFO  net.NetworkTopologyImpl (NetworkTopologyImpl.java:add(112)) - Added a new node: /default-rack/ec22a82e-7388-4328-8fb1-7bec7be40386
2021-10-04 02:05:05,876 [IPC Server handler 15 on default port 12113] INFO  node.SCMNodeManager (SCMNodeManager.java:register(389)) - Registered Data node : ec22a82e-7388-4328-8fb1-7bec7be40386{ip: 127.0.0.1, host: localhost, ports: [REPLICATION=46461, RATIS=39209, RATIS_ADMIN=39209, RATIS_SERVER=39209, STANDALONE=35915], networkLocation: /default-rack, certSerialId: null, persistedOpState: null, persistedOpStateExpiryEpochSec: 0}
2021-10-04 02:05:05,876 [EventQueue-PipelineReportForPipelineReportHandler] INFO  pipeline.PipelineManagerImpl (PipelineManagerImpl.java:openPipeline(282)) - Pipeline Pipeline[ Id: 108b5ce9-dca6-416e-8789-8194f89f6908, Nodes: 0db60050-3417-4221-94cf-c6ca2a56f712{ip: 127.0.0.1, host: localhost, ports: [REPLICATION=43153, RATIS=44551, RATIS_ADMIN=44551, RATIS_SERVER=44551, STANDALONE=46239], networkLocation: /default-rack, certSerialId: null, persistedOpState: IN_SERVICE, persistedOpStateExpiryEpochSec: 0}ec22a82e-7388-4328-8fb1-7bec7be40386{ip: 127.0.0.1, host: localhost, ports: [REPLICATION=46461, RATIS=39209, RATIS_ADMIN=39209, RATIS_SERVER=39209, STANDALONE=35915], networkLocation: /default-rack, certSerialId: null, persistedOpState: IN_SERVICE, persistedOpStateExpiryEpochSec: 0}57ec436a-c908-4fec-986d-5c2664f6b5b6{ip: 127.0.0.1, host: localhost, ports: [REPLICATION=41263, RATIS=39069, RATIS_ADMIN=39069, RATIS_SERVER=39069, STANDALONE=38989], networkLocation: /default-rack, certSerialId: null, persistedOpState: IN_SERVICE, persistedOpStateExpiryEpochSec: 0}, ReplicationConfig: RATIS/THREE, State:ALLOCATED, leaderId:ec22a82e-7388-4328-8fb1-7bec7be40386, CreationTimestamp2021-10-04T02:04:47.910Z[Etc/UTC]] moved to OPEN state
2021-10-04 02:05:05,877 [EventQueue-PipelineReportForPipelineReportHandler] INFO  ha.SCMHAInvocationHandler (SCMHAInvocationHandler.java:invokeRatis(113)) - Invoking method public abstract void org.apache.hadoop.hdds.scm.pipeline.PipelineStateManager.updatePipelineState(org.apache.hadoop.hdds.protocol.proto.HddsProtos$PipelineID,org.apache.hadoop.hdds.protocol.proto.HddsProtos$PipelineState) throws java.io.IOException on target org.apache.hadoop.hdds.scm.ha.SCMRatisServerImpl@563734aa, cost 241.101us
2021-10-04 02:05:05,877 [EventQueue-OpenPipelineForHealthyPipelineSafeModeRule] INFO  safemode.SCMSafeModeManager (HealthyPipelineSafeModeRule.java:process(124)) - SCM in safe mode. Healthy pipelines reported count is 1, required healthy pipeline reported count is 1
2021-10-04 02:05:05,877 [EventQueue-OpenPipelineForHealthyPipelineSafeModeRule] INFO  safemode.SCMSafeModeManager (SCMSafeModeManager.java:validateSafeModeExitRules(204)) - HealthyPipelineSafeModeRule rule is successfully validated
2021-10-04 02:05:05,877 [EventQueue-OpenPipelineForHealthyPipelineSafeModeRule] INFO  safemode.SCMSafeModeManager (SCMSafeModeManager.java:validateSafeModeExitRules(219)) - ScmSafeModeManager, all rules are successfully validated
2021-10-04 02:05:05,877 [EventQueue-OpenPipelineForHealthyPipelineSafeModeRule] INFO  safemode.SCMSafeModeManager (SCMSafeModeManager.java:exitSafeMode(248)) - SCM exiting safe mode.
2021-10-04 02:05:05,877 [EventQueue-OpenPipelineForHealthyPipelineSafeModeRule] WARN  events.EventQueue (EventQueue.java:fireEvent(194)) - No event handler registered for event TypedEvent{payloadType=SafeModeStatus, name='Safe mode status'}
2021-10-04 02:05:05,877 [EventQueue-OpenPipelineForHealthyPipelineSafeModeRule] INFO  ha.SCMContext (SCMContext.java:updateSafeModeStatus(205)) - Update SafeModeStatus from SafeModeStatus{safeModeStatus=true, preCheckPassed=true} to SafeModeStatus{safeModeStatus=false, preCheckPassed=true}.
2021-10-04 02:05:05,881 [EventQueue-PipelineReportForPipelineReportHandler] INFO  pipeline.PipelineManagerImpl (PipelineManagerImpl.java:openPipeline(282)) - Pipeline Pipeline[ Id: 108b5ce9-dca6-416e-8789-8194f89f6908, Nodes: 0db60050-3417-4221-94cf-c6ca2a56f712{ip: 127.0.0.1, host: localhost, ports: [REPLICATION=43153, RATIS=44551, RATIS_ADMIN=44551, RATIS_SERVER=44551, STANDALONE=46239], networkLocation: /default-rack, certSerialId: null, persistedOpState: IN_SERVICE, persistedOpStateExpiryEpochSec: 0}ec22a82e-7388-4328-8fb1-7bec7be40386{ip: 127.0.0.1, host: localhost, ports: [REPLICATION=46461, RATIS=39209, RATIS_ADMIN=39209, RATIS_SERVER=39209, STANDALONE=35915], networkLocation: /default-rack, certSerialId: null, persistedOpState: IN_SERVICE, persistedOpStateExpiryEpochSec: 0}57ec436a-c908-4fec-986d-5c2664f6b5b6{ip: 127.0.0.1, host: localhost, ports: [REPLICATION=41263, RATIS=39069, RATIS_ADMIN=39069, RATIS_SERVER=39069, STANDALONE=38989], networkLocation: /default-rack, certSerialId: null, persistedOpState: IN_SERVICE, persistedOpStateExpiryEpochSec: 0}, ReplicationConfig: RATIS/THREE, State:ALLOCATED, leaderId:ec22a82e-7388-4328-8fb1-7bec7be40386, CreationTimestamp2021-10-04T02:04:47.910Z[Etc/UTC]] moved to OPEN state
2021-10-04 02:05:05,883 [ec22a82e-7388-4328-8fb1-7bec7be40386@group-8194F89F6908-LeaderElection29] INFO  server.RaftServerConfigKeys (ConfUtils.java:logGet(44)) - raft.server.log.appender.snapshot.chunk.size.max = 16MB (=16777216) (default)
2021-10-04 02:05:05,883 [ec22a82e-7388-4328-8fb1-7bec7be40386@group-8194F89F6908-LeaderElection29] INFO  server.RaftServerConfigKeys (ConfUtils.java:logGet(44)) - raft.server.log.appender.buffer.byte-limit = 33554432 (custom)
2021-10-04 02:05:05,883 [ec22a82e-7388-4328-8fb1-7bec7be40386@group-8194F89F6908-LeaderElection29] INFO  server.RaftServerConfigKeys (ConfUtils.java:logGet(44)) - raft.server.log.appender.buffer.element-limit = 1 (custom)
2021-10-04 02:05:05,883 [ec22a82e-7388-4328-8fb1-7bec7be40386@group-8194F89F6908-LeaderElection29] INFO  grpc.GrpcConfigKeys (ConfUtils.java:logGet(44)) - raft.grpc.server.leader.outstanding.appends.max = 128 (default)
2021-10-04 02:05:05,883 [ec22a82e-7388-4328-8fb1-7bec7be40386@group-8194F89F6908-LeaderElection29] INFO  server.RaftServerConfigKeys (ConfUtils.java:logGet(44)) - raft.server.rpc.request.timeout = 60s (custom)
2021-10-04 02:05:05,884 [ec22a82e-7388-4328-8fb1-7bec7be40386@group-8194F89F6908-LeaderElection29] INFO  server.RaftServerConfigKeys (ConfUtils.java:logGet(44)) - raft.server.log.appender.install.snapshot.enabled = false (custom)
2021-10-04 02:05:05,884 [ec22a82e-7388-4328-8fb1-7bec7be40386@group-8194F89F6908-LeaderElection29] INFO  impl.RoleInfo (RoleInfo.java:updateAndGet(130)) - ec22a82e-7388-4328-8fb1-7bec7be40386: start ec22a82e-7388-4328-8fb1-7bec7be40386@group-8194F89F6908-LeaderStateImpl
2021-10-04 02:05:05,885 [ec22a82e-7388-4328-8fb1-7bec7be40386@group-8194F89F6908-LeaderElection29] INFO  segmented.SegmentedRaftLogWorker (SegmentedRaftLogWorker.java:startLogSegment(394)) - ec22a82e-7388-4328-8fb1-7bec7be40386@group-8194F89F6908-SegmentedRaftLogWorker: Starting segment from index:0
2021-10-04 02:05:05,888 [grpc-default-executor-0] INFO  ratis.XceiverServerRatis (XceiverServerRatis.java:handleLeaderChangedNotification(861)) - Leader change notification received for group: group-8194F89F6908 with new leaderId: ec22a82e-7388-4328-8fb1-7bec7be40386
2021-10-04 02:05:05,888 [grpc-default-executor-0] INFO  server.RaftServer$Division (ServerState.java:setLeader(285)) - 0db60050-3417-4221-94cf-c6ca2a56f712@group-8194F89F6908: change Leader from null to ec22a82e-7388-4328-8fb1-7bec7be40386 at term 3 for appendEntries, leader elected after 15342ms
2021-10-04 02:05:05,888 [ec22a82e-7388-4328-8fb1-7bec7be40386@group-8194F89F6908-SegmentedRaftLogWorker] INFO  segmented.SegmentedRaftLogWorker (SegmentedRaftLogWorker.java:execute(601)) - ec22a82e-7388-4328-8fb1-7bec7be40386@group-8194F89F6908-SegmentedRaftLogWorker: created new log segment /home/runner/work/ozone/ozone/hadoop-ozone/integration-test/target/test-dir/MiniOzoneClusterImpl-aa9d709b-e9e6-4188-94b0-5e66da880090/datanode-1/data/ratis/108b5ce9-dca6-416e-8789-8194f89f6908/current/log_inprogress_0
2021-10-04 02:05:05,891 [ec22a82e-7388-4328-8fb1-7bec7be40386@group-8194F89F6908-LeaderElection29] INFO  server.RaftServer$Division (ServerState.java:setRaftConf(387)) - ec22a82e-7388-4328-8fb1-7bec7be40386@group-8194F89F6908: set configuration 0: [ec22a82e-7388-4328-8fb1-7bec7be40386|rpc:127.0.0.1:39209|dataStream:|priority:1, 0db60050-3417-4221-94cf-c6ca2a56f712|rpc:127.0.0.1:44551|dataStream:|priority:0, 57ec436a-c908-4fec-986d-5c2664f6b5b6|rpc:127.0.0.1:39069|dataStream:|priority:0], old=null
2021-10-04 02:05:05,920 [grpc-default-executor-2] INFO  ratis.XceiverServerRatis (XceiverServerRatis.java:handleLeaderChangedNotification(861)) - Leader change notification received for group: group-8194F89F6908 with new leaderId: ec22a82e-7388-4328-8fb1-7bec7be40386
2021-10-04 02:05:05,920 [grpc-default-executor-2] INFO  server.RaftServer$Division (ServerState.java:setLeader(285)) - 57ec436a-c908-4fec-986d-5c2664f6b5b6@group-8194F89F6908: change Leader from null to ec22a82e-7388-4328-8fb1-7bec7be40386 at term 3 for appendEntries, leader elected after 15434ms
2021-10-04 02:05:05,946 [grpc-default-executor-0] INFO  server.RaftServer$Division (ServerState.java:setRaftConf(387)) - 0db60050-3417-4221-94cf-c6ca2a56f712@group-8194F89F6908: set configuration 0: [ec22a82e-7388-4328-8fb1-7bec7be40386|rpc:127.0.0.1:39209|dataStream:|priority:1, 0db60050-3417-4221-94cf-c6ca2a56f712|rpc:127.0.0.1:44551|dataStream:|priority:0, 57ec436a-c908-4fec-986d-5c2664f6b5b6|rpc:127.0.0.1:39069|dataStream:|priority:0], old=null
2021-10-04 02:05:05,947 [grpc-default-executor-0] INFO  segmented.SegmentedRaftLogWorker (SegmentedRaftLogWorker.java:startLogSegment(394)) - 0db60050-3417-4221-94cf-c6ca2a56f712@group-8194F89F6908-SegmentedRaftLogWorker: Starting segment from index:0
2021-10-04 02:05:05,953 [EventQueue-PipelineReportForPipelineReportHandler] INFO  ha.SCMHAInvocationHandler (SCMHAInvocationHandler.java:invokeRatis(113)) - Invoking method public abstract void org.apache.hadoop.hdds.scm.pipeline.PipelineStateManager.updatePipelineState(org.apache.hadoop.hdds.protocol.proto.HddsProtos$PipelineID,org.apache.hadoop.hdds.protocol.proto.HddsProtos$PipelineState) throws java.io.IOException on target org.apache.hadoop.hdds.scm.ha.SCMRatisServerImpl@72dd0597, cost 71986.258us
2021-10-04 02:05:05,958 [0db60050-3417-4221-94cf-c6ca2a56f712@group-8194F89F6908-SegmentedRaftLogWorker] INFO  segmented.SegmentedRaftLogWorker (SegmentedRaftLogWorker.java:execute(601)) - 0db60050-3417-4221-94cf-c6ca2a56f712@group-8194F89F6908-SegmentedRaftLogWorker: created new log segment /home/runner/work/ozone/ozone/hadoop-ozone/integration-test/target/test-dir/MiniOzoneClusterImpl-aa9d709b-e9e6-4188-94b0-5e66da880090/datanode-2/data/ratis/108b5ce9-dca6-416e-8789-8194f89f6908/current/log_inprogress_0
2021-10-04 02:05:05,960 [94c0b71e-ed47-4cac-b73a-77caea691f8c@group-5E66DA880090-StateMachineUpdater] ERROR impl.StateMachineUpdater (StateMachineUpdater.java:run(191)) - 94c0b71e-ed47-4cac-b73a-77caea691f8c@group-5E66DA880090-StateMachineUpdater caught a Throwable.
java.lang.IllegalStateException: 94c0b71e-ed47-4cac-b73a-77caea691f8c: Failed updateLastAppliedTermIndex: newTI = (t:2, i:28) < oldTI = (t:2, i:128)
	at org.apache.ratis.util.Preconditions.assertTrue(Preconditions.java:72)
	at org.apache.ratis.statemachine.impl.BaseStateMachine.updateLastAppliedTermIndex(BaseStateMachine.java:142)
	at org.apache.hadoop.hdds.scm.ha.SCMStateMachine.notifyTermIndexUpdated(SCMStateMachine.java:303)
	at org.apache.ratis.server.impl.RaftServerImpl.applyLogToStateMachine(RaftServerImpl.java:1669)
	at org.apache.ratis.server.impl.StateMachineUpdater.applyLog(StateMachineUpdater.java:234)
	at org.apache.ratis.server.impl.StateMachineUpdater.run(StateMachineUpdater.java:179)
	at java.lang.Thread.run(Thread.java:748)
2021-10-04 02:05:05,960 [94c0b71e-ed47-4cac-b73a-77caea691f8c@group-5E66DA880090-StateMachineUpdater] INFO  server.RaftServer$Division (RaftServerImpl.java:lambda$close$4(407)) - 94c0b71e-ed47-4cac-b73a-77caea691f8c@group-5E66DA880090: shutdown
2021-10-04 02:05:05,960 [94c0b71e-ed47-4cac-b73a-77caea691f8c@group-5E66DA880090-StateMachineUpdater] INFO  util.JmxRegister (JmxRegister.java:unregister(73)) - Successfully un-registered JMX Bean with object name Ratis:service=RaftServer,group=group-5E66DA880090,id=94c0b71e-ed47-4cac-b73a-77caea691f8c
2021-10-04 02:05:05,960 [94c0b71e-ed47-4cac-b73a-77caea691f8c@group-5E66DA880090-StateMachineUpdater] INFO  impl.RoleInfo (RoleInfo.java:shutdownFollowerState(108)) - 94c0b71e-ed47-4cac-b73a-77caea691f8c: shutdown 94c0b71e-ed47-4cac-b73a-77caea691f8c@group-5E66DA880090-FollowerState
2021-10-04 02:05:05,978 [EventQueue-NewNodeForNewNodeHandler] INFO  pipeline.BackgroundPipelineCreator (BackgroundPipelineCreatorV2.java:notifyEventTriggered(279)) - ignore, not leader SCM.
2021-10-04 02:05:05,983 [grpc-default-executor-2] INFO  server.RaftServer$Division (ServerState.java:setRaftConf(387)) - 57ec436a-c908-4fec-986d-5c2664f6b5b6@group-8194F89F6908: set configuration 0: [ec22a82e-7388-4328-8fb1-7bec7be40386|rpc:127.0.0.1:39209|dataStream:|priority:1, 0db60050-3417-4221-94cf-c6ca2a56f712|rpc:127.0.0.1:44551|dataStream:|priority:0, 57ec436a-c908-4fec-986d-5c2664f6b5b6|rpc:127.0.0.1:39069|dataStream:|priority:0], old=null
2021-10-04 02:05:05,983 [grpc-default-executor-2] INFO  segmented.SegmentedRaftLogWorker (SegmentedRaftLogWorker.java:startLogSegment(394)) - 57ec436a-c908-4fec-986d-5c2664f6b5b6@group-8194F89F6908-SegmentedRaftLogWorker: Starting segment from index:0
2021-10-04 02:05:05,984 [94c0b71e-ed47-4cac-b73a-77caea691f8c@group-5E66DA880090-FollowerState] INFO  impl.FollowerState (FollowerState.java:run(143)) - 94c0b71e-ed47-4cac-b73a-77caea691f8c@group-5E66DA880090-FollowerState was interrupted: {}
java.lang.InterruptedException: sleep interrupted
	at java.lang.Thread.sleep(Native Method)
	at java.lang.Thread.sleep(Thread.java:340)
	at java.util.concurrent.TimeUnit.sleep(TimeUnit.java:386)
	at org.apache.ratis.util.TimeDuration.sleep(TimeDuration.java:324)
	at org.apache.ratis.util.TimeDuration.sleep(TimeDuration.java:309)
	at org.apache.ratis.server.impl.FollowerState.run(FollowerState.java:118)
2021-10-04 02:05:05,990 [2dc1c52f-fb9b-4367-bdf1-93ff3bf143d5@group-5E66DA880090-StateMachineUpdater] INFO  ha.SCMStateMachine (SCMStateMachine.java:takeSnapshot(290)) - Current Snapshot Index 30, takeSnapshot took 1 ms
2021-10-04 02:05:05,990 [2dc1c52f-fb9b-4367-bdf1-93ff3bf143d5@group-5E66DA880090-StateMachineUpdater] INFO  impl.StateMachineUpdater (StateMachineUpdater.java:takeSnapshot(281)) - 2dc1c52f-fb9b-4367-bdf1-93ff3bf143d5@group-5E66DA880090-StateMachineUpdater: Took a snapshot at index 30
2021-10-04 02:05:05,991 [2dc1c52f-fb9b-4367-bdf1-93ff3bf143d5@group-5E66DA880090-StateMachineUpdater] INFO  impl.StateMachineUpdater (StateMachineUpdater.java:lambda$new$0(89)) - 2dc1c52f-fb9b-4367-bdf1-93ff3bf143d5@group-5E66DA880090-StateMachineUpdater: snapshotIndex: updateIncreasingly 25 -> 30
2021-10-04 02:05:05,991 [2dc1c52f-fb9b-4367-bdf1-93ff3bf143d5@group-5E66DA880090-StateMachineUpdater] INFO  raftlog.RaftLog (RaftLogBase.java:purge(306)) - 2dc1c52f-fb9b-4367-bdf1-93ff3bf143d5@group-5E66DA880090-SegmentedRaftLog: purge 30
2021-10-04 02:05:05,991 [2dc1c52f-fb9b-4367-bdf1-93ff3bf143d5@group-5E66DA880090-StateMachineUpdater] INFO  raftlog.RaftLog (RaftLogBase.java:lambda$new$0(53)) - 2dc1c52f-fb9b-4367-bdf1-93ff3bf143d5@group-5E66DA880090-SegmentedRaftLog: snapshotIndex: updateIncreasingly 25 -> 30
2021-10-04 02:05:05,991 [2dc1c52f-fb9b-4367-bdf1-93ff3bf143d5@group-5E66DA880090-StateMachineUpdater] INFO  raftlog.RaftLog (RaftLogBase.java:lambda$new$0(53)) - 2dc1c52f-fb9b-4367-bdf1-93ff3bf143d5@group-5E66DA880090-SegmentedRaftLog: purgeIndex: updateToMax old=25, new=30, updated? true
2021-10-04 02:05:06,000 [94c0b71e-ed47-4cac-b73a-77caea691f8c@group-5E66DA880090-StateMachineUpdater] INFO  server.RaftServer$Division (ServerState.java:close(419)) - 94c0b71e-ed47-4cac-b73a-77caea691f8c@group-5E66DA880090: closes. applyIndex: 28
2021-10-04 02:05:06,000 [94c0b71e-ed47-4cac-b73a-77caea691f8c@group-5E66DA880090-SegmentedRaftLogWorker] INFO  segmented.SegmentedRaftLogWorker (SegmentedRaftLogWorker.java:run(327)) - 94c0b71e-ed47-4cac-b73a-77caea691f8c@group-5E66DA880090-SegmentedRaftLogWorker was interrupted, exiting. There are 0 tasks remaining in the queue.
2021-10-04 02:05:06,001 [57ec436a-c908-4fec-986d-5c2664f6b5b6@group-8194F89F6908-SegmentedRaftLogWorker] INFO  segmented.SegmentedRaftLogWorker (SegmentedRaftLogWorker.java:execute(601)) - 57ec436a-c908-4fec-986d-5c2664f6b5b6@group-8194F89F6908-SegmentedRaftLogWorker: created new log segment /home/runner/work/ozone/ozone/hadoop-ozone/integration-test/target/test-dir/MiniOzoneClusterImpl-aa9d709b-e9e6-4188-94b0-5e66da880090/datanode-0/data/ratis/108b5ce9-dca6-416e-8789-8194f89f6908/current/log_inprogress_0
2021-10-04 02:05:06,032 [94c0b71e-ed47-4cac-b73a-77caea691f8c@group-5E66DA880090-StateMachineUpdater] INFO  segmented.SegmentedRaftLogWorker (SegmentedRaftLogWorker.java:close(237)) - 94c0b71e-ed47-4cac-b73a-77caea691f8c@group-5E66DA880090-SegmentedRaftLogWorker close()
2021-10-04 02:05:06,039 [Listener at 127.0.0.1/10960] INFO  ha.SCMHAManagerImpl (SCMHAManagerImpl.java:installCheckpoint(227)) - Installing checkpoint with SCMTransactionInfo 2#25
2021-10-04 02:05:06,039 [Listener at 127.0.0.1/10960] WARN  ha.SCMHAManagerImpl (SCMHAManagerImpl.java:installCheckpoint(240)) - Cannot proceed with InstallSnapshot as SCM is at TermIndex (t:2, i:28) and checkpoint has lower TermIndex (t:2, i:25). Reloading old state of SCM.
2021-10-04 02:05:06,042 [Listener at 127.0.0.1/10960] INFO  ozone.MiniOzoneClusterImpl (MiniOzoneClusterImpl.java:shutdown(453)) - Shutting down the Mini Ozone Cluster
2021-10-04 02:05:06,043 [Listener at 127.0.0.1/10960] INFO  ozone.MiniOzoneHAClusterImpl (MiniOzoneHAClusterImpl.java:stop(298)) - Stopping the OzoneManager omNode-1
2021-10-04 02:05:06,043 [Listener at 127.0.0.1/10960] INFO  om.OzoneManager (OzoneManager.java:stop(1644)) - Stopping Ozone Manager
2021-10-04 02:05:06,043 [Listener at 127.0.0.1/10960] INFO  ipc.Server (Server.java:stop(3414)) - Stopping server on 10960
2021-10-04 02:05:06,082 [IPC Server Responder] INFO  ipc.Server (Server.java:run(1512)) - Stopping IPC Server Responder
2021-10-04 02:05:06,082 [IPC Server listener on 10960] INFO  ipc.Server (Server.java:run(1376)) - Stopping IPC Server listener on 10960
2021-10-04 02:05:06,082 [Listener at 127.0.0.1/10960] INFO  server.RaftServer (RaftServerProxy.java:lambda$close$6(391)) - omNode-1: close
2021-10-04 02:05:06,082 [Listener at 127.0.0.1/10960] INFO  server.RaftServer$Division (RaftServerImpl.java:lambda$close$4(407)) - omNode-1@group-523986131536: shutdown
2021-10-04 02:05:06,083 [Listener at 127.0.0.1/10960] INFO  util.JmxRegister (JmxRegister.java:unregister(73)) - Successfully un-registered JMX Bean with object name Ratis:service=RaftServer,group=group-523986131536,id=omNode-1
2021-10-04 02:05:06,083 [Listener at 127.0.0.1/10960] INFO  impl.RoleInfo (RoleInfo.java:shutdownLeaderState(91)) - omNode-1: shutdown omNode-1@group-523986131536-LeaderStateImpl
2021-10-04 02:05:06,083 [Listener at 127.0.0.1/10960] INFO  impl.PendingRequests (PendingRequests.java:sendNotLeaderResponses(282)) - omNode-1@group-523986131536-PendingRequests: sendNotLeaderResponses
2021-10-04 02:05:06,084 [Listener at 127.0.0.1/10960] INFO  impl.StateMachineUpdater (StateMachineUpdater.java:stopAndJoin(149)) - omNode-1@group-523986131536-StateMachineUpdater: set stopIndex = 0
2021-10-04 02:05:06,084 [omNode-1@group-523986131536-StateMachineUpdater] INFO  ratis.OzoneManagerStateMachine (OzoneManagerStateMachine.java:takeSnapshot(417)) - Current Snapshot Index (t:1, i:0)
2021-10-04 02:05:06,085 [omNode-1@group-523986131536-StateMachineUpdater] INFO  impl.StateMachineUpdater (StateMachineUpdater.java:takeSnapshot(281)) - omNode-1@group-523986131536-StateMachineUpdater: Took a snapshot at index 0
2021-10-04 02:05:06,085 [omNode-1@group-523986131536-StateMachineUpdater] INFO  impl.StateMachineUpdater (StateMachineUpdater.java:lambda$new$0(89)) - omNode-1@group-523986131536-StateMachineUpdater: snapshotIndex: updateIncreasingly -1 -> 0
2021-10-04 02:05:06,085 [omNode-1@group-523986131536-StateMachineUpdater] INFO  ratis.OzoneManagerStateMachine (OzoneManagerStateMachine.java:close(471)) - StateMachine has shutdown. Shutdown OzoneManager if not already shutdown.
2021-10-04 02:05:06,085 [Listener at 127.0.0.1/10960] INFO  server.RaftServer$Division (ServerState.java:close(419)) - omNode-1@group-523986131536: closes. applyIndex: 0
2021-10-04 02:05:06,085 [omNode-1@group-523986131536-SegmentedRaftLogWorker] INFO  segmented.SegmentedRaftLogWorker (SegmentedRaftLogWorker.java:run(327)) - omNode-1@group-523986131536-SegmentedRaftLogWorker was interrupted, exiting. There are 0 tasks remaining in the queue.
2021-10-04 02:05:06,087 [Listener at 127.0.0.1/10960] INFO  segmented.SegmentedRaftLogWorker (SegmentedRaftLogWorker.java:close(237)) - omNode-1@group-523986131536-SegmentedRaftLogWorker close()
2021-10-04 02:05:06,089 [Listener at 127.0.0.1/10960] INFO  server.GrpcService (GrpcService.java:closeImpl(262)) - omNode-1: shutdown server with port 10964 now
2021-10-04 02:05:06,090 [Listener at 127.0.0.1/10960] INFO  server.GrpcService (GrpcService.java:closeImpl(271)) - omNode-1: shutdown server with port 10964 successfully
2021-10-04 02:05:06,090 [org.apache.ratis.util.JvmPauseMonitor$$Lambda$499/1387671967@814fbee] INFO  util.JvmPauseMonitor (JvmPauseMonitor.java:run(109)) - JvmPauseMonitor-omNode-1: Stopped
2021-10-04 02:05:06,090 [Listener at 127.0.0.1/10960] INFO  ratis.OzoneManagerDoubleBuffer (OzoneManagerDoubleBuffer.java:stop(437)) - Stopping OMDoubleBuffer flush thread
2021-10-04 02:05:06,090 [OMDoubleBufferFlushThread] INFO  ratis.OzoneManagerDoubleBuffer (OzoneManagerDoubleBuffer.java:flushTransactions(356)) - OMDoubleBuffer flush thread OMDoubleBufferFlushThread is interrupted and will exit. OMDoubleBufferFlushThread
2021-10-04 02:05:06,090 [Listener at 127.0.0.1/10960] INFO  utils.BackgroundService (BackgroundService.java:shutdown(132)) - Shutting down service KeyDeletingService
2021-10-04 02:05:06,091 [Listener at 127.0.0.1/10960] INFO  utils.BackgroundService (BackgroundService.java:shutdown(132)) - Shutting down service DirectoryDeletingService
2021-10-04 02:05:06,092 [Listener at 127.0.0.1/10960] INFO  handler.ContextHandler (ContextHandler.java:doStop(1153)) - Stopped o.e.j.w.WebAppContext@403eab3{ozoneManager,/,null,STOPPED}{file:/home/runner/work/ozone/ozone/hadoop-ozone/integration-test/target/test-classes/webapps/ozoneManager}
2021-10-04 02:05:06,095 [Listener at 127.0.0.1/10960] INFO  server.AbstractConnector (AbstractConnector.java:doStop(381)) - Stopped ServerConnector@89ebacd{HTTP/1.1, (http/1.1)}{0.0.0.0:10962}
2021-10-04 02:05:06,096 [Listener at 127.0.0.1/10960] INFO  server.session (HouseKeeper.java:stopScavenging(149)) - node0 Stopped scavenging
2021-10-04 02:05:06,097 [Listener at 127.0.0.1/10960] INFO  handler.ContextHandler (ContextHandler.java:doStop(1153)) - Stopped o.e.j.s.ServletContextHandler@1582adc5{static,/static,file:///home/runner/work/ozone/ozone/hadoop-ozone/integration-test/target/test-classes/webapps/static,STOPPED}
2021-10-04 02:05:06,098 [Listener at 127.0.0.1/10960] INFO  handler.ContextHandler (ContextHandler.java:doStop(1153)) - Stopped o.e.j.s.ServletContextHandler@1ace122d{logs,/logs,file:///home/runner/work/ozone/ozone/hadoop-ozone/integration-test/target/log,STOPPED}
2021-10-04 02:05:06,104 [Listener at 127.0.0.1/10960] INFO  ozone.MiniOzoneHAClusterImpl (MiniOzoneHAClusterImpl.java:stop(306)) - Stopping the StorageContainerManager 2dc1c52f-fb9b-4367-bdf1-93ff3bf143d5
2021-10-04 02:05:06,106 [Listener at 127.0.0.1/10960] INFO  server.StorageContainerManager (StorageContainerManager.java:stop(1395)) - Stopping Container Balancer service.
2021-10-04 02:05:06,106 [Listener at 127.0.0.1/10960] INFO  balancer.ContainerBalancer (ContainerBalancer.java:stop(742)) - Container Balancer is not running.
2021-10-04 02:05:06,106 [Listener at 127.0.0.1/10960] INFO  server.StorageContainerManager (StorageContainerManager.java:stop(1402)) - Stopping Replication Manager Service.
2021-10-04 02:05:06,108 [Listener at 127.0.0.1/10960] INFO  container.ReplicationManager (ReplicationManager.java:stop(350)) - Stopping Replication Monitor Thread.
2021-10-04 02:05:06,108 [Listener at 127.0.0.1/10960] INFO  server.StorageContainerManager (StorageContainerManager.java:stop(1409)) - Stopping the Datanode Admin Monitor.
2021-10-04 02:05:06,109 [Listener at 127.0.0.1/10960] INFO  server.StorageContainerManager (StorageContainerManager.java:stop(1416)) - Stopping Lease Manager of the command watchers
2021-10-04 02:05:06,109 [Listener at 127.0.0.1/10960] INFO  server.StorageContainerManager (StorageContainerManager.java:stop(1423)) - Stopping datanode service RPC server
2021-10-04 02:05:06,109 [Listener at 127.0.0.1/10960] INFO  server.SCMDatanodeProtocolServer (SCMDatanodeProtocolServer.java:stop(389)) - Stopping the RPC server for DataNodes
2021-10-04 02:05:06,111 [Listener at 127.0.0.1/10960] INFO  ipc.Server (Server.java:stop(3414)) - Stopping server on 12093
2021-10-04 02:05:06,132 [IPC Server listener on 12093] INFO  ipc.Server (Server.java:run(1376)) - Stopping IPC Server listener on 12093
2021-10-04 02:05:06,132 [IPC Server Responder] INFO  ipc.Server (Server.java:run(1512)) - Stopping IPC Server Responder
2021-10-04 02:05:06,336 [EndpointStateMachine task thread for /127.0.0.1:12093 - 0 ] WARN  statemachine.EndpointStateMachine (EndpointStateMachine.java:logIfNeeded(236)) - Unable to communicate to SCM server at localhost:12093 for past 0 seconds.
java.io.EOFException: End of File Exception between local host is: "fv-az396-153/10.1.0.36"; destination host is: "localhost":12093; : java.io.EOFException; For more details see:  http://wiki.apache.org/hadoop/EOFException
	at sun.reflect.NativeConstructorAccessorImpl.newInstance0(Native Method)
	at sun.reflect.NativeConstructorAccessorImpl.newInstance(NativeConstructorAccessorImpl.java:62)
	at sun.reflect.DelegatingConstructorAccessorImpl.newInstance(DelegatingConstructorAccessorImpl.java:45)
	at java.lang.reflect.Constructor.newInstance(Constructor.java:423)
	at org.apache.hadoop.net.NetUtils.wrapWithMessage(NetUtils.java:913)
	at org.apache.hadoop.net.NetUtils.wrapException(NetUtils.java:862)
	at org.apache.hadoop.ipc.Client.getRpcResponse(Client.java:1577)
	at org.apache.hadoop.ipc.Client.call(Client.java:1519)
	at org.apache.hadoop.ipc.Client.call(Client.java:1416)
	at org.apache.hadoop.ipc.ProtobufRpcEngine$Invoker.invoke(ProtobufRpcEngine.java:236)
	at org.apache.hadoop.ipc.ProtobufRpcEngine$Invoker.invoke(ProtobufRpcEngine.java:123)
	at com.sun.proxy.$Proxy48.submitRequest(Unknown Source)
	at org.apache.hadoop.ozone.protocolPB.StorageContainerDatanodeProtocolClientSideTranslatorPB.submitRequest(StorageContainerDatanodeProtocolClientSideTranslatorPB.java:117)
	at org.apache.hadoop.ozone.protocolPB.StorageContainerDatanodeProtocolClientSideTranslatorPB.sendHeartbeat(StorageContainerDatanodeProtocolClientSideTranslatorPB.java:149)
	at org.apache.hadoop.ozone.container.common.states.endpoint.HeartbeatEndpointTask.call(HeartbeatEndpointTask.java:179)
	at org.apache.hadoop.ozone.container.common.states.endpoint.HeartbeatEndpointTask.call(HeartbeatEndpointTask.java:82)
	at java.util.concurrent.FutureTask.run(FutureTask.java:266)
	at java.util.concurrent.ThreadPoolExecutor.runWorker(ThreadPoolExecutor.java:1149)
	at java.util.concurrent.ThreadPoolExecutor$Worker.run(ThreadPoolExecutor.java:624)
	at java.lang.Thread.run(Thread.java:748)
Caused by: java.io.EOFException
	at java.io.DataInputStream.readInt(DataInputStream.java:392)
	at org.apache.hadoop.ipc.Client$IpcStreams.readResponse(Client.java:1892)
	at org.apache.hadoop.ipc.Client$Connection.receiveRpcResponse(Client.java:1202)
	at org.apache.hadoop.ipc.Client$Connection.run(Client.java:1098)
2021-10-04 02:05:06,337 [IPC Server handler 16 on default port 12113] INFO  net.NetworkTopologyImpl (NetworkTopologyImpl.java:add(112)) - Added a new node: /default-rack/57ec436a-c908-4fec-986d-5c2664f6b5b6
2021-10-04 02:05:06,338 [IPC Server handler 16 on default port 12113] INFO  node.SCMNodeManager (SCMNodeManager.java:register(389)) - Registered Data node : 57ec436a-c908-4fec-986d-5c2664f6b5b6{ip: 127.0.0.1, host: localhost, ports: [REPLICATION=41263, RATIS=39069, RATIS_ADMIN=39069, RATIS_SERVER=39069, STANDALONE=38989], networkLocation: /default-rack, certSerialId: null, persistedOpState: null, persistedOpStateExpiryEpochSec: 0}
2021-10-04 02:05:06,339 [EventQueue-NewNodeForNewNodeHandler] INFO  pipeline.BackgroundPipelineCreator (BackgroundPipelineCreatorV2.java:notifyEventTriggered(279)) - ignore, not leader SCM.
2021-10-04 02:05:06,432 [EndpointStateMachine task thread for /127.0.0.1:14511 - 0 ] INFO  ipc.Client (Client.java:handleConnectionFailure(977)) - Retrying connect to server: localhost/127.0.0.1:14511. Already tried 9 time(s); retry policy is RetryUpToMaximumCountWithFixedSleep(maxRetries=15, sleepTime=1000 MILLISECONDS)
2021-10-04 02:05:06,467 [IPC Server handler 17 on default port 12113] INFO  net.NetworkTopologyImpl (NetworkTopologyImpl.java:add(112)) - Added a new node: /default-rack/0db60050-3417-4221-94cf-c6ca2a56f712
2021-10-04 02:05:06,467 [IPC Server handler 17 on default port 12113] INFO  node.SCMNodeManager (SCMNodeManager.java:register(389)) - Registered Data node : 0db60050-3417-4221-94cf-c6ca2a56f712{ip: 127.0.0.1, host: localhost, ports: [REPLICATION=43153, RATIS=44551, RATIS_ADMIN=44551, RATIS_SERVER=44551, STANDALONE=46239], networkLocation: /default-rack, certSerialId: null, persistedOpState: null, persistedOpStateExpiryEpochSec: 0}
2021-10-04 02:05:06,467 [EventQueue-NewNodeForNewNodeHandler] INFO  pipeline.BackgroundPipelineCreator (BackgroundPipelineCreatorV2.java:notifyEventTriggered(279)) - ignore, not leader SCM.
2021-10-04 02:05:06,477 [EventQueue-PipelineReportForPipelineReportHandler] INFO  pipeline.PipelineManagerImpl (PipelineManagerImpl.java:openPipeline(282)) - Pipeline Pipeline[ Id: 108b5ce9-dca6-416e-8789-8194f89f6908, Nodes: 0db60050-3417-4221-94cf-c6ca2a56f712{ip: 127.0.0.1, host: localhost, ports: [REPLICATION=43153, RATIS=44551, RATIS_ADMIN=44551, RATIS_SERVER=44551, STANDALONE=46239], networkLocation: /default-rack, certSerialId: null, persistedOpState: IN_SERVICE, persistedOpStateExpiryEpochSec: 0}ec22a82e-7388-4328-8fb1-7bec7be40386{ip: 127.0.0.1, host: localhost, ports: [REPLICATION=46461, RATIS=39209, RATIS_ADMIN=39209, RATIS_SERVER=39209, STANDALONE=35915], networkLocation: /default-rack, certSerialId: null, persistedOpState: IN_SERVICE, persistedOpStateExpiryEpochSec: 0}57ec436a-c908-4fec-986d-5c2664f6b5b6{ip: 127.0.0.1, host: localhost, ports: [REPLICATION=41263, RATIS=39069, RATIS_ADMIN=39069, RATIS_SERVER=39069, STANDALONE=38989], networkLocation: /default-rack, certSerialId: null, persistedOpState: IN_SERVICE, persistedOpStateExpiryEpochSec: 0}, ReplicationConfig: RATIS/THREE, State:ALLOCATED, leaderId:ec22a82e-7388-4328-8fb1-7bec7be40386, CreationTimestamp2021-10-04T02:05:01.342Z[Etc/UTC]] moved to OPEN state
2021-10-04 02:05:06,511 [EventQueue-PipelineReportForPipelineReportHandler] ERROR events.SingleThreadExecutor (SingleThreadExecutor.java:lambda$onMessage$1(88)) - Error on execution message org.apache.hadoop.hdds.scm.server.SCMDatanodeHeartbeatDispatcher$PipelineReportFromDatanode@7c923458
java.lang.reflect.UndeclaredThrowableException
	at com.sun.proxy.$Proxy23.updatePipelineState(Unknown Source)
	at org.apache.hadoop.hdds.scm.pipeline.PipelineManagerImpl.openPipeline(PipelineManagerImpl.java:283)
	at org.apache.hadoop.hdds.scm.pipeline.PipelineReportHandler.processPipelineReport(PipelineReportHandler.java:133)
	at org.apache.hadoop.hdds.scm.pipeline.PipelineReportHandler.onMessage(PipelineReportHandler.java:92)
	at org.apache.hadoop.hdds.scm.pipeline.PipelineReportHandler.onMessage(PipelineReportHandler.java:51)
	at org.apache.hadoop.hdds.server.events.SingleThreadExecutor.lambda$onMessage$1(SingleThreadExecutor.java:85)
	at java.util.concurrent.ThreadPoolExecutor.runWorker(ThreadPoolExecutor.java:1149)
	at java.util.concurrent.ThreadPoolExecutor$Worker.run(ThreadPoolExecutor.java:624)
	at java.lang.Thread.run(Thread.java:748)
Caused by: java.util.concurrent.ExecutionException: org.apache.ratis.protocol.exceptions.ServerNotReadyException: 94c0b71e-ed47-4cac-b73a-77caea691f8c@group-5E66DA880090 is not in [RUNNING]: current state is CLOSED
	at java.util.concurrent.CompletableFuture.reportGet(CompletableFuture.java:357)
	at java.util.concurrent.CompletableFuture.get(CompletableFuture.java:1928)
	at org.apache.hadoop.hdds.scm.ha.SCMRatisServerImpl.submitRequest(SCMRatisServerImpl.java:223)
	at org.apache.hadoop.hdds.scm.ha.SCMHAInvocationHandler.invokeRatis(SCMHAInvocationHandler.java:110)
	at org.apache.hadoop.hdds.scm.ha.SCMHAInvocationHandler.invoke(SCMHAInvocationHandler.java:67)
	... 9 more
Caused by: org.apache.ratis.protocol.exceptions.ServerNotReadyException: 94c0b71e-ed47-4cac-b73a-77caea691f8c@group-5E66DA880090 is not in [RUNNING]: current state is CLOSED
	at org.apache.ratis.server.impl.RaftServerImpl.lambda$assertLifeCycleState$9(RaftServerImpl.java:667)
	at org.apache.ratis.util.LifeCycle.assertCurrentState(LifeCycle.java:253)
	at org.apache.ratis.server.impl.RaftServerImpl.assertLifeCycleState(RaftServerImpl.java:666)
	at org.apache.ratis.server.impl.RaftServerImpl.submitClientRequestAsync(RaftServerImpl.java:745)
	at org.apache.ratis.server.impl.RaftServerProxy.lambda$submitClientRequestAsync$9(RaftServerProxy.java:417)
	at org.apache.ratis.server.impl.RaftServerProxy.lambda$null$7(RaftServerProxy.java:412)
	at org.apache.ratis.util.JavaUtils.callAsUnchecked(JavaUtils.java:115)
	at org.apache.ratis.server.impl.RaftServerProxy.lambda$submitRequest$8(RaftServerProxy.java:412)
	at java.util.concurrent.CompletableFuture.uniComposeStage(CompletableFuture.java:995)
	at java.util.concurrent.CompletableFuture.thenCompose(CompletableFuture.java:2137)
	at org.apache.ratis.server.impl.RaftServerProxy.submitRequest(RaftServerProxy.java:411)
	at org.apache.ratis.server.impl.RaftServerProxy.submitClientRequestAsync(RaftServerProxy.java:417)
	at org.apache.hadoop.hdds.scm.ha.SCMRatisServerImpl.submitRequest(SCMRatisServerImpl.java:222)
	... 11 more
2021-10-04 02:05:06,585 [EndpointStateMachine task thread for /127.0.0.1:14521 - 0 ] INFO  ipc.Client (Client.java:handleConnectionFailure(977)) - Retrying connect to server: localhost/127.0.0.1:14521. Already tried 7 time(s); retry policy is RetryUpToMaximumCountWithFixedSleep(maxRetries=15, sleepTime=1000 MILLISECONDS)
2021-10-04 02:05:06,587 [EndpointStateMachine task thread for /127.0.0.1:14501 - 0 ] INFO  ipc.Client (Client.java:handleConnectionFailure(977)) - Retrying connect to server: localhost/127.0.0.1:14501. Already tried 9 time(s); retry policy is RetryUpToMaximumCountWithFixedSleep(maxRetries=15, sleepTime=1000 MILLISECONDS)
2021-10-04 02:05:06,876 [EventQueue-PipelineReportForPipelineReportHandler] INFO  pipeline.PipelineManagerImpl (PipelineManagerImpl.java:openPipeline(282)) - Pipeline Pipeline[ Id: 108b5ce9-dca6-416e-8789-8194f89f6908, Nodes: 0db60050-3417-4221-94cf-c6ca2a56f712{ip: 127.0.0.1, host: localhost, ports: [REPLICATION=43153, RATIS=44551, RATIS_ADMIN=44551, RATIS_SERVER=44551, STANDALONE=46239], networkLocation: /default-rack, certSerialId: null, persistedOpState: IN_SERVICE, persistedOpStateExpiryEpochSec: 0}ec22a82e-7388-4328-8fb1-7bec7be40386{ip: 127.0.0.1, host: localhost, ports: [REPLICATION=46461, RATIS=39209, RATIS_ADMIN=39209, RATIS_SERVER=39209, STANDALONE=35915], networkLocation: /default-rack, certSerialId: null, persistedOpState: IN_SERVICE, persistedOpStateExpiryEpochSec: 0}57ec436a-c908-4fec-986d-5c2664f6b5b6{ip: 127.0.0.1, host: localhost, ports: [REPLICATION=41263, RATIS=39069, RATIS_ADMIN=39069, RATIS_SERVER=39069, STANDALONE=38989], networkLocation: /default-rack, certSerialId: null, persistedOpState: IN_SERVICE, persistedOpStateExpiryEpochSec: 0}, ReplicationConfig: RATIS/THREE, State:ALLOCATED, leaderId:ec22a82e-7388-4328-8fb1-7bec7be40386, CreationTimestamp2021-10-04T02:05:01.342Z[Etc/UTC]] moved to OPEN state
2021-10-04 02:05:06,876 [EventQueue-PipelineReportForPipelineReportHandler] ERROR events.SingleThreadExecutor (SingleThreadExecutor.java:lambda$onMessage$1(88)) - Error on execution message org.apache.hadoop.hdds.scm.server.SCMDatanodeHeartbeatDispatcher$PipelineReportFromDatanode@33ac6a2
java.lang.reflect.UndeclaredThrowableException
	at com.sun.proxy.$Proxy23.updatePipelineState(Unknown Source)
	at org.apache.hadoop.hdds.scm.pipeline.PipelineManagerImpl.openPipeline(PipelineManagerImpl.java:283)
	at org.apache.hadoop.hdds.scm.pipeline.PipelineReportHandler.processPipelineReport(PipelineReportHandler.java:133)
	at org.apache.hadoop.hdds.scm.pipeline.PipelineReportHandler.onMessage(PipelineReportHandler.java:92)
	at org.apache.hadoop.hdds.scm.pipeline.PipelineReportHandler.onMessage(PipelineReportHandler.java:51)
	at org.apache.hadoop.hdds.server.events.SingleThreadExecutor.lambda$onMessage$1(SingleThreadExecutor.java:85)
	at java.util.concurrent.ThreadPoolExecutor.runWorker(ThreadPoolExecutor.java:1149)
	at java.util.concurrent.ThreadPoolExecutor$Worker.run(ThreadPoolExecutor.java:624)
	at java.lang.Thread.run(Thread.java:748)
Caused by: java.util.concurrent.ExecutionException: org.apache.ratis.protocol.exceptions.ServerNotReadyException: 94c0b71e-ed47-4cac-b73a-77caea691f8c@group-5E66DA880090 is not in [RUNNING]: current state is CLOSED
	at java.util.concurrent.CompletableFuture.reportGet(CompletableFuture.java:357)
	at java.util.concurrent.CompletableFuture.get(CompletableFuture.java:1928)
	at org.apache.hadoop.hdds.scm.ha.SCMRatisServerImpl.submitRequest(SCMRatisServerImpl.java:223)
	at org.apache.hadoop.hdds.scm.ha.SCMHAInvocationHandler.invokeRatis(SCMHAInvocationHandler.java:110)
	at org.apache.hadoop.hdds.scm.ha.SCMHAInvocationHandler.invoke(SCMHAInvocationHandler.java:67)
	... 9 more
Caused by: org.apache.ratis.protocol.exceptions.ServerNotReadyException: 94c0b71e-ed47-4cac-b73a-77caea691f8c@group-5E66DA880090 is not in [RUNNING]: current state is CLOSED
	at org.apache.ratis.server.impl.RaftServerImpl.lambda$assertLifeCycleState$9(RaftServerImpl.java:667)
	at org.apache.ratis.util.LifeCycle.assertCurrentState(LifeCycle.java:253)
	at org.apache.ratis.server.impl.RaftServerImpl.assertLifeCycleState(RaftServerImpl.java:666)
	at org.apache.ratis.server.impl.RaftServerImpl.submitClientRequestAsync(RaftServerImpl.java:745)
	at org.apache.ratis.server.impl.RaftServerProxy.lambda$submitClientRequestAsync$9(RaftServerProxy.java:417)
	at org.apache.ratis.server.impl.RaftServerProxy.lambda$null$7(RaftServerProxy.java:412)
	at org.apache.ratis.util.JavaUtils.callAsUnchecked(JavaUtils.java:115)
	at org.apache.ratis.server.impl.RaftServerProxy.lambda$submitRequest$8(RaftServerProxy.java:412)
	at java.util.concurrent.CompletableFuture.uniComposeStage(CompletableFuture.java:995)
	at java.util.concurrent.CompletableFuture.thenCompose(CompletableFuture.java:2137)
	at org.apache.ratis.server.impl.RaftServerProxy.submitRequest(RaftServerProxy.java:411)
	at org.apache.ratis.server.impl.RaftServerProxy.submitClientRequestAsync(RaftServerProxy.java:417)
	at org.apache.hadoop.hdds.scm.ha.SCMRatisServerImpl.submitRequest(SCMRatisServerImpl.java:222)
	... 11 more
2021-10-04 02:05:07,337 [EventQueue-PipelineReportForPipelineReportHandler] INFO  pipeline.PipelineManagerImpl (PipelineManagerImpl.java:openPipeline(282)) - Pipeline Pipeline[ Id: 108b5ce9-dca6-416e-8789-8194f89f6908, Nodes: 0db60050-3417-4221-94cf-c6ca2a56f712{ip: 127.0.0.1, host: localhost, ports: [REPLICATION=43153, RATIS=44551, RATIS_ADMIN=44551, RATIS_SERVER=44551, STANDALONE=46239], networkLocation: /default-rack, certSerialId: null, persistedOpState: IN_SERVICE, persistedOpStateExpiryEpochSec: 0}ec22a82e-7388-4328-8fb1-7bec7be40386{ip: 127.0.0.1, host: localhost, ports: [REPLICATION=46461, RATIS=39209, RATIS_ADMIN=39209, RATIS_SERVER=39209, STANDALONE=35915], networkLocation: /default-rack, certSerialId: null, persistedOpState: IN_SERVICE, persistedOpStateExpiryEpochSec: 0}57ec436a-c908-4fec-986d-5c2664f6b5b6{ip: 127.0.0.1, host: localhost, ports: [REPLICATION=41263, RATIS=39069, RATIS_ADMIN=39069, RATIS_SERVER=39069, STANDALONE=38989], networkLocation: /default-rack, certSerialId: null, persistedOpState: IN_SERVICE, persistedOpStateExpiryEpochSec: 0}, ReplicationConfig: RATIS/THREE, State:ALLOCATED, leaderId:ec22a82e-7388-4328-8fb1-7bec7be40386, CreationTimestamp2021-10-04T02:05:01.342Z[Etc/UTC]] moved to OPEN state
2021-10-04 02:05:07,337 [EventQueue-PipelineReportForPipelineReportHandler] ERROR events.SingleThreadExecutor (SingleThreadExecutor.java:lambda$onMessage$1(88)) - Error on execution message org.apache.hadoop.hdds.scm.server.SCMDatanodeHeartbeatDispatcher$PipelineReportFromDatanode@7105f59f
java.lang.reflect.UndeclaredThrowableException
	at com.sun.proxy.$Proxy23.updatePipelineState(Unknown Source)
	at org.apache.hadoop.hdds.scm.pipeline.PipelineManagerImpl.openPipeline(PipelineManagerImpl.java:283)
	at org.apache.hadoop.hdds.scm.pipeline.PipelineReportHandler.processPipelineReport(PipelineReportHandler.java:133)
	at org.apache.hadoop.hdds.scm.pipeline.PipelineReportHandler.onMessage(PipelineReportHandler.java:92)
	at org.apache.hadoop.hdds.scm.pipeline.PipelineReportHandler.onMessage(PipelineReportHandler.java:51)
	at org.apache.hadoop.hdds.server.events.SingleThreadExecutor.lambda$onMessage$1(SingleThreadExecutor.java:85)
	at java.util.concurrent.ThreadPoolExecutor.runWorker(ThreadPoolExecutor.java:1149)
	at java.util.concurrent.ThreadPoolExecutor$Worker.run(ThreadPoolExecutor.java:624)
	at java.lang.Thread.run(Thread.java:748)
Caused by: java.util.concurrent.ExecutionException: org.apache.ratis.protocol.exceptions.ServerNotReadyException: 94c0b71e-ed47-4cac-b73a-77caea691f8c@group-5E66DA880090 is not in [RUNNING]: current state is CLOSED
	at java.util.concurrent.CompletableFuture.reportGet(CompletableFuture.java:357)
	at java.util.concurrent.CompletableFuture.get(CompletableFuture.java:1928)
	at org.apache.hadoop.hdds.scm.ha.SCMRatisServerImpl.submitRequest(SCMRatisServerImpl.java:223)
	at org.apache.hadoop.hdds.scm.ha.SCMHAInvocationHandler.invokeRatis(SCMHAInvocationHandler.java:110)
	at org.apache.hadoop.hdds.scm.ha.SCMHAInvocationHandler.invoke(SCMHAInvocationHandler.java:67)
	... 9 more
Caused by: org.apache.ratis.protocol.exceptions.ServerNotReadyException: 94c0b71e-ed47-4cac-b73a-77caea691f8c@group-5E66DA880090 is not in [RUNNING]: current state is CLOSED
	at org.apache.ratis.server.impl.RaftServerImpl.lambda$assertLifeCycleState$9(RaftServerImpl.java:667)
	at org.apache.ratis.util.LifeCycle.assertCurrentState(LifeCycle.java:253)
	at org.apache.ratis.server.impl.RaftServerImpl.assertLifeCycleState(RaftServerImpl.java:666)
	at org.apache.ratis.server.impl.RaftServerImpl.submitClientRequestAsync(RaftServerImpl.java:745)
	at org.apache.ratis.server.impl.RaftServerProxy.lambda$submitClientRequestAsync$9(RaftServerProxy.java:417)
	at org.apache.ratis.server.impl.RaftServerProxy.lambda$null$7(RaftServerProxy.java:412)
	at org.apache.ratis.util.JavaUtils.callAsUnchecked(JavaUtils.java:115)
	at org.apache.ratis.server.impl.RaftServerProxy.lambda$submitRequest$8(RaftServerProxy.java:412)
	at java.util.concurrent.CompletableFuture.uniComposeStage(CompletableFuture.java:995)
	at java.util.concurrent.CompletableFuture.thenCompose(CompletableFuture.java:2137)
	at org.apache.ratis.server.impl.RaftServerProxy.submitRequest(RaftServerProxy.java:411)
	at org.apache.ratis.server.impl.RaftServerProxy.submitClientRequestAsync(RaftServerProxy.java:417)
	at org.apache.hadoop.hdds.scm.ha.SCMRatisServerImpl.submitRequest(SCMRatisServerImpl.java:222)
	... 11 more
2021-10-04 02:05:07,433 [EndpointStateMachine task thread for /127.0.0.1:14511 - 0 ] INFO  ipc.Client (Client.java:handleConnectionFailure(977)) - Retrying connect to server: localhost/127.0.0.1:14511. Already tried 10 time(s); retry policy is RetryUpToMaximumCountWithFixedSleep(maxRetries=15, sleepTime=1000 MILLISECONDS)
2021-10-04 02:05:07,461 [EventQueue-PipelineReportForPipelineReportHandler] INFO  pipeline.PipelineManagerImpl (PipelineManagerImpl.java:openPipeline(282)) - Pipeline Pipeline[ Id: 108b5ce9-dca6-416e-8789-8194f89f6908, Nodes: 0db60050-3417-4221-94cf-c6ca2a56f712{ip: 127.0.0.1, host: localhost, ports: [REPLICATION=43153, RATIS=44551, RATIS_ADMIN=44551, RATIS_SERVER=44551, STANDALONE=46239], networkLocation: /default-rack, certSerialId: null, persistedOpState: IN_SERVICE, persistedOpStateExpiryEpochSec: 0}ec22a82e-7388-4328-8fb1-7bec7be40386{ip: 127.0.0.1, host: localhost, ports: [REPLICATION=46461, RATIS=39209, RATIS_ADMIN=39209, RATIS_SERVER=39209, STANDALONE=35915], networkLocation: /default-rack, certSerialId: null, persistedOpState: IN_SERVICE, persistedOpStateExpiryEpochSec: 0}57ec436a-c908-4fec-986d-5c2664f6b5b6{ip: 127.0.0.1, host: localhost, ports: [REPLICATION=41263, RATIS=39069, RATIS_ADMIN=39069, RATIS_SERVER=39069, STANDALONE=38989], networkLocation: /default-rack, certSerialId: null, persistedOpState: IN_SERVICE, persistedOpStateExpiryEpochSec: 0}, ReplicationConfig: RATIS/THREE, State:ALLOCATED, leaderId:ec22a82e-7388-4328-8fb1-7bec7be40386, CreationTimestamp2021-10-04T02:05:01.342Z[Etc/UTC]] moved to OPEN state
2021-10-04 02:05:07,462 [EventQueue-PipelineReportForPipelineReportHandler] ERROR events.SingleThreadExecutor (SingleThreadExecutor.java:lambda$onMessage$1(88)) - Error on execution message org.apache.hadoop.hdds.scm.server.SCMDatanodeHeartbeatDispatcher$PipelineReportFromDatanode@54d73b9f
java.lang.reflect.UndeclaredThrowableException
	at com.sun.proxy.$Proxy23.updatePipelineState(Unknown Source)
	at org.apache.hadoop.hdds.scm.pipeline.PipelineManagerImpl.openPipeline(PipelineManagerImpl.java:283)
	at org.apache.hadoop.hdds.scm.pipeline.PipelineReportHandler.processPipelineReport(PipelineReportHandler.java:133)
	at org.apache.hadoop.hdds.scm.pipeline.PipelineReportHandler.onMessage(PipelineReportHandler.java:92)
	at org.apache.hadoop.hdds.scm.pipeline.PipelineReportHandler.onMessage(PipelineReportHandler.java:51)
	at org.apache.hadoop.hdds.server.events.SingleThreadExecutor.lambda$onMessage$1(SingleThreadExecutor.java:85)
	at java.util.concurrent.ThreadPoolExecutor.runWorker(ThreadPoolExecutor.java:1149)
	at java.util.concurrent.ThreadPoolExecutor$Worker.run(ThreadPoolExecutor.java:624)
	at java.lang.Thread.run(Thread.java:748)
Caused by: java.util.concurrent.ExecutionException: org.apache.ratis.protocol.exceptions.ServerNotReadyException: 94c0b71e-ed47-4cac-b73a-77caea691f8c@group-5E66DA880090 is not in [RUNNING]: current state is CLOSED
	at java.util.concurrent.CompletableFuture.reportGet(CompletableFuture.java:357)
	at java.util.concurrent.CompletableFuture.get(CompletableFuture.java:1928)
	at org.apache.hadoop.hdds.scm.ha.SCMRatisServerImpl.submitRequest(SCMRatisServerImpl.java:223)
	at org.apache.hadoop.hdds.scm.ha.SCMHAInvocationHandler.invokeRatis(SCMHAInvocationHandler.java:110)
	at org.apache.hadoop.hdds.scm.ha.SCMHAInvocationHandler.invoke(SCMHAInvocationHandler.java:67)
	... 9 more
Caused by: org.apache.ratis.protocol.exceptions.ServerNotReadyException: 94c0b71e-ed47-4cac-b73a-77caea691f8c@group-5E66DA880090 is not in [RUNNING]: current state is CLOSED
	at org.apache.ratis.server.impl.RaftServerImpl.lambda$assertLifeCycleState$9(RaftServerImpl.java:667)
	at org.apache.ratis.util.LifeCycle.assertCurrentState(LifeCycle.java:253)
	at org.apache.ratis.server.impl.RaftServerImpl.assertLifeCycleState(RaftServerImpl.java:666)
	at org.apache.ratis.server.impl.RaftServerImpl.submitClientRequestAsync(RaftServerImpl.java:745)
	at org.apache.ratis.server.impl.RaftServerProxy.lambda$submitClientRequestAsync$9(RaftServerProxy.java:417)
	at org.apache.ratis.server.impl.RaftServerProxy.lambda$null$7(RaftServerProxy.java:412)
	at org.apache.ratis.util.JavaUtils.callAsUnchecked(JavaUtils.java:115)
	at org.apache.ratis.server.impl.RaftServerProxy.lambda$submitRequest$8(RaftServerProxy.java:412)
	at java.util.concurrent.CompletableFuture.uniComposeStage(CompletableFuture.java:995)
	at java.util.concurrent.CompletableFuture.thenCompose(CompletableFuture.java:2137)
	at org.apache.ratis.server.impl.RaftServerProxy.submitRequest(RaftServerProxy.java:411)
	at org.apache.ratis.server.impl.RaftServerProxy.submitClientRequestAsync(RaftServerProxy.java:417)
	at org.apache.hadoop.hdds.scm.ha.SCMRatisServerImpl.submitRequest(SCMRatisServerImpl.java:222)
	... 11 more
2021-10-04 02:05:07,466 [EndpointStateMachine task thread for /127.0.0.1:12093 - 0 ] INFO  ipc.Client (Client.java:handleConnectionFailure(977)) - Retrying connect to server: localhost/127.0.0.1:12093. Already tried 0 time(s); retry policy is RetryUpToMaximumCountWithFixedSleep(maxRetries=15, sleepTime=1000 MILLISECONDS)
2021-10-04 02:05:07,585 [EndpointStateMachine task thread for /127.0.0.1:14521 - 0 ] INFO  ipc.Client (Client.java:handleConnectionFailure(977)) - Retrying connect to server: localhost/127.0.0.1:14521. Already tried 8 time(s); retry policy is RetryUpToMaximumCountWithFixedSleep(maxRetries=15, sleepTime=1000 MILLISECONDS)
2021-10-04 02:05:07,587 [EndpointStateMachine task thread for /127.0.0.1:14501 - 0 ] INFO  ipc.Client (Client.java:handleConnectionFailure(977)) - Retrying connect to server: localhost/127.0.0.1:14501. Already tried 10 time(s); retry policy is RetryUpToMaximumCountWithFixedSleep(maxRetries=15, sleepTime=1000 MILLISECONDS)
2021-10-04 02:05:07,604 [SCM Heartbeat Processing Thread - 0] WARN  node.NodeStateManager (NodeStateManager.java:scheduleNextHealthCheck(799)) - Current Thread is interrupted, shutting down HB processing thread for Node Manager.
2021-10-04 02:05:07,609 [Listener at 127.0.0.1/10960] INFO  server.StorageContainerManager (StorageContainerManager.java:stop(1431)) - Stopping block service RPC server
2021-10-04 02:05:07,609 [Listener at 127.0.0.1/10960] INFO  server.SCMBlockProtocolServer (SCMBlockProtocolServer.java:stop(160)) - Stopping the RPC server for Block Protocol
2021-10-04 02:05:07,610 [Listener at 127.0.0.1/10960] INFO  ipc.Server (Server.java:stop(3414)) - Stopping server on 12094
2021-10-04 02:05:07,620 [IPC Server listener on 12094] INFO  ipc.Server (Server.java:run(1376)) - Stopping IPC Server listener on 12094
2021-10-04 02:05:07,622 [Listener at 127.0.0.1/10960] INFO  server.StorageContainerManager (StorageContainerManager.java:stop(1438)) - Stopping the StorageContainerLocationProtocol RPC server
2021-10-04 02:05:07,622 [Listener at 127.0.0.1/10960] INFO  server.SCMClientProtocolServer (SCMClientProtocolServer.java:stop(173)) - Stopping the RPC server for Client Protocol
2021-10-04 02:05:07,622 [Listener at 127.0.0.1/10960] INFO  ipc.Server (Server.java:stop(3414)) - Stopping server on 12095
2021-10-04 02:05:07,622 [IPC Server Responder] INFO  ipc.Server (Server.java:run(1512)) - Stopping IPC Server Responder
2021-10-04 02:05:07,632 [IPC Server listener on 12095] INFO  ipc.Server (Server.java:run(1376)) - Stopping IPC Server listener on 12095
2021-10-04 02:05:07,634 [IPC Server Responder] INFO  ipc.Server (Server.java:run(1512)) - Stopping IPC Server Responder
2021-10-04 02:05:07,634 [Listener at 127.0.0.1/10960] INFO  server.StorageContainerManager (StorageContainerManager.java:stop(1445)) - Stopping Storage Container Manager HTTP server.
2021-10-04 02:05:07,635 [Listener at 127.0.0.1/10960] INFO  handler.ContextHandler (ContextHandler.java:doStop(1153)) - Stopped o.e.j.w.WebAppContext@5adf6039{scm,/,null,STOPPED}{file:/home/runner/work/ozone/ozone/hadoop-ozone/integration-test/target/test-classes/webapps/scm}
2021-10-04 02:05:07,636 [Listener at 127.0.0.1/10960] INFO  server.AbstractConnector (AbstractConnector.java:doStop(381)) - Stopped ServerConnector@70ce4b5d{HTTP/1.1, (http/1.1)}{0.0.0.0:12090}
2021-10-04 02:05:07,636 [Listener at 127.0.0.1/10960] INFO  server.session (HouseKeeper.java:stopScavenging(149)) - node0 Stopped scavenging
2021-10-04 02:05:07,636 [Listener at 127.0.0.1/10960] INFO  handler.ContextHandler (ContextHandler.java:doStop(1153)) - Stopped o.e.j.s.ServletContextHandler@5accbeae{static,/static,file:///home/runner/work/ozone/ozone/hadoop-ozone/integration-test/target/test-classes/webapps/static,STOPPED}
2021-10-04 02:05:07,636 [Listener at 127.0.0.1/10960] INFO  handler.ContextHandler (ContextHandler.java:doStop(1153)) - Stopped o.e.j.s.ServletContextHandler@2676837c{logs,/logs,file:///home/runner/work/ozone/ozone/hadoop-ozone/integration-test/target/log,STOPPED}
2021-10-04 02:05:07,638 [Listener at 127.0.0.1/10960] INFO  server.StorageContainerManager (StorageContainerManager.java:stop(1456)) - Stopping Block Manager Service.
2021-10-04 02:05:07,638 [Listener at 127.0.0.1/10960] INFO  utils.BackgroundService (BackgroundService.java:shutdown(132)) - Shutting down service SCMBlockDeletingService
2021-10-04 02:05:07,639 [Listener at 127.0.0.1/10960] INFO  utils.BackgroundService (BackgroundService.java:shutdown(132)) - Shutting down service SCMBlockDeletingService
2021-10-04 02:05:07,640 [Listener at 127.0.0.1/10960] INFO  server.StorageContainerManager (StorageContainerManager.java:stop(1483)) - Stopping SCM Event Queue.
2021-10-04 02:05:07,641 [Listener at 127.0.0.1/10960] INFO  server.StorageContainerManager (StorageContainerManager.java:stop(1494)) - Stopping SCM HA services.
2021-10-04 02:05:07,641 [Listener at 127.0.0.1/10960] INFO  ha.SCMRatisServerImpl (SCMRatisServerImpl.java:stop(236)) - stopping ratis server 0.0.0.0:12092
2021-10-04 02:05:07,641 [Listener at 127.0.0.1/10960] INFO  server.RaftServer (RaftServerProxy.java:lambda$close$6(391)) - 2dc1c52f-fb9b-4367-bdf1-93ff3bf143d5: close
2021-10-04 02:05:07,642 [Listener at 127.0.0.1/10960] INFO  server.RaftServer$Division (RaftServerImpl.java:lambda$close$4(407)) - 2dc1c52f-fb9b-4367-bdf1-93ff3bf143d5@group-5E66DA880090: shutdown
2021-10-04 02:05:07,642 [Listener at 127.0.0.1/10960] INFO  util.JmxRegister (JmxRegister.java:unregister(73)) - Successfully un-registered JMX Bean with object name Ratis:service=RaftServer,group=group-5E66DA880090,id=2dc1c52f-fb9b-4367-bdf1-93ff3bf143d5
2021-10-04 02:05:07,642 [Listener at 127.0.0.1/10960] INFO  impl.RoleInfo (RoleInfo.java:shutdownLeaderState(91)) - 2dc1c52f-fb9b-4367-bdf1-93ff3bf143d5: shutdown 2dc1c52f-fb9b-4367-bdf1-93ff3bf143d5@group-5E66DA880090-LeaderStateImpl
2021-10-04 02:05:07,642 [2dc1c52f-fb9b-4367-bdf1-93ff3bf143d5@group-5E66DA880090->d10ebfff-67c6-465e-b891-a6f4e9e1af69-GrpcLogAppender-LogAppenderDaemon] WARN  server.GrpcLogAppender (GrpcLogAppender.java:mayWait(175)) - 2dc1c52f-fb9b-4367-bdf1-93ff3bf143d5@group-5E66DA880090->d10ebfff-67c6-465e-b891-a6f4e9e1af69-GrpcLogAppender: Wait interrupted by java.lang.InterruptedException
2021-10-04 02:05:07,643 [grpc-default-executor-2] INFO  server.GrpcServerProtocolService (GrpcServerProtocolService.java:onCompleted(140)) - d10ebfff-67c6-465e-b891-a6f4e9e1af69: Completed APPEND_ENTRIES, lastRequest: 2dc1c52f-fb9b-4367-bdf1-93ff3bf143d5->d10ebfff-67c6-465e-b891-a6f4e9e1af69#902-t2,previous=(t:2, i:29),leaderCommit=29,initializing? true,entries: size=1, first=(t:2, i:30), METADATAENTRY(c:29)
2021-10-04 02:05:07,650 [grpc-default-executor-0] INFO  server.GrpcLogAppender (GrpcLogAppender.java:onCompleted(344)) - 2dc1c52f-fb9b-4367-bdf1-93ff3bf143d5@group-5E66DA880090->d10ebfff-67c6-465e-b891-a6f4e9e1af69-AppendLogResponseHandler: follower responses appendEntries COMPLETED
2021-10-04 02:05:07,650 [grpc-default-executor-0] INFO  leader.FollowerInfo (FollowerInfoImpl.java:lambda$new$0(46)) - 2dc1c52f-fb9b-4367-bdf1-93ff3bf143d5@group-5E66DA880090->d10ebfff-67c6-465e-b891-a6f4e9e1af69: nextIndex: updateUnconditionally 31 -> 30
2021-10-04 02:05:07,654 [2dc1c52f-fb9b-4367-bdf1-93ff3bf143d5@group-5E66DA880090->94c0b71e-ed47-4cac-b73a-77caea691f8c-GrpcLogAppender-LogAppenderDaemon] WARN  server.GrpcLogAppender (GrpcLogAppender.java:mayWait(175)) - 2dc1c52f-fb9b-4367-bdf1-93ff3bf143d5@group-5E66DA880090->94c0b71e-ed47-4cac-b73a-77caea691f8c-GrpcLogAppender: Wait interrupted by java.lang.InterruptedException
2021-10-04 02:05:07,654 [grpc-default-executor-0] INFO  server.GrpcServerProtocolService (GrpcServerProtocolService.java:onCompleted(140)) - 94c0b71e-ed47-4cac-b73a-77caea691f8c: Completed APPEND_ENTRIES, lastRequest: 2dc1c52f-fb9b-4367-bdf1-93ff3bf143d5->94c0b71e-ed47-4cac-b73a-77caea691f8c#43-t2,previous=(t:2, i:29),leaderCommit=29,initializing? true,entries: size=1, first=(t:2, i:30), METADATAENTRY(c:29)
2021-10-04 02:05:07,655 [Listener at 127.0.0.1/10960] INFO  impl.PendingRequests (PendingRequests.java:sendNotLeaderResponses(282)) - 2dc1c52f-fb9b-4367-bdf1-93ff3bf143d5@group-5E66DA880090-PendingRequests: sendNotLeaderResponses
2021-10-04 02:05:07,655 [grpc-default-executor-0] INFO  server.GrpcLogAppender (GrpcLogAppender.java:onCompleted(344)) - 2dc1c52f-fb9b-4367-bdf1-93ff3bf143d5@group-5E66DA880090->94c0b71e-ed47-4cac-b73a-77caea691f8c-AppendLogResponseHandler: follower responses appendEntries COMPLETED
2021-10-04 02:05:07,655 [grpc-default-executor-0] INFO  leader.FollowerInfo (FollowerInfoImpl.java:lambda$new$0(46)) - 2dc1c52f-fb9b-4367-bdf1-93ff3bf143d5@group-5E66DA880090->94c0b71e-ed47-4cac-b73a-77caea691f8c: nextIndex: updateUnconditionally 31 -> 30
2021-10-04 02:05:07,655 [Listener at 127.0.0.1/10960] INFO  ha.SCMStateMachine (SCMStateMachine.java:notifyNotLeader(183)) - current leader SCM steps down.
2021-10-04 02:05:07,656 [Listener at 127.0.0.1/10960] INFO  ha.SCMContext (SCMContext.java:updateLeaderAndTerm(88)) - update <isLeader,term> from <true,2> to <false,0>
2021-10-04 02:05:07,656 [Listener at 127.0.0.1/10960] INFO  ha.SCMContext (SCMContext.java:updateLeaderAndTerm(95)) - update <isLeaderReady> from <false> to <false>
2021-10-04 02:05:07,660 [Listener at 127.0.0.1/10960] INFO  impl.StateMachineUpdater (StateMachineUpdater.java:stopAndJoin(149)) - 2dc1c52f-fb9b-4367-bdf1-93ff3bf143d5@group-5E66DA880090-StateMachineUpdater: set stopIndex = 30
2021-10-04 02:05:07,664 [Listener at 127.0.0.1/10960] INFO  server.RaftServer$Division (ServerState.java:close(419)) - 2dc1c52f-fb9b-4367-bdf1-93ff3bf143d5@group-5E66DA880090: closes. applyIndex: 30
2021-10-04 02:05:07,664 [2dc1c52f-fb9b-4367-bdf1-93ff3bf143d5@group-5E66DA880090-SegmentedRaftLogWorker] INFO  segmented.SegmentedRaftLogWorker (SegmentedRaftLogWorker.java:run(327)) - 2dc1c52f-fb9b-4367-bdf1-93ff3bf143d5@group-5E66DA880090-SegmentedRaftLogWorker was interrupted, exiting. There are 0 tasks remaining in the queue.
2021-10-04 02:05:07,665 [Listener at 127.0.0.1/10960] INFO  segmented.SegmentedRaftLogWorker (SegmentedRaftLogWorker.java:close(237)) - 2dc1c52f-fb9b-4367-bdf1-93ff3bf143d5@group-5E66DA880090-SegmentedRaftLogWorker close()
2021-10-04 02:05:07,670 [Listener at 127.0.0.1/10960] INFO  server.GrpcService (GrpcService.java:closeImpl(262)) - 2dc1c52f-fb9b-4367-bdf1-93ff3bf143d5: shutdown server with port 12092 now
2021-10-04 02:05:07,679 [Listener at 127.0.0.1/10960] INFO  server.GrpcService (GrpcService.java:closeImpl(271)) - 2dc1c52f-fb9b-4367-bdf1-93ff3bf143d5: shutdown server with port 12092 successfully
2021-10-04 02:05:07,679 [org.apache.ratis.util.JvmPauseMonitor$$Lambda$499/1387671967@4800c946] INFO  util.JvmPauseMonitor (JvmPauseMonitor.java:run(109)) - JvmPauseMonitor-2dc1c52f-fb9b-4367-bdf1-93ff3bf143d5: Stopped
2021-10-04 02:05:07,680 [Listener at 127.0.0.1/10960] INFO  pipeline.BackgroundPipelineCreator (BackgroundPipelineCreatorV2.java:stop(158)) - Stopping RatisPipelineUtilsThread.
2021-10-04 02:05:07,681 [Listener at 127.0.0.1/10960] INFO  server.StorageContainerManager (StorageContainerManager.java:stop(1504)) - Stopping SCM MetadataStore.
2021-10-04 02:05:07,682 [Listener at 127.0.0.1/10960] INFO  impl.MetricsSystemImpl (MetricsSystemImpl.java:stop(210)) - Stopping StorageContainerManager metrics system...
2021-10-04 02:05:07,683 [prometheus] INFO  impl.MetricsSinkAdapter (MetricsSinkAdapter.java:publishMetricsFromQueue(141)) - prometheus thread interrupted.
2021-10-04 02:05:07,686 [Listener at 127.0.0.1/10960] INFO  impl.MetricsSystemImpl (MetricsSystemImpl.java:stop(216)) - StorageContainerManager metrics system stopped.
2021-10-04 02:05:07,686 [Listener at 127.0.0.1/10960] INFO  ozone.MiniOzoneHAClusterImpl (MiniOzoneHAClusterImpl.java:stop(306)) - Stopping the StorageContainerManager d10ebfff-67c6-465e-b891-a6f4e9e1af69
2021-10-04 02:05:07,689 [Listener at 127.0.0.1/10960] INFO  server.StorageContainerManager (StorageContainerManager.java:stop(1395)) - Stopping Container Balancer service.
2021-10-04 02:05:07,689 [Listener at 127.0.0.1/10960] INFO  balancer.ContainerBalancer (ContainerBalancer.java:stop(742)) - Container Balancer is not running.
2021-10-04 02:05:07,690 [Listener at 127.0.0.1/10960] INFO  server.StorageContainerManager (StorageContainerManager.java:stop(1402)) - Stopping Replication Manager Service.
2021-10-04 02:05:07,690 [Listener at 127.0.0.1/10960] INFO  container.ReplicationManager (ReplicationManager.java:stop(350)) - Stopping Replication Monitor Thread.
2021-10-04 02:05:07,690 [Listener at 127.0.0.1/10960] INFO  server.StorageContainerManager (StorageContainerManager.java:stop(1409)) - Stopping the Datanode Admin Monitor.
2021-10-04 02:05:07,690 [Listener at 127.0.0.1/10960] INFO  server.StorageContainerManager (StorageContainerManager.java:stop(1416)) - Stopping Lease Manager of the command watchers
2021-10-04 02:05:07,690 [Listener at 127.0.0.1/10960] INFO  server.StorageContainerManager (StorageContainerManager.java:stop(1423)) - Stopping datanode service RPC server
2021-10-04 02:05:07,690 [Listener at 127.0.0.1/10960] INFO  server.SCMDatanodeProtocolServer (SCMDatanodeProtocolServer.java:stop(389)) - Stopping the RPC server for DataNodes
2021-10-04 02:05:07,690 [Listener at 127.0.0.1/10960] INFO  ipc.Server (Server.java:stop(3414)) - Stopping server on 12103
2021-10-04 02:05:07,691 [IPC Server listener on 12103] INFO  ipc.Server (Server.java:run(1376)) - Stopping IPC Server listener on 12103
2021-10-04 02:05:07,696 [IPC Server Responder] INFO  ipc.Server (Server.java:run(1512)) - Stopping IPC Server Responder
2021-10-04 02:05:07,786 [SCM Heartbeat Processing Thread - 0] WARN  node.NodeStateManager (NodeStateManager.java:scheduleNextHealthCheck(799)) - Current Thread is interrupted, shutting down HB processing thread for Node Manager.
2021-10-04 02:05:07,787 [Listener at 127.0.0.1/10960] INFO  server.StorageContainerManager (StorageContainerManager.java:stop(1431)) - Stopping block service RPC server
2021-10-04 02:05:07,787 [Listener at 127.0.0.1/10960] INFO  server.SCMBlockProtocolServer (SCMBlockProtocolServer.java:stop(160)) - Stopping the RPC server for Block Protocol
2021-10-04 02:05:07,787 [Listener at 127.0.0.1/10960] INFO  ipc.Server (Server.java:stop(3414)) - Stopping server on 12104
2021-10-04 02:05:07,791 [IPC Server listener on 12104] INFO  ipc.Server (Server.java:run(1376)) - Stopping IPC Server listener on 12104
2021-10-04 02:05:07,794 [IPC Server Responder] INFO  ipc.Server (Server.java:run(1512)) - Stopping IPC Server Responder
2021-10-04 02:05:07,794 [Listener at 127.0.0.1/10960] INFO  server.StorageContainerManager (StorageContainerManager.java:stop(1438)) - Stopping the StorageContainerLocationProtocol RPC server
2021-10-04 02:05:07,794 [Listener at 127.0.0.1/10960] INFO  server.SCMClientProtocolServer (SCMClientProtocolServer.java:stop(173)) - Stopping the RPC server for Client Protocol
2021-10-04 02:05:07,794 [Listener at 127.0.0.1/10960] INFO  ipc.Server (Server.java:stop(3414)) - Stopping server on 12105
2021-10-04 02:05:07,796 [IPC Server listener on 12105] INFO  ipc.Server (Server.java:run(1376)) - Stopping IPC Server listener on 12105
2021-10-04 02:05:07,796 [IPC Server Responder] INFO  ipc.Server (Server.java:run(1512)) - Stopping IPC Server Responder
2021-10-04 02:05:07,797 [Listener at 127.0.0.1/10960] INFO  server.StorageContainerManager (StorageContainerManager.java:stop(1445)) - Stopping Storage Container Manager HTTP server.
2021-10-04 02:05:07,797 [Listener at 127.0.0.1/10960] INFO  handler.ContextHandler (ContextHandler.java:doStop(1153)) - Stopped o.e.j.w.WebAppContext@4dfb114e{scm,/,null,STOPPED}{file:/home/runner/work/ozone/ozone/hadoop-ozone/integration-test/target/test-classes/webapps/scm}
2021-10-04 02:05:07,798 [Listener at 127.0.0.1/10960] INFO  server.AbstractConnector (AbstractConnector.java:doStop(381)) - Stopped ServerConnector@1267c7b1{HTTP/1.1, (http/1.1)}{0.0.0.0:12100}
2021-10-04 02:05:07,798 [Listener at 127.0.0.1/10960] INFO  server.session (HouseKeeper.java:stopScavenging(149)) - node0 Stopped scavenging
2021-10-04 02:05:07,798 [Listener at 127.0.0.1/10960] INFO  handler.ContextHandler (ContextHandler.java:doStop(1153)) - Stopped o.e.j.s.ServletContextHandler@5223eb62{static,/static,file:///home/runner/work/ozone/ozone/hadoop-ozone/integration-test/target/test-classes/webapps/static,STOPPED}
2021-10-04 02:05:07,799 [Listener at 127.0.0.1/10960] INFO  handler.ContextHandler (ContextHandler.java:doStop(1153)) - Stopped o.e.j.s.ServletContextHandler@3770cb15{logs,/logs,file:///home/runner/work/ozone/ozone/hadoop-ozone/integration-test/target/log,STOPPED}
2021-10-04 02:05:07,802 [Listener at 127.0.0.1/10960] INFO  server.StorageContainerManager (StorageContainerManager.java:stop(1456)) - Stopping Block Manager Service.
2021-10-04 02:05:07,802 [Listener at 127.0.0.1/10960] INFO  utils.BackgroundService (BackgroundService.java:shutdown(132)) - Shutting down service SCMBlockDeletingService
2021-10-04 02:05:07,802 [Listener at 127.0.0.1/10960] INFO  utils.BackgroundService (BackgroundService.java:shutdown(132)) - Shutting down service SCMBlockDeletingService
2021-10-04 02:05:07,802 [Listener at 127.0.0.1/10960] INFO  server.StorageContainerManager (StorageContainerManager.java:stop(1483)) - Stopping SCM Event Queue.
2021-10-04 02:05:07,803 [Listener at 127.0.0.1/10960] INFO  server.StorageContainerManager (StorageContainerManager.java:stop(1494)) - Stopping SCM HA services.
2021-10-04 02:05:07,804 [Listener at 127.0.0.1/10960] INFO  ha.SCMRatisServerImpl (SCMRatisServerImpl.java:stop(236)) - stopping ratis server 0.0.0.0:12102
2021-10-04 02:05:07,804 [Listener at 127.0.0.1/10960] INFO  server.RaftServer (RaftServerProxy.java:lambda$close$6(391)) - d10ebfff-67c6-465e-b891-a6f4e9e1af69: close
2021-10-04 02:05:07,804 [Listener at 127.0.0.1/10960] INFO  server.RaftServer$Division (RaftServerImpl.java:lambda$close$4(407)) - d10ebfff-67c6-465e-b891-a6f4e9e1af69@group-5E66DA880090: shutdown
2021-10-04 02:05:07,804 [Listener at 127.0.0.1/10960] INFO  util.JmxRegister (JmxRegister.java:unregister(73)) - Successfully un-registered JMX Bean with object name Ratis:service=RaftServer,group=group-5E66DA880090,id=d10ebfff-67c6-465e-b891-a6f4e9e1af69
2021-10-04 02:05:07,805 [Listener at 127.0.0.1/10960] INFO  impl.RoleInfo (RoleInfo.java:shutdownFollowerState(108)) - d10ebfff-67c6-465e-b891-a6f4e9e1af69: shutdown d10ebfff-67c6-465e-b891-a6f4e9e1af69@group-5E66DA880090-FollowerState
2021-10-04 02:05:07,805 [Listener at 127.0.0.1/10960] INFO  impl.StateMachineUpdater (StateMachineUpdater.java:stopAndJoin(149)) - d10ebfff-67c6-465e-b891-a6f4e9e1af69@group-5E66DA880090-StateMachineUpdater: set stopIndex = 29
2021-10-04 02:05:07,805 [d10ebfff-67c6-465e-b891-a6f4e9e1af69@group-5E66DA880090-StateMachineUpdater] INFO  ha.SCMStateMachine (SCMStateMachine.java:takeSnapshot(290)) - Current Snapshot Index 29, takeSnapshot took 1 ms
2021-10-04 02:05:07,805 [d10ebfff-67c6-465e-b891-a6f4e9e1af69@group-5E66DA880090-StateMachineUpdater] INFO  impl.StateMachineUpdater (StateMachineUpdater.java:takeSnapshot(281)) - d10ebfff-67c6-465e-b891-a6f4e9e1af69@group-5E66DA880090-StateMachineUpdater: Took a snapshot at index 29
2021-10-04 02:05:07,805 [d10ebfff-67c6-465e-b891-a6f4e9e1af69@group-5E66DA880090-StateMachineUpdater] INFO  impl.StateMachineUpdater (StateMachineUpdater.java:lambda$new$0(89)) - d10ebfff-67c6-465e-b891-a6f4e9e1af69@group-5E66DA880090-StateMachineUpdater: snapshotIndex: updateIncreasingly 25 -> 29
2021-10-04 02:05:07,805 [d10ebfff-67c6-465e-b891-a6f4e9e1af69@group-5E66DA880090-FollowerState] INFO  impl.FollowerState (FollowerState.java:run(143)) - d10ebfff-67c6-465e-b891-a6f4e9e1af69@group-5E66DA880090-FollowerState was interrupted: {}
java.lang.InterruptedException: sleep interrupted
	at java.lang.Thread.sleep(Native Method)
	at java.lang.Thread.sleep(Thread.java:340)
	at java.util.concurrent.TimeUnit.sleep(TimeUnit.java:386)
	at org.apache.ratis.util.TimeDuration.sleep(TimeDuration.java:324)
	at org.apache.ratis.util.TimeDuration.sleep(TimeDuration.java:309)
	at org.apache.ratis.server.impl.FollowerState.run(FollowerState.java:118)
2021-10-04 02:05:07,806 [Listener at 127.0.0.1/10960] INFO  server.RaftServer$Division (ServerState.java:close(419)) - d10ebfff-67c6-465e-b891-a6f4e9e1af69@group-5E66DA880090: closes. applyIndex: 28
2021-10-04 02:05:07,806 [d10ebfff-67c6-465e-b891-a6f4e9e1af69@group-5E66DA880090-SegmentedRaftLogWorker] INFO  segmented.SegmentedRaftLogWorker (SegmentedRaftLogWorker.java:run(327)) - d10ebfff-67c6-465e-b891-a6f4e9e1af69@group-5E66DA880090-SegmentedRaftLogWorker was interrupted, exiting. There are 0 tasks remaining in the queue.
2021-10-04 02:05:07,806 [Listener at 127.0.0.1/10960] INFO  segmented.SegmentedRaftLogWorker (SegmentedRaftLogWorker.java:close(237)) - d10ebfff-67c6-465e-b891-a6f4e9e1af69@group-5E66DA880090-SegmentedRaftLogWorker close()
2021-10-04 02:05:07,808 [Listener at 127.0.0.1/10960] INFO  server.GrpcService (GrpcService.java:closeImpl(262)) - d10ebfff-67c6-465e-b891-a6f4e9e1af69: shutdown server with port 12102 now
2021-10-04 02:05:07,812 [Listener at 127.0.0.1/10960] INFO  server.GrpcService (GrpcService.java:closeImpl(271)) - d10ebfff-67c6-465e-b891-a6f4e9e1af69: shutdown server with port 12102 successfully
2021-10-04 02:05:07,813 [org.apache.ratis.util.JvmPauseMonitor$$Lambda$499/1387671967@24408aa1] INFO  util.JvmPauseMonitor (JvmPauseMonitor.java:run(109)) - JvmPauseMonitor-d10ebfff-67c6-465e-b891-a6f4e9e1af69: Stopped
2021-10-04 02:05:07,813 [Listener at 127.0.0.1/10960] INFO  pipeline.BackgroundPipelineCreator (BackgroundPipelineCreatorV2.java:stop(158)) - Stopping RatisPipelineUtilsThread.
2021-10-04 02:05:07,813 [Listener at 127.0.0.1/10960] INFO  server.StorageContainerManager (StorageContainerManager.java:stop(1504)) - Stopping SCM MetadataStore.
2021-10-04 02:05:07,814 [Listener at 127.0.0.1/10960] INFO  impl.MetricsSystemImpl (MetricsSystemImpl.java:stop(205)) - StorageContainerManager metrics system stopped (again)
2021-10-04 02:05:07,814 [Listener at 127.0.0.1/10960] INFO  ozone.MiniOzoneHAClusterImpl (MiniOzoneHAClusterImpl.java:stop(306)) - Stopping the StorageContainerManager 94c0b71e-ed47-4cac-b73a-77caea691f8c
2021-10-04 02:05:07,815 [Listener at 127.0.0.1/10960] INFO  server.StorageContainerManager (StorageContainerManager.java:stop(1395)) - Stopping Container Balancer service.
2021-10-04 02:05:07,815 [Listener at 127.0.0.1/10960] INFO  balancer.ContainerBalancer (ContainerBalancer.java:stop(742)) - Container Balancer is not running.
2021-10-04 02:05:07,815 [Listener at 127.0.0.1/10960] INFO  server.StorageContainerManager (StorageContainerManager.java:stop(1402)) - Stopping Replication Manager Service.
2021-10-04 02:05:07,815 [Listener at 127.0.0.1/10960] INFO  container.ReplicationManager (ReplicationManager.java:stop(350)) - Stopping Replication Monitor Thread.
2021-10-04 02:05:07,815 [Listener at 127.0.0.1/10960] INFO  server.StorageContainerManager (StorageContainerManager.java:stop(1409)) - Stopping the Datanode Admin Monitor.
2021-10-04 02:05:07,821 [Listener at 127.0.0.1/10960] INFO  server.StorageContainerManager (StorageContainerManager.java:stop(1416)) - Stopping Lease Manager of the command watchers
2021-10-04 02:05:07,821 [Listener at 127.0.0.1/10960] INFO  server.StorageContainerManager (StorageContainerManager.java:stop(1423)) - Stopping datanode service RPC server
2021-10-04 02:05:07,822 [Listener at 127.0.0.1/10960] INFO  server.SCMDatanodeProtocolServer (SCMDatanodeProtocolServer.java:stop(389)) - Stopping the RPC server for DataNodes
2021-10-04 02:05:07,822 [Listener at 127.0.0.1/10960] INFO  ipc.Server (Server.java:stop(3414)) - Stopping server on 12113
2021-10-04 02:05:07,825 [IPC Server listener on 12113] INFO  ipc.Server (Server.java:run(1376)) - Stopping IPC Server listener on 12113
2021-10-04 02:05:07,825 [IPC Server Responder] INFO  ipc.Server (Server.java:run(1512)) - Stopping IPC Server Responder
2021-10-04 02:05:07,875 [Datanode State Machine Thread - 0] ERROR datanode.RunningDatanodeState (RunningDatanodeState.java:computeNextContainerState(199)) - Error in executing end point task.
java.util.concurrent.ExecutionException: java.util.concurrent.TimeoutException
	at java.util.concurrent.FutureTask.report(FutureTask.java:122)
	at java.util.concurrent.FutureTask.get(FutureTask.java:192)
	at org.apache.hadoop.ozone.container.common.states.datanode.RunningDatanodeState.computeNextContainerState(RunningDatanodeState.java:191)
	at org.apache.hadoop.ozone.container.common.states.datanode.RunningDatanodeState.await(RunningDatanodeState.java:231)
	at org.apache.hadoop.ozone.container.common.states.datanode.RunningDatanodeState.await(RunningDatanodeState.java:50)
	at org.apache.hadoop.ozone.container.common.statemachine.StateContext.execute(StateContext.java:629)
	at org.apache.hadoop.ozone.container.common.statemachine.DatanodeStateMachine.start(DatanodeStateMachine.java:270)
	at org.apache.hadoop.ozone.container.common.statemachine.DatanodeStateMachine.lambda$startDaemon$0(DatanodeStateMachine.java:457)
	at java.lang.Thread.run(Thread.java:748)
Caused by: java.util.concurrent.TimeoutException
	at java.util.concurrent.FutureTask.get(FutureTask.java:205)
	at org.apache.hadoop.ozone.container.common.states.datanode.RunningDatanodeState.lambda$execute$0(RunningDatanodeState.java:149)
	at java.util.concurrent.FutureTask.run(FutureTask.java:266)
	at java.util.concurrent.Executors$RunnableAdapter.call(Executors.java:511)
	at java.util.concurrent.FutureTask.run(FutureTask.java:266)
	at java.util.concurrent.ThreadPoolExecutor.runWorker(ThreadPoolExecutor.java:1149)
	at java.util.concurrent.ThreadPoolExecutor$Worker.run(ThreadPoolExecutor.java:624)
	... 1 more
2021-10-04 02:05:07,876 [EndpointStateMachine task thread for /127.0.0.1:12103 - 0 ] WARN  statemachine.EndpointStateMachine (EndpointStateMachine.java:logIfNeeded(236)) - Unable to communicate to SCM server at 127.0.0.1:12103 for past 0 seconds.
java.io.EOFException: End of File Exception between local host is: "fv-az396-153/10.1.0.36"; destination host is: "localhost":12103; : java.io.EOFException; For more details see:  http://wiki.apache.org/hadoop/EOFException
	at sun.reflect.NativeConstructorAccessorImpl.newInstance0(Native Method)
	at sun.reflect.NativeConstructorAccessorImpl.newInstance(NativeConstructorAccessorImpl.java:62)
	at sun.reflect.DelegatingConstructorAccessorImpl.newInstance(DelegatingConstructorAccessorImpl.java:45)
	at java.lang.reflect.Constructor.newInstance(Constructor.java:423)
	at org.apache.hadoop.net.NetUtils.wrapWithMessage(NetUtils.java:913)
	at org.apache.hadoop.net.NetUtils.wrapException(NetUtils.java:862)
	at org.apache.hadoop.ipc.Client.getRpcResponse(Client.java:1577)
	at org.apache.hadoop.ipc.Client.call(Client.java:1519)
	at org.apache.hadoop.ipc.Client.call(Client.java:1416)
	at org.apache.hadoop.ipc.ProtobufRpcEngine$Invoker.invoke(ProtobufRpcEngine.java:236)
	at org.apache.hadoop.ipc.ProtobufRpcEngine$Invoker.invoke(ProtobufRpcEngine.java:123)
	at com.sun.proxy.$Proxy48.submitRequest(Unknown Source)
	at org.apache.hadoop.ozone.protocolPB.StorageContainerDatanodeProtocolClientSideTranslatorPB.submitRequest(StorageContainerDatanodeProtocolClientSideTranslatorPB.java:117)
	at org.apache.hadoop.ozone.protocolPB.StorageContainerDatanodeProtocolClientSideTranslatorPB.sendHeartbeat(StorageContainerDatanodeProtocolClientSideTranslatorPB.java:149)
	at org.apache.hadoop.ozone.container.common.states.endpoint.HeartbeatEndpointTask.call(HeartbeatEndpointTask.java:179)
	at org.apache.hadoop.ozone.container.common.states.endpoint.HeartbeatEndpointTask.call(HeartbeatEndpointTask.java:82)
	at java.util.concurrent.FutureTask.run(FutureTask.java:266)
	at java.util.concurrent.ThreadPoolExecutor.runWorker(ThreadPoolExecutor.java:1149)
	at java.util.concurrent.ThreadPoolExecutor$Worker.run(ThreadPoolExecutor.java:624)
	at java.lang.Thread.run(Thread.java:748)
Caused by: java.io.EOFException
	at java.io.DataInputStream.readInt(DataInputStream.java:392)
	at org.apache.hadoop.ipc.Client$IpcStreams.readResponse(Client.java:1892)
	at org.apache.hadoop.ipc.Client$Connection.receiveRpcResponse(Client.java:1202)
	at org.apache.hadoop.ipc.Client$Connection.run(Client.java:1098)
2021-10-04 02:05:07,880 [SCM Heartbeat Processing Thread - 0] WARN  node.NodeStateManager (NodeStateManager.java:scheduleNextHealthCheck(799)) - Current Thread is interrupted, shutting down HB processing thread for Node Manager.
2021-10-04 02:05:07,880 [Listener at 127.0.0.1/10960] INFO  server.StorageContainerManager (StorageContainerManager.java:stop(1431)) - Stopping block service RPC server
2021-10-04 02:05:07,880 [Listener at 127.0.0.1/10960] INFO  server.SCMBlockProtocolServer (SCMBlockProtocolServer.java:stop(160)) - Stopping the RPC server for Block Protocol
2021-10-04 02:05:07,880 [Listener at 127.0.0.1/10960] INFO  ipc.Server (Server.java:stop(3414)) - Stopping server on 12114
2021-10-04 02:05:07,881 [IPC Server listener on 12114] INFO  ipc.Server (Server.java:run(1376)) - Stopping IPC Server listener on 12114
2021-10-04 02:05:07,881 [EndpointStateMachine task thread for /127.0.0.1:12113 - 0 ] WARN  statemachine.EndpointStateMachine (EndpointStateMachine.java:logIfNeeded(236)) - Unable to communicate to SCM server at localhost:12113 for past 0 seconds.
java.io.EOFException: End of File Exception between local host is: "fv-az396-153/10.1.0.36"; destination host is: "localhost":12113; : java.io.EOFException; For more details see:  http://wiki.apache.org/hadoop/EOFException
	at sun.reflect.NativeConstructorAccessorImpl.newInstance0(Native Method)
	at sun.reflect.NativeConstructorAccessorImpl.newInstance(NativeConstructorAccessorImpl.java:62)
	at sun.reflect.DelegatingConstructorAccessorImpl.newInstance(DelegatingConstructorAccessorImpl.java:45)
	at java.lang.reflect.Constructor.newInstance(Constructor.java:423)
	at org.apache.hadoop.net.NetUtils.wrapWithMessage(NetUtils.java:913)
	at org.apache.hadoop.net.NetUtils.wrapException(NetUtils.java:862)
	at org.apache.hadoop.ipc.Client.getRpcResponse(Client.java:1577)
	at org.apache.hadoop.ipc.Client.call(Client.java:1519)
	at org.apache.hadoop.ipc.Client.call(Client.java:1416)
	at org.apache.hadoop.ipc.ProtobufRpcEngine$Invoker.invoke(ProtobufRpcEngine.java:236)
	at org.apache.hadoop.ipc.ProtobufRpcEngine$Invoker.invoke(ProtobufRpcEngine.java:123)
	at com.sun.proxy.$Proxy48.submitRequest(Unknown Source)
	at org.apache.hadoop.ozone.protocolPB.StorageContainerDatanodeProtocolClientSideTranslatorPB.submitRequest(StorageContainerDatanodeProtocolClientSideTranslatorPB.java:117)
	at org.apache.hadoop.ozone.protocolPB.StorageContainerDatanodeProtocolClientSideTranslatorPB.sendHeartbeat(StorageContainerDatanodeProtocolClientSideTranslatorPB.java:149)
	at org.apache.hadoop.ozone.container.common.states.endpoint.HeartbeatEndpointTask.call(HeartbeatEndpointTask.java:179)
	at org.apache.hadoop.ozone.container.common.states.endpoint.HeartbeatEndpointTask.call(HeartbeatEndpointTask.java:82)
	at java.util.concurrent.FutureTask.run(FutureTask.java:266)
	at java.util.concurrent.ThreadPoolExecutor.runWorker(ThreadPoolExecutor.java:1149)
	at java.util.concurrent.ThreadPoolExecutor$Worker.run(ThreadPoolExecutor.java:624)
	at java.lang.Thread.run(Thread.java:748)
Caused by: java.io.EOFException
	at java.io.DataInputStream.readInt(DataInputStream.java:392)
	at org.apache.hadoop.ipc.Client$IpcStreams.readResponse(Client.java:1892)
	at org.apache.hadoop.ipc.Client$Connection.receiveRpcResponse(Client.java:1202)
	at org.apache.hadoop.ipc.Client$Connection.run(Client.java:1098)
2021-10-04 02:05:07,885 [IPC Server Responder] INFO  ipc.Server (Server.java:run(1512)) - Stopping IPC Server Responder
2021-10-04 02:05:07,885 [Listener at 127.0.0.1/10960] INFO  server.StorageContainerManager (StorageContainerManager.java:stop(1438)) - Stopping the StorageContainerLocationProtocol RPC server
2021-10-04 02:05:07,885 [Listener at 127.0.0.1/10960] INFO  server.SCMClientProtocolServer (SCMClientProtocolServer.java:stop(173)) - Stopping the RPC server for Client Protocol
2021-10-04 02:05:07,885 [Listener at 127.0.0.1/10960] INFO  ipc.Server (Server.java:stop(3414)) - Stopping server on 12115
2021-10-04 02:05:07,891 [IPC Server listener on 12115] INFO  ipc.Server (Server.java:run(1376)) - Stopping IPC Server listener on 12115
2021-10-04 02:05:07,892 [IPC Server Responder] INFO  ipc.Server (Server.java:run(1512)) - Stopping IPC Server Responder
2021-10-04 02:05:07,893 [Listener at 127.0.0.1/10960] INFO  server.StorageContainerManager (StorageContainerManager.java:stop(1445)) - Stopping Storage Container Manager HTTP server.
2021-10-04 02:05:07,894 [Listener at 127.0.0.1/10960] INFO  handler.ContextHandler (ContextHandler.java:doStop(1153)) - Stopped o.e.j.w.WebAppContext@cf92193{scm,/,null,STOPPED}{file:/home/runner/work/ozone/ozone/hadoop-ozone/integration-test/target/test-classes/webapps/scm}
2021-10-04 02:05:07,895 [Listener at 127.0.0.1/10960] INFO  server.AbstractConnector (AbstractConnector.java:doStop(381)) - Stopped ServerConnector@1f3241b3{HTTP/1.1, (http/1.1)}{0.0.0.0:12110}
2021-10-04 02:05:07,896 [Listener at 127.0.0.1/10960] INFO  server.session (HouseKeeper.java:stopScavenging(149)) - node0 Stopped scavenging
2021-10-04 02:05:07,898 [Listener at 127.0.0.1/10960] INFO  handler.ContextHandler (ContextHandler.java:doStop(1153)) - Stopped o.e.j.s.ServletContextHandler@29f28e5d{static,/static,file:///home/runner/work/ozone/ozone/hadoop-ozone/integration-test/target/test-classes/webapps/static,STOPPED}
2021-10-04 02:05:07,898 [Listener at 127.0.0.1/10960] INFO  handler.ContextHandler (ContextHandler.java:doStop(1153)) - Stopped o.e.j.s.ServletContextHandler@27f0979{logs,/logs,file:///home/runner/work/ozone/ozone/hadoop-ozone/integration-test/target/log,STOPPED}
2021-10-04 02:05:07,902 [Listener at 127.0.0.1/10960] INFO  server.StorageContainerManager (StorageContainerManager.java:stop(1456)) - Stopping Block Manager Service.
2021-10-04 02:05:07,902 [Listener at 127.0.0.1/10960] INFO  utils.BackgroundService (BackgroundService.java:shutdown(132)) - Shutting down service SCMBlockDeletingService
2021-10-04 02:05:07,902 [Listener at 127.0.0.1/10960] INFO  utils.BackgroundService (BackgroundService.java:shutdown(132)) - Shutting down service SCMBlockDeletingService
2021-10-04 02:05:07,903 [Listener at 127.0.0.1/10960] INFO  server.StorageContainerManager (StorageContainerManager.java:stop(1483)) - Stopping SCM Event Queue.
2021-10-04 02:05:07,904 [Listener at 127.0.0.1/10960] INFO  server.StorageContainerManager (StorageContainerManager.java:stop(1494)) - Stopping SCM HA services.
2021-10-04 02:05:07,904 [Listener at 127.0.0.1/10960] INFO  ha.SCMRatisServerImpl (SCMRatisServerImpl.java:stop(236)) - stopping ratis server 0.0.0.0:12112
2021-10-04 02:05:07,905 [Listener at 127.0.0.1/10960] INFO  server.RaftServer (RaftServerProxy.java:lambda$close$6(391)) - 94c0b71e-ed47-4cac-b73a-77caea691f8c: close
2021-10-04 02:05:07,905 [Listener at 127.0.0.1/10960] INFO  server.GrpcService (GrpcService.java:closeImpl(262)) - 94c0b71e-ed47-4cac-b73a-77caea691f8c: shutdown server with port 12112 now
2021-10-04 02:05:07,912 [Listener at 127.0.0.1/10960] INFO  server.GrpcService (GrpcService.java:closeImpl(271)) - 94c0b71e-ed47-4cac-b73a-77caea691f8c: shutdown server with port 12112 successfully
2021-10-04 02:05:07,912 [org.apache.ratis.util.JvmPauseMonitor$$Lambda$499/1387671967@db70c9b] INFO  util.JvmPauseMonitor (JvmPauseMonitor.java:run(109)) - JvmPauseMonitor-94c0b71e-ed47-4cac-b73a-77caea691f8c: Stopped
2021-10-04 02:05:07,913 [Listener at 127.0.0.1/10960] INFO  pipeline.BackgroundPipelineCreator (BackgroundPipelineCreatorV2.java:stop(158)) - Stopping RatisPipelineUtilsThread.
2021-10-04 02:05:07,913 [Listener at 127.0.0.1/10960] INFO  server.StorageContainerManager (StorageContainerManager.java:stop(1504)) - Stopping SCM MetadataStore.
2021-10-04 02:05:07,914 [Listener at 127.0.0.1/10960] INFO  impl.MetricsSystemImpl (MetricsSystemImpl.java:stop(205)) - StorageContainerManager metrics system stopped (again)
2021-10-04 02:05:07,914 [Listener at 127.0.0.1/10960] INFO  ozone.MiniOzoneClusterImpl (MiniOzoneClusterImpl.java:stop(468)) - Stopping the Mini Ozone Cluster
2021-10-04 02:05:07,914 [Listener at 127.0.0.1/10960] INFO  ozone.MiniOzoneClusterImpl (MiniOzoneClusterImpl.java:stopDatanodes(527)) - Stopping the HddsDatanodes
2021-10-04 02:05:08,335 [Datanode State Machine Thread - 0] WARN  statemachine.StateContext (StateContext.java:setState(246)) - Ignore disallowed transition from SHUTDOWN to RUNNING
2021-10-04 02:05:08,433 [EndpointStateMachine task thread for /127.0.0.1:14511 - 0 ] INFO  ipc.Client (Client.java:handleConnectionFailure(977)) - Retrying connect to server: localhost/127.0.0.1:14511. Already tried 11 time(s); retry policy is RetryUpToMaximumCountWithFixedSleep(maxRetries=15, sleepTime=1000 MILLISECONDS)
2021-10-04 02:05:08,461 [Datanode State Machine Thread - 0] ERROR datanode.RunningDatanodeState (RunningDatanodeState.java:computeNextContainerState(199)) - Error in executing end point task.
java.util.concurrent.ExecutionException: java.util.concurrent.TimeoutException
	at java.util.concurrent.FutureTask.report(FutureTask.java:122)
	at java.util.concurrent.FutureTask.get(FutureTask.java:192)
	at org.apache.hadoop.ozone.container.common.states.datanode.RunningDatanodeState.computeNextContainerState(RunningDatanodeState.java:191)
	at org.apache.hadoop.ozone.container.common.states.datanode.RunningDatanodeState.await(RunningDatanodeState.java:231)
	at org.apache.hadoop.ozone.container.common.states.datanode.RunningDatanodeState.await(RunningDatanodeState.java:50)
	at org.apache.hadoop.ozone.container.common.statemachine.StateContext.execute(StateContext.java:629)
	at org.apache.hadoop.ozone.container.common.statemachine.DatanodeStateMachine.start(DatanodeStateMachine.java:270)
	at org.apache.hadoop.ozone.container.common.statemachine.DatanodeStateMachine.lambda$startDaemon$0(DatanodeStateMachine.java:457)
	at java.lang.Thread.run(Thread.java:748)
Caused by: java.util.concurrent.TimeoutException
	at java.util.concurrent.FutureTask.get(FutureTask.java:205)
	at org.apache.hadoop.ozone.container.common.states.datanode.RunningDatanodeState.lambda$execute$0(RunningDatanodeState.java:149)
	at java.util.concurrent.FutureTask.run(FutureTask.java:266)
	at java.util.concurrent.Executors$RunnableAdapter.call(Executors.java:511)
	at java.util.concurrent.FutureTask.run(FutureTask.java:266)
	at java.util.concurrent.ThreadPoolExecutor.runWorker(ThreadPoolExecutor.java:1149)
	at java.util.concurrent.ThreadPoolExecutor$Worker.run(ThreadPoolExecutor.java:624)
	... 1 more
2021-10-04 02:05:08,467 [EndpointStateMachine task thread for /127.0.0.1:12093 - 0 ] INFO  ipc.Client (Client.java:handleConnectionFailure(977)) - Retrying connect to server: localhost/127.0.0.1:12093. Already tried 1 time(s); retry policy is RetryUpToMaximumCountWithFixedSleep(maxRetries=15, sleepTime=1000 MILLISECONDS)
2021-10-04 02:05:08,586 [EndpointStateMachine task thread for /127.0.0.1:14521 - 0 ] INFO  ipc.Client (Client.java:handleConnectionFailure(977)) - Retrying connect to server: localhost/127.0.0.1:14521. Already tried 9 time(s); retry policy is RetryUpToMaximumCountWithFixedSleep(maxRetries=15, sleepTime=1000 MILLISECONDS)
2021-10-04 02:05:08,588 [EndpointStateMachine task thread for /127.0.0.1:14501 - 0 ] INFO  ipc.Client (Client.java:handleConnectionFailure(977)) - Retrying connect to server: localhost/127.0.0.1:14501. Already tried 11 time(s); retry policy is RetryUpToMaximumCountWithFixedSleep(maxRetries=15, sleepTime=1000 MILLISECONDS)
2021-10-04 02:05:08,875 [Datanode State Machine Thread - 0] WARN  statemachine.StateContext (StateContext.java:setState(246)) - Ignore disallowed transition from SHUTDOWN to RUNNING
2021-10-04 02:05:09,434 [EndpointStateMachine task thread for /127.0.0.1:14511 - 0 ] INFO  ipc.Client (Client.java:handleConnectionFailure(977)) - Retrying connect to server: localhost/127.0.0.1:14511. Already tried 12 time(s); retry policy is RetryUpToMaximumCountWithFixedSleep(maxRetries=15, sleepTime=1000 MILLISECONDS)
2021-10-04 02:05:09,467 [EndpointStateMachine task thread for /127.0.0.1:12103 - 0 ] INFO  ipc.Client (Client.java:handleConnectionFailure(977)) - Retrying connect to server: localhost/127.0.0.1:12103. Already tried 0 time(s); retry policy is RetryUpToMaximumCountWithFixedSleep(maxRetries=15, sleepTime=1000 MILLISECONDS)
2021-10-04 02:05:09,467 [EndpointStateMachine task thread for /127.0.0.1:12113 - 0 ] INFO  ipc.Client (Client.java:handleConnectionFailure(977)) - Retrying connect to server: localhost/127.0.0.1:12113. Already tried 0 time(s); retry policy is RetryUpToMaximumCountWithFixedSleep(maxRetries=15, sleepTime=1000 MILLISECONDS)
2021-10-04 02:05:09,467 [EndpointStateMachine task thread for /127.0.0.1:12093 - 0 ] INFO  ipc.Client (Client.java:handleConnectionFailure(977)) - Retrying connect to server: localhost/127.0.0.1:12093. Already tried 2 time(s); retry policy is RetryUpToMaximumCountWithFixedSleep(maxRetries=15, sleepTime=1000 MILLISECONDS)
2021-10-04 02:05:09,587 [EndpointStateMachine task thread for /127.0.0.1:14521 - 0 ] INFO  ipc.Client (Client.java:handleConnectionFailure(977)) - Retrying connect to server: localhost/127.0.0.1:14521. Already tried 10 time(s); retry policy is RetryUpToMaximumCountWithFixedSleep(maxRetries=15, sleepTime=1000 MILLISECONDS)
2021-10-04 02:05:09,588 [EndpointStateMachine task thread for /127.0.0.1:14501 - 0 ] INFO  ipc.Client (Client.java:handleConnectionFailure(977)) - Retrying connect to server: localhost/127.0.0.1:14501. Already tried 12 time(s); retry policy is RetryUpToMaximumCountWithFixedSleep(maxRetries=15, sleepTime=1000 MILLISECONDS)
2021-10-04 02:05:10,435 [EndpointStateMachine task thread for /127.0.0.1:14511 - 0 ] INFO  ipc.Client (Client.java:handleConnectionFailure(977)) - Retrying connect to server: localhost/127.0.0.1:14511. Already tried 13 time(s); retry policy is RetryUpToMaximumCountWithFixedSleep(maxRetries=15, sleepTime=1000 MILLISECONDS)
2021-10-04 02:05:10,481 [EndpointStateMachine task thread for /127.0.0.1:12103 - 0 ] INFO  ipc.Client (Client.java:handleConnectionFailure(977)) - Retrying connect to server: localhost/127.0.0.1:12103. Already tried 1 time(s); retry policy is RetryUpToMaximumCountWithFixedSleep(maxRetries=15, sleepTime=1000 MILLISECONDS)
2021-10-04 02:05:10,482 [EndpointStateMachine task thread for /127.0.0.1:12093 - 0 ] INFO  ipc.Client (Client.java:handleConnectionFailure(977)) - Retrying connect to server: localhost/127.0.0.1:12093. Already tried 3 time(s); retry policy is RetryUpToMaximumCountWithFixedSleep(maxRetries=15, sleepTime=1000 MILLISECONDS)
2021-10-04 02:05:10,482 [EndpointStateMachine task thread for /127.0.0.1:12113 - 0 ] INFO  ipc.Client (Client.java:handleConnectionFailure(977)) - Retrying connect to server: localhost/127.0.0.1:12113. Already tried 1 time(s); retry policy is RetryUpToMaximumCountWithFixedSleep(maxRetries=15, sleepTime=1000 MILLISECONDS)
2021-10-04 02:05:10,587 [EndpointStateMachine task thread for /127.0.0.1:14521 - 0 ] INFO  ipc.Client (Client.java:handleConnectionFailure(977)) - Retrying connect to server: localhost/127.0.0.1:14521. Already tried 11 time(s); retry policy is RetryUpToMaximumCountWithFixedSleep(maxRetries=15, sleepTime=1000 MILLISECONDS)
2021-10-04 02:05:10,588 [EndpointStateMachine task thread for /127.0.0.1:14501 - 0 ] INFO  ipc.Client (Client.java:handleConnectionFailure(977)) - Retrying connect to server: localhost/127.0.0.1:14501. Already tried 13 time(s); retry policy is RetryUpToMaximumCountWithFixedSleep(maxRetries=15, sleepTime=1000 MILLISECONDS)
2021-10-04 02:05:11,435 [EndpointStateMachine task thread for /127.0.0.1:14511 - 0 ] INFO  ipc.Client (Client.java:handleConnectionFailure(977)) - Retrying connect to server: localhost/127.0.0.1:14511. Already tried 14 time(s); retry policy is RetryUpToMaximumCountWithFixedSleep(maxRetries=15, sleepTime=1000 MILLISECONDS)
2021-10-04 02:05:11,462 [Datanode State Machine Thread - 0] ERROR datanode.RunningDatanodeState (RunningDatanodeState.java:computeNextContainerState(199)) - Error in executing end point task.
java.util.concurrent.ExecutionException: java.util.concurrent.TimeoutException
	at java.util.concurrent.FutureTask.report(FutureTask.java:122)
	at java.util.concurrent.FutureTask.get(FutureTask.java:192)
	at org.apache.hadoop.ozone.container.common.states.datanode.RunningDatanodeState.computeNextContainerState(RunningDatanodeState.java:191)
	at org.apache.hadoop.ozone.container.common.states.datanode.RunningDatanodeState.await(RunningDatanodeState.java:231)
	at org.apache.hadoop.ozone.container.common.states.datanode.RunningDatanodeState.await(RunningDatanodeState.java:50)
	at org.apache.hadoop.ozone.container.common.statemachine.StateContext.execute(StateContext.java:629)
	at org.apache.hadoop.ozone.container.common.statemachine.DatanodeStateMachine.start(DatanodeStateMachine.java:270)
	at org.apache.hadoop.ozone.container.common.statemachine.DatanodeStateMachine.lambda$startDaemon$0(DatanodeStateMachine.java:457)
	at java.lang.Thread.run(Thread.java:748)
Caused by: java.util.concurrent.TimeoutException
	at java.util.concurrent.FutureTask.get(FutureTask.java:205)
	at org.apache.hadoop.ozone.container.common.states.datanode.RunningDatanodeState.lambda$execute$0(RunningDatanodeState.java:149)
	at java.util.concurrent.FutureTask.run(FutureTask.java:266)
	at java.util.concurrent.Executors$RunnableAdapter.call(Executors.java:511)
	at java.util.concurrent.FutureTask.run(FutureTask.java:266)
	at java.util.concurrent.ThreadPoolExecutor.runWorker(ThreadPoolExecutor.java:1149)
	at java.util.concurrent.ThreadPoolExecutor$Worker.run(ThreadPoolExecutor.java:624)
	... 1 more
2021-10-04 02:05:11,482 [EndpointStateMachine task thread for /127.0.0.1:12103 - 0 ] INFO  ipc.Client (Client.java:handleConnectionFailure(977)) - Retrying connect to server: localhost/127.0.0.1:12103. Already tried 2 time(s); retry policy is RetryUpToMaximumCountWithFixedSleep(maxRetries=15, sleepTime=1000 MILLISECONDS)
2021-10-04 02:05:11,482 [EndpointStateMachine task thread for /127.0.0.1:12093 - 0 ] INFO  ipc.Client (Client.java:handleConnectionFailure(977)) - Retrying connect to server: localhost/127.0.0.1:12093. Already tried 4 time(s); retry policy is RetryUpToMaximumCountWithFixedSleep(maxRetries=15, sleepTime=1000 MILLISECONDS)
2021-10-04 02:05:11,483 [EndpointStateMachine task thread for /127.0.0.1:12113 - 0 ] INFO  ipc.Client (Client.java:handleConnectionFailure(977)) - Retrying connect to server: localhost/127.0.0.1:12113. Already tried 2 time(s); retry policy is RetryUpToMaximumCountWithFixedSleep(maxRetries=15, sleepTime=1000 MILLISECONDS)
2021-10-04 02:05:11,588 [EndpointStateMachine task thread for /127.0.0.1:14521 - 0 ] INFO  ipc.Client (Client.java:handleConnectionFailure(977)) - Retrying connect to server: localhost/127.0.0.1:14521. Already tried 12 time(s); retry policy is RetryUpToMaximumCountWithFixedSleep(maxRetries=15, sleepTime=1000 MILLISECONDS)
2021-10-04 02:05:11,589 [EndpointStateMachine task thread for /127.0.0.1:14501 - 0 ] INFO  ipc.Client (Client.java:handleConnectionFailure(977)) - Retrying connect to server: localhost/127.0.0.1:14501. Already tried 14 time(s); retry policy is RetryUpToMaximumCountWithFixedSleep(maxRetries=15, sleepTime=1000 MILLISECONDS)
2021-10-04 02:05:12,437 [EndpointStateMachine task thread for /127.0.0.1:14511 - 0 ] INFO  ipc.Client (Client.java:handleConnectionFailure(977)) - Retrying connect to server: localhost/127.0.0.1:14511. Already tried 0 time(s); retry policy is RetryUpToMaximumCountWithFixedSleep(maxRetries=15, sleepTime=1000 MILLISECONDS)
2021-10-04 02:05:12,482 [EndpointStateMachine task thread for /127.0.0.1:12103 - 0 ] INFO  ipc.Client (Client.java:handleConnectionFailure(977)) - Retrying connect to server: localhost/127.0.0.1:12103. Already tried 3 time(s); retry policy is RetryUpToMaximumCountWithFixedSleep(maxRetries=15, sleepTime=1000 MILLISECONDS)
2021-10-04 02:05:12,483 [EndpointStateMachine task thread for /127.0.0.1:12093 - 0 ] INFO  ipc.Client (Client.java:handleConnectionFailure(977)) - Retrying connect to server: localhost/127.0.0.1:12093. Already tried 5 time(s); retry policy is RetryUpToMaximumCountWithFixedSleep(maxRetries=15, sleepTime=1000 MILLISECONDS)
2021-10-04 02:05:12,483 [EndpointStateMachine task thread for /127.0.0.1:12113 - 0 ] INFO  ipc.Client (Client.java:handleConnectionFailure(977)) - Retrying connect to server: localhost/127.0.0.1:12113. Already tried 3 time(s); retry policy is RetryUpToMaximumCountWithFixedSleep(maxRetries=15, sleepTime=1000 MILLISECONDS)
2021-10-04 02:05:12,588 [EndpointStateMachine task thread for /127.0.0.1:14521 - 0 ] INFO  ipc.Client (Client.java:handleConnectionFailure(977)) - Retrying connect to server: localhost/127.0.0.1:14521. Already tried 13 time(s); retry policy is RetryUpToMaximumCountWithFixedSleep(maxRetries=15, sleepTime=1000 MILLISECONDS)
2021-10-04 02:05:12,590 [EndpointStateMachine task thread for /127.0.0.1:14501 - 0 ] INFO  ipc.Client (Client.java:handleConnectionFailure(977)) - Retrying connect to server: localhost/127.0.0.1:14501. Already tried 0 time(s); retry policy is RetryUpToMaximumCountWithFixedSleep(maxRetries=15, sleepTime=1000 MILLISECONDS)
2021-10-04 02:05:12,915 [Listener at 127.0.0.1/10960] INFO  ozoneimpl.OzoneContainer (OzoneContainer.java:stop(325)) - Attempting to stop container services.
2021-10-04 02:05:12,917 [ForkJoinPool.commonPool-worker-1] INFO  ozoneimpl.OzoneContainer (OzoneContainer.java:stop(325)) - Attempting to stop container services.
2021-10-04 02:05:12,918 [Listener at 127.0.0.1/10960] INFO  server.RaftServer (RaftServerProxy.java:lambda$close$6(391)) - ec22a82e-7388-4328-8fb1-7bec7be40386: close
2021-10-04 02:05:12,918 [Listener at 127.0.0.1/10960] INFO  server.RaftServer$Division (RaftServerImpl.java:lambda$close$4(407)) - ec22a82e-7388-4328-8fb1-7bec7be40386@group-8194F89F6908: shutdown
2021-10-04 02:05:12,918 [Listener at 127.0.0.1/10960] INFO  util.JmxRegister (JmxRegister.java:unregister(73)) - Successfully un-registered JMX Bean with object name Ratis:service=RaftServer,group=group-8194F89F6908,id=ec22a82e-7388-4328-8fb1-7bec7be40386
2021-10-04 02:05:12,918 [Listener at 127.0.0.1/10960] INFO  impl.RoleInfo (RoleInfo.java:shutdownLeaderState(91)) - ec22a82e-7388-4328-8fb1-7bec7be40386: shutdown ec22a82e-7388-4328-8fb1-7bec7be40386@group-8194F89F6908-LeaderStateImpl
2021-10-04 02:05:12,918 [ec22a82e-7388-4328-8fb1-7bec7be40386@group-8194F89F6908->0db60050-3417-4221-94cf-c6ca2a56f712-GrpcLogAppender-LogAppenderDaemon] WARN  server.GrpcLogAppender (GrpcLogAppender.java:mayWait(175)) - ec22a82e-7388-4328-8fb1-7bec7be40386@group-8194F89F6908->0db60050-3417-4221-94cf-c6ca2a56f712-GrpcLogAppender: Wait interrupted by java.lang.InterruptedException
2021-10-04 02:05:12,918 [Listener at 127.0.0.1/10960] INFO  impl.PendingRequests (PendingRequests.java:sendNotLeaderResponses(282)) - ec22a82e-7388-4328-8fb1-7bec7be40386@group-8194F89F6908-PendingRequests: sendNotLeaderResponses
2021-10-04 02:05:12,919 [grpc-default-executor-0] INFO  server.GrpcServerProtocolService (GrpcServerProtocolService.java:onCompleted(140)) - 0db60050-3417-4221-94cf-c6ca2a56f712: Completed APPEND_ENTRIES, lastRequest: ec22a82e-7388-4328-8fb1-7bec7be40386->0db60050-3417-4221-94cf-c6ca2a56f712#1-t3,previous=(t:0, i:0),leaderCommit=-1,initializing? true,entries: size=1, first=(t:3, i:0), CONFIGURATIONENTRY
2021-10-04 02:05:12,919 [ec22a82e-7388-4328-8fb1-7bec7be40386@group-8194F89F6908->57ec436a-c908-4fec-986d-5c2664f6b5b6-GrpcLogAppender-LogAppenderDaemon] WARN  server.GrpcLogAppender (GrpcLogAppender.java:mayWait(175)) - ec22a82e-7388-4328-8fb1-7bec7be40386@group-8194F89F6908->57ec436a-c908-4fec-986d-5c2664f6b5b6-GrpcLogAppender: Wait interrupted by java.lang.InterruptedException
2021-10-04 02:05:12,920 [ec22a82e-7388-4328-8fb1-7bec7be40386@group-8194F89F6908-StateMachineUpdater] INFO  ratis.ContainerStateMachine (ContainerStateMachine.java:takeSnapshot(292)) - group-8194F89F6908: Taking a snapshot at:(t:3, i:0) file /home/runner/work/ozone/ozone/hadoop-ozone/integration-test/target/test-dir/MiniOzoneClusterImpl-aa9d709b-e9e6-4188-94b0-5e66da880090/datanode-1/data/ratis/108b5ce9-dca6-416e-8789-8194f89f6908/sm/snapshot.3_0
2021-10-04 02:05:12,919 [ForkJoinPool.commonPool-worker-1] INFO  server.RaftServer (RaftServerProxy.java:lambda$close$6(391)) - 57ec436a-c908-4fec-986d-5c2664f6b5b6: close
2021-10-04 02:05:12,920 [ForkJoinPool.commonPool-worker-1] INFO  server.RaftServer$Division (RaftServerImpl.java:lambda$close$4(407)) - 57ec436a-c908-4fec-986d-5c2664f6b5b6@group-8194F89F6908: shutdown
2021-10-04 02:05:12,920 [ForkJoinPool.commonPool-worker-1] INFO  util.JmxRegister (JmxRegister.java:unregister(73)) - Successfully un-registered JMX Bean with object name Ratis:service=RaftServer,group=group-8194F89F6908,id=57ec436a-c908-4fec-986d-5c2664f6b5b6
2021-10-04 02:05:12,920 [ForkJoinPool.commonPool-worker-1] INFO  impl.RoleInfo (RoleInfo.java:shutdownFollowerState(108)) - 57ec436a-c908-4fec-986d-5c2664f6b5b6: shutdown 57ec436a-c908-4fec-986d-5c2664f6b5b6@group-8194F89F6908-FollowerState
2021-10-04 02:05:12,920 [ForkJoinPool.commonPool-worker-1] INFO  impl.StateMachineUpdater (StateMachineUpdater.java:stopAndJoin(149)) - 57ec436a-c908-4fec-986d-5c2664f6b5b6@group-8194F89F6908-StateMachineUpdater: set stopIndex = 0
2021-10-04 02:05:12,920 [57ec436a-c908-4fec-986d-5c2664f6b5b6@group-8194F89F6908-FollowerState] INFO  impl.FollowerState (FollowerState.java:run(143)) - 57ec436a-c908-4fec-986d-5c2664f6b5b6@group-8194F89F6908-FollowerState was interrupted: {}
java.lang.InterruptedException: sleep interrupted
	at java.lang.Thread.sleep(Native Method)
	at java.lang.Thread.sleep(Thread.java:340)
	at java.util.concurrent.TimeUnit.sleep(TimeUnit.java:386)
	at org.apache.ratis.util.TimeDuration.sleep(TimeDuration.java:324)
	at org.apache.ratis.util.TimeDuration.sleep(TimeDuration.java:309)
	at org.apache.ratis.server.impl.FollowerState.run(FollowerState.java:118)
2021-10-04 02:05:12,920 [57ec436a-c908-4fec-986d-5c2664f6b5b6@group-8194F89F6908-StateMachineUpdater] INFO  ratis.ContainerStateMachine (ContainerStateMachine.java:takeSnapshot(292)) - group-8194F89F6908: Taking a snapshot at:(t:3, i:0) file /home/runner/work/ozone/ozone/hadoop-ozone/integration-test/target/test-dir/MiniOzoneClusterImpl-aa9d709b-e9e6-4188-94b0-5e66da880090/datanode-0/data/ratis/108b5ce9-dca6-416e-8789-8194f89f6908/sm/snapshot.3_0
2021-10-04 02:05:12,921 [grpc-default-executor-0] INFO  server.GrpcLogAppender (GrpcLogAppender.java:onCompleted(344)) - ec22a82e-7388-4328-8fb1-7bec7be40386@group-8194F89F6908->0db60050-3417-4221-94cf-c6ca2a56f712-AppendLogResponseHandler: follower responses appendEntries COMPLETED
2021-10-04 02:05:12,921 [Listener at 127.0.0.1/10960] INFO  impl.StateMachineUpdater (StateMachineUpdater.java:stopAndJoin(149)) - ec22a82e-7388-4328-8fb1-7bec7be40386@group-8194F89F6908-StateMachineUpdater: set stopIndex = 0
2021-10-04 02:05:12,921 [grpc-default-executor-2] INFO  server.GrpcServerProtocolService (GrpcServerProtocolService.java:onCompleted(140)) - 57ec436a-c908-4fec-986d-5c2664f6b5b6: Completed APPEND_ENTRIES, lastRequest: ec22a82e-7388-4328-8fb1-7bec7be40386->57ec436a-c908-4fec-986d-5c2664f6b5b6#1-t3,previous=(t:0, i:0),leaderCommit=0,initializing? true,entries: size=1, first=(t:3, i:0), CONFIGURATIONENTRY
2021-10-04 02:05:12,921 [grpc-default-executor-0] INFO  leader.FollowerInfo (FollowerInfoImpl.java:lambda$new$0(46)) - ec22a82e-7388-4328-8fb1-7bec7be40386@group-8194F89F6908->0db60050-3417-4221-94cf-c6ca2a56f712: nextIndex: updateUnconditionally 1 -> 0
2021-10-04 02:05:12,922 [grpc-default-executor-2] INFO  server.GrpcLogAppender (GrpcLogAppender.java:onCompleted(344)) - ec22a82e-7388-4328-8fb1-7bec7be40386@group-8194F89F6908->57ec436a-c908-4fec-986d-5c2664f6b5b6-AppendLogResponseHandler: follower responses appendEntries COMPLETED
2021-10-04 02:05:12,922 [grpc-default-executor-2] INFO  leader.FollowerInfo (FollowerInfoImpl.java:lambda$new$0(46)) - ec22a82e-7388-4328-8fb1-7bec7be40386@group-8194F89F6908->57ec436a-c908-4fec-986d-5c2664f6b5b6: nextIndex: updateUnconditionally 1 -> 0
2021-10-04 02:05:12,923 [ec22a82e-7388-4328-8fb1-7bec7be40386@group-8194F89F6908-StateMachineUpdater] INFO  ratis.ContainerStateMachine (ContainerStateMachine.java:takeSnapshot(303)) - group-8194F89F6908: Finished taking a snapshot at:(t:3, i:0) file:/home/runner/work/ozone/ozone/hadoop-ozone/integration-test/target/test-dir/MiniOzoneClusterImpl-aa9d709b-e9e6-4188-94b0-5e66da880090/datanode-1/data/ratis/108b5ce9-dca6-416e-8789-8194f89f6908/sm/snapshot.3_0 took: 3 ms
2021-10-04 02:05:12,923 [ec22a82e-7388-4328-8fb1-7bec7be40386@group-8194F89F6908-StateMachineUpdater] INFO  impl.StateMachineUpdater (StateMachineUpdater.java:takeSnapshot(281)) - ec22a82e-7388-4328-8fb1-7bec7be40386@group-8194F89F6908-StateMachineUpdater: Took a snapshot at index 0
2021-10-04 02:05:12,923 [ec22a82e-7388-4328-8fb1-7bec7be40386@group-8194F89F6908-StateMachineUpdater] INFO  impl.StateMachineUpdater (StateMachineUpdater.java:lambda$new$0(89)) - ec22a82e-7388-4328-8fb1-7bec7be40386@group-8194F89F6908-StateMachineUpdater: snapshotIndex: updateIncreasingly -1 -> 0
2021-10-04 02:05:12,923 [Listener at 127.0.0.1/10960] INFO  server.RaftServer$Division (ServerState.java:close(419)) - ec22a82e-7388-4328-8fb1-7bec7be40386@group-8194F89F6908: closes. applyIndex: 0
2021-10-04 02:05:12,923 [57ec436a-c908-4fec-986d-5c2664f6b5b6@group-8194F89F6908-StateMachineUpdater] INFO  ratis.ContainerStateMachine (ContainerStateMachine.java:takeSnapshot(303)) - group-8194F89F6908: Finished taking a snapshot at:(t:3, i:0) file:/home/runner/work/ozone/ozone/hadoop-ozone/integration-test/target/test-dir/MiniOzoneClusterImpl-aa9d709b-e9e6-4188-94b0-5e66da880090/datanode-0/data/ratis/108b5ce9-dca6-416e-8789-8194f89f6908/sm/snapshot.3_0 took: 3 ms
2021-10-04 02:05:12,924 [57ec436a-c908-4fec-986d-5c2664f6b5b6@group-8194F89F6908-StateMachineUpdater] INFO  impl.StateMachineUpdater (StateMachineUpdater.java:takeSnapshot(281)) - 57ec436a-c908-4fec-986d-5c2664f6b5b6@group-8194F89F6908-StateMachineUpdater: Took a snapshot at index 0
2021-10-04 02:05:12,924 [57ec436a-c908-4fec-986d-5c2664f6b5b6@group-8194F89F6908-StateMachineUpdater] INFO  impl.StateMachineUpdater (StateMachineUpdater.java:lambda$new$0(89)) - 57ec436a-c908-4fec-986d-5c2664f6b5b6@group-8194F89F6908-StateMachineUpdater: snapshotIndex: updateIncreasingly -1 -> 0
2021-10-04 02:05:12,924 [ec22a82e-7388-4328-8fb1-7bec7be40386@group-8194F89F6908-SegmentedRaftLogWorker] INFO  segmented.SegmentedRaftLogWorker (SegmentedRaftLogWorker.java:run(327)) - ec22a82e-7388-4328-8fb1-7bec7be40386@group-8194F89F6908-SegmentedRaftLogWorker was interrupted, exiting. There are 0 tasks remaining in the queue.
2021-10-04 02:05:12,925 [Listener at 127.0.0.1/10960] INFO  segmented.SegmentedRaftLogWorker (SegmentedRaftLogWorker.java:close(237)) - ec22a82e-7388-4328-8fb1-7bec7be40386@group-8194F89F6908-SegmentedRaftLogWorker close()
2021-10-04 02:05:12,926 [ForkJoinPool.commonPool-worker-1] INFO  server.RaftServer$Division (ServerState.java:close(419)) - 57ec436a-c908-4fec-986d-5c2664f6b5b6@group-8194F89F6908: closes. applyIndex: 0
2021-10-04 02:05:12,926 [Listener at 127.0.0.1/10960] INFO  server.RaftServer$Division (RaftServerImpl.java:lambda$close$4(407)) - ec22a82e-7388-4328-8fb1-7bec7be40386@group-38CF24579FA4: shutdown
2021-10-04 02:05:12,926 [Listener at 127.0.0.1/10960] INFO  util.JmxRegister (JmxRegister.java:unregister(73)) - Successfully un-registered JMX Bean with object name Ratis:service=RaftServer,group=group-38CF24579FA4,id=ec22a82e-7388-4328-8fb1-7bec7be40386
2021-10-04 02:05:12,926 [Listener at 127.0.0.1/10960] INFO  impl.RoleInfo (RoleInfo.java:shutdownFollowerState(108)) - ec22a82e-7388-4328-8fb1-7bec7be40386: shutdown ec22a82e-7388-4328-8fb1-7bec7be40386@group-38CF24579FA4-FollowerState
2021-10-04 02:05:12,926 [57ec436a-c908-4fec-986d-5c2664f6b5b6@group-8194F89F6908-SegmentedRaftLogWorker] INFO  segmented.SegmentedRaftLogWorker (SegmentedRaftLogWorker.java:run(327)) - 57ec436a-c908-4fec-986d-5c2664f6b5b6@group-8194F89F6908-SegmentedRaftLogWorker was interrupted, exiting. There are 0 tasks remaining in the queue.
2021-10-04 02:05:12,926 [ec22a82e-7388-4328-8fb1-7bec7be40386@group-38CF24579FA4-FollowerState] INFO  impl.FollowerState (FollowerState.java:run(143)) - ec22a82e-7388-4328-8fb1-7bec7be40386@group-38CF24579FA4-FollowerState was interrupted: {}
java.lang.InterruptedException: sleep interrupted
	at java.lang.Thread.sleep(Native Method)
	at java.lang.Thread.sleep(Thread.java:340)
	at java.util.concurrent.TimeUnit.sleep(TimeUnit.java:386)
	at org.apache.ratis.util.TimeDuration.sleep(TimeDuration.java:324)
	at org.apache.ratis.util.TimeDuration.sleep(TimeDuration.java:309)
	at org.apache.ratis.server.impl.FollowerState.run(FollowerState.java:118)
2021-10-04 02:05:12,927 [Listener at 127.0.0.1/10960] INFO  impl.StateMachineUpdater (StateMachineUpdater.java:stopAndJoin(149)) - ec22a82e-7388-4328-8fb1-7bec7be40386@group-38CF24579FA4-StateMachineUpdater: set stopIndex = 0
2021-10-04 02:05:12,927 [ec22a82e-7388-4328-8fb1-7bec7be40386@group-38CF24579FA4-StateMachineUpdater] INFO  ratis.ContainerStateMachine (ContainerStateMachine.java:takeSnapshot(292)) - group-38CF24579FA4: Taking a snapshot at:(t:2, i:0) file /home/runner/work/ozone/ozone/hadoop-ozone/integration-test/target/test-dir/MiniOzoneClusterImpl-aa9d709b-e9e6-4188-94b0-5e66da880090/datanode-1/data/ratis/5bbf6d9c-bff9-4fc2-9f93-38cf24579fa4/sm/snapshot.2_0
2021-10-04 02:05:12,927 [ec22a82e-7388-4328-8fb1-7bec7be40386@group-38CF24579FA4-StateMachineUpdater] INFO  ratis.ContainerStateMachine (ContainerStateMachine.java:takeSnapshot(303)) - group-38CF24579FA4: Finished taking a snapshot at:(t:2, i:0) file:/home/runner/work/ozone/ozone/hadoop-ozone/integration-test/target/test-dir/MiniOzoneClusterImpl-aa9d709b-e9e6-4188-94b0-5e66da880090/datanode-1/data/ratis/5bbf6d9c-bff9-4fc2-9f93-38cf24579fa4/sm/snapshot.2_0 took: 1 ms
2021-10-04 02:05:12,928 [ec22a82e-7388-4328-8fb1-7bec7be40386@group-38CF24579FA4-StateMachineUpdater] INFO  impl.StateMachineUpdater (StateMachineUpdater.java:takeSnapshot(281)) - ec22a82e-7388-4328-8fb1-7bec7be40386@group-38CF24579FA4-StateMachineUpdater: Took a snapshot at index 0
2021-10-04 02:05:12,928 [ec22a82e-7388-4328-8fb1-7bec7be40386@group-38CF24579FA4-StateMachineUpdater] INFO  impl.StateMachineUpdater (StateMachineUpdater.java:lambda$new$0(89)) - ec22a82e-7388-4328-8fb1-7bec7be40386@group-38CF24579FA4-StateMachineUpdater: snapshotIndex: updateIncreasingly -1 -> 0
2021-10-04 02:05:12,928 [Listener at 127.0.0.1/10960] INFO  server.RaftServer$Division (ServerState.java:close(419)) - ec22a82e-7388-4328-8fb1-7bec7be40386@group-38CF24579FA4: closes. applyIndex: 0
2021-10-04 02:05:12,928 [ec22a82e-7388-4328-8fb1-7bec7be40386@group-38CF24579FA4-SegmentedRaftLogWorker] INFO  segmented.SegmentedRaftLogWorker (SegmentedRaftLogWorker.java:run(327)) - ec22a82e-7388-4328-8fb1-7bec7be40386@group-38CF24579FA4-SegmentedRaftLogWorker was interrupted, exiting. There are 0 tasks remaining in the queue.
2021-10-04 02:05:12,936 [ForkJoinPool.commonPool-worker-1] INFO  segmented.SegmentedRaftLogWorker (SegmentedRaftLogWorker.java:close(237)) - 57ec436a-c908-4fec-986d-5c2664f6b5b6@group-8194F89F6908-SegmentedRaftLogWorker close()
2021-10-04 02:05:12,936 [Listener at 127.0.0.1/10960] INFO  segmented.SegmentedRaftLogWorker (SegmentedRaftLogWorker.java:close(237)) - ec22a82e-7388-4328-8fb1-7bec7be40386@group-38CF24579FA4-SegmentedRaftLogWorker close()
2021-10-04 02:05:12,939 [ForkJoinPool.commonPool-worker-1] INFO  server.RaftServer$Division (RaftServerImpl.java:lambda$close$4(407)) - 57ec436a-c908-4fec-986d-5c2664f6b5b6@group-EE36DAE78892: shutdown
2021-10-04 02:05:12,940 [ForkJoinPool.commonPool-worker-1] INFO  util.JmxRegister (JmxRegister.java:unregister(73)) - Successfully un-registered JMX Bean with object name Ratis:service=RaftServer,group=group-EE36DAE78892,id=57ec436a-c908-4fec-986d-5c2664f6b5b6
2021-10-04 02:05:12,940 [ForkJoinPool.commonPool-worker-1] INFO  impl.RoleInfo (RoleInfo.java:shutdownLeaderState(91)) - 57ec436a-c908-4fec-986d-5c2664f6b5b6: shutdown 57ec436a-c908-4fec-986d-5c2664f6b5b6@group-EE36DAE78892-LeaderStateImpl
2021-10-04 02:05:12,940 [ForkJoinPool.commonPool-worker-1] INFO  impl.PendingRequests (PendingRequests.java:sendNotLeaderResponses(282)) - 57ec436a-c908-4fec-986d-5c2664f6b5b6@group-EE36DAE78892-PendingRequests: sendNotLeaderResponses
2021-10-04 02:05:12,940 [ForkJoinPool.commonPool-worker-1] INFO  impl.StateMachineUpdater (StateMachineUpdater.java:stopAndJoin(149)) - 57ec436a-c908-4fec-986d-5c2664f6b5b6@group-EE36DAE78892-StateMachineUpdater: set stopIndex = 0
2021-10-04 02:05:12,940 [Listener at 127.0.0.1/10960] INFO  server.RaftServer$Division (RaftServerImpl.java:lambda$close$4(407)) - ec22a82e-7388-4328-8fb1-7bec7be40386@group-7483B4436330: shutdown
2021-10-04 02:05:12,941 [57ec436a-c908-4fec-986d-5c2664f6b5b6@group-EE36DAE78892-StateMachineUpdater] INFO  ratis.ContainerStateMachine (ContainerStateMachine.java:takeSnapshot(292)) - group-EE36DAE78892: Taking a snapshot at:(t:1, i:0) file /home/runner/work/ozone/ozone/hadoop-ozone/integration-test/target/test-dir/MiniOzoneClusterImpl-aa9d709b-e9e6-4188-94b0-5e66da880090/datanode-0/data/ratis/80d85b7f-9776-471d-a4ba-ee36dae78892/sm/snapshot.1_0
2021-10-04 02:05:12,941 [Listener at 127.0.0.1/10960] INFO  util.JmxRegister (JmxRegister.java:unregister(73)) - Successfully un-registered JMX Bean with object name Ratis:service=RaftServer,group=group-7483B4436330,id=ec22a82e-7388-4328-8fb1-7bec7be40386
2021-10-04 02:05:12,941 [Listener at 127.0.0.1/10960] INFO  impl.RoleInfo (RoleInfo.java:shutdownLeaderState(91)) - ec22a82e-7388-4328-8fb1-7bec7be40386: shutdown ec22a82e-7388-4328-8fb1-7bec7be40386@group-7483B4436330-LeaderStateImpl
2021-10-04 02:05:12,941 [Listener at 127.0.0.1/10960] INFO  impl.PendingRequests (PendingRequests.java:sendNotLeaderResponses(282)) - ec22a82e-7388-4328-8fb1-7bec7be40386@group-7483B4436330-PendingRequests: sendNotLeaderResponses
2021-10-04 02:05:12,942 [Listener at 127.0.0.1/10960] INFO  impl.StateMachineUpdater (StateMachineUpdater.java:stopAndJoin(149)) - ec22a82e-7388-4328-8fb1-7bec7be40386@group-7483B4436330-StateMachineUpdater: set stopIndex = 0
2021-10-04 02:05:12,943 [ec22a82e-7388-4328-8fb1-7bec7be40386@group-7483B4436330-StateMachineUpdater] INFO  ratis.ContainerStateMachine (ContainerStateMachine.java:takeSnapshot(292)) - group-7483B4436330: Taking a snapshot at:(t:1, i:0) file /home/runner/work/ozone/ozone/hadoop-ozone/integration-test/target/test-dir/MiniOzoneClusterImpl-aa9d709b-e9e6-4188-94b0-5e66da880090/datanode-1/data/ratis/b8dd9c14-5eaf-4969-9670-7483b4436330/sm/snapshot.1_0
2021-10-04 02:05:12,942 [57ec436a-c908-4fec-986d-5c2664f6b5b6@group-EE36DAE78892-StateMachineUpdater] INFO  ratis.ContainerStateMachine (ContainerStateMachine.java:takeSnapshot(303)) - group-EE36DAE78892: Finished taking a snapshot at:(t:1, i:0) file:/home/runner/work/ozone/ozone/hadoop-ozone/integration-test/target/test-dir/MiniOzoneClusterImpl-aa9d709b-e9e6-4188-94b0-5e66da880090/datanode-0/data/ratis/80d85b7f-9776-471d-a4ba-ee36dae78892/sm/snapshot.1_0 took: 2 ms
2021-10-04 02:05:12,943 [57ec436a-c908-4fec-986d-5c2664f6b5b6@group-EE36DAE78892-StateMachineUpdater] INFO  impl.StateMachineUpdater (StateMachineUpdater.java:takeSnapshot(281)) - 57ec436a-c908-4fec-986d-5c2664f6b5b6@group-EE36DAE78892-StateMachineUpdater: Took a snapshot at index 0
2021-10-04 02:05:12,943 [57ec436a-c908-4fec-986d-5c2664f6b5b6@group-EE36DAE78892-StateMachineUpdater] INFO  impl.StateMachineUpdater (StateMachineUpdater.java:lambda$new$0(89)) - 57ec436a-c908-4fec-986d-5c2664f6b5b6@group-EE36DAE78892-StateMachineUpdater: snapshotIndex: updateIncreasingly -1 -> 0
2021-10-04 02:05:12,943 [ForkJoinPool.commonPool-worker-1] INFO  server.RaftServer$Division (ServerState.java:close(419)) - 57ec436a-c908-4fec-986d-5c2664f6b5b6@group-EE36DAE78892: closes. applyIndex: 0
2021-10-04 02:05:12,944 [ec22a82e-7388-4328-8fb1-7bec7be40386@group-7483B4436330-StateMachineUpdater] INFO  ratis.ContainerStateMachine (ContainerStateMachine.java:takeSnapshot(303)) - group-7483B4436330: Finished taking a snapshot at:(t:1, i:0) file:/home/runner/work/ozone/ozone/hadoop-ozone/integration-test/target/test-dir/MiniOzoneClusterImpl-aa9d709b-e9e6-4188-94b0-5e66da880090/datanode-1/data/ratis/b8dd9c14-5eaf-4969-9670-7483b4436330/sm/snapshot.1_0 took: 1 ms
2021-10-04 02:05:12,944 [ec22a82e-7388-4328-8fb1-7bec7be40386@group-7483B4436330-StateMachineUpdater] INFO  impl.StateMachineUpdater (StateMachineUpdater.java:takeSnapshot(281)) - ec22a82e-7388-4328-8fb1-7bec7be40386@group-7483B4436330-StateMachineUpdater: Took a snapshot at index 0
2021-10-04 02:05:12,944 [ec22a82e-7388-4328-8fb1-7bec7be40386@group-7483B4436330-StateMachineUpdater] INFO  impl.StateMachineUpdater (StateMachineUpdater.java:lambda$new$0(89)) - ec22a82e-7388-4328-8fb1-7bec7be40386@group-7483B4436330-StateMachineUpdater: snapshotIndex: updateIncreasingly -1 -> 0
2021-10-04 02:05:12,944 [Listener at 127.0.0.1/10960] INFO  server.RaftServer$Division (ServerState.java:close(419)) - ec22a82e-7388-4328-8fb1-7bec7be40386@group-7483B4436330: closes. applyIndex: 0
2021-10-04 02:05:12,945 [57ec436a-c908-4fec-986d-5c2664f6b5b6@group-EE36DAE78892-SegmentedRaftLogWorker] INFO  segmented.SegmentedRaftLogWorker (SegmentedRaftLogWorker.java:run(327)) - 57ec436a-c908-4fec-986d-5c2664f6b5b6@group-EE36DAE78892-SegmentedRaftLogWorker was interrupted, exiting. There are 0 tasks remaining in the queue.
2021-10-04 02:05:12,946 [ForkJoinPool.commonPool-worker-1] INFO  segmented.SegmentedRaftLogWorker (SegmentedRaftLogWorker.java:close(237)) - 57ec436a-c908-4fec-986d-5c2664f6b5b6@group-EE36DAE78892-SegmentedRaftLogWorker close()
2021-10-04 02:05:12,946 [ForkJoinPool.commonPool-worker-1] INFO  server.RaftServer$Division (RaftServerImpl.java:lambda$close$4(407)) - 57ec436a-c908-4fec-986d-5c2664f6b5b6@group-38CF24579FA4: shutdown
2021-10-04 02:05:12,947 [ForkJoinPool.commonPool-worker-1] INFO  util.JmxRegister (JmxRegister.java:unregister(73)) - Successfully un-registered JMX Bean with object name Ratis:service=RaftServer,group=group-38CF24579FA4,id=57ec436a-c908-4fec-986d-5c2664f6b5b6
2021-10-04 02:05:12,947 [ForkJoinPool.commonPool-worker-1] INFO  impl.RoleInfo (RoleInfo.java:shutdownFollowerState(108)) - 57ec436a-c908-4fec-986d-5c2664f6b5b6: shutdown 57ec436a-c908-4fec-986d-5c2664f6b5b6@group-38CF24579FA4-FollowerState
2021-10-04 02:05:12,947 [ForkJoinPool.commonPool-worker-1] INFO  impl.StateMachineUpdater (StateMachineUpdater.java:stopAndJoin(149)) - 57ec436a-c908-4fec-986d-5c2664f6b5b6@group-38CF24579FA4-StateMachineUpdater: set stopIndex = 0
2021-10-04 02:05:12,947 [57ec436a-c908-4fec-986d-5c2664f6b5b6@group-38CF24579FA4-FollowerState] INFO  impl.FollowerState (FollowerState.java:run(143)) - 57ec436a-c908-4fec-986d-5c2664f6b5b6@group-38CF24579FA4-FollowerState was interrupted: {}
java.lang.InterruptedException: sleep interrupted
	at java.lang.Thread.sleep(Native Method)
	at java.lang.Thread.sleep(Thread.java:340)
	at java.util.concurrent.TimeUnit.sleep(TimeUnit.java:386)
	at org.apache.ratis.util.TimeDuration.sleep(TimeDuration.java:324)
	at org.apache.ratis.util.TimeDuration.sleep(TimeDuration.java:309)
	at org.apache.ratis.server.impl.FollowerState.run(FollowerState.java:118)
2021-10-04 02:05:12,947 [57ec436a-c908-4fec-986d-5c2664f6b5b6@group-38CF24579FA4-StateMachineUpdater] INFO  ratis.ContainerStateMachine (ContainerStateMachine.java:takeSnapshot(292)) - group-38CF24579FA4: Taking a snapshot at:(t:2, i:0) file /home/runner/work/ozone/ozone/hadoop-ozone/integration-test/target/test-dir/MiniOzoneClusterImpl-aa9d709b-e9e6-4188-94b0-5e66da880090/datanode-0/data/ratis/5bbf6d9c-bff9-4fc2-9f93-38cf24579fa4/sm/snapshot.2_0
2021-10-04 02:05:12,947 [ec22a82e-7388-4328-8fb1-7bec7be40386@group-7483B4436330-SegmentedRaftLogWorker] INFO  segmented.SegmentedRaftLogWorker (SegmentedRaftLogWorker.java:run(327)) - ec22a82e-7388-4328-8fb1-7bec7be40386@group-7483B4436330-SegmentedRaftLogWorker was interrupted, exiting. There are 0 tasks remaining in the queue.
2021-10-04 02:05:12,948 [57ec436a-c908-4fec-986d-5c2664f6b5b6@group-38CF24579FA4-StateMachineUpdater] INFO  ratis.ContainerStateMachine (ContainerStateMachine.java:takeSnapshot(303)) - group-38CF24579FA4: Finished taking a snapshot at:(t:2, i:0) file:/home/runner/work/ozone/ozone/hadoop-ozone/integration-test/target/test-dir/MiniOzoneClusterImpl-aa9d709b-e9e6-4188-94b0-5e66da880090/datanode-0/data/ratis/5bbf6d9c-bff9-4fc2-9f93-38cf24579fa4/sm/snapshot.2_0 took: 0 ms
2021-10-04 02:05:12,948 [57ec436a-c908-4fec-986d-5c2664f6b5b6@group-38CF24579FA4-StateMachineUpdater] INFO  impl.StateMachineUpdater (StateMachineUpdater.java:takeSnapshot(281)) - 57ec436a-c908-4fec-986d-5c2664f6b5b6@group-38CF24579FA4-StateMachineUpdater: Took a snapshot at index 0
2021-10-04 02:05:12,948 [57ec436a-c908-4fec-986d-5c2664f6b5b6@group-38CF24579FA4-StateMachineUpdater] INFO  impl.StateMachineUpdater (StateMachineUpdater.java:lambda$new$0(89)) - 57ec436a-c908-4fec-986d-5c2664f6b5b6@group-38CF24579FA4-StateMachineUpdater: snapshotIndex: updateIncreasingly -1 -> 0
2021-10-04 02:05:12,948 [ForkJoinPool.commonPool-worker-1] INFO  server.RaftServer$Division (ServerState.java:close(419)) - 57ec436a-c908-4fec-986d-5c2664f6b5b6@group-38CF24579FA4: closes. applyIndex: 0
2021-10-04 02:05:12,949 [57ec436a-c908-4fec-986d-5c2664f6b5b6@group-38CF24579FA4-SegmentedRaftLogWorker] INFO  segmented.SegmentedRaftLogWorker (SegmentedRaftLogWorker.java:run(327)) - 57ec436a-c908-4fec-986d-5c2664f6b5b6@group-38CF24579FA4-SegmentedRaftLogWorker was interrupted, exiting. There are 0 tasks remaining in the queue.
2021-10-04 02:05:12,949 [Listener at 127.0.0.1/10960] INFO  segmented.SegmentedRaftLogWorker (SegmentedRaftLogWorker.java:close(237)) - ec22a82e-7388-4328-8fb1-7bec7be40386@group-7483B4436330-SegmentedRaftLogWorker close()
2021-10-04 02:05:12,949 [ForkJoinPool.commonPool-worker-1] INFO  segmented.SegmentedRaftLogWorker (SegmentedRaftLogWorker.java:close(237)) - 57ec436a-c908-4fec-986d-5c2664f6b5b6@group-38CF24579FA4-SegmentedRaftLogWorker close()
2021-10-04 02:05:12,949 [Listener at 127.0.0.1/10960] INFO  server.GrpcService (GrpcService.java:closeImpl(262)) - ec22a82e-7388-4328-8fb1-7bec7be40386: shutdown server with port 39209 now
2021-10-04 02:05:12,950 [ForkJoinPool.commonPool-worker-1] INFO  server.GrpcService (GrpcService.java:closeImpl(262)) - 57ec436a-c908-4fec-986d-5c2664f6b5b6: shutdown server with port 39069 now
2021-10-04 02:05:12,967 [grpc-default-executor-3] WARN  server.GrpcServerProtocolService (LogUtils.java:warn(122)) - 57ec436a-c908-4fec-986d-5c2664f6b5b6: installSnapshot onError, lastRequest: 0db60050-3417-4221-94cf-c6ca2a56f712->57ec436a-c908-4fec-986d-5c2664f6b5b6#1-t2,previous=(t:0, i:0),leaderCommit=-1,initializing? true,entries: size=1, first=(t:2, i:0), CONFIGURATIONENTRY: org.apache.ratis.thirdparty.io.grpc.StatusRuntimeException: CANCELLED: client cancelled
2021-10-04 02:05:12,967 [grpc-default-executor-2] WARN  server.GrpcServerProtocolService (LogUtils.java:warn(122)) - ec22a82e-7388-4328-8fb1-7bec7be40386: installSnapshot onError, lastRequest: 0db60050-3417-4221-94cf-c6ca2a56f712->ec22a82e-7388-4328-8fb1-7bec7be40386#1-t2,previous=(t:0, i:0),leaderCommit=-1,initializing? true,entries: size=1, first=(t:2, i:0), CONFIGURATIONENTRY: org.apache.ratis.thirdparty.io.grpc.StatusRuntimeException: CANCELLED: client cancelled
2021-10-04 02:05:12,969 [grpc-default-executor-0] WARN  server.GrpcLogAppender (LogUtils.java:warn(122)) - 0db60050-3417-4221-94cf-c6ca2a56f712@group-38CF24579FA4->ec22a82e-7388-4328-8fb1-7bec7be40386-AppendLogResponseHandler: Failed appendEntries: org.apache.ratis.thirdparty.io.grpc.StatusRuntimeException: CANCELLED: HTTP/2 error code: CANCEL
Received Rst Stream
2021-10-04 02:05:12,969 [grpc-default-executor-0] WARN  server.GrpcLogAppender (GrpcLogAppender.java:resetClient(111)) - 0db60050-3417-4221-94cf-c6ca2a56f712@group-38CF24579FA4->ec22a82e-7388-4328-8fb1-7bec7be40386-GrpcLogAppender: Leader has not got in touch with Follower 0db60050-3417-4221-94cf-c6ca2a56f712@group-38CF24579FA4->ec22a82e-7388-4328-8fb1-7bec7be40386(c0,m0,n1, attendVote=true, lastRpcSendTime=2394, lastRpcResponseTime=2393) yet, just keep nextIndex unchanged and retry.
2021-10-04 02:05:12,969 [grpc-default-executor-2] WARN  server.GrpcLogAppender (LogUtils.java:warn(122)) - 0db60050-3417-4221-94cf-c6ca2a56f712@group-38CF24579FA4->57ec436a-c908-4fec-986d-5c2664f6b5b6-AppendLogResponseHandler: Failed appendEntries: org.apache.ratis.thirdparty.io.grpc.StatusRuntimeException: CANCELLED: HTTP/2 error code: CANCEL
Received Rst Stream
2021-10-04 02:05:12,969 [grpc-default-executor-2] WARN  server.GrpcLogAppender (GrpcLogAppender.java:resetClient(111)) - 0db60050-3417-4221-94cf-c6ca2a56f712@group-38CF24579FA4->57ec436a-c908-4fec-986d-5c2664f6b5b6-GrpcLogAppender: Leader has not got in touch with Follower 0db60050-3417-4221-94cf-c6ca2a56f712@group-38CF24579FA4->57ec436a-c908-4fec-986d-5c2664f6b5b6(c0,m0,n1, attendVote=true, lastRpcSendTime=2440, lastRpcResponseTime=2439) yet, just keep nextIndex unchanged and retry.
2021-10-04 02:05:12,974 [Listener at 127.0.0.1/10960] INFO  server.GrpcService (GrpcService.java:closeImpl(271)) - ec22a82e-7388-4328-8fb1-7bec7be40386: shutdown server with port 39209 successfully
2021-10-04 02:05:12,974 [org.apache.ratis.util.JvmPauseMonitor$$Lambda$499/1387671967@348c1582] INFO  util.JvmPauseMonitor (JvmPauseMonitor.java:run(109)) - JvmPauseMonitor-ec22a82e-7388-4328-8fb1-7bec7be40386: Stopped
2021-10-04 02:05:12,985 [Listener at 127.0.0.1/10960] INFO  utils.BackgroundService (BackgroundService.java:shutdown(132)) - Shutting down service BlockDeletingService
2021-10-04 02:05:12,990 [ForkJoinPool.commonPool-worker-1] INFO  server.GrpcService (GrpcService.java:closeImpl(271)) - 57ec436a-c908-4fec-986d-5c2664f6b5b6: shutdown server with port 39069 successfully
2021-10-04 02:05:12,990 [org.apache.ratis.util.JvmPauseMonitor$$Lambda$499/1387671967@6be4f16e] INFO  util.JvmPauseMonitor (JvmPauseMonitor.java:run(109)) - JvmPauseMonitor-57ec436a-c908-4fec-986d-5c2664f6b5b6: Stopped
2021-10-04 02:05:12,991 [ForkJoinPool.commonPool-worker-1] INFO  utils.BackgroundService (BackgroundService.java:shutdown(132)) - Shutting down service BlockDeletingService
2021-10-04 02:05:13,032 [grpc-default-executor-0] WARN  server.GrpcLogAppender (LogUtils.java:warn(122)) - 0db60050-3417-4221-94cf-c6ca2a56f712@group-38CF24579FA4->57ec436a-c908-4fec-986d-5c2664f6b5b6-AppendLogResponseHandler: Failed appendEntries: org.apache.ratis.thirdparty.io.grpc.StatusRuntimeException: UNAVAILABLE: io exception
2021-10-04 02:05:13,033 [grpc-default-executor-0] WARN  server.GrpcLogAppender (GrpcLogAppender.java:resetClient(111)) - 0db60050-3417-4221-94cf-c6ca2a56f712@group-38CF24579FA4->57ec436a-c908-4fec-986d-5c2664f6b5b6-GrpcLogAppender: Leader has not got in touch with Follower 0db60050-3417-4221-94cf-c6ca2a56f712@group-38CF24579FA4->57ec436a-c908-4fec-986d-5c2664f6b5b6(c0,m0,n1, attendVote=true, lastRpcSendTime=1, lastRpcResponseTime=2502) yet, just keep nextIndex unchanged and retry.
2021-10-04 02:05:13,090 [grpc-default-executor-0] WARN  server.GrpcLogAppender (LogUtils.java:warn(122)) - 0db60050-3417-4221-94cf-c6ca2a56f712@group-38CF24579FA4->ec22a82e-7388-4328-8fb1-7bec7be40386-AppendLogResponseHandler: Failed appendEntries: org.apache.ratis.thirdparty.io.grpc.StatusRuntimeException: UNAVAILABLE: io exception
2021-10-04 02:05:13,091 [grpc-default-executor-0] WARN  server.GrpcLogAppender (GrpcLogAppender.java:resetClient(111)) - 0db60050-3417-4221-94cf-c6ca2a56f712@group-38CF24579FA4->ec22a82e-7388-4328-8fb1-7bec7be40386-GrpcLogAppender: Leader has not got in touch with Follower 0db60050-3417-4221-94cf-c6ca2a56f712@group-38CF24579FA4->ec22a82e-7388-4328-8fb1-7bec7be40386(c0,m0,n1, attendVote=true, lastRpcSendTime=0, lastRpcResponseTime=2515) yet, just keep nextIndex unchanged and retry.
2021-10-04 02:05:13,437 [EndpointStateMachine task thread for /127.0.0.1:14511 - 0 ] INFO  ipc.Client (Client.java:handleConnectionFailure(977)) - Retrying connect to server: localhost/127.0.0.1:14511. Already tried 1 time(s); retry policy is RetryUpToMaximumCountWithFixedSleep(maxRetries=15, sleepTime=1000 MILLISECONDS)
2021-10-04 02:05:13,466 [Datanode State Machine Thread - 0] ERROR datanode.RunningDatanodeState (RunningDatanodeState.java:computeNextContainerState(199)) - Error in executing end point task.
java.util.concurrent.ExecutionException: java.util.concurrent.TimeoutException
	at java.util.concurrent.FutureTask.report(FutureTask.java:122)
	at java.util.concurrent.FutureTask.get(FutureTask.java:192)
	at org.apache.hadoop.ozone.container.common.states.datanode.RunningDatanodeState.computeNextContainerState(RunningDatanodeState.java:191)
	at org.apache.hadoop.ozone.container.common.states.datanode.RunningDatanodeState.await(RunningDatanodeState.java:231)
	at org.apache.hadoop.ozone.container.common.states.datanode.RunningDatanodeState.await(RunningDatanodeState.java:50)
	at org.apache.hadoop.ozone.container.common.statemachine.StateContext.execute(StateContext.java:629)
	at org.apache.hadoop.ozone.container.common.statemachine.DatanodeStateMachine.start(DatanodeStateMachine.java:270)
	at org.apache.hadoop.ozone.container.common.statemachine.DatanodeStateMachine.lambda$startDaemon$0(DatanodeStateMachine.java:457)
	at java.lang.Thread.run(Thread.java:748)
Caused by: java.util.concurrent.TimeoutException
	at java.util.concurrent.FutureTask.get(FutureTask.java:205)
	at org.apache.hadoop.ozone.container.common.states.datanode.RunningDatanodeState.lambda$execute$0(RunningDatanodeState.java:149)
	at java.util.concurrent.FutureTask.run(FutureTask.java:266)
	at java.util.concurrent.Executors$RunnableAdapter.call(Executors.java:511)
	at java.util.concurrent.FutureTask.run(FutureTask.java:266)
	at java.util.concurrent.ThreadPoolExecutor.runWorker(ThreadPoolExecutor.java:1149)
	at java.util.concurrent.ThreadPoolExecutor$Worker.run(ThreadPoolExecutor.java:624)
	... 1 more
2021-10-04 02:05:13,483 [EndpointStateMachine task thread for /127.0.0.1:12103 - 0 ] INFO  ipc.Client (Client.java:handleConnectionFailure(977)) - Retrying connect to server: localhost/127.0.0.1:12103. Already tried 4 time(s); retry policy is RetryUpToMaximumCountWithFixedSleep(maxRetries=15, sleepTime=1000 MILLISECONDS)
2021-10-04 02:05:13,483 [EndpointStateMachine task thread for /127.0.0.1:12093 - 0 ] INFO  ipc.Client (Client.java:handleConnectionFailure(977)) - Retrying connect to server: localhost/127.0.0.1:12093. Already tried 6 time(s); retry policy is RetryUpToMaximumCountWithFixedSleep(maxRetries=15, sleepTime=1000 MILLISECONDS)
2021-10-04 02:05:13,484 [EndpointStateMachine task thread for /127.0.0.1:12113 - 0 ] INFO  ipc.Client (Client.java:handleConnectionFailure(977)) - Retrying connect to server: localhost/127.0.0.1:12113. Already tried 4 time(s); retry policy is RetryUpToMaximumCountWithFixedSleep(maxRetries=15, sleepTime=1000 MILLISECONDS)
2021-10-04 02:05:13,589 [EndpointStateMachine task thread for /127.0.0.1:14521 - 0 ] INFO  ipc.Client (Client.java:handleConnectionFailure(977)) - Retrying connect to server: localhost/127.0.0.1:14521. Already tried 14 time(s); retry policy is RetryUpToMaximumCountWithFixedSleep(maxRetries=15, sleepTime=1000 MILLISECONDS)
2021-10-04 02:05:13,591 [EndpointStateMachine task thread for /127.0.0.1:14501 - 0 ] INFO  ipc.Client (Client.java:handleConnectionFailure(977)) - Retrying connect to server: localhost/127.0.0.1:14501. Already tried 1 time(s); retry policy is RetryUpToMaximumCountWithFixedSleep(maxRetries=15, sleepTime=1000 MILLISECONDS)
2021-10-04 02:05:14,441 [EndpointStateMachine task thread for /127.0.0.1:14511 - 0 ] INFO  ipc.Client (Client.java:handleConnectionFailure(977)) - Retrying connect to server: localhost/127.0.0.1:14511. Already tried 2 time(s); retry policy is RetryUpToMaximumCountWithFixedSleep(maxRetries=15, sleepTime=1000 MILLISECONDS)
2021-10-04 02:05:14,484 [EndpointStateMachine task thread for /127.0.0.1:12113 - 0 ] INFO  ipc.Client (Client.java:handleConnectionFailure(977)) - Retrying connect to server: localhost/127.0.0.1:12113. Already tried 5 time(s); retry policy is RetryUpToMaximumCountWithFixedSleep(maxRetries=15, sleepTime=1000 MILLISECONDS)
2021-10-04 02:05:14,484 [EndpointStateMachine task thread for /127.0.0.1:12103 - 0 ] INFO  ipc.Client (Client.java:handleConnectionFailure(977)) - Retrying connect to server: localhost/127.0.0.1:12103. Already tried 5 time(s); retry policy is RetryUpToMaximumCountWithFixedSleep(maxRetries=15, sleepTime=1000 MILLISECONDS)
2021-10-04 02:05:14,485 [EndpointStateMachine task thread for /127.0.0.1:12093 - 0 ] INFO  ipc.Client (Client.java:handleConnectionFailure(977)) - Retrying connect to server: localhost/127.0.0.1:12093. Already tried 7 time(s); retry policy is RetryUpToMaximumCountWithFixedSleep(maxRetries=15, sleepTime=1000 MILLISECONDS)
2021-10-04 02:05:14,591 [EndpointStateMachine task thread for /127.0.0.1:14521 - 0 ] INFO  ipc.Client (Client.java:handleConnectionFailure(977)) - Retrying connect to server: localhost/127.0.0.1:14521. Already tried 0 time(s); retry policy is RetryUpToMaximumCountWithFixedSleep(maxRetries=15, sleepTime=1000 MILLISECONDS)
2021-10-04 02:05:14,592 [EndpointStateMachine task thread for /127.0.0.1:14501 - 0 ] INFO  ipc.Client (Client.java:handleConnectionFailure(977)) - Retrying connect to server: localhost/127.0.0.1:14501. Already tried 2 time(s); retry policy is RetryUpToMaximumCountWithFixedSleep(maxRetries=15, sleepTime=1000 MILLISECONDS)
2021-10-04 02:05:15,443 [EndpointStateMachine task thread for /127.0.0.1:14511 - 0 ] INFO  ipc.Client (Client.java:handleConnectionFailure(977)) - Retrying connect to server: localhost/127.0.0.1:14511. Already tried 3 time(s); retry policy is RetryUpToMaximumCountWithFixedSleep(maxRetries=15, sleepTime=1000 MILLISECONDS)
2021-10-04 02:05:15,470 [Datanode State Machine Thread - 0] ERROR datanode.RunningDatanodeState (RunningDatanodeState.java:computeNextContainerState(199)) - Error in executing end point task.
java.util.concurrent.ExecutionException: java.util.concurrent.TimeoutException
	at java.util.concurrent.FutureTask.report(FutureTask.java:122)
	at java.util.concurrent.FutureTask.get(FutureTask.java:192)
	at org.apache.hadoop.ozone.container.common.states.datanode.RunningDatanodeState.computeNextContainerState(RunningDatanodeState.java:191)
	at org.apache.hadoop.ozone.container.common.states.datanode.RunningDatanodeState.await(RunningDatanodeState.java:231)
	at org.apache.hadoop.ozone.container.common.states.datanode.RunningDatanodeState.await(RunningDatanodeState.java:50)
	at org.apache.hadoop.ozone.container.common.statemachine.StateContext.execute(StateContext.java:629)
	at org.apache.hadoop.ozone.container.common.statemachine.DatanodeStateMachine.start(DatanodeStateMachine.java:270)
	at org.apache.hadoop.ozone.container.common.statemachine.DatanodeStateMachine.lambda$startDaemon$0(DatanodeStateMachine.java:457)
	at java.lang.Thread.run(Thread.java:748)
Caused by: java.util.concurrent.TimeoutException
	at java.util.concurrent.FutureTask.get(FutureTask.java:205)
	at org.apache.hadoop.ozone.container.common.states.datanode.RunningDatanodeState.lambda$execute$0(RunningDatanodeState.java:149)
	at java.util.concurrent.FutureTask.run(FutureTask.java:266)
	at java.util.concurrent.Executors$RunnableAdapter.call(Executors.java:511)
	at java.util.concurrent.FutureTask.run(FutureTask.java:266)
	at java.util.concurrent.ThreadPoolExecutor.runWorker(ThreadPoolExecutor.java:1149)
	at java.util.concurrent.ThreadPoolExecutor$Worker.run(ThreadPoolExecutor.java:624)
	... 1 more
2021-10-04 02:05:15,484 [EndpointStateMachine task thread for /127.0.0.1:12113 - 0 ] INFO  ipc.Client (Client.java:handleConnectionFailure(977)) - Retrying connect to server: localhost/127.0.0.1:12113. Already tried 6 time(s); retry policy is RetryUpToMaximumCountWithFixedSleep(maxRetries=15, sleepTime=1000 MILLISECONDS)
2021-10-04 02:05:15,485 [EndpointStateMachine task thread for /127.0.0.1:12103 - 0 ] INFO  ipc.Client (Client.java:handleConnectionFailure(977)) - Retrying connect to server: localhost/127.0.0.1:12103. Already tried 6 time(s); retry policy is RetryUpToMaximumCountWithFixedSleep(maxRetries=15, sleepTime=1000 MILLISECONDS)
2021-10-04 02:05:15,485 [EndpointStateMachine task thread for /127.0.0.1:12093 - 0 ] INFO  ipc.Client (Client.java:handleConnectionFailure(977)) - Retrying connect to server: localhost/127.0.0.1:12093. Already tried 8 time(s); retry policy is RetryUpToMaximumCountWithFixedSleep(maxRetries=15, sleepTime=1000 MILLISECONDS)
2021-10-04 02:05:15,542 [grpc-default-executor-0] WARN  server.GrpcLogAppender (LogUtils.java:warn(122)) - 0db60050-3417-4221-94cf-c6ca2a56f712@group-38CF24579FA4->57ec436a-c908-4fec-986d-5c2664f6b5b6-AppendLogResponseHandler: Failed appendEntries: org.apache.ratis.thirdparty.io.grpc.StatusRuntimeException: UNAVAILABLE: io exception
2021-10-04 02:05:15,543 [grpc-default-executor-0] WARN  server.GrpcLogAppender (GrpcLogAppender.java:resetClient(111)) - 0db60050-3417-4221-94cf-c6ca2a56f712@group-38CF24579FA4->57ec436a-c908-4fec-986d-5c2664f6b5b6-GrpcLogAppender: Leader has not got in touch with Follower 0db60050-3417-4221-94cf-c6ca2a56f712@group-38CF24579FA4->57ec436a-c908-4fec-986d-5c2664f6b5b6(c0,m0,n1, attendVote=true, lastRpcSendTime=2511, lastRpcResponseTime=5013) yet, just keep nextIndex unchanged and retry.
2021-10-04 02:05:15,591 [grpc-default-executor-0] WARN  server.GrpcLogAppender (LogUtils.java:warn(122)) - 0db60050-3417-4221-94cf-c6ca2a56f712@group-38CF24579FA4->ec22a82e-7388-4328-8fb1-7bec7be40386-AppendLogResponseHandler: Failed appendEntries: org.apache.ratis.thirdparty.io.grpc.StatusRuntimeException: UNAVAILABLE: io exception
2021-10-04 02:05:15,592 [grpc-default-executor-0] WARN  server.GrpcLogAppender (GrpcLogAppender.java:resetClient(111)) - 0db60050-3417-4221-94cf-c6ca2a56f712@group-38CF24579FA4->ec22a82e-7388-4328-8fb1-7bec7be40386-GrpcLogAppender: Leader has not got in touch with Follower 0db60050-3417-4221-94cf-c6ca2a56f712@group-38CF24579FA4->ec22a82e-7388-4328-8fb1-7bec7be40386(c0,m0,n1, attendVote=true, lastRpcSendTime=2501, lastRpcResponseTime=5015) yet, just keep nextIndex unchanged and retry.
2021-10-04 02:05:15,592 [EndpointStateMachine task thread for /127.0.0.1:14521 - 0 ] INFO  ipc.Client (Client.java:handleConnectionFailure(977)) - Retrying connect to server: localhost/127.0.0.1:14521. Already tried 1 time(s); retry policy is RetryUpToMaximumCountWithFixedSleep(maxRetries=15, sleepTime=1000 MILLISECONDS)
2021-10-04 02:05:15,593 [EndpointStateMachine task thread for /127.0.0.1:14501 - 0 ] INFO  ipc.Client (Client.java:handleConnectionFailure(977)) - Retrying connect to server: localhost/127.0.0.1:14501. Already tried 3 time(s); retry policy is RetryUpToMaximumCountWithFixedSleep(maxRetries=15, sleepTime=1000 MILLISECONDS)
2021-10-04 02:05:16,000 [Listener at 127.0.0.1/10960] INFO  statemachine.DatanodeStateMachine (DatanodeStateMachine.java:stopDaemon(515)) - Ozone container server stopped.
2021-10-04 02:05:16,001 [Listener at 127.0.0.1/10960] INFO  handler.ContextHandler (ContextHandler.java:doStop(1153)) - Stopped o.e.j.w.WebAppContext@55e1ac0f{hddsDatanode,/,null,STOPPED}{jar:file:/home/runner/.m2/repository/org/apache/ozone/hdds-container-service/1.2.0-SNAPSHOT/hdds-container-service-1.2.0-SNAPSHOT.jar!/webapps/hddsDatanode}
2021-10-04 02:05:16,002 [Listener at 127.0.0.1/10960] INFO  server.AbstractConnector (AbstractConnector.java:doStop(381)) - Stopped ServerConnector@c61c028{HTTP/1.1, (http/1.1)}{0.0.0.0:0}
2021-10-04 02:05:16,002 [Listener at 127.0.0.1/10960] INFO  server.session (HouseKeeper.java:stopScavenging(149)) - node0 Stopped scavenging
2021-10-04 02:05:16,003 [Listener at 127.0.0.1/10960] INFO  handler.ContextHandler (ContextHandler.java:doStop(1153)) - Stopped o.e.j.s.ServletContextHandler@739c4543{static,/static,jar:file:/home/runner/.m2/repository/org/apache/ozone/hdds-container-service/1.2.0-SNAPSHOT/hdds-container-service-1.2.0-SNAPSHOT.jar!/webapps/static,STOPPED}
2021-10-04 02:05:16,003 [Listener at 127.0.0.1/10960] INFO  handler.ContextHandler (ContextHandler.java:doStop(1153)) - Stopped o.e.j.s.ServletContextHandler@69f0720f{logs,/logs,file:///home/runner/work/ozone/ozone/hadoop-ozone/integration-test/target/log,STOPPED}
2021-10-04 02:05:16,010 [ForkJoinPool.commonPool-worker-1] INFO  statemachine.DatanodeStateMachine (DatanodeStateMachine.java:stopDaemon(515)) - Ozone container server stopped.
2021-10-04 02:05:16,030 [ForkJoinPool.commonPool-worker-1] INFO  handler.ContextHandler (ContextHandler.java:doStop(1153)) - Stopped o.e.j.w.WebAppContext@3bdb1d56{hddsDatanode,/,null,STOPPED}{jar:file:/home/runner/.m2/repository/org/apache/ozone/hdds-container-service/1.2.0-SNAPSHOT/hdds-container-service-1.2.0-SNAPSHOT.jar!/webapps/hddsDatanode}
2021-10-04 02:05:16,031 [ForkJoinPool.commonPool-worker-1] INFO  server.AbstractConnector (AbstractConnector.java:doStop(381)) - Stopped ServerConnector@79bc0ceb{HTTP/1.1, (http/1.1)}{0.0.0.0:0}
2021-10-04 02:05:16,031 [ForkJoinPool.commonPool-worker-1] INFO  server.session (HouseKeeper.java:stopScavenging(149)) - node0 Stopped scavenging
2021-10-04 02:05:16,032 [ForkJoinPool.commonPool-worker-1] INFO  handler.ContextHandler (ContextHandler.java:doStop(1153)) - Stopped o.e.j.s.ServletContextHandler@4527e4{static,/static,jar:file:/home/runner/.m2/repository/org/apache/ozone/hdds-container-service/1.2.0-SNAPSHOT/hdds-container-service-1.2.0-SNAPSHOT.jar!/webapps/static,STOPPED}
2021-10-04 02:05:16,032 [ForkJoinPool.commonPool-worker-1] INFO  handler.ContextHandler (ContextHandler.java:doStop(1153)) - Stopped o.e.j.s.ServletContextHandler@6f614ad4{logs,/logs,file:///home/runner/work/ozone/ozone/hadoop-ozone/integration-test/target/log,STOPPED}
2021-10-04 02:05:16,078 [0db60050-3417-4221-94cf-c6ca2a56f712@group-38CF24579FA4-LeaderStateImpl] WARN  server.RaftServer$Division (LeaderStateImpl.java:checkLeadership(944)) - 0db60050-3417-4221-94cf-c6ca2a56f712@group-38CF24579FA4-LeaderStateImpl: Lost leadership on term: 2. Election timeout: 5200ms. In charge for: 15625ms. Conf: 0: [ec22a82e-7388-4328-8fb1-7bec7be40386|rpc:127.0.0.1:39209|dataStream:|priority:0, 0db60050-3417-4221-94cf-c6ca2a56f712|rpc:127.0.0.1:44551|dataStream:|priority:1, 57ec436a-c908-4fec-986d-5c2664f6b5b6|rpc:127.0.0.1:39069|dataStream:|priority:0], old=null
2021-10-04 02:05:16,078 [0db60050-3417-4221-94cf-c6ca2a56f712@group-38CF24579FA4-LeaderStateImpl] WARN  server.RaftServer$Division (LeaderStateImpl.java:lambda$checkLeadership$15(948)) - Follower 0db60050-3417-4221-94cf-c6ca2a56f712@group-38CF24579FA4->ec22a82e-7388-4328-8fb1-7bec7be40386(c0,m0,n1, attendVote=true, lastRpcSendTime=485, lastRpcResponseTime=5502)
2021-10-04 02:05:16,078 [0db60050-3417-4221-94cf-c6ca2a56f712@group-38CF24579FA4-LeaderStateImpl] WARN  server.RaftServer$Division (LeaderStateImpl.java:lambda$checkLeadership$15(948)) - Follower 0db60050-3417-4221-94cf-c6ca2a56f712@group-38CF24579FA4->57ec436a-c908-4fec-986d-5c2664f6b5b6(c0,m0,n1, attendVote=true, lastRpcSendTime=534, lastRpcResponseTime=5548)
2021-10-04 02:05:16,078 [0db60050-3417-4221-94cf-c6ca2a56f712@group-38CF24579FA4-LeaderStateImpl] INFO  server.RaftServer$Division (RaftServerImpl.java:setRole(285)) - 0db60050-3417-4221-94cf-c6ca2a56f712@group-38CF24579FA4: changes role from    LEADER to FOLLOWER at term 2 for StepDownReason:LOST_MAJORITY_HEARTBEATS
2021-10-04 02:05:16,078 [0db60050-3417-4221-94cf-c6ca2a56f712@group-38CF24579FA4-LeaderStateImpl] INFO  impl.RoleInfo (RoleInfo.java:shutdownLeaderState(91)) - 0db60050-3417-4221-94cf-c6ca2a56f712: shutdown 0db60050-3417-4221-94cf-c6ca2a56f712@group-38CF24579FA4-LeaderStateImpl
2021-10-04 02:05:16,079 [0db60050-3417-4221-94cf-c6ca2a56f712@group-38CF24579FA4-LeaderStateImpl] INFO  impl.PendingRequests (PendingRequests.java:sendNotLeaderResponses(282)) - 0db60050-3417-4221-94cf-c6ca2a56f712@group-38CF24579FA4-PendingRequests: sendNotLeaderResponses
2021-10-04 02:05:16,079 [0db60050-3417-4221-94cf-c6ca2a56f712@group-38CF24579FA4-LeaderStateImpl] INFO  impl.RoleInfo (RoleInfo.java:updateAndGet(130)) - 0db60050-3417-4221-94cf-c6ca2a56f712: start 0db60050-3417-4221-94cf-c6ca2a56f712@group-38CF24579FA4-FollowerState
2021-10-04 02:05:16,443 [EndpointStateMachine task thread for /127.0.0.1:14511 - 0 ] INFO  ipc.Client (Client.java:handleConnectionFailure(977)) - Retrying connect to server: localhost/127.0.0.1:14511. Already tried 4 time(s); retry policy is RetryUpToMaximumCountWithFixedSleep(maxRetries=15, sleepTime=1000 MILLISECONDS)
2021-10-04 02:05:16,470 [Datanode State Machine Thread - 0] WARN  statemachine.StateContext (StateContext.java:setState(246)) - Ignore disallowed transition from SHUTDOWN to RUNNING
2021-10-04 02:05:16,485 [EndpointStateMachine task thread for /127.0.0.1:12113 - 0 ] INFO  ipc.Client (Client.java:handleConnectionFailure(977)) - Retrying connect to server: localhost/127.0.0.1:12113. Already tried 7 time(s); retry policy is RetryUpToMaximumCountWithFixedSleep(maxRetries=15, sleepTime=1000 MILLISECONDS)
2021-10-04 02:05:16,485 [EndpointStateMachine task thread for /127.0.0.1:12103 - 0 ] INFO  ipc.Client (Client.java:handleConnectionFailure(977)) - Retrying connect to server: localhost/127.0.0.1:12103. Already tried 7 time(s); retry policy is RetryUpToMaximumCountWithFixedSleep(maxRetries=15, sleepTime=1000 MILLISECONDS)
2021-10-04 02:05:16,486 [EndpointStateMachine task thread for /127.0.0.1:12093 - 0 ] INFO  ipc.Client (Client.java:handleConnectionFailure(977)) - Retrying connect to server: localhost/127.0.0.1:12093. Already tried 9 time(s); retry policy is RetryUpToMaximumCountWithFixedSleep(maxRetries=15, sleepTime=1000 MILLISECONDS)
2021-10-04 02:05:16,592 [EndpointStateMachine task thread for /127.0.0.1:14521 - 0 ] INFO  ipc.Client (Client.java:handleConnectionFailure(977)) - Retrying connect to server: localhost/127.0.0.1:14521. Already tried 2 time(s); retry policy is RetryUpToMaximumCountWithFixedSleep(maxRetries=15, sleepTime=1000 MILLISECONDS)
2021-10-04 02:05:16,593 [EndpointStateMachine task thread for /127.0.0.1:14501 - 0 ] INFO  ipc.Client (Client.java:handleConnectionFailure(977)) - Retrying connect to server: localhost/127.0.0.1:14501. Already tried 4 time(s); retry policy is RetryUpToMaximumCountWithFixedSleep(maxRetries=15, sleepTime=1000 MILLISECONDS)
2021-10-04 02:05:17,444 [EndpointStateMachine task thread for /127.0.0.1:14511 - 0 ] INFO  ipc.Client (Client.java:handleConnectionFailure(977)) - Retrying connect to server: localhost/127.0.0.1:14511. Already tried 5 time(s); retry policy is RetryUpToMaximumCountWithFixedSleep(maxRetries=15, sleepTime=1000 MILLISECONDS)
2021-10-04 02:05:17,485 [EndpointStateMachine task thread for /127.0.0.1:12113 - 0 ] INFO  ipc.Client (Client.java:handleConnectionFailure(977)) - Retrying connect to server: localhost/127.0.0.1:12113. Already tried 8 time(s); retry policy is RetryUpToMaximumCountWithFixedSleep(maxRetries=15, sleepTime=1000 MILLISECONDS)
2021-10-04 02:05:17,486 [EndpointStateMachine task thread for /127.0.0.1:12103 - 0 ] INFO  ipc.Client (Client.java:handleConnectionFailure(977)) - Retrying connect to server: localhost/127.0.0.1:12103. Already tried 8 time(s); retry policy is RetryUpToMaximumCountWithFixedSleep(maxRetries=15, sleepTime=1000 MILLISECONDS)
2021-10-04 02:05:17,486 [EndpointStateMachine task thread for /127.0.0.1:12093 - 0 ] INFO  ipc.Client (Client.java:handleConnectionFailure(977)) - Retrying connect to server: localhost/127.0.0.1:12093. Already tried 10 time(s); retry policy is RetryUpToMaximumCountWithFixedSleep(maxRetries=15, sleepTime=1000 MILLISECONDS)
2021-10-04 02:05:17,593 [EndpointStateMachine task thread for /127.0.0.1:14521 - 0 ] INFO  ipc.Client (Client.java:handleConnectionFailure(977)) - Retrying connect to server: localhost/127.0.0.1:14521. Already tried 3 time(s); retry policy is RetryUpToMaximumCountWithFixedSleep(maxRetries=15, sleepTime=1000 MILLISECONDS)
2021-10-04 02:05:17,593 [EndpointStateMachine task thread for /127.0.0.1:14501 - 0 ] INFO  ipc.Client (Client.java:handleConnectionFailure(977)) - Retrying connect to server: localhost/127.0.0.1:14501. Already tried 5 time(s); retry policy is RetryUpToMaximumCountWithFixedSleep(maxRetries=15, sleepTime=1000 MILLISECONDS)
2021-10-04 02:05:18,445 [EndpointStateMachine task thread for /127.0.0.1:14511 - 0 ] INFO  ipc.Client (Client.java:handleConnectionFailure(977)) - Retrying connect to server: localhost/127.0.0.1:14511. Already tried 6 time(s); retry policy is RetryUpToMaximumCountWithFixedSleep(maxRetries=15, sleepTime=1000 MILLISECONDS)
2021-10-04 02:05:18,486 [EndpointStateMachine task thread for /127.0.0.1:12113 - 0 ] INFO  ipc.Client (Client.java:handleConnectionFailure(977)) - Retrying connect to server: localhost/127.0.0.1:12113. Already tried 9 time(s); retry policy is RetryUpToMaximumCountWithFixedSleep(maxRetries=15, sleepTime=1000 MILLISECONDS)
2021-10-04 02:05:18,486 [EndpointStateMachine task thread for /127.0.0.1:12103 - 0 ] INFO  ipc.Client (Client.java:handleConnectionFailure(977)) - Retrying connect to server: localhost/127.0.0.1:12103. Already tried 9 time(s); retry policy is RetryUpToMaximumCountWithFixedSleep(maxRetries=15, sleepTime=1000 MILLISECONDS)
2021-10-04 02:05:18,486 [EndpointStateMachine task thread for /127.0.0.1:12093 - 0 ] INFO  ipc.Client (Client.java:handleConnectionFailure(977)) - Retrying connect to server: localhost/127.0.0.1:12093. Already tried 11 time(s); retry policy is RetryUpToMaximumCountWithFixedSleep(maxRetries=15, sleepTime=1000 MILLISECONDS)
2021-10-04 02:05:18,593 [EndpointStateMachine task thread for /127.0.0.1:14521 - 0 ] INFO  ipc.Client (Client.java:handleConnectionFailure(977)) - Retrying connect to server: localhost/127.0.0.1:14521. Already tried 4 time(s); retry policy is RetryUpToMaximumCountWithFixedSleep(maxRetries=15, sleepTime=1000 MILLISECONDS)
2021-10-04 02:05:18,594 [EndpointStateMachine task thread for /127.0.0.1:14501 - 0 ] INFO  ipc.Client (Client.java:handleConnectionFailure(977)) - Retrying connect to server: localhost/127.0.0.1:14501. Already tried 6 time(s); retry policy is RetryUpToMaximumCountWithFixedSleep(maxRetries=15, sleepTime=1000 MILLISECONDS)
2021-10-04 02:05:19,445 [EndpointStateMachine task thread for /127.0.0.1:14511 - 0 ] INFO  ipc.Client (Client.java:handleConnectionFailure(977)) - Retrying connect to server: localhost/127.0.0.1:14511. Already tried 7 time(s); retry policy is RetryUpToMaximumCountWithFixedSleep(maxRetries=15, sleepTime=1000 MILLISECONDS)
2021-10-04 02:05:19,486 [EndpointStateMachine task thread for /127.0.0.1:12113 - 0 ] INFO  ipc.Client (Client.java:handleConnectionFailure(977)) - Retrying connect to server: localhost/127.0.0.1:12113. Already tried 10 time(s); retry policy is RetryUpToMaximumCountWithFixedSleep(maxRetries=15, sleepTime=1000 MILLISECONDS)
2021-10-04 02:05:19,486 [EndpointStateMachine task thread for /127.0.0.1:12103 - 0 ] INFO  ipc.Client (Client.java:handleConnectionFailure(977)) - Retrying connect to server: localhost/127.0.0.1:12103. Already tried 10 time(s); retry policy is RetryUpToMaximumCountWithFixedSleep(maxRetries=15, sleepTime=1000 MILLISECONDS)
2021-10-04 02:05:19,487 [EndpointStateMachine task thread for /127.0.0.1:12093 - 0 ] INFO  ipc.Client (Client.java:handleConnectionFailure(977)) - Retrying connect to server: localhost/127.0.0.1:12093. Already tried 12 time(s); retry policy is RetryUpToMaximumCountWithFixedSleep(maxRetries=15, sleepTime=1000 MILLISECONDS)
2021-10-04 02:05:19,594 [EndpointStateMachine task thread for /127.0.0.1:14521 - 0 ] INFO  ipc.Client (Client.java:handleConnectionFailure(977)) - Retrying connect to server: localhost/127.0.0.1:14521. Already tried 5 time(s); retry policy is RetryUpToMaximumCountWithFixedSleep(maxRetries=15, sleepTime=1000 MILLISECONDS)
2021-10-04 02:05:19,594 [EndpointStateMachine task thread for /127.0.0.1:14501 - 0 ] INFO  ipc.Client (Client.java:handleConnectionFailure(977)) - Retrying connect to server: localhost/127.0.0.1:14501. Already tried 7 time(s); retry policy is RetryUpToMaximumCountWithFixedSleep(maxRetries=15, sleepTime=1000 MILLISECONDS)
2021-10-04 02:05:20,446 [EndpointStateMachine task thread for /127.0.0.1:14511 - 0 ] INFO  ipc.Client (Client.java:handleConnectionFailure(977)) - Retrying connect to server: localhost/127.0.0.1:14511. Already tried 8 time(s); retry policy is RetryUpToMaximumCountWithFixedSleep(maxRetries=15, sleepTime=1000 MILLISECONDS)
2021-10-04 02:05:20,487 [EndpointStateMachine task thread for /127.0.0.1:12113 - 0 ] INFO  ipc.Client (Client.java:handleConnectionFailure(977)) - Retrying connect to server: localhost/127.0.0.1:12113. Already tried 11 time(s); retry policy is RetryUpToMaximumCountWithFixedSleep(maxRetries=15, sleepTime=1000 MILLISECONDS)
2021-10-04 02:05:20,487 [EndpointStateMachine task thread for /127.0.0.1:12103 - 0 ] INFO  ipc.Client (Client.java:handleConnectionFailure(977)) - Retrying connect to server: localhost/127.0.0.1:12103. Already tried 11 time(s); retry policy is RetryUpToMaximumCountWithFixedSleep(maxRetries=15, sleepTime=1000 MILLISECONDS)
2021-10-04 02:05:20,487 [EndpointStateMachine task thread for /127.0.0.1:12093 - 0 ] INFO  ipc.Client (Client.java:handleConnectionFailure(977)) - Retrying connect to server: localhost/127.0.0.1:12093. Already tried 13 time(s); retry policy is RetryUpToMaximumCountWithFixedSleep(maxRetries=15, sleepTime=1000 MILLISECONDS)
2021-10-04 02:05:20,595 [EndpointStateMachine task thread for /127.0.0.1:14521 - 0 ] INFO  ipc.Client (Client.java:handleConnectionFailure(977)) - Retrying connect to server: localhost/127.0.0.1:14521. Already tried 6 time(s); retry policy is RetryUpToMaximumCountWithFixedSleep(maxRetries=15, sleepTime=1000 MILLISECONDS)
2021-10-04 02:05:20,595 [EndpointStateMachine task thread for /127.0.0.1:14501 - 0 ] INFO  ipc.Client (Client.java:handleConnectionFailure(977)) - Retrying connect to server: localhost/127.0.0.1:14501. Already tried 8 time(s); retry policy is RetryUpToMaximumCountWithFixedSleep(maxRetries=15, sleepTime=1000 MILLISECONDS)
2021-10-04 02:05:21,005 [Listener at 127.0.0.1/10960] INFO  ozoneimpl.OzoneContainer (OzoneContainer.java:stop(325)) - Attempting to stop container services.
2021-10-04 02:05:21,006 [Listener at 127.0.0.1/10960] INFO  server.RaftServer (RaftServerProxy.java:lambda$close$6(391)) - 0db60050-3417-4221-94cf-c6ca2a56f712: close
2021-10-04 02:05:21,007 [Listener at 127.0.0.1/10960] INFO  server.RaftServer$Division (RaftServerImpl.java:lambda$close$4(407)) - 0db60050-3417-4221-94cf-c6ca2a56f712@group-8194F89F6908: shutdown
2021-10-04 02:05:21,008 [Listener at 127.0.0.1/10960] INFO  util.JmxRegister (JmxRegister.java:unregister(73)) - Successfully un-registered JMX Bean with object name Ratis:service=RaftServer,group=group-8194F89F6908,id=0db60050-3417-4221-94cf-c6ca2a56f712
2021-10-04 02:05:21,008 [Listener at 127.0.0.1/10960] INFO  impl.RoleInfo (RoleInfo.java:shutdownFollowerState(108)) - 0db60050-3417-4221-94cf-c6ca2a56f712: shutdown 0db60050-3417-4221-94cf-c6ca2a56f712@group-8194F89F6908-FollowerState
2021-10-04 02:05:21,008 [Listener at 127.0.0.1/10960] INFO  impl.StateMachineUpdater (StateMachineUpdater.java:stopAndJoin(149)) - 0db60050-3417-4221-94cf-c6ca2a56f712@group-8194F89F6908-StateMachineUpdater: set stopIndex = 0
2021-10-04 02:05:21,008 [0db60050-3417-4221-94cf-c6ca2a56f712@group-8194F89F6908-FollowerState] INFO  impl.FollowerState (FollowerState.java:run(143)) - 0db60050-3417-4221-94cf-c6ca2a56f712@group-8194F89F6908-FollowerState was interrupted: {}
java.lang.InterruptedException: sleep interrupted
	at java.lang.Thread.sleep(Native Method)
	at java.lang.Thread.sleep(Thread.java:340)
	at java.util.concurrent.TimeUnit.sleep(TimeUnit.java:386)
	at org.apache.ratis.util.TimeDuration.sleep(TimeDuration.java:324)
	at org.apache.ratis.util.TimeDuration.sleep(TimeDuration.java:309)
	at org.apache.ratis.server.impl.FollowerState.run(FollowerState.java:118)
2021-10-04 02:05:21,009 [0db60050-3417-4221-94cf-c6ca2a56f712@group-8194F89F6908-StateMachineUpdater] INFO  ratis.ContainerStateMachine (ContainerStateMachine.java:takeSnapshot(292)) - group-8194F89F6908: Taking a snapshot at:(t:3, i:0) file /home/runner/work/ozone/ozone/hadoop-ozone/integration-test/target/test-dir/MiniOzoneClusterImpl-aa9d709b-e9e6-4188-94b0-5e66da880090/datanode-2/data/ratis/108b5ce9-dca6-416e-8789-8194f89f6908/sm/snapshot.3_0
2021-10-04 02:05:21,010 [0db60050-3417-4221-94cf-c6ca2a56f712@group-8194F89F6908-StateMachineUpdater] INFO  ratis.ContainerStateMachine (ContainerStateMachine.java:takeSnapshot(303)) - group-8194F89F6908: Finished taking a snapshot at:(t:3, i:0) file:/home/runner/work/ozone/ozone/hadoop-ozone/integration-test/target/test-dir/MiniOzoneClusterImpl-aa9d709b-e9e6-4188-94b0-5e66da880090/datanode-2/data/ratis/108b5ce9-dca6-416e-8789-8194f89f6908/sm/snapshot.3_0 took: 1 ms
2021-10-04 02:05:21,014 [0db60050-3417-4221-94cf-c6ca2a56f712@group-8194F89F6908-StateMachineUpdater] INFO  impl.StateMachineUpdater (StateMachineUpdater.java:takeSnapshot(281)) - 0db60050-3417-4221-94cf-c6ca2a56f712@group-8194F89F6908-StateMachineUpdater: Took a snapshot at index 0
2021-10-04 02:05:21,014 [0db60050-3417-4221-94cf-c6ca2a56f712@group-8194F89F6908-StateMachineUpdater] INFO  impl.StateMachineUpdater (StateMachineUpdater.java:lambda$new$0(89)) - 0db60050-3417-4221-94cf-c6ca2a56f712@group-8194F89F6908-StateMachineUpdater: snapshotIndex: updateIncreasingly -1 -> 0
2021-10-04 02:05:21,015 [Listener at 127.0.0.1/10960] INFO  server.RaftServer$Division (ServerState.java:close(419)) - 0db60050-3417-4221-94cf-c6ca2a56f712@group-8194F89F6908: closes. applyIndex: 0
2021-10-04 02:05:21,015 [0db60050-3417-4221-94cf-c6ca2a56f712@group-8194F89F6908-SegmentedRaftLogWorker] INFO  segmented.SegmentedRaftLogWorker (SegmentedRaftLogWorker.java:run(327)) - 0db60050-3417-4221-94cf-c6ca2a56f712@group-8194F89F6908-SegmentedRaftLogWorker was interrupted, exiting. There are 0 tasks remaining in the queue.
2021-10-04 02:05:21,015 [Listener at 127.0.0.1/10960] INFO  segmented.SegmentedRaftLogWorker (SegmentedRaftLogWorker.java:close(237)) - 0db60050-3417-4221-94cf-c6ca2a56f712@group-8194F89F6908-SegmentedRaftLogWorker close()
2021-10-04 02:05:21,016 [Listener at 127.0.0.1/10960] INFO  server.RaftServer$Division (RaftServerImpl.java:lambda$close$4(407)) - 0db60050-3417-4221-94cf-c6ca2a56f712@group-188CE2807762: shutdown
2021-10-04 02:05:21,017 [Listener at 127.0.0.1/10960] INFO  util.JmxRegister (JmxRegister.java:unregister(73)) - Successfully un-registered JMX Bean with object name Ratis:service=RaftServer,group=group-188CE2807762,id=0db60050-3417-4221-94cf-c6ca2a56f712
2021-10-04 02:05:21,017 [Listener at 127.0.0.1/10960] INFO  impl.RoleInfo (RoleInfo.java:shutdownLeaderState(91)) - 0db60050-3417-4221-94cf-c6ca2a56f712: shutdown 0db60050-3417-4221-94cf-c6ca2a56f712@group-188CE2807762-LeaderStateImpl
2021-10-04 02:05:21,017 [Listener at 127.0.0.1/10960] INFO  impl.PendingRequests (PendingRequests.java:sendNotLeaderResponses(282)) - 0db60050-3417-4221-94cf-c6ca2a56f712@group-188CE2807762-PendingRequests: sendNotLeaderResponses
2021-10-04 02:05:21,020 [0db60050-3417-4221-94cf-c6ca2a56f712@group-188CE2807762-StateMachineUpdater] INFO  ratis.ContainerStateMachine (ContainerStateMachine.java:takeSnapshot(292)) - group-188CE2807762: Taking a snapshot at:(t:1, i:0) file /home/runner/work/ozone/ozone/hadoop-ozone/integration-test/target/test-dir/MiniOzoneClusterImpl-aa9d709b-e9e6-4188-94b0-5e66da880090/datanode-2/data/ratis/69f41031-487d-4ec5-80a7-188ce2807762/sm/snapshot.1_0
2021-10-04 02:05:21,020 [Listener at 127.0.0.1/10960] INFO  impl.StateMachineUpdater (StateMachineUpdater.java:stopAndJoin(149)) - 0db60050-3417-4221-94cf-c6ca2a56f712@group-188CE2807762-StateMachineUpdater: set stopIndex = 0
2021-10-04 02:05:21,021 [0db60050-3417-4221-94cf-c6ca2a56f712@group-188CE2807762-StateMachineUpdater] INFO  ratis.ContainerStateMachine (ContainerStateMachine.java:takeSnapshot(303)) - group-188CE2807762: Finished taking a snapshot at:(t:1, i:0) file:/home/runner/work/ozone/ozone/hadoop-ozone/integration-test/target/test-dir/MiniOzoneClusterImpl-aa9d709b-e9e6-4188-94b0-5e66da880090/datanode-2/data/ratis/69f41031-487d-4ec5-80a7-188ce2807762/sm/snapshot.1_0 took: 2 ms
2021-10-04 02:05:21,022 [0db60050-3417-4221-94cf-c6ca2a56f712@group-188CE2807762-StateMachineUpdater] INFO  impl.StateMachineUpdater (StateMachineUpdater.java:takeSnapshot(281)) - 0db60050-3417-4221-94cf-c6ca2a56f712@group-188CE2807762-StateMachineUpdater: Took a snapshot at index 0
2021-10-04 02:05:21,022 [0db60050-3417-4221-94cf-c6ca2a56f712@group-188CE2807762-StateMachineUpdater] INFO  impl.StateMachineUpdater (StateMachineUpdater.java:lambda$new$0(89)) - 0db60050-3417-4221-94cf-c6ca2a56f712@group-188CE2807762-StateMachineUpdater: snapshotIndex: updateIncreasingly -1 -> 0
2021-10-04 02:05:21,025 [Listener at 127.0.0.1/10960] INFO  server.RaftServer$Division (ServerState.java:close(419)) - 0db60050-3417-4221-94cf-c6ca2a56f712@group-188CE2807762: closes. applyIndex: 0
2021-10-04 02:05:21,025 [0db60050-3417-4221-94cf-c6ca2a56f712@group-188CE2807762-SegmentedRaftLogWorker] INFO  segmented.SegmentedRaftLogWorker (SegmentedRaftLogWorker.java:run(327)) - 0db60050-3417-4221-94cf-c6ca2a56f712@group-188CE2807762-SegmentedRaftLogWorker was interrupted, exiting. There are 0 tasks remaining in the queue.
2021-10-04 02:05:21,025 [Listener at 127.0.0.1/10960] INFO  segmented.SegmentedRaftLogWorker (SegmentedRaftLogWorker.java:close(237)) - 0db60050-3417-4221-94cf-c6ca2a56f712@group-188CE2807762-SegmentedRaftLogWorker close()
2021-10-04 02:05:21,025 [Listener at 127.0.0.1/10960] INFO  server.RaftServer$Division (RaftServerImpl.java:lambda$close$4(407)) - 0db60050-3417-4221-94cf-c6ca2a56f712@group-38CF24579FA4: shutdown
2021-10-04 02:05:21,026 [Listener at 127.0.0.1/10960] INFO  util.JmxRegister (JmxRegister.java:unregister(73)) - Successfully un-registered JMX Bean with object name Ratis:service=RaftServer,group=group-38CF24579FA4,id=0db60050-3417-4221-94cf-c6ca2a56f712
2021-10-04 02:05:21,026 [Listener at 127.0.0.1/10960] INFO  impl.RoleInfo (RoleInfo.java:shutdownFollowerState(108)) - 0db60050-3417-4221-94cf-c6ca2a56f712: shutdown 0db60050-3417-4221-94cf-c6ca2a56f712@group-38CF24579FA4-FollowerState
2021-10-04 02:05:21,026 [0db60050-3417-4221-94cf-c6ca2a56f712@group-38CF24579FA4-FollowerState] INFO  impl.FollowerState (FollowerState.java:run(143)) - 0db60050-3417-4221-94cf-c6ca2a56f712@group-38CF24579FA4-FollowerState was interrupted: {}
java.lang.InterruptedException: sleep interrupted
	at java.lang.Thread.sleep(Native Method)
	at java.lang.Thread.sleep(Thread.java:340)
	at java.util.concurrent.TimeUnit.sleep(TimeUnit.java:386)
	at org.apache.ratis.util.TimeDuration.sleep(TimeDuration.java:324)
	at org.apache.ratis.util.TimeDuration.sleep(TimeDuration.java:309)
	at org.apache.ratis.server.impl.FollowerState.run(FollowerState.java:118)
2021-10-04 02:05:21,030 [Listener at 127.0.0.1/10960] INFO  impl.StateMachineUpdater (StateMachineUpdater.java:stopAndJoin(149)) - 0db60050-3417-4221-94cf-c6ca2a56f712@group-38CF24579FA4-StateMachineUpdater: set stopIndex = 0
2021-10-04 02:05:21,030 [0db60050-3417-4221-94cf-c6ca2a56f712@group-38CF24579FA4-StateMachineUpdater] INFO  ratis.ContainerStateMachine (ContainerStateMachine.java:takeSnapshot(292)) - group-38CF24579FA4: Taking a snapshot at:(t:2, i:0) file /home/runner/work/ozone/ozone/hadoop-ozone/integration-test/target/test-dir/MiniOzoneClusterImpl-aa9d709b-e9e6-4188-94b0-5e66da880090/datanode-2/data/ratis/5bbf6d9c-bff9-4fc2-9f93-38cf24579fa4/sm/snapshot.2_0
2021-10-04 02:05:21,031 [0db60050-3417-4221-94cf-c6ca2a56f712@group-38CF24579FA4-StateMachineUpdater] INFO  ratis.ContainerStateMachine (ContainerStateMachine.java:takeSnapshot(303)) - group-38CF24579FA4: Finished taking a snapshot at:(t:2, i:0) file:/home/runner/work/ozone/ozone/hadoop-ozone/integration-test/target/test-dir/MiniOzoneClusterImpl-aa9d709b-e9e6-4188-94b0-5e66da880090/datanode-2/data/ratis/5bbf6d9c-bff9-4fc2-9f93-38cf24579fa4/sm/snapshot.2_0 took: 1 ms
2021-10-04 02:05:21,032 [0db60050-3417-4221-94cf-c6ca2a56f712@group-38CF24579FA4-StateMachineUpdater] INFO  impl.StateMachineUpdater (StateMachineUpdater.java:takeSnapshot(281)) - 0db60050-3417-4221-94cf-c6ca2a56f712@group-38CF24579FA4-StateMachineUpdater: Took a snapshot at index 0
2021-10-04 02:05:21,032 [0db60050-3417-4221-94cf-c6ca2a56f712@group-38CF24579FA4-StateMachineUpdater] INFO  impl.StateMachineUpdater (StateMachineUpdater.java:lambda$new$0(89)) - 0db60050-3417-4221-94cf-c6ca2a56f712@group-38CF24579FA4-StateMachineUpdater: snapshotIndex: updateIncreasingly -1 -> 0
2021-10-04 02:05:21,034 [Listener at 127.0.0.1/10960] INFO  server.RaftServer$Division (ServerState.java:close(419)) - 0db60050-3417-4221-94cf-c6ca2a56f712@group-38CF24579FA4: closes. applyIndex: 0
2021-10-04 02:05:21,034 [0db60050-3417-4221-94cf-c6ca2a56f712@group-38CF24579FA4-SegmentedRaftLogWorker] INFO  segmented.SegmentedRaftLogWorker (SegmentedRaftLogWorker.java:run(327)) - 0db60050-3417-4221-94cf-c6ca2a56f712@group-38CF24579FA4-SegmentedRaftLogWorker was interrupted, exiting. There are 0 tasks remaining in the queue.
2021-10-04 02:05:21,035 [Listener at 127.0.0.1/10960] INFO  segmented.SegmentedRaftLogWorker (SegmentedRaftLogWorker.java:close(237)) - 0db60050-3417-4221-94cf-c6ca2a56f712@group-38CF24579FA4-SegmentedRaftLogWorker close()
2021-10-04 02:05:21,035 [Listener at 127.0.0.1/10960] INFO  server.GrpcService (GrpcService.java:closeImpl(262)) - 0db60050-3417-4221-94cf-c6ca2a56f712: shutdown server with port 44551 now
2021-10-04 02:05:21,050 [Listener at 127.0.0.1/10960] INFO  server.GrpcService (GrpcService.java:closeImpl(271)) - 0db60050-3417-4221-94cf-c6ca2a56f712: shutdown server with port 44551 successfully
2021-10-04 02:05:21,051 [org.apache.ratis.util.JvmPauseMonitor$$Lambda$499/1387671967@8d84741] INFO  util.JvmPauseMonitor (JvmPauseMonitor.java:run(109)) - JvmPauseMonitor-0db60050-3417-4221-94cf-c6ca2a56f712: Stopped
2021-10-04 02:05:21,052 [Listener at 127.0.0.1/10960] INFO  utils.BackgroundService (BackgroundService.java:shutdown(132)) - Shutting down service BlockDeletingService
2021-10-04 02:05:21,446 [EndpointStateMachine task thread for /127.0.0.1:14511 - 0 ] INFO  ipc.Client (Client.java:handleConnectionFailure(977)) - Retrying connect to server: localhost/127.0.0.1:14511. Already tried 9 time(s); retry policy is RetryUpToMaximumCountWithFixedSleep(maxRetries=15, sleepTime=1000 MILLISECONDS)
2021-10-04 02:05:21,487 [EndpointStateMachine task thread for /127.0.0.1:12113 - 0 ] INFO  ipc.Client (Client.java:handleConnectionFailure(977)) - Retrying connect to server: localhost/127.0.0.1:12113. Already tried 12 time(s); retry policy is RetryUpToMaximumCountWithFixedSleep(maxRetries=15, sleepTime=1000 MILLISECONDS)
2021-10-04 02:05:21,488 [EndpointStateMachine task thread for /127.0.0.1:12103 - 0 ] INFO  ipc.Client (Client.java:handleConnectionFailure(977)) - Retrying connect to server: localhost/127.0.0.1:12103. Already tried 12 time(s); retry policy is RetryUpToMaximumCountWithFixedSleep(maxRetries=15, sleepTime=1000 MILLISECONDS)
2021-10-04 02:05:21,488 [EndpointStateMachine task thread for /127.0.0.1:12093 - 0 ] INFO  ipc.Client (Client.java:handleConnectionFailure(977)) - Retrying connect to server: localhost/127.0.0.1:12093. Already tried 14 time(s); retry policy is RetryUpToMaximumCountWithFixedSleep(maxRetries=15, sleepTime=1000 MILLISECONDS)
2021-10-04 02:05:21,489 [EndpointStateMachine task thread for /127.0.0.1:12093 - 0 ] WARN  statemachine.EndpointStateMachine (EndpointStateMachine.java:logIfNeeded(236)) - Unable to communicate to SCM server at localhost:12093 for past 0 seconds.
java.net.ConnectException: Call From fv-az396-153/10.1.0.36 to localhost:12093 failed on connection exception: java.net.ConnectException: Connection refused; For more details see:  http://wiki.apache.org/hadoop/ConnectionRefused
	at sun.reflect.GeneratedConstructorAccessor44.newInstance(Unknown Source)
	at sun.reflect.DelegatingConstructorAccessorImpl.newInstance(DelegatingConstructorAccessorImpl.java:45)
	at java.lang.reflect.Constructor.newInstance(Constructor.java:423)
	at org.apache.hadoop.net.NetUtils.wrapWithMessage(NetUtils.java:913)
	at org.apache.hadoop.net.NetUtils.wrapException(NetUtils.java:828)
	at org.apache.hadoop.ipc.Client.getRpcResponse(Client.java:1577)
	at org.apache.hadoop.ipc.Client.call(Client.java:1519)
	at org.apache.hadoop.ipc.Client.call(Client.java:1416)
	at org.apache.hadoop.ipc.ProtobufRpcEngine$Invoker.invoke(ProtobufRpcEngine.java:236)
	at org.apache.hadoop.ipc.ProtobufRpcEngine$Invoker.invoke(ProtobufRpcEngine.java:123)
	at com.sun.proxy.$Proxy48.submitRequest(Unknown Source)
	at org.apache.hadoop.ozone.protocolPB.StorageContainerDatanodeProtocolClientSideTranslatorPB.submitRequest(StorageContainerDatanodeProtocolClientSideTranslatorPB.java:117)
	at org.apache.hadoop.ozone.protocolPB.StorageContainerDatanodeProtocolClientSideTranslatorPB.sendHeartbeat(StorageContainerDatanodeProtocolClientSideTranslatorPB.java:149)
	at org.apache.hadoop.ozone.container.common.states.endpoint.HeartbeatEndpointTask.call(HeartbeatEndpointTask.java:179)
	at org.apache.hadoop.ozone.container.common.states.endpoint.HeartbeatEndpointTask.call(HeartbeatEndpointTask.java:82)
	at java.util.concurrent.FutureTask.run(FutureTask.java:266)
	at java.util.concurrent.ThreadPoolExecutor.runWorker(ThreadPoolExecutor.java:1149)
	at java.util.concurrent.ThreadPoolExecutor$Worker.run(ThreadPoolExecutor.java:624)
	at java.lang.Thread.run(Thread.java:748)
Caused by: java.net.ConnectException: Connection refused
	at sun.nio.ch.SocketChannelImpl.checkConnect(Native Method)
	at sun.nio.ch.SocketChannelImpl.finishConnect(SocketChannelImpl.java:716)
	at org.apache.hadoop.net.SocketIOWithTimeout.connect(SocketIOWithTimeout.java:206)
	at org.apache.hadoop.net.NetUtils.connect(NetUtils.java:586)
	at org.apache.hadoop.ipc.Client$Connection.setupConnection(Client.java:701)
	at org.apache.hadoop.ipc.Client$Connection.setupIOstreams(Client.java:822)
	at org.apache.hadoop.ipc.Client$Connection.access$3800(Client.java:414)
	at org.apache.hadoop.ipc.Client.getConnection(Client.java:1647)
	at org.apache.hadoop.ipc.Client.call(Client.java:1463)
	... 12 more
2021-10-04 02:05:21,595 [EndpointStateMachine task thread for /127.0.0.1:14521 - 0 ] INFO  ipc.Client (Client.java:handleConnectionFailure(977)) - Retrying connect to server: localhost/127.0.0.1:14521. Already tried 7 time(s); retry policy is RetryUpToMaximumCountWithFixedSleep(maxRetries=15, sleepTime=1000 MILLISECONDS)
2021-10-04 02:05:21,596 [EndpointStateMachine task thread for /127.0.0.1:14501 - 0 ] INFO  ipc.Client (Client.java:handleConnectionFailure(977)) - Retrying connect to server: localhost/127.0.0.1:14501. Already tried 9 time(s); retry policy is RetryUpToMaximumCountWithFixedSleep(maxRetries=15, sleepTime=1000 MILLISECONDS)
2021-10-04 02:05:22,447 [EndpointStateMachine task thread for /127.0.0.1:14511 - 0 ] INFO  ipc.Client (Client.java:handleConnectionFailure(977)) - Retrying connect to server: localhost/127.0.0.1:14511. Already tried 10 time(s); retry policy is RetryUpToMaximumCountWithFixedSleep(maxRetries=15, sleepTime=1000 MILLISECONDS)
2021-10-04 02:05:22,488 [EndpointStateMachine task thread for /127.0.0.1:12113 - 0 ] INFO  ipc.Client (Client.java:handleConnectionFailure(977)) - Retrying connect to server: localhost/127.0.0.1:12113. Already tried 13 time(s); retry policy is RetryUpToMaximumCountWithFixedSleep(maxRetries=15, sleepTime=1000 MILLISECONDS)
2021-10-04 02:05:22,488 [EndpointStateMachine task thread for /127.0.0.1:12103 - 0 ] INFO  ipc.Client (Client.java:handleConnectionFailure(977)) - Retrying connect to server: localhost/127.0.0.1:12103. Already tried 13 time(s); retry policy is RetryUpToMaximumCountWithFixedSleep(maxRetries=15, sleepTime=1000 MILLISECONDS)
2021-10-04 02:05:22,489 [EndpointStateMachine task thread for /127.0.0.1:12093 - 0 ] INFO  ipc.Client (Client.java:handleConnectionFailure(977)) - Retrying connect to server: localhost/127.0.0.1:12093. Already tried 0 time(s); retry policy is RetryUpToMaximumCountWithFixedSleep(maxRetries=15, sleepTime=1000 MILLISECONDS)
2021-10-04 02:05:22,596 [EndpointStateMachine task thread for /127.0.0.1:14521 - 0 ] INFO  ipc.Client (Client.java:handleConnectionFailure(977)) - Retrying connect to server: localhost/127.0.0.1:14521. Already tried 8 time(s); retry policy is RetryUpToMaximumCountWithFixedSleep(maxRetries=15, sleepTime=1000 MILLISECONDS)
2021-10-04 02:05:22,596 [EndpointStateMachine task thread for /127.0.0.1:14501 - 0 ] INFO  ipc.Client (Client.java:handleConnectionFailure(977)) - Retrying connect to server: localhost/127.0.0.1:14501. Already tried 10 time(s); retry policy is RetryUpToMaximumCountWithFixedSleep(maxRetries=15, sleepTime=1000 MILLISECONDS)
2021-10-04 02:05:23,448 [EndpointStateMachine task thread for /127.0.0.1:14511 - 0 ] INFO  ipc.Client (Client.java:handleConnectionFailure(977)) - Retrying connect to server: localhost/127.0.0.1:14511. Already tried 11 time(s); retry policy is RetryUpToMaximumCountWithFixedSleep(maxRetries=15, sleepTime=1000 MILLISECONDS)
2021-10-04 02:05:23,488 [EndpointStateMachine task thread for /127.0.0.1:12113 - 0 ] INFO  ipc.Client (Client.java:handleConnectionFailure(977)) - Retrying connect to server: localhost/127.0.0.1:12113. Already tried 14 time(s); retry policy is RetryUpToMaximumCountWithFixedSleep(maxRetries=15, sleepTime=1000 MILLISECONDS)
2021-10-04 02:05:23,489 [EndpointStateMachine task thread for /127.0.0.1:12113 - 0 ] WARN  statemachine.EndpointStateMachine (EndpointStateMachine.java:logIfNeeded(236)) - Unable to communicate to SCM server at localhost:12113 for past 0 seconds.
java.net.ConnectException: Call From fv-az396-153/10.1.0.36 to localhost:12113 failed on connection exception: java.net.ConnectException: Connection refused; For more details see:  http://wiki.apache.org/hadoop/ConnectionRefused
	at sun.reflect.GeneratedConstructorAccessor44.newInstance(Unknown Source)
	at sun.reflect.DelegatingConstructorAccessorImpl.newInstance(DelegatingConstructorAccessorImpl.java:45)
	at java.lang.reflect.Constructor.newInstance(Constructor.java:423)
	at org.apache.hadoop.net.NetUtils.wrapWithMessage(NetUtils.java:913)
	at org.apache.hadoop.net.NetUtils.wrapException(NetUtils.java:828)
	at org.apache.hadoop.ipc.Client.getRpcResponse(Client.java:1577)
	at org.apache.hadoop.ipc.Client.call(Client.java:1519)
	at org.apache.hadoop.ipc.Client.call(Client.java:1416)
	at org.apache.hadoop.ipc.ProtobufRpcEngine$Invoker.invoke(ProtobufRpcEngine.java:236)
	at org.apache.hadoop.ipc.ProtobufRpcEngine$Invoker.invoke(ProtobufRpcEngine.java:123)
	at com.sun.proxy.$Proxy48.submitRequest(Unknown Source)
	at org.apache.hadoop.ozone.protocolPB.StorageContainerDatanodeProtocolClientSideTranslatorPB.submitRequest(StorageContainerDatanodeProtocolClientSideTranslatorPB.java:117)
	at org.apache.hadoop.ozone.protocolPB.StorageContainerDatanodeProtocolClientSideTranslatorPB.sendHeartbeat(StorageContainerDatanodeProtocolClientSideTranslatorPB.java:149)
	at org.apache.hadoop.ozone.container.common.states.endpoint.HeartbeatEndpointTask.call(HeartbeatEndpointTask.java:179)
	at org.apache.hadoop.ozone.container.common.states.endpoint.HeartbeatEndpointTask.call(HeartbeatEndpointTask.java:82)
	at java.util.concurrent.FutureTask.run(FutureTask.java:266)
	at java.util.concurrent.ThreadPoolExecutor.runWorker(ThreadPoolExecutor.java:1149)
	at java.util.concurrent.ThreadPoolExecutor$Worker.run(ThreadPoolExecutor.java:624)
	at java.lang.Thread.run(Thread.java:748)
Caused by: java.net.ConnectException: Connection refused
	at sun.nio.ch.SocketChannelImpl.checkConnect(Native Method)
	at sun.nio.ch.SocketChannelImpl.finishConnect(SocketChannelImpl.java:716)
	at org.apache.hadoop.net.SocketIOWithTimeout.connect(SocketIOWithTimeout.java:206)
	at org.apache.hadoop.net.NetUtils.connect(NetUtils.java:586)
	at org.apache.hadoop.ipc.Client$Connection.setupConnection(Client.java:701)
	at org.apache.hadoop.ipc.Client$Connection.setupIOstreams(Client.java:822)
	at org.apache.hadoop.ipc.Client$Connection.access$3800(Client.java:414)
	at org.apache.hadoop.ipc.Client.getConnection(Client.java:1647)
	at org.apache.hadoop.ipc.Client.call(Client.java:1463)
	... 12 more
2021-10-04 02:05:23,489 [EndpointStateMachine task thread for /127.0.0.1:12103 - 0 ] INFO  ipc.Client (Client.java:handleConnectionFailure(977)) - Retrying connect to server: localhost/127.0.0.1:12103. Already tried 14 time(s); retry policy is RetryUpToMaximumCountWithFixedSleep(maxRetries=15, sleepTime=1000 MILLISECONDS)
2021-10-04 02:05:23,490 [EndpointStateMachine task thread for /127.0.0.1:12093 - 0 ] INFO  ipc.Client (Client.java:handleConnectionFailure(977)) - Retrying connect to server: localhost/127.0.0.1:12093. Already tried 1 time(s); retry policy is RetryUpToMaximumCountWithFixedSleep(maxRetries=15, sleepTime=1000 MILLISECONDS)
2021-10-04 02:05:23,490 [EndpointStateMachine task thread for /127.0.0.1:12103 - 0 ] WARN  statemachine.EndpointStateMachine (EndpointStateMachine.java:logIfNeeded(236)) - Unable to communicate to SCM server at localhost:12103 for past 0 seconds.
java.net.ConnectException: Call From fv-az396-153/10.1.0.36 to localhost:12103 failed on connection exception: java.net.ConnectException: Connection refused; For more details see:  http://wiki.apache.org/hadoop/ConnectionRefused
	at sun.reflect.GeneratedConstructorAccessor44.newInstance(Unknown Source)
	at sun.reflect.DelegatingConstructorAccessorImpl.newInstance(DelegatingConstructorAccessorImpl.java:45)
	at java.lang.reflect.Constructor.newInstance(Constructor.java:423)
	at org.apache.hadoop.net.NetUtils.wrapWithMessage(NetUtils.java:913)
	at org.apache.hadoop.net.NetUtils.wrapException(NetUtils.java:828)
	at org.apache.hadoop.ipc.Client.getRpcResponse(Client.java:1577)
	at org.apache.hadoop.ipc.Client.call(Client.java:1519)
	at org.apache.hadoop.ipc.Client.call(Client.java:1416)
	at org.apache.hadoop.ipc.ProtobufRpcEngine$Invoker.invoke(ProtobufRpcEngine.java:236)
	at org.apache.hadoop.ipc.ProtobufRpcEngine$Invoker.invoke(ProtobufRpcEngine.java:123)
	at com.sun.proxy.$Proxy48.submitRequest(Unknown Source)
	at org.apache.hadoop.ozone.protocolPB.StorageContainerDatanodeProtocolClientSideTranslatorPB.submitRequest(StorageContainerDatanodeProtocolClientSideTranslatorPB.java:117)
	at org.apache.hadoop.ozone.protocolPB.StorageContainerDatanodeProtocolClientSideTranslatorPB.sendHeartbeat(StorageContainerDatanodeProtocolClientSideTranslatorPB.java:149)
	at org.apache.hadoop.ozone.container.common.states.endpoint.HeartbeatEndpointTask.call(HeartbeatEndpointTask.java:179)
	at org.apache.hadoop.ozone.container.common.states.endpoint.HeartbeatEndpointTask.call(HeartbeatEndpointTask.java:82)
	at java.util.concurrent.FutureTask.run(FutureTask.java:266)
	at java.util.concurrent.ThreadPoolExecutor.runWorker(ThreadPoolExecutor.java:1149)
	at java.util.concurrent.ThreadPoolExecutor$Worker.run(ThreadPoolExecutor.java:624)
	at java.lang.Thread.run(Thread.java:748)
Caused by: java.net.ConnectException: Connection refused
	at sun.nio.ch.SocketChannelImpl.checkConnect(Native Method)
	at sun.nio.ch.SocketChannelImpl.finishConnect(SocketChannelImpl.java:716)
	at org.apache.hadoop.net.SocketIOWithTimeout.connect(SocketIOWithTimeout.java:206)
	at org.apache.hadoop.net.NetUtils.connect(NetUtils.java:586)
	at org.apache.hadoop.ipc.Client$Connection.setupConnection(Client.java:701)
	at org.apache.hadoop.ipc.Client$Connection.setupIOstreams(Client.java:822)
	at org.apache.hadoop.ipc.Client$Connection.access$3800(Client.java:414)
	at org.apache.hadoop.ipc.Client.getConnection(Client.java:1647)
	at org.apache.hadoop.ipc.Client.call(Client.java:1463)
	... 12 more
2021-10-04 02:05:23,596 [EndpointStateMachine task thread for /127.0.0.1:14521 - 0 ] INFO  ipc.Client (Client.java:handleConnectionFailure(977)) - Retrying connect to server: localhost/127.0.0.1:14521. Already tried 9 time(s); retry policy is RetryUpToMaximumCountWithFixedSleep(maxRetries=15, sleepTime=1000 MILLISECONDS)
2021-10-04 02:05:23,596 [EndpointStateMachine task thread for /127.0.0.1:14501 - 0 ] INFO  ipc.Client (Client.java:handleConnectionFailure(977)) - Retrying connect to server: localhost/127.0.0.1:14501. Already tried 11 time(s); retry policy is RetryUpToMaximumCountWithFixedSleep(maxRetries=15, sleepTime=1000 MILLISECONDS)
2021-10-04 02:05:24,055 [Listener at 127.0.0.1/10960] INFO  statemachine.DatanodeStateMachine (DatanodeStateMachine.java:stopDaemon(515)) - Ozone container server stopped.
2021-10-04 02:05:24,056 [Listener at 127.0.0.1/10960] INFO  handler.ContextHandler (ContextHandler.java:doStop(1153)) - Stopped o.e.j.w.WebAppContext@4790479a{hddsDatanode,/,null,STOPPED}{jar:file:/home/runner/.m2/repository/org/apache/ozone/hdds-container-service/1.2.0-SNAPSHOT/hdds-container-service-1.2.0-SNAPSHOT.jar!/webapps/hddsDatanode}
2021-10-04 02:05:24,062 [Listener at 127.0.0.1/10960] INFO  server.AbstractConnector (AbstractConnector.java:doStop(381)) - Stopped ServerConnector@5aee12c7{HTTP/1.1, (http/1.1)}{0.0.0.0:0}
2021-10-04 02:05:24,062 [Listener at 127.0.0.1/10960] INFO  server.session (HouseKeeper.java:stopScavenging(149)) - node0 Stopped scavenging
2021-10-04 02:05:24,063 [Listener at 127.0.0.1/10960] INFO  handler.ContextHandler (ContextHandler.java:doStop(1153)) - Stopped o.e.j.s.ServletContextHandler@29a920fe{static,/static,jar:file:/home/runner/.m2/repository/org/apache/ozone/hdds-container-service/1.2.0-SNAPSHOT/hdds-container-service-1.2.0-SNAPSHOT.jar!/webapps/static,STOPPED}
2021-10-04 02:05:24,063 [Listener at 127.0.0.1/10960] INFO  handler.ContextHandler (ContextHandler.java:doStop(1153)) - Stopped o.e.j.s.ServletContextHandler@726986d2{logs,/logs,file:///home/runner/work/ozone/ozone/hadoop-ozone/integration-test/target/log,STOPPED}
]]></system-out>
  </testcase>
  <testcase name="testInstallCorruptedCheckpointFailure" classname="org.apache.hadoop.ozone.scm.TestSCMInstallSnapshotWithHA" time="49.892"/>
</testsuite>