<?xml version="1.0" encoding="UTF-8"?>
<testsuite xmlns:xsi="http://www.w3.org/2001/XMLSchema-instance" xsi:noNamespaceSchemaLocation="https://maven.apache.org/surefire/maven-surefire-plugin/xsd/surefire-test-report-3.0.xsd" version="3.0" name="org.apache.hadoop.ozone.container.common.TestBlockDeletingService" time="24.948" tests="56" errors="1" skipped="12" failures="3">
  <properties>
    <property name="awt.toolkit" value="sun.awt.X11.XToolkit"/>
    <property name="file.encoding.pkg" value="sun.io"/>
    <property name="java.specification.version" value="1.8"/>
    <property name="sun.cpu.isalist" value=""/>
    <property name="sun.jnu.encoding" value="UTF-8"/>
    <property name="java.class.path" value="/home/runner/work/ozone/ozone/hadoop-hdds/container-service/target/test-classes:/home/runner/work/ozone/ozone/hadoop-hdds/container-service/target/classes:/home/runner/work/ozone/ozone/hadoop-hdds/common/target/classes:/home/runner/work/ozone/ozone/hadoop-hdds/hadoop-dependency-client/target/classes:/home/runner/.m2/repository/org/apache/hadoop/hadoop-annotations/3.3.6/hadoop-annotations-3.3.6.jar:/usr/lib/jvm/temurin-8-jdk-amd64/jre/../lib/tools.jar:/home/runner/.m2/repository/org/apache/hadoop/hadoop-common/3.3.6/hadoop-common-3.3.6.jar:/home/runner/.m2/repository/org/apache/hadoop/thirdparty/hadoop-shaded-guava/1.1.1/hadoop-shaded-guava-1.1.1.jar:/home/runner/.m2/repository/org/apache/httpcomponents/httpclient/4.5.13/httpclient-4.5.13.jar:/home/runner/.m2/repository/org/apache/httpcomponents/httpcore/4.4.13/httpcore-4.4.13.jar:/home/runner/.m2/repository/jakarta/activation/jakarta.activation-api/1.2.2/jakarta.activation-api-1.2.2.jar:/home/runner/.m2/repository/com/google/re2j/re2j/1.1/re2j-1.1.jar:/home/runner/.m2/repository/org/apache/hadoop/hadoop-auth/3.3.6/hadoop-auth-3.3.6.jar:/home/runner/.m2/repository/org/apache/kerby/kerb-core/1.0.1/kerb-core-1.0.1.jar:/home/runner/.m2/repository/org/apache/kerby/kerby-pkix/1.0.1/kerby-pkix-1.0.1.jar:/home/runner/.m2/repository/org/apache/kerby/kerby-asn1/1.0.1/kerby-asn1-1.0.1.jar:/home/runner/.m2/repository/org/apache/kerby/kerby-util/1.0.1/kerby-util-1.0.1.jar:/home/runner/.m2/repository/org/codehaus/woodstox/stax2-api/4.2.1/stax2-api-4.2.1.jar:/home/runner/.m2/repository/com/fasterxml/woodstox/woodstox-core/5.4.0/woodstox-core-5.4.0.jar:/home/runner/.m2/repository/org/xerial/snappy/snappy-java/1.1.8.2/snappy-java-1.1.8.2.jar:/home/runner/.m2/repository/org/apache/hadoop/hadoop-hdfs/3.3.6/hadoop-hdfs-3.3.6.jar:/home/runner/.m2/repository/info/picocli/picocli/4.6.1/picocli-4.6.1.jar:/home/runner/.m2/repository/com/google/protobuf/protobuf-java/2.5.0/protobuf-java-2.5.0.jar:/home/runner/.m2/repository/com/google/guava/guava/32.0.0-jre/guava-32.0.0-jre.jar:/home/runner/.m2/repository/com/google/guava/failureaccess/1.0.1/failureaccess-1.0.1.jar:/home/runner/.m2/repository/com/google/guava/listenablefuture/9999.0-empty-to-avoid-conflict-with-guava/listenablefuture-9999.0-empty-to-avoid-conflict-with-guava.jar:/home/runner/.m2/repository/org/checkerframework/checker-qual/3.33.0/checker-qual-3.33.0.jar:/home/runner/.m2/repository/com/google/errorprone/error_prone_annotations/2.2.0/error_prone_annotations-2.2.0.jar:/home/runner/.m2/repository/com/google/j2objc/j2objc-annotations/2.8/j2objc-annotations-2.8.jar:/home/runner/.m2/repository/org/apache/commons/commons-lang3/3.7/commons-lang3-3.7.jar:/home/runner/.m2/repository/commons-io/commons-io/2.11.0/commons-io-2.11.0.jar:/home/runner/.m2/repository/com/fasterxml/jackson/core/jackson-annotations/2.13.4/jackson-annotations-2.13.4.jar:/home/runner/.m2/repository/com/fasterxml/jackson/datatype/jackson-datatype-jsr310/2.13.4/jackson-datatype-jsr310-2.13.4.jar:/home/runner/.m2/repository/com/fasterxml/jackson/core/jackson-core/2.13.4/jackson-core-2.13.4.jar:/home/runner/.m2/repository/com/fasterxml/jackson/core/jackson-databind/2.13.4.2/jackson-databind-2.13.4.2.jar:/home/runner/work/ozone/ozone/hadoop-hdds/annotations/target/classes:/home/runner/work/ozone/ozone/hadoop-hdds/config/target/classes:/home/runner/.m2/repository/javax/annotation/javax.annotation-api/1.2/javax.annotation-api-1.2.jar:/home/runner/.m2/repository/org/apache/ratis/ratis-server/2.5.1/ratis-server-2.5.1.jar:/home/runner/.m2/repository/org/apache/ratis/ratis-thirdparty-misc/1.0.4/ratis-thirdparty-misc-1.0.4.jar:/home/runner/.m2/repository/org/apache/ratis/ratis-proto/2.5.1/ratis-proto-2.5.1.jar:/home/runner/.m2/repository/org/apache/ratis/ratis-common/2.5.1/ratis-common-2.5.1.jar:/home/runner/.m2/repository/org/apache/ratis/ratis-client/2.5.1/ratis-client-2.5.1.jar:/home/runner/.m2/repository/org/apache/ratis/ratis-server-api/2.5.1/ratis-server-api-2.5.1.jar:/home/runner/.m2/repository/org/apache/ratis/ratis-metrics/2.5.1/ratis-metrics-2.5.1.jar:/home/runner/.m2/repository/org/apache/ratis/ratis-netty/2.5.1/ratis-netty-2.5.1.jar:/home/runner/.m2/repository/org/apache/ratis/ratis-grpc/2.5.1/ratis-grpc-2.5.1.jar:/home/runner/.m2/repository/org/apache/logging/log4j/log4j-api/2.17.1/log4j-api-2.17.1.jar:/home/runner/.m2/repository/org/apache/commons/commons-pool2/2.6.0/commons-pool2-2.6.0.jar:/home/runner/.m2/repository/org/bouncycastle/bcpkix-jdk15on/1.67/bcpkix-jdk15on-1.67.jar:/home/runner/.m2/repository/org/bouncycastle/bcprov-jdk15on/1.67/bcprov-jdk15on-1.67.jar:/home/runner/.m2/repository/commons-validator/commons-validator/1.6/commons-validator-1.6.jar:/home/runner/.m2/repository/commons-beanutils/commons-beanutils/1.9.4/commons-beanutils-1.9.4.jar:/home/runner/.m2/repository/commons-digester/commons-digester/1.8.1/commons-digester-1.8.1.jar:/home/runner/.m2/repository/commons-collections/commons-collections/3.2.2/commons-collections-3.2.2.jar:/home/runner/.m2/repository/io/jaegertracing/jaeger-client/1.6.0/jaeger-client-1.6.0.jar:/home/runner/.m2/repository/io/jaegertracing/jaeger-thrift/1.6.0/jaeger-thrift-1.6.0.jar:/home/runner/.m2/repository/org/apache/thrift/libthrift/0.14.1/libthrift-0.14.1.jar:/home/runner/.m2/repository/io/jaegertracing/jaeger-core/1.6.0/jaeger-core-1.6.0.jar:/home/runner/.m2/repository/com/google/code/gson/gson/2.9.0/gson-2.9.0.jar:/home/runner/.m2/repository/io/jaegertracing/jaeger-tracerresolver/1.6.0/jaeger-tracerresolver-1.6.0.jar:/home/runner/.m2/repository/io/opentracing/contrib/opentracing-tracerresolver/0.1.8/opentracing-tracerresolver-0.1.8.jar:/home/runner/.m2/repository/org/jetbrains/kotlin/kotlin-stdlib/1.6.21/kotlin-stdlib-1.6.21.jar:/home/runner/.m2/repository/org/jetbrains/kotlin/kotlin-stdlib-common/1.6.21/kotlin-stdlib-common-1.6.21.jar:/home/runner/.m2/repository/org/jetbrains/annotations/13.0/annotations-13.0.jar:/home/runner/.m2/repository/io/opentracing/opentracing-util/0.33.0/opentracing-util-0.33.0.jar:/home/runner/.m2/repository/io/opentracing/opentracing-api/0.33.0/opentracing-api-0.33.0.jar:/home/runner/.m2/repository/io/opentracing/opentracing-noop/0.33.0/opentracing-noop-0.33.0.jar:/home/runner/.m2/repository/org/reflections/reflections/0.9.11/reflections-0.9.11.jar:/home/runner/.m2/repository/org/javassist/javassist/3.21.0-GA/javassist-3.21.0-GA.jar:/home/runner/work/ozone/ozone/hadoop-hdds/interface-client/target/classes:/home/runner/.m2/repository/org/apache/hadoop/thirdparty/hadoop-shaded-protobuf_3_7/1.1.1/hadoop-shaded-protobuf_3_7-1.1.1.jar:/home/runner/work/ozone/ozone/hadoop-hdds/interface-admin/target/classes:/home/runner/.m2/repository/io/grpc/grpc-api/1.51.1/grpc-api-1.51.1.jar:/home/runner/.m2/repository/io/grpc/grpc-context/1.51.1/grpc-context-1.51.1.jar:/home/runner/work/ozone/ozone/hadoop-hdds/test-utils/target/classes:/home/runner/.m2/repository/commons-logging/commons-logging/1.2/commons-logging-1.2.jar:/home/runner/.m2/repository/org/junit/jupiter/junit-jupiter-api/5.8.2/junit-jupiter-api-5.8.2.jar:/home/runner/.m2/repository/org/opentest4j/opentest4j/1.2.0/opentest4j-1.2.0.jar:/home/runner/.m2/repository/org/junit/platform/junit-platform-commons/1.8.2/junit-platform-commons-1.8.2.jar:/home/runner/.m2/repository/ch/qos/reload4j/reload4j/1.2.22/reload4j-1.2.22.jar:/home/runner/.m2/repository/org/slf4j/slf4j-api/1.7.36/slf4j-api-1.7.36.jar:/home/runner/.m2/repository/org/apache/commons/commons-compress/1.21/commons-compress-1.21.jar:/home/runner/.m2/repository/com/github/luben/zstd-jni/1.5.2-5/zstd-jni-1.5.2-5.jar:/home/runner/work/ozone/ozone/hadoop-hdds/common/target/test-classes:/home/runner/work/ozone/ozone/hadoop-hdds/framework/target/classes:/home/runner/work/ozone/ozone/hadoop-hdds/interface-server/target/classes:/home/runner/work/ozone/ozone/hadoop-hdds/managed-rocksdb/target/classes:/home/runner/.m2/repository/org/rocksdb/rocksdbjni/7.7.3/rocksdbjni-7.7.3.jar:/home/runner/work/ozone/ozone/hadoop-hdds/hadoop-dependency-server/target/classes:/home/runner/.m2/repository/commons-cli/commons-cli/1.2/commons-cli-1.2.jar:/home/runner/.m2/repository/org/apache/commons/commons-configuration2/2.1.1/commons-configuration2-2.1.1.jar:/home/runner/.m2/repository/commons-fileupload/commons-fileupload/1.5/commons-fileupload-1.5.jar:/home/runner/.m2/repository/org/apache/logging/log4j/log4j-core/2.17.1/log4j-core-2.17.1.jar:/home/runner/.m2/repository/com/lmax/disruptor/3.4.2/disruptor-3.4.2.jar:/home/runner/.m2/repository/org/eclipse/jetty/jetty-util/9.4.51.v20230217/jetty-util-9.4.51.v20230217.jar:/home/runner/.m2/repository/org/eclipse/jetty/jetty-server/9.4.51.v20230217/jetty-server-9.4.51.v20230217.jar:/home/runner/.m2/repository/javax/servlet/javax.servlet-api/3.1.0/javax.servlet-api-3.1.0.jar:/home/runner/.m2/repository/org/eclipse/jetty/jetty-http/9.4.51.v20230217/jetty-http-9.4.51.v20230217.jar:/home/runner/.m2/repository/org/eclipse/jetty/jetty-io/9.4.51.v20230217/jetty-io-9.4.51.v20230217.jar:/home/runner/.m2/repository/org/eclipse/jetty/jetty-servlet/9.4.51.v20230217/jetty-servlet-9.4.51.v20230217.jar:/home/runner/.m2/repository/org/eclipse/jetty/jetty-security/9.4.51.v20230217/jetty-security-9.4.51.v20230217.jar:/home/runner/.m2/repository/org/eclipse/jetty/jetty-util-ajax/9.4.51.v20230217/jetty-util-ajax-9.4.51.v20230217.jar:/home/runner/.m2/repository/org/eclipse/jetty/jetty-webapp/9.4.51.v20230217/jetty-webapp-9.4.51.v20230217.jar:/home/runner/.m2/repository/org/eclipse/jetty/jetty-xml/9.4.51.v20230217/jetty-xml-9.4.51.v20230217.jar:/home/runner/.m2/repository/io/prometheus/simpleclient_dropwizard/0.7.0/simpleclient_dropwizard-0.7.0.jar:/home/runner/.m2/repository/io/prometheus/simpleclient/0.7.0/simpleclient-0.7.0.jar:/home/runner/.m2/repository/io/prometheus/simpleclient_common/0.7.0/simpleclient_common-0.7.0.jar:/home/runner/.m2/repository/org/apache/hadoop/hadoop-hdfs-client/3.3.6/hadoop-hdfs-client-3.3.6.jar:/home/runner/.m2/repository/com/squareup/okhttp3/okhttp/4.9.3/okhttp-4.9.3.jar:/home/runner/.m2/repository/com/squareup/okio/okio/2.8.0/okio-2.8.0.jar:/home/runner/work/ozone/ozone/hadoop-hdds/rocksdb-checkpoint-differ/target/classes:/home/runner/work/ozone/ozone/hadoop-hdds/rocks-native/target/classes:/home/runner/.m2/repository/org/awaitility/awaitility/4.2.0/awaitility-4.2.0.jar:/home/runner/.m2/repository/org/hamcrest/hamcrest/2.1/hamcrest-2.1.jar:/home/runner/work/ozone/ozone/hadoop-hdds/client/target/classes:/home/runner/work/ozone/ozone/hadoop-hdds/erasurecode/target/classes:/home/runner/.m2/repository/commons-codec/commons-codec/1.15/commons-codec-1.15.jar:/home/runner/.m2/repository/io/dropwizard/metrics/metrics-core/3.2.4/metrics-core-3.2.4.jar:/home/runner/.m2/repository/org/mockito/mockito-core/3.5.9/mockito-core-3.5.9.jar:/home/runner/.m2/repository/net/bytebuddy/byte-buddy/1.10.13/byte-buddy-1.10.13.jar:/home/runner/.m2/repository/net/bytebuddy/byte-buddy-agent/1.10.13/byte-buddy-agent-1.10.13.jar:/home/runner/.m2/repository/org/objenesis/objenesis/1.0/objenesis-1.0.jar:/home/runner/.m2/repository/org/yaml/snakeyaml/2.0/snakeyaml-2.0.jar:/home/runner/work/ozone/ozone/hadoop-hdds/docs/target/classes:/home/runner/.m2/repository/com/github/spotbugs/spotbugs-annotations/3.1.12/spotbugs-annotations-3.1.12.jar:/home/runner/.m2/repository/com/google/code/findbugs/jsr305/3.0.0/jsr305-3.0.0.jar:/home/runner/.m2/repository/org/powermock/powermock-module-junit4/2.0.4/powermock-module-junit4-2.0.4.jar:/home/runner/.m2/repository/org/powermock/powermock-module-junit4-common/2.0.4/powermock-module-junit4-common-2.0.4.jar:/home/runner/.m2/repository/org/powermock/powermock-reflect/2.0.4/powermock-reflect-2.0.4.jar:/home/runner/.m2/repository/org/powermock/powermock-core/2.0.4/powermock-core-2.0.4.jar:/home/runner/.m2/repository/org/hamcrest/hamcrest-core/1.3/hamcrest-core-1.3.jar:/home/runner/.m2/repository/org/powermock/powermock-api-mockito2/2.0.4/powermock-api-mockito2-2.0.4.jar:/home/runner/.m2/repository/org/powermock/powermock-api-support/2.0.4/powermock-api-support-2.0.4.jar:/home/runner/work/ozone/ozone/hadoop-hdds/hadoop-dependency-test/target/classes:/home/runner/.m2/repository/org/apache/hadoop/hadoop-common/3.3.6/hadoop-common-3.3.6-tests.jar:/home/runner/.m2/repository/org/apache/hadoop/hadoop-hdfs/3.3.6/hadoop-hdfs-3.3.6-tests.jar:/home/runner/.m2/repository/org/assertj/assertj-core/3.12.2/assertj-core-3.12.2.jar:/home/runner/.m2/repository/org/slf4j/slf4j-reload4j/1.7.36/slf4j-reload4j-1.7.36.jar:/home/runner/.m2/repository/javax/xml/bind/jaxb-api/2.3.0/jaxb-api-2.3.0.jar:/home/runner/.m2/repository/org/glassfish/jaxb/jaxb-runtime/2.3.0.1/jaxb-runtime-2.3.0.1.jar:/home/runner/.m2/repository/org/glassfish/jaxb/jaxb-core/2.3.0.1/jaxb-core-2.3.0.1.jar:/home/runner/.m2/repository/org/glassfish/jaxb/txw2/2.3.0.1/txw2-2.3.0.1.jar:/home/runner/.m2/repository/com/sun/istack/istack-commons-runtime/3.0.5/istack-commons-runtime-3.0.5.jar:/home/runner/.m2/repository/org/jvnet/staxex/stax-ex/1.7.8/stax-ex-1.7.8.jar:/home/runner/.m2/repository/com/sun/xml/fastinfoset/FastInfoset/1.2.13/FastInfoset-1.2.13.jar:/home/runner/.m2/repository/io/netty/netty-transport/4.1.86.Final/netty-transport-4.1.86.Final.jar:/home/runner/.m2/repository/io/netty/netty-common/4.1.86.Final/netty-common-4.1.86.Final.jar:/home/runner/.m2/repository/io/netty/netty-buffer/4.1.86.Final/netty-buffer-4.1.86.Final.jar:/home/runner/.m2/repository/io/netty/netty-resolver/4.1.86.Final/netty-resolver-4.1.86.Final.jar:/home/runner/.m2/repository/io/netty/netty-codec/4.1.86.Final/netty-codec-4.1.86.Final.jar:/home/runner/.m2/repository/io/netty/netty-handler/4.1.86.Final/netty-handler-4.1.86.Final.jar:/home/runner/.m2/repository/io/netty/netty-transport-native-unix-common/4.1.86.Final/netty-transport-native-unix-common-4.1.86.Final.jar:/home/runner/.m2/repository/org/apache/commons/commons-text/1.10.0/commons-text-1.10.0.jar:/home/runner/.m2/repository/org/mockito/mockito-junit-jupiter/3.5.9/mockito-junit-jupiter-3.5.9.jar:/home/runner/.m2/repository/org/junit/jupiter/junit-jupiter-params/5.8.2/junit-jupiter-params-5.8.2.jar:/home/runner/.m2/repository/org/apiguardian/apiguardian-api/1.1.2/apiguardian-api-1.1.2.jar:/home/runner/.m2/repository/junit/junit/4.13.1/junit-4.13.1.jar:"/>
    <property name="java.vm.vendor" value="Temurin"/>
    <property name="sun.arch.data.model" value="64"/>
    <property name="test.build.dir" value="/home/runner/work/ozone/ozone/hadoop-hdds/container-service/target/test-dir"/>
    <property name="test.cache.data" value=""/>
    <property name="java.vendor.url" value="https://adoptium.net/"/>
    <property name="user.timezone" value="Etc/UTC"/>
    <property name="java.vm.specification.version" value="1.8"/>
    <property name="os.name" value="Linux"/>
    <property name="test.build.data" value="/home/runner/work/ozone/ozone/hadoop-hdds/container-service/target/test-dir"/>
    <property name="sun.java.launcher" value="SUN_STANDARD"/>
    <property name="sun.boot.library.path" value="/usr/lib/jvm/temurin-8-jdk-amd64/jre/lib/amd64"/>
    <property name="sun.java.command" value="/home/runner/work/ozone/ozone/hadoop-hdds/container-service/target/surefire/surefirebooter2640374622654764120.jar /home/runner/work/ozone/ozone/hadoop-hdds/container-service/target/surefire 2023-07-14T19-12-03_664-jvmRun1 surefire3957046571565016355tmp surefire_1648443566649730356199tmp"/>
    <property name="native.lib.tmp.dir" value="/tmp"/>
    <property name="surefire.test.class.path" value="/home/runner/work/ozone/ozone/hadoop-hdds/container-service/target/test-classes:/home/runner/work/ozone/ozone/hadoop-hdds/container-service/target/classes:/home/runner/work/ozone/ozone/hadoop-hdds/common/target/classes:/home/runner/work/ozone/ozone/hadoop-hdds/hadoop-dependency-client/target/classes:/home/runner/.m2/repository/org/apache/hadoop/hadoop-annotations/3.3.6/hadoop-annotations-3.3.6.jar:/usr/lib/jvm/temurin-8-jdk-amd64/jre/../lib/tools.jar:/home/runner/.m2/repository/org/apache/hadoop/hadoop-common/3.3.6/hadoop-common-3.3.6.jar:/home/runner/.m2/repository/org/apache/hadoop/thirdparty/hadoop-shaded-guava/1.1.1/hadoop-shaded-guava-1.1.1.jar:/home/runner/.m2/repository/org/apache/httpcomponents/httpclient/4.5.13/httpclient-4.5.13.jar:/home/runner/.m2/repository/org/apache/httpcomponents/httpcore/4.4.13/httpcore-4.4.13.jar:/home/runner/.m2/repository/jakarta/activation/jakarta.activation-api/1.2.2/jakarta.activation-api-1.2.2.jar:/home/runner/.m2/repository/com/google/re2j/re2j/1.1/re2j-1.1.jar:/home/runner/.m2/repository/org/apache/hadoop/hadoop-auth/3.3.6/hadoop-auth-3.3.6.jar:/home/runner/.m2/repository/org/apache/kerby/kerb-core/1.0.1/kerb-core-1.0.1.jar:/home/runner/.m2/repository/org/apache/kerby/kerby-pkix/1.0.1/kerby-pkix-1.0.1.jar:/home/runner/.m2/repository/org/apache/kerby/kerby-asn1/1.0.1/kerby-asn1-1.0.1.jar:/home/runner/.m2/repository/org/apache/kerby/kerby-util/1.0.1/kerby-util-1.0.1.jar:/home/runner/.m2/repository/org/codehaus/woodstox/stax2-api/4.2.1/stax2-api-4.2.1.jar:/home/runner/.m2/repository/com/fasterxml/woodstox/woodstox-core/5.4.0/woodstox-core-5.4.0.jar:/home/runner/.m2/repository/org/xerial/snappy/snappy-java/1.1.8.2/snappy-java-1.1.8.2.jar:/home/runner/.m2/repository/org/apache/hadoop/hadoop-hdfs/3.3.6/hadoop-hdfs-3.3.6.jar:/home/runner/.m2/repository/info/picocli/picocli/4.6.1/picocli-4.6.1.jar:/home/runner/.m2/repository/com/google/protobuf/protobuf-java/2.5.0/protobuf-java-2.5.0.jar:/home/runner/.m2/repository/com/google/guava/guava/32.0.0-jre/guava-32.0.0-jre.jar:/home/runner/.m2/repository/com/google/guava/failureaccess/1.0.1/failureaccess-1.0.1.jar:/home/runner/.m2/repository/com/google/guava/listenablefuture/9999.0-empty-to-avoid-conflict-with-guava/listenablefuture-9999.0-empty-to-avoid-conflict-with-guava.jar:/home/runner/.m2/repository/org/checkerframework/checker-qual/3.33.0/checker-qual-3.33.0.jar:/home/runner/.m2/repository/com/google/errorprone/error_prone_annotations/2.2.0/error_prone_annotations-2.2.0.jar:/home/runner/.m2/repository/com/google/j2objc/j2objc-annotations/2.8/j2objc-annotations-2.8.jar:/home/runner/.m2/repository/org/apache/commons/commons-lang3/3.7/commons-lang3-3.7.jar:/home/runner/.m2/repository/commons-io/commons-io/2.11.0/commons-io-2.11.0.jar:/home/runner/.m2/repository/com/fasterxml/jackson/core/jackson-annotations/2.13.4/jackson-annotations-2.13.4.jar:/home/runner/.m2/repository/com/fasterxml/jackson/datatype/jackson-datatype-jsr310/2.13.4/jackson-datatype-jsr310-2.13.4.jar:/home/runner/.m2/repository/com/fasterxml/jackson/core/jackson-core/2.13.4/jackson-core-2.13.4.jar:/home/runner/.m2/repository/com/fasterxml/jackson/core/jackson-databind/2.13.4.2/jackson-databind-2.13.4.2.jar:/home/runner/work/ozone/ozone/hadoop-hdds/annotations/target/classes:/home/runner/work/ozone/ozone/hadoop-hdds/config/target/classes:/home/runner/.m2/repository/javax/annotation/javax.annotation-api/1.2/javax.annotation-api-1.2.jar:/home/runner/.m2/repository/org/apache/ratis/ratis-server/2.5.1/ratis-server-2.5.1.jar:/home/runner/.m2/repository/org/apache/ratis/ratis-thirdparty-misc/1.0.4/ratis-thirdparty-misc-1.0.4.jar:/home/runner/.m2/repository/org/apache/ratis/ratis-proto/2.5.1/ratis-proto-2.5.1.jar:/home/runner/.m2/repository/org/apache/ratis/ratis-common/2.5.1/ratis-common-2.5.1.jar:/home/runner/.m2/repository/org/apache/ratis/ratis-client/2.5.1/ratis-client-2.5.1.jar:/home/runner/.m2/repository/org/apache/ratis/ratis-server-api/2.5.1/ratis-server-api-2.5.1.jar:/home/runner/.m2/repository/org/apache/ratis/ratis-metrics/2.5.1/ratis-metrics-2.5.1.jar:/home/runner/.m2/repository/org/apache/ratis/ratis-netty/2.5.1/ratis-netty-2.5.1.jar:/home/runner/.m2/repository/org/apache/ratis/ratis-grpc/2.5.1/ratis-grpc-2.5.1.jar:/home/runner/.m2/repository/org/apache/logging/log4j/log4j-api/2.17.1/log4j-api-2.17.1.jar:/home/runner/.m2/repository/org/apache/commons/commons-pool2/2.6.0/commons-pool2-2.6.0.jar:/home/runner/.m2/repository/org/bouncycastle/bcpkix-jdk15on/1.67/bcpkix-jdk15on-1.67.jar:/home/runner/.m2/repository/org/bouncycastle/bcprov-jdk15on/1.67/bcprov-jdk15on-1.67.jar:/home/runner/.m2/repository/commons-validator/commons-validator/1.6/commons-validator-1.6.jar:/home/runner/.m2/repository/commons-beanutils/commons-beanutils/1.9.4/commons-beanutils-1.9.4.jar:/home/runner/.m2/repository/commons-digester/commons-digester/1.8.1/commons-digester-1.8.1.jar:/home/runner/.m2/repository/commons-collections/commons-collections/3.2.2/commons-collections-3.2.2.jar:/home/runner/.m2/repository/io/jaegertracing/jaeger-client/1.6.0/jaeger-client-1.6.0.jar:/home/runner/.m2/repository/io/jaegertracing/jaeger-thrift/1.6.0/jaeger-thrift-1.6.0.jar:/home/runner/.m2/repository/org/apache/thrift/libthrift/0.14.1/libthrift-0.14.1.jar:/home/runner/.m2/repository/io/jaegertracing/jaeger-core/1.6.0/jaeger-core-1.6.0.jar:/home/runner/.m2/repository/com/google/code/gson/gson/2.9.0/gson-2.9.0.jar:/home/runner/.m2/repository/io/jaegertracing/jaeger-tracerresolver/1.6.0/jaeger-tracerresolver-1.6.0.jar:/home/runner/.m2/repository/io/opentracing/contrib/opentracing-tracerresolver/0.1.8/opentracing-tracerresolver-0.1.8.jar:/home/runner/.m2/repository/org/jetbrains/kotlin/kotlin-stdlib/1.6.21/kotlin-stdlib-1.6.21.jar:/home/runner/.m2/repository/org/jetbrains/kotlin/kotlin-stdlib-common/1.6.21/kotlin-stdlib-common-1.6.21.jar:/home/runner/.m2/repository/org/jetbrains/annotations/13.0/annotations-13.0.jar:/home/runner/.m2/repository/io/opentracing/opentracing-util/0.33.0/opentracing-util-0.33.0.jar:/home/runner/.m2/repository/io/opentracing/opentracing-api/0.33.0/opentracing-api-0.33.0.jar:/home/runner/.m2/repository/io/opentracing/opentracing-noop/0.33.0/opentracing-noop-0.33.0.jar:/home/runner/.m2/repository/org/reflections/reflections/0.9.11/reflections-0.9.11.jar:/home/runner/.m2/repository/org/javassist/javassist/3.21.0-GA/javassist-3.21.0-GA.jar:/home/runner/work/ozone/ozone/hadoop-hdds/interface-client/target/classes:/home/runner/.m2/repository/org/apache/hadoop/thirdparty/hadoop-shaded-protobuf_3_7/1.1.1/hadoop-shaded-protobuf_3_7-1.1.1.jar:/home/runner/work/ozone/ozone/hadoop-hdds/interface-admin/target/classes:/home/runner/.m2/repository/io/grpc/grpc-api/1.51.1/grpc-api-1.51.1.jar:/home/runner/.m2/repository/io/grpc/grpc-context/1.51.1/grpc-context-1.51.1.jar:/home/runner/work/ozone/ozone/hadoop-hdds/test-utils/target/classes:/home/runner/.m2/repository/commons-logging/commons-logging/1.2/commons-logging-1.2.jar:/home/runner/.m2/repository/org/junit/jupiter/junit-jupiter-api/5.8.2/junit-jupiter-api-5.8.2.jar:/home/runner/.m2/repository/org/opentest4j/opentest4j/1.2.0/opentest4j-1.2.0.jar:/home/runner/.m2/repository/org/junit/platform/junit-platform-commons/1.8.2/junit-platform-commons-1.8.2.jar:/home/runner/.m2/repository/ch/qos/reload4j/reload4j/1.2.22/reload4j-1.2.22.jar:/home/runner/.m2/repository/org/slf4j/slf4j-api/1.7.36/slf4j-api-1.7.36.jar:/home/runner/.m2/repository/org/apache/commons/commons-compress/1.21/commons-compress-1.21.jar:/home/runner/.m2/repository/com/github/luben/zstd-jni/1.5.2-5/zstd-jni-1.5.2-5.jar:/home/runner/work/ozone/ozone/hadoop-hdds/common/target/test-classes:/home/runner/work/ozone/ozone/hadoop-hdds/framework/target/classes:/home/runner/work/ozone/ozone/hadoop-hdds/interface-server/target/classes:/home/runner/work/ozone/ozone/hadoop-hdds/managed-rocksdb/target/classes:/home/runner/.m2/repository/org/rocksdb/rocksdbjni/7.7.3/rocksdbjni-7.7.3.jar:/home/runner/work/ozone/ozone/hadoop-hdds/hadoop-dependency-server/target/classes:/home/runner/.m2/repository/commons-cli/commons-cli/1.2/commons-cli-1.2.jar:/home/runner/.m2/repository/org/apache/commons/commons-configuration2/2.1.1/commons-configuration2-2.1.1.jar:/home/runner/.m2/repository/commons-fileupload/commons-fileupload/1.5/commons-fileupload-1.5.jar:/home/runner/.m2/repository/org/apache/logging/log4j/log4j-core/2.17.1/log4j-core-2.17.1.jar:/home/runner/.m2/repository/com/lmax/disruptor/3.4.2/disruptor-3.4.2.jar:/home/runner/.m2/repository/org/eclipse/jetty/jetty-util/9.4.51.v20230217/jetty-util-9.4.51.v20230217.jar:/home/runner/.m2/repository/org/eclipse/jetty/jetty-server/9.4.51.v20230217/jetty-server-9.4.51.v20230217.jar:/home/runner/.m2/repository/javax/servlet/javax.servlet-api/3.1.0/javax.servlet-api-3.1.0.jar:/home/runner/.m2/repository/org/eclipse/jetty/jetty-http/9.4.51.v20230217/jetty-http-9.4.51.v20230217.jar:/home/runner/.m2/repository/org/eclipse/jetty/jetty-io/9.4.51.v20230217/jetty-io-9.4.51.v20230217.jar:/home/runner/.m2/repository/org/eclipse/jetty/jetty-servlet/9.4.51.v20230217/jetty-servlet-9.4.51.v20230217.jar:/home/runner/.m2/repository/org/eclipse/jetty/jetty-security/9.4.51.v20230217/jetty-security-9.4.51.v20230217.jar:/home/runner/.m2/repository/org/eclipse/jetty/jetty-util-ajax/9.4.51.v20230217/jetty-util-ajax-9.4.51.v20230217.jar:/home/runner/.m2/repository/org/eclipse/jetty/jetty-webapp/9.4.51.v20230217/jetty-webapp-9.4.51.v20230217.jar:/home/runner/.m2/repository/org/eclipse/jetty/jetty-xml/9.4.51.v20230217/jetty-xml-9.4.51.v20230217.jar:/home/runner/.m2/repository/io/prometheus/simpleclient_dropwizard/0.7.0/simpleclient_dropwizard-0.7.0.jar:/home/runner/.m2/repository/io/prometheus/simpleclient/0.7.0/simpleclient-0.7.0.jar:/home/runner/.m2/repository/io/prometheus/simpleclient_common/0.7.0/simpleclient_common-0.7.0.jar:/home/runner/.m2/repository/org/apache/hadoop/hadoop-hdfs-client/3.3.6/hadoop-hdfs-client-3.3.6.jar:/home/runner/.m2/repository/com/squareup/okhttp3/okhttp/4.9.3/okhttp-4.9.3.jar:/home/runner/.m2/repository/com/squareup/okio/okio/2.8.0/okio-2.8.0.jar:/home/runner/work/ozone/ozone/hadoop-hdds/rocksdb-checkpoint-differ/target/classes:/home/runner/work/ozone/ozone/hadoop-hdds/rocks-native/target/classes:/home/runner/.m2/repository/org/awaitility/awaitility/4.2.0/awaitility-4.2.0.jar:/home/runner/.m2/repository/org/hamcrest/hamcrest/2.1/hamcrest-2.1.jar:/home/runner/work/ozone/ozone/hadoop-hdds/client/target/classes:/home/runner/work/ozone/ozone/hadoop-hdds/erasurecode/target/classes:/home/runner/.m2/repository/commons-codec/commons-codec/1.15/commons-codec-1.15.jar:/home/runner/.m2/repository/io/dropwizard/metrics/metrics-core/3.2.4/metrics-core-3.2.4.jar:/home/runner/.m2/repository/org/mockito/mockito-core/3.5.9/mockito-core-3.5.9.jar:/home/runner/.m2/repository/net/bytebuddy/byte-buddy/1.10.13/byte-buddy-1.10.13.jar:/home/runner/.m2/repository/net/bytebuddy/byte-buddy-agent/1.10.13/byte-buddy-agent-1.10.13.jar:/home/runner/.m2/repository/org/objenesis/objenesis/1.0/objenesis-1.0.jar:/home/runner/.m2/repository/org/yaml/snakeyaml/2.0/snakeyaml-2.0.jar:/home/runner/work/ozone/ozone/hadoop-hdds/docs/target/classes:/home/runner/.m2/repository/com/github/spotbugs/spotbugs-annotations/3.1.12/spotbugs-annotations-3.1.12.jar:/home/runner/.m2/repository/com/google/code/findbugs/jsr305/3.0.0/jsr305-3.0.0.jar:/home/runner/.m2/repository/org/powermock/powermock-module-junit4/2.0.4/powermock-module-junit4-2.0.4.jar:/home/runner/.m2/repository/org/powermock/powermock-module-junit4-common/2.0.4/powermock-module-junit4-common-2.0.4.jar:/home/runner/.m2/repository/org/powermock/powermock-reflect/2.0.4/powermock-reflect-2.0.4.jar:/home/runner/.m2/repository/org/powermock/powermock-core/2.0.4/powermock-core-2.0.4.jar:/home/runner/.m2/repository/org/hamcrest/hamcrest-core/1.3/hamcrest-core-1.3.jar:/home/runner/.m2/repository/org/powermock/powermock-api-mockito2/2.0.4/powermock-api-mockito2-2.0.4.jar:/home/runner/.m2/repository/org/powermock/powermock-api-support/2.0.4/powermock-api-support-2.0.4.jar:/home/runner/work/ozone/ozone/hadoop-hdds/hadoop-dependency-test/target/classes:/home/runner/.m2/repository/org/apache/hadoop/hadoop-common/3.3.6/hadoop-common-3.3.6-tests.jar:/home/runner/.m2/repository/org/apache/hadoop/hadoop-hdfs/3.3.6/hadoop-hdfs-3.3.6-tests.jar:/home/runner/.m2/repository/org/assertj/assertj-core/3.12.2/assertj-core-3.12.2.jar:/home/runner/.m2/repository/org/slf4j/slf4j-reload4j/1.7.36/slf4j-reload4j-1.7.36.jar:/home/runner/.m2/repository/javax/xml/bind/jaxb-api/2.3.0/jaxb-api-2.3.0.jar:/home/runner/.m2/repository/org/glassfish/jaxb/jaxb-runtime/2.3.0.1/jaxb-runtime-2.3.0.1.jar:/home/runner/.m2/repository/org/glassfish/jaxb/jaxb-core/2.3.0.1/jaxb-core-2.3.0.1.jar:/home/runner/.m2/repository/org/glassfish/jaxb/txw2/2.3.0.1/txw2-2.3.0.1.jar:/home/runner/.m2/repository/com/sun/istack/istack-commons-runtime/3.0.5/istack-commons-runtime-3.0.5.jar:/home/runner/.m2/repository/org/jvnet/staxex/stax-ex/1.7.8/stax-ex-1.7.8.jar:/home/runner/.m2/repository/com/sun/xml/fastinfoset/FastInfoset/1.2.13/FastInfoset-1.2.13.jar:/home/runner/.m2/repository/io/netty/netty-transport/4.1.86.Final/netty-transport-4.1.86.Final.jar:/home/runner/.m2/repository/io/netty/netty-common/4.1.86.Final/netty-common-4.1.86.Final.jar:/home/runner/.m2/repository/io/netty/netty-buffer/4.1.86.Final/netty-buffer-4.1.86.Final.jar:/home/runner/.m2/repository/io/netty/netty-resolver/4.1.86.Final/netty-resolver-4.1.86.Final.jar:/home/runner/.m2/repository/io/netty/netty-codec/4.1.86.Final/netty-codec-4.1.86.Final.jar:/home/runner/.m2/repository/io/netty/netty-handler/4.1.86.Final/netty-handler-4.1.86.Final.jar:/home/runner/.m2/repository/io/netty/netty-transport-native-unix-common/4.1.86.Final/netty-transport-native-unix-common-4.1.86.Final.jar:/home/runner/.m2/repository/org/apache/commons/commons-text/1.10.0/commons-text-1.10.0.jar:/home/runner/.m2/repository/org/mockito/mockito-junit-jupiter/3.5.9/mockito-junit-jupiter-3.5.9.jar:/home/runner/.m2/repository/org/junit/jupiter/junit-jupiter-params/5.8.2/junit-jupiter-params-5.8.2.jar:/home/runner/.m2/repository/org/apiguardian/apiguardian-api/1.1.2/apiguardian-api-1.1.2.jar:/home/runner/.m2/repository/junit/junit/4.13.1/junit-4.13.1.jar:"/>
    <property name="sun.cpu.endian" value="little"/>
    <property name="user.home" value="/home/runner"/>
    <property name="user.language" value="en"/>
    <property name="java.specification.vendor" value="Oracle Corporation"/>
    <property name="java.home" value="/usr/lib/jvm/temurin-8-jdk-amd64/jre"/>
    <property name="java.security.krb5.conf" value="/home/runner/work/ozone/ozone/hadoop-hdds/container-service/target/test-classes/krb5.conf"/>
    <property name="basedir" value="/home/runner/work/ozone/ozone/hadoop-hdds/container-service"/>
    <property name="file.separator" value="/"/>
    <property name="line.separator" value="&#10;"/>
    <property name="java.vm.specification.vendor" value="Oracle Corporation"/>
    <property name="java.specification.name" value="Java Platform API Specification"/>
    <property name="java.awt.graphicsenv" value="sun.awt.X11GraphicsEnvironment"/>
    <property name="skip.installnpx" value="true"/>
    <property name="surefire.real.class.path" value="/home/runner/work/ozone/ozone/hadoop-hdds/container-service/target/surefire/surefirebooter2640374622654764120.jar:/home/runner/.m2/repository/org/jacoco/org.jacoco.agent/0.8.5/org.jacoco.agent-0.8.5-runtime.jar"/>
    <property name="hadoop.log.dir" value="/home/runner/work/ozone/ozone/hadoop-hdds/container-service/target/log"/>
    <property name="sun.boot.class.path" value="/usr/lib/jvm/temurin-8-jdk-amd64/jre/lib/resources.jar:/usr/lib/jvm/temurin-8-jdk-amd64/jre/lib/rt.jar:/usr/lib/jvm/temurin-8-jdk-amd64/jre/lib/sunrsasign.jar:/usr/lib/jvm/temurin-8-jdk-amd64/jre/lib/jsse.jar:/usr/lib/jvm/temurin-8-jdk-amd64/jre/lib/jce.jar:/usr/lib/jvm/temurin-8-jdk-amd64/jre/lib/charsets.jar:/usr/lib/jvm/temurin-8-jdk-amd64/jre/lib/jfr.jar:/usr/lib/jvm/temurin-8-jdk-amd64/jre/classes"/>
    <property name="sun.management.compiler" value="HotSpot 64-Bit Tiered Compilers"/>
    <property name="skip.npx" value="true"/>
    <property name="java.runtime.version" value="1.8.0_372-b07"/>
    <property name="java.net.preferIPv4Stack" value="true"/>
    <property name="user.name" value="runner"/>
    <property name="path.separator" value=":"/>
    <property name="java.security.egd" value="file:///dev/urandom"/>
    <property name="os.version" value="5.15.0-1041-azure"/>
    <property name="java.endorsed.dirs" value="/usr/lib/jvm/temurin-8-jdk-amd64/jre/lib/endorsed"/>
    <property name="java.runtime.name" value="OpenJDK Runtime Environment"/>
    <property name="file.encoding" value="UTF-8"/>
    <property name="java.vm.name" value="OpenJDK 64-Bit Server VM"/>
    <property name="test.build.webapps" value=""/>
    <property name="localRepository" value="/home/runner/.m2/repository"/>
    <property name="java.vendor.url.bug" value="https://github.com/adoptium/adoptium-support/issues"/>
    <property name="java.io.tmpdir" value="/tmp"/>
    <property name="require.test.libhadoop" value=""/>
    <property name="java.version" value="1.8.0_372"/>
    <property name="user.dir" value="/home/runner/work/ozone/ozone/hadoop-hdds/container-service"/>
    <property name="os.arch" value="amd64"/>
    <property name="java.vm.specification.name" value="Java Virtual Machine Specification"/>
    <property name="test.build.classes" value="/home/runner/work/ozone/ozone/hadoop-hdds/container-service/target/test-classes"/>
    <property name="java.awt.printerjob" value="sun.print.PSPrinterJob"/>
    <property name="sun.os.patch.level" value="unknown"/>
    <property name="excludedGroups" value="native"/>
    <property name="hadoop.tmp.dir" value="/home/runner/work/ozone/ozone/hadoop-hdds/container-service/target/tmp"/>
    <property name="java.library.path" value="/usr/java/packages/lib/amd64:/usr/lib64:/lib64:/lib:/usr/lib"/>
    <property name="java.vm.info" value="mixed mode"/>
    <property name="java.vendor" value="Temurin"/>
    <property name="java.vm.version" value="25.372-b07"/>
    <property name="java.specification.maintenance.version" value="4"/>
    <property name="java.ext.dirs" value="/usr/lib/jvm/temurin-8-jdk-amd64/jre/lib/ext:/usr/java/packages/lib/ext"/>
    <property name="sun.io.unicode.encoding" value="UnicodeLittle"/>
    <property name="java.class.version" value="52.0"/>
  </properties>
  <testcase name="testContainerThrottle" classname="TestBlockDeletingService" time="0">
    <skipped/>
  </testcase>
  <testcase name="testContainerThrottle" classname="TestBlockDeletingService" time="0">
    <skipped/>
  </testcase>
  <testcase name="testContainerThrottle" classname="TestBlockDeletingService" time="0">
    <skipped/>
  </testcase>
  <testcase name="testContainerThrottle" classname="TestBlockDeletingService" time="0">
    <skipped/>
  </testcase>
  <testcase name="testContainerThrottle" classname="TestBlockDeletingService" time="0">
    <skipped/>
  </testcase>
  <testcase name="testContainerThrottle" classname="TestBlockDeletingService" time="0">
    <skipped/>
  </testcase>
  <testcase name="testContainerThrottle" classname="TestBlockDeletingService" time="0">
    <skipped/>
  </testcase>
  <testcase name="testContainerThrottle" classname="TestBlockDeletingService" time="0">
    <skipped/>
  </testcase>
  <testcase name="testWithUnrecordedBlocks" classname="TestBlockDeletingService" time="0">
    <skipped type="org.junit.AssumptionViolatedException"><![CDATA[org.junit.AssumptionViolatedException: got: <true>, expected: is <false>
	at org.junit.Assume.assumeThat(Assume.java:106)
	at org.junit.Assume.assumeFalse(Assume.java:57)
	at org.apache.hadoop.ozone.container.common.TestBlockDeletingService.testWithUnrecordedBlocks(TestBlockDeletingService.java:671)
	at sun.reflect.NativeMethodAccessorImpl.invoke0(Native Method)
	at sun.reflect.NativeMethodAccessorImpl.invoke(NativeMethodAccessorImpl.java:62)
	at sun.reflect.DelegatingMethodAccessorImpl.invoke(DelegatingMethodAccessorImpl.java:43)
	at java.lang.reflect.Method.invoke(Method.java:498)
	at org.junit.runners.model.FrameworkMethod$1.runReflectiveCall(FrameworkMethod.java:59)
	at org.junit.internal.runners.model.ReflectiveCallable.run(ReflectiveCallable.java:12)
	at org.junit.runners.model.FrameworkMethod.invokeExplosively(FrameworkMethod.java:56)
	at org.junit.internal.runners.statements.InvokeMethod.evaluate(InvokeMethod.java:17)
	at org.junit.internal.runners.statements.RunBefores.evaluate(RunBefores.java:26)
	at org.junit.internal.runners.statements.RunAfters.evaluate(RunAfters.java:27)
	at org.junit.runners.ParentRunner$3.evaluate(ParentRunner.java:306)
	at org.junit.runners.BlockJUnit4ClassRunner$1.evaluate(BlockJUnit4ClassRunner.java:100)
	at org.junit.runners.ParentRunner.runLeaf(ParentRunner.java:366)
	at org.junit.runners.BlockJUnit4ClassRunner.runChild(BlockJUnit4ClassRunner.java:103)
	at org.junit.runners.BlockJUnit4ClassRunner.runChild(BlockJUnit4ClassRunner.java:63)
	at org.junit.runners.ParentRunner$4.run(ParentRunner.java:331)
	at org.junit.runners.ParentRunner$1.schedule(ParentRunner.java:79)
	at org.junit.runners.ParentRunner.runChildren(ParentRunner.java:329)
	at org.junit.runners.ParentRunner.access$100(ParentRunner.java:66)
	at org.junit.runners.ParentRunner$2.evaluate(ParentRunner.java:293)
	at org.junit.runners.ParentRunner.run(ParentRunner.java:413)
	at org.junit.runners.Suite.runChild(Suite.java:128)
	at org.junit.runners.Suite.runChild(Suite.java:27)
	at org.junit.runners.ParentRunner$4.run(ParentRunner.java:331)
	at org.junit.runners.ParentRunner$1.schedule(ParentRunner.java:79)
	at org.junit.runners.ParentRunner.runChildren(ParentRunner.java:329)
	at org.junit.runners.ParentRunner.access$100(ParentRunner.java:66)
	at org.junit.runners.ParentRunner$2.evaluate(ParentRunner.java:293)
	at org.junit.runners.ParentRunner$3.evaluate(ParentRunner.java:306)
	at org.junit.runners.ParentRunner.run(ParentRunner.java:413)
	at org.junit.runner.JUnitCore.run(JUnitCore.java:137)
	at org.junit.runner.JUnitCore.run(JUnitCore.java:115)
	at org.junit.vintage.engine.execution.RunnerExecutor.execute(RunnerExecutor.java:42)
	at org.junit.vintage.engine.VintageTestEngine.executeAllChildren(VintageTestEngine.java:80)
	at org.junit.vintage.engine.VintageTestEngine.execute(VintageTestEngine.java:72)
	at org.junit.platform.launcher.core.EngineExecutionOrchestrator.execute(EngineExecutionOrchestrator.java:107)
	at org.junit.platform.launcher.core.EngineExecutionOrchestrator.execute(EngineExecutionOrchestrator.java:88)
	at org.junit.platform.launcher.core.EngineExecutionOrchestrator.lambda$execute$0(EngineExecutionOrchestrator.java:54)
	at org.junit.platform.launcher.core.EngineExecutionOrchestrator.withInterceptedStreams(EngineExecutionOrchestrator.java:67)
	at org.junit.platform.launcher.core.EngineExecutionOrchestrator.execute(EngineExecutionOrchestrator.java:52)
	at org.junit.platform.launcher.core.DefaultLauncher.execute(DefaultLauncher.java:114)
	at org.junit.platform.launcher.core.DefaultLauncher.execute(DefaultLauncher.java:86)
	at org.junit.platform.launcher.core.DefaultLauncherSession$DelegatingLauncher.execute(DefaultLauncherSession.java:86)
	at org.junit.platform.launcher.core.SessionPerRequestLauncher.execute(SessionPerRequestLauncher.java:53)
	at org.apache.maven.surefire.junitplatform.JUnitPlatformProvider.execute(JUnitPlatformProvider.java:188)
	at org.apache.maven.surefire.junitplatform.JUnitPlatformProvider.invokeAllTests(JUnitPlatformProvider.java:154)
	at org.apache.maven.surefire.junitplatform.JUnitPlatformProvider.invoke(JUnitPlatformProvider.java:124)
	at org.apache.maven.surefire.booter.ForkedBooter.runSuitesInProcess(ForkedBooter.java:428)
	at org.apache.maven.surefire.booter.ForkedBooter.execute(ForkedBooter.java:162)
	at org.apache.maven.surefire.booter.ForkedBooter.run(ForkedBooter.java:562)
	at org.apache.maven.surefire.booter.ForkedBooter.main(ForkedBooter.java:548)
]]></skipped>
    <system-out><![CDATA[2023-07-14 19:26:49,597 [main] INFO  volume.HddsVolume (HddsVolume.java:<init>(126)) - Creating HddsVolume: /home/runner/work/ozone/ozone/hadoop-hdds/container-service/target/test-dir/TestBlockDeletingService/hdds of storage type : DISK capacity : 9223372036854775807
2023-07-14 19:26:49,609 [main] INFO  volume.MutableVolumeSet (MutableVolumeSet.java:initializeVolumeSet(175)) - Added Volume : /home/runner/work/ozone/ozone/hadoop-hdds/container-service/target/test-dir/TestBlockDeletingService/hdds to VolumeSet
]]></system-out>
  </testcase>
  <testcase name="testWithUnrecordedBlocks" classname="TestBlockDeletingService" time="0">
    <skipped type="org.junit.AssumptionViolatedException"><![CDATA[org.junit.AssumptionViolatedException: got: <true>, expected: is <false>
	at org.junit.Assume.assumeThat(Assume.java:106)
	at org.junit.Assume.assumeFalse(Assume.java:57)
	at org.apache.hadoop.ozone.container.common.TestBlockDeletingService.testWithUnrecordedBlocks(TestBlockDeletingService.java:671)
	at sun.reflect.NativeMethodAccessorImpl.invoke0(Native Method)
	at sun.reflect.NativeMethodAccessorImpl.invoke(NativeMethodAccessorImpl.java:62)
	at sun.reflect.DelegatingMethodAccessorImpl.invoke(DelegatingMethodAccessorImpl.java:43)
	at java.lang.reflect.Method.invoke(Method.java:498)
	at org.junit.runners.model.FrameworkMethod$1.runReflectiveCall(FrameworkMethod.java:59)
	at org.junit.internal.runners.model.ReflectiveCallable.run(ReflectiveCallable.java:12)
	at org.junit.runners.model.FrameworkMethod.invokeExplosively(FrameworkMethod.java:56)
	at org.junit.internal.runners.statements.InvokeMethod.evaluate(InvokeMethod.java:17)
	at org.junit.internal.runners.statements.RunBefores.evaluate(RunBefores.java:26)
	at org.junit.internal.runners.statements.RunAfters.evaluate(RunAfters.java:27)
	at org.junit.runners.ParentRunner$3.evaluate(ParentRunner.java:306)
	at org.junit.runners.BlockJUnit4ClassRunner$1.evaluate(BlockJUnit4ClassRunner.java:100)
	at org.junit.runners.ParentRunner.runLeaf(ParentRunner.java:366)
	at org.junit.runners.BlockJUnit4ClassRunner.runChild(BlockJUnit4ClassRunner.java:103)
	at org.junit.runners.BlockJUnit4ClassRunner.runChild(BlockJUnit4ClassRunner.java:63)
	at org.junit.runners.ParentRunner$4.run(ParentRunner.java:331)
	at org.junit.runners.ParentRunner$1.schedule(ParentRunner.java:79)
	at org.junit.runners.ParentRunner.runChildren(ParentRunner.java:329)
	at org.junit.runners.ParentRunner.access$100(ParentRunner.java:66)
	at org.junit.runners.ParentRunner$2.evaluate(ParentRunner.java:293)
	at org.junit.runners.ParentRunner.run(ParentRunner.java:413)
	at org.junit.runners.Suite.runChild(Suite.java:128)
	at org.junit.runners.Suite.runChild(Suite.java:27)
	at org.junit.runners.ParentRunner$4.run(ParentRunner.java:331)
	at org.junit.runners.ParentRunner$1.schedule(ParentRunner.java:79)
	at org.junit.runners.ParentRunner.runChildren(ParentRunner.java:329)
	at org.junit.runners.ParentRunner.access$100(ParentRunner.java:66)
	at org.junit.runners.ParentRunner$2.evaluate(ParentRunner.java:293)
	at org.junit.runners.ParentRunner$3.evaluate(ParentRunner.java:306)
	at org.junit.runners.ParentRunner.run(ParentRunner.java:413)
	at org.junit.runner.JUnitCore.run(JUnitCore.java:137)
	at org.junit.runner.JUnitCore.run(JUnitCore.java:115)
	at org.junit.vintage.engine.execution.RunnerExecutor.execute(RunnerExecutor.java:42)
	at org.junit.vintage.engine.VintageTestEngine.executeAllChildren(VintageTestEngine.java:80)
	at org.junit.vintage.engine.VintageTestEngine.execute(VintageTestEngine.java:72)
	at org.junit.platform.launcher.core.EngineExecutionOrchestrator.execute(EngineExecutionOrchestrator.java:107)
	at org.junit.platform.launcher.core.EngineExecutionOrchestrator.execute(EngineExecutionOrchestrator.java:88)
	at org.junit.platform.launcher.core.EngineExecutionOrchestrator.lambda$execute$0(EngineExecutionOrchestrator.java:54)
	at org.junit.platform.launcher.core.EngineExecutionOrchestrator.withInterceptedStreams(EngineExecutionOrchestrator.java:67)
	at org.junit.platform.launcher.core.EngineExecutionOrchestrator.execute(EngineExecutionOrchestrator.java:52)
	at org.junit.platform.launcher.core.DefaultLauncher.execute(DefaultLauncher.java:114)
	at org.junit.platform.launcher.core.DefaultLauncher.execute(DefaultLauncher.java:86)
	at org.junit.platform.launcher.core.DefaultLauncherSession$DelegatingLauncher.execute(DefaultLauncherSession.java:86)
	at org.junit.platform.launcher.core.SessionPerRequestLauncher.execute(SessionPerRequestLauncher.java:53)
	at org.apache.maven.surefire.junitplatform.JUnitPlatformProvider.execute(JUnitPlatformProvider.java:188)
	at org.apache.maven.surefire.junitplatform.JUnitPlatformProvider.invokeAllTests(JUnitPlatformProvider.java:154)
	at org.apache.maven.surefire.junitplatform.JUnitPlatformProvider.invoke(JUnitPlatformProvider.java:124)
	at org.apache.maven.surefire.booter.ForkedBooter.runSuitesInProcess(ForkedBooter.java:428)
	at org.apache.maven.surefire.booter.ForkedBooter.execute(ForkedBooter.java:162)
	at org.apache.maven.surefire.booter.ForkedBooter.run(ForkedBooter.java:562)
	at org.apache.maven.surefire.booter.ForkedBooter.main(ForkedBooter.java:548)
]]></skipped>
    <system-out><![CDATA[2023-07-14 19:26:55,728 [main] INFO  volume.HddsVolume (HddsVolume.java:<init>(126)) - Creating HddsVolume: /home/runner/work/ozone/ozone/hadoop-hdds/container-service/target/test-dir/TestBlockDeletingService/hdds of storage type : DISK capacity : 9223372036854775807
2023-07-14 19:26:55,732 [main] INFO  volume.MutableVolumeSet (MutableVolumeSet.java:initializeVolumeSet(175)) - Added Volume : /home/runner/work/ozone/ozone/hadoop-hdds/container-service/target/test-dir/TestBlockDeletingService/hdds to VolumeSet
]]></system-out>
  </testcase>
  <testcase name="testWithUnrecordedBlocks" classname="TestBlockDeletingService" time="0.868">
    <system-out><![CDATA[2023-07-14 19:26:57,856 [main] INFO  volume.HddsVolume (HddsVolume.java:<init>(126)) - Creating HddsVolume: /home/runner/work/ozone/ozone/hadoop-hdds/container-service/target/test-dir/TestBlockDeletingService/hdds of storage type : DISK capacity : 9223372036854775807
2023-07-14 19:26:57,857 [main] INFO  volume.MutableVolumeSet (MutableVolumeSet.java:initializeVolumeSet(175)) - Added Volume : /home/runner/work/ozone/ozone/hadoop-hdds/container-service/target/test-dir/TestBlockDeletingService/hdds to VolumeSet
2023-07-14 19:26:58,201 [BlockDeletingService#0] INFO  interfaces.ContainerDeletionChoosingPolicyTemplate (ContainerDeletionChoosingPolicyTemplate.java:chooseContainerForBlockDeletion(83)) - Chosen 2/0 blocks from 2 candidate containers.
2023-07-14 19:26:58,205 [BlockDeletingService#0] INFO  impl.FilePerChunkStrategy (FilePerChunkStrategy.java:deleteChunk(322)) - Deleted chunk file /home/runner/work/ozone/ozone/hadoop-hdds/container-service/target/test-dir/TestBlockDeletingService/hdds/185ac0f1-b4a2-4b16-91a4-aa373ed8179a/current/containerDir0/110714081634418950/chunks/110714081637105927_chunk_0_block_0 (size 100) for chunk ChunkInfo{chunkName='110714081637105927_chunk_0_block_0, offset=0, len=100}
2023-07-14 19:26:58,206 [BlockDeletingService#0] INFO  impl.FilePerChunkStrategy (FilePerChunkStrategy.java:deleteChunk(322)) - Deleted chunk file /home/runner/work/ozone/ozone/hadoop-hdds/container-service/target/test-dir/TestBlockDeletingService/hdds/185ac0f1-b4a2-4b16-91a4-aa373ed8179a/current/containerDir0/110714081634418950/chunks/110714081637892360_chunk_0_block_1 (size 100) for chunk ChunkInfo{chunkName='110714081637892360_chunk_0_block_1, offset=0, len=100}
2023-07-14 19:26:58,208 [BlockDeletingService#0] WARN  utils.BackgroundService (BackgroundService.java:lambda$run$0(130)) - BlockDeletingService Background task execution took 6329953ns > 0ns(timeout)
2023-07-14 19:26:58,302 [BlockDeletingService#1] INFO  interfaces.ContainerDeletionChoosingPolicyTemplate (ContainerDeletionChoosingPolicyTemplate.java:chooseContainerForBlockDeletion(83)) - Chosen 2/0 blocks from 2 candidate containers.
2023-07-14 19:26:58,308 [BlockDeletingService#0] INFO  impl.FilePerChunkStrategy (FilePerChunkStrategy.java:deleteChunk(322)) - Deleted chunk file /home/runner/work/ozone/ozone/hadoop-hdds/container-service/target/test-dir/TestBlockDeletingService/hdds/185ac0f1-b4a2-4b16-91a4-aa373ed8179a/current/containerDir0/110714081634418950/chunks/110714081638023433_chunk_0_block_2 (size 100) for chunk ChunkInfo{chunkName='110714081638023433_chunk_0_block_2, offset=0, len=100}
2023-07-14 19:26:58,312 [BlockDeletingService#3] INFO  interfaces.ContainerDeletionChoosingPolicyTemplate (ContainerDeletionChoosingPolicyTemplate.java:chooseContainerForBlockDeletion(83)) - Chosen 0/3 blocks from 0 candidate containers.
2023-07-14 19:26:58,320 [BlockDeletingService#0] INFO  keyvalue.KeyValueHandler (KeyValueHandler.java:deleteUnreferenced(1238)) - Deleted unreferenced chunk/block 1228974517674_chunk_0 in container 110714081634418950
2023-07-14 19:26:58,320 [BlockDeletingService#0] INFO  keyvalue.KeyValueHandler (KeyValueHandler.java:deleteUnreferenced(1238)) - Deleted unreferenced chunk/block 1228974570176_chunk_0 in container 110714081634418950
2023-07-14 19:26:58,320 [BlockDeletingService#0] WARN  keyvalue.KeyValueHandler (KeyValueHandler.java:deleteUnreferenced(1228)) - Missing delete block(Container = 110714081634418950, Block = 1228974572877
2023-07-14 19:26:58,320 [BlockDeletingService#0] WARN  keyvalue.KeyValueHandler (KeyValueHandler.java:deleteUnreferenced(1228)) - Missing delete block(Container = 110714081634418950, Block = 1228974574478
2023-07-14 19:26:58,321 [BlockDeletingService#0] WARN  utils.BackgroundService (BackgroundService.java:lambda$run$0(130)) - BlockDeletingService Background task execution took 19151359ns > 0ns(timeout)
2023-07-14 19:26:58,401 [BlockDeletingService#2] INFO  interfaces.ContainerDeletionChoosingPolicyTemplate (ContainerDeletionChoosingPolicyTemplate.java:chooseContainerForBlockDeletion(83)) - Chosen 2/0 blocks from 1 candidate containers.
2023-07-14 19:26:58,404 [BlockDeletingService#1] INFO  impl.FilePerChunkStrategy (FilePerChunkStrategy.java:deleteChunk(322)) - Deleted chunk file /home/runner/work/ozone/ozone/hadoop-hdds/container-service/target/test-dir/TestBlockDeletingService/hdds/185ac0f1-b4a2-4b16-91a4-aa373ed8179a/current/containerDir128/110714081643004170/chunks/110714081645560075_chunk_0_block_0 (size 100) for chunk ChunkInfo{chunkName='110714081645560075_chunk_0_block_0, offset=0, len=100}
2023-07-14 19:26:58,405 [BlockDeletingService#1] INFO  impl.FilePerChunkStrategy (FilePerChunkStrategy.java:deleteChunk(322)) - Deleted chunk file /home/runner/work/ozone/ozone/hadoop-hdds/container-service/target/test-dir/TestBlockDeletingService/hdds/185ac0f1-b4a2-4b16-91a4-aa373ed8179a/current/containerDir128/110714081643004170/chunks/110714081645691148_chunk_0_block_1 (size 100) for chunk ChunkInfo{chunkName='110714081645691148_chunk_0_block_1, offset=0, len=100}
2023-07-14 19:26:58,406 [BlockDeletingService#1] WARN  utils.BackgroundService (BackgroundService.java:lambda$run$0(130)) - BlockDeletingService Background task execution took 4108834ns > 0ns(timeout)
2023-07-14 19:26:58,502 [BlockDeletingService#3] INFO  interfaces.ContainerDeletionChoosingPolicyTemplate (ContainerDeletionChoosingPolicyTemplate.java:chooseContainerForBlockDeletion(83)) - Chosen 1/1 blocks from 1 candidate containers.
2023-07-14 19:26:58,503 [BlockDeletingService#0] INFO  impl.FilePerChunkStrategy (FilePerChunkStrategy.java:deleteChunk(322)) - Deleted chunk file /home/runner/work/ozone/ozone/hadoop-hdds/container-service/target/test-dir/TestBlockDeletingService/hdds/185ac0f1-b4a2-4b16-91a4-aa373ed8179a/current/containerDir128/110714081643004170/chunks/110714081646018829_chunk_0_block_2 (size 100) for chunk ChunkInfo{chunkName='110714081646018829_chunk_0_block_2, offset=0, len=100}
2023-07-14 19:26:58,504 [BlockDeletingService#0] WARN  utils.BackgroundService (BackgroundService.java:lambda$run$0(130)) - BlockDeletingService Background task execution took 2116718ns > 0ns(timeout)
2023-07-14 19:26:58,602 [BlockDeletingService#4] INFO  interfaces.ContainerDeletionChoosingPolicyTemplate (ContainerDeletionChoosingPolicyTemplate.java:chooseContainerForBlockDeletion(83)) - Chosen 0/2 blocks from 0 candidate containers.
2023-07-14 19:26:58,702 [main] INFO  utils.BackgroundService (BackgroundService.java:shutdown(141)) - Shutting down service BlockDeletingService
]]></system-out>
  </testcase>
  <testcase name="testWithUnrecordedBlocks" classname="TestBlockDeletingService" time="0.803">
    <system-out><![CDATA[2023-07-14 19:27:01,085 [main] INFO  volume.HddsVolume (HddsVolume.java:<init>(126)) - Creating HddsVolume: /home/runner/work/ozone/ozone/hadoop-hdds/container-service/target/test-dir/TestBlockDeletingService/hdds of storage type : DISK capacity : 9223372036854775807
2023-07-14 19:27:01,087 [main] INFO  volume.MutableVolumeSet (MutableVolumeSet.java:initializeVolumeSet(175)) - Added Volume : /home/runner/work/ozone/ozone/hadoop-hdds/container-service/target/test-dir/TestBlockDeletingService/hdds to VolumeSet
2023-07-14 19:27:01,134 [main] INFO  utils.DatanodeStoreCache (DatanodeStoreCache.java:addDB(66)) - Added db /home/runner/work/ozone/ozone/hadoop-hdds/container-service/target/test-dir/TestBlockDeletingService/hdds/e7251f69-da64-4462-97f3-2bd61ead7008/DS-bea56e54-9bb6-48fb-8b9d-e7be35b2e8c1/container.db to cache
2023-07-14 19:27:01,135 [main] INFO  volume.HddsVolume (HddsVolume.java:createDbStore(422)) - SchemaV3 db is created and loaded at /home/runner/work/ozone/ozone/hadoop-hdds/container-service/target/test-dir/TestBlockDeletingService/hdds/e7251f69-da64-4462-97f3-2bd61ead7008/DS-bea56e54-9bb6-48fb-8b9d-e7be35b2e8c1/container.db for volume DS-bea56e54-9bb6-48fb-8b9d-e7be35b2e8c1
2023-07-14 19:27:01,315 [BlockDeletingService#1] INFO  interfaces.ContainerDeletionChoosingPolicyTemplate (ContainerDeletionChoosingPolicyTemplate.java:chooseContainerForBlockDeletion(83)) - Chosen 0/3 blocks from 0 candidate containers.
2023-07-14 19:27:01,368 [BlockDeletingService#0] INFO  interfaces.ContainerDeletionChoosingPolicyTemplate (ContainerDeletionChoosingPolicyTemplate.java:chooseContainerForBlockDeletion(83)) - Chosen 2/0 blocks from 2 candidate containers.
2023-07-14 19:27:01,371 [BlockDeletingService#0] INFO  impl.FilePerChunkStrategy (FilePerChunkStrategy.java:deleteChunk(322)) - Deleted chunk file /home/runner/work/ozone/ozone/hadoop-hdds/container-service/target/test-dir/TestBlockDeletingService/hdds/e7251f69-da64-4462-97f3-2bd61ead7008/current/containerDir0/110714081849246102/chunks/110714081849508247_chunk_0_block_0 (size 100) for chunk ChunkInfo{chunkName='110714081849508247_chunk_0_block_0, offset=0, len=100}
2023-07-14 19:27:01,371 [BlockDeletingService#0] INFO  keyvalue.KeyValueHandler (KeyValueHandler.java:deleteUnreferenced(1238)) - Deleted unreferenced chunk/block 1232140032445_chunk_0 in container 110714081849246102
2023-07-14 19:27:01,371 [BlockDeletingService#0] WARN  keyvalue.KeyValueHandler (KeyValueHandler.java:deleteUnreferenced(1228)) - Missing delete block(Container = 110714081849246102, Block = 1232140044646
2023-07-14 19:27:01,372 [BlockDeletingService#0] WARN  keyvalue.KeyValueHandler (KeyValueHandler.java:deleteUnreferenced(1228)) - Missing delete block(Container = 110714081849246102, Block = 1232140046347
2023-07-14 19:27:01,372 [BlockDeletingService#0] INFO  keyvalue.KeyValueHandler (KeyValueHandler.java:deleteUnreferenced(1238)) - Deleted unreferenced chunk/block 1232140047548_chunk_0 in container 110714081849246102
2023-07-14 19:27:01,373 [BlockDeletingService#0] WARN  utils.BackgroundService (BackgroundService.java:lambda$run$0(130)) - BlockDeletingService Background task execution took 3909916ns > 0ns(timeout)
2023-07-14 19:27:01,467 [BlockDeletingService#0] INFO  interfaces.ContainerDeletionChoosingPolicyTemplate (ContainerDeletionChoosingPolicyTemplate.java:chooseContainerForBlockDeletion(83)) - Chosen 2/0 blocks from 2 candidate containers.
2023-07-14 19:27:01,472 [BlockDeletingService#1] INFO  impl.FilePerChunkStrategy (FilePerChunkStrategy.java:deleteChunk(322)) - Deleted chunk file /home/runner/work/ozone/ozone/hadoop-hdds/container-service/target/test-dir/TestBlockDeletingService/hdds/e7251f69-da64-4462-97f3-2bd61ead7008/current/containerDir0/110714081853178266/chunks/110714081853440411_chunk_0_block_0 (size 100) for chunk ChunkInfo{chunkName='110714081853440411_chunk_0_block_0, offset=0, len=100}
2023-07-14 19:27:01,473 [BlockDeletingService#1] INFO  impl.FilePerChunkStrategy (FilePerChunkStrategy.java:deleteChunk(322)) - Deleted chunk file /home/runner/work/ozone/ozone/hadoop-hdds/container-service/target/test-dir/TestBlockDeletingService/hdds/e7251f69-da64-4462-97f3-2bd61ead7008/current/containerDir0/110714081853178266/chunks/110714081853571484_chunk_0_block_1 (size 100) for chunk ChunkInfo{chunkName='110714081853571484_chunk_0_block_1, offset=0, len=100}
2023-07-14 19:27:01,474 [BlockDeletingService#1] WARN  utils.BackgroundService (BackgroundService.java:lambda$run$0(130)) - BlockDeletingService Background task execution took 6352527ns > 0ns(timeout)
2023-07-14 19:27:01,569 [BlockDeletingService#2] INFO  interfaces.ContainerDeletionChoosingPolicyTemplate (ContainerDeletionChoosingPolicyTemplate.java:chooseContainerForBlockDeletion(83)) - Chosen 2/0 blocks from 2 candidate containers.
2023-07-14 19:27:01,570 [BlockDeletingService#0] INFO  impl.FilePerChunkStrategy (FilePerChunkStrategy.java:deleteChunk(322)) - Deleted chunk file /home/runner/work/ozone/ozone/hadoop-hdds/container-service/target/test-dir/TestBlockDeletingService/hdds/e7251f69-da64-4462-97f3-2bd61ead7008/current/containerDir0/110714081849246102/chunks/110714081849704856_chunk_0_block_1 (size 100) for chunk ChunkInfo{chunkName='110714081849704856_chunk_0_block_1, offset=0, len=100}
2023-07-14 19:27:01,570 [BlockDeletingService#0] INFO  impl.FilePerChunkStrategy (FilePerChunkStrategy.java:deleteChunk(322)) - Deleted chunk file /home/runner/work/ozone/ozone/hadoop-hdds/container-service/target/test-dir/TestBlockDeletingService/hdds/e7251f69-da64-4462-97f3-2bd61ead7008/current/containerDir0/110714081849246102/chunks/110714081849770393_chunk_0_block_2 (size 100) for chunk ChunkInfo{chunkName='110714081849770393_chunk_0_block_2, offset=0, len=100}
2023-07-14 19:27:01,571 [BlockDeletingService#0] WARN  utils.BackgroundService (BackgroundService.java:lambda$run$0(130)) - BlockDeletingService Background task execution took 2474211ns > 0ns(timeout)
2023-07-14 19:27:01,669 [BlockDeletingService#3] INFO  interfaces.ContainerDeletionChoosingPolicyTemplate (ContainerDeletionChoosingPolicyTemplate.java:chooseContainerForBlockDeletion(83)) - Chosen 1/1 blocks from 1 candidate containers.
2023-07-14 19:27:01,671 [BlockDeletingService#1] INFO  impl.FilePerChunkStrategy (FilePerChunkStrategy.java:deleteChunk(322)) - Deleted chunk file /home/runner/work/ozone/ozone/hadoop-hdds/container-service/target/test-dir/TestBlockDeletingService/hdds/e7251f69-da64-4462-97f3-2bd61ead7008/current/containerDir0/110714081853178266/chunks/110714081853702557_chunk_0_block_2 (size 100) for chunk ChunkInfo{chunkName='110714081853702557_chunk_0_block_2, offset=0, len=100}
2023-07-14 19:27:01,672 [BlockDeletingService#1] WARN  utils.BackgroundService (BackgroundService.java:lambda$run$0(130)) - BlockDeletingService Background task execution took 2090609ns > 0ns(timeout)
2023-07-14 19:27:01,769 [BlockDeletingService#4] INFO  interfaces.ContainerDeletionChoosingPolicyTemplate (ContainerDeletionChoosingPolicyTemplate.java:chooseContainerForBlockDeletion(83)) - Chosen 0/2 blocks from 0 candidate containers.
2023-07-14 19:27:01,868 [main] INFO  utils.BackgroundService (BackgroundService.java:shutdown(141)) - Shutting down service BlockDeletingService
]]></system-out>
  </testcase>
  <testcase name="testWithUnrecordedBlocks" classname="TestBlockDeletingService" time="0">
    <skipped type="org.junit.AssumptionViolatedException"><![CDATA[org.junit.AssumptionViolatedException: got: <true>, expected: is <false>
	at org.junit.Assume.assumeThat(Assume.java:106)
	at org.junit.Assume.assumeFalse(Assume.java:57)
	at org.apache.hadoop.ozone.container.common.TestBlockDeletingService.testWithUnrecordedBlocks(TestBlockDeletingService.java:671)
	at sun.reflect.NativeMethodAccessorImpl.invoke0(Native Method)
	at sun.reflect.NativeMethodAccessorImpl.invoke(NativeMethodAccessorImpl.java:62)
	at sun.reflect.DelegatingMethodAccessorImpl.invoke(DelegatingMethodAccessorImpl.java:43)
	at java.lang.reflect.Method.invoke(Method.java:498)
	at org.junit.runners.model.FrameworkMethod$1.runReflectiveCall(FrameworkMethod.java:59)
	at org.junit.internal.runners.model.ReflectiveCallable.run(ReflectiveCallable.java:12)
	at org.junit.runners.model.FrameworkMethod.invokeExplosively(FrameworkMethod.java:56)
	at org.junit.internal.runners.statements.InvokeMethod.evaluate(InvokeMethod.java:17)
	at org.junit.internal.runners.statements.RunBefores.evaluate(RunBefores.java:26)
	at org.junit.internal.runners.statements.RunAfters.evaluate(RunAfters.java:27)
	at org.junit.runners.ParentRunner$3.evaluate(ParentRunner.java:306)
	at org.junit.runners.BlockJUnit4ClassRunner$1.evaluate(BlockJUnit4ClassRunner.java:100)
	at org.junit.runners.ParentRunner.runLeaf(ParentRunner.java:366)
	at org.junit.runners.BlockJUnit4ClassRunner.runChild(BlockJUnit4ClassRunner.java:103)
	at org.junit.runners.BlockJUnit4ClassRunner.runChild(BlockJUnit4ClassRunner.java:63)
	at org.junit.runners.ParentRunner$4.run(ParentRunner.java:331)
	at org.junit.runners.ParentRunner$1.schedule(ParentRunner.java:79)
	at org.junit.runners.ParentRunner.runChildren(ParentRunner.java:329)
	at org.junit.runners.ParentRunner.access$100(ParentRunner.java:66)
	at org.junit.runners.ParentRunner$2.evaluate(ParentRunner.java:293)
	at org.junit.runners.ParentRunner.run(ParentRunner.java:413)
	at org.junit.runners.Suite.runChild(Suite.java:128)
	at org.junit.runners.Suite.runChild(Suite.java:27)
	at org.junit.runners.ParentRunner$4.run(ParentRunner.java:331)
	at org.junit.runners.ParentRunner$1.schedule(ParentRunner.java:79)
	at org.junit.runners.ParentRunner.runChildren(ParentRunner.java:329)
	at org.junit.runners.ParentRunner.access$100(ParentRunner.java:66)
	at org.junit.runners.ParentRunner$2.evaluate(ParentRunner.java:293)
	at org.junit.runners.ParentRunner$3.evaluate(ParentRunner.java:306)
	at org.junit.runners.ParentRunner.run(ParentRunner.java:413)
	at org.junit.runner.JUnitCore.run(JUnitCore.java:137)
	at org.junit.runner.JUnitCore.run(JUnitCore.java:115)
	at org.junit.vintage.engine.execution.RunnerExecutor.execute(RunnerExecutor.java:42)
	at org.junit.vintage.engine.VintageTestEngine.executeAllChildren(VintageTestEngine.java:80)
	at org.junit.vintage.engine.VintageTestEngine.execute(VintageTestEngine.java:72)
	at org.junit.platform.launcher.core.EngineExecutionOrchestrator.execute(EngineExecutionOrchestrator.java:107)
	at org.junit.platform.launcher.core.EngineExecutionOrchestrator.execute(EngineExecutionOrchestrator.java:88)
	at org.junit.platform.launcher.core.EngineExecutionOrchestrator.lambda$execute$0(EngineExecutionOrchestrator.java:54)
	at org.junit.platform.launcher.core.EngineExecutionOrchestrator.withInterceptedStreams(EngineExecutionOrchestrator.java:67)
	at org.junit.platform.launcher.core.EngineExecutionOrchestrator.execute(EngineExecutionOrchestrator.java:52)
	at org.junit.platform.launcher.core.DefaultLauncher.execute(DefaultLauncher.java:114)
	at org.junit.platform.launcher.core.DefaultLauncher.execute(DefaultLauncher.java:86)
	at org.junit.platform.launcher.core.DefaultLauncherSession$DelegatingLauncher.execute(DefaultLauncherSession.java:86)
	at org.junit.platform.launcher.core.SessionPerRequestLauncher.execute(SessionPerRequestLauncher.java:53)
	at org.apache.maven.surefire.junitplatform.JUnitPlatformProvider.execute(JUnitPlatformProvider.java:188)
	at org.apache.maven.surefire.junitplatform.JUnitPlatformProvider.invokeAllTests(JUnitPlatformProvider.java:154)
	at org.apache.maven.surefire.junitplatform.JUnitPlatformProvider.invoke(JUnitPlatformProvider.java:124)
	at org.apache.maven.surefire.booter.ForkedBooter.runSuitesInProcess(ForkedBooter.java:428)
	at org.apache.maven.surefire.booter.ForkedBooter.execute(ForkedBooter.java:162)
	at org.apache.maven.surefire.booter.ForkedBooter.run(ForkedBooter.java:562)
	at org.apache.maven.surefire.booter.ForkedBooter.main(ForkedBooter.java:548)
]]></skipped>
    <system-out><![CDATA[2023-07-14 19:27:03,975 [main] INFO  volume.HddsVolume (HddsVolume.java:<init>(126)) - Creating HddsVolume: /home/runner/work/ozone/ozone/hadoop-hdds/container-service/target/test-dir/TestBlockDeletingService/hdds of storage type : DISK capacity : 9223372036854775807
2023-07-14 19:27:03,977 [main] INFO  volume.MutableVolumeSet (MutableVolumeSet.java:initializeVolumeSet(175)) - Added Volume : /home/runner/work/ozone/ozone/hadoop-hdds/container-service/target/test-dir/TestBlockDeletingService/hdds to VolumeSet
]]></system-out>
  </testcase>
  <testcase name="testWithUnrecordedBlocks" classname="TestBlockDeletingService" time="0">
    <skipped type="org.junit.AssumptionViolatedException"><![CDATA[org.junit.AssumptionViolatedException: got: <true>, expected: is <false>
	at org.junit.Assume.assumeThat(Assume.java:106)
	at org.junit.Assume.assumeFalse(Assume.java:57)
	at org.apache.hadoop.ozone.container.common.TestBlockDeletingService.testWithUnrecordedBlocks(TestBlockDeletingService.java:671)
	at sun.reflect.NativeMethodAccessorImpl.invoke0(Native Method)
	at sun.reflect.NativeMethodAccessorImpl.invoke(NativeMethodAccessorImpl.java:62)
	at sun.reflect.DelegatingMethodAccessorImpl.invoke(DelegatingMethodAccessorImpl.java:43)
	at java.lang.reflect.Method.invoke(Method.java:498)
	at org.junit.runners.model.FrameworkMethod$1.runReflectiveCall(FrameworkMethod.java:59)
	at org.junit.internal.runners.model.ReflectiveCallable.run(ReflectiveCallable.java:12)
	at org.junit.runners.model.FrameworkMethod.invokeExplosively(FrameworkMethod.java:56)
	at org.junit.internal.runners.statements.InvokeMethod.evaluate(InvokeMethod.java:17)
	at org.junit.internal.runners.statements.RunBefores.evaluate(RunBefores.java:26)
	at org.junit.internal.runners.statements.RunAfters.evaluate(RunAfters.java:27)
	at org.junit.runners.ParentRunner$3.evaluate(ParentRunner.java:306)
	at org.junit.runners.BlockJUnit4ClassRunner$1.evaluate(BlockJUnit4ClassRunner.java:100)
	at org.junit.runners.ParentRunner.runLeaf(ParentRunner.java:366)
	at org.junit.runners.BlockJUnit4ClassRunner.runChild(BlockJUnit4ClassRunner.java:103)
	at org.junit.runners.BlockJUnit4ClassRunner.runChild(BlockJUnit4ClassRunner.java:63)
	at org.junit.runners.ParentRunner$4.run(ParentRunner.java:331)
	at org.junit.runners.ParentRunner$1.schedule(ParentRunner.java:79)
	at org.junit.runners.ParentRunner.runChildren(ParentRunner.java:329)
	at org.junit.runners.ParentRunner.access$100(ParentRunner.java:66)
	at org.junit.runners.ParentRunner$2.evaluate(ParentRunner.java:293)
	at org.junit.runners.ParentRunner.run(ParentRunner.java:413)
	at org.junit.runners.Suite.runChild(Suite.java:128)
	at org.junit.runners.Suite.runChild(Suite.java:27)
	at org.junit.runners.ParentRunner$4.run(ParentRunner.java:331)
	at org.junit.runners.ParentRunner$1.schedule(ParentRunner.java:79)
	at org.junit.runners.ParentRunner.runChildren(ParentRunner.java:329)
	at org.junit.runners.ParentRunner.access$100(ParentRunner.java:66)
	at org.junit.runners.ParentRunner$2.evaluate(ParentRunner.java:293)
	at org.junit.runners.ParentRunner$3.evaluate(ParentRunner.java:306)
	at org.junit.runners.ParentRunner.run(ParentRunner.java:413)
	at org.junit.runner.JUnitCore.run(JUnitCore.java:137)
	at org.junit.runner.JUnitCore.run(JUnitCore.java:115)
	at org.junit.vintage.engine.execution.RunnerExecutor.execute(RunnerExecutor.java:42)
	at org.junit.vintage.engine.VintageTestEngine.executeAllChildren(VintageTestEngine.java:80)
	at org.junit.vintage.engine.VintageTestEngine.execute(VintageTestEngine.java:72)
	at org.junit.platform.launcher.core.EngineExecutionOrchestrator.execute(EngineExecutionOrchestrator.java:107)
	at org.junit.platform.launcher.core.EngineExecutionOrchestrator.execute(EngineExecutionOrchestrator.java:88)
	at org.junit.platform.launcher.core.EngineExecutionOrchestrator.lambda$execute$0(EngineExecutionOrchestrator.java:54)
	at org.junit.platform.launcher.core.EngineExecutionOrchestrator.withInterceptedStreams(EngineExecutionOrchestrator.java:67)
	at org.junit.platform.launcher.core.EngineExecutionOrchestrator.execute(EngineExecutionOrchestrator.java:52)
	at org.junit.platform.launcher.core.DefaultLauncher.execute(DefaultLauncher.java:114)
	at org.junit.platform.launcher.core.DefaultLauncher.execute(DefaultLauncher.java:86)
	at org.junit.platform.launcher.core.DefaultLauncherSession$DelegatingLauncher.execute(DefaultLauncherSession.java:86)
	at org.junit.platform.launcher.core.SessionPerRequestLauncher.execute(SessionPerRequestLauncher.java:53)
	at org.apache.maven.surefire.junitplatform.JUnitPlatformProvider.execute(JUnitPlatformProvider.java:188)
	at org.apache.maven.surefire.junitplatform.JUnitPlatformProvider.invokeAllTests(JUnitPlatformProvider.java:154)
	at org.apache.maven.surefire.junitplatform.JUnitPlatformProvider.invoke(JUnitPlatformProvider.java:124)
	at org.apache.maven.surefire.booter.ForkedBooter.runSuitesInProcess(ForkedBooter.java:428)
	at org.apache.maven.surefire.booter.ForkedBooter.execute(ForkedBooter.java:162)
	at org.apache.maven.surefire.booter.ForkedBooter.run(ForkedBooter.java:562)
	at org.apache.maven.surefire.booter.ForkedBooter.main(ForkedBooter.java:548)
]]></skipped>
    <system-out><![CDATA[2023-07-14 19:27:06,131 [main] INFO  volume.HddsVolume (HddsVolume.java:<init>(126)) - Creating HddsVolume: /home/runner/work/ozone/ozone/hadoop-hdds/container-service/target/test-dir/TestBlockDeletingService/hdds of storage type : DISK capacity : 9223372036854775807
2023-07-14 19:27:06,135 [main] INFO  volume.MutableVolumeSet (MutableVolumeSet.java:initializeVolumeSet(175)) - Added Volume : /home/runner/work/ozone/ozone/hadoop-hdds/container-service/target/test-dir/TestBlockDeletingService/hdds to VolumeSet
]]></system-out>
  </testcase>
  <testcase name="testWithUnrecordedBlocks" classname="TestBlockDeletingService" time="0.828">
    <system-out><![CDATA[2023-07-14 19:27:08,243 [main] INFO  volume.HddsVolume (HddsVolume.java:<init>(126)) - Creating HddsVolume: /home/runner/work/ozone/ozone/hadoop-hdds/container-service/target/test-dir/TestBlockDeletingService/hdds of storage type : DISK capacity : 9223372036854775807
2023-07-14 19:27:08,247 [main] INFO  volume.MutableVolumeSet (MutableVolumeSet.java:initializeVolumeSet(175)) - Added Volume : /home/runner/work/ozone/ozone/hadoop-hdds/container-service/target/test-dir/TestBlockDeletingService/hdds to VolumeSet
2023-07-14 19:27:08,319 [BlockDeletingService#1] INFO  interfaces.ContainerDeletionChoosingPolicyTemplate (ContainerDeletionChoosingPolicyTemplate.java:chooseContainerForBlockDeletion(83)) - Chosen 0/3 blocks from 0 candidate containers.
2023-07-14 19:27:08,550 [BlockDeletingService#0] INFO  interfaces.ContainerDeletionChoosingPolicyTemplate (ContainerDeletionChoosingPolicyTemplate.java:chooseContainerForBlockDeletion(83)) - Chosen 2/0 blocks from 2 candidate containers.
2023-07-14 19:27:08,551 [BlockDeletingService#0] INFO  impl.FilePerBlockStrategy (FilePerBlockStrategy.java:deleteChunk(254)) - Deleted block file: /home/runner/work/ozone/ozone/hadoop-hdds/container-service/target/test-dir/TestBlockDeletingService/hdds/5a549c56-c14e-46af-98f3-7d8edd8d4f98/current/containerDir129/110714082315141936/chunks/110714082318353201.block
2023-07-14 19:27:08,552 [BlockDeletingService#0] INFO  impl.FilePerBlockStrategy (FilePerBlockStrategy.java:deleteChunk(254)) - Deleted block file: /home/runner/work/ozone/ozone/hadoop-hdds/container-service/target/test-dir/TestBlockDeletingService/hdds/5a549c56-c14e-46af-98f3-7d8edd8d4f98/current/containerDir129/110714082315141936/chunks/110714082318418738.block
2023-07-14 19:27:08,552 [BlockDeletingService#0] WARN  utils.BackgroundService (BackgroundService.java:lambda$run$0(130)) - BlockDeletingService Background task execution took 1487410ns > 0ns(timeout)
2023-07-14 19:27:08,648 [BlockDeletingService#0] INFO  interfaces.ContainerDeletionChoosingPolicyTemplate (ContainerDeletionChoosingPolicyTemplate.java:chooseContainerForBlockDeletion(83)) - Chosen 2/0 blocks from 2 candidate containers.
2023-07-14 19:27:08,650 [BlockDeletingService#1] INFO  impl.FilePerBlockStrategy (FilePerBlockStrategy.java:deleteChunk(254)) - Deleted block file: /home/runner/work/ozone/ozone/hadoop-hdds/container-service/target/test-dir/TestBlockDeletingService/hdds/5a549c56-c14e-46af-98f3-7d8edd8d4f98/current/containerDir129/110714082315141936/chunks/110714082318549811.block
2023-07-14 19:27:08,650 [BlockDeletingService#1] WARN  keyvalue.KeyValueHandler (KeyValueHandler.java:deleteUnreferenced(1228)) - Missing delete block(Container = 110714082315141936, Block = 1239327141312
2023-07-14 19:27:08,650 [BlockDeletingService#1] INFO  keyvalue.KeyValueHandler (KeyValueHandler.java:deleteUnreferenced(1238)) - Deleted unreferenced chunk/block 1239327165813.block in container 110714082315141936
2023-07-14 19:27:08,651 [BlockDeletingService#1] INFO  keyvalue.KeyValueHandler (KeyValueHandler.java:deleteUnreferenced(1238)) - Deleted unreferenced chunk/block 1239327167514.block in container 110714082315141936
2023-07-14 19:27:08,651 [BlockDeletingService#1] WARN  keyvalue.KeyValueHandler (KeyValueHandler.java:deleteUnreferenced(1228)) - Missing delete block(Container = 110714082315141936, Block = 1239327169016
2023-07-14 19:27:08,651 [BlockDeletingService#1] WARN  utils.BackgroundService (BackgroundService.java:lambda$run$0(130)) - BlockDeletingService Background task execution took 2661920ns > 0ns(timeout)
2023-07-14 19:27:08,749 [BlockDeletingService#2] INFO  interfaces.ContainerDeletionChoosingPolicyTemplate (ContainerDeletionChoosingPolicyTemplate.java:chooseContainerForBlockDeletion(83)) - Chosen 2/0 blocks from 1 candidate containers.
2023-07-14 19:27:08,751 [BlockDeletingService#0] INFO  impl.FilePerBlockStrategy (FilePerBlockStrategy.java:deleteChunk(254)) - Deleted block file: /home/runner/work/ozone/ozone/hadoop-hdds/container-service/target/test-dir/TestBlockDeletingService/hdds/5a549c56-c14e-46af-98f3-7d8edd8d4f98/current/containerDir1/110714082322154292/chunks/110714082324579125.block
2023-07-14 19:27:08,751 [BlockDeletingService#0] INFO  impl.FilePerBlockStrategy (FilePerBlockStrategy.java:deleteChunk(254)) - Deleted block file: /home/runner/work/ozone/ozone/hadoop-hdds/container-service/target/test-dir/TestBlockDeletingService/hdds/5a549c56-c14e-46af-98f3-7d8edd8d4f98/current/containerDir1/110714082322154292/chunks/110714082324710198.block
2023-07-14 19:27:08,751 [BlockDeletingService#0] WARN  utils.BackgroundService (BackgroundService.java:lambda$run$0(130)) - BlockDeletingService Background task execution took 1860013ns > 0ns(timeout)
2023-07-14 19:27:08,849 [BlockDeletingService#3] INFO  interfaces.ContainerDeletionChoosingPolicyTemplate (ContainerDeletionChoosingPolicyTemplate.java:chooseContainerForBlockDeletion(83)) - Chosen 1/1 blocks from 1 candidate containers.
2023-07-14 19:27:08,850 [BlockDeletingService#1] INFO  impl.FilePerBlockStrategy (FilePerBlockStrategy.java:deleteChunk(254)) - Deleted block file: /home/runner/work/ozone/ozone/hadoop-hdds/container-service/target/test-dir/TestBlockDeletingService/hdds/5a549c56-c14e-46af-98f3-7d8edd8d4f98/current/containerDir1/110714082322154292/chunks/110714082324775735.block
2023-07-14 19:27:08,851 [BlockDeletingService#1] WARN  utils.BackgroundService (BackgroundService.java:lambda$run$0(130)) - BlockDeletingService Background task execution took 1361110ns > 0ns(timeout)
2023-07-14 19:27:08,949 [BlockDeletingService#4] INFO  interfaces.ContainerDeletionChoosingPolicyTemplate (ContainerDeletionChoosingPolicyTemplate.java:chooseContainerForBlockDeletion(83)) - Chosen 0/2 blocks from 0 candidate containers.
2023-07-14 19:27:09,049 [main] INFO  utils.BackgroundService (BackgroundService.java:shutdown(141)) - Shutting down service BlockDeletingService
]]></system-out>
  </testcase>
  <testcase name="testWithUnrecordedBlocks" classname="TestBlockDeletingService" time="0.77">
    <system-out><![CDATA[2023-07-14 19:27:11,369 [main] INFO  volume.HddsVolume (HddsVolume.java:<init>(126)) - Creating HddsVolume: /home/runner/work/ozone/ozone/hadoop-hdds/container-service/target/test-dir/TestBlockDeletingService/hdds of storage type : DISK capacity : 9223372036854775807
2023-07-14 19:27:11,370 [main] INFO  volume.MutableVolumeSet (MutableVolumeSet.java:initializeVolumeSet(175)) - Added Volume : /home/runner/work/ozone/ozone/hadoop-hdds/container-service/target/test-dir/TestBlockDeletingService/hdds to VolumeSet
2023-07-14 19:27:11,404 [main] INFO  utils.DatanodeStoreCache (DatanodeStoreCache.java:addDB(66)) - Added db /home/runner/work/ozone/ozone/hadoop-hdds/container-service/target/test-dir/TestBlockDeletingService/hdds/0b097675-9f8f-4d7a-916c-df5e9949180c/DS-abf8f973-c1a7-42ce-9ca5-31062adfd075/container.db to cache
2023-07-14 19:27:11,404 [main] INFO  volume.HddsVolume (HddsVolume.java:createDbStore(422)) - SchemaV3 db is created and loaded at /home/runner/work/ozone/ozone/hadoop-hdds/container-service/target/test-dir/TestBlockDeletingService/hdds/0b097675-9f8f-4d7a-916c-df5e9949180c/DS-abf8f973-c1a7-42ce-9ca5-31062adfd075/container.db for volume DS-abf8f973-c1a7-42ce-9ca5-31062adfd075
2023-07-14 19:27:11,621 [BlockDeletingService#0] INFO  interfaces.ContainerDeletionChoosingPolicyTemplate (ContainerDeletionChoosingPolicyTemplate.java:chooseContainerForBlockDeletion(83)) - Chosen 2/0 blocks from 2 candidate containers.
2023-07-14 19:27:11,622 [BlockDeletingService#0] INFO  impl.FilePerBlockStrategy (FilePerBlockStrategy.java:deleteChunk(254)) - Deleted block file: /home/runner/work/ozone/ozone/hadoop-hdds/container-service/target/test-dir/TestBlockDeletingService/hdds/0b097675-9f8f-4d7a-916c-df5e9949180c/current/containerDir1/110714082521908160/chunks/110714082522170305.block
2023-07-14 19:27:11,622 [BlockDeletingService#0] WARN  keyvalue.KeyValueHandler (KeyValueHandler.java:deleteUnreferenced(1228)) - Missing delete block(Container = 110714082521908160, Block = 1242398815087
2023-07-14 19:27:11,622 [BlockDeletingService#0] INFO  keyvalue.KeyValueHandler (KeyValueHandler.java:deleteUnreferenced(1238)) - Deleted unreferenced chunk/block 1242398840388.block in container 110714082521908160
2023-07-14 19:27:11,622 [BlockDeletingService#0] WARN  keyvalue.KeyValueHandler (KeyValueHandler.java:deleteUnreferenced(1228)) - Missing delete block(Container = 110714082521908160, Block = 1242398841989
2023-07-14 19:27:11,623 [BlockDeletingService#0] INFO  keyvalue.KeyValueHandler (KeyValueHandler.java:deleteUnreferenced(1238)) - Deleted unreferenced chunk/block 1242398843290.block in container 110714082521908160
2023-07-14 19:27:11,623 [BlockDeletingService#0] WARN  utils.BackgroundService (BackgroundService.java:lambda$run$0(130)) - BlockDeletingService Background task execution took 2408118ns > 0ns(timeout)
2023-07-14 19:27:11,721 [BlockDeletingService#1] INFO  interfaces.ContainerDeletionChoosingPolicyTemplate (ContainerDeletionChoosingPolicyTemplate.java:chooseContainerForBlockDeletion(83)) - Chosen 2/0 blocks from 2 candidate containers.
2023-07-14 19:27:11,722 [BlockDeletingService#0] INFO  impl.FilePerBlockStrategy (FilePerBlockStrategy.java:deleteChunk(254)) - Deleted block file: /home/runner/work/ozone/ozone/hadoop-hdds/container-service/target/test-dir/TestBlockDeletingService/hdds/0b097675-9f8f-4d7a-916c-df5e9949180c/current/containerDir129/110714082525381572/chunks/110714082525578181.block
2023-07-14 19:27:11,722 [BlockDeletingService#0] INFO  impl.FilePerBlockStrategy (FilePerBlockStrategy.java:deleteChunk(254)) - Deleted block file: /home/runner/work/ozone/ozone/hadoop-hdds/container-service/target/test-dir/TestBlockDeletingService/hdds/0b097675-9f8f-4d7a-916c-df5e9949180c/current/containerDir129/110714082525381572/chunks/110714082525709254.block
2023-07-14 19:27:11,723 [BlockDeletingService#0] WARN  utils.BackgroundService (BackgroundService.java:lambda$run$0(130)) - BlockDeletingService Background task execution took 1826114ns > 0ns(timeout)
2023-07-14 19:27:11,821 [BlockDeletingService#2] INFO  interfaces.ContainerDeletionChoosingPolicyTemplate (ContainerDeletionChoosingPolicyTemplate.java:chooseContainerForBlockDeletion(83)) - Chosen 2/0 blocks from 2 candidate containers.
2023-07-14 19:27:11,822 [BlockDeletingService#1] INFO  impl.FilePerBlockStrategy (FilePerBlockStrategy.java:deleteChunk(254)) - Deleted block file: /home/runner/work/ozone/ozone/hadoop-hdds/container-service/target/test-dir/TestBlockDeletingService/hdds/0b097675-9f8f-4d7a-916c-df5e9949180c/current/containerDir1/110714082521908160/chunks/110714082522301378.block
2023-07-14 19:27:11,823 [BlockDeletingService#1] INFO  impl.FilePerBlockStrategy (FilePerBlockStrategy.java:deleteChunk(254)) - Deleted block file: /home/runner/work/ozone/ozone/hadoop-hdds/container-service/target/test-dir/TestBlockDeletingService/hdds/0b097675-9f8f-4d7a-916c-df5e9949180c/current/containerDir1/110714082521908160/chunks/110714082522366915.block
2023-07-14 19:27:11,823 [BlockDeletingService#1] WARN  utils.BackgroundService (BackgroundService.java:lambda$run$0(130)) - BlockDeletingService Background task execution took 2076015ns > 0ns(timeout)
2023-07-14 19:27:11,921 [BlockDeletingService#3] INFO  interfaces.ContainerDeletionChoosingPolicyTemplate (ContainerDeletionChoosingPolicyTemplate.java:chooseContainerForBlockDeletion(83)) - Chosen 1/1 blocks from 1 candidate containers.
2023-07-14 19:27:11,922 [BlockDeletingService#0] INFO  impl.FilePerBlockStrategy (FilePerBlockStrategy.java:deleteChunk(254)) - Deleted block file: /home/runner/work/ozone/ozone/hadoop-hdds/container-service/target/test-dir/TestBlockDeletingService/hdds/0b097675-9f8f-4d7a-916c-df5e9949180c/current/containerDir129/110714082525381572/chunks/110714082525774791.block
2023-07-14 19:27:11,922 [BlockDeletingService#0] WARN  utils.BackgroundService (BackgroundService.java:lambda$run$0(130)) - BlockDeletingService Background task execution took 1177409ns > 0ns(timeout)
2023-07-14 19:27:12,021 [BlockDeletingService#4] INFO  interfaces.ContainerDeletionChoosingPolicyTemplate (ContainerDeletionChoosingPolicyTemplate.java:chooseContainerForBlockDeletion(83)) - Chosen 0/2 blocks from 0 candidate containers.
2023-07-14 19:27:12,121 [main] INFO  utils.BackgroundService (BackgroundService.java:shutdown(141)) - Shutting down service BlockDeletingService
]]></system-out>
  </testcase>
  <testcase name="testShutdownService" classname="TestBlockDeletingService" time="3.137">
    <system-out><![CDATA[2023-07-14 19:26:49,824 [main] INFO  volume.HddsVolume (HddsVolume.java:<init>(126)) - Creating HddsVolume: /home/runner/work/ozone/ozone/hadoop-hdds/container-service/target/test-dir/TestBlockDeletingService/hdds of storage type : DISK capacity : 9223372036854775807
2023-07-14 19:26:49,826 [main] INFO  volume.MutableVolumeSet (MutableVolumeSet.java:initializeVolumeSet(175)) - Added Volume : /home/runner/work/ozone/ozone/hadoop-hdds/container-service/target/test-dir/TestBlockDeletingService/hdds to VolumeSet
2023-07-14 19:26:50,532 [main] WARN  util.NativeCodeLoader (NativeCodeLoader.java:<clinit>(60)) - Unable to load native-hadoop library for your platform... using builtin-java classes where applicable
2023-07-14 19:26:52,645 [BlockDeletingService#0] INFO  interfaces.ContainerDeletionChoosingPolicyTemplate (ContainerDeletionChoosingPolicyTemplate.java:chooseContainerForBlockDeletion(83)) - Chosen 100/4900 blocks from 1 candidate containers.
2023-07-14 19:26:52,697 [BlockDeletingService#0] INFO  impl.FilePerChunkStrategy (FilePerChunkStrategy.java:deleteChunk(322)) - Deleted chunk file /home/runner/work/ozone/ozone/hadoop-hdds/container-service/target/test-dir/TestBlockDeletingService/hdds/1542eb64-d50e-444c-ab23-aabf6e260bad/current/containerDir0/110714081117995008/chunks/110714081151156225_chunk_0_block_0 (size 100) for chunk ChunkInfo{chunkName='110714081151156225_chunk_0_block_0, offset=0, len=100}
2023-07-14 19:26:52,698 [BlockDeletingService#0] INFO  impl.FilePerChunkStrategy (FilePerChunkStrategy.java:deleteChunk(322)) - Deleted chunk file /home/runner/work/ozone/ozone/hadoop-hdds/container-service/target/test-dir/TestBlockDeletingService/hdds/1542eb64-d50e-444c-ab23-aabf6e260bad/current/containerDir0/110714081117995008/chunks/110714081157054466_chunk_0_block_1 (size 100) for chunk ChunkInfo{chunkName='110714081157054466_chunk_0_block_1, offset=0, len=100}
2023-07-14 19:26:52,698 [BlockDeletingService#0] INFO  impl.FilePerChunkStrategy (FilePerChunkStrategy.java:deleteChunk(322)) - Deleted chunk file /home/runner/work/ozone/ozone/hadoop-hdds/container-service/target/test-dir/TestBlockDeletingService/hdds/1542eb64-d50e-444c-ab23-aabf6e260bad/current/containerDir0/110714081117995008/chunks/110714081157185539_chunk_0_block_2 (size 100) for chunk ChunkInfo{chunkName='110714081157185539_chunk_0_block_2, offset=0, len=100}
2023-07-14 19:26:52,707 [BlockDeletingService#0] INFO  impl.FilePerChunkStrategy (FilePerChunkStrategy.java:deleteChunk(322)) - Deleted chunk file /home/runner/work/ozone/ozone/hadoop-hdds/container-service/target/test-dir/TestBlockDeletingService/hdds/1542eb64-d50e-444c-ab23-aabf6e260bad/current/containerDir0/110714081117995008/chunks/110714081157316612_chunk_0_block_3 (size 100) for chunk ChunkInfo{chunkName='110714081157316612_chunk_0_block_3, offset=0, len=100}
2023-07-14 19:26:52,708 [BlockDeletingService#0] INFO  impl.FilePerChunkStrategy (FilePerChunkStrategy.java:deleteChunk(322)) - Deleted chunk file /home/runner/work/ozone/ozone/hadoop-hdds/container-service/target/test-dir/TestBlockDeletingService/hdds/1542eb64-d50e-444c-ab23-aabf6e260bad/current/containerDir0/110714081117995008/chunks/110714081157447685_chunk_0_block_4 (size 100) for chunk ChunkInfo{chunkName='110714081157447685_chunk_0_block_4, offset=0, len=100}
2023-07-14 19:26:52,708 [BlockDeletingService#0] INFO  impl.FilePerChunkStrategy (FilePerChunkStrategy.java:deleteChunk(322)) - Deleted chunk file /home/runner/work/ozone/ozone/hadoop-hdds/container-service/target/test-dir/TestBlockDeletingService/hdds/1542eb64-d50e-444c-ab23-aabf6e260bad/current/containerDir0/110714081117995008/chunks/110714081157513222_chunk_0_block_5 (size 100) for chunk ChunkInfo{chunkName='110714081157513222_chunk_0_block_5, offset=0, len=100}
2023-07-14 19:26:52,709 [BlockDeletingService#0] INFO  impl.FilePerChunkStrategy (FilePerChunkStrategy.java:deleteChunk(322)) - Deleted chunk file /home/runner/work/ozone/ozone/hadoop-hdds/container-service/target/test-dir/TestBlockDeletingService/hdds/1542eb64-d50e-444c-ab23-aabf6e260bad/current/containerDir0/110714081117995008/chunks/110714081157644295_chunk_0_block_6 (size 100) for chunk ChunkInfo{chunkName='110714081157644295_chunk_0_block_6, offset=0, len=100}
2023-07-14 19:26:52,710 [BlockDeletingService#0] INFO  impl.FilePerChunkStrategy (FilePerChunkStrategy.java:deleteChunk(322)) - Deleted chunk file /home/runner/work/ozone/ozone/hadoop-hdds/container-service/target/test-dir/TestBlockDeletingService/hdds/1542eb64-d50e-444c-ab23-aabf6e260bad/current/containerDir0/110714081117995008/chunks/110714081157709832_chunk_0_block_7 (size 100) for chunk ChunkInfo{chunkName='110714081157709832_chunk_0_block_7, offset=0, len=100}
2023-07-14 19:26:52,710 [main] INFO  utils.BackgroundService (BackgroundService.java:shutdown(141)) - Shutting down service BlockDeletingService
2023-07-14 19:26:52,724 [BlockDeletingService#0] INFO  impl.FilePerChunkStrategy (FilePerChunkStrategy.java:deleteChunk(322)) - Deleted chunk file /home/runner/work/ozone/ozone/hadoop-hdds/container-service/target/test-dir/TestBlockDeletingService/hdds/1542eb64-d50e-444c-ab23-aabf6e260bad/current/containerDir0/110714081117995008/chunks/110714081157840905_chunk_0_block_8 (size 100) for chunk ChunkInfo{chunkName='110714081157840905_chunk_0_block_8, offset=0, len=100}
2023-07-14 19:26:52,727 [BlockDeletingService#0] INFO  impl.FilePerChunkStrategy (FilePerChunkStrategy.java:deleteChunk(322)) - Deleted chunk file /home/runner/work/ozone/ozone/hadoop-hdds/container-service/target/test-dir/TestBlockDeletingService/hdds/1542eb64-d50e-444c-ab23-aabf6e260bad/current/containerDir0/110714081117995008/chunks/110714081157971978_chunk_0_block_9 (size 100) for chunk ChunkInfo{chunkName='110714081157971978_chunk_0_block_9, offset=0, len=100}
2023-07-14 19:26:52,728 [BlockDeletingService#0] INFO  impl.FilePerChunkStrategy (FilePerChunkStrategy.java:deleteChunk(322)) - Deleted chunk file /home/runner/work/ozone/ozone/hadoop-hdds/container-service/target/test-dir/TestBlockDeletingService/hdds/1542eb64-d50e-444c-ab23-aabf6e260bad/current/containerDir0/110714081117995008/chunks/110714081158037515_chunk_0_block_10 (size 100) for chunk ChunkInfo{chunkName='110714081158037515_chunk_0_block_10, offset=0, len=100}
2023-07-14 19:26:52,729 [BlockDeletingService#0] INFO  impl.FilePerChunkStrategy (FilePerChunkStrategy.java:deleteChunk(322)) - Deleted chunk file /home/runner/work/ozone/ozone/hadoop-hdds/container-service/target/test-dir/TestBlockDeletingService/hdds/1542eb64-d50e-444c-ab23-aabf6e260bad/current/containerDir0/110714081117995008/chunks/110714081158103052_chunk_0_block_11 (size 100) for chunk ChunkInfo{chunkName='110714081158103052_chunk_0_block_11, offset=0, len=100}
2023-07-14 19:26:52,735 [BlockDeletingService#0] INFO  impl.FilePerChunkStrategy (FilePerChunkStrategy.java:deleteChunk(322)) - Deleted chunk file /home/runner/work/ozone/ozone/hadoop-hdds/container-service/target/test-dir/TestBlockDeletingService/hdds/1542eb64-d50e-444c-ab23-aabf6e260bad/current/containerDir0/110714081117995008/chunks/110714081158234125_chunk_0_block_12 (size 100) for chunk ChunkInfo{chunkName='110714081158234125_chunk_0_block_12, offset=0, len=100}
2023-07-14 19:26:52,735 [BlockDeletingService#0] INFO  impl.FilePerChunkStrategy (FilePerChunkStrategy.java:deleteChunk(322)) - Deleted chunk file /home/runner/work/ozone/ozone/hadoop-hdds/container-service/target/test-dir/TestBlockDeletingService/hdds/1542eb64-d50e-444c-ab23-aabf6e260bad/current/containerDir0/110714081117995008/chunks/110714081158299662_chunk_0_block_13 (size 100) for chunk ChunkInfo{chunkName='110714081158299662_chunk_0_block_13, offset=0, len=100}
2023-07-14 19:26:52,736 [BlockDeletingService#0] INFO  impl.FilePerChunkStrategy (FilePerChunkStrategy.java:deleteChunk(322)) - Deleted chunk file /home/runner/work/ozone/ozone/hadoop-hdds/container-service/target/test-dir/TestBlockDeletingService/hdds/1542eb64-d50e-444c-ab23-aabf6e260bad/current/containerDir0/110714081117995008/chunks/110714081158430735_chunk_0_block_14 (size 100) for chunk ChunkInfo{chunkName='110714081158430735_chunk_0_block_14, offset=0, len=100}
2023-07-14 19:26:52,736 [BlockDeletingService#0] INFO  impl.FilePerChunkStrategy (FilePerChunkStrategy.java:deleteChunk(322)) - Deleted chunk file /home/runner/work/ozone/ozone/hadoop-hdds/container-service/target/test-dir/TestBlockDeletingService/hdds/1542eb64-d50e-444c-ab23-aabf6e260bad/current/containerDir0/110714081117995008/chunks/110714081158496272_chunk_0_block_15 (size 100) for chunk ChunkInfo{chunkName='110714081158496272_chunk_0_block_15, offset=0, len=100}
2023-07-14 19:26:52,737 [BlockDeletingService#0] INFO  impl.FilePerChunkStrategy (FilePerChunkStrategy.java:deleteChunk(322)) - Deleted chunk file /home/runner/work/ozone/ozone/hadoop-hdds/container-service/target/test-dir/TestBlockDeletingService/hdds/1542eb64-d50e-444c-ab23-aabf6e260bad/current/containerDir0/110714081117995008/chunks/110714081158627345_chunk_0_block_16 (size 100) for chunk ChunkInfo{chunkName='110714081158627345_chunk_0_block_16, offset=0, len=100}
2023-07-14 19:26:52,738 [BlockDeletingService#0] INFO  impl.FilePerChunkStrategy (FilePerChunkStrategy.java:deleteChunk(322)) - Deleted chunk file /home/runner/work/ozone/ozone/hadoop-hdds/container-service/target/test-dir/TestBlockDeletingService/hdds/1542eb64-d50e-444c-ab23-aabf6e260bad/current/containerDir0/110714081117995008/chunks/110714081158758418_chunk_0_block_17 (size 100) for chunk ChunkInfo{chunkName='110714081158758418_chunk_0_block_17, offset=0, len=100}
2023-07-14 19:26:52,738 [BlockDeletingService#0] INFO  impl.FilePerChunkStrategy (FilePerChunkStrategy.java:deleteChunk(322)) - Deleted chunk file /home/runner/work/ozone/ozone/hadoop-hdds/container-service/target/test-dir/TestBlockDeletingService/hdds/1542eb64-d50e-444c-ab23-aabf6e260bad/current/containerDir0/110714081117995008/chunks/110714081158823955_chunk_0_block_18 (size 100) for chunk ChunkInfo{chunkName='110714081158823955_chunk_0_block_18, offset=0, len=100}
2023-07-14 19:26:52,739 [BlockDeletingService#0] INFO  impl.FilePerChunkStrategy (FilePerChunkStrategy.java:deleteChunk(322)) - Deleted chunk file /home/runner/work/ozone/ozone/hadoop-hdds/container-service/target/test-dir/TestBlockDeletingService/hdds/1542eb64-d50e-444c-ab23-aabf6e260bad/current/containerDir0/110714081117995008/chunks/110714081158955028_chunk_0_block_19 (size 100) for chunk ChunkInfo{chunkName='110714081158955028_chunk_0_block_19, offset=0, len=100}
2023-07-14 19:26:52,740 [BlockDeletingService#0] INFO  impl.FilePerChunkStrategy (FilePerChunkStrategy.java:deleteChunk(322)) - Deleted chunk file /home/runner/work/ozone/ozone/hadoop-hdds/container-service/target/test-dir/TestBlockDeletingService/hdds/1542eb64-d50e-444c-ab23-aabf6e260bad/current/containerDir0/110714081117995008/chunks/110714081159020565_chunk_0_block_20 (size 100) for chunk ChunkInfo{chunkName='110714081159020565_chunk_0_block_20, offset=0, len=100}
2023-07-14 19:26:52,745 [BlockDeletingService#0] INFO  impl.FilePerChunkStrategy (FilePerChunkStrategy.java:deleteChunk(322)) - Deleted chunk file /home/runner/work/ozone/ozone/hadoop-hdds/container-service/target/test-dir/TestBlockDeletingService/hdds/1542eb64-d50e-444c-ab23-aabf6e260bad/current/containerDir0/110714081117995008/chunks/110714081159348246_chunk_0_block_21 (size 100) for chunk ChunkInfo{chunkName='110714081159348246_chunk_0_block_21, offset=0, len=100}
2023-07-14 19:26:52,746 [BlockDeletingService#0] INFO  impl.FilePerChunkStrategy (FilePerChunkStrategy.java:deleteChunk(322)) - Deleted chunk file /home/runner/work/ozone/ozone/hadoop-hdds/container-service/target/test-dir/TestBlockDeletingService/hdds/1542eb64-d50e-444c-ab23-aabf6e260bad/current/containerDir0/110714081117995008/chunks/110714081159479319_chunk_0_block_22 (size 100) for chunk ChunkInfo{chunkName='110714081159479319_chunk_0_block_22, offset=0, len=100}
2023-07-14 19:26:52,747 [BlockDeletingService#0] INFO  impl.FilePerChunkStrategy (FilePerChunkStrategy.java:deleteChunk(322)) - Deleted chunk file /home/runner/work/ozone/ozone/hadoop-hdds/container-service/target/test-dir/TestBlockDeletingService/hdds/1542eb64-d50e-444c-ab23-aabf6e260bad/current/containerDir0/110714081117995008/chunks/110714081159610392_chunk_0_block_23 (size 100) for chunk ChunkInfo{chunkName='110714081159610392_chunk_0_block_23, offset=0, len=100}
2023-07-14 19:26:52,747 [BlockDeletingService#0] INFO  impl.FilePerChunkStrategy (FilePerChunkStrategy.java:deleteChunk(322)) - Deleted chunk file /home/runner/work/ozone/ozone/hadoop-hdds/container-service/target/test-dir/TestBlockDeletingService/hdds/1542eb64-d50e-444c-ab23-aabf6e260bad/current/containerDir0/110714081117995008/chunks/110714081159675929_chunk_0_block_24 (size 100) for chunk ChunkInfo{chunkName='110714081159675929_chunk_0_block_24, offset=0, len=100}
2023-07-14 19:26:52,748 [BlockDeletingService#0] INFO  impl.FilePerChunkStrategy (FilePerChunkStrategy.java:deleteChunk(322)) - Deleted chunk file /home/runner/work/ozone/ozone/hadoop-hdds/container-service/target/test-dir/TestBlockDeletingService/hdds/1542eb64-d50e-444c-ab23-aabf6e260bad/current/containerDir0/110714081117995008/chunks/110714081159807002_chunk_0_block_25 (size 100) for chunk ChunkInfo{chunkName='110714081159807002_chunk_0_block_25, offset=0, len=100}
2023-07-14 19:26:52,748 [BlockDeletingService#0] INFO  impl.FilePerChunkStrategy (FilePerChunkStrategy.java:deleteChunk(322)) - Deleted chunk file /home/runner/work/ozone/ozone/hadoop-hdds/container-service/target/test-dir/TestBlockDeletingService/hdds/1542eb64-d50e-444c-ab23-aabf6e260bad/current/containerDir0/110714081117995008/chunks/110714081159872539_chunk_0_block_26 (size 100) for chunk ChunkInfo{chunkName='110714081159872539_chunk_0_block_26, offset=0, len=100}
2023-07-14 19:26:52,749 [BlockDeletingService#0] INFO  impl.FilePerChunkStrategy (FilePerChunkStrategy.java:deleteChunk(322)) - Deleted chunk file /home/runner/work/ozone/ozone/hadoop-hdds/container-service/target/test-dir/TestBlockDeletingService/hdds/1542eb64-d50e-444c-ab23-aabf6e260bad/current/containerDir0/110714081117995008/chunks/110714081160069148_chunk_0_block_27 (size 100) for chunk ChunkInfo{chunkName='110714081160069148_chunk_0_block_27, offset=0, len=100}
2023-07-14 19:26:52,750 [BlockDeletingService#0] INFO  impl.FilePerChunkStrategy (FilePerChunkStrategy.java:deleteChunk(322)) - Deleted chunk file /home/runner/work/ozone/ozone/hadoop-hdds/container-service/target/test-dir/TestBlockDeletingService/hdds/1542eb64-d50e-444c-ab23-aabf6e260bad/current/containerDir0/110714081117995008/chunks/110714081160134685_chunk_0_block_28 (size 100) for chunk ChunkInfo{chunkName='110714081160134685_chunk_0_block_28, offset=0, len=100}
2023-07-14 19:26:52,752 [BlockDeletingService#0] INFO  impl.FilePerChunkStrategy (FilePerChunkStrategy.java:deleteChunk(322)) - Deleted chunk file /home/runner/work/ozone/ozone/hadoop-hdds/container-service/target/test-dir/TestBlockDeletingService/hdds/1542eb64-d50e-444c-ab23-aabf6e260bad/current/containerDir0/110714081117995008/chunks/110714081160265758_chunk_0_block_29 (size 100) for chunk ChunkInfo{chunkName='110714081160265758_chunk_0_block_29, offset=0, len=100}
2023-07-14 19:26:52,754 [BlockDeletingService#0] INFO  impl.FilePerChunkStrategy (FilePerChunkStrategy.java:deleteChunk(322)) - Deleted chunk file /home/runner/work/ozone/ozone/hadoop-hdds/container-service/target/test-dir/TestBlockDeletingService/hdds/1542eb64-d50e-444c-ab23-aabf6e260bad/current/containerDir0/110714081117995008/chunks/110714081160331295_chunk_0_block_30 (size 100) for chunk ChunkInfo{chunkName='110714081160331295_chunk_0_block_30, offset=0, len=100}
2023-07-14 19:26:52,755 [BlockDeletingService#0] INFO  impl.FilePerChunkStrategy (FilePerChunkStrategy.java:deleteChunk(322)) - Deleted chunk file /home/runner/work/ozone/ozone/hadoop-hdds/container-service/target/test-dir/TestBlockDeletingService/hdds/1542eb64-d50e-444c-ab23-aabf6e260bad/current/containerDir0/110714081117995008/chunks/110714081160396832_chunk_0_block_31 (size 100) for chunk ChunkInfo{chunkName='110714081160396832_chunk_0_block_31, offset=0, len=100}
2023-07-14 19:26:52,755 [BlockDeletingService#0] INFO  impl.FilePerChunkStrategy (FilePerChunkStrategy.java:deleteChunk(322)) - Deleted chunk file /home/runner/work/ozone/ozone/hadoop-hdds/container-service/target/test-dir/TestBlockDeletingService/hdds/1542eb64-d50e-444c-ab23-aabf6e260bad/current/containerDir0/110714081117995008/chunks/110714081160527905_chunk_0_block_32 (size 100) for chunk ChunkInfo{chunkName='110714081160527905_chunk_0_block_32, offset=0, len=100}
2023-07-14 19:26:52,756 [BlockDeletingService#0] INFO  impl.FilePerChunkStrategy (FilePerChunkStrategy.java:deleteChunk(322)) - Deleted chunk file /home/runner/work/ozone/ozone/hadoop-hdds/container-service/target/test-dir/TestBlockDeletingService/hdds/1542eb64-d50e-444c-ab23-aabf6e260bad/current/containerDir0/110714081117995008/chunks/110714081160593442_chunk_0_block_33 (size 100) for chunk ChunkInfo{chunkName='110714081160593442_chunk_0_block_33, offset=0, len=100}
2023-07-14 19:26:52,756 [BlockDeletingService#0] INFO  impl.FilePerChunkStrategy (FilePerChunkStrategy.java:deleteChunk(322)) - Deleted chunk file /home/runner/work/ozone/ozone/hadoop-hdds/container-service/target/test-dir/TestBlockDeletingService/hdds/1542eb64-d50e-444c-ab23-aabf6e260bad/current/containerDir0/110714081117995008/chunks/110714081160724515_chunk_0_block_34 (size 100) for chunk ChunkInfo{chunkName='110714081160724515_chunk_0_block_34, offset=0, len=100}
2023-07-14 19:26:52,757 [BlockDeletingService#0] INFO  impl.FilePerChunkStrategy (FilePerChunkStrategy.java:deleteChunk(322)) - Deleted chunk file /home/runner/work/ozone/ozone/hadoop-hdds/container-service/target/test-dir/TestBlockDeletingService/hdds/1542eb64-d50e-444c-ab23-aabf6e260bad/current/containerDir0/110714081117995008/chunks/110714081160790052_chunk_0_block_35 (size 100) for chunk ChunkInfo{chunkName='110714081160790052_chunk_0_block_35, offset=0, len=100}
2023-07-14 19:26:52,757 [BlockDeletingService#0] INFO  impl.FilePerChunkStrategy (FilePerChunkStrategy.java:deleteChunk(322)) - Deleted chunk file /home/runner/work/ozone/ozone/hadoop-hdds/container-service/target/test-dir/TestBlockDeletingService/hdds/1542eb64-d50e-444c-ab23-aabf6e260bad/current/containerDir0/110714081117995008/chunks/110714081160921125_chunk_0_block_36 (size 100) for chunk ChunkInfo{chunkName='110714081160921125_chunk_0_block_36, offset=0, len=100}
2023-07-14 19:26:52,758 [BlockDeletingService#0] INFO  impl.FilePerChunkStrategy (FilePerChunkStrategy.java:deleteChunk(322)) - Deleted chunk file /home/runner/work/ozone/ozone/hadoop-hdds/container-service/target/test-dir/TestBlockDeletingService/hdds/1542eb64-d50e-444c-ab23-aabf6e260bad/current/containerDir0/110714081117995008/chunks/110714081160986662_chunk_0_block_37 (size 100) for chunk ChunkInfo{chunkName='110714081160986662_chunk_0_block_37, offset=0, len=100}
2023-07-14 19:26:52,758 [BlockDeletingService#0] INFO  impl.FilePerChunkStrategy (FilePerChunkStrategy.java:deleteChunk(322)) - Deleted chunk file /home/runner/work/ozone/ozone/hadoop-hdds/container-service/target/test-dir/TestBlockDeletingService/hdds/1542eb64-d50e-444c-ab23-aabf6e260bad/current/containerDir0/110714081117995008/chunks/110714081161052199_chunk_0_block_38 (size 100) for chunk ChunkInfo{chunkName='110714081161052199_chunk_0_block_38, offset=0, len=100}
2023-07-14 19:26:52,761 [BlockDeletingService#0] INFO  impl.FilePerChunkStrategy (FilePerChunkStrategy.java:deleteChunk(322)) - Deleted chunk file /home/runner/work/ozone/ozone/hadoop-hdds/container-service/target/test-dir/TestBlockDeletingService/hdds/1542eb64-d50e-444c-ab23-aabf6e260bad/current/containerDir0/110714081117995008/chunks/110714081161183272_chunk_0_block_39 (size 100) for chunk ChunkInfo{chunkName='110714081161183272_chunk_0_block_39, offset=0, len=100}
2023-07-14 19:26:52,762 [BlockDeletingService#0] INFO  impl.FilePerChunkStrategy (FilePerChunkStrategy.java:deleteChunk(322)) - Deleted chunk file /home/runner/work/ozone/ozone/hadoop-hdds/container-service/target/test-dir/TestBlockDeletingService/hdds/1542eb64-d50e-444c-ab23-aabf6e260bad/current/containerDir0/110714081117995008/chunks/110714081161314345_chunk_0_block_40 (size 100) for chunk ChunkInfo{chunkName='110714081161314345_chunk_0_block_40, offset=0, len=100}
2023-07-14 19:26:52,764 [BlockDeletingService#0] INFO  impl.FilePerChunkStrategy (FilePerChunkStrategy.java:deleteChunk(322)) - Deleted chunk file /home/runner/work/ozone/ozone/hadoop-hdds/container-service/target/test-dir/TestBlockDeletingService/hdds/1542eb64-d50e-444c-ab23-aabf6e260bad/current/containerDir0/110714081117995008/chunks/110714081161379882_chunk_0_block_41 (size 100) for chunk ChunkInfo{chunkName='110714081161379882_chunk_0_block_41, offset=0, len=100}
2023-07-14 19:26:52,768 [BlockDeletingService#0] INFO  impl.FilePerChunkStrategy (FilePerChunkStrategy.java:deleteChunk(322)) - Deleted chunk file /home/runner/work/ozone/ozone/hadoop-hdds/container-service/target/test-dir/TestBlockDeletingService/hdds/1542eb64-d50e-444c-ab23-aabf6e260bad/current/containerDir0/110714081117995008/chunks/110714081161510955_chunk_0_block_42 (size 100) for chunk ChunkInfo{chunkName='110714081161510955_chunk_0_block_42, offset=0, len=100}
2023-07-14 19:26:52,769 [BlockDeletingService#0] INFO  impl.FilePerChunkStrategy (FilePerChunkStrategy.java:deleteChunk(322)) - Deleted chunk file /home/runner/work/ozone/ozone/hadoop-hdds/container-service/target/test-dir/TestBlockDeletingService/hdds/1542eb64-d50e-444c-ab23-aabf6e260bad/current/containerDir0/110714081117995008/chunks/110714081161576492_chunk_0_block_43 (size 100) for chunk ChunkInfo{chunkName='110714081161576492_chunk_0_block_43, offset=0, len=100}
2023-07-14 19:26:52,769 [BlockDeletingService#0] INFO  impl.FilePerChunkStrategy (FilePerChunkStrategy.java:deleteChunk(322)) - Deleted chunk file /home/runner/work/ozone/ozone/hadoop-hdds/container-service/target/test-dir/TestBlockDeletingService/hdds/1542eb64-d50e-444c-ab23-aabf6e260bad/current/containerDir0/110714081117995008/chunks/110714081161707565_chunk_0_block_44 (size 100) for chunk ChunkInfo{chunkName='110714081161707565_chunk_0_block_44, offset=0, len=100}
2023-07-14 19:26:52,770 [BlockDeletingService#0] INFO  impl.FilePerChunkStrategy (FilePerChunkStrategy.java:deleteChunk(322)) - Deleted chunk file /home/runner/work/ozone/ozone/hadoop-hdds/container-service/target/test-dir/TestBlockDeletingService/hdds/1542eb64-d50e-444c-ab23-aabf6e260bad/current/containerDir0/110714081117995008/chunks/110714081161773102_chunk_0_block_45 (size 100) for chunk ChunkInfo{chunkName='110714081161773102_chunk_0_block_45, offset=0, len=100}
2023-07-14 19:26:52,770 [BlockDeletingService#0] INFO  impl.FilePerChunkStrategy (FilePerChunkStrategy.java:deleteChunk(322)) - Deleted chunk file /home/runner/work/ozone/ozone/hadoop-hdds/container-service/target/test-dir/TestBlockDeletingService/hdds/1542eb64-d50e-444c-ab23-aabf6e260bad/current/containerDir0/110714081117995008/chunks/110714081161838639_chunk_0_block_46 (size 100) for chunk ChunkInfo{chunkName='110714081161838639_chunk_0_block_46, offset=0, len=100}
2023-07-14 19:26:52,771 [BlockDeletingService#0] INFO  impl.FilePerChunkStrategy (FilePerChunkStrategy.java:deleteChunk(322)) - Deleted chunk file /home/runner/work/ozone/ozone/hadoop-hdds/container-service/target/test-dir/TestBlockDeletingService/hdds/1542eb64-d50e-444c-ab23-aabf6e260bad/current/containerDir0/110714081117995008/chunks/110714081161969712_chunk_0_block_47 (size 100) for chunk ChunkInfo{chunkName='110714081161969712_chunk_0_block_47, offset=0, len=100}
2023-07-14 19:26:52,771 [BlockDeletingService#0] INFO  impl.FilePerChunkStrategy (FilePerChunkStrategy.java:deleteChunk(322)) - Deleted chunk file /home/runner/work/ozone/ozone/hadoop-hdds/container-service/target/test-dir/TestBlockDeletingService/hdds/1542eb64-d50e-444c-ab23-aabf6e260bad/current/containerDir0/110714081117995008/chunks/110714081162035249_chunk_0_block_48 (size 100) for chunk ChunkInfo{chunkName='110714081162035249_chunk_0_block_48, offset=0, len=100}
2023-07-14 19:26:52,772 [BlockDeletingService#0] INFO  impl.FilePerChunkStrategy (FilePerChunkStrategy.java:deleteChunk(322)) - Deleted chunk file /home/runner/work/ozone/ozone/hadoop-hdds/container-service/target/test-dir/TestBlockDeletingService/hdds/1542eb64-d50e-444c-ab23-aabf6e260bad/current/containerDir0/110714081117995008/chunks/110714081162166322_chunk_0_block_49 (size 100) for chunk ChunkInfo{chunkName='110714081162166322_chunk_0_block_49, offset=0, len=100}
2023-07-14 19:26:52,772 [BlockDeletingService#0] INFO  impl.FilePerChunkStrategy (FilePerChunkStrategy.java:deleteChunk(322)) - Deleted chunk file /home/runner/work/ozone/ozone/hadoop-hdds/container-service/target/test-dir/TestBlockDeletingService/hdds/1542eb64-d50e-444c-ab23-aabf6e260bad/current/containerDir0/110714081117995008/chunks/110714081162559539_chunk_0_block_50 (size 100) for chunk ChunkInfo{chunkName='110714081162559539_chunk_0_block_50, offset=0, len=100}
2023-07-14 19:26:52,773 [BlockDeletingService#0] INFO  impl.FilePerChunkStrategy (FilePerChunkStrategy.java:deleteChunk(322)) - Deleted chunk file /home/runner/work/ozone/ozone/hadoop-hdds/container-service/target/test-dir/TestBlockDeletingService/hdds/1542eb64-d50e-444c-ab23-aabf6e260bad/current/containerDir0/110714081117995008/chunks/110714081162625076_chunk_0_block_51 (size 100) for chunk ChunkInfo{chunkName='110714081162625076_chunk_0_block_51, offset=0, len=100}
2023-07-14 19:26:52,773 [BlockDeletingService#0] INFO  impl.FilePerChunkStrategy (FilePerChunkStrategy.java:deleteChunk(322)) - Deleted chunk file /home/runner/work/ozone/ozone/hadoop-hdds/container-service/target/test-dir/TestBlockDeletingService/hdds/1542eb64-d50e-444c-ab23-aabf6e260bad/current/containerDir0/110714081117995008/chunks/110714081162821685_chunk_0_block_52 (size 100) for chunk ChunkInfo{chunkName='110714081162821685_chunk_0_block_52, offset=0, len=100}
2023-07-14 19:26:52,774 [BlockDeletingService#0] INFO  impl.FilePerChunkStrategy (FilePerChunkStrategy.java:deleteChunk(322)) - Deleted chunk file /home/runner/work/ozone/ozone/hadoop-hdds/container-service/target/test-dir/TestBlockDeletingService/hdds/1542eb64-d50e-444c-ab23-aabf6e260bad/current/containerDir0/110714081117995008/chunks/110714081162887222_chunk_0_block_53 (size 100) for chunk ChunkInfo{chunkName='110714081162887222_chunk_0_block_53, offset=0, len=100}
2023-07-14 19:26:52,774 [BlockDeletingService#0] INFO  impl.FilePerChunkStrategy (FilePerChunkStrategy.java:deleteChunk(322)) - Deleted chunk file /home/runner/work/ozone/ozone/hadoop-hdds/container-service/target/test-dir/TestBlockDeletingService/hdds/1542eb64-d50e-444c-ab23-aabf6e260bad/current/containerDir0/110714081117995008/chunks/110714081162952759_chunk_0_block_54 (size 100) for chunk ChunkInfo{chunkName='110714081162952759_chunk_0_block_54, offset=0, len=100}
2023-07-14 19:26:52,782 [BlockDeletingService#0] INFO  impl.FilePerChunkStrategy (FilePerChunkStrategy.java:deleteChunk(322)) - Deleted chunk file /home/runner/work/ozone/ozone/hadoop-hdds/container-service/target/test-dir/TestBlockDeletingService/hdds/1542eb64-d50e-444c-ab23-aabf6e260bad/current/containerDir0/110714081117995008/chunks/110714081163149368_chunk_0_block_55 (size 100) for chunk ChunkInfo{chunkName='110714081163149368_chunk_0_block_55, offset=0, len=100}
2023-07-14 19:26:52,782 [BlockDeletingService#0] INFO  impl.FilePerChunkStrategy (FilePerChunkStrategy.java:deleteChunk(322)) - Deleted chunk file /home/runner/work/ozone/ozone/hadoop-hdds/container-service/target/test-dir/TestBlockDeletingService/hdds/1542eb64-d50e-444c-ab23-aabf6e260bad/current/containerDir0/110714081117995008/chunks/110714081163214905_chunk_0_block_56 (size 100) for chunk ChunkInfo{chunkName='110714081163214905_chunk_0_block_56, offset=0, len=100}
2023-07-14 19:26:52,785 [BlockDeletingService#0] INFO  impl.FilePerChunkStrategy (FilePerChunkStrategy.java:deleteChunk(322)) - Deleted chunk file /home/runner/work/ozone/ozone/hadoop-hdds/container-service/target/test-dir/TestBlockDeletingService/hdds/1542eb64-d50e-444c-ab23-aabf6e260bad/current/containerDir0/110714081117995008/chunks/110714081163345978_chunk_0_block_57 (size 100) for chunk ChunkInfo{chunkName='110714081163345978_chunk_0_block_57, offset=0, len=100}
2023-07-14 19:26:52,785 [BlockDeletingService#0] INFO  impl.FilePerChunkStrategy (FilePerChunkStrategy.java:deleteChunk(322)) - Deleted chunk file /home/runner/work/ozone/ozone/hadoop-hdds/container-service/target/test-dir/TestBlockDeletingService/hdds/1542eb64-d50e-444c-ab23-aabf6e260bad/current/containerDir0/110714081117995008/chunks/110714081163411515_chunk_0_block_58 (size 100) for chunk ChunkInfo{chunkName='110714081163411515_chunk_0_block_58, offset=0, len=100}
2023-07-14 19:26:52,786 [BlockDeletingService#0] INFO  impl.FilePerChunkStrategy (FilePerChunkStrategy.java:deleteChunk(322)) - Deleted chunk file /home/runner/work/ozone/ozone/hadoop-hdds/container-service/target/test-dir/TestBlockDeletingService/hdds/1542eb64-d50e-444c-ab23-aabf6e260bad/current/containerDir0/110714081117995008/chunks/110714081163608124_chunk_0_block_59 (size 100) for chunk ChunkInfo{chunkName='110714081163608124_chunk_0_block_59, offset=0, len=100}
2023-07-14 19:26:52,786 [BlockDeletingService#0] INFO  impl.FilePerChunkStrategy (FilePerChunkStrategy.java:deleteChunk(322)) - Deleted chunk file /home/runner/work/ozone/ozone/hadoop-hdds/container-service/target/test-dir/TestBlockDeletingService/hdds/1542eb64-d50e-444c-ab23-aabf6e260bad/current/containerDir0/110714081117995008/chunks/110714081163870269_chunk_0_block_60 (size 100) for chunk ChunkInfo{chunkName='110714081163870269_chunk_0_block_60, offset=0, len=100}
2023-07-14 19:26:52,787 [BlockDeletingService#0] INFO  impl.FilePerChunkStrategy (FilePerChunkStrategy.java:deleteChunk(322)) - Deleted chunk file /home/runner/work/ozone/ozone/hadoop-hdds/container-service/target/test-dir/TestBlockDeletingService/hdds/1542eb64-d50e-444c-ab23-aabf6e260bad/current/containerDir0/110714081117995008/chunks/110714081164001342_chunk_0_block_61 (size 100) for chunk ChunkInfo{chunkName='110714081164001342_chunk_0_block_61, offset=0, len=100}
2023-07-14 19:26:52,787 [BlockDeletingService#0] INFO  impl.FilePerChunkStrategy (FilePerChunkStrategy.java:deleteChunk(322)) - Deleted chunk file /home/runner/work/ozone/ozone/hadoop-hdds/container-service/target/test-dir/TestBlockDeletingService/hdds/1542eb64-d50e-444c-ab23-aabf6e260bad/current/containerDir0/110714081117995008/chunks/110714081164329023_chunk_0_block_62 (size 100) for chunk ChunkInfo{chunkName='110714081164329023_chunk_0_block_62, offset=0, len=100}
2023-07-14 19:26:52,787 [BlockDeletingService#0] INFO  impl.FilePerChunkStrategy (FilePerChunkStrategy.java:deleteChunk(322)) - Deleted chunk file /home/runner/work/ozone/ozone/hadoop-hdds/container-service/target/test-dir/TestBlockDeletingService/hdds/1542eb64-d50e-444c-ab23-aabf6e260bad/current/containerDir0/110714081117995008/chunks/110714081164394560_chunk_0_block_63 (size 100) for chunk ChunkInfo{chunkName='110714081164394560_chunk_0_block_63, offset=0, len=100}
2023-07-14 19:26:52,788 [BlockDeletingService#0] INFO  impl.FilePerChunkStrategy (FilePerChunkStrategy.java:deleteChunk(322)) - Deleted chunk file /home/runner/work/ozone/ozone/hadoop-hdds/container-service/target/test-dir/TestBlockDeletingService/hdds/1542eb64-d50e-444c-ab23-aabf6e260bad/current/containerDir0/110714081117995008/chunks/110714081164525633_chunk_0_block_64 (size 100) for chunk ChunkInfo{chunkName='110714081164525633_chunk_0_block_64, offset=0, len=100}
2023-07-14 19:26:52,788 [BlockDeletingService#0] INFO  impl.FilePerChunkStrategy (FilePerChunkStrategy.java:deleteChunk(322)) - Deleted chunk file /home/runner/work/ozone/ozone/hadoop-hdds/container-service/target/test-dir/TestBlockDeletingService/hdds/1542eb64-d50e-444c-ab23-aabf6e260bad/current/containerDir0/110714081117995008/chunks/110714081164591170_chunk_0_block_65 (size 100) for chunk ChunkInfo{chunkName='110714081164591170_chunk_0_block_65, offset=0, len=100}
2023-07-14 19:26:52,789 [BlockDeletingService#0] INFO  impl.FilePerChunkStrategy (FilePerChunkStrategy.java:deleteChunk(322)) - Deleted chunk file /home/runner/work/ozone/ozone/hadoop-hdds/container-service/target/test-dir/TestBlockDeletingService/hdds/1542eb64-d50e-444c-ab23-aabf6e260bad/current/containerDir0/110714081117995008/chunks/110714081164918851_chunk_0_block_66 (size 100) for chunk ChunkInfo{chunkName='110714081164918851_chunk_0_block_66, offset=0, len=100}
2023-07-14 19:26:52,789 [BlockDeletingService#0] INFO  impl.FilePerChunkStrategy (FilePerChunkStrategy.java:deleteChunk(322)) - Deleted chunk file /home/runner/work/ozone/ozone/hadoop-hdds/container-service/target/test-dir/TestBlockDeletingService/hdds/1542eb64-d50e-444c-ab23-aabf6e260bad/current/containerDir0/110714081117995008/chunks/110714081165049924_chunk_0_block_67 (size 100) for chunk ChunkInfo{chunkName='110714081165049924_chunk_0_block_67, offset=0, len=100}
2023-07-14 19:26:52,790 [BlockDeletingService#0] INFO  impl.FilePerChunkStrategy (FilePerChunkStrategy.java:deleteChunk(322)) - Deleted chunk file /home/runner/work/ozone/ozone/hadoop-hdds/container-service/target/test-dir/TestBlockDeletingService/hdds/1542eb64-d50e-444c-ab23-aabf6e260bad/current/containerDir0/110714081117995008/chunks/110714081165377605_chunk_0_block_68 (size 100) for chunk ChunkInfo{chunkName='110714081165377605_chunk_0_block_68, offset=0, len=100}
2023-07-14 19:26:52,795 [BlockDeletingService#0] INFO  impl.FilePerChunkStrategy (FilePerChunkStrategy.java:deleteChunk(322)) - Deleted chunk file /home/runner/work/ozone/ozone/hadoop-hdds/container-service/target/test-dir/TestBlockDeletingService/hdds/1542eb64-d50e-444c-ab23-aabf6e260bad/current/containerDir0/110714081117995008/chunks/110714081165508678_chunk_0_block_69 (size 100) for chunk ChunkInfo{chunkName='110714081165508678_chunk_0_block_69, offset=0, len=100}
2023-07-14 19:26:52,795 [BlockDeletingService#0] INFO  impl.FilePerChunkStrategy (FilePerChunkStrategy.java:deleteChunk(322)) - Deleted chunk file /home/runner/work/ozone/ozone/hadoop-hdds/container-service/target/test-dir/TestBlockDeletingService/hdds/1542eb64-d50e-444c-ab23-aabf6e260bad/current/containerDir0/110714081117995008/chunks/110714081165574215_chunk_0_block_70 (size 100) for chunk ChunkInfo{chunkName='110714081165574215_chunk_0_block_70, offset=0, len=100}
2023-07-14 19:26:52,796 [BlockDeletingService#0] INFO  impl.FilePerChunkStrategy (FilePerChunkStrategy.java:deleteChunk(322)) - Deleted chunk file /home/runner/work/ozone/ozone/hadoop-hdds/container-service/target/test-dir/TestBlockDeletingService/hdds/1542eb64-d50e-444c-ab23-aabf6e260bad/current/containerDir0/110714081117995008/chunks/110714081165705288_chunk_0_block_71 (size 100) for chunk ChunkInfo{chunkName='110714081165705288_chunk_0_block_71, offset=0, len=100}
2023-07-14 19:26:52,796 [BlockDeletingService#0] INFO  impl.FilePerChunkStrategy (FilePerChunkStrategy.java:deleteChunk(322)) - Deleted chunk file /home/runner/work/ozone/ozone/hadoop-hdds/container-service/target/test-dir/TestBlockDeletingService/hdds/1542eb64-d50e-444c-ab23-aabf6e260bad/current/containerDir0/110714081117995008/chunks/110714081165770825_chunk_0_block_72 (size 100) for chunk ChunkInfo{chunkName='110714081165770825_chunk_0_block_72, offset=0, len=100}
2023-07-14 19:26:52,797 [BlockDeletingService#0] INFO  impl.FilePerChunkStrategy (FilePerChunkStrategy.java:deleteChunk(322)) - Deleted chunk file /home/runner/work/ozone/ozone/hadoop-hdds/container-service/target/test-dir/TestBlockDeletingService/hdds/1542eb64-d50e-444c-ab23-aabf6e260bad/current/containerDir0/110714081117995008/chunks/110714081165901898_chunk_0_block_73 (size 100) for chunk ChunkInfo{chunkName='110714081165901898_chunk_0_block_73, offset=0, len=100}
2023-07-14 19:26:52,799 [BlockDeletingService#0] INFO  impl.FilePerChunkStrategy (FilePerChunkStrategy.java:deleteChunk(322)) - Deleted chunk file /home/runner/work/ozone/ozone/hadoop-hdds/container-service/target/test-dir/TestBlockDeletingService/hdds/1542eb64-d50e-444c-ab23-aabf6e260bad/current/containerDir0/110714081117995008/chunks/110714081166032971_chunk_0_block_74 (size 100) for chunk ChunkInfo{chunkName='110714081166032971_chunk_0_block_74, offset=0, len=100}
2023-07-14 19:26:52,801 [BlockDeletingService#0] INFO  impl.FilePerChunkStrategy (FilePerChunkStrategy.java:deleteChunk(322)) - Deleted chunk file /home/runner/work/ozone/ozone/hadoop-hdds/container-service/target/test-dir/TestBlockDeletingService/hdds/1542eb64-d50e-444c-ab23-aabf6e260bad/current/containerDir0/110714081117995008/chunks/110714081166098508_chunk_0_block_75 (size 100) for chunk ChunkInfo{chunkName='110714081166098508_chunk_0_block_75, offset=0, len=100}
2023-07-14 19:26:52,801 [BlockDeletingService#0] INFO  impl.FilePerChunkStrategy (FilePerChunkStrategy.java:deleteChunk(322)) - Deleted chunk file /home/runner/work/ozone/ozone/hadoop-hdds/container-service/target/test-dir/TestBlockDeletingService/hdds/1542eb64-d50e-444c-ab23-aabf6e260bad/current/containerDir0/110714081117995008/chunks/110714081166229581_chunk_0_block_76 (size 100) for chunk ChunkInfo{chunkName='110714081166229581_chunk_0_block_76, offset=0, len=100}
2023-07-14 19:26:52,803 [BlockDeletingService#0] INFO  impl.FilePerChunkStrategy (FilePerChunkStrategy.java:deleteChunk(322)) - Deleted chunk file /home/runner/work/ozone/ozone/hadoop-hdds/container-service/target/test-dir/TestBlockDeletingService/hdds/1542eb64-d50e-444c-ab23-aabf6e260bad/current/containerDir0/110714081117995008/chunks/110714081166295118_chunk_0_block_77 (size 100) for chunk ChunkInfo{chunkName='110714081166295118_chunk_0_block_77, offset=0, len=100}
2023-07-14 19:26:52,805 [BlockDeletingService#0] INFO  impl.FilePerChunkStrategy (FilePerChunkStrategy.java:deleteChunk(322)) - Deleted chunk file /home/runner/work/ozone/ozone/hadoop-hdds/container-service/target/test-dir/TestBlockDeletingService/hdds/1542eb64-d50e-444c-ab23-aabf6e260bad/current/containerDir0/110714081117995008/chunks/110714081166426191_chunk_0_block_78 (size 100) for chunk ChunkInfo{chunkName='110714081166426191_chunk_0_block_78, offset=0, len=100}
2023-07-14 19:26:52,807 [BlockDeletingService#0] INFO  impl.FilePerChunkStrategy (FilePerChunkStrategy.java:deleteChunk(322)) - Deleted chunk file /home/runner/work/ozone/ozone/hadoop-hdds/container-service/target/test-dir/TestBlockDeletingService/hdds/1542eb64-d50e-444c-ab23-aabf6e260bad/current/containerDir0/110714081117995008/chunks/110714081166491728_chunk_0_block_79 (size 100) for chunk ChunkInfo{chunkName='110714081166491728_chunk_0_block_79, offset=0, len=100}
2023-07-14 19:26:52,808 [BlockDeletingService#0] INFO  impl.FilePerChunkStrategy (FilePerChunkStrategy.java:deleteChunk(322)) - Deleted chunk file /home/runner/work/ozone/ozone/hadoop-hdds/container-service/target/test-dir/TestBlockDeletingService/hdds/1542eb64-d50e-444c-ab23-aabf6e260bad/current/containerDir0/110714081117995008/chunks/110714081166622801_chunk_0_block_80 (size 100) for chunk ChunkInfo{chunkName='110714081166622801_chunk_0_block_80, offset=0, len=100}
2023-07-14 19:26:52,810 [BlockDeletingService#0] INFO  impl.FilePerChunkStrategy (FilePerChunkStrategy.java:deleteChunk(322)) - Deleted chunk file /home/runner/work/ozone/ozone/hadoop-hdds/container-service/target/test-dir/TestBlockDeletingService/hdds/1542eb64-d50e-444c-ab23-aabf6e260bad/current/containerDir0/110714081117995008/chunks/110714081166688338_chunk_0_block_81 (size 100) for chunk ChunkInfo{chunkName='110714081166688338_chunk_0_block_81, offset=0, len=100}
2023-07-14 19:26:52,810 [BlockDeletingService#0] INFO  impl.FilePerChunkStrategy (FilePerChunkStrategy.java:deleteChunk(322)) - Deleted chunk file /home/runner/work/ozone/ozone/hadoop-hdds/container-service/target/test-dir/TestBlockDeletingService/hdds/1542eb64-d50e-444c-ab23-aabf6e260bad/current/containerDir0/110714081117995008/chunks/110714081166819411_chunk_0_block_82 (size 100) for chunk ChunkInfo{chunkName='110714081166819411_chunk_0_block_82, offset=0, len=100}
2023-07-14 19:26:52,811 [BlockDeletingService#0] INFO  impl.FilePerChunkStrategy (FilePerChunkStrategy.java:deleteChunk(322)) - Deleted chunk file /home/runner/work/ozone/ozone/hadoop-hdds/container-service/target/test-dir/TestBlockDeletingService/hdds/1542eb64-d50e-444c-ab23-aabf6e260bad/current/containerDir0/110714081117995008/chunks/110714081166950484_chunk_0_block_83 (size 100) for chunk ChunkInfo{chunkName='110714081166950484_chunk_0_block_83, offset=0, len=100}
2023-07-14 19:26:52,812 [BlockDeletingService#0] INFO  impl.FilePerChunkStrategy (FilePerChunkStrategy.java:deleteChunk(322)) - Deleted chunk file /home/runner/work/ozone/ozone/hadoop-hdds/container-service/target/test-dir/TestBlockDeletingService/hdds/1542eb64-d50e-444c-ab23-aabf6e260bad/current/containerDir0/110714081117995008/chunks/110714081167016021_chunk_0_block_84 (size 100) for chunk ChunkInfo{chunkName='110714081167016021_chunk_0_block_84, offset=0, len=100}
2023-07-14 19:26:52,815 [BlockDeletingService#0] INFO  impl.FilePerChunkStrategy (FilePerChunkStrategy.java:deleteChunk(322)) - Deleted chunk file /home/runner/work/ozone/ozone/hadoop-hdds/container-service/target/test-dir/TestBlockDeletingService/hdds/1542eb64-d50e-444c-ab23-aabf6e260bad/current/containerDir0/110714081117995008/chunks/110714081167147094_chunk_0_block_85 (size 100) for chunk ChunkInfo{chunkName='110714081167147094_chunk_0_block_85, offset=0, len=100}
2023-07-14 19:26:52,815 [BlockDeletingService#0] INFO  impl.FilePerChunkStrategy (FilePerChunkStrategy.java:deleteChunk(322)) - Deleted chunk file /home/runner/work/ozone/ozone/hadoop-hdds/container-service/target/test-dir/TestBlockDeletingService/hdds/1542eb64-d50e-444c-ab23-aabf6e260bad/current/containerDir0/110714081117995008/chunks/110714081167474775_chunk_0_block_86 (size 100) for chunk ChunkInfo{chunkName='110714081167474775_chunk_0_block_86, offset=0, len=100}
2023-07-14 19:26:52,816 [BlockDeletingService#0] INFO  impl.FilePerChunkStrategy (FilePerChunkStrategy.java:deleteChunk(322)) - Deleted chunk file /home/runner/work/ozone/ozone/hadoop-hdds/container-service/target/test-dir/TestBlockDeletingService/hdds/1542eb64-d50e-444c-ab23-aabf6e260bad/current/containerDir0/110714081117995008/chunks/110714081167540312_chunk_0_block_87 (size 100) for chunk ChunkInfo{chunkName='110714081167540312_chunk_0_block_87, offset=0, len=100}
2023-07-14 19:26:52,816 [BlockDeletingService#0] INFO  impl.FilePerChunkStrategy (FilePerChunkStrategy.java:deleteChunk(322)) - Deleted chunk file /home/runner/work/ozone/ozone/hadoop-hdds/container-service/target/test-dir/TestBlockDeletingService/hdds/1542eb64-d50e-444c-ab23-aabf6e260bad/current/containerDir0/110714081117995008/chunks/110714081167671385_chunk_0_block_88 (size 100) for chunk ChunkInfo{chunkName='110714081167671385_chunk_0_block_88, offset=0, len=100}
2023-07-14 19:26:52,817 [BlockDeletingService#0] INFO  impl.FilePerChunkStrategy (FilePerChunkStrategy.java:deleteChunk(322)) - Deleted chunk file /home/runner/work/ozone/ozone/hadoop-hdds/container-service/target/test-dir/TestBlockDeletingService/hdds/1542eb64-d50e-444c-ab23-aabf6e260bad/current/containerDir0/110714081117995008/chunks/110714081167736922_chunk_0_block_89 (size 100) for chunk ChunkInfo{chunkName='110714081167736922_chunk_0_block_89, offset=0, len=100}
2023-07-14 19:26:52,817 [BlockDeletingService#0] INFO  impl.FilePerChunkStrategy (FilePerChunkStrategy.java:deleteChunk(322)) - Deleted chunk file /home/runner/work/ozone/ozone/hadoop-hdds/container-service/target/test-dir/TestBlockDeletingService/hdds/1542eb64-d50e-444c-ab23-aabf6e260bad/current/containerDir0/110714081117995008/chunks/110714081168064603_chunk_0_block_90 (size 100) for chunk ChunkInfo{chunkName='110714081168064603_chunk_0_block_90, offset=0, len=100}
2023-07-14 19:26:52,817 [BlockDeletingService#0] INFO  impl.FilePerChunkStrategy (FilePerChunkStrategy.java:deleteChunk(322)) - Deleted chunk file /home/runner/work/ozone/ozone/hadoop-hdds/container-service/target/test-dir/TestBlockDeletingService/hdds/1542eb64-d50e-444c-ab23-aabf6e260bad/current/containerDir0/110714081117995008/chunks/110714081168130140_chunk_0_block_91 (size 100) for chunk ChunkInfo{chunkName='110714081168130140_chunk_0_block_91, offset=0, len=100}
2023-07-14 19:26:52,818 [BlockDeletingService#0] INFO  impl.FilePerChunkStrategy (FilePerChunkStrategy.java:deleteChunk(322)) - Deleted chunk file /home/runner/work/ozone/ozone/hadoop-hdds/container-service/target/test-dir/TestBlockDeletingService/hdds/1542eb64-d50e-444c-ab23-aabf6e260bad/current/containerDir0/110714081117995008/chunks/110714081168261213_chunk_0_block_92 (size 100) for chunk ChunkInfo{chunkName='110714081168261213_chunk_0_block_92, offset=0, len=100}
2023-07-14 19:26:52,821 [BlockDeletingService#0] INFO  impl.FilePerChunkStrategy (FilePerChunkStrategy.java:deleteChunk(322)) - Deleted chunk file /home/runner/work/ozone/ozone/hadoop-hdds/container-service/target/test-dir/TestBlockDeletingService/hdds/1542eb64-d50e-444c-ab23-aabf6e260bad/current/containerDir0/110714081117995008/chunks/110714081168326750_chunk_0_block_93 (size 100) for chunk ChunkInfo{chunkName='110714081168326750_chunk_0_block_93, offset=0, len=100}
2023-07-14 19:26:52,825 [BlockDeletingService#0] INFO  impl.FilePerChunkStrategy (FilePerChunkStrategy.java:deleteChunk(322)) - Deleted chunk file /home/runner/work/ozone/ozone/hadoop-hdds/container-service/target/test-dir/TestBlockDeletingService/hdds/1542eb64-d50e-444c-ab23-aabf6e260bad/current/containerDir0/110714081117995008/chunks/110714081168392287_chunk_0_block_94 (size 100) for chunk ChunkInfo{chunkName='110714081168392287_chunk_0_block_94, offset=0, len=100}
2023-07-14 19:26:52,825 [BlockDeletingService#0] INFO  impl.FilePerChunkStrategy (FilePerChunkStrategy.java:deleteChunk(322)) - Deleted chunk file /home/runner/work/ozone/ozone/hadoop-hdds/container-service/target/test-dir/TestBlockDeletingService/hdds/1542eb64-d50e-444c-ab23-aabf6e260bad/current/containerDir0/110714081117995008/chunks/110714081168523360_chunk_0_block_95 (size 100) for chunk ChunkInfo{chunkName='110714081168523360_chunk_0_block_95, offset=0, len=100}
2023-07-14 19:26:52,826 [BlockDeletingService#0] INFO  impl.FilePerChunkStrategy (FilePerChunkStrategy.java:deleteChunk(322)) - Deleted chunk file /home/runner/work/ozone/ozone/hadoop-hdds/container-service/target/test-dir/TestBlockDeletingService/hdds/1542eb64-d50e-444c-ab23-aabf6e260bad/current/containerDir0/110714081117995008/chunks/110714081168654433_chunk_0_block_96 (size 100) for chunk ChunkInfo{chunkName='110714081168654433_chunk_0_block_96, offset=0, len=100}
2023-07-14 19:26:52,826 [BlockDeletingService#0] INFO  impl.FilePerChunkStrategy (FilePerChunkStrategy.java:deleteChunk(322)) - Deleted chunk file /home/runner/work/ozone/ozone/hadoop-hdds/container-service/target/test-dir/TestBlockDeletingService/hdds/1542eb64-d50e-444c-ab23-aabf6e260bad/current/containerDir0/110714081117995008/chunks/110714081168982114_chunk_0_block_97 (size 100) for chunk ChunkInfo{chunkName='110714081168982114_chunk_0_block_97, offset=0, len=100}
2023-07-14 19:26:52,827 [BlockDeletingService#0] INFO  impl.FilePerChunkStrategy (FilePerChunkStrategy.java:deleteChunk(322)) - Deleted chunk file /home/runner/work/ozone/ozone/hadoop-hdds/container-service/target/test-dir/TestBlockDeletingService/hdds/1542eb64-d50e-444c-ab23-aabf6e260bad/current/containerDir0/110714081117995008/chunks/110714081169113187_chunk_0_block_98 (size 100) for chunk ChunkInfo{chunkName='110714081169113187_chunk_0_block_98, offset=0, len=100}
2023-07-14 19:26:52,827 [BlockDeletingService#0] INFO  impl.FilePerChunkStrategy (FilePerChunkStrategy.java:deleteChunk(322)) - Deleted chunk file /home/runner/work/ozone/ozone/hadoop-hdds/container-service/target/test-dir/TestBlockDeletingService/hdds/1542eb64-d50e-444c-ab23-aabf6e260bad/current/containerDir0/110714081117995008/chunks/110714081169244260_chunk_0_block_99 (size 100) for chunk ChunkInfo{chunkName='110714081169244260_chunk_0_block_99, offset=0, len=100}
2023-07-14 19:26:52,888 [BlockDeletingService#0] WARN  utils.BackgroundService (BackgroundService.java:lambda$run$0(130)) - BlockDeletingService Background task execution took 231279993ns > 0ns(timeout)
]]></system-out>
  </testcase>
  <testcase name="testShutdownService" classname="TestBlockDeletingService" time="0.474">
    <system-out><![CDATA[2023-07-14 19:26:55,759 [main] INFO  volume.HddsVolume (HddsVolume.java:<init>(126)) - Creating HddsVolume: /home/runner/work/ozone/ozone/hadoop-hdds/container-service/target/test-dir/TestBlockDeletingService/hdds of storage type : DISK capacity : 9223372036854775807
2023-07-14 19:26:55,761 [main] INFO  volume.MutableVolumeSet (MutableVolumeSet.java:initializeVolumeSet(175)) - Added Volume : /home/runner/work/ozone/ozone/hadoop-hdds/container-service/target/test-dir/TestBlockDeletingService/hdds to VolumeSet
2023-07-14 19:26:56,106 [BlockDeletingService#0] INFO  interfaces.ContainerDeletionChoosingPolicyTemplate (ContainerDeletionChoosingPolicyTemplate.java:chooseContainerForBlockDeletion(83)) - Chosen 100/4900 blocks from 1 candidate containers.
2023-07-14 19:26:56,111 [BlockDeletingService#0] INFO  impl.FilePerChunkStrategy (FilePerChunkStrategy.java:deleteChunk(322)) - Deleted chunk file /home/runner/work/ozone/ozone/hadoop-hdds/container-service/target/test-dir/TestBlockDeletingService/hdds/b91775dd-ded5-490f-b69e-024384ae06ce/current/containerDir128/110714081496858753/chunks/110714081500070018_chunk_0_block_0 (size 100) for chunk ChunkInfo{chunkName='110714081500070018_chunk_0_block_0, offset=0, len=100}
2023-07-14 19:26:56,111 [BlockDeletingService#0] INFO  impl.FilePerChunkStrategy (FilePerChunkStrategy.java:deleteChunk(322)) - Deleted chunk file /home/runner/work/ozone/ozone/hadoop-hdds/container-service/target/test-dir/TestBlockDeletingService/hdds/b91775dd-ded5-490f-b69e-024384ae06ce/current/containerDir128/110714081496858753/chunks/110714081500332163_chunk_0_block_1 (size 100) for chunk ChunkInfo{chunkName='110714081500332163_chunk_0_block_1, offset=0, len=100}
2023-07-14 19:26:56,111 [BlockDeletingService#0] INFO  impl.FilePerChunkStrategy (FilePerChunkStrategy.java:deleteChunk(322)) - Deleted chunk file /home/runner/work/ozone/ozone/hadoop-hdds/container-service/target/test-dir/TestBlockDeletingService/hdds/b91775dd-ded5-490f-b69e-024384ae06ce/current/containerDir128/110714081496858753/chunks/110714081500463236_chunk_0_block_2 (size 100) for chunk ChunkInfo{chunkName='110714081500463236_chunk_0_block_2, offset=0, len=100}
2023-07-14 19:26:56,112 [BlockDeletingService#0] INFO  impl.FilePerChunkStrategy (FilePerChunkStrategy.java:deleteChunk(322)) - Deleted chunk file /home/runner/work/ozone/ozone/hadoop-hdds/container-service/target/test-dir/TestBlockDeletingService/hdds/b91775dd-ded5-490f-b69e-024384ae06ce/current/containerDir128/110714081496858753/chunks/110714081500594309_chunk_0_block_3 (size 100) for chunk ChunkInfo{chunkName='110714081500594309_chunk_0_block_3, offset=0, len=100}
2023-07-14 19:26:56,112 [BlockDeletingService#0] INFO  impl.FilePerChunkStrategy (FilePerChunkStrategy.java:deleteChunk(322)) - Deleted chunk file /home/runner/work/ozone/ozone/hadoop-hdds/container-service/target/test-dir/TestBlockDeletingService/hdds/b91775dd-ded5-490f-b69e-024384ae06ce/current/containerDir128/110714081496858753/chunks/110714081500725382_chunk_0_block_4 (size 100) for chunk ChunkInfo{chunkName='110714081500725382_chunk_0_block_4, offset=0, len=100}
2023-07-14 19:26:56,112 [BlockDeletingService#0] INFO  impl.FilePerChunkStrategy (FilePerChunkStrategy.java:deleteChunk(322)) - Deleted chunk file /home/runner/work/ozone/ozone/hadoop-hdds/container-service/target/test-dir/TestBlockDeletingService/hdds/b91775dd-ded5-490f-b69e-024384ae06ce/current/containerDir128/110714081496858753/chunks/110714081500856455_chunk_0_block_5 (size 100) for chunk ChunkInfo{chunkName='110714081500856455_chunk_0_block_5, offset=0, len=100}
2023-07-14 19:26:56,113 [BlockDeletingService#0] INFO  impl.FilePerChunkStrategy (FilePerChunkStrategy.java:deleteChunk(322)) - Deleted chunk file /home/runner/work/ozone/ozone/hadoop-hdds/container-service/target/test-dir/TestBlockDeletingService/hdds/b91775dd-ded5-490f-b69e-024384ae06ce/current/containerDir128/110714081496858753/chunks/110714081501184136_chunk_0_block_6 (size 100) for chunk ChunkInfo{chunkName='110714081501184136_chunk_0_block_6, offset=0, len=100}
2023-07-14 19:26:56,113 [BlockDeletingService#0] INFO  impl.FilePerChunkStrategy (FilePerChunkStrategy.java:deleteChunk(322)) - Deleted chunk file /home/runner/work/ozone/ozone/hadoop-hdds/container-service/target/test-dir/TestBlockDeletingService/hdds/b91775dd-ded5-490f-b69e-024384ae06ce/current/containerDir128/110714081496858753/chunks/110714081501315209_chunk_0_block_7 (size 100) for chunk ChunkInfo{chunkName='110714081501315209_chunk_0_block_7, offset=0, len=100}
2023-07-14 19:26:56,113 [BlockDeletingService#0] INFO  impl.FilePerChunkStrategy (FilePerChunkStrategy.java:deleteChunk(322)) - Deleted chunk file /home/runner/work/ozone/ozone/hadoop-hdds/container-service/target/test-dir/TestBlockDeletingService/hdds/b91775dd-ded5-490f-b69e-024384ae06ce/current/containerDir128/110714081496858753/chunks/110714081501380746_chunk_0_block_8 (size 100) for chunk ChunkInfo{chunkName='110714081501380746_chunk_0_block_8, offset=0, len=100}
2023-07-14 19:26:56,114 [BlockDeletingService#0] INFO  impl.FilePerChunkStrategy (FilePerChunkStrategy.java:deleteChunk(322)) - Deleted chunk file /home/runner/work/ozone/ozone/hadoop-hdds/container-service/target/test-dir/TestBlockDeletingService/hdds/b91775dd-ded5-490f-b69e-024384ae06ce/current/containerDir128/110714081496858753/chunks/110714081501446283_chunk_0_block_9 (size 100) for chunk ChunkInfo{chunkName='110714081501446283_chunk_0_block_9, offset=0, len=100}
2023-07-14 19:26:56,114 [BlockDeletingService#0] INFO  impl.FilePerChunkStrategy (FilePerChunkStrategy.java:deleteChunk(322)) - Deleted chunk file /home/runner/work/ozone/ozone/hadoop-hdds/container-service/target/test-dir/TestBlockDeletingService/hdds/b91775dd-ded5-490f-b69e-024384ae06ce/current/containerDir128/110714081496858753/chunks/110714081501577356_chunk_0_block_10 (size 100) for chunk ChunkInfo{chunkName='110714081501577356_chunk_0_block_10, offset=0, len=100}
2023-07-14 19:26:56,114 [BlockDeletingService#0] INFO  impl.FilePerChunkStrategy (FilePerChunkStrategy.java:deleteChunk(322)) - Deleted chunk file /home/runner/work/ozone/ozone/hadoop-hdds/container-service/target/test-dir/TestBlockDeletingService/hdds/b91775dd-ded5-490f-b69e-024384ae06ce/current/containerDir128/110714081496858753/chunks/110714081501642893_chunk_0_block_11 (size 100) for chunk ChunkInfo{chunkName='110714081501642893_chunk_0_block_11, offset=0, len=100}
2023-07-14 19:26:56,115 [BlockDeletingService#0] INFO  impl.FilePerChunkStrategy (FilePerChunkStrategy.java:deleteChunk(322)) - Deleted chunk file /home/runner/work/ozone/ozone/hadoop-hdds/container-service/target/test-dir/TestBlockDeletingService/hdds/b91775dd-ded5-490f-b69e-024384ae06ce/current/containerDir128/110714081496858753/chunks/110714081501708430_chunk_0_block_12 (size 100) for chunk ChunkInfo{chunkName='110714081501708430_chunk_0_block_12, offset=0, len=100}
2023-07-14 19:26:56,115 [BlockDeletingService#0] INFO  impl.FilePerChunkStrategy (FilePerChunkStrategy.java:deleteChunk(322)) - Deleted chunk file /home/runner/work/ozone/ozone/hadoop-hdds/container-service/target/test-dir/TestBlockDeletingService/hdds/b91775dd-ded5-490f-b69e-024384ae06ce/current/containerDir128/110714081496858753/chunks/110714081502036111_chunk_0_block_13 (size 100) for chunk ChunkInfo{chunkName='110714081502036111_chunk_0_block_13, offset=0, len=100}
2023-07-14 19:26:56,116 [BlockDeletingService#0] INFO  impl.FilePerChunkStrategy (FilePerChunkStrategy.java:deleteChunk(322)) - Deleted chunk file /home/runner/work/ozone/ozone/hadoop-hdds/container-service/target/test-dir/TestBlockDeletingService/hdds/b91775dd-ded5-490f-b69e-024384ae06ce/current/containerDir128/110714081496858753/chunks/110714081502167184_chunk_0_block_14 (size 100) for chunk ChunkInfo{chunkName='110714081502167184_chunk_0_block_14, offset=0, len=100}
2023-07-14 19:26:56,116 [BlockDeletingService#0] INFO  impl.FilePerChunkStrategy (FilePerChunkStrategy.java:deleteChunk(322)) - Deleted chunk file /home/runner/work/ozone/ozone/hadoop-hdds/container-service/target/test-dir/TestBlockDeletingService/hdds/b91775dd-ded5-490f-b69e-024384ae06ce/current/containerDir128/110714081496858753/chunks/110714081502232721_chunk_0_block_15 (size 100) for chunk ChunkInfo{chunkName='110714081502232721_chunk_0_block_15, offset=0, len=100}
2023-07-14 19:26:56,116 [BlockDeletingService#0] INFO  impl.FilePerChunkStrategy (FilePerChunkStrategy.java:deleteChunk(322)) - Deleted chunk file /home/runner/work/ozone/ozone/hadoop-hdds/container-service/target/test-dir/TestBlockDeletingService/hdds/b91775dd-ded5-490f-b69e-024384ae06ce/current/containerDir128/110714081496858753/chunks/110714081502363794_chunk_0_block_16 (size 100) for chunk ChunkInfo{chunkName='110714081502363794_chunk_0_block_16, offset=0, len=100}
2023-07-14 19:26:56,117 [BlockDeletingService#0] INFO  impl.FilePerChunkStrategy (FilePerChunkStrategy.java:deleteChunk(322)) - Deleted chunk file /home/runner/work/ozone/ozone/hadoop-hdds/container-service/target/test-dir/TestBlockDeletingService/hdds/b91775dd-ded5-490f-b69e-024384ae06ce/current/containerDir128/110714081496858753/chunks/110714081502429331_chunk_0_block_17 (size 100) for chunk ChunkInfo{chunkName='110714081502429331_chunk_0_block_17, offset=0, len=100}
2023-07-14 19:26:56,117 [BlockDeletingService#0] INFO  impl.FilePerChunkStrategy (FilePerChunkStrategy.java:deleteChunk(322)) - Deleted chunk file /home/runner/work/ozone/ozone/hadoop-hdds/container-service/target/test-dir/TestBlockDeletingService/hdds/b91775dd-ded5-490f-b69e-024384ae06ce/current/containerDir128/110714081496858753/chunks/110714081502494868_chunk_0_block_18 (size 100) for chunk ChunkInfo{chunkName='110714081502494868_chunk_0_block_18, offset=0, len=100}
2023-07-14 19:26:56,118 [BlockDeletingService#0] INFO  impl.FilePerChunkStrategy (FilePerChunkStrategy.java:deleteChunk(322)) - Deleted chunk file /home/runner/work/ozone/ozone/hadoop-hdds/container-service/target/test-dir/TestBlockDeletingService/hdds/b91775dd-ded5-490f-b69e-024384ae06ce/current/containerDir128/110714081496858753/chunks/110714081502560405_chunk_0_block_19 (size 100) for chunk ChunkInfo{chunkName='110714081502560405_chunk_0_block_19, offset=0, len=100}
2023-07-14 19:26:56,118 [BlockDeletingService#0] INFO  impl.FilePerChunkStrategy (FilePerChunkStrategy.java:deleteChunk(322)) - Deleted chunk file /home/runner/work/ozone/ozone/hadoop-hdds/container-service/target/test-dir/TestBlockDeletingService/hdds/b91775dd-ded5-490f-b69e-024384ae06ce/current/containerDir128/110714081496858753/chunks/110714081502691478_chunk_0_block_20 (size 100) for chunk ChunkInfo{chunkName='110714081502691478_chunk_0_block_20, offset=0, len=100}
2023-07-14 19:26:56,118 [BlockDeletingService#0] INFO  impl.FilePerChunkStrategy (FilePerChunkStrategy.java:deleteChunk(322)) - Deleted chunk file /home/runner/work/ozone/ozone/hadoop-hdds/container-service/target/test-dir/TestBlockDeletingService/hdds/b91775dd-ded5-490f-b69e-024384ae06ce/current/containerDir128/110714081496858753/chunks/110714081502757015_chunk_0_block_21 (size 100) for chunk ChunkInfo{chunkName='110714081502757015_chunk_0_block_21, offset=0, len=100}
2023-07-14 19:26:56,119 [BlockDeletingService#0] INFO  impl.FilePerChunkStrategy (FilePerChunkStrategy.java:deleteChunk(322)) - Deleted chunk file /home/runner/work/ozone/ozone/hadoop-hdds/container-service/target/test-dir/TestBlockDeletingService/hdds/b91775dd-ded5-490f-b69e-024384ae06ce/current/containerDir128/110714081496858753/chunks/110714081502888088_chunk_0_block_22 (size 100) for chunk ChunkInfo{chunkName='110714081502888088_chunk_0_block_22, offset=0, len=100}
2023-07-14 19:26:56,119 [BlockDeletingService#0] INFO  impl.FilePerChunkStrategy (FilePerChunkStrategy.java:deleteChunk(322)) - Deleted chunk file /home/runner/work/ozone/ozone/hadoop-hdds/container-service/target/test-dir/TestBlockDeletingService/hdds/b91775dd-ded5-490f-b69e-024384ae06ce/current/containerDir128/110714081496858753/chunks/110714081502953625_chunk_0_block_23 (size 100) for chunk ChunkInfo{chunkName='110714081502953625_chunk_0_block_23, offset=0, len=100}
2023-07-14 19:26:56,119 [BlockDeletingService#0] INFO  impl.FilePerChunkStrategy (FilePerChunkStrategy.java:deleteChunk(322)) - Deleted chunk file /home/runner/work/ozone/ozone/hadoop-hdds/container-service/target/test-dir/TestBlockDeletingService/hdds/b91775dd-ded5-490f-b69e-024384ae06ce/current/containerDir128/110714081496858753/chunks/110714081503019162_chunk_0_block_24 (size 100) for chunk ChunkInfo{chunkName='110714081503019162_chunk_0_block_24, offset=0, len=100}
2023-07-14 19:26:56,120 [BlockDeletingService#0] INFO  impl.FilePerChunkStrategy (FilePerChunkStrategy.java:deleteChunk(322)) - Deleted chunk file /home/runner/work/ozone/ozone/hadoop-hdds/container-service/target/test-dir/TestBlockDeletingService/hdds/b91775dd-ded5-490f-b69e-024384ae06ce/current/containerDir128/110714081496858753/chunks/110714081503084699_chunk_0_block_25 (size 100) for chunk ChunkInfo{chunkName='110714081503084699_chunk_0_block_25, offset=0, len=100}
2023-07-14 19:26:56,120 [BlockDeletingService#0] INFO  impl.FilePerChunkStrategy (FilePerChunkStrategy.java:deleteChunk(322)) - Deleted chunk file /home/runner/work/ozone/ozone/hadoop-hdds/container-service/target/test-dir/TestBlockDeletingService/hdds/b91775dd-ded5-490f-b69e-024384ae06ce/current/containerDir128/110714081496858753/chunks/110714081503215772_chunk_0_block_26 (size 100) for chunk ChunkInfo{chunkName='110714081503215772_chunk_0_block_26, offset=0, len=100}
2023-07-14 19:26:56,120 [BlockDeletingService#0] INFO  impl.FilePerChunkStrategy (FilePerChunkStrategy.java:deleteChunk(322)) - Deleted chunk file /home/runner/work/ozone/ozone/hadoop-hdds/container-service/target/test-dir/TestBlockDeletingService/hdds/b91775dd-ded5-490f-b69e-024384ae06ce/current/containerDir128/110714081496858753/chunks/110714081503281309_chunk_0_block_27 (size 100) for chunk ChunkInfo{chunkName='110714081503281309_chunk_0_block_27, offset=0, len=100}
2023-07-14 19:26:56,121 [BlockDeletingService#0] INFO  impl.FilePerChunkStrategy (FilePerChunkStrategy.java:deleteChunk(322)) - Deleted chunk file /home/runner/work/ozone/ozone/hadoop-hdds/container-service/target/test-dir/TestBlockDeletingService/hdds/b91775dd-ded5-490f-b69e-024384ae06ce/current/containerDir128/110714081496858753/chunks/110714081503346846_chunk_0_block_28 (size 100) for chunk ChunkInfo{chunkName='110714081503346846_chunk_0_block_28, offset=0, len=100}
2023-07-14 19:26:56,121 [BlockDeletingService#0] INFO  impl.FilePerChunkStrategy (FilePerChunkStrategy.java:deleteChunk(322)) - Deleted chunk file /home/runner/work/ozone/ozone/hadoop-hdds/container-service/target/test-dir/TestBlockDeletingService/hdds/b91775dd-ded5-490f-b69e-024384ae06ce/current/containerDir128/110714081496858753/chunks/110714081503477919_chunk_0_block_29 (size 100) for chunk ChunkInfo{chunkName='110714081503477919_chunk_0_block_29, offset=0, len=100}
2023-07-14 19:26:56,121 [BlockDeletingService#0] INFO  impl.FilePerChunkStrategy (FilePerChunkStrategy.java:deleteChunk(322)) - Deleted chunk file /home/runner/work/ozone/ozone/hadoop-hdds/container-service/target/test-dir/TestBlockDeletingService/hdds/b91775dd-ded5-490f-b69e-024384ae06ce/current/containerDir128/110714081496858753/chunks/110714081503543456_chunk_0_block_30 (size 100) for chunk ChunkInfo{chunkName='110714081503543456_chunk_0_block_30, offset=0, len=100}
2023-07-14 19:26:56,122 [BlockDeletingService#0] INFO  impl.FilePerChunkStrategy (FilePerChunkStrategy.java:deleteChunk(322)) - Deleted chunk file /home/runner/work/ozone/ozone/hadoop-hdds/container-service/target/test-dir/TestBlockDeletingService/hdds/b91775dd-ded5-490f-b69e-024384ae06ce/current/containerDir128/110714081496858753/chunks/110714081503674529_chunk_0_block_31 (size 100) for chunk ChunkInfo{chunkName='110714081503674529_chunk_0_block_31, offset=0, len=100}
2023-07-14 19:26:56,122 [BlockDeletingService#0] INFO  impl.FilePerChunkStrategy (FilePerChunkStrategy.java:deleteChunk(322)) - Deleted chunk file /home/runner/work/ozone/ozone/hadoop-hdds/container-service/target/test-dir/TestBlockDeletingService/hdds/b91775dd-ded5-490f-b69e-024384ae06ce/current/containerDir128/110714081496858753/chunks/110714081503740066_chunk_0_block_32 (size 100) for chunk ChunkInfo{chunkName='110714081503740066_chunk_0_block_32, offset=0, len=100}
2023-07-14 19:26:56,123 [BlockDeletingService#0] INFO  impl.FilePerChunkStrategy (FilePerChunkStrategy.java:deleteChunk(322)) - Deleted chunk file /home/runner/work/ozone/ozone/hadoop-hdds/container-service/target/test-dir/TestBlockDeletingService/hdds/b91775dd-ded5-490f-b69e-024384ae06ce/current/containerDir128/110714081496858753/chunks/110714081503871139_chunk_0_block_33 (size 100) for chunk ChunkInfo{chunkName='110714081503871139_chunk_0_block_33, offset=0, len=100}
2023-07-14 19:26:56,123 [BlockDeletingService#0] INFO  impl.FilePerChunkStrategy (FilePerChunkStrategy.java:deleteChunk(322)) - Deleted chunk file /home/runner/work/ozone/ozone/hadoop-hdds/container-service/target/test-dir/TestBlockDeletingService/hdds/b91775dd-ded5-490f-b69e-024384ae06ce/current/containerDir128/110714081496858753/chunks/110714081503936676_chunk_0_block_34 (size 100) for chunk ChunkInfo{chunkName='110714081503936676_chunk_0_block_34, offset=0, len=100}
2023-07-14 19:26:56,123 [BlockDeletingService#0] INFO  impl.FilePerChunkStrategy (FilePerChunkStrategy.java:deleteChunk(322)) - Deleted chunk file /home/runner/work/ozone/ozone/hadoop-hdds/container-service/target/test-dir/TestBlockDeletingService/hdds/b91775dd-ded5-490f-b69e-024384ae06ce/current/containerDir128/110714081496858753/chunks/110714081504002213_chunk_0_block_35 (size 100) for chunk ChunkInfo{chunkName='110714081504002213_chunk_0_block_35, offset=0, len=100}
2023-07-14 19:26:56,124 [BlockDeletingService#0] INFO  impl.FilePerChunkStrategy (FilePerChunkStrategy.java:deleteChunk(322)) - Deleted chunk file /home/runner/work/ozone/ozone/hadoop-hdds/container-service/target/test-dir/TestBlockDeletingService/hdds/b91775dd-ded5-490f-b69e-024384ae06ce/current/containerDir128/110714081496858753/chunks/110714081504067750_chunk_0_block_36 (size 100) for chunk ChunkInfo{chunkName='110714081504067750_chunk_0_block_36, offset=0, len=100}
2023-07-14 19:26:56,124 [BlockDeletingService#0] INFO  impl.FilePerChunkStrategy (FilePerChunkStrategy.java:deleteChunk(322)) - Deleted chunk file /home/runner/work/ozone/ozone/hadoop-hdds/container-service/target/test-dir/TestBlockDeletingService/hdds/b91775dd-ded5-490f-b69e-024384ae06ce/current/containerDir128/110714081496858753/chunks/110714081504133287_chunk_0_block_37 (size 100) for chunk ChunkInfo{chunkName='110714081504133287_chunk_0_block_37, offset=0, len=100}
2023-07-14 19:26:56,124 [BlockDeletingService#0] INFO  impl.FilePerChunkStrategy (FilePerChunkStrategy.java:deleteChunk(322)) - Deleted chunk file /home/runner/work/ozone/ozone/hadoop-hdds/container-service/target/test-dir/TestBlockDeletingService/hdds/b91775dd-ded5-490f-b69e-024384ae06ce/current/containerDir128/110714081496858753/chunks/110714081504264360_chunk_0_block_38 (size 100) for chunk ChunkInfo{chunkName='110714081504264360_chunk_0_block_38, offset=0, len=100}
2023-07-14 19:26:56,125 [BlockDeletingService#0] INFO  impl.FilePerChunkStrategy (FilePerChunkStrategy.java:deleteChunk(322)) - Deleted chunk file /home/runner/work/ozone/ozone/hadoop-hdds/container-service/target/test-dir/TestBlockDeletingService/hdds/b91775dd-ded5-490f-b69e-024384ae06ce/current/containerDir128/110714081496858753/chunks/110714081504329897_chunk_0_block_39 (size 100) for chunk ChunkInfo{chunkName='110714081504329897_chunk_0_block_39, offset=0, len=100}
2023-07-14 19:26:56,125 [BlockDeletingService#0] INFO  impl.FilePerChunkStrategy (FilePerChunkStrategy.java:deleteChunk(322)) - Deleted chunk file /home/runner/work/ozone/ozone/hadoop-hdds/container-service/target/test-dir/TestBlockDeletingService/hdds/b91775dd-ded5-490f-b69e-024384ae06ce/current/containerDir128/110714081496858753/chunks/110714081504395434_chunk_0_block_40 (size 100) for chunk ChunkInfo{chunkName='110714081504395434_chunk_0_block_40, offset=0, len=100}
2023-07-14 19:26:56,125 [BlockDeletingService#0] INFO  impl.FilePerChunkStrategy (FilePerChunkStrategy.java:deleteChunk(322)) - Deleted chunk file /home/runner/work/ozone/ozone/hadoop-hdds/container-service/target/test-dir/TestBlockDeletingService/hdds/b91775dd-ded5-490f-b69e-024384ae06ce/current/containerDir128/110714081496858753/chunks/110714081504460971_chunk_0_block_41 (size 100) for chunk ChunkInfo{chunkName='110714081504460971_chunk_0_block_41, offset=0, len=100}
2023-07-14 19:26:56,126 [BlockDeletingService#0] INFO  impl.FilePerChunkStrategy (FilePerChunkStrategy.java:deleteChunk(322)) - Deleted chunk file /home/runner/work/ozone/ozone/hadoop-hdds/container-service/target/test-dir/TestBlockDeletingService/hdds/b91775dd-ded5-490f-b69e-024384ae06ce/current/containerDir128/110714081496858753/chunks/110714081504592044_chunk_0_block_42 (size 100) for chunk ChunkInfo{chunkName='110714081504592044_chunk_0_block_42, offset=0, len=100}
2023-07-14 19:26:56,126 [BlockDeletingService#0] INFO  impl.FilePerChunkStrategy (FilePerChunkStrategy.java:deleteChunk(322)) - Deleted chunk file /home/runner/work/ozone/ozone/hadoop-hdds/container-service/target/test-dir/TestBlockDeletingService/hdds/b91775dd-ded5-490f-b69e-024384ae06ce/current/containerDir128/110714081496858753/chunks/110714081504657581_chunk_0_block_43 (size 100) for chunk ChunkInfo{chunkName='110714081504657581_chunk_0_block_43, offset=0, len=100}
2023-07-14 19:26:56,126 [BlockDeletingService#0] INFO  impl.FilePerChunkStrategy (FilePerChunkStrategy.java:deleteChunk(322)) - Deleted chunk file /home/runner/work/ozone/ozone/hadoop-hdds/container-service/target/test-dir/TestBlockDeletingService/hdds/b91775dd-ded5-490f-b69e-024384ae06ce/current/containerDir128/110714081496858753/chunks/110714081504723118_chunk_0_block_44 (size 100) for chunk ChunkInfo{chunkName='110714081504723118_chunk_0_block_44, offset=0, len=100}
2023-07-14 19:26:56,127 [BlockDeletingService#0] INFO  impl.FilePerChunkStrategy (FilePerChunkStrategy.java:deleteChunk(322)) - Deleted chunk file /home/runner/work/ozone/ozone/hadoop-hdds/container-service/target/test-dir/TestBlockDeletingService/hdds/b91775dd-ded5-490f-b69e-024384ae06ce/current/containerDir128/110714081496858753/chunks/110714081504788655_chunk_0_block_45 (size 100) for chunk ChunkInfo{chunkName='110714081504788655_chunk_0_block_45, offset=0, len=100}
2023-07-14 19:26:56,127 [BlockDeletingService#0] INFO  impl.FilePerChunkStrategy (FilePerChunkStrategy.java:deleteChunk(322)) - Deleted chunk file /home/runner/work/ozone/ozone/hadoop-hdds/container-service/target/test-dir/TestBlockDeletingService/hdds/b91775dd-ded5-490f-b69e-024384ae06ce/current/containerDir128/110714081496858753/chunks/110714081504854192_chunk_0_block_46 (size 100) for chunk ChunkInfo{chunkName='110714081504854192_chunk_0_block_46, offset=0, len=100}
2023-07-14 19:26:56,128 [BlockDeletingService#0] INFO  impl.FilePerChunkStrategy (FilePerChunkStrategy.java:deleteChunk(322)) - Deleted chunk file /home/runner/work/ozone/ozone/hadoop-hdds/container-service/target/test-dir/TestBlockDeletingService/hdds/b91775dd-ded5-490f-b69e-024384ae06ce/current/containerDir128/110714081496858753/chunks/110714081504919729_chunk_0_block_47 (size 100) for chunk ChunkInfo{chunkName='110714081504919729_chunk_0_block_47, offset=0, len=100}
2023-07-14 19:26:56,128 [BlockDeletingService#0] INFO  impl.FilePerChunkStrategy (FilePerChunkStrategy.java:deleteChunk(322)) - Deleted chunk file /home/runner/work/ozone/ozone/hadoop-hdds/container-service/target/test-dir/TestBlockDeletingService/hdds/b91775dd-ded5-490f-b69e-024384ae06ce/current/containerDir128/110714081496858753/chunks/110714081505050802_chunk_0_block_48 (size 100) for chunk ChunkInfo{chunkName='110714081505050802_chunk_0_block_48, offset=0, len=100}
2023-07-14 19:26:56,128 [BlockDeletingService#0] INFO  impl.FilePerChunkStrategy (FilePerChunkStrategy.java:deleteChunk(322)) - Deleted chunk file /home/runner/work/ozone/ozone/hadoop-hdds/container-service/target/test-dir/TestBlockDeletingService/hdds/b91775dd-ded5-490f-b69e-024384ae06ce/current/containerDir128/110714081496858753/chunks/110714081505116339_chunk_0_block_49 (size 100) for chunk ChunkInfo{chunkName='110714081505116339_chunk_0_block_49, offset=0, len=100}
2023-07-14 19:26:56,129 [BlockDeletingService#0] INFO  impl.FilePerChunkStrategy (FilePerChunkStrategy.java:deleteChunk(322)) - Deleted chunk file /home/runner/work/ozone/ozone/hadoop-hdds/container-service/target/test-dir/TestBlockDeletingService/hdds/b91775dd-ded5-490f-b69e-024384ae06ce/current/containerDir128/110714081496858753/chunks/110714081505181876_chunk_0_block_50 (size 100) for chunk ChunkInfo{chunkName='110714081505181876_chunk_0_block_50, offset=0, len=100}
2023-07-14 19:26:56,129 [BlockDeletingService#0] INFO  impl.FilePerChunkStrategy (FilePerChunkStrategy.java:deleteChunk(322)) - Deleted chunk file /home/runner/work/ozone/ozone/hadoop-hdds/container-service/target/test-dir/TestBlockDeletingService/hdds/b91775dd-ded5-490f-b69e-024384ae06ce/current/containerDir128/110714081496858753/chunks/110714081505247413_chunk_0_block_51 (size 100) for chunk ChunkInfo{chunkName='110714081505247413_chunk_0_block_51, offset=0, len=100}
2023-07-14 19:26:56,129 [BlockDeletingService#0] INFO  impl.FilePerChunkStrategy (FilePerChunkStrategy.java:deleteChunk(322)) - Deleted chunk file /home/runner/work/ozone/ozone/hadoop-hdds/container-service/target/test-dir/TestBlockDeletingService/hdds/b91775dd-ded5-490f-b69e-024384ae06ce/current/containerDir128/110714081496858753/chunks/110714081505378486_chunk_0_block_52 (size 100) for chunk ChunkInfo{chunkName='110714081505378486_chunk_0_block_52, offset=0, len=100}
2023-07-14 19:26:56,132 [BlockDeletingService#0] INFO  impl.FilePerChunkStrategy (FilePerChunkStrategy.java:deleteChunk(322)) - Deleted chunk file /home/runner/work/ozone/ozone/hadoop-hdds/container-service/target/test-dir/TestBlockDeletingService/hdds/b91775dd-ded5-490f-b69e-024384ae06ce/current/containerDir128/110714081496858753/chunks/110714081505444023_chunk_0_block_53 (size 100) for chunk ChunkInfo{chunkName='110714081505444023_chunk_0_block_53, offset=0, len=100}
2023-07-14 19:26:56,132 [BlockDeletingService#0] INFO  impl.FilePerChunkStrategy (FilePerChunkStrategy.java:deleteChunk(322)) - Deleted chunk file /home/runner/work/ozone/ozone/hadoop-hdds/container-service/target/test-dir/TestBlockDeletingService/hdds/b91775dd-ded5-490f-b69e-024384ae06ce/current/containerDir128/110714081496858753/chunks/110714081505575096_chunk_0_block_54 (size 100) for chunk ChunkInfo{chunkName='110714081505575096_chunk_0_block_54, offset=0, len=100}
2023-07-14 19:26:56,132 [BlockDeletingService#0] INFO  impl.FilePerChunkStrategy (FilePerChunkStrategy.java:deleteChunk(322)) - Deleted chunk file /home/runner/work/ozone/ozone/hadoop-hdds/container-service/target/test-dir/TestBlockDeletingService/hdds/b91775dd-ded5-490f-b69e-024384ae06ce/current/containerDir128/110714081496858753/chunks/110714081505640633_chunk_0_block_55 (size 100) for chunk ChunkInfo{chunkName='110714081505640633_chunk_0_block_55, offset=0, len=100}
2023-07-14 19:26:56,133 [BlockDeletingService#0] INFO  impl.FilePerChunkStrategy (FilePerChunkStrategy.java:deleteChunk(322)) - Deleted chunk file /home/runner/work/ozone/ozone/hadoop-hdds/container-service/target/test-dir/TestBlockDeletingService/hdds/b91775dd-ded5-490f-b69e-024384ae06ce/current/containerDir128/110714081496858753/chunks/110714081505706170_chunk_0_block_56 (size 100) for chunk ChunkInfo{chunkName='110714081505706170_chunk_0_block_56, offset=0, len=100}
2023-07-14 19:26:56,133 [BlockDeletingService#0] INFO  impl.FilePerChunkStrategy (FilePerChunkStrategy.java:deleteChunk(322)) - Deleted chunk file /home/runner/work/ozone/ozone/hadoop-hdds/container-service/target/test-dir/TestBlockDeletingService/hdds/b91775dd-ded5-490f-b69e-024384ae06ce/current/containerDir128/110714081496858753/chunks/110714081505771707_chunk_0_block_57 (size 100) for chunk ChunkInfo{chunkName='110714081505771707_chunk_0_block_57, offset=0, len=100}
2023-07-14 19:26:56,134 [BlockDeletingService#0] INFO  impl.FilePerChunkStrategy (FilePerChunkStrategy.java:deleteChunk(322)) - Deleted chunk file /home/runner/work/ozone/ozone/hadoop-hdds/container-service/target/test-dir/TestBlockDeletingService/hdds/b91775dd-ded5-490f-b69e-024384ae06ce/current/containerDir128/110714081496858753/chunks/110714081505902780_chunk_0_block_58 (size 100) for chunk ChunkInfo{chunkName='110714081505902780_chunk_0_block_58, offset=0, len=100}
2023-07-14 19:26:56,134 [BlockDeletingService#0] INFO  impl.FilePerChunkStrategy (FilePerChunkStrategy.java:deleteChunk(322)) - Deleted chunk file /home/runner/work/ozone/ozone/hadoop-hdds/container-service/target/test-dir/TestBlockDeletingService/hdds/b91775dd-ded5-490f-b69e-024384ae06ce/current/containerDir128/110714081496858753/chunks/110714081505968317_chunk_0_block_59 (size 100) for chunk ChunkInfo{chunkName='110714081505968317_chunk_0_block_59, offset=0, len=100}
2023-07-14 19:26:56,134 [BlockDeletingService#0] INFO  impl.FilePerChunkStrategy (FilePerChunkStrategy.java:deleteChunk(322)) - Deleted chunk file /home/runner/work/ozone/ozone/hadoop-hdds/container-service/target/test-dir/TestBlockDeletingService/hdds/b91775dd-ded5-490f-b69e-024384ae06ce/current/containerDir128/110714081496858753/chunks/110714081506033854_chunk_0_block_60 (size 100) for chunk ChunkInfo{chunkName='110714081506033854_chunk_0_block_60, offset=0, len=100}
2023-07-14 19:26:56,135 [BlockDeletingService#0] INFO  impl.FilePerChunkStrategy (FilePerChunkStrategy.java:deleteChunk(322)) - Deleted chunk file /home/runner/work/ozone/ozone/hadoop-hdds/container-service/target/test-dir/TestBlockDeletingService/hdds/b91775dd-ded5-490f-b69e-024384ae06ce/current/containerDir128/110714081496858753/chunks/110714081506099391_chunk_0_block_61 (size 100) for chunk ChunkInfo{chunkName='110714081506099391_chunk_0_block_61, offset=0, len=100}
2023-07-14 19:26:56,135 [BlockDeletingService#0] INFO  impl.FilePerChunkStrategy (FilePerChunkStrategy.java:deleteChunk(322)) - Deleted chunk file /home/runner/work/ozone/ozone/hadoop-hdds/container-service/target/test-dir/TestBlockDeletingService/hdds/b91775dd-ded5-490f-b69e-024384ae06ce/current/containerDir128/110714081496858753/chunks/110714081506230464_chunk_0_block_62 (size 100) for chunk ChunkInfo{chunkName='110714081506230464_chunk_0_block_62, offset=0, len=100}
2023-07-14 19:26:56,135 [BlockDeletingService#0] INFO  impl.FilePerChunkStrategy (FilePerChunkStrategy.java:deleteChunk(322)) - Deleted chunk file /home/runner/work/ozone/ozone/hadoop-hdds/container-service/target/test-dir/TestBlockDeletingService/hdds/b91775dd-ded5-490f-b69e-024384ae06ce/current/containerDir128/110714081496858753/chunks/110714081506296001_chunk_0_block_63 (size 100) for chunk ChunkInfo{chunkName='110714081506296001_chunk_0_block_63, offset=0, len=100}
2023-07-14 19:26:56,136 [BlockDeletingService#0] INFO  impl.FilePerChunkStrategy (FilePerChunkStrategy.java:deleteChunk(322)) - Deleted chunk file /home/runner/work/ozone/ozone/hadoop-hdds/container-service/target/test-dir/TestBlockDeletingService/hdds/b91775dd-ded5-490f-b69e-024384ae06ce/current/containerDir128/110714081496858753/chunks/110714081506361538_chunk_0_block_64 (size 100) for chunk ChunkInfo{chunkName='110714081506361538_chunk_0_block_64, offset=0, len=100}
2023-07-14 19:26:56,136 [BlockDeletingService#0] INFO  impl.FilePerChunkStrategy (FilePerChunkStrategy.java:deleteChunk(322)) - Deleted chunk file /home/runner/work/ozone/ozone/hadoop-hdds/container-service/target/test-dir/TestBlockDeletingService/hdds/b91775dd-ded5-490f-b69e-024384ae06ce/current/containerDir128/110714081496858753/chunks/110714081506427075_chunk_0_block_65 (size 100) for chunk ChunkInfo{chunkName='110714081506427075_chunk_0_block_65, offset=0, len=100}
2023-07-14 19:26:56,136 [BlockDeletingService#0] INFO  impl.FilePerChunkStrategy (FilePerChunkStrategy.java:deleteChunk(322)) - Deleted chunk file /home/runner/work/ozone/ozone/hadoop-hdds/container-service/target/test-dir/TestBlockDeletingService/hdds/b91775dd-ded5-490f-b69e-024384ae06ce/current/containerDir128/110714081496858753/chunks/110714081506558148_chunk_0_block_66 (size 100) for chunk ChunkInfo{chunkName='110714081506558148_chunk_0_block_66, offset=0, len=100}
2023-07-14 19:26:56,137 [BlockDeletingService#0] INFO  impl.FilePerChunkStrategy (FilePerChunkStrategy.java:deleteChunk(322)) - Deleted chunk file /home/runner/work/ozone/ozone/hadoop-hdds/container-service/target/test-dir/TestBlockDeletingService/hdds/b91775dd-ded5-490f-b69e-024384ae06ce/current/containerDir128/110714081496858753/chunks/110714081506623685_chunk_0_block_67 (size 100) for chunk ChunkInfo{chunkName='110714081506623685_chunk_0_block_67, offset=0, len=100}
2023-07-14 19:26:56,137 [BlockDeletingService#0] INFO  impl.FilePerChunkStrategy (FilePerChunkStrategy.java:deleteChunk(322)) - Deleted chunk file /home/runner/work/ozone/ozone/hadoop-hdds/container-service/target/test-dir/TestBlockDeletingService/hdds/b91775dd-ded5-490f-b69e-024384ae06ce/current/containerDir128/110714081496858753/chunks/110714081506689222_chunk_0_block_68 (size 100) for chunk ChunkInfo{chunkName='110714081506689222_chunk_0_block_68, offset=0, len=100}
2023-07-14 19:26:56,137 [BlockDeletingService#0] INFO  impl.FilePerChunkStrategy (FilePerChunkStrategy.java:deleteChunk(322)) - Deleted chunk file /home/runner/work/ozone/ozone/hadoop-hdds/container-service/target/test-dir/TestBlockDeletingService/hdds/b91775dd-ded5-490f-b69e-024384ae06ce/current/containerDir128/110714081496858753/chunks/110714081506820295_chunk_0_block_69 (size 100) for chunk ChunkInfo{chunkName='110714081506820295_chunk_0_block_69, offset=0, len=100}
2023-07-14 19:26:56,138 [BlockDeletingService#0] INFO  impl.FilePerChunkStrategy (FilePerChunkStrategy.java:deleteChunk(322)) - Deleted chunk file /home/runner/work/ozone/ozone/hadoop-hdds/container-service/target/test-dir/TestBlockDeletingService/hdds/b91775dd-ded5-490f-b69e-024384ae06ce/current/containerDir128/110714081496858753/chunks/110714081506885832_chunk_0_block_70 (size 100) for chunk ChunkInfo{chunkName='110714081506885832_chunk_0_block_70, offset=0, len=100}
2023-07-14 19:26:56,138 [BlockDeletingService#0] INFO  impl.FilePerChunkStrategy (FilePerChunkStrategy.java:deleteChunk(322)) - Deleted chunk file /home/runner/work/ozone/ozone/hadoop-hdds/container-service/target/test-dir/TestBlockDeletingService/hdds/b91775dd-ded5-490f-b69e-024384ae06ce/current/containerDir128/110714081496858753/chunks/110714081506951369_chunk_0_block_71 (size 100) for chunk ChunkInfo{chunkName='110714081506951369_chunk_0_block_71, offset=0, len=100}
2023-07-14 19:26:56,138 [BlockDeletingService#0] INFO  impl.FilePerChunkStrategy (FilePerChunkStrategy.java:deleteChunk(322)) - Deleted chunk file /home/runner/work/ozone/ozone/hadoop-hdds/container-service/target/test-dir/TestBlockDeletingService/hdds/b91775dd-ded5-490f-b69e-024384ae06ce/current/containerDir128/110714081496858753/chunks/110714081507016906_chunk_0_block_72 (size 100) for chunk ChunkInfo{chunkName='110714081507016906_chunk_0_block_72, offset=0, len=100}
2023-07-14 19:26:56,139 [BlockDeletingService#0] INFO  impl.FilePerChunkStrategy (FilePerChunkStrategy.java:deleteChunk(322)) - Deleted chunk file /home/runner/work/ozone/ozone/hadoop-hdds/container-service/target/test-dir/TestBlockDeletingService/hdds/b91775dd-ded5-490f-b69e-024384ae06ce/current/containerDir128/110714081496858753/chunks/110714081507082443_chunk_0_block_73 (size 100) for chunk ChunkInfo{chunkName='110714081507082443_chunk_0_block_73, offset=0, len=100}
2023-07-14 19:26:56,139 [BlockDeletingService#0] INFO  impl.FilePerChunkStrategy (FilePerChunkStrategy.java:deleteChunk(322)) - Deleted chunk file /home/runner/work/ozone/ozone/hadoop-hdds/container-service/target/test-dir/TestBlockDeletingService/hdds/b91775dd-ded5-490f-b69e-024384ae06ce/current/containerDir128/110714081496858753/chunks/110714081507213516_chunk_0_block_74 (size 100) for chunk ChunkInfo{chunkName='110714081507213516_chunk_0_block_74, offset=0, len=100}
2023-07-14 19:26:56,139 [BlockDeletingService#0] INFO  impl.FilePerChunkStrategy (FilePerChunkStrategy.java:deleteChunk(322)) - Deleted chunk file /home/runner/work/ozone/ozone/hadoop-hdds/container-service/target/test-dir/TestBlockDeletingService/hdds/b91775dd-ded5-490f-b69e-024384ae06ce/current/containerDir128/110714081496858753/chunks/110714081507279053_chunk_0_block_75 (size 100) for chunk ChunkInfo{chunkName='110714081507279053_chunk_0_block_75, offset=0, len=100}
2023-07-14 19:26:56,140 [BlockDeletingService#0] INFO  impl.FilePerChunkStrategy (FilePerChunkStrategy.java:deleteChunk(322)) - Deleted chunk file /home/runner/work/ozone/ozone/hadoop-hdds/container-service/target/test-dir/TestBlockDeletingService/hdds/b91775dd-ded5-490f-b69e-024384ae06ce/current/containerDir128/110714081496858753/chunks/110714081507344590_chunk_0_block_76 (size 100) for chunk ChunkInfo{chunkName='110714081507344590_chunk_0_block_76, offset=0, len=100}
2023-07-14 19:26:56,140 [BlockDeletingService#0] INFO  impl.FilePerChunkStrategy (FilePerChunkStrategy.java:deleteChunk(322)) - Deleted chunk file /home/runner/work/ozone/ozone/hadoop-hdds/container-service/target/test-dir/TestBlockDeletingService/hdds/b91775dd-ded5-490f-b69e-024384ae06ce/current/containerDir128/110714081496858753/chunks/110714081507475663_chunk_0_block_77 (size 100) for chunk ChunkInfo{chunkName='110714081507475663_chunk_0_block_77, offset=0, len=100}
2023-07-14 19:26:56,140 [BlockDeletingService#0] INFO  impl.FilePerChunkStrategy (FilePerChunkStrategy.java:deleteChunk(322)) - Deleted chunk file /home/runner/work/ozone/ozone/hadoop-hdds/container-service/target/test-dir/TestBlockDeletingService/hdds/b91775dd-ded5-490f-b69e-024384ae06ce/current/containerDir128/110714081496858753/chunks/110714081507541200_chunk_0_block_78 (size 100) for chunk ChunkInfo{chunkName='110714081507541200_chunk_0_block_78, offset=0, len=100}
2023-07-14 19:26:56,141 [BlockDeletingService#0] INFO  impl.FilePerChunkStrategy (FilePerChunkStrategy.java:deleteChunk(322)) - Deleted chunk file /home/runner/work/ozone/ozone/hadoop-hdds/container-service/target/test-dir/TestBlockDeletingService/hdds/b91775dd-ded5-490f-b69e-024384ae06ce/current/containerDir128/110714081496858753/chunks/110714081507606737_chunk_0_block_79 (size 100) for chunk ChunkInfo{chunkName='110714081507606737_chunk_0_block_79, offset=0, len=100}
2023-07-14 19:26:56,141 [BlockDeletingService#0] INFO  impl.FilePerChunkStrategy (FilePerChunkStrategy.java:deleteChunk(322)) - Deleted chunk file /home/runner/work/ozone/ozone/hadoop-hdds/container-service/target/test-dir/TestBlockDeletingService/hdds/b91775dd-ded5-490f-b69e-024384ae06ce/current/containerDir128/110714081496858753/chunks/110714081507737810_chunk_0_block_80 (size 100) for chunk ChunkInfo{chunkName='110714081507737810_chunk_0_block_80, offset=0, len=100}
2023-07-14 19:26:56,141 [BlockDeletingService#0] INFO  impl.FilePerChunkStrategy (FilePerChunkStrategy.java:deleteChunk(322)) - Deleted chunk file /home/runner/work/ozone/ozone/hadoop-hdds/container-service/target/test-dir/TestBlockDeletingService/hdds/b91775dd-ded5-490f-b69e-024384ae06ce/current/containerDir128/110714081496858753/chunks/110714081507803347_chunk_0_block_81 (size 100) for chunk ChunkInfo{chunkName='110714081507803347_chunk_0_block_81, offset=0, len=100}
2023-07-14 19:26:56,142 [BlockDeletingService#0] INFO  impl.FilePerChunkStrategy (FilePerChunkStrategy.java:deleteChunk(322)) - Deleted chunk file /home/runner/work/ozone/ozone/hadoop-hdds/container-service/target/test-dir/TestBlockDeletingService/hdds/b91775dd-ded5-490f-b69e-024384ae06ce/current/containerDir128/110714081496858753/chunks/110714081507868884_chunk_0_block_82 (size 100) for chunk ChunkInfo{chunkName='110714081507868884_chunk_0_block_82, offset=0, len=100}
2023-07-14 19:26:56,142 [BlockDeletingService#0] INFO  impl.FilePerChunkStrategy (FilePerChunkStrategy.java:deleteChunk(322)) - Deleted chunk file /home/runner/work/ozone/ozone/hadoop-hdds/container-service/target/test-dir/TestBlockDeletingService/hdds/b91775dd-ded5-490f-b69e-024384ae06ce/current/containerDir128/110714081496858753/chunks/110714081507999957_chunk_0_block_83 (size 100) for chunk ChunkInfo{chunkName='110714081507999957_chunk_0_block_83, offset=0, len=100}
2023-07-14 19:26:56,142 [BlockDeletingService#0] INFO  impl.FilePerChunkStrategy (FilePerChunkStrategy.java:deleteChunk(322)) - Deleted chunk file /home/runner/work/ozone/ozone/hadoop-hdds/container-service/target/test-dir/TestBlockDeletingService/hdds/b91775dd-ded5-490f-b69e-024384ae06ce/current/containerDir128/110714081496858753/chunks/110714081508065494_chunk_0_block_84 (size 100) for chunk ChunkInfo{chunkName='110714081508065494_chunk_0_block_84, offset=0, len=100}
2023-07-14 19:26:56,143 [BlockDeletingService#0] INFO  impl.FilePerChunkStrategy (FilePerChunkStrategy.java:deleteChunk(322)) - Deleted chunk file /home/runner/work/ozone/ozone/hadoop-hdds/container-service/target/test-dir/TestBlockDeletingService/hdds/b91775dd-ded5-490f-b69e-024384ae06ce/current/containerDir128/110714081496858753/chunks/110714081508131031_chunk_0_block_85 (size 100) for chunk ChunkInfo{chunkName='110714081508131031_chunk_0_block_85, offset=0, len=100}
2023-07-14 19:26:56,143 [BlockDeletingService#0] INFO  impl.FilePerChunkStrategy (FilePerChunkStrategy.java:deleteChunk(322)) - Deleted chunk file /home/runner/work/ozone/ozone/hadoop-hdds/container-service/target/test-dir/TestBlockDeletingService/hdds/b91775dd-ded5-490f-b69e-024384ae06ce/current/containerDir128/110714081496858753/chunks/110714081508262104_chunk_0_block_86 (size 100) for chunk ChunkInfo{chunkName='110714081508262104_chunk_0_block_86, offset=0, len=100}
2023-07-14 19:26:56,143 [BlockDeletingService#0] INFO  impl.FilePerChunkStrategy (FilePerChunkStrategy.java:deleteChunk(322)) - Deleted chunk file /home/runner/work/ozone/ozone/hadoop-hdds/container-service/target/test-dir/TestBlockDeletingService/hdds/b91775dd-ded5-490f-b69e-024384ae06ce/current/containerDir128/110714081496858753/chunks/110714081508327641_chunk_0_block_87 (size 100) for chunk ChunkInfo{chunkName='110714081508327641_chunk_0_block_87, offset=0, len=100}
2023-07-14 19:26:56,144 [BlockDeletingService#0] INFO  impl.FilePerChunkStrategy (FilePerChunkStrategy.java:deleteChunk(322)) - Deleted chunk file /home/runner/work/ozone/ozone/hadoop-hdds/container-service/target/test-dir/TestBlockDeletingService/hdds/b91775dd-ded5-490f-b69e-024384ae06ce/current/containerDir128/110714081496858753/chunks/110714081508393178_chunk_0_block_88 (size 100) for chunk ChunkInfo{chunkName='110714081508393178_chunk_0_block_88, offset=0, len=100}
2023-07-14 19:26:56,144 [BlockDeletingService#0] INFO  impl.FilePerChunkStrategy (FilePerChunkStrategy.java:deleteChunk(322)) - Deleted chunk file /home/runner/work/ozone/ozone/hadoop-hdds/container-service/target/test-dir/TestBlockDeletingService/hdds/b91775dd-ded5-490f-b69e-024384ae06ce/current/containerDir128/110714081496858753/chunks/110714081508458715_chunk_0_block_89 (size 100) for chunk ChunkInfo{chunkName='110714081508458715_chunk_0_block_89, offset=0, len=100}
2023-07-14 19:26:56,144 [BlockDeletingService#0] INFO  impl.FilePerChunkStrategy (FilePerChunkStrategy.java:deleteChunk(322)) - Deleted chunk file /home/runner/work/ozone/ozone/hadoop-hdds/container-service/target/test-dir/TestBlockDeletingService/hdds/b91775dd-ded5-490f-b69e-024384ae06ce/current/containerDir128/110714081496858753/chunks/110714081508524252_chunk_0_block_90 (size 100) for chunk ChunkInfo{chunkName='110714081508524252_chunk_0_block_90, offset=0, len=100}
2023-07-14 19:26:56,145 [BlockDeletingService#0] INFO  impl.FilePerChunkStrategy (FilePerChunkStrategy.java:deleteChunk(322)) - Deleted chunk file /home/runner/work/ozone/ozone/hadoop-hdds/container-service/target/test-dir/TestBlockDeletingService/hdds/b91775dd-ded5-490f-b69e-024384ae06ce/current/containerDir128/110714081496858753/chunks/110714081508655325_chunk_0_block_91 (size 100) for chunk ChunkInfo{chunkName='110714081508655325_chunk_0_block_91, offset=0, len=100}
2023-07-14 19:26:56,145 [BlockDeletingService#0] INFO  impl.FilePerChunkStrategy (FilePerChunkStrategy.java:deleteChunk(322)) - Deleted chunk file /home/runner/work/ozone/ozone/hadoop-hdds/container-service/target/test-dir/TestBlockDeletingService/hdds/b91775dd-ded5-490f-b69e-024384ae06ce/current/containerDir128/110714081496858753/chunks/110714081508720862_chunk_0_block_92 (size 100) for chunk ChunkInfo{chunkName='110714081508720862_chunk_0_block_92, offset=0, len=100}
2023-07-14 19:26:56,145 [BlockDeletingService#0] INFO  impl.FilePerChunkStrategy (FilePerChunkStrategy.java:deleteChunk(322)) - Deleted chunk file /home/runner/work/ozone/ozone/hadoop-hdds/container-service/target/test-dir/TestBlockDeletingService/hdds/b91775dd-ded5-490f-b69e-024384ae06ce/current/containerDir128/110714081496858753/chunks/110714081508786399_chunk_0_block_93 (size 100) for chunk ChunkInfo{chunkName='110714081508786399_chunk_0_block_93, offset=0, len=100}
2023-07-14 19:26:56,148 [BlockDeletingService#0] INFO  impl.FilePerChunkStrategy (FilePerChunkStrategy.java:deleteChunk(322)) - Deleted chunk file /home/runner/work/ozone/ozone/hadoop-hdds/container-service/target/test-dir/TestBlockDeletingService/hdds/b91775dd-ded5-490f-b69e-024384ae06ce/current/containerDir128/110714081496858753/chunks/110714081508917472_chunk_0_block_94 (size 100) for chunk ChunkInfo{chunkName='110714081508917472_chunk_0_block_94, offset=0, len=100}
2023-07-14 19:26:56,148 [BlockDeletingService#0] INFO  impl.FilePerChunkStrategy (FilePerChunkStrategy.java:deleteChunk(322)) - Deleted chunk file /home/runner/work/ozone/ozone/hadoop-hdds/container-service/target/test-dir/TestBlockDeletingService/hdds/b91775dd-ded5-490f-b69e-024384ae06ce/current/containerDir128/110714081496858753/chunks/110714081508983009_chunk_0_block_95 (size 100) for chunk ChunkInfo{chunkName='110714081508983009_chunk_0_block_95, offset=0, len=100}
2023-07-14 19:26:56,148 [BlockDeletingService#0] INFO  impl.FilePerChunkStrategy (FilePerChunkStrategy.java:deleteChunk(322)) - Deleted chunk file /home/runner/work/ozone/ozone/hadoop-hdds/container-service/target/test-dir/TestBlockDeletingService/hdds/b91775dd-ded5-490f-b69e-024384ae06ce/current/containerDir128/110714081496858753/chunks/110714081509048546_chunk_0_block_96 (size 100) for chunk ChunkInfo{chunkName='110714081509048546_chunk_0_block_96, offset=0, len=100}
2023-07-14 19:26:56,149 [BlockDeletingService#0] INFO  impl.FilePerChunkStrategy (FilePerChunkStrategy.java:deleteChunk(322)) - Deleted chunk file /home/runner/work/ozone/ozone/hadoop-hdds/container-service/target/test-dir/TestBlockDeletingService/hdds/b91775dd-ded5-490f-b69e-024384ae06ce/current/containerDir128/110714081496858753/chunks/110714081509114083_chunk_0_block_97 (size 100) for chunk ChunkInfo{chunkName='110714081509114083_chunk_0_block_97, offset=0, len=100}
2023-07-14 19:26:56,149 [BlockDeletingService#0] INFO  impl.FilePerChunkStrategy (FilePerChunkStrategy.java:deleteChunk(322)) - Deleted chunk file /home/runner/work/ozone/ozone/hadoop-hdds/container-service/target/test-dir/TestBlockDeletingService/hdds/b91775dd-ded5-490f-b69e-024384ae06ce/current/containerDir128/110714081496858753/chunks/110714081509179620_chunk_0_block_98 (size 100) for chunk ChunkInfo{chunkName='110714081509179620_chunk_0_block_98, offset=0, len=100}
2023-07-14 19:26:56,150 [BlockDeletingService#0] INFO  impl.FilePerChunkStrategy (FilePerChunkStrategy.java:deleteChunk(322)) - Deleted chunk file /home/runner/work/ozone/ozone/hadoop-hdds/container-service/target/test-dir/TestBlockDeletingService/hdds/b91775dd-ded5-490f-b69e-024384ae06ce/current/containerDir128/110714081496858753/chunks/110714081509310693_chunk_0_block_99 (size 100) for chunk ChunkInfo{chunkName='110714081509310693_chunk_0_block_99, offset=0, len=100}
2023-07-14 19:26:56,155 [BlockDeletingService#0] WARN  utils.BackgroundService (BackgroundService.java:lambda$run$0(130)) - BlockDeletingService Background task execution took 48793603ns > 0ns(timeout)
2023-07-14 19:26:56,204 [main] INFO  utils.BackgroundService (BackgroundService.java:shutdown(141)) - Shutting down service BlockDeletingService
]]></system-out>
  </testcase>
  <testcase name="testShutdownService" classname="TestBlockDeletingService" time="0.576">
    <system-out><![CDATA[2023-07-14 19:26:58,724 [main] INFO  volume.HddsVolume (HddsVolume.java:<init>(126)) - Creating HddsVolume: /home/runner/work/ozone/ozone/hadoop-hdds/container-service/target/test-dir/TestBlockDeletingService/hdds of storage type : DISK capacity : 9223372036854775807
2023-07-14 19:26:58,727 [main] INFO  volume.MutableVolumeSet (MutableVolumeSet.java:initializeVolumeSet(175)) - Added Volume : /home/runner/work/ozone/ozone/hadoop-hdds/container-service/target/test-dir/TestBlockDeletingService/hdds to VolumeSet
2023-07-14 19:26:59,084 [BlockDeletingService#0] INFO  interfaces.ContainerDeletionChoosingPolicyTemplate (ContainerDeletionChoosingPolicyTemplate.java:chooseContainerForBlockDeletion(83)) - Chosen 100/4900 blocks from 1 candidate containers.
2023-07-14 19:26:59,094 [BlockDeletingService#0] INFO  impl.FilePerChunkStrategy (FilePerChunkStrategy.java:deleteChunk(322)) - Deleted chunk file /home/runner/work/ozone/ozone/hadoop-hdds/container-service/target/test-dir/TestBlockDeletingService/hdds/1827d709-d4e3-4ab4-b65e-f364b514a0f6/current/containerDir0/110714081691304206/chunks/110714081693925647_chunk_0_block_0 (size 100) for chunk ChunkInfo{chunkName='110714081693925647_chunk_0_block_0, offset=0, len=100}
2023-07-14 19:26:59,095 [BlockDeletingService#0] INFO  impl.FilePerChunkStrategy (FilePerChunkStrategy.java:deleteChunk(322)) - Deleted chunk file /home/runner/work/ozone/ozone/hadoop-hdds/container-service/target/test-dir/TestBlockDeletingService/hdds/1827d709-d4e3-4ab4-b65e-f364b514a0f6/current/containerDir0/110714081691304206/chunks/110714081694056720_chunk_0_block_1 (size 100) for chunk ChunkInfo{chunkName='110714081694056720_chunk_0_block_1, offset=0, len=100}
2023-07-14 19:26:59,095 [BlockDeletingService#0] INFO  impl.FilePerChunkStrategy (FilePerChunkStrategy.java:deleteChunk(322)) - Deleted chunk file /home/runner/work/ozone/ozone/hadoop-hdds/container-service/target/test-dir/TestBlockDeletingService/hdds/1827d709-d4e3-4ab4-b65e-f364b514a0f6/current/containerDir0/110714081691304206/chunks/110714081694187793_chunk_0_block_2 (size 100) for chunk ChunkInfo{chunkName='110714081694187793_chunk_0_block_2, offset=0, len=100}
2023-07-14 19:26:59,095 [BlockDeletingService#0] INFO  impl.FilePerChunkStrategy (FilePerChunkStrategy.java:deleteChunk(322)) - Deleted chunk file /home/runner/work/ozone/ozone/hadoop-hdds/container-service/target/test-dir/TestBlockDeletingService/hdds/1827d709-d4e3-4ab4-b65e-f364b514a0f6/current/containerDir0/110714081691304206/chunks/110714081694253330_chunk_0_block_3 (size 100) for chunk ChunkInfo{chunkName='110714081694253330_chunk_0_block_3, offset=0, len=100}
2023-07-14 19:26:59,096 [BlockDeletingService#0] INFO  impl.FilePerChunkStrategy (FilePerChunkStrategy.java:deleteChunk(322)) - Deleted chunk file /home/runner/work/ozone/ozone/hadoop-hdds/container-service/target/test-dir/TestBlockDeletingService/hdds/1827d709-d4e3-4ab4-b65e-f364b514a0f6/current/containerDir0/110714081691304206/chunks/110714081694384403_chunk_0_block_4 (size 100) for chunk ChunkInfo{chunkName='110714081694384403_chunk_0_block_4, offset=0, len=100}
2023-07-14 19:26:59,096 [BlockDeletingService#0] INFO  impl.FilePerChunkStrategy (FilePerChunkStrategy.java:deleteChunk(322)) - Deleted chunk file /home/runner/work/ozone/ozone/hadoop-hdds/container-service/target/test-dir/TestBlockDeletingService/hdds/1827d709-d4e3-4ab4-b65e-f364b514a0f6/current/containerDir0/110714081691304206/chunks/110714081694515476_chunk_0_block_5 (size 100) for chunk ChunkInfo{chunkName='110714081694515476_chunk_0_block_5, offset=0, len=100}
2023-07-14 19:26:59,097 [BlockDeletingService#0] INFO  impl.FilePerChunkStrategy (FilePerChunkStrategy.java:deleteChunk(322)) - Deleted chunk file /home/runner/work/ozone/ozone/hadoop-hdds/container-service/target/test-dir/TestBlockDeletingService/hdds/1827d709-d4e3-4ab4-b65e-f364b514a0f6/current/containerDir0/110714081691304206/chunks/110714081694712085_chunk_0_block_6 (size 100) for chunk ChunkInfo{chunkName='110714081694712085_chunk_0_block_6, offset=0, len=100}
2023-07-14 19:26:59,097 [BlockDeletingService#0] INFO  impl.FilePerChunkStrategy (FilePerChunkStrategy.java:deleteChunk(322)) - Deleted chunk file /home/runner/work/ozone/ozone/hadoop-hdds/container-service/target/test-dir/TestBlockDeletingService/hdds/1827d709-d4e3-4ab4-b65e-f364b514a0f6/current/containerDir0/110714081691304206/chunks/110714081694843158_chunk_0_block_7 (size 100) for chunk ChunkInfo{chunkName='110714081694843158_chunk_0_block_7, offset=0, len=100}
2023-07-14 19:26:59,098 [BlockDeletingService#0] INFO  impl.FilePerChunkStrategy (FilePerChunkStrategy.java:deleteChunk(322)) - Deleted chunk file /home/runner/work/ozone/ozone/hadoop-hdds/container-service/target/test-dir/TestBlockDeletingService/hdds/1827d709-d4e3-4ab4-b65e-f364b514a0f6/current/containerDir0/110714081691304206/chunks/110714081694974231_chunk_0_block_8 (size 100) for chunk ChunkInfo{chunkName='110714081694974231_chunk_0_block_8, offset=0, len=100}
2023-07-14 19:26:59,098 [BlockDeletingService#0] INFO  impl.FilePerChunkStrategy (FilePerChunkStrategy.java:deleteChunk(322)) - Deleted chunk file /home/runner/work/ozone/ozone/hadoop-hdds/container-service/target/test-dir/TestBlockDeletingService/hdds/1827d709-d4e3-4ab4-b65e-f364b514a0f6/current/containerDir0/110714081691304206/chunks/110714081695105304_chunk_0_block_9 (size 100) for chunk ChunkInfo{chunkName='110714081695105304_chunk_0_block_9, offset=0, len=100}
2023-07-14 19:26:59,098 [BlockDeletingService#0] INFO  impl.FilePerChunkStrategy (FilePerChunkStrategy.java:deleteChunk(322)) - Deleted chunk file /home/runner/work/ozone/ozone/hadoop-hdds/container-service/target/test-dir/TestBlockDeletingService/hdds/1827d709-d4e3-4ab4-b65e-f364b514a0f6/current/containerDir0/110714081691304206/chunks/110714081695170841_chunk_0_block_10 (size 100) for chunk ChunkInfo{chunkName='110714081695170841_chunk_0_block_10, offset=0, len=100}
2023-07-14 19:26:59,099 [BlockDeletingService#0] INFO  impl.FilePerChunkStrategy (FilePerChunkStrategy.java:deleteChunk(322)) - Deleted chunk file /home/runner/work/ozone/ozone/hadoop-hdds/container-service/target/test-dir/TestBlockDeletingService/hdds/1827d709-d4e3-4ab4-b65e-f364b514a0f6/current/containerDir0/110714081691304206/chunks/110714081695301914_chunk_0_block_11 (size 100) for chunk ChunkInfo{chunkName='110714081695301914_chunk_0_block_11, offset=0, len=100}
2023-07-14 19:26:59,099 [BlockDeletingService#0] INFO  impl.FilePerChunkStrategy (FilePerChunkStrategy.java:deleteChunk(322)) - Deleted chunk file /home/runner/work/ozone/ozone/hadoop-hdds/container-service/target/test-dir/TestBlockDeletingService/hdds/1827d709-d4e3-4ab4-b65e-f364b514a0f6/current/containerDir0/110714081691304206/chunks/110714081695367451_chunk_0_block_12 (size 100) for chunk ChunkInfo{chunkName='110714081695367451_chunk_0_block_12, offset=0, len=100}
2023-07-14 19:26:59,099 [BlockDeletingService#0] INFO  impl.FilePerChunkStrategy (FilePerChunkStrategy.java:deleteChunk(322)) - Deleted chunk file /home/runner/work/ozone/ozone/hadoop-hdds/container-service/target/test-dir/TestBlockDeletingService/hdds/1827d709-d4e3-4ab4-b65e-f364b514a0f6/current/containerDir0/110714081691304206/chunks/110714081695760668_chunk_0_block_13 (size 100) for chunk ChunkInfo{chunkName='110714081695760668_chunk_0_block_13, offset=0, len=100}
2023-07-14 19:26:59,100 [BlockDeletingService#0] INFO  impl.FilePerChunkStrategy (FilePerChunkStrategy.java:deleteChunk(322)) - Deleted chunk file /home/runner/work/ozone/ozone/hadoop-hdds/container-service/target/test-dir/TestBlockDeletingService/hdds/1827d709-d4e3-4ab4-b65e-f364b514a0f6/current/containerDir0/110714081691304206/chunks/110714081695891741_chunk_0_block_14 (size 100) for chunk ChunkInfo{chunkName='110714081695891741_chunk_0_block_14, offset=0, len=100}
2023-07-14 19:26:59,100 [BlockDeletingService#0] INFO  impl.FilePerChunkStrategy (FilePerChunkStrategy.java:deleteChunk(322)) - Deleted chunk file /home/runner/work/ozone/ozone/hadoop-hdds/container-service/target/test-dir/TestBlockDeletingService/hdds/1827d709-d4e3-4ab4-b65e-f364b514a0f6/current/containerDir0/110714081691304206/chunks/110714081696022814_chunk_0_block_15 (size 100) for chunk ChunkInfo{chunkName='110714081696022814_chunk_0_block_15, offset=0, len=100}
2023-07-14 19:26:59,101 [BlockDeletingService#0] INFO  impl.FilePerChunkStrategy (FilePerChunkStrategy.java:deleteChunk(322)) - Deleted chunk file /home/runner/work/ozone/ozone/hadoop-hdds/container-service/target/test-dir/TestBlockDeletingService/hdds/1827d709-d4e3-4ab4-b65e-f364b514a0f6/current/containerDir0/110714081691304206/chunks/110714081696088351_chunk_0_block_16 (size 100) for chunk ChunkInfo{chunkName='110714081696088351_chunk_0_block_16, offset=0, len=100}
2023-07-14 19:26:59,101 [BlockDeletingService#0] INFO  impl.FilePerChunkStrategy (FilePerChunkStrategy.java:deleteChunk(322)) - Deleted chunk file /home/runner/work/ozone/ozone/hadoop-hdds/container-service/target/test-dir/TestBlockDeletingService/hdds/1827d709-d4e3-4ab4-b65e-f364b514a0f6/current/containerDir0/110714081691304206/chunks/110714081696219424_chunk_0_block_17 (size 100) for chunk ChunkInfo{chunkName='110714081696219424_chunk_0_block_17, offset=0, len=100}
2023-07-14 19:26:59,101 [BlockDeletingService#0] INFO  impl.FilePerChunkStrategy (FilePerChunkStrategy.java:deleteChunk(322)) - Deleted chunk file /home/runner/work/ozone/ozone/hadoop-hdds/container-service/target/test-dir/TestBlockDeletingService/hdds/1827d709-d4e3-4ab4-b65e-f364b514a0f6/current/containerDir0/110714081691304206/chunks/110714081696284961_chunk_0_block_18 (size 100) for chunk ChunkInfo{chunkName='110714081696284961_chunk_0_block_18, offset=0, len=100}
2023-07-14 19:26:59,102 [BlockDeletingService#0] INFO  impl.FilePerChunkStrategy (FilePerChunkStrategy.java:deleteChunk(322)) - Deleted chunk file /home/runner/work/ozone/ozone/hadoop-hdds/container-service/target/test-dir/TestBlockDeletingService/hdds/1827d709-d4e3-4ab4-b65e-f364b514a0f6/current/containerDir0/110714081691304206/chunks/110714081696350498_chunk_0_block_19 (size 100) for chunk ChunkInfo{chunkName='110714081696350498_chunk_0_block_19, offset=0, len=100}
2023-07-14 19:26:59,102 [BlockDeletingService#0] INFO  impl.FilePerChunkStrategy (FilePerChunkStrategy.java:deleteChunk(322)) - Deleted chunk file /home/runner/work/ozone/ozone/hadoop-hdds/container-service/target/test-dir/TestBlockDeletingService/hdds/1827d709-d4e3-4ab4-b65e-f364b514a0f6/current/containerDir0/110714081691304206/chunks/110714081696481571_chunk_0_block_20 (size 100) for chunk ChunkInfo{chunkName='110714081696481571_chunk_0_block_20, offset=0, len=100}
2023-07-14 19:26:59,102 [BlockDeletingService#0] INFO  impl.FilePerChunkStrategy (FilePerChunkStrategy.java:deleteChunk(322)) - Deleted chunk file /home/runner/work/ozone/ozone/hadoop-hdds/container-service/target/test-dir/TestBlockDeletingService/hdds/1827d709-d4e3-4ab4-b65e-f364b514a0f6/current/containerDir0/110714081691304206/chunks/110714081696547108_chunk_0_block_21 (size 100) for chunk ChunkInfo{chunkName='110714081696547108_chunk_0_block_21, offset=0, len=100}
2023-07-14 19:26:59,103 [BlockDeletingService#0] INFO  impl.FilePerChunkStrategy (FilePerChunkStrategy.java:deleteChunk(322)) - Deleted chunk file /home/runner/work/ozone/ozone/hadoop-hdds/container-service/target/test-dir/TestBlockDeletingService/hdds/1827d709-d4e3-4ab4-b65e-f364b514a0f6/current/containerDir0/110714081691304206/chunks/110714081696678181_chunk_0_block_22 (size 100) for chunk ChunkInfo{chunkName='110714081696678181_chunk_0_block_22, offset=0, len=100}
2023-07-14 19:26:59,103 [BlockDeletingService#0] INFO  impl.FilePerChunkStrategy (FilePerChunkStrategy.java:deleteChunk(322)) - Deleted chunk file /home/runner/work/ozone/ozone/hadoop-hdds/container-service/target/test-dir/TestBlockDeletingService/hdds/1827d709-d4e3-4ab4-b65e-f364b514a0f6/current/containerDir0/110714081691304206/chunks/110714081696743718_chunk_0_block_23 (size 100) for chunk ChunkInfo{chunkName='110714081696743718_chunk_0_block_23, offset=0, len=100}
2023-07-14 19:26:59,103 [BlockDeletingService#0] INFO  impl.FilePerChunkStrategy (FilePerChunkStrategy.java:deleteChunk(322)) - Deleted chunk file /home/runner/work/ozone/ozone/hadoop-hdds/container-service/target/test-dir/TestBlockDeletingService/hdds/1827d709-d4e3-4ab4-b65e-f364b514a0f6/current/containerDir0/110714081691304206/chunks/110714081696809255_chunk_0_block_24 (size 100) for chunk ChunkInfo{chunkName='110714081696809255_chunk_0_block_24, offset=0, len=100}
2023-07-14 19:26:59,104 [BlockDeletingService#0] INFO  impl.FilePerChunkStrategy (FilePerChunkStrategy.java:deleteChunk(322)) - Deleted chunk file /home/runner/work/ozone/ozone/hadoop-hdds/container-service/target/test-dir/TestBlockDeletingService/hdds/1827d709-d4e3-4ab4-b65e-f364b514a0f6/current/containerDir0/110714081691304206/chunks/110714081696940328_chunk_0_block_25 (size 100) for chunk ChunkInfo{chunkName='110714081696940328_chunk_0_block_25, offset=0, len=100}
2023-07-14 19:26:59,104 [BlockDeletingService#0] INFO  impl.FilePerChunkStrategy (FilePerChunkStrategy.java:deleteChunk(322)) - Deleted chunk file /home/runner/work/ozone/ozone/hadoop-hdds/container-service/target/test-dir/TestBlockDeletingService/hdds/1827d709-d4e3-4ab4-b65e-f364b514a0f6/current/containerDir0/110714081691304206/chunks/110714081697005865_chunk_0_block_26 (size 100) for chunk ChunkInfo{chunkName='110714081697005865_chunk_0_block_26, offset=0, len=100}
2023-07-14 19:26:59,104 [BlockDeletingService#0] INFO  impl.FilePerChunkStrategy (FilePerChunkStrategy.java:deleteChunk(322)) - Deleted chunk file /home/runner/work/ozone/ozone/hadoop-hdds/container-service/target/test-dir/TestBlockDeletingService/hdds/1827d709-d4e3-4ab4-b65e-f364b514a0f6/current/containerDir0/110714081691304206/chunks/110714081697136938_chunk_0_block_27 (size 100) for chunk ChunkInfo{chunkName='110714081697136938_chunk_0_block_27, offset=0, len=100}
2023-07-14 19:26:59,105 [BlockDeletingService#0] INFO  impl.FilePerChunkStrategy (FilePerChunkStrategy.java:deleteChunk(322)) - Deleted chunk file /home/runner/work/ozone/ozone/hadoop-hdds/container-service/target/test-dir/TestBlockDeletingService/hdds/1827d709-d4e3-4ab4-b65e-f364b514a0f6/current/containerDir0/110714081691304206/chunks/110714081697268011_chunk_0_block_28 (size 100) for chunk ChunkInfo{chunkName='110714081697268011_chunk_0_block_28, offset=0, len=100}
2023-07-14 19:26:59,105 [BlockDeletingService#0] INFO  impl.FilePerChunkStrategy (FilePerChunkStrategy.java:deleteChunk(322)) - Deleted chunk file /home/runner/work/ozone/ozone/hadoop-hdds/container-service/target/test-dir/TestBlockDeletingService/hdds/1827d709-d4e3-4ab4-b65e-f364b514a0f6/current/containerDir0/110714081691304206/chunks/110714081697333548_chunk_0_block_29 (size 100) for chunk ChunkInfo{chunkName='110714081697333548_chunk_0_block_29, offset=0, len=100}
2023-07-14 19:26:59,105 [BlockDeletingService#0] INFO  impl.FilePerChunkStrategy (FilePerChunkStrategy.java:deleteChunk(322)) - Deleted chunk file /home/runner/work/ozone/ozone/hadoop-hdds/container-service/target/test-dir/TestBlockDeletingService/hdds/1827d709-d4e3-4ab4-b65e-f364b514a0f6/current/containerDir0/110714081691304206/chunks/110714081697399085_chunk_0_block_30 (size 100) for chunk ChunkInfo{chunkName='110714081697399085_chunk_0_block_30, offset=0, len=100}
2023-07-14 19:26:59,106 [BlockDeletingService#0] INFO  impl.FilePerChunkStrategy (FilePerChunkStrategy.java:deleteChunk(322)) - Deleted chunk file /home/runner/work/ozone/ozone/hadoop-hdds/container-service/target/test-dir/TestBlockDeletingService/hdds/1827d709-d4e3-4ab4-b65e-f364b514a0f6/current/containerDir0/110714081691304206/chunks/110714081697530158_chunk_0_block_31 (size 100) for chunk ChunkInfo{chunkName='110714081697530158_chunk_0_block_31, offset=0, len=100}
2023-07-14 19:26:59,106 [BlockDeletingService#0] INFO  impl.FilePerChunkStrategy (FilePerChunkStrategy.java:deleteChunk(322)) - Deleted chunk file /home/runner/work/ozone/ozone/hadoop-hdds/container-service/target/test-dir/TestBlockDeletingService/hdds/1827d709-d4e3-4ab4-b65e-f364b514a0f6/current/containerDir0/110714081691304206/chunks/110714081697661231_chunk_0_block_32 (size 100) for chunk ChunkInfo{chunkName='110714081697661231_chunk_0_block_32, offset=0, len=100}
2023-07-14 19:26:59,106 [BlockDeletingService#0] INFO  impl.FilePerChunkStrategy (FilePerChunkStrategy.java:deleteChunk(322)) - Deleted chunk file /home/runner/work/ozone/ozone/hadoop-hdds/container-service/target/test-dir/TestBlockDeletingService/hdds/1827d709-d4e3-4ab4-b65e-f364b514a0f6/current/containerDir0/110714081691304206/chunks/110714081697792304_chunk_0_block_33 (size 100) for chunk ChunkInfo{chunkName='110714081697792304_chunk_0_block_33, offset=0, len=100}
2023-07-14 19:26:59,107 [BlockDeletingService#0] INFO  impl.FilePerChunkStrategy (FilePerChunkStrategy.java:deleteChunk(322)) - Deleted chunk file /home/runner/work/ozone/ozone/hadoop-hdds/container-service/target/test-dir/TestBlockDeletingService/hdds/1827d709-d4e3-4ab4-b65e-f364b514a0f6/current/containerDir0/110714081691304206/chunks/110714081697857841_chunk_0_block_34 (size 100) for chunk ChunkInfo{chunkName='110714081697857841_chunk_0_block_34, offset=0, len=100}
2023-07-14 19:26:59,107 [BlockDeletingService#0] INFO  impl.FilePerChunkStrategy (FilePerChunkStrategy.java:deleteChunk(322)) - Deleted chunk file /home/runner/work/ozone/ozone/hadoop-hdds/container-service/target/test-dir/TestBlockDeletingService/hdds/1827d709-d4e3-4ab4-b65e-f364b514a0f6/current/containerDir0/110714081691304206/chunks/110714081697988914_chunk_0_block_35 (size 100) for chunk ChunkInfo{chunkName='110714081697988914_chunk_0_block_35, offset=0, len=100}
2023-07-14 19:26:59,107 [BlockDeletingService#0] INFO  impl.FilePerChunkStrategy (FilePerChunkStrategy.java:deleteChunk(322)) - Deleted chunk file /home/runner/work/ozone/ozone/hadoop-hdds/container-service/target/test-dir/TestBlockDeletingService/hdds/1827d709-d4e3-4ab4-b65e-f364b514a0f6/current/containerDir0/110714081691304206/chunks/110714081698054451_chunk_0_block_36 (size 100) for chunk ChunkInfo{chunkName='110714081698054451_chunk_0_block_36, offset=0, len=100}
2023-07-14 19:26:59,108 [BlockDeletingService#0] INFO  impl.FilePerChunkStrategy (FilePerChunkStrategy.java:deleteChunk(322)) - Deleted chunk file /home/runner/work/ozone/ozone/hadoop-hdds/container-service/target/test-dir/TestBlockDeletingService/hdds/1827d709-d4e3-4ab4-b65e-f364b514a0f6/current/containerDir0/110714081691304206/chunks/110714081698185524_chunk_0_block_37 (size 100) for chunk ChunkInfo{chunkName='110714081698185524_chunk_0_block_37, offset=0, len=100}
2023-07-14 19:26:59,108 [BlockDeletingService#0] INFO  impl.FilePerChunkStrategy (FilePerChunkStrategy.java:deleteChunk(322)) - Deleted chunk file /home/runner/work/ozone/ozone/hadoop-hdds/container-service/target/test-dir/TestBlockDeletingService/hdds/1827d709-d4e3-4ab4-b65e-f364b514a0f6/current/containerDir0/110714081691304206/chunks/110714081698251061_chunk_0_block_38 (size 100) for chunk ChunkInfo{chunkName='110714081698251061_chunk_0_block_38, offset=0, len=100}
2023-07-14 19:26:59,108 [BlockDeletingService#0] INFO  impl.FilePerChunkStrategy (FilePerChunkStrategy.java:deleteChunk(322)) - Deleted chunk file /home/runner/work/ozone/ozone/hadoop-hdds/container-service/target/test-dir/TestBlockDeletingService/hdds/1827d709-d4e3-4ab4-b65e-f364b514a0f6/current/containerDir0/110714081691304206/chunks/110714081698382134_chunk_0_block_39 (size 100) for chunk ChunkInfo{chunkName='110714081698382134_chunk_0_block_39, offset=0, len=100}
2023-07-14 19:26:59,109 [BlockDeletingService#0] INFO  impl.FilePerChunkStrategy (FilePerChunkStrategy.java:deleteChunk(322)) - Deleted chunk file /home/runner/work/ozone/ozone/hadoop-hdds/container-service/target/test-dir/TestBlockDeletingService/hdds/1827d709-d4e3-4ab4-b65e-f364b514a0f6/current/containerDir0/110714081691304206/chunks/110714081698513207_chunk_0_block_40 (size 100) for chunk ChunkInfo{chunkName='110714081698513207_chunk_0_block_40, offset=0, len=100}
2023-07-14 19:26:59,109 [BlockDeletingService#0] INFO  impl.FilePerChunkStrategy (FilePerChunkStrategy.java:deleteChunk(322)) - Deleted chunk file /home/runner/work/ozone/ozone/hadoop-hdds/container-service/target/test-dir/TestBlockDeletingService/hdds/1827d709-d4e3-4ab4-b65e-f364b514a0f6/current/containerDir0/110714081691304206/chunks/110714081698578744_chunk_0_block_41 (size 100) for chunk ChunkInfo{chunkName='110714081698578744_chunk_0_block_41, offset=0, len=100}
2023-07-14 19:26:59,109 [BlockDeletingService#0] INFO  impl.FilePerChunkStrategy (FilePerChunkStrategy.java:deleteChunk(322)) - Deleted chunk file /home/runner/work/ozone/ozone/hadoop-hdds/container-service/target/test-dir/TestBlockDeletingService/hdds/1827d709-d4e3-4ab4-b65e-f364b514a0f6/current/containerDir0/110714081691304206/chunks/110714081698709817_chunk_0_block_42 (size 100) for chunk ChunkInfo{chunkName='110714081698709817_chunk_0_block_42, offset=0, len=100}
2023-07-14 19:26:59,110 [BlockDeletingService#0] INFO  impl.FilePerChunkStrategy (FilePerChunkStrategy.java:deleteChunk(322)) - Deleted chunk file /home/runner/work/ozone/ozone/hadoop-hdds/container-service/target/test-dir/TestBlockDeletingService/hdds/1827d709-d4e3-4ab4-b65e-f364b514a0f6/current/containerDir0/110714081691304206/chunks/110714081698840890_chunk_0_block_43 (size 100) for chunk ChunkInfo{chunkName='110714081698840890_chunk_0_block_43, offset=0, len=100}
2023-07-14 19:26:59,110 [BlockDeletingService#0] INFO  impl.FilePerChunkStrategy (FilePerChunkStrategy.java:deleteChunk(322)) - Deleted chunk file /home/runner/work/ozone/ozone/hadoop-hdds/container-service/target/test-dir/TestBlockDeletingService/hdds/1827d709-d4e3-4ab4-b65e-f364b514a0f6/current/containerDir0/110714081691304206/chunks/110714081698906427_chunk_0_block_44 (size 100) for chunk ChunkInfo{chunkName='110714081698906427_chunk_0_block_44, offset=0, len=100}
2023-07-14 19:26:59,110 [BlockDeletingService#0] INFO  impl.FilePerChunkStrategy (FilePerChunkStrategy.java:deleteChunk(322)) - Deleted chunk file /home/runner/work/ozone/ozone/hadoop-hdds/container-service/target/test-dir/TestBlockDeletingService/hdds/1827d709-d4e3-4ab4-b65e-f364b514a0f6/current/containerDir0/110714081691304206/chunks/110714081699037500_chunk_0_block_45 (size 100) for chunk ChunkInfo{chunkName='110714081699037500_chunk_0_block_45, offset=0, len=100}
2023-07-14 19:26:59,111 [BlockDeletingService#0] INFO  impl.FilePerChunkStrategy (FilePerChunkStrategy.java:deleteChunk(322)) - Deleted chunk file /home/runner/work/ozone/ozone/hadoop-hdds/container-service/target/test-dir/TestBlockDeletingService/hdds/1827d709-d4e3-4ab4-b65e-f364b514a0f6/current/containerDir0/110714081691304206/chunks/110714081699168573_chunk_0_block_46 (size 100) for chunk ChunkInfo{chunkName='110714081699168573_chunk_0_block_46, offset=0, len=100}
2023-07-14 19:26:59,111 [BlockDeletingService#0] INFO  impl.FilePerChunkStrategy (FilePerChunkStrategy.java:deleteChunk(322)) - Deleted chunk file /home/runner/work/ozone/ozone/hadoop-hdds/container-service/target/test-dir/TestBlockDeletingService/hdds/1827d709-d4e3-4ab4-b65e-f364b514a0f6/current/containerDir0/110714081691304206/chunks/110714081699234110_chunk_0_block_47 (size 100) for chunk ChunkInfo{chunkName='110714081699234110_chunk_0_block_47, offset=0, len=100}
2023-07-14 19:26:59,111 [BlockDeletingService#0] INFO  impl.FilePerChunkStrategy (FilePerChunkStrategy.java:deleteChunk(322)) - Deleted chunk file /home/runner/work/ozone/ozone/hadoop-hdds/container-service/target/test-dir/TestBlockDeletingService/hdds/1827d709-d4e3-4ab4-b65e-f364b514a0f6/current/containerDir0/110714081691304206/chunks/110714081699365183_chunk_0_block_48 (size 100) for chunk ChunkInfo{chunkName='110714081699365183_chunk_0_block_48, offset=0, len=100}
2023-07-14 19:26:59,112 [BlockDeletingService#0] INFO  impl.FilePerChunkStrategy (FilePerChunkStrategy.java:deleteChunk(322)) - Deleted chunk file /home/runner/work/ozone/ozone/hadoop-hdds/container-service/target/test-dir/TestBlockDeletingService/hdds/1827d709-d4e3-4ab4-b65e-f364b514a0f6/current/containerDir0/110714081691304206/chunks/110714081699496256_chunk_0_block_49 (size 100) for chunk ChunkInfo{chunkName='110714081699496256_chunk_0_block_49, offset=0, len=100}
2023-07-14 19:26:59,112 [BlockDeletingService#0] INFO  impl.FilePerChunkStrategy (FilePerChunkStrategy.java:deleteChunk(322)) - Deleted chunk file /home/runner/work/ozone/ozone/hadoop-hdds/container-service/target/test-dir/TestBlockDeletingService/hdds/1827d709-d4e3-4ab4-b65e-f364b514a0f6/current/containerDir0/110714081691304206/chunks/110714081699561793_chunk_0_block_50 (size 100) for chunk ChunkInfo{chunkName='110714081699561793_chunk_0_block_50, offset=0, len=100}
2023-07-14 19:26:59,112 [BlockDeletingService#0] INFO  impl.FilePerChunkStrategy (FilePerChunkStrategy.java:deleteChunk(322)) - Deleted chunk file /home/runner/work/ozone/ozone/hadoop-hdds/container-service/target/test-dir/TestBlockDeletingService/hdds/1827d709-d4e3-4ab4-b65e-f364b514a0f6/current/containerDir0/110714081691304206/chunks/110714081699692866_chunk_0_block_51 (size 100) for chunk ChunkInfo{chunkName='110714081699692866_chunk_0_block_51, offset=0, len=100}
2023-07-14 19:26:59,113 [BlockDeletingService#0] INFO  impl.FilePerChunkStrategy (FilePerChunkStrategy.java:deleteChunk(322)) - Deleted chunk file /home/runner/work/ozone/ozone/hadoop-hdds/container-service/target/test-dir/TestBlockDeletingService/hdds/1827d709-d4e3-4ab4-b65e-f364b514a0f6/current/containerDir0/110714081691304206/chunks/110714081699758403_chunk_0_block_52 (size 100) for chunk ChunkInfo{chunkName='110714081699758403_chunk_0_block_52, offset=0, len=100}
2023-07-14 19:26:59,113 [BlockDeletingService#0] INFO  impl.FilePerChunkStrategy (FilePerChunkStrategy.java:deleteChunk(322)) - Deleted chunk file /home/runner/work/ozone/ozone/hadoop-hdds/container-service/target/test-dir/TestBlockDeletingService/hdds/1827d709-d4e3-4ab4-b65e-f364b514a0f6/current/containerDir0/110714081691304206/chunks/110714081699889476_chunk_0_block_53 (size 100) for chunk ChunkInfo{chunkName='110714081699889476_chunk_0_block_53, offset=0, len=100}
2023-07-14 19:26:59,113 [BlockDeletingService#0] INFO  impl.FilePerChunkStrategy (FilePerChunkStrategy.java:deleteChunk(322)) - Deleted chunk file /home/runner/work/ozone/ozone/hadoop-hdds/container-service/target/test-dir/TestBlockDeletingService/hdds/1827d709-d4e3-4ab4-b65e-f364b514a0f6/current/containerDir0/110714081691304206/chunks/110714081699955013_chunk_0_block_54 (size 100) for chunk ChunkInfo{chunkName='110714081699955013_chunk_0_block_54, offset=0, len=100}
2023-07-14 19:26:59,113 [BlockDeletingService#0] INFO  impl.FilePerChunkStrategy (FilePerChunkStrategy.java:deleteChunk(322)) - Deleted chunk file /home/runner/work/ozone/ozone/hadoop-hdds/container-service/target/test-dir/TestBlockDeletingService/hdds/1827d709-d4e3-4ab4-b65e-f364b514a0f6/current/containerDir0/110714081691304206/chunks/110714081700086086_chunk_0_block_55 (size 100) for chunk ChunkInfo{chunkName='110714081700086086_chunk_0_block_55, offset=0, len=100}
2023-07-14 19:26:59,114 [BlockDeletingService#0] INFO  impl.FilePerChunkStrategy (FilePerChunkStrategy.java:deleteChunk(322)) - Deleted chunk file /home/runner/work/ozone/ozone/hadoop-hdds/container-service/target/test-dir/TestBlockDeletingService/hdds/1827d709-d4e3-4ab4-b65e-f364b514a0f6/current/containerDir0/110714081691304206/chunks/110714081700151623_chunk_0_block_56 (size 100) for chunk ChunkInfo{chunkName='110714081700151623_chunk_0_block_56, offset=0, len=100}
2023-07-14 19:26:59,114 [BlockDeletingService#0] INFO  impl.FilePerChunkStrategy (FilePerChunkStrategy.java:deleteChunk(322)) - Deleted chunk file /home/runner/work/ozone/ozone/hadoop-hdds/container-service/target/test-dir/TestBlockDeletingService/hdds/1827d709-d4e3-4ab4-b65e-f364b514a0f6/current/containerDir0/110714081691304206/chunks/110714081700282696_chunk_0_block_57 (size 100) for chunk ChunkInfo{chunkName='110714081700282696_chunk_0_block_57, offset=0, len=100}
2023-07-14 19:26:59,114 [BlockDeletingService#0] INFO  impl.FilePerChunkStrategy (FilePerChunkStrategy.java:deleteChunk(322)) - Deleted chunk file /home/runner/work/ozone/ozone/hadoop-hdds/container-service/target/test-dir/TestBlockDeletingService/hdds/1827d709-d4e3-4ab4-b65e-f364b514a0f6/current/containerDir0/110714081691304206/chunks/110714081700348233_chunk_0_block_58 (size 100) for chunk ChunkInfo{chunkName='110714081700348233_chunk_0_block_58, offset=0, len=100}
2023-07-14 19:26:59,115 [BlockDeletingService#0] INFO  impl.FilePerChunkStrategy (FilePerChunkStrategy.java:deleteChunk(322)) - Deleted chunk file /home/runner/work/ozone/ozone/hadoop-hdds/container-service/target/test-dir/TestBlockDeletingService/hdds/1827d709-d4e3-4ab4-b65e-f364b514a0f6/current/containerDir0/110714081691304206/chunks/110714081700413770_chunk_0_block_59 (size 100) for chunk ChunkInfo{chunkName='110714081700413770_chunk_0_block_59, offset=0, len=100}
2023-07-14 19:26:59,115 [BlockDeletingService#0] INFO  impl.FilePerChunkStrategy (FilePerChunkStrategy.java:deleteChunk(322)) - Deleted chunk file /home/runner/work/ozone/ozone/hadoop-hdds/container-service/target/test-dir/TestBlockDeletingService/hdds/1827d709-d4e3-4ab4-b65e-f364b514a0f6/current/containerDir0/110714081691304206/chunks/110714081700610379_chunk_0_block_60 (size 100) for chunk ChunkInfo{chunkName='110714081700610379_chunk_0_block_60, offset=0, len=100}
2023-07-14 19:26:59,115 [BlockDeletingService#0] INFO  impl.FilePerChunkStrategy (FilePerChunkStrategy.java:deleteChunk(322)) - Deleted chunk file /home/runner/work/ozone/ozone/hadoop-hdds/container-service/target/test-dir/TestBlockDeletingService/hdds/1827d709-d4e3-4ab4-b65e-f364b514a0f6/current/containerDir0/110714081691304206/chunks/110714081700675916_chunk_0_block_61 (size 100) for chunk ChunkInfo{chunkName='110714081700675916_chunk_0_block_61, offset=0, len=100}
2023-07-14 19:26:59,116 [BlockDeletingService#0] INFO  impl.FilePerChunkStrategy (FilePerChunkStrategy.java:deleteChunk(322)) - Deleted chunk file /home/runner/work/ozone/ozone/hadoop-hdds/container-service/target/test-dir/TestBlockDeletingService/hdds/1827d709-d4e3-4ab4-b65e-f364b514a0f6/current/containerDir0/110714081691304206/chunks/110714081700806989_chunk_0_block_62 (size 100) for chunk ChunkInfo{chunkName='110714081700806989_chunk_0_block_62, offset=0, len=100}
2023-07-14 19:26:59,116 [BlockDeletingService#0] INFO  impl.FilePerChunkStrategy (FilePerChunkStrategy.java:deleteChunk(322)) - Deleted chunk file /home/runner/work/ozone/ozone/hadoop-hdds/container-service/target/test-dir/TestBlockDeletingService/hdds/1827d709-d4e3-4ab4-b65e-f364b514a0f6/current/containerDir0/110714081691304206/chunks/110714081700872526_chunk_0_block_63 (size 100) for chunk ChunkInfo{chunkName='110714081700872526_chunk_0_block_63, offset=0, len=100}
2023-07-14 19:26:59,117 [BlockDeletingService#0] INFO  impl.FilePerChunkStrategy (FilePerChunkStrategy.java:deleteChunk(322)) - Deleted chunk file /home/runner/work/ozone/ozone/hadoop-hdds/container-service/target/test-dir/TestBlockDeletingService/hdds/1827d709-d4e3-4ab4-b65e-f364b514a0f6/current/containerDir0/110714081691304206/chunks/110714081701003599_chunk_0_block_64 (size 100) for chunk ChunkInfo{chunkName='110714081701003599_chunk_0_block_64, offset=0, len=100}
2023-07-14 19:26:59,117 [BlockDeletingService#0] INFO  impl.FilePerChunkStrategy (FilePerChunkStrategy.java:deleteChunk(322)) - Deleted chunk file /home/runner/work/ozone/ozone/hadoop-hdds/container-service/target/test-dir/TestBlockDeletingService/hdds/1827d709-d4e3-4ab4-b65e-f364b514a0f6/current/containerDir0/110714081691304206/chunks/110714081701069136_chunk_0_block_65 (size 100) for chunk ChunkInfo{chunkName='110714081701069136_chunk_0_block_65, offset=0, len=100}
2023-07-14 19:26:59,118 [BlockDeletingService#0] INFO  impl.FilePerChunkStrategy (FilePerChunkStrategy.java:deleteChunk(322)) - Deleted chunk file /home/runner/work/ozone/ozone/hadoop-hdds/container-service/target/test-dir/TestBlockDeletingService/hdds/1827d709-d4e3-4ab4-b65e-f364b514a0f6/current/containerDir0/110714081691304206/chunks/110714081701200209_chunk_0_block_66 (size 100) for chunk ChunkInfo{chunkName='110714081701200209_chunk_0_block_66, offset=0, len=100}
2023-07-14 19:26:59,118 [BlockDeletingService#0] INFO  impl.FilePerChunkStrategy (FilePerChunkStrategy.java:deleteChunk(322)) - Deleted chunk file /home/runner/work/ozone/ozone/hadoop-hdds/container-service/target/test-dir/TestBlockDeletingService/hdds/1827d709-d4e3-4ab4-b65e-f364b514a0f6/current/containerDir0/110714081691304206/chunks/110714081701265746_chunk_0_block_67 (size 100) for chunk ChunkInfo{chunkName='110714081701265746_chunk_0_block_67, offset=0, len=100}
2023-07-14 19:26:59,118 [BlockDeletingService#0] INFO  impl.FilePerChunkStrategy (FilePerChunkStrategy.java:deleteChunk(322)) - Deleted chunk file /home/runner/work/ozone/ozone/hadoop-hdds/container-service/target/test-dir/TestBlockDeletingService/hdds/1827d709-d4e3-4ab4-b65e-f364b514a0f6/current/containerDir0/110714081691304206/chunks/110714081701331283_chunk_0_block_68 (size 100) for chunk ChunkInfo{chunkName='110714081701331283_chunk_0_block_68, offset=0, len=100}
2023-07-14 19:26:59,119 [BlockDeletingService#0] INFO  impl.FilePerChunkStrategy (FilePerChunkStrategy.java:deleteChunk(322)) - Deleted chunk file /home/runner/work/ozone/ozone/hadoop-hdds/container-service/target/test-dir/TestBlockDeletingService/hdds/1827d709-d4e3-4ab4-b65e-f364b514a0f6/current/containerDir0/110714081691304206/chunks/110714081701462356_chunk_0_block_69 (size 100) for chunk ChunkInfo{chunkName='110714081701462356_chunk_0_block_69, offset=0, len=100}
2023-07-14 19:26:59,119 [BlockDeletingService#0] INFO  impl.FilePerChunkStrategy (FilePerChunkStrategy.java:deleteChunk(322)) - Deleted chunk file /home/runner/work/ozone/ozone/hadoop-hdds/container-service/target/test-dir/TestBlockDeletingService/hdds/1827d709-d4e3-4ab4-b65e-f364b514a0f6/current/containerDir0/110714081691304206/chunks/110714081701593429_chunk_0_block_70 (size 100) for chunk ChunkInfo{chunkName='110714081701593429_chunk_0_block_70, offset=0, len=100}
2023-07-14 19:26:59,119 [BlockDeletingService#0] INFO  impl.FilePerChunkStrategy (FilePerChunkStrategy.java:deleteChunk(322)) - Deleted chunk file /home/runner/work/ozone/ozone/hadoop-hdds/container-service/target/test-dir/TestBlockDeletingService/hdds/1827d709-d4e3-4ab4-b65e-f364b514a0f6/current/containerDir0/110714081691304206/chunks/110714081701724502_chunk_0_block_71 (size 100) for chunk ChunkInfo{chunkName='110714081701724502_chunk_0_block_71, offset=0, len=100}
2023-07-14 19:26:59,120 [BlockDeletingService#0] INFO  impl.FilePerChunkStrategy (FilePerChunkStrategy.java:deleteChunk(322)) - Deleted chunk file /home/runner/work/ozone/ozone/hadoop-hdds/container-service/target/test-dir/TestBlockDeletingService/hdds/1827d709-d4e3-4ab4-b65e-f364b514a0f6/current/containerDir0/110714081691304206/chunks/110714081701855575_chunk_0_block_72 (size 100) for chunk ChunkInfo{chunkName='110714081701855575_chunk_0_block_72, offset=0, len=100}
2023-07-14 19:26:59,120 [BlockDeletingService#0] INFO  impl.FilePerChunkStrategy (FilePerChunkStrategy.java:deleteChunk(322)) - Deleted chunk file /home/runner/work/ozone/ozone/hadoop-hdds/container-service/target/test-dir/TestBlockDeletingService/hdds/1827d709-d4e3-4ab4-b65e-f364b514a0f6/current/containerDir0/110714081691304206/chunks/110714081701921112_chunk_0_block_73 (size 100) for chunk ChunkInfo{chunkName='110714081701921112_chunk_0_block_73, offset=0, len=100}
2023-07-14 19:26:59,120 [BlockDeletingService#0] INFO  impl.FilePerChunkStrategy (FilePerChunkStrategy.java:deleteChunk(322)) - Deleted chunk file /home/runner/work/ozone/ozone/hadoop-hdds/container-service/target/test-dir/TestBlockDeletingService/hdds/1827d709-d4e3-4ab4-b65e-f364b514a0f6/current/containerDir0/110714081691304206/chunks/110714081702052185_chunk_0_block_74 (size 100) for chunk ChunkInfo{chunkName='110714081702052185_chunk_0_block_74, offset=0, len=100}
2023-07-14 19:26:59,121 [BlockDeletingService#0] INFO  impl.FilePerChunkStrategy (FilePerChunkStrategy.java:deleteChunk(322)) - Deleted chunk file /home/runner/work/ozone/ozone/hadoop-hdds/container-service/target/test-dir/TestBlockDeletingService/hdds/1827d709-d4e3-4ab4-b65e-f364b514a0f6/current/containerDir0/110714081691304206/chunks/110714081702183258_chunk_0_block_75 (size 100) for chunk ChunkInfo{chunkName='110714081702183258_chunk_0_block_75, offset=0, len=100}
2023-07-14 19:26:59,121 [BlockDeletingService#0] INFO  impl.FilePerChunkStrategy (FilePerChunkStrategy.java:deleteChunk(322)) - Deleted chunk file /home/runner/work/ozone/ozone/hadoop-hdds/container-service/target/test-dir/TestBlockDeletingService/hdds/1827d709-d4e3-4ab4-b65e-f364b514a0f6/current/containerDir0/110714081691304206/chunks/110714081702248795_chunk_0_block_76 (size 100) for chunk ChunkInfo{chunkName='110714081702248795_chunk_0_block_76, offset=0, len=100}
2023-07-14 19:26:59,121 [BlockDeletingService#0] INFO  impl.FilePerChunkStrategy (FilePerChunkStrategy.java:deleteChunk(322)) - Deleted chunk file /home/runner/work/ozone/ozone/hadoop-hdds/container-service/target/test-dir/TestBlockDeletingService/hdds/1827d709-d4e3-4ab4-b65e-f364b514a0f6/current/containerDir0/110714081691304206/chunks/110714081702379868_chunk_0_block_77 (size 100) for chunk ChunkInfo{chunkName='110714081702379868_chunk_0_block_77, offset=0, len=100}
2023-07-14 19:26:59,122 [BlockDeletingService#0] INFO  impl.FilePerChunkStrategy (FilePerChunkStrategy.java:deleteChunk(322)) - Deleted chunk file /home/runner/work/ozone/ozone/hadoop-hdds/container-service/target/test-dir/TestBlockDeletingService/hdds/1827d709-d4e3-4ab4-b65e-f364b514a0f6/current/containerDir0/110714081691304206/chunks/110714081702445405_chunk_0_block_78 (size 100) for chunk ChunkInfo{chunkName='110714081702445405_chunk_0_block_78, offset=0, len=100}
2023-07-14 19:26:59,122 [BlockDeletingService#0] INFO  impl.FilePerChunkStrategy (FilePerChunkStrategy.java:deleteChunk(322)) - Deleted chunk file /home/runner/work/ozone/ozone/hadoop-hdds/container-service/target/test-dir/TestBlockDeletingService/hdds/1827d709-d4e3-4ab4-b65e-f364b514a0f6/current/containerDir0/110714081691304206/chunks/110714081702576478_chunk_0_block_79 (size 100) for chunk ChunkInfo{chunkName='110714081702576478_chunk_0_block_79, offset=0, len=100}
2023-07-14 19:26:59,122 [BlockDeletingService#0] INFO  impl.FilePerChunkStrategy (FilePerChunkStrategy.java:deleteChunk(322)) - Deleted chunk file /home/runner/work/ozone/ozone/hadoop-hdds/container-service/target/test-dir/TestBlockDeletingService/hdds/1827d709-d4e3-4ab4-b65e-f364b514a0f6/current/containerDir0/110714081691304206/chunks/110714081702707551_chunk_0_block_80 (size 100) for chunk ChunkInfo{chunkName='110714081702707551_chunk_0_block_80, offset=0, len=100}
2023-07-14 19:26:59,123 [BlockDeletingService#0] INFO  impl.FilePerChunkStrategy (FilePerChunkStrategy.java:deleteChunk(322)) - Deleted chunk file /home/runner/work/ozone/ozone/hadoop-hdds/container-service/target/test-dir/TestBlockDeletingService/hdds/1827d709-d4e3-4ab4-b65e-f364b514a0f6/current/containerDir0/110714081691304206/chunks/110714081702773088_chunk_0_block_81 (size 100) for chunk ChunkInfo{chunkName='110714081702773088_chunk_0_block_81, offset=0, len=100}
2023-07-14 19:26:59,123 [BlockDeletingService#0] INFO  impl.FilePerChunkStrategy (FilePerChunkStrategy.java:deleteChunk(322)) - Deleted chunk file /home/runner/work/ozone/ozone/hadoop-hdds/container-service/target/test-dir/TestBlockDeletingService/hdds/1827d709-d4e3-4ab4-b65e-f364b514a0f6/current/containerDir0/110714081691304206/chunks/110714081702904161_chunk_0_block_82 (size 100) for chunk ChunkInfo{chunkName='110714081702904161_chunk_0_block_82, offset=0, len=100}
2023-07-14 19:26:59,123 [BlockDeletingService#0] INFO  impl.FilePerChunkStrategy (FilePerChunkStrategy.java:deleteChunk(322)) - Deleted chunk file /home/runner/work/ozone/ozone/hadoop-hdds/container-service/target/test-dir/TestBlockDeletingService/hdds/1827d709-d4e3-4ab4-b65e-f364b514a0f6/current/containerDir0/110714081691304206/chunks/110714081702969698_chunk_0_block_83 (size 100) for chunk ChunkInfo{chunkName='110714081702969698_chunk_0_block_83, offset=0, len=100}
2023-07-14 19:26:59,123 [BlockDeletingService#0] INFO  impl.FilePerChunkStrategy (FilePerChunkStrategy.java:deleteChunk(322)) - Deleted chunk file /home/runner/work/ozone/ozone/hadoop-hdds/container-service/target/test-dir/TestBlockDeletingService/hdds/1827d709-d4e3-4ab4-b65e-f364b514a0f6/current/containerDir0/110714081691304206/chunks/110714081703100771_chunk_0_block_84 (size 100) for chunk ChunkInfo{chunkName='110714081703100771_chunk_0_block_84, offset=0, len=100}
2023-07-14 19:26:59,124 [BlockDeletingService#0] INFO  impl.FilePerChunkStrategy (FilePerChunkStrategy.java:deleteChunk(322)) - Deleted chunk file /home/runner/work/ozone/ozone/hadoop-hdds/container-service/target/test-dir/TestBlockDeletingService/hdds/1827d709-d4e3-4ab4-b65e-f364b514a0f6/current/containerDir0/110714081691304206/chunks/110714081703166308_chunk_0_block_85 (size 100) for chunk ChunkInfo{chunkName='110714081703166308_chunk_0_block_85, offset=0, len=100}
2023-07-14 19:26:59,124 [BlockDeletingService#0] INFO  impl.FilePerChunkStrategy (FilePerChunkStrategy.java:deleteChunk(322)) - Deleted chunk file /home/runner/work/ozone/ozone/hadoop-hdds/container-service/target/test-dir/TestBlockDeletingService/hdds/1827d709-d4e3-4ab4-b65e-f364b514a0f6/current/containerDir0/110714081691304206/chunks/110714081703297381_chunk_0_block_86 (size 100) for chunk ChunkInfo{chunkName='110714081703297381_chunk_0_block_86, offset=0, len=100}
2023-07-14 19:26:59,124 [BlockDeletingService#0] INFO  impl.FilePerChunkStrategy (FilePerChunkStrategy.java:deleteChunk(322)) - Deleted chunk file /home/runner/work/ozone/ozone/hadoop-hdds/container-service/target/test-dir/TestBlockDeletingService/hdds/1827d709-d4e3-4ab4-b65e-f364b514a0f6/current/containerDir0/110714081691304206/chunks/110714081703362918_chunk_0_block_87 (size 100) for chunk ChunkInfo{chunkName='110714081703362918_chunk_0_block_87, offset=0, len=100}
2023-07-14 19:26:59,125 [BlockDeletingService#0] INFO  impl.FilePerChunkStrategy (FilePerChunkStrategy.java:deleteChunk(322)) - Deleted chunk file /home/runner/work/ozone/ozone/hadoop-hdds/container-service/target/test-dir/TestBlockDeletingService/hdds/1827d709-d4e3-4ab4-b65e-f364b514a0f6/current/containerDir0/110714081691304206/chunks/110714081703493991_chunk_0_block_88 (size 100) for chunk ChunkInfo{chunkName='110714081703493991_chunk_0_block_88, offset=0, len=100}
2023-07-14 19:26:59,125 [BlockDeletingService#0] INFO  impl.FilePerChunkStrategy (FilePerChunkStrategy.java:deleteChunk(322)) - Deleted chunk file /home/runner/work/ozone/ozone/hadoop-hdds/container-service/target/test-dir/TestBlockDeletingService/hdds/1827d709-d4e3-4ab4-b65e-f364b514a0f6/current/containerDir0/110714081691304206/chunks/110714081703559528_chunk_0_block_89 (size 100) for chunk ChunkInfo{chunkName='110714081703559528_chunk_0_block_89, offset=0, len=100}
2023-07-14 19:26:59,125 [BlockDeletingService#0] INFO  impl.FilePerChunkStrategy (FilePerChunkStrategy.java:deleteChunk(322)) - Deleted chunk file /home/runner/work/ozone/ozone/hadoop-hdds/container-service/target/test-dir/TestBlockDeletingService/hdds/1827d709-d4e3-4ab4-b65e-f364b514a0f6/current/containerDir0/110714081691304206/chunks/110714081703690601_chunk_0_block_90 (size 100) for chunk ChunkInfo{chunkName='110714081703690601_chunk_0_block_90, offset=0, len=100}
2023-07-14 19:26:59,125 [BlockDeletingService#0] INFO  impl.FilePerChunkStrategy (FilePerChunkStrategy.java:deleteChunk(322)) - Deleted chunk file /home/runner/work/ozone/ozone/hadoop-hdds/container-service/target/test-dir/TestBlockDeletingService/hdds/1827d709-d4e3-4ab4-b65e-f364b514a0f6/current/containerDir0/110714081691304206/chunks/110714081703821674_chunk_0_block_91 (size 100) for chunk ChunkInfo{chunkName='110714081703821674_chunk_0_block_91, offset=0, len=100}
2023-07-14 19:26:59,126 [BlockDeletingService#0] INFO  impl.FilePerChunkStrategy (FilePerChunkStrategy.java:deleteChunk(322)) - Deleted chunk file /home/runner/work/ozone/ozone/hadoop-hdds/container-service/target/test-dir/TestBlockDeletingService/hdds/1827d709-d4e3-4ab4-b65e-f364b514a0f6/current/containerDir0/110714081691304206/chunks/110714081703887211_chunk_0_block_92 (size 100) for chunk ChunkInfo{chunkName='110714081703887211_chunk_0_block_92, offset=0, len=100}
2023-07-14 19:26:59,126 [BlockDeletingService#0] INFO  impl.FilePerChunkStrategy (FilePerChunkStrategy.java:deleteChunk(322)) - Deleted chunk file /home/runner/work/ozone/ozone/hadoop-hdds/container-service/target/test-dir/TestBlockDeletingService/hdds/1827d709-d4e3-4ab4-b65e-f364b514a0f6/current/containerDir0/110714081691304206/chunks/110714081703952748_chunk_0_block_93 (size 100) for chunk ChunkInfo{chunkName='110714081703952748_chunk_0_block_93, offset=0, len=100}
2023-07-14 19:26:59,126 [BlockDeletingService#0] INFO  impl.FilePerChunkStrategy (FilePerChunkStrategy.java:deleteChunk(322)) - Deleted chunk file /home/runner/work/ozone/ozone/hadoop-hdds/container-service/target/test-dir/TestBlockDeletingService/hdds/1827d709-d4e3-4ab4-b65e-f364b514a0f6/current/containerDir0/110714081691304206/chunks/110714081704083821_chunk_0_block_94 (size 100) for chunk ChunkInfo{chunkName='110714081704083821_chunk_0_block_94, offset=0, len=100}
2023-07-14 19:26:59,127 [BlockDeletingService#0] INFO  impl.FilePerChunkStrategy (FilePerChunkStrategy.java:deleteChunk(322)) - Deleted chunk file /home/runner/work/ozone/ozone/hadoop-hdds/container-service/target/test-dir/TestBlockDeletingService/hdds/1827d709-d4e3-4ab4-b65e-f364b514a0f6/current/containerDir0/110714081691304206/chunks/110714081704149358_chunk_0_block_95 (size 100) for chunk ChunkInfo{chunkName='110714081704149358_chunk_0_block_95, offset=0, len=100}
2023-07-14 19:26:59,127 [BlockDeletingService#0] INFO  impl.FilePerChunkStrategy (FilePerChunkStrategy.java:deleteChunk(322)) - Deleted chunk file /home/runner/work/ozone/ozone/hadoop-hdds/container-service/target/test-dir/TestBlockDeletingService/hdds/1827d709-d4e3-4ab4-b65e-f364b514a0f6/current/containerDir0/110714081691304206/chunks/110714081704214895_chunk_0_block_96 (size 100) for chunk ChunkInfo{chunkName='110714081704214895_chunk_0_block_96, offset=0, len=100}
2023-07-14 19:26:59,127 [BlockDeletingService#0] INFO  impl.FilePerChunkStrategy (FilePerChunkStrategy.java:deleteChunk(322)) - Deleted chunk file /home/runner/work/ozone/ozone/hadoop-hdds/container-service/target/test-dir/TestBlockDeletingService/hdds/1827d709-d4e3-4ab4-b65e-f364b514a0f6/current/containerDir0/110714081691304206/chunks/110714081704345968_chunk_0_block_97 (size 100) for chunk ChunkInfo{chunkName='110714081704345968_chunk_0_block_97, offset=0, len=100}
2023-07-14 19:26:59,128 [BlockDeletingService#0] INFO  impl.FilePerChunkStrategy (FilePerChunkStrategy.java:deleteChunk(322)) - Deleted chunk file /home/runner/work/ozone/ozone/hadoop-hdds/container-service/target/test-dir/TestBlockDeletingService/hdds/1827d709-d4e3-4ab4-b65e-f364b514a0f6/current/containerDir0/110714081691304206/chunks/110714081704411505_chunk_0_block_98 (size 100) for chunk ChunkInfo{chunkName='110714081704411505_chunk_0_block_98, offset=0, len=100}
2023-07-14 19:26:59,128 [BlockDeletingService#0] INFO  impl.FilePerChunkStrategy (FilePerChunkStrategy.java:deleteChunk(322)) - Deleted chunk file /home/runner/work/ozone/ozone/hadoop-hdds/container-service/target/test-dir/TestBlockDeletingService/hdds/1827d709-d4e3-4ab4-b65e-f364b514a0f6/current/containerDir0/110714081691304206/chunks/110714081704542578_chunk_0_block_99 (size 100) for chunk ChunkInfo{chunkName='110714081704542578_chunk_0_block_99, offset=0, len=100}
2023-07-14 19:26:59,132 [BlockDeletingService#0] WARN  utils.BackgroundService (BackgroundService.java:lambda$run$0(130)) - BlockDeletingService Background task execution took 47386692ns > 0ns(timeout)
2023-07-14 19:26:59,182 [main] INFO  utils.BackgroundService (BackgroundService.java:shutdown(141)) - Shutting down service BlockDeletingService
]]></system-out>
  </testcase>
  <testcase name="testShutdownService" classname="TestBlockDeletingService" time="0.5">
    <system-out><![CDATA[2023-07-14 19:27:01,889 [main] INFO  volume.HddsVolume (HddsVolume.java:<init>(126)) - Creating HddsVolume: /home/runner/work/ozone/ozone/hadoop-hdds/container-service/target/test-dir/TestBlockDeletingService/hdds of storage type : DISK capacity : 9223372036854775807
2023-07-14 19:27:01,891 [main] INFO  volume.MutableVolumeSet (MutableVolumeSet.java:initializeVolumeSet(175)) - Added Volume : /home/runner/work/ozone/ozone/hadoop-hdds/container-service/target/test-dir/TestBlockDeletingService/hdds to VolumeSet
2023-07-14 19:27:01,930 [main] INFO  utils.DatanodeStoreCache (DatanodeStoreCache.java:addDB(66)) - Added db /home/runner/work/ozone/ozone/hadoop-hdds/container-service/target/test-dir/TestBlockDeletingService/hdds/b50754cb-3964-4267-b831-7ad01e35af09/DS-3a5e5c3c-ab26-4651-b457-235ca4a12741/container.db to cache
2023-07-14 19:27:01,931 [main] INFO  volume.HddsVolume (HddsVolume.java:createDbStore(422)) - SchemaV3 db is created and loaded at /home/runner/work/ozone/ozone/hadoop-hdds/container-service/target/test-dir/TestBlockDeletingService/hdds/b50754cb-3964-4267-b831-7ad01e35af09/DS-3a5e5c3c-ab26-4651-b457-235ca4a12741/container.db for volume DS-3a5e5c3c-ab26-4651-b457-235ca4a12741
2023-07-14 19:27:02,271 [BlockDeletingService#0] INFO  interfaces.ContainerDeletionChoosingPolicyTemplate (ContainerDeletionChoosingPolicyTemplate.java:chooseContainerForBlockDeletion(83)) - Chosen 100/4900 blocks from 1 candidate containers.
2023-07-14 19:27:02,277 [BlockDeletingService#0] INFO  impl.FilePerChunkStrategy (FilePerChunkStrategy.java:deleteChunk(322)) - Deleted chunk file /home/runner/work/ozone/ozone/hadoop-hdds/container-service/target/test-dir/TestBlockDeletingService/hdds/b50754cb-3964-4267-b831-7ad01e35af09/current/containerDir128/110714081901609374/chunks/110714081901937055_chunk_0_block_0 (size 100) for chunk ChunkInfo{chunkName='110714081901937055_chunk_0_block_0, offset=0, len=100}
2023-07-14 19:27:02,278 [BlockDeletingService#0] INFO  impl.FilePerChunkStrategy (FilePerChunkStrategy.java:deleteChunk(322)) - Deleted chunk file /home/runner/work/ozone/ozone/hadoop-hdds/container-service/target/test-dir/TestBlockDeletingService/hdds/b50754cb-3964-4267-b831-7ad01e35af09/current/containerDir128/110714081901609374/chunks/110714081903182248_chunk_0_block_9 (size 100) for chunk ChunkInfo{chunkName='110714081903182248_chunk_0_block_9, offset=0, len=100}
2023-07-14 19:27:02,278 [BlockDeletingService#0] INFO  impl.FilePerChunkStrategy (FilePerChunkStrategy.java:deleteChunk(322)) - Deleted chunk file /home/runner/work/ozone/ozone/hadoop-hdds/container-service/target/test-dir/TestBlockDeletingService/hdds/b50754cb-3964-4267-b831-7ad01e35af09/current/containerDir128/110714081901609374/chunks/110714081913209346_chunk_0_block_99 (size 100) for chunk ChunkInfo{chunkName='110714081913209346_chunk_0_block_99, offset=0, len=100}
2023-07-14 19:27:02,279 [BlockDeletingService#0] INFO  impl.FilePerChunkStrategy (FilePerChunkStrategy.java:deleteChunk(322)) - Deleted chunk file /home/runner/work/ozone/ozone/hadoop-hdds/container-service/target/test-dir/TestBlockDeletingService/hdds/b50754cb-3964-4267-b831-7ad01e35af09/current/containerDir128/110714081901609374/chunks/110714081903313321_chunk_0_block_10 (size 100) for chunk ChunkInfo{chunkName='110714081903313321_chunk_0_block_10, offset=0, len=100}
2023-07-14 19:27:02,280 [BlockDeletingService#0] INFO  impl.FilePerChunkStrategy (FilePerChunkStrategy.java:deleteChunk(322)) - Deleted chunk file /home/runner/work/ozone/ozone/hadoop-hdds/container-service/target/test-dir/TestBlockDeletingService/hdds/b50754cb-3964-4267-b831-7ad01e35af09/current/containerDir128/110714081901609374/chunks/110714081903444394_chunk_0_block_11 (size 100) for chunk ChunkInfo{chunkName='110714081903444394_chunk_0_block_11, offset=0, len=100}
2023-07-14 19:27:02,280 [BlockDeletingService#0] INFO  impl.FilePerChunkStrategy (FilePerChunkStrategy.java:deleteChunk(322)) - Deleted chunk file /home/runner/work/ozone/ozone/hadoop-hdds/container-service/target/test-dir/TestBlockDeletingService/hdds/b50754cb-3964-4267-b831-7ad01e35af09/current/containerDir128/110714081901609374/chunks/110714081903509931_chunk_0_block_12 (size 100) for chunk ChunkInfo{chunkName='110714081903509931_chunk_0_block_12, offset=0, len=100}
2023-07-14 19:27:02,281 [BlockDeletingService#0] INFO  impl.FilePerChunkStrategy (FilePerChunkStrategy.java:deleteChunk(322)) - Deleted chunk file /home/runner/work/ozone/ozone/hadoop-hdds/container-service/target/test-dir/TestBlockDeletingService/hdds/b50754cb-3964-4267-b831-7ad01e35af09/current/containerDir128/110714081901609374/chunks/110714081903641004_chunk_0_block_13 (size 100) for chunk ChunkInfo{chunkName='110714081903641004_chunk_0_block_13, offset=0, len=100}
2023-07-14 19:27:02,281 [BlockDeletingService#0] INFO  impl.FilePerChunkStrategy (FilePerChunkStrategy.java:deleteChunk(322)) - Deleted chunk file /home/runner/work/ozone/ozone/hadoop-hdds/container-service/target/test-dir/TestBlockDeletingService/hdds/b50754cb-3964-4267-b831-7ad01e35af09/current/containerDir128/110714081901609374/chunks/110714081903706541_chunk_0_block_14 (size 100) for chunk ChunkInfo{chunkName='110714081903706541_chunk_0_block_14, offset=0, len=100}
2023-07-14 19:27:02,281 [BlockDeletingService#0] INFO  impl.FilePerChunkStrategy (FilePerChunkStrategy.java:deleteChunk(322)) - Deleted chunk file /home/runner/work/ozone/ozone/hadoop-hdds/container-service/target/test-dir/TestBlockDeletingService/hdds/b50754cb-3964-4267-b831-7ad01e35af09/current/containerDir128/110714081901609374/chunks/110714081903772078_chunk_0_block_15 (size 100) for chunk ChunkInfo{chunkName='110714081903772078_chunk_0_block_15, offset=0, len=100}
2023-07-14 19:27:02,281 [BlockDeletingService#0] INFO  impl.FilePerChunkStrategy (FilePerChunkStrategy.java:deleteChunk(322)) - Deleted chunk file /home/runner/work/ozone/ozone/hadoop-hdds/container-service/target/test-dir/TestBlockDeletingService/hdds/b50754cb-3964-4267-b831-7ad01e35af09/current/containerDir128/110714081901609374/chunks/110714081903903151_chunk_0_block_16 (size 100) for chunk ChunkInfo{chunkName='110714081903903151_chunk_0_block_16, offset=0, len=100}
2023-07-14 19:27:02,282 [BlockDeletingService#0] INFO  impl.FilePerChunkStrategy (FilePerChunkStrategy.java:deleteChunk(322)) - Deleted chunk file /home/runner/work/ozone/ozone/hadoop-hdds/container-service/target/test-dir/TestBlockDeletingService/hdds/b50754cb-3964-4267-b831-7ad01e35af09/current/containerDir128/110714081901609374/chunks/110714081903968688_chunk_0_block_17 (size 100) for chunk ChunkInfo{chunkName='110714081903968688_chunk_0_block_17, offset=0, len=100}
2023-07-14 19:27:02,282 [BlockDeletingService#0] INFO  impl.FilePerChunkStrategy (FilePerChunkStrategy.java:deleteChunk(322)) - Deleted chunk file /home/runner/work/ozone/ozone/hadoop-hdds/container-service/target/test-dir/TestBlockDeletingService/hdds/b50754cb-3964-4267-b831-7ad01e35af09/current/containerDir128/110714081901609374/chunks/110714081904099761_chunk_0_block_18 (size 100) for chunk ChunkInfo{chunkName='110714081904099761_chunk_0_block_18, offset=0, len=100}
2023-07-14 19:27:02,282 [BlockDeletingService#0] INFO  impl.FilePerChunkStrategy (FilePerChunkStrategy.java:deleteChunk(322)) - Deleted chunk file /home/runner/work/ozone/ozone/hadoop-hdds/container-service/target/test-dir/TestBlockDeletingService/hdds/b50754cb-3964-4267-b831-7ad01e35af09/current/containerDir128/110714081901609374/chunks/110714081902330272_chunk_0_block_1 (size 100) for chunk ChunkInfo{chunkName='110714081902330272_chunk_0_block_1, offset=0, len=100}
2023-07-14 19:27:02,283 [BlockDeletingService#0] INFO  impl.FilePerChunkStrategy (FilePerChunkStrategy.java:deleteChunk(322)) - Deleted chunk file /home/runner/work/ozone/ozone/hadoop-hdds/container-service/target/test-dir/TestBlockDeletingService/hdds/b50754cb-3964-4267-b831-7ad01e35af09/current/containerDir128/110714081901609374/chunks/110714081904230834_chunk_0_block_19 (size 100) for chunk ChunkInfo{chunkName='110714081904230834_chunk_0_block_19, offset=0, len=100}
2023-07-14 19:27:02,283 [BlockDeletingService#0] INFO  impl.FilePerChunkStrategy (FilePerChunkStrategy.java:deleteChunk(322)) - Deleted chunk file /home/runner/work/ozone/ozone/hadoop-hdds/container-service/target/test-dir/TestBlockDeletingService/hdds/b50754cb-3964-4267-b831-7ad01e35af09/current/containerDir128/110714081901609374/chunks/110714081904296371_chunk_0_block_20 (size 100) for chunk ChunkInfo{chunkName='110714081904296371_chunk_0_block_20, offset=0, len=100}
2023-07-14 19:27:02,283 [BlockDeletingService#0] INFO  impl.FilePerChunkStrategy (FilePerChunkStrategy.java:deleteChunk(322)) - Deleted chunk file /home/runner/work/ozone/ozone/hadoop-hdds/container-service/target/test-dir/TestBlockDeletingService/hdds/b50754cb-3964-4267-b831-7ad01e35af09/current/containerDir128/110714081901609374/chunks/110714081904427444_chunk_0_block_21 (size 100) for chunk ChunkInfo{chunkName='110714081904427444_chunk_0_block_21, offset=0, len=100}
2023-07-14 19:27:02,284 [BlockDeletingService#0] INFO  impl.FilePerChunkStrategy (FilePerChunkStrategy.java:deleteChunk(322)) - Deleted chunk file /home/runner/work/ozone/ozone/hadoop-hdds/container-service/target/test-dir/TestBlockDeletingService/hdds/b50754cb-3964-4267-b831-7ad01e35af09/current/containerDir128/110714081901609374/chunks/110714081904492981_chunk_0_block_22 (size 100) for chunk ChunkInfo{chunkName='110714081904492981_chunk_0_block_22, offset=0, len=100}
2023-07-14 19:27:02,284 [BlockDeletingService#0] INFO  impl.FilePerChunkStrategy (FilePerChunkStrategy.java:deleteChunk(322)) - Deleted chunk file /home/runner/work/ozone/ozone/hadoop-hdds/container-service/target/test-dir/TestBlockDeletingService/hdds/b50754cb-3964-4267-b831-7ad01e35af09/current/containerDir128/110714081901609374/chunks/110714081904624054_chunk_0_block_23 (size 100) for chunk ChunkInfo{chunkName='110714081904624054_chunk_0_block_23, offset=0, len=100}
2023-07-14 19:27:02,285 [BlockDeletingService#0] INFO  impl.FilePerChunkStrategy (FilePerChunkStrategy.java:deleteChunk(322)) - Deleted chunk file /home/runner/work/ozone/ozone/hadoop-hdds/container-service/target/test-dir/TestBlockDeletingService/hdds/b50754cb-3964-4267-b831-7ad01e35af09/current/containerDir128/110714081901609374/chunks/110714081904689591_chunk_0_block_24 (size 100) for chunk ChunkInfo{chunkName='110714081904689591_chunk_0_block_24, offset=0, len=100}
2023-07-14 19:27:02,285 [BlockDeletingService#0] INFO  impl.FilePerChunkStrategy (FilePerChunkStrategy.java:deleteChunk(322)) - Deleted chunk file /home/runner/work/ozone/ozone/hadoop-hdds/container-service/target/test-dir/TestBlockDeletingService/hdds/b50754cb-3964-4267-b831-7ad01e35af09/current/containerDir128/110714081901609374/chunks/110714081904755128_chunk_0_block_25 (size 100) for chunk ChunkInfo{chunkName='110714081904755128_chunk_0_block_25, offset=0, len=100}
2023-07-14 19:27:02,285 [BlockDeletingService#0] INFO  impl.FilePerChunkStrategy (FilePerChunkStrategy.java:deleteChunk(322)) - Deleted chunk file /home/runner/work/ozone/ozone/hadoop-hdds/container-service/target/test-dir/TestBlockDeletingService/hdds/b50754cb-3964-4267-b831-7ad01e35af09/current/containerDir128/110714081901609374/chunks/110714081904886201_chunk_0_block_26 (size 100) for chunk ChunkInfo{chunkName='110714081904886201_chunk_0_block_26, offset=0, len=100}
2023-07-14 19:27:02,286 [BlockDeletingService#0] INFO  impl.FilePerChunkStrategy (FilePerChunkStrategy.java:deleteChunk(322)) - Deleted chunk file /home/runner/work/ozone/ozone/hadoop-hdds/container-service/target/test-dir/TestBlockDeletingService/hdds/b50754cb-3964-4267-b831-7ad01e35af09/current/containerDir128/110714081901609374/chunks/110714081905017274_chunk_0_block_27 (size 100) for chunk ChunkInfo{chunkName='110714081905017274_chunk_0_block_27, offset=0, len=100}
2023-07-14 19:27:02,286 [BlockDeletingService#0] INFO  impl.FilePerChunkStrategy (FilePerChunkStrategy.java:deleteChunk(322)) - Deleted chunk file /home/runner/work/ozone/ozone/hadoop-hdds/container-service/target/test-dir/TestBlockDeletingService/hdds/b50754cb-3964-4267-b831-7ad01e35af09/current/containerDir128/110714081901609374/chunks/110714081905082811_chunk_0_block_28 (size 100) for chunk ChunkInfo{chunkName='110714081905082811_chunk_0_block_28, offset=0, len=100}
2023-07-14 19:27:02,286 [BlockDeletingService#0] INFO  impl.FilePerChunkStrategy (FilePerChunkStrategy.java:deleteChunk(322)) - Deleted chunk file /home/runner/work/ozone/ozone/hadoop-hdds/container-service/target/test-dir/TestBlockDeletingService/hdds/b50754cb-3964-4267-b831-7ad01e35af09/current/containerDir128/110714081901609374/chunks/110714081902526881_chunk_0_block_2 (size 100) for chunk ChunkInfo{chunkName='110714081902526881_chunk_0_block_2, offset=0, len=100}
2023-07-14 19:27:02,287 [BlockDeletingService#0] INFO  impl.FilePerChunkStrategy (FilePerChunkStrategy.java:deleteChunk(322)) - Deleted chunk file /home/runner/work/ozone/ozone/hadoop-hdds/container-service/target/test-dir/TestBlockDeletingService/hdds/b50754cb-3964-4267-b831-7ad01e35af09/current/containerDir128/110714081901609374/chunks/110714081905213884_chunk_0_block_29 (size 100) for chunk ChunkInfo{chunkName='110714081905213884_chunk_0_block_29, offset=0, len=100}
2023-07-14 19:27:02,287 [BlockDeletingService#0] INFO  impl.FilePerChunkStrategy (FilePerChunkStrategy.java:deleteChunk(322)) - Deleted chunk file /home/runner/work/ozone/ozone/hadoop-hdds/container-service/target/test-dir/TestBlockDeletingService/hdds/b50754cb-3964-4267-b831-7ad01e35af09/current/containerDir128/110714081901609374/chunks/110714081905344957_chunk_0_block_30 (size 100) for chunk ChunkInfo{chunkName='110714081905344957_chunk_0_block_30, offset=0, len=100}
2023-07-14 19:27:02,287 [BlockDeletingService#0] INFO  impl.FilePerChunkStrategy (FilePerChunkStrategy.java:deleteChunk(322)) - Deleted chunk file /home/runner/work/ozone/ozone/hadoop-hdds/container-service/target/test-dir/TestBlockDeletingService/hdds/b50754cb-3964-4267-b831-7ad01e35af09/current/containerDir128/110714081901609374/chunks/110714081905410494_chunk_0_block_31 (size 100) for chunk ChunkInfo{chunkName='110714081905410494_chunk_0_block_31, offset=0, len=100}
2023-07-14 19:27:02,287 [BlockDeletingService#0] INFO  impl.FilePerChunkStrategy (FilePerChunkStrategy.java:deleteChunk(322)) - Deleted chunk file /home/runner/work/ozone/ozone/hadoop-hdds/container-service/target/test-dir/TestBlockDeletingService/hdds/b50754cb-3964-4267-b831-7ad01e35af09/current/containerDir128/110714081901609374/chunks/110714081905541567_chunk_0_block_32 (size 100) for chunk ChunkInfo{chunkName='110714081905541567_chunk_0_block_32, offset=0, len=100}
2023-07-14 19:27:02,288 [BlockDeletingService#0] INFO  impl.FilePerChunkStrategy (FilePerChunkStrategy.java:deleteChunk(322)) - Deleted chunk file /home/runner/work/ozone/ozone/hadoop-hdds/container-service/target/test-dir/TestBlockDeletingService/hdds/b50754cb-3964-4267-b831-7ad01e35af09/current/containerDir128/110714081901609374/chunks/110714081905672640_chunk_0_block_33 (size 100) for chunk ChunkInfo{chunkName='110714081905672640_chunk_0_block_33, offset=0, len=100}
2023-07-14 19:27:02,288 [BlockDeletingService#0] INFO  impl.FilePerChunkStrategy (FilePerChunkStrategy.java:deleteChunk(322)) - Deleted chunk file /home/runner/work/ozone/ozone/hadoop-hdds/container-service/target/test-dir/TestBlockDeletingService/hdds/b50754cb-3964-4267-b831-7ad01e35af09/current/containerDir128/110714081901609374/chunks/110714081905738177_chunk_0_block_34 (size 100) for chunk ChunkInfo{chunkName='110714081905738177_chunk_0_block_34, offset=0, len=100}
2023-07-14 19:27:02,288 [BlockDeletingService#0] INFO  impl.FilePerChunkStrategy (FilePerChunkStrategy.java:deleteChunk(322)) - Deleted chunk file /home/runner/work/ozone/ozone/hadoop-hdds/container-service/target/test-dir/TestBlockDeletingService/hdds/b50754cb-3964-4267-b831-7ad01e35af09/current/containerDir128/110714081901609374/chunks/110714081905869250_chunk_0_block_35 (size 100) for chunk ChunkInfo{chunkName='110714081905869250_chunk_0_block_35, offset=0, len=100}
2023-07-14 19:27:02,289 [BlockDeletingService#0] INFO  impl.FilePerChunkStrategy (FilePerChunkStrategy.java:deleteChunk(322)) - Deleted chunk file /home/runner/work/ozone/ozone/hadoop-hdds/container-service/target/test-dir/TestBlockDeletingService/hdds/b50754cb-3964-4267-b831-7ad01e35af09/current/containerDir128/110714081901609374/chunks/110714081905934787_chunk_0_block_36 (size 100) for chunk ChunkInfo{chunkName='110714081905934787_chunk_0_block_36, offset=0, len=100}
2023-07-14 19:27:02,289 [BlockDeletingService#0] INFO  impl.FilePerChunkStrategy (FilePerChunkStrategy.java:deleteChunk(322)) - Deleted chunk file /home/runner/work/ozone/ozone/hadoop-hdds/container-service/target/test-dir/TestBlockDeletingService/hdds/b50754cb-3964-4267-b831-7ad01e35af09/current/containerDir128/110714081901609374/chunks/110714081906065860_chunk_0_block_37 (size 100) for chunk ChunkInfo{chunkName='110714081906065860_chunk_0_block_37, offset=0, len=100}
2023-07-14 19:27:02,289 [BlockDeletingService#0] INFO  impl.FilePerChunkStrategy (FilePerChunkStrategy.java:deleteChunk(322)) - Deleted chunk file /home/runner/work/ozone/ozone/hadoop-hdds/container-service/target/test-dir/TestBlockDeletingService/hdds/b50754cb-3964-4267-b831-7ad01e35af09/current/containerDir128/110714081901609374/chunks/110714081906262469_chunk_0_block_38 (size 100) for chunk ChunkInfo{chunkName='110714081906262469_chunk_0_block_38, offset=0, len=100}
2023-07-14 19:27:02,289 [BlockDeletingService#0] INFO  impl.FilePerChunkStrategy (FilePerChunkStrategy.java:deleteChunk(322)) - Deleted chunk file /home/runner/work/ozone/ozone/hadoop-hdds/container-service/target/test-dir/TestBlockDeletingService/hdds/b50754cb-3964-4267-b831-7ad01e35af09/current/containerDir128/110714081901609374/chunks/110714081902592418_chunk_0_block_3 (size 100) for chunk ChunkInfo{chunkName='110714081902592418_chunk_0_block_3, offset=0, len=100}
2023-07-14 19:27:02,290 [BlockDeletingService#0] INFO  impl.FilePerChunkStrategy (FilePerChunkStrategy.java:deleteChunk(322)) - Deleted chunk file /home/runner/work/ozone/ozone/hadoop-hdds/container-service/target/test-dir/TestBlockDeletingService/hdds/b50754cb-3964-4267-b831-7ad01e35af09/current/containerDir128/110714081901609374/chunks/110714081906393542_chunk_0_block_39 (size 100) for chunk ChunkInfo{chunkName='110714081906393542_chunk_0_block_39, offset=0, len=100}
2023-07-14 19:27:02,290 [BlockDeletingService#0] INFO  impl.FilePerChunkStrategy (FilePerChunkStrategy.java:deleteChunk(322)) - Deleted chunk file /home/runner/work/ozone/ozone/hadoop-hdds/container-service/target/test-dir/TestBlockDeletingService/hdds/b50754cb-3964-4267-b831-7ad01e35af09/current/containerDir128/110714081901609374/chunks/110714081906459079_chunk_0_block_40 (size 100) for chunk ChunkInfo{chunkName='110714081906459079_chunk_0_block_40, offset=0, len=100}
2023-07-14 19:27:02,290 [BlockDeletingService#0] INFO  impl.FilePerChunkStrategy (FilePerChunkStrategy.java:deleteChunk(322)) - Deleted chunk file /home/runner/work/ozone/ozone/hadoop-hdds/container-service/target/test-dir/TestBlockDeletingService/hdds/b50754cb-3964-4267-b831-7ad01e35af09/current/containerDir128/110714081901609374/chunks/110714081906590152_chunk_0_block_41 (size 100) for chunk ChunkInfo{chunkName='110714081906590152_chunk_0_block_41, offset=0, len=100}
2023-07-14 19:27:02,290 [BlockDeletingService#0] INFO  impl.FilePerChunkStrategy (FilePerChunkStrategy.java:deleteChunk(322)) - Deleted chunk file /home/runner/work/ozone/ozone/hadoop-hdds/container-service/target/test-dir/TestBlockDeletingService/hdds/b50754cb-3964-4267-b831-7ad01e35af09/current/containerDir128/110714081901609374/chunks/110714081906721225_chunk_0_block_42 (size 100) for chunk ChunkInfo{chunkName='110714081906721225_chunk_0_block_42, offset=0, len=100}
2023-07-14 19:27:02,291 [BlockDeletingService#0] INFO  impl.FilePerChunkStrategy (FilePerChunkStrategy.java:deleteChunk(322)) - Deleted chunk file /home/runner/work/ozone/ozone/hadoop-hdds/container-service/target/test-dir/TestBlockDeletingService/hdds/b50754cb-3964-4267-b831-7ad01e35af09/current/containerDir128/110714081901609374/chunks/110714081906786762_chunk_0_block_43 (size 100) for chunk ChunkInfo{chunkName='110714081906786762_chunk_0_block_43, offset=0, len=100}
2023-07-14 19:27:02,291 [BlockDeletingService#0] INFO  impl.FilePerChunkStrategy (FilePerChunkStrategy.java:deleteChunk(322)) - Deleted chunk file /home/runner/work/ozone/ozone/hadoop-hdds/container-service/target/test-dir/TestBlockDeletingService/hdds/b50754cb-3964-4267-b831-7ad01e35af09/current/containerDir128/110714081901609374/chunks/110714081906917835_chunk_0_block_44 (size 100) for chunk ChunkInfo{chunkName='110714081906917835_chunk_0_block_44, offset=0, len=100}
2023-07-14 19:27:02,291 [BlockDeletingService#0] INFO  impl.FilePerChunkStrategy (FilePerChunkStrategy.java:deleteChunk(322)) - Deleted chunk file /home/runner/work/ozone/ozone/hadoop-hdds/container-service/target/test-dir/TestBlockDeletingService/hdds/b50754cb-3964-4267-b831-7ad01e35af09/current/containerDir128/110714081901609374/chunks/110714081907048908_chunk_0_block_45 (size 100) for chunk ChunkInfo{chunkName='110714081907048908_chunk_0_block_45, offset=0, len=100}
2023-07-14 19:27:02,291 [BlockDeletingService#0] INFO  impl.FilePerChunkStrategy (FilePerChunkStrategy.java:deleteChunk(322)) - Deleted chunk file /home/runner/work/ozone/ozone/hadoop-hdds/container-service/target/test-dir/TestBlockDeletingService/hdds/b50754cb-3964-4267-b831-7ad01e35af09/current/containerDir128/110714081901609374/chunks/110714081907179981_chunk_0_block_46 (size 100) for chunk ChunkInfo{chunkName='110714081907179981_chunk_0_block_46, offset=0, len=100}
2023-07-14 19:27:02,292 [BlockDeletingService#0] INFO  impl.FilePerChunkStrategy (FilePerChunkStrategy.java:deleteChunk(322)) - Deleted chunk file /home/runner/work/ozone/ozone/hadoop-hdds/container-service/target/test-dir/TestBlockDeletingService/hdds/b50754cb-3964-4267-b831-7ad01e35af09/current/containerDir128/110714081901609374/chunks/110714081907245518_chunk_0_block_47 (size 100) for chunk ChunkInfo{chunkName='110714081907245518_chunk_0_block_47, offset=0, len=100}
2023-07-14 19:27:02,292 [BlockDeletingService#0] INFO  impl.FilePerChunkStrategy (FilePerChunkStrategy.java:deleteChunk(322)) - Deleted chunk file /home/runner/work/ozone/ozone/hadoop-hdds/container-service/target/test-dir/TestBlockDeletingService/hdds/b50754cb-3964-4267-b831-7ad01e35af09/current/containerDir128/110714081901609374/chunks/110714081907376591_chunk_0_block_48 (size 100) for chunk ChunkInfo{chunkName='110714081907376591_chunk_0_block_48, offset=0, len=100}
2023-07-14 19:27:02,292 [BlockDeletingService#0] INFO  impl.FilePerChunkStrategy (FilePerChunkStrategy.java:deleteChunk(322)) - Deleted chunk file /home/runner/work/ozone/ozone/hadoop-hdds/container-service/target/test-dir/TestBlockDeletingService/hdds/b50754cb-3964-4267-b831-7ad01e35af09/current/containerDir128/110714081901609374/chunks/110714081902723491_chunk_0_block_4 (size 100) for chunk ChunkInfo{chunkName='110714081902723491_chunk_0_block_4, offset=0, len=100}
2023-07-14 19:27:02,293 [BlockDeletingService#0] INFO  impl.FilePerChunkStrategy (FilePerChunkStrategy.java:deleteChunk(322)) - Deleted chunk file /home/runner/work/ozone/ozone/hadoop-hdds/container-service/target/test-dir/TestBlockDeletingService/hdds/b50754cb-3964-4267-b831-7ad01e35af09/current/containerDir128/110714081901609374/chunks/110714081907507664_chunk_0_block_49 (size 100) for chunk ChunkInfo{chunkName='110714081907507664_chunk_0_block_49, offset=0, len=100}
2023-07-14 19:27:02,293 [BlockDeletingService#0] INFO  impl.FilePerChunkStrategy (FilePerChunkStrategy.java:deleteChunk(322)) - Deleted chunk file /home/runner/work/ozone/ozone/hadoop-hdds/container-service/target/test-dir/TestBlockDeletingService/hdds/b50754cb-3964-4267-b831-7ad01e35af09/current/containerDir128/110714081901609374/chunks/110714081907573201_chunk_0_block_50 (size 100) for chunk ChunkInfo{chunkName='110714081907573201_chunk_0_block_50, offset=0, len=100}
2023-07-14 19:27:02,293 [BlockDeletingService#0] INFO  impl.FilePerChunkStrategy (FilePerChunkStrategy.java:deleteChunk(322)) - Deleted chunk file /home/runner/work/ozone/ozone/hadoop-hdds/container-service/target/test-dir/TestBlockDeletingService/hdds/b50754cb-3964-4267-b831-7ad01e35af09/current/containerDir128/110714081901609374/chunks/110714081907704274_chunk_0_block_51 (size 100) for chunk ChunkInfo{chunkName='110714081907704274_chunk_0_block_51, offset=0, len=100}
2023-07-14 19:27:02,294 [BlockDeletingService#0] INFO  impl.FilePerChunkStrategy (FilePerChunkStrategy.java:deleteChunk(322)) - Deleted chunk file /home/runner/work/ozone/ozone/hadoop-hdds/container-service/target/test-dir/TestBlockDeletingService/hdds/b50754cb-3964-4267-b831-7ad01e35af09/current/containerDir128/110714081901609374/chunks/110714081907835347_chunk_0_block_52 (size 100) for chunk ChunkInfo{chunkName='110714081907835347_chunk_0_block_52, offset=0, len=100}
2023-07-14 19:27:02,294 [BlockDeletingService#0] INFO  impl.FilePerChunkStrategy (FilePerChunkStrategy.java:deleteChunk(322)) - Deleted chunk file /home/runner/work/ozone/ozone/hadoop-hdds/container-service/target/test-dir/TestBlockDeletingService/hdds/b50754cb-3964-4267-b831-7ad01e35af09/current/containerDir128/110714081901609374/chunks/110714081907900884_chunk_0_block_53 (size 100) for chunk ChunkInfo{chunkName='110714081907900884_chunk_0_block_53, offset=0, len=100}
2023-07-14 19:27:02,294 [BlockDeletingService#0] INFO  impl.FilePerChunkStrategy (FilePerChunkStrategy.java:deleteChunk(322)) - Deleted chunk file /home/runner/work/ozone/ozone/hadoop-hdds/container-service/target/test-dir/TestBlockDeletingService/hdds/b50754cb-3964-4267-b831-7ad01e35af09/current/containerDir128/110714081901609374/chunks/110714081908031957_chunk_0_block_54 (size 100) for chunk ChunkInfo{chunkName='110714081908031957_chunk_0_block_54, offset=0, len=100}
2023-07-14 19:27:02,295 [BlockDeletingService#0] INFO  impl.FilePerChunkStrategy (FilePerChunkStrategy.java:deleteChunk(322)) - Deleted chunk file /home/runner/work/ozone/ozone/hadoop-hdds/container-service/target/test-dir/TestBlockDeletingService/hdds/b50754cb-3964-4267-b831-7ad01e35af09/current/containerDir128/110714081901609374/chunks/110714081908163030_chunk_0_block_55 (size 100) for chunk ChunkInfo{chunkName='110714081908163030_chunk_0_block_55, offset=0, len=100}
2023-07-14 19:27:02,295 [BlockDeletingService#0] INFO  impl.FilePerChunkStrategy (FilePerChunkStrategy.java:deleteChunk(322)) - Deleted chunk file /home/runner/work/ozone/ozone/hadoop-hdds/container-service/target/test-dir/TestBlockDeletingService/hdds/b50754cb-3964-4267-b831-7ad01e35af09/current/containerDir128/110714081901609374/chunks/110714081908228567_chunk_0_block_56 (size 100) for chunk ChunkInfo{chunkName='110714081908228567_chunk_0_block_56, offset=0, len=100}
2023-07-14 19:27:02,295 [BlockDeletingService#0] INFO  impl.FilePerChunkStrategy (FilePerChunkStrategy.java:deleteChunk(322)) - Deleted chunk file /home/runner/work/ozone/ozone/hadoop-hdds/container-service/target/test-dir/TestBlockDeletingService/hdds/b50754cb-3964-4267-b831-7ad01e35af09/current/containerDir128/110714081901609374/chunks/110714081908359640_chunk_0_block_57 (size 100) for chunk ChunkInfo{chunkName='110714081908359640_chunk_0_block_57, offset=0, len=100}
2023-07-14 19:27:02,295 [BlockDeletingService#0] INFO  impl.FilePerChunkStrategy (FilePerChunkStrategy.java:deleteChunk(322)) - Deleted chunk file /home/runner/work/ozone/ozone/hadoop-hdds/container-service/target/test-dir/TestBlockDeletingService/hdds/b50754cb-3964-4267-b831-7ad01e35af09/current/containerDir128/110714081901609374/chunks/110714081908425177_chunk_0_block_58 (size 100) for chunk ChunkInfo{chunkName='110714081908425177_chunk_0_block_58, offset=0, len=100}
2023-07-14 19:27:02,296 [BlockDeletingService#0] INFO  impl.FilePerChunkStrategy (FilePerChunkStrategy.java:deleteChunk(322)) - Deleted chunk file /home/runner/work/ozone/ozone/hadoop-hdds/container-service/target/test-dir/TestBlockDeletingService/hdds/b50754cb-3964-4267-b831-7ad01e35af09/current/containerDir128/110714081901609374/chunks/110714081902789028_chunk_0_block_5 (size 100) for chunk ChunkInfo{chunkName='110714081902789028_chunk_0_block_5, offset=0, len=100}
2023-07-14 19:27:02,296 [BlockDeletingService#0] INFO  impl.FilePerChunkStrategy (FilePerChunkStrategy.java:deleteChunk(322)) - Deleted chunk file /home/runner/work/ozone/ozone/hadoop-hdds/container-service/target/test-dir/TestBlockDeletingService/hdds/b50754cb-3964-4267-b831-7ad01e35af09/current/containerDir128/110714081901609374/chunks/110714081908556250_chunk_0_block_59 (size 100) for chunk ChunkInfo{chunkName='110714081908556250_chunk_0_block_59, offset=0, len=100}
2023-07-14 19:27:02,296 [BlockDeletingService#0] INFO  impl.FilePerChunkStrategy (FilePerChunkStrategy.java:deleteChunk(322)) - Deleted chunk file /home/runner/work/ozone/ozone/hadoop-hdds/container-service/target/test-dir/TestBlockDeletingService/hdds/b50754cb-3964-4267-b831-7ad01e35af09/current/containerDir128/110714081901609374/chunks/110714081908621787_chunk_0_block_60 (size 100) for chunk ChunkInfo{chunkName='110714081908621787_chunk_0_block_60, offset=0, len=100}
2023-07-14 19:27:02,296 [BlockDeletingService#0] INFO  impl.FilePerChunkStrategy (FilePerChunkStrategy.java:deleteChunk(322)) - Deleted chunk file /home/runner/work/ozone/ozone/hadoop-hdds/container-service/target/test-dir/TestBlockDeletingService/hdds/b50754cb-3964-4267-b831-7ad01e35af09/current/containerDir128/110714081901609374/chunks/110714081908752860_chunk_0_block_61 (size 100) for chunk ChunkInfo{chunkName='110714081908752860_chunk_0_block_61, offset=0, len=100}
2023-07-14 19:27:02,297 [BlockDeletingService#0] INFO  impl.FilePerChunkStrategy (FilePerChunkStrategy.java:deleteChunk(322)) - Deleted chunk file /home/runner/work/ozone/ozone/hadoop-hdds/container-service/target/test-dir/TestBlockDeletingService/hdds/b50754cb-3964-4267-b831-7ad01e35af09/current/containerDir128/110714081901609374/chunks/110714081908883933_chunk_0_block_62 (size 100) for chunk ChunkInfo{chunkName='110714081908883933_chunk_0_block_62, offset=0, len=100}
2023-07-14 19:27:02,297 [BlockDeletingService#0] INFO  impl.FilePerChunkStrategy (FilePerChunkStrategy.java:deleteChunk(322)) - Deleted chunk file /home/runner/work/ozone/ozone/hadoop-hdds/container-service/target/test-dir/TestBlockDeletingService/hdds/b50754cb-3964-4267-b831-7ad01e35af09/current/containerDir128/110714081901609374/chunks/110714081908949470_chunk_0_block_63 (size 100) for chunk ChunkInfo{chunkName='110714081908949470_chunk_0_block_63, offset=0, len=100}
2023-07-14 19:27:02,297 [BlockDeletingService#0] INFO  impl.FilePerChunkStrategy (FilePerChunkStrategy.java:deleteChunk(322)) - Deleted chunk file /home/runner/work/ozone/ozone/hadoop-hdds/container-service/target/test-dir/TestBlockDeletingService/hdds/b50754cb-3964-4267-b831-7ad01e35af09/current/containerDir128/110714081901609374/chunks/110714081909015007_chunk_0_block_64 (size 100) for chunk ChunkInfo{chunkName='110714081909015007_chunk_0_block_64, offset=0, len=100}
2023-07-14 19:27:02,298 [BlockDeletingService#0] INFO  impl.FilePerChunkStrategy (FilePerChunkStrategy.java:deleteChunk(322)) - Deleted chunk file /home/runner/work/ozone/ozone/hadoop-hdds/container-service/target/test-dir/TestBlockDeletingService/hdds/b50754cb-3964-4267-b831-7ad01e35af09/current/containerDir128/110714081901609374/chunks/110714081909146080_chunk_0_block_65 (size 100) for chunk ChunkInfo{chunkName='110714081909146080_chunk_0_block_65, offset=0, len=100}
2023-07-14 19:27:02,298 [BlockDeletingService#0] INFO  impl.FilePerChunkStrategy (FilePerChunkStrategy.java:deleteChunk(322)) - Deleted chunk file /home/runner/work/ozone/ozone/hadoop-hdds/container-service/target/test-dir/TestBlockDeletingService/hdds/b50754cb-3964-4267-b831-7ad01e35af09/current/containerDir128/110714081901609374/chunks/110714081909211617_chunk_0_block_66 (size 100) for chunk ChunkInfo{chunkName='110714081909211617_chunk_0_block_66, offset=0, len=100}
2023-07-14 19:27:02,298 [BlockDeletingService#0] INFO  impl.FilePerChunkStrategy (FilePerChunkStrategy.java:deleteChunk(322)) - Deleted chunk file /home/runner/work/ozone/ozone/hadoop-hdds/container-service/target/test-dir/TestBlockDeletingService/hdds/b50754cb-3964-4267-b831-7ad01e35af09/current/containerDir128/110714081901609374/chunks/110714081909342690_chunk_0_block_67 (size 100) for chunk ChunkInfo{chunkName='110714081909342690_chunk_0_block_67, offset=0, len=100}
2023-07-14 19:27:02,299 [BlockDeletingService#0] INFO  impl.FilePerChunkStrategy (FilePerChunkStrategy.java:deleteChunk(322)) - Deleted chunk file /home/runner/work/ozone/ozone/hadoop-hdds/container-service/target/test-dir/TestBlockDeletingService/hdds/b50754cb-3964-4267-b831-7ad01e35af09/current/containerDir128/110714081901609374/chunks/110714081909473763_chunk_0_block_68 (size 100) for chunk ChunkInfo{chunkName='110714081909473763_chunk_0_block_68, offset=0, len=100}
2023-07-14 19:27:02,299 [BlockDeletingService#0] INFO  impl.FilePerChunkStrategy (FilePerChunkStrategy.java:deleteChunk(322)) - Deleted chunk file /home/runner/work/ozone/ozone/hadoop-hdds/container-service/target/test-dir/TestBlockDeletingService/hdds/b50754cb-3964-4267-b831-7ad01e35af09/current/containerDir128/110714081901609374/chunks/110714081902920101_chunk_0_block_6 (size 100) for chunk ChunkInfo{chunkName='110714081902920101_chunk_0_block_6, offset=0, len=100}
2023-07-14 19:27:02,299 [BlockDeletingService#0] INFO  impl.FilePerChunkStrategy (FilePerChunkStrategy.java:deleteChunk(322)) - Deleted chunk file /home/runner/work/ozone/ozone/hadoop-hdds/container-service/target/test-dir/TestBlockDeletingService/hdds/b50754cb-3964-4267-b831-7ad01e35af09/current/containerDir128/110714081901609374/chunks/110714081909539300_chunk_0_block_69 (size 100) for chunk ChunkInfo{chunkName='110714081909539300_chunk_0_block_69, offset=0, len=100}
2023-07-14 19:27:02,299 [BlockDeletingService#0] INFO  impl.FilePerChunkStrategy (FilePerChunkStrategy.java:deleteChunk(322)) - Deleted chunk file /home/runner/work/ozone/ozone/hadoop-hdds/container-service/target/test-dir/TestBlockDeletingService/hdds/b50754cb-3964-4267-b831-7ad01e35af09/current/containerDir128/110714081901609374/chunks/110714081909670373_chunk_0_block_70 (size 100) for chunk ChunkInfo{chunkName='110714081909670373_chunk_0_block_70, offset=0, len=100}
2023-07-14 19:27:02,300 [BlockDeletingService#0] INFO  impl.FilePerChunkStrategy (FilePerChunkStrategy.java:deleteChunk(322)) - Deleted chunk file /home/runner/work/ozone/ozone/hadoop-hdds/container-service/target/test-dir/TestBlockDeletingService/hdds/b50754cb-3964-4267-b831-7ad01e35af09/current/containerDir128/110714081901609374/chunks/110714081909801446_chunk_0_block_71 (size 100) for chunk ChunkInfo{chunkName='110714081909801446_chunk_0_block_71, offset=0, len=100}
2023-07-14 19:27:02,300 [BlockDeletingService#0] INFO  impl.FilePerChunkStrategy (FilePerChunkStrategy.java:deleteChunk(322)) - Deleted chunk file /home/runner/work/ozone/ozone/hadoop-hdds/container-service/target/test-dir/TestBlockDeletingService/hdds/b50754cb-3964-4267-b831-7ad01e35af09/current/containerDir128/110714081901609374/chunks/110714081909866983_chunk_0_block_72 (size 100) for chunk ChunkInfo{chunkName='110714081909866983_chunk_0_block_72, offset=0, len=100}
2023-07-14 19:27:02,300 [BlockDeletingService#0] INFO  impl.FilePerChunkStrategy (FilePerChunkStrategy.java:deleteChunk(322)) - Deleted chunk file /home/runner/work/ozone/ozone/hadoop-hdds/container-service/target/test-dir/TestBlockDeletingService/hdds/b50754cb-3964-4267-b831-7ad01e35af09/current/containerDir128/110714081901609374/chunks/110714081909998056_chunk_0_block_73 (size 100) for chunk ChunkInfo{chunkName='110714081909998056_chunk_0_block_73, offset=0, len=100}
2023-07-14 19:27:02,300 [BlockDeletingService#0] INFO  impl.FilePerChunkStrategy (FilePerChunkStrategy.java:deleteChunk(322)) - Deleted chunk file /home/runner/work/ozone/ozone/hadoop-hdds/container-service/target/test-dir/TestBlockDeletingService/hdds/b50754cb-3964-4267-b831-7ad01e35af09/current/containerDir128/110714081901609374/chunks/110714081910129129_chunk_0_block_74 (size 100) for chunk ChunkInfo{chunkName='110714081910129129_chunk_0_block_74, offset=0, len=100}
2023-07-14 19:27:02,301 [BlockDeletingService#0] INFO  impl.FilePerChunkStrategy (FilePerChunkStrategy.java:deleteChunk(322)) - Deleted chunk file /home/runner/work/ozone/ozone/hadoop-hdds/container-service/target/test-dir/TestBlockDeletingService/hdds/b50754cb-3964-4267-b831-7ad01e35af09/current/containerDir128/110714081901609374/chunks/110714081910260202_chunk_0_block_75 (size 100) for chunk ChunkInfo{chunkName='110714081910260202_chunk_0_block_75, offset=0, len=100}
2023-07-14 19:27:02,302 [BlockDeletingService#0] INFO  impl.FilePerChunkStrategy (FilePerChunkStrategy.java:deleteChunk(322)) - Deleted chunk file /home/runner/work/ozone/ozone/hadoop-hdds/container-service/target/test-dir/TestBlockDeletingService/hdds/b50754cb-3964-4267-b831-7ad01e35af09/current/containerDir128/110714081901609374/chunks/110714081910391275_chunk_0_block_76 (size 100) for chunk ChunkInfo{chunkName='110714081910391275_chunk_0_block_76, offset=0, len=100}
2023-07-14 19:27:02,302 [BlockDeletingService#0] INFO  impl.FilePerChunkStrategy (FilePerChunkStrategy.java:deleteChunk(322)) - Deleted chunk file /home/runner/work/ozone/ozone/hadoop-hdds/container-service/target/test-dir/TestBlockDeletingService/hdds/b50754cb-3964-4267-b831-7ad01e35af09/current/containerDir128/110714081901609374/chunks/110714081910522348_chunk_0_block_77 (size 100) for chunk ChunkInfo{chunkName='110714081910522348_chunk_0_block_77, offset=0, len=100}
2023-07-14 19:27:02,302 [BlockDeletingService#0] INFO  impl.FilePerChunkStrategy (FilePerChunkStrategy.java:deleteChunk(322)) - Deleted chunk file /home/runner/work/ozone/ozone/hadoop-hdds/container-service/target/test-dir/TestBlockDeletingService/hdds/b50754cb-3964-4267-b831-7ad01e35af09/current/containerDir128/110714081901609374/chunks/110714081910587885_chunk_0_block_78 (size 100) for chunk ChunkInfo{chunkName='110714081910587885_chunk_0_block_78, offset=0, len=100}
2023-07-14 19:27:02,302 [BlockDeletingService#0] INFO  impl.FilePerChunkStrategy (FilePerChunkStrategy.java:deleteChunk(322)) - Deleted chunk file /home/runner/work/ozone/ozone/hadoop-hdds/container-service/target/test-dir/TestBlockDeletingService/hdds/b50754cb-3964-4267-b831-7ad01e35af09/current/containerDir128/110714081901609374/chunks/110714081903051174_chunk_0_block_7 (size 100) for chunk ChunkInfo{chunkName='110714081903051174_chunk_0_block_7, offset=0, len=100}
2023-07-14 19:27:02,303 [BlockDeletingService#0] INFO  impl.FilePerChunkStrategy (FilePerChunkStrategy.java:deleteChunk(322)) - Deleted chunk file /home/runner/work/ozone/ozone/hadoop-hdds/container-service/target/test-dir/TestBlockDeletingService/hdds/b50754cb-3964-4267-b831-7ad01e35af09/current/containerDir128/110714081901609374/chunks/110714081910718958_chunk_0_block_79 (size 100) for chunk ChunkInfo{chunkName='110714081910718958_chunk_0_block_79, offset=0, len=100}
2023-07-14 19:27:02,303 [BlockDeletingService#0] INFO  impl.FilePerChunkStrategy (FilePerChunkStrategy.java:deleteChunk(322)) - Deleted chunk file /home/runner/work/ozone/ozone/hadoop-hdds/container-service/target/test-dir/TestBlockDeletingService/hdds/b50754cb-3964-4267-b831-7ad01e35af09/current/containerDir128/110714081901609374/chunks/110714081910784495_chunk_0_block_80 (size 100) for chunk ChunkInfo{chunkName='110714081910784495_chunk_0_block_80, offset=0, len=100}
2023-07-14 19:27:02,303 [BlockDeletingService#0] INFO  impl.FilePerChunkStrategy (FilePerChunkStrategy.java:deleteChunk(322)) - Deleted chunk file /home/runner/work/ozone/ozone/hadoop-hdds/container-service/target/test-dir/TestBlockDeletingService/hdds/b50754cb-3964-4267-b831-7ad01e35af09/current/containerDir128/110714081901609374/chunks/110714081910915568_chunk_0_block_81 (size 100) for chunk ChunkInfo{chunkName='110714081910915568_chunk_0_block_81, offset=0, len=100}
2023-07-14 19:27:02,303 [BlockDeletingService#0] INFO  impl.FilePerChunkStrategy (FilePerChunkStrategy.java:deleteChunk(322)) - Deleted chunk file /home/runner/work/ozone/ozone/hadoop-hdds/container-service/target/test-dir/TestBlockDeletingService/hdds/b50754cb-3964-4267-b831-7ad01e35af09/current/containerDir128/110714081901609374/chunks/110714081910981105_chunk_0_block_82 (size 100) for chunk ChunkInfo{chunkName='110714081910981105_chunk_0_block_82, offset=0, len=100}
2023-07-14 19:27:02,304 [BlockDeletingService#0] INFO  impl.FilePerChunkStrategy (FilePerChunkStrategy.java:deleteChunk(322)) - Deleted chunk file /home/runner/work/ozone/ozone/hadoop-hdds/container-service/target/test-dir/TestBlockDeletingService/hdds/b50754cb-3964-4267-b831-7ad01e35af09/current/containerDir128/110714081901609374/chunks/110714081911112178_chunk_0_block_83 (size 100) for chunk ChunkInfo{chunkName='110714081911112178_chunk_0_block_83, offset=0, len=100}
2023-07-14 19:27:02,304 [BlockDeletingService#0] INFO  impl.FilePerChunkStrategy (FilePerChunkStrategy.java:deleteChunk(322)) - Deleted chunk file /home/runner/work/ozone/ozone/hadoop-hdds/container-service/target/test-dir/TestBlockDeletingService/hdds/b50754cb-3964-4267-b831-7ad01e35af09/current/containerDir128/110714081901609374/chunks/110714081911243251_chunk_0_block_84 (size 100) for chunk ChunkInfo{chunkName='110714081911243251_chunk_0_block_84, offset=0, len=100}
2023-07-14 19:27:02,304 [BlockDeletingService#0] INFO  impl.FilePerChunkStrategy (FilePerChunkStrategy.java:deleteChunk(322)) - Deleted chunk file /home/runner/work/ozone/ozone/hadoop-hdds/container-service/target/test-dir/TestBlockDeletingService/hdds/b50754cb-3964-4267-b831-7ad01e35af09/current/containerDir128/110714081901609374/chunks/110714081911308788_chunk_0_block_85 (size 100) for chunk ChunkInfo{chunkName='110714081911308788_chunk_0_block_85, offset=0, len=100}
2023-07-14 19:27:02,308 [BlockDeletingService#0] INFO  impl.FilePerChunkStrategy (FilePerChunkStrategy.java:deleteChunk(322)) - Deleted chunk file /home/runner/work/ozone/ozone/hadoop-hdds/container-service/target/test-dir/TestBlockDeletingService/hdds/b50754cb-3964-4267-b831-7ad01e35af09/current/containerDir128/110714081901609374/chunks/110714081911439861_chunk_0_block_86 (size 100) for chunk ChunkInfo{chunkName='110714081911439861_chunk_0_block_86, offset=0, len=100}
2023-07-14 19:27:02,308 [BlockDeletingService#0] INFO  impl.FilePerChunkStrategy (FilePerChunkStrategy.java:deleteChunk(322)) - Deleted chunk file /home/runner/work/ozone/ozone/hadoop-hdds/container-service/target/test-dir/TestBlockDeletingService/hdds/b50754cb-3964-4267-b831-7ad01e35af09/current/containerDir128/110714081901609374/chunks/110714081911570934_chunk_0_block_87 (size 100) for chunk ChunkInfo{chunkName='110714081911570934_chunk_0_block_87, offset=0, len=100}
2023-07-14 19:27:02,308 [BlockDeletingService#0] INFO  impl.FilePerChunkStrategy (FilePerChunkStrategy.java:deleteChunk(322)) - Deleted chunk file /home/runner/work/ozone/ozone/hadoop-hdds/container-service/target/test-dir/TestBlockDeletingService/hdds/b50754cb-3964-4267-b831-7ad01e35af09/current/containerDir128/110714081901609374/chunks/110714081911636471_chunk_0_block_88 (size 100) for chunk ChunkInfo{chunkName='110714081911636471_chunk_0_block_88, offset=0, len=100}
2023-07-14 19:27:02,309 [BlockDeletingService#0] INFO  impl.FilePerChunkStrategy (FilePerChunkStrategy.java:deleteChunk(322)) - Deleted chunk file /home/runner/work/ozone/ozone/hadoop-hdds/container-service/target/test-dir/TestBlockDeletingService/hdds/b50754cb-3964-4267-b831-7ad01e35af09/current/containerDir128/110714081901609374/chunks/110714081903116711_chunk_0_block_8 (size 100) for chunk ChunkInfo{chunkName='110714081903116711_chunk_0_block_8, offset=0, len=100}
2023-07-14 19:27:02,309 [BlockDeletingService#0] INFO  impl.FilePerChunkStrategy (FilePerChunkStrategy.java:deleteChunk(322)) - Deleted chunk file /home/runner/work/ozone/ozone/hadoop-hdds/container-service/target/test-dir/TestBlockDeletingService/hdds/b50754cb-3964-4267-b831-7ad01e35af09/current/containerDir128/110714081901609374/chunks/110714081911767544_chunk_0_block_89 (size 100) for chunk ChunkInfo{chunkName='110714081911767544_chunk_0_block_89, offset=0, len=100}
2023-07-14 19:27:02,309 [BlockDeletingService#0] INFO  impl.FilePerChunkStrategy (FilePerChunkStrategy.java:deleteChunk(322)) - Deleted chunk file /home/runner/work/ozone/ozone/hadoop-hdds/container-service/target/test-dir/TestBlockDeletingService/hdds/b50754cb-3964-4267-b831-7ad01e35af09/current/containerDir128/110714081901609374/chunks/110714081911898617_chunk_0_block_90 (size 100) for chunk ChunkInfo{chunkName='110714081911898617_chunk_0_block_90, offset=0, len=100}
2023-07-14 19:27:02,309 [BlockDeletingService#0] INFO  impl.FilePerChunkStrategy (FilePerChunkStrategy.java:deleteChunk(322)) - Deleted chunk file /home/runner/work/ozone/ozone/hadoop-hdds/container-service/target/test-dir/TestBlockDeletingService/hdds/b50754cb-3964-4267-b831-7ad01e35af09/current/containerDir128/110714081901609374/chunks/110714081912357370_chunk_0_block_91 (size 100) for chunk ChunkInfo{chunkName='110714081912357370_chunk_0_block_91, offset=0, len=100}
2023-07-14 19:27:02,312 [BlockDeletingService#0] INFO  impl.FilePerChunkStrategy (FilePerChunkStrategy.java:deleteChunk(322)) - Deleted chunk file /home/runner/work/ozone/ozone/hadoop-hdds/container-service/target/test-dir/TestBlockDeletingService/hdds/b50754cb-3964-4267-b831-7ad01e35af09/current/containerDir128/110714081901609374/chunks/110714081912488443_chunk_0_block_92 (size 100) for chunk ChunkInfo{chunkName='110714081912488443_chunk_0_block_92, offset=0, len=100}
2023-07-14 19:27:02,312 [BlockDeletingService#0] INFO  impl.FilePerChunkStrategy (FilePerChunkStrategy.java:deleteChunk(322)) - Deleted chunk file /home/runner/work/ozone/ozone/hadoop-hdds/container-service/target/test-dir/TestBlockDeletingService/hdds/b50754cb-3964-4267-b831-7ad01e35af09/current/containerDir128/110714081901609374/chunks/110714081912619516_chunk_0_block_93 (size 100) for chunk ChunkInfo{chunkName='110714081912619516_chunk_0_block_93, offset=0, len=100}
2023-07-14 19:27:02,313 [BlockDeletingService#0] INFO  impl.FilePerChunkStrategy (FilePerChunkStrategy.java:deleteChunk(322)) - Deleted chunk file /home/runner/work/ozone/ozone/hadoop-hdds/container-service/target/test-dir/TestBlockDeletingService/hdds/b50754cb-3964-4267-b831-7ad01e35af09/current/containerDir128/110714081901609374/chunks/110714081912685053_chunk_0_block_94 (size 100) for chunk ChunkInfo{chunkName='110714081912685053_chunk_0_block_94, offset=0, len=100}
2023-07-14 19:27:02,313 [BlockDeletingService#0] INFO  impl.FilePerChunkStrategy (FilePerChunkStrategy.java:deleteChunk(322)) - Deleted chunk file /home/runner/work/ozone/ozone/hadoop-hdds/container-service/target/test-dir/TestBlockDeletingService/hdds/b50754cb-3964-4267-b831-7ad01e35af09/current/containerDir128/110714081901609374/chunks/110714081912816126_chunk_0_block_95 (size 100) for chunk ChunkInfo{chunkName='110714081912816126_chunk_0_block_95, offset=0, len=100}
2023-07-14 19:27:02,313 [BlockDeletingService#0] INFO  impl.FilePerChunkStrategy (FilePerChunkStrategy.java:deleteChunk(322)) - Deleted chunk file /home/runner/work/ozone/ozone/hadoop-hdds/container-service/target/test-dir/TestBlockDeletingService/hdds/b50754cb-3964-4267-b831-7ad01e35af09/current/containerDir128/110714081901609374/chunks/110714081912947199_chunk_0_block_96 (size 100) for chunk ChunkInfo{chunkName='110714081912947199_chunk_0_block_96, offset=0, len=100}
2023-07-14 19:27:02,314 [BlockDeletingService#0] INFO  impl.FilePerChunkStrategy (FilePerChunkStrategy.java:deleteChunk(322)) - Deleted chunk file /home/runner/work/ozone/ozone/hadoop-hdds/container-service/target/test-dir/TestBlockDeletingService/hdds/b50754cb-3964-4267-b831-7ad01e35af09/current/containerDir128/110714081901609374/chunks/110714081913012736_chunk_0_block_97 (size 100) for chunk ChunkInfo{chunkName='110714081913012736_chunk_0_block_97, offset=0, len=100}
2023-07-14 19:27:02,314 [BlockDeletingService#0] INFO  impl.FilePerChunkStrategy (FilePerChunkStrategy.java:deleteChunk(322)) - Deleted chunk file /home/runner/work/ozone/ozone/hadoop-hdds/container-service/target/test-dir/TestBlockDeletingService/hdds/b50754cb-3964-4267-b831-7ad01e35af09/current/containerDir128/110714081901609374/chunks/110714081913143809_chunk_0_block_98 (size 100) for chunk ChunkInfo{chunkName='110714081913143809_chunk_0_block_98, offset=0, len=100}
2023-07-14 19:27:02,316 [BlockDeletingService#1] INFO  interfaces.ContainerDeletionChoosingPolicyTemplate (ContainerDeletionChoosingPolicyTemplate.java:chooseContainerForBlockDeletion(83)) - Chosen 0/3 blocks from 0 candidate containers.
2023-07-14 19:27:02,317 [BlockDeletingService#0] WARN  utils.BackgroundService (BackgroundService.java:lambda$run$0(130)) - BlockDeletingService Background task execution took 45700292ns > 0ns(timeout)
2023-07-14 19:27:02,368 [main] INFO  utils.BackgroundService (BackgroundService.java:shutdown(141)) - Shutting down service BlockDeletingService
]]></system-out>
  </testcase>
  <testcase name="testShutdownService" classname="TestBlockDeletingService" time="0.577">
    <system-out><![CDATA[2023-07-14 19:27:03,994 [main] INFO  volume.HddsVolume (HddsVolume.java:<init>(126)) - Creating HddsVolume: /home/runner/work/ozone/ozone/hadoop-hdds/container-service/target/test-dir/TestBlockDeletingService/hdds of storage type : DISK capacity : 9223372036854775807
2023-07-14 19:27:03,997 [main] INFO  volume.MutableVolumeSet (MutableVolumeSet.java:initializeVolumeSet(175)) - Added Volume : /home/runner/work/ozone/ozone/hadoop-hdds/container-service/target/test-dir/TestBlockDeletingService/hdds to VolumeSet
2023-07-14 19:27:04,317 [BlockDeletingService#1] INFO  interfaces.ContainerDeletionChoosingPolicyTemplate (ContainerDeletionChoosingPolicyTemplate.java:chooseContainerForBlockDeletion(83)) - Chosen 0/3 blocks from 0 candidate containers.
2023-07-14 19:27:04,355 [BlockDeletingService#0] INFO  interfaces.ContainerDeletionChoosingPolicyTemplate (ContainerDeletionChoosingPolicyTemplate.java:chooseContainerForBlockDeletion(83)) - Chosen 100/4900 blocks from 1 candidate containers.
2023-07-14 19:27:04,358 [BlockDeletingService#0] INFO  impl.FilePerBlockStrategy (FilePerBlockStrategy.java:deleteChunk(254)) - Deleted block file: /home/runner/work/ozone/ozone/hadoop-hdds/container-service/target/test-dir/TestBlockDeletingService/hdds/bc9d865b-db59-4ee5-b8a8-a43ac6ab792e/current/containerDir129/110714082036744742/chunks/110714082039497255.block
2023-07-14 19:27:04,361 [BlockDeletingService#0] INFO  impl.FilePerBlockStrategy (FilePerBlockStrategy.java:deleteChunk(254)) - Deleted block file: /home/runner/work/ozone/ozone/hadoop-hdds/container-service/target/test-dir/TestBlockDeletingService/hdds/bc9d865b-db59-4ee5-b8a8-a43ac6ab792e/current/containerDir129/110714082036744742/chunks/110714082040480296.block
2023-07-14 19:27:04,362 [BlockDeletingService#0] INFO  impl.FilePerBlockStrategy (FilePerBlockStrategy.java:deleteChunk(254)) - Deleted block file: /home/runner/work/ozone/ozone/hadoop-hdds/container-service/target/test-dir/TestBlockDeletingService/hdds/bc9d865b-db59-4ee5-b8a8-a43ac6ab792e/current/containerDir129/110714082036744742/chunks/110714082040545833.block
2023-07-14 19:27:04,362 [BlockDeletingService#0] INFO  impl.FilePerBlockStrategy (FilePerBlockStrategy.java:deleteChunk(254)) - Deleted block file: /home/runner/work/ozone/ozone/hadoop-hdds/container-service/target/test-dir/TestBlockDeletingService/hdds/bc9d865b-db59-4ee5-b8a8-a43ac6ab792e/current/containerDir129/110714082036744742/chunks/110714082040676906.block
2023-07-14 19:27:04,362 [BlockDeletingService#0] INFO  impl.FilePerBlockStrategy (FilePerBlockStrategy.java:deleteChunk(254)) - Deleted block file: /home/runner/work/ozone/ozone/hadoop-hdds/container-service/target/test-dir/TestBlockDeletingService/hdds/bc9d865b-db59-4ee5-b8a8-a43ac6ab792e/current/containerDir129/110714082036744742/chunks/110714082040742443.block
2023-07-14 19:27:04,362 [BlockDeletingService#0] INFO  impl.FilePerBlockStrategy (FilePerBlockStrategy.java:deleteChunk(254)) - Deleted block file: /home/runner/work/ozone/ozone/hadoop-hdds/container-service/target/test-dir/TestBlockDeletingService/hdds/bc9d865b-db59-4ee5-b8a8-a43ac6ab792e/current/containerDir129/110714082036744742/chunks/110714082041070124.block
2023-07-14 19:27:04,362 [BlockDeletingService#0] INFO  impl.FilePerBlockStrategy (FilePerBlockStrategy.java:deleteChunk(254)) - Deleted block file: /home/runner/work/ozone/ozone/hadoop-hdds/container-service/target/test-dir/TestBlockDeletingService/hdds/bc9d865b-db59-4ee5-b8a8-a43ac6ab792e/current/containerDir129/110714082036744742/chunks/110714082041135661.block
2023-07-14 19:27:04,363 [BlockDeletingService#0] INFO  impl.FilePerBlockStrategy (FilePerBlockStrategy.java:deleteChunk(254)) - Deleted block file: /home/runner/work/ozone/ozone/hadoop-hdds/container-service/target/test-dir/TestBlockDeletingService/hdds/bc9d865b-db59-4ee5-b8a8-a43ac6ab792e/current/containerDir129/110714082036744742/chunks/110714082041201198.block
2023-07-14 19:27:04,363 [BlockDeletingService#0] INFO  impl.FilePerBlockStrategy (FilePerBlockStrategy.java:deleteChunk(254)) - Deleted block file: /home/runner/work/ozone/ozone/hadoop-hdds/container-service/target/test-dir/TestBlockDeletingService/hdds/bc9d865b-db59-4ee5-b8a8-a43ac6ab792e/current/containerDir129/110714082036744742/chunks/110714082041266735.block
2023-07-14 19:27:04,363 [BlockDeletingService#0] INFO  impl.FilePerBlockStrategy (FilePerBlockStrategy.java:deleteChunk(254)) - Deleted block file: /home/runner/work/ozone/ozone/hadoop-hdds/container-service/target/test-dir/TestBlockDeletingService/hdds/bc9d865b-db59-4ee5-b8a8-a43ac6ab792e/current/containerDir129/110714082036744742/chunks/110714082041332272.block
2023-07-14 19:27:04,363 [BlockDeletingService#0] INFO  impl.FilePerBlockStrategy (FilePerBlockStrategy.java:deleteChunk(254)) - Deleted block file: /home/runner/work/ozone/ozone/hadoop-hdds/container-service/target/test-dir/TestBlockDeletingService/hdds/bc9d865b-db59-4ee5-b8a8-a43ac6ab792e/current/containerDir129/110714082036744742/chunks/110714082041397809.block
2023-07-14 19:27:04,364 [BlockDeletingService#0] INFO  impl.FilePerBlockStrategy (FilePerBlockStrategy.java:deleteChunk(254)) - Deleted block file: /home/runner/work/ozone/ozone/hadoop-hdds/container-service/target/test-dir/TestBlockDeletingService/hdds/bc9d865b-db59-4ee5-b8a8-a43ac6ab792e/current/containerDir129/110714082036744742/chunks/110714082041528882.block
2023-07-14 19:27:04,364 [BlockDeletingService#0] INFO  impl.FilePerBlockStrategy (FilePerBlockStrategy.java:deleteChunk(254)) - Deleted block file: /home/runner/work/ozone/ozone/hadoop-hdds/container-service/target/test-dir/TestBlockDeletingService/hdds/bc9d865b-db59-4ee5-b8a8-a43ac6ab792e/current/containerDir129/110714082036744742/chunks/110714082041594419.block
2023-07-14 19:27:04,364 [BlockDeletingService#0] INFO  impl.FilePerBlockStrategy (FilePerBlockStrategy.java:deleteChunk(254)) - Deleted block file: /home/runner/work/ozone/ozone/hadoop-hdds/container-service/target/test-dir/TestBlockDeletingService/hdds/bc9d865b-db59-4ee5-b8a8-a43ac6ab792e/current/containerDir129/110714082036744742/chunks/110714082041659956.block
2023-07-14 19:27:04,364 [BlockDeletingService#0] INFO  impl.FilePerBlockStrategy (FilePerBlockStrategy.java:deleteChunk(254)) - Deleted block file: /home/runner/work/ozone/ozone/hadoop-hdds/container-service/target/test-dir/TestBlockDeletingService/hdds/bc9d865b-db59-4ee5-b8a8-a43ac6ab792e/current/containerDir129/110714082036744742/chunks/110714082041725493.block
2023-07-14 19:27:04,364 [BlockDeletingService#0] INFO  impl.FilePerBlockStrategy (FilePerBlockStrategy.java:deleteChunk(254)) - Deleted block file: /home/runner/work/ozone/ozone/hadoop-hdds/container-service/target/test-dir/TestBlockDeletingService/hdds/bc9d865b-db59-4ee5-b8a8-a43ac6ab792e/current/containerDir129/110714082036744742/chunks/110714082041791030.block
2023-07-14 19:27:04,364 [BlockDeletingService#0] INFO  impl.FilePerBlockStrategy (FilePerBlockStrategy.java:deleteChunk(254)) - Deleted block file: /home/runner/work/ozone/ozone/hadoop-hdds/container-service/target/test-dir/TestBlockDeletingService/hdds/bc9d865b-db59-4ee5-b8a8-a43ac6ab792e/current/containerDir129/110714082036744742/chunks/110714082041856567.block
2023-07-14 19:27:04,365 [BlockDeletingService#0] INFO  impl.FilePerBlockStrategy (FilePerBlockStrategy.java:deleteChunk(254)) - Deleted block file: /home/runner/work/ozone/ozone/hadoop-hdds/container-service/target/test-dir/TestBlockDeletingService/hdds/bc9d865b-db59-4ee5-b8a8-a43ac6ab792e/current/containerDir129/110714082036744742/chunks/110714082041987640.block
2023-07-14 19:27:04,365 [BlockDeletingService#0] INFO  impl.FilePerBlockStrategy (FilePerBlockStrategy.java:deleteChunk(254)) - Deleted block file: /home/runner/work/ozone/ozone/hadoop-hdds/container-service/target/test-dir/TestBlockDeletingService/hdds/bc9d865b-db59-4ee5-b8a8-a43ac6ab792e/current/containerDir129/110714082036744742/chunks/110714082042053177.block
2023-07-14 19:27:04,365 [BlockDeletingService#0] INFO  impl.FilePerBlockStrategy (FilePerBlockStrategy.java:deleteChunk(254)) - Deleted block file: /home/runner/work/ozone/ozone/hadoop-hdds/container-service/target/test-dir/TestBlockDeletingService/hdds/bc9d865b-db59-4ee5-b8a8-a43ac6ab792e/current/containerDir129/110714082036744742/chunks/110714082042184250.block
2023-07-14 19:27:04,365 [BlockDeletingService#0] INFO  impl.FilePerBlockStrategy (FilePerBlockStrategy.java:deleteChunk(254)) - Deleted block file: /home/runner/work/ozone/ozone/hadoop-hdds/container-service/target/test-dir/TestBlockDeletingService/hdds/bc9d865b-db59-4ee5-b8a8-a43ac6ab792e/current/containerDir129/110714082036744742/chunks/110714082042249787.block
2023-07-14 19:27:04,365 [BlockDeletingService#0] INFO  impl.FilePerBlockStrategy (FilePerBlockStrategy.java:deleteChunk(254)) - Deleted block file: /home/runner/work/ozone/ozone/hadoop-hdds/container-service/target/test-dir/TestBlockDeletingService/hdds/bc9d865b-db59-4ee5-b8a8-a43ac6ab792e/current/containerDir129/110714082036744742/chunks/110714082042249788.block
2023-07-14 19:27:04,365 [BlockDeletingService#0] INFO  impl.FilePerBlockStrategy (FilePerBlockStrategy.java:deleteChunk(254)) - Deleted block file: /home/runner/work/ozone/ozone/hadoop-hdds/container-service/target/test-dir/TestBlockDeletingService/hdds/bc9d865b-db59-4ee5-b8a8-a43ac6ab792e/current/containerDir129/110714082036744742/chunks/110714082042380861.block
2023-07-14 19:27:04,365 [BlockDeletingService#0] INFO  impl.FilePerBlockStrategy (FilePerBlockStrategy.java:deleteChunk(254)) - Deleted block file: /home/runner/work/ozone/ozone/hadoop-hdds/container-service/target/test-dir/TestBlockDeletingService/hdds/bc9d865b-db59-4ee5-b8a8-a43ac6ab792e/current/containerDir129/110714082036744742/chunks/110714082042446398.block
2023-07-14 19:27:04,366 [BlockDeletingService#0] INFO  impl.FilePerBlockStrategy (FilePerBlockStrategy.java:deleteChunk(254)) - Deleted block file: /home/runner/work/ozone/ozone/hadoop-hdds/container-service/target/test-dir/TestBlockDeletingService/hdds/bc9d865b-db59-4ee5-b8a8-a43ac6ab792e/current/containerDir129/110714082036744742/chunks/110714082042511935.block
2023-07-14 19:27:04,366 [BlockDeletingService#0] INFO  impl.FilePerBlockStrategy (FilePerBlockStrategy.java:deleteChunk(254)) - Deleted block file: /home/runner/work/ozone/ozone/hadoop-hdds/container-service/target/test-dir/TestBlockDeletingService/hdds/bc9d865b-db59-4ee5-b8a8-a43ac6ab792e/current/containerDir129/110714082036744742/chunks/110714082042577472.block
2023-07-14 19:27:04,366 [BlockDeletingService#0] INFO  impl.FilePerBlockStrategy (FilePerBlockStrategy.java:deleteChunk(254)) - Deleted block file: /home/runner/work/ozone/ozone/hadoop-hdds/container-service/target/test-dir/TestBlockDeletingService/hdds/bc9d865b-db59-4ee5-b8a8-a43ac6ab792e/current/containerDir129/110714082036744742/chunks/110714082042708545.block
2023-07-14 19:27:04,366 [BlockDeletingService#0] INFO  impl.FilePerBlockStrategy (FilePerBlockStrategy.java:deleteChunk(254)) - Deleted block file: /home/runner/work/ozone/ozone/hadoop-hdds/container-service/target/test-dir/TestBlockDeletingService/hdds/bc9d865b-db59-4ee5-b8a8-a43ac6ab792e/current/containerDir129/110714082036744742/chunks/110714082042774082.block
2023-07-14 19:27:04,366 [BlockDeletingService#0] INFO  impl.FilePerBlockStrategy (FilePerBlockStrategy.java:deleteChunk(254)) - Deleted block file: /home/runner/work/ozone/ozone/hadoop-hdds/container-service/target/test-dir/TestBlockDeletingService/hdds/bc9d865b-db59-4ee5-b8a8-a43ac6ab792e/current/containerDir129/110714082036744742/chunks/110714082042839619.block
2023-07-14 19:27:04,366 [BlockDeletingService#0] INFO  impl.FilePerBlockStrategy (FilePerBlockStrategy.java:deleteChunk(254)) - Deleted block file: /home/runner/work/ozone/ozone/hadoop-hdds/container-service/target/test-dir/TestBlockDeletingService/hdds/bc9d865b-db59-4ee5-b8a8-a43ac6ab792e/current/containerDir129/110714082036744742/chunks/110714082042905156.block
2023-07-14 19:27:04,367 [BlockDeletingService#0] INFO  impl.FilePerBlockStrategy (FilePerBlockStrategy.java:deleteChunk(254)) - Deleted block file: /home/runner/work/ozone/ozone/hadoop-hdds/container-service/target/test-dir/TestBlockDeletingService/hdds/bc9d865b-db59-4ee5-b8a8-a43ac6ab792e/current/containerDir129/110714082036744742/chunks/110714082043036229.block
2023-07-14 19:27:04,367 [BlockDeletingService#0] INFO  impl.FilePerBlockStrategy (FilePerBlockStrategy.java:deleteChunk(254)) - Deleted block file: /home/runner/work/ozone/ozone/hadoop-hdds/container-service/target/test-dir/TestBlockDeletingService/hdds/bc9d865b-db59-4ee5-b8a8-a43ac6ab792e/current/containerDir129/110714082036744742/chunks/110714082043101766.block
2023-07-14 19:27:04,367 [BlockDeletingService#0] INFO  impl.FilePerBlockStrategy (FilePerBlockStrategy.java:deleteChunk(254)) - Deleted block file: /home/runner/work/ozone/ozone/hadoop-hdds/container-service/target/test-dir/TestBlockDeletingService/hdds/bc9d865b-db59-4ee5-b8a8-a43ac6ab792e/current/containerDir129/110714082036744742/chunks/110714082043167303.block
2023-07-14 19:27:04,367 [BlockDeletingService#0] INFO  impl.FilePerBlockStrategy (FilePerBlockStrategy.java:deleteChunk(254)) - Deleted block file: /home/runner/work/ozone/ozone/hadoop-hdds/container-service/target/test-dir/TestBlockDeletingService/hdds/bc9d865b-db59-4ee5-b8a8-a43ac6ab792e/current/containerDir129/110714082036744742/chunks/110714082043232840.block
2023-07-14 19:27:04,367 [BlockDeletingService#0] INFO  impl.FilePerBlockStrategy (FilePerBlockStrategy.java:deleteChunk(254)) - Deleted block file: /home/runner/work/ozone/ozone/hadoop-hdds/container-service/target/test-dir/TestBlockDeletingService/hdds/bc9d865b-db59-4ee5-b8a8-a43ac6ab792e/current/containerDir129/110714082036744742/chunks/110714082043298377.block
2023-07-14 19:27:04,368 [BlockDeletingService#0] INFO  impl.FilePerBlockStrategy (FilePerBlockStrategy.java:deleteChunk(254)) - Deleted block file: /home/runner/work/ozone/ozone/hadoop-hdds/container-service/target/test-dir/TestBlockDeletingService/hdds/bc9d865b-db59-4ee5-b8a8-a43ac6ab792e/current/containerDir129/110714082036744742/chunks/110714082043363914.block
2023-07-14 19:27:04,368 [BlockDeletingService#0] INFO  impl.FilePerBlockStrategy (FilePerBlockStrategy.java:deleteChunk(254)) - Deleted block file: /home/runner/work/ozone/ozone/hadoop-hdds/container-service/target/test-dir/TestBlockDeletingService/hdds/bc9d865b-db59-4ee5-b8a8-a43ac6ab792e/current/containerDir129/110714082036744742/chunks/110714082043560523.block
2023-07-14 19:27:04,368 [BlockDeletingService#0] INFO  impl.FilePerBlockStrategy (FilePerBlockStrategy.java:deleteChunk(254)) - Deleted block file: /home/runner/work/ozone/ozone/hadoop-hdds/container-service/target/test-dir/TestBlockDeletingService/hdds/bc9d865b-db59-4ee5-b8a8-a43ac6ab792e/current/containerDir129/110714082036744742/chunks/110714082043626060.block
2023-07-14 19:27:04,368 [BlockDeletingService#0] INFO  impl.FilePerBlockStrategy (FilePerBlockStrategy.java:deleteChunk(254)) - Deleted block file: /home/runner/work/ozone/ozone/hadoop-hdds/container-service/target/test-dir/TestBlockDeletingService/hdds/bc9d865b-db59-4ee5-b8a8-a43ac6ab792e/current/containerDir129/110714082036744742/chunks/110714082043757133.block
2023-07-14 19:27:04,368 [BlockDeletingService#0] INFO  impl.FilePerBlockStrategy (FilePerBlockStrategy.java:deleteChunk(254)) - Deleted block file: /home/runner/work/ozone/ozone/hadoop-hdds/container-service/target/test-dir/TestBlockDeletingService/hdds/bc9d865b-db59-4ee5-b8a8-a43ac6ab792e/current/containerDir129/110714082036744742/chunks/110714082043953742.block
2023-07-14 19:27:04,368 [BlockDeletingService#0] INFO  impl.FilePerBlockStrategy (FilePerBlockStrategy.java:deleteChunk(254)) - Deleted block file: /home/runner/work/ozone/ozone/hadoop-hdds/container-service/target/test-dir/TestBlockDeletingService/hdds/bc9d865b-db59-4ee5-b8a8-a43ac6ab792e/current/containerDir129/110714082036744742/chunks/110714082044019279.block
2023-07-14 19:27:04,369 [BlockDeletingService#0] INFO  impl.FilePerBlockStrategy (FilePerBlockStrategy.java:deleteChunk(254)) - Deleted block file: /home/runner/work/ozone/ozone/hadoop-hdds/container-service/target/test-dir/TestBlockDeletingService/hdds/bc9d865b-db59-4ee5-b8a8-a43ac6ab792e/current/containerDir129/110714082036744742/chunks/110714082044084816.block
2023-07-14 19:27:04,369 [BlockDeletingService#0] INFO  impl.FilePerBlockStrategy (FilePerBlockStrategy.java:deleteChunk(254)) - Deleted block file: /home/runner/work/ozone/ozone/hadoop-hdds/container-service/target/test-dir/TestBlockDeletingService/hdds/bc9d865b-db59-4ee5-b8a8-a43ac6ab792e/current/containerDir129/110714082036744742/chunks/110714082044150353.block
2023-07-14 19:27:04,369 [BlockDeletingService#0] INFO  impl.FilePerBlockStrategy (FilePerBlockStrategy.java:deleteChunk(254)) - Deleted block file: /home/runner/work/ozone/ozone/hadoop-hdds/container-service/target/test-dir/TestBlockDeletingService/hdds/bc9d865b-db59-4ee5-b8a8-a43ac6ab792e/current/containerDir129/110714082036744742/chunks/110714082044215890.block
2023-07-14 19:27:04,369 [BlockDeletingService#0] INFO  impl.FilePerBlockStrategy (FilePerBlockStrategy.java:deleteChunk(254)) - Deleted block file: /home/runner/work/ozone/ozone/hadoop-hdds/container-service/target/test-dir/TestBlockDeletingService/hdds/bc9d865b-db59-4ee5-b8a8-a43ac6ab792e/current/containerDir129/110714082036744742/chunks/110714082044346963.block
2023-07-14 19:27:04,369 [BlockDeletingService#0] INFO  impl.FilePerBlockStrategy (FilePerBlockStrategy.java:deleteChunk(254)) - Deleted block file: /home/runner/work/ozone/ozone/hadoop-hdds/container-service/target/test-dir/TestBlockDeletingService/hdds/bc9d865b-db59-4ee5-b8a8-a43ac6ab792e/current/containerDir129/110714082036744742/chunks/110714082044412500.block
2023-07-14 19:27:04,369 [BlockDeletingService#0] INFO  impl.FilePerBlockStrategy (FilePerBlockStrategy.java:deleteChunk(254)) - Deleted block file: /home/runner/work/ozone/ozone/hadoop-hdds/container-service/target/test-dir/TestBlockDeletingService/hdds/bc9d865b-db59-4ee5-b8a8-a43ac6ab792e/current/containerDir129/110714082036744742/chunks/110714082044478037.block
2023-07-14 19:27:04,369 [BlockDeletingService#0] INFO  impl.FilePerBlockStrategy (FilePerBlockStrategy.java:deleteChunk(254)) - Deleted block file: /home/runner/work/ozone/ozone/hadoop-hdds/container-service/target/test-dir/TestBlockDeletingService/hdds/bc9d865b-db59-4ee5-b8a8-a43ac6ab792e/current/containerDir129/110714082036744742/chunks/110714082044543574.block
2023-07-14 19:27:04,370 [BlockDeletingService#0] INFO  impl.FilePerBlockStrategy (FilePerBlockStrategy.java:deleteChunk(254)) - Deleted block file: /home/runner/work/ozone/ozone/hadoop-hdds/container-service/target/test-dir/TestBlockDeletingService/hdds/bc9d865b-db59-4ee5-b8a8-a43ac6ab792e/current/containerDir129/110714082036744742/chunks/110714082044609111.block
2023-07-14 19:27:04,370 [BlockDeletingService#0] INFO  impl.FilePerBlockStrategy (FilePerBlockStrategy.java:deleteChunk(254)) - Deleted block file: /home/runner/work/ozone/ozone/hadoop-hdds/container-service/target/test-dir/TestBlockDeletingService/hdds/bc9d865b-db59-4ee5-b8a8-a43ac6ab792e/current/containerDir129/110714082036744742/chunks/110714082044740184.block
2023-07-14 19:27:04,370 [BlockDeletingService#0] INFO  impl.FilePerBlockStrategy (FilePerBlockStrategy.java:deleteChunk(254)) - Deleted block file: /home/runner/work/ozone/ozone/hadoop-hdds/container-service/target/test-dir/TestBlockDeletingService/hdds/bc9d865b-db59-4ee5-b8a8-a43ac6ab792e/current/containerDir129/110714082036744742/chunks/110714082044805721.block
2023-07-14 19:27:04,370 [BlockDeletingService#0] INFO  impl.FilePerBlockStrategy (FilePerBlockStrategy.java:deleteChunk(254)) - Deleted block file: /home/runner/work/ozone/ozone/hadoop-hdds/container-service/target/test-dir/TestBlockDeletingService/hdds/bc9d865b-db59-4ee5-b8a8-a43ac6ab792e/current/containerDir129/110714082036744742/chunks/110714082044871258.block
2023-07-14 19:27:04,370 [BlockDeletingService#0] INFO  impl.FilePerBlockStrategy (FilePerBlockStrategy.java:deleteChunk(254)) - Deleted block file: /home/runner/work/ozone/ozone/hadoop-hdds/container-service/target/test-dir/TestBlockDeletingService/hdds/bc9d865b-db59-4ee5-b8a8-a43ac6ab792e/current/containerDir129/110714082036744742/chunks/110714082045002331.block
2023-07-14 19:27:04,370 [BlockDeletingService#0] INFO  impl.FilePerBlockStrategy (FilePerBlockStrategy.java:deleteChunk(254)) - Deleted block file: /home/runner/work/ozone/ozone/hadoop-hdds/container-service/target/test-dir/TestBlockDeletingService/hdds/bc9d865b-db59-4ee5-b8a8-a43ac6ab792e/current/containerDir129/110714082036744742/chunks/110714082045067868.block
2023-07-14 19:27:04,370 [BlockDeletingService#0] INFO  impl.FilePerBlockStrategy (FilePerBlockStrategy.java:deleteChunk(254)) - Deleted block file: /home/runner/work/ozone/ozone/hadoop-hdds/container-service/target/test-dir/TestBlockDeletingService/hdds/bc9d865b-db59-4ee5-b8a8-a43ac6ab792e/current/containerDir129/110714082036744742/chunks/110714082045198941.block
2023-07-14 19:27:04,371 [BlockDeletingService#0] INFO  impl.FilePerBlockStrategy (FilePerBlockStrategy.java:deleteChunk(254)) - Deleted block file: /home/runner/work/ozone/ozone/hadoop-hdds/container-service/target/test-dir/TestBlockDeletingService/hdds/bc9d865b-db59-4ee5-b8a8-a43ac6ab792e/current/containerDir129/110714082036744742/chunks/110714082045264478.block
2023-07-14 19:27:04,371 [BlockDeletingService#0] INFO  impl.FilePerBlockStrategy (FilePerBlockStrategy.java:deleteChunk(254)) - Deleted block file: /home/runner/work/ozone/ozone/hadoop-hdds/container-service/target/test-dir/TestBlockDeletingService/hdds/bc9d865b-db59-4ee5-b8a8-a43ac6ab792e/current/containerDir129/110714082036744742/chunks/110714082045330015.block
2023-07-14 19:27:04,371 [BlockDeletingService#0] INFO  impl.FilePerBlockStrategy (FilePerBlockStrategy.java:deleteChunk(254)) - Deleted block file: /home/runner/work/ozone/ozone/hadoop-hdds/container-service/target/test-dir/TestBlockDeletingService/hdds/bc9d865b-db59-4ee5-b8a8-a43ac6ab792e/current/containerDir129/110714082036744742/chunks/110714082045461088.block
2023-07-14 19:27:04,371 [BlockDeletingService#0] INFO  impl.FilePerBlockStrategy (FilePerBlockStrategy.java:deleteChunk(254)) - Deleted block file: /home/runner/work/ozone/ozone/hadoop-hdds/container-service/target/test-dir/TestBlockDeletingService/hdds/bc9d865b-db59-4ee5-b8a8-a43ac6ab792e/current/containerDir129/110714082036744742/chunks/110714082045526625.block
2023-07-14 19:27:04,371 [BlockDeletingService#0] INFO  impl.FilePerBlockStrategy (FilePerBlockStrategy.java:deleteChunk(254)) - Deleted block file: /home/runner/work/ozone/ozone/hadoop-hdds/container-service/target/test-dir/TestBlockDeletingService/hdds/bc9d865b-db59-4ee5-b8a8-a43ac6ab792e/current/containerDir129/110714082036744742/chunks/110714082045592162.block
2023-07-14 19:27:04,371 [BlockDeletingService#0] INFO  impl.FilePerBlockStrategy (FilePerBlockStrategy.java:deleteChunk(254)) - Deleted block file: /home/runner/work/ozone/ozone/hadoop-hdds/container-service/target/test-dir/TestBlockDeletingService/hdds/bc9d865b-db59-4ee5-b8a8-a43ac6ab792e/current/containerDir129/110714082036744742/chunks/110714082045657699.block
2023-07-14 19:27:04,371 [BlockDeletingService#0] INFO  impl.FilePerBlockStrategy (FilePerBlockStrategy.java:deleteChunk(254)) - Deleted block file: /home/runner/work/ozone/ozone/hadoop-hdds/container-service/target/test-dir/TestBlockDeletingService/hdds/bc9d865b-db59-4ee5-b8a8-a43ac6ab792e/current/containerDir129/110714082036744742/chunks/110714082045723236.block
2023-07-14 19:27:04,372 [BlockDeletingService#0] INFO  impl.FilePerBlockStrategy (FilePerBlockStrategy.java:deleteChunk(254)) - Deleted block file: /home/runner/work/ozone/ozone/hadoop-hdds/container-service/target/test-dir/TestBlockDeletingService/hdds/bc9d865b-db59-4ee5-b8a8-a43ac6ab792e/current/containerDir129/110714082036744742/chunks/110714082045788773.block
2023-07-14 19:27:04,372 [BlockDeletingService#0] INFO  impl.FilePerBlockStrategy (FilePerBlockStrategy.java:deleteChunk(254)) - Deleted block file: /home/runner/work/ozone/ozone/hadoop-hdds/container-service/target/test-dir/TestBlockDeletingService/hdds/bc9d865b-db59-4ee5-b8a8-a43ac6ab792e/current/containerDir129/110714082036744742/chunks/110714082045919846.block
2023-07-14 19:27:04,372 [BlockDeletingService#0] INFO  impl.FilePerBlockStrategy (FilePerBlockStrategy.java:deleteChunk(254)) - Deleted block file: /home/runner/work/ozone/ozone/hadoop-hdds/container-service/target/test-dir/TestBlockDeletingService/hdds/bc9d865b-db59-4ee5-b8a8-a43ac6ab792e/current/containerDir129/110714082036744742/chunks/110714082045985383.block
2023-07-14 19:27:04,372 [BlockDeletingService#0] INFO  impl.FilePerBlockStrategy (FilePerBlockStrategy.java:deleteChunk(254)) - Deleted block file: /home/runner/work/ozone/ozone/hadoop-hdds/container-service/target/test-dir/TestBlockDeletingService/hdds/bc9d865b-db59-4ee5-b8a8-a43ac6ab792e/current/containerDir129/110714082036744742/chunks/110714082046050920.block
2023-07-14 19:27:04,372 [BlockDeletingService#0] INFO  impl.FilePerBlockStrategy (FilePerBlockStrategy.java:deleteChunk(254)) - Deleted block file: /home/runner/work/ozone/ozone/hadoop-hdds/container-service/target/test-dir/TestBlockDeletingService/hdds/bc9d865b-db59-4ee5-b8a8-a43ac6ab792e/current/containerDir129/110714082036744742/chunks/110714082046116457.block
2023-07-14 19:27:04,372 [BlockDeletingService#0] INFO  impl.FilePerBlockStrategy (FilePerBlockStrategy.java:deleteChunk(254)) - Deleted block file: /home/runner/work/ozone/ozone/hadoop-hdds/container-service/target/test-dir/TestBlockDeletingService/hdds/bc9d865b-db59-4ee5-b8a8-a43ac6ab792e/current/containerDir129/110714082036744742/chunks/110714082046181994.block
2023-07-14 19:27:04,372 [BlockDeletingService#0] INFO  impl.FilePerBlockStrategy (FilePerBlockStrategy.java:deleteChunk(254)) - Deleted block file: /home/runner/work/ozone/ozone/hadoop-hdds/container-service/target/test-dir/TestBlockDeletingService/hdds/bc9d865b-db59-4ee5-b8a8-a43ac6ab792e/current/containerDir129/110714082036744742/chunks/110714082046247531.block
2023-07-14 19:27:04,372 [BlockDeletingService#0] INFO  impl.FilePerBlockStrategy (FilePerBlockStrategy.java:deleteChunk(254)) - Deleted block file: /home/runner/work/ozone/ozone/hadoop-hdds/container-service/target/test-dir/TestBlockDeletingService/hdds/bc9d865b-db59-4ee5-b8a8-a43ac6ab792e/current/containerDir129/110714082036744742/chunks/110714082046313068.block
2023-07-14 19:27:04,373 [BlockDeletingService#0] INFO  impl.FilePerBlockStrategy (FilePerBlockStrategy.java:deleteChunk(254)) - Deleted block file: /home/runner/work/ozone/ozone/hadoop-hdds/container-service/target/test-dir/TestBlockDeletingService/hdds/bc9d865b-db59-4ee5-b8a8-a43ac6ab792e/current/containerDir129/110714082036744742/chunks/110714082046378605.block
2023-07-14 19:27:04,373 [BlockDeletingService#0] INFO  impl.FilePerBlockStrategy (FilePerBlockStrategy.java:deleteChunk(254)) - Deleted block file: /home/runner/work/ozone/ozone/hadoop-hdds/container-service/target/test-dir/TestBlockDeletingService/hdds/bc9d865b-db59-4ee5-b8a8-a43ac6ab792e/current/containerDir129/110714082036744742/chunks/110714082046444142.block
2023-07-14 19:27:04,373 [BlockDeletingService#0] INFO  impl.FilePerBlockStrategy (FilePerBlockStrategy.java:deleteChunk(254)) - Deleted block file: /home/runner/work/ozone/ozone/hadoop-hdds/container-service/target/test-dir/TestBlockDeletingService/hdds/bc9d865b-db59-4ee5-b8a8-a43ac6ab792e/current/containerDir129/110714082036744742/chunks/110714082046575215.block
2023-07-14 19:27:04,373 [BlockDeletingService#0] INFO  impl.FilePerBlockStrategy (FilePerBlockStrategy.java:deleteChunk(254)) - Deleted block file: /home/runner/work/ozone/ozone/hadoop-hdds/container-service/target/test-dir/TestBlockDeletingService/hdds/bc9d865b-db59-4ee5-b8a8-a43ac6ab792e/current/containerDir129/110714082036744742/chunks/110714082046640752.block
2023-07-14 19:27:04,373 [BlockDeletingService#0] INFO  impl.FilePerBlockStrategy (FilePerBlockStrategy.java:deleteChunk(254)) - Deleted block file: /home/runner/work/ozone/ozone/hadoop-hdds/container-service/target/test-dir/TestBlockDeletingService/hdds/bc9d865b-db59-4ee5-b8a8-a43ac6ab792e/current/containerDir129/110714082036744742/chunks/110714082046771825.block
2023-07-14 19:27:04,373 [BlockDeletingService#0] INFO  impl.FilePerBlockStrategy (FilePerBlockStrategy.java:deleteChunk(254)) - Deleted block file: /home/runner/work/ozone/ozone/hadoop-hdds/container-service/target/test-dir/TestBlockDeletingService/hdds/bc9d865b-db59-4ee5-b8a8-a43ac6ab792e/current/containerDir129/110714082036744742/chunks/110714082046837362.block
2023-07-14 19:27:04,374 [BlockDeletingService#0] INFO  impl.FilePerBlockStrategy (FilePerBlockStrategy.java:deleteChunk(254)) - Deleted block file: /home/runner/work/ozone/ozone/hadoop-hdds/container-service/target/test-dir/TestBlockDeletingService/hdds/bc9d865b-db59-4ee5-b8a8-a43ac6ab792e/current/containerDir129/110714082036744742/chunks/110714082046902899.block
2023-07-14 19:27:04,374 [BlockDeletingService#0] INFO  impl.FilePerBlockStrategy (FilePerBlockStrategy.java:deleteChunk(254)) - Deleted block file: /home/runner/work/ozone/ozone/hadoop-hdds/container-service/target/test-dir/TestBlockDeletingService/hdds/bc9d865b-db59-4ee5-b8a8-a43ac6ab792e/current/containerDir129/110714082036744742/chunks/110714082046968436.block
2023-07-14 19:27:04,374 [BlockDeletingService#0] INFO  impl.FilePerBlockStrategy (FilePerBlockStrategy.java:deleteChunk(254)) - Deleted block file: /home/runner/work/ozone/ozone/hadoop-hdds/container-service/target/test-dir/TestBlockDeletingService/hdds/bc9d865b-db59-4ee5-b8a8-a43ac6ab792e/current/containerDir129/110714082036744742/chunks/110714082047033973.block
2023-07-14 19:27:04,374 [BlockDeletingService#0] INFO  impl.FilePerBlockStrategy (FilePerBlockStrategy.java:deleteChunk(254)) - Deleted block file: /home/runner/work/ozone/ozone/hadoop-hdds/container-service/target/test-dir/TestBlockDeletingService/hdds/bc9d865b-db59-4ee5-b8a8-a43ac6ab792e/current/containerDir129/110714082036744742/chunks/110714082048344694.block
2023-07-14 19:27:04,374 [BlockDeletingService#0] INFO  impl.FilePerBlockStrategy (FilePerBlockStrategy.java:deleteChunk(254)) - Deleted block file: /home/runner/work/ozone/ozone/hadoop-hdds/container-service/target/test-dir/TestBlockDeletingService/hdds/bc9d865b-db59-4ee5-b8a8-a43ac6ab792e/current/containerDir129/110714082036744742/chunks/110714082048410231.block
2023-07-14 19:27:04,375 [BlockDeletingService#0] INFO  impl.FilePerBlockStrategy (FilePerBlockStrategy.java:deleteChunk(254)) - Deleted block file: /home/runner/work/ozone/ozone/hadoop-hdds/container-service/target/test-dir/TestBlockDeletingService/hdds/bc9d865b-db59-4ee5-b8a8-a43ac6ab792e/current/containerDir129/110714082036744742/chunks/110714082048475768.block
2023-07-14 19:27:04,375 [BlockDeletingService#0] INFO  impl.FilePerBlockStrategy (FilePerBlockStrategy.java:deleteChunk(254)) - Deleted block file: /home/runner/work/ozone/ozone/hadoop-hdds/container-service/target/test-dir/TestBlockDeletingService/hdds/bc9d865b-db59-4ee5-b8a8-a43ac6ab792e/current/containerDir129/110714082036744742/chunks/110714082048541305.block
2023-07-14 19:27:04,375 [BlockDeletingService#0] INFO  impl.FilePerBlockStrategy (FilePerBlockStrategy.java:deleteChunk(254)) - Deleted block file: /home/runner/work/ozone/ozone/hadoop-hdds/container-service/target/test-dir/TestBlockDeletingService/hdds/bc9d865b-db59-4ee5-b8a8-a43ac6ab792e/current/containerDir129/110714082036744742/chunks/110714082048606842.block
2023-07-14 19:27:04,375 [BlockDeletingService#0] INFO  impl.FilePerBlockStrategy (FilePerBlockStrategy.java:deleteChunk(254)) - Deleted block file: /home/runner/work/ozone/ozone/hadoop-hdds/container-service/target/test-dir/TestBlockDeletingService/hdds/bc9d865b-db59-4ee5-b8a8-a43ac6ab792e/current/containerDir129/110714082036744742/chunks/110714082048672379.block
2023-07-14 19:27:04,375 [BlockDeletingService#0] INFO  impl.FilePerBlockStrategy (FilePerBlockStrategy.java:deleteChunk(254)) - Deleted block file: /home/runner/work/ozone/ozone/hadoop-hdds/container-service/target/test-dir/TestBlockDeletingService/hdds/bc9d865b-db59-4ee5-b8a8-a43ac6ab792e/current/containerDir129/110714082036744742/chunks/110714082048737916.block
2023-07-14 19:27:04,375 [BlockDeletingService#0] INFO  impl.FilePerBlockStrategy (FilePerBlockStrategy.java:deleteChunk(254)) - Deleted block file: /home/runner/work/ozone/ozone/hadoop-hdds/container-service/target/test-dir/TestBlockDeletingService/hdds/bc9d865b-db59-4ee5-b8a8-a43ac6ab792e/current/containerDir129/110714082036744742/chunks/110714082048803453.block
2023-07-14 19:27:04,375 [BlockDeletingService#0] INFO  impl.FilePerBlockStrategy (FilePerBlockStrategy.java:deleteChunk(254)) - Deleted block file: /home/runner/work/ozone/ozone/hadoop-hdds/container-service/target/test-dir/TestBlockDeletingService/hdds/bc9d865b-db59-4ee5-b8a8-a43ac6ab792e/current/containerDir129/110714082036744742/chunks/110714082048934526.block
2023-07-14 19:27:04,376 [BlockDeletingService#0] INFO  impl.FilePerBlockStrategy (FilePerBlockStrategy.java:deleteChunk(254)) - Deleted block file: /home/runner/work/ozone/ozone/hadoop-hdds/container-service/target/test-dir/TestBlockDeletingService/hdds/bc9d865b-db59-4ee5-b8a8-a43ac6ab792e/current/containerDir129/110714082036744742/chunks/110714082049000063.block
2023-07-14 19:27:04,376 [BlockDeletingService#0] INFO  impl.FilePerBlockStrategy (FilePerBlockStrategy.java:deleteChunk(254)) - Deleted block file: /home/runner/work/ozone/ozone/hadoop-hdds/container-service/target/test-dir/TestBlockDeletingService/hdds/bc9d865b-db59-4ee5-b8a8-a43ac6ab792e/current/containerDir129/110714082036744742/chunks/110714082049065600.block
2023-07-14 19:27:04,376 [BlockDeletingService#0] INFO  impl.FilePerBlockStrategy (FilePerBlockStrategy.java:deleteChunk(254)) - Deleted block file: /home/runner/work/ozone/ozone/hadoop-hdds/container-service/target/test-dir/TestBlockDeletingService/hdds/bc9d865b-db59-4ee5-b8a8-a43ac6ab792e/current/containerDir129/110714082036744742/chunks/110714082049131137.block
2023-07-14 19:27:04,376 [BlockDeletingService#0] INFO  impl.FilePerBlockStrategy (FilePerBlockStrategy.java:deleteChunk(254)) - Deleted block file: /home/runner/work/ozone/ozone/hadoop-hdds/container-service/target/test-dir/TestBlockDeletingService/hdds/bc9d865b-db59-4ee5-b8a8-a43ac6ab792e/current/containerDir129/110714082036744742/chunks/110714082049262210.block
2023-07-14 19:27:04,376 [BlockDeletingService#0] INFO  impl.FilePerBlockStrategy (FilePerBlockStrategy.java:deleteChunk(254)) - Deleted block file: /home/runner/work/ozone/ozone/hadoop-hdds/container-service/target/test-dir/TestBlockDeletingService/hdds/bc9d865b-db59-4ee5-b8a8-a43ac6ab792e/current/containerDir129/110714082036744742/chunks/110714082049327747.block
2023-07-14 19:27:04,376 [BlockDeletingService#0] INFO  impl.FilePerBlockStrategy (FilePerBlockStrategy.java:deleteChunk(254)) - Deleted block file: /home/runner/work/ozone/ozone/hadoop-hdds/container-service/target/test-dir/TestBlockDeletingService/hdds/bc9d865b-db59-4ee5-b8a8-a43ac6ab792e/current/containerDir129/110714082036744742/chunks/110714082049458820.block
2023-07-14 19:27:04,376 [BlockDeletingService#0] INFO  impl.FilePerBlockStrategy (FilePerBlockStrategy.java:deleteChunk(254)) - Deleted block file: /home/runner/work/ozone/ozone/hadoop-hdds/container-service/target/test-dir/TestBlockDeletingService/hdds/bc9d865b-db59-4ee5-b8a8-a43ac6ab792e/current/containerDir129/110714082036744742/chunks/110714082049524357.block
2023-07-14 19:27:04,377 [BlockDeletingService#0] INFO  impl.FilePerBlockStrategy (FilePerBlockStrategy.java:deleteChunk(254)) - Deleted block file: /home/runner/work/ozone/ozone/hadoop-hdds/container-service/target/test-dir/TestBlockDeletingService/hdds/bc9d865b-db59-4ee5-b8a8-a43ac6ab792e/current/containerDir129/110714082036744742/chunks/110714082049589894.block
2023-07-14 19:27:04,377 [BlockDeletingService#0] INFO  impl.FilePerBlockStrategy (FilePerBlockStrategy.java:deleteChunk(254)) - Deleted block file: /home/runner/work/ozone/ozone/hadoop-hdds/container-service/target/test-dir/TestBlockDeletingService/hdds/bc9d865b-db59-4ee5-b8a8-a43ac6ab792e/current/containerDir129/110714082036744742/chunks/110714082049720967.block
2023-07-14 19:27:04,377 [BlockDeletingService#0] INFO  impl.FilePerBlockStrategy (FilePerBlockStrategy.java:deleteChunk(254)) - Deleted block file: /home/runner/work/ozone/ozone/hadoop-hdds/container-service/target/test-dir/TestBlockDeletingService/hdds/bc9d865b-db59-4ee5-b8a8-a43ac6ab792e/current/containerDir129/110714082036744742/chunks/110714082049786504.block
2023-07-14 19:27:04,377 [BlockDeletingService#0] INFO  impl.FilePerBlockStrategy (FilePerBlockStrategy.java:deleteChunk(254)) - Deleted block file: /home/runner/work/ozone/ozone/hadoop-hdds/container-service/target/test-dir/TestBlockDeletingService/hdds/bc9d865b-db59-4ee5-b8a8-a43ac6ab792e/current/containerDir129/110714082036744742/chunks/110714082049917577.block
2023-07-14 19:27:04,377 [BlockDeletingService#0] INFO  impl.FilePerBlockStrategy (FilePerBlockStrategy.java:deleteChunk(254)) - Deleted block file: /home/runner/work/ozone/ozone/hadoop-hdds/container-service/target/test-dir/TestBlockDeletingService/hdds/bc9d865b-db59-4ee5-b8a8-a43ac6ab792e/current/containerDir129/110714082036744742/chunks/110714082049983114.block
2023-07-14 19:27:04,379 [BlockDeletingService#0] WARN  utils.BackgroundService (BackgroundService.java:lambda$run$0(130)) - BlockDeletingService Background task execution took 23472582ns > 0ns(timeout)
2023-07-14 19:27:04,454 [main] INFO  utils.BackgroundService (BackgroundService.java:shutdown(141)) - Shutting down service BlockDeletingService
]]></system-out>
  </testcase>
  <testcase name="testShutdownService" classname="TestBlockDeletingService" time="0.55">
    <system-out><![CDATA[2023-07-14 19:27:06,149 [main] INFO  volume.HddsVolume (HddsVolume.java:<init>(126)) - Creating HddsVolume: /home/runner/work/ozone/ozone/hadoop-hdds/container-service/target/test-dir/TestBlockDeletingService/hdds of storage type : DISK capacity : 9223372036854775807
2023-07-14 19:27:06,151 [main] INFO  volume.MutableVolumeSet (MutableVolumeSet.java:initializeVolumeSet(175)) - Added Volume : /home/runner/work/ozone/ozone/hadoop-hdds/container-service/target/test-dir/TestBlockDeletingService/hdds to VolumeSet
2023-07-14 19:27:06,318 [BlockDeletingService#1] INFO  interfaces.ContainerDeletionChoosingPolicyTemplate (ContainerDeletionChoosingPolicyTemplate.java:chooseContainerForBlockDeletion(83)) - Chosen 0/3 blocks from 0 candidate containers.
2023-07-14 19:27:06,484 [BlockDeletingService#0] INFO  interfaces.ContainerDeletionChoosingPolicyTemplate (ContainerDeletionChoosingPolicyTemplate.java:chooseContainerForBlockDeletion(83)) - Chosen 100/4900 blocks from 1 candidate containers.
2023-07-14 19:27:06,488 [BlockDeletingService#0] INFO  impl.FilePerBlockStrategy (FilePerBlockStrategy.java:deleteChunk(254)) - Deleted block file: /home/runner/work/ozone/ozone/hadoop-hdds/container-service/target/test-dir/TestBlockDeletingService/hdds/60eec9a6-9db1-49f4-a5a1-d0ee41d97279/current/containerDir1/110714082177974955/chunks/110714082180793004.block
2023-07-14 19:27:06,488 [BlockDeletingService#0] INFO  impl.FilePerBlockStrategy (FilePerBlockStrategy.java:deleteChunk(254)) - Deleted block file: /home/runner/work/ozone/ozone/hadoop-hdds/container-service/target/test-dir/TestBlockDeletingService/hdds/60eec9a6-9db1-49f4-a5a1-d0ee41d97279/current/containerDir1/110714082177974955/chunks/110714082180858541.block
2023-07-14 19:27:06,488 [BlockDeletingService#0] INFO  impl.FilePerBlockStrategy (FilePerBlockStrategy.java:deleteChunk(254)) - Deleted block file: /home/runner/work/ozone/ozone/hadoop-hdds/container-service/target/test-dir/TestBlockDeletingService/hdds/60eec9a6-9db1-49f4-a5a1-d0ee41d97279/current/containerDir1/110714082177974955/chunks/110714082180924078.block
2023-07-14 19:27:06,488 [BlockDeletingService#0] INFO  impl.FilePerBlockStrategy (FilePerBlockStrategy.java:deleteChunk(254)) - Deleted block file: /home/runner/work/ozone/ozone/hadoop-hdds/container-service/target/test-dir/TestBlockDeletingService/hdds/60eec9a6-9db1-49f4-a5a1-d0ee41d97279/current/containerDir1/110714082177974955/chunks/110714082180989615.block
2023-07-14 19:27:06,489 [BlockDeletingService#0] INFO  impl.FilePerBlockStrategy (FilePerBlockStrategy.java:deleteChunk(254)) - Deleted block file: /home/runner/work/ozone/ozone/hadoop-hdds/container-service/target/test-dir/TestBlockDeletingService/hdds/60eec9a6-9db1-49f4-a5a1-d0ee41d97279/current/containerDir1/110714082177974955/chunks/110714082181448368.block
2023-07-14 19:27:06,489 [BlockDeletingService#0] INFO  impl.FilePerBlockStrategy (FilePerBlockStrategy.java:deleteChunk(254)) - Deleted block file: /home/runner/work/ozone/ozone/hadoop-hdds/container-service/target/test-dir/TestBlockDeletingService/hdds/60eec9a6-9db1-49f4-a5a1-d0ee41d97279/current/containerDir1/110714082177974955/chunks/110714082181513905.block
2023-07-14 19:27:06,489 [BlockDeletingService#0] INFO  impl.FilePerBlockStrategy (FilePerBlockStrategy.java:deleteChunk(254)) - Deleted block file: /home/runner/work/ozone/ozone/hadoop-hdds/container-service/target/test-dir/TestBlockDeletingService/hdds/60eec9a6-9db1-49f4-a5a1-d0ee41d97279/current/containerDir1/110714082177974955/chunks/110714082181579442.block
2023-07-14 19:27:06,489 [BlockDeletingService#0] INFO  impl.FilePerBlockStrategy (FilePerBlockStrategy.java:deleteChunk(254)) - Deleted block file: /home/runner/work/ozone/ozone/hadoop-hdds/container-service/target/test-dir/TestBlockDeletingService/hdds/60eec9a6-9db1-49f4-a5a1-d0ee41d97279/current/containerDir1/110714082177974955/chunks/110714082181644979.block
2023-07-14 19:27:06,489 [BlockDeletingService#0] INFO  impl.FilePerBlockStrategy (FilePerBlockStrategy.java:deleteChunk(254)) - Deleted block file: /home/runner/work/ozone/ozone/hadoop-hdds/container-service/target/test-dir/TestBlockDeletingService/hdds/60eec9a6-9db1-49f4-a5a1-d0ee41d97279/current/containerDir1/110714082177974955/chunks/110714082181710516.block
2023-07-14 19:27:06,489 [BlockDeletingService#0] INFO  impl.FilePerBlockStrategy (FilePerBlockStrategy.java:deleteChunk(254)) - Deleted block file: /home/runner/work/ozone/ozone/hadoop-hdds/container-service/target/test-dir/TestBlockDeletingService/hdds/60eec9a6-9db1-49f4-a5a1-d0ee41d97279/current/containerDir1/110714082177974955/chunks/110714082181776053.block
2023-07-14 19:27:06,489 [BlockDeletingService#0] INFO  impl.FilePerBlockStrategy (FilePerBlockStrategy.java:deleteChunk(254)) - Deleted block file: /home/runner/work/ozone/ozone/hadoop-hdds/container-service/target/test-dir/TestBlockDeletingService/hdds/60eec9a6-9db1-49f4-a5a1-d0ee41d97279/current/containerDir1/110714082177974955/chunks/110714082181841590.block
2023-07-14 19:27:06,489 [BlockDeletingService#0] INFO  impl.FilePerBlockStrategy (FilePerBlockStrategy.java:deleteChunk(254)) - Deleted block file: /home/runner/work/ozone/ozone/hadoop-hdds/container-service/target/test-dir/TestBlockDeletingService/hdds/60eec9a6-9db1-49f4-a5a1-d0ee41d97279/current/containerDir1/110714082177974955/chunks/110714082181907127.block
2023-07-14 19:27:06,490 [BlockDeletingService#0] INFO  impl.FilePerBlockStrategy (FilePerBlockStrategy.java:deleteChunk(254)) - Deleted block file: /home/runner/work/ozone/ozone/hadoop-hdds/container-service/target/test-dir/TestBlockDeletingService/hdds/60eec9a6-9db1-49f4-a5a1-d0ee41d97279/current/containerDir1/110714082177974955/chunks/110714082182038200.block
2023-07-14 19:27:06,490 [BlockDeletingService#0] INFO  impl.FilePerBlockStrategy (FilePerBlockStrategy.java:deleteChunk(254)) - Deleted block file: /home/runner/work/ozone/ozone/hadoop-hdds/container-service/target/test-dir/TestBlockDeletingService/hdds/60eec9a6-9db1-49f4-a5a1-d0ee41d97279/current/containerDir1/110714082177974955/chunks/110714082182103737.block
2023-07-14 19:27:06,490 [BlockDeletingService#0] INFO  impl.FilePerBlockStrategy (FilePerBlockStrategy.java:deleteChunk(254)) - Deleted block file: /home/runner/work/ozone/ozone/hadoop-hdds/container-service/target/test-dir/TestBlockDeletingService/hdds/60eec9a6-9db1-49f4-a5a1-d0ee41d97279/current/containerDir1/110714082177974955/chunks/110714082182169274.block
2023-07-14 19:27:06,490 [BlockDeletingService#0] INFO  impl.FilePerBlockStrategy (FilePerBlockStrategy.java:deleteChunk(254)) - Deleted block file: /home/runner/work/ozone/ozone/hadoop-hdds/container-service/target/test-dir/TestBlockDeletingService/hdds/60eec9a6-9db1-49f4-a5a1-d0ee41d97279/current/containerDir1/110714082177974955/chunks/110714082182234811.block
2023-07-14 19:27:06,490 [BlockDeletingService#0] INFO  impl.FilePerBlockStrategy (FilePerBlockStrategy.java:deleteChunk(254)) - Deleted block file: /home/runner/work/ozone/ozone/hadoop-hdds/container-service/target/test-dir/TestBlockDeletingService/hdds/60eec9a6-9db1-49f4-a5a1-d0ee41d97279/current/containerDir1/110714082177974955/chunks/110714082182300348.block
2023-07-14 19:27:06,490 [BlockDeletingService#0] INFO  impl.FilePerBlockStrategy (FilePerBlockStrategy.java:deleteChunk(254)) - Deleted block file: /home/runner/work/ozone/ozone/hadoop-hdds/container-service/target/test-dir/TestBlockDeletingService/hdds/60eec9a6-9db1-49f4-a5a1-d0ee41d97279/current/containerDir1/110714082177974955/chunks/110714082182365885.block
2023-07-14 19:27:06,490 [BlockDeletingService#0] INFO  impl.FilePerBlockStrategy (FilePerBlockStrategy.java:deleteChunk(254)) - Deleted block file: /home/runner/work/ozone/ozone/hadoop-hdds/container-service/target/test-dir/TestBlockDeletingService/hdds/60eec9a6-9db1-49f4-a5a1-d0ee41d97279/current/containerDir1/110714082177974955/chunks/110714082182496958.block
2023-07-14 19:27:06,491 [BlockDeletingService#0] INFO  impl.FilePerBlockStrategy (FilePerBlockStrategy.java:deleteChunk(254)) - Deleted block file: /home/runner/work/ozone/ozone/hadoop-hdds/container-service/target/test-dir/TestBlockDeletingService/hdds/60eec9a6-9db1-49f4-a5a1-d0ee41d97279/current/containerDir1/110714082177974955/chunks/110714082182562495.block
2023-07-14 19:27:06,491 [BlockDeletingService#0] INFO  impl.FilePerBlockStrategy (FilePerBlockStrategy.java:deleteChunk(254)) - Deleted block file: /home/runner/work/ozone/ozone/hadoop-hdds/container-service/target/test-dir/TestBlockDeletingService/hdds/60eec9a6-9db1-49f4-a5a1-d0ee41d97279/current/containerDir1/110714082177974955/chunks/110714082182628032.block
2023-07-14 19:27:06,491 [BlockDeletingService#0] INFO  impl.FilePerBlockStrategy (FilePerBlockStrategy.java:deleteChunk(254)) - Deleted block file: /home/runner/work/ozone/ozone/hadoop-hdds/container-service/target/test-dir/TestBlockDeletingService/hdds/60eec9a6-9db1-49f4-a5a1-d0ee41d97279/current/containerDir1/110714082177974955/chunks/110714082182759105.block
2023-07-14 19:27:06,491 [BlockDeletingService#0] INFO  impl.FilePerBlockStrategy (FilePerBlockStrategy.java:deleteChunk(254)) - Deleted block file: /home/runner/work/ozone/ozone/hadoop-hdds/container-service/target/test-dir/TestBlockDeletingService/hdds/60eec9a6-9db1-49f4-a5a1-d0ee41d97279/current/containerDir1/110714082177974955/chunks/110714082182824642.block
2023-07-14 19:27:06,491 [BlockDeletingService#0] INFO  impl.FilePerBlockStrategy (FilePerBlockStrategy.java:deleteChunk(254)) - Deleted block file: /home/runner/work/ozone/ozone/hadoop-hdds/container-service/target/test-dir/TestBlockDeletingService/hdds/60eec9a6-9db1-49f4-a5a1-d0ee41d97279/current/containerDir1/110714082177974955/chunks/110714082182890179.block
2023-07-14 19:27:06,491 [BlockDeletingService#0] INFO  impl.FilePerBlockStrategy (FilePerBlockStrategy.java:deleteChunk(254)) - Deleted block file: /home/runner/work/ozone/ozone/hadoop-hdds/container-service/target/test-dir/TestBlockDeletingService/hdds/60eec9a6-9db1-49f4-a5a1-d0ee41d97279/current/containerDir1/110714082177974955/chunks/110714082182955716.block
2023-07-14 19:27:06,492 [BlockDeletingService#0] INFO  impl.FilePerBlockStrategy (FilePerBlockStrategy.java:deleteChunk(254)) - Deleted block file: /home/runner/work/ozone/ozone/hadoop-hdds/container-service/target/test-dir/TestBlockDeletingService/hdds/60eec9a6-9db1-49f4-a5a1-d0ee41d97279/current/containerDir1/110714082177974955/chunks/110714082183086789.block
2023-07-14 19:27:06,492 [BlockDeletingService#0] INFO  impl.FilePerBlockStrategy (FilePerBlockStrategy.java:deleteChunk(254)) - Deleted block file: /home/runner/work/ozone/ozone/hadoop-hdds/container-service/target/test-dir/TestBlockDeletingService/hdds/60eec9a6-9db1-49f4-a5a1-d0ee41d97279/current/containerDir1/110714082177974955/chunks/110714082183152326.block
2023-07-14 19:27:06,492 [BlockDeletingService#0] INFO  impl.FilePerBlockStrategy (FilePerBlockStrategy.java:deleteChunk(254)) - Deleted block file: /home/runner/work/ozone/ozone/hadoop-hdds/container-service/target/test-dir/TestBlockDeletingService/hdds/60eec9a6-9db1-49f4-a5a1-d0ee41d97279/current/containerDir1/110714082177974955/chunks/110714082183217863.block
2023-07-14 19:27:06,492 [BlockDeletingService#0] INFO  impl.FilePerBlockStrategy (FilePerBlockStrategy.java:deleteChunk(254)) - Deleted block file: /home/runner/work/ozone/ozone/hadoop-hdds/container-service/target/test-dir/TestBlockDeletingService/hdds/60eec9a6-9db1-49f4-a5a1-d0ee41d97279/current/containerDir1/110714082177974955/chunks/110714082183545544.block
2023-07-14 19:27:06,492 [BlockDeletingService#0] INFO  impl.FilePerBlockStrategy (FilePerBlockStrategy.java:deleteChunk(254)) - Deleted block file: /home/runner/work/ozone/ozone/hadoop-hdds/container-service/target/test-dir/TestBlockDeletingService/hdds/60eec9a6-9db1-49f4-a5a1-d0ee41d97279/current/containerDir1/110714082177974955/chunks/110714082183676617.block
2023-07-14 19:27:06,492 [BlockDeletingService#0] INFO  impl.FilePerBlockStrategy (FilePerBlockStrategy.java:deleteChunk(254)) - Deleted block file: /home/runner/work/ozone/ozone/hadoop-hdds/container-service/target/test-dir/TestBlockDeletingService/hdds/60eec9a6-9db1-49f4-a5a1-d0ee41d97279/current/containerDir1/110714082177974955/chunks/110714082183742154.block
2023-07-14 19:27:06,492 [BlockDeletingService#0] INFO  impl.FilePerBlockStrategy (FilePerBlockStrategy.java:deleteChunk(254)) - Deleted block file: /home/runner/work/ozone/ozone/hadoop-hdds/container-service/target/test-dir/TestBlockDeletingService/hdds/60eec9a6-9db1-49f4-a5a1-d0ee41d97279/current/containerDir1/110714082177974955/chunks/110714082183873227.block
2023-07-14 19:27:06,493 [BlockDeletingService#0] INFO  impl.FilePerBlockStrategy (FilePerBlockStrategy.java:deleteChunk(254)) - Deleted block file: /home/runner/work/ozone/ozone/hadoop-hdds/container-service/target/test-dir/TestBlockDeletingService/hdds/60eec9a6-9db1-49f4-a5a1-d0ee41d97279/current/containerDir1/110714082177974955/chunks/110714082184069836.block
2023-07-14 19:27:06,493 [BlockDeletingService#0] INFO  impl.FilePerBlockStrategy (FilePerBlockStrategy.java:deleteChunk(254)) - Deleted block file: /home/runner/work/ozone/ozone/hadoop-hdds/container-service/target/test-dir/TestBlockDeletingService/hdds/60eec9a6-9db1-49f4-a5a1-d0ee41d97279/current/containerDir1/110714082177974955/chunks/110714082184397517.block
2023-07-14 19:27:06,493 [BlockDeletingService#0] INFO  impl.FilePerBlockStrategy (FilePerBlockStrategy.java:deleteChunk(254)) - Deleted block file: /home/runner/work/ozone/ozone/hadoop-hdds/container-service/target/test-dir/TestBlockDeletingService/hdds/60eec9a6-9db1-49f4-a5a1-d0ee41d97279/current/containerDir1/110714082177974955/chunks/110714082184463054.block
2023-07-14 19:27:06,493 [BlockDeletingService#0] INFO  impl.FilePerBlockStrategy (FilePerBlockStrategy.java:deleteChunk(254)) - Deleted block file: /home/runner/work/ozone/ozone/hadoop-hdds/container-service/target/test-dir/TestBlockDeletingService/hdds/60eec9a6-9db1-49f4-a5a1-d0ee41d97279/current/containerDir1/110714082177974955/chunks/110714082184594127.block
2023-07-14 19:27:06,493 [BlockDeletingService#0] INFO  impl.FilePerBlockStrategy (FilePerBlockStrategy.java:deleteChunk(254)) - Deleted block file: /home/runner/work/ozone/ozone/hadoop-hdds/container-service/target/test-dir/TestBlockDeletingService/hdds/60eec9a6-9db1-49f4-a5a1-d0ee41d97279/current/containerDir1/110714082177974955/chunks/110714082184659664.block
2023-07-14 19:27:06,493 [BlockDeletingService#0] INFO  impl.FilePerBlockStrategy (FilePerBlockStrategy.java:deleteChunk(254)) - Deleted block file: /home/runner/work/ozone/ozone/hadoop-hdds/container-service/target/test-dir/TestBlockDeletingService/hdds/60eec9a6-9db1-49f4-a5a1-d0ee41d97279/current/containerDir1/110714082177974955/chunks/110714082184725201.block
2023-07-14 19:27:06,493 [BlockDeletingService#0] INFO  impl.FilePerBlockStrategy (FilePerBlockStrategy.java:deleteChunk(254)) - Deleted block file: /home/runner/work/ozone/ozone/hadoop-hdds/container-service/target/test-dir/TestBlockDeletingService/hdds/60eec9a6-9db1-49f4-a5a1-d0ee41d97279/current/containerDir1/110714082177974955/chunks/110714082184856274.block
2023-07-14 19:27:06,494 [BlockDeletingService#0] INFO  impl.FilePerBlockStrategy (FilePerBlockStrategy.java:deleteChunk(254)) - Deleted block file: /home/runner/work/ozone/ozone/hadoop-hdds/container-service/target/test-dir/TestBlockDeletingService/hdds/60eec9a6-9db1-49f4-a5a1-d0ee41d97279/current/containerDir1/110714082177974955/chunks/110714082184921811.block
2023-07-14 19:27:06,494 [BlockDeletingService#0] INFO  impl.FilePerBlockStrategy (FilePerBlockStrategy.java:deleteChunk(254)) - Deleted block file: /home/runner/work/ozone/ozone/hadoop-hdds/container-service/target/test-dir/TestBlockDeletingService/hdds/60eec9a6-9db1-49f4-a5a1-d0ee41d97279/current/containerDir1/110714082177974955/chunks/110714082185052884.block
2023-07-14 19:27:06,494 [BlockDeletingService#0] INFO  impl.FilePerBlockStrategy (FilePerBlockStrategy.java:deleteChunk(254)) - Deleted block file: /home/runner/work/ozone/ozone/hadoop-hdds/container-service/target/test-dir/TestBlockDeletingService/hdds/60eec9a6-9db1-49f4-a5a1-d0ee41d97279/current/containerDir1/110714082177974955/chunks/110714082185118421.block
2023-07-14 19:27:06,494 [BlockDeletingService#0] INFO  impl.FilePerBlockStrategy (FilePerBlockStrategy.java:deleteChunk(254)) - Deleted block file: /home/runner/work/ozone/ozone/hadoop-hdds/container-service/target/test-dir/TestBlockDeletingService/hdds/60eec9a6-9db1-49f4-a5a1-d0ee41d97279/current/containerDir1/110714082177974955/chunks/110714082185183958.block
2023-07-14 19:27:06,494 [BlockDeletingService#0] INFO  impl.FilePerBlockStrategy (FilePerBlockStrategy.java:deleteChunk(254)) - Deleted block file: /home/runner/work/ozone/ozone/hadoop-hdds/container-service/target/test-dir/TestBlockDeletingService/hdds/60eec9a6-9db1-49f4-a5a1-d0ee41d97279/current/containerDir1/110714082177974955/chunks/110714082185315031.block
2023-07-14 19:27:06,495 [BlockDeletingService#0] INFO  impl.FilePerBlockStrategy (FilePerBlockStrategy.java:deleteChunk(254)) - Deleted block file: /home/runner/work/ozone/ozone/hadoop-hdds/container-service/target/test-dir/TestBlockDeletingService/hdds/60eec9a6-9db1-49f4-a5a1-d0ee41d97279/current/containerDir1/110714082177974955/chunks/110714082185380568.block
2023-07-14 19:27:06,495 [BlockDeletingService#0] INFO  impl.FilePerBlockStrategy (FilePerBlockStrategy.java:deleteChunk(254)) - Deleted block file: /home/runner/work/ozone/ozone/hadoop-hdds/container-service/target/test-dir/TestBlockDeletingService/hdds/60eec9a6-9db1-49f4-a5a1-d0ee41d97279/current/containerDir1/110714082177974955/chunks/110714082185446105.block
2023-07-14 19:27:06,495 [BlockDeletingService#0] INFO  impl.FilePerBlockStrategy (FilePerBlockStrategy.java:deleteChunk(254)) - Deleted block file: /home/runner/work/ozone/ozone/hadoop-hdds/container-service/target/test-dir/TestBlockDeletingService/hdds/60eec9a6-9db1-49f4-a5a1-d0ee41d97279/current/containerDir1/110714082177974955/chunks/110714082185511642.block
2023-07-14 19:27:06,495 [BlockDeletingService#0] INFO  impl.FilePerBlockStrategy (FilePerBlockStrategy.java:deleteChunk(254)) - Deleted block file: /home/runner/work/ozone/ozone/hadoop-hdds/container-service/target/test-dir/TestBlockDeletingService/hdds/60eec9a6-9db1-49f4-a5a1-d0ee41d97279/current/containerDir1/110714082177974955/chunks/110714082185642715.block
2023-07-14 19:27:06,495 [BlockDeletingService#0] INFO  impl.FilePerBlockStrategy (FilePerBlockStrategy.java:deleteChunk(254)) - Deleted block file: /home/runner/work/ozone/ozone/hadoop-hdds/container-service/target/test-dir/TestBlockDeletingService/hdds/60eec9a6-9db1-49f4-a5a1-d0ee41d97279/current/containerDir1/110714082177974955/chunks/110714082185708252.block
2023-07-14 19:27:06,495 [BlockDeletingService#0] INFO  impl.FilePerBlockStrategy (FilePerBlockStrategy.java:deleteChunk(254)) - Deleted block file: /home/runner/work/ozone/ozone/hadoop-hdds/container-service/target/test-dir/TestBlockDeletingService/hdds/60eec9a6-9db1-49f4-a5a1-d0ee41d97279/current/containerDir1/110714082177974955/chunks/110714082185773789.block
2023-07-14 19:27:06,495 [BlockDeletingService#0] INFO  impl.FilePerBlockStrategy (FilePerBlockStrategy.java:deleteChunk(254)) - Deleted block file: /home/runner/work/ozone/ozone/hadoop-hdds/container-service/target/test-dir/TestBlockDeletingService/hdds/60eec9a6-9db1-49f4-a5a1-d0ee41d97279/current/containerDir1/110714082177974955/chunks/110714082185839326.block
2023-07-14 19:27:06,496 [BlockDeletingService#0] INFO  impl.FilePerBlockStrategy (FilePerBlockStrategy.java:deleteChunk(254)) - Deleted block file: /home/runner/work/ozone/ozone/hadoop-hdds/container-service/target/test-dir/TestBlockDeletingService/hdds/60eec9a6-9db1-49f4-a5a1-d0ee41d97279/current/containerDir1/110714082177974955/chunks/110714082185904863.block
2023-07-14 19:27:06,496 [BlockDeletingService#0] INFO  impl.FilePerBlockStrategy (FilePerBlockStrategy.java:deleteChunk(254)) - Deleted block file: /home/runner/work/ozone/ozone/hadoop-hdds/container-service/target/test-dir/TestBlockDeletingService/hdds/60eec9a6-9db1-49f4-a5a1-d0ee41d97279/current/containerDir1/110714082177974955/chunks/110714082185970400.block
2023-07-14 19:27:06,496 [BlockDeletingService#0] INFO  impl.FilePerBlockStrategy (FilePerBlockStrategy.java:deleteChunk(254)) - Deleted block file: /home/runner/work/ozone/ozone/hadoop-hdds/container-service/target/test-dir/TestBlockDeletingService/hdds/60eec9a6-9db1-49f4-a5a1-d0ee41d97279/current/containerDir1/110714082177974955/chunks/110714082186035937.block
2023-07-14 19:27:06,496 [BlockDeletingService#0] INFO  impl.FilePerBlockStrategy (FilePerBlockStrategy.java:deleteChunk(254)) - Deleted block file: /home/runner/work/ozone/ozone/hadoop-hdds/container-service/target/test-dir/TestBlockDeletingService/hdds/60eec9a6-9db1-49f4-a5a1-d0ee41d97279/current/containerDir1/110714082177974955/chunks/110714082186101474.block
2023-07-14 19:27:06,496 [BlockDeletingService#0] INFO  impl.FilePerBlockStrategy (FilePerBlockStrategy.java:deleteChunk(254)) - Deleted block file: /home/runner/work/ozone/ozone/hadoop-hdds/container-service/target/test-dir/TestBlockDeletingService/hdds/60eec9a6-9db1-49f4-a5a1-d0ee41d97279/current/containerDir1/110714082177974955/chunks/110714082186232547.block
2023-07-14 19:27:06,496 [BlockDeletingService#0] INFO  impl.FilePerBlockStrategy (FilePerBlockStrategy.java:deleteChunk(254)) - Deleted block file: /home/runner/work/ozone/ozone/hadoop-hdds/container-service/target/test-dir/TestBlockDeletingService/hdds/60eec9a6-9db1-49f4-a5a1-d0ee41d97279/current/containerDir1/110714082177974955/chunks/110714082186298084.block
2023-07-14 19:27:06,497 [BlockDeletingService#0] INFO  impl.FilePerBlockStrategy (FilePerBlockStrategy.java:deleteChunk(254)) - Deleted block file: /home/runner/work/ozone/ozone/hadoop-hdds/container-service/target/test-dir/TestBlockDeletingService/hdds/60eec9a6-9db1-49f4-a5a1-d0ee41d97279/current/containerDir1/110714082177974955/chunks/110714082186363621.block
2023-07-14 19:27:06,497 [BlockDeletingService#0] INFO  impl.FilePerBlockStrategy (FilePerBlockStrategy.java:deleteChunk(254)) - Deleted block file: /home/runner/work/ozone/ozone/hadoop-hdds/container-service/target/test-dir/TestBlockDeletingService/hdds/60eec9a6-9db1-49f4-a5a1-d0ee41d97279/current/containerDir1/110714082177974955/chunks/110714082186429158.block
2023-07-14 19:27:06,497 [BlockDeletingService#0] INFO  impl.FilePerBlockStrategy (FilePerBlockStrategy.java:deleteChunk(254)) - Deleted block file: /home/runner/work/ozone/ozone/hadoop-hdds/container-service/target/test-dir/TestBlockDeletingService/hdds/60eec9a6-9db1-49f4-a5a1-d0ee41d97279/current/containerDir1/110714082177974955/chunks/110714082186494695.block
2023-07-14 19:27:06,497 [BlockDeletingService#0] INFO  impl.FilePerBlockStrategy (FilePerBlockStrategy.java:deleteChunk(254)) - Deleted block file: /home/runner/work/ozone/ozone/hadoop-hdds/container-service/target/test-dir/TestBlockDeletingService/hdds/60eec9a6-9db1-49f4-a5a1-d0ee41d97279/current/containerDir1/110714082177974955/chunks/110714082186560232.block
2023-07-14 19:27:06,497 [BlockDeletingService#0] INFO  impl.FilePerBlockStrategy (FilePerBlockStrategy.java:deleteChunk(254)) - Deleted block file: /home/runner/work/ozone/ozone/hadoop-hdds/container-service/target/test-dir/TestBlockDeletingService/hdds/60eec9a6-9db1-49f4-a5a1-d0ee41d97279/current/containerDir1/110714082177974955/chunks/110714082186691305.block
2023-07-14 19:27:06,497 [BlockDeletingService#0] INFO  impl.FilePerBlockStrategy (FilePerBlockStrategy.java:deleteChunk(254)) - Deleted block file: /home/runner/work/ozone/ozone/hadoop-hdds/container-service/target/test-dir/TestBlockDeletingService/hdds/60eec9a6-9db1-49f4-a5a1-d0ee41d97279/current/containerDir1/110714082177974955/chunks/110714082186756842.block
2023-07-14 19:27:06,497 [BlockDeletingService#0] INFO  impl.FilePerBlockStrategy (FilePerBlockStrategy.java:deleteChunk(254)) - Deleted block file: /home/runner/work/ozone/ozone/hadoop-hdds/container-service/target/test-dir/TestBlockDeletingService/hdds/60eec9a6-9db1-49f4-a5a1-d0ee41d97279/current/containerDir1/110714082177974955/chunks/110714082186822379.block
2023-07-14 19:27:06,498 [BlockDeletingService#0] INFO  impl.FilePerBlockStrategy (FilePerBlockStrategy.java:deleteChunk(254)) - Deleted block file: /home/runner/work/ozone/ozone/hadoop-hdds/container-service/target/test-dir/TestBlockDeletingService/hdds/60eec9a6-9db1-49f4-a5a1-d0ee41d97279/current/containerDir1/110714082177974955/chunks/110714082186887916.block
2023-07-14 19:27:06,498 [BlockDeletingService#0] INFO  impl.FilePerBlockStrategy (FilePerBlockStrategy.java:deleteChunk(254)) - Deleted block file: /home/runner/work/ozone/ozone/hadoop-hdds/container-service/target/test-dir/TestBlockDeletingService/hdds/60eec9a6-9db1-49f4-a5a1-d0ee41d97279/current/containerDir1/110714082177974955/chunks/110714082186953453.block
2023-07-14 19:27:06,498 [BlockDeletingService#0] INFO  impl.FilePerBlockStrategy (FilePerBlockStrategy.java:deleteChunk(254)) - Deleted block file: /home/runner/work/ozone/ozone/hadoop-hdds/container-service/target/test-dir/TestBlockDeletingService/hdds/60eec9a6-9db1-49f4-a5a1-d0ee41d97279/current/containerDir1/110714082177974955/chunks/110714082187018990.block
2023-07-14 19:27:06,498 [BlockDeletingService#0] INFO  impl.FilePerBlockStrategy (FilePerBlockStrategy.java:deleteChunk(254)) - Deleted block file: /home/runner/work/ozone/ozone/hadoop-hdds/container-service/target/test-dir/TestBlockDeletingService/hdds/60eec9a6-9db1-49f4-a5a1-d0ee41d97279/current/containerDir1/110714082177974955/chunks/110714082187084527.block
2023-07-14 19:27:06,498 [BlockDeletingService#0] INFO  impl.FilePerBlockStrategy (FilePerBlockStrategy.java:deleteChunk(254)) - Deleted block file: /home/runner/work/ozone/ozone/hadoop-hdds/container-service/target/test-dir/TestBlockDeletingService/hdds/60eec9a6-9db1-49f4-a5a1-d0ee41d97279/current/containerDir1/110714082177974955/chunks/110714082187150064.block
2023-07-14 19:27:06,498 [BlockDeletingService#0] INFO  impl.FilePerBlockStrategy (FilePerBlockStrategy.java:deleteChunk(254)) - Deleted block file: /home/runner/work/ozone/ozone/hadoop-hdds/container-service/target/test-dir/TestBlockDeletingService/hdds/60eec9a6-9db1-49f4-a5a1-d0ee41d97279/current/containerDir1/110714082177974955/chunks/110714082187215601.block
2023-07-14 19:27:06,499 [BlockDeletingService#0] INFO  impl.FilePerBlockStrategy (FilePerBlockStrategy.java:deleteChunk(254)) - Deleted block file: /home/runner/work/ozone/ozone/hadoop-hdds/container-service/target/test-dir/TestBlockDeletingService/hdds/60eec9a6-9db1-49f4-a5a1-d0ee41d97279/current/containerDir1/110714082177974955/chunks/110714082187346674.block
2023-07-14 19:27:06,499 [BlockDeletingService#0] INFO  impl.FilePerBlockStrategy (FilePerBlockStrategy.java:deleteChunk(254)) - Deleted block file: /home/runner/work/ozone/ozone/hadoop-hdds/container-service/target/test-dir/TestBlockDeletingService/hdds/60eec9a6-9db1-49f4-a5a1-d0ee41d97279/current/containerDir1/110714082177974955/chunks/110714082187412211.block
2023-07-14 19:27:06,499 [BlockDeletingService#0] INFO  impl.FilePerBlockStrategy (FilePerBlockStrategy.java:deleteChunk(254)) - Deleted block file: /home/runner/work/ozone/ozone/hadoop-hdds/container-service/target/test-dir/TestBlockDeletingService/hdds/60eec9a6-9db1-49f4-a5a1-d0ee41d97279/current/containerDir1/110714082177974955/chunks/110714082187477748.block
2023-07-14 19:27:06,499 [BlockDeletingService#0] INFO  impl.FilePerBlockStrategy (FilePerBlockStrategy.java:deleteChunk(254)) - Deleted block file: /home/runner/work/ozone/ozone/hadoop-hdds/container-service/target/test-dir/TestBlockDeletingService/hdds/60eec9a6-9db1-49f4-a5a1-d0ee41d97279/current/containerDir1/110714082177974955/chunks/110714082187543285.block
2023-07-14 19:27:06,499 [BlockDeletingService#0] INFO  impl.FilePerBlockStrategy (FilePerBlockStrategy.java:deleteChunk(254)) - Deleted block file: /home/runner/work/ozone/ozone/hadoop-hdds/container-service/target/test-dir/TestBlockDeletingService/hdds/60eec9a6-9db1-49f4-a5a1-d0ee41d97279/current/containerDir1/110714082177974955/chunks/110714082187608822.block
2023-07-14 19:27:06,499 [BlockDeletingService#0] INFO  impl.FilePerBlockStrategy (FilePerBlockStrategy.java:deleteChunk(254)) - Deleted block file: /home/runner/work/ozone/ozone/hadoop-hdds/container-service/target/test-dir/TestBlockDeletingService/hdds/60eec9a6-9db1-49f4-a5a1-d0ee41d97279/current/containerDir1/110714082177974955/chunks/110714082187674359.block
2023-07-14 19:27:06,499 [BlockDeletingService#0] INFO  impl.FilePerBlockStrategy (FilePerBlockStrategy.java:deleteChunk(254)) - Deleted block file: /home/runner/work/ozone/ozone/hadoop-hdds/container-service/target/test-dir/TestBlockDeletingService/hdds/60eec9a6-9db1-49f4-a5a1-d0ee41d97279/current/containerDir1/110714082177974955/chunks/110714082187739896.block
2023-07-14 19:27:06,500 [BlockDeletingService#0] INFO  impl.FilePerBlockStrategy (FilePerBlockStrategy.java:deleteChunk(254)) - Deleted block file: /home/runner/work/ozone/ozone/hadoop-hdds/container-service/target/test-dir/TestBlockDeletingService/hdds/60eec9a6-9db1-49f4-a5a1-d0ee41d97279/current/containerDir1/110714082177974955/chunks/110714082187805433.block
2023-07-14 19:27:06,500 [BlockDeletingService#0] INFO  impl.FilePerBlockStrategy (FilePerBlockStrategy.java:deleteChunk(254)) - Deleted block file: /home/runner/work/ozone/ozone/hadoop-hdds/container-service/target/test-dir/TestBlockDeletingService/hdds/60eec9a6-9db1-49f4-a5a1-d0ee41d97279/current/containerDir1/110714082177974955/chunks/110714082187870970.block
2023-07-14 19:27:06,500 [BlockDeletingService#0] INFO  impl.FilePerBlockStrategy (FilePerBlockStrategy.java:deleteChunk(254)) - Deleted block file: /home/runner/work/ozone/ozone/hadoop-hdds/container-service/target/test-dir/TestBlockDeletingService/hdds/60eec9a6-9db1-49f4-a5a1-d0ee41d97279/current/containerDir1/110714082177974955/chunks/110714082187936507.block
2023-07-14 19:27:06,500 [BlockDeletingService#0] INFO  impl.FilePerBlockStrategy (FilePerBlockStrategy.java:deleteChunk(254)) - Deleted block file: /home/runner/work/ozone/ozone/hadoop-hdds/container-service/target/test-dir/TestBlockDeletingService/hdds/60eec9a6-9db1-49f4-a5a1-d0ee41d97279/current/containerDir1/110714082177974955/chunks/110714082188002044.block
2023-07-14 19:27:06,500 [BlockDeletingService#0] INFO  impl.FilePerBlockStrategy (FilePerBlockStrategy.java:deleteChunk(254)) - Deleted block file: /home/runner/work/ozone/ozone/hadoop-hdds/container-service/target/test-dir/TestBlockDeletingService/hdds/60eec9a6-9db1-49f4-a5a1-d0ee41d97279/current/containerDir1/110714082177974955/chunks/110714082188067581.block
2023-07-14 19:27:06,500 [BlockDeletingService#0] INFO  impl.FilePerBlockStrategy (FilePerBlockStrategy.java:deleteChunk(254)) - Deleted block file: /home/runner/work/ozone/ozone/hadoop-hdds/container-service/target/test-dir/TestBlockDeletingService/hdds/60eec9a6-9db1-49f4-a5a1-d0ee41d97279/current/containerDir1/110714082177974955/chunks/110714082188133118.block
2023-07-14 19:27:06,501 [BlockDeletingService#0] INFO  impl.FilePerBlockStrategy (FilePerBlockStrategy.java:deleteChunk(254)) - Deleted block file: /home/runner/work/ozone/ozone/hadoop-hdds/container-service/target/test-dir/TestBlockDeletingService/hdds/60eec9a6-9db1-49f4-a5a1-d0ee41d97279/current/containerDir1/110714082177974955/chunks/110714082188198655.block
2023-07-14 19:27:06,501 [BlockDeletingService#0] INFO  impl.FilePerBlockStrategy (FilePerBlockStrategy.java:deleteChunk(254)) - Deleted block file: /home/runner/work/ozone/ozone/hadoop-hdds/container-service/target/test-dir/TestBlockDeletingService/hdds/60eec9a6-9db1-49f4-a5a1-d0ee41d97279/current/containerDir1/110714082177974955/chunks/110714082188329728.block
2023-07-14 19:27:06,501 [BlockDeletingService#0] INFO  impl.FilePerBlockStrategy (FilePerBlockStrategy.java:deleteChunk(254)) - Deleted block file: /home/runner/work/ozone/ozone/hadoop-hdds/container-service/target/test-dir/TestBlockDeletingService/hdds/60eec9a6-9db1-49f4-a5a1-d0ee41d97279/current/containerDir1/110714082177974955/chunks/110714082188395265.block
2023-07-14 19:27:06,501 [BlockDeletingService#0] INFO  impl.FilePerBlockStrategy (FilePerBlockStrategy.java:deleteChunk(254)) - Deleted block file: /home/runner/work/ozone/ozone/hadoop-hdds/container-service/target/test-dir/TestBlockDeletingService/hdds/60eec9a6-9db1-49f4-a5a1-d0ee41d97279/current/containerDir1/110714082177974955/chunks/110714082188460802.block
2023-07-14 19:27:06,501 [BlockDeletingService#0] INFO  impl.FilePerBlockStrategy (FilePerBlockStrategy.java:deleteChunk(254)) - Deleted block file: /home/runner/work/ozone/ozone/hadoop-hdds/container-service/target/test-dir/TestBlockDeletingService/hdds/60eec9a6-9db1-49f4-a5a1-d0ee41d97279/current/containerDir1/110714082177974955/chunks/110714082188526339.block
2023-07-14 19:27:06,501 [BlockDeletingService#0] INFO  impl.FilePerBlockStrategy (FilePerBlockStrategy.java:deleteChunk(254)) - Deleted block file: /home/runner/work/ozone/ozone/hadoop-hdds/container-service/target/test-dir/TestBlockDeletingService/hdds/60eec9a6-9db1-49f4-a5a1-d0ee41d97279/current/containerDir1/110714082177974955/chunks/110714082188591876.block
2023-07-14 19:27:06,501 [BlockDeletingService#0] INFO  impl.FilePerBlockStrategy (FilePerBlockStrategy.java:deleteChunk(254)) - Deleted block file: /home/runner/work/ozone/ozone/hadoop-hdds/container-service/target/test-dir/TestBlockDeletingService/hdds/60eec9a6-9db1-49f4-a5a1-d0ee41d97279/current/containerDir1/110714082177974955/chunks/110714082188657413.block
2023-07-14 19:27:06,502 [BlockDeletingService#0] INFO  impl.FilePerBlockStrategy (FilePerBlockStrategy.java:deleteChunk(254)) - Deleted block file: /home/runner/work/ozone/ozone/hadoop-hdds/container-service/target/test-dir/TestBlockDeletingService/hdds/60eec9a6-9db1-49f4-a5a1-d0ee41d97279/current/containerDir1/110714082177974955/chunks/110714082188722950.block
2023-07-14 19:27:06,502 [BlockDeletingService#0] INFO  impl.FilePerBlockStrategy (FilePerBlockStrategy.java:deleteChunk(254)) - Deleted block file: /home/runner/work/ozone/ozone/hadoop-hdds/container-service/target/test-dir/TestBlockDeletingService/hdds/60eec9a6-9db1-49f4-a5a1-d0ee41d97279/current/containerDir1/110714082177974955/chunks/110714082188788487.block
2023-07-14 19:27:06,502 [BlockDeletingService#0] INFO  impl.FilePerBlockStrategy (FilePerBlockStrategy.java:deleteChunk(254)) - Deleted block file: /home/runner/work/ozone/ozone/hadoop-hdds/container-service/target/test-dir/TestBlockDeletingService/hdds/60eec9a6-9db1-49f4-a5a1-d0ee41d97279/current/containerDir1/110714082177974955/chunks/110714082188919560.block
2023-07-14 19:27:06,502 [BlockDeletingService#0] INFO  impl.FilePerBlockStrategy (FilePerBlockStrategy.java:deleteChunk(254)) - Deleted block file: /home/runner/work/ozone/ozone/hadoop-hdds/container-service/target/test-dir/TestBlockDeletingService/hdds/60eec9a6-9db1-49f4-a5a1-d0ee41d97279/current/containerDir1/110714082177974955/chunks/110714082188985097.block
2023-07-14 19:27:06,502 [BlockDeletingService#0] INFO  impl.FilePerBlockStrategy (FilePerBlockStrategy.java:deleteChunk(254)) - Deleted block file: /home/runner/work/ozone/ozone/hadoop-hdds/container-service/target/test-dir/TestBlockDeletingService/hdds/60eec9a6-9db1-49f4-a5a1-d0ee41d97279/current/containerDir1/110714082177974955/chunks/110714082189050634.block
2023-07-14 19:27:06,502 [BlockDeletingService#0] INFO  impl.FilePerBlockStrategy (FilePerBlockStrategy.java:deleteChunk(254)) - Deleted block file: /home/runner/work/ozone/ozone/hadoop-hdds/container-service/target/test-dir/TestBlockDeletingService/hdds/60eec9a6-9db1-49f4-a5a1-d0ee41d97279/current/containerDir1/110714082177974955/chunks/110714082189181707.block
2023-07-14 19:27:06,502 [BlockDeletingService#0] INFO  impl.FilePerBlockStrategy (FilePerBlockStrategy.java:deleteChunk(254)) - Deleted block file: /home/runner/work/ozone/ozone/hadoop-hdds/container-service/target/test-dir/TestBlockDeletingService/hdds/60eec9a6-9db1-49f4-a5a1-d0ee41d97279/current/containerDir1/110714082177974955/chunks/110714082189247244.block
2023-07-14 19:27:06,502 [BlockDeletingService#0] INFO  impl.FilePerBlockStrategy (FilePerBlockStrategy.java:deleteChunk(254)) - Deleted block file: /home/runner/work/ozone/ozone/hadoop-hdds/container-service/target/test-dir/TestBlockDeletingService/hdds/60eec9a6-9db1-49f4-a5a1-d0ee41d97279/current/containerDir1/110714082177974955/chunks/110714082189378317.block
2023-07-14 19:27:06,503 [BlockDeletingService#0] INFO  impl.FilePerBlockStrategy (FilePerBlockStrategy.java:deleteChunk(254)) - Deleted block file: /home/runner/work/ozone/ozone/hadoop-hdds/container-service/target/test-dir/TestBlockDeletingService/hdds/60eec9a6-9db1-49f4-a5a1-d0ee41d97279/current/containerDir1/110714082177974955/chunks/110714082189509390.block
2023-07-14 19:27:06,503 [BlockDeletingService#0] INFO  impl.FilePerBlockStrategy (FilePerBlockStrategy.java:deleteChunk(254)) - Deleted block file: /home/runner/work/ozone/ozone/hadoop-hdds/container-service/target/test-dir/TestBlockDeletingService/hdds/60eec9a6-9db1-49f4-a5a1-d0ee41d97279/current/containerDir1/110714082177974955/chunks/110714082189574927.block
2023-07-14 19:27:06,504 [BlockDeletingService#0] WARN  utils.BackgroundService (BackgroundService.java:lambda$run$0(130)) - BlockDeletingService Background task execution took 19384550ns > 0ns(timeout)
2023-07-14 19:27:06,583 [main] INFO  utils.BackgroundService (BackgroundService.java:shutdown(141)) - Shutting down service BlockDeletingService
]]></system-out>
  </testcase>
  <testcase name="testShutdownService" classname="TestBlockDeletingService" time="0.58">
    <system-out><![CDATA[2023-07-14 19:27:09,072 [main] INFO  volume.HddsVolume (HddsVolume.java:<init>(126)) - Creating HddsVolume: /home/runner/work/ozone/ozone/hadoop-hdds/container-service/target/test-dir/TestBlockDeletingService/hdds of storage type : DISK capacity : 9223372036854775807
2023-07-14 19:27:09,074 [main] INFO  volume.MutableVolumeSet (MutableVolumeSet.java:initializeVolumeSet(175)) - Added Volume : /home/runner/work/ozone/ozone/hadoop-hdds/container-service/target/test-dir/TestBlockDeletingService/hdds to VolumeSet
2023-07-14 19:27:09,320 [BlockDeletingService#1] INFO  interfaces.ContainerDeletionChoosingPolicyTemplate (ContainerDeletionChoosingPolicyTemplate.java:chooseContainerForBlockDeletion(83)) - Chosen 0/3 blocks from 0 candidate containers.
2023-07-14 19:27:09,435 [BlockDeletingService#0] INFO  interfaces.ContainerDeletionChoosingPolicyTemplate (ContainerDeletionChoosingPolicyTemplate.java:chooseContainerForBlockDeletion(83)) - Chosen 100/4900 blocks from 1 candidate containers.
2023-07-14 19:27:09,438 [BlockDeletingService#0] INFO  impl.FilePerBlockStrategy (FilePerBlockStrategy.java:deleteChunk(254)) - Deleted block file: /home/runner/work/ozone/ozone/hadoop-hdds/container-service/target/test-dir/TestBlockDeletingService/hdds/e1fd8b82-a7ba-4322-92cf-9ee42868f39a/current/containerDir129/110714082369405752/chunks/110714082372092729.block
2023-07-14 19:27:09,438 [BlockDeletingService#0] INFO  impl.FilePerBlockStrategy (FilePerBlockStrategy.java:deleteChunk(254)) - Deleted block file: /home/runner/work/ozone/ozone/hadoop-hdds/container-service/target/test-dir/TestBlockDeletingService/hdds/e1fd8b82-a7ba-4322-92cf-9ee42868f39a/current/containerDir129/110714082369405752/chunks/110714082372223802.block
2023-07-14 19:27:09,438 [BlockDeletingService#0] INFO  impl.FilePerBlockStrategy (FilePerBlockStrategy.java:deleteChunk(254)) - Deleted block file: /home/runner/work/ozone/ozone/hadoop-hdds/container-service/target/test-dir/TestBlockDeletingService/hdds/e1fd8b82-a7ba-4322-92cf-9ee42868f39a/current/containerDir129/110714082369405752/chunks/110714082372485947.block
2023-07-14 19:27:09,438 [BlockDeletingService#0] INFO  impl.FilePerBlockStrategy (FilePerBlockStrategy.java:deleteChunk(254)) - Deleted block file: /home/runner/work/ozone/ozone/hadoop-hdds/container-service/target/test-dir/TestBlockDeletingService/hdds/e1fd8b82-a7ba-4322-92cf-9ee42868f39a/current/containerDir129/110714082369405752/chunks/110714082372551484.block
2023-07-14 19:27:09,439 [BlockDeletingService#0] INFO  impl.FilePerBlockStrategy (FilePerBlockStrategy.java:deleteChunk(254)) - Deleted block file: /home/runner/work/ozone/ozone/hadoop-hdds/container-service/target/test-dir/TestBlockDeletingService/hdds/e1fd8b82-a7ba-4322-92cf-9ee42868f39a/current/containerDir129/110714082369405752/chunks/110714082372813629.block
2023-07-14 19:27:09,439 [BlockDeletingService#0] INFO  impl.FilePerBlockStrategy (FilePerBlockStrategy.java:deleteChunk(254)) - Deleted block file: /home/runner/work/ozone/ozone/hadoop-hdds/container-service/target/test-dir/TestBlockDeletingService/hdds/e1fd8b82-a7ba-4322-92cf-9ee42868f39a/current/containerDir129/110714082369405752/chunks/110714082372879166.block
2023-07-14 19:27:09,439 [BlockDeletingService#0] INFO  impl.FilePerBlockStrategy (FilePerBlockStrategy.java:deleteChunk(254)) - Deleted block file: /home/runner/work/ozone/ozone/hadoop-hdds/container-service/target/test-dir/TestBlockDeletingService/hdds/e1fd8b82-a7ba-4322-92cf-9ee42868f39a/current/containerDir129/110714082369405752/chunks/110714082372944703.block
2023-07-14 19:27:09,439 [BlockDeletingService#0] INFO  impl.FilePerBlockStrategy (FilePerBlockStrategy.java:deleteChunk(254)) - Deleted block file: /home/runner/work/ozone/ozone/hadoop-hdds/container-service/target/test-dir/TestBlockDeletingService/hdds/e1fd8b82-a7ba-4322-92cf-9ee42868f39a/current/containerDir129/110714082369405752/chunks/110714082373010240.block
2023-07-14 19:27:09,439 [BlockDeletingService#0] INFO  impl.FilePerBlockStrategy (FilePerBlockStrategy.java:deleteChunk(254)) - Deleted block file: /home/runner/work/ozone/ozone/hadoop-hdds/container-service/target/test-dir/TestBlockDeletingService/hdds/e1fd8b82-a7ba-4322-92cf-9ee42868f39a/current/containerDir129/110714082369405752/chunks/110714082373075777.block
2023-07-14 19:27:09,440 [BlockDeletingService#0] INFO  impl.FilePerBlockStrategy (FilePerBlockStrategy.java:deleteChunk(254)) - Deleted block file: /home/runner/work/ozone/ozone/hadoop-hdds/container-service/target/test-dir/TestBlockDeletingService/hdds/e1fd8b82-a7ba-4322-92cf-9ee42868f39a/current/containerDir129/110714082369405752/chunks/110714082373141314.block
2023-07-14 19:27:09,440 [BlockDeletingService#0] INFO  impl.FilePerBlockStrategy (FilePerBlockStrategy.java:deleteChunk(254)) - Deleted block file: /home/runner/work/ozone/ozone/hadoop-hdds/container-service/target/test-dir/TestBlockDeletingService/hdds/e1fd8b82-a7ba-4322-92cf-9ee42868f39a/current/containerDir129/110714082369405752/chunks/110714082373272387.block
2023-07-14 19:27:09,440 [BlockDeletingService#0] INFO  impl.FilePerBlockStrategy (FilePerBlockStrategy.java:deleteChunk(254)) - Deleted block file: /home/runner/work/ozone/ozone/hadoop-hdds/container-service/target/test-dir/TestBlockDeletingService/hdds/e1fd8b82-a7ba-4322-92cf-9ee42868f39a/current/containerDir129/110714082369405752/chunks/110714082373337924.block
2023-07-14 19:27:09,440 [BlockDeletingService#0] INFO  impl.FilePerBlockStrategy (FilePerBlockStrategy.java:deleteChunk(254)) - Deleted block file: /home/runner/work/ozone/ozone/hadoop-hdds/container-service/target/test-dir/TestBlockDeletingService/hdds/e1fd8b82-a7ba-4322-92cf-9ee42868f39a/current/containerDir129/110714082369405752/chunks/110714082373403461.block
2023-07-14 19:27:09,440 [BlockDeletingService#0] INFO  impl.FilePerBlockStrategy (FilePerBlockStrategy.java:deleteChunk(254)) - Deleted block file: /home/runner/work/ozone/ozone/hadoop-hdds/container-service/target/test-dir/TestBlockDeletingService/hdds/e1fd8b82-a7ba-4322-92cf-9ee42868f39a/current/containerDir129/110714082369405752/chunks/110714082373468998.block
2023-07-14 19:27:09,441 [BlockDeletingService#0] INFO  impl.FilePerBlockStrategy (FilePerBlockStrategy.java:deleteChunk(254)) - Deleted block file: /home/runner/work/ozone/ozone/hadoop-hdds/container-service/target/test-dir/TestBlockDeletingService/hdds/e1fd8b82-a7ba-4322-92cf-9ee42868f39a/current/containerDir129/110714082369405752/chunks/110714082373534535.block
2023-07-14 19:27:09,441 [BlockDeletingService#0] INFO  impl.FilePerBlockStrategy (FilePerBlockStrategy.java:deleteChunk(254)) - Deleted block file: /home/runner/work/ozone/ozone/hadoop-hdds/container-service/target/test-dir/TestBlockDeletingService/hdds/e1fd8b82-a7ba-4322-92cf-9ee42868f39a/current/containerDir129/110714082369405752/chunks/110714082373600072.block
2023-07-14 19:27:09,441 [BlockDeletingService#0] INFO  impl.FilePerBlockStrategy (FilePerBlockStrategy.java:deleteChunk(254)) - Deleted block file: /home/runner/work/ozone/ozone/hadoop-hdds/container-service/target/test-dir/TestBlockDeletingService/hdds/e1fd8b82-a7ba-4322-92cf-9ee42868f39a/current/containerDir129/110714082369405752/chunks/110714082373665609.block
2023-07-14 19:27:09,441 [BlockDeletingService#0] INFO  impl.FilePerBlockStrategy (FilePerBlockStrategy.java:deleteChunk(254)) - Deleted block file: /home/runner/work/ozone/ozone/hadoop-hdds/container-service/target/test-dir/TestBlockDeletingService/hdds/e1fd8b82-a7ba-4322-92cf-9ee42868f39a/current/containerDir129/110714082369405752/chunks/110714082373796682.block
2023-07-14 19:27:09,441 [BlockDeletingService#0] INFO  impl.FilePerBlockStrategy (FilePerBlockStrategy.java:deleteChunk(254)) - Deleted block file: /home/runner/work/ozone/ozone/hadoop-hdds/container-service/target/test-dir/TestBlockDeletingService/hdds/e1fd8b82-a7ba-4322-92cf-9ee42868f39a/current/containerDir129/110714082369405752/chunks/110714082373862219.block
2023-07-14 19:27:09,441 [BlockDeletingService#0] INFO  impl.FilePerBlockStrategy (FilePerBlockStrategy.java:deleteChunk(254)) - Deleted block file: /home/runner/work/ozone/ozone/hadoop-hdds/container-service/target/test-dir/TestBlockDeletingService/hdds/e1fd8b82-a7ba-4322-92cf-9ee42868f39a/current/containerDir129/110714082369405752/chunks/110714082373927756.block
2023-07-14 19:27:09,442 [BlockDeletingService#0] INFO  impl.FilePerBlockStrategy (FilePerBlockStrategy.java:deleteChunk(254)) - Deleted block file: /home/runner/work/ozone/ozone/hadoop-hdds/container-service/target/test-dir/TestBlockDeletingService/hdds/e1fd8b82-a7ba-4322-92cf-9ee42868f39a/current/containerDir129/110714082369405752/chunks/110714082374189901.block
2023-07-14 19:27:09,442 [BlockDeletingService#0] INFO  impl.FilePerBlockStrategy (FilePerBlockStrategy.java:deleteChunk(254)) - Deleted block file: /home/runner/work/ozone/ozone/hadoop-hdds/container-service/target/test-dir/TestBlockDeletingService/hdds/e1fd8b82-a7ba-4322-92cf-9ee42868f39a/current/containerDir129/110714082369405752/chunks/110714082374255438.block
2023-07-14 19:27:09,442 [BlockDeletingService#0] INFO  impl.FilePerBlockStrategy (FilePerBlockStrategy.java:deleteChunk(254)) - Deleted block file: /home/runner/work/ozone/ozone/hadoop-hdds/container-service/target/test-dir/TestBlockDeletingService/hdds/e1fd8b82-a7ba-4322-92cf-9ee42868f39a/current/containerDir129/110714082369405752/chunks/110714082374320975.block
2023-07-14 19:27:09,442 [BlockDeletingService#0] INFO  impl.FilePerBlockStrategy (FilePerBlockStrategy.java:deleteChunk(254)) - Deleted block file: /home/runner/work/ozone/ozone/hadoop-hdds/container-service/target/test-dir/TestBlockDeletingService/hdds/e1fd8b82-a7ba-4322-92cf-9ee42868f39a/current/containerDir129/110714082369405752/chunks/110714082374386512.block
2023-07-14 19:27:09,442 [BlockDeletingService#0] INFO  impl.FilePerBlockStrategy (FilePerBlockStrategy.java:deleteChunk(254)) - Deleted block file: /home/runner/work/ozone/ozone/hadoop-hdds/container-service/target/test-dir/TestBlockDeletingService/hdds/e1fd8b82-a7ba-4322-92cf-9ee42868f39a/current/containerDir129/110714082369405752/chunks/110714082374452049.block
2023-07-14 19:27:09,443 [BlockDeletingService#0] INFO  impl.FilePerBlockStrategy (FilePerBlockStrategy.java:deleteChunk(254)) - Deleted block file: /home/runner/work/ozone/ozone/hadoop-hdds/container-service/target/test-dir/TestBlockDeletingService/hdds/e1fd8b82-a7ba-4322-92cf-9ee42868f39a/current/containerDir129/110714082369405752/chunks/110714082374517586.block
2023-07-14 19:27:09,443 [BlockDeletingService#0] INFO  impl.FilePerBlockStrategy (FilePerBlockStrategy.java:deleteChunk(254)) - Deleted block file: /home/runner/work/ozone/ozone/hadoop-hdds/container-service/target/test-dir/TestBlockDeletingService/hdds/e1fd8b82-a7ba-4322-92cf-9ee42868f39a/current/containerDir129/110714082369405752/chunks/110714082374648659.block
2023-07-14 19:27:09,443 [BlockDeletingService#0] INFO  impl.FilePerBlockStrategy (FilePerBlockStrategy.java:deleteChunk(254)) - Deleted block file: /home/runner/work/ozone/ozone/hadoop-hdds/container-service/target/test-dir/TestBlockDeletingService/hdds/e1fd8b82-a7ba-4322-92cf-9ee42868f39a/current/containerDir129/110714082369405752/chunks/110714082374714196.block
2023-07-14 19:27:09,443 [BlockDeletingService#0] INFO  impl.FilePerBlockStrategy (FilePerBlockStrategy.java:deleteChunk(254)) - Deleted block file: /home/runner/work/ozone/ozone/hadoop-hdds/container-service/target/test-dir/TestBlockDeletingService/hdds/e1fd8b82-a7ba-4322-92cf-9ee42868f39a/current/containerDir129/110714082369405752/chunks/110714082374845269.block
2023-07-14 19:27:09,444 [BlockDeletingService#0] INFO  impl.FilePerBlockStrategy (FilePerBlockStrategy.java:deleteChunk(254)) - Deleted block file: /home/runner/work/ozone/ozone/hadoop-hdds/container-service/target/test-dir/TestBlockDeletingService/hdds/e1fd8b82-a7ba-4322-92cf-9ee42868f39a/current/containerDir129/110714082369405752/chunks/110714082374910806.block
2023-07-14 19:27:09,444 [BlockDeletingService#0] INFO  impl.FilePerBlockStrategy (FilePerBlockStrategy.java:deleteChunk(254)) - Deleted block file: /home/runner/work/ozone/ozone/hadoop-hdds/container-service/target/test-dir/TestBlockDeletingService/hdds/e1fd8b82-a7ba-4322-92cf-9ee42868f39a/current/containerDir129/110714082369405752/chunks/110714082374976343.block
2023-07-14 19:27:09,444 [BlockDeletingService#0] INFO  impl.FilePerBlockStrategy (FilePerBlockStrategy.java:deleteChunk(254)) - Deleted block file: /home/runner/work/ozone/ozone/hadoop-hdds/container-service/target/test-dir/TestBlockDeletingService/hdds/e1fd8b82-a7ba-4322-92cf-9ee42868f39a/current/containerDir129/110714082369405752/chunks/110714082375107416.block
2023-07-14 19:27:09,444 [BlockDeletingService#0] INFO  impl.FilePerBlockStrategy (FilePerBlockStrategy.java:deleteChunk(254)) - Deleted block file: /home/runner/work/ozone/ozone/hadoop-hdds/container-service/target/test-dir/TestBlockDeletingService/hdds/e1fd8b82-a7ba-4322-92cf-9ee42868f39a/current/containerDir129/110714082369405752/chunks/110714082375172953.block
2023-07-14 19:27:09,445 [BlockDeletingService#0] INFO  impl.FilePerBlockStrategy (FilePerBlockStrategy.java:deleteChunk(254)) - Deleted block file: /home/runner/work/ozone/ozone/hadoop-hdds/container-service/target/test-dir/TestBlockDeletingService/hdds/e1fd8b82-a7ba-4322-92cf-9ee42868f39a/current/containerDir129/110714082369405752/chunks/110714082375304026.block
2023-07-14 19:27:09,445 [BlockDeletingService#0] INFO  impl.FilePerBlockStrategy (FilePerBlockStrategy.java:deleteChunk(254)) - Deleted block file: /home/runner/work/ozone/ozone/hadoop-hdds/container-service/target/test-dir/TestBlockDeletingService/hdds/e1fd8b82-a7ba-4322-92cf-9ee42868f39a/current/containerDir129/110714082369405752/chunks/110714082375369563.block
2023-07-14 19:27:09,445 [BlockDeletingService#0] INFO  impl.FilePerBlockStrategy (FilePerBlockStrategy.java:deleteChunk(254)) - Deleted block file: /home/runner/work/ozone/ozone/hadoop-hdds/container-service/target/test-dir/TestBlockDeletingService/hdds/e1fd8b82-a7ba-4322-92cf-9ee42868f39a/current/containerDir129/110714082369405752/chunks/110714082375435100.block
2023-07-14 19:27:09,445 [BlockDeletingService#0] INFO  impl.FilePerBlockStrategy (FilePerBlockStrategy.java:deleteChunk(254)) - Deleted block file: /home/runner/work/ozone/ozone/hadoop-hdds/container-service/target/test-dir/TestBlockDeletingService/hdds/e1fd8b82-a7ba-4322-92cf-9ee42868f39a/current/containerDir129/110714082369405752/chunks/110714082375500637.block
2023-07-14 19:27:09,445 [BlockDeletingService#0] INFO  impl.FilePerBlockStrategy (FilePerBlockStrategy.java:deleteChunk(254)) - Deleted block file: /home/runner/work/ozone/ozone/hadoop-hdds/container-service/target/test-dir/TestBlockDeletingService/hdds/e1fd8b82-a7ba-4322-92cf-9ee42868f39a/current/containerDir129/110714082369405752/chunks/110714082375566174.block
2023-07-14 19:27:09,446 [BlockDeletingService#0] INFO  impl.FilePerBlockStrategy (FilePerBlockStrategy.java:deleteChunk(254)) - Deleted block file: /home/runner/work/ozone/ozone/hadoop-hdds/container-service/target/test-dir/TestBlockDeletingService/hdds/e1fd8b82-a7ba-4322-92cf-9ee42868f39a/current/containerDir129/110714082369405752/chunks/110714082375697247.block
2023-07-14 19:27:09,446 [BlockDeletingService#0] INFO  impl.FilePerBlockStrategy (FilePerBlockStrategy.java:deleteChunk(254)) - Deleted block file: /home/runner/work/ozone/ozone/hadoop-hdds/container-service/target/test-dir/TestBlockDeletingService/hdds/e1fd8b82-a7ba-4322-92cf-9ee42868f39a/current/containerDir129/110714082369405752/chunks/110714082376024928.block
2023-07-14 19:27:09,446 [BlockDeletingService#0] INFO  impl.FilePerBlockStrategy (FilePerBlockStrategy.java:deleteChunk(254)) - Deleted block file: /home/runner/work/ozone/ozone/hadoop-hdds/container-service/target/test-dir/TestBlockDeletingService/hdds/e1fd8b82-a7ba-4322-92cf-9ee42868f39a/current/containerDir129/110714082369405752/chunks/110714082376156001.block
2023-07-14 19:27:09,446 [BlockDeletingService#0] INFO  impl.FilePerBlockStrategy (FilePerBlockStrategy.java:deleteChunk(254)) - Deleted block file: /home/runner/work/ozone/ozone/hadoop-hdds/container-service/target/test-dir/TestBlockDeletingService/hdds/e1fd8b82-a7ba-4322-92cf-9ee42868f39a/current/containerDir129/110714082369405752/chunks/110714082376287074.block
2023-07-14 19:27:09,446 [BlockDeletingService#0] INFO  impl.FilePerBlockStrategy (FilePerBlockStrategy.java:deleteChunk(254)) - Deleted block file: /home/runner/work/ozone/ozone/hadoop-hdds/container-service/target/test-dir/TestBlockDeletingService/hdds/e1fd8b82-a7ba-4322-92cf-9ee42868f39a/current/containerDir129/110714082369405752/chunks/110714082376352611.block
2023-07-14 19:27:09,447 [BlockDeletingService#0] INFO  impl.FilePerBlockStrategy (FilePerBlockStrategy.java:deleteChunk(254)) - Deleted block file: /home/runner/work/ozone/ozone/hadoop-hdds/container-service/target/test-dir/TestBlockDeletingService/hdds/e1fd8b82-a7ba-4322-92cf-9ee42868f39a/current/containerDir129/110714082369405752/chunks/110714082376483684.block
2023-07-14 19:27:09,447 [BlockDeletingService#0] INFO  impl.FilePerBlockStrategy (FilePerBlockStrategy.java:deleteChunk(254)) - Deleted block file: /home/runner/work/ozone/ozone/hadoop-hdds/container-service/target/test-dir/TestBlockDeletingService/hdds/e1fd8b82-a7ba-4322-92cf-9ee42868f39a/current/containerDir129/110714082369405752/chunks/110714082376549221.block
2023-07-14 19:27:09,447 [BlockDeletingService#0] INFO  impl.FilePerBlockStrategy (FilePerBlockStrategy.java:deleteChunk(254)) - Deleted block file: /home/runner/work/ozone/ozone/hadoop-hdds/container-service/target/test-dir/TestBlockDeletingService/hdds/e1fd8b82-a7ba-4322-92cf-9ee42868f39a/current/containerDir129/110714082369405752/chunks/110714082376614758.block
2023-07-14 19:27:09,447 [BlockDeletingService#0] INFO  impl.FilePerBlockStrategy (FilePerBlockStrategy.java:deleteChunk(254)) - Deleted block file: /home/runner/work/ozone/ozone/hadoop-hdds/container-service/target/test-dir/TestBlockDeletingService/hdds/e1fd8b82-a7ba-4322-92cf-9ee42868f39a/current/containerDir129/110714082369405752/chunks/110714082376745831.block
2023-07-14 19:27:09,448 [BlockDeletingService#0] INFO  impl.FilePerBlockStrategy (FilePerBlockStrategy.java:deleteChunk(254)) - Deleted block file: /home/runner/work/ozone/ozone/hadoop-hdds/container-service/target/test-dir/TestBlockDeletingService/hdds/e1fd8b82-a7ba-4322-92cf-9ee42868f39a/current/containerDir129/110714082369405752/chunks/110714082376811368.block
2023-07-14 19:27:09,448 [BlockDeletingService#0] INFO  impl.FilePerBlockStrategy (FilePerBlockStrategy.java:deleteChunk(254)) - Deleted block file: /home/runner/work/ozone/ozone/hadoop-hdds/container-service/target/test-dir/TestBlockDeletingService/hdds/e1fd8b82-a7ba-4322-92cf-9ee42868f39a/current/containerDir129/110714082369405752/chunks/110714082376876905.block
2023-07-14 19:27:09,448 [BlockDeletingService#0] INFO  impl.FilePerBlockStrategy (FilePerBlockStrategy.java:deleteChunk(254)) - Deleted block file: /home/runner/work/ozone/ozone/hadoop-hdds/container-service/target/test-dir/TestBlockDeletingService/hdds/e1fd8b82-a7ba-4322-92cf-9ee42868f39a/current/containerDir129/110714082369405752/chunks/110714082377007978.block
2023-07-14 19:27:09,448 [BlockDeletingService#0] INFO  impl.FilePerBlockStrategy (FilePerBlockStrategy.java:deleteChunk(254)) - Deleted block file: /home/runner/work/ozone/ozone/hadoop-hdds/container-service/target/test-dir/TestBlockDeletingService/hdds/e1fd8b82-a7ba-4322-92cf-9ee42868f39a/current/containerDir129/110714082369405752/chunks/110714082377073515.block
2023-07-14 19:27:09,448 [BlockDeletingService#0] INFO  impl.FilePerBlockStrategy (FilePerBlockStrategy.java:deleteChunk(254)) - Deleted block file: /home/runner/work/ozone/ozone/hadoop-hdds/container-service/target/test-dir/TestBlockDeletingService/hdds/e1fd8b82-a7ba-4322-92cf-9ee42868f39a/current/containerDir129/110714082369405752/chunks/110714082377139052.block
2023-07-14 19:27:09,449 [BlockDeletingService#0] INFO  impl.FilePerBlockStrategy (FilePerBlockStrategy.java:deleteChunk(254)) - Deleted block file: /home/runner/work/ozone/ozone/hadoop-hdds/container-service/target/test-dir/TestBlockDeletingService/hdds/e1fd8b82-a7ba-4322-92cf-9ee42868f39a/current/containerDir129/110714082369405752/chunks/110714082377204589.block
2023-07-14 19:27:09,449 [BlockDeletingService#0] INFO  impl.FilePerBlockStrategy (FilePerBlockStrategy.java:deleteChunk(254)) - Deleted block file: /home/runner/work/ozone/ozone/hadoop-hdds/container-service/target/test-dir/TestBlockDeletingService/hdds/e1fd8b82-a7ba-4322-92cf-9ee42868f39a/current/containerDir129/110714082369405752/chunks/110714082377270126.block
2023-07-14 19:27:09,449 [BlockDeletingService#0] INFO  impl.FilePerBlockStrategy (FilePerBlockStrategy.java:deleteChunk(254)) - Deleted block file: /home/runner/work/ozone/ozone/hadoop-hdds/container-service/target/test-dir/TestBlockDeletingService/hdds/e1fd8b82-a7ba-4322-92cf-9ee42868f39a/current/containerDir129/110714082369405752/chunks/110714082377401199.block
2023-07-14 19:27:09,449 [BlockDeletingService#0] INFO  impl.FilePerBlockStrategy (FilePerBlockStrategy.java:deleteChunk(254)) - Deleted block file: /home/runner/work/ozone/ozone/hadoop-hdds/container-service/target/test-dir/TestBlockDeletingService/hdds/e1fd8b82-a7ba-4322-92cf-9ee42868f39a/current/containerDir129/110714082369405752/chunks/110714082377466736.block
2023-07-14 19:27:09,449 [BlockDeletingService#0] INFO  impl.FilePerBlockStrategy (FilePerBlockStrategy.java:deleteChunk(254)) - Deleted block file: /home/runner/work/ozone/ozone/hadoop-hdds/container-service/target/test-dir/TestBlockDeletingService/hdds/e1fd8b82-a7ba-4322-92cf-9ee42868f39a/current/containerDir129/110714082369405752/chunks/110714082377532273.block
2023-07-14 19:27:09,449 [BlockDeletingService#0] INFO  impl.FilePerBlockStrategy (FilePerBlockStrategy.java:deleteChunk(254)) - Deleted block file: /home/runner/work/ozone/ozone/hadoop-hdds/container-service/target/test-dir/TestBlockDeletingService/hdds/e1fd8b82-a7ba-4322-92cf-9ee42868f39a/current/containerDir129/110714082369405752/chunks/110714082377663346.block
2023-07-14 19:27:09,450 [BlockDeletingService#0] INFO  impl.FilePerBlockStrategy (FilePerBlockStrategy.java:deleteChunk(254)) - Deleted block file: /home/runner/work/ozone/ozone/hadoop-hdds/container-service/target/test-dir/TestBlockDeletingService/hdds/e1fd8b82-a7ba-4322-92cf-9ee42868f39a/current/containerDir129/110714082369405752/chunks/110714082377728883.block
2023-07-14 19:27:09,450 [BlockDeletingService#0] INFO  impl.FilePerBlockStrategy (FilePerBlockStrategy.java:deleteChunk(254)) - Deleted block file: /home/runner/work/ozone/ozone/hadoop-hdds/container-service/target/test-dir/TestBlockDeletingService/hdds/e1fd8b82-a7ba-4322-92cf-9ee42868f39a/current/containerDir129/110714082369405752/chunks/110714082377794420.block
2023-07-14 19:27:09,450 [BlockDeletingService#0] INFO  impl.FilePerBlockStrategy (FilePerBlockStrategy.java:deleteChunk(254)) - Deleted block file: /home/runner/work/ozone/ozone/hadoop-hdds/container-service/target/test-dir/TestBlockDeletingService/hdds/e1fd8b82-a7ba-4322-92cf-9ee42868f39a/current/containerDir129/110714082369405752/chunks/110714082377859957.block
2023-07-14 19:27:09,450 [BlockDeletingService#0] INFO  impl.FilePerBlockStrategy (FilePerBlockStrategy.java:deleteChunk(254)) - Deleted block file: /home/runner/work/ozone/ozone/hadoop-hdds/container-service/target/test-dir/TestBlockDeletingService/hdds/e1fd8b82-a7ba-4322-92cf-9ee42868f39a/current/containerDir129/110714082369405752/chunks/110714082377925494.block
2023-07-14 19:27:09,451 [BlockDeletingService#0] INFO  impl.FilePerBlockStrategy (FilePerBlockStrategy.java:deleteChunk(254)) - Deleted block file: /home/runner/work/ozone/ozone/hadoop-hdds/container-service/target/test-dir/TestBlockDeletingService/hdds/e1fd8b82-a7ba-4322-92cf-9ee42868f39a/current/containerDir129/110714082369405752/chunks/110714082377991031.block
2023-07-14 19:27:09,451 [BlockDeletingService#0] INFO  impl.FilePerBlockStrategy (FilePerBlockStrategy.java:deleteChunk(254)) - Deleted block file: /home/runner/work/ozone/ozone/hadoop-hdds/container-service/target/test-dir/TestBlockDeletingService/hdds/e1fd8b82-a7ba-4322-92cf-9ee42868f39a/current/containerDir129/110714082369405752/chunks/110714082378056568.block
2023-07-14 19:27:09,451 [BlockDeletingService#0] INFO  impl.FilePerBlockStrategy (FilePerBlockStrategy.java:deleteChunk(254)) - Deleted block file: /home/runner/work/ozone/ozone/hadoop-hdds/container-service/target/test-dir/TestBlockDeletingService/hdds/e1fd8b82-a7ba-4322-92cf-9ee42868f39a/current/containerDir129/110714082369405752/chunks/110714082378515321.block
2023-07-14 19:27:09,451 [BlockDeletingService#0] INFO  impl.FilePerBlockStrategy (FilePerBlockStrategy.java:deleteChunk(254)) - Deleted block file: /home/runner/work/ozone/ozone/hadoop-hdds/container-service/target/test-dir/TestBlockDeletingService/hdds/e1fd8b82-a7ba-4322-92cf-9ee42868f39a/current/containerDir129/110714082369405752/chunks/110714082378580858.block
2023-07-14 19:27:09,451 [BlockDeletingService#0] INFO  impl.FilePerBlockStrategy (FilePerBlockStrategy.java:deleteChunk(254)) - Deleted block file: /home/runner/work/ozone/ozone/hadoop-hdds/container-service/target/test-dir/TestBlockDeletingService/hdds/e1fd8b82-a7ba-4322-92cf-9ee42868f39a/current/containerDir129/110714082369405752/chunks/110714082378711931.block
2023-07-14 19:27:09,452 [BlockDeletingService#0] INFO  impl.FilePerBlockStrategy (FilePerBlockStrategy.java:deleteChunk(254)) - Deleted block file: /home/runner/work/ozone/ozone/hadoop-hdds/container-service/target/test-dir/TestBlockDeletingService/hdds/e1fd8b82-a7ba-4322-92cf-9ee42868f39a/current/containerDir129/110714082369405752/chunks/110714082378777468.block
2023-07-14 19:27:09,452 [BlockDeletingService#0] INFO  impl.FilePerBlockStrategy (FilePerBlockStrategy.java:deleteChunk(254)) - Deleted block file: /home/runner/work/ozone/ozone/hadoop-hdds/container-service/target/test-dir/TestBlockDeletingService/hdds/e1fd8b82-a7ba-4322-92cf-9ee42868f39a/current/containerDir129/110714082369405752/chunks/110714082378974077.block
2023-07-14 19:27:09,452 [BlockDeletingService#0] INFO  impl.FilePerBlockStrategy (FilePerBlockStrategy.java:deleteChunk(254)) - Deleted block file: /home/runner/work/ozone/ozone/hadoop-hdds/container-service/target/test-dir/TestBlockDeletingService/hdds/e1fd8b82-a7ba-4322-92cf-9ee42868f39a/current/containerDir129/110714082369405752/chunks/110714082379105150.block
2023-07-14 19:27:09,452 [BlockDeletingService#0] INFO  impl.FilePerBlockStrategy (FilePerBlockStrategy.java:deleteChunk(254)) - Deleted block file: /home/runner/work/ozone/ozone/hadoop-hdds/container-service/target/test-dir/TestBlockDeletingService/hdds/e1fd8b82-a7ba-4322-92cf-9ee42868f39a/current/containerDir129/110714082369405752/chunks/110714082379170687.block
2023-07-14 19:27:09,452 [BlockDeletingService#0] INFO  impl.FilePerBlockStrategy (FilePerBlockStrategy.java:deleteChunk(254)) - Deleted block file: /home/runner/work/ozone/ozone/hadoop-hdds/container-service/target/test-dir/TestBlockDeletingService/hdds/e1fd8b82-a7ba-4322-92cf-9ee42868f39a/current/containerDir129/110714082369405752/chunks/110714082379236224.block
2023-07-14 19:27:09,453 [BlockDeletingService#0] INFO  impl.FilePerBlockStrategy (FilePerBlockStrategy.java:deleteChunk(254)) - Deleted block file: /home/runner/work/ozone/ozone/hadoop-hdds/container-service/target/test-dir/TestBlockDeletingService/hdds/e1fd8b82-a7ba-4322-92cf-9ee42868f39a/current/containerDir129/110714082369405752/chunks/110714082379432833.block
2023-07-14 19:27:09,453 [BlockDeletingService#0] INFO  impl.FilePerBlockStrategy (FilePerBlockStrategy.java:deleteChunk(254)) - Deleted block file: /home/runner/work/ozone/ozone/hadoop-hdds/container-service/target/test-dir/TestBlockDeletingService/hdds/e1fd8b82-a7ba-4322-92cf-9ee42868f39a/current/containerDir129/110714082369405752/chunks/110714082379563906.block
2023-07-14 19:27:09,453 [BlockDeletingService#0] INFO  impl.FilePerBlockStrategy (FilePerBlockStrategy.java:deleteChunk(254)) - Deleted block file: /home/runner/work/ozone/ozone/hadoop-hdds/container-service/target/test-dir/TestBlockDeletingService/hdds/e1fd8b82-a7ba-4322-92cf-9ee42868f39a/current/containerDir129/110714082369405752/chunks/110714082379629443.block
2023-07-14 19:27:09,453 [BlockDeletingService#0] INFO  impl.FilePerBlockStrategy (FilePerBlockStrategy.java:deleteChunk(254)) - Deleted block file: /home/runner/work/ozone/ozone/hadoop-hdds/container-service/target/test-dir/TestBlockDeletingService/hdds/e1fd8b82-a7ba-4322-92cf-9ee42868f39a/current/containerDir129/110714082369405752/chunks/110714082379694980.block
2023-07-14 19:27:09,454 [BlockDeletingService#0] INFO  impl.FilePerBlockStrategy (FilePerBlockStrategy.java:deleteChunk(254)) - Deleted block file: /home/runner/work/ozone/ozone/hadoop-hdds/container-service/target/test-dir/TestBlockDeletingService/hdds/e1fd8b82-a7ba-4322-92cf-9ee42868f39a/current/containerDir129/110714082369405752/chunks/110714082379760517.block
2023-07-14 19:27:09,454 [BlockDeletingService#0] INFO  impl.FilePerBlockStrategy (FilePerBlockStrategy.java:deleteChunk(254)) - Deleted block file: /home/runner/work/ozone/ozone/hadoop-hdds/container-service/target/test-dir/TestBlockDeletingService/hdds/e1fd8b82-a7ba-4322-92cf-9ee42868f39a/current/containerDir129/110714082369405752/chunks/110714082379826054.block
2023-07-14 19:27:09,454 [BlockDeletingService#0] INFO  impl.FilePerBlockStrategy (FilePerBlockStrategy.java:deleteChunk(254)) - Deleted block file: /home/runner/work/ozone/ozone/hadoop-hdds/container-service/target/test-dir/TestBlockDeletingService/hdds/e1fd8b82-a7ba-4322-92cf-9ee42868f39a/current/containerDir129/110714082369405752/chunks/110714082379891591.block
2023-07-14 19:27:09,454 [BlockDeletingService#0] INFO  impl.FilePerBlockStrategy (FilePerBlockStrategy.java:deleteChunk(254)) - Deleted block file: /home/runner/work/ozone/ozone/hadoop-hdds/container-service/target/test-dir/TestBlockDeletingService/hdds/e1fd8b82-a7ba-4322-92cf-9ee42868f39a/current/containerDir129/110714082369405752/chunks/110714082379957128.block
2023-07-14 19:27:09,454 [BlockDeletingService#0] INFO  impl.FilePerBlockStrategy (FilePerBlockStrategy.java:deleteChunk(254)) - Deleted block file: /home/runner/work/ozone/ozone/hadoop-hdds/container-service/target/test-dir/TestBlockDeletingService/hdds/e1fd8b82-a7ba-4322-92cf-9ee42868f39a/current/containerDir129/110714082369405752/chunks/110714082380153737.block
2023-07-14 19:27:09,455 [BlockDeletingService#0] INFO  impl.FilePerBlockStrategy (FilePerBlockStrategy.java:deleteChunk(254)) - Deleted block file: /home/runner/work/ozone/ozone/hadoop-hdds/container-service/target/test-dir/TestBlockDeletingService/hdds/e1fd8b82-a7ba-4322-92cf-9ee42868f39a/current/containerDir129/110714082369405752/chunks/110714082381267850.block
2023-07-14 19:27:09,455 [BlockDeletingService#0] INFO  impl.FilePerBlockStrategy (FilePerBlockStrategy.java:deleteChunk(254)) - Deleted block file: /home/runner/work/ozone/ozone/hadoop-hdds/container-service/target/test-dir/TestBlockDeletingService/hdds/e1fd8b82-a7ba-4322-92cf-9ee42868f39a/current/containerDir129/110714082369405752/chunks/110714082381333387.block
2023-07-14 19:27:09,455 [BlockDeletingService#0] INFO  impl.FilePerBlockStrategy (FilePerBlockStrategy.java:deleteChunk(254)) - Deleted block file: /home/runner/work/ozone/ozone/hadoop-hdds/container-service/target/test-dir/TestBlockDeletingService/hdds/e1fd8b82-a7ba-4322-92cf-9ee42868f39a/current/containerDir129/110714082369405752/chunks/110714082381398924.block
2023-07-14 19:27:09,455 [BlockDeletingService#0] INFO  impl.FilePerBlockStrategy (FilePerBlockStrategy.java:deleteChunk(254)) - Deleted block file: /home/runner/work/ozone/ozone/hadoop-hdds/container-service/target/test-dir/TestBlockDeletingService/hdds/e1fd8b82-a7ba-4322-92cf-9ee42868f39a/current/containerDir129/110714082369405752/chunks/110714082381529997.block
2023-07-14 19:27:09,455 [BlockDeletingService#0] INFO  impl.FilePerBlockStrategy (FilePerBlockStrategy.java:deleteChunk(254)) - Deleted block file: /home/runner/work/ozone/ozone/hadoop-hdds/container-service/target/test-dir/TestBlockDeletingService/hdds/e1fd8b82-a7ba-4322-92cf-9ee42868f39a/current/containerDir129/110714082369405752/chunks/110714082381595534.block
2023-07-14 19:27:09,456 [BlockDeletingService#0] INFO  impl.FilePerBlockStrategy (FilePerBlockStrategy.java:deleteChunk(254)) - Deleted block file: /home/runner/work/ozone/ozone/hadoop-hdds/container-service/target/test-dir/TestBlockDeletingService/hdds/e1fd8b82-a7ba-4322-92cf-9ee42868f39a/current/containerDir129/110714082369405752/chunks/110714082381661071.block
2023-07-14 19:27:09,456 [BlockDeletingService#0] INFO  impl.FilePerBlockStrategy (FilePerBlockStrategy.java:deleteChunk(254)) - Deleted block file: /home/runner/work/ozone/ozone/hadoop-hdds/container-service/target/test-dir/TestBlockDeletingService/hdds/e1fd8b82-a7ba-4322-92cf-9ee42868f39a/current/containerDir129/110714082369405752/chunks/110714082381726608.block
2023-07-14 19:27:09,456 [BlockDeletingService#0] INFO  impl.FilePerBlockStrategy (FilePerBlockStrategy.java:deleteChunk(254)) - Deleted block file: /home/runner/work/ozone/ozone/hadoop-hdds/container-service/target/test-dir/TestBlockDeletingService/hdds/e1fd8b82-a7ba-4322-92cf-9ee42868f39a/current/containerDir129/110714082369405752/chunks/110714082381792145.block
2023-07-14 19:27:09,456 [BlockDeletingService#0] INFO  impl.FilePerBlockStrategy (FilePerBlockStrategy.java:deleteChunk(254)) - Deleted block file: /home/runner/work/ozone/ozone/hadoop-hdds/container-service/target/test-dir/TestBlockDeletingService/hdds/e1fd8b82-a7ba-4322-92cf-9ee42868f39a/current/containerDir129/110714082369405752/chunks/110714082381923218.block
2023-07-14 19:27:09,456 [BlockDeletingService#0] INFO  impl.FilePerBlockStrategy (FilePerBlockStrategy.java:deleteChunk(254)) - Deleted block file: /home/runner/work/ozone/ozone/hadoop-hdds/container-service/target/test-dir/TestBlockDeletingService/hdds/e1fd8b82-a7ba-4322-92cf-9ee42868f39a/current/containerDir129/110714082369405752/chunks/110714082382054291.block
2023-07-14 19:27:09,457 [BlockDeletingService#0] INFO  impl.FilePerBlockStrategy (FilePerBlockStrategy.java:deleteChunk(254)) - Deleted block file: /home/runner/work/ozone/ozone/hadoop-hdds/container-service/target/test-dir/TestBlockDeletingService/hdds/e1fd8b82-a7ba-4322-92cf-9ee42868f39a/current/containerDir129/110714082369405752/chunks/110714082382119828.block
2023-07-14 19:27:09,457 [BlockDeletingService#0] INFO  impl.FilePerBlockStrategy (FilePerBlockStrategy.java:deleteChunk(254)) - Deleted block file: /home/runner/work/ozone/ozone/hadoop-hdds/container-service/target/test-dir/TestBlockDeletingService/hdds/e1fd8b82-a7ba-4322-92cf-9ee42868f39a/current/containerDir129/110714082369405752/chunks/110714082382250901.block
2023-07-14 19:27:09,457 [BlockDeletingService#0] INFO  impl.FilePerBlockStrategy (FilePerBlockStrategy.java:deleteChunk(254)) - Deleted block file: /home/runner/work/ozone/ozone/hadoop-hdds/container-service/target/test-dir/TestBlockDeletingService/hdds/e1fd8b82-a7ba-4322-92cf-9ee42868f39a/current/containerDir129/110714082369405752/chunks/110714082382316438.block
2023-07-14 19:27:09,457 [BlockDeletingService#0] INFO  impl.FilePerBlockStrategy (FilePerBlockStrategy.java:deleteChunk(254)) - Deleted block file: /home/runner/work/ozone/ozone/hadoop-hdds/container-service/target/test-dir/TestBlockDeletingService/hdds/e1fd8b82-a7ba-4322-92cf-9ee42868f39a/current/containerDir129/110714082369405752/chunks/110714082382447511.block
2023-07-14 19:27:09,457 [BlockDeletingService#0] INFO  impl.FilePerBlockStrategy (FilePerBlockStrategy.java:deleteChunk(254)) - Deleted block file: /home/runner/work/ozone/ozone/hadoop-hdds/container-service/target/test-dir/TestBlockDeletingService/hdds/e1fd8b82-a7ba-4322-92cf-9ee42868f39a/current/containerDir129/110714082369405752/chunks/110714082382513048.block
2023-07-14 19:27:09,457 [BlockDeletingService#0] INFO  impl.FilePerBlockStrategy (FilePerBlockStrategy.java:deleteChunk(254)) - Deleted block file: /home/runner/work/ozone/ozone/hadoop-hdds/container-service/target/test-dir/TestBlockDeletingService/hdds/e1fd8b82-a7ba-4322-92cf-9ee42868f39a/current/containerDir129/110714082369405752/chunks/110714082382644121.block
2023-07-14 19:27:09,458 [BlockDeletingService#0] INFO  impl.FilePerBlockStrategy (FilePerBlockStrategy.java:deleteChunk(254)) - Deleted block file: /home/runner/work/ozone/ozone/hadoop-hdds/container-service/target/test-dir/TestBlockDeletingService/hdds/e1fd8b82-a7ba-4322-92cf-9ee42868f39a/current/containerDir129/110714082369405752/chunks/110714082382709658.block
2023-07-14 19:27:09,458 [BlockDeletingService#0] INFO  impl.FilePerBlockStrategy (FilePerBlockStrategy.java:deleteChunk(254)) - Deleted block file: /home/runner/work/ozone/ozone/hadoop-hdds/container-service/target/test-dir/TestBlockDeletingService/hdds/e1fd8b82-a7ba-4322-92cf-9ee42868f39a/current/containerDir129/110714082369405752/chunks/110714082382775195.block
2023-07-14 19:27:09,458 [BlockDeletingService#0] INFO  impl.FilePerBlockStrategy (FilePerBlockStrategy.java:deleteChunk(254)) - Deleted block file: /home/runner/work/ozone/ozone/hadoop-hdds/container-service/target/test-dir/TestBlockDeletingService/hdds/e1fd8b82-a7ba-4322-92cf-9ee42868f39a/current/containerDir129/110714082369405752/chunks/110714082382840732.block
2023-07-14 19:27:09,460 [BlockDeletingService#0] WARN  utils.BackgroundService (BackgroundService.java:lambda$run$0(130)) - BlockDeletingService Background task execution took 24540578ns > 0ns(timeout)
2023-07-14 19:27:09,533 [main] INFO  utils.BackgroundService (BackgroundService.java:shutdown(141)) - Shutting down service BlockDeletingService
]]></system-out>
  </testcase>
  <testcase name="testShutdownService" classname="TestBlockDeletingService" time="0.545">
    <system-out><![CDATA[2023-07-14 19:27:12,139 [main] INFO  volume.HddsVolume (HddsVolume.java:<init>(126)) - Creating HddsVolume: /home/runner/work/ozone/ozone/hadoop-hdds/container-service/target/test-dir/TestBlockDeletingService/hdds of storage type : DISK capacity : 9223372036854775807
2023-07-14 19:27:12,141 [main] INFO  volume.MutableVolumeSet (MutableVolumeSet.java:initializeVolumeSet(175)) - Added Volume : /home/runner/work/ozone/ozone/hadoop-hdds/container-service/target/test-dir/TestBlockDeletingService/hdds to VolumeSet
2023-07-14 19:27:12,179 [main] INFO  utils.DatanodeStoreCache (DatanodeStoreCache.java:addDB(66)) - Added db /home/runner/work/ozone/ozone/hadoop-hdds/container-service/target/test-dir/TestBlockDeletingService/hdds/11af9eba-cafd-48b5-9c44-d05420c38291/DS-d8622e73-9c69-40c6-bbda-1db9af464ae4/container.db to cache
2023-07-14 19:27:12,179 [main] INFO  volume.HddsVolume (HddsVolume.java:createDbStore(422)) - SchemaV3 db is created and loaded at /home/runner/work/ozone/ozone/hadoop-hdds/container-service/target/test-dir/TestBlockDeletingService/hdds/11af9eba-cafd-48b5-9c44-d05420c38291/DS-d8622e73-9c69-40c6-bbda-1db9af464ae4/container.db for volume DS-d8622e73-9c69-40c6-bbda-1db9af464ae4
2023-07-14 19:27:12,322 [BlockDeletingService#1] INFO  interfaces.ContainerDeletionChoosingPolicyTemplate (ContainerDeletionChoosingPolicyTemplate.java:chooseContainerForBlockDeletion(83)) - Chosen 0/3 blocks from 0 candidate containers.
2023-07-14 19:27:12,468 [BlockDeletingService#0] INFO  interfaces.ContainerDeletionChoosingPolicyTemplate (ContainerDeletionChoosingPolicyTemplate.java:chooseContainerForBlockDeletion(83)) - Chosen 100/4900 blocks from 1 candidate containers.
2023-07-14 19:27:12,473 [BlockDeletingService#0] INFO  impl.FilePerBlockStrategy (FilePerBlockStrategy.java:deleteChunk(254)) - Deleted block file: /home/runner/work/ozone/ozone/hadoop-hdds/container-service/target/test-dir/TestBlockDeletingService/hdds/11af9eba-cafd-48b5-9c44-d05420c38291/current/containerDir129/110714082572567496/chunks/110714082572764105.block
2023-07-14 19:27:12,473 [BlockDeletingService#0] INFO  impl.FilePerBlockStrategy (FilePerBlockStrategy.java:deleteChunk(254)) - Deleted block file: /home/runner/work/ozone/ozone/hadoop-hdds/container-service/target/test-dir/TestBlockDeletingService/hdds/11af9eba-cafd-48b5-9c44-d05420c38291/current/containerDir129/110714082572567496/chunks/110714082573550546.block
2023-07-14 19:27:12,473 [BlockDeletingService#0] INFO  impl.FilePerBlockStrategy (FilePerBlockStrategy.java:deleteChunk(254)) - Deleted block file: /home/runner/work/ozone/ozone/hadoop-hdds/container-service/target/test-dir/TestBlockDeletingService/hdds/11af9eba-cafd-48b5-9c44-d05420c38291/current/containerDir129/110714082572567496/chunks/110714082581742636.block
2023-07-14 19:27:12,473 [BlockDeletingService#0] INFO  impl.FilePerBlockStrategy (FilePerBlockStrategy.java:deleteChunk(254)) - Deleted block file: /home/runner/work/ozone/ozone/hadoop-hdds/container-service/target/test-dir/TestBlockDeletingService/hdds/11af9eba-cafd-48b5-9c44-d05420c38291/current/containerDir129/110714082572567496/chunks/110714082573681619.block
2023-07-14 19:27:12,473 [BlockDeletingService#0] INFO  impl.FilePerBlockStrategy (FilePerBlockStrategy.java:deleteChunk(254)) - Deleted block file: /home/runner/work/ozone/ozone/hadoop-hdds/container-service/target/test-dir/TestBlockDeletingService/hdds/11af9eba-cafd-48b5-9c44-d05420c38291/current/containerDir129/110714082572567496/chunks/110714082573747156.block
2023-07-14 19:27:12,474 [BlockDeletingService#0] INFO  impl.FilePerBlockStrategy (FilePerBlockStrategy.java:deleteChunk(254)) - Deleted block file: /home/runner/work/ozone/ozone/hadoop-hdds/container-service/target/test-dir/TestBlockDeletingService/hdds/11af9eba-cafd-48b5-9c44-d05420c38291/current/containerDir129/110714082572567496/chunks/110714082573812693.block
2023-07-14 19:27:12,474 [BlockDeletingService#0] INFO  impl.FilePerBlockStrategy (FilePerBlockStrategy.java:deleteChunk(254)) - Deleted block file: /home/runner/work/ozone/ozone/hadoop-hdds/container-service/target/test-dir/TestBlockDeletingService/hdds/11af9eba-cafd-48b5-9c44-d05420c38291/current/containerDir129/110714082572567496/chunks/110714082573878230.block
2023-07-14 19:27:12,475 [BlockDeletingService#0] INFO  impl.FilePerBlockStrategy (FilePerBlockStrategy.java:deleteChunk(254)) - Deleted block file: /home/runner/work/ozone/ozone/hadoop-hdds/container-service/target/test-dir/TestBlockDeletingService/hdds/11af9eba-cafd-48b5-9c44-d05420c38291/current/containerDir129/110714082572567496/chunks/110714082574009303.block
2023-07-14 19:27:12,475 [BlockDeletingService#0] INFO  impl.FilePerBlockStrategy (FilePerBlockStrategy.java:deleteChunk(254)) - Deleted block file: /home/runner/work/ozone/ozone/hadoop-hdds/container-service/target/test-dir/TestBlockDeletingService/hdds/11af9eba-cafd-48b5-9c44-d05420c38291/current/containerDir129/110714082572567496/chunks/110714082574074840.block
2023-07-14 19:27:12,475 [BlockDeletingService#0] INFO  impl.FilePerBlockStrategy (FilePerBlockStrategy.java:deleteChunk(254)) - Deleted block file: /home/runner/work/ozone/ozone/hadoop-hdds/container-service/target/test-dir/TestBlockDeletingService/hdds/11af9eba-cafd-48b5-9c44-d05420c38291/current/containerDir129/110714082572567496/chunks/110714082574140377.block
2023-07-14 19:27:12,475 [BlockDeletingService#0] INFO  impl.FilePerBlockStrategy (FilePerBlockStrategy.java:deleteChunk(254)) - Deleted block file: /home/runner/work/ozone/ozone/hadoop-hdds/container-service/target/test-dir/TestBlockDeletingService/hdds/11af9eba-cafd-48b5-9c44-d05420c38291/current/containerDir129/110714082572567496/chunks/110714082574205914.block
2023-07-14 19:27:12,475 [BlockDeletingService#0] INFO  impl.FilePerBlockStrategy (FilePerBlockStrategy.java:deleteChunk(254)) - Deleted block file: /home/runner/work/ozone/ozone/hadoop-hdds/container-service/target/test-dir/TestBlockDeletingService/hdds/11af9eba-cafd-48b5-9c44-d05420c38291/current/containerDir129/110714082572567496/chunks/110714082574336987.block
2023-07-14 19:27:12,476 [BlockDeletingService#0] INFO  impl.FilePerBlockStrategy (FilePerBlockStrategy.java:deleteChunk(254)) - Deleted block file: /home/runner/work/ozone/ozone/hadoop-hdds/container-service/target/test-dir/TestBlockDeletingService/hdds/11af9eba-cafd-48b5-9c44-d05420c38291/current/containerDir129/110714082572567496/chunks/110714082572895178.block
2023-07-14 19:27:12,476 [BlockDeletingService#0] INFO  impl.FilePerBlockStrategy (FilePerBlockStrategy.java:deleteChunk(254)) - Deleted block file: /home/runner/work/ozone/ozone/hadoop-hdds/container-service/target/test-dir/TestBlockDeletingService/hdds/11af9eba-cafd-48b5-9c44-d05420c38291/current/containerDir129/110714082572567496/chunks/110714082574402524.block
2023-07-14 19:27:12,476 [BlockDeletingService#0] INFO  impl.FilePerBlockStrategy (FilePerBlockStrategy.java:deleteChunk(254)) - Deleted block file: /home/runner/work/ozone/ozone/hadoop-hdds/container-service/target/test-dir/TestBlockDeletingService/hdds/11af9eba-cafd-48b5-9c44-d05420c38291/current/containerDir129/110714082572567496/chunks/110714082574468061.block
2023-07-14 19:27:12,476 [BlockDeletingService#0] INFO  impl.FilePerBlockStrategy (FilePerBlockStrategy.java:deleteChunk(254)) - Deleted block file: /home/runner/work/ozone/ozone/hadoop-hdds/container-service/target/test-dir/TestBlockDeletingService/hdds/11af9eba-cafd-48b5-9c44-d05420c38291/current/containerDir129/110714082572567496/chunks/110714082574533598.block
2023-07-14 19:27:12,476 [BlockDeletingService#0] INFO  impl.FilePerBlockStrategy (FilePerBlockStrategy.java:deleteChunk(254)) - Deleted block file: /home/runner/work/ozone/ozone/hadoop-hdds/container-service/target/test-dir/TestBlockDeletingService/hdds/11af9eba-cafd-48b5-9c44-d05420c38291/current/containerDir129/110714082572567496/chunks/110714082574664671.block
2023-07-14 19:27:12,477 [BlockDeletingService#0] INFO  impl.FilePerBlockStrategy (FilePerBlockStrategy.java:deleteChunk(254)) - Deleted block file: /home/runner/work/ozone/ozone/hadoop-hdds/container-service/target/test-dir/TestBlockDeletingService/hdds/11af9eba-cafd-48b5-9c44-d05420c38291/current/containerDir129/110714082572567496/chunks/110714082574730208.block
2023-07-14 19:27:12,477 [BlockDeletingService#0] INFO  impl.FilePerBlockStrategy (FilePerBlockStrategy.java:deleteChunk(254)) - Deleted block file: /home/runner/work/ozone/ozone/hadoop-hdds/container-service/target/test-dir/TestBlockDeletingService/hdds/11af9eba-cafd-48b5-9c44-d05420c38291/current/containerDir129/110714082572567496/chunks/110714082574795745.block
2023-07-14 19:27:12,477 [BlockDeletingService#0] INFO  impl.FilePerBlockStrategy (FilePerBlockStrategy.java:deleteChunk(254)) - Deleted block file: /home/runner/work/ozone/ozone/hadoop-hdds/container-service/target/test-dir/TestBlockDeletingService/hdds/11af9eba-cafd-48b5-9c44-d05420c38291/current/containerDir129/110714082572567496/chunks/110714082574861282.block
2023-07-14 19:27:12,477 [BlockDeletingService#0] INFO  impl.FilePerBlockStrategy (FilePerBlockStrategy.java:deleteChunk(254)) - Deleted block file: /home/runner/work/ozone/ozone/hadoop-hdds/container-service/target/test-dir/TestBlockDeletingService/hdds/11af9eba-cafd-48b5-9c44-d05420c38291/current/containerDir129/110714082572567496/chunks/110714082574992355.block
2023-07-14 19:27:12,477 [BlockDeletingService#0] INFO  impl.FilePerBlockStrategy (FilePerBlockStrategy.java:deleteChunk(254)) - Deleted block file: /home/runner/work/ozone/ozone/hadoop-hdds/container-service/target/test-dir/TestBlockDeletingService/hdds/11af9eba-cafd-48b5-9c44-d05420c38291/current/containerDir129/110714082572567496/chunks/110714082575057892.block
2023-07-14 19:27:12,478 [BlockDeletingService#0] INFO  impl.FilePerBlockStrategy (FilePerBlockStrategy.java:deleteChunk(254)) - Deleted block file: /home/runner/work/ozone/ozone/hadoop-hdds/container-service/target/test-dir/TestBlockDeletingService/hdds/11af9eba-cafd-48b5-9c44-d05420c38291/current/containerDir129/110714082572567496/chunks/110714082575123429.block
2023-07-14 19:27:12,478 [BlockDeletingService#0] INFO  impl.FilePerBlockStrategy (FilePerBlockStrategy.java:deleteChunk(254)) - Deleted block file: /home/runner/work/ozone/ozone/hadoop-hdds/container-service/target/test-dir/TestBlockDeletingService/hdds/11af9eba-cafd-48b5-9c44-d05420c38291/current/containerDir129/110714082572567496/chunks/110714082573026251.block
2023-07-14 19:27:12,478 [BlockDeletingService#0] INFO  impl.FilePerBlockStrategy (FilePerBlockStrategy.java:deleteChunk(254)) - Deleted block file: /home/runner/work/ozone/ozone/hadoop-hdds/container-service/target/test-dir/TestBlockDeletingService/hdds/11af9eba-cafd-48b5-9c44-d05420c38291/current/containerDir129/110714082572567496/chunks/110714082575188966.block
2023-07-14 19:27:12,478 [BlockDeletingService#0] INFO  impl.FilePerBlockStrategy (FilePerBlockStrategy.java:deleteChunk(254)) - Deleted block file: /home/runner/work/ozone/ozone/hadoop-hdds/container-service/target/test-dir/TestBlockDeletingService/hdds/11af9eba-cafd-48b5-9c44-d05420c38291/current/containerDir129/110714082572567496/chunks/110714082575320039.block
2023-07-14 19:27:12,478 [BlockDeletingService#0] INFO  impl.FilePerBlockStrategy (FilePerBlockStrategy.java:deleteChunk(254)) - Deleted block file: /home/runner/work/ozone/ozone/hadoop-hdds/container-service/target/test-dir/TestBlockDeletingService/hdds/11af9eba-cafd-48b5-9c44-d05420c38291/current/containerDir129/110714082572567496/chunks/110714082575385576.block
2023-07-14 19:27:12,478 [BlockDeletingService#0] INFO  impl.FilePerBlockStrategy (FilePerBlockStrategy.java:deleteChunk(254)) - Deleted block file: /home/runner/work/ozone/ozone/hadoop-hdds/container-service/target/test-dir/TestBlockDeletingService/hdds/11af9eba-cafd-48b5-9c44-d05420c38291/current/containerDir129/110714082572567496/chunks/110714082575451113.block
2023-07-14 19:27:12,479 [BlockDeletingService#0] INFO  impl.FilePerBlockStrategy (FilePerBlockStrategy.java:deleteChunk(254)) - Deleted block file: /home/runner/work/ozone/ozone/hadoop-hdds/container-service/target/test-dir/TestBlockDeletingService/hdds/11af9eba-cafd-48b5-9c44-d05420c38291/current/containerDir129/110714082572567496/chunks/110714082575582186.block
2023-07-14 19:27:12,479 [BlockDeletingService#0] INFO  impl.FilePerBlockStrategy (FilePerBlockStrategy.java:deleteChunk(254)) - Deleted block file: /home/runner/work/ozone/ozone/hadoop-hdds/container-service/target/test-dir/TestBlockDeletingService/hdds/11af9eba-cafd-48b5-9c44-d05420c38291/current/containerDir129/110714082572567496/chunks/110714082575647723.block
2023-07-14 19:27:12,479 [BlockDeletingService#0] INFO  impl.FilePerBlockStrategy (FilePerBlockStrategy.java:deleteChunk(254)) - Deleted block file: /home/runner/work/ozone/ozone/hadoop-hdds/container-service/target/test-dir/TestBlockDeletingService/hdds/11af9eba-cafd-48b5-9c44-d05420c38291/current/containerDir129/110714082572567496/chunks/110714082575778796.block
2023-07-14 19:27:12,479 [BlockDeletingService#0] INFO  impl.FilePerBlockStrategy (FilePerBlockStrategy.java:deleteChunk(254)) - Deleted block file: /home/runner/work/ozone/ozone/hadoop-hdds/container-service/target/test-dir/TestBlockDeletingService/hdds/11af9eba-cafd-48b5-9c44-d05420c38291/current/containerDir129/110714082572567496/chunks/110714082575844333.block
2023-07-14 19:27:12,479 [BlockDeletingService#0] INFO  impl.FilePerBlockStrategy (FilePerBlockStrategy.java:deleteChunk(254)) - Deleted block file: /home/runner/work/ozone/ozone/hadoop-hdds/container-service/target/test-dir/TestBlockDeletingService/hdds/11af9eba-cafd-48b5-9c44-d05420c38291/current/containerDir129/110714082572567496/chunks/110714082575909870.block
2023-07-14 19:27:12,480 [BlockDeletingService#0] INFO  impl.FilePerBlockStrategy (FilePerBlockStrategy.java:deleteChunk(254)) - Deleted block file: /home/runner/work/ozone/ozone/hadoop-hdds/container-service/target/test-dir/TestBlockDeletingService/hdds/11af9eba-cafd-48b5-9c44-d05420c38291/current/containerDir129/110714082572567496/chunks/110714082575975407.block
2023-07-14 19:27:12,480 [BlockDeletingService#0] INFO  impl.FilePerBlockStrategy (FilePerBlockStrategy.java:deleteChunk(254)) - Deleted block file: /home/runner/work/ozone/ozone/hadoop-hdds/container-service/target/test-dir/TestBlockDeletingService/hdds/11af9eba-cafd-48b5-9c44-d05420c38291/current/containerDir129/110714082572567496/chunks/110714082573091788.block
2023-07-14 19:27:12,480 [BlockDeletingService#0] INFO  impl.FilePerBlockStrategy (FilePerBlockStrategy.java:deleteChunk(254)) - Deleted block file: /home/runner/work/ozone/ozone/hadoop-hdds/container-service/target/test-dir/TestBlockDeletingService/hdds/11af9eba-cafd-48b5-9c44-d05420c38291/current/containerDir129/110714082572567496/chunks/110714082576106480.block
2023-07-14 19:27:12,480 [BlockDeletingService#0] INFO  impl.FilePerBlockStrategy (FilePerBlockStrategy.java:deleteChunk(254)) - Deleted block file: /home/runner/work/ozone/ozone/hadoop-hdds/container-service/target/test-dir/TestBlockDeletingService/hdds/11af9eba-cafd-48b5-9c44-d05420c38291/current/containerDir129/110714082572567496/chunks/110714082576172017.block
2023-07-14 19:27:12,480 [BlockDeletingService#0] INFO  impl.FilePerBlockStrategy (FilePerBlockStrategy.java:deleteChunk(254)) - Deleted block file: /home/runner/work/ozone/ozone/hadoop-hdds/container-service/target/test-dir/TestBlockDeletingService/hdds/11af9eba-cafd-48b5-9c44-d05420c38291/current/containerDir129/110714082572567496/chunks/110714082576237554.block
2023-07-14 19:27:12,480 [BlockDeletingService#0] INFO  impl.FilePerBlockStrategy (FilePerBlockStrategy.java:deleteChunk(254)) - Deleted block file: /home/runner/work/ozone/ozone/hadoop-hdds/container-service/target/test-dir/TestBlockDeletingService/hdds/11af9eba-cafd-48b5-9c44-d05420c38291/current/containerDir129/110714082572567496/chunks/110714082576303091.block
2023-07-14 19:27:12,481 [BlockDeletingService#0] INFO  impl.FilePerBlockStrategy (FilePerBlockStrategy.java:deleteChunk(254)) - Deleted block file: /home/runner/work/ozone/ozone/hadoop-hdds/container-service/target/test-dir/TestBlockDeletingService/hdds/11af9eba-cafd-48b5-9c44-d05420c38291/current/containerDir129/110714082572567496/chunks/110714082576368628.block
2023-07-14 19:27:12,481 [BlockDeletingService#0] INFO  impl.FilePerBlockStrategy (FilePerBlockStrategy.java:deleteChunk(254)) - Deleted block file: /home/runner/work/ozone/ozone/hadoop-hdds/container-service/target/test-dir/TestBlockDeletingService/hdds/11af9eba-cafd-48b5-9c44-d05420c38291/current/containerDir129/110714082572567496/chunks/110714082576499701.block
2023-07-14 19:27:12,481 [BlockDeletingService#0] INFO  impl.FilePerBlockStrategy (FilePerBlockStrategy.java:deleteChunk(254)) - Deleted block file: /home/runner/work/ozone/ozone/hadoop-hdds/container-service/target/test-dir/TestBlockDeletingService/hdds/11af9eba-cafd-48b5-9c44-d05420c38291/current/containerDir129/110714082572567496/chunks/110714082576565238.block
2023-07-14 19:27:12,481 [BlockDeletingService#0] INFO  impl.FilePerBlockStrategy (FilePerBlockStrategy.java:deleteChunk(254)) - Deleted block file: /home/runner/work/ozone/ozone/hadoop-hdds/container-service/target/test-dir/TestBlockDeletingService/hdds/11af9eba-cafd-48b5-9c44-d05420c38291/current/containerDir129/110714082572567496/chunks/110714082576630775.block
2023-07-14 19:27:12,481 [BlockDeletingService#0] INFO  impl.FilePerBlockStrategy (FilePerBlockStrategy.java:deleteChunk(254)) - Deleted block file: /home/runner/work/ozone/ozone/hadoop-hdds/container-service/target/test-dir/TestBlockDeletingService/hdds/11af9eba-cafd-48b5-9c44-d05420c38291/current/containerDir129/110714082572567496/chunks/110714082576696312.block
2023-07-14 19:27:12,481 [BlockDeletingService#0] INFO  impl.FilePerBlockStrategy (FilePerBlockStrategy.java:deleteChunk(254)) - Deleted block file: /home/runner/work/ozone/ozone/hadoop-hdds/container-service/target/test-dir/TestBlockDeletingService/hdds/11af9eba-cafd-48b5-9c44-d05420c38291/current/containerDir129/110714082572567496/chunks/110714082576827385.block
2023-07-14 19:27:12,482 [BlockDeletingService#0] INFO  impl.FilePerBlockStrategy (FilePerBlockStrategy.java:deleteChunk(254)) - Deleted block file: /home/runner/work/ozone/ozone/hadoop-hdds/container-service/target/test-dir/TestBlockDeletingService/hdds/11af9eba-cafd-48b5-9c44-d05420c38291/current/containerDir129/110714082572567496/chunks/110714082573157325.block
2023-07-14 19:27:12,482 [BlockDeletingService#0] INFO  impl.FilePerBlockStrategy (FilePerBlockStrategy.java:deleteChunk(254)) - Deleted block file: /home/runner/work/ozone/ozone/hadoop-hdds/container-service/target/test-dir/TestBlockDeletingService/hdds/11af9eba-cafd-48b5-9c44-d05420c38291/current/containerDir129/110714082572567496/chunks/110714082576892922.block
2023-07-14 19:27:12,482 [BlockDeletingService#0] INFO  impl.FilePerBlockStrategy (FilePerBlockStrategy.java:deleteChunk(254)) - Deleted block file: /home/runner/work/ozone/ozone/hadoop-hdds/container-service/target/test-dir/TestBlockDeletingService/hdds/11af9eba-cafd-48b5-9c44-d05420c38291/current/containerDir129/110714082572567496/chunks/110714082576958459.block
2023-07-14 19:27:12,482 [BlockDeletingService#0] INFO  impl.FilePerBlockStrategy (FilePerBlockStrategy.java:deleteChunk(254)) - Deleted block file: /home/runner/work/ozone/ozone/hadoop-hdds/container-service/target/test-dir/TestBlockDeletingService/hdds/11af9eba-cafd-48b5-9c44-d05420c38291/current/containerDir129/110714082572567496/chunks/110714082577089532.block
2023-07-14 19:27:12,482 [BlockDeletingService#0] INFO  impl.FilePerBlockStrategy (FilePerBlockStrategy.java:deleteChunk(254)) - Deleted block file: /home/runner/work/ozone/ozone/hadoop-hdds/container-service/target/test-dir/TestBlockDeletingService/hdds/11af9eba-cafd-48b5-9c44-d05420c38291/current/containerDir129/110714082572567496/chunks/110714082577155069.block
2023-07-14 19:27:12,483 [BlockDeletingService#0] INFO  impl.FilePerBlockStrategy (FilePerBlockStrategy.java:deleteChunk(254)) - Deleted block file: /home/runner/work/ozone/ozone/hadoop-hdds/container-service/target/test-dir/TestBlockDeletingService/hdds/11af9eba-cafd-48b5-9c44-d05420c38291/current/containerDir129/110714082572567496/chunks/110714082577220606.block
2023-07-14 19:27:12,483 [BlockDeletingService#0] INFO  impl.FilePerBlockStrategy (FilePerBlockStrategy.java:deleteChunk(254)) - Deleted block file: /home/runner/work/ozone/ozone/hadoop-hdds/container-service/target/test-dir/TestBlockDeletingService/hdds/11af9eba-cafd-48b5-9c44-d05420c38291/current/containerDir129/110714082572567496/chunks/110714082577351679.block
2023-07-14 19:27:12,483 [BlockDeletingService#0] INFO  impl.FilePerBlockStrategy (FilePerBlockStrategy.java:deleteChunk(254)) - Deleted block file: /home/runner/work/ozone/ozone/hadoop-hdds/container-service/target/test-dir/TestBlockDeletingService/hdds/11af9eba-cafd-48b5-9c44-d05420c38291/current/containerDir129/110714082572567496/chunks/110714082577417216.block
2023-07-14 19:27:12,483 [BlockDeletingService#0] INFO  impl.FilePerBlockStrategy (FilePerBlockStrategy.java:deleteChunk(254)) - Deleted block file: /home/runner/work/ozone/ozone/hadoop-hdds/container-service/target/test-dir/TestBlockDeletingService/hdds/11af9eba-cafd-48b5-9c44-d05420c38291/current/containerDir129/110714082572567496/chunks/110714082577482753.block
2023-07-14 19:27:12,483 [BlockDeletingService#0] INFO  impl.FilePerBlockStrategy (FilePerBlockStrategy.java:deleteChunk(254)) - Deleted block file: /home/runner/work/ozone/ozone/hadoop-hdds/container-service/target/test-dir/TestBlockDeletingService/hdds/11af9eba-cafd-48b5-9c44-d05420c38291/current/containerDir129/110714082572567496/chunks/110714082577613826.block
2023-07-14 19:27:12,484 [BlockDeletingService#0] INFO  impl.FilePerBlockStrategy (FilePerBlockStrategy.java:deleteChunk(254)) - Deleted block file: /home/runner/work/ozone/ozone/hadoop-hdds/container-service/target/test-dir/TestBlockDeletingService/hdds/11af9eba-cafd-48b5-9c44-d05420c38291/current/containerDir129/110714082572567496/chunks/110714082577679363.block
2023-07-14 19:27:12,484 [BlockDeletingService#0] INFO  impl.FilePerBlockStrategy (FilePerBlockStrategy.java:deleteChunk(254)) - Deleted block file: /home/runner/work/ozone/ozone/hadoop-hdds/container-service/target/test-dir/TestBlockDeletingService/hdds/11af9eba-cafd-48b5-9c44-d05420c38291/current/containerDir129/110714082572567496/chunks/110714082573288398.block
2023-07-14 19:27:12,484 [BlockDeletingService#0] INFO  impl.FilePerBlockStrategy (FilePerBlockStrategy.java:deleteChunk(254)) - Deleted block file: /home/runner/work/ozone/ozone/hadoop-hdds/container-service/target/test-dir/TestBlockDeletingService/hdds/11af9eba-cafd-48b5-9c44-d05420c38291/current/containerDir129/110714082572567496/chunks/110714082577744900.block
2023-07-14 19:27:12,484 [BlockDeletingService#0] INFO  impl.FilePerBlockStrategy (FilePerBlockStrategy.java:deleteChunk(254)) - Deleted block file: /home/runner/work/ozone/ozone/hadoop-hdds/container-service/target/test-dir/TestBlockDeletingService/hdds/11af9eba-cafd-48b5-9c44-d05420c38291/current/containerDir129/110714082572567496/chunks/110714082577810437.block
2023-07-14 19:27:12,484 [BlockDeletingService#0] INFO  impl.FilePerBlockStrategy (FilePerBlockStrategy.java:deleteChunk(254)) - Deleted block file: /home/runner/work/ozone/ozone/hadoop-hdds/container-service/target/test-dir/TestBlockDeletingService/hdds/11af9eba-cafd-48b5-9c44-d05420c38291/current/containerDir129/110714082572567496/chunks/110714082578531334.block
2023-07-14 19:27:12,484 [BlockDeletingService#0] INFO  impl.FilePerBlockStrategy (FilePerBlockStrategy.java:deleteChunk(254)) - Deleted block file: /home/runner/work/ozone/ozone/hadoop-hdds/container-service/target/test-dir/TestBlockDeletingService/hdds/11af9eba-cafd-48b5-9c44-d05420c38291/current/containerDir129/110714082572567496/chunks/110714082578596871.block
2023-07-14 19:27:12,485 [BlockDeletingService#0] INFO  impl.FilePerBlockStrategy (FilePerBlockStrategy.java:deleteChunk(254)) - Deleted block file: /home/runner/work/ozone/ozone/hadoop-hdds/container-service/target/test-dir/TestBlockDeletingService/hdds/11af9eba-cafd-48b5-9c44-d05420c38291/current/containerDir129/110714082572567496/chunks/110714082578662408.block
2023-07-14 19:27:12,485 [BlockDeletingService#0] INFO  impl.FilePerBlockStrategy (FilePerBlockStrategy.java:deleteChunk(254)) - Deleted block file: /home/runner/work/ozone/ozone/hadoop-hdds/container-service/target/test-dir/TestBlockDeletingService/hdds/11af9eba-cafd-48b5-9c44-d05420c38291/current/containerDir129/110714082572567496/chunks/110714082578793481.block
2023-07-14 19:27:12,485 [BlockDeletingService#0] INFO  impl.FilePerBlockStrategy (FilePerBlockStrategy.java:deleteChunk(254)) - Deleted block file: /home/runner/work/ozone/ozone/hadoop-hdds/container-service/target/test-dir/TestBlockDeletingService/hdds/11af9eba-cafd-48b5-9c44-d05420c38291/current/containerDir129/110714082572567496/chunks/110714082578859018.block
2023-07-14 19:27:12,485 [BlockDeletingService#0] INFO  impl.FilePerBlockStrategy (FilePerBlockStrategy.java:deleteChunk(254)) - Deleted block file: /home/runner/work/ozone/ozone/hadoop-hdds/container-service/target/test-dir/TestBlockDeletingService/hdds/11af9eba-cafd-48b5-9c44-d05420c38291/current/containerDir129/110714082572567496/chunks/110714082578924555.block
2023-07-14 19:27:12,485 [BlockDeletingService#0] INFO  impl.FilePerBlockStrategy (FilePerBlockStrategy.java:deleteChunk(254)) - Deleted block file: /home/runner/work/ozone/ozone/hadoop-hdds/container-service/target/test-dir/TestBlockDeletingService/hdds/11af9eba-cafd-48b5-9c44-d05420c38291/current/containerDir129/110714082572567496/chunks/110714082578990092.block
2023-07-14 19:27:12,486 [BlockDeletingService#0] INFO  impl.FilePerBlockStrategy (FilePerBlockStrategy.java:deleteChunk(254)) - Deleted block file: /home/runner/work/ozone/ozone/hadoop-hdds/container-service/target/test-dir/TestBlockDeletingService/hdds/11af9eba-cafd-48b5-9c44-d05420c38291/current/containerDir129/110714082572567496/chunks/110714082579121165.block
2023-07-14 19:27:12,486 [BlockDeletingService#0] INFO  impl.FilePerBlockStrategy (FilePerBlockStrategy.java:deleteChunk(254)) - Deleted block file: /home/runner/work/ozone/ozone/hadoop-hdds/container-service/target/test-dir/TestBlockDeletingService/hdds/11af9eba-cafd-48b5-9c44-d05420c38291/current/containerDir129/110714082572567496/chunks/110714082573353935.block
2023-07-14 19:27:12,486 [BlockDeletingService#0] INFO  impl.FilePerBlockStrategy (FilePerBlockStrategy.java:deleteChunk(254)) - Deleted block file: /home/runner/work/ozone/ozone/hadoop-hdds/container-service/target/test-dir/TestBlockDeletingService/hdds/11af9eba-cafd-48b5-9c44-d05420c38291/current/containerDir129/110714082572567496/chunks/110714082579186702.block
2023-07-14 19:27:12,486 [BlockDeletingService#0] INFO  impl.FilePerBlockStrategy (FilePerBlockStrategy.java:deleteChunk(254)) - Deleted block file: /home/runner/work/ozone/ozone/hadoop-hdds/container-service/target/test-dir/TestBlockDeletingService/hdds/11af9eba-cafd-48b5-9c44-d05420c38291/current/containerDir129/110714082572567496/chunks/110714082579252239.block
2023-07-14 19:27:12,487 [BlockDeletingService#0] INFO  impl.FilePerBlockStrategy (FilePerBlockStrategy.java:deleteChunk(254)) - Deleted block file: /home/runner/work/ozone/ozone/hadoop-hdds/container-service/target/test-dir/TestBlockDeletingService/hdds/11af9eba-cafd-48b5-9c44-d05420c38291/current/containerDir129/110714082572567496/chunks/110714082579383312.block
2023-07-14 19:27:12,487 [BlockDeletingService#0] INFO  impl.FilePerBlockStrategy (FilePerBlockStrategy.java:deleteChunk(254)) - Deleted block file: /home/runner/work/ozone/ozone/hadoop-hdds/container-service/target/test-dir/TestBlockDeletingService/hdds/11af9eba-cafd-48b5-9c44-d05420c38291/current/containerDir129/110714082572567496/chunks/110714082579448849.block
2023-07-14 19:27:12,487 [BlockDeletingService#0] INFO  impl.FilePerBlockStrategy (FilePerBlockStrategy.java:deleteChunk(254)) - Deleted block file: /home/runner/work/ozone/ozone/hadoop-hdds/container-service/target/test-dir/TestBlockDeletingService/hdds/11af9eba-cafd-48b5-9c44-d05420c38291/current/containerDir129/110714082572567496/chunks/110714082579514386.block
2023-07-14 19:27:12,487 [BlockDeletingService#0] INFO  impl.FilePerBlockStrategy (FilePerBlockStrategy.java:deleteChunk(254)) - Deleted block file: /home/runner/work/ozone/ozone/hadoop-hdds/container-service/target/test-dir/TestBlockDeletingService/hdds/11af9eba-cafd-48b5-9c44-d05420c38291/current/containerDir129/110714082572567496/chunks/110714082579645459.block
2023-07-14 19:27:12,487 [BlockDeletingService#0] INFO  impl.FilePerBlockStrategy (FilePerBlockStrategy.java:deleteChunk(254)) - Deleted block file: /home/runner/work/ozone/ozone/hadoop-hdds/container-service/target/test-dir/TestBlockDeletingService/hdds/11af9eba-cafd-48b5-9c44-d05420c38291/current/containerDir129/110714082572567496/chunks/110714082579710996.block
2023-07-14 19:27:12,488 [BlockDeletingService#0] INFO  impl.FilePerBlockStrategy (FilePerBlockStrategy.java:deleteChunk(254)) - Deleted block file: /home/runner/work/ozone/ozone/hadoop-hdds/container-service/target/test-dir/TestBlockDeletingService/hdds/11af9eba-cafd-48b5-9c44-d05420c38291/current/containerDir129/110714082572567496/chunks/110714082579842069.block
2023-07-14 19:27:12,488 [BlockDeletingService#0] INFO  impl.FilePerBlockStrategy (FilePerBlockStrategy.java:deleteChunk(254)) - Deleted block file: /home/runner/work/ozone/ozone/hadoop-hdds/container-service/target/test-dir/TestBlockDeletingService/hdds/11af9eba-cafd-48b5-9c44-d05420c38291/current/containerDir129/110714082572567496/chunks/110714082579907606.block
2023-07-14 19:27:12,488 [BlockDeletingService#0] INFO  impl.FilePerBlockStrategy (FilePerBlockStrategy.java:deleteChunk(254)) - Deleted block file: /home/runner/work/ozone/ozone/hadoop-hdds/container-service/target/test-dir/TestBlockDeletingService/hdds/11af9eba-cafd-48b5-9c44-d05420c38291/current/containerDir129/110714082572567496/chunks/110714082580038679.block
2023-07-14 19:27:12,488 [BlockDeletingService#0] INFO  impl.FilePerBlockStrategy (FilePerBlockStrategy.java:deleteChunk(254)) - Deleted block file: /home/runner/work/ozone/ozone/hadoop-hdds/container-service/target/test-dir/TestBlockDeletingService/hdds/11af9eba-cafd-48b5-9c44-d05420c38291/current/containerDir129/110714082572567496/chunks/110714082573419472.block
2023-07-14 19:27:12,488 [BlockDeletingService#0] INFO  impl.FilePerBlockStrategy (FilePerBlockStrategy.java:deleteChunk(254)) - Deleted block file: /home/runner/work/ozone/ozone/hadoop-hdds/container-service/target/test-dir/TestBlockDeletingService/hdds/11af9eba-cafd-48b5-9c44-d05420c38291/current/containerDir129/110714082572567496/chunks/110714082580104216.block
2023-07-14 19:27:12,488 [BlockDeletingService#0] INFO  impl.FilePerBlockStrategy (FilePerBlockStrategy.java:deleteChunk(254)) - Deleted block file: /home/runner/work/ozone/ozone/hadoop-hdds/container-service/target/test-dir/TestBlockDeletingService/hdds/11af9eba-cafd-48b5-9c44-d05420c38291/current/containerDir129/110714082572567496/chunks/110714082580169753.block
2023-07-14 19:27:12,489 [BlockDeletingService#0] INFO  impl.FilePerBlockStrategy (FilePerBlockStrategy.java:deleteChunk(254)) - Deleted block file: /home/runner/work/ozone/ozone/hadoop-hdds/container-service/target/test-dir/TestBlockDeletingService/hdds/11af9eba-cafd-48b5-9c44-d05420c38291/current/containerDir129/110714082572567496/chunks/110714082580300826.block
2023-07-14 19:27:12,489 [BlockDeletingService#0] INFO  impl.FilePerBlockStrategy (FilePerBlockStrategy.java:deleteChunk(254)) - Deleted block file: /home/runner/work/ozone/ozone/hadoop-hdds/container-service/target/test-dir/TestBlockDeletingService/hdds/11af9eba-cafd-48b5-9c44-d05420c38291/current/containerDir129/110714082572567496/chunks/110714082580366363.block
2023-07-14 19:27:12,489 [BlockDeletingService#0] INFO  impl.FilePerBlockStrategy (FilePerBlockStrategy.java:deleteChunk(254)) - Deleted block file: /home/runner/work/ozone/ozone/hadoop-hdds/container-service/target/test-dir/TestBlockDeletingService/hdds/11af9eba-cafd-48b5-9c44-d05420c38291/current/containerDir129/110714082572567496/chunks/110714082580431900.block
2023-07-14 19:27:12,489 [BlockDeletingService#0] INFO  impl.FilePerBlockStrategy (FilePerBlockStrategy.java:deleteChunk(254)) - Deleted block file: /home/runner/work/ozone/ozone/hadoop-hdds/container-service/target/test-dir/TestBlockDeletingService/hdds/11af9eba-cafd-48b5-9c44-d05420c38291/current/containerDir129/110714082572567496/chunks/110714082580497437.block
2023-07-14 19:27:12,489 [BlockDeletingService#0] INFO  impl.FilePerBlockStrategy (FilePerBlockStrategy.java:deleteChunk(254)) - Deleted block file: /home/runner/work/ozone/ozone/hadoop-hdds/container-service/target/test-dir/TestBlockDeletingService/hdds/11af9eba-cafd-48b5-9c44-d05420c38291/current/containerDir129/110714082572567496/chunks/110714082580628510.block
2023-07-14 19:27:12,490 [BlockDeletingService#0] INFO  impl.FilePerBlockStrategy (FilePerBlockStrategy.java:deleteChunk(254)) - Deleted block file: /home/runner/work/ozone/ozone/hadoop-hdds/container-service/target/test-dir/TestBlockDeletingService/hdds/11af9eba-cafd-48b5-9c44-d05420c38291/current/containerDir129/110714082572567496/chunks/110714082580694047.block
2023-07-14 19:27:12,490 [BlockDeletingService#0] INFO  impl.FilePerBlockStrategy (FilePerBlockStrategy.java:deleteChunk(254)) - Deleted block file: /home/runner/work/ozone/ozone/hadoop-hdds/container-service/target/test-dir/TestBlockDeletingService/hdds/11af9eba-cafd-48b5-9c44-d05420c38291/current/containerDir129/110714082572567496/chunks/110714082580759584.block
2023-07-14 19:27:12,490 [BlockDeletingService#0] INFO  impl.FilePerBlockStrategy (FilePerBlockStrategy.java:deleteChunk(254)) - Deleted block file: /home/runner/work/ozone/ozone/hadoop-hdds/container-service/target/test-dir/TestBlockDeletingService/hdds/11af9eba-cafd-48b5-9c44-d05420c38291/current/containerDir129/110714082572567496/chunks/110714082580825121.block
2023-07-14 19:27:12,490 [BlockDeletingService#0] INFO  impl.FilePerBlockStrategy (FilePerBlockStrategy.java:deleteChunk(254)) - Deleted block file: /home/runner/work/ozone/ozone/hadoop-hdds/container-service/target/test-dir/TestBlockDeletingService/hdds/11af9eba-cafd-48b5-9c44-d05420c38291/current/containerDir129/110714082572567496/chunks/110714082573485009.block
2023-07-14 19:27:12,491 [BlockDeletingService#0] INFO  impl.FilePerBlockStrategy (FilePerBlockStrategy.java:deleteChunk(254)) - Deleted block file: /home/runner/work/ozone/ozone/hadoop-hdds/container-service/target/test-dir/TestBlockDeletingService/hdds/11af9eba-cafd-48b5-9c44-d05420c38291/current/containerDir129/110714082572567496/chunks/110714082580890658.block
2023-07-14 19:27:12,491 [BlockDeletingService#0] INFO  impl.FilePerBlockStrategy (FilePerBlockStrategy.java:deleteChunk(254)) - Deleted block file: /home/runner/work/ozone/ozone/hadoop-hdds/container-service/target/test-dir/TestBlockDeletingService/hdds/11af9eba-cafd-48b5-9c44-d05420c38291/current/containerDir129/110714082572567496/chunks/110714082580956195.block
2023-07-14 19:27:12,491 [BlockDeletingService#0] INFO  impl.FilePerBlockStrategy (FilePerBlockStrategy.java:deleteChunk(254)) - Deleted block file: /home/runner/work/ozone/ozone/hadoop-hdds/container-service/target/test-dir/TestBlockDeletingService/hdds/11af9eba-cafd-48b5-9c44-d05420c38291/current/containerDir129/110714082572567496/chunks/110714082581087268.block
2023-07-14 19:27:12,491 [BlockDeletingService#0] INFO  impl.FilePerBlockStrategy (FilePerBlockStrategy.java:deleteChunk(254)) - Deleted block file: /home/runner/work/ozone/ozone/hadoop-hdds/container-service/target/test-dir/TestBlockDeletingService/hdds/11af9eba-cafd-48b5-9c44-d05420c38291/current/containerDir129/110714082572567496/chunks/110714082581152805.block
2023-07-14 19:27:12,491 [BlockDeletingService#0] INFO  impl.FilePerBlockStrategy (FilePerBlockStrategy.java:deleteChunk(254)) - Deleted block file: /home/runner/work/ozone/ozone/hadoop-hdds/container-service/target/test-dir/TestBlockDeletingService/hdds/11af9eba-cafd-48b5-9c44-d05420c38291/current/containerDir129/110714082572567496/chunks/110714082581218342.block
2023-07-14 19:27:12,491 [BlockDeletingService#0] INFO  impl.FilePerBlockStrategy (FilePerBlockStrategy.java:deleteChunk(254)) - Deleted block file: /home/runner/work/ozone/ozone/hadoop-hdds/container-service/target/test-dir/TestBlockDeletingService/hdds/11af9eba-cafd-48b5-9c44-d05420c38291/current/containerDir129/110714082572567496/chunks/110714082581283879.block
2023-07-14 19:27:12,492 [BlockDeletingService#0] INFO  impl.FilePerBlockStrategy (FilePerBlockStrategy.java:deleteChunk(254)) - Deleted block file: /home/runner/work/ozone/ozone/hadoop-hdds/container-service/target/test-dir/TestBlockDeletingService/hdds/11af9eba-cafd-48b5-9c44-d05420c38291/current/containerDir129/110714082572567496/chunks/110714082581414952.block
2023-07-14 19:27:12,492 [BlockDeletingService#0] INFO  impl.FilePerBlockStrategy (FilePerBlockStrategy.java:deleteChunk(254)) - Deleted block file: /home/runner/work/ozone/ozone/hadoop-hdds/container-service/target/test-dir/TestBlockDeletingService/hdds/11af9eba-cafd-48b5-9c44-d05420c38291/current/containerDir129/110714082572567496/chunks/110714082581480489.block
2023-07-14 19:27:12,492 [BlockDeletingService#0] INFO  impl.FilePerBlockStrategy (FilePerBlockStrategy.java:deleteChunk(254)) - Deleted block file: /home/runner/work/ozone/ozone/hadoop-hdds/container-service/target/test-dir/TestBlockDeletingService/hdds/11af9eba-cafd-48b5-9c44-d05420c38291/current/containerDir129/110714082572567496/chunks/110714082581546026.block
2023-07-14 19:27:12,492 [BlockDeletingService#0] INFO  impl.FilePerBlockStrategy (FilePerBlockStrategy.java:deleteChunk(254)) - Deleted block file: /home/runner/work/ozone/ozone/hadoop-hdds/container-service/target/test-dir/TestBlockDeletingService/hdds/11af9eba-cafd-48b5-9c44-d05420c38291/current/containerDir129/110714082572567496/chunks/110714082581677099.block
2023-07-14 19:27:12,493 [BlockDeletingService#0] WARN  utils.BackgroundService (BackgroundService.java:lambda$run$0(130)) - BlockDeletingService Background task execution took 24274476ns > 0ns(timeout)
2023-07-14 19:27:12,567 [main] INFO  utils.BackgroundService (BackgroundService.java:shutdown(141)) - Shutting down service BlockDeletingService
]]></system-out>
  </testcase>
  <testcase name="testBlockDeletionTimeout" classname="TestBlockDeletingService" time="1.425">
    <error type="java.util.concurrent.TimeoutException"><![CDATA[java.util.concurrent.TimeoutException: 
Timed out waiting for condition. Thread diagnostics:
Timestamp: 2023-07-14 07:26:54,331

"process reaper" daemon prio=10 tid=12 timed_waiting
java.lang.Thread.State: TIMED_WAITING
        at sun.misc.Unsafe.park(Native Method)
        at java.util.concurrent.locks.LockSupport.parkNanos(LockSupport.java:215)
        at java.util.concurrent.SynchronousQueue$TransferStack.awaitFulfill(SynchronousQueue.java:460)
        at java.util.concurrent.SynchronousQueue$TransferStack.transfer(SynchronousQueue.java:362)
        at java.util.concurrent.SynchronousQueue.poll(SynchronousQueue.java:941)
        at java.util.concurrent.ThreadPoolExecutor.getTask(ThreadPoolExecutor.java:1073)
        at java.util.concurrent.ThreadPoolExecutor.runWorker(ThreadPoolExecutor.java:1134)
        at java.util.concurrent.ThreadPoolExecutor$Worker.run(ThreadPoolExecutor.java:624)
        at java.lang.Thread.run(Thread.java:750)
"Attach Listener" daemon prio=9 tid=14 runnable
java.lang.Thread.State: RUNNABLE
"BlockDeletingService#3" daemon prio=5 tid=21 in Object.wait()
java.lang.Thread.State: WAITING (on object monitor)
        at sun.misc.Unsafe.park(Native Method)
        at java.util.concurrent.locks.LockSupport.park(LockSupport.java:175)
        at java.util.concurrent.locks.AbstractQueuedSynchronizer$ConditionObject.await(AbstractQueuedSynchronizer.java:2039)
        at java.util.concurrent.ScheduledThreadPoolExecutor$DelayedWorkQueue.take(ScheduledThreadPoolExecutor.java:1088)
        at java.util.concurrent.ScheduledThreadPoolExecutor$DelayedWorkQueue.take(ScheduledThreadPoolExecutor.java:809)
        at java.util.concurrent.ThreadPoolExecutor.getTask(ThreadPoolExecutor.java:1074)
        at java.util.concurrent.ThreadPoolExecutor.runWorker(ThreadPoolExecutor.java:1134)
        at java.util.concurrent.ThreadPoolExecutor$Worker.run(ThreadPoolExecutor.java:624)
        at java.lang.Thread.run(Thread.java:750)
"BlockDeletingService#1" daemon prio=5 tid=19 in Object.wait()
java.lang.Thread.State: WAITING (on object monitor)
        at sun.misc.Unsafe.park(Native Method)
        at java.util.concurrent.locks.LockSupport.park(LockSupport.java:175)
        at java.util.concurrent.locks.AbstractQueuedSynchronizer$ConditionObject.await(AbstractQueuedSynchronizer.java:2039)
        at java.util.concurrent.ScheduledThreadPoolExecutor$DelayedWorkQueue.take(ScheduledThreadPoolExecutor.java:1088)
        at java.util.concurrent.ScheduledThreadPoolExecutor$DelayedWorkQueue.take(ScheduledThreadPoolExecutor.java:809)
        at java.util.concurrent.ThreadPoolExecutor.getTask(ThreadPoolExecutor.java:1074)
        at java.util.concurrent.ThreadPoolExecutor.runWorker(ThreadPoolExecutor.java:1134)
        at java.util.concurrent.ThreadPoolExecutor$Worker.run(ThreadPoolExecutor.java:624)
        at java.lang.Thread.run(Thread.java:750)
"Finalizer" daemon prio=8 tid=3 in Object.wait()
java.lang.Thread.State: WAITING (on object monitor)
        at java.lang.Object.wait(Native Method)
        at java.lang.ref.ReferenceQueue.remove(ReferenceQueue.java:144)
        at java.lang.ref.ReferenceQueue.remove(ReferenceQueue.java:165)
        at java.lang.ref.Finalizer$FinalizerThread.run(Finalizer.java:188)
"BlockDeletingService#2" daemon prio=5 tid=20 timed_waiting
java.lang.Thread.State: TIMED_WAITING
        at sun.misc.Unsafe.park(Native Method)
        at java.util.concurrent.locks.LockSupport.parkNanos(LockSupport.java:215)
        at java.util.concurrent.locks.AbstractQueuedSynchronizer$ConditionObject.awaitNanos(AbstractQueuedSynchronizer.java:2078)
        at java.util.concurrent.ScheduledThreadPoolExecutor$DelayedWorkQueue.take(ScheduledThreadPoolExecutor.java:1093)
        at java.util.concurrent.ScheduledThreadPoolExecutor$DelayedWorkQueue.take(ScheduledThreadPoolExecutor.java:809)
        at java.util.concurrent.ThreadPoolExecutor.getTask(ThreadPoolExecutor.java:1074)
        at java.util.concurrent.ThreadPoolExecutor.runWorker(ThreadPoolExecutor.java:1134)
        at java.util.concurrent.ThreadPoolExecutor$Worker.run(ThreadPoolExecutor.java:624)
        at java.lang.Thread.run(Thread.java:750)
"main"  prio=5 tid=1 runnable
java.lang.Thread.State: RUNNABLE
        at java.lang.Thread.dumpThreads(Native Method)
        at java.lang.Thread.getAllStackTraces(Thread.java:1615)
        at org.apache.ozone.test.TimedOutTestsListener.buildThreadDump(TimedOutTestsListener.java:93)
        at org.apache.ozone.test.TimedOutTestsListener.buildThreadDiagnosticString(TimedOutTestsListener.java:79)
        at org.apache.ozone.test.GenericTestUtils.waitFor(GenericTestUtils.java:229)
        at org.apache.hadoop.ozone.container.common.TestBlockDeletingService.testBlockDeletionTimeout(TestBlockDeletingService.java:835)
        at sun.reflect.NativeMethodAccessorImpl.invoke0(Native Method)
        at sun.reflect.NativeMethodAccessorImpl.invoke(NativeMethodAccessorImpl.java:62)
        at sun.reflect.DelegatingMethodAccessorImpl.invoke(DelegatingMethodAccessorImpl.java:43)
        at java.lang.reflect.Method.invoke(Method.java:498)
        at org.junit.runners.model.FrameworkMethod$1.runReflectiveCall(FrameworkMethod.java:59)
        at org.junit.internal.runners.model.ReflectiveCallable.run(ReflectiveCallable.java:12)
        at org.junit.runners.model.FrameworkMethod.invokeExplosively(FrameworkMethod.java:56)
        at org.junit.internal.runners.statements.InvokeMethod.evaluate(InvokeMethod.java:17)
        at org.junit.internal.runners.statements.RunBefores.evaluate(RunBefores.java:26)
        at org.junit.internal.runners.statements.RunAfters.evaluate(RunAfters.java:27)
        at org.junit.runners.ParentRunner$3.evaluate(ParentRunner.java:306)
        at org.junit.runners.BlockJUnit4ClassRunner$1.evaluate(BlockJUnit4ClassRunner.java:100)
        at org.junit.runners.ParentRunner.runLeaf(ParentRunner.java:366)
        at org.junit.runners.BlockJUnit4ClassRunner.runChild(BlockJUnit4ClassRunner.java:103)
        at org.junit.runners.BlockJUnit4ClassRunner.runChild(BlockJUnit4ClassRunner.java:63)
        at org.junit.runners.ParentRunner$4.run(ParentRunner.java:331)
        at org.junit.runners.ParentRunner$1.schedule(ParentRunner.java:79)
        at org.junit.runners.ParentRunner.runChildren(ParentRunner.java:329)
        at org.junit.runners.ParentRunner.access$100(ParentRunner.java:66)
        at org.junit.runners.ParentRunner$2.evaluate(ParentRunner.java:293)
        at org.junit.runners.ParentRunner.run(ParentRunner.java:413)
        at org.junit.runners.Suite.runChild(Suite.java:128)
        at org.junit.runners.Suite.runChild(Suite.java:27)
        at org.junit.runners.ParentRunner$4.run(ParentRunner.java:331)
        at org.junit.runners.ParentRunner$1.schedule(ParentRunner.java:79)
        at org.junit.runners.ParentRunner.runChildren(ParentRunner.java:329)
        at org.junit.runners.ParentRunner.access$100(ParentRunner.java:66)
        at org.junit.runners.ParentRunner$2.evaluate(ParentRunner.java:293)
        at org.junit.runners.ParentRunner$3.evaluate(ParentRunner.java:306)
        at org.junit.runners.ParentRunner.run(ParentRunner.java:413)
        at org.junit.runner.JUnitCore.run(JUnitCore.java:137)
        at org.junit.runner.JUnitCore.run(JUnitCore.java:115)
        at org.junit.vintage.engine.execution.RunnerExecutor.execute(RunnerExecutor.java:42)
        at org.junit.vintage.engine.VintageTestEngine.executeAllChildren(VintageTestEngine.java:80)
        at org.junit.vintage.engine.VintageTestEngine.execute(VintageTestEngine.java:72)
        at org.junit.platform.launcher.core.EngineExecutionOrchestrator.execute(EngineExecutionOrchestrator.java:107)
        at org.junit.platform.launcher.core.EngineExecutionOrchestrator.execute(EngineExecutionOrchestrator.java:88)
        at org.junit.platform.launcher.core.EngineExecutionOrchestrator.lambda$execute$0(EngineExecutionOrchestrator.java:54)
        at org.junit.platform.launcher.core.EngineExecutionOrchestrator$$Lambda$189/1331270134.accept(Unknown Source)
        at org.junit.platform.launcher.core.EngineExecutionOrchestrator.withInterceptedStreams(EngineExecutionOrchestrator.java:67)
        at org.junit.platform.launcher.core.EngineExecutionOrchestrator.execute(EngineExecutionOrchestrator.java:52)
        at org.junit.platform.launcher.core.DefaultLauncher.execute(DefaultLauncher.java:114)
        at org.junit.platform.launcher.core.DefaultLauncher.execute(DefaultLauncher.java:86)
        at org.junit.platform.launcher.core.DefaultLauncherSession$DelegatingLauncher.execute(DefaultLauncherSession.java:86)
        at org.junit.platform.launcher.core.SessionPerRequestLauncher.execute(SessionPerRequestLauncher.java:53)
        at org.apache.maven.surefire.junitplatform.JUnitPlatformProvider.execute(JUnitPlatformProvider.java:188)
        at org.apache.maven.surefire.junitplatform.JUnitPlatformProvider.invokeAllTests(JUnitPlatformProvider.java:154)
        at org.apache.maven.surefire.junitplatform.JUnitPlatformProvider.invoke(JUnitPlatformProvider.java:124)
        at org.apache.maven.surefire.booter.ForkedBooter.runSuitesInProcess(ForkedBooter.java:428)
        at org.apache.maven.surefire.booter.ForkedBooter.execute(ForkedBooter.java:162)
        at org.apache.maven.surefire.booter.ForkedBooter.run(ForkedBooter.java:562)
        at org.apache.maven.surefire.booter.ForkedBooter.main(ForkedBooter.java:548)
"BlockDeletingService#0" daemon prio=5 tid=18 in Object.wait()
java.lang.Thread.State: WAITING (on object monitor)
        at sun.misc.Unsafe.park(Native Method)
        at java.util.concurrent.locks.LockSupport.park(LockSupport.java:175)
        at java.util.concurrent.locks.AbstractQueuedSynchronizer$ConditionObject.await(AbstractQueuedSynchronizer.java:2039)
        at java.util.concurrent.ScheduledThreadPoolExecutor$DelayedWorkQueue.take(ScheduledThreadPoolExecutor.java:1088)
        at java.util.concurrent.ScheduledThreadPoolExecutor$DelayedWorkQueue.take(ScheduledThreadPoolExecutor.java:809)
        at java.util.concurrent.ThreadPoolExecutor.getTask(ThreadPoolExecutor.java:1074)
        at java.util.concurrent.ThreadPoolExecutor.runWorker(ThreadPoolExecutor.java:1134)
        at java.util.concurrent.ThreadPoolExecutor$Worker.run(ThreadPoolExecutor.java:624)
        at java.lang.Thread.run(Thread.java:750)
"Signal Dispatcher" daemon prio=9 tid=4 runnable
java.lang.Thread.State: RUNNABLE
"Reference Handler" daemon prio=10 tid=2 in Object.wait()
java.lang.Thread.State: WAITING (on object monitor)
        at java.lang.Object.wait(Native Method)
        at java.lang.Object.wait(Object.java:502)
        at java.lang.ref.Reference.tryHandlePending(Reference.java:191)
        at java.lang.ref.Reference$ReferenceHandler.run(Reference.java:153)
"surefire-forkedjvm-command-thread" daemon prio=5 tid=10 runnable
java.lang.Thread.State: RUNNABLE
        at java.io.FileInputStream.readBytes(Native Method)
        at java.io.FileInputStream.read(FileInputStream.java:255)
        at java.io.BufferedInputStream.read1(BufferedInputStream.java:284)
        at java.io.BufferedInputStream.read(BufferedInputStream.java:345)
        at java.io.BufferedInputStream.fill(BufferedInputStream.java:246)
        at java.io.BufferedInputStream.read1(BufferedInputStream.java:286)
        at java.io.BufferedInputStream.read(BufferedInputStream.java:345)
        at org.apache.maven.surefire.api.util.internal.Channels$3.readImpl(Channels.java:214)
        at org.apache.maven.surefire.api.util.internal.AbstractNoninterruptibleReadableChannel.read(AbstractNoninterruptibleReadableChannel.java:54)
        at org.apache.maven.surefire.booter.spi.LegacyMasterProcessChannelDecoder.decode(LegacyMasterProcessChannelDecoder.java:80)
        at org.apache.maven.surefire.booter.CommandReader$CommandRunnable.run(CommandReader.java:343)
        at java.lang.Thread.run(Thread.java:750)


	at org.apache.ozone.test.GenericTestUtils.waitFor(GenericTestUtils.java:229)
	at org.apache.hadoop.ozone.container.common.TestBlockDeletingService.testBlockDeletionTimeout(TestBlockDeletingService.java:835)
	at sun.reflect.NativeMethodAccessorImpl.invoke0(Native Method)
	at sun.reflect.NativeMethodAccessorImpl.invoke(NativeMethodAccessorImpl.java:62)
	at sun.reflect.DelegatingMethodAccessorImpl.invoke(DelegatingMethodAccessorImpl.java:43)
	at java.lang.reflect.Method.invoke(Method.java:498)
	at org.junit.runners.model.FrameworkMethod$1.runReflectiveCall(FrameworkMethod.java:59)
	at org.junit.internal.runners.model.ReflectiveCallable.run(ReflectiveCallable.java:12)
	at org.junit.runners.model.FrameworkMethod.invokeExplosively(FrameworkMethod.java:56)
	at org.junit.internal.runners.statements.InvokeMethod.evaluate(InvokeMethod.java:17)
	at org.junit.internal.runners.statements.RunBefores.evaluate(RunBefores.java:26)
	at org.junit.internal.runners.statements.RunAfters.evaluate(RunAfters.java:27)
	at org.junit.runners.ParentRunner$3.evaluate(ParentRunner.java:306)
	at org.junit.runners.BlockJUnit4ClassRunner$1.evaluate(BlockJUnit4ClassRunner.java:100)
	at org.junit.runners.ParentRunner.runLeaf(ParentRunner.java:366)
	at org.junit.runners.BlockJUnit4ClassRunner.runChild(BlockJUnit4ClassRunner.java:103)
	at org.junit.runners.BlockJUnit4ClassRunner.runChild(BlockJUnit4ClassRunner.java:63)
	at org.junit.runners.ParentRunner$4.run(ParentRunner.java:331)
	at org.junit.runners.ParentRunner$1.schedule(ParentRunner.java:79)
	at org.junit.runners.ParentRunner.runChildren(ParentRunner.java:329)
	at org.junit.runners.ParentRunner.access$100(ParentRunner.java:66)
	at org.junit.runners.ParentRunner$2.evaluate(ParentRunner.java:293)
	at org.junit.runners.ParentRunner.run(ParentRunner.java:413)
	at org.junit.runners.Suite.runChild(Suite.java:128)
	at org.junit.runners.Suite.runChild(Suite.java:27)
	at org.junit.runners.ParentRunner$4.run(ParentRunner.java:331)
	at org.junit.runners.ParentRunner$1.schedule(ParentRunner.java:79)
	at org.junit.runners.ParentRunner.runChildren(ParentRunner.java:329)
	at org.junit.runners.ParentRunner.access$100(ParentRunner.java:66)
	at org.junit.runners.ParentRunner$2.evaluate(ParentRunner.java:293)
	at org.junit.runners.ParentRunner$3.evaluate(ParentRunner.java:306)
	at org.junit.runners.ParentRunner.run(ParentRunner.java:413)
	at org.junit.runner.JUnitCore.run(JUnitCore.java:137)
	at org.junit.runner.JUnitCore.run(JUnitCore.java:115)
	at org.junit.vintage.engine.execution.RunnerExecutor.execute(RunnerExecutor.java:42)
	at org.junit.vintage.engine.VintageTestEngine.executeAllChildren(VintageTestEngine.java:80)
	at org.junit.vintage.engine.VintageTestEngine.execute(VintageTestEngine.java:72)
	at org.junit.platform.launcher.core.EngineExecutionOrchestrator.execute(EngineExecutionOrchestrator.java:107)
	at org.junit.platform.launcher.core.EngineExecutionOrchestrator.execute(EngineExecutionOrchestrator.java:88)
	at org.junit.platform.launcher.core.EngineExecutionOrchestrator.lambda$execute$0(EngineExecutionOrchestrator.java:54)
	at org.junit.platform.launcher.core.EngineExecutionOrchestrator.withInterceptedStreams(EngineExecutionOrchestrator.java:67)
	at org.junit.platform.launcher.core.EngineExecutionOrchestrator.execute(EngineExecutionOrchestrator.java:52)
	at org.junit.platform.launcher.core.DefaultLauncher.execute(DefaultLauncher.java:114)
	at org.junit.platform.launcher.core.DefaultLauncher.execute(DefaultLauncher.java:86)
	at org.junit.platform.launcher.core.DefaultLauncherSession$DelegatingLauncher.execute(DefaultLauncherSession.java:86)
	at org.junit.platform.launcher.core.SessionPerRequestLauncher.execute(SessionPerRequestLauncher.java:53)
	at org.apache.maven.surefire.junitplatform.JUnitPlatformProvider.execute(JUnitPlatformProvider.java:188)
	at org.apache.maven.surefire.junitplatform.JUnitPlatformProvider.invokeAllTests(JUnitPlatformProvider.java:154)
	at org.apache.maven.surefire.junitplatform.JUnitPlatformProvider.invoke(JUnitPlatformProvider.java:124)
	at org.apache.maven.surefire.booter.ForkedBooter.runSuitesInProcess(ForkedBooter.java:428)
	at org.apache.maven.surefire.booter.ForkedBooter.execute(ForkedBooter.java:162)
	at org.apache.maven.surefire.booter.ForkedBooter.run(ForkedBooter.java:562)
	at org.apache.maven.surefire.booter.ForkedBooter.main(ForkedBooter.java:548)
]]></error>
    <system-out><![CDATA[2023-07-14 19:26:53,019 [main] INFO  volume.HddsVolume (HddsVolume.java:<init>(126)) - Creating HddsVolume: /home/runner/work/ozone/ozone/hadoop-hdds/container-service/target/test-dir/TestBlockDeletingService/hdds of storage type : DISK capacity : 9223372036854775807
2023-07-14 19:26:53,022 [main] INFO  volume.MutableVolumeSet (MutableVolumeSet.java:initializeVolumeSet(175)) - Added Volume : /home/runner/work/ozone/ozone/hadoop-hdds/container-service/target/test-dir/TestBlockDeletingService/hdds to VolumeSet
2023-07-14 19:26:53,302 [BlockDeletingService#0] INFO  interfaces.ContainerDeletionChoosingPolicyTemplate (ContainerDeletionChoosingPolicyTemplate.java:chooseContainerForBlockDeletion(83)) - Chosen 3/0 blocks from 1 candidate containers.
2023-07-14 19:26:53,317 [BlockDeletingService#1] INFO  impl.FilePerChunkStrategy (FilePerChunkStrategy.java:deleteChunk(322)) - Deleted chunk file /home/runner/work/ozone/ozone/hadoop-hdds/container-service/target/test-dir/TestBlockDeletingService/hdds/4613e7f4-3a79-40fc-afe9-eaa317837075/current/containerDir0/110714081326006373/chunks/110714081330790502_chunk_0_block_0 (size 100) for chunk ChunkInfo{chunkName='110714081330790502_chunk_0_block_0, offset=0, len=100}
2023-07-14 19:26:53,319 [BlockDeletingService#1] INFO  impl.FilePerChunkStrategy (FilePerChunkStrategy.java:deleteChunk(322)) - Deleted chunk file /home/runner/work/ozone/ozone/hadoop-hdds/container-service/target/test-dir/TestBlockDeletingService/hdds/4613e7f4-3a79-40fc-afe9-eaa317837075/current/containerDir0/110714081326006373/chunks/110714081330987111_chunk_0_block_1 (size 100) for chunk ChunkInfo{chunkName='110714081330987111_chunk_0_block_1, offset=0, len=100}
2023-07-14 19:26:53,320 [BlockDeletingService#1] INFO  impl.FilePerChunkStrategy (FilePerChunkStrategy.java:deleteChunk(322)) - Deleted chunk file /home/runner/work/ozone/ozone/hadoop-hdds/container-service/target/test-dir/TestBlockDeletingService/hdds/4613e7f4-3a79-40fc-afe9-eaa317837075/current/containerDir0/110714081326006373/chunks/110714081331576936_chunk_0_block_2 (size 100) for chunk ChunkInfo{chunkName='110714081331576936_chunk_0_block_2, offset=0, len=100}
2023-07-14 19:26:53,323 [BlockDeletingService#1] WARN  utils.BackgroundService (BackgroundService.java:lambda$run$0(130)) - BlockDeletingService Background task execution took 15140782ns > 1ns(timeout)
2023-07-14 19:26:54,308 [BlockDeletingService#0] INFO  interfaces.ContainerDeletionChoosingPolicyTemplate (ContainerDeletionChoosingPolicyTemplate.java:chooseContainerForBlockDeletion(83)) - Chosen 0/3 blocks from 0 candidate containers.
]]></system-out>
  </testcase>
  <testcase name="testBlockDeletionTimeout" classname="TestBlockDeletingService" time="0.342">
    <system-out><![CDATA[2023-07-14 19:26:56,229 [main] INFO  volume.HddsVolume (HddsVolume.java:<init>(126)) - Creating HddsVolume: /home/runner/work/ozone/ozone/hadoop-hdds/container-service/target/test-dir/TestBlockDeletingService/hdds of storage type : DISK capacity : 9223372036854775807
2023-07-14 19:26:56,237 [main] INFO  volume.MutableVolumeSet (MutableVolumeSet.java:initializeVolumeSet(175)) - Added Volume : /home/runner/work/ozone/ozone/hadoop-hdds/container-service/target/test-dir/TestBlockDeletingService/hdds to VolumeSet
2023-07-14 19:26:56,310 [BlockDeletingService#1] INFO  interfaces.ContainerDeletionChoosingPolicyTemplate (ContainerDeletionChoosingPolicyTemplate.java:chooseContainerForBlockDeletion(83)) - Chosen 0/3 blocks from 0 candidate containers.
2023-07-14 19:26:56,347 [BlockDeletingService#0] INFO  interfaces.ContainerDeletionChoosingPolicyTemplate (ContainerDeletionChoosingPolicyTemplate.java:chooseContainerForBlockDeletion(83)) - Chosen 3/0 blocks from 1 candidate containers.
2023-07-14 19:26:56,351 [BlockDeletingService#1] INFO  impl.FilePerChunkStrategy (FilePerChunkStrategy.java:deleteChunk(322)) - Deleted chunk file /home/runner/work/ozone/ozone/hadoop-hdds/container-service/target/test-dir/TestBlockDeletingService/hdds/b9f4d7ca-7fb3-4a2d-90d5-a0df1c96d030/current/containerDir0/110714081528381670/chunks/110714081531461863_chunk_0_block_0 (size 100) for chunk ChunkInfo{chunkName='110714081531461863_chunk_0_block_0, offset=0, len=100}
2023-07-14 19:26:56,351 [BlockDeletingService#1] INFO  impl.FilePerChunkStrategy (FilePerChunkStrategy.java:deleteChunk(322)) - Deleted chunk file /home/runner/work/ozone/ozone/hadoop-hdds/container-service/target/test-dir/TestBlockDeletingService/hdds/b9f4d7ca-7fb3-4a2d-90d5-a0df1c96d030/current/containerDir0/110714081528381670/chunks/110714081531658472_chunk_0_block_1 (size 100) for chunk ChunkInfo{chunkName='110714081531658472_chunk_0_block_1, offset=0, len=100}
2023-07-14 19:26:56,351 [BlockDeletingService#1] INFO  impl.FilePerChunkStrategy (FilePerChunkStrategy.java:deleteChunk(322)) - Deleted chunk file /home/runner/work/ozone/ozone/hadoop-hdds/container-service/target/test-dir/TestBlockDeletingService/hdds/b9f4d7ca-7fb3-4a2d-90d5-a0df1c96d030/current/containerDir0/110714081528381670/chunks/110714081531724009_chunk_0_block_2 (size 100) for chunk ChunkInfo{chunkName='110714081531724009_chunk_0_block_2, offset=0, len=100}
2023-07-14 19:26:56,353 [BlockDeletingService#1] WARN  utils.BackgroundService (BackgroundService.java:lambda$run$0(130)) - BlockDeletingService Background task execution took 5069842ns > 1ns(timeout)
2023-07-14 19:26:56,446 [main] INFO  utils.BackgroundService (BackgroundService.java:shutdown(141)) - Shutting down service BlockDeletingService
2023-07-14 19:26:56,544 [main] INFO  utils.BackgroundService (BackgroundService.java:shutdown(141)) - Shutting down service BlockDeletingService
]]></system-out>
  </testcase>
  <testcase name="testBlockDeletionTimeout" classname="TestBlockDeletingService" time="0.332">
    <system-out><![CDATA[2023-07-14 19:26:59,302 [main] INFO  volume.HddsVolume (HddsVolume.java:<init>(126)) - Creating HddsVolume: /home/runner/work/ozone/ozone/hadoop-hdds/container-service/target/test-dir/TestBlockDeletingService/hdds of storage type : DISK capacity : 9223372036854775807
2023-07-14 19:26:59,304 [main] INFO  volume.MutableVolumeSet (MutableVolumeSet.java:initializeVolumeSet(175)) - Added Volume : /home/runner/work/ozone/ozone/hadoop-hdds/container-service/target/test-dir/TestBlockDeletingService/hdds to VolumeSet
2023-07-14 19:26:59,313 [BlockDeletingService#2] INFO  interfaces.ContainerDeletionChoosingPolicyTemplate (ContainerDeletionChoosingPolicyTemplate.java:chooseContainerForBlockDeletion(83)) - Chosen 0/3 blocks from 0 candidate containers.
2023-07-14 19:26:59,411 [BlockDeletingService#0] INFO  interfaces.ContainerDeletionChoosingPolicyTemplate (ContainerDeletionChoosingPolicyTemplate.java:chooseContainerForBlockDeletion(83)) - Chosen 3/0 blocks from 1 candidate containers.
2023-07-14 19:26:59,415 [BlockDeletingService#1] INFO  impl.FilePerChunkStrategy (FilePerChunkStrategy.java:deleteChunk(322)) - Deleted chunk file /home/runner/work/ozone/ozone/hadoop-hdds/container-service/target/test-dir/TestBlockDeletingService/hdds/72b283b5-1f39-4bfd-8932-eab7977507c7/current/containerDir128/110714081729249651/chunks/110714081732264308_chunk_0_block_0 (size 100) for chunk ChunkInfo{chunkName='110714081732264308_chunk_0_block_0, offset=0, len=100}
2023-07-14 19:26:59,415 [BlockDeletingService#1] INFO  impl.FilePerChunkStrategy (FilePerChunkStrategy.java:deleteChunk(322)) - Deleted chunk file /home/runner/work/ozone/ozone/hadoop-hdds/container-service/target/test-dir/TestBlockDeletingService/hdds/72b283b5-1f39-4bfd-8932-eab7977507c7/current/containerDir128/110714081729249651/chunks/110714081732329845_chunk_0_block_1 (size 100) for chunk ChunkInfo{chunkName='110714081732329845_chunk_0_block_1, offset=0, len=100}
2023-07-14 19:26:59,415 [BlockDeletingService#1] INFO  impl.FilePerChunkStrategy (FilePerChunkStrategy.java:deleteChunk(322)) - Deleted chunk file /home/runner/work/ozone/ozone/hadoop-hdds/container-service/target/test-dir/TestBlockDeletingService/hdds/72b283b5-1f39-4bfd-8932-eab7977507c7/current/containerDir128/110714081729249651/chunks/110714081732460918_chunk_0_block_2 (size 100) for chunk ChunkInfo{chunkName='110714081732460918_chunk_0_block_2, offset=0, len=100}
2023-07-14 19:26:59,416 [BlockDeletingService#1] WARN  utils.BackgroundService (BackgroundService.java:lambda$run$0(130)) - BlockDeletingService Background task execution took 4631238ns > 1ns(timeout)
2023-07-14 19:26:59,509 [main] INFO  utils.BackgroundService (BackgroundService.java:shutdown(141)) - Shutting down service BlockDeletingService
2023-07-14 19:26:59,611 [main] INFO  utils.BackgroundService (BackgroundService.java:shutdown(141)) - Shutting down service BlockDeletingService
2023-07-14 19:26:59,612 [BlockDeletingService#0] INFO  interfaces.ContainerDeletionChoosingPolicyTemplate (ContainerDeletionChoosingPolicyTemplate.java:chooseContainerForBlockDeletion(83)) - Chosen 3/0 blocks from 1 candidate containers.
]]></system-out>
  </testcase>
  <testcase name="testBlockDeletionTimeout" classname="TestBlockDeletingService" time="0.314">
    <system-out><![CDATA[2023-07-14 19:27:02,406 [main] INFO  volume.HddsVolume (HddsVolume.java:<init>(126)) - Creating HddsVolume: /home/runner/work/ozone/ozone/hadoop-hdds/container-service/target/test-dir/TestBlockDeletingService/hdds of storage type : DISK capacity : 9223372036854775807
2023-07-14 19:27:02,410 [main] INFO  volume.MutableVolumeSet (MutableVolumeSet.java:initializeVolumeSet(175)) - Added Volume : /home/runner/work/ozone/ozone/hadoop-hdds/container-service/target/test-dir/TestBlockDeletingService/hdds to VolumeSet
2023-07-14 19:27:02,455 [main] INFO  utils.DatanodeStoreCache (DatanodeStoreCache.java:addDB(66)) - Added db /home/runner/work/ozone/ozone/hadoop-hdds/container-service/target/test-dir/TestBlockDeletingService/hdds/a0918231-f14e-4976-8b42-7985d25d67f4/DS-673cb180-3132-404e-81cd-8be420f28b81/container.db to cache
2023-07-14 19:27:02,455 [main] INFO  volume.HddsVolume (HddsVolume.java:createDbStore(422)) - SchemaV3 db is created and loaded at /home/runner/work/ozone/ozone/hadoop-hdds/container-service/target/test-dir/TestBlockDeletingService/hdds/a0918231-f14e-4976-8b42-7985d25d67f4/DS-673cb180-3132-404e-81cd-8be420f28b81/container.db for volume DS-673cb180-3132-404e-81cd-8be420f28b81
2023-07-14 19:27:02,526 [BlockDeletingService#0] INFO  interfaces.ContainerDeletionChoosingPolicyTemplate (ContainerDeletionChoosingPolicyTemplate.java:chooseContainerForBlockDeletion(83)) - Chosen 3/0 blocks from 1 candidate containers.
2023-07-14 19:27:02,536 [BlockDeletingService#1] INFO  impl.FilePerChunkStrategy (FilePerChunkStrategy.java:deleteChunk(322)) - Deleted chunk file /home/runner/work/ozone/ozone/hadoop-hdds/container-service/target/test-dir/TestBlockDeletingService/hdds/a0918231-f14e-4976-8b42-7985d25d67f4/current/containerDir1/110714081935884803/chunks/110714081936212484_chunk_0_block_0 (size 100) for chunk ChunkInfo{chunkName='110714081936212484_chunk_0_block_0, offset=0, len=100}
2023-07-14 19:27:02,536 [BlockDeletingService#1] INFO  impl.FilePerChunkStrategy (FilePerChunkStrategy.java:deleteChunk(322)) - Deleted chunk file /home/runner/work/ozone/ozone/hadoop-hdds/container-service/target/test-dir/TestBlockDeletingService/hdds/a0918231-f14e-4976-8b42-7985d25d67f4/current/containerDir1/110714081935884803/chunks/110714081936409093_chunk_0_block_1 (size 100) for chunk ChunkInfo{chunkName='110714081936409093_chunk_0_block_1, offset=0, len=100}
2023-07-14 19:27:02,537 [BlockDeletingService#1] INFO  impl.FilePerChunkStrategy (FilePerChunkStrategy.java:deleteChunk(322)) - Deleted chunk file /home/runner/work/ozone/ozone/hadoop-hdds/container-service/target/test-dir/TestBlockDeletingService/hdds/a0918231-f14e-4976-8b42-7985d25d67f4/current/containerDir1/110714081935884803/chunks/110714081936540166_chunk_0_block_2 (size 100) for chunk ChunkInfo{chunkName='110714081936540166_chunk_0_block_2, offset=0, len=100}
2023-07-14 19:27:02,537 [BlockDeletingService#1] WARN  utils.BackgroundService (BackgroundService.java:lambda$run$0(130)) - BlockDeletingService Background task execution took 10789045ns > 1ns(timeout)
2023-07-14 19:27:02,624 [main] INFO  utils.BackgroundService (BackgroundService.java:shutdown(141)) - Shutting down service BlockDeletingService
2023-07-14 19:27:02,683 [main] INFO  utils.BackgroundService (BackgroundService.java:shutdown(141)) - Shutting down service BlockDeletingService
]]></system-out>
  </testcase>
  <testcase name="testBlockDeletionTimeout" classname="TestBlockDeletingService" time="0.314">
    <system-out><![CDATA[2023-07-14 19:27:04,573 [main] INFO  volume.HddsVolume (HddsVolume.java:<init>(126)) - Creating HddsVolume: /home/runner/work/ozone/ozone/hadoop-hdds/container-service/target/test-dir/TestBlockDeletingService/hdds of storage type : DISK capacity : 9223372036854775807
2023-07-14 19:27:04,574 [main] INFO  volume.MutableVolumeSet (MutableVolumeSet.java:initializeVolumeSet(175)) - Added Volume : /home/runner/work/ozone/ozone/hadoop-hdds/container-service/target/test-dir/TestBlockDeletingService/hdds to VolumeSet
2023-07-14 19:27:04,671 [BlockDeletingService#0] INFO  interfaces.ContainerDeletionChoosingPolicyTemplate (ContainerDeletionChoosingPolicyTemplate.java:chooseContainerForBlockDeletion(83)) - Chosen 3/0 blocks from 1 candidate containers.
2023-07-14 19:27:04,673 [BlockDeletingService#1] INFO  impl.FilePerBlockStrategy (FilePerBlockStrategy.java:deleteChunk(254)) - Deleted block file: /home/runner/work/ozone/ozone/hadoop-hdds/container-service/target/test-dir/TestBlockDeletingService/hdds/922b2408-6651-4785-ad95-c14a0b797dc8/current/containerDir129/110714082074493579/chunks/110714082076918412.block
2023-07-14 19:27:04,673 [BlockDeletingService#1] INFO  impl.FilePerBlockStrategy (FilePerBlockStrategy.java:deleteChunk(254)) - Deleted block file: /home/runner/work/ozone/ozone/hadoop-hdds/container-service/target/test-dir/TestBlockDeletingService/hdds/922b2408-6651-4785-ad95-c14a0b797dc8/current/containerDir129/110714082074493579/chunks/110714082077049485.block
2023-07-14 19:27:04,673 [BlockDeletingService#1] INFO  impl.FilePerBlockStrategy (FilePerBlockStrategy.java:deleteChunk(254)) - Deleted block file: /home/runner/work/ozone/ozone/hadoop-hdds/container-service/target/test-dir/TestBlockDeletingService/hdds/922b2408-6651-4785-ad95-c14a0b797dc8/current/containerDir129/110714082074493579/chunks/110714082077115022.block
2023-07-14 19:27:04,674 [BlockDeletingService#1] WARN  utils.BackgroundService (BackgroundService.java:lambda$run$0(130)) - BlockDeletingService Background task execution took 2086516ns > 1ns(timeout)
2023-07-14 19:27:04,770 [main] INFO  utils.BackgroundService (BackgroundService.java:shutdown(141)) - Shutting down service BlockDeletingService
2023-07-14 19:27:04,864 [main] INFO  utils.BackgroundService (BackgroundService.java:shutdown(141)) - Shutting down service BlockDeletingService
2023-07-14 19:27:04,867 [BlockDeletingService#0] INFO  interfaces.ContainerDeletionChoosingPolicyTemplate (ContainerDeletionChoosingPolicyTemplate.java:chooseContainerForBlockDeletion(83)) - Chosen 3/0 blocks from 1 candidate containers.
]]></system-out>
  </testcase>
  <testcase name="testBlockDeletionTimeout" classname="TestBlockDeletingService" time="0.312">
    <system-out><![CDATA[2023-07-14 19:27:06,700 [main] INFO  volume.HddsVolume (HddsVolume.java:<init>(126)) - Creating HddsVolume: /home/runner/work/ozone/ozone/hadoop-hdds/container-service/target/test-dir/TestBlockDeletingService/hdds of storage type : DISK capacity : 9223372036854775807
2023-07-14 19:27:06,702 [main] INFO  volume.MutableVolumeSet (MutableVolumeSet.java:initializeVolumeSet(175)) - Added Volume : /home/runner/work/ozone/ozone/hadoop-hdds/container-service/target/test-dir/TestBlockDeletingService/hdds to VolumeSet
2023-07-14 19:27:06,794 [BlockDeletingService#0] INFO  interfaces.ContainerDeletionChoosingPolicyTemplate (ContainerDeletionChoosingPolicyTemplate.java:chooseContainerForBlockDeletion(83)) - Chosen 3/0 blocks from 1 candidate containers.
2023-07-14 19:27:06,804 [BlockDeletingService#1] INFO  impl.FilePerBlockStrategy (FilePerBlockStrategy.java:deleteChunk(254)) - Deleted block file: /home/runner/work/ozone/ozone/hadoop-hdds/container-service/target/test-dir/TestBlockDeletingService/hdds/ec2e00b9-60ec-4f39-8e61-c73c2d581855/current/containerDir1/110714082213888784/chunks/110714082216379153.block
2023-07-14 19:27:06,804 [BlockDeletingService#1] INFO  impl.FilePerBlockStrategy (FilePerBlockStrategy.java:deleteChunk(254)) - Deleted block file: /home/runner/work/ozone/ozone/hadoop-hdds/container-service/target/test-dir/TestBlockDeletingService/hdds/ec2e00b9-60ec-4f39-8e61-c73c2d581855/current/containerDir1/110714082213888784/chunks/110714082216444690.block
2023-07-14 19:27:06,804 [BlockDeletingService#1] INFO  impl.FilePerBlockStrategy (FilePerBlockStrategy.java:deleteChunk(254)) - Deleted block file: /home/runner/work/ozone/ozone/hadoop-hdds/container-service/target/test-dir/TestBlockDeletingService/hdds/ec2e00b9-60ec-4f39-8e61-c73c2d581855/current/containerDir1/110714082213888784/chunks/110714082216510227.block
2023-07-14 19:27:06,805 [BlockDeletingService#1] WARN  utils.BackgroundService (BackgroundService.java:lambda$run$0(130)) - BlockDeletingService Background task execution took 5989647ns > 1ns(timeout)
2023-07-14 19:27:06,893 [main] INFO  utils.BackgroundService (BackgroundService.java:shutdown(141)) - Shutting down service BlockDeletingService
2023-07-14 19:27:06,988 [main] INFO  utils.BackgroundService (BackgroundService.java:shutdown(141)) - Shutting down service BlockDeletingService
]]></system-out>
  </testcase>
  <testcase name="testBlockDeletionTimeout" classname="TestBlockDeletingService" time="0.305">
    <system-out><![CDATA[2023-07-14 19:27:09,652 [main] INFO  volume.HddsVolume (HddsVolume.java:<init>(126)) - Creating HddsVolume: /home/runner/work/ozone/ozone/hadoop-hdds/container-service/target/test-dir/TestBlockDeletingService/hdds of storage type : DISK capacity : 9223372036854775807
2023-07-14 19:27:09,654 [main] INFO  volume.MutableVolumeSet (MutableVolumeSet.java:initializeVolumeSet(175)) - Added Volume : /home/runner/work/ozone/ozone/hadoop-hdds/container-service/target/test-dir/TestBlockDeletingService/hdds to VolumeSet
2023-07-14 19:27:09,749 [BlockDeletingService#0] INFO  interfaces.ContainerDeletionChoosingPolicyTemplate (ContainerDeletionChoosingPolicyTemplate.java:chooseContainerForBlockDeletion(83)) - Chosen 3/0 blocks from 1 candidate containers.
2023-07-14 19:27:09,751 [BlockDeletingService#0] INFO  impl.FilePerBlockStrategy (FilePerBlockStrategy.java:deleteChunk(254)) - Deleted block file: /home/runner/work/ozone/ozone/hadoop-hdds/container-service/target/test-dir/TestBlockDeletingService/hdds/d28769c0-91ec-4a05-be6b-8292c548b469/current/containerDir129/110714082407416733/chunks/110714082409907102.block
2023-07-14 19:27:09,751 [BlockDeletingService#0] INFO  impl.FilePerBlockStrategy (FilePerBlockStrategy.java:deleteChunk(254)) - Deleted block file: /home/runner/work/ozone/ozone/hadoop-hdds/container-service/target/test-dir/TestBlockDeletingService/hdds/d28769c0-91ec-4a05-be6b-8292c548b469/current/containerDir129/110714082407416733/chunks/110714082410038175.block
2023-07-14 19:27:09,751 [BlockDeletingService#0] INFO  impl.FilePerBlockStrategy (FilePerBlockStrategy.java:deleteChunk(254)) - Deleted block file: /home/runner/work/ozone/ozone/hadoop-hdds/container-service/target/test-dir/TestBlockDeletingService/hdds/d28769c0-91ec-4a05-be6b-8292c548b469/current/containerDir129/110714082407416733/chunks/110714082410103712.block
2023-07-14 19:27:09,752 [BlockDeletingService#0] WARN  utils.BackgroundService (BackgroundService.java:lambda$run$0(130)) - BlockDeletingService Background task execution took 1607311ns > 1ns(timeout)
2023-07-14 19:27:09,849 [main] INFO  utils.BackgroundService (BackgroundService.java:shutdown(141)) - Shutting down service BlockDeletingService
2023-07-14 19:27:09,935 [main] INFO  utils.BackgroundService (BackgroundService.java:shutdown(141)) - Shutting down service BlockDeletingService
2023-07-14 19:27:09,936 [BlockDeletingService#0] INFO  interfaces.ContainerDeletionChoosingPolicyTemplate (ContainerDeletionChoosingPolicyTemplate.java:chooseContainerForBlockDeletion(83)) - Chosen 3/0 blocks from 1 candidate containers.
]]></system-out>
  </testcase>
  <testcase name="testBlockDeletionTimeout" classname="TestBlockDeletingService" time="0.271">
    <system-out><![CDATA[2023-07-14 19:27:12,686 [main] INFO  volume.HddsVolume (HddsVolume.java:<init>(126)) - Creating HddsVolume: /home/runner/work/ozone/ozone/hadoop-hdds/container-service/target/test-dir/TestBlockDeletingService/hdds of storage type : DISK capacity : 9223372036854775807
2023-07-14 19:27:12,688 [main] INFO  volume.MutableVolumeSet (MutableVolumeSet.java:initializeVolumeSet(175)) - Added Volume : /home/runner/work/ozone/ozone/hadoop-hdds/container-service/target/test-dir/TestBlockDeletingService/hdds to VolumeSet
2023-07-14 19:27:12,725 [main] INFO  utils.DatanodeStoreCache (DatanodeStoreCache.java:addDB(66)) - Added db /home/runner/work/ozone/ozone/hadoop-hdds/container-service/target/test-dir/TestBlockDeletingService/hdds/c4c2c542-b9ae-4ca2-88a7-dd0b5250593e/DS-47588a49-5e20-4e7d-8192-4f42d6034d34/container.db to cache
2023-07-14 19:27:12,725 [main] INFO  volume.HddsVolume (HddsVolume.java:createDbStore(422)) - SchemaV3 db is created and loaded at /home/runner/work/ozone/ozone/hadoop-hdds/container-service/target/test-dir/TestBlockDeletingService/hdds/c4c2c542-b9ae-4ca2-88a7-dd0b5250593e/DS-47588a49-5e20-4e7d-8192-4f42d6034d34/container.db for volume DS-47588a49-5e20-4e7d-8192-4f42d6034d34
2023-07-14 19:27:12,786 [BlockDeletingService#0] INFO  interfaces.ContainerDeletionChoosingPolicyTemplate (ContainerDeletionChoosingPolicyTemplate.java:chooseContainerForBlockDeletion(83)) - Chosen 3/0 blocks from 1 candidate containers.
2023-07-14 19:27:12,789 [BlockDeletingService#1] INFO  impl.FilePerBlockStrategy (FilePerBlockStrategy.java:deleteChunk(254)) - Deleted block file: /home/runner/work/ozone/ozone/hadoop-hdds/container-service/target/test-dir/TestBlockDeletingService/hdds/c4c2c542-b9ae-4ca2-88a7-dd0b5250593e/current/containerDir130/110714082608612397/chunks/110714082608874542.block
2023-07-14 19:27:12,789 [BlockDeletingService#1] INFO  impl.FilePerBlockStrategy (FilePerBlockStrategy.java:deleteChunk(254)) - Deleted block file: /home/runner/work/ozone/ozone/hadoop-hdds/container-service/target/test-dir/TestBlockDeletingService/hdds/c4c2c542-b9ae-4ca2-88a7-dd0b5250593e/current/containerDir130/110714082608612397/chunks/110714082609005615.block
2023-07-14 19:27:12,789 [BlockDeletingService#1] INFO  impl.FilePerBlockStrategy (FilePerBlockStrategy.java:deleteChunk(254)) - Deleted block file: /home/runner/work/ozone/ozone/hadoop-hdds/container-service/target/test-dir/TestBlockDeletingService/hdds/c4c2c542-b9ae-4ca2-88a7-dd0b5250593e/current/containerDir130/110714082608612397/chunks/110714082609071152.block
2023-07-14 19:27:12,790 [BlockDeletingService#1] WARN  utils.BackgroundService (BackgroundService.java:lambda$run$0(130)) - BlockDeletingService Background task execution took 3260524ns > 1ns(timeout)
2023-07-14 19:27:12,885 [main] INFO  utils.BackgroundService (BackgroundService.java:shutdown(141)) - Shutting down service BlockDeletingService
2023-07-14 19:27:12,939 [main] INFO  utils.BackgroundService (BackgroundService.java:shutdown(141)) - Shutting down service BlockDeletingService
]]></system-out>
  </testcase>
  <testcase name="testBlockDeletion" classname="TestBlockDeletingService" time="0.379">
    <system-out><![CDATA[2023-07-14 19:26:54,367 [main] INFO  volume.HddsVolume (HddsVolume.java:<init>(126)) - Creating HddsVolume: /home/runner/work/ozone/ozone/hadoop-hdds/container-service/target/test-dir/TestBlockDeletingService/hdds of storage type : DISK capacity : 9223372036854775807
2023-07-14 19:26:54,369 [main] INFO  volume.MutableVolumeSet (MutableVolumeSet.java:initializeVolumeSet(175)) - Added Volume : /home/runner/work/ozone/ozone/hadoop-hdds/container-service/target/test-dir/TestBlockDeletingService/hdds to VolumeSet
2023-07-14 19:26:54,513 [BlockDeletingService#0] INFO  interfaces.ContainerDeletionChoosingPolicyTemplate (ContainerDeletionChoosingPolicyTemplate.java:chooseContainerForBlockDeletion(83)) - Chosen 2/0 blocks from 1 candidate containers.
2023-07-14 19:26:54,519 [BlockDeletingService#0] INFO  impl.FilePerChunkStrategy (FilePerChunkStrategy.java:deleteChunk(322)) - Deleted chunk file /home/runner/work/ozone/ozone/hadoop-hdds/container-service/target/test-dir/TestBlockDeletingService/hdds/671b18d6-1d55-49cf-bed6-57fed47b09d3/current/containerDir0/110714081406222441/chunks/110714081409957994_chunk_0_block_0 (size 100) for chunk ChunkInfo{chunkName='110714081409957994_chunk_0_block_0, offset=0, len=100}
2023-07-14 19:26:54,520 [BlockDeletingService#0] INFO  impl.FilePerChunkStrategy (FilePerChunkStrategy.java:deleteChunk(322)) - Deleted chunk file /home/runner/work/ozone/ozone/hadoop-hdds/container-service/target/test-dir/TestBlockDeletingService/hdds/671b18d6-1d55-49cf-bed6-57fed47b09d3/current/containerDir0/110714081406222441/chunks/110714081410220139_chunk_0_block_1 (size 100) for chunk ChunkInfo{chunkName='110714081410220139_chunk_0_block_1, offset=0, len=100}
2023-07-14 19:26:54,524 [BlockDeletingService#0] WARN  utils.BackgroundService (BackgroundService.java:lambda$run$0(130)) - BlockDeletingService Background task execution took 9454878ns > 0ns(timeout)
2023-07-14 19:26:54,617 [BlockDeletingService#1] INFO  interfaces.ContainerDeletionChoosingPolicyTemplate (ContainerDeletionChoosingPolicyTemplate.java:chooseContainerForBlockDeletion(83)) - Chosen 1/1 blocks from 1 candidate containers.
2023-07-14 19:26:54,619 [BlockDeletingService#0] INFO  impl.FilePerChunkStrategy (FilePerChunkStrategy.java:deleteChunk(322)) - Deleted chunk file /home/runner/work/ozone/ozone/hadoop-hdds/container-service/target/test-dir/TestBlockDeletingService/hdds/671b18d6-1d55-49cf-bed6-57fed47b09d3/current/containerDir0/110714081406222441/chunks/110714081410285676_chunk_0_block_2 (size 100) for chunk ChunkInfo{chunkName='110714081410285676_chunk_0_block_2, offset=0, len=100}
2023-07-14 19:26:54,620 [BlockDeletingService#0] WARN  utils.BackgroundService (BackgroundService.java:lambda$run$0(130)) - BlockDeletingService Background task execution took 2325619ns > 0ns(timeout)
2023-07-14 19:26:54,716 [main] INFO  utils.BackgroundService (BackgroundService.java:shutdown(141)) - Shutting down service BlockDeletingService
]]></system-out>
  </testcase>
  <testcase name="testBlockDeletion" classname="TestBlockDeletingService" time="0.417">
    <system-out><![CDATA[2023-07-14 19:26:56,567 [main] INFO  volume.HddsVolume (HddsVolume.java:<init>(126)) - Creating HddsVolume: /home/runner/work/ozone/ozone/hadoop-hdds/container-service/target/test-dir/TestBlockDeletingService/hdds of storage type : DISK capacity : 9223372036854775807
2023-07-14 19:26:56,569 [main] INFO  volume.MutableVolumeSet (MutableVolumeSet.java:initializeVolumeSet(175)) - Added Volume : /home/runner/work/ozone/ozone/hadoop-hdds/container-service/target/test-dir/TestBlockDeletingService/hdds to VolumeSet
2023-07-14 19:26:56,765 [BlockDeletingService#0] INFO  interfaces.ContainerDeletionChoosingPolicyTemplate (ContainerDeletionChoosingPolicyTemplate.java:chooseContainerForBlockDeletion(83)) - Chosen 2/0 blocks from 1 candidate containers.
2023-07-14 19:26:56,768 [BlockDeletingService#0] INFO  impl.FilePerChunkStrategy (FilePerChunkStrategy.java:deleteChunk(322)) - Deleted chunk file /home/runner/work/ozone/ozone/hadoop-hdds/container-service/target/test-dir/TestBlockDeletingService/hdds/3cbb5ea1-e135-4233-bd34-1b3ed781d951/current/containerDir0/110714081549877486/chunks/110714081552302319_chunk_0_block_0 (size 100) for chunk ChunkInfo{chunkName='110714081552302319_chunk_0_block_0, offset=0, len=100}
2023-07-14 19:26:56,768 [BlockDeletingService#0] INFO  impl.FilePerChunkStrategy (FilePerChunkStrategy.java:deleteChunk(322)) - Deleted chunk file /home/runner/work/ozone/ozone/hadoop-hdds/container-service/target/test-dir/TestBlockDeletingService/hdds/3cbb5ea1-e135-4233-bd34-1b3ed781d951/current/containerDir0/110714081549877486/chunks/110714081552367856_chunk_0_block_1 (size 100) for chunk ChunkInfo{chunkName='110714081552367856_chunk_0_block_1, offset=0, len=100}
2023-07-14 19:26:56,770 [BlockDeletingService#0] WARN  utils.BackgroundService (BackgroundService.java:lambda$run$0(130)) - BlockDeletingService Background task execution took 3982433ns > 0ns(timeout)
2023-07-14 19:26:56,866 [BlockDeletingService#1] INFO  interfaces.ContainerDeletionChoosingPolicyTemplate (ContainerDeletionChoosingPolicyTemplate.java:chooseContainerForBlockDeletion(83)) - Chosen 1/1 blocks from 1 candidate containers.
2023-07-14 19:26:56,867 [BlockDeletingService#0] INFO  impl.FilePerChunkStrategy (FilePerChunkStrategy.java:deleteChunk(322)) - Deleted chunk file /home/runner/work/ozone/ozone/hadoop-hdds/container-service/target/test-dir/TestBlockDeletingService/hdds/3cbb5ea1-e135-4233-bd34-1b3ed781d951/current/containerDir0/110714081549877486/chunks/110714081552433393_chunk_0_block_2 (size 100) for chunk ChunkInfo{chunkName='110714081552433393_chunk_0_block_2, offset=0, len=100}
2023-07-14 19:26:56,871 [BlockDeletingService#0] WARN  utils.BackgroundService (BackgroundService.java:lambda$run$0(130)) - BlockDeletingService Background task execution took 4224535ns > 0ns(timeout)
2023-07-14 19:26:56,964 [main] INFO  utils.BackgroundService (BackgroundService.java:shutdown(141)) - Shutting down service BlockDeletingService
]]></system-out>
  </testcase>
  <testcase name="testBlockDeletion" classname="TestBlockDeletingService" time="0.418">
    <system-out><![CDATA[2023-07-14 19:26:59,635 [main] INFO  volume.HddsVolume (HddsVolume.java:<init>(126)) - Creating HddsVolume: /home/runner/work/ozone/ozone/hadoop-hdds/container-service/target/test-dir/TestBlockDeletingService/hdds of storage type : DISK capacity : 9223372036854775807
2023-07-14 19:26:59,637 [main] INFO  volume.MutableVolumeSet (MutableVolumeSet.java:initializeVolumeSet(175)) - Added Volume : /home/runner/work/ozone/ozone/hadoop-hdds/container-service/target/test-dir/TestBlockDeletingService/hdds to VolumeSet
2023-07-14 19:26:59,835 [BlockDeletingService#0] INFO  interfaces.ContainerDeletionChoosingPolicyTemplate (ContainerDeletionChoosingPolicyTemplate.java:chooseContainerForBlockDeletion(83)) - Chosen 2/0 blocks from 1 candidate containers.
2023-07-14 19:26:59,837 [BlockDeletingService#0] INFO  impl.FilePerChunkStrategy (FilePerChunkStrategy.java:deleteChunk(322)) - Deleted chunk file /home/runner/work/ozone/ozone/hadoop-hdds/container-service/target/test-dir/TestBlockDeletingService/hdds/8c901d75-c418-431c-86cd-71512cc9863d/current/containerDir128/110714081751007611/chunks/110714081753432444_chunk_0_block_0 (size 100) for chunk ChunkInfo{chunkName='110714081753432444_chunk_0_block_0, offset=0, len=100}
2023-07-14 19:26:59,837 [BlockDeletingService#0] INFO  impl.FilePerChunkStrategy (FilePerChunkStrategy.java:deleteChunk(322)) - Deleted chunk file /home/runner/work/ozone/ozone/hadoop-hdds/container-service/target/test-dir/TestBlockDeletingService/hdds/8c901d75-c418-431c-86cd-71512cc9863d/current/containerDir128/110714081751007611/chunks/110714081753563517_chunk_0_block_1 (size 100) for chunk ChunkInfo{chunkName='110714081753563517_chunk_0_block_1, offset=0, len=100}
2023-07-14 19:26:59,838 [BlockDeletingService#0] WARN  utils.BackgroundService (BackgroundService.java:lambda$run$0(130)) - BlockDeletingService Background task execution took 2462121ns > 0ns(timeout)
2023-07-14 19:26:59,936 [BlockDeletingService#1] INFO  interfaces.ContainerDeletionChoosingPolicyTemplate (ContainerDeletionChoosingPolicyTemplate.java:chooseContainerForBlockDeletion(83)) - Chosen 1/1 blocks from 1 candidate containers.
2023-07-14 19:26:59,937 [BlockDeletingService#0] INFO  impl.FilePerChunkStrategy (FilePerChunkStrategy.java:deleteChunk(322)) - Deleted chunk file /home/runner/work/ozone/ozone/hadoop-hdds/container-service/target/test-dir/TestBlockDeletingService/hdds/8c901d75-c418-431c-86cd-71512cc9863d/current/containerDir128/110714081751007611/chunks/110714081753694590_chunk_0_block_2 (size 100) for chunk ChunkInfo{chunkName='110714081753694590_chunk_0_block_2, offset=0, len=100}
2023-07-14 19:26:59,938 [BlockDeletingService#0] WARN  utils.BackgroundService (BackgroundService.java:lambda$run$0(130)) - BlockDeletingService Background task execution took 1830915ns > 0ns(timeout)
2023-07-14 19:27:00,034 [main] INFO  utils.BackgroundService (BackgroundService.java:shutdown(141)) - Shutting down service BlockDeletingService
]]></system-out>
  </testcase>
  <testcase name="testBlockDeletion" classname="TestBlockDeletingService" time="0.426">
    <system-out><![CDATA[2023-07-14 19:27:02,703 [main] INFO  volume.HddsVolume (HddsVolume.java:<init>(126)) - Creating HddsVolume: /home/runner/work/ozone/ozone/hadoop-hdds/container-service/target/test-dir/TestBlockDeletingService/hdds of storage type : DISK capacity : 9223372036854775807
2023-07-14 19:27:02,705 [main] INFO  volume.MutableVolumeSet (MutableVolumeSet.java:initializeVolumeSet(175)) - Added Volume : /home/runner/work/ozone/ozone/hadoop-hdds/container-service/target/test-dir/TestBlockDeletingService/hdds to VolumeSet
2023-07-14 19:27:02,740 [main] INFO  utils.DatanodeStoreCache (DatanodeStoreCache.java:addDB(66)) - Added db /home/runner/work/ozone/ozone/hadoop-hdds/container-service/target/test-dir/TestBlockDeletingService/hdds/098af6dd-23b0-435c-b4f2-c91fcd56badf/DS-cd495428-67c2-4b5c-98f7-03bf2860eecc/container.db to cache
2023-07-14 19:27:02,741 [main] INFO  volume.HddsVolume (HddsVolume.java:createDbStore(422)) - SchemaV3 db is created and loaded at /home/runner/work/ozone/ozone/hadoop-hdds/container-service/target/test-dir/TestBlockDeletingService/hdds/098af6dd-23b0-435c-b4f2-c91fcd56badf/DS-cd495428-67c2-4b5c-98f7-03bf2860eecc/container.db for volume DS-cd495428-67c2-4b5c-98f7-03bf2860eecc
2023-07-14 19:27:02,910 [BlockDeletingService#0] INFO  interfaces.ContainerDeletionChoosingPolicyTemplate (ContainerDeletionChoosingPolicyTemplate.java:chooseContainerForBlockDeletion(83)) - Chosen 2/0 blocks from 1 candidate containers.
2023-07-14 19:27:02,911 [BlockDeletingService#0] INFO  impl.FilePerChunkStrategy (FilePerChunkStrategy.java:deleteChunk(322)) - Deleted chunk file /home/runner/work/ozone/ozone/hadoop-hdds/container-service/target/test-dir/TestBlockDeletingService/hdds/098af6dd-23b0-435c-b4f2-c91fcd56badf/current/containerDir129/110714081954431499/chunks/110714081954759180_chunk_0_block_0 (size 100) for chunk ChunkInfo{chunkName='110714081954759180_chunk_0_block_0, offset=0, len=100}
2023-07-14 19:27:02,911 [BlockDeletingService#0] INFO  impl.FilePerChunkStrategy (FilePerChunkStrategy.java:deleteChunk(322)) - Deleted chunk file /home/runner/work/ozone/ozone/hadoop-hdds/container-service/target/test-dir/TestBlockDeletingService/hdds/098af6dd-23b0-435c-b4f2-c91fcd56badf/current/containerDir129/110714081954431499/chunks/110714081954890253_chunk_0_block_1 (size 100) for chunk ChunkInfo{chunkName='110714081954890253_chunk_0_block_1, offset=0, len=100}
2023-07-14 19:27:02,912 [BlockDeletingService#0] WARN  utils.BackgroundService (BackgroundService.java:lambda$run$0(130)) - BlockDeletingService Background task execution took 2004909ns > 0ns(timeout)
2023-07-14 19:27:03,009 [BlockDeletingService#0] INFO  interfaces.ContainerDeletionChoosingPolicyTemplate (ContainerDeletionChoosingPolicyTemplate.java:chooseContainerForBlockDeletion(83)) - Chosen 1/1 blocks from 1 candidate containers.
2023-07-14 19:27:03,011 [BlockDeletingService#1] INFO  impl.FilePerChunkStrategy (FilePerChunkStrategy.java:deleteChunk(322)) - Deleted chunk file /home/runner/work/ozone/ozone/hadoop-hdds/container-service/target/test-dir/TestBlockDeletingService/hdds/098af6dd-23b0-435c-b4f2-c91fcd56badf/current/containerDir129/110714081954431499/chunks/110714081955021326_chunk_0_block_2 (size 100) for chunk ChunkInfo{chunkName='110714081955021326_chunk_0_block_2, offset=0, len=100}
2023-07-14 19:27:03,012 [BlockDeletingService#1] WARN  utils.BackgroundService (BackgroundService.java:lambda$run$0(130)) - BlockDeletingService Background task execution took 2939513ns > 0ns(timeout)
2023-07-14 19:27:03,112 [main] INFO  utils.BackgroundService (BackgroundService.java:shutdown(141)) - Shutting down service BlockDeletingService
]]></system-out>
  </testcase>
  <testcase name="testBlockDeletion" classname="TestBlockDeletingService" time="0.415">
    <system-out><![CDATA[2023-07-14 19:27:04,887 [main] INFO  volume.HddsVolume (HddsVolume.java:<init>(126)) - Creating HddsVolume: /home/runner/work/ozone/ozone/hadoop-hdds/container-service/target/test-dir/TestBlockDeletingService/hdds of storage type : DISK capacity : 9223372036854775807
2023-07-14 19:27:04,888 [main] INFO  volume.MutableVolumeSet (MutableVolumeSet.java:initializeVolumeSet(175)) - Added Volume : /home/runner/work/ozone/ozone/hadoop-hdds/container-service/target/test-dir/TestBlockDeletingService/hdds to VolumeSet
2023-07-14 19:27:05,086 [BlockDeletingService#0] INFO  interfaces.ContainerDeletionChoosingPolicyTemplate (ContainerDeletionChoosingPolicyTemplate.java:chooseContainerForBlockDeletion(83)) - Chosen 2/0 blocks from 1 candidate containers.
2023-07-14 19:27:05,088 [BlockDeletingService#0] INFO  impl.FilePerBlockStrategy (FilePerBlockStrategy.java:deleteChunk(254)) - Deleted block file: /home/runner/work/ozone/ozone/hadoop-hdds/container-service/target/test-dir/TestBlockDeletingService/hdds/1a35a6b3-8984-4edc-984e-8a8c72a50113/current/containerDir129/110714082095071891/chunks/110714082097758868.block
2023-07-14 19:27:05,088 [BlockDeletingService#0] INFO  impl.FilePerBlockStrategy (FilePerBlockStrategy.java:deleteChunk(254)) - Deleted block file: /home/runner/work/ozone/ozone/hadoop-hdds/container-service/target/test-dir/TestBlockDeletingService/hdds/1a35a6b3-8984-4edc-984e-8a8c72a50113/current/containerDir129/110714082095071891/chunks/110714082097824405.block
2023-07-14 19:27:05,089 [BlockDeletingService#0] WARN  utils.BackgroundService (BackgroundService.java:lambda$run$0(130)) - BlockDeletingService Background task execution took 1468312ns > 0ns(timeout)
2023-07-14 19:27:05,188 [BlockDeletingService#1] INFO  interfaces.ContainerDeletionChoosingPolicyTemplate (ContainerDeletionChoosingPolicyTemplate.java:chooseContainerForBlockDeletion(83)) - Chosen 1/1 blocks from 1 candidate containers.
2023-07-14 19:27:05,189 [BlockDeletingService#1] INFO  impl.FilePerBlockStrategy (FilePerBlockStrategy.java:deleteChunk(254)) - Deleted block file: /home/runner/work/ozone/ozone/hadoop-hdds/container-service/target/test-dir/TestBlockDeletingService/hdds/1a35a6b3-8984-4edc-984e-8a8c72a50113/current/containerDir129/110714082095071891/chunks/110714082097889942.block
2023-07-14 19:27:05,189 [BlockDeletingService#1] WARN  utils.BackgroundService (BackgroundService.java:lambda$run$0(130)) - BlockDeletingService Background task execution took 1378511ns > 0ns(timeout)
2023-07-14 19:27:05,286 [main] INFO  utils.BackgroundService (BackgroundService.java:shutdown(141)) - Shutting down service BlockDeletingService
]]></system-out>
  </testcase>
  <testcase name="testBlockDeletion" classname="TestBlockDeletingService" time="0.416">
    <failure type="java.lang.AssertionError"><![CDATA[java.lang.AssertionError: expected:<1> but was:<0>
	at org.junit.Assert.fail(Assert.java:89)
	at org.junit.Assert.failNotEquals(Assert.java:835)
	at org.junit.Assert.assertEquals(Assert.java:647)
	at org.junit.Assert.assertEquals(Assert.java:633)
	at org.apache.hadoop.ozone.container.common.TestBlockDeletingService.testBlockDeletion(TestBlockDeletingService.java:661)
	at sun.reflect.NativeMethodAccessorImpl.invoke0(Native Method)
	at sun.reflect.NativeMethodAccessorImpl.invoke(NativeMethodAccessorImpl.java:62)
	at sun.reflect.DelegatingMethodAccessorImpl.invoke(DelegatingMethodAccessorImpl.java:43)
	at java.lang.reflect.Method.invoke(Method.java:498)
	at org.junit.runners.model.FrameworkMethod$1.runReflectiveCall(FrameworkMethod.java:59)
	at org.junit.internal.runners.model.ReflectiveCallable.run(ReflectiveCallable.java:12)
	at org.junit.runners.model.FrameworkMethod.invokeExplosively(FrameworkMethod.java:56)
	at org.junit.internal.runners.statements.InvokeMethod.evaluate(InvokeMethod.java:17)
	at org.junit.internal.runners.statements.RunBefores.evaluate(RunBefores.java:26)
	at org.junit.internal.runners.statements.RunAfters.evaluate(RunAfters.java:27)
	at org.junit.runners.ParentRunner$3.evaluate(ParentRunner.java:306)
	at org.junit.runners.BlockJUnit4ClassRunner$1.evaluate(BlockJUnit4ClassRunner.java:100)
	at org.junit.runners.ParentRunner.runLeaf(ParentRunner.java:366)
	at org.junit.runners.BlockJUnit4ClassRunner.runChild(BlockJUnit4ClassRunner.java:103)
	at org.junit.runners.BlockJUnit4ClassRunner.runChild(BlockJUnit4ClassRunner.java:63)
	at org.junit.runners.ParentRunner$4.run(ParentRunner.java:331)
	at org.junit.runners.ParentRunner$1.schedule(ParentRunner.java:79)
	at org.junit.runners.ParentRunner.runChildren(ParentRunner.java:329)
	at org.junit.runners.ParentRunner.access$100(ParentRunner.java:66)
	at org.junit.runners.ParentRunner$2.evaluate(ParentRunner.java:293)
	at org.junit.runners.ParentRunner.run(ParentRunner.java:413)
	at org.junit.runners.Suite.runChild(Suite.java:128)
	at org.junit.runners.Suite.runChild(Suite.java:27)
	at org.junit.runners.ParentRunner$4.run(ParentRunner.java:331)
	at org.junit.runners.ParentRunner$1.schedule(ParentRunner.java:79)
	at org.junit.runners.ParentRunner.runChildren(ParentRunner.java:329)
	at org.junit.runners.ParentRunner.access$100(ParentRunner.java:66)
	at org.junit.runners.ParentRunner$2.evaluate(ParentRunner.java:293)
	at org.junit.runners.ParentRunner$3.evaluate(ParentRunner.java:306)
	at org.junit.runners.ParentRunner.run(ParentRunner.java:413)
	at org.junit.runner.JUnitCore.run(JUnitCore.java:137)
	at org.junit.runner.JUnitCore.run(JUnitCore.java:115)
	at org.junit.vintage.engine.execution.RunnerExecutor.execute(RunnerExecutor.java:42)
	at org.junit.vintage.engine.VintageTestEngine.executeAllChildren(VintageTestEngine.java:80)
	at org.junit.vintage.engine.VintageTestEngine.execute(VintageTestEngine.java:72)
	at org.junit.platform.launcher.core.EngineExecutionOrchestrator.execute(EngineExecutionOrchestrator.java:107)
	at org.junit.platform.launcher.core.EngineExecutionOrchestrator.execute(EngineExecutionOrchestrator.java:88)
	at org.junit.platform.launcher.core.EngineExecutionOrchestrator.lambda$execute$0(EngineExecutionOrchestrator.java:54)
	at org.junit.platform.launcher.core.EngineExecutionOrchestrator.withInterceptedStreams(EngineExecutionOrchestrator.java:67)
	at org.junit.platform.launcher.core.EngineExecutionOrchestrator.execute(EngineExecutionOrchestrator.java:52)
	at org.junit.platform.launcher.core.DefaultLauncher.execute(DefaultLauncher.java:114)
	at org.junit.platform.launcher.core.DefaultLauncher.execute(DefaultLauncher.java:86)
	at org.junit.platform.launcher.core.DefaultLauncherSession$DelegatingLauncher.execute(DefaultLauncherSession.java:86)
	at org.junit.platform.launcher.core.SessionPerRequestLauncher.execute(SessionPerRequestLauncher.java:53)
	at org.apache.maven.surefire.junitplatform.JUnitPlatformProvider.execute(JUnitPlatformProvider.java:188)
	at org.apache.maven.surefire.junitplatform.JUnitPlatformProvider.invokeAllTests(JUnitPlatformProvider.java:154)
	at org.apache.maven.surefire.junitplatform.JUnitPlatformProvider.invoke(JUnitPlatformProvider.java:124)
	at org.apache.maven.surefire.booter.ForkedBooter.runSuitesInProcess(ForkedBooter.java:428)
	at org.apache.maven.surefire.booter.ForkedBooter.execute(ForkedBooter.java:162)
	at org.apache.maven.surefire.booter.ForkedBooter.run(ForkedBooter.java:562)
	at org.apache.maven.surefire.booter.ForkedBooter.main(ForkedBooter.java:548)
]]></failure>
    <system-out><![CDATA[2023-07-14 19:27:07,013 [main] INFO  volume.HddsVolume (HddsVolume.java:<init>(126)) - Creating HddsVolume: /home/runner/work/ozone/ozone/hadoop-hdds/container-service/target/test-dir/TestBlockDeletingService/hdds of storage type : DISK capacity : 9223372036854775807
2023-07-14 19:27:07,015 [main] INFO  volume.MutableVolumeSet (MutableVolumeSet.java:initializeVolumeSet(175)) - Added Volume : /home/runner/work/ozone/ozone/hadoop-hdds/container-service/target/test-dir/TestBlockDeletingService/hdds to VolumeSet
2023-07-14 19:27:07,212 [BlockDeletingService#0] INFO  interfaces.ContainerDeletionChoosingPolicyTemplate (ContainerDeletionChoosingPolicyTemplate.java:chooseContainerForBlockDeletion(83)) - Chosen 2/0 blocks from 1 candidate containers.
2023-07-14 19:27:07,214 [BlockDeletingService#0] INFO  impl.FilePerBlockStrategy (FilePerBlockStrategy.java:deleteChunk(254)) - Deleted block file: /home/runner/work/ozone/ozone/hadoop-hdds/container-service/target/test-dir/TestBlockDeletingService/hdds/57c0172c-3b77-43ec-a8f8-40214ffa4bd9/current/containerDir129/110714082234532632/chunks/110714082237023001.block
2023-07-14 19:27:07,214 [BlockDeletingService#0] INFO  impl.FilePerBlockStrategy (FilePerBlockStrategy.java:deleteChunk(254)) - Deleted block file: /home/runner/work/ozone/ozone/hadoop-hdds/container-service/target/test-dir/TestBlockDeletingService/hdds/57c0172c-3b77-43ec-a8f8-40214ffa4bd9/current/containerDir129/110714082234532632/chunks/110714082237154074.block
2023-07-14 19:27:07,214 [BlockDeletingService#0] WARN  utils.BackgroundService (BackgroundService.java:lambda$run$0(130)) - BlockDeletingService Background task execution took 1380311ns > 0ns(timeout)
2023-07-14 19:27:07,312 [BlockDeletingService#1] INFO  interfaces.ContainerDeletionChoosingPolicyTemplate (ContainerDeletionChoosingPolicyTemplate.java:chooseContainerForBlockDeletion(83)) - Chosen 1/1 blocks from 1 candidate containers.
2023-07-14 19:27:07,313 [BlockDeletingService#0] INFO  impl.FilePerBlockStrategy (FilePerBlockStrategy.java:deleteChunk(254)) - Deleted block file: /home/runner/work/ozone/ozone/hadoop-hdds/container-service/target/test-dir/TestBlockDeletingService/hdds/57c0172c-3b77-43ec-a8f8-40214ffa4bd9/current/containerDir129/110714082234532632/chunks/110714082237285147.block
2023-07-14 19:27:07,314 [BlockDeletingService#0] WARN  utils.BackgroundService (BackgroundService.java:lambda$run$0(130)) - BlockDeletingService Background task execution took 1249709ns > 0ns(timeout)
2023-07-14 19:27:07,319 [BlockDeletingService#1] INFO  interfaces.ContainerDeletionChoosingPolicyTemplate (ContainerDeletionChoosingPolicyTemplate.java:chooseContainerForBlockDeletion(83)) - Chosen 0/3 blocks from 0 candidate containers.
]]></system-out>
  </testcase>
  <testcase name="testBlockDeletion" classname="TestBlockDeletingService" time="0.409">
    <failure type="java.lang.AssertionError"><![CDATA[java.lang.AssertionError: expected:<1> but was:<0>
	at org.junit.Assert.fail(Assert.java:89)
	at org.junit.Assert.failNotEquals(Assert.java:835)
	at org.junit.Assert.assertEquals(Assert.java:647)
	at org.junit.Assert.assertEquals(Assert.java:633)
	at org.apache.hadoop.ozone.container.common.TestBlockDeletingService.testBlockDeletion(TestBlockDeletingService.java:661)
	at sun.reflect.NativeMethodAccessorImpl.invoke0(Native Method)
	at sun.reflect.NativeMethodAccessorImpl.invoke(NativeMethodAccessorImpl.java:62)
	at sun.reflect.DelegatingMethodAccessorImpl.invoke(DelegatingMethodAccessorImpl.java:43)
	at java.lang.reflect.Method.invoke(Method.java:498)
	at org.junit.runners.model.FrameworkMethod$1.runReflectiveCall(FrameworkMethod.java:59)
	at org.junit.internal.runners.model.ReflectiveCallable.run(ReflectiveCallable.java:12)
	at org.junit.runners.model.FrameworkMethod.invokeExplosively(FrameworkMethod.java:56)
	at org.junit.internal.runners.statements.InvokeMethod.evaluate(InvokeMethod.java:17)
	at org.junit.internal.runners.statements.RunBefores.evaluate(RunBefores.java:26)
	at org.junit.internal.runners.statements.RunAfters.evaluate(RunAfters.java:27)
	at org.junit.runners.ParentRunner$3.evaluate(ParentRunner.java:306)
	at org.junit.runners.BlockJUnit4ClassRunner$1.evaluate(BlockJUnit4ClassRunner.java:100)
	at org.junit.runners.ParentRunner.runLeaf(ParentRunner.java:366)
	at org.junit.runners.BlockJUnit4ClassRunner.runChild(BlockJUnit4ClassRunner.java:103)
	at org.junit.runners.BlockJUnit4ClassRunner.runChild(BlockJUnit4ClassRunner.java:63)
	at org.junit.runners.ParentRunner$4.run(ParentRunner.java:331)
	at org.junit.runners.ParentRunner$1.schedule(ParentRunner.java:79)
	at org.junit.runners.ParentRunner.runChildren(ParentRunner.java:329)
	at org.junit.runners.ParentRunner.access$100(ParentRunner.java:66)
	at org.junit.runners.ParentRunner$2.evaluate(ParentRunner.java:293)
	at org.junit.runners.ParentRunner.run(ParentRunner.java:413)
	at org.junit.runners.Suite.runChild(Suite.java:128)
	at org.junit.runners.Suite.runChild(Suite.java:27)
	at org.junit.runners.ParentRunner$4.run(ParentRunner.java:331)
	at org.junit.runners.ParentRunner$1.schedule(ParentRunner.java:79)
	at org.junit.runners.ParentRunner.runChildren(ParentRunner.java:329)
	at org.junit.runners.ParentRunner.access$100(ParentRunner.java:66)
	at org.junit.runners.ParentRunner$2.evaluate(ParentRunner.java:293)
	at org.junit.runners.ParentRunner$3.evaluate(ParentRunner.java:306)
	at org.junit.runners.ParentRunner.run(ParentRunner.java:413)
	at org.junit.runner.JUnitCore.run(JUnitCore.java:137)
	at org.junit.runner.JUnitCore.run(JUnitCore.java:115)
	at org.junit.vintage.engine.execution.RunnerExecutor.execute(RunnerExecutor.java:42)
	at org.junit.vintage.engine.VintageTestEngine.executeAllChildren(VintageTestEngine.java:80)
	at org.junit.vintage.engine.VintageTestEngine.execute(VintageTestEngine.java:72)
	at org.junit.platform.launcher.core.EngineExecutionOrchestrator.execute(EngineExecutionOrchestrator.java:107)
	at org.junit.platform.launcher.core.EngineExecutionOrchestrator.execute(EngineExecutionOrchestrator.java:88)
	at org.junit.platform.launcher.core.EngineExecutionOrchestrator.lambda$execute$0(EngineExecutionOrchestrator.java:54)
	at org.junit.platform.launcher.core.EngineExecutionOrchestrator.withInterceptedStreams(EngineExecutionOrchestrator.java:67)
	at org.junit.platform.launcher.core.EngineExecutionOrchestrator.execute(EngineExecutionOrchestrator.java:52)
	at org.junit.platform.launcher.core.DefaultLauncher.execute(DefaultLauncher.java:114)
	at org.junit.platform.launcher.core.DefaultLauncher.execute(DefaultLauncher.java:86)
	at org.junit.platform.launcher.core.DefaultLauncherSession$DelegatingLauncher.execute(DefaultLauncherSession.java:86)
	at org.junit.platform.launcher.core.SessionPerRequestLauncher.execute(SessionPerRequestLauncher.java:53)
	at org.apache.maven.surefire.junitplatform.JUnitPlatformProvider.execute(JUnitPlatformProvider.java:188)
	at org.apache.maven.surefire.junitplatform.JUnitPlatformProvider.invokeAllTests(JUnitPlatformProvider.java:154)
	at org.apache.maven.surefire.junitplatform.JUnitPlatformProvider.invoke(JUnitPlatformProvider.java:124)
	at org.apache.maven.surefire.booter.ForkedBooter.runSuitesInProcess(ForkedBooter.java:428)
	at org.apache.maven.surefire.booter.ForkedBooter.execute(ForkedBooter.java:162)
	at org.apache.maven.surefire.booter.ForkedBooter.run(ForkedBooter.java:562)
	at org.apache.maven.surefire.booter.ForkedBooter.main(ForkedBooter.java:548)
]]></failure>
    <system-out><![CDATA[2023-07-14 19:27:09,956 [main] INFO  volume.HddsVolume (HddsVolume.java:<init>(126)) - Creating HddsVolume: /home/runner/work/ozone/ozone/hadoop-hdds/container-service/target/test-dir/TestBlockDeletingService/hdds of storage type : DISK capacity : 9223372036854775807
2023-07-14 19:27:09,957 [main] INFO  volume.MutableVolumeSet (MutableVolumeSet.java:initializeVolumeSet(175)) - Added Volume : /home/runner/work/ozone/ozone/hadoop-hdds/container-service/target/test-dir/TestBlockDeletingService/hdds to VolumeSet
2023-07-14 19:27:10,149 [BlockDeletingService#0] INFO  interfaces.ContainerDeletionChoosingPolicyTemplate (ContainerDeletionChoosingPolicyTemplate.java:chooseContainerForBlockDeletion(83)) - Chosen 2/0 blocks from 1 candidate containers.
2023-07-14 19:27:10,150 [BlockDeletingService#0] INFO  impl.FilePerBlockStrategy (FilePerBlockStrategy.java:deleteChunk(254)) - Deleted block file: /home/runner/work/ozone/ozone/hadoop-hdds/container-service/target/test-dir/TestBlockDeletingService/hdds/37e6227b-5b19-4351-94f1-c1fd64385208/current/containerDir129/110714082427077541/chunks/110714082429567910.block
2023-07-14 19:27:10,151 [BlockDeletingService#0] INFO  impl.FilePerBlockStrategy (FilePerBlockStrategy.java:deleteChunk(254)) - Deleted block file: /home/runner/work/ozone/ozone/hadoop-hdds/container-service/target/test-dir/TestBlockDeletingService/hdds/37e6227b-5b19-4351-94f1-c1fd64385208/current/containerDir129/110714082427077541/chunks/110714082429633447.block
2023-07-14 19:27:10,151 [BlockDeletingService#0] WARN  utils.BackgroundService (BackgroundService.java:lambda$run$0(130)) - BlockDeletingService Background task execution took 1513411ns > 0ns(timeout)
2023-07-14 19:27:10,249 [BlockDeletingService#0] INFO  interfaces.ContainerDeletionChoosingPolicyTemplate (ContainerDeletionChoosingPolicyTemplate.java:chooseContainerForBlockDeletion(83)) - Chosen 1/1 blocks from 1 candidate containers.
2023-07-14 19:27:10,250 [BlockDeletingService#1] INFO  impl.FilePerBlockStrategy (FilePerBlockStrategy.java:deleteChunk(254)) - Deleted block file: /home/runner/work/ozone/ozone/hadoop-hdds/container-service/target/test-dir/TestBlockDeletingService/hdds/37e6227b-5b19-4351-94f1-c1fd64385208/current/containerDir129/110714082427077541/chunks/110714082429764520.block
2023-07-14 19:27:10,251 [BlockDeletingService#1] WARN  utils.BackgroundService (BackgroundService.java:lambda$run$0(130)) - BlockDeletingService Background task execution took 1837013ns > 0ns(timeout)
2023-07-14 19:27:10,321 [BlockDeletingService#1] INFO  interfaces.ContainerDeletionChoosingPolicyTemplate (ContainerDeletionChoosingPolicyTemplate.java:chooseContainerForBlockDeletion(83)) - Chosen 0/3 blocks from 0 candidate containers.
]]></system-out>
  </testcase>
  <testcase name="testBlockDeletion" classname="TestBlockDeletingService" time="0.411">
    <failure type="java.lang.AssertionError"><![CDATA[java.lang.AssertionError: expected:<1> but was:<0>
	at org.junit.Assert.fail(Assert.java:89)
	at org.junit.Assert.failNotEquals(Assert.java:835)
	at org.junit.Assert.assertEquals(Assert.java:647)
	at org.junit.Assert.assertEquals(Assert.java:633)
	at org.apache.hadoop.ozone.container.common.TestBlockDeletingService.testBlockDeletion(TestBlockDeletingService.java:661)
	at sun.reflect.NativeMethodAccessorImpl.invoke0(Native Method)
	at sun.reflect.NativeMethodAccessorImpl.invoke(NativeMethodAccessorImpl.java:62)
	at sun.reflect.DelegatingMethodAccessorImpl.invoke(DelegatingMethodAccessorImpl.java:43)
	at java.lang.reflect.Method.invoke(Method.java:498)
	at org.junit.runners.model.FrameworkMethod$1.runReflectiveCall(FrameworkMethod.java:59)
	at org.junit.internal.runners.model.ReflectiveCallable.run(ReflectiveCallable.java:12)
	at org.junit.runners.model.FrameworkMethod.invokeExplosively(FrameworkMethod.java:56)
	at org.junit.internal.runners.statements.InvokeMethod.evaluate(InvokeMethod.java:17)
	at org.junit.internal.runners.statements.RunBefores.evaluate(RunBefores.java:26)
	at org.junit.internal.runners.statements.RunAfters.evaluate(RunAfters.java:27)
	at org.junit.runners.ParentRunner$3.evaluate(ParentRunner.java:306)
	at org.junit.runners.BlockJUnit4ClassRunner$1.evaluate(BlockJUnit4ClassRunner.java:100)
	at org.junit.runners.ParentRunner.runLeaf(ParentRunner.java:366)
	at org.junit.runners.BlockJUnit4ClassRunner.runChild(BlockJUnit4ClassRunner.java:103)
	at org.junit.runners.BlockJUnit4ClassRunner.runChild(BlockJUnit4ClassRunner.java:63)
	at org.junit.runners.ParentRunner$4.run(ParentRunner.java:331)
	at org.junit.runners.ParentRunner$1.schedule(ParentRunner.java:79)
	at org.junit.runners.ParentRunner.runChildren(ParentRunner.java:329)
	at org.junit.runners.ParentRunner.access$100(ParentRunner.java:66)
	at org.junit.runners.ParentRunner$2.evaluate(ParentRunner.java:293)
	at org.junit.runners.ParentRunner.run(ParentRunner.java:413)
	at org.junit.runners.Suite.runChild(Suite.java:128)
	at org.junit.runners.Suite.runChild(Suite.java:27)
	at org.junit.runners.ParentRunner$4.run(ParentRunner.java:331)
	at org.junit.runners.ParentRunner$1.schedule(ParentRunner.java:79)
	at org.junit.runners.ParentRunner.runChildren(ParentRunner.java:329)
	at org.junit.runners.ParentRunner.access$100(ParentRunner.java:66)
	at org.junit.runners.ParentRunner$2.evaluate(ParentRunner.java:293)
	at org.junit.runners.ParentRunner$3.evaluate(ParentRunner.java:306)
	at org.junit.runners.ParentRunner.run(ParentRunner.java:413)
	at org.junit.runner.JUnitCore.run(JUnitCore.java:137)
	at org.junit.runner.JUnitCore.run(JUnitCore.java:115)
	at org.junit.vintage.engine.execution.RunnerExecutor.execute(RunnerExecutor.java:42)
	at org.junit.vintage.engine.VintageTestEngine.executeAllChildren(VintageTestEngine.java:80)
	at org.junit.vintage.engine.VintageTestEngine.execute(VintageTestEngine.java:72)
	at org.junit.platform.launcher.core.EngineExecutionOrchestrator.execute(EngineExecutionOrchestrator.java:107)
	at org.junit.platform.launcher.core.EngineExecutionOrchestrator.execute(EngineExecutionOrchestrator.java:88)
	at org.junit.platform.launcher.core.EngineExecutionOrchestrator.lambda$execute$0(EngineExecutionOrchestrator.java:54)
	at org.junit.platform.launcher.core.EngineExecutionOrchestrator.withInterceptedStreams(EngineExecutionOrchestrator.java:67)
	at org.junit.platform.launcher.core.EngineExecutionOrchestrator.execute(EngineExecutionOrchestrator.java:52)
	at org.junit.platform.launcher.core.DefaultLauncher.execute(DefaultLauncher.java:114)
	at org.junit.platform.launcher.core.DefaultLauncher.execute(DefaultLauncher.java:86)
	at org.junit.platform.launcher.core.DefaultLauncherSession$DelegatingLauncher.execute(DefaultLauncherSession.java:86)
	at org.junit.platform.launcher.core.SessionPerRequestLauncher.execute(SessionPerRequestLauncher.java:53)
	at org.apache.maven.surefire.junitplatform.JUnitPlatformProvider.execute(JUnitPlatformProvider.java:188)
	at org.apache.maven.surefire.junitplatform.JUnitPlatformProvider.invokeAllTests(JUnitPlatformProvider.java:154)
	at org.apache.maven.surefire.junitplatform.JUnitPlatformProvider.invoke(JUnitPlatformProvider.java:124)
	at org.apache.maven.surefire.booter.ForkedBooter.runSuitesInProcess(ForkedBooter.java:428)
	at org.apache.maven.surefire.booter.ForkedBooter.execute(ForkedBooter.java:162)
	at org.apache.maven.surefire.booter.ForkedBooter.run(ForkedBooter.java:562)
	at org.apache.maven.surefire.booter.ForkedBooter.main(ForkedBooter.java:548)
]]></failure>
    <system-out><![CDATA[2023-07-14 19:27:12,955 [main] INFO  volume.HddsVolume (HddsVolume.java:<init>(126)) - Creating HddsVolume: /home/runner/work/ozone/ozone/hadoop-hdds/container-service/target/test-dir/TestBlockDeletingService/hdds of storage type : DISK capacity : 9223372036854775807
2023-07-14 19:27:12,957 [main] INFO  volume.MutableVolumeSet (MutableVolumeSet.java:initializeVolumeSet(175)) - Added Volume : /home/runner/work/ozone/ozone/hadoop-hdds/container-service/target/test-dir/TestBlockDeletingService/hdds to VolumeSet
2023-07-14 19:27:12,993 [main] INFO  utils.DatanodeStoreCache (DatanodeStoreCache.java:addDB(66)) - Added db /home/runner/work/ozone/ozone/hadoop-hdds/container-service/target/test-dir/TestBlockDeletingService/hdds/e49c4607-328c-423d-8576-3ff598afafd8/DS-bdb518d8-bfdd-4523-a5b3-e3bb1d8c6b1b/container.db to cache
2023-07-14 19:27:12,993 [main] INFO  volume.HddsVolume (HddsVolume.java:createDbStore(422)) - SchemaV3 db is created and loaded at /home/runner/work/ozone/ozone/hadoop-hdds/container-service/target/test-dir/TestBlockDeletingService/hdds/e49c4607-328c-423d-8576-3ff598afafd8/DS-bdb518d8-bfdd-4523-a5b3-e3bb1d8c6b1b/container.db for volume DS-bdb518d8-bfdd-4523-a5b3-e3bb1d8c6b1b
2023-07-14 19:27:13,150 [BlockDeletingService#0] INFO  interfaces.ContainerDeletionChoosingPolicyTemplate (ContainerDeletionChoosingPolicyTemplate.java:chooseContainerForBlockDeletion(83)) - Chosen 2/0 blocks from 1 candidate containers.
2023-07-14 19:27:13,152 [BlockDeletingService#0] INFO  impl.FilePerBlockStrategy (FilePerBlockStrategy.java:deleteChunk(254)) - Deleted block file: /home/runner/work/ozone/ozone/hadoop-hdds/container-service/target/test-dir/TestBlockDeletingService/hdds/e49c4607-328c-423d-8576-3ff598afafd8/current/containerDir2/110714082625979445/chunks/110714082626176054.block
2023-07-14 19:27:13,152 [BlockDeletingService#0] INFO  impl.FilePerBlockStrategy (FilePerBlockStrategy.java:deleteChunk(254)) - Deleted block file: /home/runner/work/ozone/ozone/hadoop-hdds/container-service/target/test-dir/TestBlockDeletingService/hdds/e49c4607-328c-423d-8576-3ff598afafd8/current/containerDir2/110714082625979445/chunks/110714082626307127.block
2023-07-14 19:27:13,152 [BlockDeletingService#0] WARN  utils.BackgroundService (BackgroundService.java:lambda$run$0(130)) - BlockDeletingService Background task execution took 1444811ns > 0ns(timeout)
2023-07-14 19:27:13,250 [BlockDeletingService#0] INFO  interfaces.ContainerDeletionChoosingPolicyTemplate (ContainerDeletionChoosingPolicyTemplate.java:chooseContainerForBlockDeletion(83)) - Chosen 1/1 blocks from 1 candidate containers.
2023-07-14 19:27:13,252 [BlockDeletingService#1] INFO  impl.FilePerBlockStrategy (FilePerBlockStrategy.java:deleteChunk(254)) - Deleted block file: /home/runner/work/ozone/ozone/hadoop-hdds/container-service/target/test-dir/TestBlockDeletingService/hdds/e49c4607-328c-423d-8576-3ff598afafd8/current/containerDir2/110714082625979445/chunks/110714082626372664.block
2023-07-14 19:27:13,252 [BlockDeletingService#1] WARN  utils.BackgroundService (BackgroundService.java:lambda$run$0(130)) - BlockDeletingService Background task execution took 2257617ns > 0ns(timeout)
2023-07-14 19:27:13,323 [BlockDeletingService#1] INFO  interfaces.ContainerDeletionChoosingPolicyTemplate (ContainerDeletionChoosingPolicyTemplate.java:chooseContainerForBlockDeletion(83)) - Chosen 0/3 blocks from 0 candidate containers.
]]></system-out>
  </testcase>
  <testcase name="testBlockThrottle" classname="TestBlockDeletingService" time="0.957">
    <system-out><![CDATA[2023-07-14 19:26:54,766 [main] INFO  volume.HddsVolume (HddsVolume.java:<init>(126)) - Creating HddsVolume: /home/runner/work/ozone/ozone/hadoop-hdds/container-service/target/test-dir/TestBlockDeletingService/hdds of storage type : DISK capacity : 9223372036854775807
2023-07-14 19:26:54,768 [main] INFO  volume.MutableVolumeSet (MutableVolumeSet.java:initializeVolumeSet(175)) - Added Volume : /home/runner/work/ozone/ozone/hadoop-hdds/container-service/target/test-dir/TestBlockDeletingService/hdds to VolumeSet
2023-07-14 19:26:55,309 [BlockDeletingService#2] INFO  interfaces.ContainerDeletionChoosingPolicyTemplate (ContainerDeletionChoosingPolicyTemplate.java:chooseContainerForBlockDeletion(83)) - Chosen 0/3 blocks from 0 candidate containers.
2023-07-14 19:26:55,462 [BlockDeletingService#0] INFO  interfaces.ContainerDeletionChoosingPolicyTemplate (ContainerDeletionChoosingPolicyTemplate.java:chooseContainerForBlockDeletion(83)) - Chosen 10/0 blocks from 5 candidate containers.
2023-07-14 19:26:55,470 [BlockDeletingService#1] INFO  impl.FilePerChunkStrategy (FilePerChunkStrategy.java:deleteChunk(322)) - Deleted chunk file /home/runner/work/ozone/ozone/hadoop-hdds/container-service/target/test-dir/TestBlockDeletingService/hdds/a2cabb67-31c0-43c0-b782-2a2c5ba49534/current/containerDir0/110714081463894141/chunks/110714081466712190_chunk_0_block_0 (size 100) for chunk ChunkInfo{chunkName='110714081466712190_chunk_0_block_0, offset=0, len=100}
2023-07-14 19:26:55,472 [BlockDeletingService#2] INFO  impl.FilePerChunkStrategy (FilePerChunkStrategy.java:deleteChunk(322)) - Deleted chunk file /home/runner/work/ozone/ozone/hadoop-hdds/container-service/target/test-dir/TestBlockDeletingService/hdds/a2cabb67-31c0-43c0-b782-2a2c5ba49534/current/containerDir128/110714081441284209/chunks/110714081445085298_chunk_0_block_0 (size 100) for chunk ChunkInfo{chunkName='110714081445085298_chunk_0_block_0, offset=0, len=100}
2023-07-14 19:26:55,473 [BlockDeletingService#0] INFO  impl.FilePerChunkStrategy (FilePerChunkStrategy.java:deleteChunk(322)) - Deleted chunk file /home/runner/work/ozone/ozone/hadoop-hdds/container-service/target/test-dir/TestBlockDeletingService/hdds/a2cabb67-31c0-43c0-b782-2a2c5ba49534/current/containerDir0/110714081448951925/chunks/110714081452359798_chunk_0_block_0 (size 100) for chunk ChunkInfo{chunkName='110714081452359798_chunk_0_block_0, offset=0, len=100}
2023-07-14 19:26:55,474 [BlockDeletingService#0] INFO  impl.FilePerChunkStrategy (FilePerChunkStrategy.java:deleteChunk(322)) - Deleted chunk file /home/runner/work/ozone/ozone/hadoop-hdds/container-service/target/test-dir/TestBlockDeletingService/hdds/a2cabb67-31c0-43c0-b782-2a2c5ba49534/current/containerDir0/110714081448951925/chunks/110714081452490871_chunk_0_block_1 (size 100) for chunk ChunkInfo{chunkName='110714081452490871_chunk_0_block_1, offset=0, len=100}
2023-07-14 19:26:55,474 [BlockDeletingService#0] INFO  impl.FilePerChunkStrategy (FilePerChunkStrategy.java:deleteChunk(322)) - Deleted chunk file /home/runner/work/ozone/ozone/hadoop-hdds/container-service/target/test-dir/TestBlockDeletingService/hdds/a2cabb67-31c0-43c0-b782-2a2c5ba49534/current/containerDir0/110714081448951925/chunks/110714081452687480_chunk_0_block_2 (size 100) for chunk ChunkInfo{chunkName='110714081452687480_chunk_0_block_2, offset=0, len=100}
2023-07-14 19:26:55,474 [BlockDeletingService#2] WARN  utils.BackgroundService (BackgroundService.java:lambda$run$0(130)) - BlockDeletingService Background task execution took 10946491ns > 0ns(timeout)
2023-07-14 19:26:55,475 [BlockDeletingService#0] WARN  utils.BackgroundService (BackgroundService.java:lambda$run$0(130)) - BlockDeletingService Background task execution took 8488070ns > 0ns(timeout)
2023-07-14 19:26:55,472 [BlockDeletingService#1] INFO  impl.FilePerChunkStrategy (FilePerChunkStrategy.java:deleteChunk(322)) - Deleted chunk file /home/runner/work/ozone/ozone/hadoop-hdds/container-service/target/test-dir/TestBlockDeletingService/hdds/a2cabb67-31c0-43c0-b782-2a2c5ba49534/current/containerDir0/110714081463894141/chunks/110714081466843263_chunk_0_block_1 (size 100) for chunk ChunkInfo{chunkName='110714081466843263_chunk_0_block_1, offset=0, len=100}
2023-07-14 19:26:55,479 [BlockDeletingService#1] INFO  impl.FilePerChunkStrategy (FilePerChunkStrategy.java:deleteChunk(322)) - Deleted chunk file /home/runner/work/ozone/ozone/hadoop-hdds/container-service/target/test-dir/TestBlockDeletingService/hdds/a2cabb67-31c0-43c0-b782-2a2c5ba49534/current/containerDir0/110714081463894141/chunks/110714081466908800_chunk_0_block_2 (size 100) for chunk ChunkInfo{chunkName='110714081466908800_chunk_0_block_2, offset=0, len=100}
2023-07-14 19:26:55,480 [BlockDeletingService#1] WARN  utils.BackgroundService (BackgroundService.java:lambda$run$0(130)) - BlockDeletingService Background task execution took 17107641ns > 0ns(timeout)
2023-07-14 19:26:55,474 [BlockDeletingService#4] INFO  impl.FilePerChunkStrategy (FilePerChunkStrategy.java:deleteChunk(322)) - Deleted chunk file /home/runner/work/ozone/ozone/hadoop-hdds/container-service/target/test-dir/TestBlockDeletingService/hdds/a2cabb67-31c0-43c0-b782-2a2c5ba49534/current/containerDir0/110714081433485421/chunks/110714081436958830_chunk_0_block_0 (size 100) for chunk ChunkInfo{chunkName='110714081436958830_chunk_0_block_0, offset=0, len=100}
2023-07-14 19:26:55,481 [BlockDeletingService#4] INFO  impl.FilePerChunkStrategy (FilePerChunkStrategy.java:deleteChunk(322)) - Deleted chunk file /home/runner/work/ozone/ozone/hadoop-hdds/container-service/target/test-dir/TestBlockDeletingService/hdds/a2cabb67-31c0-43c0-b782-2a2c5ba49534/current/containerDir0/110714081433485421/chunks/110714081437286511_chunk_0_block_1 (size 100) for chunk ChunkInfo{chunkName='110714081437286511_chunk_0_block_1, offset=0, len=100}
2023-07-14 19:26:55,481 [BlockDeletingService#4] INFO  impl.FilePerChunkStrategy (FilePerChunkStrategy.java:deleteChunk(322)) - Deleted chunk file /home/runner/work/ozone/ozone/hadoop-hdds/container-service/target/test-dir/TestBlockDeletingService/hdds/a2cabb67-31c0-43c0-b782-2a2c5ba49534/current/containerDir0/110714081433485421/chunks/110714081437483120_chunk_0_block_2 (size 100) for chunk ChunkInfo{chunkName='110714081437483120_chunk_0_block_2, offset=0, len=100}
2023-07-14 19:26:55,482 [BlockDeletingService#4] WARN  utils.BackgroundService (BackgroundService.java:lambda$run$0(130)) - BlockDeletingService Background task execution took 14556120ns > 0ns(timeout)
2023-07-14 19:26:55,567 [BlockDeletingService#3] INFO  interfaces.ContainerDeletionChoosingPolicyTemplate (ContainerDeletionChoosingPolicyTemplate.java:chooseContainerForBlockDeletion(83)) - Chosen 5/5 blocks from 2 candidate containers.
2023-07-14 19:26:55,576 [BlockDeletingService#0] INFO  impl.FilePerChunkStrategy (FilePerChunkStrategy.java:deleteChunk(322)) - Deleted chunk file /home/runner/work/ozone/ozone/hadoop-hdds/container-service/target/test-dir/TestBlockDeletingService/hdds/a2cabb67-31c0-43c0-b782-2a2c5ba49534/current/containerDir128/110714081441284209/chunks/110714081445281907_chunk_0_block_1 (size 100) for chunk ChunkInfo{chunkName='110714081445281907_chunk_0_block_1, offset=0, len=100}
2023-07-14 19:26:55,576 [BlockDeletingService#0] INFO  impl.FilePerChunkStrategy (FilePerChunkStrategy.java:deleteChunk(322)) - Deleted chunk file /home/runner/work/ozone/ozone/hadoop-hdds/container-service/target/test-dir/TestBlockDeletingService/hdds/a2cabb67-31c0-43c0-b782-2a2c5ba49534/current/containerDir128/110714081441284209/chunks/110714081445412980_chunk_0_block_2 (size 100) for chunk ChunkInfo{chunkName='110714081445412980_chunk_0_block_2, offset=0, len=100}
2023-07-14 19:26:55,577 [BlockDeletingService#0] WARN  utils.BackgroundService (BackgroundService.java:lambda$run$0(130)) - BlockDeletingService Background task execution took 9712580ns > 0ns(timeout)
2023-07-14 19:26:55,578 [BlockDeletingService#2] INFO  impl.FilePerChunkStrategy (FilePerChunkStrategy.java:deleteChunk(322)) - Deleted chunk file /home/runner/work/ozone/ozone/hadoop-hdds/container-service/target/test-dir/TestBlockDeletingService/hdds/a2cabb67-31c0-43c0-b782-2a2c5ba49534/current/containerDir128/110714081457275001/chunks/110714081460420730_chunk_0_block_0 (size 100) for chunk ChunkInfo{chunkName='110714081460420730_chunk_0_block_0, offset=0, len=100}
2023-07-14 19:26:55,578 [BlockDeletingService#2] INFO  impl.FilePerChunkStrategy (FilePerChunkStrategy.java:deleteChunk(322)) - Deleted chunk file /home/runner/work/ozone/ozone/hadoop-hdds/container-service/target/test-dir/TestBlockDeletingService/hdds/a2cabb67-31c0-43c0-b782-2a2c5ba49534/current/containerDir128/110714081457275001/chunks/110714081460551803_chunk_0_block_1 (size 100) for chunk ChunkInfo{chunkName='110714081460551803_chunk_0_block_1, offset=0, len=100}
2023-07-14 19:26:55,578 [BlockDeletingService#2] INFO  impl.FilePerChunkStrategy (FilePerChunkStrategy.java:deleteChunk(322)) - Deleted chunk file /home/runner/work/ozone/ozone/hadoop-hdds/container-service/target/test-dir/TestBlockDeletingService/hdds/a2cabb67-31c0-43c0-b782-2a2c5ba49534/current/containerDir128/110714081457275001/chunks/110714081460617340_chunk_0_block_2 (size 100) for chunk ChunkInfo{chunkName='110714081460617340_chunk_0_block_2, offset=0, len=100}
2023-07-14 19:26:55,579 [BlockDeletingService#2] WARN  utils.BackgroundService (BackgroundService.java:lambda$run$0(130)) - BlockDeletingService Background task execution took 12182701ns > 0ns(timeout)
2023-07-14 19:26:55,665 [Time-limited test] INFO  utils.BackgroundService (BackgroundService.java:shutdown(141)) - Shutting down service BlockDeletingService
]]></system-out>
  </testcase>
  <testcase name="testBlockThrottle" classname="TestBlockDeletingService" time="0.851">
    <system-out><![CDATA[2023-07-14 19:26:56,985 [main] INFO  volume.HddsVolume (HddsVolume.java:<init>(126)) - Creating HddsVolume: /home/runner/work/ozone/ozone/hadoop-hdds/container-service/target/test-dir/TestBlockDeletingService/hdds of storage type : DISK capacity : 9223372036854775807
2023-07-14 19:26:56,987 [main] INFO  volume.MutableVolumeSet (MutableVolumeSet.java:initializeVolumeSet(175)) - Added Volume : /home/runner/work/ozone/ozone/hadoop-hdds/container-service/target/test-dir/TestBlockDeletingService/hdds to VolumeSet
2023-07-14 19:26:57,311 [BlockDeletingService#0] INFO  interfaces.ContainerDeletionChoosingPolicyTemplate (ContainerDeletionChoosingPolicyTemplate.java:chooseContainerForBlockDeletion(83)) - Chosen 0/3 blocks from 0 candidate containers.
2023-07-14 19:26:57,606 [BlockDeletingService#0] INFO  interfaces.ContainerDeletionChoosingPolicyTemplate (ContainerDeletionChoosingPolicyTemplate.java:chooseContainerForBlockDeletion(83)) - Chosen 10/0 blocks from 5 candidate containers.
2023-07-14 19:26:57,615 [BlockDeletingService#1] INFO  impl.FilePerChunkStrategy (FilePerChunkStrategy.java:deleteChunk(322)) - Deleted chunk file /home/runner/work/ozone/ozone/hadoop-hdds/container-service/target/test-dir/TestBlockDeletingService/hdds/191b5b7a-8289-436f-a81f-ead4757390c3/current/containerDir128/110714081604862210/chunks/110714081607418115_chunk_0_block_0 (size 100) for chunk ChunkInfo{chunkName='110714081607418115_chunk_0_block_0, offset=0, len=100}
2023-07-14 19:26:57,617 [BlockDeletingService#1] INFO  impl.FilePerChunkStrategy (FilePerChunkStrategy.java:deleteChunk(322)) - Deleted chunk file /home/runner/work/ozone/ozone/hadoop-hdds/container-service/target/test-dir/TestBlockDeletingService/hdds/191b5b7a-8289-436f-a81f-ead4757390c3/current/containerDir128/110714081604862210/chunks/110714081607549188_chunk_0_block_1 (size 100) for chunk ChunkInfo{chunkName='110714081607549188_chunk_0_block_1, offset=0, len=100}
2023-07-14 19:26:57,617 [BlockDeletingService#1] INFO  impl.FilePerChunkStrategy (FilePerChunkStrategy.java:deleteChunk(322)) - Deleted chunk file /home/runner/work/ozone/ozone/hadoop-hdds/container-service/target/test-dir/TestBlockDeletingService/hdds/191b5b7a-8289-436f-a81f-ead4757390c3/current/containerDir128/110714081604862210/chunks/110714081607680261_chunk_0_block_2 (size 100) for chunk ChunkInfo{chunkName='110714081607680261_chunk_0_block_2, offset=0, len=100}
2023-07-14 19:26:57,620 [BlockDeletingService#0] INFO  impl.FilePerChunkStrategy (FilePerChunkStrategy.java:deleteChunk(322)) - Deleted chunk file /home/runner/work/ozone/ozone/hadoop-hdds/container-service/target/test-dir/TestBlockDeletingService/hdds/191b5b7a-8289-436f-a81f-ead4757390c3/current/containerDir0/110714081585135862/chunks/110714081587953911_chunk_0_block_0 (size 100) for chunk ChunkInfo{chunkName='110714081587953911_chunk_0_block_0, offset=0, len=100}
2023-07-14 19:26:57,620 [BlockDeletingService#0] INFO  impl.FilePerChunkStrategy (FilePerChunkStrategy.java:deleteChunk(322)) - Deleted chunk file /home/runner/work/ozone/ozone/hadoop-hdds/container-service/target/test-dir/TestBlockDeletingService/hdds/191b5b7a-8289-436f-a81f-ead4757390c3/current/containerDir0/110714081585135862/chunks/110714081588019448_chunk_0_block_1 (size 100) for chunk ChunkInfo{chunkName='110714081588019448_chunk_0_block_1, offset=0, len=100}
2023-07-14 19:26:57,620 [BlockDeletingService#0] INFO  impl.FilePerChunkStrategy (FilePerChunkStrategy.java:deleteChunk(322)) - Deleted chunk file /home/runner/work/ozone/ozone/hadoop-hdds/container-service/target/test-dir/TestBlockDeletingService/hdds/191b5b7a-8289-436f-a81f-ead4757390c3/current/containerDir0/110714081585135862/chunks/110714081588150521_chunk_0_block_2 (size 100) for chunk ChunkInfo{chunkName='110714081588150521_chunk_0_block_2, offset=0, len=100}
2023-07-14 19:26:57,621 [BlockDeletingService#0] WARN  utils.BackgroundService (BackgroundService.java:lambda$run$0(130)) - BlockDeletingService Background task execution took 10248685ns > 0ns(timeout)
2023-07-14 19:26:57,622 [BlockDeletingService#2] INFO  impl.FilePerChunkStrategy (FilePerChunkStrategy.java:deleteChunk(322)) - Deleted chunk file /home/runner/work/ozone/ozone/hadoop-hdds/container-service/target/test-dir/TestBlockDeletingService/hdds/191b5b7a-8289-436f-a81f-ead4757390c3/current/containerDir0/110714081591427322/chunks/110714081594966267_chunk_0_block_0 (size 100) for chunk ChunkInfo{chunkName='110714081594966267_chunk_0_block_0, offset=0, len=100}
2023-07-14 19:26:57,623 [BlockDeletingService#2] WARN  utils.BackgroundService (BackgroundService.java:lambda$run$0(130)) - BlockDeletingService Background task execution took 15778730ns > 0ns(timeout)
2023-07-14 19:26:57,623 [BlockDeletingService#1] WARN  utils.BackgroundService (BackgroundService.java:lambda$run$0(130)) - BlockDeletingService Background task execution took 16467436ns > 0ns(timeout)
2023-07-14 19:26:57,624 [BlockDeletingService#4] INFO  impl.FilePerChunkStrategy (FilePerChunkStrategy.java:deleteChunk(322)) - Deleted chunk file /home/runner/work/ozone/ozone/hadoop-hdds/container-service/target/test-dir/TestBlockDeletingService/hdds/191b5b7a-8289-436f-a81f-ead4757390c3/current/containerDir128/110714081578647794/chunks/110714081581465843_chunk_0_block_0 (size 100) for chunk ChunkInfo{chunkName='110714081581465843_chunk_0_block_0, offset=0, len=100}
2023-07-14 19:26:57,624 [BlockDeletingService#4] INFO  impl.FilePerChunkStrategy (FilePerChunkStrategy.java:deleteChunk(322)) - Deleted chunk file /home/runner/work/ozone/ozone/hadoop-hdds/container-service/target/test-dir/TestBlockDeletingService/hdds/191b5b7a-8289-436f-a81f-ead4757390c3/current/containerDir128/110714081578647794/chunks/110714081581596916_chunk_0_block_1 (size 100) for chunk ChunkInfo{chunkName='110714081581596916_chunk_0_block_1, offset=0, len=100}
2023-07-14 19:26:57,624 [BlockDeletingService#4] INFO  impl.FilePerChunkStrategy (FilePerChunkStrategy.java:deleteChunk(322)) - Deleted chunk file /home/runner/work/ozone/ozone/hadoop-hdds/container-service/target/test-dir/TestBlockDeletingService/hdds/191b5b7a-8289-436f-a81f-ead4757390c3/current/containerDir128/110714081578647794/chunks/110714081581662453_chunk_0_block_2 (size 100) for chunk ChunkInfo{chunkName='110714081581662453_chunk_0_block_2, offset=0, len=100}
2023-07-14 19:26:57,627 [BlockDeletingService#4] WARN  utils.BackgroundService (BackgroundService.java:lambda$run$0(130)) - BlockDeletingService Background task execution took 15719030ns > 0ns(timeout)
2023-07-14 19:26:57,706 [BlockDeletingService#3] INFO  interfaces.ContainerDeletionChoosingPolicyTemplate (ContainerDeletionChoosingPolicyTemplate.java:chooseContainerForBlockDeletion(83)) - Chosen 5/5 blocks from 2 candidate containers.
2023-07-14 19:26:57,708 [BlockDeletingService#0] INFO  impl.FilePerChunkStrategy (FilePerChunkStrategy.java:deleteChunk(322)) - Deleted chunk file /home/runner/work/ozone/ozone/hadoop-hdds/container-service/target/test-dir/TestBlockDeletingService/hdds/191b5b7a-8289-436f-a81f-ead4757390c3/current/containerDir0/110714081598636286/chunks/110714081601257727_chunk_0_block_0 (size 100) for chunk ChunkInfo{chunkName='110714081601257727_chunk_0_block_0, offset=0, len=100}
2023-07-14 19:26:57,709 [BlockDeletingService#2] INFO  impl.FilePerChunkStrategy (FilePerChunkStrategy.java:deleteChunk(322)) - Deleted chunk file /home/runner/work/ozone/ozone/hadoop-hdds/container-service/target/test-dir/TestBlockDeletingService/hdds/191b5b7a-8289-436f-a81f-ead4757390c3/current/containerDir0/110714081591427322/chunks/110714081595031804_chunk_0_block_1 (size 100) for chunk ChunkInfo{chunkName='110714081595031804_chunk_0_block_1, offset=0, len=100}
2023-07-14 19:26:57,709 [BlockDeletingService#2] INFO  impl.FilePerChunkStrategy (FilePerChunkStrategy.java:deleteChunk(322)) - Deleted chunk file /home/runner/work/ozone/ozone/hadoop-hdds/container-service/target/test-dir/TestBlockDeletingService/hdds/191b5b7a-8289-436f-a81f-ead4757390c3/current/containerDir0/110714081591427322/chunks/110714081595097341_chunk_0_block_2 (size 100) for chunk ChunkInfo{chunkName='110714081595097341_chunk_0_block_2, offset=0, len=100}
2023-07-14 19:26:57,710 [BlockDeletingService#0] INFO  impl.FilePerChunkStrategy (FilePerChunkStrategy.java:deleteChunk(322)) - Deleted chunk file /home/runner/work/ozone/ozone/hadoop-hdds/container-service/target/test-dir/TestBlockDeletingService/hdds/191b5b7a-8289-436f-a81f-ead4757390c3/current/containerDir0/110714081598636286/chunks/110714081601388800_chunk_0_block_1 (size 100) for chunk ChunkInfo{chunkName='110714081601388800_chunk_0_block_1, offset=0, len=100}
2023-07-14 19:26:57,710 [BlockDeletingService#0] INFO  impl.FilePerChunkStrategy (FilePerChunkStrategy.java:deleteChunk(322)) - Deleted chunk file /home/runner/work/ozone/ozone/hadoop-hdds/container-service/target/test-dir/TestBlockDeletingService/hdds/191b5b7a-8289-436f-a81f-ead4757390c3/current/containerDir0/110714081598636286/chunks/110714081601454337_chunk_0_block_2 (size 100) for chunk ChunkInfo{chunkName='110714081601454337_chunk_0_block_2, offset=0, len=100}
  utils.BackgroundService (BackgroundService.java:lambda$run$0(130)) - BlockDeletingService Background task execution took 4880840ns > 0ns(timeout)
2023-07-14 19:26:57,711 [BlockDeletingService#2] WARN  utils.BackgroundService (BackgroundService.java:lambda$run$0(130)) - BlockDeletingService Background task execution took 4369537ns > 0ns(timeout)
2023-07-14 19:26:57,804 [Time-limited test] INFO  utils.BackgroundService (BackgroundService.java:shutdown(141)) - Shutting down service BlockDeletingService
]]></system-out>
  </testcase>
  <testcase name="testBlockThrottle" classname="TestBlockDeletingService" time="0.815">
    <system-out><![CDATA[2023-07-14 19:27:00,053 [main] INFO  volume.HddsVolume (HddsVolume.java:<init>(126)) - Creating HddsVolume: /home/runner/work/ozone/ozone/hadoop-hdds/container-service/target/test-dir/TestBlockDeletingService/hdds of storage type : DISK capacity : 9223372036854775807
2023-07-14 19:27:00,055 [main] INFO  volume.MutableVolumeSet (MutableVolumeSet.java:initializeVolumeSet(175)) - Added Volume : /home/runner/work/ozone/ozone/hadoop-hdds/container-service/target/test-dir/TestBlockDeletingService/hdds to VolumeSet
2023-07-14 19:27:00,314 [BlockDeletingService#4] INFO  interfaces.ContainerDeletionChoosingPolicyTemplate (ContainerDeletionChoosingPolicyTemplate.java:chooseContainerForBlockDeletion(83)) - Chosen 0/3 blocks from 0 candidate containers.
2023-07-14 19:27:00,642 [BlockDeletingService#0] INFO  interfaces.ContainerDeletionChoosingPolicyTemplate (ContainerDeletionChoosingPolicyTemplate.java:chooseContainerForBlockDeletion(83)) - Chosen 10/0 blocks from 5 candidate containers.
2023-07-14 19:27:00,648 [BlockDeletingService#1] INFO  impl.FilePerChunkStrategy (FilePerChunkStrategy.java:deleteChunk(322)) - Deleted chunk file /home/runner/work/ozone/ozone/hadoop-hdds/container-service/target/test-dir/TestBlockDeletingService/hdds/20620511-aa49-42f8-b161-7fb8b56c0c47/current/containerDir128/110714081803698575/chunks/110714081806385552_chunk_0_block_0 (size 100) for chunk ChunkInfo{chunkName='110714081806385552_chunk_0_block_0, offset=0, len=100}
2023-07-14 19:27:00,648 [BlockDeletingService#1] INFO  impl.FilePerChunkStrategy (FilePerChunkStrategy.java:deleteChunk(322)) - Deleted chunk file /home/runner/work/ozone/ozone/hadoop-hdds/container-service/target/test-dir/TestBlockDeletingService/hdds/20620511-aa49-42f8-b161-7fb8b56c0c47/current/containerDir128/110714081803698575/chunks/110714081806516625_chunk_0_block_1 (size 100) for chunk ChunkInfo{chunkName='110714081806516625_chunk_0_block_1, offset=0, len=100}
2023-07-14 19:27:00,651 [BlockDeletingService#1] INFO  impl.FilePerChunkStrategy (FilePerChunkStrategy.java:deleteChunk(322)) - Deleted chunk file /home/runner/work/ozone/ozone/hadoop-hdds/container-service/target/test-dir/TestBlockDeletingService/hdds/20620511-aa49-42f8-b161-7fb8b56c0c47/current/containerDir128/110714081803698575/chunks/110714081806647698_chunk_0_block_2 (size 100) for chunk ChunkInfo{chunkName='110714081806647698_chunk_0_block_2, offset=0, len=100}
2023-07-14 19:27:00,651 [BlockDeletingService#1] WARN  utils.BackgroundService (BackgroundService.java:lambda$run$0(130)) - BlockDeletingService Background task execution took 8371035ns > 0ns(timeout)
2023-07-14 19:27:00,653 [BlockDeletingService#0] INFO  impl.FilePerChunkStrategy (FilePerChunkStrategy.java:deleteChunk(322)) - Deleted chunk file /home/runner/work/ozone/ozone/hadoop-hdds/container-service/target/test-dir/TestBlockDeletingService/hdds/20620511-aa49-42f8-b161-7fb8b56c0c47/current/containerDir128/110714081778532735/chunks/110714081781023104_chunk_0_block_0 (size 100) for chunk ChunkInfo{chunkName='110714081781023104_chunk_0_block_0, offset=0, len=100}
2023-07-14 19:27:00,653 [BlockDeletingService#0] INFO  impl.FilePerChunkStrategy (FilePerChunkStrategy.java:deleteChunk(322)) - Deleted chunk file /home/runner/work/ozone/ozone/hadoop-hdds/container-service/target/test-dir/TestBlockDeletingService/hdds/20620511-aa49-42f8-b161-7fb8b56c0c47/current/containerDir128/110714081778532735/chunks/110714081781154177_chunk_0_block_1 (size 100) for chunk ChunkInfo{chunkName='110714081781154177_chunk_0_block_1, offset=0, len=100}
2023-07-14 19:27:00,654 [BlockDeletingService#0] INFO  impl.FilePerChunkStrategy (FilePerChunkStrategy.java:deleteChunk(322)) - Deleted chunk file /home/runner/work/ozone/ozone/hadoop-hdds/container-service/target/test-dir/TestBlockDeletingService/hdds/20620511-aa49-42f8-b161-7fb8b56c0c47/current/containerDir128/110714081778532735/chunks/110714081781285250_chunk_0_block_2 (size 100) for chunk ChunkInfo{chunkName='110714081781285250_chunk_0_block_2, offset=0, len=100}
2023-07-14 19:27:00,654 [BlockDeletingService#0] WARN  utils.BackgroundService (BackgroundService.java:lambda$run$0(130)) - BlockDeletingService Background task execution took 5925324ns > 0ns(timeout)
2023-07-14 19:27:00,655 [BlockDeletingService#3] INFO  impl.FilePerChunkStrategy (FilePerChunkStrategy.java:deleteChunk(322)) - Deleted chunk file /home/runner/work/ozone/ozone/hadoop-hdds/container-service/target/test-dir/TestBlockDeletingService/hdds/20620511-aa49-42f8-b161-7fb8b56c0c47/current/containerDir128/110714081797407115/chunks/110714081799963020_chunk_0_block_0 (size 100) for chunk ChunkInfo{chunkName='110714081799963020_chunk_0_block_0, offset=0, len=100}
2023-07-14 19:27:00,655 [BlockDeletingService#3] INFO  impl.FilePerChunkStrategy (FilePerChunkStrategy.java:deleteChunk(322)) - Deleted chunk file /home/runner/work/ozone/ozone/hadoop-hdds/container-service/target/test-dir/TestBlockDeletingService/hdds/20620511-aa49-42f8-b161-7fb8b56c0c47/current/containerDir128/110714081797407115/chunks/110714081800159629_chunk_0_block_1 (size 100) for chunk ChunkInfo{chunkName='110714081800159629_chunk_0_block_1, offset=0, len=100}
2023-07-14 19:27:00,655 [BlockDeletingService#3] INFO  impl.FilePerChunkStrategy (FilePerChunkStrategy.java:deleteChunk(322)) - Deleted chunk file /home/runner/work/ozone/ozone/hadoop-hdds/container-service/target/test-dir/TestBlockDeletingService/hdds/20620511-aa49-42f8-b161-7fb8b56c0c47/current/containerDir128/110714081797407115/chunks/110714081800225166_chunk_0_block_2 (size 100) for chunk ChunkInfo{chunkName='110714081800225166_chunk_0_block_2, offset=0, len=100}
2023-07-14 19:27:00,657 [BlockDeletingService#3] WARN  utils.BackgroundService (BackgroundService.java:lambda$run$0(130)) - BlockDeletingService Background task execution took 12995454ns > 0ns(timeout)
2023-07-14 19:27:00,657 [BlockDeletingService#2] INFO  impl.FilePerChunkStrategy (FilePerChunkStrategy.java:deleteChunk(322)) - Deleted chunk file /home/runner/work/ozone/ozone/hadoop-hdds/container-service/target/test-dir/TestBlockDeletingService/hdds/20620511-aa49-42f8-b161-7fb8b56c0c47/current/containerDir128/110714081791246727/chunks/110714081793868168_chunk_0_block_0 (size 100) for chunk ChunkInfo{chunkName='110714081793868168_chunk_0_block_0, offset=0, len=100}
2023-07-14 19:27:00,658 [BlockDeletingService#2] WARN  utils.BackgroundService (BackgroundService.java:lambda$run$0(130)) - BlockDeletingService Background task execution took 14269260ns > 0ns(timeout)
2023-07-14 19:27:00,743 [BlockDeletingService#4] INFO  interfaces.ContainerDeletionChoosingPolicyTemplate (ContainerDeletionChoosingPolicyTemplate.java:chooseContainerForBlockDeletion(83)) - Chosen 5/5 blocks from 2 candidate containers.
2023-07-14 19:27:00,748 [BlockDeletingService#0] INFO  impl.FilePerChunkStrategy (FilePerChunkStrategy.java:deleteChunk(322)) - Deleted chunk file /home/runner/work/ozone/ozone/hadoop-hdds/container-service/target/test-dir/TestBlockDeletingService/hdds/20620511-aa49-42f8-b161-7fb8b56c0c47/current/containerDir128/110714081791246727/chunks/110714081793999241_chunk_0_block_1 (size 100) for chunk ChunkInfo{chunkName='110714081793999241_chunk_0_block_1, offset=0, len=100}
2023-07-14 19:27:00,748 [BlockDeletingService#0] INFO  impl.FilePerChunkStrategy (FilePerChunkStrategy.java:deleteChunk(322)) - Deleted chunk file /home/runner/work/ozone/ozone/hadoop-hdds/container-service/target/test-dir/TestBlockDeletingService/hdds/20620511-aa49-42f8-b161-7fb8b56c0c47/current/containerDir128/110714081791246727/chunks/110714081794130314_chunk_0_block_2 (size 100) for chunk ChunkInfo{chunkName='110714081794130314_chunk_0_block_2, offset=0, len=100}
2023-07-14 19:27:00,749 [BlockDeletingService#0] WARN  utils.BackgroundService (BackgroundService.java:lambda$run$0(130)) - BlockDeletingService Background task execution took 4611219ns > 0ns(timeout)
2023-07-14 19:27:00,748 [BlockDeletingService#1] INFO  impl.FilePerChunkStrategy (FilePerChunkStrategy.java:deleteChunk(322)) - Deleted chunk file /home/runner/work/ozone/ozone/hadoop-hdds/container-service/target/test-dir/TestBlockDeletingService/hdds/20620511-aa49-42f8-b161-7fb8b56c0c47/current/containerDir128/110714081784693123/chunks/110714081787707780_chunk_0_block_0 (size 100) for chunk ChunkInfo{chunkName='110714081787707780_chunk_0_block_0, offset=0, len=100}
2023-07-14 19:27:00,750 [BlockDeletingService#1] INFO  impl.FilePerChunkStrategy (FilePerChunkStrategy.java:deleteChunk(322)) - Deleted chunk file /home/runner/work/ozone/ozone/hadoop-hdds/container-service/target/test-dir/TestBlockDeletingService/hdds/20620511-aa49-42f8-b161-7fb8b56c0c47/current/containerDir128/110714081784693123/chunks/110714081787773317_chunk_0_block_1 (size 100) for chunk ChunkInfo{chunkName='110714081787773317_chunk_0_block_1, offset=0, len=100}
2023-07-14 19:27:00,751 [BlockDeletingService#1] INFO  impl.FilePerChunkStrategy (FilePerChunkStrategy.java:deleteChunk(322)) - Deleted chunk file /home/runner/work/ozone/ozone/hadoop-hdds/container-service/target/test-dir/TestBlockDeletingService/hdds/20620511-aa49-42f8-b161-7fb8b56c0c47/current/containerDir128/110714081784693123/chunks/110714081787904390_chunk_0_block_2 (size 100) for chunk ChunkInfo{chunkName='110714081787904390_chunk_0_block_2, offset=0, len=100}
2023-07-14 19:27:00,751 [BlockDeletingService#1] WARN  utils.BackgroundService (BackgroundService.java:lambda$run$0(130)) - BlockDeletingService Background task execution took 7594632ns > 0ns(timeout)
2023-07-14 19:27:00,841 [Time-limited test] INFO  utils.BackgroundService (BackgroundService.java:shutdown(141)) - Shutting down service BlockDeletingService
]]></system-out>
  </testcase>
  <testcase name="testBlockThrottle" classname="TestBlockDeletingService" time="0.662">
    <system-out><![CDATA[2023-07-14 19:27:03,130 [main] INFO  volume.HddsVolume (HddsVolume.java:<init>(126)) - Creating HddsVolume: /home/runner/work/ozone/ozone/hadoop-hdds/container-service/target/test-dir/TestBlockDeletingService/hdds of storage type : DISK capacity : 9223372036854775807
2023-07-14 19:27:03,131 [main] INFO  volume.MutableVolumeSet (MutableVolumeSet.java:initializeVolumeSet(175)) - Added Volume : /home/runner/work/ozone/ozone/hadoop-hdds/container-service/target/test-dir/TestBlockDeletingService/hdds to VolumeSet
2023-07-14 19:27:03,168 [main] INFO  utils.DatanodeStoreCache (DatanodeStoreCache.java:addDB(66)) - Added db /home/runner/work/ozone/ozone/hadoop-hdds/container-service/target/test-dir/TestBlockDeletingService/hdds/82a5f8a2-ecb2-4082-9376-8a8a7bd01cf6/DS-ed4286ba-2f4d-4eea-a1eb-6a609a49991a/container.db to cache
2023-07-14 19:27:03,168 [main] INFO  volume.HddsVolume (HddsVolume.java:createDbStore(422)) - SchemaV3 db is created and loaded at /home/runner/work/ozone/ozone/hadoop-hdds/container-service/target/test-dir/TestBlockDeletingService/hdds/82a5f8a2-ecb2-4082-9376-8a8a7bd01cf6/DS-ed4286ba-2f4d-4eea-a1eb-6a609a49991a/container.db for volume DS-ed4286ba-2f4d-4eea-a1eb-6a609a49991a
2023-07-14 19:27:03,316 [BlockDeletingService#1] INFO  interfaces.ContainerDeletionChoosingPolicyTemplate (ContainerDeletionChoosingPolicyTemplate.java:chooseContainerForBlockDeletion(83)) - Chosen 0/3 blocks from 0 candidate containers.
2023-07-14 19:27:03,573 [BlockDeletingService#0] INFO  interfaces.ContainerDeletionChoosingPolicyTemplate (ContainerDeletionChoosingPolicyTemplate.java:chooseContainerForBlockDeletion(83)) - Chosen 10/0 blocks from 5 candidate containers.
2023-07-14 19:27:03,577 [BlockDeletingService#1] INFO  impl.FilePerChunkStrategy (FilePerChunkStrategy.java:deleteChunk(322)) - Deleted chunk file /home/runner/work/ozone/ozone/hadoop-hdds/container-service/target/test-dir/TestBlockDeletingService/hdds/82a5f8a2-ecb2-4082-9376-8a8a7bd01cf6/current/containerDir129/110714081986544147/chunks/110714081986806292_chunk_0_block_0 (size 100) for chunk ChunkInfo{chunkName='110714081986806292_chunk_0_block_0, offset=0, len=100}
2023-07-14 19:27:03,577 [BlockDeletingService#1] INFO  impl.FilePerChunkStrategy (FilePerChunkStrategy.java:deleteChunk(322)) - Deleted chunk file /home/runner/work/ozone/ozone/hadoop-hdds/container-service/target/test-dir/TestBlockDeletingService/hdds/82a5f8a2-ecb2-4082-9376-8a8a7bd01cf6/current/containerDir129/110714081986544147/chunks/110714081986937365_chunk_0_block_1 (size 100) for chunk ChunkInfo{chunkName='110714081986937365_chunk_0_block_1, offset=0, len=100}
2023-07-14 19:27:03,578 [BlockDeletingService#1] INFO  impl.FilePerChunkStrategy (FilePerChunkStrategy.java:deleteChunk(322)) - Deleted chunk file /home/runner/work/ozone/ozone/hadoop-hdds/container-service/target/test-dir/TestBlockDeletingService/hdds/82a5f8a2-ecb2-4082-9376-8a8a7bd01cf6/current/containerDir129/110714081986544147/chunks/110714081987002902_chunk_0_block_2 (size 100) for chunk ChunkInfo{chunkName='110714081987002902_chunk_0_block_2, offset=0, len=100}
2023-07-14 19:27:03,579 [BlockDeletingService#1] WARN  utils.BackgroundService (BackgroundService.java:lambda$run$0(130)) - BlockDeletingService Background task execution took 4685119ns > 0ns(timeout)
2023-07-14 19:27:03,579 [BlockDeletingService#1] INFO  impl.FilePerChunkStrategy (FilePerChunkStrategy.java:deleteChunk(322)) - Deleted chunk file /home/runner/work/ozone/ozone/hadoop-hdds/container-service/target/test-dir/TestBlockDeletingService/hdds/82a5f8a2-ecb2-4082-9376-8a8a7bd01cf6/current/containerDir1/110714081994080795/chunks/110714081994277404_chunk_0_block_0 (size 100) for chunk ChunkInfo{chunkName='110714081994277404_chunk_0_block_0, offset=0, len=100}
2023-07-14 19:27:03,580 [BlockDeletingService#1] INFO  impl.FilePerChunkStrategy (FilePerChunkStrategy.java:deleteChunk(322)) - Deleted chunk file /home/runner/work/ozone/ozone/hadoop-hdds/container-service/target/test-dir/TestBlockDeletingService/hdds/82a5f8a2-ecb2-4082-9376-8a8a7bd01cf6/current/containerDir1/110714081994080795/chunks/110714081994408477_chunk_0_block_1 (size 100) for chunk ChunkInfo{chunkName='110714081994408477_chunk_0_block_1, offset=0, len=100}
2023-07-14 19:27:03,580 [BlockDeletingService#1] INFO  impl.FilePerChunkStrategy (FilePerChunkStrategy.java:deleteChunk(322)) - Deleted chunk file /home/runner/work/ozone/ozone/hadoop-hdds/container-service/target/test-dir/TestBlockDeletingService/hdds/82a5f8a2-ecb2-4082-9376-8a8a7bd01cf6/current/containerDir1/110714081994080795/chunks/110714081994474014_chunk_0_block_2 (size 100) for chunk ChunkInfo{chunkName='110714081994474014_chunk_0_block_2, offset=0, len=100}
2023-07-14 19:27:03,581 [BlockDeletingService#1] WARN  utils.BackgroundService (BackgroundService.java:lambda$run$0(130)) - BlockDeletingService Background task execution took 1837608ns > 0ns(timeout)
2023-07-14 19:27:03,581 [BlockDeletingService#1] INFO  impl.FilePerChunkStrategy (FilePerChunkStrategy.java:deleteChunk(322)) - Deleted chunk file /home/runner/work/ozone/ozone/hadoop-hdds/container-service/target/test-dir/TestBlockDeletingService/hdds/82a5f8a2-ecb2-4082-9376-8a8a7bd01cf6/current/containerDir129/110714081997947423/chunks/110714081998471712_chunk_0_block_0 (size 100) for chunk ChunkInfo{chunkName='110714081998471712_chunk_0_block_0, offset=0, len=100}
2023-07-14 19:27:03,583 [BlockDeletingService#1] INFO  impl.FilePerChunkStrategy (FilePerChunkStrategy.java:deleteChunk(322)) - Deleted chunk file /home/runner/work/ozone/ozone/hadoop-hdds/container-service/target/test-dir/TestBlockDeletingService/hdds/82a5f8a2-ecb2-4082-9376-8a8a7bd01cf6/current/containerDir129/110714081997947423/chunks/110714081998602785_chunk_0_block_1 (size 100) for chunk ChunkInfo{chunkName='110714081998602785_chunk_0_block_1, offset=0, len=100}
2023-07-14 19:27:03,583 [BlockDeletingService#1] INFO  impl.FilePerChunkStrategy (FilePerChunkStrategy.java:deleteChunk(322)) - Deleted chunk file /home/runner/work/ozone/ozone/hadoop-hdds/container-service/target/test-dir/TestBlockDeletingService/hdds/82a5f8a2-ecb2-4082-9376-8a8a7bd01cf6/current/containerDir129/110714081997947423/chunks/110714081998668322_chunk_0_block_2 (size 100) for chunk ChunkInfo{chunkName='110714081998668322_chunk_0_block_2, offset=0, len=100}
2023-07-14 19:27:03,583 [BlockDeletingService#1] WARN  utils.BackgroundService (BackgroundService.java:lambda$run$0(130)) - BlockDeletingService Background task execution took 2569511ns > 0ns(timeout)
2023-07-14 19:27:03,584 [BlockDeletingService#3] INFO  impl.FilePerChunkStrategy (FilePerChunkStrategy.java:deleteChunk(322)) - Deleted chunk file /home/runner/work/ozone/ozone/hadoop-hdds/container-service/target/test-dir/TestBlockDeletingService/hdds/82a5f8a2-ecb2-4082-9376-8a8a7bd01cf6/current/containerDir1/110714081990279703/chunks/110714081990541848_chunk_0_block_0 (size 100) for chunk ChunkInfo{chunkName='110714081990541848_chunk_0_block_0, offset=0, len=100}
2023-07-14 19:27:03,584 [BlockDeletingService#3] WARN  utils.BackgroundService (BackgroundService.java:lambda$run$0(130)) - BlockDeletingService Background task execution took 6616928ns > 0ns(timeout)
2023-07-14 19:27:03,672 [BlockDeletingService#0] INFO  interfaces.ContainerDeletionChoosingPolicyTemplate (ContainerDeletionChoosingPolicyTemplate.java:chooseContainerForBlockDeletion(83)) - Chosen 5/5 blocks from 2 candidate containers.
2023-07-14 19:27:03,674 [BlockDeletingService#4] INFO  impl.FilePerChunkStrategy (FilePerChunkStrategy.java:deleteChunk(322)) - Deleted chunk file /home/runner/work/ozone/ozone/hadoop-hdds/container-service/target/test-dir/TestBlockDeletingService/hdds/82a5f8a2-ecb2-4082-9376-8a8a7bd01cf6/current/containerDir1/110714081982546447/chunks/110714081982874128_chunk_0_block_0 (size 100) for chunk ChunkInfo{chunkName='110714081982874128_chunk_0_block_0, offset=0, len=100}
2023-07-14 19:27:03,675 [BlockDeletingService#4] INFO  impl.FilePerChunkStrategy (FilePerChunkStrategy.java:deleteChunk(322)) - Deleted chunk file /home/runner/work/ozone/ozone/hadoop-hdds/container-service/target/test-dir/TestBlockDeletingService/hdds/82a5f8a2-ecb2-4082-9376-8a8a7bd01cf6/current/containerDir1/110714081982546447/chunks/110714081983005201_chunk_0_block_1 (size 100) for chunk ChunkInfo{chunkName='110714081983005201_chunk_0_block_1, offset=0, len=100}
2023-07-14 19:27:03,675 [BlockDeletingService#4] INFO  impl.FilePerChunkStrategy (FilePerChunkStrategy.java:deleteChunk(322)) - Deleted chunk file /home/runner/work/ozone/ozone/hadoop-hdds/container-service/target/test-dir/TestBlockDeletingService/hdds/82a5f8a2-ecb2-4082-9376-8a8a7bd01cf6/current/containerDir1/110714081982546447/chunks/110714081983136274_chunk_0_block_2 (size 100) for chunk ChunkInfo{chunkName='110714081983136274_chunk_0_block_2, offset=0, len=100}
2023-07-14 19:27:03,675 [BlockDeletingService#4] WARN  utils.BackgroundService (BackgroundService.java:lambda$run$0(130)) - BlockDeletingService Background task execution took 3036413ns > 0ns(timeout)
2023-07-14 19:27:03,677 [BlockDeletingService#2] INFO  impl.FilePerChunkStrategy (FilePerChunkStrategy.java:deleteChunk(322)) - Deleted chunk file /home/runner/work/ozone/ozone/hadoop-hdds/container-service/target/test-dir/TestBlockDeletingService/hdds/82a5f8a2-ecb2-4082-9376-8a8a7bd01cf6/current/containerDir1/110714081990279703/chunks/110714081990672921_chunk_0_block_1 (size 100) for chunk ChunkInfo{chunkName='110714081990672921_chunk_0_block_1, offset=0, len=100}
2023-07-14 19:27:03,677 [BlockDeletingService#2] INFO  impl.FilePerChunkStrategy (FilePerChunkStrategy.java:deleteChunk(322)) - Deleted chunk file /home/runner/work/ozone/ozone/hadoop-hdds/container-service/target/test-dir/TestBlockDeletingService/hdds/82a5f8a2-ecb2-4082-9376-8a8a7bd01cf6/current/containerDir1/110714081990279703/chunks/110714081990803994_chunk_0_block_2 (size 100) for chunk ChunkInfo{chunkName='110714081990803994_chunk_0_block_2, offset=0, len=100}
2023-07-14 19:27:03,677 [BlockDeletingService#2] WARN  utils.BackgroundService (BackgroundService.java:lambda$run$0(130)) - BlockDeletingService Background task execution took 4619520ns > 0ns(timeout)
2023-07-14 19:27:03,772 [Time-limited test] INFO  utils.BackgroundService (BackgroundService.java:shutdown(141)) - Shutting down service BlockDeletingService
]]></system-out>
  </testcase>
  <testcase name="testBlockThrottle" classname="TestBlockDeletingService" time="0.805">
    <system-out><![CDATA[2023-07-14 19:27:05,304 [main] INFO  volume.HddsVolume (HddsVolume.java:<init>(126)) - Creating HddsVolume: /home/runner/work/ozone/ozone/hadoop-hdds/container-service/target/test-dir/TestBlockDeletingService/hdds of storage type : DISK capacity : 9223372036854775807
2023-07-14 19:27:05,306 [main] INFO  volume.MutableVolumeSet (MutableVolumeSet.java:initializeVolumeSet(175)) - Added Volume : /home/runner/work/ozone/ozone/hadoop-hdds/container-service/target/test-dir/TestBlockDeletingService/hdds to VolumeSet
2023-07-14 19:27:05,318 [BlockDeletingService#1] INFO  interfaces.ContainerDeletionChoosingPolicyTemplate (ContainerDeletionChoosingPolicyTemplate.java:chooseContainerForBlockDeletion(83)) - Chosen 0/3 blocks from 0 candidate containers.
2023-07-14 19:27:05,883 [BlockDeletingService#0] INFO  interfaces.ContainerDeletionChoosingPolicyTemplate (ContainerDeletionChoosingPolicyTemplate.java:chooseContainerForBlockDeletion(83)) - Chosen 10/0 blocks from 5 candidate containers.
2023-07-14 19:27:05,887 [BlockDeletingService#1] INFO  impl.FilePerBlockStrategy (FilePerBlockStrategy.java:deleteChunk(254)) - Deleted block file: /home/runner/work/ozone/ozone/hadoop-hdds/container-service/target/test-dir/TestBlockDeletingService/hdds/ffbe08d1-b7ac-4736-9807-0cdbf2f42988/current/containerDir1/110714082147173031/chunks/110714082149925544.block
2023-07-14 19:27:05,888 [BlockDeletingService#1] INFO  impl.FilePerBlockStrategy (FilePerBlockStrategy.java:deleteChunk(254)) - Deleted block file: /home/runner/work/ozone/ozone/hadoop-hdds/container-service/target/test-dir/TestBlockDeletingService/hdds/ffbe08d1-b7ac-4736-9807-0cdbf2f42988/current/containerDir1/110714082147173031/chunks/110714082150056617.block
2023-07-14 19:27:05,888 [BlockDeletingService#1] INFO  impl.FilePerBlockStrategy (FilePerBlockStrategy.java:deleteChunk(254)) - Deleted block file: /home/runner/work/ozone/ozone/hadoop-hdds/container-service/target/test-dir/TestBlockDeletingService/hdds/ffbe08d1-b7ac-4736-9807-0cdbf2f42988/current/containerDir1/110714082147173031/chunks/110714082150122154.block
2023-07-14 19:27:05,889 [BlockDeletingService#0] INFO  impl.FilePerBlockStrategy (FilePerBlockStrategy.java:deleteChunk(254)) - Deleted block file: /home/runner/work/ozone/ozone/hadoop-hdds/container-service/target/test-dir/TestBlockDeletingService/hdds/ffbe08d1-b7ac-4736-9807-0cdbf2f42988/current/containerDir129/110714082128364187/chunks/110714082130920092.block
2023-07-14 19:27:05,890 [BlockDeletingService#0] WARN  utils.BackgroundService (BackgroundService.java:lambda$run$0(130)) - BlockDeletingService Background task execution took 2894423ns > 0ns(timeout)
2023-07-14 19:27:05,894 [BlockDeletingService#1] WARN  utils.BackgroundService (BackgroundService.java:lambda$run$0(130)) - BlockDeletingService Background task execution took 9225471ns > 0ns(timeout)
2023-07-14 19:27:05,894 [BlockDeletingService#2] INFO  impl.FilePerBlockStrategy (FilePerBlockStrategy.java:deleteChunk(254)) - Deleted block file: /home/runner/work/ozone/ozone/hadoop-hdds/container-service/target/test-dir/TestBlockDeletingService/hdds/ffbe08d1-b7ac-4736-9807-0cdbf2f42988/current/containerDir129/110714082140422819/chunks/110714082142978724.block
2023-07-14 19:27:05,895 [BlockDeletingService#2] INFO  impl.FilePerBlockStrategy (FilePerBlockStrategy.java:deleteChunk(254)) - Deleted block file: /home/runner/work/ozone/ozone/hadoop-hdds/container-service/target/test-dir/TestBlockDeletingService/hdds/ffbe08d1-b7ac-4736-9807-0cdbf2f42988/current/containerDir129/110714082140422819/chunks/110714082143109797.block
2023-07-14 19:27:05,895 [BlockDeletingService#2] INFO  impl.FilePerBlockStrategy (FilePerBlockStrategy.java:deleteChunk(254)) - Deleted block file: /home/runner/work/ozone/ozone/hadoop-hdds/container-service/target/test-dir/TestBlockDeletingService/hdds/ffbe08d1-b7ac-4736-9807-0cdbf2f42988/current/containerDir129/110714082140422819/chunks/110714082143175334.block
2023-07-14 19:27:05,895 [BlockDeletingService#2] WARN  utils.BackgroundService (BackgroundService.java:lambda$run$0(130)) - BlockDeletingService Background task execution took 7414757ns > 0ns(timeout)
2023-07-14 19:27:05,895 [BlockDeletingService#3] INFO  impl.FilePerBlockStrategy (FilePerBlockStrategy.java:deleteChunk(254)) - Deleted block file: /home/runner/work/ozone/ozone/hadoop-hdds/container-service/target/test-dir/TestBlockDeletingService/hdds/ffbe08d1-b7ac-4736-9807-0cdbf2f42988/current/containerDir129/110714082134393503/chunks/110714082137014944.block
2023-07-14 19:27:05,895 [BlockDeletingService#3] INFO  impl.FilePerBlockStrategy (FilePerBlockStrategy.java:deleteChunk(254)) - Deleted block file: /home/runner/work/ozone/ozone/hadoop-hdds/container-service/target/test-dir/TestBlockDeletingService/hdds/ffbe08d1-b7ac-4736-9807-0cdbf2f42988/current/containerDir129/110714082134393503/chunks/110714082137146017.block
2023-07-14 19:27:05,896 [BlockDeletingService#3] INFO  impl.FilePerBlockStrategy (FilePerBlockStrategy.java:deleteChunk(254)) - Deleted block file: /home/runner/work/ozone/ozone/hadoop-hdds/container-service/target/test-dir/TestBlockDeletingService/hdds/ffbe08d1-b7ac-4736-9807-0cdbf2f42988/current/containerDir129/110714082134393503/chunks/110714082137211554.block
2023-07-14 19:27:05,896 [BlockDeletingService#3] WARN  utils.BackgroundService (BackgroundService.java:lambda$run$0(130)) - BlockDeletingService Background task execution took 8717167ns > 0ns(timeout)
2023-07-14 19:27:05,982 [BlockDeletingService#0] INFO  interfaces.ContainerDeletionChoosingPolicyTemplate (ContainerDeletionChoosingPolicyTemplate.java:chooseContainerForBlockDeletion(83)) - Chosen 5/5 blocks from 2 candidate containers.
2023-07-14 19:27:05,985 [BlockDeletingService#1] INFO  impl.FilePerBlockStrategy (FilePerBlockStrategy.java:deleteChunk(254)) - Deleted block file: /home/runner/work/ozone/ozone/hadoop-hdds/container-service/target/test-dir/TestBlockDeletingService/hdds/ffbe08d1-b7ac-4736-9807-0cdbf2f42988/current/containerDir129/110714082122465943/chunks/110714082124956312.block
2023-07-14 19:27:05,985 [BlockDeletingService#1] INFO  impl.FilePerBlockStrategy (FilePerBlockStrategy.java:deleteChunk(254)) - Deleted block file: /home/runner/work/ozone/ozone/hadoop-hdds/container-service/target/test-dir/TestBlockDeletingService/hdds/ffbe08d1-b7ac-4736-9807-0cdbf2f42988/current/containerDir129/110714082122465943/chunks/110714082125087385.block
2023-07-14 19:27:05,985 [BlockDeletingService#1] INFO  impl.FilePerBlockStrategy (FilePerBlockStrategy.java:deleteChunk(254)) - Deleted block file: /home/runner/work/ozone/ozone/hadoop-hdds/container-service/target/test-dir/TestBlockDeletingService/hdds/ffbe08d1-b7ac-4736-9807-0cdbf2f42988/current/containerDir129/110714082122465943/chunks/110714082125152922.block
2023-07-14 19:27:05,986 [BlockDeletingService#1] WARN  utils.BackgroundService (BackgroundService.java:lambda$run$0(130)) - BlockDeletingService Background task execution took 3045624ns > 0ns(timeout)
2023-07-14 19:27:05,986 [BlockDeletingService#2] INFO  impl.FilePerBlockStrategy (FilePerBlockStrategy.java:deleteChunk(254)) - Deleted block file: /home/runner/work/ozone/ozone/hadoop-hdds/container-service/target/test-dir/TestBlockDeletingService/hdds/ffbe08d1-b7ac-4736-9807-0cdbf2f42988/current/containerDir129/110714082128364187/chunks/110714082130985629.block
2023-07-14 19:27:05,986 [BlockDeletingService#2] INFO  impl.FilePerBlockStrategy (FilePerBlockStrategy.java:deleteChunk(254)) - Deleted block file: /home/runner/work/ozone/ozone/hadoop-hdds/container-service/target/test-dir/TestBlockDeletingService/hdds/ffbe08d1-b7ac-4736-9807-0cdbf2f42988/current/containerDir129/110714082128364187/chunks/110714082131051166.block
2023-07-14 19:27:05,987 [BlockDeletingService#2] WARN  utils.BackgroundService (BackgroundService.java:lambda$run$0(130)) - BlockDeletingService Background task execution took 3761629ns > 0ns(timeout)
2023-07-14 19:27:06,082 [Time-limited test] INFO  utils.BackgroundService (BackgroundService.java:shutdown(141)) - Shutting down service BlockDeletingService
]]></system-out>
  </testcase>
  <testcase name="testBlockThrottle" classname="TestBlockDeletingService" time="0.793">
    <system-out><![CDATA[2023-07-14 19:27:07,430 [main] INFO  volume.HddsVolume (HddsVolume.java:<init>(126)) - Creating HddsVolume: /home/runner/work/ozone/ozone/hadoop-hdds/container-service/target/test-dir/TestBlockDeletingService/hdds of storage type : DISK capacity : 9223372036854775807
2023-07-14 19:27:07,432 [main] INFO  volume.MutableVolumeSet (MutableVolumeSet.java:initializeVolumeSet(175)) - Added Volume : /home/runner/work/ozone/ozone/hadoop-hdds/container-service/target/test-dir/TestBlockDeletingService/hdds to VolumeSet
2023-07-14 19:27:07,997 [BlockDeletingService#0] INFO  interfaces.ContainerDeletionChoosingPolicyTemplate (ContainerDeletionChoosingPolicyTemplate.java:chooseContainerForBlockDeletion(83)) - Chosen 10/0 blocks from 5 candidate containers.
2023-07-14 19:27:08,004 [BlockDeletingService#0] INFO  impl.FilePerBlockStrategy (FilePerBlockStrategy.java:deleteChunk(254)) - Deleted block file: /home/runner/work/ozone/ozone/hadoop-hdds/container-service/target/test-dir/TestBlockDeletingService/hdds/9e73a86d-7c97-4bbf-8b63-2771530968a8/current/containerDir129/110714082261795612/chunks/110714082264548125.block
2023-07-14 19:27:08,004 [BlockDeletingService#0] INFO  impl.FilePerBlockStrategy (FilePerBlockStrategy.java:deleteChunk(254)) - Deleted block file: /home/runner/work/ozone/ozone/hadoop-hdds/container-service/target/test-dir/TestBlockDeletingService/hdds/9e73a86d-7c97-4bbf-8b63-2771530968a8/current/containerDir129/110714082261795612/chunks/110714082264613662.block
2023-07-14 19:27:08,004 [BlockDeletingService#0] INFO  impl.FilePerBlockStrategy (FilePerBlockStrategy.java:deleteChunk(254)) - Deleted block file: /home/runner/work/ozone/ozone/hadoop-hdds/container-service/target/test-dir/TestBlockDeletingService/hdds/9e73a86d-7c97-4bbf-8b63-2771530968a8/current/containerDir129/110714082261795612/chunks/110714082264679199.block
2023-07-14 19:27:08,006 [BlockDeletingService#1] INFO  impl.FilePerBlockStrategy (FilePerBlockStrategy.java:deleteChunk(254)) - Deleted block file: /home/runner/work/ozone/ozone/hadoop-hdds/container-service/target/test-dir/TestBlockDeletingService/hdds/9e73a86d-7c97-4bbf-8b63-2771530968a8/current/containerDir1/110714082285978412/chunks/110714082288468781.block
2023-07-14 19:27:08,006 [BlockDeletingService#2] INFO  impl.FilePerBlockStrategy (FilePerBlockStrategy.java:deleteChunk(254)) - Deleted block file: /home/runner/work/ozone/ozone/hadoop-hdds/container-service/target/test-dir/TestBlockDeletingService/hdds/9e73a86d-7c97-4bbf-8b63-2771530968a8/current/containerDir1/110714082268283680/chunks/110714082270839585.block
2023-07-14 19:27:08,006 [BlockDeletingService#1] INFO  impl.FilePerBlockStrategy (FilePerBlockStrategy.java:deleteChunk(254)) - Deleted block file: /home/runner/work/ozone/ozone/hadoop-hdds/container-service/target/test-dir/TestBlockDeletingService/hdds/9e73a86d-7c97-4bbf-8b63-2771530968a8/current/containerDir1/110714082285978412/chunks/110714082288599854.block
2023-07-14 19:27:08,006 [BlockDeletingService#1] INFO  impl.FilePerBlockStrategy (FilePerBlockStrategy.java:deleteChunk(254)) - Deleted block file: /home/runner/work/ozone/ozone/hadoop-hdds/container-service/target/test-dir/TestBlockDeletingService/hdds/9e73a86d-7c97-4bbf-8b63-2771530968a8/current/containerDir1/110714082285978412/chunks/110714082288665391.block
2023-07-14 19:27:08,006 [BlockDeletingService#1] WARN  utils.BackgroundService (BackgroundService.java:lambda$run$0(130)) - BlockDeletingService Background task execution took 9127570ns > 0ns(timeout)
2023-07-14 19:27:08,007 [BlockDeletingService#2] WARN  utils.BackgroundService (BackgroundService.java:lambda$run$0(130)) - BlockDeletingService Background task execution took 8854469ns > 0ns(timeout)
2023-07-14 19:27:08,007 [BlockDeletingService#0] WARN  utils.BackgroundService (BackgroundService.java:lambda$run$0(130)) - BlockDeletingService Background task execution took 8362764ns > 0ns(timeout)
2023-07-14 19:27:08,007 [BlockDeletingService#3] INFO  impl.FilePerBlockStrategy (FilePerBlockStrategy.java:deleteChunk(254)) - Deleted block file: /home/runner/work/ozone/ozone/hadoop-hdds/container-service/target/test-dir/TestBlockDeletingService/hdds/9e73a86d-7c97-4bbf-8b63-2771530968a8/current/containerDir129/110714082274247460/chunks/110714082276737829.block
2023-07-14 19:27:08,007 [BlockDeletingService#3] INFO  impl.FilePerBlockStrategy (FilePerBlockStrategy.java:deleteChunk(254)) - Deleted block file: /home/runner/work/ozone/ozone/hadoop-hdds/container-service/target/test-dir/TestBlockDeletingService/hdds/9e73a86d-7c97-4bbf-8b63-2771530968a8/current/containerDir129/110714082274247460/chunks/110714082276803366.block
2023-07-14 19:27:08,007 [BlockDeletingService#3] INFO  impl.FilePerBlockStrategy (FilePerBlockStrategy.java:deleteChunk(254)) - Deleted block file: /home/runner/work/ozone/ozone/hadoop-hdds/container-service/target/test-dir/TestBlockDeletingService/hdds/9e73a86d-7c97-4bbf-8b63-2771530968a8/current/containerDir129/110714082274247460/chunks/110714082276868903.block
2023-07-14 19:27:08,008 [BlockDeletingService#3] WARN  utils.BackgroundService (BackgroundService.java:lambda$run$0(130)) - BlockDeletingService Background task execution took 9769276ns > 0ns(timeout)
2023-07-14 19:27:08,096 [BlockDeletingService#1] INFO  interfaces.ContainerDeletionChoosingPolicyTemplate (ContainerDeletionChoosingPolicyTemplate.java:chooseContainerForBlockDeletion(83)) - Chosen 5/5 blocks from 2 candidate containers.
2023-07-14 19:27:08,098 [BlockDeletingService#6] INFO  impl.FilePerBlockStrategy (FilePerBlockStrategy.java:deleteChunk(254)) - Deleted block file: /home/runner/work/ozone/ozone/hadoop-hdds/container-service/target/test-dir/TestBlockDeletingService/hdds/9e73a86d-7c97-4bbf-8b63-2771530968a8/current/containerDir1/110714082280211240/chunks/110714082282636073.block
2023-07-14 19:27:08,098 [BlockDeletingService#6] INFO  impl.FilePerBlockStrategy (FilePerBlockStrategy.java:deleteChunk(254)) - Deleted block file: /home/runner/work/ozone/ozone/hadoop-hdds/container-service/target/test-dir/TestBlockDeletingService/hdds/9e73a86d-7c97-4bbf-8b63-2771530968a8/current/containerDir1/110714082280211240/chunks/110714082282701610.block
2023-07-14 19:27:08,098 [BlockDeletingService#6] INFO  impl.FilePerBlockStrategy (FilePerBlockStrategy.java:deleteChunk(254)) - Deleted block file: /home/runner/work/ozone/ozone/hadoop-hdds/container-service/target/test-dir/TestBlockDeletingService/hdds/9e73a86d-7c97-4bbf-8b63-2771530968a8/current/containerDir1/110714082280211240/chunks/110714082282767147.block
2023-07-14 19:27:08,099 [BlockDeletingService#6] WARN  utils.BackgroundService (BackgroundService.java:lambda$run$0(130)) - BlockDeletingService Background task execution took 2251517ns > 0ns(timeout)
2023-07-14 19:27:08,099 [BlockDeletingService#2] INFO  impl.FilePerBlockStrategy (FilePerBlockStrategy.java:deleteChunk(254)) - Deleted block file: /home/runner/work/ozone/ozone/hadoop-hdds/container-service/target/test-dir/TestBlockDeletingService/hdds/9e73a86d-7c97-4bbf-8b63-2771530968a8/current/containerDir1/110714082268283680/chunks/110714082270905122.block
2023-07-14 19:27:08,099 [BlockDeletingService#2] INFO  impl.FilePerBlockStrategy (FilePerBlockStrategy.java:deleteChunk(254)) - Deleted block file: /home/runner/work/ozone/ozone/hadoop-hdds/container-service/target/test-dir/TestBlockDeletingService/hdds/9e73a86d-7c97-4bbf-8b63-2771530968a8/current/containerDir1/110714082268283680/chunks/110714082270970659.block
2023-07-14 19:27:08,100 [BlockDeletingService#2] WARN  utils.BackgroundService (BackgroundService.java:lambda$run$0(130)) - BlockDeletingService Background task execution took 1206208ns > 0ns(timeout)
2023-07-14 19:27:08,195 [Time-limited test] INFO  utils.BackgroundService (BackgroundService.java:shutdown(141)) - Shutting down service BlockDeletingService
]]></system-out>
  </testcase>
  <testcase name="testBlockThrottle" classname="TestBlockDeletingService" time="0.813">
    <system-out><![CDATA[2023-07-14 19:27:10,367 [main] INFO  volume.HddsVolume (HddsVolume.java:<init>(126)) - Creating HddsVolume: /home/runner/work/ozone/ozone/hadoop-hdds/container-service/target/test-dir/TestBlockDeletingService/hdds of storage type : DISK capacity : 9223372036854775807
2023-07-14 19:27:10,371 [main] INFO  volume.MutableVolumeSet (MutableVolumeSet.java:initializeVolumeSet(175)) - Added Volume : /home/runner/work/ozone/ozone/hadoop-hdds/container-service/target/test-dir/TestBlockDeletingService/hdds to VolumeSet
2023-07-14 19:27:10,956 [BlockDeletingService#0] INFO  interfaces.ContainerDeletionChoosingPolicyTemplate (ContainerDeletionChoosingPolicyTemplate.java:chooseContainerForBlockDeletion(83)) - Chosen 10/0 blocks from 5 candidate containers.
2023-07-14 19:27:10,958 [BlockDeletingService#1] INFO  impl.FilePerBlockStrategy (FilePerBlockStrategy.java:deleteChunk(254)) - Deleted block file: /home/runner/work/ozone/ozone/hadoop-hdds/container-service/target/test-dir/TestBlockDeletingService/hdds/cf25604b-a904-4361-b9f0-19c12cca5173/current/containerDir1/110714082479965113/chunks/110714082482521018.block
2023-07-14 19:27:10,959 [BlockDeletingService#0] INFO  impl.FilePerBlockStrategy (FilePerBlockStrategy.java:deleteChunk(254)) - Deleted block file: /home/runner/work/ozone/ozone/hadoop-hdds/container-service/target/test-dir/TestBlockDeletingService/hdds/cf25604b-a904-4361-b9f0-19c12cca5173/current/containerDir129/110714082454733737/chunks/110714082457224106.block
2023-07-14 19:27:10,959 [BlockDeletingService#0] INFO  impl.FilePerBlockStrategy (FilePerBlockStrategy.java:deleteChunk(254)) - Deleted block file: /home/runner/work/ozone/ozone/hadoop-hdds/container-service/target/test-dir/TestBlockDeletingService/hdds/cf25604b-a904-4361-b9f0-19c12cca5173/current/containerDir129/110714082454733737/chunks/110714082457355179.block
2023-07-14 19:27:10,959 [BlockDeletingService#0] INFO  impl.FilePerBlockStrategy (FilePerBlockStrategy.java:deleteChunk(254)) - Deleted block file: /home/runner/work/ozone/ozone/hadoop-hdds/container-service/target/test-dir/TestBlockDeletingService/hdds/cf25604b-a904-4361-b9f0-19c12cca5173/current/containerDir129/110714082454733737/chunks/110714082457420716.block
2023-07-14 19:27:10,960 [BlockDeletingService#0] WARN  utils.BackgroundService (BackgroundService.java:lambda$run$0(130)) - BlockDeletingService Background task execution took 1646312ns > 0ns(timeout)
2023-07-14 19:27:10,960 [BlockDeletingService#0] INFO  impl.FilePerBlockStrategy (FilePerBlockStrategy.java:deleteChunk(254)) - Deleted block file: /home/runner/work/ozone/ozone/hadoop-hdds/container-service/target/test-dir/TestBlockDeletingService/hdds/cf25604b-a904-4361-b9f0-19c12cca5173/current/containerDir129/110714082466792369/chunks/110714082469610418.block
2023-07-14 19:27:10,961 [BlockDeletingService#0] INFO  impl.FilePerBlockStrategy (FilePerBlockStrategy.java:deleteChunk(254)) - Deleted block file: /home/runner/work/ozone/ozone/hadoop-hdds/container-service/target/test-dir/TestBlockDeletingService/hdds/cf25604b-a904-4361-b9f0-19c12cca5173/current/containerDir129/110714082466792369/chunks/110714082469675955.block
2023-07-14 19:27:10,961 [BlockDeletingService#0] INFO  impl.FilePerBlockStrategy (FilePerBlockStrategy.java:deleteChunk(254)) - Deleted block file: /home/runner/work/ozone/ozone/hadoop-hdds/container-service/target/test-dir/TestBlockDeletingService/hdds/cf25604b-a904-4361-b9f0-19c12cca5173/current/containerDir129/110714082466792369/chunks/110714082469807028.block
2023-07-14 19:27:10,961 [BlockDeletingService#0] WARN  utils.BackgroundService (BackgroundService.java:lambda$run$0(130)) - BlockDeletingService Background task execution took 1247709ns > 0ns(timeout)
2023-07-14 19:27:10,961 [BlockDeletingService#2] INFO  impl.FilePerBlockStrategy (FilePerBlockStrategy.java:deleteChunk(254)) - Deleted block file: /home/runner/work/ozone/ozone/hadoop-hdds/container-service/target/test-dir/TestBlockDeletingService/hdds/cf25604b-a904-4361-b9f0-19c12cca5173/current/containerDir129/110714082473870261/chunks/110714082476622774.block
2023-07-14 19:27:10,962 [BlockDeletingService#2] WARN  utils.BackgroundService (BackgroundService.java:lambda$run$0(130)) - BlockDeletingService Background task execution took 4702835ns > 0ns(timeout)
2023-07-14 19:27:10,962 [BlockDeletingService#1] INFO  impl.FilePerBlockStrategy (FilePerBlockStrategy.java:deleteChunk(254)) - Deleted block file: /home/runner/work/ozone/ozone/hadoop-hdds/container-service/target/test-dir/TestBlockDeletingService/hdds/cf25604b-a904-4361-b9f0-19c12cca5173/current/containerDir1/110714082479965113/chunks/110714082482586555.block
2023-07-14 19:27:10,962 [BlockDeletingService#1] INFO  impl.FilePerBlockStrategy (FilePerBlockStrategy.java:deleteChunk(254)) - Deleted block file: /home/runner/work/ozone/ozone/hadoop-hdds/container-service/target/test-dir/TestBlockDeletingService/hdds/cf25604b-a904-4361-b9f0-19c12cca5173/current/containerDir1/110714082479965113/chunks/110714082482717628.block
2023-07-14 19:27:10,963 [BlockDeletingService#1] WARN  utils.BackgroundService (BackgroundService.java:lambda$run$0(130)) - BlockDeletingService Background task execution took 5917743ns > 0ns(timeout)
2023-07-14 19:27:11,056 [BlockDeletingService#0] INFO  interfaces.ContainerDeletionChoosingPolicyTemplate (ContainerDeletionChoosingPolicyTemplate.java:chooseContainerForBlockDeletion(83)) - Chosen 5/5 blocks from 2 candidate containers.
2023-07-14 19:27:11,057 [BlockDeletingService#2] INFO  impl.FilePerBlockStrategy (FilePerBlockStrategy.java:deleteChunk(254)) - Deleted block file: /home/runner/work/ozone/ozone/hadoop-hdds/container-service/target/test-dir/TestBlockDeletingService/hdds/cf25604b-a904-4361-b9f0-19c12cca5173/current/containerDir1/110714082460697517/chunks/110714082463056814.block
2023-07-14 19:27:11,057 [BlockDeletingService#2] INFO  impl.FilePerBlockStrategy (FilePerBlockStrategy.java:deleteChunk(254)) - Deleted block file: /home/runner/work/ozone/ozone/hadoop-hdds/container-service/target/test-dir/TestBlockDeletingService/hdds/cf25604b-a904-4361-b9f0-19c12cca5173/current/containerDir1/110714082460697517/chunks/110714082463187887.block
2023-07-14 19:27:11,057 [BlockDeletingService#3] INFO  impl.FilePerBlockStrategy (FilePerBlockStrategy.java:deleteChunk(254)) - Deleted block file: /home/runner/work/ozone/ozone/hadoop-hdds/container-service/target/test-dir/TestBlockDeletingService/hdds/cf25604b-a904-4361-b9f0-19c12cca5173/current/containerDir129/110714082473870261/chunks/110714082476688311.block
2023-07-14 19:27:11,057 [BlockDeletingService#2] INFO  impl.FilePerBlockStrategy (FilePerBlockStrategy.java:deleteChunk(254)) - Deleted block file: /home/runner/work/ozone/ozone/hadoop-hdds/container-service/target/test-dir/TestBlockDeletingService/hdds/cf25604b-a904-4361-b9f0-19c12cca5173/current/containerDir1/110714082460697517/chunks/110714082463253424.block
2023-07-14 19:27:11,057 [BlockDeletingService#3] INFO  impl.FilePerBlockStrategy (FilePerBlockStrategy.java:deleteChunk(254)) - Deleted block file: /home/runner/work/ozone/ozone/hadoop-hdds/container-service/target/test-dir/TestBlockDeletingService/hdds/cf25604b-a904-4361-b9f0-19c12cca5173/current/containerDir129/110714082473870261/chunks/110714082476753848.block
2023-07-14 19:27:11,058 [BlockDeletingService#2] WARN  utils.BackgroundService (BackgroundService.java:lambda$run$0(130)) - BlockDeletingService Background task execution took 1768613ns > 0ns(timeout)
2023-07-14 19:27:11,058 [BlockDeletingService#3] WARN  utils.BackgroundService (BackgroundService.java:lambda$run$0(130)) - BlockDeletingService Background task execution took 1639011ns > 0ns(timeout)
2023-07-14 19:27:11,155 [Time-limited test] INFO  utils.BackgroundService (BackgroundService.java:shutdown(141)) - Shutting down service BlockDeletingService
]]></system-out>
  </testcase>
  <testcase name="testBlockThrottle" classname="TestBlockDeletingService" time="0.627">
    <system-out><![CDATA[2023-07-14 19:27:13,368 [main] INFO  volume.HddsVolume (HddsVolume.java:<init>(126)) - Creating HddsVolume: /home/runner/work/ozone/ozone/hadoop-hdds/container-service/target/test-dir/TestBlockDeletingService/hdds of storage type : DISK capacity : 9223372036854775807
2023-07-14 19:27:13,371 [main] INFO  volume.MutableVolumeSet (MutableVolumeSet.java:initializeVolumeSet(175)) - Added Volume : /home/runner/work/ozone/ozone/hadoop-hdds/container-service/target/test-dir/TestBlockDeletingService/hdds to VolumeSet
2023-07-14 19:27:13,407 [main] INFO  utils.DatanodeStoreCache (DatanodeStoreCache.java:addDB(66)) - Added db /home/runner/work/ozone/ozone/hadoop-hdds/container-service/target/test-dir/TestBlockDeletingService/hdds/299f51a1-7219-42a3-a6fd-394638ed079c/DS-2bb64280-2d92-4b08-b1b3-ec876ecde0f6/container.db to cache
2023-07-14 19:27:13,407 [main] INFO  volume.HddsVolume (HddsVolume.java:createDbStore(422)) - SchemaV3 db is created and loaded at /home/runner/work/ozone/ozone/hadoop-hdds/container-service/target/test-dir/TestBlockDeletingService/hdds/299f51a1-7219-42a3-a6fd-394638ed079c/DS-2bb64280-2d92-4b08-b1b3-ec876ecde0f6/container.db for volume DS-2bb64280-2d92-4b08-b1b3-ec876ecde0f6
2023-07-14 19:27:13,779 [BlockDeletingService#0] INFO  interfaces.ContainerDeletionChoosingPolicyTemplate (ContainerDeletionChoosingPolicyTemplate.java:chooseContainerForBlockDeletion(83)) - Chosen 10/0 blocks from 5 candidate containers.
2023-07-14 19:27:13,782 [BlockDeletingService#2] INFO  impl.FilePerBlockStrategy (FilePerBlockStrategy.java:deleteChunk(254)) - Deleted block file: /home/runner/work/ozone/ozone/hadoop-hdds/container-service/target/test-dir/TestBlockDeletingService/hdds/299f51a1-7219-42a3-a6fd-394638ed079c/current/containerDir2/110714082667267145/chunks/110714082667463754.block
2023-07-14 19:27:13,782 [BlockDeletingService#2] WARN  utils.BackgroundService (BackgroundService.java:lambda$run$0(130)) - BlockDeletingService Background task execution took 2704219ns > 0ns(timeout)
2023-07-14 19:27:13,783 [BlockDeletingService#2] INFO  impl.FilePerBlockStrategy (FilePerBlockStrategy.java:deleteChunk(254)) - Deleted block file: /home/runner/work/ozone/ozone/hadoop-hdds/container-service/target/test-dir/TestBlockDeletingService/hdds/299f51a1-7219-42a3-a6fd-394638ed079c/current/containerDir2/110714082653242425/chunks/110714082653504570.block
2023-07-14 19:27:13,783 [BlockDeletingService#2] INFO  impl.FilePerBlockStrategy (FilePerBlockStrategy.java:deleteChunk(254)) - Deleted block file: /home/runner/work/ozone/ozone/hadoop-hdds/container-service/target/test-dir/TestBlockDeletingService/hdds/299f51a1-7219-42a3-a6fd-394638ed079c/current/containerDir2/110714082653242425/chunks/110714082653635643.block
2023-07-14 19:27:13,783 [BlockDeletingService#2] INFO  impl.FilePerBlockStrategy (FilePerBlockStrategy.java:deleteChunk(254)) - Deleted block file: /home/runner/work/ozone/ozone/hadoop-hdds/container-service/target/test-dir/TestBlockDeletingService/hdds/299f51a1-7219-42a3-a6fd-394638ed079c/current/containerDir2/110714082653242425/chunks/110714082653701180.block
2023-07-14 19:27:13,784 [BlockDeletingService#2] WARN  utils.BackgroundService (BackgroundService.java:lambda$run$0(130)) - BlockDeletingService Background task execution took 1402010ns > 0ns(timeout)
2023-07-14 19:27:13,785 [BlockDeletingService#3] INFO  impl.FilePerBlockStrategy (FilePerBlockStrategy.java:deleteChunk(254)) - Deleted block file: /home/runner/work/ozone/ozone/hadoop-hdds/container-service/target/test-dir/TestBlockDeletingService/hdds/299f51a1-7219-42a3-a6fd-394638ed079c/current/containerDir130/110714082656715837/chunks/110714082656912446.block
2023-07-14 19:27:13,785 [BlockDeletingService#3] INFO  impl.FilePerBlockStrategy (FilePerBlockStrategy.java:deleteChunk(254)) - Deleted block file: /home/runner/work/ozone/ozone/hadoop-hdds/container-service/target/test-dir/TestBlockDeletingService/hdds/299f51a1-7219-42a3-a6fd-394638ed079c/current/containerDir130/110714082656715837/chunks/110714082657043519.block
2023-07-14 19:27:13,785 [BlockDeletingService#3] INFO  impl.FilePerBlockStrategy (FilePerBlockStrategy.java:deleteChunk(254)) - Deleted block file: /home/runner/work/ozone/ozone/hadoop-hdds/container-service/target/test-dir/TestBlockDeletingService/hdds/299f51a1-7219-42a3-a6fd-394638ed079c/current/containerDir130/110714082656715837/chunks/110714082657109056.block
2023-07-14 19:27:13,785 [BlockDeletingService#3] WARN  utils.BackgroundService (BackgroundService.java:lambda$run$0(130)) - BlockDeletingService Background task execution took 5496740ns > 0ns(timeout)
2023-07-14 19:27:13,786 [BlockDeletingService#1] INFO  impl.FilePerBlockStrategy (FilePerBlockStrategy.java:deleteChunk(254)) - Deleted block file: /home/runner/work/ozone/ozone/hadoop-hdds/container-service/target/test-dir/TestBlockDeletingService/hdds/299f51a1-7219-42a3-a6fd-394638ed079c/current/containerDir2/110714082660058177/chunks/110714082660516930.block
2023-07-14 19:27:13,786 [BlockDeletingService#1] INFO  impl.FilePerBlockStrategy (FilePerBlockStrategy.java:deleteChunk(254)) - Deleted block file: /home/runner/work/ozone/ozone/hadoop-hdds/container-service/target/test-dir/TestBlockDeletingService/hdds/299f51a1-7219-42a3-a6fd-394638ed079c/current/containerDir2/110714082660058177/chunks/110714082660648003.block
2023-07-14 19:27:13,786 [BlockDeletingService#1] INFO  impl.FilePerBlockStrategy (FilePerBlockStrategy.java:deleteChunk(254)) - Deleted block file: /home/runner/work/ozone/ozone/hadoop-hdds/container-service/target/test-dir/TestBlockDeletingService/hdds/299f51a1-7219-42a3-a6fd-394638ed079c/current/containerDir2/110714082660058177/chunks/110714082660713540.block
2023-07-14 19:27:13,787 [BlockDeletingService#1] WARN  utils.BackgroundService (BackgroundService.java:lambda$run$0(130)) - BlockDeletingService Background task execution took 7309153ns > 0ns(timeout)
2023-07-14 19:27:13,882 [BlockDeletingService#2] INFO  interfaces.ContainerDeletionChoosingPolicyTemplate (ContainerDeletionChoosingPolicyTemplate.java:chooseContainerForBlockDeletion(83)) - Chosen 5/5 blocks from 2 candidate containers.
2023-07-14 19:27:13,883 [BlockDeletingService#3] INFO  impl.FilePerBlockStrategy (FilePerBlockStrategy.java:deleteChunk(254)) - Deleted block file: /home/runner/work/ozone/ozone/hadoop-hdds/container-service/target/test-dir/TestBlockDeletingService/hdds/299f51a1-7219-42a3-a6fd-394638ed079c/current/containerDir2/110714082663728197/chunks/110714082663924806.block
2023-07-14 19:27:13,883 [BlockDeletingService#3] INFO  impl.FilePerBlockStrategy (FilePerBlockStrategy.java:deleteChunk(254)) - Deleted block file: /home/runner/work/ozone/ozone/hadoop-hdds/container-service/target/test-dir/TestBlockDeletingService/hdds/299f51a1-7219-42a3-a6fd-394638ed079c/current/containerDir2/110714082663728197/chunks/110714082664055879.block
2023-07-14 19:27:13,883 [BlockDeletingService#3] INFO  impl.FilePerBlockStrategy (FilePerBlockStrategy.java:deleteChunk(254)) - Deleted block file: /home/runner/work/ozone/ozone/hadoop-hdds/container-service/target/test-dir/TestBlockDeletingService/hdds/299f51a1-7219-42a3-a6fd-394638ed079c/current/containerDir2/110714082663728197/chunks/110714082664121416.block
2023-07-14 19:27:13,883 [BlockDeletingService#3] WARN  utils.BackgroundService (BackgroundService.java:lambda$run$0(130)) - BlockDeletingService Background task execution took 1603712ns > 0ns(timeout)
2023-07-14 19:27:13,884 [BlockDeletingService#1] INFO  impl.FilePerBlockStrategy (FilePerBlockStrategy.java:deleteChunk(254)) - Deleted block file: /home/runner/work/ozone/ozone/hadoop-hdds/container-service/target/test-dir/TestBlockDeletingService/hdds/299f51a1-7219-42a3-a6fd-394638ed079c/current/containerDir2/110714082667267145/chunks/110714082667529291.block
2023-07-14 19:27:13,884 [BlockDeletingService#1] INFO  impl.FilePerBlockStrategy (FilePerBlockStrategy.java:deleteChunk(254)) - Deleted block file: /home/runner/work/ozone/ozone/hadoop-hdds/container-service/target/test-dir/TestBlockDeletingService/hdds/299f51a1-7219-42a3-a6fd-394638ed079c/current/containerDir2/110714082667267145/chunks/110714082667594828.block
2023-07-14 19:27:13,885 [BlockDeletingService#1] WARN  utils.BackgroundService (BackgroundService.java:lambda$run$0(130)) - BlockDeletingService Background task execution took 1138808ns > 0ns(timeout)
2023-07-14 19:27:13,977 [Time-limited test] INFO  utils.BackgroundService (BackgroundService.java:shutdown(141)) - Shutting down service BlockDeletingService
]]></system-out>
  </testcase>
  <testcase name="testPendingDeleteBlockReset" classname="TestBlockDeletingService" time="0.022">
    <system-out><![CDATA[2023-07-14 19:26:55,700 [main] INFO  volume.HddsVolume (HddsVolume.java:<init>(126)) - Creating HddsVolume: /home/runner/work/ozone/ozone/hadoop-hdds/container-service/target/test-dir/TestBlockDeletingService/hdds of storage type : DISK capacity : 9223372036854775807
2023-07-14 19:26:55,704 [main] INFO  volume.MutableVolumeSet (MutableVolumeSet.java:initializeVolumeSet(175)) - Added Volume : /home/runner/work/ozone/ozone/hadoop-hdds/container-service/target/test-dir/TestBlockDeletingService/hdds to VolumeSet
]]></system-out>
  </testcase>
  <testcase name="testPendingDeleteBlockReset" classname="TestBlockDeletingService" time="0.019">
    <system-out><![CDATA[2023-07-14 19:26:57,837 [main] INFO  volume.HddsVolume (HddsVolume.java:<init>(126)) - Creating HddsVolume: /home/runner/work/ozone/ozone/hadoop-hdds/container-service/target/test-dir/TestBlockDeletingService/hdds of storage type : DISK capacity : 9223372036854775807
2023-07-14 19:26:57,839 [main] INFO  volume.MutableVolumeSet (MutableVolumeSet.java:initializeVolumeSet(175)) - Added Volume : /home/runner/work/ozone/ozone/hadoop-hdds/container-service/target/test-dir/TestBlockDeletingService/hdds to VolumeSet
]]></system-out>
  </testcase>
  <testcase name="testPendingDeleteBlockReset" classname="TestBlockDeletingService" time="0.214">
    <system-out><![CDATA[2023-07-14 19:27:00,870 [main] INFO  volume.HddsVolume (HddsVolume.java:<init>(126)) - Creating HddsVolume: /home/runner/work/ozone/ozone/hadoop-hdds/container-service/target/test-dir/TestBlockDeletingService/hdds of storage type : DISK capacity : 9223372036854775807
2023-07-14 19:27:00,873 [main] INFO  volume.MutableVolumeSet (MutableVolumeSet.java:initializeVolumeSet(175)) - Added Volume : /home/runner/work/ozone/ozone/hadoop-hdds/container-service/target/test-dir/TestBlockDeletingService/hdds to VolumeSet
2023-07-14 19:27:01,062 [main] INFO  interfaces.ContainerDeletionChoosingPolicyTemplate (ContainerDeletionChoosingPolicyTemplate.java:chooseContainerForBlockDeletion(83)) - Chosen 2/0 blocks from 2 candidate containers.
2023-07-14 19:27:01,062 [main] INFO  background.BlockDeletingService (BlockDeletingService.java:deleteViaTransactionStore(498)) - No transaction found in container 110714081832075667 with pending delete block count 2
2023-07-14 19:27:01,063 [main] INFO  interfaces.ContainerDeletionChoosingPolicyTemplate (ContainerDeletionChoosingPolicyTemplate.java:chooseContainerForBlockDeletion(83)) - Chosen 1/1 blocks from 1 candidate containers.
2023-07-14 19:27:01,064 [main] INFO  impl.FilePerChunkStrategy (FilePerChunkStrategy.java:deleteChunk(322)) - Deleted chunk file /home/runner/work/ozone/ozone/hadoop-hdds/container-service/target/test-dir/TestBlockDeletingService/hdds/c91e95de-4fff-40ef-bddb-0e7dba1f2cb5/current/containerDir128/110714081838170516/chunks/110714081840660885_chunk_0_block_0 (size 100) for chunk ChunkInfo{chunkName='110714081840660885_chunk_0_block_0, offset=0, len=100}
]]></system-out>
  </testcase>
  <testcase name="testPendingDeleteBlockReset" classname="TestBlockDeletingService" time="0.181">
    <system-out><![CDATA[2023-07-14 19:27:03,793 [main] INFO  volume.HddsVolume (HddsVolume.java:<init>(126)) - Creating HddsVolume: /home/runner/work/ozone/ozone/hadoop-hdds/container-service/target/test-dir/TestBlockDeletingService/hdds of storage type : DISK capacity : 9223372036854775807
2023-07-14 19:27:03,795 [main] INFO  volume.MutableVolumeSet (MutableVolumeSet.java:initializeVolumeSet(175)) - Added Volume : /home/runner/work/ozone/ozone/hadoop-hdds/container-service/target/test-dir/TestBlockDeletingService/hdds to VolumeSet
2023-07-14 19:27:03,837 [main] INFO  utils.DatanodeStoreCache (DatanodeStoreCache.java:addDB(66)) - Added db /home/runner/work/ozone/ozone/hadoop-hdds/container-service/target/test-dir/TestBlockDeletingService/hdds/c9d8b1b5-8a25-4090-bb18-4bf6ff2b307f/DS-3b1ad54a-165a-425b-9de4-9d1b80b8ea3c/container.db to cache
2023-07-14 19:27:03,838 [main] INFO  volume.HddsVolume (HddsVolume.java:createDbStore(422)) - SchemaV3 db is created and loaded at /home/runner/work/ozone/ozone/hadoop-hdds/container-service/target/test-dir/TestBlockDeletingService/hdds/c9d8b1b5-8a25-4090-bb18-4bf6ff2b307f/DS-3b1ad54a-165a-425b-9de4-9d1b80b8ea3c/container.db for volume DS-3b1ad54a-165a-425b-9de4-9d1b80b8ea3c
2023-07-14 19:27:03,952 [main] INFO  interfaces.ContainerDeletionChoosingPolicyTemplate (ContainerDeletionChoosingPolicyTemplate.java:chooseContainerForBlockDeletion(83)) - Chosen 2/0 blocks from 2 candidate containers.
2023-07-14 19:27:03,953 [main] INFO  background.BlockDeletingService (BlockDeletingService.java:deleteViaTransactionStore(498)) - No transaction found in container 110714082026258979 with pending delete block count 2
2023-07-14 19:27:03,953 [main] INFO  interfaces.ContainerDeletionChoosingPolicyTemplate (ContainerDeletionChoosingPolicyTemplate.java:chooseContainerForBlockDeletion(83)) - Chosen 1/1 blocks from 1 candidate containers.
2023-07-14 19:27:03,954 [main] INFO  impl.FilePerChunkStrategy (FilePerChunkStrategy.java:deleteChunk(322)) - Deleted chunk file /home/runner/work/ozone/ozone/hadoop-hdds/container-service/target/test-dir/TestBlockDeletingService/hdds/c9d8b1b5-8a25-4090-bb18-4bf6ff2b307f/current/containerDir129/110714082029928996/chunks/110714082030191141_chunk_0_block_0 (size 100) for chunk ChunkInfo{chunkName='110714082030191141_chunk_0_block_0, offset=0, len=100}
]]></system-out>
  </testcase>
  <testcase name="testPendingDeleteBlockReset" classname="TestBlockDeletingService" time="0.022">
    <system-out><![CDATA[2023-07-14 19:27:06,114 [main] INFO  volume.HddsVolume (HddsVolume.java:<init>(126)) - Creating HddsVolume: /home/runner/work/ozone/ozone/hadoop-hdds/container-service/target/test-dir/TestBlockDeletingService/hdds of storage type : DISK capacity : 9223372036854775807
2023-07-14 19:27:06,116 [main] INFO  volume.MutableVolumeSet (MutableVolumeSet.java:initializeVolumeSet(175)) - Added Volume : /home/runner/work/ozone/ozone/hadoop-hdds/container-service/target/test-dir/TestBlockDeletingService/hdds to VolumeSet
]]></system-out>
  </testcase>
  <testcase name="testPendingDeleteBlockReset" classname="TestBlockDeletingService" time="0.017">
    <system-out><![CDATA[2023-07-14 19:27:08,223 [main] INFO  volume.HddsVolume (HddsVolume.java:<init>(126)) - Creating HddsVolume: /home/runner/work/ozone/ozone/hadoop-hdds/container-service/target/test-dir/TestBlockDeletingService/hdds of storage type : DISK capacity : 9223372036854775807
2023-07-14 19:27:08,225 [main] INFO  volume.MutableVolumeSet (MutableVolumeSet.java:initializeVolumeSet(175)) - Added Volume : /home/runner/work/ozone/ozone/hadoop-hdds/container-service/target/test-dir/TestBlockDeletingService/hdds to VolumeSet
]]></system-out>
  </testcase>
  <testcase name="testPendingDeleteBlockReset" classname="TestBlockDeletingService" time="0.189">
    <system-out><![CDATA[2023-07-14 19:27:11,179 [main] INFO  volume.HddsVolume (HddsVolume.java:<init>(126)) - Creating HddsVolume: /home/runner/work/ozone/ozone/hadoop-hdds/container-service/target/test-dir/TestBlockDeletingService/hdds of storage type : DISK capacity : 9223372036854775807
2023-07-14 19:27:11,181 [main] INFO  volume.MutableVolumeSet (MutableVolumeSet.java:initializeVolumeSet(175)) - Added Volume : /home/runner/work/ozone/ozone/hadoop-hdds/container-service/target/test-dir/TestBlockDeletingService/hdds to VolumeSet
2023-07-14 19:27:11,321 [BlockDeletingService#1] INFO  interfaces.ContainerDeletionChoosingPolicyTemplate (ContainerDeletionChoosingPolicyTemplate.java:chooseContainerForBlockDeletion(83)) - Chosen 0/3 blocks from 0 candidate containers.
2023-07-14 19:27:11,349 [main] INFO  interfaces.ContainerDeletionChoosingPolicyTemplate (ContainerDeletionChoosingPolicyTemplate.java:chooseContainerForBlockDeletion(83)) - Chosen 2/0 blocks from 2 candidate containers.
2023-07-14 19:27:11,350 [main] INFO  background.BlockDeletingService (BlockDeletingService.java:deleteViaTransactionStore(498)) - No transaction found in container 110714082507228093 with pending delete block count 2
2023-07-14 19:27:11,350 [main] INFO  interfaces.ContainerDeletionChoosingPolicyTemplate (ContainerDeletionChoosingPolicyTemplate.java:chooseContainerForBlockDeletion(83)) - Chosen 1/1 blocks from 1 candidate containers.
2023-07-14 19:27:11,351 [main] INFO  impl.FilePerBlockStrategy (FilePerBlockStrategy.java:deleteChunk(254)) - Deleted block file: /home/runner/work/ozone/ozone/hadoop-hdds/container-service/target/test-dir/TestBlockDeletingService/hdds/7fc40e6a-00cb-4e33-91dc-c5e736c607b1/current/containerDir1/110714082512733118/chunks/110714082515026879.block
]]></system-out>
  </testcase>
  <testcase name="testPendingDeleteBlockReset" classname="TestBlockDeletingService" time="0.167">
    <system-out><![CDATA[2023-07-14 19:27:13,999 [main] INFO  volume.HddsVolume (HddsVolume.java:<init>(126)) - Creating HddsVolume: /home/runner/work/ozone/ozone/hadoop-hdds/container-service/target/test-dir/TestBlockDeletingService/hdds of storage type : DISK capacity : 9223372036854775807
2023-07-14 19:27:14,001 [main] INFO  volume.MutableVolumeSet (MutableVolumeSet.java:initializeVolumeSet(175)) - Added Volume : /home/runner/work/ozone/ozone/hadoop-hdds/container-service/target/test-dir/TestBlockDeletingService/hdds to VolumeSet
2023-07-14 19:27:14,039 [main] INFO  utils.DatanodeStoreCache (DatanodeStoreCache.java:addDB(66)) - Added db /home/runner/work/ozone/ozone/hadoop-hdds/container-service/target/test-dir/TestBlockDeletingService/hdds/f32bc89f-68f4-48c4-b6a0-bb8a9f44e29f/DS-5d1c9aa9-526c-4bee-96aa-30045e923613/container.db to cache
2023-07-14 19:27:14,039 [main] INFO  volume.HddsVolume (HddsVolume.java:createDbStore(422)) - SchemaV3 db is created and loaded at /home/runner/work/ozone/ozone/hadoop-hdds/container-service/target/test-dir/TestBlockDeletingService/hdds/f32bc89f-68f4-48c4-b6a0-bb8a9f44e29f/DS-5d1c9aa9-526c-4bee-96aa-30045e923613/container.db for volume DS-5d1c9aa9-526c-4bee-96aa-30045e923613
2023-07-14 19:27:14,145 [main] INFO  interfaces.ContainerDeletionChoosingPolicyTemplate (ContainerDeletionChoosingPolicyTemplate.java:chooseContainerForBlockDeletion(83)) - Chosen 2/0 blocks from 2 candidate containers.
2023-07-14 19:27:14,145 [main] INFO  background.BlockDeletingService (BlockDeletingService.java:deleteViaTransactionStore(498)) - No transaction found in container 110714082694661197 with pending delete block count 2
2023-07-14 19:27:14,146 [main] INFO  interfaces.ContainerDeletionChoosingPolicyTemplate (ContainerDeletionChoosingPolicyTemplate.java:chooseContainerForBlockDeletion(83)) - Chosen 1/1 blocks from 1 candidate containers.
2023-07-14 19:27:14,147 [main] INFO  impl.FilePerBlockStrategy (FilePerBlockStrategy.java:deleteChunk(254)) - Deleted block file: /home/runner/work/ozone/ozone/hadoop-hdds/container-service/target/test-dir/TestBlockDeletingService/hdds/f32bc89f-68f4-48c4-b6a0-bb8a9f44e29f/current/containerDir130/110714082698003534/chunks/110714082698265679.block
]]></system-out>
  </testcase>
</testsuite>