<?xml version="1.0" encoding="UTF-8"?>
<testsuite xmlns:xsi="http://www.w3.org/2001/XMLSchema-instance" xsi:noNamespaceSchemaLocation="https://maven.apache.org/surefire/maven-surefire-plugin/xsd/surefire-test-report.xsd" name="org.apache.hadoop.ozone.scm.TestSCMInstallSnapshotWithHA" time="170.14" tests="3" errors="0" skipped="0" failures="1">
  <properties>
    <property name="awt.toolkit" value="sun.awt.X11.XToolkit"/>
    <property name="file.encoding.pkg" value="sun.io"/>
    <property name="java.specification.version" value="1.8"/>
    <property name="sun.cpu.isalist" value=""/>
    <property name="sun.jnu.encoding" value="UTF-8"/>
    <property name="java.class.path" value="/home/runner/work/ozone/ozone/hadoop-ozone/integration-test/target/test-classes:/home/runner/work/ozone/ozone/hadoop-ozone/integration-test/target/classes:/home/runner/.m2/repository/org/apache/ozone/ozone-common/1.2.0-SNAPSHOT/ozone-common-1.2.0-SNAPSHOT.jar:/home/runner/.m2/repository/org/apache/commons/commons-compress/1.20/commons-compress-1.20.jar:/home/runner/.m2/repository/org/apache/ozone/hdds-common/1.2.0-SNAPSHOT/hdds-common-1.2.0-SNAPSHOT.jar:/home/runner/.m2/repository/org/apache/ozone/hdds-client/1.2.0-SNAPSHOT/hdds-client-1.2.0-SNAPSHOT.jar:/home/runner/.m2/repository/org/apache/ozone/ozone-interface-client/1.2.0-SNAPSHOT/ozone-interface-client-1.2.0-SNAPSHOT.jar:/home/runner/.m2/repository/org/apache/ozone/hdds-server-framework/1.2.0-SNAPSHOT/hdds-server-framework-1.2.0-SNAPSHOT.jar:/home/runner/.m2/repository/org/apache/ozone/hdds-interface-server/1.2.0-SNAPSHOT/hdds-interface-server-1.2.0-SNAPSHOT.jar:/home/runner/.m2/repository/org/eclipse/jetty/jetty-servlet/9.4.43.v20210629/jetty-servlet-9.4.43.v20210629.jar:/home/runner/.m2/repository/org/eclipse/jetty/jetty-security/9.4.43.v20210629/jetty-security-9.4.43.v20210629.jar:/home/runner/.m2/repository/org/rocksdb/rocksdbjni/6.20.3/rocksdbjni-6.20.3.jar:/home/runner/.m2/repository/io/prometheus/simpleclient_dropwizard/0.7.0/simpleclient_dropwizard-0.7.0.jar:/home/runner/.m2/repository/io/prometheus/simpleclient/0.7.0/simpleclient-0.7.0.jar:/home/runner/.m2/repository/io/prometheus/simpleclient_common/0.7.0/simpleclient_common-0.7.0.jar:/home/runner/.m2/repository/com/fasterxml/jackson/datatype/jackson-datatype-jsr310/2.12.1/jackson-datatype-jsr310-2.12.1.jar:/home/runner/.m2/repository/org/apache/ozone/hdds-test-utils/1.2.0-SNAPSHOT/hdds-test-utils-1.2.0-SNAPSHOT.jar:/home/runner/.m2/repository/com/google/guava/guava/30.1.1-jre/guava-30.1.1-jre.jar:/home/runner/.m2/repository/com/google/guava/failureaccess/1.0.1/failureaccess-1.0.1.jar:/home/runner/.m2/repository/com/google/guava/listenablefuture/9999.0-empty-to-avoid-conflict-with-guava/listenablefuture-9999.0-empty-to-avoid-conflict-with-guava.jar:/home/runner/.m2/repository/com/google/code/findbugs/jsr305/3.0.0/jsr305-3.0.0.jar:/home/runner/.m2/repository/org/checkerframework/checker-qual/3.8.0/checker-qual-3.8.0.jar:/home/runner/.m2/repository/com/google/errorprone/error_prone_annotations/2.2.0/error_prone_annotations-2.2.0.jar:/home/runner/.m2/repository/com/google/j2objc/j2objc-annotations/1.3/j2objc-annotations-1.3.jar:/home/runner/.m2/repository/commons-io/commons-io/2.8.0/commons-io-2.8.0.jar:/home/runner/.m2/repository/commons-logging/commons-logging/1.2/commons-logging-1.2.jar:/home/runner/.m2/repository/log4j/log4j/1.2.17/log4j-1.2.17.jar:/home/runner/.m2/repository/org/slf4j/slf4j-api/1.7.30/slf4j-api-1.7.30.jar:/home/runner/.m2/repository/org/apache/ozone/hdds-server-scm/1.2.0-SNAPSHOT/hdds-server-scm-1.2.0-SNAPSHOT.jar:/home/runner/.m2/repository/org/apache/ozone/hdds-container-service/1.2.0-SNAPSHOT/hdds-container-service-1.2.0-SNAPSHOT.jar:/home/runner/.m2/repository/org/apache/ozone/hdds-hadoop-dependency-server/1.2.0-SNAPSHOT/hdds-hadoop-dependency-server-1.2.0-SNAPSHOT.jar:/home/runner/.m2/repository/org/apache/hadoop/hadoop-hdfs/3.3.1/hadoop-hdfs-3.3.1.jar:/home/runner/.m2/repository/io/dropwizard/metrics/metrics-core/3.2.4/metrics-core-3.2.4.jar:/home/runner/.m2/repository/org/apache/hadoop/hadoop-hdfs-client/3.3.1/hadoop-hdfs-client-3.3.1.jar:/home/runner/.m2/repository/org/bouncycastle/bcprov-jdk15on/1.67/bcprov-jdk15on-1.67.jar:/home/runner/.m2/repository/com/google/protobuf/protobuf-java/2.5.0/protobuf-java-2.5.0.jar:/home/runner/.m2/repository/org/apache/ozone/ozone-manager/1.2.0-SNAPSHOT/ozone-manager-1.2.0-SNAPSHOT.jar:/home/runner/.m2/repository/org/aspectj/aspectjrt/1.8.9/aspectjrt-1.8.9.jar:/home/runner/.m2/repository/org/aspectj/aspectjweaver/1.8.9/aspectjweaver-1.8.9.jar:/home/runner/.m2/repository/org/apache/ozone/hdds-interface-client/1.2.0-SNAPSHOT/hdds-interface-client-1.2.0-SNAPSHOT.jar:/home/runner/.m2/repository/org/apache/hadoop/thirdparty/hadoop-shaded-protobuf_3_7/1.1.1/hadoop-shaded-protobuf_3_7-1.1.1.jar:/home/runner/.m2/repository/org/apache/ozone/ozone-interface-storage/1.2.0-SNAPSHOT/ozone-interface-storage-1.2.0-SNAPSHOT.jar:/home/runner/.m2/repository/org/reflections/reflections/0.9.11/reflections-0.9.11.jar:/home/runner/.m2/repository/org/apache/hadoop/hadoop-minikdc/3.3.1/hadoop-minikdc-3.3.1.jar:/home/runner/.m2/repository/org/apache/kerby/kerb-simplekdc/1.0.1/kerb-simplekdc-1.0.1.jar:/home/runner/.m2/repository/org/apache/kerby/kerb-client/1.0.1/kerb-client-1.0.1.jar:/home/runner/.m2/repository/org/apache/kerby/kerby-config/1.0.1/kerby-config-1.0.1.jar:/home/runner/.m2/repository/org/apache/kerby/kerb-common/1.0.1/kerb-common-1.0.1.jar:/home/runner/.m2/repository/org/apache/kerby/kerb-crypto/1.0.1/kerb-crypto-1.0.1.jar:/home/runner/.m2/repository/org/apache/kerby/kerb-util/1.0.1/kerb-util-1.0.1.jar:/home/runner/.m2/repository/org/apache/kerby/token-provider/1.0.1/token-provider-1.0.1.jar:/home/runner/.m2/repository/org/apache/kerby/kerb-admin/1.0.1/kerb-admin-1.0.1.jar:/home/runner/.m2/repository/org/apache/kerby/kerb-server/1.0.1/kerb-server-1.0.1.jar:/home/runner/.m2/repository/org/apache/kerby/kerb-identity/1.0.1/kerb-identity-1.0.1.jar:/home/runner/.m2/repository/org/apache/kerby/kerby-xdr/1.0.1/kerby-xdr-1.0.1.jar:/home/runner/.m2/repository/org/slf4j/slf4j-log4j12/1.7.30/slf4j-log4j12-1.7.30.jar:/home/runner/.m2/repository/org/apache/ozone/ozone-s3gateway/1.2.0-SNAPSHOT/ozone-s3gateway-1.2.0-SNAPSHOT.jar:/home/runner/.m2/repository/org/javassist/javassist/3.21.0-GA/javassist-3.21.0-GA.jar:/home/runner/.m2/repository/org/jboss/weld/servlet/weld-servlet/2.4.7.Final/weld-servlet-2.4.7.Final.jar:/home/runner/.m2/repository/org/glassfish/jersey/containers/jersey-container-servlet-core/2.33/jersey-container-servlet-core-2.33.jar:/home/runner/.m2/repository/org/glassfish/hk2/external/jakarta.inject/2.6.1/jakarta.inject-2.6.1.jar:/home/runner/.m2/repository/org/glassfish/jersey/core/jersey-common/2.33/jersey-common-2.33.jar:/home/runner/.m2/repository/jakarta/ws/rs/jakarta.ws.rs-api/2.1.6/jakarta.ws.rs-api-2.1.6.jar:/home/runner/.m2/repository/org/glassfish/jersey/ext/cdi/jersey-cdi1x/2.33/jersey-cdi1x-2.33.jar:/home/runner/.m2/repository/org/glassfish/jersey/inject/jersey-hk2/2.33/jersey-hk2-2.33.jar:/home/runner/.m2/repository/org/glassfish/hk2/hk2-locator/2.6.1/hk2-locator-2.6.1.jar:/home/runner/.m2/repository/org/glassfish/jersey/media/jersey-media-jaxb/2.33/jersey-media-jaxb-2.33.jar:/home/runner/.m2/repository/org/glassfish/hk2/osgi-resource-locator/1.0.3/osgi-resource-locator-1.0.3.jar:/home/runner/.m2/repository/org/glassfish/hk2/hk2-api/2.5.0/hk2-api-2.5.0.jar:/home/runner/.m2/repository/org/glassfish/hk2/hk2-utils/2.5.0/hk2-utils-2.5.0.jar:/home/runner/.m2/repository/org/glassfish/hk2/external/aopalliance-repackaged/2.5.0/aopalliance-repackaged-2.5.0.jar:/home/runner/.m2/repository/com/fasterxml/jackson/dataformat/jackson-dataformat-xml/2.12.1/jackson-dataformat-xml-2.12.1.jar:/home/runner/.m2/repository/com/fasterxml/jackson/core/jackson-core/2.12.1/jackson-core-2.12.1.jar:/home/runner/.m2/repository/com/fasterxml/jackson/module/jackson-module-jaxb-annotations/2.12.1/jackson-module-jaxb-annotations-2.12.1.jar:/home/runner/.m2/repository/jakarta/xml/bind/jakarta.xml.bind-api/2.3.2/jakarta.xml.bind-api-2.3.2.jar:/home/runner/.m2/repository/org/codehaus/woodstox/stax2-api/3.1.4/stax2-api-3.1.4.jar:/home/runner/.m2/repository/com/fasterxml/woodstox/woodstox-core/5.0.3/woodstox-core-5.0.3.jar:/home/runner/.m2/repository/javax/enterprise/cdi-api/1.2/cdi-api-1.2.jar:/home/runner/.m2/repository/javax/el/javax.el-api/3.0.0/javax.el-api-3.0.0.jar:/home/runner/.m2/repository/javax/interceptor/javax.interceptor-api/1.2/javax.interceptor-api-1.2.jar:/home/runner/.m2/repository/javax/inject/javax.inject/1/javax.inject-1.jar:/home/runner/.m2/repository/javax/xml/bind/jaxb-api/2.3.0/jaxb-api-2.3.0.jar:/home/runner/.m2/repository/org/glassfish/jaxb/jaxb-runtime/2.3.0.1/jaxb-runtime-2.3.0.1.jar:/home/runner/.m2/repository/org/glassfish/jaxb/jaxb-core/2.3.0.1/jaxb-core-2.3.0.1.jar:/home/runner/.m2/repository/org/glassfish/jaxb/txw2/2.3.0.1/txw2-2.3.0.1.jar:/home/runner/.m2/repository/com/sun/istack/istack-commons-runtime/3.0.5/istack-commons-runtime-3.0.5.jar:/home/runner/.m2/repository/org/jvnet/staxex/stax-ex/1.7.8/stax-ex-1.7.8.jar:/home/runner/.m2/repository/com/sun/xml/fastinfoset/FastInfoset/1.2.13/FastInfoset-1.2.13.jar:/home/runner/.m2/repository/javax/activation/activation/1.1.1/activation-1.1.1.jar:/home/runner/.m2/repository/org/apache/ozone/ozone-csi/1.2.0-SNAPSHOT/ozone-csi-1.2.0-SNAPSHOT.jar:/home/runner/.m2/repository/com/google/protobuf/protobuf-java-util/3.12.0/protobuf-java-util-3.12.0.jar:/home/runner/.m2/repository/com/google/code/gson/gson/2.2.4/gson-2.2.4.jar:/home/runner/.m2/repository/org/apache/ozone/hdds-config/1.2.0-SNAPSHOT/hdds-config-1.2.0-SNAPSHOT.jar:/home/runner/.m2/repository/io/grpc/grpc-netty/1.33.0/grpc-netty-1.33.0.jar:/home/runner/.m2/repository/io/grpc/grpc-core/1.33.0/grpc-core-1.33.0.jar:/home/runner/.m2/repository/com/google/android/annotations/4.1.1.4/annotations-4.1.1.4.jar:/home/runner/.m2/repository/io/netty/netty-codec-http2/4.1.63.Final/netty-codec-http2-4.1.63.Final.jar:/home/runner/.m2/repository/io/netty/netty-codec-http/4.1.63.Final/netty-codec-http-4.1.63.Final.jar:/home/runner/.m2/repository/io/netty/netty-handler-proxy/4.1.63.Final/netty-handler-proxy-4.1.63.Final.jar:/home/runner/.m2/repository/io/netty/netty-codec-socks/4.1.63.Final/netty-codec-socks-4.1.63.Final.jar:/home/runner/.m2/repository/io/perfmark/perfmark-api/0.19.0/perfmark-api-0.19.0.jar:/home/runner/.m2/repository/org/codehaus/mojo/animal-sniffer-annotations/1.18/animal-sniffer-annotations-1.18.jar:/home/runner/.m2/repository/io/netty/netty-transport-native-epoll/4.1.63.Final/netty-transport-native-epoll-4.1.63.Final.jar:/home/runner/.m2/repository/io/netty/netty-common/4.1.63.Final/netty-common-4.1.63.Final.jar:/home/runner/.m2/repository/io/netty/netty-buffer/4.1.63.Final/netty-buffer-4.1.63.Final.jar:/home/runner/.m2/repository/io/netty/netty-transport-native-unix-common/4.1.63.Final/netty-transport-native-unix-common-4.1.63.Final.jar:/home/runner/.m2/repository/io/grpc/grpc-protobuf/1.33.0/grpc-protobuf-1.33.0.jar:/home/runner/.m2/repository/io/grpc/grpc-api/1.33.0/grpc-api-1.33.0.jar:/home/runner/.m2/repository/io/grpc/grpc-context/1.33.0/grpc-context-1.33.0.jar:/home/runner/.m2/repository/com/google/api/grpc/proto-google-common-protos/1.17.0/proto-google-common-protos-1.17.0.jar:/home/runner/.m2/repository/io/grpc/grpc-protobuf-lite/1.33.0/grpc-protobuf-lite-1.33.0.jar:/home/runner/.m2/repository/io/grpc/grpc-stub/1.33.0/grpc-stub-1.33.0.jar:/home/runner/.m2/repository/org/apache/ozone/ozone-recon/1.2.0-SNAPSHOT/ozone-recon-1.2.0-SNAPSHOT.jar:/home/runner/.m2/repository/org/apache/ozone/ozone-reconcodegen/1.2.0-SNAPSHOT/ozone-reconcodegen-1.2.0-SNAPSHOT.jar:/home/runner/.m2/repository/com/google/inject/extensions/guice-multibindings/4.0/guice-multibindings-4.0.jar:/home/runner/.m2/repository/com/google/inject/guice/4.0/guice-4.0.jar:/home/runner/.m2/repository/aopalliance/aopalliance/1.0/aopalliance-1.0.jar:/home/runner/.m2/repository/com/google/inject/extensions/guice-assistedinject/4.0/guice-assistedinject-4.0.jar:/home/runner/.m2/repository/com/google/inject/extensions/guice-servlet/4.0/guice-servlet-4.0.jar:/home/runner/.m2/repository/org/glassfish/jersey/containers/jersey-container-servlet/2.33/jersey-container-servlet-2.33.jar:/home/runner/.m2/repository/org/glassfish/hk2/guice-bridge/2.5.0/guice-bridge-2.5.0.jar:/home/runner/.m2/repository/org/glassfish/jersey/core/jersey-server/2.33/jersey-server-2.33.jar:/home/runner/.m2/repository/org/glassfish/jersey/core/jersey-client/2.33/jersey-client-2.33.jar:/home/runner/.m2/repository/jakarta/annotation/jakarta.annotation-api/1.3.5/jakarta.annotation-api-1.3.5.jar:/home/runner/.m2/repository/jakarta/validation/jakarta.validation-api/2.0.2/jakarta.validation-api-2.0.2.jar:/home/runner/.m2/repository/org/glassfish/jersey/media/jersey-media-json-jackson/2.33/jersey-media-json-jackson-2.33.jar:/home/runner/.m2/repository/org/glassfish/jersey/ext/jersey-entity-filtering/2.33/jersey-entity-filtering-2.33.jar:/home/runner/.m2/repository/org/jooq/jooq/3.11.10/jooq-3.11.10.jar:/home/runner/.m2/repository/org/jooq/jooq-meta/3.11.10/jooq-meta-3.11.10.jar:/home/runner/.m2/repository/org/jooq/jooq-codegen/3.11.10/jooq-codegen-3.11.10.jar:/home/runner/.m2/repository/com/jolbox/bonecp/0.8.0.RELEASE/bonecp-0.8.0.RELEASE.jar:/home/runner/.m2/repository/org/apache/derby/derby/10.14.2.0/derby-10.14.2.0.jar:/home/runner/.m2/repository/org/xerial/sqlite-jdbc/3.25.2/sqlite-jdbc-3.25.2.jar:/home/runner/.m2/repository/org/springframework/spring-jdbc/5.2.11.RELEASE/spring-jdbc-5.2.11.RELEASE.jar:/home/runner/.m2/repository/org/springframework/spring-beans/5.2.11.RELEASE/spring-beans-5.2.11.RELEASE.jar:/home/runner/.m2/repository/org/springframework/spring-core/5.2.11.RELEASE/spring-core-5.2.11.RELEASE.jar:/home/runner/.m2/repository/org/springframework/spring-jcl/5.2.11.RELEASE/spring-jcl-5.2.11.RELEASE.jar:/home/runner/.m2/repository/org/springframework/spring-tx/5.2.11.RELEASE/spring-tx-5.2.11.RELEASE.jar:/home/runner/.m2/repository/org/apache/ozone/ozone-client/1.2.0-SNAPSHOT/ozone-client-1.2.0-SNAPSHOT.jar:/home/runner/.m2/repository/org/apache/ozone/ozone-filesystem/1.2.0-SNAPSHOT/ozone-filesystem-1.2.0-SNAPSHOT.jar:/home/runner/.m2/repository/org/apache/ozone/ozone-filesystem-common/1.2.0-SNAPSHOT/ozone-filesystem-common-1.2.0-SNAPSHOT.jar:/home/runner/.m2/repository/org/apache/ozone/ozone-tools/1.2.0-SNAPSHOT/ozone-tools-1.2.0-SNAPSHOT.jar:/home/runner/.m2/repository/org/apache/ratis/ratis-tools/2.1.0-03f3b68-SNAPSHOT/ratis-tools-2.1.0-03f3b68-SNAPSHOT.jar:/home/runner/.m2/repository/com/amazonaws/aws-java-sdk-core/1.11.901/aws-java-sdk-core-1.11.901.jar:/home/runner/.m2/repository/org/apache/httpcomponents/httpclient/4.5.13/httpclient-4.5.13.jar:/home/runner/.m2/repository/org/apache/httpcomponents/httpcore/4.4.13/httpcore-4.4.13.jar:/home/runner/.m2/repository/software/amazon/ion/ion-java/1.0.2/ion-java-1.0.2.jar:/home/runner/.m2/repository/com/fasterxml/jackson/dataformat/jackson-dataformat-cbor/2.12.1/jackson-dataformat-cbor-2.12.1.jar:/home/runner/.m2/repository/joda-time/joda-time/2.8.1/joda-time-2.8.1.jar:/home/runner/.m2/repository/com/amazonaws/aws-java-sdk-s3/1.11.901/aws-java-sdk-s3-1.11.901.jar:/home/runner/.m2/repository/com/amazonaws/aws-java-sdk-kms/1.11.901/aws-java-sdk-kms-1.11.901.jar:/home/runner/.m2/repository/com/amazonaws/jmespath-java/1.11.901/jmespath-java-1.11.901.jar:/home/runner/.m2/repository/org/kohsuke/metainf-services/metainf-services/1.8/metainf-services-1.8.jar:/home/runner/.m2/repository/org/apache/ozone/hdds-tools/1.2.0-SNAPSHOT/hdds-tools-1.2.0-SNAPSHOT.jar:/home/runner/.m2/repository/commons-cli/commons-cli/1.2/commons-cli-1.2.jar:/home/runner/.m2/repository/org/apache/commons/commons-lang3/3.7/commons-lang3-3.7.jar:/home/runner/.m2/repository/org/apache/ozone/ozone-manager/1.2.0-SNAPSHOT/ozone-manager-1.2.0-SNAPSHOT-tests.jar:/home/runner/.m2/repository/org/apache/ozone/hdds-common/1.2.0-SNAPSHOT/hdds-common-1.2.0-SNAPSHOT-tests.jar:/home/runner/.m2/repository/org/apache/ozone/hdds-hadoop-dependency-client/1.2.0-SNAPSHOT/hdds-hadoop-dependency-client-1.2.0-SNAPSHOT.jar:/home/runner/.m2/repository/info/picocli/picocli/4.6.1/picocli-4.6.1.jar:/home/runner/.m2/repository/com/fasterxml/jackson/core/jackson-annotations/2.12.1/jackson-annotations-2.12.1.jar:/home/runner/.m2/repository/javax/annotation/javax.annotation-api/1.2/javax.annotation-api-1.2.jar:/home/runner/.m2/repository/org/apache/ratis/ratis-server/2.1.0-03f3b68-SNAPSHOT/ratis-server-2.1.0-03f3b68-SNAPSHOT.jar:/home/runner/.m2/repository/org/apache/ratis/ratis-client/2.1.0-03f3b68-SNAPSHOT/ratis-client-2.1.0-03f3b68-SNAPSHOT.jar:/home/runner/.m2/repository/org/apache/ratis/ratis-server-api/2.1.0-03f3b68-SNAPSHOT/ratis-server-api-2.1.0-03f3b68-SNAPSHOT.jar:/home/runner/.m2/repository/org/apache/ratis/ratis-metrics/2.1.0-03f3b68-SNAPSHOT/ratis-metrics-2.1.0-03f3b68-SNAPSHOT.jar:/home/runner/.m2/repository/org/apache/ratis/ratis-netty/2.1.0-03f3b68-SNAPSHOT/ratis-netty-2.1.0-03f3b68-SNAPSHOT.jar:/home/runner/.m2/repository/org/apache/ratis/ratis-grpc/2.1.0-03f3b68-SNAPSHOT/ratis-grpc-2.1.0-03f3b68-SNAPSHOT.jar:/home/runner/.m2/repository/org/apache/logging/log4j/log4j-api/2.13.3/log4j-api-2.13.3.jar:/home/runner/.m2/repository/org/apache/logging/log4j/log4j-core/2.13.3/log4j-core-2.13.3.jar:/home/runner/.m2/repository/com/lmax/disruptor/3.4.2/disruptor-3.4.2.jar:/home/runner/.m2/repository/org/apache/commons/commons-pool2/2.6.0/commons-pool2-2.6.0.jar:/home/runner/.m2/repository/org/bouncycastle/bcpkix-jdk15on/1.67/bcpkix-jdk15on-1.67.jar:/home/runner/.m2/repository/commons-validator/commons-validator/1.6/commons-validator-1.6.jar:/home/runner/.m2/repository/commons-beanutils/commons-beanutils/1.9.4/commons-beanutils-1.9.4.jar:/home/runner/.m2/repository/commons-digester/commons-digester/1.8.1/commons-digester-1.8.1.jar:/home/runner/.m2/repository/commons-collections/commons-collections/3.2.2/commons-collections-3.2.2.jar:/home/runner/.m2/repository/io/jaegertracing/jaeger-client/1.6.0/jaeger-client-1.6.0.jar:/home/runner/.m2/repository/io/jaegertracing/jaeger-thrift/1.6.0/jaeger-thrift-1.6.0.jar:/home/runner/.m2/repository/org/apache/thrift/libthrift/0.14.1/libthrift-0.14.1.jar:/home/runner/.m2/repository/com/squareup/okhttp3/okhttp/4.9.0/okhttp-4.9.0.jar:/home/runner/.m2/repository/com/squareup/okio/okio/2.8.0/okio-2.8.0.jar:/home/runner/.m2/repository/io/jaegertracing/jaeger-core/1.6.0/jaeger-core-1.6.0.jar:/home/runner/.m2/repository/io/jaegertracing/jaeger-tracerresolver/1.6.0/jaeger-tracerresolver-1.6.0.jar:/home/runner/.m2/repository/io/opentracing/contrib/opentracing-tracerresolver/0.1.8/opentracing-tracerresolver-0.1.8.jar:/home/runner/.m2/repository/org/jetbrains/kotlin/kotlin-stdlib/1.4.31/kotlin-stdlib-1.4.31.jar:/home/runner/.m2/repository/org/jetbrains/kotlin/kotlin-stdlib-common/1.4.31/kotlin-stdlib-common-1.4.31.jar:/home/runner/.m2/repository/org/jetbrains/annotations/13.0/annotations-13.0.jar:/home/runner/.m2/repository/io/opentracing/opentracing-util/0.33.0/opentracing-util-0.33.0.jar:/home/runner/.m2/repository/io/opentracing/opentracing-api/0.33.0/opentracing-api-0.33.0.jar:/home/runner/.m2/repository/io/opentracing/opentracing-noop/0.33.0/opentracing-noop-0.33.0.jar:/home/runner/.m2/repository/org/yaml/snakeyaml/1.26/snakeyaml-1.26.jar:/home/runner/.m2/repository/org/apache/ozone/hdds-interface-admin/1.2.0-SNAPSHOT/hdds-interface-admin-1.2.0-SNAPSHOT.jar:/home/runner/.m2/repository/junit/junit/4.13.1/junit-4.13.1.jar:/home/runner/.m2/repository/org/hamcrest/hamcrest-core/1.3/hamcrest-core-1.3.jar:/home/runner/.m2/repository/org/junit/jupiter/junit-jupiter-api/5.7.0/junit-jupiter-api-5.7.0.jar:/home/runner/.m2/repository/org/apiguardian/apiguardian-api/1.1.0/apiguardian-api-1.1.0.jar:/home/runner/.m2/repository/org/opentest4j/opentest4j/1.2.0/opentest4j-1.2.0.jar:/home/runner/.m2/repository/org/junit/platform/junit-platform-commons/1.7.0/junit-platform-commons-1.7.0.jar:/home/runner/.m2/repository/org/junit/jupiter/junit-jupiter-engine/5.7.0/junit-jupiter-engine-5.7.0.jar:/home/runner/.m2/repository/org/junit/platform/junit-platform-engine/1.7.0/junit-platform-engine-1.7.0.jar:/home/runner/.m2/repository/org/junit/vintage/junit-vintage-engine/5.7.0/junit-vintage-engine-5.7.0.jar:/home/runner/.m2/repository/org/junit/platform/junit-platform-launcher/1.7.0/junit-platform-launcher-1.7.0.jar:/home/runner/.m2/repository/org/openjdk/jmh/jmh-core/1.19/jmh-core-1.19.jar:/home/runner/.m2/repository/net/sf/jopt-simple/jopt-simple/4.6/jopt-simple-4.6.jar:/home/runner/.m2/repository/org/apache/commons/commons-math3/3.1.1/commons-math3-3.1.1.jar:/home/runner/.m2/repository/org/openjdk/jmh/jmh-generator-annprocess/1.19/jmh-generator-annprocess-1.19.jar:/home/runner/.m2/repository/org/mockito/mockito-core/2.28.2/mockito-core-2.28.2.jar:/home/runner/.m2/repository/net/bytebuddy/byte-buddy/1.9.10/byte-buddy-1.9.10.jar:/home/runner/.m2/repository/net/bytebuddy/byte-buddy-agent/1.9.10/byte-buddy-agent-1.9.10.jar:/home/runner/.m2/repository/org/objenesis/objenesis/1.0/objenesis-1.0.jar:/home/runner/.m2/repository/org/apache/hadoop/hadoop-kms/3.3.1/hadoop-kms-3.3.1.jar:/home/runner/.m2/repository/org/apache/hadoop/hadoop-auth/3.3.1/hadoop-auth-3.3.1.jar:/home/runner/.m2/repository/com/nimbusds/nimbus-jose-jwt/7.9/nimbus-jose-jwt-7.9.jar:/home/runner/.m2/repository/com/github/stephenc/jcip/jcip-annotations/1.0-1/jcip-annotations-1.0-1.jar:/home/runner/.m2/repository/net/minidev/json-smart/2.3/json-smart-2.3.jar:/home/runner/.m2/repository/net/minidev/accessors-smart/1.2/accessors-smart-1.2.jar:/home/runner/.m2/repository/org/ow2/asm/asm/5.0.4/asm-5.0.4.jar:/home/runner/.m2/repository/org/apache/zookeeper/zookeeper/3.5.6/zookeeper-3.5.6.jar:/home/runner/.m2/repository/org/apache/zookeeper/zookeeper-jute/3.5.6/zookeeper-jute-3.5.6.jar:/home/runner/.m2/repository/org/apache/yetus/audience-annotations/0.5.0/audience-annotations-0.5.0.jar:/home/runner/.m2/repository/org/apache/curator/curator-framework/4.2.0/curator-framework-4.2.0.jar:/home/runner/.m2/repository/org/apache/hadoop/thirdparty/hadoop-shaded-guava/1.1.1/hadoop-shaded-guava-1.1.1.jar:/home/runner/.m2/repository/com/sun/jersey/jersey-core/1.19/jersey-core-1.19.jar:/home/runner/.m2/repository/javax/ws/rs/jsr311-api/1.1.1/jsr311-api-1.1.1.jar:/home/runner/.m2/repository/com/sun/jersey/jersey-server/1.19/jersey-server-1.19.jar:/home/runner/.m2/repository/javax/servlet/javax.servlet-api/3.1.0/javax.servlet-api-3.1.0.jar:/home/runner/.m2/repository/org/eclipse/jetty/jetty-server/9.4.43.v20210629/jetty-server-9.4.43.v20210629.jar:/home/runner/.m2/repository/org/eclipse/jetty/jetty-http/9.4.43.v20210629/jetty-http-9.4.43.v20210629.jar:/home/runner/.m2/repository/org/eclipse/jetty/jetty-io/9.4.43.v20210629/jetty-io-9.4.43.v20210629.jar:/home/runner/.m2/repository/org/eclipse/jetty/jetty-webapp/9.4.43.v20210629/jetty-webapp-9.4.43.v20210629.jar:/home/runner/.m2/repository/org/eclipse/jetty/jetty-xml/9.4.43.v20210629/jetty-xml-9.4.43.v20210629.jar:/home/runner/.m2/repository/org/apache/hadoop/hadoop-common/3.3.1/hadoop-common-3.3.1.jar:/home/runner/.m2/repository/commons-net/commons-net/3.6/commons-net-3.6.jar:/home/runner/.m2/repository/jakarta/activation/jakarta.activation-api/1.2.1/jakarta.activation-api-1.2.1.jar:/home/runner/.m2/repository/com/sun/jersey/jersey-servlet/1.19/jersey-servlet-1.19.jar:/home/runner/.m2/repository/com/sun/jersey/jersey-json/1.19/jersey-json-1.19.jar:/home/runner/.m2/repository/org/codehaus/jettison/jettison/1.1/jettison-1.1.jar:/home/runner/.m2/repository/com/sun/xml/bind/jaxb-impl/2.2.3-1/jaxb-impl-2.2.3-1.jar:/home/runner/.m2/repository/org/codehaus/jackson/jackson-jaxrs/1.9.2/jackson-jaxrs-1.9.2.jar:/home/runner/.m2/repository/org/codehaus/jackson/jackson-xc/1.9.2/jackson-xc-1.9.2.jar:/home/runner/.m2/repository/org/apache/commons/commons-configuration2/2.1.1/commons-configuration2-2.1.1.jar:/home/runner/.m2/repository/org/apache/commons/commons-text/1.4/commons-text-1.4.jar:/home/runner/.m2/repository/com/google/re2j/re2j/1.1/re2j-1.1.jar:/home/runner/.m2/repository/com/jcraft/jsch/0.1.54/jsch-0.1.54.jar:/home/runner/.m2/repository/org/apache/curator/curator-client/4.2.0/curator-client-4.2.0.jar:/home/runner/.m2/repository/org/apache/curator/curator-recipes/4.2.0/curator-recipes-4.2.0.jar:/home/runner/.m2/repository/org/apache/kerby/kerb-core/1.0.1/kerb-core-1.0.1.jar:/home/runner/.m2/repository/org/apache/kerby/kerby-pkix/1.0.1/kerby-pkix-1.0.1.jar:/home/runner/.m2/repository/org/apache/kerby/kerby-asn1/1.0.1/kerby-asn1-1.0.1.jar:/home/runner/.m2/repository/org/apache/kerby/kerby-util/1.0.1/kerby-util-1.0.1.jar:/home/runner/.m2/repository/dnsjava/dnsjava/2.1.7/dnsjava-2.1.7.jar:/home/runner/.m2/repository/org/xerial/snappy/snappy-java/1.1.8.2/snappy-java-1.1.8.2.jar:/home/runner/.m2/repository/org/slf4j/jul-to-slf4j/1.7.30/jul-to-slf4j-1.7.30.jar:/home/runner/.m2/repository/org/eclipse/jetty/jetty-util/9.4.43.v20210629/jetty-util-9.4.43.v20210629.jar:/home/runner/.m2/repository/com/fasterxml/jackson/core/jackson-databind/2.12.1/jackson-databind-2.12.1.jar:/home/runner/.m2/repository/org/apache/hadoop/hadoop-kms/3.3.1/hadoop-kms-3.3.1-tests.jar:/home/runner/.m2/repository/org/apache/ozone/hdds-server-scm/1.2.0-SNAPSHOT/hdds-server-scm-1.2.0-SNAPSHOT-tests.jar:/home/runner/.m2/repository/org/apache/ozone/hdds-container-service/1.2.0-SNAPSHOT/hdds-container-service-1.2.0-SNAPSHOT-tests.jar:/home/runner/.m2/repository/commons-codec/commons-codec/1.11/commons-codec-1.11.jar:/home/runner/.m2/repository/io/netty/netty-transport/4.1.63.Final/netty-transport-4.1.63.Final.jar:/home/runner/.m2/repository/io/netty/netty-resolver/4.1.63.Final/netty-resolver-4.1.63.Final.jar:/home/runner/.m2/repository/io/netty/netty-codec/4.1.63.Final/netty-codec-4.1.63.Final.jar:/home/runner/.m2/repository/io/netty/netty-handler/4.1.63.Final/netty-handler-4.1.63.Final.jar:/home/runner/.m2/repository/org/apache/ozone/hdds-hadoop-dependency-test/1.2.0-SNAPSHOT/hdds-hadoop-dependency-test-1.2.0-SNAPSHOT.jar:/home/runner/.m2/repository/org/apache/hadoop/hadoop-common/3.3.1/hadoop-common-3.3.1-tests.jar:/home/runner/.m2/repository/org/assertj/assertj-core/3.12.2/assertj-core-3.12.2.jar:/home/runner/.m2/repository/org/apache/hadoop/hadoop-hdfs/3.3.1/hadoop-hdfs-3.3.1-tests.jar:/home/runner/.m2/repository/org/eclipse/jetty/jetty-util-ajax/9.4.43.v20210629/jetty-util-ajax-9.4.43.v20210629.jar:/home/runner/.m2/repository/commons-daemon/commons-daemon/1.0.13/commons-daemon-1.0.13.jar:/home/runner/.m2/repository/io/netty/netty/3.10.6.Final/netty-3.10.6.Final.jar:/home/runner/.m2/repository/io/netty/netty-all/4.1.63.Final/netty-all-4.1.63.Final.jar:/home/runner/.m2/repository/org/apache/htrace/htrace-core4/4.1.0-incubating/htrace-core4-4.1.0-incubating.jar:/home/runner/.m2/repository/org/fusesource/leveldbjni/leveldbjni-all/1.8/leveldbjni-all-1.8.jar:/home/runner/.m2/repository/org/apache/hadoop/hadoop-distcp/3.3.1/hadoop-distcp-3.3.1.jar:/home/runner/.m2/repository/org/apache/hadoop/hadoop-mapreduce-client-jobclient/3.3.1/hadoop-mapreduce-client-jobclient-3.3.1.jar:/home/runner/.m2/repository/org/apache/hadoop/hadoop-mapreduce-client-common/3.3.1/hadoop-mapreduce-client-common-3.3.1.jar:/home/runner/.m2/repository/org/apache/hadoop/hadoop-yarn-common/3.3.1/hadoop-yarn-common-3.3.1.jar:/home/runner/.m2/repository/org/apache/hadoop/hadoop-yarn-api/3.3.1/hadoop-yarn-api-3.3.1.jar:/home/runner/.m2/repository/com/sun/jersey/jersey-client/1.19/jersey-client-1.19.jar:/home/runner/.m2/repository/com/sun/jersey/contribs/jersey-guice/1.19/jersey-guice-1.19.jar:/home/runner/.m2/repository/com/fasterxml/jackson/jaxrs/jackson-jaxrs-json-provider/2.12.1/jackson-jaxrs-json-provider-2.12.1.jar:/home/runner/.m2/repository/com/fasterxml/jackson/jaxrs/jackson-jaxrs-base/2.12.1/jackson-jaxrs-base-2.12.1.jar:/home/runner/.m2/repository/org/apache/hadoop/hadoop-yarn-client/3.3.1/hadoop-yarn-client-3.3.1.jar:/home/runner/.m2/repository/org/eclipse/jetty/websocket/websocket-client/9.4.40.v20210413/websocket-client-9.4.40.v20210413.jar:/home/runner/.m2/repository/org/eclipse/jetty/jetty-client/9.4.40.v20210413/jetty-client-9.4.40.v20210413.jar:/home/runner/.m2/repository/org/eclipse/jetty/websocket/websocket-common/9.4.40.v20210413/websocket-common-9.4.40.v20210413.jar:/home/runner/.m2/repository/org/eclipse/jetty/websocket/websocket-api/9.4.40.v20210413/websocket-api-9.4.40.v20210413.jar:/home/runner/.m2/repository/org/jline/jline/3.9.0/jline-3.9.0.jar:/home/runner/.m2/repository/org/apache/hadoop/hadoop-mapreduce-client-core/3.3.1/hadoop-mapreduce-client-core-3.3.1.jar:/home/runner/.m2/repository/org/apache/avro/avro/1.7.7/avro-1.7.7.jar:/home/runner/.m2/repository/org/codehaus/jackson/jackson-core-asl/1.9.13/jackson-core-asl-1.9.13.jar:/home/runner/.m2/repository/org/codehaus/jackson/jackson-mapper-asl/1.9.13/jackson-mapper-asl-1.9.13.jar:/home/runner/.m2/repository/com/thoughtworks/paranamer/paranamer/2.3/paranamer-2.3.jar:/home/runner/.m2/repository/org/apache/hadoop/hadoop-annotations/3.3.1/hadoop-annotations-3.3.1.jar:/usr/lib/jvm/adoptopenjdk-8-hotspot-amd64/jre/../lib/tools.jar:/home/runner/.m2/repository/org/apache/hadoop/hadoop-distcp/3.3.1/hadoop-distcp-3.3.1-tests.jar:/home/runner/.m2/repository/org/apache/ratis/ratis-common/2.1.0-03f3b68-SNAPSHOT/ratis-common-2.1.0-03f3b68-SNAPSHOT.jar:/home/runner/.m2/repository/org/apache/ratis/ratis-thirdparty-misc/0.7.0/ratis-thirdparty-misc-0.7.0.jar:/home/runner/.m2/repository/org/apache/ratis/ratis-proto/2.1.0-03f3b68-SNAPSHOT/ratis-proto-2.1.0-03f3b68-SNAPSHOT.jar:"/>
    <property name="java.vm.vendor" value="AdoptOpenJDK"/>
    <property name="sun.arch.data.model" value="64"/>
    <property name="test.build.dir" value="/home/runner/work/ozone/ozone/hadoop-ozone/integration-test/target/test-dir"/>
    <property name="test.cache.data" value=""/>
    <property name="java.vendor.url" value="https://adoptopenjdk.net/"/>
    <property name="user.timezone" value=""/>
    <property name="java.vm.specification.version" value="1.8"/>
    <property name="os.name" value="Linux"/>
    <property name="test.build.data" value="/home/runner/work/ozone/ozone/hadoop-ozone/integration-test/target/test-dir"/>
    <property name="sun.java.launcher" value="SUN_STANDARD"/>
    <property name="sun.boot.library.path" value="/usr/lib/jvm/adoptopenjdk-8-hotspot-amd64/jre/lib/amd64"/>
    <property name="sun.java.command" value="/home/runner/work/ozone/ozone/hadoop-ozone/integration-test/target/surefire/surefirebooter3049040251305181165.jar /home/runner/work/ozone/ozone/hadoop-ozone/integration-test/target/surefire 2021-09-17T12-49-21_091-jvmRun1 surefire5086695345447153115tmp surefire_794742324361179569149tmp"/>
    <property name="surefire.test.class.path" value="/home/runner/work/ozone/ozone/hadoop-ozone/integration-test/target/test-classes:/home/runner/work/ozone/ozone/hadoop-ozone/integration-test/target/classes:/home/runner/.m2/repository/org/apache/ozone/ozone-common/1.2.0-SNAPSHOT/ozone-common-1.2.0-SNAPSHOT.jar:/home/runner/.m2/repository/org/apache/commons/commons-compress/1.20/commons-compress-1.20.jar:/home/runner/.m2/repository/org/apache/ozone/hdds-common/1.2.0-SNAPSHOT/hdds-common-1.2.0-SNAPSHOT.jar:/home/runner/.m2/repository/org/apache/ozone/hdds-client/1.2.0-SNAPSHOT/hdds-client-1.2.0-SNAPSHOT.jar:/home/runner/.m2/repository/org/apache/ozone/ozone-interface-client/1.2.0-SNAPSHOT/ozone-interface-client-1.2.0-SNAPSHOT.jar:/home/runner/.m2/repository/org/apache/ozone/hdds-server-framework/1.2.0-SNAPSHOT/hdds-server-framework-1.2.0-SNAPSHOT.jar:/home/runner/.m2/repository/org/apache/ozone/hdds-interface-server/1.2.0-SNAPSHOT/hdds-interface-server-1.2.0-SNAPSHOT.jar:/home/runner/.m2/repository/org/eclipse/jetty/jetty-servlet/9.4.43.v20210629/jetty-servlet-9.4.43.v20210629.jar:/home/runner/.m2/repository/org/eclipse/jetty/jetty-security/9.4.43.v20210629/jetty-security-9.4.43.v20210629.jar:/home/runner/.m2/repository/org/rocksdb/rocksdbjni/6.20.3/rocksdbjni-6.20.3.jar:/home/runner/.m2/repository/io/prometheus/simpleclient_dropwizard/0.7.0/simpleclient_dropwizard-0.7.0.jar:/home/runner/.m2/repository/io/prometheus/simpleclient/0.7.0/simpleclient-0.7.0.jar:/home/runner/.m2/repository/io/prometheus/simpleclient_common/0.7.0/simpleclient_common-0.7.0.jar:/home/runner/.m2/repository/com/fasterxml/jackson/datatype/jackson-datatype-jsr310/2.12.1/jackson-datatype-jsr310-2.12.1.jar:/home/runner/.m2/repository/org/apache/ozone/hdds-test-utils/1.2.0-SNAPSHOT/hdds-test-utils-1.2.0-SNAPSHOT.jar:/home/runner/.m2/repository/com/google/guava/guava/30.1.1-jre/guava-30.1.1-jre.jar:/home/runner/.m2/repository/com/google/guava/failureaccess/1.0.1/failureaccess-1.0.1.jar:/home/runner/.m2/repository/com/google/guava/listenablefuture/9999.0-empty-to-avoid-conflict-with-guava/listenablefuture-9999.0-empty-to-avoid-conflict-with-guava.jar:/home/runner/.m2/repository/com/google/code/findbugs/jsr305/3.0.0/jsr305-3.0.0.jar:/home/runner/.m2/repository/org/checkerframework/checker-qual/3.8.0/checker-qual-3.8.0.jar:/home/runner/.m2/repository/com/google/errorprone/error_prone_annotations/2.2.0/error_prone_annotations-2.2.0.jar:/home/runner/.m2/repository/com/google/j2objc/j2objc-annotations/1.3/j2objc-annotations-1.3.jar:/home/runner/.m2/repository/commons-io/commons-io/2.8.0/commons-io-2.8.0.jar:/home/runner/.m2/repository/commons-logging/commons-logging/1.2/commons-logging-1.2.jar:/home/runner/.m2/repository/log4j/log4j/1.2.17/log4j-1.2.17.jar:/home/runner/.m2/repository/org/slf4j/slf4j-api/1.7.30/slf4j-api-1.7.30.jar:/home/runner/.m2/repository/org/apache/ozone/hdds-server-scm/1.2.0-SNAPSHOT/hdds-server-scm-1.2.0-SNAPSHOT.jar:/home/runner/.m2/repository/org/apache/ozone/hdds-container-service/1.2.0-SNAPSHOT/hdds-container-service-1.2.0-SNAPSHOT.jar:/home/runner/.m2/repository/org/apache/ozone/hdds-hadoop-dependency-server/1.2.0-SNAPSHOT/hdds-hadoop-dependency-server-1.2.0-SNAPSHOT.jar:/home/runner/.m2/repository/org/apache/hadoop/hadoop-hdfs/3.3.1/hadoop-hdfs-3.3.1.jar:/home/runner/.m2/repository/io/dropwizard/metrics/metrics-core/3.2.4/metrics-core-3.2.4.jar:/home/runner/.m2/repository/org/apache/hadoop/hadoop-hdfs-client/3.3.1/hadoop-hdfs-client-3.3.1.jar:/home/runner/.m2/repository/org/bouncycastle/bcprov-jdk15on/1.67/bcprov-jdk15on-1.67.jar:/home/runner/.m2/repository/com/google/protobuf/protobuf-java/2.5.0/protobuf-java-2.5.0.jar:/home/runner/.m2/repository/org/apache/ozone/ozone-manager/1.2.0-SNAPSHOT/ozone-manager-1.2.0-SNAPSHOT.jar:/home/runner/.m2/repository/org/aspectj/aspectjrt/1.8.9/aspectjrt-1.8.9.jar:/home/runner/.m2/repository/org/aspectj/aspectjweaver/1.8.9/aspectjweaver-1.8.9.jar:/home/runner/.m2/repository/org/apache/ozone/hdds-interface-client/1.2.0-SNAPSHOT/hdds-interface-client-1.2.0-SNAPSHOT.jar:/home/runner/.m2/repository/org/apache/hadoop/thirdparty/hadoop-shaded-protobuf_3_7/1.1.1/hadoop-shaded-protobuf_3_7-1.1.1.jar:/home/runner/.m2/repository/org/apache/ozone/ozone-interface-storage/1.2.0-SNAPSHOT/ozone-interface-storage-1.2.0-SNAPSHOT.jar:/home/runner/.m2/repository/org/reflections/reflections/0.9.11/reflections-0.9.11.jar:/home/runner/.m2/repository/org/apache/hadoop/hadoop-minikdc/3.3.1/hadoop-minikdc-3.3.1.jar:/home/runner/.m2/repository/org/apache/kerby/kerb-simplekdc/1.0.1/kerb-simplekdc-1.0.1.jar:/home/runner/.m2/repository/org/apache/kerby/kerb-client/1.0.1/kerb-client-1.0.1.jar:/home/runner/.m2/repository/org/apache/kerby/kerby-config/1.0.1/kerby-config-1.0.1.jar:/home/runner/.m2/repository/org/apache/kerby/kerb-common/1.0.1/kerb-common-1.0.1.jar:/home/runner/.m2/repository/org/apache/kerby/kerb-crypto/1.0.1/kerb-crypto-1.0.1.jar:/home/runner/.m2/repository/org/apache/kerby/kerb-util/1.0.1/kerb-util-1.0.1.jar:/home/runner/.m2/repository/org/apache/kerby/token-provider/1.0.1/token-provider-1.0.1.jar:/home/runner/.m2/repository/org/apache/kerby/kerb-admin/1.0.1/kerb-admin-1.0.1.jar:/home/runner/.m2/repository/org/apache/kerby/kerb-server/1.0.1/kerb-server-1.0.1.jar:/home/runner/.m2/repository/org/apache/kerby/kerb-identity/1.0.1/kerb-identity-1.0.1.jar:/home/runner/.m2/repository/org/apache/kerby/kerby-xdr/1.0.1/kerby-xdr-1.0.1.jar:/home/runner/.m2/repository/org/slf4j/slf4j-log4j12/1.7.30/slf4j-log4j12-1.7.30.jar:/home/runner/.m2/repository/org/apache/ozone/ozone-s3gateway/1.2.0-SNAPSHOT/ozone-s3gateway-1.2.0-SNAPSHOT.jar:/home/runner/.m2/repository/org/javassist/javassist/3.21.0-GA/javassist-3.21.0-GA.jar:/home/runner/.m2/repository/org/jboss/weld/servlet/weld-servlet/2.4.7.Final/weld-servlet-2.4.7.Final.jar:/home/runner/.m2/repository/org/glassfish/jersey/containers/jersey-container-servlet-core/2.33/jersey-container-servlet-core-2.33.jar:/home/runner/.m2/repository/org/glassfish/hk2/external/jakarta.inject/2.6.1/jakarta.inject-2.6.1.jar:/home/runner/.m2/repository/org/glassfish/jersey/core/jersey-common/2.33/jersey-common-2.33.jar:/home/runner/.m2/repository/jakarta/ws/rs/jakarta.ws.rs-api/2.1.6/jakarta.ws.rs-api-2.1.6.jar:/home/runner/.m2/repository/org/glassfish/jersey/ext/cdi/jersey-cdi1x/2.33/jersey-cdi1x-2.33.jar:/home/runner/.m2/repository/org/glassfish/jersey/inject/jersey-hk2/2.33/jersey-hk2-2.33.jar:/home/runner/.m2/repository/org/glassfish/hk2/hk2-locator/2.6.1/hk2-locator-2.6.1.jar:/home/runner/.m2/repository/org/glassfish/jersey/media/jersey-media-jaxb/2.33/jersey-media-jaxb-2.33.jar:/home/runner/.m2/repository/org/glassfish/hk2/osgi-resource-locator/1.0.3/osgi-resource-locator-1.0.3.jar:/home/runner/.m2/repository/org/glassfish/hk2/hk2-api/2.5.0/hk2-api-2.5.0.jar:/home/runner/.m2/repository/org/glassfish/hk2/hk2-utils/2.5.0/hk2-utils-2.5.0.jar:/home/runner/.m2/repository/org/glassfish/hk2/external/aopalliance-repackaged/2.5.0/aopalliance-repackaged-2.5.0.jar:/home/runner/.m2/repository/com/fasterxml/jackson/dataformat/jackson-dataformat-xml/2.12.1/jackson-dataformat-xml-2.12.1.jar:/home/runner/.m2/repository/com/fasterxml/jackson/core/jackson-core/2.12.1/jackson-core-2.12.1.jar:/home/runner/.m2/repository/com/fasterxml/jackson/module/jackson-module-jaxb-annotations/2.12.1/jackson-module-jaxb-annotations-2.12.1.jar:/home/runner/.m2/repository/jakarta/xml/bind/jakarta.xml.bind-api/2.3.2/jakarta.xml.bind-api-2.3.2.jar:/home/runner/.m2/repository/org/codehaus/woodstox/stax2-api/3.1.4/stax2-api-3.1.4.jar:/home/runner/.m2/repository/com/fasterxml/woodstox/woodstox-core/5.0.3/woodstox-core-5.0.3.jar:/home/runner/.m2/repository/javax/enterprise/cdi-api/1.2/cdi-api-1.2.jar:/home/runner/.m2/repository/javax/el/javax.el-api/3.0.0/javax.el-api-3.0.0.jar:/home/runner/.m2/repository/javax/interceptor/javax.interceptor-api/1.2/javax.interceptor-api-1.2.jar:/home/runner/.m2/repository/javax/inject/javax.inject/1/javax.inject-1.jar:/home/runner/.m2/repository/javax/xml/bind/jaxb-api/2.3.0/jaxb-api-2.3.0.jar:/home/runner/.m2/repository/org/glassfish/jaxb/jaxb-runtime/2.3.0.1/jaxb-runtime-2.3.0.1.jar:/home/runner/.m2/repository/org/glassfish/jaxb/jaxb-core/2.3.0.1/jaxb-core-2.3.0.1.jar:/home/runner/.m2/repository/org/glassfish/jaxb/txw2/2.3.0.1/txw2-2.3.0.1.jar:/home/runner/.m2/repository/com/sun/istack/istack-commons-runtime/3.0.5/istack-commons-runtime-3.0.5.jar:/home/runner/.m2/repository/org/jvnet/staxex/stax-ex/1.7.8/stax-ex-1.7.8.jar:/home/runner/.m2/repository/com/sun/xml/fastinfoset/FastInfoset/1.2.13/FastInfoset-1.2.13.jar:/home/runner/.m2/repository/javax/activation/activation/1.1.1/activation-1.1.1.jar:/home/runner/.m2/repository/org/apache/ozone/ozone-csi/1.2.0-SNAPSHOT/ozone-csi-1.2.0-SNAPSHOT.jar:/home/runner/.m2/repository/com/google/protobuf/protobuf-java-util/3.12.0/protobuf-java-util-3.12.0.jar:/home/runner/.m2/repository/com/google/code/gson/gson/2.2.4/gson-2.2.4.jar:/home/runner/.m2/repository/org/apache/ozone/hdds-config/1.2.0-SNAPSHOT/hdds-config-1.2.0-SNAPSHOT.jar:/home/runner/.m2/repository/io/grpc/grpc-netty/1.33.0/grpc-netty-1.33.0.jar:/home/runner/.m2/repository/io/grpc/grpc-core/1.33.0/grpc-core-1.33.0.jar:/home/runner/.m2/repository/com/google/android/annotations/4.1.1.4/annotations-4.1.1.4.jar:/home/runner/.m2/repository/io/netty/netty-codec-http2/4.1.63.Final/netty-codec-http2-4.1.63.Final.jar:/home/runner/.m2/repository/io/netty/netty-codec-http/4.1.63.Final/netty-codec-http-4.1.63.Final.jar:/home/runner/.m2/repository/io/netty/netty-handler-proxy/4.1.63.Final/netty-handler-proxy-4.1.63.Final.jar:/home/runner/.m2/repository/io/netty/netty-codec-socks/4.1.63.Final/netty-codec-socks-4.1.63.Final.jar:/home/runner/.m2/repository/io/perfmark/perfmark-api/0.19.0/perfmark-api-0.19.0.jar:/home/runner/.m2/repository/org/codehaus/mojo/animal-sniffer-annotations/1.18/animal-sniffer-annotations-1.18.jar:/home/runner/.m2/repository/io/netty/netty-transport-native-epoll/4.1.63.Final/netty-transport-native-epoll-4.1.63.Final.jar:/home/runner/.m2/repository/io/netty/netty-common/4.1.63.Final/netty-common-4.1.63.Final.jar:/home/runner/.m2/repository/io/netty/netty-buffer/4.1.63.Final/netty-buffer-4.1.63.Final.jar:/home/runner/.m2/repository/io/netty/netty-transport-native-unix-common/4.1.63.Final/netty-transport-native-unix-common-4.1.63.Final.jar:/home/runner/.m2/repository/io/grpc/grpc-protobuf/1.33.0/grpc-protobuf-1.33.0.jar:/home/runner/.m2/repository/io/grpc/grpc-api/1.33.0/grpc-api-1.33.0.jar:/home/runner/.m2/repository/io/grpc/grpc-context/1.33.0/grpc-context-1.33.0.jar:/home/runner/.m2/repository/com/google/api/grpc/proto-google-common-protos/1.17.0/proto-google-common-protos-1.17.0.jar:/home/runner/.m2/repository/io/grpc/grpc-protobuf-lite/1.33.0/grpc-protobuf-lite-1.33.0.jar:/home/runner/.m2/repository/io/grpc/grpc-stub/1.33.0/grpc-stub-1.33.0.jar:/home/runner/.m2/repository/org/apache/ozone/ozone-recon/1.2.0-SNAPSHOT/ozone-recon-1.2.0-SNAPSHOT.jar:/home/runner/.m2/repository/org/apache/ozone/ozone-reconcodegen/1.2.0-SNAPSHOT/ozone-reconcodegen-1.2.0-SNAPSHOT.jar:/home/runner/.m2/repository/com/google/inject/extensions/guice-multibindings/4.0/guice-multibindings-4.0.jar:/home/runner/.m2/repository/com/google/inject/guice/4.0/guice-4.0.jar:/home/runner/.m2/repository/aopalliance/aopalliance/1.0/aopalliance-1.0.jar:/home/runner/.m2/repository/com/google/inject/extensions/guice-assistedinject/4.0/guice-assistedinject-4.0.jar:/home/runner/.m2/repository/com/google/inject/extensions/guice-servlet/4.0/guice-servlet-4.0.jar:/home/runner/.m2/repository/org/glassfish/jersey/containers/jersey-container-servlet/2.33/jersey-container-servlet-2.33.jar:/home/runner/.m2/repository/org/glassfish/hk2/guice-bridge/2.5.0/guice-bridge-2.5.0.jar:/home/runner/.m2/repository/org/glassfish/jersey/core/jersey-server/2.33/jersey-server-2.33.jar:/home/runner/.m2/repository/org/glassfish/jersey/core/jersey-client/2.33/jersey-client-2.33.jar:/home/runner/.m2/repository/jakarta/annotation/jakarta.annotation-api/1.3.5/jakarta.annotation-api-1.3.5.jar:/home/runner/.m2/repository/jakarta/validation/jakarta.validation-api/2.0.2/jakarta.validation-api-2.0.2.jar:/home/runner/.m2/repository/org/glassfish/jersey/media/jersey-media-json-jackson/2.33/jersey-media-json-jackson-2.33.jar:/home/runner/.m2/repository/org/glassfish/jersey/ext/jersey-entity-filtering/2.33/jersey-entity-filtering-2.33.jar:/home/runner/.m2/repository/org/jooq/jooq/3.11.10/jooq-3.11.10.jar:/home/runner/.m2/repository/org/jooq/jooq-meta/3.11.10/jooq-meta-3.11.10.jar:/home/runner/.m2/repository/org/jooq/jooq-codegen/3.11.10/jooq-codegen-3.11.10.jar:/home/runner/.m2/repository/com/jolbox/bonecp/0.8.0.RELEASE/bonecp-0.8.0.RELEASE.jar:/home/runner/.m2/repository/org/apache/derby/derby/10.14.2.0/derby-10.14.2.0.jar:/home/runner/.m2/repository/org/xerial/sqlite-jdbc/3.25.2/sqlite-jdbc-3.25.2.jar:/home/runner/.m2/repository/org/springframework/spring-jdbc/5.2.11.RELEASE/spring-jdbc-5.2.11.RELEASE.jar:/home/runner/.m2/repository/org/springframework/spring-beans/5.2.11.RELEASE/spring-beans-5.2.11.RELEASE.jar:/home/runner/.m2/repository/org/springframework/spring-core/5.2.11.RELEASE/spring-core-5.2.11.RELEASE.jar:/home/runner/.m2/repository/org/springframework/spring-jcl/5.2.11.RELEASE/spring-jcl-5.2.11.RELEASE.jar:/home/runner/.m2/repository/org/springframework/spring-tx/5.2.11.RELEASE/spring-tx-5.2.11.RELEASE.jar:/home/runner/.m2/repository/org/apache/ozone/ozone-client/1.2.0-SNAPSHOT/ozone-client-1.2.0-SNAPSHOT.jar:/home/runner/.m2/repository/org/apache/ozone/ozone-filesystem/1.2.0-SNAPSHOT/ozone-filesystem-1.2.0-SNAPSHOT.jar:/home/runner/.m2/repository/org/apache/ozone/ozone-filesystem-common/1.2.0-SNAPSHOT/ozone-filesystem-common-1.2.0-SNAPSHOT.jar:/home/runner/.m2/repository/org/apache/ozone/ozone-tools/1.2.0-SNAPSHOT/ozone-tools-1.2.0-SNAPSHOT.jar:/home/runner/.m2/repository/org/apache/ratis/ratis-tools/2.1.0-03f3b68-SNAPSHOT/ratis-tools-2.1.0-03f3b68-SNAPSHOT.jar:/home/runner/.m2/repository/com/amazonaws/aws-java-sdk-core/1.11.901/aws-java-sdk-core-1.11.901.jar:/home/runner/.m2/repository/org/apache/httpcomponents/httpclient/4.5.13/httpclient-4.5.13.jar:/home/runner/.m2/repository/org/apache/httpcomponents/httpcore/4.4.13/httpcore-4.4.13.jar:/home/runner/.m2/repository/software/amazon/ion/ion-java/1.0.2/ion-java-1.0.2.jar:/home/runner/.m2/repository/com/fasterxml/jackson/dataformat/jackson-dataformat-cbor/2.12.1/jackson-dataformat-cbor-2.12.1.jar:/home/runner/.m2/repository/joda-time/joda-time/2.8.1/joda-time-2.8.1.jar:/home/runner/.m2/repository/com/amazonaws/aws-java-sdk-s3/1.11.901/aws-java-sdk-s3-1.11.901.jar:/home/runner/.m2/repository/com/amazonaws/aws-java-sdk-kms/1.11.901/aws-java-sdk-kms-1.11.901.jar:/home/runner/.m2/repository/com/amazonaws/jmespath-java/1.11.901/jmespath-java-1.11.901.jar:/home/runner/.m2/repository/org/kohsuke/metainf-services/metainf-services/1.8/metainf-services-1.8.jar:/home/runner/.m2/repository/org/apache/ozone/hdds-tools/1.2.0-SNAPSHOT/hdds-tools-1.2.0-SNAPSHOT.jar:/home/runner/.m2/repository/commons-cli/commons-cli/1.2/commons-cli-1.2.jar:/home/runner/.m2/repository/org/apache/commons/commons-lang3/3.7/commons-lang3-3.7.jar:/home/runner/.m2/repository/org/apache/ozone/ozone-manager/1.2.0-SNAPSHOT/ozone-manager-1.2.0-SNAPSHOT-tests.jar:/home/runner/.m2/repository/org/apache/ozone/hdds-common/1.2.0-SNAPSHOT/hdds-common-1.2.0-SNAPSHOT-tests.jar:/home/runner/.m2/repository/org/apache/ozone/hdds-hadoop-dependency-client/1.2.0-SNAPSHOT/hdds-hadoop-dependency-client-1.2.0-SNAPSHOT.jar:/home/runner/.m2/repository/info/picocli/picocli/4.6.1/picocli-4.6.1.jar:/home/runner/.m2/repository/com/fasterxml/jackson/core/jackson-annotations/2.12.1/jackson-annotations-2.12.1.jar:/home/runner/.m2/repository/javax/annotation/javax.annotation-api/1.2/javax.annotation-api-1.2.jar:/home/runner/.m2/repository/org/apache/ratis/ratis-server/2.1.0-03f3b68-SNAPSHOT/ratis-server-2.1.0-03f3b68-SNAPSHOT.jar:/home/runner/.m2/repository/org/apache/ratis/ratis-client/2.1.0-03f3b68-SNAPSHOT/ratis-client-2.1.0-03f3b68-SNAPSHOT.jar:/home/runner/.m2/repository/org/apache/ratis/ratis-server-api/2.1.0-03f3b68-SNAPSHOT/ratis-server-api-2.1.0-03f3b68-SNAPSHOT.jar:/home/runner/.m2/repository/org/apache/ratis/ratis-metrics/2.1.0-03f3b68-SNAPSHOT/ratis-metrics-2.1.0-03f3b68-SNAPSHOT.jar:/home/runner/.m2/repository/org/apache/ratis/ratis-netty/2.1.0-03f3b68-SNAPSHOT/ratis-netty-2.1.0-03f3b68-SNAPSHOT.jar:/home/runner/.m2/repository/org/apache/ratis/ratis-grpc/2.1.0-03f3b68-SNAPSHOT/ratis-grpc-2.1.0-03f3b68-SNAPSHOT.jar:/home/runner/.m2/repository/org/apache/logging/log4j/log4j-api/2.13.3/log4j-api-2.13.3.jar:/home/runner/.m2/repository/org/apache/logging/log4j/log4j-core/2.13.3/log4j-core-2.13.3.jar:/home/runner/.m2/repository/com/lmax/disruptor/3.4.2/disruptor-3.4.2.jar:/home/runner/.m2/repository/org/apache/commons/commons-pool2/2.6.0/commons-pool2-2.6.0.jar:/home/runner/.m2/repository/org/bouncycastle/bcpkix-jdk15on/1.67/bcpkix-jdk15on-1.67.jar:/home/runner/.m2/repository/commons-validator/commons-validator/1.6/commons-validator-1.6.jar:/home/runner/.m2/repository/commons-beanutils/commons-beanutils/1.9.4/commons-beanutils-1.9.4.jar:/home/runner/.m2/repository/commons-digester/commons-digester/1.8.1/commons-digester-1.8.1.jar:/home/runner/.m2/repository/commons-collections/commons-collections/3.2.2/commons-collections-3.2.2.jar:/home/runner/.m2/repository/io/jaegertracing/jaeger-client/1.6.0/jaeger-client-1.6.0.jar:/home/runner/.m2/repository/io/jaegertracing/jaeger-thrift/1.6.0/jaeger-thrift-1.6.0.jar:/home/runner/.m2/repository/org/apache/thrift/libthrift/0.14.1/libthrift-0.14.1.jar:/home/runner/.m2/repository/com/squareup/okhttp3/okhttp/4.9.0/okhttp-4.9.0.jar:/home/runner/.m2/repository/com/squareup/okio/okio/2.8.0/okio-2.8.0.jar:/home/runner/.m2/repository/io/jaegertracing/jaeger-core/1.6.0/jaeger-core-1.6.0.jar:/home/runner/.m2/repository/io/jaegertracing/jaeger-tracerresolver/1.6.0/jaeger-tracerresolver-1.6.0.jar:/home/runner/.m2/repository/io/opentracing/contrib/opentracing-tracerresolver/0.1.8/opentracing-tracerresolver-0.1.8.jar:/home/runner/.m2/repository/org/jetbrains/kotlin/kotlin-stdlib/1.4.31/kotlin-stdlib-1.4.31.jar:/home/runner/.m2/repository/org/jetbrains/kotlin/kotlin-stdlib-common/1.4.31/kotlin-stdlib-common-1.4.31.jar:/home/runner/.m2/repository/org/jetbrains/annotations/13.0/annotations-13.0.jar:/home/runner/.m2/repository/io/opentracing/opentracing-util/0.33.0/opentracing-util-0.33.0.jar:/home/runner/.m2/repository/io/opentracing/opentracing-api/0.33.0/opentracing-api-0.33.0.jar:/home/runner/.m2/repository/io/opentracing/opentracing-noop/0.33.0/opentracing-noop-0.33.0.jar:/home/runner/.m2/repository/org/yaml/snakeyaml/1.26/snakeyaml-1.26.jar:/home/runner/.m2/repository/org/apache/ozone/hdds-interface-admin/1.2.0-SNAPSHOT/hdds-interface-admin-1.2.0-SNAPSHOT.jar:/home/runner/.m2/repository/junit/junit/4.13.1/junit-4.13.1.jar:/home/runner/.m2/repository/org/hamcrest/hamcrest-core/1.3/hamcrest-core-1.3.jar:/home/runner/.m2/repository/org/junit/jupiter/junit-jupiter-api/5.7.0/junit-jupiter-api-5.7.0.jar:/home/runner/.m2/repository/org/apiguardian/apiguardian-api/1.1.0/apiguardian-api-1.1.0.jar:/home/runner/.m2/repository/org/opentest4j/opentest4j/1.2.0/opentest4j-1.2.0.jar:/home/runner/.m2/repository/org/junit/platform/junit-platform-commons/1.7.0/junit-platform-commons-1.7.0.jar:/home/runner/.m2/repository/org/junit/jupiter/junit-jupiter-engine/5.7.0/junit-jupiter-engine-5.7.0.jar:/home/runner/.m2/repository/org/junit/platform/junit-platform-engine/1.7.0/junit-platform-engine-1.7.0.jar:/home/runner/.m2/repository/org/junit/vintage/junit-vintage-engine/5.7.0/junit-vintage-engine-5.7.0.jar:/home/runner/.m2/repository/org/junit/platform/junit-platform-launcher/1.7.0/junit-platform-launcher-1.7.0.jar:/home/runner/.m2/repository/org/openjdk/jmh/jmh-core/1.19/jmh-core-1.19.jar:/home/runner/.m2/repository/net/sf/jopt-simple/jopt-simple/4.6/jopt-simple-4.6.jar:/home/runner/.m2/repository/org/apache/commons/commons-math3/3.1.1/commons-math3-3.1.1.jar:/home/runner/.m2/repository/org/openjdk/jmh/jmh-generator-annprocess/1.19/jmh-generator-annprocess-1.19.jar:/home/runner/.m2/repository/org/mockito/mockito-core/2.28.2/mockito-core-2.28.2.jar:/home/runner/.m2/repository/net/bytebuddy/byte-buddy/1.9.10/byte-buddy-1.9.10.jar:/home/runner/.m2/repository/net/bytebuddy/byte-buddy-agent/1.9.10/byte-buddy-agent-1.9.10.jar:/home/runner/.m2/repository/org/objenesis/objenesis/1.0/objenesis-1.0.jar:/home/runner/.m2/repository/org/apache/hadoop/hadoop-kms/3.3.1/hadoop-kms-3.3.1.jar:/home/runner/.m2/repository/org/apache/hadoop/hadoop-auth/3.3.1/hadoop-auth-3.3.1.jar:/home/runner/.m2/repository/com/nimbusds/nimbus-jose-jwt/7.9/nimbus-jose-jwt-7.9.jar:/home/runner/.m2/repository/com/github/stephenc/jcip/jcip-annotations/1.0-1/jcip-annotations-1.0-1.jar:/home/runner/.m2/repository/net/minidev/json-smart/2.3/json-smart-2.3.jar:/home/runner/.m2/repository/net/minidev/accessors-smart/1.2/accessors-smart-1.2.jar:/home/runner/.m2/repository/org/ow2/asm/asm/5.0.4/asm-5.0.4.jar:/home/runner/.m2/repository/org/apache/zookeeper/zookeeper/3.5.6/zookeeper-3.5.6.jar:/home/runner/.m2/repository/org/apache/zookeeper/zookeeper-jute/3.5.6/zookeeper-jute-3.5.6.jar:/home/runner/.m2/repository/org/apache/yetus/audience-annotations/0.5.0/audience-annotations-0.5.0.jar:/home/runner/.m2/repository/org/apache/curator/curator-framework/4.2.0/curator-framework-4.2.0.jar:/home/runner/.m2/repository/org/apache/hadoop/thirdparty/hadoop-shaded-guava/1.1.1/hadoop-shaded-guava-1.1.1.jar:/home/runner/.m2/repository/com/sun/jersey/jersey-core/1.19/jersey-core-1.19.jar:/home/runner/.m2/repository/javax/ws/rs/jsr311-api/1.1.1/jsr311-api-1.1.1.jar:/home/runner/.m2/repository/com/sun/jersey/jersey-server/1.19/jersey-server-1.19.jar:/home/runner/.m2/repository/javax/servlet/javax.servlet-api/3.1.0/javax.servlet-api-3.1.0.jar:/home/runner/.m2/repository/org/eclipse/jetty/jetty-server/9.4.43.v20210629/jetty-server-9.4.43.v20210629.jar:/home/runner/.m2/repository/org/eclipse/jetty/jetty-http/9.4.43.v20210629/jetty-http-9.4.43.v20210629.jar:/home/runner/.m2/repository/org/eclipse/jetty/jetty-io/9.4.43.v20210629/jetty-io-9.4.43.v20210629.jar:/home/runner/.m2/repository/org/eclipse/jetty/jetty-webapp/9.4.43.v20210629/jetty-webapp-9.4.43.v20210629.jar:/home/runner/.m2/repository/org/eclipse/jetty/jetty-xml/9.4.43.v20210629/jetty-xml-9.4.43.v20210629.jar:/home/runner/.m2/repository/org/apache/hadoop/hadoop-common/3.3.1/hadoop-common-3.3.1.jar:/home/runner/.m2/repository/commons-net/commons-net/3.6/commons-net-3.6.jar:/home/runner/.m2/repository/jakarta/activation/jakarta.activation-api/1.2.1/jakarta.activation-api-1.2.1.jar:/home/runner/.m2/repository/com/sun/jersey/jersey-servlet/1.19/jersey-servlet-1.19.jar:/home/runner/.m2/repository/com/sun/jersey/jersey-json/1.19/jersey-json-1.19.jar:/home/runner/.m2/repository/org/codehaus/jettison/jettison/1.1/jettison-1.1.jar:/home/runner/.m2/repository/com/sun/xml/bind/jaxb-impl/2.2.3-1/jaxb-impl-2.2.3-1.jar:/home/runner/.m2/repository/org/codehaus/jackson/jackson-jaxrs/1.9.2/jackson-jaxrs-1.9.2.jar:/home/runner/.m2/repository/org/codehaus/jackson/jackson-xc/1.9.2/jackson-xc-1.9.2.jar:/home/runner/.m2/repository/org/apache/commons/commons-configuration2/2.1.1/commons-configuration2-2.1.1.jar:/home/runner/.m2/repository/org/apache/commons/commons-text/1.4/commons-text-1.4.jar:/home/runner/.m2/repository/com/google/re2j/re2j/1.1/re2j-1.1.jar:/home/runner/.m2/repository/com/jcraft/jsch/0.1.54/jsch-0.1.54.jar:/home/runner/.m2/repository/org/apache/curator/curator-client/4.2.0/curator-client-4.2.0.jar:/home/runner/.m2/repository/org/apache/curator/curator-recipes/4.2.0/curator-recipes-4.2.0.jar:/home/runner/.m2/repository/org/apache/kerby/kerb-core/1.0.1/kerb-core-1.0.1.jar:/home/runner/.m2/repository/org/apache/kerby/kerby-pkix/1.0.1/kerby-pkix-1.0.1.jar:/home/runner/.m2/repository/org/apache/kerby/kerby-asn1/1.0.1/kerby-asn1-1.0.1.jar:/home/runner/.m2/repository/org/apache/kerby/kerby-util/1.0.1/kerby-util-1.0.1.jar:/home/runner/.m2/repository/dnsjava/dnsjava/2.1.7/dnsjava-2.1.7.jar:/home/runner/.m2/repository/org/xerial/snappy/snappy-java/1.1.8.2/snappy-java-1.1.8.2.jar:/home/runner/.m2/repository/org/slf4j/jul-to-slf4j/1.7.30/jul-to-slf4j-1.7.30.jar:/home/runner/.m2/repository/org/eclipse/jetty/jetty-util/9.4.43.v20210629/jetty-util-9.4.43.v20210629.jar:/home/runner/.m2/repository/com/fasterxml/jackson/core/jackson-databind/2.12.1/jackson-databind-2.12.1.jar:/home/runner/.m2/repository/org/apache/hadoop/hadoop-kms/3.3.1/hadoop-kms-3.3.1-tests.jar:/home/runner/.m2/repository/org/apache/ozone/hdds-server-scm/1.2.0-SNAPSHOT/hdds-server-scm-1.2.0-SNAPSHOT-tests.jar:/home/runner/.m2/repository/org/apache/ozone/hdds-container-service/1.2.0-SNAPSHOT/hdds-container-service-1.2.0-SNAPSHOT-tests.jar:/home/runner/.m2/repository/commons-codec/commons-codec/1.11/commons-codec-1.11.jar:/home/runner/.m2/repository/io/netty/netty-transport/4.1.63.Final/netty-transport-4.1.63.Final.jar:/home/runner/.m2/repository/io/netty/netty-resolver/4.1.63.Final/netty-resolver-4.1.63.Final.jar:/home/runner/.m2/repository/io/netty/netty-codec/4.1.63.Final/netty-codec-4.1.63.Final.jar:/home/runner/.m2/repository/io/netty/netty-handler/4.1.63.Final/netty-handler-4.1.63.Final.jar:/home/runner/.m2/repository/org/apache/ozone/hdds-hadoop-dependency-test/1.2.0-SNAPSHOT/hdds-hadoop-dependency-test-1.2.0-SNAPSHOT.jar:/home/runner/.m2/repository/org/apache/hadoop/hadoop-common/3.3.1/hadoop-common-3.3.1-tests.jar:/home/runner/.m2/repository/org/assertj/assertj-core/3.12.2/assertj-core-3.12.2.jar:/home/runner/.m2/repository/org/apache/hadoop/hadoop-hdfs/3.3.1/hadoop-hdfs-3.3.1-tests.jar:/home/runner/.m2/repository/org/eclipse/jetty/jetty-util-ajax/9.4.43.v20210629/jetty-util-ajax-9.4.43.v20210629.jar:/home/runner/.m2/repository/commons-daemon/commons-daemon/1.0.13/commons-daemon-1.0.13.jar:/home/runner/.m2/repository/io/netty/netty/3.10.6.Final/netty-3.10.6.Final.jar:/home/runner/.m2/repository/io/netty/netty-all/4.1.63.Final/netty-all-4.1.63.Final.jar:/home/runner/.m2/repository/org/apache/htrace/htrace-core4/4.1.0-incubating/htrace-core4-4.1.0-incubating.jar:/home/runner/.m2/repository/org/fusesource/leveldbjni/leveldbjni-all/1.8/leveldbjni-all-1.8.jar:/home/runner/.m2/repository/org/apache/hadoop/hadoop-distcp/3.3.1/hadoop-distcp-3.3.1.jar:/home/runner/.m2/repository/org/apache/hadoop/hadoop-mapreduce-client-jobclient/3.3.1/hadoop-mapreduce-client-jobclient-3.3.1.jar:/home/runner/.m2/repository/org/apache/hadoop/hadoop-mapreduce-client-common/3.3.1/hadoop-mapreduce-client-common-3.3.1.jar:/home/runner/.m2/repository/org/apache/hadoop/hadoop-yarn-common/3.3.1/hadoop-yarn-common-3.3.1.jar:/home/runner/.m2/repository/org/apache/hadoop/hadoop-yarn-api/3.3.1/hadoop-yarn-api-3.3.1.jar:/home/runner/.m2/repository/com/sun/jersey/jersey-client/1.19/jersey-client-1.19.jar:/home/runner/.m2/repository/com/sun/jersey/contribs/jersey-guice/1.19/jersey-guice-1.19.jar:/home/runner/.m2/repository/com/fasterxml/jackson/jaxrs/jackson-jaxrs-json-provider/2.12.1/jackson-jaxrs-json-provider-2.12.1.jar:/home/runner/.m2/repository/com/fasterxml/jackson/jaxrs/jackson-jaxrs-base/2.12.1/jackson-jaxrs-base-2.12.1.jar:/home/runner/.m2/repository/org/apache/hadoop/hadoop-yarn-client/3.3.1/hadoop-yarn-client-3.3.1.jar:/home/runner/.m2/repository/org/eclipse/jetty/websocket/websocket-client/9.4.40.v20210413/websocket-client-9.4.40.v20210413.jar:/home/runner/.m2/repository/org/eclipse/jetty/jetty-client/9.4.40.v20210413/jetty-client-9.4.40.v20210413.jar:/home/runner/.m2/repository/org/eclipse/jetty/websocket/websocket-common/9.4.40.v20210413/websocket-common-9.4.40.v20210413.jar:/home/runner/.m2/repository/org/eclipse/jetty/websocket/websocket-api/9.4.40.v20210413/websocket-api-9.4.40.v20210413.jar:/home/runner/.m2/repository/org/jline/jline/3.9.0/jline-3.9.0.jar:/home/runner/.m2/repository/org/apache/hadoop/hadoop-mapreduce-client-core/3.3.1/hadoop-mapreduce-client-core-3.3.1.jar:/home/runner/.m2/repository/org/apache/avro/avro/1.7.7/avro-1.7.7.jar:/home/runner/.m2/repository/org/codehaus/jackson/jackson-core-asl/1.9.13/jackson-core-asl-1.9.13.jar:/home/runner/.m2/repository/org/codehaus/jackson/jackson-mapper-asl/1.9.13/jackson-mapper-asl-1.9.13.jar:/home/runner/.m2/repository/com/thoughtworks/paranamer/paranamer/2.3/paranamer-2.3.jar:/home/runner/.m2/repository/org/apache/hadoop/hadoop-annotations/3.3.1/hadoop-annotations-3.3.1.jar:/usr/lib/jvm/adoptopenjdk-8-hotspot-amd64/jre/../lib/tools.jar:/home/runner/.m2/repository/org/apache/hadoop/hadoop-distcp/3.3.1/hadoop-distcp-3.3.1-tests.jar:/home/runner/.m2/repository/org/apache/ratis/ratis-common/2.1.0-03f3b68-SNAPSHOT/ratis-common-2.1.0-03f3b68-SNAPSHOT.jar:/home/runner/.m2/repository/org/apache/ratis/ratis-thirdparty-misc/0.7.0/ratis-thirdparty-misc-0.7.0.jar:/home/runner/.m2/repository/org/apache/ratis/ratis-proto/2.1.0-03f3b68-SNAPSHOT/ratis-proto-2.1.0-03f3b68-SNAPSHOT.jar:"/>
    <property name="sun.cpu.endian" value="little"/>
    <property name="user.home" value="/home/runner"/>
    <property name="user.language" value="en"/>
    <property name="java.specification.vendor" value="Oracle Corporation"/>
    <property name="java.home" value="/usr/lib/jvm/adoptopenjdk-8-hotspot-amd64/jre"/>
    <property name="java.security.krb5.conf" value="/home/runner/work/ozone/ozone/hadoop-ozone/integration-test/target/test-classes/krb5.conf"/>
    <property name="basedir" value="/home/runner/work/ozone/ozone/hadoop-ozone/integration-test"/>
    <property name="file.separator" value="/"/>
    <property name="line.separator" value="&#10;"/>
    <property name="java.vm.specification.vendor" value="Oracle Corporation"/>
    <property name="java.specification.name" value="Java Platform API Specification"/>
    <property name="java.awt.graphicsenv" value="sun.awt.X11GraphicsEnvironment"/>
    <property name="skip.installnpx" value="true"/>
    <property name="surefire.real.class.path" value="/home/runner/work/ozone/ozone/hadoop-ozone/integration-test/target/surefire/surefirebooter3049040251305181165.jar:/home/runner/.m2/repository/org/jacoco/org.jacoco.agent/0.8.5/org.jacoco.agent-0.8.5-runtime.jar"/>
    <property name="hadoop.log.dir" value="/home/runner/work/ozone/ozone/hadoop-ozone/integration-test/target/log"/>
    <property name="sun.boot.class.path" value="/usr/lib/jvm/adoptopenjdk-8-hotspot-amd64/jre/lib/resources.jar:/usr/lib/jvm/adoptopenjdk-8-hotspot-amd64/jre/lib/rt.jar:/usr/lib/jvm/adoptopenjdk-8-hotspot-amd64/jre/lib/sunrsasign.jar:/usr/lib/jvm/adoptopenjdk-8-hotspot-amd64/jre/lib/jsse.jar:/usr/lib/jvm/adoptopenjdk-8-hotspot-amd64/jre/lib/jce.jar:/usr/lib/jvm/adoptopenjdk-8-hotspot-amd64/jre/lib/charsets.jar:/usr/lib/jvm/adoptopenjdk-8-hotspot-amd64/jre/lib/jfr.jar:/usr/lib/jvm/adoptopenjdk-8-hotspot-amd64/jre/classes"/>
    <property name="sun.management.compiler" value="HotSpot 64-Bit Tiered Compilers"/>
    <property name="skip.npx" value="true"/>
    <property name="java.runtime.version" value="1.8.0_292-b10"/>
    <property name="java.net.preferIPv4Stack" value="true"/>
    <property name="user.name" value="runner"/>
    <property name="path.separator" value=":"/>
    <property name="java.security.egd" value="file:///dev/urandom"/>
    <property name="os.version" value="5.4.0-1058-azure"/>
    <property name="java.endorsed.dirs" value="/usr/lib/jvm/adoptopenjdk-8-hotspot-amd64/jre/lib/endorsed"/>
    <property name="java.runtime.name" value="OpenJDK Runtime Environment"/>
    <property name="file.encoding" value="UTF-8"/>
    <property name="java.vm.name" value="OpenJDK 64-Bit Server VM"/>
    <property name="test.build.webapps" value=""/>
    <property name="localRepository" value="/home/runner/.m2/repository"/>
    <property name="java.vendor.url.bug" value="https://github.com/AdoptOpenJDK/openjdk-support/issues"/>
    <property name="java.io.tmpdir" value="/tmp"/>
    <property name="require.test.libhadoop" value=""/>
    <property name="java.version" value="1.8.0_292"/>
    <property name="user.dir" value="/home/runner/work/ozone/ozone/hadoop-ozone/integration-test"/>
    <property name="os.arch" value="amd64"/>
    <property name="java.vm.specification.name" value="Java Virtual Machine Specification"/>
    <property name="test.build.classes" value="/home/runner/work/ozone/ozone/hadoop-ozone/integration-test/target/test-classes"/>
    <property name="java.awt.printerjob" value="sun.print.PSPrinterJob"/>
    <property name="sun.os.patch.level" value="unknown"/>
    <property name="hadoop.tmp.dir" value="/home/runner/work/ozone/ozone/hadoop-ozone/integration-test/target/tmp"/>
    <property name="java.library.path" value="/usr/java/packages/lib/amd64:/usr/lib64:/lib64:/lib:/usr/lib"/>
    <property name="java.vm.info" value="mixed mode"/>
    <property name="java.vendor" value="AdoptOpenJDK"/>
    <property name="java.vm.version" value="25.292-b10"/>
    <property name="java.ext.dirs" value="/usr/lib/jvm/adoptopenjdk-8-hotspot-amd64/jre/lib/ext:/usr/java/packages/lib/ext"/>
    <property name="sun.io.unicode.encoding" value="UnicodeLittle"/>
    <property name="java.class.version" value="52.0"/>
  </properties>
  <testcase name="testInstallSnapshot" classname="org.apache.hadoop.ozone.scm.TestSCMInstallSnapshotWithHA" time="64.106"/>
  <testcase name="testInstallOldCheckpointFailure" classname="org.apache.hadoop.ozone.scm.TestSCMInstallSnapshotWithHA" time="52.829">
    <failure message="expected:&lt;(t:2, i:128)&gt; but was:&lt;(t:2, i:28)&gt;" type="java.lang.AssertionError"><![CDATA[java.lang.AssertionError: expected:<(t:2, i:128)> but was:<(t:2, i:28)>
	at org.junit.Assert.fail(Assert.java:89)
	at org.junit.Assert.failNotEquals(Assert.java:835)
	at org.junit.Assert.assertEquals(Assert.java:120)
	at org.junit.Assert.assertEquals(Assert.java:146)
	at org.apache.hadoop.ozone.scm.TestSCMInstallSnapshotWithHA.testInstallOldCheckpointFailure(TestSCMInstallSnapshotWithHA.java:207)
	at sun.reflect.NativeMethodAccessorImpl.invoke0(Native Method)
	at sun.reflect.NativeMethodAccessorImpl.invoke(NativeMethodAccessorImpl.java:62)
	at sun.reflect.DelegatingMethodAccessorImpl.invoke(DelegatingMethodAccessorImpl.java:43)
	at java.lang.reflect.Method.invoke(Method.java:498)
	at org.junit.platform.commons.util.ReflectionUtils.invokeMethod(ReflectionUtils.java:688)
	at org.junit.jupiter.engine.execution.MethodInvocation.proceed(MethodInvocation.java:60)
	at org.junit.jupiter.engine.execution.InvocationInterceptorChain$ValidatingInvocation.proceed(InvocationInterceptorChain.java:131)
	at org.junit.jupiter.engine.extension.TimeoutInvocation.proceed(TimeoutInvocation.java:46)
	at org.junit.jupiter.engine.extension.TimeoutExtension.intercept(TimeoutExtension.java:149)
	at org.junit.jupiter.engine.extension.TimeoutExtension.interceptTestableMethod(TimeoutExtension.java:140)
	at org.junit.jupiter.engine.extension.TimeoutExtension.interceptTestMethod(TimeoutExtension.java:84)
	at org.junit.jupiter.engine.execution.ExecutableInvoker$ReflectiveInterceptorCall.lambda$ofVoidMethod$0(ExecutableInvoker.java:115)
	at org.junit.jupiter.engine.execution.ExecutableInvoker.lambda$invoke$0(ExecutableInvoker.java:105)
	at org.junit.jupiter.engine.execution.InvocationInterceptorChain$InterceptedInvocation.proceed(InvocationInterceptorChain.java:106)
	at org.junit.jupiter.engine.execution.InvocationInterceptorChain.proceed(InvocationInterceptorChain.java:64)
	at org.junit.jupiter.engine.execution.InvocationInterceptorChain.chainAndInvoke(InvocationInterceptorChain.java:45)
	at org.junit.jupiter.engine.execution.InvocationInterceptorChain.invoke(InvocationInterceptorChain.java:37)
	at org.junit.jupiter.engine.execution.ExecutableInvoker.invoke(ExecutableInvoker.java:104)
	at org.junit.jupiter.engine.execution.ExecutableInvoker.invoke(ExecutableInvoker.java:98)
	at org.junit.jupiter.engine.descriptor.TestMethodTestDescriptor.lambda$invokeTestMethod$6(TestMethodTestDescriptor.java:210)
	at org.junit.platform.engine.support.hierarchical.ThrowableCollector.execute(ThrowableCollector.java:73)
	at org.junit.jupiter.engine.descriptor.TestMethodTestDescriptor.invokeTestMethod(TestMethodTestDescriptor.java:206)
	at org.junit.jupiter.engine.descriptor.TestMethodTestDescriptor.execute(TestMethodTestDescriptor.java:131)
	at org.junit.jupiter.engine.descriptor.TestMethodTestDescriptor.execute(TestMethodTestDescriptor.java:65)
	at org.junit.platform.engine.support.hierarchical.NodeTestTask.lambda$executeRecursively$5(NodeTestTask.java:139)
	at org.junit.platform.engine.support.hierarchical.ThrowableCollector.execute(ThrowableCollector.java:73)
	at org.junit.platform.engine.support.hierarchical.NodeTestTask.lambda$executeRecursively$7(NodeTestTask.java:129)
	at org.junit.platform.engine.support.hierarchical.Node.around(Node.java:137)
	at org.junit.platform.engine.support.hierarchical.NodeTestTask.lambda$executeRecursively$8(NodeTestTask.java:127)
	at org.junit.platform.engine.support.hierarchical.ThrowableCollector.execute(ThrowableCollector.java:73)
	at org.junit.platform.engine.support.hierarchical.NodeTestTask.executeRecursively(NodeTestTask.java:126)
	at org.junit.platform.engine.support.hierarchical.NodeTestTask.execute(NodeTestTask.java:84)
	at java.util.ArrayList.forEach(ArrayList.java:1259)
	at org.junit.platform.engine.support.hierarchical.SameThreadHierarchicalTestExecutorService.invokeAll(SameThreadHierarchicalTestExecutorService.java:38)
	at org.junit.platform.engine.support.hierarchical.NodeTestTask.lambda$executeRecursively$5(NodeTestTask.java:143)
	at org.junit.platform.engine.support.hierarchical.ThrowableCollector.execute(ThrowableCollector.java:73)
	at org.junit.platform.engine.support.hierarchical.NodeTestTask.lambda$executeRecursively$7(NodeTestTask.java:129)
	at org.junit.platform.engine.support.hierarchical.Node.around(Node.java:137)
	at org.junit.platform.engine.support.hierarchical.NodeTestTask.lambda$executeRecursively$8(NodeTestTask.java:127)
	at org.junit.platform.engine.support.hierarchical.ThrowableCollector.execute(ThrowableCollector.java:73)
	at org.junit.platform.engine.support.hierarchical.NodeTestTask.executeRecursively(NodeTestTask.java:126)
	at org.junit.platform.engine.support.hierarchical.NodeTestTask.execute(NodeTestTask.java:84)
	at java.util.ArrayList.forEach(ArrayList.java:1259)
	at org.junit.platform.engine.support.hierarchical.SameThreadHierarchicalTestExecutorService.invokeAll(SameThreadHierarchicalTestExecutorService.java:38)
	at org.junit.platform.engine.support.hierarchical.NodeTestTask.lambda$executeRecursively$5(NodeTestTask.java:143)
	at org.junit.platform.engine.support.hierarchical.ThrowableCollector.execute(ThrowableCollector.java:73)
	at org.junit.platform.engine.support.hierarchical.NodeTestTask.lambda$executeRecursively$7(NodeTestTask.java:129)
	at org.junit.platform.engine.support.hierarchical.Node.around(Node.java:137)
	at org.junit.platform.engine.support.hierarchical.NodeTestTask.lambda$executeRecursively$8(NodeTestTask.java:127)
	at org.junit.platform.engine.support.hierarchical.ThrowableCollector.execute(ThrowableCollector.java:73)
	at org.junit.platform.engine.support.hierarchical.NodeTestTask.executeRecursively(NodeTestTask.java:126)
	at org.junit.platform.engine.support.hierarchical.NodeTestTask.execute(NodeTestTask.java:84)
	at org.junit.platform.engine.support.hierarchical.SameThreadHierarchicalTestExecutorService.submit(SameThreadHierarchicalTestExecutorService.java:32)
	at org.junit.platform.engine.support.hierarchical.HierarchicalTestExecutor.execute(HierarchicalTestExecutor.java:57)
	at org.junit.platform.engine.support.hierarchical.HierarchicalTestEngine.execute(HierarchicalTestEngine.java:51)
	at org.junit.platform.launcher.core.EngineExecutionOrchestrator.execute(EngineExecutionOrchestrator.java:108)
	at org.junit.platform.launcher.core.EngineExecutionOrchestrator.execute(EngineExecutionOrchestrator.java:88)
	at org.junit.platform.launcher.core.EngineExecutionOrchestrator.lambda$execute$0(EngineExecutionOrchestrator.java:54)
	at org.junit.platform.launcher.core.EngineExecutionOrchestrator.withInterceptedStreams(EngineExecutionOrchestrator.java:67)
	at org.junit.platform.launcher.core.EngineExecutionOrchestrator.execute(EngineExecutionOrchestrator.java:52)
	at org.junit.platform.launcher.core.DefaultLauncher.execute(DefaultLauncher.java:96)
	at org.junit.platform.launcher.core.DefaultLauncher.execute(DefaultLauncher.java:75)
	at org.apache.maven.surefire.junitplatform.JUnitPlatformProvider.invokeAllTests(JUnitPlatformProvider.java:142)
	at org.apache.maven.surefire.junitplatform.JUnitPlatformProvider.invoke(JUnitPlatformProvider.java:113)
	at org.apache.maven.surefire.booter.ForkedBooter.invokeProviderInSameClassLoader(ForkedBooter.java:384)
	at org.apache.maven.surefire.booter.ForkedBooter.runSuitesInProcess(ForkedBooter.java:345)
	at org.apache.maven.surefire.booter.ForkedBooter.execute(ForkedBooter.java:126)
	at org.apache.maven.surefire.booter.ForkedBooter.main(ForkedBooter.java:418)
]]></failure>
    <system-out><![CDATA[2021-09-17 14:20:55,894 [Listener at 127.0.0.1/12780] WARN  server.ServerUtils (ServerUtils.java:getScmDbDir(148)) - ozone.scm.db.dirs is not configured. We recommend adding this setting. Falling back to ozone.metadata.dirs instead.
2021-09-17 14:20:55,895 [Listener at 127.0.0.1/12780] INFO  ha.SCMHANodeDetails (SCMHANodeDetails.java:loadSCMHAConfig(157)) - ServiceID for StorageContainerManager is scm-service-test1
2021-09-17 14:20:55,895 [Listener at 127.0.0.1/12780] INFO  ha.SCMHANodeDetails (SCMHANodeDetails.java:loadSCMHAConfig(168)) - ServiceID for StorageContainerManager is scm-service-test1
2021-09-17 14:20:55,895 [Listener at 127.0.0.1/12780] WARN  scm.ScmUtils (ScmUtils.java:logWarn(179)) - ConfigKey ozone.scm.block.client.address is deprecated, For configuring different ports for each SCM use PortConfigKey ozone.scm.block.client.port appended with serviceId and nodeId. If want to configure same port configure ozone.scm.block.client.port
2021-09-17 14:20:55,895 [Listener at 127.0.0.1/12780] WARN  scm.ScmUtils (ScmUtils.java:logWarn(179)) - ConfigKey ozone.scm.client.address is deprecated, For configuring different ports for each SCM use PortConfigKey ozone.scm.client.port appended with serviceId and nodeId. If want to configure same port configure ozone.scm.client.port
2021-09-17 14:20:55,899 [Listener at 127.0.0.1/12780] WARN  scm.ScmUtils (ScmUtils.java:logWarn(179)) - ConfigKey ozone.scm.datanode.address is deprecated, For configuring different ports for each SCM use PortConfigKey ozone.scm.datanode.port appended with serviceId and nodeId. If want to configure same port configure ozone.scm.datanode.port
2021-09-17 14:20:55,899 [Listener at 127.0.0.1/12780] WARN  scm.ScmUtils (ScmUtils.java:logWarn(179)) - ConfigKey ozone.scm.block.client.address is deprecated, For configuring different ports for each SCM use PortConfigKey ozone.scm.block.client.port appended with serviceId and nodeId. If want to configure same port configure ozone.scm.block.client.port
2021-09-17 14:20:55,899 [Listener at 127.0.0.1/12780] WARN  scm.ScmUtils (ScmUtils.java:logWarn(179)) - ConfigKey ozone.scm.client.address is deprecated, For configuring different ports for each SCM use PortConfigKey ozone.scm.client.port appended with serviceId and nodeId. If want to configure same port configure ozone.scm.client.port
2021-09-17 14:20:55,902 [Listener at 127.0.0.1/12780] WARN  scm.ScmUtils (ScmUtils.java:logWarn(179)) - ConfigKey ozone.scm.datanode.address is deprecated, For configuring different ports for each SCM use PortConfigKey ozone.scm.datanode.port appended with serviceId and nodeId. If want to configure same port configure ozone.scm.datanode.port
2021-09-17 14:20:55,903 [Listener at 127.0.0.1/12780] INFO  ha.SCMHANodeDetails (SCMHANodeDetails.java:loadSCMHAConfig(250)) - Found matching SCM address with SCMServiceId: scm-service-test1, SCMNodeId: scmNode-1, RPC Address: localhost:13640 and Ratis port: 13640
2021-09-17 14:20:55,903 [Listener at 127.0.0.1/12780] INFO  ha.SCMHANodeDetails (ConfUtils.java:setNodeSpecificConfigs(108)) - Setting configuration key ozone.scm.datanode.address with value of key ozone.scm.datanode.address.scm-service-test1.scmNode-1: 127.0.0.1:13641
2021-09-17 14:20:55,903 [Listener at 127.0.0.1/12780] INFO  ha.SCMHANodeDetails (ConfUtils.java:setNodeSpecificConfigs(108)) - Setting configuration key ozone.scm.block.client.address with value of key ozone.scm.block.client.address.scm-service-test1.scmNode-1: 127.0.0.1:13642
2021-09-17 14:20:55,903 [Listener at 127.0.0.1/12780] INFO  ha.SCMHANodeDetails (ConfUtils.java:setNodeSpecificConfigs(108)) - Setting configuration key ozone.scm.client.address with value of key ozone.scm.client.address.scm-service-test1.scmNode-1: 127.0.0.1:13643
2021-09-17 14:20:55,903 [Listener at 127.0.0.1/12780] INFO  ha.SCMHANodeDetails (ConfUtils.java:setNodeSpecificConfigs(108)) - Setting configuration key ozone.scm.ratis.port with value of key ozone.scm.ratis.port.scm-service-test1.scmNode-1: 13640
2021-09-17 14:20:55,903 [Listener at 127.0.0.1/12780] INFO  ha.SCMHANodeDetails (ConfUtils.java:setNodeSpecificConfigs(108)) - Setting configuration key ozone.scm.grpc.port with value of key ozone.scm.grpc.port.scm-service-test1.scmNode-1: 13644
2021-09-17 14:20:55,903 [Listener at 127.0.0.1/12780] INFO  ha.SCMHANodeDetails (ConfUtils.java:setNodeSpecificConfigs(108)) - Setting configuration key ozone.scm.http-address with value of key ozone.scm.http-address.scm-service-test1.scmNode-1: 127.0.0.1:13638
2021-09-17 14:20:55,904 [Listener at 127.0.0.1/12780] INFO  ha.SCMHANodeDetails (ConfUtils.java:setNodeSpecificConfigs(108)) - Setting configuration key ozone.scm.https-address with value of key ozone.scm.https-address.scm-service-test1.scmNode-1: 127.0.0.1:13639
2021-09-17 14:20:55,904 [Listener at 127.0.0.1/12780] INFO  ha.SCMHANodeDetails (ConfUtils.java:setNodeSpecificConfigs(108)) - Setting configuration key ozone.scm.address with value of key ozone.scm.address.scm-service-test1.scmNode-1: 127.0.0.1
2021-09-17 14:20:55,904 [Listener at 127.0.0.1/12780] WARN  scm.ScmUtils (ScmUtils.java:logWarn(179)) - ConfigKey ozone.scm.block.client.address is deprecated, For configuring different ports for each SCM use PortConfigKey ozone.scm.block.client.port appended with serviceId and nodeId. If want to configure same port configure ozone.scm.block.client.port
2021-09-17 14:20:55,904 [Listener at 127.0.0.1/12780] WARN  scm.ScmUtils (ScmUtils.java:logWarn(179)) - ConfigKey ozone.scm.client.address is deprecated, For configuring different ports for each SCM use PortConfigKey ozone.scm.client.port appended with serviceId and nodeId. If want to configure same port configure ozone.scm.client.port
2021-09-17 14:20:55,904 [Listener at 127.0.0.1/12780] WARN  scm.ScmUtils (ScmUtils.java:logWarn(179)) - ConfigKey ozone.scm.datanode.address is deprecated, For configuring different ports for each SCM use PortConfigKey ozone.scm.datanode.port appended with serviceId and nodeId. If want to configure same port configure ozone.scm.datanode.port
2021-09-17 14:20:55,909 [Listener at 127.0.0.1/12780] INFO  server.RaftServer (ConfUtils.java:logGet(44)) - raft.rpc.type = GRPC (default)
2021-09-17 14:20:55,909 [Listener at 127.0.0.1/12780] INFO  grpc.GrpcFactory (GrpcFactory.java:checkPooledByteBufAllocatorUseCacheForAllThreads(48)) - PERFORMANCE WARNING: useCacheForAllThreads is true that may cause Netty to create a lot garbage objects and, as a result, trigger GC.
	It is recommended to disable useCacheForAllThreads by setting -Dorg.apache.ratis.thirdparty.io.netty.allocator.useCacheForAllThreads=false in command line.
2021-09-17 14:20:55,909 [Listener at 127.0.0.1/12780] INFO  grpc.GrpcConfigKeys (ConfUtils.java:logGet(44)) - raft.grpc.admin.port = -1 (default)
2021-09-17 14:20:55,909 [Listener at 127.0.0.1/12780] INFO  grpc.GrpcConfigKeys (ConfUtils.java:logGet(44)) - raft.grpc.server.port = 13640 (custom)
2021-09-17 14:20:55,909 [Listener at 127.0.0.1/12780] INFO  grpc.GrpcConfigKeys (ConfUtils.java:logGet(44)) - raft.grpc.client.port = -1 (default)
2021-09-17 14:20:55,910 [Listener at 127.0.0.1/12780] INFO  grpc.GrpcConfigKeys (ConfUtils.java:logGet(44)) - raft.grpc.server.port = 13640 (custom)
2021-09-17 14:20:55,914 [Listener at 127.0.0.1/12780] INFO  grpc.GrpcConfigKeys (ConfUtils.java:logGet(44)) - raft.grpc.server.port = 13640 (custom)
2021-09-17 14:20:55,914 [Listener at 127.0.0.1/12780] INFO  server.GrpcService (ConfUtils.java:logGet(44)) - raft.grpc.message.size.max = 32m (=33554432) (custom)
2021-09-17 14:20:55,914 [Listener at 127.0.0.1/12780] INFO  server.RaftServerConfigKeys (ConfUtils.java:logGet(44)) - raft.server.log.appender.buffer.byte-limit = 33554432 (custom)
2021-09-17 14:20:55,915 [Listener at 127.0.0.1/12780] INFO  server.GrpcService (ConfUtils.java:logGet(44)) - raft.grpc.flow.control.window = 1MB (=1048576) (default)
2021-09-17 14:20:55,915 [Listener at 127.0.0.1/12780] INFO  server.RaftServerConfigKeys (ConfUtils.java:logGet(44)) - raft.server.rpc.request.timeout = 30000ms (custom)
2021-09-17 14:20:55,916 [Listener at 127.0.0.1/12780] INFO  impl.DataStreamServerImpl (ConfUtils.java:logGet(44)) - raft.datastream.type = DISABLED (default)
2021-09-17 14:20:55,917 [Listener at 127.0.0.1/12780] INFO  server.RaftServerConfigKeys (ConfUtils.java:logGet(44)) - raft.server.rpc.slowness.timeout = 120000ms (custom)
2021-09-17 14:20:55,917 [Listener at 127.0.0.1/12780] INFO  server.RaftServerConfigKeys (ConfUtils.java:logGet(44)) - raft.server.leaderelection.leader.step-down.wait-time = 10s (default)
2021-09-17 14:20:55,917 [Listener at 127.0.0.1/12780] INFO  server.RaftServerConfigKeys (ConfUtils.java:logGet(44)) - raft.server.storage.dir = [/home/runner/work/ozone/ozone/hadoop-ozone/integration-test/target/test-dir/MiniOzoneClusterImpl-3d3fab62-48bb-41e0-9886-50eb3b9e447a/scmNode-1/scm-ha] (custom)
2021-09-17 14:20:55,921 [EndpointStateMachine task thread for /127.0.0.1:14625 - 0 ] INFO  ipc.Client (Client.java:handleConnectionFailure(977)) - Retrying connect to server: localhost/127.0.0.1:14625. Already tried 0 time(s); retry policy is RetryUpToMaximumCountWithFixedSleep(maxRetries=15, sleepTime=1000 MILLISECONDS)
2021-09-17 14:20:55,922 [EndpointStateMachine task thread for /127.0.0.1:14615 - 0 ] INFO  ipc.Client (Client.java:handleConnectionFailure(977)) - Retrying connect to server: localhost/127.0.0.1:14615. Already tried 0 time(s); retry policy is RetryUpToMaximumCountWithFixedSleep(maxRetries=15, sleepTime=1000 MILLISECONDS)
2021-09-17 14:20:55,926 [Listener at 127.0.0.1/12780] INFO  server.RaftServer (RaftServerProxy.java:addNew(95)) - 62c51671-a275-468c-9a91-cfb1a6740248: addNew group-50EB3B9E447A:[62c51671-a275-468c-9a91-cfb1a6740248|rpc:localhost:13640|priority:0] returns group-50EB3B9E447A:java.util.concurrent.CompletableFuture@50c59289[Not completed]
2021-09-17 14:20:55,927 [pool-174-thread-1] INFO  server.RaftServer$Division (RaftServerImpl.java:<init>(181)) - 62c51671-a275-468c-9a91-cfb1a6740248: new RaftServerImpl for group-50EB3B9E447A:[62c51671-a275-468c-9a91-cfb1a6740248|rpc:localhost:13640|priority:0] with SCMStateMachine:uninitialized
2021-09-17 14:20:55,927 [pool-174-thread-1] INFO  server.RaftServerConfigKeys (ConfUtils.java:logGet(44)) - raft.server.rpc.timeout.min = 5000ms (custom)
2021-09-17 14:20:55,927 [pool-174-thread-1] INFO  server.RaftServerConfigKeys (ConfUtils.java:logGet(44)) - raft.server.rpc.timeout.max = 5200ms (custom)
2021-09-17 14:20:55,927 [pool-174-thread-1] INFO  server.RaftServerConfigKeys (ConfUtils.java:logGet(44)) - raft.server.rpc.sleep.time = 25ms (default)
2021-09-17 14:20:55,930 [pool-174-thread-1] INFO  server.RaftServerConfigKeys (ConfUtils.java:logGet(44)) - raft.server.rpc.slowness.timeout = 120000ms (custom)
2021-09-17 14:20:55,930 [pool-174-thread-1] INFO  server.RaftServerConfigKeys (ConfUtils.java:logGet(44)) - raft.server.leaderelection.leader.step-down.wait-time = 10s (default)
2021-09-17 14:20:55,930 [pool-174-thread-1] INFO  server.RaftServerConfigKeys (ConfUtils.java:logGet(44)) - raft.server.sleep.deviation.threshold = 300ms (default)
2021-09-17 14:20:55,930 [pool-174-thread-1] INFO  server.RaftServerConfigKeys (ConfUtils.java:logGet(44)) - raft.server.log.appender.install.snapshot.enabled = false (custom)
2021-09-17 14:20:55,930 [pool-174-thread-1] INFO  server.RaftServer$Division (ServerState.java:<init>(105)) - 62c51671-a275-468c-9a91-cfb1a6740248@group-50EB3B9E447A: ConfigurationManager, init=-1: [62c51671-a275-468c-9a91-cfb1a6740248|rpc:localhost:13640|priority:0], old=null, confs=<EMPTY_MAP>
2021-09-17 14:20:55,930 [pool-174-thread-1] INFO  server.RaftServerConfigKeys (ConfUtils.java:logGet(44)) - raft.server.storage.dir = [/home/runner/work/ozone/ozone/hadoop-ozone/integration-test/target/test-dir/MiniOzoneClusterImpl-3d3fab62-48bb-41e0-9886-50eb3b9e447a/scmNode-1/scm-ha] (custom)
2021-09-17 14:20:55,931 [pool-174-thread-1] INFO  server.RaftServerConfigKeys (ConfUtils.java:logGet(44)) - raft.server.log.corruption.policy = EXCEPTION (default)
2021-09-17 14:20:55,931 [pool-174-thread-1] INFO  server.RaftServerConfigKeys (ConfUtils.java:logGet(44)) - raft.server.storage.free-space.min = 0MB (=0) (default)
2021-09-17 14:20:55,931 [pool-174-thread-1] INFO  storage.RaftStorageDirectory (RaftStorageDirectoryImpl.java:analyzeStorage(135)) - The storage directory /home/runner/work/ozone/ozone/hadoop-ozone/integration-test/target/test-dir/MiniOzoneClusterImpl-3d3fab62-48bb-41e0-9886-50eb3b9e447a/scmNode-1/scm-ha/3d3fab62-48bb-41e0-9886-50eb3b9e447a does not exist. Creating ...
2021-09-17 14:20:55,932 [pool-174-thread-1] INFO  storage.RaftStorageDirectory (RaftStorageDirectoryImpl.java:tryLock(230)) - Lock on /home/runner/work/ozone/ozone/hadoop-ozone/integration-test/target/test-dir/MiniOzoneClusterImpl-3d3fab62-48bb-41e0-9886-50eb3b9e447a/scmNode-1/scm-ha/3d3fab62-48bb-41e0-9886-50eb3b9e447a/in_use.lock acquired by nodename 9576@fv-az116-264
2021-09-17 14:20:55,935 [pool-174-thread-1] INFO  storage.RaftStorage (RaftStorageImpl.java:format(89)) - Storage directory /home/runner/work/ozone/ozone/hadoop-ozone/integration-test/target/test-dir/MiniOzoneClusterImpl-3d3fab62-48bb-41e0-9886-50eb3b9e447a/scmNode-1/scm-ha/3d3fab62-48bb-41e0-9886-50eb3b9e447a has been successfully formatted.
2021-09-17 14:20:55,935 [pool-174-thread-1] INFO  server.RaftServerConfigKeys (ConfUtils.java:logGet(44)) - raft.server.notification.no-leader.timeout = 60s (default)
2021-09-17 14:20:55,935 [pool-174-thread-1] INFO  server.RaftServerConfigKeys (ConfUtils.java:logGet(44)) - raft.server.log.use.memory = false (default)
2021-09-17 14:20:55,935 [pool-174-thread-1] INFO  server.RaftServerConfigKeys (ConfUtils.java:logGet(44)) - raft.server.log.purge.gap = 5 (custom)
2021-09-17 14:20:55,935 [pool-174-thread-1] INFO  server.RaftServerConfigKeys (ConfUtils.java:logGet(44)) - raft.server.log.appender.buffer.byte-limit = 33554432 (custom)
2021-09-17 14:20:55,936 [pool-174-thread-1] INFO  server.RaftServerConfigKeys (ConfUtils.java:logGet(44)) - raft.server.log.segment.size.max = 16384 (custom)
2021-09-17 14:20:55,936 [pool-174-thread-1] INFO  server.RaftServerConfigKeys (ConfUtils.java:logGet(44)) - raft.server.log.segment.cache.num.max = 2 (custom)
2021-09-17 14:20:55,936 [pool-174-thread-1] INFO  server.RaftServerConfigKeys (ConfUtils.java:logGet(44)) - raft.server.log.segment.cache.size.max = 200MB (=209715200) (default)
2021-09-17 14:20:55,936 [pool-174-thread-1] INFO  segmented.SegmentedRaftLogWorker (SegmentedRaftLogWorker.java:<init>(182)) - new 62c51671-a275-468c-9a91-cfb1a6740248@group-50EB3B9E447A-SegmentedRaftLogWorker for RaftStorageImpl:Storage Directory /home/runner/work/ozone/ozone/hadoop-ozone/integration-test/target/test-dir/MiniOzoneClusterImpl-3d3fab62-48bb-41e0-9886-50eb3b9e447a/scmNode-1/scm-ha/3d3fab62-48bb-41e0-9886-50eb3b9e447a
2021-09-17 14:20:55,936 [pool-174-thread-1] INFO  server.RaftServerConfigKeys (ConfUtils.java:logGet(44)) - raft.server.log.queue.byte-limit = 64MB (=67108864) (default)
2021-09-17 14:20:55,936 [pool-174-thread-1] INFO  server.RaftServerConfigKeys (ConfUtils.java:logGet(44)) - raft.server.log.queue.element-limit = 4096 (default)
2021-09-17 14:20:55,937 [pool-174-thread-1] INFO  server.RaftServerConfigKeys (ConfUtils.java:logGet(44)) - raft.server.log.segment.size.max = 16384 (custom)
2021-09-17 14:20:55,937 [pool-174-thread-1] INFO  server.RaftServerConfigKeys (ConfUtils.java:logGet(44)) - raft.server.log.preallocated.size = 16384 (custom)
2021-09-17 14:20:55,937 [pool-174-thread-1] INFO  server.RaftServerConfigKeys (ConfUtils.java:logGet(44)) - raft.server.log.force.sync.num = 128 (default)
2021-09-17 14:20:55,937 [pool-174-thread-1] INFO  server.RaftServerConfigKeys (ConfUtils.java:logGet(44)) - raft.server.log.statemachine.data.sync = true (default)
2021-09-17 14:20:55,937 [pool-174-thread-1] INFO  server.RaftServerConfigKeys (ConfUtils.java:logGet(44)) - raft.server.log.statemachine.data.sync.timeout = 10s (default)
2021-09-17 14:20:55,937 [pool-174-thread-1] INFO  server.RaftServerConfigKeys (ConfUtils.java:logGet(44)) - raft.server.log.statemachine.data.sync.timeout.retry = -1 (default)
2021-09-17 14:20:55,940 [pool-174-thread-1] INFO  server.RaftServerConfigKeys (ConfUtils.java:logGet(44)) - raft.server.log.write.buffer.size = 64KB (=65536) (default)
2021-09-17 14:20:55,941 [pool-174-thread-1] INFO  server.RaftServerConfigKeys (ConfUtils.java:logGet(44)) - raft.server.log.statemachine.data.caching.enabled = false (default)
2021-09-17 14:20:55,941 [pool-174-thread-1] INFO  segmented.SegmentedRaftLogWorker (SegmentedRaftLogWorker.java:lambda$new$0(133)) - 62c51671-a275-468c-9a91-cfb1a6740248@group-50EB3B9E447A-SegmentedRaftLogWorker: flushIndex: setUnconditionally 0 -> -1
2021-09-17 14:20:55,941 [pool-174-thread-1] INFO  segmented.SegmentedRaftLogWorker (SegmentedRaftLogWorker.java:lambda$new$0(133)) - 62c51671-a275-468c-9a91-cfb1a6740248@group-50EB3B9E447A-SegmentedRaftLogWorker: safeCacheEvictIndex: setUnconditionally 0 -> -1
2021-09-17 14:20:55,941 [pool-174-thread-1] INFO  server.RaftServerConfigKeys (ConfUtils.java:logGet(44)) - raft.server.snapshot.auto.trigger.enabled = true (custom)
2021-09-17 14:20:55,941 [pool-174-thread-1] INFO  server.RaftServerConfigKeys (ConfUtils.java:logGet(44)) - raft.server.snapshot.auto.trigger.threshold = 5 (custom)
2021-09-17 14:20:55,941 [pool-174-thread-1] INFO  server.RaftServerConfigKeys (ConfUtils.java:logGet(44)) - raft.server.snapshot.retention.file.num = -1 (default)
2021-09-17 14:20:55,941 [pool-174-thread-1] INFO  server.RaftServerConfigKeys (ConfUtils.java:logGet(44)) - raft.server.log.purge.upto.snapshot.index = true (custom)
2021-09-17 14:20:55,941 [pool-174-thread-1] INFO  server.RaftServerConfigKeys (ConfUtils.java:logGet(44)) - raft.server.retrycache.expirytime = 60000ms (default)
2021-09-17 14:20:55,941 [pool-174-thread-1] INFO  server.RaftServerConfigKeys (ConfUtils.java:logGet(44)) - raft.server.retrycache.statistics.expirytime = 100μs (default)
2021-09-17 14:20:55,944 [Listener at 127.0.0.1/12780] INFO  server.RaftServer$Division (RaftServerImpl.java:start(296)) - 62c51671-a275-468c-9a91-cfb1a6740248@group-50EB3B9E447A: start as a follower, conf=-1: [62c51671-a275-468c-9a91-cfb1a6740248|rpc:localhost:13640|priority:0], old=null
2021-09-17 14:20:55,945 [Listener at 127.0.0.1/12780] INFO  server.RaftServer$Division (RaftServerImpl.java:setRole(285)) - 62c51671-a275-468c-9a91-cfb1a6740248@group-50EB3B9E447A: changes role from      null to FOLLOWER at term 0 for startAsFollower
2021-09-17 14:20:55,945 [Listener at 127.0.0.1/12780] INFO  impl.RoleInfo (RoleInfo.java:updateAndGet(130)) - 62c51671-a275-468c-9a91-cfb1a6740248: start 62c51671-a275-468c-9a91-cfb1a6740248@group-50EB3B9E447A-FollowerState
2021-09-17 14:20:55,945 [Listener at 127.0.0.1/12780] INFO  util.JmxRegister (JmxRegister.java:tryRegister(44)) - Successfully registered JMX Bean with object name Ratis:service=RaftServer,group=group-50EB3B9E447A,id=62c51671-a275-468c-9a91-cfb1a6740248
2021-09-17 14:20:55,946 [Listener at 127.0.0.1/12780] INFO  server.RaftServer (RaftServerProxy.java:lambda$start$5(374)) - 62c51671-a275-468c-9a91-cfb1a6740248: start RPC server
2021-09-17 14:20:55,968 [Listener at 127.0.0.1/12780] INFO  server.GrpcService (GrpcService.java:startImpl(253)) - 62c51671-a275-468c-9a91-cfb1a6740248: GrpcService started, listening on 13640
2021-09-17 14:20:55,969 [org.apache.ratis.util.JvmPauseMonitor$$Lambda$499/723602324@23031a56] INFO  util.JvmPauseMonitor (JvmPauseMonitor.java:run(103)) - JvmPauseMonitor-62c51671-a275-468c-9a91-cfb1a6740248: Started
2021-09-17 14:20:56,514 [EndpointStateMachine task thread for /127.0.0.1:14605 - 0 ] INFO  ipc.Client (Client.java:handleConnectionFailure(977)) - Retrying connect to server: localhost/127.0.0.1:14605. Already tried 2 time(s); retry policy is RetryUpToMaximumCountWithFixedSleep(maxRetries=15, sleepTime=1000 MILLISECONDS)
2021-09-17 14:20:56,922 [EndpointStateMachine task thread for /127.0.0.1:14625 - 0 ] INFO  ipc.Client (Client.java:handleConnectionFailure(977)) - Retrying connect to server: localhost/127.0.0.1:14625. Already tried 1 time(s); retry policy is RetryUpToMaximumCountWithFixedSleep(maxRetries=15, sleepTime=1000 MILLISECONDS)
2021-09-17 14:20:56,923 [EndpointStateMachine task thread for /127.0.0.1:14615 - 0 ] INFO  ipc.Client (Client.java:handleConnectionFailure(977)) - Retrying connect to server: localhost/127.0.0.1:14615. Already tried 1 time(s); retry policy is RetryUpToMaximumCountWithFixedSleep(maxRetries=15, sleepTime=1000 MILLISECONDS)
2021-09-17 14:20:57,514 [EndpointStateMachine task thread for /127.0.0.1:14605 - 0 ] INFO  ipc.Client (Client.java:handleConnectionFailure(977)) - Retrying connect to server: localhost/127.0.0.1:14605. Already tried 3 time(s); retry policy is RetryUpToMaximumCountWithFixedSleep(maxRetries=15, sleepTime=1000 MILLISECONDS)
2021-09-17 14:20:57,923 [EndpointStateMachine task thread for /127.0.0.1:14615 - 0 ] INFO  ipc.Client (Client.java:handleConnectionFailure(977)) - Retrying connect to server: localhost/127.0.0.1:14615. Already tried 2 time(s); retry policy is RetryUpToMaximumCountWithFixedSleep(maxRetries=15, sleepTime=1000 MILLISECONDS)
2021-09-17 14:20:57,924 [EndpointStateMachine task thread for /127.0.0.1:14625 - 0 ] INFO  ipc.Client (Client.java:handleConnectionFailure(977)) - Retrying connect to server: localhost/127.0.0.1:14625. Already tried 2 time(s); retry policy is RetryUpToMaximumCountWithFixedSleep(maxRetries=15, sleepTime=1000 MILLISECONDS)
2021-09-17 14:20:58,515 [EndpointStateMachine task thread for /127.0.0.1:14605 - 0 ] INFO  ipc.Client (Client.java:handleConnectionFailure(977)) - Retrying connect to server: localhost/127.0.0.1:14605. Already tried 4 time(s); retry policy is RetryUpToMaximumCountWithFixedSleep(maxRetries=15, sleepTime=1000 MILLISECONDS)
2021-09-17 14:20:58,924 [EndpointStateMachine task thread for /127.0.0.1:14615 - 0 ] INFO  ipc.Client (Client.java:handleConnectionFailure(977)) - Retrying connect to server: localhost/127.0.0.1:14615. Already tried 3 time(s); retry policy is RetryUpToMaximumCountWithFixedSleep(maxRetries=15, sleepTime=1000 MILLISECONDS)
2021-09-17 14:20:58,925 [EndpointStateMachine task thread for /127.0.0.1:14625 - 0 ] INFO  ipc.Client (Client.java:handleConnectionFailure(977)) - Retrying connect to server: localhost/127.0.0.1:14625. Already tried 3 time(s); retry policy is RetryUpToMaximumCountWithFixedSleep(maxRetries=15, sleepTime=1000 MILLISECONDS)
2021-09-17 14:20:59,516 [EndpointStateMachine task thread for /127.0.0.1:14605 - 0 ] INFO  ipc.Client (Client.java:handleConnectionFailure(977)) - Retrying connect to server: localhost/127.0.0.1:14605. Already tried 5 time(s); retry policy is RetryUpToMaximumCountWithFixedSleep(maxRetries=15, sleepTime=1000 MILLISECONDS)
2021-09-17 14:20:59,925 [EndpointStateMachine task thread for /127.0.0.1:14615 - 0 ] INFO  ipc.Client (Client.java:handleConnectionFailure(977)) - Retrying connect to server: localhost/127.0.0.1:14615. Already tried 4 time(s); retry policy is RetryUpToMaximumCountWithFixedSleep(maxRetries=15, sleepTime=1000 MILLISECONDS)
2021-09-17 14:20:59,925 [EndpointStateMachine task thread for /127.0.0.1:14625 - 0 ] INFO  ipc.Client (Client.java:handleConnectionFailure(977)) - Retrying connect to server: localhost/127.0.0.1:14625. Already tried 4 time(s); retry policy is RetryUpToMaximumCountWithFixedSleep(maxRetries=15, sleepTime=1000 MILLISECONDS)
2021-09-17 14:21:00,516 [EndpointStateMachine task thread for /127.0.0.1:14605 - 0 ] INFO  ipc.Client (Client.java:handleConnectionFailure(977)) - Retrying connect to server: localhost/127.0.0.1:14605. Already tried 6 time(s); retry policy is RetryUpToMaximumCountWithFixedSleep(maxRetries=15, sleepTime=1000 MILLISECONDS)
2021-09-17 14:21:00,925 [EndpointStateMachine task thread for /127.0.0.1:14615 - 0 ] INFO  ipc.Client (Client.java:handleConnectionFailure(977)) - Retrying connect to server: localhost/127.0.0.1:14615. Already tried 5 time(s); retry policy is RetryUpToMaximumCountWithFixedSleep(maxRetries=15, sleepTime=1000 MILLISECONDS)
2021-09-17 14:21:00,926 [EndpointStateMachine task thread for /127.0.0.1:14625 - 0 ] INFO  ipc.Client (Client.java:handleConnectionFailure(977)) - Retrying connect to server: localhost/127.0.0.1:14625. Already tried 5 time(s); retry policy is RetryUpToMaximumCountWithFixedSleep(maxRetries=15, sleepTime=1000 MILLISECONDS)
2021-09-17 14:21:01,063 [62c51671-a275-468c-9a91-cfb1a6740248@group-50EB3B9E447A-FollowerState] INFO  impl.FollowerState (FollowerState.java:run(134)) - 62c51671-a275-468c-9a91-cfb1a6740248@group-50EB3B9E447A-FollowerState: change to CANDIDATE, lastRpcElapsedTime:5118199793ns, electionTimeout:5100ms
2021-09-17 14:21:01,063 [62c51671-a275-468c-9a91-cfb1a6740248@group-50EB3B9E447A-FollowerState] INFO  impl.RoleInfo (RoleInfo.java:shutdownFollowerState(108)) - 62c51671-a275-468c-9a91-cfb1a6740248: shutdown 62c51671-a275-468c-9a91-cfb1a6740248@group-50EB3B9E447A-FollowerState
2021-09-17 14:21:01,063 [62c51671-a275-468c-9a91-cfb1a6740248@group-50EB3B9E447A-FollowerState] INFO  server.RaftServer$Division (RaftServerImpl.java:setRole(285)) - 62c51671-a275-468c-9a91-cfb1a6740248@group-50EB3B9E447A: changes role from  FOLLOWER to CANDIDATE at term 0 for changeToCandidate
2021-09-17 14:21:01,063 [62c51671-a275-468c-9a91-cfb1a6740248@group-50EB3B9E447A-FollowerState] INFO  server.RaftServerConfigKeys (ConfUtils.java:logGet(44)) - raft.server.leaderelection.pre-vote = false (custom)
2021-09-17 14:21:01,063 [62c51671-a275-468c-9a91-cfb1a6740248@group-50EB3B9E447A-FollowerState] INFO  impl.RoleInfo (RoleInfo.java:updateAndGet(130)) - 62c51671-a275-468c-9a91-cfb1a6740248: start 62c51671-a275-468c-9a91-cfb1a6740248@group-50EB3B9E447A-LeaderElection10
2021-09-17 14:21:01,083 [62c51671-a275-468c-9a91-cfb1a6740248@group-50EB3B9E447A-LeaderElection10] INFO  impl.LeaderElection (LeaderElection.java:askForVotes(306)) - 62c51671-a275-468c-9a91-cfb1a6740248@group-50EB3B9E447A-LeaderElection10 ELECTION round 0: submit vote requests at term 1 for -1: [62c51671-a275-468c-9a91-cfb1a6740248|rpc:localhost:13640|priority:0], old=null
2021-09-17 14:21:01,083 [62c51671-a275-468c-9a91-cfb1a6740248@group-50EB3B9E447A-LeaderElection10] INFO  impl.LeaderElection (LeaderElection.java:askForVotes(308)) - 62c51671-a275-468c-9a91-cfb1a6740248@group-50EB3B9E447A-LeaderElection10 ELECTION round 0: result PASSED (term=1)
2021-09-17 14:21:01,083 [62c51671-a275-468c-9a91-cfb1a6740248@group-50EB3B9E447A-LeaderElection10] INFO  impl.RoleInfo (RoleInfo.java:shutdownLeaderElection(121)) - 62c51671-a275-468c-9a91-cfb1a6740248: shutdown 62c51671-a275-468c-9a91-cfb1a6740248@group-50EB3B9E447A-LeaderElection10
2021-09-17 14:21:01,083 [62c51671-a275-468c-9a91-cfb1a6740248@group-50EB3B9E447A-LeaderElection10] INFO  server.RaftServer$Division (RaftServerImpl.java:setRole(285)) - 62c51671-a275-468c-9a91-cfb1a6740248@group-50EB3B9E447A: changes role from CANDIDATE to LEADER at term 1 for changeToLeader
2021-09-17 14:21:01,083 [62c51671-a275-468c-9a91-cfb1a6740248@group-50EB3B9E447A-LeaderElection10] INFO  server.RaftServer$Division (ServerState.java:setLeader(285)) - 62c51671-a275-468c-9a91-cfb1a6740248@group-50EB3B9E447A: change Leader from null to 62c51671-a275-468c-9a91-cfb1a6740248 at term 1 for becomeLeader, leader elected after 5148ms
2021-09-17 14:21:01,083 [62c51671-a275-468c-9a91-cfb1a6740248@group-50EB3B9E447A-LeaderElection10] INFO  server.RaftServerConfigKeys (ConfUtils.java:logGet(44)) - raft.server.staging.catchup.gap = 1000 (default)
2021-09-17 14:21:01,084 [62c51671-a275-468c-9a91-cfb1a6740248@group-50EB3B9E447A-LeaderElection10] INFO  server.RaftServerConfigKeys (ConfUtils.java:logGet(44)) - raft.server.write.element-limit = 4096 (default)
2021-09-17 14:21:01,084 [62c51671-a275-468c-9a91-cfb1a6740248@group-50EB3B9E447A-LeaderElection10] INFO  server.RaftServerConfigKeys (ConfUtils.java:logGet(44)) - raft.server.write.byte-limit = 64MB (=67108864) (default)
2021-09-17 14:21:01,084 [62c51671-a275-468c-9a91-cfb1a6740248@group-50EB3B9E447A-LeaderElection10] INFO  server.RaftServerConfigKeys (ConfUtils.java:logGet(44)) - raft.server.watch.timeout = 10s (default)
2021-09-17 14:21:01,084 [62c51671-a275-468c-9a91-cfb1a6740248@group-50EB3B9E447A-LeaderElection10] INFO  server.RaftServerConfigKeys (ConfUtils.java:logGet(44)) - raft.server.watch.timeout.denomination = 1s (default)
2021-09-17 14:21:01,084 [62c51671-a275-468c-9a91-cfb1a6740248@group-50EB3B9E447A-LeaderElection10] INFO  server.RaftServerConfigKeys (ConfUtils.java:logGet(44)) - raft.server.watch.element-limit = 65536 (default)
2021-09-17 14:21:01,084 [62c51671-a275-468c-9a91-cfb1a6740248@group-50EB3B9E447A-LeaderElection10] INFO  impl.RoleInfo (RoleInfo.java:updateAndGet(130)) - 62c51671-a275-468c-9a91-cfb1a6740248: start 62c51671-a275-468c-9a91-cfb1a6740248@group-50EB3B9E447A-LeaderStateImpl
2021-09-17 14:21:01,084 [62c51671-a275-468c-9a91-cfb1a6740248@group-50EB3B9E447A-LeaderElection10] INFO  segmented.SegmentedRaftLogWorker (SegmentedRaftLogWorker.java:startLogSegment(394)) - 62c51671-a275-468c-9a91-cfb1a6740248@group-50EB3B9E447A-SegmentedRaftLogWorker: Starting segment from index:0
2021-09-17 14:21:01,087 [62c51671-a275-468c-9a91-cfb1a6740248@group-50EB3B9E447A-LeaderElection10] INFO  server.RaftServer$Division (ServerState.java:setRaftConf(387)) - 62c51671-a275-468c-9a91-cfb1a6740248@group-50EB3B9E447A: set configuration 0: [62c51671-a275-468c-9a91-cfb1a6740248|rpc:localhost:13640|admin:|client:|dataStream:|priority:0], old=null
2021-09-17 14:21:01,088 [62c51671-a275-468c-9a91-cfb1a6740248@group-50EB3B9E447A-SegmentedRaftLogWorker] INFO  segmented.SegmentedRaftLogWorker (SegmentedRaftLogWorker.java:execute(601)) - 62c51671-a275-468c-9a91-cfb1a6740248@group-50EB3B9E447A-SegmentedRaftLogWorker: created new log segment /home/runner/work/ozone/ozone/hadoop-ozone/integration-test/target/test-dir/MiniOzoneClusterImpl-3d3fab62-48bb-41e0-9886-50eb3b9e447a/scmNode-1/scm-ha/3d3fab62-48bb-41e0-9886-50eb3b9e447a/current/log_inprogress_0
2021-09-17 14:21:01,522 [EndpointStateMachine task thread for /127.0.0.1:14605 - 0 ] INFO  ipc.Client (Client.java:handleConnectionFailure(977)) - Retrying connect to server: localhost/127.0.0.1:14605. Already tried 7 time(s); retry policy is RetryUpToMaximumCountWithFixedSleep(maxRetries=15, sleepTime=1000 MILLISECONDS)
2021-09-17 14:21:01,926 [EndpointStateMachine task thread for /127.0.0.1:14615 - 0 ] INFO  ipc.Client (Client.java:handleConnectionFailure(977)) - Retrying connect to server: localhost/127.0.0.1:14615. Already tried 6 time(s); retry policy is RetryUpToMaximumCountWithFixedSleep(maxRetries=15, sleepTime=1000 MILLISECONDS)
2021-09-17 14:21:01,926 [EndpointStateMachine task thread for /127.0.0.1:14625 - 0 ] INFO  ipc.Client (Client.java:handleConnectionFailure(977)) - Retrying connect to server: localhost/127.0.0.1:14625. Already tried 6 time(s); retry policy is RetryUpToMaximumCountWithFixedSleep(maxRetries=15, sleepTime=1000 MILLISECONDS)
2021-09-17 14:21:01,969 [Listener at 127.0.0.1/12780] INFO  server.RaftServer (RaftServerProxy.java:lambda$close$6(391)) - 62c51671-a275-468c-9a91-cfb1a6740248: close
2021-09-17 14:21:01,969 [Listener at 127.0.0.1/12780] INFO  server.RaftServer$Division (RaftServerImpl.java:lambda$close$4(407)) - 62c51671-a275-468c-9a91-cfb1a6740248@group-50EB3B9E447A: shutdown
2021-09-17 14:21:01,970 [Listener at 127.0.0.1/12780] INFO  util.JmxRegister (JmxRegister.java:unregister(73)) - Successfully un-registered JMX Bean with object name Ratis:service=RaftServer,group=group-50EB3B9E447A,id=62c51671-a275-468c-9a91-cfb1a6740248
2021-09-17 14:21:01,970 [Listener at 127.0.0.1/12780] INFO  impl.RoleInfo (RoleInfo.java:shutdownLeaderState(91)) - 62c51671-a275-468c-9a91-cfb1a6740248: shutdown 62c51671-a275-468c-9a91-cfb1a6740248@group-50EB3B9E447A-LeaderStateImpl
2021-09-17 14:21:01,970 [Listener at 127.0.0.1/12780] INFO  impl.PendingRequests (PendingRequests.java:sendNotLeaderResponses(282)) - 62c51671-a275-468c-9a91-cfb1a6740248@group-50EB3B9E447A-PendingRequests: sendNotLeaderResponses
2021-09-17 14:21:01,971 [Listener at 127.0.0.1/12780] INFO  impl.StateMachineUpdater (StateMachineUpdater.java:stopAndJoin(149)) - 62c51671-a275-468c-9a91-cfb1a6740248@group-50EB3B9E447A-StateMachineUpdater: set stopIndex = 0
2021-09-17 14:21:01,971 [62c51671-a275-468c-9a91-cfb1a6740248@group-50EB3B9E447A-StateMachineUpdater] INFO  impl.StateMachineUpdater (StateMachineUpdater.java:takeSnapshot(281)) - 62c51671-a275-468c-9a91-cfb1a6740248@group-50EB3B9E447A-StateMachineUpdater: Took a snapshot at index 0
2021-09-17 14:21:01,971 [62c51671-a275-468c-9a91-cfb1a6740248@group-50EB3B9E447A-StateMachineUpdater] INFO  impl.StateMachineUpdater (StateMachineUpdater.java:lambda$new$0(89)) - 62c51671-a275-468c-9a91-cfb1a6740248@group-50EB3B9E447A-StateMachineUpdater: snapshotIndex: updateIncreasingly -1 -> 0
2021-09-17 14:21:01,972 [Listener at 127.0.0.1/12780] INFO  server.RaftServer$Division (ServerState.java:close(419)) - 62c51671-a275-468c-9a91-cfb1a6740248@group-50EB3B9E447A: closes. applyIndex: 0
2021-09-17 14:21:01,972 [62c51671-a275-468c-9a91-cfb1a6740248@group-50EB3B9E447A-SegmentedRaftLogWorker] INFO  segmented.SegmentedRaftLogWorker (SegmentedRaftLogWorker.java:run(327)) - 62c51671-a275-468c-9a91-cfb1a6740248@group-50EB3B9E447A-SegmentedRaftLogWorker was interrupted, exiting. There are 0 tasks remaining in the queue.
2021-09-17 14:21:01,980 [Listener at 127.0.0.1/12780] INFO  segmented.SegmentedRaftLogWorker (SegmentedRaftLogWorker.java:close(237)) - 62c51671-a275-468c-9a91-cfb1a6740248@group-50EB3B9E447A-SegmentedRaftLogWorker close()
2021-09-17 14:21:01,981 [Listener at 127.0.0.1/12780] INFO  server.GrpcService (GrpcService.java:closeImpl(262)) - 62c51671-a275-468c-9a91-cfb1a6740248: shutdown server with port 13640 now
2021-09-17 14:21:01,982 [Listener at 127.0.0.1/12780] INFO  server.GrpcService (GrpcService.java:closeImpl(271)) - 62c51671-a275-468c-9a91-cfb1a6740248: shutdown server with port 13640 successfully
2021-09-17 14:21:01,982 [org.apache.ratis.util.JvmPauseMonitor$$Lambda$499/723602324@23031a56] INFO  util.JvmPauseMonitor (JvmPauseMonitor.java:run(109)) - JvmPauseMonitor-62c51671-a275-468c-9a91-cfb1a6740248: Stopped
2021-09-17 14:21:01,982 [Listener at 127.0.0.1/12780] WARN  server.ServerUtils (ServerUtils.java:getScmDbDir(148)) - ozone.scm.db.dirs is not configured. We recommend adding this setting. Falling back to ozone.metadata.dirs instead.
2021-09-17 14:21:01,989 [Listener at 127.0.0.1/12780] INFO  server.StorageContainerManager (StorageContainerManager.java:scmInit(1059)) - SCM initialization succeeded. Current cluster id for sd=/home/runner/work/ozone/ozone/hadoop-ozone/integration-test/target/test-dir/MiniOzoneClusterImpl-3d3fab62-48bb-41e0-9886-50eb3b9e447a/scmNode-1/scm; cid=3d3fab62-48bb-41e0-9886-50eb3b9e447a; layoutVersion=2; scmId=62c51671-a275-468c-9a91-cfb1a6740248
2021-09-17 14:21:01,989 [Listener at 127.0.0.1/12780] INFO  ha.SCMHANodeDetails (SCMHANodeDetails.java:loadSCMHAConfig(157)) - ServiceID for StorageContainerManager is scm-service-test1
2021-09-17 14:21:01,989 [Listener at 127.0.0.1/12780] INFO  ha.SCMHANodeDetails (SCMHANodeDetails.java:loadSCMHAConfig(168)) - ServiceID for StorageContainerManager is scm-service-test1
2021-09-17 14:21:01,989 [Listener at 127.0.0.1/12780] WARN  scm.ScmUtils (ScmUtils.java:logWarn(179)) - ConfigKey ozone.scm.block.client.address is deprecated, For configuring different ports for each SCM use PortConfigKey ozone.scm.block.client.port appended with serviceId and nodeId. If want to configure same port configure ozone.scm.block.client.port
2021-09-17 14:21:01,990 [Listener at 127.0.0.1/12780] WARN  scm.ScmUtils (ScmUtils.java:logWarn(179)) - ConfigKey ozone.scm.client.address is deprecated, For configuring different ports for each SCM use PortConfigKey ozone.scm.client.port appended with serviceId and nodeId. If want to configure same port configure ozone.scm.client.port
2021-09-17 14:21:01,990 [Listener at 127.0.0.1/12780] WARN  scm.ScmUtils (ScmUtils.java:logWarn(179)) - ConfigKey ozone.scm.datanode.address is deprecated, For configuring different ports for each SCM use PortConfigKey ozone.scm.datanode.port appended with serviceId and nodeId. If want to configure same port configure ozone.scm.datanode.port
2021-09-17 14:21:01,991 [Listener at 127.0.0.1/12780] WARN  scm.ScmUtils (ScmUtils.java:logWarn(179)) - ConfigKey ozone.scm.block.client.address is deprecated, For configuring different ports for each SCM use PortConfigKey ozone.scm.block.client.port appended with serviceId and nodeId. If want to configure same port configure ozone.scm.block.client.port
2021-09-17 14:21:01,991 [Listener at 127.0.0.1/12780] WARN  scm.ScmUtils (ScmUtils.java:logWarn(179)) - ConfigKey ozone.scm.client.address is deprecated, For configuring different ports for each SCM use PortConfigKey ozone.scm.client.port appended with serviceId and nodeId. If want to configure same port configure ozone.scm.client.port
2021-09-17 14:21:01,992 [Listener at 127.0.0.1/12780] WARN  scm.ScmUtils (ScmUtils.java:logWarn(179)) - ConfigKey ozone.scm.datanode.address is deprecated, For configuring different ports for each SCM use PortConfigKey ozone.scm.datanode.port appended with serviceId and nodeId. If want to configure same port configure ozone.scm.datanode.port
2021-09-17 14:21:01,992 [Listener at 127.0.0.1/12780] INFO  ha.SCMHANodeDetails (SCMHANodeDetails.java:loadSCMHAConfig(250)) - Found matching SCM address with SCMServiceId: scm-service-test1, SCMNodeId: scmNode-1, RPC Address: localhost:13640 and Ratis port: 13640
2021-09-17 14:21:01,992 [Listener at 127.0.0.1/12780] INFO  ha.SCMHANodeDetails (ConfUtils.java:setNodeSpecificConfigs(108)) - Setting configuration key ozone.scm.datanode.address with value of key ozone.scm.datanode.address.scm-service-test1.scmNode-1: 127.0.0.1:13641
2021-09-17 14:21:01,992 [Listener at 127.0.0.1/12780] INFO  ha.SCMHANodeDetails (ConfUtils.java:setNodeSpecificConfigs(108)) - Setting configuration key ozone.scm.block.client.address with value of key ozone.scm.block.client.address.scm-service-test1.scmNode-1: 127.0.0.1:13642
2021-09-17 14:21:01,992 [Listener at 127.0.0.1/12780] INFO  ha.SCMHANodeDetails (ConfUtils.java:setNodeSpecificConfigs(108)) - Setting configuration key ozone.scm.client.address with value of key ozone.scm.client.address.scm-service-test1.scmNode-1: 127.0.0.1:13643
2021-09-17 14:21:01,992 [Listener at 127.0.0.1/12780] INFO  ha.SCMHANodeDetails (ConfUtils.java:setNodeSpecificConfigs(108)) - Setting configuration key ozone.scm.ratis.port with value of key ozone.scm.ratis.port.scm-service-test1.scmNode-1: 13640
2021-09-17 14:21:01,993 [Listener at 127.0.0.1/12780] INFO  ha.SCMHANodeDetails (ConfUtils.java:setNodeSpecificConfigs(108)) - Setting configuration key ozone.scm.grpc.port with value of key ozone.scm.grpc.port.scm-service-test1.scmNode-1: 13644
2021-09-17 14:21:01,993 [Listener at 127.0.0.1/12780] INFO  ha.SCMHANodeDetails (ConfUtils.java:setNodeSpecificConfigs(108)) - Setting configuration key ozone.scm.http-address with value of key ozone.scm.http-address.scm-service-test1.scmNode-1: 127.0.0.1:13638
2021-09-17 14:21:01,993 [Listener at 127.0.0.1/12780] INFO  ha.SCMHANodeDetails (ConfUtils.java:setNodeSpecificConfigs(108)) - Setting configuration key ozone.scm.https-address with value of key ozone.scm.https-address.scm-service-test1.scmNode-1: 127.0.0.1:13639
2021-09-17 14:21:01,993 [Listener at 127.0.0.1/12780] INFO  ha.SCMHANodeDetails (ConfUtils.java:setNodeSpecificConfigs(108)) - Setting configuration key ozone.scm.address with value of key ozone.scm.address.scm-service-test1.scmNode-1: 127.0.0.1
2021-09-17 14:21:01,993 [Listener at 127.0.0.1/12780] WARN  scm.ScmUtils (ScmUtils.java:logWarn(179)) - ConfigKey ozone.scm.block.client.address is deprecated, For configuring different ports for each SCM use PortConfigKey ozone.scm.block.client.port appended with serviceId and nodeId. If want to configure same port configure ozone.scm.block.client.port
2021-09-17 14:21:01,993 [Listener at 127.0.0.1/12780] WARN  scm.ScmUtils (ScmUtils.java:logWarn(179)) - ConfigKey ozone.scm.client.address is deprecated, For configuring different ports for each SCM use PortConfigKey ozone.scm.client.port appended with serviceId and nodeId. If want to configure same port configure ozone.scm.client.port
2021-09-17 14:21:01,994 [Listener at 127.0.0.1/12780] WARN  scm.ScmUtils (ScmUtils.java:logWarn(179)) - ConfigKey ozone.scm.datanode.address is deprecated, For configuring different ports for each SCM use PortConfigKey ozone.scm.datanode.port appended with serviceId and nodeId. If want to configure same port configure ozone.scm.datanode.port
2021-09-17 14:21:01,996 [Listener at 127.0.0.1/12780] WARN  server.ServerUtils (ServerUtils.java:getScmDbDir(148)) - ozone.scm.db.dirs is not configured. We recommend adding this setting. Falling back to ozone.metadata.dirs instead.
2021-09-17 14:21:01,996 [Listener at 127.0.0.1/12780] INFO  upgrade.AbstractLayoutVersionManager (AbstractLayoutVersionManager.java:init(79)) - Initializing Layout version manager with metadata layout = SCM_HA (version = 2), software layout = SCM_HA (version = 2)
2021-09-17 14:21:02,075 [Listener at 127.0.0.1/12780] INFO  reflections.Reflections (Reflections.java:scan(232)) - Reflections took 74 ms to scan 7 urls, producing 119 keys and 275 values 
2021-09-17 14:21:02,078 [Listener at 127.0.0.1/12780] WARN  utils.HAUtils (HAUtils.java:getMetaDir(342)) - ozone.scm.db.dirs is not configured. We recommend adding this setting. Falling back to ozone.metadata.dirs instead.
2021-09-17 14:21:02,081 [Listener at 127.0.0.1/12780] WARN  db.DBStoreBuilder (DBStoreBuilder.java:applyDBDefinition(145)) - ozone.scm.db.dirs is not configured. We recommend adding this setting. Falling back to ozone.metadata.dirs instead.
2021-09-17 14:21:02,228 [Listener at 127.0.0.1/12780] INFO  net.NodeSchemaLoader (NodeSchemaLoader.java:loadSchemaFromFile(129)) - Loading schema from [jar:file:/home/runner/.m2/repository/org/apache/ozone/hdds-common/1.2.0-SNAPSHOT/hdds-common-1.2.0-SNAPSHOT.jar!/network-topology-default.xml]
2021-09-17 14:21:02,228 [Listener at 127.0.0.1/12780] INFO  net.NodeSchemaLoader (NodeSchemaLoader.java:loadSchema(176)) - Loading network topology layer schema file
2021-09-17 14:21:02,237 [Listener at 127.0.0.1/12780] INFO  ha.SCMRatisServerImpl (SCMRatisServerImpl.java:<init>(87)) - starting Raft server for scm:62c51671-a275-468c-9a91-cfb1a6740248
2021-09-17 14:21:02,238 [Listener at 127.0.0.1/12780] INFO  server.RaftServer (ConfUtils.java:logGet(44)) - raft.rpc.type = GRPC (default)
2021-09-17 14:21:02,238 [Listener at 127.0.0.1/12780] INFO  grpc.GrpcFactory (GrpcFactory.java:checkPooledByteBufAllocatorUseCacheForAllThreads(48)) - PERFORMANCE WARNING: useCacheForAllThreads is true that may cause Netty to create a lot garbage objects and, as a result, trigger GC.
	It is recommended to disable useCacheForAllThreads by setting -Dorg.apache.ratis.thirdparty.io.netty.allocator.useCacheForAllThreads=false in command line.
2021-09-17 14:21:02,238 [Listener at 127.0.0.1/12780] INFO  grpc.GrpcConfigKeys (ConfUtils.java:logGet(44)) - raft.grpc.admin.port = -1 (default)
2021-09-17 14:21:02,238 [Listener at 127.0.0.1/12780] INFO  grpc.GrpcConfigKeys (ConfUtils.java:logGet(44)) - raft.grpc.server.port = 13640 (custom)
2021-09-17 14:21:02,238 [Listener at 127.0.0.1/12780] INFO  grpc.GrpcConfigKeys (ConfUtils.java:logGet(44)) - raft.grpc.client.port = -1 (default)
2021-09-17 14:21:02,239 [Listener at 127.0.0.1/12780] INFO  grpc.GrpcConfigKeys (ConfUtils.java:logGet(44)) - raft.grpc.server.port = 13640 (custom)
2021-09-17 14:21:02,239 [Listener at 127.0.0.1/12780] INFO  grpc.GrpcConfigKeys (ConfUtils.java:logGet(44)) - raft.grpc.server.port = 13640 (custom)
2021-09-17 14:21:02,239 [Listener at 127.0.0.1/12780] INFO  server.GrpcService (ConfUtils.java:logGet(44)) - raft.grpc.message.size.max = 32m (=33554432) (custom)
2021-09-17 14:21:02,239 [Listener at 127.0.0.1/12780] INFO  server.RaftServerConfigKeys (ConfUtils.java:logGet(44)) - raft.server.log.appender.buffer.byte-limit = 33554432 (custom)
2021-09-17 14:21:02,240 [Listener at 127.0.0.1/12780] INFO  server.GrpcService (ConfUtils.java:logGet(44)) - raft.grpc.flow.control.window = 1MB (=1048576) (default)
2021-09-17 14:21:02,240 [Listener at 127.0.0.1/12780] INFO  server.RaftServerConfigKeys (ConfUtils.java:logGet(44)) - raft.server.rpc.request.timeout = 30000ms (custom)
2021-09-17 14:21:02,241 [Listener at 127.0.0.1/12780] INFO  impl.DataStreamServerImpl (ConfUtils.java:logGet(44)) - raft.datastream.type = DISABLED (default)
2021-09-17 14:21:02,241 [Listener at 127.0.0.1/12780] INFO  server.RaftServerConfigKeys (ConfUtils.java:logGet(44)) - raft.server.rpc.slowness.timeout = 120000ms (custom)
2021-09-17 14:21:02,241 [Listener at 127.0.0.1/12780] INFO  server.RaftServerConfigKeys (ConfUtils.java:logGet(44)) - raft.server.leaderelection.leader.step-down.wait-time = 10s (default)
2021-09-17 14:21:02,241 [Listener at 127.0.0.1/12780] INFO  server.RaftServerConfigKeys (ConfUtils.java:logGet(44)) - raft.server.storage.dir = [/home/runner/work/ozone/ozone/hadoop-ozone/integration-test/target/test-dir/MiniOzoneClusterImpl-3d3fab62-48bb-41e0-9886-50eb3b9e447a/scmNode-1/scm-ha] (custom)
2021-09-17 14:21:02,242 [Listener at 127.0.0.1/12780] INFO  server.RaftServer (RaftServerProxy.java:lambda$null$1(235)) - 62c51671-a275-468c-9a91-cfb1a6740248: found a subdirectory /home/runner/work/ozone/ozone/hadoop-ozone/integration-test/target/test-dir/MiniOzoneClusterImpl-3d3fab62-48bb-41e0-9886-50eb3b9e447a/scmNode-1/scm-ha/3d3fab62-48bb-41e0-9886-50eb3b9e447a
2021-09-17 14:21:02,244 [Listener at 127.0.0.1/12780] INFO  server.RaftServer (RaftServerProxy.java:addNew(95)) - 62c51671-a275-468c-9a91-cfb1a6740248: addNew group-50EB3B9E447A:[] returns group-50EB3B9E447A:java.util.concurrent.CompletableFuture@7d12e459[Not completed]
2021-09-17 14:21:02,248 [pool-189-thread-1] INFO  server.RaftServer$Division (RaftServerImpl.java:<init>(181)) - 62c51671-a275-468c-9a91-cfb1a6740248: new RaftServerImpl for group-50EB3B9E447A:[] with SCMStateMachine:uninitialized
2021-09-17 14:21:02,256 [pool-189-thread-1] INFO  server.RaftServerConfigKeys (ConfUtils.java:logGet(44)) - raft.server.rpc.timeout.min = 5000ms (custom)
2021-09-17 14:21:02,256 [pool-189-thread-1] INFO  server.RaftServerConfigKeys (ConfUtils.java:logGet(44)) - raft.server.rpc.timeout.max = 5200ms (custom)
2021-09-17 14:21:02,256 [pool-189-thread-1] INFO  server.RaftServerConfigKeys (ConfUtils.java:logGet(44)) - raft.server.rpc.sleep.time = 25ms (default)
2021-09-17 14:21:02,256 [pool-189-thread-1] INFO  server.RaftServerConfigKeys (ConfUtils.java:logGet(44)) - raft.server.rpc.slowness.timeout = 120000ms (custom)
2021-09-17 14:21:02,256 [pool-189-thread-1] INFO  server.RaftServerConfigKeys (ConfUtils.java:logGet(44)) - raft.server.leaderelection.leader.step-down.wait-time = 10s (default)
2021-09-17 14:21:02,256 [pool-189-thread-1] INFO  server.RaftServerConfigKeys (ConfUtils.java:logGet(44)) - raft.server.sleep.deviation.threshold = 300ms (default)
2021-09-17 14:21:02,256 [pool-189-thread-1] INFO  server.RaftServerConfigKeys (ConfUtils.java:logGet(44)) - raft.server.log.appender.install.snapshot.enabled = false (custom)
2021-09-17 14:21:02,256 [pool-189-thread-1] INFO  server.RaftServer$Division (ServerState.java:<init>(105)) - 62c51671-a275-468c-9a91-cfb1a6740248@group-50EB3B9E447A: ConfigurationManager, init=-1: [], old=null, confs=<EMPTY_MAP>
2021-09-17 14:21:02,256 [pool-189-thread-1] INFO  server.RaftServerConfigKeys (ConfUtils.java:logGet(44)) - raft.server.storage.dir = [/home/runner/work/ozone/ozone/hadoop-ozone/integration-test/target/test-dir/MiniOzoneClusterImpl-3d3fab62-48bb-41e0-9886-50eb3b9e447a/scmNode-1/scm-ha] (custom)
2021-09-17 14:21:02,257 [pool-189-thread-1] INFO  server.RaftServerConfigKeys (ConfUtils.java:logGet(44)) - raft.server.log.corruption.policy = EXCEPTION (default)
2021-09-17 14:21:02,257 [pool-189-thread-1] INFO  server.RaftServerConfigKeys (ConfUtils.java:logGet(44)) - raft.server.storage.free-space.min = 0MB (=0) (default)
2021-09-17 14:21:02,259 [pool-189-thread-1] INFO  storage.RaftStorageDirectory (RaftStorageDirectoryImpl.java:tryLock(230)) - Lock on /home/runner/work/ozone/ozone/hadoop-ozone/integration-test/target/test-dir/MiniOzoneClusterImpl-3d3fab62-48bb-41e0-9886-50eb3b9e447a/scmNode-1/scm-ha/3d3fab62-48bb-41e0-9886-50eb3b9e447a/in_use.lock acquired by nodename 9576@fv-az116-264
2021-09-17 14:21:02,259 [pool-189-thread-1] INFO  storage.RaftStorage (RaftStorageImpl.java:analyzeAndRecoverStorage(110)) - Read RaftStorageMetadata{term=1, votedFor=62c51671-a275-468c-9a91-cfb1a6740248} from /home/runner/work/ozone/ozone/hadoop-ozone/integration-test/target/test-dir/MiniOzoneClusterImpl-3d3fab62-48bb-41e0-9886-50eb3b9e447a/scmNode-1/scm-ha/3d3fab62-48bb-41e0-9886-50eb3b9e447a/current/raft-meta
2021-09-17 14:21:02,260 [pool-189-thread-1] INFO  server.RaftServer$Division (ServerState.java:setRaftConf(387)) - 62c51671-a275-468c-9a91-cfb1a6740248@group-50EB3B9E447A: set configuration 0: [62c51671-a275-468c-9a91-cfb1a6740248|rpc:localhost:13640|admin:|client:|dataStream:|priority:0], old=null
2021-09-17 14:21:02,260 [pool-189-thread-1] INFO  server.RaftServerConfigKeys (ConfUtils.java:logGet(44)) - raft.server.notification.no-leader.timeout = 60s (default)
2021-09-17 14:21:02,260 [pool-189-thread-1] INFO  server.RaftServerConfigKeys (ConfUtils.java:logGet(44)) - raft.server.log.use.memory = false (default)
2021-09-17 14:21:02,260 [pool-189-thread-1] INFO  server.RaftServerConfigKeys (ConfUtils.java:logGet(44)) - raft.server.log.purge.gap = 5 (custom)
2021-09-17 14:21:02,260 [pool-189-thread-1] INFO  server.RaftServerConfigKeys (ConfUtils.java:logGet(44)) - raft.server.log.appender.buffer.byte-limit = 33554432 (custom)
2021-09-17 14:21:02,260 [pool-189-thread-1] INFO  server.RaftServerConfigKeys (ConfUtils.java:logGet(44)) - raft.server.log.segment.size.max = 16384 (custom)
2021-09-17 14:21:02,261 [pool-189-thread-1] INFO  server.RaftServerConfigKeys (ConfUtils.java:logGet(44)) - raft.server.log.segment.cache.num.max = 2 (custom)
2021-09-17 14:21:02,261 [pool-189-thread-1] INFO  server.RaftServerConfigKeys (ConfUtils.java:logGet(44)) - raft.server.log.segment.cache.size.max = 200MB (=209715200) (default)
2021-09-17 14:21:02,261 [pool-189-thread-1] INFO  segmented.SegmentedRaftLogWorker (SegmentedRaftLogWorker.java:<init>(182)) - new 62c51671-a275-468c-9a91-cfb1a6740248@group-50EB3B9E447A-SegmentedRaftLogWorker for RaftStorageImpl:Storage Directory /home/runner/work/ozone/ozone/hadoop-ozone/integration-test/target/test-dir/MiniOzoneClusterImpl-3d3fab62-48bb-41e0-9886-50eb3b9e447a/scmNode-1/scm-ha/3d3fab62-48bb-41e0-9886-50eb3b9e447a
2021-09-17 14:21:02,261 [pool-189-thread-1] INFO  server.RaftServerConfigKeys (ConfUtils.java:logGet(44)) - raft.server.log.queue.byte-limit = 64MB (=67108864) (default)
2021-09-17 14:21:02,261 [pool-189-thread-1] INFO  server.RaftServerConfigKeys (ConfUtils.java:logGet(44)) - raft.server.log.queue.element-limit = 4096 (default)
2021-09-17 14:21:02,261 [pool-189-thread-1] INFO  server.RaftServerConfigKeys (ConfUtils.java:logGet(44)) - raft.server.log.segment.size.max = 16384 (custom)
2021-09-17 14:21:02,261 [pool-189-thread-1] INFO  server.RaftServerConfigKeys (ConfUtils.java:logGet(44)) - raft.server.log.preallocated.size = 16384 (custom)
2021-09-17 14:21:02,261 [pool-189-thread-1] INFO  server.RaftServerConfigKeys (ConfUtils.java:logGet(44)) - raft.server.log.force.sync.num = 128 (default)
2021-09-17 14:21:02,261 [pool-189-thread-1] INFO  server.RaftServerConfigKeys (ConfUtils.java:logGet(44)) - raft.server.log.statemachine.data.sync = true (default)
2021-09-17 14:21:02,261 [pool-189-thread-1] INFO  server.RaftServerConfigKeys (ConfUtils.java:logGet(44)) - raft.server.log.statemachine.data.sync.timeout = 10s (default)
2021-09-17 14:21:02,261 [pool-189-thread-1] INFO  server.RaftServerConfigKeys (ConfUtils.java:logGet(44)) - raft.server.log.statemachine.data.sync.timeout.retry = -1 (default)
2021-09-17 14:21:02,262 [pool-189-thread-1] INFO  server.RaftServerConfigKeys (ConfUtils.java:logGet(44)) - raft.server.log.write.buffer.size = 64KB (=65536) (default)
2021-09-17 14:21:02,262 [pool-189-thread-1] INFO  server.RaftServerConfigKeys (ConfUtils.java:logGet(44)) - raft.server.log.statemachine.data.caching.enabled = false (default)
2021-09-17 14:21:02,263 [pool-189-thread-1] INFO  server.RaftServer$Division (ServerState.java:setRaftConf(387)) - 62c51671-a275-468c-9a91-cfb1a6740248@group-50EB3B9E447A: set configuration 0: [62c51671-a275-468c-9a91-cfb1a6740248|rpc:localhost:13640|admin:|client:|dataStream:|priority:0], old=null
2021-09-17 14:21:02,263 [pool-189-thread-1] INFO  segmented.LogSegment (LogSegment.java:loadSegment(173)) - Successfully read 1 entries from segment file /home/runner/work/ozone/ozone/hadoop-ozone/integration-test/target/test-dir/MiniOzoneClusterImpl-3d3fab62-48bb-41e0-9886-50eb3b9e447a/scmNode-1/scm-ha/3d3fab62-48bb-41e0-9886-50eb3b9e447a/current/log_inprogress_0
2021-09-17 14:21:02,263 [pool-189-thread-1] INFO  segmented.SegmentedRaftLogWorker (SegmentedRaftLogWorker.java:lambda$new$0(133)) - 62c51671-a275-468c-9a91-cfb1a6740248@group-50EB3B9E447A-SegmentedRaftLogWorker: flushIndex: setUnconditionally 0 -> 0
2021-09-17 14:21:02,263 [pool-189-thread-1] INFO  segmented.SegmentedRaftLogWorker (SegmentedRaftLogWorker.java:lambda$new$0(133)) - 62c51671-a275-468c-9a91-cfb1a6740248@group-50EB3B9E447A-SegmentedRaftLogWorker: safeCacheEvictIndex: setUnconditionally 0 -> -1
2021-09-17 14:21:02,268 [pool-189-thread-1] INFO  server.RaftServerConfigKeys (ConfUtils.java:logGet(44)) - raft.server.snapshot.auto.trigger.enabled = true (custom)
2021-09-17 14:21:02,268 [pool-189-thread-1] INFO  server.RaftServerConfigKeys (ConfUtils.java:logGet(44)) - raft.server.snapshot.auto.trigger.threshold = 5 (custom)
2021-09-17 14:21:02,268 [pool-189-thread-1] INFO  server.RaftServerConfigKeys (ConfUtils.java:logGet(44)) - raft.server.snapshot.retention.file.num = -1 (default)
2021-09-17 14:21:02,268 [pool-189-thread-1] INFO  server.RaftServerConfigKeys (ConfUtils.java:logGet(44)) - raft.server.log.purge.upto.snapshot.index = true (custom)
2021-09-17 14:21:02,268 [pool-189-thread-1] INFO  server.RaftServerConfigKeys (ConfUtils.java:logGet(44)) - raft.server.retrycache.expirytime = 60000ms (default)
2021-09-17 14:21:02,268 [pool-189-thread-1] INFO  server.RaftServerConfigKeys (ConfUtils.java:logGet(44)) - raft.server.retrycache.statistics.expirytime = 100μs (default)
2021-09-17 14:21:02,276 [Listener at 127.0.0.1/12780] INFO  ha.SCMSnapshotProvider (SCMSnapshotProvider.java:<init>(66)) - Initializing SCM Snapshot Provider
2021-09-17 14:21:02,276 [Listener at 127.0.0.1/12780] WARN  server.ServerUtils (ServerUtils.java:getDefaultRatisDirectory(237)) - Storage directory for Ratis is not configured. It is a good idea to map this to an SSD disk. Falling back to ozone.metadata.dirs
2021-09-17 14:21:02,277 [Listener at 127.0.0.1/12780] WARN  ha.SCMHAUtils (SCMHAUtils.java:getSCMRatisSnapshotDirectory(146)) - SCM snapshot dir is not configured. Falling back to ozone.metadata.dirs config
2021-09-17 14:21:02,278 [Listener at 127.0.0.1/12780] INFO  ha.SequenceIdGenerator (SequenceIdGenerator.java:upgradeToSequenceId(327)) - upgrade localId to 107544261427200000
2021-09-17 14:21:02,278 [Listener at 127.0.0.1/12780] INFO  ha.SequenceIdGenerator (SequenceIdGenerator.java:upgradeToSequenceId(337)) - upgrade delTxnId to 0
2021-09-17 14:21:02,278 [Listener at 127.0.0.1/12780] INFO  ha.SequenceIdGenerator (SequenceIdGenerator.java:upgradeToSequenceId(351)) - upgrade containerId to 0
2021-09-17 14:21:02,279 [Listener at 127.0.0.1/12780] INFO  ha.SequenceIdGenerator (SequenceIdGenerator.java:<init>(217)) - Init the HA SequenceIdGenerator.
2021-09-17 14:21:02,279 [Listener at 127.0.0.1/12780] INFO  node.SCMNodeManager (SCMNodeManager.java:<init>(144)) - Entering startup safe mode.
2021-09-17 14:21:02,280 [Listener at 127.0.0.1/12780] INFO  algorithms.ContainerPlacementPolicyFactory (ContainerPlacementPolicyFactory.java:getPolicy(60)) - Create container placement policy of type org.apache.hadoop.hdds.scm.container.placement.algorithms.SCMContainerPlacementRandom
2021-09-17 14:21:02,280 [Listener at 127.0.0.1/12780] INFO  pipeline.PipelineStateManager (PipelineStateManagerV2Impl.java:initialize(78)) - No pipeline exists in current db
2021-09-17 14:21:02,280 [Listener at 127.0.0.1/12780] INFO  algorithms.LeaderChoosePolicyFactory (LeaderChoosePolicyFactory.java:getPolicy(57)) - Create leader choose policy of type org.apache.hadoop.hdds.scm.pipeline.leader.choose.algorithms.MinLeaderCountChoosePolicy
2021-09-17 14:21:02,281 [Listener at 127.0.0.1/12780] INFO  ha.SCMServiceManager (SCMServiceManager.java:register(43)) - Registering service BackgroundPipelineCreator.
2021-09-17 14:21:02,281 [Listener at 127.0.0.1/12780] INFO  pipeline.BackgroundPipelineCreator (BackgroundPipelineCreatorV2.java:start(130)) - Starting RatisPipelineUtilsThread.
2021-09-17 14:21:02,282 [Listener at 127.0.0.1/12780] INFO  algorithms.PipelineChoosePolicyFactory (PipelineChoosePolicyFactory.java:createPipelineChoosePolicyFromClass(73)) - Create pipeline choose policy of type org.apache.hadoop.hdds.scm.pipeline.choose.algorithms.RandomPipelineChoosePolicy
2021-09-17 14:21:02,282 [Listener at 127.0.0.1/12780] INFO  ha.SCMServiceManager (SCMServiceManager.java:register(43)) - Registering service SCMBlockDeletingService.
2021-09-17 14:21:02,283 [Listener at 127.0.0.1/12780] INFO  ha.SCMServiceManager (SCMServiceManager.java:register(43)) - Registering service ReplicationManager.
2021-09-17 14:21:02,283 [Listener at 127.0.0.1/12780] INFO  container.ReplicationManager (ReplicationManager.java:start(319)) - Starting Replication Monitor Thread.
2021-09-17 14:21:02,288 [Listener at 127.0.0.1/12780] INFO  safemode.ContainerSafeModeRule (ContainerSafeModeRule.java:<init>(89)) - containers with one replica threshold count 0
2021-09-17 14:21:02,288 [Listener at 127.0.0.1/12780] INFO  safemode.HealthyPipelineSafeModeRule (HealthyPipelineSafeModeRule.java:initializeRule(156)) - Total pipeline count is 0, healthy pipeline threshold count is 1
2021-09-17 14:21:02,289 [Listener at 127.0.0.1/12780] INFO  safemode.OneReplicaPipelineSafeModeRule (OneReplicaPipelineSafeModeRule.java:initializeRule(180)) - Total pipeline count is 0, pipeline's with at least one datanode reported threshold count is 0
2021-09-17 14:21:02,289 [Listener at 127.0.0.1/12780] INFO  ipc.CallQueueManager (CallQueueManager.java:<init>(90)) - Using callQueue: class java.util.concurrent.LinkedBlockingQueue, queueCapacity: 10000, scheduler: class org.apache.hadoop.ipc.DefaultRpcScheduler, ipcBackoff: false.
2021-09-17 14:21:02,290 [Socket Reader #1 for port 13641] INFO  ipc.Server (Server.java:run(1265)) - Starting Socket Reader #1 for port 13641
2021-09-17 14:21:02,291 [Listener at 0.0.0.0/13641] INFO  ipc.CallQueueManager (CallQueueManager.java:<init>(90)) - Using callQueue: class java.util.concurrent.LinkedBlockingQueue, queueCapacity: 10000, scheduler: class org.apache.hadoop.ipc.DefaultRpcScheduler, ipcBackoff: false.
2021-09-17 14:21:02,292 [Socket Reader #1 for port 13642] INFO  ipc.Server (Server.java:run(1265)) - Starting Socket Reader #1 for port 13642
2021-09-17 14:21:02,299 [Listener at 0.0.0.0/13642] INFO  ipc.CallQueueManager (CallQueueManager.java:<init>(90)) - Using callQueue: class java.util.concurrent.LinkedBlockingQueue, queueCapacity: 10000, scheduler: class org.apache.hadoop.ipc.DefaultRpcScheduler, ipcBackoff: false.
2021-09-17 14:21:02,304 [Socket Reader #1 for port 13643] INFO  ipc.Server (Server.java:run(1265)) - Starting Socket Reader #1 for port 13643
2021-09-17 14:21:02,316 [ReplicationMonitor] INFO  container.ReplicationManager (ReplicationManager.java:processAll(371)) - Replication Monitor Thread took 0 milliseconds for processing 0 containers.
2021-09-17 14:21:02,354 [Listener at 0.0.0.0/13643] INFO  algorithms.ContainerPlacementPolicyFactory (ContainerPlacementPolicyFactory.java:getPolicy(60)) - Create container placement policy of type org.apache.hadoop.hdds.scm.container.placement.algorithms.SCMContainerPlacementRandom
2021-09-17 14:21:02,364 [Listener at 0.0.0.0/13643] INFO  server.StorageContainerManager (StorageContainerManager.java:<init>(387)) - 
Container Balancer status:
Key                            Value
Running                        false
Container Balancer Configuration values:
Key                                                Value
Threshold                                          0.1
Max Datanodes to Involve per Iteration(ratio)      0.5
Max Size to Move per Iteration                     10737418240B

2021-09-17 14:21:02,364 [Listener at 0.0.0.0/13643] WARN  events.EventQueue (EventQueue.java:fireEvent(194)) - No event handler registered for event TypedEvent{payloadType=SafeModeStatus, name='Safe mode status'}
2021-09-17 14:21:02,364 [Listener at 0.0.0.0/13643] INFO  ha.SCMContext (SCMContext.java:updateSafeModeStatus(205)) - Update SafeModeStatus from SafeModeStatus{safeModeStatus=true, preCheckPassed=false} to SafeModeStatus{safeModeStatus=true, preCheckPassed=false}.
2021-09-17 14:21:02,365 [Listener at 0.0.0.0/13643] INFO  server.StorageContainerManager (StorageContainerManager.java:start(1279)) - StorageContainerLocationProtocol RPC server is listening at /0.0.0.0:13643
2021-09-17 14:21:02,365 [Listener at 0.0.0.0/13643] INFO  ha.SCMRatisServerImpl (SCMRatisServerImpl.java:start(177)) - starting ratis server 0.0.0.0:13640
2021-09-17 14:21:02,365 [Listener at 0.0.0.0/13643] INFO  server.RaftServer$Division (RaftServerImpl.java:start(296)) - 62c51671-a275-468c-9a91-cfb1a6740248@group-50EB3B9E447A: start as a follower, conf=0: [62c51671-a275-468c-9a91-cfb1a6740248|rpc:localhost:13640|admin:|client:|dataStream:|priority:0], old=null
2021-09-17 14:21:02,365 [Listener at 0.0.0.0/13643] INFO  server.RaftServer$Division (RaftServerImpl.java:setRole(285)) - 62c51671-a275-468c-9a91-cfb1a6740248@group-50EB3B9E447A: changes role from      null to FOLLOWER at term 1 for startAsFollower
2021-09-17 14:21:02,366 [Listener at 0.0.0.0/13643] INFO  impl.RoleInfo (RoleInfo.java:updateAndGet(130)) - 62c51671-a275-468c-9a91-cfb1a6740248: start 62c51671-a275-468c-9a91-cfb1a6740248@group-50EB3B9E447A-FollowerState
2021-09-17 14:21:02,366 [Listener at 0.0.0.0/13643] INFO  util.JmxRegister (JmxRegister.java:tryRegister(44)) - Successfully registered JMX Bean with object name Ratis:service=RaftServer,group=group-50EB3B9E447A,id=62c51671-a275-468c-9a91-cfb1a6740248
2021-09-17 14:21:02,372 [Listener at 0.0.0.0/13643] INFO  server.RaftServer (RaftServerProxy.java:lambda$start$5(374)) - 62c51671-a275-468c-9a91-cfb1a6740248: start RPC server
2021-09-17 14:21:02,380 [Listener at 0.0.0.0/13643] INFO  server.GrpcService (GrpcService.java:startImpl(253)) - 62c51671-a275-468c-9a91-cfb1a6740248: GrpcService started, listening on 13640
2021-09-17 14:21:02,388 [Listener at 0.0.0.0/13643] INFO  ha.SCMHAManagerImpl (SCMHAManagerImpl.java:start(120)) -  scm role is FOLLOWER peers [62c51671-a275-468c-9a91-cfb1a6740248|rpc:localhost:13640|admin:|client:|dataStream:|priority:0]
2021-09-17 14:21:02,388 [org.apache.ratis.util.JvmPauseMonitor$$Lambda$499/723602324@2595ecb2] INFO  util.JvmPauseMonitor (JvmPauseMonitor.java:run(103)) - JvmPauseMonitor-62c51671-a275-468c-9a91-cfb1a6740248: Started
2021-09-17 14:21:02,388 [Listener at 0.0.0.0/13643] INFO  ha.InterSCMGrpcService (InterSCMGrpcProtocolService.java:start(94)) - Starting SCM Grpc Service at port 13644
2021-09-17 14:21:02,394 [Listener at 0.0.0.0/13643] WARN  impl.MetricsConfig (MetricsConfig.java:loadFirst(136)) - Cannot locate configuration: tried hadoop-metrics2-storagecontainermanager.properties,hadoop-metrics2.properties
2021-09-17 14:21:02,399 [Listener at 0.0.0.0/13643] INFO  impl.MetricsSystemImpl (MetricsSystemImpl.java:startTimer(378)) - Scheduled Metric snapshot period at 10 second(s).
2021-09-17 14:21:02,399 [Listener at 0.0.0.0/13643] INFO  impl.MetricsSystemImpl (MetricsSystemImpl.java:start(191)) - StorageContainerManager metrics system started
2021-09-17 14:21:02,441 [Listener at 0.0.0.0/13643] INFO  impl.MetricsSinkAdapter (MetricsSinkAdapter.java:start(204)) - Sink prometheus started
2021-09-17 14:21:02,444 [Listener at 0.0.0.0/13643] INFO  impl.MetricsSystemImpl (MetricsSystemImpl.java:registerSink(305)) - Registered sink prometheus
2021-09-17 14:21:02,480 [Listener at 0.0.0.0/13643] INFO  server.SCMClientProtocolServer (SCMClientProtocolServer.java:start(164)) - RPC server for Client  is listening at /0.0.0.0:13643
2021-09-17 14:21:02,481 [IPC Server Responder] INFO  ipc.Server (Server.java:run(1507)) - IPC Server Responder: starting
2021-09-17 14:21:02,481 [IPC Server listener on 13643] INFO  ipc.Server (Server.java:run(1344)) - IPC Server listener on 13643: starting
2021-09-17 14:21:02,510 [Listener at 0.0.0.0/13643] INFO  server.StorageContainerManager (StorageContainerManager.java:start(1294)) - ScmBlockLocationProtocol RPC server is listening at /0.0.0.0:13642
2021-09-17 14:21:02,511 [Listener at 0.0.0.0/13643] INFO  server.SCMBlockProtocolServer (SCMBlockProtocolServer.java:start(151)) - RPC server for Block Protocol is listening at /0.0.0.0:13642
2021-09-17 14:21:02,512 [IPC Server Responder] INFO  ipc.Server (Server.java:run(1507)) - IPC Server Responder: starting
2021-09-17 14:21:02,513 [IPC Server listener on 13642] INFO  ipc.Server (Server.java:run(1344)) - IPC Server listener on 13642: starting
2021-09-17 14:21:02,522 [EndpointStateMachine task thread for /127.0.0.1:14605 - 0 ] INFO  ipc.Client (Client.java:handleConnectionFailure(977)) - Retrying connect to server: localhost/127.0.0.1:14605. Already tried 8 time(s); retry policy is RetryUpToMaximumCountWithFixedSleep(maxRetries=15, sleepTime=1000 MILLISECONDS)
2021-09-17 14:21:02,623 [Listener at 0.0.0.0/13643] INFO  server.StorageContainerManager (StorageContainerManager.java:start(1300)) - ScmDatanodeProtocl RPC server is listening at /0.0.0.0:13641
2021-09-17 14:21:02,626 [Listener at 0.0.0.0/13643] INFO  http.BaseHttpServer (BaseHttpServer.java:newHttpServer2BuilderForOzone(209)) - Starting Web-server for scm at: http://0.0.0.0:13638
2021-09-17 14:21:02,626 [Listener at 0.0.0.0/13643] INFO  http.BaseHttpServer (BaseHttpServer.java:<init>(107)) - Hadoop Security Enabled: false Ozone Security Enabled: false Ozone HTTP Security Enabled: false 
2021-09-17 14:21:02,628 [Listener at 0.0.0.0/13643] INFO  server.AuthenticationFilter (AuthenticationFilter.java:constructSecretProvider(240)) - Unable to initialize FileSignerSecretProvider, falling back to use random secrets.
2021-09-17 14:21:02,639 [Listener at 0.0.0.0/13643] WARN  http.HttpRequestLog (HttpRequestLog.java:getRequestLog(103)) - Jetty request log can only be enabled using Log4j
2021-09-17 14:21:02,640 [Listener at 0.0.0.0/13643] INFO  http.HttpServer2 (HttpServer2.java:addGlobalFilter(1030)) - Added global filter 'safety' (class=org.apache.hadoop.hdds.server.http.HttpServer2$QuotingInputFilter)
2021-09-17 14:21:02,641 [Listener at 0.0.0.0/13643] INFO  http.HttpServer2 (HttpServer2.java:addFilter(1006)) - Added filter static_user_filter (class=org.apache.hadoop.http.lib.StaticUserWebFilter$StaticUserFilter) to context scm
2021-09-17 14:21:02,641 [Listener at 0.0.0.0/13643] INFO  http.HttpServer2 (HttpServer2.java:addFilter(1014)) - Added filter static_user_filter (class=org.apache.hadoop.http.lib.StaticUserWebFilter$StaticUserFilter) to context logs
2021-09-17 14:21:02,641 [Listener at 0.0.0.0/13643] INFO  http.HttpServer2 (HttpServer2.java:addFilter(1014)) - Added filter static_user_filter (class=org.apache.hadoop.http.lib.StaticUserWebFilter$StaticUserFilter) to context static
2021-09-17 14:21:02,642 [Listener at 0.0.0.0/13643] INFO  http.HttpServer2 (HttpServer2.java:bindListener(1249)) - Jetty bound to port 13638
2021-09-17 14:21:02,642 [Listener at 0.0.0.0/13643] INFO  server.Server (Server.java:doStart(375)) - jetty-9.4.43.v20210629; built: 2021-06-30T11:07:22.254Z; git: 526006ecfa3af7f1a27ef3a288e2bef7ea9dd7e8; jvm 1.8.0_292-b10
2021-09-17 14:21:02,646 [Listener at 0.0.0.0/13643] INFO  server.session (DefaultSessionIdManager.java:doStart(334)) - DefaultSessionIdManager workerName=node0
2021-09-17 14:21:02,646 [Listener at 0.0.0.0/13643] INFO  server.session (DefaultSessionIdManager.java:doStart(339)) - No SessionScavenger set, using defaults
2021-09-17 14:21:02,647 [Listener at 0.0.0.0/13643] INFO  server.session (HouseKeeper.java:startScavenging(132)) - node0 Scavenging every 600000ms
2021-09-17 14:21:02,647 [Listener at 0.0.0.0/13643] INFO  handler.ContextHandler (ContextHandler.java:doStart(915)) - Started o.e.j.s.ServletContextHandler@6ac7e58e{logs,/logs,file:///home/runner/work/ozone/ozone/hadoop-ozone/integration-test/target/log,AVAILABLE}
2021-09-17 14:21:02,648 [Listener at 0.0.0.0/13643] INFO  handler.ContextHandler (ContextHandler.java:doStart(915)) - Started o.e.j.s.ServletContextHandler@6252d1c{static,/static,file:///home/runner/work/ozone/ozone/hadoop-ozone/integration-test/target/test-classes/webapps/static,AVAILABLE}
2021-09-17 14:21:02,655 [org.apache.hadoop.util.JvmPauseMonitor$Monitor@6191395] INFO  util.JvmPauseMonitor (JvmPauseMonitor.java:run(188)) - Starting JVM pause monitor
2021-09-17 14:21:02,655 [Listener at 0.0.0.0/13643] INFO  handler.ContextHandler (ContextHandler.java:doStart(915)) - Started o.e.j.w.WebAppContext@7e82a5fb{scm,/,file:///home/runner/work/ozone/ozone/hadoop-ozone/integration-test/target/test-classes/webapps/scm/,AVAILABLE}{file:/home/runner/work/ozone/ozone/hadoop-ozone/integration-test/target/test-classes/webapps/scm}
2021-09-17 14:21:02,659 [Listener at 0.0.0.0/13643] INFO  server.AbstractConnector (AbstractConnector.java:doStart(331)) - Started ServerConnector@598f339e{HTTP/1.1, (http/1.1)}{0.0.0.0:13638}
2021-09-17 14:21:02,660 [Listener at 0.0.0.0/13643] INFO  server.Server (Server.java:doStart(415)) - Started @72025ms
2021-09-17 14:21:02,660 [Listener at 0.0.0.0/13643] WARN  impl.MetricsSystemImpl (MetricsSystemImpl.java:register(279)) - Sink prometheus already exists!
2021-09-17 14:21:02,663 [Listener at 0.0.0.0/13643] INFO  http.BaseHttpServer (BaseHttpServer.java:updateConnectorAddress(329)) - HTTP server of scm listening at http://0.0.0.0:13638
2021-09-17 14:21:02,663 [Listener at 0.0.0.0/13643] INFO  ozone.MiniOzoneHAClusterImpl (MiniOzoneHAClusterImpl.java:createSCMService(564)) - Started SCM RPC server at org.apache.hadoop.hdds.scm.server.SCMClientProtocolServer@30ad845d
2021-09-17 14:21:02,664 [Listener at 0.0.0.0/13643] INFO  ha.SCMHANodeDetails (SCMHANodeDetails.java:loadSCMHAConfig(157)) - ServiceID for StorageContainerManager is scm-service-test1
2021-09-17 14:21:02,664 [Listener at 0.0.0.0/13643] INFO  ha.SCMHANodeDetails (SCMHANodeDetails.java:loadSCMHAConfig(168)) - ServiceID for StorageContainerManager is scm-service-test1
2021-09-17 14:21:02,664 [Listener at 0.0.0.0/13643] WARN  scm.ScmUtils (ScmUtils.java:logWarn(179)) - ConfigKey ozone.scm.block.client.address is deprecated, For configuring different ports for each SCM use PortConfigKey ozone.scm.block.client.port appended with serviceId and nodeId. If want to configure same port configure ozone.scm.block.client.port
2021-09-17 14:21:02,665 [Listener at 0.0.0.0/13643] WARN  scm.ScmUtils (ScmUtils.java:logWarn(179)) - ConfigKey ozone.scm.client.address is deprecated, For configuring different ports for each SCM use PortConfigKey ozone.scm.client.port appended with serviceId and nodeId. If want to configure same port configure ozone.scm.client.port
2021-09-17 14:21:02,665 [Listener at 0.0.0.0/13643] WARN  scm.ScmUtils (ScmUtils.java:logWarn(179)) - ConfigKey ozone.scm.datanode.address is deprecated, For configuring different ports for each SCM use PortConfigKey ozone.scm.datanode.port appended with serviceId and nodeId. If want to configure same port configure ozone.scm.datanode.port
2021-09-17 14:21:02,665 [Listener at 0.0.0.0/13643] WARN  scm.ScmUtils (ScmUtils.java:logWarn(179)) - ConfigKey ozone.scm.block.client.address is deprecated, For configuring different ports for each SCM use PortConfigKey ozone.scm.block.client.port appended with serviceId and nodeId. If want to configure same port configure ozone.scm.block.client.port
2021-09-17 14:21:02,665 [Listener at 0.0.0.0/13643] WARN  scm.ScmUtils (ScmUtils.java:logWarn(179)) - ConfigKey ozone.scm.client.address is deprecated, For configuring different ports for each SCM use PortConfigKey ozone.scm.client.port appended with serviceId and nodeId. If want to configure same port configure ozone.scm.client.port
2021-09-17 14:21:02,665 [Listener at 0.0.0.0/13643] WARN  scm.ScmUtils (ScmUtils.java:logWarn(179)) - ConfigKey ozone.scm.datanode.address is deprecated, For configuring different ports for each SCM use PortConfigKey ozone.scm.datanode.port appended with serviceId and nodeId. If want to configure same port configure ozone.scm.datanode.port
2021-09-17 14:21:02,666 [Listener at 0.0.0.0/13643] INFO  ha.SCMHANodeDetails (SCMHANodeDetails.java:loadSCMHAConfig(250)) - Found matching SCM address with SCMServiceId: scm-service-test1, SCMNodeId: scmNode-2, RPC Address: localhost:13650 and Ratis port: 13650
2021-09-17 14:21:02,666 [Listener at 0.0.0.0/13643] INFO  ha.SCMHANodeDetails (ConfUtils.java:setNodeSpecificConfigs(108)) - Setting configuration key ozone.scm.datanode.address with value of key ozone.scm.datanode.address.scm-service-test1.scmNode-2: 127.0.0.1:13651
2021-09-17 14:21:02,666 [Listener at 0.0.0.0/13643] INFO  ha.SCMHANodeDetails (ConfUtils.java:setNodeSpecificConfigs(108)) - Setting configuration key ozone.scm.block.client.address with value of key ozone.scm.block.client.address.scm-service-test1.scmNode-2: 127.0.0.1:13652
2021-09-17 14:21:02,666 [Listener at 0.0.0.0/13643] INFO  ha.SCMHANodeDetails (ConfUtils.java:setNodeSpecificConfigs(108)) - Setting configuration key ozone.scm.client.address with value of key ozone.scm.client.address.scm-service-test1.scmNode-2: 127.0.0.1:13653
2021-09-17 14:21:02,666 [Listener at 0.0.0.0/13643] INFO  ha.SCMHANodeDetails (ConfUtils.java:setNodeSpecificConfigs(108)) - Setting configuration key ozone.scm.ratis.port with value of key ozone.scm.ratis.port.scm-service-test1.scmNode-2: 13650
2021-09-17 14:21:02,666 [Listener at 0.0.0.0/13643] INFO  ha.SCMHANodeDetails (ConfUtils.java:setNodeSpecificConfigs(108)) - Setting configuration key ozone.scm.grpc.port with value of key ozone.scm.grpc.port.scm-service-test1.scmNode-2: 13654
2021-09-17 14:21:02,667 [Listener at 0.0.0.0/13643] INFO  ha.SCMHANodeDetails (ConfUtils.java:setNodeSpecificConfigs(108)) - Setting configuration key ozone.scm.http-address with value of key ozone.scm.http-address.scm-service-test1.scmNode-2: 127.0.0.1:13648
2021-09-17 14:21:02,667 [Listener at 0.0.0.0/13643] INFO  ha.SCMHANodeDetails (ConfUtils.java:setNodeSpecificConfigs(108)) - Setting configuration key ozone.scm.https-address with value of key ozone.scm.https-address.scm-service-test1.scmNode-2: 127.0.0.1:13649
2021-09-17 14:21:02,667 [Listener at 0.0.0.0/13643] INFO  ha.SCMHANodeDetails (ConfUtils.java:setNodeSpecificConfigs(108)) - Setting configuration key ozone.scm.address with value of key ozone.scm.address.scm-service-test1.scmNode-2: 127.0.0.1
2021-09-17 14:21:02,667 [Listener at 0.0.0.0/13643] WARN  scm.ScmUtils (ScmUtils.java:logWarn(179)) - ConfigKey ozone.scm.block.client.address is deprecated, For configuring different ports for each SCM use PortConfigKey ozone.scm.block.client.port appended with serviceId and nodeId. If want to configure same port configure ozone.scm.block.client.port
2021-09-17 14:21:02,667 [Listener at 0.0.0.0/13643] WARN  scm.ScmUtils (ScmUtils.java:logWarn(179)) - ConfigKey ozone.scm.client.address is deprecated, For configuring different ports for each SCM use PortConfigKey ozone.scm.client.port appended with serviceId and nodeId. If want to configure same port configure ozone.scm.client.port
2021-09-17 14:21:02,667 [Listener at 0.0.0.0/13643] WARN  scm.ScmUtils (ScmUtils.java:logWarn(179)) - ConfigKey ozone.scm.datanode.address is deprecated, For configuring different ports for each SCM use PortConfigKey ozone.scm.datanode.port appended with serviceId and nodeId. If want to configure same port configure ozone.scm.datanode.port
2021-09-17 14:21:02,667 [Listener at 0.0.0.0/13643] WARN  server.ServerUtils (ServerUtils.java:getScmDbDir(148)) - ozone.scm.db.dirs is not configured. We recommend adding this setting. Falling back to ozone.metadata.dirs instead.
2021-09-17 14:21:02,669 [Listener at 0.0.0.0/13643] INFO  ha.SCMNodeInfo (SCMNodeInfo.java:getPort(197)) - ConfigKey ozone.scm.client.address is deprecated, For configuring different ports for each SCM use PortConfigKey ozone.scm.client.port appended with serviceId and nodeId
2021-09-17 14:21:02,669 [Listener at 0.0.0.0/13643] INFO  ha.SCMNodeInfo (SCMNodeInfo.java:getPort(197)) - ConfigKey ozone.scm.block.client.address is deprecated, For configuring different ports for each SCM use PortConfigKey ozone.scm.block.client.port appended with serviceId and nodeId
2021-09-17 14:21:02,669 [Listener at 0.0.0.0/13643] INFO  ha.SCMNodeInfo (SCMNodeInfo.java:getPort(197)) - ConfigKey ozone.scm.datanode.address is deprecated, For configuring different ports for each SCM use PortConfigKey ozone.scm.datanode.port appended with serviceId and nodeId
2021-09-17 14:21:02,669 [Listener at 0.0.0.0/13643] INFO  ha.SCMNodeInfo (SCMNodeInfo.java:getPort(197)) - ConfigKey ozone.scm.client.address is deprecated, For configuring different ports for each SCM use PortConfigKey ozone.scm.client.port appended with serviceId and nodeId
2021-09-17 14:21:02,670 [Listener at 0.0.0.0/13643] INFO  ha.SCMNodeInfo (SCMNodeInfo.java:getPort(197)) - ConfigKey ozone.scm.block.client.address is deprecated, For configuring different ports for each SCM use PortConfigKey ozone.scm.block.client.port appended with serviceId and nodeId
2021-09-17 14:21:02,670 [Listener at 0.0.0.0/13643] INFO  ha.SCMNodeInfo (SCMNodeInfo.java:getPort(197)) - ConfigKey ozone.scm.datanode.address is deprecated, For configuring different ports for each SCM use PortConfigKey ozone.scm.datanode.port appended with serviceId and nodeId
2021-09-17 14:21:02,670 [Listener at 0.0.0.0/13643] INFO  ha.SCMNodeInfo (SCMNodeInfo.java:getPort(197)) - ConfigKey ozone.scm.client.address is deprecated, For configuring different ports for each SCM use PortConfigKey ozone.scm.client.port appended with serviceId and nodeId
2021-09-17 14:21:02,670 [Listener at 0.0.0.0/13643] INFO  ha.SCMNodeInfo (SCMNodeInfo.java:getPort(197)) - ConfigKey ozone.scm.block.client.address is deprecated, For configuring different ports for each SCM use PortConfigKey ozone.scm.block.client.port appended with serviceId and nodeId
2021-09-17 14:21:02,670 [Listener at 0.0.0.0/13643] INFO  ha.SCMNodeInfo (SCMNodeInfo.java:getPort(197)) - ConfigKey ozone.scm.datanode.address is deprecated, For configuring different ports for each SCM use PortConfigKey ozone.scm.datanode.port appended with serviceId and nodeId
2021-09-17 14:21:02,927 [EndpointStateMachine task thread for /127.0.0.1:14615 - 0 ] INFO  ipc.Client (Client.java:handleConnectionFailure(977)) - Retrying connect to server: localhost/127.0.0.1:14615. Already tried 7 time(s); retry policy is RetryUpToMaximumCountWithFixedSleep(maxRetries=15, sleepTime=1000 MILLISECONDS)
2021-09-17 14:21:02,927 [EndpointStateMachine task thread for /127.0.0.1:14625 - 0 ] INFO  ipc.Client (Client.java:handleConnectionFailure(977)) - Retrying connect to server: localhost/127.0.0.1:14625. Already tried 7 time(s); retry policy is RetryUpToMaximumCountWithFixedSleep(maxRetries=15, sleepTime=1000 MILLISECONDS)
2021-09-17 14:21:03,523 [EndpointStateMachine task thread for /127.0.0.1:14605 - 0 ] INFO  ipc.Client (Client.java:handleConnectionFailure(977)) - Retrying connect to server: localhost/127.0.0.1:14605. Already tried 9 time(s); retry policy is RetryUpToMaximumCountWithFixedSleep(maxRetries=15, sleepTime=1000 MILLISECONDS)
2021-09-17 14:21:03,927 [EndpointStateMachine task thread for /127.0.0.1:14615 - 0 ] INFO  ipc.Client (Client.java:handleConnectionFailure(977)) - Retrying connect to server: localhost/127.0.0.1:14615. Already tried 8 time(s); retry policy is RetryUpToMaximumCountWithFixedSleep(maxRetries=15, sleepTime=1000 MILLISECONDS)
2021-09-17 14:21:03,927 [EndpointStateMachine task thread for /127.0.0.1:14625 - 0 ] INFO  ipc.Client (Client.java:handleConnectionFailure(977)) - Retrying connect to server: localhost/127.0.0.1:14625. Already tried 8 time(s); retry policy is RetryUpToMaximumCountWithFixedSleep(maxRetries=15, sleepTime=1000 MILLISECONDS)
2021-09-17 14:21:04,523 [EndpointStateMachine task thread for /127.0.0.1:14605 - 0 ] INFO  ipc.Client (Client.java:handleConnectionFailure(977)) - Retrying connect to server: localhost/127.0.0.1:14605. Already tried 10 time(s); retry policy is RetryUpToMaximumCountWithFixedSleep(maxRetries=15, sleepTime=1000 MILLISECONDS)
2021-09-17 14:21:04,690 [Listener at 0.0.0.0/13643] INFO  retry.RetryInvocationHandler (RetryInvocationHandler.java:log(411)) - com.google.protobuf.ServiceException: java.net.ConnectException: Call From fv-az116-264/10.1.0.54 to localhost:13652 failed on connection exception: java.net.ConnectException: Connection refused; For more details see:  http://wiki.apache.org/hadoop/ConnectionRefused, while invoking $Proxy39.send over nodeId=scmNode-2,nodeAddress=/127.0.0.1:13652 after 1 failover attempts. Trying to failover after sleeping for 2000ms.
2021-09-17 14:21:04,928 [EndpointStateMachine task thread for /127.0.0.1:14625 - 0 ] INFO  ipc.Client (Client.java:handleConnectionFailure(977)) - Retrying connect to server: localhost/127.0.0.1:14625. Already tried 9 time(s); retry policy is RetryUpToMaximumCountWithFixedSleep(maxRetries=15, sleepTime=1000 MILLISECONDS)
2021-09-17 14:21:04,929 [EndpointStateMachine task thread for /127.0.0.1:14615 - 0 ] INFO  ipc.Client (Client.java:handleConnectionFailure(977)) - Retrying connect to server: localhost/127.0.0.1:14615. Already tried 9 time(s); retry policy is RetryUpToMaximumCountWithFixedSleep(maxRetries=15, sleepTime=1000 MILLISECONDS)
2021-09-17 14:21:05,525 [EndpointStateMachine task thread for /127.0.0.1:14605 - 0 ] INFO  ipc.Client (Client.java:handleConnectionFailure(977)) - Retrying connect to server: localhost/127.0.0.1:14605. Already tried 11 time(s); retry policy is RetryUpToMaximumCountWithFixedSleep(maxRetries=15, sleepTime=1000 MILLISECONDS)
2021-09-17 14:21:05,929 [EndpointStateMachine task thread for /127.0.0.1:14625 - 0 ] INFO  ipc.Client (Client.java:handleConnectionFailure(977)) - Retrying connect to server: localhost/127.0.0.1:14625. Already tried 10 time(s); retry policy is RetryUpToMaximumCountWithFixedSleep(maxRetries=15, sleepTime=1000 MILLISECONDS)
2021-09-17 14:21:05,930 [EndpointStateMachine task thread for /127.0.0.1:14615 - 0 ] INFO  ipc.Client (Client.java:handleConnectionFailure(977)) - Retrying connect to server: localhost/127.0.0.1:14615. Already tried 10 time(s); retry policy is RetryUpToMaximumCountWithFixedSleep(maxRetries=15, sleepTime=1000 MILLISECONDS)
2021-09-17 14:21:06,525 [EndpointStateMachine task thread for /127.0.0.1:14605 - 0 ] INFO  ipc.Client (Client.java:handleConnectionFailure(977)) - Retrying connect to server: localhost/127.0.0.1:14605. Already tried 12 time(s); retry policy is RetryUpToMaximumCountWithFixedSleep(maxRetries=15, sleepTime=1000 MILLISECONDS)
2021-09-17 14:21:06,691 [Listener at 0.0.0.0/13643] INFO  retry.RetryInvocationHandler (RetryInvocationHandler.java:log(411)) - com.google.protobuf.ServiceException: java.net.ConnectException: Call From fv-az116-264/10.1.0.54 to localhost:13662 failed on connection exception: java.net.ConnectException: Connection refused; For more details see:  http://wiki.apache.org/hadoop/ConnectionRefused, while invoking $Proxy39.send over nodeId=scmNode-3,nodeAddress=/127.0.0.1:13662 after 2 failover attempts. Trying to failover after sleeping for 2000ms.
2021-09-17 14:21:06,930 [EndpointStateMachine task thread for /127.0.0.1:14625 - 0 ] INFO  ipc.Client (Client.java:handleConnectionFailure(977)) - Retrying connect to server: localhost/127.0.0.1:14625. Already tried 11 time(s); retry policy is RetryUpToMaximumCountWithFixedSleep(maxRetries=15, sleepTime=1000 MILLISECONDS)
2021-09-17 14:21:06,930 [EndpointStateMachine task thread for /127.0.0.1:14615 - 0 ] INFO  ipc.Client (Client.java:handleConnectionFailure(977)) - Retrying connect to server: localhost/127.0.0.1:14615. Already tried 11 time(s); retry policy is RetryUpToMaximumCountWithFixedSleep(maxRetries=15, sleepTime=1000 MILLISECONDS)
2021-09-17 14:21:07,435 [62c51671-a275-468c-9a91-cfb1a6740248@group-50EB3B9E447A-FollowerState] INFO  impl.FollowerState (FollowerState.java:run(134)) - 62c51671-a275-468c-9a91-cfb1a6740248@group-50EB3B9E447A-FollowerState: change to CANDIDATE, lastRpcElapsedTime:5069323532ns, electionTimeout:5068ms
2021-09-17 14:21:07,435 [62c51671-a275-468c-9a91-cfb1a6740248@group-50EB3B9E447A-FollowerState] INFO  impl.RoleInfo (RoleInfo.java:shutdownFollowerState(108)) - 62c51671-a275-468c-9a91-cfb1a6740248: shutdown 62c51671-a275-468c-9a91-cfb1a6740248@group-50EB3B9E447A-FollowerState
2021-09-17 14:21:07,435 [62c51671-a275-468c-9a91-cfb1a6740248@group-50EB3B9E447A-FollowerState] INFO  server.RaftServer$Division (RaftServerImpl.java:setRole(285)) - 62c51671-a275-468c-9a91-cfb1a6740248@group-50EB3B9E447A: changes role from  FOLLOWER to CANDIDATE at term 1 for changeToCandidate
2021-09-17 14:21:07,435 [62c51671-a275-468c-9a91-cfb1a6740248@group-50EB3B9E447A-FollowerState] INFO  server.RaftServerConfigKeys (ConfUtils.java:logGet(44)) - raft.server.leaderelection.pre-vote = false (custom)
2021-09-17 14:21:07,435 [62c51671-a275-468c-9a91-cfb1a6740248@group-50EB3B9E447A-FollowerState] INFO  impl.RoleInfo (RoleInfo.java:updateAndGet(130)) - 62c51671-a275-468c-9a91-cfb1a6740248: start 62c51671-a275-468c-9a91-cfb1a6740248@group-50EB3B9E447A-LeaderElection11
2021-09-17 14:21:07,450 [62c51671-a275-468c-9a91-cfb1a6740248@group-50EB3B9E447A-LeaderElection11] INFO  impl.LeaderElection (LeaderElection.java:askForVotes(306)) - 62c51671-a275-468c-9a91-cfb1a6740248@group-50EB3B9E447A-LeaderElection11 ELECTION round 0: submit vote requests at term 2 for 0: [62c51671-a275-468c-9a91-cfb1a6740248|rpc:localhost:13640|admin:|client:|dataStream:|priority:0], old=null
2021-09-17 14:21:07,450 [62c51671-a275-468c-9a91-cfb1a6740248@group-50EB3B9E447A-LeaderElection11] INFO  impl.LeaderElection (LeaderElection.java:askForVotes(308)) - 62c51671-a275-468c-9a91-cfb1a6740248@group-50EB3B9E447A-LeaderElection11 ELECTION round 0: result PASSED (term=2)
2021-09-17 14:21:07,450 [62c51671-a275-468c-9a91-cfb1a6740248@group-50EB3B9E447A-LeaderElection11] INFO  impl.RoleInfo (RoleInfo.java:shutdownLeaderElection(121)) - 62c51671-a275-468c-9a91-cfb1a6740248: shutdown 62c51671-a275-468c-9a91-cfb1a6740248@group-50EB3B9E447A-LeaderElection11
2021-09-17 14:21:07,450 [62c51671-a275-468c-9a91-cfb1a6740248@group-50EB3B9E447A-LeaderElection11] INFO  server.RaftServer$Division (RaftServerImpl.java:setRole(285)) - 62c51671-a275-468c-9a91-cfb1a6740248@group-50EB3B9E447A: changes role from CANDIDATE to LEADER at term 2 for changeToLeader
2021-09-17 14:21:07,450 [62c51671-a275-468c-9a91-cfb1a6740248@group-50EB3B9E447A-LeaderElection11] INFO  ha.SCMStateMachine (SCMStateMachine.java:notifyLeaderChanged(252)) - current SCM becomes leader of term 2.
2021-09-17 14:21:07,450 [62c51671-a275-468c-9a91-cfb1a6740248@group-50EB3B9E447A-LeaderElection11] INFO  ha.SCMContext (SCMContext.java:updateLeaderAndTerm(88)) - update <isLeader,term> from <false,0> to <true,2>
2021-09-17 14:21:07,450 [62c51671-a275-468c-9a91-cfb1a6740248@group-50EB3B9E447A-LeaderElection11] INFO  server.RaftServer$Division (ServerState.java:setLeader(285)) - 62c51671-a275-468c-9a91-cfb1a6740248@group-50EB3B9E447A: change Leader from null to 62c51671-a275-468c-9a91-cfb1a6740248 at term 2 for becomeLeader, leader elected after 5190ms
2021-09-17 14:21:07,450 [62c51671-a275-468c-9a91-cfb1a6740248@group-50EB3B9E447A-LeaderElection11] INFO  server.RaftServerConfigKeys (ConfUtils.java:logGet(44)) - raft.server.staging.catchup.gap = 1000 (default)
2021-09-17 14:21:07,450 [62c51671-a275-468c-9a91-cfb1a6740248@group-50EB3B9E447A-LeaderElection11] INFO  server.RaftServerConfigKeys (ConfUtils.java:logGet(44)) - raft.server.write.element-limit = 4096 (default)
2021-09-17 14:21:07,450 [62c51671-a275-468c-9a91-cfb1a6740248@group-50EB3B9E447A-LeaderElection11] INFO  server.RaftServerConfigKeys (ConfUtils.java:logGet(44)) - raft.server.write.byte-limit = 64MB (=67108864) (default)
2021-09-17 14:21:07,451 [62c51671-a275-468c-9a91-cfb1a6740248@group-50EB3B9E447A-LeaderElection11] INFO  server.RaftServerConfigKeys (ConfUtils.java:logGet(44)) - raft.server.watch.timeout = 10s (default)
2021-09-17 14:21:07,451 [62c51671-a275-468c-9a91-cfb1a6740248@group-50EB3B9E447A-LeaderElection11] INFO  server.RaftServerConfigKeys (ConfUtils.java:logGet(44)) - raft.server.watch.timeout.denomination = 1s (default)
2021-09-17 14:21:07,451 [62c51671-a275-468c-9a91-cfb1a6740248@group-50EB3B9E447A-LeaderElection11] INFO  server.RaftServerConfigKeys (ConfUtils.java:logGet(44)) - raft.server.watch.element-limit = 65536 (default)
2021-09-17 14:21:07,451 [62c51671-a275-468c-9a91-cfb1a6740248@group-50EB3B9E447A-LeaderElection11] INFO  impl.RoleInfo (RoleInfo.java:updateAndGet(130)) - 62c51671-a275-468c-9a91-cfb1a6740248: start 62c51671-a275-468c-9a91-cfb1a6740248@group-50EB3B9E447A-LeaderStateImpl
2021-09-17 14:21:07,451 [62c51671-a275-468c-9a91-cfb1a6740248@group-50EB3B9E447A-LeaderElection11] INFO  segmented.SegmentedRaftLogWorker (SegmentedRaftLogWorker.java:rollLogSegment(399)) - 62c51671-a275-468c-9a91-cfb1a6740248@group-50EB3B9E447A-SegmentedRaftLogWorker: Rolling segment log-0_0 to index:0
2021-09-17 14:21:07,459 [62c51671-a275-468c-9a91-cfb1a6740248@group-50EB3B9E447A-SegmentedRaftLogWorker] INFO  segmented.SegmentedRaftLogWorker (SegmentedRaftLogWorker.java:execute(558)) - 62c51671-a275-468c-9a91-cfb1a6740248@group-50EB3B9E447A-SegmentedRaftLogWorker: Rolled log segment from /home/runner/work/ozone/ozone/hadoop-ozone/integration-test/target/test-dir/MiniOzoneClusterImpl-3d3fab62-48bb-41e0-9886-50eb3b9e447a/scmNode-1/scm-ha/3d3fab62-48bb-41e0-9886-50eb3b9e447a/current/log_inprogress_0 to /home/runner/work/ozone/ozone/hadoop-ozone/integration-test/target/test-dir/MiniOzoneClusterImpl-3d3fab62-48bb-41e0-9886-50eb3b9e447a/scmNode-1/scm-ha/3d3fab62-48bb-41e0-9886-50eb3b9e447a/current/log_0-0
2021-09-17 14:21:07,459 [62c51671-a275-468c-9a91-cfb1a6740248@group-50EB3B9E447A-LeaderElection11] INFO  server.RaftServer$Division (ServerState.java:setRaftConf(387)) - 62c51671-a275-468c-9a91-cfb1a6740248@group-50EB3B9E447A: set configuration 1: [62c51671-a275-468c-9a91-cfb1a6740248|rpc:localhost:13640|admin:|client:|dataStream:|priority:0], old=null
2021-09-17 14:21:07,462 [62c51671-a275-468c-9a91-cfb1a6740248@group-50EB3B9E447A-SegmentedRaftLogWorker] INFO  segmented.SegmentedRaftLogWorker (SegmentedRaftLogWorker.java:execute(601)) - 62c51671-a275-468c-9a91-cfb1a6740248@group-50EB3B9E447A-SegmentedRaftLogWorker: created new log segment /home/runner/work/ozone/ozone/hadoop-ozone/integration-test/target/test-dir/MiniOzoneClusterImpl-3d3fab62-48bb-41e0-9886-50eb3b9e447a/scmNode-1/scm-ha/3d3fab62-48bb-41e0-9886-50eb3b9e447a/current/log_inprogress_1
2021-09-17 14:21:07,465 [62c51671-a275-468c-9a91-cfb1a6740248@group-50EB3B9E447A-StateMachineUpdater] INFO  ha.SCMContext (SCMContext.java:setLeaderReady(115)) - update <isLeaderReady> from <false> to <true>
2021-09-17 14:21:07,466 [62c51671-a275-468c-9a91-cfb1a6740248@group-50EB3B9E447A-StateMachineUpdater] INFO  pipeline.BackgroundPipelineCreator (BackgroundPipelineCreatorV2.java:notifyStatusChanged(264)) - Service BackgroundPipelineCreator transitions to RUNNING.
2021-09-17 14:21:07,466 [62c51671-a275-468c-9a91-cfb1a6740248@group-50EB3B9E447A-StateMachineUpdater] INFO  safemode.HealthyPipelineSafeModeRule (HealthyPipelineSafeModeRule.java:initializeRule(152)) - Refreshed total pipeline count is 0, healthy pipeline threshold count is 1
2021-09-17 14:21:07,466 [62c51671-a275-468c-9a91-cfb1a6740248@group-50EB3B9E447A-StateMachineUpdater] INFO  safemode.ContainerSafeModeRule (ContainerSafeModeRule.java:reInitializeRule(177)) - Refreshed one replica container threshold 0, currentThreshold 0
2021-09-17 14:21:07,467 [62c51671-a275-468c-9a91-cfb1a6740248@group-50EB3B9E447A-StateMachineUpdater] INFO  safemode.OneReplicaPipelineSafeModeRule (OneReplicaPipelineSafeModeRule.java:initializeRule(176)) - Refreshed Total pipeline count is 0, pipeline's with at least one datanode reported threshold count is 0
2021-09-17 14:21:07,467 [62c51671-a275-468c-9a91-cfb1a6740248@group-50EB3B9E447A-StateMachineUpdater] INFO  server.SCMDatanodeProtocolServer (SCMDatanodeProtocolServer.java:start(181)) - RPC server for DataNodes is listening at /0.0.0.0:13641
2021-09-17 14:21:07,480 [IPC Server listener on 13641] INFO  ipc.Server (Server.java:run(1344)) - IPC Server listener on 13641: starting
2021-09-17 14:21:07,500 [IPC Server Responder] INFO  ipc.Server (Server.java:run(1507)) - IPC Server Responder: starting
2021-09-17 14:21:07,526 [EndpointStateMachine task thread for /127.0.0.1:14605 - 0 ] INFO  ipc.Client (Client.java:handleConnectionFailure(977)) - Retrying connect to server: localhost/127.0.0.1:14605. Already tried 13 time(s); retry policy is RetryUpToMaximumCountWithFixedSleep(maxRetries=15, sleepTime=1000 MILLISECONDS)
2021-09-17 14:21:07,930 [EndpointStateMachine task thread for /127.0.0.1:14625 - 0 ] INFO  ipc.Client (Client.java:handleConnectionFailure(977)) - Retrying connect to server: localhost/127.0.0.1:14625. Already tried 12 time(s); retry policy is RetryUpToMaximumCountWithFixedSleep(maxRetries=15, sleepTime=1000 MILLISECONDS)
2021-09-17 14:21:07,937 [EndpointStateMachine task thread for /127.0.0.1:14615 - 0 ] INFO  ipc.Client (Client.java:handleConnectionFailure(977)) - Retrying connect to server: localhost/127.0.0.1:14615. Already tried 12 time(s); retry policy is RetryUpToMaximumCountWithFixedSleep(maxRetries=15, sleepTime=1000 MILLISECONDS)
2021-09-17 14:21:08,526 [EndpointStateMachine task thread for /127.0.0.1:14605 - 0 ] INFO  ipc.Client (Client.java:handleConnectionFailure(977)) - Retrying connect to server: localhost/127.0.0.1:14605. Already tried 14 time(s); retry policy is RetryUpToMaximumCountWithFixedSleep(maxRetries=15, sleepTime=1000 MILLISECONDS)
2021-09-17 14:21:08,697 [Listener at 0.0.0.0/13643] INFO  server.StorageContainerManager (StorageContainerManager.java:scmBootstrap(963)) - SCM BootStrap  is successful for ClusterID 3d3fab62-48bb-41e0-9886-50eb3b9e447a, SCMID b698c972-2c25-4917-bf85-656ee0b35a6d
2021-09-17 14:21:08,698 [Listener at 0.0.0.0/13643] INFO  server.StorageContainerManager (StorageContainerManager.java:scmBootstrap(965)) - Primary SCM Node ID 62c51671-a275-468c-9a91-cfb1a6740248
2021-09-17 14:21:08,698 [Listener at 0.0.0.0/13643] INFO  ha.SCMHANodeDetails (SCMHANodeDetails.java:loadSCMHAConfig(157)) - ServiceID for StorageContainerManager is scm-service-test1
2021-09-17 14:21:08,698 [Listener at 0.0.0.0/13643] INFO  ha.SCMHANodeDetails (SCMHANodeDetails.java:loadSCMHAConfig(168)) - ServiceID for StorageContainerManager is scm-service-test1
2021-09-17 14:21:08,698 [Listener at 0.0.0.0/13643] WARN  scm.ScmUtils (ScmUtils.java:logWarn(179)) - ConfigKey ozone.scm.block.client.address is deprecated, For configuring different ports for each SCM use PortConfigKey ozone.scm.block.client.port appended with serviceId and nodeId. If want to configure same port configure ozone.scm.block.client.port
2021-09-17 14:21:08,698 [Listener at 0.0.0.0/13643] WARN  scm.ScmUtils (ScmUtils.java:logWarn(179)) - ConfigKey ozone.scm.client.address is deprecated, For configuring different ports for each SCM use PortConfigKey ozone.scm.client.port appended with serviceId and nodeId. If want to configure same port configure ozone.scm.client.port
2021-09-17 14:21:08,699 [Listener at 0.0.0.0/13643] WARN  scm.ScmUtils (ScmUtils.java:logWarn(179)) - ConfigKey ozone.scm.datanode.address is deprecated, For configuring different ports for each SCM use PortConfigKey ozone.scm.datanode.port appended with serviceId and nodeId. If want to configure same port configure ozone.scm.datanode.port
2021-09-17 14:21:08,699 [Listener at 0.0.0.0/13643] WARN  scm.ScmUtils (ScmUtils.java:logWarn(179)) - ConfigKey ozone.scm.block.client.address is deprecated, For configuring different ports for each SCM use PortConfigKey ozone.scm.block.client.port appended with serviceId and nodeId. If want to configure same port configure ozone.scm.block.client.port
2021-09-17 14:21:08,699 [Listener at 0.0.0.0/13643] WARN  scm.ScmUtils (ScmUtils.java:logWarn(179)) - ConfigKey ozone.scm.client.address is deprecated, For configuring different ports for each SCM use PortConfigKey ozone.scm.client.port appended with serviceId and nodeId. If want to configure same port configure ozone.scm.client.port
2021-09-17 14:21:08,699 [Listener at 0.0.0.0/13643] WARN  scm.ScmUtils (ScmUtils.java:logWarn(179)) - ConfigKey ozone.scm.datanode.address is deprecated, For configuring different ports for each SCM use PortConfigKey ozone.scm.datanode.port appended with serviceId and nodeId. If want to configure same port configure ozone.scm.datanode.port
2021-09-17 14:21:08,699 [Listener at 0.0.0.0/13643] INFO  ha.SCMHANodeDetails (SCMHANodeDetails.java:loadSCMHAConfig(250)) - Found matching SCM address with SCMServiceId: scm-service-test1, SCMNodeId: scmNode-2, RPC Address: localhost:13650 and Ratis port: 13650
2021-09-17 14:21:08,700 [Listener at 0.0.0.0/13643] INFO  ha.SCMHANodeDetails (ConfUtils.java:setNodeSpecificConfigs(108)) - Setting configuration key ozone.scm.datanode.address with value of key ozone.scm.datanode.address.scm-service-test1.scmNode-2: 127.0.0.1:13651
2021-09-17 14:21:08,700 [Listener at 0.0.0.0/13643] INFO  ha.SCMHANodeDetails (ConfUtils.java:setNodeSpecificConfigs(108)) - Setting configuration key ozone.scm.block.client.address with value of key ozone.scm.block.client.address.scm-service-test1.scmNode-2: 127.0.0.1:13652
2021-09-17 14:21:08,700 [Listener at 0.0.0.0/13643] INFO  ha.SCMHANodeDetails (ConfUtils.java:setNodeSpecificConfigs(108)) - Setting configuration key ozone.scm.client.address with value of key ozone.scm.client.address.scm-service-test1.scmNode-2: 127.0.0.1:13653
2021-09-17 14:21:08,700 [Listener at 0.0.0.0/13643] INFO  ha.SCMHANodeDetails (ConfUtils.java:setNodeSpecificConfigs(108)) - Setting configuration key ozone.scm.ratis.port with value of key ozone.scm.ratis.port.scm-service-test1.scmNode-2: 13650
2021-09-17 14:21:08,700 [Listener at 0.0.0.0/13643] INFO  ha.SCMHANodeDetails (ConfUtils.java:setNodeSpecificConfigs(108)) - Setting configuration key ozone.scm.grpc.port with value of key ozone.scm.grpc.port.scm-service-test1.scmNode-2: 13654
2021-09-17 14:21:08,700 [Listener at 0.0.0.0/13643] INFO  ha.SCMHANodeDetails (ConfUtils.java:setNodeSpecificConfigs(108)) - Setting configuration key ozone.scm.http-address with value of key ozone.scm.http-address.scm-service-test1.scmNode-2: 127.0.0.1:13648
2021-09-17 14:21:08,700 [Listener at 0.0.0.0/13643] INFO  ha.SCMHANodeDetails (ConfUtils.java:setNodeSpecificConfigs(108)) - Setting configuration key ozone.scm.https-address with value of key ozone.scm.https-address.scm-service-test1.scmNode-2: 127.0.0.1:13649
2021-09-17 14:21:08,700 [Listener at 0.0.0.0/13643] INFO  ha.SCMHANodeDetails (ConfUtils.java:setNodeSpecificConfigs(108)) - Setting configuration key ozone.scm.address with value of key ozone.scm.address.scm-service-test1.scmNode-2: 127.0.0.1
2021-09-17 14:21:08,701 [Listener at 0.0.0.0/13643] WARN  scm.ScmUtils (ScmUtils.java:logWarn(179)) - ConfigKey ozone.scm.block.client.address is deprecated, For configuring different ports for each SCM use PortConfigKey ozone.scm.block.client.port appended with serviceId and nodeId. If want to configure same port configure ozone.scm.block.client.port
2021-09-17 14:21:08,701 [Listener at 0.0.0.0/13643] WARN  scm.ScmUtils (ScmUtils.java:logWarn(179)) - ConfigKey ozone.scm.client.address is deprecated, For configuring different ports for each SCM use PortConfigKey ozone.scm.client.port appended with serviceId and nodeId. If want to configure same port configure ozone.scm.client.port
2021-09-17 14:21:08,701 [Listener at 0.0.0.0/13643] WARN  scm.ScmUtils (ScmUtils.java:logWarn(179)) - ConfigKey ozone.scm.datanode.address is deprecated, For configuring different ports for each SCM use PortConfigKey ozone.scm.datanode.port appended with serviceId and nodeId. If want to configure same port configure ozone.scm.datanode.port
2021-09-17 14:21:08,702 [Listener at 0.0.0.0/13643] WARN  server.ServerUtils (ServerUtils.java:getScmDbDir(148)) - ozone.scm.db.dirs is not configured. We recommend adding this setting. Falling back to ozone.metadata.dirs instead.
2021-09-17 14:21:08,702 [Listener at 0.0.0.0/13643] INFO  upgrade.AbstractLayoutVersionManager (AbstractLayoutVersionManager.java:init(79)) - Initializing Layout version manager with metadata layout = SCM_HA (version = 2), software layout = SCM_HA (version = 2)
2021-09-17 14:21:08,818 [Listener at 0.0.0.0/13643] INFO  reflections.Reflections (Reflections.java:scan(232)) - Reflections took 114 ms to scan 7 urls, producing 119 keys and 275 values 
2021-09-17 14:21:08,820 [Listener at 0.0.0.0/13643] WARN  utils.HAUtils (HAUtils.java:getMetaDir(342)) - ozone.scm.db.dirs is not configured. We recommend adding this setting. Falling back to ozone.metadata.dirs instead.
2021-09-17 14:21:08,820 [Listener at 0.0.0.0/13643] WARN  db.DBStoreBuilder (DBStoreBuilder.java:applyDBDefinition(145)) - ozone.scm.db.dirs is not configured. We recommend adding this setting. Falling back to ozone.metadata.dirs instead.
2021-09-17 14:21:08,931 [EndpointStateMachine task thread for /127.0.0.1:14625 - 0 ] INFO  ipc.Client (Client.java:handleConnectionFailure(977)) - Retrying connect to server: localhost/127.0.0.1:14625. Already tried 13 time(s); retry policy is RetryUpToMaximumCountWithFixedSleep(maxRetries=15, sleepTime=1000 MILLISECONDS)
2021-09-17 14:21:08,937 [EndpointStateMachine task thread for /127.0.0.1:14615 - 0 ] INFO  ipc.Client (Client.java:handleConnectionFailure(977)) - Retrying connect to server: localhost/127.0.0.1:14615. Already tried 13 time(s); retry policy is RetryUpToMaximumCountWithFixedSleep(maxRetries=15, sleepTime=1000 MILLISECONDS)
2021-09-17 14:21:08,991 [Listener at 0.0.0.0/13643] INFO  net.NodeSchemaLoader (NodeSchemaLoader.java:loadSchemaFromFile(129)) - Loading schema from [jar:file:/home/runner/.m2/repository/org/apache/ozone/hdds-common/1.2.0-SNAPSHOT/hdds-common-1.2.0-SNAPSHOT.jar!/network-topology-default.xml]
2021-09-17 14:21:08,991 [Listener at 0.0.0.0/13643] INFO  net.NodeSchemaLoader (NodeSchemaLoader.java:loadSchema(176)) - Loading network topology layer schema file
2021-09-17 14:21:09,009 [Listener at 0.0.0.0/13643] WARN  impl.MetricRegistriesImpl (MetricRegistriesImpl.java:addReporterRegistration(111)) - New reporters are added after registries were created. Some metrics will be missing from the reporter. Please add reporter before adding any new registry.
2021-09-17 14:21:09,009 [Listener at 0.0.0.0/13643] WARN  impl.MetricRegistriesImpl (MetricRegistriesImpl.java:addReporterRegistration(111)) - New reporters are added after registries were created. Some metrics will be missing from the reporter. Please add reporter before adding any new registry.
2021-09-17 14:21:09,010 [Listener at 0.0.0.0/13643] INFO  ha.SCMRatisServerImpl (SCMRatisServerImpl.java:<init>(87)) - starting Raft server for scm:b698c972-2c25-4917-bf85-656ee0b35a6d
2021-09-17 14:21:09,011 [Listener at 0.0.0.0/13643] INFO  server.RaftServer (ConfUtils.java:logGet(44)) - raft.rpc.type = GRPC (default)
2021-09-17 14:21:09,012 [Listener at 0.0.0.0/13643] INFO  grpc.GrpcFactory (GrpcFactory.java:checkPooledByteBufAllocatorUseCacheForAllThreads(48)) - PERFORMANCE WARNING: useCacheForAllThreads is true that may cause Netty to create a lot garbage objects and, as a result, trigger GC.
	It is recommended to disable useCacheForAllThreads by setting -Dorg.apache.ratis.thirdparty.io.netty.allocator.useCacheForAllThreads=false in command line.
2021-09-17 14:21:09,012 [Listener at 0.0.0.0/13643] INFO  grpc.GrpcConfigKeys (ConfUtils.java:logGet(44)) - raft.grpc.admin.port = -1 (default)
2021-09-17 14:21:09,012 [Listener at 0.0.0.0/13643] INFO  grpc.GrpcConfigKeys (ConfUtils.java:logGet(44)) - raft.grpc.server.port = 13650 (custom)
2021-09-17 14:21:09,020 [Listener at 0.0.0.0/13643] INFO  grpc.GrpcConfigKeys (ConfUtils.java:logGet(44)) - raft.grpc.client.port = -1 (default)
2021-09-17 14:21:09,020 [Listener at 0.0.0.0/13643] INFO  grpc.GrpcConfigKeys (ConfUtils.java:logGet(44)) - raft.grpc.server.port = 13650 (custom)
2021-09-17 14:21:09,020 [Listener at 0.0.0.0/13643] INFO  grpc.GrpcConfigKeys (ConfUtils.java:logGet(44)) - raft.grpc.server.port = 13650 (custom)
2021-09-17 14:21:09,020 [Listener at 0.0.0.0/13643] INFO  server.GrpcService (ConfUtils.java:logGet(44)) - raft.grpc.message.size.max = 32m (=33554432) (custom)
2021-09-17 14:21:09,021 [Listener at 0.0.0.0/13643] INFO  server.RaftServerConfigKeys (ConfUtils.java:logGet(44)) - raft.server.log.appender.buffer.byte-limit = 33554432 (custom)
2021-09-17 14:21:09,021 [Listener at 0.0.0.0/13643] INFO  server.GrpcService (ConfUtils.java:logGet(44)) - raft.grpc.flow.control.window = 1MB (=1048576) (default)
2021-09-17 14:21:09,021 [Listener at 0.0.0.0/13643] INFO  server.RaftServerConfigKeys (ConfUtils.java:logGet(44)) - raft.server.rpc.request.timeout = 30000ms (custom)
2021-09-17 14:21:09,023 [Listener at 0.0.0.0/13643] INFO  impl.DataStreamServerImpl (ConfUtils.java:logGet(44)) - raft.datastream.type = DISABLED (default)
2021-09-17 14:21:09,023 [Listener at 0.0.0.0/13643] INFO  server.RaftServerConfigKeys (ConfUtils.java:logGet(44)) - raft.server.rpc.slowness.timeout = 120000ms (custom)
2021-09-17 14:21:09,023 [Listener at 0.0.0.0/13643] INFO  server.RaftServerConfigKeys (ConfUtils.java:logGet(44)) - raft.server.leaderelection.leader.step-down.wait-time = 10s (default)
2021-09-17 14:21:09,023 [Listener at 0.0.0.0/13643] INFO  server.RaftServerConfigKeys (ConfUtils.java:logGet(44)) - raft.server.storage.dir = [/home/runner/work/ozone/ozone/hadoop-ozone/integration-test/target/test-dir/MiniOzoneClusterImpl-3d3fab62-48bb-41e0-9886-50eb3b9e447a/scmNode-2/scm-ha] (custom)
2021-09-17 14:21:09,024 [Listener at 0.0.0.0/13643] INFO  server.RaftServer (RaftServerProxy.java:addNew(95)) - b698c972-2c25-4917-bf85-656ee0b35a6d: addNew group-50EB3B9E447A:[] returns group-50EB3B9E447A:java.util.concurrent.CompletableFuture@35219634[Not completed]
2021-09-17 14:21:09,024 [pool-208-thread-1] INFO  server.RaftServer$Division (RaftServerImpl.java:<init>(181)) - b698c972-2c25-4917-bf85-656ee0b35a6d: new RaftServerImpl for group-50EB3B9E447A:[] with SCMStateMachine:uninitialized
2021-09-17 14:21:09,036 [pool-208-thread-1] INFO  server.RaftServerConfigKeys (ConfUtils.java:logGet(44)) - raft.server.rpc.timeout.min = 5000ms (custom)
2021-09-17 14:21:09,036 [pool-208-thread-1] INFO  server.RaftServerConfigKeys (ConfUtils.java:logGet(44)) - raft.server.rpc.timeout.max = 5200ms (custom)
2021-09-17 14:21:09,036 [pool-208-thread-1] INFO  server.RaftServerConfigKeys (ConfUtils.java:logGet(44)) - raft.server.rpc.sleep.time = 25ms (default)
2021-09-17 14:21:09,036 [pool-208-thread-1] INFO  server.RaftServerConfigKeys (ConfUtils.java:logGet(44)) - raft.server.rpc.slowness.timeout = 120000ms (custom)
2021-09-17 14:21:09,036 [pool-208-thread-1] INFO  server.RaftServerConfigKeys (ConfUtils.java:logGet(44)) - raft.server.leaderelection.leader.step-down.wait-time = 10s (default)
2021-09-17 14:21:09,036 [pool-208-thread-1] INFO  server.RaftServerConfigKeys (ConfUtils.java:logGet(44)) - raft.server.sleep.deviation.threshold = 300ms (default)
2021-09-17 14:21:09,036 [pool-208-thread-1] INFO  server.RaftServerConfigKeys (ConfUtils.java:logGet(44)) - raft.server.log.appender.install.snapshot.enabled = false (custom)
2021-09-17 14:21:09,036 [pool-208-thread-1] INFO  server.RaftServer$Division (ServerState.java:<init>(105)) - b698c972-2c25-4917-bf85-656ee0b35a6d@group-50EB3B9E447A: ConfigurationManager, init=-1: [], old=null, confs=<EMPTY_MAP>
2021-09-17 14:21:09,036 [pool-208-thread-1] INFO  server.RaftServerConfigKeys (ConfUtils.java:logGet(44)) - raft.server.storage.dir = [/home/runner/work/ozone/ozone/hadoop-ozone/integration-test/target/test-dir/MiniOzoneClusterImpl-3d3fab62-48bb-41e0-9886-50eb3b9e447a/scmNode-2/scm-ha] (custom)
2021-09-17 14:21:09,036 [pool-208-thread-1] INFO  server.RaftServerConfigKeys (ConfUtils.java:logGet(44)) - raft.server.log.corruption.policy = EXCEPTION (default)
2021-09-17 14:21:09,037 [pool-208-thread-1] INFO  server.RaftServerConfigKeys (ConfUtils.java:logGet(44)) - raft.server.storage.free-space.min = 0MB (=0) (default)
2021-09-17 14:21:09,037 [pool-208-thread-1] INFO  storage.RaftStorageDirectory (RaftStorageDirectoryImpl.java:analyzeStorage(135)) - The storage directory /home/runner/work/ozone/ozone/hadoop-ozone/integration-test/target/test-dir/MiniOzoneClusterImpl-3d3fab62-48bb-41e0-9886-50eb3b9e447a/scmNode-2/scm-ha/3d3fab62-48bb-41e0-9886-50eb3b9e447a does not exist. Creating ...
2021-09-17 14:21:09,038 [pool-208-thread-1] INFO  storage.RaftStorageDirectory (RaftStorageDirectoryImpl.java:tryLock(230)) - Lock on /home/runner/work/ozone/ozone/hadoop-ozone/integration-test/target/test-dir/MiniOzoneClusterImpl-3d3fab62-48bb-41e0-9886-50eb3b9e447a/scmNode-2/scm-ha/3d3fab62-48bb-41e0-9886-50eb3b9e447a/in_use.lock acquired by nodename 9576@fv-az116-264
2021-09-17 14:21:09,040 [pool-208-thread-1] INFO  storage.RaftStorage (RaftStorageImpl.java:format(89)) - Storage directory /home/runner/work/ozone/ozone/hadoop-ozone/integration-test/target/test-dir/MiniOzoneClusterImpl-3d3fab62-48bb-41e0-9886-50eb3b9e447a/scmNode-2/scm-ha/3d3fab62-48bb-41e0-9886-50eb3b9e447a has been successfully formatted.
2021-09-17 14:21:09,040 [pool-208-thread-1] INFO  server.RaftServerConfigKeys (ConfUtils.java:logGet(44)) - raft.server.notification.no-leader.timeout = 60s (default)
2021-09-17 14:21:09,040 [pool-208-thread-1] INFO  server.RaftServerConfigKeys (ConfUtils.java:logGet(44)) - raft.server.log.use.memory = false (default)
2021-09-17 14:21:09,040 [pool-208-thread-1] INFO  server.RaftServerConfigKeys (ConfUtils.java:logGet(44)) - raft.server.log.purge.gap = 5 (custom)
2021-09-17 14:21:09,040 [pool-208-thread-1] INFO  server.RaftServerConfigKeys (ConfUtils.java:logGet(44)) - raft.server.log.appender.buffer.byte-limit = 33554432 (custom)
2021-09-17 14:21:09,041 [pool-208-thread-1] INFO  server.RaftServerConfigKeys (ConfUtils.java:logGet(44)) - raft.server.log.segment.size.max = 16384 (custom)
2021-09-17 14:21:09,041 [pool-208-thread-1] INFO  server.RaftServerConfigKeys (ConfUtils.java:logGet(44)) - raft.server.log.segment.cache.num.max = 2 (custom)
2021-09-17 14:21:09,041 [pool-208-thread-1] INFO  server.RaftServerConfigKeys (ConfUtils.java:logGet(44)) - raft.server.log.segment.cache.size.max = 200MB (=209715200) (default)
2021-09-17 14:21:09,041 [pool-208-thread-1] INFO  segmented.SegmentedRaftLogWorker (SegmentedRaftLogWorker.java:<init>(182)) - new b698c972-2c25-4917-bf85-656ee0b35a6d@group-50EB3B9E447A-SegmentedRaftLogWorker for RaftStorageImpl:Storage Directory /home/runner/work/ozone/ozone/hadoop-ozone/integration-test/target/test-dir/MiniOzoneClusterImpl-3d3fab62-48bb-41e0-9886-50eb3b9e447a/scmNode-2/scm-ha/3d3fab62-48bb-41e0-9886-50eb3b9e447a
2021-09-17 14:21:09,041 [pool-208-thread-1] INFO  server.RaftServerConfigKeys (ConfUtils.java:logGet(44)) - raft.server.log.queue.byte-limit = 64MB (=67108864) (default)
2021-09-17 14:21:09,041 [pool-208-thread-1] INFO  server.RaftServerConfigKeys (ConfUtils.java:logGet(44)) - raft.server.log.queue.element-limit = 4096 (default)
2021-09-17 14:21:09,041 [pool-208-thread-1] INFO  server.RaftServerConfigKeys (ConfUtils.java:logGet(44)) - raft.server.log.segment.size.max = 16384 (custom)
2021-09-17 14:21:09,042 [pool-208-thread-1] INFO  server.RaftServerConfigKeys (ConfUtils.java:logGet(44)) - raft.server.log.preallocated.size = 16384 (custom)
2021-09-17 14:21:09,042 [pool-208-thread-1] INFO  server.RaftServerConfigKeys (ConfUtils.java:logGet(44)) - raft.server.log.force.sync.num = 128 (default)
2021-09-17 14:21:09,042 [pool-208-thread-1] INFO  server.RaftServerConfigKeys (ConfUtils.java:logGet(44)) - raft.server.log.statemachine.data.sync = true (default)
2021-09-17 14:21:09,042 [pool-208-thread-1] INFO  server.RaftServerConfigKeys (ConfUtils.java:logGet(44)) - raft.server.log.statemachine.data.sync.timeout = 10s (default)
2021-09-17 14:21:09,042 [pool-208-thread-1] INFO  server.RaftServerConfigKeys (ConfUtils.java:logGet(44)) - raft.server.log.statemachine.data.sync.timeout.retry = -1 (default)
2021-09-17 14:21:09,043 [pool-208-thread-1] INFO  server.RaftServerConfigKeys (ConfUtils.java:logGet(44)) - raft.server.log.write.buffer.size = 64KB (=65536) (default)
2021-09-17 14:21:09,043 [pool-208-thread-1] INFO  server.RaftServerConfigKeys (ConfUtils.java:logGet(44)) - raft.server.log.statemachine.data.caching.enabled = false (default)
2021-09-17 14:21:09,043 [pool-208-thread-1] INFO  segmented.SegmentedRaftLogWorker (SegmentedRaftLogWorker.java:lambda$new$0(133)) - b698c972-2c25-4917-bf85-656ee0b35a6d@group-50EB3B9E447A-SegmentedRaftLogWorker: flushIndex: setUnconditionally 0 -> -1
2021-09-17 14:21:09,043 [pool-208-thread-1] INFO  segmented.SegmentedRaftLogWorker (SegmentedRaftLogWorker.java:lambda$new$0(133)) - b698c972-2c25-4917-bf85-656ee0b35a6d@group-50EB3B9E447A-SegmentedRaftLogWorker: safeCacheEvictIndex: setUnconditionally 0 -> -1
2021-09-17 14:21:09,052 [pool-208-thread-1] INFO  server.RaftServerConfigKeys (ConfUtils.java:logGet(44)) - raft.server.snapshot.auto.trigger.enabled = true (custom)
2021-09-17 14:21:09,052 [pool-208-thread-1] INFO  server.RaftServerConfigKeys (ConfUtils.java:logGet(44)) - raft.server.snapshot.auto.trigger.threshold = 5 (custom)
2021-09-17 14:21:09,052 [pool-208-thread-1] INFO  server.RaftServerConfigKeys (ConfUtils.java:logGet(44)) - raft.server.snapshot.retention.file.num = -1 (default)
2021-09-17 14:21:09,052 [pool-208-thread-1] INFO  server.RaftServerConfigKeys (ConfUtils.java:logGet(44)) - raft.server.log.purge.upto.snapshot.index = true (custom)
2021-09-17 14:21:09,052 [pool-208-thread-1] INFO  server.RaftServerConfigKeys (ConfUtils.java:logGet(44)) - raft.server.retrycache.expirytime = 60000ms (default)
2021-09-17 14:21:09,052 [pool-208-thread-1] INFO  server.RaftServerConfigKeys (ConfUtils.java:logGet(44)) - raft.server.retrycache.statistics.expirytime = 100μs (default)
2021-09-17 14:21:09,056 [Listener at 0.0.0.0/13643] INFO  ha.SCMSnapshotProvider (SCMSnapshotProvider.java:<init>(66)) - Initializing SCM Snapshot Provider
2021-09-17 14:21:09,057 [Listener at 0.0.0.0/13643] WARN  server.ServerUtils (ServerUtils.java:getDefaultRatisDirectory(237)) - Storage directory for Ratis is not configured. It is a good idea to map this to an SSD disk. Falling back to ozone.metadata.dirs
2021-09-17 14:21:09,057 [Listener at 0.0.0.0/13643] WARN  ha.SCMHAUtils (SCMHAUtils.java:getSCMRatisSnapshotDirectory(146)) - SCM snapshot dir is not configured. Falling back to ozone.metadata.dirs config
2021-09-17 14:21:09,058 [Listener at 0.0.0.0/13643] INFO  ha.SequenceIdGenerator (SequenceIdGenerator.java:upgradeToSequenceId(327)) - upgrade localId to 107544261427200000
2021-09-17 14:21:09,058 [Listener at 0.0.0.0/13643] INFO  ha.SequenceIdGenerator (SequenceIdGenerator.java:upgradeToSequenceId(337)) - upgrade delTxnId to 0
2021-09-17 14:21:09,058 [Listener at 0.0.0.0/13643] INFO  ha.SequenceIdGenerator (SequenceIdGenerator.java:upgradeToSequenceId(351)) - upgrade containerId to 0
2021-09-17 14:21:09,059 [Listener at 0.0.0.0/13643] INFO  ha.SequenceIdGenerator (SequenceIdGenerator.java:<init>(217)) - Init the HA SequenceIdGenerator.
2021-09-17 14:21:09,059 [Listener at 0.0.0.0/13643] WARN  server.ServerUtils (ServerUtils.java:sanitizeUserArgs(73)) - ozone.scm.stale.node.interval value = 300000 is larger than max = 100000 based on the key value of ozone.scm.heartbeat.thread.interval, reset to the max value 100000.
2021-09-17 14:21:09,059 [Listener at 0.0.0.0/13643] WARN  server.ServerUtils (ServerUtils.java:sanitizeUserArgs(73)) - ozone.scm.stale.node.interval value = 300000 is larger than max = 100000 based on the key value of ozone.scm.heartbeat.thread.interval, reset to the max value 100000.
2021-09-17 14:21:09,065 [Listener at 0.0.0.0/13643] INFO  node.SCMNodeManager (SCMNodeManager.java:<init>(144)) - Entering startup safe mode.
2021-09-17 14:21:09,066 [Listener at 0.0.0.0/13643] INFO  algorithms.ContainerPlacementPolicyFactory (ContainerPlacementPolicyFactory.java:getPolicy(60)) - Create container placement policy of type org.apache.hadoop.hdds.scm.container.placement.algorithms.SCMContainerPlacementRandom
2021-09-17 14:21:09,066 [Listener at 0.0.0.0/13643] INFO  pipeline.PipelineStateManager (PipelineStateManagerV2Impl.java:initialize(78)) - No pipeline exists in current db
2021-09-17 14:21:09,066 [Listener at 0.0.0.0/13643] INFO  algorithms.LeaderChoosePolicyFactory (LeaderChoosePolicyFactory.java:getPolicy(57)) - Create leader choose policy of type org.apache.hadoop.hdds.scm.pipeline.leader.choose.algorithms.MinLeaderCountChoosePolicy
2021-09-17 14:21:09,066 [Listener at 0.0.0.0/13643] INFO  ha.SCMServiceManager (SCMServiceManager.java:register(43)) - Registering service BackgroundPipelineCreator.
2021-09-17 14:21:09,066 [Listener at 0.0.0.0/13643] INFO  pipeline.BackgroundPipelineCreator (BackgroundPipelineCreatorV2.java:start(130)) - Starting RatisPipelineUtilsThread.
2021-09-17 14:21:09,076 [Listener at 0.0.0.0/13643] INFO  algorithms.PipelineChoosePolicyFactory (PipelineChoosePolicyFactory.java:createPipelineChoosePolicyFromClass(73)) - Create pipeline choose policy of type org.apache.hadoop.hdds.scm.pipeline.choose.algorithms.RandomPipelineChoosePolicy
2021-09-17 14:21:09,077 [Listener at 0.0.0.0/13643] INFO  ha.SCMServiceManager (SCMServiceManager.java:register(43)) - Registering service SCMBlockDeletingService.
2021-09-17 14:21:09,078 [Listener at 0.0.0.0/13643] INFO  ha.SCMServiceManager (SCMServiceManager.java:register(43)) - Registering service ReplicationManager.
2021-09-17 14:21:09,079 [Listener at 0.0.0.0/13643] INFO  container.ReplicationManager (ReplicationManager.java:start(319)) - Starting Replication Monitor Thread.
2021-09-17 14:21:09,083 [Listener at 0.0.0.0/13643] INFO  safemode.ContainerSafeModeRule (ContainerSafeModeRule.java:<init>(89)) - containers with one replica threshold count 0
2021-09-17 14:21:09,084 [Listener at 0.0.0.0/13643] INFO  safemode.HealthyPipelineSafeModeRule (HealthyPipelineSafeModeRule.java:initializeRule(156)) - Total pipeline count is 0, healthy pipeline threshold count is 1
2021-09-17 14:21:09,084 [Listener at 0.0.0.0/13643] INFO  safemode.OneReplicaPipelineSafeModeRule (OneReplicaPipelineSafeModeRule.java:initializeRule(180)) - Total pipeline count is 0, pipeline's with at least one datanode reported threshold count is 0
2021-09-17 14:21:09,093 [Listener at 0.0.0.0/13643] INFO  ipc.CallQueueManager (CallQueueManager.java:<init>(90)) - Using callQueue: class java.util.concurrent.LinkedBlockingQueue, queueCapacity: 2000, scheduler: class org.apache.hadoop.ipc.DefaultRpcScheduler, ipcBackoff: false.
2021-09-17 14:21:09,100 [Socket Reader #1 for port 13651] INFO  ipc.Server (Server.java:run(1265)) - Starting Socket Reader #1 for port 13651
2021-09-17 14:21:09,105 [Listener at 0.0.0.0/13651] INFO  ipc.CallQueueManager (CallQueueManager.java:<init>(90)) - Using callQueue: class java.util.concurrent.LinkedBlockingQueue, queueCapacity: 2000, scheduler: class org.apache.hadoop.ipc.DefaultRpcScheduler, ipcBackoff: false.
2021-09-17 14:21:09,128 [Socket Reader #1 for port 13652] INFO  ipc.Server (Server.java:run(1265)) - Starting Socket Reader #1 for port 13652
2021-09-17 14:21:09,145 [Listener at 0.0.0.0/13652] INFO  ipc.CallQueueManager (CallQueueManager.java:<init>(90)) - Using callQueue: class java.util.concurrent.LinkedBlockingQueue, queueCapacity: 2000, scheduler: class org.apache.hadoop.ipc.DefaultRpcScheduler, ipcBackoff: false.
2021-09-17 14:21:09,152 [Socket Reader #1 for port 13653] INFO  ipc.Server (Server.java:run(1265)) - Starting Socket Reader #1 for port 13653
2021-09-17 14:21:09,204 [ReplicationMonitor] INFO  container.ReplicationManager (ReplicationManager.java:processAll(371)) - Replication Monitor Thread took 1 milliseconds for processing 0 containers.
2021-09-17 14:21:09,242 [Listener at 0.0.0.0/13653] INFO  algorithms.ContainerPlacementPolicyFactory (ContainerPlacementPolicyFactory.java:getPolicy(60)) - Create container placement policy of type org.apache.hadoop.hdds.scm.container.placement.algorithms.SCMContainerPlacementRandom
2021-09-17 14:21:09,242 [Listener at 0.0.0.0/13653] INFO  server.StorageContainerManager (StorageContainerManager.java:<init>(387)) - 
Container Balancer status:
Key                            Value
Running                        false
Container Balancer Configuration values:
Key                                                Value
Threshold                                          0.1
Max Datanodes to Involve per Iteration(ratio)      0.5
Max Size to Move per Iteration                     10737418240B

2021-09-17 14:21:09,242 [Listener at 0.0.0.0/13653] WARN  events.EventQueue (EventQueue.java:fireEvent(194)) - No event handler registered for event TypedEvent{payloadType=SafeModeStatus, name='Safe mode status'}
2021-09-17 14:21:09,242 [Listener at 0.0.0.0/13653] INFO  ha.SCMContext (SCMContext.java:updateSafeModeStatus(205)) - Update SafeModeStatus from SafeModeStatus{safeModeStatus=true, preCheckPassed=false} to SafeModeStatus{safeModeStatus=true, preCheckPassed=false}.
2021-09-17 14:21:09,243 [Listener at 0.0.0.0/13653] INFO  server.StorageContainerManager (StorageContainerManager.java:start(1279)) - StorageContainerLocationProtocol RPC server is listening at /0.0.0.0:13653
2021-09-17 14:21:09,243 [Listener at 0.0.0.0/13653] INFO  ha.SCMRatisServerImpl (SCMRatisServerImpl.java:start(177)) - starting ratis server 0.0.0.0:13650
2021-09-17 14:21:09,243 [Listener at 0.0.0.0/13653] INFO  server.RaftServer$Division (RaftServerImpl.java:start(299)) - b698c972-2c25-4917-bf85-656ee0b35a6d@group-50EB3B9E447A: start with initializing state, conf=-1: [], old=null
2021-09-17 14:21:09,244 [Listener at 0.0.0.0/13653] INFO  server.RaftServer$Division (RaftServerImpl.java:setRole(285)) - b698c972-2c25-4917-bf85-656ee0b35a6d@group-50EB3B9E447A: changes role from      null to FOLLOWER at term 0 for startInitializing
2021-09-17 14:21:09,244 [Listener at 0.0.0.0/13653] INFO  util.JmxRegister (JmxRegister.java:tryRegister(44)) - Successfully registered JMX Bean with object name Ratis:service=RaftServer,group=group-50EB3B9E447A,id=b698c972-2c25-4917-bf85-656ee0b35a6d
2021-09-17 14:21:09,256 [Listener at 0.0.0.0/13653] INFO  server.RaftServer (RaftServerProxy.java:lambda$start$5(374)) - b698c972-2c25-4917-bf85-656ee0b35a6d: start RPC server
2021-09-17 14:21:09,264 [Listener at 0.0.0.0/13653] INFO  server.GrpcService (GrpcService.java:startImpl(253)) - b698c972-2c25-4917-bf85-656ee0b35a6d: GrpcService started, listening on 13650
2021-09-17 14:21:09,265 [Listener at 0.0.0.0/13653] INFO  ha.SCMNodeInfo (SCMNodeInfo.java:getPort(197)) - ConfigKey ozone.scm.client.address is deprecated, For configuring different ports for each SCM use PortConfigKey ozone.scm.client.port appended with serviceId and nodeId
2021-09-17 14:21:09,266 [Listener at 0.0.0.0/13653] INFO  ha.SCMNodeInfo (SCMNodeInfo.java:getPort(197)) - ConfigKey ozone.scm.block.client.address is deprecated, For configuring different ports for each SCM use PortConfigKey ozone.scm.block.client.port appended with serviceId and nodeId
2021-09-17 14:21:09,266 [Listener at 0.0.0.0/13653] INFO  ha.SCMNodeInfo (SCMNodeInfo.java:getPort(197)) - ConfigKey ozone.scm.datanode.address is deprecated, For configuring different ports for each SCM use PortConfigKey ozone.scm.datanode.port appended with serviceId and nodeId
2021-09-17 14:21:09,266 [Listener at 0.0.0.0/13653] INFO  ha.SCMNodeInfo (SCMNodeInfo.java:getPort(197)) - ConfigKey ozone.scm.client.address is deprecated, For configuring different ports for each SCM use PortConfigKey ozone.scm.client.port appended with serviceId and nodeId
2021-09-17 14:21:09,266 [Listener at 0.0.0.0/13653] INFO  ha.SCMNodeInfo (SCMNodeInfo.java:getPort(197)) - ConfigKey ozone.scm.block.client.address is deprecated, For configuring different ports for each SCM use PortConfigKey ozone.scm.block.client.port appended with serviceId and nodeId
2021-09-17 14:21:09,266 [Listener at 0.0.0.0/13653] INFO  ha.SCMNodeInfo (SCMNodeInfo.java:getPort(197)) - ConfigKey ozone.scm.datanode.address is deprecated, For configuring different ports for each SCM use PortConfigKey ozone.scm.datanode.port appended with serviceId and nodeId
2021-09-17 14:21:09,266 [Listener at 0.0.0.0/13653] INFO  ha.SCMNodeInfo (SCMNodeInfo.java:getPort(197)) - ConfigKey ozone.scm.client.address is deprecated, For configuring different ports for each SCM use PortConfigKey ozone.scm.client.port appended with serviceId and nodeId
2021-09-17 14:21:09,266 [Listener at 0.0.0.0/13653] INFO  ha.SCMNodeInfo (SCMNodeInfo.java:getPort(197)) - ConfigKey ozone.scm.block.client.address is deprecated, For configuring different ports for each SCM use PortConfigKey ozone.scm.block.client.port appended with serviceId and nodeId
2021-09-17 14:21:09,266 [Listener at 0.0.0.0/13653] INFO  ha.SCMNodeInfo (SCMNodeInfo.java:getPort(197)) - ConfigKey ozone.scm.datanode.address is deprecated, For configuring different ports for each SCM use PortConfigKey ozone.scm.datanode.port appended with serviceId and nodeId
2021-09-17 14:21:09,268 [org.apache.ratis.util.JvmPauseMonitor$$Lambda$499/723602324@630d4b50] INFO  util.JvmPauseMonitor (JvmPauseMonitor.java:run(103)) - JvmPauseMonitor-b698c972-2c25-4917-bf85-656ee0b35a6d: Started
2021-09-17 14:21:09,316 [IPC Server handler 3 on default port 13642] INFO  ha.SCMRatisServerImpl (SCMRatisServerImpl.java:addSCM(291)) - 62c51671-a275-468c-9a91-cfb1a6740248: Submitting SetConfiguration request to Ratis server with new SCM peers list: [62c51671-a275-468c-9a91-cfb1a6740248|rpc:localhost:13640|admin:|client:|dataStream:|priority:0, b698c972-2c25-4917-bf85-656ee0b35a6d|rpc:localhost:13650|priority:0]
2021-09-17 14:21:09,316 [IPC Server handler 3 on default port 13642] INFO  server.RaftServer$Division (RaftServerImpl.java:setConfigurationAsync(971)) - 62c51671-a275-468c-9a91-cfb1a6740248@group-50EB3B9E447A: receive setConfiguration SetConfigurationRequest:client-5C8D7B3DDF80->62c51671-a275-468c-9a91-cfb1a6740248@group-50EB3B9E447A, cid=0, seq=0, RW, null, peers:[62c51671-a275-468c-9a91-cfb1a6740248|rpc:localhost:13640|admin:|client:|dataStream:|priority:0, b698c972-2c25-4917-bf85-656ee0b35a6d|rpc:localhost:13650|priority:0]
2021-09-17 14:21:09,316 [IPC Server handler 3 on default port 13642] INFO  server.RaftServer$Division (LeaderStateImpl.java:startSetConfiguration(345)) - 62c51671-a275-468c-9a91-cfb1a6740248@group-50EB3B9E447A-LeaderStateImpl: startSetConfiguration SetConfigurationRequest:client-5C8D7B3DDF80->62c51671-a275-468c-9a91-cfb1a6740248@group-50EB3B9E447A, cid=0, seq=0, RW, null, peers:[62c51671-a275-468c-9a91-cfb1a6740248|rpc:localhost:13640|admin:|client:|dataStream:|priority:0, b698c972-2c25-4917-bf85-656ee0b35a6d|rpc:localhost:13650|priority:0]
2021-09-17 14:21:09,316 [IPC Server handler 3 on default port 13642] INFO  server.RaftServerConfigKeys (ConfUtils.java:logGet(44)) - raft.server.log.appender.snapshot.chunk.size.max = 16MB (=16777216) (default)
2021-09-17 14:21:09,317 [IPC Server handler 3 on default port 13642] INFO  server.RaftServerConfigKeys (ConfUtils.java:logGet(44)) - raft.server.log.appender.buffer.byte-limit = 33554432 (custom)
2021-09-17 14:21:09,317 [IPC Server handler 3 on default port 13642] INFO  server.RaftServerConfigKeys (ConfUtils.java:logGet(44)) - raft.server.log.appender.buffer.element-limit = 1024 (custom)
2021-09-17 14:21:09,317 [IPC Server handler 3 on default port 13642] INFO  grpc.GrpcConfigKeys (ConfUtils.java:logGet(44)) - raft.grpc.server.leader.outstanding.appends.max = 128 (default)
2021-09-17 14:21:09,317 [IPC Server handler 3 on default port 13642] INFO  server.RaftServerConfigKeys (ConfUtils.java:logGet(44)) - raft.server.rpc.request.timeout = 30000ms (custom)
2021-09-17 14:21:09,317 [IPC Server handler 3 on default port 13642] INFO  server.RaftServerConfigKeys (ConfUtils.java:logGet(44)) - raft.server.log.appender.install.snapshot.enabled = false (custom)
2021-09-17 14:21:09,415 [grpc-default-executor-1] INFO  ha.SCMStateMachine (SCMStateMachine.java:notifyLeaderChanged(248)) - leader changed, yet current SCM is still follower.
2021-09-17 14:21:09,415 [grpc-default-executor-1] INFO  server.RaftServer$Division (ServerState.java:setLeader(285)) - b698c972-2c25-4917-bf85-656ee0b35a6d@group-50EB3B9E447A: change Leader from null to 62c51671-a275-468c-9a91-cfb1a6740248 at term 2 for appendEntries, leader elected after 374ms
2021-09-17 14:21:09,415 [grpc-default-executor-1] INFO  impl.RoleInfo (RoleInfo.java:updateAndGet(130)) - b698c972-2c25-4917-bf85-656ee0b35a6d: start b698c972-2c25-4917-bf85-656ee0b35a6d@group-50EB3B9E447A-FollowerState
2021-09-17 14:21:09,434 [grpc-default-executor-1] INFO  server.RaftServer$Division (ServerState.java:setRaftConf(387)) - b698c972-2c25-4917-bf85-656ee0b35a6d@group-50EB3B9E447A: set configuration 0: [62c51671-a275-468c-9a91-cfb1a6740248|rpc:localhost:13640|admin:|client:|dataStream:|priority:0], old=null
2021-09-17 14:21:09,434 [grpc-default-executor-1] INFO  server.RaftServer$Division (ServerState.java:setRaftConf(387)) - b698c972-2c25-4917-bf85-656ee0b35a6d@group-50EB3B9E447A: set configuration 1: [62c51671-a275-468c-9a91-cfb1a6740248|rpc:localhost:13640|admin:|client:|dataStream:|priority:0], old=null
2021-09-17 14:21:09,435 [grpc-default-executor-1] INFO  segmented.SegmentedRaftLogWorker (SegmentedRaftLogWorker.java:startLogSegment(394)) - b698c972-2c25-4917-bf85-656ee0b35a6d@group-50EB3B9E447A-SegmentedRaftLogWorker: Starting segment from index:0
2021-09-17 14:21:09,435 [grpc-default-executor-1] INFO  segmented.SegmentedRaftLogWorker (SegmentedRaftLogWorker.java:rollLogSegment(399)) - b698c972-2c25-4917-bf85-656ee0b35a6d@group-50EB3B9E447A-SegmentedRaftLogWorker: Rolling segment log-0_0 to index:0
2021-09-17 14:21:09,440 [b698c972-2c25-4917-bf85-656ee0b35a6d@group-50EB3B9E447A-SegmentedRaftLogWorker] INFO  segmented.SegmentedRaftLogWorker (SegmentedRaftLogWorker.java:execute(601)) - b698c972-2c25-4917-bf85-656ee0b35a6d@group-50EB3B9E447A-SegmentedRaftLogWorker: created new log segment /home/runner/work/ozone/ozone/hadoop-ozone/integration-test/target/test-dir/MiniOzoneClusterImpl-3d3fab62-48bb-41e0-9886-50eb3b9e447a/scmNode-2/scm-ha/3d3fab62-48bb-41e0-9886-50eb3b9e447a/current/log_inprogress_0
2021-09-17 14:21:09,442 [b698c972-2c25-4917-bf85-656ee0b35a6d@group-50EB3B9E447A-SegmentedRaftLogWorker] INFO  segmented.SegmentedRaftLogWorker (SegmentedRaftLogWorker.java:execute(558)) - b698c972-2c25-4917-bf85-656ee0b35a6d@group-50EB3B9E447A-SegmentedRaftLogWorker: Rolled log segment from /home/runner/work/ozone/ozone/hadoop-ozone/integration-test/target/test-dir/MiniOzoneClusterImpl-3d3fab62-48bb-41e0-9886-50eb3b9e447a/scmNode-2/scm-ha/3d3fab62-48bb-41e0-9886-50eb3b9e447a/current/log_inprogress_0 to /home/runner/work/ozone/ozone/hadoop-ozone/integration-test/target/test-dir/MiniOzoneClusterImpl-3d3fab62-48bb-41e0-9886-50eb3b9e447a/scmNode-2/scm-ha/3d3fab62-48bb-41e0-9886-50eb3b9e447a/current/log_0-0
2021-09-17 14:21:09,445 [b698c972-2c25-4917-bf85-656ee0b35a6d@group-50EB3B9E447A-SegmentedRaftLogWorker] INFO  segmented.SegmentedRaftLogWorker (SegmentedRaftLogWorker.java:execute(601)) - b698c972-2c25-4917-bf85-656ee0b35a6d@group-50EB3B9E447A-SegmentedRaftLogWorker: created new log segment /home/runner/work/ozone/ozone/hadoop-ozone/integration-test/target/test-dir/MiniOzoneClusterImpl-3d3fab62-48bb-41e0-9886-50eb3b9e447a/scmNode-2/scm-ha/3d3fab62-48bb-41e0-9886-50eb3b9e447a/current/log_inprogress_1
2021-09-17 14:21:09,459 [b698c972-2c25-4917-bf85-656ee0b35a6d@group-50EB3B9E447A-StateMachineUpdater] INFO  safemode.HealthyPipelineSafeModeRule (HealthyPipelineSafeModeRule.java:initializeRule(152)) - Refreshed total pipeline count is 0, healthy pipeline threshold count is 1
2021-09-17 14:21:09,460 [b698c972-2c25-4917-bf85-656ee0b35a6d@group-50EB3B9E447A-StateMachineUpdater] INFO  safemode.ContainerSafeModeRule (ContainerSafeModeRule.java:reInitializeRule(177)) - Refreshed one replica container threshold 0, currentThreshold 0
2021-09-17 14:21:09,460 [b698c972-2c25-4917-bf85-656ee0b35a6d@group-50EB3B9E447A-StateMachineUpdater] INFO  safemode.OneReplicaPipelineSafeModeRule (OneReplicaPipelineSafeModeRule.java:initializeRule(176)) - Refreshed Total pipeline count is 0, pipeline's with at least one datanode reported threshold count is 0
2021-09-17 14:21:09,460 [b698c972-2c25-4917-bf85-656ee0b35a6d@group-50EB3B9E447A-StateMachineUpdater] INFO  server.SCMDatanodeProtocolServer (SCMDatanodeProtocolServer.java:start(181)) - RPC server for DataNodes is listening at /0.0.0.0:13651
2021-09-17 14:21:09,470 [IPC Server listener on 13651] INFO  ipc.Server (Server.java:run(1344)) - IPC Server listener on 13651: starting
2021-09-17 14:21:09,478 [62c51671-a275-468c-9a91-cfb1a6740248@group-50EB3B9E447A-LeaderStateImpl] INFO  server.RaftServer$Division (ServerState.java:setRaftConf(387)) - 62c51671-a275-468c-9a91-cfb1a6740248@group-50EB3B9E447A: set configuration 3: [b698c972-2c25-4917-bf85-656ee0b35a6d|rpc:localhost:13650|priority:0, 62c51671-a275-468c-9a91-cfb1a6740248|rpc:localhost:13640|admin:|client:|dataStream:|priority:0], old=[62c51671-a275-468c-9a91-cfb1a6740248|rpc:localhost:13640|admin:|client:|dataStream:|priority:0]
2021-09-17 14:21:09,479 [grpc-default-executor-1] INFO  server.RaftServer$Division (ServerState.java:setRaftConf(387)) - b698c972-2c25-4917-bf85-656ee0b35a6d@group-50EB3B9E447A: set configuration 3: [b698c972-2c25-4917-bf85-656ee0b35a6d|rpc:localhost:13650|admin:|client:|dataStream:|priority:0, 62c51671-a275-468c-9a91-cfb1a6740248|rpc:localhost:13640|admin:|client:|dataStream:|priority:0], old=[62c51671-a275-468c-9a91-cfb1a6740248|rpc:localhost:13640|admin:|client:|dataStream:|priority:0]
2021-09-17 14:21:09,487 [IPC Server Responder] INFO  ipc.Server (Server.java:run(1507)) - IPC Server Responder: starting
2021-09-17 14:21:09,493 [62c51671-a275-468c-9a91-cfb1a6740248@group-50EB3B9E447A-LeaderStateImpl] INFO  server.RaftServer$Division (ServerState.java:setRaftConf(387)) - 62c51671-a275-468c-9a91-cfb1a6740248@group-50EB3B9E447A: set configuration 5: [b698c972-2c25-4917-bf85-656ee0b35a6d|rpc:localhost:13650|priority:0, 62c51671-a275-468c-9a91-cfb1a6740248|rpc:localhost:13640|admin:|client:|dataStream:|priority:0], old=null
2021-09-17 14:21:09,494 [grpc-default-executor-1] INFO  server.RaftServer$Division (ServerState.java:setRaftConf(387)) - b698c972-2c25-4917-bf85-656ee0b35a6d@group-50EB3B9E447A: set configuration 5: [b698c972-2c25-4917-bf85-656ee0b35a6d|rpc:localhost:13650|admin:|client:|dataStream:|priority:0, 62c51671-a275-468c-9a91-cfb1a6740248|rpc:localhost:13640|admin:|client:|dataStream:|priority:0], old=null
2021-09-17 14:21:09,528 [EndpointStateMachine task thread for /127.0.0.1:14605 - 0 ] INFO  ipc.Client (Client.java:handleConnectionFailure(977)) - Retrying connect to server: localhost/127.0.0.1:14605. Already tried 0 time(s); retry policy is RetryUpToMaximumCountWithFixedSleep(maxRetries=15, sleepTime=1000 MILLISECONDS)
2021-09-17 14:21:09,623 [IPC Server handler 3 on default port 13642] INFO  ha.SCMRatisServerImpl (SCMRatisServerImpl.java:addSCM(302)) - Successfully added new SCM: b698c972-2c25-4917-bf85-656ee0b35a6d.
2021-09-17 14:21:09,624 [Listener at 0.0.0.0/13653] INFO  ha.SCMHAManagerImpl (SCMHAManagerImpl.java:start(116)) - Successfully added SCM scmNode-2 to group group-50EB3B9E447A:[b698c972-2c25-4917-bf85-656ee0b35a6d|rpc:localhost:13650|admin:|client:|dataStream:|priority:0, 62c51671-a275-468c-9a91-cfb1a6740248|rpc:localhost:13640|admin:|client:|dataStream:|priority:0]
2021-09-17 14:21:09,624 [Listener at 0.0.0.0/13653] INFO  ha.InterSCMGrpcService (InterSCMGrpcProtocolService.java:start(94)) - Starting SCM Grpc Service at port 13654
2021-09-17 14:21:09,623 [62c51671-a275-468c-9a91-cfb1a6740248@group-50EB3B9E447A-StateMachineUpdater] INFO  ha.SCMStateMachine (SCMStateMachine.java:takeSnapshot(290)) - Current Snapshot Index 5, takeSnapshot took 0 ms
2021-09-17 14:21:09,625 [62c51671-a275-468c-9a91-cfb1a6740248@group-50EB3B9E447A-StateMachineUpdater] INFO  impl.StateMachineUpdater (StateMachineUpdater.java:takeSnapshot(281)) - 62c51671-a275-468c-9a91-cfb1a6740248@group-50EB3B9E447A-StateMachineUpdater: Took a snapshot at index 5
2021-09-17 14:21:09,625 [62c51671-a275-468c-9a91-cfb1a6740248@group-50EB3B9E447A-StateMachineUpdater] INFO  impl.StateMachineUpdater (StateMachineUpdater.java:lambda$new$0(89)) - 62c51671-a275-468c-9a91-cfb1a6740248@group-50EB3B9E447A-StateMachineUpdater: snapshotIndex: updateIncreasingly -1 -> 5
2021-09-17 14:21:09,625 [62c51671-a275-468c-9a91-cfb1a6740248@group-50EB3B9E447A-StateMachineUpdater] INFO  raftlog.RaftLog (RaftLogBase.java:purge(306)) - 62c51671-a275-468c-9a91-cfb1a6740248@group-50EB3B9E447A-SegmentedRaftLog: purge 5
2021-09-17 14:21:09,625 [62c51671-a275-468c-9a91-cfb1a6740248@group-50EB3B9E447A-StateMachineUpdater] INFO  raftlog.RaftLog (RaftLogBase.java:lambda$new$0(53)) - 62c51671-a275-468c-9a91-cfb1a6740248@group-50EB3B9E447A-SegmentedRaftLog: snapshotIndex: updateIncreasingly -1 -> 5
2021-09-17 14:21:09,628 [Listener at 0.0.0.0/13653] INFO  impl.MetricsSystemImpl (MetricsSystemImpl.java:init(158)) - StorageContainerManager metrics system started (again)
2021-09-17 14:21:09,632 [62c51671-a275-468c-9a91-cfb1a6740248@group-50EB3B9E447A-SegmentedRaftLogWorker] INFO  raftlog.RaftLog (RaftLogBase.java:lambda$new$0(53)) - 62c51671-a275-468c-9a91-cfb1a6740248@group-50EB3B9E447A-SegmentedRaftLog: purgeIndex: updateToMax old=-1, new=0, updated? true
2021-09-17 14:21:09,645 [b698c972-2c25-4917-bf85-656ee0b35a6d@group-50EB3B9E447A-StateMachineUpdater] INFO  ha.SCMStateMachine (SCMStateMachine.java:takeSnapshot(290)) - Current Snapshot Index 5, takeSnapshot took 0 ms
2021-09-17 14:21:09,645 [b698c972-2c25-4917-bf85-656ee0b35a6d@group-50EB3B9E447A-StateMachineUpdater] INFO  impl.StateMachineUpdater (StateMachineUpdater.java:takeSnapshot(281)) - b698c972-2c25-4917-bf85-656ee0b35a6d@group-50EB3B9E447A-StateMachineUpdater: Took a snapshot at index 5
2021-09-17 14:21:09,645 [b698c972-2c25-4917-bf85-656ee0b35a6d@group-50EB3B9E447A-StateMachineUpdater] INFO  impl.StateMachineUpdater (StateMachineUpdater.java:lambda$new$0(89)) - b698c972-2c25-4917-bf85-656ee0b35a6d@group-50EB3B9E447A-StateMachineUpdater: snapshotIndex: updateIncreasingly -1 -> 5
2021-09-17 14:21:09,645 [b698c972-2c25-4917-bf85-656ee0b35a6d@group-50EB3B9E447A-StateMachineUpdater] INFO  raftlog.RaftLog (RaftLogBase.java:purge(306)) - b698c972-2c25-4917-bf85-656ee0b35a6d@group-50EB3B9E447A-SegmentedRaftLog: purge 5
2021-09-17 14:21:09,645 [b698c972-2c25-4917-bf85-656ee0b35a6d@group-50EB3B9E447A-StateMachineUpdater] INFO  raftlog.RaftLog (RaftLogBase.java:lambda$new$0(53)) - b698c972-2c25-4917-bf85-656ee0b35a6d@group-50EB3B9E447A-SegmentedRaftLog: snapshotIndex: updateIncreasingly -1 -> 5
2021-09-17 14:21:09,645 [b698c972-2c25-4917-bf85-656ee0b35a6d@group-50EB3B9E447A-SegmentedRaftLogWorker] INFO  raftlog.RaftLog (RaftLogBase.java:lambda$new$0(53)) - b698c972-2c25-4917-bf85-656ee0b35a6d@group-50EB3B9E447A-SegmentedRaftLog: purgeIndex: updateToMax old=-1, new=0, updated? true
2021-09-17 14:21:09,667 [Listener at 0.0.0.0/13653] INFO  server.SCMClientProtocolServer (SCMClientProtocolServer.java:start(164)) - RPC server for Client  is listening at /0.0.0.0:13653
2021-09-17 14:21:09,672 [IPC Server Responder] INFO  ipc.Server (Server.java:run(1507)) - IPC Server Responder: starting
2021-09-17 14:21:09,686 [Listener at 0.0.0.0/13653] INFO  server.StorageContainerManager (StorageContainerManager.java:start(1294)) - ScmBlockLocationProtocol RPC server is listening at /0.0.0.0:13652
2021-09-17 14:21:09,687 [Listener at 0.0.0.0/13653] INFO  server.SCMBlockProtocolServer (SCMBlockProtocolServer.java:start(151)) - RPC server for Block Protocol is listening at /0.0.0.0:13652
2021-09-17 14:21:09,696 [IPC Server Responder] INFO  ipc.Server (Server.java:run(1507)) - IPC Server Responder: starting
2021-09-17 14:21:09,704 [IPC Server listener on 13652] INFO  ipc.Server (Server.java:run(1344)) - IPC Server listener on 13652: starting
2021-09-17 14:21:09,836 [Listener at 0.0.0.0/13653] INFO  server.StorageContainerManager (StorageContainerManager.java:start(1300)) - ScmDatanodeProtocl RPC server is listening at /0.0.0.0:13651
2021-09-17 14:21:09,860 [IPC Server listener on 13653] INFO  ipc.Server (Server.java:run(1344)) - IPC Server listener on 13653: starting
2021-09-17 14:21:09,866 [Listener at 0.0.0.0/13653] INFO  http.BaseHttpServer (BaseHttpServer.java:newHttpServer2BuilderForOzone(209)) - Starting Web-server for scm at: http://0.0.0.0:13648
2021-09-17 14:21:09,867 [Listener at 0.0.0.0/13653] INFO  http.BaseHttpServer (BaseHttpServer.java:<init>(107)) - Hadoop Security Enabled: false Ozone Security Enabled: false Ozone HTTP Security Enabled: false 
2021-09-17 14:21:09,868 [Listener at 0.0.0.0/13653] INFO  server.AuthenticationFilter (AuthenticationFilter.java:constructSecretProvider(240)) - Unable to initialize FileSignerSecretProvider, falling back to use random secrets.
2021-09-17 14:21:09,869 [org.apache.hadoop.util.JvmPauseMonitor$Monitor@40429f12] INFO  util.JvmPauseMonitor (JvmPauseMonitor.java:run(188)) - Starting JVM pause monitor
2021-09-17 14:21:09,876 [Listener at 0.0.0.0/13653] WARN  http.HttpRequestLog (HttpRequestLog.java:getRequestLog(103)) - Jetty request log can only be enabled using Log4j
2021-09-17 14:21:09,877 [Listener at 0.0.0.0/13653] INFO  http.HttpServer2 (HttpServer2.java:addGlobalFilter(1030)) - Added global filter 'safety' (class=org.apache.hadoop.hdds.server.http.HttpServer2$QuotingInputFilter)
2021-09-17 14:21:09,878 [Listener at 0.0.0.0/13653] INFO  http.HttpServer2 (HttpServer2.java:addFilter(1006)) - Added filter static_user_filter (class=org.apache.hadoop.http.lib.StaticUserWebFilter$StaticUserFilter) to context scm
2021-09-17 14:21:09,878 [Listener at 0.0.0.0/13653] INFO  http.HttpServer2 (HttpServer2.java:addFilter(1014)) - Added filter static_user_filter (class=org.apache.hadoop.http.lib.StaticUserWebFilter$StaticUserFilter) to context logs
2021-09-17 14:21:09,878 [Listener at 0.0.0.0/13653] INFO  http.HttpServer2 (HttpServer2.java:addFilter(1014)) - Added filter static_user_filter (class=org.apache.hadoop.http.lib.StaticUserWebFilter$StaticUserFilter) to context static
2021-09-17 14:21:09,879 [Listener at 0.0.0.0/13653] INFO  http.HttpServer2 (HttpServer2.java:bindListener(1249)) - Jetty bound to port 13648
2021-09-17 14:21:09,879 [Listener at 0.0.0.0/13653] INFO  server.Server (Server.java:doStart(375)) - jetty-9.4.43.v20210629; built: 2021-06-30T11:07:22.254Z; git: 526006ecfa3af7f1a27ef3a288e2bef7ea9dd7e8; jvm 1.8.0_292-b10
2021-09-17 14:21:09,925 [Listener at 0.0.0.0/13653] INFO  server.session (DefaultSessionIdManager.java:doStart(334)) - DefaultSessionIdManager workerName=node0
2021-09-17 14:21:09,925 [Listener at 0.0.0.0/13653] INFO  server.session (DefaultSessionIdManager.java:doStart(339)) - No SessionScavenger set, using defaults
2021-09-17 14:21:09,926 [Listener at 0.0.0.0/13653] INFO  server.session (HouseKeeper.java:startScavenging(132)) - node0 Scavenging every 600000ms
2021-09-17 14:21:09,931 [EndpointStateMachine task thread for /127.0.0.1:14625 - 0 ] INFO  ipc.Client (Client.java:handleConnectionFailure(977)) - Retrying connect to server: localhost/127.0.0.1:14625. Already tried 14 time(s); retry policy is RetryUpToMaximumCountWithFixedSleep(maxRetries=15, sleepTime=1000 MILLISECONDS)
2021-09-17 14:21:09,933 [Listener at 0.0.0.0/13653] INFO  handler.ContextHandler (ContextHandler.java:doStart(915)) - Started o.e.j.s.ServletContextHandler@3fe4d9d4{logs,/logs,file:///home/runner/work/ozone/ozone/hadoop-ozone/integration-test/target/log,AVAILABLE}
2021-09-17 14:21:09,933 [Listener at 0.0.0.0/13653] INFO  handler.ContextHandler (ContextHandler.java:doStart(915)) - Started o.e.j.s.ServletContextHandler@5c18c936{static,/static,file:///home/runner/work/ozone/ozone/hadoop-ozone/integration-test/target/test-classes/webapps/static,AVAILABLE}
2021-09-17 14:21:09,937 [EndpointStateMachine task thread for /127.0.0.1:14615 - 0 ] INFO  ipc.Client (Client.java:handleConnectionFailure(977)) - Retrying connect to server: localhost/127.0.0.1:14615. Already tried 14 time(s); retry policy is RetryUpToMaximumCountWithFixedSleep(maxRetries=15, sleepTime=1000 MILLISECONDS)
2021-09-17 14:21:09,939 [Listener at 0.0.0.0/13653] INFO  handler.ContextHandler (ContextHandler.java:doStart(915)) - Started o.e.j.w.WebAppContext@2eb8e649{scm,/,file:///home/runner/work/ozone/ozone/hadoop-ozone/integration-test/target/test-classes/webapps/scm/,AVAILABLE}{file:/home/runner/work/ozone/ozone/hadoop-ozone/integration-test/target/test-classes/webapps/scm}
2021-09-17 14:21:09,944 [Listener at 0.0.0.0/13653] INFO  server.AbstractConnector (AbstractConnector.java:doStart(331)) - Started ServerConnector@5286aa41{HTTP/1.1, (http/1.1)}{0.0.0.0:13648}
2021-09-17 14:21:09,944 [Listener at 0.0.0.0/13653] INFO  server.Server (Server.java:doStart(415)) - Started @79309ms
2021-09-17 14:21:09,946 [Listener at 0.0.0.0/13653] WARN  impl.MetricsSystemImpl (MetricsSystemImpl.java:register(279)) - Sink prometheus already exists!
2021-09-17 14:21:09,947 [Listener at 0.0.0.0/13653] INFO  http.BaseHttpServer (BaseHttpServer.java:updateConnectorAddress(329)) - HTTP server of scm listening at http://0.0.0.0:13648
2021-09-17 14:21:09,957 [Listener at 0.0.0.0/13653] INFO  ozone.MiniOzoneHAClusterImpl (MiniOzoneHAClusterImpl.java:createSCMService(564)) - Started SCM RPC server at org.apache.hadoop.hdds.scm.server.SCMClientProtocolServer@500bde5b
2021-09-17 14:21:09,964 [Listener at 0.0.0.0/13653] INFO  ha.SCMHANodeDetails (SCMHANodeDetails.java:loadSCMHAConfig(157)) - ServiceID for StorageContainerManager is scm-service-test1
2021-09-17 14:21:09,964 [Listener at 0.0.0.0/13653] INFO  ha.SCMHANodeDetails (SCMHANodeDetails.java:loadSCMHAConfig(168)) - ServiceID for StorageContainerManager is scm-service-test1
2021-09-17 14:21:09,965 [Listener at 0.0.0.0/13653] WARN  scm.ScmUtils (ScmUtils.java:logWarn(179)) - ConfigKey ozone.scm.block.client.address is deprecated, For configuring different ports for each SCM use PortConfigKey ozone.scm.block.client.port appended with serviceId and nodeId. If want to configure same port configure ozone.scm.block.client.port
2021-09-17 14:21:09,965 [Listener at 0.0.0.0/13653] WARN  scm.ScmUtils (ScmUtils.java:logWarn(179)) - ConfigKey ozone.scm.client.address is deprecated, For configuring different ports for each SCM use PortConfigKey ozone.scm.client.port appended with serviceId and nodeId. If want to configure same port configure ozone.scm.client.port
2021-09-17 14:21:09,965 [Listener at 0.0.0.0/13653] WARN  scm.ScmUtils (ScmUtils.java:logWarn(179)) - ConfigKey ozone.scm.datanode.address is deprecated, For configuring different ports for each SCM use PortConfigKey ozone.scm.datanode.port appended with serviceId and nodeId. If want to configure same port configure ozone.scm.datanode.port
2021-09-17 14:21:09,966 [Listener at 0.0.0.0/13653] WARN  scm.ScmUtils (ScmUtils.java:logWarn(179)) - ConfigKey ozone.scm.block.client.address is deprecated, For configuring different ports for each SCM use PortConfigKey ozone.scm.block.client.port appended with serviceId and nodeId. If want to configure same port configure ozone.scm.block.client.port
2021-09-17 14:21:09,966 [Listener at 0.0.0.0/13653] WARN  scm.ScmUtils (ScmUtils.java:logWarn(179)) - ConfigKey ozone.scm.client.address is deprecated, For configuring different ports for each SCM use PortConfigKey ozone.scm.client.port appended with serviceId and nodeId. If want to configure same port configure ozone.scm.client.port
2021-09-17 14:21:09,966 [Listener at 0.0.0.0/13653] WARN  scm.ScmUtils (ScmUtils.java:logWarn(179)) - ConfigKey ozone.scm.datanode.address is deprecated, For configuring different ports for each SCM use PortConfigKey ozone.scm.datanode.port appended with serviceId and nodeId. If want to configure same port configure ozone.scm.datanode.port
2021-09-17 14:21:09,966 [Listener at 0.0.0.0/13653] INFO  ha.SCMHANodeDetails (SCMHANodeDetails.java:loadSCMHAConfig(250)) - Found matching SCM address with SCMServiceId: scm-service-test1, SCMNodeId: scmNode-3, RPC Address: localhost:13660 and Ratis port: 13660
2021-09-17 14:21:09,966 [Listener at 0.0.0.0/13653] INFO  ha.SCMHANodeDetails (ConfUtils.java:setNodeSpecificConfigs(108)) - Setting configuration key ozone.scm.datanode.address with value of key ozone.scm.datanode.address.scm-service-test1.scmNode-3: 127.0.0.1:13661
2021-09-17 14:21:09,967 [Listener at 0.0.0.0/13653] INFO  ha.SCMHANodeDetails (ConfUtils.java:setNodeSpecificConfigs(108)) - Setting configuration key ozone.scm.block.client.address with value of key ozone.scm.block.client.address.scm-service-test1.scmNode-3: 127.0.0.1:13662
2021-09-17 14:21:09,967 [Listener at 0.0.0.0/13653] INFO  ha.SCMHANodeDetails (ConfUtils.java:setNodeSpecificConfigs(108)) - Setting configuration key ozone.scm.client.address with value of key ozone.scm.client.address.scm-service-test1.scmNode-3: 127.0.0.1:13663
2021-09-17 14:21:09,967 [Listener at 0.0.0.0/13653] INFO  ha.SCMHANodeDetails (ConfUtils.java:setNodeSpecificConfigs(108)) - Setting configuration key ozone.scm.ratis.port with value of key ozone.scm.ratis.port.scm-service-test1.scmNode-3: 13660
2021-09-17 14:21:09,967 [Listener at 0.0.0.0/13653] INFO  ha.SCMHANodeDetails (ConfUtils.java:setNodeSpecificConfigs(108)) - Setting configuration key ozone.scm.grpc.port with value of key ozone.scm.grpc.port.scm-service-test1.scmNode-3: 13664
2021-09-17 14:21:09,967 [Listener at 0.0.0.0/13653] INFO  ha.SCMHANodeDetails (ConfUtils.java:setNodeSpecificConfigs(108)) - Setting configuration key ozone.scm.http-address with value of key ozone.scm.http-address.scm-service-test1.scmNode-3: 127.0.0.1:13658
2021-09-17 14:21:09,967 [Listener at 0.0.0.0/13653] INFO  ha.SCMHANodeDetails (ConfUtils.java:setNodeSpecificConfigs(108)) - Setting configuration key ozone.scm.https-address with value of key ozone.scm.https-address.scm-service-test1.scmNode-3: 127.0.0.1:13659
2021-09-17 14:21:09,967 [Listener at 0.0.0.0/13653] INFO  ha.SCMHANodeDetails (ConfUtils.java:setNodeSpecificConfigs(108)) - Setting configuration key ozone.scm.address with value of key ozone.scm.address.scm-service-test1.scmNode-3: 127.0.0.1
2021-09-17 14:21:09,971 [Listener at 0.0.0.0/13653] WARN  scm.ScmUtils (ScmUtils.java:logWarn(179)) - ConfigKey ozone.scm.block.client.address is deprecated, For configuring different ports for each SCM use PortConfigKey ozone.scm.block.client.port appended with serviceId and nodeId. If want to configure same port configure ozone.scm.block.client.port
2021-09-17 14:21:09,971 [Listener at 0.0.0.0/13653] WARN  scm.ScmUtils (ScmUtils.java:logWarn(179)) - ConfigKey ozone.scm.client.address is deprecated, For configuring different ports for each SCM use PortConfigKey ozone.scm.client.port appended with serviceId and nodeId. If want to configure same port configure ozone.scm.client.port
2021-09-17 14:21:09,971 [Listener at 0.0.0.0/13653] WARN  scm.ScmUtils (ScmUtils.java:logWarn(179)) - ConfigKey ozone.scm.datanode.address is deprecated, For configuring different ports for each SCM use PortConfigKey ozone.scm.datanode.port appended with serviceId and nodeId. If want to configure same port configure ozone.scm.datanode.port
2021-09-17 14:21:09,971 [Listener at 0.0.0.0/13653] WARN  server.ServerUtils (ServerUtils.java:getScmDbDir(148)) - ozone.scm.db.dirs is not configured. We recommend adding this setting. Falling back to ozone.metadata.dirs instead.
2021-09-17 14:21:09,973 [Listener at 0.0.0.0/13653] INFO  ha.SCMNodeInfo (SCMNodeInfo.java:getPort(197)) - ConfigKey ozone.scm.client.address is deprecated, For configuring different ports for each SCM use PortConfigKey ozone.scm.client.port appended with serviceId and nodeId
2021-09-17 14:21:09,973 [Listener at 0.0.0.0/13653] INFO  ha.SCMNodeInfo (SCMNodeInfo.java:getPort(197)) - ConfigKey ozone.scm.block.client.address is deprecated, For configuring different ports for each SCM use PortConfigKey ozone.scm.block.client.port appended with serviceId and nodeId
2021-09-17 14:21:09,973 [Listener at 0.0.0.0/13653] INFO  ha.SCMNodeInfo (SCMNodeInfo.java:getPort(197)) - ConfigKey ozone.scm.datanode.address is deprecated, For configuring different ports for each SCM use PortConfigKey ozone.scm.datanode.port appended with serviceId and nodeId
2021-09-17 14:21:09,973 [Listener at 0.0.0.0/13653] INFO  ha.SCMNodeInfo (SCMNodeInfo.java:getPort(197)) - ConfigKey ozone.scm.client.address is deprecated, For configuring different ports for each SCM use PortConfigKey ozone.scm.client.port appended with serviceId and nodeId
2021-09-17 14:21:09,973 [Listener at 0.0.0.0/13653] INFO  ha.SCMNodeInfo (SCMNodeInfo.java:getPort(197)) - ConfigKey ozone.scm.block.client.address is deprecated, For configuring different ports for each SCM use PortConfigKey ozone.scm.block.client.port appended with serviceId and nodeId
2021-09-17 14:21:09,973 [Listener at 0.0.0.0/13653] INFO  ha.SCMNodeInfo (SCMNodeInfo.java:getPort(197)) - ConfigKey ozone.scm.datanode.address is deprecated, For configuring different ports for each SCM use PortConfigKey ozone.scm.datanode.port appended with serviceId and nodeId
2021-09-17 14:21:09,974 [Listener at 0.0.0.0/13653] INFO  ha.SCMNodeInfo (SCMNodeInfo.java:getPort(197)) - ConfigKey ozone.scm.client.address is deprecated, For configuring different ports for each SCM use PortConfigKey ozone.scm.client.port appended with serviceId and nodeId
2021-09-17 14:21:09,974 [Listener at 0.0.0.0/13653] INFO  ha.SCMNodeInfo (SCMNodeInfo.java:getPort(197)) - ConfigKey ozone.scm.block.client.address is deprecated, For configuring different ports for each SCM use PortConfigKey ozone.scm.block.client.port appended with serviceId and nodeId
2021-09-17 14:21:09,974 [Listener at 0.0.0.0/13653] INFO  ha.SCMNodeInfo (SCMNodeInfo.java:getPort(197)) - ConfigKey ozone.scm.datanode.address is deprecated, For configuring different ports for each SCM use PortConfigKey ozone.scm.datanode.port appended with serviceId and nodeId
2021-09-17 14:21:09,995 [Listener at 0.0.0.0/13653] INFO  server.StorageContainerManager (StorageContainerManager.java:scmBootstrap(963)) - SCM BootStrap  is successful for ClusterID 3d3fab62-48bb-41e0-9886-50eb3b9e447a, SCMID de6c936e-076b-4b64-8302-91a02f19e2c3
2021-09-17 14:21:09,995 [Listener at 0.0.0.0/13653] INFO  server.StorageContainerManager (StorageContainerManager.java:scmBootstrap(965)) - Primary SCM Node ID 62c51671-a275-468c-9a91-cfb1a6740248
2021-09-17 14:21:09,995 [Listener at 0.0.0.0/13653] INFO  ha.SCMHANodeDetails (SCMHANodeDetails.java:loadSCMHAConfig(157)) - ServiceID for StorageContainerManager is scm-service-test1
2021-09-17 14:21:09,995 [Listener at 0.0.0.0/13653] INFO  ha.SCMHANodeDetails (SCMHANodeDetails.java:loadSCMHAConfig(168)) - ServiceID for StorageContainerManager is scm-service-test1
2021-09-17 14:21:09,996 [Listener at 0.0.0.0/13653] WARN  scm.ScmUtils (ScmUtils.java:logWarn(179)) - ConfigKey ozone.scm.block.client.address is deprecated, For configuring different ports for each SCM use PortConfigKey ozone.scm.block.client.port appended with serviceId and nodeId. If want to configure same port configure ozone.scm.block.client.port
2021-09-17 14:21:09,996 [Listener at 0.0.0.0/13653] WARN  scm.ScmUtils (ScmUtils.java:logWarn(179)) - ConfigKey ozone.scm.client.address is deprecated, For configuring different ports for each SCM use PortConfigKey ozone.scm.client.port appended with serviceId and nodeId. If want to configure same port configure ozone.scm.client.port
2021-09-17 14:21:09,996 [Listener at 0.0.0.0/13653] WARN  scm.ScmUtils (ScmUtils.java:logWarn(179)) - ConfigKey ozone.scm.datanode.address is deprecated, For configuring different ports for each SCM use PortConfigKey ozone.scm.datanode.port appended with serviceId and nodeId. If want to configure same port configure ozone.scm.datanode.port
2021-09-17 14:21:09,996 [Listener at 0.0.0.0/13653] WARN  scm.ScmUtils (ScmUtils.java:logWarn(179)) - ConfigKey ozone.scm.block.client.address is deprecated, For configuring different ports for each SCM use PortConfigKey ozone.scm.block.client.port appended with serviceId and nodeId. If want to configure same port configure ozone.scm.block.client.port
2021-09-17 14:21:09,996 [Listener at 0.0.0.0/13653] WARN  scm.ScmUtils (ScmUtils.java:logWarn(179)) - ConfigKey ozone.scm.client.address is deprecated, For configuring different ports for each SCM use PortConfigKey ozone.scm.client.port appended with serviceId and nodeId. If want to configure same port configure ozone.scm.client.port
2021-09-17 14:21:09,997 [Listener at 0.0.0.0/13653] WARN  scm.ScmUtils (ScmUtils.java:logWarn(179)) - ConfigKey ozone.scm.datanode.address is deprecated, For configuring different ports for each SCM use PortConfigKey ozone.scm.datanode.port appended with serviceId and nodeId. If want to configure same port configure ozone.scm.datanode.port
2021-09-17 14:21:09,997 [Listener at 0.0.0.0/13653] INFO  ha.SCMHANodeDetails (SCMHANodeDetails.java:loadSCMHAConfig(250)) - Found matching SCM address with SCMServiceId: scm-service-test1, SCMNodeId: scmNode-3, RPC Address: localhost:13660 and Ratis port: 13660
2021-09-17 14:21:09,997 [Listener at 0.0.0.0/13653] INFO  ha.SCMHANodeDetails (ConfUtils.java:setNodeSpecificConfigs(108)) - Setting configuration key ozone.scm.datanode.address with value of key ozone.scm.datanode.address.scm-service-test1.scmNode-3: 127.0.0.1:13661
2021-09-17 14:21:09,997 [Listener at 0.0.0.0/13653] INFO  ha.SCMHANodeDetails (ConfUtils.java:setNodeSpecificConfigs(108)) - Setting configuration key ozone.scm.block.client.address with value of key ozone.scm.block.client.address.scm-service-test1.scmNode-3: 127.0.0.1:13662
2021-09-17 14:21:09,997 [Listener at 0.0.0.0/13653] INFO  ha.SCMHANodeDetails (ConfUtils.java:setNodeSpecificConfigs(108)) - Setting configuration key ozone.scm.client.address with value of key ozone.scm.client.address.scm-service-test1.scmNode-3: 127.0.0.1:13663
2021-09-17 14:21:09,997 [Listener at 0.0.0.0/13653] INFO  ha.SCMHANodeDetails (ConfUtils.java:setNodeSpecificConfigs(108)) - Setting configuration key ozone.scm.ratis.port with value of key ozone.scm.ratis.port.scm-service-test1.scmNode-3: 13660
2021-09-17 14:21:09,998 [Listener at 0.0.0.0/13653] INFO  ha.SCMHANodeDetails (ConfUtils.java:setNodeSpecificConfigs(108)) - Setting configuration key ozone.scm.grpc.port with value of key ozone.scm.grpc.port.scm-service-test1.scmNode-3: 13664
2021-09-17 14:21:09,998 [Listener at 0.0.0.0/13653] INFO  ha.SCMHANodeDetails (ConfUtils.java:setNodeSpecificConfigs(108)) - Setting configuration key ozone.scm.http-address with value of key ozone.scm.http-address.scm-service-test1.scmNode-3: 127.0.0.1:13658
2021-09-17 14:21:09,998 [Listener at 0.0.0.0/13653] INFO  ha.SCMHANodeDetails (ConfUtils.java:setNodeSpecificConfigs(108)) - Setting configuration key ozone.scm.https-address with value of key ozone.scm.https-address.scm-service-test1.scmNode-3: 127.0.0.1:13659
2021-09-17 14:21:09,998 [Listener at 0.0.0.0/13653] INFO  ha.SCMHANodeDetails (ConfUtils.java:setNodeSpecificConfigs(108)) - Setting configuration key ozone.scm.address with value of key ozone.scm.address.scm-service-test1.scmNode-3: 127.0.0.1
2021-09-17 14:21:09,998 [Listener at 0.0.0.0/13653] WARN  scm.ScmUtils (ScmUtils.java:logWarn(179)) - ConfigKey ozone.scm.block.client.address is deprecated, For configuring different ports for each SCM use PortConfigKey ozone.scm.block.client.port appended with serviceId and nodeId. If want to configure same port configure ozone.scm.block.client.port
2021-09-17 14:21:09,998 [Listener at 0.0.0.0/13653] WARN  scm.ScmUtils (ScmUtils.java:logWarn(179)) - ConfigKey ozone.scm.client.address is deprecated, For configuring different ports for each SCM use PortConfigKey ozone.scm.client.port appended with serviceId and nodeId. If want to configure same port configure ozone.scm.client.port
2021-09-17 14:21:09,998 [Listener at 0.0.0.0/13653] WARN  scm.ScmUtils (ScmUtils.java:logWarn(179)) - ConfigKey ozone.scm.datanode.address is deprecated, For configuring different ports for each SCM use PortConfigKey ozone.scm.datanode.port appended with serviceId and nodeId. If want to configure same port configure ozone.scm.datanode.port
2021-09-17 14:21:09,999 [Listener at 0.0.0.0/13653] WARN  server.ServerUtils (ServerUtils.java:getScmDbDir(148)) - ozone.scm.db.dirs is not configured. We recommend adding this setting. Falling back to ozone.metadata.dirs instead.
2021-09-17 14:21:09,999 [Listener at 0.0.0.0/13653] INFO  upgrade.AbstractLayoutVersionManager (AbstractLayoutVersionManager.java:init(79)) - Initializing Layout version manager with metadata layout = SCM_HA (version = 2), software layout = SCM_HA (version = 2)
2021-09-17 14:21:10,115 [Listener at 0.0.0.0/13653] INFO  reflections.Reflections (Reflections.java:scan(232)) - Reflections took 114 ms to scan 7 urls, producing 119 keys and 275 values 
2021-09-17 14:21:10,118 [Listener at 0.0.0.0/13653] WARN  utils.HAUtils (HAUtils.java:getMetaDir(342)) - ozone.scm.db.dirs is not configured. We recommend adding this setting. Falling back to ozone.metadata.dirs instead.
2021-09-17 14:21:10,121 [Listener at 0.0.0.0/13653] WARN  db.DBStoreBuilder (DBStoreBuilder.java:applyDBDefinition(145)) - ozone.scm.db.dirs is not configured. We recommend adding this setting. Falling back to ozone.metadata.dirs instead.
2021-09-17 14:21:10,261 [Listener at 0.0.0.0/13653] INFO  net.NodeSchemaLoader (NodeSchemaLoader.java:loadSchemaFromFile(129)) - Loading schema from [jar:file:/home/runner/.m2/repository/org/apache/ozone/hdds-common/1.2.0-SNAPSHOT/hdds-common-1.2.0-SNAPSHOT.jar!/network-topology-default.xml]
2021-09-17 14:21:10,261 [Listener at 0.0.0.0/13653] INFO  net.NodeSchemaLoader (NodeSchemaLoader.java:loadSchema(176)) - Loading network topology layer schema file
2021-09-17 14:21:10,263 [Listener at 0.0.0.0/13653] WARN  impl.MetricRegistriesImpl (MetricRegistriesImpl.java:addReporterRegistration(111)) - New reporters are added after registries were created. Some metrics will be missing from the reporter. Please add reporter before adding any new registry.
2021-09-17 14:21:10,266 [Listener at 0.0.0.0/13653] WARN  impl.MetricRegistriesImpl (MetricRegistriesImpl.java:addReporterRegistration(111)) - New reporters are added after registries were created. Some metrics will be missing from the reporter. Please add reporter before adding any new registry.
2021-09-17 14:21:10,269 [Listener at 0.0.0.0/13653] INFO  ha.SCMRatisServerImpl (SCMRatisServerImpl.java:<init>(87)) - starting Raft server for scm:de6c936e-076b-4b64-8302-91a02f19e2c3
2021-09-17 14:21:10,270 [Listener at 0.0.0.0/13653] INFO  server.RaftServer (ConfUtils.java:logGet(44)) - raft.rpc.type = GRPC (default)
2021-09-17 14:21:10,270 [Listener at 0.0.0.0/13653] INFO  grpc.GrpcFactory (GrpcFactory.java:checkPooledByteBufAllocatorUseCacheForAllThreads(48)) - PERFORMANCE WARNING: useCacheForAllThreads is true that may cause Netty to create a lot garbage objects and, as a result, trigger GC.
	It is recommended to disable useCacheForAllThreads by setting -Dorg.apache.ratis.thirdparty.io.netty.allocator.useCacheForAllThreads=false in command line.
2021-09-17 14:21:10,271 [Listener at 0.0.0.0/13653] INFO  grpc.GrpcConfigKeys (ConfUtils.java:logGet(44)) - raft.grpc.admin.port = -1 (default)
2021-09-17 14:21:10,272 [Listener at 0.0.0.0/13653] INFO  grpc.GrpcConfigKeys (ConfUtils.java:logGet(44)) - raft.grpc.server.port = 13660 (custom)
2021-09-17 14:21:10,272 [Listener at 0.0.0.0/13653] INFO  grpc.GrpcConfigKeys (ConfUtils.java:logGet(44)) - raft.grpc.client.port = -1 (default)
2021-09-17 14:21:10,272 [Listener at 0.0.0.0/13653] INFO  grpc.GrpcConfigKeys (ConfUtils.java:logGet(44)) - raft.grpc.server.port = 13660 (custom)
2021-09-17 14:21:10,272 [Listener at 0.0.0.0/13653] INFO  grpc.GrpcConfigKeys (ConfUtils.java:logGet(44)) - raft.grpc.server.port = 13660 (custom)
2021-09-17 14:21:10,273 [Listener at 0.0.0.0/13653] INFO  server.GrpcService (ConfUtils.java:logGet(44)) - raft.grpc.message.size.max = 32m (=33554432) (custom)
2021-09-17 14:21:10,273 [Listener at 0.0.0.0/13653] INFO  server.RaftServerConfigKeys (ConfUtils.java:logGet(44)) - raft.server.log.appender.buffer.byte-limit = 33554432 (custom)
2021-09-17 14:21:10,276 [Listener at 0.0.0.0/13653] INFO  server.GrpcService (ConfUtils.java:logGet(44)) - raft.grpc.flow.control.window = 1MB (=1048576) (default)
2021-09-17 14:21:10,276 [Listener at 0.0.0.0/13653] INFO  server.RaftServerConfigKeys (ConfUtils.java:logGet(44)) - raft.server.rpc.request.timeout = 30000ms (custom)
2021-09-17 14:21:10,278 [Listener at 0.0.0.0/13653] INFO  impl.DataStreamServerImpl (ConfUtils.java:logGet(44)) - raft.datastream.type = DISABLED (default)
2021-09-17 14:21:10,278 [Listener at 0.0.0.0/13653] INFO  server.RaftServerConfigKeys (ConfUtils.java:logGet(44)) - raft.server.rpc.slowness.timeout = 120000ms (custom)
2021-09-17 14:21:10,278 [Listener at 0.0.0.0/13653] INFO  server.RaftServerConfigKeys (ConfUtils.java:logGet(44)) - raft.server.leaderelection.leader.step-down.wait-time = 10s (default)
2021-09-17 14:21:10,278 [Listener at 0.0.0.0/13653] INFO  server.RaftServerConfigKeys (ConfUtils.java:logGet(44)) - raft.server.storage.dir = [/home/runner/work/ozone/ozone/hadoop-ozone/integration-test/target/test-dir/MiniOzoneClusterImpl-3d3fab62-48bb-41e0-9886-50eb3b9e447a/scmNode-3/scm-ha] (custom)
2021-09-17 14:21:10,286 [Listener at 0.0.0.0/13653] INFO  server.RaftServer (RaftServerProxy.java:addNew(95)) - de6c936e-076b-4b64-8302-91a02f19e2c3: addNew group-50EB3B9E447A:[] returns group-50EB3B9E447A:java.util.concurrent.CompletableFuture@343d2c5a[Not completed]
2021-09-17 14:21:10,287 [pool-227-thread-1] INFO  server.RaftServer$Division (RaftServerImpl.java:<init>(181)) - de6c936e-076b-4b64-8302-91a02f19e2c3: new RaftServerImpl for group-50EB3B9E447A:[] with SCMStateMachine:uninitialized
2021-09-17 14:21:10,288 [pool-227-thread-1] INFO  server.RaftServerConfigKeys (ConfUtils.java:logGet(44)) - raft.server.rpc.timeout.min = 5000ms (custom)
2021-09-17 14:21:10,288 [pool-227-thread-1] INFO  server.RaftServerConfigKeys (ConfUtils.java:logGet(44)) - raft.server.rpc.timeout.max = 5200ms (custom)
2021-09-17 14:21:10,288 [pool-227-thread-1] INFO  server.RaftServerConfigKeys (ConfUtils.java:logGet(44)) - raft.server.rpc.sleep.time = 25ms (default)
2021-09-17 14:21:10,288 [pool-227-thread-1] INFO  server.RaftServerConfigKeys (ConfUtils.java:logGet(44)) - raft.server.rpc.slowness.timeout = 120000ms (custom)
2021-09-17 14:21:10,288 [pool-227-thread-1] INFO  server.RaftServerConfigKeys (ConfUtils.java:logGet(44)) - raft.server.leaderelection.leader.step-down.wait-time = 10s (default)
2021-09-17 14:21:10,288 [pool-227-thread-1] INFO  server.RaftServerConfigKeys (ConfUtils.java:logGet(44)) - raft.server.sleep.deviation.threshold = 300ms (default)
2021-09-17 14:21:10,288 [pool-227-thread-1] INFO  server.RaftServerConfigKeys (ConfUtils.java:logGet(44)) - raft.server.log.appender.install.snapshot.enabled = false (custom)
2021-09-17 14:21:10,288 [pool-227-thread-1] INFO  server.RaftServer$Division (ServerState.java:<init>(105)) - de6c936e-076b-4b64-8302-91a02f19e2c3@group-50EB3B9E447A: ConfigurationManager, init=-1: [], old=null, confs=<EMPTY_MAP>
2021-09-17 14:21:10,289 [pool-227-thread-1] INFO  server.RaftServerConfigKeys (ConfUtils.java:logGet(44)) - raft.server.storage.dir = [/home/runner/work/ozone/ozone/hadoop-ozone/integration-test/target/test-dir/MiniOzoneClusterImpl-3d3fab62-48bb-41e0-9886-50eb3b9e447a/scmNode-3/scm-ha] (custom)
2021-09-17 14:21:10,289 [pool-227-thread-1] INFO  server.RaftServerConfigKeys (ConfUtils.java:logGet(44)) - raft.server.log.corruption.policy = EXCEPTION (default)
2021-09-17 14:21:10,289 [pool-227-thread-1] INFO  server.RaftServerConfigKeys (ConfUtils.java:logGet(44)) - raft.server.storage.free-space.min = 0MB (=0) (default)
2021-09-17 14:21:10,289 [pool-227-thread-1] INFO  storage.RaftStorageDirectory (RaftStorageDirectoryImpl.java:analyzeStorage(135)) - The storage directory /home/runner/work/ozone/ozone/hadoop-ozone/integration-test/target/test-dir/MiniOzoneClusterImpl-3d3fab62-48bb-41e0-9886-50eb3b9e447a/scmNode-3/scm-ha/3d3fab62-48bb-41e0-9886-50eb3b9e447a does not exist. Creating ...
2021-09-17 14:21:10,291 [pool-227-thread-1] INFO  storage.RaftStorageDirectory (RaftStorageDirectoryImpl.java:tryLock(230)) - Lock on /home/runner/work/ozone/ozone/hadoop-ozone/integration-test/target/test-dir/MiniOzoneClusterImpl-3d3fab62-48bb-41e0-9886-50eb3b9e447a/scmNode-3/scm-ha/3d3fab62-48bb-41e0-9886-50eb3b9e447a/in_use.lock acquired by nodename 9576@fv-az116-264
2021-09-17 14:21:10,295 [pool-227-thread-1] INFO  storage.RaftStorage (RaftStorageImpl.java:format(89)) - Storage directory /home/runner/work/ozone/ozone/hadoop-ozone/integration-test/target/test-dir/MiniOzoneClusterImpl-3d3fab62-48bb-41e0-9886-50eb3b9e447a/scmNode-3/scm-ha/3d3fab62-48bb-41e0-9886-50eb3b9e447a has been successfully formatted.
2021-09-17 14:21:10,295 [pool-227-thread-1] INFO  server.RaftServerConfigKeys (ConfUtils.java:logGet(44)) - raft.server.notification.no-leader.timeout = 60s (default)
2021-09-17 14:21:10,295 [pool-227-thread-1] INFO  server.RaftServerConfigKeys (ConfUtils.java:logGet(44)) - raft.server.log.use.memory = false (default)
2021-09-17 14:21:10,295 [pool-227-thread-1] INFO  server.RaftServerConfigKeys (ConfUtils.java:logGet(44)) - raft.server.log.purge.gap = 5 (custom)
2021-09-17 14:21:10,295 [pool-227-thread-1] INFO  server.RaftServerConfigKeys (ConfUtils.java:logGet(44)) - raft.server.log.appender.buffer.byte-limit = 33554432 (custom)
2021-09-17 14:21:10,295 [pool-227-thread-1] INFO  server.RaftServerConfigKeys (ConfUtils.java:logGet(44)) - raft.server.log.segment.size.max = 16384 (custom)
2021-09-17 14:21:10,296 [pool-227-thread-1] INFO  server.RaftServerConfigKeys (ConfUtils.java:logGet(44)) - raft.server.log.segment.cache.num.max = 2 (custom)
2021-09-17 14:21:10,296 [pool-227-thread-1] INFO  server.RaftServerConfigKeys (ConfUtils.java:logGet(44)) - raft.server.log.segment.cache.size.max = 200MB (=209715200) (default)
2021-09-17 14:21:10,296 [pool-227-thread-1] INFO  segmented.SegmentedRaftLogWorker (SegmentedRaftLogWorker.java:<init>(182)) - new de6c936e-076b-4b64-8302-91a02f19e2c3@group-50EB3B9E447A-SegmentedRaftLogWorker for RaftStorageImpl:Storage Directory /home/runner/work/ozone/ozone/hadoop-ozone/integration-test/target/test-dir/MiniOzoneClusterImpl-3d3fab62-48bb-41e0-9886-50eb3b9e447a/scmNode-3/scm-ha/3d3fab62-48bb-41e0-9886-50eb3b9e447a
2021-09-17 14:21:10,296 [pool-227-thread-1] INFO  server.RaftServerConfigKeys (ConfUtils.java:logGet(44)) - raft.server.log.queue.byte-limit = 64MB (=67108864) (default)
2021-09-17 14:21:10,296 [pool-227-thread-1] INFO  server.RaftServerConfigKeys (ConfUtils.java:logGet(44)) - raft.server.log.queue.element-limit = 4096 (default)
2021-09-17 14:21:10,296 [pool-227-thread-1] INFO  server.RaftServerConfigKeys (ConfUtils.java:logGet(44)) - raft.server.log.segment.size.max = 16384 (custom)
2021-09-17 14:21:10,296 [pool-227-thread-1] INFO  server.RaftServerConfigKeys (ConfUtils.java:logGet(44)) - raft.server.log.preallocated.size = 16384 (custom)
2021-09-17 14:21:10,296 [pool-227-thread-1] INFO  server.RaftServerConfigKeys (ConfUtils.java:logGet(44)) - raft.server.log.force.sync.num = 128 (default)
2021-09-17 14:21:10,296 [pool-227-thread-1] INFO  server.RaftServerConfigKeys (ConfUtils.java:logGet(44)) - raft.server.log.statemachine.data.sync = true (default)
2021-09-17 14:21:10,296 [pool-227-thread-1] INFO  server.RaftServerConfigKeys (ConfUtils.java:logGet(44)) - raft.server.log.statemachine.data.sync.timeout = 10s (default)
2021-09-17 14:21:10,296 [pool-227-thread-1] INFO  server.RaftServerConfigKeys (ConfUtils.java:logGet(44)) - raft.server.log.statemachine.data.sync.timeout.retry = -1 (default)
2021-09-17 14:21:10,297 [pool-227-thread-1] INFO  server.RaftServerConfigKeys (ConfUtils.java:logGet(44)) - raft.server.log.write.buffer.size = 64KB (=65536) (default)
2021-09-17 14:21:10,297 [pool-227-thread-1] INFO  server.RaftServerConfigKeys (ConfUtils.java:logGet(44)) - raft.server.log.statemachine.data.caching.enabled = false (default)
2021-09-17 14:21:10,298 [pool-227-thread-1] INFO  segmented.SegmentedRaftLogWorker (SegmentedRaftLogWorker.java:lambda$new$0(133)) - de6c936e-076b-4b64-8302-91a02f19e2c3@group-50EB3B9E447A-SegmentedRaftLogWorker: flushIndex: setUnconditionally 0 -> -1
2021-09-17 14:21:10,298 [pool-227-thread-1] INFO  segmented.SegmentedRaftLogWorker (SegmentedRaftLogWorker.java:lambda$new$0(133)) - de6c936e-076b-4b64-8302-91a02f19e2c3@group-50EB3B9E447A-SegmentedRaftLogWorker: safeCacheEvictIndex: setUnconditionally 0 -> -1
2021-09-17 14:21:10,301 [pool-227-thread-1] INFO  server.RaftServerConfigKeys (ConfUtils.java:logGet(44)) - raft.server.snapshot.auto.trigger.enabled = true (custom)
2021-09-17 14:21:10,301 [pool-227-thread-1] INFO  server.RaftServerConfigKeys (ConfUtils.java:logGet(44)) - raft.server.snapshot.auto.trigger.threshold = 5 (custom)
2021-09-17 14:21:10,301 [pool-227-thread-1] INFO  server.RaftServerConfigKeys (ConfUtils.java:logGet(44)) - raft.server.snapshot.retention.file.num = -1 (default)
2021-09-17 14:21:10,302 [pool-227-thread-1] INFO  server.RaftServerConfigKeys (ConfUtils.java:logGet(44)) - raft.server.log.purge.upto.snapshot.index = true (custom)
2021-09-17 14:21:10,302 [pool-227-thread-1] INFO  server.RaftServerConfigKeys (ConfUtils.java:logGet(44)) - raft.server.retrycache.expirytime = 60000ms (default)
2021-09-17 14:21:10,302 [pool-227-thread-1] INFO  server.RaftServerConfigKeys (ConfUtils.java:logGet(44)) - raft.server.retrycache.statistics.expirytime = 100μs (default)
2021-09-17 14:21:10,303 [Listener at 0.0.0.0/13653] INFO  ha.SCMSnapshotProvider (SCMSnapshotProvider.java:<init>(66)) - Initializing SCM Snapshot Provider
2021-09-17 14:21:10,303 [Listener at 0.0.0.0/13653] WARN  server.ServerUtils (ServerUtils.java:getDefaultRatisDirectory(237)) - Storage directory for Ratis is not configured. It is a good idea to map this to an SSD disk. Falling back to ozone.metadata.dirs
2021-09-17 14:21:10,303 [Listener at 0.0.0.0/13653] WARN  ha.SCMHAUtils (SCMHAUtils.java:getSCMRatisSnapshotDirectory(146)) - SCM snapshot dir is not configured. Falling back to ozone.metadata.dirs config
2021-09-17 14:21:10,305 [Listener at 0.0.0.0/13653] INFO  ha.SequenceIdGenerator (SequenceIdGenerator.java:upgradeToSequenceId(327)) - upgrade localId to 107544261427200000
2021-09-17 14:21:10,305 [Listener at 0.0.0.0/13653] INFO  ha.SequenceIdGenerator (SequenceIdGenerator.java:upgradeToSequenceId(337)) - upgrade delTxnId to 0
2021-09-17 14:21:10,305 [Listener at 0.0.0.0/13653] INFO  ha.SequenceIdGenerator (SequenceIdGenerator.java:upgradeToSequenceId(351)) - upgrade containerId to 0
2021-09-17 14:21:10,305 [Listener at 0.0.0.0/13653] INFO  ha.SequenceIdGenerator (SequenceIdGenerator.java:<init>(217)) - Init the HA SequenceIdGenerator.
2021-09-17 14:21:10,306 [Listener at 0.0.0.0/13653] WARN  server.ServerUtils (ServerUtils.java:sanitizeUserArgs(73)) - ozone.scm.stale.node.interval value = 300000 is larger than max = 100000 based on the key value of ozone.scm.heartbeat.thread.interval, reset to the max value 100000.
2021-09-17 14:21:10,306 [Listener at 0.0.0.0/13653] WARN  server.ServerUtils (ServerUtils.java:sanitizeUserArgs(73)) - ozone.scm.stale.node.interval value = 300000 is larger than max = 100000 based on the key value of ozone.scm.heartbeat.thread.interval, reset to the max value 100000.
2021-09-17 14:21:10,314 [Listener at 0.0.0.0/13653] INFO  node.SCMNodeManager (SCMNodeManager.java:<init>(144)) - Entering startup safe mode.
2021-09-17 14:21:10,315 [Listener at 0.0.0.0/13653] INFO  algorithms.ContainerPlacementPolicyFactory (ContainerPlacementPolicyFactory.java:getPolicy(60)) - Create container placement policy of type org.apache.hadoop.hdds.scm.container.placement.algorithms.SCMContainerPlacementRandom
2021-09-17 14:21:10,315 [Listener at 0.0.0.0/13653] INFO  pipeline.PipelineStateManager (PipelineStateManagerV2Impl.java:initialize(78)) - No pipeline exists in current db
2021-09-17 14:21:10,315 [Listener at 0.0.0.0/13653] INFO  algorithms.LeaderChoosePolicyFactory (LeaderChoosePolicyFactory.java:getPolicy(57)) - Create leader choose policy of type org.apache.hadoop.hdds.scm.pipeline.leader.choose.algorithms.MinLeaderCountChoosePolicy
2021-09-17 14:21:10,315 [Listener at 0.0.0.0/13653] INFO  ha.SCMServiceManager (SCMServiceManager.java:register(43)) - Registering service BackgroundPipelineCreator.
2021-09-17 14:21:10,316 [Listener at 0.0.0.0/13653] INFO  pipeline.BackgroundPipelineCreator (BackgroundPipelineCreatorV2.java:start(130)) - Starting RatisPipelineUtilsThread.
2021-09-17 14:21:10,322 [Listener at 0.0.0.0/13653] INFO  algorithms.PipelineChoosePolicyFactory (PipelineChoosePolicyFactory.java:createPipelineChoosePolicyFromClass(73)) - Create pipeline choose policy of type org.apache.hadoop.hdds.scm.pipeline.choose.algorithms.RandomPipelineChoosePolicy
2021-09-17 14:21:10,323 [Listener at 0.0.0.0/13653] INFO  ha.SCMServiceManager (SCMServiceManager.java:register(43)) - Registering service SCMBlockDeletingService.
2021-09-17 14:21:10,323 [Listener at 0.0.0.0/13653] INFO  ha.SCMServiceManager (SCMServiceManager.java:register(43)) - Registering service ReplicationManager.
2021-09-17 14:21:10,323 [Listener at 0.0.0.0/13653] INFO  container.ReplicationManager (ReplicationManager.java:start(319)) - Starting Replication Monitor Thread.
2021-09-17 14:21:10,332 [Listener at 0.0.0.0/13653] INFO  safemode.ContainerSafeModeRule (ContainerSafeModeRule.java:<init>(89)) - containers with one replica threshold count 0
2021-09-17 14:21:10,333 [Listener at 0.0.0.0/13653] INFO  safemode.HealthyPipelineSafeModeRule (HealthyPipelineSafeModeRule.java:initializeRule(156)) - Total pipeline count is 0, healthy pipeline threshold count is 1
2021-09-17 14:21:10,333 [Listener at 0.0.0.0/13653] INFO  safemode.OneReplicaPipelineSafeModeRule (OneReplicaPipelineSafeModeRule.java:initializeRule(180)) - Total pipeline count is 0, pipeline's with at least one datanode reported threshold count is 0
2021-09-17 14:21:10,352 [Listener at 0.0.0.0/13653] INFO  ipc.CallQueueManager (CallQueueManager.java:<init>(90)) - Using callQueue: class java.util.concurrent.LinkedBlockingQueue, queueCapacity: 2000, scheduler: class org.apache.hadoop.ipc.DefaultRpcScheduler, ipcBackoff: false.
2021-09-17 14:21:10,364 [Socket Reader #1 for port 13661] INFO  ipc.Server (Server.java:run(1265)) - Starting Socket Reader #1 for port 13661
2021-09-17 14:21:10,377 [ReplicationMonitor] INFO  container.ReplicationManager (ReplicationManager.java:processAll(371)) - Replication Monitor Thread took 0 milliseconds for processing 0 containers.
2021-09-17 14:21:10,381 [Listener at 0.0.0.0/13661] INFO  ipc.CallQueueManager (CallQueueManager.java:<init>(90)) - Using callQueue: class java.util.concurrent.LinkedBlockingQueue, queueCapacity: 2000, scheduler: class org.apache.hadoop.ipc.DefaultRpcScheduler, ipcBackoff: false.
2021-09-17 14:21:10,388 [Socket Reader #1 for port 13662] INFO  ipc.Server (Server.java:run(1265)) - Starting Socket Reader #1 for port 13662
2021-09-17 14:21:10,392 [Listener at 0.0.0.0/13662] INFO  ipc.CallQueueManager (CallQueueManager.java:<init>(90)) - Using callQueue: class java.util.concurrent.LinkedBlockingQueue, queueCapacity: 2000, scheduler: class org.apache.hadoop.ipc.DefaultRpcScheduler, ipcBackoff: false.
2021-09-17 14:21:10,395 [Socket Reader #1 for port 13663] INFO  ipc.Server (Server.java:run(1265)) - Starting Socket Reader #1 for port 13663
2021-09-17 14:21:10,461 [Listener at 0.0.0.0/13663] INFO  algorithms.ContainerPlacementPolicyFactory (ContainerPlacementPolicyFactory.java:getPolicy(60)) - Create container placement policy of type org.apache.hadoop.hdds.scm.container.placement.algorithms.SCMContainerPlacementRandom
2021-09-17 14:21:10,462 [Listener at 0.0.0.0/13663] INFO  server.StorageContainerManager (StorageContainerManager.java:<init>(387)) - 
Container Balancer status:
Key                            Value
Running                        false
Container Balancer Configuration values:
Key                                                Value
Threshold                                          0.1
Max Datanodes to Involve per Iteration(ratio)      0.5
Max Size to Move per Iteration                     10737418240B

2021-09-17 14:21:10,462 [Listener at 0.0.0.0/13663] WARN  events.EventQueue (EventQueue.java:fireEvent(194)) - No event handler registered for event TypedEvent{payloadType=SafeModeStatus, name='Safe mode status'}
2021-09-17 14:21:10,462 [Listener at 0.0.0.0/13663] INFO  ha.SCMContext (SCMContext.java:updateSafeModeStatus(205)) - Update SafeModeStatus from SafeModeStatus{safeModeStatus=true, preCheckPassed=false} to SafeModeStatus{safeModeStatus=true, preCheckPassed=false}.
2021-09-17 14:21:10,464 [Listener at 0.0.0.0/13663] INFO  ozone.MiniOzoneHAClusterImpl (MiniOzoneHAClusterImpl.java:createSCMService(568)) - Intialized SCM at org.apache.hadoop.hdds.scm.server.SCMClientProtocolServer@3f1e91bf. This SCM is currently inactive (not running).
2021-09-17 14:21:10,465 [Listener at 0.0.0.0/13663] INFO  ha.OMHANodeDetails (OMHANodeDetails.java:loadOMHAConfig(118)) - ServiceID for OzoneManager is om-service-test1
2021-09-17 14:21:10,465 [Listener at 0.0.0.0/13663] INFO  ha.OMHANodeDetails (OMHANodeDetails.java:loadOMHAConfig(194)) - Found matching OM address with OMServiceId: om-service-test1, OMNodeId: omNode-1, RPC Address: localhost:13392 and Ratis port: 13396
2021-09-17 14:21:10,465 [Listener at 0.0.0.0/13663] INFO  ha.OMHANodeDetails (ConfUtils.java:setNodeSpecificConfigs(108)) - Setting configuration key ozone.om.http-address with value of key ozone.om.http-address.om-service-test1.omNode-1: 127.0.0.1:13394
2021-09-17 14:21:10,466 [Listener at 0.0.0.0/13663] INFO  ha.OMHANodeDetails (ConfUtils.java:setNodeSpecificConfigs(108)) - Setting configuration key ozone.om.https-address with value of key ozone.om.https-address.om-service-test1.omNode-1: 127.0.0.1:13395
2021-09-17 14:21:10,468 [Listener at 0.0.0.0/13663] INFO  ha.OMHANodeDetails (ConfUtils.java:setNodeSpecificConfigs(108)) - Setting configuration key ozone.om.address with value of key ozone.om.address.om-service-test1.omNode-1: 127.0.0.1:13392
2021-09-17 14:21:10,468 [Listener at 0.0.0.0/13663] WARN  server.ServerUtils (ServerUtils.java:getDBPath(225)) - ozone.om.db.dirs is not configured. We recommend adding this setting. Falling back to ozone.metadata.dirs instead.
2021-09-17 14:21:10,470 [Listener at 0.0.0.0/13663] INFO  ha.SCMNodeInfo (SCMNodeInfo.java:getPort(197)) - ConfigKey ozone.scm.client.address is deprecated, For configuring different ports for each SCM use PortConfigKey ozone.scm.client.port appended with serviceId and nodeId
2021-09-17 14:21:10,470 [Listener at 0.0.0.0/13663] INFO  ha.SCMNodeInfo (SCMNodeInfo.java:getPort(197)) - ConfigKey ozone.scm.block.client.address is deprecated, For configuring different ports for each SCM use PortConfigKey ozone.scm.block.client.port appended with serviceId and nodeId
2021-09-17 14:21:10,476 [Listener at 0.0.0.0/13663] INFO  ha.SCMNodeInfo (SCMNodeInfo.java:getPort(197)) - ConfigKey ozone.scm.datanode.address is deprecated, For configuring different ports for each SCM use PortConfigKey ozone.scm.datanode.port appended with serviceId and nodeId
2021-09-17 14:21:10,476 [Listener at 0.0.0.0/13663] INFO  ha.SCMNodeInfo (SCMNodeInfo.java:getPort(197)) - ConfigKey ozone.scm.client.address is deprecated, For configuring different ports for each SCM use PortConfigKey ozone.scm.client.port appended with serviceId and nodeId
2021-09-17 14:21:10,476 [Listener at 0.0.0.0/13663] INFO  ha.SCMNodeInfo (SCMNodeInfo.java:getPort(197)) - ConfigKey ozone.scm.block.client.address is deprecated, For configuring different ports for each SCM use PortConfigKey ozone.scm.block.client.port appended with serviceId and nodeId
2021-09-17 14:21:10,477 [Listener at 0.0.0.0/13663] INFO  ha.SCMNodeInfo (SCMNodeInfo.java:getPort(197)) - ConfigKey ozone.scm.datanode.address is deprecated, For configuring different ports for each SCM use PortConfigKey ozone.scm.datanode.port appended with serviceId and nodeId
2021-09-17 14:21:10,477 [Listener at 0.0.0.0/13663] INFO  ha.SCMNodeInfo (SCMNodeInfo.java:getPort(197)) - ConfigKey ozone.scm.client.address is deprecated, For configuring different ports for each SCM use PortConfigKey ozone.scm.client.port appended with serviceId and nodeId
2021-09-17 14:21:10,477 [Listener at 0.0.0.0/13663] INFO  ha.SCMNodeInfo (SCMNodeInfo.java:getPort(197)) - ConfigKey ozone.scm.block.client.address is deprecated, For configuring different ports for each SCM use PortConfigKey ozone.scm.block.client.port appended with serviceId and nodeId
2021-09-17 14:21:10,479 [Listener at 0.0.0.0/13663] INFO  ha.SCMNodeInfo (SCMNodeInfo.java:getPort(197)) - ConfigKey ozone.scm.datanode.address is deprecated, For configuring different ports for each SCM use PortConfigKey ozone.scm.datanode.port appended with serviceId and nodeId
OM initialization succeeded.Current cluster id for sd=/home/runner/work/ozone/ozone/hadoop-ozone/integration-test/target/test-dir/MiniOzoneClusterImpl-3d3fab62-48bb-41e0-9886-50eb3b9e447a/omNode-1/om;cid=3d3fab62-48bb-41e0-9886-50eb3b9e447a;layoutVersion=0
2021-09-17 14:21:10,501 [Listener at 0.0.0.0/13663] INFO  ha.OMHANodeDetails (OMHANodeDetails.java:loadOMHAConfig(118)) - ServiceID for OzoneManager is om-service-test1
2021-09-17 14:21:10,501 [Listener at 0.0.0.0/13663] INFO  ha.OMHANodeDetails (OMHANodeDetails.java:loadOMHAConfig(194)) - Found matching OM address with OMServiceId: om-service-test1, OMNodeId: omNode-1, RPC Address: localhost:13392 and Ratis port: 13396
2021-09-17 14:21:10,501 [Listener at 0.0.0.0/13663] INFO  ha.OMHANodeDetails (ConfUtils.java:setNodeSpecificConfigs(108)) - Setting configuration key ozone.om.http-address with value of key ozone.om.http-address.om-service-test1.omNode-1: 127.0.0.1:13394
2021-09-17 14:21:10,502 [Listener at 0.0.0.0/13663] INFO  ha.OMHANodeDetails (ConfUtils.java:setNodeSpecificConfigs(108)) - Setting configuration key ozone.om.https-address with value of key ozone.om.https-address.om-service-test1.omNode-1: 127.0.0.1:13395
2021-09-17 14:21:10,502 [Listener at 0.0.0.0/13663] INFO  ha.OMHANodeDetails (ConfUtils.java:setNodeSpecificConfigs(108)) - Setting configuration key ozone.om.address with value of key ozone.om.address.om-service-test1.omNode-1: 127.0.0.1:13392
2021-09-17 14:21:10,502 [Listener at 0.0.0.0/13663] WARN  server.ServerUtils (ServerUtils.java:getDBPath(225)) - ozone.om.db.dirs is not configured. We recommend adding this setting. Falling back to ozone.metadata.dirs instead.
2021-09-17 14:21:10,503 [Listener at 0.0.0.0/13663] INFO  upgrade.AbstractLayoutVersionManager (AbstractLayoutVersionManager.java:init(79)) - Initializing Layout version manager with metadata layout = INITIAL_VERSION (version = 0), software layout = INITIAL_VERSION (version = 0)
2021-09-17 14:21:10,532 [EndpointStateMachine task thread for /127.0.0.1:14605 - 0 ] INFO  ipc.Client (Client.java:handleConnectionFailure(977)) - Retrying connect to server: localhost/127.0.0.1:14605. Already tried 1 time(s); retry policy is RetryUpToMaximumCountWithFixedSleep(maxRetries=15, sleepTime=1000 MILLISECONDS)
2021-09-17 14:21:10,600 [Listener at 0.0.0.0/13663] INFO  reflections.Reflections (Reflections.java:scan(232)) - Reflections took 96 ms to scan 2 urls, producing 131 keys and 342 values [using 2 cores]
2021-09-17 14:21:10,600 [Listener at 0.0.0.0/13663] INFO  upgrade.OMLayoutVersionManager (OMLayoutVersionManager.java:lambda$0(115)) - Skipping Upgrade Action MockOmUpgradeAction since it has been finalized.
2021-09-17 14:21:10,601 [Listener at 0.0.0.0/13663] WARN  server.ServerUtils (ServerUtils.java:getDBPath(225)) - ozone.om.db.dirs is not configured. We recommend adding this setting. Falling back to ozone.metadata.dirs instead.
2021-09-17 14:21:10,601 [Listener at 0.0.0.0/13663] INFO  ha.SCMNodeInfo (SCMNodeInfo.java:getPort(197)) - ConfigKey ozone.scm.client.address is deprecated, For configuring different ports for each SCM use PortConfigKey ozone.scm.client.port appended with serviceId and nodeId
2021-09-17 14:21:10,601 [Listener at 0.0.0.0/13663] INFO  ha.SCMNodeInfo (SCMNodeInfo.java:getPort(197)) - ConfigKey ozone.scm.block.client.address is deprecated, For configuring different ports for each SCM use PortConfigKey ozone.scm.block.client.port appended with serviceId and nodeId
2021-09-17 14:21:10,601 [Listener at 0.0.0.0/13663] INFO  ha.SCMNodeInfo (SCMNodeInfo.java:getPort(197)) - ConfigKey ozone.scm.datanode.address is deprecated, For configuring different ports for each SCM use PortConfigKey ozone.scm.datanode.port appended with serviceId and nodeId
2021-09-17 14:21:10,601 [Listener at 0.0.0.0/13663] INFO  ha.SCMNodeInfo (SCMNodeInfo.java:getPort(197)) - ConfigKey ozone.scm.client.address is deprecated, For configuring different ports for each SCM use PortConfigKey ozone.scm.client.port appended with serviceId and nodeId
2021-09-17 14:21:10,602 [Listener at 0.0.0.0/13663] INFO  ha.SCMNodeInfo (SCMNodeInfo.java:getPort(197)) - ConfigKey ozone.scm.block.client.address is deprecated, For configuring different ports for each SCM use PortConfigKey ozone.scm.block.client.port appended with serviceId and nodeId
2021-09-17 14:21:10,602 [Listener at 0.0.0.0/13663] INFO  ha.SCMNodeInfo (SCMNodeInfo.java:getPort(197)) - ConfigKey ozone.scm.datanode.address is deprecated, For configuring different ports for each SCM use PortConfigKey ozone.scm.datanode.port appended with serviceId and nodeId
2021-09-17 14:21:10,602 [Listener at 0.0.0.0/13663] INFO  ha.SCMNodeInfo (SCMNodeInfo.java:getPort(197)) - ConfigKey ozone.scm.client.address is deprecated, For configuring different ports for each SCM use PortConfigKey ozone.scm.client.port appended with serviceId and nodeId
2021-09-17 14:21:10,602 [Listener at 0.0.0.0/13663] INFO  ha.SCMNodeInfo (SCMNodeInfo.java:getPort(197)) - ConfigKey ozone.scm.block.client.address is deprecated, For configuring different ports for each SCM use PortConfigKey ozone.scm.block.client.port appended with serviceId and nodeId
2021-09-17 14:21:10,602 [Listener at 0.0.0.0/13663] INFO  ha.SCMNodeInfo (SCMNodeInfo.java:getPort(197)) - ConfigKey ozone.scm.datanode.address is deprecated, For configuring different ports for each SCM use PortConfigKey ozone.scm.datanode.port appended with serviceId and nodeId
2021-09-17 14:21:10,602 [Listener at 0.0.0.0/13663] INFO  ha.SCMNodeInfo (SCMNodeInfo.java:getPort(197)) - ConfigKey ozone.scm.client.address is deprecated, For configuring different ports for each SCM use PortConfigKey ozone.scm.client.port appended with serviceId and nodeId
2021-09-17 14:21:10,603 [Listener at 0.0.0.0/13663] INFO  ha.SCMNodeInfo (SCMNodeInfo.java:getPort(197)) - ConfigKey ozone.scm.block.client.address is deprecated, For configuring different ports for each SCM use PortConfigKey ozone.scm.block.client.port appended with serviceId and nodeId
2021-09-17 14:21:10,603 [Listener at 0.0.0.0/13663] INFO  ha.SCMNodeInfo (SCMNodeInfo.java:getPort(197)) - ConfigKey ozone.scm.datanode.address is deprecated, For configuring different ports for each SCM use PortConfigKey ozone.scm.datanode.port appended with serviceId and nodeId
2021-09-17 14:21:10,603 [Listener at 0.0.0.0/13663] INFO  ha.SCMNodeInfo (SCMNodeInfo.java:getPort(197)) - ConfigKey ozone.scm.client.address is deprecated, For configuring different ports for each SCM use PortConfigKey ozone.scm.client.port appended with serviceId and nodeId
2021-09-17 14:21:10,603 [Listener at 0.0.0.0/13663] INFO  ha.SCMNodeInfo (SCMNodeInfo.java:getPort(197)) - ConfigKey ozone.scm.block.client.address is deprecated, For configuring different ports for each SCM use PortConfigKey ozone.scm.block.client.port appended with serviceId and nodeId
2021-09-17 14:21:10,603 [Listener at 0.0.0.0/13663] INFO  ha.SCMNodeInfo (SCMNodeInfo.java:getPort(197)) - ConfigKey ozone.scm.datanode.address is deprecated, For configuring different ports for each SCM use PortConfigKey ozone.scm.datanode.port appended with serviceId and nodeId
2021-09-17 14:21:10,603 [Listener at 0.0.0.0/13663] INFO  ha.SCMNodeInfo (SCMNodeInfo.java:getPort(197)) - ConfigKey ozone.scm.client.address is deprecated, For configuring different ports for each SCM use PortConfigKey ozone.scm.client.port appended with serviceId and nodeId
2021-09-17 14:21:10,604 [Listener at 0.0.0.0/13663] INFO  ha.SCMNodeInfo (SCMNodeInfo.java:getPort(197)) - ConfigKey ozone.scm.block.client.address is deprecated, For configuring different ports for each SCM use PortConfigKey ozone.scm.block.client.port appended with serviceId and nodeId
2021-09-17 14:21:10,604 [Listener at 0.0.0.0/13663] INFO  ha.SCMNodeInfo (SCMNodeInfo.java:getPort(197)) - ConfigKey ozone.scm.datanode.address is deprecated, For configuring different ports for each SCM use PortConfigKey ozone.scm.datanode.port appended with serviceId and nodeId
2021-09-17 14:21:10,606 [Listener at 0.0.0.0/13663] INFO  ha.SCMNodeInfo (SCMNodeInfo.java:getPort(197)) - ConfigKey ozone.scm.client.address is deprecated, For configuring different ports for each SCM use PortConfigKey ozone.scm.client.port appended with serviceId and nodeId
2021-09-17 14:21:10,606 [Listener at 0.0.0.0/13663] INFO  ha.SCMNodeInfo (SCMNodeInfo.java:getPort(197)) - ConfigKey ozone.scm.block.client.address is deprecated, For configuring different ports for each SCM use PortConfigKey ozone.scm.block.client.port appended with serviceId and nodeId
2021-09-17 14:21:10,607 [Listener at 0.0.0.0/13663] INFO  ha.SCMNodeInfo (SCMNodeInfo.java:getPort(197)) - ConfigKey ozone.scm.datanode.address is deprecated, For configuring different ports for each SCM use PortConfigKey ozone.scm.datanode.port appended with serviceId and nodeId
2021-09-17 14:21:10,607 [Listener at 0.0.0.0/13663] INFO  ha.SCMNodeInfo (SCMNodeInfo.java:getPort(197)) - ConfigKey ozone.scm.client.address is deprecated, For configuring different ports for each SCM use PortConfigKey ozone.scm.client.port appended with serviceId and nodeId
2021-09-17 14:21:10,607 [Listener at 0.0.0.0/13663] INFO  ha.SCMNodeInfo (SCMNodeInfo.java:getPort(197)) - ConfigKey ozone.scm.block.client.address is deprecated, For configuring different ports for each SCM use PortConfigKey ozone.scm.block.client.port appended with serviceId and nodeId
2021-09-17 14:21:10,607 [Listener at 0.0.0.0/13663] INFO  ha.SCMNodeInfo (SCMNodeInfo.java:getPort(197)) - ConfigKey ozone.scm.datanode.address is deprecated, For configuring different ports for each SCM use PortConfigKey ozone.scm.datanode.port appended with serviceId and nodeId
2021-09-17 14:21:10,607 [Listener at 0.0.0.0/13663] INFO  ha.SCMNodeInfo (SCMNodeInfo.java:getPort(197)) - ConfigKey ozone.scm.client.address is deprecated, For configuring different ports for each SCM use PortConfigKey ozone.scm.client.port appended with serviceId and nodeId
2021-09-17 14:21:10,607 [Listener at 0.0.0.0/13663] INFO  ha.SCMNodeInfo (SCMNodeInfo.java:getPort(197)) - ConfigKey ozone.scm.block.client.address is deprecated, For configuring different ports for each SCM use PortConfigKey ozone.scm.block.client.port appended with serviceId and nodeId
2021-09-17 14:21:10,607 [Listener at 0.0.0.0/13663] INFO  ha.SCMNodeInfo (SCMNodeInfo.java:getPort(197)) - ConfigKey ozone.scm.datanode.address is deprecated, For configuring different ports for each SCM use PortConfigKey ozone.scm.datanode.port appended with serviceId and nodeId
2021-09-17 14:21:10,623 [Listener at 0.0.0.0/13663] WARN  server.ServerUtils (ServerUtils.java:getDBPath(225)) - ozone.om.db.dirs is not configured. We recommend adding this setting. Falling back to ozone.metadata.dirs instead.
2021-09-17 14:21:10,624 [Listener at 0.0.0.0/13663] INFO  codec.OmKeyInfoCodec (OmKeyInfoCodec.java:<init>(51)) - OmKeyInfoCodec ignorePipeline = true
2021-09-17 14:21:10,624 [Listener at 0.0.0.0/13663] INFO  codec.RepeatedOmKeyInfoCodec (RepeatedOmKeyInfoCodec.java:<init>(42)) - RepeatedOmKeyInfoCodec ignorePipeline = true
2021-09-17 14:21:10,882 [Listener at 0.0.0.0/13663] INFO  om.OzoneManager (OzoneManager.java:addS3GVolumeToDB(4127)) - Created Volume s3v With Owner runner required for S3Gateway operations.
2021-09-17 14:21:10,882 [Listener at 0.0.0.0/13663] WARN  server.ServerUtils (ServerUtils.java:getDefaultRatisDirectory(237)) - Storage directory for Ratis is not configured. It is a good idea to map this to an SSD disk. Falling back to ozone.metadata.dirs
2021-09-17 14:21:10,882 [Listener at 0.0.0.0/13663] WARN  utils.OzoneManagerRatisUtils (OzoneManagerRatisUtils.java:getOMRatisSnapshotDirectory(391)) - ozone.om.ratis.snapshot.dir is not configured. Falling back to ozone.metadata.dirs config
2021-09-17 14:21:10,883 [Listener at 0.0.0.0/13663] WARN  impl.MetricRegistriesImpl (MetricRegistriesImpl.java:addReporterRegistration(111)) - New reporters are added after registries were created. Some metrics will be missing from the reporter. Please add reporter before adding any new registry.
2021-09-17 14:21:10,883 [Listener at 0.0.0.0/13663] WARN  impl.MetricRegistriesImpl (MetricRegistriesImpl.java:addReporterRegistration(111)) - New reporters are added after registries were created. Some metrics will be missing from the reporter. Please add reporter before adding any new registry.
2021-09-17 14:21:10,883 [Listener at 0.0.0.0/13663] WARN  server.ServerUtils (ServerUtils.java:getDefaultRatisDirectory(237)) - Storage directory for Ratis is not configured. It is a good idea to map this to an SSD disk. Falling back to ozone.metadata.dirs
2021-09-17 14:21:10,884 [Listener at 0.0.0.0/13663] INFO  ratis.OzoneManagerRatisServer (OzoneManagerRatisServer.java:<init>(158)) - Instantiating OM Ratis server with groupID: om-service-test1 and peers: localhost:13396
2021-09-17 14:21:10,884 [Listener at 0.0.0.0/13663] INFO  ratis.OzoneManagerStateMachine (OzoneManagerStateMachine.java:loadSnapshotInfoFromDB(605)) - LastAppliedIndex is set from TransactionInfo from OM DB as (t:0, i:~)
2021-09-17 14:21:10,894 [Listener at 0.0.0.0/13663] INFO  server.RaftServer (ConfUtils.java:logGet(44)) - raft.rpc.type = GRPC (default)
2021-09-17 14:21:10,895 [Listener at 0.0.0.0/13663] INFO  grpc.GrpcFactory (GrpcFactory.java:checkPooledByteBufAllocatorUseCacheForAllThreads(48)) - PERFORMANCE WARNING: useCacheForAllThreads is true that may cause Netty to create a lot garbage objects and, as a result, trigger GC.
	It is recommended to disable useCacheForAllThreads by setting -Dorg.apache.ratis.thirdparty.io.netty.allocator.useCacheForAllThreads=false in command line.
2021-09-17 14:21:10,895 [Listener at 0.0.0.0/13663] INFO  grpc.GrpcConfigKeys (ConfUtils.java:logGet(44)) - raft.grpc.admin.port = -1 (default)
2021-09-17 14:21:10,895 [Listener at 0.0.0.0/13663] INFO  grpc.GrpcConfigKeys (ConfUtils.java:logGet(44)) - raft.grpc.server.port = 13396 (custom)
2021-09-17 14:21:10,895 [Listener at 0.0.0.0/13663] INFO  grpc.GrpcConfigKeys (ConfUtils.java:logGet(44)) - raft.grpc.client.port = -1 (default)
2021-09-17 14:21:10,895 [Listener at 0.0.0.0/13663] INFO  grpc.GrpcConfigKeys (ConfUtils.java:logGet(44)) - raft.grpc.server.port = 13396 (custom)
2021-09-17 14:21:10,895 [Listener at 0.0.0.0/13663] INFO  grpc.GrpcConfigKeys (ConfUtils.java:logGet(44)) - raft.grpc.server.port = 13396 (custom)
2021-09-17 14:21:10,896 [Listener at 0.0.0.0/13663] INFO  server.GrpcService (ConfUtils.java:logGet(44)) - raft.grpc.message.size.max = 33554432 (custom)
2021-09-17 14:21:10,896 [Listener at 0.0.0.0/13663] INFO  server.RaftServerConfigKeys (ConfUtils.java:logGet(44)) - raft.server.log.appender.buffer.byte-limit = 33554432 (custom)
2021-09-17 14:21:10,896 [Listener at 0.0.0.0/13663] INFO  server.GrpcService (ConfUtils.java:logGet(44)) - raft.grpc.flow.control.window = 1MB (=1048576) (default)
2021-09-17 14:21:10,896 [Listener at 0.0.0.0/13663] INFO  server.RaftServerConfigKeys (ConfUtils.java:logGet(44)) - raft.server.rpc.request.timeout = 3000ms (default)
2021-09-17 14:21:10,899 [Listener at 0.0.0.0/13663] INFO  impl.DataStreamServerImpl (ConfUtils.java:logGet(44)) - raft.datastream.type = DISABLED (default)
2021-09-17 14:21:10,899 [Listener at 0.0.0.0/13663] INFO  server.RaftServerConfigKeys (ConfUtils.java:logGet(44)) - raft.server.rpc.slowness.timeout = 2s (custom)
2021-09-17 14:21:10,899 [Listener at 0.0.0.0/13663] INFO  server.RaftServerConfigKeys (ConfUtils.java:logGet(44)) - raft.server.leaderelection.leader.step-down.wait-time = 10s (default)
2021-09-17 14:21:10,900 [Listener at 0.0.0.0/13663] INFO  server.RaftServerConfigKeys (ConfUtils.java:logGet(44)) - raft.server.storage.dir = [/home/runner/work/ozone/ozone/hadoop-ozone/integration-test/target/test-dir/MiniOzoneClusterImpl-3d3fab62-48bb-41e0-9886-50eb3b9e447a/omNode-1/ratis] (custom)
2021-09-17 14:21:10,920 [Listener at 0.0.0.0/13663] INFO  server.RaftServer (RaftServerProxy.java:addNew(95)) - omNode-1: addNew group-523986131536:[omNode-1|rpc:localhost:13396|priority:0] returns group-523986131536:java.util.concurrent.CompletableFuture@62d6caf9[Not completed]
2021-09-17 14:21:10,920 [pool-251-thread-1] INFO  server.RaftServer$Division (RaftServerImpl.java:<init>(181)) - omNode-1: new RaftServerImpl for group-523986131536:[omNode-1|rpc:localhost:13396|priority:0] with OzoneManagerStateMachine:uninitialized
2021-09-17 14:21:10,920 [Listener at 0.0.0.0/13663] INFO  om.OzoneManager (OzoneManager.java:initializeRatisServer(1585)) - OzoneManager Ratis server initialized at port 13396
2021-09-17 14:21:10,924 [pool-251-thread-1] INFO  server.RaftServerConfigKeys (ConfUtils.java:logGet(44)) - raft.server.rpc.timeout.min = 1s (custom)
2021-09-17 14:21:10,925 [pool-251-thread-1] INFO  server.RaftServerConfigKeys (ConfUtils.java:logGet(44)) - raft.server.rpc.timeout.max = 1200ms (custom)
2021-09-17 14:21:10,925 [pool-251-thread-1] INFO  server.RaftServerConfigKeys (ConfUtils.java:logGet(44)) - raft.server.rpc.sleep.time = 25ms (default)
2021-09-17 14:21:10,925 [pool-251-thread-1] INFO  server.RaftServerConfigKeys (ConfUtils.java:logGet(44)) - raft.server.rpc.slowness.timeout = 2s (custom)
2021-09-17 14:21:10,925 [pool-251-thread-1] INFO  server.RaftServerConfigKeys (ConfUtils.java:logGet(44)) - raft.server.leaderelection.leader.step-down.wait-time = 10s (default)
2021-09-17 14:21:10,925 [pool-251-thread-1] INFO  server.RaftServerConfigKeys (ConfUtils.java:logGet(44)) - raft.server.sleep.deviation.threshold = 300ms (default)
2021-09-17 14:21:10,925 [pool-251-thread-1] INFO  server.RaftServerConfigKeys (ConfUtils.java:logGet(44)) - raft.server.log.appender.install.snapshot.enabled = false (custom)
2021-09-17 14:21:10,925 [pool-251-thread-1] INFO  server.RaftServer$Division (ServerState.java:<init>(105)) - omNode-1@group-523986131536: ConfigurationManager, init=-1: [omNode-1|rpc:localhost:13396|priority:0], old=null, confs=<EMPTY_MAP>
2021-09-17 14:21:10,925 [Listener at 0.0.0.0/13663] INFO  ipc.CallQueueManager (CallQueueManager.java:<init>(90)) - Using callQueue: class java.util.concurrent.LinkedBlockingQueue, queueCapacity: 2000, scheduler: class org.apache.hadoop.ipc.DefaultRpcScheduler, ipcBackoff: false.
2021-09-17 14:21:10,925 [pool-251-thread-1] INFO  server.RaftServerConfigKeys (ConfUtils.java:logGet(44)) - raft.server.storage.dir = [/home/runner/work/ozone/ozone/hadoop-ozone/integration-test/target/test-dir/MiniOzoneClusterImpl-3d3fab62-48bb-41e0-9886-50eb3b9e447a/omNode-1/ratis] (custom)
2021-09-17 14:21:10,927 [pool-251-thread-1] INFO  server.RaftServerConfigKeys (ConfUtils.java:logGet(44)) - raft.server.log.corruption.policy = EXCEPTION (default)
2021-09-17 14:21:10,928 [pool-251-thread-1] INFO  server.RaftServerConfigKeys (ConfUtils.java:logGet(44)) - raft.server.storage.free-space.min = 0MB (=0) (default)
2021-09-17 14:21:10,928 [pool-251-thread-1] INFO  storage.RaftStorageDirectory (RaftStorageDirectoryImpl.java:analyzeStorage(135)) - The storage directory /home/runner/work/ozone/ozone/hadoop-ozone/integration-test/target/test-dir/MiniOzoneClusterImpl-3d3fab62-48bb-41e0-9886-50eb3b9e447a/omNode-1/ratis/c9bc4cf4-3bc3-3c60-a66b-523986131536 does not exist. Creating ...
2021-09-17 14:21:10,933 [pool-251-thread-1] INFO  storage.RaftStorageDirectory (RaftStorageDirectoryImpl.java:tryLock(230)) - Lock on /home/runner/work/ozone/ozone/hadoop-ozone/integration-test/target/test-dir/MiniOzoneClusterImpl-3d3fab62-48bb-41e0-9886-50eb3b9e447a/omNode-1/ratis/c9bc4cf4-3bc3-3c60-a66b-523986131536/in_use.lock acquired by nodename 9576@fv-az116-264
2021-09-17 14:21:10,933 [Socket Reader #1 for port 13392] INFO  ipc.Server (Server.java:run(1265)) - Starting Socket Reader #1 for port 13392
2021-09-17 14:21:10,935 [pool-251-thread-1] INFO  storage.RaftStorage (RaftStorageImpl.java:format(89)) - Storage directory /home/runner/work/ozone/ozone/hadoop-ozone/integration-test/target/test-dir/MiniOzoneClusterImpl-3d3fab62-48bb-41e0-9886-50eb3b9e447a/omNode-1/ratis/c9bc4cf4-3bc3-3c60-a66b-523986131536 has been successfully formatted.
2021-09-17 14:21:10,935 [pool-251-thread-1] INFO  server.RaftServerConfigKeys (ConfUtils.java:logGet(44)) - raft.server.notification.no-leader.timeout = 2s (custom)
2021-09-17 14:21:10,935 [pool-251-thread-1] INFO  server.RaftServerConfigKeys (ConfUtils.java:logGet(44)) - raft.server.log.use.memory = false (default)
2021-09-17 14:21:10,935 [pool-251-thread-1] INFO  server.RaftServerConfigKeys (ConfUtils.java:logGet(44)) - raft.server.log.purge.gap = 1000000 (custom)
2021-09-17 14:21:10,935 [pool-251-thread-1] INFO  server.RaftServerConfigKeys (ConfUtils.java:logGet(44)) - raft.server.log.appender.buffer.byte-limit = 33554432 (custom)
2021-09-17 14:21:10,936 [pool-251-thread-1] INFO  server.RaftServerConfigKeys (ConfUtils.java:logGet(44)) - raft.server.log.segment.size.max = 4194304 (custom)
2021-09-17 14:21:10,955 [EndpointStateMachine task thread for /127.0.0.1:14615 - 0 ] INFO  ipc.Client (Client.java:handleConnectionFailure(977)) - Retrying connect to server: localhost/127.0.0.1:14615. Already tried 0 time(s); retry policy is RetryUpToMaximumCountWithFixedSleep(maxRetries=15, sleepTime=1000 MILLISECONDS)
2021-09-17 14:21:10,955 [EndpointStateMachine task thread for /127.0.0.1:14625 - 0 ] INFO  ipc.Client (Client.java:handleConnectionFailure(977)) - Retrying connect to server: localhost/127.0.0.1:14625. Already tried 0 time(s); retry policy is RetryUpToMaximumCountWithFixedSleep(maxRetries=15, sleepTime=1000 MILLISECONDS)
2021-09-17 14:21:10,955 [pool-251-thread-1] INFO  server.RaftServerConfigKeys (ConfUtils.java:logGet(44)) - raft.server.log.segment.cache.num.max = 2 (custom)
2021-09-17 14:21:10,956 [pool-251-thread-1] INFO  server.RaftServerConfigKeys (ConfUtils.java:logGet(44)) - raft.server.log.segment.cache.size.max = 200MB (=209715200) (default)
2021-09-17 14:21:10,956 [pool-251-thread-1] INFO  segmented.SegmentedRaftLogWorker (SegmentedRaftLogWorker.java:<init>(182)) - new omNode-1@group-523986131536-SegmentedRaftLogWorker for RaftStorageImpl:Storage Directory /home/runner/work/ozone/ozone/hadoop-ozone/integration-test/target/test-dir/MiniOzoneClusterImpl-3d3fab62-48bb-41e0-9886-50eb3b9e447a/omNode-1/ratis/c9bc4cf4-3bc3-3c60-a66b-523986131536
2021-09-17 14:21:10,956 [pool-251-thread-1] INFO  server.RaftServerConfigKeys (ConfUtils.java:logGet(44)) - raft.server.log.queue.byte-limit = 64MB (=67108864) (default)
2021-09-17 14:21:10,956 [pool-251-thread-1] INFO  server.RaftServerConfigKeys (ConfUtils.java:logGet(44)) - raft.server.log.queue.element-limit = 4096 (default)
2021-09-17 14:21:10,956 [pool-251-thread-1] INFO  server.RaftServerConfigKeys (ConfUtils.java:logGet(44)) - raft.server.log.segment.size.max = 4194304 (custom)
2021-09-17 14:21:10,956 [pool-251-thread-1] INFO  server.RaftServerConfigKeys (ConfUtils.java:logGet(44)) - raft.server.log.preallocated.size = 4194304 (custom)
2021-09-17 14:21:10,956 [pool-251-thread-1] INFO  server.RaftServerConfigKeys (ConfUtils.java:logGet(44)) - raft.server.log.force.sync.num = 128 (default)
2021-09-17 14:21:10,956 [pool-251-thread-1] INFO  server.RaftServerConfigKeys (ConfUtils.java:logGet(44)) - raft.server.log.statemachine.data.sync = true (default)
2021-09-17 14:21:10,956 [pool-251-thread-1] INFO  server.RaftServerConfigKeys (ConfUtils.java:logGet(44)) - raft.server.log.statemachine.data.sync.timeout = 10s (default)
2021-09-17 14:21:10,956 [pool-251-thread-1] INFO  server.RaftServerConfigKeys (ConfUtils.java:logGet(44)) - raft.server.log.statemachine.data.sync.timeout.retry = -1 (default)
2021-09-17 14:21:10,957 [pool-251-thread-1] INFO  server.RaftServerConfigKeys (ConfUtils.java:logGet(44)) - raft.server.log.write.buffer.size = 64KB (=65536) (default)
2021-09-17 14:21:10,957 [pool-251-thread-1] INFO  server.RaftServerConfigKeys (ConfUtils.java:logGet(44)) - raft.server.log.statemachine.data.caching.enabled = false (default)
2021-09-17 14:21:10,957 [pool-251-thread-1] INFO  segmented.SegmentedRaftLogWorker (SegmentedRaftLogWorker.java:lambda$new$0(133)) - omNode-1@group-523986131536-SegmentedRaftLogWorker: flushIndex: setUnconditionally 0 -> -1
2021-09-17 14:21:10,957 [pool-251-thread-1] INFO  segmented.SegmentedRaftLogWorker (SegmentedRaftLogWorker.java:lambda$new$0(133)) - omNode-1@group-523986131536-SegmentedRaftLogWorker: safeCacheEvictIndex: setUnconditionally 0 -> -1
2021-09-17 14:21:10,958 [pool-251-thread-1] INFO  server.RaftServerConfigKeys (ConfUtils.java:logGet(44)) - raft.server.snapshot.auto.trigger.enabled = true (custom)
2021-09-17 14:21:10,958 [pool-251-thread-1] INFO  server.RaftServerConfigKeys (ConfUtils.java:logGet(44)) - raft.server.snapshot.auto.trigger.threshold = 400000 (default)
2021-09-17 14:21:10,958 [pool-251-thread-1] INFO  server.RaftServerConfigKeys (ConfUtils.java:logGet(44)) - raft.server.snapshot.retention.file.num = -1 (default)
2021-09-17 14:21:10,958 [pool-251-thread-1] INFO  server.RaftServerConfigKeys (ConfUtils.java:logGet(44)) - raft.server.log.purge.upto.snapshot.index = true (custom)
2021-09-17 14:21:10,958 [pool-251-thread-1] INFO  server.RaftServerConfigKeys (ConfUtils.java:logGet(44)) - raft.server.retrycache.expirytime = 300s (custom)
2021-09-17 14:21:10,958 [pool-251-thread-1] INFO  server.RaftServerConfigKeys (ConfUtils.java:logGet(44)) - raft.server.retrycache.statistics.expirytime = 100μs (default)
2021-09-17 14:21:11,002 [Listener at 127.0.0.1/13392] INFO  om.OzoneManager (OzoneManager.java:initFSOLayout(4333)) - Configured ozone.om.metadata.layout=SIMPLE and disabled optimized OM FS operations
2021-09-17 14:21:11,003 [Listener at 127.0.0.1/13392] INFO  impl.MetricsSystemImpl (MetricsSystemImpl.java:init(158)) - OzoneManager metrics system started (again)
2021-09-17 14:21:11,053 [Listener at 127.0.0.1/13392] INFO  om.OzoneManager (OzoneManager.java:start(1281)) - OzoneManager RPC server is listening at localhost/127.0.0.1:13392
2021-09-17 14:21:11,054 [Listener at 127.0.0.1/13392] INFO  ratis.OzoneManagerRatisServer (OzoneManagerRatisServer.java:start(516)) - Starting OzoneManagerRatisServer omNode-1 at port 13396
2021-09-17 14:21:11,054 [Listener at 127.0.0.1/13392] INFO  server.RaftServer$Division (RaftServerImpl.java:start(296)) - omNode-1@group-523986131536: start as a follower, conf=-1: [omNode-1|rpc:localhost:13396|priority:0], old=null
2021-09-17 14:21:11,054 [Listener at 127.0.0.1/13392] INFO  server.RaftServer$Division (RaftServerImpl.java:setRole(285)) - omNode-1@group-523986131536: changes role from      null to FOLLOWER at term 0 for startAsFollower
2021-09-17 14:21:11,054 [Listener at 127.0.0.1/13392] INFO  impl.RoleInfo (RoleInfo.java:updateAndGet(130)) - omNode-1: start omNode-1@group-523986131536-FollowerState
2021-09-17 14:21:11,061 [Listener at 127.0.0.1/13392] INFO  util.JmxRegister (JmxRegister.java:tryRegister(44)) - Successfully registered JMX Bean with object name Ratis:service=RaftServer,group=group-523986131536,id=omNode-1
2021-09-17 14:21:11,065 [Listener at 127.0.0.1/13392] INFO  server.RaftServer (RaftServerProxy.java:lambda$start$5(374)) - omNode-1: start RPC server
2021-09-17 14:21:11,069 [Listener at 127.0.0.1/13392] INFO  server.GrpcService (GrpcService.java:startImpl(253)) - omNode-1: GrpcService started, listening on 13396
2021-09-17 14:21:11,088 [Listener at 127.0.0.1/13392] INFO  om.OzoneManager (OzoneManager.java:start(1299)) - Version File has different layout version (0) than OM DB (null). That is expected if this OM has never been finalized to a newer layout version.
2021-09-17 14:21:11,088 [org.apache.ratis.util.JvmPauseMonitor$$Lambda$499/723602324@67ac1be1] INFO  util.JvmPauseMonitor (JvmPauseMonitor.java:run(103)) - JvmPauseMonitor-omNode-1: Started
2021-09-17 14:21:11,097 [Listener at 127.0.0.1/13392] INFO  http.BaseHttpServer (BaseHttpServer.java:newHttpServer2BuilderForOzone(209)) - Starting Web-server for ozoneManager at: http://0.0.0.0:13394
2021-09-17 14:21:11,097 [Listener at 127.0.0.1/13392] INFO  http.BaseHttpServer (BaseHttpServer.java:<init>(107)) - Hadoop Security Enabled: false Ozone Security Enabled: false Ozone HTTP Security Enabled: false 
2021-09-17 14:21:11,099 [Listener at 127.0.0.1/13392] INFO  server.AuthenticationFilter (AuthenticationFilter.java:constructSecretProvider(240)) - Unable to initialize FileSignerSecretProvider, falling back to use random secrets.
2021-09-17 14:21:11,099 [Listener at 127.0.0.1/13392] WARN  http.HttpRequestLog (HttpRequestLog.java:getRequestLog(103)) - Jetty request log can only be enabled using Log4j
2021-09-17 14:21:11,102 [Listener at 127.0.0.1/13392] INFO  http.HttpServer2 (HttpServer2.java:addGlobalFilter(1030)) - Added global filter 'safety' (class=org.apache.hadoop.hdds.server.http.HttpServer2$QuotingInputFilter)
2021-09-17 14:21:11,102 [Listener at 127.0.0.1/13392] INFO  http.HttpServer2 (HttpServer2.java:addFilter(1006)) - Added filter static_user_filter (class=org.apache.hadoop.http.lib.StaticUserWebFilter$StaticUserFilter) to context ozoneManager
2021-09-17 14:21:11,102 [Listener at 127.0.0.1/13392] INFO  http.HttpServer2 (HttpServer2.java:addFilter(1014)) - Added filter static_user_filter (class=org.apache.hadoop.http.lib.StaticUserWebFilter$StaticUserFilter) to context logs
2021-09-17 14:21:11,103 [Listener at 127.0.0.1/13392] INFO  http.HttpServer2 (HttpServer2.java:addFilter(1014)) - Added filter static_user_filter (class=org.apache.hadoop.http.lib.StaticUserWebFilter$StaticUserFilter) to context static
2021-09-17 14:21:11,103 [Listener at 127.0.0.1/13392] INFO  http.HttpServer2 (HttpServer2.java:bindListener(1249)) - Jetty bound to port 13394
2021-09-17 14:21:11,103 [Listener at 127.0.0.1/13392] INFO  server.Server (Server.java:doStart(375)) - jetty-9.4.43.v20210629; built: 2021-06-30T11:07:22.254Z; git: 526006ecfa3af7f1a27ef3a288e2bef7ea9dd7e8; jvm 1.8.0_292-b10
2021-09-17 14:21:11,106 [Listener at 127.0.0.1/13392] INFO  server.session (DefaultSessionIdManager.java:doStart(334)) - DefaultSessionIdManager workerName=node0
2021-09-17 14:21:11,106 [Listener at 127.0.0.1/13392] INFO  server.session (DefaultSessionIdManager.java:doStart(339)) - No SessionScavenger set, using defaults
2021-09-17 14:21:11,106 [Listener at 127.0.0.1/13392] INFO  server.session (HouseKeeper.java:startScavenging(132)) - node0 Scavenging every 660000ms
2021-09-17 14:21:11,107 [Listener at 127.0.0.1/13392] INFO  handler.ContextHandler (ContextHandler.java:doStart(915)) - Started o.e.j.s.ServletContextHandler@4db0d696{logs,/logs,file:///home/runner/work/ozone/ozone/hadoop-ozone/integration-test/target/log,AVAILABLE}
2021-09-17 14:21:11,107 [Listener at 127.0.0.1/13392] INFO  handler.ContextHandler (ContextHandler.java:doStart(915)) - Started o.e.j.s.ServletContextHandler@69530799{static,/static,file:///home/runner/work/ozone/ozone/hadoop-ozone/integration-test/target/test-classes/webapps/static,AVAILABLE}
2021-09-17 14:21:11,114 [Listener at 127.0.0.1/13392] INFO  handler.ContextHandler (ContextHandler.java:doStart(915)) - Started o.e.j.w.WebAppContext@46261779{ozoneManager,/,file:///home/runner/work/ozone/ozone/hadoop-ozone/integration-test/target/test-classes/webapps/ozoneManager/,AVAILABLE}{file:/home/runner/work/ozone/ozone/hadoop-ozone/integration-test/target/test-classes/webapps/ozoneManager}
2021-09-17 14:21:11,124 [Listener at 127.0.0.1/13392] INFO  server.AbstractConnector (AbstractConnector.java:doStart(331)) - Started ServerConnector@53ba7b9c{HTTP/1.1, (http/1.1)}{0.0.0.0:13394}
2021-09-17 14:21:11,124 [Listener at 127.0.0.1/13392] INFO  server.Server (Server.java:doStart(415)) - Started @80490ms
2021-09-17 14:21:11,124 [Listener at 127.0.0.1/13392] WARN  impl.MetricsSystemImpl (MetricsSystemImpl.java:register(279)) - Sink prometheus already exists!
2021-09-17 14:21:11,128 [Listener at 127.0.0.1/13392] INFO  http.BaseHttpServer (BaseHttpServer.java:updateConnectorAddress(329)) - HTTP server of ozoneManager listening at http://0.0.0.0:13394
2021-09-17 14:21:11,129 [IPC Server Responder] INFO  ipc.Server (Server.java:run(1507)) - IPC Server Responder: starting
2021-09-17 14:21:11,143 [Listener at 127.0.0.1/13392] INFO  om.OzoneManager (OzoneManager.java:startTrashEmptier(1543)) - Trash Interval set to 0. Files deleted will not move to trash
2021-09-17 14:21:11,144 [Listener at 127.0.0.1/13392] INFO  ozone.MiniOzoneHAClusterImpl (MiniOzoneHAClusterImpl.java:createOMService(485)) - Started OzoneManager omNode-1 RPC server at localhost/127.0.0.1:13392
2021-09-17 14:21:11,145 [IPC Server listener on 13392] INFO  ipc.Server (Server.java:run(1344)) - IPC Server listener on 13392: starting
2021-09-17 14:21:11,156 [org.apache.hadoop.util.JvmPauseMonitor$Monitor@7c47f5b0] INFO  util.JvmPauseMonitor (JvmPauseMonitor.java:run(188)) - Starting JVM pause monitor
2021-09-17 14:21:11,166 [Listener at 127.0.0.1/13392] WARN  impl.MetricRegistriesImpl (MetricRegistriesImpl.java:addReporterRegistration(111)) - New reporters are added after registries were created. Some metrics will be missing from the reporter. Please add reporter before adding any new registry.
2021-09-17 14:21:11,166 [Listener at 127.0.0.1/13392] WARN  impl.MetricRegistriesImpl (MetricRegistriesImpl.java:addReporterRegistration(111)) - New reporters are added after registries were created. Some metrics will be missing from the reporter. Please add reporter before adding any new registry.
2021-09-17 14:21:11,166 [Listener at 127.0.0.1/13392] INFO  impl.MetricsSystemImpl (MetricsSystemImpl.java:init(158)) - HddsDatanode metrics system started (again)
2021-09-17 14:21:11,196 [Listener at 127.0.0.1/13392] INFO  ozone.HddsDatanodeService (HddsDatanodeService.java:start(234)) - HddsDatanodeService host:fv-az116-264.vzw04321ajxubdbcnpick5nqva.xx.internal.cloudapp.net ip:10.1.0.54
2021-09-17 14:21:11,223 [Listener at 127.0.0.1/13392] INFO  upgrade.AbstractLayoutVersionManager (AbstractLayoutVersionManager.java:init(79)) - Initializing Layout version manager with metadata layout = SCM_HA (version = 2), software layout = SCM_HA (version = 2)
2021-09-17 14:21:11,344 [Listener at 127.0.0.1/13392] INFO  reflections.Reflections (Reflections.java:scan(232)) - Reflections took 120 ms to scan 7 urls, producing 119 keys and 275 values 
2021-09-17 14:21:11,347 [Listener at 127.0.0.1/13392] INFO  ha.SCMNodeInfo (SCMNodeInfo.java:getPort(197)) - ConfigKey ozone.scm.client.address is deprecated, For configuring different ports for each SCM use PortConfigKey ozone.scm.client.port appended with serviceId and nodeId
2021-09-17 14:21:11,347 [Listener at 127.0.0.1/13392] INFO  ha.SCMNodeInfo (SCMNodeInfo.java:getPort(197)) - ConfigKey ozone.scm.block.client.address is deprecated, For configuring different ports for each SCM use PortConfigKey ozone.scm.block.client.port appended with serviceId and nodeId
2021-09-17 14:21:11,348 [Listener at 127.0.0.1/13392] INFO  ha.SCMNodeInfo (SCMNodeInfo.java:getPort(197)) - ConfigKey ozone.scm.datanode.address is deprecated, For configuring different ports for each SCM use PortConfigKey ozone.scm.datanode.port appended with serviceId and nodeId
2021-09-17 14:21:11,349 [Listener at 127.0.0.1/13392] INFO  ha.SCMNodeInfo (SCMNodeInfo.java:getPort(197)) - ConfigKey ozone.scm.client.address is deprecated, For configuring different ports for each SCM use PortConfigKey ozone.scm.client.port appended with serviceId and nodeId
2021-09-17 14:21:11,349 [Listener at 127.0.0.1/13392] INFO  ha.SCMNodeInfo (SCMNodeInfo.java:getPort(197)) - ConfigKey ozone.scm.block.client.address is deprecated, For configuring different ports for each SCM use PortConfigKey ozone.scm.block.client.port appended with serviceId and nodeId
2021-09-17 14:21:11,349 [Listener at 127.0.0.1/13392] INFO  ha.SCMNodeInfo (SCMNodeInfo.java:getPort(197)) - ConfigKey ozone.scm.datanode.address is deprecated, For configuring different ports for each SCM use PortConfigKey ozone.scm.datanode.port appended with serviceId and nodeId
2021-09-17 14:21:11,349 [Listener at 127.0.0.1/13392] INFO  ha.SCMNodeInfo (SCMNodeInfo.java:getPort(197)) - ConfigKey ozone.scm.client.address is deprecated, For configuring different ports for each SCM use PortConfigKey ozone.scm.client.port appended with serviceId and nodeId
2021-09-17 14:21:11,349 [Listener at 127.0.0.1/13392] INFO  ha.SCMNodeInfo (SCMNodeInfo.java:getPort(197)) - ConfigKey ozone.scm.block.client.address is deprecated, For configuring different ports for each SCM use PortConfigKey ozone.scm.block.client.port appended with serviceId and nodeId
2021-09-17 14:21:11,352 [Listener at 127.0.0.1/13392] INFO  ha.SCMNodeInfo (SCMNodeInfo.java:getPort(197)) - ConfigKey ozone.scm.datanode.address is deprecated, For configuring different ports for each SCM use PortConfigKey ozone.scm.datanode.port appended with serviceId and nodeId
2021-09-17 14:21:11,356 [Listener at 127.0.0.1/13392] INFO  volume.HddsVolume (HddsVolume.java:<init>(120)) - Creating HddsVolume: /home/runner/work/ozone/ozone/hadoop-ozone/integration-test/target/test-dir/MiniOzoneClusterImpl-3d3fab62-48bb-41e0-9886-50eb3b9e447a/datanode-0/data-0/containers/hdds of storage type : DISK capacity : 9223372036854775807
2021-09-17 14:21:11,357 [Listener at 127.0.0.1/13392] INFO  volume.MutableVolumeSet (MutableVolumeSet.java:initializeVolumeSet(168)) - Added Volume : /home/runner/work/ozone/ozone/hadoop-ozone/integration-test/target/test-dir/MiniOzoneClusterImpl-3d3fab62-48bb-41e0-9886-50eb3b9e447a/datanode-0/data-0/containers/hdds to VolumeSet
2021-09-17 14:21:11,357 [Listener at 127.0.0.1/13392] INFO  volume.ThrottledAsyncChecker (ThrottledAsyncChecker.java:schedule(141)) - Scheduling a check for /home/runner/work/ozone/ozone/hadoop-ozone/integration-test/target/test-dir/MiniOzoneClusterImpl-3d3fab62-48bb-41e0-9886-50eb3b9e447a/datanode-0/data-0/containers/hdds
2021-09-17 14:21:11,362 [Listener at 127.0.0.1/13392] INFO  volume.StorageVolumeChecker (StorageVolumeChecker.java:checkAllVolumes(202)) - Scheduled health check for volume /home/runner/work/ozone/ozone/hadoop-ozone/integration-test/target/test-dir/MiniOzoneClusterImpl-3d3fab62-48bb-41e0-9886-50eb3b9e447a/datanode-0/data-0/containers/hdds
2021-09-17 14:21:11,436 [Listener at 127.0.0.1/13392] INFO  volume.MutableVolumeSet (MutableVolumeSet.java:initializeVolumeSet(168)) - Added Volume : /home/runner/work/ozone/ozone/hadoop-ozone/integration-test/target/test-dir/MiniOzoneClusterImpl-3d3fab62-48bb-41e0-9886-50eb3b9e447a/datanode-0/data/ratis to VolumeSet
2021-09-17 14:21:11,436 [Listener at 127.0.0.1/13392] INFO  volume.ThrottledAsyncChecker (ThrottledAsyncChecker.java:schedule(141)) - Scheduling a check for /home/runner/work/ozone/ozone/hadoop-ozone/integration-test/target/test-dir/MiniOzoneClusterImpl-3d3fab62-48bb-41e0-9886-50eb3b9e447a/datanode-0/data/ratis
2021-09-17 14:21:11,437 [Listener at 127.0.0.1/13392] INFO  volume.StorageVolumeChecker (StorageVolumeChecker.java:checkAllVolumes(202)) - Scheduled health check for volume /home/runner/work/ozone/ozone/hadoop-ozone/integration-test/target/test-dir/MiniOzoneClusterImpl-3d3fab62-48bb-41e0-9886-50eb3b9e447a/datanode-0/data/ratis
2021-09-17 14:21:11,464 [Thread-1435] INFO  ozoneimpl.ContainerReader (ContainerReader.java:readVolume(172)) - Finish verifying containers on volume /home/runner/work/ozone/ozone/hadoop-ozone/integration-test/target/test-dir/MiniOzoneClusterImpl-3d3fab62-48bb-41e0-9886-50eb3b9e447a/datanode-0/data-0/containers/hdds
2021-09-17 14:21:11,472 [Listener at 127.0.0.1/13392] INFO  ozoneimpl.OzoneContainer (OzoneContainer.java:buildContainerSet(236)) - Build ContainerSet costs 0s
2021-09-17 14:21:11,475 [Listener at 127.0.0.1/13392] INFO  server.RaftServer (ConfUtils.java:logGet(44)) - raft.rpc.type = GRPC (default)
2021-09-17 14:21:11,476 [Listener at 127.0.0.1/13392] INFO  grpc.GrpcFactory (GrpcFactory.java:checkPooledByteBufAllocatorUseCacheForAllThreads(48)) - PERFORMANCE WARNING: useCacheForAllThreads is true that may cause Netty to create a lot garbage objects and, as a result, trigger GC.
	It is recommended to disable useCacheForAllThreads by setting -Dorg.apache.ratis.thirdparty.io.netty.allocator.useCacheForAllThreads=false in command line.
2021-09-17 14:21:11,476 [Listener at 127.0.0.1/13392] INFO  grpc.GrpcConfigKeys (ConfUtils.java:logGet(44)) - raft.grpc.admin.port = 0 (custom)
2021-09-17 14:21:11,476 [Listener at 127.0.0.1/13392] INFO  grpc.GrpcConfigKeys (ConfUtils.java:logGet(44)) - raft.grpc.client.port = 0 (custom)
2021-09-17 14:21:11,476 [Listener at 127.0.0.1/13392] INFO  grpc.GrpcConfigKeys (ConfUtils.java:logGet(44)) - raft.grpc.server.port = 0 (default)
2021-09-17 14:21:11,476 [Listener at 127.0.0.1/13392] INFO  server.GrpcService (ConfUtils.java:logGet(44)) - raft.grpc.message.size.max = 32MB (=33554432) (custom)
2021-09-17 14:21:11,477 [Listener at 127.0.0.1/13392] INFO  server.RaftServerConfigKeys (ConfUtils.java:logGet(44)) - raft.server.log.appender.buffer.byte-limit = 33554432 (custom)
2021-09-17 14:21:11,477 [Listener at 127.0.0.1/13392] INFO  server.GrpcService (ConfUtils.java:logGet(44)) - raft.grpc.flow.control.window = 5MB (=5242880) (custom)
2021-09-17 14:21:11,477 [Listener at 127.0.0.1/13392] INFO  server.RaftServerConfigKeys (ConfUtils.java:logGet(44)) - raft.server.rpc.request.timeout = 60s (custom)
2021-09-17 14:21:11,478 [Listener at 127.0.0.1/13392] INFO  impl.DataStreamServerImpl (ConfUtils.java:logGet(44)) - raft.datastream.type = DISABLED (default)
2021-09-17 14:21:11,478 [Listener at 127.0.0.1/13392] INFO  server.RaftServerConfigKeys (ConfUtils.java:logGet(44)) - raft.server.rpc.slowness.timeout = 300s (custom)
2021-09-17 14:21:11,479 [Listener at 127.0.0.1/13392] INFO  server.RaftServerConfigKeys (ConfUtils.java:logGet(44)) - raft.server.leaderelection.leader.step-down.wait-time = 10s (default)
2021-09-17 14:21:11,479 [Listener at 127.0.0.1/13392] INFO  server.RaftServerConfigKeys (ConfUtils.java:logGet(44)) - raft.server.storage.dir = [/home/runner/work/ozone/ozone/hadoop-ozone/integration-test/target/test-dir/MiniOzoneClusterImpl-3d3fab62-48bb-41e0-9886-50eb3b9e447a/datanode-0/data/ratis] (custom)
2021-09-17 14:21:11,484 [Listener at 127.0.0.1/13392] INFO  http.BaseHttpServer (BaseHttpServer.java:newHttpServer2BuilderForOzone(209)) - Starting Web-server for hddsDatanode at: http://0.0.0.0:0
2021-09-17 14:21:11,484 [Listener at 127.0.0.1/13392] INFO  http.BaseHttpServer (BaseHttpServer.java:<init>(107)) - Hadoop Security Enabled: false Ozone Security Enabled: false Ozone HTTP Security Enabled: false 
2021-09-17 14:21:11,492 [Listener at 127.0.0.1/13392] INFO  server.AuthenticationFilter (AuthenticationFilter.java:constructSecretProvider(240)) - Unable to initialize FileSignerSecretProvider, falling back to use random secrets.
2021-09-17 14:21:11,497 [Listener at 127.0.0.1/13392] WARN  http.HttpRequestLog (HttpRequestLog.java:getRequestLog(103)) - Jetty request log can only be enabled using Log4j
2021-09-17 14:21:11,498 [Listener at 127.0.0.1/13392] INFO  http.HttpServer2 (HttpServer2.java:addGlobalFilter(1030)) - Added global filter 'safety' (class=org.apache.hadoop.hdds.server.http.HttpServer2$QuotingInputFilter)
2021-09-17 14:21:11,499 [Listener at 127.0.0.1/13392] INFO  http.HttpServer2 (HttpServer2.java:addFilter(1006)) - Added filter static_user_filter (class=org.apache.hadoop.http.lib.StaticUserWebFilter$StaticUserFilter) to context hddsDatanode
2021-09-17 14:21:11,499 [Listener at 127.0.0.1/13392] INFO  http.HttpServer2 (HttpServer2.java:addFilter(1014)) - Added filter static_user_filter (class=org.apache.hadoop.http.lib.StaticUserWebFilter$StaticUserFilter) to context logs
2021-09-17 14:21:11,499 [Listener at 127.0.0.1/13392] INFO  http.HttpServer2 (HttpServer2.java:addFilter(1014)) - Added filter static_user_filter (class=org.apache.hadoop.http.lib.StaticUserWebFilter$StaticUserFilter) to context static
2021-09-17 14:21:11,500 [Listener at 127.0.0.1/13392] INFO  http.HttpServer2 (HttpServer2.java:bindListener(1249)) - Jetty bound to port 44295
2021-09-17 14:21:11,500 [Listener at 127.0.0.1/13392] INFO  server.Server (Server.java:doStart(375)) - jetty-9.4.43.v20210629; built: 2021-06-30T11:07:22.254Z; git: 526006ecfa3af7f1a27ef3a288e2bef7ea9dd7e8; jvm 1.8.0_292-b10
2021-09-17 14:21:11,533 [EndpointStateMachine task thread for /127.0.0.1:14605 - 0 ] INFO  ipc.Client (Client.java:handleConnectionFailure(977)) - Retrying connect to server: localhost/127.0.0.1:14605. Already tried 2 time(s); retry policy is RetryUpToMaximumCountWithFixedSleep(maxRetries=15, sleepTime=1000 MILLISECONDS)
2021-09-17 14:21:11,557 [Listener at 127.0.0.1/13392] INFO  server.session (DefaultSessionIdManager.java:doStart(334)) - DefaultSessionIdManager workerName=node0
2021-09-17 14:21:11,557 [Listener at 127.0.0.1/13392] INFO  server.session (DefaultSessionIdManager.java:doStart(339)) - No SessionScavenger set, using defaults
2021-09-17 14:21:11,557 [Listener at 127.0.0.1/13392] INFO  server.session (HouseKeeper.java:startScavenging(132)) - node0 Scavenging every 600000ms
2021-09-17 14:21:11,566 [Listener at 127.0.0.1/13392] INFO  handler.ContextHandler (ContextHandler.java:doStart(915)) - Started o.e.j.s.ServletContextHandler@5da48ec5{logs,/logs,file:///home/runner/work/ozone/ozone/hadoop-ozone/integration-test/target/log,AVAILABLE}
2021-09-17 14:21:11,566 [Listener at 127.0.0.1/13392] INFO  handler.ContextHandler (ContextHandler.java:doStart(915)) - Started o.e.j.s.ServletContextHandler@23c25d3f{static,/static,jar:file:/home/runner/.m2/repository/org/apache/ozone/hdds-container-service/1.2.0-SNAPSHOT/hdds-container-service-1.2.0-SNAPSHOT.jar!/webapps/static,AVAILABLE}
2021-09-17 14:21:11,654 [Listener at 127.0.0.1/13392] INFO  handler.ContextHandler (ContextHandler.java:doStart(915)) - Started o.e.j.w.WebAppContext@4f25fe6e{hddsDatanode,/,file:///tmp/jetty-0_0_0_0-44295-hdds-container-service-1_2_0-SNAPSHOT_jar-_-any-7494984189251584408/webapp/,AVAILABLE}{jar:file:/home/runner/.m2/repository/org/apache/ozone/hdds-container-service/1.2.0-SNAPSHOT/hdds-container-service-1.2.0-SNAPSHOT.jar!/webapps/hddsDatanode}
2021-09-17 14:21:11,658 [Listener at 127.0.0.1/13392] INFO  server.AbstractConnector (AbstractConnector.java:doStart(331)) - Started ServerConnector@38fdbc9{HTTP/1.1, (http/1.1)}{0.0.0.0:44295}
2021-09-17 14:21:11,658 [Listener at 127.0.0.1/13392] INFO  server.Server (Server.java:doStart(415)) - Started @81023ms
2021-09-17 14:21:11,658 [Listener at 127.0.0.1/13392] WARN  impl.MetricsSystemImpl (MetricsSystemImpl.java:register(279)) - Sink prometheus already exists!
2021-09-17 14:21:11,659 [Listener at 127.0.0.1/13392] INFO  http.BaseHttpServer (BaseHttpServer.java:updateConnectorAddress(329)) - HTTP server of hddsDatanode listening at http://0.0.0.0:44295
2021-09-17 14:21:11,670 [Listener at 127.0.0.1/13392] WARN  impl.MetricRegistriesImpl (MetricRegistriesImpl.java:addReporterRegistration(111)) - New reporters are added after registries were created. Some metrics will be missing from the reporter. Please add reporter before adding any new registry.
2021-09-17 14:21:11,670 [Listener at 127.0.0.1/13392] WARN  impl.MetricRegistriesImpl (MetricRegistriesImpl.java:addReporterRegistration(111)) - New reporters are added after registries were created. Some metrics will be missing from the reporter. Please add reporter before adding any new registry.
2021-09-17 14:21:11,670 [Listener at 127.0.0.1/13392] INFO  impl.MetricsSystemImpl (MetricsSystemImpl.java:init(158)) - HddsDatanode metrics system started (again)
2021-09-17 14:21:11,676 [Datanode State Machine Thread - 0] INFO  statemachine.DatanodeStateMachine (DatanodeStateMachine.java:lambda$startDaemon$0(456)) - Ozone container server started.
2021-09-17 14:21:11,708 [org.apache.hadoop.util.JvmPauseMonitor$Monitor@4abd3406] INFO  util.JvmPauseMonitor (JvmPauseMonitor.java:run(188)) - Starting JVM pause monitor
2021-09-17 14:21:11,727 [Datanode State Machine Task Thread - 0] INFO  ha.SCMNodeInfo (SCMNodeInfo.java:getPort(197)) - ConfigKey ozone.scm.client.address is deprecated, For configuring different ports for each SCM use PortConfigKey ozone.scm.client.port appended with serviceId and nodeId
2021-09-17 14:21:11,727 [Datanode State Machine Task Thread - 0] INFO  ha.SCMNodeInfo (SCMNodeInfo.java:getPort(197)) - ConfigKey ozone.scm.block.client.address is deprecated, For configuring different ports for each SCM use PortConfigKey ozone.scm.block.client.port appended with serviceId and nodeId
2021-09-17 14:21:11,727 [Datanode State Machine Task Thread - 0] INFO  ha.SCMNodeInfo (SCMNodeInfo.java:getPort(197)) - ConfigKey ozone.scm.datanode.address is deprecated, For configuring different ports for each SCM use PortConfigKey ozone.scm.datanode.port appended with serviceId and nodeId
2021-09-17 14:21:11,727 [Datanode State Machine Task Thread - 0] INFO  ha.SCMNodeInfo (SCMNodeInfo.java:getPort(197)) - ConfigKey ozone.scm.client.address is deprecated, For configuring different ports for each SCM use PortConfigKey ozone.scm.client.port appended with serviceId and nodeId
2021-09-17 14:21:11,728 [Datanode State Machine Task Thread - 0] INFO  ha.SCMNodeInfo (SCMNodeInfo.java:getPort(197)) - ConfigKey ozone.scm.block.client.address is deprecated, For configuring different ports for each SCM use PortConfigKey ozone.scm.block.client.port appended with serviceId and nodeId
2021-09-17 14:21:11,728 [Datanode State Machine Task Thread - 0] INFO  ha.SCMNodeInfo (SCMNodeInfo.java:getPort(197)) - ConfigKey ozone.scm.datanode.address is deprecated, For configuring different ports for each SCM use PortConfigKey ozone.scm.datanode.port appended with serviceId and nodeId
2021-09-17 14:21:11,728 [Datanode State Machine Task Thread - 0] INFO  ha.SCMNodeInfo (SCMNodeInfo.java:getPort(197)) - ConfigKey ozone.scm.client.address is deprecated, For configuring different ports for each SCM use PortConfigKey ozone.scm.client.port appended with serviceId and nodeId
2021-09-17 14:21:11,728 [Datanode State Machine Task Thread - 0] INFO  ha.SCMNodeInfo (SCMNodeInfo.java:getPort(197)) - ConfigKey ozone.scm.block.client.address is deprecated, For configuring different ports for each SCM use PortConfigKey ozone.scm.block.client.port appended with serviceId and nodeId
2021-09-17 14:21:11,728 [Datanode State Machine Task Thread - 0] INFO  ha.SCMNodeInfo (SCMNodeInfo.java:getPort(197)) - ConfigKey ozone.scm.datanode.address is deprecated, For configuring different ports for each SCM use PortConfigKey ozone.scm.datanode.port appended with serviceId and nodeId
2021-09-17 14:21:11,732 [Listener at 127.0.0.1/13392] INFO  ozone.HddsDatanodeService (HddsDatanodeService.java:start(234)) - HddsDatanodeService host:fv-az116-264.vzw04321ajxubdbcnpick5nqva.xx.internal.cloudapp.net ip:10.1.0.54
2021-09-17 14:21:11,736 [Datanode State Machine Task Thread - 0] INFO  datanode.InitDatanodeState (InitDatanodeState.java:persistContainerDatanodeDetails(145)) - DatanodeDetails is persisted to /home/runner/work/ozone/ozone/hadoop-ozone/integration-test/target/test-dir/MiniOzoneClusterImpl-3d3fab62-48bb-41e0-9886-50eb3b9e447a/datanode-0/meta/datanode.id
2021-09-17 14:21:11,763 [Listener at 127.0.0.1/13392] INFO  upgrade.AbstractLayoutVersionManager (AbstractLayoutVersionManager.java:init(79)) - Initializing Layout version manager with metadata layout = SCM_HA (version = 2), software layout = SCM_HA (version = 2)
2021-09-17 14:21:11,867 [Listener at 127.0.0.1/13392] INFO  reflections.Reflections (Reflections.java:scan(232)) - Reflections took 102 ms to scan 7 urls, producing 119 keys and 275 values 
2021-09-17 14:21:11,877 [Listener at 127.0.0.1/13392] INFO  ha.SCMNodeInfo (SCMNodeInfo.java:getPort(197)) - ConfigKey ozone.scm.client.address is deprecated, For configuring different ports for each SCM use PortConfigKey ozone.scm.client.port appended with serviceId and nodeId
2021-09-17 14:21:11,877 [Listener at 127.0.0.1/13392] INFO  ha.SCMNodeInfo (SCMNodeInfo.java:getPort(197)) - ConfigKey ozone.scm.block.client.address is deprecated, For configuring different ports for each SCM use PortConfigKey ozone.scm.block.client.port appended with serviceId and nodeId
2021-09-17 14:21:11,877 [Listener at 127.0.0.1/13392] INFO  ha.SCMNodeInfo (SCMNodeInfo.java:getPort(197)) - ConfigKey ozone.scm.datanode.address is deprecated, For configuring different ports for each SCM use PortConfigKey ozone.scm.datanode.port appended with serviceId and nodeId
2021-09-17 14:21:11,880 [Listener at 127.0.0.1/13392] INFO  ha.SCMNodeInfo (SCMNodeInfo.java:getPort(197)) - ConfigKey ozone.scm.client.address is deprecated, For configuring different ports for each SCM use PortConfigKey ozone.scm.client.port appended with serviceId and nodeId
2021-09-17 14:21:11,880 [Listener at 127.0.0.1/13392] INFO  ha.SCMNodeInfo (SCMNodeInfo.java:getPort(197)) - ConfigKey ozone.scm.block.client.address is deprecated, For configuring different ports for each SCM use PortConfigKey ozone.scm.block.client.port appended with serviceId and nodeId
2021-09-17 14:21:11,881 [Listener at 127.0.0.1/13392] INFO  ha.SCMNodeInfo (SCMNodeInfo.java:getPort(197)) - ConfigKey ozone.scm.datanode.address is deprecated, For configuring different ports for each SCM use PortConfigKey ozone.scm.datanode.port appended with serviceId and nodeId
2021-09-17 14:21:11,881 [Listener at 127.0.0.1/13392] INFO  ha.SCMNodeInfo (SCMNodeInfo.java:getPort(197)) - ConfigKey ozone.scm.client.address is deprecated, For configuring different ports for each SCM use PortConfigKey ozone.scm.client.port appended with serviceId and nodeId
2021-09-17 14:21:11,881 [Listener at 127.0.0.1/13392] INFO  ha.SCMNodeInfo (SCMNodeInfo.java:getPort(197)) - ConfigKey ozone.scm.block.client.address is deprecated, For configuring different ports for each SCM use PortConfigKey ozone.scm.block.client.port appended with serviceId and nodeId
2021-09-17 14:21:11,881 [Listener at 127.0.0.1/13392] INFO  ha.SCMNodeInfo (SCMNodeInfo.java:getPort(197)) - ConfigKey ozone.scm.datanode.address is deprecated, For configuring different ports for each SCM use PortConfigKey ozone.scm.datanode.port appended with serviceId and nodeId
2021-09-17 14:21:11,897 [Listener at 127.0.0.1/13392] INFO  volume.HddsVolume (HddsVolume.java:<init>(120)) - Creating HddsVolume: /home/runner/work/ozone/ozone/hadoop-ozone/integration-test/target/test-dir/MiniOzoneClusterImpl-3d3fab62-48bb-41e0-9886-50eb3b9e447a/datanode-1/data-0/containers/hdds of storage type : DISK capacity : 9223372036854775807
2021-09-17 14:21:11,897 [Listener at 127.0.0.1/13392] INFO  volume.MutableVolumeSet (MutableVolumeSet.java:initializeVolumeSet(168)) - Added Volume : /home/runner/work/ozone/ozone/hadoop-ozone/integration-test/target/test-dir/MiniOzoneClusterImpl-3d3fab62-48bb-41e0-9886-50eb3b9e447a/datanode-1/data-0/containers/hdds to VolumeSet
2021-09-17 14:21:11,897 [Listener at 127.0.0.1/13392] INFO  volume.ThrottledAsyncChecker (ThrottledAsyncChecker.java:schedule(141)) - Scheduling a check for /home/runner/work/ozone/ozone/hadoop-ozone/integration-test/target/test-dir/MiniOzoneClusterImpl-3d3fab62-48bb-41e0-9886-50eb3b9e447a/datanode-1/data-0/containers/hdds
2021-09-17 14:21:11,900 [Listener at 127.0.0.1/13392] INFO  volume.StorageVolumeChecker (StorageVolumeChecker.java:checkAllVolumes(202)) - Scheduled health check for volume /home/runner/work/ozone/ozone/hadoop-ozone/integration-test/target/test-dir/MiniOzoneClusterImpl-3d3fab62-48bb-41e0-9886-50eb3b9e447a/datanode-1/data-0/containers/hdds
2021-09-17 14:21:11,934 [Listener at 127.0.0.1/13392] INFO  volume.MutableVolumeSet (MutableVolumeSet.java:initializeVolumeSet(168)) - Added Volume : /home/runner/work/ozone/ozone/hadoop-ozone/integration-test/target/test-dir/MiniOzoneClusterImpl-3d3fab62-48bb-41e0-9886-50eb3b9e447a/datanode-1/data/ratis to VolumeSet
2021-09-17 14:21:11,934 [Listener at 127.0.0.1/13392] INFO  volume.ThrottledAsyncChecker (ThrottledAsyncChecker.java:schedule(141)) - Scheduling a check for /home/runner/work/ozone/ozone/hadoop-ozone/integration-test/target/test-dir/MiniOzoneClusterImpl-3d3fab62-48bb-41e0-9886-50eb3b9e447a/datanode-1/data/ratis
2021-09-17 14:21:11,940 [Listener at 127.0.0.1/13392] INFO  volume.StorageVolumeChecker (StorageVolumeChecker.java:checkAllVolumes(202)) - Scheduled health check for volume /home/runner/work/ozone/ozone/hadoop-ozone/integration-test/target/test-dir/MiniOzoneClusterImpl-3d3fab62-48bb-41e0-9886-50eb3b9e447a/datanode-1/data/ratis
2021-09-17 14:21:11,956 [EndpointStateMachine task thread for /127.0.0.1:14625 - 0 ] INFO  ipc.Client (Client.java:handleConnectionFailure(977)) - Retrying connect to server: localhost/127.0.0.1:14625. Already tried 1 time(s); retry policy is RetryUpToMaximumCountWithFixedSleep(maxRetries=15, sleepTime=1000 MILLISECONDS)
2021-09-17 14:21:11,956 [EndpointStateMachine task thread for /127.0.0.1:14615 - 0 ] INFO  ipc.Client (Client.java:handleConnectionFailure(977)) - Retrying connect to server: localhost/127.0.0.1:14615. Already tried 1 time(s); retry policy is RetryUpToMaximumCountWithFixedSleep(maxRetries=15, sleepTime=1000 MILLISECONDS)
2021-09-17 14:21:11,976 [Thread-1447] INFO  ozoneimpl.ContainerReader (ContainerReader.java:readVolume(172)) - Finish verifying containers on volume /home/runner/work/ozone/ozone/hadoop-ozone/integration-test/target/test-dir/MiniOzoneClusterImpl-3d3fab62-48bb-41e0-9886-50eb3b9e447a/datanode-1/data-0/containers/hdds
2021-09-17 14:21:11,976 [Listener at 127.0.0.1/13392] INFO  ozoneimpl.OzoneContainer (OzoneContainer.java:buildContainerSet(236)) - Build ContainerSet costs 0s
2021-09-17 14:21:11,979 [Listener at 127.0.0.1/13392] INFO  server.RaftServer (ConfUtils.java:logGet(44)) - raft.rpc.type = GRPC (default)
2021-09-17 14:21:11,979 [Listener at 127.0.0.1/13392] INFO  grpc.GrpcFactory (GrpcFactory.java:checkPooledByteBufAllocatorUseCacheForAllThreads(48)) - PERFORMANCE WARNING: useCacheForAllThreads is true that may cause Netty to create a lot garbage objects and, as a result, trigger GC.
	It is recommended to disable useCacheForAllThreads by setting -Dorg.apache.ratis.thirdparty.io.netty.allocator.useCacheForAllThreads=false in command line.
2021-09-17 14:21:11,979 [Listener at 127.0.0.1/13392] INFO  grpc.GrpcConfigKeys (ConfUtils.java:logGet(44)) - raft.grpc.admin.port = 0 (custom)
2021-09-17 14:21:11,979 [Listener at 127.0.0.1/13392] INFO  grpc.GrpcConfigKeys (ConfUtils.java:logGet(44)) - raft.grpc.client.port = 0 (custom)
2021-09-17 14:21:11,979 [Listener at 127.0.0.1/13392] INFO  grpc.GrpcConfigKeys (ConfUtils.java:logGet(44)) - raft.grpc.server.port = 0 (default)
2021-09-17 14:21:11,980 [Listener at 127.0.0.1/13392] INFO  server.GrpcService (ConfUtils.java:logGet(44)) - raft.grpc.message.size.max = 32MB (=33554432) (custom)
2021-09-17 14:21:11,980 [Listener at 127.0.0.1/13392] INFO  server.RaftServerConfigKeys (ConfUtils.java:logGet(44)) - raft.server.log.appender.buffer.byte-limit = 33554432 (custom)
2021-09-17 14:21:11,980 [Listener at 127.0.0.1/13392] INFO  server.GrpcService (ConfUtils.java:logGet(44)) - raft.grpc.flow.control.window = 5MB (=5242880) (custom)
2021-09-17 14:21:11,981 [Listener at 127.0.0.1/13392] INFO  server.RaftServerConfigKeys (ConfUtils.java:logGet(44)) - raft.server.rpc.request.timeout = 60s (custom)
2021-09-17 14:21:11,982 [Listener at 127.0.0.1/13392] INFO  impl.DataStreamServerImpl (ConfUtils.java:logGet(44)) - raft.datastream.type = DISABLED (default)
2021-09-17 14:21:11,982 [Listener at 127.0.0.1/13392] INFO  server.RaftServerConfigKeys (ConfUtils.java:logGet(44)) - raft.server.rpc.slowness.timeout = 300s (custom)
2021-09-17 14:21:11,982 [Listener at 127.0.0.1/13392] INFO  server.RaftServerConfigKeys (ConfUtils.java:logGet(44)) - raft.server.leaderelection.leader.step-down.wait-time = 10s (default)
2021-09-17 14:21:11,982 [Listener at 127.0.0.1/13392] INFO  server.RaftServerConfigKeys (ConfUtils.java:logGet(44)) - raft.server.storage.dir = [/home/runner/work/ozone/ozone/hadoop-ozone/integration-test/target/test-dir/MiniOzoneClusterImpl-3d3fab62-48bb-41e0-9886-50eb3b9e447a/datanode-1/data/ratis] (custom)
2021-09-17 14:21:11,997 [Listener at 127.0.0.1/13392] INFO  http.BaseHttpServer (BaseHttpServer.java:newHttpServer2BuilderForOzone(209)) - Starting Web-server for hddsDatanode at: http://0.0.0.0:0
2021-09-17 14:21:11,997 [Listener at 127.0.0.1/13392] INFO  http.BaseHttpServer (BaseHttpServer.java:<init>(107)) - Hadoop Security Enabled: false Ozone Security Enabled: false Ozone HTTP Security Enabled: false 
2021-09-17 14:21:11,999 [Listener at 127.0.0.1/13392] INFO  server.AuthenticationFilter (AuthenticationFilter.java:constructSecretProvider(240)) - Unable to initialize FileSignerSecretProvider, falling back to use random secrets.
2021-09-17 14:21:12,000 [Listener at 127.0.0.1/13392] WARN  http.HttpRequestLog (HttpRequestLog.java:getRequestLog(103)) - Jetty request log can only be enabled using Log4j
2021-09-17 14:21:12,004 [Listener at 127.0.0.1/13392] INFO  http.HttpServer2 (HttpServer2.java:addGlobalFilter(1030)) - Added global filter 'safety' (class=org.apache.hadoop.hdds.server.http.HttpServer2$QuotingInputFilter)
2021-09-17 14:21:12,005 [Listener at 127.0.0.1/13392] INFO  http.HttpServer2 (HttpServer2.java:addFilter(1006)) - Added filter static_user_filter (class=org.apache.hadoop.http.lib.StaticUserWebFilter$StaticUserFilter) to context hddsDatanode
2021-09-17 14:21:12,005 [Listener at 127.0.0.1/13392] INFO  http.HttpServer2 (HttpServer2.java:addFilter(1014)) - Added filter static_user_filter (class=org.apache.hadoop.http.lib.StaticUserWebFilter$StaticUserFilter) to context logs
2021-09-17 14:21:12,005 [Listener at 127.0.0.1/13392] INFO  http.HttpServer2 (HttpServer2.java:addFilter(1014)) - Added filter static_user_filter (class=org.apache.hadoop.http.lib.StaticUserWebFilter$StaticUserFilter) to context static
2021-09-17 14:21:12,007 [Listener at 127.0.0.1/13392] INFO  http.HttpServer2 (HttpServer2.java:bindListener(1249)) - Jetty bound to port 42911
2021-09-17 14:21:12,007 [Listener at 127.0.0.1/13392] INFO  server.Server (Server.java:doStart(375)) - jetty-9.4.43.v20210629; built: 2021-06-30T11:07:22.254Z; git: 526006ecfa3af7f1a27ef3a288e2bef7ea9dd7e8; jvm 1.8.0_292-b10
2021-09-17 14:21:12,029 [Listener at 127.0.0.1/13392] INFO  server.session (DefaultSessionIdManager.java:doStart(334)) - DefaultSessionIdManager workerName=node0
2021-09-17 14:21:12,029 [Listener at 127.0.0.1/13392] INFO  server.session (DefaultSessionIdManager.java:doStart(339)) - No SessionScavenger set, using defaults
2021-09-17 14:21:12,030 [Listener at 127.0.0.1/13392] INFO  server.session (HouseKeeper.java:startScavenging(132)) - node0 Scavenging every 600000ms
2021-09-17 14:21:12,035 [Listener at 127.0.0.1/13392] INFO  handler.ContextHandler (ContextHandler.java:doStart(915)) - Started o.e.j.s.ServletContextHandler@4d5aa20b{logs,/logs,file:///home/runner/work/ozone/ozone/hadoop-ozone/integration-test/target/log,AVAILABLE}
2021-09-17 14:21:12,035 [Listener at 127.0.0.1/13392] INFO  handler.ContextHandler (ContextHandler.java:doStart(915)) - Started o.e.j.s.ServletContextHandler@60e2370e{static,/static,jar:file:/home/runner/.m2/repository/org/apache/ozone/hdds-container-service/1.2.0-SNAPSHOT/hdds-container-service-1.2.0-SNAPSHOT.jar!/webapps/static,AVAILABLE}
2021-09-17 14:21:12,134 [omNode-1@group-523986131536-FollowerState] INFO  impl.FollowerState (FollowerState.java:run(134)) - omNode-1@group-523986131536-FollowerState: change to CANDIDATE, lastRpcElapsedTime:1079983901ns, electionTimeout:1074ms
2021-09-17 14:21:12,134 [omNode-1@group-523986131536-FollowerState] INFO  impl.RoleInfo (RoleInfo.java:shutdownFollowerState(108)) - omNode-1: shutdown omNode-1@group-523986131536-FollowerState
2021-09-17 14:21:12,135 [omNode-1@group-523986131536-FollowerState] INFO  server.RaftServer$Division (RaftServerImpl.java:setRole(285)) - omNode-1@group-523986131536: changes role from  FOLLOWER to CANDIDATE at term 0 for changeToCandidate
2021-09-17 14:21:12,135 [omNode-1@group-523986131536-FollowerState] INFO  server.RaftServerConfigKeys (ConfUtils.java:logGet(44)) - raft.server.leaderelection.pre-vote = false (custom)
2021-09-17 14:21:12,135 [omNode-1@group-523986131536-FollowerState] INFO  impl.RoleInfo (RoleInfo.java:updateAndGet(130)) - omNode-1: start omNode-1@group-523986131536-LeaderElection12
2021-09-17 14:21:12,137 [Listener at 127.0.0.1/13392] INFO  handler.ContextHandler (ContextHandler.java:doStart(915)) - Started o.e.j.w.WebAppContext@469a9010{hddsDatanode,/,file:///tmp/jetty-0_0_0_0-42911-hdds-container-service-1_2_0-SNAPSHOT_jar-_-any-3718922536072188092/webapp/,AVAILABLE}{jar:file:/home/runner/.m2/repository/org/apache/ozone/hdds-container-service/1.2.0-SNAPSHOT/hdds-container-service-1.2.0-SNAPSHOT.jar!/webapps/hddsDatanode}
2021-09-17 14:21:12,145 [Listener at 127.0.0.1/13392] INFO  server.AbstractConnector (AbstractConnector.java:doStart(331)) - Started ServerConnector@5a23d4d8{HTTP/1.1, (http/1.1)}{0.0.0.0:42911}
2021-09-17 14:21:12,145 [Listener at 127.0.0.1/13392] INFO  server.Server (Server.java:doStart(415)) - Started @81511ms
2021-09-17 14:21:12,146 [Listener at 127.0.0.1/13392] WARN  impl.MetricsSystemImpl (MetricsSystemImpl.java:register(279)) - Sink prometheus already exists!
2021-09-17 14:21:12,146 [Listener at 127.0.0.1/13392] INFO  http.BaseHttpServer (BaseHttpServer.java:updateConnectorAddress(329)) - HTTP server of hddsDatanode listening at http://0.0.0.0:42911
2021-09-17 14:21:12,152 [Listener at 127.0.0.1/13392] WARN  impl.MetricRegistriesImpl (MetricRegistriesImpl.java:addReporterRegistration(111)) - New reporters are added after registries were created. Some metrics will be missing from the reporter. Please add reporter before adding any new registry.
2021-09-17 14:21:12,152 [Listener at 127.0.0.1/13392] WARN  impl.MetricRegistriesImpl (MetricRegistriesImpl.java:addReporterRegistration(111)) - New reporters are added after registries were created. Some metrics will be missing from the reporter. Please add reporter before adding any new registry.
2021-09-17 14:21:12,152 [Listener at 127.0.0.1/13392] INFO  impl.MetricsSystemImpl (MetricsSystemImpl.java:init(158)) - HddsDatanode metrics system started (again)
2021-09-17 14:21:12,157 [Datanode State Machine Thread - 0] INFO  statemachine.DatanodeStateMachine (DatanodeStateMachine.java:lambda$startDaemon$0(456)) - Ozone container server started.
2021-09-17 14:21:12,170 [omNode-1@group-523986131536-LeaderElection12] INFO  impl.LeaderElection (LeaderElection.java:askForVotes(306)) - omNode-1@group-523986131536-LeaderElection12 ELECTION round 0: submit vote requests at term 1 for -1: [omNode-1|rpc:localhost:13396|priority:0], old=null
2021-09-17 14:21:12,170 [omNode-1@group-523986131536-LeaderElection12] INFO  impl.LeaderElection (LeaderElection.java:askForVotes(308)) - omNode-1@group-523986131536-LeaderElection12 ELECTION round 0: result PASSED (term=1)
2021-09-17 14:21:12,170 [omNode-1@group-523986131536-LeaderElection12] INFO  impl.RoleInfo (RoleInfo.java:shutdownLeaderElection(121)) - omNode-1: shutdown omNode-1@group-523986131536-LeaderElection12
2021-09-17 14:21:12,170 [omNode-1@group-523986131536-LeaderElection12] INFO  server.RaftServer$Division (RaftServerImpl.java:setRole(285)) - omNode-1@group-523986131536: changes role from CANDIDATE to LEADER at term 1 for changeToLeader
2021-09-17 14:21:12,170 [omNode-1@group-523986131536-LeaderElection12] INFO  server.RaftServer$Division (ServerState.java:setLeader(285)) - omNode-1@group-523986131536: change Leader from null to omNode-1 at term 1 for becomeLeader, leader elected after 1235ms
2021-09-17 14:21:12,170 [omNode-1@group-523986131536-LeaderElection12] INFO  server.RaftServerConfigKeys (ConfUtils.java:logGet(44)) - raft.server.staging.catchup.gap = 1000 (default)
2021-09-17 14:21:12,186 [Datanode State Machine Task Thread - 0] INFO  ha.SCMNodeInfo (SCMNodeInfo.java:getPort(197)) - ConfigKey ozone.scm.client.address is deprecated, For configuring different ports for each SCM use PortConfigKey ozone.scm.client.port appended with serviceId and nodeId
2021-09-17 14:21:12,187 [org.apache.hadoop.util.JvmPauseMonitor$Monitor@22ff7eab] INFO  util.JvmPauseMonitor (JvmPauseMonitor.java:run(188)) - Starting JVM pause monitor
2021-09-17 14:21:12,186 [omNode-1@group-523986131536-LeaderElection12] INFO  server.RaftServerConfigKeys (ConfUtils.java:logGet(44)) - raft.server.write.element-limit = 4096 (default)
2021-09-17 14:21:12,189 [omNode-1@group-523986131536-LeaderElection12] INFO  server.RaftServerConfigKeys (ConfUtils.java:logGet(44)) - raft.server.write.byte-limit = 64MB (=67108864) (default)
2021-09-17 14:21:12,189 [omNode-1@group-523986131536-LeaderElection12] INFO  server.RaftServerConfigKeys (ConfUtils.java:logGet(44)) - raft.server.watch.timeout = 10s (default)
2021-09-17 14:21:12,189 [omNode-1@group-523986131536-LeaderElection12] INFO  server.RaftServerConfigKeys (ConfUtils.java:logGet(44)) - raft.server.watch.timeout.denomination = 1s (default)
2021-09-17 14:21:12,189 [omNode-1@group-523986131536-LeaderElection12] INFO  server.RaftServerConfigKeys (ConfUtils.java:logGet(44)) - raft.server.watch.element-limit = 65536 (default)
2021-09-17 14:21:12,189 [omNode-1@group-523986131536-LeaderElection12] INFO  impl.RoleInfo (RoleInfo.java:updateAndGet(130)) - omNode-1: start omNode-1@group-523986131536-LeaderStateImpl
2021-09-17 14:21:12,189 [omNode-1@group-523986131536-LeaderElection12] INFO  segmented.SegmentedRaftLogWorker (SegmentedRaftLogWorker.java:startLogSegment(394)) - omNode-1@group-523986131536-SegmentedRaftLogWorker: Starting segment from index:0
2021-09-17 14:21:12,188 [Datanode State Machine Task Thread - 0] INFO  ha.SCMNodeInfo (SCMNodeInfo.java:getPort(197)) - ConfigKey ozone.scm.block.client.address is deprecated, For configuring different ports for each SCM use PortConfigKey ozone.scm.block.client.port appended with serviceId and nodeId
2021-09-17 14:21:12,196 [Datanode State Machine Task Thread - 0] INFO  ha.SCMNodeInfo (SCMNodeInfo.java:getPort(197)) - ConfigKey ozone.scm.datanode.address is deprecated, For configuring different ports for each SCM use PortConfigKey ozone.scm.datanode.port appended with serviceId and nodeId
2021-09-17 14:21:12,196 [Datanode State Machine Task Thread - 0] INFO  ha.SCMNodeInfo (SCMNodeInfo.java:getPort(197)) - ConfigKey ozone.scm.client.address is deprecated, For configuring different ports for each SCM use PortConfigKey ozone.scm.client.port appended with serviceId and nodeId
2021-09-17 14:21:12,196 [Datanode State Machine Task Thread - 0] INFO  ha.SCMNodeInfo (SCMNodeInfo.java:getPort(197)) - ConfigKey ozone.scm.block.client.address is deprecated, For configuring different ports for each SCM use PortConfigKey ozone.scm.block.client.port appended with serviceId and nodeId
2021-09-17 14:21:12,196 [Datanode State Machine Task Thread - 0] INFO  ha.SCMNodeInfo (SCMNodeInfo.java:getPort(197)) - ConfigKey ozone.scm.datanode.address is deprecated, For configuring different ports for each SCM use PortConfigKey ozone.scm.datanode.port appended with serviceId and nodeId
2021-09-17 14:21:12,196 [Datanode State Machine Task Thread - 0] INFO  ha.SCMNodeInfo (SCMNodeInfo.java:getPort(197)) - ConfigKey ozone.scm.client.address is deprecated, For configuring different ports for each SCM use PortConfigKey ozone.scm.client.port appended with serviceId and nodeId
2021-09-17 14:21:12,196 [Datanode State Machine Task Thread - 0] INFO  ha.SCMNodeInfo (SCMNodeInfo.java:getPort(197)) - ConfigKey ozone.scm.block.client.address is deprecated, For configuring different ports for each SCM use PortConfigKey ozone.scm.block.client.port appended with serviceId and nodeId
2021-09-17 14:21:12,196 [Datanode State Machine Task Thread - 0] INFO  ha.SCMNodeInfo (SCMNodeInfo.java:getPort(197)) - ConfigKey ozone.scm.datanode.address is deprecated, For configuring different ports for each SCM use PortConfigKey ozone.scm.datanode.port appended with serviceId and nodeId
2021-09-17 14:21:12,203 [Listener at 127.0.0.1/13392] INFO  ozone.HddsDatanodeService (HddsDatanodeService.java:start(234)) - HddsDatanodeService host:fv-az116-264.vzw04321ajxubdbcnpick5nqva.xx.internal.cloudapp.net ip:10.1.0.54
2021-09-17 14:21:12,205 [omNode-1@group-523986131536-SegmentedRaftLogWorker] INFO  segmented.SegmentedRaftLogWorker (SegmentedRaftLogWorker.java:execute(601)) - omNode-1@group-523986131536-SegmentedRaftLogWorker: created new log segment /home/runner/work/ozone/ozone/hadoop-ozone/integration-test/target/test-dir/MiniOzoneClusterImpl-3d3fab62-48bb-41e0-9886-50eb3b9e447a/omNode-1/ratis/c9bc4cf4-3bc3-3c60-a66b-523986131536/current/log_inprogress_0
2021-09-17 14:21:12,215 [omNode-1@group-523986131536-LeaderElection12] INFO  server.RaftServer$Division (ServerState.java:setRaftConf(387)) - omNode-1@group-523986131536: set configuration 0: [omNode-1|rpc:localhost:13396|admin:|client:|dataStream:|priority:0], old=null
2021-09-17 14:21:12,219 [Datanode State Machine Task Thread - 0] INFO  datanode.InitDatanodeState (InitDatanodeState.java:persistContainerDatanodeDetails(145)) - DatanodeDetails is persisted to /home/runner/work/ozone/ozone/hadoop-ozone/integration-test/target/test-dir/MiniOzoneClusterImpl-3d3fab62-48bb-41e0-9886-50eb3b9e447a/datanode-1/meta/datanode.id
2021-09-17 14:21:12,220 [omNode-1@group-523986131536-StateMachineUpdater] INFO  ratis.OzoneManagerStateMachine (OzoneManagerStateMachine.java:notifyConfigurationChanged(188)) - Received Configuration change notification from Ratis. New Peer list:
[id: "omNode-1"
address: "localhost:13396"
]
2021-09-17 14:21:12,264 [Listener at 127.0.0.1/13392] INFO  upgrade.AbstractLayoutVersionManager (AbstractLayoutVersionManager.java:init(79)) - Initializing Layout version manager with metadata layout = SCM_HA (version = 2), software layout = SCM_HA (version = 2)
2021-09-17 14:21:12,341 [Listener at 127.0.0.1/13392] INFO  reflections.Reflections (Reflections.java:scan(232)) - Reflections took 76 ms to scan 7 urls, producing 119 keys and 275 values 
2021-09-17 14:21:12,344 [Listener at 127.0.0.1/13392] INFO  ha.SCMNodeInfo (SCMNodeInfo.java:getPort(197)) - ConfigKey ozone.scm.client.address is deprecated, For configuring different ports for each SCM use PortConfigKey ozone.scm.client.port appended with serviceId and nodeId
2021-09-17 14:21:12,348 [Listener at 127.0.0.1/13392] INFO  ha.SCMNodeInfo (SCMNodeInfo.java:getPort(197)) - ConfigKey ozone.scm.block.client.address is deprecated, For configuring different ports for each SCM use PortConfigKey ozone.scm.block.client.port appended with serviceId and nodeId
2021-09-17 14:21:12,348 [Listener at 127.0.0.1/13392] INFO  ha.SCMNodeInfo (SCMNodeInfo.java:getPort(197)) - ConfigKey ozone.scm.datanode.address is deprecated, For configuring different ports for each SCM use PortConfigKey ozone.scm.datanode.port appended with serviceId and nodeId
2021-09-17 14:21:12,349 [Listener at 127.0.0.1/13392] INFO  ha.SCMNodeInfo (SCMNodeInfo.java:getPort(197)) - ConfigKey ozone.scm.client.address is deprecated, For configuring different ports for each SCM use PortConfigKey ozone.scm.client.port appended with serviceId and nodeId
2021-09-17 14:21:12,349 [Listener at 127.0.0.1/13392] INFO  ha.SCMNodeInfo (SCMNodeInfo.java:getPort(197)) - ConfigKey ozone.scm.block.client.address is deprecated, For configuring different ports for each SCM use PortConfigKey ozone.scm.block.client.port appended with serviceId and nodeId
2021-09-17 14:21:12,349 [Listener at 127.0.0.1/13392] INFO  ha.SCMNodeInfo (SCMNodeInfo.java:getPort(197)) - ConfigKey ozone.scm.datanode.address is deprecated, For configuring different ports for each SCM use PortConfigKey ozone.scm.datanode.port appended with serviceId and nodeId
2021-09-17 14:21:12,349 [Listener at 127.0.0.1/13392] INFO  ha.SCMNodeInfo (SCMNodeInfo.java:getPort(197)) - ConfigKey ozone.scm.client.address is deprecated, For configuring different ports for each SCM use PortConfigKey ozone.scm.client.port appended with serviceId and nodeId
2021-09-17 14:21:12,349 [Listener at 127.0.0.1/13392] INFO  ha.SCMNodeInfo (SCMNodeInfo.java:getPort(197)) - ConfigKey ozone.scm.block.client.address is deprecated, For configuring different ports for each SCM use PortConfigKey ozone.scm.block.client.port appended with serviceId and nodeId
2021-09-17 14:21:12,349 [Listener at 127.0.0.1/13392] INFO  ha.SCMNodeInfo (SCMNodeInfo.java:getPort(197)) - ConfigKey ozone.scm.datanode.address is deprecated, For configuring different ports for each SCM use PortConfigKey ozone.scm.datanode.port appended with serviceId and nodeId
2021-09-17 14:21:12,358 [Listener at 127.0.0.1/13392] INFO  volume.HddsVolume (HddsVolume.java:<init>(120)) - Creating HddsVolume: /home/runner/work/ozone/ozone/hadoop-ozone/integration-test/target/test-dir/MiniOzoneClusterImpl-3d3fab62-48bb-41e0-9886-50eb3b9e447a/datanode-2/data-0/containers/hdds of storage type : DISK capacity : 9223372036854775807
2021-09-17 14:21:12,358 [Listener at 127.0.0.1/13392] INFO  volume.MutableVolumeSet (MutableVolumeSet.java:initializeVolumeSet(168)) - Added Volume : /home/runner/work/ozone/ozone/hadoop-ozone/integration-test/target/test-dir/MiniOzoneClusterImpl-3d3fab62-48bb-41e0-9886-50eb3b9e447a/datanode-2/data-0/containers/hdds to VolumeSet
2021-09-17 14:21:12,358 [Listener at 127.0.0.1/13392] INFO  volume.ThrottledAsyncChecker (ThrottledAsyncChecker.java:schedule(141)) - Scheduling a check for /home/runner/work/ozone/ozone/hadoop-ozone/integration-test/target/test-dir/MiniOzoneClusterImpl-3d3fab62-48bb-41e0-9886-50eb3b9e447a/datanode-2/data-0/containers/hdds
2021-09-17 14:21:12,363 [Listener at 127.0.0.1/13392] INFO  volume.StorageVolumeChecker (StorageVolumeChecker.java:checkAllVolumes(202)) - Scheduled health check for volume /home/runner/work/ozone/ozone/hadoop-ozone/integration-test/target/test-dir/MiniOzoneClusterImpl-3d3fab62-48bb-41e0-9886-50eb3b9e447a/datanode-2/data-0/containers/hdds
2021-09-17 14:21:12,376 [Listener at 127.0.0.1/13392] INFO  volume.MutableVolumeSet (MutableVolumeSet.java:initializeVolumeSet(168)) - Added Volume : /home/runner/work/ozone/ozone/hadoop-ozone/integration-test/target/test-dir/MiniOzoneClusterImpl-3d3fab62-48bb-41e0-9886-50eb3b9e447a/datanode-2/data/ratis to VolumeSet
2021-09-17 14:21:12,383 [Listener at 127.0.0.1/13392] INFO  volume.ThrottledAsyncChecker (ThrottledAsyncChecker.java:schedule(141)) - Scheduling a check for /home/runner/work/ozone/ozone/hadoop-ozone/integration-test/target/test-dir/MiniOzoneClusterImpl-3d3fab62-48bb-41e0-9886-50eb3b9e447a/datanode-2/data/ratis
2021-09-17 14:21:12,383 [Listener at 127.0.0.1/13392] INFO  volume.StorageVolumeChecker (StorageVolumeChecker.java:checkAllVolumes(202)) - Scheduled health check for volume /home/runner/work/ozone/ozone/hadoop-ozone/integration-test/target/test-dir/MiniOzoneClusterImpl-3d3fab62-48bb-41e0-9886-50eb3b9e447a/datanode-2/data/ratis
2021-09-17 14:21:12,413 [Thread-1462] INFO  ozoneimpl.ContainerReader (ContainerReader.java:readVolume(172)) - Finish verifying containers on volume /home/runner/work/ozone/ozone/hadoop-ozone/integration-test/target/test-dir/MiniOzoneClusterImpl-3d3fab62-48bb-41e0-9886-50eb3b9e447a/datanode-2/data-0/containers/hdds
2021-09-17 14:21:12,413 [Listener at 127.0.0.1/13392] INFO  ozoneimpl.OzoneContainer (OzoneContainer.java:buildContainerSet(236)) - Build ContainerSet costs 0s
2021-09-17 14:21:12,458 [Listener at 127.0.0.1/13392] INFO  server.RaftServer (ConfUtils.java:logGet(44)) - raft.rpc.type = GRPC (default)
2021-09-17 14:21:12,463 [Listener at 127.0.0.1/13392] INFO  grpc.GrpcFactory (GrpcFactory.java:checkPooledByteBufAllocatorUseCacheForAllThreads(48)) - PERFORMANCE WARNING: useCacheForAllThreads is true that may cause Netty to create a lot garbage objects and, as a result, trigger GC.
	It is recommended to disable useCacheForAllThreads by setting -Dorg.apache.ratis.thirdparty.io.netty.allocator.useCacheForAllThreads=false in command line.
2021-09-17 14:21:12,463 [Listener at 127.0.0.1/13392] INFO  grpc.GrpcConfigKeys (ConfUtils.java:logGet(44)) - raft.grpc.admin.port = 0 (custom)
2021-09-17 14:21:12,463 [Listener at 127.0.0.1/13392] INFO  grpc.GrpcConfigKeys (ConfUtils.java:logGet(44)) - raft.grpc.client.port = 0 (custom)
2021-09-17 14:21:12,463 [Listener at 127.0.0.1/13392] INFO  grpc.GrpcConfigKeys (ConfUtils.java:logGet(44)) - raft.grpc.server.port = 0 (default)
2021-09-17 14:21:12,463 [Listener at 127.0.0.1/13392] INFO  server.GrpcService (ConfUtils.java:logGet(44)) - raft.grpc.message.size.max = 32MB (=33554432) (custom)
2021-09-17 14:21:12,464 [Listener at 127.0.0.1/13392] INFO  server.RaftServerConfigKeys (ConfUtils.java:logGet(44)) - raft.server.log.appender.buffer.byte-limit = 33554432 (custom)
2021-09-17 14:21:12,464 [Listener at 127.0.0.1/13392] INFO  server.GrpcService (ConfUtils.java:logGet(44)) - raft.grpc.flow.control.window = 5MB (=5242880) (custom)
2021-09-17 14:21:12,465 [Listener at 127.0.0.1/13392] INFO  server.RaftServerConfigKeys (ConfUtils.java:logGet(44)) - raft.server.rpc.request.timeout = 60s (custom)
2021-09-17 14:21:12,476 [Listener at 127.0.0.1/13392] INFO  impl.DataStreamServerImpl (ConfUtils.java:logGet(44)) - raft.datastream.type = DISABLED (default)
2021-09-17 14:21:12,476 [Listener at 127.0.0.1/13392] INFO  server.RaftServerConfigKeys (ConfUtils.java:logGet(44)) - raft.server.rpc.slowness.timeout = 300s (custom)
2021-09-17 14:21:12,477 [Listener at 127.0.0.1/13392] INFO  server.RaftServerConfigKeys (ConfUtils.java:logGet(44)) - raft.server.leaderelection.leader.step-down.wait-time = 10s (default)
2021-09-17 14:21:12,477 [Listener at 127.0.0.1/13392] INFO  server.RaftServerConfigKeys (ConfUtils.java:logGet(44)) - raft.server.storage.dir = [/home/runner/work/ozone/ozone/hadoop-ozone/integration-test/target/test-dir/MiniOzoneClusterImpl-3d3fab62-48bb-41e0-9886-50eb3b9e447a/datanode-2/data/ratis] (custom)
2021-09-17 14:21:12,480 [Listener at 127.0.0.1/13392] INFO  http.BaseHttpServer (BaseHttpServer.java:newHttpServer2BuilderForOzone(209)) - Starting Web-server for hddsDatanode at: http://0.0.0.0:0
2021-09-17 14:21:12,480 [Listener at 127.0.0.1/13392] INFO  http.BaseHttpServer (BaseHttpServer.java:<init>(107)) - Hadoop Security Enabled: false Ozone Security Enabled: false Ozone HTTP Security Enabled: false 
2021-09-17 14:21:12,481 [Listener at 127.0.0.1/13392] INFO  server.AuthenticationFilter (AuthenticationFilter.java:constructSecretProvider(240)) - Unable to initialize FileSignerSecretProvider, falling back to use random secrets.
2021-09-17 14:21:12,482 [Listener at 127.0.0.1/13392] WARN  http.HttpRequestLog (HttpRequestLog.java:getRequestLog(103)) - Jetty request log can only be enabled using Log4j
2021-09-17 14:21:12,483 [Listener at 127.0.0.1/13392] INFO  http.HttpServer2 (HttpServer2.java:addGlobalFilter(1030)) - Added global filter 'safety' (class=org.apache.hadoop.hdds.server.http.HttpServer2$QuotingInputFilter)
2021-09-17 14:21:12,484 [Listener at 127.0.0.1/13392] INFO  http.HttpServer2 (HttpServer2.java:addFilter(1006)) - Added filter static_user_filter (class=org.apache.hadoop.http.lib.StaticUserWebFilter$StaticUserFilter) to context hddsDatanode
2021-09-17 14:21:12,492 [Listener at 127.0.0.1/13392] INFO  http.HttpServer2 (HttpServer2.java:addFilter(1014)) - Added filter static_user_filter (class=org.apache.hadoop.http.lib.StaticUserWebFilter$StaticUserFilter) to context logs
2021-09-17 14:21:12,492 [Listener at 127.0.0.1/13392] INFO  http.HttpServer2 (HttpServer2.java:addFilter(1014)) - Added filter static_user_filter (class=org.apache.hadoop.http.lib.StaticUserWebFilter$StaticUserFilter) to context static
2021-09-17 14:21:12,497 [Listener at 127.0.0.1/13392] INFO  http.HttpServer2 (HttpServer2.java:bindListener(1249)) - Jetty bound to port 43611
2021-09-17 14:21:12,497 [Listener at 127.0.0.1/13392] INFO  server.Server (Server.java:doStart(375)) - jetty-9.4.43.v20210629; built: 2021-06-30T11:07:22.254Z; git: 526006ecfa3af7f1a27ef3a288e2bef7ea9dd7e8; jvm 1.8.0_292-b10
2021-09-17 14:21:12,533 [EndpointStateMachine task thread for /127.0.0.1:14605 - 0 ] INFO  ipc.Client (Client.java:handleConnectionFailure(977)) - Retrying connect to server: localhost/127.0.0.1:14605. Already tried 3 time(s); retry policy is RetryUpToMaximumCountWithFixedSleep(maxRetries=15, sleepTime=1000 MILLISECONDS)
2021-09-17 14:21:12,536 [Listener at 127.0.0.1/13392] INFO  server.session (DefaultSessionIdManager.java:doStart(334)) - DefaultSessionIdManager workerName=node0
2021-09-17 14:21:12,536 [Listener at 127.0.0.1/13392] INFO  server.session (DefaultSessionIdManager.java:doStart(339)) - No SessionScavenger set, using defaults
2021-09-17 14:21:12,537 [Listener at 127.0.0.1/13392] INFO  server.session (HouseKeeper.java:startScavenging(132)) - node0 Scavenging every 660000ms
2021-09-17 14:21:12,540 [Listener at 127.0.0.1/13392] INFO  handler.ContextHandler (ContextHandler.java:doStart(915)) - Started o.e.j.s.ServletContextHandler@7baae2db{logs,/logs,file:///home/runner/work/ozone/ozone/hadoop-ozone/integration-test/target/log,AVAILABLE}
2021-09-17 14:21:12,541 [Listener at 127.0.0.1/13392] INFO  handler.ContextHandler (ContextHandler.java:doStart(915)) - Started o.e.j.s.ServletContextHandler@6f136d41{static,/static,jar:file:/home/runner/.m2/repository/org/apache/ozone/hdds-container-service/1.2.0-SNAPSHOT/hdds-container-service-1.2.0-SNAPSHOT.jar!/webapps/static,AVAILABLE}
2021-09-17 14:21:12,697 [Listener at 127.0.0.1/13392] INFO  handler.ContextHandler (ContextHandler.java:doStart(915)) - Started o.e.j.w.WebAppContext@6136bd80{hddsDatanode,/,file:///tmp/jetty-0_0_0_0-43611-hdds-container-service-1_2_0-SNAPSHOT_jar-_-any-7064256463419145691/webapp/,AVAILABLE}{jar:file:/home/runner/.m2/repository/org/apache/ozone/hdds-container-service/1.2.0-SNAPSHOT/hdds-container-service-1.2.0-SNAPSHOT.jar!/webapps/hddsDatanode}
2021-09-17 14:21:12,699 [Listener at 127.0.0.1/13392] INFO  server.AbstractConnector (AbstractConnector.java:doStart(331)) - Started ServerConnector@3b626720{HTTP/1.1, (http/1.1)}{0.0.0.0:43611}
2021-09-17 14:21:12,699 [Listener at 127.0.0.1/13392] INFO  server.Server (Server.java:doStart(415)) - Started @82065ms
2021-09-17 14:21:12,699 [Listener at 127.0.0.1/13392] WARN  impl.MetricsSystemImpl (MetricsSystemImpl.java:register(279)) - Sink prometheus already exists!
2021-09-17 14:21:12,713 [Listener at 127.0.0.1/13392] INFO  http.BaseHttpServer (BaseHttpServer.java:updateConnectorAddress(329)) - HTTP server of hddsDatanode listening at http://0.0.0.0:43611
2021-09-17 14:21:12,719 [Datanode State Machine Thread - 0] INFO  statemachine.DatanodeStateMachine (DatanodeStateMachine.java:lambda$startDaemon$0(456)) - Ozone container server started.
2021-09-17 14:21:12,719 [Listener at 127.0.0.1/13392] INFO  ozone.MiniOzoneClusterImpl (MiniOzoneClusterImpl.java:lambda$waitForClusterToBeReady$0(235)) - Waiting for nodes to be ready. Got 0 of 3 DN Heartbeats.
2021-09-17 14:21:12,720 [Listener at 127.0.0.1/13392] INFO  ozone.MiniOzoneClusterImpl (MiniOzoneClusterImpl.java:lambda$waitForClusterToBeReady$0(238)) - Waiting for cluster to exit safe mode
2021-09-17 14:21:12,720 [Listener at 127.0.0.1/13392] INFO  ozone.MiniOzoneClusterImpl (MiniOzoneClusterImpl.java:lambda$waitForClusterToBeReady$0(240)) - SCM became leader
2021-09-17 14:21:12,768 [org.apache.hadoop.util.JvmPauseMonitor$Monitor@3ab8f91f] INFO  util.JvmPauseMonitor (JvmPauseMonitor.java:run(188)) - Starting JVM pause monitor
2021-09-17 14:21:12,772 [Datanode State Machine Task Thread - 0] INFO  ha.SCMNodeInfo (SCMNodeInfo.java:getPort(197)) - ConfigKey ozone.scm.client.address is deprecated, For configuring different ports for each SCM use PortConfigKey ozone.scm.client.port appended with serviceId and nodeId
2021-09-17 14:21:12,772 [Datanode State Machine Task Thread - 0] INFO  ha.SCMNodeInfo (SCMNodeInfo.java:getPort(197)) - ConfigKey ozone.scm.block.client.address is deprecated, For configuring different ports for each SCM use PortConfigKey ozone.scm.block.client.port appended with serviceId and nodeId
2021-09-17 14:21:12,772 [Datanode State Machine Task Thread - 0] INFO  ha.SCMNodeInfo (SCMNodeInfo.java:getPort(197)) - ConfigKey ozone.scm.datanode.address is deprecated, For configuring different ports for each SCM use PortConfigKey ozone.scm.datanode.port appended with serviceId and nodeId
2021-09-17 14:21:12,772 [Datanode State Machine Task Thread - 0] INFO  ha.SCMNodeInfo (SCMNodeInfo.java:getPort(197)) - ConfigKey ozone.scm.client.address is deprecated, For configuring different ports for each SCM use PortConfigKey ozone.scm.client.port appended with serviceId and nodeId
2021-09-17 14:21:12,772 [Datanode State Machine Task Thread - 0] INFO  ha.SCMNodeInfo (SCMNodeInfo.java:getPort(197)) - ConfigKey ozone.scm.block.client.address is deprecated, For configuring different ports for each SCM use PortConfigKey ozone.scm.block.client.port appended with serviceId and nodeId
2021-09-17 14:21:12,772 [Datanode State Machine Task Thread - 0] INFO  ha.SCMNodeInfo (SCMNodeInfo.java:getPort(197)) - ConfigKey ozone.scm.datanode.address is deprecated, For configuring different ports for each SCM use PortConfigKey ozone.scm.datanode.port appended with serviceId and nodeId
2021-09-17 14:21:12,773 [Datanode State Machine Task Thread - 0] INFO  ha.SCMNodeInfo (SCMNodeInfo.java:getPort(197)) - ConfigKey ozone.scm.client.address is deprecated, For configuring different ports for each SCM use PortConfigKey ozone.scm.client.port appended with serviceId and nodeId
2021-09-17 14:21:12,773 [Datanode State Machine Task Thread - 0] INFO  ha.SCMNodeInfo (SCMNodeInfo.java:getPort(197)) - ConfigKey ozone.scm.block.client.address is deprecated, For configuring different ports for each SCM use PortConfigKey ozone.scm.block.client.port appended with serviceId and nodeId
2021-09-17 14:21:12,773 [Datanode State Machine Task Thread - 0] INFO  ha.SCMNodeInfo (SCMNodeInfo.java:getPort(197)) - ConfigKey ozone.scm.datanode.address is deprecated, For configuring different ports for each SCM use PortConfigKey ozone.scm.datanode.port appended with serviceId and nodeId
2021-09-17 14:21:12,785 [Datanode State Machine Task Thread - 0] INFO  datanode.InitDatanodeState (InitDatanodeState.java:persistContainerDatanodeDetails(145)) - DatanodeDetails is persisted to /home/runner/work/ozone/ozone/hadoop-ozone/integration-test/target/test-dir/MiniOzoneClusterImpl-3d3fab62-48bb-41e0-9886-50eb3b9e447a/datanode-2/meta/datanode.id
2021-09-17 14:21:12,956 [EndpointStateMachine task thread for /127.0.0.1:14615 - 0 ] INFO  ipc.Client (Client.java:handleConnectionFailure(977)) - Retrying connect to server: localhost/127.0.0.1:14615. Already tried 2 time(s); retry policy is RetryUpToMaximumCountWithFixedSleep(maxRetries=15, sleepTime=1000 MILLISECONDS)
2021-09-17 14:21:12,957 [EndpointStateMachine task thread for /127.0.0.1:14625 - 0 ] INFO  ipc.Client (Client.java:handleConnectionFailure(977)) - Retrying connect to server: localhost/127.0.0.1:14625. Already tried 2 time(s); retry policy is RetryUpToMaximumCountWithFixedSleep(maxRetries=15, sleepTime=1000 MILLISECONDS)
2021-09-17 14:21:13,534 [EndpointStateMachine task thread for /127.0.0.1:14605 - 0 ] INFO  ipc.Client (Client.java:handleConnectionFailure(977)) - Retrying connect to server: localhost/127.0.0.1:14605. Already tried 4 time(s); retry policy is RetryUpToMaximumCountWithFixedSleep(maxRetries=15, sleepTime=1000 MILLISECONDS)
2021-09-17 14:21:13,725 [Listener at 127.0.0.1/13392] INFO  ozone.MiniOzoneClusterImpl (MiniOzoneClusterImpl.java:lambda$waitForClusterToBeReady$0(235)) - Waiting for nodes to be ready. Got 0 of 3 DN Heartbeats.
2021-09-17 14:21:13,726 [Listener at 127.0.0.1/13392] INFO  ozone.MiniOzoneClusterImpl (MiniOzoneClusterImpl.java:lambda$waitForClusterToBeReady$0(238)) - Waiting for cluster to exit safe mode
2021-09-17 14:21:13,726 [Listener at 127.0.0.1/13392] INFO  ozone.MiniOzoneClusterImpl (MiniOzoneClusterImpl.java:lambda$waitForClusterToBeReady$0(240)) - SCM became leader
2021-09-17 14:21:13,728 [EndpointStateMachine task thread for /127.0.0.1:13651 - 0 ] INFO  ozoneimpl.OzoneContainer (OzoneContainer.java:start(304)) - Attempting to start container services.
2021-09-17 14:21:13,729 [EndpointStateMachine task thread for /127.0.0.1:13651 - 0 ] INFO  ozoneimpl.OzoneContainer (OzoneContainer.java:startContainerScrub(249)) - Background container scanner has been disabled.
2021-09-17 14:21:13,743 [EndpointStateMachine task thread for /127.0.0.1:13651 - 0 ] INFO  replication.ReplicationServer (ReplicationServer.java:start(107)) - ReplicationServer is started using port 44843
2021-09-17 14:21:13,745 [EndpointStateMachine task thread for /127.0.0.1:13651 - 0 ] INFO  ratis.XceiverServerRatis (XceiverServerRatis.java:start(481)) - Starting XceiverServerRatis 6808a34f-0e94-4674-bd8e-337a9d1c35af
2021-09-17 14:21:13,751 [EndpointStateMachine task thread for /127.0.0.1:13651 - 0 ] INFO  server.RaftServer (RaftServerProxy.java:lambda$start$5(374)) - 6808a34f-0e94-4674-bd8e-337a9d1c35af: start RPC server
2021-09-17 14:21:13,760 [EndpointStateMachine task thread for /127.0.0.1:13651 - 0 ] INFO  server.GrpcService (GrpcService.java:startImpl(253)) - 6808a34f-0e94-4674-bd8e-337a9d1c35af: GrpcService started, listening on 41481
2021-09-17 14:21:13,761 [EndpointStateMachine task thread for /127.0.0.1:13651 - 0 ] INFO  ratis.XceiverServerRatis (XceiverServerRatis.java:getRealPort(502)) - XceiverServerRatis 6808a34f-0e94-4674-bd8e-337a9d1c35af is started using port 41481 for RATIS
2021-09-17 14:21:13,761 [org.apache.ratis.util.JvmPauseMonitor$$Lambda$499/723602324@315f7291] INFO  util.JvmPauseMonitor (JvmPauseMonitor.java:run(103)) - JvmPauseMonitor-6808a34f-0e94-4674-bd8e-337a9d1c35af: Started
2021-09-17 14:21:13,761 [EndpointStateMachine task thread for /127.0.0.1:13651 - 0 ] INFO  ratis.XceiverServerRatis (XceiverServerRatis.java:getRealPort(502)) - XceiverServerRatis 6808a34f-0e94-4674-bd8e-337a9d1c35af is started using port 41481 for RATIS_ADMIN
2021-09-17 14:21:13,761 [EndpointStateMachine task thread for /127.0.0.1:13651 - 0 ] INFO  ratis.XceiverServerRatis (XceiverServerRatis.java:getRealPort(502)) - XceiverServerRatis 6808a34f-0e94-4674-bd8e-337a9d1c35af is started using port 41481 for RATIS_SERVER
2021-09-17 14:21:13,764 [EndpointStateMachine task thread for /127.0.0.1:13651 - 0 ] INFO  server.XceiverServerGrpc (XceiverServerGrpc.java:start(135)) - XceiverServerGrpc 6808a34f-0e94-4674-bd8e-337a9d1c35af is started using port 35287
2021-09-17 14:21:13,766 [EndpointStateMachine task thread for /127.0.0.1:13641 - 0 ] INFO  ozoneimpl.OzoneContainer (OzoneContainer.java:start(300)) - Ignore. OzoneContainer already started.
2021-09-17 14:21:13,957 [EndpointStateMachine task thread for /127.0.0.1:14615 - 0 ] INFO  ipc.Client (Client.java:handleConnectionFailure(977)) - Retrying connect to server: localhost/127.0.0.1:14615. Already tried 3 time(s); retry policy is RetryUpToMaximumCountWithFixedSleep(maxRetries=15, sleepTime=1000 MILLISECONDS)
2021-09-17 14:21:13,958 [EndpointStateMachine task thread for /127.0.0.1:14625 - 0 ] INFO  ipc.Client (Client.java:handleConnectionFailure(977)) - Retrying connect to server: localhost/127.0.0.1:14625. Already tried 3 time(s); retry policy is RetryUpToMaximumCountWithFixedSleep(maxRetries=15, sleepTime=1000 MILLISECONDS)
2021-09-17 14:21:14,210 [EndpointStateMachine task thread for /127.0.0.1:13641 - 0 ] INFO  ozoneimpl.OzoneContainer (OzoneContainer.java:start(304)) - Attempting to start container services.
2021-09-17 14:21:14,210 [EndpointStateMachine task thread for /127.0.0.1:13641 - 0 ] INFO  ozoneimpl.OzoneContainer (OzoneContainer.java:startContainerScrub(249)) - Background container scanner has been disabled.
2021-09-17 14:21:14,212 [EndpointStateMachine task thread for /127.0.0.1:13641 - 0 ] INFO  replication.ReplicationServer (ReplicationServer.java:start(107)) - ReplicationServer is started using port 44115
2021-09-17 14:21:14,213 [EndpointStateMachine task thread for /127.0.0.1:13641 - 0 ] INFO  ratis.XceiverServerRatis (XceiverServerRatis.java:start(481)) - Starting XceiverServerRatis 8721df37-0cb6-4aed-9ac1-08c1f74757c7
2021-09-17 14:21:14,213 [EndpointStateMachine task thread for /127.0.0.1:13641 - 0 ] INFO  server.RaftServer (RaftServerProxy.java:lambda$start$5(374)) - 8721df37-0cb6-4aed-9ac1-08c1f74757c7: start RPC server
2021-09-17 14:21:14,216 [EndpointStateMachine task thread for /127.0.0.1:13641 - 0 ] INFO  server.GrpcService (GrpcService.java:startImpl(253)) - 8721df37-0cb6-4aed-9ac1-08c1f74757c7: GrpcService started, listening on 39603
2021-09-17 14:21:14,220 [EndpointStateMachine task thread for /127.0.0.1:13641 - 0 ] INFO  ratis.XceiverServerRatis (XceiverServerRatis.java:getRealPort(502)) - XceiverServerRatis 8721df37-0cb6-4aed-9ac1-08c1f74757c7 is started using port 39603 for RATIS
2021-09-17 14:21:14,220 [EndpointStateMachine task thread for /127.0.0.1:13641 - 0 ] INFO  ratis.XceiverServerRatis (XceiverServerRatis.java:getRealPort(502)) - XceiverServerRatis 8721df37-0cb6-4aed-9ac1-08c1f74757c7 is started using port 39603 for RATIS_ADMIN
2021-09-17 14:21:14,220 [EndpointStateMachine task thread for /127.0.0.1:13641 - 0 ] INFO  ratis.XceiverServerRatis (XceiverServerRatis.java:getRealPort(502)) - XceiverServerRatis 8721df37-0cb6-4aed-9ac1-08c1f74757c7 is started using port 39603 for RATIS_SERVER
2021-09-17 14:21:14,229 [EndpointStateMachine task thread for /127.0.0.1:13641 - 0 ] INFO  server.XceiverServerGrpc (XceiverServerGrpc.java:start(135)) - XceiverServerGrpc 8721df37-0cb6-4aed-9ac1-08c1f74757c7 is started using port 41251
2021-09-17 14:21:14,234 [EndpointStateMachine task thread for /127.0.0.1:13651 - 0 ] INFO  ozoneimpl.OzoneContainer (OzoneContainer.java:start(300)) - Ignore. OzoneContainer already started.
2021-09-17 14:21:14,234 [org.apache.ratis.util.JvmPauseMonitor$$Lambda$499/723602324@62d38b4c] INFO  util.JvmPauseMonitor (JvmPauseMonitor.java:run(103)) - JvmPauseMonitor-8721df37-0cb6-4aed-9ac1-08c1f74757c7: Started
2021-09-17 14:21:14,534 [EndpointStateMachine task thread for /127.0.0.1:14605 - 0 ] INFO  ipc.Client (Client.java:handleConnectionFailure(977)) - Retrying connect to server: localhost/127.0.0.1:14605. Already tried 5 time(s); retry policy is RetryUpToMaximumCountWithFixedSleep(maxRetries=15, sleepTime=1000 MILLISECONDS)
2021-09-17 14:21:14,726 [Listener at 127.0.0.1/13392] INFO  ozone.MiniOzoneClusterImpl (MiniOzoneClusterImpl.java:lambda$waitForClusterToBeReady$0(235)) - Waiting for nodes to be ready. Got 0 of 3 DN Heartbeats.
2021-09-17 14:21:14,726 [Listener at 127.0.0.1/13392] INFO  ozone.MiniOzoneClusterImpl (MiniOzoneClusterImpl.java:lambda$waitForClusterToBeReady$0(238)) - Waiting for cluster to exit safe mode
2021-09-17 14:21:14,727 [Listener at 127.0.0.1/13392] INFO  ozone.MiniOzoneClusterImpl (MiniOzoneClusterImpl.java:lambda$waitForClusterToBeReady$0(240)) - SCM became leader
2021-09-17 14:21:14,788 [EndpointStateMachine task thread for /127.0.0.1:13651 - 0 ] INFO  ozoneimpl.OzoneContainer (OzoneContainer.java:start(304)) - Attempting to start container services.
2021-09-17 14:21:14,788 [EndpointStateMachine task thread for /127.0.0.1:13651 - 0 ] INFO  ozoneimpl.OzoneContainer (OzoneContainer.java:startContainerScrub(249)) - Background container scanner has been disabled.
2021-09-17 14:21:14,792 [EndpointStateMachine task thread for /127.0.0.1:13651 - 0 ] INFO  replication.ReplicationServer (ReplicationServer.java:start(107)) - ReplicationServer is started using port 41747
2021-09-17 14:21:14,796 [EndpointStateMachine task thread for /127.0.0.1:13651 - 0 ] INFO  ratis.XceiverServerRatis (XceiverServerRatis.java:start(481)) - Starting XceiverServerRatis 11f3a05e-de29-47e4-b752-c1c53d1088e4
2021-09-17 14:21:14,806 [EndpointStateMachine task thread for /127.0.0.1:13651 - 0 ] INFO  server.RaftServer (RaftServerProxy.java:lambda$start$5(374)) - 11f3a05e-de29-47e4-b752-c1c53d1088e4: start RPC server
2021-09-17 14:21:14,813 [EndpointStateMachine task thread for /127.0.0.1:13651 - 0 ] INFO  server.GrpcService (GrpcService.java:startImpl(253)) - 11f3a05e-de29-47e4-b752-c1c53d1088e4: GrpcService started, listening on 41235
2021-09-17 14:21:14,816 [EndpointStateMachine task thread for /127.0.0.1:13651 - 0 ] INFO  ratis.XceiverServerRatis (XceiverServerRatis.java:getRealPort(502)) - XceiverServerRatis 11f3a05e-de29-47e4-b752-c1c53d1088e4 is started using port 41235 for RATIS
2021-09-17 14:21:14,816 [EndpointStateMachine task thread for /127.0.0.1:13651 - 0 ] INFO  ratis.XceiverServerRatis (XceiverServerRatis.java:getRealPort(502)) - XceiverServerRatis 11f3a05e-de29-47e4-b752-c1c53d1088e4 is started using port 41235 for RATIS_ADMIN
2021-09-17 14:21:14,816 [EndpointStateMachine task thread for /127.0.0.1:13651 - 0 ] INFO  ratis.XceiverServerRatis (XceiverServerRatis.java:getRealPort(502)) - XceiverServerRatis 11f3a05e-de29-47e4-b752-c1c53d1088e4 is started using port 41235 for RATIS_SERVER
2021-09-17 14:21:14,821 [EndpointStateMachine task thread for /127.0.0.1:13651 - 0 ] INFO  server.XceiverServerGrpc (XceiverServerGrpc.java:start(135)) - XceiverServerGrpc 11f3a05e-de29-47e4-b752-c1c53d1088e4 is started using port 43719
2021-09-17 14:21:14,825 [EndpointStateMachine task thread for /127.0.0.1:13641 - 0 ] INFO  ozoneimpl.OzoneContainer (OzoneContainer.java:start(300)) - Ignore. OzoneContainer already started.
2021-09-17 14:21:14,825 [org.apache.ratis.util.JvmPauseMonitor$$Lambda$499/723602324@7b99af37] INFO  util.JvmPauseMonitor (JvmPauseMonitor.java:run(103)) - JvmPauseMonitor-11f3a05e-de29-47e4-b752-c1c53d1088e4: Started
2021-09-17 14:21:14,958 [EndpointStateMachine task thread for /127.0.0.1:14615 - 0 ] INFO  ipc.Client (Client.java:handleConnectionFailure(977)) - Retrying connect to server: localhost/127.0.0.1:14615. Already tried 4 time(s); retry policy is RetryUpToMaximumCountWithFixedSleep(maxRetries=15, sleepTime=1000 MILLISECONDS)
2021-09-17 14:21:14,958 [EndpointStateMachine task thread for /127.0.0.1:14625 - 0 ] INFO  ipc.Client (Client.java:handleConnectionFailure(977)) - Retrying connect to server: localhost/127.0.0.1:14625. Already tried 4 time(s); retry policy is RetryUpToMaximumCountWithFixedSleep(maxRetries=15, sleepTime=1000 MILLISECONDS)
2021-09-17 14:21:15,538 [EndpointStateMachine task thread for /127.0.0.1:14605 - 0 ] INFO  ipc.Client (Client.java:handleConnectionFailure(977)) - Retrying connect to server: localhost/127.0.0.1:14605. Already tried 6 time(s); retry policy is RetryUpToMaximumCountWithFixedSleep(maxRetries=15, sleepTime=1000 MILLISECONDS)
2021-09-17 14:21:15,712 [IPC Server handler 2 on default port 13641] INFO  net.NetworkTopologyImpl (NetworkTopologyImpl.java:add(112)) - Added a new node: /default-rack/6808a34f-0e94-4674-bd8e-337a9d1c35af
2021-09-17 14:21:15,713 [IPC Server handler 2 on default port 13641] INFO  node.SCMNodeManager (SCMNodeManager.java:register(389)) - Registered Data node : 6808a34f-0e94-4674-bd8e-337a9d1c35af{ip: 127.0.0.1, host: localhost, ports: [REPLICATION=44843, RATIS=41481, RATIS_ADMIN=41481, RATIS_SERVER=41481, STANDALONE=35287], networkLocation: /default-rack, certSerialId: null, persistedOpState: null, persistedOpStateExpiryEpochSec: 0}
2021-09-17 14:21:15,714 [EventQueue-NewNodeForNewNodeHandler] INFO  pipeline.BackgroundPipelineCreator (BackgroundPipelineCreatorV2.java:notifyEventTriggered(285)) - trigger a one-shot run on RatisPipelineUtilsThread.
2021-09-17 14:21:15,715 [EventQueue-NodeRegistrationContainerReportForDataNodeSafeModeRule] INFO  safemode.SCMSafeModeManager (DataNodeSafeModeRule.java:process(71)) - SCM in safe mode. 1 DataNodes registered, 3 required.
2021-09-17 14:21:15,718 [EventQueue-NodeRegistrationContainerReportForContainerSafeModeRule] INFO  safemode.SCMSafeModeManager (SCMSafeModeManager.java:validateSafeModeExitRules(204)) - ContainerSafeModeRule rule is successfully validated
2021-09-17 14:21:15,717 [RatisPipelineUtilsThread - 0] INFO  pipeline.RatisPipelineProvider (RatisPipelineProvider.java:lambda$create$0(183)) - Sending CreatePipelineCommand for pipeline:PipelineID=d95b866c-e797-4049-9c12-4c24f9d33030 to datanode:6808a34f-0e94-4674-bd8e-337a9d1c35af
2021-09-17 14:21:15,721 [EventQueue-PipelineReportForOneReplicaPipelineSafeModeRule] INFO  safemode.SCMSafeModeManager (SCMSafeModeManager.java:validateSafeModeExitRules(204)) - AtleastOneDatanodeReportedRule rule is successfully validated
2021-09-17 14:21:15,727 [Listener at 127.0.0.1/13392] INFO  ozone.MiniOzoneClusterImpl (MiniOzoneClusterImpl.java:lambda$waitForClusterToBeReady$0(235)) - Waiting for nodes to be ready. Got 1 of 3 DN Heartbeats.
2021-09-17 14:21:15,727 [Listener at 127.0.0.1/13392] INFO  ozone.MiniOzoneClusterImpl (MiniOzoneClusterImpl.java:lambda$waitForClusterToBeReady$0(238)) - Waiting for cluster to exit safe mode
2021-09-17 14:21:15,727 [Listener at 127.0.0.1/13392] INFO  ozone.MiniOzoneClusterImpl (MiniOzoneClusterImpl.java:lambda$waitForClusterToBeReady$0(240)) - SCM became leader
2021-09-17 14:21:15,731 [IPC Server handler 1 on default port 13651] INFO  net.NetworkTopologyImpl (NetworkTopologyImpl.java:add(112)) - Added a new node: /default-rack/6808a34f-0e94-4674-bd8e-337a9d1c35af
2021-09-17 14:21:15,731 [IPC Server handler 1 on default port 13651] INFO  node.SCMNodeManager (SCMNodeManager.java:register(389)) - Registered Data node : 6808a34f-0e94-4674-bd8e-337a9d1c35af{ip: 127.0.0.1, host: localhost, ports: [REPLICATION=44843, RATIS=41481, RATIS_ADMIN=41481, RATIS_SERVER=41481, STANDALONE=35287], networkLocation: /default-rack, certSerialId: null, persistedOpState: null, persistedOpStateExpiryEpochSec: 0}
2021-09-17 14:21:15,736 [EventQueue-NodeRegistrationContainerReportForDataNodeSafeModeRule] INFO  safemode.SCMSafeModeManager (DataNodeSafeModeRule.java:process(71)) - SCM in safe mode. 1 DataNodes registered, 3 required.
2021-09-17 14:21:15,749 [EventQueue-NewNodeForNewNodeHandler] INFO  pipeline.BackgroundPipelineCreator (BackgroundPipelineCreatorV2.java:notifyEventTriggered(279)) - ignore, not leader SCM.
2021-09-17 14:21:15,749 [EventQueue-NodeRegistrationContainerReportForContainerSafeModeRule] INFO  safemode.SCMSafeModeManager (SCMSafeModeManager.java:validateSafeModeExitRules(204)) - ContainerSafeModeRule rule is successfully validated
2021-09-17 14:21:15,761 [EventQueue-PipelineReportForOneReplicaPipelineSafeModeRule] INFO  safemode.SCMSafeModeManager (SCMSafeModeManager.java:validateSafeModeExitRules(204)) - AtleastOneDatanodeReportedRule rule is successfully validated
2021-09-17 14:21:15,768 [62c51671-a275-468c-9a91-cfb1a6740248@group-50EB3B9E447A-StateMachineUpdater] INFO  pipeline.PipelineStateManager (PipelineStateManagerV2Impl.java:addPipeline(101)) - Created pipeline Pipeline[ Id: d95b866c-e797-4049-9c12-4c24f9d33030, Nodes: 6808a34f-0e94-4674-bd8e-337a9d1c35af{ip: 127.0.0.1, host: localhost, ports: [REPLICATION=44843, RATIS=41481, RATIS_ADMIN=41481, RATIS_SERVER=41481, STANDALONE=35287], networkLocation: /default-rack, certSerialId: null, persistedOpState: IN_SERVICE, persistedOpStateExpiryEpochSec: 0}, ReplicationConfig: RATIS/ONE, State:ALLOCATED, leaderId:, CreationTimestamp2021-09-17T14:21:15.717Z[Etc/UTC]].
2021-09-17 14:21:15,768 [62c51671-a275-468c-9a91-cfb1a6740248@group-50EB3B9E447A-StateMachineUpdater] INFO  safemode.HealthyPipelineSafeModeRule (HealthyPipelineSafeModeRule.java:initializeRule(152)) - Refreshed total pipeline count is 0, healthy pipeline threshold count is 1
2021-09-17 14:21:15,771 [RatisPipelineUtilsThread - 0] INFO  ha.SCMHAInvocationHandler (SCMHAInvocationHandler.java:invokeRatis(113)) - Invoking method public abstract void org.apache.hadoop.hdds.scm.pipeline.StateManager.addPipeline(org.apache.hadoop.hdds.protocol.proto.HddsProtos$Pipeline) throws java.io.IOException on target org.apache.hadoop.hdds.scm.ha.SCMRatisServerImpl@2af03325, cost 52138.966us
2021-09-17 14:21:15,778 [b698c972-2c25-4917-bf85-656ee0b35a6d@group-50EB3B9E447A-StateMachineUpdater] INFO  pipeline.PipelineStateManager (PipelineStateManagerV2Impl.java:addPipeline(101)) - Created pipeline Pipeline[ Id: d95b866c-e797-4049-9c12-4c24f9d33030, Nodes: 6808a34f-0e94-4674-bd8e-337a9d1c35af{ip: 127.0.0.1, host: localhost, ports: [REPLICATION=44843, RATIS=41481, RATIS_ADMIN=41481, RATIS_SERVER=41481, STANDALONE=35287], networkLocation: /default-rack, certSerialId: null, persistedOpState: IN_SERVICE, persistedOpStateExpiryEpochSec: 0}, ReplicationConfig: RATIS/ONE, State:ALLOCATED, leaderId:, CreationTimestamp2021-09-17T14:21:15.717Z[Etc/UTC]].
2021-09-17 14:21:15,778 [b698c972-2c25-4917-bf85-656ee0b35a6d@group-50EB3B9E447A-StateMachineUpdater] INFO  safemode.HealthyPipelineSafeModeRule (HealthyPipelineSafeModeRule.java:initializeRule(152)) - Refreshed total pipeline count is 0, healthy pipeline threshold count is 1
2021-09-17 14:21:15,958 [EndpointStateMachine task thread for /127.0.0.1:14615 - 0 ] INFO  ipc.Client (Client.java:handleConnectionFailure(977)) - Retrying connect to server: localhost/127.0.0.1:14615. Already tried 5 time(s); retry policy is RetryUpToMaximumCountWithFixedSleep(maxRetries=15, sleepTime=1000 MILLISECONDS)
2021-09-17 14:21:15,960 [EndpointStateMachine task thread for /127.0.0.1:14625 - 0 ] INFO  ipc.Client (Client.java:handleConnectionFailure(977)) - Retrying connect to server: localhost/127.0.0.1:14625. Already tried 5 time(s); retry policy is RetryUpToMaximumCountWithFixedSleep(maxRetries=15, sleepTime=1000 MILLISECONDS)
2021-09-17 14:21:16,187 [IPC Server handler 2 on default port 13651] INFO  net.NetworkTopologyImpl (NetworkTopologyImpl.java:add(112)) - Added a new node: /default-rack/8721df37-0cb6-4aed-9ac1-08c1f74757c7
2021-09-17 14:21:16,187 [IPC Server handler 2 on default port 13651] INFO  node.SCMNodeManager (SCMNodeManager.java:register(389)) - Registered Data node : 8721df37-0cb6-4aed-9ac1-08c1f74757c7{ip: 127.0.0.1, host: localhost, ports: [REPLICATION=44115, RATIS=39603, RATIS_ADMIN=39603, RATIS_SERVER=39603, STANDALONE=41251], networkLocation: /default-rack, certSerialId: null, persistedOpState: null, persistedOpStateExpiryEpochSec: 0}
2021-09-17 14:21:16,187 [EventQueue-NewNodeForNewNodeHandler] INFO  pipeline.BackgroundPipelineCreator (BackgroundPipelineCreatorV2.java:notifyEventTriggered(279)) - ignore, not leader SCM.
2021-09-17 14:21:16,187 [IPC Server handler 3 on default port 13641] INFO  net.NetworkTopologyImpl (NetworkTopologyImpl.java:add(112)) - Added a new node: /default-rack/8721df37-0cb6-4aed-9ac1-08c1f74757c7
2021-09-17 14:21:16,187 [IPC Server handler 3 on default port 13641] INFO  node.SCMNodeManager (SCMNodeManager.java:register(389)) - Registered Data node : 8721df37-0cb6-4aed-9ac1-08c1f74757c7{ip: 127.0.0.1, host: localhost, ports: [REPLICATION=44115, RATIS=39603, RATIS_ADMIN=39603, RATIS_SERVER=39603, STANDALONE=41251], networkLocation: /default-rack, certSerialId: null, persistedOpState: null, persistedOpStateExpiryEpochSec: 0}
2021-09-17 14:21:16,191 [EventQueue-NodeRegistrationContainerReportForDataNodeSafeModeRule] INFO  safemode.SCMSafeModeManager (DataNodeSafeModeRule.java:process(71)) - SCM in safe mode. 2 DataNodes registered, 3 required.
2021-09-17 14:21:16,192 [EventQueue-NewNodeForNewNodeHandler] INFO  pipeline.BackgroundPipelineCreator (BackgroundPipelineCreatorV2.java:notifyEventTriggered(285)) - trigger a one-shot run on RatisPipelineUtilsThread.
2021-09-17 14:21:16,201 [EventQueue-NodeRegistrationContainerReportForDataNodeSafeModeRule] INFO  safemode.SCMSafeModeManager (DataNodeSafeModeRule.java:process(71)) - SCM in safe mode. 2 DataNodes registered, 3 required.
2021-09-17 14:21:16,205 [RatisPipelineUtilsThread - 0] INFO  pipeline.RatisPipelineProvider (RatisPipelineProvider.java:lambda$create$0(183)) - Sending CreatePipelineCommand for pipeline:PipelineID=f9d0de5a-67aa-4313-8087-5ddc6650c4e9 to datanode:8721df37-0cb6-4aed-9ac1-08c1f74757c7
2021-09-17 14:21:16,213 [62c51671-a275-468c-9a91-cfb1a6740248@group-50EB3B9E447A-StateMachineUpdater] INFO  pipeline.PipelineStateManager (PipelineStateManagerV2Impl.java:addPipeline(101)) - Created pipeline Pipeline[ Id: f9d0de5a-67aa-4313-8087-5ddc6650c4e9, Nodes: 8721df37-0cb6-4aed-9ac1-08c1f74757c7{ip: 127.0.0.1, host: localhost, ports: [REPLICATION=44115, RATIS=39603, RATIS_ADMIN=39603, RATIS_SERVER=39603, STANDALONE=41251], networkLocation: /default-rack, certSerialId: null, persistedOpState: IN_SERVICE, persistedOpStateExpiryEpochSec: 0}, ReplicationConfig: RATIS/ONE, State:ALLOCATED, leaderId:, CreationTimestamp2021-09-17T14:21:16.205Z[Etc/UTC]].
2021-09-17 14:21:16,213 [62c51671-a275-468c-9a91-cfb1a6740248@group-50EB3B9E447A-StateMachineUpdater] INFO  safemode.HealthyPipelineSafeModeRule (HealthyPipelineSafeModeRule.java:initializeRule(152)) - Refreshed total pipeline count is 0, healthy pipeline threshold count is 1
2021-09-17 14:21:16,214 [RatisPipelineUtilsThread - 0] INFO  ha.SCMHAInvocationHandler (SCMHAInvocationHandler.java:invokeRatis(113)) - Invoking method public abstract void org.apache.hadoop.hdds.scm.pipeline.StateManager.addPipeline(org.apache.hadoop.hdds.protocol.proto.HddsProtos$Pipeline) throws java.io.IOException on target org.apache.hadoop.hdds.scm.ha.SCMRatisServerImpl@2af03325, cost 8738.444us
2021-09-17 14:21:16,224 [b698c972-2c25-4917-bf85-656ee0b35a6d@group-50EB3B9E447A-StateMachineUpdater] INFO  pipeline.PipelineStateManager (PipelineStateManagerV2Impl.java:addPipeline(101)) - Created pipeline Pipeline[ Id: f9d0de5a-67aa-4313-8087-5ddc6650c4e9, Nodes: 8721df37-0cb6-4aed-9ac1-08c1f74757c7{ip: 127.0.0.1, host: localhost, ports: [REPLICATION=44115, RATIS=39603, RATIS_ADMIN=39603, RATIS_SERVER=39603, STANDALONE=41251], networkLocation: /default-rack, certSerialId: null, persistedOpState: IN_SERVICE, persistedOpStateExpiryEpochSec: 0}, ReplicationConfig: RATIS/ONE, State:ALLOCATED, leaderId:, CreationTimestamp2021-09-17T14:21:16.205Z[Etc/UTC]].
2021-09-17 14:21:16,224 [b698c972-2c25-4917-bf85-656ee0b35a6d@group-50EB3B9E447A-StateMachineUpdater] INFO  safemode.HealthyPipelineSafeModeRule (HealthyPipelineSafeModeRule.java:initializeRule(152)) - Refreshed total pipeline count is 0, healthy pipeline threshold count is 1
2021-09-17 14:21:16,225 [62c51671-a275-468c-9a91-cfb1a6740248@group-50EB3B9E447A-StateMachineUpdater] INFO  ha.SCMStateMachine (SCMStateMachine.java:takeSnapshot(290)) - Current Snapshot Index 10, takeSnapshot took 0 ms
2021-09-17 14:21:16,229 [62c51671-a275-468c-9a91-cfb1a6740248@group-50EB3B9E447A-StateMachineUpdater] INFO  impl.StateMachineUpdater (StateMachineUpdater.java:takeSnapshot(281)) - 62c51671-a275-468c-9a91-cfb1a6740248@group-50EB3B9E447A-StateMachineUpdater: Took a snapshot at index 10
2021-09-17 14:21:16,229 [62c51671-a275-468c-9a91-cfb1a6740248@group-50EB3B9E447A-StateMachineUpdater] INFO  impl.StateMachineUpdater (StateMachineUpdater.java:lambda$new$0(89)) - 62c51671-a275-468c-9a91-cfb1a6740248@group-50EB3B9E447A-StateMachineUpdater: snapshotIndex: updateIncreasingly 5 -> 10
2021-09-17 14:21:16,229 [62c51671-a275-468c-9a91-cfb1a6740248@group-50EB3B9E447A-StateMachineUpdater] INFO  raftlog.RaftLog (RaftLogBase.java:purge(306)) - 62c51671-a275-468c-9a91-cfb1a6740248@group-50EB3B9E447A-SegmentedRaftLog: purge 10
2021-09-17 14:21:16,229 [62c51671-a275-468c-9a91-cfb1a6740248@group-50EB3B9E447A-StateMachineUpdater] INFO  raftlog.RaftLog (RaftLogBase.java:lambda$new$0(53)) - 62c51671-a275-468c-9a91-cfb1a6740248@group-50EB3B9E447A-SegmentedRaftLog: snapshotIndex: updateIncreasingly 5 -> 10
2021-09-17 14:21:16,229 [62c51671-a275-468c-9a91-cfb1a6740248@group-50EB3B9E447A-StateMachineUpdater] INFO  raftlog.RaftLog (RaftLogBase.java:lambda$new$0(53)) - 62c51671-a275-468c-9a91-cfb1a6740248@group-50EB3B9E447A-SegmentedRaftLog: purgeIndex: updateToMax old=0, new=10, updated? true
2021-09-17 14:21:16,538 [EndpointStateMachine task thread for /127.0.0.1:14605 - 0 ] INFO  ipc.Client (Client.java:handleConnectionFailure(977)) - Retrying connect to server: localhost/127.0.0.1:14605. Already tried 7 time(s); retry policy is RetryUpToMaximumCountWithFixedSleep(maxRetries=15, sleepTime=1000 MILLISECONDS)
2021-09-17 14:21:16,727 [Listener at 127.0.0.1/13392] INFO  ozone.MiniOzoneClusterImpl (MiniOzoneClusterImpl.java:lambda$waitForClusterToBeReady$0(235)) - Waiting for nodes to be ready. Got 2 of 3 DN Heartbeats.
2021-09-17 14:21:16,728 [Listener at 127.0.0.1/13392] INFO  ozone.MiniOzoneClusterImpl (MiniOzoneClusterImpl.java:lambda$waitForClusterToBeReady$0(238)) - Waiting for cluster to exit safe mode
2021-09-17 14:21:16,728 [Listener at 127.0.0.1/13392] INFO  ozone.MiniOzoneClusterImpl (MiniOzoneClusterImpl.java:lambda$waitForClusterToBeReady$0(240)) - SCM became leader
2021-09-17 14:21:16,780 [IPC Server handler 0 on default port 13641] INFO  net.NetworkTopologyImpl (NetworkTopologyImpl.java:add(112)) - Added a new node: /default-rack/11f3a05e-de29-47e4-b752-c1c53d1088e4
2021-09-17 14:21:16,780 [IPC Server handler 0 on default port 13641] INFO  node.SCMNodeManager (SCMNodeManager.java:register(389)) - Registered Data node : 11f3a05e-de29-47e4-b752-c1c53d1088e4{ip: 127.0.0.1, host: localhost, ports: [REPLICATION=41747, RATIS=41235, RATIS_ADMIN=41235, RATIS_SERVER=41235, STANDALONE=43719], networkLocation: /default-rack, certSerialId: null, persistedOpState: null, persistedOpStateExpiryEpochSec: 0}
2021-09-17 14:21:16,780 [EventQueue-NewNodeForNewNodeHandler] INFO  pipeline.BackgroundPipelineCreator (BackgroundPipelineCreatorV2.java:notifyEventTriggered(285)) - trigger a one-shot run on RatisPipelineUtilsThread.
2021-09-17 14:21:16,780 [RatisPipelineUtilsThread - 0] INFO  pipeline.RatisPipelineProvider (RatisPipelineProvider.java:lambda$create$0(183)) - Sending CreatePipelineCommand for pipeline:PipelineID=d9497c8e-5e84-4d19-a56a-162e583a0177 to datanode:11f3a05e-de29-47e4-b752-c1c53d1088e4
2021-09-17 14:21:16,785 [EventQueue-NodeRegistrationContainerReportForDataNodeSafeModeRule] INFO  safemode.SCMSafeModeManager (DataNodeSafeModeRule.java:process(71)) - SCM in safe mode. 3 DataNodes registered, 3 required.
2021-09-17 14:21:16,785 [EventQueue-NodeRegistrationContainerReportForDataNodeSafeModeRule] INFO  safemode.SCMSafeModeManager (SCMSafeModeManager.java:validateSafeModeExitRules(204)) - DataNodeSafeModeRule rule is successfully validated
2021-09-17 14:21:16,785 [EventQueue-NodeRegistrationContainerReportForDataNodeSafeModeRule] INFO  safemode.SCMSafeModeManager (SCMSafeModeManager.java:completePreCheck(233)) - All SCM safe mode pre check rules have passed
2021-09-17 14:21:16,785 [EventQueue-NodeRegistrationContainerReportForDataNodeSafeModeRule] WARN  events.EventQueue (EventQueue.java:fireEvent(194)) - No event handler registered for event TypedEvent{payloadType=SafeModeStatus, name='Safe mode status'}
2021-09-17 14:21:16,785 [EventQueue-NodeRegistrationContainerReportForDataNodeSafeModeRule] INFO  ha.SCMContext (SCMContext.java:updateSafeModeStatus(205)) - Update SafeModeStatus from SafeModeStatus{safeModeStatus=true, preCheckPassed=false} to SafeModeStatus{safeModeStatus=true, preCheckPassed=true}.
2021-09-17 14:21:16,785 [EventQueue-NodeRegistrationContainerReportForDataNodeSafeModeRule] INFO  pipeline.BackgroundPipelineCreator (BackgroundPipelineCreatorV2.java:notifyEventTriggered(285)) - trigger a one-shot run on RatisPipelineUtilsThread.
2021-09-17 14:21:16,785 [IPC Server handler 2 on default port 13651] INFO  net.NetworkTopologyImpl (NetworkTopologyImpl.java:add(112)) - Added a new node: /default-rack/11f3a05e-de29-47e4-b752-c1c53d1088e4
2021-09-17 14:21:16,786 [IPC Server handler 2 on default port 13651] INFO  node.SCMNodeManager (SCMNodeManager.java:register(389)) - Registered Data node : 11f3a05e-de29-47e4-b752-c1c53d1088e4{ip: 127.0.0.1, host: localhost, ports: [REPLICATION=41747, RATIS=41235, RATIS_ADMIN=41235, RATIS_SERVER=41235, STANDALONE=43719], networkLocation: /default-rack, certSerialId: null, persistedOpState: null, persistedOpStateExpiryEpochSec: 0}
2021-09-17 14:21:16,786 [EventQueue-NewNodeForNewNodeHandler] INFO  pipeline.BackgroundPipelineCreator (BackgroundPipelineCreatorV2.java:notifyEventTriggered(279)) - ignore, not leader SCM.
2021-09-17 14:21:16,798 [EventQueue-NodeRegistrationContainerReportForDataNodeSafeModeRule] INFO  safemode.SCMSafeModeManager (DataNodeSafeModeRule.java:process(71)) - SCM in safe mode. 3 DataNodes registered, 3 required.
2021-09-17 14:21:16,798 [EventQueue-NodeRegistrationContainerReportForDataNodeSafeModeRule] INFO  safemode.SCMSafeModeManager (SCMSafeModeManager.java:validateSafeModeExitRules(204)) - DataNodeSafeModeRule rule is successfully validated
2021-09-17 14:21:16,798 [EventQueue-NodeRegistrationContainerReportForDataNodeSafeModeRule] INFO  safemode.SCMSafeModeManager (SCMSafeModeManager.java:completePreCheck(233)) - All SCM safe mode pre check rules have passed
2021-09-17 14:21:16,798 [EventQueue-NodeRegistrationContainerReportForDataNodeSafeModeRule] WARN  events.EventQueue (EventQueue.java:fireEvent(194)) - No event handler registered for event TypedEvent{payloadType=SafeModeStatus, name='Safe mode status'}
2021-09-17 14:21:16,798 [EventQueue-NodeRegistrationContainerReportForDataNodeSafeModeRule] INFO  ha.SCMContext (SCMContext.java:updateSafeModeStatus(205)) - Update SafeModeStatus from SafeModeStatus{safeModeStatus=true, preCheckPassed=false} to SafeModeStatus{safeModeStatus=true, preCheckPassed=true}.
2021-09-17 14:21:16,798 [EventQueue-NodeRegistrationContainerReportForDataNodeSafeModeRule] INFO  pipeline.BackgroundPipelineCreator (BackgroundPipelineCreatorV2.java:notifyEventTriggered(279)) - ignore, not leader SCM.
2021-09-17 14:21:16,802 [b698c972-2c25-4917-bf85-656ee0b35a6d@group-50EB3B9E447A-StateMachineUpdater] INFO  ha.SCMStateMachine (SCMStateMachine.java:takeSnapshot(290)) - Current Snapshot Index 10, takeSnapshot took 0 ms
2021-09-17 14:21:16,802 [b698c972-2c25-4917-bf85-656ee0b35a6d@group-50EB3B9E447A-StateMachineUpdater] INFO  impl.StateMachineUpdater (StateMachineUpdater.java:takeSnapshot(281)) - b698c972-2c25-4917-bf85-656ee0b35a6d@group-50EB3B9E447A-StateMachineUpdater: Took a snapshot at index 10
2021-09-17 14:21:16,802 [b698c972-2c25-4917-bf85-656ee0b35a6d@group-50EB3B9E447A-StateMachineUpdater] INFO  impl.StateMachineUpdater (StateMachineUpdater.java:lambda$new$0(89)) - b698c972-2c25-4917-bf85-656ee0b35a6d@group-50EB3B9E447A-StateMachineUpdater: snapshotIndex: updateIncreasingly 5 -> 10
2021-09-17 14:21:16,802 [b698c972-2c25-4917-bf85-656ee0b35a6d@group-50EB3B9E447A-StateMachineUpdater] INFO  raftlog.RaftLog (RaftLogBase.java:purge(306)) - b698c972-2c25-4917-bf85-656ee0b35a6d@group-50EB3B9E447A-SegmentedRaftLog: purge 10
2021-09-17 14:21:16,802 [b698c972-2c25-4917-bf85-656ee0b35a6d@group-50EB3B9E447A-StateMachineUpdater] INFO  raftlog.RaftLog (RaftLogBase.java:lambda$new$0(53)) - b698c972-2c25-4917-bf85-656ee0b35a6d@group-50EB3B9E447A-SegmentedRaftLog: snapshotIndex: updateIncreasingly 5 -> 10
2021-09-17 14:21:16,802 [b698c972-2c25-4917-bf85-656ee0b35a6d@group-50EB3B9E447A-StateMachineUpdater] INFO  raftlog.RaftLog (RaftLogBase.java:lambda$new$0(53)) - b698c972-2c25-4917-bf85-656ee0b35a6d@group-50EB3B9E447A-SegmentedRaftLog: purgeIndex: updateToMax old=0, new=10, updated? true
2021-09-17 14:21:16,803 [62c51671-a275-468c-9a91-cfb1a6740248@group-50EB3B9E447A-StateMachineUpdater] INFO  pipeline.PipelineStateManager (PipelineStateManagerV2Impl.java:addPipeline(101)) - Created pipeline Pipeline[ Id: d9497c8e-5e84-4d19-a56a-162e583a0177, Nodes: 11f3a05e-de29-47e4-b752-c1c53d1088e4{ip: 127.0.0.1, host: localhost, ports: [REPLICATION=41747, RATIS=41235, RATIS_ADMIN=41235, RATIS_SERVER=41235, STANDALONE=43719], networkLocation: /default-rack, certSerialId: null, persistedOpState: IN_SERVICE, persistedOpStateExpiryEpochSec: 0}, ReplicationConfig: RATIS/ONE, State:ALLOCATED, leaderId:, CreationTimestamp2021-09-17T14:21:16.780Z[Etc/UTC]].
2021-09-17 14:21:16,803 [62c51671-a275-468c-9a91-cfb1a6740248@group-50EB3B9E447A-StateMachineUpdater] INFO  safemode.HealthyPipelineSafeModeRule (HealthyPipelineSafeModeRule.java:initializeRule(152)) - Refreshed total pipeline count is 0, healthy pipeline threshold count is 1
2021-09-17 14:21:16,803 [RatisPipelineUtilsThread - 0] INFO  ha.SCMHAInvocationHandler (SCMHAInvocationHandler.java:invokeRatis(113)) - Invoking method public abstract void org.apache.hadoop.hdds.scm.pipeline.StateManager.addPipeline(org.apache.hadoop.hdds.protocol.proto.HddsProtos$Pipeline) throws java.io.IOException on target org.apache.hadoop.hdds.scm.ha.SCMRatisServerImpl@2af03325, cost 22843.716us
2021-09-17 14:21:16,806 [RatisPipelineUtilsThread - 0] INFO  pipeline.RatisPipelineProvider (RatisPipelineProvider.java:lambda$create$0(183)) - Sending CreatePipelineCommand for pipeline:PipelineID=6a965249-5bad-4878-9cfc-cc9a49073812 to datanode:11f3a05e-de29-47e4-b752-c1c53d1088e4
2021-09-17 14:21:16,806 [RatisPipelineUtilsThread - 0] INFO  pipeline.RatisPipelineProvider (RatisPipelineProvider.java:lambda$create$0(183)) - Sending CreatePipelineCommand for pipeline:PipelineID=6a965249-5bad-4878-9cfc-cc9a49073812 to datanode:8721df37-0cb6-4aed-9ac1-08c1f74757c7
2021-09-17 14:21:16,806 [RatisPipelineUtilsThread - 0] INFO  pipeline.RatisPipelineProvider (RatisPipelineProvider.java:lambda$create$0(183)) - Sending CreatePipelineCommand for pipeline:PipelineID=6a965249-5bad-4878-9cfc-cc9a49073812 to datanode:6808a34f-0e94-4674-bd8e-337a9d1c35af
2021-09-17 14:21:16,824 [b698c972-2c25-4917-bf85-656ee0b35a6d@group-50EB3B9E447A-StateMachineUpdater] INFO  pipeline.PipelineStateManager (PipelineStateManagerV2Impl.java:addPipeline(101)) - Created pipeline Pipeline[ Id: d9497c8e-5e84-4d19-a56a-162e583a0177, Nodes: 11f3a05e-de29-47e4-b752-c1c53d1088e4{ip: 127.0.0.1, host: localhost, ports: [REPLICATION=41747, RATIS=41235, RATIS_ADMIN=41235, RATIS_SERVER=41235, STANDALONE=43719], networkLocation: /default-rack, certSerialId: null, persistedOpState: IN_SERVICE, persistedOpStateExpiryEpochSec: 0}, ReplicationConfig: RATIS/ONE, State:ALLOCATED, leaderId:, CreationTimestamp2021-09-17T14:21:16.780Z[Etc/UTC]].
2021-09-17 14:21:16,824 [b698c972-2c25-4917-bf85-656ee0b35a6d@group-50EB3B9E447A-StateMachineUpdater] INFO  safemode.HealthyPipelineSafeModeRule (HealthyPipelineSafeModeRule.java:initializeRule(152)) - Refreshed total pipeline count is 0, healthy pipeline threshold count is 1
2021-09-17 14:21:16,837 [62c51671-a275-468c-9a91-cfb1a6740248@group-50EB3B9E447A-StateMachineUpdater] INFO  pipeline.PipelineStateManager (PipelineStateManagerV2Impl.java:addPipeline(101)) - Created pipeline Pipeline[ Id: 6a965249-5bad-4878-9cfc-cc9a49073812, Nodes: 11f3a05e-de29-47e4-b752-c1c53d1088e4{ip: 127.0.0.1, host: localhost, ports: [REPLICATION=41747, RATIS=41235, RATIS_ADMIN=41235, RATIS_SERVER=41235, STANDALONE=43719], networkLocation: /default-rack, certSerialId: null, persistedOpState: IN_SERVICE, persistedOpStateExpiryEpochSec: 0}8721df37-0cb6-4aed-9ac1-08c1f74757c7{ip: 127.0.0.1, host: localhost, ports: [REPLICATION=44115, RATIS=39603, RATIS_ADMIN=39603, RATIS_SERVER=39603, STANDALONE=41251], networkLocation: /default-rack, certSerialId: null, persistedOpState: IN_SERVICE, persistedOpStateExpiryEpochSec: 0}6808a34f-0e94-4674-bd8e-337a9d1c35af{ip: 127.0.0.1, host: localhost, ports: [REPLICATION=44843, RATIS=41481, RATIS_ADMIN=41481, RATIS_SERVER=41481, STANDALONE=35287], networkLocation: /default-rack, certSerialId: null, persistedOpState: IN_SERVICE, persistedOpStateExpiryEpochSec: 0}, ReplicationConfig: RATIS/THREE, State:ALLOCATED, leaderId:, CreationTimestamp2021-09-17T14:21:16.806Z[Etc/UTC]].
2021-09-17 14:21:16,846 [62c51671-a275-468c-9a91-cfb1a6740248@group-50EB3B9E447A-StateMachineUpdater] INFO  safemode.HealthyPipelineSafeModeRule (HealthyPipelineSafeModeRule.java:initializeRule(152)) - Refreshed total pipeline count is 0, healthy pipeline threshold count is 1
2021-09-17 14:21:16,846 [RatisPipelineUtilsThread - 0] INFO  ha.SCMHAInvocationHandler (SCMHAInvocationHandler.java:invokeRatis(113)) - Invoking method public abstract void org.apache.hadoop.hdds.scm.pipeline.StateManager.addPipeline(org.apache.hadoop.hdds.protocol.proto.HddsProtos$Pipeline) throws java.io.IOException on target org.apache.hadoop.hdds.scm.ha.SCMRatisServerImpl@2af03325, cost 40409.705us
2021-09-17 14:21:16,849 [RatisPipelineUtilsThread - 0] INFO  pipeline.RatisPipelineProvider (RatisPipelineProvider.java:lambda$create$0(183)) - Sending CreatePipelineCommand for pipeline:PipelineID=2122119d-9f41-4192-8973-d0b93889fbfc to datanode:11f3a05e-de29-47e4-b752-c1c53d1088e4
2021-09-17 14:21:16,849 [RatisPipelineUtilsThread - 0] INFO  pipeline.RatisPipelineProvider (RatisPipelineProvider.java:lambda$create$0(183)) - Sending CreatePipelineCommand for pipeline:PipelineID=2122119d-9f41-4192-8973-d0b93889fbfc to datanode:8721df37-0cb6-4aed-9ac1-08c1f74757c7
2021-09-17 14:21:16,849 [RatisPipelineUtilsThread - 0] INFO  pipeline.RatisPipelineProvider (RatisPipelineProvider.java:lambda$create$0(183)) - Sending CreatePipelineCommand for pipeline:PipelineID=2122119d-9f41-4192-8973-d0b93889fbfc to datanode:6808a34f-0e94-4674-bd8e-337a9d1c35af
2021-09-17 14:21:16,857 [b698c972-2c25-4917-bf85-656ee0b35a6d@group-50EB3B9E447A-StateMachineUpdater] INFO  pipeline.PipelineStateManager (PipelineStateManagerV2Impl.java:addPipeline(101)) - Created pipeline Pipeline[ Id: 6a965249-5bad-4878-9cfc-cc9a49073812, Nodes: 11f3a05e-de29-47e4-b752-c1c53d1088e4{ip: 127.0.0.1, host: localhost, ports: [REPLICATION=41747, RATIS=41235, RATIS_ADMIN=41235, RATIS_SERVER=41235, STANDALONE=43719], networkLocation: /default-rack, certSerialId: null, persistedOpState: IN_SERVICE, persistedOpStateExpiryEpochSec: 0}8721df37-0cb6-4aed-9ac1-08c1f74757c7{ip: 127.0.0.1, host: localhost, ports: [REPLICATION=44115, RATIS=39603, RATIS_ADMIN=39603, RATIS_SERVER=39603, STANDALONE=41251], networkLocation: /default-rack, certSerialId: null, persistedOpState: IN_SERVICE, persistedOpStateExpiryEpochSec: 0}6808a34f-0e94-4674-bd8e-337a9d1c35af{ip: 127.0.0.1, host: localhost, ports: [REPLICATION=44843, RATIS=41481, RATIS_ADMIN=41481, RATIS_SERVER=41481, STANDALONE=35287], networkLocation: /default-rack, certSerialId: null, persistedOpState: IN_SERVICE, persistedOpStateExpiryEpochSec: 0}, ReplicationConfig: RATIS/THREE, State:ALLOCATED, leaderId:, CreationTimestamp2021-09-17T14:21:16.806Z[Etc/UTC]].
2021-09-17 14:21:16,857 [b698c972-2c25-4917-bf85-656ee0b35a6d@group-50EB3B9E447A-StateMachineUpdater] INFO  safemode.HealthyPipelineSafeModeRule (HealthyPipelineSafeModeRule.java:initializeRule(152)) - Refreshed total pipeline count is 0, healthy pipeline threshold count is 1
2021-09-17 14:21:16,861 [62c51671-a275-468c-9a91-cfb1a6740248@group-50EB3B9E447A-StateMachineUpdater] INFO  pipeline.PipelineStateManager (PipelineStateManagerV2Impl.java:addPipeline(101)) - Created pipeline Pipeline[ Id: 2122119d-9f41-4192-8973-d0b93889fbfc, Nodes: 11f3a05e-de29-47e4-b752-c1c53d1088e4{ip: 127.0.0.1, host: localhost, ports: [REPLICATION=41747, RATIS=41235, RATIS_ADMIN=41235, RATIS_SERVER=41235, STANDALONE=43719], networkLocation: /default-rack, certSerialId: null, persistedOpState: IN_SERVICE, persistedOpStateExpiryEpochSec: 0}8721df37-0cb6-4aed-9ac1-08c1f74757c7{ip: 127.0.0.1, host: localhost, ports: [REPLICATION=44115, RATIS=39603, RATIS_ADMIN=39603, RATIS_SERVER=39603, STANDALONE=41251], networkLocation: /default-rack, certSerialId: null, persistedOpState: IN_SERVICE, persistedOpStateExpiryEpochSec: 0}6808a34f-0e94-4674-bd8e-337a9d1c35af{ip: 127.0.0.1, host: localhost, ports: [REPLICATION=44843, RATIS=41481, RATIS_ADMIN=41481, RATIS_SERVER=41481, STANDALONE=35287], networkLocation: /default-rack, certSerialId: null, persistedOpState: IN_SERVICE, persistedOpStateExpiryEpochSec: 0}, ReplicationConfig: RATIS/THREE, State:ALLOCATED, leaderId:, CreationTimestamp2021-09-17T14:21:16.849Z[Etc/UTC]].
2021-09-17 14:21:16,862 [62c51671-a275-468c-9a91-cfb1a6740248@group-50EB3B9E447A-StateMachineUpdater] INFO  safemode.HealthyPipelineSafeModeRule (HealthyPipelineSafeModeRule.java:initializeRule(152)) - Refreshed total pipeline count is 0, healthy pipeline threshold count is 1
2021-09-17 14:21:16,862 [RatisPipelineUtilsThread - 0] INFO  ha.SCMHAInvocationHandler (SCMHAInvocationHandler.java:invokeRatis(113)) - Invoking method public abstract void org.apache.hadoop.hdds.scm.pipeline.StateManager.addPipeline(org.apache.hadoop.hdds.protocol.proto.HddsProtos$Pipeline) throws java.io.IOException on target org.apache.hadoop.hdds.scm.ha.SCMRatisServerImpl@2af03325, cost 13041.867us
2021-09-17 14:21:16,863 [RatisPipelineUtilsThread - 0] INFO  pipeline.PipelineManagerImpl (PipelineManagerImpl.java:recordMetricsForPipeline(613)) - Pipeline: PipelineID=2122119d-9f41-4192-8973-d0b93889fbfc contains same datanodes as previous pipelines: PipelineID=6a965249-5bad-4878-9cfc-cc9a49073812 nodeIds: 11f3a05e-de29-47e4-b752-c1c53d1088e4, 8721df37-0cb6-4aed-9ac1-08c1f74757c7, 6808a34f-0e94-4674-bd8e-337a9d1c35af
2021-09-17 14:21:16,865 [62c51671-a275-468c-9a91-cfb1a6740248@group-50EB3B9E447A-StateMachineUpdater] INFO  ha.SCMStateMachine (SCMStateMachine.java:takeSnapshot(290)) - Current Snapshot Index 15, takeSnapshot took 2 ms
2021-09-17 14:21:16,865 [62c51671-a275-468c-9a91-cfb1a6740248@group-50EB3B9E447A-StateMachineUpdater] INFO  impl.StateMachineUpdater (StateMachineUpdater.java:takeSnapshot(281)) - 62c51671-a275-468c-9a91-cfb1a6740248@group-50EB3B9E447A-StateMachineUpdater: Took a snapshot at index 15
2021-09-17 14:21:16,865 [62c51671-a275-468c-9a91-cfb1a6740248@group-50EB3B9E447A-StateMachineUpdater] INFO  impl.StateMachineUpdater (StateMachineUpdater.java:lambda$new$0(89)) - 62c51671-a275-468c-9a91-cfb1a6740248@group-50EB3B9E447A-StateMachineUpdater: snapshotIndex: updateIncreasingly 10 -> 15
2021-09-17 14:21:16,865 [62c51671-a275-468c-9a91-cfb1a6740248@group-50EB3B9E447A-StateMachineUpdater] INFO  raftlog.RaftLog (RaftLogBase.java:purge(306)) - 62c51671-a275-468c-9a91-cfb1a6740248@group-50EB3B9E447A-SegmentedRaftLog: purge 15
2021-09-17 14:21:16,865 [62c51671-a275-468c-9a91-cfb1a6740248@group-50EB3B9E447A-StateMachineUpdater] INFO  raftlog.RaftLog (RaftLogBase.java:lambda$new$0(53)) - 62c51671-a275-468c-9a91-cfb1a6740248@group-50EB3B9E447A-SegmentedRaftLog: snapshotIndex: updateIncreasingly 10 -> 15
2021-09-17 14:21:16,865 [62c51671-a275-468c-9a91-cfb1a6740248@group-50EB3B9E447A-StateMachineUpdater] INFO  raftlog.RaftLog (RaftLogBase.java:lambda$new$0(53)) - 62c51671-a275-468c-9a91-cfb1a6740248@group-50EB3B9E447A-SegmentedRaftLog: purgeIndex: updateToMax old=10, new=15, updated? true
2021-09-17 14:21:16,870 [b698c972-2c25-4917-bf85-656ee0b35a6d@group-50EB3B9E447A-StateMachineUpdater] INFO  pipeline.PipelineStateManager (PipelineStateManagerV2Impl.java:addPipeline(101)) - Created pipeline Pipeline[ Id: 2122119d-9f41-4192-8973-d0b93889fbfc, Nodes: 11f3a05e-de29-47e4-b752-c1c53d1088e4{ip: 127.0.0.1, host: localhost, ports: [REPLICATION=41747, RATIS=41235, RATIS_ADMIN=41235, RATIS_SERVER=41235, STANDALONE=43719], networkLocation: /default-rack, certSerialId: null, persistedOpState: IN_SERVICE, persistedOpStateExpiryEpochSec: 0}8721df37-0cb6-4aed-9ac1-08c1f74757c7{ip: 127.0.0.1, host: localhost, ports: [REPLICATION=44115, RATIS=39603, RATIS_ADMIN=39603, RATIS_SERVER=39603, STANDALONE=41251], networkLocation: /default-rack, certSerialId: null, persistedOpState: IN_SERVICE, persistedOpStateExpiryEpochSec: 0}6808a34f-0e94-4674-bd8e-337a9d1c35af{ip: 127.0.0.1, host: localhost, ports: [REPLICATION=44843, RATIS=41481, RATIS_ADMIN=41481, RATIS_SERVER=41481, STANDALONE=35287], networkLocation: /default-rack, certSerialId: null, persistedOpState: IN_SERVICE, persistedOpStateExpiryEpochSec: 0}, ReplicationConfig: RATIS/THREE, State:ALLOCATED, leaderId:, CreationTimestamp2021-09-17T14:21:16.849Z[Etc/UTC]].
2021-09-17 14:21:16,871 [b698c972-2c25-4917-bf85-656ee0b35a6d@group-50EB3B9E447A-StateMachineUpdater] INFO  safemode.HealthyPipelineSafeModeRule (HealthyPipelineSafeModeRule.java:initializeRule(152)) - Refreshed total pipeline count is 0, healthy pipeline threshold count is 1
2021-09-17 14:21:16,873 [b698c972-2c25-4917-bf85-656ee0b35a6d@group-50EB3B9E447A-StateMachineUpdater] INFO  ha.SCMStateMachine (SCMStateMachine.java:takeSnapshot(290)) - Current Snapshot Index 15, takeSnapshot took 0 ms
2021-09-17 14:21:16,873 [b698c972-2c25-4917-bf85-656ee0b35a6d@group-50EB3B9E447A-StateMachineUpdater] INFO  impl.StateMachineUpdater (StateMachineUpdater.java:takeSnapshot(281)) - b698c972-2c25-4917-bf85-656ee0b35a6d@group-50EB3B9E447A-StateMachineUpdater: Took a snapshot at index 15
2021-09-17 14:21:16,873 [b698c972-2c25-4917-bf85-656ee0b35a6d@group-50EB3B9E447A-StateMachineUpdater] INFO  impl.StateMachineUpdater (StateMachineUpdater.java:lambda$new$0(89)) - b698c972-2c25-4917-bf85-656ee0b35a6d@group-50EB3B9E447A-StateMachineUpdater: snapshotIndex: updateIncreasingly 10 -> 15
2021-09-17 14:21:16,873 [b698c972-2c25-4917-bf85-656ee0b35a6d@group-50EB3B9E447A-StateMachineUpdater] INFO  raftlog.RaftLog (RaftLogBase.java:purge(306)) - b698c972-2c25-4917-bf85-656ee0b35a6d@group-50EB3B9E447A-SegmentedRaftLog: purge 15
2021-09-17 14:21:16,873 [b698c972-2c25-4917-bf85-656ee0b35a6d@group-50EB3B9E447A-StateMachineUpdater] INFO  raftlog.RaftLog (RaftLogBase.java:lambda$new$0(53)) - b698c972-2c25-4917-bf85-656ee0b35a6d@group-50EB3B9E447A-SegmentedRaftLog: snapshotIndex: updateIncreasingly 10 -> 15
2021-09-17 14:21:16,873 [b698c972-2c25-4917-bf85-656ee0b35a6d@group-50EB3B9E447A-StateMachineUpdater] INFO  raftlog.RaftLog (RaftLogBase.java:lambda$new$0(53)) - b698c972-2c25-4917-bf85-656ee0b35a6d@group-50EB3B9E447A-SegmentedRaftLog: purgeIndex: updateToMax old=10, new=15, updated? true
2021-09-17 14:21:16,960 [EndpointStateMachine task thread for /127.0.0.1:14615 - 0 ] INFO  ipc.Client (Client.java:handleConnectionFailure(977)) - Retrying connect to server: localhost/127.0.0.1:14615. Already tried 6 time(s); retry policy is RetryUpToMaximumCountWithFixedSleep(maxRetries=15, sleepTime=1000 MILLISECONDS)
2021-09-17 14:21:16,961 [EndpointStateMachine task thread for /127.0.0.1:14625 - 0 ] INFO  ipc.Client (Client.java:handleConnectionFailure(977)) - Retrying connect to server: localhost/127.0.0.1:14625. Already tried 6 time(s); retry policy is RetryUpToMaximumCountWithFixedSleep(maxRetries=15, sleepTime=1000 MILLISECONDS)
2021-09-17 14:21:17,539 [EndpointStateMachine task thread for /127.0.0.1:14605 - 0 ] INFO  ipc.Client (Client.java:handleConnectionFailure(977)) - Retrying connect to server: localhost/127.0.0.1:14605. Already tried 8 time(s); retry policy is RetryUpToMaximumCountWithFixedSleep(maxRetries=15, sleepTime=1000 MILLISECONDS)
2021-09-17 14:21:17,710 [Datanode State Machine Thread - 0] ERROR datanode.RunningDatanodeState (RunningDatanodeState.java:computeNextContainerState(199)) - Error in executing end point task.
java.util.concurrent.ExecutionException: java.util.concurrent.TimeoutException
	at java.util.concurrent.FutureTask.report(FutureTask.java:122)
	at java.util.concurrent.FutureTask.get(FutureTask.java:192)
	at org.apache.hadoop.ozone.container.common.states.datanode.RunningDatanodeState.computeNextContainerState(RunningDatanodeState.java:191)
	at org.apache.hadoop.ozone.container.common.states.datanode.RunningDatanodeState.await(RunningDatanodeState.java:231)
	at org.apache.hadoop.ozone.container.common.states.datanode.RunningDatanodeState.await(RunningDatanodeState.java:50)
	at org.apache.hadoop.ozone.container.common.statemachine.StateContext.execute(StateContext.java:629)
	at org.apache.hadoop.ozone.container.common.statemachine.DatanodeStateMachine.start(DatanodeStateMachine.java:270)
	at org.apache.hadoop.ozone.container.common.statemachine.DatanodeStateMachine.lambda$startDaemon$0(DatanodeStateMachine.java:457)
	at java.lang.Thread.run(Thread.java:748)
Caused by: java.util.concurrent.TimeoutException
	at java.util.concurrent.FutureTask.get(FutureTask.java:205)
	at org.apache.hadoop.ozone.container.common.states.datanode.RunningDatanodeState.lambda$execute$0(RunningDatanodeState.java:149)
	at java.util.concurrent.FutureTask.run(FutureTask.java:266)
	at java.util.concurrent.Executors$RunnableAdapter.call(Executors.java:511)
	at java.util.concurrent.FutureTask.run(FutureTask.java:266)
	at java.util.concurrent.ThreadPoolExecutor.runWorker(ThreadPoolExecutor.java:1149)
	at java.util.concurrent.ThreadPoolExecutor$Worker.run(ThreadPoolExecutor.java:624)
	... 1 more
2021-09-17 14:21:17,728 [Listener at 127.0.0.1/13392] INFO  ozone.MiniOzoneClusterImpl (MiniOzoneClusterImpl.java:lambda$waitForClusterToBeReady$0(235)) - Nodes are ready. Got 3 of 3 DN Heartbeats.
2021-09-17 14:21:17,728 [Listener at 127.0.0.1/13392] INFO  ozone.MiniOzoneClusterImpl (MiniOzoneClusterImpl.java:lambda$waitForClusterToBeReady$0(238)) - Waiting for cluster to exit safe mode
2021-09-17 14:21:17,728 [Listener at 127.0.0.1/13392] INFO  ozone.MiniOzoneClusterImpl (MiniOzoneClusterImpl.java:lambda$waitForClusterToBeReady$0(240)) - SCM became leader
2021-09-17 14:21:17,962 [EndpointStateMachine task thread for /127.0.0.1:14615 - 0 ] INFO  ipc.Client (Client.java:handleConnectionFailure(977)) - Retrying connect to server: localhost/127.0.0.1:14615. Already tried 7 time(s); retry policy is RetryUpToMaximumCountWithFixedSleep(maxRetries=15, sleepTime=1000 MILLISECONDS)
2021-09-17 14:21:17,962 [EndpointStateMachine task thread for /127.0.0.1:14625 - 0 ] INFO  ipc.Client (Client.java:handleConnectionFailure(977)) - Retrying connect to server: localhost/127.0.0.1:14625. Already tried 7 time(s); retry policy is RetryUpToMaximumCountWithFixedSleep(maxRetries=15, sleepTime=1000 MILLISECONDS)
2021-09-17 14:21:18,540 [EndpointStateMachine task thread for /127.0.0.1:14605 - 0 ] INFO  ipc.Client (Client.java:handleConnectionFailure(977)) - Retrying connect to server: localhost/127.0.0.1:14605. Already tried 9 time(s); retry policy is RetryUpToMaximumCountWithFixedSleep(maxRetries=15, sleepTime=1000 MILLISECONDS)
2021-09-17 14:21:18,717 [Command processor thread] INFO  server.RaftServer (RaftServerProxy.java:addNew(95)) - 6808a34f-0e94-4674-bd8e-337a9d1c35af: addNew group-4C24F9D33030:[6808a34f-0e94-4674-bd8e-337a9d1c35af|rpc:127.0.0.1:41481|priority:1] returns group-4C24F9D33030:java.util.concurrent.CompletableFuture@3efe898b[Not completed]
2021-09-17 14:21:18,724 [pool-264-thread-1] INFO  server.RaftServer$Division (RaftServerImpl.java:<init>(181)) - 6808a34f-0e94-4674-bd8e-337a9d1c35af: new RaftServerImpl for group-4C24F9D33030:[6808a34f-0e94-4674-bd8e-337a9d1c35af|rpc:127.0.0.1:41481|priority:1] with ContainerStateMachine:uninitialized
2021-09-17 14:21:18,726 [pool-264-thread-1] INFO  server.RaftServerConfigKeys (ConfUtils.java:logGet(44)) - raft.server.rpc.timeout.min = 5s (custom)
2021-09-17 14:21:18,726 [pool-264-thread-1] INFO  server.RaftServerConfigKeys (ConfUtils.java:logGet(44)) - raft.server.rpc.timeout.max = 5200ms (custom)
2021-09-17 14:21:18,726 [pool-264-thread-1] INFO  server.RaftServerConfigKeys (ConfUtils.java:logGet(44)) - raft.server.rpc.sleep.time = 25ms (default)
2021-09-17 14:21:18,726 [pool-264-thread-1] INFO  server.RaftServerConfigKeys (ConfUtils.java:logGet(44)) - raft.server.rpc.slowness.timeout = 300s (custom)
2021-09-17 14:21:18,727 [pool-264-thread-1] INFO  server.RaftServerConfigKeys (ConfUtils.java:logGet(44)) - raft.server.leaderelection.leader.step-down.wait-time = 10s (default)
2021-09-17 14:21:18,727 [pool-264-thread-1] INFO  server.RaftServerConfigKeys (ConfUtils.java:logGet(44)) - raft.server.sleep.deviation.threshold = 300ms (default)
2021-09-17 14:21:18,727 [pool-264-thread-1] INFO  server.RaftServerConfigKeys (ConfUtils.java:logGet(44)) - raft.server.log.appender.install.snapshot.enabled = false (custom)
2021-09-17 14:21:18,727 [pool-264-thread-1] INFO  server.RaftServer$Division (ServerState.java:<init>(105)) - 6808a34f-0e94-4674-bd8e-337a9d1c35af@group-4C24F9D33030: ConfigurationManager, init=-1: [6808a34f-0e94-4674-bd8e-337a9d1c35af|rpc:127.0.0.1:41481|priority:1], old=null, confs=<EMPTY_MAP>
2021-09-17 14:21:18,727 [pool-264-thread-1] INFO  server.RaftServerConfigKeys (ConfUtils.java:logGet(44)) - raft.server.storage.dir = [/home/runner/work/ozone/ozone/hadoop-ozone/integration-test/target/test-dir/MiniOzoneClusterImpl-3d3fab62-48bb-41e0-9886-50eb3b9e447a/datanode-0/data/ratis] (custom)
2021-09-17 14:21:18,727 [pool-264-thread-1] INFO  server.RaftServerConfigKeys (ConfUtils.java:logGet(44)) - raft.server.log.corruption.policy = EXCEPTION (default)
2021-09-17 14:21:18,727 [pool-264-thread-1] INFO  server.RaftServerConfigKeys (ConfUtils.java:logGet(44)) - raft.server.storage.free-space.min = 0MB (=0) (default)
2021-09-17 14:21:18,727 [pool-264-thread-1] INFO  storage.RaftStorageDirectory (RaftStorageDirectoryImpl.java:analyzeStorage(135)) - The storage directory /home/runner/work/ozone/ozone/hadoop-ozone/integration-test/target/test-dir/MiniOzoneClusterImpl-3d3fab62-48bb-41e0-9886-50eb3b9e447a/datanode-0/data/ratis/d95b866c-e797-4049-9c12-4c24f9d33030 does not exist. Creating ...
2021-09-17 14:21:18,728 [Listener at 127.0.0.1/13392] INFO  ozone.MiniOzoneClusterImpl (MiniOzoneClusterImpl.java:lambda$waitForClusterToBeReady$0(235)) - Nodes are ready. Got 3 of 3 DN Heartbeats.
2021-09-17 14:21:18,729 [Listener at 127.0.0.1/13392] INFO  ozone.MiniOzoneClusterImpl (MiniOzoneClusterImpl.java:lambda$waitForClusterToBeReady$0(238)) - Waiting for cluster to exit safe mode
2021-09-17 14:21:18,729 [Listener at 127.0.0.1/13392] INFO  ozone.MiniOzoneClusterImpl (MiniOzoneClusterImpl.java:lambda$waitForClusterToBeReady$0(240)) - SCM became leader
2021-09-17 14:21:18,729 [pool-264-thread-1] INFO  storage.RaftStorageDirectory (RaftStorageDirectoryImpl.java:tryLock(230)) - Lock on /home/runner/work/ozone/ozone/hadoop-ozone/integration-test/target/test-dir/MiniOzoneClusterImpl-3d3fab62-48bb-41e0-9886-50eb3b9e447a/datanode-0/data/ratis/d95b866c-e797-4049-9c12-4c24f9d33030/in_use.lock acquired by nodename 9576@fv-az116-264
2021-09-17 14:21:18,733 [pool-264-thread-1] INFO  storage.RaftStorage (RaftStorageImpl.java:format(89)) - Storage directory /home/runner/work/ozone/ozone/hadoop-ozone/integration-test/target/test-dir/MiniOzoneClusterImpl-3d3fab62-48bb-41e0-9886-50eb3b9e447a/datanode-0/data/ratis/d95b866c-e797-4049-9c12-4c24f9d33030 has been successfully formatted.
2021-09-17 14:21:18,734 [pool-264-thread-1] INFO  ratis.ContainerStateMachine (ContainerStateMachine.java:loadSnapshot(224)) - group-4C24F9D33030: The snapshot info is null. Setting the last applied indexto:(t:0, i:~)
2021-09-17 14:21:18,734 [pool-264-thread-1] INFO  server.RaftServerConfigKeys (ConfUtils.java:logGet(44)) - raft.server.notification.no-leader.timeout = 300s (custom)
2021-09-17 14:21:18,734 [pool-264-thread-1] INFO  server.RaftServerConfigKeys (ConfUtils.java:logGet(44)) - raft.server.log.use.memory = false (default)
2021-09-17 14:21:18,736 [pool-264-thread-1] INFO  server.RaftServerConfigKeys (ConfUtils.java:logGet(44)) - raft.server.log.purge.gap = 1000000 (custom)
2021-09-17 14:21:18,736 [pool-264-thread-1] INFO  server.RaftServerConfigKeys (ConfUtils.java:logGet(44)) - raft.server.log.appender.buffer.byte-limit = 33554432 (custom)
2021-09-17 14:21:18,737 [pool-264-thread-1] INFO  server.RaftServerConfigKeys (ConfUtils.java:logGet(44)) - raft.server.log.segment.size.max = 1048576 (custom)
2021-09-17 14:21:18,737 [pool-264-thread-1] INFO  server.RaftServerConfigKeys (ConfUtils.java:logGet(44)) - raft.server.log.segment.cache.num.max = 2 (custom)
2021-09-17 14:21:18,737 [pool-264-thread-1] INFO  server.RaftServerConfigKeys (ConfUtils.java:logGet(44)) - raft.server.log.segment.cache.size.max = 200MB (=209715200) (default)
2021-09-17 14:21:18,737 [pool-264-thread-1] INFO  segmented.SegmentedRaftLogWorker (SegmentedRaftLogWorker.java:<init>(182)) - new 6808a34f-0e94-4674-bd8e-337a9d1c35af@group-4C24F9D33030-SegmentedRaftLogWorker for RaftStorageImpl:Storage Directory /home/runner/work/ozone/ozone/hadoop-ozone/integration-test/target/test-dir/MiniOzoneClusterImpl-3d3fab62-48bb-41e0-9886-50eb3b9e447a/datanode-0/data/ratis/d95b866c-e797-4049-9c12-4c24f9d33030
2021-09-17 14:21:18,738 [pool-264-thread-1] INFO  server.RaftServerConfigKeys (ConfUtils.java:logGet(44)) - raft.server.log.queue.byte-limit = 2147483647 (custom)
2021-09-17 14:21:18,738 [pool-264-thread-1] INFO  server.RaftServerConfigKeys (ConfUtils.java:logGet(44)) - raft.server.log.queue.element-limit = 1024 (custom)
2021-09-17 14:21:18,738 [pool-264-thread-1] INFO  server.RaftServerConfigKeys (ConfUtils.java:logGet(44)) - raft.server.log.segment.size.max = 1048576 (custom)
2021-09-17 14:21:18,738 [pool-264-thread-1] INFO  server.RaftServerConfigKeys (ConfUtils.java:logGet(44)) - raft.server.log.preallocated.size = 16384 (custom)
2021-09-17 14:21:18,738 [pool-264-thread-1] INFO  server.RaftServerConfigKeys (ConfUtils.java:logGet(44)) - raft.server.log.force.sync.num = 128 (default)
2021-09-17 14:21:18,738 [pool-264-thread-1] INFO  server.RaftServerConfigKeys (ConfUtils.java:logGet(44)) - raft.server.log.statemachine.data.sync = true (default)
2021-09-17 14:21:18,738 [pool-264-thread-1] INFO  server.RaftServerConfigKeys (ConfUtils.java:logGet(44)) - raft.server.log.statemachine.data.sync.timeout = 10s (default)
2021-09-17 14:21:18,738 [pool-264-thread-1] INFO  server.RaftServerConfigKeys (ConfUtils.java:logGet(44)) - raft.server.log.statemachine.data.sync.timeout.retry = -1 (default)
2021-09-17 14:21:18,739 [pool-264-thread-1] INFO  server.RaftServerConfigKeys (ConfUtils.java:logGet(44)) - raft.server.log.write.buffer.size = 1048576 (custom)
2021-09-17 14:21:18,740 [pool-264-thread-1] INFO  server.RaftServerConfigKeys (ConfUtils.java:logGet(44)) - raft.server.log.statemachine.data.caching.enabled = true (custom)
2021-09-17 14:21:18,740 [pool-264-thread-1] INFO  segmented.SegmentedRaftLogWorker (SegmentedRaftLogWorker.java:lambda$new$0(133)) - 6808a34f-0e94-4674-bd8e-337a9d1c35af@group-4C24F9D33030-SegmentedRaftLogWorker: flushIndex: setUnconditionally 0 -> -1
2021-09-17 14:21:18,740 [pool-264-thread-1] INFO  segmented.SegmentedRaftLogWorker (SegmentedRaftLogWorker.java:lambda$new$0(133)) - 6808a34f-0e94-4674-bd8e-337a9d1c35af@group-4C24F9D33030-SegmentedRaftLogWorker: safeCacheEvictIndex: setUnconditionally 0 -> -1
2021-09-17 14:21:18,740 [pool-264-thread-1] INFO  server.RaftServerConfigKeys (ConfUtils.java:logGet(44)) - raft.server.snapshot.auto.trigger.enabled = true (custom)
2021-09-17 14:21:18,740 [pool-264-thread-1] INFO  server.RaftServerConfigKeys (ConfUtils.java:logGet(44)) - raft.server.snapshot.auto.trigger.threshold = 10000 (custom)
2021-09-17 14:21:18,740 [pool-264-thread-1] INFO  server.RaftServerConfigKeys (ConfUtils.java:logGet(44)) - raft.server.snapshot.retention.file.num = 5 (custom)
2021-09-17 14:21:18,740 [pool-264-thread-1] INFO  server.RaftServerConfigKeys (ConfUtils.java:logGet(44)) - raft.server.log.purge.upto.snapshot.index = false (default)
2021-09-17 14:21:18,740 [pool-264-thread-1] INFO  server.RaftServerConfigKeys (ConfUtils.java:logGet(44)) - raft.server.retrycache.expirytime = 600000ms (custom)
2021-09-17 14:21:18,740 [pool-264-thread-1] INFO  server.RaftServerConfigKeys (ConfUtils.java:logGet(44)) - raft.server.retrycache.statistics.expirytime = 100μs (default)
2021-09-17 14:21:18,741 [EventQueue-PipelineReportForPipelineReportHandler] INFO  pipeline.PipelineManagerImpl (PipelineManagerImpl.java:openPipeline(282)) - Pipeline Pipeline[ Id: d95b866c-e797-4049-9c12-4c24f9d33030, Nodes: 6808a34f-0e94-4674-bd8e-337a9d1c35af{ip: 127.0.0.1, host: localhost, ports: [REPLICATION=44843, RATIS=41481, RATIS_ADMIN=41481, RATIS_SERVER=41481, STANDALONE=35287], networkLocation: /default-rack, certSerialId: null, persistedOpState: IN_SERVICE, persistedOpStateExpiryEpochSec: 0}, ReplicationConfig: RATIS/ONE, State:ALLOCATED, leaderId:6808a34f-0e94-4674-bd8e-337a9d1c35af, CreationTimestamp2021-09-17T14:21:15.717Z[Etc/UTC]] moved to OPEN state
2021-09-17 14:21:18,742 [pool-264-thread-1] INFO  server.RaftServer$Division (RaftServerImpl.java:start(296)) - 6808a34f-0e94-4674-bd8e-337a9d1c35af@group-4C24F9D33030: start as a follower, conf=-1: [6808a34f-0e94-4674-bd8e-337a9d1c35af|rpc:127.0.0.1:41481|priority:1], old=null
2021-09-17 14:21:18,742 [pool-264-thread-1] INFO  server.RaftServer$Division (RaftServerImpl.java:setRole(285)) - 6808a34f-0e94-4674-bd8e-337a9d1c35af@group-4C24F9D33030: changes role from      null to FOLLOWER at term 0 for startAsFollower
2021-09-17 14:21:18,742 [pool-264-thread-1] INFO  impl.RoleInfo (RoleInfo.java:updateAndGet(130)) - 6808a34f-0e94-4674-bd8e-337a9d1c35af: start 6808a34f-0e94-4674-bd8e-337a9d1c35af@group-4C24F9D33030-FollowerState
2021-09-17 14:21:18,742 [pool-264-thread-1] INFO  util.JmxRegister (JmxRegister.java:tryRegister(44)) - Successfully registered JMX Bean with object name Ratis:service=RaftServer,group=group-4C24F9D33030,id=6808a34f-0e94-4674-bd8e-337a9d1c35af
2021-09-17 14:21:18,743 [Command processor thread] INFO  ratis.XceiverServerRatis (XceiverServerRatis.java:addGroup(762)) - Created group PipelineID=d95b866c-e797-4049-9c12-4c24f9d33030
2021-09-17 14:21:18,747 [Command processor thread] INFO  commandhandler.CreatePipelineCommandHandler (CreatePipelineCommandHandler.java:handle(106)) - Created Pipeline RATIS ONE PipelineID=d95b866c-e797-4049-9c12-4c24f9d33030.
2021-09-17 14:21:18,747 [Command processor thread] INFO  server.RaftServer (RaftServerProxy.java:addNew(95)) - 6808a34f-0e94-4674-bd8e-337a9d1c35af: addNew group-CC9A49073812:[6808a34f-0e94-4674-bd8e-337a9d1c35af|rpc:127.0.0.1:41481|priority:1, 11f3a05e-de29-47e4-b752-c1c53d1088e4|rpc:127.0.0.1:41235|priority:0, 8721df37-0cb6-4aed-9ac1-08c1f74757c7|rpc:127.0.0.1:39603|priority:0] returns group-CC9A49073812:java.util.concurrent.CompletableFuture@3ac10a8c[Not completed]
2021-09-17 14:21:18,745 [EventQueue-PipelineReportForPipelineReportHandler] INFO  pipeline.PipelineManagerImpl (PipelineManagerImpl.java:openPipeline(282)) - Pipeline Pipeline[ Id: d95b866c-e797-4049-9c12-4c24f9d33030, Nodes: 6808a34f-0e94-4674-bd8e-337a9d1c35af{ip: 127.0.0.1, host: localhost, ports: [REPLICATION=44843, RATIS=41481, RATIS_ADMIN=41481, RATIS_SERVER=41481, STANDALONE=35287], networkLocation: /default-rack, certSerialId: null, persistedOpState: IN_SERVICE, persistedOpStateExpiryEpochSec: 0}, ReplicationConfig: RATIS/ONE, State:ALLOCATED, leaderId:6808a34f-0e94-4674-bd8e-337a9d1c35af, CreationTimestamp2021-09-17T14:21:15.717Z[Etc/UTC]] moved to OPEN state
2021-09-17 14:21:18,747 [pool-264-thread-1] INFO  server.RaftServer$Division (RaftServerImpl.java:<init>(181)) - 6808a34f-0e94-4674-bd8e-337a9d1c35af: new RaftServerImpl for group-CC9A49073812:[6808a34f-0e94-4674-bd8e-337a9d1c35af|rpc:127.0.0.1:41481|priority:1, 11f3a05e-de29-47e4-b752-c1c53d1088e4|rpc:127.0.0.1:41235|priority:0, 8721df37-0cb6-4aed-9ac1-08c1f74757c7|rpc:127.0.0.1:39603|priority:0] with ContainerStateMachine:uninitialized
2021-09-17 14:21:18,748 [pool-264-thread-1] INFO  server.RaftServerConfigKeys (ConfUtils.java:logGet(44)) - raft.server.rpc.timeout.min = 5s (custom)
2021-09-17 14:21:18,748 [pool-264-thread-1] INFO  server.RaftServerConfigKeys (ConfUtils.java:logGet(44)) - raft.server.rpc.timeout.max = 5200ms (custom)
2021-09-17 14:21:18,748 [pool-264-thread-1] INFO  server.RaftServerConfigKeys (ConfUtils.java:logGet(44)) - raft.server.rpc.sleep.time = 25ms (default)
2021-09-17 14:21:18,748 [pool-264-thread-1] INFO  server.RaftServerConfigKeys (ConfUtils.java:logGet(44)) - raft.server.rpc.slowness.timeout = 300s (custom)
2021-09-17 14:21:18,748 [pool-264-thread-1] INFO  server.RaftServerConfigKeys (ConfUtils.java:logGet(44)) - raft.server.leaderelection.leader.step-down.wait-time = 10s (default)
2021-09-17 14:21:18,748 [pool-264-thread-1] INFO  server.RaftServerConfigKeys (ConfUtils.java:logGet(44)) - raft.server.sleep.deviation.threshold = 300ms (default)
2021-09-17 14:21:18,748 [pool-264-thread-1] INFO  server.RaftServerConfigKeys (ConfUtils.java:logGet(44)) - raft.server.log.appender.install.snapshot.enabled = false (custom)
2021-09-17 14:21:18,748 [pool-264-thread-1] INFO  server.RaftServer$Division (ServerState.java:<init>(105)) - 6808a34f-0e94-4674-bd8e-337a9d1c35af@group-CC9A49073812: ConfigurationManager, init=-1: [6808a34f-0e94-4674-bd8e-337a9d1c35af|rpc:127.0.0.1:41481|priority:1, 11f3a05e-de29-47e4-b752-c1c53d1088e4|rpc:127.0.0.1:41235|priority:0, 8721df37-0cb6-4aed-9ac1-08c1f74757c7|rpc:127.0.0.1:39603|priority:0], old=null, confs=<EMPTY_MAP>
2021-09-17 14:21:18,748 [pool-264-thread-1] INFO  server.RaftServerConfigKeys (ConfUtils.java:logGet(44)) - raft.server.storage.dir = [/home/runner/work/ozone/ozone/hadoop-ozone/integration-test/target/test-dir/MiniOzoneClusterImpl-3d3fab62-48bb-41e0-9886-50eb3b9e447a/datanode-0/data/ratis] (custom)
2021-09-17 14:21:18,748 [pool-264-thread-1] INFO  server.RaftServerConfigKeys (ConfUtils.java:logGet(44)) - raft.server.log.corruption.policy = EXCEPTION (default)
2021-09-17 14:21:18,748 [pool-264-thread-1] INFO  server.RaftServerConfigKeys (ConfUtils.java:logGet(44)) - raft.server.storage.free-space.min = 0MB (=0) (default)
2021-09-17 14:21:18,748 [pool-264-thread-1] INFO  storage.RaftStorageDirectory (RaftStorageDirectoryImpl.java:analyzeStorage(135)) - The storage directory /home/runner/work/ozone/ozone/hadoop-ozone/integration-test/target/test-dir/MiniOzoneClusterImpl-3d3fab62-48bb-41e0-9886-50eb3b9e447a/datanode-0/data/ratis/6a965249-5bad-4878-9cfc-cc9a49073812 does not exist. Creating ...
2021-09-17 14:21:18,756 [EndpointStateMachine task thread for /127.0.0.1:13661 - 0 ] WARN  statemachine.EndpointStateMachine (EndpointStateMachine.java:logIfNeeded(236)) - Unable to communicate to SCM server at localhost:13661 for past 0 seconds.
java.net.SocketTimeoutException: Call From fv-az116-264/10.1.0.54 to localhost:13661 failed on socket timeout exception: java.net.SocketTimeoutException: 5000 millis timeout while waiting for channel to be ready for read. ch : java.nio.channels.SocketChannel[connected local=/127.0.0.1:47202 remote=/127.0.0.1:13661]; For more details see:  http://wiki.apache.org/hadoop/SocketTimeout
	at sun.reflect.NativeConstructorAccessorImpl.newInstance0(Native Method)
	at sun.reflect.NativeConstructorAccessorImpl.newInstance(NativeConstructorAccessorImpl.java:62)
	at sun.reflect.DelegatingConstructorAccessorImpl.newInstance(DelegatingConstructorAccessorImpl.java:45)
	at java.lang.reflect.Constructor.newInstance(Constructor.java:423)
	at org.apache.hadoop.net.NetUtils.wrapWithMessage(NetUtils.java:913)
	at org.apache.hadoop.net.NetUtils.wrapException(NetUtils.java:848)
	at org.apache.hadoop.ipc.Client.getRpcResponse(Client.java:1577)
	at org.apache.hadoop.ipc.Client.call(Client.java:1519)
	at org.apache.hadoop.ipc.Client.call(Client.java:1416)
	at org.apache.hadoop.ipc.ProtobufRpcEngine$Invoker.invoke(ProtobufRpcEngine.java:236)
	at org.apache.hadoop.ipc.ProtobufRpcEngine$Invoker.invoke(ProtobufRpcEngine.java:123)
	at com.sun.proxy.$Proxy48.submitRequest(Unknown Source)
	at org.apache.hadoop.ozone.protocolPB.StorageContainerDatanodeProtocolClientSideTranslatorPB.submitRequest(StorageContainerDatanodeProtocolClientSideTranslatorPB.java:117)
	at org.apache.hadoop.ozone.protocolPB.StorageContainerDatanodeProtocolClientSideTranslatorPB.getVersion(StorageContainerDatanodeProtocolClientSideTranslatorPB.java:133)
	at org.apache.hadoop.ozone.container.common.states.endpoint.VersionEndpointTask.call(VersionEndpointTask.java:71)
	at org.apache.hadoop.ozone.container.common.states.endpoint.VersionEndpointTask.call(VersionEndpointTask.java:42)
	at java.util.concurrent.FutureTask.run(FutureTask.java:266)
	at java.util.concurrent.ThreadPoolExecutor.runWorker(ThreadPoolExecutor.java:1149)
	at java.util.concurrent.ThreadPoolExecutor$Worker.run(ThreadPoolExecutor.java:624)
	at java.lang.Thread.run(Thread.java:748)
Caused by: java.net.SocketTimeoutException: 5000 millis timeout while waiting for channel to be ready for read. ch : java.nio.channels.SocketChannel[connected local=/127.0.0.1:47202 remote=/127.0.0.1:13661]
	at org.apache.hadoop.net.SocketIOWithTimeout.doIO(SocketIOWithTimeout.java:164)
	at org.apache.hadoop.net.SocketInputStream.read(SocketInputStream.java:161)
	at org.apache.hadoop.net.SocketInputStream.read(SocketInputStream.java:131)
	at java.io.FilterInputStream.read(FilterInputStream.java:133)
	at java.io.BufferedInputStream.fill(BufferedInputStream.java:246)
	at java.io.BufferedInputStream.read(BufferedInputStream.java:265)
	at java.io.FilterInputStream.read(FilterInputStream.java:83)
	at java.io.FilterInputStream.read(FilterInputStream.java:83)
	at org.apache.hadoop.ipc.Client$Connection$PingInputStream.read(Client.java:563)
	at java.io.DataInputStream.readInt(DataInputStream.java:387)
	at org.apache.hadoop.ipc.Client$IpcStreams.readResponse(Client.java:1892)
	at org.apache.hadoop.ipc.Client$Connection.receiveRpcResponse(Client.java:1202)
	at org.apache.hadoop.ipc.Client$Connection.run(Client.java:1098)
2021-09-17 14:21:18,791 [b698c972-2c25-4917-bf85-656ee0b35a6d@group-50EB3B9E447A-StateMachineUpdater] INFO  safemode.HealthyPipelineSafeModeRule (HealthyPipelineSafeModeRule.java:initializeRule(152)) - Refreshed total pipeline count is 0, healthy pipeline threshold count is 1
2021-09-17 14:21:18,788 [62c51671-a275-468c-9a91-cfb1a6740248@group-50EB3B9E447A-StateMachineUpdater] INFO  safemode.HealthyPipelineSafeModeRule (HealthyPipelineSafeModeRule.java:initializeRule(152)) - Refreshed total pipeline count is 0, healthy pipeline threshold count is 1
2021-09-17 14:21:18,777 [Datanode State Machine Thread - 0] ERROR datanode.RunningDatanodeState (RunningDatanodeState.java:computeNextContainerState(199)) - Error in executing end point task.
java.util.concurrent.ExecutionException: java.util.concurrent.TimeoutException
	at java.util.concurrent.FutureTask.report(FutureTask.java:122)
	at java.util.concurrent.FutureTask.get(FutureTask.java:192)
	at org.apache.hadoop.ozone.container.common.states.datanode.RunningDatanodeState.computeNextContainerState(RunningDatanodeState.java:191)
	at org.apache.hadoop.ozone.container.common.states.datanode.RunningDatanodeState.await(RunningDatanodeState.java:231)
	at org.apache.hadoop.ozone.container.common.states.datanode.RunningDatanodeState.await(RunningDatanodeState.java:50)
	at org.apache.hadoop.ozone.container.common.statemachine.StateContext.execute(StateContext.java:629)
	at org.apache.hadoop.ozone.container.common.statemachine.DatanodeStateMachine.start(DatanodeStateMachine.java:270)
	at org.apache.hadoop.ozone.container.common.statemachine.DatanodeStateMachine.lambda$startDaemon$0(DatanodeStateMachine.java:457)
	at java.lang.Thread.run(Thread.java:748)
Caused by: java.util.concurrent.TimeoutException
	at java.util.concurrent.FutureTask.get(FutureTask.java:205)
	at org.apache.hadoop.ozone.container.common.states.datanode.RunningDatanodeState.lambda$execute$0(RunningDatanodeState.java:149)
	at java.util.concurrent.FutureTask.run(FutureTask.java:266)
	at java.util.concurrent.Executors$RunnableAdapter.call(Executors.java:511)
	at java.util.concurrent.FutureTask.run(FutureTask.java:266)
	at java.util.concurrent.ThreadPoolExecutor.runWorker(ThreadPoolExecutor.java:1149)
	at java.util.concurrent.ThreadPoolExecutor$Worker.run(ThreadPoolExecutor.java:624)
	... 1 more
2021-09-17 14:21:18,763 [pool-264-thread-1] INFO  storage.RaftStorageDirectory (RaftStorageDirectoryImpl.java:tryLock(230)) - Lock on /home/runner/work/ozone/ozone/hadoop-ozone/integration-test/target/test-dir/MiniOzoneClusterImpl-3d3fab62-48bb-41e0-9886-50eb3b9e447a/datanode-0/data/ratis/6a965249-5bad-4878-9cfc-cc9a49073812/in_use.lock acquired by nodename 9576@fv-az116-264
2021-09-17 14:21:18,756 [EndpointStateMachine task thread for /127.0.0.1:13661 - 0 ] WARN  statemachine.EndpointStateMachine (EndpointStateMachine.java:logIfNeeded(236)) - Unable to communicate to SCM server at 127.0.0.1:13661 for past 0 seconds.
java.net.SocketTimeoutException: Call From fv-az116-264/10.1.0.54 to localhost:13661 failed on socket timeout exception: java.net.SocketTimeoutException: 5000 millis timeout while waiting for channel to be ready for read. ch : java.nio.channels.SocketChannel[connected local=/127.0.0.1:47202 remote=/127.0.0.1:13661]; For more details see:  http://wiki.apache.org/hadoop/SocketTimeout
	at sun.reflect.NativeConstructorAccessorImpl.newInstance0(Native Method)
	at sun.reflect.NativeConstructorAccessorImpl.newInstance(NativeConstructorAccessorImpl.java:62)
	at sun.reflect.DelegatingConstructorAccessorImpl.newInstance(DelegatingConstructorAccessorImpl.java:45)
	at java.lang.reflect.Constructor.newInstance(Constructor.java:423)
	at org.apache.hadoop.net.NetUtils.wrapWithMessage(NetUtils.java:913)
	at org.apache.hadoop.net.NetUtils.wrapException(NetUtils.java:848)
	at org.apache.hadoop.ipc.Client.getRpcResponse(Client.java:1577)
	at org.apache.hadoop.ipc.Client.call(Client.java:1519)
	at org.apache.hadoop.ipc.Client.call(Client.java:1416)
	at org.apache.hadoop.ipc.ProtobufRpcEngine$Invoker.invoke(ProtobufRpcEngine.java:236)
	at org.apache.hadoop.ipc.ProtobufRpcEngine$Invoker.invoke(ProtobufRpcEngine.java:123)
	at com.sun.proxy.$Proxy48.submitRequest(Unknown Source)
	at org.apache.hadoop.ozone.protocolPB.StorageContainerDatanodeProtocolClientSideTranslatorPB.submitRequest(StorageContainerDatanodeProtocolClientSideTranslatorPB.java:117)
	at org.apache.hadoop.ozone.protocolPB.StorageContainerDatanodeProtocolClientSideTranslatorPB.getVersion(StorageContainerDatanodeProtocolClientSideTranslatorPB.java:133)
	at org.apache.hadoop.ozone.container.common.states.endpoint.VersionEndpointTask.call(VersionEndpointTask.java:71)
	at org.apache.hadoop.ozone.container.common.states.endpoint.VersionEndpointTask.call(VersionEndpointTask.java:42)
	at java.util.concurrent.FutureTask.run(FutureTask.java:266)
	at java.util.concurrent.ThreadPoolExecutor.runWorker(ThreadPoolExecutor.java:1149)
	at java.util.concurrent.ThreadPoolExecutor$Worker.run(ThreadPoolExecutor.java:624)
	at java.lang.Thread.run(Thread.java:748)
Caused by: java.net.SocketTimeoutException: 5000 millis timeout while waiting for channel to be ready for read. ch : java.nio.channels.SocketChannel[connected local=/127.0.0.1:47202 remote=/127.0.0.1:13661]
	at org.apache.hadoop.net.SocketIOWithTimeout.doIO(SocketIOWithTimeout.java:164)
	at org.apache.hadoop.net.SocketInputStream.read(SocketInputStream.java:161)
	at org.apache.hadoop.net.SocketInputStream.read(SocketInputStream.java:131)
	at java.io.FilterInputStream.read(FilterInputStream.java:133)
	at java.io.BufferedInputStream.fill(BufferedInputStream.java:246)
	at java.io.BufferedInputStream.read(BufferedInputStream.java:265)
	at java.io.FilterInputStream.read(FilterInputStream.java:83)
	at java.io.FilterInputStream.read(FilterInputStream.java:83)
	at org.apache.hadoop.ipc.Client$Connection$PingInputStream.read(Client.java:563)
	at java.io.DataInputStream.readInt(DataInputStream.java:387)
	at org.apache.hadoop.ipc.Client$IpcStreams.readResponse(Client.java:1892)
	at org.apache.hadoop.ipc.Client$Connection.receiveRpcResponse(Client.java:1202)
	at org.apache.hadoop.ipc.Client$Connection.run(Client.java:1098)
2021-09-17 14:21:18,756 [EndpointStateMachine task thread for /127.0.0.1:13661 - 0 ] WARN  statemachine.EndpointStateMachine (EndpointStateMachine.java:logIfNeeded(236)) - Unable to communicate to SCM server at 127.0.0.1:13661 for past 0 seconds.
java.net.SocketTimeoutException: Call From fv-az116-264/10.1.0.54 to localhost:13661 failed on socket timeout exception: java.net.SocketTimeoutException: 5000 millis timeout while waiting for channel to be ready for read. ch : java.nio.channels.SocketChannel[connected local=/127.0.0.1:47202 remote=/127.0.0.1:13661]; For more details see:  http://wiki.apache.org/hadoop/SocketTimeout
	at sun.reflect.NativeConstructorAccessorImpl.newInstance0(Native Method)
	at sun.reflect.NativeConstructorAccessorImpl.newInstance(NativeConstructorAccessorImpl.java:62)
	at sun.reflect.DelegatingConstructorAccessorImpl.newInstance(DelegatingConstructorAccessorImpl.java:45)
	at java.lang.reflect.Constructor.newInstance(Constructor.java:423)
	at org.apache.hadoop.net.NetUtils.wrapWithMessage(NetUtils.java:913)
	at org.apache.hadoop.net.NetUtils.wrapException(NetUtils.java:848)
	at org.apache.hadoop.ipc.Client.getRpcResponse(Client.java:1577)
	at org.apache.hadoop.ipc.Client.call(Client.java:1519)
	at org.apache.hadoop.ipc.Client.call(Client.java:1416)
	at org.apache.hadoop.ipc.ProtobufRpcEngine$Invoker.invoke(ProtobufRpcEngine.java:236)
	at org.apache.hadoop.ipc.ProtobufRpcEngine$Invoker.invoke(ProtobufRpcEngine.java:123)
	at com.sun.proxy.$Proxy48.submitRequest(Unknown Source)
	at org.apache.hadoop.ozone.protocolPB.StorageContainerDatanodeProtocolClientSideTranslatorPB.submitRequest(StorageContainerDatanodeProtocolClientSideTranslatorPB.java:117)
	at org.apache.hadoop.ozone.protocolPB.StorageContainerDatanodeProtocolClientSideTranslatorPB.getVersion(StorageContainerDatanodeProtocolClientSideTranslatorPB.java:133)
	at org.apache.hadoop.ozone.container.common.states.endpoint.VersionEndpointTask.call(VersionEndpointTask.java:71)
	at org.apache.hadoop.ozone.container.common.states.endpoint.VersionEndpointTask.call(VersionEndpointTask.java:42)
	at java.util.concurrent.FutureTask.run(FutureTask.java:266)
	at java.util.concurrent.ThreadPoolExecutor.runWorker(ThreadPoolExecutor.java:1149)
	at java.util.concurrent.ThreadPoolExecutor$Worker.run(ThreadPoolExecutor.java:624)
	at java.lang.Thread.run(Thread.java:748)
Caused by: java.net.SocketTimeoutException: 5000 millis timeout while waiting for channel to be ready for read. ch : java.nio.channels.SocketChannel[connected local=/127.0.0.1:47202 remote=/127.0.0.1:13661]
	at org.apache.hadoop.net.SocketIOWithTimeout.doIO(SocketIOWithTimeout.java:164)
	at org.apache.hadoop.net.SocketInputStream.read(SocketInputStream.java:161)
	at org.apache.hadoop.net.SocketInputStream.read(SocketInputStream.java:131)
	at java.io.FilterInputStream.read(FilterInputStream.java:133)
	at java.io.BufferedInputStream.fill(BufferedInputStream.java:246)
	at java.io.BufferedInputStream.read(BufferedInputStream.java:265)
	at java.io.FilterInputStream.read(FilterInputStream.java:83)
	at java.io.FilterInputStream.read(FilterInputStream.java:83)
	at org.apache.hadoop.ipc.Client$Connection$PingInputStream.read(Client.java:563)
	at java.io.DataInputStream.readInt(DataInputStream.java:387)
	at org.apache.hadoop.ipc.Client$IpcStreams.readResponse(Client.java:1892)
	at org.apache.hadoop.ipc.Client$Connection.receiveRpcResponse(Client.java:1202)
	at org.apache.hadoop.ipc.Client$Connection.run(Client.java:1098)
2021-09-17 14:21:18,802 [EventQueue-PipelineReportForPipelineReportHandler] INFO  ha.SCMHAInvocationHandler (SCMHAInvocationHandler.java:invokeRatis(113)) - Invoking method public abstract void org.apache.hadoop.hdds.scm.pipeline.StateManager.updatePipelineState(org.apache.hadoop.hdds.protocol.proto.HddsProtos$PipelineID,org.apache.hadoop.hdds.protocol.proto.HddsProtos$PipelineState) throws java.io.IOException on target org.apache.hadoop.hdds.scm.ha.SCMRatisServerImpl@2af03325, cost 54677.178us
2021-09-17 14:21:18,807 [pool-264-thread-1] INFO  storage.RaftStorage (RaftStorageImpl.java:format(89)) - Storage directory /home/runner/work/ozone/ozone/hadoop-ozone/integration-test/target/test-dir/MiniOzoneClusterImpl-3d3fab62-48bb-41e0-9886-50eb3b9e447a/datanode-0/data/ratis/6a965249-5bad-4878-9cfc-cc9a49073812 has been successfully formatted.
2021-09-17 14:21:18,807 [pool-264-thread-1] INFO  ratis.ContainerStateMachine (ContainerStateMachine.java:loadSnapshot(224)) - group-CC9A49073812: The snapshot info is null. Setting the last applied indexto:(t:0, i:~)
2021-09-17 14:21:18,807 [pool-264-thread-1] INFO  server.RaftServerConfigKeys (ConfUtils.java:logGet(44)) - raft.server.notification.no-leader.timeout = 300s (custom)
2021-09-17 14:21:18,807 [pool-264-thread-1] INFO  server.RaftServerConfigKeys (ConfUtils.java:logGet(44)) - raft.server.log.use.memory = false (default)
2021-09-17 14:21:18,807 [pool-264-thread-1] INFO  server.RaftServerConfigKeys (ConfUtils.java:logGet(44)) - raft.server.log.purge.gap = 1000000 (custom)
2021-09-17 14:21:18,807 [pool-264-thread-1] INFO  server.RaftServerConfigKeys (ConfUtils.java:logGet(44)) - raft.server.log.appender.buffer.byte-limit = 33554432 (custom)
2021-09-17 14:21:18,808 [pool-264-thread-1] INFO  server.RaftServerConfigKeys (ConfUtils.java:logGet(44)) - raft.server.log.segment.size.max = 1048576 (custom)
2021-09-17 14:21:18,809 [pool-264-thread-1] INFO  server.RaftServerConfigKeys (ConfUtils.java:logGet(44)) - raft.server.log.segment.cache.num.max = 2 (custom)
2021-09-17 14:21:18,809 [pool-264-thread-1] INFO  server.RaftServerConfigKeys (ConfUtils.java:logGet(44)) - raft.server.log.segment.cache.size.max = 200MB (=209715200) (default)
2021-09-17 14:21:18,809 [pool-264-thread-1] INFO  segmented.SegmentedRaftLogWorker (SegmentedRaftLogWorker.java:<init>(182)) - new 6808a34f-0e94-4674-bd8e-337a9d1c35af@group-CC9A49073812-SegmentedRaftLogWorker for RaftStorageImpl:Storage Directory /home/runner/work/ozone/ozone/hadoop-ozone/integration-test/target/test-dir/MiniOzoneClusterImpl-3d3fab62-48bb-41e0-9886-50eb3b9e447a/datanode-0/data/ratis/6a965249-5bad-4878-9cfc-cc9a49073812
2021-09-17 14:21:18,810 [pool-264-thread-1] INFO  server.RaftServerConfigKeys (ConfUtils.java:logGet(44)) - raft.server.log.queue.byte-limit = 2147483647 (custom)
2021-09-17 14:21:18,810 [pool-264-thread-1] INFO  server.RaftServerConfigKeys (ConfUtils.java:logGet(44)) - raft.server.log.queue.element-limit = 1024 (custom)
2021-09-17 14:21:18,810 [pool-264-thread-1] INFO  server.RaftServerConfigKeys (ConfUtils.java:logGet(44)) - raft.server.log.segment.size.max = 1048576 (custom)
2021-09-17 14:21:18,810 [pool-264-thread-1] INFO  server.RaftServerConfigKeys (ConfUtils.java:logGet(44)) - raft.server.log.preallocated.size = 16384 (custom)
2021-09-17 14:21:18,810 [pool-264-thread-1] INFO  server.RaftServerConfigKeys (ConfUtils.java:logGet(44)) - raft.server.log.force.sync.num = 128 (default)
2021-09-17 14:21:18,810 [pool-264-thread-1] INFO  server.RaftServerConfigKeys (ConfUtils.java:logGet(44)) - raft.server.log.statemachine.data.sync = true (default)
2021-09-17 14:21:18,810 [pool-264-thread-1] INFO  server.RaftServerConfigKeys (ConfUtils.java:logGet(44)) - raft.server.log.statemachine.data.sync.timeout = 10s (default)
2021-09-17 14:21:18,810 [pool-264-thread-1] INFO  server.RaftServerConfigKeys (ConfUtils.java:logGet(44)) - raft.server.log.statemachine.data.sync.timeout.retry = -1 (default)
2021-09-17 14:21:18,811 [pool-264-thread-1] INFO  server.RaftServerConfigKeys (ConfUtils.java:logGet(44)) - raft.server.log.write.buffer.size = 1048576 (custom)
2021-09-17 14:21:18,812 [pool-264-thread-1] INFO  server.RaftServerConfigKeys (ConfUtils.java:logGet(44)) - raft.server.log.statemachine.data.caching.enabled = true (custom)
2021-09-17 14:21:18,818 [pool-264-thread-1] INFO  segmented.SegmentedRaftLogWorker (SegmentedRaftLogWorker.java:lambda$new$0(133)) - 6808a34f-0e94-4674-bd8e-337a9d1c35af@group-CC9A49073812-SegmentedRaftLogWorker: flushIndex: setUnconditionally 0 -> -1
2021-09-17 14:21:18,818 [pool-264-thread-1] INFO  segmented.SegmentedRaftLogWorker (SegmentedRaftLogWorker.java:lambda$new$0(133)) - 6808a34f-0e94-4674-bd8e-337a9d1c35af@group-CC9A49073812-SegmentedRaftLogWorker: safeCacheEvictIndex: setUnconditionally 0 -> -1
2021-09-17 14:21:18,818 [EventQueue-PipelineReportForPipelineReportHandler] INFO  ha.SCMHAInvocationHandler (SCMHAInvocationHandler.java:invokeRatis(113)) - Invoking method public abstract void org.apache.hadoop.hdds.scm.pipeline.StateManager.updatePipelineState(org.apache.hadoop.hdds.protocol.proto.HddsProtos$PipelineID,org.apache.hadoop.hdds.protocol.proto.HddsProtos$PipelineState) throws java.io.IOException on target org.apache.hadoop.hdds.scm.ha.SCMRatisServerImpl@10c111bd, cost 77790.296us
2021-09-17 14:21:18,819 [EventQueue-OpenPipelineForHealthyPipelineSafeModeRule] INFO  safemode.SCMSafeModeManager (HealthyPipelineSafeModeRule.java:process(124)) - SCM in safe mode. Healthy pipelines reported count is 0, required healthy pipeline reported count is 1
2021-09-17 14:21:18,824 [EventQueue-OpenPipelineForHealthyPipelineSafeModeRule] INFO  safemode.SCMSafeModeManager (HealthyPipelineSafeModeRule.java:process(124)) - SCM in safe mode. Healthy pipelines reported count is 0, required healthy pipeline reported count is 1
2021-09-17 14:21:18,832 [pool-264-thread-1] INFO  server.RaftServerConfigKeys (ConfUtils.java:logGet(44)) - raft.server.snapshot.auto.trigger.enabled = true (custom)
2021-09-17 14:21:18,832 [pool-264-thread-1] INFO  server.RaftServerConfigKeys (ConfUtils.java:logGet(44)) - raft.server.snapshot.auto.trigger.threshold = 10000 (custom)
2021-09-17 14:21:18,832 [pool-264-thread-1] INFO  server.RaftServerConfigKeys (ConfUtils.java:logGet(44)) - raft.server.snapshot.retention.file.num = 5 (custom)
2021-09-17 14:21:18,832 [pool-264-thread-1] INFO  server.RaftServerConfigKeys (ConfUtils.java:logGet(44)) - raft.server.log.purge.upto.snapshot.index = false (default)
2021-09-17 14:21:18,832 [pool-264-thread-1] INFO  server.RaftServerConfigKeys (ConfUtils.java:logGet(44)) - raft.server.retrycache.expirytime = 600000ms (custom)
2021-09-17 14:21:18,832 [pool-264-thread-1] INFO  server.RaftServerConfigKeys (ConfUtils.java:logGet(44)) - raft.server.retrycache.statistics.expirytime = 100μs (default)
2021-09-17 14:21:18,834 [pool-264-thread-1] INFO  server.RaftServer$Division (RaftServerImpl.java:start(296)) - 6808a34f-0e94-4674-bd8e-337a9d1c35af@group-CC9A49073812: start as a follower, conf=-1: [6808a34f-0e94-4674-bd8e-337a9d1c35af|rpc:127.0.0.1:41481|priority:1, 11f3a05e-de29-47e4-b752-c1c53d1088e4|rpc:127.0.0.1:41235|priority:0, 8721df37-0cb6-4aed-9ac1-08c1f74757c7|rpc:127.0.0.1:39603|priority:0], old=null
2021-09-17 14:21:18,834 [pool-264-thread-1] INFO  server.RaftServer$Division (RaftServerImpl.java:setRole(285)) - 6808a34f-0e94-4674-bd8e-337a9d1c35af@group-CC9A49073812: changes role from      null to FOLLOWER at term 0 for startAsFollower
2021-09-17 14:21:18,834 [pool-264-thread-1] INFO  impl.RoleInfo (RoleInfo.java:updateAndGet(130)) - 6808a34f-0e94-4674-bd8e-337a9d1c35af: start 6808a34f-0e94-4674-bd8e-337a9d1c35af@group-CC9A49073812-FollowerState
2021-09-17 14:21:18,847 [pool-264-thread-1] INFO  util.JmxRegister (JmxRegister.java:tryRegister(44)) - Successfully registered JMX Bean with object name Ratis:service=RaftServer,group=group-CC9A49073812,id=6808a34f-0e94-4674-bd8e-337a9d1c35af
2021-09-17 14:21:18,860 [EventQueue-OpenPipelineForHealthyPipelineSafeModeRule] INFO  safemode.SCMSafeModeManager (HealthyPipelineSafeModeRule.java:process(124)) - SCM in safe mode. Healthy pipelines reported count is 0, required healthy pipeline reported count is 1
2021-09-17 14:21:18,860 [Command processor thread] INFO  ratis.XceiverServerRatis (XceiverServerRatis.java:addGroup(762)) - Created group PipelineID=6a965249-5bad-4878-9cfc-cc9a49073812
2021-09-17 14:21:18,930 [grpc-default-executor-1] INFO  server.RaftServer (RaftServerProxy.java:addNew(95)) - 11f3a05e-de29-47e4-b752-c1c53d1088e4: addNew group-CC9A49073812:[6808a34f-0e94-4674-bd8e-337a9d1c35af|rpc:127.0.0.1:41481|dataStream:|priority:1, 11f3a05e-de29-47e4-b752-c1c53d1088e4|rpc:127.0.0.1:41235|dataStream:|priority:0, 8721df37-0cb6-4aed-9ac1-08c1f74757c7|rpc:127.0.0.1:39603|dataStream:|priority:0] returns group-CC9A49073812:java.util.concurrent.CompletableFuture@7a7061e1[Not completed]
2021-09-17 14:21:18,931 [pool-306-thread-1] INFO  server.RaftServer$Division (RaftServerImpl.java:<init>(181)) - 11f3a05e-de29-47e4-b752-c1c53d1088e4: new RaftServerImpl for group-CC9A49073812:[6808a34f-0e94-4674-bd8e-337a9d1c35af|rpc:127.0.0.1:41481|dataStream:|priority:1, 11f3a05e-de29-47e4-b752-c1c53d1088e4|rpc:127.0.0.1:41235|dataStream:|priority:0, 8721df37-0cb6-4aed-9ac1-08c1f74757c7|rpc:127.0.0.1:39603|dataStream:|priority:0] with ContainerStateMachine:uninitialized
2021-09-17 14:21:18,932 [pool-306-thread-1] INFO  server.RaftServerConfigKeys (ConfUtils.java:logGet(44)) - raft.server.rpc.timeout.min = 5s (custom)
2021-09-17 14:21:18,933 [pool-306-thread-1] INFO  server.RaftServerConfigKeys (ConfUtils.java:logGet(44)) - raft.server.rpc.timeout.max = 5200ms (custom)
2021-09-17 14:21:18,933 [pool-306-thread-1] INFO  server.RaftServerConfigKeys (ConfUtils.java:logGet(44)) - raft.server.rpc.sleep.time = 25ms (default)
2021-09-17 14:21:18,933 [pool-306-thread-1] INFO  server.RaftServerConfigKeys (ConfUtils.java:logGet(44)) - raft.server.rpc.slowness.timeout = 300s (custom)
2021-09-17 14:21:18,933 [pool-306-thread-1] INFO  server.RaftServerConfigKeys (ConfUtils.java:logGet(44)) - raft.server.leaderelection.leader.step-down.wait-time = 10s (default)
2021-09-17 14:21:18,933 [pool-306-thread-1] INFO  server.RaftServerConfigKeys (ConfUtils.java:logGet(44)) - raft.server.sleep.deviation.threshold = 300ms (default)
2021-09-17 14:21:18,933 [pool-306-thread-1] INFO  server.RaftServerConfigKeys (ConfUtils.java:logGet(44)) - raft.server.log.appender.install.snapshot.enabled = false (custom)
2021-09-17 14:21:18,933 [pool-306-thread-1] INFO  server.RaftServer$Division (ServerState.java:<init>(105)) - 11f3a05e-de29-47e4-b752-c1c53d1088e4@group-CC9A49073812: ConfigurationManager, init=-1: [6808a34f-0e94-4674-bd8e-337a9d1c35af|rpc:127.0.0.1:41481|dataStream:|priority:1, 11f3a05e-de29-47e4-b752-c1c53d1088e4|rpc:127.0.0.1:41235|dataStream:|priority:0, 8721df37-0cb6-4aed-9ac1-08c1f74757c7|rpc:127.0.0.1:39603|dataStream:|priority:0], old=null, confs=<EMPTY_MAP>
2021-09-17 14:21:18,933 [pool-306-thread-1] INFO  server.RaftServerConfigKeys (ConfUtils.java:logGet(44)) - raft.server.storage.dir = [/home/runner/work/ozone/ozone/hadoop-ozone/integration-test/target/test-dir/MiniOzoneClusterImpl-3d3fab62-48bb-41e0-9886-50eb3b9e447a/datanode-2/data/ratis] (custom)
2021-09-17 14:21:18,934 [pool-306-thread-1] INFO  server.RaftServerConfigKeys (ConfUtils.java:logGet(44)) - raft.server.log.corruption.policy = EXCEPTION (default)
2021-09-17 14:21:18,934 [pool-306-thread-1] INFO  server.RaftServerConfigKeys (ConfUtils.java:logGet(44)) - raft.server.storage.free-space.min = 0MB (=0) (default)
2021-09-17 14:21:18,936 [pool-306-thread-1] INFO  storage.RaftStorageDirectory (RaftStorageDirectoryImpl.java:analyzeStorage(135)) - The storage directory /home/runner/work/ozone/ozone/hadoop-ozone/integration-test/target/test-dir/MiniOzoneClusterImpl-3d3fab62-48bb-41e0-9886-50eb3b9e447a/datanode-2/data/ratis/6a965249-5bad-4878-9cfc-cc9a49073812 does not exist. Creating ...
2021-09-17 14:21:18,939 [pool-306-thread-1] INFO  storage.RaftStorageDirectory (RaftStorageDirectoryImpl.java:tryLock(230)) - Lock on /home/runner/work/ozone/ozone/hadoop-ozone/integration-test/target/test-dir/MiniOzoneClusterImpl-3d3fab62-48bb-41e0-9886-50eb3b9e447a/datanode-2/data/ratis/6a965249-5bad-4878-9cfc-cc9a49073812/in_use.lock acquired by nodename 9576@fv-az116-264
2021-09-17 14:21:18,941 [pool-306-thread-1] INFO  storage.RaftStorage (RaftStorageImpl.java:format(89)) - Storage directory /home/runner/work/ozone/ozone/hadoop-ozone/integration-test/target/test-dir/MiniOzoneClusterImpl-3d3fab62-48bb-41e0-9886-50eb3b9e447a/datanode-2/data/ratis/6a965249-5bad-4878-9cfc-cc9a49073812 has been successfully formatted.
2021-09-17 14:21:18,942 [pool-306-thread-1] INFO  ratis.ContainerStateMachine (ContainerStateMachine.java:loadSnapshot(224)) - group-CC9A49073812: The snapshot info is null. Setting the last applied indexto:(t:0, i:~)
2021-09-17 14:21:18,948 [pool-306-thread-1] INFO  server.RaftServerConfigKeys (ConfUtils.java:logGet(44)) - raft.server.notification.no-leader.timeout = 300s (custom)
2021-09-17 14:21:18,948 [pool-306-thread-1] INFO  server.RaftServerConfigKeys (ConfUtils.java:logGet(44)) - raft.server.log.use.memory = false (default)
2021-09-17 14:21:18,948 [pool-306-thread-1] INFO  server.RaftServerConfigKeys (ConfUtils.java:logGet(44)) - raft.server.log.purge.gap = 1000000 (custom)
2021-09-17 14:21:18,948 [pool-306-thread-1] INFO  server.RaftServerConfigKeys (ConfUtils.java:logGet(44)) - raft.server.log.appender.buffer.byte-limit = 33554432 (custom)
2021-09-17 14:21:18,949 [pool-306-thread-1] INFO  server.RaftServerConfigKeys (ConfUtils.java:logGet(44)) - raft.server.log.segment.size.max = 1048576 (custom)
2021-09-17 14:21:18,951 [pool-306-thread-1] INFO  server.RaftServerConfigKeys (ConfUtils.java:logGet(44)) - raft.server.log.segment.cache.num.max = 2 (custom)
2021-09-17 14:21:18,951 [pool-306-thread-1] INFO  server.RaftServerConfigKeys (ConfUtils.java:logGet(44)) - raft.server.log.segment.cache.size.max = 200MB (=209715200) (default)
2021-09-17 14:21:18,951 [pool-306-thread-1] INFO  segmented.SegmentedRaftLogWorker (SegmentedRaftLogWorker.java:<init>(182)) - new 11f3a05e-de29-47e4-b752-c1c53d1088e4@group-CC9A49073812-SegmentedRaftLogWorker for RaftStorageImpl:Storage Directory /home/runner/work/ozone/ozone/hadoop-ozone/integration-test/target/test-dir/MiniOzoneClusterImpl-3d3fab62-48bb-41e0-9886-50eb3b9e447a/datanode-2/data/ratis/6a965249-5bad-4878-9cfc-cc9a49073812
2021-09-17 14:21:18,951 [pool-306-thread-1] INFO  server.RaftServerConfigKeys (ConfUtils.java:logGet(44)) - raft.server.log.queue.byte-limit = 2147483647 (custom)
2021-09-17 14:21:18,951 [pool-306-thread-1] INFO  server.RaftServerConfigKeys (ConfUtils.java:logGet(44)) - raft.server.log.queue.element-limit = 1024 (custom)
2021-09-17 14:21:18,951 [pool-306-thread-1] INFO  server.RaftServerConfigKeys (ConfUtils.java:logGet(44)) - raft.server.log.segment.size.max = 1048576 (custom)
2021-09-17 14:21:18,951 [pool-306-thread-1] INFO  server.RaftServerConfigKeys (ConfUtils.java:logGet(44)) - raft.server.log.preallocated.size = 16384 (custom)
2021-09-17 14:21:18,951 [pool-306-thread-1] INFO  server.RaftServerConfigKeys (ConfUtils.java:logGet(44)) - raft.server.log.force.sync.num = 128 (default)
2021-09-17 14:21:18,952 [pool-306-thread-1] INFO  server.RaftServerConfigKeys (ConfUtils.java:logGet(44)) - raft.server.log.statemachine.data.sync = true (default)
2021-09-17 14:21:18,952 [pool-306-thread-1] INFO  server.RaftServerConfigKeys (ConfUtils.java:logGet(44)) - raft.server.log.statemachine.data.sync.timeout = 10s (default)
2021-09-17 14:21:18,952 [pool-306-thread-1] INFO  server.RaftServerConfigKeys (ConfUtils.java:logGet(44)) - raft.server.log.statemachine.data.sync.timeout.retry = -1 (default)
2021-09-17 14:21:18,955 [pool-306-thread-1] INFO  server.RaftServerConfigKeys (ConfUtils.java:logGet(44)) - raft.server.log.write.buffer.size = 1048576 (custom)
2021-09-17 14:21:18,962 [pool-306-thread-1] INFO  server.RaftServerConfigKeys (ConfUtils.java:logGet(44)) - raft.server.log.statemachine.data.caching.enabled = true (custom)
2021-09-17 14:21:18,962 [EndpointStateMachine task thread for /127.0.0.1:14625 - 0 ] INFO  ipc.Client (Client.java:handleConnectionFailure(977)) - Retrying connect to server: localhost/127.0.0.1:14625. Already tried 8 time(s); retry policy is RetryUpToMaximumCountWithFixedSleep(maxRetries=15, sleepTime=1000 MILLISECONDS)
2021-09-17 14:21:18,962 [EndpointStateMachine task thread for /127.0.0.1:14615 - 0 ] INFO  ipc.Client (Client.java:handleConnectionFailure(977)) - Retrying connect to server: localhost/127.0.0.1:14615. Already tried 8 time(s); retry policy is RetryUpToMaximumCountWithFixedSleep(maxRetries=15, sleepTime=1000 MILLISECONDS)
2021-09-17 14:21:18,963 [pool-306-thread-1] INFO  segmented.SegmentedRaftLogWorker (SegmentedRaftLogWorker.java:lambda$new$0(133)) - 11f3a05e-de29-47e4-b752-c1c53d1088e4@group-CC9A49073812-SegmentedRaftLogWorker: flushIndex: setUnconditionally 0 -> -1
2021-09-17 14:21:18,968 [pool-306-thread-1] INFO  segmented.SegmentedRaftLogWorker (SegmentedRaftLogWorker.java:lambda$new$0(133)) - 11f3a05e-de29-47e4-b752-c1c53d1088e4@group-CC9A49073812-SegmentedRaftLogWorker: safeCacheEvictIndex: setUnconditionally 0 -> -1
2021-09-17 14:21:18,979 [pool-306-thread-1] INFO  server.RaftServerConfigKeys (ConfUtils.java:logGet(44)) - raft.server.snapshot.auto.trigger.enabled = true (custom)
2021-09-17 14:21:18,979 [pool-306-thread-1] INFO  server.RaftServerConfigKeys (ConfUtils.java:logGet(44)) - raft.server.snapshot.auto.trigger.threshold = 10000 (custom)
2021-09-17 14:21:18,980 [pool-306-thread-1] INFO  server.RaftServerConfigKeys (ConfUtils.java:logGet(44)) - raft.server.snapshot.retention.file.num = 5 (custom)
2021-09-17 14:21:18,980 [pool-306-thread-1] INFO  server.RaftServerConfigKeys (ConfUtils.java:logGet(44)) - raft.server.log.purge.upto.snapshot.index = false (default)
2021-09-17 14:21:18,980 [pool-306-thread-1] INFO  server.RaftServerConfigKeys (ConfUtils.java:logGet(44)) - raft.server.retrycache.expirytime = 600000ms (custom)
2021-09-17 14:21:18,980 [pool-306-thread-1] INFO  server.RaftServerConfigKeys (ConfUtils.java:logGet(44)) - raft.server.retrycache.statistics.expirytime = 100μs (default)
2021-09-17 14:21:18,981 [pool-306-thread-1] INFO  server.RaftServer$Division (RaftServerImpl.java:start(296)) - 11f3a05e-de29-47e4-b752-c1c53d1088e4@group-CC9A49073812: start as a follower, conf=-1: [6808a34f-0e94-4674-bd8e-337a9d1c35af|rpc:127.0.0.1:41481|dataStream:|priority:1, 11f3a05e-de29-47e4-b752-c1c53d1088e4|rpc:127.0.0.1:41235|dataStream:|priority:0, 8721df37-0cb6-4aed-9ac1-08c1f74757c7|rpc:127.0.0.1:39603|dataStream:|priority:0], old=null
2021-09-17 14:21:18,982 [pool-306-thread-1] INFO  server.RaftServer$Division (RaftServerImpl.java:setRole(285)) - 11f3a05e-de29-47e4-b752-c1c53d1088e4@group-CC9A49073812: changes role from      null to FOLLOWER at term 0 for startAsFollower
2021-09-17 14:21:18,982 [pool-306-thread-1] INFO  impl.RoleInfo (RoleInfo.java:updateAndGet(130)) - 11f3a05e-de29-47e4-b752-c1c53d1088e4: start 11f3a05e-de29-47e4-b752-c1c53d1088e4@group-CC9A49073812-FollowerState
2021-09-17 14:21:19,018 [pool-306-thread-1] INFO  util.JmxRegister (JmxRegister.java:tryRegister(44)) - Successfully registered JMX Bean with object name Ratis:service=RaftServer,group=group-CC9A49073812,id=11f3a05e-de29-47e4-b752-c1c53d1088e4
2021-09-17 14:21:19,110 [grpc-default-executor-1] INFO  server.RaftServer (RaftServerProxy.java:addNew(95)) - 8721df37-0cb6-4aed-9ac1-08c1f74757c7: addNew group-CC9A49073812:[6808a34f-0e94-4674-bd8e-337a9d1c35af|rpc:127.0.0.1:41481|dataStream:|priority:1, 11f3a05e-de29-47e4-b752-c1c53d1088e4|rpc:127.0.0.1:41235|dataStream:|priority:0, 8721df37-0cb6-4aed-9ac1-08c1f74757c7|rpc:127.0.0.1:39603|dataStream:|priority:0] returns group-CC9A49073812:java.util.concurrent.CompletableFuture@6421b486[Not completed]
2021-09-17 14:21:19,112 [pool-285-thread-1] INFO  server.RaftServer$Division (RaftServerImpl.java:<init>(181)) - 8721df37-0cb6-4aed-9ac1-08c1f74757c7: new RaftServerImpl for group-CC9A49073812:[6808a34f-0e94-4674-bd8e-337a9d1c35af|rpc:127.0.0.1:41481|dataStream:|priority:1, 11f3a05e-de29-47e4-b752-c1c53d1088e4|rpc:127.0.0.1:41235|dataStream:|priority:0, 8721df37-0cb6-4aed-9ac1-08c1f74757c7|rpc:127.0.0.1:39603|dataStream:|priority:0] with ContainerStateMachine:uninitialized
2021-09-17 14:21:19,124 [pool-285-thread-1] INFO  server.RaftServerConfigKeys (ConfUtils.java:logGet(44)) - raft.server.rpc.timeout.min = 5s (custom)
2021-09-17 14:21:19,124 [pool-285-thread-1] INFO  server.RaftServerConfigKeys (ConfUtils.java:logGet(44)) - raft.server.rpc.timeout.max = 5200ms (custom)
2021-09-17 14:21:19,124 [pool-285-thread-1] INFO  server.RaftServerConfigKeys (ConfUtils.java:logGet(44)) - raft.server.rpc.sleep.time = 25ms (default)
2021-09-17 14:21:19,124 [pool-285-thread-1] INFO  server.RaftServerConfigKeys (ConfUtils.java:logGet(44)) - raft.server.rpc.slowness.timeout = 300s (custom)
2021-09-17 14:21:19,124 [pool-285-thread-1] INFO  server.RaftServerConfigKeys (ConfUtils.java:logGet(44)) - raft.server.leaderelection.leader.step-down.wait-time = 10s (default)
2021-09-17 14:21:19,124 [pool-285-thread-1] INFO  server.RaftServerConfigKeys (ConfUtils.java:logGet(44)) - raft.server.sleep.deviation.threshold = 300ms (default)
2021-09-17 14:21:19,124 [pool-285-thread-1] INFO  server.RaftServerConfigKeys (ConfUtils.java:logGet(44)) - raft.server.log.appender.install.snapshot.enabled = false (custom)
2021-09-17 14:21:19,125 [pool-285-thread-1] INFO  server.RaftServer$Division (ServerState.java:<init>(105)) - 8721df37-0cb6-4aed-9ac1-08c1f74757c7@group-CC9A49073812: ConfigurationManager, init=-1: [6808a34f-0e94-4674-bd8e-337a9d1c35af|rpc:127.0.0.1:41481|dataStream:|priority:1, 11f3a05e-de29-47e4-b752-c1c53d1088e4|rpc:127.0.0.1:41235|dataStream:|priority:0, 8721df37-0cb6-4aed-9ac1-08c1f74757c7|rpc:127.0.0.1:39603|dataStream:|priority:0], old=null, confs=<EMPTY_MAP>
2021-09-17 14:21:19,125 [pool-285-thread-1] INFO  server.RaftServerConfigKeys (ConfUtils.java:logGet(44)) - raft.server.storage.dir = [/home/runner/work/ozone/ozone/hadoop-ozone/integration-test/target/test-dir/MiniOzoneClusterImpl-3d3fab62-48bb-41e0-9886-50eb3b9e447a/datanode-1/data/ratis] (custom)
2021-09-17 14:21:19,125 [pool-285-thread-1] INFO  server.RaftServerConfigKeys (ConfUtils.java:logGet(44)) - raft.server.log.corruption.policy = EXCEPTION (default)
2021-09-17 14:21:19,125 [pool-285-thread-1] INFO  server.RaftServerConfigKeys (ConfUtils.java:logGet(44)) - raft.server.storage.free-space.min = 0MB (=0) (default)
2021-09-17 14:21:19,125 [pool-285-thread-1] INFO  storage.RaftStorageDirectory (RaftStorageDirectoryImpl.java:analyzeStorage(135)) - The storage directory /home/runner/work/ozone/ozone/hadoop-ozone/integration-test/target/test-dir/MiniOzoneClusterImpl-3d3fab62-48bb-41e0-9886-50eb3b9e447a/datanode-1/data/ratis/6a965249-5bad-4878-9cfc-cc9a49073812 does not exist. Creating ...
2021-09-17 14:21:19,130 [pool-285-thread-1] INFO  storage.RaftStorageDirectory (RaftStorageDirectoryImpl.java:tryLock(230)) - Lock on /home/runner/work/ozone/ozone/hadoop-ozone/integration-test/target/test-dir/MiniOzoneClusterImpl-3d3fab62-48bb-41e0-9886-50eb3b9e447a/datanode-1/data/ratis/6a965249-5bad-4878-9cfc-cc9a49073812/in_use.lock acquired by nodename 9576@fv-az116-264
2021-09-17 14:21:19,131 [pool-285-thread-1] INFO  storage.RaftStorage (RaftStorageImpl.java:format(89)) - Storage directory /home/runner/work/ozone/ozone/hadoop-ozone/integration-test/target/test-dir/MiniOzoneClusterImpl-3d3fab62-48bb-41e0-9886-50eb3b9e447a/datanode-1/data/ratis/6a965249-5bad-4878-9cfc-cc9a49073812 has been successfully formatted.
2021-09-17 14:21:19,131 [pool-285-thread-1] INFO  ratis.ContainerStateMachine (ContainerStateMachine.java:loadSnapshot(224)) - group-CC9A49073812: The snapshot info is null. Setting the last applied indexto:(t:0, i:~)
2021-09-17 14:21:19,131 [pool-285-thread-1] INFO  server.RaftServerConfigKeys (ConfUtils.java:logGet(44)) - raft.server.notification.no-leader.timeout = 300s (custom)
2021-09-17 14:21:19,132 [pool-285-thread-1] INFO  server.RaftServerConfigKeys (ConfUtils.java:logGet(44)) - raft.server.log.use.memory = false (default)
2021-09-17 14:21:19,132 [pool-285-thread-1] INFO  server.RaftServerConfigKeys (ConfUtils.java:logGet(44)) - raft.server.log.purge.gap = 1000000 (custom)
2021-09-17 14:21:19,132 [pool-285-thread-1] INFO  server.RaftServerConfigKeys (ConfUtils.java:logGet(44)) - raft.server.log.appender.buffer.byte-limit = 33554432 (custom)
2021-09-17 14:21:19,135 [pool-285-thread-1] INFO  server.RaftServerConfigKeys (ConfUtils.java:logGet(44)) - raft.server.log.segment.size.max = 1048576 (custom)
2021-09-17 14:21:19,136 [pool-285-thread-1] INFO  server.RaftServerConfigKeys (ConfUtils.java:logGet(44)) - raft.server.log.segment.cache.num.max = 2 (custom)
2021-09-17 14:21:19,136 [pool-285-thread-1] INFO  server.RaftServerConfigKeys (ConfUtils.java:logGet(44)) - raft.server.log.segment.cache.size.max = 200MB (=209715200) (default)
2021-09-17 14:21:19,136 [pool-285-thread-1] INFO  segmented.SegmentedRaftLogWorker (SegmentedRaftLogWorker.java:<init>(182)) - new 8721df37-0cb6-4aed-9ac1-08c1f74757c7@group-CC9A49073812-SegmentedRaftLogWorker for RaftStorageImpl:Storage Directory /home/runner/work/ozone/ozone/hadoop-ozone/integration-test/target/test-dir/MiniOzoneClusterImpl-3d3fab62-48bb-41e0-9886-50eb3b9e447a/datanode-1/data/ratis/6a965249-5bad-4878-9cfc-cc9a49073812
2021-09-17 14:21:19,136 [pool-285-thread-1] INFO  server.RaftServerConfigKeys (ConfUtils.java:logGet(44)) - raft.server.log.queue.byte-limit = 2147483647 (custom)
2021-09-17 14:21:19,136 [pool-285-thread-1] INFO  server.RaftServerConfigKeys (ConfUtils.java:logGet(44)) - raft.server.log.queue.element-limit = 1024 (custom)
2021-09-17 14:21:19,136 [pool-285-thread-1] INFO  server.RaftServerConfigKeys (ConfUtils.java:logGet(44)) - raft.server.log.segment.size.max = 1048576 (custom)
2021-09-17 14:21:19,136 [pool-285-thread-1] INFO  server.RaftServerConfigKeys (ConfUtils.java:logGet(44)) - raft.server.log.preallocated.size = 16384 (custom)
2021-09-17 14:21:19,136 [pool-285-thread-1] INFO  server.RaftServerConfigKeys (ConfUtils.java:logGet(44)) - raft.server.log.force.sync.num = 128 (default)
2021-09-17 14:21:19,136 [pool-285-thread-1] INFO  server.RaftServerConfigKeys (ConfUtils.java:logGet(44)) - raft.server.log.statemachine.data.sync = true (default)
2021-09-17 14:21:19,136 [pool-285-thread-1] INFO  server.RaftServerConfigKeys (ConfUtils.java:logGet(44)) - raft.server.log.statemachine.data.sync.timeout = 10s (default)
2021-09-17 14:21:19,137 [pool-285-thread-1] INFO  server.RaftServerConfigKeys (ConfUtils.java:logGet(44)) - raft.server.log.statemachine.data.sync.timeout.retry = -1 (default)
2021-09-17 14:21:19,137 [pool-285-thread-1] INFO  server.RaftServerConfigKeys (ConfUtils.java:logGet(44)) - raft.server.log.write.buffer.size = 1048576 (custom)
2021-09-17 14:21:19,138 [pool-285-thread-1] INFO  server.RaftServerConfigKeys (ConfUtils.java:logGet(44)) - raft.server.log.statemachine.data.caching.enabled = true (custom)
2021-09-17 14:21:19,138 [pool-285-thread-1] INFO  segmented.SegmentedRaftLogWorker (SegmentedRaftLogWorker.java:lambda$new$0(133)) - 8721df37-0cb6-4aed-9ac1-08c1f74757c7@group-CC9A49073812-SegmentedRaftLogWorker: flushIndex: setUnconditionally 0 -> -1
2021-09-17 14:21:19,138 [pool-285-thread-1] INFO  segmented.SegmentedRaftLogWorker (SegmentedRaftLogWorker.java:lambda$new$0(133)) - 8721df37-0cb6-4aed-9ac1-08c1f74757c7@group-CC9A49073812-SegmentedRaftLogWorker: safeCacheEvictIndex: setUnconditionally 0 -> -1
2021-09-17 14:21:19,144 [pool-285-thread-1] INFO  server.RaftServerConfigKeys (ConfUtils.java:logGet(44)) - raft.server.snapshot.auto.trigger.enabled = true (custom)
2021-09-17 14:21:19,144 [pool-285-thread-1] INFO  server.RaftServerConfigKeys (ConfUtils.java:logGet(44)) - raft.server.snapshot.auto.trigger.threshold = 10000 (custom)
2021-09-17 14:21:19,144 [pool-285-thread-1] INFO  server.RaftServerConfigKeys (ConfUtils.java:logGet(44)) - raft.server.snapshot.retention.file.num = 5 (custom)
2021-09-17 14:21:19,144 [pool-285-thread-1] INFO  server.RaftServerConfigKeys (ConfUtils.java:logGet(44)) - raft.server.log.purge.upto.snapshot.index = false (default)
2021-09-17 14:21:19,144 [pool-285-thread-1] INFO  server.RaftServerConfigKeys (ConfUtils.java:logGet(44)) - raft.server.retrycache.expirytime = 600000ms (custom)
2021-09-17 14:21:19,144 [pool-285-thread-1] INFO  server.RaftServerConfigKeys (ConfUtils.java:logGet(44)) - raft.server.retrycache.statistics.expirytime = 100μs (default)
2021-09-17 14:21:19,146 [pool-285-thread-1] INFO  server.RaftServer$Division (RaftServerImpl.java:start(296)) - 8721df37-0cb6-4aed-9ac1-08c1f74757c7@group-CC9A49073812: start as a follower, conf=-1: [6808a34f-0e94-4674-bd8e-337a9d1c35af|rpc:127.0.0.1:41481|dataStream:|priority:1, 11f3a05e-de29-47e4-b752-c1c53d1088e4|rpc:127.0.0.1:41235|dataStream:|priority:0, 8721df37-0cb6-4aed-9ac1-08c1f74757c7|rpc:127.0.0.1:39603|dataStream:|priority:0], old=null
2021-09-17 14:21:19,146 [pool-285-thread-1] INFO  server.RaftServer$Division (RaftServerImpl.java:setRole(285)) - 8721df37-0cb6-4aed-9ac1-08c1f74757c7@group-CC9A49073812: changes role from      null to FOLLOWER at term 0 for startAsFollower
2021-09-17 14:21:19,146 [pool-285-thread-1] INFO  impl.RoleInfo (RoleInfo.java:updateAndGet(130)) - 8721df37-0cb6-4aed-9ac1-08c1f74757c7: start 8721df37-0cb6-4aed-9ac1-08c1f74757c7@group-CC9A49073812-FollowerState
2021-09-17 14:21:19,148 [pool-285-thread-1] INFO  util.JmxRegister (JmxRegister.java:tryRegister(44)) - Successfully registered JMX Bean with object name Ratis:service=RaftServer,group=group-CC9A49073812,id=8721df37-0cb6-4aed-9ac1-08c1f74757c7
2021-09-17 14:21:19,168 [Command processor thread] INFO  commandhandler.CreatePipelineCommandHandler (CreatePipelineCommandHandler.java:handle(106)) - Created Pipeline RATIS THREE PipelineID=6a965249-5bad-4878-9cfc-cc9a49073812.
2021-09-17 14:21:19,168 [Command processor thread] INFO  server.RaftServer (RaftServerProxy.java:addNew(95)) - 6808a34f-0e94-4674-bd8e-337a9d1c35af: addNew group-D0B93889FBFC:[6808a34f-0e94-4674-bd8e-337a9d1c35af|rpc:127.0.0.1:41481|priority:0, 11f3a05e-de29-47e4-b752-c1c53d1088e4|rpc:127.0.0.1:41235|priority:1, 8721df37-0cb6-4aed-9ac1-08c1f74757c7|rpc:127.0.0.1:39603|priority:0] returns group-D0B93889FBFC:java.util.concurrent.CompletableFuture@1ba74e3e[Not completed]
2021-09-17 14:21:19,169 [pool-264-thread-1] INFO  server.RaftServer$Division (RaftServerImpl.java:<init>(181)) - 6808a34f-0e94-4674-bd8e-337a9d1c35af: new RaftServerImpl for group-D0B93889FBFC:[6808a34f-0e94-4674-bd8e-337a9d1c35af|rpc:127.0.0.1:41481|priority:0, 11f3a05e-de29-47e4-b752-c1c53d1088e4|rpc:127.0.0.1:41235|priority:1, 8721df37-0cb6-4aed-9ac1-08c1f74757c7|rpc:127.0.0.1:39603|priority:0] with ContainerStateMachine:uninitialized
2021-09-17 14:21:19,169 [pool-264-thread-1] INFO  server.RaftServerConfigKeys (ConfUtils.java:logGet(44)) - raft.server.rpc.timeout.min = 5s (custom)
2021-09-17 14:21:19,169 [pool-264-thread-1] INFO  server.RaftServerConfigKeys (ConfUtils.java:logGet(44)) - raft.server.rpc.timeout.max = 5200ms (custom)
2021-09-17 14:21:19,169 [pool-264-thread-1] INFO  server.RaftServerConfigKeys (ConfUtils.java:logGet(44)) - raft.server.rpc.sleep.time = 25ms (default)
2021-09-17 14:21:19,169 [pool-264-thread-1] INFO  server.RaftServerConfigKeys (ConfUtils.java:logGet(44)) - raft.server.rpc.slowness.timeout = 300s (custom)
2021-09-17 14:21:19,169 [pool-264-thread-1] INFO  server.RaftServerConfigKeys (ConfUtils.java:logGet(44)) - raft.server.leaderelection.leader.step-down.wait-time = 10s (default)
2021-09-17 14:21:19,170 [pool-264-thread-1] INFO  server.RaftServerConfigKeys (ConfUtils.java:logGet(44)) - raft.server.sleep.deviation.threshold = 300ms (default)
2021-09-17 14:21:19,170 [pool-264-thread-1] INFO  server.RaftServerConfigKeys (ConfUtils.java:logGet(44)) - raft.server.log.appender.install.snapshot.enabled = false (custom)
2021-09-17 14:21:19,170 [pool-264-thread-1] INFO  server.RaftServer$Division (ServerState.java:<init>(105)) - 6808a34f-0e94-4674-bd8e-337a9d1c35af@group-D0B93889FBFC: ConfigurationManager, init=-1: [6808a34f-0e94-4674-bd8e-337a9d1c35af|rpc:127.0.0.1:41481|priority:0, 11f3a05e-de29-47e4-b752-c1c53d1088e4|rpc:127.0.0.1:41235|priority:1, 8721df37-0cb6-4aed-9ac1-08c1f74757c7|rpc:127.0.0.1:39603|priority:0], old=null, confs=<EMPTY_MAP>
2021-09-17 14:21:19,170 [pool-264-thread-1] INFO  server.RaftServerConfigKeys (ConfUtils.java:logGet(44)) - raft.server.storage.dir = [/home/runner/work/ozone/ozone/hadoop-ozone/integration-test/target/test-dir/MiniOzoneClusterImpl-3d3fab62-48bb-41e0-9886-50eb3b9e447a/datanode-0/data/ratis] (custom)
2021-09-17 14:21:19,170 [pool-264-thread-1] INFO  server.RaftServerConfigKeys (ConfUtils.java:logGet(44)) - raft.server.log.corruption.policy = EXCEPTION (default)
2021-09-17 14:21:19,170 [pool-264-thread-1] INFO  server.RaftServerConfigKeys (ConfUtils.java:logGet(44)) - raft.server.storage.free-space.min = 0MB (=0) (default)
2021-09-17 14:21:19,170 [pool-264-thread-1] INFO  storage.RaftStorageDirectory (RaftStorageDirectoryImpl.java:analyzeStorage(135)) - The storage directory /home/runner/work/ozone/ozone/hadoop-ozone/integration-test/target/test-dir/MiniOzoneClusterImpl-3d3fab62-48bb-41e0-9886-50eb3b9e447a/datanode-0/data/ratis/2122119d-9f41-4192-8973-d0b93889fbfc does not exist. Creating ...
2021-09-17 14:21:19,173 [pool-264-thread-1] INFO  storage.RaftStorageDirectory (RaftStorageDirectoryImpl.java:tryLock(230)) - Lock on /home/runner/work/ozone/ozone/hadoop-ozone/integration-test/target/test-dir/MiniOzoneClusterImpl-3d3fab62-48bb-41e0-9886-50eb3b9e447a/datanode-0/data/ratis/2122119d-9f41-4192-8973-d0b93889fbfc/in_use.lock acquired by nodename 9576@fv-az116-264
2021-09-17 14:21:19,174 [pool-264-thread-1] INFO  storage.RaftStorage (RaftStorageImpl.java:format(89)) - Storage directory /home/runner/work/ozone/ozone/hadoop-ozone/integration-test/target/test-dir/MiniOzoneClusterImpl-3d3fab62-48bb-41e0-9886-50eb3b9e447a/datanode-0/data/ratis/2122119d-9f41-4192-8973-d0b93889fbfc has been successfully formatted.
2021-09-17 14:21:19,175 [pool-264-thread-1] INFO  ratis.ContainerStateMachine (ContainerStateMachine.java:loadSnapshot(224)) - group-D0B93889FBFC: The snapshot info is null. Setting the last applied indexto:(t:0, i:~)
2021-09-17 14:21:19,175 [pool-264-thread-1] INFO  server.RaftServerConfigKeys (ConfUtils.java:logGet(44)) - raft.server.notification.no-leader.timeout = 300s (custom)
2021-09-17 14:21:19,175 [pool-264-thread-1] INFO  server.RaftServerConfigKeys (ConfUtils.java:logGet(44)) - raft.server.log.use.memory = false (default)
2021-09-17 14:21:19,175 [pool-264-thread-1] INFO  server.RaftServerConfigKeys (ConfUtils.java:logGet(44)) - raft.server.log.purge.gap = 1000000 (custom)
2021-09-17 14:21:19,175 [pool-264-thread-1] INFO  server.RaftServerConfigKeys (ConfUtils.java:logGet(44)) - raft.server.log.appender.buffer.byte-limit = 33554432 (custom)
2021-09-17 14:21:19,175 [pool-264-thread-1] INFO  server.RaftServerConfigKeys (ConfUtils.java:logGet(44)) - raft.server.log.segment.size.max = 1048576 (custom)
2021-09-17 14:21:19,176 [EventQueue-OpenPipelineForHealthyPipelineSafeModeRule] INFO  safemode.SCMSafeModeManager (HealthyPipelineSafeModeRule.java:process(124)) - SCM in safe mode. Healthy pipelines reported count is 0, required healthy pipeline reported count is 1
2021-09-17 14:21:19,176 [pool-264-thread-1] INFO  server.RaftServerConfigKeys (ConfUtils.java:logGet(44)) - raft.server.log.segment.cache.num.max = 2 (custom)
2021-09-17 14:21:19,176 [pool-264-thread-1] INFO  server.RaftServerConfigKeys (ConfUtils.java:logGet(44)) - raft.server.log.segment.cache.size.max = 200MB (=209715200) (default)
2021-09-17 14:21:19,176 [pool-264-thread-1] INFO  segmented.SegmentedRaftLogWorker (SegmentedRaftLogWorker.java:<init>(182)) - new 6808a34f-0e94-4674-bd8e-337a9d1c35af@group-D0B93889FBFC-SegmentedRaftLogWorker for RaftStorageImpl:Storage Directory /home/runner/work/ozone/ozone/hadoop-ozone/integration-test/target/test-dir/MiniOzoneClusterImpl-3d3fab62-48bb-41e0-9886-50eb3b9e447a/datanode-0/data/ratis/2122119d-9f41-4192-8973-d0b93889fbfc
2021-09-17 14:21:19,176 [pool-264-thread-1] INFO  server.RaftServerConfigKeys (ConfUtils.java:logGet(44)) - raft.server.log.queue.byte-limit = 2147483647 (custom)
2021-09-17 14:21:19,176 [pool-264-thread-1] INFO  server.RaftServerConfigKeys (ConfUtils.java:logGet(44)) - raft.server.log.queue.element-limit = 1024 (custom)
2021-09-17 14:21:19,176 [pool-264-thread-1] INFO  server.RaftServerConfigKeys (ConfUtils.java:logGet(44)) - raft.server.log.segment.size.max = 1048576 (custom)
2021-09-17 14:21:19,176 [pool-264-thread-1] INFO  server.RaftServerConfigKeys (ConfUtils.java:logGet(44)) - raft.server.log.preallocated.size = 16384 (custom)
2021-09-17 14:21:19,176 [pool-264-thread-1] INFO  server.RaftServerConfigKeys (ConfUtils.java:logGet(44)) - raft.server.log.force.sync.num = 128 (default)
2021-09-17 14:21:19,177 [EventQueue-OpenPipelineForHealthyPipelineSafeModeRule] INFO  safemode.SCMSafeModeManager (HealthyPipelineSafeModeRule.java:process(124)) - SCM in safe mode. Healthy pipelines reported count is 0, required healthy pipeline reported count is 1
2021-09-17 14:21:19,177 [pool-264-thread-1] INFO  server.RaftServerConfigKeys (ConfUtils.java:logGet(44)) - raft.server.log.statemachine.data.sync = true (default)
2021-09-17 14:21:19,177 [pool-264-thread-1] INFO  server.RaftServerConfigKeys (ConfUtils.java:logGet(44)) - raft.server.log.statemachine.data.sync.timeout = 10s (default)
2021-09-17 14:21:19,177 [pool-264-thread-1] INFO  server.RaftServerConfigKeys (ConfUtils.java:logGet(44)) - raft.server.log.statemachine.data.sync.timeout.retry = -1 (default)
2021-09-17 14:21:19,178 [pool-264-thread-1] INFO  server.RaftServerConfigKeys (ConfUtils.java:logGet(44)) - raft.server.log.write.buffer.size = 1048576 (custom)
2021-09-17 14:21:19,179 [pool-264-thread-1] INFO  server.RaftServerConfigKeys (ConfUtils.java:logGet(44)) - raft.server.log.statemachine.data.caching.enabled = true (custom)
2021-09-17 14:21:19,179 [pool-264-thread-1] INFO  segmented.SegmentedRaftLogWorker (SegmentedRaftLogWorker.java:lambda$new$0(133)) - 6808a34f-0e94-4674-bd8e-337a9d1c35af@group-D0B93889FBFC-SegmentedRaftLogWorker: flushIndex: setUnconditionally 0 -> -1
2021-09-17 14:21:19,179 [pool-264-thread-1] INFO  segmented.SegmentedRaftLogWorker (SegmentedRaftLogWorker.java:lambda$new$0(133)) - 6808a34f-0e94-4674-bd8e-337a9d1c35af@group-D0B93889FBFC-SegmentedRaftLogWorker: safeCacheEvictIndex: setUnconditionally 0 -> -1
2021-09-17 14:21:19,188 [Command processor thread] INFO  server.RaftServer (RaftServerProxy.java:addNew(95)) - 8721df37-0cb6-4aed-9ac1-08c1f74757c7: addNew group-5DDC6650C4E9:[8721df37-0cb6-4aed-9ac1-08c1f74757c7|rpc:127.0.0.1:39603|priority:1] returns group-5DDC6650C4E9:java.util.concurrent.CompletableFuture@2c40ea8a[Not completed]
2021-09-17 14:21:19,188 [pool-285-thread-1] INFO  server.RaftServer$Division (RaftServerImpl.java:<init>(181)) - 8721df37-0cb6-4aed-9ac1-08c1f74757c7: new RaftServerImpl for group-5DDC6650C4E9:[8721df37-0cb6-4aed-9ac1-08c1f74757c7|rpc:127.0.0.1:39603|priority:1] with ContainerStateMachine:uninitialized
2021-09-17 14:21:19,189 [pool-285-thread-1] INFO  server.RaftServerConfigKeys (ConfUtils.java:logGet(44)) - raft.server.rpc.timeout.min = 5s (custom)
2021-09-17 14:21:19,189 [pool-285-thread-1] INFO  server.RaftServerConfigKeys (ConfUtils.java:logGet(44)) - raft.server.rpc.timeout.max = 5200ms (custom)
2021-09-17 14:21:19,189 [pool-285-thread-1] INFO  server.RaftServerConfigKeys (ConfUtils.java:logGet(44)) - raft.server.rpc.sleep.time = 25ms (default)
2021-09-17 14:21:19,189 [pool-285-thread-1] INFO  server.RaftServerConfigKeys (ConfUtils.java:logGet(44)) - raft.server.rpc.slowness.timeout = 300s (custom)
2021-09-17 14:21:19,189 [pool-285-thread-1] INFO  server.RaftServerConfigKeys (ConfUtils.java:logGet(44)) - raft.server.leaderelection.leader.step-down.wait-time = 10s (default)
2021-09-17 14:21:19,189 [pool-285-thread-1] INFO  server.RaftServerConfigKeys (ConfUtils.java:logGet(44)) - raft.server.sleep.deviation.threshold = 300ms (default)
2021-09-17 14:21:19,189 [pool-285-thread-1] INFO  server.RaftServerConfigKeys (ConfUtils.java:logGet(44)) - raft.server.log.appender.install.snapshot.enabled = false (custom)
2021-09-17 14:21:19,189 [pool-285-thread-1] INFO  server.RaftServer$Division (ServerState.java:<init>(105)) - 8721df37-0cb6-4aed-9ac1-08c1f74757c7@group-5DDC6650C4E9: ConfigurationManager, init=-1: [8721df37-0cb6-4aed-9ac1-08c1f74757c7|rpc:127.0.0.1:39603|priority:1], old=null, confs=<EMPTY_MAP>
2021-09-17 14:21:19,189 [pool-285-thread-1] INFO  server.RaftServerConfigKeys (ConfUtils.java:logGet(44)) - raft.server.storage.dir = [/home/runner/work/ozone/ozone/hadoop-ozone/integration-test/target/test-dir/MiniOzoneClusterImpl-3d3fab62-48bb-41e0-9886-50eb3b9e447a/datanode-1/data/ratis] (custom)
2021-09-17 14:21:19,189 [pool-285-thread-1] INFO  server.RaftServerConfigKeys (ConfUtils.java:logGet(44)) - raft.server.log.corruption.policy = EXCEPTION (default)
2021-09-17 14:21:19,189 [pool-285-thread-1] INFO  server.RaftServerConfigKeys (ConfUtils.java:logGet(44)) - raft.server.storage.free-space.min = 0MB (=0) (default)
2021-09-17 14:21:19,189 [pool-285-thread-1] INFO  storage.RaftStorageDirectory (RaftStorageDirectoryImpl.java:analyzeStorage(135)) - The storage directory /home/runner/work/ozone/ozone/hadoop-ozone/integration-test/target/test-dir/MiniOzoneClusterImpl-3d3fab62-48bb-41e0-9886-50eb3b9e447a/datanode-1/data/ratis/f9d0de5a-67aa-4313-8087-5ddc6650c4e9 does not exist. Creating ...
2021-09-17 14:21:19,190 [pool-264-thread-1] INFO  server.RaftServerConfigKeys (ConfUtils.java:logGet(44)) - raft.server.snapshot.auto.trigger.enabled = true (custom)
2021-09-17 14:21:19,190 [pool-264-thread-1] INFO  server.RaftServerConfigKeys (ConfUtils.java:logGet(44)) - raft.server.snapshot.auto.trigger.threshold = 10000 (custom)
2021-09-17 14:21:19,190 [pool-264-thread-1] INFO  server.RaftServerConfigKeys (ConfUtils.java:logGet(44)) - raft.server.snapshot.retention.file.num = 5 (custom)
2021-09-17 14:21:19,190 [pool-264-thread-1] INFO  server.RaftServerConfigKeys (ConfUtils.java:logGet(44)) - raft.server.log.purge.upto.snapshot.index = false (default)
2021-09-17 14:21:19,190 [pool-264-thread-1] INFO  server.RaftServerConfigKeys (ConfUtils.java:logGet(44)) - raft.server.retrycache.expirytime = 600000ms (custom)
2021-09-17 14:21:19,190 [pool-264-thread-1] INFO  server.RaftServerConfigKeys (ConfUtils.java:logGet(44)) - raft.server.retrycache.statistics.expirytime = 100μs (default)
2021-09-17 14:21:19,191 [pool-264-thread-1] INFO  server.RaftServer$Division (RaftServerImpl.java:start(296)) - 6808a34f-0e94-4674-bd8e-337a9d1c35af@group-D0B93889FBFC: start as a follower, conf=-1: [6808a34f-0e94-4674-bd8e-337a9d1c35af|rpc:127.0.0.1:41481|priority:0, 11f3a05e-de29-47e4-b752-c1c53d1088e4|rpc:127.0.0.1:41235|priority:1, 8721df37-0cb6-4aed-9ac1-08c1f74757c7|rpc:127.0.0.1:39603|priority:0], old=null
2021-09-17 14:21:19,192 [pool-264-thread-1] INFO  server.RaftServer$Division (RaftServerImpl.java:setRole(285)) - 6808a34f-0e94-4674-bd8e-337a9d1c35af@group-D0B93889FBFC: changes role from      null to FOLLOWER at term 0 for startAsFollower
2021-09-17 14:21:19,192 [pool-285-thread-1] INFO  storage.RaftStorageDirectory (RaftStorageDirectoryImpl.java:tryLock(230)) - Lock on /home/runner/work/ozone/ozone/hadoop-ozone/integration-test/target/test-dir/MiniOzoneClusterImpl-3d3fab62-48bb-41e0-9886-50eb3b9e447a/datanode-1/data/ratis/f9d0de5a-67aa-4313-8087-5ddc6650c4e9/in_use.lock acquired by nodename 9576@fv-az116-264
2021-09-17 14:21:19,192 [pool-264-thread-1] INFO  impl.RoleInfo (RoleInfo.java:updateAndGet(130)) - 6808a34f-0e94-4674-bd8e-337a9d1c35af: start 6808a34f-0e94-4674-bd8e-337a9d1c35af@group-D0B93889FBFC-FollowerState
2021-09-17 14:21:19,193 [pool-285-thread-1] INFO  storage.RaftStorage (RaftStorageImpl.java:format(89)) - Storage directory /home/runner/work/ozone/ozone/hadoop-ozone/integration-test/target/test-dir/MiniOzoneClusterImpl-3d3fab62-48bb-41e0-9886-50eb3b9e447a/datanode-1/data/ratis/f9d0de5a-67aa-4313-8087-5ddc6650c4e9 has been successfully formatted.
2021-09-17 14:21:19,204 [pool-264-thread-1] INFO  util.JmxRegister (JmxRegister.java:tryRegister(44)) - Successfully registered JMX Bean with object name Ratis:service=RaftServer,group=group-D0B93889FBFC,id=6808a34f-0e94-4674-bd8e-337a9d1c35af
2021-09-17 14:21:19,208 [Command processor thread] INFO  ratis.XceiverServerRatis (XceiverServerRatis.java:addGroup(762)) - Created group PipelineID=2122119d-9f41-4192-8973-d0b93889fbfc
2021-09-17 14:21:19,210 [EventQueue-PipelineReportForPipelineReportHandler] INFO  pipeline.PipelineManagerImpl (PipelineManagerImpl.java:openPipeline(282)) - Pipeline Pipeline[ Id: f9d0de5a-67aa-4313-8087-5ddc6650c4e9, Nodes: 8721df37-0cb6-4aed-9ac1-08c1f74757c7{ip: 127.0.0.1, host: localhost, ports: [REPLICATION=44115, RATIS=39603, RATIS_ADMIN=39603, RATIS_SERVER=39603, STANDALONE=41251], networkLocation: /default-rack, certSerialId: null, persistedOpState: IN_SERVICE, persistedOpStateExpiryEpochSec: 0}, ReplicationConfig: RATIS/ONE, State:ALLOCATED, leaderId:8721df37-0cb6-4aed-9ac1-08c1f74757c7, CreationTimestamp2021-09-17T14:21:16.205Z[Etc/UTC]] moved to OPEN state
2021-09-17 14:21:19,210 [EventQueue-PipelineReportForPipelineReportHandler] INFO  ha.SCMHAInvocationHandler (SCMHAInvocationHandler.java:invokeRatis(113)) - Invoking method public abstract void org.apache.hadoop.hdds.scm.pipeline.StateManager.updatePipelineState(org.apache.hadoop.hdds.protocol.proto.HddsProtos$PipelineID,org.apache.hadoop.hdds.protocol.proto.HddsProtos$PipelineState) throws java.io.IOException on target org.apache.hadoop.hdds.scm.ha.SCMRatisServerImpl@10c111bd, cost 255.601us
2021-09-17 14:21:19,208 [pool-285-thread-1] INFO  ratis.ContainerStateMachine (ContainerStateMachine.java:loadSnapshot(224)) - group-5DDC6650C4E9: The snapshot info is null. Setting the last applied indexto:(t:0, i:~)
2021-09-17 14:21:19,213 [pool-285-thread-1] INFO  server.RaftServerConfigKeys (ConfUtils.java:logGet(44)) - raft.server.notification.no-leader.timeout = 300s (custom)
2021-09-17 14:21:19,213 [pool-285-thread-1] INFO  server.RaftServerConfigKeys (ConfUtils.java:logGet(44)) - raft.server.log.use.memory = false (default)
2021-09-17 14:21:19,213 [pool-285-thread-1] INFO  server.RaftServerConfigKeys (ConfUtils.java:logGet(44)) - raft.server.log.purge.gap = 1000000 (custom)
2021-09-17 14:21:19,213 [pool-285-thread-1] INFO  server.RaftServerConfigKeys (ConfUtils.java:logGet(44)) - raft.server.log.appender.buffer.byte-limit = 33554432 (custom)
2021-09-17 14:21:19,213 [pool-285-thread-1] INFO  server.RaftServerConfigKeys (ConfUtils.java:logGet(44)) - raft.server.log.segment.size.max = 1048576 (custom)
2021-09-17 14:21:19,214 [pool-285-thread-1] INFO  server.RaftServerConfigKeys (ConfUtils.java:logGet(44)) - raft.server.log.segment.cache.num.max = 2 (custom)
2021-09-17 14:21:19,214 [pool-285-thread-1] INFO  server.RaftServerConfigKeys (ConfUtils.java:logGet(44)) - raft.server.log.segment.cache.size.max = 200MB (=209715200) (default)
2021-09-17 14:21:19,214 [pool-285-thread-1] INFO  segmented.SegmentedRaftLogWorker (SegmentedRaftLogWorker.java:<init>(182)) - new 8721df37-0cb6-4aed-9ac1-08c1f74757c7@group-5DDC6650C4E9-SegmentedRaftLogWorker for RaftStorageImpl:Storage Directory /home/runner/work/ozone/ozone/hadoop-ozone/integration-test/target/test-dir/MiniOzoneClusterImpl-3d3fab62-48bb-41e0-9886-50eb3b9e447a/datanode-1/data/ratis/f9d0de5a-67aa-4313-8087-5ddc6650c4e9
2021-09-17 14:21:19,214 [pool-285-thread-1] INFO  server.RaftServerConfigKeys (ConfUtils.java:logGet(44)) - raft.server.log.queue.byte-limit = 2147483647 (custom)
2021-09-17 14:21:19,214 [pool-285-thread-1] INFO  server.RaftServerConfigKeys (ConfUtils.java:logGet(44)) - raft.server.log.queue.element-limit = 1024 (custom)
2021-09-17 14:21:19,214 [pool-285-thread-1] INFO  server.RaftServerConfigKeys (ConfUtils.java:logGet(44)) - raft.server.log.segment.size.max = 1048576 (custom)
2021-09-17 14:21:19,214 [pool-285-thread-1] INFO  server.RaftServerConfigKeys (ConfUtils.java:logGet(44)) - raft.server.log.preallocated.size = 16384 (custom)
2021-09-17 14:21:19,214 [pool-285-thread-1] INFO  server.RaftServerConfigKeys (ConfUtils.java:logGet(44)) - raft.server.log.force.sync.num = 128 (default)
2021-09-17 14:21:19,214 [pool-285-thread-1] INFO  server.RaftServerConfigKeys (ConfUtils.java:logGet(44)) - raft.server.log.statemachine.data.sync = true (default)
2021-09-17 14:21:19,214 [pool-285-thread-1] INFO  server.RaftServerConfigKeys (ConfUtils.java:logGet(44)) - raft.server.log.statemachine.data.sync.timeout = 10s (default)
2021-09-17 14:21:19,214 [pool-285-thread-1] INFO  server.RaftServerConfigKeys (ConfUtils.java:logGet(44)) - raft.server.log.statemachine.data.sync.timeout.retry = -1 (default)
2021-09-17 14:21:19,217 [EventQueue-PipelineReportForPipelineReportHandler] INFO  pipeline.PipelineManagerImpl (PipelineManagerImpl.java:openPipeline(282)) - Pipeline Pipeline[ Id: f9d0de5a-67aa-4313-8087-5ddc6650c4e9, Nodes: 8721df37-0cb6-4aed-9ac1-08c1f74757c7{ip: 127.0.0.1, host: localhost, ports: [REPLICATION=44115, RATIS=39603, RATIS_ADMIN=39603, RATIS_SERVER=39603, STANDALONE=41251], networkLocation: /default-rack, certSerialId: null, persistedOpState: IN_SERVICE, persistedOpStateExpiryEpochSec: 0}, ReplicationConfig: RATIS/ONE, State:ALLOCATED, leaderId:8721df37-0cb6-4aed-9ac1-08c1f74757c7, CreationTimestamp2021-09-17T14:21:16.205Z[Etc/UTC]] moved to OPEN state
2021-09-17 14:21:19,219 [pool-285-thread-1] INFO  server.RaftServerConfigKeys (ConfUtils.java:logGet(44)) - raft.server.log.write.buffer.size = 1048576 (custom)
2021-09-17 14:21:19,220 [pool-285-thread-1] INFO  server.RaftServerConfigKeys (ConfUtils.java:logGet(44)) - raft.server.log.statemachine.data.caching.enabled = true (custom)
2021-09-17 14:21:19,224 [pool-285-thread-1] INFO  segmented.SegmentedRaftLogWorker (SegmentedRaftLogWorker.java:lambda$new$0(133)) - 8721df37-0cb6-4aed-9ac1-08c1f74757c7@group-5DDC6650C4E9-SegmentedRaftLogWorker: flushIndex: setUnconditionally 0 -> -1
2021-09-17 14:21:19,224 [pool-285-thread-1] INFO  segmented.SegmentedRaftLogWorker (SegmentedRaftLogWorker.java:lambda$new$0(133)) - 8721df37-0cb6-4aed-9ac1-08c1f74757c7@group-5DDC6650C4E9-SegmentedRaftLogWorker: safeCacheEvictIndex: setUnconditionally 0 -> -1
2021-09-17 14:21:19,236 [pool-285-thread-1] INFO  server.RaftServerConfigKeys (ConfUtils.java:logGet(44)) - raft.server.snapshot.auto.trigger.enabled = true (custom)
2021-09-17 14:21:19,236 [pool-285-thread-1] INFO  server.RaftServerConfigKeys (ConfUtils.java:logGet(44)) - raft.server.snapshot.auto.trigger.threshold = 10000 (custom)
2021-09-17 14:21:19,236 [pool-285-thread-1] INFO  server.RaftServerConfigKeys (ConfUtils.java:logGet(44)) - raft.server.snapshot.retention.file.num = 5 (custom)
2021-09-17 14:21:19,236 [pool-285-thread-1] INFO  server.RaftServerConfigKeys (ConfUtils.java:logGet(44)) - raft.server.log.purge.upto.snapshot.index = false (default)
2021-09-17 14:21:19,246 [pool-285-thread-1] INFO  server.RaftServerConfigKeys (ConfUtils.java:logGet(44)) - raft.server.retrycache.expirytime = 600000ms (custom)
2021-09-17 14:21:19,246 [pool-285-thread-1] INFO  server.RaftServerConfigKeys (ConfUtils.java:logGet(44)) - raft.server.retrycache.statistics.expirytime = 100μs (default)
2021-09-17 14:21:19,247 [pool-285-thread-1] INFO  server.RaftServer$Division (RaftServerImpl.java:start(296)) - 8721df37-0cb6-4aed-9ac1-08c1f74757c7@group-5DDC6650C4E9: start as a follower, conf=-1: [8721df37-0cb6-4aed-9ac1-08c1f74757c7|rpc:127.0.0.1:39603|priority:1], old=null
2021-09-17 14:21:19,247 [pool-285-thread-1] INFO  server.RaftServer$Division (RaftServerImpl.java:setRole(285)) - 8721df37-0cb6-4aed-9ac1-08c1f74757c7@group-5DDC6650C4E9: changes role from      null to FOLLOWER at term 0 for startAsFollower
2021-09-17 14:21:19,247 [pool-285-thread-1] INFO  impl.RoleInfo (RoleInfo.java:updateAndGet(130)) - 8721df37-0cb6-4aed-9ac1-08c1f74757c7: start 8721df37-0cb6-4aed-9ac1-08c1f74757c7@group-5DDC6650C4E9-FollowerState
2021-09-17 14:21:19,253 [62c51671-a275-468c-9a91-cfb1a6740248@group-50EB3B9E447A-StateMachineUpdater] INFO  safemode.HealthyPipelineSafeModeRule (HealthyPipelineSafeModeRule.java:initializeRule(152)) - Refreshed total pipeline count is 0, healthy pipeline threshold count is 1
2021-09-17 14:21:19,269 [EventQueue-PipelineReportForPipelineReportHandler] INFO  ha.SCMHAInvocationHandler (SCMHAInvocationHandler.java:invokeRatis(113)) - Invoking method public abstract void org.apache.hadoop.hdds.scm.pipeline.StateManager.updatePipelineState(org.apache.hadoop.hdds.protocol.proto.HddsProtos$PipelineID,org.apache.hadoop.hdds.protocol.proto.HddsProtos$PipelineState) throws java.io.IOException on target org.apache.hadoop.hdds.scm.ha.SCMRatisServerImpl@2af03325, cost 50965.56us
2021-09-17 14:21:19,269 [EventQueue-OpenPipelineForHealthyPipelineSafeModeRule] INFO  safemode.SCMSafeModeManager (HealthyPipelineSafeModeRule.java:process(124)) - SCM in safe mode. Healthy pipelines reported count is 0, required healthy pipeline reported count is 1
2021-09-17 14:21:19,264 [pool-285-thread-1] INFO  util.JmxRegister (JmxRegister.java:tryRegister(44)) - Successfully registered JMX Bean with object name Ratis:service=RaftServer,group=group-5DDC6650C4E9,id=8721df37-0cb6-4aed-9ac1-08c1f74757c7
2021-09-17 14:21:19,272 [b698c972-2c25-4917-bf85-656ee0b35a6d@group-50EB3B9E447A-StateMachineUpdater] INFO  safemode.HealthyPipelineSafeModeRule (HealthyPipelineSafeModeRule.java:initializeRule(152)) - Refreshed total pipeline count is 0, healthy pipeline threshold count is 1
2021-09-17 14:21:19,273 [62c51671-a275-468c-9a91-cfb1a6740248@group-50EB3B9E447A-StateMachineUpdater] INFO  ha.SCMStateMachine (SCMStateMachine.java:takeSnapshot(290)) - Current Snapshot Index 20, takeSnapshot took 0 ms
2021-09-17 14:21:19,273 [62c51671-a275-468c-9a91-cfb1a6740248@group-50EB3B9E447A-StateMachineUpdater] INFO  impl.StateMachineUpdater (StateMachineUpdater.java:takeSnapshot(281)) - 62c51671-a275-468c-9a91-cfb1a6740248@group-50EB3B9E447A-StateMachineUpdater: Took a snapshot at index 20
2021-09-17 14:21:19,273 [62c51671-a275-468c-9a91-cfb1a6740248@group-50EB3B9E447A-StateMachineUpdater] INFO  impl.StateMachineUpdater (StateMachineUpdater.java:lambda$new$0(89)) - 62c51671-a275-468c-9a91-cfb1a6740248@group-50EB3B9E447A-StateMachineUpdater: snapshotIndex: updateIncreasingly 15 -> 20
2021-09-17 14:21:19,273 [62c51671-a275-468c-9a91-cfb1a6740248@group-50EB3B9E447A-StateMachineUpdater] INFO  raftlog.RaftLog (RaftLogBase.java:purge(306)) - 62c51671-a275-468c-9a91-cfb1a6740248@group-50EB3B9E447A-SegmentedRaftLog: purge 20
2021-09-17 14:21:19,273 [62c51671-a275-468c-9a91-cfb1a6740248@group-50EB3B9E447A-StateMachineUpdater] INFO  raftlog.RaftLog (RaftLogBase.java:lambda$new$0(53)) - 62c51671-a275-468c-9a91-cfb1a6740248@group-50EB3B9E447A-SegmentedRaftLog: snapshotIndex: updateIncreasingly 15 -> 20
2021-09-17 14:21:19,274 [62c51671-a275-468c-9a91-cfb1a6740248@group-50EB3B9E447A-StateMachineUpdater] INFO  raftlog.RaftLog (RaftLogBase.java:lambda$new$0(53)) - 62c51671-a275-468c-9a91-cfb1a6740248@group-50EB3B9E447A-SegmentedRaftLog: purgeIndex: updateToMax old=15, new=20, updated? true
2021-09-17 14:21:19,297 [Command processor thread] INFO  ratis.XceiverServerRatis (XceiverServerRatis.java:addGroup(762)) - Created group PipelineID=f9d0de5a-67aa-4313-8087-5ddc6650c4e9
2021-09-17 14:21:19,297 [Command processor thread] INFO  commandhandler.CreatePipelineCommandHandler (CreatePipelineCommandHandler.java:handle(106)) - Created Pipeline RATIS ONE PipelineID=f9d0de5a-67aa-4313-8087-5ddc6650c4e9.
2021-09-17 14:21:19,298 [Command processor thread] INFO  server.RaftServer (RaftServerProxy.java:addNew(95)) - 8721df37-0cb6-4aed-9ac1-08c1f74757c7: addNew group-D0B93889FBFC:[6808a34f-0e94-4674-bd8e-337a9d1c35af|rpc:127.0.0.1:41481|priority:0, 11f3a05e-de29-47e4-b752-c1c53d1088e4|rpc:127.0.0.1:41235|priority:1, 8721df37-0cb6-4aed-9ac1-08c1f74757c7|rpc:127.0.0.1:39603|priority:0] returns group-D0B93889FBFC:java.util.concurrent.CompletableFuture@22871172[Not completed]
2021-09-17 14:21:19,298 [pool-285-thread-1] INFO  server.RaftServer$Division (RaftServerImpl.java:<init>(181)) - 8721df37-0cb6-4aed-9ac1-08c1f74757c7: new RaftServerImpl for group-D0B93889FBFC:[6808a34f-0e94-4674-bd8e-337a9d1c35af|rpc:127.0.0.1:41481|priority:0, 11f3a05e-de29-47e4-b752-c1c53d1088e4|rpc:127.0.0.1:41235|priority:1, 8721df37-0cb6-4aed-9ac1-08c1f74757c7|rpc:127.0.0.1:39603|priority:0] with ContainerStateMachine:uninitialized
2021-09-17 14:21:19,299 [pool-285-thread-1] INFO  server.RaftServerConfigKeys (ConfUtils.java:logGet(44)) - raft.server.rpc.timeout.min = 5s (custom)
2021-09-17 14:21:19,299 [pool-285-thread-1] INFO  server.RaftServerConfigKeys (ConfUtils.java:logGet(44)) - raft.server.rpc.timeout.max = 5200ms (custom)
2021-09-17 14:21:19,299 [pool-285-thread-1] INFO  server.RaftServerConfigKeys (ConfUtils.java:logGet(44)) - raft.server.rpc.sleep.time = 25ms (default)
2021-09-17 14:21:19,299 [pool-285-thread-1] INFO  server.RaftServerConfigKeys (ConfUtils.java:logGet(44)) - raft.server.rpc.slowness.timeout = 300s (custom)
2021-09-17 14:21:19,299 [pool-285-thread-1] INFO  server.RaftServerConfigKeys (ConfUtils.java:logGet(44)) - raft.server.leaderelection.leader.step-down.wait-time = 10s (default)
2021-09-17 14:21:19,299 [pool-285-thread-1] INFO  server.RaftServerConfigKeys (ConfUtils.java:logGet(44)) - raft.server.sleep.deviation.threshold = 300ms (default)
2021-09-17 14:21:19,299 [pool-285-thread-1] INFO  server.RaftServerConfigKeys (ConfUtils.java:logGet(44)) - raft.server.log.appender.install.snapshot.enabled = false (custom)
2021-09-17 14:21:19,299 [pool-285-thread-1] INFO  server.RaftServer$Division (ServerState.java:<init>(105)) - 8721df37-0cb6-4aed-9ac1-08c1f74757c7@group-D0B93889FBFC: ConfigurationManager, init=-1: [6808a34f-0e94-4674-bd8e-337a9d1c35af|rpc:127.0.0.1:41481|priority:0, 11f3a05e-de29-47e4-b752-c1c53d1088e4|rpc:127.0.0.1:41235|priority:1, 8721df37-0cb6-4aed-9ac1-08c1f74757c7|rpc:127.0.0.1:39603|priority:0], old=null, confs=<EMPTY_MAP>
2021-09-17 14:21:19,299 [pool-285-thread-1] INFO  server.RaftServerConfigKeys (ConfUtils.java:logGet(44)) - raft.server.storage.dir = [/home/runner/work/ozone/ozone/hadoop-ozone/integration-test/target/test-dir/MiniOzoneClusterImpl-3d3fab62-48bb-41e0-9886-50eb3b9e447a/datanode-1/data/ratis] (custom)
2021-09-17 14:21:19,299 [pool-285-thread-1] INFO  server.RaftServerConfigKeys (ConfUtils.java:logGet(44)) - raft.server.log.corruption.policy = EXCEPTION (default)
2021-09-17 14:21:19,299 [pool-285-thread-1] INFO  server.RaftServerConfigKeys (ConfUtils.java:logGet(44)) - raft.server.storage.free-space.min = 0MB (=0) (default)
2021-09-17 14:21:19,300 [pool-285-thread-1] INFO  storage.RaftStorageDirectory (RaftStorageDirectoryImpl.java:analyzeStorage(135)) - The storage directory /home/runner/work/ozone/ozone/hadoop-ozone/integration-test/target/test-dir/MiniOzoneClusterImpl-3d3fab62-48bb-41e0-9886-50eb3b9e447a/datanode-1/data/ratis/2122119d-9f41-4192-8973-d0b93889fbfc does not exist. Creating ...
2021-09-17 14:21:19,297 [grpc-default-executor-1] INFO  server.RaftServer (RaftServerProxy.java:addNew(95)) - 11f3a05e-de29-47e4-b752-c1c53d1088e4: addNew group-D0B93889FBFC:[6808a34f-0e94-4674-bd8e-337a9d1c35af|rpc:127.0.0.1:41481|dataStream:|priority:0, 11f3a05e-de29-47e4-b752-c1c53d1088e4|rpc:127.0.0.1:41235|dataStream:|priority:1, 8721df37-0cb6-4aed-9ac1-08c1f74757c7|rpc:127.0.0.1:39603|dataStream:|priority:0] returns group-D0B93889FBFC:java.util.concurrent.CompletableFuture@5a179308[Not completed]
2021-09-17 14:21:19,301 [pool-306-thread-1] INFO  server.RaftServer$Division (RaftServerImpl.java:<init>(181)) - 11f3a05e-de29-47e4-b752-c1c53d1088e4: new RaftServerImpl for group-D0B93889FBFC:[6808a34f-0e94-4674-bd8e-337a9d1c35af|rpc:127.0.0.1:41481|dataStream:|priority:0, 11f3a05e-de29-47e4-b752-c1c53d1088e4|rpc:127.0.0.1:41235|dataStream:|priority:1, 8721df37-0cb6-4aed-9ac1-08c1f74757c7|rpc:127.0.0.1:39603|dataStream:|priority:0] with ContainerStateMachine:uninitialized
2021-09-17 14:21:19,301 [pool-306-thread-1] INFO  server.RaftServerConfigKeys (ConfUtils.java:logGet(44)) - raft.server.rpc.timeout.min = 5s (custom)
2021-09-17 14:21:19,301 [pool-306-thread-1] INFO  server.RaftServerConfigKeys (ConfUtils.java:logGet(44)) - raft.server.rpc.timeout.max = 5200ms (custom)
2021-09-17 14:21:19,301 [pool-306-thread-1] INFO  server.RaftServerConfigKeys (ConfUtils.java:logGet(44)) - raft.server.rpc.sleep.time = 25ms (default)
2021-09-17 14:21:19,301 [pool-306-thread-1] INFO  server.RaftServerConfigKeys (ConfUtils.java:logGet(44)) - raft.server.rpc.slowness.timeout = 300s (custom)
2021-09-17 14:21:19,301 [pool-306-thread-1] INFO  server.RaftServerConfigKeys (ConfUtils.java:logGet(44)) - raft.server.leaderelection.leader.step-down.wait-time = 10s (default)
2021-09-17 14:21:19,301 [pool-306-thread-1] INFO  server.RaftServerConfigKeys (ConfUtils.java:logGet(44)) - raft.server.sleep.deviation.threshold = 300ms (default)
2021-09-17 14:21:19,301 [pool-306-thread-1] INFO  server.RaftServerConfigKeys (ConfUtils.java:logGet(44)) - raft.server.log.appender.install.snapshot.enabled = false (custom)
2021-09-17 14:21:19,301 [pool-306-thread-1] INFO  server.RaftServer$Division (ServerState.java:<init>(105)) - 11f3a05e-de29-47e4-b752-c1c53d1088e4@group-D0B93889FBFC: ConfigurationManager, init=-1: [6808a34f-0e94-4674-bd8e-337a9d1c35af|rpc:127.0.0.1:41481|dataStream:|priority:0, 11f3a05e-de29-47e4-b752-c1c53d1088e4|rpc:127.0.0.1:41235|dataStream:|priority:1, 8721df37-0cb6-4aed-9ac1-08c1f74757c7|rpc:127.0.0.1:39603|dataStream:|priority:0], old=null, confs=<EMPTY_MAP>
2021-09-17 14:21:19,302 [pool-306-thread-1] INFO  server.RaftServerConfigKeys (ConfUtils.java:logGet(44)) - raft.server.storage.dir = [/home/runner/work/ozone/ozone/hadoop-ozone/integration-test/target/test-dir/MiniOzoneClusterImpl-3d3fab62-48bb-41e0-9886-50eb3b9e447a/datanode-2/data/ratis] (custom)
2021-09-17 14:21:19,302 [pool-306-thread-1] INFO  server.RaftServerConfigKeys (ConfUtils.java:logGet(44)) - raft.server.log.corruption.policy = EXCEPTION (default)
2021-09-17 14:21:19,302 [pool-306-thread-1] INFO  server.RaftServerConfigKeys (ConfUtils.java:logGet(44)) - raft.server.storage.free-space.min = 0MB (=0) (default)
2021-09-17 14:21:19,302 [pool-306-thread-1] INFO  storage.RaftStorageDirectory (RaftStorageDirectoryImpl.java:analyzeStorage(135)) - The storage directory /home/runner/work/ozone/ozone/hadoop-ozone/integration-test/target/test-dir/MiniOzoneClusterImpl-3d3fab62-48bb-41e0-9886-50eb3b9e447a/datanode-2/data/ratis/2122119d-9f41-4192-8973-d0b93889fbfc does not exist. Creating ...
2021-09-17 14:21:19,304 [pool-285-thread-1] INFO  storage.RaftStorageDirectory (RaftStorageDirectoryImpl.java:tryLock(230)) - Lock on /home/runner/work/ozone/ozone/hadoop-ozone/integration-test/target/test-dir/MiniOzoneClusterImpl-3d3fab62-48bb-41e0-9886-50eb3b9e447a/datanode-1/data/ratis/2122119d-9f41-4192-8973-d0b93889fbfc/in_use.lock acquired by nodename 9576@fv-az116-264
2021-09-17 14:21:19,307 [pool-306-thread-1] INFO  storage.RaftStorageDirectory (RaftStorageDirectoryImpl.java:tryLock(230)) - Lock on /home/runner/work/ozone/ozone/hadoop-ozone/integration-test/target/test-dir/MiniOzoneClusterImpl-3d3fab62-48bb-41e0-9886-50eb3b9e447a/datanode-2/data/ratis/2122119d-9f41-4192-8973-d0b93889fbfc/in_use.lock acquired by nodename 9576@fv-az116-264
2021-09-17 14:21:19,312 [pool-306-thread-1] INFO  storage.RaftStorage (RaftStorageImpl.java:format(89)) - Storage directory /home/runner/work/ozone/ozone/hadoop-ozone/integration-test/target/test-dir/MiniOzoneClusterImpl-3d3fab62-48bb-41e0-9886-50eb3b9e447a/datanode-2/data/ratis/2122119d-9f41-4192-8973-d0b93889fbfc has been successfully formatted.
2021-09-17 14:21:19,312 [pool-306-thread-1] INFO  ratis.ContainerStateMachine (ContainerStateMachine.java:loadSnapshot(224)) - group-D0B93889FBFC: The snapshot info is null. Setting the last applied indexto:(t:0, i:~)
2021-09-17 14:21:19,312 [pool-306-thread-1] INFO  server.RaftServerConfigKeys (ConfUtils.java:logGet(44)) - raft.server.notification.no-leader.timeout = 300s (custom)
2021-09-17 14:21:19,313 [pool-306-thread-1] INFO  server.RaftServerConfigKeys (ConfUtils.java:logGet(44)) - raft.server.log.use.memory = false (default)
2021-09-17 14:21:19,313 [pool-306-thread-1] INFO  server.RaftServerConfigKeys (ConfUtils.java:logGet(44)) - raft.server.log.purge.gap = 1000000 (custom)
2021-09-17 14:21:19,313 [pool-306-thread-1] INFO  server.RaftServerConfigKeys (ConfUtils.java:logGet(44)) - raft.server.log.appender.buffer.byte-limit = 33554432 (custom)
2021-09-17 14:21:19,313 [pool-306-thread-1] INFO  server.RaftServerConfigKeys (ConfUtils.java:logGet(44)) - raft.server.log.segment.size.max = 1048576 (custom)
2021-09-17 14:21:19,314 [pool-306-thread-1] INFO  server.RaftServerConfigKeys (ConfUtils.java:logGet(44)) - raft.server.log.segment.cache.num.max = 2 (custom)
2021-09-17 14:21:19,314 [pool-306-thread-1] INFO  server.RaftServerConfigKeys (ConfUtils.java:logGet(44)) - raft.server.log.segment.cache.size.max = 200MB (=209715200) (default)
2021-09-17 14:21:19,314 [pool-306-thread-1] INFO  segmented.SegmentedRaftLogWorker (SegmentedRaftLogWorker.java:<init>(182)) - new 11f3a05e-de29-47e4-b752-c1c53d1088e4@group-D0B93889FBFC-SegmentedRaftLogWorker for RaftStorageImpl:Storage Directory /home/runner/work/ozone/ozone/hadoop-ozone/integration-test/target/test-dir/MiniOzoneClusterImpl-3d3fab62-48bb-41e0-9886-50eb3b9e447a/datanode-2/data/ratis/2122119d-9f41-4192-8973-d0b93889fbfc
2021-09-17 14:21:19,314 [pool-306-thread-1] INFO  server.RaftServerConfigKeys (ConfUtils.java:logGet(44)) - raft.server.log.queue.byte-limit = 2147483647 (custom)
2021-09-17 14:21:19,314 [pool-306-thread-1] INFO  server.RaftServerConfigKeys (ConfUtils.java:logGet(44)) - raft.server.log.queue.element-limit = 1024 (custom)
2021-09-17 14:21:19,315 [pool-306-thread-1] INFO  server.RaftServerConfigKeys (ConfUtils.java:logGet(44)) - raft.server.log.segment.size.max = 1048576 (custom)
2021-09-17 14:21:19,315 [pool-306-thread-1] INFO  server.RaftServerConfigKeys (ConfUtils.java:logGet(44)) - raft.server.log.preallocated.size = 16384 (custom)
2021-09-17 14:21:19,314 [pool-285-thread-1] INFO  storage.RaftStorage (RaftStorageImpl.java:format(89)) - Storage directory /home/runner/work/ozone/ozone/hadoop-ozone/integration-test/target/test-dir/MiniOzoneClusterImpl-3d3fab62-48bb-41e0-9886-50eb3b9e447a/datanode-1/data/ratis/2122119d-9f41-4192-8973-d0b93889fbfc has been successfully formatted.
2021-09-17 14:21:19,316 [pool-285-thread-1] INFO  ratis.ContainerStateMachine (ContainerStateMachine.java:loadSnapshot(224)) - group-D0B93889FBFC: The snapshot info is null. Setting the last applied indexto:(t:0, i:~)
2021-09-17 14:21:19,316 [pool-306-thread-1] INFO  server.RaftServerConfigKeys (ConfUtils.java:logGet(44)) - raft.server.log.force.sync.num = 128 (default)
2021-09-17 14:21:19,316 [pool-306-thread-1] INFO  server.RaftServerConfigKeys (ConfUtils.java:logGet(44)) - raft.server.log.statemachine.data.sync = true (default)
2021-09-17 14:21:19,317 [pool-306-thread-1] INFO  server.RaftServerConfigKeys (ConfUtils.java:logGet(44)) - raft.server.log.statemachine.data.sync.timeout = 10s (default)
2021-09-17 14:21:19,317 [pool-306-thread-1] INFO  server.RaftServerConfigKeys (ConfUtils.java:logGet(44)) - raft.server.log.statemachine.data.sync.timeout.retry = -1 (default)
2021-09-17 14:21:19,317 [EventQueue-OpenPipelineForHealthyPipelineSafeModeRule] INFO  safemode.SCMSafeModeManager (HealthyPipelineSafeModeRule.java:process(124)) - SCM in safe mode. Healthy pipelines reported count is 0, required healthy pipeline reported count is 1
2021-09-17 14:21:19,317 [EventQueue-OpenPipelineForHealthyPipelineSafeModeRule] INFO  safemode.SCMSafeModeManager (HealthyPipelineSafeModeRule.java:process(124)) - SCM in safe mode. Healthy pipelines reported count is 0, required healthy pipeline reported count is 1
2021-09-17 14:21:19,319 [pool-306-thread-1] INFO  server.RaftServerConfigKeys (ConfUtils.java:logGet(44)) - raft.server.log.write.buffer.size = 1048576 (custom)
2021-09-17 14:21:19,321 [pool-285-thread-1] INFO  server.RaftServerConfigKeys (ConfUtils.java:logGet(44)) - raft.server.notification.no-leader.timeout = 300s (custom)
2021-09-17 14:21:19,321 [pool-285-thread-1] INFO  server.RaftServerConfigKeys (ConfUtils.java:logGet(44)) - raft.server.log.use.memory = false (default)
2021-09-17 14:21:19,321 [pool-285-thread-1] INFO  server.RaftServerConfigKeys (ConfUtils.java:logGet(44)) - raft.server.log.purge.gap = 1000000 (custom)
2021-09-17 14:21:19,321 [pool-285-thread-1] INFO  server.RaftServerConfigKeys (ConfUtils.java:logGet(44)) - raft.server.log.appender.buffer.byte-limit = 33554432 (custom)
2021-09-17 14:21:19,321 [pool-285-thread-1] INFO  server.RaftServerConfigKeys (ConfUtils.java:logGet(44)) - raft.server.log.segment.size.max = 1048576 (custom)
2021-09-17 14:21:19,322 [pool-285-thread-1] INFO  server.RaftServerConfigKeys (ConfUtils.java:logGet(44)) - raft.server.log.segment.cache.num.max = 2 (custom)
2021-09-17 14:21:19,322 [pool-285-thread-1] INFO  server.RaftServerConfigKeys (ConfUtils.java:logGet(44)) - raft.server.log.segment.cache.size.max = 200MB (=209715200) (default)
2021-09-17 14:21:19,322 [pool-285-thread-1] INFO  segmented.SegmentedRaftLogWorker (SegmentedRaftLogWorker.java:<init>(182)) - new 8721df37-0cb6-4aed-9ac1-08c1f74757c7@group-D0B93889FBFC-SegmentedRaftLogWorker for RaftStorageImpl:Storage Directory /home/runner/work/ozone/ozone/hadoop-ozone/integration-test/target/test-dir/MiniOzoneClusterImpl-3d3fab62-48bb-41e0-9886-50eb3b9e447a/datanode-1/data/ratis/2122119d-9f41-4192-8973-d0b93889fbfc
2021-09-17 14:21:19,323 [pool-285-thread-1] INFO  server.RaftServerConfigKeys (ConfUtils.java:logGet(44)) - raft.server.log.queue.byte-limit = 2147483647 (custom)
2021-09-17 14:21:19,323 [pool-285-thread-1] INFO  server.RaftServerConfigKeys (ConfUtils.java:logGet(44)) - raft.server.log.queue.element-limit = 1024 (custom)
2021-09-17 14:21:19,323 [pool-285-thread-1] INFO  server.RaftServerConfigKeys (ConfUtils.java:logGet(44)) - raft.server.log.segment.size.max = 1048576 (custom)
2021-09-17 14:21:19,323 [pool-285-thread-1] INFO  server.RaftServerConfigKeys (ConfUtils.java:logGet(44)) - raft.server.log.preallocated.size = 16384 (custom)
2021-09-17 14:21:19,323 [pool-285-thread-1] INFO  server.RaftServerConfigKeys (ConfUtils.java:logGet(44)) - raft.server.log.force.sync.num = 128 (default)
2021-09-17 14:21:19,323 [pool-285-thread-1] INFO  server.RaftServerConfigKeys (ConfUtils.java:logGet(44)) - raft.server.log.statemachine.data.sync = true (default)
2021-09-17 14:21:19,323 [pool-285-thread-1] INFO  server.RaftServerConfigKeys (ConfUtils.java:logGet(44)) - raft.server.log.statemachine.data.sync.timeout = 10s (default)
2021-09-17 14:21:19,325 [pool-285-thread-1] INFO  server.RaftServerConfigKeys (ConfUtils.java:logGet(44)) - raft.server.log.statemachine.data.sync.timeout.retry = -1 (default)
2021-09-17 14:21:19,326 [pool-285-thread-1] INFO  server.RaftServerConfigKeys (ConfUtils.java:logGet(44)) - raft.server.log.write.buffer.size = 1048576 (custom)
2021-09-17 14:21:19,326 [pool-285-thread-1] INFO  server.RaftServerConfigKeys (ConfUtils.java:logGet(44)) - raft.server.log.statemachine.data.caching.enabled = true (custom)
2021-09-17 14:21:19,327 [pool-285-thread-1] INFO  segmented.SegmentedRaftLogWorker (SegmentedRaftLogWorker.java:lambda$new$0(133)) - 8721df37-0cb6-4aed-9ac1-08c1f74757c7@group-D0B93889FBFC-SegmentedRaftLogWorker: flushIndex: setUnconditionally 0 -> -1
2021-09-17 14:21:19,327 [pool-285-thread-1] INFO  segmented.SegmentedRaftLogWorker (SegmentedRaftLogWorker.java:lambda$new$0(133)) - 8721df37-0cb6-4aed-9ac1-08c1f74757c7@group-D0B93889FBFC-SegmentedRaftLogWorker: safeCacheEvictIndex: setUnconditionally 0 -> -1
2021-09-17 14:21:19,327 [pool-306-thread-1] INFO  server.RaftServerConfigKeys (ConfUtils.java:logGet(44)) - raft.server.log.statemachine.data.caching.enabled = true (custom)
2021-09-17 14:21:19,330 [pool-306-thread-1] INFO  segmented.SegmentedRaftLogWorker (SegmentedRaftLogWorker.java:lambda$new$0(133)) - 11f3a05e-de29-47e4-b752-c1c53d1088e4@group-D0B93889FBFC-SegmentedRaftLogWorker: flushIndex: setUnconditionally 0 -> -1
2021-09-17 14:21:19,331 [pool-306-thread-1] INFO  segmented.SegmentedRaftLogWorker (SegmentedRaftLogWorker.java:lambda$new$0(133)) - 11f3a05e-de29-47e4-b752-c1c53d1088e4@group-D0B93889FBFC-SegmentedRaftLogWorker: safeCacheEvictIndex: setUnconditionally 0 -> -1
2021-09-17 14:21:19,336 [pool-285-thread-1] INFO  server.RaftServerConfigKeys (ConfUtils.java:logGet(44)) - raft.server.snapshot.auto.trigger.enabled = true (custom)
2021-09-17 14:21:19,336 [pool-285-thread-1] INFO  server.RaftServerConfigKeys (ConfUtils.java:logGet(44)) - raft.server.snapshot.auto.trigger.threshold = 10000 (custom)
2021-09-17 14:21:19,336 [pool-285-thread-1] INFO  server.RaftServerConfigKeys (ConfUtils.java:logGet(44)) - raft.server.snapshot.retention.file.num = 5 (custom)
2021-09-17 14:21:19,337 [pool-285-thread-1] INFO  server.RaftServerConfigKeys (ConfUtils.java:logGet(44)) - raft.server.log.purge.upto.snapshot.index = false (default)
2021-09-17 14:21:19,337 [pool-285-thread-1] INFO  server.RaftServerConfigKeys (ConfUtils.java:logGet(44)) - raft.server.retrycache.expirytime = 600000ms (custom)
2021-09-17 14:21:19,337 [pool-285-thread-1] INFO  server.RaftServerConfigKeys (ConfUtils.java:logGet(44)) - raft.server.retrycache.statistics.expirytime = 100μs (default)
2021-09-17 14:21:19,338 [pool-285-thread-1] INFO  server.RaftServer$Division (RaftServerImpl.java:start(296)) - 8721df37-0cb6-4aed-9ac1-08c1f74757c7@group-D0B93889FBFC: start as a follower, conf=-1: [6808a34f-0e94-4674-bd8e-337a9d1c35af|rpc:127.0.0.1:41481|priority:0, 11f3a05e-de29-47e4-b752-c1c53d1088e4|rpc:127.0.0.1:41235|priority:1, 8721df37-0cb6-4aed-9ac1-08c1f74757c7|rpc:127.0.0.1:39603|priority:0], old=null
2021-09-17 14:21:19,338 [pool-285-thread-1] INFO  server.RaftServer$Division (RaftServerImpl.java:setRole(285)) - 8721df37-0cb6-4aed-9ac1-08c1f74757c7@group-D0B93889FBFC: changes role from      null to FOLLOWER at term 0 for startAsFollower
2021-09-17 14:21:19,348 [pool-306-thread-1] INFO  server.RaftServerConfigKeys (ConfUtils.java:logGet(44)) - raft.server.snapshot.auto.trigger.enabled = true (custom)
2021-09-17 14:21:19,348 [pool-306-thread-1] INFO  server.RaftServerConfigKeys (ConfUtils.java:logGet(44)) - raft.server.snapshot.auto.trigger.threshold = 10000 (custom)
2021-09-17 14:21:19,348 [pool-306-thread-1] INFO  server.RaftServerConfigKeys (ConfUtils.java:logGet(44)) - raft.server.snapshot.retention.file.num = 5 (custom)
2021-09-17 14:21:19,348 [pool-306-thread-1] INFO  server.RaftServerConfigKeys (ConfUtils.java:logGet(44)) - raft.server.log.purge.upto.snapshot.index = false (default)
2021-09-17 14:21:19,348 [pool-306-thread-1] INFO  server.RaftServerConfigKeys (ConfUtils.java:logGet(44)) - raft.server.retrycache.expirytime = 600000ms (custom)
2021-09-17 14:21:19,348 [pool-306-thread-1] INFO  server.RaftServerConfigKeys (ConfUtils.java:logGet(44)) - raft.server.retrycache.statistics.expirytime = 100μs (default)
2021-09-17 14:21:19,349 [pool-306-thread-1] INFO  server.RaftServer$Division (RaftServerImpl.java:start(296)) - 11f3a05e-de29-47e4-b752-c1c53d1088e4@group-D0B93889FBFC: start as a follower, conf=-1: [6808a34f-0e94-4674-bd8e-337a9d1c35af|rpc:127.0.0.1:41481|dataStream:|priority:0, 11f3a05e-de29-47e4-b752-c1c53d1088e4|rpc:127.0.0.1:41235|dataStream:|priority:1, 8721df37-0cb6-4aed-9ac1-08c1f74757c7|rpc:127.0.0.1:39603|dataStream:|priority:0], old=null
2021-09-17 14:21:19,349 [pool-306-thread-1] INFO  server.RaftServer$Division (RaftServerImpl.java:setRole(285)) - 11f3a05e-de29-47e4-b752-c1c53d1088e4@group-D0B93889FBFC: changes role from      null to FOLLOWER at term 0 for startAsFollower
2021-09-17 14:21:19,350 [pool-306-thread-1] INFO  impl.RoleInfo (RoleInfo.java:updateAndGet(130)) - 11f3a05e-de29-47e4-b752-c1c53d1088e4: start 11f3a05e-de29-47e4-b752-c1c53d1088e4@group-D0B93889FBFC-FollowerState
2021-09-17 14:21:19,354 [pool-285-thread-1] INFO  impl.RoleInfo (RoleInfo.java:updateAndGet(130)) - 8721df37-0cb6-4aed-9ac1-08c1f74757c7: start 8721df37-0cb6-4aed-9ac1-08c1f74757c7@group-D0B93889FBFC-FollowerState
2021-09-17 14:21:19,354 [pool-306-thread-1] INFO  util.JmxRegister (JmxRegister.java:tryRegister(44)) - Successfully registered JMX Bean with object name Ratis:service=RaftServer,group=group-D0B93889FBFC,id=11f3a05e-de29-47e4-b752-c1c53d1088e4
2021-09-17 14:21:19,360 [pool-285-thread-1] INFO  util.JmxRegister (JmxRegister.java:tryRegister(44)) - Successfully registered JMX Bean with object name Ratis:service=RaftServer,group=group-D0B93889FBFC,id=8721df37-0cb6-4aed-9ac1-08c1f74757c7
2021-09-17 14:21:19,364 [Command processor thread] INFO  ratis.XceiverServerRatis (XceiverServerRatis.java:addGroup(762)) - Created group PipelineID=2122119d-9f41-4192-8973-d0b93889fbfc
2021-09-17 14:21:19,502 [Command processor thread] INFO  commandhandler.CreatePipelineCommandHandler (CreatePipelineCommandHandler.java:handle(106)) - Created Pipeline RATIS THREE PipelineID=2122119d-9f41-4192-8973-d0b93889fbfc.
2021-09-17 14:21:19,540 [EndpointStateMachine task thread for /127.0.0.1:14605 - 0 ] INFO  ipc.Client (Client.java:handleConnectionFailure(977)) - Retrying connect to server: localhost/127.0.0.1:14605. Already tried 10 time(s); retry policy is RetryUpToMaximumCountWithFixedSleep(maxRetries=15, sleepTime=1000 MILLISECONDS)
2021-09-17 14:21:19,551 [Command processor thread] INFO  commandhandler.CreatePipelineCommandHandler (CreatePipelineCommandHandler.java:handle(106)) - Created Pipeline RATIS THREE PipelineID=2122119d-9f41-4192-8973-d0b93889fbfc.
2021-09-17 14:21:19,729 [Listener at 127.0.0.1/13392] INFO  ozone.MiniOzoneClusterImpl (MiniOzoneClusterImpl.java:lambda$waitForClusterToBeReady$0(235)) - Nodes are ready. Got 3 of 3 DN Heartbeats.
2021-09-17 14:21:19,730 [Listener at 127.0.0.1/13392] INFO  ozone.MiniOzoneClusterImpl (MiniOzoneClusterImpl.java:lambda$waitForClusterToBeReady$0(238)) - Waiting for cluster to exit safe mode
2021-09-17 14:21:19,730 [Listener at 127.0.0.1/13392] INFO  ozone.MiniOzoneClusterImpl (MiniOzoneClusterImpl.java:lambda$waitForClusterToBeReady$0(240)) - SCM became leader
2021-09-17 14:21:19,776 [Command processor thread] INFO  server.RaftServer (RaftServerProxy.java:addNew(95)) - 11f3a05e-de29-47e4-b752-c1c53d1088e4: addNew group-162E583A0177:[11f3a05e-de29-47e4-b752-c1c53d1088e4|rpc:127.0.0.1:41235|priority:1] returns group-162E583A0177:java.util.concurrent.CompletableFuture@c2422f0[Not completed]
2021-09-17 14:21:19,777 [pool-306-thread-1] INFO  server.RaftServer$Division (RaftServerImpl.java:<init>(181)) - 11f3a05e-de29-47e4-b752-c1c53d1088e4: new RaftServerImpl for group-162E583A0177:[11f3a05e-de29-47e4-b752-c1c53d1088e4|rpc:127.0.0.1:41235|priority:1] with ContainerStateMachine:uninitialized
2021-09-17 14:21:19,777 [pool-306-thread-1] INFO  server.RaftServerConfigKeys (ConfUtils.java:logGet(44)) - raft.server.rpc.timeout.min = 5s (custom)
2021-09-17 14:21:19,778 [pool-306-thread-1] INFO  server.RaftServerConfigKeys (ConfUtils.java:logGet(44)) - raft.server.rpc.timeout.max = 5200ms (custom)
2021-09-17 14:21:19,778 [pool-306-thread-1] INFO  server.RaftServerConfigKeys (ConfUtils.java:logGet(44)) - raft.server.rpc.sleep.time = 25ms (default)
2021-09-17 14:21:19,778 [pool-306-thread-1] INFO  server.RaftServerConfigKeys (ConfUtils.java:logGet(44)) - raft.server.rpc.slowness.timeout = 300s (custom)
2021-09-17 14:21:19,778 [pool-306-thread-1] INFO  server.RaftServerConfigKeys (ConfUtils.java:logGet(44)) - raft.server.leaderelection.leader.step-down.wait-time = 10s (default)
2021-09-17 14:21:19,778 [pool-306-thread-1] INFO  server.RaftServerConfigKeys (ConfUtils.java:logGet(44)) - raft.server.sleep.deviation.threshold = 300ms (default)
2021-09-17 14:21:19,778 [pool-306-thread-1] INFO  server.RaftServerConfigKeys (ConfUtils.java:logGet(44)) - raft.server.log.appender.install.snapshot.enabled = false (custom)
2021-09-17 14:21:19,778 [pool-306-thread-1] INFO  server.RaftServer$Division (ServerState.java:<init>(105)) - 11f3a05e-de29-47e4-b752-c1c53d1088e4@group-162E583A0177: ConfigurationManager, init=-1: [11f3a05e-de29-47e4-b752-c1c53d1088e4|rpc:127.0.0.1:41235|priority:1], old=null, confs=<EMPTY_MAP>
2021-09-17 14:21:19,778 [pool-306-thread-1] INFO  server.RaftServerConfigKeys (ConfUtils.java:logGet(44)) - raft.server.storage.dir = [/home/runner/work/ozone/ozone/hadoop-ozone/integration-test/target/test-dir/MiniOzoneClusterImpl-3d3fab62-48bb-41e0-9886-50eb3b9e447a/datanode-2/data/ratis] (custom)
2021-09-17 14:21:19,778 [pool-306-thread-1] INFO  server.RaftServerConfigKeys (ConfUtils.java:logGet(44)) - raft.server.log.corruption.policy = EXCEPTION (default)
2021-09-17 14:21:19,778 [pool-306-thread-1] INFO  server.RaftServerConfigKeys (ConfUtils.java:logGet(44)) - raft.server.storage.free-space.min = 0MB (=0) (default)
2021-09-17 14:21:19,778 [pool-306-thread-1] INFO  storage.RaftStorageDirectory (RaftStorageDirectoryImpl.java:analyzeStorage(135)) - The storage directory /home/runner/work/ozone/ozone/hadoop-ozone/integration-test/target/test-dir/MiniOzoneClusterImpl-3d3fab62-48bb-41e0-9886-50eb3b9e447a/datanode-2/data/ratis/d9497c8e-5e84-4d19-a56a-162e583a0177 does not exist. Creating ...
2021-09-17 14:21:19,781 [pool-306-thread-1] INFO  storage.RaftStorageDirectory (RaftStorageDirectoryImpl.java:tryLock(230)) - Lock on /home/runner/work/ozone/ozone/hadoop-ozone/integration-test/target/test-dir/MiniOzoneClusterImpl-3d3fab62-48bb-41e0-9886-50eb3b9e447a/datanode-2/data/ratis/d9497c8e-5e84-4d19-a56a-162e583a0177/in_use.lock acquired by nodename 9576@fv-az116-264
2021-09-17 14:21:19,783 [pool-306-thread-1] INFO  storage.RaftStorage (RaftStorageImpl.java:format(89)) - Storage directory /home/runner/work/ozone/ozone/hadoop-ozone/integration-test/target/test-dir/MiniOzoneClusterImpl-3d3fab62-48bb-41e0-9886-50eb3b9e447a/datanode-2/data/ratis/d9497c8e-5e84-4d19-a56a-162e583a0177 has been successfully formatted.
2021-09-17 14:21:19,783 [pool-306-thread-1] INFO  ratis.ContainerStateMachine (ContainerStateMachine.java:loadSnapshot(224)) - group-162E583A0177: The snapshot info is null. Setting the last applied indexto:(t:0, i:~)
2021-09-17 14:21:19,783 [pool-306-thread-1] INFO  server.RaftServerConfigKeys (ConfUtils.java:logGet(44)) - raft.server.notification.no-leader.timeout = 300s (custom)
2021-09-17 14:21:19,783 [pool-306-thread-1] INFO  server.RaftServerConfigKeys (ConfUtils.java:logGet(44)) - raft.server.log.use.memory = false (default)
2021-09-17 14:21:19,783 [pool-306-thread-1] INFO  server.RaftServerConfigKeys (ConfUtils.java:logGet(44)) - raft.server.log.purge.gap = 1000000 (custom)
2021-09-17 14:21:19,783 [pool-306-thread-1] INFO  server.RaftServerConfigKeys (ConfUtils.java:logGet(44)) - raft.server.log.appender.buffer.byte-limit = 33554432 (custom)
2021-09-17 14:21:19,784 [pool-306-thread-1] INFO  server.RaftServerConfigKeys (ConfUtils.java:logGet(44)) - raft.server.log.segment.size.max = 1048576 (custom)
2021-09-17 14:21:19,785 [pool-306-thread-1] INFO  server.RaftServerConfigKeys (ConfUtils.java:logGet(44)) - raft.server.log.segment.cache.num.max = 2 (custom)
2021-09-17 14:21:19,785 [pool-306-thread-1] INFO  server.RaftServerConfigKeys (ConfUtils.java:logGet(44)) - raft.server.log.segment.cache.size.max = 200MB (=209715200) (default)
2021-09-17 14:21:19,785 [pool-306-thread-1] INFO  segmented.SegmentedRaftLogWorker (SegmentedRaftLogWorker.java:<init>(182)) - new 11f3a05e-de29-47e4-b752-c1c53d1088e4@group-162E583A0177-SegmentedRaftLogWorker for RaftStorageImpl:Storage Directory /home/runner/work/ozone/ozone/hadoop-ozone/integration-test/target/test-dir/MiniOzoneClusterImpl-3d3fab62-48bb-41e0-9886-50eb3b9e447a/datanode-2/data/ratis/d9497c8e-5e84-4d19-a56a-162e583a0177
2021-09-17 14:21:19,785 [pool-306-thread-1] INFO  server.RaftServerConfigKeys (ConfUtils.java:logGet(44)) - raft.server.log.queue.byte-limit = 2147483647 (custom)
2021-09-17 14:21:19,785 [pool-306-thread-1] INFO  server.RaftServerConfigKeys (ConfUtils.java:logGet(44)) - raft.server.log.queue.element-limit = 1024 (custom)
2021-09-17 14:21:19,785 [pool-306-thread-1] INFO  server.RaftServerConfigKeys (ConfUtils.java:logGet(44)) - raft.server.log.segment.size.max = 1048576 (custom)
2021-09-17 14:21:19,785 [pool-306-thread-1] INFO  server.RaftServerConfigKeys (ConfUtils.java:logGet(44)) - raft.server.log.preallocated.size = 16384 (custom)
2021-09-17 14:21:19,785 [pool-306-thread-1] INFO  server.RaftServerConfigKeys (ConfUtils.java:logGet(44)) - raft.server.log.force.sync.num = 128 (default)
2021-09-17 14:21:19,785 [pool-306-thread-1] INFO  server.RaftServerConfigKeys (ConfUtils.java:logGet(44)) - raft.server.log.statemachine.data.sync = true (default)
2021-09-17 14:21:19,785 [pool-306-thread-1] INFO  server.RaftServerConfigKeys (ConfUtils.java:logGet(44)) - raft.server.log.statemachine.data.sync.timeout = 10s (default)
2021-09-17 14:21:19,785 [EventQueue-PipelineReportForPipelineReportHandler] INFO  pipeline.PipelineManagerImpl (PipelineManagerImpl.java:openPipeline(282)) - Pipeline Pipeline[ Id: d9497c8e-5e84-4d19-a56a-162e583a0177, Nodes: 11f3a05e-de29-47e4-b752-c1c53d1088e4{ip: 127.0.0.1, host: localhost, ports: [REPLICATION=41747, RATIS=41235, RATIS_ADMIN=41235, RATIS_SERVER=41235, STANDALONE=43719], networkLocation: /default-rack, certSerialId: null, persistedOpState: IN_SERVICE, persistedOpStateExpiryEpochSec: 0}, ReplicationConfig: RATIS/ONE, State:ALLOCATED, leaderId:11f3a05e-de29-47e4-b752-c1c53d1088e4, CreationTimestamp2021-09-17T14:21:16.780Z[Etc/UTC]] moved to OPEN state
2021-09-17 14:21:19,786 [EventQueue-PipelineReportForPipelineReportHandler] INFO  ha.SCMHAInvocationHandler (SCMHAInvocationHandler.java:invokeRatis(113)) - Invoking method public abstract void org.apache.hadoop.hdds.scm.pipeline.StateManager.updatePipelineState(org.apache.hadoop.hdds.protocol.proto.HddsProtos$PipelineID,org.apache.hadoop.hdds.protocol.proto.HddsProtos$PipelineState) throws java.io.IOException on target org.apache.hadoop.hdds.scm.ha.SCMRatisServerImpl@10c111bd, cost 222.702us
2021-09-17 14:21:19,785 [pool-306-thread-1] INFO  server.RaftServerConfigKeys (ConfUtils.java:logGet(44)) - raft.server.log.statemachine.data.sync.timeout.retry = -1 (default)
2021-09-17 14:21:19,787 [EventQueue-PipelineReportForPipelineReportHandler] INFO  pipeline.PipelineManagerImpl (PipelineManagerImpl.java:openPipeline(282)) - Pipeline Pipeline[ Id: d9497c8e-5e84-4d19-a56a-162e583a0177, Nodes: 11f3a05e-de29-47e4-b752-c1c53d1088e4{ip: 127.0.0.1, host: localhost, ports: [REPLICATION=41747, RATIS=41235, RATIS_ADMIN=41235, RATIS_SERVER=41235, STANDALONE=43719], networkLocation: /default-rack, certSerialId: null, persistedOpState: IN_SERVICE, persistedOpStateExpiryEpochSec: 0}, ReplicationConfig: RATIS/ONE, State:ALLOCATED, leaderId:11f3a05e-de29-47e4-b752-c1c53d1088e4, CreationTimestamp2021-09-17T14:21:16.780Z[Etc/UTC]] moved to OPEN state
2021-09-17 14:21:19,791 [pool-306-thread-1] INFO  server.RaftServerConfigKeys (ConfUtils.java:logGet(44)) - raft.server.log.write.buffer.size = 1048576 (custom)
2021-09-17 14:21:19,791 [pool-306-thread-1] INFO  server.RaftServerConfigKeys (ConfUtils.java:logGet(44)) - raft.server.log.statemachine.data.caching.enabled = true (custom)
2021-09-17 14:21:19,792 [pool-306-thread-1] INFO  segmented.SegmentedRaftLogWorker (SegmentedRaftLogWorker.java:lambda$new$0(133)) - 11f3a05e-de29-47e4-b752-c1c53d1088e4@group-162E583A0177-SegmentedRaftLogWorker: flushIndex: setUnconditionally 0 -> -1
2021-09-17 14:21:19,792 [pool-306-thread-1] INFO  segmented.SegmentedRaftLogWorker (SegmentedRaftLogWorker.java:lambda$new$0(133)) - 11f3a05e-de29-47e4-b752-c1c53d1088e4@group-162E583A0177-SegmentedRaftLogWorker: safeCacheEvictIndex: setUnconditionally 0 -> -1
2021-09-17 14:21:19,796 [pool-306-thread-1] INFO  server.RaftServerConfigKeys (ConfUtils.java:logGet(44)) - raft.server.snapshot.auto.trigger.enabled = true (custom)
2021-09-17 14:21:19,796 [pool-306-thread-1] INFO  server.RaftServerConfigKeys (ConfUtils.java:logGet(44)) - raft.server.snapshot.auto.trigger.threshold = 10000 (custom)
2021-09-17 14:21:19,796 [pool-306-thread-1] INFO  server.RaftServerConfigKeys (ConfUtils.java:logGet(44)) - raft.server.snapshot.retention.file.num = 5 (custom)
2021-09-17 14:21:19,796 [pool-306-thread-1] INFO  server.RaftServerConfigKeys (ConfUtils.java:logGet(44)) - raft.server.log.purge.upto.snapshot.index = false (default)
2021-09-17 14:21:19,801 [pool-306-thread-1] INFO  server.RaftServerConfigKeys (ConfUtils.java:logGet(44)) - raft.server.retrycache.expirytime = 600000ms (custom)
2021-09-17 14:21:19,801 [pool-306-thread-1] INFO  server.RaftServerConfigKeys (ConfUtils.java:logGet(44)) - raft.server.retrycache.statistics.expirytime = 100μs (default)
2021-09-17 14:21:19,802 [pool-306-thread-1] INFO  server.RaftServer$Division (RaftServerImpl.java:start(296)) - 11f3a05e-de29-47e4-b752-c1c53d1088e4@group-162E583A0177: start as a follower, conf=-1: [11f3a05e-de29-47e4-b752-c1c53d1088e4|rpc:127.0.0.1:41235|priority:1], old=null
2021-09-17 14:21:19,803 [pool-306-thread-1] INFO  server.RaftServer$Division (RaftServerImpl.java:setRole(285)) - 11f3a05e-de29-47e4-b752-c1c53d1088e4@group-162E583A0177: changes role from      null to FOLLOWER at term 0 for startAsFollower
2021-09-17 14:21:19,803 [pool-306-thread-1] INFO  impl.RoleInfo (RoleInfo.java:updateAndGet(130)) - 11f3a05e-de29-47e4-b752-c1c53d1088e4: start 11f3a05e-de29-47e4-b752-c1c53d1088e4@group-162E583A0177-FollowerState
2021-09-17 14:21:19,804 [b698c972-2c25-4917-bf85-656ee0b35a6d@group-50EB3B9E447A-StateMachineUpdater] INFO  ha.SCMStateMachine (SCMStateMachine.java:takeSnapshot(290)) - Current Snapshot Index 20, takeSnapshot took 0 ms
2021-09-17 14:21:19,809 [b698c972-2c25-4917-bf85-656ee0b35a6d@group-50EB3B9E447A-StateMachineUpdater] INFO  impl.StateMachineUpdater (StateMachineUpdater.java:takeSnapshot(281)) - b698c972-2c25-4917-bf85-656ee0b35a6d@group-50EB3B9E447A-StateMachineUpdater: Took a snapshot at index 20
2021-09-17 14:21:19,809 [b698c972-2c25-4917-bf85-656ee0b35a6d@group-50EB3B9E447A-StateMachineUpdater] INFO  impl.StateMachineUpdater (StateMachineUpdater.java:lambda$new$0(89)) - b698c972-2c25-4917-bf85-656ee0b35a6d@group-50EB3B9E447A-StateMachineUpdater: snapshotIndex: updateIncreasingly 15 -> 20
2021-09-17 14:21:19,809 [b698c972-2c25-4917-bf85-656ee0b35a6d@group-50EB3B9E447A-StateMachineUpdater] INFO  raftlog.RaftLog (RaftLogBase.java:purge(306)) - b698c972-2c25-4917-bf85-656ee0b35a6d@group-50EB3B9E447A-SegmentedRaftLog: purge 20
2021-09-17 14:21:19,809 [b698c972-2c25-4917-bf85-656ee0b35a6d@group-50EB3B9E447A-StateMachineUpdater] INFO  raftlog.RaftLog (RaftLogBase.java:lambda$new$0(53)) - b698c972-2c25-4917-bf85-656ee0b35a6d@group-50EB3B9E447A-SegmentedRaftLog: snapshotIndex: updateIncreasingly 15 -> 20
2021-09-17 14:21:19,809 [b698c972-2c25-4917-bf85-656ee0b35a6d@group-50EB3B9E447A-StateMachineUpdater] INFO  raftlog.RaftLog (RaftLogBase.java:lambda$new$0(53)) - b698c972-2c25-4917-bf85-656ee0b35a6d@group-50EB3B9E447A-SegmentedRaftLog: purgeIndex: updateToMax old=15, new=20, updated? true
2021-09-17 14:21:19,807 [pool-306-thread-1] INFO  util.JmxRegister (JmxRegister.java:tryRegister(44)) - Successfully registered JMX Bean with object name Ratis:service=RaftServer,group=group-162E583A0177,id=11f3a05e-de29-47e4-b752-c1c53d1088e4
2021-09-17 14:21:19,806 [62c51671-a275-468c-9a91-cfb1a6740248@group-50EB3B9E447A-StateMachineUpdater] INFO  safemode.HealthyPipelineSafeModeRule (HealthyPipelineSafeModeRule.java:initializeRule(152)) - Refreshed total pipeline count is 0, healthy pipeline threshold count is 1
2021-09-17 14:21:19,810 [EventQueue-PipelineReportForPipelineReportHandler] INFO  ha.SCMHAInvocationHandler (SCMHAInvocationHandler.java:invokeRatis(113)) - Invoking method public abstract void org.apache.hadoop.hdds.scm.pipeline.StateManager.updatePipelineState(org.apache.hadoop.hdds.protocol.proto.HddsProtos$PipelineID,org.apache.hadoop.hdds.protocol.proto.HddsProtos$PipelineState) throws java.io.IOException on target org.apache.hadoop.hdds.scm.ha.SCMRatisServerImpl@2af03325, cost 21885.911us
2021-09-17 14:21:19,810 [EventQueue-OpenPipelineForHealthyPipelineSafeModeRule] INFO  safemode.SCMSafeModeManager (HealthyPipelineSafeModeRule.java:process(124)) - SCM in safe mode. Healthy pipelines reported count is 0, required healthy pipeline reported count is 1
2021-09-17 14:21:19,810 [Command processor thread] INFO  ratis.XceiverServerRatis (XceiverServerRatis.java:addGroup(762)) - Created group PipelineID=d9497c8e-5e84-4d19-a56a-162e583a0177
2021-09-17 14:21:19,811 [Command processor thread] INFO  commandhandler.CreatePipelineCommandHandler (CreatePipelineCommandHandler.java:handle(106)) - Created Pipeline RATIS ONE PipelineID=d9497c8e-5e84-4d19-a56a-162e583a0177.
2021-09-17 14:21:19,826 [b698c972-2c25-4917-bf85-656ee0b35a6d@group-50EB3B9E447A-StateMachineUpdater] INFO  safemode.HealthyPipelineSafeModeRule (HealthyPipelineSafeModeRule.java:initializeRule(152)) - Refreshed total pipeline count is 0, healthy pipeline threshold count is 1
2021-09-17 14:21:19,963 [EndpointStateMachine task thread for /127.0.0.1:14615 - 0 ] INFO  ipc.Client (Client.java:handleConnectionFailure(977)) - Retrying connect to server: localhost/127.0.0.1:14615. Already tried 9 time(s); retry policy is RetryUpToMaximumCountWithFixedSleep(maxRetries=15, sleepTime=1000 MILLISECONDS)
2021-09-17 14:21:19,963 [EndpointStateMachine task thread for /127.0.0.1:14625 - 0 ] INFO  ipc.Client (Client.java:handleConnectionFailure(977)) - Retrying connect to server: localhost/127.0.0.1:14625. Already tried 9 time(s); retry policy is RetryUpToMaximumCountWithFixedSleep(maxRetries=15, sleepTime=1000 MILLISECONDS)
2021-09-17 14:21:20,322 [Datanode State Machine Thread - 0] ERROR datanode.RunningDatanodeState (RunningDatanodeState.java:computeNextContainerState(199)) - Error in executing end point task.
java.util.concurrent.ExecutionException: java.util.concurrent.TimeoutException
	at java.util.concurrent.FutureTask.report(FutureTask.java:122)
	at java.util.concurrent.FutureTask.get(FutureTask.java:192)
	at org.apache.hadoop.ozone.container.common.states.datanode.RunningDatanodeState.computeNextContainerState(RunningDatanodeState.java:191)
	at org.apache.hadoop.ozone.container.common.states.datanode.RunningDatanodeState.await(RunningDatanodeState.java:231)
	at org.apache.hadoop.ozone.container.common.states.datanode.RunningDatanodeState.await(RunningDatanodeState.java:50)
	at org.apache.hadoop.ozone.container.common.statemachine.StateContext.execute(StateContext.java:629)
	at org.apache.hadoop.ozone.container.common.statemachine.DatanodeStateMachine.start(DatanodeStateMachine.java:270)
	at org.apache.hadoop.ozone.container.common.statemachine.DatanodeStateMachine.lambda$startDaemon$0(DatanodeStateMachine.java:457)
	at java.lang.Thread.run(Thread.java:748)
Caused by: java.util.concurrent.TimeoutException
	at java.util.concurrent.FutureTask.get(FutureTask.java:205)
	at org.apache.hadoop.ozone.container.common.states.datanode.RunningDatanodeState.lambda$execute$0(RunningDatanodeState.java:149)
	at java.util.concurrent.FutureTask.run(FutureTask.java:266)
	at java.util.concurrent.Executors$RunnableAdapter.call(Executors.java:511)
	at java.util.concurrent.FutureTask.run(FutureTask.java:266)
	at java.util.concurrent.ThreadPoolExecutor.runWorker(ThreadPoolExecutor.java:1149)
	at java.util.concurrent.ThreadPoolExecutor$Worker.run(ThreadPoolExecutor.java:624)
	... 1 more
2021-09-17 14:21:20,541 [EndpointStateMachine task thread for /127.0.0.1:14605 - 0 ] INFO  ipc.Client (Client.java:handleConnectionFailure(977)) - Retrying connect to server: localhost/127.0.0.1:14605. Already tried 11 time(s); retry policy is RetryUpToMaximumCountWithFixedSleep(maxRetries=15, sleepTime=1000 MILLISECONDS)
2021-09-17 14:21:20,730 [Listener at 127.0.0.1/13392] INFO  ozone.MiniOzoneClusterImpl (MiniOzoneClusterImpl.java:lambda$waitForClusterToBeReady$0(235)) - Nodes are ready. Got 3 of 3 DN Heartbeats.
2021-09-17 14:21:20,730 [Listener at 127.0.0.1/13392] INFO  ozone.MiniOzoneClusterImpl (MiniOzoneClusterImpl.java:lambda$waitForClusterToBeReady$0(238)) - Waiting for cluster to exit safe mode
2021-09-17 14:21:20,730 [Listener at 127.0.0.1/13392] INFO  ozone.MiniOzoneClusterImpl (MiniOzoneClusterImpl.java:lambda$waitForClusterToBeReady$0(240)) - SCM became leader
2021-09-17 14:21:20,963 [EndpointStateMachine task thread for /127.0.0.1:14615 - 0 ] INFO  ipc.Client (Client.java:handleConnectionFailure(977)) - Retrying connect to server: localhost/127.0.0.1:14615. Already tried 10 time(s); retry policy is RetryUpToMaximumCountWithFixedSleep(maxRetries=15, sleepTime=1000 MILLISECONDS)
2021-09-17 14:21:20,964 [EndpointStateMachine task thread for /127.0.0.1:14625 - 0 ] INFO  ipc.Client (Client.java:handleConnectionFailure(977)) - Retrying connect to server: localhost/127.0.0.1:14625. Already tried 10 time(s); retry policy is RetryUpToMaximumCountWithFixedSleep(maxRetries=15, sleepTime=1000 MILLISECONDS)
2021-09-17 14:21:21,542 [EndpointStateMachine task thread for /127.0.0.1:14605 - 0 ] INFO  ipc.Client (Client.java:handleConnectionFailure(977)) - Retrying connect to server: localhost/127.0.0.1:14605. Already tried 12 time(s); retry policy is RetryUpToMaximumCountWithFixedSleep(maxRetries=15, sleepTime=1000 MILLISECONDS)
2021-09-17 14:21:21,731 [Listener at 127.0.0.1/13392] INFO  ozone.MiniOzoneClusterImpl (MiniOzoneClusterImpl.java:lambda$waitForClusterToBeReady$0(235)) - Nodes are ready. Got 3 of 3 DN Heartbeats.
2021-09-17 14:21:21,731 [Listener at 127.0.0.1/13392] INFO  ozone.MiniOzoneClusterImpl (MiniOzoneClusterImpl.java:lambda$waitForClusterToBeReady$0(238)) - Waiting for cluster to exit safe mode
2021-09-17 14:21:21,731 [Listener at 127.0.0.1/13392] INFO  ozone.MiniOzoneClusterImpl (MiniOzoneClusterImpl.java:lambda$waitForClusterToBeReady$0(240)) - SCM became leader
2021-09-17 14:21:21,964 [EndpointStateMachine task thread for /127.0.0.1:14615 - 0 ] INFO  ipc.Client (Client.java:handleConnectionFailure(977)) - Retrying connect to server: localhost/127.0.0.1:14615. Already tried 11 time(s); retry policy is RetryUpToMaximumCountWithFixedSleep(maxRetries=15, sleepTime=1000 MILLISECONDS)
2021-09-17 14:21:21,964 [EndpointStateMachine task thread for /127.0.0.1:14625 - 0 ] INFO  ipc.Client (Client.java:handleConnectionFailure(977)) - Retrying connect to server: localhost/127.0.0.1:14625. Already tried 11 time(s); retry policy is RetryUpToMaximumCountWithFixedSleep(maxRetries=15, sleepTime=1000 MILLISECONDS)
2021-09-17 14:21:22,176 [Datanode State Machine Thread - 0] ERROR datanode.RunningDatanodeState (RunningDatanodeState.java:computeNextContainerState(199)) - Error in executing end point task.
java.util.concurrent.ExecutionException: java.util.concurrent.TimeoutException
	at java.util.concurrent.FutureTask.report(FutureTask.java:122)
	at java.util.concurrent.FutureTask.get(FutureTask.java:192)
	at org.apache.hadoop.ozone.container.common.states.datanode.RunningDatanodeState.computeNextContainerState(RunningDatanodeState.java:191)
	at org.apache.hadoop.ozone.container.common.states.datanode.RunningDatanodeState.await(RunningDatanodeState.java:231)
	at org.apache.hadoop.ozone.container.common.states.datanode.RunningDatanodeState.await(RunningDatanodeState.java:50)
	at org.apache.hadoop.ozone.container.common.statemachine.StateContext.execute(StateContext.java:629)
	at org.apache.hadoop.ozone.container.common.statemachine.DatanodeStateMachine.start(DatanodeStateMachine.java:270)
	at org.apache.hadoop.ozone.container.common.statemachine.DatanodeStateMachine.lambda$startDaemon$0(DatanodeStateMachine.java:457)
	at java.lang.Thread.run(Thread.java:748)
Caused by: java.util.concurrent.TimeoutException
	at java.util.concurrent.FutureTask.get(FutureTask.java:205)
	at org.apache.hadoop.ozone.container.common.states.datanode.RunningDatanodeState.lambda$execute$0(RunningDatanodeState.java:149)
	at java.util.concurrent.FutureTask.run(FutureTask.java:266)
	at java.util.concurrent.Executors$RunnableAdapter.call(Executors.java:511)
	at java.util.concurrent.FutureTask.run(FutureTask.java:266)
	at java.util.concurrent.ThreadPoolExecutor.runWorker(ThreadPoolExecutor.java:1149)
	at java.util.concurrent.ThreadPoolExecutor$Worker.run(ThreadPoolExecutor.java:624)
	... 1 more
2021-09-17 14:21:22,542 [EndpointStateMachine task thread for /127.0.0.1:14605 - 0 ] INFO  ipc.Client (Client.java:handleConnectionFailure(977)) - Retrying connect to server: localhost/127.0.0.1:14605. Already tried 13 time(s); retry policy is RetryUpToMaximumCountWithFixedSleep(maxRetries=15, sleepTime=1000 MILLISECONDS)
2021-09-17 14:21:22,731 [Listener at 127.0.0.1/13392] INFO  ozone.MiniOzoneClusterImpl (MiniOzoneClusterImpl.java:lambda$waitForClusterToBeReady$0(235)) - Nodes are ready. Got 3 of 3 DN Heartbeats.
2021-09-17 14:21:22,732 [Listener at 127.0.0.1/13392] INFO  ozone.MiniOzoneClusterImpl (MiniOzoneClusterImpl.java:lambda$waitForClusterToBeReady$0(238)) - Waiting for cluster to exit safe mode
2021-09-17 14:21:22,732 [Listener at 127.0.0.1/13392] INFO  ozone.MiniOzoneClusterImpl (MiniOzoneClusterImpl.java:lambda$waitForClusterToBeReady$0(240)) - SCM became leader
2021-09-17 14:21:22,965 [EndpointStateMachine task thread for /127.0.0.1:14615 - 0 ] INFO  ipc.Client (Client.java:handleConnectionFailure(977)) - Retrying connect to server: localhost/127.0.0.1:14615. Already tried 12 time(s); retry policy is RetryUpToMaximumCountWithFixedSleep(maxRetries=15, sleepTime=1000 MILLISECONDS)
2021-09-17 14:21:22,965 [EndpointStateMachine task thread for /127.0.0.1:14625 - 0 ] INFO  ipc.Client (Client.java:handleConnectionFailure(977)) - Retrying connect to server: localhost/127.0.0.1:14625. Already tried 12 time(s); retry policy is RetryUpToMaximumCountWithFixedSleep(maxRetries=15, sleepTime=1000 MILLISECONDS)
2021-09-17 14:21:23,543 [EndpointStateMachine task thread for /127.0.0.1:14605 - 0 ] INFO  ipc.Client (Client.java:handleConnectionFailure(977)) - Retrying connect to server: localhost/127.0.0.1:14605. Already tried 14 time(s); retry policy is RetryUpToMaximumCountWithFixedSleep(maxRetries=15, sleepTime=1000 MILLISECONDS)
2021-09-17 14:21:23,732 [Listener at 127.0.0.1/13392] INFO  ozone.MiniOzoneClusterImpl (MiniOzoneClusterImpl.java:lambda$waitForClusterToBeReady$0(235)) - Nodes are ready. Got 3 of 3 DN Heartbeats.
2021-09-17 14:21:23,732 [Listener at 127.0.0.1/13392] INFO  ozone.MiniOzoneClusterImpl (MiniOzoneClusterImpl.java:lambda$waitForClusterToBeReady$0(238)) - Waiting for cluster to exit safe mode
2021-09-17 14:21:23,732 [Listener at 127.0.0.1/13392] INFO  ozone.MiniOzoneClusterImpl (MiniOzoneClusterImpl.java:lambda$waitForClusterToBeReady$0(240)) - SCM became leader
2021-09-17 14:21:23,764 [6808a34f-0e94-4674-bd8e-337a9d1c35af@group-4C24F9D33030-FollowerState] INFO  impl.FollowerState (FollowerState.java:run(134)) - 6808a34f-0e94-4674-bd8e-337a9d1c35af@group-4C24F9D33030-FollowerState: change to CANDIDATE, lastRpcElapsedTime:5022095262ns, electionTimeout:5021ms
2021-09-17 14:21:23,764 [6808a34f-0e94-4674-bd8e-337a9d1c35af@group-4C24F9D33030-FollowerState] INFO  impl.RoleInfo (RoleInfo.java:shutdownFollowerState(108)) - 6808a34f-0e94-4674-bd8e-337a9d1c35af: shutdown 6808a34f-0e94-4674-bd8e-337a9d1c35af@group-4C24F9D33030-FollowerState
2021-09-17 14:21:23,765 [6808a34f-0e94-4674-bd8e-337a9d1c35af@group-4C24F9D33030-FollowerState] INFO  server.RaftServer$Division (RaftServerImpl.java:setRole(285)) - 6808a34f-0e94-4674-bd8e-337a9d1c35af@group-4C24F9D33030: changes role from  FOLLOWER to CANDIDATE at term 0 for changeToCandidate
2021-09-17 14:21:23,765 [6808a34f-0e94-4674-bd8e-337a9d1c35af@group-4C24F9D33030-FollowerState] INFO  server.RaftServerConfigKeys (ConfUtils.java:logGet(44)) - raft.server.leaderelection.pre-vote = false (custom)
2021-09-17 14:21:23,765 [6808a34f-0e94-4674-bd8e-337a9d1c35af@group-4C24F9D33030-FollowerState] INFO  impl.RoleInfo (RoleInfo.java:updateAndGet(130)) - 6808a34f-0e94-4674-bd8e-337a9d1c35af: start 6808a34f-0e94-4674-bd8e-337a9d1c35af@group-4C24F9D33030-LeaderElection13
2021-09-17 14:21:23,786 [Datanode State Machine Thread - 0] ERROR datanode.RunningDatanodeState (RunningDatanodeState.java:computeNextContainerState(199)) - Error in executing end point task.
java.util.concurrent.ExecutionException: java.util.concurrent.TimeoutException
	at java.util.concurrent.FutureTask.report(FutureTask.java:122)
	at java.util.concurrent.FutureTask.get(FutureTask.java:192)
	at org.apache.hadoop.ozone.container.common.states.datanode.RunningDatanodeState.computeNextContainerState(RunningDatanodeState.java:191)
	at org.apache.hadoop.ozone.container.common.states.datanode.RunningDatanodeState.await(RunningDatanodeState.java:231)
	at org.apache.hadoop.ozone.container.common.states.datanode.RunningDatanodeState.await(RunningDatanodeState.java:50)
	at org.apache.hadoop.ozone.container.common.statemachine.StateContext.execute(StateContext.java:629)
	at org.apache.hadoop.ozone.container.common.statemachine.DatanodeStateMachine.start(DatanodeStateMachine.java:270)
	at org.apache.hadoop.ozone.container.common.statemachine.DatanodeStateMachine.lambda$startDaemon$0(DatanodeStateMachine.java:457)
	at java.lang.Thread.run(Thread.java:748)
Caused by: java.util.concurrent.TimeoutException
	at java.util.concurrent.FutureTask.get(FutureTask.java:205)
	at org.apache.hadoop.ozone.container.common.states.datanode.RunningDatanodeState.lambda$execute$0(RunningDatanodeState.java:149)
	at java.util.concurrent.FutureTask.run(FutureTask.java:266)
	at java.util.concurrent.Executors$RunnableAdapter.call(Executors.java:511)
	at java.util.concurrent.FutureTask.run(FutureTask.java:266)
	at java.util.concurrent.ThreadPoolExecutor.runWorker(ThreadPoolExecutor.java:1149)
	at java.util.concurrent.ThreadPoolExecutor$Worker.run(ThreadPoolExecutor.java:624)
	... 1 more
2021-09-17 14:21:23,794 [6808a34f-0e94-4674-bd8e-337a9d1c35af@group-4C24F9D33030-LeaderElection13] INFO  impl.LeaderElection (LeaderElection.java:askForVotes(306)) - 6808a34f-0e94-4674-bd8e-337a9d1c35af@group-4C24F9D33030-LeaderElection13 ELECTION round 0: submit vote requests at term 1 for -1: [6808a34f-0e94-4674-bd8e-337a9d1c35af|rpc:127.0.0.1:41481|priority:1], old=null
2021-09-17 14:21:23,794 [6808a34f-0e94-4674-bd8e-337a9d1c35af@group-4C24F9D33030-LeaderElection13] INFO  impl.LeaderElection (LeaderElection.java:askForVotes(308)) - 6808a34f-0e94-4674-bd8e-337a9d1c35af@group-4C24F9D33030-LeaderElection13 ELECTION round 0: result PASSED (term=1)
2021-09-17 14:21:23,794 [6808a34f-0e94-4674-bd8e-337a9d1c35af@group-4C24F9D33030-LeaderElection13] INFO  impl.RoleInfo (RoleInfo.java:shutdownLeaderElection(121)) - 6808a34f-0e94-4674-bd8e-337a9d1c35af: shutdown 6808a34f-0e94-4674-bd8e-337a9d1c35af@group-4C24F9D33030-LeaderElection13
2021-09-17 14:21:23,794 [6808a34f-0e94-4674-bd8e-337a9d1c35af@group-4C24F9D33030-LeaderElection13] INFO  server.RaftServer$Division (RaftServerImpl.java:setRole(285)) - 6808a34f-0e94-4674-bd8e-337a9d1c35af@group-4C24F9D33030: changes role from CANDIDATE to LEADER at term 1 for changeToLeader
2021-09-17 14:21:23,794 [6808a34f-0e94-4674-bd8e-337a9d1c35af@group-4C24F9D33030-LeaderElection13] INFO  ratis.XceiverServerRatis (XceiverServerRatis.java:handleLeaderChangedNotification(860)) - Leader change notification received for group: group-4C24F9D33030 with new leaderId: 6808a34f-0e94-4674-bd8e-337a9d1c35af
2021-09-17 14:21:23,794 [6808a34f-0e94-4674-bd8e-337a9d1c35af@group-4C24F9D33030-LeaderElection13] INFO  server.RaftServer$Division (ServerState.java:setLeader(285)) - 6808a34f-0e94-4674-bd8e-337a9d1c35af@group-4C24F9D33030: change Leader from null to 6808a34f-0e94-4674-bd8e-337a9d1c35af at term 1 for becomeLeader, leader elected after 5060ms
2021-09-17 14:21:23,795 [6808a34f-0e94-4674-bd8e-337a9d1c35af@group-4C24F9D33030-LeaderElection13] INFO  server.RaftServerConfigKeys (ConfUtils.java:logGet(44)) - raft.server.staging.catchup.gap = 1000 (default)
2021-09-17 14:21:23,796 [EventQueue-OpenPipelineForHealthyPipelineSafeModeRule] INFO  safemode.SCMSafeModeManager (HealthyPipelineSafeModeRule.java:process(124)) - SCM in safe mode. Healthy pipelines reported count is 0, required healthy pipeline reported count is 1
2021-09-17 14:21:23,796 [EventQueue-OpenPipelineForHealthyPipelineSafeModeRule] INFO  safemode.SCMSafeModeManager (HealthyPipelineSafeModeRule.java:process(124)) - SCM in safe mode. Healthy pipelines reported count is 0, required healthy pipeline reported count is 1
2021-09-17 14:21:23,804 [6808a34f-0e94-4674-bd8e-337a9d1c35af@group-4C24F9D33030-LeaderElection13] INFO  server.RaftServerConfigKeys (ConfUtils.java:logGet(44)) - raft.server.write.element-limit = 1024 (custom)
2021-09-17 14:21:23,804 [6808a34f-0e94-4674-bd8e-337a9d1c35af@group-4C24F9D33030-LeaderElection13] INFO  server.RaftServerConfigKeys (ConfUtils.java:logGet(44)) - raft.server.write.byte-limit = 1024 M (=1073741824) (custom)
2021-09-17 14:21:23,805 [6808a34f-0e94-4674-bd8e-337a9d1c35af@group-4C24F9D33030-LeaderElection13] INFO  server.RaftServerConfigKeys (ConfUtils.java:logGet(44)) - raft.server.watch.timeout = 180s (custom)
2021-09-17 14:21:23,806 [6808a34f-0e94-4674-bd8e-337a9d1c35af@group-4C24F9D33030-LeaderElection13] INFO  server.RaftServerConfigKeys (ConfUtils.java:logGet(44)) - raft.server.watch.timeout.denomination = 1s (default)
2021-09-17 14:21:23,806 [6808a34f-0e94-4674-bd8e-337a9d1c35af@group-4C24F9D33030-LeaderElection13] INFO  server.RaftServerConfigKeys (ConfUtils.java:logGet(44)) - raft.server.watch.element-limit = 65536 (default)
2021-09-17 14:21:23,806 [6808a34f-0e94-4674-bd8e-337a9d1c35af@group-4C24F9D33030-LeaderElection13] INFO  impl.RoleInfo (RoleInfo.java:updateAndGet(130)) - 6808a34f-0e94-4674-bd8e-337a9d1c35af: start 6808a34f-0e94-4674-bd8e-337a9d1c35af@group-4C24F9D33030-LeaderStateImpl
2021-09-17 14:21:23,806 [6808a34f-0e94-4674-bd8e-337a9d1c35af@group-4C24F9D33030-LeaderElection13] INFO  segmented.SegmentedRaftLogWorker (SegmentedRaftLogWorker.java:startLogSegment(394)) - 6808a34f-0e94-4674-bd8e-337a9d1c35af@group-4C24F9D33030-SegmentedRaftLogWorker: Starting segment from index:0
2021-09-17 14:21:23,808 [6808a34f-0e94-4674-bd8e-337a9d1c35af@group-4C24F9D33030-SegmentedRaftLogWorker] INFO  segmented.SegmentedRaftLogWorker (SegmentedRaftLogWorker.java:execute(601)) - 6808a34f-0e94-4674-bd8e-337a9d1c35af@group-4C24F9D33030-SegmentedRaftLogWorker: created new log segment /home/runner/work/ozone/ozone/hadoop-ozone/integration-test/target/test-dir/MiniOzoneClusterImpl-3d3fab62-48bb-41e0-9886-50eb3b9e447a/datanode-0/data/ratis/d95b866c-e797-4049-9c12-4c24f9d33030/current/log_inprogress_0
2021-09-17 14:21:23,820 [6808a34f-0e94-4674-bd8e-337a9d1c35af@group-4C24F9D33030-LeaderElection13] INFO  server.RaftServer$Division (ServerState.java:setRaftConf(387)) - 6808a34f-0e94-4674-bd8e-337a9d1c35af@group-4C24F9D33030: set configuration 0: [6808a34f-0e94-4674-bd8e-337a9d1c35af|rpc:127.0.0.1:41481|dataStream:|priority:1], old=null
2021-09-17 14:21:23,891 [6808a34f-0e94-4674-bd8e-337a9d1c35af@group-CC9A49073812-FollowerState] INFO  impl.FollowerState (FollowerState.java:run(134)) - 6808a34f-0e94-4674-bd8e-337a9d1c35af@group-CC9A49073812-FollowerState: change to CANDIDATE, lastRpcElapsedTime:5057246341ns, electionTimeout:5043ms
2021-09-17 14:21:23,891 [6808a34f-0e94-4674-bd8e-337a9d1c35af@group-CC9A49073812-FollowerState] INFO  impl.RoleInfo (RoleInfo.java:shutdownFollowerState(108)) - 6808a34f-0e94-4674-bd8e-337a9d1c35af: shutdown 6808a34f-0e94-4674-bd8e-337a9d1c35af@group-CC9A49073812-FollowerState
2021-09-17 14:21:23,891 [6808a34f-0e94-4674-bd8e-337a9d1c35af@group-CC9A49073812-FollowerState] INFO  server.RaftServer$Division (RaftServerImpl.java:setRole(285)) - 6808a34f-0e94-4674-bd8e-337a9d1c35af@group-CC9A49073812: changes role from  FOLLOWER to CANDIDATE at term 0 for changeToCandidate
2021-09-17 14:21:23,892 [6808a34f-0e94-4674-bd8e-337a9d1c35af@group-CC9A49073812-FollowerState] INFO  server.RaftServerConfigKeys (ConfUtils.java:logGet(44)) - raft.server.leaderelection.pre-vote = false (custom)
2021-09-17 14:21:23,892 [6808a34f-0e94-4674-bd8e-337a9d1c35af@group-CC9A49073812-FollowerState] INFO  impl.RoleInfo (RoleInfo.java:updateAndGet(130)) - 6808a34f-0e94-4674-bd8e-337a9d1c35af: start 6808a34f-0e94-4674-bd8e-337a9d1c35af@group-CC9A49073812-LeaderElection14
2021-09-17 14:21:23,915 [6808a34f-0e94-4674-bd8e-337a9d1c35af@group-CC9A49073812-LeaderElection14] INFO  impl.LeaderElection (LeaderElection.java:askForVotes(306)) - 6808a34f-0e94-4674-bd8e-337a9d1c35af@group-CC9A49073812-LeaderElection14 ELECTION round 0: submit vote requests at term 1 for -1: [6808a34f-0e94-4674-bd8e-337a9d1c35af|rpc:127.0.0.1:41481|priority:1, 11f3a05e-de29-47e4-b752-c1c53d1088e4|rpc:127.0.0.1:41235|priority:0, 8721df37-0cb6-4aed-9ac1-08c1f74757c7|rpc:127.0.0.1:39603|priority:0], old=null
2021-09-17 14:21:23,931 [grpc-default-executor-1] INFO  server.RaftServer$Division (RaftServerImpl.java:requestVote(1043)) - 11f3a05e-de29-47e4-b752-c1c53d1088e4@group-CC9A49073812: receive requestVote(ELECTION, 6808a34f-0e94-4674-bd8e-337a9d1c35af, group-CC9A49073812, 1, (t:0, i:0))
2021-09-17 14:21:23,931 [grpc-default-executor-1] INFO  impl.VoteContext (VoteContext.java:log(48)) - 11f3a05e-de29-47e4-b752-c1c53d1088e4@group-CC9A49073812-FOLLOWER: accept ELECTION from 6808a34f-0e94-4674-bd8e-337a9d1c35af: our priority 0 <= candidate's priority 1
2021-09-17 14:21:23,931 [grpc-default-executor-1] INFO  server.RaftServer$Division (RaftServerImpl.java:setRole(285)) - 11f3a05e-de29-47e4-b752-c1c53d1088e4@group-CC9A49073812: changes role from  FOLLOWER to FOLLOWER at term 1 for candidate:6808a34f-0e94-4674-bd8e-337a9d1c35af
2021-09-17 14:21:23,931 [grpc-default-executor-1] INFO  impl.RoleInfo (RoleInfo.java:shutdownFollowerState(108)) - 11f3a05e-de29-47e4-b752-c1c53d1088e4: shutdown 11f3a05e-de29-47e4-b752-c1c53d1088e4@group-CC9A49073812-FollowerState
2021-09-17 14:21:23,932 [grpc-default-executor-1] INFO  impl.RoleInfo (RoleInfo.java:updateAndGet(130)) - 11f3a05e-de29-47e4-b752-c1c53d1088e4: start 11f3a05e-de29-47e4-b752-c1c53d1088e4@group-CC9A49073812-FollowerState
2021-09-17 14:21:23,936 [11f3a05e-de29-47e4-b752-c1c53d1088e4@group-CC9A49073812-FollowerState] INFO  impl.FollowerState (FollowerState.java:run(143)) - 11f3a05e-de29-47e4-b752-c1c53d1088e4@group-CC9A49073812-FollowerState was interrupted: {}
java.lang.InterruptedException: sleep interrupted
	at java.lang.Thread.sleep(Native Method)
	at java.lang.Thread.sleep(Thread.java:340)
	at java.util.concurrent.TimeUnit.sleep(TimeUnit.java:386)
	at org.apache.ratis.util.TimeDuration.sleep(TimeDuration.java:324)
	at org.apache.ratis.util.TimeDuration.sleep(TimeDuration.java:309)
	at org.apache.ratis.server.impl.FollowerState.run(FollowerState.java:118)
2021-09-17 14:21:23,940 [grpc-default-executor-1] INFO  server.RaftServer$Division (RaftServerImpl.java:requestVote(1075)) - 11f3a05e-de29-47e4-b752-c1c53d1088e4@group-CC9A49073812 replies to ELECTION vote request: 6808a34f-0e94-4674-bd8e-337a9d1c35af<-11f3a05e-de29-47e4-b752-c1c53d1088e4#0:OK-t1. Peer's state: 11f3a05e-de29-47e4-b752-c1c53d1088e4@group-CC9A49073812:t1, leader=null, voted=6808a34f-0e94-4674-bd8e-337a9d1c35af, raftlog=11f3a05e-de29-47e4-b752-c1c53d1088e4@group-CC9A49073812-SegmentedRaftLog:OPENED:c-1,f-1,i0, conf=-1: [6808a34f-0e94-4674-bd8e-337a9d1c35af|rpc:127.0.0.1:41481|dataStream:|priority:1, 11f3a05e-de29-47e4-b752-c1c53d1088e4|rpc:127.0.0.1:41235|dataStream:|priority:0, 8721df37-0cb6-4aed-9ac1-08c1f74757c7|rpc:127.0.0.1:39603|dataStream:|priority:0], old=null
2021-09-17 14:21:23,944 [6808a34f-0e94-4674-bd8e-337a9d1c35af@group-CC9A49073812-LeaderElection14] INFO  impl.LeaderElection (LeaderElection.java:logAndReturn(89)) - 6808a34f-0e94-4674-bd8e-337a9d1c35af@group-CC9A49073812-LeaderElection14: ELECTION PASSED received 1 response(s) and 0 exception(s):
2021-09-17 14:21:23,944 [6808a34f-0e94-4674-bd8e-337a9d1c35af@group-CC9A49073812-LeaderElection14] INFO  impl.LeaderElection (LeaderElection.java:logAndReturn(93)) -   Response 0: 6808a34f-0e94-4674-bd8e-337a9d1c35af<-11f3a05e-de29-47e4-b752-c1c53d1088e4#0:OK-t1
2021-09-17 14:21:23,944 [6808a34f-0e94-4674-bd8e-337a9d1c35af@group-CC9A49073812-LeaderElection14] INFO  impl.LeaderElection (LeaderElection.java:askForVotes(308)) - 6808a34f-0e94-4674-bd8e-337a9d1c35af@group-CC9A49073812-LeaderElection14 ELECTION round 0: result PASSED
2021-09-17 14:21:23,944 [6808a34f-0e94-4674-bd8e-337a9d1c35af@group-CC9A49073812-LeaderElection14] INFO  impl.RoleInfo (RoleInfo.java:shutdownLeaderElection(121)) - 6808a34f-0e94-4674-bd8e-337a9d1c35af: shutdown 6808a34f-0e94-4674-bd8e-337a9d1c35af@group-CC9A49073812-LeaderElection14
2021-09-17 14:21:23,944 [6808a34f-0e94-4674-bd8e-337a9d1c35af@group-CC9A49073812-LeaderElection14] INFO  server.RaftServer$Division (RaftServerImpl.java:setRole(285)) - 6808a34f-0e94-4674-bd8e-337a9d1c35af@group-CC9A49073812: changes role from CANDIDATE to LEADER at term 1 for changeToLeader
2021-09-17 14:21:23,944 [6808a34f-0e94-4674-bd8e-337a9d1c35af@group-CC9A49073812-LeaderElection14] INFO  ratis.XceiverServerRatis (XceiverServerRatis.java:handleLeaderChangedNotification(860)) - Leader change notification received for group: group-CC9A49073812 with new leaderId: 6808a34f-0e94-4674-bd8e-337a9d1c35af
2021-09-17 14:21:23,945 [6808a34f-0e94-4674-bd8e-337a9d1c35af@group-CC9A49073812-LeaderElection14] INFO  server.RaftServer$Division (ServerState.java:setLeader(285)) - 6808a34f-0e94-4674-bd8e-337a9d1c35af@group-CC9A49073812: change Leader from null to 6808a34f-0e94-4674-bd8e-337a9d1c35af at term 1 for becomeLeader, leader elected after 5137ms
2021-09-17 14:21:23,945 [6808a34f-0e94-4674-bd8e-337a9d1c35af@group-CC9A49073812-LeaderElection14] INFO  server.RaftServerConfigKeys (ConfUtils.java:logGet(44)) - raft.server.staging.catchup.gap = 1000 (default)
2021-09-17 14:21:23,945 [6808a34f-0e94-4674-bd8e-337a9d1c35af@group-CC9A49073812-LeaderElection14] INFO  server.RaftServerConfigKeys (ConfUtils.java:logGet(44)) - raft.server.write.element-limit = 1024 (custom)
2021-09-17 14:21:23,945 [6808a34f-0e94-4674-bd8e-337a9d1c35af@group-CC9A49073812-LeaderElection14] INFO  server.RaftServerConfigKeys (ConfUtils.java:logGet(44)) - raft.server.write.byte-limit = 1024 M (=1073741824) (custom)
2021-09-17 14:21:23,945 [6808a34f-0e94-4674-bd8e-337a9d1c35af@group-CC9A49073812-LeaderElection14] INFO  server.RaftServerConfigKeys (ConfUtils.java:logGet(44)) - raft.server.watch.timeout = 180s (custom)
2021-09-17 14:21:23,945 [6808a34f-0e94-4674-bd8e-337a9d1c35af@group-CC9A49073812-LeaderElection14] INFO  server.RaftServerConfigKeys (ConfUtils.java:logGet(44)) - raft.server.watch.timeout.denomination = 1s (default)
2021-09-17 14:21:23,945 [6808a34f-0e94-4674-bd8e-337a9d1c35af@group-CC9A49073812-LeaderElection14] INFO  server.RaftServerConfigKeys (ConfUtils.java:logGet(44)) - raft.server.watch.element-limit = 65536 (default)
2021-09-17 14:21:23,945 [6808a34f-0e94-4674-bd8e-337a9d1c35af@group-CC9A49073812-LeaderElection14] INFO  server.RaftServerConfigKeys (ConfUtils.java:logGet(44)) - raft.server.log.appender.snapshot.chunk.size.max = 16MB (=16777216) (default)
2021-09-17 14:21:23,946 [6808a34f-0e94-4674-bd8e-337a9d1c35af@group-CC9A49073812-LeaderElection14] INFO  server.RaftServerConfigKeys (ConfUtils.java:logGet(44)) - raft.server.log.appender.buffer.byte-limit = 33554432 (custom)
2021-09-17 14:21:23,946 [6808a34f-0e94-4674-bd8e-337a9d1c35af@group-CC9A49073812-LeaderElection14] INFO  server.RaftServerConfigKeys (ConfUtils.java:logGet(44)) - raft.server.log.appender.buffer.element-limit = 1 (custom)
2021-09-17 14:21:23,946 [6808a34f-0e94-4674-bd8e-337a9d1c35af@group-CC9A49073812-LeaderElection14] INFO  grpc.GrpcConfigKeys (ConfUtils.java:logGet(44)) - raft.grpc.server.leader.outstanding.appends.max = 128 (default)
2021-09-17 14:21:23,946 [6808a34f-0e94-4674-bd8e-337a9d1c35af@group-CC9A49073812-LeaderElection14] INFO  server.RaftServerConfigKeys (ConfUtils.java:logGet(44)) - raft.server.rpc.request.timeout = 60s (custom)
2021-09-17 14:21:23,946 [6808a34f-0e94-4674-bd8e-337a9d1c35af@group-CC9A49073812-LeaderElection14] INFO  server.RaftServerConfigKeys (ConfUtils.java:logGet(44)) - raft.server.log.appender.install.snapshot.enabled = false (custom)
2021-09-17 14:21:23,947 [6808a34f-0e94-4674-bd8e-337a9d1c35af@group-CC9A49073812-LeaderElection14] INFO  server.RaftServerConfigKeys (ConfUtils.java:logGet(44)) - raft.server.log.appender.snapshot.chunk.size.max = 16MB (=16777216) (default)
2021-09-17 14:21:23,947 [6808a34f-0e94-4674-bd8e-337a9d1c35af@group-CC9A49073812-LeaderElection14] INFO  server.RaftServerConfigKeys (ConfUtils.java:logGet(44)) - raft.server.log.appender.buffer.byte-limit = 33554432 (custom)
2021-09-17 14:21:23,947 [6808a34f-0e94-4674-bd8e-337a9d1c35af@group-CC9A49073812-LeaderElection14] INFO  server.RaftServerConfigKeys (ConfUtils.java:logGet(44)) - raft.server.log.appender.buffer.element-limit = 1 (custom)
2021-09-17 14:21:23,947 [6808a34f-0e94-4674-bd8e-337a9d1c35af@group-CC9A49073812-LeaderElection14] INFO  grpc.GrpcConfigKeys (ConfUtils.java:logGet(44)) - raft.grpc.server.leader.outstanding.appends.max = 128 (default)
2021-09-17 14:21:23,947 [6808a34f-0e94-4674-bd8e-337a9d1c35af@group-CC9A49073812-LeaderElection14] INFO  server.RaftServerConfigKeys (ConfUtils.java:logGet(44)) - raft.server.rpc.request.timeout = 60s (custom)
2021-09-17 14:21:23,947 [6808a34f-0e94-4674-bd8e-337a9d1c35af@group-CC9A49073812-LeaderElection14] INFO  server.RaftServerConfigKeys (ConfUtils.java:logGet(44)) - raft.server.log.appender.install.snapshot.enabled = false (custom)
2021-09-17 14:21:23,950 [EventQueue-PipelineReportForPipelineReportHandler] INFO  pipeline.PipelineManagerImpl (PipelineManagerImpl.java:openPipeline(282)) - Pipeline Pipeline[ Id: 6a965249-5bad-4878-9cfc-cc9a49073812, Nodes: 11f3a05e-de29-47e4-b752-c1c53d1088e4{ip: 127.0.0.1, host: localhost, ports: [REPLICATION=41747, RATIS=41235, RATIS_ADMIN=41235, RATIS_SERVER=41235, STANDALONE=43719], networkLocation: /default-rack, certSerialId: null, persistedOpState: IN_SERVICE, persistedOpStateExpiryEpochSec: 0}8721df37-0cb6-4aed-9ac1-08c1f74757c7{ip: 127.0.0.1, host: localhost, ports: [REPLICATION=44115, RATIS=39603, RATIS_ADMIN=39603, RATIS_SERVER=39603, STANDALONE=41251], networkLocation: /default-rack, certSerialId: null, persistedOpState: IN_SERVICE, persistedOpStateExpiryEpochSec: 0}6808a34f-0e94-4674-bd8e-337a9d1c35af{ip: 127.0.0.1, host: localhost, ports: [REPLICATION=44843, RATIS=41481, RATIS_ADMIN=41481, RATIS_SERVER=41481, STANDALONE=35287], networkLocation: /default-rack, certSerialId: null, persistedOpState: IN_SERVICE, persistedOpStateExpiryEpochSec: 0}, ReplicationConfig: RATIS/THREE, State:ALLOCATED, leaderId:6808a34f-0e94-4674-bd8e-337a9d1c35af, CreationTimestamp2021-09-17T14:21:16.806Z[Etc/UTC]] moved to OPEN state
2021-09-17 14:21:23,951 [EventQueue-PipelineReportForPipelineReportHandler] INFO  ha.SCMHAInvocationHandler (SCMHAInvocationHandler.java:invokeRatis(113)) - Invoking method public abstract void org.apache.hadoop.hdds.scm.pipeline.StateManager.updatePipelineState(org.apache.hadoop.hdds.protocol.proto.HddsProtos$PipelineID,org.apache.hadoop.hdds.protocol.proto.HddsProtos$PipelineState) throws java.io.IOException on target org.apache.hadoop.hdds.scm.ha.SCMRatisServerImpl@10c111bd, cost 235.601us
2021-09-17 14:21:23,950 [EventQueue-PipelineReportForPipelineReportHandler] INFO  pipeline.PipelineManagerImpl (PipelineManagerImpl.java:openPipeline(282)) - Pipeline Pipeline[ Id: 6a965249-5bad-4878-9cfc-cc9a49073812, Nodes: 11f3a05e-de29-47e4-b752-c1c53d1088e4{ip: 127.0.0.1, host: localhost, ports: [REPLICATION=41747, RATIS=41235, RATIS_ADMIN=41235, RATIS_SERVER=41235, STANDALONE=43719], networkLocation: /default-rack, certSerialId: null, persistedOpState: IN_SERVICE, persistedOpStateExpiryEpochSec: 0}8721df37-0cb6-4aed-9ac1-08c1f74757c7{ip: 127.0.0.1, host: localhost, ports: [REPLICATION=44115, RATIS=39603, RATIS_ADMIN=39603, RATIS_SERVER=39603, STANDALONE=41251], networkLocation: /default-rack, certSerialId: null, persistedOpState: IN_SERVICE, persistedOpStateExpiryEpochSec: 0}6808a34f-0e94-4674-bd8e-337a9d1c35af{ip: 127.0.0.1, host: localhost, ports: [REPLICATION=44843, RATIS=41481, RATIS_ADMIN=41481, RATIS_SERVER=41481, STANDALONE=35287], networkLocation: /default-rack, certSerialId: null, persistedOpState: IN_SERVICE, persistedOpStateExpiryEpochSec: 0}, ReplicationConfig: RATIS/THREE, State:ALLOCATED, leaderId:6808a34f-0e94-4674-bd8e-337a9d1c35af, CreationTimestamp2021-09-17T14:21:16.806Z[Etc/UTC]] moved to OPEN state
2021-09-17 14:21:23,951 [EventQueue-OpenPipelineForHealthyPipelineSafeModeRule] INFO  safemode.SCMSafeModeManager (HealthyPipelineSafeModeRule.java:process(124)) - SCM in safe mode. Healthy pipelines reported count is 0, required healthy pipeline reported count is 1
2021-09-17 14:21:23,959 [6808a34f-0e94-4674-bd8e-337a9d1c35af@group-CC9A49073812-LeaderElection14] INFO  impl.RoleInfo (RoleInfo.java:updateAndGet(130)) - 6808a34f-0e94-4674-bd8e-337a9d1c35af: start 6808a34f-0e94-4674-bd8e-337a9d1c35af@group-CC9A49073812-LeaderStateImpl
2021-09-17 14:21:23,965 [6808a34f-0e94-4674-bd8e-337a9d1c35af@group-CC9A49073812-LeaderElection14] INFO  segmented.SegmentedRaftLogWorker (SegmentedRaftLogWorker.java:startLogSegment(394)) - 6808a34f-0e94-4674-bd8e-337a9d1c35af@group-CC9A49073812-SegmentedRaftLogWorker: Starting segment from index:0
2021-09-17 14:21:23,965 [EndpointStateMachine task thread for /127.0.0.1:14625 - 0 ] INFO  ipc.Client (Client.java:handleConnectionFailure(977)) - Retrying connect to server: localhost/127.0.0.1:14625. Already tried 13 time(s); retry policy is RetryUpToMaximumCountWithFixedSleep(maxRetries=15, sleepTime=1000 MILLISECONDS)
2021-09-17 14:21:23,967 [EndpointStateMachine task thread for /127.0.0.1:14615 - 0 ] INFO  ipc.Client (Client.java:handleConnectionFailure(977)) - Retrying connect to server: localhost/127.0.0.1:14615. Already tried 13 time(s); retry policy is RetryUpToMaximumCountWithFixedSleep(maxRetries=15, sleepTime=1000 MILLISECONDS)
2021-09-17 14:21:23,964 [grpc-default-executor-2] INFO  server.RaftServer$Division (RaftServerImpl.java:requestVote(1043)) - 8721df37-0cb6-4aed-9ac1-08c1f74757c7@group-CC9A49073812: receive requestVote(ELECTION, 6808a34f-0e94-4674-bd8e-337a9d1c35af, group-CC9A49073812, 1, (t:0, i:0))
2021-09-17 14:21:23,967 [grpc-default-executor-2] INFO  impl.VoteContext (VoteContext.java:log(48)) - 8721df37-0cb6-4aed-9ac1-08c1f74757c7@group-CC9A49073812-FOLLOWER: accept ELECTION from 6808a34f-0e94-4674-bd8e-337a9d1c35af: our priority 0 <= candidate's priority 1
2021-09-17 14:21:23,967 [grpc-default-executor-2] INFO  server.RaftServer$Division (RaftServerImpl.java:setRole(285)) - 8721df37-0cb6-4aed-9ac1-08c1f74757c7@group-CC9A49073812: changes role from  FOLLOWER to FOLLOWER at term 1 for candidate:6808a34f-0e94-4674-bd8e-337a9d1c35af
2021-09-17 14:21:23,967 [grpc-default-executor-2] INFO  impl.RoleInfo (RoleInfo.java:shutdownFollowerState(108)) - 8721df37-0cb6-4aed-9ac1-08c1f74757c7: shutdown 8721df37-0cb6-4aed-9ac1-08c1f74757c7@group-CC9A49073812-FollowerState
2021-09-17 14:21:23,969 [6808a34f-0e94-4674-bd8e-337a9d1c35af@group-CC9A49073812-SegmentedRaftLogWorker] INFO  segmented.SegmentedRaftLogWorker (SegmentedRaftLogWorker.java:execute(601)) - 6808a34f-0e94-4674-bd8e-337a9d1c35af@group-CC9A49073812-SegmentedRaftLogWorker: created new log segment /home/runner/work/ozone/ozone/hadoop-ozone/integration-test/target/test-dir/MiniOzoneClusterImpl-3d3fab62-48bb-41e0-9886-50eb3b9e447a/datanode-0/data/ratis/6a965249-5bad-4878-9cfc-cc9a49073812/current/log_inprogress_0
2021-09-17 14:21:23,991 [grpc-default-executor-2] INFO  impl.RoleInfo (RoleInfo.java:updateAndGet(130)) - 8721df37-0cb6-4aed-9ac1-08c1f74757c7: start 8721df37-0cb6-4aed-9ac1-08c1f74757c7@group-CC9A49073812-FollowerState
2021-09-17 14:21:23,991 [8721df37-0cb6-4aed-9ac1-08c1f74757c7@group-CC9A49073812-FollowerState] INFO  impl.FollowerState (FollowerState.java:run(143)) - 8721df37-0cb6-4aed-9ac1-08c1f74757c7@group-CC9A49073812-FollowerState was interrupted: {}
java.lang.InterruptedException: sleep interrupted
	at java.lang.Thread.sleep(Native Method)
	at java.lang.Thread.sleep(Thread.java:340)
	at java.util.concurrent.TimeUnit.sleep(TimeUnit.java:386)
	at org.apache.ratis.util.TimeDuration.sleep(TimeDuration.java:324)
	at org.apache.ratis.util.TimeDuration.sleep(TimeDuration.java:309)
	at org.apache.ratis.server.impl.FollowerState.run(FollowerState.java:118)
2021-09-17 14:21:23,991 [6808a34f-0e94-4674-bd8e-337a9d1c35af@group-CC9A49073812-LeaderElection14] INFO  server.RaftServer$Division (ServerState.java:setRaftConf(387)) - 6808a34f-0e94-4674-bd8e-337a9d1c35af@group-CC9A49073812: set configuration 0: [6808a34f-0e94-4674-bd8e-337a9d1c35af|rpc:127.0.0.1:41481|dataStream:|priority:1, 11f3a05e-de29-47e4-b752-c1c53d1088e4|rpc:127.0.0.1:41235|dataStream:|priority:0, 8721df37-0cb6-4aed-9ac1-08c1f74757c7|rpc:127.0.0.1:39603|dataStream:|priority:0], old=null
2021-09-17 14:21:24,006 [62c51671-a275-468c-9a91-cfb1a6740248@group-50EB3B9E447A-StateMachineUpdater] INFO  safemode.HealthyPipelineSafeModeRule (HealthyPipelineSafeModeRule.java:initializeRule(152)) - Refreshed total pipeline count is 1, healthy pipeline threshold count is 1
2021-09-17 14:21:24,006 [EventQueue-PipelineReportForPipelineReportHandler] INFO  ha.SCMHAInvocationHandler (SCMHAInvocationHandler.java:invokeRatis(113)) - Invoking method public abstract void org.apache.hadoop.hdds.scm.pipeline.StateManager.updatePipelineState(org.apache.hadoop.hdds.protocol.proto.HddsProtos$PipelineID,org.apache.hadoop.hdds.protocol.proto.HddsProtos$PipelineState) throws java.io.IOException on target org.apache.hadoop.hdds.scm.ha.SCMRatisServerImpl@2af03325, cost 53499.872us
2021-09-17 14:21:24,006 [EventQueue-OpenPipelineForHealthyPipelineSafeModeRule] INFO  safemode.SCMSafeModeManager (HealthyPipelineSafeModeRule.java:process(124)) - SCM in safe mode. Healthy pipelines reported count is 1, required healthy pipeline reported count is 1
2021-09-17 14:21:24,006 [EventQueue-OpenPipelineForHealthyPipelineSafeModeRule] INFO  safemode.SCMSafeModeManager (SCMSafeModeManager.java:validateSafeModeExitRules(204)) - HealthyPipelineSafeModeRule rule is successfully validated
2021-09-17 14:21:24,006 [EventQueue-OpenPipelineForHealthyPipelineSafeModeRule] INFO  safemode.SCMSafeModeManager (SCMSafeModeManager.java:validateSafeModeExitRules(219)) - ScmSafeModeManager, all rules are successfully validated
2021-09-17 14:21:24,006 [EventQueue-OpenPipelineForHealthyPipelineSafeModeRule] INFO  safemode.SCMSafeModeManager (SCMSafeModeManager.java:exitSafeMode(248)) - SCM exiting safe mode.
2021-09-17 14:21:24,006 [EventQueue-OpenPipelineForHealthyPipelineSafeModeRule] WARN  events.EventQueue (EventQueue.java:fireEvent(194)) - No event handler registered for event TypedEvent{payloadType=SafeModeStatus, name='Safe mode status'}
2021-09-17 14:21:24,006 [EventQueue-OpenPipelineForHealthyPipelineSafeModeRule] INFO  ha.SCMContext (SCMContext.java:updateSafeModeStatus(205)) - Update SafeModeStatus from SafeModeStatus{safeModeStatus=true, preCheckPassed=true} to SafeModeStatus{safeModeStatus=false, preCheckPassed=true}.
2021-09-17 14:21:24,007 [EventQueue-OpenPipelineForHealthyPipelineSafeModeRule] INFO  container.ReplicationManager (ReplicationManager.java:notifyStatusChanged(1743)) - Service ReplicationManager transitions to RUNNING.
2021-09-17 14:21:24,008 [grpc-default-executor-2] INFO  server.RaftServer$Division (RaftServerImpl.java:requestVote(1075)) - 8721df37-0cb6-4aed-9ac1-08c1f74757c7@group-CC9A49073812 replies to ELECTION vote request: 6808a34f-0e94-4674-bd8e-337a9d1c35af<-8721df37-0cb6-4aed-9ac1-08c1f74757c7#0:OK-t1. Peer's state: 8721df37-0cb6-4aed-9ac1-08c1f74757c7@group-CC9A49073812:t1, leader=null, voted=6808a34f-0e94-4674-bd8e-337a9d1c35af, raftlog=8721df37-0cb6-4aed-9ac1-08c1f74757c7@group-CC9A49073812-SegmentedRaftLog:OPENED:c-1,f-1,i0, conf=-1: [6808a34f-0e94-4674-bd8e-337a9d1c35af|rpc:127.0.0.1:41481|dataStream:|priority:1, 11f3a05e-de29-47e4-b752-c1c53d1088e4|rpc:127.0.0.1:41235|dataStream:|priority:0, 8721df37-0cb6-4aed-9ac1-08c1f74757c7|rpc:127.0.0.1:39603|dataStream:|priority:0], old=null
2021-09-17 14:21:24,023 [grpc-default-executor-0] INFO  ratis.XceiverServerRatis (XceiverServerRatis.java:handleLeaderChangedNotification(860)) - Leader change notification received for group: group-CC9A49073812 with new leaderId: 6808a34f-0e94-4674-bd8e-337a9d1c35af
2021-09-17 14:21:24,023 [grpc-default-executor-0] INFO  server.RaftServer$Division (ServerState.java:setLeader(285)) - 11f3a05e-de29-47e4-b752-c1c53d1088e4@group-CC9A49073812: change Leader from null to 6808a34f-0e94-4674-bd8e-337a9d1c35af at term 1 for appendEntries, leader elected after 5075ms
2021-09-17 14:21:24,031 [grpc-default-executor-0] INFO  server.RaftServer$Division (ServerState.java:setRaftConf(387)) - 11f3a05e-de29-47e4-b752-c1c53d1088e4@group-CC9A49073812: set configuration 0: [6808a34f-0e94-4674-bd8e-337a9d1c35af|rpc:127.0.0.1:41481|dataStream:|priority:1, 11f3a05e-de29-47e4-b752-c1c53d1088e4|rpc:127.0.0.1:41235|dataStream:|priority:0, 8721df37-0cb6-4aed-9ac1-08c1f74757c7|rpc:127.0.0.1:39603|dataStream:|priority:0], old=null
2021-09-17 14:21:24,031 [grpc-default-executor-0] INFO  segmented.SegmentedRaftLogWorker (SegmentedRaftLogWorker.java:startLogSegment(394)) - 11f3a05e-de29-47e4-b752-c1c53d1088e4@group-CC9A49073812-SegmentedRaftLogWorker: Starting segment from index:0
2021-09-17 14:21:24,035 [11f3a05e-de29-47e4-b752-c1c53d1088e4@group-CC9A49073812-SegmentedRaftLogWorker] INFO  segmented.SegmentedRaftLogWorker (SegmentedRaftLogWorker.java:execute(601)) - 11f3a05e-de29-47e4-b752-c1c53d1088e4@group-CC9A49073812-SegmentedRaftLogWorker: created new log segment /home/runner/work/ozone/ozone/hadoop-ozone/integration-test/target/test-dir/MiniOzoneClusterImpl-3d3fab62-48bb-41e0-9886-50eb3b9e447a/datanode-2/data/ratis/6a965249-5bad-4878-9cfc-cc9a49073812/current/log_inprogress_0
2021-09-17 14:21:24,038 [grpc-default-executor-1] INFO  ratis.XceiverServerRatis (XceiverServerRatis.java:handleLeaderChangedNotification(860)) - Leader change notification received for group: group-CC9A49073812 with new leaderId: 6808a34f-0e94-4674-bd8e-337a9d1c35af
2021-09-17 14:21:24,059 [grpc-default-executor-1] INFO  server.RaftServer$Division (ServerState.java:setLeader(285)) - 8721df37-0cb6-4aed-9ac1-08c1f74757c7@group-CC9A49073812: change Leader from null to 6808a34f-0e94-4674-bd8e-337a9d1c35af at term 1 for appendEntries, leader elected after 4906ms
2021-09-17 14:21:24,036 [b698c972-2c25-4917-bf85-656ee0b35a6d@group-50EB3B9E447A-StateMachineUpdater] INFO  safemode.HealthyPipelineSafeModeRule (HealthyPipelineSafeModeRule.java:initializeRule(152)) - Refreshed total pipeline count is 1, healthy pipeline threshold count is 1
2021-09-17 14:21:24,061 [grpc-default-executor-1] INFO  server.RaftServer$Division (ServerState.java:setRaftConf(387)) - 8721df37-0cb6-4aed-9ac1-08c1f74757c7@group-CC9A49073812: set configuration 0: [6808a34f-0e94-4674-bd8e-337a9d1c35af|rpc:127.0.0.1:41481|dataStream:|priority:1, 11f3a05e-de29-47e4-b752-c1c53d1088e4|rpc:127.0.0.1:41235|dataStream:|priority:0, 8721df37-0cb6-4aed-9ac1-08c1f74757c7|rpc:127.0.0.1:39603|dataStream:|priority:0], old=null
2021-09-17 14:21:24,061 [grpc-default-executor-1] INFO  segmented.SegmentedRaftLogWorker (SegmentedRaftLogWorker.java:startLogSegment(394)) - 8721df37-0cb6-4aed-9ac1-08c1f74757c7@group-CC9A49073812-SegmentedRaftLogWorker: Starting segment from index:0
2021-09-17 14:21:24,062 [8721df37-0cb6-4aed-9ac1-08c1f74757c7@group-CC9A49073812-SegmentedRaftLogWorker] INFO  segmented.SegmentedRaftLogWorker (SegmentedRaftLogWorker.java:execute(601)) - 8721df37-0cb6-4aed-9ac1-08c1f74757c7@group-CC9A49073812-SegmentedRaftLogWorker: created new log segment /home/runner/work/ozone/ozone/hadoop-ozone/integration-test/target/test-dir/MiniOzoneClusterImpl-3d3fab62-48bb-41e0-9886-50eb3b9e447a/datanode-1/data/ratis/6a965249-5bad-4878-9cfc-cc9a49073812/current/log_inprogress_0
2021-09-17 14:21:24,308 [6808a34f-0e94-4674-bd8e-337a9d1c35af@group-D0B93889FBFC-FollowerState] INFO  impl.FollowerState (FollowerState.java:run(134)) - 6808a34f-0e94-4674-bd8e-337a9d1c35af@group-D0B93889FBFC-FollowerState: change to CANDIDATE, lastRpcElapsedTime:5115470737ns, electionTimeout:5103ms
2021-09-17 14:21:24,308 [6808a34f-0e94-4674-bd8e-337a9d1c35af@group-D0B93889FBFC-FollowerState] INFO  impl.RoleInfo (RoleInfo.java:shutdownFollowerState(108)) - 6808a34f-0e94-4674-bd8e-337a9d1c35af: shutdown 6808a34f-0e94-4674-bd8e-337a9d1c35af@group-D0B93889FBFC-FollowerState
2021-09-17 14:21:24,308 [6808a34f-0e94-4674-bd8e-337a9d1c35af@group-D0B93889FBFC-FollowerState] INFO  server.RaftServer$Division (RaftServerImpl.java:setRole(285)) - 6808a34f-0e94-4674-bd8e-337a9d1c35af@group-D0B93889FBFC: changes role from  FOLLOWER to CANDIDATE at term 0 for changeToCandidate
2021-09-17 14:21:24,308 [6808a34f-0e94-4674-bd8e-337a9d1c35af@group-D0B93889FBFC-FollowerState] INFO  server.RaftServerConfigKeys (ConfUtils.java:logGet(44)) - raft.server.leaderelection.pre-vote = false (custom)
2021-09-17 14:21:24,308 [6808a34f-0e94-4674-bd8e-337a9d1c35af@group-D0B93889FBFC-FollowerState] INFO  impl.RoleInfo (RoleInfo.java:updateAndGet(130)) - 6808a34f-0e94-4674-bd8e-337a9d1c35af: start 6808a34f-0e94-4674-bd8e-337a9d1c35af@group-D0B93889FBFC-LeaderElection15
2021-09-17 14:21:24,321 [6808a34f-0e94-4674-bd8e-337a9d1c35af@group-D0B93889FBFC-LeaderElection15] INFO  impl.LeaderElection (LeaderElection.java:askForVotes(306)) - 6808a34f-0e94-4674-bd8e-337a9d1c35af@group-D0B93889FBFC-LeaderElection15 ELECTION round 0: submit vote requests at term 1 for -1: [6808a34f-0e94-4674-bd8e-337a9d1c35af|rpc:127.0.0.1:41481|priority:0, 11f3a05e-de29-47e4-b752-c1c53d1088e4|rpc:127.0.0.1:41235|priority:1, 8721df37-0cb6-4aed-9ac1-08c1f74757c7|rpc:127.0.0.1:39603|priority:0], old=null
2021-09-17 14:21:24,337 [grpc-default-executor-1] INFO  server.RaftServer$Division (RaftServerImpl.java:requestVote(1043)) - 11f3a05e-de29-47e4-b752-c1c53d1088e4@group-D0B93889FBFC: receive requestVote(ELECTION, 6808a34f-0e94-4674-bd8e-337a9d1c35af, group-D0B93889FBFC, 1, (t:0, i:0))
2021-09-17 14:21:24,337 [grpc-default-executor-1] INFO  impl.VoteContext (VoteContext.java:log(48)) - 11f3a05e-de29-47e4-b752-c1c53d1088e4@group-D0B93889FBFC-FOLLOWER: reject ELECTION from 6808a34f-0e94-4674-bd8e-337a9d1c35af: our priority 1 > candidate's priority 0
2021-09-17 14:21:24,337 [grpc-default-executor-1] INFO  server.RaftServer$Division (RaftServerImpl.java:setRole(285)) - 11f3a05e-de29-47e4-b752-c1c53d1088e4@group-D0B93889FBFC: changes role from  FOLLOWER to FOLLOWER at term 1 for candidate:6808a34f-0e94-4674-bd8e-337a9d1c35af
2021-09-17 14:21:24,337 [grpc-default-executor-1] INFO  impl.RoleInfo (RoleInfo.java:shutdownFollowerState(108)) - 11f3a05e-de29-47e4-b752-c1c53d1088e4: shutdown 11f3a05e-de29-47e4-b752-c1c53d1088e4@group-D0B93889FBFC-FollowerState
2021-09-17 14:21:24,337 [grpc-default-executor-1] INFO  impl.RoleInfo (RoleInfo.java:updateAndGet(130)) - 11f3a05e-de29-47e4-b752-c1c53d1088e4: start 11f3a05e-de29-47e4-b752-c1c53d1088e4@group-D0B93889FBFC-FollowerState
2021-09-17 14:21:24,337 [11f3a05e-de29-47e4-b752-c1c53d1088e4@group-D0B93889FBFC-FollowerState] INFO  impl.FollowerState (FollowerState.java:run(143)) - 11f3a05e-de29-47e4-b752-c1c53d1088e4@group-D0B93889FBFC-FollowerState was interrupted: {}
java.lang.InterruptedException: sleep interrupted
	at java.lang.Thread.sleep(Native Method)
	at java.lang.Thread.sleep(Thread.java:340)
	at java.util.concurrent.TimeUnit.sleep(TimeUnit.java:386)
	at org.apache.ratis.util.TimeDuration.sleep(TimeDuration.java:324)
	at org.apache.ratis.util.TimeDuration.sleep(TimeDuration.java:309)
	at org.apache.ratis.server.impl.FollowerState.run(FollowerState.java:118)
2021-09-17 14:21:24,341 [grpc-default-executor-1] INFO  server.RaftServer$Division (RaftServerImpl.java:requestVote(1075)) - 11f3a05e-de29-47e4-b752-c1c53d1088e4@group-D0B93889FBFC replies to ELECTION vote request: 6808a34f-0e94-4674-bd8e-337a9d1c35af<-11f3a05e-de29-47e4-b752-c1c53d1088e4#0:FAIL-t1. Peer's state: 11f3a05e-de29-47e4-b752-c1c53d1088e4@group-D0B93889FBFC:t1, leader=null, voted=null, raftlog=11f3a05e-de29-47e4-b752-c1c53d1088e4@group-D0B93889FBFC-SegmentedRaftLog:OPENED:c-1,f-1,i0, conf=-1: [6808a34f-0e94-4674-bd8e-337a9d1c35af|rpc:127.0.0.1:41481|dataStream:|priority:0, 11f3a05e-de29-47e4-b752-c1c53d1088e4|rpc:127.0.0.1:41235|dataStream:|priority:1, 8721df37-0cb6-4aed-9ac1-08c1f74757c7|rpc:127.0.0.1:39603|dataStream:|priority:0], old=null
2021-09-17 14:21:24,349 [6808a34f-0e94-4674-bd8e-337a9d1c35af@group-D0B93889FBFC-LeaderElection15] INFO  impl.LeaderElection (LeaderElection.java:logAndReturn(89)) - 6808a34f-0e94-4674-bd8e-337a9d1c35af@group-D0B93889FBFC-LeaderElection15: ELECTION REJECTED received 1 response(s) and 0 exception(s):
2021-09-17 14:21:24,349 [6808a34f-0e94-4674-bd8e-337a9d1c35af@group-D0B93889FBFC-LeaderElection15] INFO  impl.LeaderElection (LeaderElection.java:logAndReturn(93)) -   Response 0: 6808a34f-0e94-4674-bd8e-337a9d1c35af<-11f3a05e-de29-47e4-b752-c1c53d1088e4#0:FAIL-t1
2021-09-17 14:21:24,349 [6808a34f-0e94-4674-bd8e-337a9d1c35af@group-D0B93889FBFC-LeaderElection15] INFO  impl.LeaderElection (LeaderElection.java:askForVotes(308)) - 6808a34f-0e94-4674-bd8e-337a9d1c35af@group-D0B93889FBFC-LeaderElection15 ELECTION round 0: result REJECTED
2021-09-17 14:21:24,349 [6808a34f-0e94-4674-bd8e-337a9d1c35af@group-D0B93889FBFC-LeaderElection15] INFO  server.RaftServer$Division (RaftServerImpl.java:setRole(285)) - 6808a34f-0e94-4674-bd8e-337a9d1c35af@group-D0B93889FBFC: changes role from CANDIDATE to FOLLOWER at term 1 for REJECTED
2021-09-17 14:21:24,349 [6808a34f-0e94-4674-bd8e-337a9d1c35af@group-D0B93889FBFC-LeaderElection15] INFO  impl.RoleInfo (RoleInfo.java:shutdownLeaderElection(121)) - 6808a34f-0e94-4674-bd8e-337a9d1c35af: shutdown 6808a34f-0e94-4674-bd8e-337a9d1c35af@group-D0B93889FBFC-LeaderElection15
2021-09-17 14:21:24,349 [6808a34f-0e94-4674-bd8e-337a9d1c35af@group-D0B93889FBFC-LeaderElection15] INFO  impl.RoleInfo (RoleInfo.java:updateAndGet(130)) - 6808a34f-0e94-4674-bd8e-337a9d1c35af: start 6808a34f-0e94-4674-bd8e-337a9d1c35af@group-D0B93889FBFC-FollowerState
2021-09-17 14:21:24,357 [grpc-default-executor-1] INFO  server.RaftServer$Division (RaftServerImpl.java:requestVote(1043)) - 8721df37-0cb6-4aed-9ac1-08c1f74757c7@group-D0B93889FBFC: receive requestVote(ELECTION, 6808a34f-0e94-4674-bd8e-337a9d1c35af, group-D0B93889FBFC, 1, (t:0, i:0))
2021-09-17 14:21:24,358 [grpc-default-executor-1] INFO  impl.VoteContext (VoteContext.java:log(48)) - 8721df37-0cb6-4aed-9ac1-08c1f74757c7@group-D0B93889FBFC-FOLLOWER: accept ELECTION from 6808a34f-0e94-4674-bd8e-337a9d1c35af: our priority 0 <= candidate's priority 0
2021-09-17 14:21:24,358 [grpc-default-executor-1] INFO  server.RaftServer$Division (RaftServerImpl.java:setRole(285)) - 8721df37-0cb6-4aed-9ac1-08c1f74757c7@group-D0B93889FBFC: changes role from  FOLLOWER to FOLLOWER at term 1 for candidate:6808a34f-0e94-4674-bd8e-337a9d1c35af
2021-09-17 14:21:24,358 [grpc-default-executor-1] INFO  impl.RoleInfo (RoleInfo.java:shutdownFollowerState(108)) - 8721df37-0cb6-4aed-9ac1-08c1f74757c7: shutdown 8721df37-0cb6-4aed-9ac1-08c1f74757c7@group-D0B93889FBFC-FollowerState
2021-09-17 14:21:24,358 [8721df37-0cb6-4aed-9ac1-08c1f74757c7@group-D0B93889FBFC-FollowerState] INFO  impl.FollowerState (FollowerState.java:run(143)) - 8721df37-0cb6-4aed-9ac1-08c1f74757c7@group-D0B93889FBFC-FollowerState was interrupted: {}
java.lang.InterruptedException: sleep interrupted
	at java.lang.Thread.sleep(Native Method)
	at java.lang.Thread.sleep(Thread.java:340)
	at java.util.concurrent.TimeUnit.sleep(TimeUnit.java:386)
	at org.apache.ratis.util.TimeDuration.sleep(TimeDuration.java:324)
	at org.apache.ratis.util.TimeDuration.sleep(TimeDuration.java:309)
	at org.apache.ratis.server.impl.FollowerState.run(FollowerState.java:118)
2021-09-17 14:21:24,358 [grpc-default-executor-1] INFO  impl.RoleInfo (RoleInfo.java:updateAndGet(130)) - 8721df37-0cb6-4aed-9ac1-08c1f74757c7: start 8721df37-0cb6-4aed-9ac1-08c1f74757c7@group-D0B93889FBFC-FollowerState
2021-09-17 14:21:24,361 [grpc-default-executor-1] INFO  server.RaftServer$Division (RaftServerImpl.java:requestVote(1075)) - 8721df37-0cb6-4aed-9ac1-08c1f74757c7@group-D0B93889FBFC replies to ELECTION vote request: 6808a34f-0e94-4674-bd8e-337a9d1c35af<-8721df37-0cb6-4aed-9ac1-08c1f74757c7#0:OK-t1. Peer's state: 8721df37-0cb6-4aed-9ac1-08c1f74757c7@group-D0B93889FBFC:t1, leader=null, voted=6808a34f-0e94-4674-bd8e-337a9d1c35af, raftlog=8721df37-0cb6-4aed-9ac1-08c1f74757c7@group-D0B93889FBFC-SegmentedRaftLog:OPENED:c-1,f-1,i0, conf=-1: [6808a34f-0e94-4674-bd8e-337a9d1c35af|rpc:127.0.0.1:41481|priority:0, 11f3a05e-de29-47e4-b752-c1c53d1088e4|rpc:127.0.0.1:41235|priority:1, 8721df37-0cb6-4aed-9ac1-08c1f74757c7|rpc:127.0.0.1:39603|priority:0], old=null
2021-09-17 14:21:24,395 [8721df37-0cb6-4aed-9ac1-08c1f74757c7@group-5DDC6650C4E9-FollowerState] INFO  impl.FollowerState (FollowerState.java:run(134)) - 8721df37-0cb6-4aed-9ac1-08c1f74757c7@group-5DDC6650C4E9-FollowerState: change to CANDIDATE, lastRpcElapsedTime:5147924902ns, electionTimeout:5111ms
2021-09-17 14:21:24,395 [8721df37-0cb6-4aed-9ac1-08c1f74757c7@group-5DDC6650C4E9-FollowerState] INFO  impl.RoleInfo (RoleInfo.java:shutdownFollowerState(108)) - 8721df37-0cb6-4aed-9ac1-08c1f74757c7: shutdown 8721df37-0cb6-4aed-9ac1-08c1f74757c7@group-5DDC6650C4E9-FollowerState
2021-09-17 14:21:24,395 [8721df37-0cb6-4aed-9ac1-08c1f74757c7@group-5DDC6650C4E9-FollowerState] INFO  server.RaftServer$Division (RaftServerImpl.java:setRole(285)) - 8721df37-0cb6-4aed-9ac1-08c1f74757c7@group-5DDC6650C4E9: changes role from  FOLLOWER to CANDIDATE at term 0 for changeToCandidate
2021-09-17 14:21:24,400 [8721df37-0cb6-4aed-9ac1-08c1f74757c7@group-5DDC6650C4E9-FollowerState] INFO  server.RaftServerConfigKeys (ConfUtils.java:logGet(44)) - raft.server.leaderelection.pre-vote = false (custom)
2021-09-17 14:21:24,400 [8721df37-0cb6-4aed-9ac1-08c1f74757c7@group-5DDC6650C4E9-FollowerState] INFO  impl.RoleInfo (RoleInfo.java:updateAndGet(130)) - 8721df37-0cb6-4aed-9ac1-08c1f74757c7: start 8721df37-0cb6-4aed-9ac1-08c1f74757c7@group-5DDC6650C4E9-LeaderElection16
2021-09-17 14:21:24,413 [8721df37-0cb6-4aed-9ac1-08c1f74757c7@group-5DDC6650C4E9-LeaderElection16] INFO  impl.LeaderElection (LeaderElection.java:askForVotes(306)) - 8721df37-0cb6-4aed-9ac1-08c1f74757c7@group-5DDC6650C4E9-LeaderElection16 ELECTION round 0: submit vote requests at term 1 for -1: [8721df37-0cb6-4aed-9ac1-08c1f74757c7|rpc:127.0.0.1:39603|priority:1], old=null
2021-09-17 14:21:24,414 [8721df37-0cb6-4aed-9ac1-08c1f74757c7@group-5DDC6650C4E9-LeaderElection16] INFO  impl.LeaderElection (LeaderElection.java:askForVotes(308)) - 8721df37-0cb6-4aed-9ac1-08c1f74757c7@group-5DDC6650C4E9-LeaderElection16 ELECTION round 0: result PASSED (term=1)
2021-09-17 14:21:24,414 [8721df37-0cb6-4aed-9ac1-08c1f74757c7@group-5DDC6650C4E9-LeaderElection16] INFO  impl.RoleInfo (RoleInfo.java:shutdownLeaderElection(121)) - 8721df37-0cb6-4aed-9ac1-08c1f74757c7: shutdown 8721df37-0cb6-4aed-9ac1-08c1f74757c7@group-5DDC6650C4E9-LeaderElection16
2021-09-17 14:21:24,414 [8721df37-0cb6-4aed-9ac1-08c1f74757c7@group-5DDC6650C4E9-LeaderElection16] INFO  server.RaftServer$Division (RaftServerImpl.java:setRole(285)) - 8721df37-0cb6-4aed-9ac1-08c1f74757c7@group-5DDC6650C4E9: changes role from CANDIDATE to LEADER at term 1 for changeToLeader
2021-09-17 14:21:24,414 [8721df37-0cb6-4aed-9ac1-08c1f74757c7@group-5DDC6650C4E9-LeaderElection16] INFO  ratis.XceiverServerRatis (XceiverServerRatis.java:handleLeaderChangedNotification(860)) - Leader change notification received for group: group-5DDC6650C4E9 with new leaderId: 8721df37-0cb6-4aed-9ac1-08c1f74757c7
2021-09-17 14:21:24,415 [8721df37-0cb6-4aed-9ac1-08c1f74757c7@group-5DDC6650C4E9-LeaderElection16] INFO  server.RaftServer$Division (ServerState.java:setLeader(285)) - 8721df37-0cb6-4aed-9ac1-08c1f74757c7@group-5DDC6650C4E9: change Leader from null to 8721df37-0cb6-4aed-9ac1-08c1f74757c7 at term 1 for becomeLeader, leader elected after 5201ms
2021-09-17 14:21:24,415 [8721df37-0cb6-4aed-9ac1-08c1f74757c7@group-5DDC6650C4E9-LeaderElection16] INFO  server.RaftServerConfigKeys (ConfUtils.java:logGet(44)) - raft.server.staging.catchup.gap = 1000 (default)
2021-09-17 14:21:24,415 [8721df37-0cb6-4aed-9ac1-08c1f74757c7@group-5DDC6650C4E9-LeaderElection16] INFO  server.RaftServerConfigKeys (ConfUtils.java:logGet(44)) - raft.server.write.element-limit = 1024 (custom)
2021-09-17 14:21:24,415 [8721df37-0cb6-4aed-9ac1-08c1f74757c7@group-5DDC6650C4E9-LeaderElection16] INFO  server.RaftServerConfigKeys (ConfUtils.java:logGet(44)) - raft.server.write.byte-limit = 1024 M (=1073741824) (custom)
2021-09-17 14:21:24,416 [8721df37-0cb6-4aed-9ac1-08c1f74757c7@group-5DDC6650C4E9-LeaderElection16] INFO  server.RaftServerConfigKeys (ConfUtils.java:logGet(44)) - raft.server.watch.timeout = 180s (custom)
2021-09-17 14:21:24,416 [EventQueue-OpenPipelineForHealthyPipelineSafeModeRule] INFO  safemode.SCMSafeModeManager (HealthyPipelineSafeModeRule.java:process(124)) - SCM in safe mode. Healthy pipelines reported count is 0, required healthy pipeline reported count is 1
2021-09-17 14:21:24,424 [EventQueue-OpenPipelineForHealthyPipelineSafeModeRule] INFO  safemode.SCMSafeModeManager (HealthyPipelineSafeModeRule.java:process(124)) - SCM in safe mode. Healthy pipelines reported count is 1, required healthy pipeline reported count is 1
2021-09-17 14:21:24,424 [EventQueue-OpenPipelineForHealthyPipelineSafeModeRule] INFO  safemode.SCMSafeModeManager (SCMSafeModeManager.java:validateSafeModeExitRules(204)) - HealthyPipelineSafeModeRule rule is successfully validated
2021-09-17 14:21:24,424 [EventQueue-OpenPipelineForHealthyPipelineSafeModeRule] INFO  safemode.SCMSafeModeManager (SCMSafeModeManager.java:validateSafeModeExitRules(219)) - ScmSafeModeManager, all rules are successfully validated
2021-09-17 14:21:24,424 [EventQueue-OpenPipelineForHealthyPipelineSafeModeRule] INFO  safemode.SCMSafeModeManager (SCMSafeModeManager.java:exitSafeMode(248)) - SCM exiting safe mode.
2021-09-17 14:21:24,424 [EventQueue-OpenPipelineForHealthyPipelineSafeModeRule] WARN  events.EventQueue (EventQueue.java:fireEvent(194)) - No event handler registered for event TypedEvent{payloadType=SafeModeStatus, name='Safe mode status'}
2021-09-17 14:21:24,424 [EventQueue-OpenPipelineForHealthyPipelineSafeModeRule] INFO  ha.SCMContext (SCMContext.java:updateSafeModeStatus(205)) - Update SafeModeStatus from SafeModeStatus{safeModeStatus=true, preCheckPassed=true} to SafeModeStatus{safeModeStatus=false, preCheckPassed=true}.
2021-09-17 14:21:24,424 [8721df37-0cb6-4aed-9ac1-08c1f74757c7@group-5DDC6650C4E9-LeaderElection16] INFO  server.RaftServerConfigKeys (ConfUtils.java:logGet(44)) - raft.server.watch.timeout.denomination = 1s (default)
2021-09-17 14:21:24,425 [8721df37-0cb6-4aed-9ac1-08c1f74757c7@group-5DDC6650C4E9-LeaderElection16] INFO  server.RaftServerConfigKeys (ConfUtils.java:logGet(44)) - raft.server.watch.element-limit = 65536 (default)
2021-09-17 14:21:24,425 [8721df37-0cb6-4aed-9ac1-08c1f74757c7@group-5DDC6650C4E9-LeaderElection16] INFO  impl.RoleInfo (RoleInfo.java:updateAndGet(130)) - 8721df37-0cb6-4aed-9ac1-08c1f74757c7: start 8721df37-0cb6-4aed-9ac1-08c1f74757c7@group-5DDC6650C4E9-LeaderStateImpl
2021-09-17 14:21:24,429 [8721df37-0cb6-4aed-9ac1-08c1f74757c7@group-5DDC6650C4E9-LeaderElection16] INFO  segmented.SegmentedRaftLogWorker (SegmentedRaftLogWorker.java:startLogSegment(394)) - 8721df37-0cb6-4aed-9ac1-08c1f74757c7@group-5DDC6650C4E9-SegmentedRaftLogWorker: Starting segment from index:0
2021-09-17 14:21:24,430 [8721df37-0cb6-4aed-9ac1-08c1f74757c7@group-5DDC6650C4E9-SegmentedRaftLogWorker] INFO  segmented.SegmentedRaftLogWorker (SegmentedRaftLogWorker.java:execute(601)) - 8721df37-0cb6-4aed-9ac1-08c1f74757c7@group-5DDC6650C4E9-SegmentedRaftLogWorker: created new log segment /home/runner/work/ozone/ozone/hadoop-ozone/integration-test/target/test-dir/MiniOzoneClusterImpl-3d3fab62-48bb-41e0-9886-50eb3b9e447a/datanode-1/data/ratis/f9d0de5a-67aa-4313-8087-5ddc6650c4e9/current/log_inprogress_0
2021-09-17 14:21:24,436 [8721df37-0cb6-4aed-9ac1-08c1f74757c7@group-5DDC6650C4E9-LeaderElection16] INFO  server.RaftServer$Division (ServerState.java:setRaftConf(387)) - 8721df37-0cb6-4aed-9ac1-08c1f74757c7@group-5DDC6650C4E9: set configuration 0: [8721df37-0cb6-4aed-9ac1-08c1f74757c7|rpc:127.0.0.1:39603|dataStream:|priority:1], old=null
2021-09-17 14:21:24,544 [EndpointStateMachine task thread for /127.0.0.1:14605 - 0 ] INFO  ipc.Client (Client.java:handleConnectionFailure(977)) - Retrying connect to server: localhost/127.0.0.1:14605. Already tried 0 time(s); retry policy is RetryUpToMaximumCountWithFixedSleep(maxRetries=15, sleepTime=1000 MILLISECONDS)
2021-09-17 14:21:24,733 [Listener at 127.0.0.1/13392] INFO  ozone.MiniOzoneClusterImpl (MiniOzoneClusterImpl.java:lambda$waitForClusterToBeReady$0(235)) - Nodes are ready. Got 3 of 3 DN Heartbeats.
2021-09-17 14:21:24,733 [Listener at 127.0.0.1/13392] INFO  ozone.MiniOzoneClusterImpl (MiniOzoneClusterImpl.java:lambda$waitForClusterToBeReady$0(238)) - Cluster exits safe mode
2021-09-17 14:21:24,733 [Listener at 127.0.0.1/13392] INFO  ozone.MiniOzoneClusterImpl (MiniOzoneClusterImpl.java:lambda$waitForClusterToBeReady$0(240)) - SCM became leader
2021-09-17 14:21:24,734 [Listener at 127.0.0.1/13392] INFO  server.StorageContainerManager (StorageContainerManager.java:start(1279)) - StorageContainerLocationProtocol RPC server is listening at /0.0.0.0:13663
2021-09-17 14:21:24,734 [Listener at 127.0.0.1/13392] INFO  ha.SCMRatisServerImpl (SCMRatisServerImpl.java:start(177)) - starting ratis server 0.0.0.0:13660
2021-09-17 14:21:24,734 [Listener at 127.0.0.1/13392] INFO  server.RaftServer$Division (RaftServerImpl.java:start(299)) - de6c936e-076b-4b64-8302-91a02f19e2c3@group-50EB3B9E447A: start with initializing state, conf=-1: [], old=null
2021-09-17 14:21:24,734 [Listener at 127.0.0.1/13392] INFO  server.RaftServer$Division (RaftServerImpl.java:setRole(285)) - de6c936e-076b-4b64-8302-91a02f19e2c3@group-50EB3B9E447A: changes role from      null to FOLLOWER at term 0 for startInitializing
2021-09-17 14:21:24,734 [Listener at 127.0.0.1/13392] INFO  util.JmxRegister (JmxRegister.java:tryRegister(44)) - Successfully registered JMX Bean with object name Ratis:service=RaftServer,group=group-50EB3B9E447A,id=de6c936e-076b-4b64-8302-91a02f19e2c3
2021-09-17 14:21:24,735 [Listener at 127.0.0.1/13392] INFO  server.RaftServer (RaftServerProxy.java:lambda$start$5(374)) - de6c936e-076b-4b64-8302-91a02f19e2c3: start RPC server
2021-09-17 14:21:24,736 [Listener at 127.0.0.1/13392] INFO  server.GrpcService (GrpcService.java:startImpl(253)) - de6c936e-076b-4b64-8302-91a02f19e2c3: GrpcService started, listening on 13660
2021-09-17 14:21:24,737 [Listener at 127.0.0.1/13392] INFO  ha.SCMNodeInfo (SCMNodeInfo.java:getPort(197)) - ConfigKey ozone.scm.client.address is deprecated, For configuring different ports for each SCM use PortConfigKey ozone.scm.client.port appended with serviceId and nodeId
2021-09-17 14:21:24,737 [Listener at 127.0.0.1/13392] INFO  ha.SCMNodeInfo (SCMNodeInfo.java:getPort(197)) - ConfigKey ozone.scm.block.client.address is deprecated, For configuring different ports for each SCM use PortConfigKey ozone.scm.block.client.port appended with serviceId and nodeId
2021-09-17 14:21:24,738 [Listener at 127.0.0.1/13392] INFO  ha.SCMNodeInfo (SCMNodeInfo.java:getPort(197)) - ConfigKey ozone.scm.datanode.address is deprecated, For configuring different ports for each SCM use PortConfigKey ozone.scm.datanode.port appended with serviceId and nodeId
2021-09-17 14:21:24,738 [Listener at 127.0.0.1/13392] INFO  ha.SCMNodeInfo (SCMNodeInfo.java:getPort(197)) - ConfigKey ozone.scm.client.address is deprecated, For configuring different ports for each SCM use PortConfigKey ozone.scm.client.port appended with serviceId and nodeId
2021-09-17 14:21:24,738 [Listener at 127.0.0.1/13392] INFO  ha.SCMNodeInfo (SCMNodeInfo.java:getPort(197)) - ConfigKey ozone.scm.block.client.address is deprecated, For configuring different ports for each SCM use PortConfigKey ozone.scm.block.client.port appended with serviceId and nodeId
2021-09-17 14:21:24,738 [Listener at 127.0.0.1/13392] INFO  ha.SCMNodeInfo (SCMNodeInfo.java:getPort(197)) - ConfigKey ozone.scm.datanode.address is deprecated, For configuring different ports for each SCM use PortConfigKey ozone.scm.datanode.port appended with serviceId and nodeId
2021-09-17 14:21:24,738 [Listener at 127.0.0.1/13392] INFO  ha.SCMNodeInfo (SCMNodeInfo.java:getPort(197)) - ConfigKey ozone.scm.client.address is deprecated, For configuring different ports for each SCM use PortConfigKey ozone.scm.client.port appended with serviceId and nodeId
2021-09-17 14:21:24,738 [Listener at 127.0.0.1/13392] INFO  ha.SCMNodeInfo (SCMNodeInfo.java:getPort(197)) - ConfigKey ozone.scm.block.client.address is deprecated, For configuring different ports for each SCM use PortConfigKey ozone.scm.block.client.port appended with serviceId and nodeId
2021-09-17 14:21:24,738 [Listener at 127.0.0.1/13392] INFO  ha.SCMNodeInfo (SCMNodeInfo.java:getPort(197)) - ConfigKey ozone.scm.datanode.address is deprecated, For configuring different ports for each SCM use PortConfigKey ozone.scm.datanode.port appended with serviceId and nodeId
2021-09-17 14:21:24,740 [org.apache.ratis.util.JvmPauseMonitor$$Lambda$499/723602324@6ec6adcc] INFO  util.JvmPauseMonitor (JvmPauseMonitor.java:run(103)) - JvmPauseMonitor-de6c936e-076b-4b64-8302-91a02f19e2c3: Started
2021-09-17 14:21:24,742 [IPC Server handler 4 on default port 13642] INFO  ha.SCMRatisServerImpl (SCMRatisServerImpl.java:addSCM(291)) - 62c51671-a275-468c-9a91-cfb1a6740248: Submitting SetConfiguration request to Ratis server with new SCM peers list: [b698c972-2c25-4917-bf85-656ee0b35a6d|rpc:localhost:13650|priority:0, 62c51671-a275-468c-9a91-cfb1a6740248|rpc:localhost:13640|admin:|client:|dataStream:|priority:0, de6c936e-076b-4b64-8302-91a02f19e2c3|rpc:localhost:13660|priority:0]
2021-09-17 14:21:24,742 [IPC Server handler 4 on default port 13642] INFO  server.RaftServer$Division (RaftServerImpl.java:setConfigurationAsync(971)) - 62c51671-a275-468c-9a91-cfb1a6740248@group-50EB3B9E447A: receive setConfiguration SetConfigurationRequest:client-5C8D7B3DDF80->62c51671-a275-468c-9a91-cfb1a6740248@group-50EB3B9E447A, cid=10, seq=0, RW, null, peers:[b698c972-2c25-4917-bf85-656ee0b35a6d|rpc:localhost:13650|priority:0, 62c51671-a275-468c-9a91-cfb1a6740248|rpc:localhost:13640|admin:|client:|dataStream:|priority:0, de6c936e-076b-4b64-8302-91a02f19e2c3|rpc:localhost:13660|priority:0]
2021-09-17 14:21:24,743 [IPC Server handler 4 on default port 13642] INFO  server.RaftServer$Division (LeaderStateImpl.java:startSetConfiguration(345)) - 62c51671-a275-468c-9a91-cfb1a6740248@group-50EB3B9E447A-LeaderStateImpl: startSetConfiguration SetConfigurationRequest:client-5C8D7B3DDF80->62c51671-a275-468c-9a91-cfb1a6740248@group-50EB3B9E447A, cid=10, seq=0, RW, null, peers:[b698c972-2c25-4917-bf85-656ee0b35a6d|rpc:localhost:13650|priority:0, 62c51671-a275-468c-9a91-cfb1a6740248|rpc:localhost:13640|admin:|client:|dataStream:|priority:0, de6c936e-076b-4b64-8302-91a02f19e2c3|rpc:localhost:13660|priority:0]
2021-09-17 14:21:24,743 [IPC Server handler 4 on default port 13642] INFO  server.RaftServerConfigKeys (ConfUtils.java:logGet(44)) - raft.server.log.appender.snapshot.chunk.size.max = 16MB (=16777216) (default)
2021-09-17 14:21:24,743 [IPC Server handler 4 on default port 13642] INFO  server.RaftServerConfigKeys (ConfUtils.java:logGet(44)) - raft.server.log.appender.buffer.byte-limit = 33554432 (custom)
2021-09-17 14:21:24,743 [IPC Server handler 4 on default port 13642] INFO  server.RaftServerConfigKeys (ConfUtils.java:logGet(44)) - raft.server.log.appender.buffer.element-limit = 1024 (custom)
2021-09-17 14:21:24,745 [IPC Server handler 4 on default port 13642] INFO  grpc.GrpcConfigKeys (ConfUtils.java:logGet(44)) - raft.grpc.server.leader.outstanding.appends.max = 128 (default)
2021-09-17 14:21:24,745 [IPC Server handler 4 on default port 13642] INFO  server.RaftServerConfigKeys (ConfUtils.java:logGet(44)) - raft.server.rpc.request.timeout = 30000ms (custom)
2021-09-17 14:21:24,745 [IPC Server handler 4 on default port 13642] INFO  server.RaftServerConfigKeys (ConfUtils.java:logGet(44)) - raft.server.log.appender.install.snapshot.enabled = false (custom)
2021-09-17 14:21:24,759 [62c51671-a275-468c-9a91-cfb1a6740248@group-50EB3B9E447A->de6c936e-076b-4b64-8302-91a02f19e2c3-GrpcLogAppender-LogAppenderDaemon] INFO  server.GrpcLogAppender (GrpcLogAppender.java:installSnapshot(524)) - 62c51671-a275-468c-9a91-cfb1a6740248@group-50EB3B9E447A->de6c936e-076b-4b64-8302-91a02f19e2c3-GrpcLogAppender: followerNextIndex = 0 but logStartIndex = 1, notify follower to install snapshot-(t:2, i:1)
2021-09-17 14:21:24,759 [62c51671-a275-468c-9a91-cfb1a6740248@group-50EB3B9E447A->de6c936e-076b-4b64-8302-91a02f19e2c3-GrpcLogAppender-LogAppenderDaemon] INFO  server.GrpcLogAppender (GrpcLogAppender.java:installSnapshot(532)) - 62c51671-a275-468c-9a91-cfb1a6740248@group-50EB3B9E447A->de6c936e-076b-4b64-8302-91a02f19e2c3-GrpcLogAppender: send 62c51671-a275-468c-9a91-cfb1a6740248->de6c936e-076b-4b64-8302-91a02f19e2c3#0-t2,notify:(t:2, i:1)
2021-09-17 14:21:24,767 [grpc-default-executor-0] INFO  server.RaftServer$Division (RaftServerImpl.java:installSnapshot(1329)) - de6c936e-076b-4b64-8302-91a02f19e2c3@group-50EB3B9E447A: receive installSnapshot: 62c51671-a275-468c-9a91-cfb1a6740248->de6c936e-076b-4b64-8302-91a02f19e2c3#0-t2,notify:(t:2, i:1)
2021-09-17 14:21:24,769 [grpc-default-executor-0] INFO  ha.SCMStateMachine (SCMStateMachine.java:notifyLeaderChanged(248)) - leader changed, yet current SCM is still follower.
2021-09-17 14:21:24,769 [grpc-default-executor-0] INFO  server.RaftServer$Division (ServerState.java:setLeader(285)) - de6c936e-076b-4b64-8302-91a02f19e2c3@group-50EB3B9E447A: change Leader from null to 62c51671-a275-468c-9a91-cfb1a6740248 at term 2 for installSnapshot, leader elected after 14474ms
2021-09-17 14:21:24,769 [grpc-default-executor-0] INFO  server.RaftServer$Division (RaftServerImpl.java:notifyStateMachineToInstallSnapshot(1581)) - de6c936e-076b-4b64-8302-91a02f19e2c3@group-50EB3B9E447A: notifyInstallSnapshot: nextIndex is 0 but the leader's first available index is 1.
2021-09-17 14:21:24,769 [grpc-default-executor-0] INFO  ha.SCMStateMachine (SCMStateMachine.java:notifyInstallSnapshotFromLeader(212)) - Received install snapshot notification from SCM leader: localhost:13640 with term index: (t:2, i:1)
2021-09-17 14:21:24,776 [grpc-default-executor-0] INFO  server.RaftServer$Division (RaftServerImpl.java:installSnapshotImpl(1459)) - de6c936e-076b-4b64-8302-91a02f19e2c3@group-50EB3B9E447A: set new configuration index: 5
configurationEntry {
  peers {
    id: "b698c972-2c25-4917-bf85-656ee0b35a6d"
    address: "localhost:13650"
  }
  peers {
    id: "62c51671-a275-468c-9a91-cfb1a6740248"
    address: "localhost:13640"
  }
}
 from snapshot
2021-09-17 14:21:24,776 [grpc-default-executor-0] INFO  server.RaftServer$Division (ServerState.java:setRaftConf(387)) - de6c936e-076b-4b64-8302-91a02f19e2c3@group-50EB3B9E447A: set configuration 5: [b698c972-2c25-4917-bf85-656ee0b35a6d|rpc:localhost:13650|admin:|client:|dataStream:|priority:0, 62c51671-a275-468c-9a91-cfb1a6740248|rpc:localhost:13640|admin:|client:|dataStream:|priority:0], old=null
2021-09-17 14:21:24,776 [grpc-default-executor-0] INFO  server.RaftServer$Division (RaftServerImpl.java:installSnapshot(1340)) - de6c936e-076b-4b64-8302-91a02f19e2c3@group-50EB3B9E447A: reply installSnapshot: 62c51671-a275-468c-9a91-cfb1a6740248<-de6c936e-076b-4b64-8302-91a02f19e2c3#0:FAIL-t0,IN_PROGRESS
2021-09-17 14:21:24,777 [grpc-default-executor-0] INFO  server.GrpcServerProtocolService (GrpcServerProtocolService.java:onCompleted(140)) - de6c936e-076b-4b64-8302-91a02f19e2c3: Completed INSTALL_SNAPSHOT, lastRequest: 62c51671-a275-468c-9a91-cfb1a6740248->de6c936e-076b-4b64-8302-91a02f19e2c3#0-t2,notify:(t:2, i:1)
2021-09-17 14:21:24,778 [grpc-default-executor-1] INFO  server.GrpcLogAppender (GrpcLogAppender.java:onNext(400)) - 62c51671-a275-468c-9a91-cfb1a6740248@group-50EB3B9E447A->de6c936e-076b-4b64-8302-91a02f19e2c3-InstallSnapshotResponseHandler: received the first reply 62c51671-a275-468c-9a91-cfb1a6740248<-de6c936e-076b-4b64-8302-91a02f19e2c3#0:FAIL-t0,IN_PROGRESS
2021-09-17 14:21:24,778 [grpc-default-executor-1] INFO  server.GrpcLogAppender (GrpcLogAppender.java:onNext(417)) - 62c51671-a275-468c-9a91-cfb1a6740248@group-50EB3B9E447A->de6c936e-076b-4b64-8302-91a02f19e2c3-InstallSnapshotResponseHandler: InstallSnapshot in progress.
2021-09-17 14:21:24,785 [62c51671-a275-468c-9a91-cfb1a6740248@group-50EB3B9E447A->de6c936e-076b-4b64-8302-91a02f19e2c3-GrpcLogAppender-LogAppenderDaemon] INFO  server.GrpcLogAppender (GrpcLogAppender.java:installSnapshot(524)) - 62c51671-a275-468c-9a91-cfb1a6740248@group-50EB3B9E447A->de6c936e-076b-4b64-8302-91a02f19e2c3-GrpcLogAppender: followerNextIndex = 0 but logStartIndex = 1, notify follower to install snapshot-(t:2, i:1)
2021-09-17 14:21:24,786 [62c51671-a275-468c-9a91-cfb1a6740248@group-50EB3B9E447A->de6c936e-076b-4b64-8302-91a02f19e2c3-GrpcLogAppender-LogAppenderDaemon] INFO  server.GrpcLogAppender (GrpcLogAppender.java:installSnapshot(532)) - 62c51671-a275-468c-9a91-cfb1a6740248@group-50EB3B9E447A->de6c936e-076b-4b64-8302-91a02f19e2c3-GrpcLogAppender: send 62c51671-a275-468c-9a91-cfb1a6740248->de6c936e-076b-4b64-8302-91a02f19e2c3#0-t2,notify:(t:2, i:1)
2021-09-17 14:21:24,790 [grpc-default-executor-0] INFO  impl.RoleInfo (RoleInfo.java:updateAndGet(130)) - de6c936e-076b-4b64-8302-91a02f19e2c3: start de6c936e-076b-4b64-8302-91a02f19e2c3@group-50EB3B9E447A-FollowerState
2021-09-17 14:21:24,798 [grpc-default-executor-0] INFO  server.RaftServer$Division (RaftServerImpl.java:checkInconsistentAppendEntries(1293)) - de6c936e-076b-4b64-8302-91a02f19e2c3@group-50EB3B9E447A: Failed appendEntries as snapshot ((t:2, i:1)) installation is in progress
2021-09-17 14:21:24,798 [pool-228-thread-1] INFO  ha.SCMHAManagerImpl (SCMHAManagerImpl.java:getDBCheckpointFromLeader(206)) - Downloading checkpoint from leader SCM scmNode-1 and reloading state from the checkpoint.
2021-09-17 14:21:24,802 [grpc-default-executor-1] INFO  server.RaftServer$Division (RaftServerImpl.java:installSnapshot(1329)) - de6c936e-076b-4b64-8302-91a02f19e2c3@group-50EB3B9E447A: receive installSnapshot: 62c51671-a275-468c-9a91-cfb1a6740248->de6c936e-076b-4b64-8302-91a02f19e2c3#0-t2,notify:(t:2, i:1)
2021-09-17 14:21:24,798 [grpc-default-executor-0] INFO  server.RaftServer$Division (RaftServerImpl.java:checkInconsistentAppendEntries(1285)) - de6c936e-076b-4b64-8302-91a02f19e2c3@group-50EB3B9E447A: inconsistency entries. Reply:62c51671-a275-468c-9a91-cfb1a6740248<-de6c936e-076b-4b64-8302-91a02f19e2c3#0:FAIL-t2,INCONSISTENCY,nextIndex=0,followerCommit=-1
2021-09-17 14:21:24,813 [grpc-default-executor-0] INFO  leader.FollowerInfo (FollowerInfoImpl.java:lambda$new$0(46)) - 62c51671-a275-468c-9a91-cfb1a6740248@group-50EB3B9E447A->de6c936e-076b-4b64-8302-91a02f19e2c3: nextIndex: updateUnconditionally 0 -> 0
2021-09-17 14:21:24,814 [grpc-default-executor-1] INFO  server.RaftServer$Division (RaftServerImpl.java:notifyStateMachineToInstallSnapshot(1611)) - de6c936e-076b-4b64-8302-91a02f19e2c3@group-50EB3B9E447A: Snapshot Installation by StateMachine is in progress.
2021-09-17 14:21:24,815 [grpc-default-executor-1] INFO  server.RaftServer$Division (RaftServerImpl.java:installSnapshotImpl(1459)) - de6c936e-076b-4b64-8302-91a02f19e2c3@group-50EB3B9E447A: set new configuration index: 5
configurationEntry {
  peers {
    id: "b698c972-2c25-4917-bf85-656ee0b35a6d"
    address: "localhost:13650"
  }
  peers {
    id: "62c51671-a275-468c-9a91-cfb1a6740248"
    address: "localhost:13640"
  }
}
 from snapshot
2021-09-17 14:21:24,817 [grpc-default-executor-1] INFO  server.RaftServer$Division (ServerState.java:setRaftConf(387)) - de6c936e-076b-4b64-8302-91a02f19e2c3@group-50EB3B9E447A: set configuration 5: [b698c972-2c25-4917-bf85-656ee0b35a6d|rpc:localhost:13650|admin:|client:|dataStream:|priority:0, 62c51671-a275-468c-9a91-cfb1a6740248|rpc:localhost:13640|admin:|client:|dataStream:|priority:0], old=null
2021-09-17 14:21:24,818 [grpc-default-executor-1] INFO  server.RaftServer$Division (RaftServerImpl.java:installSnapshot(1340)) - de6c936e-076b-4b64-8302-91a02f19e2c3@group-50EB3B9E447A: reply installSnapshot: 62c51671-a275-468c-9a91-cfb1a6740248<-de6c936e-076b-4b64-8302-91a02f19e2c3#0:FAIL-t2,IN_PROGRESS
2021-09-17 14:21:24,818 [grpc-default-executor-1] INFO  server.GrpcServerProtocolService (GrpcServerProtocolService.java:onCompleted(140)) - de6c936e-076b-4b64-8302-91a02f19e2c3: Completed INSTALL_SNAPSHOT, lastRequest: 62c51671-a275-468c-9a91-cfb1a6740248->de6c936e-076b-4b64-8302-91a02f19e2c3#0-t2,notify:(t:2, i:1)
2021-09-17 14:21:24,820 [grpc-default-executor-1] INFO  server.GrpcLogAppender (GrpcLogAppender.java:onNext(400)) - 62c51671-a275-468c-9a91-cfb1a6740248@group-50EB3B9E447A->de6c936e-076b-4b64-8302-91a02f19e2c3-InstallSnapshotResponseHandler: received a reply 62c51671-a275-468c-9a91-cfb1a6740248<-de6c936e-076b-4b64-8302-91a02f19e2c3#0:FAIL-t2,IN_PROGRESS
2021-09-17 14:21:24,820 [grpc-default-executor-1] INFO  server.GrpcLogAppender (GrpcLogAppender.java:onNext(417)) - 62c51671-a275-468c-9a91-cfb1a6740248@group-50EB3B9E447A->de6c936e-076b-4b64-8302-91a02f19e2c3-InstallSnapshotResponseHandler: InstallSnapshot in progress.
2021-09-17 14:21:24,838 [62c51671-a275-468c-9a91-cfb1a6740248@group-50EB3B9E447A->de6c936e-076b-4b64-8302-91a02f19e2c3-GrpcLogAppender-LogAppenderDaemon] INFO  server.GrpcLogAppender (GrpcLogAppender.java:installSnapshot(524)) - 62c51671-a275-468c-9a91-cfb1a6740248@group-50EB3B9E447A->de6c936e-076b-4b64-8302-91a02f19e2c3-GrpcLogAppender: followerNextIndex = 0 but logStartIndex = 1, notify follower to install snapshot-(t:2, i:1)
2021-09-17 14:21:24,838 [62c51671-a275-468c-9a91-cfb1a6740248@group-50EB3B9E447A->de6c936e-076b-4b64-8302-91a02f19e2c3-GrpcLogAppender-LogAppenderDaemon] INFO  server.GrpcLogAppender (GrpcLogAppender.java:installSnapshot(532)) - 62c51671-a275-468c-9a91-cfb1a6740248@group-50EB3B9E447A->de6c936e-076b-4b64-8302-91a02f19e2c3-GrpcLogAppender: send 62c51671-a275-468c-9a91-cfb1a6740248->de6c936e-076b-4b64-8302-91a02f19e2c3#0-t2,notify:(t:2, i:1)
2021-09-17 14:21:24,844 [grpc-default-executor-2] INFO  server.RaftServer$Division (RaftServerImpl.java:checkInconsistentAppendEntries(1293)) - de6c936e-076b-4b64-8302-91a02f19e2c3@group-50EB3B9E447A: Failed appendEntries as snapshot ((t:2, i:1)) installation is in progress
2021-09-17 14:21:24,844 [grpc-default-executor-2] INFO  server.RaftServer$Division (RaftServerImpl.java:checkInconsistentAppendEntries(1285)) - de6c936e-076b-4b64-8302-91a02f19e2c3@group-50EB3B9E447A: inconsistency entries. Reply:62c51671-a275-468c-9a91-cfb1a6740248<-de6c936e-076b-4b64-8302-91a02f19e2c3#1:FAIL-t2,INCONSISTENCY,nextIndex=0,followerCommit=-1
2021-09-17 14:21:24,843 [grpc-default-executor-0] INFO  ha.SCMDBCheckpointProvider (SCMDBCheckpointProvider.java:writeDBCheckPointToSream(48)) - Received request to obtain SCM DB checkpoint snapshot
2021-09-17 14:21:24,845 [grpc-default-executor-1] INFO  server.RaftServer$Division (RaftServerImpl.java:installSnapshot(1329)) - de6c936e-076b-4b64-8302-91a02f19e2c3@group-50EB3B9E447A: receive installSnapshot: 62c51671-a275-468c-9a91-cfb1a6740248->de6c936e-076b-4b64-8302-91a02f19e2c3#0-t2,notify:(t:2, i:1)
2021-09-17 14:21:24,845 [grpc-default-executor-1] INFO  server.RaftServer$Division (RaftServerImpl.java:notifyStateMachineToInstallSnapshot(1611)) - de6c936e-076b-4b64-8302-91a02f19e2c3@group-50EB3B9E447A: Snapshot Installation by StateMachine is in progress.
2021-09-17 14:21:24,846 [grpc-default-executor-1] INFO  server.RaftServer$Division (RaftServerImpl.java:installSnapshotImpl(1459)) - de6c936e-076b-4b64-8302-91a02f19e2c3@group-50EB3B9E447A: set new configuration index: 5
configurationEntry {
  peers {
    id: "b698c972-2c25-4917-bf85-656ee0b35a6d"
    address: "localhost:13650"
  }
  peers {
    id: "62c51671-a275-468c-9a91-cfb1a6740248"
    address: "localhost:13640"
  }
}
 from snapshot
2021-09-17 14:21:24,846 [grpc-default-executor-1] INFO  server.RaftServer$Division (ServerState.java:setRaftConf(387)) - de6c936e-076b-4b64-8302-91a02f19e2c3@group-50EB3B9E447A: set configuration 5: [b698c972-2c25-4917-bf85-656ee0b35a6d|rpc:localhost:13650|admin:|client:|dataStream:|priority:0, 62c51671-a275-468c-9a91-cfb1a6740248|rpc:localhost:13640|admin:|client:|dataStream:|priority:0], old=null
2021-09-17 14:21:24,846 [grpc-default-executor-1] INFO  server.RaftServer$Division (RaftServerImpl.java:installSnapshot(1340)) - de6c936e-076b-4b64-8302-91a02f19e2c3@group-50EB3B9E447A: reply installSnapshot: 62c51671-a275-468c-9a91-cfb1a6740248<-de6c936e-076b-4b64-8302-91a02f19e2c3#0:FAIL-t2,IN_PROGRESS
2021-09-17 14:21:24,846 [grpc-default-executor-1] INFO  server.GrpcServerProtocolService (GrpcServerProtocolService.java:onCompleted(140)) - de6c936e-076b-4b64-8302-91a02f19e2c3: Completed INSTALL_SNAPSHOT, lastRequest: 62c51671-a275-468c-9a91-cfb1a6740248->de6c936e-076b-4b64-8302-91a02f19e2c3#0-t2,notify:(t:2, i:1)
2021-09-17 14:21:24,850 [grpc-default-executor-3] INFO  leader.FollowerInfo (FollowerInfoImpl.java:lambda$new$0(46)) - 62c51671-a275-468c-9a91-cfb1a6740248@group-50EB3B9E447A->de6c936e-076b-4b64-8302-91a02f19e2c3: nextIndex: updateUnconditionally 0 -> 0
2021-09-17 14:21:24,850 [grpc-default-executor-1] INFO  server.GrpcLogAppender (GrpcLogAppender.java:onNext(400)) - 62c51671-a275-468c-9a91-cfb1a6740248@group-50EB3B9E447A->de6c936e-076b-4b64-8302-91a02f19e2c3-InstallSnapshotResponseHandler: received a reply 62c51671-a275-468c-9a91-cfb1a6740248<-de6c936e-076b-4b64-8302-91a02f19e2c3#0:FAIL-t2,IN_PROGRESS
2021-09-17 14:21:24,850 [grpc-default-executor-1] INFO  server.GrpcLogAppender (GrpcLogAppender.java:onNext(417)) - 62c51671-a275-468c-9a91-cfb1a6740248@group-50EB3B9E447A->de6c936e-076b-4b64-8302-91a02f19e2c3-InstallSnapshotResponseHandler: InstallSnapshot in progress.
2021-09-17 14:21:24,854 [62c51671-a275-468c-9a91-cfb1a6740248@group-50EB3B9E447A->de6c936e-076b-4b64-8302-91a02f19e2c3-GrpcLogAppender-LogAppenderDaemon] INFO  server.GrpcLogAppender (GrpcLogAppender.java:installSnapshot(524)) - 62c51671-a275-468c-9a91-cfb1a6740248@group-50EB3B9E447A->de6c936e-076b-4b64-8302-91a02f19e2c3-GrpcLogAppender: followerNextIndex = 0 but logStartIndex = 1, notify follower to install snapshot-(t:2, i:1)
2021-09-17 14:21:24,854 [grpc-default-executor-1] INFO  server.RaftServer$Division (RaftServerImpl.java:checkInconsistentAppendEntries(1293)) - de6c936e-076b-4b64-8302-91a02f19e2c3@group-50EB3B9E447A: Failed appendEntries as snapshot ((t:2, i:1)) installation is in progress
2021-09-17 14:21:24,854 [62c51671-a275-468c-9a91-cfb1a6740248@group-50EB3B9E447A->de6c936e-076b-4b64-8302-91a02f19e2c3-GrpcLogAppender-LogAppenderDaemon] INFO  server.GrpcLogAppender (GrpcLogAppender.java:installSnapshot(532)) - 62c51671-a275-468c-9a91-cfb1a6740248@group-50EB3B9E447A->de6c936e-076b-4b64-8302-91a02f19e2c3-GrpcLogAppender: send 62c51671-a275-468c-9a91-cfb1a6740248->de6c936e-076b-4b64-8302-91a02f19e2c3#0-t2,notify:(t:2, i:1)
2021-09-17 14:21:24,854 [grpc-default-executor-1] INFO  server.RaftServer$Division (RaftServerImpl.java:checkInconsistentAppendEntries(1285)) - de6c936e-076b-4b64-8302-91a02f19e2c3@group-50EB3B9E447A: inconsistency entries. Reply:62c51671-a275-468c-9a91-cfb1a6740248<-de6c936e-076b-4b64-8302-91a02f19e2c3#2:FAIL-t2,INCONSISTENCY,nextIndex=0,followerCommit=-1
2021-09-17 14:21:24,855 [grpc-default-executor-1] INFO  leader.FollowerInfo (FollowerInfoImpl.java:lambda$new$0(46)) - 62c51671-a275-468c-9a91-cfb1a6740248@group-50EB3B9E447A->de6c936e-076b-4b64-8302-91a02f19e2c3: nextIndex: updateUnconditionally 0 -> 0
2021-09-17 14:21:24,859 [grpc-default-executor-2] INFO  server.RaftServer$Division (RaftServerImpl.java:installSnapshot(1329)) - de6c936e-076b-4b64-8302-91a02f19e2c3@group-50EB3B9E447A: receive installSnapshot: 62c51671-a275-468c-9a91-cfb1a6740248->de6c936e-076b-4b64-8302-91a02f19e2c3#0-t2,notify:(t:2, i:1)
2021-09-17 14:21:24,859 [grpc-default-executor-2] INFO  server.RaftServer$Division (RaftServerImpl.java:notifyStateMachineToInstallSnapshot(1611)) - de6c936e-076b-4b64-8302-91a02f19e2c3@group-50EB3B9E447A: Snapshot Installation by StateMachine is in progress.
2021-09-17 14:21:24,859 [grpc-default-executor-2] INFO  server.RaftServer$Division (RaftServerImpl.java:installSnapshotImpl(1459)) - de6c936e-076b-4b64-8302-91a02f19e2c3@group-50EB3B9E447A: set new configuration index: 5
configurationEntry {
  peers {
    id: "b698c972-2c25-4917-bf85-656ee0b35a6d"
    address: "localhost:13650"
  }
  peers {
    id: "62c51671-a275-468c-9a91-cfb1a6740248"
    address: "localhost:13640"
  }
}
 from snapshot
2021-09-17 14:21:24,859 [grpc-default-executor-2] INFO  server.RaftServer$Division (ServerState.java:setRaftConf(387)) - de6c936e-076b-4b64-8302-91a02f19e2c3@group-50EB3B9E447A: set configuration 5: [b698c972-2c25-4917-bf85-656ee0b35a6d|rpc:localhost:13650|admin:|client:|dataStream:|priority:0, 62c51671-a275-468c-9a91-cfb1a6740248|rpc:localhost:13640|admin:|client:|dataStream:|priority:0], old=null
2021-09-17 14:21:24,860 [grpc-default-executor-2] INFO  server.RaftServer$Division (RaftServerImpl.java:installSnapshot(1340)) - de6c936e-076b-4b64-8302-91a02f19e2c3@group-50EB3B9E447A: reply installSnapshot: 62c51671-a275-468c-9a91-cfb1a6740248<-de6c936e-076b-4b64-8302-91a02f19e2c3#0:FAIL-t2,IN_PROGRESS
2021-09-17 14:21:24,860 [grpc-default-executor-2] INFO  server.GrpcServerProtocolService (GrpcServerProtocolService.java:onCompleted(140)) - de6c936e-076b-4b64-8302-91a02f19e2c3: Completed INSTALL_SNAPSHOT, lastRequest: 62c51671-a275-468c-9a91-cfb1a6740248->de6c936e-076b-4b64-8302-91a02f19e2c3#0-t2,notify:(t:2, i:1)
2021-09-17 14:21:24,861 [grpc-default-executor-1] INFO  server.GrpcLogAppender (GrpcLogAppender.java:onNext(400)) - 62c51671-a275-468c-9a91-cfb1a6740248@group-50EB3B9E447A->de6c936e-076b-4b64-8302-91a02f19e2c3-InstallSnapshotResponseHandler: received a reply 62c51671-a275-468c-9a91-cfb1a6740248<-de6c936e-076b-4b64-8302-91a02f19e2c3#0:FAIL-t2,IN_PROGRESS
2021-09-17 14:21:24,861 [grpc-default-executor-1] INFO  server.GrpcLogAppender (GrpcLogAppender.java:onNext(417)) - 62c51671-a275-468c-9a91-cfb1a6740248@group-50EB3B9E447A->de6c936e-076b-4b64-8302-91a02f19e2c3-InstallSnapshotResponseHandler: InstallSnapshot in progress.
2021-09-17 14:21:24,874 [62c51671-a275-468c-9a91-cfb1a6740248@group-50EB3B9E447A->de6c936e-076b-4b64-8302-91a02f19e2c3-GrpcLogAppender-LogAppenderDaemon] INFO  server.GrpcLogAppender (GrpcLogAppender.java:installSnapshot(524)) - 62c51671-a275-468c-9a91-cfb1a6740248@group-50EB3B9E447A->de6c936e-076b-4b64-8302-91a02f19e2c3-GrpcLogAppender: followerNextIndex = 0 but logStartIndex = 1, notify follower to install snapshot-(t:2, i:1)
2021-09-17 14:21:24,874 [62c51671-a275-468c-9a91-cfb1a6740248@group-50EB3B9E447A->de6c936e-076b-4b64-8302-91a02f19e2c3-GrpcLogAppender-LogAppenderDaemon] INFO  server.GrpcLogAppender (GrpcLogAppender.java:installSnapshot(532)) - 62c51671-a275-468c-9a91-cfb1a6740248@group-50EB3B9E447A->de6c936e-076b-4b64-8302-91a02f19e2c3-GrpcLogAppender: send 62c51671-a275-468c-9a91-cfb1a6740248->de6c936e-076b-4b64-8302-91a02f19e2c3#0-t2,notify:(t:2, i:1)
2021-09-17 14:21:24,873 [grpc-default-executor-0] INFO  db.RDBCheckpointManager (RDBCheckpointManager.java:createCheckpoint(86)) - Created checkpoint at /home/runner/work/ozone/ozone/hadoop-ozone/integration-test/target/test-dir/MiniOzoneClusterImpl-3d3fab62-48bb-41e0-9886-50eb3b9e447a/scmNode-1/db.checkpoints/scm.db_checkpoint_1631888484845 in 28 milliseconds
2021-09-17 14:21:24,885 [grpc-default-executor-3] INFO  server.RaftServer$Division (RaftServerImpl.java:checkInconsistentAppendEntries(1293)) - de6c936e-076b-4b64-8302-91a02f19e2c3@group-50EB3B9E447A: Failed appendEntries as snapshot ((t:2, i:1)) installation is in progress
2021-09-17 14:21:24,885 [grpc-default-executor-3] INFO  server.RaftServer$Division (RaftServerImpl.java:checkInconsistentAppendEntries(1285)) - de6c936e-076b-4b64-8302-91a02f19e2c3@group-50EB3B9E447A: inconsistency entries. Reply:62c51671-a275-468c-9a91-cfb1a6740248<-de6c936e-076b-4b64-8302-91a02f19e2c3#3:FAIL-t2,INCONSISTENCY,nextIndex=0,followerCommit=-1
2021-09-17 14:21:24,888 [11f3a05e-de29-47e4-b752-c1c53d1088e4@group-162E583A0177-FollowerState] INFO  impl.FollowerState (FollowerState.java:run(134)) - 11f3a05e-de29-47e4-b752-c1c53d1088e4@group-162E583A0177-FollowerState: change to CANDIDATE, lastRpcElapsedTime:5085203082ns, electionTimeout:5064ms
2021-09-17 14:21:24,888 [11f3a05e-de29-47e4-b752-c1c53d1088e4@group-162E583A0177-FollowerState] INFO  impl.RoleInfo (RoleInfo.java:shutdownFollowerState(108)) - 11f3a05e-de29-47e4-b752-c1c53d1088e4: shutdown 11f3a05e-de29-47e4-b752-c1c53d1088e4@group-162E583A0177-FollowerState
2021-09-17 14:21:24,888 [11f3a05e-de29-47e4-b752-c1c53d1088e4@group-162E583A0177-FollowerState] INFO  server.RaftServer$Division (RaftServerImpl.java:setRole(285)) - 11f3a05e-de29-47e4-b752-c1c53d1088e4@group-162E583A0177: changes role from  FOLLOWER to CANDIDATE at term 0 for changeToCandidate
2021-09-17 14:21:24,888 [11f3a05e-de29-47e4-b752-c1c53d1088e4@group-162E583A0177-FollowerState] INFO  server.RaftServerConfigKeys (ConfUtils.java:logGet(44)) - raft.server.leaderelection.pre-vote = false (custom)
2021-09-17 14:21:24,888 [11f3a05e-de29-47e4-b752-c1c53d1088e4@group-162E583A0177-FollowerState] INFO  impl.RoleInfo (RoleInfo.java:updateAndGet(130)) - 11f3a05e-de29-47e4-b752-c1c53d1088e4: start 11f3a05e-de29-47e4-b752-c1c53d1088e4@group-162E583A0177-LeaderElection17
2021-09-17 14:21:24,892 [grpc-default-executor-0] INFO  ha.SCMGrpcOutputStream (SCMGrpcOutputStream.java:close(111)) - Sent 6089 bytes for cluster 3d3fab62-48bb-41e0-9886-50eb3b9e447a
2021-09-17 14:21:24,906 [grpc-default-executor-2] INFO  server.RaftServer$Division (RaftServerImpl.java:installSnapshot(1329)) - de6c936e-076b-4b64-8302-91a02f19e2c3@group-50EB3B9E447A: receive installSnapshot: 62c51671-a275-468c-9a91-cfb1a6740248->de6c936e-076b-4b64-8302-91a02f19e2c3#0-t2,notify:(t:2, i:1)
2021-09-17 14:21:24,906 [grpc-default-executor-0] INFO  ha.SCMDBCheckpointProvider (SCMDBCheckpointProvider.java:writeDBCheckPointToSream(73)) - Time taken to write the checkpoint to response output stream: 31 milliseconds
2021-09-17 14:21:24,906 [grpc-default-executor-2] INFO  server.RaftServer$Division (RaftServerImpl.java:notifyStateMachineToInstallSnapshot(1611)) - de6c936e-076b-4b64-8302-91a02f19e2c3@group-50EB3B9E447A: Snapshot Installation by StateMachine is in progress.
2021-09-17 14:21:24,912 [grpc-default-executor-2] INFO  server.RaftServer$Division (RaftServerImpl.java:installSnapshotImpl(1459)) - de6c936e-076b-4b64-8302-91a02f19e2c3@group-50EB3B9E447A: set new configuration index: 5
configurationEntry {
  peers {
    id: "b698c972-2c25-4917-bf85-656ee0b35a6d"
    address: "localhost:13650"
  }
  peers {
    id: "62c51671-a275-468c-9a91-cfb1a6740248"
    address: "localhost:13640"
  }
}
 from snapshot
2021-09-17 14:21:24,912 [grpc-default-executor-2] INFO  server.RaftServer$Division (ServerState.java:setRaftConf(387)) - de6c936e-076b-4b64-8302-91a02f19e2c3@group-50EB3B9E447A: set configuration 5: [b698c972-2c25-4917-bf85-656ee0b35a6d|rpc:localhost:13650|admin:|client:|dataStream:|priority:0, 62c51671-a275-468c-9a91-cfb1a6740248|rpc:localhost:13640|admin:|client:|dataStream:|priority:0], old=null
2021-09-17 14:21:24,913 [grpc-default-executor-2] INFO  server.RaftServer$Division (RaftServerImpl.java:installSnapshot(1340)) - de6c936e-076b-4b64-8302-91a02f19e2c3@group-50EB3B9E447A: reply installSnapshot: 62c51671-a275-468c-9a91-cfb1a6740248<-de6c936e-076b-4b64-8302-91a02f19e2c3#0:FAIL-t2,IN_PROGRESS
2021-09-17 14:21:24,913 [grpc-default-executor-2] INFO  server.GrpcServerProtocolService (GrpcServerProtocolService.java:onCompleted(140)) - de6c936e-076b-4b64-8302-91a02f19e2c3: Completed INSTALL_SNAPSHOT, lastRequest: 62c51671-a275-468c-9a91-cfb1a6740248->de6c936e-076b-4b64-8302-91a02f19e2c3#0-t2,notify:(t:2, i:1)
2021-09-17 14:21:24,906 [grpc-default-executor-0] INFO  db.RocksDBCheckpoint (RocksDBCheckpoint.java:cleanupCheckpoint(78)) - Cleaning up RocksDB checkpoint at /home/runner/work/ozone/ozone/hadoop-ozone/integration-test/target/test-dir/MiniOzoneClusterImpl-3d3fab62-48bb-41e0-9886-50eb3b9e447a/scmNode-1/db.checkpoints/scm.db_checkpoint_1631888484845
2021-09-17 14:21:24,915 [grpc-default-executor-1] INFO  leader.FollowerInfo (FollowerInfoImpl.java:lambda$new$0(46)) - 62c51671-a275-468c-9a91-cfb1a6740248@group-50EB3B9E447A->de6c936e-076b-4b64-8302-91a02f19e2c3: nextIndex: updateUnconditionally 0 -> 0
2021-09-17 14:21:24,917 [11f3a05e-de29-47e4-b752-c1c53d1088e4@group-162E583A0177-LeaderElection17] INFO  impl.LeaderElection (LeaderElection.java:askForVotes(306)) - 11f3a05e-de29-47e4-b752-c1c53d1088e4@group-162E583A0177-LeaderElection17 ELECTION round 0: submit vote requests at term 1 for -1: [11f3a05e-de29-47e4-b752-c1c53d1088e4|rpc:127.0.0.1:41235|priority:1], old=null
2021-09-17 14:21:24,917 [11f3a05e-de29-47e4-b752-c1c53d1088e4@group-162E583A0177-LeaderElection17] INFO  impl.LeaderElection (LeaderElection.java:askForVotes(308)) - 11f3a05e-de29-47e4-b752-c1c53d1088e4@group-162E583A0177-LeaderElection17 ELECTION round 0: result PASSED (term=1)
2021-09-17 14:21:24,917 [11f3a05e-de29-47e4-b752-c1c53d1088e4@group-162E583A0177-LeaderElection17] INFO  impl.RoleInfo (RoleInfo.java:shutdownLeaderElection(121)) - 11f3a05e-de29-47e4-b752-c1c53d1088e4: shutdown 11f3a05e-de29-47e4-b752-c1c53d1088e4@group-162E583A0177-LeaderElection17
2021-09-17 14:21:24,917 [11f3a05e-de29-47e4-b752-c1c53d1088e4@group-162E583A0177-LeaderElection17] INFO  server.RaftServer$Division (RaftServerImpl.java:setRole(285)) - 11f3a05e-de29-47e4-b752-c1c53d1088e4@group-162E583A0177: changes role from CANDIDATE to LEADER at term 1 for changeToLeader
2021-09-17 14:21:24,917 [11f3a05e-de29-47e4-b752-c1c53d1088e4@group-162E583A0177-LeaderElection17] INFO  ratis.XceiverServerRatis (XceiverServerRatis.java:handleLeaderChangedNotification(860)) - Leader change notification received for group: group-162E583A0177 with new leaderId: 11f3a05e-de29-47e4-b752-c1c53d1088e4
2021-09-17 14:21:24,919 [grpc-default-executor-3] INFO  ha.InterSCMGrpcClient (InterSCMGrpcClient.java:onCompleted(173)) - Checkpoint is downloaded to /home/runner/work/ozone/ozone/hadoop-ozone/integration-test/target/test-dir/MiniOzoneClusterImpl-3d3fab62-48bb-41e0-9886-50eb3b9e447a/scmNode-3/snapshot/scm.db-scmNode-1-1631888484812.tar.gz
2021-09-17 14:21:24,928 [grpc-default-executor-4] INFO  server.GrpcLogAppender (GrpcLogAppender.java:onNext(400)) - 62c51671-a275-468c-9a91-cfb1a6740248@group-50EB3B9E447A->de6c936e-076b-4b64-8302-91a02f19e2c3-InstallSnapshotResponseHandler: received a reply 62c51671-a275-468c-9a91-cfb1a6740248<-de6c936e-076b-4b64-8302-91a02f19e2c3#0:FAIL-t2,IN_PROGRESS
2021-09-17 14:21:24,928 [grpc-default-executor-4] INFO  server.GrpcLogAppender (GrpcLogAppender.java:onNext(417)) - 62c51671-a275-468c-9a91-cfb1a6740248@group-50EB3B9E447A->de6c936e-076b-4b64-8302-91a02f19e2c3-InstallSnapshotResponseHandler: InstallSnapshot in progress.
2021-09-17 14:21:24,929 [11f3a05e-de29-47e4-b752-c1c53d1088e4@group-162E583A0177-LeaderElection17] INFO  server.RaftServer$Division (ServerState.java:setLeader(285)) - 11f3a05e-de29-47e4-b752-c1c53d1088e4@group-162E583A0177: change Leader from null to 11f3a05e-de29-47e4-b752-c1c53d1088e4 at term 1 for becomeLeader, leader elected after 5134ms
2021-09-17 14:21:24,929 [11f3a05e-de29-47e4-b752-c1c53d1088e4@group-162E583A0177-LeaderElection17] INFO  server.RaftServerConfigKeys (ConfUtils.java:logGet(44)) - raft.server.staging.catchup.gap = 1000 (default)
2021-09-17 14:21:24,929 [62c51671-a275-468c-9a91-cfb1a6740248@group-50EB3B9E447A->de6c936e-076b-4b64-8302-91a02f19e2c3-GrpcLogAppender-LogAppenderDaemon] INFO  server.GrpcLogAppender (GrpcLogAppender.java:installSnapshot(524)) - 62c51671-a275-468c-9a91-cfb1a6740248@group-50EB3B9E447A->de6c936e-076b-4b64-8302-91a02f19e2c3-GrpcLogAppender: followerNextIndex = 0 but logStartIndex = 1, notify follower to install snapshot-(t:2, i:1)
2021-09-17 14:21:24,929 [11f3a05e-de29-47e4-b752-c1c53d1088e4@group-162E583A0177-LeaderElection17] INFO  server.RaftServerConfigKeys (ConfUtils.java:logGet(44)) - raft.server.write.element-limit = 1024 (custom)
2021-09-17 14:21:24,929 [62c51671-a275-468c-9a91-cfb1a6740248@group-50EB3B9E447A->de6c936e-076b-4b64-8302-91a02f19e2c3-GrpcLogAppender-LogAppenderDaemon] INFO  server.GrpcLogAppender (GrpcLogAppender.java:installSnapshot(532)) - 62c51671-a275-468c-9a91-cfb1a6740248@group-50EB3B9E447A->de6c936e-076b-4b64-8302-91a02f19e2c3-GrpcLogAppender: send 62c51671-a275-468c-9a91-cfb1a6740248->de6c936e-076b-4b64-8302-91a02f19e2c3#0-t2,notify:(t:2, i:1)
2021-09-17 14:21:24,929 [11f3a05e-de29-47e4-b752-c1c53d1088e4@group-162E583A0177-LeaderElection17] INFO  server.RaftServerConfigKeys (ConfUtils.java:logGet(44)) - raft.server.write.byte-limit = 1024 M (=1073741824) (custom)
2021-09-17 14:21:24,929 [11f3a05e-de29-47e4-b752-c1c53d1088e4@group-162E583A0177-LeaderElection17] INFO  server.RaftServerConfigKeys (ConfUtils.java:logGet(44)) - raft.server.watch.timeout = 180s (custom)
2021-09-17 14:21:24,929 [11f3a05e-de29-47e4-b752-c1c53d1088e4@group-162E583A0177-LeaderElection17] INFO  server.RaftServerConfigKeys (ConfUtils.java:logGet(44)) - raft.server.watch.timeout.denomination = 1s (default)
2021-09-17 14:21:24,930 [11f3a05e-de29-47e4-b752-c1c53d1088e4@group-162E583A0177-LeaderElection17] INFO  server.RaftServerConfigKeys (ConfUtils.java:logGet(44)) - raft.server.watch.element-limit = 65536 (default)
2021-09-17 14:21:24,930 [11f3a05e-de29-47e4-b752-c1c53d1088e4@group-162E583A0177-LeaderElection17] INFO  impl.RoleInfo (RoleInfo.java:updateAndGet(130)) - 11f3a05e-de29-47e4-b752-c1c53d1088e4: start 11f3a05e-de29-47e4-b752-c1c53d1088e4@group-162E583A0177-LeaderStateImpl
2021-09-17 14:21:24,930 [11f3a05e-de29-47e4-b752-c1c53d1088e4@group-162E583A0177-LeaderElection17] INFO  segmented.SegmentedRaftLogWorker (SegmentedRaftLogWorker.java:startLogSegment(394)) - 11f3a05e-de29-47e4-b752-c1c53d1088e4@group-162E583A0177-SegmentedRaftLogWorker: Starting segment from index:0
2021-09-17 14:21:24,931 [11f3a05e-de29-47e4-b752-c1c53d1088e4@group-162E583A0177-LeaderElection17] INFO  server.RaftServer$Division (ServerState.java:setRaftConf(387)) - 11f3a05e-de29-47e4-b752-c1c53d1088e4@group-162E583A0177: set configuration 0: [11f3a05e-de29-47e4-b752-c1c53d1088e4|rpc:127.0.0.1:41235|dataStream:|priority:1], old=null
2021-09-17 14:21:24,932 [11f3a05e-de29-47e4-b752-c1c53d1088e4@group-162E583A0177-SegmentedRaftLogWorker] INFO  segmented.SegmentedRaftLogWorker (SegmentedRaftLogWorker.java:execute(601)) - 11f3a05e-de29-47e4-b752-c1c53d1088e4@group-162E583A0177-SegmentedRaftLogWorker: created new log segment /home/runner/work/ozone/ozone/hadoop-ozone/integration-test/target/test-dir/MiniOzoneClusterImpl-3d3fab62-48bb-41e0-9886-50eb3b9e447a/datanode-2/data/ratis/d9497c8e-5e84-4d19-a56a-162e583a0177/current/log_inprogress_0
2021-09-17 14:21:24,947 [grpc-default-executor-2] INFO  server.RaftServer$Division (RaftServerImpl.java:checkInconsistentAppendEntries(1293)) - de6c936e-076b-4b64-8302-91a02f19e2c3@group-50EB3B9E447A: Failed appendEntries as snapshot ((t:2, i:1)) installation is in progress
2021-09-17 14:21:24,947 [grpc-default-executor-2] INFO  server.RaftServer$Division (RaftServerImpl.java:checkInconsistentAppendEntries(1285)) - de6c936e-076b-4b64-8302-91a02f19e2c3@group-50EB3B9E447A: inconsistency entries. Reply:62c51671-a275-468c-9a91-cfb1a6740248<-de6c936e-076b-4b64-8302-91a02f19e2c3#4:FAIL-t2,INCONSISTENCY,nextIndex=0,followerCommit=-1
2021-09-17 14:21:24,949 [grpc-default-executor-3] INFO  server.RaftServer$Division (RaftServerImpl.java:installSnapshot(1329)) - de6c936e-076b-4b64-8302-91a02f19e2c3@group-50EB3B9E447A: receive installSnapshot: 62c51671-a275-468c-9a91-cfb1a6740248->de6c936e-076b-4b64-8302-91a02f19e2c3#0-t2,notify:(t:2, i:1)
2021-09-17 14:21:24,949 [grpc-default-executor-3] INFO  server.RaftServer$Division (RaftServerImpl.java:notifyStateMachineToInstallSnapshot(1611)) - de6c936e-076b-4b64-8302-91a02f19e2c3@group-50EB3B9E447A: Snapshot Installation by StateMachine is in progress.
2021-09-17 14:21:24,949 [grpc-default-executor-3] INFO  server.RaftServer$Division (RaftServerImpl.java:installSnapshotImpl(1459)) - de6c936e-076b-4b64-8302-91a02f19e2c3@group-50EB3B9E447A: set new configuration index: 5
configurationEntry {
  peers {
    id: "b698c972-2c25-4917-bf85-656ee0b35a6d"
    address: "localhost:13650"
  }
  peers {
    id: "62c51671-a275-468c-9a91-cfb1a6740248"
    address: "localhost:13640"
  }
}
 from snapshot
2021-09-17 14:21:24,949 [grpc-default-executor-3] INFO  server.RaftServer$Division (ServerState.java:setRaftConf(387)) - de6c936e-076b-4b64-8302-91a02f19e2c3@group-50EB3B9E447A: set configuration 5: [b698c972-2c25-4917-bf85-656ee0b35a6d|rpc:localhost:13650|admin:|client:|dataStream:|priority:0, 62c51671-a275-468c-9a91-cfb1a6740248|rpc:localhost:13640|admin:|client:|dataStream:|priority:0], old=null
2021-09-17 14:21:24,949 [grpc-default-executor-3] INFO  server.RaftServer$Division (RaftServerImpl.java:installSnapshot(1340)) - de6c936e-076b-4b64-8302-91a02f19e2c3@group-50EB3B9E447A: reply installSnapshot: 62c51671-a275-468c-9a91-cfb1a6740248<-de6c936e-076b-4b64-8302-91a02f19e2c3#0:FAIL-t2,IN_PROGRESS
2021-09-17 14:21:24,949 [grpc-default-executor-3] INFO  server.GrpcServerProtocolService (GrpcServerProtocolService.java:onCompleted(140)) - de6c936e-076b-4b64-8302-91a02f19e2c3: Completed INSTALL_SNAPSHOT, lastRequest: 62c51671-a275-468c-9a91-cfb1a6740248->de6c936e-076b-4b64-8302-91a02f19e2c3#0-t2,notify:(t:2, i:1)
2021-09-17 14:21:24,951 [pool-228-thread-1] INFO  ha.SCMSnapshotProvider (SCMSnapshotProvider.java:getSCMDBSnapshot(131)) - Successfully downloaded latest checkpoint from leader SCM: scmNode-1 path /home/runner/work/ozone/ozone/hadoop-ozone/integration-test/target/test-dir/MiniOzoneClusterImpl-3d3fab62-48bb-41e0-9886-50eb3b9e447a/scmNode-3/snapshot/scm.db-scmNode-1-1631888484812
2021-09-17 14:21:24,951 [pool-228-thread-1] INFO  ha.SCMHAManagerImpl (SCMHAManagerImpl.java:downloadCheckpointFromLeader(158)) - Downloaded checkpoint from Leader scmNode-1 to the location /home/runner/work/ozone/ozone/hadoop-ozone/integration-test/target/test-dir/MiniOzoneClusterImpl-3d3fab62-48bb-41e0-9886-50eb3b9e447a/scmNode-3/snapshot/scm.db-scmNode-1-1631888484812
2021-09-17 14:21:24,956 [Datanode State Machine Thread - 0] ERROR datanode.RunningDatanodeState (RunningDatanodeState.java:computeNextContainerState(199)) - Error in executing end point task.
java.util.concurrent.ExecutionException: java.util.concurrent.TimeoutException
	at java.util.concurrent.FutureTask.report(FutureTask.java:122)
	at java.util.concurrent.FutureTask.get(FutureTask.java:192)
	at org.apache.hadoop.ozone.container.common.states.datanode.RunningDatanodeState.computeNextContainerState(RunningDatanodeState.java:191)
	at org.apache.hadoop.ozone.container.common.states.datanode.RunningDatanodeState.await(RunningDatanodeState.java:231)
	at org.apache.hadoop.ozone.container.common.states.datanode.RunningDatanodeState.await(RunningDatanodeState.java:50)
	at org.apache.hadoop.ozone.container.common.statemachine.StateContext.execute(StateContext.java:629)
	at org.apache.hadoop.ozone.container.common.statemachine.DatanodeStateMachine.start(DatanodeStateMachine.java:270)
	at org.apache.hadoop.ozone.container.common.statemachine.DatanodeStateMachine.lambda$startDaemon$0(DatanodeStateMachine.java:457)
	at java.lang.Thread.run(Thread.java:748)
Caused by: java.util.concurrent.TimeoutException
	at java.util.concurrent.FutureTask.get(FutureTask.java:205)
	at org.apache.hadoop.ozone.container.common.states.datanode.RunningDatanodeState.lambda$execute$0(RunningDatanodeState.java:149)
	at java.util.concurrent.FutureTask.run(FutureTask.java:266)
	at java.util.concurrent.Executors$RunnableAdapter.call(Executors.java:511)
	at java.util.concurrent.FutureTask.run(FutureTask.java:266)
	at java.util.concurrent.ThreadPoolExecutor.runWorker(ThreadPoolExecutor.java:1149)
	at java.util.concurrent.ThreadPoolExecutor$Worker.run(ThreadPoolExecutor.java:624)
	... 1 more
2021-09-17 14:21:24,958 [grpc-default-executor-3] INFO  leader.FollowerInfo (FollowerInfoImpl.java:lambda$new$0(46)) - 62c51671-a275-468c-9a91-cfb1a6740248@group-50EB3B9E447A->de6c936e-076b-4b64-8302-91a02f19e2c3: nextIndex: updateUnconditionally 0 -> 0
2021-09-17 14:21:24,966 [EndpointStateMachine task thread for /127.0.0.1:14625 - 0 ] INFO  ipc.Client (Client.java:handleConnectionFailure(977)) - Retrying connect to server: localhost/127.0.0.1:14625. Already tried 14 time(s); retry policy is RetryUpToMaximumCountWithFixedSleep(maxRetries=15, sleepTime=1000 MILLISECONDS)
2021-09-17 14:21:24,976 [grpc-default-executor-3] INFO  server.GrpcLogAppender (GrpcLogAppender.java:onNext(400)) - 62c51671-a275-468c-9a91-cfb1a6740248@group-50EB3B9E447A->de6c936e-076b-4b64-8302-91a02f19e2c3-InstallSnapshotResponseHandler: received a reply 62c51671-a275-468c-9a91-cfb1a6740248<-de6c936e-076b-4b64-8302-91a02f19e2c3#0:FAIL-t2,IN_PROGRESS
2021-09-17 14:21:24,976 [grpc-default-executor-3] INFO  server.GrpcLogAppender (GrpcLogAppender.java:onNext(417)) - 62c51671-a275-468c-9a91-cfb1a6740248@group-50EB3B9E447A->de6c936e-076b-4b64-8302-91a02f19e2c3-InstallSnapshotResponseHandler: InstallSnapshot in progress.
2021-09-17 14:21:24,976 [EndpointStateMachine task thread for /127.0.0.1:14615 - 0 ] INFO  ipc.Client (Client.java:handleConnectionFailure(977)) - Retrying connect to server: localhost/127.0.0.1:14615. Already tried 14 time(s); retry policy is RetryUpToMaximumCountWithFixedSleep(maxRetries=15, sleepTime=1000 MILLISECONDS)
2021-09-17 14:21:24,992 [62c51671-a275-468c-9a91-cfb1a6740248@group-50EB3B9E447A->de6c936e-076b-4b64-8302-91a02f19e2c3-GrpcLogAppender-LogAppenderDaemon] INFO  server.GrpcLogAppender (GrpcLogAppender.java:installSnapshot(524)) - 62c51671-a275-468c-9a91-cfb1a6740248@group-50EB3B9E447A->de6c936e-076b-4b64-8302-91a02f19e2c3-GrpcLogAppender: followerNextIndex = 0 but logStartIndex = 1, notify follower to install snapshot-(t:2, i:1)
2021-09-17 14:21:24,992 [62c51671-a275-468c-9a91-cfb1a6740248@group-50EB3B9E447A->de6c936e-076b-4b64-8302-91a02f19e2c3-GrpcLogAppender-LogAppenderDaemon] INFO  server.GrpcLogAppender (GrpcLogAppender.java:installSnapshot(532)) - 62c51671-a275-468c-9a91-cfb1a6740248@group-50EB3B9E447A->de6c936e-076b-4b64-8302-91a02f19e2c3-GrpcLogAppender: send 62c51671-a275-468c-9a91-cfb1a6740248->de6c936e-076b-4b64-8302-91a02f19e2c3#0-t2,notify:(t:2, i:1)
2021-09-17 14:21:25,000 [grpc-default-executor-2] INFO  server.RaftServer$Division (RaftServerImpl.java:checkInconsistentAppendEntries(1293)) - de6c936e-076b-4b64-8302-91a02f19e2c3@group-50EB3B9E447A: Failed appendEntries as snapshot ((t:2, i:1)) installation is in progress
2021-09-17 14:21:25,001 [grpc-default-executor-2] INFO  server.RaftServer$Division (RaftServerImpl.java:checkInconsistentAppendEntries(1285)) - de6c936e-076b-4b64-8302-91a02f19e2c3@group-50EB3B9E447A: inconsistency entries. Reply:62c51671-a275-468c-9a91-cfb1a6740248<-de6c936e-076b-4b64-8302-91a02f19e2c3#5:FAIL-t2,INCONSISTENCY,nextIndex=0,followerCommit=-1
2021-09-17 14:21:25,001 [grpc-default-executor-2] INFO  leader.FollowerInfo (FollowerInfoImpl.java:lambda$new$0(46)) - 62c51671-a275-468c-9a91-cfb1a6740248@group-50EB3B9E447A->de6c936e-076b-4b64-8302-91a02f19e2c3: nextIndex: updateUnconditionally 0 -> 0
2021-09-17 14:21:25,006 [grpc-default-executor-3] INFO  server.RaftServer$Division (RaftServerImpl.java:installSnapshot(1329)) - de6c936e-076b-4b64-8302-91a02f19e2c3@group-50EB3B9E447A: receive installSnapshot: 62c51671-a275-468c-9a91-cfb1a6740248->de6c936e-076b-4b64-8302-91a02f19e2c3#0-t2,notify:(t:2, i:1)
2021-09-17 14:21:25,006 [grpc-default-executor-3] INFO  server.RaftServer$Division (RaftServerImpl.java:notifyStateMachineToInstallSnapshot(1611)) - de6c936e-076b-4b64-8302-91a02f19e2c3@group-50EB3B9E447A: Snapshot Installation by StateMachine is in progress.
2021-09-17 14:21:25,006 [grpc-default-executor-3] INFO  server.RaftServer$Division (RaftServerImpl.java:installSnapshotImpl(1459)) - de6c936e-076b-4b64-8302-91a02f19e2c3@group-50EB3B9E447A: set new configuration index: 5
configurationEntry {
  peers {
    id: "b698c972-2c25-4917-bf85-656ee0b35a6d"
    address: "localhost:13650"
  }
  peers {
    id: "62c51671-a275-468c-9a91-cfb1a6740248"
    address: "localhost:13640"
  }
}
 from snapshot
2021-09-17 14:21:25,006 [grpc-default-executor-3] INFO  server.RaftServer$Division (ServerState.java:setRaftConf(387)) - de6c936e-076b-4b64-8302-91a02f19e2c3@group-50EB3B9E447A: set configuration 5: [b698c972-2c25-4917-bf85-656ee0b35a6d|rpc:localhost:13650|admin:|client:|dataStream:|priority:0, 62c51671-a275-468c-9a91-cfb1a6740248|rpc:localhost:13640|admin:|client:|dataStream:|priority:0], old=null
2021-09-17 14:21:25,006 [grpc-default-executor-3] INFO  server.RaftServer$Division (RaftServerImpl.java:installSnapshot(1340)) - de6c936e-076b-4b64-8302-91a02f19e2c3@group-50EB3B9E447A: reply installSnapshot: 62c51671-a275-468c-9a91-cfb1a6740248<-de6c936e-076b-4b64-8302-91a02f19e2c3#0:FAIL-t2,IN_PROGRESS
2021-09-17 14:21:25,007 [grpc-default-executor-3] INFO  server.GrpcServerProtocolService (GrpcServerProtocolService.java:onCompleted(140)) - de6c936e-076b-4b64-8302-91a02f19e2c3: Completed INSTALL_SNAPSHOT, lastRequest: 62c51671-a275-468c-9a91-cfb1a6740248->de6c936e-076b-4b64-8302-91a02f19e2c3#0-t2,notify:(t:2, i:1)
2021-09-17 14:21:25,007 [grpc-default-executor-2] INFO  server.GrpcLogAppender (GrpcLogAppender.java:onNext(400)) - 62c51671-a275-468c-9a91-cfb1a6740248@group-50EB3B9E447A->de6c936e-076b-4b64-8302-91a02f19e2c3-InstallSnapshotResponseHandler: received a reply 62c51671-a275-468c-9a91-cfb1a6740248<-de6c936e-076b-4b64-8302-91a02f19e2c3#0:FAIL-t2,IN_PROGRESS
2021-09-17 14:21:25,007 [grpc-default-executor-2] INFO  server.GrpcLogAppender (GrpcLogAppender.java:onNext(417)) - 62c51671-a275-468c-9a91-cfb1a6740248@group-50EB3B9E447A->de6c936e-076b-4b64-8302-91a02f19e2c3-InstallSnapshotResponseHandler: InstallSnapshot in progress.
2021-09-17 14:21:25,017 [62c51671-a275-468c-9a91-cfb1a6740248@group-50EB3B9E447A->de6c936e-076b-4b64-8302-91a02f19e2c3-GrpcLogAppender-LogAppenderDaemon] INFO  server.GrpcLogAppender (GrpcLogAppender.java:installSnapshot(524)) - 62c51671-a275-468c-9a91-cfb1a6740248@group-50EB3B9E447A->de6c936e-076b-4b64-8302-91a02f19e2c3-GrpcLogAppender: followerNextIndex = 0 but logStartIndex = 1, notify follower to install snapshot-(t:2, i:1)
2021-09-17 14:21:25,017 [62c51671-a275-468c-9a91-cfb1a6740248@group-50EB3B9E447A->de6c936e-076b-4b64-8302-91a02f19e2c3-GrpcLogAppender-LogAppenderDaemon] INFO  server.GrpcLogAppender (GrpcLogAppender.java:installSnapshot(532)) - 62c51671-a275-468c-9a91-cfb1a6740248@group-50EB3B9E447A->de6c936e-076b-4b64-8302-91a02f19e2c3-GrpcLogAppender: send 62c51671-a275-468c-9a91-cfb1a6740248->de6c936e-076b-4b64-8302-91a02f19e2c3#0-t2,notify:(t:2, i:1)
2021-09-17 14:21:25,018 [grpc-default-executor-2] INFO  server.RaftServer$Division (RaftServerImpl.java:checkInconsistentAppendEntries(1293)) - de6c936e-076b-4b64-8302-91a02f19e2c3@group-50EB3B9E447A: Failed appendEntries as snapshot ((t:2, i:1)) installation is in progress
2021-09-17 14:21:25,018 [grpc-default-executor-2] INFO  server.RaftServer$Division (RaftServerImpl.java:checkInconsistentAppendEntries(1285)) - de6c936e-076b-4b64-8302-91a02f19e2c3@group-50EB3B9E447A: inconsistency entries. Reply:62c51671-a275-468c-9a91-cfb1a6740248<-de6c936e-076b-4b64-8302-91a02f19e2c3#6:FAIL-t2,INCONSISTENCY,nextIndex=0,followerCommit=-1
2021-09-17 14:21:25,019 [grpc-default-executor-2] INFO  leader.FollowerInfo (FollowerInfoImpl.java:lambda$new$0(46)) - 62c51671-a275-468c-9a91-cfb1a6740248@group-50EB3B9E447A->de6c936e-076b-4b64-8302-91a02f19e2c3: nextIndex: updateUnconditionally 0 -> 0
2021-09-17 14:21:25,028 [grpc-default-executor-3] INFO  server.RaftServer$Division (RaftServerImpl.java:installSnapshot(1329)) - de6c936e-076b-4b64-8302-91a02f19e2c3@group-50EB3B9E447A: receive installSnapshot: 62c51671-a275-468c-9a91-cfb1a6740248->de6c936e-076b-4b64-8302-91a02f19e2c3#0-t2,notify:(t:2, i:1)
2021-09-17 14:21:25,028 [grpc-default-executor-3] INFO  server.RaftServer$Division (RaftServerImpl.java:notifyStateMachineToInstallSnapshot(1611)) - de6c936e-076b-4b64-8302-91a02f19e2c3@group-50EB3B9E447A: Snapshot Installation by StateMachine is in progress.
2021-09-17 14:21:25,037 [grpc-default-executor-3] INFO  server.RaftServer$Division (RaftServerImpl.java:installSnapshotImpl(1459)) - de6c936e-076b-4b64-8302-91a02f19e2c3@group-50EB3B9E447A: set new configuration index: 5
configurationEntry {
  peers {
    id: "b698c972-2c25-4917-bf85-656ee0b35a6d"
    address: "localhost:13650"
  }
  peers {
    id: "62c51671-a275-468c-9a91-cfb1a6740248"
    address: "localhost:13640"
  }
}
 from snapshot
2021-09-17 14:21:25,037 [grpc-default-executor-3] INFO  server.RaftServer$Division (ServerState.java:setRaftConf(387)) - de6c936e-076b-4b64-8302-91a02f19e2c3@group-50EB3B9E447A: set configuration 5: [b698c972-2c25-4917-bf85-656ee0b35a6d|rpc:localhost:13650|admin:|client:|dataStream:|priority:0, 62c51671-a275-468c-9a91-cfb1a6740248|rpc:localhost:13640|admin:|client:|dataStream:|priority:0], old=null
2021-09-17 14:21:25,037 [grpc-default-executor-3] INFO  server.RaftServer$Division (RaftServerImpl.java:installSnapshot(1340)) - de6c936e-076b-4b64-8302-91a02f19e2c3@group-50EB3B9E447A: reply installSnapshot: 62c51671-a275-468c-9a91-cfb1a6740248<-de6c936e-076b-4b64-8302-91a02f19e2c3#0:FAIL-t2,IN_PROGRESS
2021-09-17 14:21:25,038 [grpc-default-executor-3] INFO  server.GrpcServerProtocolService (GrpcServerProtocolService.java:onCompleted(140)) - de6c936e-076b-4b64-8302-91a02f19e2c3: Completed INSTALL_SNAPSHOT, lastRequest: 62c51671-a275-468c-9a91-cfb1a6740248->de6c936e-076b-4b64-8302-91a02f19e2c3#0-t2,notify:(t:2, i:1)
2021-09-17 14:21:25,039 [grpc-default-executor-4] INFO  server.GrpcLogAppender (GrpcLogAppender.java:onNext(400)) - 62c51671-a275-468c-9a91-cfb1a6740248@group-50EB3B9E447A->de6c936e-076b-4b64-8302-91a02f19e2c3-InstallSnapshotResponseHandler: received a reply 62c51671-a275-468c-9a91-cfb1a6740248<-de6c936e-076b-4b64-8302-91a02f19e2c3#0:FAIL-t2,IN_PROGRESS
2021-09-17 14:21:25,039 [grpc-default-executor-4] INFO  server.GrpcLogAppender (GrpcLogAppender.java:onNext(417)) - 62c51671-a275-468c-9a91-cfb1a6740248@group-50EB3B9E447A->de6c936e-076b-4b64-8302-91a02f19e2c3-InstallSnapshotResponseHandler: InstallSnapshot in progress.
2021-09-17 14:21:25,047 [pool-228-thread-1] INFO  ha.SCMHAManagerImpl (SCMHAManagerImpl.java:verifyCheckpointFromLeader(172)) - Installing checkpoint with SCMTransactionInfo 2#24
2021-09-17 14:21:25,047 [pool-228-thread-1] INFO  server.RaftServer$Division (RaftServerImpl.java:lambda$notifyStateMachineToInstallSnapshot$30(1594)) - de6c936e-076b-4b64-8302-91a02f19e2c3@group-50EB3B9E447A: StateMachine successfully installed snapshot index 24. Reloading the StateMachine.
2021-09-17 14:21:25,047 [pool-228-thread-1] INFO  segmented.SegmentedRaftLogWorker (SegmentedRaftLogWorker.java:lambda$new$0(133)) - de6c936e-076b-4b64-8302-91a02f19e2c3@group-50EB3B9E447A-SegmentedRaftLogWorker: flushIndex: setUnconditionally -1 -> 24
2021-09-17 14:21:25,047 [pool-228-thread-1] INFO  segmented.SegmentedRaftLogWorker (SegmentedRaftLogWorker.java:lambda$new$0(133)) - de6c936e-076b-4b64-8302-91a02f19e2c3@group-50EB3B9E447A-SegmentedRaftLogWorker: safeCacheEvictIndex: setUnconditionally -1 -> 24
2021-09-17 14:21:25,047 [pool-228-thread-1] INFO  raftlog.RaftLog (RaftLogBase.java:lambda$new$0(53)) - de6c936e-076b-4b64-8302-91a02f19e2c3@group-50EB3B9E447A-SegmentedRaftLog: snapshotIndex: updateIncreasingly -1 -> 24
2021-09-17 14:21:25,047 [62c51671-a275-468c-9a91-cfb1a6740248@group-50EB3B9E447A->de6c936e-076b-4b64-8302-91a02f19e2c3-GrpcLogAppender-LogAppenderDaemon] INFO  server.GrpcLogAppender (GrpcLogAppender.java:installSnapshot(524)) - 62c51671-a275-468c-9a91-cfb1a6740248@group-50EB3B9E447A->de6c936e-076b-4b64-8302-91a02f19e2c3-GrpcLogAppender: followerNextIndex = 0 but logStartIndex = 1, notify follower to install snapshot-(t:2, i:1)
2021-09-17 14:21:25,047 [62c51671-a275-468c-9a91-cfb1a6740248@group-50EB3B9E447A->de6c936e-076b-4b64-8302-91a02f19e2c3-GrpcLogAppender-LogAppenderDaemon] INFO  server.GrpcLogAppender (GrpcLogAppender.java:installSnapshot(532)) - 62c51671-a275-468c-9a91-cfb1a6740248@group-50EB3B9E447A->de6c936e-076b-4b64-8302-91a02f19e2c3-GrpcLogAppender: send 62c51671-a275-468c-9a91-cfb1a6740248->de6c936e-076b-4b64-8302-91a02f19e2c3#0-t2,notify:(t:2, i:1)
2021-09-17 14:21:25,088 [grpc-default-executor-3] INFO  server.RaftServer$Division (RaftServerImpl.java:installSnapshot(1329)) - de6c936e-076b-4b64-8302-91a02f19e2c3@group-50EB3B9E447A: receive installSnapshot: 62c51671-a275-468c-9a91-cfb1a6740248->de6c936e-076b-4b64-8302-91a02f19e2c3#0-t2,notify:(t:2, i:1)
2021-09-17 14:21:25,088 [grpc-default-executor-3] INFO  server.RaftServer$Division (RaftServerImpl.java:notifyStateMachineToInstallSnapshot(1560)) - de6c936e-076b-4b64-8302-91a02f19e2c3@group-50EB3B9E447A: StateMachine snapshotIndex is 24
2021-09-17 14:21:25,089 [grpc-default-executor-3] INFO  server.RaftServer$Division (RaftServerImpl.java:installSnapshotImpl(1459)) - de6c936e-076b-4b64-8302-91a02f19e2c3@group-50EB3B9E447A: set new configuration index: 5
configurationEntry {
  peers {
    id: "b698c972-2c25-4917-bf85-656ee0b35a6d"
    address: "localhost:13650"
  }
  peers {
    id: "62c51671-a275-468c-9a91-cfb1a6740248"
    address: "localhost:13640"
  }
}
 from snapshot
2021-09-17 14:21:25,089 [grpc-default-executor-3] INFO  server.RaftServer$Division (ServerState.java:setRaftConf(387)) - de6c936e-076b-4b64-8302-91a02f19e2c3@group-50EB3B9E447A: set configuration 5: [b698c972-2c25-4917-bf85-656ee0b35a6d|rpc:localhost:13650|admin:|client:|dataStream:|priority:0, 62c51671-a275-468c-9a91-cfb1a6740248|rpc:localhost:13640|admin:|client:|dataStream:|priority:0], old=null
2021-09-17 14:21:25,089 [grpc-default-executor-3] INFO  server.RaftServer$Division (RaftServerImpl.java:installSnapshot(1340)) - de6c936e-076b-4b64-8302-91a02f19e2c3@group-50EB3B9E447A: reply installSnapshot: 62c51671-a275-468c-9a91-cfb1a6740248<-de6c936e-076b-4b64-8302-91a02f19e2c3#0:FAIL-t2,ALREADY_INSTALLED,snapshotIndex=24
2021-09-17 14:21:25,089 [grpc-default-executor-3] INFO  server.GrpcServerProtocolService (GrpcServerProtocolService.java:onCompleted(140)) - de6c936e-076b-4b64-8302-91a02f19e2c3: Completed INSTALL_SNAPSHOT, lastRequest: 62c51671-a275-468c-9a91-cfb1a6740248->de6c936e-076b-4b64-8302-91a02f19e2c3#0-t2,notify:(t:2, i:1)
2021-09-17 14:21:25,100 [grpc-default-executor-4] INFO  server.GrpcLogAppender (GrpcLogAppender.java:onNext(400)) - 62c51671-a275-468c-9a91-cfb1a6740248@group-50EB3B9E447A->de6c936e-076b-4b64-8302-91a02f19e2c3-InstallSnapshotResponseHandler: received a reply 62c51671-a275-468c-9a91-cfb1a6740248<-de6c936e-076b-4b64-8302-91a02f19e2c3#0:FAIL-t2,ALREADY_INSTALLED,snapshotIndex=24
2021-09-17 14:21:25,100 [grpc-default-executor-4] INFO  server.GrpcLogAppender (GrpcLogAppender.java:onNext(422)) - 62c51671-a275-468c-9a91-cfb1a6740248@group-50EB3B9E447A->de6c936e-076b-4b64-8302-91a02f19e2c3-InstallSnapshotResponseHandler: Already Installed Snapshot Index 24.
2021-09-17 14:21:25,100 [grpc-default-executor-4] INFO  leader.FollowerInfo (FollowerInfoImpl.java:lambda$new$0(46)) - 62c51671-a275-468c-9a91-cfb1a6740248@group-50EB3B9E447A->de6c936e-076b-4b64-8302-91a02f19e2c3: snapshotIndex: setUnconditionally 0 -> 24
2021-09-17 14:21:25,100 [grpc-default-executor-4] INFO  leader.FollowerInfo (FollowerInfoImpl.java:lambda$new$0(46)) - 62c51671-a275-468c-9a91-cfb1a6740248@group-50EB3B9E447A->de6c936e-076b-4b64-8302-91a02f19e2c3: matchIndex: setUnconditionally 0 -> 24
2021-09-17 14:21:25,100 [grpc-default-executor-4] INFO  leader.FollowerInfo (FollowerInfoImpl.java:lambda$new$0(46)) - 62c51671-a275-468c-9a91-cfb1a6740248@group-50EB3B9E447A->de6c936e-076b-4b64-8302-91a02f19e2c3: nextIndex: setUnconditionally 0 -> 25
2021-09-17 14:21:25,100 [grpc-default-executor-4] INFO  leader.FollowerInfo (FollowerInfoImpl.java:lambda$new$0(46)) - 62c51671-a275-468c-9a91-cfb1a6740248@group-50EB3B9E447A->de6c936e-076b-4b64-8302-91a02f19e2c3: nextIndex: updateToMax old=25, new=25, updated? false
2021-09-17 14:21:25,117 [de6c936e-076b-4b64-8302-91a02f19e2c3@group-50EB3B9E447A-StateMachineUpdater] INFO  ha.SCMHAManagerImpl (SCMHAManagerImpl.java:installCheckpoint(227)) - Installing checkpoint with SCMTransactionInfo 2#24
2021-09-17 14:21:25,128 [de6c936e-076b-4b64-8302-91a02f19e2c3@group-50EB3B9E447A-StateMachineUpdater] INFO  ha.SCMHAManagerImpl (SCMHAManagerImpl.java:installCheckpoint(266)) - Replaced DB with checkpoint, term: 2, index: 24
2021-09-17 14:21:25,128 [de6c936e-076b-4b64-8302-91a02f19e2c3@group-50EB3B9E447A-StateMachineUpdater] WARN  utils.HAUtils (HAUtils.java:getMetaDir(342)) - ozone.scm.db.dirs is not configured. We recommend adding this setting. Falling back to ozone.metadata.dirs instead.
2021-09-17 14:21:25,129 [de6c936e-076b-4b64-8302-91a02f19e2c3@group-50EB3B9E447A-StateMachineUpdater] WARN  db.DBStoreBuilder (DBStoreBuilder.java:applyDBDefinition(145)) - ozone.scm.db.dirs is not configured. We recommend adding this setting. Falling back to ozone.metadata.dirs instead.
2021-09-17 14:21:25,223 [de6c936e-076b-4b64-8302-91a02f19e2c3@group-50EB3B9E447A-StateMachineUpdater] INFO  ha.SequenceIdGenerator (SequenceIdGenerator.java:reinitialize(165)) - reinitialize SequenceIdGenerator.
2021-09-17 14:21:25,236 [de6c936e-076b-4b64-8302-91a02f19e2c3@group-50EB3B9E447A-StateMachineUpdater] INFO  ha.SCMHAManagerImpl (SCMHAManagerImpl.java:installCheckpoint(277)) - Reloaded SCM state with Term: 2 and Index: 24
2021-09-17 14:21:25,237 [de6c936e-076b-4b64-8302-91a02f19e2c3@group-50EB3B9E447A-StateMachineUpdater] INFO  impl.StateMachineUpdater (StateMachineUpdater.java:lambda$new$0(89)) - de6c936e-076b-4b64-8302-91a02f19e2c3@group-50EB3B9E447A-StateMachineUpdater: snapshotIndex: setUnconditionally -1 -> 24
2021-09-17 14:21:25,238 [de6c936e-076b-4b64-8302-91a02f19e2c3@group-50EB3B9E447A-StateMachineUpdater] INFO  impl.StateMachineUpdater (StateMachineUpdater.java:lambda$new$0(89)) - de6c936e-076b-4b64-8302-91a02f19e2c3@group-50EB3B9E447A-StateMachineUpdater: appliedIndex: setUnconditionally -1 -> 24
2021-09-17 14:21:25,545 [EndpointStateMachine task thread for /127.0.0.1:14605 - 0 ] INFO  ipc.Client (Client.java:handleConnectionFailure(977)) - Retrying connect to server: localhost/127.0.0.1:14605. Already tried 1 time(s); retry policy is RetryUpToMaximumCountWithFixedSleep(maxRetries=15, sleepTime=1000 MILLISECONDS)
2021-09-17 14:21:25,967 [EndpointStateMachine task thread for /127.0.0.1:14625 - 0 ] INFO  ipc.Client (Client.java:handleConnectionFailure(977)) - Retrying connect to server: localhost/127.0.0.1:14625. Already tried 0 time(s); retry policy is RetryUpToMaximumCountWithFixedSleep(maxRetries=15, sleepTime=1000 MILLISECONDS)
2021-09-17 14:21:25,977 [EndpointStateMachine task thread for /127.0.0.1:14615 - 0 ] INFO  ipc.Client (Client.java:handleConnectionFailure(977)) - Retrying connect to server: localhost/127.0.0.1:14615. Already tried 0 time(s); retry policy is RetryUpToMaximumCountWithFixedSleep(maxRetries=15, sleepTime=1000 MILLISECONDS)
2021-09-17 14:21:26,545 [EndpointStateMachine task thread for /127.0.0.1:14605 - 0 ] INFO  ipc.Client (Client.java:handleConnectionFailure(977)) - Retrying connect to server: localhost/127.0.0.1:14605. Already tried 2 time(s); retry policy is RetryUpToMaximumCountWithFixedSleep(maxRetries=15, sleepTime=1000 MILLISECONDS)
2021-09-17 14:21:26,962 [Datanode State Machine Thread - 0] ERROR datanode.RunningDatanodeState (RunningDatanodeState.java:computeNextContainerState(199)) - Error in executing end point task.
java.util.concurrent.ExecutionException: java.util.concurrent.TimeoutException
	at java.util.concurrent.FutureTask.report(FutureTask.java:122)
	at java.util.concurrent.FutureTask.get(FutureTask.java:192)
	at org.apache.hadoop.ozone.container.common.states.datanode.RunningDatanodeState.computeNextContainerState(RunningDatanodeState.java:191)
	at org.apache.hadoop.ozone.container.common.states.datanode.RunningDatanodeState.await(RunningDatanodeState.java:231)
	at org.apache.hadoop.ozone.container.common.states.datanode.RunningDatanodeState.await(RunningDatanodeState.java:50)
	at org.apache.hadoop.ozone.container.common.statemachine.StateContext.execute(StateContext.java:629)
	at org.apache.hadoop.ozone.container.common.statemachine.DatanodeStateMachine.start(DatanodeStateMachine.java:270)
	at org.apache.hadoop.ozone.container.common.statemachine.DatanodeStateMachine.lambda$startDaemon$0(DatanodeStateMachine.java:457)
	at java.lang.Thread.run(Thread.java:748)
Caused by: java.util.concurrent.TimeoutException
	at java.util.concurrent.FutureTask.get(FutureTask.java:205)
	at org.apache.hadoop.ozone.container.common.states.datanode.RunningDatanodeState.lambda$execute$0(RunningDatanodeState.java:149)
	at java.util.concurrent.FutureTask.run(FutureTask.java:266)
	at java.util.concurrent.Executors$RunnableAdapter.call(Executors.java:511)
	at java.util.concurrent.FutureTask.run(FutureTask.java:266)
	at java.util.concurrent.ThreadPoolExecutor.runWorker(ThreadPoolExecutor.java:1149)
	at java.util.concurrent.ThreadPoolExecutor$Worker.run(ThreadPoolExecutor.java:624)
	... 1 more
2021-09-17 14:21:26,969 [EndpointStateMachine task thread for /127.0.0.1:14625 - 0 ] INFO  ipc.Client (Client.java:handleConnectionFailure(977)) - Retrying connect to server: localhost/127.0.0.1:14625. Already tried 1 time(s); retry policy is RetryUpToMaximumCountWithFixedSleep(maxRetries=15, sleepTime=1000 MILLISECONDS)
2021-09-17 14:21:26,977 [EndpointStateMachine task thread for /127.0.0.1:14615 - 0 ] INFO  ipc.Client (Client.java:handleConnectionFailure(977)) - Retrying connect to server: localhost/127.0.0.1:14615. Already tried 1 time(s); retry policy is RetryUpToMaximumCountWithFixedSleep(maxRetries=15, sleepTime=1000 MILLISECONDS)
2021-09-17 14:21:27,546 [EndpointStateMachine task thread for /127.0.0.1:14605 - 0 ] INFO  ipc.Client (Client.java:handleConnectionFailure(977)) - Retrying connect to server: localhost/127.0.0.1:14605. Already tried 3 time(s); retry policy is RetryUpToMaximumCountWithFixedSleep(maxRetries=15, sleepTime=1000 MILLISECONDS)
2021-09-17 14:21:27,970 [EndpointStateMachine task thread for /127.0.0.1:14625 - 0 ] INFO  ipc.Client (Client.java:handleConnectionFailure(977)) - Retrying connect to server: localhost/127.0.0.1:14625. Already tried 2 time(s); retry policy is RetryUpToMaximumCountWithFixedSleep(maxRetries=15, sleepTime=1000 MILLISECONDS)
2021-09-17 14:21:27,970 [Datanode State Machine Thread - 0] ERROR datanode.RunningDatanodeState (RunningDatanodeState.java:computeNextContainerState(199)) - Error in executing end point task.
java.util.concurrent.ExecutionException: java.util.concurrent.TimeoutException
	at java.util.concurrent.FutureTask.report(FutureTask.java:122)
	at java.util.concurrent.FutureTask.get(FutureTask.java:192)
	at org.apache.hadoop.ozone.container.common.states.datanode.RunningDatanodeState.computeNextContainerState(RunningDatanodeState.java:191)
	at org.apache.hadoop.ozone.container.common.states.datanode.RunningDatanodeState.await(RunningDatanodeState.java:231)
	at org.apache.hadoop.ozone.container.common.states.datanode.RunningDatanodeState.await(RunningDatanodeState.java:50)
	at org.apache.hadoop.ozone.container.common.statemachine.StateContext.execute(StateContext.java:629)
	at org.apache.hadoop.ozone.container.common.statemachine.DatanodeStateMachine.start(DatanodeStateMachine.java:270)
	at org.apache.hadoop.ozone.container.common.statemachine.DatanodeStateMachine.lambda$startDaemon$0(DatanodeStateMachine.java:457)
	at java.lang.Thread.run(Thread.java:748)
Caused by: java.util.concurrent.TimeoutException
	at java.util.concurrent.FutureTask.get(FutureTask.java:205)
	at org.apache.hadoop.ozone.container.common.states.datanode.RunningDatanodeState.lambda$execute$0(RunningDatanodeState.java:149)
	at java.util.concurrent.FutureTask.run(FutureTask.java:266)
	at java.util.concurrent.Executors$RunnableAdapter.call(Executors.java:511)
	at java.util.concurrent.FutureTask.run(FutureTask.java:266)
	at java.util.concurrent.ThreadPoolExecutor.runWorker(ThreadPoolExecutor.java:1149)
	at java.util.concurrent.ThreadPoolExecutor$Worker.run(ThreadPoolExecutor.java:624)
	... 1 more
2021-09-17 14:21:27,978 [EndpointStateMachine task thread for /127.0.0.1:14615 - 0 ] INFO  ipc.Client (Client.java:handleConnectionFailure(977)) - Retrying connect to server: localhost/127.0.0.1:14615. Already tried 2 time(s); retry policy is RetryUpToMaximumCountWithFixedSleep(maxRetries=15, sleepTime=1000 MILLISECONDS)
2021-09-17 14:21:28,546 [EndpointStateMachine task thread for /127.0.0.1:14605 - 0 ] INFO  ipc.Client (Client.java:handleConnectionFailure(977)) - Retrying connect to server: localhost/127.0.0.1:14605. Already tried 4 time(s); retry policy is RetryUpToMaximumCountWithFixedSleep(maxRetries=15, sleepTime=1000 MILLISECONDS)
2021-09-17 14:21:28,970 [EndpointStateMachine task thread for /127.0.0.1:14625 - 0 ] INFO  ipc.Client (Client.java:handleConnectionFailure(977)) - Retrying connect to server: localhost/127.0.0.1:14625. Already tried 3 time(s); retry policy is RetryUpToMaximumCountWithFixedSleep(maxRetries=15, sleepTime=1000 MILLISECONDS)
2021-09-17 14:21:28,972 [Datanode State Machine Thread - 0] ERROR datanode.RunningDatanodeState (RunningDatanodeState.java:computeNextContainerState(199)) - Error in executing end point task.
java.util.concurrent.ExecutionException: java.util.concurrent.TimeoutException
	at java.util.concurrent.FutureTask.report(FutureTask.java:122)
	at java.util.concurrent.FutureTask.get(FutureTask.java:192)
	at org.apache.hadoop.ozone.container.common.states.datanode.RunningDatanodeState.computeNextContainerState(RunningDatanodeState.java:191)
	at org.apache.hadoop.ozone.container.common.states.datanode.RunningDatanodeState.await(RunningDatanodeState.java:231)
	at org.apache.hadoop.ozone.container.common.states.datanode.RunningDatanodeState.await(RunningDatanodeState.java:50)
	at org.apache.hadoop.ozone.container.common.statemachine.StateContext.execute(StateContext.java:629)
	at org.apache.hadoop.ozone.container.common.statemachine.DatanodeStateMachine.start(DatanodeStateMachine.java:270)
	at org.apache.hadoop.ozone.container.common.statemachine.DatanodeStateMachine.lambda$startDaemon$0(DatanodeStateMachine.java:457)
	at java.lang.Thread.run(Thread.java:748)
Caused by: java.util.concurrent.TimeoutException
	at java.util.concurrent.FutureTask.get(FutureTask.java:205)
	at org.apache.hadoop.ozone.container.common.states.datanode.RunningDatanodeState.lambda$execute$0(RunningDatanodeState.java:149)
	at java.util.concurrent.FutureTask.run(FutureTask.java:266)
	at java.util.concurrent.Executors$RunnableAdapter.call(Executors.java:511)
	at java.util.concurrent.FutureTask.run(FutureTask.java:266)
	at java.util.concurrent.ThreadPoolExecutor.runWorker(ThreadPoolExecutor.java:1149)
	at java.util.concurrent.ThreadPoolExecutor$Worker.run(ThreadPoolExecutor.java:624)
	... 1 more
2021-09-17 14:21:28,978 [EndpointStateMachine task thread for /127.0.0.1:14615 - 0 ] INFO  ipc.Client (Client.java:handleConnectionFailure(977)) - Retrying connect to server: localhost/127.0.0.1:14615. Already tried 3 time(s); retry policy is RetryUpToMaximumCountWithFixedSleep(maxRetries=15, sleepTime=1000 MILLISECONDS)
2021-09-17 14:21:29,237 [62c51671-a275-468c-9a91-cfb1a6740248@group-50EB3B9E447A-LeaderStateImpl] INFO  server.RaftServer$Division (ServerState.java:setRaftConf(387)) - 62c51671-a275-468c-9a91-cfb1a6740248@group-50EB3B9E447A: set configuration 25: [b698c972-2c25-4917-bf85-656ee0b35a6d|rpc:localhost:13650|priority:0, 62c51671-a275-468c-9a91-cfb1a6740248|rpc:localhost:13640|admin:|client:|dataStream:|priority:0, de6c936e-076b-4b64-8302-91a02f19e2c3|rpc:localhost:13660|priority:0], old=[b698c972-2c25-4917-bf85-656ee0b35a6d|rpc:localhost:13650|priority:0, 62c51671-a275-468c-9a91-cfb1a6740248|rpc:localhost:13640|admin:|client:|dataStream:|priority:0]
2021-09-17 14:21:29,238 [grpc-default-executor-4] INFO  server.RaftServer$Division (ServerState.java:setRaftConf(387)) - b698c972-2c25-4917-bf85-656ee0b35a6d@group-50EB3B9E447A: set configuration 25: [b698c972-2c25-4917-bf85-656ee0b35a6d|rpc:localhost:13650|admin:|client:|dataStream:|priority:0, 62c51671-a275-468c-9a91-cfb1a6740248|rpc:localhost:13640|admin:|client:|dataStream:|priority:0, de6c936e-076b-4b64-8302-91a02f19e2c3|rpc:localhost:13660|admin:|client:|dataStream:|priority:0], old=[b698c972-2c25-4917-bf85-656ee0b35a6d|rpc:localhost:13650|admin:|client:|dataStream:|priority:0, 62c51671-a275-468c-9a91-cfb1a6740248|rpc:localhost:13640|admin:|client:|dataStream:|priority:0]
2021-09-17 14:21:29,239 [grpc-default-executor-2] INFO  server.RaftServer$Division (ServerState.java:setRaftConf(387)) - de6c936e-076b-4b64-8302-91a02f19e2c3@group-50EB3B9E447A: set configuration 25: [b698c972-2c25-4917-bf85-656ee0b35a6d|rpc:localhost:13650|admin:|client:|dataStream:|priority:0, 62c51671-a275-468c-9a91-cfb1a6740248|rpc:localhost:13640|admin:|client:|dataStream:|priority:0, de6c936e-076b-4b64-8302-91a02f19e2c3|rpc:localhost:13660|admin:|client:|dataStream:|priority:0], old=[b698c972-2c25-4917-bf85-656ee0b35a6d|rpc:localhost:13650|admin:|client:|dataStream:|priority:0, 62c51671-a275-468c-9a91-cfb1a6740248|rpc:localhost:13640|admin:|client:|dataStream:|priority:0]
2021-09-17 14:21:29,241 [grpc-default-executor-2] INFO  segmented.SegmentedRaftLogWorker (SegmentedRaftLogWorker.java:startLogSegment(394)) - de6c936e-076b-4b64-8302-91a02f19e2c3@group-50EB3B9E447A-SegmentedRaftLogWorker: Starting segment from index:25
2021-09-17 14:21:29,242 [de6c936e-076b-4b64-8302-91a02f19e2c3@group-50EB3B9E447A-SegmentedRaftLogWorker] INFO  segmented.SegmentedRaftLogWorker (SegmentedRaftLogWorker.java:execute(601)) - de6c936e-076b-4b64-8302-91a02f19e2c3@group-50EB3B9E447A-SegmentedRaftLogWorker: created new log segment /home/runner/work/ozone/ozone/hadoop-ozone/integration-test/target/test-dir/MiniOzoneClusterImpl-3d3fab62-48bb-41e0-9886-50eb3b9e447a/scmNode-3/scm-ha/3d3fab62-48bb-41e0-9886-50eb3b9e447a/current/log_inprogress_25
2021-09-17 14:21:29,252 [62c51671-a275-468c-9a91-cfb1a6740248@group-50EB3B9E447A-LeaderStateImpl] INFO  server.RaftServer$Division (ServerState.java:setRaftConf(387)) - 62c51671-a275-468c-9a91-cfb1a6740248@group-50EB3B9E447A: set configuration 27: [b698c972-2c25-4917-bf85-656ee0b35a6d|rpc:localhost:13650|priority:0, 62c51671-a275-468c-9a91-cfb1a6740248|rpc:localhost:13640|admin:|client:|dataStream:|priority:0, de6c936e-076b-4b64-8302-91a02f19e2c3|rpc:localhost:13660|priority:0], old=null
2021-09-17 14:21:29,253 [62c51671-a275-468c-9a91-cfb1a6740248@group-50EB3B9E447A-StateMachineUpdater] INFO  ha.SCMStateMachine (SCMStateMachine.java:takeSnapshot(290)) - Current Snapshot Index 25, takeSnapshot took 1 ms
2021-09-17 14:21:29,253 [62c51671-a275-468c-9a91-cfb1a6740248@group-50EB3B9E447A-StateMachineUpdater] INFO  impl.StateMachineUpdater (StateMachineUpdater.java:takeSnapshot(281)) - 62c51671-a275-468c-9a91-cfb1a6740248@group-50EB3B9E447A-StateMachineUpdater: Took a snapshot at index 25
2021-09-17 14:21:29,253 [62c51671-a275-468c-9a91-cfb1a6740248@group-50EB3B9E447A-StateMachineUpdater] INFO  impl.StateMachineUpdater (StateMachineUpdater.java:lambda$new$0(89)) - 62c51671-a275-468c-9a91-cfb1a6740248@group-50EB3B9E447A-StateMachineUpdater: snapshotIndex: updateIncreasingly 20 -> 25
2021-09-17 14:21:29,253 [62c51671-a275-468c-9a91-cfb1a6740248@group-50EB3B9E447A-StateMachineUpdater] INFO  raftlog.RaftLog (RaftLogBase.java:purge(306)) - 62c51671-a275-468c-9a91-cfb1a6740248@group-50EB3B9E447A-SegmentedRaftLog: purge 25
2021-09-17 14:21:29,253 [62c51671-a275-468c-9a91-cfb1a6740248@group-50EB3B9E447A-StateMachineUpdater] INFO  raftlog.RaftLog (RaftLogBase.java:lambda$new$0(53)) - 62c51671-a275-468c-9a91-cfb1a6740248@group-50EB3B9E447A-SegmentedRaftLog: snapshotIndex: updateIncreasingly 20 -> 25
2021-09-17 14:21:29,254 [62c51671-a275-468c-9a91-cfb1a6740248@group-50EB3B9E447A-StateMachineUpdater] INFO  raftlog.RaftLog (RaftLogBase.java:lambda$new$0(53)) - 62c51671-a275-468c-9a91-cfb1a6740248@group-50EB3B9E447A-SegmentedRaftLog: purgeIndex: updateToMax old=20, new=25, updated? true
2021-09-17 14:21:29,255 [grpc-default-executor-4] INFO  server.RaftServer$Division (ServerState.java:setRaftConf(387)) - b698c972-2c25-4917-bf85-656ee0b35a6d@group-50EB3B9E447A: set configuration 27: [b698c972-2c25-4917-bf85-656ee0b35a6d|rpc:localhost:13650|admin:|client:|dataStream:|priority:0, 62c51671-a275-468c-9a91-cfb1a6740248|rpc:localhost:13640|admin:|client:|dataStream:|priority:0, de6c936e-076b-4b64-8302-91a02f19e2c3|rpc:localhost:13660|admin:|client:|dataStream:|priority:0], old=null
2021-09-17 14:21:29,255 [grpc-default-executor-2] INFO  server.RaftServer$Division (ServerState.java:setRaftConf(387)) - de6c936e-076b-4b64-8302-91a02f19e2c3@group-50EB3B9E447A: set configuration 27: [b698c972-2c25-4917-bf85-656ee0b35a6d|rpc:localhost:13650|admin:|client:|dataStream:|priority:0, 62c51671-a275-468c-9a91-cfb1a6740248|rpc:localhost:13640|admin:|client:|dataStream:|priority:0, de6c936e-076b-4b64-8302-91a02f19e2c3|rpc:localhost:13660|admin:|client:|dataStream:|priority:0], old=null
2021-09-17 14:21:29,265 [de6c936e-076b-4b64-8302-91a02f19e2c3@group-50EB3B9E447A-StateMachineUpdater] INFO  safemode.HealthyPipelineSafeModeRule (HealthyPipelineSafeModeRule.java:initializeRule(152)) - Refreshed total pipeline count is 1, healthy pipeline threshold count is 1
2021-09-17 14:21:29,265 [IPC Server handler 4 on default port 13642] INFO  ha.SCMRatisServerImpl (SCMRatisServerImpl.java:addSCM(302)) - Successfully added new SCM: de6c936e-076b-4b64-8302-91a02f19e2c3.
2021-09-17 14:21:29,266 [de6c936e-076b-4b64-8302-91a02f19e2c3@group-50EB3B9E447A-StateMachineUpdater] INFO  safemode.ContainerSafeModeRule (ContainerSafeModeRule.java:reInitializeRule(177)) - Refreshed one replica container threshold 0, currentThreshold 0
2021-09-17 14:21:29,266 [de6c936e-076b-4b64-8302-91a02f19e2c3@group-50EB3B9E447A-StateMachineUpdater] INFO  safemode.OneReplicaPipelineSafeModeRule (OneReplicaPipelineSafeModeRule.java:initializeRule(176)) - Refreshed Total pipeline count is 1, pipeline's with at least one datanode reported threshold count is 1
2021-09-17 14:21:29,266 [de6c936e-076b-4b64-8302-91a02f19e2c3@group-50EB3B9E447A-StateMachineUpdater] INFO  server.SCMDatanodeProtocolServer (SCMDatanodeProtocolServer.java:start(181)) - RPC server for DataNodes is listening at /0.0.0.0:13661
2021-09-17 14:21:29,266 [Listener at 127.0.0.1/13392] INFO  ha.SCMHAManagerImpl (SCMHAManagerImpl.java:start(116)) - Successfully added SCM scmNode-3 to group group-50EB3B9E447A:[b698c972-2c25-4917-bf85-656ee0b35a6d|rpc:localhost:13650|admin:|client:|dataStream:|priority:0, 62c51671-a275-468c-9a91-cfb1a6740248|rpc:localhost:13640|admin:|client:|dataStream:|priority:0, de6c936e-076b-4b64-8302-91a02f19e2c3|rpc:localhost:13660|admin:|client:|dataStream:|priority:0]
2021-09-17 14:21:29,272 [Listener at 127.0.0.1/13392] INFO  ha.InterSCMGrpcService (InterSCMGrpcProtocolService.java:start(94)) - Starting SCM Grpc Service at port 13664
2021-09-17 14:21:29,277 [Listener at 127.0.0.1/13392] INFO  impl.MetricsSystemImpl (MetricsSystemImpl.java:init(158)) - StorageContainerManager metrics system started (again)
2021-09-17 14:21:29,268 [b698c972-2c25-4917-bf85-656ee0b35a6d@group-50EB3B9E447A-StateMachineUpdater] INFO  ha.SCMStateMachine (SCMStateMachine.java:takeSnapshot(290)) - Current Snapshot Index 25, takeSnapshot took 0 ms
2021-09-17 14:21:29,279 [b698c972-2c25-4917-bf85-656ee0b35a6d@group-50EB3B9E447A-StateMachineUpdater] INFO  impl.StateMachineUpdater (StateMachineUpdater.java:takeSnapshot(281)) - b698c972-2c25-4917-bf85-656ee0b35a6d@group-50EB3B9E447A-StateMachineUpdater: Took a snapshot at index 25
2021-09-17 14:21:29,279 [b698c972-2c25-4917-bf85-656ee0b35a6d@group-50EB3B9E447A-StateMachineUpdater] INFO  impl.StateMachineUpdater (StateMachineUpdater.java:lambda$new$0(89)) - b698c972-2c25-4917-bf85-656ee0b35a6d@group-50EB3B9E447A-StateMachineUpdater: snapshotIndex: updateIncreasingly 20 -> 25
2021-09-17 14:21:29,279 [b698c972-2c25-4917-bf85-656ee0b35a6d@group-50EB3B9E447A-StateMachineUpdater] INFO  raftlog.RaftLog (RaftLogBase.java:purge(306)) - b698c972-2c25-4917-bf85-656ee0b35a6d@group-50EB3B9E447A-SegmentedRaftLog: purge 25
2021-09-17 14:21:29,279 [b698c972-2c25-4917-bf85-656ee0b35a6d@group-50EB3B9E447A-StateMachineUpdater] INFO  raftlog.RaftLog (RaftLogBase.java:lambda$new$0(53)) - b698c972-2c25-4917-bf85-656ee0b35a6d@group-50EB3B9E447A-SegmentedRaftLog: snapshotIndex: updateIncreasingly 20 -> 25
2021-09-17 14:21:29,279 [b698c972-2c25-4917-bf85-656ee0b35a6d@group-50EB3B9E447A-StateMachineUpdater] INFO  raftlog.RaftLog (RaftLogBase.java:lambda$new$0(53)) - b698c972-2c25-4917-bf85-656ee0b35a6d@group-50EB3B9E447A-SegmentedRaftLog: purgeIndex: updateToMax old=20, new=25, updated? true
2021-09-17 14:21:29,271 [IPC Server Responder] INFO  ipc.Server (Server.java:run(1507)) - IPC Server Responder: starting
2021-09-17 14:21:29,269 [IPC Server listener on 13661] INFO  ipc.Server (Server.java:run(1344)) - IPC Server listener on 13661: starting
2021-09-17 14:21:29,309 [IPC Server handler 19 on default port 13661] WARN  ipc.Server (Server.java:processResponse(1717)) - IPC Server handler 19 on default port 13661, call Call#228 Retry#0 org.apache.hadoop.ozone.protocol.StorageContainerDatanodeProtocol.submitRequest from 127.0.0.1:47234: output error
2021-09-17 14:21:29,309 [IPC Server handler 19 on default port 13661] INFO  ipc.Server (Server.java:run(2979)) - IPC Server handler 19 on default port 13661 caught an exception
java.nio.channels.ClosedChannelException
	at sun.nio.ch.SocketChannelImpl.ensureWriteOpen(SocketChannelImpl.java:269)
	at sun.nio.ch.SocketChannelImpl.write(SocketChannelImpl.java:460)
	at org.apache.hadoop.ipc.Server.channelWrite(Server.java:3605)
	at org.apache.hadoop.ipc.Server.access$1700(Server.java:141)
	at org.apache.hadoop.ipc.Server$Responder.processResponse(Server.java:1667)
	at org.apache.hadoop.ipc.Server$Responder.doRespond(Server.java:1737)
	at org.apache.hadoop.ipc.Server$Connection.sendResponse(Server.java:2837)
	at org.apache.hadoop.ipc.Server$Connection.access$300(Server.java:1809)
	at org.apache.hadoop.ipc.Server$RpcCall.doResponse(Server.java:1117)
	at org.apache.hadoop.ipc.Server$Call.doResponse(Server.java:909)
	at org.apache.hadoop.ipc.Server$Call.sendResponse(Server.java:895)
	at org.apache.hadoop.ipc.Server$RpcCall.run(Server.java:1052)
	at org.apache.hadoop.ipc.Server$RpcCall.run(Server.java:963)
	at java.security.AccessController.doPrivileged(Native Method)
	at javax.security.auth.Subject.doAs(Subject.java:422)
	at org.apache.hadoop.security.UserGroupInformation.doAs(UserGroupInformation.java:1878)
	at org.apache.hadoop.ipc.Server$Handler.run(Server.java:2966)
2021-09-17 14:21:29,309 [IPC Server handler 19 on default port 13661] INFO  ipc.Server (Server.java:run(1026)) - IPC Server handler 19 on default port 13661: skipped Call#207 Retry#0 org.apache.hadoop.ozone.protocol.StorageContainerDatanodeProtocol.submitRequest from 127.0.0.1:47202
2021-09-17 14:21:29,309 [IPC Server handler 19 on default port 13661] INFO  ipc.Server (Server.java:run(1026)) - IPC Server handler 19 on default port 13661: skipped Call#275 Retry#0 org.apache.hadoop.ozone.protocol.StorageContainerDatanodeProtocol.submitRequest from 127.0.0.1:47286
2021-09-17 14:21:29,309 [IPC Server handler 19 on default port 13661] INFO  ipc.Server (Server.java:run(1026)) - IPC Server handler 19 on default port 13661: skipped Call#229 Retry#0 org.apache.hadoop.ozone.protocol.StorageContainerDatanodeProtocol.submitRequest from 127.0.0.1:47234
2021-09-17 14:21:29,310 [IPC Server handler 19 on default port 13661] INFO  ipc.Server (Server.java:run(1026)) - IPC Server handler 19 on default port 13661: skipped Call#210 Retry#0 org.apache.hadoop.ozone.protocol.StorageContainerDatanodeProtocol.submitRequest from 127.0.0.1:47202
2021-09-17 14:21:29,310 [IPC Server handler 19 on default port 13661] INFO  ipc.Server (Server.java:run(1026)) - IPC Server handler 19 on default port 13661: skipped Call#276 Retry#0 org.apache.hadoop.ozone.protocol.StorageContainerDatanodeProtocol.submitRequest from 127.0.0.1:47286
2021-09-17 14:21:29,310 [IPC Server handler 19 on default port 13661] INFO  ipc.Server (Server.java:run(1026)) - IPC Server handler 19 on default port 13661: skipped Call#231 Retry#0 org.apache.hadoop.ozone.protocol.StorageContainerDatanodeProtocol.submitRequest from 127.0.0.1:47234
2021-09-17 14:21:29,310 [IPC Server handler 19 on default port 13661] INFO  ipc.Server (Server.java:run(1026)) - IPC Server handler 19 on default port 13661: skipped Call#213 Retry#0 org.apache.hadoop.ozone.protocol.StorageContainerDatanodeProtocol.submitRequest from 127.0.0.1:47202
2021-09-17 14:21:29,310 [IPC Server handler 19 on default port 13661] INFO  ipc.Server (Server.java:run(1026)) - IPC Server handler 19 on default port 13661: skipped Call#277 Retry#0 org.apache.hadoop.ozone.protocol.StorageContainerDatanodeProtocol.submitRequest from 127.0.0.1:47286
2021-09-17 14:21:29,311 [EndpointStateMachine task thread for /127.0.0.1:13661 - 0 ] INFO  ozoneimpl.OzoneContainer (OzoneContainer.java:start(300)) - Ignore. OzoneContainer already started.
2021-09-17 14:21:29,311 [EndpointStateMachine task thread for /127.0.0.1:13661 - 0 ] INFO  ozoneimpl.OzoneContainer (OzoneContainer.java:start(300)) - Ignore. OzoneContainer already started.
2021-09-17 14:21:29,311 [EndpointStateMachine task thread for /127.0.0.1:13661 - 0 ] INFO  ozoneimpl.OzoneContainer (OzoneContainer.java:start(300)) - Ignore. OzoneContainer already started.
2021-09-17 14:21:29,335 [Listener at 127.0.0.1/13392] INFO  server.SCMClientProtocolServer (SCMClientProtocolServer.java:start(164)) - RPC server for Client  is listening at /0.0.0.0:13663
2021-09-17 14:21:29,335 [IPC Server Responder] INFO  ipc.Server (Server.java:run(1507)) - IPC Server Responder: starting
2021-09-17 14:21:29,348 [IPC Server listener on 13663] INFO  ipc.Server (Server.java:run(1344)) - IPC Server listener on 13663: starting
2021-09-17 14:21:29,375 [Listener at 127.0.0.1/13392] INFO  server.StorageContainerManager (StorageContainerManager.java:start(1294)) - ScmBlockLocationProtocol RPC server is listening at /0.0.0.0:13662
2021-09-17 14:21:29,376 [Listener at 127.0.0.1/13392] INFO  server.SCMBlockProtocolServer (SCMBlockProtocolServer.java:start(151)) - RPC server for Block Protocol is listening at /0.0.0.0:13662
2021-09-17 14:21:29,376 [IPC Server Responder] INFO  ipc.Server (Server.java:run(1507)) - IPC Server Responder: starting
2021-09-17 14:21:29,376 [IPC Server listener on 13662] INFO  ipc.Server (Server.java:run(1344)) - IPC Server listener on 13662: starting
2021-09-17 14:21:29,395 [Listener at 127.0.0.1/13392] INFO  server.StorageContainerManager (StorageContainerManager.java:start(1300)) - ScmDatanodeProtocl RPC server is listening at /0.0.0.0:13661
2021-09-17 14:21:29,396 [11f3a05e-de29-47e4-b752-c1c53d1088e4@group-D0B93889FBFC-FollowerState] INFO  impl.FollowerState (FollowerState.java:run(134)) - 11f3a05e-de29-47e4-b752-c1c53d1088e4@group-D0B93889FBFC-FollowerState: change to CANDIDATE, lastRpcElapsedTime:5058737139ns, electionTimeout:5017ms
2021-09-17 14:21:29,396 [11f3a05e-de29-47e4-b752-c1c53d1088e4@group-D0B93889FBFC-FollowerState] INFO  impl.RoleInfo (RoleInfo.java:shutdownFollowerState(108)) - 11f3a05e-de29-47e4-b752-c1c53d1088e4: shutdown 11f3a05e-de29-47e4-b752-c1c53d1088e4@group-D0B93889FBFC-FollowerState
2021-09-17 14:21:29,396 [11f3a05e-de29-47e4-b752-c1c53d1088e4@group-D0B93889FBFC-FollowerState] INFO  server.RaftServer$Division (RaftServerImpl.java:setRole(285)) - 11f3a05e-de29-47e4-b752-c1c53d1088e4@group-D0B93889FBFC: changes role from  FOLLOWER to CANDIDATE at term 1 for changeToCandidate
2021-09-17 14:21:29,396 [11f3a05e-de29-47e4-b752-c1c53d1088e4@group-D0B93889FBFC-FollowerState] INFO  server.RaftServerConfigKeys (ConfUtils.java:logGet(44)) - raft.server.leaderelection.pre-vote = false (custom)
2021-09-17 14:21:29,396 [11f3a05e-de29-47e4-b752-c1c53d1088e4@group-D0B93889FBFC-FollowerState] INFO  impl.RoleInfo (RoleInfo.java:updateAndGet(130)) - 11f3a05e-de29-47e4-b752-c1c53d1088e4: start 11f3a05e-de29-47e4-b752-c1c53d1088e4@group-D0B93889FBFC-LeaderElection18
2021-09-17 14:21:29,397 [Listener at 127.0.0.1/13392] INFO  http.BaseHttpServer (BaseHttpServer.java:newHttpServer2BuilderForOzone(209)) - Starting Web-server for scm at: http://0.0.0.0:13658
2021-09-17 14:21:29,397 [Listener at 127.0.0.1/13392] INFO  http.BaseHttpServer (BaseHttpServer.java:<init>(107)) - Hadoop Security Enabled: false Ozone Security Enabled: false Ozone HTTP Security Enabled: false 
2021-09-17 14:21:29,398 [Listener at 127.0.0.1/13392] INFO  server.AuthenticationFilter (AuthenticationFilter.java:constructSecretProvider(240)) - Unable to initialize FileSignerSecretProvider, falling back to use random secrets.
2021-09-17 14:21:29,406 [org.apache.hadoop.util.JvmPauseMonitor$Monitor@6ae9b2f0] INFO  util.JvmPauseMonitor (JvmPauseMonitor.java:run(188)) - Starting JVM pause monitor
2021-09-17 14:21:29,410 [11f3a05e-de29-47e4-b752-c1c53d1088e4@group-D0B93889FBFC-LeaderElection18] INFO  impl.LeaderElection (LeaderElection.java:askForVotes(306)) - 11f3a05e-de29-47e4-b752-c1c53d1088e4@group-D0B93889FBFC-LeaderElection18 ELECTION round 0: submit vote requests at term 2 for -1: [6808a34f-0e94-4674-bd8e-337a9d1c35af|rpc:127.0.0.1:41481|dataStream:|priority:0, 11f3a05e-de29-47e4-b752-c1c53d1088e4|rpc:127.0.0.1:41235|dataStream:|priority:1, 8721df37-0cb6-4aed-9ac1-08c1f74757c7|rpc:127.0.0.1:39603|dataStream:|priority:0], old=null
2021-09-17 14:21:29,410 [Listener at 127.0.0.1/13392] WARN  http.HttpRequestLog (HttpRequestLog.java:getRequestLog(103)) - Jetty request log can only be enabled using Log4j
2021-09-17 14:21:29,411 [Listener at 127.0.0.1/13392] INFO  http.HttpServer2 (HttpServer2.java:addGlobalFilter(1030)) - Added global filter 'safety' (class=org.apache.hadoop.hdds.server.http.HttpServer2$QuotingInputFilter)
2021-09-17 14:21:29,411 [Listener at 127.0.0.1/13392] INFO  http.HttpServer2 (HttpServer2.java:addFilter(1006)) - Added filter static_user_filter (class=org.apache.hadoop.http.lib.StaticUserWebFilter$StaticUserFilter) to context scm
2021-09-17 14:21:29,412 [Listener at 127.0.0.1/13392] INFO  http.HttpServer2 (HttpServer2.java:addFilter(1014)) - Added filter static_user_filter (class=org.apache.hadoop.http.lib.StaticUserWebFilter$StaticUserFilter) to context static
2021-09-17 14:21:29,412 [Listener at 127.0.0.1/13392] INFO  http.HttpServer2 (HttpServer2.java:addFilter(1014)) - Added filter static_user_filter (class=org.apache.hadoop.http.lib.StaticUserWebFilter$StaticUserFilter) to context logs
2021-09-17 14:21:29,418 [6808a34f-0e94-4674-bd8e-337a9d1c35af@group-D0B93889FBFC-FollowerState] INFO  impl.FollowerState (FollowerState.java:run(134)) - 6808a34f-0e94-4674-bd8e-337a9d1c35af@group-D0B93889FBFC-FollowerState: change to CANDIDATE, lastRpcElapsedTime:5069283693ns, electionTimeout:5056ms
2021-09-17 14:21:29,439 [6808a34f-0e94-4674-bd8e-337a9d1c35af@group-D0B93889FBFC-FollowerState] INFO  impl.RoleInfo (RoleInfo.java:shutdownFollowerState(108)) - 6808a34f-0e94-4674-bd8e-337a9d1c35af: shutdown 6808a34f-0e94-4674-bd8e-337a9d1c35af@group-D0B93889FBFC-FollowerState
2021-09-17 14:21:29,439 [6808a34f-0e94-4674-bd8e-337a9d1c35af@group-D0B93889FBFC-FollowerState] INFO  server.RaftServer$Division (RaftServerImpl.java:setRole(285)) - 6808a34f-0e94-4674-bd8e-337a9d1c35af@group-D0B93889FBFC: changes role from  FOLLOWER to CANDIDATE at term 1 for changeToCandidate
2021-09-17 14:21:29,439 [6808a34f-0e94-4674-bd8e-337a9d1c35af@group-D0B93889FBFC-FollowerState] INFO  server.RaftServerConfigKeys (ConfUtils.java:logGet(44)) - raft.server.leaderelection.pre-vote = false (custom)
2021-09-17 14:21:29,439 [6808a34f-0e94-4674-bd8e-337a9d1c35af@group-D0B93889FBFC-FollowerState] INFO  impl.RoleInfo (RoleInfo.java:updateAndGet(130)) - 6808a34f-0e94-4674-bd8e-337a9d1c35af: start 6808a34f-0e94-4674-bd8e-337a9d1c35af@group-D0B93889FBFC-LeaderElection19
2021-09-17 14:21:29,423 [Listener at 127.0.0.1/13392] INFO  http.HttpServer2 (HttpServer2.java:bindListener(1249)) - Jetty bound to port 13658
2021-09-17 14:21:29,422 [IPC Server handler 13 on default port 13661] INFO  net.NetworkTopologyImpl (NetworkTopologyImpl.java:add(112)) - Added a new node: /default-rack/8721df37-0cb6-4aed-9ac1-08c1f74757c7
2021-09-17 14:21:29,440 [IPC Server handler 13 on default port 13661] INFO  node.SCMNodeManager (SCMNodeManager.java:register(389)) - Registered Data node : 8721df37-0cb6-4aed-9ac1-08c1f74757c7{ip: 127.0.0.1, host: localhost, ports: [REPLICATION=44115, RATIS=39603, RATIS_ADMIN=39603, RATIS_SERVER=39603, STANDALONE=41251], networkLocation: /default-rack, certSerialId: null, persistedOpState: null, persistedOpStateExpiryEpochSec: 0}
2021-09-17 14:21:29,440 [Listener at 127.0.0.1/13392] INFO  server.Server (Server.java:doStart(375)) - jetty-9.4.43.v20210629; built: 2021-06-30T11:07:22.254Z; git: 526006ecfa3af7f1a27ef3a288e2bef7ea9dd7e8; jvm 1.8.0_292-b10
2021-09-17 14:21:29,457 [6808a34f-0e94-4674-bd8e-337a9d1c35af@group-D0B93889FBFC-LeaderElection19] INFO  impl.LeaderElection (LeaderElection.java:askForVotes(306)) - 6808a34f-0e94-4674-bd8e-337a9d1c35af@group-D0B93889FBFC-LeaderElection19 ELECTION round 0: submit vote requests at term 2 for -1: [6808a34f-0e94-4674-bd8e-337a9d1c35af|rpc:127.0.0.1:41481|priority:0, 11f3a05e-de29-47e4-b752-c1c53d1088e4|rpc:127.0.0.1:41235|priority:1, 8721df37-0cb6-4aed-9ac1-08c1f74757c7|rpc:127.0.0.1:39603|priority:0], old=null
2021-09-17 14:21:29,464 [Listener at 127.0.0.1/13392] INFO  server.session (DefaultSessionIdManager.java:doStart(334)) - DefaultSessionIdManager workerName=node0
2021-09-17 14:21:29,471 [Listener at 127.0.0.1/13392] INFO  server.session (DefaultSessionIdManager.java:doStart(339)) - No SessionScavenger set, using defaults
2021-09-17 14:21:29,471 [Listener at 127.0.0.1/13392] INFO  server.session (HouseKeeper.java:startScavenging(132)) - node0 Scavenging every 600000ms
2021-09-17 14:21:29,467 [EventQueue-NodeRegistrationContainerReportForDataNodeSafeModeRule] INFO  safemode.SCMSafeModeManager (DataNodeSafeModeRule.java:process(71)) - SCM in safe mode. 1 DataNodes registered, 3 required.
2021-09-17 14:21:29,466 [grpc-default-executor-2] INFO  server.RaftServer$Division (RaftServerImpl.java:requestVote(1043)) - 8721df37-0cb6-4aed-9ac1-08c1f74757c7@group-D0B93889FBFC: receive requestVote(ELECTION, 11f3a05e-de29-47e4-b752-c1c53d1088e4, group-D0B93889FBFC, 2, (t:0, i:0))
2021-09-17 14:21:29,466 [grpc-default-executor-4] INFO  server.RaftServer$Division (RaftServerImpl.java:requestVote(1043)) - 6808a34f-0e94-4674-bd8e-337a9d1c35af@group-D0B93889FBFC: receive requestVote(ELECTION, 11f3a05e-de29-47e4-b752-c1c53d1088e4, group-D0B93889FBFC, 2, (t:0, i:0))
2021-09-17 14:21:29,472 [grpc-default-executor-4] INFO  impl.VoteContext (VoteContext.java:log(48)) - 6808a34f-0e94-4674-bd8e-337a9d1c35af@group-D0B93889FBFC-CANDIDATE: reject ELECTION from 11f3a05e-de29-47e4-b752-c1c53d1088e4: already has voted for 6808a34f-0e94-4674-bd8e-337a9d1c35af at current term 2
2021-09-17 14:21:29,472 [grpc-default-executor-4] INFO  server.RaftServer$Division (RaftServerImpl.java:requestVote(1075)) - 6808a34f-0e94-4674-bd8e-337a9d1c35af@group-D0B93889FBFC replies to ELECTION vote request: 11f3a05e-de29-47e4-b752-c1c53d1088e4<-6808a34f-0e94-4674-bd8e-337a9d1c35af#0:FAIL-t2. Peer's state: 6808a34f-0e94-4674-bd8e-337a9d1c35af@group-D0B93889FBFC:t2, leader=null, voted=6808a34f-0e94-4674-bd8e-337a9d1c35af, raftlog=6808a34f-0e94-4674-bd8e-337a9d1c35af@group-D0B93889FBFC-SegmentedRaftLog:OPENED:c-1,f-1,i0, conf=-1: [6808a34f-0e94-4674-bd8e-337a9d1c35af|rpc:127.0.0.1:41481|priority:0, 11f3a05e-de29-47e4-b752-c1c53d1088e4|rpc:127.0.0.1:41235|priority:1, 8721df37-0cb6-4aed-9ac1-08c1f74757c7|rpc:127.0.0.1:39603|priority:0], old=null
2021-09-17 14:21:29,480 [Listener at 127.0.0.1/13392] INFO  handler.ContextHandler (ContextHandler.java:doStart(915)) - Started o.e.j.s.ServletContextHandler@e0895b3{logs,/logs,file:///home/runner/work/ozone/ozone/hadoop-ozone/integration-test/target/log,AVAILABLE}
2021-09-17 14:21:29,481 [Listener at 127.0.0.1/13392] INFO  handler.ContextHandler (ContextHandler.java:doStart(915)) - Started o.e.j.s.ServletContextHandler@7acf609d{static,/static,file:///home/runner/work/ozone/ozone/hadoop-ozone/integration-test/target/test-classes/webapps/static,AVAILABLE}
2021-09-17 14:21:29,485 [Listener at 127.0.0.1/13392] INFO  handler.ContextHandler (ContextHandler.java:doStart(915)) - Started o.e.j.w.WebAppContext@3b2a3542{scm,/,file:///home/runner/work/ozone/ozone/hadoop-ozone/integration-test/target/test-classes/webapps/scm/,AVAILABLE}{file:/home/runner/work/ozone/ozone/hadoop-ozone/integration-test/target/test-classes/webapps/scm}
2021-09-17 14:21:29,493 [EventQueue-NewNodeForNewNodeHandler] INFO  pipeline.BackgroundPipelineCreator (BackgroundPipelineCreatorV2.java:notifyEventTriggered(279)) - ignore, not leader SCM.
2021-09-17 14:21:29,493 [grpc-default-executor-2] INFO  impl.VoteContext (VoteContext.java:log(48)) - 8721df37-0cb6-4aed-9ac1-08c1f74757c7@group-D0B93889FBFC-FOLLOWER: accept ELECTION from 11f3a05e-de29-47e4-b752-c1c53d1088e4: our priority 0 <= candidate's priority 1
2021-09-17 14:21:29,499 [grpc-default-executor-2] INFO  server.RaftServer$Division (RaftServerImpl.java:setRole(285)) - 8721df37-0cb6-4aed-9ac1-08c1f74757c7@group-D0B93889FBFC: changes role from  FOLLOWER to FOLLOWER at term 2 for candidate:11f3a05e-de29-47e4-b752-c1c53d1088e4
2021-09-17 14:21:29,499 [grpc-default-executor-2] INFO  impl.RoleInfo (RoleInfo.java:shutdownFollowerState(108)) - 8721df37-0cb6-4aed-9ac1-08c1f74757c7: shutdown 8721df37-0cb6-4aed-9ac1-08c1f74757c7@group-D0B93889FBFC-FollowerState
2021-09-17 14:21:29,500 [grpc-default-executor-4] INFO  server.RaftServer$Division (RaftServerImpl.java:requestVote(1043)) - 11f3a05e-de29-47e4-b752-c1c53d1088e4@group-D0B93889FBFC: receive requestVote(ELECTION, 6808a34f-0e94-4674-bd8e-337a9d1c35af, group-D0B93889FBFC, 2, (t:0, i:0))
2021-09-17 14:21:29,500 [grpc-default-executor-4] INFO  impl.VoteContext (VoteContext.java:log(48)) - 11f3a05e-de29-47e4-b752-c1c53d1088e4@group-D0B93889FBFC-CANDIDATE: reject ELECTION from 6808a34f-0e94-4674-bd8e-337a9d1c35af: already has voted for 11f3a05e-de29-47e4-b752-c1c53d1088e4 at current term 2
2021-09-17 14:21:29,493 [EventQueue-PipelineReportForOneReplicaPipelineSafeModeRule] INFO  safemode.SCMSafeModeManager (OneReplicaPipelineSafeModeRule.java:process(120)) - SCM in safe mode. Pipelines with at least one datanode reported count is 1, required at least one datanode reported per pipeline count is 1
2021-09-17 14:21:29,500 [grpc-default-executor-4] INFO  server.RaftServer$Division (RaftServerImpl.java:requestVote(1075)) - 11f3a05e-de29-47e4-b752-c1c53d1088e4@group-D0B93889FBFC replies to ELECTION vote request: 6808a34f-0e94-4674-bd8e-337a9d1c35af<-11f3a05e-de29-47e4-b752-c1c53d1088e4#0:FAIL-t2. Peer's state: 11f3a05e-de29-47e4-b752-c1c53d1088e4@group-D0B93889FBFC:t2, leader=null, voted=11f3a05e-de29-47e4-b752-c1c53d1088e4, raftlog=11f3a05e-de29-47e4-b752-c1c53d1088e4@group-D0B93889FBFC-SegmentedRaftLog:OPENED:c-1,f-1,i0, conf=-1: [6808a34f-0e94-4674-bd8e-337a9d1c35af|rpc:127.0.0.1:41481|dataStream:|priority:0, 11f3a05e-de29-47e4-b752-c1c53d1088e4|rpc:127.0.0.1:41235|dataStream:|priority:1, 8721df37-0cb6-4aed-9ac1-08c1f74757c7|rpc:127.0.0.1:39603|dataStream:|priority:0], old=null
2021-09-17 14:21:29,493 [EventQueue-NodeRegistrationContainerReportForContainerSafeModeRule] INFO  safemode.SCMSafeModeManager (SCMSafeModeManager.java:validateSafeModeExitRules(204)) - ContainerSafeModeRule rule is successfully validated
2021-09-17 14:21:29,500 [grpc-default-executor-2] INFO  impl.RoleInfo (RoleInfo.java:updateAndGet(130)) - 8721df37-0cb6-4aed-9ac1-08c1f74757c7: start 8721df37-0cb6-4aed-9ac1-08c1f74757c7@group-D0B93889FBFC-FollowerState
2021-09-17 14:21:29,499 [Listener at 127.0.0.1/13392] INFO  server.AbstractConnector (AbstractConnector.java:doStart(331)) - Started ServerConnector@589c37ef{HTTP/1.1, (http/1.1)}{0.0.0.0:13658}
2021-09-17 14:21:29,501 [EventQueue-PipelineReportForOneReplicaPipelineSafeModeRule] INFO  safemode.SCMSafeModeManager (SCMSafeModeManager.java:validateSafeModeExitRules(204)) - AtleastOneDatanodeReportedRule rule is successfully validated
2021-09-17 14:21:29,500 [8721df37-0cb6-4aed-9ac1-08c1f74757c7@group-D0B93889FBFC-FollowerState] INFO  impl.FollowerState (FollowerState.java:run(143)) - 8721df37-0cb6-4aed-9ac1-08c1f74757c7@group-D0B93889FBFC-FollowerState was interrupted: {}
java.lang.InterruptedException: sleep interrupted
	at java.lang.Thread.sleep(Native Method)
	at java.lang.Thread.sleep(Thread.java:340)
	at java.util.concurrent.TimeUnit.sleep(TimeUnit.java:386)
	at org.apache.ratis.util.TimeDuration.sleep(TimeDuration.java:324)
	at org.apache.ratis.util.TimeDuration.sleep(TimeDuration.java:309)
	at org.apache.ratis.server.impl.FollowerState.run(FollowerState.java:118)
2021-09-17 14:21:29,501 [Listener at 127.0.0.1/13392] INFO  server.Server (Server.java:doStart(415)) - Started @98867ms
2021-09-17 14:21:29,502 [Listener at 127.0.0.1/13392] WARN  impl.MetricsSystemImpl (MetricsSystemImpl.java:register(279)) - Sink prometheus already exists!
2021-09-17 14:21:29,503 [Listener at 127.0.0.1/13392] INFO  http.BaseHttpServer (BaseHttpServer.java:updateConnectorAddress(329)) - HTTP server of scm listening at http://0.0.0.0:13658
2021-09-17 14:21:29,503 [Listener at 127.0.0.1/13392] INFO  safemode.SCMSafeModeManager (SCMSafeModeManager.java:exitSafeMode(248)) - SCM exiting safe mode.
2021-09-17 14:21:29,503 [Listener at 127.0.0.1/13392] WARN  events.EventQueue (EventQueue.java:fireEvent(194)) - No event handler registered for event TypedEvent{payloadType=SafeModeStatus, name='Safe mode status'}
2021-09-17 14:21:29,503 [Listener at 127.0.0.1/13392] INFO  ha.SCMContext (SCMContext.java:updateSafeModeStatus(205)) - Update SafeModeStatus from SafeModeStatus{safeModeStatus=true, preCheckPassed=false} to SafeModeStatus{safeModeStatus=false, preCheckPassed=true}.
2021-09-17 14:21:29,513 [grpc-default-executor-2] INFO  server.RaftServer$Division (RaftServerImpl.java:requestVote(1075)) - 8721df37-0cb6-4aed-9ac1-08c1f74757c7@group-D0B93889FBFC replies to ELECTION vote request: 11f3a05e-de29-47e4-b752-c1c53d1088e4<-8721df37-0cb6-4aed-9ac1-08c1f74757c7#0:OK-t2. Peer's state: 8721df37-0cb6-4aed-9ac1-08c1f74757c7@group-D0B93889FBFC:t2, leader=null, voted=11f3a05e-de29-47e4-b752-c1c53d1088e4, raftlog=8721df37-0cb6-4aed-9ac1-08c1f74757c7@group-D0B93889FBFC-SegmentedRaftLog:OPENED:c-1,f-1,i0, conf=-1: [6808a34f-0e94-4674-bd8e-337a9d1c35af|rpc:127.0.0.1:41481|priority:0, 11f3a05e-de29-47e4-b752-c1c53d1088e4|rpc:127.0.0.1:41235|priority:1, 8721df37-0cb6-4aed-9ac1-08c1f74757c7|rpc:127.0.0.1:39603|priority:0], old=null
2021-09-17 14:21:29,514 [6808a34f-0e94-4674-bd8e-337a9d1c35af@group-D0B93889FBFC-LeaderElection19] INFO  impl.LeaderElection (LeaderElection.java:logAndReturn(89)) - 6808a34f-0e94-4674-bd8e-337a9d1c35af@group-D0B93889FBFC-LeaderElection19: ELECTION REJECTED received 1 response(s) and 0 exception(s):
2021-09-17 14:21:29,514 [6808a34f-0e94-4674-bd8e-337a9d1c35af@group-D0B93889FBFC-LeaderElection19] INFO  impl.LeaderElection (LeaderElection.java:logAndReturn(93)) -   Response 0: 6808a34f-0e94-4674-bd8e-337a9d1c35af<-11f3a05e-de29-47e4-b752-c1c53d1088e4#0:FAIL-t2
2021-09-17 14:21:29,514 [6808a34f-0e94-4674-bd8e-337a9d1c35af@group-D0B93889FBFC-LeaderElection19] INFO  impl.LeaderElection (LeaderElection.java:askForVotes(308)) - 6808a34f-0e94-4674-bd8e-337a9d1c35af@group-D0B93889FBFC-LeaderElection19 ELECTION round 0: result REJECTED
2021-09-17 14:21:29,514 [6808a34f-0e94-4674-bd8e-337a9d1c35af@group-D0B93889FBFC-LeaderElection19] INFO  server.RaftServer$Division (RaftServerImpl.java:setRole(285)) - 6808a34f-0e94-4674-bd8e-337a9d1c35af@group-D0B93889FBFC: changes role from CANDIDATE to FOLLOWER at term 2 for REJECTED
2021-09-17 14:21:29,514 [6808a34f-0e94-4674-bd8e-337a9d1c35af@group-D0B93889FBFC-LeaderElection19] INFO  impl.RoleInfo (RoleInfo.java:shutdownLeaderElection(121)) - 6808a34f-0e94-4674-bd8e-337a9d1c35af: shutdown 6808a34f-0e94-4674-bd8e-337a9d1c35af@group-D0B93889FBFC-LeaderElection19
2021-09-17 14:21:29,514 [6808a34f-0e94-4674-bd8e-337a9d1c35af@group-D0B93889FBFC-LeaderElection19] INFO  impl.RoleInfo (RoleInfo.java:updateAndGet(130)) - 6808a34f-0e94-4674-bd8e-337a9d1c35af: start 6808a34f-0e94-4674-bd8e-337a9d1c35af@group-D0B93889FBFC-FollowerState
2021-09-17 14:21:29,516 [11f3a05e-de29-47e4-b752-c1c53d1088e4@group-D0B93889FBFC-LeaderElection18] INFO  impl.LeaderElection (LeaderElection.java:logAndReturn(89)) - 11f3a05e-de29-47e4-b752-c1c53d1088e4@group-D0B93889FBFC-LeaderElection18: ELECTION PASSED received 2 response(s) and 0 exception(s):
2021-09-17 14:21:29,533 [11f3a05e-de29-47e4-b752-c1c53d1088e4@group-D0B93889FBFC-LeaderElection18] INFO  impl.LeaderElection (LeaderElection.java:logAndReturn(93)) -   Response 0: 11f3a05e-de29-47e4-b752-c1c53d1088e4<-6808a34f-0e94-4674-bd8e-337a9d1c35af#0:FAIL-t2
2021-09-17 14:21:29,533 [11f3a05e-de29-47e4-b752-c1c53d1088e4@group-D0B93889FBFC-LeaderElection18] INFO  impl.LeaderElection (LeaderElection.java:logAndReturn(93)) -   Response 1: 11f3a05e-de29-47e4-b752-c1c53d1088e4<-8721df37-0cb6-4aed-9ac1-08c1f74757c7#0:OK-t2
2021-09-17 14:21:29,533 [11f3a05e-de29-47e4-b752-c1c53d1088e4@group-D0B93889FBFC-LeaderElection18] INFO  impl.LeaderElection (LeaderElection.java:askForVotes(308)) - 11f3a05e-de29-47e4-b752-c1c53d1088e4@group-D0B93889FBFC-LeaderElection18 ELECTION round 0: result PASSED
2021-09-17 14:21:29,533 [11f3a05e-de29-47e4-b752-c1c53d1088e4@group-D0B93889FBFC-LeaderElection18] INFO  impl.RoleInfo (RoleInfo.java:shutdownLeaderElection(121)) - 11f3a05e-de29-47e4-b752-c1c53d1088e4: shutdown 11f3a05e-de29-47e4-b752-c1c53d1088e4@group-D0B93889FBFC-LeaderElection18
2021-09-17 14:21:29,533 [11f3a05e-de29-47e4-b752-c1c53d1088e4@group-D0B93889FBFC-LeaderElection18] INFO  server.RaftServer$Division (RaftServerImpl.java:setRole(285)) - 11f3a05e-de29-47e4-b752-c1c53d1088e4@group-D0B93889FBFC: changes role from CANDIDATE to LEADER at term 2 for changeToLeader
2021-09-17 14:21:29,533 [11f3a05e-de29-47e4-b752-c1c53d1088e4@group-D0B93889FBFC-LeaderElection18] INFO  ratis.XceiverServerRatis (XceiverServerRatis.java:handleLeaderChangedNotification(860)) - Leader change notification received for group: group-D0B93889FBFC with new leaderId: 11f3a05e-de29-47e4-b752-c1c53d1088e4
2021-09-17 14:21:29,533 [11f3a05e-de29-47e4-b752-c1c53d1088e4@group-D0B93889FBFC-LeaderElection18] INFO  server.RaftServer$Division (ServerState.java:setLeader(285)) - 11f3a05e-de29-47e4-b752-c1c53d1088e4@group-D0B93889FBFC: change Leader from null to 11f3a05e-de29-47e4-b752-c1c53d1088e4 at term 2 for becomeLeader, leader elected after 10220ms
2021-09-17 14:21:29,533 [11f3a05e-de29-47e4-b752-c1c53d1088e4@group-D0B93889FBFC-LeaderElection18] INFO  server.RaftServerConfigKeys (ConfUtils.java:logGet(44)) - raft.server.staging.catchup.gap = 1000 (default)
2021-09-17 14:21:29,534 [11f3a05e-de29-47e4-b752-c1c53d1088e4@group-D0B93889FBFC-LeaderElection18] INFO  server.RaftServerConfigKeys (ConfUtils.java:logGet(44)) - raft.server.write.element-limit = 1024 (custom)
2021-09-17 14:21:29,534 [11f3a05e-de29-47e4-b752-c1c53d1088e4@group-D0B93889FBFC-LeaderElection18] INFO  server.RaftServerConfigKeys (ConfUtils.java:logGet(44)) - raft.server.write.byte-limit = 1024 M (=1073741824) (custom)
2021-09-17 14:21:29,534 [11f3a05e-de29-47e4-b752-c1c53d1088e4@group-D0B93889FBFC-LeaderElection18] INFO  server.RaftServerConfigKeys (ConfUtils.java:logGet(44)) - raft.server.watch.timeout = 180s (custom)
2021-09-17 14:21:29,534 [11f3a05e-de29-47e4-b752-c1c53d1088e4@group-D0B93889FBFC-LeaderElection18] INFO  server.RaftServerConfigKeys (ConfUtils.java:logGet(44)) - raft.server.watch.timeout.denomination = 1s (default)
2021-09-17 14:21:29,534 [11f3a05e-de29-47e4-b752-c1c53d1088e4@group-D0B93889FBFC-LeaderElection18] INFO  server.RaftServerConfigKeys (ConfUtils.java:logGet(44)) - raft.server.watch.element-limit = 65536 (default)
2021-09-17 14:21:29,534 [11f3a05e-de29-47e4-b752-c1c53d1088e4@group-D0B93889FBFC-LeaderElection18] INFO  server.RaftServerConfigKeys (ConfUtils.java:logGet(44)) - raft.server.log.appender.snapshot.chunk.size.max = 16MB (=16777216) (default)
2021-09-17 14:21:29,535 [11f3a05e-de29-47e4-b752-c1c53d1088e4@group-D0B93889FBFC-LeaderElection18] INFO  server.RaftServerConfigKeys (ConfUtils.java:logGet(44)) - raft.server.log.appender.buffer.byte-limit = 33554432 (custom)
2021-09-17 14:21:29,535 [11f3a05e-de29-47e4-b752-c1c53d1088e4@group-D0B93889FBFC-LeaderElection18] INFO  server.RaftServerConfigKeys (ConfUtils.java:logGet(44)) - raft.server.log.appender.buffer.element-limit = 1 (custom)
2021-09-17 14:21:29,535 [11f3a05e-de29-47e4-b752-c1c53d1088e4@group-D0B93889FBFC-LeaderElection18] INFO  grpc.GrpcConfigKeys (ConfUtils.java:logGet(44)) - raft.grpc.server.leader.outstanding.appends.max = 128 (default)
2021-09-17 14:21:29,535 [11f3a05e-de29-47e4-b752-c1c53d1088e4@group-D0B93889FBFC-LeaderElection18] INFO  server.RaftServerConfigKeys (ConfUtils.java:logGet(44)) - raft.server.rpc.request.timeout = 60s (custom)
2021-09-17 14:21:29,535 [11f3a05e-de29-47e4-b752-c1c53d1088e4@group-D0B93889FBFC-LeaderElection18] INFO  server.RaftServerConfigKeys (ConfUtils.java:logGet(44)) - raft.server.log.appender.install.snapshot.enabled = false (custom)
2021-09-17 14:21:29,536 [11f3a05e-de29-47e4-b752-c1c53d1088e4@group-D0B93889FBFC-LeaderElection18] INFO  server.RaftServerConfigKeys (ConfUtils.java:logGet(44)) - raft.server.log.appender.snapshot.chunk.size.max = 16MB (=16777216) (default)
2021-09-17 14:21:29,536 [11f3a05e-de29-47e4-b752-c1c53d1088e4@group-D0B93889FBFC-LeaderElection18] INFO  server.RaftServerConfigKeys (ConfUtils.java:logGet(44)) - raft.server.log.appender.buffer.byte-limit = 33554432 (custom)
2021-09-17 14:21:29,536 [11f3a05e-de29-47e4-b752-c1c53d1088e4@group-D0B93889FBFC-LeaderElection18] INFO  server.RaftServerConfigKeys (ConfUtils.java:logGet(44)) - raft.server.log.appender.buffer.element-limit = 1 (custom)
2021-09-17 14:21:29,533 [grpc-default-executor-4] INFO  server.RaftServer$Division (RaftServerImpl.java:requestVote(1043)) - 8721df37-0cb6-4aed-9ac1-08c1f74757c7@group-D0B93889FBFC: receive requestVote(ELECTION, 6808a34f-0e94-4674-bd8e-337a9d1c35af, group-D0B93889FBFC, 2, (t:0, i:0))
2021-09-17 14:21:29,541 [grpc-default-executor-4] INFO  impl.VoteContext (VoteContext.java:log(48)) - 8721df37-0cb6-4aed-9ac1-08c1f74757c7@group-D0B93889FBFC-FOLLOWER: reject ELECTION from 6808a34f-0e94-4674-bd8e-337a9d1c35af: already has voted for 11f3a05e-de29-47e4-b752-c1c53d1088e4 at current term 2
2021-09-17 14:21:29,541 [grpc-default-executor-4] INFO  server.RaftServer$Division (RaftServerImpl.java:requestVote(1075)) - 8721df37-0cb6-4aed-9ac1-08c1f74757c7@group-D0B93889FBFC replies to ELECTION vote request: 6808a34f-0e94-4674-bd8e-337a9d1c35af<-8721df37-0cb6-4aed-9ac1-08c1f74757c7#0:FAIL-t2. Peer's state: 8721df37-0cb6-4aed-9ac1-08c1f74757c7@group-D0B93889FBFC:t2, leader=null, voted=11f3a05e-de29-47e4-b752-c1c53d1088e4, raftlog=8721df37-0cb6-4aed-9ac1-08c1f74757c7@group-D0B93889FBFC-SegmentedRaftLog:OPENED:c-1,f-1,i0, conf=-1: [6808a34f-0e94-4674-bd8e-337a9d1c35af|rpc:127.0.0.1:41481|priority:0, 11f3a05e-de29-47e4-b752-c1c53d1088e4|rpc:127.0.0.1:41235|priority:1, 8721df37-0cb6-4aed-9ac1-08c1f74757c7|rpc:127.0.0.1:39603|priority:0], old=null
2021-09-17 14:21:29,517 [Listener at 127.0.0.1/13392] INFO  db.RDBCheckpointManager (RDBCheckpointManager.java:createCheckpoint(86)) - Created checkpoint at /home/runner/work/ozone/ozone/hadoop-ozone/integration-test/target/test-dir/MiniOzoneClusterImpl-3d3fab62-48bb-41e0-9886-50eb3b9e447a/scmNode-1/db.checkpoints/scm.db_checkpoint_1631888489503 in 14 milliseconds
2021-09-17 14:21:29,540 [EventQueue-PipelineReportForPipelineReportHandler] INFO  pipeline.PipelineManagerImpl (PipelineManagerImpl.java:openPipeline(282)) - Pipeline Pipeline[ Id: 2122119d-9f41-4192-8973-d0b93889fbfc, Nodes: 11f3a05e-de29-47e4-b752-c1c53d1088e4{ip: 127.0.0.1, host: localhost, ports: [REPLICATION=41747, RATIS=41235, RATIS_ADMIN=41235, RATIS_SERVER=41235, STANDALONE=43719], networkLocation: /default-rack, certSerialId: null, persistedOpState: IN_SERVICE, persistedOpStateExpiryEpochSec: 0}8721df37-0cb6-4aed-9ac1-08c1f74757c7{ip: 127.0.0.1, host: localhost, ports: [REPLICATION=44115, RATIS=39603, RATIS_ADMIN=39603, RATIS_SERVER=39603, STANDALONE=41251], networkLocation: /default-rack, certSerialId: null, persistedOpState: IN_SERVICE, persistedOpStateExpiryEpochSec: 0}6808a34f-0e94-4674-bd8e-337a9d1c35af{ip: 127.0.0.1, host: localhost, ports: [REPLICATION=44843, RATIS=41481, RATIS_ADMIN=41481, RATIS_SERVER=41481, STANDALONE=35287], networkLocation: /default-rack, certSerialId: null, persistedOpState: IN_SERVICE, persistedOpStateExpiryEpochSec: 0}, ReplicationConfig: RATIS/THREE, State:ALLOCATED, leaderId:11f3a05e-de29-47e4-b752-c1c53d1088e4, CreationTimestamp2021-09-17T14:21:16.849Z[Etc/UTC]] moved to OPEN state
2021-09-17 14:21:29,540 [IPC Server handler 14 on default port 13661] INFO  net.NetworkTopologyImpl (NetworkTopologyImpl.java:add(112)) - Added a new node: /default-rack/11f3a05e-de29-47e4-b752-c1c53d1088e4
2021-09-17 14:21:29,560 [IPC Server handler 14 on default port 13661] INFO  node.SCMNodeManager (SCMNodeManager.java:register(389)) - Registered Data node : 11f3a05e-de29-47e4-b752-c1c53d1088e4{ip: 127.0.0.1, host: localhost, ports: [REPLICATION=41747, RATIS=41235, RATIS_ADMIN=41235, RATIS_SERVER=41235, STANDALONE=43719], networkLocation: /default-rack, certSerialId: null, persistedOpState: null, persistedOpStateExpiryEpochSec: 0}
2021-09-17 14:21:29,538 [EventQueue-PipelineReportForPipelineReportHandler] INFO  pipeline.PipelineManagerImpl (PipelineManagerImpl.java:openPipeline(282)) - Pipeline Pipeline[ Id: 2122119d-9f41-4192-8973-d0b93889fbfc, Nodes: 11f3a05e-de29-47e4-b752-c1c53d1088e4{ip: 127.0.0.1, host: localhost, ports: [REPLICATION=41747, RATIS=41235, RATIS_ADMIN=41235, RATIS_SERVER=41235, STANDALONE=43719], networkLocation: /default-rack, certSerialId: null, persistedOpState: IN_SERVICE, persistedOpStateExpiryEpochSec: 0}8721df37-0cb6-4aed-9ac1-08c1f74757c7{ip: 127.0.0.1, host: localhost, ports: [REPLICATION=44115, RATIS=39603, RATIS_ADMIN=39603, RATIS_SERVER=39603, STANDALONE=41251], networkLocation: /default-rack, certSerialId: null, persistedOpState: IN_SERVICE, persistedOpStateExpiryEpochSec: 0}6808a34f-0e94-4674-bd8e-337a9d1c35af{ip: 127.0.0.1, host: localhost, ports: [REPLICATION=44843, RATIS=41481, RATIS_ADMIN=41481, RATIS_SERVER=41481, STANDALONE=35287], networkLocation: /default-rack, certSerialId: null, persistedOpState: IN_SERVICE, persistedOpStateExpiryEpochSec: 0}, ReplicationConfig: RATIS/THREE, State:ALLOCATED, leaderId:11f3a05e-de29-47e4-b752-c1c53d1088e4, CreationTimestamp2021-09-17T14:21:16.849Z[Etc/UTC]] moved to OPEN state
2021-09-17 14:21:29,536 [Datanode State Machine Thread - 0] WARN  statemachine.StateContext (StateContext.java:execute(621)) - No available thread in pool for past 1 seconds.
2021-09-17 14:21:29,593 [EventQueue-PipelineReportForPipelineReportHandler] INFO  ha.SCMHAInvocationHandler (SCMHAInvocationHandler.java:invokeRatis(113)) - Invoking method public abstract void org.apache.hadoop.hdds.scm.pipeline.StateManager.updatePipelineState(org.apache.hadoop.hdds.protocol.proto.HddsProtos$PipelineID,org.apache.hadoop.hdds.protocol.proto.HddsProtos$PipelineState) throws java.io.IOException on target org.apache.hadoop.hdds.scm.ha.SCMRatisServerImpl@10c111bd, cost 244.701us
2021-09-17 14:21:29,593 [de6c936e-076b-4b64-8302-91a02f19e2c3@group-50EB3B9E447A-StateMachineUpdater] ERROR impl.StateMachineUpdater (StateMachineUpdater.java:run(191)) - de6c936e-076b-4b64-8302-91a02f19e2c3@group-50EB3B9E447A-StateMachineUpdater caught a Throwable.
java.lang.IllegalStateException: de6c936e-076b-4b64-8302-91a02f19e2c3: Failed updateLastAppliedTermIndex: newTI = (t:2, i:28) < oldTI = (t:2, i:128)
	at org.apache.ratis.util.Preconditions.assertTrue(Preconditions.java:72)
	at org.apache.ratis.statemachine.impl.BaseStateMachine.updateLastAppliedTermIndex(BaseStateMachine.java:142)
	at org.apache.hadoop.hdds.scm.ha.SCMStateMachine.notifyTermIndexUpdated(SCMStateMachine.java:303)
	at org.apache.ratis.server.impl.RaftServerImpl.applyLogToStateMachine(RaftServerImpl.java:1669)
	at org.apache.ratis.server.impl.StateMachineUpdater.applyLog(StateMachineUpdater.java:234)
	at org.apache.ratis.server.impl.StateMachineUpdater.run(StateMachineUpdater.java:179)
	at java.lang.Thread.run(Thread.java:748)
2021-09-17 14:21:29,593 [de6c936e-076b-4b64-8302-91a02f19e2c3@group-50EB3B9E447A-StateMachineUpdater] INFO  server.RaftServer$Division (RaftServerImpl.java:lambda$close$4(407)) - de6c936e-076b-4b64-8302-91a02f19e2c3@group-50EB3B9E447A: shutdown
2021-09-17 14:21:29,593 [de6c936e-076b-4b64-8302-91a02f19e2c3@group-50EB3B9E447A-StateMachineUpdater] INFO  util.JmxRegister (JmxRegister.java:unregister(73)) - Successfully un-registered JMX Bean with object name Ratis:service=RaftServer,group=group-50EB3B9E447A,id=de6c936e-076b-4b64-8302-91a02f19e2c3
2021-09-17 14:21:29,593 [de6c936e-076b-4b64-8302-91a02f19e2c3@group-50EB3B9E447A-StateMachineUpdater] INFO  impl.RoleInfo (RoleInfo.java:shutdownFollowerState(108)) - de6c936e-076b-4b64-8302-91a02f19e2c3: shutdown de6c936e-076b-4b64-8302-91a02f19e2c3@group-50EB3B9E447A-FollowerState
2021-09-17 14:21:29,593 [de6c936e-076b-4b64-8302-91a02f19e2c3@group-50EB3B9E447A-FollowerState] INFO  impl.FollowerState (FollowerState.java:run(143)) - de6c936e-076b-4b64-8302-91a02f19e2c3@group-50EB3B9E447A-FollowerState was interrupted: {}
java.lang.InterruptedException: sleep interrupted
	at java.lang.Thread.sleep(Native Method)
	at java.lang.Thread.sleep(Thread.java:340)
	at java.util.concurrent.TimeUnit.sleep(TimeUnit.java:386)
	at org.apache.ratis.util.TimeDuration.sleep(TimeDuration.java:324)
	at org.apache.ratis.util.TimeDuration.sleep(TimeDuration.java:309)
	at org.apache.ratis.server.impl.FollowerState.run(FollowerState.java:118)
2021-09-17 14:21:29,560 [EventQueue-NewNodeForNewNodeHandler] INFO  pipeline.BackgroundPipelineCreator (BackgroundPipelineCreatorV2.java:notifyEventTriggered(279)) - ignore, not leader SCM.
2021-09-17 14:21:29,552 [11f3a05e-de29-47e4-b752-c1c53d1088e4@group-D0B93889FBFC-LeaderElection18] INFO  grpc.GrpcConfigKeys (ConfUtils.java:logGet(44)) - raft.grpc.server.leader.outstanding.appends.max = 128 (default)
2021-09-17 14:21:29,594 [11f3a05e-de29-47e4-b752-c1c53d1088e4@group-D0B93889FBFC-LeaderElection18] INFO  server.RaftServerConfigKeys (ConfUtils.java:logGet(44)) - raft.server.rpc.request.timeout = 60s (custom)
2021-09-17 14:21:29,594 [11f3a05e-de29-47e4-b752-c1c53d1088e4@group-D0B93889FBFC-LeaderElection18] INFO  server.RaftServerConfigKeys (ConfUtils.java:logGet(44)) - raft.server.log.appender.install.snapshot.enabled = false (custom)
2021-09-17 14:21:29,595 [11f3a05e-de29-47e4-b752-c1c53d1088e4@group-D0B93889FBFC-LeaderElection18] INFO  impl.RoleInfo (RoleInfo.java:updateAndGet(130)) - 11f3a05e-de29-47e4-b752-c1c53d1088e4: start 11f3a05e-de29-47e4-b752-c1c53d1088e4@group-D0B93889FBFC-LeaderStateImpl
2021-09-17 14:21:29,595 [11f3a05e-de29-47e4-b752-c1c53d1088e4@group-D0B93889FBFC-LeaderElection18] INFO  segmented.SegmentedRaftLogWorker (SegmentedRaftLogWorker.java:startLogSegment(394)) - 11f3a05e-de29-47e4-b752-c1c53d1088e4@group-D0B93889FBFC-SegmentedRaftLogWorker: Starting segment from index:0
2021-09-17 14:21:29,596 [de6c936e-076b-4b64-8302-91a02f19e2c3@group-50EB3B9E447A-StateMachineUpdater] INFO  server.RaftServer$Division (ServerState.java:close(419)) - de6c936e-076b-4b64-8302-91a02f19e2c3@group-50EB3B9E447A: closes. applyIndex: 28
2021-09-17 14:21:29,547 [EndpointStateMachine task thread for /127.0.0.1:14605 - 0 ] INFO  ipc.Client (Client.java:handleConnectionFailure(977)) - Retrying connect to server: localhost/127.0.0.1:14605. Already tried 5 time(s); retry policy is RetryUpToMaximumCountWithFixedSleep(maxRetries=15, sleepTime=1000 MILLISECONDS)
2021-09-17 14:21:29,600 [11f3a05e-de29-47e4-b752-c1c53d1088e4@group-D0B93889FBFC-SegmentedRaftLogWorker] INFO  segmented.SegmentedRaftLogWorker (SegmentedRaftLogWorker.java:execute(601)) - 11f3a05e-de29-47e4-b752-c1c53d1088e4@group-D0B93889FBFC-SegmentedRaftLogWorker: created new log segment /home/runner/work/ozone/ozone/hadoop-ozone/integration-test/target/test-dir/MiniOzoneClusterImpl-3d3fab62-48bb-41e0-9886-50eb3b9e447a/datanode-2/data/ratis/2122119d-9f41-4192-8973-d0b93889fbfc/current/log_inprogress_0
2021-09-17 14:21:29,603 [EventQueue-PipelineReportForPipelineReportHandler] INFO  ha.SCMHAInvocationHandler (SCMHAInvocationHandler.java:invokeRatis(113)) - Invoking method public abstract void org.apache.hadoop.hdds.scm.pipeline.StateManager.updatePipelineState(org.apache.hadoop.hdds.protocol.proto.HddsProtos$PipelineID,org.apache.hadoop.hdds.protocol.proto.HddsProtos$PipelineState) throws java.io.IOException on target org.apache.hadoop.hdds.scm.ha.SCMRatisServerImpl@2af03325, cost 45289.631us
2021-09-17 14:21:29,606 [grpc-default-executor-2] INFO  ratis.XceiverServerRatis (XceiverServerRatis.java:handleLeaderChangedNotification(860)) - Leader change notification received for group: group-D0B93889FBFC with new leaderId: 11f3a05e-de29-47e4-b752-c1c53d1088e4
2021-09-17 14:21:29,606 [grpc-default-executor-2] INFO  server.RaftServer$Division (ServerState.java:setLeader(285)) - 6808a34f-0e94-4674-bd8e-337a9d1c35af@group-D0B93889FBFC: change Leader from null to 11f3a05e-de29-47e4-b752-c1c53d1088e4 at term 2 for appendEntries, leader elected after 10431ms
2021-09-17 14:21:29,611 [11f3a05e-de29-47e4-b752-c1c53d1088e4@group-D0B93889FBFC-LeaderElection18] INFO  server.RaftServer$Division (ServerState.java:setRaftConf(387)) - 11f3a05e-de29-47e4-b752-c1c53d1088e4@group-D0B93889FBFC: set configuration 0: [6808a34f-0e94-4674-bd8e-337a9d1c35af|rpc:127.0.0.1:41481|dataStream:|priority:0, 11f3a05e-de29-47e4-b752-c1c53d1088e4|rpc:127.0.0.1:41235|dataStream:|priority:1, 8721df37-0cb6-4aed-9ac1-08c1f74757c7|rpc:127.0.0.1:39603|dataStream:|priority:0], old=null
2021-09-17 14:21:29,613 [grpc-default-executor-3] INFO  ratis.XceiverServerRatis (XceiverServerRatis.java:handleLeaderChangedNotification(860)) - Leader change notification received for group: group-D0B93889FBFC with new leaderId: 11f3a05e-de29-47e4-b752-c1c53d1088e4
2021-09-17 14:21:29,613 [grpc-default-executor-3] INFO  server.RaftServer$Division (ServerState.java:setLeader(285)) - 8721df37-0cb6-4aed-9ac1-08c1f74757c7@group-D0B93889FBFC: change Leader from null to 11f3a05e-de29-47e4-b752-c1c53d1088e4 at term 2 for appendEntries, leader elected after 10292ms
2021-09-17 14:21:29,623 [grpc-default-executor-3] INFO  server.RaftServer$Division (ServerState.java:setRaftConf(387)) - 8721df37-0cb6-4aed-9ac1-08c1f74757c7@group-D0B93889FBFC: set configuration 0: [6808a34f-0e94-4674-bd8e-337a9d1c35af|rpc:127.0.0.1:41481|dataStream:|priority:0, 11f3a05e-de29-47e4-b752-c1c53d1088e4|rpc:127.0.0.1:41235|dataStream:|priority:1, 8721df37-0cb6-4aed-9ac1-08c1f74757c7|rpc:127.0.0.1:39603|dataStream:|priority:0], old=null
2021-09-17 14:21:29,624 [grpc-default-executor-3] INFO  segmented.SegmentedRaftLogWorker (SegmentedRaftLogWorker.java:startLogSegment(394)) - 8721df37-0cb6-4aed-9ac1-08c1f74757c7@group-D0B93889FBFC-SegmentedRaftLogWorker: Starting segment from index:0
2021-09-17 14:21:29,629 [grpc-default-executor-2] INFO  server.RaftServer$Division (ServerState.java:setRaftConf(387)) - 6808a34f-0e94-4674-bd8e-337a9d1c35af@group-D0B93889FBFC: set configuration 0: [6808a34f-0e94-4674-bd8e-337a9d1c35af|rpc:127.0.0.1:41481|dataStream:|priority:0, 11f3a05e-de29-47e4-b752-c1c53d1088e4|rpc:127.0.0.1:41235|dataStream:|priority:1, 8721df37-0cb6-4aed-9ac1-08c1f74757c7|rpc:127.0.0.1:39603|dataStream:|priority:0], old=null
2021-09-17 14:21:29,629 [grpc-default-executor-2] INFO  segmented.SegmentedRaftLogWorker (SegmentedRaftLogWorker.java:startLogSegment(394)) - 6808a34f-0e94-4674-bd8e-337a9d1c35af@group-D0B93889FBFC-SegmentedRaftLogWorker: Starting segment from index:0
2021-09-17 14:21:29,643 [de6c936e-076b-4b64-8302-91a02f19e2c3@group-50EB3B9E447A-SegmentedRaftLogWorker] INFO  segmented.SegmentedRaftLogWorker (SegmentedRaftLogWorker.java:run(327)) - de6c936e-076b-4b64-8302-91a02f19e2c3@group-50EB3B9E447A-SegmentedRaftLogWorker was interrupted, exiting. There are 0 tasks remaining in the queue.
2021-09-17 14:21:29,644 [de6c936e-076b-4b64-8302-91a02f19e2c3@group-50EB3B9E447A-StateMachineUpdater] INFO  segmented.SegmentedRaftLogWorker (SegmentedRaftLogWorker.java:close(237)) - de6c936e-076b-4b64-8302-91a02f19e2c3@group-50EB3B9E447A-SegmentedRaftLogWorker close()
2021-09-17 14:21:29,651 [62c51671-a275-468c-9a91-cfb1a6740248@group-50EB3B9E447A-StateMachineUpdater] INFO  ha.SCMStateMachine (SCMStateMachine.java:takeSnapshot(290)) - Current Snapshot Index 30, takeSnapshot took 0 ms
2021-09-17 14:21:29,651 [62c51671-a275-468c-9a91-cfb1a6740248@group-50EB3B9E447A-StateMachineUpdater] INFO  impl.StateMachineUpdater (StateMachineUpdater.java:takeSnapshot(281)) - 62c51671-a275-468c-9a91-cfb1a6740248@group-50EB3B9E447A-StateMachineUpdater: Took a snapshot at index 30
2021-09-17 14:21:29,651 [62c51671-a275-468c-9a91-cfb1a6740248@group-50EB3B9E447A-StateMachineUpdater] INFO  impl.StateMachineUpdater (StateMachineUpdater.java:lambda$new$0(89)) - 62c51671-a275-468c-9a91-cfb1a6740248@group-50EB3B9E447A-StateMachineUpdater: snapshotIndex: updateIncreasingly 25 -> 30
2021-09-17 14:21:29,651 [62c51671-a275-468c-9a91-cfb1a6740248@group-50EB3B9E447A-StateMachineUpdater] INFO  raftlog.RaftLog (RaftLogBase.java:purge(306)) - 62c51671-a275-468c-9a91-cfb1a6740248@group-50EB3B9E447A-SegmentedRaftLog: purge 30
2021-09-17 14:21:29,651 [62c51671-a275-468c-9a91-cfb1a6740248@group-50EB3B9E447A-StateMachineUpdater] INFO  raftlog.RaftLog (RaftLogBase.java:lambda$new$0(53)) - 62c51671-a275-468c-9a91-cfb1a6740248@group-50EB3B9E447A-SegmentedRaftLog: snapshotIndex: updateIncreasingly 25 -> 30
2021-09-17 14:21:29,651 [62c51671-a275-468c-9a91-cfb1a6740248@group-50EB3B9E447A-StateMachineUpdater] INFO  raftlog.RaftLog (RaftLogBase.java:lambda$new$0(53)) - 62c51671-a275-468c-9a91-cfb1a6740248@group-50EB3B9E447A-SegmentedRaftLog: purgeIndex: updateToMax old=25, new=30, updated? true
2021-09-17 14:21:29,661 [8721df37-0cb6-4aed-9ac1-08c1f74757c7@group-D0B93889FBFC-SegmentedRaftLogWorker] INFO  segmented.SegmentedRaftLogWorker (SegmentedRaftLogWorker.java:execute(601)) - 8721df37-0cb6-4aed-9ac1-08c1f74757c7@group-D0B93889FBFC-SegmentedRaftLogWorker: created new log segment /home/runner/work/ozone/ozone/hadoop-ozone/integration-test/target/test-dir/MiniOzoneClusterImpl-3d3fab62-48bb-41e0-9886-50eb3b9e447a/datanode-1/data/ratis/2122119d-9f41-4192-8973-d0b93889fbfc/current/log_inprogress_0
2021-09-17 14:21:29,661 [6808a34f-0e94-4674-bd8e-337a9d1c35af@group-D0B93889FBFC-SegmentedRaftLogWorker] INFO  segmented.SegmentedRaftLogWorker (SegmentedRaftLogWorker.java:execute(601)) - 6808a34f-0e94-4674-bd8e-337a9d1c35af@group-D0B93889FBFC-SegmentedRaftLogWorker: created new log segment /home/runner/work/ozone/ozone/hadoop-ozone/integration-test/target/test-dir/MiniOzoneClusterImpl-3d3fab62-48bb-41e0-9886-50eb3b9e447a/datanode-0/data/ratis/2122119d-9f41-4192-8973-d0b93889fbfc/current/log_inprogress_0
2021-09-17 14:21:29,687 [Listener at 127.0.0.1/13392] INFO  ha.SCMHAManagerImpl (SCMHAManagerImpl.java:installCheckpoint(227)) - Installing checkpoint with SCMTransactionInfo 2#25
2021-09-17 14:21:29,692 [Listener at 127.0.0.1/13392] WARN  ha.SCMHAManagerImpl (SCMHAManagerImpl.java:installCheckpoint(240)) - Cannot proceed with InstallSnapshot as SCM is at TermIndex (t:2, i:28) and checkpoint has lower TermIndex (t:2, i:25). Reloading old state of SCM.
2021-09-17 14:21:29,696 [Listener at 127.0.0.1/13392] INFO  ozone.MiniOzoneClusterImpl (MiniOzoneClusterImpl.java:shutdown(453)) - Shutting down the Mini Ozone Cluster
2021-09-17 14:21:29,696 [Listener at 127.0.0.1/13392] INFO  ozone.MiniOzoneHAClusterImpl (MiniOzoneHAClusterImpl.java:stop(298)) - Stopping the OzoneManager omNode-1
2021-09-17 14:21:29,696 [Listener at 127.0.0.1/13392] INFO  om.OzoneManager (OzoneManager.java:stop(1644)) - Stopping Ozone Manager
2021-09-17 14:21:29,697 [Listener at 127.0.0.1/13392] INFO  ipc.Server (Server.java:stop(3414)) - Stopping server on 13392
2021-09-17 14:21:29,706 [IPC Server listener on 13392] INFO  ipc.Server (Server.java:run(1376)) - Stopping IPC Server listener on 13392
2021-09-17 14:21:29,707 [IPC Server Responder] INFO  ipc.Server (Server.java:run(1512)) - Stopping IPC Server Responder
2021-09-17 14:21:29,708 [Listener at 127.0.0.1/13392] INFO  server.RaftServer (RaftServerProxy.java:lambda$close$6(391)) - omNode-1: close
2021-09-17 14:21:29,712 [Listener at 127.0.0.1/13392] INFO  server.RaftServer$Division (RaftServerImpl.java:lambda$close$4(407)) - omNode-1@group-523986131536: shutdown
2021-09-17 14:21:29,712 [Listener at 127.0.0.1/13392] INFO  util.JmxRegister (JmxRegister.java:unregister(73)) - Successfully un-registered JMX Bean with object name Ratis:service=RaftServer,group=group-523986131536,id=omNode-1
2021-09-17 14:21:29,712 [Listener at 127.0.0.1/13392] INFO  impl.RoleInfo (RoleInfo.java:shutdownLeaderState(91)) - omNode-1: shutdown omNode-1@group-523986131536-LeaderStateImpl
2021-09-17 14:21:29,712 [Listener at 127.0.0.1/13392] INFO  impl.PendingRequests (PendingRequests.java:sendNotLeaderResponses(282)) - omNode-1@group-523986131536-PendingRequests: sendNotLeaderResponses
2021-09-17 14:21:29,713 [omNode-1@group-523986131536-StateMachineUpdater] INFO  ratis.OzoneManagerStateMachine (OzoneManagerStateMachine.java:takeSnapshot(417)) - Current Snapshot Index (t:1, i:0)
2021-09-17 14:21:29,713 [omNode-1@group-523986131536-StateMachineUpdater] INFO  impl.StateMachineUpdater (StateMachineUpdater.java:takeSnapshot(281)) - omNode-1@group-523986131536-StateMachineUpdater: Took a snapshot at index 0
2021-09-17 14:21:29,713 [omNode-1@group-523986131536-StateMachineUpdater] INFO  impl.StateMachineUpdater (StateMachineUpdater.java:lambda$new$0(89)) - omNode-1@group-523986131536-StateMachineUpdater: snapshotIndex: updateIncreasingly -1 -> 0
2021-09-17 14:21:29,713 [omNode-1@group-523986131536-StateMachineUpdater] INFO  ratis.OzoneManagerStateMachine (OzoneManagerStateMachine.java:close(471)) - StateMachine has shutdown. Shutdown OzoneManager if not already shutdown.
2021-09-17 14:21:29,713 [Listener at 127.0.0.1/13392] INFO  impl.StateMachineUpdater (StateMachineUpdater.java:stopAndJoin(149)) - omNode-1@group-523986131536-StateMachineUpdater: set stopIndex = 0
2021-09-17 14:21:29,714 [Listener at 127.0.0.1/13392] INFO  server.RaftServer$Division (ServerState.java:close(419)) - omNode-1@group-523986131536: closes. applyIndex: 0
2021-09-17 14:21:29,714 [omNode-1@group-523986131536-SegmentedRaftLogWorker] INFO  segmented.SegmentedRaftLogWorker (SegmentedRaftLogWorker.java:run(327)) - omNode-1@group-523986131536-SegmentedRaftLogWorker was interrupted, exiting. There are 0 tasks remaining in the queue.
2021-09-17 14:21:29,715 [Listener at 127.0.0.1/13392] INFO  segmented.SegmentedRaftLogWorker (SegmentedRaftLogWorker.java:close(237)) - omNode-1@group-523986131536-SegmentedRaftLogWorker close()
2021-09-17 14:21:29,717 [Listener at 127.0.0.1/13392] INFO  server.GrpcService (GrpcService.java:closeImpl(262)) - omNode-1: shutdown server with port 13396 now
2021-09-17 14:21:29,717 [Listener at 127.0.0.1/13392] INFO  server.GrpcService (GrpcService.java:closeImpl(271)) - omNode-1: shutdown server with port 13396 successfully
2021-09-17 14:21:29,717 [org.apache.ratis.util.JvmPauseMonitor$$Lambda$499/723602324@67ac1be1] INFO  util.JvmPauseMonitor (JvmPauseMonitor.java:run(109)) - JvmPauseMonitor-omNode-1: Stopped
2021-09-17 14:21:29,717 [Listener at 127.0.0.1/13392] INFO  ratis.OzoneManagerDoubleBuffer (OzoneManagerDoubleBuffer.java:stop(437)) - Stopping OMDoubleBuffer flush thread
2021-09-17 14:21:29,718 [OMDoubleBufferFlushThread] INFO  ratis.OzoneManagerDoubleBuffer (OzoneManagerDoubleBuffer.java:flushTransactions(356)) - OMDoubleBuffer flush thread OMDoubleBufferFlushThread is interrupted and will exit. OMDoubleBufferFlushThread
2021-09-17 14:21:29,718 [Listener at 127.0.0.1/13392] INFO  utils.BackgroundService (BackgroundService.java:shutdown(132)) - Shutting down service KeyDeletingService
2021-09-17 14:21:29,721 [Listener at 127.0.0.1/13392] INFO  handler.ContextHandler (ContextHandler.java:doStop(1153)) - Stopped o.e.j.w.WebAppContext@46261779{ozoneManager,/,null,STOPPED}{file:/home/runner/work/ozone/ozone/hadoop-ozone/integration-test/target/test-classes/webapps/ozoneManager}
2021-09-17 14:21:29,726 [Listener at 127.0.0.1/13392] INFO  server.AbstractConnector (AbstractConnector.java:doStop(381)) - Stopped ServerConnector@53ba7b9c{HTTP/1.1, (http/1.1)}{0.0.0.0:13394}
2021-09-17 14:21:29,726 [Listener at 127.0.0.1/13392] INFO  server.session (HouseKeeper.java:stopScavenging(149)) - node0 Stopped scavenging
2021-09-17 14:21:29,728 [Listener at 127.0.0.1/13392] INFO  handler.ContextHandler (ContextHandler.java:doStop(1153)) - Stopped o.e.j.s.ServletContextHandler@69530799{static,/static,file:///home/runner/work/ozone/ozone/hadoop-ozone/integration-test/target/test-classes/webapps/static,STOPPED}
2021-09-17 14:21:29,728 [Listener at 127.0.0.1/13392] INFO  handler.ContextHandler (ContextHandler.java:doStop(1153)) - Stopped o.e.j.s.ServletContextHandler@4db0d696{logs,/logs,file:///home/runner/work/ozone/ozone/hadoop-ozone/integration-test/target/log,STOPPED}
2021-09-17 14:21:29,733 [Listener at 127.0.0.1/13392] INFO  ozone.MiniOzoneHAClusterImpl (MiniOzoneHAClusterImpl.java:stop(306)) - Stopping the StorageContainerManager b698c972-2c25-4917-bf85-656ee0b35a6d
2021-09-17 14:21:29,734 [Listener at 127.0.0.1/13392] INFO  server.StorageContainerManager (StorageContainerManager.java:stop(1371)) - Stopping Container Balancer service.
2021-09-17 14:21:29,734 [Listener at 127.0.0.1/13392] INFO  balancer.ContainerBalancer (ContainerBalancer.java:stop(717)) - Container Balancer is not running.
2021-09-17 14:21:29,734 [Listener at 127.0.0.1/13392] INFO  server.StorageContainerManager (StorageContainerManager.java:stop(1378)) - Stopping Replication Manager Service.
2021-09-17 14:21:29,735 [Listener at 127.0.0.1/13392] INFO  container.ReplicationManager (ReplicationManager.java:stop(350)) - Stopping Replication Monitor Thread.
2021-09-17 14:21:29,735 [Listener at 127.0.0.1/13392] INFO  server.StorageContainerManager (StorageContainerManager.java:stop(1385)) - Stopping the Datanode Admin Monitor.
2021-09-17 14:21:29,736 [Listener at 127.0.0.1/13392] INFO  server.StorageContainerManager (StorageContainerManager.java:stop(1392)) - Stopping Lease Manager of the command watchers
2021-09-17 14:21:29,736 [Listener at 127.0.0.1/13392] INFO  server.StorageContainerManager (StorageContainerManager.java:stop(1399)) - Stopping datanode service RPC server
2021-09-17 14:21:29,736 [Listener at 127.0.0.1/13392] INFO  server.SCMDatanodeProtocolServer (SCMDatanodeProtocolServer.java:stop(389)) - Stopping the RPC server for DataNodes
2021-09-17 14:21:29,737 [Listener at 127.0.0.1/13392] INFO  ipc.Server (Server.java:stop(3414)) - Stopping server on 13651
2021-09-17 14:21:29,740 [IPC Server listener on 13651] INFO  ipc.Server (Server.java:run(1376)) - Stopping IPC Server listener on 13651
2021-09-17 14:21:29,749 [IPC Server Responder] INFO  ipc.Server (Server.java:run(1512)) - Stopping IPC Server Responder
2021-09-17 14:21:29,753 [SCM Heartbeat Processing Thread - 0] WARN  node.NodeStateManager (NodeStateManager.java:scheduleNextHealthCheck(799)) - Current Thread is interrupted, shutting down HB processing thread for Node Manager.
2021-09-17 14:21:29,756 [Listener at 127.0.0.1/13392] INFO  server.StorageContainerManager (StorageContainerManager.java:stop(1407)) - Stopping block service RPC server
2021-09-17 14:21:29,756 [Listener at 127.0.0.1/13392] INFO  server.SCMBlockProtocolServer (SCMBlockProtocolServer.java:stop(160)) - Stopping the RPC server for Block Protocol
2021-09-17 14:21:29,756 [Listener at 127.0.0.1/13392] INFO  ipc.Server (Server.java:stop(3414)) - Stopping server on 13652
2021-09-17 14:21:29,758 [IPC Server listener on 13652] INFO  ipc.Server (Server.java:run(1376)) - Stopping IPC Server listener on 13652
2021-09-17 14:21:29,760 [Listener at 127.0.0.1/13392] INFO  server.StorageContainerManager (StorageContainerManager.java:stop(1414)) - Stopping the StorageContainerLocationProtocol RPC server
2021-09-17 14:21:29,760 [IPC Server Responder] INFO  ipc.Server (Server.java:run(1512)) - Stopping IPC Server Responder
2021-09-17 14:21:29,760 [Listener at 127.0.0.1/13392] INFO  server.SCMClientProtocolServer (SCMClientProtocolServer.java:stop(173)) - Stopping the RPC server for Client Protocol
2021-09-17 14:21:29,761 [Listener at 127.0.0.1/13392] INFO  ipc.Server (Server.java:stop(3414)) - Stopping server on 13653
2021-09-17 14:21:29,764 [IPC Server Responder] INFO  ipc.Server (Server.java:run(1512)) - Stopping IPC Server Responder
2021-09-17 14:21:29,764 [Listener at 127.0.0.1/13392] INFO  server.StorageContainerManager (StorageContainerManager.java:stop(1421)) - Stopping Storage Container Manager HTTP server.
2021-09-17 14:21:29,765 [IPC Server listener on 13653] INFO  ipc.Server (Server.java:run(1376)) - Stopping IPC Server listener on 13653
2021-09-17 14:21:29,768 [Listener at 127.0.0.1/13392] INFO  handler.ContextHandler (ContextHandler.java:doStop(1153)) - Stopped o.e.j.w.WebAppContext@2eb8e649{scm,/,null,STOPPED}{file:/home/runner/work/ozone/ozone/hadoop-ozone/integration-test/target/test-classes/webapps/scm}
2021-09-17 14:21:29,770 [Listener at 127.0.0.1/13392] INFO  server.AbstractConnector (AbstractConnector.java:doStop(381)) - Stopped ServerConnector@5286aa41{HTTP/1.1, (http/1.1)}{0.0.0.0:13648}
2021-09-17 14:21:29,771 [Listener at 127.0.0.1/13392] INFO  server.session (HouseKeeper.java:stopScavenging(149)) - node0 Stopped scavenging
2021-09-17 14:21:29,771 [Listener at 127.0.0.1/13392] INFO  handler.ContextHandler (ContextHandler.java:doStop(1153)) - Stopped o.e.j.s.ServletContextHandler@5c18c936{static,/static,file:///home/runner/work/ozone/ozone/hadoop-ozone/integration-test/target/test-classes/webapps/static,STOPPED}
2021-09-17 14:21:29,771 [Listener at 127.0.0.1/13392] INFO  handler.ContextHandler (ContextHandler.java:doStop(1153)) - Stopped o.e.j.s.ServletContextHandler@3fe4d9d4{logs,/logs,file:///home/runner/work/ozone/ozone/hadoop-ozone/integration-test/target/log,STOPPED}
2021-09-17 14:21:29,775 [Listener at 127.0.0.1/13392] INFO  server.StorageContainerManager (StorageContainerManager.java:stop(1432)) - Stopping Block Manager Service.
2021-09-17 14:21:29,775 [Listener at 127.0.0.1/13392] INFO  utils.BackgroundService (BackgroundService.java:shutdown(132)) - Shutting down service SCMBlockDeletingService
2021-09-17 14:21:29,775 [Listener at 127.0.0.1/13392] INFO  utils.BackgroundService (BackgroundService.java:shutdown(132)) - Shutting down service SCMBlockDeletingService
2021-09-17 14:21:29,776 [Listener at 127.0.0.1/13392] INFO  server.StorageContainerManager (StorageContainerManager.java:stop(1459)) - Stopping SCM Event Queue.
2021-09-17 14:21:29,777 [Listener at 127.0.0.1/13392] INFO  server.StorageContainerManager (StorageContainerManager.java:stop(1470)) - Stopping SCM HA services.
2021-09-17 14:21:29,777 [Listener at 127.0.0.1/13392] INFO  ha.SCMRatisServerImpl (SCMRatisServerImpl.java:stop(236)) - stopping ratis server 0.0.0.0:13650
2021-09-17 14:21:29,780 [Listener at 127.0.0.1/13392] INFO  server.RaftServer (RaftServerProxy.java:lambda$close$6(391)) - b698c972-2c25-4917-bf85-656ee0b35a6d: close
2021-09-17 14:21:29,780 [Listener at 127.0.0.1/13392] INFO  server.RaftServer$Division (RaftServerImpl.java:lambda$close$4(407)) - b698c972-2c25-4917-bf85-656ee0b35a6d@group-50EB3B9E447A: shutdown
2021-09-17 14:21:29,780 [Listener at 127.0.0.1/13392] INFO  util.JmxRegister (JmxRegister.java:unregister(73)) - Successfully un-registered JMX Bean with object name Ratis:service=RaftServer,group=group-50EB3B9E447A,id=b698c972-2c25-4917-bf85-656ee0b35a6d
2021-09-17 14:21:29,780 [Listener at 127.0.0.1/13392] INFO  impl.RoleInfo (RoleInfo.java:shutdownFollowerState(108)) - b698c972-2c25-4917-bf85-656ee0b35a6d: shutdown b698c972-2c25-4917-bf85-656ee0b35a6d@group-50EB3B9E447A-FollowerState
2021-09-17 14:21:29,781 [Listener at 127.0.0.1/13392] INFO  impl.StateMachineUpdater (StateMachineUpdater.java:stopAndJoin(149)) - b698c972-2c25-4917-bf85-656ee0b35a6d@group-50EB3B9E447A-StateMachineUpdater: set stopIndex = 29
2021-09-17 14:21:29,781 [b698c972-2c25-4917-bf85-656ee0b35a6d@group-50EB3B9E447A-StateMachineUpdater] INFO  ha.SCMStateMachine (SCMStateMachine.java:takeSnapshot(290)) - Current Snapshot Index 29, takeSnapshot took 0 ms
2021-09-17 14:21:29,781 [b698c972-2c25-4917-bf85-656ee0b35a6d@group-50EB3B9E447A-StateMachineUpdater] INFO  impl.StateMachineUpdater (StateMachineUpdater.java:takeSnapshot(281)) - b698c972-2c25-4917-bf85-656ee0b35a6d@group-50EB3B9E447A-StateMachineUpdater: Took a snapshot at index 29
2021-09-17 14:21:29,781 [b698c972-2c25-4917-bf85-656ee0b35a6d@group-50EB3B9E447A-StateMachineUpdater] INFO  impl.StateMachineUpdater (StateMachineUpdater.java:lambda$new$0(89)) - b698c972-2c25-4917-bf85-656ee0b35a6d@group-50EB3B9E447A-StateMachineUpdater: snapshotIndex: updateIncreasingly 25 -> 29
2021-09-17 14:21:29,781 [b698c972-2c25-4917-bf85-656ee0b35a6d@group-50EB3B9E447A-FollowerState] INFO  impl.FollowerState (FollowerState.java:run(143)) - b698c972-2c25-4917-bf85-656ee0b35a6d@group-50EB3B9E447A-FollowerState was interrupted: {}
java.lang.InterruptedException: sleep interrupted
	at java.lang.Thread.sleep(Native Method)
	at java.lang.Thread.sleep(Thread.java:340)
	at java.util.concurrent.TimeUnit.sleep(TimeUnit.java:386)
	at org.apache.ratis.util.TimeDuration.sleep(TimeDuration.java:324)
	at org.apache.ratis.util.TimeDuration.sleep(TimeDuration.java:309)
	at org.apache.ratis.server.impl.FollowerState.run(FollowerState.java:118)
2021-09-17 14:21:29,790 [Listener at 127.0.0.1/13392] INFO  server.RaftServer$Division (ServerState.java:close(419)) - b698c972-2c25-4917-bf85-656ee0b35a6d@group-50EB3B9E447A: closes. applyIndex: 28
2021-09-17 14:21:29,790 [b698c972-2c25-4917-bf85-656ee0b35a6d@group-50EB3B9E447A-SegmentedRaftLogWorker] INFO  segmented.SegmentedRaftLogWorker (SegmentedRaftLogWorker.java:run(327)) - b698c972-2c25-4917-bf85-656ee0b35a6d@group-50EB3B9E447A-SegmentedRaftLogWorker was interrupted, exiting. There are 0 tasks remaining in the queue.
2021-09-17 14:21:29,791 [Listener at 127.0.0.1/13392] INFO  segmented.SegmentedRaftLogWorker (SegmentedRaftLogWorker.java:close(237)) - b698c972-2c25-4917-bf85-656ee0b35a6d@group-50EB3B9E447A-SegmentedRaftLogWorker close()
2021-09-17 14:21:29,794 [Listener at 127.0.0.1/13392] INFO  server.GrpcService (GrpcService.java:closeImpl(262)) - b698c972-2c25-4917-bf85-656ee0b35a6d: shutdown server with port 13650 now
2021-09-17 14:21:29,801 [grpc-default-executor-2] WARN  server.GrpcServerProtocolService (LogUtils.java:warn(122)) - b698c972-2c25-4917-bf85-656ee0b35a6d: installSnapshot onError, lastRequest: 62c51671-a275-468c-9a91-cfb1a6740248->b698c972-2c25-4917-bf85-656ee0b35a6d#1175-t2,previous=(t:2, i:29),leaderCommit=29,initializing? true,entries: size=1, first=(t:2, i:30), METADATAENTRY(c:29): org.apache.ratis.thirdparty.io.grpc.StatusRuntimeException: CANCELLED: client cancelled
2021-09-17 14:21:29,808 [grpc-default-executor-4] WARN  server.GrpcLogAppender (LogUtils.java:warn(122)) - 62c51671-a275-468c-9a91-cfb1a6740248@group-50EB3B9E447A->b698c972-2c25-4917-bf85-656ee0b35a6d-AppendLogResponseHandler: Failed appendEntries: org.apache.ratis.thirdparty.io.grpc.StatusRuntimeException: CANCELLED: HTTP/2 error code: CANCEL
Received Rst Stream
2021-09-17 14:21:29,809 [grpc-default-executor-4] INFO  leader.FollowerInfo (FollowerInfoImpl.java:lambda$new$0(46)) - 62c51671-a275-468c-9a91-cfb1a6740248@group-50EB3B9E447A->b698c972-2c25-4917-bf85-656ee0b35a6d: nextIndex: updateUnconditionally 31 -> 30
2021-09-17 14:21:29,823 [Listener at 127.0.0.1/13392] INFO  server.GrpcService (GrpcService.java:closeImpl(271)) - b698c972-2c25-4917-bf85-656ee0b35a6d: shutdown server with port 13650 successfully
2021-09-17 14:21:29,824 [org.apache.ratis.util.JvmPauseMonitor$$Lambda$499/723602324@630d4b50] INFO  util.JvmPauseMonitor (JvmPauseMonitor.java:run(109)) - JvmPauseMonitor-b698c972-2c25-4917-bf85-656ee0b35a6d: Stopped
2021-09-17 14:21:29,824 [Listener at 127.0.0.1/13392] INFO  pipeline.BackgroundPipelineCreator (BackgroundPipelineCreatorV2.java:stop(158)) - Stopping RatisPipelineUtilsThread.
2021-09-17 14:21:29,824 [Listener at 127.0.0.1/13392] INFO  server.StorageContainerManager (StorageContainerManager.java:stop(1480)) - Stopping SCM MetadataStore.
2021-09-17 14:21:29,825 [Listener at 127.0.0.1/13392] INFO  impl.MetricsSystemImpl (MetricsSystemImpl.java:stop(210)) - Stopping StorageContainerManager metrics system...
2021-09-17 14:21:29,830 [grpc-default-executor-2] WARN  server.GrpcLogAppender (LogUtils.java:warn(122)) - 62c51671-a275-468c-9a91-cfb1a6740248@group-50EB3B9E447A->b698c972-2c25-4917-bf85-656ee0b35a6d-AppendLogResponseHandler: Failed appendEntries: org.apache.ratis.thirdparty.io.grpc.StatusRuntimeException: UNAVAILABLE: io exception
2021-09-17 14:21:29,833 [grpc-default-executor-2] INFO  leader.FollowerInfo (FollowerInfoImpl.java:lambda$new$0(46)) - 62c51671-a275-468c-9a91-cfb1a6740248@group-50EB3B9E447A->b698c972-2c25-4917-bf85-656ee0b35a6d: nextIndex: updateUnconditionally 31 -> 30
2021-09-17 14:21:29,843 [prometheus] INFO  impl.MetricsSinkAdapter (MetricsSinkAdapter.java:publishMetricsFromQueue(141)) - prometheus thread interrupted.
2021-09-17 14:21:29,844 [Listener at 127.0.0.1/13392] INFO  impl.MetricsSystemImpl (MetricsSystemImpl.java:stop(216)) - StorageContainerManager metrics system stopped.
2021-09-17 14:21:29,844 [Listener at 127.0.0.1/13392] INFO  ozone.MiniOzoneHAClusterImpl (MiniOzoneHAClusterImpl.java:stop(306)) - Stopping the StorageContainerManager 62c51671-a275-468c-9a91-cfb1a6740248
2021-09-17 14:21:29,844 [Listener at 127.0.0.1/13392] INFO  server.StorageContainerManager (StorageContainerManager.java:stop(1371)) - Stopping Container Balancer service.
2021-09-17 14:21:29,844 [Listener at 127.0.0.1/13392] INFO  balancer.ContainerBalancer (ContainerBalancer.java:stop(717)) - Container Balancer is not running.
2021-09-17 14:21:29,844 [Listener at 127.0.0.1/13392] INFO  server.StorageContainerManager (StorageContainerManager.java:stop(1378)) - Stopping Replication Manager Service.
2021-09-17 14:21:29,845 [Listener at 127.0.0.1/13392] INFO  container.ReplicationManager (ReplicationManager.java:stop(350)) - Stopping Replication Monitor Thread.
2021-09-17 14:21:29,845 [Listener at 127.0.0.1/13392] INFO  server.StorageContainerManager (StorageContainerManager.java:stop(1385)) - Stopping the Datanode Admin Monitor.
2021-09-17 14:21:29,845 [Listener at 127.0.0.1/13392] INFO  server.StorageContainerManager (StorageContainerManager.java:stop(1392)) - Stopping Lease Manager of the command watchers
2021-09-17 14:21:29,845 [Listener at 127.0.0.1/13392] INFO  server.StorageContainerManager (StorageContainerManager.java:stop(1399)) - Stopping datanode service RPC server
2021-09-17 14:21:29,846 [Listener at 127.0.0.1/13392] INFO  server.SCMDatanodeProtocolServer (SCMDatanodeProtocolServer.java:stop(389)) - Stopping the RPC server for DataNodes
2021-09-17 14:21:29,846 [Listener at 127.0.0.1/13392] INFO  ipc.Server (Server.java:stop(3414)) - Stopping server on 13641
2021-09-17 14:21:29,853 [IPC Server listener on 13641] INFO  ipc.Server (Server.java:run(1376)) - Stopping IPC Server listener on 13641
2021-09-17 14:21:29,853 [IPC Server Responder] INFO  ipc.Server (Server.java:run(1512)) - Stopping IPC Server Responder
2021-09-17 14:21:29,971 [EndpointStateMachine task thread for /127.0.0.1:14625 - 0 ] INFO  ipc.Client (Client.java:handleConnectionFailure(977)) - Retrying connect to server: localhost/127.0.0.1:14625. Already tried 4 time(s); retry policy is RetryUpToMaximumCountWithFixedSleep(maxRetries=15, sleepTime=1000 MILLISECONDS)
2021-09-17 14:21:29,976 [IPC Server handler 15 on default port 13661] INFO  net.NetworkTopologyImpl (NetworkTopologyImpl.java:add(112)) - Added a new node: /default-rack/6808a34f-0e94-4674-bd8e-337a9d1c35af
2021-09-17 14:21:29,976 [IPC Server handler 15 on default port 13661] INFO  node.SCMNodeManager (SCMNodeManager.java:register(389)) - Registered Data node : 6808a34f-0e94-4674-bd8e-337a9d1c35af{ip: 127.0.0.1, host: localhost, ports: [REPLICATION=44843, RATIS=41481, RATIS_ADMIN=41481, RATIS_SERVER=41481, STANDALONE=35287], networkLocation: /default-rack, certSerialId: null, persistedOpState: null, persistedOpStateExpiryEpochSec: 0}
2021-09-17 14:21:29,978 [EndpointStateMachine task thread for /127.0.0.1:14615 - 0 ] INFO  ipc.Client (Client.java:handleConnectionFailure(977)) - Retrying connect to server: localhost/127.0.0.1:14615. Already tried 4 time(s); retry policy is RetryUpToMaximumCountWithFixedSleep(maxRetries=15, sleepTime=1000 MILLISECONDS)
2021-09-17 14:21:29,980 [EventQueue-NewNodeForNewNodeHandler] INFO  pipeline.BackgroundPipelineCreator (BackgroundPipelineCreatorV2.java:notifyEventTriggered(279)) - ignore, not leader SCM.
2021-09-17 14:21:29,980 [EndpointStateMachine task thread for /127.0.0.1:13641 - 0 ] WARN  statemachine.EndpointStateMachine (EndpointStateMachine.java:logIfNeeded(236)) - Unable to communicate to SCM server at localhost:13641 for past 0 seconds.
java.io.EOFException: End of File Exception between local host is: "fv-az116-264/10.1.0.54"; destination host is: "localhost":13641; : java.io.EOFException; For more details see:  http://wiki.apache.org/hadoop/EOFException
	at sun.reflect.NativeConstructorAccessorImpl.newInstance0(Native Method)
	at sun.reflect.NativeConstructorAccessorImpl.newInstance(NativeConstructorAccessorImpl.java:62)
	at sun.reflect.DelegatingConstructorAccessorImpl.newInstance(DelegatingConstructorAccessorImpl.java:45)
	at java.lang.reflect.Constructor.newInstance(Constructor.java:423)
	at org.apache.hadoop.net.NetUtils.wrapWithMessage(NetUtils.java:913)
	at org.apache.hadoop.net.NetUtils.wrapException(NetUtils.java:862)
	at org.apache.hadoop.ipc.Client.getRpcResponse(Client.java:1577)
	at org.apache.hadoop.ipc.Client.call(Client.java:1519)
	at org.apache.hadoop.ipc.Client.call(Client.java:1416)
	at org.apache.hadoop.ipc.ProtobufRpcEngine$Invoker.invoke(ProtobufRpcEngine.java:236)
	at org.apache.hadoop.ipc.ProtobufRpcEngine$Invoker.invoke(ProtobufRpcEngine.java:123)
	at com.sun.proxy.$Proxy48.submitRequest(Unknown Source)
	at org.apache.hadoop.ozone.protocolPB.StorageContainerDatanodeProtocolClientSideTranslatorPB.submitRequest(StorageContainerDatanodeProtocolClientSideTranslatorPB.java:117)
	at org.apache.hadoop.ozone.protocolPB.StorageContainerDatanodeProtocolClientSideTranslatorPB.sendHeartbeat(StorageContainerDatanodeProtocolClientSideTranslatorPB.java:149)
	at org.apache.hadoop.ozone.container.common.states.endpoint.HeartbeatEndpointTask.call(HeartbeatEndpointTask.java:179)
	at org.apache.hadoop.ozone.container.common.states.endpoint.HeartbeatEndpointTask.call(HeartbeatEndpointTask.java:82)
	at java.util.concurrent.FutureTask.run(FutureTask.java:266)
	at java.util.concurrent.ThreadPoolExecutor.runWorker(ThreadPoolExecutor.java:1149)
	at java.util.concurrent.ThreadPoolExecutor$Worker.run(ThreadPoolExecutor.java:624)
	at java.lang.Thread.run(Thread.java:748)
Caused by: java.io.EOFException
	at java.io.DataInputStream.readInt(DataInputStream.java:392)
	at org.apache.hadoop.ipc.Client$IpcStreams.readResponse(Client.java:1892)
	at org.apache.hadoop.ipc.Client$Connection.receiveRpcResponse(Client.java:1202)
	at org.apache.hadoop.ipc.Client$Connection.run(Client.java:1098)
2021-09-17 14:21:29,982 [EventQueue-PipelineReportForPipelineReportHandler] INFO  pipeline.PipelineManagerImpl (PipelineManagerImpl.java:openPipeline(282)) - Pipeline Pipeline[ Id: 2122119d-9f41-4192-8973-d0b93889fbfc, Nodes: 11f3a05e-de29-47e4-b752-c1c53d1088e4{ip: 127.0.0.1, host: localhost, ports: [REPLICATION=41747, RATIS=41235, RATIS_ADMIN=41235, RATIS_SERVER=41235, STANDALONE=43719], networkLocation: /default-rack, certSerialId: null, persistedOpState: IN_SERVICE, persistedOpStateExpiryEpochSec: 0}8721df37-0cb6-4aed-9ac1-08c1f74757c7{ip: 127.0.0.1, host: localhost, ports: [REPLICATION=44115, RATIS=39603, RATIS_ADMIN=39603, RATIS_SERVER=39603, STANDALONE=41251], networkLocation: /default-rack, certSerialId: null, persistedOpState: IN_SERVICE, persistedOpStateExpiryEpochSec: 0}6808a34f-0e94-4674-bd8e-337a9d1c35af{ip: 127.0.0.1, host: localhost, ports: [REPLICATION=44843, RATIS=41481, RATIS_ADMIN=41481, RATIS_SERVER=41481, STANDALONE=35287], networkLocation: /default-rack, certSerialId: null, persistedOpState: IN_SERVICE, persistedOpStateExpiryEpochSec: 0}, ReplicationConfig: RATIS/THREE, State:ALLOCATED, leaderId:11f3a05e-de29-47e4-b752-c1c53d1088e4, CreationTimestamp2021-09-17T14:21:25.236Z[Etc/UTC]] moved to OPEN state
2021-09-17 14:21:29,981 [EndpointStateMachine task thread for /127.0.0.1:13651 - 0 ] WARN  statemachine.EndpointStateMachine (EndpointStateMachine.java:logIfNeeded(236)) - Unable to communicate to SCM server at localhost:13651 for past 0 seconds.
java.io.EOFException: End of File Exception between local host is: "fv-az116-264/10.1.0.54"; destination host is: "localhost":13651; : java.io.EOFException; For more details see:  http://wiki.apache.org/hadoop/EOFException
	at sun.reflect.NativeConstructorAccessorImpl.newInstance0(Native Method)
	at sun.reflect.NativeConstructorAccessorImpl.newInstance(NativeConstructorAccessorImpl.java:62)
	at sun.reflect.DelegatingConstructorAccessorImpl.newInstance(DelegatingConstructorAccessorImpl.java:45)
	at java.lang.reflect.Constructor.newInstance(Constructor.java:423)
	at org.apache.hadoop.net.NetUtils.wrapWithMessage(NetUtils.java:913)
	at org.apache.hadoop.net.NetUtils.wrapException(NetUtils.java:862)
	at org.apache.hadoop.ipc.Client.getRpcResponse(Client.java:1577)
	at org.apache.hadoop.ipc.Client.call(Client.java:1519)
	at org.apache.hadoop.ipc.Client.call(Client.java:1416)
	at org.apache.hadoop.ipc.ProtobufRpcEngine$Invoker.invoke(ProtobufRpcEngine.java:236)
	at org.apache.hadoop.ipc.ProtobufRpcEngine$Invoker.invoke(ProtobufRpcEngine.java:123)
	at com.sun.proxy.$Proxy48.submitRequest(Unknown Source)
	at org.apache.hadoop.ozone.protocolPB.StorageContainerDatanodeProtocolClientSideTranslatorPB.submitRequest(StorageContainerDatanodeProtocolClientSideTranslatorPB.java:117)
	at org.apache.hadoop.ozone.protocolPB.StorageContainerDatanodeProtocolClientSideTranslatorPB.sendHeartbeat(StorageContainerDatanodeProtocolClientSideTranslatorPB.java:149)
	at org.apache.hadoop.ozone.container.common.states.endpoint.HeartbeatEndpointTask.call(HeartbeatEndpointTask.java:179)
	at org.apache.hadoop.ozone.container.common.states.endpoint.HeartbeatEndpointTask.call(HeartbeatEndpointTask.java:82)
	at java.util.concurrent.FutureTask.run(FutureTask.java:266)
	at java.util.concurrent.ThreadPoolExecutor.runWorker(ThreadPoolExecutor.java:1149)
	at java.util.concurrent.ThreadPoolExecutor$Worker.run(ThreadPoolExecutor.java:624)
	at java.lang.Thread.run(Thread.java:748)
Caused by: java.io.EOFException
	at java.io.DataInputStream.readInt(DataInputStream.java:392)
	at org.apache.hadoop.ipc.Client$IpcStreams.readResponse(Client.java:1892)
	at org.apache.hadoop.ipc.Client$Connection.receiveRpcResponse(Client.java:1202)
	at org.apache.hadoop.ipc.Client$Connection.run(Client.java:1098)
2021-09-17 14:21:30,027 [EventQueue-PipelineReportForPipelineReportHandler] ERROR events.SingleThreadExecutor (SingleThreadExecutor.java:lambda$onMessage$1(88)) - Error on execution message org.apache.hadoop.hdds.scm.server.SCMDatanodeHeartbeatDispatcher$PipelineReportFromDatanode@7e563851
java.lang.reflect.UndeclaredThrowableException
	at com.sun.proxy.$Proxy23.updatePipelineState(Unknown Source)
	at org.apache.hadoop.hdds.scm.pipeline.PipelineManagerImpl.openPipeline(PipelineManagerImpl.java:283)
	at org.apache.hadoop.hdds.scm.pipeline.PipelineReportHandler.processPipelineReport(PipelineReportHandler.java:133)
	at org.apache.hadoop.hdds.scm.pipeline.PipelineReportHandler.onMessage(PipelineReportHandler.java:92)
	at org.apache.hadoop.hdds.scm.pipeline.PipelineReportHandler.onMessage(PipelineReportHandler.java:51)
	at org.apache.hadoop.hdds.server.events.SingleThreadExecutor.lambda$onMessage$1(SingleThreadExecutor.java:85)
	at java.util.concurrent.ThreadPoolExecutor.runWorker(ThreadPoolExecutor.java:1149)
	at java.util.concurrent.ThreadPoolExecutor$Worker.run(ThreadPoolExecutor.java:624)
	at java.lang.Thread.run(Thread.java:748)
Caused by: java.util.concurrent.ExecutionException: org.apache.ratis.protocol.exceptions.ServerNotReadyException: de6c936e-076b-4b64-8302-91a02f19e2c3@group-50EB3B9E447A is not in [RUNNING]: current state is CLOSED
	at java.util.concurrent.CompletableFuture.reportGet(CompletableFuture.java:357)
	at java.util.concurrent.CompletableFuture.get(CompletableFuture.java:1928)
	at org.apache.hadoop.hdds.scm.ha.SCMRatisServerImpl.submitRequest(SCMRatisServerImpl.java:223)
	at org.apache.hadoop.hdds.scm.ha.SCMHAInvocationHandler.invokeRatis(SCMHAInvocationHandler.java:110)
	at org.apache.hadoop.hdds.scm.ha.SCMHAInvocationHandler.invoke(SCMHAInvocationHandler.java:67)
	... 9 more
Caused by: org.apache.ratis.protocol.exceptions.ServerNotReadyException: de6c936e-076b-4b64-8302-91a02f19e2c3@group-50EB3B9E447A is not in [RUNNING]: current state is CLOSED
	at org.apache.ratis.server.impl.RaftServerImpl.lambda$assertLifeCycleState$9(RaftServerImpl.java:667)
	at org.apache.ratis.util.LifeCycle.assertCurrentState(LifeCycle.java:253)
	at org.apache.ratis.server.impl.RaftServerImpl.assertLifeCycleState(RaftServerImpl.java:666)
	at org.apache.ratis.server.impl.RaftServerImpl.submitClientRequestAsync(RaftServerImpl.java:745)
	at org.apache.ratis.server.impl.RaftServerProxy.lambda$submitClientRequestAsync$9(RaftServerProxy.java:417)
	at org.apache.ratis.server.impl.RaftServerProxy.lambda$null$7(RaftServerProxy.java:412)
	at org.apache.ratis.util.JavaUtils.callAsUnchecked(JavaUtils.java:115)
	at org.apache.ratis.server.impl.RaftServerProxy.lambda$submitRequest$8(RaftServerProxy.java:412)
	at java.util.concurrent.CompletableFuture.uniComposeStage(CompletableFuture.java:995)
	at java.util.concurrent.CompletableFuture.thenCompose(CompletableFuture.java:2137)
	at org.apache.ratis.server.impl.RaftServerProxy.submitRequest(RaftServerProxy.java:411)
	at org.apache.ratis.server.impl.RaftServerProxy.submitClientRequestAsync(RaftServerProxy.java:417)
	at org.apache.hadoop.hdds.scm.ha.SCMRatisServerImpl.submitRequest(SCMRatisServerImpl.java:222)
	... 11 more
2021-09-17 14:21:30,421 [EventQueue-PipelineReportForPipelineReportHandler] INFO  pipeline.PipelineManagerImpl (PipelineManagerImpl.java:openPipeline(282)) - Pipeline Pipeline[ Id: 2122119d-9f41-4192-8973-d0b93889fbfc, Nodes: 11f3a05e-de29-47e4-b752-c1c53d1088e4{ip: 127.0.0.1, host: localhost, ports: [REPLICATION=41747, RATIS=41235, RATIS_ADMIN=41235, RATIS_SERVER=41235, STANDALONE=43719], networkLocation: /default-rack, certSerialId: null, persistedOpState: IN_SERVICE, persistedOpStateExpiryEpochSec: 0}8721df37-0cb6-4aed-9ac1-08c1f74757c7{ip: 127.0.0.1, host: localhost, ports: [REPLICATION=44115, RATIS=39603, RATIS_ADMIN=39603, RATIS_SERVER=39603, STANDALONE=41251], networkLocation: /default-rack, certSerialId: null, persistedOpState: IN_SERVICE, persistedOpStateExpiryEpochSec: 0}6808a34f-0e94-4674-bd8e-337a9d1c35af{ip: 127.0.0.1, host: localhost, ports: [REPLICATION=44843, RATIS=41481, RATIS_ADMIN=41481, RATIS_SERVER=41481, STANDALONE=35287], networkLocation: /default-rack, certSerialId: null, persistedOpState: IN_SERVICE, persistedOpStateExpiryEpochSec: 0}, ReplicationConfig: RATIS/THREE, State:ALLOCATED, leaderId:11f3a05e-de29-47e4-b752-c1c53d1088e4, CreationTimestamp2021-09-17T14:21:25.236Z[Etc/UTC]] moved to OPEN state
2021-09-17 14:21:30,421 [EventQueue-PipelineReportForPipelineReportHandler] ERROR events.SingleThreadExecutor (SingleThreadExecutor.java:lambda$onMessage$1(88)) - Error on execution message org.apache.hadoop.hdds.scm.server.SCMDatanodeHeartbeatDispatcher$PipelineReportFromDatanode@71d017fc
java.lang.reflect.UndeclaredThrowableException
	at com.sun.proxy.$Proxy23.updatePipelineState(Unknown Source)
	at org.apache.hadoop.hdds.scm.pipeline.PipelineManagerImpl.openPipeline(PipelineManagerImpl.java:283)
	at org.apache.hadoop.hdds.scm.pipeline.PipelineReportHandler.processPipelineReport(PipelineReportHandler.java:133)
	at org.apache.hadoop.hdds.scm.pipeline.PipelineReportHandler.onMessage(PipelineReportHandler.java:92)
	at org.apache.hadoop.hdds.scm.pipeline.PipelineReportHandler.onMessage(PipelineReportHandler.java:51)
	at org.apache.hadoop.hdds.server.events.SingleThreadExecutor.lambda$onMessage$1(SingleThreadExecutor.java:85)
	at java.util.concurrent.ThreadPoolExecutor.runWorker(ThreadPoolExecutor.java:1149)
	at java.util.concurrent.ThreadPoolExecutor$Worker.run(ThreadPoolExecutor.java:624)
	at java.lang.Thread.run(Thread.java:748)
Caused by: java.util.concurrent.ExecutionException: org.apache.ratis.protocol.exceptions.ServerNotReadyException: de6c936e-076b-4b64-8302-91a02f19e2c3@group-50EB3B9E447A is not in [RUNNING]: current state is CLOSED
	at java.util.concurrent.CompletableFuture.reportGet(CompletableFuture.java:357)
	at java.util.concurrent.CompletableFuture.get(CompletableFuture.java:1928)
	at org.apache.hadoop.hdds.scm.ha.SCMRatisServerImpl.submitRequest(SCMRatisServerImpl.java:223)
	at org.apache.hadoop.hdds.scm.ha.SCMHAInvocationHandler.invokeRatis(SCMHAInvocationHandler.java:110)
	at org.apache.hadoop.hdds.scm.ha.SCMHAInvocationHandler.invoke(SCMHAInvocationHandler.java:67)
	... 9 more
Caused by: org.apache.ratis.protocol.exceptions.ServerNotReadyException: de6c936e-076b-4b64-8302-91a02f19e2c3@group-50EB3B9E447A is not in [RUNNING]: current state is CLOSED
	at org.apache.ratis.server.impl.RaftServerImpl.lambda$assertLifeCycleState$9(RaftServerImpl.java:667)
	at org.apache.ratis.util.LifeCycle.assertCurrentState(LifeCycle.java:253)
	at org.apache.ratis.server.impl.RaftServerImpl.assertLifeCycleState(RaftServerImpl.java:666)
	at org.apache.ratis.server.impl.RaftServerImpl.submitClientRequestAsync(RaftServerImpl.java:745)
	at org.apache.ratis.server.impl.RaftServerProxy.lambda$submitClientRequestAsync$9(RaftServerProxy.java:417)
	at org.apache.ratis.server.impl.RaftServerProxy.lambda$null$7(RaftServerProxy.java:412)
	at org.apache.ratis.util.JavaUtils.callAsUnchecked(JavaUtils.java:115)
	at org.apache.ratis.server.impl.RaftServerProxy.lambda$submitRequest$8(RaftServerProxy.java:412)
	at java.util.concurrent.CompletableFuture.uniComposeStage(CompletableFuture.java:995)
	at java.util.concurrent.CompletableFuture.thenCompose(CompletableFuture.java:2137)
	at org.apache.ratis.server.impl.RaftServerProxy.submitRequest(RaftServerProxy.java:411)
	at org.apache.ratis.server.impl.RaftServerProxy.submitClientRequestAsync(RaftServerProxy.java:417)
	at org.apache.hadoop.hdds.scm.ha.SCMRatisServerImpl.submitRequest(SCMRatisServerImpl.java:222)
	... 11 more
2021-09-17 14:21:30,539 [EventQueue-PipelineReportForPipelineReportHandler] INFO  pipeline.PipelineManagerImpl (PipelineManagerImpl.java:openPipeline(282)) - Pipeline Pipeline[ Id: 2122119d-9f41-4192-8973-d0b93889fbfc, Nodes: 11f3a05e-de29-47e4-b752-c1c53d1088e4{ip: 127.0.0.1, host: localhost, ports: [REPLICATION=41747, RATIS=41235, RATIS_ADMIN=41235, RATIS_SERVER=41235, STANDALONE=43719], networkLocation: /default-rack, certSerialId: null, persistedOpState: IN_SERVICE, persistedOpStateExpiryEpochSec: 0}8721df37-0cb6-4aed-9ac1-08c1f74757c7{ip: 127.0.0.1, host: localhost, ports: [REPLICATION=44115, RATIS=39603, RATIS_ADMIN=39603, RATIS_SERVER=39603, STANDALONE=41251], networkLocation: /default-rack, certSerialId: null, persistedOpState: IN_SERVICE, persistedOpStateExpiryEpochSec: 0}6808a34f-0e94-4674-bd8e-337a9d1c35af{ip: 127.0.0.1, host: localhost, ports: [REPLICATION=44843, RATIS=41481, RATIS_ADMIN=41481, RATIS_SERVER=41481, STANDALONE=35287], networkLocation: /default-rack, certSerialId: null, persistedOpState: IN_SERVICE, persistedOpStateExpiryEpochSec: 0}, ReplicationConfig: RATIS/THREE, State:ALLOCATED, leaderId:11f3a05e-de29-47e4-b752-c1c53d1088e4, CreationTimestamp2021-09-17T14:21:25.236Z[Etc/UTC]] moved to OPEN state
2021-09-17 14:21:30,539 [EventQueue-PipelineReportForPipelineReportHandler] ERROR events.SingleThreadExecutor (SingleThreadExecutor.java:lambda$onMessage$1(88)) - Error on execution message org.apache.hadoop.hdds.scm.server.SCMDatanodeHeartbeatDispatcher$PipelineReportFromDatanode@5a5f1189
java.lang.reflect.UndeclaredThrowableException
	at com.sun.proxy.$Proxy23.updatePipelineState(Unknown Source)
	at org.apache.hadoop.hdds.scm.pipeline.PipelineManagerImpl.openPipeline(PipelineManagerImpl.java:283)
	at org.apache.hadoop.hdds.scm.pipeline.PipelineReportHandler.processPipelineReport(PipelineReportHandler.java:133)
	at org.apache.hadoop.hdds.scm.pipeline.PipelineReportHandler.onMessage(PipelineReportHandler.java:92)
	at org.apache.hadoop.hdds.scm.pipeline.PipelineReportHandler.onMessage(PipelineReportHandler.java:51)
	at org.apache.hadoop.hdds.server.events.SingleThreadExecutor.lambda$onMessage$1(SingleThreadExecutor.java:85)
	at java.util.concurrent.ThreadPoolExecutor.runWorker(ThreadPoolExecutor.java:1149)
	at java.util.concurrent.ThreadPoolExecutor$Worker.run(ThreadPoolExecutor.java:624)
	at java.lang.Thread.run(Thread.java:748)
Caused by: java.util.concurrent.ExecutionException: org.apache.ratis.protocol.exceptions.ServerNotReadyException: de6c936e-076b-4b64-8302-91a02f19e2c3@group-50EB3B9E447A is not in [RUNNING]: current state is CLOSED
	at java.util.concurrent.CompletableFuture.reportGet(CompletableFuture.java:357)
	at java.util.concurrent.CompletableFuture.get(CompletableFuture.java:1928)
	at org.apache.hadoop.hdds.scm.ha.SCMRatisServerImpl.submitRequest(SCMRatisServerImpl.java:223)
	at org.apache.hadoop.hdds.scm.ha.SCMHAInvocationHandler.invokeRatis(SCMHAInvocationHandler.java:110)
	at org.apache.hadoop.hdds.scm.ha.SCMHAInvocationHandler.invoke(SCMHAInvocationHandler.java:67)
	... 9 more
Caused by: org.apache.ratis.protocol.exceptions.ServerNotReadyException: de6c936e-076b-4b64-8302-91a02f19e2c3@group-50EB3B9E447A is not in [RUNNING]: current state is CLOSED
	at org.apache.ratis.server.impl.RaftServerImpl.lambda$assertLifeCycleState$9(RaftServerImpl.java:667)
	at org.apache.ratis.util.LifeCycle.assertCurrentState(LifeCycle.java:253)
	at org.apache.ratis.server.impl.RaftServerImpl.assertLifeCycleState(RaftServerImpl.java:666)
	at org.apache.ratis.server.impl.RaftServerImpl.submitClientRequestAsync(RaftServerImpl.java:745)
	at org.apache.ratis.server.impl.RaftServerProxy.lambda$submitClientRequestAsync$9(RaftServerProxy.java:417)
	at org.apache.ratis.server.impl.RaftServerProxy.lambda$null$7(RaftServerProxy.java:412)
	at org.apache.ratis.util.JavaUtils.callAsUnchecked(JavaUtils.java:115)
	at org.apache.ratis.server.impl.RaftServerProxy.lambda$submitRequest$8(RaftServerProxy.java:412)
	at java.util.concurrent.CompletableFuture.uniComposeStage(CompletableFuture.java:995)
	at java.util.concurrent.CompletableFuture.thenCompose(CompletableFuture.java:2137)
	at org.apache.ratis.server.impl.RaftServerProxy.submitRequest(RaftServerProxy.java:411)
	at org.apache.ratis.server.impl.RaftServerProxy.submitClientRequestAsync(RaftServerProxy.java:417)
	at org.apache.hadoop.hdds.scm.ha.SCMRatisServerImpl.submitRequest(SCMRatisServerImpl.java:222)
	... 11 more
2021-09-17 14:21:30,596 [EndpointStateMachine task thread for /127.0.0.1:14605 - 0 ] INFO  ipc.Client (Client.java:handleConnectionFailure(977)) - Retrying connect to server: localhost/127.0.0.1:14605. Already tried 6 time(s); retry policy is RetryUpToMaximumCountWithFixedSleep(maxRetries=15, sleepTime=1000 MILLISECONDS)
2021-09-17 14:21:30,971 [EndpointStateMachine task thread for /127.0.0.1:14625 - 0 ] INFO  ipc.Client (Client.java:handleConnectionFailure(977)) - Retrying connect to server: localhost/127.0.0.1:14625. Already tried 5 time(s); retry policy is RetryUpToMaximumCountWithFixedSleep(maxRetries=15, sleepTime=1000 MILLISECONDS)
2021-09-17 14:21:30,975 [EventQueue-PipelineReportForPipelineReportHandler] INFO  pipeline.PipelineManagerImpl (PipelineManagerImpl.java:openPipeline(282)) - Pipeline Pipeline[ Id: 2122119d-9f41-4192-8973-d0b93889fbfc, Nodes: 11f3a05e-de29-47e4-b752-c1c53d1088e4{ip: 127.0.0.1, host: localhost, ports: [REPLICATION=41747, RATIS=41235, RATIS_ADMIN=41235, RATIS_SERVER=41235, STANDALONE=43719], networkLocation: /default-rack, certSerialId: null, persistedOpState: IN_SERVICE, persistedOpStateExpiryEpochSec: 0}8721df37-0cb6-4aed-9ac1-08c1f74757c7{ip: 127.0.0.1, host: localhost, ports: [REPLICATION=44115, RATIS=39603, RATIS_ADMIN=39603, RATIS_SERVER=39603, STANDALONE=41251], networkLocation: /default-rack, certSerialId: null, persistedOpState: IN_SERVICE, persistedOpStateExpiryEpochSec: 0}6808a34f-0e94-4674-bd8e-337a9d1c35af{ip: 127.0.0.1, host: localhost, ports: [REPLICATION=44843, RATIS=41481, RATIS_ADMIN=41481, RATIS_SERVER=41481, STANDALONE=35287], networkLocation: /default-rack, certSerialId: null, persistedOpState: IN_SERVICE, persistedOpStateExpiryEpochSec: 0}, ReplicationConfig: RATIS/THREE, State:ALLOCATED, leaderId:11f3a05e-de29-47e4-b752-c1c53d1088e4, CreationTimestamp2021-09-17T14:21:25.236Z[Etc/UTC]] moved to OPEN state
2021-09-17 14:21:30,975 [EventQueue-PipelineReportForPipelineReportHandler] ERROR events.SingleThreadExecutor (SingleThreadExecutor.java:lambda$onMessage$1(88)) - Error on execution message org.apache.hadoop.hdds.scm.server.SCMDatanodeHeartbeatDispatcher$PipelineReportFromDatanode@67b38ab1
java.lang.reflect.UndeclaredThrowableException
	at com.sun.proxy.$Proxy23.updatePipelineState(Unknown Source)
	at org.apache.hadoop.hdds.scm.pipeline.PipelineManagerImpl.openPipeline(PipelineManagerImpl.java:283)
	at org.apache.hadoop.hdds.scm.pipeline.PipelineReportHandler.processPipelineReport(PipelineReportHandler.java:133)
	at org.apache.hadoop.hdds.scm.pipeline.PipelineReportHandler.onMessage(PipelineReportHandler.java:92)
	at org.apache.hadoop.hdds.scm.pipeline.PipelineReportHandler.onMessage(PipelineReportHandler.java:51)
	at org.apache.hadoop.hdds.server.events.SingleThreadExecutor.lambda$onMessage$1(SingleThreadExecutor.java:85)
	at java.util.concurrent.ThreadPoolExecutor.runWorker(ThreadPoolExecutor.java:1149)
	at java.util.concurrent.ThreadPoolExecutor$Worker.run(ThreadPoolExecutor.java:624)
	at java.lang.Thread.run(Thread.java:748)
Caused by: java.util.concurrent.ExecutionException: org.apache.ratis.protocol.exceptions.ServerNotReadyException: de6c936e-076b-4b64-8302-91a02f19e2c3@group-50EB3B9E447A is not in [RUNNING]: current state is CLOSED
	at java.util.concurrent.CompletableFuture.reportGet(CompletableFuture.java:357)
	at java.util.concurrent.CompletableFuture.get(CompletableFuture.java:1928)
	at org.apache.hadoop.hdds.scm.ha.SCMRatisServerImpl.submitRequest(SCMRatisServerImpl.java:223)
	at org.apache.hadoop.hdds.scm.ha.SCMHAInvocationHandler.invokeRatis(SCMHAInvocationHandler.java:110)
	at org.apache.hadoop.hdds.scm.ha.SCMHAInvocationHandler.invoke(SCMHAInvocationHandler.java:67)
	... 9 more
Caused by: org.apache.ratis.protocol.exceptions.ServerNotReadyException: de6c936e-076b-4b64-8302-91a02f19e2c3@group-50EB3B9E447A is not in [RUNNING]: current state is CLOSED
	at org.apache.ratis.server.impl.RaftServerImpl.lambda$assertLifeCycleState$9(RaftServerImpl.java:667)
	at org.apache.ratis.util.LifeCycle.assertCurrentState(LifeCycle.java:253)
	at org.apache.ratis.server.impl.RaftServerImpl.assertLifeCycleState(RaftServerImpl.java:666)
	at org.apache.ratis.server.impl.RaftServerImpl.submitClientRequestAsync(RaftServerImpl.java:745)
	at org.apache.ratis.server.impl.RaftServerProxy.lambda$submitClientRequestAsync$9(RaftServerProxy.java:417)
	at org.apache.ratis.server.impl.RaftServerProxy.lambda$null$7(RaftServerProxy.java:412)
	at org.apache.ratis.util.JavaUtils.callAsUnchecked(JavaUtils.java:115)
	at org.apache.ratis.server.impl.RaftServerProxy.lambda$submitRequest$8(RaftServerProxy.java:412)
	at java.util.concurrent.CompletableFuture.uniComposeStage(CompletableFuture.java:995)
	at java.util.concurrent.CompletableFuture.thenCompose(CompletableFuture.java:2137)
	at org.apache.ratis.server.impl.RaftServerProxy.submitRequest(RaftServerProxy.java:411)
	at org.apache.ratis.server.impl.RaftServerProxy.submitClientRequestAsync(RaftServerProxy.java:417)
	at org.apache.hadoop.hdds.scm.ha.SCMRatisServerImpl.submitRequest(SCMRatisServerImpl.java:222)
	... 11 more
2021-09-17 14:21:30,979 [EndpointStateMachine task thread for /127.0.0.1:14615 - 0 ] INFO  ipc.Client (Client.java:handleConnectionFailure(977)) - Retrying connect to server: localhost/127.0.0.1:14615. Already tried 5 time(s); retry policy is RetryUpToMaximumCountWithFixedSleep(maxRetries=15, sleepTime=1000 MILLISECONDS)
2021-09-17 14:21:31,418 [Datanode State Machine Thread - 0] ERROR datanode.RunningDatanodeState (RunningDatanodeState.java:computeNextContainerState(199)) - Error in executing end point task.
java.util.concurrent.ExecutionException: java.util.concurrent.TimeoutException
	at java.util.concurrent.FutureTask.report(FutureTask.java:122)
	at java.util.concurrent.FutureTask.get(FutureTask.java:192)
	at org.apache.hadoop.ozone.container.common.states.datanode.RunningDatanodeState.computeNextContainerState(RunningDatanodeState.java:191)
	at org.apache.hadoop.ozone.container.common.states.datanode.RunningDatanodeState.await(RunningDatanodeState.java:231)
	at org.apache.hadoop.ozone.container.common.states.datanode.RunningDatanodeState.await(RunningDatanodeState.java:50)
	at org.apache.hadoop.ozone.container.common.statemachine.StateContext.execute(StateContext.java:629)
	at org.apache.hadoop.ozone.container.common.statemachine.DatanodeStateMachine.start(DatanodeStateMachine.java:270)
	at org.apache.hadoop.ozone.container.common.statemachine.DatanodeStateMachine.lambda$startDaemon$0(DatanodeStateMachine.java:457)
	at java.lang.Thread.run(Thread.java:748)
Caused by: java.util.concurrent.TimeoutException
	at java.util.concurrent.FutureTask.get(FutureTask.java:205)
	at org.apache.hadoop.ozone.container.common.states.datanode.RunningDatanodeState.lambda$execute$0(RunningDatanodeState.java:149)
	at java.util.concurrent.FutureTask.run(FutureTask.java:266)
	at java.util.concurrent.Executors$RunnableAdapter.call(Executors.java:511)
	at java.util.concurrent.FutureTask.run(FutureTask.java:266)
	at java.util.concurrent.ThreadPoolExecutor.runWorker(ThreadPoolExecutor.java:1149)
	at java.util.concurrent.ThreadPoolExecutor$Worker.run(ThreadPoolExecutor.java:624)
	... 1 more
2021-09-17 14:21:31,420 [EndpointStateMachine task thread for /127.0.0.1:13651 - 0 ] INFO  ipc.Client (Client.java:handleConnectionFailure(977)) - Retrying connect to server: localhost/127.0.0.1:13651. Already tried 0 time(s); retry policy is RetryUpToMaximumCountWithFixedSleep(maxRetries=15, sleepTime=1000 MILLISECONDS)
2021-09-17 14:21:31,420 [EndpointStateMachine task thread for /127.0.0.1:13641 - 0 ] INFO  ipc.Client (Client.java:handleConnectionFailure(977)) - Retrying connect to server: localhost/127.0.0.1:13641. Already tried 0 time(s); retry policy is RetryUpToMaximumCountWithFixedSleep(maxRetries=15, sleepTime=1000 MILLISECONDS)
2021-09-17 14:21:31,537 [Datanode State Machine Thread - 0] ERROR datanode.RunningDatanodeState (RunningDatanodeState.java:computeNextContainerState(199)) - Error in executing end point task.
java.util.concurrent.ExecutionException: java.util.concurrent.TimeoutException
	at java.util.concurrent.FutureTask.report(FutureTask.java:122)
	at java.util.concurrent.FutureTask.get(FutureTask.java:192)
	at org.apache.hadoop.ozone.container.common.states.datanode.RunningDatanodeState.computeNextContainerState(RunningDatanodeState.java:191)
	at org.apache.hadoop.ozone.container.common.states.datanode.RunningDatanodeState.await(RunningDatanodeState.java:231)
	at org.apache.hadoop.ozone.container.common.states.datanode.RunningDatanodeState.await(RunningDatanodeState.java:50)
	at org.apache.hadoop.ozone.container.common.statemachine.StateContext.execute(StateContext.java:629)
	at org.apache.hadoop.ozone.container.common.statemachine.DatanodeStateMachine.start(DatanodeStateMachine.java:270)
	at org.apache.hadoop.ozone.container.common.statemachine.DatanodeStateMachine.lambda$startDaemon$0(DatanodeStateMachine.java:457)
	at java.lang.Thread.run(Thread.java:748)
Caused by: java.util.concurrent.TimeoutException
	at java.util.concurrent.FutureTask.get(FutureTask.java:205)
	at org.apache.hadoop.ozone.container.common.states.datanode.RunningDatanodeState.lambda$execute$0(RunningDatanodeState.java:149)
	at java.util.concurrent.FutureTask.run(FutureTask.java:266)
	at java.util.concurrent.Executors$RunnableAdapter.call(Executors.java:511)
	at java.util.concurrent.FutureTask.run(FutureTask.java:266)
	at java.util.concurrent.ThreadPoolExecutor.runWorker(ThreadPoolExecutor.java:1149)
	at java.util.concurrent.ThreadPoolExecutor$Worker.run(ThreadPoolExecutor.java:624)
	... 1 more
2021-09-17 14:21:31,597 [EndpointStateMachine task thread for /127.0.0.1:14605 - 0 ] INFO  ipc.Client (Client.java:handleConnectionFailure(977)) - Retrying connect to server: localhost/127.0.0.1:14605. Already tried 7 time(s); retry policy is RetryUpToMaximumCountWithFixedSleep(maxRetries=15, sleepTime=1000 MILLISECONDS)
2021-09-17 14:21:31,972 [EndpointStateMachine task thread for /127.0.0.1:14625 - 0 ] INFO  ipc.Client (Client.java:handleConnectionFailure(977)) - Retrying connect to server: localhost/127.0.0.1:14625. Already tried 6 time(s); retry policy is RetryUpToMaximumCountWithFixedSleep(maxRetries=15, sleepTime=1000 MILLISECONDS)
2021-09-17 14:21:31,973 [Datanode State Machine Thread - 0] ERROR datanode.RunningDatanodeState (RunningDatanodeState.java:computeNextContainerState(199)) - Error in executing end point task.
java.util.concurrent.ExecutionException: java.util.concurrent.TimeoutException
	at java.util.concurrent.FutureTask.report(FutureTask.java:122)
	at java.util.concurrent.FutureTask.get(FutureTask.java:192)
	at org.apache.hadoop.ozone.container.common.states.datanode.RunningDatanodeState.computeNextContainerState(RunningDatanodeState.java:191)
	at org.apache.hadoop.ozone.container.common.states.datanode.RunningDatanodeState.await(RunningDatanodeState.java:231)
	at org.apache.hadoop.ozone.container.common.states.datanode.RunningDatanodeState.await(RunningDatanodeState.java:50)
	at org.apache.hadoop.ozone.container.common.statemachine.StateContext.execute(StateContext.java:629)
	at org.apache.hadoop.ozone.container.common.statemachine.DatanodeStateMachine.start(DatanodeStateMachine.java:270)
	at org.apache.hadoop.ozone.container.common.statemachine.DatanodeStateMachine.lambda$startDaemon$0(DatanodeStateMachine.java:457)
	at java.lang.Thread.run(Thread.java:748)
Caused by: java.util.concurrent.TimeoutException
	at java.util.concurrent.FutureTask.get(FutureTask.java:205)
	at org.apache.hadoop.ozone.container.common.states.datanode.RunningDatanodeState.lambda$execute$0(RunningDatanodeState.java:149)
	at java.util.concurrent.FutureTask.run(FutureTask.java:266)
	at java.util.concurrent.Executors$RunnableAdapter.call(Executors.java:511)
	at java.util.concurrent.FutureTask.run(FutureTask.java:266)
	at java.util.concurrent.ThreadPoolExecutor.runWorker(ThreadPoolExecutor.java:1149)
	at java.util.concurrent.ThreadPoolExecutor$Worker.run(ThreadPoolExecutor.java:624)
	... 1 more
2021-09-17 14:21:31,979 [EndpointStateMachine task thread for /127.0.0.1:14615 - 0 ] INFO  ipc.Client (Client.java:handleConnectionFailure(977)) - Retrying connect to server: localhost/127.0.0.1:14615. Already tried 6 time(s); retry policy is RetryUpToMaximumCountWithFixedSleep(maxRetries=15, sleepTime=1000 MILLISECONDS)
2021-09-17 14:21:32,284 [SCM Heartbeat Processing Thread - 0] WARN  node.NodeStateManager (NodeStateManager.java:scheduleNextHealthCheck(799)) - Current Thread is interrupted, shutting down HB processing thread for Node Manager.
2021-09-17 14:21:32,285 [Listener at 127.0.0.1/13392] INFO  server.StorageContainerManager (StorageContainerManager.java:stop(1407)) - Stopping block service RPC server
2021-09-17 14:21:32,285 [Listener at 127.0.0.1/13392] INFO  server.SCMBlockProtocolServer (SCMBlockProtocolServer.java:stop(160)) - Stopping the RPC server for Block Protocol
2021-09-17 14:21:32,285 [Listener at 127.0.0.1/13392] INFO  ipc.Server (Server.java:stop(3414)) - Stopping server on 13642
2021-09-17 14:21:32,295 [Listener at 127.0.0.1/13392] INFO  server.StorageContainerManager (StorageContainerManager.java:stop(1414)) - Stopping the StorageContainerLocationProtocol RPC server
2021-09-17 14:21:32,295 [Listener at 127.0.0.1/13392] INFO  server.SCMClientProtocolServer (SCMClientProtocolServer.java:stop(173)) - Stopping the RPC server for Client Protocol
2021-09-17 14:21:32,295 [Listener at 127.0.0.1/13392] INFO  ipc.Server (Server.java:stop(3414)) - Stopping server on 13643
2021-09-17 14:21:32,295 [IPC Server Responder] INFO  ipc.Server (Server.java:run(1512)) - Stopping IPC Server Responder
2021-09-17 14:21:32,296 [IPC Server listener on 13642] INFO  ipc.Server (Server.java:run(1376)) - Stopping IPC Server listener on 13642
2021-09-17 14:21:32,308 [IPC Server listener on 13643] INFO  ipc.Server (Server.java:run(1376)) - Stopping IPC Server listener on 13643
2021-09-17 14:21:32,311 [Listener at 127.0.0.1/13392] INFO  server.StorageContainerManager (StorageContainerManager.java:stop(1421)) - Stopping Storage Container Manager HTTP server.
2021-09-17 14:21:32,311 [Listener at 127.0.0.1/13392] INFO  handler.ContextHandler (ContextHandler.java:doStop(1153)) - Stopped o.e.j.w.WebAppContext@7e82a5fb{scm,/,null,STOPPED}{file:/home/runner/work/ozone/ozone/hadoop-ozone/integration-test/target/test-classes/webapps/scm}
2021-09-17 14:21:32,312 [IPC Server Responder] INFO  ipc.Server (Server.java:run(1512)) - Stopping IPC Server Responder
2021-09-17 14:21:32,315 [Listener at 127.0.0.1/13392] INFO  server.AbstractConnector (AbstractConnector.java:doStop(381)) - Stopped ServerConnector@598f339e{HTTP/1.1, (http/1.1)}{0.0.0.0:13638}
2021-09-17 14:21:32,315 [Listener at 127.0.0.1/13392] INFO  server.session (HouseKeeper.java:stopScavenging(149)) - node0 Stopped scavenging
2021-09-17 14:21:32,315 [Listener at 127.0.0.1/13392] INFO  handler.ContextHandler (ContextHandler.java:doStop(1153)) - Stopped o.e.j.s.ServletContextHandler@6252d1c{static,/static,file:///home/runner/work/ozone/ozone/hadoop-ozone/integration-test/target/test-classes/webapps/static,STOPPED}
2021-09-17 14:21:32,315 [Listener at 127.0.0.1/13392] INFO  handler.ContextHandler (ContextHandler.java:doStop(1153)) - Stopped o.e.j.s.ServletContextHandler@6ac7e58e{logs,/logs,file:///home/runner/work/ozone/ozone/hadoop-ozone/integration-test/target/log,STOPPED}
2021-09-17 14:21:32,317 [Listener at 127.0.0.1/13392] INFO  server.StorageContainerManager (StorageContainerManager.java:stop(1432)) - Stopping Block Manager Service.
2021-09-17 14:21:32,318 [Listener at 127.0.0.1/13392] INFO  utils.BackgroundService (BackgroundService.java:shutdown(132)) - Shutting down service SCMBlockDeletingService
2021-09-17 14:21:32,318 [Listener at 127.0.0.1/13392] INFO  utils.BackgroundService (BackgroundService.java:shutdown(132)) - Shutting down service SCMBlockDeletingService
2021-09-17 14:21:32,318 [Listener at 127.0.0.1/13392] INFO  server.StorageContainerManager (StorageContainerManager.java:stop(1459)) - Stopping SCM Event Queue.
2021-09-17 14:21:32,320 [Listener at 127.0.0.1/13392] INFO  server.StorageContainerManager (StorageContainerManager.java:stop(1470)) - Stopping SCM HA services.
2021-09-17 14:21:32,320 [Listener at 127.0.0.1/13392] INFO  ha.SCMRatisServerImpl (SCMRatisServerImpl.java:stop(236)) - stopping ratis server 0.0.0.0:13640
2021-09-17 14:21:32,320 [Listener at 127.0.0.1/13392] INFO  server.RaftServer (RaftServerProxy.java:lambda$close$6(391)) - 62c51671-a275-468c-9a91-cfb1a6740248: close
2021-09-17 14:21:32,321 [Listener at 127.0.0.1/13392] INFO  server.RaftServer$Division (RaftServerImpl.java:lambda$close$4(407)) - 62c51671-a275-468c-9a91-cfb1a6740248@group-50EB3B9E447A: shutdown
2021-09-17 14:21:32,321 [Listener at 127.0.0.1/13392] INFO  util.JmxRegister (JmxRegister.java:unregister(73)) - Successfully un-registered JMX Bean with object name Ratis:service=RaftServer,group=group-50EB3B9E447A,id=62c51671-a275-468c-9a91-cfb1a6740248
2021-09-17 14:21:32,321 [Listener at 127.0.0.1/13392] INFO  impl.RoleInfo (RoleInfo.java:shutdownLeaderState(91)) - 62c51671-a275-468c-9a91-cfb1a6740248: shutdown 62c51671-a275-468c-9a91-cfb1a6740248@group-50EB3B9E447A-LeaderStateImpl
2021-09-17 14:21:32,321 [62c51671-a275-468c-9a91-cfb1a6740248@group-50EB3B9E447A->b698c972-2c25-4917-bf85-656ee0b35a6d-GrpcLogAppender-LogAppenderDaemon] WARN  server.GrpcLogAppender (GrpcLogAppender.java:mayWait(175)) - 62c51671-a275-468c-9a91-cfb1a6740248@group-50EB3B9E447A->b698c972-2c25-4917-bf85-656ee0b35a6d-GrpcLogAppender: Wait interrupted by java.lang.InterruptedException
2021-09-17 14:21:32,321 [62c51671-a275-468c-9a91-cfb1a6740248@group-50EB3B9E447A->de6c936e-076b-4b64-8302-91a02f19e2c3-GrpcLogAppender-LogAppenderDaemon] WARN  server.GrpcLogAppender (GrpcLogAppender.java:mayWait(175)) - 62c51671-a275-468c-9a91-cfb1a6740248@group-50EB3B9E447A->de6c936e-076b-4b64-8302-91a02f19e2c3-GrpcLogAppender: Wait interrupted by java.lang.InterruptedException
2021-09-17 14:21:32,322 [grpc-default-executor-2] INFO  server.GrpcServerProtocolService (GrpcServerProtocolService.java:onCompleted(140)) - de6c936e-076b-4b64-8302-91a02f19e2c3: Completed APPEND_ENTRIES, lastRequest: 62c51671-a275-468c-9a91-cfb1a6740248->de6c936e-076b-4b64-8302-91a02f19e2c3#47-t2,previous=(t:2, i:29),leaderCommit=29,initializing? true,entries: size=1, first=(t:2, i:30), METADATAENTRY(c:29)
2021-09-17 14:21:32,323 [grpc-default-executor-4] INFO  server.GrpcLogAppender (GrpcLogAppender.java:onCompleted(344)) - 62c51671-a275-468c-9a91-cfb1a6740248@group-50EB3B9E447A->de6c936e-076b-4b64-8302-91a02f19e2c3-AppendLogResponseHandler: follower responses appendEntries COMPLETED
2021-09-17 14:21:32,323 [grpc-default-executor-4] INFO  leader.FollowerInfo (FollowerInfoImpl.java:lambda$new$0(46)) - 62c51671-a275-468c-9a91-cfb1a6740248@group-50EB3B9E447A->de6c936e-076b-4b64-8302-91a02f19e2c3: nextIndex: updateUnconditionally 31 -> 30
2021-09-17 14:21:32,323 [Listener at 127.0.0.1/13392] INFO  impl.PendingRequests (PendingRequests.java:sendNotLeaderResponses(282)) - 62c51671-a275-468c-9a91-cfb1a6740248@group-50EB3B9E447A-PendingRequests: sendNotLeaderResponses
2021-09-17 14:21:32,323 [Listener at 127.0.0.1/13392] INFO  ha.SCMStateMachine (SCMStateMachine.java:notifyNotLeader(183)) - current leader SCM steps down.
2021-09-17 14:21:32,324 [Listener at 127.0.0.1/13392] INFO  ha.SCMContext (SCMContext.java:updateLeaderAndTerm(88)) - update <isLeader,term> from <true,2> to <false,0>
2021-09-17 14:21:32,324 [Listener at 127.0.0.1/13392] INFO  ha.SCMContext (SCMContext.java:updateLeaderAndTerm(95)) - update <isLeaderReady> from <false> to <false>
2021-09-17 14:21:32,329 [Listener at 127.0.0.1/13392] INFO  impl.StateMachineUpdater (StateMachineUpdater.java:stopAndJoin(149)) - 62c51671-a275-468c-9a91-cfb1a6740248@group-50EB3B9E447A-StateMachineUpdater: set stopIndex = 30
2021-09-17 14:21:32,330 [Listener at 127.0.0.1/13392] INFO  server.RaftServer$Division (ServerState.java:close(419)) - 62c51671-a275-468c-9a91-cfb1a6740248@group-50EB3B9E447A: closes. applyIndex: 30
2021-09-17 14:21:32,330 [62c51671-a275-468c-9a91-cfb1a6740248@group-50EB3B9E447A-SegmentedRaftLogWorker] INFO  segmented.SegmentedRaftLogWorker (SegmentedRaftLogWorker.java:run(327)) - 62c51671-a275-468c-9a91-cfb1a6740248@group-50EB3B9E447A-SegmentedRaftLogWorker was interrupted, exiting. There are 0 tasks remaining in the queue.
2021-09-17 14:21:32,330 [Listener at 127.0.0.1/13392] INFO  segmented.SegmentedRaftLogWorker (SegmentedRaftLogWorker.java:close(237)) - 62c51671-a275-468c-9a91-cfb1a6740248@group-50EB3B9E447A-SegmentedRaftLogWorker close()
2021-09-17 14:21:32,340 [Listener at 127.0.0.1/13392] INFO  server.GrpcService (GrpcService.java:closeImpl(262)) - 62c51671-a275-468c-9a91-cfb1a6740248: shutdown server with port 13640 now
2021-09-17 14:21:32,348 [Listener at 127.0.0.1/13392] INFO  server.GrpcService (GrpcService.java:closeImpl(271)) - 62c51671-a275-468c-9a91-cfb1a6740248: shutdown server with port 13640 successfully
2021-09-17 14:21:32,348 [org.apache.ratis.util.JvmPauseMonitor$$Lambda$499/723602324@2595ecb2] INFO  util.JvmPauseMonitor (JvmPauseMonitor.java:run(109)) - JvmPauseMonitor-62c51671-a275-468c-9a91-cfb1a6740248: Stopped
2021-09-17 14:21:32,349 [Listener at 127.0.0.1/13392] INFO  pipeline.BackgroundPipelineCreator (BackgroundPipelineCreatorV2.java:stop(158)) - Stopping RatisPipelineUtilsThread.
2021-09-17 14:21:32,350 [Listener at 127.0.0.1/13392] INFO  server.StorageContainerManager (StorageContainerManager.java:stop(1480)) - Stopping SCM MetadataStore.
2021-09-17 14:21:32,351 [Listener at 127.0.0.1/13392] INFO  impl.MetricsSystemImpl (MetricsSystemImpl.java:stop(205)) - StorageContainerManager metrics system stopped (again)
2021-09-17 14:21:32,351 [Listener at 127.0.0.1/13392] INFO  ozone.MiniOzoneHAClusterImpl (MiniOzoneHAClusterImpl.java:stop(306)) - Stopping the StorageContainerManager de6c936e-076b-4b64-8302-91a02f19e2c3
2021-09-17 14:21:32,351 [Listener at 127.0.0.1/13392] INFO  server.StorageContainerManager (StorageContainerManager.java:stop(1371)) - Stopping Container Balancer service.
2021-09-17 14:21:32,351 [Listener at 127.0.0.1/13392] INFO  balancer.ContainerBalancer (ContainerBalancer.java:stop(717)) - Container Balancer is not running.
2021-09-17 14:21:32,351 [Listener at 127.0.0.1/13392] INFO  server.StorageContainerManager (StorageContainerManager.java:stop(1378)) - Stopping Replication Manager Service.
2021-09-17 14:21:32,351 [Listener at 127.0.0.1/13392] INFO  container.ReplicationManager (ReplicationManager.java:stop(350)) - Stopping Replication Monitor Thread.
2021-09-17 14:21:32,352 [Listener at 127.0.0.1/13392] INFO  server.StorageContainerManager (StorageContainerManager.java:stop(1385)) - Stopping the Datanode Admin Monitor.
2021-09-17 14:21:32,352 [Listener at 127.0.0.1/13392] INFO  server.StorageContainerManager (StorageContainerManager.java:stop(1392)) - Stopping Lease Manager of the command watchers
2021-09-17 14:21:32,352 [Listener at 127.0.0.1/13392] INFO  server.StorageContainerManager (StorageContainerManager.java:stop(1399)) - Stopping datanode service RPC server
2021-09-17 14:21:32,352 [Listener at 127.0.0.1/13392] INFO  server.SCMDatanodeProtocolServer (SCMDatanodeProtocolServer.java:stop(389)) - Stopping the RPC server for DataNodes
2021-09-17 14:21:32,352 [Listener at 127.0.0.1/13392] INFO  ipc.Server (Server.java:stop(3414)) - Stopping server on 13661
2021-09-17 14:21:32,356 [IPC Server Responder] INFO  ipc.Server (Server.java:run(1512)) - Stopping IPC Server Responder
2021-09-17 14:21:32,356 [IPC Server listener on 13661] INFO  ipc.Server (Server.java:run(1376)) - Stopping IPC Server listener on 13661
2021-09-17 14:21:32,383 [SCM Heartbeat Processing Thread - 0] WARN  node.NodeStateManager (NodeStateManager.java:scheduleNextHealthCheck(799)) - Current Thread is interrupted, shutting down HB processing thread for Node Manager.
2021-09-17 14:21:32,383 [Listener at 127.0.0.1/13392] INFO  server.StorageContainerManager (StorageContainerManager.java:stop(1407)) - Stopping block service RPC server
2021-09-17 14:21:32,383 [Listener at 127.0.0.1/13392] INFO  server.SCMBlockProtocolServer (SCMBlockProtocolServer.java:stop(160)) - Stopping the RPC server for Block Protocol
2021-09-17 14:21:32,383 [Listener at 127.0.0.1/13392] INFO  ipc.Server (Server.java:stop(3414)) - Stopping server on 13662
2021-09-17 14:21:32,385 [Listener at 127.0.0.1/13392] INFO  server.StorageContainerManager (StorageContainerManager.java:stop(1414)) - Stopping the StorageContainerLocationProtocol RPC server
2021-09-17 14:21:32,385 [Listener at 127.0.0.1/13392] INFO  server.SCMClientProtocolServer (SCMClientProtocolServer.java:stop(173)) - Stopping the RPC server for Client Protocol
2021-09-17 14:21:32,385 [Listener at 127.0.0.1/13392] INFO  ipc.Server (Server.java:stop(3414)) - Stopping server on 13663
2021-09-17 14:21:32,385 [IPC Server Responder] INFO  ipc.Server (Server.java:run(1512)) - Stopping IPC Server Responder
2021-09-17 14:21:32,386 [IPC Server Responder] INFO  ipc.Server (Server.java:run(1512)) - Stopping IPC Server Responder
2021-09-17 14:21:32,386 [IPC Server listener on 13663] INFO  ipc.Server (Server.java:run(1376)) - Stopping IPC Server listener on 13663
2021-09-17 14:21:32,388 [Listener at 127.0.0.1/13392] INFO  server.StorageContainerManager (StorageContainerManager.java:stop(1421)) - Stopping Storage Container Manager HTTP server.
2021-09-17 14:21:32,390 [Listener at 127.0.0.1/13392] INFO  handler.ContextHandler (ContextHandler.java:doStop(1153)) - Stopped o.e.j.w.WebAppContext@3b2a3542{scm,/,null,STOPPED}{file:/home/runner/work/ozone/ozone/hadoop-ozone/integration-test/target/test-classes/webapps/scm}
2021-09-17 14:21:32,399 [IPC Server listener on 13662] INFO  ipc.Server (Server.java:run(1376)) - Stopping IPC Server listener on 13662
2021-09-17 14:21:32,408 [Listener at 127.0.0.1/13392] INFO  server.AbstractConnector (AbstractConnector.java:doStop(381)) - Stopped ServerConnector@589c37ef{HTTP/1.1, (http/1.1)}{0.0.0.0:13658}
2021-09-17 14:21:32,408 [Listener at 127.0.0.1/13392] INFO  server.session (HouseKeeper.java:stopScavenging(149)) - node0 Stopped scavenging
2021-09-17 14:21:32,409 [Listener at 127.0.0.1/13392] INFO  handler.ContextHandler (ContextHandler.java:doStop(1153)) - Stopped o.e.j.s.ServletContextHandler@7acf609d{static,/static,file:///home/runner/work/ozone/ozone/hadoop-ozone/integration-test/target/test-classes/webapps/static,STOPPED}
2021-09-17 14:21:32,409 [Listener at 127.0.0.1/13392] INFO  handler.ContextHandler (ContextHandler.java:doStop(1153)) - Stopped o.e.j.s.ServletContextHandler@e0895b3{logs,/logs,file:///home/runner/work/ozone/ozone/hadoop-ozone/integration-test/target/log,STOPPED}
2021-09-17 14:21:32,410 [Listener at 127.0.0.1/13392] INFO  server.StorageContainerManager (StorageContainerManager.java:stop(1432)) - Stopping Block Manager Service.
2021-09-17 14:21:32,410 [Listener at 127.0.0.1/13392] INFO  utils.BackgroundService (BackgroundService.java:shutdown(132)) - Shutting down service SCMBlockDeletingService
2021-09-17 14:21:32,410 [Listener at 127.0.0.1/13392] INFO  utils.BackgroundService (BackgroundService.java:shutdown(132)) - Shutting down service SCMBlockDeletingService
2021-09-17 14:21:32,410 [Listener at 127.0.0.1/13392] INFO  server.StorageContainerManager (StorageContainerManager.java:stop(1459)) - Stopping SCM Event Queue.
2021-09-17 14:21:32,412 [Listener at 127.0.0.1/13392] INFO  server.StorageContainerManager (StorageContainerManager.java:stop(1470)) - Stopping SCM HA services.
2021-09-17 14:21:32,412 [Listener at 127.0.0.1/13392] INFO  ha.SCMRatisServerImpl (SCMRatisServerImpl.java:stop(236)) - stopping ratis server 0.0.0.0:13660
2021-09-17 14:21:32,412 [Listener at 127.0.0.1/13392] INFO  server.RaftServer (RaftServerProxy.java:lambda$close$6(391)) - de6c936e-076b-4b64-8302-91a02f19e2c3: close
2021-09-17 14:21:32,412 [Listener at 127.0.0.1/13392] INFO  server.GrpcService (GrpcService.java:closeImpl(262)) - de6c936e-076b-4b64-8302-91a02f19e2c3: shutdown server with port 13660 now
2021-09-17 14:21:32,419 [Listener at 127.0.0.1/13392] INFO  server.GrpcService (GrpcService.java:closeImpl(271)) - de6c936e-076b-4b64-8302-91a02f19e2c3: shutdown server with port 13660 successfully
2021-09-17 14:21:32,420 [Datanode State Machine Thread - 0] ERROR datanode.RunningDatanodeState (RunningDatanodeState.java:computeNextContainerState(199)) - Error in executing end point task.
java.util.concurrent.ExecutionException: java.util.concurrent.TimeoutException
	at java.util.concurrent.FutureTask.report(FutureTask.java:122)
	at java.util.concurrent.FutureTask.get(FutureTask.java:192)
	at org.apache.hadoop.ozone.container.common.states.datanode.RunningDatanodeState.computeNextContainerState(RunningDatanodeState.java:191)
	at org.apache.hadoop.ozone.container.common.states.datanode.RunningDatanodeState.await(RunningDatanodeState.java:231)
	at org.apache.hadoop.ozone.container.common.states.datanode.RunningDatanodeState.await(RunningDatanodeState.java:50)
	at org.apache.hadoop.ozone.container.common.statemachine.StateContext.execute(StateContext.java:629)
	at org.apache.hadoop.ozone.container.common.statemachine.DatanodeStateMachine.start(DatanodeStateMachine.java:270)
	at org.apache.hadoop.ozone.container.common.statemachine.DatanodeStateMachine.lambda$startDaemon$0(DatanodeStateMachine.java:457)
	at java.lang.Thread.run(Thread.java:748)
Caused by: java.util.concurrent.TimeoutException
	at java.util.concurrent.FutureTask.get(FutureTask.java:205)
	at org.apache.hadoop.ozone.container.common.states.datanode.RunningDatanodeState.lambda$execute$0(RunningDatanodeState.java:149)
	at java.util.concurrent.FutureTask.run(FutureTask.java:266)
	at java.util.concurrent.Executors$RunnableAdapter.call(Executors.java:511)
	at java.util.concurrent.FutureTask.run(FutureTask.java:266)
	at java.util.concurrent.ThreadPoolExecutor.runWorker(ThreadPoolExecutor.java:1149)
	at java.util.concurrent.ThreadPoolExecutor$Worker.run(ThreadPoolExecutor.java:624)
	... 1 more
2021-09-17 14:21:32,421 [EndpointStateMachine task thread for /127.0.0.1:13641 - 0 ] INFO  ipc.Client (Client.java:handleConnectionFailure(977)) - Retrying connect to server: localhost/127.0.0.1:13641. Already tried 1 time(s); retry policy is RetryUpToMaximumCountWithFixedSleep(maxRetries=15, sleepTime=1000 MILLISECONDS)
2021-09-17 14:21:32,422 [EndpointStateMachine task thread for /127.0.0.1:13661 - 0 ] WARN  statemachine.EndpointStateMachine (EndpointStateMachine.java:logIfNeeded(236)) - Unable to communicate to SCM server at 127.0.0.1:13661 for past 0 seconds.
java.io.EOFException: End of File Exception between local host is: "fv-az116-264/10.1.0.54"; destination host is: "localhost":13661; : java.io.EOFException; For more details see:  http://wiki.apache.org/hadoop/EOFException
	at sun.reflect.NativeConstructorAccessorImpl.newInstance0(Native Method)
	at sun.reflect.NativeConstructorAccessorImpl.newInstance(NativeConstructorAccessorImpl.java:62)
	at sun.reflect.DelegatingConstructorAccessorImpl.newInstance(DelegatingConstructorAccessorImpl.java:45)
	at java.lang.reflect.Constructor.newInstance(Constructor.java:423)
	at org.apache.hadoop.net.NetUtils.wrapWithMessage(NetUtils.java:913)
	at org.apache.hadoop.net.NetUtils.wrapException(NetUtils.java:862)
	at org.apache.hadoop.ipc.Client.getRpcResponse(Client.java:1577)
	at org.apache.hadoop.ipc.Client.call(Client.java:1519)
	at org.apache.hadoop.ipc.Client.call(Client.java:1416)
	at org.apache.hadoop.ipc.ProtobufRpcEngine$Invoker.invoke(ProtobufRpcEngine.java:236)
	at org.apache.hadoop.ipc.ProtobufRpcEngine$Invoker.invoke(ProtobufRpcEngine.java:123)
	at com.sun.proxy.$Proxy48.submitRequest(Unknown Source)
	at org.apache.hadoop.ozone.protocolPB.StorageContainerDatanodeProtocolClientSideTranslatorPB.submitRequest(StorageContainerDatanodeProtocolClientSideTranslatorPB.java:117)
	at org.apache.hadoop.ozone.protocolPB.StorageContainerDatanodeProtocolClientSideTranslatorPB.sendHeartbeat(StorageContainerDatanodeProtocolClientSideTranslatorPB.java:149)
	at org.apache.hadoop.ozone.container.common.states.endpoint.HeartbeatEndpointTask.call(HeartbeatEndpointTask.java:179)
	at org.apache.hadoop.ozone.container.common.states.endpoint.HeartbeatEndpointTask.call(HeartbeatEndpointTask.java:82)
	at java.util.concurrent.FutureTask.run(FutureTask.java:266)
	at java.util.concurrent.ThreadPoolExecutor.runWorker(ThreadPoolExecutor.java:1149)
	at java.util.concurrent.ThreadPoolExecutor$Worker.run(ThreadPoolExecutor.java:624)
	at java.lang.Thread.run(Thread.java:748)
Caused by: java.io.EOFException
	at java.io.DataInputStream.readInt(DataInputStream.java:392)
	at org.apache.hadoop.ipc.Client$IpcStreams.readResponse(Client.java:1892)
	at org.apache.hadoop.ipc.Client$Connection.receiveRpcResponse(Client.java:1202)
	at org.apache.hadoop.ipc.Client$Connection.run(Client.java:1098)
2021-09-17 14:21:32,422 [org.apache.ratis.util.JvmPauseMonitor$$Lambda$499/723602324@6ec6adcc] INFO  util.JvmPauseMonitor (JvmPauseMonitor.java:run(109)) - JvmPauseMonitor-de6c936e-076b-4b64-8302-91a02f19e2c3: Stopped
2021-09-17 14:21:32,422 [EndpointStateMachine task thread for /127.0.0.1:13651 - 0 ] INFO  ipc.Client (Client.java:handleConnectionFailure(977)) - Retrying connect to server: localhost/127.0.0.1:13651. Already tried 1 time(s); retry policy is RetryUpToMaximumCountWithFixedSleep(maxRetries=15, sleepTime=1000 MILLISECONDS)
2021-09-17 14:21:32,423 [Listener at 127.0.0.1/13392] INFO  pipeline.BackgroundPipelineCreator (BackgroundPipelineCreatorV2.java:stop(158)) - Stopping RatisPipelineUtilsThread.
2021-09-17 14:21:32,423 [Listener at 127.0.0.1/13392] INFO  server.StorageContainerManager (StorageContainerManager.java:stop(1480)) - Stopping SCM MetadataStore.
2021-09-17 14:21:32,424 [Listener at 127.0.0.1/13392] INFO  impl.MetricsSystemImpl (MetricsSystemImpl.java:stop(205)) - StorageContainerManager metrics system stopped (again)
2021-09-17 14:21:32,424 [Listener at 127.0.0.1/13392] INFO  ozone.MiniOzoneClusterImpl (MiniOzoneClusterImpl.java:stop(468)) - Stopping the Mini Ozone Cluster
2021-09-17 14:21:32,424 [Listener at 127.0.0.1/13392] INFO  ozone.MiniOzoneClusterImpl (MiniOzoneClusterImpl.java:stopDatanodes(527)) - Stopping the HddsDatanodes
2021-09-17 14:21:32,597 [EndpointStateMachine task thread for /127.0.0.1:14605 - 0 ] INFO  ipc.Client (Client.java:handleConnectionFailure(977)) - Retrying connect to server: localhost/127.0.0.1:14605. Already tried 8 time(s); retry policy is RetryUpToMaximumCountWithFixedSleep(maxRetries=15, sleepTime=1000 MILLISECONDS)
2021-09-17 14:21:32,972 [EndpointStateMachine task thread for /127.0.0.1:14625 - 0 ] INFO  ipc.Client (Client.java:handleConnectionFailure(977)) - Retrying connect to server: localhost/127.0.0.1:14625. Already tried 7 time(s); retry policy is RetryUpToMaximumCountWithFixedSleep(maxRetries=15, sleepTime=1000 MILLISECONDS)
2021-09-17 14:21:32,977 [Datanode State Machine Thread - 0] ERROR datanode.RunningDatanodeState (RunningDatanodeState.java:computeNextContainerState(199)) - Error in executing end point task.
java.util.concurrent.ExecutionException: java.util.concurrent.TimeoutException
	at java.util.concurrent.FutureTask.report(FutureTask.java:122)
	at java.util.concurrent.FutureTask.get(FutureTask.java:192)
	at org.apache.hadoop.ozone.container.common.states.datanode.RunningDatanodeState.computeNextContainerState(RunningDatanodeState.java:191)
	at org.apache.hadoop.ozone.container.common.states.datanode.RunningDatanodeState.await(RunningDatanodeState.java:231)
	at org.apache.hadoop.ozone.container.common.states.datanode.RunningDatanodeState.await(RunningDatanodeState.java:50)
	at org.apache.hadoop.ozone.container.common.statemachine.StateContext.execute(StateContext.java:629)
	at org.apache.hadoop.ozone.container.common.statemachine.DatanodeStateMachine.start(DatanodeStateMachine.java:270)
	at org.apache.hadoop.ozone.container.common.statemachine.DatanodeStateMachine.lambda$startDaemon$0(DatanodeStateMachine.java:457)
	at java.lang.Thread.run(Thread.java:748)
Caused by: java.util.concurrent.TimeoutException
	at java.util.concurrent.FutureTask.get(FutureTask.java:205)
	at org.apache.hadoop.ozone.container.common.states.datanode.RunningDatanodeState.lambda$execute$0(RunningDatanodeState.java:149)
	at java.util.concurrent.FutureTask.run(FutureTask.java:266)
	at java.util.concurrent.Executors$RunnableAdapter.call(Executors.java:511)
	at java.util.concurrent.FutureTask.run(FutureTask.java:266)
	at java.util.concurrent.ThreadPoolExecutor.runWorker(ThreadPoolExecutor.java:1149)
	at java.util.concurrent.ThreadPoolExecutor$Worker.run(ThreadPoolExecutor.java:624)
	... 1 more
2021-09-17 14:21:32,978 [Datanode State Machine Thread - 0] WARN  statemachine.StateContext (StateContext.java:setState(246)) - Ignore disallowed transition from SHUTDOWN to RUNNING
2021-09-17 14:21:32,980 [EndpointStateMachine task thread for /127.0.0.1:14615 - 0 ] INFO  ipc.Client (Client.java:handleConnectionFailure(977)) - Retrying connect to server: localhost/127.0.0.1:14615. Already tried 7 time(s); retry policy is RetryUpToMaximumCountWithFixedSleep(maxRetries=15, sleepTime=1000 MILLISECONDS)
2021-09-17 14:21:33,420 [Datanode State Machine Thread - 0] WARN  statemachine.StateContext (StateContext.java:setState(246)) - Ignore disallowed transition from SHUTDOWN to RUNNING
2021-09-17 14:21:33,422 [EndpointStateMachine task thread for /127.0.0.1:13641 - 0 ] INFO  ipc.Client (Client.java:handleConnectionFailure(977)) - Retrying connect to server: localhost/127.0.0.1:13641. Already tried 2 time(s); retry policy is RetryUpToMaximumCountWithFixedSleep(maxRetries=15, sleepTime=1000 MILLISECONDS)
2021-09-17 14:21:33,423 [EndpointStateMachine task thread for /127.0.0.1:13651 - 0 ] INFO  ipc.Client (Client.java:handleConnectionFailure(977)) - Retrying connect to server: localhost/127.0.0.1:13651. Already tried 2 time(s); retry policy is RetryUpToMaximumCountWithFixedSleep(maxRetries=15, sleepTime=1000 MILLISECONDS)
2021-09-17 14:21:33,539 [EndpointStateMachine task thread for /127.0.0.1:13661 - 0 ] INFO  ipc.Client (Client.java:handleConnectionFailure(977)) - Retrying connect to server: localhost/127.0.0.1:13661. Already tried 0 time(s); retry policy is RetryUpToMaximumCountWithFixedSleep(maxRetries=15, sleepTime=1000 MILLISECONDS)
2021-09-17 14:21:33,598 [EndpointStateMachine task thread for /127.0.0.1:14605 - 0 ] INFO  ipc.Client (Client.java:handleConnectionFailure(977)) - Retrying connect to server: localhost/127.0.0.1:14605. Already tried 9 time(s); retry policy is RetryUpToMaximumCountWithFixedSleep(maxRetries=15, sleepTime=1000 MILLISECONDS)
2021-09-17 14:21:33,973 [EndpointStateMachine task thread for /127.0.0.1:14625 - 0 ] INFO  ipc.Client (Client.java:handleConnectionFailure(977)) - Retrying connect to server: localhost/127.0.0.1:14625. Already tried 8 time(s); retry policy is RetryUpToMaximumCountWithFixedSleep(maxRetries=15, sleepTime=1000 MILLISECONDS)
2021-09-17 14:21:33,980 [EndpointStateMachine task thread for /127.0.0.1:14615 - 0 ] INFO  ipc.Client (Client.java:handleConnectionFailure(977)) - Retrying connect to server: localhost/127.0.0.1:14615. Already tried 8 time(s); retry policy is RetryUpToMaximumCountWithFixedSleep(maxRetries=15, sleepTime=1000 MILLISECONDS)
2021-09-17 14:21:34,422 [EndpointStateMachine task thread for /127.0.0.1:13641 - 0 ] INFO  ipc.Client (Client.java:handleConnectionFailure(977)) - Retrying connect to server: localhost/127.0.0.1:13641. Already tried 3 time(s); retry policy is RetryUpToMaximumCountWithFixedSleep(maxRetries=15, sleepTime=1000 MILLISECONDS)
2021-09-17 14:21:34,423 [EndpointStateMachine task thread for /127.0.0.1:13651 - 0 ] INFO  ipc.Client (Client.java:handleConnectionFailure(977)) - Retrying connect to server: localhost/127.0.0.1:13651. Already tried 3 time(s); retry policy is RetryUpToMaximumCountWithFixedSleep(maxRetries=15, sleepTime=1000 MILLISECONDS)
2021-09-17 14:21:34,540 [EndpointStateMachine task thread for /127.0.0.1:13661 - 0 ] INFO  ipc.Client (Client.java:handleConnectionFailure(977)) - Retrying connect to server: localhost/127.0.0.1:13661. Already tried 1 time(s); retry policy is RetryUpToMaximumCountWithFixedSleep(maxRetries=15, sleepTime=1000 MILLISECONDS)
2021-09-17 14:21:34,599 [EndpointStateMachine task thread for /127.0.0.1:14605 - 0 ] INFO  ipc.Client (Client.java:handleConnectionFailure(977)) - Retrying connect to server: localhost/127.0.0.1:14605. Already tried 10 time(s); retry policy is RetryUpToMaximumCountWithFixedSleep(maxRetries=15, sleepTime=1000 MILLISECONDS)
2021-09-17 14:21:34,973 [EndpointStateMachine task thread for /127.0.0.1:14625 - 0 ] INFO  ipc.Client (Client.java:handleConnectionFailure(977)) - Retrying connect to server: localhost/127.0.0.1:14625. Already tried 9 time(s); retry policy is RetryUpToMaximumCountWithFixedSleep(maxRetries=15, sleepTime=1000 MILLISECONDS)
2021-09-17 14:21:34,980 [EndpointStateMachine task thread for /127.0.0.1:14615 - 0 ] INFO  ipc.Client (Client.java:handleConnectionFailure(977)) - Retrying connect to server: localhost/127.0.0.1:14615. Already tried 9 time(s); retry policy is RetryUpToMaximumCountWithFixedSleep(maxRetries=15, sleepTime=1000 MILLISECONDS)
2021-09-17 14:21:35,423 [EndpointStateMachine task thread for /127.0.0.1:13641 - 0 ] INFO  ipc.Client (Client.java:handleConnectionFailure(977)) - Retrying connect to server: localhost/127.0.0.1:13641. Already tried 4 time(s); retry policy is RetryUpToMaximumCountWithFixedSleep(maxRetries=15, sleepTime=1000 MILLISECONDS)
2021-09-17 14:21:35,424 [EndpointStateMachine task thread for /127.0.0.1:13651 - 0 ] INFO  ipc.Client (Client.java:handleConnectionFailure(977)) - Retrying connect to server: localhost/127.0.0.1:13651. Already tried 4 time(s); retry policy is RetryUpToMaximumCountWithFixedSleep(maxRetries=15, sleepTime=1000 MILLISECONDS)
2021-09-17 14:21:35,540 [EndpointStateMachine task thread for /127.0.0.1:13661 - 0 ] INFO  ipc.Client (Client.java:handleConnectionFailure(977)) - Retrying connect to server: localhost/127.0.0.1:13661. Already tried 2 time(s); retry policy is RetryUpToMaximumCountWithFixedSleep(maxRetries=15, sleepTime=1000 MILLISECONDS)
2021-09-17 14:21:35,599 [EndpointStateMachine task thread for /127.0.0.1:14605 - 0 ] INFO  ipc.Client (Client.java:handleConnectionFailure(977)) - Retrying connect to server: localhost/127.0.0.1:14605. Already tried 11 time(s); retry policy is RetryUpToMaximumCountWithFixedSleep(maxRetries=15, sleepTime=1000 MILLISECONDS)
2021-09-17 14:21:35,974 [EndpointStateMachine task thread for /127.0.0.1:14625 - 0 ] INFO  ipc.Client (Client.java:handleConnectionFailure(977)) - Retrying connect to server: localhost/127.0.0.1:14625. Already tried 10 time(s); retry policy is RetryUpToMaximumCountWithFixedSleep(maxRetries=15, sleepTime=1000 MILLISECONDS)
2021-09-17 14:21:35,981 [EndpointStateMachine task thread for /127.0.0.1:14615 - 0 ] INFO  ipc.Client (Client.java:handleConnectionFailure(977)) - Retrying connect to server: localhost/127.0.0.1:14615. Already tried 10 time(s); retry policy is RetryUpToMaximumCountWithFixedSleep(maxRetries=15, sleepTime=1000 MILLISECONDS)
2021-09-17 14:21:36,424 [EndpointStateMachine task thread for /127.0.0.1:13641 - 0 ] INFO  ipc.Client (Client.java:handleConnectionFailure(977)) - Retrying connect to server: localhost/127.0.0.1:13641. Already tried 5 time(s); retry policy is RetryUpToMaximumCountWithFixedSleep(maxRetries=15, sleepTime=1000 MILLISECONDS)
2021-09-17 14:21:36,425 [EndpointStateMachine task thread for /127.0.0.1:13651 - 0 ] INFO  ipc.Client (Client.java:handleConnectionFailure(977)) - Retrying connect to server: localhost/127.0.0.1:13651. Already tried 5 time(s); retry policy is RetryUpToMaximumCountWithFixedSleep(maxRetries=15, sleepTime=1000 MILLISECONDS)
2021-09-17 14:21:36,541 [EndpointStateMachine task thread for /127.0.0.1:13661 - 0 ] INFO  ipc.Client (Client.java:handleConnectionFailure(977)) - Retrying connect to server: localhost/127.0.0.1:13661. Already tried 3 time(s); retry policy is RetryUpToMaximumCountWithFixedSleep(maxRetries=15, sleepTime=1000 MILLISECONDS)
2021-09-17 14:21:36,600 [EndpointStateMachine task thread for /127.0.0.1:14605 - 0 ] INFO  ipc.Client (Client.java:handleConnectionFailure(977)) - Retrying connect to server: localhost/127.0.0.1:14605. Already tried 12 time(s); retry policy is RetryUpToMaximumCountWithFixedSleep(maxRetries=15, sleepTime=1000 MILLISECONDS)
2021-09-17 14:21:36,975 [EndpointStateMachine task thread for /127.0.0.1:14625 - 0 ] INFO  ipc.Client (Client.java:handleConnectionFailure(977)) - Retrying connect to server: localhost/127.0.0.1:14625. Already tried 11 time(s); retry policy is RetryUpToMaximumCountWithFixedSleep(maxRetries=15, sleepTime=1000 MILLISECONDS)
2021-09-17 14:21:36,981 [EndpointStateMachine task thread for /127.0.0.1:14615 - 0 ] INFO  ipc.Client (Client.java:handleConnectionFailure(977)) - Retrying connect to server: localhost/127.0.0.1:14615. Already tried 11 time(s); retry policy is RetryUpToMaximumCountWithFixedSleep(maxRetries=15, sleepTime=1000 MILLISECONDS)
2021-09-17 14:21:37,425 [EndpointStateMachine task thread for /127.0.0.1:13641 - 0 ] INFO  ipc.Client (Client.java:handleConnectionFailure(977)) - Retrying connect to server: localhost/127.0.0.1:13641. Already tried 6 time(s); retry policy is RetryUpToMaximumCountWithFixedSleep(maxRetries=15, sleepTime=1000 MILLISECONDS)
2021-09-17 14:21:37,425 [EndpointStateMachine task thread for /127.0.0.1:13651 - 0 ] INFO  ipc.Client (Client.java:handleConnectionFailure(977)) - Retrying connect to server: localhost/127.0.0.1:13651. Already tried 6 time(s); retry policy is RetryUpToMaximumCountWithFixedSleep(maxRetries=15, sleepTime=1000 MILLISECONDS)
2021-09-17 14:21:37,426 [Listener at 127.0.0.1/13392] INFO  ozoneimpl.OzoneContainer (OzoneContainer.java:stop(325)) - Attempting to stop container services.
2021-09-17 14:21:37,428 [ForkJoinPool.commonPool-worker-0] INFO  ozoneimpl.OzoneContainer (OzoneContainer.java:stop(325)) - Attempting to stop container services.
2021-09-17 14:21:37,428 [ForkJoinPool.commonPool-worker-0] INFO  server.RaftServer (RaftServerProxy.java:lambda$close$6(391)) - 6808a34f-0e94-4674-bd8e-337a9d1c35af: close
2021-09-17 14:21:37,428 [ForkJoinPool.commonPool-worker-0] INFO  server.RaftServer$Division (RaftServerImpl.java:lambda$close$4(407)) - 6808a34f-0e94-4674-bd8e-337a9d1c35af@group-D0B93889FBFC: shutdown
2021-09-17 14:21:37,428 [ForkJoinPool.commonPool-worker-0] INFO  util.JmxRegister (JmxRegister.java:unregister(73)) - Successfully un-registered JMX Bean with object name Ratis:service=RaftServer,group=group-D0B93889FBFC,id=6808a34f-0e94-4674-bd8e-337a9d1c35af
2021-09-17 14:21:37,428 [ForkJoinPool.commonPool-worker-0] INFO  impl.RoleInfo (RoleInfo.java:shutdownFollowerState(108)) - 6808a34f-0e94-4674-bd8e-337a9d1c35af: shutdown 6808a34f-0e94-4674-bd8e-337a9d1c35af@group-D0B93889FBFC-FollowerState
2021-09-17 14:21:37,429 [ForkJoinPool.commonPool-worker-0] INFO  impl.StateMachineUpdater (StateMachineUpdater.java:stopAndJoin(149)) - 6808a34f-0e94-4674-bd8e-337a9d1c35af@group-D0B93889FBFC-StateMachineUpdater: set stopIndex = 0
2021-09-17 14:21:37,429 [6808a34f-0e94-4674-bd8e-337a9d1c35af@group-D0B93889FBFC-StateMachineUpdater] INFO  ratis.ContainerStateMachine (ContainerStateMachine.java:takeSnapshot(292)) - group-D0B93889FBFC: Taking a snapshot at:(t:2, i:0) file /home/runner/work/ozone/ozone/hadoop-ozone/integration-test/target/test-dir/MiniOzoneClusterImpl-3d3fab62-48bb-41e0-9886-50eb3b9e447a/datanode-0/data/ratis/2122119d-9f41-4192-8973-d0b93889fbfc/sm/snapshot.2_0
2021-09-17 14:21:37,429 [6808a34f-0e94-4674-bd8e-337a9d1c35af@group-D0B93889FBFC-FollowerState] INFO  impl.FollowerState (FollowerState.java:run(143)) - 6808a34f-0e94-4674-bd8e-337a9d1c35af@group-D0B93889FBFC-FollowerState was interrupted: {}
java.lang.InterruptedException: sleep interrupted
	at java.lang.Thread.sleep(Native Method)
	at java.lang.Thread.sleep(Thread.java:340)
	at java.util.concurrent.TimeUnit.sleep(TimeUnit.java:386)
	at org.apache.ratis.util.TimeDuration.sleep(TimeDuration.java:324)
	at org.apache.ratis.util.TimeDuration.sleep(TimeDuration.java:309)
	at org.apache.ratis.server.impl.FollowerState.run(FollowerState.java:118)
2021-09-17 14:21:37,430 [Listener at 127.0.0.1/13392] INFO  server.RaftServer (RaftServerProxy.java:lambda$close$6(391)) - 8721df37-0cb6-4aed-9ac1-08c1f74757c7: close
2021-09-17 14:21:37,430 [Listener at 127.0.0.1/13392] INFO  server.RaftServer$Division (RaftServerImpl.java:lambda$close$4(407)) - 8721df37-0cb6-4aed-9ac1-08c1f74757c7@group-5DDC6650C4E9: shutdown
2021-09-17 14:21:37,430 [Listener at 127.0.0.1/13392] INFO  util.JmxRegister (JmxRegister.java:unregister(73)) - Successfully un-registered JMX Bean with object name Ratis:service=RaftServer,group=group-5DDC6650C4E9,id=8721df37-0cb6-4aed-9ac1-08c1f74757c7
2021-09-17 14:21:37,430 [Listener at 127.0.0.1/13392] INFO  impl.RoleInfo (RoleInfo.java:shutdownLeaderState(91)) - 8721df37-0cb6-4aed-9ac1-08c1f74757c7: shutdown 8721df37-0cb6-4aed-9ac1-08c1f74757c7@group-5DDC6650C4E9-LeaderStateImpl
2021-09-17 14:21:37,435 [Listener at 127.0.0.1/13392] INFO  impl.PendingRequests (PendingRequests.java:sendNotLeaderResponses(282)) - 8721df37-0cb6-4aed-9ac1-08c1f74757c7@group-5DDC6650C4E9-PendingRequests: sendNotLeaderResponses
2021-09-17 14:21:37,436 [Listener at 127.0.0.1/13392] INFO  impl.StateMachineUpdater (StateMachineUpdater.java:stopAndJoin(149)) - 8721df37-0cb6-4aed-9ac1-08c1f74757c7@group-5DDC6650C4E9-StateMachineUpdater: set stopIndex = 0
2021-09-17 14:21:37,439 [8721df37-0cb6-4aed-9ac1-08c1f74757c7@group-5DDC6650C4E9-StateMachineUpdater] INFO  ratis.ContainerStateMachine (ContainerStateMachine.java:takeSnapshot(292)) - group-5DDC6650C4E9: Taking a snapshot at:(t:1, i:0) file /home/runner/work/ozone/ozone/hadoop-ozone/integration-test/target/test-dir/MiniOzoneClusterImpl-3d3fab62-48bb-41e0-9886-50eb3b9e447a/datanode-1/data/ratis/f9d0de5a-67aa-4313-8087-5ddc6650c4e9/sm/snapshot.1_0
2021-09-17 14:21:37,439 [6808a34f-0e94-4674-bd8e-337a9d1c35af@group-D0B93889FBFC-StateMachineUpdater] INFO  ratis.ContainerStateMachine (ContainerStateMachine.java:takeSnapshot(303)) - group-D0B93889FBFC: Finished taking a snapshot at:(t:2, i:0) file:/home/runner/work/ozone/ozone/hadoop-ozone/integration-test/target/test-dir/MiniOzoneClusterImpl-3d3fab62-48bb-41e0-9886-50eb3b9e447a/datanode-0/data/ratis/2122119d-9f41-4192-8973-d0b93889fbfc/sm/snapshot.2_0 took: 11 ms
2021-09-17 14:21:37,440 [6808a34f-0e94-4674-bd8e-337a9d1c35af@group-D0B93889FBFC-StateMachineUpdater] INFO  impl.StateMachineUpdater (StateMachineUpdater.java:takeSnapshot(281)) - 6808a34f-0e94-4674-bd8e-337a9d1c35af@group-D0B93889FBFC-StateMachineUpdater: Took a snapshot at index 0
2021-09-17 14:21:37,441 [6808a34f-0e94-4674-bd8e-337a9d1c35af@group-D0B93889FBFC-StateMachineUpdater] INFO  impl.StateMachineUpdater (StateMachineUpdater.java:lambda$new$0(89)) - 6808a34f-0e94-4674-bd8e-337a9d1c35af@group-D0B93889FBFC-StateMachineUpdater: snapshotIndex: updateIncreasingly -1 -> 0
2021-09-17 14:21:37,441 [8721df37-0cb6-4aed-9ac1-08c1f74757c7@group-5DDC6650C4E9-StateMachineUpdater] INFO  ratis.ContainerStateMachine (ContainerStateMachine.java:takeSnapshot(303)) - group-5DDC6650C4E9: Finished taking a snapshot at:(t:1, i:0) file:/home/runner/work/ozone/ozone/hadoop-ozone/integration-test/target/test-dir/MiniOzoneClusterImpl-3d3fab62-48bb-41e0-9886-50eb3b9e447a/datanode-1/data/ratis/f9d0de5a-67aa-4313-8087-5ddc6650c4e9/sm/snapshot.1_0 took: 1 ms
2021-09-17 14:21:37,441 [8721df37-0cb6-4aed-9ac1-08c1f74757c7@group-5DDC6650C4E9-StateMachineUpdater] INFO  impl.StateMachineUpdater (StateMachineUpdater.java:takeSnapshot(281)) - 8721df37-0cb6-4aed-9ac1-08c1f74757c7@group-5DDC6650C4E9-StateMachineUpdater: Took a snapshot at index 0
2021-09-17 14:21:37,441 [8721df37-0cb6-4aed-9ac1-08c1f74757c7@group-5DDC6650C4E9-StateMachineUpdater] INFO  impl.StateMachineUpdater (StateMachineUpdater.java:lambda$new$0(89)) - 8721df37-0cb6-4aed-9ac1-08c1f74757c7@group-5DDC6650C4E9-StateMachineUpdater: snapshotIndex: updateIncreasingly -1 -> 0
2021-09-17 14:21:37,442 [ForkJoinPool.commonPool-worker-0] INFO  server.RaftServer$Division (ServerState.java:close(419)) - 6808a34f-0e94-4674-bd8e-337a9d1c35af@group-D0B93889FBFC: closes. applyIndex: 0
2021-09-17 14:21:37,442 [6808a34f-0e94-4674-bd8e-337a9d1c35af@group-D0B93889FBFC-SegmentedRaftLogWorker] INFO  segmented.SegmentedRaftLogWorker (SegmentedRaftLogWorker.java:run(327)) - 6808a34f-0e94-4674-bd8e-337a9d1c35af@group-D0B93889FBFC-SegmentedRaftLogWorker was interrupted, exiting. There are 0 tasks remaining in the queue.
2021-09-17 14:21:37,442 [Listener at 127.0.0.1/13392] INFO  server.RaftServer$Division (ServerState.java:close(419)) - 8721df37-0cb6-4aed-9ac1-08c1f74757c7@group-5DDC6650C4E9: closes. applyIndex: 0
2021-09-17 14:21:37,443 [8721df37-0cb6-4aed-9ac1-08c1f74757c7@group-5DDC6650C4E9-SegmentedRaftLogWorker] INFO  segmented.SegmentedRaftLogWorker (SegmentedRaftLogWorker.java:run(327)) - 8721df37-0cb6-4aed-9ac1-08c1f74757c7@group-5DDC6650C4E9-SegmentedRaftLogWorker was interrupted, exiting. There are 0 tasks remaining in the queue.
2021-09-17 14:21:37,443 [ForkJoinPool.commonPool-worker-0] INFO  segmented.SegmentedRaftLogWorker (SegmentedRaftLogWorker.java:close(237)) - 6808a34f-0e94-4674-bd8e-337a9d1c35af@group-D0B93889FBFC-SegmentedRaftLogWorker close()
2021-09-17 14:21:37,444 [ForkJoinPool.commonPool-worker-0] INFO  server.RaftServer$Division (RaftServerImpl.java:lambda$close$4(407)) - 6808a34f-0e94-4674-bd8e-337a9d1c35af@group-CC9A49073812: shutdown
2021-09-17 14:21:37,444 [ForkJoinPool.commonPool-worker-0] INFO  util.JmxRegister (JmxRegister.java:unregister(73)) - Successfully un-registered JMX Bean with object name Ratis:service=RaftServer,group=group-CC9A49073812,id=6808a34f-0e94-4674-bd8e-337a9d1c35af
2021-09-17 14:21:37,444 [ForkJoinPool.commonPool-worker-0] INFO  impl.RoleInfo (RoleInfo.java:shutdownLeaderState(91)) - 6808a34f-0e94-4674-bd8e-337a9d1c35af: shutdown 6808a34f-0e94-4674-bd8e-337a9d1c35af@group-CC9A49073812-LeaderStateImpl
2021-09-17 14:21:37,445 [6808a34f-0e94-4674-bd8e-337a9d1c35af@group-CC9A49073812->11f3a05e-de29-47e4-b752-c1c53d1088e4-GrpcLogAppender-LogAppenderDaemon] WARN  server.GrpcLogAppender (GrpcLogAppender.java:mayWait(175)) - 6808a34f-0e94-4674-bd8e-337a9d1c35af@group-CC9A49073812->11f3a05e-de29-47e4-b752-c1c53d1088e4-GrpcLogAppender: Wait interrupted by java.lang.InterruptedException
2021-09-17 14:21:37,445 [ForkJoinPool.commonPool-worker-0] INFO  impl.PendingRequests (PendingRequests.java:sendNotLeaderResponses(282)) - 6808a34f-0e94-4674-bd8e-337a9d1c35af@group-CC9A49073812-PendingRequests: sendNotLeaderResponses
2021-09-17 14:21:37,446 [ForkJoinPool.commonPool-worker-0] INFO  impl.StateMachineUpdater (StateMachineUpdater.java:stopAndJoin(149)) - 6808a34f-0e94-4674-bd8e-337a9d1c35af@group-CC9A49073812-StateMachineUpdater: set stopIndex = 0
2021-09-17 14:21:37,446 [6808a34f-0e94-4674-bd8e-337a9d1c35af@group-CC9A49073812->8721df37-0cb6-4aed-9ac1-08c1f74757c7-GrpcLogAppender-LogAppenderDaemon] WARN  server.GrpcLogAppender (GrpcLogAppender.java:mayWait(175)) - 6808a34f-0e94-4674-bd8e-337a9d1c35af@group-CC9A49073812->8721df37-0cb6-4aed-9ac1-08c1f74757c7-GrpcLogAppender: Wait interrupted by java.lang.InterruptedException
2021-09-17 14:21:37,447 [6808a34f-0e94-4674-bd8e-337a9d1c35af@group-CC9A49073812-StateMachineUpdater] INFO  ratis.ContainerStateMachine (ContainerStateMachine.java:takeSnapshot(292)) - group-CC9A49073812: Taking a snapshot at:(t:1, i:0) file /home/runner/work/ozone/ozone/hadoop-ozone/integration-test/target/test-dir/MiniOzoneClusterImpl-3d3fab62-48bb-41e0-9886-50eb3b9e447a/datanode-0/data/ratis/6a965249-5bad-4878-9cfc-cc9a49073812/sm/snapshot.1_0
2021-09-17 14:21:37,447 [grpc-default-executor-2] INFO  server.GrpcServerProtocolService (GrpcServerProtocolService.java:onCompleted(140)) - 11f3a05e-de29-47e4-b752-c1c53d1088e4: Completed APPEND_ENTRIES, lastRequest: 6808a34f-0e94-4674-bd8e-337a9d1c35af->11f3a05e-de29-47e4-b752-c1c53d1088e4#1-t1,previous=(t:0, i:0),leaderCommit=-1,initializing? true,entries: size=1, first=(t:1, i:0), CONFIGURATIONENTRY
2021-09-17 14:21:37,448 [grpc-default-executor-4] INFO  server.GrpcServerProtocolService (GrpcServerProtocolService.java:onCompleted(140)) - 8721df37-0cb6-4aed-9ac1-08c1f74757c7: Completed APPEND_ENTRIES, lastRequest: 6808a34f-0e94-4674-bd8e-337a9d1c35af->8721df37-0cb6-4aed-9ac1-08c1f74757c7#1-t1,previous=(t:0, i:0),leaderCommit=0,initializing? true,entries: size=1, first=(t:1, i:0), CONFIGURATIONENTRY
2021-09-17 14:21:37,449 [grpc-default-executor-3] INFO  server.GrpcLogAppender (GrpcLogAppender.java:onCompleted(344)) - 6808a34f-0e94-4674-bd8e-337a9d1c35af@group-CC9A49073812->11f3a05e-de29-47e4-b752-c1c53d1088e4-AppendLogResponseHandler: follower responses appendEntries COMPLETED
2021-09-17 14:21:37,449 [grpc-default-executor-3] INFO  leader.FollowerInfo (FollowerInfoImpl.java:lambda$new$0(46)) - 6808a34f-0e94-4674-bd8e-337a9d1c35af@group-CC9A49073812->11f3a05e-de29-47e4-b752-c1c53d1088e4: nextIndex: updateUnconditionally 1 -> 0
2021-09-17 14:21:37,449 [6808a34f-0e94-4674-bd8e-337a9d1c35af@group-CC9A49073812-StateMachineUpdater] INFO  ratis.ContainerStateMachine (ContainerStateMachine.java:takeSnapshot(303)) - group-CC9A49073812: Finished taking a snapshot at:(t:1, i:0) file:/home/runner/work/ozone/ozone/hadoop-ozone/integration-test/target/test-dir/MiniOzoneClusterImpl-3d3fab62-48bb-41e0-9886-50eb3b9e447a/datanode-0/data/ratis/6a965249-5bad-4878-9cfc-cc9a49073812/sm/snapshot.1_0 took: 3 ms
2021-09-17 14:21:37,449 [6808a34f-0e94-4674-bd8e-337a9d1c35af@group-CC9A49073812-StateMachineUpdater] INFO  impl.StateMachineUpdater (StateMachineUpdater.java:takeSnapshot(281)) - 6808a34f-0e94-4674-bd8e-337a9d1c35af@group-CC9A49073812-StateMachineUpdater: Took a snapshot at index 0
2021-09-17 14:21:37,449 [6808a34f-0e94-4674-bd8e-337a9d1c35af@group-CC9A49073812-StateMachineUpdater] INFO  impl.StateMachineUpdater (StateMachineUpdater.java:lambda$new$0(89)) - 6808a34f-0e94-4674-bd8e-337a9d1c35af@group-CC9A49073812-StateMachineUpdater: snapshotIndex: updateIncreasingly -1 -> 0
2021-09-17 14:21:37,450 [grpc-default-executor-2] INFO  server.GrpcLogAppender (GrpcLogAppender.java:onCompleted(344)) - 6808a34f-0e94-4674-bd8e-337a9d1c35af@group-CC9A49073812->8721df37-0cb6-4aed-9ac1-08c1f74757c7-AppendLogResponseHandler: follower responses appendEntries COMPLETED
2021-09-17 14:21:37,450 [grpc-default-executor-2] INFO  leader.FollowerInfo (FollowerInfoImpl.java:lambda$new$0(46)) - 6808a34f-0e94-4674-bd8e-337a9d1c35af@group-CC9A49073812->8721df37-0cb6-4aed-9ac1-08c1f74757c7: nextIndex: updateUnconditionally 1 -> 0
2021-09-17 14:21:37,451 [Listener at 127.0.0.1/13392] INFO  segmented.SegmentedRaftLogWorker (SegmentedRaftLogWorker.java:close(237)) - 8721df37-0cb6-4aed-9ac1-08c1f74757c7@group-5DDC6650C4E9-SegmentedRaftLogWorker close()
2021-09-17 14:21:37,451 [Listener at 127.0.0.1/13392] INFO  server.RaftServer$Division (RaftServerImpl.java:lambda$close$4(407)) - 8721df37-0cb6-4aed-9ac1-08c1f74757c7@group-D0B93889FBFC: shutdown
2021-09-17 14:21:37,452 [Listener at 127.0.0.1/13392] INFO  util.JmxRegister (JmxRegister.java:unregister(73)) - Successfully un-registered JMX Bean with object name Ratis:service=RaftServer,group=group-D0B93889FBFC,id=8721df37-0cb6-4aed-9ac1-08c1f74757c7
2021-09-17 14:21:37,452 [Listener at 127.0.0.1/13392] INFO  impl.RoleInfo (RoleInfo.java:shutdownFollowerState(108)) - 8721df37-0cb6-4aed-9ac1-08c1f74757c7: shutdown 8721df37-0cb6-4aed-9ac1-08c1f74757c7@group-D0B93889FBFC-FollowerState
2021-09-17 14:21:37,452 [8721df37-0cb6-4aed-9ac1-08c1f74757c7@group-D0B93889FBFC-FollowerState] INFO  impl.FollowerState (FollowerState.java:run(143)) - 8721df37-0cb6-4aed-9ac1-08c1f74757c7@group-D0B93889FBFC-FollowerState was interrupted: {}
java.lang.InterruptedException: sleep interrupted
	at java.lang.Thread.sleep(Native Method)
	at java.lang.Thread.sleep(Thread.java:340)
	at java.util.concurrent.TimeUnit.sleep(TimeUnit.java:386)
	at org.apache.ratis.util.TimeDuration.sleep(TimeDuration.java:324)
	at org.apache.ratis.util.TimeDuration.sleep(TimeDuration.java:309)
	at org.apache.ratis.server.impl.FollowerState.run(FollowerState.java:118)
2021-09-17 14:21:37,452 [ForkJoinPool.commonPool-worker-0] INFO  server.RaftServer$Division (ServerState.java:close(419)) - 6808a34f-0e94-4674-bd8e-337a9d1c35af@group-CC9A49073812: closes. applyIndex: 0
2021-09-17 14:21:37,454 [6808a34f-0e94-4674-bd8e-337a9d1c35af@group-CC9A49073812-SegmentedRaftLogWorker] INFO  segmented.SegmentedRaftLogWorker (SegmentedRaftLogWorker.java:run(327)) - 6808a34f-0e94-4674-bd8e-337a9d1c35af@group-CC9A49073812-SegmentedRaftLogWorker was interrupted, exiting. There are 0 tasks remaining in the queue.
2021-09-17 14:21:37,452 [Listener at 127.0.0.1/13392] INFO  impl.StateMachineUpdater (StateMachineUpdater.java:stopAndJoin(149)) - 8721df37-0cb6-4aed-9ac1-08c1f74757c7@group-D0B93889FBFC-StateMachineUpdater: set stopIndex = 0
2021-09-17 14:21:37,454 [ForkJoinPool.commonPool-worker-0] INFO  segmented.SegmentedRaftLogWorker (SegmentedRaftLogWorker.java:close(237)) - 6808a34f-0e94-4674-bd8e-337a9d1c35af@group-CC9A49073812-SegmentedRaftLogWorker close()
2021-09-17 14:21:37,455 [ForkJoinPool.commonPool-worker-0] INFO  server.RaftServer$Division (RaftServerImpl.java:lambda$close$4(407)) - 6808a34f-0e94-4674-bd8e-337a9d1c35af@group-4C24F9D33030: shutdown
2021-09-17 14:21:37,455 [8721df37-0cb6-4aed-9ac1-08c1f74757c7@group-D0B93889FBFC-StateMachineUpdater] INFO  ratis.ContainerStateMachine (ContainerStateMachine.java:takeSnapshot(292)) - group-D0B93889FBFC: Taking a snapshot at:(t:2, i:0) file /home/runner/work/ozone/ozone/hadoop-ozone/integration-test/target/test-dir/MiniOzoneClusterImpl-3d3fab62-48bb-41e0-9886-50eb3b9e447a/datanode-1/data/ratis/2122119d-9f41-4192-8973-d0b93889fbfc/sm/snapshot.2_0
2021-09-17 14:21:37,455 [ForkJoinPool.commonPool-worker-0] INFO  util.JmxRegister (JmxRegister.java:unregister(73)) - Successfully un-registered JMX Bean with object name Ratis:service=RaftServer,group=group-4C24F9D33030,id=6808a34f-0e94-4674-bd8e-337a9d1c35af
2021-09-17 14:21:37,456 [ForkJoinPool.commonPool-worker-0] INFO  impl.RoleInfo (RoleInfo.java:shutdownLeaderState(91)) - 6808a34f-0e94-4674-bd8e-337a9d1c35af: shutdown 6808a34f-0e94-4674-bd8e-337a9d1c35af@group-4C24F9D33030-LeaderStateImpl
2021-09-17 14:21:37,456 [ForkJoinPool.commonPool-worker-0] INFO  impl.PendingRequests (PendingRequests.java:sendNotLeaderResponses(282)) - 6808a34f-0e94-4674-bd8e-337a9d1c35af@group-4C24F9D33030-PendingRequests: sendNotLeaderResponses
2021-09-17 14:21:37,456 [8721df37-0cb6-4aed-9ac1-08c1f74757c7@group-D0B93889FBFC-StateMachineUpdater] INFO  ratis.ContainerStateMachine (ContainerStateMachine.java:takeSnapshot(303)) - group-D0B93889FBFC: Finished taking a snapshot at:(t:2, i:0) file:/home/runner/work/ozone/ozone/hadoop-ozone/integration-test/target/test-dir/MiniOzoneClusterImpl-3d3fab62-48bb-41e0-9886-50eb3b9e447a/datanode-1/data/ratis/2122119d-9f41-4192-8973-d0b93889fbfc/sm/snapshot.2_0 took: 1 ms
2021-09-17 14:21:37,456 [8721df37-0cb6-4aed-9ac1-08c1f74757c7@group-D0B93889FBFC-StateMachineUpdater] INFO  impl.StateMachineUpdater (StateMachineUpdater.java:takeSnapshot(281)) - 8721df37-0cb6-4aed-9ac1-08c1f74757c7@group-D0B93889FBFC-StateMachineUpdater: Took a snapshot at index 0
2021-09-17 14:21:37,457 [8721df37-0cb6-4aed-9ac1-08c1f74757c7@group-D0B93889FBFC-StateMachineUpdater] INFO  impl.StateMachineUpdater (StateMachineUpdater.java:lambda$new$0(89)) - 8721df37-0cb6-4aed-9ac1-08c1f74757c7@group-D0B93889FBFC-StateMachineUpdater: snapshotIndex: updateIncreasingly -1 -> 0
2021-09-17 14:21:37,457 [6808a34f-0e94-4674-bd8e-337a9d1c35af@group-4C24F9D33030-StateMachineUpdater] INFO  ratis.ContainerStateMachine (ContainerStateMachine.java:takeSnapshot(292)) - group-4C24F9D33030: Taking a snapshot at:(t:1, i:0) file /home/runner/work/ozone/ozone/hadoop-ozone/integration-test/target/test-dir/MiniOzoneClusterImpl-3d3fab62-48bb-41e0-9886-50eb3b9e447a/datanode-0/data/ratis/d95b866c-e797-4049-9c12-4c24f9d33030/sm/snapshot.1_0
2021-09-17 14:21:37,457 [Listener at 127.0.0.1/13392] INFO  server.RaftServer$Division (ServerState.java:close(419)) - 8721df37-0cb6-4aed-9ac1-08c1f74757c7@group-D0B93889FBFC: closes. applyIndex: 0
2021-09-17 14:21:37,457 [ForkJoinPool.commonPool-worker-0] INFO  impl.StateMachineUpdater (StateMachineUpdater.java:stopAndJoin(149)) - 6808a34f-0e94-4674-bd8e-337a9d1c35af@group-4C24F9D33030-StateMachineUpdater: set stopIndex = 0
2021-09-17 14:21:37,458 [6808a34f-0e94-4674-bd8e-337a9d1c35af@group-4C24F9D33030-StateMachineUpdater] INFO  ratis.ContainerStateMachine (ContainerStateMachine.java:takeSnapshot(303)) - group-4C24F9D33030: Finished taking a snapshot at:(t:1, i:0) file:/home/runner/work/ozone/ozone/hadoop-ozone/integration-test/target/test-dir/MiniOzoneClusterImpl-3d3fab62-48bb-41e0-9886-50eb3b9e447a/datanode-0/data/ratis/d95b866c-e797-4049-9c12-4c24f9d33030/sm/snapshot.1_0 took: 1 ms
2021-09-17 14:21:37,457 [8721df37-0cb6-4aed-9ac1-08c1f74757c7@group-D0B93889FBFC-SegmentedRaftLogWorker] INFO  segmented.SegmentedRaftLogWorker (SegmentedRaftLogWorker.java:run(327)) - 8721df37-0cb6-4aed-9ac1-08c1f74757c7@group-D0B93889FBFC-SegmentedRaftLogWorker was interrupted, exiting. There are 0 tasks remaining in the queue.
2021-09-17 14:21:37,458 [6808a34f-0e94-4674-bd8e-337a9d1c35af@group-4C24F9D33030-StateMachineUpdater] INFO  impl.StateMachineUpdater (StateMachineUpdater.java:takeSnapshot(281)) - 6808a34f-0e94-4674-bd8e-337a9d1c35af@group-4C24F9D33030-StateMachineUpdater: Took a snapshot at index 0
2021-09-17 14:21:37,458 [6808a34f-0e94-4674-bd8e-337a9d1c35af@group-4C24F9D33030-StateMachineUpdater] INFO  impl.StateMachineUpdater (StateMachineUpdater.java:lambda$new$0(89)) - 6808a34f-0e94-4674-bd8e-337a9d1c35af@group-4C24F9D33030-StateMachineUpdater: snapshotIndex: updateIncreasingly -1 -> 0
2021-09-17 14:21:37,458 [ForkJoinPool.commonPool-worker-0] INFO  server.RaftServer$Division (ServerState.java:close(419)) - 6808a34f-0e94-4674-bd8e-337a9d1c35af@group-4C24F9D33030: closes. applyIndex: 0
2021-09-17 14:21:37,459 [6808a34f-0e94-4674-bd8e-337a9d1c35af@group-4C24F9D33030-SegmentedRaftLogWorker] INFO  segmented.SegmentedRaftLogWorker (SegmentedRaftLogWorker.java:run(327)) - 6808a34f-0e94-4674-bd8e-337a9d1c35af@group-4C24F9D33030-SegmentedRaftLogWorker was interrupted, exiting. There are 0 tasks remaining in the queue.
2021-09-17 14:21:37,459 [Listener at 127.0.0.1/13392] INFO  segmented.SegmentedRaftLogWorker (SegmentedRaftLogWorker.java:close(237)) - 8721df37-0cb6-4aed-9ac1-08c1f74757c7@group-D0B93889FBFC-SegmentedRaftLogWorker close()
2021-09-17 14:21:37,459 [ForkJoinPool.commonPool-worker-0] INFO  segmented.SegmentedRaftLogWorker (SegmentedRaftLogWorker.java:close(237)) - 6808a34f-0e94-4674-bd8e-337a9d1c35af@group-4C24F9D33030-SegmentedRaftLogWorker close()
2021-09-17 14:21:37,461 [Listener at 127.0.0.1/13392] INFO  server.RaftServer$Division (RaftServerImpl.java:lambda$close$4(407)) - 8721df37-0cb6-4aed-9ac1-08c1f74757c7@group-CC9A49073812: shutdown
2021-09-17 14:21:37,461 [Listener at 127.0.0.1/13392] INFO  util.JmxRegister (JmxRegister.java:unregister(73)) - Successfully un-registered JMX Bean with object name Ratis:service=RaftServer,group=group-CC9A49073812,id=8721df37-0cb6-4aed-9ac1-08c1f74757c7
2021-09-17 14:21:37,461 [Listener at 127.0.0.1/13392] INFO  impl.RoleInfo (RoleInfo.java:shutdownFollowerState(108)) - 8721df37-0cb6-4aed-9ac1-08c1f74757c7: shutdown 8721df37-0cb6-4aed-9ac1-08c1f74757c7@group-CC9A49073812-FollowerState
2021-09-17 14:21:37,461 [8721df37-0cb6-4aed-9ac1-08c1f74757c7@group-CC9A49073812-FollowerState] INFO  impl.FollowerState (FollowerState.java:run(143)) - 8721df37-0cb6-4aed-9ac1-08c1f74757c7@group-CC9A49073812-FollowerState was interrupted: {}
java.lang.InterruptedException: sleep interrupted
	at java.lang.Thread.sleep(Native Method)
	at java.lang.Thread.sleep(Thread.java:340)
	at java.util.concurrent.TimeUnit.sleep(TimeUnit.java:386)
	at org.apache.ratis.util.TimeDuration.sleep(TimeDuration.java:324)
	at org.apache.ratis.util.TimeDuration.sleep(TimeDuration.java:309)
	at org.apache.ratis.server.impl.FollowerState.run(FollowerState.java:118)
2021-09-17 14:21:37,462 [Listener at 127.0.0.1/13392] INFO  impl.StateMachineUpdater (StateMachineUpdater.java:stopAndJoin(149)) - 8721df37-0cb6-4aed-9ac1-08c1f74757c7@group-CC9A49073812-StateMachineUpdater: set stopIndex = 0
2021-09-17 14:21:37,462 [8721df37-0cb6-4aed-9ac1-08c1f74757c7@group-CC9A49073812-StateMachineUpdater] INFO  ratis.ContainerStateMachine (ContainerStateMachine.java:takeSnapshot(292)) - group-CC9A49073812: Taking a snapshot at:(t:1, i:0) file /home/runner/work/ozone/ozone/hadoop-ozone/integration-test/target/test-dir/MiniOzoneClusterImpl-3d3fab62-48bb-41e0-9886-50eb3b9e447a/datanode-1/data/ratis/6a965249-5bad-4878-9cfc-cc9a49073812/sm/snapshot.1_0
2021-09-17 14:21:37,462 [ForkJoinPool.commonPool-worker-0] INFO  server.GrpcService (GrpcService.java:closeImpl(262)) - 6808a34f-0e94-4674-bd8e-337a9d1c35af: shutdown server with port 41481 now
2021-09-17 14:21:37,463 [8721df37-0cb6-4aed-9ac1-08c1f74757c7@group-CC9A49073812-StateMachineUpdater] INFO  ratis.ContainerStateMachine (ContainerStateMachine.java:takeSnapshot(303)) - group-CC9A49073812: Finished taking a snapshot at:(t:1, i:0) file:/home/runner/work/ozone/ozone/hadoop-ozone/integration-test/target/test-dir/MiniOzoneClusterImpl-3d3fab62-48bb-41e0-9886-50eb3b9e447a/datanode-1/data/ratis/6a965249-5bad-4878-9cfc-cc9a49073812/sm/snapshot.1_0 took: 1 ms
2021-09-17 14:21:37,463 [8721df37-0cb6-4aed-9ac1-08c1f74757c7@group-CC9A49073812-StateMachineUpdater] INFO  impl.StateMachineUpdater (StateMachineUpdater.java:takeSnapshot(281)) - 8721df37-0cb6-4aed-9ac1-08c1f74757c7@group-CC9A49073812-StateMachineUpdater: Took a snapshot at index 0
2021-09-17 14:21:37,463 [8721df37-0cb6-4aed-9ac1-08c1f74757c7@group-CC9A49073812-StateMachineUpdater] INFO  impl.StateMachineUpdater (StateMachineUpdater.java:lambda$new$0(89)) - 8721df37-0cb6-4aed-9ac1-08c1f74757c7@group-CC9A49073812-StateMachineUpdater: snapshotIndex: updateIncreasingly -1 -> 0
2021-09-17 14:21:37,463 [grpc-default-executor-3] WARN  server.GrpcServerProtocolService (LogUtils.java:warn(122)) - 6808a34f-0e94-4674-bd8e-337a9d1c35af: installSnapshot onError, lastRequest: 11f3a05e-de29-47e4-b752-c1c53d1088e4->6808a34f-0e94-4674-bd8e-337a9d1c35af#1-t2,previous=(t:0, i:0),leaderCommit=-1,initializing? true,entries: size=1, first=(t:2, i:0), CONFIGURATIONENTRY: org.apache.ratis.thirdparty.io.grpc.StatusRuntimeException: CANCELLED: client cancelled
2021-09-17 14:21:37,464 [grpc-default-executor-2] WARN  server.GrpcLogAppender (LogUtils.java:warn(122)) - 11f3a05e-de29-47e4-b752-c1c53d1088e4@group-D0B93889FBFC->6808a34f-0e94-4674-bd8e-337a9d1c35af-AppendLogResponseHandler: Failed appendEntries: org.apache.ratis.thirdparty.io.grpc.StatusRuntimeException: CANCELLED: HTTP/2 error code: CANCEL
Received Rst Stream
2021-09-17 14:21:37,473 [grpc-default-executor-2] WARN  server.GrpcLogAppender (GrpcLogAppender.java:resetClient(111)) - 11f3a05e-de29-47e4-b752-c1c53d1088e4@group-D0B93889FBFC->6808a34f-0e94-4674-bd8e-337a9d1c35af-GrpcLogAppender: Leader has not got in touch with Follower 11f3a05e-de29-47e4-b752-c1c53d1088e4@group-D0B93889FBFC->6808a34f-0e94-4674-bd8e-337a9d1c35af(c0,m0,n1, attendVote=true, lastRpcSendTime=283, lastRpcResponseTime=282) yet, just keep nextIndex unchanged and retry.
2021-09-17 14:21:37,474 [Listener at 127.0.0.1/13392] INFO  server.RaftServer$Division (ServerState.java:close(419)) - 8721df37-0cb6-4aed-9ac1-08c1f74757c7@group-CC9A49073812: closes. applyIndex: 0
2021-09-17 14:21:37,474 [8721df37-0cb6-4aed-9ac1-08c1f74757c7@group-CC9A49073812-SegmentedRaftLogWorker] INFO  segmented.SegmentedRaftLogWorker (SegmentedRaftLogWorker.java:run(327)) - 8721df37-0cb6-4aed-9ac1-08c1f74757c7@group-CC9A49073812-SegmentedRaftLogWorker was interrupted, exiting. There are 0 tasks remaining in the queue.
2021-09-17 14:21:37,487 [Listener at 127.0.0.1/13392] INFO  segmented.SegmentedRaftLogWorker (SegmentedRaftLogWorker.java:close(237)) - 8721df37-0cb6-4aed-9ac1-08c1f74757c7@group-CC9A49073812-SegmentedRaftLogWorker close()
2021-09-17 14:21:37,504 [Listener at 127.0.0.1/13392] INFO  server.GrpcService (GrpcService.java:closeImpl(262)) - 8721df37-0cb6-4aed-9ac1-08c1f74757c7: shutdown server with port 39603 now
2021-09-17 14:21:37,505 [ForkJoinPool.commonPool-worker-0] INFO  server.GrpcService (GrpcService.java:closeImpl(271)) - 6808a34f-0e94-4674-bd8e-337a9d1c35af: shutdown server with port 41481 successfully
2021-09-17 14:21:37,505 [org.apache.ratis.util.JvmPauseMonitor$$Lambda$499/723602324@315f7291] INFO  util.JvmPauseMonitor (JvmPauseMonitor.java:run(109)) - JvmPauseMonitor-6808a34f-0e94-4674-bd8e-337a9d1c35af: Stopped
2021-09-17 14:21:37,506 [grpc-default-executor-3] WARN  server.GrpcServerProtocolService (LogUtils.java:warn(122)) - 8721df37-0cb6-4aed-9ac1-08c1f74757c7: installSnapshot onError, lastRequest: 11f3a05e-de29-47e4-b752-c1c53d1088e4->8721df37-0cb6-4aed-9ac1-08c1f74757c7#1-t2,previous=(t:0, i:0),leaderCommit=0,initializing? true,entries: size=1, first=(t:2, i:0), CONFIGURATIONENTRY: org.apache.ratis.thirdparty.io.grpc.StatusRuntimeException: CANCELLED: client cancelled
2021-09-17 14:21:37,506 [Listener at 127.0.0.1/13392] INFO  server.GrpcService (GrpcService.java:closeImpl(271)) - 8721df37-0cb6-4aed-9ac1-08c1f74757c7: shutdown server with port 39603 successfully
2021-09-17 14:21:37,507 [org.apache.ratis.util.JvmPauseMonitor$$Lambda$499/723602324@62d38b4c] INFO  util.JvmPauseMonitor (JvmPauseMonitor.java:run(109)) - JvmPauseMonitor-8721df37-0cb6-4aed-9ac1-08c1f74757c7: Stopped
2021-09-17 14:21:37,507 [grpc-default-executor-3] WARN  server.GrpcLogAppender (LogUtils.java:warn(122)) - 11f3a05e-de29-47e4-b752-c1c53d1088e4@group-D0B93889FBFC->8721df37-0cb6-4aed-9ac1-08c1f74757c7-AppendLogResponseHandler: Failed appendEntries: org.apache.ratis.thirdparty.io.grpc.StatusRuntimeException: CANCELLED: HTTP/2 error code: CANCEL
Received Rst Stream
2021-09-17 14:21:37,507 [grpc-default-executor-3] WARN  server.GrpcLogAppender (GrpcLogAppender.java:resetClient(111)) - 11f3a05e-de29-47e4-b752-c1c53d1088e4@group-D0B93889FBFC->8721df37-0cb6-4aed-9ac1-08c1f74757c7-GrpcLogAppender: Leader has not got in touch with Follower 11f3a05e-de29-47e4-b752-c1c53d1088e4@group-D0B93889FBFC->8721df37-0cb6-4aed-9ac1-08c1f74757c7(c0,m0,n1, attendVote=true, lastRpcSendTime=318, lastRpcResponseTime=317) yet, just keep nextIndex unchanged and retry.
2021-09-17 14:21:37,516 [Listener at 127.0.0.1/13392] INFO  utils.BackgroundService (BackgroundService.java:shutdown(132)) - Shutting down service BlockDeletingService
2021-09-17 14:21:37,525 [ForkJoinPool.commonPool-worker-0] INFO  utils.BackgroundService (BackgroundService.java:shutdown(132)) - Shutting down service BlockDeletingService
2021-09-17 14:21:37,548 [EndpointStateMachine task thread for /127.0.0.1:13661 - 0 ] INFO  ipc.Client (Client.java:handleConnectionFailure(977)) - Retrying connect to server: localhost/127.0.0.1:13661. Already tried 4 time(s); retry policy is RetryUpToMaximumCountWithFixedSleep(maxRetries=15, sleepTime=1000 MILLISECONDS)
2021-09-17 14:21:37,600 [EndpointStateMachine task thread for /127.0.0.1:14605 - 0 ] INFO  ipc.Client (Client.java:handleConnectionFailure(977)) - Retrying connect to server: localhost/127.0.0.1:14605. Already tried 13 time(s); retry policy is RetryUpToMaximumCountWithFixedSleep(maxRetries=15, sleepTime=1000 MILLISECONDS)
2021-09-17 14:21:37,975 [EndpointStateMachine task thread for /127.0.0.1:14625 - 0 ] INFO  ipc.Client (Client.java:handleConnectionFailure(977)) - Retrying connect to server: localhost/127.0.0.1:14625. Already tried 12 time(s); retry policy is RetryUpToMaximumCountWithFixedSleep(maxRetries=15, sleepTime=1000 MILLISECONDS)
2021-09-17 14:21:37,984 [EndpointStateMachine task thread for /127.0.0.1:14615 - 0 ] INFO  ipc.Client (Client.java:handleConnectionFailure(977)) - Retrying connect to server: localhost/127.0.0.1:14615. Already tried 12 time(s); retry policy is RetryUpToMaximumCountWithFixedSleep(maxRetries=15, sleepTime=1000 MILLISECONDS)
2021-09-17 14:21:38,425 [EndpointStateMachine task thread for /127.0.0.1:13651 - 0 ] INFO  ipc.Client (Client.java:handleConnectionFailure(977)) - Retrying connect to server: localhost/127.0.0.1:13651. Already tried 7 time(s); retry policy is RetryUpToMaximumCountWithFixedSleep(maxRetries=15, sleepTime=1000 MILLISECONDS)
2021-09-17 14:21:38,428 [EndpointStateMachine task thread for /127.0.0.1:13641 - 0 ] INFO  ipc.Client (Client.java:handleConnectionFailure(977)) - Retrying connect to server: localhost/127.0.0.1:13641. Already tried 7 time(s); retry policy is RetryUpToMaximumCountWithFixedSleep(maxRetries=15, sleepTime=1000 MILLISECONDS)
2021-09-17 14:21:38,563 [EndpointStateMachine task thread for /127.0.0.1:13661 - 0 ] INFO  ipc.Client (Client.java:handleConnectionFailure(977)) - Retrying connect to server: localhost/127.0.0.1:13661. Already tried 5 time(s); retry policy is RetryUpToMaximumCountWithFixedSleep(maxRetries=15, sleepTime=1000 MILLISECONDS)
2021-09-17 14:21:38,601 [EndpointStateMachine task thread for /127.0.0.1:14605 - 0 ] INFO  ipc.Client (Client.java:handleConnectionFailure(977)) - Retrying connect to server: localhost/127.0.0.1:14605. Already tried 14 time(s); retry policy is RetryUpToMaximumCountWithFixedSleep(maxRetries=15, sleepTime=1000 MILLISECONDS)
2021-09-17 14:21:38,602 [EndpointStateMachine task thread for /127.0.0.1:14605 - 0 ] WARN  statemachine.EndpointStateMachine (EndpointStateMachine.java:logIfNeeded(236)) - Unable to communicate to SCM server at localhost:14605 for past 0 seconds.
java.net.ConnectException: Call From fv-az116-264/10.1.0.54 to localhost:14605 failed on connection exception: java.net.ConnectException: Connection refused; For more details see:  http://wiki.apache.org/hadoop/ConnectionRefused
	at sun.reflect.NativeConstructorAccessorImpl.newInstance0(Native Method)
	at sun.reflect.NativeConstructorAccessorImpl.newInstance(NativeConstructorAccessorImpl.java:62)
	at sun.reflect.DelegatingConstructorAccessorImpl.newInstance(DelegatingConstructorAccessorImpl.java:45)
	at java.lang.reflect.Constructor.newInstance(Constructor.java:423)
	at org.apache.hadoop.net.NetUtils.wrapWithMessage(NetUtils.java:913)
	at org.apache.hadoop.net.NetUtils.wrapException(NetUtils.java:828)
	at org.apache.hadoop.ipc.Client.getRpcResponse(Client.java:1577)
	at org.apache.hadoop.ipc.Client.call(Client.java:1519)
	at org.apache.hadoop.ipc.Client.call(Client.java:1416)
	at org.apache.hadoop.ipc.ProtobufRpcEngine$Invoker.invoke(ProtobufRpcEngine.java:236)
	at org.apache.hadoop.ipc.ProtobufRpcEngine$Invoker.invoke(ProtobufRpcEngine.java:123)
	at com.sun.proxy.$Proxy48.submitRequest(Unknown Source)
	at org.apache.hadoop.ozone.protocolPB.StorageContainerDatanodeProtocolClientSideTranslatorPB.submitRequest(StorageContainerDatanodeProtocolClientSideTranslatorPB.java:117)
	at org.apache.hadoop.ozone.protocolPB.StorageContainerDatanodeProtocolClientSideTranslatorPB.sendHeartbeat(StorageContainerDatanodeProtocolClientSideTranslatorPB.java:149)
	at org.apache.hadoop.ozone.container.common.states.endpoint.HeartbeatEndpointTask.call(HeartbeatEndpointTask.java:179)
	at org.apache.hadoop.ozone.container.common.states.endpoint.HeartbeatEndpointTask.call(HeartbeatEndpointTask.java:82)
	at java.util.concurrent.FutureTask.run(FutureTask.java:266)
	at java.util.concurrent.ThreadPoolExecutor.runWorker(ThreadPoolExecutor.java:1149)
	at java.util.concurrent.ThreadPoolExecutor$Worker.run(ThreadPoolExecutor.java:624)
	at java.lang.Thread.run(Thread.java:748)
Caused by: java.net.ConnectException: Connection refused
	at sun.nio.ch.SocketChannelImpl.checkConnect(Native Method)
	at sun.nio.ch.SocketChannelImpl.finishConnect(SocketChannelImpl.java:716)
	at org.apache.hadoop.net.SocketIOWithTimeout.connect(SocketIOWithTimeout.java:206)
	at org.apache.hadoop.net.NetUtils.connect(NetUtils.java:586)
	at org.apache.hadoop.ipc.Client$Connection.setupConnection(Client.java:701)
	at org.apache.hadoop.ipc.Client$Connection.setupIOstreams(Client.java:822)
	at org.apache.hadoop.ipc.Client$Connection.access$3800(Client.java:414)
	at org.apache.hadoop.ipc.Client.getConnection(Client.java:1647)
	at org.apache.hadoop.ipc.Client.call(Client.java:1463)
	... 12 more
2021-09-17 14:21:38,976 [EndpointStateMachine task thread for /127.0.0.1:14625 - 0 ] INFO  ipc.Client (Client.java:handleConnectionFailure(977)) - Retrying connect to server: localhost/127.0.0.1:14625. Already tried 13 time(s); retry policy is RetryUpToMaximumCountWithFixedSleep(maxRetries=15, sleepTime=1000 MILLISECONDS)
2021-09-17 14:21:38,984 [EndpointStateMachine task thread for /127.0.0.1:14615 - 0 ] INFO  ipc.Client (Client.java:handleConnectionFailure(977)) - Retrying connect to server: localhost/127.0.0.1:14615. Already tried 13 time(s); retry policy is RetryUpToMaximumCountWithFixedSleep(maxRetries=15, sleepTime=1000 MILLISECONDS)
2021-09-17 14:21:39,432 [EndpointStateMachine task thread for /127.0.0.1:13641 - 0 ] INFO  ipc.Client (Client.java:handleConnectionFailure(977)) - Retrying connect to server: localhost/127.0.0.1:13641. Already tried 8 time(s); retry policy is RetryUpToMaximumCountWithFixedSleep(maxRetries=15, sleepTime=1000 MILLISECONDS)
2021-09-17 14:21:39,440 [EndpointStateMachine task thread for /127.0.0.1:13651 - 0 ] INFO  ipc.Client (Client.java:handleConnectionFailure(977)) - Retrying connect to server: localhost/127.0.0.1:13651. Already tried 8 time(s); retry policy is RetryUpToMaximumCountWithFixedSleep(maxRetries=15, sleepTime=1000 MILLISECONDS)
2021-09-17 14:21:39,563 [EndpointStateMachine task thread for /127.0.0.1:13661 - 0 ] INFO  ipc.Client (Client.java:handleConnectionFailure(977)) - Retrying connect to server: localhost/127.0.0.1:13661. Already tried 6 time(s); retry policy is RetryUpToMaximumCountWithFixedSleep(maxRetries=15, sleepTime=1000 MILLISECONDS)
2021-09-17 14:21:39,602 [EndpointStateMachine task thread for /127.0.0.1:14605 - 0 ] INFO  ipc.Client (Client.java:handleConnectionFailure(977)) - Retrying connect to server: localhost/127.0.0.1:14605. Already tried 0 time(s); retry policy is RetryUpToMaximumCountWithFixedSleep(maxRetries=15, sleepTime=1000 MILLISECONDS)
2021-09-17 14:21:39,720 [grpc-default-executor-2] WARN  server.GrpcLogAppender (LogUtils.java:warn(122)) - 11f3a05e-de29-47e4-b752-c1c53d1088e4@group-D0B93889FBFC->8721df37-0cb6-4aed-9ac1-08c1f74757c7-AppendLogResponseHandler: Failed appendEntries: org.apache.ratis.thirdparty.io.grpc.StatusRuntimeException: UNAVAILABLE: io exception
2021-09-17 14:21:39,721 [grpc-default-executor-2] WARN  server.GrpcLogAppender (GrpcLogAppender.java:resetClient(111)) - 11f3a05e-de29-47e4-b752-c1c53d1088e4@group-D0B93889FBFC->8721df37-0cb6-4aed-9ac1-08c1f74757c7-GrpcLogAppender: Leader has not got in touch with Follower 11f3a05e-de29-47e4-b752-c1c53d1088e4@group-D0B93889FBFC->8721df37-0cb6-4aed-9ac1-08c1f74757c7(c0,m0,n1, attendVote=true, lastRpcSendTime=0, lastRpcResponseTime=2530) yet, just keep nextIndex unchanged and retry.
2021-09-17 14:21:39,728 [grpc-default-executor-3] WARN  server.GrpcLogAppender (LogUtils.java:warn(122)) - 11f3a05e-de29-47e4-b752-c1c53d1088e4@group-D0B93889FBFC->6808a34f-0e94-4674-bd8e-337a9d1c35af-AppendLogResponseHandler: Failed appendEntries: org.apache.ratis.thirdparty.io.grpc.StatusRuntimeException: UNAVAILABLE: io exception
2021-09-17 14:21:39,729 [grpc-default-executor-3] WARN  server.GrpcLogAppender (GrpcLogAppender.java:resetClient(111)) - 11f3a05e-de29-47e4-b752-c1c53d1088e4@group-D0B93889FBFC->6808a34f-0e94-4674-bd8e-337a9d1c35af-GrpcLogAppender: Leader has not got in touch with Follower 11f3a05e-de29-47e4-b752-c1c53d1088e4@group-D0B93889FBFC->6808a34f-0e94-4674-bd8e-337a9d1c35af(c0,m0,n1, attendVote=true, lastRpcSendTime=0, lastRpcResponseTime=2537) yet, just keep nextIndex unchanged and retry.
2021-09-17 14:21:39,977 [EndpointStateMachine task thread for /127.0.0.1:14625 - 0 ] INFO  ipc.Client (Client.java:handleConnectionFailure(977)) - Retrying connect to server: localhost/127.0.0.1:14625. Already tried 14 time(s); retry policy is RetryUpToMaximumCountWithFixedSleep(maxRetries=15, sleepTime=1000 MILLISECONDS)
2021-09-17 14:21:39,986 [EndpointStateMachine task thread for /127.0.0.1:14615 - 0 ] INFO  ipc.Client (Client.java:handleConnectionFailure(977)) - Retrying connect to server: localhost/127.0.0.1:14615. Already tried 14 time(s); retry policy is RetryUpToMaximumCountWithFixedSleep(maxRetries=15, sleepTime=1000 MILLISECONDS)
2021-09-17 14:21:40,432 [EndpointStateMachine task thread for /127.0.0.1:13641 - 0 ] INFO  ipc.Client (Client.java:handleConnectionFailure(977)) - Retrying connect to server: localhost/127.0.0.1:13641. Already tried 9 time(s); retry policy is RetryUpToMaximumCountWithFixedSleep(maxRetries=15, sleepTime=1000 MILLISECONDS)
2021-09-17 14:21:40,440 [EndpointStateMachine task thread for /127.0.0.1:13651 - 0 ] INFO  ipc.Client (Client.java:handleConnectionFailure(977)) - Retrying connect to server: localhost/127.0.0.1:13651. Already tried 9 time(s); retry policy is RetryUpToMaximumCountWithFixedSleep(maxRetries=15, sleepTime=1000 MILLISECONDS)
2021-09-17 14:21:40,525 [Listener at 127.0.0.1/13392] INFO  statemachine.DatanodeStateMachine (DatanodeStateMachine.java:stopDaemon(515)) - Ozone container server stopped.
2021-09-17 14:21:40,526 [Listener at 127.0.0.1/13392] INFO  handler.ContextHandler (ContextHandler.java:doStop(1153)) - Stopped o.e.j.w.WebAppContext@469a9010{hddsDatanode,/,null,STOPPED}{jar:file:/home/runner/.m2/repository/org/apache/ozone/hdds-container-service/1.2.0-SNAPSHOT/hdds-container-service-1.2.0-SNAPSHOT.jar!/webapps/hddsDatanode}
2021-09-17 14:21:40,528 [Listener at 127.0.0.1/13392] INFO  server.AbstractConnector (AbstractConnector.java:doStop(381)) - Stopped ServerConnector@5a23d4d8{HTTP/1.1, (http/1.1)}{0.0.0.0:0}
2021-09-17 14:21:40,528 [Listener at 127.0.0.1/13392] INFO  server.session (HouseKeeper.java:stopScavenging(149)) - node0 Stopped scavenging
2021-09-17 14:21:40,528 [Listener at 127.0.0.1/13392] INFO  handler.ContextHandler (ContextHandler.java:doStop(1153)) - Stopped o.e.j.s.ServletContextHandler@60e2370e{static,/static,jar:file:/home/runner/.m2/repository/org/apache/ozone/hdds-container-service/1.2.0-SNAPSHOT/hdds-container-service-1.2.0-SNAPSHOT.jar!/webapps/static,STOPPED}
2021-09-17 14:21:40,528 [Listener at 127.0.0.1/13392] INFO  handler.ContextHandler (ContextHandler.java:doStop(1153)) - Stopped o.e.j.s.ServletContextHandler@4d5aa20b{logs,/logs,file:///home/runner/work/ozone/ozone/hadoop-ozone/integration-test/target/log,STOPPED}
2021-09-17 14:21:40,532 [ForkJoinPool.commonPool-worker-0] INFO  statemachine.DatanodeStateMachine (DatanodeStateMachine.java:stopDaemon(515)) - Ozone container server stopped.
2021-09-17 14:21:40,552 [ForkJoinPool.commonPool-worker-0] INFO  handler.ContextHandler (ContextHandler.java:doStop(1153)) - Stopped o.e.j.w.WebAppContext@4f25fe6e{hddsDatanode,/,null,STOPPED}{jar:file:/home/runner/.m2/repository/org/apache/ozone/hdds-container-service/1.2.0-SNAPSHOT/hdds-container-service-1.2.0-SNAPSHOT.jar!/webapps/hddsDatanode}
2021-09-17 14:21:40,553 [ForkJoinPool.commonPool-worker-0] INFO  server.AbstractConnector (AbstractConnector.java:doStop(381)) - Stopped ServerConnector@38fdbc9{HTTP/1.1, (http/1.1)}{0.0.0.0:0}
2021-09-17 14:21:40,553 [ForkJoinPool.commonPool-worker-0] INFO  server.session (HouseKeeper.java:stopScavenging(149)) - node0 Stopped scavenging
2021-09-17 14:21:40,554 [ForkJoinPool.commonPool-worker-0] INFO  handler.ContextHandler (ContextHandler.java:doStop(1153)) - Stopped o.e.j.s.ServletContextHandler@23c25d3f{static,/static,jar:file:/home/runner/.m2/repository/org/apache/ozone/hdds-container-service/1.2.0-SNAPSHOT/hdds-container-service-1.2.0-SNAPSHOT.jar!/webapps/static,STOPPED}
2021-09-17 14:21:40,564 [ForkJoinPool.commonPool-worker-0] INFO  handler.ContextHandler (ContextHandler.java:doStop(1153)) - Stopped o.e.j.s.ServletContextHandler@5da48ec5{logs,/logs,file:///home/runner/work/ozone/ozone/hadoop-ozone/integration-test/target/log,STOPPED}
2021-09-17 14:21:40,572 [EndpointStateMachine task thread for /127.0.0.1:13661 - 0 ] INFO  ipc.Client (Client.java:handleConnectionFailure(977)) - Retrying connect to server: localhost/127.0.0.1:13661. Already tried 7 time(s); retry policy is RetryUpToMaximumCountWithFixedSleep(maxRetries=15, sleepTime=1000 MILLISECONDS)
2021-09-17 14:21:40,603 [EndpointStateMachine task thread for /127.0.0.1:14605 - 0 ] INFO  ipc.Client (Client.java:handleConnectionFailure(977)) - Retrying connect to server: localhost/127.0.0.1:14605. Already tried 1 time(s); retry policy is RetryUpToMaximumCountWithFixedSleep(maxRetries=15, sleepTime=1000 MILLISECONDS)
2021-09-17 14:21:40,978 [EndpointStateMachine task thread for /127.0.0.1:14625 - 0 ] INFO  ipc.Client (Client.java:handleConnectionFailure(977)) - Retrying connect to server: localhost/127.0.0.1:14625. Already tried 0 time(s); retry policy is RetryUpToMaximumCountWithFixedSleep(maxRetries=15, sleepTime=1000 MILLISECONDS)
2021-09-17 14:21:40,987 [EndpointStateMachine task thread for /127.0.0.1:14615 - 0 ] INFO  ipc.Client (Client.java:handleConnectionFailure(977)) - Retrying connect to server: localhost/127.0.0.1:14615. Already tried 0 time(s); retry policy is RetryUpToMaximumCountWithFixedSleep(maxRetries=15, sleepTime=1000 MILLISECONDS)
2021-09-17 14:21:41,433 [EndpointStateMachine task thread for /127.0.0.1:13641 - 0 ] INFO  ipc.Client (Client.java:handleConnectionFailure(977)) - Retrying connect to server: localhost/127.0.0.1:13641. Already tried 10 time(s); retry policy is RetryUpToMaximumCountWithFixedSleep(maxRetries=15, sleepTime=1000 MILLISECONDS)
2021-09-17 14:21:41,446 [EndpointStateMachine task thread for /127.0.0.1:13651 - 0 ] INFO  ipc.Client (Client.java:handleConnectionFailure(977)) - Retrying connect to server: localhost/127.0.0.1:13651. Already tried 10 time(s); retry policy is RetryUpToMaximumCountWithFixedSleep(maxRetries=15, sleepTime=1000 MILLISECONDS)
2021-09-17 14:21:41,548 [Datanode State Machine Thread - 0] WARN  statemachine.StateContext (StateContext.java:setState(246)) - Ignore disallowed transition from SHUTDOWN to RUNNING
2021-09-17 14:21:41,572 [EndpointStateMachine task thread for /127.0.0.1:13661 - 0 ] INFO  ipc.Client (Client.java:handleConnectionFailure(977)) - Retrying connect to server: localhost/127.0.0.1:13661. Already tried 8 time(s); retry policy is RetryUpToMaximumCountWithFixedSleep(maxRetries=15, sleepTime=1000 MILLISECONDS)
2021-09-17 14:21:41,603 [EndpointStateMachine task thread for /127.0.0.1:14605 - 0 ] INFO  ipc.Client (Client.java:handleConnectionFailure(977)) - Retrying connect to server: localhost/127.0.0.1:14605. Already tried 2 time(s); retry policy is RetryUpToMaximumCountWithFixedSleep(maxRetries=15, sleepTime=1000 MILLISECONDS)
2021-09-17 14:21:41,985 [EndpointStateMachine task thread for /127.0.0.1:14625 - 0 ] INFO  ipc.Client (Client.java:handleConnectionFailure(977)) - Retrying connect to server: localhost/127.0.0.1:14625. Already tried 1 time(s); retry policy is RetryUpToMaximumCountWithFixedSleep(maxRetries=15, sleepTime=1000 MILLISECONDS)
2021-09-17 14:21:41,988 [EndpointStateMachine task thread for /127.0.0.1:14615 - 0 ] INFO  ipc.Client (Client.java:handleConnectionFailure(977)) - Retrying connect to server: localhost/127.0.0.1:14615. Already tried 1 time(s); retry policy is RetryUpToMaximumCountWithFixedSleep(maxRetries=15, sleepTime=1000 MILLISECONDS)
2021-09-17 14:21:42,230 [grpc-default-executor-3] WARN  server.GrpcLogAppender (LogUtils.java:warn(122)) - 11f3a05e-de29-47e4-b752-c1c53d1088e4@group-D0B93889FBFC->8721df37-0cb6-4aed-9ac1-08c1f74757c7-AppendLogResponseHandler: Failed appendEntries: org.apache.ratis.thirdparty.io.grpc.StatusRuntimeException: UNAVAILABLE: io exception
2021-09-17 14:21:42,231 [grpc-default-executor-3] WARN  server.GrpcLogAppender (GrpcLogAppender.java:resetClient(111)) - 11f3a05e-de29-47e4-b752-c1c53d1088e4@group-D0B93889FBFC->8721df37-0cb6-4aed-9ac1-08c1f74757c7-GrpcLogAppender: Leader has not got in touch with Follower 11f3a05e-de29-47e4-b752-c1c53d1088e4@group-D0B93889FBFC->8721df37-0cb6-4aed-9ac1-08c1f74757c7(c0,m0,n1, attendVote=true, lastRpcSendTime=0, lastRpcResponseTime=5041) yet, just keep nextIndex unchanged and retry.
2021-09-17 14:21:42,231 [grpc-default-executor-2] WARN  server.GrpcLogAppender (LogUtils.java:warn(122)) - 11f3a05e-de29-47e4-b752-c1c53d1088e4@group-D0B93889FBFC->6808a34f-0e94-4674-bd8e-337a9d1c35af-AppendLogResponseHandler: Failed appendEntries: org.apache.ratis.thirdparty.io.grpc.StatusRuntimeException: UNAVAILABLE: io exception
2021-09-17 14:21:42,232 [grpc-default-executor-2] WARN  server.GrpcLogAppender (GrpcLogAppender.java:resetClient(111)) - 11f3a05e-de29-47e4-b752-c1c53d1088e4@group-D0B93889FBFC->6808a34f-0e94-4674-bd8e-337a9d1c35af-GrpcLogAppender: Leader has not got in touch with Follower 11f3a05e-de29-47e4-b752-c1c53d1088e4@group-D0B93889FBFC->6808a34f-0e94-4674-bd8e-337a9d1c35af(c0,m0,n1, attendVote=true, lastRpcSendTime=1, lastRpcResponseTime=5040) yet, just keep nextIndex unchanged and retry.
2021-09-17 14:21:42,434 [EndpointStateMachine task thread for /127.0.0.1:13641 - 0 ] INFO  ipc.Client (Client.java:handleConnectionFailure(977)) - Retrying connect to server: localhost/127.0.0.1:13641. Already tried 11 time(s); retry policy is RetryUpToMaximumCountWithFixedSleep(maxRetries=15, sleepTime=1000 MILLISECONDS)
2021-09-17 14:21:42,446 [EndpointStateMachine task thread for /127.0.0.1:13651 - 0 ] INFO  ipc.Client (Client.java:handleConnectionFailure(977)) - Retrying connect to server: localhost/127.0.0.1:13651. Already tried 11 time(s); retry policy is RetryUpToMaximumCountWithFixedSleep(maxRetries=15, sleepTime=1000 MILLISECONDS)
2021-09-17 14:21:42,573 [EndpointStateMachine task thread for /127.0.0.1:13661 - 0 ] INFO  ipc.Client (Client.java:handleConnectionFailure(977)) - Retrying connect to server: localhost/127.0.0.1:13661. Already tried 9 time(s); retry policy is RetryUpToMaximumCountWithFixedSleep(maxRetries=15, sleepTime=1000 MILLISECONDS)
2021-09-17 14:21:42,604 [EndpointStateMachine task thread for /127.0.0.1:14605 - 0 ] INFO  ipc.Client (Client.java:handleConnectionFailure(977)) - Retrying connect to server: localhost/127.0.0.1:14605. Already tried 3 time(s); retry policy is RetryUpToMaximumCountWithFixedSleep(maxRetries=15, sleepTime=1000 MILLISECONDS)
2021-09-17 14:21:42,985 [EndpointStateMachine task thread for /127.0.0.1:14625 - 0 ] INFO  ipc.Client (Client.java:handleConnectionFailure(977)) - Retrying connect to server: localhost/127.0.0.1:14625. Already tried 2 time(s); retry policy is RetryUpToMaximumCountWithFixedSleep(maxRetries=15, sleepTime=1000 MILLISECONDS)
2021-09-17 14:21:42,992 [EndpointStateMachine task thread for /127.0.0.1:14615 - 0 ] INFO  ipc.Client (Client.java:handleConnectionFailure(977)) - Retrying connect to server: localhost/127.0.0.1:14615. Already tried 2 time(s); retry policy is RetryUpToMaximumCountWithFixedSleep(maxRetries=15, sleepTime=1000 MILLISECONDS)
2021-09-17 14:21:43,434 [EndpointStateMachine task thread for /127.0.0.1:13641 - 0 ] INFO  ipc.Client (Client.java:handleConnectionFailure(977)) - Retrying connect to server: localhost/127.0.0.1:13641. Already tried 12 time(s); retry policy is RetryUpToMaximumCountWithFixedSleep(maxRetries=15, sleepTime=1000 MILLISECONDS)
2021-09-17 14:21:43,447 [EndpointStateMachine task thread for /127.0.0.1:13651 - 0 ] INFO  ipc.Client (Client.java:handleConnectionFailure(977)) - Retrying connect to server: localhost/127.0.0.1:13651. Already tried 12 time(s); retry policy is RetryUpToMaximumCountWithFixedSleep(maxRetries=15, sleepTime=1000 MILLISECONDS)
2021-09-17 14:21:43,574 [EndpointStateMachine task thread for /127.0.0.1:13661 - 0 ] INFO  ipc.Client (Client.java:handleConnectionFailure(977)) - Retrying connect to server: localhost/127.0.0.1:13661. Already tried 10 time(s); retry policy is RetryUpToMaximumCountWithFixedSleep(maxRetries=15, sleepTime=1000 MILLISECONDS)
2021-09-17 14:21:43,604 [EndpointStateMachine task thread for /127.0.0.1:14605 - 0 ] INFO  ipc.Client (Client.java:handleConnectionFailure(977)) - Retrying connect to server: localhost/127.0.0.1:14605. Already tried 4 time(s); retry policy is RetryUpToMaximumCountWithFixedSleep(maxRetries=15, sleepTime=1000 MILLISECONDS)
2021-09-17 14:21:43,992 [EndpointStateMachine task thread for /127.0.0.1:14625 - 0 ] INFO  ipc.Client (Client.java:handleConnectionFailure(977)) - Retrying connect to server: localhost/127.0.0.1:14625. Already tried 3 time(s); retry policy is RetryUpToMaximumCountWithFixedSleep(maxRetries=15, sleepTime=1000 MILLISECONDS)
2021-09-17 14:21:43,993 [EndpointStateMachine task thread for /127.0.0.1:14615 - 0 ] INFO  ipc.Client (Client.java:handleConnectionFailure(977)) - Retrying connect to server: localhost/127.0.0.1:14615. Already tried 3 time(s); retry policy is RetryUpToMaximumCountWithFixedSleep(maxRetries=15, sleepTime=1000 MILLISECONDS)
2021-09-17 14:21:44,430 [11f3a05e-de29-47e4-b752-c1c53d1088e4@group-CC9A49073812-FollowerState] INFO  impl.FollowerState (FollowerState.java:run(134)) - 11f3a05e-de29-47e4-b752-c1c53d1088e4@group-CC9A49073812-FollowerState: change to CANDIDATE, lastRpcElapsedTime:7807714390ns, electionTimeout:5195ms
2021-09-17 14:21:44,430 [11f3a05e-de29-47e4-b752-c1c53d1088e4@group-CC9A49073812-FollowerState] INFO  impl.RoleInfo (RoleInfo.java:shutdownFollowerState(108)) - 11f3a05e-de29-47e4-b752-c1c53d1088e4: shutdown 11f3a05e-de29-47e4-b752-c1c53d1088e4@group-CC9A49073812-FollowerState
2021-09-17 14:21:44,430 [11f3a05e-de29-47e4-b752-c1c53d1088e4@group-CC9A49073812-FollowerState] INFO  server.RaftServer$Division (RaftServerImpl.java:setRole(285)) - 11f3a05e-de29-47e4-b752-c1c53d1088e4@group-CC9A49073812: changes role from  FOLLOWER to CANDIDATE at term 1 for changeToCandidate
2021-09-17 14:21:44,430 [11f3a05e-de29-47e4-b752-c1c53d1088e4@group-CC9A49073812-FollowerState] INFO  server.RaftServerConfigKeys (ConfUtils.java:logGet(44)) - raft.server.leaderelection.pre-vote = false (custom)
2021-09-17 14:21:44,430 [11f3a05e-de29-47e4-b752-c1c53d1088e4@group-CC9A49073812-FollowerState] INFO  impl.RoleInfo (RoleInfo.java:updateAndGet(130)) - 11f3a05e-de29-47e4-b752-c1c53d1088e4: start 11f3a05e-de29-47e4-b752-c1c53d1088e4@group-CC9A49073812-LeaderElection20
2021-09-17 14:21:44,435 [EndpointStateMachine task thread for /127.0.0.1:13641 - 0 ] INFO  ipc.Client (Client.java:handleConnectionFailure(977)) - Retrying connect to server: localhost/127.0.0.1:13641. Already tried 13 time(s); retry policy is RetryUpToMaximumCountWithFixedSleep(maxRetries=15, sleepTime=1000 MILLISECONDS)
2021-09-17 14:21:44,480 [EndpointStateMachine task thread for /127.0.0.1:13651 - 0 ] INFO  ipc.Client (Client.java:handleConnectionFailure(977)) - Retrying connect to server: localhost/127.0.0.1:13651. Already tried 13 time(s); retry policy is RetryUpToMaximumCountWithFixedSleep(maxRetries=15, sleepTime=1000 MILLISECONDS)
2021-09-17 14:21:44,481 [11f3a05e-de29-47e4-b752-c1c53d1088e4@group-CC9A49073812-LeaderElection20] INFO  server.RaftServer$Division (ServerState.java:setLeader(285)) - 11f3a05e-de29-47e4-b752-c1c53d1088e4@group-CC9A49073812: change Leader from 6808a34f-0e94-4674-bd8e-337a9d1c35af to null at term 1 for ELECTION
2021-09-17 14:21:44,485 [11f3a05e-de29-47e4-b752-c1c53d1088e4@group-CC9A49073812-LeaderElection20] INFO  impl.LeaderElection (LeaderElection.java:askForVotes(306)) - 11f3a05e-de29-47e4-b752-c1c53d1088e4@group-CC9A49073812-LeaderElection20 ELECTION round 0: submit vote requests at term 2 for 0: [6808a34f-0e94-4674-bd8e-337a9d1c35af|rpc:127.0.0.1:41481|dataStream:|priority:1, 11f3a05e-de29-47e4-b752-c1c53d1088e4|rpc:127.0.0.1:41235|dataStream:|priority:0, 8721df37-0cb6-4aed-9ac1-08c1f74757c7|rpc:127.0.0.1:39603|dataStream:|priority:0], old=null
2021-09-17 14:21:44,512 [11f3a05e-de29-47e4-b752-c1c53d1088e4@group-CC9A49073812-LeaderElection20] INFO  impl.LeaderElection (LogUtils.java:infoOrTrace(137)) - 11f3a05e-de29-47e4-b752-c1c53d1088e4@group-CC9A49073812-LeaderElection20 got exception when requesting votes: java.util.concurrent.ExecutionException: org.apache.ratis.thirdparty.io.grpc.StatusRuntimeException: UNAVAILABLE: io exception
2021-09-17 14:21:44,516 [11f3a05e-de29-47e4-b752-c1c53d1088e4@group-CC9A49073812-LeaderElection20] INFO  impl.LeaderElection (LogUtils.java:infoOrTrace(137)) - 11f3a05e-de29-47e4-b752-c1c53d1088e4@group-CC9A49073812-LeaderElection20 got exception when requesting votes: java.util.concurrent.ExecutionException: org.apache.ratis.thirdparty.io.grpc.StatusRuntimeException: UNAVAILABLE: io exception
2021-09-17 14:21:44,516 [11f3a05e-de29-47e4-b752-c1c53d1088e4@group-CC9A49073812-LeaderElection20] INFO  impl.LeaderElection (LeaderElection.java:logAndReturn(89)) - 11f3a05e-de29-47e4-b752-c1c53d1088e4@group-CC9A49073812-LeaderElection20: ELECTION REJECTED received 0 response(s) and 2 exception(s):
2021-09-17 14:21:44,516 [11f3a05e-de29-47e4-b752-c1c53d1088e4@group-CC9A49073812-LeaderElection20] INFO  impl.LeaderElection (LogUtils.java:infoOrTrace(137)) -   Exception 0: java.util.concurrent.ExecutionException: org.apache.ratis.thirdparty.io.grpc.StatusRuntimeException: UNAVAILABLE: io exception
2021-09-17 14:21:44,516 [11f3a05e-de29-47e4-b752-c1c53d1088e4@group-CC9A49073812-LeaderElection20] INFO  impl.LeaderElection (LogUtils.java:infoOrTrace(137)) -   Exception 1: java.util.concurrent.ExecutionException: org.apache.ratis.thirdparty.io.grpc.StatusRuntimeException: UNAVAILABLE: io exception
2021-09-17 14:21:44,516 [11f3a05e-de29-47e4-b752-c1c53d1088e4@group-CC9A49073812-LeaderElection20] INFO  impl.LeaderElection (LeaderElection.java:askForVotes(308)) - 11f3a05e-de29-47e4-b752-c1c53d1088e4@group-CC9A49073812-LeaderElection20 ELECTION round 0: result REJECTED
2021-09-17 14:21:44,516 [11f3a05e-de29-47e4-b752-c1c53d1088e4@group-CC9A49073812-LeaderElection20] INFO  server.RaftServer$Division (RaftServerImpl.java:setRole(285)) - 11f3a05e-de29-47e4-b752-c1c53d1088e4@group-CC9A49073812: changes role from CANDIDATE to FOLLOWER at term 2 for REJECTED
2021-09-17 14:21:44,516 [11f3a05e-de29-47e4-b752-c1c53d1088e4@group-CC9A49073812-LeaderElection20] INFO  impl.RoleInfo (RoleInfo.java:shutdownLeaderElection(121)) - 11f3a05e-de29-47e4-b752-c1c53d1088e4: shutdown 11f3a05e-de29-47e4-b752-c1c53d1088e4@group-CC9A49073812-LeaderElection20
2021-09-17 14:21:44,516 [11f3a05e-de29-47e4-b752-c1c53d1088e4@group-CC9A49073812-LeaderElection20] INFO  impl.RoleInfo (RoleInfo.java:updateAndGet(130)) - 11f3a05e-de29-47e4-b752-c1c53d1088e4: start 11f3a05e-de29-47e4-b752-c1c53d1088e4@group-CC9A49073812-FollowerState
2021-09-17 14:21:44,574 [EndpointStateMachine task thread for /127.0.0.1:13661 - 0 ] INFO  ipc.Client (Client.java:handleConnectionFailure(977)) - Retrying connect to server: localhost/127.0.0.1:13661. Already tried 11 time(s); retry policy is RetryUpToMaximumCountWithFixedSleep(maxRetries=15, sleepTime=1000 MILLISECONDS)
2021-09-17 14:21:44,605 [EndpointStateMachine task thread for /127.0.0.1:14605 - 0 ] INFO  ipc.Client (Client.java:handleConnectionFailure(977)) - Retrying connect to server: localhost/127.0.0.1:14605. Already tried 5 time(s); retry policy is RetryUpToMaximumCountWithFixedSleep(maxRetries=15, sleepTime=1000 MILLISECONDS)
2021-09-17 14:21:44,731 [grpc-default-executor-2] WARN  server.GrpcLogAppender (LogUtils.java:warn(122)) - 11f3a05e-de29-47e4-b752-c1c53d1088e4@group-D0B93889FBFC->6808a34f-0e94-4674-bd8e-337a9d1c35af-AppendLogResponseHandler: Failed appendEntries: org.apache.ratis.thirdparty.io.grpc.StatusRuntimeException: UNAVAILABLE: io exception
2021-09-17 14:21:44,732 [grpc-default-executor-2] WARN  server.GrpcLogAppender (GrpcLogAppender.java:resetClient(111)) - 11f3a05e-de29-47e4-b752-c1c53d1088e4@group-D0B93889FBFC->6808a34f-0e94-4674-bd8e-337a9d1c35af-GrpcLogAppender: Leader has not got in touch with Follower 11f3a05e-de29-47e4-b752-c1c53d1088e4@group-D0B93889FBFC->6808a34f-0e94-4674-bd8e-337a9d1c35af(c0,m0,n1, attendVote=true, lastRpcSendTime=0, lastRpcResponseTime=7540) yet, just keep nextIndex unchanged and retry.
2021-09-17 14:21:44,732 [grpc-default-executor-3] WARN  server.GrpcLogAppender (LogUtils.java:warn(122)) - 11f3a05e-de29-47e4-b752-c1c53d1088e4@group-D0B93889FBFC->8721df37-0cb6-4aed-9ac1-08c1f74757c7-AppendLogResponseHandler: Failed appendEntries: org.apache.ratis.thirdparty.io.grpc.StatusRuntimeException: UNAVAILABLE: io exception
2021-09-17 14:21:44,732 [grpc-default-executor-3] WARN  server.GrpcLogAppender (GrpcLogAppender.java:resetClient(111)) - 11f3a05e-de29-47e4-b752-c1c53d1088e4@group-D0B93889FBFC->8721df37-0cb6-4aed-9ac1-08c1f74757c7-GrpcLogAppender: Leader has not got in touch with Follower 11f3a05e-de29-47e4-b752-c1c53d1088e4@group-D0B93889FBFC->8721df37-0cb6-4aed-9ac1-08c1f74757c7(c0,m0,n1, attendVote=true, lastRpcSendTime=1, lastRpcResponseTime=7542) yet, just keep nextIndex unchanged and retry.
2021-09-17 14:21:44,993 [EndpointStateMachine task thread for /127.0.0.1:14625 - 0 ] INFO  ipc.Client (Client.java:handleConnectionFailure(977)) - Retrying connect to server: localhost/127.0.0.1:14625. Already tried 4 time(s); retry policy is RetryUpToMaximumCountWithFixedSleep(maxRetries=15, sleepTime=1000 MILLISECONDS)
2021-09-17 14:21:44,993 [EndpointStateMachine task thread for /127.0.0.1:14615 - 0 ] INFO  ipc.Client (Client.java:handleConnectionFailure(977)) - Retrying connect to server: localhost/127.0.0.1:14615. Already tried 4 time(s); retry policy is RetryUpToMaximumCountWithFixedSleep(maxRetries=15, sleepTime=1000 MILLISECONDS)
2021-09-17 14:21:45,212 [11f3a05e-de29-47e4-b752-c1c53d1088e4@group-D0B93889FBFC-LeaderStateImpl] WARN  server.RaftServer$Division (LeaderStateImpl.java:checkLeadership(944)) - 11f3a05e-de29-47e4-b752-c1c53d1088e4@group-D0B93889FBFC-LeaderStateImpl: Lost leadership on term: 2. Election timeout: 5200ms. In charge for: 15678ms. Conf: 0: [6808a34f-0e94-4674-bd8e-337a9d1c35af|rpc:127.0.0.1:41481|dataStream:|priority:0, 11f3a05e-de29-47e4-b752-c1c53d1088e4|rpc:127.0.0.1:41235|dataStream:|priority:1, 8721df37-0cb6-4aed-9ac1-08c1f74757c7|rpc:127.0.0.1:39603|dataStream:|priority:0], old=null
2021-09-17 14:21:45,212 [11f3a05e-de29-47e4-b752-c1c53d1088e4@group-D0B93889FBFC-LeaderStateImpl] WARN  server.RaftServer$Division (LeaderStateImpl.java:lambda$checkLeadership$15(948)) - Follower 11f3a05e-de29-47e4-b752-c1c53d1088e4@group-D0B93889FBFC->6808a34f-0e94-4674-bd8e-337a9d1c35af(c0,m0,n1, attendVote=true, lastRpcSendTime=481, lastRpcResponseTime=8020)
2021-09-17 14:21:45,212 [11f3a05e-de29-47e4-b752-c1c53d1088e4@group-D0B93889FBFC-LeaderStateImpl] WARN  server.RaftServer$Division (LeaderStateImpl.java:lambda$checkLeadership$15(948)) - Follower 11f3a05e-de29-47e4-b752-c1c53d1088e4@group-D0B93889FBFC->8721df37-0cb6-4aed-9ac1-08c1f74757c7(c0,m0,n1, attendVote=true, lastRpcSendTime=480, lastRpcResponseTime=8021)
2021-09-17 14:21:45,212 [11f3a05e-de29-47e4-b752-c1c53d1088e4@group-D0B93889FBFC-LeaderStateImpl] INFO  server.RaftServer$Division (RaftServerImpl.java:setRole(285)) - 11f3a05e-de29-47e4-b752-c1c53d1088e4@group-D0B93889FBFC: changes role from    LEADER to FOLLOWER at term 2 for StepDownReason:LOST_MAJORITY_HEARTBEATS
2021-09-17 14:21:45,212 [11f3a05e-de29-47e4-b752-c1c53d1088e4@group-D0B93889FBFC-LeaderStateImpl] INFO  impl.RoleInfo (RoleInfo.java:shutdownLeaderState(91)) - 11f3a05e-de29-47e4-b752-c1c53d1088e4: shutdown 11f3a05e-de29-47e4-b752-c1c53d1088e4@group-D0B93889FBFC-LeaderStateImpl
2021-09-17 14:21:45,212 [11f3a05e-de29-47e4-b752-c1c53d1088e4@group-D0B93889FBFC-LeaderStateImpl] INFO  impl.PendingRequests (PendingRequests.java:sendNotLeaderResponses(282)) - 11f3a05e-de29-47e4-b752-c1c53d1088e4@group-D0B93889FBFC-PendingRequests: sendNotLeaderResponses
2021-09-17 14:21:45,213 [11f3a05e-de29-47e4-b752-c1c53d1088e4@group-D0B93889FBFC-LeaderStateImpl] INFO  impl.RoleInfo (RoleInfo.java:updateAndGet(130)) - 11f3a05e-de29-47e4-b752-c1c53d1088e4: start 11f3a05e-de29-47e4-b752-c1c53d1088e4@group-D0B93889FBFC-FollowerState
2021-09-17 14:21:45,442 [EndpointStateMachine task thread for /127.0.0.1:13641 - 0 ] INFO  ipc.Client (Client.java:handleConnectionFailure(977)) - Retrying connect to server: localhost/127.0.0.1:13641. Already tried 14 time(s); retry policy is RetryUpToMaximumCountWithFixedSleep(maxRetries=15, sleepTime=1000 MILLISECONDS)
2021-09-17 14:21:45,443 [EndpointStateMachine task thread for /127.0.0.1:13641 - 0 ] WARN  statemachine.EndpointStateMachine (EndpointStateMachine.java:logIfNeeded(236)) - Unable to communicate to SCM server at localhost:13641 for past 0 seconds.
java.net.ConnectException: Call From fv-az116-264/10.1.0.54 to localhost:13641 failed on connection exception: java.net.ConnectException: Connection refused; For more details see:  http://wiki.apache.org/hadoop/ConnectionRefused
	at sun.reflect.GeneratedConstructorAccessor44.newInstance(Unknown Source)
	at sun.reflect.DelegatingConstructorAccessorImpl.newInstance(DelegatingConstructorAccessorImpl.java:45)
	at java.lang.reflect.Constructor.newInstance(Constructor.java:423)
	at org.apache.hadoop.net.NetUtils.wrapWithMessage(NetUtils.java:913)
	at org.apache.hadoop.net.NetUtils.wrapException(NetUtils.java:828)
	at org.apache.hadoop.ipc.Client.getRpcResponse(Client.java:1577)
	at org.apache.hadoop.ipc.Client.call(Client.java:1519)
	at org.apache.hadoop.ipc.Client.call(Client.java:1416)
	at org.apache.hadoop.ipc.ProtobufRpcEngine$Invoker.invoke(ProtobufRpcEngine.java:236)
	at org.apache.hadoop.ipc.ProtobufRpcEngine$Invoker.invoke(ProtobufRpcEngine.java:123)
	at com.sun.proxy.$Proxy48.submitRequest(Unknown Source)
	at org.apache.hadoop.ozone.protocolPB.StorageContainerDatanodeProtocolClientSideTranslatorPB.submitRequest(StorageContainerDatanodeProtocolClientSideTranslatorPB.java:117)
	at org.apache.hadoop.ozone.protocolPB.StorageContainerDatanodeProtocolClientSideTranslatorPB.sendHeartbeat(StorageContainerDatanodeProtocolClientSideTranslatorPB.java:149)
	at org.apache.hadoop.ozone.container.common.states.endpoint.HeartbeatEndpointTask.call(HeartbeatEndpointTask.java:179)
	at org.apache.hadoop.ozone.container.common.states.endpoint.HeartbeatEndpointTask.call(HeartbeatEndpointTask.java:82)
	at java.util.concurrent.FutureTask.run(FutureTask.java:266)
	at java.util.concurrent.ThreadPoolExecutor.runWorker(ThreadPoolExecutor.java:1149)
	at java.util.concurrent.ThreadPoolExecutor$Worker.run(ThreadPoolExecutor.java:624)
	at java.lang.Thread.run(Thread.java:748)
Caused by: java.net.ConnectException: Connection refused
	at sun.nio.ch.SocketChannelImpl.checkConnect(Native Method)
	at sun.nio.ch.SocketChannelImpl.finishConnect(SocketChannelImpl.java:716)
	at org.apache.hadoop.net.SocketIOWithTimeout.connect(SocketIOWithTimeout.java:206)
	at org.apache.hadoop.net.NetUtils.connect(NetUtils.java:586)
	at org.apache.hadoop.ipc.Client$Connection.setupConnection(Client.java:701)
	at org.apache.hadoop.ipc.Client$Connection.setupIOstreams(Client.java:822)
	at org.apache.hadoop.ipc.Client$Connection.access$3800(Client.java:414)
	at org.apache.hadoop.ipc.Client.getConnection(Client.java:1647)
	at org.apache.hadoop.ipc.Client.call(Client.java:1463)
	... 12 more
2021-09-17 14:21:45,480 [EndpointStateMachine task thread for /127.0.0.1:13651 - 0 ] INFO  ipc.Client (Client.java:handleConnectionFailure(977)) - Retrying connect to server: localhost/127.0.0.1:13651. Already tried 14 time(s); retry policy is RetryUpToMaximumCountWithFixedSleep(maxRetries=15, sleepTime=1000 MILLISECONDS)
2021-09-17 14:21:45,481 [EndpointStateMachine task thread for /127.0.0.1:13651 - 0 ] WARN  statemachine.EndpointStateMachine (EndpointStateMachine.java:logIfNeeded(236)) - Unable to communicate to SCM server at localhost:13651 for past 0 seconds.
java.net.ConnectException: Call From fv-az116-264/10.1.0.54 to localhost:13651 failed on connection exception: java.net.ConnectException: Connection refused; For more details see:  http://wiki.apache.org/hadoop/ConnectionRefused
	at sun.reflect.GeneratedConstructorAccessor44.newInstance(Unknown Source)
	at sun.reflect.DelegatingConstructorAccessorImpl.newInstance(DelegatingConstructorAccessorImpl.java:45)
	at java.lang.reflect.Constructor.newInstance(Constructor.java:423)
	at org.apache.hadoop.net.NetUtils.wrapWithMessage(NetUtils.java:913)
	at org.apache.hadoop.net.NetUtils.wrapException(NetUtils.java:828)
	at org.apache.hadoop.ipc.Client.getRpcResponse(Client.java:1577)
	at org.apache.hadoop.ipc.Client.call(Client.java:1519)
	at org.apache.hadoop.ipc.Client.call(Client.java:1416)
	at org.apache.hadoop.ipc.ProtobufRpcEngine$Invoker.invoke(ProtobufRpcEngine.java:236)
	at org.apache.hadoop.ipc.ProtobufRpcEngine$Invoker.invoke(ProtobufRpcEngine.java:123)
	at com.sun.proxy.$Proxy48.submitRequest(Unknown Source)
	at org.apache.hadoop.ozone.protocolPB.StorageContainerDatanodeProtocolClientSideTranslatorPB.submitRequest(StorageContainerDatanodeProtocolClientSideTranslatorPB.java:117)
	at org.apache.hadoop.ozone.protocolPB.StorageContainerDatanodeProtocolClientSideTranslatorPB.sendHeartbeat(StorageContainerDatanodeProtocolClientSideTranslatorPB.java:149)
	at org.apache.hadoop.ozone.container.common.states.endpoint.HeartbeatEndpointTask.call(HeartbeatEndpointTask.java:179)
	at org.apache.hadoop.ozone.container.common.states.endpoint.HeartbeatEndpointTask.call(HeartbeatEndpointTask.java:82)
	at java.util.concurrent.FutureTask.run(FutureTask.java:266)
	at java.util.concurrent.ThreadPoolExecutor.runWorker(ThreadPoolExecutor.java:1149)
	at java.util.concurrent.ThreadPoolExecutor$Worker.run(ThreadPoolExecutor.java:624)
	at java.lang.Thread.run(Thread.java:748)
Caused by: java.net.ConnectException: Connection refused
	at sun.nio.ch.SocketChannelImpl.checkConnect(Native Method)
	at sun.nio.ch.SocketChannelImpl.finishConnect(SocketChannelImpl.java:716)
	at org.apache.hadoop.net.SocketIOWithTimeout.connect(SocketIOWithTimeout.java:206)
	at org.apache.hadoop.net.NetUtils.connect(NetUtils.java:586)
	at org.apache.hadoop.ipc.Client$Connection.setupConnection(Client.java:701)
	at org.apache.hadoop.ipc.Client$Connection.setupIOstreams(Client.java:822)
	at org.apache.hadoop.ipc.Client$Connection.access$3800(Client.java:414)
	at org.apache.hadoop.ipc.Client.getConnection(Client.java:1647)
	at org.apache.hadoop.ipc.Client.call(Client.java:1463)
	... 12 more
2021-09-17 14:21:45,571 [ForkJoinPool.commonPool-worker-0] INFO  ozoneimpl.OzoneContainer (OzoneContainer.java:stop(325)) - Attempting to stop container services.
2021-09-17 14:21:45,573 [ForkJoinPool.commonPool-worker-0] INFO  server.RaftServer (RaftServerProxy.java:lambda$close$6(391)) - 11f3a05e-de29-47e4-b752-c1c53d1088e4: close
2021-09-17 14:21:45,573 [ForkJoinPool.commonPool-worker-0] INFO  server.RaftServer$Division (RaftServerImpl.java:lambda$close$4(407)) - 11f3a05e-de29-47e4-b752-c1c53d1088e4@group-D0B93889FBFC: shutdown
2021-09-17 14:21:45,573 [ForkJoinPool.commonPool-worker-0] INFO  util.JmxRegister (JmxRegister.java:unregister(73)) - Successfully un-registered JMX Bean with object name Ratis:service=RaftServer,group=group-D0B93889FBFC,id=11f3a05e-de29-47e4-b752-c1c53d1088e4
2021-09-17 14:21:45,573 [ForkJoinPool.commonPool-worker-0] INFO  impl.RoleInfo (RoleInfo.java:shutdownFollowerState(108)) - 11f3a05e-de29-47e4-b752-c1c53d1088e4: shutdown 11f3a05e-de29-47e4-b752-c1c53d1088e4@group-D0B93889FBFC-FollowerState
2021-09-17 14:21:45,573 [ForkJoinPool.commonPool-worker-0] INFO  impl.StateMachineUpdater (StateMachineUpdater.java:stopAndJoin(149)) - 11f3a05e-de29-47e4-b752-c1c53d1088e4@group-D0B93889FBFC-StateMachineUpdater: set stopIndex = 0
2021-09-17 14:21:45,573 [11f3a05e-de29-47e4-b752-c1c53d1088e4@group-D0B93889FBFC-FollowerState] INFO  impl.FollowerState (FollowerState.java:run(143)) - 11f3a05e-de29-47e4-b752-c1c53d1088e4@group-D0B93889FBFC-FollowerState was interrupted: {}
java.lang.InterruptedException: sleep interrupted
	at java.lang.Thread.sleep(Native Method)
	at java.lang.Thread.sleep(Thread.java:340)
	at java.util.concurrent.TimeUnit.sleep(TimeUnit.java:386)
	at org.apache.ratis.util.TimeDuration.sleep(TimeDuration.java:324)
	at org.apache.ratis.util.TimeDuration.sleep(TimeDuration.java:309)
	at org.apache.ratis.server.impl.FollowerState.run(FollowerState.java:118)
2021-09-17 14:21:45,574 [11f3a05e-de29-47e4-b752-c1c53d1088e4@group-D0B93889FBFC-StateMachineUpdater] INFO  ratis.ContainerStateMachine (ContainerStateMachine.java:takeSnapshot(292)) - group-D0B93889FBFC: Taking a snapshot at:(t:2, i:0) file /home/runner/work/ozone/ozone/hadoop-ozone/integration-test/target/test-dir/MiniOzoneClusterImpl-3d3fab62-48bb-41e0-9886-50eb3b9e447a/datanode-2/data/ratis/2122119d-9f41-4192-8973-d0b93889fbfc/sm/snapshot.2_0
2021-09-17 14:21:45,575 [EndpointStateMachine task thread for /127.0.0.1:13661 - 0 ] INFO  ipc.Client (Client.java:handleConnectionFailure(977)) - Retrying connect to server: localhost/127.0.0.1:13661. Already tried 12 time(s); retry policy is RetryUpToMaximumCountWithFixedSleep(maxRetries=15, sleepTime=1000 MILLISECONDS)
2021-09-17 14:21:45,580 [11f3a05e-de29-47e4-b752-c1c53d1088e4@group-D0B93889FBFC-StateMachineUpdater] INFO  ratis.ContainerStateMachine (ContainerStateMachine.java:takeSnapshot(303)) - group-D0B93889FBFC: Finished taking a snapshot at:(t:2, i:0) file:/home/runner/work/ozone/ozone/hadoop-ozone/integration-test/target/test-dir/MiniOzoneClusterImpl-3d3fab62-48bb-41e0-9886-50eb3b9e447a/datanode-2/data/ratis/2122119d-9f41-4192-8973-d0b93889fbfc/sm/snapshot.2_0 took: 6 ms
2021-09-17 14:21:45,580 [11f3a05e-de29-47e4-b752-c1c53d1088e4@group-D0B93889FBFC-StateMachineUpdater] INFO  impl.StateMachineUpdater (StateMachineUpdater.java:takeSnapshot(281)) - 11f3a05e-de29-47e4-b752-c1c53d1088e4@group-D0B93889FBFC-StateMachineUpdater: Took a snapshot at index 0
2021-09-17 14:21:45,580 [11f3a05e-de29-47e4-b752-c1c53d1088e4@group-D0B93889FBFC-StateMachineUpdater] INFO  impl.StateMachineUpdater (StateMachineUpdater.java:lambda$new$0(89)) - 11f3a05e-de29-47e4-b752-c1c53d1088e4@group-D0B93889FBFC-StateMachineUpdater: snapshotIndex: updateIncreasingly -1 -> 0
2021-09-17 14:21:45,580 [ForkJoinPool.commonPool-worker-0] INFO  server.RaftServer$Division (ServerState.java:close(419)) - 11f3a05e-de29-47e4-b752-c1c53d1088e4@group-D0B93889FBFC: closes. applyIndex: 0
2021-09-17 14:21:45,581 [11f3a05e-de29-47e4-b752-c1c53d1088e4@group-D0B93889FBFC-SegmentedRaftLogWorker] INFO  segmented.SegmentedRaftLogWorker (SegmentedRaftLogWorker.java:run(327)) - 11f3a05e-de29-47e4-b752-c1c53d1088e4@group-D0B93889FBFC-SegmentedRaftLogWorker was interrupted, exiting. There are 0 tasks remaining in the queue.
2021-09-17 14:21:45,581 [ForkJoinPool.commonPool-worker-0] INFO  segmented.SegmentedRaftLogWorker (SegmentedRaftLogWorker.java:close(237)) - 11f3a05e-de29-47e4-b752-c1c53d1088e4@group-D0B93889FBFC-SegmentedRaftLogWorker close()
2021-09-17 14:21:45,581 [ForkJoinPool.commonPool-worker-0] INFO  server.RaftServer$Division (RaftServerImpl.java:lambda$close$4(407)) - 11f3a05e-de29-47e4-b752-c1c53d1088e4@group-162E583A0177: shutdown
2021-09-17 14:21:45,581 [ForkJoinPool.commonPool-worker-0] INFO  util.JmxRegister (JmxRegister.java:unregister(73)) - Successfully un-registered JMX Bean with object name Ratis:service=RaftServer,group=group-162E583A0177,id=11f3a05e-de29-47e4-b752-c1c53d1088e4
2021-09-17 14:21:45,581 [ForkJoinPool.commonPool-worker-0] INFO  impl.RoleInfo (RoleInfo.java:shutdownLeaderState(91)) - 11f3a05e-de29-47e4-b752-c1c53d1088e4: shutdown 11f3a05e-de29-47e4-b752-c1c53d1088e4@group-162E583A0177-LeaderStateImpl
2021-09-17 14:21:45,581 [ForkJoinPool.commonPool-worker-0] INFO  impl.PendingRequests (PendingRequests.java:sendNotLeaderResponses(282)) - 11f3a05e-de29-47e4-b752-c1c53d1088e4@group-162E583A0177-PendingRequests: sendNotLeaderResponses
2021-09-17 14:21:45,582 [ForkJoinPool.commonPool-worker-0] INFO  impl.StateMachineUpdater (StateMachineUpdater.java:stopAndJoin(149)) - 11f3a05e-de29-47e4-b752-c1c53d1088e4@group-162E583A0177-StateMachineUpdater: set stopIndex = 0
2021-09-17 14:21:45,582 [11f3a05e-de29-47e4-b752-c1c53d1088e4@group-162E583A0177-StateMachineUpdater] INFO  ratis.ContainerStateMachine (ContainerStateMachine.java:takeSnapshot(292)) - group-162E583A0177: Taking a snapshot at:(t:1, i:0) file /home/runner/work/ozone/ozone/hadoop-ozone/integration-test/target/test-dir/MiniOzoneClusterImpl-3d3fab62-48bb-41e0-9886-50eb3b9e447a/datanode-2/data/ratis/d9497c8e-5e84-4d19-a56a-162e583a0177/sm/snapshot.1_0
2021-09-17 14:21:45,583 [11f3a05e-de29-47e4-b752-c1c53d1088e4@group-162E583A0177-StateMachineUpdater] INFO  ratis.ContainerStateMachine (ContainerStateMachine.java:takeSnapshot(303)) - group-162E583A0177: Finished taking a snapshot at:(t:1, i:0) file:/home/runner/work/ozone/ozone/hadoop-ozone/integration-test/target/test-dir/MiniOzoneClusterImpl-3d3fab62-48bb-41e0-9886-50eb3b9e447a/datanode-2/data/ratis/d9497c8e-5e84-4d19-a56a-162e583a0177/sm/snapshot.1_0 took: 0 ms
2021-09-17 14:21:45,583 [11f3a05e-de29-47e4-b752-c1c53d1088e4@group-162E583A0177-StateMachineUpdater] INFO  impl.StateMachineUpdater (StateMachineUpdater.java:takeSnapshot(281)) - 11f3a05e-de29-47e4-b752-c1c53d1088e4@group-162E583A0177-StateMachineUpdater: Took a snapshot at index 0
2021-09-17 14:21:45,583 [11f3a05e-de29-47e4-b752-c1c53d1088e4@group-162E583A0177-StateMachineUpdater] INFO  impl.StateMachineUpdater (StateMachineUpdater.java:lambda$new$0(89)) - 11f3a05e-de29-47e4-b752-c1c53d1088e4@group-162E583A0177-StateMachineUpdater: snapshotIndex: updateIncreasingly -1 -> 0
2021-09-17 14:21:45,590 [ForkJoinPool.commonPool-worker-0] INFO  server.RaftServer$Division (ServerState.java:close(419)) - 11f3a05e-de29-47e4-b752-c1c53d1088e4@group-162E583A0177: closes. applyIndex: 0
2021-09-17 14:21:45,590 [11f3a05e-de29-47e4-b752-c1c53d1088e4@group-162E583A0177-SegmentedRaftLogWorker] INFO  segmented.SegmentedRaftLogWorker (SegmentedRaftLogWorker.java:run(327)) - 11f3a05e-de29-47e4-b752-c1c53d1088e4@group-162E583A0177-SegmentedRaftLogWorker was interrupted, exiting. There are 0 tasks remaining in the queue.
2021-09-17 14:21:45,590 [ForkJoinPool.commonPool-worker-0] INFO  segmented.SegmentedRaftLogWorker (SegmentedRaftLogWorker.java:close(237)) - 11f3a05e-de29-47e4-b752-c1c53d1088e4@group-162E583A0177-SegmentedRaftLogWorker close()
2021-09-17 14:21:45,590 [ForkJoinPool.commonPool-worker-0] INFO  server.RaftServer$Division (RaftServerImpl.java:lambda$close$4(407)) - 11f3a05e-de29-47e4-b752-c1c53d1088e4@group-CC9A49073812: shutdown
2021-09-17 14:21:45,590 [ForkJoinPool.commonPool-worker-0] INFO  util.JmxRegister (JmxRegister.java:unregister(73)) - Successfully un-registered JMX Bean with object name Ratis:service=RaftServer,group=group-CC9A49073812,id=11f3a05e-de29-47e4-b752-c1c53d1088e4
2021-09-17 14:21:45,591 [ForkJoinPool.commonPool-worker-0] INFO  impl.RoleInfo (RoleInfo.java:shutdownFollowerState(108)) - 11f3a05e-de29-47e4-b752-c1c53d1088e4: shutdown 11f3a05e-de29-47e4-b752-c1c53d1088e4@group-CC9A49073812-FollowerState
2021-09-17 14:21:45,591 [11f3a05e-de29-47e4-b752-c1c53d1088e4@group-CC9A49073812-FollowerState] INFO  impl.FollowerState (FollowerState.java:run(143)) - 11f3a05e-de29-47e4-b752-c1c53d1088e4@group-CC9A49073812-FollowerState was interrupted: {}
java.lang.InterruptedException: sleep interrupted
	at java.lang.Thread.sleep(Native Method)
	at java.lang.Thread.sleep(Thread.java:340)
	at java.util.concurrent.TimeUnit.sleep(TimeUnit.java:386)
	at org.apache.ratis.util.TimeDuration.sleep(TimeDuration.java:324)
	at org.apache.ratis.util.TimeDuration.sleep(TimeDuration.java:309)
	at org.apache.ratis.server.impl.FollowerState.run(FollowerState.java:118)
2021-09-17 14:21:45,604 [ForkJoinPool.commonPool-worker-0] INFO  impl.StateMachineUpdater (StateMachineUpdater.java:stopAndJoin(149)) - 11f3a05e-de29-47e4-b752-c1c53d1088e4@group-CC9A49073812-StateMachineUpdater: set stopIndex = 0
2021-09-17 14:21:45,604 [11f3a05e-de29-47e4-b752-c1c53d1088e4@group-CC9A49073812-StateMachineUpdater] INFO  ratis.ContainerStateMachine (ContainerStateMachine.java:takeSnapshot(292)) - group-CC9A49073812: Taking a snapshot at:(t:1, i:0) file /home/runner/work/ozone/ozone/hadoop-ozone/integration-test/target/test-dir/MiniOzoneClusterImpl-3d3fab62-48bb-41e0-9886-50eb3b9e447a/datanode-2/data/ratis/6a965249-5bad-4878-9cfc-cc9a49073812/sm/snapshot.1_0
2021-09-17 14:21:45,605 [11f3a05e-de29-47e4-b752-c1c53d1088e4@group-CC9A49073812-StateMachineUpdater] INFO  ratis.ContainerStateMachine (ContainerStateMachine.java:takeSnapshot(303)) - group-CC9A49073812: Finished taking a snapshot at:(t:1, i:0) file:/home/runner/work/ozone/ozone/hadoop-ozone/integration-test/target/test-dir/MiniOzoneClusterImpl-3d3fab62-48bb-41e0-9886-50eb3b9e447a/datanode-2/data/ratis/6a965249-5bad-4878-9cfc-cc9a49073812/sm/snapshot.1_0 took: 0 ms
2021-09-17 14:21:45,605 [11f3a05e-de29-47e4-b752-c1c53d1088e4@group-CC9A49073812-StateMachineUpdater] INFO  impl.StateMachineUpdater (StateMachineUpdater.java:takeSnapshot(281)) - 11f3a05e-de29-47e4-b752-c1c53d1088e4@group-CC9A49073812-StateMachineUpdater: Took a snapshot at index 0
2021-09-17 14:21:45,605 [11f3a05e-de29-47e4-b752-c1c53d1088e4@group-CC9A49073812-StateMachineUpdater] INFO  impl.StateMachineUpdater (StateMachineUpdater.java:lambda$new$0(89)) - 11f3a05e-de29-47e4-b752-c1c53d1088e4@group-CC9A49073812-StateMachineUpdater: snapshotIndex: updateIncreasingly -1 -> 0
2021-09-17 14:21:45,605 [ForkJoinPool.commonPool-worker-0] INFO  server.RaftServer$Division (ServerState.java:close(419)) - 11f3a05e-de29-47e4-b752-c1c53d1088e4@group-CC9A49073812: closes. applyIndex: 0
2021-09-17 14:21:45,605 [11f3a05e-de29-47e4-b752-c1c53d1088e4@group-CC9A49073812-SegmentedRaftLogWorker] INFO  segmented.SegmentedRaftLogWorker (SegmentedRaftLogWorker.java:run(327)) - 11f3a05e-de29-47e4-b752-c1c53d1088e4@group-CC9A49073812-SegmentedRaftLogWorker was interrupted, exiting. There are 0 tasks remaining in the queue.
2021-09-17 14:21:45,606 [ForkJoinPool.commonPool-worker-0] INFO  segmented.SegmentedRaftLogWorker (SegmentedRaftLogWorker.java:close(237)) - 11f3a05e-de29-47e4-b752-c1c53d1088e4@group-CC9A49073812-SegmentedRaftLogWorker close()
2021-09-17 14:21:45,606 [ForkJoinPool.commonPool-worker-0] INFO  server.GrpcService (GrpcService.java:closeImpl(262)) - 11f3a05e-de29-47e4-b752-c1c53d1088e4: shutdown server with port 41235 now
2021-09-17 14:21:45,609 [ForkJoinPool.commonPool-worker-0] INFO  server.GrpcService (GrpcService.java:closeImpl(271)) - 11f3a05e-de29-47e4-b752-c1c53d1088e4: shutdown server with port 41235 successfully
2021-09-17 14:21:45,609 [org.apache.ratis.util.JvmPauseMonitor$$Lambda$499/723602324@7b99af37] INFO  util.JvmPauseMonitor (JvmPauseMonitor.java:run(109)) - JvmPauseMonitor-11f3a05e-de29-47e4-b752-c1c53d1088e4: Stopped
2021-09-17 14:21:45,611 [ForkJoinPool.commonPool-worker-0] INFO  utils.BackgroundService (BackgroundService.java:shutdown(132)) - Shutting down service BlockDeletingService
2021-09-17 14:21:45,628 [EndpointStateMachine task thread for /127.0.0.1:14605 - 0 ] INFO  ipc.Client (Client.java:handleConnectionFailure(977)) - Retrying connect to server: localhost/127.0.0.1:14605. Already tried 6 time(s); retry policy is RetryUpToMaximumCountWithFixedSleep(maxRetries=15, sleepTime=1000 MILLISECONDS)
2021-09-17 14:21:45,993 [EndpointStateMachine task thread for /127.0.0.1:14625 - 0 ] INFO  ipc.Client (Client.java:handleConnectionFailure(977)) - Retrying connect to server: localhost/127.0.0.1:14625. Already tried 5 time(s); retry policy is RetryUpToMaximumCountWithFixedSleep(maxRetries=15, sleepTime=1000 MILLISECONDS)
2021-09-17 14:21:45,994 [EndpointStateMachine task thread for /127.0.0.1:14615 - 0 ] INFO  ipc.Client (Client.java:handleConnectionFailure(977)) - Retrying connect to server: localhost/127.0.0.1:14615. Already tried 5 time(s); retry policy is RetryUpToMaximumCountWithFixedSleep(maxRetries=15, sleepTime=1000 MILLISECONDS)
2021-09-17 14:21:46,451 [EndpointStateMachine task thread for /127.0.0.1:13641 - 0 ] INFO  ipc.Client (Client.java:handleConnectionFailure(977)) - Retrying connect to server: localhost/127.0.0.1:13641. Already tried 0 time(s); retry policy is RetryUpToMaximumCountWithFixedSleep(maxRetries=15, sleepTime=1000 MILLISECONDS)
2021-09-17 14:21:46,486 [EndpointStateMachine task thread for /127.0.0.1:13651 - 0 ] INFO  ipc.Client (Client.java:handleConnectionFailure(977)) - Retrying connect to server: localhost/127.0.0.1:13651. Already tried 0 time(s); retry policy is RetryUpToMaximumCountWithFixedSleep(maxRetries=15, sleepTime=1000 MILLISECONDS)
2021-09-17 14:21:46,576 [EndpointStateMachine task thread for /127.0.0.1:13661 - 0 ] INFO  ipc.Client (Client.java:handleConnectionFailure(977)) - Retrying connect to server: localhost/127.0.0.1:13661. Already tried 13 time(s); retry policy is RetryUpToMaximumCountWithFixedSleep(maxRetries=15, sleepTime=1000 MILLISECONDS)
2021-09-17 14:21:46,628 [EndpointStateMachine task thread for /127.0.0.1:14605 - 0 ] INFO  ipc.Client (Client.java:handleConnectionFailure(977)) - Retrying connect to server: localhost/127.0.0.1:14605. Already tried 7 time(s); retry policy is RetryUpToMaximumCountWithFixedSleep(maxRetries=15, sleepTime=1000 MILLISECONDS)
2021-09-17 14:21:46,994 [EndpointStateMachine task thread for /127.0.0.1:14625 - 0 ] INFO  ipc.Client (Client.java:handleConnectionFailure(977)) - Retrying connect to server: localhost/127.0.0.1:14625. Already tried 6 time(s); retry policy is RetryUpToMaximumCountWithFixedSleep(maxRetries=15, sleepTime=1000 MILLISECONDS)
2021-09-17 14:21:46,994 [EndpointStateMachine task thread for /127.0.0.1:14615 - 0 ] INFO  ipc.Client (Client.java:handleConnectionFailure(977)) - Retrying connect to server: localhost/127.0.0.1:14615. Already tried 6 time(s); retry policy is RetryUpToMaximumCountWithFixedSleep(maxRetries=15, sleepTime=1000 MILLISECONDS)
2021-09-17 14:21:47,452 [EndpointStateMachine task thread for /127.0.0.1:13641 - 0 ] INFO  ipc.Client (Client.java:handleConnectionFailure(977)) - Retrying connect to server: localhost/127.0.0.1:13641. Already tried 1 time(s); retry policy is RetryUpToMaximumCountWithFixedSleep(maxRetries=15, sleepTime=1000 MILLISECONDS)
2021-09-17 14:21:47,486 [EndpointStateMachine task thread for /127.0.0.1:13651 - 0 ] INFO  ipc.Client (Client.java:handleConnectionFailure(977)) - Retrying connect to server: localhost/127.0.0.1:13651. Already tried 1 time(s); retry policy is RetryUpToMaximumCountWithFixedSleep(maxRetries=15, sleepTime=1000 MILLISECONDS)
2021-09-17 14:21:47,576 [EndpointStateMachine task thread for /127.0.0.1:13661 - 0 ] INFO  ipc.Client (Client.java:handleConnectionFailure(977)) - Retrying connect to server: localhost/127.0.0.1:13661. Already tried 14 time(s); retry policy is RetryUpToMaximumCountWithFixedSleep(maxRetries=15, sleepTime=1000 MILLISECONDS)
2021-09-17 14:21:47,577 [EndpointStateMachine task thread for /127.0.0.1:13661 - 0 ] WARN  statemachine.EndpointStateMachine (EndpointStateMachine.java:logIfNeeded(236)) - Unable to communicate to SCM server at localhost:13661 for past 0 seconds.
java.net.ConnectException: Call From fv-az116-264/10.1.0.54 to localhost:13661 failed on connection exception: java.net.ConnectException: Connection refused; For more details see:  http://wiki.apache.org/hadoop/ConnectionRefused
	at sun.reflect.GeneratedConstructorAccessor44.newInstance(Unknown Source)
	at sun.reflect.DelegatingConstructorAccessorImpl.newInstance(DelegatingConstructorAccessorImpl.java:45)
	at java.lang.reflect.Constructor.newInstance(Constructor.java:423)
	at org.apache.hadoop.net.NetUtils.wrapWithMessage(NetUtils.java:913)
	at org.apache.hadoop.net.NetUtils.wrapException(NetUtils.java:828)
	at org.apache.hadoop.ipc.Client.getRpcResponse(Client.java:1577)
	at org.apache.hadoop.ipc.Client.call(Client.java:1519)
	at org.apache.hadoop.ipc.Client.call(Client.java:1416)
	at org.apache.hadoop.ipc.ProtobufRpcEngine$Invoker.invoke(ProtobufRpcEngine.java:236)
	at org.apache.hadoop.ipc.ProtobufRpcEngine$Invoker.invoke(ProtobufRpcEngine.java:123)
	at com.sun.proxy.$Proxy48.submitRequest(Unknown Source)
	at org.apache.hadoop.ozone.protocolPB.StorageContainerDatanodeProtocolClientSideTranslatorPB.submitRequest(StorageContainerDatanodeProtocolClientSideTranslatorPB.java:117)
	at org.apache.hadoop.ozone.protocolPB.StorageContainerDatanodeProtocolClientSideTranslatorPB.sendHeartbeat(StorageContainerDatanodeProtocolClientSideTranslatorPB.java:149)
	at org.apache.hadoop.ozone.container.common.states.endpoint.HeartbeatEndpointTask.call(HeartbeatEndpointTask.java:179)
	at org.apache.hadoop.ozone.container.common.states.endpoint.HeartbeatEndpointTask.call(HeartbeatEndpointTask.java:82)
	at java.util.concurrent.FutureTask.run(FutureTask.java:266)
	at java.util.concurrent.ThreadPoolExecutor.runWorker(ThreadPoolExecutor.java:1149)
	at java.util.concurrent.ThreadPoolExecutor$Worker.run(ThreadPoolExecutor.java:624)
	at java.lang.Thread.run(Thread.java:748)
Caused by: java.net.ConnectException: Connection refused
	at sun.nio.ch.SocketChannelImpl.checkConnect(Native Method)
	at sun.nio.ch.SocketChannelImpl.finishConnect(SocketChannelImpl.java:716)
	at org.apache.hadoop.net.SocketIOWithTimeout.connect(SocketIOWithTimeout.java:206)
	at org.apache.hadoop.net.NetUtils.connect(NetUtils.java:586)
	at org.apache.hadoop.ipc.Client$Connection.setupConnection(Client.java:701)
	at org.apache.hadoop.ipc.Client$Connection.setupIOstreams(Client.java:822)
	at org.apache.hadoop.ipc.Client$Connection.access$3800(Client.java:414)
	at org.apache.hadoop.ipc.Client.getConnection(Client.java:1647)
	at org.apache.hadoop.ipc.Client.call(Client.java:1463)
	... 12 more
2021-09-17 14:21:47,629 [EndpointStateMachine task thread for /127.0.0.1:14605 - 0 ] INFO  ipc.Client (Client.java:handleConnectionFailure(977)) - Retrying connect to server: localhost/127.0.0.1:14605. Already tried 8 time(s); retry policy is RetryUpToMaximumCountWithFixedSleep(maxRetries=15, sleepTime=1000 MILLISECONDS)
2021-09-17 14:21:47,994 [EndpointStateMachine task thread for /127.0.0.1:14625 - 0 ] INFO  ipc.Client (Client.java:handleConnectionFailure(977)) - Retrying connect to server: localhost/127.0.0.1:14625. Already tried 7 time(s); retry policy is RetryUpToMaximumCountWithFixedSleep(maxRetries=15, sleepTime=1000 MILLISECONDS)
2021-09-17 14:21:47,995 [EndpointStateMachine task thread for /127.0.0.1:14615 - 0 ] INFO  ipc.Client (Client.java:handleConnectionFailure(977)) - Retrying connect to server: localhost/127.0.0.1:14615. Already tried 7 time(s); retry policy is RetryUpToMaximumCountWithFixedSleep(maxRetries=15, sleepTime=1000 MILLISECONDS)
2021-09-17 14:21:48,452 [EndpointStateMachine task thread for /127.0.0.1:13641 - 0 ] INFO  ipc.Client (Client.java:handleConnectionFailure(977)) - Retrying connect to server: localhost/127.0.0.1:13641. Already tried 2 time(s); retry policy is RetryUpToMaximumCountWithFixedSleep(maxRetries=15, sleepTime=1000 MILLISECONDS)
2021-09-17 14:21:48,487 [EndpointStateMachine task thread for /127.0.0.1:13651 - 0 ] INFO  ipc.Client (Client.java:handleConnectionFailure(977)) - Retrying connect to server: localhost/127.0.0.1:13651. Already tried 2 time(s); retry policy is RetryUpToMaximumCountWithFixedSleep(maxRetries=15, sleepTime=1000 MILLISECONDS)
2021-09-17 14:21:48,578 [EndpointStateMachine task thread for /127.0.0.1:13661 - 0 ] INFO  ipc.Client (Client.java:handleConnectionFailure(977)) - Retrying connect to server: localhost/127.0.0.1:13661. Already tried 0 time(s); retry policy is RetryUpToMaximumCountWithFixedSleep(maxRetries=15, sleepTime=1000 MILLISECONDS)
2021-09-17 14:21:48,612 [ForkJoinPool.commonPool-worker-0] INFO  statemachine.DatanodeStateMachine (DatanodeStateMachine.java:stopDaemon(515)) - Ozone container server stopped.
2021-09-17 14:21:48,614 [ForkJoinPool.commonPool-worker-0] INFO  handler.ContextHandler (ContextHandler.java:doStop(1153)) - Stopped o.e.j.w.WebAppContext@6136bd80{hddsDatanode,/,null,STOPPED}{jar:file:/home/runner/.m2/repository/org/apache/ozone/hdds-container-service/1.2.0-SNAPSHOT/hdds-container-service-1.2.0-SNAPSHOT.jar!/webapps/hddsDatanode}
2021-09-17 14:21:48,619 [ForkJoinPool.commonPool-worker-0] INFO  server.AbstractConnector (AbstractConnector.java:doStop(381)) - Stopped ServerConnector@3b626720{HTTP/1.1, (http/1.1)}{0.0.0.0:0}
2021-09-17 14:21:48,619 [ForkJoinPool.commonPool-worker-0] INFO  server.session (HouseKeeper.java:stopScavenging(149)) - node0 Stopped scavenging
2021-09-17 14:21:48,620 [ForkJoinPool.commonPool-worker-0] INFO  handler.ContextHandler (ContextHandler.java:doStop(1153)) - Stopped o.e.j.s.ServletContextHandler@6f136d41{static,/static,jar:file:/home/runner/.m2/repository/org/apache/ozone/hdds-container-service/1.2.0-SNAPSHOT/hdds-container-service-1.2.0-SNAPSHOT.jar!/webapps/static,STOPPED}
2021-09-17 14:21:48,620 [ForkJoinPool.commonPool-worker-0] INFO  handler.ContextHandler (ContextHandler.java:doStop(1153)) - Stopped o.e.j.s.ServletContextHandler@7baae2db{logs,/logs,file:///home/runner/work/ozone/ozone/hadoop-ozone/integration-test/target/log,STOPPED}
2021-09-17 14:21:48,631 [EndpointStateMachine task thread for /127.0.0.1:14605 - 0 ] INFO  ipc.Client (Client.java:handleConnectionFailure(977)) - Retrying connect to server: localhost/127.0.0.1:14605. Already tried 9 time(s); retry policy is RetryUpToMaximumCountWithFixedSleep(maxRetries=15, sleepTime=1000 MILLISECONDS)
]]></system-out>
  </testcase>
  <testcase name="testInstallCorruptedCheckpointFailure" classname="org.apache.hadoop.ozone.scm.TestSCMInstallSnapshotWithHA" time="53.174"/>
</testsuite>