<?xml version="1.0" encoding="UTF-8"?>
<testsuite xmlns:xsi="http://www.w3.org/2001/XMLSchema-instance" xsi:noNamespaceSchemaLocation="https://maven.apache.org/surefire/maven-surefire-plugin/xsd/surefire-test-report.xsd" name="org.apache.hadoop.ozone.scm.node.TestDecommissionAndMaintenance" time="472.459" tests="11" errors="0" skipped="0" failures="1">
  <properties>
    <property name="awt.toolkit" value="sun.awt.X11.XToolkit"/>
    <property name="file.encoding.pkg" value="sun.io"/>
    <property name="java.specification.version" value="1.8"/>
    <property name="sun.cpu.isalist" value=""/>
    <property name="sun.jnu.encoding" value="ANSI_X3.4-1968"/>
    <property name="java.class.path" value="/github/workspace/mnt/ozone/hadoop-ozone/integration-test/target/test-classes:/github/workspace/mnt/ozone/hadoop-ozone/integration-test/target/classes:/home/user/.m2/repository/org/apache/hadoop/hadoop-ozone-common/1.1.0-SNAPSHOT/hadoop-ozone-common-1.1.0-SNAPSHOT.jar:/home/user/.m2/repository/org/apache/commons/commons-compress/1.4.1/commons-compress-1.4.1.jar:/home/user/.m2/repository/org/tukaani/xz/1.0/xz-1.0.jar:/home/user/.m2/repository/org/apache/hadoop/hadoop-hdds-common/1.1.0-SNAPSHOT/hadoop-hdds-common-1.1.0-SNAPSHOT.jar:/home/user/.m2/repository/org/apache/hadoop/hadoop-hdds-client/1.1.0-SNAPSHOT/hadoop-hdds-client-1.1.0-SNAPSHOT.jar:/home/user/.m2/repository/org/apache/hadoop/hadoop-ozone-interface-client/1.1.0-SNAPSHOT/hadoop-ozone-interface-client-1.1.0-SNAPSHOT.jar:/home/user/.m2/repository/org/apache/hadoop/hadoop-hdds-test-utils/1.1.0-SNAPSHOT/hadoop-hdds-test-utils-1.1.0-SNAPSHOT.jar:/home/user/.m2/repository/com/google/guava/guava/28.2-jre/guava-28.2-jre.jar:/home/user/.m2/repository/com/google/guava/failureaccess/1.0.1/failureaccess-1.0.1.jar:/home/user/.m2/repository/com/google/guava/listenablefuture/9999.0-empty-to-avoid-conflict-with-guava/listenablefuture-9999.0-empty-to-avoid-conflict-with-guava.jar:/home/user/.m2/repository/com/google/code/findbugs/jsr305/3.0.0/jsr305-3.0.0.jar:/home/user/.m2/repository/org/checkerframework/checker-qual/2.10.0/checker-qual-2.10.0.jar:/home/user/.m2/repository/com/google/errorprone/error_prone_annotations/2.2.0/error_prone_annotations-2.2.0.jar:/home/user/.m2/repository/com/google/j2objc/j2objc-annotations/1.3/j2objc-annotations-1.3.jar:/home/user/.m2/repository/commons-io/commons-io/2.5/commons-io-2.5.jar:/home/user/.m2/repository/commons-logging/commons-logging/1.2/commons-logging-1.2.jar:/home/user/.m2/repository/log4j/log4j/1.2.17/log4j-1.2.17.jar:/home/user/.m2/repository/org/slf4j/slf4j-api/1.7.30/slf4j-api-1.7.30.jar:/home/user/.m2/repository/org/apache/hadoop/hadoop-hdds-server-scm/1.1.0-SNAPSHOT/hadoop-hdds-server-scm-1.1.0-SNAPSHOT.jar:/home/user/.m2/repository/org/apache/hadoop/hadoop-hdds-container-service/1.1.0-SNAPSHOT/hadoop-hdds-container-service-1.1.0-SNAPSHOT.jar:/home/user/.m2/repository/org/apache/hadoop/hadoop-hdds-hadoop-dependency-server/1.1.0-SNAPSHOT/hadoop-hdds-hadoop-dependency-server-1.1.0-SNAPSHOT.jar:/home/user/.m2/repository/org/apache/hadoop/hadoop-hdfs/3.2.1/hadoop-hdfs-3.2.1.jar:/home/user/.m2/repository/org/apache/hadoop/hadoop-hdds-server-framework/1.1.0-SNAPSHOT/hadoop-hdds-server-framework-1.1.0-SNAPSHOT.jar:/home/user/.m2/repository/org/apache/hadoop/hadoop-hdds-interface-server/1.1.0-SNAPSHOT/hadoop-hdds-interface-server-1.1.0-SNAPSHOT.jar:/home/user/.m2/repository/org/apache/hadoop/hadoop-hdds-interface-admin/1.1.0-SNAPSHOT/hadoop-hdds-interface-admin-1.1.0-SNAPSHOT.jar:/home/user/.m2/repository/org/eclipse/jetty/jetty-servlet/9.4.34.v20201102/jetty-servlet-9.4.34.v20201102.jar:/home/user/.m2/repository/org/eclipse/jetty/jetty-security/9.4.34.v20201102/jetty-security-9.4.34.v20201102.jar:/home/user/.m2/repository/org/rocksdb/rocksdbjni/6.8.1/rocksdbjni-6.8.1.jar:/home/user/.m2/repository/io/prometheus/simpleclient_dropwizard/0.7.0/simpleclient_dropwizard-0.7.0.jar:/home/user/.m2/repository/io/prometheus/simpleclient/0.7.0/simpleclient-0.7.0.jar:/home/user/.m2/repository/io/prometheus/simpleclient_common/0.7.0/simpleclient_common-0.7.0.jar:/home/user/.m2/repository/com/fasterxml/jackson/datatype/jackson-datatype-jsr310/2.10.3/jackson-datatype-jsr310-2.10.3.jar:/home/user/.m2/repository/io/dropwizard/metrics/metrics-core/3.2.4/metrics-core-3.2.4.jar:/home/user/.m2/repository/org/apache/hadoop/hadoop-hdfs-client/3.2.1/hadoop-hdfs-client-3.2.1.jar:/home/user/.m2/repository/org/bouncycastle/bcprov-jdk15on/1.67/bcprov-jdk15on-1.67.jar:/home/user/.m2/repository/org/apache/hadoop/hadoop-ozone-ozone-manager/1.1.0-SNAPSHOT/hadoop-ozone-ozone-manager-1.1.0-SNAPSHOT.jar:/home/user/.m2/repository/org/apache/hadoop/hadoop-hdds-interface-client/1.1.0-SNAPSHOT/hadoop-hdds-interface-client-1.1.0-SNAPSHOT.jar:/home/user/.m2/repository/org/apache/ratis/ratis-thirdparty-misc/0.6.0-SNAPSHOT/ratis-thirdparty-misc-0.6.0-SNAPSHOT.jar:/home/user/.m2/repository/org/apache/hadoop/hadoop-ozone-interface-storage/1.1.0-SNAPSHOT/hadoop-ozone-interface-storage-1.1.0-SNAPSHOT.jar:/home/user/.m2/repository/org/apache/hadoop/hadoop-minikdc/3.2.1/hadoop-minikdc-3.2.1.jar:/home/user/.m2/repository/org/apache/kerby/kerb-simplekdc/1.0.1/kerb-simplekdc-1.0.1.jar:/home/user/.m2/repository/org/apache/kerby/kerb-client/1.0.1/kerb-client-1.0.1.jar:/home/user/.m2/repository/org/apache/kerby/kerby-config/1.0.1/kerby-config-1.0.1.jar:/home/user/.m2/repository/org/apache/kerby/kerb-core/1.0.1/kerb-core-1.0.1.jar:/home/user/.m2/repository/org/apache/kerby/kerby-pkix/1.0.1/kerby-pkix-1.0.1.jar:/home/user/.m2/repository/org/apache/kerby/kerby-asn1/1.0.1/kerby-asn1-1.0.1.jar:/home/user/.m2/repository/org/apache/kerby/kerby-util/1.0.1/kerby-util-1.0.1.jar:/home/user/.m2/repository/org/apache/kerby/kerb-common/1.0.1/kerb-common-1.0.1.jar:/home/user/.m2/repository/org/apache/kerby/kerb-crypto/1.0.1/kerb-crypto-1.0.1.jar:/home/user/.m2/repository/org/apache/kerby/kerb-util/1.0.1/kerb-util-1.0.1.jar:/home/user/.m2/repository/org/apache/kerby/token-provider/1.0.1/token-provider-1.0.1.jar:/home/user/.m2/repository/org/apache/kerby/kerb-admin/1.0.1/kerb-admin-1.0.1.jar:/home/user/.m2/repository/org/apache/kerby/kerb-server/1.0.1/kerb-server-1.0.1.jar:/home/user/.m2/repository/org/apache/kerby/kerb-identity/1.0.1/kerb-identity-1.0.1.jar:/home/user/.m2/repository/org/apache/kerby/kerby-xdr/1.0.1/kerby-xdr-1.0.1.jar:/home/user/.m2/repository/org/slf4j/slf4j-log4j12/1.7.30/slf4j-log4j12-1.7.30.jar:/home/user/.m2/repository/org/apache/hadoop/hadoop-ozone-s3gateway/1.1.0-SNAPSHOT/hadoop-ozone-s3gateway-1.1.0-SNAPSHOT.jar:/home/user/.m2/repository/org/jboss/weld/servlet/weld-servlet/2.4.7.Final/weld-servlet-2.4.7.Final.jar:/home/user/.m2/repository/org/glassfish/jersey/containers/jersey-container-servlet-core/2.27/jersey-container-servlet-core-2.27.jar:/home/user/.m2/repository/org/glassfish/hk2/external/javax.inject/2.5.0-b42/javax.inject-2.5.0-b42.jar:/home/user/.m2/repository/org/glassfish/jersey/core/jersey-common/2.27/jersey-common-2.27.jar:/home/user/.m2/repository/org/glassfish/hk2/osgi-resource-locator/1.0.1/osgi-resource-locator-1.0.1.jar:/home/user/.m2/repository/javax/ws/rs/javax.ws.rs-api/2.1/javax.ws.rs-api-2.1.jar:/home/user/.m2/repository/org/glassfish/jersey/ext/cdi/jersey-cdi1x/2.27/jersey-cdi1x-2.27.jar:/home/user/.m2/repository/org/glassfish/jersey/inject/jersey-hk2/2.27/jersey-hk2-2.27.jar:/home/user/.m2/repository/org/glassfish/hk2/hk2-locator/2.5.0-b42/hk2-locator-2.5.0-b42.jar:/home/user/.m2/repository/org/javassist/javassist/3.22.0-CR2/javassist-3.22.0-CR2.jar:/home/user/.m2/repository/org/glassfish/hk2/hk2-api/2.5.0/hk2-api-2.5.0.jar:/home/user/.m2/repository/org/glassfish/hk2/external/jakarta.inject/2.5.0/jakarta.inject-2.5.0.jar:/home/user/.m2/repository/org/glassfish/hk2/hk2-utils/2.5.0/hk2-utils-2.5.0.jar:/home/user/.m2/repository/jakarta/annotation/jakarta.annotation-api/1.3.4/jakarta.annotation-api-1.3.4.jar:/home/user/.m2/repository/org/glassfish/hk2/external/aopalliance-repackaged/2.5.0/aopalliance-repackaged-2.5.0.jar:/home/user/.m2/repository/com/fasterxml/jackson/dataformat/jackson-dataformat-xml/2.10.3/jackson-dataformat-xml-2.10.3.jar:/home/user/.m2/repository/com/fasterxml/jackson/core/jackson-core/2.10.3/jackson-core-2.10.3.jar:/home/user/.m2/repository/com/fasterxml/jackson/module/jackson-module-jaxb-annotations/2.10.3/jackson-module-jaxb-annotations-2.10.3.jar:/home/user/.m2/repository/jakarta/xml/bind/jakarta.xml.bind-api/2.3.2/jakarta.xml.bind-api-2.3.2.jar:/home/user/.m2/repository/jakarta/activation/jakarta.activation-api/1.2.1/jakarta.activation-api-1.2.1.jar:/home/user/.m2/repository/org/codehaus/woodstox/stax2-api/3.1.4/stax2-api-3.1.4.jar:/home/user/.m2/repository/com/fasterxml/woodstox/woodstox-core/5.0.3/woodstox-core-5.0.3.jar:/home/user/.m2/repository/javax/enterprise/cdi-api/1.2/cdi-api-1.2.jar:/home/user/.m2/repository/javax/el/javax.el-api/3.0.0/javax.el-api-3.0.0.jar:/home/user/.m2/repository/javax/interceptor/javax.interceptor-api/1.2/javax.interceptor-api-1.2.jar:/home/user/.m2/repository/javax/inject/javax.inject/1/javax.inject-1.jar:/home/user/.m2/repository/com/sun/xml/bind/jaxb-impl/2.3.0.1/jaxb-impl-2.3.0.1.jar:/home/user/.m2/repository/com/sun/xml/bind/jaxb-core/2.3.0.1/jaxb-core-2.3.0.1.jar:/home/user/.m2/repository/javax/xml/bind/jaxb-api/2.3.0/jaxb-api-2.3.0.jar:/home/user/.m2/repository/javax/activation/activation/1.1.1/activation-1.1.1.jar:/home/user/.m2/repository/org/apache/hadoop/hadoop-ozone-csi/1.1.0-SNAPSHOT/hadoop-ozone-csi-1.1.0-SNAPSHOT.jar:/home/user/.m2/repository/com/google/protobuf/protobuf-java-util/3.11.0/protobuf-java-util-3.11.0.jar:/home/user/.m2/repository/com/google/code/gson/gson/2.2.4/gson-2.2.4.jar:/home/user/.m2/repository/org/apache/hadoop/hadoop-hdds-config/1.1.0-SNAPSHOT/hadoop-hdds-config-1.1.0-SNAPSHOT.jar:/home/user/.m2/repository/com/google/protobuf/protobuf-java/2.5.0/protobuf-java-2.5.0.jar:/home/user/.m2/repository/io/grpc/grpc-netty/1.29.0/grpc-netty-1.29.0.jar:/home/user/.m2/repository/io/grpc/grpc-core/1.29.0/grpc-core-1.29.0.jar:/home/user/.m2/repository/com/google/android/annotations/4.1.1.4/annotations-4.1.1.4.jar:/home/user/.m2/repository/io/perfmark/perfmark-api/0.19.0/perfmark-api-0.19.0.jar:/home/user/.m2/repository/io/netty/netty-codec-http2/4.1.48.Final/netty-codec-http2-4.1.48.Final.jar:/home/user/.m2/repository/io/netty/netty-codec/4.1.48.Final/netty-codec-4.1.48.Final.jar:/home/user/.m2/repository/io/netty/netty-handler/4.1.48.Final/netty-handler-4.1.48.Final.jar:/home/user/.m2/repository/io/netty/netty-codec-http/4.1.48.Final/netty-codec-http-4.1.48.Final.jar:/home/user/.m2/repository/io/netty/netty-handler-proxy/4.1.48.Final/netty-handler-proxy-4.1.48.Final.jar:/home/user/.m2/repository/io/netty/netty-codec-socks/4.1.48.Final/netty-codec-socks-4.1.48.Final.jar:/home/user/.m2/repository/io/netty/netty-transport-native-epoll/4.1.48.Final/netty-transport-native-epoll-4.1.48.Final.jar:/home/user/.m2/repository/io/netty/netty-common/4.1.48.Final/netty-common-4.1.48.Final.jar:/home/user/.m2/repository/io/netty/netty-buffer/4.1.48.Final/netty-buffer-4.1.48.Final.jar:/home/user/.m2/repository/io/netty/netty-transport/4.1.48.Final/netty-transport-4.1.48.Final.jar:/home/user/.m2/repository/io/netty/netty-resolver/4.1.48.Final/netty-resolver-4.1.48.Final.jar:/home/user/.m2/repository/io/netty/netty-transport-native-unix-common/4.1.48.Final/netty-transport-native-unix-common-4.1.48.Final.jar:/home/user/.m2/repository/io/grpc/grpc-protobuf/1.29.0/grpc-protobuf-1.29.0.jar:/home/user/.m2/repository/io/grpc/grpc-api/1.29.0/grpc-api-1.29.0.jar:/home/user/.m2/repository/io/grpc/grpc-context/1.29.0/grpc-context-1.29.0.jar:/home/user/.m2/repository/org/codehaus/mojo/animal-sniffer-annotations/1.18/animal-sniffer-annotations-1.18.jar:/home/user/.m2/repository/com/google/api/grpc/proto-google-common-protos/1.17.0/proto-google-common-protos-1.17.0.jar:/home/user/.m2/repository/io/grpc/grpc-protobuf-lite/1.29.0/grpc-protobuf-lite-1.29.0.jar:/home/user/.m2/repository/io/grpc/grpc-stub/1.29.0/grpc-stub-1.29.0.jar:/home/user/.m2/repository/org/apache/hadoop/hadoop-ozone-recon/1.1.0-SNAPSHOT/hadoop-ozone-recon-1.1.0-SNAPSHOT.jar:/home/user/.m2/repository/org/apache/hadoop/hadoop-ozone-reconcodegen/1.1.0-SNAPSHOT/hadoop-ozone-reconcodegen-1.1.0-SNAPSHOT.jar:/home/user/.m2/repository/com/google/inject/extensions/guice-multibindings/4.0/guice-multibindings-4.0.jar:/home/user/.m2/repository/com/google/inject/guice/4.0/guice-4.0.jar:/home/user/.m2/repository/aopalliance/aopalliance/1.0/aopalliance-1.0.jar:/home/user/.m2/repository/com/google/inject/extensions/guice-assistedinject/4.0/guice-assistedinject-4.0.jar:/home/user/.m2/repository/com/google/inject/extensions/guice-servlet/4.0/guice-servlet-4.0.jar:/home/user/.m2/repository/org/glassfish/jersey/containers/jersey-container-servlet/2.27/jersey-container-servlet-2.27.jar:/home/user/.m2/repository/org/glassfish/hk2/guice-bridge/2.5.0/guice-bridge-2.5.0.jar:/home/user/.m2/repository/org/glassfish/jersey/core/jersey-server/2.27/jersey-server-2.27.jar:/home/user/.m2/repository/org/glassfish/jersey/core/jersey-client/2.27/jersey-client-2.27.jar:/home/user/.m2/repository/org/glassfish/jersey/media/jersey-media-jaxb/2.27/jersey-media-jaxb-2.27.jar:/home/user/.m2/repository/javax/validation/validation-api/1.1.0.Final/validation-api-1.1.0.Final.jar:/home/user/.m2/repository/org/glassfish/jersey/media/jersey-media-json-jackson/2.27/jersey-media-json-jackson-2.27.jar:/home/user/.m2/repository/org/glassfish/jersey/ext/jersey-entity-filtering/2.27/jersey-entity-filtering-2.27.jar:/home/user/.m2/repository/org/jooq/jooq/3.11.10/jooq-3.11.10.jar:/home/user/.m2/repository/org/jooq/jooq-meta/3.11.10/jooq-meta-3.11.10.jar:/home/user/.m2/repository/org/jooq/jooq-codegen/3.11.10/jooq-codegen-3.11.10.jar:/home/user/.m2/repository/com/jolbox/bonecp/0.8.0.RELEASE/bonecp-0.8.0.RELEASE.jar:/home/user/.m2/repository/org/apache/derby/derby/10.14.2.0/derby-10.14.2.0.jar:/home/user/.m2/repository/org/xerial/sqlite-jdbc/3.25.2/sqlite-jdbc-3.25.2.jar:/home/user/.m2/repository/org/springframework/spring-jdbc/5.2.11.RELEASE/spring-jdbc-5.2.11.RELEASE.jar:/home/user/.m2/repository/org/springframework/spring-beans/5.2.11.RELEASE/spring-beans-5.2.11.RELEASE.jar:/home/user/.m2/repository/org/springframework/spring-core/5.2.11.RELEASE/spring-core-5.2.11.RELEASE.jar:/home/user/.m2/repository/org/springframework/spring-jcl/5.2.11.RELEASE/spring-jcl-5.2.11.RELEASE.jar:/home/user/.m2/repository/org/springframework/spring-tx/5.2.11.RELEASE/spring-tx-5.2.11.RELEASE.jar:/home/user/.m2/repository/org/apache/hadoop/hadoop-ozone-client/1.1.0-SNAPSHOT/hadoop-ozone-client-1.1.0-SNAPSHOT.jar:/home/user/.m2/repository/org/apache/hadoop/hadoop-ozone-filesystem/1.1.0-SNAPSHOT/hadoop-ozone-filesystem-1.1.0-SNAPSHOT.jar:/home/user/.m2/repository/org/apache/hadoop/hadoop-ozone-filesystem-common/1.1.0-SNAPSHOT/hadoop-ozone-filesystem-common-1.1.0-SNAPSHOT.jar:/home/user/.m2/repository/org/apache/hadoop/hadoop-ozone-tools/1.1.0-SNAPSHOT/hadoop-ozone-tools-1.1.0-SNAPSHOT.jar:/home/user/.m2/repository/org/apache/ratis/ratis-tools/1.1.0-c5eafb9-SNAPSHOT/ratis-tools-1.1.0-c5eafb9-SNAPSHOT.jar:/home/user/.m2/repository/org/apache/ratis/ratis-proto/1.1.0-c5eafb9-SNAPSHOT/ratis-proto-1.1.0-c5eafb9-SNAPSHOT.jar:/home/user/.m2/repository/org/apache/ratis/ratis-common/1.1.0-c5eafb9-SNAPSHOT/ratis-common-1.1.0-c5eafb9-SNAPSHOT.jar:/home/user/.m2/repository/com/amazonaws/aws-java-sdk-core/1.11.901/aws-java-sdk-core-1.11.901.jar:/home/user/.m2/repository/org/apache/httpcomponents/httpclient/4.5.13/httpclient-4.5.13.jar:/home/user/.m2/repository/org/apache/httpcomponents/httpcore/4.4.13/httpcore-4.4.13.jar:/home/user/.m2/repository/software/amazon/ion/ion-java/1.0.2/ion-java-1.0.2.jar:/home/user/.m2/repository/com/fasterxml/jackson/dataformat/jackson-dataformat-cbor/2.10.3/jackson-dataformat-cbor-2.10.3.jar:/home/user/.m2/repository/joda-time/joda-time/2.8.1/joda-time-2.8.1.jar:/home/user/.m2/repository/com/amazonaws/aws-java-sdk-s3/1.11.901/aws-java-sdk-s3-1.11.901.jar:/home/user/.m2/repository/com/amazonaws/aws-java-sdk-kms/1.11.901/aws-java-sdk-kms-1.11.901.jar:/home/user/.m2/repository/com/amazonaws/jmespath-java/1.11.901/jmespath-java-1.11.901.jar:/home/user/.m2/repository/org/kohsuke/metainf-services/metainf-services/1.8/metainf-services-1.8.jar:/home/user/.m2/repository/org/apache/hadoop/hadoop-hdds-tools/1.1.0-SNAPSHOT/hadoop-hdds-tools-1.1.0-SNAPSHOT.jar:/home/user/.m2/repository/commons-cli/commons-cli/1.2/commons-cli-1.2.jar:/home/user/.m2/repository/org/apache/commons/commons-lang3/3.7/commons-lang3-3.7.jar:/home/user/.m2/repository/org/apache/hadoop/hadoop-ozone-ozone-manager/1.1.0-SNAPSHOT/hadoop-ozone-ozone-manager-1.1.0-SNAPSHOT-tests.jar:/home/user/.m2/repository/org/apache/hadoop/hadoop-hdds-common/1.1.0-SNAPSHOT/hadoop-hdds-common-1.1.0-SNAPSHOT-tests.jar:/home/user/.m2/repository/org/apache/hadoop/hadoop-hdds-hadoop-dependency-client/1.1.0-SNAPSHOT/hadoop-hdds-hadoop-dependency-client-1.1.0-SNAPSHOT.jar:/home/user/.m2/repository/info/picocli/picocli/4.4.0/picocli-4.4.0.jar:/home/user/.m2/repository/com/fasterxml/jackson/core/jackson-annotations/2.10.3/jackson-annotations-2.10.3.jar:/home/user/.m2/repository/javax/annotation/javax.annotation-api/1.2/javax.annotation-api-1.2.jar:/home/user/.m2/repository/org/fusesource/leveldbjni/leveldbjni-all/1.8/leveldbjni-all-1.8.jar:/home/user/.m2/repository/org/apache/ratis/ratis-server/1.1.0-c5eafb9-SNAPSHOT/ratis-server-1.1.0-c5eafb9-SNAPSHOT.jar:/home/user/.m2/repository/org/apache/ratis/ratis-client/1.1.0-c5eafb9-SNAPSHOT/ratis-client-1.1.0-c5eafb9-SNAPSHOT.jar:/home/user/.m2/repository/org/apache/ratis/ratis-metrics/1.1.0-c5eafb9-SNAPSHOT/ratis-metrics-1.1.0-c5eafb9-SNAPSHOT.jar:/home/user/.m2/repository/org/apache/ratis/ratis-netty/1.1.0-c5eafb9-SNAPSHOT/ratis-netty-1.1.0-c5eafb9-SNAPSHOT.jar:/home/user/.m2/repository/org/apache/ratis/ratis-grpc/1.1.0-c5eafb9-SNAPSHOT/ratis-grpc-1.1.0-c5eafb9-SNAPSHOT.jar:/home/user/.m2/repository/org/apache/logging/log4j/log4j-api/2.13.3/log4j-api-2.13.3.jar:/home/user/.m2/repository/org/apache/logging/log4j/log4j-core/2.13.3/log4j-core-2.13.3.jar:/home/user/.m2/repository/com/lmax/disruptor/3.4.2/disruptor-3.4.2.jar:/home/user/.m2/repository/org/apache/commons/commons-pool2/2.6.0/commons-pool2-2.6.0.jar:/home/user/.m2/repository/org/bouncycastle/bcpkix-jdk15on/1.67/bcpkix-jdk15on-1.67.jar:/home/user/.m2/repository/commons-validator/commons-validator/1.6/commons-validator-1.6.jar:/home/user/.m2/repository/commons-beanutils/commons-beanutils/1.9.4/commons-beanutils-1.9.4.jar:/home/user/.m2/repository/commons-digester/commons-digester/1.8.1/commons-digester-1.8.1.jar:/home/user/.m2/repository/commons-collections/commons-collections/3.2.2/commons-collections-3.2.2.jar:/home/user/.m2/repository/io/jaegertracing/jaeger-client/1.2.0/jaeger-client-1.2.0.jar:/home/user/.m2/repository/io/jaegertracing/jaeger-thrift/1.2.0/jaeger-thrift-1.2.0.jar:/home/user/.m2/repository/org/apache/thrift/libthrift/0.13.0/libthrift-0.13.0.jar:/home/user/.m2/repository/com/squareup/okhttp3/okhttp/4.2.2/okhttp-4.2.2.jar:/home/user/.m2/repository/com/squareup/okio/okio/2.2.2/okio-2.2.2.jar:/home/user/.m2/repository/org/jetbrains/kotlin/kotlin-stdlib/1.3.50/kotlin-stdlib-1.3.50.jar:/home/user/.m2/repository/org/jetbrains/kotlin/kotlin-stdlib-common/1.3.50/kotlin-stdlib-common-1.3.50.jar:/home/user/.m2/repository/org/jetbrains/annotations/13.0/annotations-13.0.jar:/home/user/.m2/repository/io/jaegertracing/jaeger-core/1.2.0/jaeger-core-1.2.0.jar:/home/user/.m2/repository/io/jaegertracing/jaeger-tracerresolver/1.2.0/jaeger-tracerresolver-1.2.0.jar:/home/user/.m2/repository/io/opentracing/contrib/opentracing-tracerresolver/0.1.8/opentracing-tracerresolver-0.1.8.jar:/home/user/.m2/repository/io/opentracing/opentracing-util/0.33.0/opentracing-util-0.33.0.jar:/home/user/.m2/repository/io/opentracing/opentracing-api/0.33.0/opentracing-api-0.33.0.jar:/home/user/.m2/repository/io/opentracing/opentracing-noop/0.33.0/opentracing-noop-0.33.0.jar:/home/user/.m2/repository/org/yaml/snakeyaml/1.26/snakeyaml-1.26.jar:/home/user/.m2/repository/junit/junit/4.11/junit-4.11.jar:/home/user/.m2/repository/org/hamcrest/hamcrest-core/1.3/hamcrest-core-1.3.jar:/home/user/.m2/repository/org/openjdk/jmh/jmh-core/1.19/jmh-core-1.19.jar:/home/user/.m2/repository/net/sf/jopt-simple/jopt-simple/4.6/jopt-simple-4.6.jar:/home/user/.m2/repository/org/apache/commons/commons-math3/3.1.1/commons-math3-3.1.1.jar:/home/user/.m2/repository/org/openjdk/jmh/jmh-generator-annprocess/1.19/jmh-generator-annprocess-1.19.jar:/home/user/.m2/repository/org/mockito/mockito-all/1.8.5/mockito-all-1.8.5.jar:/home/user/.m2/repository/org/apache/hadoop/hadoop-kms/3.2.1/hadoop-kms-3.2.1.jar:/home/user/.m2/repository/org/apache/hadoop/hadoop-auth/3.2.1/hadoop-auth-3.2.1.jar:/home/user/.m2/repository/com/nimbusds/nimbus-jose-jwt/7.9/nimbus-jose-jwt-7.9.jar:/home/user/.m2/repository/com/github/stephenc/jcip/jcip-annotations/1.0-1/jcip-annotations-1.0-1.jar:/home/user/.m2/repository/net/minidev/json-smart/2.3/json-smart-2.3.jar:/home/user/.m2/repository/net/minidev/accessors-smart/1.2/accessors-smart-1.2.jar:/home/user/.m2/repository/org/ow2/asm/asm/5.0.4/asm-5.0.4.jar:/home/user/.m2/repository/org/apache/zookeeper/zookeeper/3.4.13/zookeeper-3.4.13.jar:/home/user/.m2/repository/org/apache/yetus/audience-annotations/0.5.0/audience-annotations-0.5.0.jar:/home/user/.m2/repository/org/apache/curator/curator-framework/2.13.0/curator-framework-2.13.0.jar:/home/user/.m2/repository/com/sun/jersey/jersey-core/1.19/jersey-core-1.19.jar:/home/user/.m2/repository/javax/ws/rs/jsr311-api/1.1.1/jsr311-api-1.1.1.jar:/home/user/.m2/repository/com/sun/jersey/jersey-server/1.19/jersey-server-1.19.jar:/home/user/.m2/repository/javax/servlet/javax.servlet-api/3.1.0/javax.servlet-api-3.1.0.jar:/home/user/.m2/repository/org/eclipse/jetty/jetty-server/9.4.34.v20201102/jetty-server-9.4.34.v20201102.jar:/home/user/.m2/repository/org/eclipse/jetty/jetty-http/9.4.34.v20201102/jetty-http-9.4.34.v20201102.jar:/home/user/.m2/repository/org/eclipse/jetty/jetty-io/9.4.34.v20201102/jetty-io-9.4.34.v20201102.jar:/home/user/.m2/repository/org/eclipse/jetty/jetty-webapp/9.4.34.v20201102/jetty-webapp-9.4.34.v20201102.jar:/home/user/.m2/repository/org/eclipse/jetty/jetty-xml/9.4.34.v20201102/jetty-xml-9.4.34.v20201102.jar:/home/user/.m2/repository/org/apache/hadoop/hadoop-common/3.2.1/hadoop-common-3.2.1.jar:/home/user/.m2/repository/commons-net/commons-net/3.6/commons-net-3.6.jar:/home/user/.m2/repository/com/sun/jersey/jersey-servlet/1.19/jersey-servlet-1.19.jar:/home/user/.m2/repository/com/sun/jersey/jersey-json/1.19/jersey-json-1.19.jar:/home/user/.m2/repository/org/codehaus/jettison/jettison/1.1/jettison-1.1.jar:/home/user/.m2/repository/org/codehaus/jackson/jackson-jaxrs/1.9.2/jackson-jaxrs-1.9.2.jar:/home/user/.m2/repository/org/codehaus/jackson/jackson-xc/1.9.2/jackson-xc-1.9.2.jar:/home/user/.m2/repository/org/apache/commons/commons-configuration2/2.1.1/commons-configuration2-2.1.1.jar:/home/user/.m2/repository/org/apache/commons/commons-text/1.4/commons-text-1.4.jar:/home/user/.m2/repository/com/google/re2j/re2j/1.1/re2j-1.1.jar:/home/user/.m2/repository/com/jcraft/jsch/0.1.54/jsch-0.1.54.jar:/home/user/.m2/repository/org/apache/curator/curator-client/2.13.0/curator-client-2.13.0.jar:/home/user/.m2/repository/org/apache/curator/curator-recipes/2.13.0/curator-recipes-2.13.0.jar:/home/user/.m2/repository/dnsjava/dnsjava/2.1.7/dnsjava-2.1.7.jar:/home/user/.m2/repository/org/slf4j/jul-to-slf4j/1.7.30/jul-to-slf4j-1.7.30.jar:/home/user/.m2/repository/org/eclipse/jetty/jetty-util/9.4.34.v20201102/jetty-util-9.4.34.v20201102.jar:/home/user/.m2/repository/com/fasterxml/jackson/core/jackson-databind/2.10.3/jackson-databind-2.10.3.jar:/home/user/.m2/repository/org/apache/hadoop/hadoop-kms/3.2.1/hadoop-kms-3.2.1-tests.jar:/home/user/.m2/repository/org/apache/hadoop/hadoop-hdds-server-scm/1.1.0-SNAPSHOT/hadoop-hdds-server-scm-1.1.0-SNAPSHOT-tests.jar:/home/user/.m2/repository/org/apache/hadoop/hadoop-hdds-container-service/1.1.0-SNAPSHOT/hadoop-hdds-container-service-1.1.0-SNAPSHOT-tests.jar:/home/user/.m2/repository/commons-codec/commons-codec/1.11/commons-codec-1.11.jar:/home/user/.m2/repository/org/apache/hadoop/hadoop-hdds-hadoop-dependency-test/1.1.0-SNAPSHOT/hadoop-hdds-hadoop-dependency-test-1.1.0-SNAPSHOT.jar:/home/user/.m2/repository/org/apache/hadoop/hadoop-common/3.2.1/hadoop-common-3.2.1-tests.jar:/home/user/.m2/repository/org/apache/hadoop/hadoop-hdfs/3.2.1/hadoop-hdfs-3.2.1-tests.jar:/home/user/.m2/repository/org/eclipse/jetty/jetty-util-ajax/9.4.34.v20201102/jetty-util-ajax-9.4.34.v20201102.jar:/home/user/.m2/repository/commons-daemon/commons-daemon/1.0.13/commons-daemon-1.0.13.jar:/home/user/.m2/repository/io/netty/netty/3.10.5.Final/netty-3.10.5.Final.jar:/home/user/.m2/repository/io/netty/netty-all/4.1.48.Final/netty-all-4.1.48.Final.jar:/home/user/.m2/repository/org/apache/htrace/htrace-core4/4.1.0-incubating/htrace-core4-4.1.0-incubating.jar:/home/user/.m2/repository/org/apache/hadoop/hadoop-distcp/3.2.1/hadoop-distcp-3.2.1.jar:/home/user/.m2/repository/org/apache/hadoop/hadoop-mapreduce-client-jobclient/3.2.1/hadoop-mapreduce-client-jobclient-3.2.1.jar:/home/user/.m2/repository/org/apache/hadoop/hadoop-mapreduce-client-common/3.2.1/hadoop-mapreduce-client-common-3.2.1.jar:/home/user/.m2/repository/org/apache/hadoop/hadoop-yarn-common/3.2.1/hadoop-yarn-common-3.2.1.jar:/home/user/.m2/repository/org/apache/hadoop/hadoop-yarn-api/3.2.1/hadoop-yarn-api-3.2.1.jar:/home/user/.m2/repository/com/sun/jersey/jersey-client/1.19/jersey-client-1.19.jar:/home/user/.m2/repository/com/sun/jersey/contribs/jersey-guice/1.19/jersey-guice-1.19.jar:/home/user/.m2/repository/com/fasterxml/jackson/jaxrs/jackson-jaxrs-json-provider/2.10.3/jackson-jaxrs-json-provider-2.10.3.jar:/home/user/.m2/repository/com/fasterxml/jackson/jaxrs/jackson-jaxrs-base/2.10.3/jackson-jaxrs-base-2.10.3.jar:/home/user/.m2/repository/org/apache/hadoop/hadoop-yarn-client/3.2.1/hadoop-yarn-client-3.2.1.jar:/home/user/.m2/repository/org/apache/hadoop/hadoop-mapreduce-client-core/3.2.1/hadoop-mapreduce-client-core-3.2.1.jar:/home/user/.m2/repository/org/apache/avro/avro/1.7.7/avro-1.7.7.jar:/home/user/.m2/repository/org/codehaus/jackson/jackson-core-asl/1.9.13/jackson-core-asl-1.9.13.jar:/home/user/.m2/repository/org/codehaus/jackson/jackson-mapper-asl/1.9.13/jackson-mapper-asl-1.9.13.jar:/home/user/.m2/repository/com/thoughtworks/paranamer/paranamer/2.3/paranamer-2.3.jar:/home/user/.m2/repository/org/xerial/snappy/snappy-java/1.0.5/snappy-java-1.0.5.jar:/home/user/.m2/repository/org/apache/hadoop/hadoop-annotations/3.2.1/hadoop-annotations-3.2.1.jar:/usr/lib/jvm/java-1.8.0-openjdk-1.8.0.232.b09-0.el7_7.x86_64/jre/../lib/tools.jar:/home/user/.m2/repository/org/apache/hadoop/hadoop-distcp/3.2.1/hadoop-distcp-3.2.1-tests.jar:"/>
    <property name="java.vm.vendor" value="Oracle Corporation"/>
    <property name="sun.arch.data.model" value="64"/>
    <property name="test.build.dir" value="/github/workspace/mnt/ozone/hadoop-ozone/integration-test/target/test-dir"/>
    <property name="test.cache.data" value=""/>
    <property name="java.vendor.url" value="http://java.oracle.com/"/>
    <property name="user.timezone" value=""/>
    <property name="java.vm.specification.version" value="1.8"/>
    <property name="os.name" value="Linux"/>
    <property name="test.build.data" value="/github/workspace/mnt/ozone/hadoop-ozone/integration-test/target/test-dir"/>
    <property name="user.country" value="US"/>
    <property name="sun.java.launcher" value="SUN_STANDARD"/>
    <property name="sun.boot.library.path" value="/usr/lib/jvm/java-1.8.0-openjdk-1.8.0.232.b09-0.el7_7.x86_64/jre/lib/amd64"/>
    <property name="sun.java.command" value="/github/workspace/mnt/ozone/hadoop-ozone/integration-test/target/surefire/surefirebooter8346566130256933954.jar /github/workspace/mnt/ozone/hadoop-ozone/integration-test/target/surefire 2021-01-02T01-59-54_910-jvmRun1 surefire2947924181437734765tmp surefire_654638517384441966880tmp"/>
    <property name="surefire.test.class.path" value="/github/workspace/mnt/ozone/hadoop-ozone/integration-test/target/test-classes:/github/workspace/mnt/ozone/hadoop-ozone/integration-test/target/classes:/home/user/.m2/repository/org/apache/hadoop/hadoop-ozone-common/1.1.0-SNAPSHOT/hadoop-ozone-common-1.1.0-SNAPSHOT.jar:/home/user/.m2/repository/org/apache/commons/commons-compress/1.4.1/commons-compress-1.4.1.jar:/home/user/.m2/repository/org/tukaani/xz/1.0/xz-1.0.jar:/home/user/.m2/repository/org/apache/hadoop/hadoop-hdds-common/1.1.0-SNAPSHOT/hadoop-hdds-common-1.1.0-SNAPSHOT.jar:/home/user/.m2/repository/org/apache/hadoop/hadoop-hdds-client/1.1.0-SNAPSHOT/hadoop-hdds-client-1.1.0-SNAPSHOT.jar:/home/user/.m2/repository/org/apache/hadoop/hadoop-ozone-interface-client/1.1.0-SNAPSHOT/hadoop-ozone-interface-client-1.1.0-SNAPSHOT.jar:/home/user/.m2/repository/org/apache/hadoop/hadoop-hdds-test-utils/1.1.0-SNAPSHOT/hadoop-hdds-test-utils-1.1.0-SNAPSHOT.jar:/home/user/.m2/repository/com/google/guava/guava/28.2-jre/guava-28.2-jre.jar:/home/user/.m2/repository/com/google/guava/failureaccess/1.0.1/failureaccess-1.0.1.jar:/home/user/.m2/repository/com/google/guava/listenablefuture/9999.0-empty-to-avoid-conflict-with-guava/listenablefuture-9999.0-empty-to-avoid-conflict-with-guava.jar:/home/user/.m2/repository/com/google/code/findbugs/jsr305/3.0.0/jsr305-3.0.0.jar:/home/user/.m2/repository/org/checkerframework/checker-qual/2.10.0/checker-qual-2.10.0.jar:/home/user/.m2/repository/com/google/errorprone/error_prone_annotations/2.2.0/error_prone_annotations-2.2.0.jar:/home/user/.m2/repository/com/google/j2objc/j2objc-annotations/1.3/j2objc-annotations-1.3.jar:/home/user/.m2/repository/commons-io/commons-io/2.5/commons-io-2.5.jar:/home/user/.m2/repository/commons-logging/commons-logging/1.2/commons-logging-1.2.jar:/home/user/.m2/repository/log4j/log4j/1.2.17/log4j-1.2.17.jar:/home/user/.m2/repository/org/slf4j/slf4j-api/1.7.30/slf4j-api-1.7.30.jar:/home/user/.m2/repository/org/apache/hadoop/hadoop-hdds-server-scm/1.1.0-SNAPSHOT/hadoop-hdds-server-scm-1.1.0-SNAPSHOT.jar:/home/user/.m2/repository/org/apache/hadoop/hadoop-hdds-container-service/1.1.0-SNAPSHOT/hadoop-hdds-container-service-1.1.0-SNAPSHOT.jar:/home/user/.m2/repository/org/apache/hadoop/hadoop-hdds-hadoop-dependency-server/1.1.0-SNAPSHOT/hadoop-hdds-hadoop-dependency-server-1.1.0-SNAPSHOT.jar:/home/user/.m2/repository/org/apache/hadoop/hadoop-hdfs/3.2.1/hadoop-hdfs-3.2.1.jar:/home/user/.m2/repository/org/apache/hadoop/hadoop-hdds-server-framework/1.1.0-SNAPSHOT/hadoop-hdds-server-framework-1.1.0-SNAPSHOT.jar:/home/user/.m2/repository/org/apache/hadoop/hadoop-hdds-interface-server/1.1.0-SNAPSHOT/hadoop-hdds-interface-server-1.1.0-SNAPSHOT.jar:/home/user/.m2/repository/org/apache/hadoop/hadoop-hdds-interface-admin/1.1.0-SNAPSHOT/hadoop-hdds-interface-admin-1.1.0-SNAPSHOT.jar:/home/user/.m2/repository/org/eclipse/jetty/jetty-servlet/9.4.34.v20201102/jetty-servlet-9.4.34.v20201102.jar:/home/user/.m2/repository/org/eclipse/jetty/jetty-security/9.4.34.v20201102/jetty-security-9.4.34.v20201102.jar:/home/user/.m2/repository/org/rocksdb/rocksdbjni/6.8.1/rocksdbjni-6.8.1.jar:/home/user/.m2/repository/io/prometheus/simpleclient_dropwizard/0.7.0/simpleclient_dropwizard-0.7.0.jar:/home/user/.m2/repository/io/prometheus/simpleclient/0.7.0/simpleclient-0.7.0.jar:/home/user/.m2/repository/io/prometheus/simpleclient_common/0.7.0/simpleclient_common-0.7.0.jar:/home/user/.m2/repository/com/fasterxml/jackson/datatype/jackson-datatype-jsr310/2.10.3/jackson-datatype-jsr310-2.10.3.jar:/home/user/.m2/repository/io/dropwizard/metrics/metrics-core/3.2.4/metrics-core-3.2.4.jar:/home/user/.m2/repository/org/apache/hadoop/hadoop-hdfs-client/3.2.1/hadoop-hdfs-client-3.2.1.jar:/home/user/.m2/repository/org/bouncycastle/bcprov-jdk15on/1.67/bcprov-jdk15on-1.67.jar:/home/user/.m2/repository/org/apache/hadoop/hadoop-ozone-ozone-manager/1.1.0-SNAPSHOT/hadoop-ozone-ozone-manager-1.1.0-SNAPSHOT.jar:/home/user/.m2/repository/org/apache/hadoop/hadoop-hdds-interface-client/1.1.0-SNAPSHOT/hadoop-hdds-interface-client-1.1.0-SNAPSHOT.jar:/home/user/.m2/repository/org/apache/ratis/ratis-thirdparty-misc/0.6.0-SNAPSHOT/ratis-thirdparty-misc-0.6.0-SNAPSHOT.jar:/home/user/.m2/repository/org/apache/hadoop/hadoop-ozone-interface-storage/1.1.0-SNAPSHOT/hadoop-ozone-interface-storage-1.1.0-SNAPSHOT.jar:/home/user/.m2/repository/org/apache/hadoop/hadoop-minikdc/3.2.1/hadoop-minikdc-3.2.1.jar:/home/user/.m2/repository/org/apache/kerby/kerb-simplekdc/1.0.1/kerb-simplekdc-1.0.1.jar:/home/user/.m2/repository/org/apache/kerby/kerb-client/1.0.1/kerb-client-1.0.1.jar:/home/user/.m2/repository/org/apache/kerby/kerby-config/1.0.1/kerby-config-1.0.1.jar:/home/user/.m2/repository/org/apache/kerby/kerb-core/1.0.1/kerb-core-1.0.1.jar:/home/user/.m2/repository/org/apache/kerby/kerby-pkix/1.0.1/kerby-pkix-1.0.1.jar:/home/user/.m2/repository/org/apache/kerby/kerby-asn1/1.0.1/kerby-asn1-1.0.1.jar:/home/user/.m2/repository/org/apache/kerby/kerby-util/1.0.1/kerby-util-1.0.1.jar:/home/user/.m2/repository/org/apache/kerby/kerb-common/1.0.1/kerb-common-1.0.1.jar:/home/user/.m2/repository/org/apache/kerby/kerb-crypto/1.0.1/kerb-crypto-1.0.1.jar:/home/user/.m2/repository/org/apache/kerby/kerb-util/1.0.1/kerb-util-1.0.1.jar:/home/user/.m2/repository/org/apache/kerby/token-provider/1.0.1/token-provider-1.0.1.jar:/home/user/.m2/repository/org/apache/kerby/kerb-admin/1.0.1/kerb-admin-1.0.1.jar:/home/user/.m2/repository/org/apache/kerby/kerb-server/1.0.1/kerb-server-1.0.1.jar:/home/user/.m2/repository/org/apache/kerby/kerb-identity/1.0.1/kerb-identity-1.0.1.jar:/home/user/.m2/repository/org/apache/kerby/kerby-xdr/1.0.1/kerby-xdr-1.0.1.jar:/home/user/.m2/repository/org/slf4j/slf4j-log4j12/1.7.30/slf4j-log4j12-1.7.30.jar:/home/user/.m2/repository/org/apache/hadoop/hadoop-ozone-s3gateway/1.1.0-SNAPSHOT/hadoop-ozone-s3gateway-1.1.0-SNAPSHOT.jar:/home/user/.m2/repository/org/jboss/weld/servlet/weld-servlet/2.4.7.Final/weld-servlet-2.4.7.Final.jar:/home/user/.m2/repository/org/glassfish/jersey/containers/jersey-container-servlet-core/2.27/jersey-container-servlet-core-2.27.jar:/home/user/.m2/repository/org/glassfish/hk2/external/javax.inject/2.5.0-b42/javax.inject-2.5.0-b42.jar:/home/user/.m2/repository/org/glassfish/jersey/core/jersey-common/2.27/jersey-common-2.27.jar:/home/user/.m2/repository/org/glassfish/hk2/osgi-resource-locator/1.0.1/osgi-resource-locator-1.0.1.jar:/home/user/.m2/repository/javax/ws/rs/javax.ws.rs-api/2.1/javax.ws.rs-api-2.1.jar:/home/user/.m2/repository/org/glassfish/jersey/ext/cdi/jersey-cdi1x/2.27/jersey-cdi1x-2.27.jar:/home/user/.m2/repository/org/glassfish/jersey/inject/jersey-hk2/2.27/jersey-hk2-2.27.jar:/home/user/.m2/repository/org/glassfish/hk2/hk2-locator/2.5.0-b42/hk2-locator-2.5.0-b42.jar:/home/user/.m2/repository/org/javassist/javassist/3.22.0-CR2/javassist-3.22.0-CR2.jar:/home/user/.m2/repository/org/glassfish/hk2/hk2-api/2.5.0/hk2-api-2.5.0.jar:/home/user/.m2/repository/org/glassfish/hk2/external/jakarta.inject/2.5.0/jakarta.inject-2.5.0.jar:/home/user/.m2/repository/org/glassfish/hk2/hk2-utils/2.5.0/hk2-utils-2.5.0.jar:/home/user/.m2/repository/jakarta/annotation/jakarta.annotation-api/1.3.4/jakarta.annotation-api-1.3.4.jar:/home/user/.m2/repository/org/glassfish/hk2/external/aopalliance-repackaged/2.5.0/aopalliance-repackaged-2.5.0.jar:/home/user/.m2/repository/com/fasterxml/jackson/dataformat/jackson-dataformat-xml/2.10.3/jackson-dataformat-xml-2.10.3.jar:/home/user/.m2/repository/com/fasterxml/jackson/core/jackson-core/2.10.3/jackson-core-2.10.3.jar:/home/user/.m2/repository/com/fasterxml/jackson/module/jackson-module-jaxb-annotations/2.10.3/jackson-module-jaxb-annotations-2.10.3.jar:/home/user/.m2/repository/jakarta/xml/bind/jakarta.xml.bind-api/2.3.2/jakarta.xml.bind-api-2.3.2.jar:/home/user/.m2/repository/jakarta/activation/jakarta.activation-api/1.2.1/jakarta.activation-api-1.2.1.jar:/home/user/.m2/repository/org/codehaus/woodstox/stax2-api/3.1.4/stax2-api-3.1.4.jar:/home/user/.m2/repository/com/fasterxml/woodstox/woodstox-core/5.0.3/woodstox-core-5.0.3.jar:/home/user/.m2/repository/javax/enterprise/cdi-api/1.2/cdi-api-1.2.jar:/home/user/.m2/repository/javax/el/javax.el-api/3.0.0/javax.el-api-3.0.0.jar:/home/user/.m2/repository/javax/interceptor/javax.interceptor-api/1.2/javax.interceptor-api-1.2.jar:/home/user/.m2/repository/javax/inject/javax.inject/1/javax.inject-1.jar:/home/user/.m2/repository/com/sun/xml/bind/jaxb-impl/2.3.0.1/jaxb-impl-2.3.0.1.jar:/home/user/.m2/repository/com/sun/xml/bind/jaxb-core/2.3.0.1/jaxb-core-2.3.0.1.jar:/home/user/.m2/repository/javax/xml/bind/jaxb-api/2.3.0/jaxb-api-2.3.0.jar:/home/user/.m2/repository/javax/activation/activation/1.1.1/activation-1.1.1.jar:/home/user/.m2/repository/org/apache/hadoop/hadoop-ozone-csi/1.1.0-SNAPSHOT/hadoop-ozone-csi-1.1.0-SNAPSHOT.jar:/home/user/.m2/repository/com/google/protobuf/protobuf-java-util/3.11.0/protobuf-java-util-3.11.0.jar:/home/user/.m2/repository/com/google/code/gson/gson/2.2.4/gson-2.2.4.jar:/home/user/.m2/repository/org/apache/hadoop/hadoop-hdds-config/1.1.0-SNAPSHOT/hadoop-hdds-config-1.1.0-SNAPSHOT.jar:/home/user/.m2/repository/com/google/protobuf/protobuf-java/2.5.0/protobuf-java-2.5.0.jar:/home/user/.m2/repository/io/grpc/grpc-netty/1.29.0/grpc-netty-1.29.0.jar:/home/user/.m2/repository/io/grpc/grpc-core/1.29.0/grpc-core-1.29.0.jar:/home/user/.m2/repository/com/google/android/annotations/4.1.1.4/annotations-4.1.1.4.jar:/home/user/.m2/repository/io/perfmark/perfmark-api/0.19.0/perfmark-api-0.19.0.jar:/home/user/.m2/repository/io/netty/netty-codec-http2/4.1.48.Final/netty-codec-http2-4.1.48.Final.jar:/home/user/.m2/repository/io/netty/netty-codec/4.1.48.Final/netty-codec-4.1.48.Final.jar:/home/user/.m2/repository/io/netty/netty-handler/4.1.48.Final/netty-handler-4.1.48.Final.jar:/home/user/.m2/repository/io/netty/netty-codec-http/4.1.48.Final/netty-codec-http-4.1.48.Final.jar:/home/user/.m2/repository/io/netty/netty-handler-proxy/4.1.48.Final/netty-handler-proxy-4.1.48.Final.jar:/home/user/.m2/repository/io/netty/netty-codec-socks/4.1.48.Final/netty-codec-socks-4.1.48.Final.jar:/home/user/.m2/repository/io/netty/netty-transport-native-epoll/4.1.48.Final/netty-transport-native-epoll-4.1.48.Final.jar:/home/user/.m2/repository/io/netty/netty-common/4.1.48.Final/netty-common-4.1.48.Final.jar:/home/user/.m2/repository/io/netty/netty-buffer/4.1.48.Final/netty-buffer-4.1.48.Final.jar:/home/user/.m2/repository/io/netty/netty-transport/4.1.48.Final/netty-transport-4.1.48.Final.jar:/home/user/.m2/repository/io/netty/netty-resolver/4.1.48.Final/netty-resolver-4.1.48.Final.jar:/home/user/.m2/repository/io/netty/netty-transport-native-unix-common/4.1.48.Final/netty-transport-native-unix-common-4.1.48.Final.jar:/home/user/.m2/repository/io/grpc/grpc-protobuf/1.29.0/grpc-protobuf-1.29.0.jar:/home/user/.m2/repository/io/grpc/grpc-api/1.29.0/grpc-api-1.29.0.jar:/home/user/.m2/repository/io/grpc/grpc-context/1.29.0/grpc-context-1.29.0.jar:/home/user/.m2/repository/org/codehaus/mojo/animal-sniffer-annotations/1.18/animal-sniffer-annotations-1.18.jar:/home/user/.m2/repository/com/google/api/grpc/proto-google-common-protos/1.17.0/proto-google-common-protos-1.17.0.jar:/home/user/.m2/repository/io/grpc/grpc-protobuf-lite/1.29.0/grpc-protobuf-lite-1.29.0.jar:/home/user/.m2/repository/io/grpc/grpc-stub/1.29.0/grpc-stub-1.29.0.jar:/home/user/.m2/repository/org/apache/hadoop/hadoop-ozone-recon/1.1.0-SNAPSHOT/hadoop-ozone-recon-1.1.0-SNAPSHOT.jar:/home/user/.m2/repository/org/apache/hadoop/hadoop-ozone-reconcodegen/1.1.0-SNAPSHOT/hadoop-ozone-reconcodegen-1.1.0-SNAPSHOT.jar:/home/user/.m2/repository/com/google/inject/extensions/guice-multibindings/4.0/guice-multibindings-4.0.jar:/home/user/.m2/repository/com/google/inject/guice/4.0/guice-4.0.jar:/home/user/.m2/repository/aopalliance/aopalliance/1.0/aopalliance-1.0.jar:/home/user/.m2/repository/com/google/inject/extensions/guice-assistedinject/4.0/guice-assistedinject-4.0.jar:/home/user/.m2/repository/com/google/inject/extensions/guice-servlet/4.0/guice-servlet-4.0.jar:/home/user/.m2/repository/org/glassfish/jersey/containers/jersey-container-servlet/2.27/jersey-container-servlet-2.27.jar:/home/user/.m2/repository/org/glassfish/hk2/guice-bridge/2.5.0/guice-bridge-2.5.0.jar:/home/user/.m2/repository/org/glassfish/jersey/core/jersey-server/2.27/jersey-server-2.27.jar:/home/user/.m2/repository/org/glassfish/jersey/core/jersey-client/2.27/jersey-client-2.27.jar:/home/user/.m2/repository/org/glassfish/jersey/media/jersey-media-jaxb/2.27/jersey-media-jaxb-2.27.jar:/home/user/.m2/repository/javax/validation/validation-api/1.1.0.Final/validation-api-1.1.0.Final.jar:/home/user/.m2/repository/org/glassfish/jersey/media/jersey-media-json-jackson/2.27/jersey-media-json-jackson-2.27.jar:/home/user/.m2/repository/org/glassfish/jersey/ext/jersey-entity-filtering/2.27/jersey-entity-filtering-2.27.jar:/home/user/.m2/repository/org/jooq/jooq/3.11.10/jooq-3.11.10.jar:/home/user/.m2/repository/org/jooq/jooq-meta/3.11.10/jooq-meta-3.11.10.jar:/home/user/.m2/repository/org/jooq/jooq-codegen/3.11.10/jooq-codegen-3.11.10.jar:/home/user/.m2/repository/com/jolbox/bonecp/0.8.0.RELEASE/bonecp-0.8.0.RELEASE.jar:/home/user/.m2/repository/org/apache/derby/derby/10.14.2.0/derby-10.14.2.0.jar:/home/user/.m2/repository/org/xerial/sqlite-jdbc/3.25.2/sqlite-jdbc-3.25.2.jar:/home/user/.m2/repository/org/springframework/spring-jdbc/5.2.11.RELEASE/spring-jdbc-5.2.11.RELEASE.jar:/home/user/.m2/repository/org/springframework/spring-beans/5.2.11.RELEASE/spring-beans-5.2.11.RELEASE.jar:/home/user/.m2/repository/org/springframework/spring-core/5.2.11.RELEASE/spring-core-5.2.11.RELEASE.jar:/home/user/.m2/repository/org/springframework/spring-jcl/5.2.11.RELEASE/spring-jcl-5.2.11.RELEASE.jar:/home/user/.m2/repository/org/springframework/spring-tx/5.2.11.RELEASE/spring-tx-5.2.11.RELEASE.jar:/home/user/.m2/repository/org/apache/hadoop/hadoop-ozone-client/1.1.0-SNAPSHOT/hadoop-ozone-client-1.1.0-SNAPSHOT.jar:/home/user/.m2/repository/org/apache/hadoop/hadoop-ozone-filesystem/1.1.0-SNAPSHOT/hadoop-ozone-filesystem-1.1.0-SNAPSHOT.jar:/home/user/.m2/repository/org/apache/hadoop/hadoop-ozone-filesystem-common/1.1.0-SNAPSHOT/hadoop-ozone-filesystem-common-1.1.0-SNAPSHOT.jar:/home/user/.m2/repository/org/apache/hadoop/hadoop-ozone-tools/1.1.0-SNAPSHOT/hadoop-ozone-tools-1.1.0-SNAPSHOT.jar:/home/user/.m2/repository/org/apache/ratis/ratis-tools/1.1.0-c5eafb9-SNAPSHOT/ratis-tools-1.1.0-c5eafb9-SNAPSHOT.jar:/home/user/.m2/repository/org/apache/ratis/ratis-proto/1.1.0-c5eafb9-SNAPSHOT/ratis-proto-1.1.0-c5eafb9-SNAPSHOT.jar:/home/user/.m2/repository/org/apache/ratis/ratis-common/1.1.0-c5eafb9-SNAPSHOT/ratis-common-1.1.0-c5eafb9-SNAPSHOT.jar:/home/user/.m2/repository/com/amazonaws/aws-java-sdk-core/1.11.901/aws-java-sdk-core-1.11.901.jar:/home/user/.m2/repository/org/apache/httpcomponents/httpclient/4.5.13/httpclient-4.5.13.jar:/home/user/.m2/repository/org/apache/httpcomponents/httpcore/4.4.13/httpcore-4.4.13.jar:/home/user/.m2/repository/software/amazon/ion/ion-java/1.0.2/ion-java-1.0.2.jar:/home/user/.m2/repository/com/fasterxml/jackson/dataformat/jackson-dataformat-cbor/2.10.3/jackson-dataformat-cbor-2.10.3.jar:/home/user/.m2/repository/joda-time/joda-time/2.8.1/joda-time-2.8.1.jar:/home/user/.m2/repository/com/amazonaws/aws-java-sdk-s3/1.11.901/aws-java-sdk-s3-1.11.901.jar:/home/user/.m2/repository/com/amazonaws/aws-java-sdk-kms/1.11.901/aws-java-sdk-kms-1.11.901.jar:/home/user/.m2/repository/com/amazonaws/jmespath-java/1.11.901/jmespath-java-1.11.901.jar:/home/user/.m2/repository/org/kohsuke/metainf-services/metainf-services/1.8/metainf-services-1.8.jar:/home/user/.m2/repository/org/apache/hadoop/hadoop-hdds-tools/1.1.0-SNAPSHOT/hadoop-hdds-tools-1.1.0-SNAPSHOT.jar:/home/user/.m2/repository/commons-cli/commons-cli/1.2/commons-cli-1.2.jar:/home/user/.m2/repository/org/apache/commons/commons-lang3/3.7/commons-lang3-3.7.jar:/home/user/.m2/repository/org/apache/hadoop/hadoop-ozone-ozone-manager/1.1.0-SNAPSHOT/hadoop-ozone-ozone-manager-1.1.0-SNAPSHOT-tests.jar:/home/user/.m2/repository/org/apache/hadoop/hadoop-hdds-common/1.1.0-SNAPSHOT/hadoop-hdds-common-1.1.0-SNAPSHOT-tests.jar:/home/user/.m2/repository/org/apache/hadoop/hadoop-hdds-hadoop-dependency-client/1.1.0-SNAPSHOT/hadoop-hdds-hadoop-dependency-client-1.1.0-SNAPSHOT.jar:/home/user/.m2/repository/info/picocli/picocli/4.4.0/picocli-4.4.0.jar:/home/user/.m2/repository/com/fasterxml/jackson/core/jackson-annotations/2.10.3/jackson-annotations-2.10.3.jar:/home/user/.m2/repository/javax/annotation/javax.annotation-api/1.2/javax.annotation-api-1.2.jar:/home/user/.m2/repository/org/fusesource/leveldbjni/leveldbjni-all/1.8/leveldbjni-all-1.8.jar:/home/user/.m2/repository/org/apache/ratis/ratis-server/1.1.0-c5eafb9-SNAPSHOT/ratis-server-1.1.0-c5eafb9-SNAPSHOT.jar:/home/user/.m2/repository/org/apache/ratis/ratis-client/1.1.0-c5eafb9-SNAPSHOT/ratis-client-1.1.0-c5eafb9-SNAPSHOT.jar:/home/user/.m2/repository/org/apache/ratis/ratis-metrics/1.1.0-c5eafb9-SNAPSHOT/ratis-metrics-1.1.0-c5eafb9-SNAPSHOT.jar:/home/user/.m2/repository/org/apache/ratis/ratis-netty/1.1.0-c5eafb9-SNAPSHOT/ratis-netty-1.1.0-c5eafb9-SNAPSHOT.jar:/home/user/.m2/repository/org/apache/ratis/ratis-grpc/1.1.0-c5eafb9-SNAPSHOT/ratis-grpc-1.1.0-c5eafb9-SNAPSHOT.jar:/home/user/.m2/repository/org/apache/logging/log4j/log4j-api/2.13.3/log4j-api-2.13.3.jar:/home/user/.m2/repository/org/apache/logging/log4j/log4j-core/2.13.3/log4j-core-2.13.3.jar:/home/user/.m2/repository/com/lmax/disruptor/3.4.2/disruptor-3.4.2.jar:/home/user/.m2/repository/org/apache/commons/commons-pool2/2.6.0/commons-pool2-2.6.0.jar:/home/user/.m2/repository/org/bouncycastle/bcpkix-jdk15on/1.67/bcpkix-jdk15on-1.67.jar:/home/user/.m2/repository/commons-validator/commons-validator/1.6/commons-validator-1.6.jar:/home/user/.m2/repository/commons-beanutils/commons-beanutils/1.9.4/commons-beanutils-1.9.4.jar:/home/user/.m2/repository/commons-digester/commons-digester/1.8.1/commons-digester-1.8.1.jar:/home/user/.m2/repository/commons-collections/commons-collections/3.2.2/commons-collections-3.2.2.jar:/home/user/.m2/repository/io/jaegertracing/jaeger-client/1.2.0/jaeger-client-1.2.0.jar:/home/user/.m2/repository/io/jaegertracing/jaeger-thrift/1.2.0/jaeger-thrift-1.2.0.jar:/home/user/.m2/repository/org/apache/thrift/libthrift/0.13.0/libthrift-0.13.0.jar:/home/user/.m2/repository/com/squareup/okhttp3/okhttp/4.2.2/okhttp-4.2.2.jar:/home/user/.m2/repository/com/squareup/okio/okio/2.2.2/okio-2.2.2.jar:/home/user/.m2/repository/org/jetbrains/kotlin/kotlin-stdlib/1.3.50/kotlin-stdlib-1.3.50.jar:/home/user/.m2/repository/org/jetbrains/kotlin/kotlin-stdlib-common/1.3.50/kotlin-stdlib-common-1.3.50.jar:/home/user/.m2/repository/org/jetbrains/annotations/13.0/annotations-13.0.jar:/home/user/.m2/repository/io/jaegertracing/jaeger-core/1.2.0/jaeger-core-1.2.0.jar:/home/user/.m2/repository/io/jaegertracing/jaeger-tracerresolver/1.2.0/jaeger-tracerresolver-1.2.0.jar:/home/user/.m2/repository/io/opentracing/contrib/opentracing-tracerresolver/0.1.8/opentracing-tracerresolver-0.1.8.jar:/home/user/.m2/repository/io/opentracing/opentracing-util/0.33.0/opentracing-util-0.33.0.jar:/home/user/.m2/repository/io/opentracing/opentracing-api/0.33.0/opentracing-api-0.33.0.jar:/home/user/.m2/repository/io/opentracing/opentracing-noop/0.33.0/opentracing-noop-0.33.0.jar:/home/user/.m2/repository/org/yaml/snakeyaml/1.26/snakeyaml-1.26.jar:/home/user/.m2/repository/junit/junit/4.11/junit-4.11.jar:/home/user/.m2/repository/org/hamcrest/hamcrest-core/1.3/hamcrest-core-1.3.jar:/home/user/.m2/repository/org/openjdk/jmh/jmh-core/1.19/jmh-core-1.19.jar:/home/user/.m2/repository/net/sf/jopt-simple/jopt-simple/4.6/jopt-simple-4.6.jar:/home/user/.m2/repository/org/apache/commons/commons-math3/3.1.1/commons-math3-3.1.1.jar:/home/user/.m2/repository/org/openjdk/jmh/jmh-generator-annprocess/1.19/jmh-generator-annprocess-1.19.jar:/home/user/.m2/repository/org/mockito/mockito-all/1.8.5/mockito-all-1.8.5.jar:/home/user/.m2/repository/org/apache/hadoop/hadoop-kms/3.2.1/hadoop-kms-3.2.1.jar:/home/user/.m2/repository/org/apache/hadoop/hadoop-auth/3.2.1/hadoop-auth-3.2.1.jar:/home/user/.m2/repository/com/nimbusds/nimbus-jose-jwt/7.9/nimbus-jose-jwt-7.9.jar:/home/user/.m2/repository/com/github/stephenc/jcip/jcip-annotations/1.0-1/jcip-annotations-1.0-1.jar:/home/user/.m2/repository/net/minidev/json-smart/2.3/json-smart-2.3.jar:/home/user/.m2/repository/net/minidev/accessors-smart/1.2/accessors-smart-1.2.jar:/home/user/.m2/repository/org/ow2/asm/asm/5.0.4/asm-5.0.4.jar:/home/user/.m2/repository/org/apache/zookeeper/zookeeper/3.4.13/zookeeper-3.4.13.jar:/home/user/.m2/repository/org/apache/yetus/audience-annotations/0.5.0/audience-annotations-0.5.0.jar:/home/user/.m2/repository/org/apache/curator/curator-framework/2.13.0/curator-framework-2.13.0.jar:/home/user/.m2/repository/com/sun/jersey/jersey-core/1.19/jersey-core-1.19.jar:/home/user/.m2/repository/javax/ws/rs/jsr311-api/1.1.1/jsr311-api-1.1.1.jar:/home/user/.m2/repository/com/sun/jersey/jersey-server/1.19/jersey-server-1.19.jar:/home/user/.m2/repository/javax/servlet/javax.servlet-api/3.1.0/javax.servlet-api-3.1.0.jar:/home/user/.m2/repository/org/eclipse/jetty/jetty-server/9.4.34.v20201102/jetty-server-9.4.34.v20201102.jar:/home/user/.m2/repository/org/eclipse/jetty/jetty-http/9.4.34.v20201102/jetty-http-9.4.34.v20201102.jar:/home/user/.m2/repository/org/eclipse/jetty/jetty-io/9.4.34.v20201102/jetty-io-9.4.34.v20201102.jar:/home/user/.m2/repository/org/eclipse/jetty/jetty-webapp/9.4.34.v20201102/jetty-webapp-9.4.34.v20201102.jar:/home/user/.m2/repository/org/eclipse/jetty/jetty-xml/9.4.34.v20201102/jetty-xml-9.4.34.v20201102.jar:/home/user/.m2/repository/org/apache/hadoop/hadoop-common/3.2.1/hadoop-common-3.2.1.jar:/home/user/.m2/repository/commons-net/commons-net/3.6/commons-net-3.6.jar:/home/user/.m2/repository/com/sun/jersey/jersey-servlet/1.19/jersey-servlet-1.19.jar:/home/user/.m2/repository/com/sun/jersey/jersey-json/1.19/jersey-json-1.19.jar:/home/user/.m2/repository/org/codehaus/jettison/jettison/1.1/jettison-1.1.jar:/home/user/.m2/repository/org/codehaus/jackson/jackson-jaxrs/1.9.2/jackson-jaxrs-1.9.2.jar:/home/user/.m2/repository/org/codehaus/jackson/jackson-xc/1.9.2/jackson-xc-1.9.2.jar:/home/user/.m2/repository/org/apache/commons/commons-configuration2/2.1.1/commons-configuration2-2.1.1.jar:/home/user/.m2/repository/org/apache/commons/commons-text/1.4/commons-text-1.4.jar:/home/user/.m2/repository/com/google/re2j/re2j/1.1/re2j-1.1.jar:/home/user/.m2/repository/com/jcraft/jsch/0.1.54/jsch-0.1.54.jar:/home/user/.m2/repository/org/apache/curator/curator-client/2.13.0/curator-client-2.13.0.jar:/home/user/.m2/repository/org/apache/curator/curator-recipes/2.13.0/curator-recipes-2.13.0.jar:/home/user/.m2/repository/dnsjava/dnsjava/2.1.7/dnsjava-2.1.7.jar:/home/user/.m2/repository/org/slf4j/jul-to-slf4j/1.7.30/jul-to-slf4j-1.7.30.jar:/home/user/.m2/repository/org/eclipse/jetty/jetty-util/9.4.34.v20201102/jetty-util-9.4.34.v20201102.jar:/home/user/.m2/repository/com/fasterxml/jackson/core/jackson-databind/2.10.3/jackson-databind-2.10.3.jar:/home/user/.m2/repository/org/apache/hadoop/hadoop-kms/3.2.1/hadoop-kms-3.2.1-tests.jar:/home/user/.m2/repository/org/apache/hadoop/hadoop-hdds-server-scm/1.1.0-SNAPSHOT/hadoop-hdds-server-scm-1.1.0-SNAPSHOT-tests.jar:/home/user/.m2/repository/org/apache/hadoop/hadoop-hdds-container-service/1.1.0-SNAPSHOT/hadoop-hdds-container-service-1.1.0-SNAPSHOT-tests.jar:/home/user/.m2/repository/commons-codec/commons-codec/1.11/commons-codec-1.11.jar:/home/user/.m2/repository/org/apache/hadoop/hadoop-hdds-hadoop-dependency-test/1.1.0-SNAPSHOT/hadoop-hdds-hadoop-dependency-test-1.1.0-SNAPSHOT.jar:/home/user/.m2/repository/org/apache/hadoop/hadoop-common/3.2.1/hadoop-common-3.2.1-tests.jar:/home/user/.m2/repository/org/apache/hadoop/hadoop-hdfs/3.2.1/hadoop-hdfs-3.2.1-tests.jar:/home/user/.m2/repository/org/eclipse/jetty/jetty-util-ajax/9.4.34.v20201102/jetty-util-ajax-9.4.34.v20201102.jar:/home/user/.m2/repository/commons-daemon/commons-daemon/1.0.13/commons-daemon-1.0.13.jar:/home/user/.m2/repository/io/netty/netty/3.10.5.Final/netty-3.10.5.Final.jar:/home/user/.m2/repository/io/netty/netty-all/4.1.48.Final/netty-all-4.1.48.Final.jar:/home/user/.m2/repository/org/apache/htrace/htrace-core4/4.1.0-incubating/htrace-core4-4.1.0-incubating.jar:/home/user/.m2/repository/org/apache/hadoop/hadoop-distcp/3.2.1/hadoop-distcp-3.2.1.jar:/home/user/.m2/repository/org/apache/hadoop/hadoop-mapreduce-client-jobclient/3.2.1/hadoop-mapreduce-client-jobclient-3.2.1.jar:/home/user/.m2/repository/org/apache/hadoop/hadoop-mapreduce-client-common/3.2.1/hadoop-mapreduce-client-common-3.2.1.jar:/home/user/.m2/repository/org/apache/hadoop/hadoop-yarn-common/3.2.1/hadoop-yarn-common-3.2.1.jar:/home/user/.m2/repository/org/apache/hadoop/hadoop-yarn-api/3.2.1/hadoop-yarn-api-3.2.1.jar:/home/user/.m2/repository/com/sun/jersey/jersey-client/1.19/jersey-client-1.19.jar:/home/user/.m2/repository/com/sun/jersey/contribs/jersey-guice/1.19/jersey-guice-1.19.jar:/home/user/.m2/repository/com/fasterxml/jackson/jaxrs/jackson-jaxrs-json-provider/2.10.3/jackson-jaxrs-json-provider-2.10.3.jar:/home/user/.m2/repository/com/fasterxml/jackson/jaxrs/jackson-jaxrs-base/2.10.3/jackson-jaxrs-base-2.10.3.jar:/home/user/.m2/repository/org/apache/hadoop/hadoop-yarn-client/3.2.1/hadoop-yarn-client-3.2.1.jar:/home/user/.m2/repository/org/apache/hadoop/hadoop-mapreduce-client-core/3.2.1/hadoop-mapreduce-client-core-3.2.1.jar:/home/user/.m2/repository/org/apache/avro/avro/1.7.7/avro-1.7.7.jar:/home/user/.m2/repository/org/codehaus/jackson/jackson-core-asl/1.9.13/jackson-core-asl-1.9.13.jar:/home/user/.m2/repository/org/codehaus/jackson/jackson-mapper-asl/1.9.13/jackson-mapper-asl-1.9.13.jar:/home/user/.m2/repository/com/thoughtworks/paranamer/paranamer/2.3/paranamer-2.3.jar:/home/user/.m2/repository/org/xerial/snappy/snappy-java/1.0.5/snappy-java-1.0.5.jar:/home/user/.m2/repository/org/apache/hadoop/hadoop-annotations/3.2.1/hadoop-annotations-3.2.1.jar:/usr/lib/jvm/java-1.8.0-openjdk-1.8.0.232.b09-0.el7_7.x86_64/jre/../lib/tools.jar:/home/user/.m2/repository/org/apache/hadoop/hadoop-distcp/3.2.1/hadoop-distcp-3.2.1-tests.jar:"/>
    <property name="sun.cpu.endian" value="little"/>
    <property name="user.home" value="/home/user"/>
    <property name="user.language" value="en"/>
    <property name="java.specification.vendor" value="Oracle Corporation"/>
    <property name="java.home" value="/usr/lib/jvm/java-1.8.0-openjdk-1.8.0.232.b09-0.el7_7.x86_64/jre"/>
    <property name="java.security.krb5.conf" value="/github/workspace/mnt/ozone/hadoop-ozone/integration-test/target/test-classes/krb5.conf"/>
    <property name="basedir" value="/github/workspace/mnt/ozone/hadoop-ozone/integration-test"/>
    <property name="file.separator" value="/"/>
    <property name="line.separator" value="&#10;"/>
    <property name="java.vm.specification.vendor" value="Oracle Corporation"/>
    <property name="java.specification.name" value="Java Platform API Specification"/>
    <property name="java.awt.graphicsenv" value="sun.awt.X11GraphicsEnvironment"/>
    <property name="skip.installnpx" value="true"/>
    <property name="surefire.real.class.path" value="/github/workspace/mnt/ozone/hadoop-ozone/integration-test/target/surefire/surefirebooter8346566130256933954.jar:/home/user/.m2/repository/org/jacoco/org.jacoco.agent/0.8.5/org.jacoco.agent-0.8.5-runtime.jar"/>
    <property name="hadoop.log.dir" value="/github/workspace/mnt/ozone/hadoop-ozone/integration-test/target/log"/>
    <property name="sun.boot.class.path" value="/usr/lib/jvm/java-1.8.0-openjdk-1.8.0.232.b09-0.el7_7.x86_64/jre/lib/resources.jar:/usr/lib/jvm/java-1.8.0-openjdk-1.8.0.232.b09-0.el7_7.x86_64/jre/lib/rt.jar:/usr/lib/jvm/java-1.8.0-openjdk-1.8.0.232.b09-0.el7_7.x86_64/jre/lib/sunrsasign.jar:/usr/lib/jvm/java-1.8.0-openjdk-1.8.0.232.b09-0.el7_7.x86_64/jre/lib/jsse.jar:/usr/lib/jvm/java-1.8.0-openjdk-1.8.0.232.b09-0.el7_7.x86_64/jre/lib/jce.jar:/usr/lib/jvm/java-1.8.0-openjdk-1.8.0.232.b09-0.el7_7.x86_64/jre/lib/charsets.jar:/usr/lib/jvm/java-1.8.0-openjdk-1.8.0.232.b09-0.el7_7.x86_64/jre/lib/jfr.jar:/usr/lib/jvm/java-1.8.0-openjdk-1.8.0.232.b09-0.el7_7.x86_64/jre/classes"/>
    <property name="sun.management.compiler" value="HotSpot 64-Bit Tiered Compilers"/>
    <property name="skip.npx" value="true"/>
    <property name="java.runtime.version" value="1.8.0_232-b09"/>
    <property name="java.net.preferIPv4Stack" value="true"/>
    <property name="user.name" value="jenkins1001"/>
    <property name="path.separator" value=":"/>
    <property name="java.security.egd" value="file:///dev/urandom"/>
    <property name="os.version" value="5.4.0-1032-azure"/>
    <property name="java.endorsed.dirs" value="/usr/lib/jvm/java-1.8.0-openjdk-1.8.0.232.b09-0.el7_7.x86_64/jre/lib/endorsed"/>
    <property name="java.runtime.name" value="OpenJDK Runtime Environment"/>
    <property name="file.encoding" value="ANSI_X3.4-1968"/>
    <property name="java.vm.name" value="OpenJDK 64-Bit Server VM"/>
    <property name="test.build.webapps" value=""/>
    <property name="localRepository" value="/home/user/.m2/repository"/>
    <property name="java.vendor.url.bug" value="http://bugreport.sun.com/bugreport/"/>
    <property name="java.io.tmpdir" value="/tmp"/>
    <property name="require.test.libhadoop" value=""/>
    <property name="java.version" value="1.8.0_232"/>
    <property name="user.dir" value="/github/workspace/mnt/ozone/hadoop-ozone/integration-test"/>
    <property name="os.arch" value="amd64"/>
    <property name="java.vm.specification.name" value="Java Virtual Machine Specification"/>
    <property name="test.build.classes" value="/github/workspace/mnt/ozone/hadoop-ozone/integration-test/target/test-classes"/>
    <property name="java.awt.printerjob" value="sun.print.PSPrinterJob"/>
    <property name="sun.os.patch.level" value="unknown"/>
    <property name="hadoop.tmp.dir" value="/github/workspace/mnt/ozone/hadoop-ozone/integration-test/target/tmp"/>
    <property name="java.library.path" value="/usr/lib:/usr/java/packages/lib/amd64:/usr/lib64:/lib64:/lib:/usr/lib"/>
    <property name="java.vm.info" value="mixed mode"/>
    <property name="java.vendor" value="Oracle Corporation"/>
    <property name="java.vm.version" value="25.232-b09"/>
    <property name="java.ext.dirs" value="/usr/lib/jvm/java-1.8.0-openjdk-1.8.0.232.b09-0.el7_7.x86_64/jre/lib/ext:/usr/java/packages/lib/ext"/>
    <property name="sun.io.unicode.encoding" value="UnicodeLittle"/>
    <property name="java.class.version" value="52.0"/>
  </properties>
  <testcase name="testStoppedMaintenanceNodeTakesScmStateOnRestart" classname="org.apache.hadoop.ozone.scm.node.TestDecommissionAndMaintenance" time="49.756"/>
  <testcase name="testContainerIsReplicatedWhenAllNodesGotoMaintenance" classname="org.apache.hadoop.ozone.scm.node.TestDecommissionAndMaintenance" time="47.516"/>
  <testcase name="testDecommissionedStateReinstatedAfterSCMRestart" classname="org.apache.hadoop.ozone.scm.node.TestDecommissionAndMaintenance" time="36.521"/>
  <testcase name="testMaintenanceEndsAutomaticallyAtTimeout" classname="org.apache.hadoop.ozone.scm.node.TestDecommissionAndMaintenance" time="58.642"/>
  <testcase name="testDecommissionedNodeCanBeRecommissioned" classname="org.apache.hadoop.ozone.scm.node.TestDecommissionAndMaintenance" time="25.093"/>
  <testcase name="testNodeWithOpenPipelineCanBeDecommissioned" classname="org.apache.hadoop.ozone.scm.node.TestDecommissionAndMaintenance" time="36.032"/>
  <testcase name="testSingleNodeWithOpenPipelineCanGotoMaintenance" classname="org.apache.hadoop.ozone.scm.node.TestDecommissionAndMaintenance" time="47.501"/>
  <testcase name="testSCMHandlesRestartForMaintenanceNode" classname="org.apache.hadoop.ozone.scm.node.TestDecommissionAndMaintenance" time="41.707"/>
  <testcase name="testStoppedDecommissionedNodeTakesSCMStateOnRestart" classname="org.apache.hadoop.ozone.scm.node.TestDecommissionAndMaintenance" time="47.878"/>
  <testcase name="testEnteringMaintenanceNodeCompletesAfterSCMRestart" classname="org.apache.hadoop.ozone.scm.node.TestDecommissionAndMaintenance" time="37.671">
    <failure message="expected:&lt;5&gt; but was:&lt;6&gt;" type="junit.framework.AssertionFailedError"><![CDATA[junit.framework.AssertionFailedError: expected:<5> but was:<6>
	at junit.framework.Assert.fail(Assert.java:57)
	at junit.framework.Assert.failNotEquals(Assert.java:329)
	at junit.framework.Assert.assertEquals(Assert.java:78)
	at junit.framework.Assert.assertEquals(Assert.java:234)
	at junit.framework.Assert.assertEquals(Assert.java:241)
	at junit.framework.TestCase.assertEquals(TestCase.java:409)
	at org.apache.hadoop.ozone.scm.node.TestDecommissionAndMaintenance.testEnteringMaintenanceNodeCompletesAfterSCMRestart(TestDecommissionAndMaintenance.java:449)
	at sun.reflect.NativeMethodAccessorImpl.invoke0(Native Method)
	at sun.reflect.NativeMethodAccessorImpl.invoke(NativeMethodAccessorImpl.java:62)
	at sun.reflect.DelegatingMethodAccessorImpl.invoke(DelegatingMethodAccessorImpl.java:43)
	at java.lang.reflect.Method.invoke(Method.java:498)
	at org.junit.runners.model.FrameworkMethod$1.runReflectiveCall(FrameworkMethod.java:47)
	at org.junit.internal.runners.model.ReflectiveCallable.run(ReflectiveCallable.java:12)
	at org.junit.runners.model.FrameworkMethod.invokeExplosively(FrameworkMethod.java:44)
	at org.junit.internal.runners.statements.InvokeMethod.evaluate(InvokeMethod.java:17)
	at org.junit.internal.runners.statements.RunBefores.evaluate(RunBefores.java:26)
	at org.junit.internal.runners.statements.RunAfters.evaluate(RunAfters.java:27)
	at org.junit.runners.ParentRunner.runLeaf(ParentRunner.java:271)
	at org.junit.runners.BlockJUnit4ClassRunner.runChild(BlockJUnit4ClassRunner.java:70)
	at org.junit.runners.BlockJUnit4ClassRunner.runChild(BlockJUnit4ClassRunner.java:50)
	at org.junit.runners.ParentRunner$3.run(ParentRunner.java:238)
	at org.junit.runners.ParentRunner$1.schedule(ParentRunner.java:63)
	at org.junit.runners.ParentRunner.runChildren(ParentRunner.java:236)
	at org.junit.runners.ParentRunner.access$000(ParentRunner.java:53)
	at org.junit.runners.ParentRunner$2.evaluate(ParentRunner.java:229)
	at org.junit.runners.ParentRunner.run(ParentRunner.java:309)
	at org.apache.maven.surefire.junit4.JUnit4Provider.execute(JUnit4Provider.java:365)
	at org.apache.maven.surefire.junit4.JUnit4Provider.executeWithRerun(JUnit4Provider.java:273)
	at org.apache.maven.surefire.junit4.JUnit4Provider.executeTestSet(JUnit4Provider.java:238)
	at org.apache.maven.surefire.junit4.JUnit4Provider.invoke(JUnit4Provider.java:159)
	at org.apache.maven.surefire.booter.ForkedBooter.invokeProviderInSameClassLoader(ForkedBooter.java:384)
	at org.apache.maven.surefire.booter.ForkedBooter.runSuitesInProcess(ForkedBooter.java:345)
	at org.apache.maven.surefire.booter.ForkedBooter.execute(ForkedBooter.java:126)
	at org.apache.maven.surefire.booter.ForkedBooter.main(ForkedBooter.java:418)
]]></failure>
    <system-out><![CDATA[2021-01-02 03:04:22,209 [Listener at 127.0.0.1/33953] WARN  server.ServerUtils (ServerUtils.java:getScmDbDir(148)) - ozone.scm.db.dirs is not configured. We recommend adding this setting. Falling back to ozone.metadata.dirs instead.
2021-01-02 03:04:22,211 [Listener at 127.0.0.1/33953] WARN  server.ServerUtils (ServerUtils.java:getScmDbDir(148)) - ozone.scm.db.dirs is not configured. We recommend adding this setting. Falling back to ozone.metadata.dirs instead.
2021-01-02 03:04:22,211 [Listener at 127.0.0.1/33953] WARN  db.DBStoreBuilder (DBStoreBuilder.java:applyDBDefinition(145)) - ozone.scm.db.dirs is not configured. We recommend adding this setting. Falling back to ozone.metadata.dirs instead.
2021-01-02 03:04:22,244 [Listener at 127.0.0.1/33953] INFO  net.NodeSchemaLoader (NodeSchemaLoader.java:loadSchemaFromFile(126)) - Loading file from sun.misc.CompoundEnumeration@6b620300
2021-01-02 03:04:22,244 [Listener at 127.0.0.1/33953] INFO  net.NodeSchemaLoader (NodeSchemaLoader.java:loadSchema(172)) - Loading network topology layer schema file
2021-01-02 03:04:22,248 [Listener at 127.0.0.1/33953] INFO  node.SCMNodeManager (SCMNodeManager.java:<init>(123)) - Entering startup safe mode.
2021-01-02 03:04:22,248 [Listener at 127.0.0.1/33953] INFO  algorithms.ContainerPlacementPolicyFactory (ContainerPlacementPolicyFactory.java:getPolicy(60)) - Create container placement policy of type org.apache.hadoop.hdds.scm.container.placement.algorithms.SCMContainerPlacementRandom
2021-01-02 03:04:22,249 [Listener at 127.0.0.1/33953] INFO  algorithms.LeaderChoosePolicyFactory (LeaderChoosePolicyFactory.java:getPolicy(57)) - Create leader choose policy of type org.apache.hadoop.hdds.scm.pipeline.leader.choose.algorithms.DefaultLeaderChoosePolicy
2021-01-02 03:04:22,249 [Listener at 127.0.0.1/33953] INFO  pipeline.SCMPipelineManager (SCMPipelineManager.java:initializePipelineState(161)) - No pipeline exists in current db
2021-01-02 03:04:22,249 [Listener at 127.0.0.1/33953] INFO  algorithms.PipelineChoosePolicyFactory (PipelineChoosePolicyFactory.java:createPipelineChoosePolicyFromClass(75)) - Create pipeline choose policy of type org.apache.hadoop.hdds.scm.pipeline.choose.algorithms.RandomPipelineChoosePolicy
2021-01-02 03:04:22,252 [Listener at 127.0.0.1/33953] INFO  safemode.HealthyPipelineSafeModeRule (HealthyPipelineSafeModeRule.java:<init>(89)) - Total pipeline count is 0, healthy pipeline threshold count is 0
2021-01-02 03:04:22,252 [Listener at 127.0.0.1/33953] INFO  safemode.OneReplicaPipelineSafeModeRule (OneReplicaPipelineSafeModeRule.java:<init>(84)) - Total pipeline count is 0, pipeline's with at least one datanode reported threshold count is 0
2021-01-02 03:04:22,256 [Listener at 127.0.0.1/33953] INFO  ipc.CallQueueManager (CallQueueManager.java:<init>(84)) - Using callQueue: class java.util.concurrent.LinkedBlockingQueue, queueCapacity: 2000, scheduler: class org.apache.hadoop.ipc.DefaultRpcScheduler, ipcBackoff: false.
2021-01-02 03:04:22,257 [Socket Reader #1 for port 0] INFO  ipc.Server (Server.java:run(1219)) - Starting Socket Reader #1 for port 0
2021-01-02 03:04:22,257 [Listener at 0.0.0.0/43483] INFO  ipc.CallQueueManager (CallQueueManager.java:<init>(84)) - Using callQueue: class java.util.concurrent.LinkedBlockingQueue, queueCapacity: 2000, scheduler: class org.apache.hadoop.ipc.DefaultRpcScheduler, ipcBackoff: false.
2021-01-02 03:04:22,259 [Socket Reader #1 for port 0] INFO  ipc.Server (Server.java:run(1219)) - Starting Socket Reader #1 for port 0
2021-01-02 03:04:22,264 [Listener at 0.0.0.0/38625] INFO  ipc.CallQueueManager (CallQueueManager.java:<init>(84)) - Using callQueue: class java.util.concurrent.LinkedBlockingQueue, queueCapacity: 2000, scheduler: class org.apache.hadoop.ipc.DefaultRpcScheduler, ipcBackoff: false.
2021-01-02 03:04:22,265 [Socket Reader #1 for port 0] INFO  ipc.Server (Server.java:run(1219)) - Starting Socket Reader #1 for port 0
2021-01-02 03:04:22,272 [Listener at 0.0.0.0/33083] INFO  http.BaseHttpServer (BaseHttpServer.java:newHttpServer2BuilderForOzone(207)) - Starting Web-server for scm at: http://0.0.0.0:0
2021-01-02 03:04:22,272 [Listener at 0.0.0.0/33083] INFO  http.BaseHttpServer (BaseHttpServer.java:<init>(106)) - Hadoop Security Enabled: false Ozone Security Enabled: false Ozone HTTP Security Enabled: false 
2021-01-02 03:04:22,273 [Listener at 0.0.0.0/33083] INFO  server.AuthenticationFilter (AuthenticationFilter.java:constructSecretProvider(240)) - Unable to initialize FileSignerSecretProvider, falling back to use random secrets.
2021-01-02 03:04:22,273 [Listener at 0.0.0.0/33083] WARN  http.HttpRequestLog (HttpRequestLog.java:getRequestLog(103)) - Jetty request log can only be enabled using Log4j
2021-01-02 03:04:22,274 [Listener at 0.0.0.0/33083] INFO  http.HttpServer2 (HttpServer2.java:addGlobalFilter(1020)) - Added global filter 'safety' (class=org.apache.hadoop.hdds.server.http.HttpServer2$QuotingInputFilter)
2021-01-02 03:04:22,275 [Listener at 0.0.0.0/33083] INFO  http.HttpServer2 (HttpServer2.java:addFilter(996)) - Added filter static_user_filter (class=org.apache.hadoop.http.lib.StaticUserWebFilter$StaticUserFilter) to context scm
2021-01-02 03:04:22,275 [Listener at 0.0.0.0/33083] INFO  http.HttpServer2 (HttpServer2.java:addFilter(1004)) - Added filter static_user_filter (class=org.apache.hadoop.http.lib.StaticUserWebFilter$StaticUserFilter) to context logs
2021-01-02 03:04:22,275 [Listener at 0.0.0.0/33083] INFO  http.HttpServer2 (HttpServer2.java:addFilter(1004)) - Added filter static_user_filter (class=org.apache.hadoop.http.lib.StaticUserWebFilter$StaticUserFilter) to context static
2021-01-02 03:04:22,276 [Listener at 0.0.0.0/33083] INFO  server.StorageContainerManager (StorageContainerManager.java:start(789)) - StorageContainerLocationProtocol RPC server is listening at /0.0.0.0:33083
2021-01-02 03:04:22,278 [Listener at 0.0.0.0/33083] WARN  impl.MetricsConfig (MetricsConfig.java:loadFirst(134)) - Cannot locate configuration: tried hadoop-metrics2-storagecontainermanager.properties,hadoop-metrics2.properties
2021-01-02 03:04:22,279 [Listener at 0.0.0.0/33083] INFO  impl.MetricsSystemImpl (MetricsSystemImpl.java:startTimer(374)) - Scheduled Metric snapshot period at 10 second(s).
2021-01-02 03:04:22,279 [Listener at 0.0.0.0/33083] INFO  impl.MetricsSystemImpl (MetricsSystemImpl.java:start(191)) - StorageContainerManager metrics system started
2021-01-02 03:04:22,309 [Listener at 0.0.0.0/33083] WARN  impl.MetricsSystemImpl (MetricsSystemImpl.java:register(276)) - Sink prometheus already exists!
2021-01-02 03:04:22,339 [Listener at 0.0.0.0/33083] INFO  server.SCMClientProtocolServer (SCMClientProtocolServer.java:start(159)) - RPC server for Client  is listening at /0.0.0.0:33083
2021-01-02 03:04:22,340 [IPC Server Responder] INFO  ipc.Server (Server.java:run(1460)) - IPC Server Responder: starting
2021-01-02 03:04:22,341 [IPC Server listener on 0] INFO  ipc.Server (Server.java:run(1298)) - IPC Server listener on 0: starting
2021-01-02 03:04:22,352 [Listener at 0.0.0.0/33083] INFO  server.StorageContainerManager (StorageContainerManager.java:start(801)) - ScmBlockLocationProtocol RPC server is listening at /0.0.0.0:38625
2021-01-02 03:04:22,352 [Listener at 0.0.0.0/33083] INFO  server.SCMBlockProtocolServer (SCMBlockProtocolServer.java:start(150)) - RPC server for Block Protocol is listening at /0.0.0.0:38625
2021-01-02 03:04:22,352 [IPC Server Responder] INFO  ipc.Server (Server.java:run(1460)) - IPC Server Responder: starting
2021-01-02 03:04:22,356 [IPC Server listener on 0] INFO  ipc.Server (Server.java:run(1298)) - IPC Server listener on 0: starting
2021-01-02 03:04:22,365 [Listener at 0.0.0.0/33083] INFO  server.StorageContainerManager (StorageContainerManager.java:start(807)) - ScmDatanodeProtocl RPC server is listening at /0.0.0.0:43483
2021-01-02 03:04:22,365 [Listener at 0.0.0.0/33083] INFO  server.SCMDatanodeProtocolServer (SCMDatanodeProtocolServer.java:start(174)) - RPC server for DataNodes is listening at /0.0.0.0:43483
2021-01-02 03:04:22,365 [IPC Server Responder] INFO  ipc.Server (Server.java:run(1460)) - IPC Server Responder: starting
2021-01-02 03:04:22,368 [IPC Server listener on 0] INFO  ipc.Server (Server.java:run(1298)) - IPC Server listener on 0: starting
2021-01-02 03:04:22,377 [Listener at 0.0.0.0/33083] INFO  http.HttpServer2 (HttpServer2.java:bindListener(1238)) - Jetty bound to port 45961
2021-01-02 03:04:22,377 [Listener at 0.0.0.0/33083] INFO  server.Server (Server.java:doStart(375)) - jetty-9.4.34.v20201102; built: 2020-11-02T14:15:39.302Z; git: e46af88704a893fc12cb0e3bf46e2c7b48a009e7; jvm 1.8.0_232-b09
2021-01-02 03:04:22,380 [Listener at 0.0.0.0/33083] INFO  server.session (DefaultSessionIdManager.java:doStart(334)) - DefaultSessionIdManager workerName=node0
2021-01-02 03:04:22,380 [Listener at 0.0.0.0/33083] INFO  server.session (DefaultSessionIdManager.java:doStart(339)) - No SessionScavenger set, using defaults
2021-01-02 03:04:22,380 [Listener at 0.0.0.0/33083] INFO  server.session (HouseKeeper.java:startScavenging(132)) - node0 Scavenging every 660000ms
2021-01-02 03:04:22,381 [Listener at 0.0.0.0/33083] INFO  handler.ContextHandler (ContextHandler.java:doStart(916)) - Started o.e.j.s.ServletContextHandler@5ca01434{logs,/logs,file:///github/workspace/mnt/ozone/hadoop-ozone/integration-test/target/log,AVAILABLE}
2021-01-02 03:04:22,381 [Listener at 0.0.0.0/33083] INFO  handler.ContextHandler (ContextHandler.java:doStart(916)) - Started o.e.j.s.ServletContextHandler@15a26fcc{static,/static,file:///github/workspace/mnt/ozone/hadoop-ozone/integration-test/target/test-classes/webapps/static,AVAILABLE}
2021-01-02 03:04:22,384 [Listener at 0.0.0.0/33083] INFO  handler.ContextHandler (ContextHandler.java:doStart(916)) - Started o.e.j.w.WebAppContext@2b0bd16b{scm,/,file:///github/workspace/mnt/ozone/hadoop-ozone/integration-test/target/test-classes/webapps/scm/,AVAILABLE}{file:/github/workspace/mnt/ozone/hadoop-ozone/integration-test/target/test-classes/webapps/scm}
2021-01-02 03:04:22,385 [Listener at 0.0.0.0/33083] INFO  server.AbstractConnector (AbstractConnector.java:doStart(331)) - Started ServerConnector@1f041bad{HTTP/1.1, (http/1.1)}{0.0.0.0:45961}
2021-01-02 03:04:22,385 [Listener at 0.0.0.0/33083] INFO  server.Server (Server.java:doStart(415)) - Started @391802ms
2021-01-02 03:04:22,385 [Listener at 0.0.0.0/33083] WARN  impl.MetricsSystemImpl (MetricsSystemImpl.java:register(276)) - Sink prometheus already exists!
2021-01-02 03:04:22,389 [Listener at 0.0.0.0/33083] INFO  http.BaseHttpServer (BaseHttpServer.java:updateConnectorAddress(327)) - HTTP server of scm listening at http://0.0.0.0:45961
2021-01-02 03:04:22,389 [Listener at 0.0.0.0/33083] WARN  server.ServerUtils (ServerUtils.java:getDBPath(225)) - ozone.om.db.dirs is not configured. We recommend adding this setting. Falling back to ozone.metadata.dirs instead.
2021-01-02 03:04:22,389 [org.apache.hadoop.util.JvmPauseMonitor$Monitor@3861652e] INFO  util.JvmPauseMonitor (JvmPauseMonitor.java:run(188)) - Starting JVM pause monitor
2021-01-02 03:04:22,391 [Listener at 0.0.0.0/33083] INFO  ha.OMHANodeDetails (OMHANodeDetails.java:loadOMHAConfig(104)) - ozone.om.internal.service.id is not defined, falling back to ozone.om.service.ids to find serviceID for OzoneManager if it is HA enabled cluster
2021-01-02 03:04:22,391 [Listener at 0.0.0.0/33083] INFO  ha.OMHANodeDetails (OMHANodeDetails.java:loadOMHAConfig(213)) - Configuration either no ozone.om.address set. Falling back to the default OM address /127.0.0.1:0
2021-01-02 03:04:22,391 [Listener at 0.0.0.0/33083] INFO  ha.OMHANodeDetails (OMHANodeDetails.java:getOMNodeDetails(241)) - OM Service ID is not set. Setting it to the default ID: omServiceIdDefault
2021-01-02 03:04:22,392 [Listener at 0.0.0.0/33083] WARN  server.ServerUtils (ServerUtils.java:getDBPath(225)) - ozone.om.db.dirs is not configured. We recommend adding this setting. Falling back to ozone.metadata.dirs instead.
2021-01-02 03:04:22,392 [Listener at 0.0.0.0/33083] WARN  server.ServerUtils (ServerUtils.java:getDBPath(225)) - ozone.om.db.dirs is not configured. We recommend adding this setting. Falling back to ozone.metadata.dirs instead.
2021-01-02 03:04:22,410 [Listener at 0.0.0.0/33083] WARN  server.ServerUtils (ServerUtils.java:getDBPath(225)) - ozone.om.db.dirs is not configured. We recommend adding this setting. Falling back to ozone.metadata.dirs instead.
2021-01-02 03:04:22,411 [Listener at 0.0.0.0/33083] INFO  codec.OmKeyInfoCodec (OmKeyInfoCodec.java:<init>(41)) - OmKeyInfoCodec ignorePipeline = true
2021-01-02 03:04:22,411 [Listener at 0.0.0.0/33083] INFO  codec.RepeatedOmKeyInfoCodec (RepeatedOmKeyInfoCodec.java:<init>(40)) - RepeatedOmKeyInfoCodec ignorePipeline = true
2021-01-02 03:04:22,469 [Listener at 0.0.0.0/33083] INFO  om.OzoneManager (OzoneManager.java:addS3GVolumeToDB(3753)) - Created Volume s3v With Owner jenkins1001 required for S3Gateway operations.
2021-01-02 03:04:22,470 [Listener at 0.0.0.0/33083] INFO  ipc.CallQueueManager (CallQueueManager.java:<init>(84)) - Using callQueue: class java.util.concurrent.LinkedBlockingQueue, queueCapacity: 2000, scheduler: class org.apache.hadoop.ipc.DefaultRpcScheduler, ipcBackoff: false.
2021-01-02 03:04:22,471 [Socket Reader #1 for port 0] INFO  ipc.Server (Server.java:run(1219)) - Starting Socket Reader #1 for port 0
2021-01-02 03:04:22,485 [Listener at 127.0.0.1/38109] INFO  impl.MetricsSystemImpl (MetricsSystemImpl.java:init(158)) - OzoneManager metrics system started (again)
2021-01-02 03:04:22,486 [Listener at 127.0.0.1/38109] INFO  om.OzoneManager (OzoneManager.java:start(1161)) - OzoneManager RPC server is listening at localhost/127.0.0.1:38109
2021-01-02 03:04:22,490 [Listener at 127.0.0.1/38109] INFO  http.BaseHttpServer (BaseHttpServer.java:newHttpServer2BuilderForOzone(207)) - Starting Web-server for ozoneManager at: http://0.0.0.0:0
2021-01-02 03:04:22,490 [Listener at 127.0.0.1/38109] INFO  http.BaseHttpServer (BaseHttpServer.java:<init>(106)) - Hadoop Security Enabled: false Ozone Security Enabled: false Ozone HTTP Security Enabled: false 
2021-01-02 03:04:22,491 [Listener at 127.0.0.1/38109] INFO  server.AuthenticationFilter (AuthenticationFilter.java:constructSecretProvider(240)) - Unable to initialize FileSignerSecretProvider, falling back to use random secrets.
2021-01-02 03:04:22,491 [Listener at 127.0.0.1/38109] WARN  http.HttpRequestLog (HttpRequestLog.java:getRequestLog(103)) - Jetty request log can only be enabled using Log4j
2021-01-02 03:04:22,492 [Listener at 127.0.0.1/38109] INFO  http.HttpServer2 (HttpServer2.java:addGlobalFilter(1020)) - Added global filter 'safety' (class=org.apache.hadoop.hdds.server.http.HttpServer2$QuotingInputFilter)
2021-01-02 03:04:22,492 [Listener at 127.0.0.1/38109] INFO  http.HttpServer2 (HttpServer2.java:addFilter(996)) - Added filter static_user_filter (class=org.apache.hadoop.http.lib.StaticUserWebFilter$StaticUserFilter) to context ozoneManager
2021-01-02 03:04:22,492 [Listener at 127.0.0.1/38109] INFO  http.HttpServer2 (HttpServer2.java:addFilter(1004)) - Added filter static_user_filter (class=org.apache.hadoop.http.lib.StaticUserWebFilter$StaticUserFilter) to context logs
2021-01-02 03:04:22,492 [Listener at 127.0.0.1/38109] INFO  http.HttpServer2 (HttpServer2.java:addFilter(1004)) - Added filter static_user_filter (class=org.apache.hadoop.http.lib.StaticUserWebFilter$StaticUserFilter) to context static
2021-01-02 03:04:22,493 [Listener at 127.0.0.1/38109] INFO  http.HttpServer2 (HttpServer2.java:bindListener(1238)) - Jetty bound to port 38239
2021-01-02 03:04:22,493 [Listener at 127.0.0.1/38109] INFO  server.Server (Server.java:doStart(375)) - jetty-9.4.34.v20201102; built: 2020-11-02T14:15:39.302Z; git: e46af88704a893fc12cb0e3bf46e2c7b48a009e7; jvm 1.8.0_232-b09
2021-01-02 03:04:22,494 [Listener at 127.0.0.1/38109] INFO  server.session (DefaultSessionIdManager.java:doStart(334)) - DefaultSessionIdManager workerName=node0
2021-01-02 03:04:22,494 [Listener at 127.0.0.1/38109] INFO  server.session (DefaultSessionIdManager.java:doStart(339)) - No SessionScavenger set, using defaults
2021-01-02 03:04:22,494 [Listener at 127.0.0.1/38109] INFO  server.session (HouseKeeper.java:startScavenging(132)) - node0 Scavenging every 660000ms
2021-01-02 03:04:22,495 [Listener at 127.0.0.1/38109] INFO  handler.ContextHandler (ContextHandler.java:doStart(916)) - Started o.e.j.s.ServletContextHandler@5bcaebdb{logs,/logs,file:///github/workspace/mnt/ozone/hadoop-ozone/integration-test/target/log,AVAILABLE}
2021-01-02 03:04:22,495 [Listener at 127.0.0.1/38109] INFO  handler.ContextHandler (ContextHandler.java:doStart(916)) - Started o.e.j.s.ServletContextHandler@5464a18{static,/static,file:///github/workspace/mnt/ozone/hadoop-ozone/integration-test/target/test-classes/webapps/static,AVAILABLE}
2021-01-02 03:04:22,497 [Listener at 127.0.0.1/38109] INFO  handler.ContextHandler (ContextHandler.java:doStart(916)) - Started o.e.j.w.WebAppContext@69f4fa56{ozoneManager,/,file:///github/workspace/mnt/ozone/hadoop-ozone/integration-test/target/test-classes/webapps/ozoneManager/,AVAILABLE}{file:/github/workspace/mnt/ozone/hadoop-ozone/integration-test/target/test-classes/webapps/ozoneManager}
2021-01-02 03:04:22,498 [Listener at 127.0.0.1/38109] INFO  server.AbstractConnector (AbstractConnector.java:doStart(331)) - Started ServerConnector@6d0c2990{HTTP/1.1, (http/1.1)}{0.0.0.0:38239}
2021-01-02 03:04:22,499 [Listener at 127.0.0.1/38109] INFO  server.Server (Server.java:doStart(415)) - Started @391915ms
2021-01-02 03:04:22,499 [Listener at 127.0.0.1/38109] WARN  impl.MetricsSystemImpl (MetricsSystemImpl.java:register(276)) - Sink prometheus already exists!
2021-01-02 03:04:22,501 [Listener at 127.0.0.1/38109] INFO  http.BaseHttpServer (BaseHttpServer.java:updateConnectorAddress(327)) - HTTP server of ozoneManager listening at http://0.0.0.0:38239
2021-01-02 03:04:22,502 [IPC Server Responder] INFO  ipc.Server (Server.java:run(1460)) - IPC Server Responder: starting
2021-01-02 03:04:22,508 [IPC Server listener on 0] INFO  ipc.Server (Server.java:run(1298)) - IPC Server listener on 0: starting
2021-01-02 03:04:22,513 [Listener at 127.0.0.1/38109] INFO  om.OzoneManager (OzoneManager.java:startTrashEmptier(1282)) - Trash Interval set to 0. Files deleted will not move to trash
2021-01-02 03:04:22,513 [org.apache.hadoop.util.JvmPauseMonitor$Monitor@356be87] INFO  util.JvmPauseMonitor (JvmPauseMonitor.java:run(188)) - Starting JVM pause monitor
2021-01-02 03:04:22,531 [Listener at 127.0.0.1/38109] INFO  impl.MetricsSystemImpl (MetricsSystemImpl.java:init(158)) - HddsDatanode metrics system started (again)
2021-01-02 03:04:22,533 [Listener at 127.0.0.1/38109] INFO  ozone.HddsDatanodeService (HddsDatanodeService.java:start(217)) - HddsDatanodeService host:e25e13fd87ad ip:172.17.0.2
2021-01-02 03:04:22,534 [Listener at 127.0.0.1/38109] INFO  volume.HddsVolume (HddsVolume.java:<init>(176)) - Creating Volume: /github/workspace/mnt/ozone/hadoop-ozone/integration-test/target/test-dir/MiniOzoneClusterImpl-0875b59f-827e-470c-b6ab-7d6320bd5827/datanode-0/data-0/containers/hdds of storage type : DISK and capacity : 9223372036854775807
2021-01-02 03:04:22,534 [Listener at 127.0.0.1/38109] INFO  volume.MutableVolumeSet (MutableVolumeSet.java:initializeVolumeSet(179)) - Added Volume : /github/workspace/mnt/ozone/hadoop-ozone/integration-test/target/test-dir/MiniOzoneClusterImpl-0875b59f-827e-470c-b6ab-7d6320bd5827/datanode-0/data-0/containers/hdds to VolumeSet
2021-01-02 03:04:22,534 [Listener at 127.0.0.1/38109] INFO  volume.ThrottledAsyncChecker (ThrottledAsyncChecker.java:schedule(141)) - Scheduling a check for /github/workspace/mnt/ozone/hadoop-ozone/integration-test/target/test-dir/MiniOzoneClusterImpl-0875b59f-827e-470c-b6ab-7d6320bd5827/datanode-0/data-0/containers/hdds
2021-01-02 03:04:22,539 [Listener at 127.0.0.1/38109] INFO  volume.HddsVolumeChecker (HddsVolumeChecker.java:checkAllVolumes(200)) - Scheduled health check for volume /github/workspace/mnt/ozone/hadoop-ozone/integration-test/target/test-dir/MiniOzoneClusterImpl-0875b59f-827e-470c-b6ab-7d6320bd5827/datanode-0/data-0/containers/hdds
2021-01-02 03:04:22,552 [Thread-5641] INFO  ozoneimpl.ContainerReader (ContainerReader.java:readVolume(123)) - Start to verify containers on volume /github/workspace/mnt/ozone/hadoop-ozone/integration-test/target/test-dir/MiniOzoneClusterImpl-0875b59f-827e-470c-b6ab-7d6320bd5827/datanode-0/data-0/containers/hdds
2021-01-02 03:04:22,552 [Thread-5641] INFO  ozoneimpl.ContainerReader (ContainerReader.java:readVolume(148)) - Finish verifying containers on volume /github/workspace/mnt/ozone/hadoop-ozone/integration-test/target/test-dir/MiniOzoneClusterImpl-0875b59f-827e-470c-b6ab-7d6320bd5827/datanode-0/data-0/containers/hdds
2021-01-02 03:04:22,552 [Listener at 127.0.0.1/38109] INFO  ozoneimpl.OzoneContainer (OzoneContainer.java:buildContainerSet(194)) - Build ContainerSet costs 0s
2021-01-02 03:04:22,554 [Listener at 127.0.0.1/38109] INFO  server.RaftServer (ConfUtils.java:logGet(44)) - raft.rpc.type = GRPC (default)
2021-01-02 03:04:22,554 [Listener at 127.0.0.1/38109] INFO  grpc.GrpcFactory (GrpcFactory.java:checkPooledByteBufAllocatorUseCacheForAllThreads(48)) - PERFORMANCE WARNING: useCacheForAllThreads is true that may cause Netty to create a lot garbage objects and, as a result, trigger GC.
	It is recommended to disable useCacheForAllThreads by setting -Dorg.apache.ratis.thirdparty.io.netty.allocator.useCacheForAllThreads=false in command line.
2021-01-02 03:04:22,554 [Listener at 127.0.0.1/38109] INFO  grpc.GrpcConfigKeys (ConfUtils.java:logGet(44)) - raft.grpc.server.port = 0 (default)
2021-01-02 03:04:22,554 [Listener at 127.0.0.1/38109] INFO  server.GrpcService (ConfUtils.java:logGet(44)) - raft.grpc.message.size.max = 32MB (=33554432) (custom)
2021-01-02 03:04:22,554 [Listener at 127.0.0.1/38109] INFO  server.RaftServerConfigKeys (ConfUtils.java:logGet(44)) - raft.server.log.appender.buffer.byte-limit = 33554432 (custom)
2021-01-02 03:04:22,554 [Listener at 127.0.0.1/38109] INFO  server.GrpcService (ConfUtils.java:logGet(44)) - raft.grpc.flow.control.window = 5MB (=5242880) (custom)
2021-01-02 03:04:22,555 [Listener at 127.0.0.1/38109] INFO  server.RaftServerConfigKeys (ConfUtils.java:logGet(44)) - raft.server.rpc.request.timeout = 60s (custom)
2021-01-02 03:04:22,555 [Listener at 127.0.0.1/38109] INFO  impl.DataStreamServerImpl (ConfUtils.java:logGet(44)) - raft.datastream.type = DISABLED (default)
2021-01-02 03:04:22,556 [Listener at 127.0.0.1/38109] INFO  server.RaftServerConfigKeys (ConfUtils.java:logGet(44)) - raft.server.rpc.slowness.timeout = 300s (custom)
2021-01-02 03:04:22,556 [Listener at 127.0.0.1/38109] INFO  server.RaftServerConfigKeys (ConfUtils.java:logGet(44)) - raft.server.leaderelection.leader.step-down.wait-time = 10s (default)
2021-01-02 03:04:22,556 [Listener at 127.0.0.1/38109] INFO  server.RaftServerConfigKeys (ConfUtils.java:logGet(44)) - raft.server.storage.dir = [/github/workspace/mnt/ozone/hadoop-ozone/integration-test/target/test-dir/MiniOzoneClusterImpl-0875b59f-827e-470c-b6ab-7d6320bd5827/datanode-0/data/ratis] (custom)
2021-01-02 03:04:22,560 [Listener at 127.0.0.1/38109] INFO  http.BaseHttpServer (BaseHttpServer.java:newHttpServer2BuilderForOzone(207)) - Starting Web-server for hddsDatanode at: http://0.0.0.0:0
2021-01-02 03:04:22,560 [Listener at 127.0.0.1/38109] INFO  http.BaseHttpServer (BaseHttpServer.java:<init>(106)) - Hadoop Security Enabled: false Ozone Security Enabled: false Ozone HTTP Security Enabled: false 
2021-01-02 03:04:22,561 [Listener at 127.0.0.1/38109] INFO  server.AuthenticationFilter (AuthenticationFilter.java:constructSecretProvider(240)) - Unable to initialize FileSignerSecretProvider, falling back to use random secrets.
2021-01-02 03:04:22,561 [Listener at 127.0.0.1/38109] WARN  http.HttpRequestLog (HttpRequestLog.java:getRequestLog(103)) - Jetty request log can only be enabled using Log4j
2021-01-02 03:04:22,562 [Listener at 127.0.0.1/38109] INFO  http.HttpServer2 (HttpServer2.java:addGlobalFilter(1020)) - Added global filter 'safety' (class=org.apache.hadoop.hdds.server.http.HttpServer2$QuotingInputFilter)
2021-01-02 03:04:22,563 [Listener at 127.0.0.1/38109] INFO  http.HttpServer2 (HttpServer2.java:addFilter(996)) - Added filter static_user_filter (class=org.apache.hadoop.http.lib.StaticUserWebFilter$StaticUserFilter) to context hddsDatanode
2021-01-02 03:04:22,563 [Listener at 127.0.0.1/38109] INFO  http.HttpServer2 (HttpServer2.java:addFilter(1004)) - Added filter static_user_filter (class=org.apache.hadoop.http.lib.StaticUserWebFilter$StaticUserFilter) to context static
2021-01-02 03:04:22,563 [Listener at 127.0.0.1/38109] INFO  http.HttpServer2 (HttpServer2.java:addFilter(1004)) - Added filter static_user_filter (class=org.apache.hadoop.http.lib.StaticUserWebFilter$StaticUserFilter) to context logs
2021-01-02 03:04:22,563 [Listener at 127.0.0.1/38109] INFO  http.HttpServer2 (HttpServer2.java:bindListener(1238)) - Jetty bound to port 42549
2021-01-02 03:04:22,563 [Listener at 127.0.0.1/38109] INFO  server.Server (Server.java:doStart(375)) - jetty-9.4.34.v20201102; built: 2020-11-02T14:15:39.302Z; git: e46af88704a893fc12cb0e3bf46e2c7b48a009e7; jvm 1.8.0_232-b09
2021-01-02 03:04:22,565 [Listener at 127.0.0.1/38109] INFO  server.session (DefaultSessionIdManager.java:doStart(334)) - DefaultSessionIdManager workerName=node0
2021-01-02 03:04:22,565 [Listener at 127.0.0.1/38109] INFO  server.session (DefaultSessionIdManager.java:doStart(339)) - No SessionScavenger set, using defaults
2021-01-02 03:04:22,565 [Listener at 127.0.0.1/38109] INFO  server.session (HouseKeeper.java:startScavenging(132)) - node0 Scavenging every 600000ms
2021-01-02 03:04:22,566 [Listener at 127.0.0.1/38109] INFO  handler.ContextHandler (ContextHandler.java:doStart(916)) - Started o.e.j.s.ServletContextHandler@363f50e3{logs,/logs,file:///github/workspace/mnt/ozone/hadoop-ozone/integration-test/target/log,AVAILABLE}
2021-01-02 03:04:22,566 [Listener at 127.0.0.1/38109] INFO  handler.ContextHandler (ContextHandler.java:doStart(916)) - Started o.e.j.s.ServletContextHandler@32b72d9d{static,/static,jar:file:/home/user/.m2/repository/org/apache/hadoop/hadoop-hdds-container-service/1.1.0-SNAPSHOT/hadoop-hdds-container-service-1.1.0-SNAPSHOT.jar!/webapps/static,AVAILABLE}
2021-01-02 03:04:22,729 [Listener at 127.0.0.1/38109] INFO  handler.ContextHandler (ContextHandler.java:doStart(916)) - Started o.e.j.w.WebAppContext@6eec5a54{hddsDatanode,/,file:///tmp/jetty-0_0_0_0-42549-hadoop-hdds-container-service-1_1_0-SNAPSHOT_jar-_-any-9188431261056662320/webapp/,AVAILABLE}{jar:file:/home/user/.m2/repository/org/apache/hadoop/hadoop-hdds-container-service/1.1.0-SNAPSHOT/hadoop-hdds-container-service-1.1.0-SNAPSHOT.jar!/webapps/hddsDatanode}
2021-01-02 03:04:22,730 [Listener at 127.0.0.1/38109] INFO  server.AbstractConnector (AbstractConnector.java:doStart(331)) - Started ServerConnector@23519e4a{HTTP/1.1, (http/1.1)}{0.0.0.0:42549}
2021-01-02 03:04:22,730 [Listener at 127.0.0.1/38109] INFO  server.Server (Server.java:doStart(415)) - Started @392147ms
2021-01-02 03:04:22,730 [Listener at 127.0.0.1/38109] WARN  impl.MetricsSystemImpl (MetricsSystemImpl.java:register(276)) - Sink prometheus already exists!
2021-01-02 03:04:22,733 [Listener at 127.0.0.1/38109] INFO  http.BaseHttpServer (BaseHttpServer.java:updateConnectorAddress(327)) - HTTP server of hddsDatanode listening at http://0.0.0.0:42549
2021-01-02 03:04:22,734 [Listener at 127.0.0.1/38109] INFO  impl.MetricsSystemImpl (MetricsSystemImpl.java:init(158)) - HddsDatanode metrics system started (again)
2021-01-02 03:04:22,735 [Listener at 127.0.0.1/38109] INFO  ozone.HddsDatanodeService (HddsDatanodeService.java:start(217)) - HddsDatanodeService host:e25e13fd87ad ip:172.17.0.2
2021-01-02 03:04:22,737 [org.apache.hadoop.util.JvmPauseMonitor$Monitor@3fb78864] INFO  util.JvmPauseMonitor (JvmPauseMonitor.java:run(188)) - Starting JVM pause monitor
2021-01-02 03:04:22,737 [Datanode State Machine Task Thread - 0] INFO  datanode.InitDatanodeState (InitDatanodeState.java:persistContainerDatanodeDetails(145)) - DatanodeDetails is persisted to /github/workspace/mnt/ozone/hadoop-ozone/integration-test/target/test-dir/MiniOzoneClusterImpl-0875b59f-827e-470c-b6ab-7d6320bd5827/datanode-0/meta/datanode.id
2021-01-02 03:04:22,738 [Listener at 127.0.0.1/38109] INFO  volume.HddsVolume (HddsVolume.java:<init>(176)) - Creating Volume: /github/workspace/mnt/ozone/hadoop-ozone/integration-test/target/test-dir/MiniOzoneClusterImpl-0875b59f-827e-470c-b6ab-7d6320bd5827/datanode-1/data-0/containers/hdds of storage type : DISK and capacity : 9223372036854775807
2021-01-02 03:04:22,738 [Listener at 127.0.0.1/38109] INFO  volume.MutableVolumeSet (MutableVolumeSet.java:initializeVolumeSet(179)) - Added Volume : /github/workspace/mnt/ozone/hadoop-ozone/integration-test/target/test-dir/MiniOzoneClusterImpl-0875b59f-827e-470c-b6ab-7d6320bd5827/datanode-1/data-0/containers/hdds to VolumeSet
2021-01-02 03:04:22,738 [Listener at 127.0.0.1/38109] INFO  volume.ThrottledAsyncChecker (ThrottledAsyncChecker.java:schedule(141)) - Scheduling a check for /github/workspace/mnt/ozone/hadoop-ozone/integration-test/target/test-dir/MiniOzoneClusterImpl-0875b59f-827e-470c-b6ab-7d6320bd5827/datanode-1/data-0/containers/hdds
2021-01-02 03:04:22,739 [Listener at 127.0.0.1/38109] INFO  volume.HddsVolumeChecker (HddsVolumeChecker.java:checkAllVolumes(200)) - Scheduled health check for volume /github/workspace/mnt/ozone/hadoop-ozone/integration-test/target/test-dir/MiniOzoneClusterImpl-0875b59f-827e-470c-b6ab-7d6320bd5827/datanode-1/data-0/containers/hdds
2021-01-02 03:04:22,752 [Thread-5652] INFO  ozoneimpl.ContainerReader (ContainerReader.java:readVolume(123)) - Start to verify containers on volume /github/workspace/mnt/ozone/hadoop-ozone/integration-test/target/test-dir/MiniOzoneClusterImpl-0875b59f-827e-470c-b6ab-7d6320bd5827/datanode-1/data-0/containers/hdds
2021-01-02 03:04:22,752 [Thread-5652] INFO  ozoneimpl.ContainerReader (ContainerReader.java:readVolume(148)) - Finish verifying containers on volume /github/workspace/mnt/ozone/hadoop-ozone/integration-test/target/test-dir/MiniOzoneClusterImpl-0875b59f-827e-470c-b6ab-7d6320bd5827/datanode-1/data-0/containers/hdds
2021-01-02 03:04:22,752 [Listener at 127.0.0.1/38109] INFO  ozoneimpl.OzoneContainer (OzoneContainer.java:buildContainerSet(194)) - Build ContainerSet costs 0s
2021-01-02 03:04:22,754 [Listener at 127.0.0.1/38109] INFO  server.RaftServer (ConfUtils.java:logGet(44)) - raft.rpc.type = GRPC (default)
2021-01-02 03:04:22,754 [Listener at 127.0.0.1/38109] INFO  grpc.GrpcFactory (GrpcFactory.java:checkPooledByteBufAllocatorUseCacheForAllThreads(48)) - PERFORMANCE WARNING: useCacheForAllThreads is true that may cause Netty to create a lot garbage objects and, as a result, trigger GC.
	It is recommended to disable useCacheForAllThreads by setting -Dorg.apache.ratis.thirdparty.io.netty.allocator.useCacheForAllThreads=false in command line.
2021-01-02 03:04:22,754 [Listener at 127.0.0.1/38109] INFO  grpc.GrpcConfigKeys (ConfUtils.java:logGet(44)) - raft.grpc.server.port = 0 (default)
2021-01-02 03:04:22,754 [Listener at 127.0.0.1/38109] INFO  server.GrpcService (ConfUtils.java:logGet(44)) - raft.grpc.message.size.max = 32MB (=33554432) (custom)
2021-01-02 03:04:22,754 [Listener at 127.0.0.1/38109] INFO  server.RaftServerConfigKeys (ConfUtils.java:logGet(44)) - raft.server.log.appender.buffer.byte-limit = 33554432 (custom)
2021-01-02 03:04:22,754 [Listener at 127.0.0.1/38109] INFO  server.GrpcService (ConfUtils.java:logGet(44)) - raft.grpc.flow.control.window = 5MB (=5242880) (custom)
2021-01-02 03:04:22,755 [Listener at 127.0.0.1/38109] INFO  server.RaftServerConfigKeys (ConfUtils.java:logGet(44)) - raft.server.rpc.request.timeout = 60s (custom)
2021-01-02 03:04:22,756 [Listener at 127.0.0.1/38109] INFO  impl.DataStreamServerImpl (ConfUtils.java:logGet(44)) - raft.datastream.type = DISABLED (default)
2021-01-02 03:04:22,756 [Listener at 127.0.0.1/38109] INFO  server.RaftServerConfigKeys (ConfUtils.java:logGet(44)) - raft.server.rpc.slowness.timeout = 300s (custom)
2021-01-02 03:04:22,756 [Listener at 127.0.0.1/38109] INFO  server.RaftServerConfigKeys (ConfUtils.java:logGet(44)) - raft.server.leaderelection.leader.step-down.wait-time = 10s (default)
2021-01-02 03:04:22,756 [Listener at 127.0.0.1/38109] INFO  server.RaftServerConfigKeys (ConfUtils.java:logGet(44)) - raft.server.storage.dir = [/github/workspace/mnt/ozone/hadoop-ozone/integration-test/target/test-dir/MiniOzoneClusterImpl-0875b59f-827e-470c-b6ab-7d6320bd5827/datanode-1/data/ratis] (custom)
2021-01-02 03:04:22,763 [Listener at 127.0.0.1/38109] INFO  http.BaseHttpServer (BaseHttpServer.java:newHttpServer2BuilderForOzone(207)) - Starting Web-server for hddsDatanode at: http://0.0.0.0:0
2021-01-02 03:04:22,763 [Listener at 127.0.0.1/38109] INFO  http.BaseHttpServer (BaseHttpServer.java:<init>(106)) - Hadoop Security Enabled: false Ozone Security Enabled: false Ozone HTTP Security Enabled: false 
2021-01-02 03:04:22,764 [Listener at 127.0.0.1/38109] INFO  server.AuthenticationFilter (AuthenticationFilter.java:constructSecretProvider(240)) - Unable to initialize FileSignerSecretProvider, falling back to use random secrets.
2021-01-02 03:04:22,764 [Listener at 127.0.0.1/38109] WARN  http.HttpRequestLog (HttpRequestLog.java:getRequestLog(103)) - Jetty request log can only be enabled using Log4j
2021-01-02 03:04:22,765 [Listener at 127.0.0.1/38109] INFO  http.HttpServer2 (HttpServer2.java:addGlobalFilter(1020)) - Added global filter 'safety' (class=org.apache.hadoop.hdds.server.http.HttpServer2$QuotingInputFilter)
2021-01-02 03:04:22,765 [Listener at 127.0.0.1/38109] INFO  http.HttpServer2 (HttpServer2.java:addFilter(996)) - Added filter static_user_filter (class=org.apache.hadoop.http.lib.StaticUserWebFilter$StaticUserFilter) to context hddsDatanode
2021-01-02 03:04:22,765 [Listener at 127.0.0.1/38109] INFO  http.HttpServer2 (HttpServer2.java:addFilter(1004)) - Added filter static_user_filter (class=org.apache.hadoop.http.lib.StaticUserWebFilter$StaticUserFilter) to context logs
2021-01-02 03:04:22,765 [Listener at 127.0.0.1/38109] INFO  http.HttpServer2 (HttpServer2.java:addFilter(1004)) - Added filter static_user_filter (class=org.apache.hadoop.http.lib.StaticUserWebFilter$StaticUserFilter) to context static
2021-01-02 03:04:22,766 [Listener at 127.0.0.1/38109] INFO  http.HttpServer2 (HttpServer2.java:bindListener(1238)) - Jetty bound to port 45859
2021-01-02 03:04:22,766 [Listener at 127.0.0.1/38109] INFO  server.Server (Server.java:doStart(375)) - jetty-9.4.34.v20201102; built: 2020-11-02T14:15:39.302Z; git: e46af88704a893fc12cb0e3bf46e2c7b48a009e7; jvm 1.8.0_232-b09
2021-01-02 03:04:22,767 [Listener at 127.0.0.1/38109] INFO  server.session (DefaultSessionIdManager.java:doStart(334)) - DefaultSessionIdManager workerName=node0
2021-01-02 03:04:22,767 [Listener at 127.0.0.1/38109] INFO  server.session (DefaultSessionIdManager.java:doStart(339)) - No SessionScavenger set, using defaults
2021-01-02 03:04:22,768 [Listener at 127.0.0.1/38109] INFO  server.session (HouseKeeper.java:startScavenging(132)) - node0 Scavenging every 660000ms
2021-01-02 03:04:22,768 [Listener at 127.0.0.1/38109] INFO  handler.ContextHandler (ContextHandler.java:doStart(916)) - Started o.e.j.s.ServletContextHandler@9c44b{logs,/logs,file:///github/workspace/mnt/ozone/hadoop-ozone/integration-test/target/log,AVAILABLE}
2021-01-02 03:04:22,768 [Listener at 127.0.0.1/38109] INFO  handler.ContextHandler (ContextHandler.java:doStart(916)) - Started o.e.j.s.ServletContextHandler@fbd0581{static,/static,jar:file:/home/user/.m2/repository/org/apache/hadoop/hadoop-hdds-container-service/1.1.0-SNAPSHOT/hadoop-hdds-container-service-1.1.0-SNAPSHOT.jar!/webapps/static,AVAILABLE}
2021-01-02 03:04:22,933 [Listener at 127.0.0.1/38109] INFO  handler.ContextHandler (ContextHandler.java:doStart(916)) - Started o.e.j.w.WebAppContext@4db4ec6a{hddsDatanode,/,file:///tmp/jetty-0_0_0_0-45859-hadoop-hdds-container-service-1_1_0-SNAPSHOT_jar-_-any-7083726207995403419/webapp/,AVAILABLE}{jar:file:/home/user/.m2/repository/org/apache/hadoop/hadoop-hdds-container-service/1.1.0-SNAPSHOT/hadoop-hdds-container-service-1.1.0-SNAPSHOT.jar!/webapps/hddsDatanode}
2021-01-02 03:04:22,934 [Listener at 127.0.0.1/38109] INFO  server.AbstractConnector (AbstractConnector.java:doStart(331)) - Started ServerConnector@5620fac7{HTTP/1.1, (http/1.1)}{0.0.0.0:45859}
2021-01-02 03:04:22,934 [Listener at 127.0.0.1/38109] INFO  server.Server (Server.java:doStart(415)) - Started @392351ms
2021-01-02 03:04:22,934 [Listener at 127.0.0.1/38109] WARN  impl.MetricsSystemImpl (MetricsSystemImpl.java:register(276)) - Sink prometheus already exists!
2021-01-02 03:04:22,938 [Listener at 127.0.0.1/38109] INFO  http.BaseHttpServer (BaseHttpServer.java:updateConnectorAddress(327)) - HTTP server of hddsDatanode listening at http://0.0.0.0:45859
2021-01-02 03:04:22,939 [Listener at 127.0.0.1/38109] INFO  impl.MetricsSystemImpl (MetricsSystemImpl.java:init(158)) - HddsDatanode metrics system started (again)
2021-01-02 03:04:22,941 [Listener at 127.0.0.1/38109] INFO  ozone.HddsDatanodeService (HddsDatanodeService.java:start(217)) - HddsDatanodeService host:e25e13fd87ad ip:172.17.0.2
2021-01-02 03:04:22,941 [org.apache.hadoop.util.JvmPauseMonitor$Monitor@5e0718c9] INFO  util.JvmPauseMonitor (JvmPauseMonitor.java:run(188)) - Starting JVM pause monitor
2021-01-02 03:04:22,942 [Listener at 127.0.0.1/38109] INFO  volume.HddsVolume (HddsVolume.java:<init>(176)) - Creating Volume: /github/workspace/mnt/ozone/hadoop-ozone/integration-test/target/test-dir/MiniOzoneClusterImpl-0875b59f-827e-470c-b6ab-7d6320bd5827/datanode-2/data-0/containers/hdds of storage type : DISK and capacity : 9223372036854775807
2021-01-02 03:04:22,942 [Datanode State Machine Task Thread - 0] INFO  datanode.InitDatanodeState (InitDatanodeState.java:persistContainerDatanodeDetails(145)) - DatanodeDetails is persisted to /github/workspace/mnt/ozone/hadoop-ozone/integration-test/target/test-dir/MiniOzoneClusterImpl-0875b59f-827e-470c-b6ab-7d6320bd5827/datanode-1/meta/datanode.id
2021-01-02 03:04:22,942 [Listener at 127.0.0.1/38109] INFO  volume.MutableVolumeSet (MutableVolumeSet.java:initializeVolumeSet(179)) - Added Volume : /github/workspace/mnt/ozone/hadoop-ozone/integration-test/target/test-dir/MiniOzoneClusterImpl-0875b59f-827e-470c-b6ab-7d6320bd5827/datanode-2/data-0/containers/hdds to VolumeSet
2021-01-02 03:04:22,942 [Listener at 127.0.0.1/38109] INFO  volume.ThrottledAsyncChecker (ThrottledAsyncChecker.java:schedule(141)) - Scheduling a check for /github/workspace/mnt/ozone/hadoop-ozone/integration-test/target/test-dir/MiniOzoneClusterImpl-0875b59f-827e-470c-b6ab-7d6320bd5827/datanode-2/data-0/containers/hdds
2021-01-02 03:04:22,942 [Listener at 127.0.0.1/38109] INFO  volume.HddsVolumeChecker (HddsVolumeChecker.java:checkAllVolumes(200)) - Scheduled health check for volume /github/workspace/mnt/ozone/hadoop-ozone/integration-test/target/test-dir/MiniOzoneClusterImpl-0875b59f-827e-470c-b6ab-7d6320bd5827/datanode-2/data-0/containers/hdds
2021-01-02 03:04:22,955 [Thread-5663] INFO  ozoneimpl.ContainerReader (ContainerReader.java:readVolume(123)) - Start to verify containers on volume /github/workspace/mnt/ozone/hadoop-ozone/integration-test/target/test-dir/MiniOzoneClusterImpl-0875b59f-827e-470c-b6ab-7d6320bd5827/datanode-2/data-0/containers/hdds
2021-01-02 03:04:22,955 [Thread-5663] INFO  ozoneimpl.ContainerReader (ContainerReader.java:readVolume(148)) - Finish verifying containers on volume /github/workspace/mnt/ozone/hadoop-ozone/integration-test/target/test-dir/MiniOzoneClusterImpl-0875b59f-827e-470c-b6ab-7d6320bd5827/datanode-2/data-0/containers/hdds
2021-01-02 03:04:22,956 [Listener at 127.0.0.1/38109] INFO  ozoneimpl.OzoneContainer (OzoneContainer.java:buildContainerSet(194)) - Build ContainerSet costs 0s
2021-01-02 03:04:22,957 [Listener at 127.0.0.1/38109] INFO  server.RaftServer (ConfUtils.java:logGet(44)) - raft.rpc.type = GRPC (default)
2021-01-02 03:04:22,957 [Listener at 127.0.0.1/38109] INFO  grpc.GrpcFactory (GrpcFactory.java:checkPooledByteBufAllocatorUseCacheForAllThreads(48)) - PERFORMANCE WARNING: useCacheForAllThreads is true that may cause Netty to create a lot garbage objects and, as a result, trigger GC.
	It is recommended to disable useCacheForAllThreads by setting -Dorg.apache.ratis.thirdparty.io.netty.allocator.useCacheForAllThreads=false in command line.
2021-01-02 03:04:22,958 [Listener at 127.0.0.1/38109] INFO  grpc.GrpcConfigKeys (ConfUtils.java:logGet(44)) - raft.grpc.server.port = 0 (default)
2021-01-02 03:04:22,958 [Listener at 127.0.0.1/38109] INFO  server.GrpcService (ConfUtils.java:logGet(44)) - raft.grpc.message.size.max = 32MB (=33554432) (custom)
2021-01-02 03:04:22,958 [Listener at 127.0.0.1/38109] INFO  server.RaftServerConfigKeys (ConfUtils.java:logGet(44)) - raft.server.log.appender.buffer.byte-limit = 33554432 (custom)
2021-01-02 03:04:22,958 [Listener at 127.0.0.1/38109] INFO  server.GrpcService (ConfUtils.java:logGet(44)) - raft.grpc.flow.control.window = 5MB (=5242880) (custom)
2021-01-02 03:04:22,958 [Listener at 127.0.0.1/38109] INFO  server.RaftServerConfigKeys (ConfUtils.java:logGet(44)) - raft.server.rpc.request.timeout = 60s (custom)
2021-01-02 03:04:22,959 [Listener at 127.0.0.1/38109] INFO  impl.DataStreamServerImpl (ConfUtils.java:logGet(44)) - raft.datastream.type = DISABLED (default)
2021-01-02 03:04:22,959 [Listener at 127.0.0.1/38109] INFO  server.RaftServerConfigKeys (ConfUtils.java:logGet(44)) - raft.server.rpc.slowness.timeout = 300s (custom)
2021-01-02 03:04:22,959 [Listener at 127.0.0.1/38109] INFO  server.RaftServerConfigKeys (ConfUtils.java:logGet(44)) - raft.server.leaderelection.leader.step-down.wait-time = 10s (default)
2021-01-02 03:04:22,960 [Listener at 127.0.0.1/38109] INFO  server.RaftServerConfigKeys (ConfUtils.java:logGet(44)) - raft.server.storage.dir = [/github/workspace/mnt/ozone/hadoop-ozone/integration-test/target/test-dir/MiniOzoneClusterImpl-0875b59f-827e-470c-b6ab-7d6320bd5827/datanode-2/data/ratis] (custom)
2021-01-02 03:04:22,964 [Listener at 127.0.0.1/38109] INFO  http.BaseHttpServer (BaseHttpServer.java:newHttpServer2BuilderForOzone(207)) - Starting Web-server for hddsDatanode at: http://0.0.0.0:0
2021-01-02 03:04:22,964 [Listener at 127.0.0.1/38109] INFO  http.BaseHttpServer (BaseHttpServer.java:<init>(106)) - Hadoop Security Enabled: false Ozone Security Enabled: false Ozone HTTP Security Enabled: false 
2021-01-02 03:04:22,965 [Listener at 127.0.0.1/38109] INFO  server.AuthenticationFilter (AuthenticationFilter.java:constructSecretProvider(240)) - Unable to initialize FileSignerSecretProvider, falling back to use random secrets.
2021-01-02 03:04:22,965 [Listener at 127.0.0.1/38109] WARN  http.HttpRequestLog (HttpRequestLog.java:getRequestLog(103)) - Jetty request log can only be enabled using Log4j
2021-01-02 03:04:22,966 [Listener at 127.0.0.1/38109] INFO  http.HttpServer2 (HttpServer2.java:addGlobalFilter(1020)) - Added global filter 'safety' (class=org.apache.hadoop.hdds.server.http.HttpServer2$QuotingInputFilter)
2021-01-02 03:04:22,966 [Listener at 127.0.0.1/38109] INFO  http.HttpServer2 (HttpServer2.java:addFilter(996)) - Added filter static_user_filter (class=org.apache.hadoop.http.lib.StaticUserWebFilter$StaticUserFilter) to context hddsDatanode
2021-01-02 03:04:22,966 [Listener at 127.0.0.1/38109] INFO  http.HttpServer2 (HttpServer2.java:addFilter(1004)) - Added filter static_user_filter (class=org.apache.hadoop.http.lib.StaticUserWebFilter$StaticUserFilter) to context static
2021-01-02 03:04:22,966 [Listener at 127.0.0.1/38109] INFO  http.HttpServer2 (HttpServer2.java:addFilter(1004)) - Added filter static_user_filter (class=org.apache.hadoop.http.lib.StaticUserWebFilter$StaticUserFilter) to context logs
2021-01-02 03:04:22,967 [Listener at 127.0.0.1/38109] INFO  http.HttpServer2 (HttpServer2.java:bindListener(1238)) - Jetty bound to port 33677
2021-01-02 03:04:22,967 [Listener at 127.0.0.1/38109] INFO  server.Server (Server.java:doStart(375)) - jetty-9.4.34.v20201102; built: 2020-11-02T14:15:39.302Z; git: e46af88704a893fc12cb0e3bf46e2c7b48a009e7; jvm 1.8.0_232-b09
2021-01-02 03:04:22,976 [Listener at 127.0.0.1/38109] INFO  server.session (DefaultSessionIdManager.java:doStart(334)) - DefaultSessionIdManager workerName=node0
2021-01-02 03:04:22,976 [Listener at 127.0.0.1/38109] INFO  server.session (DefaultSessionIdManager.java:doStart(339)) - No SessionScavenger set, using defaults
2021-01-02 03:04:22,976 [Listener at 127.0.0.1/38109] INFO  server.session (HouseKeeper.java:startScavenging(132)) - node0 Scavenging every 660000ms
2021-01-02 03:04:22,977 [Listener at 127.0.0.1/38109] INFO  handler.ContextHandler (ContextHandler.java:doStart(916)) - Started o.e.j.s.ServletContextHandler@39e79429{logs,/logs,file:///github/workspace/mnt/ozone/hadoop-ozone/integration-test/target/log,AVAILABLE}
2021-01-02 03:04:22,977 [Listener at 127.0.0.1/38109] INFO  handler.ContextHandler (ContextHandler.java:doStart(916)) - Started o.e.j.s.ServletContextHandler@6afa82fe{static,/static,jar:file:/home/user/.m2/repository/org/apache/hadoop/hadoop-hdds-container-service/1.1.0-SNAPSHOT/hadoop-hdds-container-service-1.1.0-SNAPSHOT.jar!/webapps/static,AVAILABLE}
2021-01-02 03:04:23,139 [Listener at 127.0.0.1/38109] INFO  handler.ContextHandler (ContextHandler.java:doStart(916)) - Started o.e.j.w.WebAppContext@43b98754{hddsDatanode,/,file:///tmp/jetty-0_0_0_0-33677-hadoop-hdds-container-service-1_1_0-SNAPSHOT_jar-_-any-7997824531745738731/webapp/,AVAILABLE}{jar:file:/home/user/.m2/repository/org/apache/hadoop/hadoop-hdds-container-service/1.1.0-SNAPSHOT/hadoop-hdds-container-service-1.1.0-SNAPSHOT.jar!/webapps/hddsDatanode}
2021-01-02 03:04:23,141 [Listener at 127.0.0.1/38109] INFO  server.AbstractConnector (AbstractConnector.java:doStart(331)) - Started ServerConnector@62edd125{HTTP/1.1, (http/1.1)}{0.0.0.0:33677}
2021-01-02 03:04:23,141 [Listener at 127.0.0.1/38109] INFO  server.Server (Server.java:doStart(415)) - Started @392557ms
2021-01-02 03:04:23,141 [Listener at 127.0.0.1/38109] WARN  impl.MetricsSystemImpl (MetricsSystemImpl.java:register(276)) - Sink prometheus already exists!
2021-01-02 03:04:23,144 [Listener at 127.0.0.1/38109] INFO  http.BaseHttpServer (BaseHttpServer.java:updateConnectorAddress(327)) - HTTP server of hddsDatanode listening at http://0.0.0.0:33677
2021-01-02 03:04:23,145 [Listener at 127.0.0.1/38109] INFO  impl.MetricsSystemImpl (MetricsSystemImpl.java:init(158)) - HddsDatanode metrics system started (again)
2021-01-02 03:04:23,147 [Listener at 127.0.0.1/38109] INFO  ozone.HddsDatanodeService (HddsDatanodeService.java:start(217)) - HddsDatanodeService host:e25e13fd87ad ip:172.17.0.2
2021-01-02 03:04:23,148 [Listener at 127.0.0.1/38109] INFO  volume.HddsVolume (HddsVolume.java:<init>(176)) - Creating Volume: /github/workspace/mnt/ozone/hadoop-ozone/integration-test/target/test-dir/MiniOzoneClusterImpl-0875b59f-827e-470c-b6ab-7d6320bd5827/datanode-3/data-0/containers/hdds of storage type : DISK and capacity : 9223372036854775807
2021-01-02 03:04:23,148 [Listener at 127.0.0.1/38109] INFO  volume.MutableVolumeSet (MutableVolumeSet.java:initializeVolumeSet(179)) - Added Volume : /github/workspace/mnt/ozone/hadoop-ozone/integration-test/target/test-dir/MiniOzoneClusterImpl-0875b59f-827e-470c-b6ab-7d6320bd5827/datanode-3/data-0/containers/hdds to VolumeSet
2021-01-02 03:04:23,148 [Listener at 127.0.0.1/38109] INFO  volume.ThrottledAsyncChecker (ThrottledAsyncChecker.java:schedule(141)) - Scheduling a check for /github/workspace/mnt/ozone/hadoop-ozone/integration-test/target/test-dir/MiniOzoneClusterImpl-0875b59f-827e-470c-b6ab-7d6320bd5827/datanode-3/data-0/containers/hdds
2021-01-02 03:04:23,149 [org.apache.hadoop.util.JvmPauseMonitor$Monitor@4832e2b0] INFO  util.JvmPauseMonitor (JvmPauseMonitor.java:run(188)) - Starting JVM pause monitor
2021-01-02 03:04:23,149 [Datanode State Machine Task Thread - 0] INFO  datanode.InitDatanodeState (InitDatanodeState.java:persistContainerDatanodeDetails(145)) - DatanodeDetails is persisted to /github/workspace/mnt/ozone/hadoop-ozone/integration-test/target/test-dir/MiniOzoneClusterImpl-0875b59f-827e-470c-b6ab-7d6320bd5827/datanode-2/meta/datanode.id
2021-01-02 03:04:23,150 [Listener at 127.0.0.1/38109] INFO  volume.HddsVolumeChecker (HddsVolumeChecker.java:checkAllVolumes(200)) - Scheduled health check for volume /github/workspace/mnt/ozone/hadoop-ozone/integration-test/target/test-dir/MiniOzoneClusterImpl-0875b59f-827e-470c-b6ab-7d6320bd5827/datanode-3/data-0/containers/hdds
2021-01-02 03:04:23,162 [Thread-5674] INFO  ozoneimpl.ContainerReader (ContainerReader.java:readVolume(123)) - Start to verify containers on volume /github/workspace/mnt/ozone/hadoop-ozone/integration-test/target/test-dir/MiniOzoneClusterImpl-0875b59f-827e-470c-b6ab-7d6320bd5827/datanode-3/data-0/containers/hdds
2021-01-02 03:04:23,162 [Thread-5674] INFO  ozoneimpl.ContainerReader (ContainerReader.java:readVolume(148)) - Finish verifying containers on volume /github/workspace/mnt/ozone/hadoop-ozone/integration-test/target/test-dir/MiniOzoneClusterImpl-0875b59f-827e-470c-b6ab-7d6320bd5827/datanode-3/data-0/containers/hdds
2021-01-02 03:04:23,162 [Listener at 127.0.0.1/38109] INFO  ozoneimpl.OzoneContainer (OzoneContainer.java:buildContainerSet(194)) - Build ContainerSet costs 0s
2021-01-02 03:04:23,164 [Listener at 127.0.0.1/38109] INFO  server.RaftServer (ConfUtils.java:logGet(44)) - raft.rpc.type = GRPC (default)
2021-01-02 03:04:23,164 [Listener at 127.0.0.1/38109] INFO  grpc.GrpcFactory (GrpcFactory.java:checkPooledByteBufAllocatorUseCacheForAllThreads(48)) - PERFORMANCE WARNING: useCacheForAllThreads is true that may cause Netty to create a lot garbage objects and, as a result, trigger GC.
	It is recommended to disable useCacheForAllThreads by setting -Dorg.apache.ratis.thirdparty.io.netty.allocator.useCacheForAllThreads=false in command line.
2021-01-02 03:04:23,164 [Listener at 127.0.0.1/38109] INFO  grpc.GrpcConfigKeys (ConfUtils.java:logGet(44)) - raft.grpc.server.port = 0 (default)
2021-01-02 03:04:23,164 [Listener at 127.0.0.1/38109] INFO  server.GrpcService (ConfUtils.java:logGet(44)) - raft.grpc.message.size.max = 32MB (=33554432) (custom)
2021-01-02 03:04:23,164 [Listener at 127.0.0.1/38109] INFO  server.RaftServerConfigKeys (ConfUtils.java:logGet(44)) - raft.server.log.appender.buffer.byte-limit = 33554432 (custom)
2021-01-02 03:04:23,165 [Listener at 127.0.0.1/38109] INFO  server.GrpcService (ConfUtils.java:logGet(44)) - raft.grpc.flow.control.window = 5MB (=5242880) (custom)
2021-01-02 03:04:23,165 [Listener at 127.0.0.1/38109] INFO  server.RaftServerConfigKeys (ConfUtils.java:logGet(44)) - raft.server.rpc.request.timeout = 60s (custom)
2021-01-02 03:04:23,166 [Listener at 127.0.0.1/38109] INFO  impl.DataStreamServerImpl (ConfUtils.java:logGet(44)) - raft.datastream.type = DISABLED (default)
2021-01-02 03:04:23,166 [Listener at 127.0.0.1/38109] INFO  server.RaftServerConfigKeys (ConfUtils.java:logGet(44)) - raft.server.rpc.slowness.timeout = 300s (custom)
2021-01-02 03:04:23,166 [Listener at 127.0.0.1/38109] INFO  server.RaftServerConfigKeys (ConfUtils.java:logGet(44)) - raft.server.leaderelection.leader.step-down.wait-time = 10s (default)
2021-01-02 03:04:23,166 [Listener at 127.0.0.1/38109] INFO  server.RaftServerConfigKeys (ConfUtils.java:logGet(44)) - raft.server.storage.dir = [/github/workspace/mnt/ozone/hadoop-ozone/integration-test/target/test-dir/MiniOzoneClusterImpl-0875b59f-827e-470c-b6ab-7d6320bd5827/datanode-3/data/ratis] (custom)
2021-01-02 03:04:23,172 [Listener at 127.0.0.1/38109] INFO  http.BaseHttpServer (BaseHttpServer.java:newHttpServer2BuilderForOzone(207)) - Starting Web-server for hddsDatanode at: http://0.0.0.0:0
2021-01-02 03:04:23,172 [Listener at 127.0.0.1/38109] INFO  http.BaseHttpServer (BaseHttpServer.java:<init>(106)) - Hadoop Security Enabled: false Ozone Security Enabled: false Ozone HTTP Security Enabled: false 
2021-01-02 03:04:23,173 [Listener at 127.0.0.1/38109] INFO  server.AuthenticationFilter (AuthenticationFilter.java:constructSecretProvider(240)) - Unable to initialize FileSignerSecretProvider, falling back to use random secrets.
2021-01-02 03:04:23,174 [Listener at 127.0.0.1/38109] WARN  http.HttpRequestLog (HttpRequestLog.java:getRequestLog(103)) - Jetty request log can only be enabled using Log4j
2021-01-02 03:04:23,175 [Listener at 127.0.0.1/38109] INFO  http.HttpServer2 (HttpServer2.java:addGlobalFilter(1020)) - Added global filter 'safety' (class=org.apache.hadoop.hdds.server.http.HttpServer2$QuotingInputFilter)
2021-01-02 03:04:23,175 [Listener at 127.0.0.1/38109] INFO  http.HttpServer2 (HttpServer2.java:addFilter(996)) - Added filter static_user_filter (class=org.apache.hadoop.http.lib.StaticUserWebFilter$StaticUserFilter) to context hddsDatanode
2021-01-02 03:04:23,175 [Listener at 127.0.0.1/38109] INFO  http.HttpServer2 (HttpServer2.java:addFilter(1004)) - Added filter static_user_filter (class=org.apache.hadoop.http.lib.StaticUserWebFilter$StaticUserFilter) to context static
2021-01-02 03:04:23,175 [Listener at 127.0.0.1/38109] INFO  http.HttpServer2 (HttpServer2.java:addFilter(1004)) - Added filter static_user_filter (class=org.apache.hadoop.http.lib.StaticUserWebFilter$StaticUserFilter) to context logs
2021-01-02 03:04:23,176 [Listener at 127.0.0.1/38109] INFO  http.HttpServer2 (HttpServer2.java:bindListener(1238)) - Jetty bound to port 40687
2021-01-02 03:04:23,176 [Listener at 127.0.0.1/38109] INFO  server.Server (Server.java:doStart(375)) - jetty-9.4.34.v20201102; built: 2020-11-02T14:15:39.302Z; git: e46af88704a893fc12cb0e3bf46e2c7b48a009e7; jvm 1.8.0_232-b09
2021-01-02 03:04:23,177 [Listener at 127.0.0.1/38109] INFO  server.session (DefaultSessionIdManager.java:doStart(334)) - DefaultSessionIdManager workerName=node0
2021-01-02 03:04:23,177 [Listener at 127.0.0.1/38109] INFO  server.session (DefaultSessionIdManager.java:doStart(339)) - No SessionScavenger set, using defaults
2021-01-02 03:04:23,177 [Listener at 127.0.0.1/38109] INFO  server.session (HouseKeeper.java:startScavenging(132)) - node0 Scavenging every 600000ms
2021-01-02 03:04:23,178 [Listener at 127.0.0.1/38109] INFO  handler.ContextHandler (ContextHandler.java:doStart(916)) - Started o.e.j.s.ServletContextHandler@7db8560{logs,/logs,file:///github/workspace/mnt/ozone/hadoop-ozone/integration-test/target/log,AVAILABLE}
2021-01-02 03:04:23,178 [Listener at 127.0.0.1/38109] INFO  handler.ContextHandler (ContextHandler.java:doStart(916)) - Started o.e.j.s.ServletContextHandler@3f75a353{static,/static,jar:file:/home/user/.m2/repository/org/apache/hadoop/hadoop-hdds-container-service/1.1.0-SNAPSHOT/hadoop-hdds-container-service-1.1.0-SNAPSHOT.jar!/webapps/static,AVAILABLE}
2021-01-02 03:04:23,433 [Listener at 127.0.0.1/38109] INFO  handler.ContextHandler (ContextHandler.java:doStart(916)) - Started o.e.j.w.WebAppContext@486ec456{hddsDatanode,/,file:///tmp/jetty-0_0_0_0-40687-hadoop-hdds-container-service-1_1_0-SNAPSHOT_jar-_-any-3407027322136030836/webapp/,AVAILABLE}{jar:file:/home/user/.m2/repository/org/apache/hadoop/hadoop-hdds-container-service/1.1.0-SNAPSHOT/hadoop-hdds-container-service-1.1.0-SNAPSHOT.jar!/webapps/hddsDatanode}
2021-01-02 03:04:23,436 [Listener at 127.0.0.1/38109] INFO  server.AbstractConnector (AbstractConnector.java:doStart(331)) - Started ServerConnector@6d86abe3{HTTP/1.1, (http/1.1)}{0.0.0.0:40687}
2021-01-02 03:04:23,436 [Listener at 127.0.0.1/38109] INFO  server.Server (Server.java:doStart(415)) - Started @392852ms
2021-01-02 03:04:23,436 [Listener at 127.0.0.1/38109] WARN  impl.MetricsSystemImpl (MetricsSystemImpl.java:register(276)) - Sink prometheus already exists!
2021-01-02 03:04:23,439 [Listener at 127.0.0.1/38109] INFO  http.BaseHttpServer (BaseHttpServer.java:updateConnectorAddress(327)) - HTTP server of hddsDatanode listening at http://0.0.0.0:40687
2021-01-02 03:04:23,440 [Listener at 127.0.0.1/38109] INFO  impl.MetricsSystemImpl (MetricsSystemImpl.java:init(158)) - HddsDatanode metrics system started (again)
2021-01-02 03:04:23,442 [Listener at 127.0.0.1/38109] INFO  ozone.HddsDatanodeService (HddsDatanodeService.java:start(217)) - HddsDatanodeService host:e25e13fd87ad ip:172.17.0.2
2021-01-02 03:04:23,443 [org.apache.hadoop.util.JvmPauseMonitor$Monitor@61ec5868] INFO  util.JvmPauseMonitor (JvmPauseMonitor.java:run(188)) - Starting JVM pause monitor
2021-01-02 03:04:23,443 [Listener at 127.0.0.1/38109] INFO  volume.HddsVolume (HddsVolume.java:<init>(176)) - Creating Volume: /github/workspace/mnt/ozone/hadoop-ozone/integration-test/target/test-dir/MiniOzoneClusterImpl-0875b59f-827e-470c-b6ab-7d6320bd5827/datanode-4/data-0/containers/hdds of storage type : DISK and capacity : 9223372036854775807
2021-01-02 03:04:23,443 [Datanode State Machine Task Thread - 0] INFO  datanode.InitDatanodeState (InitDatanodeState.java:persistContainerDatanodeDetails(145)) - DatanodeDetails is persisted to /github/workspace/mnt/ozone/hadoop-ozone/integration-test/target/test-dir/MiniOzoneClusterImpl-0875b59f-827e-470c-b6ab-7d6320bd5827/datanode-3/meta/datanode.id
2021-01-02 03:04:23,443 [Listener at 127.0.0.1/38109] INFO  volume.MutableVolumeSet (MutableVolumeSet.java:initializeVolumeSet(179)) - Added Volume : /github/workspace/mnt/ozone/hadoop-ozone/integration-test/target/test-dir/MiniOzoneClusterImpl-0875b59f-827e-470c-b6ab-7d6320bd5827/datanode-4/data-0/containers/hdds to VolumeSet
2021-01-02 03:04:23,444 [Listener at 127.0.0.1/38109] INFO  volume.ThrottledAsyncChecker (ThrottledAsyncChecker.java:schedule(141)) - Scheduling a check for /github/workspace/mnt/ozone/hadoop-ozone/integration-test/target/test-dir/MiniOzoneClusterImpl-0875b59f-827e-470c-b6ab-7d6320bd5827/datanode-4/data-0/containers/hdds
2021-01-02 03:04:23,444 [Listener at 127.0.0.1/38109] INFO  volume.HddsVolumeChecker (HddsVolumeChecker.java:checkAllVolumes(200)) - Scheduled health check for volume /github/workspace/mnt/ozone/hadoop-ozone/integration-test/target/test-dir/MiniOzoneClusterImpl-0875b59f-827e-470c-b6ab-7d6320bd5827/datanode-4/data-0/containers/hdds
2021-01-02 03:04:23,457 [Thread-5685] INFO  ozoneimpl.ContainerReader (ContainerReader.java:readVolume(123)) - Start to verify containers on volume /github/workspace/mnt/ozone/hadoop-ozone/integration-test/target/test-dir/MiniOzoneClusterImpl-0875b59f-827e-470c-b6ab-7d6320bd5827/datanode-4/data-0/containers/hdds
2021-01-02 03:04:23,458 [Thread-5685] INFO  ozoneimpl.ContainerReader (ContainerReader.java:readVolume(148)) - Finish verifying containers on volume /github/workspace/mnt/ozone/hadoop-ozone/integration-test/target/test-dir/MiniOzoneClusterImpl-0875b59f-827e-470c-b6ab-7d6320bd5827/datanode-4/data-0/containers/hdds
2021-01-02 03:04:23,458 [Listener at 127.0.0.1/38109] INFO  ozoneimpl.OzoneContainer (OzoneContainer.java:buildContainerSet(194)) - Build ContainerSet costs 0s
2021-01-02 03:04:23,459 [Listener at 127.0.0.1/38109] INFO  server.RaftServer (ConfUtils.java:logGet(44)) - raft.rpc.type = GRPC (default)
2021-01-02 03:04:23,460 [Listener at 127.0.0.1/38109] INFO  grpc.GrpcFactory (GrpcFactory.java:checkPooledByteBufAllocatorUseCacheForAllThreads(48)) - PERFORMANCE WARNING: useCacheForAllThreads is true that may cause Netty to create a lot garbage objects and, as a result, trigger GC.
	It is recommended to disable useCacheForAllThreads by setting -Dorg.apache.ratis.thirdparty.io.netty.allocator.useCacheForAllThreads=false in command line.
2021-01-02 03:04:23,460 [Listener at 127.0.0.1/38109] INFO  grpc.GrpcConfigKeys (ConfUtils.java:logGet(44)) - raft.grpc.server.port = 0 (default)
2021-01-02 03:04:23,460 [Listener at 127.0.0.1/38109] INFO  server.GrpcService (ConfUtils.java:logGet(44)) - raft.grpc.message.size.max = 32MB (=33554432) (custom)
2021-01-02 03:04:23,460 [Listener at 127.0.0.1/38109] INFO  server.RaftServerConfigKeys (ConfUtils.java:logGet(44)) - raft.server.log.appender.buffer.byte-limit = 33554432 (custom)
2021-01-02 03:04:23,460 [Listener at 127.0.0.1/38109] INFO  server.GrpcService (ConfUtils.java:logGet(44)) - raft.grpc.flow.control.window = 5MB (=5242880) (custom)
2021-01-02 03:04:23,460 [Listener at 127.0.0.1/38109] INFO  server.RaftServerConfigKeys (ConfUtils.java:logGet(44)) - raft.server.rpc.request.timeout = 60s (custom)
2021-01-02 03:04:23,461 [Listener at 127.0.0.1/38109] INFO  impl.DataStreamServerImpl (ConfUtils.java:logGet(44)) - raft.datastream.type = DISABLED (default)
2021-01-02 03:04:23,462 [Listener at 127.0.0.1/38109] INFO  server.RaftServerConfigKeys (ConfUtils.java:logGet(44)) - raft.server.rpc.slowness.timeout = 300s (custom)
2021-01-02 03:04:23,462 [Listener at 127.0.0.1/38109] INFO  server.RaftServerConfigKeys (ConfUtils.java:logGet(44)) - raft.server.leaderelection.leader.step-down.wait-time = 10s (default)
2021-01-02 03:04:23,462 [Listener at 127.0.0.1/38109] INFO  server.RaftServerConfigKeys (ConfUtils.java:logGet(44)) - raft.server.storage.dir = [/github/workspace/mnt/ozone/hadoop-ozone/integration-test/target/test-dir/MiniOzoneClusterImpl-0875b59f-827e-470c-b6ab-7d6320bd5827/datanode-4/data/ratis] (custom)
2021-01-02 03:04:23,467 [Listener at 127.0.0.1/38109] INFO  http.BaseHttpServer (BaseHttpServer.java:newHttpServer2BuilderForOzone(207)) - Starting Web-server for hddsDatanode at: http://0.0.0.0:0
2021-01-02 03:04:23,467 [Listener at 127.0.0.1/38109] INFO  http.BaseHttpServer (BaseHttpServer.java:<init>(106)) - Hadoop Security Enabled: false Ozone Security Enabled: false Ozone HTTP Security Enabled: false 
2021-01-02 03:04:23,468 [Listener at 127.0.0.1/38109] INFO  server.AuthenticationFilter (AuthenticationFilter.java:constructSecretProvider(240)) - Unable to initialize FileSignerSecretProvider, falling back to use random secrets.
2021-01-02 03:04:23,468 [Listener at 127.0.0.1/38109] WARN  http.HttpRequestLog (HttpRequestLog.java:getRequestLog(103)) - Jetty request log can only be enabled using Log4j
2021-01-02 03:04:23,469 [Listener at 127.0.0.1/38109] INFO  http.HttpServer2 (HttpServer2.java:addGlobalFilter(1020)) - Added global filter 'safety' (class=org.apache.hadoop.hdds.server.http.HttpServer2$QuotingInputFilter)
2021-01-02 03:04:23,469 [Listener at 127.0.0.1/38109] INFO  http.HttpServer2 (HttpServer2.java:addFilter(996)) - Added filter static_user_filter (class=org.apache.hadoop.http.lib.StaticUserWebFilter$StaticUserFilter) to context hddsDatanode
2021-01-02 03:04:23,469 [Listener at 127.0.0.1/38109] INFO  http.HttpServer2 (HttpServer2.java:addFilter(1004)) - Added filter static_user_filter (class=org.apache.hadoop.http.lib.StaticUserWebFilter$StaticUserFilter) to context logs
2021-01-02 03:04:23,469 [Listener at 127.0.0.1/38109] INFO  http.HttpServer2 (HttpServer2.java:addFilter(1004)) - Added filter static_user_filter (class=org.apache.hadoop.http.lib.StaticUserWebFilter$StaticUserFilter) to context static
2021-01-02 03:04:23,470 [Listener at 127.0.0.1/38109] INFO  http.HttpServer2 (HttpServer2.java:bindListener(1238)) - Jetty bound to port 37013
2021-01-02 03:04:23,470 [Listener at 127.0.0.1/38109] INFO  server.Server (Server.java:doStart(375)) - jetty-9.4.34.v20201102; built: 2020-11-02T14:15:39.302Z; git: e46af88704a893fc12cb0e3bf46e2c7b48a009e7; jvm 1.8.0_232-b09
2021-01-02 03:04:23,471 [Listener at 127.0.0.1/38109] INFO  server.session (DefaultSessionIdManager.java:doStart(334)) - DefaultSessionIdManager workerName=node0
2021-01-02 03:04:23,471 [Listener at 127.0.0.1/38109] INFO  server.session (DefaultSessionIdManager.java:doStart(339)) - No SessionScavenger set, using defaults
2021-01-02 03:04:23,472 [Listener at 127.0.0.1/38109] INFO  server.session (HouseKeeper.java:startScavenging(132)) - node0 Scavenging every 660000ms
2021-01-02 03:04:23,472 [Listener at 127.0.0.1/38109] INFO  handler.ContextHandler (ContextHandler.java:doStart(916)) - Started o.e.j.s.ServletContextHandler@1b65076{logs,/logs,file:///github/workspace/mnt/ozone/hadoop-ozone/integration-test/target/log,AVAILABLE}
2021-01-02 03:04:23,472 [Listener at 127.0.0.1/38109] INFO  handler.ContextHandler (ContextHandler.java:doStart(916)) - Started o.e.j.s.ServletContextHandler@551a24f{static,/static,jar:file:/home/user/.m2/repository/org/apache/hadoop/hadoop-hdds-container-service/1.1.0-SNAPSHOT/hadoop-hdds-container-service-1.1.0-SNAPSHOT.jar!/webapps/static,AVAILABLE}
2021-01-02 03:04:23,635 [Listener at 127.0.0.1/38109] INFO  handler.ContextHandler (ContextHandler.java:doStart(916)) - Started o.e.j.w.WebAppContext@7e853285{hddsDatanode,/,file:///tmp/jetty-0_0_0_0-37013-hadoop-hdds-container-service-1_1_0-SNAPSHOT_jar-_-any-4587264406658624784/webapp/,AVAILABLE}{jar:file:/home/user/.m2/repository/org/apache/hadoop/hadoop-hdds-container-service/1.1.0-SNAPSHOT/hadoop-hdds-container-service-1.1.0-SNAPSHOT.jar!/webapps/hddsDatanode}
2021-01-02 03:04:23,640 [Listener at 127.0.0.1/38109] INFO  server.AbstractConnector (AbstractConnector.java:doStart(331)) - Started ServerConnector@61ecfae6{HTTP/1.1, (http/1.1)}{0.0.0.0:37013}
2021-01-02 03:04:23,640 [Listener at 127.0.0.1/38109] INFO  server.Server (Server.java:doStart(415)) - Started @393057ms
2021-01-02 03:04:23,641 [Listener at 127.0.0.1/38109] WARN  impl.MetricsSystemImpl (MetricsSystemImpl.java:register(276)) - Sink prometheus already exists!
2021-01-02 03:04:23,644 [Listener at 127.0.0.1/38109] INFO  http.BaseHttpServer (BaseHttpServer.java:updateConnectorAddress(327)) - HTTP server of hddsDatanode listening at http://0.0.0.0:37013
2021-01-02 03:04:23,644 [Listener at 127.0.0.1/38109] INFO  impl.MetricsSystemImpl (MetricsSystemImpl.java:init(158)) - HddsDatanode metrics system started (again)
2021-01-02 03:04:23,647 [Listener at 127.0.0.1/38109] INFO  ozone.HddsDatanodeService (HddsDatanodeService.java:start(217)) - HddsDatanodeService host:e25e13fd87ad ip:172.17.0.2
2021-01-02 03:04:23,648 [Datanode State Machine Task Thread - 0] INFO  datanode.InitDatanodeState (InitDatanodeState.java:persistContainerDatanodeDetails(145)) - DatanodeDetails is persisted to /github/workspace/mnt/ozone/hadoop-ozone/integration-test/target/test-dir/MiniOzoneClusterImpl-0875b59f-827e-470c-b6ab-7d6320bd5827/datanode-4/meta/datanode.id
2021-01-02 03:04:23,648 [org.apache.hadoop.util.JvmPauseMonitor$Monitor@4fb36857] INFO  util.JvmPauseMonitor (JvmPauseMonitor.java:run(188)) - Starting JVM pause monitor
2021-01-02 03:04:23,650 [Listener at 127.0.0.1/38109] INFO  volume.HddsVolume (HddsVolume.java:<init>(176)) - Creating Volume: /github/workspace/mnt/ozone/hadoop-ozone/integration-test/target/test-dir/MiniOzoneClusterImpl-0875b59f-827e-470c-b6ab-7d6320bd5827/datanode-5/data-0/containers/hdds of storage type : DISK and capacity : 9223372036854775807
2021-01-02 03:04:23,650 [Listener at 127.0.0.1/38109] INFO  volume.MutableVolumeSet (MutableVolumeSet.java:initializeVolumeSet(179)) - Added Volume : /github/workspace/mnt/ozone/hadoop-ozone/integration-test/target/test-dir/MiniOzoneClusterImpl-0875b59f-827e-470c-b6ab-7d6320bd5827/datanode-5/data-0/containers/hdds to VolumeSet
2021-01-02 03:04:23,650 [Listener at 127.0.0.1/38109] INFO  volume.ThrottledAsyncChecker (ThrottledAsyncChecker.java:schedule(141)) - Scheduling a check for /github/workspace/mnt/ozone/hadoop-ozone/integration-test/target/test-dir/MiniOzoneClusterImpl-0875b59f-827e-470c-b6ab-7d6320bd5827/datanode-5/data-0/containers/hdds
2021-01-02 03:04:23,650 [Listener at 127.0.0.1/38109] INFO  volume.HddsVolumeChecker (HddsVolumeChecker.java:checkAllVolumes(200)) - Scheduled health check for volume /github/workspace/mnt/ozone/hadoop-ozone/integration-test/target/test-dir/MiniOzoneClusterImpl-0875b59f-827e-470c-b6ab-7d6320bd5827/datanode-5/data-0/containers/hdds
2021-01-02 03:04:23,663 [Thread-5696] INFO  ozoneimpl.ContainerReader (ContainerReader.java:readVolume(123)) - Start to verify containers on volume /github/workspace/mnt/ozone/hadoop-ozone/integration-test/target/test-dir/MiniOzoneClusterImpl-0875b59f-827e-470c-b6ab-7d6320bd5827/datanode-5/data-0/containers/hdds
2021-01-02 03:04:23,663 [Thread-5696] INFO  ozoneimpl.ContainerReader (ContainerReader.java:readVolume(148)) - Finish verifying containers on volume /github/workspace/mnt/ozone/hadoop-ozone/integration-test/target/test-dir/MiniOzoneClusterImpl-0875b59f-827e-470c-b6ab-7d6320bd5827/datanode-5/data-0/containers/hdds
2021-01-02 03:04:23,663 [Listener at 127.0.0.1/38109] INFO  ozoneimpl.OzoneContainer (OzoneContainer.java:buildContainerSet(194)) - Build ContainerSet costs 0s
2021-01-02 03:04:23,665 [Listener at 127.0.0.1/38109] INFO  server.RaftServer (ConfUtils.java:logGet(44)) - raft.rpc.type = GRPC (default)
2021-01-02 03:04:23,665 [Listener at 127.0.0.1/38109] INFO  grpc.GrpcFactory (GrpcFactory.java:checkPooledByteBufAllocatorUseCacheForAllThreads(48)) - PERFORMANCE WARNING: useCacheForAllThreads is true that may cause Netty to create a lot garbage objects and, as a result, trigger GC.
	It is recommended to disable useCacheForAllThreads by setting -Dorg.apache.ratis.thirdparty.io.netty.allocator.useCacheForAllThreads=false in command line.
2021-01-02 03:04:23,665 [Listener at 127.0.0.1/38109] INFO  grpc.GrpcConfigKeys (ConfUtils.java:logGet(44)) - raft.grpc.server.port = 0 (default)
2021-01-02 03:04:23,665 [Listener at 127.0.0.1/38109] INFO  server.GrpcService (ConfUtils.java:logGet(44)) - raft.grpc.message.size.max = 32MB (=33554432) (custom)
2021-01-02 03:04:23,665 [Listener at 127.0.0.1/38109] INFO  server.RaftServerConfigKeys (ConfUtils.java:logGet(44)) - raft.server.log.appender.buffer.byte-limit = 33554432 (custom)
2021-01-02 03:04:23,666 [Listener at 127.0.0.1/38109] INFO  server.GrpcService (ConfUtils.java:logGet(44)) - raft.grpc.flow.control.window = 5MB (=5242880) (custom)
2021-01-02 03:04:23,666 [Listener at 127.0.0.1/38109] INFO  server.RaftServerConfigKeys (ConfUtils.java:logGet(44)) - raft.server.rpc.request.timeout = 60s (custom)
2021-01-02 03:04:23,667 [Listener at 127.0.0.1/38109] INFO  impl.DataStreamServerImpl (ConfUtils.java:logGet(44)) - raft.datastream.type = DISABLED (default)
2021-01-02 03:04:23,667 [Listener at 127.0.0.1/38109] INFO  server.RaftServerConfigKeys (ConfUtils.java:logGet(44)) - raft.server.rpc.slowness.timeout = 300s (custom)
2021-01-02 03:04:23,667 [Listener at 127.0.0.1/38109] INFO  server.RaftServerConfigKeys (ConfUtils.java:logGet(44)) - raft.server.leaderelection.leader.step-down.wait-time = 10s (default)
2021-01-02 03:04:23,667 [Listener at 127.0.0.1/38109] INFO  server.RaftServerConfigKeys (ConfUtils.java:logGet(44)) - raft.server.storage.dir = [/github/workspace/mnt/ozone/hadoop-ozone/integration-test/target/test-dir/MiniOzoneClusterImpl-0875b59f-827e-470c-b6ab-7d6320bd5827/datanode-5/data/ratis] (custom)
2021-01-02 03:04:23,671 [Listener at 127.0.0.1/38109] INFO  http.BaseHttpServer (BaseHttpServer.java:newHttpServer2BuilderForOzone(207)) - Starting Web-server for hddsDatanode at: http://0.0.0.0:0
2021-01-02 03:04:23,671 [Listener at 127.0.0.1/38109] INFO  http.BaseHttpServer (BaseHttpServer.java:<init>(106)) - Hadoop Security Enabled: false Ozone Security Enabled: false Ozone HTTP Security Enabled: false 
2021-01-02 03:04:23,672 [Listener at 127.0.0.1/38109] INFO  server.AuthenticationFilter (AuthenticationFilter.java:constructSecretProvider(240)) - Unable to initialize FileSignerSecretProvider, falling back to use random secrets.
2021-01-02 03:04:23,673 [Listener at 127.0.0.1/38109] WARN  http.HttpRequestLog (HttpRequestLog.java:getRequestLog(103)) - Jetty request log can only be enabled using Log4j
2021-01-02 03:04:23,674 [Listener at 127.0.0.1/38109] INFO  http.HttpServer2 (HttpServer2.java:addGlobalFilter(1020)) - Added global filter 'safety' (class=org.apache.hadoop.hdds.server.http.HttpServer2$QuotingInputFilter)
2021-01-02 03:04:23,674 [Listener at 127.0.0.1/38109] INFO  http.HttpServer2 (HttpServer2.java:addFilter(996)) - Added filter static_user_filter (class=org.apache.hadoop.http.lib.StaticUserWebFilter$StaticUserFilter) to context hddsDatanode
2021-01-02 03:04:23,674 [Listener at 127.0.0.1/38109] INFO  http.HttpServer2 (HttpServer2.java:addFilter(1004)) - Added filter static_user_filter (class=org.apache.hadoop.http.lib.StaticUserWebFilter$StaticUserFilter) to context logs
2021-01-02 03:04:23,674 [Listener at 127.0.0.1/38109] INFO  http.HttpServer2 (HttpServer2.java:addFilter(1004)) - Added filter static_user_filter (class=org.apache.hadoop.http.lib.StaticUserWebFilter$StaticUserFilter) to context static
2021-01-02 03:04:23,675 [Listener at 127.0.0.1/38109] INFO  http.HttpServer2 (HttpServer2.java:bindListener(1238)) - Jetty bound to port 45753
2021-01-02 03:04:23,675 [Listener at 127.0.0.1/38109] INFO  server.Server (Server.java:doStart(375)) - jetty-9.4.34.v20201102; built: 2020-11-02T14:15:39.302Z; git: e46af88704a893fc12cb0e3bf46e2c7b48a009e7; jvm 1.8.0_232-b09
2021-01-02 03:04:23,680 [Listener at 127.0.0.1/38109] INFO  server.session (DefaultSessionIdManager.java:doStart(334)) - DefaultSessionIdManager workerName=node0
2021-01-02 03:04:23,680 [Listener at 127.0.0.1/38109] INFO  server.session (DefaultSessionIdManager.java:doStart(339)) - No SessionScavenger set, using defaults
2021-01-02 03:04:23,680 [Listener at 127.0.0.1/38109] INFO  server.session (HouseKeeper.java:startScavenging(132)) - node0 Scavenging every 660000ms
2021-01-02 03:04:23,681 [Listener at 127.0.0.1/38109] INFO  handler.ContextHandler (ContextHandler.java:doStart(916)) - Started o.e.j.s.ServletContextHandler@397411e1{logs,/logs,file:///github/workspace/mnt/ozone/hadoop-ozone/integration-test/target/log,AVAILABLE}
2021-01-02 03:04:23,681 [Listener at 127.0.0.1/38109] INFO  handler.ContextHandler (ContextHandler.java:doStart(916)) - Started o.e.j.s.ServletContextHandler@5cea18bc{static,/static,jar:file:/home/user/.m2/repository/org/apache/hadoop/hadoop-hdds-container-service/1.1.0-SNAPSHOT/hadoop-hdds-container-service-1.1.0-SNAPSHOT.jar!/webapps/static,AVAILABLE}
2021-01-02 03:04:23,849 [Listener at 127.0.0.1/38109] INFO  handler.ContextHandler (ContextHandler.java:doStart(916)) - Started o.e.j.w.WebAppContext@459dad43{hddsDatanode,/,file:///tmp/jetty-0_0_0_0-45753-hadoop-hdds-container-service-1_1_0-SNAPSHOT_jar-_-any-2742670622789964028/webapp/,AVAILABLE}{jar:file:/home/user/.m2/repository/org/apache/hadoop/hadoop-hdds-container-service/1.1.0-SNAPSHOT/hadoop-hdds-container-service-1.1.0-SNAPSHOT.jar!/webapps/hddsDatanode}
2021-01-02 03:04:23,851 [Listener at 127.0.0.1/38109] INFO  server.AbstractConnector (AbstractConnector.java:doStart(331)) - Started ServerConnector@55aa6fd0{HTTP/1.1, (http/1.1)}{0.0.0.0:45753}
2021-01-02 03:04:23,851 [Listener at 127.0.0.1/38109] INFO  server.Server (Server.java:doStart(415)) - Started @393268ms
2021-01-02 03:04:23,851 [Listener at 127.0.0.1/38109] WARN  impl.MetricsSystemImpl (MetricsSystemImpl.java:register(276)) - Sink prometheus already exists!
2021-01-02 03:04:23,854 [Listener at 127.0.0.1/38109] INFO  http.BaseHttpServer (BaseHttpServer.java:updateConnectorAddress(327)) - HTTP server of hddsDatanode listening at http://0.0.0.0:45753
2021-01-02 03:04:23,854 [Listener at 127.0.0.1/38109] INFO  ozone.MiniOzoneClusterImpl (MiniOzoneClusterImpl.java:lambda$waitForClusterToBeReady$0(178)) - Waiting for nodes to be ready. Got 0 of 6 DN Heartbeats.
2021-01-02 03:04:23,854 [Listener at 127.0.0.1/38109] INFO  ozone.MiniOzoneClusterImpl (MiniOzoneClusterImpl.java:lambda$waitForClusterToBeReady$0(181)) - Waiting for cluster to exit safe mode
2021-01-02 03:04:23,859 [org.apache.hadoop.util.JvmPauseMonitor$Monitor@562f3cfe] INFO  util.JvmPauseMonitor (JvmPauseMonitor.java:run(188)) - Starting JVM pause monitor
2021-01-02 03:04:23,860 [Datanode State Machine Task Thread - 0] INFO  datanode.InitDatanodeState (InitDatanodeState.java:persistContainerDatanodeDetails(145)) - DatanodeDetails is persisted to /github/workspace/mnt/ozone/hadoop-ozone/integration-test/target/test-dir/MiniOzoneClusterImpl-0875b59f-827e-470c-b6ab-7d6320bd5827/datanode-5/meta/datanode.id
2021-01-02 03:04:24,742 [EndpointStateMachine task thread for /0.0.0.0:43483 - 0 ] INFO  ozoneimpl.OzoneContainer (OzoneContainer.java:start(243)) - Attempting to start container services.
2021-01-02 03:04:24,742 [EndpointStateMachine task thread for /0.0.0.0:43483 - 0 ] INFO  ozoneimpl.OzoneContainer (OzoneContainer.java:startContainerScrub(207)) - Background container scanner has been disabled.
2021-01-02 03:04:24,743 [EndpointStateMachine task thread for /0.0.0.0:43483 - 0 ] INFO  ratis.XceiverServerRatis (XceiverServerRatis.java:start(455)) - Starting XceiverServerRatis ace74568-a36a-4c06-abbe-7d05c77e5c4e at port 0
2021-01-02 03:04:24,744 [EndpointStateMachine task thread for /0.0.0.0:43483 - 0 ] INFO  server.RaftServer (RaftServerProxy.java:lambda$start$5(370)) - ace74568-a36a-4c06-abbe-7d05c77e5c4e: start RPC server
2021-01-02 03:04:24,744 [EndpointStateMachine task thread for /0.0.0.0:43483 - 0 ] INFO  server.GrpcService (GrpcService.java:startImpl(177)) - ace74568-a36a-4c06-abbe-7d05c77e5c4e: GrpcService started, listening on 0.0.0.0/0.0.0.0:38047
2021-01-02 03:04:24,744 [EndpointStateMachine task thread for /0.0.0.0:43483 - 0 ] INFO  ratis.XceiverServerRatis (XceiverServerRatis.java:start(467)) - XceiverServerRatis ace74568-a36a-4c06-abbe-7d05c77e5c4e is started using port 38047
2021-01-02 03:04:24,745 [EndpointStateMachine task thread for /0.0.0.0:43483 - 0 ] INFO  server.XceiverServerGrpc (XceiverServerGrpc.java:start(145)) - XceiverServerGrpc ace74568-a36a-4c06-abbe-7d05c77e5c4e is started using port 45659
2021-01-02 03:04:24,745 [org.apache.ratis.util.JvmPauseMonitor$$Lambda$222/769282000@59da3ec4] INFO  util.JvmPauseMonitor (JvmPauseMonitor.java:run(103)) - JvmPauseMonitor-ace74568-a36a-4c06-abbe-7d05c77e5c4e: Started
2021-01-02 03:04:24,855 [Listener at 127.0.0.1/38109] INFO  ozone.MiniOzoneClusterImpl (MiniOzoneClusterImpl.java:lambda$waitForClusterToBeReady$0(178)) - Waiting for nodes to be ready. Got 0 of 6 DN Heartbeats.
2021-01-02 03:04:24,855 [Listener at 127.0.0.1/38109] INFO  ozone.MiniOzoneClusterImpl (MiniOzoneClusterImpl.java:lambda$waitForClusterToBeReady$0(181)) - Waiting for cluster to exit safe mode
2021-01-02 03:04:24,945 [EndpointStateMachine task thread for /0.0.0.0:43483 - 0 ] INFO  ozoneimpl.OzoneContainer (OzoneContainer.java:start(243)) - Attempting to start container services.
2021-01-02 03:04:24,945 [EndpointStateMachine task thread for /0.0.0.0:43483 - 0 ] INFO  ozoneimpl.OzoneContainer (OzoneContainer.java:startContainerScrub(207)) - Background container scanner has been disabled.
2021-01-02 03:04:24,945 [EndpointStateMachine task thread for /0.0.0.0:43483 - 0 ] INFO  ratis.XceiverServerRatis (XceiverServerRatis.java:start(455)) - Starting XceiverServerRatis 3e6f9aad-df43-4486-a42c-6a362a65d862 at port 0
2021-01-02 03:04:24,948 [EndpointStateMachine task thread for /0.0.0.0:43483 - 0 ] INFO  server.RaftServer (RaftServerProxy.java:lambda$start$5(370)) - 3e6f9aad-df43-4486-a42c-6a362a65d862: start RPC server
2021-01-02 03:04:24,948 [EndpointStateMachine task thread for /0.0.0.0:43483 - 0 ] INFO  server.GrpcService (GrpcService.java:startImpl(177)) - 3e6f9aad-df43-4486-a42c-6a362a65d862: GrpcService started, listening on 0.0.0.0/0.0.0.0:35573
2021-01-02 03:04:24,948 [EndpointStateMachine task thread for /0.0.0.0:43483 - 0 ] INFO  ratis.XceiverServerRatis (XceiverServerRatis.java:start(467)) - XceiverServerRatis 3e6f9aad-df43-4486-a42c-6a362a65d862 is started using port 35573
2021-01-02 03:04:24,949 [org.apache.ratis.util.JvmPauseMonitor$$Lambda$222/769282000@7031b7d6] INFO  util.JvmPauseMonitor (JvmPauseMonitor.java:run(103)) - JvmPauseMonitor-3e6f9aad-df43-4486-a42c-6a362a65d862: Started
2021-01-02 03:04:24,949 [EndpointStateMachine task thread for /0.0.0.0:43483 - 0 ] INFO  server.XceiverServerGrpc (XceiverServerGrpc.java:start(145)) - XceiverServerGrpc 3e6f9aad-df43-4486-a42c-6a362a65d862 is started using port 40689
2021-01-02 03:04:25,151 [EndpointStateMachine task thread for /0.0.0.0:43483 - 0 ] INFO  ozoneimpl.OzoneContainer (OzoneContainer.java:start(243)) - Attempting to start container services.
2021-01-02 03:04:25,151 [EndpointStateMachine task thread for /0.0.0.0:43483 - 0 ] INFO  ozoneimpl.OzoneContainer (OzoneContainer.java:startContainerScrub(207)) - Background container scanner has been disabled.
2021-01-02 03:04:25,151 [EndpointStateMachine task thread for /0.0.0.0:43483 - 0 ] INFO  ratis.XceiverServerRatis (XceiverServerRatis.java:start(455)) - Starting XceiverServerRatis 1b98ba84-f03a-4745-ae67-661c5f740165 at port 0
2021-01-02 03:04:25,153 [EndpointStateMachine task thread for /0.0.0.0:43483 - 0 ] INFO  server.RaftServer (RaftServerProxy.java:lambda$start$5(370)) - 1b98ba84-f03a-4745-ae67-661c5f740165: start RPC server
2021-01-02 03:04:25,155 [EndpointStateMachine task thread for /0.0.0.0:43483 - 0 ] INFO  server.GrpcService (GrpcService.java:startImpl(177)) - 1b98ba84-f03a-4745-ae67-661c5f740165: GrpcService started, listening on 0.0.0.0/0.0.0.0:36113
2021-01-02 03:04:25,156 [EndpointStateMachine task thread for /0.0.0.0:43483 - 0 ] INFO  ratis.XceiverServerRatis (XceiverServerRatis.java:start(467)) - XceiverServerRatis 1b98ba84-f03a-4745-ae67-661c5f740165 is started using port 36113
2021-01-02 03:04:25,156 [org.apache.ratis.util.JvmPauseMonitor$$Lambda$222/769282000@42295e4c] INFO  util.JvmPauseMonitor (JvmPauseMonitor.java:run(103)) - JvmPauseMonitor-1b98ba84-f03a-4745-ae67-661c5f740165: Started
2021-01-02 03:04:25,156 [EndpointStateMachine task thread for /0.0.0.0:43483 - 0 ] INFO  server.XceiverServerGrpc (XceiverServerGrpc.java:start(145)) - XceiverServerGrpc 1b98ba84-f03a-4745-ae67-661c5f740165 is started using port 46053
2021-01-02 03:04:25,445 [EndpointStateMachine task thread for /0.0.0.0:43483 - 0 ] INFO  ozoneimpl.OzoneContainer (OzoneContainer.java:start(243)) - Attempting to start container services.
2021-01-02 03:04:25,445 [EndpointStateMachine task thread for /0.0.0.0:43483 - 0 ] INFO  ozoneimpl.OzoneContainer (OzoneContainer.java:startContainerScrub(207)) - Background container scanner has been disabled.
2021-01-02 03:04:25,445 [EndpointStateMachine task thread for /0.0.0.0:43483 - 0 ] INFO  ratis.XceiverServerRatis (XceiverServerRatis.java:start(455)) - Starting XceiverServerRatis fdab6853-39d3-40b9-bd2b-4dc5726d5388 at port 0
2021-01-02 03:04:25,447 [EndpointStateMachine task thread for /0.0.0.0:43483 - 0 ] INFO  server.RaftServer (RaftServerProxy.java:lambda$start$5(370)) - fdab6853-39d3-40b9-bd2b-4dc5726d5388: start RPC server
2021-01-02 03:04:25,448 [EndpointStateMachine task thread for /0.0.0.0:43483 - 0 ] INFO  server.GrpcService (GrpcService.java:startImpl(177)) - fdab6853-39d3-40b9-bd2b-4dc5726d5388: GrpcService started, listening on 0.0.0.0/0.0.0.0:36251
2021-01-02 03:04:25,448 [EndpointStateMachine task thread for /0.0.0.0:43483 - 0 ] INFO  ratis.XceiverServerRatis (XceiverServerRatis.java:start(467)) - XceiverServerRatis fdab6853-39d3-40b9-bd2b-4dc5726d5388 is started using port 36251
2021-01-02 03:04:25,448 [EndpointStateMachine task thread for /0.0.0.0:43483 - 0 ] INFO  server.XceiverServerGrpc (XceiverServerGrpc.java:start(145)) - XceiverServerGrpc fdab6853-39d3-40b9-bd2b-4dc5726d5388 is started using port 43403
2021-01-02 03:04:25,449 [org.apache.ratis.util.JvmPauseMonitor$$Lambda$222/769282000@442ce0ce] INFO  util.JvmPauseMonitor (JvmPauseMonitor.java:run(103)) - JvmPauseMonitor-fdab6853-39d3-40b9-bd2b-4dc5726d5388: Started
2021-01-02 03:04:25,650 [EndpointStateMachine task thread for /0.0.0.0:43483 - 0 ] INFO  ozoneimpl.OzoneContainer (OzoneContainer.java:start(243)) - Attempting to start container services.
2021-01-02 03:04:25,651 [EndpointStateMachine task thread for /0.0.0.0:43483 - 0 ] INFO  ozoneimpl.OzoneContainer (OzoneContainer.java:startContainerScrub(207)) - Background container scanner has been disabled.
2021-01-02 03:04:25,651 [EndpointStateMachine task thread for /0.0.0.0:43483 - 0 ] INFO  ratis.XceiverServerRatis (XceiverServerRatis.java:start(455)) - Starting XceiverServerRatis 5beebed6-0501-4525-80c5-dff095c8ab2d at port 0
2021-01-02 03:04:25,652 [EndpointStateMachine task thread for /0.0.0.0:43483 - 0 ] INFO  server.RaftServer (RaftServerProxy.java:lambda$start$5(370)) - 5beebed6-0501-4525-80c5-dff095c8ab2d: start RPC server
2021-01-02 03:04:25,653 [EndpointStateMachine task thread for /0.0.0.0:43483 - 0 ] INFO  server.GrpcService (GrpcService.java:startImpl(177)) - 5beebed6-0501-4525-80c5-dff095c8ab2d: GrpcService started, listening on 0.0.0.0/0.0.0.0:41017
2021-01-02 03:04:25,653 [EndpointStateMachine task thread for /0.0.0.0:43483 - 0 ] INFO  ratis.XceiverServerRatis (XceiverServerRatis.java:start(467)) - XceiverServerRatis 5beebed6-0501-4525-80c5-dff095c8ab2d is started using port 41017
2021-01-02 03:04:25,653 [org.apache.ratis.util.JvmPauseMonitor$$Lambda$222/769282000@588ae15d] INFO  util.JvmPauseMonitor (JvmPauseMonitor.java:run(103)) - JvmPauseMonitor-5beebed6-0501-4525-80c5-dff095c8ab2d: Started
2021-01-02 03:04:25,654 [EndpointStateMachine task thread for /0.0.0.0:43483 - 0 ] INFO  server.XceiverServerGrpc (XceiverServerGrpc.java:start(145)) - XceiverServerGrpc 5beebed6-0501-4525-80c5-dff095c8ab2d is started using port 34277
2021-01-02 03:04:25,855 [Listener at 127.0.0.1/38109] INFO  ozone.MiniOzoneClusterImpl (MiniOzoneClusterImpl.java:lambda$waitForClusterToBeReady$0(178)) - Waiting for nodes to be ready. Got 0 of 6 DN Heartbeats.
2021-01-02 03:04:25,855 [Listener at 127.0.0.1/38109] INFO  ozone.MiniOzoneClusterImpl (MiniOzoneClusterImpl.java:lambda$waitForClusterToBeReady$0(181)) - Waiting for cluster to exit safe mode
2021-01-02 03:04:25,861 [EndpointStateMachine task thread for /0.0.0.0:43483 - 0 ] INFO  ozoneimpl.OzoneContainer (OzoneContainer.java:start(243)) - Attempting to start container services.
2021-01-02 03:04:25,861 [EndpointStateMachine task thread for /0.0.0.0:43483 - 0 ] INFO  ozoneimpl.OzoneContainer (OzoneContainer.java:startContainerScrub(207)) - Background container scanner has been disabled.
2021-01-02 03:04:25,862 [EndpointStateMachine task thread for /0.0.0.0:43483 - 0 ] INFO  ratis.XceiverServerRatis (XceiverServerRatis.java:start(455)) - Starting XceiverServerRatis 68eed081-0a4c-49f2-9281-4facb9240b7e at port 0
2021-01-02 03:04:25,863 [EndpointStateMachine task thread for /0.0.0.0:43483 - 0 ] INFO  server.RaftServer (RaftServerProxy.java:lambda$start$5(370)) - 68eed081-0a4c-49f2-9281-4facb9240b7e: start RPC server
2021-01-02 03:04:25,864 [EndpointStateMachine task thread for /0.0.0.0:43483 - 0 ] INFO  server.GrpcService (GrpcService.java:startImpl(177)) - 68eed081-0a4c-49f2-9281-4facb9240b7e: GrpcService started, listening on 0.0.0.0/0.0.0.0:41753
2021-01-02 03:04:25,864 [org.apache.ratis.util.JvmPauseMonitor$$Lambda$222/769282000@4362a48c] INFO  util.JvmPauseMonitor (JvmPauseMonitor.java:run(103)) - JvmPauseMonitor-68eed081-0a4c-49f2-9281-4facb9240b7e: Started
2021-01-02 03:04:25,865 [EndpointStateMachine task thread for /0.0.0.0:43483 - 0 ] INFO  ratis.XceiverServerRatis (XceiverServerRatis.java:start(467)) - XceiverServerRatis 68eed081-0a4c-49f2-9281-4facb9240b7e is started using port 41753
2021-01-02 03:04:25,865 [EndpointStateMachine task thread for /0.0.0.0:43483 - 0 ] INFO  server.XceiverServerGrpc (XceiverServerGrpc.java:start(145)) - XceiverServerGrpc 68eed081-0a4c-49f2-9281-4facb9240b7e is started using port 35949
2021-01-02 03:04:26,737 [IPC Server handler 1 on default port 43483] INFO  net.NetworkTopologyImpl (NetworkTopologyImpl.java:add(111)) - Added a new node: /default-rack/ace74568-a36a-4c06-abbe-7d05c77e5c4e
2021-01-02 03:04:26,739 [IPC Server handler 1 on default port 43483] INFO  node.SCMNodeManager (SCMNodeManager.java:register(341)) - Registered Data node : ace74568-a36a-4c06-abbe-7d05c77e5c4e{ip: 172.17.0.2, host: e25e13fd87ad, networkLocation: /default-rack, certSerialId: null, persistedOpState: IN_SERVICE, persistedOpStateExpiryEpochSec: 0}
2021-01-02 03:04:26,742 [RatisPipelineUtilsThread] INFO  pipeline.RatisPipelineProvider (RatisPipelineProvider.java:lambda$create$0(161)) - Sending CreatePipelineCommand for pipeline:PipelineID=364500dc-a1aa-4eb2-8192-a3a9f4cd806e to datanode:ace74568-a36a-4c06-abbe-7d05c77e5c4e
2021-01-02 03:04:26,743 [EventQueue-NodeRegistrationContainerReportForDataNodeSafeModeRule] INFO  safemode.SCMSafeModeManager (DataNodeSafeModeRule.java:process(71)) - SCM in safe mode. 1 DataNodes registered, 1 required.
2021-01-02 03:04:26,743 [EventQueue-NodeRegistrationContainerReportForContainerSafeModeRule] INFO  safemode.SCMSafeModeManager (SCMSafeModeManager.java:validateSafeModeExitRules(214)) - ContainerSafeModeRule rule is successfully validated
2021-01-02 03:04:26,744 [EventQueue-NodeRegistrationContainerReportForDataNodeSafeModeRule] INFO  safemode.SCMSafeModeManager (SCMSafeModeManager.java:validateSafeModeExitRules(214)) - DataNodeSafeModeRule rule is successfully validated
2021-01-02 03:04:26,744 [EventQueue-NodeRegistrationContainerReportForDataNodeSafeModeRule] INFO  safemode.SCMSafeModeManager (SCMSafeModeManager.java:completePreCheck(242)) - All SCM safe mode pre check rules have passed
2021-01-02 03:04:26,744 [RatisPipelineUtilsThread] INFO  pipeline.PipelineStateManager (PipelineStateManager.java:addPipeline(54)) - Created pipeline Pipeline[ Id: 364500dc-a1aa-4eb2-8192-a3a9f4cd806e, Nodes: ace74568-a36a-4c06-abbe-7d05c77e5c4e{ip: 172.17.0.2, host: e25e13fd87ad, networkLocation: /default-rack, certSerialId: null, persistedOpState: IN_SERVICE, persistedOpStateExpiryEpochSec: 0}, Type:RATIS, Factor:ONE, State:ALLOCATED, leaderId:, CreationTimestamp2021-01-02T03:04:26.742Z]
2021-01-02 03:04:26,744 [EventQueue-PipelineReportForOneReplicaPipelineSafeModeRule] INFO  safemode.SCMSafeModeManager (SCMSafeModeManager.java:validateSafeModeExitRules(214)) - AtleastOneDatanodeReportedRule rule is successfully validated
2021-01-02 03:04:26,744 [RatisPipelineUtilsThread] WARN  pipeline.PipelinePlacementPolicy (PipelinePlacementPolicy.java:filterViableNodes(139)) - Pipeline creation failed due to no sufficient healthy datanodes. Required 3. Found 1.
2021-01-02 03:04:26,856 [Listener at 127.0.0.1/38109] INFO  ozone.MiniOzoneClusterImpl (MiniOzoneClusterImpl.java:lambda$waitForClusterToBeReady$0(178)) - Waiting for nodes to be ready. Got 1 of 6 DN Heartbeats.
2021-01-02 03:04:26,856 [Listener at 127.0.0.1/38109] INFO  ozone.MiniOzoneClusterImpl (MiniOzoneClusterImpl.java:lambda$waitForClusterToBeReady$0(181)) - Waiting for cluster to exit safe mode
2021-01-02 03:04:26,942 [IPC Server handler 12 on default port 43483] INFO  net.NetworkTopologyImpl (NetworkTopologyImpl.java:add(111)) - Added a new node: /default-rack/3e6f9aad-df43-4486-a42c-6a362a65d862
2021-01-02 03:04:26,943 [IPC Server handler 12 on default port 43483] INFO  node.SCMNodeManager (SCMNodeManager.java:register(341)) - Registered Data node : 3e6f9aad-df43-4486-a42c-6a362a65d862{ip: 172.17.0.2, host: e25e13fd87ad, networkLocation: /default-rack, certSerialId: null, persistedOpState: IN_SERVICE, persistedOpStateExpiryEpochSec: 0}
2021-01-02 03:04:26,943 [EventQueue-NodeRegistrationContainerReportForContainerSafeModeRule] INFO  safemode.SCMSafeModeManager (SCMSafeModeManager.java:validateSafeModeExitRules(214)) - ContainerSafeModeRule rule is successfully validated
2021-01-02 03:04:26,943 [EventQueue-NodeRegistrationContainerReportForDataNodeSafeModeRule] INFO  safemode.SCMSafeModeManager (SCMSafeModeManager.java:validateSafeModeExitRules(214)) - DataNodeSafeModeRule rule is successfully validated
2021-01-02 03:04:26,943 [EventQueue-PipelineReportForOneReplicaPipelineSafeModeRule] INFO  safemode.SCMSafeModeManager (SCMSafeModeManager.java:validateSafeModeExitRules(214)) - AtleastOneDatanodeReportedRule rule is successfully validated
2021-01-02 03:04:26,943 [RatisPipelineUtilsThread] INFO  pipeline.RatisPipelineProvider (RatisPipelineProvider.java:lambda$create$0(161)) - Sending CreatePipelineCommand for pipeline:PipelineID=8008f6d4-f92b-4d34-8ade-7bfc9f12570d to datanode:3e6f9aad-df43-4486-a42c-6a362a65d862
2021-01-02 03:04:26,944 [RatisPipelineUtilsThread] INFO  pipeline.PipelineStateManager (PipelineStateManager.java:addPipeline(54)) - Created pipeline Pipeline[ Id: 8008f6d4-f92b-4d34-8ade-7bfc9f12570d, Nodes: 3e6f9aad-df43-4486-a42c-6a362a65d862{ip: 172.17.0.2, host: e25e13fd87ad, networkLocation: /default-rack, certSerialId: null, persistedOpState: IN_SERVICE, persistedOpStateExpiryEpochSec: 0}, Type:RATIS, Factor:ONE, State:ALLOCATED, leaderId:, CreationTimestamp2021-01-02T03:04:26.943Z]
2021-01-02 03:04:26,944 [RatisPipelineUtilsThread] WARN  pipeline.PipelinePlacementPolicy (PipelinePlacementPolicy.java:filterViableNodes(139)) - Pipeline creation failed due to no sufficient healthy datanodes. Required 3. Found 2.
2021-01-02 03:04:27,150 [IPC Server handler 14 on default port 43483] INFO  net.NetworkTopologyImpl (NetworkTopologyImpl.java:add(111)) - Added a new node: /default-rack/1b98ba84-f03a-4745-ae67-661c5f740165
2021-01-02 03:04:27,150 [IPC Server handler 14 on default port 43483] INFO  node.SCMNodeManager (SCMNodeManager.java:register(341)) - Registered Data node : 1b98ba84-f03a-4745-ae67-661c5f740165{ip: 172.17.0.2, host: e25e13fd87ad, networkLocation: /default-rack, certSerialId: null, persistedOpState: IN_SERVICE, persistedOpStateExpiryEpochSec: 0}
2021-01-02 03:04:27,150 [EventQueue-NodeRegistrationContainerReportForDataNodeSafeModeRule] INFO  safemode.SCMSafeModeManager (SCMSafeModeManager.java:validateSafeModeExitRules(214)) - DataNodeSafeModeRule rule is successfully validated
2021-01-02 03:04:27,150 [EventQueue-NodeRegistrationContainerReportForContainerSafeModeRule] INFO  safemode.SCMSafeModeManager (SCMSafeModeManager.java:validateSafeModeExitRules(214)) - ContainerSafeModeRule rule is successfully validated
2021-01-02 03:04:27,150 [EventQueue-PipelineReportForOneReplicaPipelineSafeModeRule] INFO  safemode.SCMSafeModeManager (SCMSafeModeManager.java:validateSafeModeExitRules(214)) - AtleastOneDatanodeReportedRule rule is successfully validated
2021-01-02 03:04:27,151 [RatisPipelineUtilsThread] INFO  pipeline.RatisPipelineProvider (RatisPipelineProvider.java:lambda$create$0(161)) - Sending CreatePipelineCommand for pipeline:PipelineID=0850c91d-7eb7-4cd8-860d-2bc440c7514c to datanode:1b98ba84-f03a-4745-ae67-661c5f740165
2021-01-02 03:04:27,151 [RatisPipelineUtilsThread] INFO  pipeline.PipelineStateManager (PipelineStateManager.java:addPipeline(54)) - Created pipeline Pipeline[ Id: 0850c91d-7eb7-4cd8-860d-2bc440c7514c, Nodes: 1b98ba84-f03a-4745-ae67-661c5f740165{ip: 172.17.0.2, host: e25e13fd87ad, networkLocation: /default-rack, certSerialId: null, persistedOpState: IN_SERVICE, persistedOpStateExpiryEpochSec: 0}, Type:RATIS, Factor:ONE, State:ALLOCATED, leaderId:, CreationTimestamp2021-01-02T03:04:27.151Z]
2021-01-02 03:04:27,151 [RatisPipelineUtilsThread] INFO  pipeline.RatisPipelineProvider (RatisPipelineProvider.java:lambda$create$0(161)) - Sending CreatePipelineCommand for pipeline:PipelineID=e40a138e-87d1-4b6b-8f52-5dd6f1057fd6 to datanode:ace74568-a36a-4c06-abbe-7d05c77e5c4e
2021-01-02 03:04:27,152 [RatisPipelineUtilsThread] INFO  pipeline.RatisPipelineProvider (RatisPipelineProvider.java:lambda$create$0(161)) - Sending CreatePipelineCommand for pipeline:PipelineID=e40a138e-87d1-4b6b-8f52-5dd6f1057fd6 to datanode:1b98ba84-f03a-4745-ae67-661c5f740165
2021-01-02 03:04:27,152 [RatisPipelineUtilsThread] INFO  pipeline.RatisPipelineProvider (RatisPipelineProvider.java:lambda$create$0(161)) - Sending CreatePipelineCommand for pipeline:PipelineID=e40a138e-87d1-4b6b-8f52-5dd6f1057fd6 to datanode:3e6f9aad-df43-4486-a42c-6a362a65d862
2021-01-02 03:04:27,152 [RatisPipelineUtilsThread] INFO  pipeline.PipelineStateManager (PipelineStateManager.java:addPipeline(54)) - Created pipeline Pipeline[ Id: e40a138e-87d1-4b6b-8f52-5dd6f1057fd6, Nodes: ace74568-a36a-4c06-abbe-7d05c77e5c4e{ip: 172.17.0.2, host: e25e13fd87ad, networkLocation: /default-rack, certSerialId: null, persistedOpState: IN_SERVICE, persistedOpStateExpiryEpochSec: 0}1b98ba84-f03a-4745-ae67-661c5f740165{ip: 172.17.0.2, host: e25e13fd87ad, networkLocation: /default-rack, certSerialId: null, persistedOpState: IN_SERVICE, persistedOpStateExpiryEpochSec: 0}3e6f9aad-df43-4486-a42c-6a362a65d862{ip: 172.17.0.2, host: e25e13fd87ad, networkLocation: /default-rack, certSerialId: null, persistedOpState: IN_SERVICE, persistedOpStateExpiryEpochSec: 0}, Type:RATIS, Factor:THREE, State:ALLOCATED, leaderId:, CreationTimestamp2021-01-02T03:04:27.151Z]
2021-01-02 03:04:27,443 [IPC Server handler 0 on default port 43483] INFO  net.NetworkTopologyImpl (NetworkTopologyImpl.java:add(111)) - Added a new node: /default-rack/fdab6853-39d3-40b9-bd2b-4dc5726d5388
2021-01-02 03:04:27,443 [IPC Server handler 0 on default port 43483] INFO  node.SCMNodeManager (SCMNodeManager.java:register(341)) - Registered Data node : fdab6853-39d3-40b9-bd2b-4dc5726d5388{ip: 172.17.0.2, host: e25e13fd87ad, networkLocation: /default-rack, certSerialId: null, persistedOpState: IN_SERVICE, persistedOpStateExpiryEpochSec: 0}
2021-01-02 03:04:27,443 [RatisPipelineUtilsThread] INFO  pipeline.RatisPipelineProvider (RatisPipelineProvider.java:lambda$create$0(161)) - Sending CreatePipelineCommand for pipeline:PipelineID=ab04beb3-6556-4d9b-a28b-387a039530fe to datanode:fdab6853-39d3-40b9-bd2b-4dc5726d5388
2021-01-02 03:04:27,444 [EventQueue-NodeRegistrationContainerReportForContainerSafeModeRule] INFO  safemode.SCMSafeModeManager (SCMSafeModeManager.java:validateSafeModeExitRules(214)) - ContainerSafeModeRule rule is successfully validated
2021-01-02 03:04:27,444 [EventQueue-NodeRegistrationContainerReportForDataNodeSafeModeRule] INFO  safemode.SCMSafeModeManager (SCMSafeModeManager.java:validateSafeModeExitRules(214)) - DataNodeSafeModeRule rule is successfully validated
2021-01-02 03:04:27,444 [EventQueue-PipelineReportForOneReplicaPipelineSafeModeRule] INFO  safemode.SCMSafeModeManager (SCMSafeModeManager.java:validateSafeModeExitRules(214)) - AtleastOneDatanodeReportedRule rule is successfully validated
2021-01-02 03:04:27,444 [RatisPipelineUtilsThread] INFO  pipeline.PipelineStateManager (PipelineStateManager.java:addPipeline(54)) - Created pipeline Pipeline[ Id: ab04beb3-6556-4d9b-a28b-387a039530fe, Nodes: fdab6853-39d3-40b9-bd2b-4dc5726d5388{ip: 172.17.0.2, host: e25e13fd87ad, networkLocation: /default-rack, certSerialId: null, persistedOpState: IN_SERVICE, persistedOpStateExpiryEpochSec: 0}, Type:RATIS, Factor:ONE, State:ALLOCATED, leaderId:, CreationTimestamp2021-01-02T03:04:27.443Z]
2021-01-02 03:04:27,648 [IPC Server handler 2 on default port 43483] INFO  net.NetworkTopologyImpl (NetworkTopologyImpl.java:add(111)) - Added a new node: /default-rack/5beebed6-0501-4525-80c5-dff095c8ab2d
2021-01-02 03:04:27,648 [IPC Server handler 2 on default port 43483] INFO  node.SCMNodeManager (SCMNodeManager.java:register(341)) - Registered Data node : 5beebed6-0501-4525-80c5-dff095c8ab2d{ip: 172.17.0.2, host: e25e13fd87ad, networkLocation: /default-rack, certSerialId: null, persistedOpState: IN_SERVICE, persistedOpStateExpiryEpochSec: 0}
2021-01-02 03:04:27,649 [EventQueue-NodeRegistrationContainerReportForDataNodeSafeModeRule] INFO  safemode.SCMSafeModeManager (SCMSafeModeManager.java:validateSafeModeExitRules(214)) - DataNodeSafeModeRule rule is successfully validated
2021-01-02 03:04:27,649 [EventQueue-PipelineReportForOneReplicaPipelineSafeModeRule] INFO  safemode.SCMSafeModeManager (SCMSafeModeManager.java:validateSafeModeExitRules(214)) - AtleastOneDatanodeReportedRule rule is successfully validated
2021-01-02 03:04:27,649 [EventQueue-NodeRegistrationContainerReportForContainerSafeModeRule] INFO  safemode.SCMSafeModeManager (SCMSafeModeManager.java:validateSafeModeExitRules(214)) - ContainerSafeModeRule rule is successfully validated
2021-01-02 03:04:27,649 [RatisPipelineUtilsThread] INFO  pipeline.RatisPipelineProvider (RatisPipelineProvider.java:lambda$create$0(161)) - Sending CreatePipelineCommand for pipeline:PipelineID=613a063c-d7e0-43a7-89b6-135a2c030fbe to datanode:5beebed6-0501-4525-80c5-dff095c8ab2d
2021-01-02 03:04:27,649 [RatisPipelineUtilsThread] INFO  pipeline.PipelineStateManager (PipelineStateManager.java:addPipeline(54)) - Created pipeline Pipeline[ Id: 613a063c-d7e0-43a7-89b6-135a2c030fbe, Nodes: 5beebed6-0501-4525-80c5-dff095c8ab2d{ip: 172.17.0.2, host: e25e13fd87ad, networkLocation: /default-rack, certSerialId: null, persistedOpState: IN_SERVICE, persistedOpStateExpiryEpochSec: 0}, Type:RATIS, Factor:ONE, State:ALLOCATED, leaderId:, CreationTimestamp2021-01-02T03:04:27.649Z]
2021-01-02 03:04:27,856 [Listener at 127.0.0.1/38109] INFO  ozone.MiniOzoneClusterImpl (MiniOzoneClusterImpl.java:lambda$waitForClusterToBeReady$0(178)) - Waiting for nodes to be ready. Got 5 of 6 DN Heartbeats.
2021-01-02 03:04:27,856 [Listener at 127.0.0.1/38109] INFO  ozone.MiniOzoneClusterImpl (MiniOzoneClusterImpl.java:lambda$waitForClusterToBeReady$0(181)) - Waiting for cluster to exit safe mode
2021-01-02 03:04:27,859 [IPC Server handler 12 on default port 43483] INFO  net.NetworkTopologyImpl (NetworkTopologyImpl.java:add(111)) - Added a new node: /default-rack/68eed081-0a4c-49f2-9281-4facb9240b7e
2021-01-02 03:04:27,860 [IPC Server handler 12 on default port 43483] INFO  node.SCMNodeManager (SCMNodeManager.java:register(341)) - Registered Data node : 68eed081-0a4c-49f2-9281-4facb9240b7e{ip: 172.17.0.2, host: e25e13fd87ad, networkLocation: /default-rack, certSerialId: null, persistedOpState: IN_SERVICE, persistedOpStateExpiryEpochSec: 0}
2021-01-02 03:04:27,860 [RatisPipelineUtilsThread] INFO  pipeline.RatisPipelineProvider (RatisPipelineProvider.java:lambda$create$0(161)) - Sending CreatePipelineCommand for pipeline:PipelineID=cae66dc0-aff1-4415-a378-cd07572ae854 to datanode:68eed081-0a4c-49f2-9281-4facb9240b7e
2021-01-02 03:04:27,860 [EventQueue-PipelineReportForOneReplicaPipelineSafeModeRule] INFO  safemode.SCMSafeModeManager (SCMSafeModeManager.java:validateSafeModeExitRules(214)) - AtleastOneDatanodeReportedRule rule is successfully validated
2021-01-02 03:04:27,860 [EventQueue-NodeRegistrationContainerReportForContainerSafeModeRule] INFO  safemode.SCMSafeModeManager (SCMSafeModeManager.java:validateSafeModeExitRules(214)) - ContainerSafeModeRule rule is successfully validated
2021-01-02 03:04:27,860 [EventQueue-NodeRegistrationContainerReportForDataNodeSafeModeRule] INFO  safemode.SCMSafeModeManager (SCMSafeModeManager.java:validateSafeModeExitRules(214)) - DataNodeSafeModeRule rule is successfully validated
2021-01-02 03:04:27,860 [RatisPipelineUtilsThread] INFO  pipeline.PipelineStateManager (PipelineStateManager.java:addPipeline(54)) - Created pipeline Pipeline[ Id: cae66dc0-aff1-4415-a378-cd07572ae854, Nodes: 68eed081-0a4c-49f2-9281-4facb9240b7e{ip: 172.17.0.2, host: e25e13fd87ad, networkLocation: /default-rack, certSerialId: null, persistedOpState: IN_SERVICE, persistedOpStateExpiryEpochSec: 0}, Type:RATIS, Factor:ONE, State:ALLOCATED, leaderId:, CreationTimestamp2021-01-02T03:04:27.860Z]
2021-01-02 03:04:27,861 [RatisPipelineUtilsThread] INFO  pipeline.RatisPipelineProvider (RatisPipelineProvider.java:lambda$create$0(161)) - Sending CreatePipelineCommand for pipeline:PipelineID=e6a6e07f-d683-49c9-9cec-3d3725907a1e to datanode:68eed081-0a4c-49f2-9281-4facb9240b7e
2021-01-02 03:04:27,861 [RatisPipelineUtilsThread] INFO  pipeline.RatisPipelineProvider (RatisPipelineProvider.java:lambda$create$0(161)) - Sending CreatePipelineCommand for pipeline:PipelineID=e6a6e07f-d683-49c9-9cec-3d3725907a1e to datanode:fdab6853-39d3-40b9-bd2b-4dc5726d5388
2021-01-02 03:04:27,861 [RatisPipelineUtilsThread] INFO  pipeline.RatisPipelineProvider (RatisPipelineProvider.java:lambda$create$0(161)) - Sending CreatePipelineCommand for pipeline:PipelineID=e6a6e07f-d683-49c9-9cec-3d3725907a1e to datanode:5beebed6-0501-4525-80c5-dff095c8ab2d
2021-01-02 03:04:27,861 [RatisPipelineUtilsThread] INFO  pipeline.PipelineStateManager (PipelineStateManager.java:addPipeline(54)) - Created pipeline Pipeline[ Id: e6a6e07f-d683-49c9-9cec-3d3725907a1e, Nodes: 68eed081-0a4c-49f2-9281-4facb9240b7e{ip: 172.17.0.2, host: e25e13fd87ad, networkLocation: /default-rack, certSerialId: null, persistedOpState: IN_SERVICE, persistedOpStateExpiryEpochSec: 0}fdab6853-39d3-40b9-bd2b-4dc5726d5388{ip: 172.17.0.2, host: e25e13fd87ad, networkLocation: /default-rack, certSerialId: null, persistedOpState: IN_SERVICE, persistedOpStateExpiryEpochSec: 0}5beebed6-0501-4525-80c5-dff095c8ab2d{ip: 172.17.0.2, host: e25e13fd87ad, networkLocation: /default-rack, certSerialId: null, persistedOpState: IN_SERVICE, persistedOpStateExpiryEpochSec: 0}, Type:RATIS, Factor:THREE, State:ALLOCATED, leaderId:, CreationTimestamp2021-01-02T03:04:27.861Z]
2021-01-02 03:04:28,737 [EventQueue-PipelineReportForOneReplicaPipelineSafeModeRule] INFO  safemode.SCMSafeModeManager (SCMSafeModeManager.java:validateSafeModeExitRules(214)) - AtleastOneDatanodeReportedRule rule is successfully validated
2021-01-02 03:04:28,857 [Listener at 127.0.0.1/38109] INFO  ozone.MiniOzoneClusterImpl (MiniOzoneClusterImpl.java:lambda$waitForClusterToBeReady$0(178)) - Nodes are ready. Got 6 of 6 DN Heartbeats.
2021-01-02 03:04:28,857 [Listener at 127.0.0.1/38109] INFO  ozone.MiniOzoneClusterImpl (MiniOzoneClusterImpl.java:lambda$waitForClusterToBeReady$0(181)) - Waiting for cluster to exit safe mode
2021-01-02 03:04:28,942 [EventQueue-PipelineReportForOneReplicaPipelineSafeModeRule] INFO  safemode.SCMSafeModeManager (SCMSafeModeManager.java:validateSafeModeExitRules(214)) - AtleastOneDatanodeReportedRule rule is successfully validated
2021-01-02 03:04:29,149 [EventQueue-PipelineReportForOneReplicaPipelineSafeModeRule] INFO  safemode.SCMSafeModeManager (SCMSafeModeManager.java:validateSafeModeExitRules(214)) - AtleastOneDatanodeReportedRule rule is successfully validated
2021-01-02 03:04:29,443 [EventQueue-PipelineReportForOneReplicaPipelineSafeModeRule] INFO  safemode.SCMSafeModeManager (SCMSafeModeManager.java:validateSafeModeExitRules(214)) - AtleastOneDatanodeReportedRule rule is successfully validated
2021-01-02 03:04:29,649 [EventQueue-PipelineReportForOneReplicaPipelineSafeModeRule] INFO  safemode.SCMSafeModeManager (SCMSafeModeManager.java:validateSafeModeExitRules(214)) - AtleastOneDatanodeReportedRule rule is successfully validated
2021-01-02 03:04:29,737 [Command processor thread] INFO  server.RaftServer (RaftServerProxy.java:addNew(93)) - ace74568-a36a-4c06-abbe-7d05c77e5c4e: addNew group-A3A9F4CD806E:[ace74568-a36a-4c06-abbe-7d05c77e5c4e|rpc:172.17.0.2:38047] returns group-A3A9F4CD806E:java.util.concurrent.CompletableFuture@58cd92c3[Not completed]
2021-01-02 03:04:29,737 [EventQueue-PipelineReportForOneReplicaPipelineSafeModeRule] INFO  safemode.SCMSafeModeManager (SCMSafeModeManager.java:validateSafeModeExitRules(214)) - AtleastOneDatanodeReportedRule rule is successfully validated
2021-01-02 03:04:29,738 [pool-1773-thread-1] INFO  server.RaftServer$Division (RaftServerImpl.java:<init>(173)) - ace74568-a36a-4c06-abbe-7d05c77e5c4e: new RaftServerImpl for group-A3A9F4CD806E:[ace74568-a36a-4c06-abbe-7d05c77e5c4e|rpc:172.17.0.2:38047] with ContainerStateMachine:uninitialized
2021-01-02 03:04:29,738 [pool-1773-thread-1] INFO  server.RaftServerConfigKeys (ConfUtils.java:logGet(44)) - raft.server.rpc.timeout.min = 5s (custom)
2021-01-02 03:04:29,738 [pool-1773-thread-1] INFO  server.RaftServerConfigKeys (ConfUtils.java:logGet(44)) - raft.server.rpc.timeout.max = 5200ms (custom)
2021-01-02 03:04:29,738 [pool-1773-thread-1] INFO  server.RaftServerConfigKeys (ConfUtils.java:logGet(44)) - raft.server.rpc.sleep.time = 25ms (default)
2021-01-02 03:04:29,738 [pool-1773-thread-1] INFO  server.RaftServerConfigKeys (ConfUtils.java:logGet(44)) - raft.server.rpc.slowness.timeout = 300s (custom)
2021-01-02 03:04:29,739 [pool-1773-thread-1] INFO  server.RaftServerConfigKeys (ConfUtils.java:logGet(44)) - raft.server.leaderelection.leader.step-down.wait-time = 10s (default)
2021-01-02 03:04:29,739 [pool-1773-thread-1] INFO  server.RaftServerConfigKeys (ConfUtils.java:logGet(44)) - raft.server.sleep.deviation.threshold = 300ms (default)
2021-01-02 03:04:29,739 [pool-1773-thread-1] INFO  server.RaftServerConfigKeys (ConfUtils.java:logGet(44)) - raft.server.log.appender.install.snapshot.enabled = false (custom)
2021-01-02 03:04:29,739 [pool-1773-thread-1] INFO  server.RaftServer$Division (ServerState.java:<init>(104)) - ace74568-a36a-4c06-abbe-7d05c77e5c4e@group-A3A9F4CD806E: ConfigurationManager, init=-1: [ace74568-a36a-4c06-abbe-7d05c77e5c4e|rpc:172.17.0.2:38047], old=null, confs=<EMPTY_MAP>
2021-01-02 03:04:29,739 [pool-1773-thread-1] INFO  server.RaftServerConfigKeys (ConfUtils.java:logGet(44)) - raft.server.storage.dir = [/github/workspace/mnt/ozone/hadoop-ozone/integration-test/target/test-dir/MiniOzoneClusterImpl-0875b59f-827e-470c-b6ab-7d6320bd5827/datanode-0/data/ratis] (custom)
2021-01-02 03:04:29,739 [pool-1773-thread-1] INFO  server.RaftServerConfigKeys (ConfUtils.java:logGet(44)) - raft.server.log.corruption.policy = EXCEPTION (default)
2021-01-02 03:04:29,739 [pool-1773-thread-1] INFO  storage.RaftStorageDirectory (RaftStorageDirectory.java:analyzeStorage(260)) - The storage directory /github/workspace/mnt/ozone/hadoop-ozone/integration-test/target/test-dir/MiniOzoneClusterImpl-0875b59f-827e-470c-b6ab-7d6320bd5827/datanode-0/data/ratis/364500dc-a1aa-4eb2-8192-a3a9f4cd806e does not exist. Creating ...
2021-01-02 03:04:29,741 [pool-1773-thread-1] INFO  storage.RaftStorageDirectory (RaftStorageDirectory.java:tryLock(342)) - Lock on /github/workspace/mnt/ozone/hadoop-ozone/integration-test/target/test-dir/MiniOzoneClusterImpl-0875b59f-827e-470c-b6ab-7d6320bd5827/datanode-0/data/ratis/364500dc-a1aa-4eb2-8192-a3a9f4cd806e/in_use.lock acquired by nodename 20532@e25e13fd87ad
2021-01-02 03:04:29,743 [pool-1773-thread-1] INFO  storage.RaftStorage (RaftStorage.java:format(89)) - Storage directory /github/workspace/mnt/ozone/hadoop-ozone/integration-test/target/test-dir/MiniOzoneClusterImpl-0875b59f-827e-470c-b6ab-7d6320bd5827/datanode-0/data/ratis/364500dc-a1aa-4eb2-8192-a3a9f4cd806e has been successfully formatted.
2021-01-02 03:04:29,743 [pool-1773-thread-1] INFO  ratis.ContainerStateMachine (ContainerStateMachine.java:loadSnapshot(223)) - group-A3A9F4CD806E: The snapshot info is null. Setting the last applied indexto:(t:0, i:~)
2021-01-02 03:04:29,743 [pool-1773-thread-1] ERROR storage.RaftStorage (RaftStorage.java:readRaftConfiguration(152)) - Failed reading configuration from file:/github/workspace/mnt/ozone/hadoop-ozone/integration-test/target/test-dir/MiniOzoneClusterImpl-0875b59f-827e-470c-b6ab-7d6320bd5827/datanode-0/data/ratis/364500dc-a1aa-4eb2-8192-a3a9f4cd806e/current/raft-meta.conf
java.io.FileNotFoundException: /github/workspace/mnt/ozone/hadoop-ozone/integration-test/target/test-dir/MiniOzoneClusterImpl-0875b59f-827e-470c-b6ab-7d6320bd5827/datanode-0/data/ratis/364500dc-a1aa-4eb2-8192-a3a9f4cd806e/current/raft-meta.conf (No such file or directory)
	at java.io.FileInputStream.open0(Native Method)
	at java.io.FileInputStream.open(FileInputStream.java:195)
	at java.io.FileInputStream.<init>(FileInputStream.java:138)
	at org.apache.ratis.server.storage.RaftStorage.readRaftConfiguration(RaftStorage.java:148)
	at org.apache.ratis.server.impl.ServerState.initStatemachine(ServerState.java:167)
	at org.apache.ratis.server.impl.ServerState.<init>(ServerState.java:112)
	at org.apache.ratis.server.impl.RaftServerImpl.<init>(RaftServerImpl.java:186)
	at org.apache.ratis.server.impl.RaftServerProxy.lambda$newRaftServerImpl$4(RaftServerProxy.java:264)
	at java.util.concurrent.CompletableFuture$AsyncSupply.run(CompletableFuture.java:1604)
	at java.util.concurrent.ThreadPoolExecutor.runWorker(ThreadPoolExecutor.java:1149)
	at java.util.concurrent.ThreadPoolExecutor$Worker.run(ThreadPoolExecutor.java:624)
	at java.lang.Thread.run(Thread.java:748)
2021-01-02 03:04:29,744 [pool-1773-thread-1] INFO  server.RaftServerConfigKeys (ConfUtils.java:logGet(44)) - raft.server.notification.no-leader.timeout = 300s (custom)
2021-01-02 03:04:29,744 [pool-1773-thread-1] INFO  server.RaftServerConfigKeys (ConfUtils.java:logGet(44)) - raft.server.log.use.memory = false (default)
2021-01-02 03:04:29,744 [EventQueue-PipelineReportForPipelineReportHandler] INFO  pipeline.PipelineStateManager (PipelineStateManager.java:openPipeline(132)) - Pipeline Pipeline[ Id: 364500dc-a1aa-4eb2-8192-a3a9f4cd806e, Nodes: ace74568-a36a-4c06-abbe-7d05c77e5c4e{ip: 172.17.0.2, host: e25e13fd87ad, networkLocation: /default-rack, certSerialId: null, persistedOpState: IN_SERVICE, persistedOpStateExpiryEpochSec: 0}, Type:RATIS, Factor:ONE, State:ALLOCATED, leaderId:ace74568-a36a-4c06-abbe-7d05c77e5c4e, CreationTimestamp2021-01-02T03:04:26.742Z] moved to OPEN state
2021-01-02 03:04:29,744 [EventQueue-PipelineReportForOneReplicaPipelineSafeModeRule] INFO  safemode.SCMSafeModeManager (SCMSafeModeManager.java:validateSafeModeExitRules(214)) - AtleastOneDatanodeReportedRule rule is successfully validated
2021-01-02 03:04:29,744 [pool-1773-thread-1] INFO  server.RaftServerConfigKeys (ConfUtils.java:logGet(44)) - raft.server.log.purge.gap = 1000000 (custom)
2021-01-02 03:04:29,747 [pool-1773-thread-1] INFO  metrics.RatisMetrics (RatisMetrics.java:lambda$create$0(36)) - Creating Metrics Registry : ratis.log_worker.ace74568-a36a-4c06-abbe-7d05c77e5c4e@group-A3A9F4CD806E
2021-01-02 03:04:29,748 [pool-1773-thread-1] INFO  server.RaftServerConfigKeys (ConfUtils.java:logGet(44)) - raft.server.log.appender.buffer.byte-limit = 33554432 (custom)
2021-01-02 03:04:29,748 [pool-1773-thread-1] INFO  server.RaftServerConfigKeys (ConfUtils.java:logGet(44)) - raft.server.log.segment.size.max = 1048576 (custom)
2021-01-02 03:04:29,746 [EventQueue-OpenPipelineForHealthyPipelineSafeModeRule] INFO  safemode.SCMSafeModeManager (HealthyPipelineSafeModeRule.java:process(128)) - SCM in safe mode. Healthy pipelines reported count is 0, required healthy pipeline reported count is 1
2021-01-02 03:04:29,750 [pool-1773-thread-1] INFO  server.RaftServerConfigKeys (ConfUtils.java:logGet(44)) - raft.server.log.segment.cache.num.max = 2 (custom)
2021-01-02 03:04:29,750 [pool-1773-thread-1] INFO  server.RaftServerConfigKeys (ConfUtils.java:logGet(44)) - raft.server.log.segment.cache.size.max = 200MB (=209715200) (default)
2021-01-02 03:04:29,750 [pool-1773-thread-1] INFO  segmented.SegmentedRaftLogWorker (SegmentedRaftLogWorker.java:<init>(181)) - new ace74568-a36a-4c06-abbe-7d05c77e5c4e@group-A3A9F4CD806E-SegmentedRaftLogWorker for RaftStorage:Storage Directory /github/workspace/mnt/ozone/hadoop-ozone/integration-test/target/test-dir/MiniOzoneClusterImpl-0875b59f-827e-470c-b6ab-7d6320bd5827/datanode-0/data/ratis/364500dc-a1aa-4eb2-8192-a3a9f4cd806e
2021-01-02 03:04:29,750 [pool-1773-thread-1] INFO  server.RaftServerConfigKeys (ConfUtils.java:logGet(44)) - raft.server.log.queue.byte-limit = 2147483647 (custom)
2021-01-02 03:04:29,750 [pool-1773-thread-1] INFO  server.RaftServerConfigKeys (ConfUtils.java:logGet(44)) - raft.server.log.queue.element-limit = 1024 (custom)
2021-01-02 03:04:29,750 [pool-1773-thread-1] INFO  server.RaftServerConfigKeys (ConfUtils.java:logGet(44)) - raft.server.log.segment.size.max = 1048576 (custom)
2021-01-02 03:04:29,750 [pool-1773-thread-1] INFO  server.RaftServerConfigKeys (ConfUtils.java:logGet(44)) - raft.server.log.preallocated.size = 16384 (custom)
2021-01-02 03:04:29,750 [pool-1773-thread-1] INFO  server.RaftServerConfigKeys (ConfUtils.java:logGet(44)) - raft.server.log.force.sync.num = 128 (default)
2021-01-02 03:04:29,750 [pool-1773-thread-1] INFO  server.RaftServerConfigKeys (ConfUtils.java:logGet(44)) - raft.server.log.statemachine.data.sync = true (default)
2021-01-02 03:04:29,750 [pool-1773-thread-1] INFO  server.RaftServerConfigKeys (ConfUtils.java:logGet(44)) - raft.server.log.statemachine.data.sync.timeout = 10s (default)
2021-01-02 03:04:29,751 [pool-1773-thread-1] INFO  server.RaftServerConfigKeys (ConfUtils.java:logGet(44)) - raft.server.log.statemachine.data.sync.timeout.retry = -1 (default)
2021-01-02 03:04:29,754 [pool-1773-thread-1] INFO  server.RaftServerConfigKeys (ConfUtils.java:logGet(44)) - raft.server.log.write.buffer.size = 1048576 (custom)
2021-01-02 03:04:29,755 [pool-1773-thread-1] INFO  server.RaftServerConfigKeys (ConfUtils.java:logGet(44)) - raft.server.log.statemachine.data.caching.enabled = true (custom)
2021-01-02 03:04:29,755 [pool-1773-thread-1] INFO  segmented.SegmentedRaftLogWorker (SegmentedRaftLogWorker.java:lambda$new$0(132)) - ace74568-a36a-4c06-abbe-7d05c77e5c4e@group-A3A9F4CD806E-SegmentedRaftLogWorker: flushIndex: setUnconditionally 0 -> -1
2021-01-02 03:04:29,755 [pool-1773-thread-1] INFO  segmented.SegmentedRaftLogWorker (SegmentedRaftLogWorker.java:lambda$new$0(132)) - ace74568-a36a-4c06-abbe-7d05c77e5c4e@group-A3A9F4CD806E-SegmentedRaftLogWorker: safeCacheEvictIndex: setUnconditionally 0 -> -1
2021-01-02 03:04:29,755 [pool-1773-thread-1] INFO  server.RaftServerConfigKeys (ConfUtils.java:logGet(44)) - raft.server.snapshot.auto.trigger.enabled = true (custom)
2021-01-02 03:04:29,755 [pool-1773-thread-1] INFO  server.RaftServerConfigKeys (ConfUtils.java:logGet(44)) - raft.server.snapshot.auto.trigger.threshold = 10000 (custom)
2021-01-02 03:04:29,755 [pool-1773-thread-1] INFO  server.RaftServerConfigKeys (ConfUtils.java:logGet(44)) - raft.server.snapshot.retention.file.num = 5 (custom)
2021-01-02 03:04:29,755 [pool-1773-thread-1] INFO  server.RaftServerConfigKeys (ConfUtils.java:logGet(44)) - raft.server.log.purge.upto.snapshot.index = false (default)
2021-01-02 03:04:29,755 [pool-1773-thread-1] INFO  server.RaftServerConfigKeys (ConfUtils.java:logGet(44)) - raft.server.retrycache.expirytime = 600000ms (custom)
2021-01-02 03:04:29,755 [pool-1773-thread-1] INFO  server.RaftServerConfigKeys (ConfUtils.java:logGet(44)) - raft.server.retrycache.statistics.expirytime = 100?s (default)
2021-01-02 03:04:29,755 [pool-1773-thread-1] INFO  metrics.RatisMetrics (RatisMetrics.java:lambda$create$0(36)) - Creating Metrics Registry : ratis.leader_election.ace74568-a36a-4c06-abbe-7d05c77e5c4e@group-A3A9F4CD806E
2021-01-02 03:04:29,757 [pool-1773-thread-1] INFO  metrics.RatisMetrics (RatisMetrics.java:lambda$create$0(36)) - Creating Metrics Registry : ratis.server.ace74568-a36a-4c06-abbe-7d05c77e5c4e@group-A3A9F4CD806E
2021-01-02 03:04:29,759 [pool-1773-thread-1] INFO  server.RaftServer$Division (RaftServerImpl.java:start(286)) - ace74568-a36a-4c06-abbe-7d05c77e5c4e@group-A3A9F4CD806E: start as a follower, conf=-1: [ace74568-a36a-4c06-abbe-7d05c77e5c4e|rpc:172.17.0.2:38047], old=null
2021-01-02 03:04:29,759 [pool-1773-thread-1] INFO  server.RaftServer$Division (RaftServerImpl.java:setRole(275)) - ace74568-a36a-4c06-abbe-7d05c77e5c4e@group-A3A9F4CD806E: changes role from      null to FOLLOWER at term 0 for startAsFollower
2021-01-02 03:04:29,759 [pool-1773-thread-1] INFO  impl.RoleInfo (RoleInfo.java:updateAndGet(130)) - ace74568-a36a-4c06-abbe-7d05c77e5c4e: start ace74568-a36a-4c06-abbe-7d05c77e5c4e@group-A3A9F4CD806E-FollowerState
2021-01-02 03:04:29,759 [pool-1773-thread-1] INFO  util.JmxRegister (JmxRegister.java:tryRegister(44)) - Successfully registered JMX Bean with object name Ratis:service=RaftServer,group=group-A3A9F4CD806E,id=ace74568-a36a-4c06-abbe-7d05c77e5c4e
2021-01-02 03:04:29,760 [pool-1773-thread-1] INFO  metrics.RatisMetrics (RatisMetrics.java:lambda$create$0(36)) - Creating Metrics Registry : ratis.state_machine.ace74568-a36a-4c06-abbe-7d05c77e5c4e@group-A3A9F4CD806E
2021-01-02 03:04:29,761 [Command processor thread] INFO  commandhandler.CreatePipelineCommandHandler (CreatePipelineCommandHandler.java:handle(106)) - Created Pipeline RATIS ONE PipelineID=364500dc-a1aa-4eb2-8192-a3a9f4cd806e.
2021-01-02 03:04:29,761 [Command processor thread] INFO  server.RaftServer (RaftServerProxy.java:addNew(93)) - ace74568-a36a-4c06-abbe-7d05c77e5c4e: addNew group-5DD6F1057FD6:[1b98ba84-f03a-4745-ae67-661c5f740165|rpc:172.17.0.2:36113, 3e6f9aad-df43-4486-a42c-6a362a65d862|rpc:172.17.0.2:35573, ace74568-a36a-4c06-abbe-7d05c77e5c4e|rpc:172.17.0.2:38047] returns group-5DD6F1057FD6:java.util.concurrent.CompletableFuture@5cf21d02[Not completed]
2021-01-02 03:04:29,762 [pool-1773-thread-1] INFO  server.RaftServer$Division (RaftServerImpl.java:<init>(173)) - ace74568-a36a-4c06-abbe-7d05c77e5c4e: new RaftServerImpl for group-5DD6F1057FD6:[1b98ba84-f03a-4745-ae67-661c5f740165|rpc:172.17.0.2:36113, 3e6f9aad-df43-4486-a42c-6a362a65d862|rpc:172.17.0.2:35573, ace74568-a36a-4c06-abbe-7d05c77e5c4e|rpc:172.17.0.2:38047] with ContainerStateMachine:uninitialized
2021-01-02 03:04:29,762 [pool-1773-thread-1] INFO  server.RaftServerConfigKeys (ConfUtils.java:logGet(44)) - raft.server.rpc.timeout.min = 5s (custom)
2021-01-02 03:04:29,762 [pool-1773-thread-1] INFO  server.RaftServerConfigKeys (ConfUtils.java:logGet(44)) - raft.server.rpc.timeout.max = 5200ms (custom)
2021-01-02 03:04:29,762 [pool-1773-thread-1] INFO  server.RaftServerConfigKeys (ConfUtils.java:logGet(44)) - raft.server.rpc.sleep.time = 25ms (default)
2021-01-02 03:04:29,762 [pool-1773-thread-1] INFO  server.RaftServerConfigKeys (ConfUtils.java:logGet(44)) - raft.server.rpc.slowness.timeout = 300s (custom)
2021-01-02 03:04:29,762 [pool-1773-thread-1] INFO  server.RaftServerConfigKeys (ConfUtils.java:logGet(44)) - raft.server.leaderelection.leader.step-down.wait-time = 10s (default)
2021-01-02 03:04:29,762 [pool-1773-thread-1] INFO  server.RaftServerConfigKeys (ConfUtils.java:logGet(44)) - raft.server.sleep.deviation.threshold = 300ms (default)
2021-01-02 03:04:29,762 [pool-1773-thread-1] INFO  server.RaftServerConfigKeys (ConfUtils.java:logGet(44)) - raft.server.log.appender.install.snapshot.enabled = false (custom)
2021-01-02 03:04:29,762 [pool-1773-thread-1] INFO  server.RaftServer$Division (ServerState.java:<init>(104)) - ace74568-a36a-4c06-abbe-7d05c77e5c4e@group-5DD6F1057FD6: ConfigurationManager, init=-1: [1b98ba84-f03a-4745-ae67-661c5f740165|rpc:172.17.0.2:36113, 3e6f9aad-df43-4486-a42c-6a362a65d862|rpc:172.17.0.2:35573, ace74568-a36a-4c06-abbe-7d05c77e5c4e|rpc:172.17.0.2:38047], old=null, confs=<EMPTY_MAP>
2021-01-02 03:04:29,762 [pool-1773-thread-1] INFO  server.RaftServerConfigKeys (ConfUtils.java:logGet(44)) - raft.server.storage.dir = [/github/workspace/mnt/ozone/hadoop-ozone/integration-test/target/test-dir/MiniOzoneClusterImpl-0875b59f-827e-470c-b6ab-7d6320bd5827/datanode-0/data/ratis] (custom)
2021-01-02 03:04:29,762 [pool-1773-thread-1] INFO  server.RaftServerConfigKeys (ConfUtils.java:logGet(44)) - raft.server.log.corruption.policy = EXCEPTION (default)
2021-01-02 03:04:29,763 [pool-1773-thread-1] INFO  storage.RaftStorageDirectory (RaftStorageDirectory.java:analyzeStorage(260)) - The storage directory /github/workspace/mnt/ozone/hadoop-ozone/integration-test/target/test-dir/MiniOzoneClusterImpl-0875b59f-827e-470c-b6ab-7d6320bd5827/datanode-0/data/ratis/e40a138e-87d1-4b6b-8f52-5dd6f1057fd6 does not exist. Creating ...
2021-01-02 03:04:29,764 [pool-1773-thread-1] INFO  storage.RaftStorageDirectory (RaftStorageDirectory.java:tryLock(342)) - Lock on /github/workspace/mnt/ozone/hadoop-ozone/integration-test/target/test-dir/MiniOzoneClusterImpl-0875b59f-827e-470c-b6ab-7d6320bd5827/datanode-0/data/ratis/e40a138e-87d1-4b6b-8f52-5dd6f1057fd6/in_use.lock acquired by nodename 20532@e25e13fd87ad
2021-01-02 03:04:29,765 [pool-1773-thread-1] INFO  storage.RaftStorage (RaftStorage.java:format(89)) - Storage directory /github/workspace/mnt/ozone/hadoop-ozone/integration-test/target/test-dir/MiniOzoneClusterImpl-0875b59f-827e-470c-b6ab-7d6320bd5827/datanode-0/data/ratis/e40a138e-87d1-4b6b-8f52-5dd6f1057fd6 has been successfully formatted.
2021-01-02 03:04:29,765 [pool-1773-thread-1] INFO  ratis.ContainerStateMachine (ContainerStateMachine.java:loadSnapshot(223)) - group-5DD6F1057FD6: The snapshot info is null. Setting the last applied indexto:(t:0, i:~)
2021-01-02 03:04:29,765 [pool-1773-thread-1] ERROR storage.RaftStorage (RaftStorage.java:readRaftConfiguration(152)) - Failed reading configuration from file:/github/workspace/mnt/ozone/hadoop-ozone/integration-test/target/test-dir/MiniOzoneClusterImpl-0875b59f-827e-470c-b6ab-7d6320bd5827/datanode-0/data/ratis/e40a138e-87d1-4b6b-8f52-5dd6f1057fd6/current/raft-meta.conf
java.io.FileNotFoundException: /github/workspace/mnt/ozone/hadoop-ozone/integration-test/target/test-dir/MiniOzoneClusterImpl-0875b59f-827e-470c-b6ab-7d6320bd5827/datanode-0/data/ratis/e40a138e-87d1-4b6b-8f52-5dd6f1057fd6/current/raft-meta.conf (No such file or directory)
	at java.io.FileInputStream.open0(Native Method)
	at java.io.FileInputStream.open(FileInputStream.java:195)
	at java.io.FileInputStream.<init>(FileInputStream.java:138)
	at org.apache.ratis.server.storage.RaftStorage.readRaftConfiguration(RaftStorage.java:148)
	at org.apache.ratis.server.impl.ServerState.initStatemachine(ServerState.java:167)
	at org.apache.ratis.server.impl.ServerState.<init>(ServerState.java:112)
	at org.apache.ratis.server.impl.RaftServerImpl.<init>(RaftServerImpl.java:186)
	at org.apache.ratis.server.impl.RaftServerProxy.lambda$newRaftServerImpl$4(RaftServerProxy.java:264)
	at java.util.concurrent.CompletableFuture$AsyncSupply.run(CompletableFuture.java:1604)
	at java.util.concurrent.ThreadPoolExecutor.runWorker(ThreadPoolExecutor.java:1149)
	at java.util.concurrent.ThreadPoolExecutor$Worker.run(ThreadPoolExecutor.java:624)
	at java.lang.Thread.run(Thread.java:748)
2021-01-02 03:04:29,766 [pool-1773-thread-1] INFO  server.RaftServerConfigKeys (ConfUtils.java:logGet(44)) - raft.server.notification.no-leader.timeout = 300s (custom)
2021-01-02 03:04:29,766 [EventQueue-OpenPipelineForHealthyPipelineSafeModeRule] INFO  safemode.SCMSafeModeManager (HealthyPipelineSafeModeRule.java:process(128)) - SCM in safe mode. Healthy pipelines reported count is 0, required healthy pipeline reported count is 1
2021-01-02 03:04:29,765 [EventQueue-PipelineReportForOneReplicaPipelineSafeModeRule] INFO  safemode.SCMSafeModeManager (SCMSafeModeManager.java:validateSafeModeExitRules(214)) - AtleastOneDatanodeReportedRule rule is successfully validated
2021-01-02 03:04:29,766 [pool-1773-thread-1] INFO  server.RaftServerConfigKeys (ConfUtils.java:logGet(44)) - raft.server.log.use.memory = false (default)
2021-01-02 03:04:29,766 [pool-1773-thread-1] INFO  server.RaftServerConfigKeys (ConfUtils.java:logGet(44)) - raft.server.log.purge.gap = 1000000 (custom)
2021-01-02 03:04:29,766 [pool-1773-thread-1] INFO  metrics.RatisMetrics (RatisMetrics.java:lambda$create$0(36)) - Creating Metrics Registry : ratis.log_worker.ace74568-a36a-4c06-abbe-7d05c77e5c4e@group-5DD6F1057FD6
2021-01-02 03:04:29,767 [pool-1773-thread-1] INFO  server.RaftServerConfigKeys (ConfUtils.java:logGet(44)) - raft.server.log.appender.buffer.byte-limit = 33554432 (custom)
2021-01-02 03:04:29,767 [pool-1773-thread-1] INFO  server.RaftServerConfigKeys (ConfUtils.java:logGet(44)) - raft.server.log.segment.size.max = 1048576 (custom)
2021-01-02 03:04:29,768 [pool-1773-thread-1] INFO  server.RaftServerConfigKeys (ConfUtils.java:logGet(44)) - raft.server.log.segment.cache.num.max = 2 (custom)
2021-01-02 03:04:29,768 [pool-1773-thread-1] INFO  server.RaftServerConfigKeys (ConfUtils.java:logGet(44)) - raft.server.log.segment.cache.size.max = 200MB (=209715200) (default)
2021-01-02 03:04:29,768 [pool-1773-thread-1] INFO  segmented.SegmentedRaftLogWorker (SegmentedRaftLogWorker.java:<init>(181)) - new ace74568-a36a-4c06-abbe-7d05c77e5c4e@group-5DD6F1057FD6-SegmentedRaftLogWorker for RaftStorage:Storage Directory /github/workspace/mnt/ozone/hadoop-ozone/integration-test/target/test-dir/MiniOzoneClusterImpl-0875b59f-827e-470c-b6ab-7d6320bd5827/datanode-0/data/ratis/e40a138e-87d1-4b6b-8f52-5dd6f1057fd6
2021-01-02 03:04:29,768 [pool-1773-thread-1] INFO  server.RaftServerConfigKeys (ConfUtils.java:logGet(44)) - raft.server.log.queue.byte-limit = 2147483647 (custom)
2021-01-02 03:04:29,768 [pool-1773-thread-1] INFO  server.RaftServerConfigKeys (ConfUtils.java:logGet(44)) - raft.server.log.queue.element-limit = 1024 (custom)
2021-01-02 03:04:29,768 [pool-1773-thread-1] INFO  server.RaftServerConfigKeys (ConfUtils.java:logGet(44)) - raft.server.log.segment.size.max = 1048576 (custom)
2021-01-02 03:04:29,768 [pool-1773-thread-1] INFO  server.RaftServerConfigKeys (ConfUtils.java:logGet(44)) - raft.server.log.preallocated.size = 16384 (custom)
2021-01-02 03:04:29,769 [pool-1773-thread-1] INFO  server.RaftServerConfigKeys (ConfUtils.java:logGet(44)) - raft.server.log.force.sync.num = 128 (default)
2021-01-02 03:04:29,769 [pool-1773-thread-1] INFO  server.RaftServerConfigKeys (ConfUtils.java:logGet(44)) - raft.server.log.statemachine.data.sync = true (default)
2021-01-02 03:04:29,769 [pool-1773-thread-1] INFO  server.RaftServerConfigKeys (ConfUtils.java:logGet(44)) - raft.server.log.statemachine.data.sync.timeout = 10s (default)
2021-01-02 03:04:29,769 [pool-1773-thread-1] INFO  server.RaftServerConfigKeys (ConfUtils.java:logGet(44)) - raft.server.log.statemachine.data.sync.timeout.retry = -1 (default)
2021-01-02 03:04:29,772 [pool-1773-thread-1] INFO  server.RaftServerConfigKeys (ConfUtils.java:logGet(44)) - raft.server.log.write.buffer.size = 1048576 (custom)
2021-01-02 03:04:29,773 [pool-1773-thread-1] INFO  server.RaftServerConfigKeys (ConfUtils.java:logGet(44)) - raft.server.log.statemachine.data.caching.enabled = true (custom)
2021-01-02 03:04:29,773 [pool-1773-thread-1] INFO  segmented.SegmentedRaftLogWorker (SegmentedRaftLogWorker.java:lambda$new$0(132)) - ace74568-a36a-4c06-abbe-7d05c77e5c4e@group-5DD6F1057FD6-SegmentedRaftLogWorker: flushIndex: setUnconditionally 0 -> -1
2021-01-02 03:04:29,773 [pool-1773-thread-1] INFO  segmented.SegmentedRaftLogWorker (SegmentedRaftLogWorker.java:lambda$new$0(132)) - ace74568-a36a-4c06-abbe-7d05c77e5c4e@group-5DD6F1057FD6-SegmentedRaftLogWorker: safeCacheEvictIndex: setUnconditionally 0 -> -1
2021-01-02 03:04:29,773 [pool-1773-thread-1] INFO  server.RaftServerConfigKeys (ConfUtils.java:logGet(44)) - raft.server.snapshot.auto.trigger.enabled = true (custom)
2021-01-02 03:04:29,773 [pool-1773-thread-1] INFO  server.RaftServerConfigKeys (ConfUtils.java:logGet(44)) - raft.server.snapshot.auto.trigger.threshold = 10000 (custom)
2021-01-02 03:04:29,773 [pool-1773-thread-1] INFO  server.RaftServerConfigKeys (ConfUtils.java:logGet(44)) - raft.server.snapshot.retention.file.num = 5 (custom)
2021-01-02 03:04:29,773 [pool-1773-thread-1] INFO  server.RaftServerConfigKeys (ConfUtils.java:logGet(44)) - raft.server.log.purge.upto.snapshot.index = false (default)
2021-01-02 03:04:29,773 [pool-1773-thread-1] INFO  server.RaftServerConfigKeys (ConfUtils.java:logGet(44)) - raft.server.retrycache.expirytime = 600000ms (custom)
2021-01-02 03:04:29,773 [pool-1773-thread-1] INFO  server.RaftServerConfigKeys (ConfUtils.java:logGet(44)) - raft.server.retrycache.statistics.expirytime = 100?s (default)
2021-01-02 03:04:29,774 [pool-1773-thread-1] INFO  metrics.RatisMetrics (RatisMetrics.java:lambda$create$0(36)) - Creating Metrics Registry : ratis.leader_election.ace74568-a36a-4c06-abbe-7d05c77e5c4e@group-5DD6F1057FD6
2021-01-02 03:04:29,775 [pool-1773-thread-1] INFO  metrics.RatisMetrics (RatisMetrics.java:lambda$create$0(36)) - Creating Metrics Registry : ratis.server.ace74568-a36a-4c06-abbe-7d05c77e5c4e@group-5DD6F1057FD6
2021-01-02 03:04:29,777 [pool-1773-thread-1] INFO  server.RaftServer$Division (RaftServerImpl.java:start(286)) - ace74568-a36a-4c06-abbe-7d05c77e5c4e@group-5DD6F1057FD6: start as a follower, conf=-1: [1b98ba84-f03a-4745-ae67-661c5f740165|rpc:172.17.0.2:36113, 3e6f9aad-df43-4486-a42c-6a362a65d862|rpc:172.17.0.2:35573, ace74568-a36a-4c06-abbe-7d05c77e5c4e|rpc:172.17.0.2:38047], old=null
2021-01-02 03:04:29,777 [pool-1773-thread-1] INFO  server.RaftServer$Division (RaftServerImpl.java:setRole(275)) - ace74568-a36a-4c06-abbe-7d05c77e5c4e@group-5DD6F1057FD6: changes role from      null to FOLLOWER at term 0 for startAsFollower
2021-01-02 03:04:29,777 [pool-1773-thread-1] INFO  impl.RoleInfo (RoleInfo.java:updateAndGet(130)) - ace74568-a36a-4c06-abbe-7d05c77e5c4e: start ace74568-a36a-4c06-abbe-7d05c77e5c4e@group-5DD6F1057FD6-FollowerState
2021-01-02 03:04:29,778 [pool-1773-thread-1] INFO  util.JmxRegister (JmxRegister.java:tryRegister(44)) - Successfully registered JMX Bean with object name Ratis:service=RaftServer,group=group-5DD6F1057FD6,id=ace74568-a36a-4c06-abbe-7d05c77e5c4e
2021-01-02 03:04:29,778 [pool-1773-thread-1] INFO  metrics.RatisMetrics (RatisMetrics.java:lambda$create$0(36)) - Creating Metrics Registry : ratis.state_machine.ace74568-a36a-4c06-abbe-7d05c77e5c4e@group-5DD6F1057FD6
2021-01-02 03:04:29,780 [Command processor thread] INFO  metrics.RatisMetrics (RatisMetrics.java:lambda$create$0(36)) - Creating Metrics Registry : ratis.client_message_metrics.client-BA84A1F174A1->1b98ba84-f03a-4745-ae67-661c5f740165
2021-01-02 03:04:29,785 [grpc-default-executor-2] INFO  metrics.RatisMetrics (RatisMetrics.java:lambda$create$0(36)) - Creating Metrics Registry : ratis.server_message_metrics.1b98ba84-f03a-4745-ae67-661c5f740165
2021-01-02 03:04:29,787 [grpc-default-executor-2] INFO  server.RaftServer (RaftServerProxy.java:addNew(93)) - 1b98ba84-f03a-4745-ae67-661c5f740165: addNew group-5DD6F1057FD6:[1b98ba84-f03a-4745-ae67-661c5f740165|rpc:172.17.0.2:36113|dataStream:, 3e6f9aad-df43-4486-a42c-6a362a65d862|rpc:172.17.0.2:35573|dataStream:, ace74568-a36a-4c06-abbe-7d05c77e5c4e|rpc:172.17.0.2:38047|dataStream:] returns group-5DD6F1057FD6:java.util.concurrent.CompletableFuture@1d57b441[Not completed]
2021-01-02 03:04:29,788 [pool-1805-thread-1] INFO  server.RaftServer$Division (RaftServerImpl.java:<init>(173)) - 1b98ba84-f03a-4745-ae67-661c5f740165: new RaftServerImpl for group-5DD6F1057FD6:[1b98ba84-f03a-4745-ae67-661c5f740165|rpc:172.17.0.2:36113|dataStream:, 3e6f9aad-df43-4486-a42c-6a362a65d862|rpc:172.17.0.2:35573|dataStream:, ace74568-a36a-4c06-abbe-7d05c77e5c4e|rpc:172.17.0.2:38047|dataStream:] with ContainerStateMachine:uninitialized
2021-01-02 03:04:29,788 [pool-1805-thread-1] INFO  server.RaftServerConfigKeys (ConfUtils.java:logGet(44)) - raft.server.rpc.timeout.min = 5s (custom)
2021-01-02 03:04:29,788 [pool-1805-thread-1] INFO  server.RaftServerConfigKeys (ConfUtils.java:logGet(44)) - raft.server.rpc.timeout.max = 5200ms (custom)
2021-01-02 03:04:29,788 [pool-1805-thread-1] INFO  server.RaftServerConfigKeys (ConfUtils.java:logGet(44)) - raft.server.rpc.sleep.time = 25ms (default)
2021-01-02 03:04:29,788 [pool-1805-thread-1] INFO  server.RaftServerConfigKeys (ConfUtils.java:logGet(44)) - raft.server.rpc.slowness.timeout = 300s (custom)
2021-01-02 03:04:29,789 [pool-1805-thread-1] INFO  server.RaftServerConfigKeys (ConfUtils.java:logGet(44)) - raft.server.leaderelection.leader.step-down.wait-time = 10s (default)
2021-01-02 03:04:29,789 [pool-1805-thread-1] INFO  server.RaftServerConfigKeys (ConfUtils.java:logGet(44)) - raft.server.sleep.deviation.threshold = 300ms (default)
2021-01-02 03:04:29,789 [pool-1805-thread-1] INFO  server.RaftServerConfigKeys (ConfUtils.java:logGet(44)) - raft.server.log.appender.install.snapshot.enabled = false (custom)
2021-01-02 03:04:29,789 [pool-1805-thread-1] INFO  server.RaftServer$Division (ServerState.java:<init>(104)) - 1b98ba84-f03a-4745-ae67-661c5f740165@group-5DD6F1057FD6: ConfigurationManager, init=-1: [1b98ba84-f03a-4745-ae67-661c5f740165|rpc:172.17.0.2:36113|dataStream:, 3e6f9aad-df43-4486-a42c-6a362a65d862|rpc:172.17.0.2:35573|dataStream:, ace74568-a36a-4c06-abbe-7d05c77e5c4e|rpc:172.17.0.2:38047|dataStream:], old=null, confs=<EMPTY_MAP>
2021-01-02 03:04:29,789 [pool-1805-thread-1] INFO  server.RaftServerConfigKeys (ConfUtils.java:logGet(44)) - raft.server.storage.dir = [/github/workspace/mnt/ozone/hadoop-ozone/integration-test/target/test-dir/MiniOzoneClusterImpl-0875b59f-827e-470c-b6ab-7d6320bd5827/datanode-2/data/ratis] (custom)
2021-01-02 03:04:29,790 [pool-1805-thread-1] INFO  server.RaftServerConfigKeys (ConfUtils.java:logGet(44)) - raft.server.log.corruption.policy = EXCEPTION (default)
2021-01-02 03:04:29,795 [pool-1805-thread-1] INFO  storage.RaftStorageDirectory (RaftStorageDirectory.java:analyzeStorage(260)) - The storage directory /github/workspace/mnt/ozone/hadoop-ozone/integration-test/target/test-dir/MiniOzoneClusterImpl-0875b59f-827e-470c-b6ab-7d6320bd5827/datanode-2/data/ratis/e40a138e-87d1-4b6b-8f52-5dd6f1057fd6 does not exist. Creating ...
2021-01-02 03:04:29,796 [pool-1805-thread-1] INFO  storage.RaftStorageDirectory (RaftStorageDirectory.java:tryLock(342)) - Lock on /github/workspace/mnt/ozone/hadoop-ozone/integration-test/target/test-dir/MiniOzoneClusterImpl-0875b59f-827e-470c-b6ab-7d6320bd5827/datanode-2/data/ratis/e40a138e-87d1-4b6b-8f52-5dd6f1057fd6/in_use.lock acquired by nodename 20532@e25e13fd87ad
2021-01-02 03:04:29,798 [pool-1805-thread-1] INFO  storage.RaftStorage (RaftStorage.java:format(89)) - Storage directory /github/workspace/mnt/ozone/hadoop-ozone/integration-test/target/test-dir/MiniOzoneClusterImpl-0875b59f-827e-470c-b6ab-7d6320bd5827/datanode-2/data/ratis/e40a138e-87d1-4b6b-8f52-5dd6f1057fd6 has been successfully formatted.
2021-01-02 03:04:29,798 [pool-1805-thread-1] INFO  ratis.ContainerStateMachine (ContainerStateMachine.java:loadSnapshot(223)) - group-5DD6F1057FD6: The snapshot info is null. Setting the last applied indexto:(t:0, i:~)
2021-01-02 03:04:29,799 [pool-1805-thread-1] ERROR storage.RaftStorage (RaftStorage.java:readRaftConfiguration(152)) - Failed reading configuration from file:/github/workspace/mnt/ozone/hadoop-ozone/integration-test/target/test-dir/MiniOzoneClusterImpl-0875b59f-827e-470c-b6ab-7d6320bd5827/datanode-2/data/ratis/e40a138e-87d1-4b6b-8f52-5dd6f1057fd6/current/raft-meta.conf
java.io.FileNotFoundException: /github/workspace/mnt/ozone/hadoop-ozone/integration-test/target/test-dir/MiniOzoneClusterImpl-0875b59f-827e-470c-b6ab-7d6320bd5827/datanode-2/data/ratis/e40a138e-87d1-4b6b-8f52-5dd6f1057fd6/current/raft-meta.conf (No such file or directory)
	at java.io.FileInputStream.open0(Native Method)
	at java.io.FileInputStream.open(FileInputStream.java:195)
	at java.io.FileInputStream.<init>(FileInputStream.java:138)
	at org.apache.ratis.server.storage.RaftStorage.readRaftConfiguration(RaftStorage.java:148)
	at org.apache.ratis.server.impl.ServerState.initStatemachine(ServerState.java:167)
	at org.apache.ratis.server.impl.ServerState.<init>(ServerState.java:112)
	at org.apache.ratis.server.impl.RaftServerImpl.<init>(RaftServerImpl.java:186)
	at org.apache.ratis.server.impl.RaftServerProxy.lambda$newRaftServerImpl$4(RaftServerProxy.java:264)
	at java.util.concurrent.CompletableFuture$AsyncSupply.run(CompletableFuture.java:1604)
	at java.util.concurrent.ThreadPoolExecutor.runWorker(ThreadPoolExecutor.java:1149)
	at java.util.concurrent.ThreadPoolExecutor$Worker.run(ThreadPoolExecutor.java:624)
	at java.lang.Thread.run(Thread.java:748)
2021-01-02 03:04:29,799 [EventQueue-PipelineReportForOneReplicaPipelineSafeModeRule] INFO  safemode.SCMSafeModeManager (SCMSafeModeManager.java:validateSafeModeExitRules(214)) - AtleastOneDatanodeReportedRule rule is successfully validated
2021-01-02 03:04:29,799 [pool-1805-thread-1] INFO  server.RaftServerConfigKeys (ConfUtils.java:logGet(44)) - raft.server.notification.no-leader.timeout = 300s (custom)
2021-01-02 03:04:29,799 [pool-1805-thread-1] INFO  server.RaftServerConfigKeys (ConfUtils.java:logGet(44)) - raft.server.log.use.memory = false (default)
2021-01-02 03:04:29,800 [pool-1805-thread-1] INFO  server.RaftServerConfigKeys (ConfUtils.java:logGet(44)) - raft.server.log.purge.gap = 1000000 (custom)
2021-01-02 03:04:29,800 [pool-1805-thread-1] INFO  metrics.RatisMetrics (RatisMetrics.java:lambda$create$0(36)) - Creating Metrics Registry : ratis.log_worker.1b98ba84-f03a-4745-ae67-661c5f740165@group-5DD6F1057FD6
2021-01-02 03:04:29,800 [pool-1805-thread-1] INFO  server.RaftServerConfigKeys (ConfUtils.java:logGet(44)) - raft.server.log.appender.buffer.byte-limit = 33554432 (custom)
2021-01-02 03:04:29,800 [pool-1805-thread-1] INFO  server.RaftServerConfigKeys (ConfUtils.java:logGet(44)) - raft.server.log.segment.size.max = 1048576 (custom)
2021-01-02 03:04:29,801 [pool-1805-thread-1] INFO  server.RaftServerConfigKeys (ConfUtils.java:logGet(44)) - raft.server.log.segment.cache.num.max = 2 (custom)
2021-01-02 03:04:29,801 [pool-1805-thread-1] INFO  server.RaftServerConfigKeys (ConfUtils.java:logGet(44)) - raft.server.log.segment.cache.size.max = 200MB (=209715200) (default)
2021-01-02 03:04:29,801 [pool-1805-thread-1] INFO  segmented.SegmentedRaftLogWorker (SegmentedRaftLogWorker.java:<init>(181)) - new 1b98ba84-f03a-4745-ae67-661c5f740165@group-5DD6F1057FD6-SegmentedRaftLogWorker for RaftStorage:Storage Directory /github/workspace/mnt/ozone/hadoop-ozone/integration-test/target/test-dir/MiniOzoneClusterImpl-0875b59f-827e-470c-b6ab-7d6320bd5827/datanode-2/data/ratis/e40a138e-87d1-4b6b-8f52-5dd6f1057fd6
2021-01-02 03:04:29,802 [pool-1805-thread-1] INFO  server.RaftServerConfigKeys (ConfUtils.java:logGet(44)) - raft.server.log.queue.byte-limit = 2147483647 (custom)
2021-01-02 03:04:29,802 [pool-1805-thread-1] INFO  server.RaftServerConfigKeys (ConfUtils.java:logGet(44)) - raft.server.log.queue.element-limit = 1024 (custom)
2021-01-02 03:04:29,802 [pool-1805-thread-1] INFO  server.RaftServerConfigKeys (ConfUtils.java:logGet(44)) - raft.server.log.segment.size.max = 1048576 (custom)
2021-01-02 03:04:29,802 [pool-1805-thread-1] INFO  server.RaftServerConfigKeys (ConfUtils.java:logGet(44)) - raft.server.log.preallocated.size = 16384 (custom)
2021-01-02 03:04:29,802 [pool-1805-thread-1] INFO  server.RaftServerConfigKeys (ConfUtils.java:logGet(44)) - raft.server.log.force.sync.num = 128 (default)
2021-01-02 03:04:29,802 [pool-1805-thread-1] INFO  server.RaftServerConfigKeys (ConfUtils.java:logGet(44)) - raft.server.log.statemachine.data.sync = true (default)
2021-01-02 03:04:29,802 [pool-1805-thread-1] INFO  server.RaftServerConfigKeys (ConfUtils.java:logGet(44)) - raft.server.log.statemachine.data.sync.timeout = 10s (default)
2021-01-02 03:04:29,802 [pool-1805-thread-1] INFO  server.RaftServerConfigKeys (ConfUtils.java:logGet(44)) - raft.server.log.statemachine.data.sync.timeout.retry = -1 (default)
2021-01-02 03:04:29,805 [pool-1805-thread-1] INFO  server.RaftServerConfigKeys (ConfUtils.java:logGet(44)) - raft.server.log.write.buffer.size = 1048576 (custom)
2021-01-02 03:04:29,806 [pool-1805-thread-1] INFO  server.RaftServerConfigKeys (ConfUtils.java:logGet(44)) - raft.server.log.statemachine.data.caching.enabled = true (custom)
2021-01-02 03:04:29,806 [pool-1805-thread-1] INFO  segmented.SegmentedRaftLogWorker (SegmentedRaftLogWorker.java:lambda$new$0(132)) - 1b98ba84-f03a-4745-ae67-661c5f740165@group-5DD6F1057FD6-SegmentedRaftLogWorker: flushIndex: setUnconditionally 0 -> -1
2021-01-02 03:04:29,806 [pool-1805-thread-1] INFO  segmented.SegmentedRaftLogWorker (SegmentedRaftLogWorker.java:lambda$new$0(132)) - 1b98ba84-f03a-4745-ae67-661c5f740165@group-5DD6F1057FD6-SegmentedRaftLogWorker: safeCacheEvictIndex: setUnconditionally 0 -> -1
2021-01-02 03:04:29,806 [pool-1805-thread-1] INFO  server.RaftServerConfigKeys (ConfUtils.java:logGet(44)) - raft.server.snapshot.auto.trigger.enabled = true (custom)
2021-01-02 03:04:29,806 [pool-1805-thread-1] INFO  server.RaftServerConfigKeys (ConfUtils.java:logGet(44)) - raft.server.snapshot.auto.trigger.threshold = 10000 (custom)
2021-01-02 03:04:29,806 [pool-1805-thread-1] INFO  server.RaftServerConfigKeys (ConfUtils.java:logGet(44)) - raft.server.snapshot.retention.file.num = 5 (custom)
2021-01-02 03:04:29,806 [pool-1805-thread-1] INFO  server.RaftServerConfigKeys (ConfUtils.java:logGet(44)) - raft.server.log.purge.upto.snapshot.index = false (default)
2021-01-02 03:04:29,806 [pool-1805-thread-1] INFO  server.RaftServerConfigKeys (ConfUtils.java:logGet(44)) - raft.server.retrycache.expirytime = 600000ms (custom)
2021-01-02 03:04:29,806 [pool-1805-thread-1] INFO  server.RaftServerConfigKeys (ConfUtils.java:logGet(44)) - raft.server.retrycache.statistics.expirytime = 100?s (default)
2021-01-02 03:04:29,806 [pool-1805-thread-1] INFO  metrics.RatisMetrics (RatisMetrics.java:lambda$create$0(36)) - Creating Metrics Registry : ratis.leader_election.1b98ba84-f03a-4745-ae67-661c5f740165@group-5DD6F1057FD6
2021-01-02 03:04:29,807 [pool-1805-thread-1] INFO  metrics.RatisMetrics (RatisMetrics.java:lambda$create$0(36)) - Creating Metrics Registry : ratis.server.1b98ba84-f03a-4745-ae67-661c5f740165@group-5DD6F1057FD6
2021-01-02 03:04:29,810 [pool-1805-thread-1] INFO  server.RaftServer$Division (RaftServerImpl.java:start(286)) - 1b98ba84-f03a-4745-ae67-661c5f740165@group-5DD6F1057FD6: start as a follower, conf=-1: [1b98ba84-f03a-4745-ae67-661c5f740165|rpc:172.17.0.2:36113|dataStream:, 3e6f9aad-df43-4486-a42c-6a362a65d862|rpc:172.17.0.2:35573|dataStream:, ace74568-a36a-4c06-abbe-7d05c77e5c4e|rpc:172.17.0.2:38047|dataStream:], old=null
2021-01-02 03:04:29,810 [pool-1805-thread-1] INFO  server.RaftServer$Division (RaftServerImpl.java:setRole(275)) - 1b98ba84-f03a-4745-ae67-661c5f740165@group-5DD6F1057FD6: changes role from      null to FOLLOWER at term 0 for startAsFollower
2021-01-02 03:04:29,810 [pool-1805-thread-1] INFO  impl.RoleInfo (RoleInfo.java:updateAndGet(130)) - 1b98ba84-f03a-4745-ae67-661c5f740165: start 1b98ba84-f03a-4745-ae67-661c5f740165@group-5DD6F1057FD6-FollowerState
2021-01-02 03:04:29,811 [pool-1805-thread-1] INFO  util.JmxRegister (JmxRegister.java:tryRegister(44)) - Successfully registered JMX Bean with object name Ratis:service=RaftServer,group=group-5DD6F1057FD6,id=1b98ba84-f03a-4745-ae67-661c5f740165
2021-01-02 03:04:29,811 [pool-1805-thread-1] INFO  metrics.RatisMetrics (RatisMetrics.java:lambda$create$0(36)) - Creating Metrics Registry : ratis.state_machine.1b98ba84-f03a-4745-ae67-661c5f740165@group-5DD6F1057FD6
2021-01-02 03:04:29,817 [Command processor thread] INFO  metrics.RatisMetrics (RatisMetrics.java:lambda$create$0(36)) - Creating Metrics Registry : ratis.client_message_metrics.client-1770B965D47D->3e6f9aad-df43-4486-a42c-6a362a65d862
2021-01-02 03:04:29,822 [grpc-default-executor-2] INFO  metrics.RatisMetrics (RatisMetrics.java:lambda$create$0(36)) - Creating Metrics Registry : ratis.server_message_metrics.3e6f9aad-df43-4486-a42c-6a362a65d862
2021-01-02 03:04:29,824 [grpc-default-executor-2] INFO  server.RaftServer (RaftServerProxy.java:addNew(93)) - 3e6f9aad-df43-4486-a42c-6a362a65d862: addNew group-5DD6F1057FD6:[1b98ba84-f03a-4745-ae67-661c5f740165|rpc:172.17.0.2:36113|dataStream:, 3e6f9aad-df43-4486-a42c-6a362a65d862|rpc:172.17.0.2:35573|dataStream:, ace74568-a36a-4c06-abbe-7d05c77e5c4e|rpc:172.17.0.2:38047|dataStream:] returns group-5DD6F1057FD6:java.util.concurrent.CompletableFuture@45406d00[Not completed]
2021-01-02 03:04:29,824 [pool-1789-thread-1] INFO  server.RaftServer$Division (RaftServerImpl.java:<init>(173)) - 3e6f9aad-df43-4486-a42c-6a362a65d862: new RaftServerImpl for group-5DD6F1057FD6:[1b98ba84-f03a-4745-ae67-661c5f740165|rpc:172.17.0.2:36113|dataStream:, 3e6f9aad-df43-4486-a42c-6a362a65d862|rpc:172.17.0.2:35573|dataStream:, ace74568-a36a-4c06-abbe-7d05c77e5c4e|rpc:172.17.0.2:38047|dataStream:] with ContainerStateMachine:uninitialized
2021-01-02 03:04:29,824 [pool-1789-thread-1] INFO  server.RaftServerConfigKeys (ConfUtils.java:logGet(44)) - raft.server.rpc.timeout.min = 5s (custom)
2021-01-02 03:04:29,824 [pool-1789-thread-1] INFO  server.RaftServerConfigKeys (ConfUtils.java:logGet(44)) - raft.server.rpc.timeout.max = 5200ms (custom)
2021-01-02 03:04:29,825 [pool-1789-thread-1] INFO  server.RaftServerConfigKeys (ConfUtils.java:logGet(44)) - raft.server.rpc.sleep.time = 25ms (default)
2021-01-02 03:04:29,825 [pool-1789-thread-1] INFO  server.RaftServerConfigKeys (ConfUtils.java:logGet(44)) - raft.server.rpc.slowness.timeout = 300s (custom)
2021-01-02 03:04:29,825 [pool-1789-thread-1] INFO  server.RaftServerConfigKeys (ConfUtils.java:logGet(44)) - raft.server.leaderelection.leader.step-down.wait-time = 10s (default)
2021-01-02 03:04:29,825 [pool-1789-thread-1] INFO  server.RaftServerConfigKeys (ConfUtils.java:logGet(44)) - raft.server.sleep.deviation.threshold = 300ms (default)
2021-01-02 03:04:29,825 [pool-1789-thread-1] INFO  server.RaftServerConfigKeys (ConfUtils.java:logGet(44)) - raft.server.log.appender.install.snapshot.enabled = false (custom)
2021-01-02 03:04:29,825 [pool-1789-thread-1] INFO  server.RaftServer$Division (ServerState.java:<init>(104)) - 3e6f9aad-df43-4486-a42c-6a362a65d862@group-5DD6F1057FD6: ConfigurationManager, init=-1: [1b98ba84-f03a-4745-ae67-661c5f740165|rpc:172.17.0.2:36113|dataStream:, 3e6f9aad-df43-4486-a42c-6a362a65d862|rpc:172.17.0.2:35573|dataStream:, ace74568-a36a-4c06-abbe-7d05c77e5c4e|rpc:172.17.0.2:38047|dataStream:], old=null, confs=<EMPTY_MAP>
2021-01-02 03:04:29,825 [pool-1789-thread-1] INFO  server.RaftServerConfigKeys (ConfUtils.java:logGet(44)) - raft.server.storage.dir = [/github/workspace/mnt/ozone/hadoop-ozone/integration-test/target/test-dir/MiniOzoneClusterImpl-0875b59f-827e-470c-b6ab-7d6320bd5827/datanode-1/data/ratis] (custom)
2021-01-02 03:04:29,825 [pool-1789-thread-1] INFO  server.RaftServerConfigKeys (ConfUtils.java:logGet(44)) - raft.server.log.corruption.policy = EXCEPTION (default)
2021-01-02 03:04:29,825 [pool-1789-thread-1] INFO  storage.RaftStorageDirectory (RaftStorageDirectory.java:analyzeStorage(260)) - The storage directory /github/workspace/mnt/ozone/hadoop-ozone/integration-test/target/test-dir/MiniOzoneClusterImpl-0875b59f-827e-470c-b6ab-7d6320bd5827/datanode-1/data/ratis/e40a138e-87d1-4b6b-8f52-5dd6f1057fd6 does not exist. Creating ...
2021-01-02 03:04:29,827 [pool-1789-thread-1] INFO  storage.RaftStorageDirectory (RaftStorageDirectory.java:tryLock(342)) - Lock on /github/workspace/mnt/ozone/hadoop-ozone/integration-test/target/test-dir/MiniOzoneClusterImpl-0875b59f-827e-470c-b6ab-7d6320bd5827/datanode-1/data/ratis/e40a138e-87d1-4b6b-8f52-5dd6f1057fd6/in_use.lock acquired by nodename 20532@e25e13fd87ad
2021-01-02 03:04:29,829 [pool-1789-thread-1] INFO  storage.RaftStorage (RaftStorage.java:format(89)) - Storage directory /github/workspace/mnt/ozone/hadoop-ozone/integration-test/target/test-dir/MiniOzoneClusterImpl-0875b59f-827e-470c-b6ab-7d6320bd5827/datanode-1/data/ratis/e40a138e-87d1-4b6b-8f52-5dd6f1057fd6 has been successfully formatted.
2021-01-02 03:04:29,829 [pool-1789-thread-1] INFO  ratis.ContainerStateMachine (ContainerStateMachine.java:loadSnapshot(223)) - group-5DD6F1057FD6: The snapshot info is null. Setting the last applied indexto:(t:0, i:~)
2021-01-02 03:04:29,829 [pool-1789-thread-1] ERROR storage.RaftStorage (RaftStorage.java:readRaftConfiguration(152)) - Failed reading configuration from file:/github/workspace/mnt/ozone/hadoop-ozone/integration-test/target/test-dir/MiniOzoneClusterImpl-0875b59f-827e-470c-b6ab-7d6320bd5827/datanode-1/data/ratis/e40a138e-87d1-4b6b-8f52-5dd6f1057fd6/current/raft-meta.conf
java.io.FileNotFoundException: /github/workspace/mnt/ozone/hadoop-ozone/integration-test/target/test-dir/MiniOzoneClusterImpl-0875b59f-827e-470c-b6ab-7d6320bd5827/datanode-1/data/ratis/e40a138e-87d1-4b6b-8f52-5dd6f1057fd6/current/raft-meta.conf (No such file or directory)
	at java.io.FileInputStream.open0(Native Method)
	at java.io.FileInputStream.open(FileInputStream.java:195)
	at java.io.FileInputStream.<init>(FileInputStream.java:138)
	at org.apache.ratis.server.storage.RaftStorage.readRaftConfiguration(RaftStorage.java:148)
	at org.apache.ratis.server.impl.ServerState.initStatemachine(ServerState.java:167)
	at org.apache.ratis.server.impl.ServerState.<init>(ServerState.java:112)
	at org.apache.ratis.server.impl.RaftServerImpl.<init>(RaftServerImpl.java:186)
	at org.apache.ratis.server.impl.RaftServerProxy.lambda$newRaftServerImpl$4(RaftServerProxy.java:264)
	at java.util.concurrent.CompletableFuture$AsyncSupply.run(CompletableFuture.java:1604)
	at java.util.concurrent.ThreadPoolExecutor.runWorker(ThreadPoolExecutor.java:1149)
	at java.util.concurrent.ThreadPoolExecutor$Worker.run(ThreadPoolExecutor.java:624)
	at java.lang.Thread.run(Thread.java:748)
2021-01-02 03:04:29,830 [pool-1789-thread-1] INFO  server.RaftServerConfigKeys (ConfUtils.java:logGet(44)) - raft.server.notification.no-leader.timeout = 300s (custom)
2021-01-02 03:04:29,830 [EventQueue-PipelineReportForOneReplicaPipelineSafeModeRule] INFO  safemode.SCMSafeModeManager (SCMSafeModeManager.java:validateSafeModeExitRules(214)) - AtleastOneDatanodeReportedRule rule is successfully validated
2021-01-02 03:04:29,830 [pool-1789-thread-1] INFO  server.RaftServerConfigKeys (ConfUtils.java:logGet(44)) - raft.server.log.use.memory = false (default)
2021-01-02 03:04:29,830 [pool-1789-thread-1] INFO  server.RaftServerConfigKeys (ConfUtils.java:logGet(44)) - raft.server.log.purge.gap = 1000000 (custom)
2021-01-02 03:04:29,830 [pool-1789-thread-1] INFO  metrics.RatisMetrics (RatisMetrics.java:lambda$create$0(36)) - Creating Metrics Registry : ratis.log_worker.3e6f9aad-df43-4486-a42c-6a362a65d862@group-5DD6F1057FD6
2021-01-02 03:04:29,830 [pool-1789-thread-1] INFO  server.RaftServerConfigKeys (ConfUtils.java:logGet(44)) - raft.server.log.appender.buffer.byte-limit = 33554432 (custom)
2021-01-02 03:04:29,830 [pool-1789-thread-1] INFO  server.RaftServerConfigKeys (ConfUtils.java:logGet(44)) - raft.server.log.segment.size.max = 1048576 (custom)
2021-01-02 03:04:29,832 [pool-1789-thread-1] INFO  server.RaftServerConfigKeys (ConfUtils.java:logGet(44)) - raft.server.log.segment.cache.num.max = 2 (custom)
2021-01-02 03:04:29,832 [pool-1789-thread-1] INFO  server.RaftServerConfigKeys (ConfUtils.java:logGet(44)) - raft.server.log.segment.cache.size.max = 200MB (=209715200) (default)
2021-01-02 03:04:29,832 [pool-1789-thread-1] INFO  segmented.SegmentedRaftLogWorker (SegmentedRaftLogWorker.java:<init>(181)) - new 3e6f9aad-df43-4486-a42c-6a362a65d862@group-5DD6F1057FD6-SegmentedRaftLogWorker for RaftStorage:Storage Directory /github/workspace/mnt/ozone/hadoop-ozone/integration-test/target/test-dir/MiniOzoneClusterImpl-0875b59f-827e-470c-b6ab-7d6320bd5827/datanode-1/data/ratis/e40a138e-87d1-4b6b-8f52-5dd6f1057fd6
2021-01-02 03:04:29,832 [pool-1789-thread-1] INFO  server.RaftServerConfigKeys (ConfUtils.java:logGet(44)) - raft.server.log.queue.byte-limit = 2147483647 (custom)
2021-01-02 03:04:29,832 [pool-1789-thread-1] INFO  server.RaftServerConfigKeys (ConfUtils.java:logGet(44)) - raft.server.log.queue.element-limit = 1024 (custom)
2021-01-02 03:04:29,832 [pool-1789-thread-1] INFO  server.RaftServerConfigKeys (ConfUtils.java:logGet(44)) - raft.server.log.segment.size.max = 1048576 (custom)
2021-01-02 03:04:29,832 [pool-1789-thread-1] INFO  server.RaftServerConfigKeys (ConfUtils.java:logGet(44)) - raft.server.log.preallocated.size = 16384 (custom)
2021-01-02 03:04:29,832 [pool-1789-thread-1] INFO  server.RaftServerConfigKeys (ConfUtils.java:logGet(44)) - raft.server.log.force.sync.num = 128 (default)
2021-01-02 03:04:29,832 [pool-1789-thread-1] INFO  server.RaftServerConfigKeys (ConfUtils.java:logGet(44)) - raft.server.log.statemachine.data.sync = true (default)
2021-01-02 03:04:29,832 [pool-1789-thread-1] INFO  server.RaftServerConfigKeys (ConfUtils.java:logGet(44)) - raft.server.log.statemachine.data.sync.timeout = 10s (default)
2021-01-02 03:04:29,832 [pool-1789-thread-1] INFO  server.RaftServerConfigKeys (ConfUtils.java:logGet(44)) - raft.server.log.statemachine.data.sync.timeout.retry = -1 (default)
2021-01-02 03:04:29,835 [pool-1789-thread-1] INFO  server.RaftServerConfigKeys (ConfUtils.java:logGet(44)) - raft.server.log.write.buffer.size = 1048576 (custom)
2021-01-02 03:04:29,836 [pool-1789-thread-1] INFO  server.RaftServerConfigKeys (ConfUtils.java:logGet(44)) - raft.server.log.statemachine.data.caching.enabled = true (custom)
2021-01-02 03:04:29,836 [pool-1789-thread-1] INFO  segmented.SegmentedRaftLogWorker (SegmentedRaftLogWorker.java:lambda$new$0(132)) - 3e6f9aad-df43-4486-a42c-6a362a65d862@group-5DD6F1057FD6-SegmentedRaftLogWorker: flushIndex: setUnconditionally 0 -> -1
2021-01-02 03:04:29,836 [pool-1789-thread-1] INFO  segmented.SegmentedRaftLogWorker (SegmentedRaftLogWorker.java:lambda$new$0(132)) - 3e6f9aad-df43-4486-a42c-6a362a65d862@group-5DD6F1057FD6-SegmentedRaftLogWorker: safeCacheEvictIndex: setUnconditionally 0 -> -1
2021-01-02 03:04:29,836 [pool-1789-thread-1] INFO  server.RaftServerConfigKeys (ConfUtils.java:logGet(44)) - raft.server.snapshot.auto.trigger.enabled = true (custom)
2021-01-02 03:04:29,836 [pool-1789-thread-1] INFO  server.RaftServerConfigKeys (ConfUtils.java:logGet(44)) - raft.server.snapshot.auto.trigger.threshold = 10000 (custom)
2021-01-02 03:04:29,836 [pool-1789-thread-1] INFO  server.RaftServerConfigKeys (ConfUtils.java:logGet(44)) - raft.server.snapshot.retention.file.num = 5 (custom)
2021-01-02 03:04:29,836 [pool-1789-thread-1] INFO  server.RaftServerConfigKeys (ConfUtils.java:logGet(44)) - raft.server.log.purge.upto.snapshot.index = false (default)
2021-01-02 03:04:29,837 [pool-1789-thread-1] INFO  server.RaftServerConfigKeys (ConfUtils.java:logGet(44)) - raft.server.retrycache.expirytime = 600000ms (custom)
2021-01-02 03:04:29,837 [pool-1789-thread-1] INFO  server.RaftServerConfigKeys (ConfUtils.java:logGet(44)) - raft.server.retrycache.statistics.expirytime = 100?s (default)
2021-01-02 03:04:29,837 [pool-1789-thread-1] INFO  metrics.RatisMetrics (RatisMetrics.java:lambda$create$0(36)) - Creating Metrics Registry : ratis.leader_election.3e6f9aad-df43-4486-a42c-6a362a65d862@group-5DD6F1057FD6
2021-01-02 03:04:29,838 [pool-1789-thread-1] INFO  metrics.RatisMetrics (RatisMetrics.java:lambda$create$0(36)) - Creating Metrics Registry : ratis.server.3e6f9aad-df43-4486-a42c-6a362a65d862@group-5DD6F1057FD6
2021-01-02 03:04:29,840 [pool-1789-thread-1] INFO  server.RaftServer$Division (RaftServerImpl.java:start(286)) - 3e6f9aad-df43-4486-a42c-6a362a65d862@group-5DD6F1057FD6: start as a follower, conf=-1: [1b98ba84-f03a-4745-ae67-661c5f740165|rpc:172.17.0.2:36113|dataStream:, 3e6f9aad-df43-4486-a42c-6a362a65d862|rpc:172.17.0.2:35573|dataStream:, ace74568-a36a-4c06-abbe-7d05c77e5c4e|rpc:172.17.0.2:38047|dataStream:], old=null
2021-01-02 03:04:29,840 [pool-1789-thread-1] INFO  server.RaftServer$Division (RaftServerImpl.java:setRole(275)) - 3e6f9aad-df43-4486-a42c-6a362a65d862@group-5DD6F1057FD6: changes role from      null to FOLLOWER at term 0 for startAsFollower
2021-01-02 03:04:29,841 [pool-1789-thread-1] INFO  impl.RoleInfo (RoleInfo.java:updateAndGet(130)) - 3e6f9aad-df43-4486-a42c-6a362a65d862: start 3e6f9aad-df43-4486-a42c-6a362a65d862@group-5DD6F1057FD6-FollowerState
2021-01-02 03:04:29,841 [pool-1789-thread-1] INFO  util.JmxRegister (JmxRegister.java:tryRegister(44)) - Successfully registered JMX Bean with object name Ratis:service=RaftServer,group=group-5DD6F1057FD6,id=3e6f9aad-df43-4486-a42c-6a362a65d862
2021-01-02 03:04:29,841 [pool-1789-thread-1] INFO  metrics.RatisMetrics (RatisMetrics.java:lambda$create$0(36)) - Creating Metrics Registry : ratis.state_machine.3e6f9aad-df43-4486-a42c-6a362a65d862@group-5DD6F1057FD6
2021-01-02 03:04:29,847 [Command processor thread] INFO  commandhandler.CreatePipelineCommandHandler (CreatePipelineCommandHandler.java:handle(106)) - Created Pipeline RATIS THREE PipelineID=e40a138e-87d1-4b6b-8f52-5dd6f1057fd6.
2021-01-02 03:04:29,857 [Listener at 127.0.0.1/38109] INFO  ozone.MiniOzoneClusterImpl (MiniOzoneClusterImpl.java:lambda$waitForClusterToBeReady$0(178)) - Nodes are ready. Got 6 of 6 DN Heartbeats.
2021-01-02 03:04:29,857 [Listener at 127.0.0.1/38109] INFO  ozone.MiniOzoneClusterImpl (MiniOzoneClusterImpl.java:lambda$waitForClusterToBeReady$0(181)) - Waiting for cluster to exit safe mode
2021-01-02 03:04:29,859 [EventQueue-PipelineReportForOneReplicaPipelineSafeModeRule] INFO  safemode.SCMSafeModeManager (SCMSafeModeManager.java:validateSafeModeExitRules(214)) - AtleastOneDatanodeReportedRule rule is successfully validated
2021-01-02 03:04:29,942 [Command processor thread] INFO  server.RaftServer (RaftServerProxy.java:addNew(93)) - 3e6f9aad-df43-4486-a42c-6a362a65d862: addNew group-7BFC9F12570D:[3e6f9aad-df43-4486-a42c-6a362a65d862|rpc:172.17.0.2:35573] returns group-7BFC9F12570D:java.util.concurrent.CompletableFuture@4f71d27b[Not completed]
2021-01-02 03:04:29,942 [pool-1789-thread-1] INFO  server.RaftServer$Division (RaftServerImpl.java:<init>(173)) - 3e6f9aad-df43-4486-a42c-6a362a65d862: new RaftServerImpl for group-7BFC9F12570D:[3e6f9aad-df43-4486-a42c-6a362a65d862|rpc:172.17.0.2:35573] with ContainerStateMachine:uninitialized
2021-01-02 03:04:29,942 [pool-1789-thread-1] INFO  server.RaftServerConfigKeys (ConfUtils.java:logGet(44)) - raft.server.rpc.timeout.min = 5s (custom)
2021-01-02 03:04:29,942 [pool-1789-thread-1] INFO  server.RaftServerConfigKeys (ConfUtils.java:logGet(44)) - raft.server.rpc.timeout.max = 5200ms (custom)
2021-01-02 03:04:29,942 [pool-1789-thread-1] INFO  server.RaftServerConfigKeys (ConfUtils.java:logGet(44)) - raft.server.rpc.sleep.time = 25ms (default)
2021-01-02 03:04:29,942 [pool-1789-thread-1] INFO  server.RaftServerConfigKeys (ConfUtils.java:logGet(44)) - raft.server.rpc.slowness.timeout = 300s (custom)
2021-01-02 03:04:29,943 [pool-1789-thread-1] INFO  server.RaftServerConfigKeys (ConfUtils.java:logGet(44)) - raft.server.leaderelection.leader.step-down.wait-time = 10s (default)
2021-01-02 03:04:29,943 [pool-1789-thread-1] INFO  server.RaftServerConfigKeys (ConfUtils.java:logGet(44)) - raft.server.sleep.deviation.threshold = 300ms (default)
2021-01-02 03:04:29,943 [pool-1789-thread-1] INFO  server.RaftServerConfigKeys (ConfUtils.java:logGet(44)) - raft.server.log.appender.install.snapshot.enabled = false (custom)
2021-01-02 03:04:29,943 [pool-1789-thread-1] INFO  server.RaftServer$Division (ServerState.java:<init>(104)) - 3e6f9aad-df43-4486-a42c-6a362a65d862@group-7BFC9F12570D: ConfigurationManager, init=-1: [3e6f9aad-df43-4486-a42c-6a362a65d862|rpc:172.17.0.2:35573], old=null, confs=<EMPTY_MAP>
2021-01-02 03:04:29,943 [pool-1789-thread-1] INFO  server.RaftServerConfigKeys (ConfUtils.java:logGet(44)) - raft.server.storage.dir = [/github/workspace/mnt/ozone/hadoop-ozone/integration-test/target/test-dir/MiniOzoneClusterImpl-0875b59f-827e-470c-b6ab-7d6320bd5827/datanode-1/data/ratis] (custom)
2021-01-02 03:04:29,943 [pool-1789-thread-1] INFO  server.RaftServerConfigKeys (ConfUtils.java:logGet(44)) - raft.server.log.corruption.policy = EXCEPTION (default)
2021-01-02 03:04:29,943 [pool-1789-thread-1] INFO  storage.RaftStorageDirectory (RaftStorageDirectory.java:analyzeStorage(260)) - The storage directory /github/workspace/mnt/ozone/hadoop-ozone/integration-test/target/test-dir/MiniOzoneClusterImpl-0875b59f-827e-470c-b6ab-7d6320bd5827/datanode-1/data/ratis/8008f6d4-f92b-4d34-8ade-7bfc9f12570d does not exist. Creating ...
2021-01-02 03:04:29,944 [pool-1789-thread-1] INFO  storage.RaftStorageDirectory (RaftStorageDirectory.java:tryLock(342)) - Lock on /github/workspace/mnt/ozone/hadoop-ozone/integration-test/target/test-dir/MiniOzoneClusterImpl-0875b59f-827e-470c-b6ab-7d6320bd5827/datanode-1/data/ratis/8008f6d4-f92b-4d34-8ade-7bfc9f12570d/in_use.lock acquired by nodename 20532@e25e13fd87ad
2021-01-02 03:04:29,946 [pool-1789-thread-1] INFO  storage.RaftStorage (RaftStorage.java:format(89)) - Storage directory /github/workspace/mnt/ozone/hadoop-ozone/integration-test/target/test-dir/MiniOzoneClusterImpl-0875b59f-827e-470c-b6ab-7d6320bd5827/datanode-1/data/ratis/8008f6d4-f92b-4d34-8ade-7bfc9f12570d has been successfully formatted.
2021-01-02 03:04:29,946 [pool-1789-thread-1] INFO  ratis.ContainerStateMachine (ContainerStateMachine.java:loadSnapshot(223)) - group-7BFC9F12570D: The snapshot info is null. Setting the last applied indexto:(t:0, i:~)
2021-01-02 03:04:29,946 [pool-1789-thread-1] ERROR storage.RaftStorage (RaftStorage.java:readRaftConfiguration(152)) - Failed reading configuration from file:/github/workspace/mnt/ozone/hadoop-ozone/integration-test/target/test-dir/MiniOzoneClusterImpl-0875b59f-827e-470c-b6ab-7d6320bd5827/datanode-1/data/ratis/8008f6d4-f92b-4d34-8ade-7bfc9f12570d/current/raft-meta.conf
java.io.FileNotFoundException: /github/workspace/mnt/ozone/hadoop-ozone/integration-test/target/test-dir/MiniOzoneClusterImpl-0875b59f-827e-470c-b6ab-7d6320bd5827/datanode-1/data/ratis/8008f6d4-f92b-4d34-8ade-7bfc9f12570d/current/raft-meta.conf (No such file or directory)
	at java.io.FileInputStream.open0(Native Method)
	at java.io.FileInputStream.open(FileInputStream.java:195)
	at java.io.FileInputStream.<init>(FileInputStream.java:138)
	at org.apache.ratis.server.storage.RaftStorage.readRaftConfiguration(RaftStorage.java:148)
	at org.apache.ratis.server.impl.ServerState.initStatemachine(ServerState.java:167)
	at org.apache.ratis.server.impl.ServerState.<init>(ServerState.java:112)
	at org.apache.ratis.server.impl.RaftServerImpl.<init>(RaftServerImpl.java:186)
	at org.apache.ratis.server.impl.RaftServerProxy.lambda$newRaftServerImpl$4(RaftServerProxy.java:264)
	at java.util.concurrent.CompletableFuture$AsyncSupply.run(CompletableFuture.java:1604)
	at java.util.concurrent.ThreadPoolExecutor.runWorker(ThreadPoolExecutor.java:1149)
	at java.util.concurrent.ThreadPoolExecutor$Worker.run(ThreadPoolExecutor.java:624)
	at java.lang.Thread.run(Thread.java:748)
2021-01-02 03:04:29,950 [pool-1789-thread-1] INFO  server.RaftServerConfigKeys (ConfUtils.java:logGet(44)) - raft.server.notification.no-leader.timeout = 300s (custom)
2021-01-02 03:04:29,950 [EventQueue-PipelineReportForPipelineReportHandler] INFO  pipeline.PipelineStateManager (PipelineStateManager.java:openPipeline(132)) - Pipeline Pipeline[ Id: 8008f6d4-f92b-4d34-8ade-7bfc9f12570d, Nodes: 3e6f9aad-df43-4486-a42c-6a362a65d862{ip: 172.17.0.2, host: e25e13fd87ad, networkLocation: /default-rack, certSerialId: null, persistedOpState: IN_SERVICE, persistedOpStateExpiryEpochSec: 0}, Type:RATIS, Factor:ONE, State:ALLOCATED, leaderId:3e6f9aad-df43-4486-a42c-6a362a65d862, CreationTimestamp2021-01-02T03:04:26.943Z] moved to OPEN state
2021-01-02 03:04:29,946 [EventQueue-PipelineReportForOneReplicaPipelineSafeModeRule] INFO  safemode.SCMSafeModeManager (SCMSafeModeManager.java:validateSafeModeExitRules(214)) - AtleastOneDatanodeReportedRule rule is successfully validated
2021-01-02 03:04:29,950 [pool-1789-thread-1] INFO  server.RaftServerConfigKeys (ConfUtils.java:logGet(44)) - raft.server.log.use.memory = false (default)
2021-01-02 03:04:29,950 [pool-1789-thread-1] INFO  server.RaftServerConfigKeys (ConfUtils.java:logGet(44)) - raft.server.log.purge.gap = 1000000 (custom)
2021-01-02 03:04:29,950 [pool-1789-thread-1] INFO  metrics.RatisMetrics (RatisMetrics.java:lambda$create$0(36)) - Creating Metrics Registry : ratis.log_worker.3e6f9aad-df43-4486-a42c-6a362a65d862@group-7BFC9F12570D
2021-01-02 03:04:29,950 [EventQueue-OpenPipelineForHealthyPipelineSafeModeRule] INFO  safemode.SCMSafeModeManager (HealthyPipelineSafeModeRule.java:process(128)) - SCM in safe mode. Healthy pipelines reported count is 0, required healthy pipeline reported count is 1
2021-01-02 03:04:29,951 [pool-1789-thread-1] INFO  server.RaftServerConfigKeys (ConfUtils.java:logGet(44)) - raft.server.log.appender.buffer.byte-limit = 33554432 (custom)
2021-01-02 03:04:29,951 [pool-1789-thread-1] INFO  server.RaftServerConfigKeys (ConfUtils.java:logGet(44)) - raft.server.log.segment.size.max = 1048576 (custom)
2021-01-02 03:04:29,952 [pool-1789-thread-1] INFO  server.RaftServerConfigKeys (ConfUtils.java:logGet(44)) - raft.server.log.segment.cache.num.max = 2 (custom)
2021-01-02 03:04:29,952 [pool-1789-thread-1] INFO  server.RaftServerConfigKeys (ConfUtils.java:logGet(44)) - raft.server.log.segment.cache.size.max = 200MB (=209715200) (default)
2021-01-02 03:04:29,952 [pool-1789-thread-1] INFO  segmented.SegmentedRaftLogWorker (SegmentedRaftLogWorker.java:<init>(181)) - new 3e6f9aad-df43-4486-a42c-6a362a65d862@group-7BFC9F12570D-SegmentedRaftLogWorker for RaftStorage:Storage Directory /github/workspace/mnt/ozone/hadoop-ozone/integration-test/target/test-dir/MiniOzoneClusterImpl-0875b59f-827e-470c-b6ab-7d6320bd5827/datanode-1/data/ratis/8008f6d4-f92b-4d34-8ade-7bfc9f12570d
2021-01-02 03:04:29,952 [pool-1789-thread-1] INFO  server.RaftServerConfigKeys (ConfUtils.java:logGet(44)) - raft.server.log.queue.byte-limit = 2147483647 (custom)
2021-01-02 03:04:29,952 [pool-1789-thread-1] INFO  server.RaftServerConfigKeys (ConfUtils.java:logGet(44)) - raft.server.log.queue.element-limit = 1024 (custom)
2021-01-02 03:04:29,952 [pool-1789-thread-1] INFO  server.RaftServerConfigKeys (ConfUtils.java:logGet(44)) - raft.server.log.segment.size.max = 1048576 (custom)
2021-01-02 03:04:29,952 [pool-1789-thread-1] INFO  server.RaftServerConfigKeys (ConfUtils.java:logGet(44)) - raft.server.log.preallocated.size = 16384 (custom)
2021-01-02 03:04:29,953 [pool-1789-thread-1] INFO  server.RaftServerConfigKeys (ConfUtils.java:logGet(44)) - raft.server.log.force.sync.num = 128 (default)
2021-01-02 03:04:29,953 [pool-1789-thread-1] INFO  server.RaftServerConfigKeys (ConfUtils.java:logGet(44)) - raft.server.log.statemachine.data.sync = true (default)
2021-01-02 03:04:29,953 [pool-1789-thread-1] INFO  server.RaftServerConfigKeys (ConfUtils.java:logGet(44)) - raft.server.log.statemachine.data.sync.timeout = 10s (default)
2021-01-02 03:04:29,953 [pool-1789-thread-1] INFO  server.RaftServerConfigKeys (ConfUtils.java:logGet(44)) - raft.server.log.statemachine.data.sync.timeout.retry = -1 (default)
2021-01-02 03:04:29,957 [pool-1789-thread-1] INFO  server.RaftServerConfigKeys (ConfUtils.java:logGet(44)) - raft.server.log.write.buffer.size = 1048576 (custom)
2021-01-02 03:04:29,957 [pool-1789-thread-1] INFO  server.RaftServerConfigKeys (ConfUtils.java:logGet(44)) - raft.server.log.statemachine.data.caching.enabled = true (custom)
2021-01-02 03:04:29,958 [pool-1789-thread-1] INFO  segmented.SegmentedRaftLogWorker (SegmentedRaftLogWorker.java:lambda$new$0(132)) - 3e6f9aad-df43-4486-a42c-6a362a65d862@group-7BFC9F12570D-SegmentedRaftLogWorker: flushIndex: setUnconditionally 0 -> -1
2021-01-02 03:04:29,958 [pool-1789-thread-1] INFO  segmented.SegmentedRaftLogWorker (SegmentedRaftLogWorker.java:lambda$new$0(132)) - 3e6f9aad-df43-4486-a42c-6a362a65d862@group-7BFC9F12570D-SegmentedRaftLogWorker: safeCacheEvictIndex: setUnconditionally 0 -> -1
2021-01-02 03:04:29,958 [pool-1789-thread-1] INFO  server.RaftServerConfigKeys (ConfUtils.java:logGet(44)) - raft.server.snapshot.auto.trigger.enabled = true (custom)
2021-01-02 03:04:29,958 [pool-1789-thread-1] INFO  server.RaftServerConfigKeys (ConfUtils.java:logGet(44)) - raft.server.snapshot.auto.trigger.threshold = 10000 (custom)
2021-01-02 03:04:29,958 [pool-1789-thread-1] INFO  server.RaftServerConfigKeys (ConfUtils.java:logGet(44)) - raft.server.snapshot.retention.file.num = 5 (custom)
2021-01-02 03:04:29,958 [pool-1789-thread-1] INFO  server.RaftServerConfigKeys (ConfUtils.java:logGet(44)) - raft.server.log.purge.upto.snapshot.index = false (default)
2021-01-02 03:04:29,958 [pool-1789-thread-1] INFO  server.RaftServerConfigKeys (ConfUtils.java:logGet(44)) - raft.server.retrycache.expirytime = 600000ms (custom)
2021-01-02 03:04:29,958 [pool-1789-thread-1] INFO  server.RaftServerConfigKeys (ConfUtils.java:logGet(44)) - raft.server.retrycache.statistics.expirytime = 100?s (default)
2021-01-02 03:04:29,958 [pool-1789-thread-1] INFO  metrics.RatisMetrics (RatisMetrics.java:lambda$create$0(36)) - Creating Metrics Registry : ratis.leader_election.3e6f9aad-df43-4486-a42c-6a362a65d862@group-7BFC9F12570D
2021-01-02 03:04:29,959 [pool-1789-thread-1] INFO  metrics.RatisMetrics (RatisMetrics.java:lambda$create$0(36)) - Creating Metrics Registry : ratis.server.3e6f9aad-df43-4486-a42c-6a362a65d862@group-7BFC9F12570D
2021-01-02 03:04:29,962 [pool-1789-thread-1] INFO  server.RaftServer$Division (RaftServerImpl.java:start(286)) - 3e6f9aad-df43-4486-a42c-6a362a65d862@group-7BFC9F12570D: start as a follower, conf=-1: [3e6f9aad-df43-4486-a42c-6a362a65d862|rpc:172.17.0.2:35573], old=null
2021-01-02 03:04:29,962 [pool-1789-thread-1] INFO  server.RaftServer$Division (RaftServerImpl.java:setRole(275)) - 3e6f9aad-df43-4486-a42c-6a362a65d862@group-7BFC9F12570D: changes role from      null to FOLLOWER at term 0 for startAsFollower
2021-01-02 03:04:29,962 [pool-1789-thread-1] INFO  impl.RoleInfo (RoleInfo.java:updateAndGet(130)) - 3e6f9aad-df43-4486-a42c-6a362a65d862: start 3e6f9aad-df43-4486-a42c-6a362a65d862@group-7BFC9F12570D-FollowerState
2021-01-02 03:04:29,970 [pool-1789-thread-1] INFO  util.JmxRegister (JmxRegister.java:tryRegister(44)) - Successfully registered JMX Bean with object name Ratis:service=RaftServer,group=group-7BFC9F12570D,id=3e6f9aad-df43-4486-a42c-6a362a65d862
2021-01-02 03:04:29,970 [pool-1789-thread-1] INFO  metrics.RatisMetrics (RatisMetrics.java:lambda$create$0(36)) - Creating Metrics Registry : ratis.state_machine.3e6f9aad-df43-4486-a42c-6a362a65d862@group-7BFC9F12570D
2021-01-02 03:04:29,972 [Command processor thread] INFO  commandhandler.CreatePipelineCommandHandler (CreatePipelineCommandHandler.java:handle(106)) - Created Pipeline RATIS ONE PipelineID=8008f6d4-f92b-4d34-8ade-7bfc9f12570d.
2021-01-02 03:04:30,149 [Command processor thread] INFO  server.RaftServer (RaftServerProxy.java:addNew(93)) - 1b98ba84-f03a-4745-ae67-661c5f740165: addNew group-2BC440C7514C:[1b98ba84-f03a-4745-ae67-661c5f740165|rpc:172.17.0.2:36113] returns group-2BC440C7514C:java.util.concurrent.CompletableFuture@3e635828[Not completed]
2021-01-02 03:04:30,150 [pool-1805-thread-1] INFO  server.RaftServer$Division (RaftServerImpl.java:<init>(173)) - 1b98ba84-f03a-4745-ae67-661c5f740165: new RaftServerImpl for group-2BC440C7514C:[1b98ba84-f03a-4745-ae67-661c5f740165|rpc:172.17.0.2:36113] with ContainerStateMachine:uninitialized
2021-01-02 03:04:30,150 [pool-1805-thread-1] INFO  server.RaftServerConfigKeys (ConfUtils.java:logGet(44)) - raft.server.rpc.timeout.min = 5s (custom)
2021-01-02 03:04:30,150 [pool-1805-thread-1] INFO  server.RaftServerConfigKeys (ConfUtils.java:logGet(44)) - raft.server.rpc.timeout.max = 5200ms (custom)
2021-01-02 03:04:30,150 [pool-1805-thread-1] INFO  server.RaftServerConfigKeys (ConfUtils.java:logGet(44)) - raft.server.rpc.sleep.time = 25ms (default)
2021-01-02 03:04:30,150 [pool-1805-thread-1] INFO  server.RaftServerConfigKeys (ConfUtils.java:logGet(44)) - raft.server.rpc.slowness.timeout = 300s (custom)
2021-01-02 03:04:30,150 [pool-1805-thread-1] INFO  server.RaftServerConfigKeys (ConfUtils.java:logGet(44)) - raft.server.leaderelection.leader.step-down.wait-time = 10s (default)
2021-01-02 03:04:30,150 [pool-1805-thread-1] INFO  server.RaftServerConfigKeys (ConfUtils.java:logGet(44)) - raft.server.sleep.deviation.threshold = 300ms (default)
2021-01-02 03:04:30,150 [pool-1805-thread-1] INFO  server.RaftServerConfigKeys (ConfUtils.java:logGet(44)) - raft.server.log.appender.install.snapshot.enabled = false (custom)
2021-01-02 03:04:30,150 [pool-1805-thread-1] INFO  server.RaftServer$Division (ServerState.java:<init>(104)) - 1b98ba84-f03a-4745-ae67-661c5f740165@group-2BC440C7514C: ConfigurationManager, init=-1: [1b98ba84-f03a-4745-ae67-661c5f740165|rpc:172.17.0.2:36113], old=null, confs=<EMPTY_MAP>
2021-01-02 03:04:30,151 [pool-1805-thread-1] INFO  server.RaftServerConfigKeys (ConfUtils.java:logGet(44)) - raft.server.storage.dir = [/github/workspace/mnt/ozone/hadoop-ozone/integration-test/target/test-dir/MiniOzoneClusterImpl-0875b59f-827e-470c-b6ab-7d6320bd5827/datanode-2/data/ratis] (custom)
2021-01-02 03:04:30,151 [pool-1805-thread-1] INFO  server.RaftServerConfigKeys (ConfUtils.java:logGet(44)) - raft.server.log.corruption.policy = EXCEPTION (default)
2021-01-02 03:04:30,151 [pool-1805-thread-1] INFO  storage.RaftStorageDirectory (RaftStorageDirectory.java:analyzeStorage(260)) - The storage directory /github/workspace/mnt/ozone/hadoop-ozone/integration-test/target/test-dir/MiniOzoneClusterImpl-0875b59f-827e-470c-b6ab-7d6320bd5827/datanode-2/data/ratis/0850c91d-7eb7-4cd8-860d-2bc440c7514c does not exist. Creating ...
2021-01-02 03:04:30,152 [pool-1805-thread-1] INFO  storage.RaftStorageDirectory (RaftStorageDirectory.java:tryLock(342)) - Lock on /github/workspace/mnt/ozone/hadoop-ozone/integration-test/target/test-dir/MiniOzoneClusterImpl-0875b59f-827e-470c-b6ab-7d6320bd5827/datanode-2/data/ratis/0850c91d-7eb7-4cd8-860d-2bc440c7514c/in_use.lock acquired by nodename 20532@e25e13fd87ad
2021-01-02 03:04:30,153 [pool-1805-thread-1] INFO  storage.RaftStorage (RaftStorage.java:format(89)) - Storage directory /github/workspace/mnt/ozone/hadoop-ozone/integration-test/target/test-dir/MiniOzoneClusterImpl-0875b59f-827e-470c-b6ab-7d6320bd5827/datanode-2/data/ratis/0850c91d-7eb7-4cd8-860d-2bc440c7514c has been successfully formatted.
2021-01-02 03:04:30,154 [pool-1805-thread-1] INFO  ratis.ContainerStateMachine (ContainerStateMachine.java:loadSnapshot(223)) - group-2BC440C7514C: The snapshot info is null. Setting the last applied indexto:(t:0, i:~)
2021-01-02 03:04:30,154 [pool-1805-thread-1] ERROR storage.RaftStorage (RaftStorage.java:readRaftConfiguration(152)) - Failed reading configuration from file:/github/workspace/mnt/ozone/hadoop-ozone/integration-test/target/test-dir/MiniOzoneClusterImpl-0875b59f-827e-470c-b6ab-7d6320bd5827/datanode-2/data/ratis/0850c91d-7eb7-4cd8-860d-2bc440c7514c/current/raft-meta.conf
java.io.FileNotFoundException: /github/workspace/mnt/ozone/hadoop-ozone/integration-test/target/test-dir/MiniOzoneClusterImpl-0875b59f-827e-470c-b6ab-7d6320bd5827/datanode-2/data/ratis/0850c91d-7eb7-4cd8-860d-2bc440c7514c/current/raft-meta.conf (No such file or directory)
	at java.io.FileInputStream.open0(Native Method)
	at java.io.FileInputStream.open(FileInputStream.java:195)
	at java.io.FileInputStream.<init>(FileInputStream.java:138)
	at org.apache.ratis.server.storage.RaftStorage.readRaftConfiguration(RaftStorage.java:148)
	at org.apache.ratis.server.impl.ServerState.initStatemachine(ServerState.java:167)
	at org.apache.ratis.server.impl.ServerState.<init>(ServerState.java:112)
	at org.apache.ratis.server.impl.RaftServerImpl.<init>(RaftServerImpl.java:186)
	at org.apache.ratis.server.impl.RaftServerProxy.lambda$newRaftServerImpl$4(RaftServerProxy.java:264)
	at java.util.concurrent.CompletableFuture$AsyncSupply.run(CompletableFuture.java:1604)
	at java.util.concurrent.ThreadPoolExecutor.runWorker(ThreadPoolExecutor.java:1149)
	at java.util.concurrent.ThreadPoolExecutor$Worker.run(ThreadPoolExecutor.java:624)
	at java.lang.Thread.run(Thread.java:748)
2021-01-02 03:04:30,154 [EventQueue-PipelineReportForOneReplicaPipelineSafeModeRule] INFO  safemode.SCMSafeModeManager (SCMSafeModeManager.java:validateSafeModeExitRules(214)) - AtleastOneDatanodeReportedRule rule is successfully validated
2021-01-02 03:04:30,154 [pool-1805-thread-1] INFO  server.RaftServerConfigKeys (ConfUtils.java:logGet(44)) - raft.server.notification.no-leader.timeout = 300s (custom)
2021-01-02 03:04:30,155 [pool-1805-thread-1] INFO  server.RaftServerConfigKeys (ConfUtils.java:logGet(44)) - raft.server.log.use.memory = false (default)
2021-01-02 03:04:30,155 [pool-1805-thread-1] INFO  server.RaftServerConfigKeys (ConfUtils.java:logGet(44)) - raft.server.log.purge.gap = 1000000 (custom)
2021-01-02 03:04:30,155 [pool-1805-thread-1] INFO  metrics.RatisMetrics (RatisMetrics.java:lambda$create$0(36)) - Creating Metrics Registry : ratis.log_worker.1b98ba84-f03a-4745-ae67-661c5f740165@group-2BC440C7514C
2021-01-02 03:04:30,155 [pool-1805-thread-1] INFO  server.RaftServerConfigKeys (ConfUtils.java:logGet(44)) - raft.server.log.appender.buffer.byte-limit = 33554432 (custom)
2021-01-02 03:04:30,155 [pool-1805-thread-1] INFO  server.RaftServerConfigKeys (ConfUtils.java:logGet(44)) - raft.server.log.segment.size.max = 1048576 (custom)
2021-01-02 03:04:30,157 [pool-1805-thread-1] INFO  server.RaftServerConfigKeys (ConfUtils.java:logGet(44)) - raft.server.log.segment.cache.num.max = 2 (custom)
2021-01-02 03:04:30,157 [pool-1805-thread-1] INFO  server.RaftServerConfigKeys (ConfUtils.java:logGet(44)) - raft.server.log.segment.cache.size.max = 200MB (=209715200) (default)
2021-01-02 03:04:30,157 [pool-1805-thread-1] INFO  segmented.SegmentedRaftLogWorker (SegmentedRaftLogWorker.java:<init>(181)) - new 1b98ba84-f03a-4745-ae67-661c5f740165@group-2BC440C7514C-SegmentedRaftLogWorker for RaftStorage:Storage Directory /github/workspace/mnt/ozone/hadoop-ozone/integration-test/target/test-dir/MiniOzoneClusterImpl-0875b59f-827e-470c-b6ab-7d6320bd5827/datanode-2/data/ratis/0850c91d-7eb7-4cd8-860d-2bc440c7514c
2021-01-02 03:04:30,157 [pool-1805-thread-1] INFO  server.RaftServerConfigKeys (ConfUtils.java:logGet(44)) - raft.server.log.queue.byte-limit = 2147483647 (custom)
2021-01-02 03:04:30,157 [pool-1805-thread-1] INFO  server.RaftServerConfigKeys (ConfUtils.java:logGet(44)) - raft.server.log.queue.element-limit = 1024 (custom)
2021-01-02 03:04:30,157 [pool-1805-thread-1] INFO  server.RaftServerConfigKeys (ConfUtils.java:logGet(44)) - raft.server.log.segment.size.max = 1048576 (custom)
2021-01-02 03:04:30,157 [pool-1805-thread-1] INFO  server.RaftServerConfigKeys (ConfUtils.java:logGet(44)) - raft.server.log.preallocated.size = 16384 (custom)
2021-01-02 03:04:30,157 [pool-1805-thread-1] INFO  server.RaftServerConfigKeys (ConfUtils.java:logGet(44)) - raft.server.log.force.sync.num = 128 (default)
2021-01-02 03:04:30,157 [pool-1805-thread-1] INFO  server.RaftServerConfigKeys (ConfUtils.java:logGet(44)) - raft.server.log.statemachine.data.sync = true (default)
2021-01-02 03:04:30,157 [pool-1805-thread-1] INFO  server.RaftServerConfigKeys (ConfUtils.java:logGet(44)) - raft.server.log.statemachine.data.sync.timeout = 10s (default)
2021-01-02 03:04:30,157 [pool-1805-thread-1] INFO  server.RaftServerConfigKeys (ConfUtils.java:logGet(44)) - raft.server.log.statemachine.data.sync.timeout.retry = -1 (default)
2021-01-02 03:04:30,160 [EventQueue-PipelineReportForPipelineReportHandler] INFO  pipeline.PipelineStateManager (PipelineStateManager.java:openPipeline(132)) - Pipeline Pipeline[ Id: 0850c91d-7eb7-4cd8-860d-2bc440c7514c, Nodes: 1b98ba84-f03a-4745-ae67-661c5f740165{ip: 172.17.0.2, host: e25e13fd87ad, networkLocation: /default-rack, certSerialId: null, persistedOpState: IN_SERVICE, persistedOpStateExpiryEpochSec: 0}, Type:RATIS, Factor:ONE, State:ALLOCATED, leaderId:1b98ba84-f03a-4745-ae67-661c5f740165, CreationTimestamp2021-01-02T03:04:27.151Z] moved to OPEN state
2021-01-02 03:04:30,160 [EventQueue-OpenPipelineForHealthyPipelineSafeModeRule] INFO  safemode.SCMSafeModeManager (HealthyPipelineSafeModeRule.java:process(128)) - SCM in safe mode. Healthy pipelines reported count is 0, required healthy pipeline reported count is 1
2021-01-02 03:04:30,161 [pool-1805-thread-1] INFO  server.RaftServerConfigKeys (ConfUtils.java:logGet(44)) - raft.server.log.write.buffer.size = 1048576 (custom)
2021-01-02 03:04:30,161 [pool-1805-thread-1] INFO  server.RaftServerConfigKeys (ConfUtils.java:logGet(44)) - raft.server.log.statemachine.data.caching.enabled = true (custom)
2021-01-02 03:04:30,162 [pool-1805-thread-1] INFO  segmented.SegmentedRaftLogWorker (SegmentedRaftLogWorker.java:lambda$new$0(132)) - 1b98ba84-f03a-4745-ae67-661c5f740165@group-2BC440C7514C-SegmentedRaftLogWorker: flushIndex: setUnconditionally 0 -> -1
2021-01-02 03:04:30,162 [pool-1805-thread-1] INFO  segmented.SegmentedRaftLogWorker (SegmentedRaftLogWorker.java:lambda$new$0(132)) - 1b98ba84-f03a-4745-ae67-661c5f740165@group-2BC440C7514C-SegmentedRaftLogWorker: safeCacheEvictIndex: setUnconditionally 0 -> -1
2021-01-02 03:04:30,162 [pool-1805-thread-1] INFO  server.RaftServerConfigKeys (ConfUtils.java:logGet(44)) - raft.server.snapshot.auto.trigger.enabled = true (custom)
2021-01-02 03:04:30,162 [pool-1805-thread-1] INFO  server.RaftServerConfigKeys (ConfUtils.java:logGet(44)) - raft.server.snapshot.auto.trigger.threshold = 10000 (custom)
2021-01-02 03:04:30,162 [pool-1805-thread-1] INFO  server.RaftServerConfigKeys (ConfUtils.java:logGet(44)) - raft.server.snapshot.retention.file.num = 5 (custom)
2021-01-02 03:04:30,162 [pool-1805-thread-1] INFO  server.RaftServerConfigKeys (ConfUtils.java:logGet(44)) - raft.server.log.purge.upto.snapshot.index = false (default)
2021-01-02 03:04:30,162 [pool-1805-thread-1] INFO  server.RaftServerConfigKeys (ConfUtils.java:logGet(44)) - raft.server.retrycache.expirytime = 600000ms (custom)
2021-01-02 03:04:30,162 [pool-1805-thread-1] INFO  server.RaftServerConfigKeys (ConfUtils.java:logGet(44)) - raft.server.retrycache.statistics.expirytime = 100?s (default)
2021-01-02 03:04:30,162 [pool-1805-thread-1] INFO  metrics.RatisMetrics (RatisMetrics.java:lambda$create$0(36)) - Creating Metrics Registry : ratis.leader_election.1b98ba84-f03a-4745-ae67-661c5f740165@group-2BC440C7514C
2021-01-02 03:04:30,164 [pool-1805-thread-1] INFO  metrics.RatisMetrics (RatisMetrics.java:lambda$create$0(36)) - Creating Metrics Registry : ratis.server.1b98ba84-f03a-4745-ae67-661c5f740165@group-2BC440C7514C
2021-01-02 03:04:30,166 [pool-1805-thread-1] INFO  server.RaftServer$Division (RaftServerImpl.java:start(286)) - 1b98ba84-f03a-4745-ae67-661c5f740165@group-2BC440C7514C: start as a follower, conf=-1: [1b98ba84-f03a-4745-ae67-661c5f740165|rpc:172.17.0.2:36113], old=null
2021-01-02 03:04:30,166 [pool-1805-thread-1] INFO  server.RaftServer$Division (RaftServerImpl.java:setRole(275)) - 1b98ba84-f03a-4745-ae67-661c5f740165@group-2BC440C7514C: changes role from      null to FOLLOWER at term 0 for startAsFollower
2021-01-02 03:04:30,166 [pool-1805-thread-1] INFO  impl.RoleInfo (RoleInfo.java:updateAndGet(130)) - 1b98ba84-f03a-4745-ae67-661c5f740165: start 1b98ba84-f03a-4745-ae67-661c5f740165@group-2BC440C7514C-FollowerState
2021-01-02 03:04:30,167 [pool-1805-thread-1] INFO  util.JmxRegister (JmxRegister.java:tryRegister(44)) - Successfully registered JMX Bean with object name Ratis:service=RaftServer,group=group-2BC440C7514C,id=1b98ba84-f03a-4745-ae67-661c5f740165
2021-01-02 03:04:30,167 [pool-1805-thread-1] INFO  metrics.RatisMetrics (RatisMetrics.java:lambda$create$0(36)) - Creating Metrics Registry : ratis.state_machine.1b98ba84-f03a-4745-ae67-661c5f740165@group-2BC440C7514C
2021-01-02 03:04:30,168 [Command processor thread] INFO  commandhandler.CreatePipelineCommandHandler (CreatePipelineCommandHandler.java:handle(106)) - Created Pipeline RATIS ONE PipelineID=0850c91d-7eb7-4cd8-860d-2bc440c7514c.
2021-01-02 03:04:30,442 [Command processor thread] INFO  server.RaftServer (RaftServerProxy.java:addNew(93)) - fdab6853-39d3-40b9-bd2b-4dc5726d5388: addNew group-387A039530FE:[fdab6853-39d3-40b9-bd2b-4dc5726d5388|rpc:172.17.0.2:36251] returns group-387A039530FE:java.util.concurrent.CompletableFuture@4e97a729[Not completed]
2021-01-02 03:04:30,444 [EventQueue-PipelineReportForOneReplicaPipelineSafeModeRule] INFO  safemode.SCMSafeModeManager (SCMSafeModeManager.java:validateSafeModeExitRules(214)) - AtleastOneDatanodeReportedRule rule is successfully validated
2021-01-02 03:04:30,444 [pool-1821-thread-1] INFO  server.RaftServer$Division (RaftServerImpl.java:<init>(173)) - fdab6853-39d3-40b9-bd2b-4dc5726d5388: new RaftServerImpl for group-387A039530FE:[fdab6853-39d3-40b9-bd2b-4dc5726d5388|rpc:172.17.0.2:36251] with ContainerStateMachine:uninitialized
2021-01-02 03:04:30,444 [pool-1821-thread-1] INFO  server.RaftServerConfigKeys (ConfUtils.java:logGet(44)) - raft.server.rpc.timeout.min = 5s (custom)
2021-01-02 03:04:30,444 [pool-1821-thread-1] INFO  server.RaftServerConfigKeys (ConfUtils.java:logGet(44)) - raft.server.rpc.timeout.max = 5200ms (custom)
2021-01-02 03:04:30,444 [pool-1821-thread-1] INFO  server.RaftServerConfigKeys (ConfUtils.java:logGet(44)) - raft.server.rpc.sleep.time = 25ms (default)
2021-01-02 03:04:30,444 [pool-1821-thread-1] INFO  server.RaftServerConfigKeys (ConfUtils.java:logGet(44)) - raft.server.rpc.slowness.timeout = 300s (custom)
2021-01-02 03:04:30,444 [pool-1821-thread-1] INFO  server.RaftServerConfigKeys (ConfUtils.java:logGet(44)) - raft.server.leaderelection.leader.step-down.wait-time = 10s (default)
2021-01-02 03:04:30,444 [pool-1821-thread-1] INFO  server.RaftServerConfigKeys (ConfUtils.java:logGet(44)) - raft.server.sleep.deviation.threshold = 300ms (default)
2021-01-02 03:04:30,445 [pool-1821-thread-1] INFO  server.RaftServerConfigKeys (ConfUtils.java:logGet(44)) - raft.server.log.appender.install.snapshot.enabled = false (custom)
2021-01-02 03:04:30,445 [pool-1821-thread-1] INFO  server.RaftServer$Division (ServerState.java:<init>(104)) - fdab6853-39d3-40b9-bd2b-4dc5726d5388@group-387A039530FE: ConfigurationManager, init=-1: [fdab6853-39d3-40b9-bd2b-4dc5726d5388|rpc:172.17.0.2:36251], old=null, confs=<EMPTY_MAP>
2021-01-02 03:04:30,445 [pool-1821-thread-1] INFO  server.RaftServerConfigKeys (ConfUtils.java:logGet(44)) - raft.server.storage.dir = [/github/workspace/mnt/ozone/hadoop-ozone/integration-test/target/test-dir/MiniOzoneClusterImpl-0875b59f-827e-470c-b6ab-7d6320bd5827/datanode-3/data/ratis] (custom)
2021-01-02 03:04:30,445 [pool-1821-thread-1] INFO  server.RaftServerConfigKeys (ConfUtils.java:logGet(44)) - raft.server.log.corruption.policy = EXCEPTION (default)
2021-01-02 03:04:30,445 [pool-1821-thread-1] INFO  storage.RaftStorageDirectory (RaftStorageDirectory.java:analyzeStorage(260)) - The storage directory /github/workspace/mnt/ozone/hadoop-ozone/integration-test/target/test-dir/MiniOzoneClusterImpl-0875b59f-827e-470c-b6ab-7d6320bd5827/datanode-3/data/ratis/ab04beb3-6556-4d9b-a28b-387a039530fe does not exist. Creating ...
2021-01-02 03:04:30,447 [pool-1821-thread-1] INFO  storage.RaftStorageDirectory (RaftStorageDirectory.java:tryLock(342)) - Lock on /github/workspace/mnt/ozone/hadoop-ozone/integration-test/target/test-dir/MiniOzoneClusterImpl-0875b59f-827e-470c-b6ab-7d6320bd5827/datanode-3/data/ratis/ab04beb3-6556-4d9b-a28b-387a039530fe/in_use.lock acquired by nodename 20532@e25e13fd87ad
2021-01-02 03:04:30,449 [pool-1821-thread-1] INFO  storage.RaftStorage (RaftStorage.java:format(89)) - Storage directory /github/workspace/mnt/ozone/hadoop-ozone/integration-test/target/test-dir/MiniOzoneClusterImpl-0875b59f-827e-470c-b6ab-7d6320bd5827/datanode-3/data/ratis/ab04beb3-6556-4d9b-a28b-387a039530fe has been successfully formatted.
2021-01-02 03:04:30,449 [pool-1821-thread-1] INFO  ratis.ContainerStateMachine (ContainerStateMachine.java:loadSnapshot(223)) - group-387A039530FE: The snapshot info is null. Setting the last applied indexto:(t:0, i:~)
2021-01-02 03:04:30,449 [pool-1821-thread-1] ERROR storage.RaftStorage (RaftStorage.java:readRaftConfiguration(152)) - Failed reading configuration from file:/github/workspace/mnt/ozone/hadoop-ozone/integration-test/target/test-dir/MiniOzoneClusterImpl-0875b59f-827e-470c-b6ab-7d6320bd5827/datanode-3/data/ratis/ab04beb3-6556-4d9b-a28b-387a039530fe/current/raft-meta.conf
java.io.FileNotFoundException: /github/workspace/mnt/ozone/hadoop-ozone/integration-test/target/test-dir/MiniOzoneClusterImpl-0875b59f-827e-470c-b6ab-7d6320bd5827/datanode-3/data/ratis/ab04beb3-6556-4d9b-a28b-387a039530fe/current/raft-meta.conf (No such file or directory)
	at java.io.FileInputStream.open0(Native Method)
	at java.io.FileInputStream.open(FileInputStream.java:195)
	at java.io.FileInputStream.<init>(FileInputStream.java:138)
	at org.apache.ratis.server.storage.RaftStorage.readRaftConfiguration(RaftStorage.java:148)
	at org.apache.ratis.server.impl.ServerState.initStatemachine(ServerState.java:167)
	at org.apache.ratis.server.impl.ServerState.<init>(ServerState.java:112)
	at org.apache.ratis.server.impl.RaftServerImpl.<init>(RaftServerImpl.java:186)
	at org.apache.ratis.server.impl.RaftServerProxy.lambda$newRaftServerImpl$4(RaftServerProxy.java:264)
	at java.util.concurrent.CompletableFuture$AsyncSupply.run(CompletableFuture.java:1604)
	at java.util.concurrent.ThreadPoolExecutor.runWorker(ThreadPoolExecutor.java:1149)
	at java.util.concurrent.ThreadPoolExecutor$Worker.run(ThreadPoolExecutor.java:624)
	at java.lang.Thread.run(Thread.java:748)
2021-01-02 03:04:30,449 [pool-1821-thread-1] INFO  server.RaftServerConfigKeys (ConfUtils.java:logGet(44)) - raft.server.notification.no-leader.timeout = 300s (custom)
2021-01-02 03:04:30,449 [EventQueue-PipelineReportForPipelineReportHandler] INFO  pipeline.PipelineStateManager (PipelineStateManager.java:openPipeline(132)) - Pipeline Pipeline[ Id: ab04beb3-6556-4d9b-a28b-387a039530fe, Nodes: fdab6853-39d3-40b9-bd2b-4dc5726d5388{ip: 172.17.0.2, host: e25e13fd87ad, networkLocation: /default-rack, certSerialId: null, persistedOpState: IN_SERVICE, persistedOpStateExpiryEpochSec: 0}, Type:RATIS, Factor:ONE, State:ALLOCATED, leaderId:fdab6853-39d3-40b9-bd2b-4dc5726d5388, CreationTimestamp2021-01-02T03:04:27.443Z] moved to OPEN state
2021-01-02 03:04:30,450 [EventQueue-PipelineReportForOneReplicaPipelineSafeModeRule] INFO  safemode.SCMSafeModeManager (SCMSafeModeManager.java:validateSafeModeExitRules(214)) - AtleastOneDatanodeReportedRule rule is successfully validated
2021-01-02 03:04:30,450 [EventQueue-OpenPipelineForHealthyPipelineSafeModeRule] INFO  safemode.SCMSafeModeManager (HealthyPipelineSafeModeRule.java:process(128)) - SCM in safe mode. Healthy pipelines reported count is 0, required healthy pipeline reported count is 1
2021-01-02 03:04:30,449 [pool-1821-thread-1] INFO  server.RaftServerConfigKeys (ConfUtils.java:logGet(44)) - raft.server.log.use.memory = false (default)
2021-01-02 03:04:30,451 [pool-1821-thread-1] INFO  server.RaftServerConfigKeys (ConfUtils.java:logGet(44)) - raft.server.log.purge.gap = 1000000 (custom)
2021-01-02 03:04:30,451 [pool-1821-thread-1] INFO  metrics.RatisMetrics (RatisMetrics.java:lambda$create$0(36)) - Creating Metrics Registry : ratis.log_worker.fdab6853-39d3-40b9-bd2b-4dc5726d5388@group-387A039530FE
2021-01-02 03:04:30,451 [pool-1821-thread-1] INFO  server.RaftServerConfigKeys (ConfUtils.java:logGet(44)) - raft.server.log.appender.buffer.byte-limit = 33554432 (custom)
2021-01-02 03:04:30,451 [pool-1821-thread-1] INFO  server.RaftServerConfigKeys (ConfUtils.java:logGet(44)) - raft.server.log.segment.size.max = 1048576 (custom)
2021-01-02 03:04:30,453 [pool-1821-thread-1] INFO  server.RaftServerConfigKeys (ConfUtils.java:logGet(44)) - raft.server.log.segment.cache.num.max = 2 (custom)
2021-01-02 03:04:30,453 [pool-1821-thread-1] INFO  server.RaftServerConfigKeys (ConfUtils.java:logGet(44)) - raft.server.log.segment.cache.size.max = 200MB (=209715200) (default)
2021-01-02 03:04:30,453 [pool-1821-thread-1] INFO  segmented.SegmentedRaftLogWorker (SegmentedRaftLogWorker.java:<init>(181)) - new fdab6853-39d3-40b9-bd2b-4dc5726d5388@group-387A039530FE-SegmentedRaftLogWorker for RaftStorage:Storage Directory /github/workspace/mnt/ozone/hadoop-ozone/integration-test/target/test-dir/MiniOzoneClusterImpl-0875b59f-827e-470c-b6ab-7d6320bd5827/datanode-3/data/ratis/ab04beb3-6556-4d9b-a28b-387a039530fe
2021-01-02 03:04:30,453 [pool-1821-thread-1] INFO  server.RaftServerConfigKeys (ConfUtils.java:logGet(44)) - raft.server.log.queue.byte-limit = 2147483647 (custom)
2021-01-02 03:04:30,453 [pool-1821-thread-1] INFO  server.RaftServerConfigKeys (ConfUtils.java:logGet(44)) - raft.server.log.queue.element-limit = 1024 (custom)
2021-01-02 03:04:30,453 [pool-1821-thread-1] INFO  server.RaftServerConfigKeys (ConfUtils.java:logGet(44)) - raft.server.log.segment.size.max = 1048576 (custom)
2021-01-02 03:04:30,453 [pool-1821-thread-1] INFO  server.RaftServerConfigKeys (ConfUtils.java:logGet(44)) - raft.server.log.preallocated.size = 16384 (custom)
2021-01-02 03:04:30,453 [pool-1821-thread-1] INFO  server.RaftServerConfigKeys (ConfUtils.java:logGet(44)) - raft.server.log.force.sync.num = 128 (default)
2021-01-02 03:04:30,453 [pool-1821-thread-1] INFO  server.RaftServerConfigKeys (ConfUtils.java:logGet(44)) - raft.server.log.statemachine.data.sync = true (default)
2021-01-02 03:04:30,453 [pool-1821-thread-1] INFO  server.RaftServerConfigKeys (ConfUtils.java:logGet(44)) - raft.server.log.statemachine.data.sync.timeout = 10s (default)
2021-01-02 03:04:30,453 [pool-1821-thread-1] INFO  server.RaftServerConfigKeys (ConfUtils.java:logGet(44)) - raft.server.log.statemachine.data.sync.timeout.retry = -1 (default)
2021-01-02 03:04:30,456 [pool-1821-thread-1] INFO  server.RaftServerConfigKeys (ConfUtils.java:logGet(44)) - raft.server.log.write.buffer.size = 1048576 (custom)
2021-01-02 03:04:30,457 [pool-1821-thread-1] INFO  server.RaftServerConfigKeys (ConfUtils.java:logGet(44)) - raft.server.log.statemachine.data.caching.enabled = true (custom)
2021-01-02 03:04:30,457 [pool-1821-thread-1] INFO  segmented.SegmentedRaftLogWorker (SegmentedRaftLogWorker.java:lambda$new$0(132)) - fdab6853-39d3-40b9-bd2b-4dc5726d5388@group-387A039530FE-SegmentedRaftLogWorker: flushIndex: setUnconditionally 0 -> -1
2021-01-02 03:04:30,457 [pool-1821-thread-1] INFO  segmented.SegmentedRaftLogWorker (SegmentedRaftLogWorker.java:lambda$new$0(132)) - fdab6853-39d3-40b9-bd2b-4dc5726d5388@group-387A039530FE-SegmentedRaftLogWorker: safeCacheEvictIndex: setUnconditionally 0 -> -1
2021-01-02 03:04:30,457 [pool-1821-thread-1] INFO  server.RaftServerConfigKeys (ConfUtils.java:logGet(44)) - raft.server.snapshot.auto.trigger.enabled = true (custom)
2021-01-02 03:04:30,457 [pool-1821-thread-1] INFO  server.RaftServerConfigKeys (ConfUtils.java:logGet(44)) - raft.server.snapshot.auto.trigger.threshold = 10000 (custom)
2021-01-02 03:04:30,458 [pool-1821-thread-1] INFO  server.RaftServerConfigKeys (ConfUtils.java:logGet(44)) - raft.server.snapshot.retention.file.num = 5 (custom)
2021-01-02 03:04:30,458 [pool-1821-thread-1] INFO  server.RaftServerConfigKeys (ConfUtils.java:logGet(44)) - raft.server.log.purge.upto.snapshot.index = false (default)
2021-01-02 03:04:30,458 [pool-1821-thread-1] INFO  server.RaftServerConfigKeys (ConfUtils.java:logGet(44)) - raft.server.retrycache.expirytime = 600000ms (custom)
2021-01-02 03:04:30,458 [pool-1821-thread-1] INFO  server.RaftServerConfigKeys (ConfUtils.java:logGet(44)) - raft.server.retrycache.statistics.expirytime = 100?s (default)
2021-01-02 03:04:30,458 [pool-1821-thread-1] INFO  metrics.RatisMetrics (RatisMetrics.java:lambda$create$0(36)) - Creating Metrics Registry : ratis.leader_election.fdab6853-39d3-40b9-bd2b-4dc5726d5388@group-387A039530FE
2021-01-02 03:04:30,459 [pool-1821-thread-1] INFO  metrics.RatisMetrics (RatisMetrics.java:lambda$create$0(36)) - Creating Metrics Registry : ratis.server.fdab6853-39d3-40b9-bd2b-4dc5726d5388@group-387A039530FE
2021-01-02 03:04:30,461 [pool-1821-thread-1] INFO  server.RaftServer$Division (RaftServerImpl.java:start(286)) - fdab6853-39d3-40b9-bd2b-4dc5726d5388@group-387A039530FE: start as a follower, conf=-1: [fdab6853-39d3-40b9-bd2b-4dc5726d5388|rpc:172.17.0.2:36251], old=null
2021-01-02 03:04:30,461 [pool-1821-thread-1] INFO  server.RaftServer$Division (RaftServerImpl.java:setRole(275)) - fdab6853-39d3-40b9-bd2b-4dc5726d5388@group-387A039530FE: changes role from      null to FOLLOWER at term 0 for startAsFollower
2021-01-02 03:04:30,461 [pool-1821-thread-1] INFO  impl.RoleInfo (RoleInfo.java:updateAndGet(130)) - fdab6853-39d3-40b9-bd2b-4dc5726d5388: start fdab6853-39d3-40b9-bd2b-4dc5726d5388@group-387A039530FE-FollowerState
2021-01-02 03:04:30,462 [pool-1821-thread-1] INFO  util.JmxRegister (JmxRegister.java:tryRegister(44)) - Successfully registered JMX Bean with object name Ratis:service=RaftServer,group=group-387A039530FE,id=fdab6853-39d3-40b9-bd2b-4dc5726d5388
2021-01-02 03:04:30,462 [pool-1821-thread-1] INFO  metrics.RatisMetrics (RatisMetrics.java:lambda$create$0(36)) - Creating Metrics Registry : ratis.state_machine.fdab6853-39d3-40b9-bd2b-4dc5726d5388@group-387A039530FE
2021-01-02 03:04:30,463 [Command processor thread] INFO  commandhandler.CreatePipelineCommandHandler (CreatePipelineCommandHandler.java:handle(106)) - Created Pipeline RATIS ONE PipelineID=ab04beb3-6556-4d9b-a28b-387a039530fe.
2021-01-02 03:04:30,463 [Command processor thread] INFO  server.RaftServer (RaftServerProxy.java:addNew(93)) - fdab6853-39d3-40b9-bd2b-4dc5726d5388: addNew group-3D3725907A1E:[68eed081-0a4c-49f2-9281-4facb9240b7e|rpc:172.17.0.2:41753, fdab6853-39d3-40b9-bd2b-4dc5726d5388|rpc:172.17.0.2:36251, 5beebed6-0501-4525-80c5-dff095c8ab2d|rpc:172.17.0.2:41017] returns group-3D3725907A1E:java.util.concurrent.CompletableFuture@4aa83a23[Not completed]
2021-01-02 03:04:30,464 [pool-1821-thread-1] INFO  server.RaftServer$Division (RaftServerImpl.java:<init>(173)) - fdab6853-39d3-40b9-bd2b-4dc5726d5388: new RaftServerImpl for group-3D3725907A1E:[68eed081-0a4c-49f2-9281-4facb9240b7e|rpc:172.17.0.2:41753, fdab6853-39d3-40b9-bd2b-4dc5726d5388|rpc:172.17.0.2:36251, 5beebed6-0501-4525-80c5-dff095c8ab2d|rpc:172.17.0.2:41017] with ContainerStateMachine:uninitialized
2021-01-02 03:04:30,464 [pool-1821-thread-1] INFO  server.RaftServerConfigKeys (ConfUtils.java:logGet(44)) - raft.server.rpc.timeout.min = 5s (custom)
2021-01-02 03:04:30,464 [pool-1821-thread-1] INFO  server.RaftServerConfigKeys (ConfUtils.java:logGet(44)) - raft.server.rpc.timeout.max = 5200ms (custom)
2021-01-02 03:04:30,464 [pool-1821-thread-1] INFO  server.RaftServerConfigKeys (ConfUtils.java:logGet(44)) - raft.server.rpc.sleep.time = 25ms (default)
2021-01-02 03:04:30,464 [pool-1821-thread-1] INFO  server.RaftServerConfigKeys (ConfUtils.java:logGet(44)) - raft.server.rpc.slowness.timeout = 300s (custom)
2021-01-02 03:04:30,464 [pool-1821-thread-1] INFO  server.RaftServerConfigKeys (ConfUtils.java:logGet(44)) - raft.server.leaderelection.leader.step-down.wait-time = 10s (default)
2021-01-02 03:04:30,464 [pool-1821-thread-1] INFO  server.RaftServerConfigKeys (ConfUtils.java:logGet(44)) - raft.server.sleep.deviation.threshold = 300ms (default)
2021-01-02 03:04:30,464 [pool-1821-thread-1] INFO  server.RaftServerConfigKeys (ConfUtils.java:logGet(44)) - raft.server.log.appender.install.snapshot.enabled = false (custom)
2021-01-02 03:04:30,464 [pool-1821-thread-1] INFO  server.RaftServer$Division (ServerState.java:<init>(104)) - fdab6853-39d3-40b9-bd2b-4dc5726d5388@group-3D3725907A1E: ConfigurationManager, init=-1: [68eed081-0a4c-49f2-9281-4facb9240b7e|rpc:172.17.0.2:41753, fdab6853-39d3-40b9-bd2b-4dc5726d5388|rpc:172.17.0.2:36251, 5beebed6-0501-4525-80c5-dff095c8ab2d|rpc:172.17.0.2:41017], old=null, confs=<EMPTY_MAP>
2021-01-02 03:04:30,464 [pool-1821-thread-1] INFO  server.RaftServerConfigKeys (ConfUtils.java:logGet(44)) - raft.server.storage.dir = [/github/workspace/mnt/ozone/hadoop-ozone/integration-test/target/test-dir/MiniOzoneClusterImpl-0875b59f-827e-470c-b6ab-7d6320bd5827/datanode-3/data/ratis] (custom)
2021-01-02 03:04:30,465 [pool-1821-thread-1] INFO  server.RaftServerConfigKeys (ConfUtils.java:logGet(44)) - raft.server.log.corruption.policy = EXCEPTION (default)
2021-01-02 03:04:30,465 [pool-1821-thread-1] INFO  storage.RaftStorageDirectory (RaftStorageDirectory.java:analyzeStorage(260)) - The storage directory /github/workspace/mnt/ozone/hadoop-ozone/integration-test/target/test-dir/MiniOzoneClusterImpl-0875b59f-827e-470c-b6ab-7d6320bd5827/datanode-3/data/ratis/e6a6e07f-d683-49c9-9cec-3d3725907a1e does not exist. Creating ...
2021-01-02 03:04:30,466 [pool-1821-thread-1] INFO  storage.RaftStorageDirectory (RaftStorageDirectory.java:tryLock(342)) - Lock on /github/workspace/mnt/ozone/hadoop-ozone/integration-test/target/test-dir/MiniOzoneClusterImpl-0875b59f-827e-470c-b6ab-7d6320bd5827/datanode-3/data/ratis/e6a6e07f-d683-49c9-9cec-3d3725907a1e/in_use.lock acquired by nodename 20532@e25e13fd87ad
2021-01-02 03:04:30,467 [pool-1821-thread-1] INFO  storage.RaftStorage (RaftStorage.java:format(89)) - Storage directory /github/workspace/mnt/ozone/hadoop-ozone/integration-test/target/test-dir/MiniOzoneClusterImpl-0875b59f-827e-470c-b6ab-7d6320bd5827/datanode-3/data/ratis/e6a6e07f-d683-49c9-9cec-3d3725907a1e has been successfully formatted.
2021-01-02 03:04:30,467 [pool-1821-thread-1] INFO  ratis.ContainerStateMachine (ContainerStateMachine.java:loadSnapshot(223)) - group-3D3725907A1E: The snapshot info is null. Setting the last applied indexto:(t:0, i:~)
2021-01-02 03:04:30,468 [pool-1821-thread-1] ERROR storage.RaftStorage (RaftStorage.java:readRaftConfiguration(152)) - Failed reading configuration from file:/github/workspace/mnt/ozone/hadoop-ozone/integration-test/target/test-dir/MiniOzoneClusterImpl-0875b59f-827e-470c-b6ab-7d6320bd5827/datanode-3/data/ratis/e6a6e07f-d683-49c9-9cec-3d3725907a1e/current/raft-meta.conf
java.io.FileNotFoundException: /github/workspace/mnt/ozone/hadoop-ozone/integration-test/target/test-dir/MiniOzoneClusterImpl-0875b59f-827e-470c-b6ab-7d6320bd5827/datanode-3/data/ratis/e6a6e07f-d683-49c9-9cec-3d3725907a1e/current/raft-meta.conf (No such file or directory)
	at java.io.FileInputStream.open0(Native Method)
	at java.io.FileInputStream.open(FileInputStream.java:195)
	at java.io.FileInputStream.<init>(FileInputStream.java:138)
	at org.apache.ratis.server.storage.RaftStorage.readRaftConfiguration(RaftStorage.java:148)
	at org.apache.ratis.server.impl.ServerState.initStatemachine(ServerState.java:167)
	at org.apache.ratis.server.impl.ServerState.<init>(ServerState.java:112)
	at org.apache.ratis.server.impl.RaftServerImpl.<init>(RaftServerImpl.java:186)
	at org.apache.ratis.server.impl.RaftServerProxy.lambda$newRaftServerImpl$4(RaftServerProxy.java:264)
	at java.util.concurrent.CompletableFuture$AsyncSupply.run(CompletableFuture.java:1604)
	at java.util.concurrent.ThreadPoolExecutor.runWorker(ThreadPoolExecutor.java:1149)
	at java.util.concurrent.ThreadPoolExecutor$Worker.run(ThreadPoolExecutor.java:624)
	at java.lang.Thread.run(Thread.java:748)
2021-01-02 03:04:30,468 [pool-1821-thread-1] INFO  server.RaftServerConfigKeys (ConfUtils.java:logGet(44)) - raft.server.notification.no-leader.timeout = 300s (custom)
2021-01-02 03:04:30,468 [EventQueue-PipelineReportForOneReplicaPipelineSafeModeRule] INFO  safemode.SCMSafeModeManager (SCMSafeModeManager.java:validateSafeModeExitRules(214)) - AtleastOneDatanodeReportedRule rule is successfully validated
2021-01-02 03:04:30,468 [pool-1821-thread-1] INFO  server.RaftServerConfigKeys (ConfUtils.java:logGet(44)) - raft.server.log.use.memory = false (default)
2021-01-02 03:04:30,468 [EventQueue-OpenPipelineForHealthyPipelineSafeModeRule] INFO  safemode.SCMSafeModeManager (HealthyPipelineSafeModeRule.java:process(128)) - SCM in safe mode. Healthy pipelines reported count is 0, required healthy pipeline reported count is 1
2021-01-02 03:04:30,468 [pool-1821-thread-1] INFO  server.RaftServerConfigKeys (ConfUtils.java:logGet(44)) - raft.server.log.purge.gap = 1000000 (custom)
2021-01-02 03:04:30,468 [pool-1821-thread-1] INFO  metrics.RatisMetrics (RatisMetrics.java:lambda$create$0(36)) - Creating Metrics Registry : ratis.log_worker.fdab6853-39d3-40b9-bd2b-4dc5726d5388@group-3D3725907A1E
2021-01-02 03:04:30,469 [pool-1821-thread-1] INFO  server.RaftServerConfigKeys (ConfUtils.java:logGet(44)) - raft.server.log.appender.buffer.byte-limit = 33554432 (custom)
2021-01-02 03:04:30,469 [pool-1821-thread-1] INFO  server.RaftServerConfigKeys (ConfUtils.java:logGet(44)) - raft.server.log.segment.size.max = 1048576 (custom)
2021-01-02 03:04:30,470 [pool-1821-thread-1] INFO  server.RaftServerConfigKeys (ConfUtils.java:logGet(44)) - raft.server.log.segment.cache.num.max = 2 (custom)
2021-01-02 03:04:30,470 [pool-1821-thread-1] INFO  server.RaftServerConfigKeys (ConfUtils.java:logGet(44)) - raft.server.log.segment.cache.size.max = 200MB (=209715200) (default)
2021-01-02 03:04:30,470 [pool-1821-thread-1] INFO  segmented.SegmentedRaftLogWorker (SegmentedRaftLogWorker.java:<init>(181)) - new fdab6853-39d3-40b9-bd2b-4dc5726d5388@group-3D3725907A1E-SegmentedRaftLogWorker for RaftStorage:Storage Directory /github/workspace/mnt/ozone/hadoop-ozone/integration-test/target/test-dir/MiniOzoneClusterImpl-0875b59f-827e-470c-b6ab-7d6320bd5827/datanode-3/data/ratis/e6a6e07f-d683-49c9-9cec-3d3725907a1e
2021-01-02 03:04:30,470 [pool-1821-thread-1] INFO  server.RaftServerConfigKeys (ConfUtils.java:logGet(44)) - raft.server.log.queue.byte-limit = 2147483647 (custom)
2021-01-02 03:04:30,470 [pool-1821-thread-1] INFO  server.RaftServerConfigKeys (ConfUtils.java:logGet(44)) - raft.server.log.queue.element-limit = 1024 (custom)
2021-01-02 03:04:30,470 [pool-1821-thread-1] INFO  server.RaftServerConfigKeys (ConfUtils.java:logGet(44)) - raft.server.log.segment.size.max = 1048576 (custom)
2021-01-02 03:04:30,470 [pool-1821-thread-1] INFO  server.RaftServerConfigKeys (ConfUtils.java:logGet(44)) - raft.server.log.preallocated.size = 16384 (custom)
2021-01-02 03:04:30,470 [pool-1821-thread-1] INFO  server.RaftServerConfigKeys (ConfUtils.java:logGet(44)) - raft.server.log.force.sync.num = 128 (default)
2021-01-02 03:04:30,470 [pool-1821-thread-1] INFO  server.RaftServerConfigKeys (ConfUtils.java:logGet(44)) - raft.server.log.statemachine.data.sync = true (default)
2021-01-02 03:04:30,471 [pool-1821-thread-1] INFO  server.RaftServerConfigKeys (ConfUtils.java:logGet(44)) - raft.server.log.statemachine.data.sync.timeout = 10s (default)
2021-01-02 03:04:30,471 [pool-1821-thread-1] INFO  server.RaftServerConfigKeys (ConfUtils.java:logGet(44)) - raft.server.log.statemachine.data.sync.timeout.retry = -1 (default)
2021-01-02 03:04:30,473 [pool-1821-thread-1] INFO  server.RaftServerConfigKeys (ConfUtils.java:logGet(44)) - raft.server.log.write.buffer.size = 1048576 (custom)
2021-01-02 03:04:30,476 [pool-1821-thread-1] INFO  server.RaftServerConfigKeys (ConfUtils.java:logGet(44)) - raft.server.log.statemachine.data.caching.enabled = true (custom)
2021-01-02 03:04:30,476 [pool-1821-thread-1] INFO  segmented.SegmentedRaftLogWorker (SegmentedRaftLogWorker.java:lambda$new$0(132)) - fdab6853-39d3-40b9-bd2b-4dc5726d5388@group-3D3725907A1E-SegmentedRaftLogWorker: flushIndex: setUnconditionally 0 -> -1
2021-01-02 03:04:30,476 [pool-1821-thread-1] INFO  segmented.SegmentedRaftLogWorker (SegmentedRaftLogWorker.java:lambda$new$0(132)) - fdab6853-39d3-40b9-bd2b-4dc5726d5388@group-3D3725907A1E-SegmentedRaftLogWorker: safeCacheEvictIndex: setUnconditionally 0 -> -1
2021-01-02 03:04:30,476 [pool-1821-thread-1] INFO  server.RaftServerConfigKeys (ConfUtils.java:logGet(44)) - raft.server.snapshot.auto.trigger.enabled = true (custom)
2021-01-02 03:04:30,477 [pool-1821-thread-1] INFO  server.RaftServerConfigKeys (ConfUtils.java:logGet(44)) - raft.server.snapshot.auto.trigger.threshold = 10000 (custom)
2021-01-02 03:04:30,477 [pool-1821-thread-1] INFO  server.RaftServerConfigKeys (ConfUtils.java:logGet(44)) - raft.server.snapshot.retention.file.num = 5 (custom)
2021-01-02 03:04:30,477 [pool-1821-thread-1] INFO  server.RaftServerConfigKeys (ConfUtils.java:logGet(44)) - raft.server.log.purge.upto.snapshot.index = false (default)
2021-01-02 03:04:30,477 [pool-1821-thread-1] INFO  server.RaftServerConfigKeys (ConfUtils.java:logGet(44)) - raft.server.retrycache.expirytime = 600000ms (custom)
2021-01-02 03:04:30,477 [pool-1821-thread-1] INFO  server.RaftServerConfigKeys (ConfUtils.java:logGet(44)) - raft.server.retrycache.statistics.expirytime = 100?s (default)
2021-01-02 03:04:30,477 [pool-1821-thread-1] INFO  metrics.RatisMetrics (RatisMetrics.java:lambda$create$0(36)) - Creating Metrics Registry : ratis.leader_election.fdab6853-39d3-40b9-bd2b-4dc5726d5388@group-3D3725907A1E
2021-01-02 03:04:30,478 [pool-1821-thread-1] INFO  metrics.RatisMetrics (RatisMetrics.java:lambda$create$0(36)) - Creating Metrics Registry : ratis.server.fdab6853-39d3-40b9-bd2b-4dc5726d5388@group-3D3725907A1E
2021-01-02 03:04:30,481 [pool-1821-thread-1] INFO  server.RaftServer$Division (RaftServerImpl.java:start(286)) - fdab6853-39d3-40b9-bd2b-4dc5726d5388@group-3D3725907A1E: start as a follower, conf=-1: [68eed081-0a4c-49f2-9281-4facb9240b7e|rpc:172.17.0.2:41753, fdab6853-39d3-40b9-bd2b-4dc5726d5388|rpc:172.17.0.2:36251, 5beebed6-0501-4525-80c5-dff095c8ab2d|rpc:172.17.0.2:41017], old=null
2021-01-02 03:04:30,481 [pool-1821-thread-1] INFO  server.RaftServer$Division (RaftServerImpl.java:setRole(275)) - fdab6853-39d3-40b9-bd2b-4dc5726d5388@group-3D3725907A1E: changes role from      null to FOLLOWER at term 0 for startAsFollower
2021-01-02 03:04:30,481 [pool-1821-thread-1] INFO  impl.RoleInfo (RoleInfo.java:updateAndGet(130)) - fdab6853-39d3-40b9-bd2b-4dc5726d5388: start fdab6853-39d3-40b9-bd2b-4dc5726d5388@group-3D3725907A1E-FollowerState
2021-01-02 03:04:30,482 [pool-1821-thread-1] INFO  util.JmxRegister (JmxRegister.java:tryRegister(44)) - Successfully registered JMX Bean with object name Ratis:service=RaftServer,group=group-3D3725907A1E,id=fdab6853-39d3-40b9-bd2b-4dc5726d5388
2021-01-02 03:04:30,482 [pool-1821-thread-1] INFO  metrics.RatisMetrics (RatisMetrics.java:lambda$create$0(36)) - Creating Metrics Registry : ratis.state_machine.fdab6853-39d3-40b9-bd2b-4dc5726d5388@group-3D3725907A1E
2021-01-02 03:04:30,484 [Command processor thread] INFO  metrics.RatisMetrics (RatisMetrics.java:lambda$create$0(36)) - Creating Metrics Registry : ratis.client_message_metrics.client-97AB505352DA->68eed081-0a4c-49f2-9281-4facb9240b7e
2021-01-02 03:04:30,489 [grpc-default-executor-2] INFO  metrics.RatisMetrics (RatisMetrics.java:lambda$create$0(36)) - Creating Metrics Registry : ratis.server_message_metrics.68eed081-0a4c-49f2-9281-4facb9240b7e
2021-01-02 03:04:30,492 [grpc-default-executor-2] INFO  server.RaftServer (RaftServerProxy.java:addNew(93)) - 68eed081-0a4c-49f2-9281-4facb9240b7e: addNew group-3D3725907A1E:[68eed081-0a4c-49f2-9281-4facb9240b7e|rpc:172.17.0.2:41753|dataStream:, fdab6853-39d3-40b9-bd2b-4dc5726d5388|rpc:172.17.0.2:36251|dataStream:, 5beebed6-0501-4525-80c5-dff095c8ab2d|rpc:172.17.0.2:41017|dataStream:] returns group-3D3725907A1E:java.util.concurrent.CompletableFuture@1a1763b3[Not completed]
2021-01-02 03:04:30,492 [pool-1853-thread-1] INFO  server.RaftServer$Division (RaftServerImpl.java:<init>(173)) - 68eed081-0a4c-49f2-9281-4facb9240b7e: new RaftServerImpl for group-3D3725907A1E:[68eed081-0a4c-49f2-9281-4facb9240b7e|rpc:172.17.0.2:41753|dataStream:, fdab6853-39d3-40b9-bd2b-4dc5726d5388|rpc:172.17.0.2:36251|dataStream:, 5beebed6-0501-4525-80c5-dff095c8ab2d|rpc:172.17.0.2:41017|dataStream:] with ContainerStateMachine:uninitialized
2021-01-02 03:04:30,492 [pool-1853-thread-1] INFO  server.RaftServerConfigKeys (ConfUtils.java:logGet(44)) - raft.server.rpc.timeout.min = 5s (custom)
2021-01-02 03:04:30,493 [pool-1853-thread-1] INFO  server.RaftServerConfigKeys (ConfUtils.java:logGet(44)) - raft.server.rpc.timeout.max = 5200ms (custom)
2021-01-02 03:04:30,493 [pool-1853-thread-1] INFO  server.RaftServerConfigKeys (ConfUtils.java:logGet(44)) - raft.server.rpc.sleep.time = 25ms (default)
2021-01-02 03:04:30,493 [pool-1853-thread-1] INFO  server.RaftServerConfigKeys (ConfUtils.java:logGet(44)) - raft.server.rpc.slowness.timeout = 300s (custom)
2021-01-02 03:04:30,493 [pool-1853-thread-1] INFO  server.RaftServerConfigKeys (ConfUtils.java:logGet(44)) - raft.server.leaderelection.leader.step-down.wait-time = 10s (default)
2021-01-02 03:04:30,493 [pool-1853-thread-1] INFO  server.RaftServerConfigKeys (ConfUtils.java:logGet(44)) - raft.server.sleep.deviation.threshold = 300ms (default)
2021-01-02 03:04:30,493 [pool-1853-thread-1] INFO  server.RaftServerConfigKeys (ConfUtils.java:logGet(44)) - raft.server.log.appender.install.snapshot.enabled = false (custom)
2021-01-02 03:04:30,493 [pool-1853-thread-1] INFO  server.RaftServer$Division (ServerState.java:<init>(104)) - 68eed081-0a4c-49f2-9281-4facb9240b7e@group-3D3725907A1E: ConfigurationManager, init=-1: [68eed081-0a4c-49f2-9281-4facb9240b7e|rpc:172.17.0.2:41753|dataStream:, fdab6853-39d3-40b9-bd2b-4dc5726d5388|rpc:172.17.0.2:36251|dataStream:, 5beebed6-0501-4525-80c5-dff095c8ab2d|rpc:172.17.0.2:41017|dataStream:], old=null, confs=<EMPTY_MAP>
2021-01-02 03:04:30,493 [pool-1853-thread-1] INFO  server.RaftServerConfigKeys (ConfUtils.java:logGet(44)) - raft.server.storage.dir = [/github/workspace/mnt/ozone/hadoop-ozone/integration-test/target/test-dir/MiniOzoneClusterImpl-0875b59f-827e-470c-b6ab-7d6320bd5827/datanode-5/data/ratis] (custom)
2021-01-02 03:04:30,493 [pool-1853-thread-1] INFO  server.RaftServerConfigKeys (ConfUtils.java:logGet(44)) - raft.server.log.corruption.policy = EXCEPTION (default)
2021-01-02 03:04:30,494 [pool-1853-thread-1] INFO  storage.RaftStorageDirectory (RaftStorageDirectory.java:analyzeStorage(260)) - The storage directory /github/workspace/mnt/ozone/hadoop-ozone/integration-test/target/test-dir/MiniOzoneClusterImpl-0875b59f-827e-470c-b6ab-7d6320bd5827/datanode-5/data/ratis/e6a6e07f-d683-49c9-9cec-3d3725907a1e does not exist. Creating ...
2021-01-02 03:04:30,495 [pool-1853-thread-1] INFO  storage.RaftStorageDirectory (RaftStorageDirectory.java:tryLock(342)) - Lock on /github/workspace/mnt/ozone/hadoop-ozone/integration-test/target/test-dir/MiniOzoneClusterImpl-0875b59f-827e-470c-b6ab-7d6320bd5827/datanode-5/data/ratis/e6a6e07f-d683-49c9-9cec-3d3725907a1e/in_use.lock acquired by nodename 20532@e25e13fd87ad
2021-01-02 03:04:30,496 [pool-1853-thread-1] INFO  storage.RaftStorage (RaftStorage.java:format(89)) - Storage directory /github/workspace/mnt/ozone/hadoop-ozone/integration-test/target/test-dir/MiniOzoneClusterImpl-0875b59f-827e-470c-b6ab-7d6320bd5827/datanode-5/data/ratis/e6a6e07f-d683-49c9-9cec-3d3725907a1e has been successfully formatted.
2021-01-02 03:04:30,496 [pool-1853-thread-1] INFO  ratis.ContainerStateMachine (ContainerStateMachine.java:loadSnapshot(223)) - group-3D3725907A1E: The snapshot info is null. Setting the last applied indexto:(t:0, i:~)
2021-01-02 03:04:30,496 [pool-1853-thread-1] ERROR storage.RaftStorage (RaftStorage.java:readRaftConfiguration(152)) - Failed reading configuration from file:/github/workspace/mnt/ozone/hadoop-ozone/integration-test/target/test-dir/MiniOzoneClusterImpl-0875b59f-827e-470c-b6ab-7d6320bd5827/datanode-5/data/ratis/e6a6e07f-d683-49c9-9cec-3d3725907a1e/current/raft-meta.conf
java.io.FileNotFoundException: /github/workspace/mnt/ozone/hadoop-ozone/integration-test/target/test-dir/MiniOzoneClusterImpl-0875b59f-827e-470c-b6ab-7d6320bd5827/datanode-5/data/ratis/e6a6e07f-d683-49c9-9cec-3d3725907a1e/current/raft-meta.conf (No such file or directory)
	at java.io.FileInputStream.open0(Native Method)
	at java.io.FileInputStream.open(FileInputStream.java:195)
	at java.io.FileInputStream.<init>(FileInputStream.java:138)
	at org.apache.ratis.server.storage.RaftStorage.readRaftConfiguration(RaftStorage.java:148)
	at org.apache.ratis.server.impl.ServerState.initStatemachine(ServerState.java:167)
	at org.apache.ratis.server.impl.ServerState.<init>(ServerState.java:112)
	at org.apache.ratis.server.impl.RaftServerImpl.<init>(RaftServerImpl.java:186)
	at org.apache.ratis.server.impl.RaftServerProxy.lambda$newRaftServerImpl$4(RaftServerProxy.java:264)
	at java.util.concurrent.CompletableFuture$AsyncSupply.run(CompletableFuture.java:1604)
	at java.util.concurrent.ThreadPoolExecutor.runWorker(ThreadPoolExecutor.java:1149)
	at java.util.concurrent.ThreadPoolExecutor$Worker.run(ThreadPoolExecutor.java:624)
	at java.lang.Thread.run(Thread.java:748)
2021-01-02 03:04:30,497 [EventQueue-PipelineReportForOneReplicaPipelineSafeModeRule] INFO  safemode.SCMSafeModeManager (SCMSafeModeManager.java:validateSafeModeExitRules(214)) - AtleastOneDatanodeReportedRule rule is successfully validated
2021-01-02 03:04:30,497 [pool-1853-thread-1] INFO  server.RaftServerConfigKeys (ConfUtils.java:logGet(44)) - raft.server.notification.no-leader.timeout = 300s (custom)
2021-01-02 03:04:30,497 [pool-1853-thread-1] INFO  server.RaftServerConfigKeys (ConfUtils.java:logGet(44)) - raft.server.log.use.memory = false (default)
2021-01-02 03:04:30,497 [pool-1853-thread-1] INFO  server.RaftServerConfigKeys (ConfUtils.java:logGet(44)) - raft.server.log.purge.gap = 1000000 (custom)
2021-01-02 03:04:30,497 [pool-1853-thread-1] INFO  metrics.RatisMetrics (RatisMetrics.java:lambda$create$0(36)) - Creating Metrics Registry : ratis.log_worker.68eed081-0a4c-49f2-9281-4facb9240b7e@group-3D3725907A1E
2021-01-02 03:04:30,497 [pool-1853-thread-1] INFO  server.RaftServerConfigKeys (ConfUtils.java:logGet(44)) - raft.server.log.appender.buffer.byte-limit = 33554432 (custom)
2021-01-02 03:04:30,497 [pool-1853-thread-1] INFO  server.RaftServerConfigKeys (ConfUtils.java:logGet(44)) - raft.server.log.segment.size.max = 1048576 (custom)
2021-01-02 03:04:30,499 [pool-1853-thread-1] INFO  server.RaftServerConfigKeys (ConfUtils.java:logGet(44)) - raft.server.log.segment.cache.num.max = 2 (custom)
2021-01-02 03:04:30,499 [pool-1853-thread-1] INFO  server.RaftServerConfigKeys (ConfUtils.java:logGet(44)) - raft.server.log.segment.cache.size.max = 200MB (=209715200) (default)
2021-01-02 03:04:30,499 [pool-1853-thread-1] INFO  segmented.SegmentedRaftLogWorker (SegmentedRaftLogWorker.java:<init>(181)) - new 68eed081-0a4c-49f2-9281-4facb9240b7e@group-3D3725907A1E-SegmentedRaftLogWorker for RaftStorage:Storage Directory /github/workspace/mnt/ozone/hadoop-ozone/integration-test/target/test-dir/MiniOzoneClusterImpl-0875b59f-827e-470c-b6ab-7d6320bd5827/datanode-5/data/ratis/e6a6e07f-d683-49c9-9cec-3d3725907a1e
2021-01-02 03:04:30,499 [pool-1853-thread-1] INFO  server.RaftServerConfigKeys (ConfUtils.java:logGet(44)) - raft.server.log.queue.byte-limit = 2147483647 (custom)
2021-01-02 03:04:30,499 [pool-1853-thread-1] INFO  server.RaftServerConfigKeys (ConfUtils.java:logGet(44)) - raft.server.log.queue.element-limit = 1024 (custom)
2021-01-02 03:04:30,499 [pool-1853-thread-1] INFO  server.RaftServerConfigKeys (ConfUtils.java:logGet(44)) - raft.server.log.segment.size.max = 1048576 (custom)
2021-01-02 03:04:30,499 [pool-1853-thread-1] INFO  server.RaftServerConfigKeys (ConfUtils.java:logGet(44)) - raft.server.log.preallocated.size = 16384 (custom)
2021-01-02 03:04:30,499 [pool-1853-thread-1] INFO  server.RaftServerConfigKeys (ConfUtils.java:logGet(44)) - raft.server.log.force.sync.num = 128 (default)
2021-01-02 03:04:30,499 [pool-1853-thread-1] INFO  server.RaftServerConfigKeys (ConfUtils.java:logGet(44)) - raft.server.log.statemachine.data.sync = true (default)
2021-01-02 03:04:30,499 [pool-1853-thread-1] INFO  server.RaftServerConfigKeys (ConfUtils.java:logGet(44)) - raft.server.log.statemachine.data.sync.timeout = 10s (default)
2021-01-02 03:04:30,499 [pool-1853-thread-1] INFO  server.RaftServerConfigKeys (ConfUtils.java:logGet(44)) - raft.server.log.statemachine.data.sync.timeout.retry = -1 (default)
2021-01-02 03:04:30,503 [pool-1853-thread-1] INFO  server.RaftServerConfigKeys (ConfUtils.java:logGet(44)) - raft.server.log.write.buffer.size = 1048576 (custom)
2021-01-02 03:04:30,504 [pool-1853-thread-1] INFO  server.RaftServerConfigKeys (ConfUtils.java:logGet(44)) - raft.server.log.statemachine.data.caching.enabled = true (custom)
2021-01-02 03:04:30,504 [pool-1853-thread-1] INFO  segmented.SegmentedRaftLogWorker (SegmentedRaftLogWorker.java:lambda$new$0(132)) - 68eed081-0a4c-49f2-9281-4facb9240b7e@group-3D3725907A1E-SegmentedRaftLogWorker: flushIndex: setUnconditionally 0 -> -1
2021-01-02 03:04:30,504 [pool-1853-thread-1] INFO  segmented.SegmentedRaftLogWorker (SegmentedRaftLogWorker.java:lambda$new$0(132)) - 68eed081-0a4c-49f2-9281-4facb9240b7e@group-3D3725907A1E-SegmentedRaftLogWorker: safeCacheEvictIndex: setUnconditionally 0 -> -1
2021-01-02 03:04:30,504 [pool-1853-thread-1] INFO  server.RaftServerConfigKeys (ConfUtils.java:logGet(44)) - raft.server.snapshot.auto.trigger.enabled = true (custom)
2021-01-02 03:04:30,504 [pool-1853-thread-1] INFO  server.RaftServerConfigKeys (ConfUtils.java:logGet(44)) - raft.server.snapshot.auto.trigger.threshold = 10000 (custom)
2021-01-02 03:04:30,505 [pool-1853-thread-1] INFO  server.RaftServerConfigKeys (ConfUtils.java:logGet(44)) - raft.server.snapshot.retention.file.num = 5 (custom)
2021-01-02 03:04:30,505 [pool-1853-thread-1] INFO  server.RaftServerConfigKeys (ConfUtils.java:logGet(44)) - raft.server.log.purge.upto.snapshot.index = false (default)
2021-01-02 03:04:30,505 [pool-1853-thread-1] INFO  server.RaftServerConfigKeys (ConfUtils.java:logGet(44)) - raft.server.retrycache.expirytime = 600000ms (custom)
2021-01-02 03:04:30,505 [pool-1853-thread-1] INFO  server.RaftServerConfigKeys (ConfUtils.java:logGet(44)) - raft.server.retrycache.statistics.expirytime = 100?s (default)
2021-01-02 03:04:30,505 [pool-1853-thread-1] INFO  metrics.RatisMetrics (RatisMetrics.java:lambda$create$0(36)) - Creating Metrics Registry : ratis.leader_election.68eed081-0a4c-49f2-9281-4facb9240b7e@group-3D3725907A1E
2021-01-02 03:04:30,506 [pool-1853-thread-1] INFO  metrics.RatisMetrics (RatisMetrics.java:lambda$create$0(36)) - Creating Metrics Registry : ratis.server.68eed081-0a4c-49f2-9281-4facb9240b7e@group-3D3725907A1E
2021-01-02 03:04:30,509 [pool-1853-thread-1] INFO  server.RaftServer$Division (RaftServerImpl.java:start(286)) - 68eed081-0a4c-49f2-9281-4facb9240b7e@group-3D3725907A1E: start as a follower, conf=-1: [68eed081-0a4c-49f2-9281-4facb9240b7e|rpc:172.17.0.2:41753|dataStream:, fdab6853-39d3-40b9-bd2b-4dc5726d5388|rpc:172.17.0.2:36251|dataStream:, 5beebed6-0501-4525-80c5-dff095c8ab2d|rpc:172.17.0.2:41017|dataStream:], old=null
2021-01-02 03:04:30,509 [pool-1853-thread-1] INFO  server.RaftServer$Division (RaftServerImpl.java:setRole(275)) - 68eed081-0a4c-49f2-9281-4facb9240b7e@group-3D3725907A1E: changes role from      null to FOLLOWER at term 0 for startAsFollower
2021-01-02 03:04:30,509 [pool-1853-thread-1] INFO  impl.RoleInfo (RoleInfo.java:updateAndGet(130)) - 68eed081-0a4c-49f2-9281-4facb9240b7e: start 68eed081-0a4c-49f2-9281-4facb9240b7e@group-3D3725907A1E-FollowerState
2021-01-02 03:04:30,509 [pool-1853-thread-1] INFO  util.JmxRegister (JmxRegister.java:tryRegister(44)) - Successfully registered JMX Bean with object name Ratis:service=RaftServer,group=group-3D3725907A1E,id=68eed081-0a4c-49f2-9281-4facb9240b7e
2021-01-02 03:04:30,509 [pool-1853-thread-1] INFO  metrics.RatisMetrics (RatisMetrics.java:lambda$create$0(36)) - Creating Metrics Registry : ratis.state_machine.68eed081-0a4c-49f2-9281-4facb9240b7e@group-3D3725907A1E
2021-01-02 03:04:30,518 [Command processor thread] INFO  metrics.RatisMetrics (RatisMetrics.java:lambda$create$0(36)) - Creating Metrics Registry : ratis.client_message_metrics.client-4969436CFE46->5beebed6-0501-4525-80c5-dff095c8ab2d
2021-01-02 03:04:30,523 [grpc-default-executor-2] INFO  metrics.RatisMetrics (RatisMetrics.java:lambda$create$0(36)) - Creating Metrics Registry : ratis.server_message_metrics.5beebed6-0501-4525-80c5-dff095c8ab2d
2021-01-02 03:04:30,524 [grpc-default-executor-2] INFO  server.RaftServer (RaftServerProxy.java:addNew(93)) - 5beebed6-0501-4525-80c5-dff095c8ab2d: addNew group-3D3725907A1E:[68eed081-0a4c-49f2-9281-4facb9240b7e|rpc:172.17.0.2:41753|dataStream:, fdab6853-39d3-40b9-bd2b-4dc5726d5388|rpc:172.17.0.2:36251|dataStream:, 5beebed6-0501-4525-80c5-dff095c8ab2d|rpc:172.17.0.2:41017|dataStream:] returns group-3D3725907A1E:java.util.concurrent.CompletableFuture@2d2b40aa[Not completed]
2021-01-02 03:04:30,525 [pool-1837-thread-1] INFO  server.RaftServer$Division (RaftServerImpl.java:<init>(173)) - 5beebed6-0501-4525-80c5-dff095c8ab2d: new RaftServerImpl for group-3D3725907A1E:[68eed081-0a4c-49f2-9281-4facb9240b7e|rpc:172.17.0.2:41753|dataStream:, fdab6853-39d3-40b9-bd2b-4dc5726d5388|rpc:172.17.0.2:36251|dataStream:, 5beebed6-0501-4525-80c5-dff095c8ab2d|rpc:172.17.0.2:41017|dataStream:] with ContainerStateMachine:uninitialized
2021-01-02 03:04:30,525 [pool-1837-thread-1] INFO  server.RaftServerConfigKeys (ConfUtils.java:logGet(44)) - raft.server.rpc.timeout.min = 5s (custom)
2021-01-02 03:04:30,525 [pool-1837-thread-1] INFO  server.RaftServerConfigKeys (ConfUtils.java:logGet(44)) - raft.server.rpc.timeout.max = 5200ms (custom)
2021-01-02 03:04:30,525 [pool-1837-thread-1] INFO  server.RaftServerConfigKeys (ConfUtils.java:logGet(44)) - raft.server.rpc.sleep.time = 25ms (default)
2021-01-02 03:04:30,525 [pool-1837-thread-1] INFO  server.RaftServerConfigKeys (ConfUtils.java:logGet(44)) - raft.server.rpc.slowness.timeout = 300s (custom)
2021-01-02 03:04:30,525 [pool-1837-thread-1] INFO  server.RaftServerConfigKeys (ConfUtils.java:logGet(44)) - raft.server.leaderelection.leader.step-down.wait-time = 10s (default)
2021-01-02 03:04:30,526 [pool-1837-thread-1] INFO  server.RaftServerConfigKeys (ConfUtils.java:logGet(44)) - raft.server.sleep.deviation.threshold = 300ms (default)
2021-01-02 03:04:30,526 [pool-1837-thread-1] INFO  server.RaftServerConfigKeys (ConfUtils.java:logGet(44)) - raft.server.log.appender.install.snapshot.enabled = false (custom)
2021-01-02 03:04:30,526 [pool-1837-thread-1] INFO  server.RaftServer$Division (ServerState.java:<init>(104)) - 5beebed6-0501-4525-80c5-dff095c8ab2d@group-3D3725907A1E: ConfigurationManager, init=-1: [68eed081-0a4c-49f2-9281-4facb9240b7e|rpc:172.17.0.2:41753|dataStream:, fdab6853-39d3-40b9-bd2b-4dc5726d5388|rpc:172.17.0.2:36251|dataStream:, 5beebed6-0501-4525-80c5-dff095c8ab2d|rpc:172.17.0.2:41017|dataStream:], old=null, confs=<EMPTY_MAP>
2021-01-02 03:04:30,526 [pool-1837-thread-1] INFO  server.RaftServerConfigKeys (ConfUtils.java:logGet(44)) - raft.server.storage.dir = [/github/workspace/mnt/ozone/hadoop-ozone/integration-test/target/test-dir/MiniOzoneClusterImpl-0875b59f-827e-470c-b6ab-7d6320bd5827/datanode-4/data/ratis] (custom)
2021-01-02 03:04:30,526 [pool-1837-thread-1] INFO  server.RaftServerConfigKeys (ConfUtils.java:logGet(44)) - raft.server.log.corruption.policy = EXCEPTION (default)
2021-01-02 03:04:30,526 [pool-1837-thread-1] INFO  storage.RaftStorageDirectory (RaftStorageDirectory.java:analyzeStorage(260)) - The storage directory /github/workspace/mnt/ozone/hadoop-ozone/integration-test/target/test-dir/MiniOzoneClusterImpl-0875b59f-827e-470c-b6ab-7d6320bd5827/datanode-4/data/ratis/e6a6e07f-d683-49c9-9cec-3d3725907a1e does not exist. Creating ...
2021-01-02 03:04:30,527 [pool-1837-thread-1] INFO  storage.RaftStorageDirectory (RaftStorageDirectory.java:tryLock(342)) - Lock on /github/workspace/mnt/ozone/hadoop-ozone/integration-test/target/test-dir/MiniOzoneClusterImpl-0875b59f-827e-470c-b6ab-7d6320bd5827/datanode-4/data/ratis/e6a6e07f-d683-49c9-9cec-3d3725907a1e/in_use.lock acquired by nodename 20532@e25e13fd87ad
2021-01-02 03:04:30,528 [pool-1837-thread-1] INFO  storage.RaftStorage (RaftStorage.java:format(89)) - Storage directory /github/workspace/mnt/ozone/hadoop-ozone/integration-test/target/test-dir/MiniOzoneClusterImpl-0875b59f-827e-470c-b6ab-7d6320bd5827/datanode-4/data/ratis/e6a6e07f-d683-49c9-9cec-3d3725907a1e has been successfully formatted.
2021-01-02 03:04:30,528 [pool-1837-thread-1] INFO  ratis.ContainerStateMachine (ContainerStateMachine.java:loadSnapshot(223)) - group-3D3725907A1E: The snapshot info is null. Setting the last applied indexto:(t:0, i:~)
2021-01-02 03:04:30,529 [pool-1837-thread-1] ERROR storage.RaftStorage (RaftStorage.java:readRaftConfiguration(152)) - Failed reading configuration from file:/github/workspace/mnt/ozone/hadoop-ozone/integration-test/target/test-dir/MiniOzoneClusterImpl-0875b59f-827e-470c-b6ab-7d6320bd5827/datanode-4/data/ratis/e6a6e07f-d683-49c9-9cec-3d3725907a1e/current/raft-meta.conf
java.io.FileNotFoundException: /github/workspace/mnt/ozone/hadoop-ozone/integration-test/target/test-dir/MiniOzoneClusterImpl-0875b59f-827e-470c-b6ab-7d6320bd5827/datanode-4/data/ratis/e6a6e07f-d683-49c9-9cec-3d3725907a1e/current/raft-meta.conf (No such file or directory)
	at java.io.FileInputStream.open0(Native Method)
	at java.io.FileInputStream.open(FileInputStream.java:195)
	at java.io.FileInputStream.<init>(FileInputStream.java:138)
	at org.apache.ratis.server.storage.RaftStorage.readRaftConfiguration(RaftStorage.java:148)
	at org.apache.ratis.server.impl.ServerState.initStatemachine(ServerState.java:167)
	at org.apache.ratis.server.impl.ServerState.<init>(ServerState.java:112)
	at org.apache.ratis.server.impl.RaftServerImpl.<init>(RaftServerImpl.java:186)
	at org.apache.ratis.server.impl.RaftServerProxy.lambda$newRaftServerImpl$4(RaftServerProxy.java:264)
	at java.util.concurrent.CompletableFuture$AsyncSupply.run(CompletableFuture.java:1604)
	at java.util.concurrent.ThreadPoolExecutor.runWorker(ThreadPoolExecutor.java:1149)
	at java.util.concurrent.ThreadPoolExecutor$Worker.run(ThreadPoolExecutor.java:624)
	at java.lang.Thread.run(Thread.java:748)
2021-01-02 03:04:30,529 [EventQueue-PipelineReportForOneReplicaPipelineSafeModeRule] INFO  safemode.SCMSafeModeManager (SCMSafeModeManager.java:validateSafeModeExitRules(214)) - AtleastOneDatanodeReportedRule rule is successfully validated
2021-01-02 03:04:30,529 [pool-1837-thread-1] INFO  server.RaftServerConfigKeys (ConfUtils.java:logGet(44)) - raft.server.notification.no-leader.timeout = 300s (custom)
2021-01-02 03:04:30,529 [pool-1837-thread-1] INFO  server.RaftServerConfigKeys (ConfUtils.java:logGet(44)) - raft.server.log.use.memory = false (default)
2021-01-02 03:04:30,529 [pool-1837-thread-1] INFO  server.RaftServerConfigKeys (ConfUtils.java:logGet(44)) - raft.server.log.purge.gap = 1000000 (custom)
2021-01-02 03:04:30,529 [pool-1837-thread-1] INFO  metrics.RatisMetrics (RatisMetrics.java:lambda$create$0(36)) - Creating Metrics Registry : ratis.log_worker.5beebed6-0501-4525-80c5-dff095c8ab2d@group-3D3725907A1E
2021-01-02 03:04:30,530 [pool-1837-thread-1] INFO  server.RaftServerConfigKeys (ConfUtils.java:logGet(44)) - raft.server.log.appender.buffer.byte-limit = 33554432 (custom)
2021-01-02 03:04:30,530 [pool-1837-thread-1] INFO  server.RaftServerConfigKeys (ConfUtils.java:logGet(44)) - raft.server.log.segment.size.max = 1048576 (custom)
2021-01-02 03:04:30,531 [pool-1837-thread-1] INFO  server.RaftServerConfigKeys (ConfUtils.java:logGet(44)) - raft.server.log.segment.cache.num.max = 2 (custom)
2021-01-02 03:04:30,531 [pool-1837-thread-1] INFO  server.RaftServerConfigKeys (ConfUtils.java:logGet(44)) - raft.server.log.segment.cache.size.max = 200MB (=209715200) (default)
2021-01-02 03:04:30,531 [pool-1837-thread-1] INFO  segmented.SegmentedRaftLogWorker (SegmentedRaftLogWorker.java:<init>(181)) - new 5beebed6-0501-4525-80c5-dff095c8ab2d@group-3D3725907A1E-SegmentedRaftLogWorker for RaftStorage:Storage Directory /github/workspace/mnt/ozone/hadoop-ozone/integration-test/target/test-dir/MiniOzoneClusterImpl-0875b59f-827e-470c-b6ab-7d6320bd5827/datanode-4/data/ratis/e6a6e07f-d683-49c9-9cec-3d3725907a1e
2021-01-02 03:04:30,531 [pool-1837-thread-1] INFO  server.RaftServerConfigKeys (ConfUtils.java:logGet(44)) - raft.server.log.queue.byte-limit = 2147483647 (custom)
2021-01-02 03:04:30,531 [pool-1837-thread-1] INFO  server.RaftServerConfigKeys (ConfUtils.java:logGet(44)) - raft.server.log.queue.element-limit = 1024 (custom)
2021-01-02 03:04:30,531 [pool-1837-thread-1] INFO  server.RaftServerConfigKeys (ConfUtils.java:logGet(44)) - raft.server.log.segment.size.max = 1048576 (custom)
2021-01-02 03:04:30,532 [pool-1837-thread-1] INFO  server.RaftServerConfigKeys (ConfUtils.java:logGet(44)) - raft.server.log.preallocated.size = 16384 (custom)
2021-01-02 03:04:30,532 [pool-1837-thread-1] INFO  server.RaftServerConfigKeys (ConfUtils.java:logGet(44)) - raft.server.log.force.sync.num = 128 (default)
2021-01-02 03:04:30,532 [pool-1837-thread-1] INFO  server.RaftServerConfigKeys (ConfUtils.java:logGet(44)) - raft.server.log.statemachine.data.sync = true (default)
2021-01-02 03:04:30,532 [pool-1837-thread-1] INFO  server.RaftServerConfigKeys (ConfUtils.java:logGet(44)) - raft.server.log.statemachine.data.sync.timeout = 10s (default)
2021-01-02 03:04:30,532 [pool-1837-thread-1] INFO  server.RaftServerConfigKeys (ConfUtils.java:logGet(44)) - raft.server.log.statemachine.data.sync.timeout.retry = -1 (default)
2021-01-02 03:04:30,535 [pool-1837-thread-1] INFO  server.RaftServerConfigKeys (ConfUtils.java:logGet(44)) - raft.server.log.write.buffer.size = 1048576 (custom)
2021-01-02 03:04:30,536 [pool-1837-thread-1] INFO  server.RaftServerConfigKeys (ConfUtils.java:logGet(44)) - raft.server.log.statemachine.data.caching.enabled = true (custom)
2021-01-02 03:04:30,536 [pool-1837-thread-1] INFO  segmented.SegmentedRaftLogWorker (SegmentedRaftLogWorker.java:lambda$new$0(132)) - 5beebed6-0501-4525-80c5-dff095c8ab2d@group-3D3725907A1E-SegmentedRaftLogWorker: flushIndex: setUnconditionally 0 -> -1
2021-01-02 03:04:30,536 [pool-1837-thread-1] INFO  segmented.SegmentedRaftLogWorker (SegmentedRaftLogWorker.java:lambda$new$0(132)) - 5beebed6-0501-4525-80c5-dff095c8ab2d@group-3D3725907A1E-SegmentedRaftLogWorker: safeCacheEvictIndex: setUnconditionally 0 -> -1
2021-01-02 03:04:30,536 [pool-1837-thread-1] INFO  server.RaftServerConfigKeys (ConfUtils.java:logGet(44)) - raft.server.snapshot.auto.trigger.enabled = true (custom)
2021-01-02 03:04:30,536 [pool-1837-thread-1] INFO  server.RaftServerConfigKeys (ConfUtils.java:logGet(44)) - raft.server.snapshot.auto.trigger.threshold = 10000 (custom)
2021-01-02 03:04:30,536 [pool-1837-thread-1] INFO  server.RaftServerConfigKeys (ConfUtils.java:logGet(44)) - raft.server.snapshot.retention.file.num = 5 (custom)
2021-01-02 03:04:30,536 [pool-1837-thread-1] INFO  server.RaftServerConfigKeys (ConfUtils.java:logGet(44)) - raft.server.log.purge.upto.snapshot.index = false (default)
2021-01-02 03:04:30,537 [pool-1837-thread-1] INFO  server.RaftServerConfigKeys (ConfUtils.java:logGet(44)) - raft.server.retrycache.expirytime = 600000ms (custom)
2021-01-02 03:04:30,537 [pool-1837-thread-1] INFO  server.RaftServerConfigKeys (ConfUtils.java:logGet(44)) - raft.server.retrycache.statistics.expirytime = 100?s (default)
2021-01-02 03:04:30,537 [pool-1837-thread-1] INFO  metrics.RatisMetrics (RatisMetrics.java:lambda$create$0(36)) - Creating Metrics Registry : ratis.leader_election.5beebed6-0501-4525-80c5-dff095c8ab2d@group-3D3725907A1E
2021-01-02 03:04:30,538 [pool-1837-thread-1] INFO  metrics.RatisMetrics (RatisMetrics.java:lambda$create$0(36)) - Creating Metrics Registry : ratis.server.5beebed6-0501-4525-80c5-dff095c8ab2d@group-3D3725907A1E
2021-01-02 03:04:30,541 [pool-1837-thread-1] INFO  server.RaftServer$Division (RaftServerImpl.java:start(286)) - 5beebed6-0501-4525-80c5-dff095c8ab2d@group-3D3725907A1E: start as a follower, conf=-1: [68eed081-0a4c-49f2-9281-4facb9240b7e|rpc:172.17.0.2:41753|dataStream:, fdab6853-39d3-40b9-bd2b-4dc5726d5388|rpc:172.17.0.2:36251|dataStream:, 5beebed6-0501-4525-80c5-dff095c8ab2d|rpc:172.17.0.2:41017|dataStream:], old=null
2021-01-02 03:04:30,541 [pool-1837-thread-1] INFO  server.RaftServer$Division (RaftServerImpl.java:setRole(275)) - 5beebed6-0501-4525-80c5-dff095c8ab2d@group-3D3725907A1E: changes role from      null to FOLLOWER at term 0 for startAsFollower
2021-01-02 03:04:30,541 [pool-1837-thread-1] INFO  impl.RoleInfo (RoleInfo.java:updateAndGet(130)) - 5beebed6-0501-4525-80c5-dff095c8ab2d: start 5beebed6-0501-4525-80c5-dff095c8ab2d@group-3D3725907A1E-FollowerState
2021-01-02 03:04:30,541 [pool-1837-thread-1] INFO  util.JmxRegister (JmxRegister.java:tryRegister(44)) - Successfully registered JMX Bean with object name Ratis:service=RaftServer,group=group-3D3725907A1E,id=5beebed6-0501-4525-80c5-dff095c8ab2d
2021-01-02 03:04:30,541 [pool-1837-thread-1] INFO  metrics.RatisMetrics (RatisMetrics.java:lambda$create$0(36)) - Creating Metrics Registry : ratis.state_machine.5beebed6-0501-4525-80c5-dff095c8ab2d@group-3D3725907A1E
2021-01-02 03:04:30,547 [Command processor thread] INFO  commandhandler.CreatePipelineCommandHandler (CreatePipelineCommandHandler.java:handle(106)) - Created Pipeline RATIS THREE PipelineID=e6a6e07f-d683-49c9-9cec-3d3725907a1e.
2021-01-02 03:04:30,648 [Command processor thread] INFO  server.RaftServer (RaftServerProxy.java:addNew(93)) - 5beebed6-0501-4525-80c5-dff095c8ab2d: addNew group-135A2C030FBE:[5beebed6-0501-4525-80c5-dff095c8ab2d|rpc:172.17.0.2:41017] returns group-135A2C030FBE:java.util.concurrent.CompletableFuture@242c2789[Not completed]
2021-01-02 03:04:30,649 [pool-1837-thread-1] INFO  server.RaftServer$Division (RaftServerImpl.java:<init>(173)) - 5beebed6-0501-4525-80c5-dff095c8ab2d: new RaftServerImpl for group-135A2C030FBE:[5beebed6-0501-4525-80c5-dff095c8ab2d|rpc:172.17.0.2:41017] with ContainerStateMachine:uninitialized
2021-01-02 03:04:30,649 [pool-1837-thread-1] INFO  server.RaftServerConfigKeys (ConfUtils.java:logGet(44)) - raft.server.rpc.timeout.min = 5s (custom)
2021-01-02 03:04:30,649 [pool-1837-thread-1] INFO  server.RaftServerConfigKeys (ConfUtils.java:logGet(44)) - raft.server.rpc.timeout.max = 5200ms (custom)
2021-01-02 03:04:30,649 [pool-1837-thread-1] INFO  server.RaftServerConfigKeys (ConfUtils.java:logGet(44)) - raft.server.rpc.sleep.time = 25ms (default)
2021-01-02 03:04:30,649 [pool-1837-thread-1] INFO  server.RaftServerConfigKeys (ConfUtils.java:logGet(44)) - raft.server.rpc.slowness.timeout = 300s (custom)
2021-01-02 03:04:30,649 [pool-1837-thread-1] INFO  server.RaftServerConfigKeys (ConfUtils.java:logGet(44)) - raft.server.leaderelection.leader.step-down.wait-time = 10s (default)
2021-01-02 03:04:30,649 [pool-1837-thread-1] INFO  server.RaftServerConfigKeys (ConfUtils.java:logGet(44)) - raft.server.sleep.deviation.threshold = 300ms (default)
2021-01-02 03:04:30,649 [pool-1837-thread-1] INFO  server.RaftServerConfigKeys (ConfUtils.java:logGet(44)) - raft.server.log.appender.install.snapshot.enabled = false (custom)
2021-01-02 03:04:30,649 [pool-1837-thread-1] INFO  server.RaftServer$Division (ServerState.java:<init>(104)) - 5beebed6-0501-4525-80c5-dff095c8ab2d@group-135A2C030FBE: ConfigurationManager, init=-1: [5beebed6-0501-4525-80c5-dff095c8ab2d|rpc:172.17.0.2:41017], old=null, confs=<EMPTY_MAP>
2021-01-02 03:04:30,649 [pool-1837-thread-1] INFO  server.RaftServerConfigKeys (ConfUtils.java:logGet(44)) - raft.server.storage.dir = [/github/workspace/mnt/ozone/hadoop-ozone/integration-test/target/test-dir/MiniOzoneClusterImpl-0875b59f-827e-470c-b6ab-7d6320bd5827/datanode-4/data/ratis] (custom)
2021-01-02 03:04:30,649 [pool-1837-thread-1] INFO  server.RaftServerConfigKeys (ConfUtils.java:logGet(44)) - raft.server.log.corruption.policy = EXCEPTION (default)
2021-01-02 03:04:30,650 [pool-1837-thread-1] INFO  storage.RaftStorageDirectory (RaftStorageDirectory.java:analyzeStorage(260)) - The storage directory /github/workspace/mnt/ozone/hadoop-ozone/integration-test/target/test-dir/MiniOzoneClusterImpl-0875b59f-827e-470c-b6ab-7d6320bd5827/datanode-4/data/ratis/613a063c-d7e0-43a7-89b6-135a2c030fbe does not exist. Creating ...
2021-01-02 03:04:30,651 [pool-1837-thread-1] INFO  storage.RaftStorageDirectory (RaftStorageDirectory.java:tryLock(342)) - Lock on /github/workspace/mnt/ozone/hadoop-ozone/integration-test/target/test-dir/MiniOzoneClusterImpl-0875b59f-827e-470c-b6ab-7d6320bd5827/datanode-4/data/ratis/613a063c-d7e0-43a7-89b6-135a2c030fbe/in_use.lock acquired by nodename 20532@e25e13fd87ad
2021-01-02 03:04:30,652 [pool-1837-thread-1] INFO  storage.RaftStorage (RaftStorage.java:format(89)) - Storage directory /github/workspace/mnt/ozone/hadoop-ozone/integration-test/target/test-dir/MiniOzoneClusterImpl-0875b59f-827e-470c-b6ab-7d6320bd5827/datanode-4/data/ratis/613a063c-d7e0-43a7-89b6-135a2c030fbe has been successfully formatted.
2021-01-02 03:04:30,653 [pool-1837-thread-1] INFO  ratis.ContainerStateMachine (ContainerStateMachine.java:loadSnapshot(223)) - group-135A2C030FBE: The snapshot info is null. Setting the last applied indexto:(t:0, i:~)
2021-01-02 03:04:30,653 [pool-1837-thread-1] ERROR storage.RaftStorage (RaftStorage.java:readRaftConfiguration(152)) - Failed reading configuration from file:/github/workspace/mnt/ozone/hadoop-ozone/integration-test/target/test-dir/MiniOzoneClusterImpl-0875b59f-827e-470c-b6ab-7d6320bd5827/datanode-4/data/ratis/613a063c-d7e0-43a7-89b6-135a2c030fbe/current/raft-meta.conf
java.io.FileNotFoundException: /github/workspace/mnt/ozone/hadoop-ozone/integration-test/target/test-dir/MiniOzoneClusterImpl-0875b59f-827e-470c-b6ab-7d6320bd5827/datanode-4/data/ratis/613a063c-d7e0-43a7-89b6-135a2c030fbe/current/raft-meta.conf (No such file or directory)
	at java.io.FileInputStream.open0(Native Method)
	at java.io.FileInputStream.open(FileInputStream.java:195)
	at java.io.FileInputStream.<init>(FileInputStream.java:138)
	at org.apache.ratis.server.storage.RaftStorage.readRaftConfiguration(RaftStorage.java:148)
	at org.apache.ratis.server.impl.ServerState.initStatemachine(ServerState.java:167)
	at org.apache.ratis.server.impl.ServerState.<init>(ServerState.java:112)
	at org.apache.ratis.server.impl.RaftServerImpl.<init>(RaftServerImpl.java:186)
	at org.apache.ratis.server.impl.RaftServerProxy.lambda$newRaftServerImpl$4(RaftServerProxy.java:264)
	at java.util.concurrent.CompletableFuture$AsyncSupply.run(CompletableFuture.java:1604)
	at java.util.concurrent.ThreadPoolExecutor.runWorker(ThreadPoolExecutor.java:1149)
	at java.util.concurrent.ThreadPoolExecutor$Worker.run(ThreadPoolExecutor.java:624)
	at java.lang.Thread.run(Thread.java:748)
2021-01-02 03:04:30,653 [pool-1837-thread-1] INFO  server.RaftServerConfigKeys (ConfUtils.java:logGet(44)) - raft.server.notification.no-leader.timeout = 300s (custom)
2021-01-02 03:04:30,653 [pool-1837-thread-1] INFO  server.RaftServerConfigKeys (ConfUtils.java:logGet(44)) - raft.server.log.use.memory = false (default)
2021-01-02 03:04:30,653 [pool-1837-thread-1] INFO  server.RaftServerConfigKeys (ConfUtils.java:logGet(44)) - raft.server.log.purge.gap = 1000000 (custom)
2021-01-02 03:04:30,653 [pool-1837-thread-1] INFO  metrics.RatisMetrics (RatisMetrics.java:lambda$create$0(36)) - Creating Metrics Registry : ratis.log_worker.5beebed6-0501-4525-80c5-dff095c8ab2d@group-135A2C030FBE
2021-01-02 03:04:30,653 [pool-1837-thread-1] INFO  server.RaftServerConfigKeys (ConfUtils.java:logGet(44)) - raft.server.log.appender.buffer.byte-limit = 33554432 (custom)
2021-01-02 03:04:30,654 [pool-1837-thread-1] INFO  server.RaftServerConfigKeys (ConfUtils.java:logGet(44)) - raft.server.log.segment.size.max = 1048576 (custom)
2021-01-02 03:04:30,655 [pool-1837-thread-1] INFO  server.RaftServerConfigKeys (ConfUtils.java:logGet(44)) - raft.server.log.segment.cache.num.max = 2 (custom)
2021-01-02 03:04:30,655 [pool-1837-thread-1] INFO  server.RaftServerConfigKeys (ConfUtils.java:logGet(44)) - raft.server.log.segment.cache.size.max = 200MB (=209715200) (default)
2021-01-02 03:04:30,655 [pool-1837-thread-1] INFO  segmented.SegmentedRaftLogWorker (SegmentedRaftLogWorker.java:<init>(181)) - new 5beebed6-0501-4525-80c5-dff095c8ab2d@group-135A2C030FBE-SegmentedRaftLogWorker for RaftStorage:Storage Directory /github/workspace/mnt/ozone/hadoop-ozone/integration-test/target/test-dir/MiniOzoneClusterImpl-0875b59f-827e-470c-b6ab-7d6320bd5827/datanode-4/data/ratis/613a063c-d7e0-43a7-89b6-135a2c030fbe
2021-01-02 03:04:30,655 [pool-1837-thread-1] INFO  server.RaftServerConfigKeys (ConfUtils.java:logGet(44)) - raft.server.log.queue.byte-limit = 2147483647 (custom)
2021-01-02 03:04:30,655 [pool-1837-thread-1] INFO  server.RaftServerConfigKeys (ConfUtils.java:logGet(44)) - raft.server.log.queue.element-limit = 1024 (custom)
2021-01-02 03:04:30,655 [pool-1837-thread-1] INFO  server.RaftServerConfigKeys (ConfUtils.java:logGet(44)) - raft.server.log.segment.size.max = 1048576 (custom)
2021-01-02 03:04:30,655 [pool-1837-thread-1] INFO  server.RaftServerConfigKeys (ConfUtils.java:logGet(44)) - raft.server.log.preallocated.size = 16384 (custom)
2021-01-02 03:04:30,655 [pool-1837-thread-1] INFO  server.RaftServerConfigKeys (ConfUtils.java:logGet(44)) - raft.server.log.force.sync.num = 128 (default)
2021-01-02 03:04:30,655 [pool-1837-thread-1] INFO  server.RaftServerConfigKeys (ConfUtils.java:logGet(44)) - raft.server.log.statemachine.data.sync = true (default)
2021-01-02 03:04:30,656 [pool-1837-thread-1] INFO  server.RaftServerConfigKeys (ConfUtils.java:logGet(44)) - raft.server.log.statemachine.data.sync.timeout = 10s (default)
2021-01-02 03:04:30,656 [pool-1837-thread-1] INFO  server.RaftServerConfigKeys (ConfUtils.java:logGet(44)) - raft.server.log.statemachine.data.sync.timeout.retry = -1 (default)
2021-01-02 03:04:30,659 [EventQueue-PipelineReportForPipelineReportHandler] INFO  pipeline.PipelineStateManager (PipelineStateManager.java:openPipeline(132)) - Pipeline Pipeline[ Id: 613a063c-d7e0-43a7-89b6-135a2c030fbe, Nodes: 5beebed6-0501-4525-80c5-dff095c8ab2d{ip: 172.17.0.2, host: e25e13fd87ad, networkLocation: /default-rack, certSerialId: null, persistedOpState: IN_SERVICE, persistedOpStateExpiryEpochSec: 0}, Type:RATIS, Factor:ONE, State:ALLOCATED, leaderId:5beebed6-0501-4525-80c5-dff095c8ab2d, CreationTimestamp2021-01-02T03:04:27.649Z] moved to OPEN state
2021-01-02 03:04:30,659 [EventQueue-OpenPipelineForHealthyPipelineSafeModeRule] INFO  safemode.SCMSafeModeManager (HealthyPipelineSafeModeRule.java:process(128)) - SCM in safe mode. Healthy pipelines reported count is 0, required healthy pipeline reported count is 1
2021-01-02 03:04:30,659 [EventQueue-PipelineReportForOneReplicaPipelineSafeModeRule] INFO  safemode.SCMSafeModeManager (SCMSafeModeManager.java:validateSafeModeExitRules(214)) - AtleastOneDatanodeReportedRule rule is successfully validated
2021-01-02 03:04:30,660 [pool-1837-thread-1] INFO  server.RaftServerConfigKeys (ConfUtils.java:logGet(44)) - raft.server.log.write.buffer.size = 1048576 (custom)
2021-01-02 03:04:30,661 [pool-1837-thread-1] INFO  server.RaftServerConfigKeys (ConfUtils.java:logGet(44)) - raft.server.log.statemachine.data.caching.enabled = true (custom)
2021-01-02 03:04:30,661 [pool-1837-thread-1] INFO  segmented.SegmentedRaftLogWorker (SegmentedRaftLogWorker.java:lambda$new$0(132)) - 5beebed6-0501-4525-80c5-dff095c8ab2d@group-135A2C030FBE-SegmentedRaftLogWorker: flushIndex: setUnconditionally 0 -> -1
2021-01-02 03:04:30,661 [pool-1837-thread-1] INFO  segmented.SegmentedRaftLogWorker (SegmentedRaftLogWorker.java:lambda$new$0(132)) - 5beebed6-0501-4525-80c5-dff095c8ab2d@group-135A2C030FBE-SegmentedRaftLogWorker: safeCacheEvictIndex: setUnconditionally 0 -> -1
2021-01-02 03:04:30,661 [pool-1837-thread-1] INFO  server.RaftServerConfigKeys (ConfUtils.java:logGet(44)) - raft.server.snapshot.auto.trigger.enabled = true (custom)
2021-01-02 03:04:30,661 [pool-1837-thread-1] INFO  server.RaftServerConfigKeys (ConfUtils.java:logGet(44)) - raft.server.snapshot.auto.trigger.threshold = 10000 (custom)
2021-01-02 03:04:30,661 [pool-1837-thread-1] INFO  server.RaftServerConfigKeys (ConfUtils.java:logGet(44)) - raft.server.snapshot.retention.file.num = 5 (custom)
2021-01-02 03:04:30,662 [pool-1837-thread-1] INFO  server.RaftServerConfigKeys (ConfUtils.java:logGet(44)) - raft.server.log.purge.upto.snapshot.index = false (default)
2021-01-02 03:04:30,662 [pool-1837-thread-1] INFO  server.RaftServerConfigKeys (ConfUtils.java:logGet(44)) - raft.server.retrycache.expirytime = 600000ms (custom)
2021-01-02 03:04:30,662 [pool-1837-thread-1] INFO  server.RaftServerConfigKeys (ConfUtils.java:logGet(44)) - raft.server.retrycache.statistics.expirytime = 100?s (default)
2021-01-02 03:04:30,662 [pool-1837-thread-1] INFO  metrics.RatisMetrics (RatisMetrics.java:lambda$create$0(36)) - Creating Metrics Registry : ratis.leader_election.5beebed6-0501-4525-80c5-dff095c8ab2d@group-135A2C030FBE
2021-01-02 03:04:30,663 [pool-1837-thread-1] INFO  metrics.RatisMetrics (RatisMetrics.java:lambda$create$0(36)) - Creating Metrics Registry : ratis.server.5beebed6-0501-4525-80c5-dff095c8ab2d@group-135A2C030FBE
2021-01-02 03:04:30,665 [pool-1837-thread-1] INFO  server.RaftServer$Division (RaftServerImpl.java:start(286)) - 5beebed6-0501-4525-80c5-dff095c8ab2d@group-135A2C030FBE: start as a follower, conf=-1: [5beebed6-0501-4525-80c5-dff095c8ab2d|rpc:172.17.0.2:41017], old=null
2021-01-02 03:04:30,665 [pool-1837-thread-1] INFO  server.RaftServer$Division (RaftServerImpl.java:setRole(275)) - 5beebed6-0501-4525-80c5-dff095c8ab2d@group-135A2C030FBE: changes role from      null to FOLLOWER at term 0 for startAsFollower
2021-01-02 03:04:30,665 [pool-1837-thread-1] INFO  impl.RoleInfo (RoleInfo.java:updateAndGet(130)) - 5beebed6-0501-4525-80c5-dff095c8ab2d: start 5beebed6-0501-4525-80c5-dff095c8ab2d@group-135A2C030FBE-FollowerState
2021-01-02 03:04:30,666 [pool-1837-thread-1] INFO  util.JmxRegister (JmxRegister.java:tryRegister(44)) - Successfully registered JMX Bean with object name Ratis:service=RaftServer,group=group-135A2C030FBE,id=5beebed6-0501-4525-80c5-dff095c8ab2d
2021-01-02 03:04:30,666 [pool-1837-thread-1] INFO  metrics.RatisMetrics (RatisMetrics.java:lambda$create$0(36)) - Creating Metrics Registry : ratis.state_machine.5beebed6-0501-4525-80c5-dff095c8ab2d@group-135A2C030FBE
2021-01-02 03:04:30,667 [Command processor thread] INFO  commandhandler.CreatePipelineCommandHandler (CreatePipelineCommandHandler.java:handle(106)) - Created Pipeline RATIS ONE PipelineID=613a063c-d7e0-43a7-89b6-135a2c030fbe.
2021-01-02 03:04:30,767 [EventQueue-PipelineReportForOneReplicaPipelineSafeModeRule] INFO  safemode.SCMSafeModeManager (SCMSafeModeManager.java:validateSafeModeExitRules(214)) - AtleastOneDatanodeReportedRule rule is successfully validated
2021-01-02 03:04:30,767 [EventQueue-OpenPipelineForHealthyPipelineSafeModeRule] INFO  safemode.SCMSafeModeManager (HealthyPipelineSafeModeRule.java:process(128)) - SCM in safe mode. Healthy pipelines reported count is 0, required healthy pipeline reported count is 1
2021-01-02 03:04:30,858 [Listener at 127.0.0.1/38109] INFO  ozone.MiniOzoneClusterImpl (MiniOzoneClusterImpl.java:lambda$waitForClusterToBeReady$0(178)) - Nodes are ready. Got 6 of 6 DN Heartbeats.
2021-01-02 03:04:30,858 [Listener at 127.0.0.1/38109] INFO  ozone.MiniOzoneClusterImpl (MiniOzoneClusterImpl.java:lambda$waitForClusterToBeReady$0(181)) - Waiting for cluster to exit safe mode
2021-01-02 03:04:30,858 [Command processor thread] INFO  server.RaftServer (RaftServerProxy.java:addNew(93)) - 68eed081-0a4c-49f2-9281-4facb9240b7e: addNew group-CD07572AE854:[68eed081-0a4c-49f2-9281-4facb9240b7e|rpc:172.17.0.2:41753] returns group-CD07572AE854:java.util.concurrent.CompletableFuture@5172f751[Not completed]
2021-01-02 03:04:30,859 [pool-1853-thread-1] INFO  server.RaftServer$Division (RaftServerImpl.java:<init>(173)) - 68eed081-0a4c-49f2-9281-4facb9240b7e: new RaftServerImpl for group-CD07572AE854:[68eed081-0a4c-49f2-9281-4facb9240b7e|rpc:172.17.0.2:41753] with ContainerStateMachine:uninitialized
2021-01-02 03:04:30,859 [pool-1853-thread-1] INFO  server.RaftServerConfigKeys (ConfUtils.java:logGet(44)) - raft.server.rpc.timeout.min = 5s (custom)
2021-01-02 03:04:30,859 [pool-1853-thread-1] INFO  server.RaftServerConfigKeys (ConfUtils.java:logGet(44)) - raft.server.rpc.timeout.max = 5200ms (custom)
2021-01-02 03:04:30,859 [pool-1853-thread-1] INFO  server.RaftServerConfigKeys (ConfUtils.java:logGet(44)) - raft.server.rpc.sleep.time = 25ms (default)
2021-01-02 03:04:30,859 [pool-1853-thread-1] INFO  server.RaftServerConfigKeys (ConfUtils.java:logGet(44)) - raft.server.rpc.slowness.timeout = 300s (custom)
2021-01-02 03:04:30,859 [pool-1853-thread-1] INFO  server.RaftServerConfigKeys (ConfUtils.java:logGet(44)) - raft.server.leaderelection.leader.step-down.wait-time = 10s (default)
2021-01-02 03:04:30,859 [pool-1853-thread-1] INFO  server.RaftServerConfigKeys (ConfUtils.java:logGet(44)) - raft.server.sleep.deviation.threshold = 300ms (default)
2021-01-02 03:04:30,859 [pool-1853-thread-1] INFO  server.RaftServerConfigKeys (ConfUtils.java:logGet(44)) - raft.server.log.appender.install.snapshot.enabled = false (custom)
2021-01-02 03:04:30,859 [pool-1853-thread-1] INFO  server.RaftServer$Division (ServerState.java:<init>(104)) - 68eed081-0a4c-49f2-9281-4facb9240b7e@group-CD07572AE854: ConfigurationManager, init=-1: [68eed081-0a4c-49f2-9281-4facb9240b7e|rpc:172.17.0.2:41753], old=null, confs=<EMPTY_MAP>
2021-01-02 03:04:30,859 [pool-1853-thread-1] INFO  server.RaftServerConfigKeys (ConfUtils.java:logGet(44)) - raft.server.storage.dir = [/github/workspace/mnt/ozone/hadoop-ozone/integration-test/target/test-dir/MiniOzoneClusterImpl-0875b59f-827e-470c-b6ab-7d6320bd5827/datanode-5/data/ratis] (custom)
2021-01-02 03:04:30,860 [pool-1853-thread-1] INFO  server.RaftServerConfigKeys (ConfUtils.java:logGet(44)) - raft.server.log.corruption.policy = EXCEPTION (default)
2021-01-02 03:04:30,860 [pool-1853-thread-1] INFO  storage.RaftStorageDirectory (RaftStorageDirectory.java:analyzeStorage(260)) - The storage directory /github/workspace/mnt/ozone/hadoop-ozone/integration-test/target/test-dir/MiniOzoneClusterImpl-0875b59f-827e-470c-b6ab-7d6320bd5827/datanode-5/data/ratis/cae66dc0-aff1-4415-a378-cd07572ae854 does not exist. Creating ...
2021-01-02 03:04:30,861 [pool-1853-thread-1] INFO  storage.RaftStorageDirectory (RaftStorageDirectory.java:tryLock(342)) - Lock on /github/workspace/mnt/ozone/hadoop-ozone/integration-test/target/test-dir/MiniOzoneClusterImpl-0875b59f-827e-470c-b6ab-7d6320bd5827/datanode-5/data/ratis/cae66dc0-aff1-4415-a378-cd07572ae854/in_use.lock acquired by nodename 20532@e25e13fd87ad
2021-01-02 03:04:30,863 [pool-1853-thread-1] INFO  storage.RaftStorage (RaftStorage.java:format(89)) - Storage directory /github/workspace/mnt/ozone/hadoop-ozone/integration-test/target/test-dir/MiniOzoneClusterImpl-0875b59f-827e-470c-b6ab-7d6320bd5827/datanode-5/data/ratis/cae66dc0-aff1-4415-a378-cd07572ae854 has been successfully formatted.
2021-01-02 03:04:30,863 [pool-1853-thread-1] INFO  ratis.ContainerStateMachine (ContainerStateMachine.java:loadSnapshot(223)) - group-CD07572AE854: The snapshot info is null. Setting the last applied indexto:(t:0, i:~)
2021-01-02 03:04:30,863 [pool-1853-thread-1] ERROR storage.RaftStorage (RaftStorage.java:readRaftConfiguration(152)) - Failed reading configuration from file:/github/workspace/mnt/ozone/hadoop-ozone/integration-test/target/test-dir/MiniOzoneClusterImpl-0875b59f-827e-470c-b6ab-7d6320bd5827/datanode-5/data/ratis/cae66dc0-aff1-4415-a378-cd07572ae854/current/raft-meta.conf
java.io.FileNotFoundException: /github/workspace/mnt/ozone/hadoop-ozone/integration-test/target/test-dir/MiniOzoneClusterImpl-0875b59f-827e-470c-b6ab-7d6320bd5827/datanode-5/data/ratis/cae66dc0-aff1-4415-a378-cd07572ae854/current/raft-meta.conf (No such file or directory)
	at java.io.FileInputStream.open0(Native Method)
	at java.io.FileInputStream.open(FileInputStream.java:195)
	at java.io.FileInputStream.<init>(FileInputStream.java:138)
	at org.apache.ratis.server.storage.RaftStorage.readRaftConfiguration(RaftStorage.java:148)
	at org.apache.ratis.server.impl.ServerState.initStatemachine(ServerState.java:167)
	at org.apache.ratis.server.impl.ServerState.<init>(ServerState.java:112)
	at org.apache.ratis.server.impl.RaftServerImpl.<init>(RaftServerImpl.java:186)
	at org.apache.ratis.server.impl.RaftServerProxy.lambda$newRaftServerImpl$4(RaftServerProxy.java:264)
	at java.util.concurrent.CompletableFuture$AsyncSupply.run(CompletableFuture.java:1604)
	at java.util.concurrent.ThreadPoolExecutor.runWorker(ThreadPoolExecutor.java:1149)
	at java.util.concurrent.ThreadPoolExecutor$Worker.run(ThreadPoolExecutor.java:624)
	at java.lang.Thread.run(Thread.java:748)
2021-01-02 03:04:30,864 [pool-1853-thread-1] INFO  server.RaftServerConfigKeys (ConfUtils.java:logGet(44)) - raft.server.notification.no-leader.timeout = 300s (custom)
2021-01-02 03:04:30,864 [pool-1853-thread-1] INFO  server.RaftServerConfigKeys (ConfUtils.java:logGet(44)) - raft.server.log.use.memory = false (default)
2021-01-02 03:04:30,864 [pool-1853-thread-1] INFO  server.RaftServerConfigKeys (ConfUtils.java:logGet(44)) - raft.server.log.purge.gap = 1000000 (custom)
2021-01-02 03:04:30,864 [pool-1853-thread-1] INFO  metrics.RatisMetrics (RatisMetrics.java:lambda$create$0(36)) - Creating Metrics Registry : ratis.log_worker.68eed081-0a4c-49f2-9281-4facb9240b7e@group-CD07572AE854
2021-01-02 03:04:30,864 [EventQueue-PipelineReportForOneReplicaPipelineSafeModeRule] INFO  safemode.SCMSafeModeManager (SCMSafeModeManager.java:validateSafeModeExitRules(214)) - AtleastOneDatanodeReportedRule rule is successfully validated
2021-01-02 03:04:30,864 [EventQueue-PipelineReportForPipelineReportHandler] INFO  pipeline.PipelineStateManager (PipelineStateManager.java:openPipeline(132)) - Pipeline Pipeline[ Id: cae66dc0-aff1-4415-a378-cd07572ae854, Nodes: 68eed081-0a4c-49f2-9281-4facb9240b7e{ip: 172.17.0.2, host: e25e13fd87ad, networkLocation: /default-rack, certSerialId: null, persistedOpState: IN_SERVICE, persistedOpStateExpiryEpochSec: 0}, Type:RATIS, Factor:ONE, State:ALLOCATED, leaderId:68eed081-0a4c-49f2-9281-4facb9240b7e, CreationTimestamp2021-01-02T03:04:27.860Z] moved to OPEN state
2021-01-02 03:04:30,864 [EventQueue-OpenPipelineForHealthyPipelineSafeModeRule] INFO  safemode.SCMSafeModeManager (HealthyPipelineSafeModeRule.java:process(128)) - SCM in safe mode. Healthy pipelines reported count is 0, required healthy pipeline reported count is 1
2021-01-02 03:04:30,865 [pool-1853-thread-1] INFO  server.RaftServerConfigKeys (ConfUtils.java:logGet(44)) - raft.server.log.appender.buffer.byte-limit = 33554432 (custom)
2021-01-02 03:04:30,865 [pool-1853-thread-1] INFO  server.RaftServerConfigKeys (ConfUtils.java:logGet(44)) - raft.server.log.segment.size.max = 1048576 (custom)
2021-01-02 03:04:30,866 [pool-1853-thread-1] INFO  server.RaftServerConfigKeys (ConfUtils.java:logGet(44)) - raft.server.log.segment.cache.num.max = 2 (custom)
2021-01-02 03:04:30,866 [pool-1853-thread-1] INFO  server.RaftServerConfigKeys (ConfUtils.java:logGet(44)) - raft.server.log.segment.cache.size.max = 200MB (=209715200) (default)
2021-01-02 03:04:30,866 [pool-1853-thread-1] INFO  segmented.SegmentedRaftLogWorker (SegmentedRaftLogWorker.java:<init>(181)) - new 68eed081-0a4c-49f2-9281-4facb9240b7e@group-CD07572AE854-SegmentedRaftLogWorker for RaftStorage:Storage Directory /github/workspace/mnt/ozone/hadoop-ozone/integration-test/target/test-dir/MiniOzoneClusterImpl-0875b59f-827e-470c-b6ab-7d6320bd5827/datanode-5/data/ratis/cae66dc0-aff1-4415-a378-cd07572ae854
2021-01-02 03:04:30,866 [pool-1853-thread-1] INFO  server.RaftServerConfigKeys (ConfUtils.java:logGet(44)) - raft.server.log.queue.byte-limit = 2147483647 (custom)
2021-01-02 03:04:30,866 [pool-1853-thread-1] INFO  server.RaftServerConfigKeys (ConfUtils.java:logGet(44)) - raft.server.log.queue.element-limit = 1024 (custom)
2021-01-02 03:04:30,866 [pool-1853-thread-1] INFO  server.RaftServerConfigKeys (ConfUtils.java:logGet(44)) - raft.server.log.segment.size.max = 1048576 (custom)
2021-01-02 03:04:30,866 [pool-1853-thread-1] INFO  server.RaftServerConfigKeys (ConfUtils.java:logGet(44)) - raft.server.log.preallocated.size = 16384 (custom)
2021-01-02 03:04:30,866 [pool-1853-thread-1] INFO  server.RaftServerConfigKeys (ConfUtils.java:logGet(44)) - raft.server.log.force.sync.num = 128 (default)
2021-01-02 03:04:30,867 [pool-1853-thread-1] INFO  server.RaftServerConfigKeys (ConfUtils.java:logGet(44)) - raft.server.log.statemachine.data.sync = true (default)
2021-01-02 03:04:30,867 [pool-1853-thread-1] INFO  server.RaftServerConfigKeys (ConfUtils.java:logGet(44)) - raft.server.log.statemachine.data.sync.timeout = 10s (default)
2021-01-02 03:04:30,867 [pool-1853-thread-1] INFO  server.RaftServerConfigKeys (ConfUtils.java:logGet(44)) - raft.server.log.statemachine.data.sync.timeout.retry = -1 (default)
2021-01-02 03:04:30,869 [pool-1853-thread-1] INFO  server.RaftServerConfigKeys (ConfUtils.java:logGet(44)) - raft.server.log.write.buffer.size = 1048576 (custom)
2021-01-02 03:04:30,870 [pool-1853-thread-1] INFO  server.RaftServerConfigKeys (ConfUtils.java:logGet(44)) - raft.server.log.statemachine.data.caching.enabled = true (custom)
2021-01-02 03:04:30,870 [pool-1853-thread-1] INFO  segmented.SegmentedRaftLogWorker (SegmentedRaftLogWorker.java:lambda$new$0(132)) - 68eed081-0a4c-49f2-9281-4facb9240b7e@group-CD07572AE854-SegmentedRaftLogWorker: flushIndex: setUnconditionally 0 -> -1
2021-01-02 03:04:30,870 [pool-1853-thread-1] INFO  segmented.SegmentedRaftLogWorker (SegmentedRaftLogWorker.java:lambda$new$0(132)) - 68eed081-0a4c-49f2-9281-4facb9240b7e@group-CD07572AE854-SegmentedRaftLogWorker: safeCacheEvictIndex: setUnconditionally 0 -> -1
2021-01-02 03:04:30,871 [pool-1853-thread-1] INFO  server.RaftServerConfigKeys (ConfUtils.java:logGet(44)) - raft.server.snapshot.auto.trigger.enabled = true (custom)
2021-01-02 03:04:30,871 [pool-1853-thread-1] INFO  server.RaftServerConfigKeys (ConfUtils.java:logGet(44)) - raft.server.snapshot.auto.trigger.threshold = 10000 (custom)
2021-01-02 03:04:30,871 [pool-1853-thread-1] INFO  server.RaftServerConfigKeys (ConfUtils.java:logGet(44)) - raft.server.snapshot.retention.file.num = 5 (custom)
2021-01-02 03:04:30,871 [pool-1853-thread-1] INFO  server.RaftServerConfigKeys (ConfUtils.java:logGet(44)) - raft.server.log.purge.upto.snapshot.index = false (default)
2021-01-02 03:04:30,871 [pool-1853-thread-1] INFO  server.RaftServerConfigKeys (ConfUtils.java:logGet(44)) - raft.server.retrycache.expirytime = 600000ms (custom)
2021-01-02 03:04:30,871 [pool-1853-thread-1] INFO  server.RaftServerConfigKeys (ConfUtils.java:logGet(44)) - raft.server.retrycache.statistics.expirytime = 100?s (default)
2021-01-02 03:04:30,871 [pool-1853-thread-1] INFO  metrics.RatisMetrics (RatisMetrics.java:lambda$create$0(36)) - Creating Metrics Registry : ratis.leader_election.68eed081-0a4c-49f2-9281-4facb9240b7e@group-CD07572AE854
2021-01-02 03:04:30,872 [pool-1853-thread-1] INFO  metrics.RatisMetrics (RatisMetrics.java:lambda$create$0(36)) - Creating Metrics Registry : ratis.server.68eed081-0a4c-49f2-9281-4facb9240b7e@group-CD07572AE854
2021-01-02 03:04:30,875 [pool-1853-thread-1] INFO  server.RaftServer$Division (RaftServerImpl.java:start(286)) - 68eed081-0a4c-49f2-9281-4facb9240b7e@group-CD07572AE854: start as a follower, conf=-1: [68eed081-0a4c-49f2-9281-4facb9240b7e|rpc:172.17.0.2:41753], old=null
2021-01-02 03:04:30,875 [pool-1853-thread-1] INFO  server.RaftServer$Division (RaftServerImpl.java:setRole(275)) - 68eed081-0a4c-49f2-9281-4facb9240b7e@group-CD07572AE854: changes role from      null to FOLLOWER at term 0 for startAsFollower
2021-01-02 03:04:30,875 [pool-1853-thread-1] INFO  impl.RoleInfo (RoleInfo.java:updateAndGet(130)) - 68eed081-0a4c-49f2-9281-4facb9240b7e: start 68eed081-0a4c-49f2-9281-4facb9240b7e@group-CD07572AE854-FollowerState
2021-01-02 03:04:30,875 [pool-1853-thread-1] INFO  util.JmxRegister (JmxRegister.java:tryRegister(44)) - Successfully registered JMX Bean with object name Ratis:service=RaftServer,group=group-CD07572AE854,id=68eed081-0a4c-49f2-9281-4facb9240b7e
2021-01-02 03:04:30,875 [pool-1853-thread-1] INFO  metrics.RatisMetrics (RatisMetrics.java:lambda$create$0(36)) - Creating Metrics Registry : ratis.state_machine.68eed081-0a4c-49f2-9281-4facb9240b7e@group-CD07572AE854
2021-01-02 03:04:30,877 [Command processor thread] INFO  commandhandler.CreatePipelineCommandHandler (CreatePipelineCommandHandler.java:handle(106)) - Created Pipeline RATIS ONE PipelineID=cae66dc0-aff1-4415-a378-cd07572ae854.
2021-01-02 03:04:30,947 [EventQueue-PipelineReportForOneReplicaPipelineSafeModeRule] INFO  safemode.SCMSafeModeManager (SCMSafeModeManager.java:validateSafeModeExitRules(214)) - AtleastOneDatanodeReportedRule rule is successfully validated
2021-01-02 03:04:30,947 [EventQueue-OpenPipelineForHealthyPipelineSafeModeRule] INFO  safemode.SCMSafeModeManager (HealthyPipelineSafeModeRule.java:process(128)) - SCM in safe mode. Healthy pipelines reported count is 0, required healthy pipeline reported count is 1
2021-01-02 03:04:31,154 [EventQueue-OpenPipelineForHealthyPipelineSafeModeRule] INFO  safemode.SCMSafeModeManager (HealthyPipelineSafeModeRule.java:process(128)) - SCM in safe mode. Healthy pipelines reported count is 0, required healthy pipeline reported count is 1
2021-01-02 03:04:31,154 [EventQueue-PipelineReportForOneReplicaPipelineSafeModeRule] INFO  safemode.SCMSafeModeManager (SCMSafeModeManager.java:validateSafeModeExitRules(214)) - AtleastOneDatanodeReportedRule rule is successfully validated
2021-01-02 03:04:31,468 [EventQueue-PipelineReportForOneReplicaPipelineSafeModeRule] INFO  safemode.SCMSafeModeManager (SCMSafeModeManager.java:validateSafeModeExitRules(214)) - AtleastOneDatanodeReportedRule rule is successfully validated
2021-01-02 03:04:31,468 [EventQueue-OpenPipelineForHealthyPipelineSafeModeRule] INFO  safemode.SCMSafeModeManager (HealthyPipelineSafeModeRule.java:process(128)) - SCM in safe mode. Healthy pipelines reported count is 0, required healthy pipeline reported count is 1
2021-01-02 03:04:31,659 [EventQueue-OpenPipelineForHealthyPipelineSafeModeRule] INFO  safemode.SCMSafeModeManager (HealthyPipelineSafeModeRule.java:process(128)) - SCM in safe mode. Healthy pipelines reported count is 0, required healthy pipeline reported count is 1
2021-01-02 03:04:31,659 [EventQueue-PipelineReportForOneReplicaPipelineSafeModeRule] INFO  safemode.SCMSafeModeManager (SCMSafeModeManager.java:validateSafeModeExitRules(214)) - AtleastOneDatanodeReportedRule rule is successfully validated
2021-01-02 03:04:31,767 [EventQueue-PipelineReportForOneReplicaPipelineSafeModeRule] INFO  safemode.SCMSafeModeManager (SCMSafeModeManager.java:validateSafeModeExitRules(214)) - AtleastOneDatanodeReportedRule rule is successfully validated
2021-01-02 03:04:31,767 [EventQueue-OpenPipelineForHealthyPipelineSafeModeRule] INFO  safemode.SCMSafeModeManager (HealthyPipelineSafeModeRule.java:process(128)) - SCM in safe mode. Healthy pipelines reported count is 0, required healthy pipeline reported count is 1
2021-01-02 03:04:31,858 [Listener at 127.0.0.1/38109] INFO  ozone.MiniOzoneClusterImpl (MiniOzoneClusterImpl.java:lambda$waitForClusterToBeReady$0(178)) - Nodes are ready. Got 6 of 6 DN Heartbeats.
2021-01-02 03:04:31,858 [Listener at 127.0.0.1/38109] INFO  ozone.MiniOzoneClusterImpl (MiniOzoneClusterImpl.java:lambda$waitForClusterToBeReady$0(181)) - Waiting for cluster to exit safe mode
2021-01-02 03:04:31,864 [EventQueue-OpenPipelineForHealthyPipelineSafeModeRule] INFO  safemode.SCMSafeModeManager (HealthyPipelineSafeModeRule.java:process(128)) - SCM in safe mode. Healthy pipelines reported count is 0, required healthy pipeline reported count is 1
2021-01-02 03:04:31,864 [EventQueue-PipelineReportForOneReplicaPipelineSafeModeRule] INFO  safemode.SCMSafeModeManager (SCMSafeModeManager.java:validateSafeModeExitRules(214)) - AtleastOneDatanodeReportedRule rule is successfully validated
2021-01-02 03:04:31,947 [EventQueue-OpenPipelineForHealthyPipelineSafeModeRule] INFO  safemode.SCMSafeModeManager (HealthyPipelineSafeModeRule.java:process(128)) - SCM in safe mode. Healthy pipelines reported count is 0, required healthy pipeline reported count is 1
2021-01-02 03:04:31,947 [EventQueue-PipelineReportForOneReplicaPipelineSafeModeRule] INFO  safemode.SCMSafeModeManager (SCMSafeModeManager.java:validateSafeModeExitRules(214)) - AtleastOneDatanodeReportedRule rule is successfully validated
2021-01-02 03:04:32,155 [EventQueue-OpenPipelineForHealthyPipelineSafeModeRule] INFO  safemode.SCMSafeModeManager (HealthyPipelineSafeModeRule.java:process(128)) - SCM in safe mode. Healthy pipelines reported count is 0, required healthy pipeline reported count is 1
2021-01-02 03:04:32,155 [EventQueue-PipelineReportForOneReplicaPipelineSafeModeRule] INFO  safemode.SCMSafeModeManager (SCMSafeModeManager.java:validateSafeModeExitRules(214)) - AtleastOneDatanodeReportedRule rule is successfully validated
2021-01-02 03:04:32,468 [EventQueue-PipelineReportForOneReplicaPipelineSafeModeRule] INFO  safemode.SCMSafeModeManager (SCMSafeModeManager.java:validateSafeModeExitRules(214)) - AtleastOneDatanodeReportedRule rule is successfully validated
2021-01-02 03:04:32,469 [EventQueue-OpenPipelineForHealthyPipelineSafeModeRule] INFO  safemode.SCMSafeModeManager (HealthyPipelineSafeModeRule.java:process(128)) - SCM in safe mode. Healthy pipelines reported count is 0, required healthy pipeline reported count is 1
2021-01-02 03:04:32,658 [EventQueue-PipelineReportForOneReplicaPipelineSafeModeRule] INFO  safemode.SCMSafeModeManager (SCMSafeModeManager.java:validateSafeModeExitRules(214)) - AtleastOneDatanodeReportedRule rule is successfully validated
2021-01-02 03:04:32,659 [EventQueue-OpenPipelineForHealthyPipelineSafeModeRule] INFO  safemode.SCMSafeModeManager (HealthyPipelineSafeModeRule.java:process(128)) - SCM in safe mode. Healthy pipelines reported count is 0, required healthy pipeline reported count is 1
2021-01-02 03:04:32,768 [EventQueue-PipelineReportForOneReplicaPipelineSafeModeRule] INFO  safemode.SCMSafeModeManager (SCMSafeModeManager.java:validateSafeModeExitRules(214)) - AtleastOneDatanodeReportedRule rule is successfully validated
2021-01-02 03:04:32,768 [EventQueue-OpenPipelineForHealthyPipelineSafeModeRule] INFO  safemode.SCMSafeModeManager (HealthyPipelineSafeModeRule.java:process(128)) - SCM in safe mode. Healthy pipelines reported count is 0, required healthy pipeline reported count is 1
2021-01-02 03:04:32,858 [Listener at 127.0.0.1/38109] INFO  ozone.MiniOzoneClusterImpl (MiniOzoneClusterImpl.java:lambda$waitForClusterToBeReady$0(178)) - Nodes are ready. Got 6 of 6 DN Heartbeats.
2021-01-02 03:04:32,859 [Listener at 127.0.0.1/38109] INFO  ozone.MiniOzoneClusterImpl (MiniOzoneClusterImpl.java:lambda$waitForClusterToBeReady$0(181)) - Waiting for cluster to exit safe mode
2021-01-02 03:04:32,864 [EventQueue-OpenPipelineForHealthyPipelineSafeModeRule] INFO  safemode.SCMSafeModeManager (HealthyPipelineSafeModeRule.java:process(128)) - SCM in safe mode. Healthy pipelines reported count is 0, required healthy pipeline reported count is 1
2021-01-02 03:04:32,865 [EventQueue-PipelineReportForOneReplicaPipelineSafeModeRule] INFO  safemode.SCMSafeModeManager (SCMSafeModeManager.java:validateSafeModeExitRules(214)) - AtleastOneDatanodeReportedRule rule is successfully validated
2021-01-02 03:04:32,947 [EventQueue-OpenPipelineForHealthyPipelineSafeModeRule] INFO  safemode.SCMSafeModeManager (HealthyPipelineSafeModeRule.java:process(128)) - SCM in safe mode. Healthy pipelines reported count is 0, required healthy pipeline reported count is 1
2021-01-02 03:04:32,947 [EventQueue-PipelineReportForOneReplicaPipelineSafeModeRule] INFO  safemode.SCMSafeModeManager (SCMSafeModeManager.java:validateSafeModeExitRules(214)) - AtleastOneDatanodeReportedRule rule is successfully validated
2021-01-02 03:04:33,154 [EventQueue-OpenPipelineForHealthyPipelineSafeModeRule] INFO  safemode.SCMSafeModeManager (HealthyPipelineSafeModeRule.java:process(128)) - SCM in safe mode. Healthy pipelines reported count is 0, required healthy pipeline reported count is 1
2021-01-02 03:04:33,154 [EventQueue-PipelineReportForOneReplicaPipelineSafeModeRule] INFO  safemode.SCMSafeModeManager (SCMSafeModeManager.java:validateSafeModeExitRules(214)) - AtleastOneDatanodeReportedRule rule is successfully validated
2021-01-02 03:04:33,469 [EventQueue-PipelineReportForOneReplicaPipelineSafeModeRule] INFO  safemode.SCMSafeModeManager (SCMSafeModeManager.java:validateSafeModeExitRules(214)) - AtleastOneDatanodeReportedRule rule is successfully validated
2021-01-02 03:04:33,469 [EventQueue-OpenPipelineForHealthyPipelineSafeModeRule] INFO  safemode.SCMSafeModeManager (HealthyPipelineSafeModeRule.java:process(128)) - SCM in safe mode. Healthy pipelines reported count is 0, required healthy pipeline reported count is 1
2021-01-02 03:04:33,659 [EventQueue-PipelineReportForOneReplicaPipelineSafeModeRule] INFO  safemode.SCMSafeModeManager (SCMSafeModeManager.java:validateSafeModeExitRules(214)) - AtleastOneDatanodeReportedRule rule is successfully validated
2021-01-02 03:04:33,659 [EventQueue-OpenPipelineForHealthyPipelineSafeModeRule] INFO  safemode.SCMSafeModeManager (HealthyPipelineSafeModeRule.java:process(128)) - SCM in safe mode. Healthy pipelines reported count is 0, required healthy pipeline reported count is 1
2021-01-02 03:04:33,768 [EventQueue-PipelineReportForOneReplicaPipelineSafeModeRule] INFO  safemode.SCMSafeModeManager (SCMSafeModeManager.java:validateSafeModeExitRules(214)) - AtleastOneDatanodeReportedRule rule is successfully validated
2021-01-02 03:04:33,768 [EventQueue-OpenPipelineForHealthyPipelineSafeModeRule] INFO  safemode.SCMSafeModeManager (HealthyPipelineSafeModeRule.java:process(128)) - SCM in safe mode. Healthy pipelines reported count is 0, required healthy pipeline reported count is 1
2021-01-02 03:04:33,859 [Listener at 127.0.0.1/38109] INFO  ozone.MiniOzoneClusterImpl (MiniOzoneClusterImpl.java:lambda$waitForClusterToBeReady$0(178)) - Nodes are ready. Got 6 of 6 DN Heartbeats.
2021-01-02 03:04:33,859 [Listener at 127.0.0.1/38109] INFO  ozone.MiniOzoneClusterImpl (MiniOzoneClusterImpl.java:lambda$waitForClusterToBeReady$0(181)) - Waiting for cluster to exit safe mode
2021-01-02 03:04:33,864 [EventQueue-PipelineReportForOneReplicaPipelineSafeModeRule] INFO  safemode.SCMSafeModeManager (SCMSafeModeManager.java:validateSafeModeExitRules(214)) - AtleastOneDatanodeReportedRule rule is successfully validated
2021-01-02 03:04:33,865 [EventQueue-OpenPipelineForHealthyPipelineSafeModeRule] INFO  safemode.SCMSafeModeManager (HealthyPipelineSafeModeRule.java:process(128)) - SCM in safe mode. Healthy pipelines reported count is 0, required healthy pipeline reported count is 1
2021-01-02 03:04:33,948 [EventQueue-PipelineReportForOneReplicaPipelineSafeModeRule] INFO  safemode.SCMSafeModeManager (SCMSafeModeManager.java:validateSafeModeExitRules(214)) - AtleastOneDatanodeReportedRule rule is successfully validated
2021-01-02 03:04:33,948 [EventQueue-OpenPipelineForHealthyPipelineSafeModeRule] INFO  safemode.SCMSafeModeManager (HealthyPipelineSafeModeRule.java:process(128)) - SCM in safe mode. Healthy pipelines reported count is 0, required healthy pipeline reported count is 1
2021-01-02 03:04:34,154 [EventQueue-PipelineReportForOneReplicaPipelineSafeModeRule] INFO  safemode.SCMSafeModeManager (SCMSafeModeManager.java:validateSafeModeExitRules(214)) - AtleastOneDatanodeReportedRule rule is successfully validated
2021-01-02 03:04:34,154 [EventQueue-OpenPipelineForHealthyPipelineSafeModeRule] INFO  safemode.SCMSafeModeManager (HealthyPipelineSafeModeRule.java:process(128)) - SCM in safe mode. Healthy pipelines reported count is 0, required healthy pipeline reported count is 1
2021-01-02 03:04:34,468 [EventQueue-OpenPipelineForHealthyPipelineSafeModeRule] INFO  safemode.SCMSafeModeManager (HealthyPipelineSafeModeRule.java:process(128)) - SCM in safe mode. Healthy pipelines reported count is 0, required healthy pipeline reported count is 1
2021-01-02 03:04:34,468 [EventQueue-PipelineReportForOneReplicaPipelineSafeModeRule] INFO  safemode.SCMSafeModeManager (SCMSafeModeManager.java:validateSafeModeExitRules(214)) - AtleastOneDatanodeReportedRule rule is successfully validated
2021-01-02 03:04:34,659 [EventQueue-OpenPipelineForHealthyPipelineSafeModeRule] INFO  safemode.SCMSafeModeManager (HealthyPipelineSafeModeRule.java:process(128)) - SCM in safe mode. Healthy pipelines reported count is 0, required healthy pipeline reported count is 1
2021-01-02 03:04:34,659 [EventQueue-PipelineReportForOneReplicaPipelineSafeModeRule] INFO  safemode.SCMSafeModeManager (SCMSafeModeManager.java:validateSafeModeExitRules(214)) - AtleastOneDatanodeReportedRule rule is successfully validated
2021-01-02 03:04:34,767 [EventQueue-PipelineReportForOneReplicaPipelineSafeModeRule] INFO  safemode.SCMSafeModeManager (SCMSafeModeManager.java:validateSafeModeExitRules(214)) - AtleastOneDatanodeReportedRule rule is successfully validated
2021-01-02 03:04:34,767 [EventQueue-OpenPipelineForHealthyPipelineSafeModeRule] INFO  safemode.SCMSafeModeManager (HealthyPipelineSafeModeRule.java:process(128)) - SCM in safe mode. Healthy pipelines reported count is 0, required healthy pipeline reported count is 1
2021-01-02 03:04:34,794 [Thread-5736] INFO  impl.FollowerState (FollowerState.java:run(133)) - ace74568-a36a-4c06-abbe-7d05c77e5c4e@group-A3A9F4CD806E-FollowerState: change to CANDIDATE, lastRpcElapsedTime:5034418512ns, electionTimeout:5034ms
2021-01-02 03:04:34,794 [Thread-5736] INFO  impl.RoleInfo (RoleInfo.java:shutdownFollowerState(108)) - ace74568-a36a-4c06-abbe-7d05c77e5c4e: shutdown ace74568-a36a-4c06-abbe-7d05c77e5c4e@group-A3A9F4CD806E-FollowerState
2021-01-02 03:04:34,794 [Thread-5736] INFO  server.RaftServer$Division (RaftServerImpl.java:setRole(275)) - ace74568-a36a-4c06-abbe-7d05c77e5c4e@group-A3A9F4CD806E: changes role from  FOLLOWER to CANDIDATE at term 0 for changeToCandidate
2021-01-02 03:04:34,794 [Thread-5736] INFO  impl.RoleInfo (RoleInfo.java:updateAndGet(130)) - ace74568-a36a-4c06-abbe-7d05c77e5c4e: start ace74568-a36a-4c06-abbe-7d05c77e5c4e@group-A3A9F4CD806E-LeaderElection83
2021-01-02 03:04:34,798 [ace74568-a36a-4c06-abbe-7d05c77e5c4e@group-A3A9F4CD806E-LeaderElection83] INFO  impl.LeaderElection (LeaderElection.java:askForVotes(219)) - ace74568-a36a-4c06-abbe-7d05c77e5c4e@group-A3A9F4CD806E-LeaderElection83: begin an election at term 1 for -1: [ace74568-a36a-4c06-abbe-7d05c77e5c4e|rpc:172.17.0.2:38047], old=null
2021-01-02 03:04:34,798 [ace74568-a36a-4c06-abbe-7d05c77e5c4e@group-A3A9F4CD806E-LeaderElection83] INFO  impl.RoleInfo (RoleInfo.java:shutdownLeaderElection(121)) - ace74568-a36a-4c06-abbe-7d05c77e5c4e: shutdown ace74568-a36a-4c06-abbe-7d05c77e5c4e@group-A3A9F4CD806E-LeaderElection83
2021-01-02 03:04:34,798 [ace74568-a36a-4c06-abbe-7d05c77e5c4e@group-A3A9F4CD806E-LeaderElection83] INFO  server.RaftServer$Division (RaftServerImpl.java:setRole(275)) - ace74568-a36a-4c06-abbe-7d05c77e5c4e@group-A3A9F4CD806E: changes role from CANDIDATE to LEADER at term 1 for changeToLeader
2021-01-02 03:04:34,798 [ace74568-a36a-4c06-abbe-7d05c77e5c4e@group-A3A9F4CD806E-LeaderElection83] INFO  ratis.XceiverServerRatis (XceiverServerRatis.java:handleLeaderChangedNotification(862)) - Leader change notification received for group: group-A3A9F4CD806E with new leaderId: ace74568-a36a-4c06-abbe-7d05c77e5c4e
2021-01-02 03:04:34,798 [ace74568-a36a-4c06-abbe-7d05c77e5c4e@group-A3A9F4CD806E-LeaderElection83] INFO  server.RaftServer$Division (ServerState.java:setLeader(258)) - ace74568-a36a-4c06-abbe-7d05c77e5c4e@group-A3A9F4CD806E: change Leader from null to ace74568-a36a-4c06-abbe-7d05c77e5c4e at term 1 for becomeLeader, leader elected after 5054ms
2021-01-02 03:04:34,798 [ace74568-a36a-4c06-abbe-7d05c77e5c4e@group-A3A9F4CD806E-LeaderElection83] INFO  server.RaftServerConfigKeys (ConfUtils.java:logGet(44)) - raft.server.staging.catchup.gap = 1000 (default)
2021-01-02 03:04:34,799 [ace74568-a36a-4c06-abbe-7d05c77e5c4e@group-A3A9F4CD806E-LeaderElection83] INFO  metrics.RatisMetrics (RatisMetrics.java:lambda$create$0(36)) - Creating Metrics Registry : ratis.log_appender.ace74568-a36a-4c06-abbe-7d05c77e5c4e@group-A3A9F4CD806E
2021-01-02 03:04:34,799 [EventQueue-PipelineReportForOneReplicaPipelineSafeModeRule] INFO  safemode.SCMSafeModeManager (SCMSafeModeManager.java:validateSafeModeExitRules(214)) - AtleastOneDatanodeReportedRule rule is successfully validated
2021-01-02 03:04:34,799 [EventQueue-OpenPipelineForHealthyPipelineSafeModeRule] INFO  safemode.SCMSafeModeManager (HealthyPipelineSafeModeRule.java:process(128)) - SCM in safe mode. Healthy pipelines reported count is 0, required healthy pipeline reported count is 1
2021-01-02 03:04:34,799 [ace74568-a36a-4c06-abbe-7d05c77e5c4e@group-A3A9F4CD806E-LeaderElection83] INFO  server.RaftServerConfigKeys (ConfUtils.java:logGet(44)) - raft.server.write.element-limit = 1024 (custom)
2021-01-02 03:04:34,800 [ace74568-a36a-4c06-abbe-7d05c77e5c4e@group-A3A9F4CD806E-LeaderElection83] INFO  server.RaftServerConfigKeys (ConfUtils.java:logGet(44)) - raft.server.write.byte-limit = 1073741824 (custom)
2021-01-02 03:04:34,800 [ace74568-a36a-4c06-abbe-7d05c77e5c4e@group-A3A9F4CD806E-LeaderElection83] INFO  server.RaftServerConfigKeys (ConfUtils.java:logGet(44)) - raft.server.watch.timeout = 180s (custom)
2021-01-02 03:04:34,800 [ace74568-a36a-4c06-abbe-7d05c77e5c4e@group-A3A9F4CD806E-LeaderElection83] INFO  server.RaftServerConfigKeys (ConfUtils.java:logGet(44)) - raft.server.watch.timeout.denomination = 1s (default)
2021-01-02 03:04:34,800 [ace74568-a36a-4c06-abbe-7d05c77e5c4e@group-A3A9F4CD806E-LeaderElection83] INFO  server.RaftServerConfigKeys (ConfUtils.java:logGet(44)) - raft.server.watch.element-limit = 65536 (default)
2021-01-02 03:04:34,801 [ace74568-a36a-4c06-abbe-7d05c77e5c4e@group-A3A9F4CD806E-LeaderElection83] INFO  impl.RoleInfo (RoleInfo.java:updateAndGet(130)) - ace74568-a36a-4c06-abbe-7d05c77e5c4e: start ace74568-a36a-4c06-abbe-7d05c77e5c4e@group-A3A9F4CD806E-LeaderStateImpl
2021-01-02 03:04:34,801 [ace74568-a36a-4c06-abbe-7d05c77e5c4e@group-A3A9F4CD806E-LeaderElection83] INFO  segmented.SegmentedRaftLogWorker (SegmentedRaftLogWorker.java:startLogSegment(392)) - ace74568-a36a-4c06-abbe-7d05c77e5c4e@group-A3A9F4CD806E-SegmentedRaftLogWorker: Starting segment from index:0
2021-01-02 03:04:34,804 [ace74568-a36a-4c06-abbe-7d05c77e5c4e@group-A3A9F4CD806E-LeaderElection83] INFO  server.RaftServer$Division (ServerState.java:setRaftConf(374)) - ace74568-a36a-4c06-abbe-7d05c77e5c4e@group-A3A9F4CD806E: set configuration 0: [ace74568-a36a-4c06-abbe-7d05c77e5c4e|rpc:172.17.0.2:38047|dataStream:], old=null at 0
2021-01-02 03:04:34,804 [ace74568-a36a-4c06-abbe-7d05c77e5c4e@group-A3A9F4CD806E-SegmentedRaftLogWorker] INFO  segmented.SegmentedRaftLogWorker (SegmentedRaftLogWorker.java:execute(599)) - ace74568-a36a-4c06-abbe-7d05c77e5c4e@group-A3A9F4CD806E-SegmentedRaftLogWorker: created new log segment /github/workspace/mnt/ozone/hadoop-ozone/integration-test/target/test-dir/MiniOzoneClusterImpl-0875b59f-827e-470c-b6ab-7d6320bd5827/datanode-0/data/ratis/364500dc-a1aa-4eb2-8192-a3a9f4cd806e/current/log_inprogress_0
2021-01-02 03:04:34,859 [Listener at 127.0.0.1/38109] INFO  ozone.MiniOzoneClusterImpl (MiniOzoneClusterImpl.java:lambda$waitForClusterToBeReady$0(178)) - Nodes are ready. Got 6 of 6 DN Heartbeats.
2021-01-02 03:04:34,859 [Listener at 127.0.0.1/38109] INFO  ozone.MiniOzoneClusterImpl (MiniOzoneClusterImpl.java:lambda$waitForClusterToBeReady$0(181)) - Waiting for cluster to exit safe mode
2021-01-02 03:04:34,865 [EventQueue-OpenPipelineForHealthyPipelineSafeModeRule] INFO  safemode.SCMSafeModeManager (HealthyPipelineSafeModeRule.java:process(128)) - SCM in safe mode. Healthy pipelines reported count is 0, required healthy pipeline reported count is 1
2021-01-02 03:04:34,865 [EventQueue-PipelineReportForOneReplicaPipelineSafeModeRule] INFO  safemode.SCMSafeModeManager (SCMSafeModeManager.java:validateSafeModeExitRules(214)) - AtleastOneDatanodeReportedRule rule is successfully validated
2021-01-02 03:04:34,872 [Thread-5738] INFO  impl.FollowerState (FollowerState.java:run(133)) - ace74568-a36a-4c06-abbe-7d05c77e5c4e@group-5DD6F1057FD6-FollowerState: change to CANDIDATE, lastRpcElapsedTime:5094390803ns, electionTimeout:5094ms
2021-01-02 03:04:34,872 [Thread-5738] INFO  impl.RoleInfo (RoleInfo.java:shutdownFollowerState(108)) - ace74568-a36a-4c06-abbe-7d05c77e5c4e: shutdown ace74568-a36a-4c06-abbe-7d05c77e5c4e@group-5DD6F1057FD6-FollowerState
2021-01-02 03:04:34,872 [Thread-5738] INFO  server.RaftServer$Division (RaftServerImpl.java:setRole(275)) - ace74568-a36a-4c06-abbe-7d05c77e5c4e@group-5DD6F1057FD6: changes role from  FOLLOWER to CANDIDATE at term 0 for changeToCandidate
2021-01-02 03:04:34,872 [Thread-5738] INFO  impl.RoleInfo (RoleInfo.java:updateAndGet(130)) - ace74568-a36a-4c06-abbe-7d05c77e5c4e: start ace74568-a36a-4c06-abbe-7d05c77e5c4e@group-5DD6F1057FD6-LeaderElection84
2021-01-02 03:04:34,876 [ace74568-a36a-4c06-abbe-7d05c77e5c4e@group-5DD6F1057FD6-LeaderElection84] INFO  impl.LeaderElection (LeaderElection.java:askForVotes(219)) - ace74568-a36a-4c06-abbe-7d05c77e5c4e@group-5DD6F1057FD6-LeaderElection84: begin an election at term 1 for -1: [1b98ba84-f03a-4745-ae67-661c5f740165|rpc:172.17.0.2:36113, 3e6f9aad-df43-4486-a42c-6a362a65d862|rpc:172.17.0.2:35573, ace74568-a36a-4c06-abbe-7d05c77e5c4e|rpc:172.17.0.2:38047], old=null
2021-01-02 03:04:34,885 [grpc-default-executor-2] INFO  server.RaftServer$Division (RaftServerImpl.java:setRole(275)) - 3e6f9aad-df43-4486-a42c-6a362a65d862@group-5DD6F1057FD6: changes role from  FOLLOWER to FOLLOWER at term 1 for recognizeCandidate:ace74568-a36a-4c06-abbe-7d05c77e5c4e
2021-01-02 03:04:34,885 [grpc-default-executor-2] INFO  impl.RoleInfo (RoleInfo.java:shutdownFollowerState(108)) - 3e6f9aad-df43-4486-a42c-6a362a65d862: shutdown 3e6f9aad-df43-4486-a42c-6a362a65d862@group-5DD6F1057FD6-FollowerState
2021-01-02 03:04:34,885 [grpc-default-executor-2] INFO  impl.RoleInfo (RoleInfo.java:updateAndGet(130)) - 3e6f9aad-df43-4486-a42c-6a362a65d862: start 3e6f9aad-df43-4486-a42c-6a362a65d862@group-5DD6F1057FD6-FollowerState
2021-01-02 03:04:34,885 [Thread-5743] INFO  impl.FollowerState (FollowerState.java:run(142)) - 3e6f9aad-df43-4486-a42c-6a362a65d862@group-5DD6F1057FD6-FollowerState was interrupted: {}
java.lang.InterruptedException: sleep interrupted
	at java.lang.Thread.sleep(Native Method)
	at java.lang.Thread.sleep(Thread.java:340)
	at java.util.concurrent.TimeUnit.sleep(TimeUnit.java:386)
	at org.apache.ratis.util.TimeDuration.sleep(TimeDuration.java:319)
	at org.apache.ratis.util.TimeDuration.sleep(TimeDuration.java:304)
	at org.apache.ratis.server.impl.FollowerState.run(FollowerState.java:117)
2021-01-02 03:04:34,889 [grpc-default-executor-2] INFO  server.RaftServer$Division (RaftServerImpl.java:requestVote(983)) -  FOLLOWER 3e6f9aad-df43-4486-a42c-6a362a65d862@group-5DD6F1057FD6:t1, leader=null, voted=null, raftlog=3e6f9aad-df43-4486-a42c-6a362a65d862@group-5DD6F1057FD6-SegmentedRaftLog:OPENED:c-1,f-1,i0, conf=-1: [1b98ba84-f03a-4745-ae67-661c5f740165|rpc:172.17.0.2:36113|dataStream:, 3e6f9aad-df43-4486-a42c-6a362a65d862|rpc:172.17.0.2:35573|dataStream:, ace74568-a36a-4c06-abbe-7d05c77e5c4e|rpc:172.17.0.2:38047|dataStream:], old=null RUNNING priority:0 candidate:ace74568-a36a-4c06-abbe-7d05c77e5c4e|rpc:172.17.0.2:38047|dataStream: candidatePriority:0 compare:0
2021-01-02 03:04:34,894 [grpc-default-executor-1] INFO  server.RaftServer$Division (RaftServerImpl.java:setRole(275)) - 1b98ba84-f03a-4745-ae67-661c5f740165@group-5DD6F1057FD6: changes role from  FOLLOWER to FOLLOWER at term 1 for recognizeCandidate:ace74568-a36a-4c06-abbe-7d05c77e5c4e
2021-01-02 03:04:34,894 [grpc-default-executor-1] INFO  impl.RoleInfo (RoleInfo.java:shutdownFollowerState(108)) - 1b98ba84-f03a-4745-ae67-661c5f740165: shutdown 1b98ba84-f03a-4745-ae67-661c5f740165@group-5DD6F1057FD6-FollowerState
2021-01-02 03:04:34,894 [grpc-default-executor-1] INFO  impl.RoleInfo (RoleInfo.java:updateAndGet(130)) - 1b98ba84-f03a-4745-ae67-661c5f740165: start 1b98ba84-f03a-4745-ae67-661c5f740165@group-5DD6F1057FD6-FollowerState
2021-01-02 03:04:34,894 [Thread-5740] INFO  impl.FollowerState (FollowerState.java:run(142)) - 1b98ba84-f03a-4745-ae67-661c5f740165@group-5DD6F1057FD6-FollowerState was interrupted: {}
java.lang.InterruptedException: sleep interrupted
	at java.lang.Thread.sleep(Native Method)
	at java.lang.Thread.sleep(Thread.java:340)
	at java.util.concurrent.TimeUnit.sleep(TimeUnit.java:386)
	at org.apache.ratis.util.TimeDuration.sleep(TimeDuration.java:319)
	at org.apache.ratis.util.TimeDuration.sleep(TimeDuration.java:304)
	at org.apache.ratis.server.impl.FollowerState.run(FollowerState.java:117)
2021-01-02 03:04:34,894 [grpc-default-executor-1] INFO  server.RaftServer$Division (RaftServerImpl.java:requestVote(983)) -  FOLLOWER 1b98ba84-f03a-4745-ae67-661c5f740165@group-5DD6F1057FD6:t1, leader=null, voted=null, raftlog=1b98ba84-f03a-4745-ae67-661c5f740165@group-5DD6F1057FD6-SegmentedRaftLog:OPENED:c-1,f-1,i0, conf=-1: [1b98ba84-f03a-4745-ae67-661c5f740165|rpc:172.17.0.2:36113|dataStream:, 3e6f9aad-df43-4486-a42c-6a362a65d862|rpc:172.17.0.2:35573|dataStream:, ace74568-a36a-4c06-abbe-7d05c77e5c4e|rpc:172.17.0.2:38047|dataStream:], old=null RUNNING priority:0 candidate:ace74568-a36a-4c06-abbe-7d05c77e5c4e|rpc:172.17.0.2:38047|dataStream: candidatePriority:0 compare:0
2021-01-02 03:04:34,895 [ace74568-a36a-4c06-abbe-7d05c77e5c4e@group-5DD6F1057FD6-LeaderElection84] INFO  impl.LeaderElection (LeaderElection.java:logAndReturn(68)) - ace74568-a36a-4c06-abbe-7d05c77e5c4e@group-5DD6F1057FD6-LeaderElection84: Election PASSED; received 1 response(s) [ace74568-a36a-4c06-abbe-7d05c77e5c4e<-3e6f9aad-df43-4486-a42c-6a362a65d862#0:OK-t1] and 0 exception(s); ace74568-a36a-4c06-abbe-7d05c77e5c4e@group-5DD6F1057FD6:t1, leader=null, voted=ace74568-a36a-4c06-abbe-7d05c77e5c4e, raftlog=ace74568-a36a-4c06-abbe-7d05c77e5c4e@group-5DD6F1057FD6-SegmentedRaftLog:OPENED:c-1,f-1,i0, conf=-1: [1b98ba84-f03a-4745-ae67-661c5f740165|rpc:172.17.0.2:36113, 3e6f9aad-df43-4486-a42c-6a362a65d862|rpc:172.17.0.2:35573, ace74568-a36a-4c06-abbe-7d05c77e5c4e|rpc:172.17.0.2:38047], old=null
2021-01-02 03:04:34,896 [ace74568-a36a-4c06-abbe-7d05c77e5c4e@group-5DD6F1057FD6-LeaderElection84] INFO  impl.RoleInfo (RoleInfo.java:shutdownLeaderElection(121)) - ace74568-a36a-4c06-abbe-7d05c77e5c4e: shutdown ace74568-a36a-4c06-abbe-7d05c77e5c4e@group-5DD6F1057FD6-LeaderElection84
2021-01-02 03:04:34,896 [ace74568-a36a-4c06-abbe-7d05c77e5c4e@group-5DD6F1057FD6-LeaderElection84] INFO  server.RaftServer$Division (RaftServerImpl.java:setRole(275)) - ace74568-a36a-4c06-abbe-7d05c77e5c4e@group-5DD6F1057FD6: changes role from CANDIDATE to LEADER at term 1 for changeToLeader
2021-01-02 03:04:34,896 [ace74568-a36a-4c06-abbe-7d05c77e5c4e@group-5DD6F1057FD6-LeaderElection84] INFO  ratis.XceiverServerRatis (XceiverServerRatis.java:handleLeaderChangedNotification(862)) - Leader change notification received for group: group-5DD6F1057FD6 with new leaderId: ace74568-a36a-4c06-abbe-7d05c77e5c4e
2021-01-02 03:04:34,897 [ace74568-a36a-4c06-abbe-7d05c77e5c4e@group-5DD6F1057FD6-LeaderElection84] INFO  server.RaftServer$Division (ServerState.java:setLeader(258)) - ace74568-a36a-4c06-abbe-7d05c77e5c4e@group-5DD6F1057FD6: change Leader from null to ace74568-a36a-4c06-abbe-7d05c77e5c4e at term 1 for becomeLeader, leader elected after 5130ms
2021-01-02 03:04:34,897 [ace74568-a36a-4c06-abbe-7d05c77e5c4e@group-5DD6F1057FD6-LeaderElection84] INFO  server.RaftServerConfigKeys (ConfUtils.java:logGet(44)) - raft.server.staging.catchup.gap = 1000 (default)
2021-01-02 03:04:34,897 [ace74568-a36a-4c06-abbe-7d05c77e5c4e@group-5DD6F1057FD6-LeaderElection84] INFO  metrics.RatisMetrics (RatisMetrics.java:lambda$create$0(36)) - Creating Metrics Registry : ratis.log_appender.ace74568-a36a-4c06-abbe-7d05c77e5c4e@group-5DD6F1057FD6
2021-01-02 03:04:34,897 [ace74568-a36a-4c06-abbe-7d05c77e5c4e@group-5DD6F1057FD6-LeaderElection84] INFO  server.RaftServerConfigKeys (ConfUtils.java:logGet(44)) - raft.server.write.element-limit = 1024 (custom)
2021-01-02 03:04:34,897 [ace74568-a36a-4c06-abbe-7d05c77e5c4e@group-5DD6F1057FD6-LeaderElection84] INFO  server.RaftServerConfigKeys (ConfUtils.java:logGet(44)) - raft.server.write.byte-limit = 1073741824 (custom)
2021-01-02 03:04:34,898 [ace74568-a36a-4c06-abbe-7d05c77e5c4e@group-5DD6F1057FD6-LeaderElection84] INFO  server.RaftServerConfigKeys (ConfUtils.java:logGet(44)) - raft.server.watch.timeout = 180s (custom)
2021-01-02 03:04:34,898 [ace74568-a36a-4c06-abbe-7d05c77e5c4e@group-5DD6F1057FD6-LeaderElection84] INFO  server.RaftServerConfigKeys (ConfUtils.java:logGet(44)) - raft.server.watch.timeout.denomination = 1s (default)
2021-01-02 03:04:34,898 [ace74568-a36a-4c06-abbe-7d05c77e5c4e@group-5DD6F1057FD6-LeaderElection84] INFO  server.RaftServerConfigKeys (ConfUtils.java:logGet(44)) - raft.server.watch.element-limit = 65536 (default)
2021-01-02 03:04:34,898 [ace74568-a36a-4c06-abbe-7d05c77e5c4e@group-5DD6F1057FD6-LeaderElection84] INFO  server.RaftServerConfigKeys (ConfUtils.java:logGet(44)) - raft.server.log.appender.snapshot.chunk.size.max = 16MB (=16777216) (default)
2021-01-02 03:04:34,898 [ace74568-a36a-4c06-abbe-7d05c77e5c4e@group-5DD6F1057FD6-LeaderElection84] INFO  server.RaftServerConfigKeys (ConfUtils.java:logGet(44)) - raft.server.log.appender.buffer.byte-limit = 33554432 (custom)
2021-01-02 03:04:34,899 [ace74568-a36a-4c06-abbe-7d05c77e5c4e@group-5DD6F1057FD6-LeaderElection84] INFO  server.RaftServerConfigKeys (ConfUtils.java:logGet(44)) - raft.server.log.appender.buffer.element-limit = 1 (custom)
2021-01-02 03:04:34,899 [ace74568-a36a-4c06-abbe-7d05c77e5c4e@group-5DD6F1057FD6-LeaderElection84] INFO  grpc.GrpcConfigKeys (ConfUtils.java:logGet(44)) - raft.grpc.server.leader.outstanding.appends.max = 128 (default)
2021-01-02 03:04:34,899 [ace74568-a36a-4c06-abbe-7d05c77e5c4e@group-5DD6F1057FD6-LeaderElection84] INFO  server.RaftServerConfigKeys (ConfUtils.java:logGet(44)) - raft.server.rpc.request.timeout = 60s (custom)
2021-01-02 03:04:34,899 [ace74568-a36a-4c06-abbe-7d05c77e5c4e@group-5DD6F1057FD6-LeaderElection84] INFO  server.RaftServerConfigKeys (ConfUtils.java:logGet(44)) - raft.server.log.appender.install.snapshot.enabled = false (custom)
2021-01-02 03:04:34,899 [ace74568-a36a-4c06-abbe-7d05c77e5c4e@group-5DD6F1057FD6-LeaderElection84] INFO  metrics.RatisMetrics (RatisMetrics.java:lambda$create$0(36)) - Creating Metrics Registry : ratis_grpc.log_appender.ace74568-a36a-4c06-abbe-7d05c77e5c4e@group-5DD6F1057FD6
2021-01-02 03:04:34,900 [EventQueue-PipelineReportForPipelineReportHandler] INFO  pipeline.PipelineStateManager (PipelineStateManager.java:openPipeline(132)) - Pipeline Pipeline[ Id: e40a138e-87d1-4b6b-8f52-5dd6f1057fd6, Nodes: ace74568-a36a-4c06-abbe-7d05c77e5c4e{ip: 172.17.0.2, host: e25e13fd87ad, networkLocation: /default-rack, certSerialId: null, persistedOpState: IN_SERVICE, persistedOpStateExpiryEpochSec: 0}1b98ba84-f03a-4745-ae67-661c5f740165{ip: 172.17.0.2, host: e25e13fd87ad, networkLocation: /default-rack, certSerialId: null, persistedOpState: IN_SERVICE, persistedOpStateExpiryEpochSec: 0}3e6f9aad-df43-4486-a42c-6a362a65d862{ip: 172.17.0.2, host: e25e13fd87ad, networkLocation: /default-rack, certSerialId: null, persistedOpState: IN_SERVICE, persistedOpStateExpiryEpochSec: 0}, Type:RATIS, Factor:THREE, State:ALLOCATED, leaderId:ace74568-a36a-4c06-abbe-7d05c77e5c4e, CreationTimestamp2021-01-02T03:04:27.151Z] moved to OPEN state
2021-01-02 03:04:34,900 [EventQueue-PipelineReportForOneReplicaPipelineSafeModeRule] INFO  safemode.SCMSafeModeManager (SCMSafeModeManager.java:validateSafeModeExitRules(214)) - AtleastOneDatanodeReportedRule rule is successfully validated
2021-01-02 03:04:34,900 [EventQueue-OpenPipelineForHealthyPipelineSafeModeRule] INFO  safemode.SCMSafeModeManager (HealthyPipelineSafeModeRule.java:process(128)) - SCM in safe mode. Healthy pipelines reported count is 0, required healthy pipeline reported count is 1
2021-01-02 03:04:34,900 [EventQueue-OpenPipelineForHealthyPipelineSafeModeRule] INFO  safemode.SCMSafeModeManager (HealthyPipelineSafeModeRule.java:process(128)) - SCM in safe mode. Healthy pipelines reported count is 1, required healthy pipeline reported count is 1
2021-01-02 03:04:34,900 [EventQueue-OpenPipelineForHealthyPipelineSafeModeRule] INFO  safemode.SCMSafeModeManager (SCMSafeModeManager.java:validateSafeModeExitRules(214)) - HealthyPipelineSafeModeRule rule is successfully validated
2021-01-02 03:04:34,900 [EventQueue-OpenPipelineForHealthyPipelineSafeModeRule] INFO  safemode.SCMSafeModeManager (SCMSafeModeManager.java:validateSafeModeExitRules(228)) - ScmSafeModeManager, all rules are successfully validated
2021-01-02 03:04:34,900 [EventQueue-OpenPipelineForHealthyPipelineSafeModeRule] INFO  safemode.SCMSafeModeManager (SCMSafeModeManager.java:exitSafeMode(257)) - SCM exiting safe mode.
2021-01-02 03:04:34,903 [ace74568-a36a-4c06-abbe-7d05c77e5c4e@group-5DD6F1057FD6-LeaderElection84] INFO  server.RaftServerConfigKeys (ConfUtils.java:logGet(44)) - raft.server.log.appender.snapshot.chunk.size.max = 16MB (=16777216) (default)
2021-01-02 03:04:34,903 [ace74568-a36a-4c06-abbe-7d05c77e5c4e@group-5DD6F1057FD6-LeaderElection84] INFO  server.RaftServerConfigKeys (ConfUtils.java:logGet(44)) - raft.server.log.appender.buffer.byte-limit = 33554432 (custom)
2021-01-02 03:04:34,903 [ace74568-a36a-4c06-abbe-7d05c77e5c4e@group-5DD6F1057FD6-LeaderElection84] INFO  server.RaftServerConfigKeys (ConfUtils.java:logGet(44)) - raft.server.log.appender.buffer.element-limit = 1 (custom)
2021-01-02 03:04:34,903 [ace74568-a36a-4c06-abbe-7d05c77e5c4e@group-5DD6F1057FD6-LeaderElection84] INFO  grpc.GrpcConfigKeys (ConfUtils.java:logGet(44)) - raft.grpc.server.leader.outstanding.appends.max = 128 (default)
2021-01-02 03:04:34,903 [ace74568-a36a-4c06-abbe-7d05c77e5c4e@group-5DD6F1057FD6-LeaderElection84] INFO  server.RaftServerConfigKeys (ConfUtils.java:logGet(44)) - raft.server.rpc.request.timeout = 60s (custom)
2021-01-02 03:04:34,903 [ace74568-a36a-4c06-abbe-7d05c77e5c4e@group-5DD6F1057FD6-LeaderElection84] INFO  server.RaftServerConfigKeys (ConfUtils.java:logGet(44)) - raft.server.log.appender.install.snapshot.enabled = false (custom)
2021-01-02 03:04:34,906 [ace74568-a36a-4c06-abbe-7d05c77e5c4e@group-5DD6F1057FD6-LeaderElection84] INFO  impl.RoleInfo (RoleInfo.java:updateAndGet(130)) - ace74568-a36a-4c06-abbe-7d05c77e5c4e: start ace74568-a36a-4c06-abbe-7d05c77e5c4e@group-5DD6F1057FD6-LeaderStateImpl
2021-01-02 03:04:34,912 [ace74568-a36a-4c06-abbe-7d05c77e5c4e@group-5DD6F1057FD6-LeaderElection84] INFO  segmented.SegmentedRaftLogWorker (SegmentedRaftLogWorker.java:startLogSegment(392)) - ace74568-a36a-4c06-abbe-7d05c77e5c4e@group-5DD6F1057FD6-SegmentedRaftLogWorker: Starting segment from index:0
2021-01-02 03:04:34,913 [ace74568-a36a-4c06-abbe-7d05c77e5c4e@group-5DD6F1057FD6-SegmentedRaftLogWorker] INFO  segmented.SegmentedRaftLogWorker (SegmentedRaftLogWorker.java:execute(599)) - ace74568-a36a-4c06-abbe-7d05c77e5c4e@group-5DD6F1057FD6-SegmentedRaftLogWorker: created new log segment /github/workspace/mnt/ozone/hadoop-ozone/integration-test/target/test-dir/MiniOzoneClusterImpl-0875b59f-827e-470c-b6ab-7d6320bd5827/datanode-0/data/ratis/e40a138e-87d1-4b6b-8f52-5dd6f1057fd6/current/log_inprogress_0
2021-01-02 03:04:34,917 [ace74568-a36a-4c06-abbe-7d05c77e5c4e@group-5DD6F1057FD6-LeaderElection84] INFO  server.RaftServer$Division (ServerState.java:setRaftConf(374)) - ace74568-a36a-4c06-abbe-7d05c77e5c4e@group-5DD6F1057FD6: set configuration 0: [1b98ba84-f03a-4745-ae67-661c5f740165|rpc:172.17.0.2:36113|dataStream:, 3e6f9aad-df43-4486-a42c-6a362a65d862|rpc:172.17.0.2:35573|dataStream:, ace74568-a36a-4c06-abbe-7d05c77e5c4e|rpc:172.17.0.2:38047|dataStream:], old=null at 0
2021-01-02 03:04:34,929 [grpc-default-executor-2] INFO  ratis.XceiverServerRatis (XceiverServerRatis.java:handleLeaderChangedNotification(862)) - Leader change notification received for group: group-5DD6F1057FD6 with new leaderId: ace74568-a36a-4c06-abbe-7d05c77e5c4e
2021-01-02 03:04:34,929 [grpc-default-executor-2] INFO  server.RaftServer$Division (ServerState.java:setLeader(258)) - 1b98ba84-f03a-4745-ae67-661c5f740165@group-5DD6F1057FD6: change Leader from null to ace74568-a36a-4c06-abbe-7d05c77e5c4e at term 1 for appendEntries, leader elected after 5129ms
2021-01-02 03:04:34,933 [grpc-default-executor-1] INFO  server.RaftServer$Division (ServerState.java:setRaftConf(374)) - 1b98ba84-f03a-4745-ae67-661c5f740165@group-5DD6F1057FD6: set configuration 0: [1b98ba84-f03a-4745-ae67-661c5f740165|rpc:172.17.0.2:36113|dataStream:, 3e6f9aad-df43-4486-a42c-6a362a65d862|rpc:172.17.0.2:35573|dataStream:, ace74568-a36a-4c06-abbe-7d05c77e5c4e|rpc:172.17.0.2:38047|dataStream:], old=null at 0
2021-01-02 03:04:34,942 [grpc-default-executor-1] INFO  segmented.SegmentedRaftLogWorker (SegmentedRaftLogWorker.java:startLogSegment(392)) - 1b98ba84-f03a-4745-ae67-661c5f740165@group-5DD6F1057FD6-SegmentedRaftLogWorker: Starting segment from index:0
2021-01-02 03:04:34,943 [grpc-default-executor-0] INFO  ratis.XceiverServerRatis (XceiverServerRatis.java:handleLeaderChangedNotification(862)) - Leader change notification received for group: group-5DD6F1057FD6 with new leaderId: ace74568-a36a-4c06-abbe-7d05c77e5c4e
2021-01-02 03:04:34,943 [grpc-default-executor-0] INFO  server.RaftServer$Division (ServerState.java:setLeader(258)) - 3e6f9aad-df43-4486-a42c-6a362a65d862@group-5DD6F1057FD6: change Leader from null to ace74568-a36a-4c06-abbe-7d05c77e5c4e at term 1 for appendEntries, leader elected after 5112ms
2021-01-02 03:04:34,944 [1b98ba84-f03a-4745-ae67-661c5f740165@group-5DD6F1057FD6-SegmentedRaftLogWorker] INFO  segmented.SegmentedRaftLogWorker (SegmentedRaftLogWorker.java:execute(599)) - 1b98ba84-f03a-4745-ae67-661c5f740165@group-5DD6F1057FD6-SegmentedRaftLogWorker: created new log segment /github/workspace/mnt/ozone/hadoop-ozone/integration-test/target/test-dir/MiniOzoneClusterImpl-0875b59f-827e-470c-b6ab-7d6320bd5827/datanode-2/data/ratis/e40a138e-87d1-4b6b-8f52-5dd6f1057fd6/current/log_inprogress_0
2021-01-02 03:04:34,949 [grpc-default-executor-0] INFO  server.RaftServer$Division (ServerState.java:setRaftConf(374)) - 3e6f9aad-df43-4486-a42c-6a362a65d862@group-5DD6F1057FD6: set configuration 0: [1b98ba84-f03a-4745-ae67-661c5f740165|rpc:172.17.0.2:36113|dataStream:, 3e6f9aad-df43-4486-a42c-6a362a65d862|rpc:172.17.0.2:35573|dataStream:, ace74568-a36a-4c06-abbe-7d05c77e5c4e|rpc:172.17.0.2:38047|dataStream:], old=null at 0
2021-01-02 03:04:34,950 [grpc-default-executor-0] INFO  segmented.SegmentedRaftLogWorker (SegmentedRaftLogWorker.java:startLogSegment(392)) - 3e6f9aad-df43-4486-a42c-6a362a65d862@group-5DD6F1057FD6-SegmentedRaftLogWorker: Starting segment from index:0
2021-01-02 03:04:34,954 [3e6f9aad-df43-4486-a42c-6a362a65d862@group-5DD6F1057FD6-SegmentedRaftLogWorker] INFO  segmented.SegmentedRaftLogWorker (SegmentedRaftLogWorker.java:execute(599)) - 3e6f9aad-df43-4486-a42c-6a362a65d862@group-5DD6F1057FD6-SegmentedRaftLogWorker: created new log segment /github/workspace/mnt/ozone/hadoop-ozone/integration-test/target/test-dir/MiniOzoneClusterImpl-0875b59f-827e-470c-b6ab-7d6320bd5827/datanode-1/data/ratis/e40a138e-87d1-4b6b-8f52-5dd6f1057fd6/current/log_inprogress_0
2021-01-02 03:04:35,113 [Thread-5746] INFO  impl.FollowerState (FollowerState.java:run(133)) - 3e6f9aad-df43-4486-a42c-6a362a65d862@group-7BFC9F12570D-FollowerState: change to CANDIDATE, lastRpcElapsedTime:5150346667ns, electionTimeout:5141ms
2021-01-02 03:04:35,113 [Thread-5746] INFO  impl.RoleInfo (RoleInfo.java:shutdownFollowerState(108)) - 3e6f9aad-df43-4486-a42c-6a362a65d862: shutdown 3e6f9aad-df43-4486-a42c-6a362a65d862@group-7BFC9F12570D-FollowerState
2021-01-02 03:04:35,113 [Thread-5746] INFO  server.RaftServer$Division (RaftServerImpl.java:setRole(275)) - 3e6f9aad-df43-4486-a42c-6a362a65d862@group-7BFC9F12570D: changes role from  FOLLOWER to CANDIDATE at term 0 for changeToCandidate
2021-01-02 03:04:35,113 [Thread-5746] INFO  impl.RoleInfo (RoleInfo.java:updateAndGet(130)) - 3e6f9aad-df43-4486-a42c-6a362a65d862: start 3e6f9aad-df43-4486-a42c-6a362a65d862@group-7BFC9F12570D-LeaderElection85
2021-01-02 03:04:35,117 [3e6f9aad-df43-4486-a42c-6a362a65d862@group-7BFC9F12570D-LeaderElection85] INFO  impl.LeaderElection (LeaderElection.java:askForVotes(219)) - 3e6f9aad-df43-4486-a42c-6a362a65d862@group-7BFC9F12570D-LeaderElection85: begin an election at term 1 for -1: [3e6f9aad-df43-4486-a42c-6a362a65d862|rpc:172.17.0.2:35573], old=null
2021-01-02 03:04:35,118 [3e6f9aad-df43-4486-a42c-6a362a65d862@group-7BFC9F12570D-LeaderElection85] INFO  impl.RoleInfo (RoleInfo.java:shutdownLeaderElection(121)) - 3e6f9aad-df43-4486-a42c-6a362a65d862: shutdown 3e6f9aad-df43-4486-a42c-6a362a65d862@group-7BFC9F12570D-LeaderElection85
2021-01-02 03:04:35,118 [3e6f9aad-df43-4486-a42c-6a362a65d862@group-7BFC9F12570D-LeaderElection85] INFO  server.RaftServer$Division (RaftServerImpl.java:setRole(275)) - 3e6f9aad-df43-4486-a42c-6a362a65d862@group-7BFC9F12570D: changes role from CANDIDATE to LEADER at term 1 for changeToLeader
2021-01-02 03:04:35,118 [3e6f9aad-df43-4486-a42c-6a362a65d862@group-7BFC9F12570D-LeaderElection85] INFO  ratis.XceiverServerRatis (XceiverServerRatis.java:handleLeaderChangedNotification(862)) - Leader change notification received for group: group-7BFC9F12570D with new leaderId: 3e6f9aad-df43-4486-a42c-6a362a65d862
2021-01-02 03:04:35,118 [3e6f9aad-df43-4486-a42c-6a362a65d862@group-7BFC9F12570D-LeaderElection85] INFO  server.RaftServer$Division (ServerState.java:setLeader(258)) - 3e6f9aad-df43-4486-a42c-6a362a65d862@group-7BFC9F12570D: change Leader from null to 3e6f9aad-df43-4486-a42c-6a362a65d862 at term 1 for becomeLeader, leader elected after 5167ms
2021-01-02 03:04:35,118 [3e6f9aad-df43-4486-a42c-6a362a65d862@group-7BFC9F12570D-LeaderElection85] INFO  server.RaftServerConfigKeys (ConfUtils.java:logGet(44)) - raft.server.staging.catchup.gap = 1000 (default)
2021-01-02 03:04:35,118 [3e6f9aad-df43-4486-a42c-6a362a65d862@group-7BFC9F12570D-LeaderElection85] INFO  metrics.RatisMetrics (RatisMetrics.java:lambda$create$0(36)) - Creating Metrics Registry : ratis.log_appender.3e6f9aad-df43-4486-a42c-6a362a65d862@group-7BFC9F12570D
2021-01-02 03:04:35,118 [3e6f9aad-df43-4486-a42c-6a362a65d862@group-7BFC9F12570D-LeaderElection85] INFO  server.RaftServerConfigKeys (ConfUtils.java:logGet(44)) - raft.server.write.element-limit = 1024 (custom)
2021-01-02 03:04:35,118 [3e6f9aad-df43-4486-a42c-6a362a65d862@group-7BFC9F12570D-LeaderElection85] INFO  server.RaftServerConfigKeys (ConfUtils.java:logGet(44)) - raft.server.write.byte-limit = 1073741824 (custom)
2021-01-02 03:04:35,119 [3e6f9aad-df43-4486-a42c-6a362a65d862@group-7BFC9F12570D-LeaderElection85] INFO  server.RaftServerConfigKeys (ConfUtils.java:logGet(44)) - raft.server.watch.timeout = 180s (custom)
2021-01-02 03:04:35,119 [3e6f9aad-df43-4486-a42c-6a362a65d862@group-7BFC9F12570D-LeaderElection85] INFO  server.RaftServerConfigKeys (ConfUtils.java:logGet(44)) - raft.server.watch.timeout.denomination = 1s (default)
2021-01-02 03:04:35,119 [3e6f9aad-df43-4486-a42c-6a362a65d862@group-7BFC9F12570D-LeaderElection85] INFO  server.RaftServerConfigKeys (ConfUtils.java:logGet(44)) - raft.server.watch.element-limit = 65536 (default)
2021-01-02 03:04:35,119 [3e6f9aad-df43-4486-a42c-6a362a65d862@group-7BFC9F12570D-LeaderElection85] INFO  impl.RoleInfo (RoleInfo.java:updateAndGet(130)) - 3e6f9aad-df43-4486-a42c-6a362a65d862: start 3e6f9aad-df43-4486-a42c-6a362a65d862@group-7BFC9F12570D-LeaderStateImpl
2021-01-02 03:04:35,120 [3e6f9aad-df43-4486-a42c-6a362a65d862@group-7BFC9F12570D-LeaderElection85] INFO  segmented.SegmentedRaftLogWorker (SegmentedRaftLogWorker.java:startLogSegment(392)) - 3e6f9aad-df43-4486-a42c-6a362a65d862@group-7BFC9F12570D-SegmentedRaftLogWorker: Starting segment from index:0
2021-01-02 03:04:35,121 [3e6f9aad-df43-4486-a42c-6a362a65d862@group-7BFC9F12570D-LeaderElection85] INFO  server.RaftServer$Division (ServerState.java:setRaftConf(374)) - 3e6f9aad-df43-4486-a42c-6a362a65d862@group-7BFC9F12570D: set configuration 0: [3e6f9aad-df43-4486-a42c-6a362a65d862|rpc:172.17.0.2:35573|dataStream:], old=null at 0
2021-01-02 03:04:35,123 [3e6f9aad-df43-4486-a42c-6a362a65d862@group-7BFC9F12570D-SegmentedRaftLogWorker] INFO  segmented.SegmentedRaftLogWorker (SegmentedRaftLogWorker.java:execute(599)) - 3e6f9aad-df43-4486-a42c-6a362a65d862@group-7BFC9F12570D-SegmentedRaftLogWorker: created new log segment /github/workspace/mnt/ozone/hadoop-ozone/integration-test/target/test-dir/MiniOzoneClusterImpl-0875b59f-827e-470c-b6ab-7d6320bd5827/datanode-1/data/ratis/8008f6d4-f92b-4d34-8ade-7bfc9f12570d/current/log_inprogress_0
2021-01-02 03:04:35,257 [Thread-5748] INFO  impl.FollowerState (FollowerState.java:run(133)) - 1b98ba84-f03a-4745-ae67-661c5f740165@group-2BC440C7514C-FollowerState: change to CANDIDATE, lastRpcElapsedTime:5091052753ns, electionTimeout:5089ms
2021-01-02 03:04:35,258 [Thread-5748] INFO  impl.RoleInfo (RoleInfo.java:shutdownFollowerState(108)) - 1b98ba84-f03a-4745-ae67-661c5f740165: shutdown 1b98ba84-f03a-4745-ae67-661c5f740165@group-2BC440C7514C-FollowerState
2021-01-02 03:04:35,258 [Thread-5748] INFO  server.RaftServer$Division (RaftServerImpl.java:setRole(275)) - 1b98ba84-f03a-4745-ae67-661c5f740165@group-2BC440C7514C: changes role from  FOLLOWER to CANDIDATE at term 0 for changeToCandidate
2021-01-02 03:04:35,258 [Thread-5748] INFO  impl.RoleInfo (RoleInfo.java:updateAndGet(130)) - 1b98ba84-f03a-4745-ae67-661c5f740165: start 1b98ba84-f03a-4745-ae67-661c5f740165@group-2BC440C7514C-LeaderElection86
2021-01-02 03:04:35,268 [1b98ba84-f03a-4745-ae67-661c5f740165@group-2BC440C7514C-LeaderElection86] INFO  impl.LeaderElection (LeaderElection.java:askForVotes(219)) - 1b98ba84-f03a-4745-ae67-661c5f740165@group-2BC440C7514C-LeaderElection86: begin an election at term 1 for -1: [1b98ba84-f03a-4745-ae67-661c5f740165|rpc:172.17.0.2:36113], old=null
2021-01-02 03:04:35,268 [1b98ba84-f03a-4745-ae67-661c5f740165@group-2BC440C7514C-LeaderElection86] INFO  impl.RoleInfo (RoleInfo.java:shutdownLeaderElection(121)) - 1b98ba84-f03a-4745-ae67-661c5f740165: shutdown 1b98ba84-f03a-4745-ae67-661c5f740165@group-2BC440C7514C-LeaderElection86
2021-01-02 03:04:35,268 [1b98ba84-f03a-4745-ae67-661c5f740165@group-2BC440C7514C-LeaderElection86] INFO  server.RaftServer$Division (RaftServerImpl.java:setRole(275)) - 1b98ba84-f03a-4745-ae67-661c5f740165@group-2BC440C7514C: changes role from CANDIDATE to LEADER at term 1 for changeToLeader
2021-01-02 03:04:35,268 [1b98ba84-f03a-4745-ae67-661c5f740165@group-2BC440C7514C-LeaderElection86] INFO  ratis.XceiverServerRatis (XceiverServerRatis.java:handleLeaderChangedNotification(862)) - Leader change notification received for group: group-2BC440C7514C with new leaderId: 1b98ba84-f03a-4745-ae67-661c5f740165
2021-01-02 03:04:35,269 [1b98ba84-f03a-4745-ae67-661c5f740165@group-2BC440C7514C-LeaderElection86] INFO  server.RaftServer$Division (ServerState.java:setLeader(258)) - 1b98ba84-f03a-4745-ae67-661c5f740165@group-2BC440C7514C: change Leader from null to 1b98ba84-f03a-4745-ae67-661c5f740165 at term 1 for becomeLeader, leader elected after 5114ms
2021-01-02 03:04:35,269 [1b98ba84-f03a-4745-ae67-661c5f740165@group-2BC440C7514C-LeaderElection86] INFO  server.RaftServerConfigKeys (ConfUtils.java:logGet(44)) - raft.server.staging.catchup.gap = 1000 (default)
2021-01-02 03:04:35,269 [1b98ba84-f03a-4745-ae67-661c5f740165@group-2BC440C7514C-LeaderElection86] INFO  metrics.RatisMetrics (RatisMetrics.java:lambda$create$0(36)) - Creating Metrics Registry : ratis.log_appender.1b98ba84-f03a-4745-ae67-661c5f740165@group-2BC440C7514C
2021-01-02 03:04:35,270 [1b98ba84-f03a-4745-ae67-661c5f740165@group-2BC440C7514C-LeaderElection86] INFO  server.RaftServerConfigKeys (ConfUtils.java:logGet(44)) - raft.server.write.element-limit = 1024 (custom)
2021-01-02 03:04:35,270 [1b98ba84-f03a-4745-ae67-661c5f740165@group-2BC440C7514C-LeaderElection86] INFO  server.RaftServerConfigKeys (ConfUtils.java:logGet(44)) - raft.server.write.byte-limit = 1073741824 (custom)
2021-01-02 03:04:35,271 [1b98ba84-f03a-4745-ae67-661c5f740165@group-2BC440C7514C-LeaderElection86] INFO  server.RaftServerConfigKeys (ConfUtils.java:logGet(44)) - raft.server.watch.timeout = 180s (custom)
2021-01-02 03:04:35,271 [1b98ba84-f03a-4745-ae67-661c5f740165@group-2BC440C7514C-LeaderElection86] INFO  server.RaftServerConfigKeys (ConfUtils.java:logGet(44)) - raft.server.watch.timeout.denomination = 1s (default)
2021-01-02 03:04:35,271 [1b98ba84-f03a-4745-ae67-661c5f740165@group-2BC440C7514C-LeaderElection86] INFO  server.RaftServerConfigKeys (ConfUtils.java:logGet(44)) - raft.server.watch.element-limit = 65536 (default)
2021-01-02 03:04:35,271 [1b98ba84-f03a-4745-ae67-661c5f740165@group-2BC440C7514C-LeaderElection86] INFO  impl.RoleInfo (RoleInfo.java:updateAndGet(130)) - 1b98ba84-f03a-4745-ae67-661c5f740165: start 1b98ba84-f03a-4745-ae67-661c5f740165@group-2BC440C7514C-LeaderStateImpl
2021-01-02 03:04:35,272 [1b98ba84-f03a-4745-ae67-661c5f740165@group-2BC440C7514C-LeaderElection86] INFO  segmented.SegmentedRaftLogWorker (SegmentedRaftLogWorker.java:startLogSegment(392)) - 1b98ba84-f03a-4745-ae67-661c5f740165@group-2BC440C7514C-SegmentedRaftLogWorker: Starting segment from index:0
2021-01-02 03:04:35,274 [1b98ba84-f03a-4745-ae67-661c5f740165@group-2BC440C7514C-LeaderElection86] INFO  server.RaftServer$Division (ServerState.java:setRaftConf(374)) - 1b98ba84-f03a-4745-ae67-661c5f740165@group-2BC440C7514C: set configuration 0: [1b98ba84-f03a-4745-ae67-661c5f740165|rpc:172.17.0.2:36113|dataStream:], old=null at 0
2021-01-02 03:04:35,316 [1b98ba84-f03a-4745-ae67-661c5f740165@group-2BC440C7514C-SegmentedRaftLogWorker] INFO  segmented.SegmentedRaftLogWorker (SegmentedRaftLogWorker.java:execute(599)) - 1b98ba84-f03a-4745-ae67-661c5f740165@group-2BC440C7514C-SegmentedRaftLogWorker: created new log segment /github/workspace/mnt/ozone/hadoop-ozone/integration-test/target/test-dir/MiniOzoneClusterImpl-0875b59f-827e-470c-b6ab-7d6320bd5827/datanode-2/data/ratis/0850c91d-7eb7-4cd8-860d-2bc440c7514c/current/log_inprogress_0
2021-01-02 03:04:35,526 [Thread-5752] INFO  impl.FollowerState (FollowerState.java:run(133)) - fdab6853-39d3-40b9-bd2b-4dc5726d5388@group-3D3725907A1E-FollowerState: change to CANDIDATE, lastRpcElapsedTime:5044606319ns, electionTimeout:5044ms
2021-01-02 03:04:35,526 [Thread-5752] INFO  impl.RoleInfo (RoleInfo.java:shutdownFollowerState(108)) - fdab6853-39d3-40b9-bd2b-4dc5726d5388: shutdown fdab6853-39d3-40b9-bd2b-4dc5726d5388@group-3D3725907A1E-FollowerState
2021-01-02 03:04:35,526 [Thread-5752] INFO  server.RaftServer$Division (RaftServerImpl.java:setRole(275)) - fdab6853-39d3-40b9-bd2b-4dc5726d5388@group-3D3725907A1E: changes role from  FOLLOWER to CANDIDATE at term 0 for changeToCandidate
2021-01-02 03:04:35,526 [Thread-5752] INFO  impl.RoleInfo (RoleInfo.java:updateAndGet(130)) - fdab6853-39d3-40b9-bd2b-4dc5726d5388: start fdab6853-39d3-40b9-bd2b-4dc5726d5388@group-3D3725907A1E-LeaderElection87
2021-01-02 03:04:35,533 [fdab6853-39d3-40b9-bd2b-4dc5726d5388@group-3D3725907A1E-LeaderElection87] INFO  impl.LeaderElection (LeaderElection.java:askForVotes(219)) - fdab6853-39d3-40b9-bd2b-4dc5726d5388@group-3D3725907A1E-LeaderElection87: begin an election at term 1 for -1: [68eed081-0a4c-49f2-9281-4facb9240b7e|rpc:172.17.0.2:41753, fdab6853-39d3-40b9-bd2b-4dc5726d5388|rpc:172.17.0.2:36251, 5beebed6-0501-4525-80c5-dff095c8ab2d|rpc:172.17.0.2:41017], old=null
2021-01-02 03:04:35,540 [grpc-default-executor-0] INFO  server.RaftServer$Division (RaftServerImpl.java:setRole(275)) - 68eed081-0a4c-49f2-9281-4facb9240b7e@group-3D3725907A1E: changes role from  FOLLOWER to FOLLOWER at term 1 for recognizeCandidate:fdab6853-39d3-40b9-bd2b-4dc5726d5388
2021-01-02 03:04:35,540 [grpc-default-executor-0] INFO  impl.RoleInfo (RoleInfo.java:shutdownFollowerState(108)) - 68eed081-0a4c-49f2-9281-4facb9240b7e: shutdown 68eed081-0a4c-49f2-9281-4facb9240b7e@group-3D3725907A1E-FollowerState
2021-01-02 03:04:35,540 [grpc-default-executor-0] INFO  impl.RoleInfo (RoleInfo.java:updateAndGet(130)) - 68eed081-0a4c-49f2-9281-4facb9240b7e: start 68eed081-0a4c-49f2-9281-4facb9240b7e@group-3D3725907A1E-FollowerState
2021-01-02 03:04:35,540 [Thread-5754] INFO  impl.FollowerState (FollowerState.java:run(142)) - 68eed081-0a4c-49f2-9281-4facb9240b7e@group-3D3725907A1E-FollowerState was interrupted: {}
java.lang.InterruptedException: sleep interrupted
	at java.lang.Thread.sleep(Native Method)
	at java.lang.Thread.sleep(Thread.java:340)
	at java.util.concurrent.TimeUnit.sleep(TimeUnit.java:386)
	at org.apache.ratis.util.TimeDuration.sleep(TimeDuration.java:319)
	at org.apache.ratis.util.TimeDuration.sleep(TimeDuration.java:304)
	at org.apache.ratis.server.impl.FollowerState.run(FollowerState.java:117)
2021-01-02 03:04:35,540 [grpc-default-executor-0] INFO  server.RaftServer$Division (RaftServerImpl.java:requestVote(983)) -  FOLLOWER 68eed081-0a4c-49f2-9281-4facb9240b7e@group-3D3725907A1E:t1, leader=null, voted=null, raftlog=68eed081-0a4c-49f2-9281-4facb9240b7e@group-3D3725907A1E-SegmentedRaftLog:OPENED:c-1,f-1,i0, conf=-1: [68eed081-0a4c-49f2-9281-4facb9240b7e|rpc:172.17.0.2:41753|dataStream:, fdab6853-39d3-40b9-bd2b-4dc5726d5388|rpc:172.17.0.2:36251|dataStream:, 5beebed6-0501-4525-80c5-dff095c8ab2d|rpc:172.17.0.2:41017|dataStream:], old=null RUNNING priority:0 candidate:fdab6853-39d3-40b9-bd2b-4dc5726d5388|rpc:172.17.0.2:36251|dataStream: candidatePriority:0 compare:0
2021-01-02 03:04:35,544 [grpc-default-executor-0] INFO  server.RaftServer$Division (RaftServerImpl.java:setRole(275)) - 5beebed6-0501-4525-80c5-dff095c8ab2d@group-3D3725907A1E: changes role from  FOLLOWER to FOLLOWER at term 1 for recognizeCandidate:fdab6853-39d3-40b9-bd2b-4dc5726d5388
2021-01-02 03:04:35,544 [grpc-default-executor-0] INFO  impl.RoleInfo (RoleInfo.java:shutdownFollowerState(108)) - 5beebed6-0501-4525-80c5-dff095c8ab2d: shutdown 5beebed6-0501-4525-80c5-dff095c8ab2d@group-3D3725907A1E-FollowerState
2021-01-02 03:04:35,544 [grpc-default-executor-0] INFO  impl.RoleInfo (RoleInfo.java:updateAndGet(130)) - 5beebed6-0501-4525-80c5-dff095c8ab2d: start 5beebed6-0501-4525-80c5-dff095c8ab2d@group-3D3725907A1E-FollowerState
2021-01-02 03:04:35,544 [Thread-5757] INFO  impl.FollowerState (FollowerState.java:run(142)) - 5beebed6-0501-4525-80c5-dff095c8ab2d@group-3D3725907A1E-FollowerState was interrupted: {}
java.lang.InterruptedException: sleep interrupted
	at java.lang.Thread.sleep(Native Method)
	at java.lang.Thread.sleep(Thread.java:340)
	at java.util.concurrent.TimeUnit.sleep(TimeUnit.java:386)
	at org.apache.ratis.util.TimeDuration.sleep(TimeDuration.java:319)
	at org.apache.ratis.util.TimeDuration.sleep(TimeDuration.java:304)
	at org.apache.ratis.server.impl.FollowerState.run(FollowerState.java:117)
2021-01-02 03:04:35,549 [grpc-default-executor-0] INFO  server.RaftServer$Division (RaftServerImpl.java:requestVote(983)) -  FOLLOWER 5beebed6-0501-4525-80c5-dff095c8ab2d@group-3D3725907A1E:t1, leader=null, voted=null, raftlog=5beebed6-0501-4525-80c5-dff095c8ab2d@group-3D3725907A1E-SegmentedRaftLog:OPENED:c-1,f-1,i0, conf=-1: [68eed081-0a4c-49f2-9281-4facb9240b7e|rpc:172.17.0.2:41753|dataStream:, fdab6853-39d3-40b9-bd2b-4dc5726d5388|rpc:172.17.0.2:36251|dataStream:, 5beebed6-0501-4525-80c5-dff095c8ab2d|rpc:172.17.0.2:41017|dataStream:], old=null RUNNING priority:0 candidate:fdab6853-39d3-40b9-bd2b-4dc5726d5388|rpc:172.17.0.2:36251|dataStream: candidatePriority:0 compare:0
2021-01-02 03:04:35,556 [fdab6853-39d3-40b9-bd2b-4dc5726d5388@group-3D3725907A1E-LeaderElection87] INFO  impl.LeaderElection (LeaderElection.java:logAndReturn(68)) - fdab6853-39d3-40b9-bd2b-4dc5726d5388@group-3D3725907A1E-LeaderElection87: Election PASSED; received 1 response(s) [fdab6853-39d3-40b9-bd2b-4dc5726d5388<-68eed081-0a4c-49f2-9281-4facb9240b7e#0:OK-t1] and 0 exception(s); fdab6853-39d3-40b9-bd2b-4dc5726d5388@group-3D3725907A1E:t1, leader=null, voted=fdab6853-39d3-40b9-bd2b-4dc5726d5388, raftlog=fdab6853-39d3-40b9-bd2b-4dc5726d5388@group-3D3725907A1E-SegmentedRaftLog:OPENED:c-1,f-1,i0, conf=-1: [68eed081-0a4c-49f2-9281-4facb9240b7e|rpc:172.17.0.2:41753, fdab6853-39d3-40b9-bd2b-4dc5726d5388|rpc:172.17.0.2:36251, 5beebed6-0501-4525-80c5-dff095c8ab2d|rpc:172.17.0.2:41017], old=null
2021-01-02 03:04:35,556 [fdab6853-39d3-40b9-bd2b-4dc5726d5388@group-3D3725907A1E-LeaderElection87] INFO  impl.RoleInfo (RoleInfo.java:shutdownLeaderElection(121)) - fdab6853-39d3-40b9-bd2b-4dc5726d5388: shutdown fdab6853-39d3-40b9-bd2b-4dc5726d5388@group-3D3725907A1E-LeaderElection87
2021-01-02 03:04:35,557 [fdab6853-39d3-40b9-bd2b-4dc5726d5388@group-3D3725907A1E-LeaderElection87] INFO  server.RaftServer$Division (RaftServerImpl.java:setRole(275)) - fdab6853-39d3-40b9-bd2b-4dc5726d5388@group-3D3725907A1E: changes role from CANDIDATE to LEADER at term 1 for changeToLeader
2021-01-02 03:04:35,557 [fdab6853-39d3-40b9-bd2b-4dc5726d5388@group-3D3725907A1E-LeaderElection87] INFO  ratis.XceiverServerRatis (XceiverServerRatis.java:handleLeaderChangedNotification(862)) - Leader change notification received for group: group-3D3725907A1E with new leaderId: fdab6853-39d3-40b9-bd2b-4dc5726d5388
2021-01-02 03:04:35,557 [fdab6853-39d3-40b9-bd2b-4dc5726d5388@group-3D3725907A1E-LeaderElection87] INFO  server.RaftServer$Division (ServerState.java:setLeader(258)) - fdab6853-39d3-40b9-bd2b-4dc5726d5388@group-3D3725907A1E: change Leader from null to fdab6853-39d3-40b9-bd2b-4dc5726d5388 at term 1 for becomeLeader, leader elected after 5088ms
2021-01-02 03:04:35,557 [fdab6853-39d3-40b9-bd2b-4dc5726d5388@group-3D3725907A1E-LeaderElection87] INFO  server.RaftServerConfigKeys (ConfUtils.java:logGet(44)) - raft.server.staging.catchup.gap = 1000 (default)
2021-01-02 03:04:35,557 [fdab6853-39d3-40b9-bd2b-4dc5726d5388@group-3D3725907A1E-LeaderElection87] INFO  metrics.RatisMetrics (RatisMetrics.java:lambda$create$0(36)) - Creating Metrics Registry : ratis.log_appender.fdab6853-39d3-40b9-bd2b-4dc5726d5388@group-3D3725907A1E
2021-01-02 03:04:35,557 [fdab6853-39d3-40b9-bd2b-4dc5726d5388@group-3D3725907A1E-LeaderElection87] INFO  server.RaftServerConfigKeys (ConfUtils.java:logGet(44)) - raft.server.write.element-limit = 1024 (custom)
2021-01-02 03:04:35,557 [fdab6853-39d3-40b9-bd2b-4dc5726d5388@group-3D3725907A1E-LeaderElection87] INFO  server.RaftServerConfigKeys (ConfUtils.java:logGet(44)) - raft.server.write.byte-limit = 1073741824 (custom)
2021-01-02 03:04:35,558 [fdab6853-39d3-40b9-bd2b-4dc5726d5388@group-3D3725907A1E-LeaderElection87] INFO  server.RaftServerConfigKeys (ConfUtils.java:logGet(44)) - raft.server.watch.timeout = 180s (custom)
2021-01-02 03:04:35,558 [fdab6853-39d3-40b9-bd2b-4dc5726d5388@group-3D3725907A1E-LeaderElection87] INFO  server.RaftServerConfigKeys (ConfUtils.java:logGet(44)) - raft.server.watch.timeout.denomination = 1s (default)
2021-01-02 03:04:35,558 [fdab6853-39d3-40b9-bd2b-4dc5726d5388@group-3D3725907A1E-LeaderElection87] INFO  server.RaftServerConfigKeys (ConfUtils.java:logGet(44)) - raft.server.watch.element-limit = 65536 (default)
2021-01-02 03:04:35,558 [fdab6853-39d3-40b9-bd2b-4dc5726d5388@group-3D3725907A1E-LeaderElection87] INFO  server.RaftServerConfigKeys (ConfUtils.java:logGet(44)) - raft.server.log.appender.snapshot.chunk.size.max = 16MB (=16777216) (default)
2021-01-02 03:04:35,558 [fdab6853-39d3-40b9-bd2b-4dc5726d5388@group-3D3725907A1E-LeaderElection87] INFO  server.RaftServerConfigKeys (ConfUtils.java:logGet(44)) - raft.server.log.appender.buffer.byte-limit = 33554432 (custom)
2021-01-02 03:04:35,558 [fdab6853-39d3-40b9-bd2b-4dc5726d5388@group-3D3725907A1E-LeaderElection87] INFO  server.RaftServerConfigKeys (ConfUtils.java:logGet(44)) - raft.server.log.appender.buffer.element-limit = 1 (custom)
2021-01-02 03:04:35,558 [fdab6853-39d3-40b9-bd2b-4dc5726d5388@group-3D3725907A1E-LeaderElection87] INFO  grpc.GrpcConfigKeys (ConfUtils.java:logGet(44)) - raft.grpc.server.leader.outstanding.appends.max = 128 (default)
2021-01-02 03:04:35,559 [fdab6853-39d3-40b9-bd2b-4dc5726d5388@group-3D3725907A1E-LeaderElection87] INFO  server.RaftServerConfigKeys (ConfUtils.java:logGet(44)) - raft.server.rpc.request.timeout = 60s (custom)
2021-01-02 03:04:35,559 [fdab6853-39d3-40b9-bd2b-4dc5726d5388@group-3D3725907A1E-LeaderElection87] INFO  server.RaftServerConfigKeys (ConfUtils.java:logGet(44)) - raft.server.log.appender.install.snapshot.enabled = false (custom)
2021-01-02 03:04:35,559 [fdab6853-39d3-40b9-bd2b-4dc5726d5388@group-3D3725907A1E-LeaderElection87] INFO  metrics.RatisMetrics (RatisMetrics.java:lambda$create$0(36)) - Creating Metrics Registry : ratis_grpc.log_appender.fdab6853-39d3-40b9-bd2b-4dc5726d5388@group-3D3725907A1E
2021-01-02 03:04:35,560 [EventQueue-PipelineReportForPipelineReportHandler] INFO  pipeline.PipelineStateManager (PipelineStateManager.java:openPipeline(132)) - Pipeline Pipeline[ Id: e6a6e07f-d683-49c9-9cec-3d3725907a1e, Nodes: 68eed081-0a4c-49f2-9281-4facb9240b7e{ip: 172.17.0.2, host: e25e13fd87ad, networkLocation: /default-rack, certSerialId: null, persistedOpState: IN_SERVICE, persistedOpStateExpiryEpochSec: 0}fdab6853-39d3-40b9-bd2b-4dc5726d5388{ip: 172.17.0.2, host: e25e13fd87ad, networkLocation: /default-rack, certSerialId: null, persistedOpState: IN_SERVICE, persistedOpStateExpiryEpochSec: 0}5beebed6-0501-4525-80c5-dff095c8ab2d{ip: 172.17.0.2, host: e25e13fd87ad, networkLocation: /default-rack, certSerialId: null, persistedOpState: IN_SERVICE, persistedOpStateExpiryEpochSec: 0}, Type:RATIS, Factor:THREE, State:ALLOCATED, leaderId:fdab6853-39d3-40b9-bd2b-4dc5726d5388, CreationTimestamp2021-01-02T03:04:27.861Z] moved to OPEN state
2021-01-02 03:04:35,563 [fdab6853-39d3-40b9-bd2b-4dc5726d5388@group-3D3725907A1E-LeaderElection87] INFO  server.RaftServerConfigKeys (ConfUtils.java:logGet(44)) - raft.server.log.appender.snapshot.chunk.size.max = 16MB (=16777216) (default)
2021-01-02 03:04:35,563 [fdab6853-39d3-40b9-bd2b-4dc5726d5388@group-3D3725907A1E-LeaderElection87] INFO  server.RaftServerConfigKeys (ConfUtils.java:logGet(44)) - raft.server.log.appender.buffer.byte-limit = 33554432 (custom)
2021-01-02 03:04:35,563 [fdab6853-39d3-40b9-bd2b-4dc5726d5388@group-3D3725907A1E-LeaderElection87] INFO  server.RaftServerConfigKeys (ConfUtils.java:logGet(44)) - raft.server.log.appender.buffer.element-limit = 1 (custom)
2021-01-02 03:04:35,564 [fdab6853-39d3-40b9-bd2b-4dc5726d5388@group-3D3725907A1E-LeaderElection87] INFO  grpc.GrpcConfigKeys (ConfUtils.java:logGet(44)) - raft.grpc.server.leader.outstanding.appends.max = 128 (default)
2021-01-02 03:04:35,564 [fdab6853-39d3-40b9-bd2b-4dc5726d5388@group-3D3725907A1E-LeaderElection87] INFO  server.RaftServerConfigKeys (ConfUtils.java:logGet(44)) - raft.server.rpc.request.timeout = 60s (custom)
2021-01-02 03:04:35,564 [fdab6853-39d3-40b9-bd2b-4dc5726d5388@group-3D3725907A1E-LeaderElection87] INFO  server.RaftServerConfigKeys (ConfUtils.java:logGet(44)) - raft.server.log.appender.install.snapshot.enabled = false (custom)
2021-01-02 03:04:35,567 [fdab6853-39d3-40b9-bd2b-4dc5726d5388@group-3D3725907A1E-LeaderElection87] INFO  impl.RoleInfo (RoleInfo.java:updateAndGet(130)) - fdab6853-39d3-40b9-bd2b-4dc5726d5388: start fdab6853-39d3-40b9-bd2b-4dc5726d5388@group-3D3725907A1E-LeaderStateImpl
2021-01-02 03:04:35,568 [fdab6853-39d3-40b9-bd2b-4dc5726d5388@group-3D3725907A1E-LeaderElection87] INFO  segmented.SegmentedRaftLogWorker (SegmentedRaftLogWorker.java:startLogSegment(392)) - fdab6853-39d3-40b9-bd2b-4dc5726d5388@group-3D3725907A1E-SegmentedRaftLogWorker: Starting segment from index:0
2021-01-02 03:04:35,572 [fdab6853-39d3-40b9-bd2b-4dc5726d5388@group-3D3725907A1E-LeaderElection87] INFO  server.RaftServer$Division (ServerState.java:setRaftConf(374)) - fdab6853-39d3-40b9-bd2b-4dc5726d5388@group-3D3725907A1E: set configuration 0: [68eed081-0a4c-49f2-9281-4facb9240b7e|rpc:172.17.0.2:41753|dataStream:, fdab6853-39d3-40b9-bd2b-4dc5726d5388|rpc:172.17.0.2:36251|dataStream:, 5beebed6-0501-4525-80c5-dff095c8ab2d|rpc:172.17.0.2:41017|dataStream:], old=null at 0
2021-01-02 03:04:35,573 [fdab6853-39d3-40b9-bd2b-4dc5726d5388@group-3D3725907A1E-SegmentedRaftLogWorker] INFO  segmented.SegmentedRaftLogWorker (SegmentedRaftLogWorker.java:execute(599)) - fdab6853-39d3-40b9-bd2b-4dc5726d5388@group-3D3725907A1E-SegmentedRaftLogWorker: created new log segment /github/workspace/mnt/ozone/hadoop-ozone/integration-test/target/test-dir/MiniOzoneClusterImpl-0875b59f-827e-470c-b6ab-7d6320bd5827/datanode-3/data/ratis/e6a6e07f-d683-49c9-9cec-3d3725907a1e/current/log_inprogress_0
2021-01-02 03:04:35,588 [grpc-default-executor-1] INFO  ratis.XceiverServerRatis (XceiverServerRatis.java:handleLeaderChangedNotification(862)) - Leader change notification received for group: group-3D3725907A1E with new leaderId: fdab6853-39d3-40b9-bd2b-4dc5726d5388
2021-01-02 03:04:35,588 [grpc-default-executor-1] INFO  server.RaftServer$Division (ServerState.java:setLeader(258)) - 5beebed6-0501-4525-80c5-dff095c8ab2d@group-3D3725907A1E: change Leader from null to fdab6853-39d3-40b9-bd2b-4dc5726d5388 at term 1 for appendEntries, leader elected after 5059ms
2021-01-02 03:04:35,605 [grpc-default-executor-0] INFO  ratis.XceiverServerRatis (XceiverServerRatis.java:handleLeaderChangedNotification(862)) - Leader change notification received for group: group-3D3725907A1E with new leaderId: fdab6853-39d3-40b9-bd2b-4dc5726d5388
2021-01-02 03:04:35,605 [grpc-default-executor-0] INFO  server.RaftServer$Division (ServerState.java:setLeader(258)) - 68eed081-0a4c-49f2-9281-4facb9240b7e@group-3D3725907A1E: change Leader from null to fdab6853-39d3-40b9-bd2b-4dc5726d5388 at term 1 for appendEntries, leader elected after 5108ms
2021-01-02 03:04:35,615 [grpc-default-executor-0] INFO  server.RaftServer$Division (ServerState.java:setRaftConf(374)) - 68eed081-0a4c-49f2-9281-4facb9240b7e@group-3D3725907A1E: set configuration 0: [68eed081-0a4c-49f2-9281-4facb9240b7e|rpc:172.17.0.2:41753|dataStream:, fdab6853-39d3-40b9-bd2b-4dc5726d5388|rpc:172.17.0.2:36251|dataStream:, 5beebed6-0501-4525-80c5-dff095c8ab2d|rpc:172.17.0.2:41017|dataStream:], old=null at 0
2021-01-02 03:04:35,617 [grpc-default-executor-2] INFO  server.RaftServer$Division (ServerState.java:setRaftConf(374)) - 5beebed6-0501-4525-80c5-dff095c8ab2d@group-3D3725907A1E: set configuration 0: [68eed081-0a4c-49f2-9281-4facb9240b7e|rpc:172.17.0.2:41753|dataStream:, fdab6853-39d3-40b9-bd2b-4dc5726d5388|rpc:172.17.0.2:36251|dataStream:, 5beebed6-0501-4525-80c5-dff095c8ab2d|rpc:172.17.0.2:41017|dataStream:], old=null at 0
2021-01-02 03:04:35,618 [grpc-default-executor-0] INFO  segmented.SegmentedRaftLogWorker (SegmentedRaftLogWorker.java:startLogSegment(392)) - 68eed081-0a4c-49f2-9281-4facb9240b7e@group-3D3725907A1E-SegmentedRaftLogWorker: Starting segment from index:0
2021-01-02 03:04:35,618 [grpc-default-executor-2] INFO  segmented.SegmentedRaftLogWorker (SegmentedRaftLogWorker.java:startLogSegment(392)) - 5beebed6-0501-4525-80c5-dff095c8ab2d@group-3D3725907A1E-SegmentedRaftLogWorker: Starting segment from index:0
2021-01-02 03:04:35,621 [68eed081-0a4c-49f2-9281-4facb9240b7e@group-3D3725907A1E-SegmentedRaftLogWorker] INFO  segmented.SegmentedRaftLogWorker (SegmentedRaftLogWorker.java:execute(599)) - 68eed081-0a4c-49f2-9281-4facb9240b7e@group-3D3725907A1E-SegmentedRaftLogWorker: created new log segment /github/workspace/mnt/ozone/hadoop-ozone/integration-test/target/test-dir/MiniOzoneClusterImpl-0875b59f-827e-470c-b6ab-7d6320bd5827/datanode-5/data/ratis/e6a6e07f-d683-49c9-9cec-3d3725907a1e/current/log_inprogress_0
2021-01-02 03:04:35,622 [5beebed6-0501-4525-80c5-dff095c8ab2d@group-3D3725907A1E-SegmentedRaftLogWorker] INFO  segmented.SegmentedRaftLogWorker (SegmentedRaftLogWorker.java:execute(599)) - 5beebed6-0501-4525-80c5-dff095c8ab2d@group-3D3725907A1E-SegmentedRaftLogWorker: created new log segment /github/workspace/mnt/ozone/hadoop-ozone/integration-test/target/test-dir/MiniOzoneClusterImpl-0875b59f-827e-470c-b6ab-7d6320bd5827/datanode-4/data/ratis/e6a6e07f-d683-49c9-9cec-3d3725907a1e/current/log_inprogress_0
2021-01-02 03:04:35,644 [Thread-5750] INFO  impl.FollowerState (FollowerState.java:run(133)) - fdab6853-39d3-40b9-bd2b-4dc5726d5388@group-387A039530FE-FollowerState: change to CANDIDATE, lastRpcElapsedTime:5182355419ns, electionTimeout:5182ms
2021-01-02 03:04:35,644 [Thread-5750] INFO  impl.RoleInfo (RoleInfo.java:shutdownFollowerState(108)) - fdab6853-39d3-40b9-bd2b-4dc5726d5388: shutdown fdab6853-39d3-40b9-bd2b-4dc5726d5388@group-387A039530FE-FollowerState
2021-01-02 03:04:35,644 [Thread-5750] INFO  server.RaftServer$Division (RaftServerImpl.java:setRole(275)) - fdab6853-39d3-40b9-bd2b-4dc5726d5388@group-387A039530FE: changes role from  FOLLOWER to CANDIDATE at term 0 for changeToCandidate
2021-01-02 03:04:35,644 [Thread-5750] INFO  impl.RoleInfo (RoleInfo.java:updateAndGet(130)) - fdab6853-39d3-40b9-bd2b-4dc5726d5388: start fdab6853-39d3-40b9-bd2b-4dc5726d5388@group-387A039530FE-LeaderElection88
2021-01-02 03:04:35,648 [fdab6853-39d3-40b9-bd2b-4dc5726d5388@group-387A039530FE-LeaderElection88] INFO  impl.LeaderElection (LeaderElection.java:askForVotes(219)) - fdab6853-39d3-40b9-bd2b-4dc5726d5388@group-387A039530FE-LeaderElection88: begin an election at term 1 for -1: [fdab6853-39d3-40b9-bd2b-4dc5726d5388|rpc:172.17.0.2:36251], old=null
2021-01-02 03:04:35,648 [fdab6853-39d3-40b9-bd2b-4dc5726d5388@group-387A039530FE-LeaderElection88] INFO  impl.RoleInfo (RoleInfo.java:shutdownLeaderElection(121)) - fdab6853-39d3-40b9-bd2b-4dc5726d5388: shutdown fdab6853-39d3-40b9-bd2b-4dc5726d5388@group-387A039530FE-LeaderElection88
2021-01-02 03:04:35,649 [fdab6853-39d3-40b9-bd2b-4dc5726d5388@group-387A039530FE-LeaderElection88] INFO  server.RaftServer$Division (RaftServerImpl.java:setRole(275)) - fdab6853-39d3-40b9-bd2b-4dc5726d5388@group-387A039530FE: changes role from CANDIDATE to LEADER at term 1 for changeToLeader
2021-01-02 03:04:35,649 [fdab6853-39d3-40b9-bd2b-4dc5726d5388@group-387A039530FE-LeaderElection88] INFO  ratis.XceiverServerRatis (XceiverServerRatis.java:handleLeaderChangedNotification(862)) - Leader change notification received for group: group-387A039530FE with new leaderId: fdab6853-39d3-40b9-bd2b-4dc5726d5388
2021-01-02 03:04:35,649 [fdab6853-39d3-40b9-bd2b-4dc5726d5388@group-387A039530FE-LeaderElection88] INFO  server.RaftServer$Division (ServerState.java:setLeader(258)) - fdab6853-39d3-40b9-bd2b-4dc5726d5388@group-387A039530FE: change Leader from null to fdab6853-39d3-40b9-bd2b-4dc5726d5388 at term 1 for becomeLeader, leader elected after 5199ms
2021-01-02 03:04:35,649 [fdab6853-39d3-40b9-bd2b-4dc5726d5388@group-387A039530FE-LeaderElection88] INFO  server.RaftServerConfigKeys (ConfUtils.java:logGet(44)) - raft.server.staging.catchup.gap = 1000 (default)
2021-01-02 03:04:35,649 [fdab6853-39d3-40b9-bd2b-4dc5726d5388@group-387A039530FE-LeaderElection88] INFO  metrics.RatisMetrics (RatisMetrics.java:lambda$create$0(36)) - Creating Metrics Registry : ratis.log_appender.fdab6853-39d3-40b9-bd2b-4dc5726d5388@group-387A039530FE
2021-01-02 03:04:35,650 [fdab6853-39d3-40b9-bd2b-4dc5726d5388@group-387A039530FE-LeaderElection88] INFO  server.RaftServerConfigKeys (ConfUtils.java:logGet(44)) - raft.server.write.element-limit = 1024 (custom)
2021-01-02 03:04:35,650 [fdab6853-39d3-40b9-bd2b-4dc5726d5388@group-387A039530FE-LeaderElection88] INFO  server.RaftServerConfigKeys (ConfUtils.java:logGet(44)) - raft.server.write.byte-limit = 1073741824 (custom)
2021-01-02 03:04:35,651 [fdab6853-39d3-40b9-bd2b-4dc5726d5388@group-387A039530FE-LeaderElection88] INFO  server.RaftServerConfigKeys (ConfUtils.java:logGet(44)) - raft.server.watch.timeout = 180s (custom)
2021-01-02 03:04:35,651 [fdab6853-39d3-40b9-bd2b-4dc5726d5388@group-387A039530FE-LeaderElection88] INFO  server.RaftServerConfigKeys (ConfUtils.java:logGet(44)) - raft.server.watch.timeout.denomination = 1s (default)
2021-01-02 03:04:35,651 [fdab6853-39d3-40b9-bd2b-4dc5726d5388@group-387A039530FE-LeaderElection88] INFO  server.RaftServerConfigKeys (ConfUtils.java:logGet(44)) - raft.server.watch.element-limit = 65536 (default)
2021-01-02 03:04:35,651 [fdab6853-39d3-40b9-bd2b-4dc5726d5388@group-387A039530FE-LeaderElection88] INFO  impl.RoleInfo (RoleInfo.java:updateAndGet(130)) - fdab6853-39d3-40b9-bd2b-4dc5726d5388: start fdab6853-39d3-40b9-bd2b-4dc5726d5388@group-387A039530FE-LeaderStateImpl
2021-01-02 03:04:35,652 [fdab6853-39d3-40b9-bd2b-4dc5726d5388@group-387A039530FE-LeaderElection88] INFO  segmented.SegmentedRaftLogWorker (SegmentedRaftLogWorker.java:startLogSegment(392)) - fdab6853-39d3-40b9-bd2b-4dc5726d5388@group-387A039530FE-SegmentedRaftLogWorker: Starting segment from index:0
2021-01-02 03:04:35,653 [fdab6853-39d3-40b9-bd2b-4dc5726d5388@group-387A039530FE-LeaderElection88] INFO  server.RaftServer$Division (ServerState.java:setRaftConf(374)) - fdab6853-39d3-40b9-bd2b-4dc5726d5388@group-387A039530FE: set configuration 0: [fdab6853-39d3-40b9-bd2b-4dc5726d5388|rpc:172.17.0.2:36251|dataStream:], old=null at 0
2021-01-02 03:04:35,653 [fdab6853-39d3-40b9-bd2b-4dc5726d5388@group-387A039530FE-SegmentedRaftLogWorker] INFO  segmented.SegmentedRaftLogWorker (SegmentedRaftLogWorker.java:execute(599)) - fdab6853-39d3-40b9-bd2b-4dc5726d5388@group-387A039530FE-SegmentedRaftLogWorker: created new log segment /github/workspace/mnt/ozone/hadoop-ozone/integration-test/target/test-dir/MiniOzoneClusterImpl-0875b59f-827e-470c-b6ab-7d6320bd5827/datanode-3/data/ratis/ab04beb3-6556-4d9b-a28b-387a039530fe/current/log_inprogress_0
2021-01-02 03:04:35,850 [Thread-5760] INFO  impl.FollowerState (FollowerState.java:run(133)) - 5beebed6-0501-4525-80c5-dff095c8ab2d@group-135A2C030FBE-FollowerState: change to CANDIDATE, lastRpcElapsedTime:5184471733ns, electionTimeout:5184ms
2021-01-02 03:04:35,851 [Thread-5760] INFO  impl.RoleInfo (RoleInfo.java:shutdownFollowerState(108)) - 5beebed6-0501-4525-80c5-dff095c8ab2d: shutdown 5beebed6-0501-4525-80c5-dff095c8ab2d@group-135A2C030FBE-FollowerState
2021-01-02 03:04:35,851 [Thread-5760] INFO  server.RaftServer$Division (RaftServerImpl.java:setRole(275)) - 5beebed6-0501-4525-80c5-dff095c8ab2d@group-135A2C030FBE: changes role from  FOLLOWER to CANDIDATE at term 0 for changeToCandidate
2021-01-02 03:04:35,851 [Thread-5760] INFO  impl.RoleInfo (RoleInfo.java:updateAndGet(130)) - 5beebed6-0501-4525-80c5-dff095c8ab2d: start 5beebed6-0501-4525-80c5-dff095c8ab2d@group-135A2C030FBE-LeaderElection89
2021-01-02 03:04:35,855 [5beebed6-0501-4525-80c5-dff095c8ab2d@group-135A2C030FBE-LeaderElection89] INFO  impl.LeaderElection (LeaderElection.java:askForVotes(219)) - 5beebed6-0501-4525-80c5-dff095c8ab2d@group-135A2C030FBE-LeaderElection89: begin an election at term 1 for -1: [5beebed6-0501-4525-80c5-dff095c8ab2d|rpc:172.17.0.2:41017], old=null
2021-01-02 03:04:35,855 [5beebed6-0501-4525-80c5-dff095c8ab2d@group-135A2C030FBE-LeaderElection89] INFO  impl.RoleInfo (RoleInfo.java:shutdownLeaderElection(121)) - 5beebed6-0501-4525-80c5-dff095c8ab2d: shutdown 5beebed6-0501-4525-80c5-dff095c8ab2d@group-135A2C030FBE-LeaderElection89
2021-01-02 03:04:35,855 [5beebed6-0501-4525-80c5-dff095c8ab2d@group-135A2C030FBE-LeaderElection89] INFO  server.RaftServer$Division (RaftServerImpl.java:setRole(275)) - 5beebed6-0501-4525-80c5-dff095c8ab2d@group-135A2C030FBE: changes role from CANDIDATE to LEADER at term 1 for changeToLeader
2021-01-02 03:04:35,855 [5beebed6-0501-4525-80c5-dff095c8ab2d@group-135A2C030FBE-LeaderElection89] INFO  ratis.XceiverServerRatis (XceiverServerRatis.java:handleLeaderChangedNotification(862)) - Leader change notification received for group: group-135A2C030FBE with new leaderId: 5beebed6-0501-4525-80c5-dff095c8ab2d
2021-01-02 03:04:35,855 [5beebed6-0501-4525-80c5-dff095c8ab2d@group-135A2C030FBE-LeaderElection89] INFO  server.RaftServer$Division (ServerState.java:setLeader(258)) - 5beebed6-0501-4525-80c5-dff095c8ab2d@group-135A2C030FBE: change Leader from null to 5beebed6-0501-4525-80c5-dff095c8ab2d at term 1 for becomeLeader, leader elected after 5202ms
2021-01-02 03:04:35,855 [5beebed6-0501-4525-80c5-dff095c8ab2d@group-135A2C030FBE-LeaderElection89] INFO  server.RaftServerConfigKeys (ConfUtils.java:logGet(44)) - raft.server.staging.catchup.gap = 1000 (default)
2021-01-02 03:04:35,855 [5beebed6-0501-4525-80c5-dff095c8ab2d@group-135A2C030FBE-LeaderElection89] INFO  metrics.RatisMetrics (RatisMetrics.java:lambda$create$0(36)) - Creating Metrics Registry : ratis.log_appender.5beebed6-0501-4525-80c5-dff095c8ab2d@group-135A2C030FBE
2021-01-02 03:04:35,856 [5beebed6-0501-4525-80c5-dff095c8ab2d@group-135A2C030FBE-LeaderElection89] INFO  server.RaftServerConfigKeys (ConfUtils.java:logGet(44)) - raft.server.write.element-limit = 1024 (custom)
2021-01-02 03:04:35,856 [5beebed6-0501-4525-80c5-dff095c8ab2d@group-135A2C030FBE-LeaderElection89] INFO  server.RaftServerConfigKeys (ConfUtils.java:logGet(44)) - raft.server.write.byte-limit = 1073741824 (custom)
2021-01-02 03:04:35,857 [5beebed6-0501-4525-80c5-dff095c8ab2d@group-135A2C030FBE-LeaderElection89] INFO  server.RaftServerConfigKeys (ConfUtils.java:logGet(44)) - raft.server.watch.timeout = 180s (custom)
2021-01-02 03:04:35,857 [5beebed6-0501-4525-80c5-dff095c8ab2d@group-135A2C030FBE-LeaderElection89] INFO  server.RaftServerConfigKeys (ConfUtils.java:logGet(44)) - raft.server.watch.timeout.denomination = 1s (default)
2021-01-02 03:04:35,857 [5beebed6-0501-4525-80c5-dff095c8ab2d@group-135A2C030FBE-LeaderElection89] INFO  server.RaftServerConfigKeys (ConfUtils.java:logGet(44)) - raft.server.watch.element-limit = 65536 (default)
2021-01-02 03:04:35,857 [5beebed6-0501-4525-80c5-dff095c8ab2d@group-135A2C030FBE-LeaderElection89] INFO  impl.RoleInfo (RoleInfo.java:updateAndGet(130)) - 5beebed6-0501-4525-80c5-dff095c8ab2d: start 5beebed6-0501-4525-80c5-dff095c8ab2d@group-135A2C030FBE-LeaderStateImpl
2021-01-02 03:04:35,857 [5beebed6-0501-4525-80c5-dff095c8ab2d@group-135A2C030FBE-LeaderElection89] INFO  segmented.SegmentedRaftLogWorker (SegmentedRaftLogWorker.java:startLogSegment(392)) - 5beebed6-0501-4525-80c5-dff095c8ab2d@group-135A2C030FBE-SegmentedRaftLogWorker: Starting segment from index:0
2021-01-02 03:04:35,859 [5beebed6-0501-4525-80c5-dff095c8ab2d@group-135A2C030FBE-LeaderElection89] INFO  server.RaftServer$Division (ServerState.java:setRaftConf(374)) - 5beebed6-0501-4525-80c5-dff095c8ab2d@group-135A2C030FBE: set configuration 0: [5beebed6-0501-4525-80c5-dff095c8ab2d|rpc:172.17.0.2:41017|dataStream:], old=null at 0
2021-01-02 03:04:35,859 [5beebed6-0501-4525-80c5-dff095c8ab2d@group-135A2C030FBE-SegmentedRaftLogWorker] INFO  segmented.SegmentedRaftLogWorker (SegmentedRaftLogWorker.java:execute(599)) - 5beebed6-0501-4525-80c5-dff095c8ab2d@group-135A2C030FBE-SegmentedRaftLogWorker: created new log segment /github/workspace/mnt/ozone/hadoop-ozone/integration-test/target/test-dir/MiniOzoneClusterImpl-0875b59f-827e-470c-b6ab-7d6320bd5827/datanode-4/data/ratis/613a063c-d7e0-43a7-89b6-135a2c030fbe/current/log_inprogress_0
2021-01-02 03:04:35,860 [Listener at 127.0.0.1/38109] INFO  ozone.MiniOzoneClusterImpl (MiniOzoneClusterImpl.java:lambda$waitForClusterToBeReady$0(178)) - Nodes are ready. Got 6 of 6 DN Heartbeats.
2021-01-02 03:04:35,860 [Listener at 127.0.0.1/38109] INFO  ozone.MiniOzoneClusterImpl (MiniOzoneClusterImpl.java:lambda$waitForClusterToBeReady$0(181)) - Cluster exits safe mode
2021-01-02 03:04:35,885 [Listener at 127.0.0.1/38109] INFO  rpc.RpcClient (RpcClient.java:createVolume(273)) - Creating Volume: vol1, with user32631 as owner.
2021-01-02 03:04:35,886 [IPC Server handler 7 on default port 38109] INFO  volume.OMVolumeCreateRequest (OMVolumeCreateRequest.java:validateAndUpdateCache(196)) - created volume:vol1 for user:user32631
2021-01-02 03:04:35,894 [Listener at 127.0.0.1/38109] INFO  rpc.RpcClient (RpcClient.java:createBucket(429)) - Creating Bucket: vol1/bucket1, with Versioning false and Storage Type set to DISK and Encryption set to false 
2021-01-02 03:04:36,009 [Thread-5762] INFO  impl.FollowerState (FollowerState.java:run(133)) - 68eed081-0a4c-49f2-9281-4facb9240b7e@group-CD07572AE854-FollowerState: change to CANDIDATE, lastRpcElapsedTime:5134389833ns, electionTimeout:5134ms
2021-01-02 03:04:36,010 [Thread-5762] INFO  impl.RoleInfo (RoleInfo.java:shutdownFollowerState(108)) - 68eed081-0a4c-49f2-9281-4facb9240b7e: shutdown 68eed081-0a4c-49f2-9281-4facb9240b7e@group-CD07572AE854-FollowerState
2021-01-02 03:04:36,010 [Thread-5762] INFO  server.RaftServer$Division (RaftServerImpl.java:setRole(275)) - 68eed081-0a4c-49f2-9281-4facb9240b7e@group-CD07572AE854: changes role from  FOLLOWER to CANDIDATE at term 0 for changeToCandidate
2021-01-02 03:04:36,010 [Thread-5762] INFO  impl.RoleInfo (RoleInfo.java:updateAndGet(130)) - 68eed081-0a4c-49f2-9281-4facb9240b7e: start 68eed081-0a4c-49f2-9281-4facb9240b7e@group-CD07572AE854-LeaderElection90
2021-01-02 03:04:36,019 [68eed081-0a4c-49f2-9281-4facb9240b7e@group-CD07572AE854-LeaderElection90] INFO  impl.LeaderElection (LeaderElection.java:askForVotes(219)) - 68eed081-0a4c-49f2-9281-4facb9240b7e@group-CD07572AE854-LeaderElection90: begin an election at term 1 for -1: [68eed081-0a4c-49f2-9281-4facb9240b7e|rpc:172.17.0.2:41753], old=null
2021-01-02 03:04:36,019 [68eed081-0a4c-49f2-9281-4facb9240b7e@group-CD07572AE854-LeaderElection90] INFO  impl.RoleInfo (RoleInfo.java:shutdownLeaderElection(121)) - 68eed081-0a4c-49f2-9281-4facb9240b7e: shutdown 68eed081-0a4c-49f2-9281-4facb9240b7e@group-CD07572AE854-LeaderElection90
2021-01-02 03:04:36,019 [68eed081-0a4c-49f2-9281-4facb9240b7e@group-CD07572AE854-LeaderElection90] INFO  server.RaftServer$Division (RaftServerImpl.java:setRole(275)) - 68eed081-0a4c-49f2-9281-4facb9240b7e@group-CD07572AE854: changes role from CANDIDATE to LEADER at term 1 for changeToLeader
2021-01-02 03:04:36,019 [68eed081-0a4c-49f2-9281-4facb9240b7e@group-CD07572AE854-LeaderElection90] INFO  ratis.XceiverServerRatis (XceiverServerRatis.java:handleLeaderChangedNotification(862)) - Leader change notification received for group: group-CD07572AE854 with new leaderId: 68eed081-0a4c-49f2-9281-4facb9240b7e
2021-01-02 03:04:36,019 [68eed081-0a4c-49f2-9281-4facb9240b7e@group-CD07572AE854-LeaderElection90] INFO  server.RaftServer$Division (ServerState.java:setLeader(258)) - 68eed081-0a4c-49f2-9281-4facb9240b7e@group-CD07572AE854: change Leader from null to 68eed081-0a4c-49f2-9281-4facb9240b7e at term 1 for becomeLeader, leader elected after 5155ms
2021-01-02 03:04:36,020 [68eed081-0a4c-49f2-9281-4facb9240b7e@group-CD07572AE854-LeaderElection90] INFO  server.RaftServerConfigKeys (ConfUtils.java:logGet(44)) - raft.server.staging.catchup.gap = 1000 (default)
2021-01-02 03:04:36,020 [68eed081-0a4c-49f2-9281-4facb9240b7e@group-CD07572AE854-LeaderElection90] INFO  metrics.RatisMetrics (RatisMetrics.java:lambda$create$0(36)) - Creating Metrics Registry : ratis.log_appender.68eed081-0a4c-49f2-9281-4facb9240b7e@group-CD07572AE854
2021-01-02 03:04:36,020 [68eed081-0a4c-49f2-9281-4facb9240b7e@group-CD07572AE854-LeaderElection90] INFO  server.RaftServerConfigKeys (ConfUtils.java:logGet(44)) - raft.server.write.element-limit = 1024 (custom)
2021-01-02 03:04:36,020 [68eed081-0a4c-49f2-9281-4facb9240b7e@group-CD07572AE854-LeaderElection90] INFO  server.RaftServerConfigKeys (ConfUtils.java:logGet(44)) - raft.server.write.byte-limit = 1073741824 (custom)
2021-01-02 03:04:36,022 [68eed081-0a4c-49f2-9281-4facb9240b7e@group-CD07572AE854-LeaderElection90] INFO  server.RaftServerConfigKeys (ConfUtils.java:logGet(44)) - raft.server.watch.timeout = 180s (custom)
2021-01-02 03:04:36,022 [68eed081-0a4c-49f2-9281-4facb9240b7e@group-CD07572AE854-LeaderElection90] INFO  server.RaftServerConfigKeys (ConfUtils.java:logGet(44)) - raft.server.watch.timeout.denomination = 1s (default)
2021-01-02 03:04:36,022 [68eed081-0a4c-49f2-9281-4facb9240b7e@group-CD07572AE854-LeaderElection90] INFO  server.RaftServerConfigKeys (ConfUtils.java:logGet(44)) - raft.server.watch.element-limit = 65536 (default)
2021-01-02 03:04:36,022 [68eed081-0a4c-49f2-9281-4facb9240b7e@group-CD07572AE854-LeaderElection90] INFO  impl.RoleInfo (RoleInfo.java:updateAndGet(130)) - 68eed081-0a4c-49f2-9281-4facb9240b7e: start 68eed081-0a4c-49f2-9281-4facb9240b7e@group-CD07572AE854-LeaderStateImpl
2021-01-02 03:04:36,022 [68eed081-0a4c-49f2-9281-4facb9240b7e@group-CD07572AE854-LeaderElection90] INFO  segmented.SegmentedRaftLogWorker (SegmentedRaftLogWorker.java:startLogSegment(392)) - 68eed081-0a4c-49f2-9281-4facb9240b7e@group-CD07572AE854-SegmentedRaftLogWorker: Starting segment from index:0
2021-01-02 03:04:36,023 [68eed081-0a4c-49f2-9281-4facb9240b7e@group-CD07572AE854-LeaderElection90] INFO  server.RaftServer$Division (ServerState.java:setRaftConf(374)) - 68eed081-0a4c-49f2-9281-4facb9240b7e@group-CD07572AE854: set configuration 0: [68eed081-0a4c-49f2-9281-4facb9240b7e|rpc:172.17.0.2:41753|dataStream:], old=null at 0
2021-01-02 03:04:36,025 [68eed081-0a4c-49f2-9281-4facb9240b7e@group-CD07572AE854-SegmentedRaftLogWorker] INFO  segmented.SegmentedRaftLogWorker (SegmentedRaftLogWorker.java:execute(599)) - 68eed081-0a4c-49f2-9281-4facb9240b7e@group-CD07572AE854-SegmentedRaftLogWorker: created new log segment /github/workspace/mnt/ozone/hadoop-ozone/integration-test/target/test-dir/MiniOzoneClusterImpl-0875b59f-827e-470c-b6ab-7d6320bd5827/datanode-5/data/ratis/cae66dc0-aff1-4415-a378-cd07572ae854/current/log_inprogress_0
2021-01-02 03:04:37,902 [EventQueue-Delayed safe mode statusForReplicationManager] INFO  container.ReplicationManager (ReplicationManager.java:start(186)) - Starting Replication Monitor Thread.
2021-01-02 03:04:37,902 [ReplicationMonitor] INFO  container.ReplicationManager (ReplicationManager.java:run(250)) - Replication Monitor Thread took 0 milliseconds for processing 0 containers.
2021-01-02 03:04:38,099 [Listener at 127.0.0.1/38109] INFO  container.ReplicationManager (ReplicationManager.java:stop(227)) - Stopping Replication Monitor Thread.
2021-01-02 03:04:38,112 [Listener at 127.0.0.1/38109] INFO  metrics.RatisMetrics (RatisMetrics.java:lambda$create$0(36)) - Creating Metrics Registry : ratis.client_message_metrics.client-2B1CE2509791->ace74568-a36a-4c06-abbe-7d05c77e5c4e
2021-01-02 03:04:38,117 [grpc-default-executor-0] INFO  metrics.RatisMetrics (RatisMetrics.java:lambda$create$0(36)) - Creating Metrics Registry : ratis.server_message_metrics.ace74568-a36a-4c06-abbe-7d05c77e5c4e
2021-01-02 03:04:38,207 [Listener at 127.0.0.1/38109] INFO  metrics.RatisMetrics (RatisMetrics.java:lambda$create$0(36)) - Creating Metrics Registry : ratis.client_message_metrics.client-A664F2224489->fdab6853-39d3-40b9-bd2b-4dc5726d5388
2021-01-02 03:04:38,213 [grpc-default-executor-2] INFO  metrics.RatisMetrics (RatisMetrics.java:lambda$create$0(36)) - Creating Metrics Registry : ratis.server_message_metrics.fdab6853-39d3-40b9-bd2b-4dc5726d5388
2021-01-02 03:04:41,380 [IPC Server handler 1 on default port 33083] INFO  node.NodeDecommissionManager (NodeDecommissionManager.java:startMaintenance(344)) - Starting Maintenance for node ace74568-a36a-4c06-abbe-7d05c77e5c4e{ip: 172.17.0.2, host: e25e13fd87ad, networkLocation: /default-rack, certSerialId: null, persistedOpState: IN_SERVICE, persistedOpStateExpiryEpochSec: 0}
2021-01-02 03:04:41,380 [IPC Server handler 1 on default port 33083] INFO  node.NodeDecommissionManager (NodeDecommissionManager.java:startMaintenance(344)) - Starting Maintenance for node 1b98ba84-f03a-4745-ae67-661c5f740165{ip: 172.17.0.2, host: e25e13fd87ad, networkLocation: /default-rack, certSerialId: null, persistedOpState: IN_SERVICE, persistedOpStateExpiryEpochSec: 0}
2021-01-02 03:04:41,380 [IPC Server handler 1 on default port 33083] INFO  node.NodeDecommissionManager (NodeDecommissionManager.java:startMaintenance(344)) - Starting Maintenance for node 3e6f9aad-df43-4486-a42c-6a362a65d862{ip: 172.17.0.2, host: e25e13fd87ad, networkLocation: /default-rack, certSerialId: null, persistedOpState: IN_SERVICE, persistedOpStateExpiryEpochSec: 0}
2021-01-02 03:04:41,401 [IPC Server handler 0 on default port 43483] INFO  node.SCMNodeManager (SCMNodeManager.java:updateDatanodeOpState(419)) - Scheduling a command to update the operationalState persisted on the datanode as the reported value (IN_SERVICE, 0) does not match the value stored in SCM (ENTERING_MAINTENANCE, 0)
2021-01-02 03:04:41,406 [IPC Server handler 2 on default port 43483] INFO  node.SCMNodeManager (SCMNodeManager.java:updateDatanodeOpState(419)) - Scheduling a command to update the operationalState persisted on the datanode as the reported value (IN_SERVICE, 0) does not match the value stored in SCM (ENTERING_MAINTENANCE, 0)
2021-01-02 03:04:41,420 [IPC Server handler 14 on default port 43483] INFO  node.SCMNodeManager (SCMNodeManager.java:updateDatanodeOpState(419)) - Scheduling a command to update the operationalState persisted on the datanode as the reported value (IN_SERVICE, 0) does not match the value stored in SCM (ENTERING_MAINTENANCE, 0)
2021-01-02 03:04:42,256 [DatanodeAdminManager-0] INFO  node.DatanodeAdminMonitorImpl (DatanodeAdminMonitorImpl.java:checkPipelinesClosedOnNode(267)) - Waiting for pipelines to close for ace74568-a36a-4c06-abbe-7d05c77e5c4e{ip: 172.17.0.2, host: e25e13fd87ad, networkLocation: /default-rack, certSerialId: null, persistedOpState: IN_SERVICE, persistedOpStateExpiryEpochSec: 0}. There are 2 pipelines
2021-01-02 03:04:42,256 [DatanodeAdminManager-0] INFO  node.DatanodeAdminMonitorImpl (DatanodeAdminMonitorImpl.java:checkPipelinesClosedOnNode(267)) - Waiting for pipelines to close for 1b98ba84-f03a-4745-ae67-661c5f740165{ip: 172.17.0.2, host: e25e13fd87ad, networkLocation: /default-rack, certSerialId: null, persistedOpState: IN_SERVICE, persistedOpStateExpiryEpochSec: 0}. There are 2 pipelines
2021-01-02 03:04:42,256 [DatanodeAdminManager-0] INFO  node.DatanodeAdminMonitorImpl (DatanodeAdminMonitorImpl.java:checkPipelinesClosedOnNode(267)) - Waiting for pipelines to close for 3e6f9aad-df43-4486-a42c-6a362a65d862{ip: 172.17.0.2, host: e25e13fd87ad, networkLocation: /default-rack, certSerialId: null, persistedOpState: IN_SERVICE, persistedOpStateExpiryEpochSec: 0}. There are 2 pipelines
2021-01-02 03:04:42,256 [DatanodeAdminManager-0] INFO  node.DatanodeAdminMonitorImpl (DatanodeAdminMonitorImpl.java:run(136)) - There are 3 nodes tracked for decommission and maintenance. 0 pending nodes.
2021-01-02 03:04:42,256 [EventQueue-StartAdminOnNodeForStartDatanodeAdminHandler] INFO  node.StartDatanodeAdminHandler (StartDatanodeAdminHandler.java:onMessage(56)) - Admin start on datanode ace74568-a36a-4c06-abbe-7d05c77e5c4e{ip: 172.17.0.2, host: e25e13fd87ad, networkLocation: /default-rack, certSerialId: null, persistedOpState: IN_SERVICE, persistedOpStateExpiryEpochSec: 0}. Finalizing its pipelines [PipelineID=364500dc-a1aa-4eb2-8192-a3a9f4cd806e, PipelineID=e40a138e-87d1-4b6b-8f52-5dd6f1057fd6]
2021-01-02 03:04:42,257 [EventQueue-StartAdminOnNodeForStartDatanodeAdminHandler] INFO  pipeline.SCMPipelineManager (SCMPipelineManager.java:finalizeAndDestroyPipeline(482)) - Destroying pipeline:Pipeline[ Id: 364500dc-a1aa-4eb2-8192-a3a9f4cd806e, Nodes: ace74568-a36a-4c06-abbe-7d05c77e5c4e{ip: 172.17.0.2, host: e25e13fd87ad, networkLocation: /default-rack, certSerialId: null, persistedOpState: IN_SERVICE, persistedOpStateExpiryEpochSec: 0}, Type:RATIS, Factor:ONE, State:OPEN, leaderId:ace74568-a36a-4c06-abbe-7d05c77e5c4e, CreationTimestamp2021-01-02T03:04:26.742Z]
2021-01-02 03:04:42,257 [EventQueue-StartAdminOnNodeForStartDatanodeAdminHandler] INFO  pipeline.PipelineStateManager (PipelineStateManager.java:finalizePipeline(121)) - Pipeline Pipeline[ Id: 364500dc-a1aa-4eb2-8192-a3a9f4cd806e, Nodes: ace74568-a36a-4c06-abbe-7d05c77e5c4e{ip: 172.17.0.2, host: e25e13fd87ad, networkLocation: /default-rack, certSerialId: null, persistedOpState: IN_SERVICE, persistedOpStateExpiryEpochSec: 0}, Type:RATIS, Factor:ONE, State:CLOSED, leaderId:ace74568-a36a-4c06-abbe-7d05c77e5c4e, CreationTimestamp2021-01-02T03:04:26.742Z] moved to CLOSED state
2021-01-02 03:04:42,257 [EventQueue-StartAdminOnNodeForStartDatanodeAdminHandler] INFO  pipeline.RatisPipelineProvider (RatisPipelineProvider.java:lambda$close$1(199)) - Send pipeline:PipelineID=364500dc-a1aa-4eb2-8192-a3a9f4cd806e close command to datanode ace74568-a36a-4c06-abbe-7d05c77e5c4e
2021-01-02 03:04:42,257 [EventQueue-StartAdminOnNodeForStartDatanodeAdminHandler] INFO  pipeline.PipelineStateManager (PipelineStateManager.java:removePipeline(106)) - Pipeline Pipeline[ Id: 364500dc-a1aa-4eb2-8192-a3a9f4cd806e, Nodes: ace74568-a36a-4c06-abbe-7d05c77e5c4e{ip: 172.17.0.2, host: e25e13fd87ad, networkLocation: /default-rack, certSerialId: null, persistedOpState: IN_SERVICE, persistedOpStateExpiryEpochSec: 0}, Type:RATIS, Factor:ONE, State:CLOSED, leaderId:ace74568-a36a-4c06-abbe-7d05c77e5c4e, CreationTimestamp2021-01-02T03:04:26.742Z] removed from db
2021-01-02 03:04:42,259 [EventQueue-StartAdminOnNodeForStartDatanodeAdminHandler] INFO  pipeline.SCMPipelineManager (SCMPipelineManager.java:finalizeAndDestroyPipeline(482)) - Destroying pipeline:Pipeline[ Id: e40a138e-87d1-4b6b-8f52-5dd6f1057fd6, Nodes: ace74568-a36a-4c06-abbe-7d05c77e5c4e{ip: 172.17.0.2, host: e25e13fd87ad, networkLocation: /default-rack, certSerialId: null, persistedOpState: IN_SERVICE, persistedOpStateExpiryEpochSec: 0}1b98ba84-f03a-4745-ae67-661c5f740165{ip: 172.17.0.2, host: e25e13fd87ad, networkLocation: /default-rack, certSerialId: null, persistedOpState: IN_SERVICE, persistedOpStateExpiryEpochSec: 0}3e6f9aad-df43-4486-a42c-6a362a65d862{ip: 172.17.0.2, host: e25e13fd87ad, networkLocation: /default-rack, certSerialId: null, persistedOpState: IN_SERVICE, persistedOpStateExpiryEpochSec: 0}, Type:RATIS, Factor:THREE, State:OPEN, leaderId:ace74568-a36a-4c06-abbe-7d05c77e5c4e, CreationTimestamp2021-01-02T03:04:27.151Z]
2021-01-02 03:04:42,259 [EventQueue-StartAdminOnNodeForStartDatanodeAdminHandler] INFO  pipeline.PipelineStateManager (PipelineStateManager.java:finalizePipeline(121)) - Pipeline Pipeline[ Id: e40a138e-87d1-4b6b-8f52-5dd6f1057fd6, Nodes: ace74568-a36a-4c06-abbe-7d05c77e5c4e{ip: 172.17.0.2, host: e25e13fd87ad, networkLocation: /default-rack, certSerialId: null, persistedOpState: IN_SERVICE, persistedOpStateExpiryEpochSec: 0}1b98ba84-f03a-4745-ae67-661c5f740165{ip: 172.17.0.2, host: e25e13fd87ad, networkLocation: /default-rack, certSerialId: null, persistedOpState: IN_SERVICE, persistedOpStateExpiryEpochSec: 0}3e6f9aad-df43-4486-a42c-6a362a65d862{ip: 172.17.0.2, host: e25e13fd87ad, networkLocation: /default-rack, certSerialId: null, persistedOpState: IN_SERVICE, persistedOpStateExpiryEpochSec: 0}, Type:RATIS, Factor:THREE, State:CLOSED, leaderId:ace74568-a36a-4c06-abbe-7d05c77e5c4e, CreationTimestamp2021-01-02T03:04:27.151Z] moved to CLOSED state
2021-01-02 03:04:42,259 [EventQueue-StartAdminOnNodeForStartDatanodeAdminHandler] INFO  pipeline.RatisPipelineProvider (RatisPipelineProvider.java:lambda$close$1(199)) - Send pipeline:PipelineID=e40a138e-87d1-4b6b-8f52-5dd6f1057fd6 close command to datanode ace74568-a36a-4c06-abbe-7d05c77e5c4e
2021-01-02 03:04:42,260 [EventQueue-CloseContainerForCloseContainerEventHandler] INFO  container.CloseContainerEventHandler (CloseContainerEventHandler.java:onMessage(61)) - Close container Event triggered for container : #1
2021-01-02 03:04:42,260 [EventQueue-StartAdminOnNodeForStartDatanodeAdminHandler] INFO  pipeline.RatisPipelineProvider (RatisPipelineProvider.java:lambda$close$1(199)) - Send pipeline:PipelineID=e40a138e-87d1-4b6b-8f52-5dd6f1057fd6 close command to datanode 1b98ba84-f03a-4745-ae67-661c5f740165
2021-01-02 03:04:42,260 [EventQueue-StartAdminOnNodeForStartDatanodeAdminHandler] INFO  pipeline.RatisPipelineProvider (RatisPipelineProvider.java:lambda$close$1(199)) - Send pipeline:PipelineID=e40a138e-87d1-4b6b-8f52-5dd6f1057fd6 close command to datanode 3e6f9aad-df43-4486-a42c-6a362a65d862
2021-01-02 03:04:42,260 [EventQueue-CloseContainerForCloseContainerEventHandler] INFO  container.CloseContainerEventHandler (CloseContainerEventHandler.java:onMessage(61)) - Close container Event triggered for container : #3
2021-01-02 03:04:42,260 [EventQueue-StartAdminOnNodeForStartDatanodeAdminHandler] INFO  pipeline.PipelineStateManager (PipelineStateManager.java:removePipeline(106)) - Pipeline Pipeline[ Id: e40a138e-87d1-4b6b-8f52-5dd6f1057fd6, Nodes: ace74568-a36a-4c06-abbe-7d05c77e5c4e{ip: 172.17.0.2, host: e25e13fd87ad, networkLocation: /default-rack, certSerialId: null, persistedOpState: IN_SERVICE, persistedOpStateExpiryEpochSec: 0}1b98ba84-f03a-4745-ae67-661c5f740165{ip: 172.17.0.2, host: e25e13fd87ad, networkLocation: /default-rack, certSerialId: null, persistedOpState: IN_SERVICE, persistedOpStateExpiryEpochSec: 0}3e6f9aad-df43-4486-a42c-6a362a65d862{ip: 172.17.0.2, host: e25e13fd87ad, networkLocation: /default-rack, certSerialId: null, persistedOpState: IN_SERVICE, persistedOpStateExpiryEpochSec: 0}, Type:RATIS, Factor:THREE, State:CLOSED, leaderId:ace74568-a36a-4c06-abbe-7d05c77e5c4e, CreationTimestamp2021-01-02T03:04:27.151Z] removed from db
2021-01-02 03:04:42,260 [EventQueue-CloseContainerForCloseContainerEventHandler] WARN  container.SCMContainerManager (SCMContainerManager.java:updateContainerState(367)) - Unable to remove container #3 from pipeline PipelineID=e40a138e-87d1-4b6b-8f52-5dd6f1057fd6  as the pipeline no longer exists
2021-01-02 03:04:42,261 [EventQueue-StartAdminOnNodeForStartDatanodeAdminHandler] INFO  node.StartDatanodeAdminHandler (StartDatanodeAdminHandler.java:onMessage(56)) - Admin start on datanode 1b98ba84-f03a-4745-ae67-661c5f740165{ip: 172.17.0.2, host: e25e13fd87ad, networkLocation: /default-rack, certSerialId: null, persistedOpState: IN_SERVICE, persistedOpStateExpiryEpochSec: 0}. Finalizing its pipelines [PipelineID=0850c91d-7eb7-4cd8-860d-2bc440c7514c]
2021-01-02 03:04:42,261 [EventQueue-StartAdminOnNodeForStartDatanodeAdminHandler] INFO  pipeline.SCMPipelineManager (SCMPipelineManager.java:finalizeAndDestroyPipeline(482)) - Destroying pipeline:Pipeline[ Id: 0850c91d-7eb7-4cd8-860d-2bc440c7514c, Nodes: 1b98ba84-f03a-4745-ae67-661c5f740165{ip: 172.17.0.2, host: e25e13fd87ad, networkLocation: /default-rack, certSerialId: null, persistedOpState: IN_SERVICE, persistedOpStateExpiryEpochSec: 0}, Type:RATIS, Factor:ONE, State:OPEN, leaderId:1b98ba84-f03a-4745-ae67-661c5f740165, CreationTimestamp2021-01-02T03:04:27.151Z]
2021-01-02 03:04:42,261 [EventQueue-StartAdminOnNodeForStartDatanodeAdminHandler] INFO  pipeline.PipelineStateManager (PipelineStateManager.java:finalizePipeline(121)) - Pipeline Pipeline[ Id: 0850c91d-7eb7-4cd8-860d-2bc440c7514c, Nodes: 1b98ba84-f03a-4745-ae67-661c5f740165{ip: 172.17.0.2, host: e25e13fd87ad, networkLocation: /default-rack, certSerialId: null, persistedOpState: IN_SERVICE, persistedOpStateExpiryEpochSec: 0}, Type:RATIS, Factor:ONE, State:CLOSED, leaderId:1b98ba84-f03a-4745-ae67-661c5f740165, CreationTimestamp2021-01-02T03:04:27.151Z] moved to CLOSED state
2021-01-02 03:04:42,261 [EventQueue-StartAdminOnNodeForStartDatanodeAdminHandler] INFO  pipeline.RatisPipelineProvider (RatisPipelineProvider.java:lambda$close$1(199)) - Send pipeline:PipelineID=0850c91d-7eb7-4cd8-860d-2bc440c7514c close command to datanode 1b98ba84-f03a-4745-ae67-661c5f740165
2021-01-02 03:04:42,261 [EventQueue-StartAdminOnNodeForStartDatanodeAdminHandler] INFO  pipeline.PipelineStateManager (PipelineStateManager.java:removePipeline(106)) - Pipeline Pipeline[ Id: 0850c91d-7eb7-4cd8-860d-2bc440c7514c, Nodes: 1b98ba84-f03a-4745-ae67-661c5f740165{ip: 172.17.0.2, host: e25e13fd87ad, networkLocation: /default-rack, certSerialId: null, persistedOpState: IN_SERVICE, persistedOpStateExpiryEpochSec: 0}, Type:RATIS, Factor:ONE, State:CLOSED, leaderId:1b98ba84-f03a-4745-ae67-661c5f740165, CreationTimestamp2021-01-02T03:04:27.151Z] removed from db
2021-01-02 03:04:42,261 [EventQueue-StartAdminOnNodeForStartDatanodeAdminHandler] INFO  node.StartDatanodeAdminHandler (StartDatanodeAdminHandler.java:onMessage(56)) - Admin start on datanode 3e6f9aad-df43-4486-a42c-6a362a65d862{ip: 172.17.0.2, host: e25e13fd87ad, networkLocation: /default-rack, certSerialId: null, persistedOpState: IN_SERVICE, persistedOpStateExpiryEpochSec: 0}. Finalizing its pipelines [PipelineID=8008f6d4-f92b-4d34-8ade-7bfc9f12570d]
2021-01-02 03:04:42,262 [EventQueue-StartAdminOnNodeForStartDatanodeAdminHandler] INFO  pipeline.SCMPipelineManager (SCMPipelineManager.java:finalizeAndDestroyPipeline(482)) - Destroying pipeline:Pipeline[ Id: 8008f6d4-f92b-4d34-8ade-7bfc9f12570d, Nodes: 3e6f9aad-df43-4486-a42c-6a362a65d862{ip: 172.17.0.2, host: e25e13fd87ad, networkLocation: /default-rack, certSerialId: null, persistedOpState: IN_SERVICE, persistedOpStateExpiryEpochSec: 0}, Type:RATIS, Factor:ONE, State:OPEN, leaderId:3e6f9aad-df43-4486-a42c-6a362a65d862, CreationTimestamp2021-01-02T03:04:26.943Z]
2021-01-02 03:04:42,262 [EventQueue-StartAdminOnNodeForStartDatanodeAdminHandler] INFO  pipeline.PipelineStateManager (PipelineStateManager.java:finalizePipeline(121)) - Pipeline Pipeline[ Id: 8008f6d4-f92b-4d34-8ade-7bfc9f12570d, Nodes: 3e6f9aad-df43-4486-a42c-6a362a65d862{ip: 172.17.0.2, host: e25e13fd87ad, networkLocation: /default-rack, certSerialId: null, persistedOpState: IN_SERVICE, persistedOpStateExpiryEpochSec: 0}, Type:RATIS, Factor:ONE, State:CLOSED, leaderId:3e6f9aad-df43-4486-a42c-6a362a65d862, CreationTimestamp2021-01-02T03:04:26.943Z] moved to CLOSED state
2021-01-02 03:04:42,262 [EventQueue-StartAdminOnNodeForStartDatanodeAdminHandler] INFO  pipeline.RatisPipelineProvider (RatisPipelineProvider.java:lambda$close$1(199)) - Send pipeline:PipelineID=8008f6d4-f92b-4d34-8ade-7bfc9f12570d close command to datanode 3e6f9aad-df43-4486-a42c-6a362a65d862
2021-01-02 03:04:42,262 [EventQueue-StartAdminOnNodeForStartDatanodeAdminHandler] INFO  pipeline.PipelineStateManager (PipelineStateManager.java:removePipeline(106)) - Pipeline Pipeline[ Id: 8008f6d4-f92b-4d34-8ade-7bfc9f12570d, Nodes: 3e6f9aad-df43-4486-a42c-6a362a65d862{ip: 172.17.0.2, host: e25e13fd87ad, networkLocation: /default-rack, certSerialId: null, persistedOpState: IN_SERVICE, persistedOpStateExpiryEpochSec: 0}, Type:RATIS, Factor:ONE, State:CLOSED, leaderId:3e6f9aad-df43-4486-a42c-6a362a65d862, CreationTimestamp2021-01-02T03:04:26.943Z] removed from db
2021-01-02 03:04:42,402 [IPC Server handler 0 on default port 43483] INFO  node.SCMNodeManager (SCMNodeManager.java:updateDatanodeOpState(419)) - Scheduling a command to update the operationalState persisted on the datanode as the reported value (IN_SERVICE, 0) does not match the value stored in SCM (ENTERING_MAINTENANCE, 0)
2021-01-02 03:04:42,406 [IPC Server handler 2 on default port 43483] INFO  node.SCMNodeManager (SCMNodeManager.java:updateDatanodeOpState(419)) - Scheduling a command to update the operationalState persisted on the datanode as the reported value (IN_SERVICE, 0) does not match the value stored in SCM (ENTERING_MAINTENANCE, 0)
2021-01-02 03:04:42,419 [IPC Server handler 14 on default port 43483] INFO  node.SCMNodeManager (SCMNodeManager.java:updateDatanodeOpState(419)) - Scheduling a command to update the operationalState persisted on the datanode as the reported value (IN_SERVICE, 0) does not match the value stored in SCM (ENTERING_MAINTENANCE, 0)
2021-01-02 03:04:43,255 [DatanodeAdminManager-0] INFO  node.DatanodeAdminMonitorImpl (DatanodeAdminMonitorImpl.java:run(136)) - There are 3 nodes tracked for decommission and maintenance. 0 pending nodes.
2021-01-02 03:04:43,402 [Command processor thread] INFO  server.RaftServer (RaftServerProxy.java:remove(104)) - ace74568-a36a-4c06-abbe-7d05c77e5c4e: remove    LEADER ace74568-a36a-4c06-abbe-7d05c77e5c4e@group-A3A9F4CD806E:t1, leader=ace74568-a36a-4c06-abbe-7d05c77e5c4e, voted=ace74568-a36a-4c06-abbe-7d05c77e5c4e, raftlog=ace74568-a36a-4c06-abbe-7d05c77e5c4e@group-A3A9F4CD806E-SegmentedRaftLog:OPENED:c0,f0,i0, conf=0: [ace74568-a36a-4c06-abbe-7d05c77e5c4e|rpc:172.17.0.2:38047|dataStream:], old=null RUNNING
2021-01-02 03:04:43,402 [Command processor thread] INFO  server.RaftServer$Division (RaftServerImpl.java:lambda$close$4(397)) - ace74568-a36a-4c06-abbe-7d05c77e5c4e@group-A3A9F4CD806E: shutdown
2021-01-02 03:04:43,402 [Command processor thread] INFO  util.JmxRegister (JmxRegister.java:unregister(73)) - Successfully un-registered JMX Bean with object name Ratis:service=RaftServer,group=group-A3A9F4CD806E,id=ace74568-a36a-4c06-abbe-7d05c77e5c4e
2021-01-02 03:04:43,402 [Command processor thread] INFO  impl.RoleInfo (RoleInfo.java:shutdownLeaderState(91)) - ace74568-a36a-4c06-abbe-7d05c77e5c4e: shutdown ace74568-a36a-4c06-abbe-7d05c77e5c4e@group-A3A9F4CD806E-LeaderStateImpl
2021-01-02 03:04:43,402 [Command processor thread] INFO  impl.PendingRequests (PendingRequests.java:sendNotLeaderResponses(249)) - ace74568-a36a-4c06-abbe-7d05c77e5c4e@group-A3A9F4CD806E-PendingRequests: sendNotLeaderResponses
2021-01-02 03:04:43,402 [Command processor thread] INFO  metrics.RatisMetrics (RatisMetrics.java:unregister(43)) - Unregistering Metrics Registry : ratis.log_appender.ace74568-a36a-4c06-abbe-7d05c77e5c4e@group-A3A9F4CD806E
2021-01-02 03:04:43,403 [Command processor thread] INFO  metrics.RatisMetrics (RatisMetrics.java:unregister(43)) - Unregistering Metrics Registry : ratis.server.ace74568-a36a-4c06-abbe-7d05c77e5c4e@group-A3A9F4CD806E
2021-01-02 03:04:43,404 [ace74568-a36a-4c06-abbe-7d05c77e5c4e@group-A3A9F4CD806E-StateMachineUpdater] INFO  ratis.ContainerStateMachine (ContainerStateMachine.java:takeSnapshot(291)) - group-A3A9F4CD806E: Taking a snapshot at:(t:1, i:0) file /github/workspace/mnt/ozone/hadoop-ozone/integration-test/target/test-dir/MiniOzoneClusterImpl-0875b59f-827e-470c-b6ab-7d6320bd5827/datanode-0/data/ratis/364500dc-a1aa-4eb2-8192-a3a9f4cd806e/sm/snapshot.1_0
2021-01-02 03:04:43,404 [Command processor thread] INFO  impl.StateMachineUpdater (StateMachineUpdater.java:stopAndJoin(148)) - ace74568-a36a-4c06-abbe-7d05c77e5c4e@group-A3A9F4CD806E-StateMachineUpdater: set stopIndex = 0
2021-01-02 03:04:43,405 [ace74568-a36a-4c06-abbe-7d05c77e5c4e@group-A3A9F4CD806E-StateMachineUpdater] INFO  ratis.ContainerStateMachine (ContainerStateMachine.java:takeSnapshot(302)) - group-A3A9F4CD806E: Finished taking a snapshot at:(t:1, i:0) file:/github/workspace/mnt/ozone/hadoop-ozone/integration-test/target/test-dir/MiniOzoneClusterImpl-0875b59f-827e-470c-b6ab-7d6320bd5827/datanode-0/data/ratis/364500dc-a1aa-4eb2-8192-a3a9f4cd806e/sm/snapshot.1_0 time:1
2021-01-02 03:04:43,405 [ace74568-a36a-4c06-abbe-7d05c77e5c4e@group-A3A9F4CD806E-StateMachineUpdater] INFO  impl.StateMachineUpdater (StateMachineUpdater.java:takeSnapshot(279)) - ace74568-a36a-4c06-abbe-7d05c77e5c4e@group-A3A9F4CD806E-StateMachineUpdater: Took a snapshot at index 0
2021-01-02 03:04:43,405 [ace74568-a36a-4c06-abbe-7d05c77e5c4e@group-A3A9F4CD806E-StateMachineUpdater] INFO  impl.StateMachineUpdater (StateMachineUpdater.java:lambda$new$0(88)) - ace74568-a36a-4c06-abbe-7d05c77e5c4e@group-A3A9F4CD806E-StateMachineUpdater: snapshotIndex: updateIncreasingly -1 -> 0
2021-01-02 03:04:43,406 [ace74568-a36a-4c06-abbe-7d05c77e5c4e@group-A3A9F4CD806E-StateMachineUpdater] INFO  metrics.RatisMetrics (RatisMetrics.java:unregister(43)) - Unregistering Metrics Registry : ratis.state_machine.ace74568-a36a-4c06-abbe-7d05c77e5c4e@group-A3A9F4CD806E
2021-01-02 03:04:43,406 [Command processor thread] INFO  server.RaftServer$Division (ServerState.java:close(406)) - ace74568-a36a-4c06-abbe-7d05c77e5c4e@group-A3A9F4CD806E: closes. applyIndex: 0
2021-01-02 03:04:43,406 [ace74568-a36a-4c06-abbe-7d05c77e5c4e@group-A3A9F4CD806E-SegmentedRaftLogWorker] INFO  segmented.SegmentedRaftLogWorker (SegmentedRaftLogWorker.java:run(326)) - ace74568-a36a-4c06-abbe-7d05c77e5c4e@group-A3A9F4CD806E-SegmentedRaftLogWorker was interrupted, exiting. There are 0 tasks remaining in the queue.
2021-01-02 03:04:43,406 [Command processor thread] INFO  segmented.SegmentedRaftLogWorker (SegmentedRaftLogWorker.java:close(236)) - ace74568-a36a-4c06-abbe-7d05c77e5c4e@group-A3A9F4CD806E-SegmentedRaftLogWorker close()
2021-01-02 03:04:43,408 [Command processor thread] INFO  metrics.RatisMetrics (RatisMetrics.java:unregister(43)) - Unregistering Metrics Registry : ratis.log_worker.ace74568-a36a-4c06-abbe-7d05c77e5c4e@group-A3A9F4CD806E
2021-01-02 03:04:43,409 [Command processor thread] INFO  metrics.RatisMetrics (RatisMetrics.java:unregister(43)) - Unregistering Metrics Registry : ratis.leader_election.ace74568-a36a-4c06-abbe-7d05c77e5c4e@group-A3A9F4CD806E
2021-01-02 03:04:43,410 [Command processor thread] INFO  metrics.RatisMetrics (RatisMetrics.java:unregister(43)) - Unregistering Metrics Registry : ratis.server.ace74568-a36a-4c06-abbe-7d05c77e5c4e@group-A3A9F4CD806E
2021-01-02 03:04:43,411 [Command processor thread] INFO  server.RaftServer$Division (RaftServerImpl.java:groupRemove(367)) - ace74568-a36a-4c06-abbe-7d05c77e5c4e@group-A3A9F4CD806E: Succeed to remove RaftStorageDirectory Storage Directory /github/workspace/mnt/ozone/hadoop-ozone/integration-test/target/test-dir/MiniOzoneClusterImpl-0875b59f-827e-470c-b6ab-7d6320bd5827/datanode-0/data/ratis/364500dc-a1aa-4eb2-8192-a3a9f4cd806e
2021-01-02 03:04:43,411 [Command processor thread] INFO  commandhandler.ClosePipelineCommandHandler (ClosePipelineCommandHandler.java:handle(75)) - Close Pipeline PipelineID=364500dc-a1aa-4eb2-8192-a3a9f4cd806e command on datanode ace74568-a36a-4c06-abbe-7d05c77e5c4e.
2021-01-02 03:04:43,412 [Command processor thread] INFO  server.RaftServer (RaftServerProxy.java:remove(104)) - ace74568-a36a-4c06-abbe-7d05c77e5c4e: remove    LEADER ace74568-a36a-4c06-abbe-7d05c77e5c4e@group-5DD6F1057FD6:t1, leader=ace74568-a36a-4c06-abbe-7d05c77e5c4e, voted=ace74568-a36a-4c06-abbe-7d05c77e5c4e, raftlog=ace74568-a36a-4c06-abbe-7d05c77e5c4e@group-5DD6F1057FD6-SegmentedRaftLog:OPENED:c47,f47,i47, conf=0: [1b98ba84-f03a-4745-ae67-661c5f740165|rpc:172.17.0.2:36113|dataStream:, 3e6f9aad-df43-4486-a42c-6a362a65d862|rpc:172.17.0.2:35573|dataStream:, ace74568-a36a-4c06-abbe-7d05c77e5c4e|rpc:172.17.0.2:38047|dataStream:], old=null RUNNING
2021-01-02 03:04:43,412 [Command processor thread] INFO  server.RaftServer$Division (RaftServerImpl.java:lambda$close$4(397)) - ace74568-a36a-4c06-abbe-7d05c77e5c4e@group-5DD6F1057FD6: shutdown
2021-01-02 03:04:43,412 [Command processor thread] INFO  util.JmxRegister (JmxRegister.java:unregister(73)) - Successfully un-registered JMX Bean with object name Ratis:service=RaftServer,group=group-5DD6F1057FD6,id=ace74568-a36a-4c06-abbe-7d05c77e5c4e
2021-01-02 03:04:43,412 [Command processor thread] INFO  impl.RoleInfo (RoleInfo.java:shutdownLeaderState(91)) - ace74568-a36a-4c06-abbe-7d05c77e5c4e: shutdown ace74568-a36a-4c06-abbe-7d05c77e5c4e@group-5DD6F1057FD6-LeaderStateImpl
2021-01-02 03:04:43,412 [Command processor thread] INFO  metrics.RatisMetrics (RatisMetrics.java:unregister(43)) - Unregistering Metrics Registry : ratis_grpc.log_appender.ace74568-a36a-4c06-abbe-7d05c77e5c4e@group-5DD6F1057FD6
2021-01-02 03:04:43,412 [Command processor thread] INFO  metrics.RatisMetrics (RatisMetrics.java:unregister(43)) - Unregistering Metrics Registry : ratis_grpc.log_appender.ace74568-a36a-4c06-abbe-7d05c77e5c4e@group-5DD6F1057FD6
2021-01-02 03:04:43,412 [ace74568-a36a-4c06-abbe-7d05c77e5c4e@group-5DD6F1057FD6->1b98ba84-f03a-4745-ae67-661c5f740165-GrpcLogAppender-LogAppenderDaemon] WARN  server.GrpcLogAppender (GrpcLogAppender.java:mayWait(174)) - ace74568-a36a-4c06-abbe-7d05c77e5c4e@group-5DD6F1057FD6->1b98ba84-f03a-4745-ae67-661c5f740165-GrpcLogAppender: Wait interrupted by java.lang.InterruptedException
2021-01-02 03:04:43,412 [ace74568-a36a-4c06-abbe-7d05c77e5c4e@group-5DD6F1057FD6->3e6f9aad-df43-4486-a42c-6a362a65d862-GrpcLogAppender-LogAppenderDaemon] WARN  server.GrpcLogAppender (GrpcLogAppender.java:mayWait(174)) - ace74568-a36a-4c06-abbe-7d05c77e5c4e@group-5DD6F1057FD6->3e6f9aad-df43-4486-a42c-6a362a65d862-GrpcLogAppender: Wait interrupted by java.lang.InterruptedException
2021-01-02 03:04:43,413 [grpc-default-executor-2] INFO  server.GrpcServerProtocolService (GrpcServerProtocolService.java:onCompleted(138)) - 1b98ba84-f03a-4745-ae67-661c5f740165: Completed APPEND_ENTRIES, lastRequest: ace74568-a36a-4c06-abbe-7d05c77e5c4e->1b98ba84-f03a-4745-ae67-661c5f740165#403-t1,previous=(t:1, i:46),leaderCommit=45,initializing? true,entries: size=1, first=(t:1, i:47), METADATAENTRY(c:45)
2021-01-02 03:04:43,413 [grpc-default-executor-6] INFO  server.GrpcServerProtocolService (GrpcServerProtocolService.java:onCompleted(138)) - 3e6f9aad-df43-4486-a42c-6a362a65d862: Completed APPEND_ENTRIES, lastRequest: ace74568-a36a-4c06-abbe-7d05c77e5c4e->3e6f9aad-df43-4486-a42c-6a362a65d862#405-t1,previous=(t:1, i:46),leaderCommit=45,initializing? true,entries: size=1, first=(t:1, i:47), METADATAENTRY(c:45)
2021-01-02 03:04:43,414 [grpc-default-executor-0] INFO  server.GrpcLogAppender (GrpcLogAppender.java:onCompleted(343)) - ace74568-a36a-4c06-abbe-7d05c77e5c4e@group-5DD6F1057FD6->1b98ba84-f03a-4745-ae67-661c5f740165-AppendLogResponseHandler: follower responses appendEntries COMPLETED
2021-01-02 03:04:43,414 [grpc-default-executor-0] INFO  leader.FollowerInfo (FollowerInfoImpl.java:lambda$new$0(46)) - ace74568-a36a-4c06-abbe-7d05c77e5c4e@group-5DD6F1057FD6->1b98ba84-f03a-4745-ae67-661c5f740165: nextIndex: updateUnconditionally 48 -> 47
2021-01-02 03:04:43,414 [grpc-default-executor-0] INFO  server.GrpcLogAppender (GrpcLogAppender.java:onCompleted(343)) - ace74568-a36a-4c06-abbe-7d05c77e5c4e@group-5DD6F1057FD6->3e6f9aad-df43-4486-a42c-6a362a65d862-AppendLogResponseHandler: follower responses appendEntries COMPLETED
2021-01-02 03:04:43,412 [Command processor thread] INFO  impl.PendingRequests (PendingRequests.java:sendNotLeaderResponses(249)) - ace74568-a36a-4c06-abbe-7d05c77e5c4e@group-5DD6F1057FD6-PendingRequests: sendNotLeaderResponses
2021-01-02 03:04:43,414 [grpc-default-executor-0] INFO  leader.FollowerInfo (FollowerInfoImpl.java:lambda$new$0(46)) - ace74568-a36a-4c06-abbe-7d05c77e5c4e@group-5DD6F1057FD6->3e6f9aad-df43-4486-a42c-6a362a65d862: nextIndex: updateUnconditionally 48 -> 47
2021-01-02 03:04:43,417 [Command processor thread] INFO  metrics.RatisMetrics (RatisMetrics.java:unregister(43)) - Unregistering Metrics Registry : ratis.log_appender.ace74568-a36a-4c06-abbe-7d05c77e5c4e@group-5DD6F1057FD6
2021-01-02 03:04:43,418 [Command processor thread] INFO  metrics.RatisMetrics (RatisMetrics.java:unregister(43)) - Unregistering Metrics Registry : ratis.server.ace74568-a36a-4c06-abbe-7d05c77e5c4e@group-5DD6F1057FD6
2021-01-02 03:04:43,419 [Command processor thread] INFO  impl.StateMachineUpdater (StateMachineUpdater.java:stopAndJoin(148)) - ace74568-a36a-4c06-abbe-7d05c77e5c4e@group-5DD6F1057FD6-StateMachineUpdater: set stopIndex = 47
2021-01-02 03:04:43,420 [ace74568-a36a-4c06-abbe-7d05c77e5c4e@group-5DD6F1057FD6-StateMachineUpdater] INFO  ratis.ContainerStateMachine (ContainerStateMachine.java:takeSnapshot(291)) - group-5DD6F1057FD6: Taking a snapshot at:(t:1, i:47) file /github/workspace/mnt/ozone/hadoop-ozone/integration-test/target/test-dir/MiniOzoneClusterImpl-0875b59f-827e-470c-b6ab-7d6320bd5827/datanode-0/data/ratis/e40a138e-87d1-4b6b-8f52-5dd6f1057fd6/sm/snapshot.1_47
2021-01-02 03:04:43,420 [Command processor thread] INFO  server.RaftServer (RaftServerProxy.java:remove(104)) - 3e6f9aad-df43-4486-a42c-6a362a65d862: remove  FOLLOWER 3e6f9aad-df43-4486-a42c-6a362a65d862@group-5DD6F1057FD6:t1, leader=ace74568-a36a-4c06-abbe-7d05c77e5c4e, voted=ace74568-a36a-4c06-abbe-7d05c77e5c4e, raftlog=3e6f9aad-df43-4486-a42c-6a362a65d862@group-5DD6F1057FD6-SegmentedRaftLog:OPENED:c45,f47,i47, conf=0: [1b98ba84-f03a-4745-ae67-661c5f740165|rpc:172.17.0.2:36113|dataStream:, 3e6f9aad-df43-4486-a42c-6a362a65d862|rpc:172.17.0.2:35573|dataStream:, ace74568-a36a-4c06-abbe-7d05c77e5c4e|rpc:172.17.0.2:38047|dataStream:], old=null RUNNING
2021-01-02 03:04:43,420 [Command processor thread] INFO  server.RaftServer$Division (RaftServerImpl.java:lambda$close$4(397)) - 3e6f9aad-df43-4486-a42c-6a362a65d862@group-5DD6F1057FD6: shutdown
2021-01-02 03:04:43,421 [Command processor thread] INFO  util.JmxRegister (JmxRegister.java:unregister(73)) - Successfully un-registered JMX Bean with object name Ratis:service=RaftServer,group=group-5DD6F1057FD6,id=3e6f9aad-df43-4486-a42c-6a362a65d862
2021-01-02 03:04:43,421 [Command processor thread] INFO  impl.RoleInfo (RoleInfo.java:shutdownFollowerState(108)) - 3e6f9aad-df43-4486-a42c-6a362a65d862: shutdown 3e6f9aad-df43-4486-a42c-6a362a65d862@group-5DD6F1057FD6-FollowerState
2021-01-02 03:04:43,421 [IPC Server handler 13 on default port 43483] INFO  node.SCMNodeManager (SCMNodeManager.java:updateDatanodeOpState(419)) - Scheduling a command to update the operationalState persisted on the datanode as the reported value (IN_SERVICE, 0) does not match the value stored in SCM (ENTERING_MAINTENANCE, 0)
2021-01-02 03:04:43,422 [3e6f9aad-df43-4486-a42c-6a362a65d862@group-5DD6F1057FD6-StateMachineUpdater] INFO  ratis.ContainerStateMachine (ContainerStateMachine.java:takeSnapshot(291)) - group-5DD6F1057FD6: Taking a snapshot at:(t:1, i:45) file /github/workspace/mnt/ozone/hadoop-ozone/integration-test/target/test-dir/MiniOzoneClusterImpl-0875b59f-827e-470c-b6ab-7d6320bd5827/datanode-1/data/ratis/e40a138e-87d1-4b6b-8f52-5dd6f1057fd6/sm/snapshot.1_45
2021-01-02 03:04:43,421 [Command processor thread] INFO  impl.StateMachineUpdater (StateMachineUpdater.java:stopAndJoin(148)) - 3e6f9aad-df43-4486-a42c-6a362a65d862@group-5DD6F1057FD6-StateMachineUpdater: set stopIndex = 45
2021-01-02 03:04:43,421 [Thread-5768] INFO  impl.FollowerState (FollowerState.java:run(142)) - 3e6f9aad-df43-4486-a42c-6a362a65d862@group-5DD6F1057FD6-FollowerState was interrupted: {}
java.lang.InterruptedException: sleep interrupted
	at java.lang.Thread.sleep(Native Method)
	at java.lang.Thread.sleep(Thread.java:340)
	at java.util.concurrent.TimeUnit.sleep(TimeUnit.java:386)
	at org.apache.ratis.util.TimeDuration.sleep(TimeDuration.java:319)
	at org.apache.ratis.util.TimeDuration.sleep(TimeDuration.java:304)
	at org.apache.ratis.server.impl.FollowerState.run(FollowerState.java:117)
2021-01-02 03:04:43,423 [ace74568-a36a-4c06-abbe-7d05c77e5c4e@group-5DD6F1057FD6-StateMachineUpdater] INFO  ratis.ContainerStateMachine (ContainerStateMachine.java:takeSnapshot(302)) - group-5DD6F1057FD6: Finished taking a snapshot at:(t:1, i:47) file:/github/workspace/mnt/ozone/hadoop-ozone/integration-test/target/test-dir/MiniOzoneClusterImpl-0875b59f-827e-470c-b6ab-7d6320bd5827/datanode-0/data/ratis/e40a138e-87d1-4b6b-8f52-5dd6f1057fd6/sm/snapshot.1_47 time:4
2021-01-02 03:04:43,423 [ace74568-a36a-4c06-abbe-7d05c77e5c4e@group-5DD6F1057FD6-StateMachineUpdater] INFO  impl.StateMachineUpdater (StateMachineUpdater.java:takeSnapshot(279)) - ace74568-a36a-4c06-abbe-7d05c77e5c4e@group-5DD6F1057FD6-StateMachineUpdater: Took a snapshot at index 47
2021-01-02 03:04:43,423 [ace74568-a36a-4c06-abbe-7d05c77e5c4e@group-5DD6F1057FD6-StateMachineUpdater] INFO  impl.StateMachineUpdater (StateMachineUpdater.java:lambda$new$0(88)) - ace74568-a36a-4c06-abbe-7d05c77e5c4e@group-5DD6F1057FD6-StateMachineUpdater: snapshotIndex: updateIncreasingly -1 -> 47
2021-01-02 03:04:43,424 [3e6f9aad-df43-4486-a42c-6a362a65d862@group-5DD6F1057FD6-StateMachineUpdater] INFO  ratis.ContainerStateMachine (ContainerStateMachine.java:takeSnapshot(302)) - group-5DD6F1057FD6: Finished taking a snapshot at:(t:1, i:45) file:/github/workspace/mnt/ozone/hadoop-ozone/integration-test/target/test-dir/MiniOzoneClusterImpl-0875b59f-827e-470c-b6ab-7d6320bd5827/datanode-1/data/ratis/e40a138e-87d1-4b6b-8f52-5dd6f1057fd6/sm/snapshot.1_45 time:2
2021-01-02 03:04:43,424 [ace74568-a36a-4c06-abbe-7d05c77e5c4e@group-5DD6F1057FD6-StateMachineUpdater] INFO  metrics.RatisMetrics (RatisMetrics.java:unregister(43)) - Unregistering Metrics Registry : ratis.state_machine.ace74568-a36a-4c06-abbe-7d05c77e5c4e@group-5DD6F1057FD6
2021-01-02 03:04:43,424 [3e6f9aad-df43-4486-a42c-6a362a65d862@group-5DD6F1057FD6-StateMachineUpdater] INFO  impl.StateMachineUpdater (StateMachineUpdater.java:takeSnapshot(279)) - 3e6f9aad-df43-4486-a42c-6a362a65d862@group-5DD6F1057FD6-StateMachineUpdater: Took a snapshot at index 45
2021-01-02 03:04:43,424 [3e6f9aad-df43-4486-a42c-6a362a65d862@group-5DD6F1057FD6-StateMachineUpdater] INFO  impl.StateMachineUpdater (StateMachineUpdater.java:lambda$new$0(88)) - 3e6f9aad-df43-4486-a42c-6a362a65d862@group-5DD6F1057FD6-StateMachineUpdater: snapshotIndex: updateIncreasingly -1 -> 45
2021-01-02 03:04:43,424 [3e6f9aad-df43-4486-a42c-6a362a65d862@group-5DD6F1057FD6-StateMachineUpdater] INFO  metrics.RatisMetrics (RatisMetrics.java:unregister(43)) - Unregistering Metrics Registry : ratis.state_machine.3e6f9aad-df43-4486-a42c-6a362a65d862@group-5DD6F1057FD6
2021-01-02 03:04:43,424 [Command processor thread] INFO  server.RaftServer$Division (ServerState.java:close(406)) - ace74568-a36a-4c06-abbe-7d05c77e5c4e@group-5DD6F1057FD6: closes. applyIndex: 47
2021-01-02 03:04:43,424 [Command processor thread] INFO  server.RaftServer$Division (ServerState.java:close(406)) - 3e6f9aad-df43-4486-a42c-6a362a65d862@group-5DD6F1057FD6: closes. applyIndex: 45
2021-01-02 03:04:43,424 [3e6f9aad-df43-4486-a42c-6a362a65d862@group-5DD6F1057FD6-SegmentedRaftLogWorker] INFO  segmented.SegmentedRaftLogWorker (SegmentedRaftLogWorker.java:run(326)) - 3e6f9aad-df43-4486-a42c-6a362a65d862@group-5DD6F1057FD6-SegmentedRaftLogWorker was interrupted, exiting. There are 0 tasks remaining in the queue.
2021-01-02 03:04:43,424 [ace74568-a36a-4c06-abbe-7d05c77e5c4e@group-5DD6F1057FD6-SegmentedRaftLogWorker] INFO  segmented.SegmentedRaftLogWorker (SegmentedRaftLogWorker.java:run(326)) - ace74568-a36a-4c06-abbe-7d05c77e5c4e@group-5DD6F1057FD6-SegmentedRaftLogWorker was interrupted, exiting. There are 0 tasks remaining in the queue.
2021-01-02 03:04:43,425 [Command processor thread] INFO  segmented.SegmentedRaftLogWorker (SegmentedRaftLogWorker.java:close(236)) - 3e6f9aad-df43-4486-a42c-6a362a65d862@group-5DD6F1057FD6-SegmentedRaftLogWorker close()
2021-01-02 03:04:43,425 [Command processor thread] INFO  metrics.RatisMetrics (RatisMetrics.java:unregister(43)) - Unregistering Metrics Registry : ratis.log_worker.3e6f9aad-df43-4486-a42c-6a362a65d862@group-5DD6F1057FD6
2021-01-02 03:04:43,426 [Command processor thread] INFO  metrics.RatisMetrics (RatisMetrics.java:unregister(43)) - Unregistering Metrics Registry : ratis.leader_election.3e6f9aad-df43-4486-a42c-6a362a65d862@group-5DD6F1057FD6
2021-01-02 03:04:43,426 [Command processor thread] INFO  metrics.RatisMetrics (RatisMetrics.java:unregister(43)) - Unregistering Metrics Registry : ratis.server.3e6f9aad-df43-4486-a42c-6a362a65d862@group-5DD6F1057FD6
2021-01-02 03:04:43,427 [Command processor thread] INFO  segmented.SegmentedRaftLogWorker (SegmentedRaftLogWorker.java:close(236)) - ace74568-a36a-4c06-abbe-7d05c77e5c4e@group-5DD6F1057FD6-SegmentedRaftLogWorker close()
2021-01-02 03:04:43,428 [Command processor thread] INFO  metrics.RatisMetrics (RatisMetrics.java:unregister(43)) - Unregistering Metrics Registry : ratis.log_worker.ace74568-a36a-4c06-abbe-7d05c77e5c4e@group-5DD6F1057FD6
2021-01-02 03:04:43,428 [Command processor thread] INFO  metrics.RatisMetrics (RatisMetrics.java:unregister(43)) - Unregistering Metrics Registry : ratis.leader_election.ace74568-a36a-4c06-abbe-7d05c77e5c4e@group-5DD6F1057FD6
2021-01-02 03:04:43,428 [Command processor thread] INFO  metrics.RatisMetrics (RatisMetrics.java:unregister(43)) - Unregistering Metrics Registry : ratis.server.ace74568-a36a-4c06-abbe-7d05c77e5c4e@group-5DD6F1057FD6
2021-01-02 03:04:43,428 [Command processor thread] INFO  keyvalue.KeyValueContainer (KeyValueContainer.java:flushAndSyncDB(388)) - Container 1 is synced with bcsId 41.
2021-01-02 03:04:43,429 [Command processor thread] INFO  keyvalue.KeyValueContainer (KeyValueContainer.java:flushAndSyncDB(388)) - Container 1 is synced with bcsId 41.
2021-01-02 03:04:43,431 [EventQueue-IncrementalContainerReportForIncrementalContainerReportHandler] INFO  container.IncrementalContainerReportHandler (AbstractContainerReportHandler.java:updateContainerState(208)) - Moving container #1 to QUASI_CLOSED state, datanode 3e6f9aad-df43-4486-a42c-6a362a65d862{ip: 172.17.0.2, host: e25e13fd87ad, networkLocation: /default-rack, certSerialId: null, persistedOpState: ENTERING_MAINTENANCE, persistedOpStateExpiryEpochSec: 0} reported QUASI_CLOSED replica.
2021-01-02 03:04:43,435 [Command processor thread] INFO  keyvalue.KeyValueContainer (KeyValueContainer.java:flushAndSyncDB(388)) - Container 1 is synced with bcsId 41.
2021-01-02 03:04:43,435 [Command processor thread] INFO  keyvalue.KeyValueContainer (KeyValueContainer.java:flushAndSyncDB(388)) - Container 3 is synced with bcsId 45.
2021-01-02 03:04:43,435 [Command processor thread] INFO  keyvalue.KeyValueContainer (KeyValueContainer.java:flushAndSyncDB(388)) - Container 3 is synced with bcsId 45.
2021-01-02 03:04:43,435 [Command processor thread] INFO  keyvalue.KeyValueContainer (KeyValueContainer.java:flushAndSyncDB(388)) - Container 1 is synced with bcsId 41.
2021-01-02 03:04:43,437 [EventQueue-IncrementalContainerReportForIncrementalContainerReportHandler] INFO  container.IncrementalContainerReportHandler (AbstractContainerReportHandler.java:updateContainerState(208)) - Moving container #3 to QUASI_CLOSED state, datanode 3e6f9aad-df43-4486-a42c-6a362a65d862{ip: 172.17.0.2, host: e25e13fd87ad, networkLocation: /default-rack, certSerialId: null, persistedOpState: ENTERING_MAINTENANCE, persistedOpStateExpiryEpochSec: 0} reported QUASI_CLOSED replica.
2021-01-02 03:04:43,438 [Command processor thread] INFO  server.RaftServer$Division (RaftServerImpl.java:groupRemove(367)) - 3e6f9aad-df43-4486-a42c-6a362a65d862@group-5DD6F1057FD6: Succeed to remove RaftStorageDirectory Storage Directory /github/workspace/mnt/ozone/hadoop-ozone/integration-test/target/test-dir/MiniOzoneClusterImpl-0875b59f-827e-470c-b6ab-7d6320bd5827/datanode-1/data/ratis/e40a138e-87d1-4b6b-8f52-5dd6f1057fd6
2021-01-02 03:04:43,438 [Command processor thread] INFO  commandhandler.ClosePipelineCommandHandler (ClosePipelineCommandHandler.java:handle(75)) - Close Pipeline PipelineID=e40a138e-87d1-4b6b-8f52-5dd6f1057fd6 command on datanode 3e6f9aad-df43-4486-a42c-6a362a65d862.
2021-01-02 03:04:43,438 [Command processor thread] INFO  server.RaftServer (RaftServerProxy.java:remove(104)) - 3e6f9aad-df43-4486-a42c-6a362a65d862: remove    LEADER 3e6f9aad-df43-4486-a42c-6a362a65d862@group-7BFC9F12570D:t1, leader=3e6f9aad-df43-4486-a42c-6a362a65d862, voted=3e6f9aad-df43-4486-a42c-6a362a65d862, raftlog=3e6f9aad-df43-4486-a42c-6a362a65d862@group-7BFC9F12570D-SegmentedRaftLog:OPENED:c0,f0,i0, conf=0: [3e6f9aad-df43-4486-a42c-6a362a65d862|rpc:172.17.0.2:35573|dataStream:], old=null RUNNING
2021-01-02 03:04:43,438 [Command processor thread] INFO  server.RaftServer$Division (RaftServerImpl.java:lambda$close$4(397)) - 3e6f9aad-df43-4486-a42c-6a362a65d862@group-7BFC9F12570D: shutdown
2021-01-02 03:04:43,438 [Command processor thread] INFO  util.JmxRegister (JmxRegister.java:unregister(73)) - Successfully un-registered JMX Bean with object name Ratis:service=RaftServer,group=group-7BFC9F12570D,id=3e6f9aad-df43-4486-a42c-6a362a65d862
2021-01-02 03:04:43,439 [Command processor thread] INFO  impl.RoleInfo (RoleInfo.java:shutdownLeaderState(91)) - 3e6f9aad-df43-4486-a42c-6a362a65d862: shutdown 3e6f9aad-df43-4486-a42c-6a362a65d862@group-7BFC9F12570D-LeaderStateImpl
2021-01-02 03:04:43,439 [Command processor thread] INFO  impl.PendingRequests (PendingRequests.java:sendNotLeaderResponses(249)) - 3e6f9aad-df43-4486-a42c-6a362a65d862@group-7BFC9F12570D-PendingRequests: sendNotLeaderResponses
2021-01-02 03:04:43,439 [Command processor thread] INFO  metrics.RatisMetrics (RatisMetrics.java:unregister(43)) - Unregistering Metrics Registry : ratis.log_appender.3e6f9aad-df43-4486-a42c-6a362a65d862@group-7BFC9F12570D
2021-01-02 03:04:43,439 [Command processor thread] INFO  metrics.RatisMetrics (RatisMetrics.java:unregister(43)) - Unregistering Metrics Registry : ratis.server.3e6f9aad-df43-4486-a42c-6a362a65d862@group-7BFC9F12570D
2021-01-02 03:04:43,441 [Command processor thread] INFO  impl.StateMachineUpdater (StateMachineUpdater.java:stopAndJoin(148)) - 3e6f9aad-df43-4486-a42c-6a362a65d862@group-7BFC9F12570D-StateMachineUpdater: set stopIndex = 0
2021-01-02 03:04:43,442 [3e6f9aad-df43-4486-a42c-6a362a65d862@group-7BFC9F12570D-StateMachineUpdater] INFO  ratis.ContainerStateMachine (ContainerStateMachine.java:takeSnapshot(291)) - group-7BFC9F12570D: Taking a snapshot at:(t:1, i:0) file /github/workspace/mnt/ozone/hadoop-ozone/integration-test/target/test-dir/MiniOzoneClusterImpl-0875b59f-827e-470c-b6ab-7d6320bd5827/datanode-1/data/ratis/8008f6d4-f92b-4d34-8ade-7bfc9f12570d/sm/snapshot.1_0
2021-01-02 03:04:43,443 [3e6f9aad-df43-4486-a42c-6a362a65d862@group-7BFC9F12570D-StateMachineUpdater] INFO  ratis.ContainerStateMachine (ContainerStateMachine.java:takeSnapshot(302)) - group-7BFC9F12570D: Finished taking a snapshot at:(t:1, i:0) file:/github/workspace/mnt/ozone/hadoop-ozone/integration-test/target/test-dir/MiniOzoneClusterImpl-0875b59f-827e-470c-b6ab-7d6320bd5827/datanode-1/data/ratis/8008f6d4-f92b-4d34-8ade-7bfc9f12570d/sm/snapshot.1_0 time:1
2021-01-02 03:04:43,443 [3e6f9aad-df43-4486-a42c-6a362a65d862@group-7BFC9F12570D-StateMachineUpdater] INFO  impl.StateMachineUpdater (StateMachineUpdater.java:takeSnapshot(279)) - 3e6f9aad-df43-4486-a42c-6a362a65d862@group-7BFC9F12570D-StateMachineUpdater: Took a snapshot at index 0
2021-01-02 03:04:43,443 [3e6f9aad-df43-4486-a42c-6a362a65d862@group-7BFC9F12570D-StateMachineUpdater] INFO  impl.StateMachineUpdater (StateMachineUpdater.java:lambda$new$0(88)) - 3e6f9aad-df43-4486-a42c-6a362a65d862@group-7BFC9F12570D-StateMachineUpdater: snapshotIndex: updateIncreasingly -1 -> 0
2021-01-02 03:04:43,443 [3e6f9aad-df43-4486-a42c-6a362a65d862@group-7BFC9F12570D-StateMachineUpdater] INFO  metrics.RatisMetrics (RatisMetrics.java:unregister(43)) - Unregistering Metrics Registry : ratis.state_machine.3e6f9aad-df43-4486-a42c-6a362a65d862@group-7BFC9F12570D
2021-01-02 03:04:43,443 [Command processor thread] INFO  server.RaftServer$Division (ServerState.java:close(406)) - 3e6f9aad-df43-4486-a42c-6a362a65d862@group-7BFC9F12570D: closes. applyIndex: 0
2021-01-02 03:04:43,443 [3e6f9aad-df43-4486-a42c-6a362a65d862@group-7BFC9F12570D-SegmentedRaftLogWorker] INFO  segmented.SegmentedRaftLogWorker (SegmentedRaftLogWorker.java:run(326)) - 3e6f9aad-df43-4486-a42c-6a362a65d862@group-7BFC9F12570D-SegmentedRaftLogWorker was interrupted, exiting. There are 0 tasks remaining in the queue.
2021-01-02 03:04:43,444 [Command processor thread] INFO  segmented.SegmentedRaftLogWorker (SegmentedRaftLogWorker.java:close(236)) - 3e6f9aad-df43-4486-a42c-6a362a65d862@group-7BFC9F12570D-SegmentedRaftLogWorker close()
2021-01-02 03:04:43,445 [Command processor thread] INFO  metrics.RatisMetrics (RatisMetrics.java:unregister(43)) - Unregistering Metrics Registry : ratis.log_worker.3e6f9aad-df43-4486-a42c-6a362a65d862@group-7BFC9F12570D
2021-01-02 03:04:43,445 [Command processor thread] INFO  keyvalue.KeyValueContainer (KeyValueContainer.java:flushAndSyncDB(388)) - Container 3 is synced with bcsId 45.
2021-01-02 03:04:43,445 [Command processor thread] INFO  metrics.RatisMetrics (RatisMetrics.java:unregister(43)) - Unregistering Metrics Registry : ratis.leader_election.3e6f9aad-df43-4486-a42c-6a362a65d862@group-7BFC9F12570D
2021-01-02 03:04:43,445 [Command processor thread] INFO  metrics.RatisMetrics (RatisMetrics.java:unregister(43)) - Unregistering Metrics Registry : ratis.server.3e6f9aad-df43-4486-a42c-6a362a65d862@group-7BFC9F12570D
2021-01-02 03:04:43,446 [Command processor thread] INFO  server.RaftServer$Division (RaftServerImpl.java:groupRemove(367)) - 3e6f9aad-df43-4486-a42c-6a362a65d862@group-7BFC9F12570D: Succeed to remove RaftStorageDirectory Storage Directory /github/workspace/mnt/ozone/hadoop-ozone/integration-test/target/test-dir/MiniOzoneClusterImpl-0875b59f-827e-470c-b6ab-7d6320bd5827/datanode-1/data/ratis/8008f6d4-f92b-4d34-8ade-7bfc9f12570d
2021-01-02 03:04:43,446 [Command processor thread] INFO  commandhandler.ClosePipelineCommandHandler (ClosePipelineCommandHandler.java:handle(75)) - Close Pipeline PipelineID=8008f6d4-f92b-4d34-8ade-7bfc9f12570d command on datanode 3e6f9aad-df43-4486-a42c-6a362a65d862.
2021-01-02 03:04:43,446 [Command processor thread] WARN  server.RaftServer (RaftServerProxy.java:remove(99)) - 3e6f9aad-df43-4486-a42c-6a362a65d862: does not contain group: group-5DD6F1057FD6
2021-01-02 03:04:43,447 [Command processor thread] ERROR commandhandler.ClosePipelineCommandHandler (ClosePipelineCommandHandler.java:handle(78)) - Can't close pipeline PipelineID=e40a138e-87d1-4b6b-8f52-5dd6f1057fd6
java.io.IOException: 3e6f9aad-df43-4486-a42c-6a362a65d862: Group group-5DD6F1057FD6 not found.
	at org.apache.hadoop.ozone.container.common.transport.server.ratis.XceiverServerRatis.removeGroup(XceiverServerRatis.java:782)
	at org.apache.hadoop.ozone.container.common.statemachine.commandhandler.ClosePipelineCommandHandler.handle(ClosePipelineCommandHandler.java:74)
	at org.apache.hadoop.ozone.container.common.statemachine.commandhandler.CommandDispatcher.handle(CommandDispatcher.java:99)
	at org.apache.hadoop.ozone.container.common.statemachine.DatanodeStateMachine.lambda$initCommandHandlerThread$2(DatanodeStateMachine.java:498)
	at java.lang.Thread.run(Thread.java:748)
Caused by: org.apache.ratis.protocol.exceptions.GroupMismatchException: 3e6f9aad-df43-4486-a42c-6a362a65d862: Group group-5DD6F1057FD6 not found.
	at org.apache.ratis.server.impl.RaftServerProxy.groupRemoveAsync(RaftServerProxy.java:494)
	at org.apache.ratis.server.impl.RaftServerProxy.groupManagementAsync(RaftServerProxy.java:450)
	at org.apache.ratis.server.impl.RaftServerProxy.groupManagement(RaftServerProxy.java:430)
	at org.apache.hadoop.ozone.container.common.transport.server.ratis.XceiverServerRatis.removeGroup(XceiverServerRatis.java:780)
	... 4 more
2021-01-02 03:04:43,447 [Command processor thread] WARN  server.RaftServer (RaftServerProxy.java:remove(99)) - 3e6f9aad-df43-4486-a42c-6a362a65d862: does not contain group: group-7BFC9F12570D
2021-01-02 03:04:43,447 [Command processor thread] ERROR commandhandler.ClosePipelineCommandHandler (ClosePipelineCommandHandler.java:handle(78)) - Can't close pipeline PipelineID=8008f6d4-f92b-4d34-8ade-7bfc9f12570d
java.io.IOException: 3e6f9aad-df43-4486-a42c-6a362a65d862: Group group-7BFC9F12570D not found.
	at org.apache.hadoop.ozone.container.common.transport.server.ratis.XceiverServerRatis.removeGroup(XceiverServerRatis.java:782)
	at org.apache.hadoop.ozone.container.common.statemachine.commandhandler.ClosePipelineCommandHandler.handle(ClosePipelineCommandHandler.java:74)
	at org.apache.hadoop.ozone.container.common.statemachine.commandhandler.CommandDispatcher.handle(CommandDispatcher.java:99)
	at org.apache.hadoop.ozone.container.common.statemachine.DatanodeStateMachine.lambda$initCommandHandlerThread$2(DatanodeStateMachine.java:498)
	at java.lang.Thread.run(Thread.java:748)
Caused by: org.apache.ratis.protocol.exceptions.GroupMismatchException: 3e6f9aad-df43-4486-a42c-6a362a65d862: Group group-7BFC9F12570D not found.
	at org.apache.ratis.server.impl.RaftServerProxy.groupRemoveAsync(RaftServerProxy.java:494)
	at org.apache.ratis.server.impl.RaftServerProxy.groupManagementAsync(RaftServerProxy.java:450)
	at org.apache.ratis.server.impl.RaftServerProxy.groupManagement(RaftServerProxy.java:430)
	at org.apache.hadoop.ozone.container.common.transport.server.ratis.XceiverServerRatis.removeGroup(XceiverServerRatis.java:780)
	... 4 more
2021-01-02 03:04:43,445 [Command processor thread] INFO  keyvalue.KeyValueContainer (KeyValueContainer.java:flushAndSyncDB(388)) - Container 3 is synced with bcsId 45.
2021-01-02 03:04:43,448 [Command processor thread] WARN  server.RaftServer (RaftServerProxy.java:remove(99)) - 3e6f9aad-df43-4486-a42c-6a362a65d862: does not contain group: group-5DD6F1057FD6
2021-01-02 03:04:43,448 [Command processor thread] ERROR commandhandler.ClosePipelineCommandHandler (ClosePipelineCommandHandler.java:handle(78)) - Can't close pipeline PipelineID=e40a138e-87d1-4b6b-8f52-5dd6f1057fd6
java.io.IOException: 3e6f9aad-df43-4486-a42c-6a362a65d862: Group group-5DD6F1057FD6 not found.
	at org.apache.hadoop.ozone.container.common.transport.server.ratis.XceiverServerRatis.removeGroup(XceiverServerRatis.java:782)
	at org.apache.hadoop.ozone.container.common.statemachine.commandhandler.ClosePipelineCommandHandler.handle(ClosePipelineCommandHandler.java:74)
	at org.apache.hadoop.ozone.container.common.statemachine.commandhandler.CommandDispatcher.handle(CommandDispatcher.java:99)
	at org.apache.hadoop.ozone.container.common.statemachine.DatanodeStateMachine.lambda$initCommandHandlerThread$2(DatanodeStateMachine.java:498)
	at java.lang.Thread.run(Thread.java:748)
Caused by: org.apache.ratis.protocol.exceptions.GroupMismatchException: 3e6f9aad-df43-4486-a42c-6a362a65d862: Group group-5DD6F1057FD6 not found.
	at org.apache.ratis.server.impl.RaftServerProxy.groupRemoveAsync(RaftServerProxy.java:494)
	at org.apache.ratis.server.impl.RaftServerProxy.groupManagementAsync(RaftServerProxy.java:450)
	at org.apache.ratis.server.impl.RaftServerProxy.groupManagement(RaftServerProxy.java:430)
	at org.apache.hadoop.ozone.container.common.transport.server.ratis.XceiverServerRatis.removeGroup(XceiverServerRatis.java:780)
	... 4 more
2021-01-02 03:04:43,449 [Command processor thread] WARN  server.RaftServer (RaftServerProxy.java:remove(99)) - 3e6f9aad-df43-4486-a42c-6a362a65d862: does not contain group: group-7BFC9F12570D
2021-01-02 03:04:43,449 [Command processor thread] ERROR commandhandler.ClosePipelineCommandHandler (ClosePipelineCommandHandler.java:handle(78)) - Can't close pipeline PipelineID=8008f6d4-f92b-4d34-8ade-7bfc9f12570d
java.io.IOException: 3e6f9aad-df43-4486-a42c-6a362a65d862: Group group-7BFC9F12570D not found.
	at org.apache.hadoop.ozone.container.common.transport.server.ratis.XceiverServerRatis.removeGroup(XceiverServerRatis.java:782)
	at org.apache.hadoop.ozone.container.common.statemachine.commandhandler.ClosePipelineCommandHandler.handle(ClosePipelineCommandHandler.java:74)
	at org.apache.hadoop.ozone.container.common.statemachine.commandhandler.CommandDispatcher.handle(CommandDispatcher.java:99)
	at org.apache.hadoop.ozone.container.common.statemachine.DatanodeStateMachine.lambda$initCommandHandlerThread$2(DatanodeStateMachine.java:498)
	at java.lang.Thread.run(Thread.java:748)
Caused by: org.apache.ratis.protocol.exceptions.GroupMismatchException: 3e6f9aad-df43-4486-a42c-6a362a65d862: Group group-7BFC9F12570D not found.
	at org.apache.ratis.server.impl.RaftServerProxy.groupRemoveAsync(RaftServerProxy.java:494)
	at org.apache.ratis.server.impl.RaftServerProxy.groupManagementAsync(RaftServerProxy.java:450)
	at org.apache.ratis.server.impl.RaftServerProxy.groupManagement(RaftServerProxy.java:430)
	at org.apache.hadoop.ozone.container.common.transport.server.ratis.XceiverServerRatis.removeGroup(XceiverServerRatis.java:780)
	... 4 more
2021-01-02 03:04:43,449 [Command processor thread] WARN  server.RaftServer (RaftServerProxy.java:remove(99)) - 3e6f9aad-df43-4486-a42c-6a362a65d862: does not contain group: group-5DD6F1057FD6
2021-01-02 03:04:43,449 [Command processor thread] ERROR commandhandler.ClosePipelineCommandHandler (ClosePipelineCommandHandler.java:handle(78)) - Can't close pipeline PipelineID=e40a138e-87d1-4b6b-8f52-5dd6f1057fd6
java.io.IOException: 3e6f9aad-df43-4486-a42c-6a362a65d862: Group group-5DD6F1057FD6 not found.
	at org.apache.hadoop.ozone.container.common.transport.server.ratis.XceiverServerRatis.removeGroup(XceiverServerRatis.java:782)
	at org.apache.hadoop.ozone.container.common.statemachine.commandhandler.ClosePipelineCommandHandler.handle(ClosePipelineCommandHandler.java:74)
	at org.apache.hadoop.ozone.container.common.statemachine.commandhandler.CommandDispatcher.handle(CommandDispatcher.java:99)
	at org.apache.hadoop.ozone.container.common.statemachine.DatanodeStateMachine.lambda$initCommandHandlerThread$2(DatanodeStateMachine.java:498)
	at java.lang.Thread.run(Thread.java:748)
Caused by: org.apache.ratis.protocol.exceptions.GroupMismatchException: 3e6f9aad-df43-4486-a42c-6a362a65d862: Group group-5DD6F1057FD6 not found.
	at org.apache.ratis.server.impl.RaftServerProxy.groupRemoveAsync(RaftServerProxy.java:494)
	at org.apache.ratis.server.impl.RaftServerProxy.groupManagementAsync(RaftServerProxy.java:450)
	at org.apache.ratis.server.impl.RaftServerProxy.groupManagement(RaftServerProxy.java:430)
	at org.apache.hadoop.ozone.container.common.transport.server.ratis.XceiverServerRatis.removeGroup(XceiverServerRatis.java:780)
	... 4 more
2021-01-02 03:04:43,449 [Command processor thread] WARN  server.RaftServer (RaftServerProxy.java:remove(99)) - 3e6f9aad-df43-4486-a42c-6a362a65d862: does not contain group: group-7BFC9F12570D
2021-01-02 03:04:43,449 [Command processor thread] ERROR commandhandler.ClosePipelineCommandHandler (ClosePipelineCommandHandler.java:handle(78)) - Can't close pipeline PipelineID=8008f6d4-f92b-4d34-8ade-7bfc9f12570d
java.io.IOException: 3e6f9aad-df43-4486-a42c-6a362a65d862: Group group-7BFC9F12570D not found.
	at org.apache.hadoop.ozone.container.common.transport.server.ratis.XceiverServerRatis.removeGroup(XceiverServerRatis.java:782)
	at org.apache.hadoop.ozone.container.common.statemachine.commandhandler.ClosePipelineCommandHandler.handle(ClosePipelineCommandHandler.java:74)
	at org.apache.hadoop.ozone.container.common.statemachine.commandhandler.CommandDispatcher.handle(CommandDispatcher.java:99)
	at org.apache.hadoop.ozone.container.common.statemachine.DatanodeStateMachine.lambda$initCommandHandlerThread$2(DatanodeStateMachine.java:498)
	at java.lang.Thread.run(Thread.java:748)
Caused by: org.apache.ratis.protocol.exceptions.GroupMismatchException: 3e6f9aad-df43-4486-a42c-6a362a65d862: Group group-7BFC9F12570D not found.
	at org.apache.ratis.server.impl.RaftServerProxy.groupRemoveAsync(RaftServerProxy.java:494)
	at org.apache.ratis.server.impl.RaftServerProxy.groupManagementAsync(RaftServerProxy.java:450)
	at org.apache.ratis.server.impl.RaftServerProxy.groupManagement(RaftServerProxy.java:430)
	at org.apache.hadoop.ozone.container.common.transport.server.ratis.XceiverServerRatis.removeGroup(XceiverServerRatis.java:780)
	... 4 more
2021-01-02 03:04:43,449 [Command processor thread] WARN  server.RaftServer (RaftServerProxy.java:remove(99)) - 3e6f9aad-df43-4486-a42c-6a362a65d862: does not contain group: group-5DD6F1057FD6
2021-01-02 03:04:43,449 [Command processor thread] ERROR commandhandler.ClosePipelineCommandHandler (ClosePipelineCommandHandler.java:handle(78)) - Can't close pipeline PipelineID=e40a138e-87d1-4b6b-8f52-5dd6f1057fd6
java.io.IOException: 3e6f9aad-df43-4486-a42c-6a362a65d862: Group group-5DD6F1057FD6 not found.
	at org.apache.hadoop.ozone.container.common.transport.server.ratis.XceiverServerRatis.removeGroup(XceiverServerRatis.java:782)
	at org.apache.hadoop.ozone.container.common.statemachine.commandhandler.ClosePipelineCommandHandler.handle(ClosePipelineCommandHandler.java:74)
	at org.apache.hadoop.ozone.container.common.statemachine.commandhandler.CommandDispatcher.handle(CommandDispatcher.java:99)
	at org.apache.hadoop.ozone.container.common.statemachine.DatanodeStateMachine.lambda$initCommandHandlerThread$2(DatanodeStateMachine.java:498)
	at java.lang.Thread.run(Thread.java:748)
Caused by: org.apache.ratis.protocol.exceptions.GroupMismatchException: 3e6f9aad-df43-4486-a42c-6a362a65d862: Group group-5DD6F1057FD6 not found.
	at org.apache.ratis.server.impl.RaftServerProxy.groupRemoveAsync(RaftServerProxy.java:494)
	at org.apache.ratis.server.impl.RaftServerProxy.groupManagementAsync(RaftServerProxy.java:450)
	at org.apache.ratis.server.impl.RaftServerProxy.groupManagement(RaftServerProxy.java:430)
	at org.apache.hadoop.ozone.container.common.transport.server.ratis.XceiverServerRatis.removeGroup(XceiverServerRatis.java:780)
	... 4 more
2021-01-02 03:04:43,451 [Command processor thread] INFO  server.RaftServer$Division (RaftServerImpl.java:groupRemove(367)) - ace74568-a36a-4c06-abbe-7d05c77e5c4e@group-5DD6F1057FD6: Succeed to remove RaftStorageDirectory Storage Directory /github/workspace/mnt/ozone/hadoop-ozone/integration-test/target/test-dir/MiniOzoneClusterImpl-0875b59f-827e-470c-b6ab-7d6320bd5827/datanode-0/data/ratis/e40a138e-87d1-4b6b-8f52-5dd6f1057fd6
2021-01-02 03:04:43,451 [Command processor thread] INFO  commandhandler.ClosePipelineCommandHandler (ClosePipelineCommandHandler.java:handle(75)) - Close Pipeline PipelineID=e40a138e-87d1-4b6b-8f52-5dd6f1057fd6 command on datanode ace74568-a36a-4c06-abbe-7d05c77e5c4e.
2021-01-02 03:04:43,452 [Command processor thread] WARN  server.RaftServer (RaftServerProxy.java:remove(99)) - ace74568-a36a-4c06-abbe-7d05c77e5c4e: does not contain group: group-A3A9F4CD806E
2021-01-02 03:04:43,452 [Command processor thread] ERROR commandhandler.ClosePipelineCommandHandler (ClosePipelineCommandHandler.java:handle(78)) - Can't close pipeline PipelineID=364500dc-a1aa-4eb2-8192-a3a9f4cd806e
java.io.IOException: ace74568-a36a-4c06-abbe-7d05c77e5c4e: Group group-A3A9F4CD806E not found.
	at org.apache.hadoop.ozone.container.common.transport.server.ratis.XceiverServerRatis.removeGroup(XceiverServerRatis.java:782)
	at org.apache.hadoop.ozone.container.common.statemachine.commandhandler.ClosePipelineCommandHandler.handle(ClosePipelineCommandHandler.java:74)
	at org.apache.hadoop.ozone.container.common.statemachine.commandhandler.CommandDispatcher.handle(CommandDispatcher.java:99)
	at org.apache.hadoop.ozone.container.common.statemachine.DatanodeStateMachine.lambda$initCommandHandlerThread$2(DatanodeStateMachine.java:498)
	at java.lang.Thread.run(Thread.java:748)
Caused by: org.apache.ratis.protocol.exceptions.GroupMismatchException: ace74568-a36a-4c06-abbe-7d05c77e5c4e: Group group-A3A9F4CD806E not found.
	at org.apache.ratis.server.impl.RaftServerProxy.groupRemoveAsync(RaftServerProxy.java:494)
	at org.apache.ratis.server.impl.RaftServerProxy.groupManagementAsync(RaftServerProxy.java:450)
	at org.apache.ratis.server.impl.RaftServerProxy.groupManagement(RaftServerProxy.java:430)
	at org.apache.hadoop.ozone.container.common.transport.server.ratis.XceiverServerRatis.removeGroup(XceiverServerRatis.java:780)
	... 4 more
2021-01-02 03:04:43,452 [Command processor thread] WARN  server.RaftServer (RaftServerProxy.java:remove(99)) - ace74568-a36a-4c06-abbe-7d05c77e5c4e: does not contain group: group-5DD6F1057FD6
2021-01-02 03:04:43,452 [Command processor thread] ERROR commandhandler.ClosePipelineCommandHandler (ClosePipelineCommandHandler.java:handle(78)) - Can't close pipeline PipelineID=e40a138e-87d1-4b6b-8f52-5dd6f1057fd6
java.io.IOException: ace74568-a36a-4c06-abbe-7d05c77e5c4e: Group group-5DD6F1057FD6 not found.
	at org.apache.hadoop.ozone.container.common.transport.server.ratis.XceiverServerRatis.removeGroup(XceiverServerRatis.java:782)
	at org.apache.hadoop.ozone.container.common.statemachine.commandhandler.ClosePipelineCommandHandler.handle(ClosePipelineCommandHandler.java:74)
	at org.apache.hadoop.ozone.container.common.statemachine.commandhandler.CommandDispatcher.handle(CommandDispatcher.java:99)
	at org.apache.hadoop.ozone.container.common.statemachine.DatanodeStateMachine.lambda$initCommandHandlerThread$2(DatanodeStateMachine.java:498)
	at java.lang.Thread.run(Thread.java:748)
Caused by: org.apache.ratis.protocol.exceptions.GroupMismatchException: ace74568-a36a-4c06-abbe-7d05c77e5c4e: Group group-5DD6F1057FD6 not found.
	at org.apache.ratis.server.impl.RaftServerProxy.groupRemoveAsync(RaftServerProxy.java:494)
	at org.apache.ratis.server.impl.RaftServerProxy.groupManagementAsync(RaftServerProxy.java:450)
	at org.apache.ratis.server.impl.RaftServerProxy.groupManagement(RaftServerProxy.java:430)
	at org.apache.hadoop.ozone.container.common.transport.server.ratis.XceiverServerRatis.removeGroup(XceiverServerRatis.java:780)
	... 4 more
2021-01-02 03:04:43,452 [Command processor thread] WARN  server.RaftServer (RaftServerProxy.java:remove(99)) - ace74568-a36a-4c06-abbe-7d05c77e5c4e: does not contain group: group-A3A9F4CD806E
2021-01-02 03:04:43,452 [Command processor thread] ERROR commandhandler.ClosePipelineCommandHandler (ClosePipelineCommandHandler.java:handle(78)) - Can't close pipeline PipelineID=364500dc-a1aa-4eb2-8192-a3a9f4cd806e
java.io.IOException: ace74568-a36a-4c06-abbe-7d05c77e5c4e: Group group-A3A9F4CD806E not found.
	at org.apache.hadoop.ozone.container.common.transport.server.ratis.XceiverServerRatis.removeGroup(XceiverServerRatis.java:782)
	at org.apache.hadoop.ozone.container.common.statemachine.commandhandler.ClosePipelineCommandHandler.handle(ClosePipelineCommandHandler.java:74)
	at org.apache.hadoop.ozone.container.common.statemachine.commandhandler.CommandDispatcher.handle(CommandDispatcher.java:99)
	at org.apache.hadoop.ozone.container.common.statemachine.DatanodeStateMachine.lambda$initCommandHandlerThread$2(DatanodeStateMachine.java:498)
	at java.lang.Thread.run(Thread.java:748)
Caused by: org.apache.ratis.protocol.exceptions.GroupMismatchException: ace74568-a36a-4c06-abbe-7d05c77e5c4e: Group group-A3A9F4CD806E not found.
	at org.apache.ratis.server.impl.RaftServerProxy.groupRemoveAsync(RaftServerProxy.java:494)
	at org.apache.ratis.server.impl.RaftServerProxy.groupManagementAsync(RaftServerProxy.java:450)
	at org.apache.ratis.server.impl.RaftServerProxy.groupManagement(RaftServerProxy.java:430)
	at org.apache.hadoop.ozone.container.common.transport.server.ratis.XceiverServerRatis.removeGroup(XceiverServerRatis.java:780)
	... 4 more
2021-01-02 03:04:43,453 [Command processor thread] WARN  server.RaftServer (RaftServerProxy.java:remove(99)) - ace74568-a36a-4c06-abbe-7d05c77e5c4e: does not contain group: group-5DD6F1057FD6
2021-01-02 03:04:43,453 [Command processor thread] ERROR commandhandler.ClosePipelineCommandHandler (ClosePipelineCommandHandler.java:handle(78)) - Can't close pipeline PipelineID=e40a138e-87d1-4b6b-8f52-5dd6f1057fd6
java.io.IOException: ace74568-a36a-4c06-abbe-7d05c77e5c4e: Group group-5DD6F1057FD6 not found.
	at org.apache.hadoop.ozone.container.common.transport.server.ratis.XceiverServerRatis.removeGroup(XceiverServerRatis.java:782)
	at org.apache.hadoop.ozone.container.common.statemachine.commandhandler.ClosePipelineCommandHandler.handle(ClosePipelineCommandHandler.java:74)
	at org.apache.hadoop.ozone.container.common.statemachine.commandhandler.CommandDispatcher.handle(CommandDispatcher.java:99)
	at org.apache.hadoop.ozone.container.common.statemachine.DatanodeStateMachine.lambda$initCommandHandlerThread$2(DatanodeStateMachine.java:498)
	at java.lang.Thread.run(Thread.java:748)
Caused by: org.apache.ratis.protocol.exceptions.GroupMismatchException: ace74568-a36a-4c06-abbe-7d05c77e5c4e: Group group-5DD6F1057FD6 not found.
	at org.apache.ratis.server.impl.RaftServerProxy.groupRemoveAsync(RaftServerProxy.java:494)
	at org.apache.ratis.server.impl.RaftServerProxy.groupManagementAsync(RaftServerProxy.java:450)
	at org.apache.ratis.server.impl.RaftServerProxy.groupManagement(RaftServerProxy.java:430)
	at org.apache.hadoop.ozone.container.common.transport.server.ratis.XceiverServerRatis.removeGroup(XceiverServerRatis.java:780)
	... 4 more
2021-01-02 03:04:43,453 [Command processor thread] WARN  server.RaftServer (RaftServerProxy.java:remove(99)) - ace74568-a36a-4c06-abbe-7d05c77e5c4e: does not contain group: group-A3A9F4CD806E
2021-01-02 03:04:43,453 [Command processor thread] ERROR commandhandler.ClosePipelineCommandHandler (ClosePipelineCommandHandler.java:handle(78)) - Can't close pipeline PipelineID=364500dc-a1aa-4eb2-8192-a3a9f4cd806e
java.io.IOException: ace74568-a36a-4c06-abbe-7d05c77e5c4e: Group group-A3A9F4CD806E not found.
	at org.apache.hadoop.ozone.container.common.transport.server.ratis.XceiverServerRatis.removeGroup(XceiverServerRatis.java:782)
	at org.apache.hadoop.ozone.container.common.statemachine.commandhandler.ClosePipelineCommandHandler.handle(ClosePipelineCommandHandler.java:74)
	at org.apache.hadoop.ozone.container.common.statemachine.commandhandler.CommandDispatcher.handle(CommandDispatcher.java:99)
	at org.apache.hadoop.ozone.container.common.statemachine.DatanodeStateMachine.lambda$initCommandHandlerThread$2(DatanodeStateMachine.java:498)
	at java.lang.Thread.run(Thread.java:748)
Caused by: org.apache.ratis.protocol.exceptions.GroupMismatchException: ace74568-a36a-4c06-abbe-7d05c77e5c4e: Group group-A3A9F4CD806E not found.
	at org.apache.ratis.server.impl.RaftServerProxy.groupRemoveAsync(RaftServerProxy.java:494)
	at org.apache.ratis.server.impl.RaftServerProxy.groupManagementAsync(RaftServerProxy.java:450)
	at org.apache.ratis.server.impl.RaftServerProxy.groupManagement(RaftServerProxy.java:430)
	at org.apache.hadoop.ozone.container.common.transport.server.ratis.XceiverServerRatis.removeGroup(XceiverServerRatis.java:780)
	... 4 more
2021-01-02 03:04:43,453 [Command processor thread] WARN  server.RaftServer (RaftServerProxy.java:remove(99)) - ace74568-a36a-4c06-abbe-7d05c77e5c4e: does not contain group: group-5DD6F1057FD6
2021-01-02 03:04:43,453 [Command processor thread] ERROR commandhandler.ClosePipelineCommandHandler (ClosePipelineCommandHandler.java:handle(78)) - Can't close pipeline PipelineID=e40a138e-87d1-4b6b-8f52-5dd6f1057fd6
java.io.IOException: ace74568-a36a-4c06-abbe-7d05c77e5c4e: Group group-5DD6F1057FD6 not found.
	at org.apache.hadoop.ozone.container.common.transport.server.ratis.XceiverServerRatis.removeGroup(XceiverServerRatis.java:782)
	at org.apache.hadoop.ozone.container.common.statemachine.commandhandler.ClosePipelineCommandHandler.handle(ClosePipelineCommandHandler.java:74)
	at org.apache.hadoop.ozone.container.common.statemachine.commandhandler.CommandDispatcher.handle(CommandDispatcher.java:99)
	at org.apache.hadoop.ozone.container.common.statemachine.DatanodeStateMachine.lambda$initCommandHandlerThread$2(DatanodeStateMachine.java:498)
	at java.lang.Thread.run(Thread.java:748)
Caused by: org.apache.ratis.protocol.exceptions.GroupMismatchException: ace74568-a36a-4c06-abbe-7d05c77e5c4e: Group group-5DD6F1057FD6 not found.
	at org.apache.ratis.server.impl.RaftServerProxy.groupRemoveAsync(RaftServerProxy.java:494)
	at org.apache.ratis.server.impl.RaftServerProxy.groupManagementAsync(RaftServerProxy.java:450)
	at org.apache.ratis.server.impl.RaftServerProxy.groupManagement(RaftServerProxy.java:430)
	at org.apache.hadoop.ozone.container.common.transport.server.ratis.XceiverServerRatis.removeGroup(XceiverServerRatis.java:780)
	... 4 more
2021-01-02 03:04:43,453 [Command processor thread] WARN  server.RaftServer (RaftServerProxy.java:remove(99)) - ace74568-a36a-4c06-abbe-7d05c77e5c4e: does not contain group: group-A3A9F4CD806E
2021-01-02 03:04:43,454 [Command processor thread] ERROR commandhandler.ClosePipelineCommandHandler (ClosePipelineCommandHandler.java:handle(78)) - Can't close pipeline PipelineID=364500dc-a1aa-4eb2-8192-a3a9f4cd806e
java.io.IOException: ace74568-a36a-4c06-abbe-7d05c77e5c4e: Group group-A3A9F4CD806E not found.
	at org.apache.hadoop.ozone.container.common.transport.server.ratis.XceiverServerRatis.removeGroup(XceiverServerRatis.java:782)
	at org.apache.hadoop.ozone.container.common.statemachine.commandhandler.ClosePipelineCommandHandler.handle(ClosePipelineCommandHandler.java:74)
	at org.apache.hadoop.ozone.container.common.statemachine.commandhandler.CommandDispatcher.handle(CommandDispatcher.java:99)
	at org.apache.hadoop.ozone.container.common.statemachine.DatanodeStateMachine.lambda$initCommandHandlerThread$2(DatanodeStateMachine.java:498)
	at java.lang.Thread.run(Thread.java:748)
Caused by: org.apache.ratis.protocol.exceptions.GroupMismatchException: ace74568-a36a-4c06-abbe-7d05c77e5c4e: Group group-A3A9F4CD806E not found.
	at org.apache.ratis.server.impl.RaftServerProxy.groupRemoveAsync(RaftServerProxy.java:494)
	at org.apache.ratis.server.impl.RaftServerProxy.groupManagementAsync(RaftServerProxy.java:450)
	at org.apache.ratis.server.impl.RaftServerProxy.groupManagement(RaftServerProxy.java:430)
	at org.apache.hadoop.ozone.container.common.transport.server.ratis.XceiverServerRatis.removeGroup(XceiverServerRatis.java:780)
	... 4 more
2021-01-02 03:04:43,454 [Command processor thread] WARN  server.RaftServer (RaftServerProxy.java:remove(99)) - ace74568-a36a-4c06-abbe-7d05c77e5c4e: does not contain group: group-5DD6F1057FD6
2021-01-02 03:04:43,454 [Command processor thread] ERROR commandhandler.ClosePipelineCommandHandler (ClosePipelineCommandHandler.java:handle(78)) - Can't close pipeline PipelineID=e40a138e-87d1-4b6b-8f52-5dd6f1057fd6
java.io.IOException: ace74568-a36a-4c06-abbe-7d05c77e5c4e: Group group-5DD6F1057FD6 not found.
	at org.apache.hadoop.ozone.container.common.transport.server.ratis.XceiverServerRatis.removeGroup(XceiverServerRatis.java:782)
	at org.apache.hadoop.ozone.container.common.statemachine.commandhandler.ClosePipelineCommandHandler.handle(ClosePipelineCommandHandler.java:74)
	at org.apache.hadoop.ozone.container.common.statemachine.commandhandler.CommandDispatcher.handle(CommandDispatcher.java:99)
	at org.apache.hadoop.ozone.container.common.statemachine.DatanodeStateMachine.lambda$initCommandHandlerThread$2(DatanodeStateMachine.java:498)
	at java.lang.Thread.run(Thread.java:748)
Caused by: org.apache.ratis.protocol.exceptions.GroupMismatchException: ace74568-a36a-4c06-abbe-7d05c77e5c4e: Group group-5DD6F1057FD6 not found.
	at org.apache.ratis.server.impl.RaftServerProxy.groupRemoveAsync(RaftServerProxy.java:494)
	at org.apache.ratis.server.impl.RaftServerProxy.groupManagementAsync(RaftServerProxy.java:450)
	at org.apache.ratis.server.impl.RaftServerProxy.groupManagement(RaftServerProxy.java:430)
	at org.apache.hadoop.ozone.container.common.transport.server.ratis.XceiverServerRatis.removeGroup(XceiverServerRatis.java:780)
	... 4 more
2021-01-02 03:04:43,454 [Command processor thread] WARN  server.RaftServer (RaftServerProxy.java:remove(99)) - ace74568-a36a-4c06-abbe-7d05c77e5c4e: does not contain group: group-A3A9F4CD806E
2021-01-02 03:04:43,454 [Command processor thread] ERROR commandhandler.ClosePipelineCommandHandler (ClosePipelineCommandHandler.java:handle(78)) - Can't close pipeline PipelineID=364500dc-a1aa-4eb2-8192-a3a9f4cd806e
java.io.IOException: ace74568-a36a-4c06-abbe-7d05c77e5c4e: Group group-A3A9F4CD806E not found.
	at org.apache.hadoop.ozone.container.common.transport.server.ratis.XceiverServerRatis.removeGroup(XceiverServerRatis.java:782)
	at org.apache.hadoop.ozone.container.common.statemachine.commandhandler.ClosePipelineCommandHandler.handle(ClosePipelineCommandHandler.java:74)
	at org.apache.hadoop.ozone.container.common.statemachine.commandhandler.CommandDispatcher.handle(CommandDispatcher.java:99)
	at org.apache.hadoop.ozone.container.common.statemachine.DatanodeStateMachine.lambda$initCommandHandlerThread$2(DatanodeStateMachine.java:498)
	at java.lang.Thread.run(Thread.java:748)
Caused by: org.apache.ratis.protocol.exceptions.GroupMismatchException: ace74568-a36a-4c06-abbe-7d05c77e5c4e: Group group-A3A9F4CD806E not found.
	at org.apache.ratis.server.impl.RaftServerProxy.groupRemoveAsync(RaftServerProxy.java:494)
	at org.apache.ratis.server.impl.RaftServerProxy.groupManagementAsync(RaftServerProxy.java:450)
	at org.apache.ratis.server.impl.RaftServerProxy.groupManagement(RaftServerProxy.java:430)
	at org.apache.hadoop.ozone.container.common.transport.server.ratis.XceiverServerRatis.removeGroup(XceiverServerRatis.java:780)
	... 4 more
2021-01-02 03:04:43,454 [Command processor thread] WARN  server.RaftServer (RaftServerProxy.java:remove(99)) - ace74568-a36a-4c06-abbe-7d05c77e5c4e: does not contain group: group-5DD6F1057FD6
2021-01-02 03:04:43,454 [Command processor thread] ERROR commandhandler.ClosePipelineCommandHandler (ClosePipelineCommandHandler.java:handle(78)) - Can't close pipeline PipelineID=e40a138e-87d1-4b6b-8f52-5dd6f1057fd6
java.io.IOException: ace74568-a36a-4c06-abbe-7d05c77e5c4e: Group group-5DD6F1057FD6 not found.
	at org.apache.hadoop.ozone.container.common.transport.server.ratis.XceiverServerRatis.removeGroup(XceiverServerRatis.java:782)
	at org.apache.hadoop.ozone.container.common.statemachine.commandhandler.ClosePipelineCommandHandler.handle(ClosePipelineCommandHandler.java:74)
	at org.apache.hadoop.ozone.container.common.statemachine.commandhandler.CommandDispatcher.handle(CommandDispatcher.java:99)
	at org.apache.hadoop.ozone.container.common.statemachine.DatanodeStateMachine.lambda$initCommandHandlerThread$2(DatanodeStateMachine.java:498)
	at java.lang.Thread.run(Thread.java:748)
Caused by: org.apache.ratis.protocol.exceptions.GroupMismatchException: ace74568-a36a-4c06-abbe-7d05c77e5c4e: Group group-5DD6F1057FD6 not found.
	at org.apache.ratis.server.impl.RaftServerProxy.groupRemoveAsync(RaftServerProxy.java:494)
	at org.apache.ratis.server.impl.RaftServerProxy.groupManagementAsync(RaftServerProxy.java:450)
	at org.apache.ratis.server.impl.RaftServerProxy.groupManagement(RaftServerProxy.java:430)
	at org.apache.hadoop.ozone.container.common.transport.server.ratis.XceiverServerRatis.removeGroup(XceiverServerRatis.java:780)
	... 4 more
2021-01-02 03:04:43,454 [Command processor thread] WARN  server.RaftServer (RaftServerProxy.java:remove(99)) - 3e6f9aad-df43-4486-a42c-6a362a65d862: does not contain group: group-7BFC9F12570D
2021-01-02 03:04:43,455 [Command processor thread] ERROR commandhandler.ClosePipelineCommandHandler (ClosePipelineCommandHandler.java:handle(78)) - Can't close pipeline PipelineID=8008f6d4-f92b-4d34-8ade-7bfc9f12570d
java.io.IOException: 3e6f9aad-df43-4486-a42c-6a362a65d862: Group group-7BFC9F12570D not found.
	at org.apache.hadoop.ozone.container.common.transport.server.ratis.XceiverServerRatis.removeGroup(XceiverServerRatis.java:782)
	at org.apache.hadoop.ozone.container.common.statemachine.commandhandler.ClosePipelineCommandHandler.handle(ClosePipelineCommandHandler.java:74)
	at org.apache.hadoop.ozone.container.common.statemachine.commandhandler.CommandDispatcher.handle(CommandDispatcher.java:99)
	at org.apache.hadoop.ozone.container.common.statemachine.DatanodeStateMachine.lambda$initCommandHandlerThread$2(DatanodeStateMachine.java:498)
	at java.lang.Thread.run(Thread.java:748)
Caused by: org.apache.ratis.protocol.exceptions.GroupMismatchException: 3e6f9aad-df43-4486-a42c-6a362a65d862: Group group-7BFC9F12570D not found.
	at org.apache.ratis.server.impl.RaftServerProxy.groupRemoveAsync(RaftServerProxy.java:494)
	at org.apache.ratis.server.impl.RaftServerProxy.groupManagementAsync(RaftServerProxy.java:450)
	at org.apache.ratis.server.impl.RaftServerProxy.groupManagement(RaftServerProxy.java:430)
	at org.apache.hadoop.ozone.container.common.transport.server.ratis.XceiverServerRatis.removeGroup(XceiverServerRatis.java:780)
	... 4 more
2021-01-02 03:04:43,455 [Command processor thread] WARN  server.RaftServer (RaftServerProxy.java:remove(99)) - 3e6f9aad-df43-4486-a42c-6a362a65d862: does not contain group: group-5DD6F1057FD6
2021-01-02 03:04:43,455 [Command processor thread] ERROR commandhandler.ClosePipelineCommandHandler (ClosePipelineCommandHandler.java:handle(78)) - Can't close pipeline PipelineID=e40a138e-87d1-4b6b-8f52-5dd6f1057fd6
java.io.IOException: 3e6f9aad-df43-4486-a42c-6a362a65d862: Group group-5DD6F1057FD6 not found.
	at org.apache.hadoop.ozone.container.common.transport.server.ratis.XceiverServerRatis.removeGroup(XceiverServerRatis.java:782)
	at org.apache.hadoop.ozone.container.common.statemachine.commandhandler.ClosePipelineCommandHandler.handle(ClosePipelineCommandHandler.java:74)
	at org.apache.hadoop.ozone.container.common.statemachine.commandhandler.CommandDispatcher.handle(CommandDispatcher.java:99)
	at org.apache.hadoop.ozone.container.common.statemachine.DatanodeStateMachine.lambda$initCommandHandlerThread$2(DatanodeStateMachine.java:498)
	at java.lang.Thread.run(Thread.java:748)
Caused by: org.apache.ratis.protocol.exceptions.GroupMismatchException: 3e6f9aad-df43-4486-a42c-6a362a65d862: Group group-5DD6F1057FD6 not found.
	at org.apache.ratis.server.impl.RaftServerProxy.groupRemoveAsync(RaftServerProxy.java:494)
	at org.apache.ratis.server.impl.RaftServerProxy.groupManagementAsync(RaftServerProxy.java:450)
	at org.apache.ratis.server.impl.RaftServerProxy.groupManagement(RaftServerProxy.java:430)
	at org.apache.hadoop.ozone.container.common.transport.server.ratis.XceiverServerRatis.removeGroup(XceiverServerRatis.java:780)
	... 4 more
2021-01-02 03:04:43,455 [Command processor thread] WARN  server.RaftServer (RaftServerProxy.java:remove(99)) - 3e6f9aad-df43-4486-a42c-6a362a65d862: does not contain group: group-7BFC9F12570D
2021-01-02 03:04:43,455 [Command processor thread] ERROR commandhandler.ClosePipelineCommandHandler (ClosePipelineCommandHandler.java:handle(78)) - Can't close pipeline PipelineID=8008f6d4-f92b-4d34-8ade-7bfc9f12570d
java.io.IOException: 3e6f9aad-df43-4486-a42c-6a362a65d862: Group group-7BFC9F12570D not found.
	at org.apache.hadoop.ozone.container.common.transport.server.ratis.XceiverServerRatis.removeGroup(XceiverServerRatis.java:782)
	at org.apache.hadoop.ozone.container.common.statemachine.commandhandler.ClosePipelineCommandHandler.handle(ClosePipelineCommandHandler.java:74)
	at org.apache.hadoop.ozone.container.common.statemachine.commandhandler.CommandDispatcher.handle(CommandDispatcher.java:99)
	at org.apache.hadoop.ozone.container.common.statemachine.DatanodeStateMachine.lambda$initCommandHandlerThread$2(DatanodeStateMachine.java:498)
	at java.lang.Thread.run(Thread.java:748)
Caused by: org.apache.ratis.protocol.exceptions.GroupMismatchException: 3e6f9aad-df43-4486-a42c-6a362a65d862: Group group-7BFC9F12570D not found.
	at org.apache.ratis.server.impl.RaftServerProxy.groupRemoveAsync(RaftServerProxy.java:494)
	at org.apache.ratis.server.impl.RaftServerProxy.groupManagementAsync(RaftServerProxy.java:450)
	at org.apache.ratis.server.impl.RaftServerProxy.groupManagement(RaftServerProxy.java:430)
	at org.apache.hadoop.ozone.container.common.transport.server.ratis.XceiverServerRatis.removeGroup(XceiverServerRatis.java:780)
	... 4 more
2021-01-02 03:04:43,582 [Listener at 127.0.0.1/38109] INFO  server.StorageContainerManager (StorageContainerManager.java:stop(832)) - Stopping Replication Manager Service.
2021-01-02 03:04:43,582 [Listener at 127.0.0.1/38109] INFO  container.ReplicationManager (ReplicationManager.java:stop(234)) - Replication Monitor Thread is not running.
2021-01-02 03:04:43,582 [Listener at 127.0.0.1/38109] INFO  server.StorageContainerManager (StorageContainerManager.java:stop(839)) - Stopping the Datanode Admin Monitor.
2021-01-02 03:04:43,582 [Listener at 127.0.0.1/38109] INFO  server.StorageContainerManager (StorageContainerManager.java:stop(846)) - Stopping Lease Manager of the command watchers
2021-01-02 03:04:43,582 [Listener at 127.0.0.1/38109] INFO  server.StorageContainerManager (StorageContainerManager.java:stop(853)) - Stopping datanode service RPC server
2021-01-02 03:04:43,583 [Listener at 127.0.0.1/38109] INFO  server.SCMDatanodeProtocolServer (SCMDatanodeProtocolServer.java:stop(369)) - Stopping the RPC server for DataNodes
2021-01-02 03:04:43,583 [Listener at 127.0.0.1/38109] INFO  ipc.Server (Server.java:stop(3359)) - Stopping server on 43483
2021-01-02 03:04:43,588 [IPC Server listener on 0] INFO  ipc.Server (Server.java:run(1330)) - Stopping IPC Server listener on 0
2021-01-02 03:04:43,588 [IPC Server Responder] INFO  ipc.Server (Server.java:run(1465)) - Stopping IPC Server Responder
2021-01-02 03:04:43,629 [SCM Heartbeat Processing Thread - 0] WARN  node.NodeStateManager (NodeStateManager.java:scheduleNextHealthCheck(688)) - Current Thread is interrupted, shutting down HB processing thread for Node Manager.
2021-01-02 03:04:43,630 [Listener at 127.0.0.1/38109] INFO  server.StorageContainerManager (StorageContainerManager.java:stop(861)) - Stopping block service RPC server
2021-01-02 03:04:43,630 [Listener at 127.0.0.1/38109] INFO  server.SCMBlockProtocolServer (SCMBlockProtocolServer.java:stop(159)) - Stopping the RPC server for Block Protocol
2021-01-02 03:04:43,630 [Listener at 127.0.0.1/38109] INFO  ipc.Server (Server.java:stop(3359)) - Stopping server on 38625
2021-01-02 03:04:43,633 [Listener at 127.0.0.1/38109] INFO  server.StorageContainerManager (StorageContainerManager.java:stop(868)) - Stopping the StorageContainerLocationProtocol RPC server
2021-01-02 03:04:43,633 [Listener at 127.0.0.1/38109] INFO  server.SCMClientProtocolServer (SCMClientProtocolServer.java:stop(168)) - Stopping the RPC server for Client Protocol
2021-01-02 03:04:43,633 [Listener at 127.0.0.1/38109] INFO  ipc.Server (Server.java:stop(3359)) - Stopping server on 33083
2021-01-02 03:04:43,633 [IPC Server listener on 0] INFO  ipc.Server (Server.java:run(1330)) - Stopping IPC Server listener on 0
2021-01-02 03:04:43,633 [IPC Server Responder] INFO  ipc.Server (Server.java:run(1465)) - Stopping IPC Server Responder
2021-01-02 03:04:43,634 [IPC Server listener on 0] INFO  ipc.Server (Server.java:run(1330)) - Stopping IPC Server listener on 0
2021-01-02 03:04:43,637 [Listener at 127.0.0.1/38109] INFO  server.StorageContainerManager (StorageContainerManager.java:stop(875)) - Stopping Storage Container Manager HTTP server.
2021-01-02 03:04:43,637 [IPC Server Responder] INFO  ipc.Server (Server.java:run(1465)) - Stopping IPC Server Responder
2021-01-02 03:04:43,638 [Listener at 127.0.0.1/38109] INFO  handler.ContextHandler (ContextHandler.java:doStop(1154)) - Stopped o.e.j.w.WebAppContext@2b0bd16b{scm,/,null,STOPPED}{file:/github/workspace/mnt/ozone/hadoop-ozone/integration-test/target/test-classes/webapps/scm}
2021-01-02 03:04:43,639 [Listener at 127.0.0.1/38109] INFO  server.AbstractConnector (AbstractConnector.java:doStop(381)) - Stopped ServerConnector@1f041bad{HTTP/1.1, (http/1.1)}{0.0.0.0:0}
2021-01-02 03:04:43,640 [Listener at 127.0.0.1/38109] INFO  server.session (HouseKeeper.java:stopScavenging(149)) - node0 Stopped scavenging
2021-01-02 03:04:43,640 [Listener at 127.0.0.1/38109] INFO  handler.ContextHandler (ContextHandler.java:doStop(1154)) - Stopped o.e.j.s.ServletContextHandler@15a26fcc{static,/static,file:///github/workspace/mnt/ozone/hadoop-ozone/integration-test/target/test-classes/webapps/static,STOPPED}
2021-01-02 03:04:43,640 [Listener at 127.0.0.1/38109] INFO  handler.ContextHandler (ContextHandler.java:doStop(1154)) - Stopped o.e.j.s.ServletContextHandler@5ca01434{logs,/logs,file:///github/workspace/mnt/ozone/hadoop-ozone/integration-test/target/log,STOPPED}
2021-01-02 03:04:43,641 [Listener at 127.0.0.1/38109] INFO  server.StorageContainerManager (StorageContainerManager.java:stop(886)) - Stopping Block Manager Service.
2021-01-02 03:04:43,641 [Listener at 127.0.0.1/38109] INFO  utils.BackgroundService (BackgroundService.java:shutdown(132)) - Shutting down service SCMBlockDeletingService
2021-01-02 03:04:43,641 [Listener at 127.0.0.1/38109] INFO  utils.BackgroundService (BackgroundService.java:shutdown(132)) - Shutting down service SCMBlockDeletingService
2021-01-02 03:04:43,643 [Listener at 127.0.0.1/38109] INFO  server.StorageContainerManager (StorageContainerManager.java:stop(911)) - Stopping SCM Event Queue.
2021-01-02 03:04:43,651 [Listener at 127.0.0.1/38109] INFO  impl.MetricsSystemImpl (MetricsSystemImpl.java:stop(210)) - Stopping HddsDatanode metrics system...
2021-01-02 03:04:43,661 [Listener at 127.0.0.1/38109] INFO  impl.MetricsSystemImpl (MetricsSystemImpl.java:stop(216)) - HddsDatanode metrics system stopped.
2021-01-02 03:04:43,661 [Listener at 127.0.0.1/38109] WARN  server.ServerUtils (ServerUtils.java:getScmDbDir(148)) - ozone.scm.db.dirs is not configured. We recommend adding this setting. Falling back to ozone.metadata.dirs instead.
2021-01-02 03:04:43,662 [Listener at 127.0.0.1/38109] WARN  db.DBStoreBuilder (DBStoreBuilder.java:applyDBDefinition(145)) - ozone.scm.db.dirs is not configured. We recommend adding this setting. Falling back to ozone.metadata.dirs instead.
2021-01-02 03:04:43,681 [Listener at 127.0.0.1/38109] INFO  net.NodeSchemaLoader (NodeSchemaLoader.java:loadSchemaFromFile(126)) - Loading file from sun.misc.CompoundEnumeration@18acf886
2021-01-02 03:04:43,682 [Listener at 127.0.0.1/38109] INFO  net.NodeSchemaLoader (NodeSchemaLoader.java:loadSchema(172)) - Loading network topology layer schema file
2021-01-02 03:04:43,688 [Listener at 127.0.0.1/38109] INFO  node.SCMNodeManager (SCMNodeManager.java:<init>(123)) - Entering startup safe mode.
2021-01-02 03:04:43,688 [Listener at 127.0.0.1/38109] INFO  algorithms.ContainerPlacementPolicyFactory (ContainerPlacementPolicyFactory.java:getPolicy(60)) - Create container placement policy of type org.apache.hadoop.hdds.scm.container.placement.algorithms.SCMContainerPlacementRandom
2021-01-02 03:04:43,688 [Listener at 127.0.0.1/38109] INFO  algorithms.LeaderChoosePolicyFactory (LeaderChoosePolicyFactory.java:getPolicy(57)) - Create leader choose policy of type org.apache.hadoop.hdds.scm.pipeline.leader.choose.algorithms.DefaultLeaderChoosePolicy
2021-01-02 03:04:43,689 [Listener at 127.0.0.1/38109] INFO  pipeline.PipelineStateManager (PipelineStateManager.java:addPipeline(54)) - Created pipeline Pipeline[ Id: 613a063c-d7e0-43a7-89b6-135a2c030fbe, Nodes: 5beebed6-0501-4525-80c5-dff095c8ab2d{ip: 172.17.0.2, host: e25e13fd87ad, networkLocation: /default-rack, certSerialId: null, persistedOpState: IN_SERVICE, persistedOpStateExpiryEpochSec: 0}, Type:RATIS, Factor:ONE, State:OPEN, leaderId:5beebed6-0501-4525-80c5-dff095c8ab2d, CreationTimestamp2021-01-02T03:04:43.689Z]
2021-01-02 03:04:43,689 [Listener at 127.0.0.1/38109] INFO  pipeline.PipelineStateManager (PipelineStateManager.java:addPipeline(54)) - Created pipeline Pipeline[ Id: ab04beb3-6556-4d9b-a28b-387a039530fe, Nodes: fdab6853-39d3-40b9-bd2b-4dc5726d5388{ip: 172.17.0.2, host: e25e13fd87ad, networkLocation: /default-rack, certSerialId: null, persistedOpState: IN_SERVICE, persistedOpStateExpiryEpochSec: 0}, Type:RATIS, Factor:ONE, State:OPEN, leaderId:fdab6853-39d3-40b9-bd2b-4dc5726d5388, CreationTimestamp2021-01-02T03:04:43.689Z]
2021-01-02 03:04:43,689 [Listener at 127.0.0.1/38109] INFO  pipeline.PipelineStateManager (PipelineStateManager.java:addPipeline(54)) - Created pipeline Pipeline[ Id: cae66dc0-aff1-4415-a378-cd07572ae854, Nodes: 68eed081-0a4c-49f2-9281-4facb9240b7e{ip: 172.17.0.2, host: e25e13fd87ad, networkLocation: /default-rack, certSerialId: null, persistedOpState: IN_SERVICE, persistedOpStateExpiryEpochSec: 0}, Type:RATIS, Factor:ONE, State:OPEN, leaderId:68eed081-0a4c-49f2-9281-4facb9240b7e, CreationTimestamp2021-01-02T03:04:43.689Z]
2021-01-02 03:04:43,690 [Listener at 127.0.0.1/38109] INFO  pipeline.PipelineStateManager (PipelineStateManager.java:addPipeline(54)) - Created pipeline Pipeline[ Id: e6a6e07f-d683-49c9-9cec-3d3725907a1e, Nodes: 68eed081-0a4c-49f2-9281-4facb9240b7e{ip: 172.17.0.2, host: e25e13fd87ad, networkLocation: /default-rack, certSerialId: null, persistedOpState: IN_SERVICE, persistedOpStateExpiryEpochSec: 0}fdab6853-39d3-40b9-bd2b-4dc5726d5388{ip: 172.17.0.2, host: e25e13fd87ad, networkLocation: /default-rack, certSerialId: null, persistedOpState: IN_SERVICE, persistedOpStateExpiryEpochSec: 0}5beebed6-0501-4525-80c5-dff095c8ab2d{ip: 172.17.0.2, host: e25e13fd87ad, networkLocation: /default-rack, certSerialId: null, persistedOpState: IN_SERVICE, persistedOpStateExpiryEpochSec: 0}, Type:RATIS, Factor:THREE, State:OPEN, leaderId:fdab6853-39d3-40b9-bd2b-4dc5726d5388, CreationTimestamp2021-01-02T03:04:43.690Z]
2021-01-02 03:04:43,690 [Listener at 127.0.0.1/38109] INFO  algorithms.PipelineChoosePolicyFactory (PipelineChoosePolicyFactory.java:createPipelineChoosePolicyFromClass(75)) - Create pipeline choose policy of type org.apache.hadoop.hdds.scm.pipeline.choose.algorithms.RandomPipelineChoosePolicy
2021-01-02 03:04:43,691 [Listener at 127.0.0.1/38109] INFO  safemode.HealthyPipelineSafeModeRule (HealthyPipelineSafeModeRule.java:<init>(89)) - Total pipeline count is 1, healthy pipeline threshold count is 1
2021-01-02 03:04:43,692 [Listener at 127.0.0.1/38109] INFO  safemode.OneReplicaPipelineSafeModeRule (OneReplicaPipelineSafeModeRule.java:<init>(84)) - Total pipeline count is 1, pipeline's with at least one datanode reported threshold count is 1
2021-01-02 03:04:43,692 [Listener at 127.0.0.1/38109] INFO  ipc.CallQueueManager (CallQueueManager.java:<init>(84)) - Using callQueue: class java.util.concurrent.LinkedBlockingQueue, queueCapacity: 2000, scheduler: class org.apache.hadoop.ipc.DefaultRpcScheduler, ipcBackoff: false.
2021-01-02 03:04:43,693 [Socket Reader #1 for port 43483] INFO  ipc.Server (Server.java:run(1219)) - Starting Socket Reader #1 for port 43483
2021-01-02 03:04:43,694 [Listener at 0.0.0.0/43483] INFO  ipc.CallQueueManager (CallQueueManager.java:<init>(84)) - Using callQueue: class java.util.concurrent.LinkedBlockingQueue, queueCapacity: 2000, scheduler: class org.apache.hadoop.ipc.DefaultRpcScheduler, ipcBackoff: false.
2021-01-02 03:04:43,694 [Socket Reader #1 for port 38625] INFO  ipc.Server (Server.java:run(1219)) - Starting Socket Reader #1 for port 38625
2021-01-02 03:04:43,695 [Listener at 0.0.0.0/38625] INFO  ipc.CallQueueManager (CallQueueManager.java:<init>(84)) - Using callQueue: class java.util.concurrent.LinkedBlockingQueue, queueCapacity: 2000, scheduler: class org.apache.hadoop.ipc.DefaultRpcScheduler, ipcBackoff: false.
2021-01-02 03:04:43,695 [Socket Reader #1 for port 33083] INFO  ipc.Server (Server.java:run(1219)) - Starting Socket Reader #1 for port 33083
2021-01-02 03:04:43,700 [Listener at 0.0.0.0/33083] INFO  http.BaseHttpServer (BaseHttpServer.java:newHttpServer2BuilderForOzone(207)) - Starting Web-server for scm at: http://0.0.0.0:45961
2021-01-02 03:04:43,700 [Listener at 0.0.0.0/33083] INFO  http.BaseHttpServer (BaseHttpServer.java:<init>(106)) - Hadoop Security Enabled: false Ozone Security Enabled: false Ozone HTTP Security Enabled: false 
2021-01-02 03:04:43,701 [Listener at 0.0.0.0/33083] INFO  server.AuthenticationFilter (AuthenticationFilter.java:constructSecretProvider(240)) - Unable to initialize FileSignerSecretProvider, falling back to use random secrets.
2021-01-02 03:04:43,706 [Listener at 0.0.0.0/33083] WARN  http.HttpRequestLog (HttpRequestLog.java:getRequestLog(103)) - Jetty request log can only be enabled using Log4j
2021-01-02 03:04:43,706 [Listener at 0.0.0.0/33083] INFO  http.HttpServer2 (HttpServer2.java:addGlobalFilter(1020)) - Added global filter 'safety' (class=org.apache.hadoop.hdds.server.http.HttpServer2$QuotingInputFilter)
2021-01-02 03:04:43,707 [Listener at 0.0.0.0/33083] INFO  http.HttpServer2 (HttpServer2.java:addFilter(996)) - Added filter static_user_filter (class=org.apache.hadoop.http.lib.StaticUserWebFilter$StaticUserFilter) to context scm
2021-01-02 03:04:43,707 [Listener at 0.0.0.0/33083] INFO  http.HttpServer2 (HttpServer2.java:addFilter(1004)) - Added filter static_user_filter (class=org.apache.hadoop.http.lib.StaticUserWebFilter$StaticUserFilter) to context logs
2021-01-02 03:04:43,707 [Listener at 0.0.0.0/33083] INFO  http.HttpServer2 (HttpServer2.java:addFilter(1004)) - Added filter static_user_filter (class=org.apache.hadoop.http.lib.StaticUserWebFilter$StaticUserFilter) to context static
2021-01-02 03:04:43,708 [Listener at 0.0.0.0/33083] INFO  server.StorageContainerManager (StorageContainerManager.java:start(789)) - StorageContainerLocationProtocol RPC server is listening at /0.0.0.0:33083
2021-01-02 03:04:43,710 [Listener at 0.0.0.0/33083] WARN  impl.MetricsConfig (MetricsConfig.java:loadFirst(134)) - Cannot locate configuration: tried hadoop-metrics2-storagecontainermanager.properties,hadoop-metrics2.properties
2021-01-02 03:04:43,717 [Listener at 0.0.0.0/33083] INFO  impl.MetricsSystemImpl (MetricsSystemImpl.java:startTimer(374)) - Scheduled Metric snapshot period at 10 second(s).
2021-01-02 03:04:43,717 [Listener at 0.0.0.0/33083] INFO  impl.MetricsSystemImpl (MetricsSystemImpl.java:start(191)) - StorageContainerManager metrics system started
2021-01-02 03:04:43,868 [Listener at 0.0.0.0/33083] WARN  impl.MetricsSystemImpl (MetricsSystemImpl.java:register(276)) - Sink prometheus already exists!
2021-01-02 03:04:43,985 [Listener at 0.0.0.0/33083] INFO  server.SCMClientProtocolServer (SCMClientProtocolServer.java:start(159)) - RPC server for Client  is listening at /0.0.0.0:33083
2021-01-02 03:04:43,985 [IPC Server Responder] INFO  ipc.Server (Server.java:run(1460)) - IPC Server Responder: starting
2021-01-02 03:04:43,988 [IPC Server listener on 33083] INFO  ipc.Server (Server.java:run(1298)) - IPC Server listener on 33083: starting
2021-01-02 03:04:43,992 [Listener at 0.0.0.0/33083] INFO  server.StorageContainerManager (StorageContainerManager.java:start(801)) - ScmBlockLocationProtocol RPC server is listening at /0.0.0.0:38625
2021-01-02 03:04:43,992 [Listener at 0.0.0.0/33083] INFO  server.SCMBlockProtocolServer (SCMBlockProtocolServer.java:start(150)) - RPC server for Block Protocol is listening at /0.0.0.0:38625
2021-01-02 03:04:43,992 [IPC Server Responder] INFO  ipc.Server (Server.java:run(1460)) - IPC Server Responder: starting
2021-01-02 03:04:43,996 [IPC Server listener on 38625] INFO  ipc.Server (Server.java:run(1298)) - IPC Server listener on 38625: starting
2021-01-02 03:04:44,005 [Listener at 0.0.0.0/33083] INFO  server.StorageContainerManager (StorageContainerManager.java:start(807)) - ScmDatanodeProtocl RPC server is listening at /0.0.0.0:43483
2021-01-02 03:04:44,005 [Listener at 0.0.0.0/33083] INFO  server.SCMDatanodeProtocolServer (SCMDatanodeProtocolServer.java:start(174)) - RPC server for DataNodes is listening at /0.0.0.0:43483
2021-01-02 03:04:44,005 [IPC Server Responder] INFO  ipc.Server (Server.java:run(1460)) - IPC Server Responder: starting
2021-01-02 03:04:44,006 [IPC Server listener on 43483] INFO  ipc.Server (Server.java:run(1298)) - IPC Server listener on 43483: starting
2021-01-02 03:04:44,011 [Listener at 0.0.0.0/33083] INFO  http.HttpServer2 (HttpServer2.java:bindListener(1238)) - Jetty bound to port 45961
2021-01-02 03:04:44,011 [Listener at 0.0.0.0/33083] INFO  server.Server (Server.java:doStart(375)) - jetty-9.4.34.v20201102; built: 2020-11-02T14:15:39.302Z; git: e46af88704a893fc12cb0e3bf46e2c7b48a009e7; jvm 1.8.0_232-b09
2021-01-02 03:04:44,012 [Listener at 0.0.0.0/33083] INFO  server.session (DefaultSessionIdManager.java:doStart(334)) - DefaultSessionIdManager workerName=node0
2021-01-02 03:04:44,012 [Listener at 0.0.0.0/33083] INFO  server.session (DefaultSessionIdManager.java:doStart(339)) - No SessionScavenger set, using defaults
2021-01-02 03:04:44,013 [Listener at 0.0.0.0/33083] INFO  server.session (HouseKeeper.java:startScavenging(132)) - node0 Scavenging every 600000ms
2021-01-02 03:04:44,013 [Listener at 0.0.0.0/33083] INFO  handler.ContextHandler (ContextHandler.java:doStart(916)) - Started o.e.j.s.ServletContextHandler@d556143{logs,/logs,file:///github/workspace/mnt/ozone/hadoop-ozone/integration-test/target/log,AVAILABLE}
2021-01-02 03:04:44,014 [Listener at 0.0.0.0/33083] INFO  handler.ContextHandler (ContextHandler.java:doStart(916)) - Started o.e.j.s.ServletContextHandler@3d7d8d8{static,/static,file:///github/workspace/mnt/ozone/hadoop-ozone/integration-test/target/test-classes/webapps/static,AVAILABLE}
2021-01-02 03:04:44,016 [Listener at 0.0.0.0/33083] INFO  handler.ContextHandler (ContextHandler.java:doStart(916)) - Started o.e.j.w.WebAppContext@2ac87e3d{scm,/,file:///github/workspace/mnt/ozone/hadoop-ozone/integration-test/target/test-classes/webapps/scm/,AVAILABLE}{file:/github/workspace/mnt/ozone/hadoop-ozone/integration-test/target/test-classes/webapps/scm}
2021-01-02 03:04:44,019 [Listener at 0.0.0.0/33083] INFO  server.AbstractConnector (AbstractConnector.java:doStart(331)) - Started ServerConnector@751e632a{HTTP/1.1, (http/1.1)}{0.0.0.0:45961}
2021-01-02 03:04:44,019 [Listener at 0.0.0.0/33083] INFO  server.Server (Server.java:doStart(415)) - Started @413435ms
2021-01-02 03:04:44,019 [Listener at 0.0.0.0/33083] WARN  impl.MetricsSystemImpl (MetricsSystemImpl.java:register(276)) - Sink prometheus already exists!
2021-01-02 03:04:44,022 [Listener at 0.0.0.0/33083] INFO  http.BaseHttpServer (BaseHttpServer.java:updateConnectorAddress(327)) - HTTP server of scm listening at http://0.0.0.0:45961
2021-01-02 03:04:44,023 [Listener at 0.0.0.0/33083] INFO  ozone.MiniOzoneClusterImpl (MiniOzoneClusterImpl.java:lambda$waitForClusterToBeReady$0(178)) - Waiting for nodes to be ready. Got 0 of 6 DN Heartbeats.
2021-01-02 03:04:44,023 [Listener at 0.0.0.0/33083] INFO  ozone.MiniOzoneClusterImpl (MiniOzoneClusterImpl.java:lambda$waitForClusterToBeReady$0(181)) - Waiting for cluster to exit safe mode
2021-01-02 03:04:44,023 [org.apache.hadoop.util.JvmPauseMonitor$Monitor@5f36c928] INFO  util.JvmPauseMonitor (JvmPauseMonitor.java:run(188)) - Starting JVM pause monitor
2021-01-02 03:04:44,406 [Command processor thread] INFO  server.RaftServer (RaftServerProxy.java:remove(104)) - 1b98ba84-f03a-4745-ae67-661c5f740165: remove  FOLLOWER 1b98ba84-f03a-4745-ae67-661c5f740165@group-5DD6F1057FD6:t1, leader=ace74568-a36a-4c06-abbe-7d05c77e5c4e, voted=ace74568-a36a-4c06-abbe-7d05c77e5c4e, raftlog=1b98ba84-f03a-4745-ae67-661c5f740165@group-5DD6F1057FD6-SegmentedRaftLog:OPENED:c45,f47,i47, conf=0: [1b98ba84-f03a-4745-ae67-661c5f740165|rpc:172.17.0.2:36113|dataStream:, 3e6f9aad-df43-4486-a42c-6a362a65d862|rpc:172.17.0.2:35573|dataStream:, ace74568-a36a-4c06-abbe-7d05c77e5c4e|rpc:172.17.0.2:38047|dataStream:], old=null RUNNING
2021-01-02 03:04:44,406 [Command processor thread] INFO  server.RaftServer$Division (RaftServerImpl.java:lambda$close$4(397)) - 1b98ba84-f03a-4745-ae67-661c5f740165@group-5DD6F1057FD6: shutdown
2021-01-02 03:04:44,406 [Command processor thread] INFO  util.JmxRegister (JmxRegister.java:unregister(73)) - Successfully un-registered JMX Bean with object name Ratis:service=RaftServer,group=group-5DD6F1057FD6,id=1b98ba84-f03a-4745-ae67-661c5f740165
2021-01-02 03:04:44,406 [Command processor thread] INFO  impl.RoleInfo (RoleInfo.java:shutdownFollowerState(108)) - 1b98ba84-f03a-4745-ae67-661c5f740165: shutdown 1b98ba84-f03a-4745-ae67-661c5f740165@group-5DD6F1057FD6-FollowerState
2021-01-02 03:04:44,407 [Command processor thread] INFO  impl.StateMachineUpdater (StateMachineUpdater.java:stopAndJoin(148)) - 1b98ba84-f03a-4745-ae67-661c5f740165@group-5DD6F1057FD6-StateMachineUpdater: set stopIndex = 45
2021-01-02 03:04:44,407 [Thread-5769] INFO  impl.FollowerState (FollowerState.java:run(142)) - 1b98ba84-f03a-4745-ae67-661c5f740165@group-5DD6F1057FD6-FollowerState was interrupted: {}
java.lang.InterruptedException: sleep interrupted
	at java.lang.Thread.sleep(Native Method)
	at java.lang.Thread.sleep(Thread.java:340)
	at java.util.concurrent.TimeUnit.sleep(TimeUnit.java:386)
	at org.apache.ratis.util.TimeDuration.sleep(TimeDuration.java:319)
	at org.apache.ratis.util.TimeDuration.sleep(TimeDuration.java:304)
	at org.apache.ratis.server.impl.FollowerState.run(FollowerState.java:117)
2021-01-02 03:04:44,409 [1b98ba84-f03a-4745-ae67-661c5f740165@group-5DD6F1057FD6-StateMachineUpdater] INFO  ratis.ContainerStateMachine (ContainerStateMachine.java:takeSnapshot(291)) - group-5DD6F1057FD6: Taking a snapshot at:(t:1, i:45) file /github/workspace/mnt/ozone/hadoop-ozone/integration-test/target/test-dir/MiniOzoneClusterImpl-0875b59f-827e-470c-b6ab-7d6320bd5827/datanode-2/data/ratis/e40a138e-87d1-4b6b-8f52-5dd6f1057fd6/sm/snapshot.1_45
2021-01-02 03:04:44,409 [EndpointStateMachine task thread for /0.0.0.0:43483 - 0 ] WARN  statemachine.EndpointStateMachine (EndpointStateMachine.java:logIfNeeded(233)) - Unable to communicate to SCM server at 0.0.0.0:43483 for past 0 seconds.
java.io.EOFException: End of File Exception between local host is: "e25e13fd87ad/172.17.0.2"; destination host is: "0.0.0.0":43483; : java.io.EOFException; For more details see:  http://wiki.apache.org/hadoop/EOFException
	at sun.reflect.NativeConstructorAccessorImpl.newInstance0(Native Method)
	at sun.reflect.NativeConstructorAccessorImpl.newInstance(NativeConstructorAccessorImpl.java:62)
	at sun.reflect.DelegatingConstructorAccessorImpl.newInstance(DelegatingConstructorAccessorImpl.java:45)
	at java.lang.reflect.Constructor.newInstance(Constructor.java:423)
	at org.apache.hadoop.net.NetUtils.wrapWithMessage(NetUtils.java:833)
	at org.apache.hadoop.net.NetUtils.wrapException(NetUtils.java:791)
	at org.apache.hadoop.ipc.Client.getRpcResponse(Client.java:1549)
	at org.apache.hadoop.ipc.Client.call(Client.java:1491)
	at org.apache.hadoop.ipc.Client.call(Client.java:1388)
	at org.apache.hadoop.ipc.ProtobufRpcEngine$Invoker.invoke(ProtobufRpcEngine.java:233)
	at org.apache.hadoop.ipc.ProtobufRpcEngine$Invoker.invoke(ProtobufRpcEngine.java:118)
	at com.sun.proxy.$Proxy33.submitRequest(Unknown Source)
	at org.apache.hadoop.ozone.protocolPB.StorageContainerDatanodeProtocolClientSideTranslatorPB.submitRequest(StorageContainerDatanodeProtocolClientSideTranslatorPB.java:117)
	at org.apache.hadoop.ozone.protocolPB.StorageContainerDatanodeProtocolClientSideTranslatorPB.sendHeartbeat(StorageContainerDatanodeProtocolClientSideTranslatorPB.java:149)
	at org.apache.hadoop.ozone.container.common.states.endpoint.HeartbeatEndpointTask.call(HeartbeatEndpointTask.java:146)
	at org.apache.hadoop.ozone.container.common.states.endpoint.HeartbeatEndpointTask.call(HeartbeatEndpointTask.java:77)
	at java.util.concurrent.FutureTask.run(FutureTask.java:266)
	at java.util.concurrent.ThreadPoolExecutor.runWorker(ThreadPoolExecutor.java:1149)
	at java.util.concurrent.ThreadPoolExecutor$Worker.run(ThreadPoolExecutor.java:624)
	at java.lang.Thread.run(Thread.java:748)
Caused by: java.io.EOFException
	at java.io.DataInputStream.readInt(DataInputStream.java:392)
	at org.apache.hadoop.ipc.Client$IpcStreams.readResponse(Client.java:1850)
	at org.apache.hadoop.ipc.Client$Connection.receiveRpcResponse(Client.java:1183)
	at org.apache.hadoop.ipc.Client$Connection.run(Client.java:1079)
2021-01-02 03:04:44,410 [1b98ba84-f03a-4745-ae67-661c5f740165@group-5DD6F1057FD6-StateMachineUpdater] INFO  ratis.ContainerStateMachine (ContainerStateMachine.java:takeSnapshot(302)) - group-5DD6F1057FD6: Finished taking a snapshot at:(t:1, i:45) file:/github/workspace/mnt/ozone/hadoop-ozone/integration-test/target/test-dir/MiniOzoneClusterImpl-0875b59f-827e-470c-b6ab-7d6320bd5827/datanode-2/data/ratis/e40a138e-87d1-4b6b-8f52-5dd6f1057fd6/sm/snapshot.1_45 time:2
2021-01-02 03:04:44,410 [1b98ba84-f03a-4745-ae67-661c5f740165@group-5DD6F1057FD6-StateMachineUpdater] INFO  impl.StateMachineUpdater (StateMachineUpdater.java:takeSnapshot(279)) - 1b98ba84-f03a-4745-ae67-661c5f740165@group-5DD6F1057FD6-StateMachineUpdater: Took a snapshot at index 45
2021-01-02 03:04:44,410 [1b98ba84-f03a-4745-ae67-661c5f740165@group-5DD6F1057FD6-StateMachineUpdater] INFO  impl.StateMachineUpdater (StateMachineUpdater.java:lambda$new$0(88)) - 1b98ba84-f03a-4745-ae67-661c5f740165@group-5DD6F1057FD6-StateMachineUpdater: snapshotIndex: updateIncreasingly -1 -> 45
2021-01-02 03:04:44,411 [1b98ba84-f03a-4745-ae67-661c5f740165@group-5DD6F1057FD6-StateMachineUpdater] INFO  metrics.RatisMetrics (RatisMetrics.java:unregister(43)) - Unregistering Metrics Registry : ratis.state_machine.1b98ba84-f03a-4745-ae67-661c5f740165@group-5DD6F1057FD6
2021-01-02 03:04:44,411 [Command processor thread] INFO  server.RaftServer$Division (ServerState.java:close(406)) - 1b98ba84-f03a-4745-ae67-661c5f740165@group-5DD6F1057FD6: closes. applyIndex: 45
2021-01-02 03:04:44,411 [1b98ba84-f03a-4745-ae67-661c5f740165@group-5DD6F1057FD6-SegmentedRaftLogWorker] INFO  segmented.SegmentedRaftLogWorker (SegmentedRaftLogWorker.java:run(326)) - 1b98ba84-f03a-4745-ae67-661c5f740165@group-5DD6F1057FD6-SegmentedRaftLogWorker was interrupted, exiting. There are 0 tasks remaining in the queue.
2021-01-02 03:04:44,413 [Command processor thread] INFO  segmented.SegmentedRaftLogWorker (SegmentedRaftLogWorker.java:close(236)) - 1b98ba84-f03a-4745-ae67-661c5f740165@group-5DD6F1057FD6-SegmentedRaftLogWorker close()
2021-01-02 03:04:44,413 [Command processor thread] INFO  metrics.RatisMetrics (RatisMetrics.java:unregister(43)) - Unregistering Metrics Registry : ratis.log_worker.1b98ba84-f03a-4745-ae67-661c5f740165@group-5DD6F1057FD6
2021-01-02 03:04:44,413 [Command processor thread] INFO  metrics.RatisMetrics (RatisMetrics.java:unregister(43)) - Unregistering Metrics Registry : ratis.leader_election.1b98ba84-f03a-4745-ae67-661c5f740165@group-5DD6F1057FD6
2021-01-02 03:04:44,414 [Command processor thread] INFO  metrics.RatisMetrics (RatisMetrics.java:unregister(43)) - Unregistering Metrics Registry : ratis.server.1b98ba84-f03a-4745-ae67-661c5f740165@group-5DD6F1057FD6
2021-01-02 03:04:44,417 [Command processor thread] INFO  keyvalue.KeyValueContainer (KeyValueContainer.java:flushAndSyncDB(388)) - Container 1 is synced with bcsId 41.
2021-01-02 03:04:44,417 [Command processor thread] INFO  keyvalue.KeyValueContainer (KeyValueContainer.java:flushAndSyncDB(388)) - Container 1 is synced with bcsId 41.
2021-01-02 03:04:44,422 [IPC Server handler 0 on default port 43483] INFO  server.SCMDatanodeHeartbeatDispatcher (SCMDatanodeHeartbeatDispatcher.java:dispatch(96)) - SCM received heartbeat from an unregistered datanode 1b98ba84-f03a-4745-ae67-661c5f740165{ip: 172.17.0.2, host: e25e13fd87ad, networkLocation: /default-rack, certSerialId: null, persistedOpState: ENTERING_MAINTENANCE, persistedOpStateExpiryEpochSec: 0}. Asking datanode to re-register.
2021-01-02 03:04:44,423 [IPC Server handler 1 on default port 43483] INFO  server.SCMDatanodeHeartbeatDispatcher (SCMDatanodeHeartbeatDispatcher.java:dispatch(96)) - SCM received heartbeat from an unregistered datanode 1b98ba84-f03a-4745-ae67-661c5f740165{ip: 172.17.0.2, host: e25e13fd87ad, networkLocation: /default-rack, certSerialId: null, persistedOpState: ENTERING_MAINTENANCE, persistedOpStateExpiryEpochSec: 0}. Asking datanode to re-register.
2021-01-02 03:04:44,424 [Command processor thread] INFO  keyvalue.KeyValueContainer (KeyValueContainer.java:flushAndSyncDB(388)) - Container 3 is synced with bcsId 45.
2021-01-02 03:04:44,424 [Command processor thread] INFO  keyvalue.KeyValueContainer (KeyValueContainer.java:flushAndSyncDB(388)) - Container 3 is synced with bcsId 45.
2021-01-02 03:04:44,425 [IPC Server handler 2 on default port 43483] INFO  net.NetworkTopologyImpl (NetworkTopologyImpl.java:add(111)) - Added a new node: /default-rack/1b98ba84-f03a-4745-ae67-661c5f740165
2021-01-02 03:04:44,425 [IPC Server handler 2 on default port 43483] INFO  node.NodeStateManager (NodeStateManager.java:newNodeStatus(257)) - Updating nodeOperationalState on registration as the datanode has a persisted state of ENTERING_MAINTENANCE and expiry of 0
2021-01-02 03:04:44,426 [IPC Server handler 2 on default port 43483] INFO  node.SCMNodeManager (SCMNodeManager.java:register(341)) - Registered Data node : 1b98ba84-f03a-4745-ae67-661c5f740165{ip: 172.17.0.2, host: e25e13fd87ad, networkLocation: /default-rack, certSerialId: null, persistedOpState: ENTERING_MAINTENANCE, persistedOpStateExpiryEpochSec: 0}
2021-01-02 03:04:44,429 [EventQueue-NodeRegistrationContainerReportForContainerSafeModeRule] INFO  safemode.SCMSafeModeManager (ContainerSafeModeRule.java:process(117)) - SCM in safe mode. 100.0 % containers have at least one reported replica.
2021-01-02 03:04:44,430 [EventQueue-NodeRegistrationContainerReportForContainerSafeModeRule] INFO  safemode.SCMSafeModeManager (SCMSafeModeManager.java:validateSafeModeExitRules(214)) - ContainerSafeModeRule rule is successfully validated
2021-01-02 03:04:44,430 [Command processor thread] INFO  server.RaftServer$Division (RaftServerImpl.java:groupRemove(367)) - 1b98ba84-f03a-4745-ae67-661c5f740165@group-5DD6F1057FD6: Succeed to remove RaftStorageDirectory Storage Directory /github/workspace/mnt/ozone/hadoop-ozone/integration-test/target/test-dir/MiniOzoneClusterImpl-0875b59f-827e-470c-b6ab-7d6320bd5827/datanode-2/data/ratis/e40a138e-87d1-4b6b-8f52-5dd6f1057fd6
2021-01-02 03:04:44,430 [Command processor thread] INFO  commandhandler.ClosePipelineCommandHandler (ClosePipelineCommandHandler.java:handle(75)) - Close Pipeline PipelineID=e40a138e-87d1-4b6b-8f52-5dd6f1057fd6 command on datanode 1b98ba84-f03a-4745-ae67-661c5f740165.
2021-01-02 03:04:44,430 [Command processor thread] INFO  server.RaftServer (RaftServerProxy.java:remove(104)) - 1b98ba84-f03a-4745-ae67-661c5f740165: remove    LEADER 1b98ba84-f03a-4745-ae67-661c5f740165@group-2BC440C7514C:t1, leader=1b98ba84-f03a-4745-ae67-661c5f740165, voted=1b98ba84-f03a-4745-ae67-661c5f740165, raftlog=1b98ba84-f03a-4745-ae67-661c5f740165@group-2BC440C7514C-SegmentedRaftLog:OPENED:c0,f0,i0, conf=0: [1b98ba84-f03a-4745-ae67-661c5f740165|rpc:172.17.0.2:36113|dataStream:], old=null RUNNING
2021-01-02 03:04:44,430 [Command processor thread] INFO  server.RaftServer$Division (RaftServerImpl.java:lambda$close$4(397)) - 1b98ba84-f03a-4745-ae67-661c5f740165@group-2BC440C7514C: shutdown
2021-01-02 03:04:44,430 [Command processor thread] INFO  util.JmxRegister (JmxRegister.java:unregister(73)) - Successfully un-registered JMX Bean with object name Ratis:service=RaftServer,group=group-2BC440C7514C,id=1b98ba84-f03a-4745-ae67-661c5f740165
2021-01-02 03:04:44,430 [Command processor thread] INFO  impl.RoleInfo (RoleInfo.java:shutdownLeaderState(91)) - 1b98ba84-f03a-4745-ae67-661c5f740165: shutdown 1b98ba84-f03a-4745-ae67-661c5f740165@group-2BC440C7514C-LeaderStateImpl
2021-01-02 03:04:44,430 [EventQueue-PipelineReportForOneReplicaPipelineSafeModeRule] INFO  safemode.SCMSafeModeManager (OneReplicaPipelineSafeModeRule.java:process(127)) - SCM in safe mode. Pipelines with at least one datanode reported count is 0, required at least one datanode reported per pipeline count is 1
2021-01-02 03:04:44,430 [Command processor thread] INFO  impl.PendingRequests (PendingRequests.java:sendNotLeaderResponses(249)) - 1b98ba84-f03a-4745-ae67-661c5f740165@group-2BC440C7514C-PendingRequests: sendNotLeaderResponses
2021-01-02 03:04:44,431 [Command processor thread] INFO  metrics.RatisMetrics (RatisMetrics.java:unregister(43)) - Unregistering Metrics Registry : ratis.log_appender.1b98ba84-f03a-4745-ae67-661c5f740165@group-2BC440C7514C
2021-01-02 03:04:44,431 [EventQueue-NodeRegistrationContainerReportForDataNodeSafeModeRule] INFO  safemode.SCMSafeModeManager (DataNodeSafeModeRule.java:process(71)) - SCM in safe mode. 1 DataNodes registered, 1 required.
2021-01-02 03:04:44,432 [Command processor thread] INFO  metrics.RatisMetrics (RatisMetrics.java:unregister(43)) - Unregistering Metrics Registry : ratis.server.1b98ba84-f03a-4745-ae67-661c5f740165@group-2BC440C7514C
2021-01-02 03:04:44,433 [Command processor thread] INFO  impl.StateMachineUpdater (StateMachineUpdater.java:stopAndJoin(148)) - 1b98ba84-f03a-4745-ae67-661c5f740165@group-2BC440C7514C-StateMachineUpdater: set stopIndex = 0
2021-01-02 03:04:44,433 [1b98ba84-f03a-4745-ae67-661c5f740165@group-2BC440C7514C-StateMachineUpdater] INFO  ratis.ContainerStateMachine (ContainerStateMachine.java:takeSnapshot(291)) - group-2BC440C7514C: Taking a snapshot at:(t:1, i:0) file /github/workspace/mnt/ozone/hadoop-ozone/integration-test/target/test-dir/MiniOzoneClusterImpl-0875b59f-827e-470c-b6ab-7d6320bd5827/datanode-2/data/ratis/0850c91d-7eb7-4cd8-860d-2bc440c7514c/sm/snapshot.1_0
2021-01-02 03:04:44,434 [1b98ba84-f03a-4745-ae67-661c5f740165@group-2BC440C7514C-StateMachineUpdater] INFO  ratis.ContainerStateMachine (ContainerStateMachine.java:takeSnapshot(302)) - group-2BC440C7514C: Finished taking a snapshot at:(t:1, i:0) file:/github/workspace/mnt/ozone/hadoop-ozone/integration-test/target/test-dir/MiniOzoneClusterImpl-0875b59f-827e-470c-b6ab-7d6320bd5827/datanode-2/data/ratis/0850c91d-7eb7-4cd8-860d-2bc440c7514c/sm/snapshot.1_0 time:0
2021-01-02 03:04:44,434 [1b98ba84-f03a-4745-ae67-661c5f740165@group-2BC440C7514C-StateMachineUpdater] INFO  impl.StateMachineUpdater (StateMachineUpdater.java:takeSnapshot(279)) - 1b98ba84-f03a-4745-ae67-661c5f740165@group-2BC440C7514C-StateMachineUpdater: Took a snapshot at index 0
2021-01-02 03:04:44,434 [1b98ba84-f03a-4745-ae67-661c5f740165@group-2BC440C7514C-StateMachineUpdater] INFO  impl.StateMachineUpdater (StateMachineUpdater.java:lambda$new$0(88)) - 1b98ba84-f03a-4745-ae67-661c5f740165@group-2BC440C7514C-StateMachineUpdater: snapshotIndex: updateIncreasingly -1 -> 0
2021-01-02 03:04:44,434 [1b98ba84-f03a-4745-ae67-661c5f740165@group-2BC440C7514C-StateMachineUpdater] INFO  metrics.RatisMetrics (RatisMetrics.java:unregister(43)) - Unregistering Metrics Registry : ratis.state_machine.1b98ba84-f03a-4745-ae67-661c5f740165@group-2BC440C7514C
2021-01-02 03:04:44,434 [Command processor thread] INFO  server.RaftServer$Division (ServerState.java:close(406)) - 1b98ba84-f03a-4745-ae67-661c5f740165@group-2BC440C7514C: closes. applyIndex: 0
2021-01-02 03:04:44,434 [EventQueue-NodeRegistrationContainerReportForDataNodeSafeModeRule] INFO  safemode.SCMSafeModeManager (SCMSafeModeManager.java:validateSafeModeExitRules(214)) - DataNodeSafeModeRule rule is successfully validated
2021-01-02 03:04:44,435 [EventQueue-NodeRegistrationContainerReportForDataNodeSafeModeRule] INFO  safemode.SCMSafeModeManager (SCMSafeModeManager.java:completePreCheck(242)) - All SCM safe mode pre check rules have passed
2021-01-02 03:04:44,435 [1b98ba84-f03a-4745-ae67-661c5f740165@group-2BC440C7514C-SegmentedRaftLogWorker] INFO  segmented.SegmentedRaftLogWorker (SegmentedRaftLogWorker.java:run(326)) - 1b98ba84-f03a-4745-ae67-661c5f740165@group-2BC440C7514C-SegmentedRaftLogWorker was interrupted, exiting. There are 0 tasks remaining in the queue.
2021-01-02 03:04:44,435 [Command processor thread] INFO  segmented.SegmentedRaftLogWorker (SegmentedRaftLogWorker.java:close(236)) - 1b98ba84-f03a-4745-ae67-661c5f740165@group-2BC440C7514C-SegmentedRaftLogWorker close()
2021-01-02 03:04:44,443 [Command processor thread] INFO  metrics.RatisMetrics (RatisMetrics.java:unregister(43)) - Unregistering Metrics Registry : ratis.log_worker.1b98ba84-f03a-4745-ae67-661c5f740165@group-2BC440C7514C
2021-01-02 03:04:44,443 [Command processor thread] INFO  metrics.RatisMetrics (RatisMetrics.java:unregister(43)) - Unregistering Metrics Registry : ratis.leader_election.1b98ba84-f03a-4745-ae67-661c5f740165@group-2BC440C7514C
2021-01-02 03:04:44,443 [IPC Server handler 3 on default port 43483] INFO  server.SCMDatanodeHeartbeatDispatcher (SCMDatanodeHeartbeatDispatcher.java:dispatch(96)) - SCM received heartbeat from an unregistered datanode 3e6f9aad-df43-4486-a42c-6a362a65d862{ip: 172.17.0.2, host: e25e13fd87ad, networkLocation: /default-rack, certSerialId: null, persistedOpState: ENTERING_MAINTENANCE, persistedOpStateExpiryEpochSec: 0}. Asking datanode to re-register.
2021-01-02 03:04:44,444 [Command processor thread] INFO  metrics.RatisMetrics (RatisMetrics.java:unregister(43)) - Unregistering Metrics Registry : ratis.server.1b98ba84-f03a-4745-ae67-661c5f740165@group-2BC440C7514C
2021-01-02 03:04:44,444 [Command processor thread] INFO  server.RaftServer$Division (RaftServerImpl.java:groupRemove(367)) - 1b98ba84-f03a-4745-ae67-661c5f740165@group-2BC440C7514C: Succeed to remove RaftStorageDirectory Storage Directory /github/workspace/mnt/ozone/hadoop-ozone/integration-test/target/test-dir/MiniOzoneClusterImpl-0875b59f-827e-470c-b6ab-7d6320bd5827/datanode-2/data/ratis/0850c91d-7eb7-4cd8-860d-2bc440c7514c
2021-01-02 03:04:44,444 [Command processor thread] INFO  commandhandler.ClosePipelineCommandHandler (ClosePipelineCommandHandler.java:handle(75)) - Close Pipeline PipelineID=0850c91d-7eb7-4cd8-860d-2bc440c7514c command on datanode 1b98ba84-f03a-4745-ae67-661c5f740165.
2021-01-02 03:04:44,445 [Command processor thread] WARN  server.RaftServer (RaftServerProxy.java:remove(99)) - 1b98ba84-f03a-4745-ae67-661c5f740165: does not contain group: group-2BC440C7514C
2021-01-02 03:04:44,445 [Command processor thread] ERROR commandhandler.ClosePipelineCommandHandler (ClosePipelineCommandHandler.java:handle(78)) - Can't close pipeline PipelineID=0850c91d-7eb7-4cd8-860d-2bc440c7514c
java.io.IOException: 1b98ba84-f03a-4745-ae67-661c5f740165: Group group-2BC440C7514C not found.
	at org.apache.hadoop.ozone.container.common.transport.server.ratis.XceiverServerRatis.removeGroup(XceiverServerRatis.java:782)
	at org.apache.hadoop.ozone.container.common.statemachine.commandhandler.ClosePipelineCommandHandler.handle(ClosePipelineCommandHandler.java:74)
	at org.apache.hadoop.ozone.container.common.statemachine.commandhandler.CommandDispatcher.handle(CommandDispatcher.java:99)
	at org.apache.hadoop.ozone.container.common.statemachine.DatanodeStateMachine.lambda$initCommandHandlerThread$2(DatanodeStateMachine.java:498)
	at java.lang.Thread.run(Thread.java:748)
Caused by: org.apache.ratis.protocol.exceptions.GroupMismatchException: 1b98ba84-f03a-4745-ae67-661c5f740165: Group group-2BC440C7514C not found.
	at org.apache.ratis.server.impl.RaftServerProxy.groupRemoveAsync(RaftServerProxy.java:494)
	at org.apache.ratis.server.impl.RaftServerProxy.groupManagementAsync(RaftServerProxy.java:450)
	at org.apache.ratis.server.impl.RaftServerProxy.groupManagement(RaftServerProxy.java:430)
	at org.apache.hadoop.ozone.container.common.transport.server.ratis.XceiverServerRatis.removeGroup(XceiverServerRatis.java:780)
	... 4 more
2021-01-02 03:04:44,445 [Command processor thread] WARN  server.RaftServer (RaftServerProxy.java:remove(99)) - 1b98ba84-f03a-4745-ae67-661c5f740165: does not contain group: group-5DD6F1057FD6
2021-01-02 03:04:44,445 [Command processor thread] ERROR commandhandler.ClosePipelineCommandHandler (ClosePipelineCommandHandler.java:handle(78)) - Can't close pipeline PipelineID=e40a138e-87d1-4b6b-8f52-5dd6f1057fd6
java.io.IOException: 1b98ba84-f03a-4745-ae67-661c5f740165: Group group-5DD6F1057FD6 not found.
	at org.apache.hadoop.ozone.container.common.transport.server.ratis.XceiverServerRatis.removeGroup(XceiverServerRatis.java:782)
	at org.apache.hadoop.ozone.container.common.statemachine.commandhandler.ClosePipelineCommandHandler.handle(ClosePipelineCommandHandler.java:74)
	at org.apache.hadoop.ozone.container.common.statemachine.commandhandler.CommandDispatcher.handle(CommandDispatcher.java:99)
	at org.apache.hadoop.ozone.container.common.statemachine.DatanodeStateMachine.lambda$initCommandHandlerThread$2(DatanodeStateMachine.java:498)
	at java.lang.Thread.run(Thread.java:748)
Caused by: org.apache.ratis.protocol.exceptions.GroupMismatchException: 1b98ba84-f03a-4745-ae67-661c5f740165: Group group-5DD6F1057FD6 not found.
	at org.apache.ratis.server.impl.RaftServerProxy.groupRemoveAsync(RaftServerProxy.java:494)
	at org.apache.ratis.server.impl.RaftServerProxy.groupManagementAsync(RaftServerProxy.java:450)
	at org.apache.ratis.server.impl.RaftServerProxy.groupManagement(RaftServerProxy.java:430)
	at org.apache.hadoop.ozone.container.common.transport.server.ratis.XceiverServerRatis.removeGroup(XceiverServerRatis.java:780)
	... 4 more
2021-01-02 03:04:44,450 [IPC Server handler 4 on default port 43483] INFO  server.SCMDatanodeHeartbeatDispatcher (SCMDatanodeHeartbeatDispatcher.java:dispatch(96)) - SCM received heartbeat from an unregistered datanode ace74568-a36a-4c06-abbe-7d05c77e5c4e{ip: 172.17.0.2, host: e25e13fd87ad, networkLocation: /default-rack, certSerialId: null, persistedOpState: ENTERING_MAINTENANCE, persistedOpStateExpiryEpochSec: 0}. Asking datanode to re-register.
2021-01-02 03:04:44,554 [IPC Server handler 5 on default port 43483] INFO  server.SCMDatanodeHeartbeatDispatcher (SCMDatanodeHeartbeatDispatcher.java:dispatch(96)) - SCM received heartbeat from an unregistered datanode 68eed081-0a4c-49f2-9281-4facb9240b7e{ip: 172.17.0.2, host: e25e13fd87ad, networkLocation: /default-rack, certSerialId: null, persistedOpState: null, persistedOpStateExpiryEpochSec: 0}. Asking datanode to re-register.
2021-01-02 03:04:44,560 [IPC Server handler 6 on default port 43483] INFO  server.SCMDatanodeHeartbeatDispatcher (SCMDatanodeHeartbeatDispatcher.java:dispatch(96)) - SCM received heartbeat from an unregistered datanode fdab6853-39d3-40b9-bd2b-4dc5726d5388{ip: 172.17.0.2, host: e25e13fd87ad, networkLocation: /default-rack, certSerialId: null, persistedOpState: null, persistedOpStateExpiryEpochSec: 0}. Asking datanode to re-register.
2021-01-02 03:04:44,561 [IPC Server handler 7 on default port 43483] INFO  server.SCMDatanodeHeartbeatDispatcher (SCMDatanodeHeartbeatDispatcher.java:dispatch(96)) - SCM received heartbeat from an unregistered datanode 5beebed6-0501-4525-80c5-dff095c8ab2d{ip: 172.17.0.2, host: e25e13fd87ad, networkLocation: /default-rack, certSerialId: null, persistedOpState: null, persistedOpStateExpiryEpochSec: 0}. Asking datanode to re-register.
2021-01-02 03:04:44,694 [EventQueue-StartAdminOnNodeForStartDatanodeAdminHandler] INFO  node.StartDatanodeAdminHandler (StartDatanodeAdminHandler.java:onMessage(56)) - Admin start on datanode 1b98ba84-f03a-4745-ae67-661c5f740165{ip: 172.17.0.2, host: e25e13fd87ad, networkLocation: /default-rack, certSerialId: null, persistedOpState: ENTERING_MAINTENANCE, persistedOpStateExpiryEpochSec: 0}. Finalizing its pipelines []
2021-01-02 03:04:44,694 [DatanodeAdminManager-0] INFO  node.DatanodeAdminMonitorImpl (DatanodeAdminMonitorImpl.java:checkContainersReplicatedOnNode(297)) - 1b98ba84-f03a-4745-ae67-661c5f740165{ip: 172.17.0.2, host: e25e13fd87ad, networkLocation: /default-rack, certSerialId: null, persistedOpState: ENTERING_MAINTENANCE, persistedOpStateExpiryEpochSec: 0} has 0 sufficientlyReplicated, 2 underReplicated and 0 unhealthy containers
2021-01-02 03:04:44,694 [DatanodeAdminManager-0] INFO  node.DatanodeAdminMonitorImpl (DatanodeAdminMonitorImpl.java:run(136)) - There are 1 nodes tracked for decommission and maintenance. 0 pending nodes.
2021-01-02 03:04:45,024 [Listener at 0.0.0.0/33083] INFO  ozone.MiniOzoneClusterImpl (MiniOzoneClusterImpl.java:lambda$waitForClusterToBeReady$0(178)) - Waiting for nodes to be ready. Got 1 of 6 DN Heartbeats.
2021-01-02 03:04:45,024 [Listener at 0.0.0.0/33083] INFO  ozone.MiniOzoneClusterImpl (MiniOzoneClusterImpl.java:lambda$waitForClusterToBeReady$0(181)) - Waiting for cluster to exit safe mode
2021-01-02 03:04:45,431 [EventQueue-PipelineReportForOneReplicaPipelineSafeModeRule] INFO  safemode.SCMSafeModeManager (OneReplicaPipelineSafeModeRule.java:process(127)) - SCM in safe mode. Pipelines with at least one datanode reported count is 0, required at least one datanode reported per pipeline count is 1
2021-01-02 03:04:45,437 [IPC Server handler 4 on default port 43483] INFO  net.NetworkTopologyImpl (NetworkTopologyImpl.java:add(111)) - Added a new node: /default-rack/3e6f9aad-df43-4486-a42c-6a362a65d862
2021-01-02 03:04:45,437 [IPC Server handler 4 on default port 43483] INFO  node.NodeStateManager (NodeStateManager.java:newNodeStatus(257)) - Updating nodeOperationalState on registration as the datanode has a persisted state of ENTERING_MAINTENANCE and expiry of 0
2021-01-02 03:04:45,437 [IPC Server handler 4 on default port 43483] INFO  node.SCMNodeManager (SCMNodeManager.java:register(341)) - Registered Data node : 3e6f9aad-df43-4486-a42c-6a362a65d862{ip: 172.17.0.2, host: e25e13fd87ad, networkLocation: /default-rack, certSerialId: null, persistedOpState: ENTERING_MAINTENANCE, persistedOpStateExpiryEpochSec: 0}
2021-01-02 03:04:45,437 [EventQueue-NodeRegistrationContainerReportForContainerSafeModeRule] INFO  safemode.SCMSafeModeManager (SCMSafeModeManager.java:validateSafeModeExitRules(214)) - ContainerSafeModeRule rule is successfully validated
2021-01-02 03:04:45,437 [EventQueue-PipelineReportForOneReplicaPipelineSafeModeRule] INFO  safemode.SCMSafeModeManager (OneReplicaPipelineSafeModeRule.java:process(127)) - SCM in safe mode. Pipelines with at least one datanode reported count is 0, required at least one datanode reported per pipeline count is 1
2021-01-02 03:04:45,437 [EventQueue-NodeRegistrationContainerReportForDataNodeSafeModeRule] INFO  safemode.SCMSafeModeManager (SCMSafeModeManager.java:validateSafeModeExitRules(214)) - DataNodeSafeModeRule rule is successfully validated
2021-01-02 03:04:45,450 [IPC Server handler 5 on default port 43483] INFO  net.NetworkTopologyImpl (NetworkTopologyImpl.java:add(111)) - Added a new node: /default-rack/ace74568-a36a-4c06-abbe-7d05c77e5c4e
2021-01-02 03:04:45,450 [IPC Server handler 5 on default port 43483] INFO  node.NodeStateManager (NodeStateManager.java:newNodeStatus(257)) - Updating nodeOperationalState on registration as the datanode has a persisted state of ENTERING_MAINTENANCE and expiry of 0
2021-01-02 03:04:45,450 [IPC Server handler 5 on default port 43483] INFO  node.SCMNodeManager (SCMNodeManager.java:register(341)) - Registered Data node : ace74568-a36a-4c06-abbe-7d05c77e5c4e{ip: 172.17.0.2, host: e25e13fd87ad, networkLocation: /default-rack, certSerialId: null, persistedOpState: ENTERING_MAINTENANCE, persistedOpStateExpiryEpochSec: 0}
2021-01-02 03:04:45,450 [EventQueue-NodeRegistrationContainerReportForContainerSafeModeRule] INFO  safemode.SCMSafeModeManager (SCMSafeModeManager.java:validateSafeModeExitRules(214)) - ContainerSafeModeRule rule is successfully validated
2021-01-02 03:04:45,451 [EventQueue-PipelineReportForOneReplicaPipelineSafeModeRule] INFO  safemode.SCMSafeModeManager (OneReplicaPipelineSafeModeRule.java:process(127)) - SCM in safe mode. Pipelines with at least one datanode reported count is 0, required at least one datanode reported per pipeline count is 1
2021-01-02 03:04:45,451 [EventQueue-NodeRegistrationContainerReportForDataNodeSafeModeRule] INFO  safemode.SCMSafeModeManager (SCMSafeModeManager.java:validateSafeModeExitRules(214)) - DataNodeSafeModeRule rule is successfully validated
2021-01-02 03:04:45,554 [IPC Server handler 6 on default port 43483] INFO  net.NetworkTopologyImpl (NetworkTopologyImpl.java:add(111)) - Added a new node: /default-rack/68eed081-0a4c-49f2-9281-4facb9240b7e
2021-01-02 03:04:45,555 [IPC Server handler 6 on default port 43483] INFO  node.SCMNodeManager (SCMNodeManager.java:register(341)) - Registered Data node : 68eed081-0a4c-49f2-9281-4facb9240b7e{ip: 172.17.0.2, host: e25e13fd87ad, networkLocation: /default-rack, certSerialId: null, persistedOpState: IN_SERVICE, persistedOpStateExpiryEpochSec: 0}
2021-01-02 03:04:45,555 [EventQueue-NodeRegistrationContainerReportForDataNodeSafeModeRule] INFO  safemode.SCMSafeModeManager (SCMSafeModeManager.java:validateSafeModeExitRules(214)) - DataNodeSafeModeRule rule is successfully validated
2021-01-02 03:04:45,555 [EventQueue-NodeRegistrationContainerReportForContainerSafeModeRule] INFO  safemode.SCMSafeModeManager (SCMSafeModeManager.java:validateSafeModeExitRules(214)) - ContainerSafeModeRule rule is successfully validated
2021-01-02 03:04:45,555 [EventQueue-PipelineReportForOneReplicaPipelineSafeModeRule] INFO  safemode.SCMSafeModeManager (OneReplicaPipelineSafeModeRule.java:process(127)) - SCM in safe mode. Pipelines with at least one datanode reported count is 1, required at least one datanode reported per pipeline count is 1
2021-01-02 03:04:45,555 [EventQueue-PipelineReportForOneReplicaPipelineSafeModeRule] INFO  safemode.SCMSafeModeManager (SCMSafeModeManager.java:validateSafeModeExitRules(214)) - AtleastOneDatanodeReportedRule rule is successfully validated
2021-01-02 03:04:45,556 [EventQueue-OpenPipelineForHealthyPipelineSafeModeRule] INFO  safemode.SCMSafeModeManager (HealthyPipelineSafeModeRule.java:process(128)) - SCM in safe mode. Healthy pipelines reported count is 0, required healthy pipeline reported count is 1
2021-01-02 03:04:45,561 [IPC Server handler 7 on default port 43483] INFO  net.NetworkTopologyImpl (NetworkTopologyImpl.java:add(111)) - Added a new node: /default-rack/fdab6853-39d3-40b9-bd2b-4dc5726d5388
2021-01-02 03:04:45,561 [IPC Server handler 7 on default port 43483] INFO  node.SCMNodeManager (SCMNodeManager.java:register(341)) - Registered Data node : fdab6853-39d3-40b9-bd2b-4dc5726d5388{ip: 172.17.0.2, host: e25e13fd87ad, networkLocation: /default-rack, certSerialId: null, persistedOpState: IN_SERVICE, persistedOpStateExpiryEpochSec: 0}
2021-01-02 03:04:45,561 [RatisPipelineUtilsThread] WARN  pipeline.PipelinePlacementPolicy (PipelinePlacementPolicy.java:filterViableNodes(139)) - Pipeline creation failed due to no sufficient healthy datanodes. Required 3. Found 2.
2021-01-02 03:04:45,561 [IPC Server handler 7 on default port 43483] INFO  net.NetworkTopologyImpl (NetworkTopologyImpl.java:add(111)) - Added a new node: /default-rack/5beebed6-0501-4525-80c5-dff095c8ab2d
2021-01-02 03:04:45,561 [IPC Server handler 7 on default port 43483] INFO  node.SCMNodeManager (SCMNodeManager.java:register(341)) - Registered Data node : 5beebed6-0501-4525-80c5-dff095c8ab2d{ip: 172.17.0.2, host: e25e13fd87ad, networkLocation: /default-rack, certSerialId: null, persistedOpState: IN_SERVICE, persistedOpStateExpiryEpochSec: 0}
2021-01-02 03:04:45,561 [EventQueue-NodeRegistrationContainerReportForDataNodeSafeModeRule] INFO  safemode.SCMSafeModeManager (SCMSafeModeManager.java:validateSafeModeExitRules(214)) - DataNodeSafeModeRule rule is successfully validated
2021-01-02 03:04:45,562 [EventQueue-NodeRegistrationContainerReportForDataNodeSafeModeRule] INFO  safemode.SCMSafeModeManager (SCMSafeModeManager.java:validateSafeModeExitRules(214)) - DataNodeSafeModeRule rule is successfully validated
2021-01-02 03:04:45,562 [EventQueue-NodeRegistrationContainerReportForContainerSafeModeRule] INFO  safemode.SCMSafeModeManager (SCMSafeModeManager.java:validateSafeModeExitRules(214)) - ContainerSafeModeRule rule is successfully validated
2021-01-02 03:04:45,562 [EventQueue-NodeRegistrationContainerReportForContainerSafeModeRule] INFO  safemode.SCMSafeModeManager (SCMSafeModeManager.java:validateSafeModeExitRules(214)) - ContainerSafeModeRule rule is successfully validated
2021-01-02 03:04:45,562 [EventQueue-PipelineReportForOneReplicaPipelineSafeModeRule] INFO  safemode.SCMSafeModeManager (SCMSafeModeManager.java:validateSafeModeExitRules(214)) - AtleastOneDatanodeReportedRule rule is successfully validated
2021-01-02 03:04:45,562 [EventQueue-PipelineReportForOneReplicaPipelineSafeModeRule] INFO  safemode.SCMSafeModeManager (SCMSafeModeManager.java:validateSafeModeExitRules(214)) - AtleastOneDatanodeReportedRule rule is successfully validated
2021-01-02 03:04:45,567 [EventQueue-OpenPipelineForHealthyPipelineSafeModeRule] INFO  safemode.SCMSafeModeManager (HealthyPipelineSafeModeRule.java:process(128)) - SCM in safe mode. Healthy pipelines reported count is 0, required healthy pipeline reported count is 1
2021-01-02 03:04:45,567 [EventQueue-OpenPipelineForHealthyPipelineSafeModeRule] INFO  safemode.SCMSafeModeManager (HealthyPipelineSafeModeRule.java:process(128)) - SCM in safe mode. Healthy pipelines reported count is 0, required healthy pipeline reported count is 1
2021-01-02 03:04:45,567 [EventQueue-OpenPipelineForHealthyPipelineSafeModeRule] INFO  safemode.SCMSafeModeManager (HealthyPipelineSafeModeRule.java:process(128)) - SCM in safe mode. Healthy pipelines reported count is 1, required healthy pipeline reported count is 1
2021-01-02 03:04:45,567 [EventQueue-OpenPipelineForHealthyPipelineSafeModeRule] INFO  safemode.SCMSafeModeManager (SCMSafeModeManager.java:validateSafeModeExitRules(214)) - HealthyPipelineSafeModeRule rule is successfully validated
2021-01-02 03:04:45,568 [EventQueue-OpenPipelineForHealthyPipelineSafeModeRule] INFO  safemode.SCMSafeModeManager (SCMSafeModeManager.java:validateSafeModeExitRules(228)) - ScmSafeModeManager, all rules are successfully validated
2021-01-02 03:04:45,568 [EventQueue-OpenPipelineForHealthyPipelineSafeModeRule] INFO  safemode.SCMSafeModeManager (SCMSafeModeManager.java:exitSafeMode(257)) - SCM exiting safe mode.
2021-01-02 03:04:45,692 [EventQueue-StartAdminOnNodeForStartDatanodeAdminHandler] INFO  node.StartDatanodeAdminHandler (StartDatanodeAdminHandler.java:onMessage(56)) - Admin start on datanode 3e6f9aad-df43-4486-a42c-6a362a65d862{ip: 172.17.0.2, host: e25e13fd87ad, networkLocation: /default-rack, certSerialId: null, persistedOpState: ENTERING_MAINTENANCE, persistedOpStateExpiryEpochSec: 0}. Finalizing its pipelines []
2021-01-02 03:04:45,692 [DatanodeAdminManager-0] INFO  node.DatanodeAdminMonitorImpl (DatanodeAdminMonitorImpl.java:checkContainersReplicatedOnNode(297)) - ace74568-a36a-4c06-abbe-7d05c77e5c4e{ip: 172.17.0.2, host: e25e13fd87ad, networkLocation: /default-rack, certSerialId: null, persistedOpState: ENTERING_MAINTENANCE, persistedOpStateExpiryEpochSec: 0} has 0 sufficientlyReplicated, 2 underReplicated and 0 unhealthy containers
2021-01-02 03:04:45,692 [DatanodeAdminManager-0] INFO  node.DatanodeAdminMonitorImpl (DatanodeAdminMonitorImpl.java:checkContainersReplicatedOnNode(297)) - 1b98ba84-f03a-4745-ae67-661c5f740165{ip: 172.17.0.2, host: e25e13fd87ad, networkLocation: /default-rack, certSerialId: null, persistedOpState: ENTERING_MAINTENANCE, persistedOpStateExpiryEpochSec: 0} has 0 sufficientlyReplicated, 2 underReplicated and 0 unhealthy containers
2021-01-02 03:04:45,693 [DatanodeAdminManager-0] INFO  node.DatanodeAdminMonitorImpl (DatanodeAdminMonitorImpl.java:checkContainersReplicatedOnNode(297)) - 3e6f9aad-df43-4486-a42c-6a362a65d862{ip: 172.17.0.2, host: e25e13fd87ad, networkLocation: /default-rack, certSerialId: null, persistedOpState: ENTERING_MAINTENANCE, persistedOpStateExpiryEpochSec: 0} has 0 sufficientlyReplicated, 2 underReplicated and 0 unhealthy containers
2021-01-02 03:04:45,693 [DatanodeAdminManager-0] INFO  node.DatanodeAdminMonitorImpl (DatanodeAdminMonitorImpl.java:run(136)) - There are 3 nodes tracked for decommission and maintenance. 0 pending nodes.
2021-01-02 03:04:45,692 [EventQueue-StartAdminOnNodeForStartDatanodeAdminHandler] INFO  node.StartDatanodeAdminHandler (StartDatanodeAdminHandler.java:onMessage(56)) - Admin start on datanode ace74568-a36a-4c06-abbe-7d05c77e5c4e{ip: 172.17.0.2, host: e25e13fd87ad, networkLocation: /default-rack, certSerialId: null, persistedOpState: ENTERING_MAINTENANCE, persistedOpStateExpiryEpochSec: 0}. Finalizing its pipelines []
2021-01-02 03:04:46,024 [Listener at 0.0.0.0/33083] INFO  ozone.MiniOzoneClusterImpl (MiniOzoneClusterImpl.java:lambda$waitForClusterToBeReady$0(178)) - Nodes are ready. Got 6 of 6 DN Heartbeats.
2021-01-02 03:04:46,024 [Listener at 0.0.0.0/33083] INFO  ozone.MiniOzoneClusterImpl (MiniOzoneClusterImpl.java:lambda$waitForClusterToBeReady$0(181)) - Cluster exits safe mode
2021-01-02 03:04:46,429 [Command processor thread] WARN  server.RaftServer (RaftServerProxy.java:remove(99)) - 1b98ba84-f03a-4745-ae67-661c5f740165: does not contain group: group-2BC440C7514C
2021-01-02 03:04:46,429 [Command processor thread] ERROR commandhandler.ClosePipelineCommandHandler (ClosePipelineCommandHandler.java:handle(78)) - Can't close pipeline PipelineID=0850c91d-7eb7-4cd8-860d-2bc440c7514c
java.io.IOException: 1b98ba84-f03a-4745-ae67-661c5f740165: Group group-2BC440C7514C not found.
	at org.apache.hadoop.ozone.container.common.transport.server.ratis.XceiverServerRatis.removeGroup(XceiverServerRatis.java:782)
	at org.apache.hadoop.ozone.container.common.statemachine.commandhandler.ClosePipelineCommandHandler.handle(ClosePipelineCommandHandler.java:74)
	at org.apache.hadoop.ozone.container.common.statemachine.commandhandler.CommandDispatcher.handle(CommandDispatcher.java:99)
	at org.apache.hadoop.ozone.container.common.statemachine.DatanodeStateMachine.lambda$initCommandHandlerThread$2(DatanodeStateMachine.java:498)
	at java.lang.Thread.run(Thread.java:748)
Caused by: org.apache.ratis.protocol.exceptions.GroupMismatchException: 1b98ba84-f03a-4745-ae67-661c5f740165: Group group-2BC440C7514C not found.
	at org.apache.ratis.server.impl.RaftServerProxy.groupRemoveAsync(RaftServerProxy.java:494)
	at org.apache.ratis.server.impl.RaftServerProxy.groupManagementAsync(RaftServerProxy.java:450)
	at org.apache.ratis.server.impl.RaftServerProxy.groupManagement(RaftServerProxy.java:430)
	at org.apache.hadoop.ozone.container.common.transport.server.ratis.XceiverServerRatis.removeGroup(XceiverServerRatis.java:780)
	... 4 more
2021-01-02 03:04:46,692 [DatanodeAdminManager-0] INFO  node.DatanodeAdminMonitorImpl (DatanodeAdminMonitorImpl.java:checkContainersReplicatedOnNode(297)) - ace74568-a36a-4c06-abbe-7d05c77e5c4e{ip: 172.17.0.2, host: e25e13fd87ad, networkLocation: /default-rack, certSerialId: null, persistedOpState: ENTERING_MAINTENANCE, persistedOpStateExpiryEpochSec: 0} has 0 sufficientlyReplicated, 2 underReplicated and 0 unhealthy containers
2021-01-02 03:04:46,692 [DatanodeAdminManager-0] INFO  node.DatanodeAdminMonitorImpl (DatanodeAdminMonitorImpl.java:checkContainersReplicatedOnNode(297)) - 1b98ba84-f03a-4745-ae67-661c5f740165{ip: 172.17.0.2, host: e25e13fd87ad, networkLocation: /default-rack, certSerialId: null, persistedOpState: ENTERING_MAINTENANCE, persistedOpStateExpiryEpochSec: 0} has 0 sufficientlyReplicated, 2 underReplicated and 0 unhealthy containers
2021-01-02 03:04:46,692 [DatanodeAdminManager-0] INFO  node.DatanodeAdminMonitorImpl (DatanodeAdminMonitorImpl.java:checkContainersReplicatedOnNode(297)) - 3e6f9aad-df43-4486-a42c-6a362a65d862{ip: 172.17.0.2, host: e25e13fd87ad, networkLocation: /default-rack, certSerialId: null, persistedOpState: ENTERING_MAINTENANCE, persistedOpStateExpiryEpochSec: 0} has 0 sufficientlyReplicated, 2 underReplicated and 0 unhealthy containers
2021-01-02 03:04:46,692 [DatanodeAdminManager-0] INFO  node.DatanodeAdminMonitorImpl (DatanodeAdminMonitorImpl.java:run(136)) - There are 3 nodes tracked for decommission and maintenance. 0 pending nodes.
2021-01-02 03:04:47,692 [DatanodeAdminManager-0] INFO  node.DatanodeAdminMonitorImpl (DatanodeAdminMonitorImpl.java:checkContainersReplicatedOnNode(297)) - ace74568-a36a-4c06-abbe-7d05c77e5c4e{ip: 172.17.0.2, host: e25e13fd87ad, networkLocation: /default-rack, certSerialId: null, persistedOpState: ENTERING_MAINTENANCE, persistedOpStateExpiryEpochSec: 0} has 0 sufficientlyReplicated, 2 underReplicated and 0 unhealthy containers
2021-01-02 03:04:47,692 [DatanodeAdminManager-0] INFO  node.DatanodeAdminMonitorImpl (DatanodeAdminMonitorImpl.java:checkContainersReplicatedOnNode(297)) - 1b98ba84-f03a-4745-ae67-661c5f740165{ip: 172.17.0.2, host: e25e13fd87ad, networkLocation: /default-rack, certSerialId: null, persistedOpState: ENTERING_MAINTENANCE, persistedOpStateExpiryEpochSec: 0} has 0 sufficientlyReplicated, 2 underReplicated and 0 unhealthy containers
2021-01-02 03:04:47,692 [DatanodeAdminManager-0] INFO  node.DatanodeAdminMonitorImpl (DatanodeAdminMonitorImpl.java:checkContainersReplicatedOnNode(297)) - 3e6f9aad-df43-4486-a42c-6a362a65d862{ip: 172.17.0.2, host: e25e13fd87ad, networkLocation: /default-rack, certSerialId: null, persistedOpState: ENTERING_MAINTENANCE, persistedOpStateExpiryEpochSec: 0} has 0 sufficientlyReplicated, 2 underReplicated and 0 unhealthy containers
2021-01-02 03:04:47,692 [DatanodeAdminManager-0] INFO  node.DatanodeAdminMonitorImpl (DatanodeAdminMonitorImpl.java:run(136)) - There are 3 nodes tracked for decommission and maintenance. 0 pending nodes.
2021-01-02 03:04:48,570 [EventQueue-Delayed safe mode statusForReplicationManager] INFO  container.ReplicationManager (ReplicationManager.java:start(186)) - Starting Replication Monitor Thread.
2021-01-02 03:04:48,573 [ReplicationMonitor] INFO  container.ReplicationManager (ReplicationManager.java:forceCloseContainer(633)) - Force closing container #1 with BCSID 41, which is in QUASI_CLOSED state.
2021-01-02 03:04:48,573 [ReplicationMonitor] INFO  container.ReplicationManager (ReplicationManager.java:sendCloseCommand(948)) - Sending close container command for container #1 to datanode ace74568-a36a-4c06-abbe-7d05c77e5c4e{ip: 172.17.0.2, host: e25e13fd87ad, networkLocation: /default-rack, certSerialId: null, persistedOpState: ENTERING_MAINTENANCE, persistedOpStateExpiryEpochSec: 0}.
2021-01-02 03:04:48,573 [ReplicationMonitor] INFO  container.ReplicationManager (ReplicationManager.java:sendCloseCommand(948)) - Sending close container command for container #1 to datanode 1b98ba84-f03a-4745-ae67-661c5f740165{ip: 172.17.0.2, host: e25e13fd87ad, networkLocation: /default-rack, certSerialId: null, persistedOpState: ENTERING_MAINTENANCE, persistedOpStateExpiryEpochSec: 0}.
2021-01-02 03:04:48,573 [ReplicationMonitor] INFO  container.ReplicationManager (ReplicationManager.java:sendCloseCommand(948)) - Sending close container command for container #1 to datanode 3e6f9aad-df43-4486-a42c-6a362a65d862{ip: 172.17.0.2, host: e25e13fd87ad, networkLocation: /default-rack, certSerialId: null, persistedOpState: ENTERING_MAINTENANCE, persistedOpStateExpiryEpochSec: 0}.
2021-01-02 03:04:48,574 [ReplicationMonitor] INFO  container.ReplicationManager (ReplicationManager.java:forceCloseContainer(633)) - Force closing container #3 with BCSID 45, which is in QUASI_CLOSED state.
2021-01-02 03:04:48,574 [ReplicationMonitor] INFO  container.ReplicationManager (ReplicationManager.java:sendCloseCommand(948)) - Sending close container command for container #3 to datanode 3e6f9aad-df43-4486-a42c-6a362a65d862{ip: 172.17.0.2, host: e25e13fd87ad, networkLocation: /default-rack, certSerialId: null, persistedOpState: ENTERING_MAINTENANCE, persistedOpStateExpiryEpochSec: 0}.
2021-01-02 03:04:48,574 [ReplicationMonitor] INFO  container.ReplicationManager (ReplicationManager.java:sendCloseCommand(948)) - Sending close container command for container #3 to datanode ace74568-a36a-4c06-abbe-7d05c77e5c4e{ip: 172.17.0.2, host: e25e13fd87ad, networkLocation: /default-rack, certSerialId: null, persistedOpState: ENTERING_MAINTENANCE, persistedOpStateExpiryEpochSec: 0}.
2021-01-02 03:04:48,574 [ReplicationMonitor] INFO  container.ReplicationManager (ReplicationManager.java:sendCloseCommand(948)) - Sending close container command for container #3 to datanode 1b98ba84-f03a-4745-ae67-661c5f740165{ip: 172.17.0.2, host: e25e13fd87ad, networkLocation: /default-rack, certSerialId: null, persistedOpState: ENTERING_MAINTENANCE, persistedOpStateExpiryEpochSec: 0}.
2021-01-02 03:04:48,574 [ReplicationMonitor] INFO  container.ReplicationManager (ReplicationManager.java:run(250)) - Replication Monitor Thread took 3 milliseconds for processing 4 containers.
2021-01-02 03:04:48,692 [DatanodeAdminManager-0] INFO  node.DatanodeAdminMonitorImpl (DatanodeAdminMonitorImpl.java:checkContainersReplicatedOnNode(297)) - ace74568-a36a-4c06-abbe-7d05c77e5c4e{ip: 172.17.0.2, host: e25e13fd87ad, networkLocation: /default-rack, certSerialId: null, persistedOpState: ENTERING_MAINTENANCE, persistedOpStateExpiryEpochSec: 0} has 0 sufficientlyReplicated, 2 underReplicated and 0 unhealthy containers
2021-01-02 03:04:48,692 [DatanodeAdminManager-0] INFO  node.DatanodeAdminMonitorImpl (DatanodeAdminMonitorImpl.java:checkContainersReplicatedOnNode(297)) - 1b98ba84-f03a-4745-ae67-661c5f740165{ip: 172.17.0.2, host: e25e13fd87ad, networkLocation: /default-rack, certSerialId: null, persistedOpState: ENTERING_MAINTENANCE, persistedOpStateExpiryEpochSec: 0} has 0 sufficientlyReplicated, 2 underReplicated and 0 unhealthy containers
2021-01-02 03:04:48,692 [DatanodeAdminManager-0] INFO  node.DatanodeAdminMonitorImpl (DatanodeAdminMonitorImpl.java:checkContainersReplicatedOnNode(297)) - 3e6f9aad-df43-4486-a42c-6a362a65d862{ip: 172.17.0.2, host: e25e13fd87ad, networkLocation: /default-rack, certSerialId: null, persistedOpState: ENTERING_MAINTENANCE, persistedOpStateExpiryEpochSec: 0} has 0 sufficientlyReplicated, 2 underReplicated and 0 unhealthy containers
2021-01-02 03:04:48,693 [DatanodeAdminManager-0] INFO  node.DatanodeAdminMonitorImpl (DatanodeAdminMonitorImpl.java:run(136)) - There are 3 nodes tracked for decommission and maintenance. 0 pending nodes.
2021-01-02 03:04:49,574 [ReplicationMonitor] INFO  container.ReplicationManager (ReplicationManager.java:forceCloseContainer(633)) - Force closing container #1 with BCSID 41, which is in QUASI_CLOSED state.
2021-01-02 03:04:49,575 [ReplicationMonitor] INFO  container.ReplicationManager (ReplicationManager.java:sendCloseCommand(948)) - Sending close container command for container #1 to datanode ace74568-a36a-4c06-abbe-7d05c77e5c4e{ip: 172.17.0.2, host: e25e13fd87ad, networkLocation: /default-rack, certSerialId: null, persistedOpState: ENTERING_MAINTENANCE, persistedOpStateExpiryEpochSec: 0}.
2021-01-02 03:04:49,575 [ReplicationMonitor] INFO  container.ReplicationManager (ReplicationManager.java:sendCloseCommand(948)) - Sending close container command for container #1 to datanode 1b98ba84-f03a-4745-ae67-661c5f740165{ip: 172.17.0.2, host: e25e13fd87ad, networkLocation: /default-rack, certSerialId: null, persistedOpState: ENTERING_MAINTENANCE, persistedOpStateExpiryEpochSec: 0}.
2021-01-02 03:04:49,575 [ReplicationMonitor] INFO  container.ReplicationManager (ReplicationManager.java:sendCloseCommand(948)) - Sending close container command for container #1 to datanode 3e6f9aad-df43-4486-a42c-6a362a65d862{ip: 172.17.0.2, host: e25e13fd87ad, networkLocation: /default-rack, certSerialId: null, persistedOpState: ENTERING_MAINTENANCE, persistedOpStateExpiryEpochSec: 0}.
2021-01-02 03:04:49,575 [ReplicationMonitor] INFO  container.ReplicationManager (ReplicationManager.java:forceCloseContainer(633)) - Force closing container #3 with BCSID 45, which is in QUASI_CLOSED state.
2021-01-02 03:04:49,575 [ReplicationMonitor] INFO  container.ReplicationManager (ReplicationManager.java:sendCloseCommand(948)) - Sending close container command for container #3 to datanode 3e6f9aad-df43-4486-a42c-6a362a65d862{ip: 172.17.0.2, host: e25e13fd87ad, networkLocation: /default-rack, certSerialId: null, persistedOpState: ENTERING_MAINTENANCE, persistedOpStateExpiryEpochSec: 0}.
2021-01-02 03:04:49,575 [ReplicationMonitor] INFO  container.ReplicationManager (ReplicationManager.java:sendCloseCommand(948)) - Sending close container command for container #3 to datanode ace74568-a36a-4c06-abbe-7d05c77e5c4e{ip: 172.17.0.2, host: e25e13fd87ad, networkLocation: /default-rack, certSerialId: null, persistedOpState: ENTERING_MAINTENANCE, persistedOpStateExpiryEpochSec: 0}.
2021-01-02 03:04:49,575 [ReplicationMonitor] INFO  container.ReplicationManager (ReplicationManager.java:sendCloseCommand(948)) - Sending close container command for container #3 to datanode 1b98ba84-f03a-4745-ae67-661c5f740165{ip: 172.17.0.2, host: e25e13fd87ad, networkLocation: /default-rack, certSerialId: null, persistedOpState: ENTERING_MAINTENANCE, persistedOpStateExpiryEpochSec: 0}.
2021-01-02 03:04:49,575 [ReplicationMonitor] INFO  container.ReplicationManager (ReplicationManager.java:run(250)) - Replication Monitor Thread took 1 milliseconds for processing 4 containers.
2021-01-02 03:04:49,692 [DatanodeAdminManager-0] INFO  node.DatanodeAdminMonitorImpl (DatanodeAdminMonitorImpl.java:checkContainersReplicatedOnNode(297)) - ace74568-a36a-4c06-abbe-7d05c77e5c4e{ip: 172.17.0.2, host: e25e13fd87ad, networkLocation: /default-rack, certSerialId: null, persistedOpState: ENTERING_MAINTENANCE, persistedOpStateExpiryEpochSec: 0} has 0 sufficientlyReplicated, 2 underReplicated and 0 unhealthy containers
2021-01-02 03:04:49,692 [DatanodeAdminManager-0] INFO  node.DatanodeAdminMonitorImpl (DatanodeAdminMonitorImpl.java:checkContainersReplicatedOnNode(297)) - 1b98ba84-f03a-4745-ae67-661c5f740165{ip: 172.17.0.2, host: e25e13fd87ad, networkLocation: /default-rack, certSerialId: null, persistedOpState: ENTERING_MAINTENANCE, persistedOpStateExpiryEpochSec: 0} has 0 sufficientlyReplicated, 2 underReplicated and 0 unhealthy containers
2021-01-02 03:04:49,693 [DatanodeAdminManager-0] INFO  node.DatanodeAdminMonitorImpl (DatanodeAdminMonitorImpl.java:checkContainersReplicatedOnNode(297)) - 3e6f9aad-df43-4486-a42c-6a362a65d862{ip: 172.17.0.2, host: e25e13fd87ad, networkLocation: /default-rack, certSerialId: null, persistedOpState: ENTERING_MAINTENANCE, persistedOpStateExpiryEpochSec: 0} has 0 sufficientlyReplicated, 2 underReplicated and 0 unhealthy containers
2021-01-02 03:04:49,693 [DatanodeAdminManager-0] INFO  node.DatanodeAdminMonitorImpl (DatanodeAdminMonitorImpl.java:run(136)) - There are 3 nodes tracked for decommission and maintenance. 0 pending nodes.
2021-01-02 03:04:50,576 [ReplicationMonitor] INFO  container.ReplicationManager (ReplicationManager.java:forceCloseContainer(633)) - Force closing container #1 with BCSID 41, which is in QUASI_CLOSED state.
2021-01-02 03:04:50,576 [ReplicationMonitor] INFO  container.ReplicationManager (ReplicationManager.java:sendCloseCommand(948)) - Sending close container command for container #1 to datanode ace74568-a36a-4c06-abbe-7d05c77e5c4e{ip: 172.17.0.2, host: e25e13fd87ad, networkLocation: /default-rack, certSerialId: null, persistedOpState: ENTERING_MAINTENANCE, persistedOpStateExpiryEpochSec: 0}.
2021-01-02 03:04:50,576 [ReplicationMonitor] INFO  container.ReplicationManager (ReplicationManager.java:sendCloseCommand(948)) - Sending close container command for container #1 to datanode 1b98ba84-f03a-4745-ae67-661c5f740165{ip: 172.17.0.2, host: e25e13fd87ad, networkLocation: /default-rack, certSerialId: null, persistedOpState: ENTERING_MAINTENANCE, persistedOpStateExpiryEpochSec: 0}.
2021-01-02 03:04:50,576 [ReplicationMonitor] INFO  container.ReplicationManager (ReplicationManager.java:sendCloseCommand(948)) - Sending close container command for container #1 to datanode 3e6f9aad-df43-4486-a42c-6a362a65d862{ip: 172.17.0.2, host: e25e13fd87ad, networkLocation: /default-rack, certSerialId: null, persistedOpState: ENTERING_MAINTENANCE, persistedOpStateExpiryEpochSec: 0}.
2021-01-02 03:04:50,576 [ReplicationMonitor] INFO  container.ReplicationManager (ReplicationManager.java:forceCloseContainer(633)) - Force closing container #3 with BCSID 45, which is in QUASI_CLOSED state.
2021-01-02 03:04:50,576 [ReplicationMonitor] INFO  container.ReplicationManager (ReplicationManager.java:sendCloseCommand(948)) - Sending close container command for container #3 to datanode 3e6f9aad-df43-4486-a42c-6a362a65d862{ip: 172.17.0.2, host: e25e13fd87ad, networkLocation: /default-rack, certSerialId: null, persistedOpState: ENTERING_MAINTENANCE, persistedOpStateExpiryEpochSec: 0}.
2021-01-02 03:04:50,576 [ReplicationMonitor] INFO  container.ReplicationManager (ReplicationManager.java:sendCloseCommand(948)) - Sending close container command for container #3 to datanode ace74568-a36a-4c06-abbe-7d05c77e5c4e{ip: 172.17.0.2, host: e25e13fd87ad, networkLocation: /default-rack, certSerialId: null, persistedOpState: ENTERING_MAINTENANCE, persistedOpStateExpiryEpochSec: 0}.
2021-01-02 03:04:50,576 [ReplicationMonitor] INFO  container.ReplicationManager (ReplicationManager.java:sendCloseCommand(948)) - Sending close container command for container #3 to datanode 1b98ba84-f03a-4745-ae67-661c5f740165{ip: 172.17.0.2, host: e25e13fd87ad, networkLocation: /default-rack, certSerialId: null, persistedOpState: ENTERING_MAINTENANCE, persistedOpStateExpiryEpochSec: 0}.
2021-01-02 03:04:50,576 [ReplicationMonitor] INFO  container.ReplicationManager (ReplicationManager.java:run(250)) - Replication Monitor Thread took 1 milliseconds for processing 4 containers.
2021-01-02 03:04:50,692 [DatanodeAdminManager-0] INFO  node.DatanodeAdminMonitorImpl (DatanodeAdminMonitorImpl.java:checkContainersReplicatedOnNode(297)) - ace74568-a36a-4c06-abbe-7d05c77e5c4e{ip: 172.17.0.2, host: e25e13fd87ad, networkLocation: /default-rack, certSerialId: null, persistedOpState: ENTERING_MAINTENANCE, persistedOpStateExpiryEpochSec: 0} has 0 sufficientlyReplicated, 2 underReplicated and 0 unhealthy containers
2021-01-02 03:04:50,692 [DatanodeAdminManager-0] INFO  node.DatanodeAdminMonitorImpl (DatanodeAdminMonitorImpl.java:checkContainersReplicatedOnNode(297)) - 1b98ba84-f03a-4745-ae67-661c5f740165{ip: 172.17.0.2, host: e25e13fd87ad, networkLocation: /default-rack, certSerialId: null, persistedOpState: ENTERING_MAINTENANCE, persistedOpStateExpiryEpochSec: 0} has 0 sufficientlyReplicated, 2 underReplicated and 0 unhealthy containers
2021-01-02 03:04:50,692 [DatanodeAdminManager-0] INFO  node.DatanodeAdminMonitorImpl (DatanodeAdminMonitorImpl.java:checkContainersReplicatedOnNode(297)) - 3e6f9aad-df43-4486-a42c-6a362a65d862{ip: 172.17.0.2, host: e25e13fd87ad, networkLocation: /default-rack, certSerialId: null, persistedOpState: ENTERING_MAINTENANCE, persistedOpStateExpiryEpochSec: 0} has 0 sufficientlyReplicated, 2 underReplicated and 0 unhealthy containers
2021-01-02 03:04:50,692 [DatanodeAdminManager-0] INFO  node.DatanodeAdminMonitorImpl (DatanodeAdminMonitorImpl.java:run(136)) - There are 3 nodes tracked for decommission and maintenance. 0 pending nodes.
2021-01-02 03:04:51,431 [Command processor thread] INFO  keyvalue.KeyValueContainer (KeyValueContainer.java:flushAndSyncDB(388)) - Container 1 is synced with bcsId 41.
2021-01-02 03:04:51,432 [Command processor thread] INFO  keyvalue.KeyValueContainer (KeyValueContainer.java:flushAndSyncDB(388)) - Container 1 is synced with bcsId 41.
2021-01-02 03:04:51,434 [Command processor thread] INFO  keyvalue.KeyValueContainer (KeyValueContainer.java:close(326)) - Container 1 is closed with bcsId 41.
2021-01-02 03:04:51,434 [Command processor thread] INFO  keyvalue.KeyValueContainer (KeyValueContainer.java:flushAndSyncDB(388)) - Container 3 is synced with bcsId 45.
2021-01-02 03:04:51,434 [Command processor thread] INFO  keyvalue.KeyValueContainer (KeyValueContainer.java:flushAndSyncDB(388)) - Container 3 is synced with bcsId 45.
2021-01-02 03:04:51,439 [EventQueue-IncrementalContainerReportForIncrementalContainerReportHandler] INFO  container.IncrementalContainerReportHandler (AbstractContainerReportHandler.java:updateContainerState(241)) - Moving container #1 to CLOSED state, datanode 1b98ba84-f03a-4745-ae67-661c5f740165{ip: 172.17.0.2, host: e25e13fd87ad, networkLocation: /default-rack, certSerialId: null, persistedOpState: ENTERING_MAINTENANCE, persistedOpStateExpiryEpochSec: 0} reported CLOSED replica.
2021-01-02 03:04:51,439 [Command processor thread] INFO  keyvalue.KeyValueContainer (KeyValueContainer.java:flushAndSyncDB(388)) - Container 1 is synced with bcsId 41.
2021-01-02 03:04:51,439 [Command processor thread] INFO  keyvalue.KeyValueContainer (KeyValueContainer.java:flushAndSyncDB(388)) - Container 1 is synced with bcsId 41.
2021-01-02 03:04:51,441 [Command processor thread] INFO  keyvalue.KeyValueContainer (KeyValueContainer.java:close(326)) - Container 1 is closed with bcsId 41.
2021-01-02 03:04:51,441 [Command processor thread] INFO  keyvalue.KeyValueContainer (KeyValueContainer.java:close(326)) - Container 3 is closed with bcsId 45.
2021-01-02 03:04:51,441 [Command processor thread] INFO  keyvalue.KeyValueContainer (KeyValueContainer.java:flushAndSyncDB(388)) - Container 3 is synced with bcsId 45.
2021-01-02 03:04:51,441 [Command processor thread] INFO  keyvalue.KeyValueContainer (KeyValueContainer.java:flushAndSyncDB(388)) - Container 3 is synced with bcsId 45.
2021-01-02 03:04:51,442 [EventQueue-IncrementalContainerReportForIncrementalContainerReportHandler] INFO  container.IncrementalContainerReportHandler (AbstractContainerReportHandler.java:updateContainerState(241)) - Moving container #3 to CLOSED state, datanode 1b98ba84-f03a-4745-ae67-661c5f740165{ip: 172.17.0.2, host: e25e13fd87ad, networkLocation: /default-rack, certSerialId: null, persistedOpState: ENTERING_MAINTENANCE, persistedOpStateExpiryEpochSec: 0} reported CLOSED replica.
2021-01-02 03:04:51,444 [Command processor thread] INFO  keyvalue.KeyValueContainer (KeyValueContainer.java:close(326)) - Container 3 is closed with bcsId 45.
2021-01-02 03:04:51,450 [Command processor thread] INFO  keyvalue.KeyValueContainer (KeyValueContainer.java:flushAndSyncDB(388)) - Container 1 is synced with bcsId 41.
2021-01-02 03:04:51,450 [Command processor thread] INFO  keyvalue.KeyValueContainer (KeyValueContainer.java:flushAndSyncDB(388)) - Container 1 is synced with bcsId 41.
2021-01-02 03:04:51,451 [Command processor thread] INFO  keyvalue.KeyValueContainer (KeyValueContainer.java:close(326)) - Container 1 is closed with bcsId 41.
2021-01-02 03:04:51,452 [Command processor thread] INFO  keyvalue.KeyValueContainer (KeyValueContainer.java:flushAndSyncDB(388)) - Container 3 is synced with bcsId 45.
2021-01-02 03:04:51,452 [Command processor thread] INFO  keyvalue.KeyValueContainer (KeyValueContainer.java:flushAndSyncDB(388)) - Container 3 is synced with bcsId 45.
2021-01-02 03:04:51,453 [Command processor thread] INFO  keyvalue.KeyValueContainer (KeyValueContainer.java:close(326)) - Container 3 is closed with bcsId 45.
2021-01-02 03:04:51,577 [ReplicationMonitor] INFO  container.ReplicationManager (ReplicationManager.java:handleUnderReplicatedContainer(722)) - Container #1 is under replicated. Expected replica count is 3, but found 1.
2021-01-02 03:04:51,577 [ReplicationMonitor] INFO  container.ReplicationManager (ReplicationManager.java:sendReplicateCommand(970)) - Sending replicate container command for container #1 to datanode 5beebed6-0501-4525-80c5-dff095c8ab2d{ip: 172.17.0.2, host: e25e13fd87ad, networkLocation: /default-rack, certSerialId: null, persistedOpState: IN_SERVICE, persistedOpStateExpiryEpochSec: 0}
2021-01-02 03:04:51,577 [ReplicationMonitor] INFO  container.ReplicationManager (ReplicationManager.java:sendReplicateCommand(970)) - Sending replicate container command for container #1 to datanode 68eed081-0a4c-49f2-9281-4facb9240b7e{ip: 172.17.0.2, host: e25e13fd87ad, networkLocation: /default-rack, certSerialId: null, persistedOpState: IN_SERVICE, persistedOpStateExpiryEpochSec: 0}
2021-01-02 03:04:51,577 [ReplicationMonitor] INFO  container.ReplicationManager (ReplicationManager.java:handleUnderReplicatedContainer(722)) - Container #3 is under replicated. Expected replica count is 3, but found 1.
2021-01-02 03:04:51,577 [ReplicationMonitor] INFO  container.ReplicationManager (ReplicationManager.java:sendReplicateCommand(970)) - Sending replicate container command for container #3 to datanode fdab6853-39d3-40b9-bd2b-4dc5726d5388{ip: 172.17.0.2, host: e25e13fd87ad, networkLocation: /default-rack, certSerialId: null, persistedOpState: IN_SERVICE, persistedOpStateExpiryEpochSec: 0}
2021-01-02 03:04:51,577 [ReplicationMonitor] INFO  container.ReplicationManager (ReplicationManager.java:sendReplicateCommand(970)) - Sending replicate container command for container #3 to datanode 68eed081-0a4c-49f2-9281-4facb9240b7e{ip: 172.17.0.2, host: e25e13fd87ad, networkLocation: /default-rack, certSerialId: null, persistedOpState: IN_SERVICE, persistedOpStateExpiryEpochSec: 0}
2021-01-02 03:04:51,577 [ReplicationMonitor] INFO  container.ReplicationManager (ReplicationManager.java:run(250)) - Replication Monitor Thread took 1 milliseconds for processing 4 containers.
2021-01-02 03:04:51,692 [DatanodeAdminManager-0] INFO  node.DatanodeAdminMonitorImpl (DatanodeAdminMonitorImpl.java:checkContainersReplicatedOnNode(297)) - ace74568-a36a-4c06-abbe-7d05c77e5c4e{ip: 172.17.0.2, host: e25e13fd87ad, networkLocation: /default-rack, certSerialId: null, persistedOpState: ENTERING_MAINTENANCE, persistedOpStateExpiryEpochSec: 0} has 0 sufficientlyReplicated, 2 underReplicated and 0 unhealthy containers
2021-01-02 03:04:51,692 [DatanodeAdminManager-0] INFO  node.DatanodeAdminMonitorImpl (DatanodeAdminMonitorImpl.java:checkContainersReplicatedOnNode(297)) - 1b98ba84-f03a-4745-ae67-661c5f740165{ip: 172.17.0.2, host: e25e13fd87ad, networkLocation: /default-rack, certSerialId: null, persistedOpState: ENTERING_MAINTENANCE, persistedOpStateExpiryEpochSec: 0} has 0 sufficientlyReplicated, 2 underReplicated and 0 unhealthy containers
2021-01-02 03:04:51,693 [DatanodeAdminManager-0] INFO  node.DatanodeAdminMonitorImpl (DatanodeAdminMonitorImpl.java:checkContainersReplicatedOnNode(297)) - 3e6f9aad-df43-4486-a42c-6a362a65d862{ip: 172.17.0.2, host: e25e13fd87ad, networkLocation: /default-rack, certSerialId: null, persistedOpState: ENTERING_MAINTENANCE, persistedOpStateExpiryEpochSec: 0} has 0 sufficientlyReplicated, 2 underReplicated and 0 unhealthy containers
2021-01-02 03:04:51,693 [DatanodeAdminManager-0] INFO  node.DatanodeAdminMonitorImpl (DatanodeAdminMonitorImpl.java:run(136)) - There are 3 nodes tracked for decommission and maintenance. 0 pending nodes.
2021-01-02 03:04:52,578 [ReplicationMonitor] INFO  container.ReplicationManager (ReplicationManager.java:run(250)) - Replication Monitor Thread took 0 milliseconds for processing 4 containers.
2021-01-02 03:04:52,692 [DatanodeAdminManager-0] INFO  node.DatanodeAdminMonitorImpl (DatanodeAdminMonitorImpl.java:checkContainersReplicatedOnNode(297)) - ace74568-a36a-4c06-abbe-7d05c77e5c4e{ip: 172.17.0.2, host: e25e13fd87ad, networkLocation: /default-rack, certSerialId: null, persistedOpState: ENTERING_MAINTENANCE, persistedOpStateExpiryEpochSec: 0} has 0 sufficientlyReplicated, 2 underReplicated and 0 unhealthy containers
2021-01-02 03:04:52,692 [DatanodeAdminManager-0] INFO  node.DatanodeAdminMonitorImpl (DatanodeAdminMonitorImpl.java:checkContainersReplicatedOnNode(297)) - 1b98ba84-f03a-4745-ae67-661c5f740165{ip: 172.17.0.2, host: e25e13fd87ad, networkLocation: /default-rack, certSerialId: null, persistedOpState: ENTERING_MAINTENANCE, persistedOpStateExpiryEpochSec: 0} has 0 sufficientlyReplicated, 2 underReplicated and 0 unhealthy containers
2021-01-02 03:04:52,692 [DatanodeAdminManager-0] INFO  node.DatanodeAdminMonitorImpl (DatanodeAdminMonitorImpl.java:checkContainersReplicatedOnNode(297)) - 3e6f9aad-df43-4486-a42c-6a362a65d862{ip: 172.17.0.2, host: e25e13fd87ad, networkLocation: /default-rack, certSerialId: null, persistedOpState: ENTERING_MAINTENANCE, persistedOpStateExpiryEpochSec: 0} has 0 sufficientlyReplicated, 2 underReplicated and 0 unhealthy containers
2021-01-02 03:04:52,693 [DatanodeAdminManager-0] INFO  node.DatanodeAdminMonitorImpl (DatanodeAdminMonitorImpl.java:run(136)) - There are 3 nodes tracked for decommission and maintenance. 0 pending nodes.
2021-01-02 03:04:53,562 [ContainerReplicationThread-0] INFO  replication.DownloadAndImportReplicator (DownloadAndImportReplicator.java:replicate(106)) - Starting replication of container 1 from [ace74568-a36a-4c06-abbe-7d05c77e5c4e{ip: 172.17.0.2, host: e25e13fd87ad, networkLocation: /default-rack, certSerialId: null, persistedOpState: ENTERING_MAINTENANCE, persistedOpStateExpiryEpochSec: 0}, 1b98ba84-f03a-4745-ae67-661c5f740165{ip: 172.17.0.2, host: e25e13fd87ad, networkLocation: /default-rack, certSerialId: null, persistedOpState: ENTERING_MAINTENANCE, persistedOpStateExpiryEpochSec: 0}, 3e6f9aad-df43-4486-a42c-6a362a65d862{ip: 172.17.0.2, host: e25e13fd87ad, networkLocation: /default-rack, certSerialId: null, persistedOpState: ENTERING_MAINTENANCE, persistedOpStateExpiryEpochSec: 0}]
2021-01-02 03:04:53,562 [ContainerReplicationThread-0] INFO  replication.DownloadAndImportReplicator (DownloadAndImportReplicator.java:replicate(106)) - Starting replication of container 3 from [3e6f9aad-df43-4486-a42c-6a362a65d862{ip: 172.17.0.2, host: e25e13fd87ad, networkLocation: /default-rack, certSerialId: null, persistedOpState: ENTERING_MAINTENANCE, persistedOpStateExpiryEpochSec: 0}, ace74568-a36a-4c06-abbe-7d05c77e5c4e{ip: 172.17.0.2, host: e25e13fd87ad, networkLocation: /default-rack, certSerialId: null, persistedOpState: ENTERING_MAINTENANCE, persistedOpStateExpiryEpochSec: 0}, 1b98ba84-f03a-4745-ae67-661c5f740165{ip: 172.17.0.2, host: e25e13fd87ad, networkLocation: /default-rack, certSerialId: null, persistedOpState: ENTERING_MAINTENANCE, persistedOpStateExpiryEpochSec: 0}]
2021-01-02 03:04:53,567 [grpc-default-executor-6] INFO  replication.GrpcReplicationService (GrpcReplicationService.java:download(52)) - Streaming container data (1) to other datanode
2021-01-02 03:04:53,571 [grpc-default-executor-0] INFO  replication.GrpcReplicationService (GrpcReplicationService.java:download(52)) - Streaming container data (3) to other datanode
2021-01-02 03:04:53,579 [ReplicationMonitor] INFO  container.ReplicationManager (ReplicationManager.java:run(250)) - Replication Monitor Thread took 0 milliseconds for processing 4 containers.
2021-01-02 03:04:53,583 [grpc-default-executor-0] INFO  replication.GrpcOutputStream (GrpcOutputStream.java:close(104)) - Sent 9316 bytes for container 3
2021-01-02 03:04:53,587 [grpc-default-executor-6] INFO  replication.GrpcOutputStream (GrpcOutputStream.java:close(104)) - Sent 9490 bytes for container 1
2021-01-02 03:04:53,588 [grpc-default-executor-6] INFO  replication.GrpcReplicationClient (GrpcReplicationClient.java:onCompleted(177)) - Container 1 is downloaded to /github/workspace/mnt/ozone/hadoop-ozone/integration-test/target/test-dir/MiniOzoneClusterImpl-0875b59f-827e-470c-b6ab-7d6320bd5827/datanode-4/data/replication/work/container-1.tar.gz
2021-01-02 03:04:53,588 [grpc-default-executor-0] INFO  replication.GrpcReplicationClient (GrpcReplicationClient.java:onCompleted(177)) - Container 3 is downloaded to /github/workspace/mnt/ozone/hadoop-ozone/integration-test/target/test-dir/MiniOzoneClusterImpl-0875b59f-827e-470c-b6ab-7d6320bd5827/datanode-3/data/replication/work/container-3.tar.gz
2021-01-02 03:04:53,591 [ContainerReplicationThread-0] INFO  replication.DownloadAndImportReplicator (DownloadAndImportReplicator.java:replicate(117)) - Container 3 is downloaded, starting to import.
2021-01-02 03:04:53,591 [ContainerReplicationThread-0] INFO  replication.DownloadAndImportReplicator (DownloadAndImportReplicator.java:replicate(117)) - Container 1 is downloaded, starting to import.
2021-01-02 03:04:53,607 [ContainerReplicationThread-0] INFO  replication.DownloadAndImportReplicator (DownloadAndImportReplicator.java:replicate(120)) - Container 3 is replicated successfully
2021-01-02 03:04:53,607 [ContainerReplicationThread-0] INFO  replication.ReplicationSupervisor (ReplicationSupervisor.java:run(146)) - Container 3 is replicated.
2021-01-02 03:04:53,610 [ContainerReplicationThread-0] INFO  replication.DownloadAndImportReplicator (DownloadAndImportReplicator.java:replicate(120)) - Container 1 is replicated successfully
2021-01-02 03:04:53,610 [ContainerReplicationThread-0] INFO  replication.ReplicationSupervisor (ReplicationSupervisor.java:run(146)) - Container 1 is replicated.
2021-01-02 03:04:53,692 [DatanodeAdminManager-0] INFO  node.DatanodeAdminMonitorImpl (DatanodeAdminMonitorImpl.java:checkContainersReplicatedOnNode(297)) - ace74568-a36a-4c06-abbe-7d05c77e5c4e{ip: 172.17.0.2, host: e25e13fd87ad, networkLocation: /default-rack, certSerialId: null, persistedOpState: ENTERING_MAINTENANCE, persistedOpStateExpiryEpochSec: 0} has 0 sufficientlyReplicated, 2 underReplicated and 0 unhealthy containers
2021-01-02 03:04:53,692 [DatanodeAdminManager-0] INFO  node.DatanodeAdminMonitorImpl (DatanodeAdminMonitorImpl.java:checkContainersReplicatedOnNode(297)) - 1b98ba84-f03a-4745-ae67-661c5f740165{ip: 172.17.0.2, host: e25e13fd87ad, networkLocation: /default-rack, certSerialId: null, persistedOpState: ENTERING_MAINTENANCE, persistedOpStateExpiryEpochSec: 0} has 0 sufficientlyReplicated, 2 underReplicated and 0 unhealthy containers
2021-01-02 03:04:53,692 [DatanodeAdminManager-0] INFO  node.DatanodeAdminMonitorImpl (DatanodeAdminMonitorImpl.java:checkContainersReplicatedOnNode(297)) - 3e6f9aad-df43-4486-a42c-6a362a65d862{ip: 172.17.0.2, host: e25e13fd87ad, networkLocation: /default-rack, certSerialId: null, persistedOpState: ENTERING_MAINTENANCE, persistedOpStateExpiryEpochSec: 0} has 0 sufficientlyReplicated, 2 underReplicated and 0 unhealthy containers
2021-01-02 03:04:53,693 [DatanodeAdminManager-0] INFO  node.DatanodeAdminMonitorImpl (DatanodeAdminMonitorImpl.java:run(136)) - There are 3 nodes tracked for decommission and maintenance. 0 pending nodes.
2021-01-02 03:04:54,555 [ContainerReplicationThread-0] INFO  replication.DownloadAndImportReplicator (DownloadAndImportReplicator.java:replicate(106)) - Starting replication of container 1 from [ace74568-a36a-4c06-abbe-7d05c77e5c4e{ip: 172.17.0.2, host: e25e13fd87ad, networkLocation: /default-rack, certSerialId: null, persistedOpState: ENTERING_MAINTENANCE, persistedOpStateExpiryEpochSec: 0}, 1b98ba84-f03a-4745-ae67-661c5f740165{ip: 172.17.0.2, host: e25e13fd87ad, networkLocation: /default-rack, certSerialId: null, persistedOpState: ENTERING_MAINTENANCE, persistedOpStateExpiryEpochSec: 0}, 3e6f9aad-df43-4486-a42c-6a362a65d862{ip: 172.17.0.2, host: e25e13fd87ad, networkLocation: /default-rack, certSerialId: null, persistedOpState: ENTERING_MAINTENANCE, persistedOpStateExpiryEpochSec: 0}]
2021-01-02 03:04:54,556 [ContainerReplicationThread-1] INFO  replication.DownloadAndImportReplicator (DownloadAndImportReplicator.java:replicate(106)) - Starting replication of container 3 from [3e6f9aad-df43-4486-a42c-6a362a65d862{ip: 172.17.0.2, host: e25e13fd87ad, networkLocation: /default-rack, certSerialId: null, persistedOpState: ENTERING_MAINTENANCE, persistedOpStateExpiryEpochSec: 0}, ace74568-a36a-4c06-abbe-7d05c77e5c4e{ip: 172.17.0.2, host: e25e13fd87ad, networkLocation: /default-rack, certSerialId: null, persistedOpState: ENTERING_MAINTENANCE, persistedOpStateExpiryEpochSec: 0}, 1b98ba84-f03a-4745-ae67-661c5f740165{ip: 172.17.0.2, host: e25e13fd87ad, networkLocation: /default-rack, certSerialId: null, persistedOpState: ENTERING_MAINTENANCE, persistedOpStateExpiryEpochSec: 0}]
2021-01-02 03:04:54,562 [grpc-default-executor-0] INFO  replication.GrpcReplicationService (GrpcReplicationService.java:download(52)) - Streaming container data (1) to other datanode
2021-01-02 03:04:54,563 [grpc-default-executor-6] INFO  replication.GrpcReplicationService (GrpcReplicationService.java:download(52)) - Streaming container data (3) to other datanode
2021-01-02 03:04:54,574 [grpc-default-executor-6] INFO  replication.GrpcOutputStream (GrpcOutputStream.java:close(104)) - Sent 9437 bytes for container 3
2021-01-02 03:04:54,576 [grpc-default-executor-6] INFO  replication.GrpcReplicationClient (GrpcReplicationClient.java:onCompleted(177)) - Container 3 is downloaded to /github/workspace/mnt/ozone/hadoop-ozone/integration-test/target/test-dir/MiniOzoneClusterImpl-0875b59f-827e-470c-b6ab-7d6320bd5827/datanode-5/data/replication/work/container-3.tar.gz
2021-01-02 03:04:54,579 [ContainerReplicationThread-1] INFO  replication.DownloadAndImportReplicator (DownloadAndImportReplicator.java:replicate(117)) - Container 3 is downloaded, starting to import.
2021-01-02 03:04:54,580 [ReplicationMonitor] INFO  container.ReplicationManager (ReplicationManager.java:run(250)) - Replication Monitor Thread took 0 milliseconds for processing 4 containers.
2021-01-02 03:04:54,596 [ContainerReplicationThread-1] INFO  replication.DownloadAndImportReplicator (DownloadAndImportReplicator.java:replicate(120)) - Container 3 is replicated successfully
2021-01-02 03:04:54,597 [ContainerReplicationThread-1] INFO  replication.ReplicationSupervisor (ReplicationSupervisor.java:run(146)) - Container 3 is replicated.
2021-01-02 03:04:54,614 [grpc-default-executor-0] INFO  replication.GrpcOutputStream (GrpcOutputStream.java:close(104)) - Sent 17235 bytes for container 1
2021-01-02 03:04:54,615 [grpc-default-executor-6] INFO  replication.GrpcReplicationClient (GrpcReplicationClient.java:onCompleted(177)) - Container 1 is downloaded to /github/workspace/mnt/ozone/hadoop-ozone/integration-test/target/test-dir/MiniOzoneClusterImpl-0875b59f-827e-470c-b6ab-7d6320bd5827/datanode-5/data/replication/work/container-1.tar.gz
2021-01-02 03:04:54,617 [ContainerReplicationThread-0] INFO  replication.DownloadAndImportReplicator (DownloadAndImportReplicator.java:replicate(117)) - Container 1 is downloaded, starting to import.
2021-01-02 03:04:54,636 [ContainerReplicationThread-0] INFO  replication.DownloadAndImportReplicator (DownloadAndImportReplicator.java:replicate(120)) - Container 1 is replicated successfully
2021-01-02 03:04:54,637 [ContainerReplicationThread-0] INFO  replication.ReplicationSupervisor (ReplicationSupervisor.java:run(146)) - Container 1 is replicated.
2021-01-02 03:04:54,692 [DatanodeAdminManager-0] INFO  node.DatanodeAdminMonitorImpl (DatanodeAdminMonitorImpl.java:checkContainersReplicatedOnNode(297)) - ace74568-a36a-4c06-abbe-7d05c77e5c4e{ip: 172.17.0.2, host: e25e13fd87ad, networkLocation: /default-rack, certSerialId: null, persistedOpState: ENTERING_MAINTENANCE, persistedOpStateExpiryEpochSec: 0} has 0 sufficientlyReplicated, 2 underReplicated and 0 unhealthy containers
2021-01-02 03:04:54,692 [DatanodeAdminManager-0] INFO  node.DatanodeAdminMonitorImpl (DatanodeAdminMonitorImpl.java:checkContainersReplicatedOnNode(297)) - 1b98ba84-f03a-4745-ae67-661c5f740165{ip: 172.17.0.2, host: e25e13fd87ad, networkLocation: /default-rack, certSerialId: null, persistedOpState: ENTERING_MAINTENANCE, persistedOpStateExpiryEpochSec: 0} has 0 sufficientlyReplicated, 2 underReplicated and 0 unhealthy containers
2021-01-02 03:04:54,692 [DatanodeAdminManager-0] INFO  node.DatanodeAdminMonitorImpl (DatanodeAdminMonitorImpl.java:checkContainersReplicatedOnNode(297)) - 3e6f9aad-df43-4486-a42c-6a362a65d862{ip: 172.17.0.2, host: e25e13fd87ad, networkLocation: /default-rack, certSerialId: null, persistedOpState: ENTERING_MAINTENANCE, persistedOpStateExpiryEpochSec: 0} has 0 sufficientlyReplicated, 2 underReplicated and 0 unhealthy containers
2021-01-02 03:04:54,693 [DatanodeAdminManager-0] INFO  node.DatanodeAdminMonitorImpl (DatanodeAdminMonitorImpl.java:run(136)) - There are 3 nodes tracked for decommission and maintenance. 0 pending nodes.
2021-01-02 03:04:55,585 [ReplicationMonitor] INFO  container.ReplicationManager (ReplicationManager.java:handleUnderReplicatedContainer(722)) - Container #1 is under replicated. Expected replica count is 3, but found 2.
2021-01-02 03:04:55,585 [ReplicationMonitor] INFO  container.ReplicationManager (ReplicationManager.java:sendReplicateCommand(970)) - Sending replicate container command for container #1 to datanode fdab6853-39d3-40b9-bd2b-4dc5726d5388{ip: 172.17.0.2, host: e25e13fd87ad, networkLocation: /default-rack, certSerialId: null, persistedOpState: IN_SERVICE, persistedOpStateExpiryEpochSec: 0}
2021-01-02 03:04:55,585 [ReplicationMonitor] INFO  container.ReplicationManager (ReplicationManager.java:run(250)) - Replication Monitor Thread took 6 milliseconds for processing 4 containers.
2021-01-02 03:04:55,692 [DatanodeAdminManager-0] INFO  node.DatanodeAdminMonitorImpl (DatanodeAdminMonitorImpl.java:checkContainersReplicatedOnNode(297)) - ace74568-a36a-4c06-abbe-7d05c77e5c4e{ip: 172.17.0.2, host: e25e13fd87ad, networkLocation: /default-rack, certSerialId: null, persistedOpState: ENTERING_MAINTENANCE, persistedOpStateExpiryEpochSec: 0} has 0 sufficientlyReplicated, 2 underReplicated and 0 unhealthy containers
2021-01-02 03:04:55,692 [DatanodeAdminManager-0] INFO  node.DatanodeAdminMonitorImpl (DatanodeAdminMonitorImpl.java:checkContainersReplicatedOnNode(297)) - 1b98ba84-f03a-4745-ae67-661c5f740165{ip: 172.17.0.2, host: e25e13fd87ad, networkLocation: /default-rack, certSerialId: null, persistedOpState: ENTERING_MAINTENANCE, persistedOpStateExpiryEpochSec: 0} has 0 sufficientlyReplicated, 2 underReplicated and 0 unhealthy containers
2021-01-02 03:04:55,692 [DatanodeAdminManager-0] INFO  node.DatanodeAdminMonitorImpl (DatanodeAdminMonitorImpl.java:checkContainersReplicatedOnNode(297)) - 3e6f9aad-df43-4486-a42c-6a362a65d862{ip: 172.17.0.2, host: e25e13fd87ad, networkLocation: /default-rack, certSerialId: null, persistedOpState: ENTERING_MAINTENANCE, persistedOpStateExpiryEpochSec: 0} has 0 sufficientlyReplicated, 2 underReplicated and 0 unhealthy containers
2021-01-02 03:04:55,693 [DatanodeAdminManager-0] INFO  node.DatanodeAdminMonitorImpl (DatanodeAdminMonitorImpl.java:run(136)) - There are 3 nodes tracked for decommission and maintenance. 0 pending nodes.
2021-01-02 03:04:56,586 [ReplicationMonitor] INFO  container.ReplicationManager (ReplicationManager.java:run(250)) - Replication Monitor Thread took 0 milliseconds for processing 4 containers.
2021-01-02 03:04:56,609 [ContainerReplicationThread-1] INFO  replication.DownloadAndImportReplicator (DownloadAndImportReplicator.java:replicate(106)) - Starting replication of container 1 from [ace74568-a36a-4c06-abbe-7d05c77e5c4e{ip: 172.17.0.2, host: e25e13fd87ad, networkLocation: /default-rack, certSerialId: null, persistedOpState: ENTERING_MAINTENANCE, persistedOpStateExpiryEpochSec: 0}, 68eed081-0a4c-49f2-9281-4facb9240b7e{ip: 172.17.0.2, host: e25e13fd87ad, networkLocation: /default-rack, certSerialId: null, persistedOpState: IN_SERVICE, persistedOpStateExpiryEpochSec: 0}, 1b98ba84-f03a-4745-ae67-661c5f740165{ip: 172.17.0.2, host: e25e13fd87ad, networkLocation: /default-rack, certSerialId: null, persistedOpState: ENTERING_MAINTENANCE, persistedOpStateExpiryEpochSec: 0}, 3e6f9aad-df43-4486-a42c-6a362a65d862{ip: 172.17.0.2, host: e25e13fd87ad, networkLocation: /default-rack, certSerialId: null, persistedOpState: ENTERING_MAINTENANCE, persistedOpStateExpiryEpochSec: 0}]
2021-01-02 03:04:56,615 [grpc-default-executor-0] INFO  replication.GrpcReplicationService (GrpcReplicationService.java:download(52)) - Streaming container data (1) to other datanode
2021-01-02 03:04:56,620 [grpc-default-executor-0] INFO  replication.GrpcOutputStream (GrpcOutputStream.java:close(104)) - Sent 9405 bytes for container 1
2021-01-02 03:04:56,621 [grpc-default-executor-6] INFO  replication.GrpcReplicationClient (GrpcReplicationClient.java:onCompleted(177)) - Container 1 is downloaded to /github/workspace/mnt/ozone/hadoop-ozone/integration-test/target/test-dir/MiniOzoneClusterImpl-0875b59f-827e-470c-b6ab-7d6320bd5827/datanode-3/data/replication/work/container-1.tar.gz
2021-01-02 03:04:56,622 [ContainerReplicationThread-1] INFO  replication.DownloadAndImportReplicator (DownloadAndImportReplicator.java:replicate(117)) - Container 1 is downloaded, starting to import.
2021-01-02 03:04:56,633 [ContainerReplicationThread-1] INFO  replication.DownloadAndImportReplicator (DownloadAndImportReplicator.java:replicate(120)) - Container 1 is replicated successfully
2021-01-02 03:04:56,634 [ContainerReplicationThread-1] INFO  replication.ReplicationSupervisor (ReplicationSupervisor.java:run(146)) - Container 1 is replicated.
2021-01-02 03:04:56,692 [DatanodeAdminManager-0] INFO  node.DatanodeAdminMonitorImpl (DatanodeAdminMonitorImpl.java:checkContainersReplicatedOnNode(297)) - ace74568-a36a-4c06-abbe-7d05c77e5c4e{ip: 172.17.0.2, host: e25e13fd87ad, networkLocation: /default-rack, certSerialId: null, persistedOpState: ENTERING_MAINTENANCE, persistedOpStateExpiryEpochSec: 0} has 2 sufficientlyReplicated, 0 underReplicated and 0 unhealthy containers
2021-01-02 03:04:56,692 [DatanodeAdminManager-0] INFO  node.DatanodeAdminMonitorImpl (DatanodeAdminMonitorImpl.java:putIntoMaintenance(313)) - Datanode ace74568-a36a-4c06-abbe-7d05c77e5c4e{ip: 172.17.0.2, host: e25e13fd87ad, networkLocation: /default-rack, certSerialId: null, persistedOpState: ENTERING_MAINTENANCE, persistedOpStateExpiryEpochSec: 0} has entered maintenance
2021-01-02 03:04:56,693 [DatanodeAdminManager-0] INFO  node.DatanodeAdminMonitorImpl (DatanodeAdminMonitorImpl.java:checkContainersReplicatedOnNode(297)) - 1b98ba84-f03a-4745-ae67-661c5f740165{ip: 172.17.0.2, host: e25e13fd87ad, networkLocation: /default-rack, certSerialId: null, persistedOpState: ENTERING_MAINTENANCE, persistedOpStateExpiryEpochSec: 0} has 2 sufficientlyReplicated, 0 underReplicated and 0 unhealthy containers
2021-01-02 03:04:56,693 [DatanodeAdminManager-0] INFO  node.DatanodeAdminMonitorImpl (DatanodeAdminMonitorImpl.java:putIntoMaintenance(313)) - Datanode 1b98ba84-f03a-4745-ae67-661c5f740165{ip: 172.17.0.2, host: e25e13fd87ad, networkLocation: /default-rack, certSerialId: null, persistedOpState: ENTERING_MAINTENANCE, persistedOpStateExpiryEpochSec: 0} has entered maintenance
2021-01-02 03:04:56,693 [DatanodeAdminManager-0] INFO  node.DatanodeAdminMonitorImpl (DatanodeAdminMonitorImpl.java:checkContainersReplicatedOnNode(297)) - 3e6f9aad-df43-4486-a42c-6a362a65d862{ip: 172.17.0.2, host: e25e13fd87ad, networkLocation: /default-rack, certSerialId: null, persistedOpState: ENTERING_MAINTENANCE, persistedOpStateExpiryEpochSec: 0} has 2 sufficientlyReplicated, 0 underReplicated and 0 unhealthy containers
2021-01-02 03:04:56,693 [DatanodeAdminManager-0] INFO  node.DatanodeAdminMonitorImpl (DatanodeAdminMonitorImpl.java:putIntoMaintenance(313)) - Datanode 3e6f9aad-df43-4486-a42c-6a362a65d862{ip: 172.17.0.2, host: e25e13fd87ad, networkLocation: /default-rack, certSerialId: null, persistedOpState: ENTERING_MAINTENANCE, persistedOpStateExpiryEpochSec: 0} has entered maintenance
2021-01-02 03:04:56,693 [DatanodeAdminManager-0] INFO  node.DatanodeAdminMonitorImpl (DatanodeAdminMonitorImpl.java:run(136)) - There are 3 nodes tracked for decommission and maintenance. 0 pending nodes.
2021-01-02 03:04:56,832 [Listener at 0.0.0.0/33083] INFO  ozone.MiniOzoneClusterImpl (MiniOzoneClusterImpl.java:shutdown(388)) - Shutting down the Mini Ozone Cluster
2021-01-02 03:04:56,832 [Listener at 0.0.0.0/33083] INFO  ozone.MiniOzoneClusterImpl (MiniOzoneClusterImpl.java:stop(403)) - Stopping the Mini Ozone Cluster
2021-01-02 03:04:56,832 [Listener at 0.0.0.0/33083] INFO  ozone.MiniOzoneClusterImpl (MiniOzoneClusterImpl.java:stopOM(485)) - Stopping the OzoneManager
2021-01-02 03:04:56,832 [Listener at 0.0.0.0/33083] INFO  ipc.Server (Server.java:stop(3359)) - Stopping server on 38109
2021-01-02 03:04:56,838 [IPC Server listener on 0] INFO  ipc.Server (Server.java:run(1330)) - Stopping IPC Server listener on 0
2021-01-02 03:04:56,838 [Listener at 0.0.0.0/33083] INFO  ratis.OzoneManagerDoubleBuffer (OzoneManagerDoubleBuffer.java:stop(425)) - Stopping OMDoubleBuffer flush thread
2021-01-02 03:04:56,838 [IPC Server Responder] INFO  ipc.Server (Server.java:run(1465)) - Stopping IPC Server Responder
2021-01-02 03:04:56,839 [OMDoubleBufferFlushThread] INFO  ratis.OzoneManagerDoubleBuffer (OzoneManagerDoubleBuffer.java:flushTransactions(352)) - OMDoubleBuffer flush thread OMDoubleBufferFlushThread is interrupted and will exit. OMDoubleBufferFlushThread
2021-01-02 03:04:56,839 [Listener at 0.0.0.0/33083] INFO  utils.BackgroundService (BackgroundService.java:shutdown(132)) - Shutting down service KeyDeletingService
2021-01-02 03:04:56,840 [Listener at 0.0.0.0/33083] INFO  handler.ContextHandler (ContextHandler.java:doStop(1154)) - Stopped o.e.j.w.WebAppContext@69f4fa56{ozoneManager,/,null,STOPPED}{file:/github/workspace/mnt/ozone/hadoop-ozone/integration-test/target/test-classes/webapps/ozoneManager}
2021-01-02 03:04:56,840 [Listener at 0.0.0.0/33083] INFO  server.AbstractConnector (AbstractConnector.java:doStop(381)) - Stopped ServerConnector@6d0c2990{HTTP/1.1, (http/1.1)}{0.0.0.0:0}
2021-01-02 03:04:56,840 [Listener at 0.0.0.0/33083] INFO  server.session (HouseKeeper.java:stopScavenging(149)) - node0 Stopped scavenging
2021-01-02 03:04:56,841 [Listener at 0.0.0.0/33083] INFO  handler.ContextHandler (ContextHandler.java:doStop(1154)) - Stopped o.e.j.s.ServletContextHandler@5464a18{static,/static,file:///github/workspace/mnt/ozone/hadoop-ozone/integration-test/target/test-classes/webapps/static,STOPPED}
2021-01-02 03:04:56,841 [Listener at 0.0.0.0/33083] INFO  handler.ContextHandler (ContextHandler.java:doStop(1154)) - Stopped o.e.j.s.ServletContextHandler@5bcaebdb{logs,/logs,file:///github/workspace/mnt/ozone/hadoop-ozone/integration-test/target/log,STOPPED}
2021-01-02 03:04:56,843 [Listener at 0.0.0.0/33083] INFO  ozone.MiniOzoneClusterImpl (MiniOzoneClusterImpl.java:stopDatanodes(462)) - Stopping the HddsDatanodes
2021-01-02 03:04:57,283 [Datanode State Machine Thread - 0] INFO  statemachine.DatanodeStateMachine (DatanodeStateMachine.java:lambda$startDaemon$0(408)) - Ozone container server started.
2021-01-02 03:04:57,284 [ForkJoinPool.commonPool-worker-1] INFO  ozoneimpl.OzoneContainer (OzoneContainer.java:stop(257)) - Attempting to stop container services.
2021-01-02 03:04:57,284 [ForkJoinPool.commonPool-worker-1] INFO  server.RaftServer (RaftServerProxy.java:lambda$close$6(387)) - 3e6f9aad-df43-4486-a42c-6a362a65d862: close
2021-01-02 03:04:57,284 [ForkJoinPool.commonPool-worker-1] INFO  server.GrpcService (GrpcService.java:closeImpl(184)) - 3e6f9aad-df43-4486-a42c-6a362a65d862: shutdown server with port 35573 now
2021-01-02 03:04:57,286 [ForkJoinPool.commonPool-worker-1] INFO  server.GrpcService (GrpcService.java:closeImpl(193)) - 3e6f9aad-df43-4486-a42c-6a362a65d862: shutdown server with port 35573 successfully
2021-01-02 03:04:57,286 [org.apache.ratis.util.JvmPauseMonitor$$Lambda$222/769282000@7031b7d6] INFO  util.JvmPauseMonitor (JvmPauseMonitor.java:run(109)) - JvmPauseMonitor-3e6f9aad-df43-4486-a42c-6a362a65d862: Stopped
2021-01-02 03:04:57,288 [ForkJoinPool.commonPool-worker-1] INFO  utils.BackgroundService (BackgroundService.java:shutdown(132)) - Shutting down service BlockDeletingService
2021-01-02 03:04:57,291 [ForkJoinPool.commonPool-worker-1] INFO  statemachine.DatanodeStateMachine (DatanodeStateMachine.java:stopDaemon(461)) - Ozone container server stopped.
2021-01-02 03:04:57,302 [ForkJoinPool.commonPool-worker-1] INFO  handler.ContextHandler (ContextHandler.java:doStop(1154)) - Stopped o.e.j.w.WebAppContext@4db4ec6a{hddsDatanode,/,null,STOPPED}{jar:file:/home/user/.m2/repository/org/apache/hadoop/hadoop-hdds-container-service/1.1.0-SNAPSHOT/hadoop-hdds-container-service-1.1.0-SNAPSHOT.jar!/webapps/hddsDatanode}
2021-01-02 03:04:57,303 [ForkJoinPool.commonPool-worker-1] INFO  server.AbstractConnector (AbstractConnector.java:doStop(381)) - Stopped ServerConnector@5620fac7{HTTP/1.1, (http/1.1)}{0.0.0.0:0}
2021-01-02 03:04:57,303 [ForkJoinPool.commonPool-worker-1] INFO  server.session (HouseKeeper.java:stopScavenging(149)) - node0 Stopped scavenging
2021-01-02 03:04:57,304 [ForkJoinPool.commonPool-worker-1] INFO  handler.ContextHandler (ContextHandler.java:doStop(1154)) - Stopped o.e.j.s.ServletContextHandler@fbd0581{static,/static,jar:file:/home/user/.m2/repository/org/apache/hadoop/hadoop-hdds-container-service/1.1.0-SNAPSHOT/hadoop-hdds-container-service-1.1.0-SNAPSHOT.jar!/webapps/static,STOPPED}
2021-01-02 03:04:57,304 [ForkJoinPool.commonPool-worker-1] INFO  handler.ContextHandler (ContextHandler.java:doStop(1154)) - Stopped o.e.j.s.ServletContextHandler@9c44b{logs,/logs,file:///github/workspace/mnt/ozone/hadoop-ozone/integration-test/target/log,STOPPED}
2021-01-02 03:04:57,443 [Datanode State Machine Thread - 0] INFO  statemachine.DatanodeStateMachine (DatanodeStateMachine.java:lambda$startDaemon$0(408)) - Ozone container server started.
2021-01-02 03:04:57,454 [IPC Server handler 15 on default port 43483] INFO  node.SCMNodeManager (SCMNodeManager.java:updateDatanodeOpState(419)) - Scheduling a command to update the operationalState persisted on the datanode as the reported value (ENTERING_MAINTENANCE, 0) does not match the value stored in SCM (IN_MAINTENANCE, 0)
2021-01-02 03:04:57,586 [ReplicationMonitor] INFO  container.ReplicationManager (ReplicationManager.java:run(250)) - Replication Monitor Thread took 0 milliseconds for processing 4 containers.
2021-01-02 03:04:57,633 [Datanode State Machine Thread - 0] INFO  statemachine.DatanodeStateMachine (DatanodeStateMachine.java:lambda$startDaemon$0(408)) - Ozone container server started.
2021-01-02 03:04:57,692 [DatanodeAdminManager-0] INFO  node.DatanodeAdminMonitorImpl (DatanodeAdminMonitorImpl.java:run(136)) - There are 3 nodes tracked for decommission and maintenance. 0 pending nodes.
2021-01-02 03:04:58,325 [ForkJoinPool.commonPool-worker-1] INFO  ozoneimpl.OzoneContainer (OzoneContainer.java:stop(257)) - Attempting to stop container services.
2021-01-02 03:04:58,325 [ForkJoinPool.commonPool-worker-1] INFO  server.RaftServer (RaftServerProxy.java:lambda$close$6(387)) - 1b98ba84-f03a-4745-ae67-661c5f740165: close
2021-01-02 03:04:58,325 [ForkJoinPool.commonPool-worker-1] INFO  server.GrpcService (GrpcService.java:closeImpl(184)) - 1b98ba84-f03a-4745-ae67-661c5f740165: shutdown server with port 36113 now
2021-01-02 03:04:58,327 [ForkJoinPool.commonPool-worker-1] INFO  server.GrpcService (GrpcService.java:closeImpl(193)) - 1b98ba84-f03a-4745-ae67-661c5f740165: shutdown server with port 36113 successfully
2021-01-02 03:04:58,327 [org.apache.ratis.util.JvmPauseMonitor$$Lambda$222/769282000@42295e4c] INFO  util.JvmPauseMonitor (JvmPauseMonitor.java:run(109)) - JvmPauseMonitor-1b98ba84-f03a-4745-ae67-661c5f740165: Stopped
2021-01-02 03:04:58,332 [ForkJoinPool.commonPool-worker-1] INFO  utils.BackgroundService (BackgroundService.java:shutdown(132)) - Shutting down service BlockDeletingService
2021-01-02 03:04:58,339 [ForkJoinPool.commonPool-worker-1] INFO  statemachine.DatanodeStateMachine (DatanodeStateMachine.java:stopDaemon(461)) - Ozone container server stopped.
2021-01-02 03:04:58,351 [ForkJoinPool.commonPool-worker-1] INFO  handler.ContextHandler (ContextHandler.java:doStop(1154)) - Stopped o.e.j.w.WebAppContext@43b98754{hddsDatanode,/,null,STOPPED}{jar:file:/home/user/.m2/repository/org/apache/hadoop/hadoop-hdds-container-service/1.1.0-SNAPSHOT/hadoop-hdds-container-service-1.1.0-SNAPSHOT.jar!/webapps/hddsDatanode}
2021-01-02 03:04:58,351 [ForkJoinPool.commonPool-worker-1] INFO  server.AbstractConnector (AbstractConnector.java:doStop(381)) - Stopped ServerConnector@62edd125{HTTP/1.1, (http/1.1)}{0.0.0.0:0}
2021-01-02 03:04:58,352 [ForkJoinPool.commonPool-worker-1] INFO  server.session (HouseKeeper.java:stopScavenging(149)) - node0 Stopped scavenging
2021-01-02 03:04:58,356 [ForkJoinPool.commonPool-worker-1] INFO  handler.ContextHandler (ContextHandler.java:doStop(1154)) - Stopped o.e.j.s.ServletContextHandler@6afa82fe{static,/static,jar:file:/home/user/.m2/repository/org/apache/hadoop/hadoop-hdds-container-service/1.1.0-SNAPSHOT/hadoop-hdds-container-service-1.1.0-SNAPSHOT.jar!/webapps/static,STOPPED}
2021-01-02 03:04:58,357 [ForkJoinPool.commonPool-worker-1] INFO  handler.ContextHandler (ContextHandler.java:doStop(1154)) - Stopped o.e.j.s.ServletContextHandler@39e79429{logs,/logs,file:///github/workspace/mnt/ozone/hadoop-ozone/integration-test/target/log,STOPPED}
2021-01-02 03:04:58,453 [Datanode State Machine Thread - 0] INFO  statemachine.DatanodeStateMachine (DatanodeStateMachine.java:lambda$startDaemon$0(408)) - Ozone container server started.
2021-01-02 03:04:58,587 [ReplicationMonitor] INFO  container.ReplicationManager (ReplicationManager.java:run(250)) - Replication Monitor Thread took 0 milliseconds for processing 4 containers.
2021-01-02 03:04:58,610 [Listener at 0.0.0.0/33083] INFO  ozoneimpl.OzoneContainer (OzoneContainer.java:stop(257)) - Attempting to stop container services.
2021-01-02 03:04:58,611 [Listener at 0.0.0.0/33083] INFO  server.RaftServer (RaftServerProxy.java:lambda$close$6(387)) - fdab6853-39d3-40b9-bd2b-4dc5726d5388: close
2021-01-02 03:04:58,611 [Listener at 0.0.0.0/33083] INFO  server.RaftServer$Division (RaftServerImpl.java:lambda$close$4(397)) - fdab6853-39d3-40b9-bd2b-4dc5726d5388@group-387A039530FE: shutdown
2021-01-02 03:04:58,611 [Listener at 0.0.0.0/33083] INFO  util.JmxRegister (JmxRegister.java:unregister(73)) - Successfully un-registered JMX Bean with object name Ratis:service=RaftServer,group=group-387A039530FE,id=fdab6853-39d3-40b9-bd2b-4dc5726d5388
2021-01-02 03:04:58,612 [Listener at 0.0.0.0/33083] INFO  impl.RoleInfo (RoleInfo.java:shutdownLeaderState(91)) - fdab6853-39d3-40b9-bd2b-4dc5726d5388: shutdown fdab6853-39d3-40b9-bd2b-4dc5726d5388@group-387A039530FE-LeaderStateImpl
2021-01-02 03:04:58,612 [Listener at 0.0.0.0/33083] INFO  impl.PendingRequests (PendingRequests.java:sendNotLeaderResponses(249)) - fdab6853-39d3-40b9-bd2b-4dc5726d5388@group-387A039530FE-PendingRequests: sendNotLeaderResponses
2021-01-02 03:04:58,612 [Listener at 0.0.0.0/33083] INFO  metrics.RatisMetrics (RatisMetrics.java:unregister(43)) - Unregistering Metrics Registry : ratis.log_appender.fdab6853-39d3-40b9-bd2b-4dc5726d5388@group-387A039530FE
2021-01-02 03:04:58,612 [Listener at 0.0.0.0/33083] INFO  metrics.RatisMetrics (RatisMetrics.java:unregister(43)) - Unregistering Metrics Registry : ratis.server.fdab6853-39d3-40b9-bd2b-4dc5726d5388@group-387A039530FE
2021-01-02 03:04:58,614 [Listener at 0.0.0.0/33083] INFO  impl.StateMachineUpdater (StateMachineUpdater.java:stopAndJoin(148)) - fdab6853-39d3-40b9-bd2b-4dc5726d5388@group-387A039530FE-StateMachineUpdater: set stopIndex = 0
2021-01-02 03:04:58,614 [fdab6853-39d3-40b9-bd2b-4dc5726d5388@group-387A039530FE-StateMachineUpdater] INFO  ratis.ContainerStateMachine (ContainerStateMachine.java:takeSnapshot(291)) - group-387A039530FE: Taking a snapshot at:(t:1, i:0) file /github/workspace/mnt/ozone/hadoop-ozone/integration-test/target/test-dir/MiniOzoneClusterImpl-0875b59f-827e-470c-b6ab-7d6320bd5827/datanode-3/data/ratis/ab04beb3-6556-4d9b-a28b-387a039530fe/sm/snapshot.1_0
2021-01-02 03:04:58,616 [fdab6853-39d3-40b9-bd2b-4dc5726d5388@group-387A039530FE-StateMachineUpdater] INFO  ratis.ContainerStateMachine (ContainerStateMachine.java:takeSnapshot(302)) - group-387A039530FE: Finished taking a snapshot at:(t:1, i:0) file:/github/workspace/mnt/ozone/hadoop-ozone/integration-test/target/test-dir/MiniOzoneClusterImpl-0875b59f-827e-470c-b6ab-7d6320bd5827/datanode-3/data/ratis/ab04beb3-6556-4d9b-a28b-387a039530fe/sm/snapshot.1_0 time:1
2021-01-02 03:04:58,616 [fdab6853-39d3-40b9-bd2b-4dc5726d5388@group-387A039530FE-StateMachineUpdater] INFO  impl.StateMachineUpdater (StateMachineUpdater.java:takeSnapshot(279)) - fdab6853-39d3-40b9-bd2b-4dc5726d5388@group-387A039530FE-StateMachineUpdater: Took a snapshot at index 0
2021-01-02 03:04:58,616 [fdab6853-39d3-40b9-bd2b-4dc5726d5388@group-387A039530FE-StateMachineUpdater] INFO  impl.StateMachineUpdater (StateMachineUpdater.java:lambda$new$0(88)) - fdab6853-39d3-40b9-bd2b-4dc5726d5388@group-387A039530FE-StateMachineUpdater: snapshotIndex: updateIncreasingly -1 -> 0
2021-01-02 03:04:58,616 [fdab6853-39d3-40b9-bd2b-4dc5726d5388@group-387A039530FE-StateMachineUpdater] INFO  metrics.RatisMetrics (RatisMetrics.java:unregister(43)) - Unregistering Metrics Registry : ratis.state_machine.fdab6853-39d3-40b9-bd2b-4dc5726d5388@group-387A039530FE
2021-01-02 03:04:58,616 [Listener at 0.0.0.0/33083] INFO  server.RaftServer$Division (ServerState.java:close(406)) - fdab6853-39d3-40b9-bd2b-4dc5726d5388@group-387A039530FE: closes. applyIndex: 0
2021-01-02 03:04:58,616 [fdab6853-39d3-40b9-bd2b-4dc5726d5388@group-387A039530FE-SegmentedRaftLogWorker] INFO  segmented.SegmentedRaftLogWorker (SegmentedRaftLogWorker.java:run(326)) - fdab6853-39d3-40b9-bd2b-4dc5726d5388@group-387A039530FE-SegmentedRaftLogWorker was interrupted, exiting. There are 0 tasks remaining in the queue.
2021-01-02 03:04:58,617 [Listener at 0.0.0.0/33083] INFO  segmented.SegmentedRaftLogWorker (SegmentedRaftLogWorker.java:close(236)) - fdab6853-39d3-40b9-bd2b-4dc5726d5388@group-387A039530FE-SegmentedRaftLogWorker close()
2021-01-02 03:04:58,618 [Listener at 0.0.0.0/33083] INFO  metrics.RatisMetrics (RatisMetrics.java:unregister(43)) - Unregistering Metrics Registry : ratis.log_worker.fdab6853-39d3-40b9-bd2b-4dc5726d5388@group-387A039530FE
2021-01-02 03:04:58,618 [Listener at 0.0.0.0/33083] INFO  metrics.RatisMetrics (RatisMetrics.java:unregister(43)) - Unregistering Metrics Registry : ratis.leader_election.fdab6853-39d3-40b9-bd2b-4dc5726d5388@group-387A039530FE
2021-01-02 03:04:58,618 [Listener at 0.0.0.0/33083] INFO  metrics.RatisMetrics (RatisMetrics.java:unregister(43)) - Unregistering Metrics Registry : ratis.server.fdab6853-39d3-40b9-bd2b-4dc5726d5388@group-387A039530FE
2021-01-02 03:04:58,618 [Listener at 0.0.0.0/33083] INFO  server.RaftServer$Division (RaftServerImpl.java:lambda$close$4(397)) - fdab6853-39d3-40b9-bd2b-4dc5726d5388@group-3D3725907A1E: shutdown
2021-01-02 03:04:58,618 [Listener at 0.0.0.0/33083] INFO  util.JmxRegister (JmxRegister.java:unregister(73)) - Successfully un-registered JMX Bean with object name Ratis:service=RaftServer,group=group-3D3725907A1E,id=fdab6853-39d3-40b9-bd2b-4dc5726d5388
2021-01-02 03:04:58,619 [Listener at 0.0.0.0/33083] INFO  impl.RoleInfo (RoleInfo.java:shutdownLeaderState(91)) - fdab6853-39d3-40b9-bd2b-4dc5726d5388: shutdown fdab6853-39d3-40b9-bd2b-4dc5726d5388@group-3D3725907A1E-LeaderStateImpl
2021-01-02 03:04:58,619 [Listener at 0.0.0.0/33083] INFO  metrics.RatisMetrics (RatisMetrics.java:unregister(43)) - Unregistering Metrics Registry : ratis_grpc.log_appender.fdab6853-39d3-40b9-bd2b-4dc5726d5388@group-3D3725907A1E
2021-01-02 03:04:58,619 [Listener at 0.0.0.0/33083] INFO  metrics.RatisMetrics (RatisMetrics.java:unregister(43)) - Unregistering Metrics Registry : ratis_grpc.log_appender.fdab6853-39d3-40b9-bd2b-4dc5726d5388@group-3D3725907A1E
2021-01-02 03:04:58,619 [fdab6853-39d3-40b9-bd2b-4dc5726d5388@group-3D3725907A1E->68eed081-0a4c-49f2-9281-4facb9240b7e-GrpcLogAppender-LogAppenderDaemon] WARN  server.GrpcLogAppender (GrpcLogAppender.java:mayWait(174)) - fdab6853-39d3-40b9-bd2b-4dc5726d5388@group-3D3725907A1E->68eed081-0a4c-49f2-9281-4facb9240b7e-GrpcLogAppender: Wait interrupted by java.lang.InterruptedException
2021-01-02 03:04:58,619 [Listener at 0.0.0.0/33083] INFO  impl.PendingRequests (PendingRequests.java:sendNotLeaderResponses(249)) - fdab6853-39d3-40b9-bd2b-4dc5726d5388@group-3D3725907A1E-PendingRequests: sendNotLeaderResponses
2021-01-02 03:04:58,619 [fdab6853-39d3-40b9-bd2b-4dc5726d5388@group-3D3725907A1E->5beebed6-0501-4525-80c5-dff095c8ab2d-GrpcLogAppender-LogAppenderDaemon] WARN  server.GrpcLogAppender (GrpcLogAppender.java:mayWait(174)) - fdab6853-39d3-40b9-bd2b-4dc5726d5388@group-3D3725907A1E->5beebed6-0501-4525-80c5-dff095c8ab2d-GrpcLogAppender: Wait interrupted by java.lang.InterruptedException
2021-01-02 03:04:58,619 [grpc-default-executor-6] INFO  server.GrpcServerProtocolService (GrpcServerProtocolService.java:onCompleted(138)) - 68eed081-0a4c-49f2-9281-4facb9240b7e: Completed APPEND_ENTRIES, lastRequest: fdab6853-39d3-40b9-bd2b-4dc5726d5388->68eed081-0a4c-49f2-9281-4facb9240b7e#360-t1,previous=(t:1, i:30),leaderCommit=29,initializing? true,entries: size=1, first=(t:1, i:31), METADATAENTRY(c:29)
2021-01-02 03:04:58,622 [grpc-default-executor-0] INFO  server.GrpcServerProtocolService (GrpcServerProtocolService.java:onCompleted(138)) - 5beebed6-0501-4525-80c5-dff095c8ab2d: Completed APPEND_ENTRIES, lastRequest: fdab6853-39d3-40b9-bd2b-4dc5726d5388->5beebed6-0501-4525-80c5-dff095c8ab2d#366-t1,previous=(t:1, i:30),leaderCommit=29,initializing? true,entries: size=1, first=(t:1, i:31), METADATAENTRY(c:29)
2021-01-02 03:04:58,625 [grpc-default-executor-2] INFO  server.GrpcLogAppender (GrpcLogAppender.java:onCompleted(343)) - fdab6853-39d3-40b9-bd2b-4dc5726d5388@group-3D3725907A1E->68eed081-0a4c-49f2-9281-4facb9240b7e-AppendLogResponseHandler: follower responses appendEntries COMPLETED
2021-01-02 03:04:58,625 [grpc-default-executor-2] INFO  leader.FollowerInfo (FollowerInfoImpl.java:lambda$new$0(46)) - fdab6853-39d3-40b9-bd2b-4dc5726d5388@group-3D3725907A1E->68eed081-0a4c-49f2-9281-4facb9240b7e: nextIndex: updateUnconditionally 32 -> 31
2021-01-02 03:04:58,626 [grpc-default-executor-2] INFO  server.GrpcLogAppender (GrpcLogAppender.java:onCompleted(343)) - fdab6853-39d3-40b9-bd2b-4dc5726d5388@group-3D3725907A1E->5beebed6-0501-4525-80c5-dff095c8ab2d-AppendLogResponseHandler: follower responses appendEntries COMPLETED
2021-01-02 03:04:58,626 [grpc-default-executor-2] INFO  leader.FollowerInfo (FollowerInfoImpl.java:lambda$new$0(46)) - fdab6853-39d3-40b9-bd2b-4dc5726d5388@group-3D3725907A1E->5beebed6-0501-4525-80c5-dff095c8ab2d: nextIndex: updateUnconditionally 32 -> 31
2021-01-02 03:04:58,629 [Listener at 0.0.0.0/33083] INFO  metrics.RatisMetrics (RatisMetrics.java:unregister(43)) - Unregistering Metrics Registry : ratis.log_appender.fdab6853-39d3-40b9-bd2b-4dc5726d5388@group-3D3725907A1E
2021-01-02 03:04:58,629 [Listener at 0.0.0.0/33083] INFO  metrics.RatisMetrics (RatisMetrics.java:unregister(43)) - Unregistering Metrics Registry : ratis.server.fdab6853-39d3-40b9-bd2b-4dc5726d5388@group-3D3725907A1E
2021-01-02 03:04:58,631 [Listener at 0.0.0.0/33083] INFO  impl.StateMachineUpdater (StateMachineUpdater.java:stopAndJoin(148)) - fdab6853-39d3-40b9-bd2b-4dc5726d5388@group-3D3725907A1E-StateMachineUpdater: set stopIndex = 31
2021-01-02 03:04:58,632 [fdab6853-39d3-40b9-bd2b-4dc5726d5388@group-3D3725907A1E-StateMachineUpdater] INFO  ratis.ContainerStateMachine (ContainerStateMachine.java:takeSnapshot(291)) - group-3D3725907A1E: Taking a snapshot at:(t:1, i:31) file /github/workspace/mnt/ozone/hadoop-ozone/integration-test/target/test-dir/MiniOzoneClusterImpl-0875b59f-827e-470c-b6ab-7d6320bd5827/datanode-3/data/ratis/e6a6e07f-d683-49c9-9cec-3d3725907a1e/sm/snapshot.1_31
2021-01-02 03:04:58,633 [fdab6853-39d3-40b9-bd2b-4dc5726d5388@group-3D3725907A1E-StateMachineUpdater] INFO  ratis.ContainerStateMachine (ContainerStateMachine.java:takeSnapshot(302)) - group-3D3725907A1E: Finished taking a snapshot at:(t:1, i:31) file:/github/workspace/mnt/ozone/hadoop-ozone/integration-test/target/test-dir/MiniOzoneClusterImpl-0875b59f-827e-470c-b6ab-7d6320bd5827/datanode-3/data/ratis/e6a6e07f-d683-49c9-9cec-3d3725907a1e/sm/snapshot.1_31 time:2
2021-01-02 03:04:58,633 [fdab6853-39d3-40b9-bd2b-4dc5726d5388@group-3D3725907A1E-StateMachineUpdater] INFO  impl.StateMachineUpdater (StateMachineUpdater.java:takeSnapshot(279)) - fdab6853-39d3-40b9-bd2b-4dc5726d5388@group-3D3725907A1E-StateMachineUpdater: Took a snapshot at index 31
2021-01-02 03:04:58,634 [fdab6853-39d3-40b9-bd2b-4dc5726d5388@group-3D3725907A1E-StateMachineUpdater] INFO  impl.StateMachineUpdater (StateMachineUpdater.java:lambda$new$0(88)) - fdab6853-39d3-40b9-bd2b-4dc5726d5388@group-3D3725907A1E-StateMachineUpdater: snapshotIndex: updateIncreasingly -1 -> 31
2021-01-02 03:04:58,634 [fdab6853-39d3-40b9-bd2b-4dc5726d5388@group-3D3725907A1E-StateMachineUpdater] INFO  metrics.RatisMetrics (RatisMetrics.java:unregister(43)) - Unregistering Metrics Registry : ratis.state_machine.fdab6853-39d3-40b9-bd2b-4dc5726d5388@group-3D3725907A1E
2021-01-02 03:04:58,634 [Listener at 0.0.0.0/33083] INFO  server.RaftServer$Division (ServerState.java:close(406)) - fdab6853-39d3-40b9-bd2b-4dc5726d5388@group-3D3725907A1E: closes. applyIndex: 31
2021-01-02 03:04:58,634 [fdab6853-39d3-40b9-bd2b-4dc5726d5388@group-3D3725907A1E-SegmentedRaftLogWorker] INFO  segmented.SegmentedRaftLogWorker (SegmentedRaftLogWorker.java:run(326)) - fdab6853-39d3-40b9-bd2b-4dc5726d5388@group-3D3725907A1E-SegmentedRaftLogWorker was interrupted, exiting. There are 0 tasks remaining in the queue.
2021-01-02 03:04:58,634 [Listener at 0.0.0.0/33083] INFO  segmented.SegmentedRaftLogWorker (SegmentedRaftLogWorker.java:close(236)) - fdab6853-39d3-40b9-bd2b-4dc5726d5388@group-3D3725907A1E-SegmentedRaftLogWorker close()
2021-01-02 03:04:58,635 [Listener at 0.0.0.0/33083] INFO  metrics.RatisMetrics (RatisMetrics.java:unregister(43)) - Unregistering Metrics Registry : ratis.log_worker.fdab6853-39d3-40b9-bd2b-4dc5726d5388@group-3D3725907A1E
2021-01-02 03:04:58,635 [Listener at 0.0.0.0/33083] INFO  metrics.RatisMetrics (RatisMetrics.java:unregister(43)) - Unregistering Metrics Registry : ratis.leader_election.fdab6853-39d3-40b9-bd2b-4dc5726d5388@group-3D3725907A1E
2021-01-02 03:04:58,636 [Listener at 0.0.0.0/33083] INFO  metrics.RatisMetrics (RatisMetrics.java:unregister(43)) - Unregistering Metrics Registry : ratis.server.fdab6853-39d3-40b9-bd2b-4dc5726d5388@group-3D3725907A1E
2021-01-02 03:04:58,636 [Listener at 0.0.0.0/33083] INFO  server.GrpcService (GrpcService.java:closeImpl(184)) - fdab6853-39d3-40b9-bd2b-4dc5726d5388: shutdown server with port 36251 now
2021-01-02 03:04:58,648 [grpc-default-executor-6] WARN  client.GrpcClientProtocolService (LogUtils.java:warn(122)) - 1-UnorderedRequestStreamObserver1: onError: org.apache.ratis.thirdparty.io.grpc.StatusRuntimeException: CANCELLED: cancelled before receiving half close
2021-01-02 03:04:58,650 [Listener at 0.0.0.0/33083] INFO  server.GrpcService (GrpcService.java:closeImpl(193)) - fdab6853-39d3-40b9-bd2b-4dc5726d5388: shutdown server with port 36251 successfully
2021-01-02 03:04:58,650 [org.apache.ratis.util.JvmPauseMonitor$$Lambda$222/769282000@442ce0ce] INFO  util.JvmPauseMonitor (JvmPauseMonitor.java:run(109)) - JvmPauseMonitor-fdab6853-39d3-40b9-bd2b-4dc5726d5388: Stopped
2021-01-02 03:04:58,651 [Listener at 0.0.0.0/33083] INFO  utils.BackgroundService (BackgroundService.java:shutdown(132)) - Shutting down service BlockDeletingService
2021-01-02 03:04:58,653 [Listener at 0.0.0.0/33083] INFO  statemachine.DatanodeStateMachine (DatanodeStateMachine.java:stopDaemon(461)) - Ozone container server stopped.
2021-01-02 03:04:58,664 [Listener at 0.0.0.0/33083] INFO  handler.ContextHandler (ContextHandler.java:doStop(1154)) - Stopped o.e.j.w.WebAppContext@486ec456{hddsDatanode,/,null,STOPPED}{jar:file:/home/user/.m2/repository/org/apache/hadoop/hadoop-hdds-container-service/1.1.0-SNAPSHOT/hadoop-hdds-container-service-1.1.0-SNAPSHOT.jar!/webapps/hddsDatanode}
2021-01-02 03:04:58,664 [Listener at 0.0.0.0/33083] INFO  server.AbstractConnector (AbstractConnector.java:doStop(381)) - Stopped ServerConnector@6d86abe3{HTTP/1.1, (http/1.1)}{0.0.0.0:0}
2021-01-02 03:04:58,665 [Listener at 0.0.0.0/33083] INFO  server.session (HouseKeeper.java:stopScavenging(149)) - node0 Stopped scavenging
2021-01-02 03:04:58,665 [Listener at 0.0.0.0/33083] INFO  handler.ContextHandler (ContextHandler.java:doStop(1154)) - Stopped o.e.j.s.ServletContextHandler@3f75a353{static,/static,jar:file:/home/user/.m2/repository/org/apache/hadoop/hadoop-hdds-container-service/1.1.0-SNAPSHOT/hadoop-hdds-container-service-1.1.0-SNAPSHOT.jar!/webapps/static,STOPPED}
2021-01-02 03:04:58,665 [Listener at 0.0.0.0/33083] INFO  handler.ContextHandler (ContextHandler.java:doStop(1154)) - Stopped o.e.j.s.ServletContextHandler@7db8560{logs,/logs,file:///github/workspace/mnt/ozone/hadoop-ozone/integration-test/target/log,STOPPED}
2021-01-02 03:04:58,692 [DatanodeAdminManager-0] INFO  node.DatanodeAdminMonitorImpl (DatanodeAdminMonitorImpl.java:run(136)) - There are 3 nodes tracked for decommission and maintenance. 0 pending nodes.
2021-01-02 03:04:58,741 [ForkJoinPool.commonPool-worker-1] INFO  ozoneimpl.OzoneContainer (OzoneContainer.java:stop(257)) - Attempting to stop container services.
2021-01-02 03:04:58,741 [ForkJoinPool.commonPool-worker-1] INFO  server.RaftServer (RaftServerProxy.java:lambda$close$6(387)) - ace74568-a36a-4c06-abbe-7d05c77e5c4e: close
2021-01-02 03:04:58,742 [ForkJoinPool.commonPool-worker-1] INFO  server.GrpcService (GrpcService.java:closeImpl(184)) - ace74568-a36a-4c06-abbe-7d05c77e5c4e: shutdown server with port 38047 now
2021-01-02 03:04:58,744 [grpc-default-executor-0] WARN  client.GrpcClientProtocolService (LogUtils.java:warn(122)) - 1-UnorderedRequestStreamObserver1: onError: org.apache.ratis.thirdparty.io.grpc.StatusRuntimeException: CANCELLED: cancelled before receiving half close
2021-01-02 03:04:58,744 [ForkJoinPool.commonPool-worker-1] INFO  server.GrpcService (GrpcService.java:closeImpl(193)) - ace74568-a36a-4c06-abbe-7d05c77e5c4e: shutdown server with port 38047 successfully
2021-01-02 03:04:58,744 [org.apache.ratis.util.JvmPauseMonitor$$Lambda$222/769282000@59da3ec4] INFO  util.JvmPauseMonitor (JvmPauseMonitor.java:run(109)) - JvmPauseMonitor-ace74568-a36a-4c06-abbe-7d05c77e5c4e: Stopped
2021-01-02 03:04:58,748 [ForkJoinPool.commonPool-worker-1] INFO  utils.BackgroundService (BackgroundService.java:shutdown(132)) - Shutting down service BlockDeletingService
2021-01-02 03:04:58,750 [ForkJoinPool.commonPool-worker-1] INFO  statemachine.DatanodeStateMachine (DatanodeStateMachine.java:stopDaemon(461)) - Ozone container server stopped.
2021-01-02 03:04:58,762 [ForkJoinPool.commonPool-worker-1] INFO  handler.ContextHandler (ContextHandler.java:doStop(1154)) - Stopped o.e.j.w.WebAppContext@6eec5a54{hddsDatanode,/,null,STOPPED}{jar:file:/home/user/.m2/repository/org/apache/hadoop/hadoop-hdds-container-service/1.1.0-SNAPSHOT/hadoop-hdds-container-service-1.1.0-SNAPSHOT.jar!/webapps/hddsDatanode}
2021-01-02 03:04:58,763 [ForkJoinPool.commonPool-worker-1] INFO  server.AbstractConnector (AbstractConnector.java:doStop(381)) - Stopped ServerConnector@23519e4a{HTTP/1.1, (http/1.1)}{0.0.0.0:0}
2021-01-02 03:04:58,763 [ForkJoinPool.commonPool-worker-1] INFO  server.session (HouseKeeper.java:stopScavenging(149)) - node0 Stopped scavenging
2021-01-02 03:04:58,764 [ForkJoinPool.commonPool-worker-1] INFO  handler.ContextHandler (ContextHandler.java:doStop(1154)) - Stopped o.e.j.s.ServletContextHandler@32b72d9d{static,/static,jar:file:/home/user/.m2/repository/org/apache/hadoop/hadoop-hdds-container-service/1.1.0-SNAPSHOT/hadoop-hdds-container-service-1.1.0-SNAPSHOT.jar!/webapps/static,STOPPED}
2021-01-02 03:04:58,764 [ForkJoinPool.commonPool-worker-1] INFO  handler.ContextHandler (ContextHandler.java:doStop(1154)) - Stopped o.e.j.s.ServletContextHandler@363f50e3{logs,/logs,file:///github/workspace/mnt/ozone/hadoop-ozone/integration-test/target/log,STOPPED}
2021-01-02 03:04:59,304 [Datanode State Machine Thread - 0] INFO  statemachine.DatanodeStateMachine (DatanodeStateMachine.java:lambda$startDaemon$0(408)) - Ozone container server started.
2021-01-02 03:04:59,305 [Listener at 0.0.0.0/33083] INFO  ozoneimpl.OzoneContainer (OzoneContainer.java:stop(257)) - Attempting to stop container services.
2021-01-02 03:04:59,305 [Listener at 0.0.0.0/33083] INFO  server.RaftServer (RaftServerProxy.java:lambda$close$6(387)) - 68eed081-0a4c-49f2-9281-4facb9240b7e: close
2021-01-02 03:04:59,305 [Listener at 0.0.0.0/33083] INFO  server.RaftServer$Division (RaftServerImpl.java:lambda$close$4(397)) - 68eed081-0a4c-49f2-9281-4facb9240b7e@group-CD07572AE854: shutdown
2021-01-02 03:04:59,305 [Listener at 0.0.0.0/33083] INFO  util.JmxRegister (JmxRegister.java:unregister(73)) - Successfully un-registered JMX Bean with object name Ratis:service=RaftServer,group=group-CD07572AE854,id=68eed081-0a4c-49f2-9281-4facb9240b7e
2021-01-02 03:04:59,306 [Listener at 0.0.0.0/33083] INFO  impl.RoleInfo (RoleInfo.java:shutdownLeaderState(91)) - 68eed081-0a4c-49f2-9281-4facb9240b7e: shutdown 68eed081-0a4c-49f2-9281-4facb9240b7e@group-CD07572AE854-LeaderStateImpl
2021-01-02 03:04:59,306 [Listener at 0.0.0.0/33083] INFO  impl.PendingRequests (PendingRequests.java:sendNotLeaderResponses(249)) - 68eed081-0a4c-49f2-9281-4facb9240b7e@group-CD07572AE854-PendingRequests: sendNotLeaderResponses
2021-01-02 03:04:59,306 [Listener at 0.0.0.0/33083] INFO  metrics.RatisMetrics (RatisMetrics.java:unregister(43)) - Unregistering Metrics Registry : ratis.log_appender.68eed081-0a4c-49f2-9281-4facb9240b7e@group-CD07572AE854
2021-01-02 03:04:59,306 [Listener at 0.0.0.0/33083] INFO  metrics.RatisMetrics (RatisMetrics.java:unregister(43)) - Unregistering Metrics Registry : ratis.server.68eed081-0a4c-49f2-9281-4facb9240b7e@group-CD07572AE854
2021-01-02 03:04:59,309 [68eed081-0a4c-49f2-9281-4facb9240b7e@group-CD07572AE854-StateMachineUpdater] INFO  ratis.ContainerStateMachine (ContainerStateMachine.java:takeSnapshot(291)) - group-CD07572AE854: Taking a snapshot at:(t:1, i:0) file /github/workspace/mnt/ozone/hadoop-ozone/integration-test/target/test-dir/MiniOzoneClusterImpl-0875b59f-827e-470c-b6ab-7d6320bd5827/datanode-5/data/ratis/cae66dc0-aff1-4415-a378-cd07572ae854/sm/snapshot.1_0
2021-01-02 03:04:59,309 [Listener at 0.0.0.0/33083] INFO  impl.StateMachineUpdater (StateMachineUpdater.java:stopAndJoin(148)) - 68eed081-0a4c-49f2-9281-4facb9240b7e@group-CD07572AE854-StateMachineUpdater: set stopIndex = 0
2021-01-02 03:04:59,309 [68eed081-0a4c-49f2-9281-4facb9240b7e@group-CD07572AE854-StateMachineUpdater] INFO  ratis.ContainerStateMachine (ContainerStateMachine.java:takeSnapshot(302)) - group-CD07572AE854: Finished taking a snapshot at:(t:1, i:0) file:/github/workspace/mnt/ozone/hadoop-ozone/integration-test/target/test-dir/MiniOzoneClusterImpl-0875b59f-827e-470c-b6ab-7d6320bd5827/datanode-5/data/ratis/cae66dc0-aff1-4415-a378-cd07572ae854/sm/snapshot.1_0 time:1
2021-01-02 03:04:59,310 [68eed081-0a4c-49f2-9281-4facb9240b7e@group-CD07572AE854-StateMachineUpdater] INFO  impl.StateMachineUpdater (StateMachineUpdater.java:takeSnapshot(279)) - 68eed081-0a4c-49f2-9281-4facb9240b7e@group-CD07572AE854-StateMachineUpdater: Took a snapshot at index 0
2021-01-02 03:04:59,310 [68eed081-0a4c-49f2-9281-4facb9240b7e@group-CD07572AE854-StateMachineUpdater] INFO  impl.StateMachineUpdater (StateMachineUpdater.java:lambda$new$0(88)) - 68eed081-0a4c-49f2-9281-4facb9240b7e@group-CD07572AE854-StateMachineUpdater: snapshotIndex: updateIncreasingly -1 -> 0
2021-01-02 03:04:59,310 [68eed081-0a4c-49f2-9281-4facb9240b7e@group-CD07572AE854-StateMachineUpdater] INFO  metrics.RatisMetrics (RatisMetrics.java:unregister(43)) - Unregistering Metrics Registry : ratis.state_machine.68eed081-0a4c-49f2-9281-4facb9240b7e@group-CD07572AE854
2021-01-02 03:04:59,310 [Listener at 0.0.0.0/33083] INFO  server.RaftServer$Division (ServerState.java:close(406)) - 68eed081-0a4c-49f2-9281-4facb9240b7e@group-CD07572AE854: closes. applyIndex: 0
2021-01-02 03:04:59,310 [68eed081-0a4c-49f2-9281-4facb9240b7e@group-CD07572AE854-SegmentedRaftLogWorker] INFO  segmented.SegmentedRaftLogWorker (SegmentedRaftLogWorker.java:run(326)) - 68eed081-0a4c-49f2-9281-4facb9240b7e@group-CD07572AE854-SegmentedRaftLogWorker was interrupted, exiting. There are 0 tasks remaining in the queue.
2021-01-02 03:04:59,310 [Listener at 0.0.0.0/33083] INFO  segmented.SegmentedRaftLogWorker (SegmentedRaftLogWorker.java:close(236)) - 68eed081-0a4c-49f2-9281-4facb9240b7e@group-CD07572AE854-SegmentedRaftLogWorker close()
2021-01-02 03:04:59,313 [Listener at 0.0.0.0/33083] INFO  metrics.RatisMetrics (RatisMetrics.java:unregister(43)) - Unregistering Metrics Registry : ratis.log_worker.68eed081-0a4c-49f2-9281-4facb9240b7e@group-CD07572AE854
2021-01-02 03:04:59,313 [Listener at 0.0.0.0/33083] INFO  metrics.RatisMetrics (RatisMetrics.java:unregister(43)) - Unregistering Metrics Registry : ratis.leader_election.68eed081-0a4c-49f2-9281-4facb9240b7e@group-CD07572AE854
2021-01-02 03:04:59,313 [Listener at 0.0.0.0/33083] INFO  metrics.RatisMetrics (RatisMetrics.java:unregister(43)) - Unregistering Metrics Registry : ratis.server.68eed081-0a4c-49f2-9281-4facb9240b7e@group-CD07572AE854
2021-01-02 03:04:59,314 [Listener at 0.0.0.0/33083] INFO  server.RaftServer$Division (RaftServerImpl.java:lambda$close$4(397)) - 68eed081-0a4c-49f2-9281-4facb9240b7e@group-3D3725907A1E: shutdown
2021-01-02 03:04:59,314 [Listener at 0.0.0.0/33083] INFO  util.JmxRegister (JmxRegister.java:unregister(73)) - Successfully un-registered JMX Bean with object name Ratis:service=RaftServer,group=group-3D3725907A1E,id=68eed081-0a4c-49f2-9281-4facb9240b7e
2021-01-02 03:04:59,314 [Listener at 0.0.0.0/33083] INFO  impl.RoleInfo (RoleInfo.java:shutdownFollowerState(108)) - 68eed081-0a4c-49f2-9281-4facb9240b7e: shutdown 68eed081-0a4c-49f2-9281-4facb9240b7e@group-3D3725907A1E-FollowerState
2021-01-02 03:04:59,314 [Thread-5786] INFO  impl.FollowerState (FollowerState.java:run(142)) - 68eed081-0a4c-49f2-9281-4facb9240b7e@group-3D3725907A1E-FollowerState was interrupted: {}
java.lang.InterruptedException: sleep interrupted
	at java.lang.Thread.sleep(Native Method)
	at java.lang.Thread.sleep(Thread.java:340)
	at java.util.concurrent.TimeUnit.sleep(TimeUnit.java:386)
	at org.apache.ratis.util.TimeDuration.sleep(TimeDuration.java:319)
	at org.apache.ratis.util.TimeDuration.sleep(TimeDuration.java:304)
	at org.apache.ratis.server.impl.FollowerState.run(FollowerState.java:117)
2021-01-02 03:04:59,317 [68eed081-0a4c-49f2-9281-4facb9240b7e@group-3D3725907A1E-StateMachineUpdater] INFO  ratis.ContainerStateMachine (ContainerStateMachine.java:takeSnapshot(291)) - group-3D3725907A1E: Taking a snapshot at:(t:1, i:31) file /github/workspace/mnt/ozone/hadoop-ozone/integration-test/target/test-dir/MiniOzoneClusterImpl-0875b59f-827e-470c-b6ab-7d6320bd5827/datanode-5/data/ratis/e6a6e07f-d683-49c9-9cec-3d3725907a1e/sm/snapshot.1_31
2021-01-02 03:04:59,317 [Listener at 0.0.0.0/33083] INFO  impl.StateMachineUpdater (StateMachineUpdater.java:stopAndJoin(148)) - 68eed081-0a4c-49f2-9281-4facb9240b7e@group-3D3725907A1E-StateMachineUpdater: set stopIndex = 31
2021-01-02 03:04:59,318 [68eed081-0a4c-49f2-9281-4facb9240b7e@group-3D3725907A1E-StateMachineUpdater] INFO  ratis.ContainerStateMachine (ContainerStateMachine.java:takeSnapshot(302)) - group-3D3725907A1E: Finished taking a snapshot at:(t:1, i:31) file:/github/workspace/mnt/ozone/hadoop-ozone/integration-test/target/test-dir/MiniOzoneClusterImpl-0875b59f-827e-470c-b6ab-7d6320bd5827/datanode-5/data/ratis/e6a6e07f-d683-49c9-9cec-3d3725907a1e/sm/snapshot.1_31 time:2
2021-01-02 03:04:59,318 [68eed081-0a4c-49f2-9281-4facb9240b7e@group-3D3725907A1E-StateMachineUpdater] INFO  impl.StateMachineUpdater (StateMachineUpdater.java:takeSnapshot(279)) - 68eed081-0a4c-49f2-9281-4facb9240b7e@group-3D3725907A1E-StateMachineUpdater: Took a snapshot at index 31
2021-01-02 03:04:59,318 [68eed081-0a4c-49f2-9281-4facb9240b7e@group-3D3725907A1E-StateMachineUpdater] INFO  impl.StateMachineUpdater (StateMachineUpdater.java:lambda$new$0(88)) - 68eed081-0a4c-49f2-9281-4facb9240b7e@group-3D3725907A1E-StateMachineUpdater: snapshotIndex: updateIncreasingly -1 -> 31
2021-01-02 03:04:59,318 [68eed081-0a4c-49f2-9281-4facb9240b7e@group-3D3725907A1E-StateMachineUpdater] INFO  metrics.RatisMetrics (RatisMetrics.java:unregister(43)) - Unregistering Metrics Registry : ratis.state_machine.68eed081-0a4c-49f2-9281-4facb9240b7e@group-3D3725907A1E
2021-01-02 03:04:59,319 [Listener at 0.0.0.0/33083] INFO  server.RaftServer$Division (ServerState.java:close(406)) - 68eed081-0a4c-49f2-9281-4facb9240b7e@group-3D3725907A1E: closes. applyIndex: 31
2021-01-02 03:04:59,319 [68eed081-0a4c-49f2-9281-4facb9240b7e@group-3D3725907A1E-SegmentedRaftLogWorker] INFO  segmented.SegmentedRaftLogWorker (SegmentedRaftLogWorker.java:run(326)) - 68eed081-0a4c-49f2-9281-4facb9240b7e@group-3D3725907A1E-SegmentedRaftLogWorker was interrupted, exiting. There are 0 tasks remaining in the queue.
2021-01-02 03:04:59,319 [Listener at 0.0.0.0/33083] INFO  segmented.SegmentedRaftLogWorker (SegmentedRaftLogWorker.java:close(236)) - 68eed081-0a4c-49f2-9281-4facb9240b7e@group-3D3725907A1E-SegmentedRaftLogWorker close()
2021-01-02 03:04:59,319 [Listener at 0.0.0.0/33083] INFO  metrics.RatisMetrics (RatisMetrics.java:unregister(43)) - Unregistering Metrics Registry : ratis.log_worker.68eed081-0a4c-49f2-9281-4facb9240b7e@group-3D3725907A1E
2021-01-02 03:04:59,319 [Listener at 0.0.0.0/33083] INFO  metrics.RatisMetrics (RatisMetrics.java:unregister(43)) - Unregistering Metrics Registry : ratis.leader_election.68eed081-0a4c-49f2-9281-4facb9240b7e@group-3D3725907A1E
2021-01-02 03:04:59,320 [Listener at 0.0.0.0/33083] INFO  metrics.RatisMetrics (RatisMetrics.java:unregister(43)) - Unregistering Metrics Registry : ratis.server.68eed081-0a4c-49f2-9281-4facb9240b7e@group-3D3725907A1E
2021-01-02 03:04:59,320 [Listener at 0.0.0.0/33083] INFO  server.GrpcService (GrpcService.java:closeImpl(184)) - 68eed081-0a4c-49f2-9281-4facb9240b7e: shutdown server with port 41753 now
2021-01-02 03:04:59,321 [Listener at 0.0.0.0/33083] INFO  server.GrpcService (GrpcService.java:closeImpl(193)) - 68eed081-0a4c-49f2-9281-4facb9240b7e: shutdown server with port 41753 successfully
2021-01-02 03:04:59,321 [org.apache.ratis.util.JvmPauseMonitor$$Lambda$222/769282000@4362a48c] INFO  util.JvmPauseMonitor (JvmPauseMonitor.java:run(109)) - JvmPauseMonitor-68eed081-0a4c-49f2-9281-4facb9240b7e: Stopped
2021-01-02 03:04:59,322 [Listener at 0.0.0.0/33083] INFO  utils.BackgroundService (BackgroundService.java:shutdown(132)) - Shutting down service BlockDeletingService
2021-01-02 03:04:59,324 [Listener at 0.0.0.0/33083] INFO  statemachine.DatanodeStateMachine (DatanodeStateMachine.java:stopDaemon(461)) - Ozone container server stopped.
2021-01-02 03:04:59,334 [Listener at 0.0.0.0/33083] INFO  handler.ContextHandler (ContextHandler.java:doStop(1154)) - Stopped o.e.j.w.WebAppContext@459dad43{hddsDatanode,/,null,STOPPED}{jar:file:/home/user/.m2/repository/org/apache/hadoop/hadoop-hdds-container-service/1.1.0-SNAPSHOT/hadoop-hdds-container-service-1.1.0-SNAPSHOT.jar!/webapps/hddsDatanode}
2021-01-02 03:04:59,335 [Listener at 0.0.0.0/33083] INFO  server.AbstractConnector (AbstractConnector.java:doStop(381)) - Stopped ServerConnector@55aa6fd0{HTTP/1.1, (http/1.1)}{0.0.0.0:0}
2021-01-02 03:04:59,335 [Listener at 0.0.0.0/33083] INFO  server.session (HouseKeeper.java:stopScavenging(149)) - node0 Stopped scavenging
2021-01-02 03:04:59,335 [Listener at 0.0.0.0/33083] INFO  handler.ContextHandler (ContextHandler.java:doStop(1154)) - Stopped o.e.j.s.ServletContextHandler@5cea18bc{static,/static,jar:file:/home/user/.m2/repository/org/apache/hadoop/hadoop-hdds-container-service/1.1.0-SNAPSHOT/hadoop-hdds-container-service-1.1.0-SNAPSHOT.jar!/webapps/static,STOPPED}
2021-01-02 03:04:59,335 [Listener at 0.0.0.0/33083] INFO  handler.ContextHandler (ContextHandler.java:doStop(1154)) - Stopped o.e.j.s.ServletContextHandler@397411e1{logs,/logs,file:///github/workspace/mnt/ozone/hadoop-ozone/integration-test/target/log,STOPPED}
2021-01-02 03:04:59,517 [EventQueue-StaleNodeForStaleNodeHandler] INFO  node.StaleNodeHandler (StaleNodeHandler.java:onMessage(58)) - Datanode 1b98ba84-f03a-4745-ae67-661c5f740165{ip: 172.17.0.2, host: e25e13fd87ad, networkLocation: /default-rack, certSerialId: null, persistedOpState: ENTERING_MAINTENANCE, persistedOpStateExpiryEpochSec: 0} moved to stale state. Finalizing its pipelines []
2021-01-02 03:04:59,517 [EventQueue-StaleNodeForStaleNodeHandler] INFO  node.StaleNodeHandler (StaleNodeHandler.java:onMessage(58)) - Datanode 3e6f9aad-df43-4486-a42c-6a362a65d862{ip: 172.17.0.2, host: e25e13fd87ad, networkLocation: /default-rack, certSerialId: null, persistedOpState: ENTERING_MAINTENANCE, persistedOpStateExpiryEpochSec: 0} moved to stale state. Finalizing its pipelines []
2021-01-02 03:04:59,587 [ReplicationMonitor] INFO  container.ReplicationManager (ReplicationManager.java:run(250)) - Replication Monitor Thread took 1 milliseconds for processing 4 containers.
2021-01-02 03:04:59,615 [Datanode State Machine Thread - 0] INFO  statemachine.DatanodeStateMachine (DatanodeStateMachine.java:lambda$startDaemon$0(408)) - Ozone container server started.
2021-01-02 03:04:59,692 [DatanodeAdminManager-0] INFO  node.DatanodeAdminMonitorImpl (DatanodeAdminMonitorImpl.java:run(136)) - There are 3 nodes tracked for decommission and maintenance. 0 pending nodes.
2021-01-02 03:04:59,717 [EventQueue-StaleNodeForStaleNodeHandler] INFO  node.StaleNodeHandler (StaleNodeHandler.java:onMessage(58)) - Datanode fdab6853-39d3-40b9-bd2b-4dc5726d5388{ip: 172.17.0.2, host: e25e13fd87ad, networkLocation: /default-rack, certSerialId: null, persistedOpState: IN_SERVICE, persistedOpStateExpiryEpochSec: 0} moved to stale state. Finalizing its pipelines [PipelineID=ab04beb3-6556-4d9b-a28b-387a039530fe, PipelineID=e6a6e07f-d683-49c9-9cec-3d3725907a1e]
2021-01-02 03:04:59,717 [EventQueue-StaleNodeForStaleNodeHandler] INFO  pipeline.SCMPipelineManager (SCMPipelineManager.java:finalizeAndDestroyPipeline(482)) - Destroying pipeline:Pipeline[ Id: ab04beb3-6556-4d9b-a28b-387a039530fe, Nodes: fdab6853-39d3-40b9-bd2b-4dc5726d5388{ip: 172.17.0.2, host: e25e13fd87ad, networkLocation: /default-rack, certSerialId: null, persistedOpState: IN_SERVICE, persistedOpStateExpiryEpochSec: 0}, Type:RATIS, Factor:ONE, State:OPEN, leaderId:fdab6853-39d3-40b9-bd2b-4dc5726d5388, CreationTimestamp2021-01-02T03:04:43.689Z]
2021-01-02 03:04:59,717 [EventQueue-StaleNodeForStaleNodeHandler] INFO  pipeline.PipelineStateManager (PipelineStateManager.java:finalizePipeline(121)) - Pipeline Pipeline[ Id: ab04beb3-6556-4d9b-a28b-387a039530fe, Nodes: fdab6853-39d3-40b9-bd2b-4dc5726d5388{ip: 172.17.0.2, host: e25e13fd87ad, networkLocation: /default-rack, certSerialId: null, persistedOpState: IN_SERVICE, persistedOpStateExpiryEpochSec: 0}, Type:RATIS, Factor:ONE, State:CLOSED, leaderId:fdab6853-39d3-40b9-bd2b-4dc5726d5388, CreationTimestamp2021-01-02T03:04:43.689Z] moved to CLOSED state
2021-01-02 03:04:59,718 [EventQueue-StaleNodeForStaleNodeHandler] INFO  pipeline.SCMPipelineManager (SCMPipelineManager.java:finalizeAndDestroyPipeline(482)) - Destroying pipeline:Pipeline[ Id: e6a6e07f-d683-49c9-9cec-3d3725907a1e, Nodes: 68eed081-0a4c-49f2-9281-4facb9240b7e{ip: 172.17.0.2, host: e25e13fd87ad, networkLocation: /default-rack, certSerialId: null, persistedOpState: IN_SERVICE, persistedOpStateExpiryEpochSec: 0}fdab6853-39d3-40b9-bd2b-4dc5726d5388{ip: 172.17.0.2, host: e25e13fd87ad, networkLocation: /default-rack, certSerialId: null, persistedOpState: IN_SERVICE, persistedOpStateExpiryEpochSec: 0}5beebed6-0501-4525-80c5-dff095c8ab2d{ip: 172.17.0.2, host: e25e13fd87ad, networkLocation: /default-rack, certSerialId: null, persistedOpState: IN_SERVICE, persistedOpStateExpiryEpochSec: 0}, Type:RATIS, Factor:THREE, State:OPEN, leaderId:fdab6853-39d3-40b9-bd2b-4dc5726d5388, CreationTimestamp2021-01-02T03:04:43.690Z]
2021-01-02 03:04:59,718 [EventQueue-StaleNodeForStaleNodeHandler] INFO  pipeline.PipelineStateManager (PipelineStateManager.java:finalizePipeline(121)) - Pipeline Pipeline[ Id: e6a6e07f-d683-49c9-9cec-3d3725907a1e, Nodes: 68eed081-0a4c-49f2-9281-4facb9240b7e{ip: 172.17.0.2, host: e25e13fd87ad, networkLocation: /default-rack, certSerialId: null, persistedOpState: IN_SERVICE, persistedOpStateExpiryEpochSec: 0}fdab6853-39d3-40b9-bd2b-4dc5726d5388{ip: 172.17.0.2, host: e25e13fd87ad, networkLocation: /default-rack, certSerialId: null, persistedOpState: IN_SERVICE, persistedOpStateExpiryEpochSec: 0}5beebed6-0501-4525-80c5-dff095c8ab2d{ip: 172.17.0.2, host: e25e13fd87ad, networkLocation: /default-rack, certSerialId: null, persistedOpState: IN_SERVICE, persistedOpStateExpiryEpochSec: 0}, Type:RATIS, Factor:THREE, State:CLOSED, leaderId:fdab6853-39d3-40b9-bd2b-4dc5726d5388, CreationTimestamp2021-01-02T03:04:43.690Z] moved to CLOSED state
2021-01-02 03:04:59,719 [EventQueue-CloseContainerForCloseContainerEventHandler] INFO  container.CloseContainerEventHandler (CloseContainerEventHandler.java:onMessage(61)) - Close container Event triggered for container : #2
2021-01-02 03:04:59,719 [EventQueue-CloseContainerForCloseContainerEventHandler] INFO  container.CloseContainerEventHandler (CloseContainerEventHandler.java:onMessage(61)) - Close container Event triggered for container : #4
2021-01-02 03:04:59,719 [ForkJoinPool.commonPool-worker-1] INFO  ozoneimpl.OzoneContainer (OzoneContainer.java:stop(257)) - Attempting to stop container services.
2021-01-02 03:04:59,720 [ForkJoinPool.commonPool-worker-1] INFO  server.RaftServer (RaftServerProxy.java:lambda$close$6(387)) - 5beebed6-0501-4525-80c5-dff095c8ab2d: close
2021-01-02 03:04:59,720 [ForkJoinPool.commonPool-worker-1] INFO  server.RaftServer$Division (RaftServerImpl.java:lambda$close$4(397)) - 5beebed6-0501-4525-80c5-dff095c8ab2d@group-135A2C030FBE: shutdown
2021-01-02 03:04:59,720 [ForkJoinPool.commonPool-worker-1] INFO  util.JmxRegister (JmxRegister.java:unregister(73)) - Successfully un-registered JMX Bean with object name Ratis:service=RaftServer,group=group-135A2C030FBE,id=5beebed6-0501-4525-80c5-dff095c8ab2d
2021-01-02 03:04:59,720 [ForkJoinPool.commonPool-worker-1] INFO  impl.RoleInfo (RoleInfo.java:shutdownLeaderState(91)) - 5beebed6-0501-4525-80c5-dff095c8ab2d: shutdown 5beebed6-0501-4525-80c5-dff095c8ab2d@group-135A2C030FBE-LeaderStateImpl
2021-01-02 03:04:59,720 [ForkJoinPool.commonPool-worker-1] INFO  impl.PendingRequests (PendingRequests.java:sendNotLeaderResponses(249)) - 5beebed6-0501-4525-80c5-dff095c8ab2d@group-135A2C030FBE-PendingRequests: sendNotLeaderResponses
2021-01-02 03:04:59,720 [ForkJoinPool.commonPool-worker-1] INFO  metrics.RatisMetrics (RatisMetrics.java:unregister(43)) - Unregistering Metrics Registry : ratis.log_appender.5beebed6-0501-4525-80c5-dff095c8ab2d@group-135A2C030FBE
2021-01-02 03:04:59,721 [ForkJoinPool.commonPool-worker-1] INFO  metrics.RatisMetrics (RatisMetrics.java:unregister(43)) - Unregistering Metrics Registry : ratis.server.5beebed6-0501-4525-80c5-dff095c8ab2d@group-135A2C030FBE
2021-01-02 03:04:59,723 [ForkJoinPool.commonPool-worker-1] INFO  impl.StateMachineUpdater (StateMachineUpdater.java:stopAndJoin(148)) - 5beebed6-0501-4525-80c5-dff095c8ab2d@group-135A2C030FBE-StateMachineUpdater: set stopIndex = 0
2021-01-02 03:04:59,723 [5beebed6-0501-4525-80c5-dff095c8ab2d@group-135A2C030FBE-StateMachineUpdater] INFO  ratis.ContainerStateMachine (ContainerStateMachine.java:takeSnapshot(291)) - group-135A2C030FBE: Taking a snapshot at:(t:1, i:0) file /github/workspace/mnt/ozone/hadoop-ozone/integration-test/target/test-dir/MiniOzoneClusterImpl-0875b59f-827e-470c-b6ab-7d6320bd5827/datanode-4/data/ratis/613a063c-d7e0-43a7-89b6-135a2c030fbe/sm/snapshot.1_0
2021-01-02 03:04:59,724 [5beebed6-0501-4525-80c5-dff095c8ab2d@group-135A2C030FBE-StateMachineUpdater] INFO  ratis.ContainerStateMachine (ContainerStateMachine.java:takeSnapshot(302)) - group-135A2C030FBE: Finished taking a snapshot at:(t:1, i:0) file:/github/workspace/mnt/ozone/hadoop-ozone/integration-test/target/test-dir/MiniOzoneClusterImpl-0875b59f-827e-470c-b6ab-7d6320bd5827/datanode-4/data/ratis/613a063c-d7e0-43a7-89b6-135a2c030fbe/sm/snapshot.1_0 time:1
2021-01-02 03:04:59,724 [5beebed6-0501-4525-80c5-dff095c8ab2d@group-135A2C030FBE-StateMachineUpdater] INFO  impl.StateMachineUpdater (StateMachineUpdater.java:takeSnapshot(279)) - 5beebed6-0501-4525-80c5-dff095c8ab2d@group-135A2C030FBE-StateMachineUpdater: Took a snapshot at index 0
2021-01-02 03:04:59,724 [5beebed6-0501-4525-80c5-dff095c8ab2d@group-135A2C030FBE-StateMachineUpdater] INFO  impl.StateMachineUpdater (StateMachineUpdater.java:lambda$new$0(88)) - 5beebed6-0501-4525-80c5-dff095c8ab2d@group-135A2C030FBE-StateMachineUpdater: snapshotIndex: updateIncreasingly -1 -> 0
2021-01-02 03:04:59,725 [5beebed6-0501-4525-80c5-dff095c8ab2d@group-135A2C030FBE-StateMachineUpdater] INFO  metrics.RatisMetrics (RatisMetrics.java:unregister(43)) - Unregistering Metrics Registry : ratis.state_machine.5beebed6-0501-4525-80c5-dff095c8ab2d@group-135A2C030FBE
2021-01-02 03:04:59,725 [ForkJoinPool.commonPool-worker-1] INFO  server.RaftServer$Division (ServerState.java:close(406)) - 5beebed6-0501-4525-80c5-dff095c8ab2d@group-135A2C030FBE: closes. applyIndex: 0
2021-01-02 03:04:59,725 [5beebed6-0501-4525-80c5-dff095c8ab2d@group-135A2C030FBE-SegmentedRaftLogWorker] INFO  segmented.SegmentedRaftLogWorker (SegmentedRaftLogWorker.java:run(326)) - 5beebed6-0501-4525-80c5-dff095c8ab2d@group-135A2C030FBE-SegmentedRaftLogWorker was interrupted, exiting. There are 0 tasks remaining in the queue.
2021-01-02 03:04:59,725 [ForkJoinPool.commonPool-worker-1] INFO  segmented.SegmentedRaftLogWorker (SegmentedRaftLogWorker.java:close(236)) - 5beebed6-0501-4525-80c5-dff095c8ab2d@group-135A2C030FBE-SegmentedRaftLogWorker close()
2021-01-02 03:04:59,725 [ForkJoinPool.commonPool-worker-1] INFO  metrics.RatisMetrics (RatisMetrics.java:unregister(43)) - Unregistering Metrics Registry : ratis.log_worker.5beebed6-0501-4525-80c5-dff095c8ab2d@group-135A2C030FBE
2021-01-02 03:04:59,726 [ForkJoinPool.commonPool-worker-1] INFO  metrics.RatisMetrics (RatisMetrics.java:unregister(43)) - Unregistering Metrics Registry : ratis.leader_election.5beebed6-0501-4525-80c5-dff095c8ab2d@group-135A2C030FBE
2021-01-02 03:04:59,726 [ForkJoinPool.commonPool-worker-1] INFO  metrics.RatisMetrics (RatisMetrics.java:unregister(43)) - Unregistering Metrics Registry : ratis.server.5beebed6-0501-4525-80c5-dff095c8ab2d@group-135A2C030FBE
2021-01-02 03:04:59,726 [ForkJoinPool.commonPool-worker-1] INFO  server.RaftServer$Division (RaftServerImpl.java:lambda$close$4(397)) - 5beebed6-0501-4525-80c5-dff095c8ab2d@group-3D3725907A1E: shutdown
2021-01-02 03:04:59,726 [ForkJoinPool.commonPool-worker-1] INFO  util.JmxRegister (JmxRegister.java:unregister(73)) - Successfully un-registered JMX Bean with object name Ratis:service=RaftServer,group=group-3D3725907A1E,id=5beebed6-0501-4525-80c5-dff095c8ab2d
2021-01-02 03:04:59,726 [ForkJoinPool.commonPool-worker-1] INFO  impl.RoleInfo (RoleInfo.java:shutdownFollowerState(108)) - 5beebed6-0501-4525-80c5-dff095c8ab2d: shutdown 5beebed6-0501-4525-80c5-dff095c8ab2d@group-3D3725907A1E-FollowerState
2021-01-02 03:04:59,726 [Thread-5787] INFO  impl.FollowerState (FollowerState.java:run(142)) - 5beebed6-0501-4525-80c5-dff095c8ab2d@group-3D3725907A1E-FollowerState was interrupted: {}
java.lang.InterruptedException: sleep interrupted
	at java.lang.Thread.sleep(Native Method)
	at java.lang.Thread.sleep(Thread.java:340)
	at java.util.concurrent.TimeUnit.sleep(TimeUnit.java:386)
	at org.apache.ratis.util.TimeDuration.sleep(TimeDuration.java:319)
	at org.apache.ratis.util.TimeDuration.sleep(TimeDuration.java:304)
	at org.apache.ratis.server.impl.FollowerState.run(FollowerState.java:117)
2021-01-02 03:04:59,727 [ForkJoinPool.commonPool-worker-1] INFO  impl.StateMachineUpdater (StateMachineUpdater.java:stopAndJoin(148)) - 5beebed6-0501-4525-80c5-dff095c8ab2d@group-3D3725907A1E-StateMachineUpdater: set stopIndex = 31
2021-01-02 03:04:59,727 [5beebed6-0501-4525-80c5-dff095c8ab2d@group-3D3725907A1E-StateMachineUpdater] INFO  ratis.ContainerStateMachine (ContainerStateMachine.java:takeSnapshot(291)) - group-3D3725907A1E: Taking a snapshot at:(t:1, i:31) file /github/workspace/mnt/ozone/hadoop-ozone/integration-test/target/test-dir/MiniOzoneClusterImpl-0875b59f-827e-470c-b6ab-7d6320bd5827/datanode-4/data/ratis/e6a6e07f-d683-49c9-9cec-3d3725907a1e/sm/snapshot.1_31
2021-01-02 03:04:59,728 [5beebed6-0501-4525-80c5-dff095c8ab2d@group-3D3725907A1E-StateMachineUpdater] INFO  ratis.ContainerStateMachine (ContainerStateMachine.java:takeSnapshot(302)) - group-3D3725907A1E: Finished taking a snapshot at:(t:1, i:31) file:/github/workspace/mnt/ozone/hadoop-ozone/integration-test/target/test-dir/MiniOzoneClusterImpl-0875b59f-827e-470c-b6ab-7d6320bd5827/datanode-4/data/ratis/e6a6e07f-d683-49c9-9cec-3d3725907a1e/sm/snapshot.1_31 time:1
2021-01-02 03:04:59,728 [5beebed6-0501-4525-80c5-dff095c8ab2d@group-3D3725907A1E-StateMachineUpdater] INFO  impl.StateMachineUpdater (StateMachineUpdater.java:takeSnapshot(279)) - 5beebed6-0501-4525-80c5-dff095c8ab2d@group-3D3725907A1E-StateMachineUpdater: Took a snapshot at index 31
2021-01-02 03:04:59,728 [5beebed6-0501-4525-80c5-dff095c8ab2d@group-3D3725907A1E-StateMachineUpdater] INFO  impl.StateMachineUpdater (StateMachineUpdater.java:lambda$new$0(88)) - 5beebed6-0501-4525-80c5-dff095c8ab2d@group-3D3725907A1E-StateMachineUpdater: snapshotIndex: updateIncreasingly -1 -> 31
2021-01-02 03:04:59,728 [5beebed6-0501-4525-80c5-dff095c8ab2d@group-3D3725907A1E-StateMachineUpdater] INFO  metrics.RatisMetrics (RatisMetrics.java:unregister(43)) - Unregistering Metrics Registry : ratis.state_machine.5beebed6-0501-4525-80c5-dff095c8ab2d@group-3D3725907A1E
2021-01-02 03:04:59,729 [ForkJoinPool.commonPool-worker-1] INFO  server.RaftServer$Division (ServerState.java:close(406)) - 5beebed6-0501-4525-80c5-dff095c8ab2d@group-3D3725907A1E: closes. applyIndex: 31
2021-01-02 03:04:59,729 [5beebed6-0501-4525-80c5-dff095c8ab2d@group-3D3725907A1E-SegmentedRaftLogWorker] INFO  segmented.SegmentedRaftLogWorker (SegmentedRaftLogWorker.java:run(326)) - 5beebed6-0501-4525-80c5-dff095c8ab2d@group-3D3725907A1E-SegmentedRaftLogWorker was interrupted, exiting. There are 0 tasks remaining in the queue.
2021-01-02 03:04:59,729 [ForkJoinPool.commonPool-worker-1] INFO  segmented.SegmentedRaftLogWorker (SegmentedRaftLogWorker.java:close(236)) - 5beebed6-0501-4525-80c5-dff095c8ab2d@group-3D3725907A1E-SegmentedRaftLogWorker close()
2021-01-02 03:04:59,729 [ForkJoinPool.commonPool-worker-1] INFO  metrics.RatisMetrics (RatisMetrics.java:unregister(43)) - Unregistering Metrics Registry : ratis.log_worker.5beebed6-0501-4525-80c5-dff095c8ab2d@group-3D3725907A1E
2021-01-02 03:04:59,730 [ForkJoinPool.commonPool-worker-1] INFO  metrics.RatisMetrics (RatisMetrics.java:unregister(43)) - Unregistering Metrics Registry : ratis.leader_election.5beebed6-0501-4525-80c5-dff095c8ab2d@group-3D3725907A1E
2021-01-02 03:04:59,730 [ForkJoinPool.commonPool-worker-1] INFO  metrics.RatisMetrics (RatisMetrics.java:unregister(43)) - Unregistering Metrics Registry : ratis.server.5beebed6-0501-4525-80c5-dff095c8ab2d@group-3D3725907A1E
2021-01-02 03:04:59,730 [ForkJoinPool.commonPool-worker-1] INFO  server.GrpcService (GrpcService.java:closeImpl(184)) - 5beebed6-0501-4525-80c5-dff095c8ab2d: shutdown server with port 41017 now
2021-01-02 03:04:59,731 [ForkJoinPool.commonPool-worker-1] INFO  server.GrpcService (GrpcService.java:closeImpl(193)) - 5beebed6-0501-4525-80c5-dff095c8ab2d: shutdown server with port 41017 successfully
2021-01-02 03:04:59,731 [org.apache.ratis.util.JvmPauseMonitor$$Lambda$222/769282000@588ae15d] INFO  util.JvmPauseMonitor (JvmPauseMonitor.java:run(109)) - JvmPauseMonitor-5beebed6-0501-4525-80c5-dff095c8ab2d: Stopped
2021-01-02 03:04:59,733 [ForkJoinPool.commonPool-worker-1] INFO  utils.BackgroundService (BackgroundService.java:shutdown(132)) - Shutting down service BlockDeletingService
2021-01-02 03:04:59,735 [ForkJoinPool.commonPool-worker-1] INFO  statemachine.DatanodeStateMachine (DatanodeStateMachine.java:stopDaemon(461)) - Ozone container server stopped.
2021-01-02 03:04:59,749 [ForkJoinPool.commonPool-worker-1] INFO  handler.ContextHandler (ContextHandler.java:doStop(1154)) - Stopped o.e.j.w.WebAppContext@7e853285{hddsDatanode,/,null,STOPPED}{jar:file:/home/user/.m2/repository/org/apache/hadoop/hadoop-hdds-container-service/1.1.0-SNAPSHOT/hadoop-hdds-container-service-1.1.0-SNAPSHOT.jar!/webapps/hddsDatanode}
2021-01-02 03:04:59,750 [ForkJoinPool.commonPool-worker-1] INFO  server.AbstractConnector (AbstractConnector.java:doStop(381)) - Stopped ServerConnector@61ecfae6{HTTP/1.1, (http/1.1)}{0.0.0.0:0}
2021-01-02 03:04:59,750 [ForkJoinPool.commonPool-worker-1] INFO  server.session (HouseKeeper.java:stopScavenging(149)) - node0 Stopped scavenging
2021-01-02 03:04:59,752 [ForkJoinPool.commonPool-worker-1] INFO  handler.ContextHandler (ContextHandler.java:doStop(1154)) - Stopped o.e.j.s.ServletContextHandler@551a24f{static,/static,jar:file:/home/user/.m2/repository/org/apache/hadoop/hadoop-hdds-container-service/1.1.0-SNAPSHOT/hadoop-hdds-container-service-1.1.0-SNAPSHOT.jar!/webapps/static,STOPPED}
2021-01-02 03:04:59,752 [ForkJoinPool.commonPool-worker-1] INFO  handler.ContextHandler (ContextHandler.java:doStop(1154)) - Stopped o.e.j.s.ServletContextHandler@1b65076{logs,/logs,file:///github/workspace/mnt/ozone/hadoop-ozone/integration-test/target/log,STOPPED}
2021-01-02 03:04:59,753 [Listener at 0.0.0.0/33083] INFO  ozone.MiniOzoneClusterImpl (MiniOzoneClusterImpl.java:stopSCM(477)) - Stopping the StorageContainerManager
2021-01-02 03:04:59,753 [Listener at 0.0.0.0/33083] INFO  server.StorageContainerManager (StorageContainerManager.java:stop(832)) - Stopping Replication Manager Service.
2021-01-02 03:04:59,753 [Listener at 0.0.0.0/33083] INFO  container.ReplicationManager (ReplicationManager.java:stop(227)) - Stopping Replication Monitor Thread.
2021-01-02 03:04:59,754 [Listener at 0.0.0.0/33083] INFO  server.StorageContainerManager (StorageContainerManager.java:stop(839)) - Stopping the Datanode Admin Monitor.
2021-01-02 03:04:59,754 [Listener at 0.0.0.0/33083] INFO  server.StorageContainerManager (StorageContainerManager.java:stop(846)) - Stopping Lease Manager of the command watchers
2021-01-02 03:04:59,754 [Listener at 0.0.0.0/33083] INFO  server.StorageContainerManager (StorageContainerManager.java:stop(853)) - Stopping datanode service RPC server
2021-01-02 03:04:59,754 [Listener at 0.0.0.0/33083] INFO  server.SCMDatanodeProtocolServer (SCMDatanodeProtocolServer.java:stop(369)) - Stopping the RPC server for DataNodes
2021-01-02 03:04:59,754 [Listener at 0.0.0.0/33083] INFO  ipc.Server (Server.java:stop(3359)) - Stopping server on 43483
2021-01-02 03:04:59,756 [IPC Server Responder] INFO  ipc.Server (Server.java:run(1465)) - Stopping IPC Server Responder
2021-01-02 03:04:59,756 [IPC Server listener on 43483] INFO  ipc.Server (Server.java:run(1330)) - Stopping IPC Server listener on 43483
2021-01-02 03:04:59,817 [SCM Heartbeat Processing Thread - 0] WARN  node.NodeStateManager (NodeStateManager.java:scheduleNextHealthCheck(688)) - Current Thread is interrupted, shutting down HB processing thread for Node Manager.
2021-01-02 03:04:59,817 [Listener at 0.0.0.0/33083] INFO  server.StorageContainerManager (StorageContainerManager.java:stop(861)) - Stopping block service RPC server
2021-01-02 03:04:59,818 [Listener at 0.0.0.0/33083] INFO  server.SCMBlockProtocolServer (SCMBlockProtocolServer.java:stop(159)) - Stopping the RPC server for Block Protocol
2021-01-02 03:04:59,818 [Listener at 0.0.0.0/33083] INFO  ipc.Server (Server.java:stop(3359)) - Stopping server on 38625
2021-01-02 03:04:59,819 [IPC Server Responder] INFO  ipc.Server (Server.java:run(1465)) - Stopping IPC Server Responder
2021-01-02 03:04:59,819 [Listener at 0.0.0.0/33083] INFO  server.StorageContainerManager (StorageContainerManager.java:stop(868)) - Stopping the StorageContainerLocationProtocol RPC server
2021-01-02 03:04:59,820 [Listener at 0.0.0.0/33083] INFO  server.SCMClientProtocolServer (SCMClientProtocolServer.java:stop(168)) - Stopping the RPC server for Client Protocol
2021-01-02 03:04:59,820 [Listener at 0.0.0.0/33083] INFO  ipc.Server (Server.java:stop(3359)) - Stopping server on 33083
2021-01-02 03:04:59,819 [IPC Server listener on 38625] INFO  ipc.Server (Server.java:run(1330)) - Stopping IPC Server listener on 38625
2021-01-02 03:04:59,822 [Listener at 0.0.0.0/33083] INFO  server.StorageContainerManager (StorageContainerManager.java:stop(875)) - Stopping Storage Container Manager HTTP server.
2021-01-02 03:04:59,822 [Listener at 0.0.0.0/33083] INFO  handler.ContextHandler (ContextHandler.java:doStop(1154)) - Stopped o.e.j.w.WebAppContext@2ac87e3d{scm,/,null,STOPPED}{file:/github/workspace/mnt/ozone/hadoop-ozone/integration-test/target/test-classes/webapps/scm}
2021-01-02 03:04:59,822 [IPC Server Responder] INFO  ipc.Server (Server.java:run(1465)) - Stopping IPC Server Responder
2021-01-02 03:04:59,823 [IPC Server listener on 33083] INFO  ipc.Server (Server.java:run(1330)) - Stopping IPC Server listener on 33083
2021-01-02 03:04:59,823 [Listener at 0.0.0.0/33083] INFO  server.AbstractConnector (AbstractConnector.java:doStop(381)) - Stopped ServerConnector@751e632a{HTTP/1.1, (http/1.1)}{0.0.0.0:45961}
2021-01-02 03:04:59,823 [Listener at 0.0.0.0/33083] INFO  server.session (HouseKeeper.java:stopScavenging(149)) - node0 Stopped scavenging
2021-01-02 03:04:59,823 [Listener at 0.0.0.0/33083] INFO  handler.ContextHandler (ContextHandler.java:doStop(1154)) - Stopped o.e.j.s.ServletContextHandler@3d7d8d8{static,/static,file:///github/workspace/mnt/ozone/hadoop-ozone/integration-test/target/test-classes/webapps/static,STOPPED}
2021-01-02 03:04:59,823 [Listener at 0.0.0.0/33083] INFO  handler.ContextHandler (ContextHandler.java:doStop(1154)) - Stopped o.e.j.s.ServletContextHandler@d556143{logs,/logs,file:///github/workspace/mnt/ozone/hadoop-ozone/integration-test/target/log,STOPPED}
2021-01-02 03:04:59,824 [Listener at 0.0.0.0/33083] INFO  server.StorageContainerManager (StorageContainerManager.java:stop(886)) - Stopping Block Manager Service.
2021-01-02 03:04:59,824 [Listener at 0.0.0.0/33083] INFO  utils.BackgroundService (BackgroundService.java:shutdown(132)) - Shutting down service SCMBlockDeletingService
2021-01-02 03:04:59,824 [Listener at 0.0.0.0/33083] INFO  utils.BackgroundService (BackgroundService.java:shutdown(132)) - Shutting down service SCMBlockDeletingService
2021-01-02 03:04:59,825 [Listener at 0.0.0.0/33083] INFO  server.StorageContainerManager (StorageContainerManager.java:stop(911)) - Stopping SCM Event Queue.
2021-01-02 03:04:59,827 [Listener at 0.0.0.0/33083] INFO  impl.MetricsSystemImpl (MetricsSystemImpl.java:stop(210)) - Stopping StorageContainerManager metrics system...
2021-01-02 03:04:59,829 [Listener at 0.0.0.0/33083] INFO  impl.MetricsSystemImpl (MetricsSystemImpl.java:stop(216)) - StorageContainerManager metrics system stopped.
]]></system-out>
  </testcase>
  <testcase name="testDecommissioningNodesCompleteDecommissionOnSCMRestart" classname="org.apache.hadoop.ozone.scm.node.TestDecommissionAndMaintenance" time="43.904"/>
</testsuite>