<?xml version="1.0" encoding="UTF-8"?>
<testsuite xmlns:xsi="http://www.w3.org/2001/XMLSchema-instance" xsi:noNamespaceSchemaLocation="https://maven.apache.org/surefire/maven-surefire-plugin/xsd/surefire-test-report.xsd" name="org.apache.hadoop.ozone.TestMiniOzoneCluster" time="226.452" tests="5" errors="1" skipped="0" failures="0">
  <properties>
    <property name="awt.toolkit" value="sun.awt.X11.XToolkit"/>
    <property name="file.encoding.pkg" value="sun.io"/>
    <property name="java.specification.version" value="1.8"/>
    <property name="sun.cpu.isalist" value=""/>
    <property name="sun.jnu.encoding" value="UTF-8"/>
    <property name="java.class.path" value="/home/runner/work/ozone/ozone/hadoop-ozone/integration-test/target/test-classes:/home/runner/work/ozone/ozone/hadoop-ozone/integration-test/target/classes:/home/runner/.m2/repository/org/apache/ozone/ozone-common/1.3.0-SNAPSHOT/ozone-common-1.3.0-SNAPSHOT.jar:/home/runner/.m2/repository/org/apache/commons/commons-compress/1.21/commons-compress-1.21.jar:/home/runner/.m2/repository/org/apache/ozone/hdds-common/1.3.0-SNAPSHOT/hdds-common-1.3.0-SNAPSHOT.jar:/home/runner/.m2/repository/org/apache/ozone/hdds-client/1.3.0-SNAPSHOT/hdds-client-1.3.0-SNAPSHOT.jar:/home/runner/.m2/repository/org/apache/ozone/ozone-interface-client/1.3.0-SNAPSHOT/ozone-interface-client-1.3.0-SNAPSHOT.jar:/home/runner/.m2/repository/org/apache/ozone/hdds-test-utils/1.3.0-SNAPSHOT/hdds-test-utils-1.3.0-SNAPSHOT.jar:/home/runner/.m2/repository/com/google/guava/guava/30.1.1-jre/guava-30.1.1-jre.jar:/home/runner/.m2/repository/com/google/guava/failureaccess/1.0.1/failureaccess-1.0.1.jar:/home/runner/.m2/repository/com/google/guava/listenablefuture/9999.0-empty-to-avoid-conflict-with-guava/listenablefuture-9999.0-empty-to-avoid-conflict-with-guava.jar:/home/runner/.m2/repository/com/google/code/findbugs/jsr305/3.0.0/jsr305-3.0.0.jar:/home/runner/.m2/repository/org/checkerframework/checker-qual/3.8.0/checker-qual-3.8.0.jar:/home/runner/.m2/repository/com/google/errorprone/error_prone_annotations/2.2.0/error_prone_annotations-2.2.0.jar:/home/runner/.m2/repository/com/google/j2objc/j2objc-annotations/1.3/j2objc-annotations-1.3.jar:/home/runner/.m2/repository/commons-io/commons-io/2.11.0/commons-io-2.11.0.jar:/home/runner/.m2/repository/commons-logging/commons-logging/1.2/commons-logging-1.2.jar:/home/runner/.m2/repository/log4j/log4j/1.2.17/log4j-1.2.17.jar:/home/runner/.m2/repository/org/slf4j/slf4j-api/1.7.30/slf4j-api-1.7.30.jar:/home/runner/.m2/repository/org/apache/ozone/hdds-server-scm/1.3.0-SNAPSHOT/hdds-server-scm-1.3.0-SNAPSHOT.jar:/home/runner/.m2/repository/org/apache/ozone/hdds-container-service/1.3.0-SNAPSHOT/hdds-container-service-1.3.0-SNAPSHOT.jar:/home/runner/.m2/repository/org/apache/ozone/hdds-hadoop-dependency-server/1.3.0-SNAPSHOT/hdds-hadoop-dependency-server-1.3.0-SNAPSHOT.jar:/home/runner/.m2/repository/org/apache/hadoop/hadoop-hdfs/3.3.1/hadoop-hdfs-3.3.1.jar:/home/runner/.m2/repository/org/apache/ozone/hdds-server-framework/1.3.0-SNAPSHOT/hdds-server-framework-1.3.0-SNAPSHOT.jar:/home/runner/.m2/repository/org/apache/ozone/hdds-interface-server/1.3.0-SNAPSHOT/hdds-interface-server-1.3.0-SNAPSHOT.jar:/home/runner/.m2/repository/org/eclipse/jetty/jetty-servlet/9.4.43.v20210629/jetty-servlet-9.4.43.v20210629.jar:/home/runner/.m2/repository/org/eclipse/jetty/jetty-security/9.4.43.v20210629/jetty-security-9.4.43.v20210629.jar:/home/runner/.m2/repository/org/rocksdb/rocksdbjni/6.25.3/rocksdbjni-6.25.3.jar:/home/runner/.m2/repository/io/prometheus/simpleclient_dropwizard/0.7.0/simpleclient_dropwizard-0.7.0.jar:/home/runner/.m2/repository/io/prometheus/simpleclient/0.7.0/simpleclient-0.7.0.jar:/home/runner/.m2/repository/io/prometheus/simpleclient_common/0.7.0/simpleclient_common-0.7.0.jar:/home/runner/.m2/repository/com/fasterxml/jackson/datatype/jackson-datatype-jsr310/2.12.1/jackson-datatype-jsr310-2.12.1.jar:/home/runner/.m2/repository/io/dropwizard/metrics/metrics-core/3.2.4/metrics-core-3.2.4.jar:/home/runner/.m2/repository/org/apache/hadoop/hadoop-hdfs-client/3.3.1/hadoop-hdfs-client-3.3.1.jar:/home/runner/.m2/repository/org/bouncycastle/bcprov-jdk15on/1.67/bcprov-jdk15on-1.67.jar:/home/runner/.m2/repository/com/google/protobuf/protobuf-java/2.5.0/protobuf-java-2.5.0.jar:/home/runner/.m2/repository/org/apache/ozone/ozone-manager/1.3.0-SNAPSHOT/ozone-manager-1.3.0-SNAPSHOT.jar:/home/runner/.m2/repository/org/aspectj/aspectjrt/1.9.7/aspectjrt-1.9.7.jar:/home/runner/.m2/repository/org/aspectj/aspectjweaver/1.9.7/aspectjweaver-1.9.7.jar:/home/runner/.m2/repository/org/apache/ozone/hdds-interface-client/1.3.0-SNAPSHOT/hdds-interface-client-1.3.0-SNAPSHOT.jar:/home/runner/.m2/repository/org/apache/hadoop/thirdparty/hadoop-shaded-protobuf_3_7/1.1.1/hadoop-shaded-protobuf_3_7-1.1.1.jar:/home/runner/.m2/repository/org/apache/ozone/ozone-interface-storage/1.3.0-SNAPSHOT/ozone-interface-storage-1.3.0-SNAPSHOT.jar:/home/runner/.m2/repository/org/reflections/reflections/0.9.11/reflections-0.9.11.jar:/home/runner/.m2/repository/org/apache/hadoop/hadoop-minikdc/3.3.1/hadoop-minikdc-3.3.1.jar:/home/runner/.m2/repository/org/apache/kerby/kerb-simplekdc/1.0.1/kerb-simplekdc-1.0.1.jar:/home/runner/.m2/repository/org/apache/kerby/kerb-client/1.0.1/kerb-client-1.0.1.jar:/home/runner/.m2/repository/org/apache/kerby/kerby-config/1.0.1/kerby-config-1.0.1.jar:/home/runner/.m2/repository/org/apache/kerby/kerb-common/1.0.1/kerb-common-1.0.1.jar:/home/runner/.m2/repository/org/apache/kerby/kerb-crypto/1.0.1/kerb-crypto-1.0.1.jar:/home/runner/.m2/repository/org/apache/kerby/kerb-util/1.0.1/kerb-util-1.0.1.jar:/home/runner/.m2/repository/org/apache/kerby/token-provider/1.0.1/token-provider-1.0.1.jar:/home/runner/.m2/repository/org/apache/kerby/kerb-admin/1.0.1/kerb-admin-1.0.1.jar:/home/runner/.m2/repository/org/apache/kerby/kerb-server/1.0.1/kerb-server-1.0.1.jar:/home/runner/.m2/repository/org/apache/kerby/kerb-identity/1.0.1/kerb-identity-1.0.1.jar:/home/runner/.m2/repository/org/apache/kerby/kerby-xdr/1.0.1/kerby-xdr-1.0.1.jar:/home/runner/.m2/repository/org/slf4j/slf4j-log4j12/1.7.30/slf4j-log4j12-1.7.30.jar:/home/runner/.m2/repository/org/apache/ozone/ozone-s3gateway/1.3.0-SNAPSHOT/ozone-s3gateway-1.3.0-SNAPSHOT.jar:/home/runner/.m2/repository/org/javassist/javassist/3.21.0-GA/javassist-3.21.0-GA.jar:/home/runner/.m2/repository/org/jboss/weld/servlet/weld-servlet/2.4.7.Final/weld-servlet-2.4.7.Final.jar:/home/runner/.m2/repository/org/glassfish/jersey/containers/jersey-container-servlet-core/2.33/jersey-container-servlet-core-2.33.jar:/home/runner/.m2/repository/org/glassfish/hk2/external/jakarta.inject/2.6.1/jakarta.inject-2.6.1.jar:/home/runner/.m2/repository/org/glassfish/jersey/core/jersey-common/2.33/jersey-common-2.33.jar:/home/runner/.m2/repository/jakarta/ws/rs/jakarta.ws.rs-api/2.1.6/jakarta.ws.rs-api-2.1.6.jar:/home/runner/.m2/repository/org/glassfish/jersey/ext/cdi/jersey-cdi1x/2.33/jersey-cdi1x-2.33.jar:/home/runner/.m2/repository/org/glassfish/jersey/inject/jersey-hk2/2.33/jersey-hk2-2.33.jar:/home/runner/.m2/repository/org/glassfish/hk2/hk2-locator/2.6.1/hk2-locator-2.6.1.jar:/home/runner/.m2/repository/org/glassfish/jersey/media/jersey-media-jaxb/2.33/jersey-media-jaxb-2.33.jar:/home/runner/.m2/repository/org/glassfish/hk2/osgi-resource-locator/1.0.3/osgi-resource-locator-1.0.3.jar:/home/runner/.m2/repository/org/glassfish/hk2/hk2-api/2.5.0/hk2-api-2.5.0.jar:/home/runner/.m2/repository/org/glassfish/hk2/hk2-utils/2.5.0/hk2-utils-2.5.0.jar:/home/runner/.m2/repository/org/glassfish/hk2/external/aopalliance-repackaged/2.5.0/aopalliance-repackaged-2.5.0.jar:/home/runner/.m2/repository/com/fasterxml/jackson/dataformat/jackson-dataformat-xml/2.12.1/jackson-dataformat-xml-2.12.1.jar:/home/runner/.m2/repository/com/fasterxml/jackson/core/jackson-core/2.12.1/jackson-core-2.12.1.jar:/home/runner/.m2/repository/com/fasterxml/jackson/module/jackson-module-jaxb-annotations/2.12.1/jackson-module-jaxb-annotations-2.12.1.jar:/home/runner/.m2/repository/jakarta/xml/bind/jakarta.xml.bind-api/2.3.2/jakarta.xml.bind-api-2.3.2.jar:/home/runner/.m2/repository/org/codehaus/woodstox/stax2-api/3.1.4/stax2-api-3.1.4.jar:/home/runner/.m2/repository/com/fasterxml/woodstox/woodstox-core/5.0.3/woodstox-core-5.0.3.jar:/home/runner/.m2/repository/javax/enterprise/cdi-api/1.2/cdi-api-1.2.jar:/home/runner/.m2/repository/javax/el/javax.el-api/3.0.0/javax.el-api-3.0.0.jar:/home/runner/.m2/repository/javax/interceptor/javax.interceptor-api/1.2/javax.interceptor-api-1.2.jar:/home/runner/.m2/repository/javax/inject/javax.inject/1/javax.inject-1.jar:/home/runner/.m2/repository/javax/xml/bind/jaxb-api/2.3.0/jaxb-api-2.3.0.jar:/home/runner/.m2/repository/org/glassfish/jaxb/jaxb-runtime/2.3.0.1/jaxb-runtime-2.3.0.1.jar:/home/runner/.m2/repository/org/glassfish/jaxb/jaxb-core/2.3.0.1/jaxb-core-2.3.0.1.jar:/home/runner/.m2/repository/org/glassfish/jaxb/txw2/2.3.0.1/txw2-2.3.0.1.jar:/home/runner/.m2/repository/com/sun/istack/istack-commons-runtime/3.0.5/istack-commons-runtime-3.0.5.jar:/home/runner/.m2/repository/org/jvnet/staxex/stax-ex/1.7.8/stax-ex-1.7.8.jar:/home/runner/.m2/repository/com/sun/xml/fastinfoset/FastInfoset/1.2.13/FastInfoset-1.2.13.jar:/home/runner/.m2/repository/javax/activation/activation/1.1.1/activation-1.1.1.jar:/home/runner/.m2/repository/org/apache/ozone/ozone-csi/1.3.0-SNAPSHOT/ozone-csi-1.3.0-SNAPSHOT.jar:/home/runner/.m2/repository/com/google/protobuf/protobuf-java-util/3.12.0/protobuf-java-util-3.12.0.jar:/home/runner/.m2/repository/com/google/code/gson/gson/2.2.4/gson-2.2.4.jar:/home/runner/.m2/repository/org/apache/ozone/hdds-config/1.3.0-SNAPSHOT/hdds-config-1.3.0-SNAPSHOT.jar:/home/runner/.m2/repository/io/grpc/grpc-netty/1.33.0/grpc-netty-1.33.0.jar:/home/runner/.m2/repository/io/grpc/grpc-core/1.33.0/grpc-core-1.33.0.jar:/home/runner/.m2/repository/com/google/android/annotations/4.1.1.4/annotations-4.1.1.4.jar:/home/runner/.m2/repository/io/netty/netty-codec-http2/4.1.63.Final/netty-codec-http2-4.1.63.Final.jar:/home/runner/.m2/repository/io/netty/netty-codec-http/4.1.63.Final/netty-codec-http-4.1.63.Final.jar:/home/runner/.m2/repository/io/netty/netty-handler-proxy/4.1.63.Final/netty-handler-proxy-4.1.63.Final.jar:/home/runner/.m2/repository/io/netty/netty-codec-socks/4.1.63.Final/netty-codec-socks-4.1.63.Final.jar:/home/runner/.m2/repository/io/perfmark/perfmark-api/0.19.0/perfmark-api-0.19.0.jar:/home/runner/.m2/repository/org/codehaus/mojo/animal-sniffer-annotations/1.18/animal-sniffer-annotations-1.18.jar:/home/runner/.m2/repository/io/netty/netty-transport-native-epoll/4.1.63.Final/netty-transport-native-epoll-4.1.63.Final.jar:/home/runner/.m2/repository/io/netty/netty-common/4.1.63.Final/netty-common-4.1.63.Final.jar:/home/runner/.m2/repository/io/netty/netty-buffer/4.1.63.Final/netty-buffer-4.1.63.Final.jar:/home/runner/.m2/repository/io/netty/netty-transport-native-unix-common/4.1.63.Final/netty-transport-native-unix-common-4.1.63.Final.jar:/home/runner/.m2/repository/io/grpc/grpc-protobuf/1.33.0/grpc-protobuf-1.33.0.jar:/home/runner/.m2/repository/io/grpc/grpc-api/1.33.0/grpc-api-1.33.0.jar:/home/runner/.m2/repository/io/grpc/grpc-context/1.33.0/grpc-context-1.33.0.jar:/home/runner/.m2/repository/com/google/api/grpc/proto-google-common-protos/1.17.0/proto-google-common-protos-1.17.0.jar:/home/runner/.m2/repository/io/grpc/grpc-protobuf-lite/1.33.0/grpc-protobuf-lite-1.33.0.jar:/home/runner/.m2/repository/io/grpc/grpc-stub/1.33.0/grpc-stub-1.33.0.jar:/home/runner/.m2/repository/org/apache/ozone/ozone-recon/1.3.0-SNAPSHOT/ozone-recon-1.3.0-SNAPSHOT.jar:/home/runner/.m2/repository/org/apache/ozone/ozone-reconcodegen/1.3.0-SNAPSHOT/ozone-reconcodegen-1.3.0-SNAPSHOT.jar:/home/runner/.m2/repository/com/google/inject/extensions/guice-multibindings/4.0/guice-multibindings-4.0.jar:/home/runner/.m2/repository/com/google/inject/guice/4.0/guice-4.0.jar:/home/runner/.m2/repository/aopalliance/aopalliance/1.0/aopalliance-1.0.jar:/home/runner/.m2/repository/com/google/inject/extensions/guice-assistedinject/4.0/guice-assistedinject-4.0.jar:/home/runner/.m2/repository/com/google/inject/extensions/guice-servlet/4.0/guice-servlet-4.0.jar:/home/runner/.m2/repository/org/glassfish/jersey/containers/jersey-container-servlet/2.33/jersey-container-servlet-2.33.jar:/home/runner/.m2/repository/org/glassfish/hk2/guice-bridge/2.5.0/guice-bridge-2.5.0.jar:/home/runner/.m2/repository/org/glassfish/jersey/core/jersey-server/2.33/jersey-server-2.33.jar:/home/runner/.m2/repository/org/glassfish/jersey/core/jersey-client/2.33/jersey-client-2.33.jar:/home/runner/.m2/repository/jakarta/annotation/jakarta.annotation-api/1.3.5/jakarta.annotation-api-1.3.5.jar:/home/runner/.m2/repository/jakarta/validation/jakarta.validation-api/2.0.2/jakarta.validation-api-2.0.2.jar:/home/runner/.m2/repository/org/glassfish/jersey/media/jersey-media-json-jackson/2.33/jersey-media-json-jackson-2.33.jar:/home/runner/.m2/repository/org/glassfish/jersey/ext/jersey-entity-filtering/2.33/jersey-entity-filtering-2.33.jar:/home/runner/.m2/repository/org/jooq/jooq/3.11.10/jooq-3.11.10.jar:/home/runner/.m2/repository/org/jooq/jooq-meta/3.11.10/jooq-meta-3.11.10.jar:/home/runner/.m2/repository/org/jooq/jooq-codegen/3.11.10/jooq-codegen-3.11.10.jar:/home/runner/.m2/repository/com/jolbox/bonecp/0.8.0.RELEASE/bonecp-0.8.0.RELEASE.jar:/home/runner/.m2/repository/org/apache/derby/derby/10.14.2.0/derby-10.14.2.0.jar:/home/runner/.m2/repository/org/xerial/sqlite-jdbc/3.25.2/sqlite-jdbc-3.25.2.jar:/home/runner/.m2/repository/org/springframework/spring-jdbc/5.2.18.RELEASE/spring-jdbc-5.2.18.RELEASE.jar:/home/runner/.m2/repository/org/springframework/spring-beans/5.2.18.RELEASE/spring-beans-5.2.18.RELEASE.jar:/home/runner/.m2/repository/org/springframework/spring-core/5.2.18.RELEASE/spring-core-5.2.18.RELEASE.jar:/home/runner/.m2/repository/org/springframework/spring-jcl/5.2.18.RELEASE/spring-jcl-5.2.18.RELEASE.jar:/home/runner/.m2/repository/org/springframework/spring-tx/5.2.18.RELEASE/spring-tx-5.2.18.RELEASE.jar:/home/runner/.m2/repository/org/apache/ozone/ozone-client/1.3.0-SNAPSHOT/ozone-client-1.3.0-SNAPSHOT.jar:/home/runner/.m2/repository/org/apache/ozone/ozone-filesystem/1.3.0-SNAPSHOT/ozone-filesystem-1.3.0-SNAPSHOT.jar:/home/runner/.m2/repository/org/apache/ozone/ozone-filesystem-common/1.3.0-SNAPSHOT/ozone-filesystem-common-1.3.0-SNAPSHOT.jar:/home/runner/.m2/repository/org/apache/ozone/ozone-tools/1.3.0-SNAPSHOT/ozone-tools-1.3.0-SNAPSHOT.jar:/home/runner/.m2/repository/org/apache/ratis/ratis-tools/2.2.0/ratis-tools-2.2.0.jar:/home/runner/.m2/repository/com/amazonaws/aws-java-sdk-core/1.12.124/aws-java-sdk-core-1.12.124.jar:/home/runner/.m2/repository/org/apache/httpcomponents/httpclient/4.5.13/httpclient-4.5.13.jar:/home/runner/.m2/repository/org/apache/httpcomponents/httpcore/4.4.13/httpcore-4.4.13.jar:/home/runner/.m2/repository/software/amazon/ion/ion-java/1.0.2/ion-java-1.0.2.jar:/home/runner/.m2/repository/com/fasterxml/jackson/dataformat/jackson-dataformat-cbor/2.12.1/jackson-dataformat-cbor-2.12.1.jar:/home/runner/.m2/repository/joda-time/joda-time/2.8.1/joda-time-2.8.1.jar:/home/runner/.m2/repository/com/amazonaws/aws-java-sdk-s3/1.12.124/aws-java-sdk-s3-1.12.124.jar:/home/runner/.m2/repository/com/amazonaws/aws-java-sdk-kms/1.12.124/aws-java-sdk-kms-1.12.124.jar:/home/runner/.m2/repository/com/amazonaws/jmespath-java/1.12.124/jmespath-java-1.12.124.jar:/home/runner/.m2/repository/org/kohsuke/metainf-services/metainf-services/1.8/metainf-services-1.8.jar:/home/runner/.m2/repository/org/apache/ozone/hdds-tools/1.3.0-SNAPSHOT/hdds-tools-1.3.0-SNAPSHOT.jar:/home/runner/.m2/repository/commons-cli/commons-cli/1.2/commons-cli-1.2.jar:/home/runner/.m2/repository/org/apache/commons/commons-lang3/3.7/commons-lang3-3.7.jar:/home/runner/.m2/repository/org/apache/ozone/ozone-manager/1.3.0-SNAPSHOT/ozone-manager-1.3.0-SNAPSHOT-tests.jar:/home/runner/.m2/repository/org/apache/ozone/hdds-common/1.3.0-SNAPSHOT/hdds-common-1.3.0-SNAPSHOT-tests.jar:/home/runner/.m2/repository/org/apache/ozone/hdds-hadoop-dependency-client/1.3.0-SNAPSHOT/hdds-hadoop-dependency-client-1.3.0-SNAPSHOT.jar:/home/runner/.m2/repository/info/picocli/picocli/4.6.1/picocli-4.6.1.jar:/home/runner/.m2/repository/com/fasterxml/jackson/core/jackson-annotations/2.12.1/jackson-annotations-2.12.1.jar:/home/runner/.m2/repository/javax/annotation/javax.annotation-api/1.2/javax.annotation-api-1.2.jar:/home/runner/.m2/repository/org/apache/ratis/ratis-server/2.2.0/ratis-server-2.2.0.jar:/home/runner/.m2/repository/org/apache/ratis/ratis-client/2.2.0/ratis-client-2.2.0.jar:/home/runner/.m2/repository/org/apache/ratis/ratis-server-api/2.2.0/ratis-server-api-2.2.0.jar:/home/runner/.m2/repository/org/apache/ratis/ratis-metrics/2.2.0/ratis-metrics-2.2.0.jar:/home/runner/.m2/repository/org/apache/ratis/ratis-netty/2.2.0/ratis-netty-2.2.0.jar:/home/runner/.m2/repository/org/apache/ratis/ratis-grpc/2.2.0/ratis-grpc-2.2.0.jar:/home/runner/.m2/repository/org/apache/logging/log4j/log4j-api/2.17.1/log4j-api-2.17.1.jar:/home/runner/.m2/repository/org/apache/logging/log4j/log4j-core/2.17.1/log4j-core-2.17.1.jar:/home/runner/.m2/repository/com/lmax/disruptor/3.4.2/disruptor-3.4.2.jar:/home/runner/.m2/repository/org/apache/commons/commons-pool2/2.6.0/commons-pool2-2.6.0.jar:/home/runner/.m2/repository/org/bouncycastle/bcpkix-jdk15on/1.67/bcpkix-jdk15on-1.67.jar:/home/runner/.m2/repository/commons-validator/commons-validator/1.6/commons-validator-1.6.jar:/home/runner/.m2/repository/commons-beanutils/commons-beanutils/1.9.4/commons-beanutils-1.9.4.jar:/home/runner/.m2/repository/commons-digester/commons-digester/1.8.1/commons-digester-1.8.1.jar:/home/runner/.m2/repository/commons-collections/commons-collections/3.2.2/commons-collections-3.2.2.jar:/home/runner/.m2/repository/io/jaegertracing/jaeger-client/1.6.0/jaeger-client-1.6.0.jar:/home/runner/.m2/repository/io/jaegertracing/jaeger-thrift/1.6.0/jaeger-thrift-1.6.0.jar:/home/runner/.m2/repository/org/apache/thrift/libthrift/0.14.1/libthrift-0.14.1.jar:/home/runner/.m2/repository/com/squareup/okhttp3/okhttp/4.9.0/okhttp-4.9.0.jar:/home/runner/.m2/repository/com/squareup/okio/okio/2.8.0/okio-2.8.0.jar:/home/runner/.m2/repository/io/jaegertracing/jaeger-core/1.6.0/jaeger-core-1.6.0.jar:/home/runner/.m2/repository/io/jaegertracing/jaeger-tracerresolver/1.6.0/jaeger-tracerresolver-1.6.0.jar:/home/runner/.m2/repository/io/opentracing/contrib/opentracing-tracerresolver/0.1.8/opentracing-tracerresolver-0.1.8.jar:/home/runner/.m2/repository/org/jetbrains/kotlin/kotlin-stdlib/1.4.31/kotlin-stdlib-1.4.31.jar:/home/runner/.m2/repository/org/jetbrains/kotlin/kotlin-stdlib-common/1.4.31/kotlin-stdlib-common-1.4.31.jar:/home/runner/.m2/repository/org/jetbrains/annotations/13.0/annotations-13.0.jar:/home/runner/.m2/repository/io/opentracing/opentracing-util/0.33.0/opentracing-util-0.33.0.jar:/home/runner/.m2/repository/io/opentracing/opentracing-api/0.33.0/opentracing-api-0.33.0.jar:/home/runner/.m2/repository/io/opentracing/opentracing-noop/0.33.0/opentracing-noop-0.33.0.jar:/home/runner/.m2/repository/org/yaml/snakeyaml/1.26/snakeyaml-1.26.jar:/home/runner/.m2/repository/org/apache/ozone/hdds-interface-admin/1.3.0-SNAPSHOT/hdds-interface-admin-1.3.0-SNAPSHOT.jar:/home/runner/.m2/repository/junit/junit/4.13.1/junit-4.13.1.jar:/home/runner/.m2/repository/org/hamcrest/hamcrest-core/1.3/hamcrest-core-1.3.jar:/home/runner/.m2/repository/org/junit/jupiter/junit-jupiter-api/5.7.0/junit-jupiter-api-5.7.0.jar:/home/runner/.m2/repository/org/apiguardian/apiguardian-api/1.1.0/apiguardian-api-1.1.0.jar:/home/runner/.m2/repository/org/opentest4j/opentest4j/1.2.0/opentest4j-1.2.0.jar:/home/runner/.m2/repository/org/junit/platform/junit-platform-commons/1.7.0/junit-platform-commons-1.7.0.jar:/home/runner/.m2/repository/org/junit/jupiter/junit-jupiter-engine/5.7.0/junit-jupiter-engine-5.7.0.jar:/home/runner/.m2/repository/org/junit/platform/junit-platform-engine/1.7.0/junit-platform-engine-1.7.0.jar:/home/runner/.m2/repository/org/junit/vintage/junit-vintage-engine/5.7.0/junit-vintage-engine-5.7.0.jar:/home/runner/.m2/repository/org/junit/platform/junit-platform-launcher/1.7.0/junit-platform-launcher-1.7.0.jar:/home/runner/.m2/repository/org/mockito/mockito-core/2.28.2/mockito-core-2.28.2.jar:/home/runner/.m2/repository/net/bytebuddy/byte-buddy/1.9.10/byte-buddy-1.9.10.jar:/home/runner/.m2/repository/net/bytebuddy/byte-buddy-agent/1.9.10/byte-buddy-agent-1.9.10.jar:/home/runner/.m2/repository/org/objenesis/objenesis/1.0/objenesis-1.0.jar:/home/runner/.m2/repository/org/apache/hadoop/hadoop-kms/3.3.1/hadoop-kms-3.3.1.jar:/home/runner/.m2/repository/org/apache/hadoop/hadoop-auth/3.3.1/hadoop-auth-3.3.1.jar:/home/runner/.m2/repository/com/nimbusds/nimbus-jose-jwt/7.9/nimbus-jose-jwt-7.9.jar:/home/runner/.m2/repository/com/github/stephenc/jcip/jcip-annotations/1.0-1/jcip-annotations-1.0-1.jar:/home/runner/.m2/repository/net/minidev/json-smart/2.3.1/json-smart-2.3.1.jar:/home/runner/.m2/repository/net/minidev/accessors-smart/2.3.1/accessors-smart-2.3.1.jar:/home/runner/.m2/repository/org/ow2/asm/asm/5.0.4/asm-5.0.4.jar:/home/runner/.m2/repository/org/apache/zookeeper/zookeeper/3.5.6/zookeeper-3.5.6.jar:/home/runner/.m2/repository/org/apache/zookeeper/zookeeper-jute/3.5.6/zookeeper-jute-3.5.6.jar:/home/runner/.m2/repository/org/apache/yetus/audience-annotations/0.5.0/audience-annotations-0.5.0.jar:/home/runner/.m2/repository/org/apache/curator/curator-framework/4.2.0/curator-framework-4.2.0.jar:/home/runner/.m2/repository/org/apache/hadoop/thirdparty/hadoop-shaded-guava/1.1.1/hadoop-shaded-guava-1.1.1.jar:/home/runner/.m2/repository/com/sun/jersey/jersey-core/1.19/jersey-core-1.19.jar:/home/runner/.m2/repository/javax/ws/rs/jsr311-api/1.1.1/jsr311-api-1.1.1.jar:/home/runner/.m2/repository/com/sun/jersey/jersey-server/1.19/jersey-server-1.19.jar:/home/runner/.m2/repository/javax/servlet/javax.servlet-api/3.1.0/javax.servlet-api-3.1.0.jar:/home/runner/.m2/repository/org/eclipse/jetty/jetty-server/9.4.43.v20210629/jetty-server-9.4.43.v20210629.jar:/home/runner/.m2/repository/org/eclipse/jetty/jetty-http/9.4.43.v20210629/jetty-http-9.4.43.v20210629.jar:/home/runner/.m2/repository/org/eclipse/jetty/jetty-io/9.4.43.v20210629/jetty-io-9.4.43.v20210629.jar:/home/runner/.m2/repository/org/eclipse/jetty/jetty-webapp/9.4.43.v20210629/jetty-webapp-9.4.43.v20210629.jar:/home/runner/.m2/repository/org/eclipse/jetty/jetty-xml/9.4.43.v20210629/jetty-xml-9.4.43.v20210629.jar:/home/runner/.m2/repository/org/apache/hadoop/hadoop-common/3.3.1/hadoop-common-3.3.1.jar:/home/runner/.m2/repository/org/apache/commons/commons-math3/3.1.1/commons-math3-3.1.1.jar:/home/runner/.m2/repository/commons-net/commons-net/3.6/commons-net-3.6.jar:/home/runner/.m2/repository/jakarta/activation/jakarta.activation-api/1.2.1/jakarta.activation-api-1.2.1.jar:/home/runner/.m2/repository/com/sun/jersey/jersey-servlet/1.19/jersey-servlet-1.19.jar:/home/runner/.m2/repository/com/sun/jersey/jersey-json/1.19/jersey-json-1.19.jar:/home/runner/.m2/repository/org/codehaus/jettison/jettison/1.1/jettison-1.1.jar:/home/runner/.m2/repository/com/sun/xml/bind/jaxb-impl/2.2.3-1/jaxb-impl-2.2.3-1.jar:/home/runner/.m2/repository/org/codehaus/jackson/jackson-jaxrs/1.9.2/jackson-jaxrs-1.9.2.jar:/home/runner/.m2/repository/org/codehaus/jackson/jackson-xc/1.9.2/jackson-xc-1.9.2.jar:/home/runner/.m2/repository/org/apache/commons/commons-configuration2/2.1.1/commons-configuration2-2.1.1.jar:/home/runner/.m2/repository/org/apache/commons/commons-text/1.4/commons-text-1.4.jar:/home/runner/.m2/repository/com/google/re2j/re2j/1.1/re2j-1.1.jar:/home/runner/.m2/repository/com/jcraft/jsch/0.1.54/jsch-0.1.54.jar:/home/runner/.m2/repository/org/apache/curator/curator-client/4.2.0/curator-client-4.2.0.jar:/home/runner/.m2/repository/org/apache/curator/curator-recipes/4.2.0/curator-recipes-4.2.0.jar:/home/runner/.m2/repository/org/apache/kerby/kerb-core/1.0.1/kerb-core-1.0.1.jar:/home/runner/.m2/repository/org/apache/kerby/kerby-pkix/1.0.1/kerby-pkix-1.0.1.jar:/home/runner/.m2/repository/org/apache/kerby/kerby-asn1/1.0.1/kerby-asn1-1.0.1.jar:/home/runner/.m2/repository/org/apache/kerby/kerby-util/1.0.1/kerby-util-1.0.1.jar:/home/runner/.m2/repository/dnsjava/dnsjava/2.1.7/dnsjava-2.1.7.jar:/home/runner/.m2/repository/org/xerial/snappy/snappy-java/1.1.8.2/snappy-java-1.1.8.2.jar:/home/runner/.m2/repository/org/slf4j/jul-to-slf4j/1.7.30/jul-to-slf4j-1.7.30.jar:/home/runner/.m2/repository/org/eclipse/jetty/jetty-util/9.4.43.v20210629/jetty-util-9.4.43.v20210629.jar:/home/runner/.m2/repository/com/fasterxml/jackson/core/jackson-databind/2.12.1/jackson-databind-2.12.1.jar:/home/runner/.m2/repository/org/apache/hadoop/hadoop-kms/3.3.1/hadoop-kms-3.3.1-tests.jar:/home/runner/.m2/repository/org/apache/ozone/hdds-server-scm/1.3.0-SNAPSHOT/hdds-server-scm-1.3.0-SNAPSHOT-tests.jar:/home/runner/.m2/repository/org/apache/ozone/hdds-container-service/1.3.0-SNAPSHOT/hdds-container-service-1.3.0-SNAPSHOT-tests.jar:/home/runner/.m2/repository/commons-codec/commons-codec/1.11/commons-codec-1.11.jar:/home/runner/.m2/repository/io/netty/netty-transport/4.1.63.Final/netty-transport-4.1.63.Final.jar:/home/runner/.m2/repository/io/netty/netty-resolver/4.1.63.Final/netty-resolver-4.1.63.Final.jar:/home/runner/.m2/repository/io/netty/netty-codec/4.1.63.Final/netty-codec-4.1.63.Final.jar:/home/runner/.m2/repository/io/netty/netty-handler/4.1.63.Final/netty-handler-4.1.63.Final.jar:/home/runner/.m2/repository/org/apache/ozone/hdds-hadoop-dependency-test/1.3.0-SNAPSHOT/hdds-hadoop-dependency-test-1.3.0-SNAPSHOT.jar:/home/runner/.m2/repository/org/apache/hadoop/hadoop-common/3.3.1/hadoop-common-3.3.1-tests.jar:/home/runner/.m2/repository/org/assertj/assertj-core/3.12.2/assertj-core-3.12.2.jar:/home/runner/.m2/repository/org/apache/hadoop/hadoop-hdfs/3.3.1/hadoop-hdfs-3.3.1-tests.jar:/home/runner/.m2/repository/org/eclipse/jetty/jetty-util-ajax/9.4.43.v20210629/jetty-util-ajax-9.4.43.v20210629.jar:/home/runner/.m2/repository/commons-daemon/commons-daemon/1.0.13/commons-daemon-1.0.13.jar:/home/runner/.m2/repository/io/netty/netty/3.10.6.Final/netty-3.10.6.Final.jar:/home/runner/.m2/repository/io/netty/netty-all/4.1.63.Final/netty-all-4.1.63.Final.jar:/home/runner/.m2/repository/org/apache/htrace/htrace-core4/4.1.0-incubating/htrace-core4-4.1.0-incubating.jar:/home/runner/.m2/repository/org/fusesource/leveldbjni/leveldbjni-all/1.8/leveldbjni-all-1.8.jar:/home/runner/.m2/repository/org/apache/hadoop/hadoop-distcp/3.3.1/hadoop-distcp-3.3.1.jar:/home/runner/.m2/repository/org/apache/hadoop/hadoop-mapreduce-client-jobclient/3.3.1/hadoop-mapreduce-client-jobclient-3.3.1.jar:/home/runner/.m2/repository/org/apache/hadoop/hadoop-mapreduce-client-common/3.3.1/hadoop-mapreduce-client-common-3.3.1.jar:/home/runner/.m2/repository/org/apache/hadoop/hadoop-yarn-common/3.3.1/hadoop-yarn-common-3.3.1.jar:/home/runner/.m2/repository/org/apache/hadoop/hadoop-yarn-api/3.3.1/hadoop-yarn-api-3.3.1.jar:/home/runner/.m2/repository/com/sun/jersey/jersey-client/1.19/jersey-client-1.19.jar:/home/runner/.m2/repository/com/sun/jersey/contribs/jersey-guice/1.19/jersey-guice-1.19.jar:/home/runner/.m2/repository/com/fasterxml/jackson/jaxrs/jackson-jaxrs-json-provider/2.12.1/jackson-jaxrs-json-provider-2.12.1.jar:/home/runner/.m2/repository/com/fasterxml/jackson/jaxrs/jackson-jaxrs-base/2.12.1/jackson-jaxrs-base-2.12.1.jar:/home/runner/.m2/repository/org/apache/hadoop/hadoop-yarn-client/3.3.1/hadoop-yarn-client-3.3.1.jar:/home/runner/.m2/repository/org/eclipse/jetty/websocket/websocket-client/9.4.40.v20210413/websocket-client-9.4.40.v20210413.jar:/home/runner/.m2/repository/org/eclipse/jetty/jetty-client/9.4.40.v20210413/jetty-client-9.4.40.v20210413.jar:/home/runner/.m2/repository/org/eclipse/jetty/websocket/websocket-common/9.4.40.v20210413/websocket-common-9.4.40.v20210413.jar:/home/runner/.m2/repository/org/eclipse/jetty/websocket/websocket-api/9.4.40.v20210413/websocket-api-9.4.40.v20210413.jar:/home/runner/.m2/repository/org/jline/jline/3.9.0/jline-3.9.0.jar:/home/runner/.m2/repository/org/apache/hadoop/hadoop-mapreduce-client-core/3.3.1/hadoop-mapreduce-client-core-3.3.1.jar:/home/runner/.m2/repository/org/apache/avro/avro/1.7.7/avro-1.7.7.jar:/home/runner/.m2/repository/org/codehaus/jackson/jackson-core-asl/1.9.13/jackson-core-asl-1.9.13.jar:/home/runner/.m2/repository/org/codehaus/jackson/jackson-mapper-asl/1.9.13/jackson-mapper-asl-1.9.13.jar:/home/runner/.m2/repository/com/thoughtworks/paranamer/paranamer/2.3/paranamer-2.3.jar:/home/runner/.m2/repository/org/apache/hadoop/hadoop-annotations/3.3.1/hadoop-annotations-3.3.1.jar:/usr/lib/jvm/temurin-8-jdk-amd64/jre/../lib/tools.jar:/home/runner/.m2/repository/org/apache/hadoop/hadoop-distcp/3.3.1/hadoop-distcp-3.3.1-tests.jar:/home/runner/.m2/repository/org/apache/ratis/ratis-common/2.2.0/ratis-common-2.2.0.jar:/home/runner/.m2/repository/org/apache/ratis/ratis-thirdparty-misc/0.7.0/ratis-thirdparty-misc-0.7.0.jar:/home/runner/.m2/repository/org/apache/ratis/ratis-proto/2.2.0/ratis-proto-2.2.0.jar:"/>
    <property name="java.vm.vendor" value="Temurin"/>
    <property name="sun.arch.data.model" value="64"/>
    <property name="test.build.dir" value="/home/runner/work/ozone/ozone/hadoop-ozone/integration-test/target/test-dir"/>
    <property name="test.cache.data" value=""/>
    <property name="java.vendor.url" value="https://adoptium.net/"/>
    <property name="user.timezone" value=""/>
    <property name="java.vm.specification.version" value="1.8"/>
    <property name="os.name" value="Linux"/>
    <property name="test.build.data" value="/home/runner/work/ozone/ozone/hadoop-ozone/integration-test/target/test-dir"/>
    <property name="sun.java.launcher" value="SUN_STANDARD"/>
    <property name="sun.boot.library.path" value="/usr/lib/jvm/temurin-8-jdk-amd64/jre/lib/amd64"/>
    <property name="sun.java.command" value="/home/runner/work/ozone/ozone/hadoop-ozone/integration-test/target/surefire/surefirebooter4676717533640650010.jar /home/runner/work/ozone/ozone/hadoop-ozone/integration-test/target/surefire 2022-02-01T12-47-52_727-jvmRun1 surefire7071980201340879332tmp surefire_152382274400476004250tmp"/>
    <property name="surefire.test.class.path" value="/home/runner/work/ozone/ozone/hadoop-ozone/integration-test/target/test-classes:/home/runner/work/ozone/ozone/hadoop-ozone/integration-test/target/classes:/home/runner/.m2/repository/org/apache/ozone/ozone-common/1.3.0-SNAPSHOT/ozone-common-1.3.0-SNAPSHOT.jar:/home/runner/.m2/repository/org/apache/commons/commons-compress/1.21/commons-compress-1.21.jar:/home/runner/.m2/repository/org/apache/ozone/hdds-common/1.3.0-SNAPSHOT/hdds-common-1.3.0-SNAPSHOT.jar:/home/runner/.m2/repository/org/apache/ozone/hdds-client/1.3.0-SNAPSHOT/hdds-client-1.3.0-SNAPSHOT.jar:/home/runner/.m2/repository/org/apache/ozone/ozone-interface-client/1.3.0-SNAPSHOT/ozone-interface-client-1.3.0-SNAPSHOT.jar:/home/runner/.m2/repository/org/apache/ozone/hdds-test-utils/1.3.0-SNAPSHOT/hdds-test-utils-1.3.0-SNAPSHOT.jar:/home/runner/.m2/repository/com/google/guava/guava/30.1.1-jre/guava-30.1.1-jre.jar:/home/runner/.m2/repository/com/google/guava/failureaccess/1.0.1/failureaccess-1.0.1.jar:/home/runner/.m2/repository/com/google/guava/listenablefuture/9999.0-empty-to-avoid-conflict-with-guava/listenablefuture-9999.0-empty-to-avoid-conflict-with-guava.jar:/home/runner/.m2/repository/com/google/code/findbugs/jsr305/3.0.0/jsr305-3.0.0.jar:/home/runner/.m2/repository/org/checkerframework/checker-qual/3.8.0/checker-qual-3.8.0.jar:/home/runner/.m2/repository/com/google/errorprone/error_prone_annotations/2.2.0/error_prone_annotations-2.2.0.jar:/home/runner/.m2/repository/com/google/j2objc/j2objc-annotations/1.3/j2objc-annotations-1.3.jar:/home/runner/.m2/repository/commons-io/commons-io/2.11.0/commons-io-2.11.0.jar:/home/runner/.m2/repository/commons-logging/commons-logging/1.2/commons-logging-1.2.jar:/home/runner/.m2/repository/log4j/log4j/1.2.17/log4j-1.2.17.jar:/home/runner/.m2/repository/org/slf4j/slf4j-api/1.7.30/slf4j-api-1.7.30.jar:/home/runner/.m2/repository/org/apache/ozone/hdds-server-scm/1.3.0-SNAPSHOT/hdds-server-scm-1.3.0-SNAPSHOT.jar:/home/runner/.m2/repository/org/apache/ozone/hdds-container-service/1.3.0-SNAPSHOT/hdds-container-service-1.3.0-SNAPSHOT.jar:/home/runner/.m2/repository/org/apache/ozone/hdds-hadoop-dependency-server/1.3.0-SNAPSHOT/hdds-hadoop-dependency-server-1.3.0-SNAPSHOT.jar:/home/runner/.m2/repository/org/apache/hadoop/hadoop-hdfs/3.3.1/hadoop-hdfs-3.3.1.jar:/home/runner/.m2/repository/org/apache/ozone/hdds-server-framework/1.3.0-SNAPSHOT/hdds-server-framework-1.3.0-SNAPSHOT.jar:/home/runner/.m2/repository/org/apache/ozone/hdds-interface-server/1.3.0-SNAPSHOT/hdds-interface-server-1.3.0-SNAPSHOT.jar:/home/runner/.m2/repository/org/eclipse/jetty/jetty-servlet/9.4.43.v20210629/jetty-servlet-9.4.43.v20210629.jar:/home/runner/.m2/repository/org/eclipse/jetty/jetty-security/9.4.43.v20210629/jetty-security-9.4.43.v20210629.jar:/home/runner/.m2/repository/org/rocksdb/rocksdbjni/6.25.3/rocksdbjni-6.25.3.jar:/home/runner/.m2/repository/io/prometheus/simpleclient_dropwizard/0.7.0/simpleclient_dropwizard-0.7.0.jar:/home/runner/.m2/repository/io/prometheus/simpleclient/0.7.0/simpleclient-0.7.0.jar:/home/runner/.m2/repository/io/prometheus/simpleclient_common/0.7.0/simpleclient_common-0.7.0.jar:/home/runner/.m2/repository/com/fasterxml/jackson/datatype/jackson-datatype-jsr310/2.12.1/jackson-datatype-jsr310-2.12.1.jar:/home/runner/.m2/repository/io/dropwizard/metrics/metrics-core/3.2.4/metrics-core-3.2.4.jar:/home/runner/.m2/repository/org/apache/hadoop/hadoop-hdfs-client/3.3.1/hadoop-hdfs-client-3.3.1.jar:/home/runner/.m2/repository/org/bouncycastle/bcprov-jdk15on/1.67/bcprov-jdk15on-1.67.jar:/home/runner/.m2/repository/com/google/protobuf/protobuf-java/2.5.0/protobuf-java-2.5.0.jar:/home/runner/.m2/repository/org/apache/ozone/ozone-manager/1.3.0-SNAPSHOT/ozone-manager-1.3.0-SNAPSHOT.jar:/home/runner/.m2/repository/org/aspectj/aspectjrt/1.9.7/aspectjrt-1.9.7.jar:/home/runner/.m2/repository/org/aspectj/aspectjweaver/1.9.7/aspectjweaver-1.9.7.jar:/home/runner/.m2/repository/org/apache/ozone/hdds-interface-client/1.3.0-SNAPSHOT/hdds-interface-client-1.3.0-SNAPSHOT.jar:/home/runner/.m2/repository/org/apache/hadoop/thirdparty/hadoop-shaded-protobuf_3_7/1.1.1/hadoop-shaded-protobuf_3_7-1.1.1.jar:/home/runner/.m2/repository/org/apache/ozone/ozone-interface-storage/1.3.0-SNAPSHOT/ozone-interface-storage-1.3.0-SNAPSHOT.jar:/home/runner/.m2/repository/org/reflections/reflections/0.9.11/reflections-0.9.11.jar:/home/runner/.m2/repository/org/apache/hadoop/hadoop-minikdc/3.3.1/hadoop-minikdc-3.3.1.jar:/home/runner/.m2/repository/org/apache/kerby/kerb-simplekdc/1.0.1/kerb-simplekdc-1.0.1.jar:/home/runner/.m2/repository/org/apache/kerby/kerb-client/1.0.1/kerb-client-1.0.1.jar:/home/runner/.m2/repository/org/apache/kerby/kerby-config/1.0.1/kerby-config-1.0.1.jar:/home/runner/.m2/repository/org/apache/kerby/kerb-common/1.0.1/kerb-common-1.0.1.jar:/home/runner/.m2/repository/org/apache/kerby/kerb-crypto/1.0.1/kerb-crypto-1.0.1.jar:/home/runner/.m2/repository/org/apache/kerby/kerb-util/1.0.1/kerb-util-1.0.1.jar:/home/runner/.m2/repository/org/apache/kerby/token-provider/1.0.1/token-provider-1.0.1.jar:/home/runner/.m2/repository/org/apache/kerby/kerb-admin/1.0.1/kerb-admin-1.0.1.jar:/home/runner/.m2/repository/org/apache/kerby/kerb-server/1.0.1/kerb-server-1.0.1.jar:/home/runner/.m2/repository/org/apache/kerby/kerb-identity/1.0.1/kerb-identity-1.0.1.jar:/home/runner/.m2/repository/org/apache/kerby/kerby-xdr/1.0.1/kerby-xdr-1.0.1.jar:/home/runner/.m2/repository/org/slf4j/slf4j-log4j12/1.7.30/slf4j-log4j12-1.7.30.jar:/home/runner/.m2/repository/org/apache/ozone/ozone-s3gateway/1.3.0-SNAPSHOT/ozone-s3gateway-1.3.0-SNAPSHOT.jar:/home/runner/.m2/repository/org/javassist/javassist/3.21.0-GA/javassist-3.21.0-GA.jar:/home/runner/.m2/repository/org/jboss/weld/servlet/weld-servlet/2.4.7.Final/weld-servlet-2.4.7.Final.jar:/home/runner/.m2/repository/org/glassfish/jersey/containers/jersey-container-servlet-core/2.33/jersey-container-servlet-core-2.33.jar:/home/runner/.m2/repository/org/glassfish/hk2/external/jakarta.inject/2.6.1/jakarta.inject-2.6.1.jar:/home/runner/.m2/repository/org/glassfish/jersey/core/jersey-common/2.33/jersey-common-2.33.jar:/home/runner/.m2/repository/jakarta/ws/rs/jakarta.ws.rs-api/2.1.6/jakarta.ws.rs-api-2.1.6.jar:/home/runner/.m2/repository/org/glassfish/jersey/ext/cdi/jersey-cdi1x/2.33/jersey-cdi1x-2.33.jar:/home/runner/.m2/repository/org/glassfish/jersey/inject/jersey-hk2/2.33/jersey-hk2-2.33.jar:/home/runner/.m2/repository/org/glassfish/hk2/hk2-locator/2.6.1/hk2-locator-2.6.1.jar:/home/runner/.m2/repository/org/glassfish/jersey/media/jersey-media-jaxb/2.33/jersey-media-jaxb-2.33.jar:/home/runner/.m2/repository/org/glassfish/hk2/osgi-resource-locator/1.0.3/osgi-resource-locator-1.0.3.jar:/home/runner/.m2/repository/org/glassfish/hk2/hk2-api/2.5.0/hk2-api-2.5.0.jar:/home/runner/.m2/repository/org/glassfish/hk2/hk2-utils/2.5.0/hk2-utils-2.5.0.jar:/home/runner/.m2/repository/org/glassfish/hk2/external/aopalliance-repackaged/2.5.0/aopalliance-repackaged-2.5.0.jar:/home/runner/.m2/repository/com/fasterxml/jackson/dataformat/jackson-dataformat-xml/2.12.1/jackson-dataformat-xml-2.12.1.jar:/home/runner/.m2/repository/com/fasterxml/jackson/core/jackson-core/2.12.1/jackson-core-2.12.1.jar:/home/runner/.m2/repository/com/fasterxml/jackson/module/jackson-module-jaxb-annotations/2.12.1/jackson-module-jaxb-annotations-2.12.1.jar:/home/runner/.m2/repository/jakarta/xml/bind/jakarta.xml.bind-api/2.3.2/jakarta.xml.bind-api-2.3.2.jar:/home/runner/.m2/repository/org/codehaus/woodstox/stax2-api/3.1.4/stax2-api-3.1.4.jar:/home/runner/.m2/repository/com/fasterxml/woodstox/woodstox-core/5.0.3/woodstox-core-5.0.3.jar:/home/runner/.m2/repository/javax/enterprise/cdi-api/1.2/cdi-api-1.2.jar:/home/runner/.m2/repository/javax/el/javax.el-api/3.0.0/javax.el-api-3.0.0.jar:/home/runner/.m2/repository/javax/interceptor/javax.interceptor-api/1.2/javax.interceptor-api-1.2.jar:/home/runner/.m2/repository/javax/inject/javax.inject/1/javax.inject-1.jar:/home/runner/.m2/repository/javax/xml/bind/jaxb-api/2.3.0/jaxb-api-2.3.0.jar:/home/runner/.m2/repository/org/glassfish/jaxb/jaxb-runtime/2.3.0.1/jaxb-runtime-2.3.0.1.jar:/home/runner/.m2/repository/org/glassfish/jaxb/jaxb-core/2.3.0.1/jaxb-core-2.3.0.1.jar:/home/runner/.m2/repository/org/glassfish/jaxb/txw2/2.3.0.1/txw2-2.3.0.1.jar:/home/runner/.m2/repository/com/sun/istack/istack-commons-runtime/3.0.5/istack-commons-runtime-3.0.5.jar:/home/runner/.m2/repository/org/jvnet/staxex/stax-ex/1.7.8/stax-ex-1.7.8.jar:/home/runner/.m2/repository/com/sun/xml/fastinfoset/FastInfoset/1.2.13/FastInfoset-1.2.13.jar:/home/runner/.m2/repository/javax/activation/activation/1.1.1/activation-1.1.1.jar:/home/runner/.m2/repository/org/apache/ozone/ozone-csi/1.3.0-SNAPSHOT/ozone-csi-1.3.0-SNAPSHOT.jar:/home/runner/.m2/repository/com/google/protobuf/protobuf-java-util/3.12.0/protobuf-java-util-3.12.0.jar:/home/runner/.m2/repository/com/google/code/gson/gson/2.2.4/gson-2.2.4.jar:/home/runner/.m2/repository/org/apache/ozone/hdds-config/1.3.0-SNAPSHOT/hdds-config-1.3.0-SNAPSHOT.jar:/home/runner/.m2/repository/io/grpc/grpc-netty/1.33.0/grpc-netty-1.33.0.jar:/home/runner/.m2/repository/io/grpc/grpc-core/1.33.0/grpc-core-1.33.0.jar:/home/runner/.m2/repository/com/google/android/annotations/4.1.1.4/annotations-4.1.1.4.jar:/home/runner/.m2/repository/io/netty/netty-codec-http2/4.1.63.Final/netty-codec-http2-4.1.63.Final.jar:/home/runner/.m2/repository/io/netty/netty-codec-http/4.1.63.Final/netty-codec-http-4.1.63.Final.jar:/home/runner/.m2/repository/io/netty/netty-handler-proxy/4.1.63.Final/netty-handler-proxy-4.1.63.Final.jar:/home/runner/.m2/repository/io/netty/netty-codec-socks/4.1.63.Final/netty-codec-socks-4.1.63.Final.jar:/home/runner/.m2/repository/io/perfmark/perfmark-api/0.19.0/perfmark-api-0.19.0.jar:/home/runner/.m2/repository/org/codehaus/mojo/animal-sniffer-annotations/1.18/animal-sniffer-annotations-1.18.jar:/home/runner/.m2/repository/io/netty/netty-transport-native-epoll/4.1.63.Final/netty-transport-native-epoll-4.1.63.Final.jar:/home/runner/.m2/repository/io/netty/netty-common/4.1.63.Final/netty-common-4.1.63.Final.jar:/home/runner/.m2/repository/io/netty/netty-buffer/4.1.63.Final/netty-buffer-4.1.63.Final.jar:/home/runner/.m2/repository/io/netty/netty-transport-native-unix-common/4.1.63.Final/netty-transport-native-unix-common-4.1.63.Final.jar:/home/runner/.m2/repository/io/grpc/grpc-protobuf/1.33.0/grpc-protobuf-1.33.0.jar:/home/runner/.m2/repository/io/grpc/grpc-api/1.33.0/grpc-api-1.33.0.jar:/home/runner/.m2/repository/io/grpc/grpc-context/1.33.0/grpc-context-1.33.0.jar:/home/runner/.m2/repository/com/google/api/grpc/proto-google-common-protos/1.17.0/proto-google-common-protos-1.17.0.jar:/home/runner/.m2/repository/io/grpc/grpc-protobuf-lite/1.33.0/grpc-protobuf-lite-1.33.0.jar:/home/runner/.m2/repository/io/grpc/grpc-stub/1.33.0/grpc-stub-1.33.0.jar:/home/runner/.m2/repository/org/apache/ozone/ozone-recon/1.3.0-SNAPSHOT/ozone-recon-1.3.0-SNAPSHOT.jar:/home/runner/.m2/repository/org/apache/ozone/ozone-reconcodegen/1.3.0-SNAPSHOT/ozone-reconcodegen-1.3.0-SNAPSHOT.jar:/home/runner/.m2/repository/com/google/inject/extensions/guice-multibindings/4.0/guice-multibindings-4.0.jar:/home/runner/.m2/repository/com/google/inject/guice/4.0/guice-4.0.jar:/home/runner/.m2/repository/aopalliance/aopalliance/1.0/aopalliance-1.0.jar:/home/runner/.m2/repository/com/google/inject/extensions/guice-assistedinject/4.0/guice-assistedinject-4.0.jar:/home/runner/.m2/repository/com/google/inject/extensions/guice-servlet/4.0/guice-servlet-4.0.jar:/home/runner/.m2/repository/org/glassfish/jersey/containers/jersey-container-servlet/2.33/jersey-container-servlet-2.33.jar:/home/runner/.m2/repository/org/glassfish/hk2/guice-bridge/2.5.0/guice-bridge-2.5.0.jar:/home/runner/.m2/repository/org/glassfish/jersey/core/jersey-server/2.33/jersey-server-2.33.jar:/home/runner/.m2/repository/org/glassfish/jersey/core/jersey-client/2.33/jersey-client-2.33.jar:/home/runner/.m2/repository/jakarta/annotation/jakarta.annotation-api/1.3.5/jakarta.annotation-api-1.3.5.jar:/home/runner/.m2/repository/jakarta/validation/jakarta.validation-api/2.0.2/jakarta.validation-api-2.0.2.jar:/home/runner/.m2/repository/org/glassfish/jersey/media/jersey-media-json-jackson/2.33/jersey-media-json-jackson-2.33.jar:/home/runner/.m2/repository/org/glassfish/jersey/ext/jersey-entity-filtering/2.33/jersey-entity-filtering-2.33.jar:/home/runner/.m2/repository/org/jooq/jooq/3.11.10/jooq-3.11.10.jar:/home/runner/.m2/repository/org/jooq/jooq-meta/3.11.10/jooq-meta-3.11.10.jar:/home/runner/.m2/repository/org/jooq/jooq-codegen/3.11.10/jooq-codegen-3.11.10.jar:/home/runner/.m2/repository/com/jolbox/bonecp/0.8.0.RELEASE/bonecp-0.8.0.RELEASE.jar:/home/runner/.m2/repository/org/apache/derby/derby/10.14.2.0/derby-10.14.2.0.jar:/home/runner/.m2/repository/org/xerial/sqlite-jdbc/3.25.2/sqlite-jdbc-3.25.2.jar:/home/runner/.m2/repository/org/springframework/spring-jdbc/5.2.18.RELEASE/spring-jdbc-5.2.18.RELEASE.jar:/home/runner/.m2/repository/org/springframework/spring-beans/5.2.18.RELEASE/spring-beans-5.2.18.RELEASE.jar:/home/runner/.m2/repository/org/springframework/spring-core/5.2.18.RELEASE/spring-core-5.2.18.RELEASE.jar:/home/runner/.m2/repository/org/springframework/spring-jcl/5.2.18.RELEASE/spring-jcl-5.2.18.RELEASE.jar:/home/runner/.m2/repository/org/springframework/spring-tx/5.2.18.RELEASE/spring-tx-5.2.18.RELEASE.jar:/home/runner/.m2/repository/org/apache/ozone/ozone-client/1.3.0-SNAPSHOT/ozone-client-1.3.0-SNAPSHOT.jar:/home/runner/.m2/repository/org/apache/ozone/ozone-filesystem/1.3.0-SNAPSHOT/ozone-filesystem-1.3.0-SNAPSHOT.jar:/home/runner/.m2/repository/org/apache/ozone/ozone-filesystem-common/1.3.0-SNAPSHOT/ozone-filesystem-common-1.3.0-SNAPSHOT.jar:/home/runner/.m2/repository/org/apache/ozone/ozone-tools/1.3.0-SNAPSHOT/ozone-tools-1.3.0-SNAPSHOT.jar:/home/runner/.m2/repository/org/apache/ratis/ratis-tools/2.2.0/ratis-tools-2.2.0.jar:/home/runner/.m2/repository/com/amazonaws/aws-java-sdk-core/1.12.124/aws-java-sdk-core-1.12.124.jar:/home/runner/.m2/repository/org/apache/httpcomponents/httpclient/4.5.13/httpclient-4.5.13.jar:/home/runner/.m2/repository/org/apache/httpcomponents/httpcore/4.4.13/httpcore-4.4.13.jar:/home/runner/.m2/repository/software/amazon/ion/ion-java/1.0.2/ion-java-1.0.2.jar:/home/runner/.m2/repository/com/fasterxml/jackson/dataformat/jackson-dataformat-cbor/2.12.1/jackson-dataformat-cbor-2.12.1.jar:/home/runner/.m2/repository/joda-time/joda-time/2.8.1/joda-time-2.8.1.jar:/home/runner/.m2/repository/com/amazonaws/aws-java-sdk-s3/1.12.124/aws-java-sdk-s3-1.12.124.jar:/home/runner/.m2/repository/com/amazonaws/aws-java-sdk-kms/1.12.124/aws-java-sdk-kms-1.12.124.jar:/home/runner/.m2/repository/com/amazonaws/jmespath-java/1.12.124/jmespath-java-1.12.124.jar:/home/runner/.m2/repository/org/kohsuke/metainf-services/metainf-services/1.8/metainf-services-1.8.jar:/home/runner/.m2/repository/org/apache/ozone/hdds-tools/1.3.0-SNAPSHOT/hdds-tools-1.3.0-SNAPSHOT.jar:/home/runner/.m2/repository/commons-cli/commons-cli/1.2/commons-cli-1.2.jar:/home/runner/.m2/repository/org/apache/commons/commons-lang3/3.7/commons-lang3-3.7.jar:/home/runner/.m2/repository/org/apache/ozone/ozone-manager/1.3.0-SNAPSHOT/ozone-manager-1.3.0-SNAPSHOT-tests.jar:/home/runner/.m2/repository/org/apache/ozone/hdds-common/1.3.0-SNAPSHOT/hdds-common-1.3.0-SNAPSHOT-tests.jar:/home/runner/.m2/repository/org/apache/ozone/hdds-hadoop-dependency-client/1.3.0-SNAPSHOT/hdds-hadoop-dependency-client-1.3.0-SNAPSHOT.jar:/home/runner/.m2/repository/info/picocli/picocli/4.6.1/picocli-4.6.1.jar:/home/runner/.m2/repository/com/fasterxml/jackson/core/jackson-annotations/2.12.1/jackson-annotations-2.12.1.jar:/home/runner/.m2/repository/javax/annotation/javax.annotation-api/1.2/javax.annotation-api-1.2.jar:/home/runner/.m2/repository/org/apache/ratis/ratis-server/2.2.0/ratis-server-2.2.0.jar:/home/runner/.m2/repository/org/apache/ratis/ratis-client/2.2.0/ratis-client-2.2.0.jar:/home/runner/.m2/repository/org/apache/ratis/ratis-server-api/2.2.0/ratis-server-api-2.2.0.jar:/home/runner/.m2/repository/org/apache/ratis/ratis-metrics/2.2.0/ratis-metrics-2.2.0.jar:/home/runner/.m2/repository/org/apache/ratis/ratis-netty/2.2.0/ratis-netty-2.2.0.jar:/home/runner/.m2/repository/org/apache/ratis/ratis-grpc/2.2.0/ratis-grpc-2.2.0.jar:/home/runner/.m2/repository/org/apache/logging/log4j/log4j-api/2.17.1/log4j-api-2.17.1.jar:/home/runner/.m2/repository/org/apache/logging/log4j/log4j-core/2.17.1/log4j-core-2.17.1.jar:/home/runner/.m2/repository/com/lmax/disruptor/3.4.2/disruptor-3.4.2.jar:/home/runner/.m2/repository/org/apache/commons/commons-pool2/2.6.0/commons-pool2-2.6.0.jar:/home/runner/.m2/repository/org/bouncycastle/bcpkix-jdk15on/1.67/bcpkix-jdk15on-1.67.jar:/home/runner/.m2/repository/commons-validator/commons-validator/1.6/commons-validator-1.6.jar:/home/runner/.m2/repository/commons-beanutils/commons-beanutils/1.9.4/commons-beanutils-1.9.4.jar:/home/runner/.m2/repository/commons-digester/commons-digester/1.8.1/commons-digester-1.8.1.jar:/home/runner/.m2/repository/commons-collections/commons-collections/3.2.2/commons-collections-3.2.2.jar:/home/runner/.m2/repository/io/jaegertracing/jaeger-client/1.6.0/jaeger-client-1.6.0.jar:/home/runner/.m2/repository/io/jaegertracing/jaeger-thrift/1.6.0/jaeger-thrift-1.6.0.jar:/home/runner/.m2/repository/org/apache/thrift/libthrift/0.14.1/libthrift-0.14.1.jar:/home/runner/.m2/repository/com/squareup/okhttp3/okhttp/4.9.0/okhttp-4.9.0.jar:/home/runner/.m2/repository/com/squareup/okio/okio/2.8.0/okio-2.8.0.jar:/home/runner/.m2/repository/io/jaegertracing/jaeger-core/1.6.0/jaeger-core-1.6.0.jar:/home/runner/.m2/repository/io/jaegertracing/jaeger-tracerresolver/1.6.0/jaeger-tracerresolver-1.6.0.jar:/home/runner/.m2/repository/io/opentracing/contrib/opentracing-tracerresolver/0.1.8/opentracing-tracerresolver-0.1.8.jar:/home/runner/.m2/repository/org/jetbrains/kotlin/kotlin-stdlib/1.4.31/kotlin-stdlib-1.4.31.jar:/home/runner/.m2/repository/org/jetbrains/kotlin/kotlin-stdlib-common/1.4.31/kotlin-stdlib-common-1.4.31.jar:/home/runner/.m2/repository/org/jetbrains/annotations/13.0/annotations-13.0.jar:/home/runner/.m2/repository/io/opentracing/opentracing-util/0.33.0/opentracing-util-0.33.0.jar:/home/runner/.m2/repository/io/opentracing/opentracing-api/0.33.0/opentracing-api-0.33.0.jar:/home/runner/.m2/repository/io/opentracing/opentracing-noop/0.33.0/opentracing-noop-0.33.0.jar:/home/runner/.m2/repository/org/yaml/snakeyaml/1.26/snakeyaml-1.26.jar:/home/runner/.m2/repository/org/apache/ozone/hdds-interface-admin/1.3.0-SNAPSHOT/hdds-interface-admin-1.3.0-SNAPSHOT.jar:/home/runner/.m2/repository/junit/junit/4.13.1/junit-4.13.1.jar:/home/runner/.m2/repository/org/hamcrest/hamcrest-core/1.3/hamcrest-core-1.3.jar:/home/runner/.m2/repository/org/junit/jupiter/junit-jupiter-api/5.7.0/junit-jupiter-api-5.7.0.jar:/home/runner/.m2/repository/org/apiguardian/apiguardian-api/1.1.0/apiguardian-api-1.1.0.jar:/home/runner/.m2/repository/org/opentest4j/opentest4j/1.2.0/opentest4j-1.2.0.jar:/home/runner/.m2/repository/org/junit/platform/junit-platform-commons/1.7.0/junit-platform-commons-1.7.0.jar:/home/runner/.m2/repository/org/junit/jupiter/junit-jupiter-engine/5.7.0/junit-jupiter-engine-5.7.0.jar:/home/runner/.m2/repository/org/junit/platform/junit-platform-engine/1.7.0/junit-platform-engine-1.7.0.jar:/home/runner/.m2/repository/org/junit/vintage/junit-vintage-engine/5.7.0/junit-vintage-engine-5.7.0.jar:/home/runner/.m2/repository/org/junit/platform/junit-platform-launcher/1.7.0/junit-platform-launcher-1.7.0.jar:/home/runner/.m2/repository/org/mockito/mockito-core/2.28.2/mockito-core-2.28.2.jar:/home/runner/.m2/repository/net/bytebuddy/byte-buddy/1.9.10/byte-buddy-1.9.10.jar:/home/runner/.m2/repository/net/bytebuddy/byte-buddy-agent/1.9.10/byte-buddy-agent-1.9.10.jar:/home/runner/.m2/repository/org/objenesis/objenesis/1.0/objenesis-1.0.jar:/home/runner/.m2/repository/org/apache/hadoop/hadoop-kms/3.3.1/hadoop-kms-3.3.1.jar:/home/runner/.m2/repository/org/apache/hadoop/hadoop-auth/3.3.1/hadoop-auth-3.3.1.jar:/home/runner/.m2/repository/com/nimbusds/nimbus-jose-jwt/7.9/nimbus-jose-jwt-7.9.jar:/home/runner/.m2/repository/com/github/stephenc/jcip/jcip-annotations/1.0-1/jcip-annotations-1.0-1.jar:/home/runner/.m2/repository/net/minidev/json-smart/2.3.1/json-smart-2.3.1.jar:/home/runner/.m2/repository/net/minidev/accessors-smart/2.3.1/accessors-smart-2.3.1.jar:/home/runner/.m2/repository/org/ow2/asm/asm/5.0.4/asm-5.0.4.jar:/home/runner/.m2/repository/org/apache/zookeeper/zookeeper/3.5.6/zookeeper-3.5.6.jar:/home/runner/.m2/repository/org/apache/zookeeper/zookeeper-jute/3.5.6/zookeeper-jute-3.5.6.jar:/home/runner/.m2/repository/org/apache/yetus/audience-annotations/0.5.0/audience-annotations-0.5.0.jar:/home/runner/.m2/repository/org/apache/curator/curator-framework/4.2.0/curator-framework-4.2.0.jar:/home/runner/.m2/repository/org/apache/hadoop/thirdparty/hadoop-shaded-guava/1.1.1/hadoop-shaded-guava-1.1.1.jar:/home/runner/.m2/repository/com/sun/jersey/jersey-core/1.19/jersey-core-1.19.jar:/home/runner/.m2/repository/javax/ws/rs/jsr311-api/1.1.1/jsr311-api-1.1.1.jar:/home/runner/.m2/repository/com/sun/jersey/jersey-server/1.19/jersey-server-1.19.jar:/home/runner/.m2/repository/javax/servlet/javax.servlet-api/3.1.0/javax.servlet-api-3.1.0.jar:/home/runner/.m2/repository/org/eclipse/jetty/jetty-server/9.4.43.v20210629/jetty-server-9.4.43.v20210629.jar:/home/runner/.m2/repository/org/eclipse/jetty/jetty-http/9.4.43.v20210629/jetty-http-9.4.43.v20210629.jar:/home/runner/.m2/repository/org/eclipse/jetty/jetty-io/9.4.43.v20210629/jetty-io-9.4.43.v20210629.jar:/home/runner/.m2/repository/org/eclipse/jetty/jetty-webapp/9.4.43.v20210629/jetty-webapp-9.4.43.v20210629.jar:/home/runner/.m2/repository/org/eclipse/jetty/jetty-xml/9.4.43.v20210629/jetty-xml-9.4.43.v20210629.jar:/home/runner/.m2/repository/org/apache/hadoop/hadoop-common/3.3.1/hadoop-common-3.3.1.jar:/home/runner/.m2/repository/org/apache/commons/commons-math3/3.1.1/commons-math3-3.1.1.jar:/home/runner/.m2/repository/commons-net/commons-net/3.6/commons-net-3.6.jar:/home/runner/.m2/repository/jakarta/activation/jakarta.activation-api/1.2.1/jakarta.activation-api-1.2.1.jar:/home/runner/.m2/repository/com/sun/jersey/jersey-servlet/1.19/jersey-servlet-1.19.jar:/home/runner/.m2/repository/com/sun/jersey/jersey-json/1.19/jersey-json-1.19.jar:/home/runner/.m2/repository/org/codehaus/jettison/jettison/1.1/jettison-1.1.jar:/home/runner/.m2/repository/com/sun/xml/bind/jaxb-impl/2.2.3-1/jaxb-impl-2.2.3-1.jar:/home/runner/.m2/repository/org/codehaus/jackson/jackson-jaxrs/1.9.2/jackson-jaxrs-1.9.2.jar:/home/runner/.m2/repository/org/codehaus/jackson/jackson-xc/1.9.2/jackson-xc-1.9.2.jar:/home/runner/.m2/repository/org/apache/commons/commons-configuration2/2.1.1/commons-configuration2-2.1.1.jar:/home/runner/.m2/repository/org/apache/commons/commons-text/1.4/commons-text-1.4.jar:/home/runner/.m2/repository/com/google/re2j/re2j/1.1/re2j-1.1.jar:/home/runner/.m2/repository/com/jcraft/jsch/0.1.54/jsch-0.1.54.jar:/home/runner/.m2/repository/org/apache/curator/curator-client/4.2.0/curator-client-4.2.0.jar:/home/runner/.m2/repository/org/apache/curator/curator-recipes/4.2.0/curator-recipes-4.2.0.jar:/home/runner/.m2/repository/org/apache/kerby/kerb-core/1.0.1/kerb-core-1.0.1.jar:/home/runner/.m2/repository/org/apache/kerby/kerby-pkix/1.0.1/kerby-pkix-1.0.1.jar:/home/runner/.m2/repository/org/apache/kerby/kerby-asn1/1.0.1/kerby-asn1-1.0.1.jar:/home/runner/.m2/repository/org/apache/kerby/kerby-util/1.0.1/kerby-util-1.0.1.jar:/home/runner/.m2/repository/dnsjava/dnsjava/2.1.7/dnsjava-2.1.7.jar:/home/runner/.m2/repository/org/xerial/snappy/snappy-java/1.1.8.2/snappy-java-1.1.8.2.jar:/home/runner/.m2/repository/org/slf4j/jul-to-slf4j/1.7.30/jul-to-slf4j-1.7.30.jar:/home/runner/.m2/repository/org/eclipse/jetty/jetty-util/9.4.43.v20210629/jetty-util-9.4.43.v20210629.jar:/home/runner/.m2/repository/com/fasterxml/jackson/core/jackson-databind/2.12.1/jackson-databind-2.12.1.jar:/home/runner/.m2/repository/org/apache/hadoop/hadoop-kms/3.3.1/hadoop-kms-3.3.1-tests.jar:/home/runner/.m2/repository/org/apache/ozone/hdds-server-scm/1.3.0-SNAPSHOT/hdds-server-scm-1.3.0-SNAPSHOT-tests.jar:/home/runner/.m2/repository/org/apache/ozone/hdds-container-service/1.3.0-SNAPSHOT/hdds-container-service-1.3.0-SNAPSHOT-tests.jar:/home/runner/.m2/repository/commons-codec/commons-codec/1.11/commons-codec-1.11.jar:/home/runner/.m2/repository/io/netty/netty-transport/4.1.63.Final/netty-transport-4.1.63.Final.jar:/home/runner/.m2/repository/io/netty/netty-resolver/4.1.63.Final/netty-resolver-4.1.63.Final.jar:/home/runner/.m2/repository/io/netty/netty-codec/4.1.63.Final/netty-codec-4.1.63.Final.jar:/home/runner/.m2/repository/io/netty/netty-handler/4.1.63.Final/netty-handler-4.1.63.Final.jar:/home/runner/.m2/repository/org/apache/ozone/hdds-hadoop-dependency-test/1.3.0-SNAPSHOT/hdds-hadoop-dependency-test-1.3.0-SNAPSHOT.jar:/home/runner/.m2/repository/org/apache/hadoop/hadoop-common/3.3.1/hadoop-common-3.3.1-tests.jar:/home/runner/.m2/repository/org/assertj/assertj-core/3.12.2/assertj-core-3.12.2.jar:/home/runner/.m2/repository/org/apache/hadoop/hadoop-hdfs/3.3.1/hadoop-hdfs-3.3.1-tests.jar:/home/runner/.m2/repository/org/eclipse/jetty/jetty-util-ajax/9.4.43.v20210629/jetty-util-ajax-9.4.43.v20210629.jar:/home/runner/.m2/repository/commons-daemon/commons-daemon/1.0.13/commons-daemon-1.0.13.jar:/home/runner/.m2/repository/io/netty/netty/3.10.6.Final/netty-3.10.6.Final.jar:/home/runner/.m2/repository/io/netty/netty-all/4.1.63.Final/netty-all-4.1.63.Final.jar:/home/runner/.m2/repository/org/apache/htrace/htrace-core4/4.1.0-incubating/htrace-core4-4.1.0-incubating.jar:/home/runner/.m2/repository/org/fusesource/leveldbjni/leveldbjni-all/1.8/leveldbjni-all-1.8.jar:/home/runner/.m2/repository/org/apache/hadoop/hadoop-distcp/3.3.1/hadoop-distcp-3.3.1.jar:/home/runner/.m2/repository/org/apache/hadoop/hadoop-mapreduce-client-jobclient/3.3.1/hadoop-mapreduce-client-jobclient-3.3.1.jar:/home/runner/.m2/repository/org/apache/hadoop/hadoop-mapreduce-client-common/3.3.1/hadoop-mapreduce-client-common-3.3.1.jar:/home/runner/.m2/repository/org/apache/hadoop/hadoop-yarn-common/3.3.1/hadoop-yarn-common-3.3.1.jar:/home/runner/.m2/repository/org/apache/hadoop/hadoop-yarn-api/3.3.1/hadoop-yarn-api-3.3.1.jar:/home/runner/.m2/repository/com/sun/jersey/jersey-client/1.19/jersey-client-1.19.jar:/home/runner/.m2/repository/com/sun/jersey/contribs/jersey-guice/1.19/jersey-guice-1.19.jar:/home/runner/.m2/repository/com/fasterxml/jackson/jaxrs/jackson-jaxrs-json-provider/2.12.1/jackson-jaxrs-json-provider-2.12.1.jar:/home/runner/.m2/repository/com/fasterxml/jackson/jaxrs/jackson-jaxrs-base/2.12.1/jackson-jaxrs-base-2.12.1.jar:/home/runner/.m2/repository/org/apache/hadoop/hadoop-yarn-client/3.3.1/hadoop-yarn-client-3.3.1.jar:/home/runner/.m2/repository/org/eclipse/jetty/websocket/websocket-client/9.4.40.v20210413/websocket-client-9.4.40.v20210413.jar:/home/runner/.m2/repository/org/eclipse/jetty/jetty-client/9.4.40.v20210413/jetty-client-9.4.40.v20210413.jar:/home/runner/.m2/repository/org/eclipse/jetty/websocket/websocket-common/9.4.40.v20210413/websocket-common-9.4.40.v20210413.jar:/home/runner/.m2/repository/org/eclipse/jetty/websocket/websocket-api/9.4.40.v20210413/websocket-api-9.4.40.v20210413.jar:/home/runner/.m2/repository/org/jline/jline/3.9.0/jline-3.9.0.jar:/home/runner/.m2/repository/org/apache/hadoop/hadoop-mapreduce-client-core/3.3.1/hadoop-mapreduce-client-core-3.3.1.jar:/home/runner/.m2/repository/org/apache/avro/avro/1.7.7/avro-1.7.7.jar:/home/runner/.m2/repository/org/codehaus/jackson/jackson-core-asl/1.9.13/jackson-core-asl-1.9.13.jar:/home/runner/.m2/repository/org/codehaus/jackson/jackson-mapper-asl/1.9.13/jackson-mapper-asl-1.9.13.jar:/home/runner/.m2/repository/com/thoughtworks/paranamer/paranamer/2.3/paranamer-2.3.jar:/home/runner/.m2/repository/org/apache/hadoop/hadoop-annotations/3.3.1/hadoop-annotations-3.3.1.jar:/usr/lib/jvm/temurin-8-jdk-amd64/jre/../lib/tools.jar:/home/runner/.m2/repository/org/apache/hadoop/hadoop-distcp/3.3.1/hadoop-distcp-3.3.1-tests.jar:/home/runner/.m2/repository/org/apache/ratis/ratis-common/2.2.0/ratis-common-2.2.0.jar:/home/runner/.m2/repository/org/apache/ratis/ratis-thirdparty-misc/0.7.0/ratis-thirdparty-misc-0.7.0.jar:/home/runner/.m2/repository/org/apache/ratis/ratis-proto/2.2.0/ratis-proto-2.2.0.jar:"/>
    <property name="sun.cpu.endian" value="little"/>
    <property name="user.home" value="/home/runner"/>
    <property name="user.language" value="en"/>
    <property name="java.specification.vendor" value="Oracle Corporation"/>
    <property name="java.home" value="/usr/lib/jvm/temurin-8-jdk-amd64/jre"/>
    <property name="java.security.krb5.conf" value="/home/runner/work/ozone/ozone/hadoop-ozone/integration-test/target/test-classes/krb5.conf"/>
    <property name="basedir" value="/home/runner/work/ozone/ozone/hadoop-ozone/integration-test"/>
    <property name="file.separator" value="/"/>
    <property name="line.separator" value="&#10;"/>
    <property name="java.vm.specification.vendor" value="Oracle Corporation"/>
    <property name="java.specification.name" value="Java Platform API Specification"/>
    <property name="java.awt.graphicsenv" value="sun.awt.X11GraphicsEnvironment"/>
    <property name="skip.installnpx" value="true"/>
    <property name="surefire.real.class.path" value="/home/runner/work/ozone/ozone/hadoop-ozone/integration-test/target/surefire/surefirebooter4676717533640650010.jar:/home/runner/.m2/repository/org/jacoco/org.jacoco.agent/0.8.5/org.jacoco.agent-0.8.5-runtime.jar"/>
    <property name="hadoop.log.dir" value="/home/runner/work/ozone/ozone/hadoop-ozone/integration-test/target/log"/>
    <property name="sun.boot.class.path" value="/usr/lib/jvm/temurin-8-jdk-amd64/jre/lib/resources.jar:/usr/lib/jvm/temurin-8-jdk-amd64/jre/lib/rt.jar:/usr/lib/jvm/temurin-8-jdk-amd64/jre/lib/sunrsasign.jar:/usr/lib/jvm/temurin-8-jdk-amd64/jre/lib/jsse.jar:/usr/lib/jvm/temurin-8-jdk-amd64/jre/lib/jce.jar:/usr/lib/jvm/temurin-8-jdk-amd64/jre/lib/charsets.jar:/usr/lib/jvm/temurin-8-jdk-amd64/jre/lib/jfr.jar:/usr/lib/jvm/temurin-8-jdk-amd64/jre/classes"/>
    <property name="sun.management.compiler" value="HotSpot 64-Bit Tiered Compilers"/>
    <property name="skip.npx" value="true"/>
    <property name="java.runtime.version" value="1.8.0_312-b07"/>
    <property name="java.net.preferIPv4Stack" value="true"/>
    <property name="user.name" value="runner"/>
    <property name="path.separator" value=":"/>
    <property name="java.security.egd" value="file:///dev/urandom"/>
    <property name="os.version" value="5.4.0-1067-azure"/>
    <property name="java.endorsed.dirs" value="/usr/lib/jvm/temurin-8-jdk-amd64/jre/lib/endorsed"/>
    <property name="java.runtime.name" value="OpenJDK Runtime Environment"/>
    <property name="file.encoding" value="UTF-8"/>
    <property name="java.vm.name" value="OpenJDK 64-Bit Server VM"/>
    <property name="test.build.webapps" value=""/>
    <property name="localRepository" value="/home/runner/.m2/repository"/>
    <property name="java.vendor.url.bug" value="https://github.com/adoptium/adoptium-support/issues"/>
    <property name="java.io.tmpdir" value="/tmp"/>
    <property name="require.test.libhadoop" value=""/>
    <property name="java.version" value="1.8.0_312"/>
    <property name="user.dir" value="/home/runner/work/ozone/ozone/hadoop-ozone/integration-test"/>
    <property name="os.arch" value="amd64"/>
    <property name="java.vm.specification.name" value="Java Virtual Machine Specification"/>
    <property name="test.build.classes" value="/home/runner/work/ozone/ozone/hadoop-ozone/integration-test/target/test-classes"/>
    <property name="java.awt.printerjob" value="sun.print.PSPrinterJob"/>
    <property name="sun.os.patch.level" value="unknown"/>
    <property name="hadoop.tmp.dir" value="/home/runner/work/ozone/ozone/hadoop-ozone/integration-test/target/tmp"/>
    <property name="java.library.path" value="/usr/java/packages/lib/amd64:/usr/lib64:/lib64:/lib:/usr/lib"/>
    <property name="java.vm.info" value="mixed mode"/>
    <property name="java.vendor" value="Temurin"/>
    <property name="java.vm.version" value="25.312-b07"/>
    <property name="java.ext.dirs" value="/usr/lib/jvm/temurin-8-jdk-amd64/jre/lib/ext:/usr/java/packages/lib/ext"/>
    <property name="sun.io.unicode.encoding" value="UnicodeLittle"/>
    <property name="java.class.version" value="52.0"/>
  </properties>
  <testcase name="testMultipleDataDirs" classname="org.apache.hadoop.ozone.TestMiniOzoneCluster" time="30.405"/>
  <testcase name="testStartMultipleDatanodes" classname="org.apache.hadoop.ozone.TestMiniOzoneCluster" time="51.827"/>
  <testcase name="testDNstartAfterSCM" classname="org.apache.hadoop.ozone.TestMiniOzoneCluster" time="118.394">
    <error message="test timed out after 100000 milliseconds" type="org.junit.runners.model.TestTimedOutException">org.junit.runners.model.TestTimedOutException: test timed out after 100000 milliseconds
	at java.lang.Thread.sleep(Native Method)
	at org.apache.hadoop.ozone.TestMiniOzoneCluster.testDNstartAfterSCM(TestMiniOzoneCluster.java:334)
	at sun.reflect.NativeMethodAccessorImpl.invoke0(Native Method)
	at sun.reflect.NativeMethodAccessorImpl.invoke(NativeMethodAccessorImpl.java:62)
	at sun.reflect.DelegatingMethodAccessorImpl.invoke(DelegatingMethodAccessorImpl.java:43)
	at java.lang.reflect.Method.invoke(Method.java:498)
	at org.junit.runners.model.FrameworkMethod$1.runReflectiveCall(FrameworkMethod.java:59)
	at org.junit.internal.runners.model.ReflectiveCallable.run(ReflectiveCallable.java:12)
	at org.junit.runners.model.FrameworkMethod.invokeExplosively(FrameworkMethod.java:56)
	at org.junit.internal.runners.statements.InvokeMethod.evaluate(InvokeMethod.java:17)
	at org.junit.internal.runners.statements.FailOnTimeout$CallableStatement.call(FailOnTimeout.java:288)
	at org.junit.internal.runners.statements.FailOnTimeout$CallableStatement.call(FailOnTimeout.java:282)
	at java.util.concurrent.FutureTask.run(FutureTask.java:266)
	at java.lang.Thread.run(Thread.java:748)
</error>
    <system-out><![CDATA[2022-02-01 13:05:42,068 [Time-limited test] WARN  server.ServerUtils (ServerUtils.java:getScmDbDir(148)) - ozone.scm.db.dirs is not configured. We recommend adding this setting. Falling back to ozone.metadata.dirs instead.
2022-02-01 13:05:42,075 [Time-limited test] INFO  ha.SCMHANodeDetails (SCMHANodeDetails.java:loadSCMHAConfig(157)) - ServiceID for StorageContainerManager is null
2022-02-01 13:05:42,075 [Time-limited test] INFO  ha.SCMHANodeDetails (SCMHANodeDetails.java:loadSCMHAConfig(162)) - ozone.scm.default.service.id is not defined, falling back to ozone.scm.service.ids to find serviceID for StorageContainerManager if it is HA enabled cluster
2022-02-01 13:05:42,076 [Time-limited test] INFO  server.RaftServer (ConfUtils.java:logGet(44)) - raft.rpc.type = GRPC (default)
2022-02-01 13:05:42,076 [Time-limited test] INFO  grpc.GrpcFactory (GrpcFactory.java:checkPooledByteBufAllocatorUseCacheForAllThreads(48)) - PERFORMANCE WARNING: useCacheForAllThreads is true that may cause Netty to create a lot garbage objects and, as a result, trigger GC.
	It is recommended to disable useCacheForAllThreads by setting -Dorg.apache.ratis.thirdparty.io.netty.allocator.useCacheForAllThreads=false in command line.
2022-02-01 13:05:42,076 [Time-limited test] INFO  grpc.GrpcConfigKeys (ConfUtils.java:logGet(44)) - raft.grpc.admin.port = -1 (default)
2022-02-01 13:05:42,076 [Time-limited test] INFO  grpc.GrpcConfigKeys (ConfUtils.java:logGet(44)) - raft.grpc.server.port = 9894 (custom)
2022-02-01 13:05:42,077 [Time-limited test] INFO  grpc.GrpcConfigKeys (ConfUtils.java:logGet(44)) - raft.grpc.client.port = -1 (default)
2022-02-01 13:05:42,077 [Time-limited test] INFO  grpc.GrpcConfigKeys (ConfUtils.java:logGet(44)) - raft.grpc.server.port = 9894 (custom)
2022-02-01 13:05:42,077 [Time-limited test] INFO  grpc.GrpcConfigKeys (ConfUtils.java:logGet(44)) - raft.grpc.server.port = 9894 (custom)
2022-02-01 13:05:42,077 [Time-limited test] INFO  server.GrpcService (ConfUtils.java:logGet(44)) - raft.grpc.message.size.max = 32m (=33554432) (custom)
2022-02-01 13:05:42,077 [Time-limited test] INFO  server.RaftServerConfigKeys (ConfUtils.java:logGet(44)) - raft.server.log.appender.buffer.byte-limit = 33554432 (custom)
2022-02-01 13:05:42,077 [Time-limited test] INFO  server.GrpcService (ConfUtils.java:logGet(44)) - raft.grpc.flow.control.window = 1MB (=1048576) (default)
2022-02-01 13:05:42,077 [Time-limited test] INFO  server.RaftServerConfigKeys (ConfUtils.java:logGet(44)) - raft.server.rpc.request.timeout = 30000ms (custom)
2022-02-01 13:05:42,078 [Time-limited test] INFO  impl.DataStreamServerImpl (ConfUtils.java:logGet(44)) - raft.datastream.type = DISABLED (default)
2022-02-01 13:05:42,078 [Time-limited test] INFO  server.RaftServerConfigKeys (ConfUtils.java:logGet(44)) - raft.server.rpc.slowness.timeout = 120000ms (custom)
2022-02-01 13:05:42,078 [Time-limited test] INFO  server.RaftServerConfigKeys (ConfUtils.java:logGet(44)) - raft.server.leaderelection.leader.step-down.wait-time = 10s (default)
2022-02-01 13:05:42,079 [Time-limited test] INFO  server.RaftServerConfigKeys (ConfUtils.java:logGet(44)) - raft.server.storage.dir = [/home/runner/work/ozone/ozone/hadoop-ozone/integration-test/target/test-dir/MiniOzoneClusterImpl-8a3c48c2-e56b-48f6-9d69-6421286ed0f4/ozone-meta/scm-ha] (custom)
2022-02-01 13:05:42,088 [Time-limited test] INFO  server.RaftServer (RaftServerProxy.java:addNew(95)) - fe9b1876-1226-442e-bf61-922c3b3b04e7: addNew group-6421286ED0F4:[fe9b1876-1226-442e-bf61-922c3b3b04e7|rpc:fv-az59-591:9894|priority:0] returns group-6421286ED0F4:java.util.concurrent.CompletableFuture@1e0f347b[Not completed]
2022-02-01 13:05:42,089 [pool-188-thread-1] INFO  server.RaftServer$Division (RaftServerImpl.java:<init>(184)) - fe9b1876-1226-442e-bf61-922c3b3b04e7: new RaftServerImpl for group-6421286ED0F4:[fe9b1876-1226-442e-bf61-922c3b3b04e7|rpc:fv-az59-591:9894|priority:0] with SCMStateMachine:uninitialized
2022-02-01 13:05:42,091 [pool-188-thread-1] INFO  server.RaftServerConfigKeys (ConfUtils.java:logGet(44)) - raft.server.rpc.timeout.min = 5000ms (custom)
2022-02-01 13:05:42,093 [pool-188-thread-1] INFO  server.RaftServerConfigKeys (ConfUtils.java:logGet(44)) - raft.server.rpc.timeout.max = 5200ms (custom)
2022-02-01 13:05:42,093 [pool-188-thread-1] INFO  server.RaftServerConfigKeys (ConfUtils.java:logGet(44)) - raft.server.rpc.sleep.time = 25ms (default)
2022-02-01 13:05:42,093 [pool-188-thread-1] INFO  server.RaftServerConfigKeys (ConfUtils.java:logGet(44)) - raft.server.rpc.slowness.timeout = 120000ms (custom)
2022-02-01 13:05:42,093 [pool-188-thread-1] INFO  server.RaftServerConfigKeys (ConfUtils.java:logGet(44)) - raft.server.leaderelection.leader.step-down.wait-time = 10s (default)
2022-02-01 13:05:42,093 [pool-188-thread-1] INFO  server.RaftServerConfigKeys (ConfUtils.java:logGet(44)) - raft.server.sleep.deviation.threshold = 300ms (default)
2022-02-01 13:05:42,093 [pool-188-thread-1] INFO  server.RaftServerConfigKeys (ConfUtils.java:logGet(44)) - raft.server.log.appender.install.snapshot.enabled = false (custom)
2022-02-01 13:05:42,093 [pool-188-thread-1] INFO  server.RaftServer$Division (ServerState.java:<init>(105)) - fe9b1876-1226-442e-bf61-922c3b3b04e7@group-6421286ED0F4: ConfigurationManager, init=-1: [fe9b1876-1226-442e-bf61-922c3b3b04e7|rpc:fv-az59-591:9894|priority:0], old=null, confs=<EMPTY_MAP>
2022-02-01 13:05:42,094 [pool-188-thread-1] INFO  server.RaftServerConfigKeys (ConfUtils.java:logGet(44)) - raft.server.storage.dir = [/home/runner/work/ozone/ozone/hadoop-ozone/integration-test/target/test-dir/MiniOzoneClusterImpl-8a3c48c2-e56b-48f6-9d69-6421286ed0f4/ozone-meta/scm-ha] (custom)
2022-02-01 13:05:42,094 [pool-188-thread-1] INFO  server.RaftServerConfigKeys (ConfUtils.java:logGet(44)) - raft.server.log.corruption.policy = EXCEPTION (default)
2022-02-01 13:05:42,096 [pool-188-thread-1] INFO  server.RaftServerConfigKeys (ConfUtils.java:logGet(44)) - raft.server.storage.free-space.min = 0MB (=0) (default)
2022-02-01 13:05:42,097 [pool-188-thread-1] INFO  storage.RaftStorageDirectory (RaftStorageDirectoryImpl.java:analyzeStorage(135)) - The storage directory /home/runner/work/ozone/ozone/hadoop-ozone/integration-test/target/test-dir/MiniOzoneClusterImpl-8a3c48c2-e56b-48f6-9d69-6421286ed0f4/ozone-meta/scm-ha/8a3c48c2-e56b-48f6-9d69-6421286ed0f4 does not exist. Creating ...
2022-02-01 13:05:42,098 [pool-188-thread-1] INFO  storage.RaftStorageDirectory (RaftStorageDirectoryImpl.java:tryLock(230)) - Lock on /home/runner/work/ozone/ozone/hadoop-ozone/integration-test/target/test-dir/MiniOzoneClusterImpl-8a3c48c2-e56b-48f6-9d69-6421286ed0f4/ozone-meta/scm-ha/8a3c48c2-e56b-48f6-9d69-6421286ed0f4/in_use.lock acquired by nodename 23332@fv-az59-591
2022-02-01 13:05:42,108 [pool-188-thread-1] INFO  storage.RaftStorage (RaftStorageImpl.java:format(89)) - Storage directory /home/runner/work/ozone/ozone/hadoop-ozone/integration-test/target/test-dir/MiniOzoneClusterImpl-8a3c48c2-e56b-48f6-9d69-6421286ed0f4/ozone-meta/scm-ha/8a3c48c2-e56b-48f6-9d69-6421286ed0f4 has been successfully formatted.
2022-02-01 13:05:42,109 [pool-188-thread-1] INFO  server.RaftServerConfigKeys (ConfUtils.java:logGet(44)) - raft.server.notification.no-leader.timeout = 60s (default)
2022-02-01 13:05:42,109 [pool-188-thread-1] INFO  server.RaftServerConfigKeys (ConfUtils.java:logGet(44)) - raft.server.log.use.memory = false (default)
2022-02-01 13:05:42,109 [pool-188-thread-1] INFO  server.RaftServerConfigKeys (ConfUtils.java:logGet(44)) - raft.server.log.purge.gap = 1000000 (custom)
2022-02-01 13:05:42,109 [pool-188-thread-1] INFO  server.RaftServerConfigKeys (ConfUtils.java:logGet(44)) - raft.server.log.appender.buffer.byte-limit = 33554432 (custom)
2022-02-01 13:05:42,110 [pool-188-thread-1] INFO  server.RaftServerConfigKeys (ConfUtils.java:logGet(44)) - raft.server.log.segment.size.max = 4194304 (custom)
2022-02-01 13:05:42,114 [pool-188-thread-1] INFO  server.RaftServerConfigKeys (ConfUtils.java:logGet(44)) - raft.server.log.segment.cache.num.max = 2 (custom)
2022-02-01 13:05:42,114 [pool-188-thread-1] INFO  server.RaftServerConfigKeys (ConfUtils.java:logGet(44)) - raft.server.log.segment.cache.size.max = 200MB (=209715200) (default)
2022-02-01 13:05:42,114 [pool-188-thread-1] INFO  segmented.SegmentedRaftLogWorker (SegmentedRaftLogWorker.java:<init>(182)) - new fe9b1876-1226-442e-bf61-922c3b3b04e7@group-6421286ED0F4-SegmentedRaftLogWorker for RaftStorageImpl:Storage Directory /home/runner/work/ozone/ozone/hadoop-ozone/integration-test/target/test-dir/MiniOzoneClusterImpl-8a3c48c2-e56b-48f6-9d69-6421286ed0f4/ozone-meta/scm-ha/8a3c48c2-e56b-48f6-9d69-6421286ed0f4
2022-02-01 13:05:42,114 [pool-188-thread-1] INFO  server.RaftServerConfigKeys (ConfUtils.java:logGet(44)) - raft.server.log.queue.byte-limit = 64MB (=67108864) (default)
2022-02-01 13:05:42,114 [pool-188-thread-1] INFO  server.RaftServerConfigKeys (ConfUtils.java:logGet(44)) - raft.server.log.queue.element-limit = 4096 (default)
2022-02-01 13:05:42,114 [pool-188-thread-1] INFO  server.RaftServerConfigKeys (ConfUtils.java:logGet(44)) - raft.server.log.segment.size.max = 4194304 (custom)
2022-02-01 13:05:42,115 [pool-188-thread-1] INFO  server.RaftServerConfigKeys (ConfUtils.java:logGet(44)) - raft.server.log.preallocated.size = 4194304 (custom)
2022-02-01 13:05:42,115 [pool-188-thread-1] INFO  server.RaftServerConfigKeys (ConfUtils.java:logGet(44)) - raft.server.log.force.sync.num = 128 (default)
2022-02-01 13:05:42,115 [pool-188-thread-1] INFO  server.RaftServerConfigKeys (ConfUtils.java:logGet(44)) - raft.server.log.statemachine.data.sync = true (default)
2022-02-01 13:05:42,115 [pool-188-thread-1] INFO  server.RaftServerConfigKeys (ConfUtils.java:logGet(44)) - raft.server.log.statemachine.data.sync.timeout = 10s (default)
2022-02-01 13:05:42,115 [pool-188-thread-1] INFO  server.RaftServerConfigKeys (ConfUtils.java:logGet(44)) - raft.server.log.statemachine.data.sync.timeout.retry = -1 (default)
2022-02-01 13:05:42,116 [pool-188-thread-1] INFO  server.RaftServerConfigKeys (ConfUtils.java:logGet(44)) - raft.server.log.write.buffer.size = 64KB (=65536) (default)
2022-02-01 13:05:42,117 [pool-188-thread-1] INFO  server.RaftServerConfigKeys (ConfUtils.java:logGet(44)) - raft.server.log.statemachine.data.caching.enabled = false (default)
2022-02-01 13:05:42,117 [pool-188-thread-1] INFO  segmented.SegmentedRaftLogWorker (SegmentedRaftLogWorker.java:lambda$new$0(133)) - fe9b1876-1226-442e-bf61-922c3b3b04e7@group-6421286ED0F4-SegmentedRaftLogWorker: flushIndex: setUnconditionally 0 -> -1
2022-02-01 13:05:42,117 [pool-188-thread-1] INFO  segmented.SegmentedRaftLogWorker (SegmentedRaftLogWorker.java:lambda$new$0(133)) - fe9b1876-1226-442e-bf61-922c3b3b04e7@group-6421286ED0F4-SegmentedRaftLogWorker: safeCacheEvictIndex: setUnconditionally 0 -> -1
2022-02-01 13:05:42,121 [pool-188-thread-1] INFO  server.RaftServerConfigKeys (ConfUtils.java:logGet(44)) - raft.server.snapshot.auto.trigger.enabled = true (custom)
2022-02-01 13:05:42,121 [pool-188-thread-1] INFO  server.RaftServerConfigKeys (ConfUtils.java:logGet(44)) - raft.server.snapshot.auto.trigger.threshold = 1000 (custom)
2022-02-01 13:05:42,121 [pool-188-thread-1] INFO  server.RaftServerConfigKeys (ConfUtils.java:logGet(44)) - raft.server.snapshot.retention.file.num = -1 (default)
2022-02-01 13:05:42,121 [pool-188-thread-1] INFO  server.RaftServerConfigKeys (ConfUtils.java:logGet(44)) - raft.server.log.purge.upto.snapshot.index = false (default)
2022-02-01 13:05:42,121 [pool-188-thread-1] INFO  server.RaftServerConfigKeys (ConfUtils.java:logGet(44)) - raft.server.retrycache.expirytime = 60000ms (default)
2022-02-01 13:05:42,121 [pool-188-thread-1] INFO  server.RaftServerConfigKeys (ConfUtils.java:logGet(44)) - raft.server.retrycache.statistics.expirytime = 100μs (default)
2022-02-01 13:05:42,123 [Time-limited test] INFO  server.RaftServer$Division (RaftServerImpl.java:start(301)) - fe9b1876-1226-442e-bf61-922c3b3b04e7@group-6421286ED0F4: start as a follower, conf=-1: [fe9b1876-1226-442e-bf61-922c3b3b04e7|rpc:fv-az59-591:9894|priority:0], old=null
2022-02-01 13:05:42,123 [Time-limited test] INFO  server.RaftServer$Division (RaftServerImpl.java:setRole(290)) - fe9b1876-1226-442e-bf61-922c3b3b04e7@group-6421286ED0F4: changes role from      null to FOLLOWER at term 0 for startAsFollower
2022-02-01 13:05:42,123 [Time-limited test] INFO  impl.RoleInfo (RoleInfo.java:updateAndGet(130)) - fe9b1876-1226-442e-bf61-922c3b3b04e7: start fe9b1876-1226-442e-bf61-922c3b3b04e7@group-6421286ED0F4-FollowerState
2022-02-01 13:05:42,128 [Time-limited test] INFO  util.JmxRegister (JmxRegister.java:tryRegister(44)) - Successfully registered JMX Bean with object name Ratis:service=RaftServer,group=group-6421286ED0F4,id=fe9b1876-1226-442e-bf61-922c3b3b04e7
2022-02-01 13:05:42,130 [Time-limited test] INFO  server.RaftServer (RaftServerProxy.java:lambda$start$5(374)) - fe9b1876-1226-442e-bf61-922c3b3b04e7: start RPC server
2022-02-01 13:05:42,132 [Time-limited test] INFO  server.GrpcService (GrpcService.java:startImpl(253)) - fe9b1876-1226-442e-bf61-922c3b3b04e7: GrpcService started, listening on 9894
2022-02-01 13:05:42,134 [org.apache.ratis.util.JvmPauseMonitor$$Lambda$431/624767945@4803ac29] INFO  util.JvmPauseMonitor (JvmPauseMonitor.java:run(103)) - JvmPauseMonitor-fe9b1876-1226-442e-bf61-922c3b3b04e7: Started
2022-02-01 13:05:47,146 [fe9b1876-1226-442e-bf61-922c3b3b04e7@group-6421286ED0F4-FollowerState] INFO  impl.FollowerState (FollowerState.java:run(134)) - fe9b1876-1226-442e-bf61-922c3b3b04e7@group-6421286ED0F4-FollowerState: change to CANDIDATE, lastRpcElapsedTime:5023251616ns, electionTimeout:5018ms
2022-02-01 13:05:47,147 [fe9b1876-1226-442e-bf61-922c3b3b04e7@group-6421286ED0F4-FollowerState] INFO  impl.RoleInfo (RoleInfo.java:shutdownFollowerState(108)) - fe9b1876-1226-442e-bf61-922c3b3b04e7: shutdown fe9b1876-1226-442e-bf61-922c3b3b04e7@group-6421286ED0F4-FollowerState
2022-02-01 13:05:47,147 [fe9b1876-1226-442e-bf61-922c3b3b04e7@group-6421286ED0F4-FollowerState] INFO  server.RaftServer$Division (RaftServerImpl.java:setRole(290)) - fe9b1876-1226-442e-bf61-922c3b3b04e7@group-6421286ED0F4: changes role from  FOLLOWER to CANDIDATE at term 0 for changeToCandidate
2022-02-01 13:05:47,147 [fe9b1876-1226-442e-bf61-922c3b3b04e7@group-6421286ED0F4-FollowerState] INFO  server.RaftServerConfigKeys (ConfUtils.java:logGet(44)) - raft.server.leaderelection.pre-vote = false (custom)
2022-02-01 13:05:47,147 [fe9b1876-1226-442e-bf61-922c3b3b04e7@group-6421286ED0F4-FollowerState] INFO  impl.RoleInfo (RoleInfo.java:updateAndGet(130)) - fe9b1876-1226-442e-bf61-922c3b3b04e7: start fe9b1876-1226-442e-bf61-922c3b3b04e7@group-6421286ED0F4-LeaderElection15
2022-02-01 13:05:47,165 [fe9b1876-1226-442e-bf61-922c3b3b04e7@group-6421286ED0F4-LeaderElection15] INFO  impl.LeaderElection (LeaderElection.java:askForVotes(306)) - fe9b1876-1226-442e-bf61-922c3b3b04e7@group-6421286ED0F4-LeaderElection15 ELECTION round 0: submit vote requests at term 1 for -1: [fe9b1876-1226-442e-bf61-922c3b3b04e7|rpc:fv-az59-591:9894|priority:0], old=null
2022-02-01 13:05:47,166 [fe9b1876-1226-442e-bf61-922c3b3b04e7@group-6421286ED0F4-LeaderElection15] INFO  impl.LeaderElection (LeaderElection.java:askForVotes(308)) - fe9b1876-1226-442e-bf61-922c3b3b04e7@group-6421286ED0F4-LeaderElection15 ELECTION round 0: result PASSED (term=1)
2022-02-01 13:05:47,167 [fe9b1876-1226-442e-bf61-922c3b3b04e7@group-6421286ED0F4-LeaderElection15] INFO  impl.RoleInfo (RoleInfo.java:shutdownLeaderElection(121)) - fe9b1876-1226-442e-bf61-922c3b3b04e7: shutdown fe9b1876-1226-442e-bf61-922c3b3b04e7@group-6421286ED0F4-LeaderElection15
2022-02-01 13:05:47,167 [fe9b1876-1226-442e-bf61-922c3b3b04e7@group-6421286ED0F4-LeaderElection15] INFO  server.RaftServer$Division (RaftServerImpl.java:setRole(290)) - fe9b1876-1226-442e-bf61-922c3b3b04e7@group-6421286ED0F4: changes role from CANDIDATE to LEADER at term 1 for changeToLeader
2022-02-01 13:05:47,167 [fe9b1876-1226-442e-bf61-922c3b3b04e7@group-6421286ED0F4-LeaderElection15] INFO  server.RaftServer$Division (ServerState.java:setLeader(285)) - fe9b1876-1226-442e-bf61-922c3b3b04e7@group-6421286ED0F4: change Leader from null to fe9b1876-1226-442e-bf61-922c3b3b04e7 at term 1 for becomeLeader, leader elected after 5058ms
2022-02-01 13:05:47,167 [fe9b1876-1226-442e-bf61-922c3b3b04e7@group-6421286ED0F4-LeaderElection15] INFO  server.RaftServerConfigKeys (ConfUtils.java:logGet(44)) - raft.server.staging.catchup.gap = 1000 (default)
2022-02-01 13:05:47,168 [fe9b1876-1226-442e-bf61-922c3b3b04e7@group-6421286ED0F4-LeaderElection15] INFO  server.RaftServerConfigKeys (ConfUtils.java:logGet(44)) - raft.server.write.element-limit = 4096 (default)
2022-02-01 13:05:47,168 [fe9b1876-1226-442e-bf61-922c3b3b04e7@group-6421286ED0F4-LeaderElection15] INFO  server.RaftServerConfigKeys (ConfUtils.java:logGet(44)) - raft.server.write.byte-limit = 64MB (=67108864) (default)
2022-02-01 13:05:47,169 [fe9b1876-1226-442e-bf61-922c3b3b04e7@group-6421286ED0F4-LeaderElection15] INFO  server.RaftServerConfigKeys (ConfUtils.java:logGet(44)) - raft.server.watch.timeout = 10s (default)
2022-02-01 13:05:47,169 [fe9b1876-1226-442e-bf61-922c3b3b04e7@group-6421286ED0F4-LeaderElection15] INFO  server.RaftServerConfigKeys (ConfUtils.java:logGet(44)) - raft.server.watch.timeout.denomination = 1s (default)
2022-02-01 13:05:47,170 [fe9b1876-1226-442e-bf61-922c3b3b04e7@group-6421286ED0F4-LeaderElection15] INFO  server.RaftServerConfigKeys (ConfUtils.java:logGet(44)) - raft.server.watch.element-limit = 65536 (default)
2022-02-01 13:05:47,170 [fe9b1876-1226-442e-bf61-922c3b3b04e7@group-6421286ED0F4-LeaderElection15] INFO  server.RaftServerConfigKeys (ConfUtils.java:logGet(44)) - raft.server.write.element-limit = 4096 (default)
2022-02-01 13:05:47,170 [fe9b1876-1226-442e-bf61-922c3b3b04e7@group-6421286ED0F4-LeaderElection15] INFO  server.RaftServerConfigKeys (ConfUtils.java:logGet(44)) - raft.server.write.follower.gap.ratio.max = -1.0 (default)
2022-02-01 13:05:47,170 [fe9b1876-1226-442e-bf61-922c3b3b04e7@group-6421286ED0F4-LeaderElection15] INFO  impl.RoleInfo (RoleInfo.java:updateAndGet(130)) - fe9b1876-1226-442e-bf61-922c3b3b04e7: start fe9b1876-1226-442e-bf61-922c3b3b04e7@group-6421286ED0F4-LeaderStateImpl
2022-02-01 13:05:47,170 [fe9b1876-1226-442e-bf61-922c3b3b04e7@group-6421286ED0F4-LeaderElection15] INFO  segmented.SegmentedRaftLogWorker (SegmentedRaftLogWorker.java:startLogSegment(394)) - fe9b1876-1226-442e-bf61-922c3b3b04e7@group-6421286ED0F4-SegmentedRaftLogWorker: Starting segment from index:0
2022-02-01 13:05:47,183 [fe9b1876-1226-442e-bf61-922c3b3b04e7@group-6421286ED0F4-LeaderElection15] INFO  server.RaftServer$Division (ServerState.java:setRaftConf(387)) - fe9b1876-1226-442e-bf61-922c3b3b04e7@group-6421286ED0F4: set configuration 0: [fe9b1876-1226-442e-bf61-922c3b3b04e7|rpc:fv-az59-591:9894|admin:|client:|dataStream:|priority:0], old=null
2022-02-01 13:05:47,188 [fe9b1876-1226-442e-bf61-922c3b3b04e7@group-6421286ED0F4-SegmentedRaftLogWorker] INFO  segmented.SegmentedRaftLogWorker (SegmentedRaftLogWorker.java:execute(601)) - fe9b1876-1226-442e-bf61-922c3b3b04e7@group-6421286ED0F4-SegmentedRaftLogWorker: created new log segment /home/runner/work/ozone/ozone/hadoop-ozone/integration-test/target/test-dir/MiniOzoneClusterImpl-8a3c48c2-e56b-48f6-9d69-6421286ed0f4/ozone-meta/scm-ha/8a3c48c2-e56b-48f6-9d69-6421286ed0f4/current/log_inprogress_0
2022-02-01 13:05:48,133 [Time-limited test] INFO  server.RaftServer (RaftServerProxy.java:lambda$close$6(391)) - fe9b1876-1226-442e-bf61-922c3b3b04e7: close
2022-02-01 13:05:48,133 [Time-limited test] INFO  server.RaftServer$Division (RaftServerImpl.java:lambda$close$4(412)) - fe9b1876-1226-442e-bf61-922c3b3b04e7@group-6421286ED0F4: shutdown
2022-02-01 13:05:48,133 [Time-limited test] INFO  util.JmxRegister (JmxRegister.java:unregister(73)) - Successfully un-registered JMX Bean with object name Ratis:service=RaftServer,group=group-6421286ED0F4,id=fe9b1876-1226-442e-bf61-922c3b3b04e7
2022-02-01 13:05:48,133 [Time-limited test] INFO  impl.RoleInfo (RoleInfo.java:shutdownLeaderState(91)) - fe9b1876-1226-442e-bf61-922c3b3b04e7: shutdown fe9b1876-1226-442e-bf61-922c3b3b04e7@group-6421286ED0F4-LeaderStateImpl
2022-02-01 13:05:48,133 [Time-limited test] INFO  impl.PendingRequests (PendingRequests.java:sendNotLeaderResponses(282)) - fe9b1876-1226-442e-bf61-922c3b3b04e7@group-6421286ED0F4-PendingRequests: sendNotLeaderResponses
2022-02-01 13:05:48,134 [Time-limited test] INFO  impl.StateMachineUpdater (StateMachineUpdater.java:stopAndJoin(149)) - fe9b1876-1226-442e-bf61-922c3b3b04e7@group-6421286ED0F4-StateMachineUpdater: set stopIndex = 0
2022-02-01 13:05:48,134 [fe9b1876-1226-442e-bf61-922c3b3b04e7@group-6421286ED0F4-StateMachineUpdater] INFO  impl.StateMachineUpdater (StateMachineUpdater.java:takeSnapshot(281)) - fe9b1876-1226-442e-bf61-922c3b3b04e7@group-6421286ED0F4-StateMachineUpdater: Took a snapshot at index 0
2022-02-01 13:05:48,134 [fe9b1876-1226-442e-bf61-922c3b3b04e7@group-6421286ED0F4-StateMachineUpdater] INFO  impl.StateMachineUpdater (StateMachineUpdater.java:lambda$new$0(89)) - fe9b1876-1226-442e-bf61-922c3b3b04e7@group-6421286ED0F4-StateMachineUpdater: snapshotIndex: updateIncreasingly -1 -> 0
2022-02-01 13:05:48,134 [Time-limited test] INFO  server.RaftServer$Division (ServerState.java:close(419)) - fe9b1876-1226-442e-bf61-922c3b3b04e7@group-6421286ED0F4: closes. applyIndex: 0
2022-02-01 13:05:48,135 [fe9b1876-1226-442e-bf61-922c3b3b04e7@group-6421286ED0F4-SegmentedRaftLogWorker] INFO  segmented.SegmentedRaftLogWorker (SegmentedRaftLogWorker.java:run(327)) - fe9b1876-1226-442e-bf61-922c3b3b04e7@group-6421286ED0F4-SegmentedRaftLogWorker was interrupted, exiting. There are 0 tasks remaining in the queue.
2022-02-01 13:05:48,139 [Time-limited test] INFO  segmented.SegmentedRaftLogWorker (SegmentedRaftLogWorker.java:close(237)) - fe9b1876-1226-442e-bf61-922c3b3b04e7@group-6421286ED0F4-SegmentedRaftLogWorker close()
2022-02-01 13:05:48,141 [Time-limited test] INFO  server.GrpcService (GrpcService.java:closeImpl(262)) - fe9b1876-1226-442e-bf61-922c3b3b04e7: shutdown server with port 9894 now
2022-02-01 13:05:48,142 [Time-limited test] INFO  server.GrpcService (GrpcService.java:closeImpl(271)) - fe9b1876-1226-442e-bf61-922c3b3b04e7: shutdown server with port 9894 successfully
2022-02-01 13:05:48,142 [org.apache.ratis.util.JvmPauseMonitor$$Lambda$431/624767945@4803ac29] INFO  util.JvmPauseMonitor (JvmPauseMonitor.java:run(109)) - JvmPauseMonitor-fe9b1876-1226-442e-bf61-922c3b3b04e7: Stopped
2022-02-01 13:05:48,142 [Time-limited test] INFO  ha.SCMHANodeDetails (SCMHANodeDetails.java:loadSCMHAConfig(157)) - ServiceID for StorageContainerManager is null
2022-02-01 13:05:48,142 [Time-limited test] INFO  ha.SCMHANodeDetails (SCMHANodeDetails.java:loadSCMHAConfig(162)) - ozone.scm.default.service.id is not defined, falling back to ozone.scm.service.ids to find serviceID for StorageContainerManager if it is HA enabled cluster
2022-02-01 13:05:48,144 [Time-limited test] WARN  server.ServerUtils (ServerUtils.java:getScmDbDir(148)) - ozone.scm.db.dirs is not configured. We recommend adding this setting. Falling back to ozone.metadata.dirs instead.
2022-02-01 13:05:48,144 [Time-limited test] INFO  upgrade.AbstractLayoutVersionManager (AbstractLayoutVersionManager.java:init(79)) - Initializing Layout version manager with metadata layout = SCM_HA (version = 2), software layout = SCM_HA (version = 2)
2022-02-01 13:05:48,212 [Time-limited test] INFO  reflections.Reflections (Reflections.java:scan(232)) - Reflections took 67 ms to scan 7 urls, producing 119 keys and 279 values 
2022-02-01 13:05:48,223 [Time-limited test] WARN  utils.HAUtils (HAUtils.java:getMetaDir(342)) - ozone.scm.db.dirs is not configured. We recommend adding this setting. Falling back to ozone.metadata.dirs instead.
2022-02-01 13:05:48,227 [Time-limited test] WARN  db.DBStoreBuilder (DBStoreBuilder.java:applyDBDefinition(145)) - ozone.scm.db.dirs is not configured. We recommend adding this setting. Falling back to ozone.metadata.dirs instead.
2022-02-01 13:05:48,359 [Time-limited test] INFO  net.NodeSchemaLoader (NodeSchemaLoader.java:loadSchemaFromFile(129)) - Loading schema from [jar:file:/home/runner/.m2/repository/org/apache/ozone/hdds-common/1.3.0-SNAPSHOT/hdds-common-1.3.0-SNAPSHOT.jar!/network-topology-default.xml]
2022-02-01 13:05:48,365 [Time-limited test] INFO  net.NodeSchemaLoader (NodeSchemaLoader.java:loadSchema(176)) - Loading network topology layer schema file
2022-02-01 13:05:48,368 [Time-limited test] INFO  ha.SCMRatisServerImpl (SCMRatisServerImpl.java:<init>(87)) - starting Raft server for scm:fe9b1876-1226-442e-bf61-922c3b3b04e7
2022-02-01 13:05:48,371 [Time-limited test] INFO  server.RaftServer (ConfUtils.java:logGet(44)) - raft.rpc.type = GRPC (default)
2022-02-01 13:05:48,372 [Time-limited test] INFO  grpc.GrpcFactory (GrpcFactory.java:checkPooledByteBufAllocatorUseCacheForAllThreads(48)) - PERFORMANCE WARNING: useCacheForAllThreads is true that may cause Netty to create a lot garbage objects and, as a result, trigger GC.
	It is recommended to disable useCacheForAllThreads by setting -Dorg.apache.ratis.thirdparty.io.netty.allocator.useCacheForAllThreads=false in command line.
2022-02-01 13:05:48,372 [Time-limited test] INFO  grpc.GrpcConfigKeys (ConfUtils.java:logGet(44)) - raft.grpc.admin.port = -1 (default)
2022-02-01 13:05:48,372 [Time-limited test] INFO  grpc.GrpcConfigKeys (ConfUtils.java:logGet(44)) - raft.grpc.server.port = 9894 (custom)
2022-02-01 13:05:48,372 [Time-limited test] INFO  grpc.GrpcConfigKeys (ConfUtils.java:logGet(44)) - raft.grpc.client.port = -1 (default)
2022-02-01 13:05:48,372 [Time-limited test] INFO  grpc.GrpcConfigKeys (ConfUtils.java:logGet(44)) - raft.grpc.server.port = 9894 (custom)
2022-02-01 13:05:48,373 [Time-limited test] INFO  grpc.GrpcConfigKeys (ConfUtils.java:logGet(44)) - raft.grpc.server.port = 9894 (custom)
2022-02-01 13:05:48,373 [Time-limited test] INFO  server.GrpcService (ConfUtils.java:logGet(44)) - raft.grpc.message.size.max = 32m (=33554432) (custom)
2022-02-01 13:05:48,373 [Time-limited test] INFO  server.RaftServerConfigKeys (ConfUtils.java:logGet(44)) - raft.server.log.appender.buffer.byte-limit = 33554432 (custom)
2022-02-01 13:05:48,373 [Time-limited test] INFO  server.GrpcService (ConfUtils.java:logGet(44)) - raft.grpc.flow.control.window = 1MB (=1048576) (default)
2022-02-01 13:05:48,373 [Time-limited test] INFO  server.RaftServerConfigKeys (ConfUtils.java:logGet(44)) - raft.server.rpc.request.timeout = 30000ms (custom)
2022-02-01 13:05:48,374 [Time-limited test] INFO  impl.DataStreamServerImpl (ConfUtils.java:logGet(44)) - raft.datastream.type = DISABLED (default)
2022-02-01 13:05:48,374 [Time-limited test] INFO  server.RaftServerConfigKeys (ConfUtils.java:logGet(44)) - raft.server.rpc.slowness.timeout = 120000ms (custom)
2022-02-01 13:05:48,375 [Time-limited test] INFO  server.RaftServerConfigKeys (ConfUtils.java:logGet(44)) - raft.server.leaderelection.leader.step-down.wait-time = 10s (default)
2022-02-01 13:05:48,375 [Time-limited test] INFO  server.RaftServerConfigKeys (ConfUtils.java:logGet(44)) - raft.server.storage.dir = [/home/runner/work/ozone/ozone/hadoop-ozone/integration-test/target/test-dir/MiniOzoneClusterImpl-8a3c48c2-e56b-48f6-9d69-6421286ed0f4/ozone-meta/scm-ha] (custom)
2022-02-01 13:05:48,375 [Time-limited test] INFO  server.RaftServer (RaftServerProxy.java:lambda$null$1(235)) - fe9b1876-1226-442e-bf61-922c3b3b04e7: found a subdirectory /home/runner/work/ozone/ozone/hadoop-ozone/integration-test/target/test-dir/MiniOzoneClusterImpl-8a3c48c2-e56b-48f6-9d69-6421286ed0f4/ozone-meta/scm-ha/8a3c48c2-e56b-48f6-9d69-6421286ed0f4
2022-02-01 13:05:48,386 [Time-limited test] INFO  server.RaftServer (RaftServerProxy.java:addNew(95)) - fe9b1876-1226-442e-bf61-922c3b3b04e7: addNew group-6421286ED0F4:[] returns group-6421286ED0F4:java.util.concurrent.CompletableFuture@5e02f38f[Not completed]
2022-02-01 13:05:48,386 [pool-201-thread-1] INFO  server.RaftServer$Division (RaftServerImpl.java:<init>(184)) - fe9b1876-1226-442e-bf61-922c3b3b04e7: new RaftServerImpl for group-6421286ED0F4:[] with SCMStateMachine:uninitialized
2022-02-01 13:05:48,391 [pool-201-thread-1] INFO  server.RaftServerConfigKeys (ConfUtils.java:logGet(44)) - raft.server.rpc.timeout.min = 5000ms (custom)
2022-02-01 13:05:48,391 [pool-201-thread-1] INFO  server.RaftServerConfigKeys (ConfUtils.java:logGet(44)) - raft.server.rpc.timeout.max = 5200ms (custom)
2022-02-01 13:05:48,391 [pool-201-thread-1] INFO  server.RaftServerConfigKeys (ConfUtils.java:logGet(44)) - raft.server.rpc.sleep.time = 25ms (default)
2022-02-01 13:05:48,391 [pool-201-thread-1] INFO  server.RaftServerConfigKeys (ConfUtils.java:logGet(44)) - raft.server.rpc.slowness.timeout = 120000ms (custom)
2022-02-01 13:05:48,391 [pool-201-thread-1] INFO  server.RaftServerConfigKeys (ConfUtils.java:logGet(44)) - raft.server.leaderelection.leader.step-down.wait-time = 10s (default)
2022-02-01 13:05:48,391 [pool-201-thread-1] INFO  server.RaftServerConfigKeys (ConfUtils.java:logGet(44)) - raft.server.sleep.deviation.threshold = 300ms (default)
2022-02-01 13:05:48,391 [pool-201-thread-1] INFO  server.RaftServerConfigKeys (ConfUtils.java:logGet(44)) - raft.server.log.appender.install.snapshot.enabled = false (custom)
2022-02-01 13:05:48,391 [pool-201-thread-1] INFO  server.RaftServer$Division (ServerState.java:<init>(105)) - fe9b1876-1226-442e-bf61-922c3b3b04e7@group-6421286ED0F4: ConfigurationManager, init=-1: [], old=null, confs=<EMPTY_MAP>
2022-02-01 13:05:48,391 [pool-201-thread-1] INFO  server.RaftServerConfigKeys (ConfUtils.java:logGet(44)) - raft.server.storage.dir = [/home/runner/work/ozone/ozone/hadoop-ozone/integration-test/target/test-dir/MiniOzoneClusterImpl-8a3c48c2-e56b-48f6-9d69-6421286ed0f4/ozone-meta/scm-ha] (custom)
2022-02-01 13:05:48,391 [pool-201-thread-1] INFO  server.RaftServerConfigKeys (ConfUtils.java:logGet(44)) - raft.server.log.corruption.policy = EXCEPTION (default)
2022-02-01 13:05:48,391 [pool-201-thread-1] INFO  server.RaftServerConfigKeys (ConfUtils.java:logGet(44)) - raft.server.storage.free-space.min = 0MB (=0) (default)
2022-02-01 13:05:48,393 [pool-201-thread-1] INFO  storage.RaftStorageDirectory (RaftStorageDirectoryImpl.java:tryLock(230)) - Lock on /home/runner/work/ozone/ozone/hadoop-ozone/integration-test/target/test-dir/MiniOzoneClusterImpl-8a3c48c2-e56b-48f6-9d69-6421286ed0f4/ozone-meta/scm-ha/8a3c48c2-e56b-48f6-9d69-6421286ed0f4/in_use.lock acquired by nodename 23332@fv-az59-591
2022-02-01 13:05:48,393 [pool-201-thread-1] INFO  storage.RaftStorage (RaftStorageImpl.java:analyzeAndRecoverStorage(110)) - Read RaftStorageMetadata{term=1, votedFor=fe9b1876-1226-442e-bf61-922c3b3b04e7} from /home/runner/work/ozone/ozone/hadoop-ozone/integration-test/target/test-dir/MiniOzoneClusterImpl-8a3c48c2-e56b-48f6-9d69-6421286ed0f4/ozone-meta/scm-ha/8a3c48c2-e56b-48f6-9d69-6421286ed0f4/current/raft-meta
2022-02-01 13:05:48,393 [pool-201-thread-1] INFO  server.RaftServer$Division (ServerState.java:setRaftConf(387)) - fe9b1876-1226-442e-bf61-922c3b3b04e7@group-6421286ED0F4: set configuration 0: [fe9b1876-1226-442e-bf61-922c3b3b04e7|rpc:fv-az59-591:9894|admin:|client:|dataStream:|priority:0], old=null
2022-02-01 13:05:48,393 [pool-201-thread-1] INFO  server.RaftServerConfigKeys (ConfUtils.java:logGet(44)) - raft.server.notification.no-leader.timeout = 60s (default)
2022-02-01 13:05:48,393 [pool-201-thread-1] INFO  server.RaftServerConfigKeys (ConfUtils.java:logGet(44)) - raft.server.log.use.memory = false (default)
2022-02-01 13:05:48,393 [pool-201-thread-1] INFO  server.RaftServerConfigKeys (ConfUtils.java:logGet(44)) - raft.server.log.purge.gap = 1000000 (custom)
2022-02-01 13:05:48,393 [pool-201-thread-1] INFO  server.RaftServerConfigKeys (ConfUtils.java:logGet(44)) - raft.server.log.appender.buffer.byte-limit = 33554432 (custom)
2022-02-01 13:05:48,394 [pool-201-thread-1] INFO  server.RaftServerConfigKeys (ConfUtils.java:logGet(44)) - raft.server.log.segment.size.max = 4194304 (custom)
2022-02-01 13:05:48,394 [pool-201-thread-1] INFO  server.RaftServerConfigKeys (ConfUtils.java:logGet(44)) - raft.server.log.segment.cache.num.max = 2 (custom)
2022-02-01 13:05:48,394 [pool-201-thread-1] INFO  server.RaftServerConfigKeys (ConfUtils.java:logGet(44)) - raft.server.log.segment.cache.size.max = 200MB (=209715200) (default)
2022-02-01 13:05:48,394 [pool-201-thread-1] INFO  segmented.SegmentedRaftLogWorker (SegmentedRaftLogWorker.java:<init>(182)) - new fe9b1876-1226-442e-bf61-922c3b3b04e7@group-6421286ED0F4-SegmentedRaftLogWorker for RaftStorageImpl:Storage Directory /home/runner/work/ozone/ozone/hadoop-ozone/integration-test/target/test-dir/MiniOzoneClusterImpl-8a3c48c2-e56b-48f6-9d69-6421286ed0f4/ozone-meta/scm-ha/8a3c48c2-e56b-48f6-9d69-6421286ed0f4
2022-02-01 13:05:48,394 [pool-201-thread-1] INFO  server.RaftServerConfigKeys (ConfUtils.java:logGet(44)) - raft.server.log.queue.byte-limit = 64MB (=67108864) (default)
2022-02-01 13:05:48,394 [pool-201-thread-1] INFO  server.RaftServerConfigKeys (ConfUtils.java:logGet(44)) - raft.server.log.queue.element-limit = 4096 (default)
2022-02-01 13:05:48,394 [pool-201-thread-1] INFO  server.RaftServerConfigKeys (ConfUtils.java:logGet(44)) - raft.server.log.segment.size.max = 4194304 (custom)
2022-02-01 13:05:48,394 [pool-201-thread-1] INFO  server.RaftServerConfigKeys (ConfUtils.java:logGet(44)) - raft.server.log.preallocated.size = 4194304 (custom)
2022-02-01 13:05:48,394 [pool-201-thread-1] INFO  server.RaftServerConfigKeys (ConfUtils.java:logGet(44)) - raft.server.log.force.sync.num = 128 (default)
2022-02-01 13:05:48,394 [pool-201-thread-1] INFO  server.RaftServerConfigKeys (ConfUtils.java:logGet(44)) - raft.server.log.statemachine.data.sync = true (default)
2022-02-01 13:05:48,394 [pool-201-thread-1] INFO  server.RaftServerConfigKeys (ConfUtils.java:logGet(44)) - raft.server.log.statemachine.data.sync.timeout = 10s (default)
2022-02-01 13:05:48,394 [pool-201-thread-1] INFO  server.RaftServerConfigKeys (ConfUtils.java:logGet(44)) - raft.server.log.statemachine.data.sync.timeout.retry = -1 (default)
2022-02-01 13:05:48,395 [pool-201-thread-1] INFO  server.RaftServerConfigKeys (ConfUtils.java:logGet(44)) - raft.server.log.write.buffer.size = 64KB (=65536) (default)
2022-02-01 13:05:48,395 [pool-201-thread-1] INFO  server.RaftServerConfigKeys (ConfUtils.java:logGet(44)) - raft.server.log.statemachine.data.caching.enabled = false (default)
2022-02-01 13:05:48,396 [pool-201-thread-1] INFO  server.RaftServer$Division (ServerState.java:setRaftConf(387)) - fe9b1876-1226-442e-bf61-922c3b3b04e7@group-6421286ED0F4: set configuration 0: [fe9b1876-1226-442e-bf61-922c3b3b04e7|rpc:fv-az59-591:9894|admin:|client:|dataStream:|priority:0], old=null
2022-02-01 13:05:48,396 [pool-201-thread-1] INFO  segmented.LogSegment (LogSegment.java:loadSegment(173)) - Successfully read 1 entries from segment file /home/runner/work/ozone/ozone/hadoop-ozone/integration-test/target/test-dir/MiniOzoneClusterImpl-8a3c48c2-e56b-48f6-9d69-6421286ed0f4/ozone-meta/scm-ha/8a3c48c2-e56b-48f6-9d69-6421286ed0f4/current/log_inprogress_0
2022-02-01 13:05:48,406 [pool-201-thread-1] INFO  segmented.SegmentedRaftLogWorker (SegmentedRaftLogWorker.java:lambda$new$0(133)) - fe9b1876-1226-442e-bf61-922c3b3b04e7@group-6421286ED0F4-SegmentedRaftLogWorker: flushIndex: setUnconditionally 0 -> 0
2022-02-01 13:05:48,406 [pool-201-thread-1] INFO  segmented.SegmentedRaftLogWorker (SegmentedRaftLogWorker.java:lambda$new$0(133)) - fe9b1876-1226-442e-bf61-922c3b3b04e7@group-6421286ED0F4-SegmentedRaftLogWorker: safeCacheEvictIndex: setUnconditionally 0 -> -1
2022-02-01 13:05:48,413 [pool-201-thread-1] INFO  server.RaftServerConfigKeys (ConfUtils.java:logGet(44)) - raft.server.snapshot.auto.trigger.enabled = true (custom)
2022-02-01 13:05:48,413 [pool-201-thread-1] INFO  server.RaftServerConfigKeys (ConfUtils.java:logGet(44)) - raft.server.snapshot.auto.trigger.threshold = 1000 (custom)
2022-02-01 13:05:48,413 [pool-201-thread-1] INFO  server.RaftServerConfigKeys (ConfUtils.java:logGet(44)) - raft.server.snapshot.retention.file.num = -1 (default)
2022-02-01 13:05:48,413 [pool-201-thread-1] INFO  server.RaftServerConfigKeys (ConfUtils.java:logGet(44)) - raft.server.log.purge.upto.snapshot.index = false (default)
2022-02-01 13:05:48,413 [pool-201-thread-1] INFO  server.RaftServerConfigKeys (ConfUtils.java:logGet(44)) - raft.server.retrycache.expirytime = 60000ms (default)
2022-02-01 13:05:48,413 [pool-201-thread-1] INFO  server.RaftServerConfigKeys (ConfUtils.java:logGet(44)) - raft.server.retrycache.statistics.expirytime = 100μs (default)
2022-02-01 13:05:48,417 [Time-limited test] INFO  ha.SCMSnapshotProvider (SCMSnapshotProvider.java:<init>(66)) - Initializing SCM Snapshot Provider
2022-02-01 13:05:48,418 [Time-limited test] WARN  server.ServerUtils (ServerUtils.java:getDefaultRatisDirectory(237)) - Storage directory for Ratis is not configured. It is a good idea to map this to an SSD disk. Falling back to ozone.metadata.dirs
2022-02-01 13:05:48,418 [Time-limited test] WARN  ha.SCMHAUtils (SCMHAUtils.java:getSCMRatisSnapshotDirectory(146)) - SCM snapshot dir is not configured. Falling back to ozone.metadata.dirs config
2022-02-01 13:05:48,419 [Time-limited test] INFO  ha.SequenceIdGenerator (SequenceIdGenerator.java:upgradeToSequenceId(347)) - upgrade localId to 109611004723200000
2022-02-01 13:05:48,422 [Time-limited test] INFO  ha.SequenceIdGenerator (SequenceIdGenerator.java:upgradeToSequenceId(357)) - upgrade delTxnId to 0
2022-02-01 13:05:48,422 [Time-limited test] INFO  ha.SequenceIdGenerator (SequenceIdGenerator.java:upgradeToSequenceId(371)) - upgrade containerId to 0
2022-02-01 13:05:48,422 [Time-limited test] INFO  ha.SequenceIdGenerator (SequenceIdGenerator.java:<init>(218)) - Init the HA SequenceIdGenerator.
2022-02-01 13:05:48,422 [Time-limited test] WARN  server.ServerUtils (ServerUtils.java:sanitizeUserArgs(73)) - ozone.scm.stale.node.interval value = 300000 is larger than max = 100000 based on the key value of ozone.scm.heartbeat.thread.interval, reset to the max value 100000.
2022-02-01 13:05:48,423 [Time-limited test] WARN  server.ServerUtils (ServerUtils.java:sanitizeUserArgs(73)) - ozone.scm.stale.node.interval value = 300000 is larger than max = 100000 based on the key value of ozone.scm.heartbeat.thread.interval, reset to the max value 100000.
2022-02-01 13:05:48,430 [Time-limited test] INFO  node.SCMNodeManager (SCMNodeManager.java:<init>(144)) - Entering startup safe mode.
2022-02-01 13:05:48,430 [Time-limited test] INFO  algorithms.ContainerPlacementPolicyFactory (ContainerPlacementPolicyFactory.java:getPolicy(60)) - Create container placement policy of type org.apache.hadoop.hdds.scm.container.placement.algorithms.SCMContainerPlacementRandom
2022-02-01 13:05:48,434 [Time-limited test] INFO  pipeline.PipelineStateManagerImpl (PipelineStateManagerImpl.java:initialize(78)) - No pipeline exists in current db
2022-02-01 13:05:48,434 [Time-limited test] INFO  algorithms.LeaderChoosePolicyFactory (LeaderChoosePolicyFactory.java:getPolicy(57)) - Create leader choose policy of type org.apache.hadoop.hdds.scm.pipeline.leader.choose.algorithms.MinLeaderCountChoosePolicy
2022-02-01 13:05:48,435 [Time-limited test] INFO  ha.SCMServiceManager (SCMServiceManager.java:register(43)) - Registering service BackgroundPipelineCreator.
2022-02-01 13:05:48,435 [Time-limited test] INFO  pipeline.BackgroundPipelineCreator (BackgroundPipelineCreator.java:start(130)) - Starting RatisPipelineUtilsThread.
2022-02-01 13:05:48,442 [Time-limited test] INFO  algorithms.PipelineChoosePolicyFactory (PipelineChoosePolicyFactory.java:createPipelineChoosePolicyFromClass(73)) - Create pipeline choose policy of type org.apache.hadoop.hdds.scm.pipeline.choose.algorithms.RandomPipelineChoosePolicy
2022-02-01 13:05:48,443 [Time-limited test] INFO  ha.SCMServiceManager (SCMServiceManager.java:register(43)) - Registering service SCMBlockDeletingService.
2022-02-01 13:05:48,443 [Time-limited test] INFO  ha.SCMServiceManager (SCMServiceManager.java:register(43)) - Registering service ReplicationManager.
2022-02-01 13:05:48,443 [Time-limited test] INFO  container.ReplicationManager (ReplicationManager.java:start(326)) - Starting Replication Monitor Thread.
2022-02-01 13:05:48,444 [Time-limited test] INFO  safemode.ContainerSafeModeRule (ContainerSafeModeRule.java:<init>(89)) - containers with one replica threshold count 0
2022-02-01 13:05:48,444 [Time-limited test] INFO  safemode.HealthyPipelineSafeModeRule (HealthyPipelineSafeModeRule.java:initializeRule(156)) - Total pipeline count is 0, healthy pipeline threshold count is 1
2022-02-01 13:05:48,444 [Time-limited test] INFO  safemode.OneReplicaPipelineSafeModeRule (OneReplicaPipelineSafeModeRule.java:initializeRule(180)) - Total pipeline count is 0, pipeline's with at least one datanode reported threshold count is 0
2022-02-01 13:05:48,454 [Time-limited test] INFO  ipc.CallQueueManager (CallQueueManager.java:<init>(90)) - Using callQueue: class java.util.concurrent.LinkedBlockingQueue, queueCapacity: 2000, scheduler: class org.apache.hadoop.ipc.DefaultRpcScheduler, ipcBackoff: false.
2022-02-01 13:05:48,458 [Socket Reader #1 for port 0] INFO  ipc.Server (Server.java:run(1265)) - Starting Socket Reader #1 for port 0
2022-02-01 13:05:48,460 [Listener at 0.0.0.0/38243] INFO  ipc.CallQueueManager (CallQueueManager.java:<init>(90)) - Using callQueue: class java.util.concurrent.LinkedBlockingQueue, queueCapacity: 2000, scheduler: class org.apache.hadoop.ipc.DefaultRpcScheduler, ipcBackoff: false.
2022-02-01 13:05:48,460 [Socket Reader #1 for port 0] INFO  ipc.Server (Server.java:run(1265)) - Starting Socket Reader #1 for port 0
2022-02-01 13:05:48,461 [Listener at 0.0.0.0/44303] INFO  ipc.CallQueueManager (CallQueueManager.java:<init>(90)) - Using callQueue: class java.util.concurrent.LinkedBlockingQueue, queueCapacity: 2000, scheduler: class org.apache.hadoop.ipc.DefaultRpcScheduler, ipcBackoff: false.
2022-02-01 13:05:48,462 [Socket Reader #1 for port 0] INFO  ipc.Server (Server.java:run(1265)) - Starting Socket Reader #1 for port 0
2022-02-01 13:05:48,466 [ReplicationMonitor] INFO  container.ReplicationManager (ReplicationManager.java:processAll(374)) - Replication Manager is not ready to run until 3000ms after safemode exit
2022-02-01 13:05:48,494 [Listener at 0.0.0.0/46647] INFO  algorithms.ContainerPlacementPolicyFactory (ContainerPlacementPolicyFactory.java:getPolicy(60)) - Create container placement policy of type org.apache.hadoop.hdds.scm.container.placement.algorithms.SCMContainerPlacementRandom
2022-02-01 13:05:48,494 [Listener at 0.0.0.0/46647] INFO  server.StorageContainerManager (StorageContainerManager.java:<init>(388)) - 
Container Balancer status:
Key                            Value
Running                        false
Container Balancer Configuration values:
Key                                                Value
Threshold                                          10
Max Datanodes to Involve per Iteration(percent)    20
Max Size to Move per Iteration                     500GB
Max Size Entering Target per Iteration             26GB
Max Size Leaving Source per Iteration              26GB

2022-02-01 13:05:48,494 [Listener at 0.0.0.0/46647] WARN  events.EventQueue (EventQueue.java:fireEvent(194)) - No event handler registered for event TypedEvent{payloadType=SafeModeStatus, name='Safe mode status'}
2022-02-01 13:05:48,494 [Listener at 0.0.0.0/46647] INFO  ha.SCMContext (SCMContext.java:updateSafeModeStatus(211)) - Update SafeModeStatus from SafeModeStatus{safeModeStatus=true, preCheckPassed=false} to SafeModeStatus{safeModeStatus=true, preCheckPassed=false}.
2022-02-01 13:05:48,495 [Listener at 0.0.0.0/46647] INFO  server.StorageContainerManager (StorageContainerManager.java:start(1303)) - StorageContainerLocationProtocol RPC server is listening at /0.0.0.0:46647
2022-02-01 13:05:48,495 [Listener at 0.0.0.0/46647] INFO  ha.SCMRatisServerImpl (SCMRatisServerImpl.java:start(177)) - starting ratis server 0.0.0.0:9894
2022-02-01 13:05:48,495 [Listener at 0.0.0.0/46647] INFO  server.RaftServer$Division (RaftServerImpl.java:start(301)) - fe9b1876-1226-442e-bf61-922c3b3b04e7@group-6421286ED0F4: start as a follower, conf=0: [fe9b1876-1226-442e-bf61-922c3b3b04e7|rpc:fv-az59-591:9894|admin:|client:|dataStream:|priority:0], old=null
2022-02-01 13:05:48,495 [Listener at 0.0.0.0/46647] INFO  server.RaftServer$Division (RaftServerImpl.java:setRole(290)) - fe9b1876-1226-442e-bf61-922c3b3b04e7@group-6421286ED0F4: changes role from      null to FOLLOWER at term 1 for startAsFollower
2022-02-01 13:05:48,495 [Listener at 0.0.0.0/46647] INFO  impl.RoleInfo (RoleInfo.java:updateAndGet(130)) - fe9b1876-1226-442e-bf61-922c3b3b04e7: start fe9b1876-1226-442e-bf61-922c3b3b04e7@group-6421286ED0F4-FollowerState
2022-02-01 13:05:48,502 [Listener at 0.0.0.0/46647] INFO  util.JmxRegister (JmxRegister.java:tryRegister(44)) - Successfully registered JMX Bean with object name Ratis:service=RaftServer,group=group-6421286ED0F4,id=fe9b1876-1226-442e-bf61-922c3b3b04e7
2022-02-01 13:05:48,510 [Listener at 0.0.0.0/46647] INFO  server.RaftServer (RaftServerProxy.java:lambda$start$5(374)) - fe9b1876-1226-442e-bf61-922c3b3b04e7: start RPC server
2022-02-01 13:05:48,510 [Listener at 0.0.0.0/46647] INFO  server.GrpcService (GrpcService.java:startImpl(253)) - fe9b1876-1226-442e-bf61-922c3b3b04e7: GrpcService started, listening on 9894
2022-02-01 13:05:48,511 [Listener at 0.0.0.0/46647] INFO  ha.SCMHAManagerImpl (SCMHAManagerImpl.java:start(121)) -  scm role is FOLLOWER peers [fe9b1876-1226-442e-bf61-922c3b3b04e7|rpc:fv-az59-591:9894|admin:|client:|dataStream:|priority:0]
2022-02-01 13:05:48,511 [Listener at 0.0.0.0/46647] INFO  ha.InterSCMGrpcService (InterSCMGrpcProtocolService.java:start(94)) - Starting SCM Grpc Service at port 9895
2022-02-01 13:05:48,512 [Listener at 0.0.0.0/46647] WARN  impl.MetricsConfig (MetricsConfig.java:loadFirst(136)) - Cannot locate configuration: tried hadoop-metrics2-storagecontainermanager.properties,hadoop-metrics2.properties
2022-02-01 13:05:48,513 [org.apache.ratis.util.JvmPauseMonitor$$Lambda$431/624767945@2eddb5d4] INFO  util.JvmPauseMonitor (JvmPauseMonitor.java:run(103)) - JvmPauseMonitor-fe9b1876-1226-442e-bf61-922c3b3b04e7: Started
2022-02-01 13:05:48,513 [Listener at 0.0.0.0/46647] INFO  impl.MetricsSystemImpl (MetricsSystemImpl.java:startTimer(378)) - Scheduled Metric snapshot period at 10 second(s).
2022-02-01 13:05:48,522 [Listener at 0.0.0.0/46647] INFO  impl.MetricsSystemImpl (MetricsSystemImpl.java:start(191)) - StorageContainerManager metrics system started
2022-02-01 13:05:48,526 [Listener at 0.0.0.0/46647] INFO  impl.MetricsSinkAdapter (MetricsSinkAdapter.java:start(204)) - Sink prometheus started
2022-02-01 13:05:48,526 [Listener at 0.0.0.0/46647] INFO  impl.MetricsSystemImpl (MetricsSystemImpl.java:registerSink(305)) - Registered sink prometheus
2022-02-01 13:05:48,540 [Listener at 0.0.0.0/46647] INFO  server.SCMClientProtocolServer (SCMClientProtocolServer.java:start(165)) - RPC server for Client  is listening at /0.0.0.0:46647
2022-02-01 13:05:48,541 [IPC Server Responder] INFO  ipc.Server (Server.java:run(1507)) - IPC Server Responder: starting
2022-02-01 13:05:48,541 [IPC Server listener on 0] INFO  ipc.Server (Server.java:run(1344)) - IPC Server listener on 0: starting
2022-02-01 13:05:48,544 [Listener at 0.0.0.0/46647] INFO  server.StorageContainerManager (StorageContainerManager.java:start(1318)) - ScmBlockLocationProtocol RPC server is listening at /0.0.0.0:44303
2022-02-01 13:05:48,545 [Listener at 0.0.0.0/46647] INFO  server.SCMBlockProtocolServer (SCMBlockProtocolServer.java:start(151)) - RPC server for Block Protocol is listening at /0.0.0.0:44303
2022-02-01 13:05:48,545 [IPC Server Responder] INFO  ipc.Server (Server.java:run(1507)) - IPC Server Responder: starting
2022-02-01 13:05:48,545 [IPC Server listener on 0] INFO  ipc.Server (Server.java:run(1344)) - IPC Server listener on 0: starting
2022-02-01 13:05:48,549 [Listener at 0.0.0.0/46647] INFO  http.BaseHttpServer (BaseHttpServer.java:newHttpServer2BuilderForOzone(209)) - Starting Web-server for scm at: http://0.0.0.0:0
2022-02-01 13:05:48,549 [Listener at 0.0.0.0/46647] INFO  http.BaseHttpServer (BaseHttpServer.java:<init>(107)) - Hadoop Security Enabled: false Ozone Security Enabled: false Ozone HTTP Security Enabled: false 
2022-02-01 13:05:48,566 [Listener at 0.0.0.0/46647] INFO  server.AuthenticationFilter (AuthenticationFilter.java:constructSecretProvider(240)) - Unable to initialize FileSignerSecretProvider, falling back to use random secrets.
2022-02-01 13:05:48,570 [Listener at 0.0.0.0/46647] WARN  http.HttpRequestLog (HttpRequestLog.java:getRequestLog(103)) - Jetty request log can only be enabled using Log4j
2022-02-01 13:05:48,571 [Listener at 0.0.0.0/46647] INFO  http.HttpServer2 (HttpServer2.java:addGlobalFilter(1030)) - Added global filter 'safety' (class=org.apache.hadoop.hdds.server.http.HttpServer2$QuotingInputFilter)
2022-02-01 13:05:48,571 [Listener at 0.0.0.0/46647] INFO  http.HttpServer2 (HttpServer2.java:addFilter(1006)) - Added filter static_user_filter (class=org.apache.hadoop.http.lib.StaticUserWebFilter$StaticUserFilter) to context scm
2022-02-01 13:05:48,571 [Listener at 0.0.0.0/46647] INFO  http.HttpServer2 (HttpServer2.java:addFilter(1014)) - Added filter static_user_filter (class=org.apache.hadoop.http.lib.StaticUserWebFilter$StaticUserFilter) to context static
2022-02-01 13:05:48,571 [Listener at 0.0.0.0/46647] INFO  http.HttpServer2 (HttpServer2.java:addFilter(1014)) - Added filter static_user_filter (class=org.apache.hadoop.http.lib.StaticUserWebFilter$StaticUserFilter) to context logs
2022-02-01 13:05:48,572 [Listener at 0.0.0.0/46647] INFO  http.HttpServer2 (HttpServer2.java:bindListener(1249)) - Jetty bound to port 35111
2022-02-01 13:05:48,572 [Listener at 0.0.0.0/46647] INFO  server.Server (Server.java:doStart(375)) - jetty-9.4.43.v20210629; built: 2021-06-30T11:07:22.254Z; git: 526006ecfa3af7f1a27ef3a288e2bef7ea9dd7e8; jvm 1.8.0_312-b07
2022-02-01 13:05:48,589 [org.apache.hadoop.util.JvmPauseMonitor$Monitor@3068b73d] INFO  util.JvmPauseMonitor (JvmPauseMonitor.java:run(188)) - Starting JVM pause monitor
2022-02-01 13:05:48,653 [Listener at 0.0.0.0/46647] INFO  server.session (DefaultSessionIdManager.java:doStart(334)) - DefaultSessionIdManager workerName=node0
2022-02-01 13:05:48,653 [Listener at 0.0.0.0/46647] INFO  server.session (DefaultSessionIdManager.java:doStart(339)) - No SessionScavenger set, using defaults
2022-02-01 13:05:48,653 [Listener at 0.0.0.0/46647] INFO  server.session (HouseKeeper.java:startScavenging(132)) - node0 Scavenging every 600000ms
2022-02-01 13:05:48,658 [Listener at 0.0.0.0/46647] INFO  handler.ContextHandler (ContextHandler.java:doStart(915)) - Started o.e.j.s.ServletContextHandler@517a04d1{logs,/logs,file:///home/runner/work/ozone/ozone/hadoop-ozone/integration-test/target/log,AVAILABLE}
2022-02-01 13:05:48,659 [Listener at 0.0.0.0/46647] INFO  handler.ContextHandler (ContextHandler.java:doStart(915)) - Started o.e.j.s.ServletContextHandler@553dc25{static,/static,file:///home/runner/work/ozone/ozone/hadoop-ozone/integration-test/target/test-classes/webapps/static,AVAILABLE}
2022-02-01 13:05:48,661 [Listener at 0.0.0.0/46647] INFO  handler.ContextHandler (ContextHandler.java:doStart(915)) - Started o.e.j.w.WebAppContext@d5f2fe4{scm,/,file:///home/runner/work/ozone/ozone/hadoop-ozone/integration-test/target/test-classes/webapps/scm/,AVAILABLE}{file:/home/runner/work/ozone/ozone/hadoop-ozone/integration-test/target/test-classes/webapps/scm}
2022-02-01 13:05:48,662 [Listener at 0.0.0.0/46647] INFO  server.AbstractConnector (AbstractConnector.java:doStart(331)) - Started ServerConnector@6f0652b8{HTTP/1.1, (http/1.1)}{0.0.0.0:35111}
2022-02-01 13:05:48,663 [Listener at 0.0.0.0/46647] INFO  server.Server (Server.java:doStart(415)) - Started @89925ms
2022-02-01 13:05:48,663 [Listener at 0.0.0.0/46647] WARN  impl.MetricsSystemImpl (MetricsSystemImpl.java:register(279)) - Sink prometheus already exists!
2022-02-01 13:05:48,664 [Listener at 0.0.0.0/46647] INFO  http.BaseHttpServer (BaseHttpServer.java:updateConnectorAddress(329)) - HTTP server of scm listening at http://0.0.0.0:35111
2022-02-01 13:05:48,664 [Listener at 0.0.0.0/46647] WARN  server.ServerUtils (ServerUtils.java:getDBPath(225)) - ozone.om.db.dirs is not configured. We recommend adding this setting. Falling back to ozone.metadata.dirs instead.
2022-02-01 13:05:48,665 [Listener at 0.0.0.0/46647] INFO  ha.OMHANodeDetails (OMHANodeDetails.java:loadOMHAConfig(112)) - ozone.om.internal.service.id is not defined, falling back to ozone.om.service.ids to find serviceID for OzoneManager if it is HA enabled cluster
2022-02-01 13:05:48,666 [Listener at 0.0.0.0/46647] INFO  ha.OMHANodeDetails (OMHANodeDetails.java:loadOMHAConfig(218)) - Configuration does not have ozone.om.address set. Falling back to the default OM address /127.0.0.1:0
2022-02-01 13:05:48,666 [Listener at 0.0.0.0/46647] INFO  ha.OMHANodeDetails (OMHANodeDetails.java:getOMNodeDetailsForNonHA(246)) - OM Service ID is not set. Setting it to the default ID: omServiceIdDefault
2022-02-01 13:05:48,666 [Listener at 0.0.0.0/46647] INFO  ha.OMHANodeDetails (OMHANodeDetails.java:getOMNodeDetailsForNonHA(253)) - OM Node ID is not set. Setting it to the default ID: om1
2022-02-01 13:05:48,666 [Listener at 0.0.0.0/46647] WARN  server.ServerUtils (ServerUtils.java:getDBPath(225)) - ozone.om.db.dirs is not configured. We recommend adding this setting. Falling back to ozone.metadata.dirs instead.
2022-02-01 13:05:48,666 [Listener at 0.0.0.0/46647] INFO  upgrade.AbstractLayoutVersionManager (AbstractLayoutVersionManager.java:init(79)) - Initializing Layout version manager with metadata layout = INITIAL_VERSION (version = 0), software layout = INITIAL_VERSION (version = 0)
2022-02-01 13:05:48,744 [Listener at 0.0.0.0/46647] INFO  reflections.Reflections (Reflections.java:scan(232)) - Reflections took 77 ms to scan 2 urls, producing 133 keys and 348 values [using 2 cores]
2022-02-01 13:05:48,745 [Listener at 0.0.0.0/46647] INFO  upgrade.OMLayoutVersionManager (OMLayoutVersionManager.java:lambda$0(115)) - Skipping Upgrade Action MockOmUpgradeAction since it has been finalized.
2022-02-01 13:05:48,745 [Listener at 0.0.0.0/46647] WARN  server.ServerUtils (ServerUtils.java:getDBPath(225)) - ozone.om.db.dirs is not configured. We recommend adding this setting. Falling back to ozone.metadata.dirs instead.
2022-02-01 13:05:50,784 [Listener at 0.0.0.0/46647] INFO  retry.RetryInvocationHandler (RetryInvocationHandler.java:log(411)) - com.google.protobuf.ServiceException: org.apache.hadoop.ipc.RemoteException(org.apache.hadoop.hdds.ratis.ServerNotLeaderException): Server:fe9b1876-1226-442e-bf61-922c3b3b04e7 is not the leader. Could not determine the leader node.
	at org.apache.hadoop.hdds.ratis.ServerNotLeaderException.convertToNotLeaderException(ServerNotLeaderException.java:109)
	at org.apache.hadoop.hdds.scm.ha.RatisUtil.checkRatisException(RatisUtil.java:245)
	at org.apache.hadoop.hdds.scm.protocol.ScmBlockLocationProtocolServerSideTranslatorPB.send(ScmBlockLocationProtocolServerSideTranslatorPB.java:108)
	at org.apache.hadoop.hdds.protocol.proto.ScmBlockLocationProtocolProtos$ScmBlockLocationProtocolService$2.callBlockingMethod(ScmBlockLocationProtocolProtos.java:13937)
	at org.apache.hadoop.ipc.ProtobufRpcEngine$Server.processCall(ProtobufRpcEngine.java:466)
	at org.apache.hadoop.ipc.ProtobufRpcEngine2$Server$ProtoBufRpcInvoker.call(ProtobufRpcEngine2.java:574)
	at org.apache.hadoop.ipc.ProtobufRpcEngine2$Server$ProtoBufRpcInvoker.call(ProtobufRpcEngine2.java:552)
	at org.apache.hadoop.ipc.RPC$Server.call(RPC.java:1093)
	at org.apache.hadoop.ipc.Server$RpcCall.run(Server.java:1035)
	at org.apache.hadoop.ipc.Server$RpcCall.run(Server.java:963)
	at java.security.AccessController.doPrivileged(Native Method)
	at javax.security.auth.Subject.doAs(Subject.java:422)
	at org.apache.hadoop.security.UserGroupInformation.doAs(UserGroupInformation.java:1878)
	at org.apache.hadoop.ipc.Server$Handler.run(Server.java:2966)
, while invoking $Proxy44.send over nodeId=scmNodeId,nodeAddress=/0.0.0.0:44303 after 1 failover attempts. Trying to failover after sleeping for 2000ms.
2022-02-01 13:05:52,788 [Listener at 0.0.0.0/46647] INFO  retry.RetryInvocationHandler (RetryInvocationHandler.java:log(411)) - com.google.protobuf.ServiceException: org.apache.hadoop.ipc.RemoteException(org.apache.hadoop.hdds.ratis.ServerNotLeaderException): Server:fe9b1876-1226-442e-bf61-922c3b3b04e7 is not the leader. Could not determine the leader node.
	at org.apache.hadoop.hdds.ratis.ServerNotLeaderException.convertToNotLeaderException(ServerNotLeaderException.java:109)
	at org.apache.hadoop.hdds.scm.ha.RatisUtil.checkRatisException(RatisUtil.java:245)
	at org.apache.hadoop.hdds.scm.protocol.ScmBlockLocationProtocolServerSideTranslatorPB.send(ScmBlockLocationProtocolServerSideTranslatorPB.java:108)
	at org.apache.hadoop.hdds.protocol.proto.ScmBlockLocationProtocolProtos$ScmBlockLocationProtocolService$2.callBlockingMethod(ScmBlockLocationProtocolProtos.java:13937)
	at org.apache.hadoop.ipc.ProtobufRpcEngine$Server.processCall(ProtobufRpcEngine.java:466)
	at org.apache.hadoop.ipc.ProtobufRpcEngine2$Server$ProtoBufRpcInvoker.call(ProtobufRpcEngine2.java:574)
	at org.apache.hadoop.ipc.ProtobufRpcEngine2$Server$ProtoBufRpcInvoker.call(ProtobufRpcEngine2.java:552)
	at org.apache.hadoop.ipc.RPC$Server.call(RPC.java:1093)
	at org.apache.hadoop.ipc.Server$RpcCall.run(Server.java:1035)
	at org.apache.hadoop.ipc.Server$RpcCall.run(Server.java:963)
	at java.security.AccessController.doPrivileged(Native Method)
	at javax.security.auth.Subject.doAs(Subject.java:422)
	at org.apache.hadoop.security.UserGroupInformation.doAs(UserGroupInformation.java:1878)
	at org.apache.hadoop.ipc.Server$Handler.run(Server.java:2966)
, while invoking $Proxy44.send over nodeId=scmNodeId,nodeAddress=/0.0.0.0:44303 after 2 failover attempts. Trying to failover after sleeping for 2000ms.
2022-02-01 13:05:53,594 [fe9b1876-1226-442e-bf61-922c3b3b04e7@group-6421286ED0F4-FollowerState] INFO  impl.FollowerState (FollowerState.java:run(134)) - fe9b1876-1226-442e-bf61-922c3b3b04e7@group-6421286ED0F4-FollowerState: change to CANDIDATE, lastRpcElapsedTime:5098688853ns, electionTimeout:5091ms
2022-02-01 13:05:53,595 [fe9b1876-1226-442e-bf61-922c3b3b04e7@group-6421286ED0F4-FollowerState] INFO  impl.RoleInfo (RoleInfo.java:shutdownFollowerState(108)) - fe9b1876-1226-442e-bf61-922c3b3b04e7: shutdown fe9b1876-1226-442e-bf61-922c3b3b04e7@group-6421286ED0F4-FollowerState
2022-02-01 13:05:53,595 [fe9b1876-1226-442e-bf61-922c3b3b04e7@group-6421286ED0F4-FollowerState] INFO  server.RaftServer$Division (RaftServerImpl.java:setRole(290)) - fe9b1876-1226-442e-bf61-922c3b3b04e7@group-6421286ED0F4: changes role from  FOLLOWER to CANDIDATE at term 1 for changeToCandidate
2022-02-01 13:05:53,595 [fe9b1876-1226-442e-bf61-922c3b3b04e7@group-6421286ED0F4-FollowerState] INFO  server.RaftServerConfigKeys (ConfUtils.java:logGet(44)) - raft.server.leaderelection.pre-vote = false (custom)
2022-02-01 13:05:53,595 [fe9b1876-1226-442e-bf61-922c3b3b04e7@group-6421286ED0F4-FollowerState] INFO  impl.RoleInfo (RoleInfo.java:updateAndGet(130)) - fe9b1876-1226-442e-bf61-922c3b3b04e7: start fe9b1876-1226-442e-bf61-922c3b3b04e7@group-6421286ED0F4-LeaderElection16
2022-02-01 13:05:53,612 [fe9b1876-1226-442e-bf61-922c3b3b04e7@group-6421286ED0F4-LeaderElection16] INFO  impl.LeaderElection (LeaderElection.java:askForVotes(306)) - fe9b1876-1226-442e-bf61-922c3b3b04e7@group-6421286ED0F4-LeaderElection16 ELECTION round 0: submit vote requests at term 2 for 0: [fe9b1876-1226-442e-bf61-922c3b3b04e7|rpc:fv-az59-591:9894|admin:|client:|dataStream:|priority:0], old=null
2022-02-01 13:05:53,613 [fe9b1876-1226-442e-bf61-922c3b3b04e7@group-6421286ED0F4-LeaderElection16] INFO  impl.LeaderElection (LeaderElection.java:askForVotes(308)) - fe9b1876-1226-442e-bf61-922c3b3b04e7@group-6421286ED0F4-LeaderElection16 ELECTION round 0: result PASSED (term=2)
2022-02-01 13:05:53,613 [fe9b1876-1226-442e-bf61-922c3b3b04e7@group-6421286ED0F4-LeaderElection16] INFO  impl.RoleInfo (RoleInfo.java:shutdownLeaderElection(121)) - fe9b1876-1226-442e-bf61-922c3b3b04e7: shutdown fe9b1876-1226-442e-bf61-922c3b3b04e7@group-6421286ED0F4-LeaderElection16
2022-02-01 13:05:53,613 [fe9b1876-1226-442e-bf61-922c3b3b04e7@group-6421286ED0F4-LeaderElection16] INFO  server.RaftServer$Division (RaftServerImpl.java:setRole(290)) - fe9b1876-1226-442e-bf61-922c3b3b04e7@group-6421286ED0F4: changes role from CANDIDATE to LEADER at term 2 for changeToLeader
2022-02-01 13:05:53,613 [fe9b1876-1226-442e-bf61-922c3b3b04e7@group-6421286ED0F4-LeaderElection16] INFO  ha.SCMStateMachine (SCMStateMachine.java:notifyLeaderChanged(259)) - current SCM becomes leader of term 2.
2022-02-01 13:05:53,613 [fe9b1876-1226-442e-bf61-922c3b3b04e7@group-6421286ED0F4-LeaderElection16] INFO  ha.SCMContext (SCMContext.java:updateLeaderAndTerm(90)) - update <isLeader,term> from <false,0> to <true,2>
2022-02-01 13:05:53,613 [fe9b1876-1226-442e-bf61-922c3b3b04e7@group-6421286ED0F4-LeaderElection16] INFO  server.RaftServer$Division (ServerState.java:setLeader(285)) - fe9b1876-1226-442e-bf61-922c3b3b04e7@group-6421286ED0F4: change Leader from null to fe9b1876-1226-442e-bf61-922c3b3b04e7 at term 2 for becomeLeader, leader elected after 5220ms
2022-02-01 13:05:53,614 [fe9b1876-1226-442e-bf61-922c3b3b04e7@group-6421286ED0F4-LeaderElection16] INFO  server.RaftServerConfigKeys (ConfUtils.java:logGet(44)) - raft.server.staging.catchup.gap = 1000 (default)
2022-02-01 13:05:53,614 [fe9b1876-1226-442e-bf61-922c3b3b04e7@group-6421286ED0F4-LeaderElection16] INFO  server.RaftServerConfigKeys (ConfUtils.java:logGet(44)) - raft.server.write.element-limit = 4096 (default)
2022-02-01 13:05:53,614 [fe9b1876-1226-442e-bf61-922c3b3b04e7@group-6421286ED0F4-LeaderElection16] INFO  server.RaftServerConfigKeys (ConfUtils.java:logGet(44)) - raft.server.write.byte-limit = 64MB (=67108864) (default)
2022-02-01 13:05:53,614 [fe9b1876-1226-442e-bf61-922c3b3b04e7@group-6421286ED0F4-LeaderElection16] INFO  server.RaftServerConfigKeys (ConfUtils.java:logGet(44)) - raft.server.watch.timeout = 10s (default)
2022-02-01 13:05:53,614 [fe9b1876-1226-442e-bf61-922c3b3b04e7@group-6421286ED0F4-LeaderElection16] INFO  server.RaftServerConfigKeys (ConfUtils.java:logGet(44)) - raft.server.watch.timeout.denomination = 1s (default)
2022-02-01 13:05:53,614 [fe9b1876-1226-442e-bf61-922c3b3b04e7@group-6421286ED0F4-LeaderElection16] INFO  server.RaftServerConfigKeys (ConfUtils.java:logGet(44)) - raft.server.watch.element-limit = 65536 (default)
2022-02-01 13:05:53,615 [fe9b1876-1226-442e-bf61-922c3b3b04e7@group-6421286ED0F4-LeaderElection16] INFO  server.RaftServerConfigKeys (ConfUtils.java:logGet(44)) - raft.server.write.element-limit = 4096 (default)
2022-02-01 13:05:53,615 [fe9b1876-1226-442e-bf61-922c3b3b04e7@group-6421286ED0F4-LeaderElection16] INFO  server.RaftServerConfigKeys (ConfUtils.java:logGet(44)) - raft.server.write.follower.gap.ratio.max = -1.0 (default)
2022-02-01 13:05:53,615 [fe9b1876-1226-442e-bf61-922c3b3b04e7@group-6421286ED0F4-LeaderElection16] INFO  impl.RoleInfo (RoleInfo.java:updateAndGet(130)) - fe9b1876-1226-442e-bf61-922c3b3b04e7: start fe9b1876-1226-442e-bf61-922c3b3b04e7@group-6421286ED0F4-LeaderStateImpl
2022-02-01 13:05:53,615 [fe9b1876-1226-442e-bf61-922c3b3b04e7@group-6421286ED0F4-LeaderElection16] INFO  segmented.SegmentedRaftLogWorker (SegmentedRaftLogWorker.java:rollLogSegment(399)) - fe9b1876-1226-442e-bf61-922c3b3b04e7@group-6421286ED0F4-SegmentedRaftLogWorker: Rolling segment log-0_0 to index:0
2022-02-01 13:05:53,616 [fe9b1876-1226-442e-bf61-922c3b3b04e7@group-6421286ED0F4-SegmentedRaftLogWorker] INFO  segmented.SegmentedRaftLogWorker (SegmentedRaftLogWorker.java:execute(558)) - fe9b1876-1226-442e-bf61-922c3b3b04e7@group-6421286ED0F4-SegmentedRaftLogWorker: Rolled log segment from /home/runner/work/ozone/ozone/hadoop-ozone/integration-test/target/test-dir/MiniOzoneClusterImpl-8a3c48c2-e56b-48f6-9d69-6421286ed0f4/ozone-meta/scm-ha/8a3c48c2-e56b-48f6-9d69-6421286ed0f4/current/log_inprogress_0 to /home/runner/work/ozone/ozone/hadoop-ozone/integration-test/target/test-dir/MiniOzoneClusterImpl-8a3c48c2-e56b-48f6-9d69-6421286ed0f4/ozone-meta/scm-ha/8a3c48c2-e56b-48f6-9d69-6421286ed0f4/current/log_0-0
2022-02-01 13:05:53,637 [fe9b1876-1226-442e-bf61-922c3b3b04e7@group-6421286ED0F4-SegmentedRaftLogWorker] INFO  segmented.SegmentedRaftLogWorker (SegmentedRaftLogWorker.java:execute(601)) - fe9b1876-1226-442e-bf61-922c3b3b04e7@group-6421286ED0F4-SegmentedRaftLogWorker: created new log segment /home/runner/work/ozone/ozone/hadoop-ozone/integration-test/target/test-dir/MiniOzoneClusterImpl-8a3c48c2-e56b-48f6-9d69-6421286ed0f4/ozone-meta/scm-ha/8a3c48c2-e56b-48f6-9d69-6421286ed0f4/current/log_inprogress_1
2022-02-01 13:05:53,642 [fe9b1876-1226-442e-bf61-922c3b3b04e7@group-6421286ED0F4-LeaderElection16] INFO  server.RaftServer$Division (ServerState.java:setRaftConf(387)) - fe9b1876-1226-442e-bf61-922c3b3b04e7@group-6421286ED0F4: set configuration 1: [fe9b1876-1226-442e-bf61-922c3b3b04e7|rpc:fv-az59-591:9894|admin:|client:|dataStream:|priority:0], old=null
2022-02-01 13:05:53,646 [fe9b1876-1226-442e-bf61-922c3b3b04e7@group-6421286ED0F4-StateMachineUpdater] INFO  ha.SCMContext (SCMContext.java:setLeaderReady(117)) - update <isLeaderReady> from <false> to <true>
2022-02-01 13:05:53,648 [fe9b1876-1226-442e-bf61-922c3b3b04e7@group-6421286ED0F4-StateMachineUpdater] INFO  pipeline.BackgroundPipelineCreator (BackgroundPipelineCreator.java:notifyStatusChanged(264)) - Service BackgroundPipelineCreator transitions to RUNNING.
2022-02-01 13:05:53,648 [fe9b1876-1226-442e-bf61-922c3b3b04e7@group-6421286ED0F4-StateMachineUpdater] INFO  safemode.HealthyPipelineSafeModeRule (HealthyPipelineSafeModeRule.java:initializeRule(152)) - Refreshed total pipeline count is 0, healthy pipeline threshold count is 1
2022-02-01 13:05:53,648 [fe9b1876-1226-442e-bf61-922c3b3b04e7@group-6421286ED0F4-StateMachineUpdater] INFO  safemode.ContainerSafeModeRule (ContainerSafeModeRule.java:reInitializeRule(177)) - Refreshed one replica container threshold 0, currentThreshold 0
2022-02-01 13:05:53,648 [fe9b1876-1226-442e-bf61-922c3b3b04e7@group-6421286ED0F4-StateMachineUpdater] INFO  safemode.OneReplicaPipelineSafeModeRule (OneReplicaPipelineSafeModeRule.java:initializeRule(176)) - Refreshed Total pipeline count is 0, pipeline's with at least one datanode reported threshold count is 0
2022-02-01 13:05:53,649 [fe9b1876-1226-442e-bf61-922c3b3b04e7@group-6421286ED0F4-StateMachineUpdater] INFO  server.SCMDatanodeProtocolServer (SCMDatanodeProtocolServer.java:start(181)) - ScmDatanodeProtocol RPC server for DataNodes is listening at /0.0.0.0:38243
2022-02-01 13:05:53,652 [IPC Server listener on 0] INFO  ipc.Server (Server.java:run(1344)) - IPC Server listener on 0: starting
2022-02-01 13:05:53,662 [IPC Server Responder] INFO  ipc.Server (Server.java:run(1507)) - IPC Server Responder: starting
2022-02-01 13:05:54,791 [Listener at 0.0.0.0/46647] WARN  server.ServerUtils (ServerUtils.java:getDBPath(225)) - ozone.om.db.dirs is not configured. We recommend adding this setting. Falling back to ozone.metadata.dirs instead.
2022-02-01 13:05:54,791 [Listener at 0.0.0.0/46647] INFO  codec.OmKeyInfoCodec (OmKeyInfoCodec.java:<init>(50)) - OmKeyInfoCodec ignorePipeline = true
2022-02-01 13:05:54,791 [Listener at 0.0.0.0/46647] INFO  codec.RepeatedOmKeyInfoCodec (RepeatedOmKeyInfoCodec.java:<init>(42)) - RepeatedOmKeyInfoCodec ignorePipeline = true
2022-02-01 13:05:54,989 [Listener at 0.0.0.0/46647] INFO  om.OzoneManager (OzoneManager.java:addS3GVolumeToDB(3732)) - Created Volume s3v With Owner runner required for S3Gateway operations.
2022-02-01 13:05:54,991 [Listener at 0.0.0.0/46647] WARN  server.ServerUtils (ServerUtils.java:getDefaultRatisDirectory(237)) - Storage directory for Ratis is not configured. It is a good idea to map this to an SSD disk. Falling back to ozone.metadata.dirs
2022-02-01 13:05:54,991 [Listener at 0.0.0.0/46647] WARN  utils.OzoneManagerRatisUtils (OzoneManagerRatisUtils.java:getOMRatisSnapshotDirectory(330)) - ozone.om.ratis.snapshot.dir is not configured. Falling back to ozone.metadata.dirs config
2022-02-01 13:05:54,991 [Listener at 0.0.0.0/46647] WARN  impl.MetricRegistriesImpl (MetricRegistriesImpl.java:addReporterRegistration(111)) - New reporters are added after registries were created. Some metrics will be missing from the reporter. Please add reporter before adding any new registry.
2022-02-01 13:05:54,991 [Listener at 0.0.0.0/46647] WARN  impl.MetricRegistriesImpl (MetricRegistriesImpl.java:addReporterRegistration(111)) - New reporters are added after registries were created. Some metrics will be missing from the reporter. Please add reporter before adding any new registry.
2022-02-01 13:05:54,992 [Listener at 0.0.0.0/46647] WARN  server.ServerUtils (ServerUtils.java:getDefaultRatisDirectory(237)) - Storage directory for Ratis is not configured. It is a good idea to map this to an SSD disk. Falling back to ozone.metadata.dirs
2022-02-01 13:05:54,993 [Listener at 0.0.0.0/46647] INFO  ratis.OzoneManagerRatisServer (OzoneManagerRatisServer.java:<init>(159)) - Instantiating OM Ratis server with groupID: omServiceIdDefault and peers: localhost:9872
2022-02-01 13:05:54,994 [Listener at 0.0.0.0/46647] INFO  ratis.OzoneManagerStateMachine (OzoneManagerStateMachine.java:loadSnapshotInfoFromDB(605)) - LastAppliedIndex is set from TransactionInfo from OM DB as (t:0, i:~)
2022-02-01 13:05:54,994 [Listener at 0.0.0.0/46647] INFO  server.RaftServer (ConfUtils.java:logGet(44)) - raft.rpc.type = GRPC (default)
2022-02-01 13:05:54,994 [Listener at 0.0.0.0/46647] INFO  grpc.GrpcFactory (GrpcFactory.java:checkPooledByteBufAllocatorUseCacheForAllThreads(48)) - PERFORMANCE WARNING: useCacheForAllThreads is true that may cause Netty to create a lot garbage objects and, as a result, trigger GC.
	It is recommended to disable useCacheForAllThreads by setting -Dorg.apache.ratis.thirdparty.io.netty.allocator.useCacheForAllThreads=false in command line.
2022-02-01 13:05:54,994 [Listener at 0.0.0.0/46647] INFO  grpc.GrpcConfigKeys (ConfUtils.java:logGet(44)) - raft.grpc.admin.port = -1 (default)
2022-02-01 13:05:54,995 [Listener at 0.0.0.0/46647] INFO  grpc.GrpcConfigKeys (ConfUtils.java:logGet(44)) - raft.grpc.server.port = 9872 (custom)
2022-02-01 13:05:54,995 [Listener at 0.0.0.0/46647] INFO  grpc.GrpcConfigKeys (ConfUtils.java:logGet(44)) - raft.grpc.client.port = -1 (default)
2022-02-01 13:05:54,995 [Listener at 0.0.0.0/46647] INFO  grpc.GrpcConfigKeys (ConfUtils.java:logGet(44)) - raft.grpc.server.port = 9872 (custom)
2022-02-01 13:05:54,995 [Listener at 0.0.0.0/46647] INFO  grpc.GrpcConfigKeys (ConfUtils.java:logGet(44)) - raft.grpc.server.port = 9872 (custom)
2022-02-01 13:05:54,995 [Listener at 0.0.0.0/46647] INFO  server.GrpcService (ConfUtils.java:logGet(44)) - raft.grpc.message.size.max = 33554432 (custom)
2022-02-01 13:05:54,995 [Listener at 0.0.0.0/46647] INFO  server.RaftServerConfigKeys (ConfUtils.java:logGet(44)) - raft.server.log.appender.buffer.byte-limit = 33554432 (custom)
2022-02-01 13:05:54,995 [Listener at 0.0.0.0/46647] INFO  server.GrpcService (ConfUtils.java:logGet(44)) - raft.grpc.flow.control.window = 1MB (=1048576) (default)
2022-02-01 13:05:54,995 [Listener at 0.0.0.0/46647] INFO  server.RaftServerConfigKeys (ConfUtils.java:logGet(44)) - raft.server.rpc.request.timeout = 3000ms (default)
2022-02-01 13:05:54,996 [Listener at 0.0.0.0/46647] INFO  impl.DataStreamServerImpl (ConfUtils.java:logGet(44)) - raft.datastream.type = DISABLED (default)
2022-02-01 13:05:54,996 [Listener at 0.0.0.0/46647] INFO  server.RaftServerConfigKeys (ConfUtils.java:logGet(44)) - raft.server.rpc.slowness.timeout = 120s (custom)
2022-02-01 13:05:54,996 [Listener at 0.0.0.0/46647] INFO  server.RaftServerConfigKeys (ConfUtils.java:logGet(44)) - raft.server.leaderelection.leader.step-down.wait-time = 10s (default)
2022-02-01 13:05:54,997 [Listener at 0.0.0.0/46647] INFO  server.RaftServerConfigKeys (ConfUtils.java:logGet(44)) - raft.server.storage.dir = [/home/runner/work/ozone/ozone/hadoop-ozone/integration-test/target/test-dir/MiniOzoneClusterImpl-8a3c48c2-e56b-48f6-9d69-6421286ed0f4/ozone-meta/ratis] (custom)
2022-02-01 13:05:54,998 [Listener at 0.0.0.0/46647] INFO  server.RaftServer (RaftServerProxy.java:addNew(95)) - om1: addNew group-C5BA1605619E:[om1|rpc:localhost:9872|priority:0] returns group-C5BA1605619E:java.util.concurrent.CompletableFuture@75caafbe[Not completed]
2022-02-01 13:05:54,998 [Listener at 0.0.0.0/46647] INFO  om.OzoneManager (OzoneManager.java:initializeRatisServer(1834)) - OzoneManager Ratis server initialized at port 9872
2022-02-01 13:05:54,999 [Listener at 0.0.0.0/46647] INFO  ipc.CallQueueManager (CallQueueManager.java:<init>(90)) - Using callQueue: class java.util.concurrent.LinkedBlockingQueue, queueCapacity: 2000, scheduler: class org.apache.hadoop.ipc.DefaultRpcScheduler, ipcBackoff: false.
2022-02-01 13:05:55,014 [Socket Reader #1 for port 0] INFO  ipc.Server (Server.java:run(1265)) - Starting Socket Reader #1 for port 0
2022-02-01 13:05:55,018 [pool-227-thread-1] INFO  server.RaftServer$Division (RaftServerImpl.java:<init>(184)) - om1: new RaftServerImpl for group-C5BA1605619E:[om1|rpc:localhost:9872|priority:0] with OzoneManagerStateMachine:uninitialized
2022-02-01 13:05:55,038 [pool-227-thread-1] INFO  server.RaftServerConfigKeys (ConfUtils.java:logGet(44)) - raft.server.rpc.timeout.min = 1s (custom)
2022-02-01 13:05:55,038 [pool-227-thread-1] INFO  server.RaftServerConfigKeys (ConfUtils.java:logGet(44)) - raft.server.rpc.timeout.max = 1200ms (custom)
2022-02-01 13:05:55,038 [pool-227-thread-1] INFO  server.RaftServerConfigKeys (ConfUtils.java:logGet(44)) - raft.server.rpc.sleep.time = 25ms (default)
2022-02-01 13:05:55,038 [pool-227-thread-1] INFO  server.RaftServerConfigKeys (ConfUtils.java:logGet(44)) - raft.server.rpc.slowness.timeout = 120s (custom)
2022-02-01 13:05:55,038 [pool-227-thread-1] INFO  server.RaftServerConfigKeys (ConfUtils.java:logGet(44)) - raft.server.leaderelection.leader.step-down.wait-time = 10s (default)
2022-02-01 13:05:55,038 [pool-227-thread-1] INFO  server.RaftServerConfigKeys (ConfUtils.java:logGet(44)) - raft.server.sleep.deviation.threshold = 300ms (default)
2022-02-01 13:05:55,038 [pool-227-thread-1] INFO  server.RaftServerConfigKeys (ConfUtils.java:logGet(44)) - raft.server.log.appender.install.snapshot.enabled = false (custom)
2022-02-01 13:05:55,038 [pool-227-thread-1] INFO  server.RaftServer$Division (ServerState.java:<init>(105)) - om1@group-C5BA1605619E: ConfigurationManager, init=-1: [om1|rpc:localhost:9872|priority:0], old=null, confs=<EMPTY_MAP>
2022-02-01 13:05:55,038 [pool-227-thread-1] INFO  server.RaftServerConfigKeys (ConfUtils.java:logGet(44)) - raft.server.storage.dir = [/home/runner/work/ozone/ozone/hadoop-ozone/integration-test/target/test-dir/MiniOzoneClusterImpl-8a3c48c2-e56b-48f6-9d69-6421286ed0f4/ozone-meta/ratis] (custom)
2022-02-01 13:05:55,038 [pool-227-thread-1] INFO  server.RaftServerConfigKeys (ConfUtils.java:logGet(44)) - raft.server.log.corruption.policy = EXCEPTION (default)
2022-02-01 13:05:55,038 [pool-227-thread-1] INFO  server.RaftServerConfigKeys (ConfUtils.java:logGet(44)) - raft.server.storage.free-space.min = 0MB (=0) (default)
2022-02-01 13:05:55,038 [pool-227-thread-1] INFO  storage.RaftStorageDirectory (RaftStorageDirectoryImpl.java:analyzeStorage(135)) - The storage directory /home/runner/work/ozone/ozone/hadoop-ozone/integration-test/target/test-dir/MiniOzoneClusterImpl-8a3c48c2-e56b-48f6-9d69-6421286ed0f4/ozone-meta/ratis/bf265839-605b-3f16-9796-c5ba1605619e does not exist. Creating ...
2022-02-01 13:05:55,040 [pool-227-thread-1] INFO  storage.RaftStorageDirectory (RaftStorageDirectoryImpl.java:tryLock(230)) - Lock on /home/runner/work/ozone/ozone/hadoop-ozone/integration-test/target/test-dir/MiniOzoneClusterImpl-8a3c48c2-e56b-48f6-9d69-6421286ed0f4/ozone-meta/ratis/bf265839-605b-3f16-9796-c5ba1605619e/in_use.lock acquired by nodename 23332@fv-az59-591
2022-02-01 13:05:55,042 [pool-227-thread-1] INFO  storage.RaftStorage (RaftStorageImpl.java:format(89)) - Storage directory /home/runner/work/ozone/ozone/hadoop-ozone/integration-test/target/test-dir/MiniOzoneClusterImpl-8a3c48c2-e56b-48f6-9d69-6421286ed0f4/ozone-meta/ratis/bf265839-605b-3f16-9796-c5ba1605619e has been successfully formatted.
2022-02-01 13:05:55,042 [pool-227-thread-1] INFO  server.RaftServerConfigKeys (ConfUtils.java:logGet(44)) - raft.server.notification.no-leader.timeout = 120s (custom)
2022-02-01 13:05:55,042 [pool-227-thread-1] INFO  server.RaftServerConfigKeys (ConfUtils.java:logGet(44)) - raft.server.log.use.memory = false (default)
2022-02-01 13:05:55,042 [pool-227-thread-1] INFO  server.RaftServerConfigKeys (ConfUtils.java:logGet(44)) - raft.server.log.purge.gap = 1000000 (custom)
2022-02-01 13:05:55,042 [pool-227-thread-1] INFO  server.RaftServerConfigKeys (ConfUtils.java:logGet(44)) - raft.server.log.appender.buffer.byte-limit = 33554432 (custom)
2022-02-01 13:05:55,042 [pool-227-thread-1] INFO  server.RaftServerConfigKeys (ConfUtils.java:logGet(44)) - raft.server.log.segment.size.max = 4194304 (custom)
2022-02-01 13:05:55,042 [pool-227-thread-1] INFO  server.RaftServerConfigKeys (ConfUtils.java:logGet(44)) - raft.server.log.segment.cache.num.max = 2 (custom)
2022-02-01 13:05:55,043 [pool-227-thread-1] INFO  server.RaftServerConfigKeys (ConfUtils.java:logGet(44)) - raft.server.log.segment.cache.size.max = 200MB (=209715200) (default)
2022-02-01 13:05:55,043 [pool-227-thread-1] INFO  segmented.SegmentedRaftLogWorker (SegmentedRaftLogWorker.java:<init>(182)) - new om1@group-C5BA1605619E-SegmentedRaftLogWorker for RaftStorageImpl:Storage Directory /home/runner/work/ozone/ozone/hadoop-ozone/integration-test/target/test-dir/MiniOzoneClusterImpl-8a3c48c2-e56b-48f6-9d69-6421286ed0f4/ozone-meta/ratis/bf265839-605b-3f16-9796-c5ba1605619e
2022-02-01 13:05:55,043 [pool-227-thread-1] INFO  server.RaftServerConfigKeys (ConfUtils.java:logGet(44)) - raft.server.log.queue.byte-limit = 64MB (=67108864) (default)
2022-02-01 13:05:55,043 [pool-227-thread-1] INFO  server.RaftServerConfigKeys (ConfUtils.java:logGet(44)) - raft.server.log.queue.element-limit = 4096 (default)
2022-02-01 13:05:55,043 [pool-227-thread-1] INFO  server.RaftServerConfigKeys (ConfUtils.java:logGet(44)) - raft.server.log.segment.size.max = 4194304 (custom)
2022-02-01 13:05:55,043 [pool-227-thread-1] INFO  server.RaftServerConfigKeys (ConfUtils.java:logGet(44)) - raft.server.log.preallocated.size = 4194304 (custom)
2022-02-01 13:05:55,043 [pool-227-thread-1] INFO  server.RaftServerConfigKeys (ConfUtils.java:logGet(44)) - raft.server.log.force.sync.num = 128 (default)
2022-02-01 13:05:55,043 [pool-227-thread-1] INFO  server.RaftServerConfigKeys (ConfUtils.java:logGet(44)) - raft.server.log.statemachine.data.sync = true (default)
2022-02-01 13:05:55,043 [pool-227-thread-1] INFO  server.RaftServerConfigKeys (ConfUtils.java:logGet(44)) - raft.server.log.statemachine.data.sync.timeout = 10s (default)
2022-02-01 13:05:55,043 [pool-227-thread-1] INFO  server.RaftServerConfigKeys (ConfUtils.java:logGet(44)) - raft.server.log.statemachine.data.sync.timeout.retry = -1 (default)
2022-02-01 13:05:55,044 [pool-227-thread-1] INFO  server.RaftServerConfigKeys (ConfUtils.java:logGet(44)) - raft.server.log.write.buffer.size = 64KB (=65536) (default)
2022-02-01 13:05:55,044 [pool-227-thread-1] INFO  server.RaftServerConfigKeys (ConfUtils.java:logGet(44)) - raft.server.log.statemachine.data.caching.enabled = false (default)
2022-02-01 13:05:55,044 [pool-227-thread-1] INFO  segmented.SegmentedRaftLogWorker (SegmentedRaftLogWorker.java:lambda$new$0(133)) - om1@group-C5BA1605619E-SegmentedRaftLogWorker: flushIndex: setUnconditionally 0 -> -1
2022-02-01 13:05:55,044 [pool-227-thread-1] INFO  segmented.SegmentedRaftLogWorker (SegmentedRaftLogWorker.java:lambda$new$0(133)) - om1@group-C5BA1605619E-SegmentedRaftLogWorker: safeCacheEvictIndex: setUnconditionally 0 -> -1
2022-02-01 13:05:55,050 [pool-227-thread-1] INFO  server.RaftServerConfigKeys (ConfUtils.java:logGet(44)) - raft.server.snapshot.auto.trigger.enabled = true (custom)
2022-02-01 13:05:55,050 [pool-227-thread-1] INFO  server.RaftServerConfigKeys (ConfUtils.java:logGet(44)) - raft.server.snapshot.auto.trigger.threshold = 400000 (default)
2022-02-01 13:05:55,050 [pool-227-thread-1] INFO  server.RaftServerConfigKeys (ConfUtils.java:logGet(44)) - raft.server.snapshot.retention.file.num = -1 (default)
2022-02-01 13:05:55,050 [pool-227-thread-1] INFO  server.RaftServerConfigKeys (ConfUtils.java:logGet(44)) - raft.server.log.purge.upto.snapshot.index = true (custom)
2022-02-01 13:05:55,050 [pool-227-thread-1] INFO  server.RaftServerConfigKeys (ConfUtils.java:logGet(44)) - raft.server.retrycache.expirytime = 300s (custom)
2022-02-01 13:05:55,050 [pool-227-thread-1] INFO  server.RaftServerConfigKeys (ConfUtils.java:logGet(44)) - raft.server.retrycache.statistics.expirytime = 100μs (default)
2022-02-01 13:05:55,063 [Listener at 127.0.0.1/38443] INFO  impl.MetricsSystemImpl (MetricsSystemImpl.java:init(158)) - OzoneManager metrics system started (again)
2022-02-01 13:05:55,108 [Listener at 127.0.0.1/38443] INFO  om.OzoneManager (OzoneManager.java:start(1365)) - OzoneManager RPC server is listening at localhost/127.0.0.1:38443
2022-02-01 13:05:55,114 [Listener at 127.0.0.1/38443] INFO  ratis.OzoneManagerRatisServer (OzoneManagerRatisServer.java:start(554)) - Starting OzoneManagerRatisServer om1 at port 9872
2022-02-01 13:05:55,115 [Listener at 127.0.0.1/38443] INFO  server.RaftServer$Division (RaftServerImpl.java:start(301)) - om1@group-C5BA1605619E: start as a follower, conf=-1: [om1|rpc:localhost:9872|priority:0], old=null
2022-02-01 13:05:55,115 [Listener at 127.0.0.1/38443] INFO  server.RaftServer$Division (RaftServerImpl.java:setRole(290)) - om1@group-C5BA1605619E: changes role from      null to FOLLOWER at term 0 for startAsFollower
2022-02-01 13:05:55,115 [Listener at 127.0.0.1/38443] INFO  impl.RoleInfo (RoleInfo.java:updateAndGet(130)) - om1: start om1@group-C5BA1605619E-FollowerState
2022-02-01 13:05:55,115 [Listener at 127.0.0.1/38443] INFO  util.JmxRegister (JmxRegister.java:tryRegister(44)) - Successfully registered JMX Bean with object name Ratis:service=RaftServer,group=group-C5BA1605619E,id=om1
2022-02-01 13:05:55,116 [Listener at 127.0.0.1/38443] INFO  server.RaftServer (RaftServerProxy.java:lambda$start$5(374)) - om1: start RPC server
2022-02-01 13:05:55,116 [Listener at 127.0.0.1/38443] INFO  server.GrpcService (GrpcService.java:startImpl(253)) - om1: GrpcService started, listening on 9872
2022-02-01 13:05:55,130 [Listener at 127.0.0.1/38443] INFO  om.OzoneManager (OzoneManager.java:start(1381)) - Version File has different layout version (0) than OM DB (null). That is expected if this OM has never been finalized to a newer layout version.
2022-02-01 13:05:55,130 [org.apache.ratis.util.JvmPauseMonitor$$Lambda$431/624767945@1e2d6aee] INFO  util.JvmPauseMonitor (JvmPauseMonitor.java:run(103)) - JvmPauseMonitor-om1: Started
2022-02-01 13:05:55,132 [Listener at 127.0.0.1/38443] INFO  http.BaseHttpServer (BaseHttpServer.java:newHttpServer2BuilderForOzone(209)) - Starting Web-server for ozoneManager at: http://0.0.0.0:0
2022-02-01 13:05:55,132 [Listener at 127.0.0.1/38443] INFO  http.BaseHttpServer (BaseHttpServer.java:<init>(107)) - Hadoop Security Enabled: false Ozone Security Enabled: false Ozone HTTP Security Enabled: false 
2022-02-01 13:05:55,133 [Listener at 127.0.0.1/38443] INFO  server.AuthenticationFilter (AuthenticationFilter.java:constructSecretProvider(240)) - Unable to initialize FileSignerSecretProvider, falling back to use random secrets.
2022-02-01 13:05:55,134 [Listener at 127.0.0.1/38443] WARN  http.HttpRequestLog (HttpRequestLog.java:getRequestLog(103)) - Jetty request log can only be enabled using Log4j
2022-02-01 13:05:55,134 [Listener at 127.0.0.1/38443] INFO  http.HttpServer2 (HttpServer2.java:addGlobalFilter(1030)) - Added global filter 'safety' (class=org.apache.hadoop.hdds.server.http.HttpServer2$QuotingInputFilter)
2022-02-01 13:05:55,135 [Listener at 127.0.0.1/38443] INFO  http.HttpServer2 (HttpServer2.java:addFilter(1006)) - Added filter static_user_filter (class=org.apache.hadoop.http.lib.StaticUserWebFilter$StaticUserFilter) to context ozoneManager
2022-02-01 13:05:55,135 [Listener at 127.0.0.1/38443] INFO  http.HttpServer2 (HttpServer2.java:addFilter(1014)) - Added filter static_user_filter (class=org.apache.hadoop.http.lib.StaticUserWebFilter$StaticUserFilter) to context static
2022-02-01 13:05:55,135 [Listener at 127.0.0.1/38443] INFO  http.HttpServer2 (HttpServer2.java:addFilter(1014)) - Added filter static_user_filter (class=org.apache.hadoop.http.lib.StaticUserWebFilter$StaticUserFilter) to context logs
2022-02-01 13:05:55,136 [Listener at 127.0.0.1/38443] INFO  http.HttpServer2 (HttpServer2.java:bindListener(1249)) - Jetty bound to port 39823
2022-02-01 13:05:55,136 [Listener at 127.0.0.1/38443] INFO  server.Server (Server.java:doStart(375)) - jetty-9.4.43.v20210629; built: 2021-06-30T11:07:22.254Z; git: 526006ecfa3af7f1a27ef3a288e2bef7ea9dd7e8; jvm 1.8.0_312-b07
2022-02-01 13:05:55,137 [Listener at 127.0.0.1/38443] INFO  server.session (DefaultSessionIdManager.java:doStart(334)) - DefaultSessionIdManager workerName=node0
2022-02-01 13:05:55,137 [Listener at 127.0.0.1/38443] INFO  server.session (DefaultSessionIdManager.java:doStart(339)) - No SessionScavenger set, using defaults
2022-02-01 13:05:55,138 [Listener at 127.0.0.1/38443] INFO  server.session (HouseKeeper.java:startScavenging(132)) - node0 Scavenging every 600000ms
2022-02-01 13:05:55,139 [Listener at 127.0.0.1/38443] INFO  handler.ContextHandler (ContextHandler.java:doStart(915)) - Started o.e.j.s.ServletContextHandler@2c1ca875{logs,/logs,file:///home/runner/work/ozone/ozone/hadoop-ozone/integration-test/target/log,AVAILABLE}
2022-02-01 13:05:55,139 [Listener at 127.0.0.1/38443] INFO  handler.ContextHandler (ContextHandler.java:doStart(915)) - Started o.e.j.s.ServletContextHandler@7ffd9065{static,/static,file:///home/runner/work/ozone/ozone/hadoop-ozone/integration-test/target/test-classes/webapps/static,AVAILABLE}
2022-02-01 13:05:55,143 [Listener at 127.0.0.1/38443] INFO  handler.ContextHandler (ContextHandler.java:doStart(915)) - Started o.e.j.w.WebAppContext@5814ebb5{ozoneManager,/,file:///home/runner/work/ozone/ozone/hadoop-ozone/integration-test/target/test-classes/webapps/ozoneManager/,AVAILABLE}{file:/home/runner/work/ozone/ozone/hadoop-ozone/integration-test/target/test-classes/webapps/ozoneManager}
2022-02-01 13:05:55,151 [Listener at 127.0.0.1/38443] INFO  server.AbstractConnector (AbstractConnector.java:doStart(331)) - Started ServerConnector@6b85b05e{HTTP/1.1, (http/1.1)}{0.0.0.0:39823}
2022-02-01 13:05:55,151 [Listener at 127.0.0.1/38443] INFO  server.Server (Server.java:doStart(415)) - Started @96413ms
2022-02-01 13:05:55,151 [Listener at 127.0.0.1/38443] WARN  impl.MetricsSystemImpl (MetricsSystemImpl.java:register(279)) - Sink prometheus already exists!
2022-02-01 13:05:55,152 [Listener at 127.0.0.1/38443] INFO  http.BaseHttpServer (BaseHttpServer.java:updateConnectorAddress(329)) - HTTP server of ozoneManager listening at http://0.0.0.0:39823
2022-02-01 13:05:55,160 [IPC Server Responder] INFO  ipc.Server (Server.java:run(1507)) - IPC Server Responder: starting
2022-02-01 13:05:55,169 [IPC Server listener on 0] INFO  ipc.Server (Server.java:run(1344)) - IPC Server listener on 0: starting
2022-02-01 13:05:55,213 [Listener at 127.0.0.1/38443] INFO  om.OzoneManager (OzoneManager.java:startTrashEmptier(1792)) - Trash Interval set to 0. Files deleted will not move to trash
2022-02-01 13:05:55,229 [Listener at 127.0.0.1/38443] WARN  impl.MetricRegistriesImpl (MetricRegistriesImpl.java:addReporterRegistration(111)) - New reporters are added after registries were created. Some metrics will be missing from the reporter. Please add reporter before adding any new registry.
2022-02-01 13:05:55,229 [Listener at 127.0.0.1/38443] WARN  impl.MetricRegistriesImpl (MetricRegistriesImpl.java:addReporterRegistration(111)) - New reporters are added after registries were created. Some metrics will be missing from the reporter. Please add reporter before adding any new registry.
2022-02-01 13:05:55,229 [Listener at 127.0.0.1/38443] INFO  impl.MetricsSystemImpl (MetricsSystemImpl.java:init(158)) - HddsDatanode metrics system started (again)
2022-02-01 13:05:55,229 [org.apache.hadoop.util.JvmPauseMonitor$Monitor@7b0e0e87] INFO  util.JvmPauseMonitor (JvmPauseMonitor.java:run(188)) - Starting JVM pause monitor
2022-02-01 13:05:55,272 [Listener at 127.0.0.1/38443] INFO  ozone.HddsDatanodeService (HddsDatanodeService.java:start(234)) - HddsDatanodeService host:fv-az59-591.csjynl4pkq3e1pkirw3ssqjfoh.cx.internal.cloudapp.net ip:10.1.0.40
2022-02-01 13:05:55,299 [Listener at 127.0.0.1/38443] INFO  upgrade.AbstractLayoutVersionManager (AbstractLayoutVersionManager.java:init(79)) - Initializing Layout version manager with metadata layout = SCM_HA (version = 2), software layout = SCM_HA (version = 2)
2022-02-01 13:05:55,375 [Listener at 127.0.0.1/38443] INFO  reflections.Reflections (Reflections.java:scan(232)) - Reflections took 72 ms to scan 7 urls, producing 119 keys and 279 values 
2022-02-01 13:05:55,390 [Listener at 127.0.0.1/38443] INFO  statemachine.DatanodeStateMachine (DatanodeStateMachine.java:getEndPointTaskThreadPoolSize(222)) - Datanode State Machine Task Thread Pool size 2
2022-02-01 13:05:55,398 [Listener at 127.0.0.1/38443] INFO  volume.HddsVolume (HddsVolume.java:<init>(120)) - Creating HddsVolume: /home/runner/work/ozone/ozone/hadoop-ozone/integration-test/target/test-dir/MiniOzoneClusterImpl-8a3c48c2-e56b-48f6-9d69-6421286ed0f4/datanode-0/data-0/containers/hdds of storage type : DISK capacity : 9223372036854775807
2022-02-01 13:05:55,398 [Listener at 127.0.0.1/38443] INFO  volume.MutableVolumeSet (MutableVolumeSet.java:initializeVolumeSet(168)) - Added Volume : /home/runner/work/ozone/ozone/hadoop-ozone/integration-test/target/test-dir/MiniOzoneClusterImpl-8a3c48c2-e56b-48f6-9d69-6421286ed0f4/datanode-0/data-0/containers/hdds to VolumeSet
2022-02-01 13:05:55,398 [Listener at 127.0.0.1/38443] INFO  volume.ThrottledAsyncChecker (ThrottledAsyncChecker.java:schedule(141)) - Scheduling a check for /home/runner/work/ozone/ozone/hadoop-ozone/integration-test/target/test-dir/MiniOzoneClusterImpl-8a3c48c2-e56b-48f6-9d69-6421286ed0f4/datanode-0/data-0/containers/hdds
2022-02-01 13:05:55,405 [Listener at 127.0.0.1/38443] INFO  volume.StorageVolumeChecker (StorageVolumeChecker.java:checkAllVolumes(202)) - Scheduled health check for volume /home/runner/work/ozone/ozone/hadoop-ozone/integration-test/target/test-dir/MiniOzoneClusterImpl-8a3c48c2-e56b-48f6-9d69-6421286ed0f4/datanode-0/data-0/containers/hdds
2022-02-01 13:05:55,430 [Listener at 127.0.0.1/38443] INFO  volume.MutableVolumeSet (MutableVolumeSet.java:initializeVolumeSet(168)) - Added Volume : /home/runner/work/ozone/ozone/hadoop-ozone/integration-test/target/test-dir/MiniOzoneClusterImpl-8a3c48c2-e56b-48f6-9d69-6421286ed0f4/datanode-0/data/ratis to VolumeSet
2022-02-01 13:05:55,430 [Listener at 127.0.0.1/38443] INFO  volume.ThrottledAsyncChecker (ThrottledAsyncChecker.java:schedule(141)) - Scheduling a check for /home/runner/work/ozone/ozone/hadoop-ozone/integration-test/target/test-dir/MiniOzoneClusterImpl-8a3c48c2-e56b-48f6-9d69-6421286ed0f4/datanode-0/data/ratis
2022-02-01 13:05:55,434 [Listener at 127.0.0.1/38443] INFO  volume.StorageVolumeChecker (StorageVolumeChecker.java:checkAllVolumes(202)) - Scheduled health check for volume /home/runner/work/ozone/ozone/hadoop-ozone/integration-test/target/test-dir/MiniOzoneClusterImpl-8a3c48c2-e56b-48f6-9d69-6421286ed0f4/datanode-0/data/ratis
2022-02-01 13:05:55,463 [Thread-546] INFO  ozoneimpl.ContainerReader (ContainerReader.java:readVolume(172)) - Finish verifying containers on volume /home/runner/work/ozone/ozone/hadoop-ozone/integration-test/target/test-dir/MiniOzoneClusterImpl-8a3c48c2-e56b-48f6-9d69-6421286ed0f4/datanode-0/data-0/containers/hdds
2022-02-01 13:05:55,464 [Listener at 127.0.0.1/38443] INFO  ozoneimpl.OzoneContainer (OzoneContainer.java:buildContainerSet(237)) - Build ContainerSet costs 0s
2022-02-01 13:05:55,483 [Listener at 127.0.0.1/38443] INFO  server.RaftServer (ConfUtils.java:logGet(44)) - raft.rpc.type = GRPC (default)
2022-02-01 13:05:55,484 [Listener at 127.0.0.1/38443] INFO  grpc.GrpcFactory (GrpcFactory.java:checkPooledByteBufAllocatorUseCacheForAllThreads(48)) - PERFORMANCE WARNING: useCacheForAllThreads is true that may cause Netty to create a lot garbage objects and, as a result, trigger GC.
	It is recommended to disable useCacheForAllThreads by setting -Dorg.apache.ratis.thirdparty.io.netty.allocator.useCacheForAllThreads=false in command line.
2022-02-01 13:05:55,485 [Listener at 127.0.0.1/38443] INFO  grpc.GrpcConfigKeys (ConfUtils.java:logGet(44)) - raft.grpc.admin.port = 0 (custom)
2022-02-01 13:05:55,485 [Listener at 127.0.0.1/38443] INFO  grpc.GrpcConfigKeys (ConfUtils.java:logGet(44)) - raft.grpc.client.port = 0 (custom)
2022-02-01 13:05:55,485 [Listener at 127.0.0.1/38443] INFO  grpc.GrpcConfigKeys (ConfUtils.java:logGet(44)) - raft.grpc.server.port = 0 (default)
2022-02-01 13:05:55,485 [Listener at 127.0.0.1/38443] INFO  server.GrpcService (ConfUtils.java:logGet(44)) - raft.grpc.message.size.max = 32MB (=33554432) (custom)
2022-02-01 13:05:55,485 [Listener at 127.0.0.1/38443] INFO  server.RaftServerConfigKeys (ConfUtils.java:logGet(44)) - raft.server.log.appender.buffer.byte-limit = 33554432 (custom)
2022-02-01 13:05:55,485 [Listener at 127.0.0.1/38443] INFO  server.GrpcService (ConfUtils.java:logGet(44)) - raft.grpc.flow.control.window = 5MB (=5242880) (custom)
2022-02-01 13:05:55,485 [Listener at 127.0.0.1/38443] INFO  server.RaftServerConfigKeys (ConfUtils.java:logGet(44)) - raft.server.rpc.request.timeout = 60s (custom)
2022-02-01 13:05:55,486 [Listener at 127.0.0.1/38443] INFO  impl.DataStreamServerImpl (ConfUtils.java:logGet(44)) - raft.datastream.type = DISABLED (default)
2022-02-01 13:05:55,487 [Listener at 127.0.0.1/38443] INFO  server.RaftServerConfigKeys (ConfUtils.java:logGet(44)) - raft.server.rpc.slowness.timeout = 300s (custom)
2022-02-01 13:05:55,487 [Listener at 127.0.0.1/38443] INFO  server.RaftServerConfigKeys (ConfUtils.java:logGet(44)) - raft.server.leaderelection.leader.step-down.wait-time = 10s (default)
2022-02-01 13:05:55,487 [Listener at 127.0.0.1/38443] INFO  server.RaftServerConfigKeys (ConfUtils.java:logGet(44)) - raft.server.storage.dir = [/home/runner/work/ozone/ozone/hadoop-ozone/integration-test/target/test-dir/MiniOzoneClusterImpl-8a3c48c2-e56b-48f6-9d69-6421286ed0f4/datanode-0/data/ratis] (custom)
2022-02-01 13:05:55,488 [Listener at 127.0.0.1/38443] INFO  server.XceiverServerGrpc (XceiverServerGrpc.java:<init>(132)) - GrpcServer channel type EpollServerSocketChannel
2022-02-01 13:05:55,505 [Listener at 127.0.0.1/38443] INFO  http.BaseHttpServer (BaseHttpServer.java:newHttpServer2BuilderForOzone(209)) - Starting Web-server for hddsDatanode at: http://0.0.0.0:0
2022-02-01 13:05:55,505 [Listener at 127.0.0.1/38443] INFO  http.BaseHttpServer (BaseHttpServer.java:<init>(107)) - Hadoop Security Enabled: false Ozone Security Enabled: false Ozone HTTP Security Enabled: false 
2022-02-01 13:05:55,507 [Listener at 127.0.0.1/38443] INFO  server.AuthenticationFilter (AuthenticationFilter.java:constructSecretProvider(240)) - Unable to initialize FileSignerSecretProvider, falling back to use random secrets.
2022-02-01 13:05:55,520 [Listener at 127.0.0.1/38443] WARN  http.HttpRequestLog (HttpRequestLog.java:getRequestLog(103)) - Jetty request log can only be enabled using Log4j
2022-02-01 13:05:55,521 [Listener at 127.0.0.1/38443] INFO  http.HttpServer2 (HttpServer2.java:addGlobalFilter(1030)) - Added global filter 'safety' (class=org.apache.hadoop.hdds.server.http.HttpServer2$QuotingInputFilter)
2022-02-01 13:05:55,521 [Listener at 127.0.0.1/38443] INFO  http.HttpServer2 (HttpServer2.java:addFilter(1006)) - Added filter static_user_filter (class=org.apache.hadoop.http.lib.StaticUserWebFilter$StaticUserFilter) to context hddsDatanode
2022-02-01 13:05:55,521 [Listener at 127.0.0.1/38443] INFO  http.HttpServer2 (HttpServer2.java:addFilter(1014)) - Added filter static_user_filter (class=org.apache.hadoop.http.lib.StaticUserWebFilter$StaticUserFilter) to context logs
2022-02-01 13:05:55,521 [Listener at 127.0.0.1/38443] INFO  http.HttpServer2 (HttpServer2.java:addFilter(1014)) - Added filter static_user_filter (class=org.apache.hadoop.http.lib.StaticUserWebFilter$StaticUserFilter) to context static
2022-02-01 13:05:55,522 [Listener at 127.0.0.1/38443] INFO  http.HttpServer2 (HttpServer2.java:bindListener(1249)) - Jetty bound to port 42491
2022-02-01 13:05:55,522 [Listener at 127.0.0.1/38443] INFO  server.Server (Server.java:doStart(375)) - jetty-9.4.43.v20210629; built: 2021-06-30T11:07:22.254Z; git: 526006ecfa3af7f1a27ef3a288e2bef7ea9dd7e8; jvm 1.8.0_312-b07
2022-02-01 13:05:55,567 [Listener at 127.0.0.1/38443] INFO  server.session (DefaultSessionIdManager.java:doStart(334)) - DefaultSessionIdManager workerName=node0
2022-02-01 13:05:55,567 [Listener at 127.0.0.1/38443] INFO  server.session (DefaultSessionIdManager.java:doStart(339)) - No SessionScavenger set, using defaults
2022-02-01 13:05:55,568 [Listener at 127.0.0.1/38443] INFO  server.session (HouseKeeper.java:startScavenging(132)) - node0 Scavenging every 660000ms
2022-02-01 13:05:55,568 [Listener at 127.0.0.1/38443] INFO  handler.ContextHandler (ContextHandler.java:doStart(915)) - Started o.e.j.s.ServletContextHandler@357d887c{logs,/logs,file:///home/runner/work/ozone/ozone/hadoop-ozone/integration-test/target/log,AVAILABLE}
2022-02-01 13:05:55,569 [Listener at 127.0.0.1/38443] INFO  handler.ContextHandler (ContextHandler.java:doStart(915)) - Started o.e.j.s.ServletContextHandler@528fe063{static,/static,jar:file:/home/runner/.m2/repository/org/apache/ozone/hdds-container-service/1.3.0-SNAPSHOT/hdds-container-service-1.3.0-SNAPSHOT.jar!/webapps/static,AVAILABLE}
2022-02-01 13:05:55,643 [Listener at 127.0.0.1/38443] INFO  handler.ContextHandler (ContextHandler.java:doStart(915)) - Started o.e.j.w.WebAppContext@3bf14313{hddsDatanode,/,file:///tmp/jetty-0_0_0_0-42491-hdds-container-service-1_3_0-SNAPSHOT_jar-_-any-9144919138028373656/webapp/,AVAILABLE}{jar:file:/home/runner/.m2/repository/org/apache/ozone/hdds-container-service/1.3.0-SNAPSHOT/hdds-container-service-1.3.0-SNAPSHOT.jar!/webapps/hddsDatanode}
2022-02-01 13:05:55,644 [Listener at 127.0.0.1/38443] INFO  server.AbstractConnector (AbstractConnector.java:doStart(331)) - Started ServerConnector@12bbbc2c{HTTP/1.1, (http/1.1)}{0.0.0.0:42491}
2022-02-01 13:05:55,645 [Listener at 127.0.0.1/38443] INFO  server.Server (Server.java:doStart(415)) - Started @96907ms
2022-02-01 13:05:55,645 [Listener at 127.0.0.1/38443] WARN  impl.MetricsSystemImpl (MetricsSystemImpl.java:register(279)) - Sink prometheus already exists!
2022-02-01 13:05:55,648 [Listener at 127.0.0.1/38443] INFO  http.BaseHttpServer (BaseHttpServer.java:updateConnectorAddress(329)) - HTTP server of hddsDatanode listening at http://0.0.0.0:42491
2022-02-01 13:05:55,653 [Listener at 127.0.0.1/38443] WARN  impl.MetricRegistriesImpl (MetricRegistriesImpl.java:addReporterRegistration(111)) - New reporters are added after registries were created. Some metrics will be missing from the reporter. Please add reporter before adding any new registry.
2022-02-01 13:05:55,656 [Listener at 127.0.0.1/38443] WARN  impl.MetricRegistriesImpl (MetricRegistriesImpl.java:addReporterRegistration(111)) - New reporters are added after registries were created. Some metrics will be missing from the reporter. Please add reporter before adding any new registry.
2022-02-01 13:05:55,656 [Listener at 127.0.0.1/38443] INFO  impl.MetricsSystemImpl (MetricsSystemImpl.java:init(158)) - HddsDatanode metrics system started (again)
2022-02-01 13:05:55,654 [Datanode State Machine Daemon Thread] INFO  statemachine.DatanodeStateMachine (DatanodeStateMachine.java:lambda$startDaemon$0(470)) - Ozone container server started.
2022-02-01 13:05:55,686 [org.apache.hadoop.util.JvmPauseMonitor$Monitor@24321011] INFO  util.JvmPauseMonitor (JvmPauseMonitor.java:run(188)) - Starting JVM pause monitor
2022-02-01 13:05:55,695 [Listener at 127.0.0.1/38443] INFO  ozone.HddsDatanodeService (HddsDatanodeService.java:start(234)) - HddsDatanodeService host:fv-az59-591.csjynl4pkq3e1pkirw3ssqjfoh.cx.internal.cloudapp.net ip:10.1.0.40
2022-02-01 13:05:55,713 [Datanode State Machine Task Thread - 0] INFO  datanode.InitDatanodeState (InitDatanodeState.java:persistContainerDatanodeDetails(145)) - DatanodeDetails is persisted to /home/runner/work/ozone/ozone/hadoop-ozone/integration-test/target/test-dir/MiniOzoneClusterImpl-8a3c48c2-e56b-48f6-9d69-6421286ed0f4/datanode-0/meta/datanode.id
2022-02-01 13:05:55,728 [Listener at 127.0.0.1/38443] INFO  upgrade.AbstractLayoutVersionManager (AbstractLayoutVersionManager.java:init(79)) - Initializing Layout version manager with metadata layout = SCM_HA (version = 2), software layout = SCM_HA (version = 2)
2022-02-01 13:05:55,805 [Listener at 127.0.0.1/38443] INFO  reflections.Reflections (Reflections.java:scan(232)) - Reflections took 70 ms to scan 7 urls, producing 119 keys and 279 values 
2022-02-01 13:05:55,814 [Listener at 127.0.0.1/38443] INFO  statemachine.DatanodeStateMachine (DatanodeStateMachine.java:getEndPointTaskThreadPoolSize(222)) - Datanode State Machine Task Thread Pool size 2
2022-02-01 13:05:55,822 [Listener at 127.0.0.1/38443] INFO  volume.HddsVolume (HddsVolume.java:<init>(120)) - Creating HddsVolume: /home/runner/work/ozone/ozone/hadoop-ozone/integration-test/target/test-dir/MiniOzoneClusterImpl-8a3c48c2-e56b-48f6-9d69-6421286ed0f4/datanode-1/data-0/containers/hdds of storage type : DISK capacity : 9223372036854775807
2022-02-01 13:05:55,823 [Listener at 127.0.0.1/38443] INFO  volume.MutableVolumeSet (MutableVolumeSet.java:initializeVolumeSet(168)) - Added Volume : /home/runner/work/ozone/ozone/hadoop-ozone/integration-test/target/test-dir/MiniOzoneClusterImpl-8a3c48c2-e56b-48f6-9d69-6421286ed0f4/datanode-1/data-0/containers/hdds to VolumeSet
2022-02-01 13:05:55,823 [Listener at 127.0.0.1/38443] INFO  volume.ThrottledAsyncChecker (ThrottledAsyncChecker.java:schedule(141)) - Scheduling a check for /home/runner/work/ozone/ozone/hadoop-ozone/integration-test/target/test-dir/MiniOzoneClusterImpl-8a3c48c2-e56b-48f6-9d69-6421286ed0f4/datanode-1/data-0/containers/hdds
2022-02-01 13:05:55,834 [Listener at 127.0.0.1/38443] INFO  volume.StorageVolumeChecker (StorageVolumeChecker.java:checkAllVolumes(202)) - Scheduled health check for volume /home/runner/work/ozone/ozone/hadoop-ozone/integration-test/target/test-dir/MiniOzoneClusterImpl-8a3c48c2-e56b-48f6-9d69-6421286ed0f4/datanode-1/data-0/containers/hdds
2022-02-01 13:05:55,864 [Listener at 127.0.0.1/38443] INFO  volume.MutableVolumeSet (MutableVolumeSet.java:initializeVolumeSet(168)) - Added Volume : /home/runner/work/ozone/ozone/hadoop-ozone/integration-test/target/test-dir/MiniOzoneClusterImpl-8a3c48c2-e56b-48f6-9d69-6421286ed0f4/datanode-1/data/ratis to VolumeSet
2022-02-01 13:05:55,864 [Listener at 127.0.0.1/38443] INFO  volume.ThrottledAsyncChecker (ThrottledAsyncChecker.java:schedule(141)) - Scheduling a check for /home/runner/work/ozone/ozone/hadoop-ozone/integration-test/target/test-dir/MiniOzoneClusterImpl-8a3c48c2-e56b-48f6-9d69-6421286ed0f4/datanode-1/data/ratis
2022-02-01 13:05:55,869 [Listener at 127.0.0.1/38443] INFO  volume.StorageVolumeChecker (StorageVolumeChecker.java:checkAllVolumes(202)) - Scheduled health check for volume /home/runner/work/ozone/ozone/hadoop-ozone/integration-test/target/test-dir/MiniOzoneClusterImpl-8a3c48c2-e56b-48f6-9d69-6421286ed0f4/datanode-1/data/ratis
2022-02-01 13:05:55,887 [Thread-558] INFO  ozoneimpl.ContainerReader (ContainerReader.java:readVolume(172)) - Finish verifying containers on volume /home/runner/work/ozone/ozone/hadoop-ozone/integration-test/target/test-dir/MiniOzoneClusterImpl-8a3c48c2-e56b-48f6-9d69-6421286ed0f4/datanode-1/data-0/containers/hdds
2022-02-01 13:05:55,887 [Listener at 127.0.0.1/38443] INFO  ozoneimpl.OzoneContainer (OzoneContainer.java:buildContainerSet(237)) - Build ContainerSet costs 0s
2022-02-01 13:05:55,890 [Listener at 127.0.0.1/38443] INFO  server.RaftServer (ConfUtils.java:logGet(44)) - raft.rpc.type = GRPC (default)
2022-02-01 13:05:55,890 [Listener at 127.0.0.1/38443] INFO  grpc.GrpcFactory (GrpcFactory.java:checkPooledByteBufAllocatorUseCacheForAllThreads(48)) - PERFORMANCE WARNING: useCacheForAllThreads is true that may cause Netty to create a lot garbage objects and, as a result, trigger GC.
	It is recommended to disable useCacheForAllThreads by setting -Dorg.apache.ratis.thirdparty.io.netty.allocator.useCacheForAllThreads=false in command line.
2022-02-01 13:05:55,898 [Listener at 127.0.0.1/38443] INFO  grpc.GrpcConfigKeys (ConfUtils.java:logGet(44)) - raft.grpc.admin.port = 0 (custom)
2022-02-01 13:05:55,898 [Listener at 127.0.0.1/38443] INFO  grpc.GrpcConfigKeys (ConfUtils.java:logGet(44)) - raft.grpc.client.port = 0 (custom)
2022-02-01 13:05:55,898 [Listener at 127.0.0.1/38443] INFO  grpc.GrpcConfigKeys (ConfUtils.java:logGet(44)) - raft.grpc.server.port = 0 (default)
2022-02-01 13:05:55,898 [Listener at 127.0.0.1/38443] INFO  server.GrpcService (ConfUtils.java:logGet(44)) - raft.grpc.message.size.max = 32MB (=33554432) (custom)
2022-02-01 13:05:55,898 [Listener at 127.0.0.1/38443] INFO  server.RaftServerConfigKeys (ConfUtils.java:logGet(44)) - raft.server.log.appender.buffer.byte-limit = 33554432 (custom)
2022-02-01 13:05:55,898 [Listener at 127.0.0.1/38443] INFO  server.GrpcService (ConfUtils.java:logGet(44)) - raft.grpc.flow.control.window = 5MB (=5242880) (custom)
2022-02-01 13:05:55,898 [Listener at 127.0.0.1/38443] INFO  server.RaftServerConfigKeys (ConfUtils.java:logGet(44)) - raft.server.rpc.request.timeout = 60s (custom)
2022-02-01 13:05:55,906 [Listener at 127.0.0.1/38443] INFO  impl.DataStreamServerImpl (ConfUtils.java:logGet(44)) - raft.datastream.type = DISABLED (default)
2022-02-01 13:05:55,906 [Listener at 127.0.0.1/38443] INFO  server.RaftServerConfigKeys (ConfUtils.java:logGet(44)) - raft.server.rpc.slowness.timeout = 300s (custom)
2022-02-01 13:05:55,906 [Listener at 127.0.0.1/38443] INFO  server.RaftServerConfigKeys (ConfUtils.java:logGet(44)) - raft.server.leaderelection.leader.step-down.wait-time = 10s (default)
2022-02-01 13:05:55,907 [Listener at 127.0.0.1/38443] INFO  server.RaftServerConfigKeys (ConfUtils.java:logGet(44)) - raft.server.storage.dir = [/home/runner/work/ozone/ozone/hadoop-ozone/integration-test/target/test-dir/MiniOzoneClusterImpl-8a3c48c2-e56b-48f6-9d69-6421286ed0f4/datanode-1/data/ratis] (custom)
2022-02-01 13:05:55,908 [Listener at 127.0.0.1/38443] INFO  server.XceiverServerGrpc (XceiverServerGrpc.java:<init>(132)) - GrpcServer channel type EpollServerSocketChannel
2022-02-01 13:05:55,925 [Listener at 127.0.0.1/38443] INFO  http.BaseHttpServer (BaseHttpServer.java:newHttpServer2BuilderForOzone(209)) - Starting Web-server for hddsDatanode at: http://0.0.0.0:0
2022-02-01 13:05:55,925 [Listener at 127.0.0.1/38443] INFO  http.BaseHttpServer (BaseHttpServer.java:<init>(107)) - Hadoop Security Enabled: false Ozone Security Enabled: false Ozone HTTP Security Enabled: false 
2022-02-01 13:05:55,926 [Listener at 127.0.0.1/38443] INFO  server.AuthenticationFilter (AuthenticationFilter.java:constructSecretProvider(240)) - Unable to initialize FileSignerSecretProvider, falling back to use random secrets.
2022-02-01 13:05:55,940 [Listener at 127.0.0.1/38443] WARN  http.HttpRequestLog (HttpRequestLog.java:getRequestLog(103)) - Jetty request log can only be enabled using Log4j
2022-02-01 13:05:55,940 [Listener at 127.0.0.1/38443] INFO  http.HttpServer2 (HttpServer2.java:addGlobalFilter(1030)) - Added global filter 'safety' (class=org.apache.hadoop.hdds.server.http.HttpServer2$QuotingInputFilter)
2022-02-01 13:05:55,941 [Listener at 127.0.0.1/38443] INFO  http.HttpServer2 (HttpServer2.java:addFilter(1006)) - Added filter static_user_filter (class=org.apache.hadoop.http.lib.StaticUserWebFilter$StaticUserFilter) to context hddsDatanode
2022-02-01 13:05:55,941 [Listener at 127.0.0.1/38443] INFO  http.HttpServer2 (HttpServer2.java:addFilter(1014)) - Added filter static_user_filter (class=org.apache.hadoop.http.lib.StaticUserWebFilter$StaticUserFilter) to context static
2022-02-01 13:05:55,941 [Listener at 127.0.0.1/38443] INFO  http.HttpServer2 (HttpServer2.java:addFilter(1014)) - Added filter static_user_filter (class=org.apache.hadoop.http.lib.StaticUserWebFilter$StaticUserFilter) to context logs
2022-02-01 13:05:55,941 [Listener at 127.0.0.1/38443] INFO  http.HttpServer2 (HttpServer2.java:bindListener(1249)) - Jetty bound to port 36765
2022-02-01 13:05:55,942 [Listener at 127.0.0.1/38443] INFO  server.Server (Server.java:doStart(375)) - jetty-9.4.43.v20210629; built: 2021-06-30T11:07:22.254Z; git: 526006ecfa3af7f1a27ef3a288e2bef7ea9dd7e8; jvm 1.8.0_312-b07
2022-02-01 13:05:55,943 [Listener at 127.0.0.1/38443] INFO  server.session (DefaultSessionIdManager.java:doStart(334)) - DefaultSessionIdManager workerName=node0
2022-02-01 13:05:55,944 [Listener at 127.0.0.1/38443] INFO  server.session (DefaultSessionIdManager.java:doStart(339)) - No SessionScavenger set, using defaults
2022-02-01 13:05:55,944 [Listener at 127.0.0.1/38443] INFO  server.session (HouseKeeper.java:startScavenging(132)) - node0 Scavenging every 660000ms
2022-02-01 13:05:55,954 [Listener at 127.0.0.1/38443] INFO  handler.ContextHandler (ContextHandler.java:doStart(915)) - Started o.e.j.s.ServletContextHandler@86dfb7f{logs,/logs,file:///home/runner/work/ozone/ozone/hadoop-ozone/integration-test/target/log,AVAILABLE}
2022-02-01 13:05:55,954 [Listener at 127.0.0.1/38443] INFO  handler.ContextHandler (ContextHandler.java:doStart(915)) - Started o.e.j.s.ServletContextHandler@6ebd637c{static,/static,jar:file:/home/runner/.m2/repository/org/apache/ozone/hdds-container-service/1.3.0-SNAPSHOT/hdds-container-service-1.3.0-SNAPSHOT.jar!/webapps/static,AVAILABLE}
2022-02-01 13:05:56,045 [Listener at 127.0.0.1/38443] INFO  handler.ContextHandler (ContextHandler.java:doStart(915)) - Started o.e.j.w.WebAppContext@4e961256{hddsDatanode,/,file:///tmp/jetty-0_0_0_0-36765-hdds-container-service-1_3_0-SNAPSHOT_jar-_-any-4998128358816682461/webapp/,AVAILABLE}{jar:file:/home/runner/.m2/repository/org/apache/ozone/hdds-container-service/1.3.0-SNAPSHOT/hdds-container-service-1.3.0-SNAPSHOT.jar!/webapps/hddsDatanode}
2022-02-01 13:05:56,046 [Listener at 127.0.0.1/38443] INFO  server.AbstractConnector (AbstractConnector.java:doStart(331)) - Started ServerConnector@5aade275{HTTP/1.1, (http/1.1)}{0.0.0.0:36765}
2022-02-01 13:05:56,046 [Listener at 127.0.0.1/38443] INFO  server.Server (Server.java:doStart(415)) - Started @97308ms
2022-02-01 13:05:56,046 [Listener at 127.0.0.1/38443] WARN  impl.MetricsSystemImpl (MetricsSystemImpl.java:register(279)) - Sink prometheus already exists!
2022-02-01 13:05:56,048 [Listener at 127.0.0.1/38443] INFO  http.BaseHttpServer (BaseHttpServer.java:updateConnectorAddress(329)) - HTTP server of hddsDatanode listening at http://0.0.0.0:36765
2022-02-01 13:05:56,050 [Datanode State Machine Daemon Thread] INFO  statemachine.DatanodeStateMachine (DatanodeStateMachine.java:lambda$startDaemon$0(470)) - Ozone container server started.
2022-02-01 13:05:56,050 [Listener at 127.0.0.1/38443] WARN  impl.MetricRegistriesImpl (MetricRegistriesImpl.java:addReporterRegistration(111)) - New reporters are added after registries were created. Some metrics will be missing from the reporter. Please add reporter before adding any new registry.
2022-02-01 13:05:56,053 [Listener at 127.0.0.1/38443] WARN  impl.MetricRegistriesImpl (MetricRegistriesImpl.java:addReporterRegistration(111)) - New reporters are added after registries were created. Some metrics will be missing from the reporter. Please add reporter before adding any new registry.
2022-02-01 13:05:56,053 [Listener at 127.0.0.1/38443] INFO  impl.MetricsSystemImpl (MetricsSystemImpl.java:init(158)) - HddsDatanode metrics system started (again)
2022-02-01 13:05:56,064 [org.apache.hadoop.util.JvmPauseMonitor$Monitor@1177d8c8] INFO  util.JvmPauseMonitor (JvmPauseMonitor.java:run(188)) - Starting JVM pause monitor
2022-02-01 13:05:56,091 [Listener at 127.0.0.1/38443] INFO  ozone.HddsDatanodeService (HddsDatanodeService.java:start(234)) - HddsDatanodeService host:fv-az59-591.csjynl4pkq3e1pkirw3ssqjfoh.cx.internal.cloudapp.net ip:10.1.0.40
2022-02-01 13:05:56,097 [Datanode State Machine Task Thread - 0] INFO  datanode.InitDatanodeState (InitDatanodeState.java:persistContainerDatanodeDetails(145)) - DatanodeDetails is persisted to /home/runner/work/ozone/ozone/hadoop-ozone/integration-test/target/test-dir/MiniOzoneClusterImpl-8a3c48c2-e56b-48f6-9d69-6421286ed0f4/datanode-1/meta/datanode.id
2022-02-01 13:05:56,136 [Listener at 127.0.0.1/38443] INFO  upgrade.AbstractLayoutVersionManager (AbstractLayoutVersionManager.java:init(79)) - Initializing Layout version manager with metadata layout = SCM_HA (version = 2), software layout = SCM_HA (version = 2)
2022-02-01 13:05:56,209 [Listener at 127.0.0.1/38443] INFO  reflections.Reflections (Reflections.java:scan(232)) - Reflections took 72 ms to scan 7 urls, producing 119 keys and 279 values 
2022-02-01 13:05:56,214 [Listener at 127.0.0.1/38443] INFO  statemachine.DatanodeStateMachine (DatanodeStateMachine.java:getEndPointTaskThreadPoolSize(222)) - Datanode State Machine Task Thread Pool size 2
2022-02-01 13:05:56,218 [Listener at 127.0.0.1/38443] INFO  volume.HddsVolume (HddsVolume.java:<init>(120)) - Creating HddsVolume: /home/runner/work/ozone/ozone/hadoop-ozone/integration-test/target/test-dir/MiniOzoneClusterImpl-8a3c48c2-e56b-48f6-9d69-6421286ed0f4/datanode-2/data-0/containers/hdds of storage type : DISK capacity : 9223372036854775807
2022-02-01 13:05:56,222 [Listener at 127.0.0.1/38443] INFO  volume.MutableVolumeSet (MutableVolumeSet.java:initializeVolumeSet(168)) - Added Volume : /home/runner/work/ozone/ozone/hadoop-ozone/integration-test/target/test-dir/MiniOzoneClusterImpl-8a3c48c2-e56b-48f6-9d69-6421286ed0f4/datanode-2/data-0/containers/hdds to VolumeSet
2022-02-01 13:05:56,222 [Listener at 127.0.0.1/38443] INFO  volume.ThrottledAsyncChecker (ThrottledAsyncChecker.java:schedule(141)) - Scheduling a check for /home/runner/work/ozone/ozone/hadoop-ozone/integration-test/target/test-dir/MiniOzoneClusterImpl-8a3c48c2-e56b-48f6-9d69-6421286ed0f4/datanode-2/data-0/containers/hdds
2022-02-01 13:05:56,242 [Listener at 127.0.0.1/38443] INFO  volume.StorageVolumeChecker (StorageVolumeChecker.java:checkAllVolumes(202)) - Scheduled health check for volume /home/runner/work/ozone/ozone/hadoop-ozone/integration-test/target/test-dir/MiniOzoneClusterImpl-8a3c48c2-e56b-48f6-9d69-6421286ed0f4/datanode-2/data-0/containers/hdds
2022-02-01 13:05:56,253 [Listener at 127.0.0.1/38443] INFO  volume.MutableVolumeSet (MutableVolumeSet.java:initializeVolumeSet(168)) - Added Volume : /home/runner/work/ozone/ozone/hadoop-ozone/integration-test/target/test-dir/MiniOzoneClusterImpl-8a3c48c2-e56b-48f6-9d69-6421286ed0f4/datanode-2/data/ratis to VolumeSet
2022-02-01 13:05:56,269 [Listener at 127.0.0.1/38443] INFO  volume.ThrottledAsyncChecker (ThrottledAsyncChecker.java:schedule(141)) - Scheduling a check for /home/runner/work/ozone/ozone/hadoop-ozone/integration-test/target/test-dir/MiniOzoneClusterImpl-8a3c48c2-e56b-48f6-9d69-6421286ed0f4/datanode-2/data/ratis
2022-02-01 13:05:56,269 [Listener at 127.0.0.1/38443] INFO  volume.StorageVolumeChecker (StorageVolumeChecker.java:checkAllVolumes(202)) - Scheduled health check for volume /home/runner/work/ozone/ozone/hadoop-ozone/integration-test/target/test-dir/MiniOzoneClusterImpl-8a3c48c2-e56b-48f6-9d69-6421286ed0f4/datanode-2/data/ratis
2022-02-01 13:05:56,294 [om1@group-C5BA1605619E-FollowerState] INFO  impl.FollowerState (FollowerState.java:run(134)) - om1@group-C5BA1605619E-FollowerState: change to CANDIDATE, lastRpcElapsedTime:1178954026ns, electionTimeout:1164ms
2022-02-01 13:05:56,294 [om1@group-C5BA1605619E-FollowerState] INFO  impl.RoleInfo (RoleInfo.java:shutdownFollowerState(108)) - om1: shutdown om1@group-C5BA1605619E-FollowerState
2022-02-01 13:05:56,294 [om1@group-C5BA1605619E-FollowerState] INFO  server.RaftServer$Division (RaftServerImpl.java:setRole(290)) - om1@group-C5BA1605619E: changes role from  FOLLOWER to CANDIDATE at term 0 for changeToCandidate
2022-02-01 13:05:56,294 [om1@group-C5BA1605619E-FollowerState] INFO  server.RaftServerConfigKeys (ConfUtils.java:logGet(44)) - raft.server.leaderelection.pre-vote = false (custom)
2022-02-01 13:05:56,294 [om1@group-C5BA1605619E-FollowerState] INFO  impl.RoleInfo (RoleInfo.java:updateAndGet(130)) - om1: start om1@group-C5BA1605619E-LeaderElection17
2022-02-01 13:05:56,319 [Thread-571] INFO  ozoneimpl.ContainerReader (ContainerReader.java:readVolume(172)) - Finish verifying containers on volume /home/runner/work/ozone/ozone/hadoop-ozone/integration-test/target/test-dir/MiniOzoneClusterImpl-8a3c48c2-e56b-48f6-9d69-6421286ed0f4/datanode-2/data-0/containers/hdds
2022-02-01 13:05:56,319 [om1@group-C5BA1605619E-LeaderElection17] INFO  impl.LeaderElection (LeaderElection.java:askForVotes(306)) - om1@group-C5BA1605619E-LeaderElection17 ELECTION round 0: submit vote requests at term 1 for -1: [om1|rpc:localhost:9872|priority:0], old=null
2022-02-01 13:05:56,319 [om1@group-C5BA1605619E-LeaderElection17] INFO  impl.LeaderElection (LeaderElection.java:askForVotes(308)) - om1@group-C5BA1605619E-LeaderElection17 ELECTION round 0: result PASSED (term=1)
2022-02-01 13:05:56,319 [om1@group-C5BA1605619E-LeaderElection17] INFO  impl.RoleInfo (RoleInfo.java:shutdownLeaderElection(121)) - om1: shutdown om1@group-C5BA1605619E-LeaderElection17
2022-02-01 13:05:56,319 [om1@group-C5BA1605619E-LeaderElection17] INFO  server.RaftServer$Division (RaftServerImpl.java:setRole(290)) - om1@group-C5BA1605619E: changes role from CANDIDATE to LEADER at term 1 for changeToLeader
2022-02-01 13:05:56,319 [om1@group-C5BA1605619E-LeaderElection17] INFO  server.RaftServer$Division (ServerState.java:setLeader(285)) - om1@group-C5BA1605619E: change Leader from null to om1 at term 1 for becomeLeader, leader elected after 1277ms
2022-02-01 13:05:56,319 [om1@group-C5BA1605619E-LeaderElection17] INFO  server.RaftServerConfigKeys (ConfUtils.java:logGet(44)) - raft.server.staging.catchup.gap = 1000 (default)
2022-02-01 13:05:56,320 [om1@group-C5BA1605619E-LeaderElection17] INFO  server.RaftServerConfigKeys (ConfUtils.java:logGet(44)) - raft.server.write.element-limit = 4096 (default)
2022-02-01 13:05:56,320 [om1@group-C5BA1605619E-LeaderElection17] INFO  server.RaftServerConfigKeys (ConfUtils.java:logGet(44)) - raft.server.write.byte-limit = 64MB (=67108864) (default)
2022-02-01 13:05:56,320 [om1@group-C5BA1605619E-LeaderElection17] INFO  server.RaftServerConfigKeys (ConfUtils.java:logGet(44)) - raft.server.watch.timeout = 10s (default)
2022-02-01 13:05:56,320 [om1@group-C5BA1605619E-LeaderElection17] INFO  server.RaftServerConfigKeys (ConfUtils.java:logGet(44)) - raft.server.watch.timeout.denomination = 1s (default)
2022-02-01 13:05:56,320 [om1@group-C5BA1605619E-LeaderElection17] INFO  server.RaftServerConfigKeys (ConfUtils.java:logGet(44)) - raft.server.watch.element-limit = 65536 (default)
2022-02-01 13:05:56,320 [om1@group-C5BA1605619E-LeaderElection17] INFO  server.RaftServerConfigKeys (ConfUtils.java:logGet(44)) - raft.server.write.element-limit = 4096 (default)
2022-02-01 13:05:56,321 [om1@group-C5BA1605619E-LeaderElection17] INFO  server.RaftServerConfigKeys (ConfUtils.java:logGet(44)) - raft.server.write.follower.gap.ratio.max = -1.0 (default)
2022-02-01 13:05:56,321 [om1@group-C5BA1605619E-LeaderElection17] INFO  impl.RoleInfo (RoleInfo.java:updateAndGet(130)) - om1: start om1@group-C5BA1605619E-LeaderStateImpl
2022-02-01 13:05:56,321 [om1@group-C5BA1605619E-LeaderElection17] INFO  segmented.SegmentedRaftLogWorker (SegmentedRaftLogWorker.java:startLogSegment(394)) - om1@group-C5BA1605619E-SegmentedRaftLogWorker: Starting segment from index:0
2022-02-01 13:05:56,332 [om1@group-C5BA1605619E-SegmentedRaftLogWorker] INFO  segmented.SegmentedRaftLogWorker (SegmentedRaftLogWorker.java:execute(601)) - om1@group-C5BA1605619E-SegmentedRaftLogWorker: created new log segment /home/runner/work/ozone/ozone/hadoop-ozone/integration-test/target/test-dir/MiniOzoneClusterImpl-8a3c48c2-e56b-48f6-9d69-6421286ed0f4/ozone-meta/ratis/bf265839-605b-3f16-9796-c5ba1605619e/current/log_inprogress_0
2022-02-01 13:05:56,337 [om1@group-C5BA1605619E-LeaderElection17] INFO  server.RaftServer$Division (ServerState.java:setRaftConf(387)) - om1@group-C5BA1605619E: set configuration 0: [om1|rpc:localhost:9872|admin:|client:|dataStream:|priority:0], old=null
2022-02-01 13:05:56,337 [Listener at 127.0.0.1/38443] INFO  ozoneimpl.OzoneContainer (OzoneContainer.java:buildContainerSet(237)) - Build ContainerSet costs 0s
2022-02-01 13:05:56,340 [Listener at 127.0.0.1/38443] INFO  server.RaftServer (ConfUtils.java:logGet(44)) - raft.rpc.type = GRPC (default)
2022-02-01 13:05:56,340 [Listener at 127.0.0.1/38443] INFO  grpc.GrpcFactory (GrpcFactory.java:checkPooledByteBufAllocatorUseCacheForAllThreads(48)) - PERFORMANCE WARNING: useCacheForAllThreads is true that may cause Netty to create a lot garbage objects and, as a result, trigger GC.
	It is recommended to disable useCacheForAllThreads by setting -Dorg.apache.ratis.thirdparty.io.netty.allocator.useCacheForAllThreads=false in command line.
2022-02-01 13:05:56,340 [Listener at 127.0.0.1/38443] INFO  grpc.GrpcConfigKeys (ConfUtils.java:logGet(44)) - raft.grpc.admin.port = 0 (custom)
2022-02-01 13:05:56,340 [Listener at 127.0.0.1/38443] INFO  grpc.GrpcConfigKeys (ConfUtils.java:logGet(44)) - raft.grpc.client.port = 0 (custom)
2022-02-01 13:05:56,340 [Listener at 127.0.0.1/38443] INFO  grpc.GrpcConfigKeys (ConfUtils.java:logGet(44)) - raft.grpc.server.port = 0 (default)
2022-02-01 13:05:56,340 [Listener at 127.0.0.1/38443] INFO  server.GrpcService (ConfUtils.java:logGet(44)) - raft.grpc.message.size.max = 32MB (=33554432) (custom)
2022-02-01 13:05:56,340 [Listener at 127.0.0.1/38443] INFO  server.RaftServerConfigKeys (ConfUtils.java:logGet(44)) - raft.server.log.appender.buffer.byte-limit = 33554432 (custom)
2022-02-01 13:05:56,340 [Listener at 127.0.0.1/38443] INFO  server.GrpcService (ConfUtils.java:logGet(44)) - raft.grpc.flow.control.window = 5MB (=5242880) (custom)
2022-02-01 13:05:56,340 [Listener at 127.0.0.1/38443] INFO  server.RaftServerConfigKeys (ConfUtils.java:logGet(44)) - raft.server.rpc.request.timeout = 60s (custom)
2022-02-01 13:05:56,342 [Listener at 127.0.0.1/38443] INFO  impl.DataStreamServerImpl (ConfUtils.java:logGet(44)) - raft.datastream.type = DISABLED (default)
2022-02-01 13:05:56,342 [Listener at 127.0.0.1/38443] INFO  server.RaftServerConfigKeys (ConfUtils.java:logGet(44)) - raft.server.rpc.slowness.timeout = 300s (custom)
2022-02-01 13:05:56,342 [Listener at 127.0.0.1/38443] INFO  server.RaftServerConfigKeys (ConfUtils.java:logGet(44)) - raft.server.leaderelection.leader.step-down.wait-time = 10s (default)
2022-02-01 13:05:56,342 [Listener at 127.0.0.1/38443] INFO  server.RaftServerConfigKeys (ConfUtils.java:logGet(44)) - raft.server.storage.dir = [/home/runner/work/ozone/ozone/hadoop-ozone/integration-test/target/test-dir/MiniOzoneClusterImpl-8a3c48c2-e56b-48f6-9d69-6421286ed0f4/datanode-2/data/ratis] (custom)
2022-02-01 13:05:56,343 [Listener at 127.0.0.1/38443] INFO  server.XceiverServerGrpc (XceiverServerGrpc.java:<init>(132)) - GrpcServer channel type EpollServerSocketChannel
2022-02-01 13:05:56,355 [om1@group-C5BA1605619E-StateMachineUpdater] INFO  ratis.OzoneManagerStateMachine (OzoneManagerStateMachine.java:notifyConfigurationChanged(188)) - Received Configuration change notification from Ratis. New Peer list:
[id: "om1"
address: "localhost:9872"
]
2022-02-01 13:05:56,355 [Listener at 127.0.0.1/38443] INFO  http.BaseHttpServer (BaseHttpServer.java:newHttpServer2BuilderForOzone(209)) - Starting Web-server for hddsDatanode at: http://0.0.0.0:0
2022-02-01 13:05:56,362 [Listener at 127.0.0.1/38443] INFO  http.BaseHttpServer (BaseHttpServer.java:<init>(107)) - Hadoop Security Enabled: false Ozone Security Enabled: false Ozone HTTP Security Enabled: false 
2022-02-01 13:05:56,363 [Listener at 127.0.0.1/38443] INFO  server.AuthenticationFilter (AuthenticationFilter.java:constructSecretProvider(240)) - Unable to initialize FileSignerSecretProvider, falling back to use random secrets.
2022-02-01 13:05:56,374 [Listener at 127.0.0.1/38443] WARN  http.HttpRequestLog (HttpRequestLog.java:getRequestLog(103)) - Jetty request log can only be enabled using Log4j
2022-02-01 13:05:56,375 [Listener at 127.0.0.1/38443] INFO  http.HttpServer2 (HttpServer2.java:addGlobalFilter(1030)) - Added global filter 'safety' (class=org.apache.hadoop.hdds.server.http.HttpServer2$QuotingInputFilter)
2022-02-01 13:05:56,375 [Listener at 127.0.0.1/38443] INFO  http.HttpServer2 (HttpServer2.java:addFilter(1006)) - Added filter static_user_filter (class=org.apache.hadoop.http.lib.StaticUserWebFilter$StaticUserFilter) to context hddsDatanode
2022-02-01 13:05:56,375 [Listener at 127.0.0.1/38443] INFO  http.HttpServer2 (HttpServer2.java:addFilter(1014)) - Added filter static_user_filter (class=org.apache.hadoop.http.lib.StaticUserWebFilter$StaticUserFilter) to context static
2022-02-01 13:05:56,375 [Listener at 127.0.0.1/38443] INFO  http.HttpServer2 (HttpServer2.java:addFilter(1014)) - Added filter static_user_filter (class=org.apache.hadoop.http.lib.StaticUserWebFilter$StaticUserFilter) to context logs
2022-02-01 13:05:56,379 [Listener at 127.0.0.1/38443] INFO  http.HttpServer2 (HttpServer2.java:bindListener(1249)) - Jetty bound to port 42587
2022-02-01 13:05:56,379 [Listener at 127.0.0.1/38443] INFO  server.Server (Server.java:doStart(375)) - jetty-9.4.43.v20210629; built: 2021-06-30T11:07:22.254Z; git: 526006ecfa3af7f1a27ef3a288e2bef7ea9dd7e8; jvm 1.8.0_312-b07
2022-02-01 13:05:56,430 [Listener at 127.0.0.1/38443] INFO  server.session (DefaultSessionIdManager.java:doStart(334)) - DefaultSessionIdManager workerName=node0
2022-02-01 13:05:56,430 [Listener at 127.0.0.1/38443] INFO  server.session (DefaultSessionIdManager.java:doStart(339)) - No SessionScavenger set, using defaults
2022-02-01 13:05:56,430 [Listener at 127.0.0.1/38443] INFO  server.session (HouseKeeper.java:startScavenging(132)) - node0 Scavenging every 660000ms
2022-02-01 13:05:56,438 [Listener at 127.0.0.1/38443] INFO  handler.ContextHandler (ContextHandler.java:doStart(915)) - Started o.e.j.s.ServletContextHandler@6dd23b5a{logs,/logs,file:///home/runner/work/ozone/ozone/hadoop-ozone/integration-test/target/log,AVAILABLE}
2022-02-01 13:05:56,442 [Listener at 127.0.0.1/38443] INFO  handler.ContextHandler (ContextHandler.java:doStart(915)) - Started o.e.j.s.ServletContextHandler@685edf3f{static,/static,jar:file:/home/runner/.m2/repository/org/apache/ozone/hdds-container-service/1.3.0-SNAPSHOT/hdds-container-service-1.3.0-SNAPSHOT.jar!/webapps/static,AVAILABLE}
2022-02-01 13:05:56,532 [Listener at 127.0.0.1/38443] INFO  handler.ContextHandler (ContextHandler.java:doStart(915)) - Started o.e.j.w.WebAppContext@2db75f54{hddsDatanode,/,file:///tmp/jetty-0_0_0_0-42587-hdds-container-service-1_3_0-SNAPSHOT_jar-_-any-1075577155034820379/webapp/,AVAILABLE}{jar:file:/home/runner/.m2/repository/org/apache/ozone/hdds-container-service/1.3.0-SNAPSHOT/hdds-container-service-1.3.0-SNAPSHOT.jar!/webapps/hddsDatanode}
2022-02-01 13:05:56,534 [Listener at 127.0.0.1/38443] INFO  server.AbstractConnector (AbstractConnector.java:doStart(331)) - Started ServerConnector@2196d5ab{HTTP/1.1, (http/1.1)}{0.0.0.0:42587}
2022-02-01 13:05:56,534 [Listener at 127.0.0.1/38443] INFO  server.Server (Server.java:doStart(415)) - Started @97796ms
2022-02-01 13:05:56,534 [Listener at 127.0.0.1/38443] WARN  impl.MetricsSystemImpl (MetricsSystemImpl.java:register(279)) - Sink prometheus already exists!
2022-02-01 13:05:56,537 [Listener at 127.0.0.1/38443] INFO  http.BaseHttpServer (BaseHttpServer.java:updateConnectorAddress(329)) - HTTP server of hddsDatanode listening at http://0.0.0.0:42587
2022-02-01 13:05:56,538 [Listener at 127.0.0.1/38443] INFO  ozone.MiniOzoneClusterImpl (MiniOzoneClusterImpl.java:lambda$waitForClusterToBeReady$0(219)) - Waiting for nodes to be ready. Got 0 of 3 DN Heartbeats.
2022-02-01 13:05:56,538 [Listener at 127.0.0.1/38443] INFO  ozone.MiniOzoneClusterImpl (MiniOzoneClusterImpl.java:lambda$waitForClusterToBeReady$0(222)) - Waiting for cluster to exit safe mode
2022-02-01 13:05:56,538 [Listener at 127.0.0.1/38443] INFO  ozone.MiniOzoneClusterImpl (MiniOzoneClusterImpl.java:lambda$waitForClusterToBeReady$0(224)) - SCM became leader
2022-02-01 13:05:56,538 [Datanode State Machine Daemon Thread] INFO  statemachine.DatanodeStateMachine (DatanodeStateMachine.java:lambda$startDaemon$0(470)) - Ozone container server started.
2022-02-01 13:05:56,622 [org.apache.hadoop.util.JvmPauseMonitor$Monitor@607ddffa] INFO  util.JvmPauseMonitor (JvmPauseMonitor.java:run(188)) - Starting JVM pause monitor
2022-02-01 13:05:56,637 [Datanode State Machine Task Thread - 0] INFO  datanode.InitDatanodeState (InitDatanodeState.java:persistContainerDatanodeDetails(145)) - DatanodeDetails is persisted to /home/runner/work/ozone/ozone/hadoop-ozone/integration-test/target/test-dir/MiniOzoneClusterImpl-8a3c48c2-e56b-48f6-9d69-6421286ed0f4/datanode-2/meta/datanode.id
2022-02-01 13:05:57,538 [Listener at 127.0.0.1/38443] INFO  ozone.MiniOzoneClusterImpl (MiniOzoneClusterImpl.java:lambda$waitForClusterToBeReady$0(219)) - Waiting for nodes to be ready. Got 0 of 3 DN Heartbeats.
2022-02-01 13:05:57,539 [Listener at 127.0.0.1/38443] INFO  ozone.MiniOzoneClusterImpl (MiniOzoneClusterImpl.java:lambda$waitForClusterToBeReady$0(222)) - Waiting for cluster to exit safe mode
2022-02-01 13:05:57,539 [Listener at 127.0.0.1/38443] INFO  ozone.MiniOzoneClusterImpl (MiniOzoneClusterImpl.java:lambda$waitForClusterToBeReady$0(224)) - SCM became leader
2022-02-01 13:05:57,727 [EndpointStateMachine task thread for /0.0.0.0:38243 - 0 ] INFO  ozoneimpl.OzoneContainer (OzoneContainer.java:start(315)) - Attempting to start container services.
2022-02-01 13:05:57,727 [EndpointStateMachine task thread for /0.0.0.0:38243 - 0 ] INFO  ozoneimpl.OzoneContainer (OzoneContainer.java:startContainerScrub(250)) - Background container scanner has been disabled.
2022-02-01 13:05:57,728 [EndpointStateMachine task thread for /0.0.0.0:38243 - 0 ] INFO  replication.ReplicationServer (ReplicationServer.java:start(111)) - ReplicationServer is started using port 39437
2022-02-01 13:05:57,729 [EndpointStateMachine task thread for /0.0.0.0:38243 - 0 ] INFO  ratis.XceiverServerRatis (XceiverServerRatis.java:start(484)) - Starting XceiverServerRatis fdc21d65-1155-4ddf-a802-c6738f3821ca
2022-02-01 13:05:57,729 [EndpointStateMachine task thread for /0.0.0.0:38243 - 0 ] INFO  server.RaftServer (RaftServerProxy.java:lambda$start$5(374)) - fdc21d65-1155-4ddf-a802-c6738f3821ca: start RPC server
2022-02-01 13:05:57,734 [EndpointStateMachine task thread for /0.0.0.0:38243 - 0 ] INFO  server.GrpcService (GrpcService.java:startImpl(253)) - fdc21d65-1155-4ddf-a802-c6738f3821ca: GrpcService started, listening on 44045
2022-02-01 13:05:57,738 [EndpointStateMachine task thread for /0.0.0.0:38243 - 0 ] INFO  ratis.XceiverServerRatis (XceiverServerRatis.java:getRealPort(505)) - XceiverServerRatis fdc21d65-1155-4ddf-a802-c6738f3821ca is started using port 44045 for RATIS
2022-02-01 13:05:57,738 [EndpointStateMachine task thread for /0.0.0.0:38243 - 0 ] INFO  ratis.XceiverServerRatis (XceiverServerRatis.java:getRealPort(505)) - XceiverServerRatis fdc21d65-1155-4ddf-a802-c6738f3821ca is started using port 44045 for RATIS_ADMIN
2022-02-01 13:05:57,738 [EndpointStateMachine task thread for /0.0.0.0:38243 - 0 ] INFO  ratis.XceiverServerRatis (XceiverServerRatis.java:getRealPort(505)) - XceiverServerRatis fdc21d65-1155-4ddf-a802-c6738f3821ca is started using port 44045 for RATIS_SERVER
2022-02-01 13:05:57,738 [org.apache.ratis.util.JvmPauseMonitor$$Lambda$431/624767945@db047c2] INFO  util.JvmPauseMonitor (JvmPauseMonitor.java:run(103)) - JvmPauseMonitor-fdc21d65-1155-4ddf-a802-c6738f3821ca: Started
2022-02-01 13:05:57,751 [EndpointStateMachine task thread for /0.0.0.0:38243 - 0 ] INFO  server.XceiverServerGrpc (XceiverServerGrpc.java:start(180)) - XceiverServerGrpc fdc21d65-1155-4ddf-a802-c6738f3821ca is started using port 36627
2022-02-01 13:05:58,088 [EndpointStateMachine task thread for /0.0.0.0:38243 - 0 ] INFO  ozoneimpl.OzoneContainer (OzoneContainer.java:start(315)) - Attempting to start container services.
2022-02-01 13:05:58,088 [EndpointStateMachine task thread for /0.0.0.0:38243 - 0 ] INFO  ozoneimpl.OzoneContainer (OzoneContainer.java:startContainerScrub(250)) - Background container scanner has been disabled.
2022-02-01 13:05:58,089 [EndpointStateMachine task thread for /0.0.0.0:38243 - 0 ] INFO  replication.ReplicationServer (ReplicationServer.java:start(111)) - ReplicationServer is started using port 46781
2022-02-01 13:05:58,089 [EndpointStateMachine task thread for /0.0.0.0:38243 - 0 ] INFO  ratis.XceiverServerRatis (XceiverServerRatis.java:start(484)) - Starting XceiverServerRatis 0a485a2f-0ff7-4195-9566-1226e5634ef5
2022-02-01 13:05:58,090 [EndpointStateMachine task thread for /0.0.0.0:38243 - 0 ] INFO  server.RaftServer (RaftServerProxy.java:lambda$start$5(374)) - 0a485a2f-0ff7-4195-9566-1226e5634ef5: start RPC server
2022-02-01 13:05:58,091 [EndpointStateMachine task thread for /0.0.0.0:38243 - 0 ] INFO  server.GrpcService (GrpcService.java:startImpl(253)) - 0a485a2f-0ff7-4195-9566-1226e5634ef5: GrpcService started, listening on 41187
2022-02-01 13:05:58,092 [EndpointStateMachine task thread for /0.0.0.0:38243 - 0 ] INFO  ratis.XceiverServerRatis (XceiverServerRatis.java:getRealPort(505)) - XceiverServerRatis 0a485a2f-0ff7-4195-9566-1226e5634ef5 is started using port 41187 for RATIS
2022-02-01 13:05:58,092 [EndpointStateMachine task thread for /0.0.0.0:38243 - 0 ] INFO  ratis.XceiverServerRatis (XceiverServerRatis.java:getRealPort(505)) - XceiverServerRatis 0a485a2f-0ff7-4195-9566-1226e5634ef5 is started using port 41187 for RATIS_ADMIN
2022-02-01 13:05:58,092 [EndpointStateMachine task thread for /0.0.0.0:38243 - 0 ] INFO  ratis.XceiverServerRatis (XceiverServerRatis.java:getRealPort(505)) - XceiverServerRatis 0a485a2f-0ff7-4195-9566-1226e5634ef5 is started using port 41187 for RATIS_SERVER
2022-02-01 13:05:58,093 [org.apache.ratis.util.JvmPauseMonitor$$Lambda$431/624767945@15b8d463] INFO  util.JvmPauseMonitor (JvmPauseMonitor.java:run(103)) - JvmPauseMonitor-0a485a2f-0ff7-4195-9566-1226e5634ef5: Started
2022-02-01 13:05:58,098 [EndpointStateMachine task thread for /0.0.0.0:38243 - 0 ] INFO  server.XceiverServerGrpc (XceiverServerGrpc.java:start(180)) - XceiverServerGrpc 0a485a2f-0ff7-4195-9566-1226e5634ef5 is started using port 34617
2022-02-01 13:05:58,539 [Listener at 127.0.0.1/38443] INFO  ozone.MiniOzoneClusterImpl (MiniOzoneClusterImpl.java:lambda$waitForClusterToBeReady$0(219)) - Waiting for nodes to be ready. Got 0 of 3 DN Heartbeats.
2022-02-01 13:05:58,539 [Listener at 127.0.0.1/38443] INFO  ozone.MiniOzoneClusterImpl (MiniOzoneClusterImpl.java:lambda$waitForClusterToBeReady$0(222)) - Waiting for cluster to exit safe mode
2022-02-01 13:05:58,539 [Listener at 127.0.0.1/38443] INFO  ozone.MiniOzoneClusterImpl (MiniOzoneClusterImpl.java:lambda$waitForClusterToBeReady$0(224)) - SCM became leader
2022-02-01 13:05:58,630 [EndpointStateMachine task thread for /0.0.0.0:38243 - 0 ] INFO  ozoneimpl.OzoneContainer (OzoneContainer.java:start(315)) - Attempting to start container services.
2022-02-01 13:05:58,631 [EndpointStateMachine task thread for /0.0.0.0:38243 - 0 ] INFO  ozoneimpl.OzoneContainer (OzoneContainer.java:startContainerScrub(250)) - Background container scanner has been disabled.
2022-02-01 13:05:58,631 [EndpointStateMachine task thread for /0.0.0.0:38243 - 0 ] INFO  replication.ReplicationServer (ReplicationServer.java:start(111)) - ReplicationServer is started using port 37545
2022-02-01 13:05:58,633 [EndpointStateMachine task thread for /0.0.0.0:38243 - 0 ] INFO  ratis.XceiverServerRatis (XceiverServerRatis.java:start(484)) - Starting XceiverServerRatis 49be740d-43e0-4e70-9568-226dcd84f562
2022-02-01 13:05:58,634 [EndpointStateMachine task thread for /0.0.0.0:38243 - 0 ] INFO  server.RaftServer (RaftServerProxy.java:lambda$start$5(374)) - 49be740d-43e0-4e70-9568-226dcd84f562: start RPC server
2022-02-01 13:05:58,637 [EndpointStateMachine task thread for /0.0.0.0:38243 - 0 ] INFO  server.GrpcService (GrpcService.java:startImpl(253)) - 49be740d-43e0-4e70-9568-226dcd84f562: GrpcService started, listening on 44177
2022-02-01 13:05:58,638 [EndpointStateMachine task thread for /0.0.0.0:38243 - 0 ] INFO  ratis.XceiverServerRatis (XceiverServerRatis.java:getRealPort(505)) - XceiverServerRatis 49be740d-43e0-4e70-9568-226dcd84f562 is started using port 44177 for RATIS
2022-02-01 13:05:58,638 [EndpointStateMachine task thread for /0.0.0.0:38243 - 0 ] INFO  ratis.XceiverServerRatis (XceiverServerRatis.java:getRealPort(505)) - XceiverServerRatis 49be740d-43e0-4e70-9568-226dcd84f562 is started using port 44177 for RATIS_ADMIN
2022-02-01 13:05:58,638 [EndpointStateMachine task thread for /0.0.0.0:38243 - 0 ] INFO  ratis.XceiverServerRatis (XceiverServerRatis.java:getRealPort(505)) - XceiverServerRatis 49be740d-43e0-4e70-9568-226dcd84f562 is started using port 44177 for RATIS_SERVER
2022-02-01 13:05:58,639 [org.apache.ratis.util.JvmPauseMonitor$$Lambda$431/624767945@10b64c3b] INFO  util.JvmPauseMonitor (JvmPauseMonitor.java:run(103)) - JvmPauseMonitor-49be740d-43e0-4e70-9568-226dcd84f562: Started
2022-02-01 13:05:58,639 [EndpointStateMachine task thread for /0.0.0.0:38243 - 0 ] INFO  server.XceiverServerGrpc (XceiverServerGrpc.java:start(180)) - XceiverServerGrpc 49be740d-43e0-4e70-9568-226dcd84f562 is started using port 38861
2022-02-01 13:05:59,539 [Listener at 127.0.0.1/38443] INFO  ozone.MiniOzoneClusterImpl (MiniOzoneClusterImpl.java:lambda$waitForClusterToBeReady$0(219)) - Waiting for nodes to be ready. Got 0 of 3 DN Heartbeats.
2022-02-01 13:05:59,539 [Listener at 127.0.0.1/38443] INFO  ozone.MiniOzoneClusterImpl (MiniOzoneClusterImpl.java:lambda$waitForClusterToBeReady$0(222)) - Waiting for cluster to exit safe mode
2022-02-01 13:05:59,539 [Listener at 127.0.0.1/38443] INFO  ozone.MiniOzoneClusterImpl (MiniOzoneClusterImpl.java:lambda$waitForClusterToBeReady$0(224)) - SCM became leader
2022-02-01 13:05:59,687 [IPC Server handler 0 on default port 38243] INFO  net.NetworkTopologyImpl (NetworkTopologyImpl.java:add(112)) - Added a new node: /default-rack/fdc21d65-1155-4ddf-a802-c6738f3821ca
2022-02-01 13:05:59,688 [IPC Server handler 0 on default port 38243] INFO  node.SCMNodeManager (SCMNodeManager.java:register(389)) - Registered Data node : fdc21d65-1155-4ddf-a802-c6738f3821ca{ip: 10.1.0.40, host: fv-az59-591.csjynl4pkq3e1pkirw3ssqjfoh.cx.internal.cloudapp.net, ports: [REPLICATION=39437, RATIS=44045, RATIS_ADMIN=44045, RATIS_SERVER=44045, STANDALONE=36627], networkLocation: /default-rack, certSerialId: null, persistedOpState: null, persistedOpStateExpiryEpochSec: 0}
2022-02-01 13:05:59,691 [EventQueue-NewNodeForNewNodeHandler] INFO  pipeline.BackgroundPipelineCreator (BackgroundPipelineCreator.java:notifyEventTriggered(285)) - trigger a one-shot run on RatisPipelineUtilsThread.
2022-02-01 13:05:59,691 [RatisPipelineUtilsThread - 0] INFO  pipeline.RatisPipelineProvider (RatisPipelineProvider.java:lambda$create$0(183)) - Sending CreatePipelineCommand for pipeline:PipelineID=4307d533-89b0-4f17-b578-2ab9eadc00d4 to datanode:fdc21d65-1155-4ddf-a802-c6738f3821ca
2022-02-01 13:05:59,692 [EventQueue-NodeRegistrationContainerReportForDataNodeSafeModeRule] INFO  safemode.SCMSafeModeManager (DataNodeSafeModeRule.java:process(71)) - SCM in safe mode. 1 DataNodes registered, 3 required.
2022-02-01 13:05:59,698 [EventQueue-NodeRegistrationContainerReportForContainerSafeModeRule] INFO  safemode.SCMSafeModeManager (SCMSafeModeManager.java:validateSafeModeExitRules(204)) - ContainerSafeModeRule rule is successfully validated
2022-02-01 13:05:59,700 [EventQueue-PipelineReportForOneReplicaPipelineSafeModeRule] INFO  safemode.SCMSafeModeManager (SCMSafeModeManager.java:validateSafeModeExitRules(204)) - AtleastOneDatanodeReportedRule rule is successfully validated
2022-02-01 13:05:59,745 [fe9b1876-1226-442e-bf61-922c3b3b04e7@group-6421286ED0F4-StateMachineUpdater] INFO  pipeline.PipelineStateManagerImpl (PipelineStateManagerImpl.java:addPipeline(101)) - Created pipeline Pipeline[ Id: 4307d533-89b0-4f17-b578-2ab9eadc00d4, Nodes: fdc21d65-1155-4ddf-a802-c6738f3821ca{ip: 10.1.0.40, host: fv-az59-591.csjynl4pkq3e1pkirw3ssqjfoh.cx.internal.cloudapp.net, ports: [REPLICATION=39437, RATIS=44045, RATIS_ADMIN=44045, RATIS_SERVER=44045, STANDALONE=36627], networkLocation: /default-rack, certSerialId: null, persistedOpState: IN_SERVICE, persistedOpStateExpiryEpochSec: 0}, ReplicationConfig: RATIS/ONE, State:ALLOCATED, leaderId:, CreationTimestamp2022-02-01T13:05:59.691Z[Etc/UTC]].
2022-02-01 13:05:59,745 [fe9b1876-1226-442e-bf61-922c3b3b04e7@group-6421286ED0F4-StateMachineUpdater] INFO  safemode.HealthyPipelineSafeModeRule (HealthyPipelineSafeModeRule.java:initializeRule(152)) - Refreshed total pipeline count is 0, healthy pipeline threshold count is 1
2022-02-01 13:05:59,745 [RatisPipelineUtilsThread - 0] INFO  ha.SCMHAInvocationHandler (SCMHAInvocationHandler.java:invokeRatis(113)) - Invoking method public abstract void org.apache.hadoop.hdds.scm.pipeline.PipelineStateManager.addPipeline(org.apache.hadoop.hdds.protocol.proto.HddsProtos$Pipeline) throws java.io.IOException on target org.apache.hadoop.hdds.scm.ha.SCMRatisServerImpl@7e771a3d, cost 46779.024us
2022-02-01 13:06:00,066 [IPC Server handler 1 on default port 38243] INFO  net.NetworkTopologyImpl (NetworkTopologyImpl.java:add(112)) - Added a new node: /default-rack/0a485a2f-0ff7-4195-9566-1226e5634ef5
2022-02-01 13:06:00,067 [IPC Server handler 1 on default port 38243] INFO  node.SCMNodeManager (SCMNodeManager.java:register(389)) - Registered Data node : 0a485a2f-0ff7-4195-9566-1226e5634ef5{ip: 10.1.0.40, host: fv-az59-591.csjynl4pkq3e1pkirw3ssqjfoh.cx.internal.cloudapp.net, ports: [REPLICATION=46781, RATIS=41187, RATIS_ADMIN=41187, RATIS_SERVER=41187, STANDALONE=34617], networkLocation: /default-rack, certSerialId: null, persistedOpState: null, persistedOpStateExpiryEpochSec: 0}
2022-02-01 13:06:00,067 [EventQueue-NewNodeForNewNodeHandler] INFO  pipeline.BackgroundPipelineCreator (BackgroundPipelineCreator.java:notifyEventTriggered(285)) - trigger a one-shot run on RatisPipelineUtilsThread.
2022-02-01 13:06:00,068 [EventQueue-NodeRegistrationContainerReportForDataNodeSafeModeRule] INFO  safemode.SCMSafeModeManager (DataNodeSafeModeRule.java:process(71)) - SCM in safe mode. 2 DataNodes registered, 3 required.
2022-02-01 13:06:00,078 [RatisPipelineUtilsThread - 0] INFO  pipeline.RatisPipelineProvider (RatisPipelineProvider.java:lambda$create$0(183)) - Sending CreatePipelineCommand for pipeline:PipelineID=6619f43a-ad34-4f53-a9ce-dfb06ce4a98e to datanode:0a485a2f-0ff7-4195-9566-1226e5634ef5
2022-02-01 13:06:00,082 [fe9b1876-1226-442e-bf61-922c3b3b04e7@group-6421286ED0F4-StateMachineUpdater] INFO  pipeline.PipelineStateManagerImpl (PipelineStateManagerImpl.java:addPipeline(101)) - Created pipeline Pipeline[ Id: 6619f43a-ad34-4f53-a9ce-dfb06ce4a98e, Nodes: 0a485a2f-0ff7-4195-9566-1226e5634ef5{ip: 10.1.0.40, host: fv-az59-591.csjynl4pkq3e1pkirw3ssqjfoh.cx.internal.cloudapp.net, ports: [REPLICATION=46781, RATIS=41187, RATIS_ADMIN=41187, RATIS_SERVER=41187, STANDALONE=34617], networkLocation: /default-rack, certSerialId: null, persistedOpState: IN_SERVICE, persistedOpStateExpiryEpochSec: 0}, ReplicationConfig: RATIS/ONE, State:ALLOCATED, leaderId:, CreationTimestamp2022-02-01T13:06:00.078Z[Etc/UTC]].
2022-02-01 13:06:00,082 [fe9b1876-1226-442e-bf61-922c3b3b04e7@group-6421286ED0F4-StateMachineUpdater] INFO  safemode.HealthyPipelineSafeModeRule (HealthyPipelineSafeModeRule.java:initializeRule(152)) - Refreshed total pipeline count is 0, healthy pipeline threshold count is 1
2022-02-01 13:06:00,083 [RatisPipelineUtilsThread - 0] INFO  ha.SCMHAInvocationHandler (SCMHAInvocationHandler.java:invokeRatis(113)) - Invoking method public abstract void org.apache.hadoop.hdds.scm.pipeline.PipelineStateManager.addPipeline(org.apache.hadoop.hdds.protocol.proto.HddsProtos$Pipeline) throws java.io.IOException on target org.apache.hadoop.hdds.scm.ha.SCMRatisServerImpl@7e771a3d, cost 4424.25us
2022-02-01 13:06:00,540 [Listener at 127.0.0.1/38443] INFO  ozone.MiniOzoneClusterImpl (MiniOzoneClusterImpl.java:lambda$waitForClusterToBeReady$0(219)) - Waiting for nodes to be ready. Got 2 of 3 DN Heartbeats.
2022-02-01 13:06:00,540 [Listener at 127.0.0.1/38443] INFO  ozone.MiniOzoneClusterImpl (MiniOzoneClusterImpl.java:lambda$waitForClusterToBeReady$0(222)) - Waiting for cluster to exit safe mode
2022-02-01 13:06:00,540 [Listener at 127.0.0.1/38443] INFO  ozone.MiniOzoneClusterImpl (MiniOzoneClusterImpl.java:lambda$waitForClusterToBeReady$0(224)) - SCM became leader
2022-02-01 13:06:00,618 [IPC Server handler 2 on default port 38243] INFO  net.NetworkTopologyImpl (NetworkTopologyImpl.java:add(112)) - Added a new node: /default-rack/49be740d-43e0-4e70-9568-226dcd84f562
2022-02-01 13:06:00,618 [IPC Server handler 2 on default port 38243] INFO  node.SCMNodeManager (SCMNodeManager.java:register(389)) - Registered Data node : 49be740d-43e0-4e70-9568-226dcd84f562{ip: 10.1.0.40, host: fv-az59-591.csjynl4pkq3e1pkirw3ssqjfoh.cx.internal.cloudapp.net, ports: [REPLICATION=37545, RATIS=44177, RATIS_ADMIN=44177, RATIS_SERVER=44177, STANDALONE=38861], networkLocation: /default-rack, certSerialId: null, persistedOpState: null, persistedOpStateExpiryEpochSec: 0}
2022-02-01 13:06:00,618 [EventQueue-NewNodeForNewNodeHandler] INFO  pipeline.BackgroundPipelineCreator (BackgroundPipelineCreator.java:notifyEventTriggered(285)) - trigger a one-shot run on RatisPipelineUtilsThread.
2022-02-01 13:06:00,619 [RatisPipelineUtilsThread - 0] INFO  pipeline.RatisPipelineProvider (RatisPipelineProvider.java:lambda$create$0(183)) - Sending CreatePipelineCommand for pipeline:PipelineID=a48da3d5-36b2-4a1b-8025-846d385b2290 to datanode:49be740d-43e0-4e70-9568-226dcd84f562
2022-02-01 13:06:00,622 [fe9b1876-1226-442e-bf61-922c3b3b04e7@group-6421286ED0F4-StateMachineUpdater] INFO  pipeline.PipelineStateManagerImpl (PipelineStateManagerImpl.java:addPipeline(101)) - Created pipeline Pipeline[ Id: a48da3d5-36b2-4a1b-8025-846d385b2290, Nodes: 49be740d-43e0-4e70-9568-226dcd84f562{ip: 10.1.0.40, host: fv-az59-591.csjynl4pkq3e1pkirw3ssqjfoh.cx.internal.cloudapp.net, ports: [REPLICATION=37545, RATIS=44177, RATIS_ADMIN=44177, RATIS_SERVER=44177, STANDALONE=38861], networkLocation: /default-rack, certSerialId: null, persistedOpState: IN_SERVICE, persistedOpStateExpiryEpochSec: 0}, ReplicationConfig: RATIS/ONE, State:ALLOCATED, leaderId:, CreationTimestamp2022-02-01T13:06:00.619Z[Etc/UTC]].
2022-02-01 13:06:00,622 [fe9b1876-1226-442e-bf61-922c3b3b04e7@group-6421286ED0F4-StateMachineUpdater] INFO  safemode.HealthyPipelineSafeModeRule (HealthyPipelineSafeModeRule.java:initializeRule(152)) - Refreshed total pipeline count is 0, healthy pipeline threshold count is 1
2022-02-01 13:06:00,623 [RatisPipelineUtilsThread - 0] INFO  ha.SCMHAInvocationHandler (SCMHAInvocationHandler.java:invokeRatis(113)) - Invoking method public abstract void org.apache.hadoop.hdds.scm.pipeline.PipelineStateManager.addPipeline(org.apache.hadoop.hdds.protocol.proto.HddsProtos$Pipeline) throws java.io.IOException on target org.apache.hadoop.hdds.scm.ha.SCMRatisServerImpl@7e771a3d, cost 3702.742us
2022-02-01 13:06:00,639 [EventQueue-NodeRegistrationContainerReportForDataNodeSafeModeRule] INFO  safemode.SCMSafeModeManager (DataNodeSafeModeRule.java:process(71)) - SCM in safe mode. 3 DataNodes registered, 3 required.
2022-02-01 13:06:00,639 [EventQueue-NodeRegistrationContainerReportForDataNodeSafeModeRule] INFO  safemode.SCMSafeModeManager (SCMSafeModeManager.java:validateSafeModeExitRules(204)) - DataNodeSafeModeRule rule is successfully validated
2022-02-01 13:06:00,639 [EventQueue-NodeRegistrationContainerReportForDataNodeSafeModeRule] INFO  safemode.SCMSafeModeManager (SCMSafeModeManager.java:completePreCheck(233)) - All SCM safe mode pre check rules have passed
2022-02-01 13:06:00,639 [EventQueue-NodeRegistrationContainerReportForDataNodeSafeModeRule] WARN  events.EventQueue (EventQueue.java:fireEvent(194)) - No event handler registered for event TypedEvent{payloadType=SafeModeStatus, name='Safe mode status'}
2022-02-01 13:06:00,639 [EventQueue-NodeRegistrationContainerReportForDataNodeSafeModeRule] INFO  ha.SCMContext (SCMContext.java:updateSafeModeStatus(211)) - Update SafeModeStatus from SafeModeStatus{safeModeStatus=true, preCheckPassed=false} to SafeModeStatus{safeModeStatus=true, preCheckPassed=true}.
2022-02-01 13:06:00,639 [EventQueue-NodeRegistrationContainerReportForDataNodeSafeModeRule] INFO  pipeline.BackgroundPipelineCreator (BackgroundPipelineCreator.java:notifyEventTriggered(285)) - trigger a one-shot run on RatisPipelineUtilsThread.
2022-02-01 13:06:00,640 [RatisPipelineUtilsThread - 0] INFO  pipeline.RatisPipelineProvider (RatisPipelineProvider.java:lambda$create$0(183)) - Sending CreatePipelineCommand for pipeline:PipelineID=386d006c-0949-4f14-bb63-58cbc3dc2a46 to datanode:0a485a2f-0ff7-4195-9566-1226e5634ef5
2022-02-01 13:06:00,640 [RatisPipelineUtilsThread - 0] INFO  pipeline.RatisPipelineProvider (RatisPipelineProvider.java:lambda$create$0(183)) - Sending CreatePipelineCommand for pipeline:PipelineID=386d006c-0949-4f14-bb63-58cbc3dc2a46 to datanode:fdc21d65-1155-4ddf-a802-c6738f3821ca
2022-02-01 13:06:00,640 [RatisPipelineUtilsThread - 0] INFO  pipeline.RatisPipelineProvider (RatisPipelineProvider.java:lambda$create$0(183)) - Sending CreatePipelineCommand for pipeline:PipelineID=386d006c-0949-4f14-bb63-58cbc3dc2a46 to datanode:49be740d-43e0-4e70-9568-226dcd84f562
2022-02-01 13:06:00,642 [fe9b1876-1226-442e-bf61-922c3b3b04e7@group-6421286ED0F4-StateMachineUpdater] INFO  pipeline.PipelineStateManagerImpl (PipelineStateManagerImpl.java:addPipeline(101)) - Created pipeline Pipeline[ Id: 386d006c-0949-4f14-bb63-58cbc3dc2a46, Nodes: 0a485a2f-0ff7-4195-9566-1226e5634ef5{ip: 10.1.0.40, host: fv-az59-591.csjynl4pkq3e1pkirw3ssqjfoh.cx.internal.cloudapp.net, ports: [REPLICATION=46781, RATIS=41187, RATIS_ADMIN=41187, RATIS_SERVER=41187, STANDALONE=34617], networkLocation: /default-rack, certSerialId: null, persistedOpState: IN_SERVICE, persistedOpStateExpiryEpochSec: 0}fdc21d65-1155-4ddf-a802-c6738f3821ca{ip: 10.1.0.40, host: fv-az59-591.csjynl4pkq3e1pkirw3ssqjfoh.cx.internal.cloudapp.net, ports: [REPLICATION=39437, RATIS=44045, RATIS_ADMIN=44045, RATIS_SERVER=44045, STANDALONE=36627], networkLocation: /default-rack, certSerialId: null, persistedOpState: IN_SERVICE, persistedOpStateExpiryEpochSec: 0}49be740d-43e0-4e70-9568-226dcd84f562{ip: 10.1.0.40, host: fv-az59-591.csjynl4pkq3e1pkirw3ssqjfoh.cx.internal.cloudapp.net, ports: [REPLICATION=37545, RATIS=44177, RATIS_ADMIN=44177, RATIS_SERVER=44177, STANDALONE=38861], networkLocation: /default-rack, certSerialId: null, persistedOpState: IN_SERVICE, persistedOpStateExpiryEpochSec: 0}, ReplicationConfig: RATIS/THREE, State:ALLOCATED, leaderId:, CreationTimestamp2022-02-01T13:06:00.640Z[Etc/UTC]].
2022-02-01 13:06:00,643 [fe9b1876-1226-442e-bf61-922c3b3b04e7@group-6421286ED0F4-StateMachineUpdater] INFO  safemode.HealthyPipelineSafeModeRule (HealthyPipelineSafeModeRule.java:initializeRule(152)) - Refreshed total pipeline count is 0, healthy pipeline threshold count is 1
2022-02-01 13:06:00,643 [RatisPipelineUtilsThread - 0] INFO  ha.SCMHAInvocationHandler (SCMHAInvocationHandler.java:invokeRatis(113)) - Invoking method public abstract void org.apache.hadoop.hdds.scm.pipeline.PipelineStateManager.addPipeline(org.apache.hadoop.hdds.protocol.proto.HddsProtos$Pipeline) throws java.io.IOException on target org.apache.hadoop.hdds.scm.ha.SCMRatisServerImpl@7e771a3d, cost 2399.626us
2022-02-01 13:06:01,540 [Listener at 127.0.0.1/38443] INFO  ozone.MiniOzoneClusterImpl (MiniOzoneClusterImpl.java:lambda$waitForClusterToBeReady$0(219)) - Nodes are ready. Got 3 of 3 DN Heartbeats.
2022-02-01 13:06:01,540 [Listener at 127.0.0.1/38443] INFO  ozone.MiniOzoneClusterImpl (MiniOzoneClusterImpl.java:lambda$waitForClusterToBeReady$0(222)) - Waiting for cluster to exit safe mode
2022-02-01 13:06:01,540 [Listener at 127.0.0.1/38443] INFO  ozone.MiniOzoneClusterImpl (MiniOzoneClusterImpl.java:lambda$waitForClusterToBeReady$0(224)) - SCM became leader
2022-02-01 13:06:02,541 [Listener at 127.0.0.1/38443] INFO  ozone.MiniOzoneClusterImpl (MiniOzoneClusterImpl.java:lambda$waitForClusterToBeReady$0(219)) - Nodes are ready. Got 3 of 3 DN Heartbeats.
2022-02-01 13:06:02,541 [Listener at 127.0.0.1/38443] INFO  ozone.MiniOzoneClusterImpl (MiniOzoneClusterImpl.java:lambda$waitForClusterToBeReady$0(222)) - Waiting for cluster to exit safe mode
2022-02-01 13:06:02,541 [Listener at 127.0.0.1/38443] INFO  ozone.MiniOzoneClusterImpl (MiniOzoneClusterImpl.java:lambda$waitForClusterToBeReady$0(224)) - SCM became leader
2022-02-01 13:06:02,687 [Command processor thread] INFO  server.RaftServer (RaftServerProxy.java:addNew(95)) - fdc21d65-1155-4ddf-a802-c6738f3821ca: addNew group-2AB9EADC00D4:[fdc21d65-1155-4ddf-a802-c6738f3821ca|rpc:10.1.0.40:44045|priority:1] returns group-2AB9EADC00D4:java.util.concurrent.CompletableFuture@710813cd[Not completed]
2022-02-01 13:06:02,711 [pool-240-thread-1] INFO  server.RaftServer$Division (RaftServerImpl.java:<init>(184)) - fdc21d65-1155-4ddf-a802-c6738f3821ca: new RaftServerImpl for group-2AB9EADC00D4:[fdc21d65-1155-4ddf-a802-c6738f3821ca|rpc:10.1.0.40:44045|priority:1] with ContainerStateMachine:uninitialized
2022-02-01 13:06:02,712 [pool-240-thread-1] INFO  server.RaftServerConfigKeys (ConfUtils.java:logGet(44)) - raft.server.rpc.timeout.min = 5s (custom)
2022-02-01 13:06:02,712 [pool-240-thread-1] INFO  server.RaftServerConfigKeys (ConfUtils.java:logGet(44)) - raft.server.rpc.timeout.max = 5200ms (custom)
2022-02-01 13:06:02,712 [pool-240-thread-1] INFO  server.RaftServerConfigKeys (ConfUtils.java:logGet(44)) - raft.server.rpc.sleep.time = 25ms (default)
2022-02-01 13:06:02,712 [pool-240-thread-1] INFO  server.RaftServerConfigKeys (ConfUtils.java:logGet(44)) - raft.server.rpc.slowness.timeout = 300s (custom)
2022-02-01 13:06:02,712 [pool-240-thread-1] INFO  server.RaftServerConfigKeys (ConfUtils.java:logGet(44)) - raft.server.leaderelection.leader.step-down.wait-time = 10s (default)
2022-02-01 13:06:02,712 [pool-240-thread-1] INFO  server.RaftServerConfigKeys (ConfUtils.java:logGet(44)) - raft.server.sleep.deviation.threshold = 300ms (default)
2022-02-01 13:06:02,712 [pool-240-thread-1] INFO  server.RaftServerConfigKeys (ConfUtils.java:logGet(44)) - raft.server.log.appender.install.snapshot.enabled = false (custom)
2022-02-01 13:06:02,712 [pool-240-thread-1] INFO  server.RaftServer$Division (ServerState.java:<init>(105)) - fdc21d65-1155-4ddf-a802-c6738f3821ca@group-2AB9EADC00D4: ConfigurationManager, init=-1: [fdc21d65-1155-4ddf-a802-c6738f3821ca|rpc:10.1.0.40:44045|priority:1], old=null, confs=<EMPTY_MAP>
2022-02-01 13:06:02,712 [pool-240-thread-1] INFO  server.RaftServerConfigKeys (ConfUtils.java:logGet(44)) - raft.server.storage.dir = [/home/runner/work/ozone/ozone/hadoop-ozone/integration-test/target/test-dir/MiniOzoneClusterImpl-8a3c48c2-e56b-48f6-9d69-6421286ed0f4/datanode-0/data/ratis] (custom)
2022-02-01 13:06:02,712 [pool-240-thread-1] INFO  server.RaftServerConfigKeys (ConfUtils.java:logGet(44)) - raft.server.log.corruption.policy = EXCEPTION (default)
2022-02-01 13:06:02,712 [pool-240-thread-1] INFO  server.RaftServerConfigKeys (ConfUtils.java:logGet(44)) - raft.server.storage.free-space.min = 0MB (=0) (default)
2022-02-01 13:06:02,712 [pool-240-thread-1] INFO  storage.RaftStorageDirectory (RaftStorageDirectoryImpl.java:analyzeStorage(135)) - The storage directory /home/runner/work/ozone/ozone/hadoop-ozone/integration-test/target/test-dir/MiniOzoneClusterImpl-8a3c48c2-e56b-48f6-9d69-6421286ed0f4/datanode-0/data/ratis/4307d533-89b0-4f17-b578-2ab9eadc00d4 does not exist. Creating ...
2022-02-01 13:06:02,720 [pool-240-thread-1] INFO  storage.RaftStorageDirectory (RaftStorageDirectoryImpl.java:tryLock(230)) - Lock on /home/runner/work/ozone/ozone/hadoop-ozone/integration-test/target/test-dir/MiniOzoneClusterImpl-8a3c48c2-e56b-48f6-9d69-6421286ed0f4/datanode-0/data/ratis/4307d533-89b0-4f17-b578-2ab9eadc00d4/in_use.lock acquired by nodename 23332@fv-az59-591
2022-02-01 13:06:02,721 [pool-240-thread-1] INFO  storage.RaftStorage (RaftStorageImpl.java:format(89)) - Storage directory /home/runner/work/ozone/ozone/hadoop-ozone/integration-test/target/test-dir/MiniOzoneClusterImpl-8a3c48c2-e56b-48f6-9d69-6421286ed0f4/datanode-0/data/ratis/4307d533-89b0-4f17-b578-2ab9eadc00d4 has been successfully formatted.
2022-02-01 13:06:02,722 [pool-240-thread-1] INFO  ratis.ContainerStateMachine (ContainerStateMachine.java:loadSnapshot(231)) - group-2AB9EADC00D4: The snapshot info is null. Setting the last applied indexto:(t:0, i:~)
2022-02-01 13:06:02,722 [pool-240-thread-1] INFO  server.RaftServerConfigKeys (ConfUtils.java:logGet(44)) - raft.server.notification.no-leader.timeout = 300s (custom)
2022-02-01 13:06:02,723 [pool-240-thread-1] INFO  server.RaftServerConfigKeys (ConfUtils.java:logGet(44)) - raft.server.log.use.memory = false (default)
2022-02-01 13:06:02,723 [pool-240-thread-1] INFO  server.RaftServerConfigKeys (ConfUtils.java:logGet(44)) - raft.server.log.purge.gap = 1000000 (custom)
2022-02-01 13:06:02,723 [pool-240-thread-1] INFO  server.RaftServerConfigKeys (ConfUtils.java:logGet(44)) - raft.server.log.appender.buffer.byte-limit = 33554432 (custom)
2022-02-01 13:06:02,723 [pool-240-thread-1] INFO  server.RaftServerConfigKeys (ConfUtils.java:logGet(44)) - raft.server.log.segment.size.max = 1048576 (custom)
2022-02-01 13:06:02,723 [pool-240-thread-1] INFO  server.RaftServerConfigKeys (ConfUtils.java:logGet(44)) - raft.server.log.segment.cache.num.max = 2 (custom)
2022-02-01 13:06:02,723 [pool-240-thread-1] INFO  server.RaftServerConfigKeys (ConfUtils.java:logGet(44)) - raft.server.log.segment.cache.size.max = 200MB (=209715200) (default)
2022-02-01 13:06:02,723 [pool-240-thread-1] INFO  segmented.SegmentedRaftLogWorker (SegmentedRaftLogWorker.java:<init>(182)) - new fdc21d65-1155-4ddf-a802-c6738f3821ca@group-2AB9EADC00D4-SegmentedRaftLogWorker for RaftStorageImpl:Storage Directory /home/runner/work/ozone/ozone/hadoop-ozone/integration-test/target/test-dir/MiniOzoneClusterImpl-8a3c48c2-e56b-48f6-9d69-6421286ed0f4/datanode-0/data/ratis/4307d533-89b0-4f17-b578-2ab9eadc00d4
2022-02-01 13:06:02,723 [pool-240-thread-1] INFO  server.RaftServerConfigKeys (ConfUtils.java:logGet(44)) - raft.server.log.queue.byte-limit = 2147483647 (custom)
2022-02-01 13:06:02,724 [pool-240-thread-1] INFO  server.RaftServerConfigKeys (ConfUtils.java:logGet(44)) - raft.server.log.queue.element-limit = 1024 (custom)
2022-02-01 13:06:02,724 [pool-240-thread-1] INFO  server.RaftServerConfigKeys (ConfUtils.java:logGet(44)) - raft.server.log.segment.size.max = 1048576 (custom)
2022-02-01 13:06:02,724 [pool-240-thread-1] INFO  server.RaftServerConfigKeys (ConfUtils.java:logGet(44)) - raft.server.log.preallocated.size = 16384 (custom)
2022-02-01 13:06:02,724 [pool-240-thread-1] INFO  server.RaftServerConfigKeys (ConfUtils.java:logGet(44)) - raft.server.log.force.sync.num = 128 (default)
2022-02-01 13:06:02,724 [pool-240-thread-1] INFO  server.RaftServerConfigKeys (ConfUtils.java:logGet(44)) - raft.server.log.statemachine.data.sync = true (default)
2022-02-01 13:06:02,724 [EventQueue-PipelineReportForPipelineReportHandler] INFO  pipeline.PipelineManagerImpl (PipelineManagerImpl.java:openPipeline(291)) - Pipeline Pipeline[ Id: 4307d533-89b0-4f17-b578-2ab9eadc00d4, Nodes: fdc21d65-1155-4ddf-a802-c6738f3821ca{ip: 10.1.0.40, host: fv-az59-591.csjynl4pkq3e1pkirw3ssqjfoh.cx.internal.cloudapp.net, ports: [REPLICATION=39437, RATIS=44045, RATIS_ADMIN=44045, RATIS_SERVER=44045, STANDALONE=36627], networkLocation: /default-rack, certSerialId: null, persistedOpState: IN_SERVICE, persistedOpStateExpiryEpochSec: 0}, ReplicationConfig: RATIS/ONE, State:ALLOCATED, leaderId:fdc21d65-1155-4ddf-a802-c6738f3821ca, CreationTimestamp2022-02-01T13:05:59.691Z[Etc/UTC]] moved to OPEN state
2022-02-01 13:06:02,726 [pool-240-thread-1] INFO  server.RaftServerConfigKeys (ConfUtils.java:logGet(44)) - raft.server.log.statemachine.data.sync.timeout = 10s (default)
2022-02-01 13:06:02,726 [pool-240-thread-1] INFO  server.RaftServerConfigKeys (ConfUtils.java:logGet(44)) - raft.server.log.statemachine.data.sync.timeout.retry = -1 (default)
2022-02-01 13:06:02,729 [fe9b1876-1226-442e-bf61-922c3b3b04e7@group-6421286ED0F4-StateMachineUpdater] INFO  safemode.HealthyPipelineSafeModeRule (HealthyPipelineSafeModeRule.java:initializeRule(152)) - Refreshed total pipeline count is 0, healthy pipeline threshold count is 1
2022-02-01 13:06:02,739 [EventQueue-PipelineReportForPipelineReportHandler] INFO  ha.SCMHAInvocationHandler (SCMHAInvocationHandler.java:invokeRatis(113)) - Invoking method public abstract void org.apache.hadoop.hdds.scm.pipeline.PipelineStateManager.updatePipelineState(org.apache.hadoop.hdds.protocol.proto.HddsProtos$PipelineID,org.apache.hadoop.hdds.protocol.proto.HddsProtos$PipelineState) throws java.io.IOException on target org.apache.hadoop.hdds.scm.ha.SCMRatisServerImpl@7e771a3d, cost 12573.34us
2022-02-01 13:06:02,743 [pool-240-thread-1] INFO  server.RaftServerConfigKeys (ConfUtils.java:logGet(44)) - raft.server.log.write.buffer.size = 1048576 (custom)
2022-02-01 13:06:02,743 [pool-240-thread-1] INFO  server.RaftServerConfigKeys (ConfUtils.java:logGet(44)) - raft.server.log.statemachine.data.caching.enabled = true (custom)
2022-02-01 13:06:02,743 [pool-240-thread-1] INFO  segmented.SegmentedRaftLogWorker (SegmentedRaftLogWorker.java:lambda$new$0(133)) - fdc21d65-1155-4ddf-a802-c6738f3821ca@group-2AB9EADC00D4-SegmentedRaftLogWorker: flushIndex: setUnconditionally 0 -> -1
2022-02-01 13:06:02,743 [pool-240-thread-1] INFO  segmented.SegmentedRaftLogWorker (SegmentedRaftLogWorker.java:lambda$new$0(133)) - fdc21d65-1155-4ddf-a802-c6738f3821ca@group-2AB9EADC00D4-SegmentedRaftLogWorker: safeCacheEvictIndex: setUnconditionally 0 -> -1
2022-02-01 13:06:02,744 [EventQueue-OpenPipelineForHealthyPipelineSafeModeRule] INFO  safemode.SCMSafeModeManager (HealthyPipelineSafeModeRule.java:process(124)) - SCM in safe mode. Healthy pipelines reported count is 0, required healthy pipeline reported count is 1
2022-02-01 13:06:02,745 [pool-240-thread-1] INFO  server.RaftServerConfigKeys (ConfUtils.java:logGet(44)) - raft.server.snapshot.auto.trigger.enabled = true (custom)
2022-02-01 13:06:02,745 [pool-240-thread-1] INFO  server.RaftServerConfigKeys (ConfUtils.java:logGet(44)) - raft.server.snapshot.auto.trigger.threshold = 10000 (custom)
2022-02-01 13:06:02,745 [pool-240-thread-1] INFO  server.RaftServerConfigKeys (ConfUtils.java:logGet(44)) - raft.server.snapshot.retention.file.num = 5 (custom)
2022-02-01 13:06:02,745 [pool-240-thread-1] INFO  server.RaftServerConfigKeys (ConfUtils.java:logGet(44)) - raft.server.log.purge.upto.snapshot.index = false (default)
2022-02-01 13:06:02,745 [pool-240-thread-1] INFO  server.RaftServerConfigKeys (ConfUtils.java:logGet(44)) - raft.server.retrycache.expirytime = 600000ms (custom)
2022-02-01 13:06:02,745 [pool-240-thread-1] INFO  server.RaftServerConfigKeys (ConfUtils.java:logGet(44)) - raft.server.retrycache.statistics.expirytime = 100μs (default)
2022-02-01 13:06:02,746 [pool-240-thread-1] INFO  server.RaftServer$Division (RaftServerImpl.java:start(301)) - fdc21d65-1155-4ddf-a802-c6738f3821ca@group-2AB9EADC00D4: start as a follower, conf=-1: [fdc21d65-1155-4ddf-a802-c6738f3821ca|rpc:10.1.0.40:44045|priority:1], old=null
2022-02-01 13:06:02,746 [pool-240-thread-1] INFO  server.RaftServer$Division (RaftServerImpl.java:setRole(290)) - fdc21d65-1155-4ddf-a802-c6738f3821ca@group-2AB9EADC00D4: changes role from      null to FOLLOWER at term 0 for startAsFollower
2022-02-01 13:06:02,746 [pool-240-thread-1] INFO  impl.RoleInfo (RoleInfo.java:updateAndGet(130)) - fdc21d65-1155-4ddf-a802-c6738f3821ca: start fdc21d65-1155-4ddf-a802-c6738f3821ca@group-2AB9EADC00D4-FollowerState
2022-02-01 13:06:02,758 [pool-240-thread-1] INFO  util.JmxRegister (JmxRegister.java:tryRegister(44)) - Successfully registered JMX Bean with object name Ratis:service=RaftServer,group=group-2AB9EADC00D4,id=fdc21d65-1155-4ddf-a802-c6738f3821ca
2022-02-01 13:06:02,769 [Command processor thread] INFO  ratis.XceiverServerRatis (XceiverServerRatis.java:addGroup(768)) - Created group PipelineID=4307d533-89b0-4f17-b578-2ab9eadc00d4
2022-02-01 13:06:02,769 [Command processor thread] INFO  commandhandler.CreatePipelineCommandHandler (CreatePipelineCommandHandler.java:handle(106)) - Created Pipeline RATIS ONE PipelineID=4307d533-89b0-4f17-b578-2ab9eadc00d4.
2022-02-01 13:06:02,769 [Command processor thread] INFO  server.RaftServer (RaftServerProxy.java:addNew(95)) - fdc21d65-1155-4ddf-a802-c6738f3821ca: addNew group-58CBC3DC2A46:[fdc21d65-1155-4ddf-a802-c6738f3821ca|rpc:10.1.0.40:44045|priority:0, 0a485a2f-0ff7-4195-9566-1226e5634ef5|rpc:10.1.0.40:41187|priority:0, 49be740d-43e0-4e70-9568-226dcd84f562|rpc:10.1.0.40:44177|priority:1] returns group-58CBC3DC2A46:java.util.concurrent.CompletableFuture@75379934[Not completed]
2022-02-01 13:06:02,770 [pool-240-thread-1] INFO  server.RaftServer$Division (RaftServerImpl.java:<init>(184)) - fdc21d65-1155-4ddf-a802-c6738f3821ca: new RaftServerImpl for group-58CBC3DC2A46:[fdc21d65-1155-4ddf-a802-c6738f3821ca|rpc:10.1.0.40:44045|priority:0, 0a485a2f-0ff7-4195-9566-1226e5634ef5|rpc:10.1.0.40:41187|priority:0, 49be740d-43e0-4e70-9568-226dcd84f562|rpc:10.1.0.40:44177|priority:1] with ContainerStateMachine:uninitialized
2022-02-01 13:06:02,770 [pool-240-thread-1] INFO  server.RaftServerConfigKeys (ConfUtils.java:logGet(44)) - raft.server.rpc.timeout.min = 5s (custom)
2022-02-01 13:06:02,770 [pool-240-thread-1] INFO  server.RaftServerConfigKeys (ConfUtils.java:logGet(44)) - raft.server.rpc.timeout.max = 5200ms (custom)
2022-02-01 13:06:02,770 [pool-240-thread-1] INFO  server.RaftServerConfigKeys (ConfUtils.java:logGet(44)) - raft.server.rpc.sleep.time = 25ms (default)
2022-02-01 13:06:02,770 [pool-240-thread-1] INFO  server.RaftServerConfigKeys (ConfUtils.java:logGet(44)) - raft.server.rpc.slowness.timeout = 300s (custom)
2022-02-01 13:06:02,770 [pool-240-thread-1] INFO  server.RaftServerConfigKeys (ConfUtils.java:logGet(44)) - raft.server.leaderelection.leader.step-down.wait-time = 10s (default)
2022-02-01 13:06:02,770 [pool-240-thread-1] INFO  server.RaftServerConfigKeys (ConfUtils.java:logGet(44)) - raft.server.sleep.deviation.threshold = 300ms (default)
2022-02-01 13:06:02,770 [pool-240-thread-1] INFO  server.RaftServerConfigKeys (ConfUtils.java:logGet(44)) - raft.server.log.appender.install.snapshot.enabled = false (custom)
2022-02-01 13:06:02,770 [pool-240-thread-1] INFO  server.RaftServer$Division (ServerState.java:<init>(105)) - fdc21d65-1155-4ddf-a802-c6738f3821ca@group-58CBC3DC2A46: ConfigurationManager, init=-1: [fdc21d65-1155-4ddf-a802-c6738f3821ca|rpc:10.1.0.40:44045|priority:0, 0a485a2f-0ff7-4195-9566-1226e5634ef5|rpc:10.1.0.40:41187|priority:0, 49be740d-43e0-4e70-9568-226dcd84f562|rpc:10.1.0.40:44177|priority:1], old=null, confs=<EMPTY_MAP>
2022-02-01 13:06:02,770 [pool-240-thread-1] INFO  server.RaftServerConfigKeys (ConfUtils.java:logGet(44)) - raft.server.storage.dir = [/home/runner/work/ozone/ozone/hadoop-ozone/integration-test/target/test-dir/MiniOzoneClusterImpl-8a3c48c2-e56b-48f6-9d69-6421286ed0f4/datanode-0/data/ratis] (custom)
2022-02-01 13:06:02,770 [pool-240-thread-1] INFO  server.RaftServerConfigKeys (ConfUtils.java:logGet(44)) - raft.server.log.corruption.policy = EXCEPTION (default)
2022-02-01 13:06:02,770 [pool-240-thread-1] INFO  server.RaftServerConfigKeys (ConfUtils.java:logGet(44)) - raft.server.storage.free-space.min = 0MB (=0) (default)
2022-02-01 13:06:02,771 [pool-240-thread-1] INFO  storage.RaftStorageDirectory (RaftStorageDirectoryImpl.java:analyzeStorage(135)) - The storage directory /home/runner/work/ozone/ozone/hadoop-ozone/integration-test/target/test-dir/MiniOzoneClusterImpl-8a3c48c2-e56b-48f6-9d69-6421286ed0f4/datanode-0/data/ratis/386d006c-0949-4f14-bb63-58cbc3dc2a46 does not exist. Creating ...
2022-02-01 13:06:02,772 [pool-240-thread-1] INFO  storage.RaftStorageDirectory (RaftStorageDirectoryImpl.java:tryLock(230)) - Lock on /home/runner/work/ozone/ozone/hadoop-ozone/integration-test/target/test-dir/MiniOzoneClusterImpl-8a3c48c2-e56b-48f6-9d69-6421286ed0f4/datanode-0/data/ratis/386d006c-0949-4f14-bb63-58cbc3dc2a46/in_use.lock acquired by nodename 23332@fv-az59-591
2022-02-01 13:06:02,773 [pool-240-thread-1] INFO  storage.RaftStorage (RaftStorageImpl.java:format(89)) - Storage directory /home/runner/work/ozone/ozone/hadoop-ozone/integration-test/target/test-dir/MiniOzoneClusterImpl-8a3c48c2-e56b-48f6-9d69-6421286ed0f4/datanode-0/data/ratis/386d006c-0949-4f14-bb63-58cbc3dc2a46 has been successfully formatted.
2022-02-01 13:06:02,773 [pool-240-thread-1] INFO  ratis.ContainerStateMachine (ContainerStateMachine.java:loadSnapshot(231)) - group-58CBC3DC2A46: The snapshot info is null. Setting the last applied indexto:(t:0, i:~)
2022-02-01 13:06:02,773 [pool-240-thread-1] INFO  server.RaftServerConfigKeys (ConfUtils.java:logGet(44)) - raft.server.notification.no-leader.timeout = 300s (custom)
2022-02-01 13:06:02,773 [pool-240-thread-1] INFO  server.RaftServerConfigKeys (ConfUtils.java:logGet(44)) - raft.server.log.use.memory = false (default)
2022-02-01 13:06:02,774 [pool-240-thread-1] INFO  server.RaftServerConfigKeys (ConfUtils.java:logGet(44)) - raft.server.log.purge.gap = 1000000 (custom)
2022-02-01 13:06:02,774 [pool-240-thread-1] INFO  server.RaftServerConfigKeys (ConfUtils.java:logGet(44)) - raft.server.log.appender.buffer.byte-limit = 33554432 (custom)
2022-02-01 13:06:02,774 [pool-240-thread-1] INFO  server.RaftServerConfigKeys (ConfUtils.java:logGet(44)) - raft.server.log.segment.size.max = 1048576 (custom)
2022-02-01 13:06:02,774 [pool-240-thread-1] INFO  server.RaftServerConfigKeys (ConfUtils.java:logGet(44)) - raft.server.log.segment.cache.num.max = 2 (custom)
2022-02-01 13:06:02,774 [pool-240-thread-1] INFO  server.RaftServerConfigKeys (ConfUtils.java:logGet(44)) - raft.server.log.segment.cache.size.max = 200MB (=209715200) (default)
2022-02-01 13:06:02,774 [pool-240-thread-1] INFO  segmented.SegmentedRaftLogWorker (SegmentedRaftLogWorker.java:<init>(182)) - new fdc21d65-1155-4ddf-a802-c6738f3821ca@group-58CBC3DC2A46-SegmentedRaftLogWorker for RaftStorageImpl:Storage Directory /home/runner/work/ozone/ozone/hadoop-ozone/integration-test/target/test-dir/MiniOzoneClusterImpl-8a3c48c2-e56b-48f6-9d69-6421286ed0f4/datanode-0/data/ratis/386d006c-0949-4f14-bb63-58cbc3dc2a46
2022-02-01 13:06:02,774 [pool-240-thread-1] INFO  server.RaftServerConfigKeys (ConfUtils.java:logGet(44)) - raft.server.log.queue.byte-limit = 2147483647 (custom)
2022-02-01 13:06:02,775 [pool-240-thread-1] INFO  server.RaftServerConfigKeys (ConfUtils.java:logGet(44)) - raft.server.log.queue.element-limit = 1024 (custom)
2022-02-01 13:06:02,775 [pool-240-thread-1] INFO  server.RaftServerConfigKeys (ConfUtils.java:logGet(44)) - raft.server.log.segment.size.max = 1048576 (custom)
2022-02-01 13:06:02,775 [pool-240-thread-1] INFO  server.RaftServerConfigKeys (ConfUtils.java:logGet(44)) - raft.server.log.preallocated.size = 16384 (custom)
2022-02-01 13:06:02,775 [pool-240-thread-1] INFO  server.RaftServerConfigKeys (ConfUtils.java:logGet(44)) - raft.server.log.force.sync.num = 128 (default)
2022-02-01 13:06:02,775 [pool-240-thread-1] INFO  server.RaftServerConfigKeys (ConfUtils.java:logGet(44)) - raft.server.log.statemachine.data.sync = true (default)
2022-02-01 13:06:02,775 [pool-240-thread-1] INFO  server.RaftServerConfigKeys (ConfUtils.java:logGet(44)) - raft.server.log.statemachine.data.sync.timeout = 10s (default)
2022-02-01 13:06:02,775 [EventQueue-OpenPipelineForHealthyPipelineSafeModeRule] INFO  safemode.SCMSafeModeManager (HealthyPipelineSafeModeRule.java:process(124)) - SCM in safe mode. Healthy pipelines reported count is 0, required healthy pipeline reported count is 1
2022-02-01 13:06:02,775 [pool-240-thread-1] INFO  server.RaftServerConfigKeys (ConfUtils.java:logGet(44)) - raft.server.log.statemachine.data.sync.timeout.retry = -1 (default)
2022-02-01 13:06:02,779 [pool-240-thread-1] INFO  server.RaftServerConfigKeys (ConfUtils.java:logGet(44)) - raft.server.log.write.buffer.size = 1048576 (custom)
2022-02-01 13:06:02,780 [pool-240-thread-1] INFO  server.RaftServerConfigKeys (ConfUtils.java:logGet(44)) - raft.server.log.statemachine.data.caching.enabled = true (custom)
2022-02-01 13:06:02,780 [pool-240-thread-1] INFO  segmented.SegmentedRaftLogWorker (SegmentedRaftLogWorker.java:lambda$new$0(133)) - fdc21d65-1155-4ddf-a802-c6738f3821ca@group-58CBC3DC2A46-SegmentedRaftLogWorker: flushIndex: setUnconditionally 0 -> -1
2022-02-01 13:06:02,780 [pool-240-thread-1] INFO  segmented.SegmentedRaftLogWorker (SegmentedRaftLogWorker.java:lambda$new$0(133)) - fdc21d65-1155-4ddf-a802-c6738f3821ca@group-58CBC3DC2A46-SegmentedRaftLogWorker: safeCacheEvictIndex: setUnconditionally 0 -> -1
2022-02-01 13:06:02,787 [pool-240-thread-1] INFO  server.RaftServerConfigKeys (ConfUtils.java:logGet(44)) - raft.server.snapshot.auto.trigger.enabled = true (custom)
2022-02-01 13:06:02,787 [pool-240-thread-1] INFO  server.RaftServerConfigKeys (ConfUtils.java:logGet(44)) - raft.server.snapshot.auto.trigger.threshold = 10000 (custom)
2022-02-01 13:06:02,787 [pool-240-thread-1] INFO  server.RaftServerConfigKeys (ConfUtils.java:logGet(44)) - raft.server.snapshot.retention.file.num = 5 (custom)
2022-02-01 13:06:02,787 [pool-240-thread-1] INFO  server.RaftServerConfigKeys (ConfUtils.java:logGet(44)) - raft.server.log.purge.upto.snapshot.index = false (default)
2022-02-01 13:06:02,787 [pool-240-thread-1] INFO  server.RaftServerConfigKeys (ConfUtils.java:logGet(44)) - raft.server.retrycache.expirytime = 600000ms (custom)
2022-02-01 13:06:02,787 [pool-240-thread-1] INFO  server.RaftServerConfigKeys (ConfUtils.java:logGet(44)) - raft.server.retrycache.statistics.expirytime = 100μs (default)
2022-02-01 13:06:02,788 [pool-240-thread-1] INFO  server.RaftServer$Division (RaftServerImpl.java:start(301)) - fdc21d65-1155-4ddf-a802-c6738f3821ca@group-58CBC3DC2A46: start as a follower, conf=-1: [fdc21d65-1155-4ddf-a802-c6738f3821ca|rpc:10.1.0.40:44045|priority:0, 0a485a2f-0ff7-4195-9566-1226e5634ef5|rpc:10.1.0.40:41187|priority:0, 49be740d-43e0-4e70-9568-226dcd84f562|rpc:10.1.0.40:44177|priority:1], old=null
2022-02-01 13:06:02,788 [pool-240-thread-1] INFO  server.RaftServer$Division (RaftServerImpl.java:setRole(290)) - fdc21d65-1155-4ddf-a802-c6738f3821ca@group-58CBC3DC2A46: changes role from      null to FOLLOWER at term 0 for startAsFollower
2022-02-01 13:06:02,788 [pool-240-thread-1] INFO  impl.RoleInfo (RoleInfo.java:updateAndGet(130)) - fdc21d65-1155-4ddf-a802-c6738f3821ca: start fdc21d65-1155-4ddf-a802-c6738f3821ca@group-58CBC3DC2A46-FollowerState
2022-02-01 13:06:02,790 [pool-240-thread-1] INFO  util.JmxRegister (JmxRegister.java:tryRegister(44)) - Successfully registered JMX Bean with object name Ratis:service=RaftServer,group=group-58CBC3DC2A46,id=fdc21d65-1155-4ddf-a802-c6738f3821ca
2022-02-01 13:06:02,805 [Command processor thread] INFO  ratis.XceiverServerRatis (XceiverServerRatis.java:addGroup(768)) - Created group PipelineID=386d006c-0949-4f14-bb63-58cbc3dc2a46
2022-02-01 13:06:02,818 [grpc-default-executor-1] INFO  server.RaftServer (RaftServerProxy.java:addNew(95)) - 0a485a2f-0ff7-4195-9566-1226e5634ef5: addNew group-58CBC3DC2A46:[fdc21d65-1155-4ddf-a802-c6738f3821ca|rpc:10.1.0.40:44045|dataStream:|priority:0, 0a485a2f-0ff7-4195-9566-1226e5634ef5|rpc:10.1.0.40:41187|dataStream:|priority:0, 49be740d-43e0-4e70-9568-226dcd84f562|rpc:10.1.0.40:44177|dataStream:|priority:1] returns group-58CBC3DC2A46:java.util.concurrent.CompletableFuture@61d44b71[Not completed]
2022-02-01 13:06:02,820 [pool-261-thread-1] INFO  server.RaftServer$Division (RaftServerImpl.java:<init>(184)) - 0a485a2f-0ff7-4195-9566-1226e5634ef5: new RaftServerImpl for group-58CBC3DC2A46:[fdc21d65-1155-4ddf-a802-c6738f3821ca|rpc:10.1.0.40:44045|dataStream:|priority:0, 0a485a2f-0ff7-4195-9566-1226e5634ef5|rpc:10.1.0.40:41187|dataStream:|priority:0, 49be740d-43e0-4e70-9568-226dcd84f562|rpc:10.1.0.40:44177|dataStream:|priority:1] with ContainerStateMachine:uninitialized
2022-02-01 13:06:02,830 [pool-261-thread-1] INFO  server.RaftServerConfigKeys (ConfUtils.java:logGet(44)) - raft.server.rpc.timeout.min = 5s (custom)
2022-02-01 13:06:02,830 [pool-261-thread-1] INFO  server.RaftServerConfigKeys (ConfUtils.java:logGet(44)) - raft.server.rpc.timeout.max = 5200ms (custom)
2022-02-01 13:06:02,830 [pool-261-thread-1] INFO  server.RaftServerConfigKeys (ConfUtils.java:logGet(44)) - raft.server.rpc.sleep.time = 25ms (default)
2022-02-01 13:06:02,830 [pool-261-thread-1] INFO  server.RaftServerConfigKeys (ConfUtils.java:logGet(44)) - raft.server.rpc.slowness.timeout = 300s (custom)
2022-02-01 13:06:02,830 [pool-261-thread-1] INFO  server.RaftServerConfigKeys (ConfUtils.java:logGet(44)) - raft.server.leaderelection.leader.step-down.wait-time = 10s (default)
2022-02-01 13:06:02,830 [pool-261-thread-1] INFO  server.RaftServerConfigKeys (ConfUtils.java:logGet(44)) - raft.server.sleep.deviation.threshold = 300ms (default)
2022-02-01 13:06:02,830 [pool-261-thread-1] INFO  server.RaftServerConfigKeys (ConfUtils.java:logGet(44)) - raft.server.log.appender.install.snapshot.enabled = false (custom)
2022-02-01 13:06:02,831 [pool-261-thread-1] INFO  server.RaftServer$Division (ServerState.java:<init>(105)) - 0a485a2f-0ff7-4195-9566-1226e5634ef5@group-58CBC3DC2A46: ConfigurationManager, init=-1: [fdc21d65-1155-4ddf-a802-c6738f3821ca|rpc:10.1.0.40:44045|dataStream:|priority:0, 0a485a2f-0ff7-4195-9566-1226e5634ef5|rpc:10.1.0.40:41187|dataStream:|priority:0, 49be740d-43e0-4e70-9568-226dcd84f562|rpc:10.1.0.40:44177|dataStream:|priority:1], old=null, confs=<EMPTY_MAP>
2022-02-01 13:06:02,831 [pool-261-thread-1] INFO  server.RaftServerConfigKeys (ConfUtils.java:logGet(44)) - raft.server.storage.dir = [/home/runner/work/ozone/ozone/hadoop-ozone/integration-test/target/test-dir/MiniOzoneClusterImpl-8a3c48c2-e56b-48f6-9d69-6421286ed0f4/datanode-1/data/ratis] (custom)
2022-02-01 13:06:02,831 [pool-261-thread-1] INFO  server.RaftServerConfigKeys (ConfUtils.java:logGet(44)) - raft.server.log.corruption.policy = EXCEPTION (default)
2022-02-01 13:06:02,831 [pool-261-thread-1] INFO  server.RaftServerConfigKeys (ConfUtils.java:logGet(44)) - raft.server.storage.free-space.min = 0MB (=0) (default)
2022-02-01 13:06:02,831 [pool-261-thread-1] INFO  storage.RaftStorageDirectory (RaftStorageDirectoryImpl.java:analyzeStorage(135)) - The storage directory /home/runner/work/ozone/ozone/hadoop-ozone/integration-test/target/test-dir/MiniOzoneClusterImpl-8a3c48c2-e56b-48f6-9d69-6421286ed0f4/datanode-1/data/ratis/386d006c-0949-4f14-bb63-58cbc3dc2a46 does not exist. Creating ...
2022-02-01 13:06:02,832 [pool-261-thread-1] INFO  storage.RaftStorageDirectory (RaftStorageDirectoryImpl.java:tryLock(230)) - Lock on /home/runner/work/ozone/ozone/hadoop-ozone/integration-test/target/test-dir/MiniOzoneClusterImpl-8a3c48c2-e56b-48f6-9d69-6421286ed0f4/datanode-1/data/ratis/386d006c-0949-4f14-bb63-58cbc3dc2a46/in_use.lock acquired by nodename 23332@fv-az59-591
2022-02-01 13:06:02,833 [pool-261-thread-1] INFO  storage.RaftStorage (RaftStorageImpl.java:format(89)) - Storage directory /home/runner/work/ozone/ozone/hadoop-ozone/integration-test/target/test-dir/MiniOzoneClusterImpl-8a3c48c2-e56b-48f6-9d69-6421286ed0f4/datanode-1/data/ratis/386d006c-0949-4f14-bb63-58cbc3dc2a46 has been successfully formatted.
2022-02-01 13:06:02,846 [pool-261-thread-1] INFO  ratis.ContainerStateMachine (ContainerStateMachine.java:loadSnapshot(231)) - group-58CBC3DC2A46: The snapshot info is null. Setting the last applied indexto:(t:0, i:~)
2022-02-01 13:06:02,846 [pool-261-thread-1] INFO  server.RaftServerConfigKeys (ConfUtils.java:logGet(44)) - raft.server.notification.no-leader.timeout = 300s (custom)
2022-02-01 13:06:02,846 [pool-261-thread-1] INFO  server.RaftServerConfigKeys (ConfUtils.java:logGet(44)) - raft.server.log.use.memory = false (default)
2022-02-01 13:06:02,847 [pool-261-thread-1] INFO  server.RaftServerConfigKeys (ConfUtils.java:logGet(44)) - raft.server.log.purge.gap = 1000000 (custom)
2022-02-01 13:06:02,847 [pool-261-thread-1] INFO  server.RaftServerConfigKeys (ConfUtils.java:logGet(44)) - raft.server.log.appender.buffer.byte-limit = 33554432 (custom)
2022-02-01 13:06:02,847 [pool-261-thread-1] INFO  server.RaftServerConfigKeys (ConfUtils.java:logGet(44)) - raft.server.log.segment.size.max = 1048576 (custom)
2022-02-01 13:06:02,847 [pool-261-thread-1] INFO  server.RaftServerConfigKeys (ConfUtils.java:logGet(44)) - raft.server.log.segment.cache.num.max = 2 (custom)
2022-02-01 13:06:02,847 [pool-261-thread-1] INFO  server.RaftServerConfigKeys (ConfUtils.java:logGet(44)) - raft.server.log.segment.cache.size.max = 200MB (=209715200) (default)
2022-02-01 13:06:02,847 [pool-261-thread-1] INFO  segmented.SegmentedRaftLogWorker (SegmentedRaftLogWorker.java:<init>(182)) - new 0a485a2f-0ff7-4195-9566-1226e5634ef5@group-58CBC3DC2A46-SegmentedRaftLogWorker for RaftStorageImpl:Storage Directory /home/runner/work/ozone/ozone/hadoop-ozone/integration-test/target/test-dir/MiniOzoneClusterImpl-8a3c48c2-e56b-48f6-9d69-6421286ed0f4/datanode-1/data/ratis/386d006c-0949-4f14-bb63-58cbc3dc2a46
2022-02-01 13:06:02,847 [pool-261-thread-1] INFO  server.RaftServerConfigKeys (ConfUtils.java:logGet(44)) - raft.server.log.queue.byte-limit = 2147483647 (custom)
2022-02-01 13:06:02,848 [pool-261-thread-1] INFO  server.RaftServerConfigKeys (ConfUtils.java:logGet(44)) - raft.server.log.queue.element-limit = 1024 (custom)
2022-02-01 13:06:02,848 [pool-261-thread-1] INFO  server.RaftServerConfigKeys (ConfUtils.java:logGet(44)) - raft.server.log.segment.size.max = 1048576 (custom)
2022-02-01 13:06:02,850 [pool-261-thread-1] INFO  server.RaftServerConfigKeys (ConfUtils.java:logGet(44)) - raft.server.log.preallocated.size = 16384 (custom)
2022-02-01 13:06:02,850 [pool-261-thread-1] INFO  server.RaftServerConfigKeys (ConfUtils.java:logGet(44)) - raft.server.log.force.sync.num = 128 (default)
2022-02-01 13:06:02,850 [pool-261-thread-1] INFO  server.RaftServerConfigKeys (ConfUtils.java:logGet(44)) - raft.server.log.statemachine.data.sync = true (default)
2022-02-01 13:06:02,850 [pool-261-thread-1] INFO  server.RaftServerConfigKeys (ConfUtils.java:logGet(44)) - raft.server.log.statemachine.data.sync.timeout = 10s (default)
2022-02-01 13:06:02,850 [pool-261-thread-1] INFO  server.RaftServerConfigKeys (ConfUtils.java:logGet(44)) - raft.server.log.statemachine.data.sync.timeout.retry = -1 (default)
2022-02-01 13:06:02,858 [pool-261-thread-1] INFO  server.RaftServerConfigKeys (ConfUtils.java:logGet(44)) - raft.server.log.write.buffer.size = 1048576 (custom)
2022-02-01 13:06:02,859 [pool-261-thread-1] INFO  server.RaftServerConfigKeys (ConfUtils.java:logGet(44)) - raft.server.log.statemachine.data.caching.enabled = true (custom)
2022-02-01 13:06:02,863 [pool-261-thread-1] INFO  segmented.SegmentedRaftLogWorker (SegmentedRaftLogWorker.java:lambda$new$0(133)) - 0a485a2f-0ff7-4195-9566-1226e5634ef5@group-58CBC3DC2A46-SegmentedRaftLogWorker: flushIndex: setUnconditionally 0 -> -1
2022-02-01 13:06:02,863 [pool-261-thread-1] INFO  segmented.SegmentedRaftLogWorker (SegmentedRaftLogWorker.java:lambda$new$0(133)) - 0a485a2f-0ff7-4195-9566-1226e5634ef5@group-58CBC3DC2A46-SegmentedRaftLogWorker: safeCacheEvictIndex: setUnconditionally 0 -> -1
2022-02-01 13:06:02,870 [pool-261-thread-1] INFO  server.RaftServerConfigKeys (ConfUtils.java:logGet(44)) - raft.server.snapshot.auto.trigger.enabled = true (custom)
2022-02-01 13:06:02,870 [pool-261-thread-1] INFO  server.RaftServerConfigKeys (ConfUtils.java:logGet(44)) - raft.server.snapshot.auto.trigger.threshold = 10000 (custom)
2022-02-01 13:06:02,870 [pool-261-thread-1] INFO  server.RaftServerConfigKeys (ConfUtils.java:logGet(44)) - raft.server.snapshot.retention.file.num = 5 (custom)
2022-02-01 13:06:02,870 [pool-261-thread-1] INFO  server.RaftServerConfigKeys (ConfUtils.java:logGet(44)) - raft.server.log.purge.upto.snapshot.index = false (default)
2022-02-01 13:06:02,870 [pool-261-thread-1] INFO  server.RaftServerConfigKeys (ConfUtils.java:logGet(44)) - raft.server.retrycache.expirytime = 600000ms (custom)
2022-02-01 13:06:02,870 [pool-261-thread-1] INFO  server.RaftServerConfigKeys (ConfUtils.java:logGet(44)) - raft.server.retrycache.statistics.expirytime = 100μs (default)
2022-02-01 13:06:02,871 [pool-261-thread-1] INFO  server.RaftServer$Division (RaftServerImpl.java:start(301)) - 0a485a2f-0ff7-4195-9566-1226e5634ef5@group-58CBC3DC2A46: start as a follower, conf=-1: [fdc21d65-1155-4ddf-a802-c6738f3821ca|rpc:10.1.0.40:44045|dataStream:|priority:0, 0a485a2f-0ff7-4195-9566-1226e5634ef5|rpc:10.1.0.40:41187|dataStream:|priority:0, 49be740d-43e0-4e70-9568-226dcd84f562|rpc:10.1.0.40:44177|dataStream:|priority:1], old=null
2022-02-01 13:06:02,873 [pool-261-thread-1] INFO  server.RaftServer$Division (RaftServerImpl.java:setRole(290)) - 0a485a2f-0ff7-4195-9566-1226e5634ef5@group-58CBC3DC2A46: changes role from      null to FOLLOWER at term 0 for startAsFollower
2022-02-01 13:06:02,873 [pool-261-thread-1] INFO  impl.RoleInfo (RoleInfo.java:updateAndGet(130)) - 0a485a2f-0ff7-4195-9566-1226e5634ef5: start 0a485a2f-0ff7-4195-9566-1226e5634ef5@group-58CBC3DC2A46-FollowerState
2022-02-01 13:06:02,877 [pool-261-thread-1] INFO  util.JmxRegister (JmxRegister.java:tryRegister(44)) - Successfully registered JMX Bean with object name Ratis:service=RaftServer,group=group-58CBC3DC2A46,id=0a485a2f-0ff7-4195-9566-1226e5634ef5
2022-02-01 13:06:02,965 [grpc-default-executor-1] INFO  server.RaftServer (RaftServerProxy.java:addNew(95)) - 49be740d-43e0-4e70-9568-226dcd84f562: addNew group-58CBC3DC2A46:[fdc21d65-1155-4ddf-a802-c6738f3821ca|rpc:10.1.0.40:44045|dataStream:|priority:0, 0a485a2f-0ff7-4195-9566-1226e5634ef5|rpc:10.1.0.40:41187|dataStream:|priority:0, 49be740d-43e0-4e70-9568-226dcd84f562|rpc:10.1.0.40:44177|dataStream:|priority:1] returns group-58CBC3DC2A46:java.util.concurrent.CompletableFuture@58132a2[Not completed]
2022-02-01 13:06:02,987 [pool-282-thread-1] INFO  server.RaftServer$Division (RaftServerImpl.java:<init>(184)) - 49be740d-43e0-4e70-9568-226dcd84f562: new RaftServerImpl for group-58CBC3DC2A46:[fdc21d65-1155-4ddf-a802-c6738f3821ca|rpc:10.1.0.40:44045|dataStream:|priority:0, 0a485a2f-0ff7-4195-9566-1226e5634ef5|rpc:10.1.0.40:41187|dataStream:|priority:0, 49be740d-43e0-4e70-9568-226dcd84f562|rpc:10.1.0.40:44177|dataStream:|priority:1] with ContainerStateMachine:uninitialized
2022-02-01 13:06:02,998 [pool-282-thread-1] INFO  server.RaftServerConfigKeys (ConfUtils.java:logGet(44)) - raft.server.rpc.timeout.min = 5s (custom)
2022-02-01 13:06:02,998 [pool-282-thread-1] INFO  server.RaftServerConfigKeys (ConfUtils.java:logGet(44)) - raft.server.rpc.timeout.max = 5200ms (custom)
2022-02-01 13:06:02,998 [pool-282-thread-1] INFO  server.RaftServerConfigKeys (ConfUtils.java:logGet(44)) - raft.server.rpc.sleep.time = 25ms (default)
2022-02-01 13:06:02,998 [pool-282-thread-1] INFO  server.RaftServerConfigKeys (ConfUtils.java:logGet(44)) - raft.server.rpc.slowness.timeout = 300s (custom)
2022-02-01 13:06:02,998 [pool-282-thread-1] INFO  server.RaftServerConfigKeys (ConfUtils.java:logGet(44)) - raft.server.leaderelection.leader.step-down.wait-time = 10s (default)
2022-02-01 13:06:02,998 [pool-282-thread-1] INFO  server.RaftServerConfigKeys (ConfUtils.java:logGet(44)) - raft.server.sleep.deviation.threshold = 300ms (default)
2022-02-01 13:06:02,998 [pool-282-thread-1] INFO  server.RaftServerConfigKeys (ConfUtils.java:logGet(44)) - raft.server.log.appender.install.snapshot.enabled = false (custom)
2022-02-01 13:06:02,998 [pool-282-thread-1] INFO  server.RaftServer$Division (ServerState.java:<init>(105)) - 49be740d-43e0-4e70-9568-226dcd84f562@group-58CBC3DC2A46: ConfigurationManager, init=-1: [fdc21d65-1155-4ddf-a802-c6738f3821ca|rpc:10.1.0.40:44045|dataStream:|priority:0, 0a485a2f-0ff7-4195-9566-1226e5634ef5|rpc:10.1.0.40:41187|dataStream:|priority:0, 49be740d-43e0-4e70-9568-226dcd84f562|rpc:10.1.0.40:44177|dataStream:|priority:1], old=null, confs=<EMPTY_MAP>
2022-02-01 13:06:02,999 [pool-282-thread-1] INFO  server.RaftServerConfigKeys (ConfUtils.java:logGet(44)) - raft.server.storage.dir = [/home/runner/work/ozone/ozone/hadoop-ozone/integration-test/target/test-dir/MiniOzoneClusterImpl-8a3c48c2-e56b-48f6-9d69-6421286ed0f4/datanode-2/data/ratis] (custom)
2022-02-01 13:06:02,999 [pool-282-thread-1] INFO  server.RaftServerConfigKeys (ConfUtils.java:logGet(44)) - raft.server.log.corruption.policy = EXCEPTION (default)
2022-02-01 13:06:02,999 [pool-282-thread-1] INFO  server.RaftServerConfigKeys (ConfUtils.java:logGet(44)) - raft.server.storage.free-space.min = 0MB (=0) (default)
2022-02-01 13:06:02,999 [pool-282-thread-1] INFO  storage.RaftStorageDirectory (RaftStorageDirectoryImpl.java:analyzeStorage(135)) - The storage directory /home/runner/work/ozone/ozone/hadoop-ozone/integration-test/target/test-dir/MiniOzoneClusterImpl-8a3c48c2-e56b-48f6-9d69-6421286ed0f4/datanode-2/data/ratis/386d006c-0949-4f14-bb63-58cbc3dc2a46 does not exist. Creating ...
2022-02-01 13:06:03,000 [pool-282-thread-1] INFO  storage.RaftStorageDirectory (RaftStorageDirectoryImpl.java:tryLock(230)) - Lock on /home/runner/work/ozone/ozone/hadoop-ozone/integration-test/target/test-dir/MiniOzoneClusterImpl-8a3c48c2-e56b-48f6-9d69-6421286ed0f4/datanode-2/data/ratis/386d006c-0949-4f14-bb63-58cbc3dc2a46/in_use.lock acquired by nodename 23332@fv-az59-591
2022-02-01 13:06:03,002 [pool-282-thread-1] INFO  storage.RaftStorage (RaftStorageImpl.java:format(89)) - Storage directory /home/runner/work/ozone/ozone/hadoop-ozone/integration-test/target/test-dir/MiniOzoneClusterImpl-8a3c48c2-e56b-48f6-9d69-6421286ed0f4/datanode-2/data/ratis/386d006c-0949-4f14-bb63-58cbc3dc2a46 has been successfully formatted.
2022-02-01 13:06:03,003 [pool-282-thread-1] INFO  ratis.ContainerStateMachine (ContainerStateMachine.java:loadSnapshot(231)) - group-58CBC3DC2A46: The snapshot info is null. Setting the last applied indexto:(t:0, i:~)
2022-02-01 13:06:03,003 [pool-282-thread-1] INFO  server.RaftServerConfigKeys (ConfUtils.java:logGet(44)) - raft.server.notification.no-leader.timeout = 300s (custom)
2022-02-01 13:06:03,003 [pool-282-thread-1] INFO  server.RaftServerConfigKeys (ConfUtils.java:logGet(44)) - raft.server.log.use.memory = false (default)
2022-02-01 13:06:03,003 [pool-282-thread-1] INFO  server.RaftServerConfigKeys (ConfUtils.java:logGet(44)) - raft.server.log.purge.gap = 1000000 (custom)
2022-02-01 13:06:03,004 [pool-282-thread-1] INFO  server.RaftServerConfigKeys (ConfUtils.java:logGet(44)) - raft.server.log.appender.buffer.byte-limit = 33554432 (custom)
2022-02-01 13:06:03,004 [pool-282-thread-1] INFO  server.RaftServerConfigKeys (ConfUtils.java:logGet(44)) - raft.server.log.segment.size.max = 1048576 (custom)
2022-02-01 13:06:03,004 [pool-282-thread-1] INFO  server.RaftServerConfigKeys (ConfUtils.java:logGet(44)) - raft.server.log.segment.cache.num.max = 2 (custom)
2022-02-01 13:06:03,004 [pool-282-thread-1] INFO  server.RaftServerConfigKeys (ConfUtils.java:logGet(44)) - raft.server.log.segment.cache.size.max = 200MB (=209715200) (default)
2022-02-01 13:06:03,004 [pool-282-thread-1] INFO  segmented.SegmentedRaftLogWorker (SegmentedRaftLogWorker.java:<init>(182)) - new 49be740d-43e0-4e70-9568-226dcd84f562@group-58CBC3DC2A46-SegmentedRaftLogWorker for RaftStorageImpl:Storage Directory /home/runner/work/ozone/ozone/hadoop-ozone/integration-test/target/test-dir/MiniOzoneClusterImpl-8a3c48c2-e56b-48f6-9d69-6421286ed0f4/datanode-2/data/ratis/386d006c-0949-4f14-bb63-58cbc3dc2a46
2022-02-01 13:06:03,004 [pool-282-thread-1] INFO  server.RaftServerConfigKeys (ConfUtils.java:logGet(44)) - raft.server.log.queue.byte-limit = 2147483647 (custom)
2022-02-01 13:06:03,004 [pool-282-thread-1] INFO  server.RaftServerConfigKeys (ConfUtils.java:logGet(44)) - raft.server.log.queue.element-limit = 1024 (custom)
2022-02-01 13:06:03,004 [pool-282-thread-1] INFO  server.RaftServerConfigKeys (ConfUtils.java:logGet(44)) - raft.server.log.segment.size.max = 1048576 (custom)
2022-02-01 13:06:03,004 [pool-282-thread-1] INFO  server.RaftServerConfigKeys (ConfUtils.java:logGet(44)) - raft.server.log.preallocated.size = 16384 (custom)
2022-02-01 13:06:03,004 [pool-282-thread-1] INFO  server.RaftServerConfigKeys (ConfUtils.java:logGet(44)) - raft.server.log.force.sync.num = 128 (default)
2022-02-01 13:06:03,004 [pool-282-thread-1] INFO  server.RaftServerConfigKeys (ConfUtils.java:logGet(44)) - raft.server.log.statemachine.data.sync = true (default)
2022-02-01 13:06:03,004 [pool-282-thread-1] INFO  server.RaftServerConfigKeys (ConfUtils.java:logGet(44)) - raft.server.log.statemachine.data.sync.timeout = 10s (default)
2022-02-01 13:06:03,004 [pool-282-thread-1] INFO  server.RaftServerConfigKeys (ConfUtils.java:logGet(44)) - raft.server.log.statemachine.data.sync.timeout.retry = -1 (default)
2022-02-01 13:06:03,005 [pool-282-thread-1] INFO  server.RaftServerConfigKeys (ConfUtils.java:logGet(44)) - raft.server.log.write.buffer.size = 1048576 (custom)
2022-02-01 13:06:03,005 [pool-282-thread-1] INFO  server.RaftServerConfigKeys (ConfUtils.java:logGet(44)) - raft.server.log.statemachine.data.caching.enabled = true (custom)
2022-02-01 13:06:03,006 [pool-282-thread-1] INFO  segmented.SegmentedRaftLogWorker (SegmentedRaftLogWorker.java:lambda$new$0(133)) - 49be740d-43e0-4e70-9568-226dcd84f562@group-58CBC3DC2A46-SegmentedRaftLogWorker: flushIndex: setUnconditionally 0 -> -1
2022-02-01 13:06:03,006 [pool-282-thread-1] INFO  segmented.SegmentedRaftLogWorker (SegmentedRaftLogWorker.java:lambda$new$0(133)) - 49be740d-43e0-4e70-9568-226dcd84f562@group-58CBC3DC2A46-SegmentedRaftLogWorker: safeCacheEvictIndex: setUnconditionally 0 -> -1
2022-02-01 13:06:03,010 [pool-282-thread-1] INFO  server.RaftServerConfigKeys (ConfUtils.java:logGet(44)) - raft.server.snapshot.auto.trigger.enabled = true (custom)
2022-02-01 13:06:03,010 [pool-282-thread-1] INFO  server.RaftServerConfigKeys (ConfUtils.java:logGet(44)) - raft.server.snapshot.auto.trigger.threshold = 10000 (custom)
2022-02-01 13:06:03,010 [pool-282-thread-1] INFO  server.RaftServerConfigKeys (ConfUtils.java:logGet(44)) - raft.server.snapshot.retention.file.num = 5 (custom)
2022-02-01 13:06:03,010 [pool-282-thread-1] INFO  server.RaftServerConfigKeys (ConfUtils.java:logGet(44)) - raft.server.log.purge.upto.snapshot.index = false (default)
2022-02-01 13:06:03,010 [pool-282-thread-1] INFO  server.RaftServerConfigKeys (ConfUtils.java:logGet(44)) - raft.server.retrycache.expirytime = 600000ms (custom)
2022-02-01 13:06:03,010 [pool-282-thread-1] INFO  server.RaftServerConfigKeys (ConfUtils.java:logGet(44)) - raft.server.retrycache.statistics.expirytime = 100μs (default)
2022-02-01 13:06:03,011 [pool-282-thread-1] INFO  server.RaftServer$Division (RaftServerImpl.java:start(301)) - 49be740d-43e0-4e70-9568-226dcd84f562@group-58CBC3DC2A46: start as a follower, conf=-1: [fdc21d65-1155-4ddf-a802-c6738f3821ca|rpc:10.1.0.40:44045|dataStream:|priority:0, 0a485a2f-0ff7-4195-9566-1226e5634ef5|rpc:10.1.0.40:41187|dataStream:|priority:0, 49be740d-43e0-4e70-9568-226dcd84f562|rpc:10.1.0.40:44177|dataStream:|priority:1], old=null
2022-02-01 13:06:03,011 [pool-282-thread-1] INFO  server.RaftServer$Division (RaftServerImpl.java:setRole(290)) - 49be740d-43e0-4e70-9568-226dcd84f562@group-58CBC3DC2A46: changes role from      null to FOLLOWER at term 0 for startAsFollower
2022-02-01 13:06:03,011 [pool-282-thread-1] INFO  impl.RoleInfo (RoleInfo.java:updateAndGet(130)) - 49be740d-43e0-4e70-9568-226dcd84f562: start 49be740d-43e0-4e70-9568-226dcd84f562@group-58CBC3DC2A46-FollowerState
2022-02-01 13:06:03,014 [pool-282-thread-1] INFO  util.JmxRegister (JmxRegister.java:tryRegister(44)) - Successfully registered JMX Bean with object name Ratis:service=RaftServer,group=group-58CBC3DC2A46,id=49be740d-43e0-4e70-9568-226dcd84f562
2022-02-01 13:06:03,041 [Command processor thread] INFO  commandhandler.CreatePipelineCommandHandler (CreatePipelineCommandHandler.java:handle(106)) - Created Pipeline RATIS THREE PipelineID=386d006c-0949-4f14-bb63-58cbc3dc2a46.
2022-02-01 13:06:03,065 [Command processor thread] INFO  server.RaftServer (RaftServerProxy.java:addNew(95)) - 0a485a2f-0ff7-4195-9566-1226e5634ef5: addNew group-DFB06CE4A98E:[0a485a2f-0ff7-4195-9566-1226e5634ef5|rpc:10.1.0.40:41187|priority:1] returns group-DFB06CE4A98E:java.util.concurrent.CompletableFuture@d88bca2[Not completed]
2022-02-01 13:06:03,066 [pool-261-thread-1] INFO  server.RaftServer$Division (RaftServerImpl.java:<init>(184)) - 0a485a2f-0ff7-4195-9566-1226e5634ef5: new RaftServerImpl for group-DFB06CE4A98E:[0a485a2f-0ff7-4195-9566-1226e5634ef5|rpc:10.1.0.40:41187|priority:1] with ContainerStateMachine:uninitialized
2022-02-01 13:06:03,067 [pool-261-thread-1] INFO  server.RaftServerConfigKeys (ConfUtils.java:logGet(44)) - raft.server.rpc.timeout.min = 5s (custom)
2022-02-01 13:06:03,067 [pool-261-thread-1] INFO  server.RaftServerConfigKeys (ConfUtils.java:logGet(44)) - raft.server.rpc.timeout.max = 5200ms (custom)
2022-02-01 13:06:03,067 [pool-261-thread-1] INFO  server.RaftServerConfigKeys (ConfUtils.java:logGet(44)) - raft.server.rpc.sleep.time = 25ms (default)
2022-02-01 13:06:03,067 [pool-261-thread-1] INFO  server.RaftServerConfigKeys (ConfUtils.java:logGet(44)) - raft.server.rpc.slowness.timeout = 300s (custom)
2022-02-01 13:06:03,067 [pool-261-thread-1] INFO  server.RaftServerConfigKeys (ConfUtils.java:logGet(44)) - raft.server.leaderelection.leader.step-down.wait-time = 10s (default)
2022-02-01 13:06:03,067 [pool-261-thread-1] INFO  server.RaftServerConfigKeys (ConfUtils.java:logGet(44)) - raft.server.sleep.deviation.threshold = 300ms (default)
2022-02-01 13:06:03,067 [pool-261-thread-1] INFO  server.RaftServerConfigKeys (ConfUtils.java:logGet(44)) - raft.server.log.appender.install.snapshot.enabled = false (custom)
2022-02-01 13:06:03,067 [pool-261-thread-1] INFO  server.RaftServer$Division (ServerState.java:<init>(105)) - 0a485a2f-0ff7-4195-9566-1226e5634ef5@group-DFB06CE4A98E: ConfigurationManager, init=-1: [0a485a2f-0ff7-4195-9566-1226e5634ef5|rpc:10.1.0.40:41187|priority:1], old=null, confs=<EMPTY_MAP>
2022-02-01 13:06:03,067 [pool-261-thread-1] INFO  server.RaftServerConfigKeys (ConfUtils.java:logGet(44)) - raft.server.storage.dir = [/home/runner/work/ozone/ozone/hadoop-ozone/integration-test/target/test-dir/MiniOzoneClusterImpl-8a3c48c2-e56b-48f6-9d69-6421286ed0f4/datanode-1/data/ratis] (custom)
2022-02-01 13:06:03,067 [pool-261-thread-1] INFO  server.RaftServerConfigKeys (ConfUtils.java:logGet(44)) - raft.server.log.corruption.policy = EXCEPTION (default)
2022-02-01 13:06:03,067 [pool-261-thread-1] INFO  server.RaftServerConfigKeys (ConfUtils.java:logGet(44)) - raft.server.storage.free-space.min = 0MB (=0) (default)
2022-02-01 13:06:03,068 [pool-261-thread-1] INFO  storage.RaftStorageDirectory (RaftStorageDirectoryImpl.java:analyzeStorage(135)) - The storage directory /home/runner/work/ozone/ozone/hadoop-ozone/integration-test/target/test-dir/MiniOzoneClusterImpl-8a3c48c2-e56b-48f6-9d69-6421286ed0f4/datanode-1/data/ratis/6619f43a-ad34-4f53-a9ce-dfb06ce4a98e does not exist. Creating ...
2022-02-01 13:06:03,069 [pool-261-thread-1] INFO  storage.RaftStorageDirectory (RaftStorageDirectoryImpl.java:tryLock(230)) - Lock on /home/runner/work/ozone/ozone/hadoop-ozone/integration-test/target/test-dir/MiniOzoneClusterImpl-8a3c48c2-e56b-48f6-9d69-6421286ed0f4/datanode-1/data/ratis/6619f43a-ad34-4f53-a9ce-dfb06ce4a98e/in_use.lock acquired by nodename 23332@fv-az59-591
2022-02-01 13:06:03,070 [pool-261-thread-1] INFO  storage.RaftStorage (RaftStorageImpl.java:format(89)) - Storage directory /home/runner/work/ozone/ozone/hadoop-ozone/integration-test/target/test-dir/MiniOzoneClusterImpl-8a3c48c2-e56b-48f6-9d69-6421286ed0f4/datanode-1/data/ratis/6619f43a-ad34-4f53-a9ce-dfb06ce4a98e has been successfully formatted.
2022-02-01 13:06:03,072 [EventQueue-PipelineReportForPipelineReportHandler] INFO  pipeline.PipelineManagerImpl (PipelineManagerImpl.java:openPipeline(291)) - Pipeline Pipeline[ Id: 6619f43a-ad34-4f53-a9ce-dfb06ce4a98e, Nodes: 0a485a2f-0ff7-4195-9566-1226e5634ef5{ip: 10.1.0.40, host: fv-az59-591.csjynl4pkq3e1pkirw3ssqjfoh.cx.internal.cloudapp.net, ports: [REPLICATION=46781, RATIS=41187, RATIS_ADMIN=41187, RATIS_SERVER=41187, STANDALONE=34617], networkLocation: /default-rack, certSerialId: null, persistedOpState: IN_SERVICE, persistedOpStateExpiryEpochSec: 0}, ReplicationConfig: RATIS/ONE, State:ALLOCATED, leaderId:0a485a2f-0ff7-4195-9566-1226e5634ef5, CreationTimestamp2022-02-01T13:06:00.078Z[Etc/UTC]] moved to OPEN state
2022-02-01 13:06:03,073 [pool-261-thread-1] INFO  ratis.ContainerStateMachine (ContainerStateMachine.java:loadSnapshot(231)) - group-DFB06CE4A98E: The snapshot info is null. Setting the last applied indexto:(t:0, i:~)
2022-02-01 13:06:03,073 [pool-261-thread-1] INFO  server.RaftServerConfigKeys (ConfUtils.java:logGet(44)) - raft.server.notification.no-leader.timeout = 300s (custom)
2022-02-01 13:06:03,073 [pool-261-thread-1] INFO  server.RaftServerConfigKeys (ConfUtils.java:logGet(44)) - raft.server.log.use.memory = false (default)
2022-02-01 13:06:03,074 [fe9b1876-1226-442e-bf61-922c3b3b04e7@group-6421286ED0F4-StateMachineUpdater] INFO  safemode.HealthyPipelineSafeModeRule (HealthyPipelineSafeModeRule.java:initializeRule(152)) - Refreshed total pipeline count is 0, healthy pipeline threshold count is 1
2022-02-01 13:06:03,078 [EventQueue-PipelineReportForPipelineReportHandler] INFO  ha.SCMHAInvocationHandler (SCMHAInvocationHandler.java:invokeRatis(113)) - Invoking method public abstract void org.apache.hadoop.hdds.scm.pipeline.PipelineStateManager.updatePipelineState(org.apache.hadoop.hdds.protocol.proto.HddsProtos$PipelineID,org.apache.hadoop.hdds.protocol.proto.HddsProtos$PipelineState) throws java.io.IOException on target org.apache.hadoop.hdds.scm.ha.SCMRatisServerImpl@7e771a3d, cost 5146.158us
2022-02-01 13:06:03,077 [pool-261-thread-1] INFO  server.RaftServerConfigKeys (ConfUtils.java:logGet(44)) - raft.server.log.purge.gap = 1000000 (custom)
2022-02-01 13:06:03,078 [EventQueue-OpenPipelineForHealthyPipelineSafeModeRule] INFO  safemode.SCMSafeModeManager (HealthyPipelineSafeModeRule.java:process(124)) - SCM in safe mode. Healthy pipelines reported count is 0, required healthy pipeline reported count is 1
2022-02-01 13:06:03,078 [pool-261-thread-1] INFO  server.RaftServerConfigKeys (ConfUtils.java:logGet(44)) - raft.server.log.appender.buffer.byte-limit = 33554432 (custom)
2022-02-01 13:06:03,078 [pool-261-thread-1] INFO  server.RaftServerConfigKeys (ConfUtils.java:logGet(44)) - raft.server.log.segment.size.max = 1048576 (custom)
2022-02-01 13:06:03,079 [pool-261-thread-1] INFO  server.RaftServerConfigKeys (ConfUtils.java:logGet(44)) - raft.server.log.segment.cache.num.max = 2 (custom)
2022-02-01 13:06:03,079 [pool-261-thread-1] INFO  server.RaftServerConfigKeys (ConfUtils.java:logGet(44)) - raft.server.log.segment.cache.size.max = 200MB (=209715200) (default)
2022-02-01 13:06:03,079 [pool-261-thread-1] INFO  segmented.SegmentedRaftLogWorker (SegmentedRaftLogWorker.java:<init>(182)) - new 0a485a2f-0ff7-4195-9566-1226e5634ef5@group-DFB06CE4A98E-SegmentedRaftLogWorker for RaftStorageImpl:Storage Directory /home/runner/work/ozone/ozone/hadoop-ozone/integration-test/target/test-dir/MiniOzoneClusterImpl-8a3c48c2-e56b-48f6-9d69-6421286ed0f4/datanode-1/data/ratis/6619f43a-ad34-4f53-a9ce-dfb06ce4a98e
2022-02-01 13:06:03,079 [pool-261-thread-1] INFO  server.RaftServerConfigKeys (ConfUtils.java:logGet(44)) - raft.server.log.queue.byte-limit = 2147483647 (custom)
2022-02-01 13:06:03,079 [pool-261-thread-1] INFO  server.RaftServerConfigKeys (ConfUtils.java:logGet(44)) - raft.server.log.queue.element-limit = 1024 (custom)
2022-02-01 13:06:03,079 [pool-261-thread-1] INFO  server.RaftServerConfigKeys (ConfUtils.java:logGet(44)) - raft.server.log.segment.size.max = 1048576 (custom)
2022-02-01 13:06:03,079 [pool-261-thread-1] INFO  server.RaftServerConfigKeys (ConfUtils.java:logGet(44)) - raft.server.log.preallocated.size = 16384 (custom)
2022-02-01 13:06:03,079 [pool-261-thread-1] INFO  server.RaftServerConfigKeys (ConfUtils.java:logGet(44)) - raft.server.log.force.sync.num = 128 (default)
2022-02-01 13:06:03,079 [pool-261-thread-1] INFO  server.RaftServerConfigKeys (ConfUtils.java:logGet(44)) - raft.server.log.statemachine.data.sync = true (default)
2022-02-01 13:06:03,079 [pool-261-thread-1] INFO  server.RaftServerConfigKeys (ConfUtils.java:logGet(44)) - raft.server.log.statemachine.data.sync.timeout = 10s (default)
2022-02-01 13:06:03,079 [pool-261-thread-1] INFO  server.RaftServerConfigKeys (ConfUtils.java:logGet(44)) - raft.server.log.statemachine.data.sync.timeout.retry = -1 (default)
2022-02-01 13:06:03,080 [pool-261-thread-1] INFO  server.RaftServerConfigKeys (ConfUtils.java:logGet(44)) - raft.server.log.write.buffer.size = 1048576 (custom)
2022-02-01 13:06:03,080 [pool-261-thread-1] INFO  server.RaftServerConfigKeys (ConfUtils.java:logGet(44)) - raft.server.log.statemachine.data.caching.enabled = true (custom)
2022-02-01 13:06:03,081 [pool-261-thread-1] INFO  segmented.SegmentedRaftLogWorker (SegmentedRaftLogWorker.java:lambda$new$0(133)) - 0a485a2f-0ff7-4195-9566-1226e5634ef5@group-DFB06CE4A98E-SegmentedRaftLogWorker: flushIndex: setUnconditionally 0 -> -1
2022-02-01 13:06:03,081 [pool-261-thread-1] INFO  segmented.SegmentedRaftLogWorker (SegmentedRaftLogWorker.java:lambda$new$0(133)) - 0a485a2f-0ff7-4195-9566-1226e5634ef5@group-DFB06CE4A98E-SegmentedRaftLogWorker: safeCacheEvictIndex: setUnconditionally 0 -> -1
2022-02-01 13:06:03,086 [pool-261-thread-1] INFO  server.RaftServerConfigKeys (ConfUtils.java:logGet(44)) - raft.server.snapshot.auto.trigger.enabled = true (custom)
2022-02-01 13:06:03,086 [pool-261-thread-1] INFO  server.RaftServerConfigKeys (ConfUtils.java:logGet(44)) - raft.server.snapshot.auto.trigger.threshold = 10000 (custom)
2022-02-01 13:06:03,086 [pool-261-thread-1] INFO  server.RaftServerConfigKeys (ConfUtils.java:logGet(44)) - raft.server.snapshot.retention.file.num = 5 (custom)
2022-02-01 13:06:03,086 [pool-261-thread-1] INFO  server.RaftServerConfigKeys (ConfUtils.java:logGet(44)) - raft.server.log.purge.upto.snapshot.index = false (default)
2022-02-01 13:06:03,086 [pool-261-thread-1] INFO  server.RaftServerConfigKeys (ConfUtils.java:logGet(44)) - raft.server.retrycache.expirytime = 600000ms (custom)
2022-02-01 13:06:03,086 [pool-261-thread-1] INFO  server.RaftServerConfigKeys (ConfUtils.java:logGet(44)) - raft.server.retrycache.statistics.expirytime = 100μs (default)
2022-02-01 13:06:03,087 [pool-261-thread-1] INFO  server.RaftServer$Division (RaftServerImpl.java:start(301)) - 0a485a2f-0ff7-4195-9566-1226e5634ef5@group-DFB06CE4A98E: start as a follower, conf=-1: [0a485a2f-0ff7-4195-9566-1226e5634ef5|rpc:10.1.0.40:41187|priority:1], old=null
2022-02-01 13:06:03,087 [pool-261-thread-1] INFO  server.RaftServer$Division (RaftServerImpl.java:setRole(290)) - 0a485a2f-0ff7-4195-9566-1226e5634ef5@group-DFB06CE4A98E: changes role from      null to FOLLOWER at term 0 for startAsFollower
2022-02-01 13:06:03,087 [pool-261-thread-1] INFO  impl.RoleInfo (RoleInfo.java:updateAndGet(130)) - 0a485a2f-0ff7-4195-9566-1226e5634ef5: start 0a485a2f-0ff7-4195-9566-1226e5634ef5@group-DFB06CE4A98E-FollowerState
2022-02-01 13:06:03,093 [pool-261-thread-1] INFO  util.JmxRegister (JmxRegister.java:tryRegister(44)) - Successfully registered JMX Bean with object name Ratis:service=RaftServer,group=group-DFB06CE4A98E,id=0a485a2f-0ff7-4195-9566-1226e5634ef5
2022-02-01 13:06:03,110 [Command processor thread] INFO  ratis.XceiverServerRatis (XceiverServerRatis.java:addGroup(768)) - Created group PipelineID=6619f43a-ad34-4f53-a9ce-dfb06ce4a98e
2022-02-01 13:06:03,110 [Command processor thread] INFO  commandhandler.CreatePipelineCommandHandler (CreatePipelineCommandHandler.java:handle(106)) - Created Pipeline RATIS ONE PipelineID=6619f43a-ad34-4f53-a9ce-dfb06ce4a98e.
2022-02-01 13:06:03,541 [Listener at 127.0.0.1/38443] INFO  ozone.MiniOzoneClusterImpl (MiniOzoneClusterImpl.java:lambda$waitForClusterToBeReady$0(219)) - Nodes are ready. Got 3 of 3 DN Heartbeats.
2022-02-01 13:06:03,541 [Listener at 127.0.0.1/38443] INFO  ozone.MiniOzoneClusterImpl (MiniOzoneClusterImpl.java:lambda$waitForClusterToBeReady$0(222)) - Waiting for cluster to exit safe mode
2022-02-01 13:06:03,541 [Listener at 127.0.0.1/38443] INFO  ozone.MiniOzoneClusterImpl (MiniOzoneClusterImpl.java:lambda$waitForClusterToBeReady$0(224)) - SCM became leader
2022-02-01 13:06:03,617 [Command processor thread] INFO  server.RaftServer (RaftServerProxy.java:addNew(95)) - 49be740d-43e0-4e70-9568-226dcd84f562: addNew group-846D385B2290:[49be740d-43e0-4e70-9568-226dcd84f562|rpc:10.1.0.40:44177|priority:1] returns group-846D385B2290:java.util.concurrent.CompletableFuture@598966ec[Not completed]
2022-02-01 13:06:03,620 [pool-282-thread-1] INFO  server.RaftServer$Division (RaftServerImpl.java:<init>(184)) - 49be740d-43e0-4e70-9568-226dcd84f562: new RaftServerImpl for group-846D385B2290:[49be740d-43e0-4e70-9568-226dcd84f562|rpc:10.1.0.40:44177|priority:1] with ContainerStateMachine:uninitialized
2022-02-01 13:06:03,620 [pool-282-thread-1] INFO  server.RaftServerConfigKeys (ConfUtils.java:logGet(44)) - raft.server.rpc.timeout.min = 5s (custom)
2022-02-01 13:06:03,620 [pool-282-thread-1] INFO  server.RaftServerConfigKeys (ConfUtils.java:logGet(44)) - raft.server.rpc.timeout.max = 5200ms (custom)
2022-02-01 13:06:03,620 [pool-282-thread-1] INFO  server.RaftServerConfigKeys (ConfUtils.java:logGet(44)) - raft.server.rpc.sleep.time = 25ms (default)
2022-02-01 13:06:03,620 [pool-282-thread-1] INFO  server.RaftServerConfigKeys (ConfUtils.java:logGet(44)) - raft.server.rpc.slowness.timeout = 300s (custom)
2022-02-01 13:06:03,620 [pool-282-thread-1] INFO  server.RaftServerConfigKeys (ConfUtils.java:logGet(44)) - raft.server.leaderelection.leader.step-down.wait-time = 10s (default)
2022-02-01 13:06:03,620 [pool-282-thread-1] INFO  server.RaftServerConfigKeys (ConfUtils.java:logGet(44)) - raft.server.sleep.deviation.threshold = 300ms (default)
2022-02-01 13:06:03,620 [pool-282-thread-1] INFO  server.RaftServerConfigKeys (ConfUtils.java:logGet(44)) - raft.server.log.appender.install.snapshot.enabled = false (custom)
2022-02-01 13:06:03,620 [pool-282-thread-1] INFO  server.RaftServer$Division (ServerState.java:<init>(105)) - 49be740d-43e0-4e70-9568-226dcd84f562@group-846D385B2290: ConfigurationManager, init=-1: [49be740d-43e0-4e70-9568-226dcd84f562|rpc:10.1.0.40:44177|priority:1], old=null, confs=<EMPTY_MAP>
2022-02-01 13:06:03,620 [pool-282-thread-1] INFO  server.RaftServerConfigKeys (ConfUtils.java:logGet(44)) - raft.server.storage.dir = [/home/runner/work/ozone/ozone/hadoop-ozone/integration-test/target/test-dir/MiniOzoneClusterImpl-8a3c48c2-e56b-48f6-9d69-6421286ed0f4/datanode-2/data/ratis] (custom)
2022-02-01 13:06:03,620 [pool-282-thread-1] INFO  server.RaftServerConfigKeys (ConfUtils.java:logGet(44)) - raft.server.log.corruption.policy = EXCEPTION (default)
2022-02-01 13:06:03,621 [pool-282-thread-1] INFO  server.RaftServerConfigKeys (ConfUtils.java:logGet(44)) - raft.server.storage.free-space.min = 0MB (=0) (default)
2022-02-01 13:06:03,621 [pool-282-thread-1] INFO  storage.RaftStorageDirectory (RaftStorageDirectoryImpl.java:analyzeStorage(135)) - The storage directory /home/runner/work/ozone/ozone/hadoop-ozone/integration-test/target/test-dir/MiniOzoneClusterImpl-8a3c48c2-e56b-48f6-9d69-6421286ed0f4/datanode-2/data/ratis/a48da3d5-36b2-4a1b-8025-846d385b2290 does not exist. Creating ...
2022-02-01 13:06:03,625 [pool-282-thread-1] INFO  storage.RaftStorageDirectory (RaftStorageDirectoryImpl.java:tryLock(230)) - Lock on /home/runner/work/ozone/ozone/hadoop-ozone/integration-test/target/test-dir/MiniOzoneClusterImpl-8a3c48c2-e56b-48f6-9d69-6421286ed0f4/datanode-2/data/ratis/a48da3d5-36b2-4a1b-8025-846d385b2290/in_use.lock acquired by nodename 23332@fv-az59-591
2022-02-01 13:06:03,627 [pool-282-thread-1] INFO  storage.RaftStorage (RaftStorageImpl.java:format(89)) - Storage directory /home/runner/work/ozone/ozone/hadoop-ozone/integration-test/target/test-dir/MiniOzoneClusterImpl-8a3c48c2-e56b-48f6-9d69-6421286ed0f4/datanode-2/data/ratis/a48da3d5-36b2-4a1b-8025-846d385b2290 has been successfully formatted.
2022-02-01 13:06:03,627 [pool-282-thread-1] INFO  ratis.ContainerStateMachine (ContainerStateMachine.java:loadSnapshot(231)) - group-846D385B2290: The snapshot info is null. Setting the last applied indexto:(t:0, i:~)
2022-02-01 13:06:03,627 [pool-282-thread-1] INFO  server.RaftServerConfigKeys (ConfUtils.java:logGet(44)) - raft.server.notification.no-leader.timeout = 300s (custom)
2022-02-01 13:06:03,628 [pool-282-thread-1] INFO  server.RaftServerConfigKeys (ConfUtils.java:logGet(44)) - raft.server.log.use.memory = false (default)
2022-02-01 13:06:03,628 [pool-282-thread-1] INFO  server.RaftServerConfigKeys (ConfUtils.java:logGet(44)) - raft.server.log.purge.gap = 1000000 (custom)
2022-02-01 13:06:03,628 [pool-282-thread-1] INFO  server.RaftServerConfigKeys (ConfUtils.java:logGet(44)) - raft.server.log.appender.buffer.byte-limit = 33554432 (custom)
2022-02-01 13:06:03,628 [pool-282-thread-1] INFO  server.RaftServerConfigKeys (ConfUtils.java:logGet(44)) - raft.server.log.segment.size.max = 1048576 (custom)
2022-02-01 13:06:03,628 [pool-282-thread-1] INFO  server.RaftServerConfigKeys (ConfUtils.java:logGet(44)) - raft.server.log.segment.cache.num.max = 2 (custom)
2022-02-01 13:06:03,628 [pool-282-thread-1] INFO  server.RaftServerConfigKeys (ConfUtils.java:logGet(44)) - raft.server.log.segment.cache.size.max = 200MB (=209715200) (default)
2022-02-01 13:06:03,628 [pool-282-thread-1] INFO  segmented.SegmentedRaftLogWorker (SegmentedRaftLogWorker.java:<init>(182)) - new 49be740d-43e0-4e70-9568-226dcd84f562@group-846D385B2290-SegmentedRaftLogWorker for RaftStorageImpl:Storage Directory /home/runner/work/ozone/ozone/hadoop-ozone/integration-test/target/test-dir/MiniOzoneClusterImpl-8a3c48c2-e56b-48f6-9d69-6421286ed0f4/datanode-2/data/ratis/a48da3d5-36b2-4a1b-8025-846d385b2290
2022-02-01 13:06:03,628 [pool-282-thread-1] INFO  server.RaftServerConfigKeys (ConfUtils.java:logGet(44)) - raft.server.log.queue.byte-limit = 2147483647 (custom)
2022-02-01 13:06:03,629 [pool-282-thread-1] INFO  server.RaftServerConfigKeys (ConfUtils.java:logGet(44)) - raft.server.log.queue.element-limit = 1024 (custom)
2022-02-01 13:06:03,629 [EventQueue-PipelineReportForPipelineReportHandler] INFO  pipeline.PipelineManagerImpl (PipelineManagerImpl.java:openPipeline(291)) - Pipeline Pipeline[ Id: a48da3d5-36b2-4a1b-8025-846d385b2290, Nodes: 49be740d-43e0-4e70-9568-226dcd84f562{ip: 10.1.0.40, host: fv-az59-591.csjynl4pkq3e1pkirw3ssqjfoh.cx.internal.cloudapp.net, ports: [REPLICATION=37545, RATIS=44177, RATIS_ADMIN=44177, RATIS_SERVER=44177, STANDALONE=38861], networkLocation: /default-rack, certSerialId: null, persistedOpState: IN_SERVICE, persistedOpStateExpiryEpochSec: 0}, ReplicationConfig: RATIS/ONE, State:ALLOCATED, leaderId:49be740d-43e0-4e70-9568-226dcd84f562, CreationTimestamp2022-02-01T13:06:00.619Z[Etc/UTC]] moved to OPEN state
2022-02-01 13:06:03,631 [fe9b1876-1226-442e-bf61-922c3b3b04e7@group-6421286ED0F4-StateMachineUpdater] INFO  safemode.HealthyPipelineSafeModeRule (HealthyPipelineSafeModeRule.java:initializeRule(152)) - Refreshed total pipeline count is 0, healthy pipeline threshold count is 1
2022-02-01 13:06:03,632 [EventQueue-PipelineReportForPipelineReportHandler] INFO  ha.SCMHAInvocationHandler (SCMHAInvocationHandler.java:invokeRatis(113)) - Invoking method public abstract void org.apache.hadoop.hdds.scm.pipeline.PipelineStateManager.updatePipelineState(org.apache.hadoop.hdds.protocol.proto.HddsProtos$PipelineID,org.apache.hadoop.hdds.protocol.proto.HddsProtos$PipelineState) throws java.io.IOException on target org.apache.hadoop.hdds.scm.ha.SCMRatisServerImpl@7e771a3d, cost 2611.329us
2022-02-01 13:06:03,633 [EventQueue-OpenPipelineForHealthyPipelineSafeModeRule] INFO  safemode.SCMSafeModeManager (HealthyPipelineSafeModeRule.java:process(124)) - SCM in safe mode. Healthy pipelines reported count is 0, required healthy pipeline reported count is 1
2022-02-01 13:06:03,632 [pool-282-thread-1] INFO  server.RaftServerConfigKeys (ConfUtils.java:logGet(44)) - raft.server.log.segment.size.max = 1048576 (custom)
2022-02-01 13:06:03,633 [pool-282-thread-1] INFO  server.RaftServerConfigKeys (ConfUtils.java:logGet(44)) - raft.server.log.preallocated.size = 16384 (custom)
2022-02-01 13:06:03,633 [pool-282-thread-1] INFO  server.RaftServerConfigKeys (ConfUtils.java:logGet(44)) - raft.server.log.force.sync.num = 128 (default)
2022-02-01 13:06:03,633 [pool-282-thread-1] INFO  server.RaftServerConfigKeys (ConfUtils.java:logGet(44)) - raft.server.log.statemachine.data.sync = true (default)
2022-02-01 13:06:03,633 [pool-282-thread-1] INFO  server.RaftServerConfigKeys (ConfUtils.java:logGet(44)) - raft.server.log.statemachine.data.sync.timeout = 10s (default)
2022-02-01 13:06:03,633 [pool-282-thread-1] INFO  server.RaftServerConfigKeys (ConfUtils.java:logGet(44)) - raft.server.log.statemachine.data.sync.timeout.retry = -1 (default)
2022-02-01 13:06:03,634 [pool-282-thread-1] INFO  server.RaftServerConfigKeys (ConfUtils.java:logGet(44)) - raft.server.log.write.buffer.size = 1048576 (custom)
2022-02-01 13:06:03,635 [pool-282-thread-1] INFO  server.RaftServerConfigKeys (ConfUtils.java:logGet(44)) - raft.server.log.statemachine.data.caching.enabled = true (custom)
2022-02-01 13:06:03,635 [pool-282-thread-1] INFO  segmented.SegmentedRaftLogWorker (SegmentedRaftLogWorker.java:lambda$new$0(133)) - 49be740d-43e0-4e70-9568-226dcd84f562@group-846D385B2290-SegmentedRaftLogWorker: flushIndex: setUnconditionally 0 -> -1
2022-02-01 13:06:03,635 [pool-282-thread-1] INFO  segmented.SegmentedRaftLogWorker (SegmentedRaftLogWorker.java:lambda$new$0(133)) - 49be740d-43e0-4e70-9568-226dcd84f562@group-846D385B2290-SegmentedRaftLogWorker: safeCacheEvictIndex: setUnconditionally 0 -> -1
2022-02-01 13:06:03,640 [pool-282-thread-1] INFO  server.RaftServerConfigKeys (ConfUtils.java:logGet(44)) - raft.server.snapshot.auto.trigger.enabled = true (custom)
2022-02-01 13:06:03,640 [pool-282-thread-1] INFO  server.RaftServerConfigKeys (ConfUtils.java:logGet(44)) - raft.server.snapshot.auto.trigger.threshold = 10000 (custom)
2022-02-01 13:06:03,640 [pool-282-thread-1] INFO  server.RaftServerConfigKeys (ConfUtils.java:logGet(44)) - raft.server.snapshot.retention.file.num = 5 (custom)
2022-02-01 13:06:03,640 [pool-282-thread-1] INFO  server.RaftServerConfigKeys (ConfUtils.java:logGet(44)) - raft.server.log.purge.upto.snapshot.index = false (default)
2022-02-01 13:06:03,640 [pool-282-thread-1] INFO  server.RaftServerConfigKeys (ConfUtils.java:logGet(44)) - raft.server.retrycache.expirytime = 600000ms (custom)
2022-02-01 13:06:03,640 [pool-282-thread-1] INFO  server.RaftServerConfigKeys (ConfUtils.java:logGet(44)) - raft.server.retrycache.statistics.expirytime = 100μs (default)
2022-02-01 13:06:03,647 [pool-282-thread-1] INFO  server.RaftServer$Division (RaftServerImpl.java:start(301)) - 49be740d-43e0-4e70-9568-226dcd84f562@group-846D385B2290: start as a follower, conf=-1: [49be740d-43e0-4e70-9568-226dcd84f562|rpc:10.1.0.40:44177|priority:1], old=null
2022-02-01 13:06:03,647 [pool-282-thread-1] INFO  server.RaftServer$Division (RaftServerImpl.java:setRole(290)) - 49be740d-43e0-4e70-9568-226dcd84f562@group-846D385B2290: changes role from      null to FOLLOWER at term 0 for startAsFollower
2022-02-01 13:06:03,647 [pool-282-thread-1] INFO  impl.RoleInfo (RoleInfo.java:updateAndGet(130)) - 49be740d-43e0-4e70-9568-226dcd84f562: start 49be740d-43e0-4e70-9568-226dcd84f562@group-846D385B2290-FollowerState
2022-02-01 13:06:03,662 [pool-282-thread-1] INFO  util.JmxRegister (JmxRegister.java:tryRegister(44)) - Successfully registered JMX Bean with object name Ratis:service=RaftServer,group=group-846D385B2290,id=49be740d-43e0-4e70-9568-226dcd84f562
2022-02-01 13:06:03,670 [Command processor thread] INFO  ratis.XceiverServerRatis (XceiverServerRatis.java:addGroup(768)) - Created group PipelineID=a48da3d5-36b2-4a1b-8025-846d385b2290
2022-02-01 13:06:03,670 [Command processor thread] INFO  commandhandler.CreatePipelineCommandHandler (CreatePipelineCommandHandler.java:handle(106)) - Created Pipeline RATIS ONE PipelineID=a48da3d5-36b2-4a1b-8025-846d385b2290.
2022-02-01 13:06:04,542 [Listener at 127.0.0.1/38443] INFO  ozone.MiniOzoneClusterImpl (MiniOzoneClusterImpl.java:lambda$waitForClusterToBeReady$0(219)) - Nodes are ready. Got 3 of 3 DN Heartbeats.
2022-02-01 13:06:04,542 [Listener at 127.0.0.1/38443] INFO  ozone.MiniOzoneClusterImpl (MiniOzoneClusterImpl.java:lambda$waitForClusterToBeReady$0(222)) - Waiting for cluster to exit safe mode
2022-02-01 13:06:04,542 [Listener at 127.0.0.1/38443] INFO  ozone.MiniOzoneClusterImpl (MiniOzoneClusterImpl.java:lambda$waitForClusterToBeReady$0(224)) - SCM became leader
2022-02-01 13:06:05,542 [Listener at 127.0.0.1/38443] INFO  ozone.MiniOzoneClusterImpl (MiniOzoneClusterImpl.java:lambda$waitForClusterToBeReady$0(219)) - Nodes are ready. Got 3 of 3 DN Heartbeats.
2022-02-01 13:06:05,542 [Listener at 127.0.0.1/38443] INFO  ozone.MiniOzoneClusterImpl (MiniOzoneClusterImpl.java:lambda$waitForClusterToBeReady$0(222)) - Waiting for cluster to exit safe mode
2022-02-01 13:06:05,542 [Listener at 127.0.0.1/38443] INFO  ozone.MiniOzoneClusterImpl (MiniOzoneClusterImpl.java:lambda$waitForClusterToBeReady$0(224)) - SCM became leader
2022-02-01 13:06:06,543 [Listener at 127.0.0.1/38443] INFO  ozone.MiniOzoneClusterImpl (MiniOzoneClusterImpl.java:lambda$waitForClusterToBeReady$0(219)) - Nodes are ready. Got 3 of 3 DN Heartbeats.
2022-02-01 13:06:06,543 [Listener at 127.0.0.1/38443] INFO  ozone.MiniOzoneClusterImpl (MiniOzoneClusterImpl.java:lambda$waitForClusterToBeReady$0(222)) - Waiting for cluster to exit safe mode
2022-02-01 13:06:06,543 [Listener at 127.0.0.1/38443] INFO  ozone.MiniOzoneClusterImpl (MiniOzoneClusterImpl.java:lambda$waitForClusterToBeReady$0(224)) - SCM became leader
2022-02-01 13:06:07,543 [Listener at 127.0.0.1/38443] INFO  ozone.MiniOzoneClusterImpl (MiniOzoneClusterImpl.java:lambda$waitForClusterToBeReady$0(219)) - Nodes are ready. Got 3 of 3 DN Heartbeats.
2022-02-01 13:06:07,543 [Listener at 127.0.0.1/38443] INFO  ozone.MiniOzoneClusterImpl (MiniOzoneClusterImpl.java:lambda$waitForClusterToBeReady$0(222)) - Waiting for cluster to exit safe mode
2022-02-01 13:06:07,543 [Listener at 127.0.0.1/38443] INFO  ozone.MiniOzoneClusterImpl (MiniOzoneClusterImpl.java:lambda$waitForClusterToBeReady$0(224)) - SCM became leader
2022-02-01 13:06:07,965 [fdc21d65-1155-4ddf-a802-c6738f3821ca@group-2AB9EADC00D4-FollowerState] INFO  impl.FollowerState (FollowerState.java:run(134)) - fdc21d65-1155-4ddf-a802-c6738f3821ca@group-2AB9EADC00D4-FollowerState: change to CANDIDATE, lastRpcElapsedTime:5218613331ns, electionTimeout:5197ms
2022-02-01 13:06:07,965 [fdc21d65-1155-4ddf-a802-c6738f3821ca@group-2AB9EADC00D4-FollowerState] INFO  impl.RoleInfo (RoleInfo.java:shutdownFollowerState(108)) - fdc21d65-1155-4ddf-a802-c6738f3821ca: shutdown fdc21d65-1155-4ddf-a802-c6738f3821ca@group-2AB9EADC00D4-FollowerState
2022-02-01 13:06:07,965 [fdc21d65-1155-4ddf-a802-c6738f3821ca@group-2AB9EADC00D4-FollowerState] INFO  server.RaftServer$Division (RaftServerImpl.java:setRole(290)) - fdc21d65-1155-4ddf-a802-c6738f3821ca@group-2AB9EADC00D4: changes role from  FOLLOWER to CANDIDATE at term 0 for changeToCandidate
2022-02-01 13:06:07,965 [fdc21d65-1155-4ddf-a802-c6738f3821ca@group-2AB9EADC00D4-FollowerState] INFO  server.RaftServerConfigKeys (ConfUtils.java:logGet(44)) - raft.server.leaderelection.pre-vote = false (custom)
2022-02-01 13:06:07,965 [fdc21d65-1155-4ddf-a802-c6738f3821ca@group-2AB9EADC00D4-FollowerState] INFO  impl.RoleInfo (RoleInfo.java:updateAndGet(130)) - fdc21d65-1155-4ddf-a802-c6738f3821ca: start fdc21d65-1155-4ddf-a802-c6738f3821ca@group-2AB9EADC00D4-LeaderElection18
2022-02-01 13:06:07,978 [fdc21d65-1155-4ddf-a802-c6738f3821ca@group-2AB9EADC00D4-LeaderElection18] INFO  impl.LeaderElection (LeaderElection.java:askForVotes(306)) - fdc21d65-1155-4ddf-a802-c6738f3821ca@group-2AB9EADC00D4-LeaderElection18 ELECTION round 0: submit vote requests at term 1 for -1: [fdc21d65-1155-4ddf-a802-c6738f3821ca|rpc:10.1.0.40:44045|priority:1], old=null
2022-02-01 13:06:07,978 [fdc21d65-1155-4ddf-a802-c6738f3821ca@group-2AB9EADC00D4-LeaderElection18] INFO  impl.LeaderElection (LeaderElection.java:askForVotes(308)) - fdc21d65-1155-4ddf-a802-c6738f3821ca@group-2AB9EADC00D4-LeaderElection18 ELECTION round 0: result PASSED (term=1)
2022-02-01 13:06:07,978 [fdc21d65-1155-4ddf-a802-c6738f3821ca@group-2AB9EADC00D4-LeaderElection18] INFO  impl.RoleInfo (RoleInfo.java:shutdownLeaderElection(121)) - fdc21d65-1155-4ddf-a802-c6738f3821ca: shutdown fdc21d65-1155-4ddf-a802-c6738f3821ca@group-2AB9EADC00D4-LeaderElection18
2022-02-01 13:06:07,978 [fdc21d65-1155-4ddf-a802-c6738f3821ca@group-2AB9EADC00D4-LeaderElection18] INFO  server.RaftServer$Division (RaftServerImpl.java:setRole(290)) - fdc21d65-1155-4ddf-a802-c6738f3821ca@group-2AB9EADC00D4: changes role from CANDIDATE to LEADER at term 1 for changeToLeader
2022-02-01 13:06:07,978 [fdc21d65-1155-4ddf-a802-c6738f3821ca@group-2AB9EADC00D4-LeaderElection18] INFO  ratis.XceiverServerRatis (XceiverServerRatis.java:handleLeaderChangedNotification(866)) - Leader change notification received for group: group-2AB9EADC00D4 with new leaderId: fdc21d65-1155-4ddf-a802-c6738f3821ca
2022-02-01 13:06:07,978 [fdc21d65-1155-4ddf-a802-c6738f3821ca@group-2AB9EADC00D4-LeaderElection18] INFO  server.RaftServer$Division (ServerState.java:setLeader(285)) - fdc21d65-1155-4ddf-a802-c6738f3821ca@group-2AB9EADC00D4: change Leader from null to fdc21d65-1155-4ddf-a802-c6738f3821ca at term 1 for becomeLeader, leader elected after 5255ms
2022-02-01 13:06:07,978 [fdc21d65-1155-4ddf-a802-c6738f3821ca@group-2AB9EADC00D4-LeaderElection18] INFO  server.RaftServerConfigKeys (ConfUtils.java:logGet(44)) - raft.server.staging.catchup.gap = 1000 (default)
2022-02-01 13:06:07,979 [fdc21d65-1155-4ddf-a802-c6738f3821ca@group-2AB9EADC00D4-LeaderElection18] INFO  server.RaftServerConfigKeys (ConfUtils.java:logGet(44)) - raft.server.write.element-limit = 1024 (custom)
2022-02-01 13:06:07,979 [fdc21d65-1155-4ddf-a802-c6738f3821ca@group-2AB9EADC00D4-LeaderElection18] INFO  server.RaftServerConfigKeys (ConfUtils.java:logGet(44)) - raft.server.write.byte-limit = 1024 M (=1073741824) (custom)
2022-02-01 13:06:07,979 [fdc21d65-1155-4ddf-a802-c6738f3821ca@group-2AB9EADC00D4-LeaderElection18] INFO  server.RaftServerConfigKeys (ConfUtils.java:logGet(44)) - raft.server.watch.timeout = 180s (custom)
2022-02-01 13:06:07,979 [fdc21d65-1155-4ddf-a802-c6738f3821ca@group-2AB9EADC00D4-LeaderElection18] INFO  server.RaftServerConfigKeys (ConfUtils.java:logGet(44)) - raft.server.watch.timeout.denomination = 1s (default)
2022-02-01 13:06:07,979 [fdc21d65-1155-4ddf-a802-c6738f3821ca@group-2AB9EADC00D4-LeaderElection18] INFO  server.RaftServerConfigKeys (ConfUtils.java:logGet(44)) - raft.server.watch.element-limit = 65536 (default)
2022-02-01 13:06:07,979 [fdc21d65-1155-4ddf-a802-c6738f3821ca@group-2AB9EADC00D4-LeaderElection18] INFO  server.RaftServerConfigKeys (ConfUtils.java:logGet(44)) - raft.server.write.element-limit = 1024 (custom)
2022-02-01 13:06:07,979 [fdc21d65-1155-4ddf-a802-c6738f3821ca@group-2AB9EADC00D4-LeaderElection18] INFO  server.RaftServerConfigKeys (ConfUtils.java:logGet(44)) - raft.server.write.follower.gap.ratio.max = -1.0 (default)
2022-02-01 13:06:07,979 [fdc21d65-1155-4ddf-a802-c6738f3821ca@group-2AB9EADC00D4-LeaderElection18] INFO  impl.RoleInfo (RoleInfo.java:updateAndGet(130)) - fdc21d65-1155-4ddf-a802-c6738f3821ca: start fdc21d65-1155-4ddf-a802-c6738f3821ca@group-2AB9EADC00D4-LeaderStateImpl
2022-02-01 13:06:07,980 [fdc21d65-1155-4ddf-a802-c6738f3821ca@group-2AB9EADC00D4-LeaderElection18] INFO  segmented.SegmentedRaftLogWorker (SegmentedRaftLogWorker.java:startLogSegment(394)) - fdc21d65-1155-4ddf-a802-c6738f3821ca@group-2AB9EADC00D4-SegmentedRaftLogWorker: Starting segment from index:0
2022-02-01 13:06:07,986 [EventQueue-OpenPipelineForHealthyPipelineSafeModeRule] INFO  safemode.SCMSafeModeManager (HealthyPipelineSafeModeRule.java:process(124)) - SCM in safe mode. Healthy pipelines reported count is 0, required healthy pipeline reported count is 1
2022-02-01 13:06:07,988 [fdc21d65-1155-4ddf-a802-c6738f3821ca@group-2AB9EADC00D4-SegmentedRaftLogWorker] INFO  segmented.SegmentedRaftLogWorker (SegmentedRaftLogWorker.java:execute(601)) - fdc21d65-1155-4ddf-a802-c6738f3821ca@group-2AB9EADC00D4-SegmentedRaftLogWorker: created new log segment /home/runner/work/ozone/ozone/hadoop-ozone/integration-test/target/test-dir/MiniOzoneClusterImpl-8a3c48c2-e56b-48f6-9d69-6421286ed0f4/datanode-0/data/ratis/4307d533-89b0-4f17-b578-2ab9eadc00d4/current/log_inprogress_0
2022-02-01 13:06:07,988 [fdc21d65-1155-4ddf-a802-c6738f3821ca@group-58CBC3DC2A46-FollowerState] INFO  impl.FollowerState (FollowerState.java:run(134)) - fdc21d65-1155-4ddf-a802-c6738f3821ca@group-58CBC3DC2A46-FollowerState: change to CANDIDATE, lastRpcElapsedTime:5200223525ns, electionTimeout:5194ms
2022-02-01 13:06:08,005 [fdc21d65-1155-4ddf-a802-c6738f3821ca@group-2AB9EADC00D4-LeaderElection18] INFO  server.RaftServer$Division (ServerState.java:setRaftConf(387)) - fdc21d65-1155-4ddf-a802-c6738f3821ca@group-2AB9EADC00D4: set configuration 0: [fdc21d65-1155-4ddf-a802-c6738f3821ca|rpc:10.1.0.40:44045|dataStream:|priority:1], old=null
2022-02-01 13:06:08,012 [fdc21d65-1155-4ddf-a802-c6738f3821ca@group-58CBC3DC2A46-FollowerState] INFO  impl.RoleInfo (RoleInfo.java:shutdownFollowerState(108)) - fdc21d65-1155-4ddf-a802-c6738f3821ca: shutdown fdc21d65-1155-4ddf-a802-c6738f3821ca@group-58CBC3DC2A46-FollowerState
2022-02-01 13:06:08,012 [fdc21d65-1155-4ddf-a802-c6738f3821ca@group-58CBC3DC2A46-FollowerState] INFO  server.RaftServer$Division (RaftServerImpl.java:setRole(290)) - fdc21d65-1155-4ddf-a802-c6738f3821ca@group-58CBC3DC2A46: changes role from  FOLLOWER to CANDIDATE at term 0 for changeToCandidate
2022-02-01 13:06:08,012 [fdc21d65-1155-4ddf-a802-c6738f3821ca@group-58CBC3DC2A46-FollowerState] INFO  server.RaftServerConfigKeys (ConfUtils.java:logGet(44)) - raft.server.leaderelection.pre-vote = false (custom)
2022-02-01 13:06:08,012 [fdc21d65-1155-4ddf-a802-c6738f3821ca@group-58CBC3DC2A46-FollowerState] INFO  impl.RoleInfo (RoleInfo.java:updateAndGet(130)) - fdc21d65-1155-4ddf-a802-c6738f3821ca: start fdc21d65-1155-4ddf-a802-c6738f3821ca@group-58CBC3DC2A46-LeaderElection19
2022-02-01 13:06:08,037 [fdc21d65-1155-4ddf-a802-c6738f3821ca@group-58CBC3DC2A46-LeaderElection19] INFO  impl.LeaderElection (LeaderElection.java:askForVotes(306)) - fdc21d65-1155-4ddf-a802-c6738f3821ca@group-58CBC3DC2A46-LeaderElection19 ELECTION round 0: submit vote requests at term 1 for -1: [fdc21d65-1155-4ddf-a802-c6738f3821ca|rpc:10.1.0.40:44045|priority:0, 0a485a2f-0ff7-4195-9566-1226e5634ef5|rpc:10.1.0.40:41187|priority:0, 49be740d-43e0-4e70-9568-226dcd84f562|rpc:10.1.0.40:44177|priority:1], old=null
2022-02-01 13:06:08,045 [0a485a2f-0ff7-4195-9566-1226e5634ef5@group-58CBC3DC2A46-FollowerState] INFO  impl.FollowerState (FollowerState.java:run(134)) - 0a485a2f-0ff7-4195-9566-1226e5634ef5@group-58CBC3DC2A46-FollowerState: change to CANDIDATE, lastRpcElapsedTime:5172242010ns, electionTimeout:5167ms
2022-02-01 13:06:08,045 [0a485a2f-0ff7-4195-9566-1226e5634ef5@group-58CBC3DC2A46-FollowerState] INFO  impl.RoleInfo (RoleInfo.java:shutdownFollowerState(108)) - 0a485a2f-0ff7-4195-9566-1226e5634ef5: shutdown 0a485a2f-0ff7-4195-9566-1226e5634ef5@group-58CBC3DC2A46-FollowerState
2022-02-01 13:06:08,046 [0a485a2f-0ff7-4195-9566-1226e5634ef5@group-58CBC3DC2A46-FollowerState] INFO  server.RaftServer$Division (RaftServerImpl.java:setRole(290)) - 0a485a2f-0ff7-4195-9566-1226e5634ef5@group-58CBC3DC2A46: changes role from  FOLLOWER to CANDIDATE at term 0 for changeToCandidate
2022-02-01 13:06:08,053 [0a485a2f-0ff7-4195-9566-1226e5634ef5@group-58CBC3DC2A46-FollowerState] INFO  server.RaftServerConfigKeys (ConfUtils.java:logGet(44)) - raft.server.leaderelection.pre-vote = false (custom)
2022-02-01 13:06:08,053 [0a485a2f-0ff7-4195-9566-1226e5634ef5@group-58CBC3DC2A46-FollowerState] INFO  impl.RoleInfo (RoleInfo.java:updateAndGet(130)) - 0a485a2f-0ff7-4195-9566-1226e5634ef5: start 0a485a2f-0ff7-4195-9566-1226e5634ef5@group-58CBC3DC2A46-LeaderElection20
2022-02-01 13:06:08,065 [49be740d-43e0-4e70-9568-226dcd84f562@group-58CBC3DC2A46-FollowerState] INFO  impl.FollowerState (FollowerState.java:run(134)) - 49be740d-43e0-4e70-9568-226dcd84f562@group-58CBC3DC2A46-FollowerState: change to CANDIDATE, lastRpcElapsedTime:5053197279ns, electionTimeout:5050ms
2022-02-01 13:06:08,065 [49be740d-43e0-4e70-9568-226dcd84f562@group-58CBC3DC2A46-FollowerState] INFO  impl.RoleInfo (RoleInfo.java:shutdownFollowerState(108)) - 49be740d-43e0-4e70-9568-226dcd84f562: shutdown 49be740d-43e0-4e70-9568-226dcd84f562@group-58CBC3DC2A46-FollowerState
2022-02-01 13:06:08,065 [49be740d-43e0-4e70-9568-226dcd84f562@group-58CBC3DC2A46-FollowerState] INFO  server.RaftServer$Division (RaftServerImpl.java:setRole(290)) - 49be740d-43e0-4e70-9568-226dcd84f562@group-58CBC3DC2A46: changes role from  FOLLOWER to CANDIDATE at term 0 for changeToCandidate
2022-02-01 13:06:08,065 [49be740d-43e0-4e70-9568-226dcd84f562@group-58CBC3DC2A46-FollowerState] INFO  server.RaftServerConfigKeys (ConfUtils.java:logGet(44)) - raft.server.leaderelection.pre-vote = false (custom)
2022-02-01 13:06:08,065 [49be740d-43e0-4e70-9568-226dcd84f562@group-58CBC3DC2A46-FollowerState] INFO  impl.RoleInfo (RoleInfo.java:updateAndGet(130)) - 49be740d-43e0-4e70-9568-226dcd84f562: start 49be740d-43e0-4e70-9568-226dcd84f562@group-58CBC3DC2A46-LeaderElection21
2022-02-01 13:06:08,089 [grpc-default-executor-1] INFO  server.RaftServer$Division (RaftServerImpl.java:requestVote(1046)) - 49be740d-43e0-4e70-9568-226dcd84f562@group-58CBC3DC2A46: receive requestVote(ELECTION, fdc21d65-1155-4ddf-a802-c6738f3821ca, group-58CBC3DC2A46, 1, (t:0, i:0))
2022-02-01 13:06:08,089 [grpc-default-executor-1] INFO  impl.VoteContext (VoteContext.java:log(48)) - 49be740d-43e0-4e70-9568-226dcd84f562@group-58CBC3DC2A46-CANDIDATE: reject ELECTION from fdc21d65-1155-4ddf-a802-c6738f3821ca: our priority 1 > candidate's priority 0
2022-02-01 13:06:08,089 [grpc-default-executor-1] INFO  server.RaftServer$Division (RaftServerImpl.java:setRole(290)) - 49be740d-43e0-4e70-9568-226dcd84f562@group-58CBC3DC2A46: changes role from CANDIDATE to FOLLOWER at term 1 for candidate:fdc21d65-1155-4ddf-a802-c6738f3821ca
2022-02-01 13:06:08,089 [grpc-default-executor-1] INFO  impl.RoleInfo (RoleInfo.java:shutdownLeaderElection(121)) - 49be740d-43e0-4e70-9568-226dcd84f562: shutdown 49be740d-43e0-4e70-9568-226dcd84f562@group-58CBC3DC2A46-LeaderElection21
2022-02-01 13:06:08,090 [grpc-default-executor-1] INFO  impl.RoleInfo (RoleInfo.java:updateAndGet(130)) - 49be740d-43e0-4e70-9568-226dcd84f562: start 49be740d-43e0-4e70-9568-226dcd84f562@group-58CBC3DC2A46-FollowerState
2022-02-01 13:06:08,090 [0a485a2f-0ff7-4195-9566-1226e5634ef5@group-58CBC3DC2A46-LeaderElection20] INFO  impl.LeaderElection (LeaderElection.java:askForVotes(306)) - 0a485a2f-0ff7-4195-9566-1226e5634ef5@group-58CBC3DC2A46-LeaderElection20 ELECTION round 0: submit vote requests at term 1 for -1: [fdc21d65-1155-4ddf-a802-c6738f3821ca|rpc:10.1.0.40:44045|dataStream:|priority:0, 0a485a2f-0ff7-4195-9566-1226e5634ef5|rpc:10.1.0.40:41187|dataStream:|priority:0, 49be740d-43e0-4e70-9568-226dcd84f562|rpc:10.1.0.40:44177|dataStream:|priority:1], old=null
2022-02-01 13:06:08,099 [grpc-default-executor-1] INFO  server.RaftServer$Division (RaftServerImpl.java:requestVote(1078)) - 49be740d-43e0-4e70-9568-226dcd84f562@group-58CBC3DC2A46 replies to ELECTION vote request: fdc21d65-1155-4ddf-a802-c6738f3821ca<-49be740d-43e0-4e70-9568-226dcd84f562#0:FAIL-t1. Peer's state: 49be740d-43e0-4e70-9568-226dcd84f562@group-58CBC3DC2A46:t1, leader=null, voted=null, raftlog=49be740d-43e0-4e70-9568-226dcd84f562@group-58CBC3DC2A46-SegmentedRaftLog:OPENED:c-1, conf=-1: [fdc21d65-1155-4ddf-a802-c6738f3821ca|rpc:10.1.0.40:44045|dataStream:|priority:0, 0a485a2f-0ff7-4195-9566-1226e5634ef5|rpc:10.1.0.40:41187|dataStream:|priority:0, 49be740d-43e0-4e70-9568-226dcd84f562|rpc:10.1.0.40:44177|dataStream:|priority:1], old=null
2022-02-01 13:06:08,102 [grpc-default-executor-2] INFO  server.RaftServer$Division (RaftServerImpl.java:requestVote(1046)) - 0a485a2f-0ff7-4195-9566-1226e5634ef5@group-58CBC3DC2A46: receive requestVote(ELECTION, fdc21d65-1155-4ddf-a802-c6738f3821ca, group-58CBC3DC2A46, 1, (t:0, i:0))
2022-02-01 13:06:08,120 [fdc21d65-1155-4ddf-a802-c6738f3821ca@group-58CBC3DC2A46-LeaderElection19] INFO  impl.LeaderElection (LeaderElection.java:logAndReturn(89)) - fdc21d65-1155-4ddf-a802-c6738f3821ca@group-58CBC3DC2A46-LeaderElection19: ELECTION REJECTED received 1 response(s) and 0 exception(s):
2022-02-01 13:06:08,120 [fdc21d65-1155-4ddf-a802-c6738f3821ca@group-58CBC3DC2A46-LeaderElection19] INFO  impl.LeaderElection (LeaderElection.java:logAndReturn(93)) -   Response 0: fdc21d65-1155-4ddf-a802-c6738f3821ca<-49be740d-43e0-4e70-9568-226dcd84f562#0:FAIL-t1
2022-02-01 13:06:08,120 [grpc-default-executor-2] INFO  impl.VoteContext (VoteContext.java:log(48)) - 0a485a2f-0ff7-4195-9566-1226e5634ef5@group-58CBC3DC2A46-CANDIDATE: reject ELECTION from fdc21d65-1155-4ddf-a802-c6738f3821ca: already has voted for 0a485a2f-0ff7-4195-9566-1226e5634ef5 at current term 1
2022-02-01 13:06:08,120 [fdc21d65-1155-4ddf-a802-c6738f3821ca@group-58CBC3DC2A46-LeaderElection19] INFO  impl.LeaderElection (LeaderElection.java:askForVotes(308)) - fdc21d65-1155-4ddf-a802-c6738f3821ca@group-58CBC3DC2A46-LeaderElection19 ELECTION round 0: result REJECTED
2022-02-01 13:06:08,120 [grpc-default-executor-2] INFO  server.RaftServer$Division (RaftServerImpl.java:requestVote(1078)) - 0a485a2f-0ff7-4195-9566-1226e5634ef5@group-58CBC3DC2A46 replies to ELECTION vote request: fdc21d65-1155-4ddf-a802-c6738f3821ca<-0a485a2f-0ff7-4195-9566-1226e5634ef5#0:FAIL-t1. Peer's state: 0a485a2f-0ff7-4195-9566-1226e5634ef5@group-58CBC3DC2A46:t1, leader=null, voted=0a485a2f-0ff7-4195-9566-1226e5634ef5, raftlog=0a485a2f-0ff7-4195-9566-1226e5634ef5@group-58CBC3DC2A46-SegmentedRaftLog:OPENED:c-1, conf=-1: [fdc21d65-1155-4ddf-a802-c6738f3821ca|rpc:10.1.0.40:44045|dataStream:|priority:0, 0a485a2f-0ff7-4195-9566-1226e5634ef5|rpc:10.1.0.40:41187|dataStream:|priority:0, 49be740d-43e0-4e70-9568-226dcd84f562|rpc:10.1.0.40:44177|dataStream:|priority:1], old=null
2022-02-01 13:06:08,121 [fdc21d65-1155-4ddf-a802-c6738f3821ca@group-58CBC3DC2A46-LeaderElection19] INFO  server.RaftServer$Division (RaftServerImpl.java:setRole(290)) - fdc21d65-1155-4ddf-a802-c6738f3821ca@group-58CBC3DC2A46: changes role from CANDIDATE to FOLLOWER at term 1 for REJECTED
2022-02-01 13:06:08,121 [fdc21d65-1155-4ddf-a802-c6738f3821ca@group-58CBC3DC2A46-LeaderElection19] INFO  impl.RoleInfo (RoleInfo.java:shutdownLeaderElection(121)) - fdc21d65-1155-4ddf-a802-c6738f3821ca: shutdown fdc21d65-1155-4ddf-a802-c6738f3821ca@group-58CBC3DC2A46-LeaderElection19
2022-02-01 13:06:08,121 [fdc21d65-1155-4ddf-a802-c6738f3821ca@group-58CBC3DC2A46-LeaderElection19] INFO  impl.RoleInfo (RoleInfo.java:updateAndGet(130)) - fdc21d65-1155-4ddf-a802-c6738f3821ca: start fdc21d65-1155-4ddf-a802-c6738f3821ca@group-58CBC3DC2A46-FollowerState
2022-02-01 13:06:08,142 [0a485a2f-0ff7-4195-9566-1226e5634ef5@group-DFB06CE4A98E-FollowerState] INFO  impl.FollowerState (FollowerState.java:run(134)) - 0a485a2f-0ff7-4195-9566-1226e5634ef5@group-DFB06CE4A98E-FollowerState: change to CANDIDATE, lastRpcElapsedTime:5054516391ns, electionTimeout:5048ms
2022-02-01 13:06:08,143 [0a485a2f-0ff7-4195-9566-1226e5634ef5@group-DFB06CE4A98E-FollowerState] INFO  impl.RoleInfo (RoleInfo.java:shutdownFollowerState(108)) - 0a485a2f-0ff7-4195-9566-1226e5634ef5: shutdown 0a485a2f-0ff7-4195-9566-1226e5634ef5@group-DFB06CE4A98E-FollowerState
2022-02-01 13:06:08,143 [0a485a2f-0ff7-4195-9566-1226e5634ef5@group-DFB06CE4A98E-FollowerState] INFO  server.RaftServer$Division (RaftServerImpl.java:setRole(290)) - 0a485a2f-0ff7-4195-9566-1226e5634ef5@group-DFB06CE4A98E: changes role from  FOLLOWER to CANDIDATE at term 0 for changeToCandidate
2022-02-01 13:06:08,143 [0a485a2f-0ff7-4195-9566-1226e5634ef5@group-DFB06CE4A98E-FollowerState] INFO  server.RaftServerConfigKeys (ConfUtils.java:logGet(44)) - raft.server.leaderelection.pre-vote = false (custom)
2022-02-01 13:06:08,143 [0a485a2f-0ff7-4195-9566-1226e5634ef5@group-DFB06CE4A98E-FollowerState] INFO  impl.RoleInfo (RoleInfo.java:updateAndGet(130)) - 0a485a2f-0ff7-4195-9566-1226e5634ef5: start 0a485a2f-0ff7-4195-9566-1226e5634ef5@group-DFB06CE4A98E-LeaderElection22
2022-02-01 13:06:08,158 [grpc-default-executor-1] INFO  server.RaftServer$Division (RaftServerImpl.java:requestVote(1046)) - 49be740d-43e0-4e70-9568-226dcd84f562@group-58CBC3DC2A46: receive requestVote(ELECTION, 0a485a2f-0ff7-4195-9566-1226e5634ef5, group-58CBC3DC2A46, 1, (t:0, i:0))
2022-02-01 13:06:08,158 [0a485a2f-0ff7-4195-9566-1226e5634ef5@group-DFB06CE4A98E-LeaderElection22] INFO  impl.LeaderElection (LeaderElection.java:askForVotes(306)) - 0a485a2f-0ff7-4195-9566-1226e5634ef5@group-DFB06CE4A98E-LeaderElection22 ELECTION round 0: submit vote requests at term 1 for -1: [0a485a2f-0ff7-4195-9566-1226e5634ef5|rpc:10.1.0.40:41187|priority:1], old=null
2022-02-01 13:06:08,158 [grpc-default-executor-1] INFO  impl.VoteContext (VoteContext.java:log(48)) - 49be740d-43e0-4e70-9568-226dcd84f562@group-58CBC3DC2A46-FOLLOWER: reject ELECTION from 0a485a2f-0ff7-4195-9566-1226e5634ef5: our priority 1 > candidate's priority 0
2022-02-01 13:06:08,159 [grpc-default-executor-1] INFO  server.RaftServer$Division (RaftServerImpl.java:setRole(290)) - 49be740d-43e0-4e70-9568-226dcd84f562@group-58CBC3DC2A46: changes role from  FOLLOWER to FOLLOWER at term 1 for candidate:0a485a2f-0ff7-4195-9566-1226e5634ef5
2022-02-01 13:06:08,159 [grpc-default-executor-1] INFO  impl.RoleInfo (RoleInfo.java:shutdownFollowerState(108)) - 49be740d-43e0-4e70-9568-226dcd84f562: shutdown 49be740d-43e0-4e70-9568-226dcd84f562@group-58CBC3DC2A46-FollowerState
2022-02-01 13:06:08,159 [grpc-default-executor-1] INFO  impl.RoleInfo (RoleInfo.java:updateAndGet(130)) - 49be740d-43e0-4e70-9568-226dcd84f562: start 49be740d-43e0-4e70-9568-226dcd84f562@group-58CBC3DC2A46-FollowerState
2022-02-01 13:06:08,159 [49be740d-43e0-4e70-9568-226dcd84f562@group-58CBC3DC2A46-FollowerState] INFO  impl.FollowerState (FollowerState.java:run(143)) - 49be740d-43e0-4e70-9568-226dcd84f562@group-58CBC3DC2A46-FollowerState was interrupted: {}
java.lang.InterruptedException: sleep interrupted
	at java.lang.Thread.sleep(Native Method)
	at java.lang.Thread.sleep(Thread.java:340)
	at java.util.concurrent.TimeUnit.sleep(TimeUnit.java:386)
	at org.apache.ratis.util.TimeDuration.sleep(TimeDuration.java:324)
	at org.apache.ratis.util.TimeDuration.sleep(TimeDuration.java:309)
	at org.apache.ratis.server.impl.FollowerState.run(FollowerState.java:118)
2022-02-01 13:06:08,170 [grpc-default-executor-1] INFO  server.RaftServer$Division (RaftServerImpl.java:requestVote(1078)) - 49be740d-43e0-4e70-9568-226dcd84f562@group-58CBC3DC2A46 replies to ELECTION vote request: 0a485a2f-0ff7-4195-9566-1226e5634ef5<-49be740d-43e0-4e70-9568-226dcd84f562#0:FAIL-t1. Peer's state: 49be740d-43e0-4e70-9568-226dcd84f562@group-58CBC3DC2A46:t1, leader=null, voted=null, raftlog=49be740d-43e0-4e70-9568-226dcd84f562@group-58CBC3DC2A46-SegmentedRaftLog:OPENED:c-1, conf=-1: [fdc21d65-1155-4ddf-a802-c6738f3821ca|rpc:10.1.0.40:44045|dataStream:|priority:0, 0a485a2f-0ff7-4195-9566-1226e5634ef5|rpc:10.1.0.40:41187|dataStream:|priority:0, 49be740d-43e0-4e70-9568-226dcd84f562|rpc:10.1.0.40:44177|dataStream:|priority:1], old=null
2022-02-01 13:06:08,170 [grpc-default-executor-2] INFO  server.RaftServer$Division (RaftServerImpl.java:requestVote(1046)) - fdc21d65-1155-4ddf-a802-c6738f3821ca@group-58CBC3DC2A46: receive requestVote(ELECTION, 0a485a2f-0ff7-4195-9566-1226e5634ef5, group-58CBC3DC2A46, 1, (t:0, i:0))
2022-02-01 13:06:08,159 [0a485a2f-0ff7-4195-9566-1226e5634ef5@group-DFB06CE4A98E-LeaderElection22] INFO  impl.LeaderElection (LeaderElection.java:askForVotes(308)) - 0a485a2f-0ff7-4195-9566-1226e5634ef5@group-DFB06CE4A98E-LeaderElection22 ELECTION round 0: result PASSED (term=1)
2022-02-01 13:06:08,175 [0a485a2f-0ff7-4195-9566-1226e5634ef5@group-DFB06CE4A98E-LeaderElection22] INFO  impl.RoleInfo (RoleInfo.java:shutdownLeaderElection(121)) - 0a485a2f-0ff7-4195-9566-1226e5634ef5: shutdown 0a485a2f-0ff7-4195-9566-1226e5634ef5@group-DFB06CE4A98E-LeaderElection22
2022-02-01 13:06:08,175 [0a485a2f-0ff7-4195-9566-1226e5634ef5@group-DFB06CE4A98E-LeaderElection22] INFO  server.RaftServer$Division (RaftServerImpl.java:setRole(290)) - 0a485a2f-0ff7-4195-9566-1226e5634ef5@group-DFB06CE4A98E: changes role from CANDIDATE to LEADER at term 1 for changeToLeader
2022-02-01 13:06:08,175 [0a485a2f-0ff7-4195-9566-1226e5634ef5@group-DFB06CE4A98E-LeaderElection22] INFO  ratis.XceiverServerRatis (XceiverServerRatis.java:handleLeaderChangedNotification(866)) - Leader change notification received for group: group-DFB06CE4A98E with new leaderId: 0a485a2f-0ff7-4195-9566-1226e5634ef5
2022-02-01 13:06:08,175 [0a485a2f-0ff7-4195-9566-1226e5634ef5@group-DFB06CE4A98E-LeaderElection22] INFO  server.RaftServer$Division (ServerState.java:setLeader(285)) - 0a485a2f-0ff7-4195-9566-1226e5634ef5@group-DFB06CE4A98E: change Leader from null to 0a485a2f-0ff7-4195-9566-1226e5634ef5 at term 1 for becomeLeader, leader elected after 5101ms
2022-02-01 13:06:08,175 [0a485a2f-0ff7-4195-9566-1226e5634ef5@group-DFB06CE4A98E-LeaderElection22] INFO  server.RaftServerConfigKeys (ConfUtils.java:logGet(44)) - raft.server.staging.catchup.gap = 1000 (default)
2022-02-01 13:06:08,175 [0a485a2f-0ff7-4195-9566-1226e5634ef5@group-DFB06CE4A98E-LeaderElection22] INFO  server.RaftServerConfigKeys (ConfUtils.java:logGet(44)) - raft.server.write.element-limit = 1024 (custom)
2022-02-01 13:06:08,175 [0a485a2f-0ff7-4195-9566-1226e5634ef5@group-DFB06CE4A98E-LeaderElection22] INFO  server.RaftServerConfigKeys (ConfUtils.java:logGet(44)) - raft.server.write.byte-limit = 1024 M (=1073741824) (custom)
2022-02-01 13:06:08,175 [0a485a2f-0ff7-4195-9566-1226e5634ef5@group-DFB06CE4A98E-LeaderElection22] INFO  server.RaftServerConfigKeys (ConfUtils.java:logGet(44)) - raft.server.watch.timeout = 180s (custom)
2022-02-01 13:06:08,175 [0a485a2f-0ff7-4195-9566-1226e5634ef5@group-DFB06CE4A98E-LeaderElection22] INFO  server.RaftServerConfigKeys (ConfUtils.java:logGet(44)) - raft.server.watch.timeout.denomination = 1s (default)
2022-02-01 13:06:08,175 [0a485a2f-0ff7-4195-9566-1226e5634ef5@group-DFB06CE4A98E-LeaderElection22] INFO  server.RaftServerConfigKeys (ConfUtils.java:logGet(44)) - raft.server.watch.element-limit = 65536 (default)
2022-02-01 13:06:08,176 [0a485a2f-0ff7-4195-9566-1226e5634ef5@group-DFB06CE4A98E-LeaderElection22] INFO  server.RaftServerConfigKeys (ConfUtils.java:logGet(44)) - raft.server.write.element-limit = 1024 (custom)
2022-02-01 13:06:08,176 [0a485a2f-0ff7-4195-9566-1226e5634ef5@group-DFB06CE4A98E-LeaderElection22] INFO  server.RaftServerConfigKeys (ConfUtils.java:logGet(44)) - raft.server.write.follower.gap.ratio.max = -1.0 (default)
2022-02-01 13:06:08,176 [0a485a2f-0ff7-4195-9566-1226e5634ef5@group-DFB06CE4A98E-LeaderElection22] INFO  impl.RoleInfo (RoleInfo.java:updateAndGet(130)) - 0a485a2f-0ff7-4195-9566-1226e5634ef5: start 0a485a2f-0ff7-4195-9566-1226e5634ef5@group-DFB06CE4A98E-LeaderStateImpl
2022-02-01 13:06:08,176 [0a485a2f-0ff7-4195-9566-1226e5634ef5@group-DFB06CE4A98E-LeaderElection22] INFO  segmented.SegmentedRaftLogWorker (SegmentedRaftLogWorker.java:startLogSegment(394)) - 0a485a2f-0ff7-4195-9566-1226e5634ef5@group-DFB06CE4A98E-SegmentedRaftLogWorker: Starting segment from index:0
2022-02-01 13:06:08,178 [grpc-default-executor-2] INFO  impl.VoteContext (VoteContext.java:log(48)) - fdc21d65-1155-4ddf-a802-c6738f3821ca@group-58CBC3DC2A46-FOLLOWER: reject ELECTION from 0a485a2f-0ff7-4195-9566-1226e5634ef5: already has voted for fdc21d65-1155-4ddf-a802-c6738f3821ca at current term 1
2022-02-01 13:06:08,178 [0a485a2f-0ff7-4195-9566-1226e5634ef5@group-DFB06CE4A98E-SegmentedRaftLogWorker] INFO  segmented.SegmentedRaftLogWorker (SegmentedRaftLogWorker.java:execute(601)) - 0a485a2f-0ff7-4195-9566-1226e5634ef5@group-DFB06CE4A98E-SegmentedRaftLogWorker: created new log segment /home/runner/work/ozone/ozone/hadoop-ozone/integration-test/target/test-dir/MiniOzoneClusterImpl-8a3c48c2-e56b-48f6-9d69-6421286ed0f4/datanode-1/data/ratis/6619f43a-ad34-4f53-a9ce-dfb06ce4a98e/current/log_inprogress_0
2022-02-01 13:06:08,179 [EventQueue-OpenPipelineForHealthyPipelineSafeModeRule] INFO  safemode.SCMSafeModeManager (HealthyPipelineSafeModeRule.java:process(124)) - SCM in safe mode. Healthy pipelines reported count is 0, required healthy pipeline reported count is 1
2022-02-01 13:06:08,179 [grpc-default-executor-2] INFO  server.RaftServer$Division (RaftServerImpl.java:requestVote(1078)) - fdc21d65-1155-4ddf-a802-c6738f3821ca@group-58CBC3DC2A46 replies to ELECTION vote request: 0a485a2f-0ff7-4195-9566-1226e5634ef5<-fdc21d65-1155-4ddf-a802-c6738f3821ca#0:FAIL-t1. Peer's state: fdc21d65-1155-4ddf-a802-c6738f3821ca@group-58CBC3DC2A46:t1, leader=null, voted=fdc21d65-1155-4ddf-a802-c6738f3821ca, raftlog=fdc21d65-1155-4ddf-a802-c6738f3821ca@group-58CBC3DC2A46-SegmentedRaftLog:OPENED:c-1, conf=-1: [fdc21d65-1155-4ddf-a802-c6738f3821ca|rpc:10.1.0.40:44045|priority:0, 0a485a2f-0ff7-4195-9566-1226e5634ef5|rpc:10.1.0.40:41187|priority:0, 49be740d-43e0-4e70-9568-226dcd84f562|rpc:10.1.0.40:44177|priority:1], old=null
2022-02-01 13:06:08,183 [0a485a2f-0ff7-4195-9566-1226e5634ef5@group-DFB06CE4A98E-LeaderElection22] INFO  server.RaftServer$Division (ServerState.java:setRaftConf(387)) - 0a485a2f-0ff7-4195-9566-1226e5634ef5@group-DFB06CE4A98E: set configuration 0: [0a485a2f-0ff7-4195-9566-1226e5634ef5|rpc:10.1.0.40:41187|dataStream:|priority:1], old=null
2022-02-01 13:06:08,183 [0a485a2f-0ff7-4195-9566-1226e5634ef5@group-58CBC3DC2A46-LeaderElection20] INFO  impl.LeaderElection (LeaderElection.java:logAndReturn(89)) - 0a485a2f-0ff7-4195-9566-1226e5634ef5@group-58CBC3DC2A46-LeaderElection20: ELECTION REJECTED received 1 response(s) and 0 exception(s):
2022-02-01 13:06:08,184 [0a485a2f-0ff7-4195-9566-1226e5634ef5@group-58CBC3DC2A46-LeaderElection20] INFO  impl.LeaderElection (LeaderElection.java:logAndReturn(93)) -   Response 0: 0a485a2f-0ff7-4195-9566-1226e5634ef5<-49be740d-43e0-4e70-9568-226dcd84f562#0:FAIL-t1
2022-02-01 13:06:08,184 [0a485a2f-0ff7-4195-9566-1226e5634ef5@group-58CBC3DC2A46-LeaderElection20] INFO  impl.LeaderElection (LeaderElection.java:askForVotes(308)) - 0a485a2f-0ff7-4195-9566-1226e5634ef5@group-58CBC3DC2A46-LeaderElection20 ELECTION round 0: result REJECTED
2022-02-01 13:06:08,184 [0a485a2f-0ff7-4195-9566-1226e5634ef5@group-58CBC3DC2A46-LeaderElection20] INFO  server.RaftServer$Division (RaftServerImpl.java:setRole(290)) - 0a485a2f-0ff7-4195-9566-1226e5634ef5@group-58CBC3DC2A46: changes role from CANDIDATE to FOLLOWER at term 1 for REJECTED
2022-02-01 13:06:08,184 [0a485a2f-0ff7-4195-9566-1226e5634ef5@group-58CBC3DC2A46-LeaderElection20] INFO  impl.RoleInfo (RoleInfo.java:shutdownLeaderElection(121)) - 0a485a2f-0ff7-4195-9566-1226e5634ef5: shutdown 0a485a2f-0ff7-4195-9566-1226e5634ef5@group-58CBC3DC2A46-LeaderElection20
2022-02-01 13:06:08,184 [0a485a2f-0ff7-4195-9566-1226e5634ef5@group-58CBC3DC2A46-LeaderElection20] INFO  impl.RoleInfo (RoleInfo.java:updateAndGet(130)) - 0a485a2f-0ff7-4195-9566-1226e5634ef5: start 0a485a2f-0ff7-4195-9566-1226e5634ef5@group-58CBC3DC2A46-FollowerState
2022-02-01 13:06:08,544 [Listener at 127.0.0.1/38443] INFO  ozone.MiniOzoneClusterImpl (MiniOzoneClusterImpl.java:lambda$waitForClusterToBeReady$0(219)) - Nodes are ready. Got 3 of 3 DN Heartbeats.
2022-02-01 13:06:08,544 [Listener at 127.0.0.1/38443] INFO  ozone.MiniOzoneClusterImpl (MiniOzoneClusterImpl.java:lambda$waitForClusterToBeReady$0(222)) - Waiting for cluster to exit safe mode
2022-02-01 13:06:08,544 [Listener at 127.0.0.1/38443] INFO  ozone.MiniOzoneClusterImpl (MiniOzoneClusterImpl.java:lambda$waitForClusterToBeReady$0(224)) - SCM became leader
2022-02-01 13:06:08,843 [49be740d-43e0-4e70-9568-226dcd84f562@group-846D385B2290-FollowerState] INFO  impl.FollowerState (FollowerState.java:run(134)) - 49be740d-43e0-4e70-9568-226dcd84f562@group-846D385B2290-FollowerState: change to CANDIDATE, lastRpcElapsedTime:5196038950ns, electionTimeout:5181ms
2022-02-01 13:06:08,843 [49be740d-43e0-4e70-9568-226dcd84f562@group-846D385B2290-FollowerState] INFO  impl.RoleInfo (RoleInfo.java:shutdownFollowerState(108)) - 49be740d-43e0-4e70-9568-226dcd84f562: shutdown 49be740d-43e0-4e70-9568-226dcd84f562@group-846D385B2290-FollowerState
2022-02-01 13:06:08,843 [49be740d-43e0-4e70-9568-226dcd84f562@group-846D385B2290-FollowerState] INFO  server.RaftServer$Division (RaftServerImpl.java:setRole(290)) - 49be740d-43e0-4e70-9568-226dcd84f562@group-846D385B2290: changes role from  FOLLOWER to CANDIDATE at term 0 for changeToCandidate
2022-02-01 13:06:08,843 [49be740d-43e0-4e70-9568-226dcd84f562@group-846D385B2290-FollowerState] INFO  server.RaftServerConfigKeys (ConfUtils.java:logGet(44)) - raft.server.leaderelection.pre-vote = false (custom)
2022-02-01 13:06:08,844 [49be740d-43e0-4e70-9568-226dcd84f562@group-846D385B2290-FollowerState] INFO  impl.RoleInfo (RoleInfo.java:updateAndGet(130)) - 49be740d-43e0-4e70-9568-226dcd84f562: start 49be740d-43e0-4e70-9568-226dcd84f562@group-846D385B2290-LeaderElection23
2022-02-01 13:06:08,866 [49be740d-43e0-4e70-9568-226dcd84f562@group-846D385B2290-LeaderElection23] INFO  impl.LeaderElection (LeaderElection.java:askForVotes(306)) - 49be740d-43e0-4e70-9568-226dcd84f562@group-846D385B2290-LeaderElection23 ELECTION round 0: submit vote requests at term 1 for -1: [49be740d-43e0-4e70-9568-226dcd84f562|rpc:10.1.0.40:44177|priority:1], old=null
2022-02-01 13:06:08,866 [49be740d-43e0-4e70-9568-226dcd84f562@group-846D385B2290-LeaderElection23] INFO  impl.LeaderElection (LeaderElection.java:askForVotes(308)) - 49be740d-43e0-4e70-9568-226dcd84f562@group-846D385B2290-LeaderElection23 ELECTION round 0: result PASSED (term=1)
2022-02-01 13:06:08,866 [49be740d-43e0-4e70-9568-226dcd84f562@group-846D385B2290-LeaderElection23] INFO  impl.RoleInfo (RoleInfo.java:shutdownLeaderElection(121)) - 49be740d-43e0-4e70-9568-226dcd84f562: shutdown 49be740d-43e0-4e70-9568-226dcd84f562@group-846D385B2290-LeaderElection23
2022-02-01 13:06:08,866 [49be740d-43e0-4e70-9568-226dcd84f562@group-846D385B2290-LeaderElection23] INFO  server.RaftServer$Division (RaftServerImpl.java:setRole(290)) - 49be740d-43e0-4e70-9568-226dcd84f562@group-846D385B2290: changes role from CANDIDATE to LEADER at term 1 for changeToLeader
2022-02-01 13:06:08,866 [49be740d-43e0-4e70-9568-226dcd84f562@group-846D385B2290-LeaderElection23] INFO  ratis.XceiverServerRatis (XceiverServerRatis.java:handleLeaderChangedNotification(866)) - Leader change notification received for group: group-846D385B2290 with new leaderId: 49be740d-43e0-4e70-9568-226dcd84f562
2022-02-01 13:06:08,866 [49be740d-43e0-4e70-9568-226dcd84f562@group-846D385B2290-LeaderElection23] INFO  server.RaftServer$Division (ServerState.java:setLeader(285)) - 49be740d-43e0-4e70-9568-226dcd84f562@group-846D385B2290: change Leader from null to 49be740d-43e0-4e70-9568-226dcd84f562 at term 1 for becomeLeader, leader elected after 5238ms
2022-02-01 13:06:08,866 [49be740d-43e0-4e70-9568-226dcd84f562@group-846D385B2290-LeaderElection23] INFO  server.RaftServerConfigKeys (ConfUtils.java:logGet(44)) - raft.server.staging.catchup.gap = 1000 (default)
2022-02-01 13:06:08,866 [49be740d-43e0-4e70-9568-226dcd84f562@group-846D385B2290-LeaderElection23] INFO  server.RaftServerConfigKeys (ConfUtils.java:logGet(44)) - raft.server.write.element-limit = 1024 (custom)
2022-02-01 13:06:08,866 [49be740d-43e0-4e70-9568-226dcd84f562@group-846D385B2290-LeaderElection23] INFO  server.RaftServerConfigKeys (ConfUtils.java:logGet(44)) - raft.server.write.byte-limit = 1024 M (=1073741824) (custom)
2022-02-01 13:06:08,867 [49be740d-43e0-4e70-9568-226dcd84f562@group-846D385B2290-LeaderElection23] INFO  server.RaftServerConfigKeys (ConfUtils.java:logGet(44)) - raft.server.watch.timeout = 180s (custom)
2022-02-01 13:06:08,867 [49be740d-43e0-4e70-9568-226dcd84f562@group-846D385B2290-LeaderElection23] INFO  server.RaftServerConfigKeys (ConfUtils.java:logGet(44)) - raft.server.watch.timeout.denomination = 1s (default)
2022-02-01 13:06:08,867 [49be740d-43e0-4e70-9568-226dcd84f562@group-846D385B2290-LeaderElection23] INFO  server.RaftServerConfigKeys (ConfUtils.java:logGet(44)) - raft.server.watch.element-limit = 65536 (default)
2022-02-01 13:06:08,867 [49be740d-43e0-4e70-9568-226dcd84f562@group-846D385B2290-LeaderElection23] INFO  server.RaftServerConfigKeys (ConfUtils.java:logGet(44)) - raft.server.write.element-limit = 1024 (custom)
2022-02-01 13:06:08,867 [49be740d-43e0-4e70-9568-226dcd84f562@group-846D385B2290-LeaderElection23] INFO  server.RaftServerConfigKeys (ConfUtils.java:logGet(44)) - raft.server.write.follower.gap.ratio.max = -1.0 (default)
2022-02-01 13:06:08,867 [49be740d-43e0-4e70-9568-226dcd84f562@group-846D385B2290-LeaderElection23] INFO  impl.RoleInfo (RoleInfo.java:updateAndGet(130)) - 49be740d-43e0-4e70-9568-226dcd84f562: start 49be740d-43e0-4e70-9568-226dcd84f562@group-846D385B2290-LeaderStateImpl
2022-02-01 13:06:08,868 [49be740d-43e0-4e70-9568-226dcd84f562@group-846D385B2290-LeaderElection23] INFO  segmented.SegmentedRaftLogWorker (SegmentedRaftLogWorker.java:startLogSegment(394)) - 49be740d-43e0-4e70-9568-226dcd84f562@group-846D385B2290-SegmentedRaftLogWorker: Starting segment from index:0
2022-02-01 13:06:08,869 [49be740d-43e0-4e70-9568-226dcd84f562@group-846D385B2290-SegmentedRaftLogWorker] INFO  segmented.SegmentedRaftLogWorker (SegmentedRaftLogWorker.java:execute(601)) - 49be740d-43e0-4e70-9568-226dcd84f562@group-846D385B2290-SegmentedRaftLogWorker: created new log segment /home/runner/work/ozone/ozone/hadoop-ozone/integration-test/target/test-dir/MiniOzoneClusterImpl-8a3c48c2-e56b-48f6-9d69-6421286ed0f4/datanode-2/data/ratis/a48da3d5-36b2-4a1b-8025-846d385b2290/current/log_inprogress_0
2022-02-01 13:06:08,870 [EventQueue-OpenPipelineForHealthyPipelineSafeModeRule] INFO  safemode.SCMSafeModeManager (HealthyPipelineSafeModeRule.java:process(124)) - SCM in safe mode. Healthy pipelines reported count is 0, required healthy pipeline reported count is 1
2022-02-01 13:06:08,884 [49be740d-43e0-4e70-9568-226dcd84f562@group-846D385B2290-LeaderElection23] INFO  server.RaftServer$Division (ServerState.java:setRaftConf(387)) - 49be740d-43e0-4e70-9568-226dcd84f562@group-846D385B2290: set configuration 0: [49be740d-43e0-4e70-9568-226dcd84f562|rpc:10.1.0.40:44177|dataStream:|priority:1], old=null
2022-02-01 13:06:09,544 [Listener at 127.0.0.1/38443] INFO  ozone.MiniOzoneClusterImpl (MiniOzoneClusterImpl.java:lambda$waitForClusterToBeReady$0(219)) - Nodes are ready. Got 3 of 3 DN Heartbeats.
2022-02-01 13:06:09,544 [Listener at 127.0.0.1/38443] INFO  ozone.MiniOzoneClusterImpl (MiniOzoneClusterImpl.java:lambda$waitForClusterToBeReady$0(222)) - Waiting for cluster to exit safe mode
2022-02-01 13:06:09,544 [Listener at 127.0.0.1/38443] INFO  ozone.MiniOzoneClusterImpl (MiniOzoneClusterImpl.java:lambda$waitForClusterToBeReady$0(224)) - SCM became leader
2022-02-01 13:06:10,545 [Listener at 127.0.0.1/38443] INFO  ozone.MiniOzoneClusterImpl (MiniOzoneClusterImpl.java:lambda$waitForClusterToBeReady$0(219)) - Nodes are ready. Got 3 of 3 DN Heartbeats.
2022-02-01 13:06:10,545 [Listener at 127.0.0.1/38443] INFO  ozone.MiniOzoneClusterImpl (MiniOzoneClusterImpl.java:lambda$waitForClusterToBeReady$0(222)) - Waiting for cluster to exit safe mode
2022-02-01 13:06:10,545 [Listener at 127.0.0.1/38443] INFO  ozone.MiniOzoneClusterImpl (MiniOzoneClusterImpl.java:lambda$waitForClusterToBeReady$0(224)) - SCM became leader
2022-02-01 13:06:11,545 [Listener at 127.0.0.1/38443] INFO  ozone.MiniOzoneClusterImpl (MiniOzoneClusterImpl.java:lambda$waitForClusterToBeReady$0(219)) - Nodes are ready. Got 3 of 3 DN Heartbeats.
2022-02-01 13:06:11,545 [Listener at 127.0.0.1/38443] INFO  ozone.MiniOzoneClusterImpl (MiniOzoneClusterImpl.java:lambda$waitForClusterToBeReady$0(222)) - Waiting for cluster to exit safe mode
2022-02-01 13:06:11,545 [Listener at 127.0.0.1/38443] INFO  ozone.MiniOzoneClusterImpl (MiniOzoneClusterImpl.java:lambda$waitForClusterToBeReady$0(224)) - SCM became leader
2022-02-01 13:06:12,546 [Listener at 127.0.0.1/38443] INFO  ozone.MiniOzoneClusterImpl (MiniOzoneClusterImpl.java:lambda$waitForClusterToBeReady$0(219)) - Nodes are ready. Got 3 of 3 DN Heartbeats.
2022-02-01 13:06:12,546 [Listener at 127.0.0.1/38443] INFO  ozone.MiniOzoneClusterImpl (MiniOzoneClusterImpl.java:lambda$waitForClusterToBeReady$0(222)) - Waiting for cluster to exit safe mode
2022-02-01 13:06:12,546 [Listener at 127.0.0.1/38443] INFO  ozone.MiniOzoneClusterImpl (MiniOzoneClusterImpl.java:lambda$waitForClusterToBeReady$0(224)) - SCM became leader
2022-02-01 13:06:13,256 [49be740d-43e0-4e70-9568-226dcd84f562@group-58CBC3DC2A46-FollowerState] INFO  impl.FollowerState (FollowerState.java:run(134)) - 49be740d-43e0-4e70-9568-226dcd84f562@group-58CBC3DC2A46-FollowerState: change to CANDIDATE, lastRpcElapsedTime:5097149509ns, electionTimeout:5086ms
2022-02-01 13:06:13,256 [49be740d-43e0-4e70-9568-226dcd84f562@group-58CBC3DC2A46-FollowerState] INFO  impl.RoleInfo (RoleInfo.java:shutdownFollowerState(108)) - 49be740d-43e0-4e70-9568-226dcd84f562: shutdown 49be740d-43e0-4e70-9568-226dcd84f562@group-58CBC3DC2A46-FollowerState
2022-02-01 13:06:13,256 [49be740d-43e0-4e70-9568-226dcd84f562@group-58CBC3DC2A46-FollowerState] INFO  server.RaftServer$Division (RaftServerImpl.java:setRole(290)) - 49be740d-43e0-4e70-9568-226dcd84f562@group-58CBC3DC2A46: changes role from  FOLLOWER to CANDIDATE at term 1 for changeToCandidate
2022-02-01 13:06:13,256 [49be740d-43e0-4e70-9568-226dcd84f562@group-58CBC3DC2A46-FollowerState] INFO  server.RaftServerConfigKeys (ConfUtils.java:logGet(44)) - raft.server.leaderelection.pre-vote = false (custom)
2022-02-01 13:06:13,256 [49be740d-43e0-4e70-9568-226dcd84f562@group-58CBC3DC2A46-FollowerState] INFO  impl.RoleInfo (RoleInfo.java:updateAndGet(130)) - 49be740d-43e0-4e70-9568-226dcd84f562: start 49be740d-43e0-4e70-9568-226dcd84f562@group-58CBC3DC2A46-LeaderElection24
2022-02-01 13:06:13,267 [fdc21d65-1155-4ddf-a802-c6738f3821ca@group-58CBC3DC2A46-FollowerState] INFO  impl.FollowerState (FollowerState.java:run(134)) - fdc21d65-1155-4ddf-a802-c6738f3821ca@group-58CBC3DC2A46-FollowerState: change to CANDIDATE, lastRpcElapsedTime:5146274256ns, electionTimeout:5124ms
2022-02-01 13:06:13,267 [fdc21d65-1155-4ddf-a802-c6738f3821ca@group-58CBC3DC2A46-FollowerState] INFO  impl.RoleInfo (RoleInfo.java:shutdownFollowerState(108)) - fdc21d65-1155-4ddf-a802-c6738f3821ca: shutdown fdc21d65-1155-4ddf-a802-c6738f3821ca@group-58CBC3DC2A46-FollowerState
2022-02-01 13:06:13,267 [fdc21d65-1155-4ddf-a802-c6738f3821ca@group-58CBC3DC2A46-FollowerState] INFO  server.RaftServer$Division (RaftServerImpl.java:setRole(290)) - fdc21d65-1155-4ddf-a802-c6738f3821ca@group-58CBC3DC2A46: changes role from  FOLLOWER to CANDIDATE at term 1 for changeToCandidate
2022-02-01 13:06:13,267 [fdc21d65-1155-4ddf-a802-c6738f3821ca@group-58CBC3DC2A46-FollowerState] INFO  server.RaftServerConfigKeys (ConfUtils.java:logGet(44)) - raft.server.leaderelection.pre-vote = false (custom)
2022-02-01 13:06:13,267 [fdc21d65-1155-4ddf-a802-c6738f3821ca@group-58CBC3DC2A46-FollowerState] INFO  impl.RoleInfo (RoleInfo.java:updateAndGet(130)) - fdc21d65-1155-4ddf-a802-c6738f3821ca: start fdc21d65-1155-4ddf-a802-c6738f3821ca@group-58CBC3DC2A46-LeaderElection25
2022-02-01 13:06:13,281 [49be740d-43e0-4e70-9568-226dcd84f562@group-58CBC3DC2A46-LeaderElection24] INFO  impl.LeaderElection (LeaderElection.java:askForVotes(306)) - 49be740d-43e0-4e70-9568-226dcd84f562@group-58CBC3DC2A46-LeaderElection24 ELECTION round 0: submit vote requests at term 2 for -1: [fdc21d65-1155-4ddf-a802-c6738f3821ca|rpc:10.1.0.40:44045|dataStream:|priority:0, 0a485a2f-0ff7-4195-9566-1226e5634ef5|rpc:10.1.0.40:41187|dataStream:|priority:0, 49be740d-43e0-4e70-9568-226dcd84f562|rpc:10.1.0.40:44177|dataStream:|priority:1], old=null
2022-02-01 13:06:13,304 [fdc21d65-1155-4ddf-a802-c6738f3821ca@group-58CBC3DC2A46-LeaderElection25] INFO  impl.LeaderElection (LeaderElection.java:askForVotes(306)) - fdc21d65-1155-4ddf-a802-c6738f3821ca@group-58CBC3DC2A46-LeaderElection25 ELECTION round 0: submit vote requests at term 2 for -1: [fdc21d65-1155-4ddf-a802-c6738f3821ca|rpc:10.1.0.40:44045|priority:0, 0a485a2f-0ff7-4195-9566-1226e5634ef5|rpc:10.1.0.40:41187|priority:0, 49be740d-43e0-4e70-9568-226dcd84f562|rpc:10.1.0.40:44177|priority:1], old=null
2022-02-01 13:06:13,315 [grpc-default-executor-2] INFO  server.RaftServer$Division (RaftServerImpl.java:requestVote(1046)) - fdc21d65-1155-4ddf-a802-c6738f3821ca@group-58CBC3DC2A46: receive requestVote(ELECTION, 49be740d-43e0-4e70-9568-226dcd84f562, group-58CBC3DC2A46, 2, (t:0, i:0))
2022-02-01 13:06:13,316 [grpc-default-executor-2] INFO  impl.VoteContext (VoteContext.java:log(48)) - fdc21d65-1155-4ddf-a802-c6738f3821ca@group-58CBC3DC2A46-CANDIDATE: reject ELECTION from 49be740d-43e0-4e70-9568-226dcd84f562: already has voted for fdc21d65-1155-4ddf-a802-c6738f3821ca at current term 2
2022-02-01 13:06:13,316 [grpc-default-executor-2] INFO  server.RaftServer$Division (RaftServerImpl.java:requestVote(1078)) - fdc21d65-1155-4ddf-a802-c6738f3821ca@group-58CBC3DC2A46 replies to ELECTION vote request: 49be740d-43e0-4e70-9568-226dcd84f562<-fdc21d65-1155-4ddf-a802-c6738f3821ca#0:FAIL-t2. Peer's state: fdc21d65-1155-4ddf-a802-c6738f3821ca@group-58CBC3DC2A46:t2, leader=null, voted=fdc21d65-1155-4ddf-a802-c6738f3821ca, raftlog=fdc21d65-1155-4ddf-a802-c6738f3821ca@group-58CBC3DC2A46-SegmentedRaftLog:OPENED:c-1, conf=-1: [fdc21d65-1155-4ddf-a802-c6738f3821ca|rpc:10.1.0.40:44045|priority:0, 0a485a2f-0ff7-4195-9566-1226e5634ef5|rpc:10.1.0.40:41187|priority:0, 49be740d-43e0-4e70-9568-226dcd84f562|rpc:10.1.0.40:44177|priority:1], old=null
2022-02-01 13:06:13,316 [grpc-default-executor-0] INFO  server.RaftServer$Division (RaftServerImpl.java:requestVote(1046)) - 49be740d-43e0-4e70-9568-226dcd84f562@group-58CBC3DC2A46: receive requestVote(ELECTION, fdc21d65-1155-4ddf-a802-c6738f3821ca, group-58CBC3DC2A46, 2, (t:0, i:0))
2022-02-01 13:06:13,317 [grpc-default-executor-0] INFO  impl.VoteContext (VoteContext.java:log(48)) - 49be740d-43e0-4e70-9568-226dcd84f562@group-58CBC3DC2A46-CANDIDATE: reject ELECTION from fdc21d65-1155-4ddf-a802-c6738f3821ca: already has voted for 49be740d-43e0-4e70-9568-226dcd84f562 at current term 2
2022-02-01 13:06:13,317 [grpc-default-executor-0] INFO  server.RaftServer$Division (RaftServerImpl.java:requestVote(1078)) - 49be740d-43e0-4e70-9568-226dcd84f562@group-58CBC3DC2A46 replies to ELECTION vote request: fdc21d65-1155-4ddf-a802-c6738f3821ca<-49be740d-43e0-4e70-9568-226dcd84f562#0:FAIL-t2. Peer's state: 49be740d-43e0-4e70-9568-226dcd84f562@group-58CBC3DC2A46:t2, leader=null, voted=49be740d-43e0-4e70-9568-226dcd84f562, raftlog=49be740d-43e0-4e70-9568-226dcd84f562@group-58CBC3DC2A46-SegmentedRaftLog:OPENED:c-1, conf=-1: [fdc21d65-1155-4ddf-a802-c6738f3821ca|rpc:10.1.0.40:44045|dataStream:|priority:0, 0a485a2f-0ff7-4195-9566-1226e5634ef5|rpc:10.1.0.40:41187|dataStream:|priority:0, 49be740d-43e0-4e70-9568-226dcd84f562|rpc:10.1.0.40:44177|dataStream:|priority:1], old=null
2022-02-01 13:06:13,316 [grpc-default-executor-1] INFO  server.RaftServer$Division (RaftServerImpl.java:requestVote(1046)) - 0a485a2f-0ff7-4195-9566-1226e5634ef5@group-58CBC3DC2A46: receive requestVote(ELECTION, fdc21d65-1155-4ddf-a802-c6738f3821ca, group-58CBC3DC2A46, 2, (t:0, i:0))
2022-02-01 13:06:13,319 [grpc-default-executor-1] INFO  impl.VoteContext (VoteContext.java:log(48)) - 0a485a2f-0ff7-4195-9566-1226e5634ef5@group-58CBC3DC2A46-FOLLOWER: accept ELECTION from fdc21d65-1155-4ddf-a802-c6738f3821ca: our priority 0 <= candidate's priority 0
2022-02-01 13:06:13,319 [grpc-default-executor-1] INFO  server.RaftServer$Division (RaftServerImpl.java:setRole(290)) - 0a485a2f-0ff7-4195-9566-1226e5634ef5@group-58CBC3DC2A46: changes role from  FOLLOWER to FOLLOWER at term 2 for candidate:fdc21d65-1155-4ddf-a802-c6738f3821ca
2022-02-01 13:06:13,319 [grpc-default-executor-1] INFO  impl.RoleInfo (RoleInfo.java:shutdownFollowerState(108)) - 0a485a2f-0ff7-4195-9566-1226e5634ef5: shutdown 0a485a2f-0ff7-4195-9566-1226e5634ef5@group-58CBC3DC2A46-FollowerState
2022-02-01 13:06:13,319 [grpc-default-executor-1] INFO  impl.RoleInfo (RoleInfo.java:updateAndGet(130)) - 0a485a2f-0ff7-4195-9566-1226e5634ef5: start 0a485a2f-0ff7-4195-9566-1226e5634ef5@group-58CBC3DC2A46-FollowerState
2022-02-01 13:06:13,320 [0a485a2f-0ff7-4195-9566-1226e5634ef5@group-58CBC3DC2A46-FollowerState] INFO  impl.FollowerState (FollowerState.java:run(143)) - 0a485a2f-0ff7-4195-9566-1226e5634ef5@group-58CBC3DC2A46-FollowerState was interrupted: {}
java.lang.InterruptedException: sleep interrupted
	at java.lang.Thread.sleep(Native Method)
	at java.lang.Thread.sleep(Thread.java:340)
	at java.util.concurrent.TimeUnit.sleep(TimeUnit.java:386)
	at org.apache.ratis.util.TimeDuration.sleep(TimeDuration.java:324)
	at org.apache.ratis.util.TimeDuration.sleep(TimeDuration.java:309)
	at org.apache.ratis.server.impl.FollowerState.run(FollowerState.java:118)
2022-02-01 13:06:13,321 [fdc21d65-1155-4ddf-a802-c6738f3821ca@group-58CBC3DC2A46-LeaderElection25] INFO  impl.LeaderElection (LeaderElection.java:logAndReturn(89)) - fdc21d65-1155-4ddf-a802-c6738f3821ca@group-58CBC3DC2A46-LeaderElection25: ELECTION REJECTED received 1 response(s) and 0 exception(s):
2022-02-01 13:06:13,321 [fdc21d65-1155-4ddf-a802-c6738f3821ca@group-58CBC3DC2A46-LeaderElection25] INFO  impl.LeaderElection (LeaderElection.java:logAndReturn(93)) -   Response 0: fdc21d65-1155-4ddf-a802-c6738f3821ca<-49be740d-43e0-4e70-9568-226dcd84f562#0:FAIL-t2
2022-02-01 13:06:13,321 [fdc21d65-1155-4ddf-a802-c6738f3821ca@group-58CBC3DC2A46-LeaderElection25] INFO  impl.LeaderElection (LeaderElection.java:askForVotes(308)) - fdc21d65-1155-4ddf-a802-c6738f3821ca@group-58CBC3DC2A46-LeaderElection25 ELECTION round 0: result REJECTED
2022-02-01 13:06:13,321 [fdc21d65-1155-4ddf-a802-c6738f3821ca@group-58CBC3DC2A46-LeaderElection25] INFO  server.RaftServer$Division (RaftServerImpl.java:setRole(290)) - fdc21d65-1155-4ddf-a802-c6738f3821ca@group-58CBC3DC2A46: changes role from CANDIDATE to FOLLOWER at term 2 for REJECTED
2022-02-01 13:06:13,321 [fdc21d65-1155-4ddf-a802-c6738f3821ca@group-58CBC3DC2A46-LeaderElection25] INFO  impl.RoleInfo (RoleInfo.java:shutdownLeaderElection(121)) - fdc21d65-1155-4ddf-a802-c6738f3821ca: shutdown fdc21d65-1155-4ddf-a802-c6738f3821ca@group-58CBC3DC2A46-LeaderElection25
2022-02-01 13:06:13,321 [fdc21d65-1155-4ddf-a802-c6738f3821ca@group-58CBC3DC2A46-LeaderElection25] INFO  impl.RoleInfo (RoleInfo.java:updateAndGet(130)) - fdc21d65-1155-4ddf-a802-c6738f3821ca: start fdc21d65-1155-4ddf-a802-c6738f3821ca@group-58CBC3DC2A46-FollowerState
2022-02-01 13:06:13,321 [grpc-default-executor-1] INFO  server.RaftServer$Division (RaftServerImpl.java:requestVote(1078)) - 0a485a2f-0ff7-4195-9566-1226e5634ef5@group-58CBC3DC2A46 replies to ELECTION vote request: fdc21d65-1155-4ddf-a802-c6738f3821ca<-0a485a2f-0ff7-4195-9566-1226e5634ef5#0:OK-t2. Peer's state: 0a485a2f-0ff7-4195-9566-1226e5634ef5@group-58CBC3DC2A46:t2, leader=null, voted=fdc21d65-1155-4ddf-a802-c6738f3821ca, raftlog=0a485a2f-0ff7-4195-9566-1226e5634ef5@group-58CBC3DC2A46-SegmentedRaftLog:OPENED:c-1, conf=-1: [fdc21d65-1155-4ddf-a802-c6738f3821ca|rpc:10.1.0.40:44045|dataStream:|priority:0, 0a485a2f-0ff7-4195-9566-1226e5634ef5|rpc:10.1.0.40:41187|dataStream:|priority:0, 49be740d-43e0-4e70-9568-226dcd84f562|rpc:10.1.0.40:44177|dataStream:|priority:1], old=null
2022-02-01 13:06:13,345 [grpc-default-executor-1] INFO  server.RaftServer$Division (RaftServerImpl.java:requestVote(1046)) - 0a485a2f-0ff7-4195-9566-1226e5634ef5@group-58CBC3DC2A46: receive requestVote(ELECTION, 49be740d-43e0-4e70-9568-226dcd84f562, group-58CBC3DC2A46, 2, (t:0, i:0))
2022-02-01 13:06:13,346 [grpc-default-executor-1] INFO  impl.VoteContext (VoteContext.java:log(48)) - 0a485a2f-0ff7-4195-9566-1226e5634ef5@group-58CBC3DC2A46-FOLLOWER: reject ELECTION from 49be740d-43e0-4e70-9568-226dcd84f562: already has voted for fdc21d65-1155-4ddf-a802-c6738f3821ca at current term 2
2022-02-01 13:06:13,346 [grpc-default-executor-1] INFO  server.RaftServer$Division (RaftServerImpl.java:requestVote(1078)) - 0a485a2f-0ff7-4195-9566-1226e5634ef5@group-58CBC3DC2A46 replies to ELECTION vote request: 49be740d-43e0-4e70-9568-226dcd84f562<-0a485a2f-0ff7-4195-9566-1226e5634ef5#0:FAIL-t2. Peer's state: 0a485a2f-0ff7-4195-9566-1226e5634ef5@group-58CBC3DC2A46:t2, leader=null, voted=fdc21d65-1155-4ddf-a802-c6738f3821ca, raftlog=0a485a2f-0ff7-4195-9566-1226e5634ef5@group-58CBC3DC2A46-SegmentedRaftLog:OPENED:c-1, conf=-1: [fdc21d65-1155-4ddf-a802-c6738f3821ca|rpc:10.1.0.40:44045|dataStream:|priority:0, 0a485a2f-0ff7-4195-9566-1226e5634ef5|rpc:10.1.0.40:41187|dataStream:|priority:0, 49be740d-43e0-4e70-9568-226dcd84f562|rpc:10.1.0.40:44177|dataStream:|priority:1], old=null
2022-02-01 13:06:13,350 [49be740d-43e0-4e70-9568-226dcd84f562@group-58CBC3DC2A46-LeaderElection24] INFO  impl.LeaderElection (LeaderElection.java:logAndReturn(89)) - 49be740d-43e0-4e70-9568-226dcd84f562@group-58CBC3DC2A46-LeaderElection24: ELECTION REJECTED received 2 response(s) and 0 exception(s):
2022-02-01 13:06:13,352 [49be740d-43e0-4e70-9568-226dcd84f562@group-58CBC3DC2A46-LeaderElection24] INFO  impl.LeaderElection (LeaderElection.java:logAndReturn(93)) -   Response 0: 49be740d-43e0-4e70-9568-226dcd84f562<-fdc21d65-1155-4ddf-a802-c6738f3821ca#0:FAIL-t2
2022-02-01 13:06:13,352 [49be740d-43e0-4e70-9568-226dcd84f562@group-58CBC3DC2A46-LeaderElection24] INFO  impl.LeaderElection (LeaderElection.java:logAndReturn(93)) -   Response 1: 49be740d-43e0-4e70-9568-226dcd84f562<-0a485a2f-0ff7-4195-9566-1226e5634ef5#0:FAIL-t2
2022-02-01 13:06:13,352 [49be740d-43e0-4e70-9568-226dcd84f562@group-58CBC3DC2A46-LeaderElection24] INFO  impl.LeaderElection (LeaderElection.java:askForVotes(308)) - 49be740d-43e0-4e70-9568-226dcd84f562@group-58CBC3DC2A46-LeaderElection24 ELECTION round 0: result REJECTED
2022-02-01 13:06:13,352 [49be740d-43e0-4e70-9568-226dcd84f562@group-58CBC3DC2A46-LeaderElection24] INFO  server.RaftServer$Division (RaftServerImpl.java:setRole(290)) - 49be740d-43e0-4e70-9568-226dcd84f562@group-58CBC3DC2A46: changes role from CANDIDATE to FOLLOWER at term 2 for REJECTED
2022-02-01 13:06:13,352 [49be740d-43e0-4e70-9568-226dcd84f562@group-58CBC3DC2A46-LeaderElection24] INFO  impl.RoleInfo (RoleInfo.java:shutdownLeaderElection(121)) - 49be740d-43e0-4e70-9568-226dcd84f562: shutdown 49be740d-43e0-4e70-9568-226dcd84f562@group-58CBC3DC2A46-LeaderElection24
2022-02-01 13:06:13,352 [49be740d-43e0-4e70-9568-226dcd84f562@group-58CBC3DC2A46-LeaderElection24] INFO  impl.RoleInfo (RoleInfo.java:updateAndGet(130)) - 49be740d-43e0-4e70-9568-226dcd84f562: start 49be740d-43e0-4e70-9568-226dcd84f562@group-58CBC3DC2A46-FollowerState
2022-02-01 13:06:13,546 [Listener at 127.0.0.1/38443] INFO  ozone.MiniOzoneClusterImpl (MiniOzoneClusterImpl.java:lambda$waitForClusterToBeReady$0(219)) - Nodes are ready. Got 3 of 3 DN Heartbeats.
2022-02-01 13:06:13,547 [Listener at 127.0.0.1/38443] INFO  ozone.MiniOzoneClusterImpl (MiniOzoneClusterImpl.java:lambda$waitForClusterToBeReady$0(222)) - Waiting for cluster to exit safe mode
2022-02-01 13:06:13,547 [Listener at 127.0.0.1/38443] INFO  ozone.MiniOzoneClusterImpl (MiniOzoneClusterImpl.java:lambda$waitForClusterToBeReady$0(224)) - SCM became leader
2022-02-01 13:06:14,547 [Listener at 127.0.0.1/38443] INFO  ozone.MiniOzoneClusterImpl (MiniOzoneClusterImpl.java:lambda$waitForClusterToBeReady$0(219)) - Nodes are ready. Got 3 of 3 DN Heartbeats.
2022-02-01 13:06:14,548 [Listener at 127.0.0.1/38443] INFO  ozone.MiniOzoneClusterImpl (MiniOzoneClusterImpl.java:lambda$waitForClusterToBeReady$0(222)) - Waiting for cluster to exit safe mode
2022-02-01 13:06:14,548 [Listener at 127.0.0.1/38443] INFO  ozone.MiniOzoneClusterImpl (MiniOzoneClusterImpl.java:lambda$waitForClusterToBeReady$0(224)) - SCM became leader
2022-02-01 13:06:15,548 [Listener at 127.0.0.1/38443] INFO  ozone.MiniOzoneClusterImpl (MiniOzoneClusterImpl.java:lambda$waitForClusterToBeReady$0(219)) - Nodes are ready. Got 3 of 3 DN Heartbeats.
2022-02-01 13:06:15,548 [Listener at 127.0.0.1/38443] INFO  ozone.MiniOzoneClusterImpl (MiniOzoneClusterImpl.java:lambda$waitForClusterToBeReady$0(222)) - Waiting for cluster to exit safe mode
2022-02-01 13:06:15,548 [Listener at 127.0.0.1/38443] INFO  ozone.MiniOzoneClusterImpl (MiniOzoneClusterImpl.java:lambda$waitForClusterToBeReady$0(224)) - SCM became leader
2022-02-01 13:06:16,548 [Listener at 127.0.0.1/38443] INFO  ozone.MiniOzoneClusterImpl (MiniOzoneClusterImpl.java:lambda$waitForClusterToBeReady$0(219)) - Nodes are ready. Got 3 of 3 DN Heartbeats.
2022-02-01 13:06:16,549 [Listener at 127.0.0.1/38443] INFO  ozone.MiniOzoneClusterImpl (MiniOzoneClusterImpl.java:lambda$waitForClusterToBeReady$0(222)) - Waiting for cluster to exit safe mode
2022-02-01 13:06:16,549 [Listener at 127.0.0.1/38443] INFO  ozone.MiniOzoneClusterImpl (MiniOzoneClusterImpl.java:lambda$waitForClusterToBeReady$0(224)) - SCM became leader
2022-02-01 13:06:17,549 [Listener at 127.0.0.1/38443] INFO  ozone.MiniOzoneClusterImpl (MiniOzoneClusterImpl.java:lambda$waitForClusterToBeReady$0(219)) - Nodes are ready. Got 3 of 3 DN Heartbeats.
2022-02-01 13:06:17,549 [Listener at 127.0.0.1/38443] INFO  ozone.MiniOzoneClusterImpl (MiniOzoneClusterImpl.java:lambda$waitForClusterToBeReady$0(222)) - Waiting for cluster to exit safe mode
2022-02-01 13:06:17,549 [Listener at 127.0.0.1/38443] INFO  ozone.MiniOzoneClusterImpl (MiniOzoneClusterImpl.java:lambda$waitForClusterToBeReady$0(224)) - SCM became leader
2022-02-01 13:06:18,518 [fdc21d65-1155-4ddf-a802-c6738f3821ca@group-58CBC3DC2A46-FollowerState] INFO  impl.FollowerState (FollowerState.java:run(134)) - fdc21d65-1155-4ddf-a802-c6738f3821ca@group-58CBC3DC2A46-FollowerState: change to CANDIDATE, lastRpcElapsedTime:5197385863ns, electionTimeout:5196ms
2022-02-01 13:06:18,519 [fdc21d65-1155-4ddf-a802-c6738f3821ca@group-58CBC3DC2A46-FollowerState] INFO  impl.RoleInfo (RoleInfo.java:shutdownFollowerState(108)) - fdc21d65-1155-4ddf-a802-c6738f3821ca: shutdown fdc21d65-1155-4ddf-a802-c6738f3821ca@group-58CBC3DC2A46-FollowerState
2022-02-01 13:06:18,519 [fdc21d65-1155-4ddf-a802-c6738f3821ca@group-58CBC3DC2A46-FollowerState] INFO  server.RaftServer$Division (RaftServerImpl.java:setRole(290)) - fdc21d65-1155-4ddf-a802-c6738f3821ca@group-58CBC3DC2A46: changes role from  FOLLOWER to CANDIDATE at term 2 for changeToCandidate
2022-02-01 13:06:18,519 [fdc21d65-1155-4ddf-a802-c6738f3821ca@group-58CBC3DC2A46-FollowerState] INFO  server.RaftServerConfigKeys (ConfUtils.java:logGet(44)) - raft.server.leaderelection.pre-vote = false (custom)
2022-02-01 13:06:18,519 [fdc21d65-1155-4ddf-a802-c6738f3821ca@group-58CBC3DC2A46-FollowerState] INFO  impl.RoleInfo (RoleInfo.java:updateAndGet(130)) - fdc21d65-1155-4ddf-a802-c6738f3821ca: start fdc21d65-1155-4ddf-a802-c6738f3821ca@group-58CBC3DC2A46-LeaderElection26
2022-02-01 13:06:18,531 [49be740d-43e0-4e70-9568-226dcd84f562@group-58CBC3DC2A46-FollowerState] INFO  impl.FollowerState (FollowerState.java:run(134)) - 49be740d-43e0-4e70-9568-226dcd84f562@group-58CBC3DC2A46-FollowerState: change to CANDIDATE, lastRpcElapsedTime:5178733955ns, electionTimeout:5154ms
2022-02-01 13:06:18,531 [49be740d-43e0-4e70-9568-226dcd84f562@group-58CBC3DC2A46-FollowerState] INFO  impl.RoleInfo (RoleInfo.java:shutdownFollowerState(108)) - 49be740d-43e0-4e70-9568-226dcd84f562: shutdown 49be740d-43e0-4e70-9568-226dcd84f562@group-58CBC3DC2A46-FollowerState
2022-02-01 13:06:18,531 [49be740d-43e0-4e70-9568-226dcd84f562@group-58CBC3DC2A46-FollowerState] INFO  server.RaftServer$Division (RaftServerImpl.java:setRole(290)) - 49be740d-43e0-4e70-9568-226dcd84f562@group-58CBC3DC2A46: changes role from  FOLLOWER to CANDIDATE at term 2 for changeToCandidate
2022-02-01 13:06:18,531 [49be740d-43e0-4e70-9568-226dcd84f562@group-58CBC3DC2A46-FollowerState] INFO  server.RaftServerConfigKeys (ConfUtils.java:logGet(44)) - raft.server.leaderelection.pre-vote = false (custom)
2022-02-01 13:06:18,531 [49be740d-43e0-4e70-9568-226dcd84f562@group-58CBC3DC2A46-FollowerState] INFO  impl.RoleInfo (RoleInfo.java:updateAndGet(130)) - 49be740d-43e0-4e70-9568-226dcd84f562: start 49be740d-43e0-4e70-9568-226dcd84f562@group-58CBC3DC2A46-LeaderElection27
2022-02-01 13:06:18,544 [fdc21d65-1155-4ddf-a802-c6738f3821ca@group-58CBC3DC2A46-LeaderElection26] INFO  impl.LeaderElection (LeaderElection.java:askForVotes(306)) - fdc21d65-1155-4ddf-a802-c6738f3821ca@group-58CBC3DC2A46-LeaderElection26 ELECTION round 0: submit vote requests at term 3 for -1: [fdc21d65-1155-4ddf-a802-c6738f3821ca|rpc:10.1.0.40:44045|priority:0, 0a485a2f-0ff7-4195-9566-1226e5634ef5|rpc:10.1.0.40:41187|priority:0, 49be740d-43e0-4e70-9568-226dcd84f562|rpc:10.1.0.40:44177|priority:1], old=null
2022-02-01 13:06:18,549 [Listener at 127.0.0.1/38443] INFO  ozone.MiniOzoneClusterImpl (MiniOzoneClusterImpl.java:lambda$waitForClusterToBeReady$0(219)) - Nodes are ready. Got 3 of 3 DN Heartbeats.
2022-02-01 13:06:18,550 [Listener at 127.0.0.1/38443] INFO  ozone.MiniOzoneClusterImpl (MiniOzoneClusterImpl.java:lambda$waitForClusterToBeReady$0(222)) - Waiting for cluster to exit safe mode
2022-02-01 13:06:18,550 [Listener at 127.0.0.1/38443] INFO  ozone.MiniOzoneClusterImpl (MiniOzoneClusterImpl.java:lambda$waitForClusterToBeReady$0(224)) - SCM became leader
2022-02-01 13:06:18,570 [grpc-default-executor-1] INFO  server.RaftServer$Division (RaftServerImpl.java:requestVote(1046)) - 0a485a2f-0ff7-4195-9566-1226e5634ef5@group-58CBC3DC2A46: receive requestVote(ELECTION, fdc21d65-1155-4ddf-a802-c6738f3821ca, group-58CBC3DC2A46, 3, (t:0, i:0))
2022-02-01 13:06:18,571 [grpc-default-executor-1] INFO  impl.VoteContext (VoteContext.java:log(48)) - 0a485a2f-0ff7-4195-9566-1226e5634ef5@group-58CBC3DC2A46-FOLLOWER: accept ELECTION from fdc21d65-1155-4ddf-a802-c6738f3821ca: our priority 0 <= candidate's priority 0
2022-02-01 13:06:18,571 [grpc-default-executor-1] INFO  server.RaftServer$Division (RaftServerImpl.java:setRole(290)) - 0a485a2f-0ff7-4195-9566-1226e5634ef5@group-58CBC3DC2A46: changes role from  FOLLOWER to FOLLOWER at term 3 for candidate:fdc21d65-1155-4ddf-a802-c6738f3821ca
2022-02-01 13:06:18,571 [grpc-default-executor-1] INFO  impl.RoleInfo (RoleInfo.java:shutdownFollowerState(108)) - 0a485a2f-0ff7-4195-9566-1226e5634ef5: shutdown 0a485a2f-0ff7-4195-9566-1226e5634ef5@group-58CBC3DC2A46-FollowerState
2022-02-01 13:06:18,571 [grpc-default-executor-1] INFO  impl.RoleInfo (RoleInfo.java:updateAndGet(130)) - 0a485a2f-0ff7-4195-9566-1226e5634ef5: start 0a485a2f-0ff7-4195-9566-1226e5634ef5@group-58CBC3DC2A46-FollowerState
2022-02-01 13:06:18,571 [0a485a2f-0ff7-4195-9566-1226e5634ef5@group-58CBC3DC2A46-FollowerState] INFO  impl.FollowerState (FollowerState.java:run(143)) - 0a485a2f-0ff7-4195-9566-1226e5634ef5@group-58CBC3DC2A46-FollowerState was interrupted: {}
java.lang.InterruptedException: sleep interrupted
	at java.lang.Thread.sleep(Native Method)
	at java.lang.Thread.sleep(Thread.java:340)
	at java.util.concurrent.TimeUnit.sleep(TimeUnit.java:386)
	at org.apache.ratis.util.TimeDuration.sleep(TimeDuration.java:324)
	at org.apache.ratis.util.TimeDuration.sleep(TimeDuration.java:309)
	at org.apache.ratis.server.impl.FollowerState.run(FollowerState.java:118)
2022-02-01 13:06:18,570 [grpc-default-executor-0] INFO  server.RaftServer$Division (RaftServerImpl.java:requestVote(1046)) - 49be740d-43e0-4e70-9568-226dcd84f562@group-58CBC3DC2A46: receive requestVote(ELECTION, fdc21d65-1155-4ddf-a802-c6738f3821ca, group-58CBC3DC2A46, 3, (t:0, i:0))
2022-02-01 13:06:18,571 [grpc-default-executor-0] INFO  impl.VoteContext (VoteContext.java:log(48)) - 49be740d-43e0-4e70-9568-226dcd84f562@group-58CBC3DC2A46-CANDIDATE: reject ELECTION from fdc21d65-1155-4ddf-a802-c6738f3821ca: already has voted for 49be740d-43e0-4e70-9568-226dcd84f562 at current term 3
2022-02-01 13:06:18,571 [grpc-default-executor-0] INFO  server.RaftServer$Division (RaftServerImpl.java:requestVote(1078)) - 49be740d-43e0-4e70-9568-226dcd84f562@group-58CBC3DC2A46 replies to ELECTION vote request: fdc21d65-1155-4ddf-a802-c6738f3821ca<-49be740d-43e0-4e70-9568-226dcd84f562#0:FAIL-t3. Peer's state: 49be740d-43e0-4e70-9568-226dcd84f562@group-58CBC3DC2A46:t3, leader=null, voted=49be740d-43e0-4e70-9568-226dcd84f562, raftlog=49be740d-43e0-4e70-9568-226dcd84f562@group-58CBC3DC2A46-SegmentedRaftLog:OPENED:c-1, conf=-1: [fdc21d65-1155-4ddf-a802-c6738f3821ca|rpc:10.1.0.40:44045|dataStream:|priority:0, 0a485a2f-0ff7-4195-9566-1226e5634ef5|rpc:10.1.0.40:41187|dataStream:|priority:0, 49be740d-43e0-4e70-9568-226dcd84f562|rpc:10.1.0.40:44177|dataStream:|priority:1], old=null
2022-02-01 13:06:18,570 [49be740d-43e0-4e70-9568-226dcd84f562@group-58CBC3DC2A46-LeaderElection27] INFO  impl.LeaderElection (LeaderElection.java:askForVotes(306)) - 49be740d-43e0-4e70-9568-226dcd84f562@group-58CBC3DC2A46-LeaderElection27 ELECTION round 0: submit vote requests at term 3 for -1: [fdc21d65-1155-4ddf-a802-c6738f3821ca|rpc:10.1.0.40:44045|dataStream:|priority:0, 0a485a2f-0ff7-4195-9566-1226e5634ef5|rpc:10.1.0.40:41187|dataStream:|priority:0, 49be740d-43e0-4e70-9568-226dcd84f562|rpc:10.1.0.40:44177|dataStream:|priority:1], old=null
2022-02-01 13:06:18,573 [fdc21d65-1155-4ddf-a802-c6738f3821ca@group-58CBC3DC2A46-LeaderElection26] INFO  impl.LeaderElection (LeaderElection.java:logAndReturn(89)) - fdc21d65-1155-4ddf-a802-c6738f3821ca@group-58CBC3DC2A46-LeaderElection26: ELECTION REJECTED received 1 response(s) and 0 exception(s):
2022-02-01 13:06:18,575 [fdc21d65-1155-4ddf-a802-c6738f3821ca@group-58CBC3DC2A46-LeaderElection26] INFO  impl.LeaderElection (LeaderElection.java:logAndReturn(93)) -   Response 0: fdc21d65-1155-4ddf-a802-c6738f3821ca<-49be740d-43e0-4e70-9568-226dcd84f562#0:FAIL-t3
2022-02-01 13:06:18,574 [grpc-default-executor-1] INFO  server.RaftServer$Division (RaftServerImpl.java:requestVote(1078)) - 0a485a2f-0ff7-4195-9566-1226e5634ef5@group-58CBC3DC2A46 replies to ELECTION vote request: fdc21d65-1155-4ddf-a802-c6738f3821ca<-0a485a2f-0ff7-4195-9566-1226e5634ef5#0:OK-t3. Peer's state: 0a485a2f-0ff7-4195-9566-1226e5634ef5@group-58CBC3DC2A46:t3, leader=null, voted=fdc21d65-1155-4ddf-a802-c6738f3821ca, raftlog=0a485a2f-0ff7-4195-9566-1226e5634ef5@group-58CBC3DC2A46-SegmentedRaftLog:OPENED:c-1, conf=-1: [fdc21d65-1155-4ddf-a802-c6738f3821ca|rpc:10.1.0.40:44045|dataStream:|priority:0, 0a485a2f-0ff7-4195-9566-1226e5634ef5|rpc:10.1.0.40:41187|dataStream:|priority:0, 49be740d-43e0-4e70-9568-226dcd84f562|rpc:10.1.0.40:44177|dataStream:|priority:1], old=null
2022-02-01 13:06:18,586 [grpc-default-executor-0] INFO  server.RaftServer$Division (RaftServerImpl.java:requestVote(1046)) - fdc21d65-1155-4ddf-a802-c6738f3821ca@group-58CBC3DC2A46: receive requestVote(ELECTION, 49be740d-43e0-4e70-9568-226dcd84f562, group-58CBC3DC2A46, 3, (t:0, i:0))
2022-02-01 13:06:18,587 [grpc-default-executor-0] INFO  impl.VoteContext (VoteContext.java:log(48)) - fdc21d65-1155-4ddf-a802-c6738f3821ca@group-58CBC3DC2A46-CANDIDATE: reject ELECTION from 49be740d-43e0-4e70-9568-226dcd84f562: already has voted for fdc21d65-1155-4ddf-a802-c6738f3821ca at current term 3
2022-02-01 13:06:18,587 [grpc-default-executor-0] INFO  server.RaftServer$Division (RaftServerImpl.java:requestVote(1078)) - fdc21d65-1155-4ddf-a802-c6738f3821ca@group-58CBC3DC2A46 replies to ELECTION vote request: 49be740d-43e0-4e70-9568-226dcd84f562<-fdc21d65-1155-4ddf-a802-c6738f3821ca#0:FAIL-t3. Peer's state: fdc21d65-1155-4ddf-a802-c6738f3821ca@group-58CBC3DC2A46:t3, leader=null, voted=fdc21d65-1155-4ddf-a802-c6738f3821ca, raftlog=fdc21d65-1155-4ddf-a802-c6738f3821ca@group-58CBC3DC2A46-SegmentedRaftLog:OPENED:c-1, conf=-1: [fdc21d65-1155-4ddf-a802-c6738f3821ca|rpc:10.1.0.40:44045|priority:0, 0a485a2f-0ff7-4195-9566-1226e5634ef5|rpc:10.1.0.40:41187|priority:0, 49be740d-43e0-4e70-9568-226dcd84f562|rpc:10.1.0.40:44177|priority:1], old=null
2022-02-01 13:06:18,586 [fdc21d65-1155-4ddf-a802-c6738f3821ca@group-58CBC3DC2A46-LeaderElection26] INFO  impl.LeaderElection (LeaderElection.java:askForVotes(308)) - fdc21d65-1155-4ddf-a802-c6738f3821ca@group-58CBC3DC2A46-LeaderElection26 ELECTION round 0: result REJECTED
2022-02-01 13:06:18,588 [fdc21d65-1155-4ddf-a802-c6738f3821ca@group-58CBC3DC2A46-LeaderElection26] INFO  server.RaftServer$Division (RaftServerImpl.java:setRole(290)) - fdc21d65-1155-4ddf-a802-c6738f3821ca@group-58CBC3DC2A46: changes role from CANDIDATE to FOLLOWER at term 3 for REJECTED
2022-02-01 13:06:18,588 [fdc21d65-1155-4ddf-a802-c6738f3821ca@group-58CBC3DC2A46-LeaderElection26] INFO  impl.RoleInfo (RoleInfo.java:shutdownLeaderElection(121)) - fdc21d65-1155-4ddf-a802-c6738f3821ca: shutdown fdc21d65-1155-4ddf-a802-c6738f3821ca@group-58CBC3DC2A46-LeaderElection26
2022-02-01 13:06:18,588 [fdc21d65-1155-4ddf-a802-c6738f3821ca@group-58CBC3DC2A46-LeaderElection26] INFO  impl.RoleInfo (RoleInfo.java:updateAndGet(130)) - fdc21d65-1155-4ddf-a802-c6738f3821ca: start fdc21d65-1155-4ddf-a802-c6738f3821ca@group-58CBC3DC2A46-FollowerState
2022-02-01 13:06:18,610 [grpc-default-executor-0] INFO  server.RaftServer$Division (RaftServerImpl.java:requestVote(1046)) - 0a485a2f-0ff7-4195-9566-1226e5634ef5@group-58CBC3DC2A46: receive requestVote(ELECTION, 49be740d-43e0-4e70-9568-226dcd84f562, group-58CBC3DC2A46, 3, (t:0, i:0))
2022-02-01 13:06:18,611 [grpc-default-executor-0] INFO  impl.VoteContext (VoteContext.java:log(48)) - 0a485a2f-0ff7-4195-9566-1226e5634ef5@group-58CBC3DC2A46-FOLLOWER: reject ELECTION from 49be740d-43e0-4e70-9568-226dcd84f562: already has voted for fdc21d65-1155-4ddf-a802-c6738f3821ca at current term 3
2022-02-01 13:06:18,611 [grpc-default-executor-0] INFO  server.RaftServer$Division (RaftServerImpl.java:requestVote(1078)) - 0a485a2f-0ff7-4195-9566-1226e5634ef5@group-58CBC3DC2A46 replies to ELECTION vote request: 49be740d-43e0-4e70-9568-226dcd84f562<-0a485a2f-0ff7-4195-9566-1226e5634ef5#0:FAIL-t3. Peer's state: 0a485a2f-0ff7-4195-9566-1226e5634ef5@group-58CBC3DC2A46:t3, leader=null, voted=fdc21d65-1155-4ddf-a802-c6738f3821ca, raftlog=0a485a2f-0ff7-4195-9566-1226e5634ef5@group-58CBC3DC2A46-SegmentedRaftLog:OPENED:c-1, conf=-1: [fdc21d65-1155-4ddf-a802-c6738f3821ca|rpc:10.1.0.40:44045|dataStream:|priority:0, 0a485a2f-0ff7-4195-9566-1226e5634ef5|rpc:10.1.0.40:41187|dataStream:|priority:0, 49be740d-43e0-4e70-9568-226dcd84f562|rpc:10.1.0.40:44177|dataStream:|priority:1], old=null
2022-02-01 13:06:18,612 [49be740d-43e0-4e70-9568-226dcd84f562@group-58CBC3DC2A46-LeaderElection27] INFO  impl.LeaderElection (LeaderElection.java:logAndReturn(89)) - 49be740d-43e0-4e70-9568-226dcd84f562@group-58CBC3DC2A46-LeaderElection27: ELECTION REJECTED received 2 response(s) and 0 exception(s):
2022-02-01 13:06:18,613 [49be740d-43e0-4e70-9568-226dcd84f562@group-58CBC3DC2A46-LeaderElection27] INFO  impl.LeaderElection (LeaderElection.java:logAndReturn(93)) -   Response 0: 49be740d-43e0-4e70-9568-226dcd84f562<-fdc21d65-1155-4ddf-a802-c6738f3821ca#0:FAIL-t3
2022-02-01 13:06:18,613 [49be740d-43e0-4e70-9568-226dcd84f562@group-58CBC3DC2A46-LeaderElection27] INFO  impl.LeaderElection (LeaderElection.java:logAndReturn(93)) -   Response 1: 49be740d-43e0-4e70-9568-226dcd84f562<-0a485a2f-0ff7-4195-9566-1226e5634ef5#0:FAIL-t3
2022-02-01 13:06:18,613 [49be740d-43e0-4e70-9568-226dcd84f562@group-58CBC3DC2A46-LeaderElection27] INFO  impl.LeaderElection (LeaderElection.java:askForVotes(308)) - 49be740d-43e0-4e70-9568-226dcd84f562@group-58CBC3DC2A46-LeaderElection27 ELECTION round 0: result REJECTED
2022-02-01 13:06:18,613 [49be740d-43e0-4e70-9568-226dcd84f562@group-58CBC3DC2A46-LeaderElection27] INFO  server.RaftServer$Division (RaftServerImpl.java:setRole(290)) - 49be740d-43e0-4e70-9568-226dcd84f562@group-58CBC3DC2A46: changes role from CANDIDATE to FOLLOWER at term 3 for REJECTED
2022-02-01 13:06:18,613 [49be740d-43e0-4e70-9568-226dcd84f562@group-58CBC3DC2A46-LeaderElection27] INFO  impl.RoleInfo (RoleInfo.java:shutdownLeaderElection(121)) - 49be740d-43e0-4e70-9568-226dcd84f562: shutdown 49be740d-43e0-4e70-9568-226dcd84f562@group-58CBC3DC2A46-LeaderElection27
2022-02-01 13:06:18,613 [49be740d-43e0-4e70-9568-226dcd84f562@group-58CBC3DC2A46-LeaderElection27] INFO  impl.RoleInfo (RoleInfo.java:updateAndGet(130)) - 49be740d-43e0-4e70-9568-226dcd84f562: start 49be740d-43e0-4e70-9568-226dcd84f562@group-58CBC3DC2A46-FollowerState
2022-02-01 13:06:19,550 [Listener at 127.0.0.1/38443] INFO  ozone.MiniOzoneClusterImpl (MiniOzoneClusterImpl.java:lambda$waitForClusterToBeReady$0(219)) - Nodes are ready. Got 3 of 3 DN Heartbeats.
2022-02-01 13:06:19,552 [Listener at 127.0.0.1/38443] INFO  ozone.MiniOzoneClusterImpl (MiniOzoneClusterImpl.java:lambda$waitForClusterToBeReady$0(222)) - Waiting for cluster to exit safe mode
2022-02-01 13:06:19,552 [Listener at 127.0.0.1/38443] INFO  ozone.MiniOzoneClusterImpl (MiniOzoneClusterImpl.java:lambda$waitForClusterToBeReady$0(224)) - SCM became leader
2022-02-01 13:06:20,552 [Listener at 127.0.0.1/38443] INFO  ozone.MiniOzoneClusterImpl (MiniOzoneClusterImpl.java:lambda$waitForClusterToBeReady$0(219)) - Nodes are ready. Got 3 of 3 DN Heartbeats.
2022-02-01 13:06:20,552 [Listener at 127.0.0.1/38443] INFO  ozone.MiniOzoneClusterImpl (MiniOzoneClusterImpl.java:lambda$waitForClusterToBeReady$0(222)) - Waiting for cluster to exit safe mode
2022-02-01 13:06:20,552 [Listener at 127.0.0.1/38443] INFO  ozone.MiniOzoneClusterImpl (MiniOzoneClusterImpl.java:lambda$waitForClusterToBeReady$0(224)) - SCM became leader
2022-02-01 13:06:21,552 [Listener at 127.0.0.1/38443] INFO  ozone.MiniOzoneClusterImpl (MiniOzoneClusterImpl.java:lambda$waitForClusterToBeReady$0(219)) - Nodes are ready. Got 3 of 3 DN Heartbeats.
2022-02-01 13:06:21,553 [Listener at 127.0.0.1/38443] INFO  ozone.MiniOzoneClusterImpl (MiniOzoneClusterImpl.java:lambda$waitForClusterToBeReady$0(222)) - Waiting for cluster to exit safe mode
2022-02-01 13:06:21,553 [Listener at 127.0.0.1/38443] INFO  ozone.MiniOzoneClusterImpl (MiniOzoneClusterImpl.java:lambda$waitForClusterToBeReady$0(224)) - SCM became leader
2022-02-01 13:06:22,553 [Listener at 127.0.0.1/38443] INFO  ozone.MiniOzoneClusterImpl (MiniOzoneClusterImpl.java:lambda$waitForClusterToBeReady$0(219)) - Nodes are ready. Got 3 of 3 DN Heartbeats.
2022-02-01 13:06:22,553 [Listener at 127.0.0.1/38443] INFO  ozone.MiniOzoneClusterImpl (MiniOzoneClusterImpl.java:lambda$waitForClusterToBeReady$0(222)) - Waiting for cluster to exit safe mode
2022-02-01 13:06:22,553 [Listener at 127.0.0.1/38443] INFO  ozone.MiniOzoneClusterImpl (MiniOzoneClusterImpl.java:lambda$waitForClusterToBeReady$0(224)) - SCM became leader
2022-02-01 13:06:23,553 [Listener at 127.0.0.1/38443] INFO  ozone.MiniOzoneClusterImpl (MiniOzoneClusterImpl.java:lambda$waitForClusterToBeReady$0(219)) - Nodes are ready. Got 3 of 3 DN Heartbeats.
2022-02-01 13:06:23,554 [Listener at 127.0.0.1/38443] INFO  ozone.MiniOzoneClusterImpl (MiniOzoneClusterImpl.java:lambda$waitForClusterToBeReady$0(222)) - Waiting for cluster to exit safe mode
2022-02-01 13:06:23,554 [Listener at 127.0.0.1/38443] INFO  ozone.MiniOzoneClusterImpl (MiniOzoneClusterImpl.java:lambda$waitForClusterToBeReady$0(224)) - SCM became leader
2022-02-01 13:06:23,592 [fdc21d65-1155-4ddf-a802-c6738f3821ca@group-58CBC3DC2A46-FollowerState] INFO  impl.FollowerState (FollowerState.java:run(134)) - fdc21d65-1155-4ddf-a802-c6738f3821ca@group-58CBC3DC2A46-FollowerState: change to CANDIDATE, lastRpcElapsedTime:5003334859ns, electionTimeout:5003ms
2022-02-01 13:06:23,592 [fdc21d65-1155-4ddf-a802-c6738f3821ca@group-58CBC3DC2A46-FollowerState] INFO  impl.RoleInfo (RoleInfo.java:shutdownFollowerState(108)) - fdc21d65-1155-4ddf-a802-c6738f3821ca: shutdown fdc21d65-1155-4ddf-a802-c6738f3821ca@group-58CBC3DC2A46-FollowerState
2022-02-01 13:06:23,592 [fdc21d65-1155-4ddf-a802-c6738f3821ca@group-58CBC3DC2A46-FollowerState] INFO  server.RaftServer$Division (RaftServerImpl.java:setRole(290)) - fdc21d65-1155-4ddf-a802-c6738f3821ca@group-58CBC3DC2A46: changes role from  FOLLOWER to CANDIDATE at term 3 for changeToCandidate
2022-02-01 13:06:23,592 [fdc21d65-1155-4ddf-a802-c6738f3821ca@group-58CBC3DC2A46-FollowerState] INFO  server.RaftServerConfigKeys (ConfUtils.java:logGet(44)) - raft.server.leaderelection.pre-vote = false (custom)
2022-02-01 13:06:23,592 [fdc21d65-1155-4ddf-a802-c6738f3821ca@group-58CBC3DC2A46-FollowerState] INFO  impl.RoleInfo (RoleInfo.java:updateAndGet(130)) - fdc21d65-1155-4ddf-a802-c6738f3821ca: start fdc21d65-1155-4ddf-a802-c6738f3821ca@group-58CBC3DC2A46-LeaderElection28
2022-02-01 13:06:23,623 [fdc21d65-1155-4ddf-a802-c6738f3821ca@group-58CBC3DC2A46-LeaderElection28] INFO  impl.LeaderElection (LeaderElection.java:askForVotes(306)) - fdc21d65-1155-4ddf-a802-c6738f3821ca@group-58CBC3DC2A46-LeaderElection28 ELECTION round 0: submit vote requests at term 4 for -1: [fdc21d65-1155-4ddf-a802-c6738f3821ca|rpc:10.1.0.40:44045|priority:0, 0a485a2f-0ff7-4195-9566-1226e5634ef5|rpc:10.1.0.40:41187|priority:0, 49be740d-43e0-4e70-9568-226dcd84f562|rpc:10.1.0.40:44177|priority:1], old=null
2022-02-01 13:06:23,631 [grpc-default-executor-0] INFO  server.RaftServer$Division (RaftServerImpl.java:requestVote(1046)) - 0a485a2f-0ff7-4195-9566-1226e5634ef5@group-58CBC3DC2A46: receive requestVote(ELECTION, fdc21d65-1155-4ddf-a802-c6738f3821ca, group-58CBC3DC2A46, 4, (t:0, i:0))
2022-02-01 13:06:23,631 [grpc-default-executor-0] INFO  impl.VoteContext (VoteContext.java:log(48)) - 0a485a2f-0ff7-4195-9566-1226e5634ef5@group-58CBC3DC2A46-FOLLOWER: accept ELECTION from fdc21d65-1155-4ddf-a802-c6738f3821ca: our priority 0 <= candidate's priority 0
2022-02-01 13:06:23,631 [grpc-default-executor-0] INFO  server.RaftServer$Division (RaftServerImpl.java:setRole(290)) - 0a485a2f-0ff7-4195-9566-1226e5634ef5@group-58CBC3DC2A46: changes role from  FOLLOWER to FOLLOWER at term 4 for candidate:fdc21d65-1155-4ddf-a802-c6738f3821ca
2022-02-01 13:06:23,631 [grpc-default-executor-0] INFO  impl.RoleInfo (RoleInfo.java:shutdownFollowerState(108)) - 0a485a2f-0ff7-4195-9566-1226e5634ef5: shutdown 0a485a2f-0ff7-4195-9566-1226e5634ef5@group-58CBC3DC2A46-FollowerState
2022-02-01 13:06:23,631 [grpc-default-executor-0] INFO  impl.RoleInfo (RoleInfo.java:updateAndGet(130)) - 0a485a2f-0ff7-4195-9566-1226e5634ef5: start 0a485a2f-0ff7-4195-9566-1226e5634ef5@group-58CBC3DC2A46-FollowerState
2022-02-01 13:06:23,631 [0a485a2f-0ff7-4195-9566-1226e5634ef5@group-58CBC3DC2A46-FollowerState] INFO  impl.FollowerState (FollowerState.java:run(143)) - 0a485a2f-0ff7-4195-9566-1226e5634ef5@group-58CBC3DC2A46-FollowerState was interrupted: {}
java.lang.InterruptedException: sleep interrupted
	at java.lang.Thread.sleep(Native Method)
	at java.lang.Thread.sleep(Thread.java:340)
	at java.util.concurrent.TimeUnit.sleep(TimeUnit.java:386)
	at org.apache.ratis.util.TimeDuration.sleep(TimeDuration.java:324)
	at org.apache.ratis.util.TimeDuration.sleep(TimeDuration.java:309)
	at org.apache.ratis.server.impl.FollowerState.run(FollowerState.java:118)
2022-02-01 13:06:23,635 [grpc-default-executor-0] INFO  server.RaftServer$Division (RaftServerImpl.java:requestVote(1078)) - 0a485a2f-0ff7-4195-9566-1226e5634ef5@group-58CBC3DC2A46 replies to ELECTION vote request: fdc21d65-1155-4ddf-a802-c6738f3821ca<-0a485a2f-0ff7-4195-9566-1226e5634ef5#0:OK-t4. Peer's state: 0a485a2f-0ff7-4195-9566-1226e5634ef5@group-58CBC3DC2A46:t4, leader=null, voted=fdc21d65-1155-4ddf-a802-c6738f3821ca, raftlog=0a485a2f-0ff7-4195-9566-1226e5634ef5@group-58CBC3DC2A46-SegmentedRaftLog:OPENED:c-1, conf=-1: [fdc21d65-1155-4ddf-a802-c6738f3821ca|rpc:10.1.0.40:44045|dataStream:|priority:0, 0a485a2f-0ff7-4195-9566-1226e5634ef5|rpc:10.1.0.40:41187|dataStream:|priority:0, 49be740d-43e0-4e70-9568-226dcd84f562|rpc:10.1.0.40:44177|dataStream:|priority:1], old=null
2022-02-01 13:06:23,652 [grpc-default-executor-0] INFO  server.RaftServer$Division (RaftServerImpl.java:requestVote(1046)) - 49be740d-43e0-4e70-9568-226dcd84f562@group-58CBC3DC2A46: receive requestVote(ELECTION, fdc21d65-1155-4ddf-a802-c6738f3821ca, group-58CBC3DC2A46, 4, (t:0, i:0))
2022-02-01 13:06:23,652 [grpc-default-executor-0] INFO  impl.VoteContext (VoteContext.java:log(48)) - 49be740d-43e0-4e70-9568-226dcd84f562@group-58CBC3DC2A46-FOLLOWER: reject ELECTION from fdc21d65-1155-4ddf-a802-c6738f3821ca: our priority 1 > candidate's priority 0
2022-02-01 13:06:23,652 [grpc-default-executor-0] INFO  server.RaftServer$Division (RaftServerImpl.java:setRole(290)) - 49be740d-43e0-4e70-9568-226dcd84f562@group-58CBC3DC2A46: changes role from  FOLLOWER to FOLLOWER at term 4 for candidate:fdc21d65-1155-4ddf-a802-c6738f3821ca
2022-02-01 13:06:23,652 [grpc-default-executor-0] INFO  impl.RoleInfo (RoleInfo.java:shutdownFollowerState(108)) - 49be740d-43e0-4e70-9568-226dcd84f562: shutdown 49be740d-43e0-4e70-9568-226dcd84f562@group-58CBC3DC2A46-FollowerState
2022-02-01 13:06:23,652 [grpc-default-executor-0] INFO  impl.RoleInfo (RoleInfo.java:updateAndGet(130)) - 49be740d-43e0-4e70-9568-226dcd84f562: start 49be740d-43e0-4e70-9568-226dcd84f562@group-58CBC3DC2A46-FollowerState
2022-02-01 13:06:23,652 [49be740d-43e0-4e70-9568-226dcd84f562@group-58CBC3DC2A46-FollowerState] INFO  impl.FollowerState (FollowerState.java:run(143)) - 49be740d-43e0-4e70-9568-226dcd84f562@group-58CBC3DC2A46-FollowerState was interrupted: {}
java.lang.InterruptedException: sleep interrupted
	at java.lang.Thread.sleep(Native Method)
	at java.lang.Thread.sleep(Thread.java:340)
	at java.util.concurrent.TimeUnit.sleep(TimeUnit.java:386)
	at org.apache.ratis.util.TimeDuration.sleep(TimeDuration.java:324)
	at org.apache.ratis.util.TimeDuration.sleep(TimeDuration.java:309)
	at org.apache.ratis.server.impl.FollowerState.run(FollowerState.java:118)
2022-02-01 13:06:23,666 [grpc-default-executor-0] INFO  server.RaftServer$Division (RaftServerImpl.java:requestVote(1078)) - 49be740d-43e0-4e70-9568-226dcd84f562@group-58CBC3DC2A46 replies to ELECTION vote request: fdc21d65-1155-4ddf-a802-c6738f3821ca<-49be740d-43e0-4e70-9568-226dcd84f562#0:FAIL-t4. Peer's state: 49be740d-43e0-4e70-9568-226dcd84f562@group-58CBC3DC2A46:t4, leader=null, voted=null, raftlog=49be740d-43e0-4e70-9568-226dcd84f562@group-58CBC3DC2A46-SegmentedRaftLog:OPENED:c-1, conf=-1: [fdc21d65-1155-4ddf-a802-c6738f3821ca|rpc:10.1.0.40:44045|dataStream:|priority:0, 0a485a2f-0ff7-4195-9566-1226e5634ef5|rpc:10.1.0.40:41187|dataStream:|priority:0, 49be740d-43e0-4e70-9568-226dcd84f562|rpc:10.1.0.40:44177|dataStream:|priority:1], old=null
2022-02-01 13:06:23,667 [fdc21d65-1155-4ddf-a802-c6738f3821ca@group-58CBC3DC2A46-LeaderElection28] INFO  impl.LeaderElection (LeaderElection.java:logAndReturn(89)) - fdc21d65-1155-4ddf-a802-c6738f3821ca@group-58CBC3DC2A46-LeaderElection28: ELECTION REJECTED received 2 response(s) and 0 exception(s):
2022-02-01 13:06:23,667 [fdc21d65-1155-4ddf-a802-c6738f3821ca@group-58CBC3DC2A46-LeaderElection28] INFO  impl.LeaderElection (LeaderElection.java:logAndReturn(93)) -   Response 0: fdc21d65-1155-4ddf-a802-c6738f3821ca<-0a485a2f-0ff7-4195-9566-1226e5634ef5#0:OK-t4
2022-02-01 13:06:23,667 [fdc21d65-1155-4ddf-a802-c6738f3821ca@group-58CBC3DC2A46-LeaderElection28] INFO  impl.LeaderElection (LeaderElection.java:logAndReturn(93)) -   Response 1: fdc21d65-1155-4ddf-a802-c6738f3821ca<-49be740d-43e0-4e70-9568-226dcd84f562#0:FAIL-t4
2022-02-01 13:06:23,667 [fdc21d65-1155-4ddf-a802-c6738f3821ca@group-58CBC3DC2A46-LeaderElection28] INFO  impl.LeaderElection (LeaderElection.java:askForVotes(308)) - fdc21d65-1155-4ddf-a802-c6738f3821ca@group-58CBC3DC2A46-LeaderElection28 ELECTION round 0: result REJECTED
2022-02-01 13:06:23,667 [fdc21d65-1155-4ddf-a802-c6738f3821ca@group-58CBC3DC2A46-LeaderElection28] INFO  server.RaftServer$Division (RaftServerImpl.java:setRole(290)) - fdc21d65-1155-4ddf-a802-c6738f3821ca@group-58CBC3DC2A46: changes role from CANDIDATE to FOLLOWER at term 4 for REJECTED
2022-02-01 13:06:23,667 [fdc21d65-1155-4ddf-a802-c6738f3821ca@group-58CBC3DC2A46-LeaderElection28] INFO  impl.RoleInfo (RoleInfo.java:shutdownLeaderElection(121)) - fdc21d65-1155-4ddf-a802-c6738f3821ca: shutdown fdc21d65-1155-4ddf-a802-c6738f3821ca@group-58CBC3DC2A46-LeaderElection28
2022-02-01 13:06:23,667 [fdc21d65-1155-4ddf-a802-c6738f3821ca@group-58CBC3DC2A46-LeaderElection28] INFO  impl.RoleInfo (RoleInfo.java:updateAndGet(130)) - fdc21d65-1155-4ddf-a802-c6738f3821ca: start fdc21d65-1155-4ddf-a802-c6738f3821ca@group-58CBC3DC2A46-FollowerState
2022-02-01 13:06:24,554 [Listener at 127.0.0.1/38443] INFO  ozone.MiniOzoneClusterImpl (MiniOzoneClusterImpl.java:lambda$waitForClusterToBeReady$0(219)) - Nodes are ready. Got 3 of 3 DN Heartbeats.
2022-02-01 13:06:24,555 [Listener at 127.0.0.1/38443] INFO  ozone.MiniOzoneClusterImpl (MiniOzoneClusterImpl.java:lambda$waitForClusterToBeReady$0(222)) - Waiting for cluster to exit safe mode
2022-02-01 13:06:24,555 [Listener at 127.0.0.1/38443] INFO  ozone.MiniOzoneClusterImpl (MiniOzoneClusterImpl.java:lambda$waitForClusterToBeReady$0(224)) - SCM became leader
2022-02-01 13:06:25,555 [Listener at 127.0.0.1/38443] INFO  ozone.MiniOzoneClusterImpl (MiniOzoneClusterImpl.java:lambda$waitForClusterToBeReady$0(219)) - Nodes are ready. Got 3 of 3 DN Heartbeats.
2022-02-01 13:06:25,555 [Listener at 127.0.0.1/38443] INFO  ozone.MiniOzoneClusterImpl (MiniOzoneClusterImpl.java:lambda$waitForClusterToBeReady$0(222)) - Waiting for cluster to exit safe mode
2022-02-01 13:06:25,556 [Listener at 127.0.0.1/38443] INFO  ozone.MiniOzoneClusterImpl (MiniOzoneClusterImpl.java:lambda$waitForClusterToBeReady$0(224)) - SCM became leader
2022-02-01 13:06:26,556 [Listener at 127.0.0.1/38443] INFO  ozone.MiniOzoneClusterImpl (MiniOzoneClusterImpl.java:lambda$waitForClusterToBeReady$0(219)) - Nodes are ready. Got 3 of 3 DN Heartbeats.
2022-02-01 13:06:26,556 [Listener at 127.0.0.1/38443] INFO  ozone.MiniOzoneClusterImpl (MiniOzoneClusterImpl.java:lambda$waitForClusterToBeReady$0(222)) - Waiting for cluster to exit safe mode
2022-02-01 13:06:26,556 [Listener at 127.0.0.1/38443] INFO  ozone.MiniOzoneClusterImpl (MiniOzoneClusterImpl.java:lambda$waitForClusterToBeReady$0(224)) - SCM became leader
2022-02-01 13:06:27,556 [Listener at 127.0.0.1/38443] INFO  ozone.MiniOzoneClusterImpl (MiniOzoneClusterImpl.java:lambda$waitForClusterToBeReady$0(219)) - Nodes are ready. Got 3 of 3 DN Heartbeats.
2022-02-01 13:06:27,556 [Listener at 127.0.0.1/38443] INFO  ozone.MiniOzoneClusterImpl (MiniOzoneClusterImpl.java:lambda$waitForClusterToBeReady$0(222)) - Waiting for cluster to exit safe mode
2022-02-01 13:06:27,557 [Listener at 127.0.0.1/38443] INFO  ozone.MiniOzoneClusterImpl (MiniOzoneClusterImpl.java:lambda$waitForClusterToBeReady$0(224)) - SCM became leader
2022-02-01 13:06:28,557 [Listener at 127.0.0.1/38443] INFO  ozone.MiniOzoneClusterImpl (MiniOzoneClusterImpl.java:lambda$waitForClusterToBeReady$0(219)) - Nodes are ready. Got 3 of 3 DN Heartbeats.
2022-02-01 13:06:28,557 [Listener at 127.0.0.1/38443] INFO  ozone.MiniOzoneClusterImpl (MiniOzoneClusterImpl.java:lambda$waitForClusterToBeReady$0(222)) - Waiting for cluster to exit safe mode
2022-02-01 13:06:28,557 [Listener at 127.0.0.1/38443] INFO  ozone.MiniOzoneClusterImpl (MiniOzoneClusterImpl.java:lambda$waitForClusterToBeReady$0(224)) - SCM became leader
2022-02-01 13:06:28,660 [0a485a2f-0ff7-4195-9566-1226e5634ef5@group-58CBC3DC2A46-FollowerState] INFO  impl.FollowerState (FollowerState.java:run(134)) - 0a485a2f-0ff7-4195-9566-1226e5634ef5@group-58CBC3DC2A46-FollowerState: change to CANDIDATE, lastRpcElapsedTime:5024966854ns, electionTimeout:5008ms
2022-02-01 13:06:28,660 [0a485a2f-0ff7-4195-9566-1226e5634ef5@group-58CBC3DC2A46-FollowerState] INFO  impl.RoleInfo (RoleInfo.java:shutdownFollowerState(108)) - 0a485a2f-0ff7-4195-9566-1226e5634ef5: shutdown 0a485a2f-0ff7-4195-9566-1226e5634ef5@group-58CBC3DC2A46-FollowerState
2022-02-01 13:06:28,660 [0a485a2f-0ff7-4195-9566-1226e5634ef5@group-58CBC3DC2A46-FollowerState] INFO  server.RaftServer$Division (RaftServerImpl.java:setRole(290)) - 0a485a2f-0ff7-4195-9566-1226e5634ef5@group-58CBC3DC2A46: changes role from  FOLLOWER to CANDIDATE at term 4 for changeToCandidate
2022-02-01 13:06:28,660 [0a485a2f-0ff7-4195-9566-1226e5634ef5@group-58CBC3DC2A46-FollowerState] INFO  server.RaftServerConfigKeys (ConfUtils.java:logGet(44)) - raft.server.leaderelection.pre-vote = false (custom)
2022-02-01 13:06:28,660 [0a485a2f-0ff7-4195-9566-1226e5634ef5@group-58CBC3DC2A46-FollowerState] INFO  impl.RoleInfo (RoleInfo.java:updateAndGet(130)) - 0a485a2f-0ff7-4195-9566-1226e5634ef5: start 0a485a2f-0ff7-4195-9566-1226e5634ef5@group-58CBC3DC2A46-LeaderElection29
2022-02-01 13:06:28,674 [0a485a2f-0ff7-4195-9566-1226e5634ef5@group-58CBC3DC2A46-LeaderElection29] INFO  impl.LeaderElection (LeaderElection.java:askForVotes(306)) - 0a485a2f-0ff7-4195-9566-1226e5634ef5@group-58CBC3DC2A46-LeaderElection29 ELECTION round 0: submit vote requests at term 5 for -1: [fdc21d65-1155-4ddf-a802-c6738f3821ca|rpc:10.1.0.40:44045|dataStream:|priority:0, 0a485a2f-0ff7-4195-9566-1226e5634ef5|rpc:10.1.0.40:41187|dataStream:|priority:0, 49be740d-43e0-4e70-9568-226dcd84f562|rpc:10.1.0.40:44177|dataStream:|priority:1], old=null
2022-02-01 13:06:28,699 [grpc-default-executor-0] INFO  server.RaftServer$Division (RaftServerImpl.java:requestVote(1046)) - fdc21d65-1155-4ddf-a802-c6738f3821ca@group-58CBC3DC2A46: receive requestVote(ELECTION, 0a485a2f-0ff7-4195-9566-1226e5634ef5, group-58CBC3DC2A46, 5, (t:0, i:0))
2022-02-01 13:06:28,699 [grpc-default-executor-0] INFO  impl.VoteContext (VoteContext.java:log(48)) - fdc21d65-1155-4ddf-a802-c6738f3821ca@group-58CBC3DC2A46-FOLLOWER: accept ELECTION from 0a485a2f-0ff7-4195-9566-1226e5634ef5: our priority 0 <= candidate's priority 0
2022-02-01 13:06:28,699 [grpc-default-executor-0] INFO  server.RaftServer$Division (RaftServerImpl.java:setRole(290)) - fdc21d65-1155-4ddf-a802-c6738f3821ca@group-58CBC3DC2A46: changes role from  FOLLOWER to FOLLOWER at term 5 for candidate:0a485a2f-0ff7-4195-9566-1226e5634ef5
2022-02-01 13:06:28,699 [grpc-default-executor-0] INFO  impl.RoleInfo (RoleInfo.java:shutdownFollowerState(108)) - fdc21d65-1155-4ddf-a802-c6738f3821ca: shutdown fdc21d65-1155-4ddf-a802-c6738f3821ca@group-58CBC3DC2A46-FollowerState
2022-02-01 13:06:28,699 [grpc-default-executor-0] INFO  impl.RoleInfo (RoleInfo.java:updateAndGet(130)) - fdc21d65-1155-4ddf-a802-c6738f3821ca: start fdc21d65-1155-4ddf-a802-c6738f3821ca@group-58CBC3DC2A46-FollowerState
2022-02-01 13:06:28,699 [fdc21d65-1155-4ddf-a802-c6738f3821ca@group-58CBC3DC2A46-FollowerState] INFO  impl.FollowerState (FollowerState.java:run(143)) - fdc21d65-1155-4ddf-a802-c6738f3821ca@group-58CBC3DC2A46-FollowerState was interrupted: {}
java.lang.InterruptedException: sleep interrupted
	at java.lang.Thread.sleep(Native Method)
	at java.lang.Thread.sleep(Thread.java:340)
	at java.util.concurrent.TimeUnit.sleep(TimeUnit.java:386)
	at org.apache.ratis.util.TimeDuration.sleep(TimeDuration.java:324)
	at org.apache.ratis.util.TimeDuration.sleep(TimeDuration.java:309)
	at org.apache.ratis.server.impl.FollowerState.run(FollowerState.java:118)
2022-02-01 13:06:28,703 [grpc-default-executor-0] INFO  server.RaftServer$Division (RaftServerImpl.java:requestVote(1078)) - fdc21d65-1155-4ddf-a802-c6738f3821ca@group-58CBC3DC2A46 replies to ELECTION vote request: 0a485a2f-0ff7-4195-9566-1226e5634ef5<-fdc21d65-1155-4ddf-a802-c6738f3821ca#0:OK-t5. Peer's state: fdc21d65-1155-4ddf-a802-c6738f3821ca@group-58CBC3DC2A46:t5, leader=null, voted=0a485a2f-0ff7-4195-9566-1226e5634ef5, raftlog=fdc21d65-1155-4ddf-a802-c6738f3821ca@group-58CBC3DC2A46-SegmentedRaftLog:OPENED:c-1, conf=-1: [fdc21d65-1155-4ddf-a802-c6738f3821ca|rpc:10.1.0.40:44045|priority:0, 0a485a2f-0ff7-4195-9566-1226e5634ef5|rpc:10.1.0.40:41187|priority:0, 49be740d-43e0-4e70-9568-226dcd84f562|rpc:10.1.0.40:44177|priority:1], old=null
2022-02-01 13:06:28,722 [grpc-default-executor-0] INFO  server.RaftServer$Division (RaftServerImpl.java:requestVote(1046)) - 49be740d-43e0-4e70-9568-226dcd84f562@group-58CBC3DC2A46: receive requestVote(ELECTION, 0a485a2f-0ff7-4195-9566-1226e5634ef5, group-58CBC3DC2A46, 5, (t:0, i:0))
2022-02-01 13:06:28,722 [grpc-default-executor-0] INFO  impl.VoteContext (VoteContext.java:log(48)) - 49be740d-43e0-4e70-9568-226dcd84f562@group-58CBC3DC2A46-FOLLOWER: reject ELECTION from 0a485a2f-0ff7-4195-9566-1226e5634ef5: our priority 1 > candidate's priority 0
2022-02-01 13:06:28,722 [grpc-default-executor-0] INFO  server.RaftServer$Division (RaftServerImpl.java:setRole(290)) - 49be740d-43e0-4e70-9568-226dcd84f562@group-58CBC3DC2A46: changes role from  FOLLOWER to FOLLOWER at term 5 for candidate:0a485a2f-0ff7-4195-9566-1226e5634ef5
2022-02-01 13:06:28,722 [grpc-default-executor-0] INFO  impl.RoleInfo (RoleInfo.java:shutdownFollowerState(108)) - 49be740d-43e0-4e70-9568-226dcd84f562: shutdown 49be740d-43e0-4e70-9568-226dcd84f562@group-58CBC3DC2A46-FollowerState
2022-02-01 13:06:28,722 [grpc-default-executor-0] INFO  impl.RoleInfo (RoleInfo.java:updateAndGet(130)) - 49be740d-43e0-4e70-9568-226dcd84f562: start 49be740d-43e0-4e70-9568-226dcd84f562@group-58CBC3DC2A46-FollowerState
2022-02-01 13:06:28,722 [49be740d-43e0-4e70-9568-226dcd84f562@group-58CBC3DC2A46-FollowerState] INFO  impl.FollowerState (FollowerState.java:run(143)) - 49be740d-43e0-4e70-9568-226dcd84f562@group-58CBC3DC2A46-FollowerState was interrupted: {}
java.lang.InterruptedException: sleep interrupted
	at java.lang.Thread.sleep(Native Method)
	at java.lang.Thread.sleep(Thread.java:340)
	at java.util.concurrent.TimeUnit.sleep(TimeUnit.java:386)
	at org.apache.ratis.util.TimeDuration.sleep(TimeDuration.java:324)
	at org.apache.ratis.util.TimeDuration.sleep(TimeDuration.java:309)
	at org.apache.ratis.server.impl.FollowerState.run(FollowerState.java:118)
2022-02-01 13:06:28,742 [grpc-default-executor-0] INFO  server.RaftServer$Division (RaftServerImpl.java:requestVote(1078)) - 49be740d-43e0-4e70-9568-226dcd84f562@group-58CBC3DC2A46 replies to ELECTION vote request: 0a485a2f-0ff7-4195-9566-1226e5634ef5<-49be740d-43e0-4e70-9568-226dcd84f562#0:FAIL-t5. Peer's state: 49be740d-43e0-4e70-9568-226dcd84f562@group-58CBC3DC2A46:t5, leader=null, voted=null, raftlog=49be740d-43e0-4e70-9568-226dcd84f562@group-58CBC3DC2A46-SegmentedRaftLog:OPENED:c-1, conf=-1: [fdc21d65-1155-4ddf-a802-c6738f3821ca|rpc:10.1.0.40:44045|dataStream:|priority:0, 0a485a2f-0ff7-4195-9566-1226e5634ef5|rpc:10.1.0.40:41187|dataStream:|priority:0, 49be740d-43e0-4e70-9568-226dcd84f562|rpc:10.1.0.40:44177|dataStream:|priority:1], old=null
2022-02-01 13:06:28,743 [0a485a2f-0ff7-4195-9566-1226e5634ef5@group-58CBC3DC2A46-LeaderElection29] INFO  impl.LeaderElection (LeaderElection.java:logAndReturn(89)) - 0a485a2f-0ff7-4195-9566-1226e5634ef5@group-58CBC3DC2A46-LeaderElection29: ELECTION REJECTED received 2 response(s) and 0 exception(s):
2022-02-01 13:06:28,743 [0a485a2f-0ff7-4195-9566-1226e5634ef5@group-58CBC3DC2A46-LeaderElection29] INFO  impl.LeaderElection (LeaderElection.java:logAndReturn(93)) -   Response 0: 0a485a2f-0ff7-4195-9566-1226e5634ef5<-fdc21d65-1155-4ddf-a802-c6738f3821ca#0:OK-t5
2022-02-01 13:06:28,743 [0a485a2f-0ff7-4195-9566-1226e5634ef5@group-58CBC3DC2A46-LeaderElection29] INFO  impl.LeaderElection (LeaderElection.java:logAndReturn(93)) -   Response 1: 0a485a2f-0ff7-4195-9566-1226e5634ef5<-49be740d-43e0-4e70-9568-226dcd84f562#0:FAIL-t5
2022-02-01 13:06:28,743 [0a485a2f-0ff7-4195-9566-1226e5634ef5@group-58CBC3DC2A46-LeaderElection29] INFO  impl.LeaderElection (LeaderElection.java:askForVotes(308)) - 0a485a2f-0ff7-4195-9566-1226e5634ef5@group-58CBC3DC2A46-LeaderElection29 ELECTION round 0: result REJECTED
2022-02-01 13:06:28,744 [0a485a2f-0ff7-4195-9566-1226e5634ef5@group-58CBC3DC2A46-LeaderElection29] INFO  server.RaftServer$Division (RaftServerImpl.java:setRole(290)) - 0a485a2f-0ff7-4195-9566-1226e5634ef5@group-58CBC3DC2A46: changes role from CANDIDATE to FOLLOWER at term 5 for REJECTED
2022-02-01 13:06:28,744 [0a485a2f-0ff7-4195-9566-1226e5634ef5@group-58CBC3DC2A46-LeaderElection29] INFO  impl.RoleInfo (RoleInfo.java:shutdownLeaderElection(121)) - 0a485a2f-0ff7-4195-9566-1226e5634ef5: shutdown 0a485a2f-0ff7-4195-9566-1226e5634ef5@group-58CBC3DC2A46-LeaderElection29
2022-02-01 13:06:28,744 [0a485a2f-0ff7-4195-9566-1226e5634ef5@group-58CBC3DC2A46-LeaderElection29] INFO  impl.RoleInfo (RoleInfo.java:updateAndGet(130)) - 0a485a2f-0ff7-4195-9566-1226e5634ef5: start 0a485a2f-0ff7-4195-9566-1226e5634ef5@group-58CBC3DC2A46-FollowerState
2022-02-01 13:06:29,557 [Listener at 127.0.0.1/38443] INFO  ozone.MiniOzoneClusterImpl (MiniOzoneClusterImpl.java:lambda$waitForClusterToBeReady$0(219)) - Nodes are ready. Got 3 of 3 DN Heartbeats.
2022-02-01 13:06:29,558 [Listener at 127.0.0.1/38443] INFO  ozone.MiniOzoneClusterImpl (MiniOzoneClusterImpl.java:lambda$waitForClusterToBeReady$0(222)) - Waiting for cluster to exit safe mode
2022-02-01 13:06:29,558 [Listener at 127.0.0.1/38443] INFO  ozone.MiniOzoneClusterImpl (MiniOzoneClusterImpl.java:lambda$waitForClusterToBeReady$0(224)) - SCM became leader
2022-02-01 13:06:30,559 [Listener at 127.0.0.1/38443] INFO  ozone.MiniOzoneClusterImpl (MiniOzoneClusterImpl.java:lambda$waitForClusterToBeReady$0(219)) - Nodes are ready. Got 3 of 3 DN Heartbeats.
2022-02-01 13:06:30,559 [Listener at 127.0.0.1/38443] INFO  ozone.MiniOzoneClusterImpl (MiniOzoneClusterImpl.java:lambda$waitForClusterToBeReady$0(222)) - Waiting for cluster to exit safe mode
2022-02-01 13:06:30,559 [Listener at 127.0.0.1/38443] INFO  ozone.MiniOzoneClusterImpl (MiniOzoneClusterImpl.java:lambda$waitForClusterToBeReady$0(224)) - SCM became leader
2022-02-01 13:06:31,559 [Listener at 127.0.0.1/38443] INFO  ozone.MiniOzoneClusterImpl (MiniOzoneClusterImpl.java:lambda$waitForClusterToBeReady$0(219)) - Nodes are ready. Got 3 of 3 DN Heartbeats.
2022-02-01 13:06:31,559 [Listener at 127.0.0.1/38443] INFO  ozone.MiniOzoneClusterImpl (MiniOzoneClusterImpl.java:lambda$waitForClusterToBeReady$0(222)) - Waiting for cluster to exit safe mode
2022-02-01 13:06:31,559 [Listener at 127.0.0.1/38443] INFO  ozone.MiniOzoneClusterImpl (MiniOzoneClusterImpl.java:lambda$waitForClusterToBeReady$0(224)) - SCM became leader
2022-02-01 13:06:32,560 [Listener at 127.0.0.1/38443] INFO  ozone.MiniOzoneClusterImpl (MiniOzoneClusterImpl.java:lambda$waitForClusterToBeReady$0(219)) - Nodes are ready. Got 3 of 3 DN Heartbeats.
2022-02-01 13:06:32,560 [Listener at 127.0.0.1/38443] INFO  ozone.MiniOzoneClusterImpl (MiniOzoneClusterImpl.java:lambda$waitForClusterToBeReady$0(222)) - Waiting for cluster to exit safe mode
2022-02-01 13:06:32,560 [Listener at 127.0.0.1/38443] INFO  ozone.MiniOzoneClusterImpl (MiniOzoneClusterImpl.java:lambda$waitForClusterToBeReady$0(224)) - SCM became leader
2022-02-01 13:06:33,560 [Listener at 127.0.0.1/38443] INFO  ozone.MiniOzoneClusterImpl (MiniOzoneClusterImpl.java:lambda$waitForClusterToBeReady$0(219)) - Nodes are ready. Got 3 of 3 DN Heartbeats.
2022-02-01 13:06:33,560 [Listener at 127.0.0.1/38443] INFO  ozone.MiniOzoneClusterImpl (MiniOzoneClusterImpl.java:lambda$waitForClusterToBeReady$0(222)) - Waiting for cluster to exit safe mode
2022-02-01 13:06:33,560 [Listener at 127.0.0.1/38443] INFO  ozone.MiniOzoneClusterImpl (MiniOzoneClusterImpl.java:lambda$waitForClusterToBeReady$0(224)) - SCM became leader
2022-02-01 13:06:33,757 [0a485a2f-0ff7-4195-9566-1226e5634ef5@group-58CBC3DC2A46-FollowerState] INFO  impl.FollowerState (FollowerState.java:run(134)) - 0a485a2f-0ff7-4195-9566-1226e5634ef5@group-58CBC3DC2A46-FollowerState: change to CANDIDATE, lastRpcElapsedTime:5013628485ns, electionTimeout:5010ms
2022-02-01 13:06:33,757 [0a485a2f-0ff7-4195-9566-1226e5634ef5@group-58CBC3DC2A46-FollowerState] INFO  impl.RoleInfo (RoleInfo.java:shutdownFollowerState(108)) - 0a485a2f-0ff7-4195-9566-1226e5634ef5: shutdown 0a485a2f-0ff7-4195-9566-1226e5634ef5@group-58CBC3DC2A46-FollowerState
2022-02-01 13:06:33,758 [0a485a2f-0ff7-4195-9566-1226e5634ef5@group-58CBC3DC2A46-FollowerState] INFO  server.RaftServer$Division (RaftServerImpl.java:setRole(290)) - 0a485a2f-0ff7-4195-9566-1226e5634ef5@group-58CBC3DC2A46: changes role from  FOLLOWER to CANDIDATE at term 5 for changeToCandidate
2022-02-01 13:06:33,758 [0a485a2f-0ff7-4195-9566-1226e5634ef5@group-58CBC3DC2A46-FollowerState] INFO  server.RaftServerConfigKeys (ConfUtils.java:logGet(44)) - raft.server.leaderelection.pre-vote = false (custom)
2022-02-01 13:06:33,758 [0a485a2f-0ff7-4195-9566-1226e5634ef5@group-58CBC3DC2A46-FollowerState] INFO  impl.RoleInfo (RoleInfo.java:updateAndGet(130)) - 0a485a2f-0ff7-4195-9566-1226e5634ef5: start 0a485a2f-0ff7-4195-9566-1226e5634ef5@group-58CBC3DC2A46-LeaderElection30
2022-02-01 13:06:33,773 [0a485a2f-0ff7-4195-9566-1226e5634ef5@group-58CBC3DC2A46-LeaderElection30] INFO  impl.LeaderElection (LeaderElection.java:askForVotes(306)) - 0a485a2f-0ff7-4195-9566-1226e5634ef5@group-58CBC3DC2A46-LeaderElection30 ELECTION round 0: submit vote requests at term 6 for -1: [fdc21d65-1155-4ddf-a802-c6738f3821ca|rpc:10.1.0.40:44045|dataStream:|priority:0, 0a485a2f-0ff7-4195-9566-1226e5634ef5|rpc:10.1.0.40:41187|dataStream:|priority:0, 49be740d-43e0-4e70-9568-226dcd84f562|rpc:10.1.0.40:44177|dataStream:|priority:1], old=null
2022-02-01 13:06:33,793 [grpc-default-executor-0] INFO  server.RaftServer$Division (RaftServerImpl.java:requestVote(1046)) - fdc21d65-1155-4ddf-a802-c6738f3821ca@group-58CBC3DC2A46: receive requestVote(ELECTION, 0a485a2f-0ff7-4195-9566-1226e5634ef5, group-58CBC3DC2A46, 6, (t:0, i:0))
2022-02-01 13:06:33,793 [grpc-default-executor-0] INFO  impl.VoteContext (VoteContext.java:log(48)) - fdc21d65-1155-4ddf-a802-c6738f3821ca@group-58CBC3DC2A46-FOLLOWER: accept ELECTION from 0a485a2f-0ff7-4195-9566-1226e5634ef5: our priority 0 <= candidate's priority 0
2022-02-01 13:06:33,793 [grpc-default-executor-0] INFO  server.RaftServer$Division (RaftServerImpl.java:setRole(290)) - fdc21d65-1155-4ddf-a802-c6738f3821ca@group-58CBC3DC2A46: changes role from  FOLLOWER to FOLLOWER at term 6 for candidate:0a485a2f-0ff7-4195-9566-1226e5634ef5
2022-02-01 13:06:33,793 [grpc-default-executor-0] INFO  impl.RoleInfo (RoleInfo.java:shutdownFollowerState(108)) - fdc21d65-1155-4ddf-a802-c6738f3821ca: shutdown fdc21d65-1155-4ddf-a802-c6738f3821ca@group-58CBC3DC2A46-FollowerState
2022-02-01 13:06:33,793 [grpc-default-executor-0] INFO  impl.RoleInfo (RoleInfo.java:updateAndGet(130)) - fdc21d65-1155-4ddf-a802-c6738f3821ca: start fdc21d65-1155-4ddf-a802-c6738f3821ca@group-58CBC3DC2A46-FollowerState
2022-02-01 13:06:33,793 [fdc21d65-1155-4ddf-a802-c6738f3821ca@group-58CBC3DC2A46-FollowerState] INFO  impl.FollowerState (FollowerState.java:run(143)) - fdc21d65-1155-4ddf-a802-c6738f3821ca@group-58CBC3DC2A46-FollowerState was interrupted: {}
java.lang.InterruptedException: sleep interrupted
	at java.lang.Thread.sleep(Native Method)
	at java.lang.Thread.sleep(Thread.java:340)
	at java.util.concurrent.TimeUnit.sleep(TimeUnit.java:386)
	at org.apache.ratis.util.TimeDuration.sleep(TimeDuration.java:324)
	at org.apache.ratis.util.TimeDuration.sleep(TimeDuration.java:309)
	at org.apache.ratis.server.impl.FollowerState.run(FollowerState.java:118)
2022-02-01 13:06:33,795 [grpc-default-executor-0] INFO  server.RaftServer$Division (RaftServerImpl.java:requestVote(1078)) - fdc21d65-1155-4ddf-a802-c6738f3821ca@group-58CBC3DC2A46 replies to ELECTION vote request: 0a485a2f-0ff7-4195-9566-1226e5634ef5<-fdc21d65-1155-4ddf-a802-c6738f3821ca#0:OK-t6. Peer's state: fdc21d65-1155-4ddf-a802-c6738f3821ca@group-58CBC3DC2A46:t6, leader=null, voted=0a485a2f-0ff7-4195-9566-1226e5634ef5, raftlog=fdc21d65-1155-4ddf-a802-c6738f3821ca@group-58CBC3DC2A46-SegmentedRaftLog:OPENED:c-1, conf=-1: [fdc21d65-1155-4ddf-a802-c6738f3821ca|rpc:10.1.0.40:44045|priority:0, 0a485a2f-0ff7-4195-9566-1226e5634ef5|rpc:10.1.0.40:41187|priority:0, 49be740d-43e0-4e70-9568-226dcd84f562|rpc:10.1.0.40:44177|priority:1], old=null
2022-02-01 13:06:33,808 [grpc-default-executor-1] INFO  server.RaftServer$Division (RaftServerImpl.java:requestVote(1046)) - 49be740d-43e0-4e70-9568-226dcd84f562@group-58CBC3DC2A46: receive requestVote(ELECTION, 0a485a2f-0ff7-4195-9566-1226e5634ef5, group-58CBC3DC2A46, 6, (t:0, i:0))
2022-02-01 13:06:33,809 [grpc-default-executor-1] INFO  impl.VoteContext (VoteContext.java:log(48)) - 49be740d-43e0-4e70-9568-226dcd84f562@group-58CBC3DC2A46-FOLLOWER: reject ELECTION from 0a485a2f-0ff7-4195-9566-1226e5634ef5: our priority 1 > candidate's priority 0
2022-02-01 13:06:33,809 [grpc-default-executor-1] INFO  server.RaftServer$Division (RaftServerImpl.java:setRole(290)) - 49be740d-43e0-4e70-9568-226dcd84f562@group-58CBC3DC2A46: changes role from  FOLLOWER to FOLLOWER at term 6 for candidate:0a485a2f-0ff7-4195-9566-1226e5634ef5
2022-02-01 13:06:33,809 [grpc-default-executor-1] INFO  impl.RoleInfo (RoleInfo.java:shutdownFollowerState(108)) - 49be740d-43e0-4e70-9568-226dcd84f562: shutdown 49be740d-43e0-4e70-9568-226dcd84f562@group-58CBC3DC2A46-FollowerState
2022-02-01 13:06:33,809 [grpc-default-executor-1] INFO  impl.RoleInfo (RoleInfo.java:updateAndGet(130)) - 49be740d-43e0-4e70-9568-226dcd84f562: start 49be740d-43e0-4e70-9568-226dcd84f562@group-58CBC3DC2A46-FollowerState
2022-02-01 13:06:33,809 [49be740d-43e0-4e70-9568-226dcd84f562@group-58CBC3DC2A46-FollowerState] INFO  impl.FollowerState (FollowerState.java:run(143)) - 49be740d-43e0-4e70-9568-226dcd84f562@group-58CBC3DC2A46-FollowerState was interrupted: {}
java.lang.InterruptedException: sleep interrupted
	at java.lang.Thread.sleep(Native Method)
	at java.lang.Thread.sleep(Thread.java:340)
	at java.util.concurrent.TimeUnit.sleep(TimeUnit.java:386)
	at org.apache.ratis.util.TimeDuration.sleep(TimeDuration.java:324)
	at org.apache.ratis.util.TimeDuration.sleep(TimeDuration.java:309)
	at org.apache.ratis.server.impl.FollowerState.run(FollowerState.java:118)
2022-02-01 13:06:33,822 [grpc-default-executor-1] INFO  server.RaftServer$Division (RaftServerImpl.java:requestVote(1078)) - 49be740d-43e0-4e70-9568-226dcd84f562@group-58CBC3DC2A46 replies to ELECTION vote request: 0a485a2f-0ff7-4195-9566-1226e5634ef5<-49be740d-43e0-4e70-9568-226dcd84f562#0:FAIL-t6. Peer's state: 49be740d-43e0-4e70-9568-226dcd84f562@group-58CBC3DC2A46:t6, leader=null, voted=null, raftlog=49be740d-43e0-4e70-9568-226dcd84f562@group-58CBC3DC2A46-SegmentedRaftLog:OPENED:c-1, conf=-1: [fdc21d65-1155-4ddf-a802-c6738f3821ca|rpc:10.1.0.40:44045|dataStream:|priority:0, 0a485a2f-0ff7-4195-9566-1226e5634ef5|rpc:10.1.0.40:41187|dataStream:|priority:0, 49be740d-43e0-4e70-9568-226dcd84f562|rpc:10.1.0.40:44177|dataStream:|priority:1], old=null
2022-02-01 13:06:33,824 [0a485a2f-0ff7-4195-9566-1226e5634ef5@group-58CBC3DC2A46-LeaderElection30] INFO  impl.LeaderElection (LeaderElection.java:logAndReturn(89)) - 0a485a2f-0ff7-4195-9566-1226e5634ef5@group-58CBC3DC2A46-LeaderElection30: ELECTION REJECTED received 2 response(s) and 0 exception(s):
2022-02-01 13:06:33,824 [0a485a2f-0ff7-4195-9566-1226e5634ef5@group-58CBC3DC2A46-LeaderElection30] INFO  impl.LeaderElection (LeaderElection.java:logAndReturn(93)) -   Response 0: 0a485a2f-0ff7-4195-9566-1226e5634ef5<-fdc21d65-1155-4ddf-a802-c6738f3821ca#0:OK-t6
2022-02-01 13:06:33,824 [0a485a2f-0ff7-4195-9566-1226e5634ef5@group-58CBC3DC2A46-LeaderElection30] INFO  impl.LeaderElection (LeaderElection.java:logAndReturn(93)) -   Response 1: 0a485a2f-0ff7-4195-9566-1226e5634ef5<-49be740d-43e0-4e70-9568-226dcd84f562#0:FAIL-t6
2022-02-01 13:06:33,824 [0a485a2f-0ff7-4195-9566-1226e5634ef5@group-58CBC3DC2A46-LeaderElection30] INFO  impl.LeaderElection (LeaderElection.java:askForVotes(308)) - 0a485a2f-0ff7-4195-9566-1226e5634ef5@group-58CBC3DC2A46-LeaderElection30 ELECTION round 0: result REJECTED
2022-02-01 13:06:33,824 [0a485a2f-0ff7-4195-9566-1226e5634ef5@group-58CBC3DC2A46-LeaderElection30] INFO  server.RaftServer$Division (RaftServerImpl.java:setRole(290)) - 0a485a2f-0ff7-4195-9566-1226e5634ef5@group-58CBC3DC2A46: changes role from CANDIDATE to FOLLOWER at term 6 for REJECTED
2022-02-01 13:06:33,824 [0a485a2f-0ff7-4195-9566-1226e5634ef5@group-58CBC3DC2A46-LeaderElection30] INFO  impl.RoleInfo (RoleInfo.java:shutdownLeaderElection(121)) - 0a485a2f-0ff7-4195-9566-1226e5634ef5: shutdown 0a485a2f-0ff7-4195-9566-1226e5634ef5@group-58CBC3DC2A46-LeaderElection30
2022-02-01 13:06:33,824 [0a485a2f-0ff7-4195-9566-1226e5634ef5@group-58CBC3DC2A46-LeaderElection30] INFO  impl.RoleInfo (RoleInfo.java:updateAndGet(130)) - 0a485a2f-0ff7-4195-9566-1226e5634ef5: start 0a485a2f-0ff7-4195-9566-1226e5634ef5@group-58CBC3DC2A46-FollowerState
2022-02-01 13:06:34,561 [Listener at 127.0.0.1/38443] INFO  ozone.MiniOzoneClusterImpl (MiniOzoneClusterImpl.java:lambda$waitForClusterToBeReady$0(219)) - Nodes are ready. Got 3 of 3 DN Heartbeats.
2022-02-01 13:06:34,562 [Listener at 127.0.0.1/38443] INFO  ozone.MiniOzoneClusterImpl (MiniOzoneClusterImpl.java:lambda$waitForClusterToBeReady$0(222)) - Waiting for cluster to exit safe mode
2022-02-01 13:06:34,562 [Listener at 127.0.0.1/38443] INFO  ozone.MiniOzoneClusterImpl (MiniOzoneClusterImpl.java:lambda$waitForClusterToBeReady$0(224)) - SCM became leader
2022-02-01 13:06:35,562 [Listener at 127.0.0.1/38443] INFO  ozone.MiniOzoneClusterImpl (MiniOzoneClusterImpl.java:lambda$waitForClusterToBeReady$0(219)) - Nodes are ready. Got 3 of 3 DN Heartbeats.
2022-02-01 13:06:35,562 [Listener at 127.0.0.1/38443] INFO  ozone.MiniOzoneClusterImpl (MiniOzoneClusterImpl.java:lambda$waitForClusterToBeReady$0(222)) - Waiting for cluster to exit safe mode
2022-02-01 13:06:35,562 [Listener at 127.0.0.1/38443] INFO  ozone.MiniOzoneClusterImpl (MiniOzoneClusterImpl.java:lambda$waitForClusterToBeReady$0(224)) - SCM became leader
2022-02-01 13:06:36,563 [Listener at 127.0.0.1/38443] INFO  ozone.MiniOzoneClusterImpl (MiniOzoneClusterImpl.java:lambda$waitForClusterToBeReady$0(219)) - Nodes are ready. Got 3 of 3 DN Heartbeats.
2022-02-01 13:06:36,563 [Listener at 127.0.0.1/38443] INFO  ozone.MiniOzoneClusterImpl (MiniOzoneClusterImpl.java:lambda$waitForClusterToBeReady$0(222)) - Waiting for cluster to exit safe mode
2022-02-01 13:06:36,563 [Listener at 127.0.0.1/38443] INFO  ozone.MiniOzoneClusterImpl (MiniOzoneClusterImpl.java:lambda$waitForClusterToBeReady$0(224)) - SCM became leader
2022-02-01 13:06:37,563 [Listener at 127.0.0.1/38443] INFO  ozone.MiniOzoneClusterImpl (MiniOzoneClusterImpl.java:lambda$waitForClusterToBeReady$0(219)) - Nodes are ready. Got 3 of 3 DN Heartbeats.
2022-02-01 13:06:37,563 [Listener at 127.0.0.1/38443] INFO  ozone.MiniOzoneClusterImpl (MiniOzoneClusterImpl.java:lambda$waitForClusterToBeReady$0(222)) - Waiting for cluster to exit safe mode
2022-02-01 13:06:37,563 [Listener at 127.0.0.1/38443] INFO  ozone.MiniOzoneClusterImpl (MiniOzoneClusterImpl.java:lambda$waitForClusterToBeReady$0(224)) - SCM became leader
2022-02-01 13:06:38,564 [Listener at 127.0.0.1/38443] INFO  ozone.MiniOzoneClusterImpl (MiniOzoneClusterImpl.java:lambda$waitForClusterToBeReady$0(219)) - Nodes are ready. Got 3 of 3 DN Heartbeats.
2022-02-01 13:06:38,564 [Listener at 127.0.0.1/38443] INFO  ozone.MiniOzoneClusterImpl (MiniOzoneClusterImpl.java:lambda$waitForClusterToBeReady$0(222)) - Waiting for cluster to exit safe mode
2022-02-01 13:06:38,564 [Listener at 127.0.0.1/38443] INFO  ozone.MiniOzoneClusterImpl (MiniOzoneClusterImpl.java:lambda$waitForClusterToBeReady$0(224)) - SCM became leader
2022-02-01 13:06:38,845 [0a485a2f-0ff7-4195-9566-1226e5634ef5@group-58CBC3DC2A46-FollowerState] INFO  impl.FollowerState (FollowerState.java:run(134)) - 0a485a2f-0ff7-4195-9566-1226e5634ef5@group-58CBC3DC2A46-FollowerState: change to CANDIDATE, lastRpcElapsedTime:5020870724ns, electionTimeout:5007ms
2022-02-01 13:06:38,845 [0a485a2f-0ff7-4195-9566-1226e5634ef5@group-58CBC3DC2A46-FollowerState] INFO  impl.RoleInfo (RoleInfo.java:shutdownFollowerState(108)) - 0a485a2f-0ff7-4195-9566-1226e5634ef5: shutdown 0a485a2f-0ff7-4195-9566-1226e5634ef5@group-58CBC3DC2A46-FollowerState
2022-02-01 13:06:38,845 [0a485a2f-0ff7-4195-9566-1226e5634ef5@group-58CBC3DC2A46-FollowerState] INFO  server.RaftServer$Division (RaftServerImpl.java:setRole(290)) - 0a485a2f-0ff7-4195-9566-1226e5634ef5@group-58CBC3DC2A46: changes role from  FOLLOWER to CANDIDATE at term 6 for changeToCandidate
2022-02-01 13:06:38,845 [0a485a2f-0ff7-4195-9566-1226e5634ef5@group-58CBC3DC2A46-FollowerState] INFO  server.RaftServerConfigKeys (ConfUtils.java:logGet(44)) - raft.server.leaderelection.pre-vote = false (custom)
2022-02-01 13:06:38,845 [0a485a2f-0ff7-4195-9566-1226e5634ef5@group-58CBC3DC2A46-FollowerState] INFO  impl.RoleInfo (RoleInfo.java:updateAndGet(130)) - 0a485a2f-0ff7-4195-9566-1226e5634ef5: start 0a485a2f-0ff7-4195-9566-1226e5634ef5@group-58CBC3DC2A46-LeaderElection31
2022-02-01 13:06:38,860 [0a485a2f-0ff7-4195-9566-1226e5634ef5@group-58CBC3DC2A46-LeaderElection31] INFO  impl.LeaderElection (LeaderElection.java:askForVotes(306)) - 0a485a2f-0ff7-4195-9566-1226e5634ef5@group-58CBC3DC2A46-LeaderElection31 ELECTION round 0: submit vote requests at term 7 for -1: [fdc21d65-1155-4ddf-a802-c6738f3821ca|rpc:10.1.0.40:44045|dataStream:|priority:0, 0a485a2f-0ff7-4195-9566-1226e5634ef5|rpc:10.1.0.40:41187|dataStream:|priority:0, 49be740d-43e0-4e70-9568-226dcd84f562|rpc:10.1.0.40:44177|dataStream:|priority:1], old=null
2022-02-01 13:06:38,877 [grpc-default-executor-1] INFO  server.RaftServer$Division (RaftServerImpl.java:requestVote(1046)) - fdc21d65-1155-4ddf-a802-c6738f3821ca@group-58CBC3DC2A46: receive requestVote(ELECTION, 0a485a2f-0ff7-4195-9566-1226e5634ef5, group-58CBC3DC2A46, 7, (t:0, i:0))
2022-02-01 13:06:38,877 [grpc-default-executor-1] INFO  impl.VoteContext (VoteContext.java:log(48)) - fdc21d65-1155-4ddf-a802-c6738f3821ca@group-58CBC3DC2A46-FOLLOWER: accept ELECTION from 0a485a2f-0ff7-4195-9566-1226e5634ef5: our priority 0 <= candidate's priority 0
2022-02-01 13:06:38,877 [grpc-default-executor-1] INFO  server.RaftServer$Division (RaftServerImpl.java:setRole(290)) - fdc21d65-1155-4ddf-a802-c6738f3821ca@group-58CBC3DC2A46: changes role from  FOLLOWER to FOLLOWER at term 7 for candidate:0a485a2f-0ff7-4195-9566-1226e5634ef5
2022-02-01 13:06:38,877 [grpc-default-executor-1] INFO  impl.RoleInfo (RoleInfo.java:shutdownFollowerState(108)) - fdc21d65-1155-4ddf-a802-c6738f3821ca: shutdown fdc21d65-1155-4ddf-a802-c6738f3821ca@group-58CBC3DC2A46-FollowerState
2022-02-01 13:06:38,877 [grpc-default-executor-1] INFO  impl.RoleInfo (RoleInfo.java:updateAndGet(130)) - fdc21d65-1155-4ddf-a802-c6738f3821ca: start fdc21d65-1155-4ddf-a802-c6738f3821ca@group-58CBC3DC2A46-FollowerState
2022-02-01 13:06:38,879 [grpc-default-executor-0] INFO  server.RaftServer$Division (RaftServerImpl.java:requestVote(1046)) - 49be740d-43e0-4e70-9568-226dcd84f562@group-58CBC3DC2A46: receive requestVote(ELECTION, 0a485a2f-0ff7-4195-9566-1226e5634ef5, group-58CBC3DC2A46, 7, (t:0, i:0))
2022-02-01 13:06:38,880 [grpc-default-executor-0] INFO  impl.VoteContext (VoteContext.java:log(48)) - 49be740d-43e0-4e70-9568-226dcd84f562@group-58CBC3DC2A46-FOLLOWER: reject ELECTION from 0a485a2f-0ff7-4195-9566-1226e5634ef5: our priority 1 > candidate's priority 0
2022-02-01 13:06:38,880 [grpc-default-executor-0] INFO  server.RaftServer$Division (RaftServerImpl.java:setRole(290)) - 49be740d-43e0-4e70-9568-226dcd84f562@group-58CBC3DC2A46: changes role from  FOLLOWER to FOLLOWER at term 7 for candidate:0a485a2f-0ff7-4195-9566-1226e5634ef5
2022-02-01 13:06:38,880 [grpc-default-executor-0] INFO  impl.RoleInfo (RoleInfo.java:shutdownFollowerState(108)) - 49be740d-43e0-4e70-9568-226dcd84f562: shutdown 49be740d-43e0-4e70-9568-226dcd84f562@group-58CBC3DC2A46-FollowerState
2022-02-01 13:06:38,880 [grpc-default-executor-0] INFO  impl.RoleInfo (RoleInfo.java:updateAndGet(130)) - 49be740d-43e0-4e70-9568-226dcd84f562: start 49be740d-43e0-4e70-9568-226dcd84f562@group-58CBC3DC2A46-FollowerState
2022-02-01 13:06:38,880 [49be740d-43e0-4e70-9568-226dcd84f562@group-58CBC3DC2A46-FollowerState] INFO  impl.FollowerState (FollowerState.java:run(143)) - 49be740d-43e0-4e70-9568-226dcd84f562@group-58CBC3DC2A46-FollowerState was interrupted: {}
java.lang.InterruptedException: sleep interrupted
	at java.lang.Thread.sleep(Native Method)
	at java.lang.Thread.sleep(Thread.java:340)
	at java.util.concurrent.TimeUnit.sleep(TimeUnit.java:386)
	at org.apache.ratis.util.TimeDuration.sleep(TimeDuration.java:324)
	at org.apache.ratis.util.TimeDuration.sleep(TimeDuration.java:309)
	at org.apache.ratis.server.impl.FollowerState.run(FollowerState.java:118)
2022-02-01 13:06:38,883 [grpc-default-executor-0] INFO  server.RaftServer$Division (RaftServerImpl.java:requestVote(1078)) - 49be740d-43e0-4e70-9568-226dcd84f562@group-58CBC3DC2A46 replies to ELECTION vote request: 0a485a2f-0ff7-4195-9566-1226e5634ef5<-49be740d-43e0-4e70-9568-226dcd84f562#0:FAIL-t7. Peer's state: 49be740d-43e0-4e70-9568-226dcd84f562@group-58CBC3DC2A46:t7, leader=null, voted=null, raftlog=49be740d-43e0-4e70-9568-226dcd84f562@group-58CBC3DC2A46-SegmentedRaftLog:OPENED:c-1, conf=-1: [fdc21d65-1155-4ddf-a802-c6738f3821ca|rpc:10.1.0.40:44045|dataStream:|priority:0, 0a485a2f-0ff7-4195-9566-1226e5634ef5|rpc:10.1.0.40:41187|dataStream:|priority:0, 49be740d-43e0-4e70-9568-226dcd84f562|rpc:10.1.0.40:44177|dataStream:|priority:1], old=null
2022-02-01 13:06:38,884 [0a485a2f-0ff7-4195-9566-1226e5634ef5@group-58CBC3DC2A46-LeaderElection31] INFO  impl.LeaderElection (LeaderElection.java:logAndReturn(89)) - 0a485a2f-0ff7-4195-9566-1226e5634ef5@group-58CBC3DC2A46-LeaderElection31: ELECTION REJECTED received 1 response(s) and 0 exception(s):
2022-02-01 13:06:38,884 [0a485a2f-0ff7-4195-9566-1226e5634ef5@group-58CBC3DC2A46-LeaderElection31] INFO  impl.LeaderElection (LeaderElection.java:logAndReturn(93)) -   Response 0: 0a485a2f-0ff7-4195-9566-1226e5634ef5<-49be740d-43e0-4e70-9568-226dcd84f562#0:FAIL-t7
2022-02-01 13:06:38,884 [0a485a2f-0ff7-4195-9566-1226e5634ef5@group-58CBC3DC2A46-LeaderElection31] INFO  impl.LeaderElection (LeaderElection.java:askForVotes(308)) - 0a485a2f-0ff7-4195-9566-1226e5634ef5@group-58CBC3DC2A46-LeaderElection31 ELECTION round 0: result REJECTED
2022-02-01 13:06:38,884 [0a485a2f-0ff7-4195-9566-1226e5634ef5@group-58CBC3DC2A46-LeaderElection31] INFO  server.RaftServer$Division (RaftServerImpl.java:setRole(290)) - 0a485a2f-0ff7-4195-9566-1226e5634ef5@group-58CBC3DC2A46: changes role from CANDIDATE to FOLLOWER at term 7 for REJECTED
2022-02-01 13:06:38,884 [0a485a2f-0ff7-4195-9566-1226e5634ef5@group-58CBC3DC2A46-LeaderElection31] INFO  impl.RoleInfo (RoleInfo.java:shutdownLeaderElection(121)) - 0a485a2f-0ff7-4195-9566-1226e5634ef5: shutdown 0a485a2f-0ff7-4195-9566-1226e5634ef5@group-58CBC3DC2A46-LeaderElection31
2022-02-01 13:06:38,884 [0a485a2f-0ff7-4195-9566-1226e5634ef5@group-58CBC3DC2A46-LeaderElection31] INFO  impl.RoleInfo (RoleInfo.java:updateAndGet(130)) - 0a485a2f-0ff7-4195-9566-1226e5634ef5: start 0a485a2f-0ff7-4195-9566-1226e5634ef5@group-58CBC3DC2A46-FollowerState
2022-02-01 13:06:38,897 [fdc21d65-1155-4ddf-a802-c6738f3821ca@group-58CBC3DC2A46-FollowerState] INFO  impl.FollowerState (FollowerState.java:run(143)) - fdc21d65-1155-4ddf-a802-c6738f3821ca@group-58CBC3DC2A46-FollowerState was interrupted: {}
java.lang.InterruptedException: sleep interrupted
	at java.lang.Thread.sleep(Native Method)
	at java.lang.Thread.sleep(Thread.java:340)
	at java.util.concurrent.TimeUnit.sleep(TimeUnit.java:386)
	at org.apache.ratis.util.TimeDuration.sleep(TimeDuration.java:324)
	at org.apache.ratis.util.TimeDuration.sleep(TimeDuration.java:309)
	at org.apache.ratis.server.impl.FollowerState.run(FollowerState.java:118)
2022-02-01 13:06:38,879 [grpc-default-executor-1] INFO  server.RaftServer$Division (RaftServerImpl.java:requestVote(1078)) - fdc21d65-1155-4ddf-a802-c6738f3821ca@group-58CBC3DC2A46 replies to ELECTION vote request: 0a485a2f-0ff7-4195-9566-1226e5634ef5<-fdc21d65-1155-4ddf-a802-c6738f3821ca#0:OK-t7. Peer's state: fdc21d65-1155-4ddf-a802-c6738f3821ca@group-58CBC3DC2A46:t7, leader=null, voted=0a485a2f-0ff7-4195-9566-1226e5634ef5, raftlog=fdc21d65-1155-4ddf-a802-c6738f3821ca@group-58CBC3DC2A46-SegmentedRaftLog:OPENED:c-1, conf=-1: [fdc21d65-1155-4ddf-a802-c6738f3821ca|rpc:10.1.0.40:44045|priority:0, 0a485a2f-0ff7-4195-9566-1226e5634ef5|rpc:10.1.0.40:41187|priority:0, 49be740d-43e0-4e70-9568-226dcd84f562|rpc:10.1.0.40:44177|priority:1], old=null
2022-02-01 13:06:39,564 [Listener at 127.0.0.1/38443] INFO  ozone.MiniOzoneClusterImpl (MiniOzoneClusterImpl.java:lambda$waitForClusterToBeReady$0(219)) - Nodes are ready. Got 3 of 3 DN Heartbeats.
2022-02-01 13:06:39,564 [Listener at 127.0.0.1/38443] INFO  ozone.MiniOzoneClusterImpl (MiniOzoneClusterImpl.java:lambda$waitForClusterToBeReady$0(222)) - Waiting for cluster to exit safe mode
2022-02-01 13:06:39,564 [Listener at 127.0.0.1/38443] INFO  ozone.MiniOzoneClusterImpl (MiniOzoneClusterImpl.java:lambda$waitForClusterToBeReady$0(224)) - SCM became leader
2022-02-01 13:06:40,565 [Listener at 127.0.0.1/38443] INFO  ozone.MiniOzoneClusterImpl (MiniOzoneClusterImpl.java:lambda$waitForClusterToBeReady$0(219)) - Nodes are ready. Got 3 of 3 DN Heartbeats.
2022-02-01 13:06:40,565 [Listener at 127.0.0.1/38443] INFO  ozone.MiniOzoneClusterImpl (MiniOzoneClusterImpl.java:lambda$waitForClusterToBeReady$0(222)) - Waiting for cluster to exit safe mode
2022-02-01 13:06:40,565 [Listener at 127.0.0.1/38443] INFO  ozone.MiniOzoneClusterImpl (MiniOzoneClusterImpl.java:lambda$waitForClusterToBeReady$0(224)) - SCM became leader
2022-02-01 13:06:41,565 [Listener at 127.0.0.1/38443] INFO  ozone.MiniOzoneClusterImpl (MiniOzoneClusterImpl.java:lambda$waitForClusterToBeReady$0(219)) - Nodes are ready. Got 3 of 3 DN Heartbeats.
2022-02-01 13:06:41,565 [Listener at 127.0.0.1/38443] INFO  ozone.MiniOzoneClusterImpl (MiniOzoneClusterImpl.java:lambda$waitForClusterToBeReady$0(222)) - Waiting for cluster to exit safe mode
2022-02-01 13:06:41,565 [Listener at 127.0.0.1/38443] INFO  ozone.MiniOzoneClusterImpl (MiniOzoneClusterImpl.java:lambda$waitForClusterToBeReady$0(224)) - SCM became leader
2022-02-01 13:06:42,566 [Listener at 127.0.0.1/38443] INFO  ozone.MiniOzoneClusterImpl (MiniOzoneClusterImpl.java:lambda$waitForClusterToBeReady$0(219)) - Nodes are ready. Got 3 of 3 DN Heartbeats.
2022-02-01 13:06:42,566 [Listener at 127.0.0.1/38443] INFO  ozone.MiniOzoneClusterImpl (MiniOzoneClusterImpl.java:lambda$waitForClusterToBeReady$0(222)) - Waiting for cluster to exit safe mode
2022-02-01 13:06:42,566 [Listener at 127.0.0.1/38443] INFO  ozone.MiniOzoneClusterImpl (MiniOzoneClusterImpl.java:lambda$waitForClusterToBeReady$0(224)) - SCM became leader
2022-02-01 13:06:43,566 [Listener at 127.0.0.1/38443] INFO  ozone.MiniOzoneClusterImpl (MiniOzoneClusterImpl.java:lambda$waitForClusterToBeReady$0(219)) - Nodes are ready. Got 3 of 3 DN Heartbeats.
2022-02-01 13:06:43,566 [Listener at 127.0.0.1/38443] INFO  ozone.MiniOzoneClusterImpl (MiniOzoneClusterImpl.java:lambda$waitForClusterToBeReady$0(222)) - Waiting for cluster to exit safe mode
2022-02-01 13:06:43,566 [Listener at 127.0.0.1/38443] INFO  ozone.MiniOzoneClusterImpl (MiniOzoneClusterImpl.java:lambda$waitForClusterToBeReady$0(224)) - SCM became leader
2022-02-01 13:06:43,957 [fdc21d65-1155-4ddf-a802-c6738f3821ca@group-58CBC3DC2A46-FollowerState] INFO  impl.FollowerState (FollowerState.java:run(134)) - fdc21d65-1155-4ddf-a802-c6738f3821ca@group-58CBC3DC2A46-FollowerState: change to CANDIDATE, lastRpcElapsedTime:5077918913ns, electionTimeout:5058ms
2022-02-01 13:06:43,958 [fdc21d65-1155-4ddf-a802-c6738f3821ca@group-58CBC3DC2A46-FollowerState] INFO  impl.RoleInfo (RoleInfo.java:shutdownFollowerState(108)) - fdc21d65-1155-4ddf-a802-c6738f3821ca: shutdown fdc21d65-1155-4ddf-a802-c6738f3821ca@group-58CBC3DC2A46-FollowerState
2022-02-01 13:06:43,958 [fdc21d65-1155-4ddf-a802-c6738f3821ca@group-58CBC3DC2A46-FollowerState] INFO  server.RaftServer$Division (RaftServerImpl.java:setRole(290)) - fdc21d65-1155-4ddf-a802-c6738f3821ca@group-58CBC3DC2A46: changes role from  FOLLOWER to CANDIDATE at term 7 for changeToCandidate
2022-02-01 13:06:43,959 [fdc21d65-1155-4ddf-a802-c6738f3821ca@group-58CBC3DC2A46-FollowerState] INFO  server.RaftServerConfigKeys (ConfUtils.java:logGet(44)) - raft.server.leaderelection.pre-vote = false (custom)
2022-02-01 13:06:43,959 [fdc21d65-1155-4ddf-a802-c6738f3821ca@group-58CBC3DC2A46-FollowerState] INFO  impl.RoleInfo (RoleInfo.java:updateAndGet(130)) - fdc21d65-1155-4ddf-a802-c6738f3821ca: start fdc21d65-1155-4ddf-a802-c6738f3821ca@group-58CBC3DC2A46-LeaderElection32
2022-02-01 13:06:43,971 [fdc21d65-1155-4ddf-a802-c6738f3821ca@group-58CBC3DC2A46-LeaderElection32] INFO  impl.LeaderElection (LeaderElection.java:askForVotes(306)) - fdc21d65-1155-4ddf-a802-c6738f3821ca@group-58CBC3DC2A46-LeaderElection32 ELECTION round 0: submit vote requests at term 8 for -1: [fdc21d65-1155-4ddf-a802-c6738f3821ca|rpc:10.1.0.40:44045|priority:0, 0a485a2f-0ff7-4195-9566-1226e5634ef5|rpc:10.1.0.40:41187|priority:0, 49be740d-43e0-4e70-9568-226dcd84f562|rpc:10.1.0.40:44177|priority:1], old=null
2022-02-01 13:06:43,984 [grpc-default-executor-1] INFO  server.RaftServer$Division (RaftServerImpl.java:requestVote(1046)) - 0a485a2f-0ff7-4195-9566-1226e5634ef5@group-58CBC3DC2A46: receive requestVote(ELECTION, fdc21d65-1155-4ddf-a802-c6738f3821ca, group-58CBC3DC2A46, 8, (t:0, i:0))
2022-02-01 13:06:43,985 [grpc-default-executor-1] INFO  impl.VoteContext (VoteContext.java:log(48)) - 0a485a2f-0ff7-4195-9566-1226e5634ef5@group-58CBC3DC2A46-FOLLOWER: accept ELECTION from fdc21d65-1155-4ddf-a802-c6738f3821ca: our priority 0 <= candidate's priority 0
2022-02-01 13:06:43,985 [grpc-default-executor-1] INFO  server.RaftServer$Division (RaftServerImpl.java:setRole(290)) - 0a485a2f-0ff7-4195-9566-1226e5634ef5@group-58CBC3DC2A46: changes role from  FOLLOWER to FOLLOWER at term 8 for candidate:fdc21d65-1155-4ddf-a802-c6738f3821ca
2022-02-01 13:06:43,985 [grpc-default-executor-1] INFO  impl.RoleInfo (RoleInfo.java:shutdownFollowerState(108)) - 0a485a2f-0ff7-4195-9566-1226e5634ef5: shutdown 0a485a2f-0ff7-4195-9566-1226e5634ef5@group-58CBC3DC2A46-FollowerState
2022-02-01 13:06:43,985 [grpc-default-executor-1] INFO  impl.RoleInfo (RoleInfo.java:updateAndGet(130)) - 0a485a2f-0ff7-4195-9566-1226e5634ef5: start 0a485a2f-0ff7-4195-9566-1226e5634ef5@group-58CBC3DC2A46-FollowerState
2022-02-01 13:06:43,985 [0a485a2f-0ff7-4195-9566-1226e5634ef5@group-58CBC3DC2A46-FollowerState] INFO  impl.FollowerState (FollowerState.java:run(143)) - 0a485a2f-0ff7-4195-9566-1226e5634ef5@group-58CBC3DC2A46-FollowerState was interrupted: {}
java.lang.InterruptedException: sleep interrupted
	at java.lang.Thread.sleep(Native Method)
	at java.lang.Thread.sleep(Thread.java:340)
	at java.util.concurrent.TimeUnit.sleep(TimeUnit.java:386)
	at org.apache.ratis.util.TimeDuration.sleep(TimeDuration.java:324)
	at org.apache.ratis.util.TimeDuration.sleep(TimeDuration.java:309)
	at org.apache.ratis.server.impl.FollowerState.run(FollowerState.java:118)
2022-02-01 13:06:43,986 [grpc-default-executor-1] INFO  server.RaftServer$Division (RaftServerImpl.java:requestVote(1078)) - 0a485a2f-0ff7-4195-9566-1226e5634ef5@group-58CBC3DC2A46 replies to ELECTION vote request: fdc21d65-1155-4ddf-a802-c6738f3821ca<-0a485a2f-0ff7-4195-9566-1226e5634ef5#0:OK-t8. Peer's state: 0a485a2f-0ff7-4195-9566-1226e5634ef5@group-58CBC3DC2A46:t8, leader=null, voted=fdc21d65-1155-4ddf-a802-c6738f3821ca, raftlog=0a485a2f-0ff7-4195-9566-1226e5634ef5@group-58CBC3DC2A46-SegmentedRaftLog:OPENED:c-1, conf=-1: [fdc21d65-1155-4ddf-a802-c6738f3821ca|rpc:10.1.0.40:44045|dataStream:|priority:0, 0a485a2f-0ff7-4195-9566-1226e5634ef5|rpc:10.1.0.40:41187|dataStream:|priority:0, 49be740d-43e0-4e70-9568-226dcd84f562|rpc:10.1.0.40:44177|dataStream:|priority:1], old=null
2022-02-01 13:06:44,014 [49be740d-43e0-4e70-9568-226dcd84f562@group-58CBC3DC2A46-FollowerState] INFO  impl.FollowerState (FollowerState.java:run(134)) - 49be740d-43e0-4e70-9568-226dcd84f562@group-58CBC3DC2A46-FollowerState: change to CANDIDATE, lastRpcElapsedTime:5133724922ns, electionTimeout:5124ms
2022-02-01 13:06:44,014 [49be740d-43e0-4e70-9568-226dcd84f562@group-58CBC3DC2A46-FollowerState] INFO  impl.RoleInfo (RoleInfo.java:shutdownFollowerState(108)) - 49be740d-43e0-4e70-9568-226dcd84f562: shutdown 49be740d-43e0-4e70-9568-226dcd84f562@group-58CBC3DC2A46-FollowerState
2022-02-01 13:06:44,014 [49be740d-43e0-4e70-9568-226dcd84f562@group-58CBC3DC2A46-FollowerState] INFO  server.RaftServer$Division (RaftServerImpl.java:setRole(290)) - 49be740d-43e0-4e70-9568-226dcd84f562@group-58CBC3DC2A46: changes role from  FOLLOWER to CANDIDATE at term 7 for changeToCandidate
2022-02-01 13:06:44,014 [49be740d-43e0-4e70-9568-226dcd84f562@group-58CBC3DC2A46-FollowerState] INFO  server.RaftServerConfigKeys (ConfUtils.java:logGet(44)) - raft.server.leaderelection.pre-vote = false (custom)
2022-02-01 13:06:44,014 [49be740d-43e0-4e70-9568-226dcd84f562@group-58CBC3DC2A46-FollowerState] INFO  impl.RoleInfo (RoleInfo.java:updateAndGet(130)) - 49be740d-43e0-4e70-9568-226dcd84f562: start 49be740d-43e0-4e70-9568-226dcd84f562@group-58CBC3DC2A46-LeaderElection33
2022-02-01 13:06:44,015 [grpc-default-executor-1] INFO  server.RaftServer$Division (RaftServerImpl.java:requestVote(1046)) - 49be740d-43e0-4e70-9568-226dcd84f562@group-58CBC3DC2A46: receive requestVote(ELECTION, fdc21d65-1155-4ddf-a802-c6738f3821ca, group-58CBC3DC2A46, 8, (t:0, i:0))
2022-02-01 13:06:44,039 [49be740d-43e0-4e70-9568-226dcd84f562@group-58CBC3DC2A46-LeaderElection33] INFO  impl.LeaderElection (LeaderElection.java:askForVotes(306)) - 49be740d-43e0-4e70-9568-226dcd84f562@group-58CBC3DC2A46-LeaderElection33 ELECTION round 0: submit vote requests at term 8 for -1: [fdc21d65-1155-4ddf-a802-c6738f3821ca|rpc:10.1.0.40:44045|dataStream:|priority:0, 0a485a2f-0ff7-4195-9566-1226e5634ef5|rpc:10.1.0.40:41187|dataStream:|priority:0, 49be740d-43e0-4e70-9568-226dcd84f562|rpc:10.1.0.40:44177|dataStream:|priority:1], old=null
2022-02-01 13:06:44,040 [grpc-default-executor-1] INFO  impl.VoteContext (VoteContext.java:log(48)) - 49be740d-43e0-4e70-9568-226dcd84f562@group-58CBC3DC2A46-CANDIDATE: reject ELECTION from fdc21d65-1155-4ddf-a802-c6738f3821ca: already has voted for 49be740d-43e0-4e70-9568-226dcd84f562 at current term 8
2022-02-01 13:06:44,040 [grpc-default-executor-1] INFO  server.RaftServer$Division (RaftServerImpl.java:requestVote(1078)) - 49be740d-43e0-4e70-9568-226dcd84f562@group-58CBC3DC2A46 replies to ELECTION vote request: fdc21d65-1155-4ddf-a802-c6738f3821ca<-49be740d-43e0-4e70-9568-226dcd84f562#0:FAIL-t8. Peer's state: 49be740d-43e0-4e70-9568-226dcd84f562@group-58CBC3DC2A46:t8, leader=null, voted=49be740d-43e0-4e70-9568-226dcd84f562, raftlog=49be740d-43e0-4e70-9568-226dcd84f562@group-58CBC3DC2A46-SegmentedRaftLog:OPENED:c-1, conf=-1: [fdc21d65-1155-4ddf-a802-c6738f3821ca|rpc:10.1.0.40:44045|dataStream:|priority:0, 0a485a2f-0ff7-4195-9566-1226e5634ef5|rpc:10.1.0.40:41187|dataStream:|priority:0, 49be740d-43e0-4e70-9568-226dcd84f562|rpc:10.1.0.40:44177|dataStream:|priority:1], old=null
2022-02-01 13:06:44,046 [fdc21d65-1155-4ddf-a802-c6738f3821ca@group-58CBC3DC2A46-LeaderElection32] INFO  impl.LeaderElection (LeaderElection.java:logAndReturn(89)) - fdc21d65-1155-4ddf-a802-c6738f3821ca@group-58CBC3DC2A46-LeaderElection32: ELECTION REJECTED received 2 response(s) and 0 exception(s):
2022-02-01 13:06:44,058 [fdc21d65-1155-4ddf-a802-c6738f3821ca@group-58CBC3DC2A46-LeaderElection32] INFO  impl.LeaderElection (LeaderElection.java:logAndReturn(93)) -   Response 0: fdc21d65-1155-4ddf-a802-c6738f3821ca<-0a485a2f-0ff7-4195-9566-1226e5634ef5#0:OK-t8
2022-02-01 13:06:44,058 [fdc21d65-1155-4ddf-a802-c6738f3821ca@group-58CBC3DC2A46-LeaderElection32] INFO  impl.LeaderElection (LeaderElection.java:logAndReturn(93)) -   Response 1: fdc21d65-1155-4ddf-a802-c6738f3821ca<-49be740d-43e0-4e70-9568-226dcd84f562#0:FAIL-t8
2022-02-01 13:06:44,058 [fdc21d65-1155-4ddf-a802-c6738f3821ca@group-58CBC3DC2A46-LeaderElection32] INFO  impl.LeaderElection (LeaderElection.java:askForVotes(308)) - fdc21d65-1155-4ddf-a802-c6738f3821ca@group-58CBC3DC2A46-LeaderElection32 ELECTION round 0: result REJECTED
2022-02-01 13:06:44,058 [grpc-default-executor-1] INFO  server.RaftServer$Division (RaftServerImpl.java:requestVote(1046)) - fdc21d65-1155-4ddf-a802-c6738f3821ca@group-58CBC3DC2A46: receive requestVote(ELECTION, 49be740d-43e0-4e70-9568-226dcd84f562, group-58CBC3DC2A46, 8, (t:0, i:0))
2022-02-01 13:06:44,058 [fdc21d65-1155-4ddf-a802-c6738f3821ca@group-58CBC3DC2A46-LeaderElection32] INFO  server.RaftServer$Division (RaftServerImpl.java:setRole(290)) - fdc21d65-1155-4ddf-a802-c6738f3821ca@group-58CBC3DC2A46: changes role from CANDIDATE to FOLLOWER at term 8 for REJECTED
2022-02-01 13:06:44,059 [fdc21d65-1155-4ddf-a802-c6738f3821ca@group-58CBC3DC2A46-LeaderElection32] INFO  impl.RoleInfo (RoleInfo.java:shutdownLeaderElection(121)) - fdc21d65-1155-4ddf-a802-c6738f3821ca: shutdown fdc21d65-1155-4ddf-a802-c6738f3821ca@group-58CBC3DC2A46-LeaderElection32
2022-02-01 13:06:44,060 [fdc21d65-1155-4ddf-a802-c6738f3821ca@group-58CBC3DC2A46-LeaderElection32] INFO  impl.RoleInfo (RoleInfo.java:updateAndGet(130)) - fdc21d65-1155-4ddf-a802-c6738f3821ca: start fdc21d65-1155-4ddf-a802-c6738f3821ca@group-58CBC3DC2A46-FollowerState
2022-02-01 13:06:44,065 [grpc-default-executor-1] INFO  impl.VoteContext (VoteContext.java:log(48)) - fdc21d65-1155-4ddf-a802-c6738f3821ca@group-58CBC3DC2A46-FOLLOWER: reject ELECTION from 49be740d-43e0-4e70-9568-226dcd84f562: already has voted for fdc21d65-1155-4ddf-a802-c6738f3821ca at current term 8
2022-02-01 13:06:44,065 [grpc-default-executor-1] INFO  server.RaftServer$Division (RaftServerImpl.java:requestVote(1078)) - fdc21d65-1155-4ddf-a802-c6738f3821ca@group-58CBC3DC2A46 replies to ELECTION vote request: 49be740d-43e0-4e70-9568-226dcd84f562<-fdc21d65-1155-4ddf-a802-c6738f3821ca#0:FAIL-t8. Peer's state: fdc21d65-1155-4ddf-a802-c6738f3821ca@group-58CBC3DC2A46:t8, leader=null, voted=fdc21d65-1155-4ddf-a802-c6738f3821ca, raftlog=fdc21d65-1155-4ddf-a802-c6738f3821ca@group-58CBC3DC2A46-SegmentedRaftLog:OPENED:c-1, conf=-1: [fdc21d65-1155-4ddf-a802-c6738f3821ca|rpc:10.1.0.40:44045|priority:0, 0a485a2f-0ff7-4195-9566-1226e5634ef5|rpc:10.1.0.40:41187|priority:0, 49be740d-43e0-4e70-9568-226dcd84f562|rpc:10.1.0.40:44177|priority:1], old=null
2022-02-01 13:06:44,066 [grpc-default-executor-0] INFO  server.RaftServer$Division (RaftServerImpl.java:requestVote(1046)) - 0a485a2f-0ff7-4195-9566-1226e5634ef5@group-58CBC3DC2A46: receive requestVote(ELECTION, 49be740d-43e0-4e70-9568-226dcd84f562, group-58CBC3DC2A46, 8, (t:0, i:0))
2022-02-01 13:06:44,066 [grpc-default-executor-0] INFO  impl.VoteContext (VoteContext.java:log(48)) - 0a485a2f-0ff7-4195-9566-1226e5634ef5@group-58CBC3DC2A46-FOLLOWER: reject ELECTION from 49be740d-43e0-4e70-9568-226dcd84f562: already has voted for fdc21d65-1155-4ddf-a802-c6738f3821ca at current term 8
2022-02-01 13:06:44,066 [grpc-default-executor-0] INFO  server.RaftServer$Division (RaftServerImpl.java:requestVote(1078)) - 0a485a2f-0ff7-4195-9566-1226e5634ef5@group-58CBC3DC2A46 replies to ELECTION vote request: 49be740d-43e0-4e70-9568-226dcd84f562<-0a485a2f-0ff7-4195-9566-1226e5634ef5#0:FAIL-t8. Peer's state: 0a485a2f-0ff7-4195-9566-1226e5634ef5@group-58CBC3DC2A46:t8, leader=null, voted=fdc21d65-1155-4ddf-a802-c6738f3821ca, raftlog=0a485a2f-0ff7-4195-9566-1226e5634ef5@group-58CBC3DC2A46-SegmentedRaftLog:OPENED:c-1, conf=-1: [fdc21d65-1155-4ddf-a802-c6738f3821ca|rpc:10.1.0.40:44045|dataStream:|priority:0, 0a485a2f-0ff7-4195-9566-1226e5634ef5|rpc:10.1.0.40:41187|dataStream:|priority:0, 49be740d-43e0-4e70-9568-226dcd84f562|rpc:10.1.0.40:44177|dataStream:|priority:1], old=null
2022-02-01 13:06:44,076 [49be740d-43e0-4e70-9568-226dcd84f562@group-58CBC3DC2A46-LeaderElection33] INFO  impl.LeaderElection (LeaderElection.java:logAndReturn(89)) - 49be740d-43e0-4e70-9568-226dcd84f562@group-58CBC3DC2A46-LeaderElection33: ELECTION REJECTED received 2 response(s) and 0 exception(s):
2022-02-01 13:06:44,077 [49be740d-43e0-4e70-9568-226dcd84f562@group-58CBC3DC2A46-LeaderElection33] INFO  impl.LeaderElection (LeaderElection.java:logAndReturn(93)) -   Response 0: 49be740d-43e0-4e70-9568-226dcd84f562<-fdc21d65-1155-4ddf-a802-c6738f3821ca#0:FAIL-t8
2022-02-01 13:06:44,077 [49be740d-43e0-4e70-9568-226dcd84f562@group-58CBC3DC2A46-LeaderElection33] INFO  impl.LeaderElection (LeaderElection.java:logAndReturn(93)) -   Response 1: 49be740d-43e0-4e70-9568-226dcd84f562<-0a485a2f-0ff7-4195-9566-1226e5634ef5#0:FAIL-t8
2022-02-01 13:06:44,077 [49be740d-43e0-4e70-9568-226dcd84f562@group-58CBC3DC2A46-LeaderElection33] INFO  impl.LeaderElection (LeaderElection.java:askForVotes(308)) - 49be740d-43e0-4e70-9568-226dcd84f562@group-58CBC3DC2A46-LeaderElection33 ELECTION round 0: result REJECTED
2022-02-01 13:06:44,077 [49be740d-43e0-4e70-9568-226dcd84f562@group-58CBC3DC2A46-LeaderElection33] INFO  server.RaftServer$Division (RaftServerImpl.java:setRole(290)) - 49be740d-43e0-4e70-9568-226dcd84f562@group-58CBC3DC2A46: changes role from CANDIDATE to FOLLOWER at term 8 for REJECTED
2022-02-01 13:06:44,077 [49be740d-43e0-4e70-9568-226dcd84f562@group-58CBC3DC2A46-LeaderElection33] INFO  impl.RoleInfo (RoleInfo.java:shutdownLeaderElection(121)) - 49be740d-43e0-4e70-9568-226dcd84f562: shutdown 49be740d-43e0-4e70-9568-226dcd84f562@group-58CBC3DC2A46-LeaderElection33
2022-02-01 13:06:44,077 [49be740d-43e0-4e70-9568-226dcd84f562@group-58CBC3DC2A46-LeaderElection33] INFO  impl.RoleInfo (RoleInfo.java:updateAndGet(130)) - 49be740d-43e0-4e70-9568-226dcd84f562: start 49be740d-43e0-4e70-9568-226dcd84f562@group-58CBC3DC2A46-FollowerState
2022-02-01 13:06:44,567 [Listener at 127.0.0.1/38443] INFO  ozone.MiniOzoneClusterImpl (MiniOzoneClusterImpl.java:lambda$waitForClusterToBeReady$0(219)) - Nodes are ready. Got 3 of 3 DN Heartbeats.
2022-02-01 13:06:44,568 [Listener at 127.0.0.1/38443] INFO  ozone.MiniOzoneClusterImpl (MiniOzoneClusterImpl.java:lambda$waitForClusterToBeReady$0(222)) - Waiting for cluster to exit safe mode
2022-02-01 13:06:44,568 [Listener at 127.0.0.1/38443] INFO  ozone.MiniOzoneClusterImpl (MiniOzoneClusterImpl.java:lambda$waitForClusterToBeReady$0(224)) - SCM became leader
2022-02-01 13:06:45,568 [Listener at 127.0.0.1/38443] INFO  ozone.MiniOzoneClusterImpl (MiniOzoneClusterImpl.java:lambda$waitForClusterToBeReady$0(219)) - Nodes are ready. Got 3 of 3 DN Heartbeats.
2022-02-01 13:06:45,568 [Listener at 127.0.0.1/38443] INFO  ozone.MiniOzoneClusterImpl (MiniOzoneClusterImpl.java:lambda$waitForClusterToBeReady$0(222)) - Waiting for cluster to exit safe mode
2022-02-01 13:06:45,568 [Listener at 127.0.0.1/38443] INFO  ozone.MiniOzoneClusterImpl (MiniOzoneClusterImpl.java:lambda$waitForClusterToBeReady$0(224)) - SCM became leader
2022-02-01 13:06:46,568 [Listener at 127.0.0.1/38443] INFO  ozone.MiniOzoneClusterImpl (MiniOzoneClusterImpl.java:lambda$waitForClusterToBeReady$0(219)) - Nodes are ready. Got 3 of 3 DN Heartbeats.
2022-02-01 13:06:46,569 [Listener at 127.0.0.1/38443] INFO  ozone.MiniOzoneClusterImpl (MiniOzoneClusterImpl.java:lambda$waitForClusterToBeReady$0(222)) - Waiting for cluster to exit safe mode
2022-02-01 13:06:46,569 [Listener at 127.0.0.1/38443] INFO  ozone.MiniOzoneClusterImpl (MiniOzoneClusterImpl.java:lambda$waitForClusterToBeReady$0(224)) - SCM became leader
2022-02-01 13:06:47,569 [Listener at 127.0.0.1/38443] INFO  ozone.MiniOzoneClusterImpl (MiniOzoneClusterImpl.java:lambda$waitForClusterToBeReady$0(219)) - Nodes are ready. Got 3 of 3 DN Heartbeats.
2022-02-01 13:06:47,569 [Listener at 127.0.0.1/38443] INFO  ozone.MiniOzoneClusterImpl (MiniOzoneClusterImpl.java:lambda$waitForClusterToBeReady$0(222)) - Waiting for cluster to exit safe mode
2022-02-01 13:06:47,569 [Listener at 127.0.0.1/38443] INFO  ozone.MiniOzoneClusterImpl (MiniOzoneClusterImpl.java:lambda$waitForClusterToBeReady$0(224)) - SCM became leader
2022-02-01 13:06:48,569 [Listener at 127.0.0.1/38443] INFO  ozone.MiniOzoneClusterImpl (MiniOzoneClusterImpl.java:lambda$waitForClusterToBeReady$0(219)) - Nodes are ready. Got 3 of 3 DN Heartbeats.
2022-02-01 13:06:48,569 [Listener at 127.0.0.1/38443] INFO  ozone.MiniOzoneClusterImpl (MiniOzoneClusterImpl.java:lambda$waitForClusterToBeReady$0(222)) - Waiting for cluster to exit safe mode
2022-02-01 13:06:48,569 [Listener at 127.0.0.1/38443] INFO  ozone.MiniOzoneClusterImpl (MiniOzoneClusterImpl.java:lambda$waitForClusterToBeReady$0(224)) - SCM became leader
2022-02-01 13:06:49,077 [fdc21d65-1155-4ddf-a802-c6738f3821ca@group-58CBC3DC2A46-FollowerState] INFO  impl.FollowerState (FollowerState.java:run(134)) - fdc21d65-1155-4ddf-a802-c6738f3821ca@group-58CBC3DC2A46-FollowerState: change to CANDIDATE, lastRpcElapsedTime:5016850007ns, electionTimeout:5001ms
2022-02-01 13:06:49,077 [fdc21d65-1155-4ddf-a802-c6738f3821ca@group-58CBC3DC2A46-FollowerState] INFO  impl.RoleInfo (RoleInfo.java:shutdownFollowerState(108)) - fdc21d65-1155-4ddf-a802-c6738f3821ca: shutdown fdc21d65-1155-4ddf-a802-c6738f3821ca@group-58CBC3DC2A46-FollowerState
2022-02-01 13:06:49,077 [fdc21d65-1155-4ddf-a802-c6738f3821ca@group-58CBC3DC2A46-FollowerState] INFO  server.RaftServer$Division (RaftServerImpl.java:setRole(290)) - fdc21d65-1155-4ddf-a802-c6738f3821ca@group-58CBC3DC2A46: changes role from  FOLLOWER to CANDIDATE at term 8 for changeToCandidate
2022-02-01 13:06:49,077 [fdc21d65-1155-4ddf-a802-c6738f3821ca@group-58CBC3DC2A46-FollowerState] INFO  server.RaftServerConfigKeys (ConfUtils.java:logGet(44)) - raft.server.leaderelection.pre-vote = false (custom)
2022-02-01 13:06:49,077 [fdc21d65-1155-4ddf-a802-c6738f3821ca@group-58CBC3DC2A46-FollowerState] INFO  impl.RoleInfo (RoleInfo.java:updateAndGet(130)) - fdc21d65-1155-4ddf-a802-c6738f3821ca: start fdc21d65-1155-4ddf-a802-c6738f3821ca@group-58CBC3DC2A46-LeaderElection34
2022-02-01 13:06:49,095 [fdc21d65-1155-4ddf-a802-c6738f3821ca@group-58CBC3DC2A46-LeaderElection34] INFO  impl.LeaderElection (LeaderElection.java:askForVotes(306)) - fdc21d65-1155-4ddf-a802-c6738f3821ca@group-58CBC3DC2A46-LeaderElection34 ELECTION round 0: submit vote requests at term 9 for -1: [fdc21d65-1155-4ddf-a802-c6738f3821ca|rpc:10.1.0.40:44045|priority:0, 0a485a2f-0ff7-4195-9566-1226e5634ef5|rpc:10.1.0.40:41187|priority:0, 49be740d-43e0-4e70-9568-226dcd84f562|rpc:10.1.0.40:44177|priority:1], old=null
2022-02-01 13:06:49,119 [grpc-default-executor-0] INFO  server.RaftServer$Division (RaftServerImpl.java:requestVote(1046)) - 0a485a2f-0ff7-4195-9566-1226e5634ef5@group-58CBC3DC2A46: receive requestVote(ELECTION, fdc21d65-1155-4ddf-a802-c6738f3821ca, group-58CBC3DC2A46, 9, (t:0, i:0))
2022-02-01 13:06:49,119 [grpc-default-executor-0] INFO  impl.VoteContext (VoteContext.java:log(48)) - 0a485a2f-0ff7-4195-9566-1226e5634ef5@group-58CBC3DC2A46-FOLLOWER: accept ELECTION from fdc21d65-1155-4ddf-a802-c6738f3821ca: our priority 0 <= candidate's priority 0
2022-02-01 13:06:49,119 [grpc-default-executor-0] INFO  server.RaftServer$Division (RaftServerImpl.java:setRole(290)) - 0a485a2f-0ff7-4195-9566-1226e5634ef5@group-58CBC3DC2A46: changes role from  FOLLOWER to FOLLOWER at term 9 for candidate:fdc21d65-1155-4ddf-a802-c6738f3821ca
2022-02-01 13:06:49,119 [grpc-default-executor-0] INFO  impl.RoleInfo (RoleInfo.java:shutdownFollowerState(108)) - 0a485a2f-0ff7-4195-9566-1226e5634ef5: shutdown 0a485a2f-0ff7-4195-9566-1226e5634ef5@group-58CBC3DC2A46-FollowerState
2022-02-01 13:06:49,119 [grpc-default-executor-0] INFO  impl.RoleInfo (RoleInfo.java:updateAndGet(130)) - 0a485a2f-0ff7-4195-9566-1226e5634ef5: start 0a485a2f-0ff7-4195-9566-1226e5634ef5@group-58CBC3DC2A46-FollowerState
2022-02-01 13:06:49,119 [0a485a2f-0ff7-4195-9566-1226e5634ef5@group-58CBC3DC2A46-FollowerState] INFO  impl.FollowerState (FollowerState.java:run(143)) - 0a485a2f-0ff7-4195-9566-1226e5634ef5@group-58CBC3DC2A46-FollowerState was interrupted: {}
java.lang.InterruptedException: sleep interrupted
	at java.lang.Thread.sleep(Native Method)
	at java.lang.Thread.sleep(Thread.java:340)
	at java.util.concurrent.TimeUnit.sleep(TimeUnit.java:386)
	at org.apache.ratis.util.TimeDuration.sleep(TimeDuration.java:324)
	at org.apache.ratis.util.TimeDuration.sleep(TimeDuration.java:309)
	at org.apache.ratis.server.impl.FollowerState.run(FollowerState.java:118)
2022-02-01 13:06:49,128 [grpc-default-executor-0] INFO  server.RaftServer$Division (RaftServerImpl.java:requestVote(1078)) - 0a485a2f-0ff7-4195-9566-1226e5634ef5@group-58CBC3DC2A46 replies to ELECTION vote request: fdc21d65-1155-4ddf-a802-c6738f3821ca<-0a485a2f-0ff7-4195-9566-1226e5634ef5#0:OK-t9. Peer's state: 0a485a2f-0ff7-4195-9566-1226e5634ef5@group-58CBC3DC2A46:t9, leader=null, voted=fdc21d65-1155-4ddf-a802-c6738f3821ca, raftlog=0a485a2f-0ff7-4195-9566-1226e5634ef5@group-58CBC3DC2A46-SegmentedRaftLog:OPENED:c-1, conf=-1: [fdc21d65-1155-4ddf-a802-c6738f3821ca|rpc:10.1.0.40:44045|dataStream:|priority:0, 0a485a2f-0ff7-4195-9566-1226e5634ef5|rpc:10.1.0.40:41187|dataStream:|priority:0, 49be740d-43e0-4e70-9568-226dcd84f562|rpc:10.1.0.40:44177|dataStream:|priority:1], old=null
2022-02-01 13:06:49,128 [grpc-default-executor-1] INFO  server.RaftServer$Division (RaftServerImpl.java:requestVote(1046)) - 49be740d-43e0-4e70-9568-226dcd84f562@group-58CBC3DC2A46: receive requestVote(ELECTION, fdc21d65-1155-4ddf-a802-c6738f3821ca, group-58CBC3DC2A46, 9, (t:0, i:0))
2022-02-01 13:06:49,128 [grpc-default-executor-1] INFO  impl.VoteContext (VoteContext.java:log(48)) - 49be740d-43e0-4e70-9568-226dcd84f562@group-58CBC3DC2A46-FOLLOWER: reject ELECTION from fdc21d65-1155-4ddf-a802-c6738f3821ca: our priority 1 > candidate's priority 0
2022-02-01 13:06:49,128 [grpc-default-executor-1] INFO  server.RaftServer$Division (RaftServerImpl.java:setRole(290)) - 49be740d-43e0-4e70-9568-226dcd84f562@group-58CBC3DC2A46: changes role from  FOLLOWER to FOLLOWER at term 9 for candidate:fdc21d65-1155-4ddf-a802-c6738f3821ca
2022-02-01 13:06:49,128 [grpc-default-executor-1] INFO  impl.RoleInfo (RoleInfo.java:shutdownFollowerState(108)) - 49be740d-43e0-4e70-9568-226dcd84f562: shutdown 49be740d-43e0-4e70-9568-226dcd84f562@group-58CBC3DC2A46-FollowerState
2022-02-01 13:06:49,128 [grpc-default-executor-1] INFO  impl.RoleInfo (RoleInfo.java:updateAndGet(130)) - 49be740d-43e0-4e70-9568-226dcd84f562: start 49be740d-43e0-4e70-9568-226dcd84f562@group-58CBC3DC2A46-FollowerState
2022-02-01 13:06:49,128 [49be740d-43e0-4e70-9568-226dcd84f562@group-58CBC3DC2A46-FollowerState] INFO  impl.FollowerState (FollowerState.java:run(143)) - 49be740d-43e0-4e70-9568-226dcd84f562@group-58CBC3DC2A46-FollowerState was interrupted: {}
java.lang.InterruptedException: sleep interrupted
	at java.lang.Thread.sleep(Native Method)
	at java.lang.Thread.sleep(Thread.java:340)
	at java.util.concurrent.TimeUnit.sleep(TimeUnit.java:386)
	at org.apache.ratis.util.TimeDuration.sleep(TimeDuration.java:324)
	at org.apache.ratis.util.TimeDuration.sleep(TimeDuration.java:309)
	at org.apache.ratis.server.impl.FollowerState.run(FollowerState.java:118)
2022-02-01 13:06:49,134 [grpc-default-executor-1] INFO  server.RaftServer$Division (RaftServerImpl.java:requestVote(1078)) - 49be740d-43e0-4e70-9568-226dcd84f562@group-58CBC3DC2A46 replies to ELECTION vote request: fdc21d65-1155-4ddf-a802-c6738f3821ca<-49be740d-43e0-4e70-9568-226dcd84f562#0:FAIL-t9. Peer's state: 49be740d-43e0-4e70-9568-226dcd84f562@group-58CBC3DC2A46:t9, leader=null, voted=null, raftlog=49be740d-43e0-4e70-9568-226dcd84f562@group-58CBC3DC2A46-SegmentedRaftLog:OPENED:c-1, conf=-1: [fdc21d65-1155-4ddf-a802-c6738f3821ca|rpc:10.1.0.40:44045|dataStream:|priority:0, 0a485a2f-0ff7-4195-9566-1226e5634ef5|rpc:10.1.0.40:41187|dataStream:|priority:0, 49be740d-43e0-4e70-9568-226dcd84f562|rpc:10.1.0.40:44177|dataStream:|priority:1], old=null
2022-02-01 13:06:49,135 [fdc21d65-1155-4ddf-a802-c6738f3821ca@group-58CBC3DC2A46-LeaderElection34] INFO  impl.LeaderElection (LeaderElection.java:logAndReturn(89)) - fdc21d65-1155-4ddf-a802-c6738f3821ca@group-58CBC3DC2A46-LeaderElection34: ELECTION REJECTED received 2 response(s) and 0 exception(s):
2022-02-01 13:06:49,135 [fdc21d65-1155-4ddf-a802-c6738f3821ca@group-58CBC3DC2A46-LeaderElection34] INFO  impl.LeaderElection (LeaderElection.java:logAndReturn(93)) -   Response 0: fdc21d65-1155-4ddf-a802-c6738f3821ca<-0a485a2f-0ff7-4195-9566-1226e5634ef5#0:OK-t9
2022-02-01 13:06:49,135 [fdc21d65-1155-4ddf-a802-c6738f3821ca@group-58CBC3DC2A46-LeaderElection34] INFO  impl.LeaderElection (LeaderElection.java:logAndReturn(93)) -   Response 1: fdc21d65-1155-4ddf-a802-c6738f3821ca<-49be740d-43e0-4e70-9568-226dcd84f562#0:FAIL-t9
2022-02-01 13:06:49,135 [fdc21d65-1155-4ddf-a802-c6738f3821ca@group-58CBC3DC2A46-LeaderElection34] INFO  impl.LeaderElection (LeaderElection.java:askForVotes(308)) - fdc21d65-1155-4ddf-a802-c6738f3821ca@group-58CBC3DC2A46-LeaderElection34 ELECTION round 0: result REJECTED
2022-02-01 13:06:49,135 [fdc21d65-1155-4ddf-a802-c6738f3821ca@group-58CBC3DC2A46-LeaderElection34] INFO  server.RaftServer$Division (RaftServerImpl.java:setRole(290)) - fdc21d65-1155-4ddf-a802-c6738f3821ca@group-58CBC3DC2A46: changes role from CANDIDATE to FOLLOWER at term 9 for REJECTED
2022-02-01 13:06:49,135 [fdc21d65-1155-4ddf-a802-c6738f3821ca@group-58CBC3DC2A46-LeaderElection34] INFO  impl.RoleInfo (RoleInfo.java:shutdownLeaderElection(121)) - fdc21d65-1155-4ddf-a802-c6738f3821ca: shutdown fdc21d65-1155-4ddf-a802-c6738f3821ca@group-58CBC3DC2A46-LeaderElection34
2022-02-01 13:06:49,135 [fdc21d65-1155-4ddf-a802-c6738f3821ca@group-58CBC3DC2A46-LeaderElection34] INFO  impl.RoleInfo (RoleInfo.java:updateAndGet(130)) - fdc21d65-1155-4ddf-a802-c6738f3821ca: start fdc21d65-1155-4ddf-a802-c6738f3821ca@group-58CBC3DC2A46-FollowerState
2022-02-01 13:06:49,570 [Listener at 127.0.0.1/38443] INFO  ozone.MiniOzoneClusterImpl (MiniOzoneClusterImpl.java:lambda$waitForClusterToBeReady$0(219)) - Nodes are ready. Got 3 of 3 DN Heartbeats.
2022-02-01 13:06:49,571 [Listener at 127.0.0.1/38443] INFO  ozone.MiniOzoneClusterImpl (MiniOzoneClusterImpl.java:lambda$waitForClusterToBeReady$0(222)) - Waiting for cluster to exit safe mode
2022-02-01 13:06:49,571 [Listener at 127.0.0.1/38443] INFO  ozone.MiniOzoneClusterImpl (MiniOzoneClusterImpl.java:lambda$waitForClusterToBeReady$0(224)) - SCM became leader
2022-02-01 13:06:50,571 [Listener at 127.0.0.1/38443] INFO  ozone.MiniOzoneClusterImpl (MiniOzoneClusterImpl.java:lambda$waitForClusterToBeReady$0(219)) - Nodes are ready. Got 3 of 3 DN Heartbeats.
2022-02-01 13:06:50,571 [Listener at 127.0.0.1/38443] INFO  ozone.MiniOzoneClusterImpl (MiniOzoneClusterImpl.java:lambda$waitForClusterToBeReady$0(222)) - Waiting for cluster to exit safe mode
2022-02-01 13:06:50,571 [Listener at 127.0.0.1/38443] INFO  ozone.MiniOzoneClusterImpl (MiniOzoneClusterImpl.java:lambda$waitForClusterToBeReady$0(224)) - SCM became leader
2022-02-01 13:06:51,572 [Listener at 127.0.0.1/38443] INFO  ozone.MiniOzoneClusterImpl (MiniOzoneClusterImpl.java:lambda$waitForClusterToBeReady$0(219)) - Nodes are ready. Got 3 of 3 DN Heartbeats.
2022-02-01 13:06:51,572 [Listener at 127.0.0.1/38443] INFO  ozone.MiniOzoneClusterImpl (MiniOzoneClusterImpl.java:lambda$waitForClusterToBeReady$0(222)) - Waiting for cluster to exit safe mode
2022-02-01 13:06:51,572 [Listener at 127.0.0.1/38443] INFO  ozone.MiniOzoneClusterImpl (MiniOzoneClusterImpl.java:lambda$waitForClusterToBeReady$0(224)) - SCM became leader
2022-02-01 13:06:52,572 [Listener at 127.0.0.1/38443] INFO  ozone.MiniOzoneClusterImpl (MiniOzoneClusterImpl.java:lambda$waitForClusterToBeReady$0(219)) - Nodes are ready. Got 3 of 3 DN Heartbeats.
2022-02-01 13:06:52,572 [Listener at 127.0.0.1/38443] INFO  ozone.MiniOzoneClusterImpl (MiniOzoneClusterImpl.java:lambda$waitForClusterToBeReady$0(222)) - Waiting for cluster to exit safe mode
2022-02-01 13:06:52,572 [Listener at 127.0.0.1/38443] INFO  ozone.MiniOzoneClusterImpl (MiniOzoneClusterImpl.java:lambda$waitForClusterToBeReady$0(224)) - SCM became leader
2022-02-01 13:06:53,573 [Listener at 127.0.0.1/38443] INFO  ozone.MiniOzoneClusterImpl (MiniOzoneClusterImpl.java:lambda$waitForClusterToBeReady$0(219)) - Nodes are ready. Got 3 of 3 DN Heartbeats.
2022-02-01 13:06:53,573 [Listener at 127.0.0.1/38443] INFO  ozone.MiniOzoneClusterImpl (MiniOzoneClusterImpl.java:lambda$waitForClusterToBeReady$0(222)) - Waiting for cluster to exit safe mode
2022-02-01 13:06:53,573 [Listener at 127.0.0.1/38443] INFO  ozone.MiniOzoneClusterImpl (MiniOzoneClusterImpl.java:lambda$waitForClusterToBeReady$0(224)) - SCM became leader
2022-02-01 13:06:54,223 [fdc21d65-1155-4ddf-a802-c6738f3821ca@group-58CBC3DC2A46-FollowerState] INFO  impl.FollowerState (FollowerState.java:run(134)) - fdc21d65-1155-4ddf-a802-c6738f3821ca@group-58CBC3DC2A46-FollowerState: change to CANDIDATE, lastRpcElapsedTime:5087776447ns, electionTimeout:5085ms
2022-02-01 13:06:54,223 [fdc21d65-1155-4ddf-a802-c6738f3821ca@group-58CBC3DC2A46-FollowerState] INFO  impl.RoleInfo (RoleInfo.java:shutdownFollowerState(108)) - fdc21d65-1155-4ddf-a802-c6738f3821ca: shutdown fdc21d65-1155-4ddf-a802-c6738f3821ca@group-58CBC3DC2A46-FollowerState
2022-02-01 13:06:54,223 [fdc21d65-1155-4ddf-a802-c6738f3821ca@group-58CBC3DC2A46-FollowerState] INFO  server.RaftServer$Division (RaftServerImpl.java:setRole(290)) - fdc21d65-1155-4ddf-a802-c6738f3821ca@group-58CBC3DC2A46: changes role from  FOLLOWER to CANDIDATE at term 9 for changeToCandidate
2022-02-01 13:06:54,223 [fdc21d65-1155-4ddf-a802-c6738f3821ca@group-58CBC3DC2A46-FollowerState] INFO  server.RaftServerConfigKeys (ConfUtils.java:logGet(44)) - raft.server.leaderelection.pre-vote = false (custom)
2022-02-01 13:06:54,223 [fdc21d65-1155-4ddf-a802-c6738f3821ca@group-58CBC3DC2A46-FollowerState] INFO  impl.RoleInfo (RoleInfo.java:updateAndGet(130)) - fdc21d65-1155-4ddf-a802-c6738f3821ca: start fdc21d65-1155-4ddf-a802-c6738f3821ca@group-58CBC3DC2A46-LeaderElection35
2022-02-01 13:06:54,235 [fdc21d65-1155-4ddf-a802-c6738f3821ca@group-58CBC3DC2A46-LeaderElection35] INFO  impl.LeaderElection (LeaderElection.java:askForVotes(306)) - fdc21d65-1155-4ddf-a802-c6738f3821ca@group-58CBC3DC2A46-LeaderElection35 ELECTION round 0: submit vote requests at term 10 for -1: [fdc21d65-1155-4ddf-a802-c6738f3821ca|rpc:10.1.0.40:44045|priority:0, 0a485a2f-0ff7-4195-9566-1226e5634ef5|rpc:10.1.0.40:41187|priority:0, 49be740d-43e0-4e70-9568-226dcd84f562|rpc:10.1.0.40:44177|priority:1], old=null
2022-02-01 13:06:54,248 [0a485a2f-0ff7-4195-9566-1226e5634ef5@group-58CBC3DC2A46-FollowerState] INFO  impl.FollowerState (FollowerState.java:run(134)) - 0a485a2f-0ff7-4195-9566-1226e5634ef5@group-58CBC3DC2A46-FollowerState: change to CANDIDATE, lastRpcElapsedTime:5120188200ns, electionTimeout:5114ms
2022-02-01 13:06:54,248 [0a485a2f-0ff7-4195-9566-1226e5634ef5@group-58CBC3DC2A46-FollowerState] INFO  impl.RoleInfo (RoleInfo.java:shutdownFollowerState(108)) - 0a485a2f-0ff7-4195-9566-1226e5634ef5: shutdown 0a485a2f-0ff7-4195-9566-1226e5634ef5@group-58CBC3DC2A46-FollowerState
2022-02-01 13:06:54,248 [0a485a2f-0ff7-4195-9566-1226e5634ef5@group-58CBC3DC2A46-FollowerState] INFO  server.RaftServer$Division (RaftServerImpl.java:setRole(290)) - 0a485a2f-0ff7-4195-9566-1226e5634ef5@group-58CBC3DC2A46: changes role from  FOLLOWER to CANDIDATE at term 9 for changeToCandidate
2022-02-01 13:06:54,248 [0a485a2f-0ff7-4195-9566-1226e5634ef5@group-58CBC3DC2A46-FollowerState] INFO  server.RaftServerConfigKeys (ConfUtils.java:logGet(44)) - raft.server.leaderelection.pre-vote = false (custom)
2022-02-01 13:06:54,248 [0a485a2f-0ff7-4195-9566-1226e5634ef5@group-58CBC3DC2A46-FollowerState] INFO  impl.RoleInfo (RoleInfo.java:updateAndGet(130)) - 0a485a2f-0ff7-4195-9566-1226e5634ef5: start 0a485a2f-0ff7-4195-9566-1226e5634ef5@group-58CBC3DC2A46-LeaderElection36
2022-02-01 13:06:54,259 [grpc-default-executor-1] INFO  server.RaftServer$Division (RaftServerImpl.java:requestVote(1046)) - 0a485a2f-0ff7-4195-9566-1226e5634ef5@group-58CBC3DC2A46: receive requestVote(ELECTION, fdc21d65-1155-4ddf-a802-c6738f3821ca, group-58CBC3DC2A46, 10, (t:0, i:0))
2022-02-01 13:06:54,259 [grpc-default-executor-0] INFO  server.RaftServer$Division (RaftServerImpl.java:requestVote(1046)) - 49be740d-43e0-4e70-9568-226dcd84f562@group-58CBC3DC2A46: receive requestVote(ELECTION, fdc21d65-1155-4ddf-a802-c6738f3821ca, group-58CBC3DC2A46, 10, (t:0, i:0))
2022-02-01 13:06:54,260 [grpc-default-executor-1] INFO  impl.VoteContext (VoteContext.java:log(48)) - 0a485a2f-0ff7-4195-9566-1226e5634ef5@group-58CBC3DC2A46-CANDIDATE: accept ELECTION from fdc21d65-1155-4ddf-a802-c6738f3821ca: our priority 0 <= candidate's priority 0
2022-02-01 13:06:54,260 [grpc-default-executor-0] INFO  impl.VoteContext (VoteContext.java:log(48)) - 49be740d-43e0-4e70-9568-226dcd84f562@group-58CBC3DC2A46-FOLLOWER: reject ELECTION from fdc21d65-1155-4ddf-a802-c6738f3821ca: our priority 1 > candidate's priority 0
2022-02-01 13:06:54,260 [grpc-default-executor-1] INFO  server.RaftServer$Division (RaftServerImpl.java:setRole(290)) - 0a485a2f-0ff7-4195-9566-1226e5634ef5@group-58CBC3DC2A46: changes role from CANDIDATE to FOLLOWER at term 10 for candidate:fdc21d65-1155-4ddf-a802-c6738f3821ca
2022-02-01 13:06:54,260 [grpc-default-executor-1] INFO  impl.RoleInfo (RoleInfo.java:shutdownLeaderElection(121)) - 0a485a2f-0ff7-4195-9566-1226e5634ef5: shutdown 0a485a2f-0ff7-4195-9566-1226e5634ef5@group-58CBC3DC2A46-LeaderElection36
2022-02-01 13:06:54,260 [grpc-default-executor-1] INFO  impl.RoleInfo (RoleInfo.java:updateAndGet(130)) - 0a485a2f-0ff7-4195-9566-1226e5634ef5: start 0a485a2f-0ff7-4195-9566-1226e5634ef5@group-58CBC3DC2A46-FollowerState
2022-02-01 13:06:54,260 [grpc-default-executor-0] INFO  server.RaftServer$Division (RaftServerImpl.java:setRole(290)) - 49be740d-43e0-4e70-9568-226dcd84f562@group-58CBC3DC2A46: changes role from  FOLLOWER to FOLLOWER at term 10 for candidate:fdc21d65-1155-4ddf-a802-c6738f3821ca
2022-02-01 13:06:54,263 [grpc-default-executor-0] INFO  impl.RoleInfo (RoleInfo.java:shutdownFollowerState(108)) - 49be740d-43e0-4e70-9568-226dcd84f562: shutdown 49be740d-43e0-4e70-9568-226dcd84f562@group-58CBC3DC2A46-FollowerState
2022-02-01 13:06:54,263 [grpc-default-executor-0] INFO  impl.RoleInfo (RoleInfo.java:updateAndGet(130)) - 49be740d-43e0-4e70-9568-226dcd84f562: start 49be740d-43e0-4e70-9568-226dcd84f562@group-58CBC3DC2A46-FollowerState
2022-02-01 13:06:54,265 [grpc-default-executor-1] INFO  server.RaftServer$Division (RaftServerImpl.java:requestVote(1078)) - 0a485a2f-0ff7-4195-9566-1226e5634ef5@group-58CBC3DC2A46 replies to ELECTION vote request: fdc21d65-1155-4ddf-a802-c6738f3821ca<-0a485a2f-0ff7-4195-9566-1226e5634ef5#0:OK-t10. Peer's state: 0a485a2f-0ff7-4195-9566-1226e5634ef5@group-58CBC3DC2A46:t10, leader=null, voted=fdc21d65-1155-4ddf-a802-c6738f3821ca, raftlog=0a485a2f-0ff7-4195-9566-1226e5634ef5@group-58CBC3DC2A46-SegmentedRaftLog:OPENED:c-1, conf=-1: [fdc21d65-1155-4ddf-a802-c6738f3821ca|rpc:10.1.0.40:44045|dataStream:|priority:0, 0a485a2f-0ff7-4195-9566-1226e5634ef5|rpc:10.1.0.40:41187|dataStream:|priority:0, 49be740d-43e0-4e70-9568-226dcd84f562|rpc:10.1.0.40:44177|dataStream:|priority:1], old=null
2022-02-01 13:06:54,265 [49be740d-43e0-4e70-9568-226dcd84f562@group-58CBC3DC2A46-FollowerState] INFO  impl.FollowerState (FollowerState.java:run(143)) - 49be740d-43e0-4e70-9568-226dcd84f562@group-58CBC3DC2A46-FollowerState was interrupted: {}
java.lang.InterruptedException: sleep interrupted
	at java.lang.Thread.sleep(Native Method)
	at java.lang.Thread.sleep(Thread.java:340)
	at java.util.concurrent.TimeUnit.sleep(TimeUnit.java:386)
	at org.apache.ratis.util.TimeDuration.sleep(TimeDuration.java:324)
	at org.apache.ratis.util.TimeDuration.sleep(TimeDuration.java:309)
	at org.apache.ratis.server.impl.FollowerState.run(FollowerState.java:118)
2022-02-01 13:06:54,271 [grpc-default-executor-0] INFO  server.RaftServer$Division (RaftServerImpl.java:requestVote(1078)) - 49be740d-43e0-4e70-9568-226dcd84f562@group-58CBC3DC2A46 replies to ELECTION vote request: fdc21d65-1155-4ddf-a802-c6738f3821ca<-49be740d-43e0-4e70-9568-226dcd84f562#0:FAIL-t10. Peer's state: 49be740d-43e0-4e70-9568-226dcd84f562@group-58CBC3DC2A46:t10, leader=null, voted=null, raftlog=49be740d-43e0-4e70-9568-226dcd84f562@group-58CBC3DC2A46-SegmentedRaftLog:OPENED:c-1, conf=-1: [fdc21d65-1155-4ddf-a802-c6738f3821ca|rpc:10.1.0.40:44045|dataStream:|priority:0, 0a485a2f-0ff7-4195-9566-1226e5634ef5|rpc:10.1.0.40:41187|dataStream:|priority:0, 49be740d-43e0-4e70-9568-226dcd84f562|rpc:10.1.0.40:44177|dataStream:|priority:1], old=null
2022-02-01 13:06:54,270 [0a485a2f-0ff7-4195-9566-1226e5634ef5@group-58CBC3DC2A46-LeaderElection36] INFO  impl.LeaderElection (LeaderElection.java:run(230)) - 0a485a2f-0ff7-4195-9566-1226e5634ef5@group-58CBC3DC2A46-LeaderElection36: skip running since this is already CLOSING
2022-02-01 13:06:54,277 [fdc21d65-1155-4ddf-a802-c6738f3821ca@group-58CBC3DC2A46-LeaderElection35] INFO  impl.LeaderElection (LeaderElection.java:logAndReturn(89)) - fdc21d65-1155-4ddf-a802-c6738f3821ca@group-58CBC3DC2A46-LeaderElection35: ELECTION REJECTED received 2 response(s) and 0 exception(s):
2022-02-01 13:06:54,279 [fdc21d65-1155-4ddf-a802-c6738f3821ca@group-58CBC3DC2A46-LeaderElection35] INFO  impl.LeaderElection (LeaderElection.java:logAndReturn(93)) -   Response 0: fdc21d65-1155-4ddf-a802-c6738f3821ca<-0a485a2f-0ff7-4195-9566-1226e5634ef5#0:OK-t10
2022-02-01 13:06:54,279 [fdc21d65-1155-4ddf-a802-c6738f3821ca@group-58CBC3DC2A46-LeaderElection35] INFO  impl.LeaderElection (LeaderElection.java:logAndReturn(93)) -   Response 1: fdc21d65-1155-4ddf-a802-c6738f3821ca<-49be740d-43e0-4e70-9568-226dcd84f562#0:FAIL-t10
2022-02-01 13:06:54,279 [fdc21d65-1155-4ddf-a802-c6738f3821ca@group-58CBC3DC2A46-LeaderElection35] INFO  impl.LeaderElection (LeaderElection.java:askForVotes(308)) - fdc21d65-1155-4ddf-a802-c6738f3821ca@group-58CBC3DC2A46-LeaderElection35 ELECTION round 0: result REJECTED
2022-02-01 13:06:54,280 [fdc21d65-1155-4ddf-a802-c6738f3821ca@group-58CBC3DC2A46-LeaderElection35] INFO  server.RaftServer$Division (RaftServerImpl.java:setRole(290)) - fdc21d65-1155-4ddf-a802-c6738f3821ca@group-58CBC3DC2A46: changes role from CANDIDATE to FOLLOWER at term 10 for REJECTED
2022-02-01 13:06:54,280 [fdc21d65-1155-4ddf-a802-c6738f3821ca@group-58CBC3DC2A46-LeaderElection35] INFO  impl.RoleInfo (RoleInfo.java:shutdownLeaderElection(121)) - fdc21d65-1155-4ddf-a802-c6738f3821ca: shutdown fdc21d65-1155-4ddf-a802-c6738f3821ca@group-58CBC3DC2A46-LeaderElection35
2022-02-01 13:06:54,280 [fdc21d65-1155-4ddf-a802-c6738f3821ca@group-58CBC3DC2A46-LeaderElection35] INFO  impl.RoleInfo (RoleInfo.java:updateAndGet(130)) - fdc21d65-1155-4ddf-a802-c6738f3821ca: start fdc21d65-1155-4ddf-a802-c6738f3821ca@group-58CBC3DC2A46-FollowerState
2022-02-01 13:06:54,573 [Listener at 127.0.0.1/38443] INFO  ozone.MiniOzoneClusterImpl (MiniOzoneClusterImpl.java:lambda$waitForClusterToBeReady$0(219)) - Nodes are ready. Got 3 of 3 DN Heartbeats.
2022-02-01 13:06:54,573 [Listener at 127.0.0.1/38443] INFO  ozone.MiniOzoneClusterImpl (MiniOzoneClusterImpl.java:lambda$waitForClusterToBeReady$0(222)) - Waiting for cluster to exit safe mode
2022-02-01 13:06:54,573 [Listener at 127.0.0.1/38443] INFO  ozone.MiniOzoneClusterImpl (MiniOzoneClusterImpl.java:lambda$waitForClusterToBeReady$0(224)) - SCM became leader
2022-02-01 13:06:55,573 [Listener at 127.0.0.1/38443] INFO  ozone.MiniOzoneClusterImpl (MiniOzoneClusterImpl.java:lambda$waitForClusterToBeReady$0(219)) - Nodes are ready. Got 3 of 3 DN Heartbeats.
2022-02-01 13:06:55,574 [Listener at 127.0.0.1/38443] INFO  ozone.MiniOzoneClusterImpl (MiniOzoneClusterImpl.java:lambda$waitForClusterToBeReady$0(222)) - Waiting for cluster to exit safe mode
2022-02-01 13:06:55,574 [Listener at 127.0.0.1/38443] INFO  ozone.MiniOzoneClusterImpl (MiniOzoneClusterImpl.java:lambda$waitForClusterToBeReady$0(224)) - SCM became leader
2022-02-01 13:06:56,574 [Listener at 127.0.0.1/38443] INFO  ozone.MiniOzoneClusterImpl (MiniOzoneClusterImpl.java:lambda$waitForClusterToBeReady$0(219)) - Nodes are ready. Got 3 of 3 DN Heartbeats.
2022-02-01 13:06:56,574 [Listener at 127.0.0.1/38443] INFO  ozone.MiniOzoneClusterImpl (MiniOzoneClusterImpl.java:lambda$waitForClusterToBeReady$0(222)) - Waiting for cluster to exit safe mode
2022-02-01 13:06:56,574 [Listener at 127.0.0.1/38443] INFO  ozone.MiniOzoneClusterImpl (MiniOzoneClusterImpl.java:lambda$waitForClusterToBeReady$0(224)) - SCM became leader
2022-02-01 13:06:57,574 [Listener at 127.0.0.1/38443] INFO  ozone.MiniOzoneClusterImpl (MiniOzoneClusterImpl.java:lambda$waitForClusterToBeReady$0(219)) - Nodes are ready. Got 3 of 3 DN Heartbeats.
2022-02-01 13:06:57,575 [Listener at 127.0.0.1/38443] INFO  ozone.MiniOzoneClusterImpl (MiniOzoneClusterImpl.java:lambda$waitForClusterToBeReady$0(222)) - Waiting for cluster to exit safe mode
2022-02-01 13:06:57,575 [Listener at 127.0.0.1/38443] INFO  ozone.MiniOzoneClusterImpl (MiniOzoneClusterImpl.java:lambda$waitForClusterToBeReady$0(224)) - SCM became leader
2022-02-01 13:06:58,575 [Listener at 127.0.0.1/38443] INFO  ozone.MiniOzoneClusterImpl (MiniOzoneClusterImpl.java:lambda$waitForClusterToBeReady$0(219)) - Nodes are ready. Got 3 of 3 DN Heartbeats.
2022-02-01 13:06:58,575 [Listener at 127.0.0.1/38443] INFO  ozone.MiniOzoneClusterImpl (MiniOzoneClusterImpl.java:lambda$waitForClusterToBeReady$0(222)) - Waiting for cluster to exit safe mode
2022-02-01 13:06:58,575 [Listener at 127.0.0.1/38443] INFO  ozone.MiniOzoneClusterImpl (MiniOzoneClusterImpl.java:lambda$waitForClusterToBeReady$0(224)) - SCM became leader
2022-02-01 13:06:59,367 [fdc21d65-1155-4ddf-a802-c6738f3821ca@group-58CBC3DC2A46-FollowerState] INFO  impl.FollowerState (FollowerState.java:run(134)) - fdc21d65-1155-4ddf-a802-c6738f3821ca@group-58CBC3DC2A46-FollowerState: change to CANDIDATE, lastRpcElapsedTime:5087811015ns, electionTimeout:5076ms
2022-02-01 13:06:59,368 [fdc21d65-1155-4ddf-a802-c6738f3821ca@group-58CBC3DC2A46-FollowerState] INFO  impl.RoleInfo (RoleInfo.java:shutdownFollowerState(108)) - fdc21d65-1155-4ddf-a802-c6738f3821ca: shutdown fdc21d65-1155-4ddf-a802-c6738f3821ca@group-58CBC3DC2A46-FollowerState
2022-02-01 13:06:59,368 [fdc21d65-1155-4ddf-a802-c6738f3821ca@group-58CBC3DC2A46-FollowerState] INFO  server.RaftServer$Division (RaftServerImpl.java:setRole(290)) - fdc21d65-1155-4ddf-a802-c6738f3821ca@group-58CBC3DC2A46: changes role from  FOLLOWER to CANDIDATE at term 10 for changeToCandidate
2022-02-01 13:06:59,368 [fdc21d65-1155-4ddf-a802-c6738f3821ca@group-58CBC3DC2A46-FollowerState] INFO  server.RaftServerConfigKeys (ConfUtils.java:logGet(44)) - raft.server.leaderelection.pre-vote = false (custom)
2022-02-01 13:06:59,368 [fdc21d65-1155-4ddf-a802-c6738f3821ca@group-58CBC3DC2A46-FollowerState] INFO  impl.RoleInfo (RoleInfo.java:updateAndGet(130)) - fdc21d65-1155-4ddf-a802-c6738f3821ca: start fdc21d65-1155-4ddf-a802-c6738f3821ca@group-58CBC3DC2A46-LeaderElection37
2022-02-01 13:06:59,380 [fdc21d65-1155-4ddf-a802-c6738f3821ca@group-58CBC3DC2A46-LeaderElection37] INFO  impl.LeaderElection (LeaderElection.java:askForVotes(306)) - fdc21d65-1155-4ddf-a802-c6738f3821ca@group-58CBC3DC2A46-LeaderElection37 ELECTION round 0: submit vote requests at term 11 for -1: [fdc21d65-1155-4ddf-a802-c6738f3821ca|rpc:10.1.0.40:44045|priority:0, 0a485a2f-0ff7-4195-9566-1226e5634ef5|rpc:10.1.0.40:41187|priority:0, 49be740d-43e0-4e70-9568-226dcd84f562|rpc:10.1.0.40:44177|priority:1], old=null
2022-02-01 13:06:59,395 [grpc-default-executor-0] INFO  server.RaftServer$Division (RaftServerImpl.java:requestVote(1046)) - 0a485a2f-0ff7-4195-9566-1226e5634ef5@group-58CBC3DC2A46: receive requestVote(ELECTION, fdc21d65-1155-4ddf-a802-c6738f3821ca, group-58CBC3DC2A46, 11, (t:0, i:0))
2022-02-01 13:06:59,395 [grpc-default-executor-0] INFO  impl.VoteContext (VoteContext.java:log(48)) - 0a485a2f-0ff7-4195-9566-1226e5634ef5@group-58CBC3DC2A46-FOLLOWER: accept ELECTION from fdc21d65-1155-4ddf-a802-c6738f3821ca: our priority 0 <= candidate's priority 0
2022-02-01 13:06:59,395 [grpc-default-executor-0] INFO  server.RaftServer$Division (RaftServerImpl.java:setRole(290)) - 0a485a2f-0ff7-4195-9566-1226e5634ef5@group-58CBC3DC2A46: changes role from  FOLLOWER to FOLLOWER at term 11 for candidate:fdc21d65-1155-4ddf-a802-c6738f3821ca
2022-02-01 13:06:59,395 [grpc-default-executor-0] INFO  impl.RoleInfo (RoleInfo.java:shutdownFollowerState(108)) - 0a485a2f-0ff7-4195-9566-1226e5634ef5: shutdown 0a485a2f-0ff7-4195-9566-1226e5634ef5@group-58CBC3DC2A46-FollowerState
2022-02-01 13:06:59,395 [grpc-default-executor-0] INFO  impl.RoleInfo (RoleInfo.java:updateAndGet(130)) - 0a485a2f-0ff7-4195-9566-1226e5634ef5: start 0a485a2f-0ff7-4195-9566-1226e5634ef5@group-58CBC3DC2A46-FollowerState
2022-02-01 13:06:59,395 [0a485a2f-0ff7-4195-9566-1226e5634ef5@group-58CBC3DC2A46-FollowerState] INFO  impl.FollowerState (FollowerState.java:run(143)) - 0a485a2f-0ff7-4195-9566-1226e5634ef5@group-58CBC3DC2A46-FollowerState was interrupted: {}
java.lang.InterruptedException: sleep interrupted
	at java.lang.Thread.sleep(Native Method)
	at java.lang.Thread.sleep(Thread.java:340)
	at java.util.concurrent.TimeUnit.sleep(TimeUnit.java:386)
	at org.apache.ratis.util.TimeDuration.sleep(TimeDuration.java:324)
	at org.apache.ratis.util.TimeDuration.sleep(TimeDuration.java:309)
	at org.apache.ratis.server.impl.FollowerState.run(FollowerState.java:118)
2022-02-01 13:06:59,404 [grpc-default-executor-1] INFO  server.RaftServer$Division (RaftServerImpl.java:requestVote(1046)) - 49be740d-43e0-4e70-9568-226dcd84f562@group-58CBC3DC2A46: receive requestVote(ELECTION, fdc21d65-1155-4ddf-a802-c6738f3821ca, group-58CBC3DC2A46, 11, (t:0, i:0))
2022-02-01 13:06:59,401 [grpc-default-executor-0] INFO  server.RaftServer$Division (RaftServerImpl.java:requestVote(1078)) - 0a485a2f-0ff7-4195-9566-1226e5634ef5@group-58CBC3DC2A46 replies to ELECTION vote request: fdc21d65-1155-4ddf-a802-c6738f3821ca<-0a485a2f-0ff7-4195-9566-1226e5634ef5#0:OK-t11. Peer's state: 0a485a2f-0ff7-4195-9566-1226e5634ef5@group-58CBC3DC2A46:t11, leader=null, voted=fdc21d65-1155-4ddf-a802-c6738f3821ca, raftlog=0a485a2f-0ff7-4195-9566-1226e5634ef5@group-58CBC3DC2A46-SegmentedRaftLog:OPENED:c-1, conf=-1: [fdc21d65-1155-4ddf-a802-c6738f3821ca|rpc:10.1.0.40:44045|dataStream:|priority:0, 0a485a2f-0ff7-4195-9566-1226e5634ef5|rpc:10.1.0.40:41187|dataStream:|priority:0, 49be740d-43e0-4e70-9568-226dcd84f562|rpc:10.1.0.40:44177|dataStream:|priority:1], old=null
2022-02-01 13:06:59,401 [49be740d-43e0-4e70-9568-226dcd84f562@group-58CBC3DC2A46-FollowerState] INFO  impl.FollowerState (FollowerState.java:run(134)) - 49be740d-43e0-4e70-9568-226dcd84f562@group-58CBC3DC2A46-FollowerState: change to CANDIDATE, lastRpcElapsedTime:5137687857ns, electionTimeout:5121ms
2022-02-01 13:06:59,404 [49be740d-43e0-4e70-9568-226dcd84f562@group-58CBC3DC2A46-FollowerState] INFO  impl.RoleInfo (RoleInfo.java:shutdownFollowerState(108)) - 49be740d-43e0-4e70-9568-226dcd84f562: shutdown 49be740d-43e0-4e70-9568-226dcd84f562@group-58CBC3DC2A46-FollowerState
2022-02-01 13:06:59,404 [49be740d-43e0-4e70-9568-226dcd84f562@group-58CBC3DC2A46-FollowerState] INFO  server.RaftServer$Division (RaftServerImpl.java:setRole(290)) - 49be740d-43e0-4e70-9568-226dcd84f562@group-58CBC3DC2A46: changes role from  FOLLOWER to CANDIDATE at term 10 for changeToCandidate
2022-02-01 13:06:59,404 [49be740d-43e0-4e70-9568-226dcd84f562@group-58CBC3DC2A46-FollowerState] INFO  server.RaftServerConfigKeys (ConfUtils.java:logGet(44)) - raft.server.leaderelection.pre-vote = false (custom)
2022-02-01 13:06:59,405 [49be740d-43e0-4e70-9568-226dcd84f562@group-58CBC3DC2A46-FollowerState] INFO  impl.RoleInfo (RoleInfo.java:updateAndGet(130)) - 49be740d-43e0-4e70-9568-226dcd84f562: start 49be740d-43e0-4e70-9568-226dcd84f562@group-58CBC3DC2A46-LeaderElection38
2022-02-01 13:06:59,405 [grpc-default-executor-1] INFO  impl.VoteContext (VoteContext.java:log(48)) - 49be740d-43e0-4e70-9568-226dcd84f562@group-58CBC3DC2A46-CANDIDATE: reject ELECTION from fdc21d65-1155-4ddf-a802-c6738f3821ca: our priority 1 > candidate's priority 0
2022-02-01 13:06:59,410 [grpc-default-executor-1] INFO  server.RaftServer$Division (RaftServerImpl.java:setRole(290)) - 49be740d-43e0-4e70-9568-226dcd84f562@group-58CBC3DC2A46: changes role from CANDIDATE to FOLLOWER at term 11 for candidate:fdc21d65-1155-4ddf-a802-c6738f3821ca
2022-02-01 13:06:59,410 [grpc-default-executor-1] INFO  impl.RoleInfo (RoleInfo.java:shutdownLeaderElection(121)) - 49be740d-43e0-4e70-9568-226dcd84f562: shutdown 49be740d-43e0-4e70-9568-226dcd84f562@group-58CBC3DC2A46-LeaderElection38
2022-02-01 13:06:59,410 [grpc-default-executor-1] INFO  impl.RoleInfo (RoleInfo.java:updateAndGet(130)) - 49be740d-43e0-4e70-9568-226dcd84f562: start 49be740d-43e0-4e70-9568-226dcd84f562@group-58CBC3DC2A46-FollowerState
2022-02-01 13:06:59,411 [grpc-default-executor-1] INFO  server.RaftServer$Division (RaftServerImpl.java:requestVote(1078)) - 49be740d-43e0-4e70-9568-226dcd84f562@group-58CBC3DC2A46 replies to ELECTION vote request: fdc21d65-1155-4ddf-a802-c6738f3821ca<-49be740d-43e0-4e70-9568-226dcd84f562#0:FAIL-t11. Peer's state: 49be740d-43e0-4e70-9568-226dcd84f562@group-58CBC3DC2A46:t11, leader=null, voted=null, raftlog=49be740d-43e0-4e70-9568-226dcd84f562@group-58CBC3DC2A46-SegmentedRaftLog:OPENED:c-1, conf=-1: [fdc21d65-1155-4ddf-a802-c6738f3821ca|rpc:10.1.0.40:44045|dataStream:|priority:0, 0a485a2f-0ff7-4195-9566-1226e5634ef5|rpc:10.1.0.40:41187|dataStream:|priority:0, 49be740d-43e0-4e70-9568-226dcd84f562|rpc:10.1.0.40:44177|dataStream:|priority:1], old=null
2022-02-01 13:06:59,414 [fdc21d65-1155-4ddf-a802-c6738f3821ca@group-58CBC3DC2A46-LeaderElection37] INFO  impl.LeaderElection (LeaderElection.java:logAndReturn(89)) - fdc21d65-1155-4ddf-a802-c6738f3821ca@group-58CBC3DC2A46-LeaderElection37: ELECTION REJECTED received 2 response(s) and 0 exception(s):
2022-02-01 13:06:59,414 [fdc21d65-1155-4ddf-a802-c6738f3821ca@group-58CBC3DC2A46-LeaderElection37] INFO  impl.LeaderElection (LeaderElection.java:logAndReturn(93)) -   Response 0: fdc21d65-1155-4ddf-a802-c6738f3821ca<-0a485a2f-0ff7-4195-9566-1226e5634ef5#0:OK-t11
2022-02-01 13:06:59,414 [fdc21d65-1155-4ddf-a802-c6738f3821ca@group-58CBC3DC2A46-LeaderElection37] INFO  impl.LeaderElection (LeaderElection.java:logAndReturn(93)) -   Response 1: fdc21d65-1155-4ddf-a802-c6738f3821ca<-49be740d-43e0-4e70-9568-226dcd84f562#0:FAIL-t11
2022-02-01 13:06:59,414 [fdc21d65-1155-4ddf-a802-c6738f3821ca@group-58CBC3DC2A46-LeaderElection37] INFO  impl.LeaderElection (LeaderElection.java:askForVotes(308)) - fdc21d65-1155-4ddf-a802-c6738f3821ca@group-58CBC3DC2A46-LeaderElection37 ELECTION round 0: result REJECTED
2022-02-01 13:06:59,414 [fdc21d65-1155-4ddf-a802-c6738f3821ca@group-58CBC3DC2A46-LeaderElection37] INFO  server.RaftServer$Division (RaftServerImpl.java:setRole(290)) - fdc21d65-1155-4ddf-a802-c6738f3821ca@group-58CBC3DC2A46: changes role from CANDIDATE to FOLLOWER at term 11 for REJECTED
2022-02-01 13:06:59,415 [fdc21d65-1155-4ddf-a802-c6738f3821ca@group-58CBC3DC2A46-LeaderElection37] INFO  impl.RoleInfo (RoleInfo.java:shutdownLeaderElection(121)) - fdc21d65-1155-4ddf-a802-c6738f3821ca: shutdown fdc21d65-1155-4ddf-a802-c6738f3821ca@group-58CBC3DC2A46-LeaderElection37
2022-02-01 13:06:59,415 [fdc21d65-1155-4ddf-a802-c6738f3821ca@group-58CBC3DC2A46-LeaderElection37] INFO  impl.RoleInfo (RoleInfo.java:updateAndGet(130)) - fdc21d65-1155-4ddf-a802-c6738f3821ca: start fdc21d65-1155-4ddf-a802-c6738f3821ca@group-58CBC3DC2A46-FollowerState
2022-02-01 13:06:59,575 [Listener at 127.0.0.1/38443] INFO  ozone.MiniOzoneClusterImpl (MiniOzoneClusterImpl.java:lambda$waitForClusterToBeReady$0(219)) - Nodes are ready. Got 3 of 3 DN Heartbeats.
2022-02-01 13:06:59,577 [Listener at 127.0.0.1/38443] INFO  ozone.MiniOzoneClusterImpl (MiniOzoneClusterImpl.java:lambda$waitForClusterToBeReady$0(222)) - Waiting for cluster to exit safe mode
2022-02-01 13:06:59,577 [Listener at 127.0.0.1/38443] INFO  ozone.MiniOzoneClusterImpl (MiniOzoneClusterImpl.java:lambda$waitForClusterToBeReady$0(224)) - SCM became leader
2022-02-01 13:07:00,577 [Listener at 127.0.0.1/38443] INFO  ozone.MiniOzoneClusterImpl (MiniOzoneClusterImpl.java:lambda$waitForClusterToBeReady$0(219)) - Nodes are ready. Got 3 of 3 DN Heartbeats.
2022-02-01 13:07:00,577 [Listener at 127.0.0.1/38443] INFO  ozone.MiniOzoneClusterImpl (MiniOzoneClusterImpl.java:lambda$waitForClusterToBeReady$0(222)) - Waiting for cluster to exit safe mode
2022-02-01 13:07:00,577 [Listener at 127.0.0.1/38443] INFO  ozone.MiniOzoneClusterImpl (MiniOzoneClusterImpl.java:lambda$waitForClusterToBeReady$0(224)) - SCM became leader
2022-02-01 13:07:01,578 [Listener at 127.0.0.1/38443] INFO  ozone.MiniOzoneClusterImpl (MiniOzoneClusterImpl.java:lambda$waitForClusterToBeReady$0(219)) - Nodes are ready. Got 3 of 3 DN Heartbeats.
2022-02-01 13:07:01,578 [Listener at 127.0.0.1/38443] INFO  ozone.MiniOzoneClusterImpl (MiniOzoneClusterImpl.java:lambda$waitForClusterToBeReady$0(222)) - Waiting for cluster to exit safe mode
2022-02-01 13:07:01,578 [Listener at 127.0.0.1/38443] INFO  ozone.MiniOzoneClusterImpl (MiniOzoneClusterImpl.java:lambda$waitForClusterToBeReady$0(224)) - SCM became leader
2022-02-01 13:07:02,578 [Listener at 127.0.0.1/38443] INFO  ozone.MiniOzoneClusterImpl (MiniOzoneClusterImpl.java:lambda$waitForClusterToBeReady$0(219)) - Nodes are ready. Got 3 of 3 DN Heartbeats.
2022-02-01 13:07:02,578 [Listener at 127.0.0.1/38443] INFO  ozone.MiniOzoneClusterImpl (MiniOzoneClusterImpl.java:lambda$waitForClusterToBeReady$0(222)) - Waiting for cluster to exit safe mode
2022-02-01 13:07:02,578 [Listener at 127.0.0.1/38443] INFO  ozone.MiniOzoneClusterImpl (MiniOzoneClusterImpl.java:lambda$waitForClusterToBeReady$0(224)) - SCM became leader
2022-02-01 13:07:03,579 [Listener at 127.0.0.1/38443] INFO  ozone.MiniOzoneClusterImpl (MiniOzoneClusterImpl.java:lambda$waitForClusterToBeReady$0(219)) - Nodes are ready. Got 3 of 3 DN Heartbeats.
2022-02-01 13:07:03,579 [Listener at 127.0.0.1/38443] INFO  ozone.MiniOzoneClusterImpl (MiniOzoneClusterImpl.java:lambda$waitForClusterToBeReady$0(222)) - Waiting for cluster to exit safe mode
2022-02-01 13:07:03,579 [Listener at 127.0.0.1/38443] INFO  ozone.MiniOzoneClusterImpl (MiniOzoneClusterImpl.java:lambda$waitForClusterToBeReady$0(224)) - SCM became leader
2022-02-01 13:07:04,440 [fdc21d65-1155-4ddf-a802-c6738f3821ca@group-58CBC3DC2A46-FollowerState] INFO  impl.FollowerState (FollowerState.java:run(134)) - fdc21d65-1155-4ddf-a802-c6738f3821ca@group-58CBC3DC2A46-FollowerState: change to CANDIDATE, lastRpcElapsedTime:5025825614ns, electionTimeout:5012ms
2022-02-01 13:07:04,441 [fdc21d65-1155-4ddf-a802-c6738f3821ca@group-58CBC3DC2A46-FollowerState] INFO  impl.RoleInfo (RoleInfo.java:shutdownFollowerState(108)) - fdc21d65-1155-4ddf-a802-c6738f3821ca: shutdown fdc21d65-1155-4ddf-a802-c6738f3821ca@group-58CBC3DC2A46-FollowerState
2022-02-01 13:07:04,441 [fdc21d65-1155-4ddf-a802-c6738f3821ca@group-58CBC3DC2A46-FollowerState] INFO  server.RaftServer$Division (RaftServerImpl.java:setRole(290)) - fdc21d65-1155-4ddf-a802-c6738f3821ca@group-58CBC3DC2A46: changes role from  FOLLOWER to CANDIDATE at term 11 for changeToCandidate
2022-02-01 13:07:04,441 [fdc21d65-1155-4ddf-a802-c6738f3821ca@group-58CBC3DC2A46-FollowerState] INFO  server.RaftServerConfigKeys (ConfUtils.java:logGet(44)) - raft.server.leaderelection.pre-vote = false (custom)
2022-02-01 13:07:04,441 [fdc21d65-1155-4ddf-a802-c6738f3821ca@group-58CBC3DC2A46-FollowerState] INFO  impl.RoleInfo (RoleInfo.java:updateAndGet(130)) - fdc21d65-1155-4ddf-a802-c6738f3821ca: start fdc21d65-1155-4ddf-a802-c6738f3821ca@group-58CBC3DC2A46-LeaderElection39
2022-02-01 13:07:04,450 [fdc21d65-1155-4ddf-a802-c6738f3821ca@group-58CBC3DC2A46-LeaderElection39] INFO  impl.LeaderElection (LeaderElection.java:askForVotes(306)) - fdc21d65-1155-4ddf-a802-c6738f3821ca@group-58CBC3DC2A46-LeaderElection39 ELECTION round 0: submit vote requests at term 12 for -1: [fdc21d65-1155-4ddf-a802-c6738f3821ca|rpc:10.1.0.40:44045|priority:0, 0a485a2f-0ff7-4195-9566-1226e5634ef5|rpc:10.1.0.40:41187|priority:0, 49be740d-43e0-4e70-9568-226dcd84f562|rpc:10.1.0.40:44177|priority:1], old=null
2022-02-01 13:07:04,469 [grpc-default-executor-1] INFO  server.RaftServer$Division (RaftServerImpl.java:requestVote(1046)) - 0a485a2f-0ff7-4195-9566-1226e5634ef5@group-58CBC3DC2A46: receive requestVote(ELECTION, fdc21d65-1155-4ddf-a802-c6738f3821ca, group-58CBC3DC2A46, 12, (t:0, i:0))
2022-02-01 13:07:04,469 [grpc-default-executor-1] INFO  impl.VoteContext (VoteContext.java:log(48)) - 0a485a2f-0ff7-4195-9566-1226e5634ef5@group-58CBC3DC2A46-FOLLOWER: accept ELECTION from fdc21d65-1155-4ddf-a802-c6738f3821ca: our priority 0 <= candidate's priority 0
2022-02-01 13:07:04,469 [grpc-default-executor-1] INFO  server.RaftServer$Division (RaftServerImpl.java:setRole(290)) - 0a485a2f-0ff7-4195-9566-1226e5634ef5@group-58CBC3DC2A46: changes role from  FOLLOWER to FOLLOWER at term 12 for candidate:fdc21d65-1155-4ddf-a802-c6738f3821ca
2022-02-01 13:07:04,469 [grpc-default-executor-1] INFO  impl.RoleInfo (RoleInfo.java:shutdownFollowerState(108)) - 0a485a2f-0ff7-4195-9566-1226e5634ef5: shutdown 0a485a2f-0ff7-4195-9566-1226e5634ef5@group-58CBC3DC2A46-FollowerState
2022-02-01 13:07:04,469 [grpc-default-executor-1] INFO  impl.RoleInfo (RoleInfo.java:updateAndGet(130)) - 0a485a2f-0ff7-4195-9566-1226e5634ef5: start 0a485a2f-0ff7-4195-9566-1226e5634ef5@group-58CBC3DC2A46-FollowerState
2022-02-01 13:07:04,469 [0a485a2f-0ff7-4195-9566-1226e5634ef5@group-58CBC3DC2A46-FollowerState] INFO  impl.FollowerState (FollowerState.java:run(143)) - 0a485a2f-0ff7-4195-9566-1226e5634ef5@group-58CBC3DC2A46-FollowerState was interrupted: {}
java.lang.InterruptedException: sleep interrupted
	at java.lang.Thread.sleep(Native Method)
	at java.lang.Thread.sleep(Thread.java:340)
	at java.util.concurrent.TimeUnit.sleep(TimeUnit.java:386)
	at org.apache.ratis.util.TimeDuration.sleep(TimeDuration.java:324)
	at org.apache.ratis.util.TimeDuration.sleep(TimeDuration.java:309)
	at org.apache.ratis.server.impl.FollowerState.run(FollowerState.java:118)
2022-02-01 13:07:04,472 [grpc-default-executor-1] INFO  server.RaftServer$Division (RaftServerImpl.java:requestVote(1078)) - 0a485a2f-0ff7-4195-9566-1226e5634ef5@group-58CBC3DC2A46 replies to ELECTION vote request: fdc21d65-1155-4ddf-a802-c6738f3821ca<-0a485a2f-0ff7-4195-9566-1226e5634ef5#0:OK-t12. Peer's state: 0a485a2f-0ff7-4195-9566-1226e5634ef5@group-58CBC3DC2A46:t12, leader=null, voted=fdc21d65-1155-4ddf-a802-c6738f3821ca, raftlog=0a485a2f-0ff7-4195-9566-1226e5634ef5@group-58CBC3DC2A46-SegmentedRaftLog:OPENED:c-1, conf=-1: [fdc21d65-1155-4ddf-a802-c6738f3821ca|rpc:10.1.0.40:44045|dataStream:|priority:0, 0a485a2f-0ff7-4195-9566-1226e5634ef5|rpc:10.1.0.40:41187|dataStream:|priority:0, 49be740d-43e0-4e70-9568-226dcd84f562|rpc:10.1.0.40:44177|dataStream:|priority:1], old=null
2022-02-01 13:07:04,477 [grpc-default-executor-0] INFO  server.RaftServer$Division (RaftServerImpl.java:requestVote(1046)) - 49be740d-43e0-4e70-9568-226dcd84f562@group-58CBC3DC2A46: receive requestVote(ELECTION, fdc21d65-1155-4ddf-a802-c6738f3821ca, group-58CBC3DC2A46, 12, (t:0, i:0))
2022-02-01 13:07:04,477 [grpc-default-executor-0] INFO  impl.VoteContext (VoteContext.java:log(48)) - 49be740d-43e0-4e70-9568-226dcd84f562@group-58CBC3DC2A46-FOLLOWER: reject ELECTION from fdc21d65-1155-4ddf-a802-c6738f3821ca: our priority 1 > candidate's priority 0
2022-02-01 13:07:04,477 [grpc-default-executor-0] INFO  server.RaftServer$Division (RaftServerImpl.java:setRole(290)) - 49be740d-43e0-4e70-9568-226dcd84f562@group-58CBC3DC2A46: changes role from  FOLLOWER to FOLLOWER at term 12 for candidate:fdc21d65-1155-4ddf-a802-c6738f3821ca
2022-02-01 13:07:04,477 [grpc-default-executor-0] INFO  impl.RoleInfo (RoleInfo.java:shutdownFollowerState(108)) - 49be740d-43e0-4e70-9568-226dcd84f562: shutdown 49be740d-43e0-4e70-9568-226dcd84f562@group-58CBC3DC2A46-FollowerState
2022-02-01 13:07:04,477 [grpc-default-executor-0] INFO  impl.RoleInfo (RoleInfo.java:updateAndGet(130)) - 49be740d-43e0-4e70-9568-226dcd84f562: start 49be740d-43e0-4e70-9568-226dcd84f562@group-58CBC3DC2A46-FollowerState
2022-02-01 13:07:04,477 [49be740d-43e0-4e70-9568-226dcd84f562@group-58CBC3DC2A46-FollowerState] INFO  impl.FollowerState (FollowerState.java:run(143)) - 49be740d-43e0-4e70-9568-226dcd84f562@group-58CBC3DC2A46-FollowerState was interrupted: {}
java.lang.InterruptedException: sleep interrupted
	at java.lang.Thread.sleep(Native Method)
	at java.lang.Thread.sleep(Thread.java:340)
	at java.util.concurrent.TimeUnit.sleep(TimeUnit.java:386)
	at org.apache.ratis.util.TimeDuration.sleep(TimeDuration.java:324)
	at org.apache.ratis.util.TimeDuration.sleep(TimeDuration.java:309)
	at org.apache.ratis.server.impl.FollowerState.run(FollowerState.java:118)
2022-02-01 13:07:04,498 [grpc-default-executor-0] INFO  server.RaftServer$Division (RaftServerImpl.java:requestVote(1078)) - 49be740d-43e0-4e70-9568-226dcd84f562@group-58CBC3DC2A46 replies to ELECTION vote request: fdc21d65-1155-4ddf-a802-c6738f3821ca<-49be740d-43e0-4e70-9568-226dcd84f562#0:FAIL-t12. Peer's state: 49be740d-43e0-4e70-9568-226dcd84f562@group-58CBC3DC2A46:t12, leader=null, voted=null, raftlog=49be740d-43e0-4e70-9568-226dcd84f562@group-58CBC3DC2A46-SegmentedRaftLog:OPENED:c-1, conf=-1: [fdc21d65-1155-4ddf-a802-c6738f3821ca|rpc:10.1.0.40:44045|dataStream:|priority:0, 0a485a2f-0ff7-4195-9566-1226e5634ef5|rpc:10.1.0.40:41187|dataStream:|priority:0, 49be740d-43e0-4e70-9568-226dcd84f562|rpc:10.1.0.40:44177|dataStream:|priority:1], old=null
2022-02-01 13:07:04,500 [fdc21d65-1155-4ddf-a802-c6738f3821ca@group-58CBC3DC2A46-LeaderElection39] INFO  impl.LeaderElection (LeaderElection.java:logAndReturn(89)) - fdc21d65-1155-4ddf-a802-c6738f3821ca@group-58CBC3DC2A46-LeaderElection39: ELECTION REJECTED received 2 response(s) and 0 exception(s):
2022-02-01 13:07:04,500 [fdc21d65-1155-4ddf-a802-c6738f3821ca@group-58CBC3DC2A46-LeaderElection39] INFO  impl.LeaderElection (LeaderElection.java:logAndReturn(93)) -   Response 0: fdc21d65-1155-4ddf-a802-c6738f3821ca<-0a485a2f-0ff7-4195-9566-1226e5634ef5#0:OK-t12
2022-02-01 13:07:04,500 [fdc21d65-1155-4ddf-a802-c6738f3821ca@group-58CBC3DC2A46-LeaderElection39] INFO  impl.LeaderElection (LeaderElection.java:logAndReturn(93)) -   Response 1: fdc21d65-1155-4ddf-a802-c6738f3821ca<-49be740d-43e0-4e70-9568-226dcd84f562#0:FAIL-t12
2022-02-01 13:07:04,500 [fdc21d65-1155-4ddf-a802-c6738f3821ca@group-58CBC3DC2A46-LeaderElection39] INFO  impl.LeaderElection (LeaderElection.java:askForVotes(308)) - fdc21d65-1155-4ddf-a802-c6738f3821ca@group-58CBC3DC2A46-LeaderElection39 ELECTION round 0: result REJECTED
2022-02-01 13:07:04,500 [fdc21d65-1155-4ddf-a802-c6738f3821ca@group-58CBC3DC2A46-LeaderElection39] INFO  server.RaftServer$Division (RaftServerImpl.java:setRole(290)) - fdc21d65-1155-4ddf-a802-c6738f3821ca@group-58CBC3DC2A46: changes role from CANDIDATE to FOLLOWER at term 12 for REJECTED
2022-02-01 13:07:04,500 [fdc21d65-1155-4ddf-a802-c6738f3821ca@group-58CBC3DC2A46-LeaderElection39] INFO  impl.RoleInfo (RoleInfo.java:shutdownLeaderElection(121)) - fdc21d65-1155-4ddf-a802-c6738f3821ca: shutdown fdc21d65-1155-4ddf-a802-c6738f3821ca@group-58CBC3DC2A46-LeaderElection39
2022-02-01 13:07:04,500 [fdc21d65-1155-4ddf-a802-c6738f3821ca@group-58CBC3DC2A46-LeaderElection39] INFO  impl.RoleInfo (RoleInfo.java:updateAndGet(130)) - fdc21d65-1155-4ddf-a802-c6738f3821ca: start fdc21d65-1155-4ddf-a802-c6738f3821ca@group-58CBC3DC2A46-FollowerState
2022-02-01 13:07:04,579 [Listener at 127.0.0.1/38443] INFO  ozone.MiniOzoneClusterImpl (MiniOzoneClusterImpl.java:lambda$waitForClusterToBeReady$0(219)) - Nodes are ready. Got 3 of 3 DN Heartbeats.
2022-02-01 13:07:04,580 [Listener at 127.0.0.1/38443] INFO  ozone.MiniOzoneClusterImpl (MiniOzoneClusterImpl.java:lambda$waitForClusterToBeReady$0(222)) - Waiting for cluster to exit safe mode
2022-02-01 13:07:04,580 [Listener at 127.0.0.1/38443] INFO  ozone.MiniOzoneClusterImpl (MiniOzoneClusterImpl.java:lambda$waitForClusterToBeReady$0(224)) - SCM became leader
2022-02-01 13:07:05,580 [Listener at 127.0.0.1/38443] INFO  ozone.MiniOzoneClusterImpl (MiniOzoneClusterImpl.java:lambda$waitForClusterToBeReady$0(219)) - Nodes are ready. Got 3 of 3 DN Heartbeats.
2022-02-01 13:07:05,580 [Listener at 127.0.0.1/38443] INFO  ozone.MiniOzoneClusterImpl (MiniOzoneClusterImpl.java:lambda$waitForClusterToBeReady$0(222)) - Waiting for cluster to exit safe mode
2022-02-01 13:07:05,580 [Listener at 127.0.0.1/38443] INFO  ozone.MiniOzoneClusterImpl (MiniOzoneClusterImpl.java:lambda$waitForClusterToBeReady$0(224)) - SCM became leader
2022-02-01 13:07:06,218 [EventQueue-OpenPipelineForHealthyPipelineSafeModeRule] INFO  safemode.SCMSafeModeManager (HealthyPipelineSafeModeRule.java:process(124)) - SCM in safe mode. Healthy pipelines reported count is 0, required healthy pipeline reported count is 1
2022-02-01 13:07:06,581 [Listener at 127.0.0.1/38443] INFO  ozone.MiniOzoneClusterImpl (MiniOzoneClusterImpl.java:lambda$waitForClusterToBeReady$0(219)) - Nodes are ready. Got 3 of 3 DN Heartbeats.
2022-02-01 13:07:06,581 [Listener at 127.0.0.1/38443] INFO  ozone.MiniOzoneClusterImpl (MiniOzoneClusterImpl.java:lambda$waitForClusterToBeReady$0(222)) - Waiting for cluster to exit safe mode
2022-02-01 13:07:06,581 [Listener at 127.0.0.1/38443] INFO  ozone.MiniOzoneClusterImpl (MiniOzoneClusterImpl.java:lambda$waitForClusterToBeReady$0(224)) - SCM became leader
2022-02-01 13:07:07,581 [Listener at 127.0.0.1/38443] INFO  ozone.MiniOzoneClusterImpl (MiniOzoneClusterImpl.java:lambda$waitForClusterToBeReady$0(219)) - Nodes are ready. Got 3 of 3 DN Heartbeats.
2022-02-01 13:07:07,581 [Listener at 127.0.0.1/38443] INFO  ozone.MiniOzoneClusterImpl (MiniOzoneClusterImpl.java:lambda$waitForClusterToBeReady$0(222)) - Waiting for cluster to exit safe mode
2022-02-01 13:07:07,581 [Listener at 127.0.0.1/38443] INFO  ozone.MiniOzoneClusterImpl (MiniOzoneClusterImpl.java:lambda$waitForClusterToBeReady$0(224)) - SCM became leader
2022-02-01 13:07:08,582 [Listener at 127.0.0.1/38443] INFO  ozone.MiniOzoneClusterImpl (MiniOzoneClusterImpl.java:lambda$waitForClusterToBeReady$0(219)) - Nodes are ready. Got 3 of 3 DN Heartbeats.
2022-02-01 13:07:08,582 [Listener at 127.0.0.1/38443] INFO  ozone.MiniOzoneClusterImpl (MiniOzoneClusterImpl.java:lambda$waitForClusterToBeReady$0(222)) - Waiting for cluster to exit safe mode
2022-02-01 13:07:08,582 [Listener at 127.0.0.1/38443] INFO  ozone.MiniOzoneClusterImpl (MiniOzoneClusterImpl.java:lambda$waitForClusterToBeReady$0(224)) - SCM became leader
2022-02-01 13:07:09,551 [49be740d-43e0-4e70-9568-226dcd84f562@group-58CBC3DC2A46-FollowerState] INFO  impl.FollowerState (FollowerState.java:run(134)) - 49be740d-43e0-4e70-9568-226dcd84f562@group-58CBC3DC2A46-FollowerState: change to CANDIDATE, lastRpcElapsedTime:5073616706ns, electionTimeout:5073ms
2022-02-01 13:07:09,551 [49be740d-43e0-4e70-9568-226dcd84f562@group-58CBC3DC2A46-FollowerState] INFO  impl.RoleInfo (RoleInfo.java:shutdownFollowerState(108)) - 49be740d-43e0-4e70-9568-226dcd84f562: shutdown 49be740d-43e0-4e70-9568-226dcd84f562@group-58CBC3DC2A46-FollowerState
2022-02-01 13:07:09,551 [49be740d-43e0-4e70-9568-226dcd84f562@group-58CBC3DC2A46-FollowerState] INFO  server.RaftServer$Division (RaftServerImpl.java:setRole(290)) - 49be740d-43e0-4e70-9568-226dcd84f562@group-58CBC3DC2A46: changes role from  FOLLOWER to CANDIDATE at term 12 for changeToCandidate
2022-02-01 13:07:09,551 [49be740d-43e0-4e70-9568-226dcd84f562@group-58CBC3DC2A46-FollowerState] INFO  server.RaftServerConfigKeys (ConfUtils.java:logGet(44)) - raft.server.leaderelection.pre-vote = false (custom)
2022-02-01 13:07:09,551 [49be740d-43e0-4e70-9568-226dcd84f562@group-58CBC3DC2A46-FollowerState] INFO  impl.RoleInfo (RoleInfo.java:updateAndGet(130)) - 49be740d-43e0-4e70-9568-226dcd84f562: start 49be740d-43e0-4e70-9568-226dcd84f562@group-58CBC3DC2A46-LeaderElection40
2022-02-01 13:07:09,562 [49be740d-43e0-4e70-9568-226dcd84f562@group-58CBC3DC2A46-LeaderElection40] INFO  impl.LeaderElection (LeaderElection.java:askForVotes(306)) - 49be740d-43e0-4e70-9568-226dcd84f562@group-58CBC3DC2A46-LeaderElection40 ELECTION round 0: submit vote requests at term 13 for -1: [fdc21d65-1155-4ddf-a802-c6738f3821ca|rpc:10.1.0.40:44045|dataStream:|priority:0, 0a485a2f-0ff7-4195-9566-1226e5634ef5|rpc:10.1.0.40:41187|dataStream:|priority:0, 49be740d-43e0-4e70-9568-226dcd84f562|rpc:10.1.0.40:44177|dataStream:|priority:1], old=null
2022-02-01 13:07:09,580 [grpc-default-executor-0] INFO  server.RaftServer$Division (RaftServerImpl.java:requestVote(1046)) - fdc21d65-1155-4ddf-a802-c6738f3821ca@group-58CBC3DC2A46: receive requestVote(ELECTION, 49be740d-43e0-4e70-9568-226dcd84f562, group-58CBC3DC2A46, 13, (t:0, i:0))
2022-02-01 13:07:09,580 [grpc-default-executor-0] INFO  impl.VoteContext (VoteContext.java:log(48)) - fdc21d65-1155-4ddf-a802-c6738f3821ca@group-58CBC3DC2A46-FOLLOWER: accept ELECTION from 49be740d-43e0-4e70-9568-226dcd84f562: our priority 0 <= candidate's priority 1
2022-02-01 13:07:09,580 [grpc-default-executor-0] INFO  server.RaftServer$Division (RaftServerImpl.java:setRole(290)) - fdc21d65-1155-4ddf-a802-c6738f3821ca@group-58CBC3DC2A46: changes role from  FOLLOWER to FOLLOWER at term 13 for candidate:49be740d-43e0-4e70-9568-226dcd84f562
2022-02-01 13:07:09,580 [grpc-default-executor-0] INFO  impl.RoleInfo (RoleInfo.java:shutdownFollowerState(108)) - fdc21d65-1155-4ddf-a802-c6738f3821ca: shutdown fdc21d65-1155-4ddf-a802-c6738f3821ca@group-58CBC3DC2A46-FollowerState
2022-02-01 13:07:09,580 [grpc-default-executor-0] INFO  impl.RoleInfo (RoleInfo.java:updateAndGet(130)) - fdc21d65-1155-4ddf-a802-c6738f3821ca: start fdc21d65-1155-4ddf-a802-c6738f3821ca@group-58CBC3DC2A46-FollowerState
2022-02-01 13:07:09,580 [fdc21d65-1155-4ddf-a802-c6738f3821ca@group-58CBC3DC2A46-FollowerState] INFO  impl.FollowerState (FollowerState.java:run(143)) - fdc21d65-1155-4ddf-a802-c6738f3821ca@group-58CBC3DC2A46-FollowerState was interrupted: {}
java.lang.InterruptedException: sleep interrupted
	at java.lang.Thread.sleep(Native Method)
	at java.lang.Thread.sleep(Thread.java:340)
	at java.util.concurrent.TimeUnit.sleep(TimeUnit.java:386)
	at org.apache.ratis.util.TimeDuration.sleep(TimeDuration.java:324)
	at org.apache.ratis.util.TimeDuration.sleep(TimeDuration.java:309)
	at org.apache.ratis.server.impl.FollowerState.run(FollowerState.java:118)
2022-02-01 13:07:09,586 [0a485a2f-0ff7-4195-9566-1226e5634ef5@group-58CBC3DC2A46-FollowerState] INFO  impl.FollowerState (FollowerState.java:run(134)) - 0a485a2f-0ff7-4195-9566-1226e5634ef5@group-58CBC3DC2A46-FollowerState: change to CANDIDATE, lastRpcElapsedTime:5113606239ns, electionTimeout:5085ms
2022-02-01 13:07:09,588 [0a485a2f-0ff7-4195-9566-1226e5634ef5@group-58CBC3DC2A46-FollowerState] INFO  impl.RoleInfo (RoleInfo.java:shutdownFollowerState(108)) - 0a485a2f-0ff7-4195-9566-1226e5634ef5: shutdown 0a485a2f-0ff7-4195-9566-1226e5634ef5@group-58CBC3DC2A46-FollowerState
2022-02-01 13:07:09,588 [0a485a2f-0ff7-4195-9566-1226e5634ef5@group-58CBC3DC2A46-FollowerState] INFO  server.RaftServer$Division (RaftServerImpl.java:setRole(290)) - 0a485a2f-0ff7-4195-9566-1226e5634ef5@group-58CBC3DC2A46: changes role from  FOLLOWER to CANDIDATE at term 12 for changeToCandidate
2022-02-01 13:07:09,589 [0a485a2f-0ff7-4195-9566-1226e5634ef5@group-58CBC3DC2A46-FollowerState] INFO  server.RaftServerConfigKeys (ConfUtils.java:logGet(44)) - raft.server.leaderelection.pre-vote = false (custom)
2022-02-01 13:07:09,589 [0a485a2f-0ff7-4195-9566-1226e5634ef5@group-58CBC3DC2A46-FollowerState] INFO  impl.RoleInfo (RoleInfo.java:updateAndGet(130)) - 0a485a2f-0ff7-4195-9566-1226e5634ef5: start 0a485a2f-0ff7-4195-9566-1226e5634ef5@group-58CBC3DC2A46-LeaderElection41
2022-02-01 13:07:09,581 [grpc-default-executor-0] INFO  server.RaftServer$Division (RaftServerImpl.java:requestVote(1078)) - fdc21d65-1155-4ddf-a802-c6738f3821ca@group-58CBC3DC2A46 replies to ELECTION vote request: 49be740d-43e0-4e70-9568-226dcd84f562<-fdc21d65-1155-4ddf-a802-c6738f3821ca#0:OK-t13. Peer's state: fdc21d65-1155-4ddf-a802-c6738f3821ca@group-58CBC3DC2A46:t13, leader=null, voted=49be740d-43e0-4e70-9568-226dcd84f562, raftlog=fdc21d65-1155-4ddf-a802-c6738f3821ca@group-58CBC3DC2A46-SegmentedRaftLog:OPENED:c-1, conf=-1: [fdc21d65-1155-4ddf-a802-c6738f3821ca|rpc:10.1.0.40:44045|priority:0, 0a485a2f-0ff7-4195-9566-1226e5634ef5|rpc:10.1.0.40:41187|priority:0, 49be740d-43e0-4e70-9568-226dcd84f562|rpc:10.1.0.40:44177|priority:1], old=null
2022-02-01 13:07:09,589 [grpc-default-executor-1] INFO  server.RaftServer$Division (RaftServerImpl.java:requestVote(1046)) - 0a485a2f-0ff7-4195-9566-1226e5634ef5@group-58CBC3DC2A46: receive requestVote(ELECTION, 49be740d-43e0-4e70-9568-226dcd84f562, group-58CBC3DC2A46, 13, (t:0, i:0))
2022-02-01 13:07:09,589 [grpc-default-executor-1] INFO  impl.VoteContext (VoteContext.java:log(48)) - 0a485a2f-0ff7-4195-9566-1226e5634ef5@group-58CBC3DC2A46-CANDIDATE: accept ELECTION from 49be740d-43e0-4e70-9568-226dcd84f562: our priority 0 <= candidate's priority 1
2022-02-01 13:07:09,589 [grpc-default-executor-1] INFO  server.RaftServer$Division (RaftServerImpl.java:setRole(290)) - 0a485a2f-0ff7-4195-9566-1226e5634ef5@group-58CBC3DC2A46: changes role from CANDIDATE to FOLLOWER at term 13 for candidate:49be740d-43e0-4e70-9568-226dcd84f562
2022-02-01 13:07:09,589 [grpc-default-executor-1] INFO  impl.RoleInfo (RoleInfo.java:shutdownLeaderElection(121)) - 0a485a2f-0ff7-4195-9566-1226e5634ef5: shutdown 0a485a2f-0ff7-4195-9566-1226e5634ef5@group-58CBC3DC2A46-LeaderElection41
2022-02-01 13:07:09,589 [grpc-default-executor-1] INFO  impl.RoleInfo (RoleInfo.java:updateAndGet(130)) - 0a485a2f-0ff7-4195-9566-1226e5634ef5: start 0a485a2f-0ff7-4195-9566-1226e5634ef5@group-58CBC3DC2A46-FollowerState
2022-02-01 13:07:09,590 [0a485a2f-0ff7-4195-9566-1226e5634ef5@group-58CBC3DC2A46-LeaderElection41] INFO  impl.LeaderElection (LeaderElection.java:run(230)) - 0a485a2f-0ff7-4195-9566-1226e5634ef5@group-58CBC3DC2A46-LeaderElection41: skip running since this is already CLOSING
2022-02-01 13:07:09,590 [Listener at 127.0.0.1/38443] INFO  ozone.MiniOzoneClusterImpl (MiniOzoneClusterImpl.java:lambda$waitForClusterToBeReady$0(219)) - Nodes are ready. Got 3 of 3 DN Heartbeats.
2022-02-01 13:07:09,596 [Listener at 127.0.0.1/38443] INFO  ozone.MiniOzoneClusterImpl (MiniOzoneClusterImpl.java:lambda$waitForClusterToBeReady$0(222)) - Waiting for cluster to exit safe mode
2022-02-01 13:07:09,596 [Listener at 127.0.0.1/38443] INFO  ozone.MiniOzoneClusterImpl (MiniOzoneClusterImpl.java:lambda$waitForClusterToBeReady$0(224)) - SCM became leader
2022-02-01 13:07:09,596 [49be740d-43e0-4e70-9568-226dcd84f562@group-58CBC3DC2A46-LeaderElection40] INFO  impl.LeaderElection (LeaderElection.java:logAndReturn(89)) - 49be740d-43e0-4e70-9568-226dcd84f562@group-58CBC3DC2A46-LeaderElection40: ELECTION PASSED received 1 response(s) and 0 exception(s):
2022-02-01 13:07:09,596 [49be740d-43e0-4e70-9568-226dcd84f562@group-58CBC3DC2A46-LeaderElection40] INFO  impl.LeaderElection (LeaderElection.java:logAndReturn(93)) -   Response 0: 49be740d-43e0-4e70-9568-226dcd84f562<-fdc21d65-1155-4ddf-a802-c6738f3821ca#0:OK-t13
2022-02-01 13:07:09,596 [49be740d-43e0-4e70-9568-226dcd84f562@group-58CBC3DC2A46-LeaderElection40] INFO  impl.LeaderElection (LeaderElection.java:askForVotes(308)) - 49be740d-43e0-4e70-9568-226dcd84f562@group-58CBC3DC2A46-LeaderElection40 ELECTION round 0: result PASSED
2022-02-01 13:07:09,596 [49be740d-43e0-4e70-9568-226dcd84f562@group-58CBC3DC2A46-LeaderElection40] INFO  impl.RoleInfo (RoleInfo.java:shutdownLeaderElection(121)) - 49be740d-43e0-4e70-9568-226dcd84f562: shutdown 49be740d-43e0-4e70-9568-226dcd84f562@group-58CBC3DC2A46-LeaderElection40
2022-02-01 13:07:09,596 [49be740d-43e0-4e70-9568-226dcd84f562@group-58CBC3DC2A46-LeaderElection40] INFO  server.RaftServer$Division (RaftServerImpl.java:setRole(290)) - 49be740d-43e0-4e70-9568-226dcd84f562@group-58CBC3DC2A46: changes role from CANDIDATE to LEADER at term 13 for changeToLeader
2022-02-01 13:07:09,596 [49be740d-43e0-4e70-9568-226dcd84f562@group-58CBC3DC2A46-LeaderElection40] INFO  ratis.XceiverServerRatis (XceiverServerRatis.java:handleLeaderChangedNotification(866)) - Leader change notification received for group: group-58CBC3DC2A46 with new leaderId: 49be740d-43e0-4e70-9568-226dcd84f562
2022-02-01 13:07:09,597 [49be740d-43e0-4e70-9568-226dcd84f562@group-58CBC3DC2A46-LeaderElection40] INFO  server.RaftServer$Division (ServerState.java:setLeader(285)) - 49be740d-43e0-4e70-9568-226dcd84f562@group-58CBC3DC2A46: change Leader from null to 49be740d-43e0-4e70-9568-226dcd84f562 at term 13 for becomeLeader, leader elected after 66593ms
2022-02-01 13:07:09,597 [49be740d-43e0-4e70-9568-226dcd84f562@group-58CBC3DC2A46-LeaderElection40] INFO  server.RaftServerConfigKeys (ConfUtils.java:logGet(44)) - raft.server.staging.catchup.gap = 1000 (default)
2022-02-01 13:07:09,597 [49be740d-43e0-4e70-9568-226dcd84f562@group-58CBC3DC2A46-LeaderElection40] INFO  server.RaftServerConfigKeys (ConfUtils.java:logGet(44)) - raft.server.write.element-limit = 1024 (custom)
2022-02-01 13:07:09,597 [49be740d-43e0-4e70-9568-226dcd84f562@group-58CBC3DC2A46-LeaderElection40] INFO  server.RaftServerConfigKeys (ConfUtils.java:logGet(44)) - raft.server.write.byte-limit = 1024 M (=1073741824) (custom)
2022-02-01 13:07:09,597 [49be740d-43e0-4e70-9568-226dcd84f562@group-58CBC3DC2A46-LeaderElection40] INFO  server.RaftServerConfigKeys (ConfUtils.java:logGet(44)) - raft.server.watch.timeout = 180s (custom)
2022-02-01 13:07:09,597 [49be740d-43e0-4e70-9568-226dcd84f562@group-58CBC3DC2A46-LeaderElection40] INFO  server.RaftServerConfigKeys (ConfUtils.java:logGet(44)) - raft.server.watch.timeout.denomination = 1s (default)
2022-02-01 13:07:09,597 [49be740d-43e0-4e70-9568-226dcd84f562@group-58CBC3DC2A46-LeaderElection40] INFO  server.RaftServerConfigKeys (ConfUtils.java:logGet(44)) - raft.server.watch.element-limit = 65536 (default)
2022-02-01 13:07:09,597 [49be740d-43e0-4e70-9568-226dcd84f562@group-58CBC3DC2A46-LeaderElection40] INFO  server.RaftServerConfigKeys (ConfUtils.java:logGet(44)) - raft.server.write.element-limit = 1024 (custom)
2022-02-01 13:07:09,597 [49be740d-43e0-4e70-9568-226dcd84f562@group-58CBC3DC2A46-LeaderElection40] INFO  server.RaftServerConfigKeys (ConfUtils.java:logGet(44)) - raft.server.write.follower.gap.ratio.max = -1.0 (default)
2022-02-01 13:07:09,598 [49be740d-43e0-4e70-9568-226dcd84f562@group-58CBC3DC2A46-LeaderElection40] INFO  server.RaftServerConfigKeys (ConfUtils.java:logGet(44)) - raft.server.log.appender.snapshot.chunk.size.max = 16MB (=16777216) (default)
2022-02-01 13:07:09,598 [49be740d-43e0-4e70-9568-226dcd84f562@group-58CBC3DC2A46-LeaderElection40] INFO  server.RaftServerConfigKeys (ConfUtils.java:logGet(44)) - raft.server.log.appender.buffer.byte-limit = 33554432 (custom)
2022-02-01 13:07:09,598 [49be740d-43e0-4e70-9568-226dcd84f562@group-58CBC3DC2A46-LeaderElection40] INFO  server.RaftServerConfigKeys (ConfUtils.java:logGet(44)) - raft.server.log.appender.buffer.element-limit = 1 (custom)
2022-02-01 13:07:09,598 [EventQueue-PipelineReportForPipelineReportHandler] INFO  pipeline.PipelineManagerImpl (PipelineManagerImpl.java:openPipeline(291)) - Pipeline Pipeline[ Id: 386d006c-0949-4f14-bb63-58cbc3dc2a46, Nodes: 0a485a2f-0ff7-4195-9566-1226e5634ef5{ip: 10.1.0.40, host: fv-az59-591.csjynl4pkq3e1pkirw3ssqjfoh.cx.internal.cloudapp.net, ports: [REPLICATION=46781, RATIS=41187, RATIS_ADMIN=41187, RATIS_SERVER=41187, STANDALONE=34617], networkLocation: /default-rack, certSerialId: null, persistedOpState: IN_SERVICE, persistedOpStateExpiryEpochSec: 0}fdc21d65-1155-4ddf-a802-c6738f3821ca{ip: 10.1.0.40, host: fv-az59-591.csjynl4pkq3e1pkirw3ssqjfoh.cx.internal.cloudapp.net, ports: [REPLICATION=39437, RATIS=44045, RATIS_ADMIN=44045, RATIS_SERVER=44045, STANDALONE=36627], networkLocation: /default-rack, certSerialId: null, persistedOpState: IN_SERVICE, persistedOpStateExpiryEpochSec: 0}49be740d-43e0-4e70-9568-226dcd84f562{ip: 10.1.0.40, host: fv-az59-591.csjynl4pkq3e1pkirw3ssqjfoh.cx.internal.cloudapp.net, ports: [REPLICATION=37545, RATIS=44177, RATIS_ADMIN=44177, RATIS_SERVER=44177, STANDALONE=38861], networkLocation: /default-rack, certSerialId: null, persistedOpState: IN_SERVICE, persistedOpStateExpiryEpochSec: 0}, ReplicationConfig: RATIS/THREE, State:ALLOCATED, leaderId:49be740d-43e0-4e70-9568-226dcd84f562, CreationTimestamp2022-02-01T13:06:00.640Z[Etc/UTC]] moved to OPEN state
2022-02-01 13:07:09,602 [EventQueue-OpenPipelineForHealthyPipelineSafeModeRule] INFO  safemode.SCMSafeModeManager (HealthyPipelineSafeModeRule.java:process(124)) - SCM in safe mode. Healthy pipelines reported count is 0, required healthy pipeline reported count is 1
2022-02-01 13:07:09,602 [49be740d-43e0-4e70-9568-226dcd84f562@group-58CBC3DC2A46-LeaderElection40] INFO  grpc.GrpcConfigKeys (ConfUtils.java:logGet(44)) - raft.grpc.server.leader.outstanding.appends.max = 128 (default)
2022-02-01 13:07:09,617 [49be740d-43e0-4e70-9568-226dcd84f562@group-58CBC3DC2A46-LeaderElection40] INFO  server.RaftServerConfigKeys (ConfUtils.java:logGet(44)) - raft.server.rpc.request.timeout = 60s (custom)
2022-02-01 13:07:09,617 [49be740d-43e0-4e70-9568-226dcd84f562@group-58CBC3DC2A46-LeaderElection40] INFO  server.RaftServerConfigKeys (ConfUtils.java:logGet(44)) - raft.server.log.appender.install.snapshot.enabled = false (custom)
2022-02-01 13:07:09,617 [grpc-default-executor-1] INFO  server.RaftServer$Division (RaftServerImpl.java:requestVote(1078)) - 0a485a2f-0ff7-4195-9566-1226e5634ef5@group-58CBC3DC2A46 replies to ELECTION vote request: 49be740d-43e0-4e70-9568-226dcd84f562<-0a485a2f-0ff7-4195-9566-1226e5634ef5#0:OK-t13. Peer's state: 0a485a2f-0ff7-4195-9566-1226e5634ef5@group-58CBC3DC2A46:t13, leader=null, voted=49be740d-43e0-4e70-9568-226dcd84f562, raftlog=0a485a2f-0ff7-4195-9566-1226e5634ef5@group-58CBC3DC2A46-SegmentedRaftLog:OPENED:c-1, conf=-1: [fdc21d65-1155-4ddf-a802-c6738f3821ca|rpc:10.1.0.40:44045|dataStream:|priority:0, 0a485a2f-0ff7-4195-9566-1226e5634ef5|rpc:10.1.0.40:41187|dataStream:|priority:0, 49be740d-43e0-4e70-9568-226dcd84f562|rpc:10.1.0.40:44177|dataStream:|priority:1], old=null
2022-02-01 13:07:09,618 [49be740d-43e0-4e70-9568-226dcd84f562@group-58CBC3DC2A46-LeaderElection40] INFO  server.RaftServerConfigKeys (ConfUtils.java:logGet(44)) - raft.server.log.appender.snapshot.chunk.size.max = 16MB (=16777216) (default)
2022-02-01 13:07:09,618 [49be740d-43e0-4e70-9568-226dcd84f562@group-58CBC3DC2A46-LeaderElection40] INFO  server.RaftServerConfigKeys (ConfUtils.java:logGet(44)) - raft.server.log.appender.buffer.byte-limit = 33554432 (custom)
2022-02-01 13:07:09,618 [49be740d-43e0-4e70-9568-226dcd84f562@group-58CBC3DC2A46-LeaderElection40] INFO  server.RaftServerConfigKeys (ConfUtils.java:logGet(44)) - raft.server.log.appender.buffer.element-limit = 1 (custom)
2022-02-01 13:07:09,618 [49be740d-43e0-4e70-9568-226dcd84f562@group-58CBC3DC2A46-LeaderElection40] INFO  grpc.GrpcConfigKeys (ConfUtils.java:logGet(44)) - raft.grpc.server.leader.outstanding.appends.max = 128 (default)
2022-02-01 13:07:09,618 [49be740d-43e0-4e70-9568-226dcd84f562@group-58CBC3DC2A46-LeaderElection40] INFO  server.RaftServerConfigKeys (ConfUtils.java:logGet(44)) - raft.server.rpc.request.timeout = 60s (custom)
2022-02-01 13:07:09,618 [49be740d-43e0-4e70-9568-226dcd84f562@group-58CBC3DC2A46-LeaderElection40] INFO  server.RaftServerConfigKeys (ConfUtils.java:logGet(44)) - raft.server.log.appender.install.snapshot.enabled = false (custom)
2022-02-01 13:07:09,619 [49be740d-43e0-4e70-9568-226dcd84f562@group-58CBC3DC2A46-LeaderElection40] INFO  impl.RoleInfo (RoleInfo.java:updateAndGet(130)) - 49be740d-43e0-4e70-9568-226dcd84f562: start 49be740d-43e0-4e70-9568-226dcd84f562@group-58CBC3DC2A46-LeaderStateImpl
2022-02-01 13:07:09,619 [49be740d-43e0-4e70-9568-226dcd84f562@group-58CBC3DC2A46-LeaderElection40] INFO  segmented.SegmentedRaftLogWorker (SegmentedRaftLogWorker.java:startLogSegment(394)) - 49be740d-43e0-4e70-9568-226dcd84f562@group-58CBC3DC2A46-SegmentedRaftLogWorker: Starting segment from index:0
2022-02-01 13:07:09,621 [49be740d-43e0-4e70-9568-226dcd84f562@group-58CBC3DC2A46-SegmentedRaftLogWorker] INFO  segmented.SegmentedRaftLogWorker (SegmentedRaftLogWorker.java:execute(601)) - 49be740d-43e0-4e70-9568-226dcd84f562@group-58CBC3DC2A46-SegmentedRaftLogWorker: created new log segment /home/runner/work/ozone/ozone/hadoop-ozone/integration-test/target/test-dir/MiniOzoneClusterImpl-8a3c48c2-e56b-48f6-9d69-6421286ed0f4/datanode-2/data/ratis/386d006c-0949-4f14-bb63-58cbc3dc2a46/current/log_inprogress_0
2022-02-01 13:07:09,623 [grpc-default-executor-0] INFO  ratis.XceiverServerRatis (XceiverServerRatis.java:handleLeaderChangedNotification(866)) - Leader change notification received for group: group-58CBC3DC2A46 with new leaderId: 49be740d-43e0-4e70-9568-226dcd84f562
2022-02-01 13:07:09,648 [grpc-default-executor-0] INFO  server.RaftServer$Division (ServerState.java:setLeader(285)) - 0a485a2f-0ff7-4195-9566-1226e5634ef5@group-58CBC3DC2A46: change Leader from null to 49be740d-43e0-4e70-9568-226dcd84f562 at term 13 for appendEntries, leader elected after 66776ms
2022-02-01 13:07:09,656 [grpc-default-executor-0] INFO  server.RaftServer$Division (ServerState.java:setRaftConf(387)) - 0a485a2f-0ff7-4195-9566-1226e5634ef5@group-58CBC3DC2A46: set configuration 0: [fdc21d65-1155-4ddf-a802-c6738f3821ca|rpc:10.1.0.40:44045|dataStream:|priority:0, 0a485a2f-0ff7-4195-9566-1226e5634ef5|rpc:10.1.0.40:41187|dataStream:|priority:0, 49be740d-43e0-4e70-9568-226dcd84f562|rpc:10.1.0.40:44177|dataStream:|priority:1], old=null
2022-02-01 13:07:09,656 [grpc-default-executor-0] INFO  segmented.SegmentedRaftLogWorker (SegmentedRaftLogWorker.java:startLogSegment(394)) - 0a485a2f-0ff7-4195-9566-1226e5634ef5@group-58CBC3DC2A46-SegmentedRaftLogWorker: Starting segment from index:0
2022-02-01 13:07:09,657 [0a485a2f-0ff7-4195-9566-1226e5634ef5@group-58CBC3DC2A46-SegmentedRaftLogWorker] INFO  segmented.SegmentedRaftLogWorker (SegmentedRaftLogWorker.java:execute(601)) - 0a485a2f-0ff7-4195-9566-1226e5634ef5@group-58CBC3DC2A46-SegmentedRaftLogWorker: created new log segment /home/runner/work/ozone/ozone/hadoop-ozone/integration-test/target/test-dir/MiniOzoneClusterImpl-8a3c48c2-e56b-48f6-9d69-6421286ed0f4/datanode-1/data/ratis/386d006c-0949-4f14-bb63-58cbc3dc2a46/current/log_inprogress_0
2022-02-01 13:07:09,665 [49be740d-43e0-4e70-9568-226dcd84f562@group-58CBC3DC2A46-LeaderElection40] INFO  server.RaftServer$Division (ServerState.java:setRaftConf(387)) - 49be740d-43e0-4e70-9568-226dcd84f562@group-58CBC3DC2A46: set configuration 0: [fdc21d65-1155-4ddf-a802-c6738f3821ca|rpc:10.1.0.40:44045|dataStream:|priority:0, 0a485a2f-0ff7-4195-9566-1226e5634ef5|rpc:10.1.0.40:41187|dataStream:|priority:0, 49be740d-43e0-4e70-9568-226dcd84f562|rpc:10.1.0.40:44177|dataStream:|priority:1], old=null
2022-02-01 13:07:09,666 [fe9b1876-1226-442e-bf61-922c3b3b04e7@group-6421286ED0F4-StateMachineUpdater] INFO  safemode.HealthyPipelineSafeModeRule (HealthyPipelineSafeModeRule.java:initializeRule(152)) - Refreshed total pipeline count is 1, healthy pipeline threshold count is 1
2022-02-01 13:07:09,667 [EventQueue-PipelineReportForPipelineReportHandler] INFO  ha.SCMHAInvocationHandler (SCMHAInvocationHandler.java:invokeRatis(113)) - Invoking method public abstract void org.apache.hadoop.hdds.scm.pipeline.PipelineStateManager.updatePipelineState(org.apache.hadoop.hdds.protocol.proto.HddsProtos$PipelineID,org.apache.hadoop.hdds.protocol.proto.HddsProtos$PipelineState) throws java.io.IOException on target org.apache.hadoop.hdds.scm.ha.SCMRatisServerImpl@7e771a3d, cost 68731.343us
2022-02-01 13:07:09,667 [EventQueue-OpenPipelineForHealthyPipelineSafeModeRule] INFO  safemode.SCMSafeModeManager (HealthyPipelineSafeModeRule.java:process(124)) - SCM in safe mode. Healthy pipelines reported count is 1, required healthy pipeline reported count is 1
2022-02-01 13:07:09,667 [EventQueue-OpenPipelineForHealthyPipelineSafeModeRule] INFO  safemode.SCMSafeModeManager (SCMSafeModeManager.java:validateSafeModeExitRules(204)) - HealthyPipelineSafeModeRule rule is successfully validated
2022-02-01 13:07:09,667 [EventQueue-OpenPipelineForHealthyPipelineSafeModeRule] INFO  safemode.SCMSafeModeManager (SCMSafeModeManager.java:validateSafeModeExitRules(219)) - ScmSafeModeManager, all rules are successfully validated
2022-02-01 13:07:09,667 [EventQueue-OpenPipelineForHealthyPipelineSafeModeRule] INFO  safemode.SCMSafeModeManager (SCMSafeModeManager.java:exitSafeMode(248)) - SCM exiting safe mode.
2022-02-01 13:07:09,667 [EventQueue-OpenPipelineForHealthyPipelineSafeModeRule] WARN  events.EventQueue (EventQueue.java:fireEvent(194)) - No event handler registered for event TypedEvent{payloadType=SafeModeStatus, name='Safe mode status'}
2022-02-01 13:07:09,667 [EventQueue-OpenPipelineForHealthyPipelineSafeModeRule] INFO  ha.SCMContext (SCMContext.java:updateSafeModeStatus(211)) - Update SafeModeStatus from SafeModeStatus{safeModeStatus=true, preCheckPassed=true} to SafeModeStatus{safeModeStatus=false, preCheckPassed=true}.
2022-02-01 13:07:09,667 [EventQueue-OpenPipelineForHealthyPipelineSafeModeRule] INFO  container.ReplicationManager (ReplicationManager.java:notifyStatusChanged(1807)) - Service ReplicationManager transitions to RUNNING.
2022-02-01 13:07:09,700 [grpc-default-executor-0] INFO  ratis.XceiverServerRatis (XceiverServerRatis.java:handleLeaderChangedNotification(866)) - Leader change notification received for group: group-58CBC3DC2A46 with new leaderId: 49be740d-43e0-4e70-9568-226dcd84f562
2022-02-01 13:07:09,700 [grpc-default-executor-0] INFO  server.RaftServer$Division (ServerState.java:setLeader(285)) - fdc21d65-1155-4ddf-a802-c6738f3821ca@group-58CBC3DC2A46: change Leader from null to 49be740d-43e0-4e70-9568-226dcd84f562 at term 13 for appendEntries, leader elected after 66926ms
2022-02-01 13:07:09,711 [grpc-default-executor-0] INFO  server.RaftServer$Division (ServerState.java:setRaftConf(387)) - fdc21d65-1155-4ddf-a802-c6738f3821ca@group-58CBC3DC2A46: set configuration 0: [fdc21d65-1155-4ddf-a802-c6738f3821ca|rpc:10.1.0.40:44045|dataStream:|priority:0, 0a485a2f-0ff7-4195-9566-1226e5634ef5|rpc:10.1.0.40:41187|dataStream:|priority:0, 49be740d-43e0-4e70-9568-226dcd84f562|rpc:10.1.0.40:44177|dataStream:|priority:1], old=null
2022-02-01 13:07:09,711 [grpc-default-executor-0] INFO  segmented.SegmentedRaftLogWorker (SegmentedRaftLogWorker.java:startLogSegment(394)) - fdc21d65-1155-4ddf-a802-c6738f3821ca@group-58CBC3DC2A46-SegmentedRaftLogWorker: Starting segment from index:0
2022-02-01 13:07:09,726 [fdc21d65-1155-4ddf-a802-c6738f3821ca@group-58CBC3DC2A46-SegmentedRaftLogWorker] INFO  segmented.SegmentedRaftLogWorker (SegmentedRaftLogWorker.java:execute(601)) - fdc21d65-1155-4ddf-a802-c6738f3821ca@group-58CBC3DC2A46-SegmentedRaftLogWorker: created new log segment /home/runner/work/ozone/ozone/hadoop-ozone/integration-test/target/test-dir/MiniOzoneClusterImpl-8a3c48c2-e56b-48f6-9d69-6421286ed0f4/datanode-0/data/ratis/386d006c-0949-4f14-bb63-58cbc3dc2a46/current/log_inprogress_0
2022-02-01 13:07:10,596 [Listener at 127.0.0.1/38443] INFO  ozone.MiniOzoneClusterImpl (MiniOzoneClusterImpl.java:lambda$waitForClusterToBeReady$0(219)) - Nodes are ready. Got 3 of 3 DN Heartbeats.
2022-02-01 13:07:10,596 [Listener at 127.0.0.1/38443] INFO  ozone.MiniOzoneClusterImpl (MiniOzoneClusterImpl.java:lambda$waitForClusterToBeReady$0(222)) - Cluster exits safe mode
2022-02-01 13:07:10,597 [Listener at 127.0.0.1/38443] INFO  ozone.MiniOzoneClusterImpl (MiniOzoneClusterImpl.java:lambda$waitForClusterToBeReady$0(224)) - SCM became leader
2022-02-01 13:07:10,597 [Listener at 127.0.0.1/38443] INFO  server.StorageContainerManager (StorageContainerManager.java:stop(1390)) - Stopping Container Balancer service.
2022-02-01 13:07:10,597 [Listener at 127.0.0.1/38443] INFO  balancer.ContainerBalancer (ContainerBalancer.java:stop(751)) - Container Balancer is not running.
2022-02-01 13:07:10,597 [Listener at 127.0.0.1/38443] INFO  server.StorageContainerManager (StorageContainerManager.java:stop(1397)) - Stopping Replication Manager Service.
2022-02-01 13:07:10,597 [Listener at 127.0.0.1/38443] INFO  container.ReplicationManager (ReplicationManager.java:stop(357)) - Stopping Replication Monitor Thread.
2022-02-01 13:07:10,597 [Listener at 127.0.0.1/38443] INFO  server.StorageContainerManager (StorageContainerManager.java:stop(1404)) - Stopping the Datanode Admin Monitor.
2022-02-01 13:07:10,597 [Listener at 127.0.0.1/38443] INFO  server.StorageContainerManager (StorageContainerManager.java:stop(1411)) - Stopping Lease Manager of the command watchers
2022-02-01 13:07:10,597 [Listener at 127.0.0.1/38443] INFO  server.StorageContainerManager (StorageContainerManager.java:stop(1418)) - Stopping datanode service RPC server
2022-02-01 13:07:10,597 [Listener at 127.0.0.1/38443] INFO  server.SCMDatanodeProtocolServer (SCMDatanodeProtocolServer.java:stop(390)) - Stopping the RPC server for DataNodes
2022-02-01 13:07:10,597 [Listener at 127.0.0.1/38443] INFO  ipc.Server (Server.java:stop(3414)) - Stopping server on 38243
2022-02-01 13:07:10,614 [IPC Server listener on 0] INFO  ipc.Server (Server.java:run(1376)) - Stopping IPC Server listener on 0
2022-02-01 13:07:10,615 [IPC Server Responder] INFO  ipc.Server (Server.java:run(1512)) - Stopping IPC Server Responder
2022-02-01 13:07:10,626 [EndpointStateMachine task thread for /0.0.0.0:38243 - 0 ] WARN  statemachine.EndpointStateMachine (EndpointStateMachine.java:logIfNeeded(236)) - Unable to communicate to SCM server at 0.0.0.0:38243 for past 0 seconds.
java.io.EOFException: End of File Exception between local host is: "fv-az59-591/10.1.0.40"; destination host is: "0.0.0.0":38243; : java.io.EOFException; For more details see:  http://wiki.apache.org/hadoop/EOFException
	at sun.reflect.NativeConstructorAccessorImpl.newInstance0(Native Method)
	at sun.reflect.NativeConstructorAccessorImpl.newInstance(NativeConstructorAccessorImpl.java:62)
	at sun.reflect.DelegatingConstructorAccessorImpl.newInstance(DelegatingConstructorAccessorImpl.java:45)
	at java.lang.reflect.Constructor.newInstance(Constructor.java:423)
	at org.apache.hadoop.net.NetUtils.wrapWithMessage(NetUtils.java:913)
	at org.apache.hadoop.net.NetUtils.wrapException(NetUtils.java:862)
	at org.apache.hadoop.ipc.Client.getRpcResponse(Client.java:1577)
	at org.apache.hadoop.ipc.Client.call(Client.java:1519)
	at org.apache.hadoop.ipc.Client.call(Client.java:1416)
	at org.apache.hadoop.ipc.ProtobufRpcEngine$Invoker.invoke(ProtobufRpcEngine.java:236)
	at org.apache.hadoop.ipc.ProtobufRpcEngine$Invoker.invoke(ProtobufRpcEngine.java:123)
	at com.sun.proxy.$Proxy49.submitRequest(Unknown Source)
	at org.apache.hadoop.ozone.protocolPB.StorageContainerDatanodeProtocolClientSideTranslatorPB.submitRequest(StorageContainerDatanodeProtocolClientSideTranslatorPB.java:117)
	at org.apache.hadoop.ozone.protocolPB.StorageContainerDatanodeProtocolClientSideTranslatorPB.sendHeartbeat(StorageContainerDatanodeProtocolClientSideTranslatorPB.java:149)
	at org.apache.hadoop.ozone.container.common.states.endpoint.HeartbeatEndpointTask.call(HeartbeatEndpointTask.java:179)
	at org.apache.hadoop.ozone.container.common.states.endpoint.HeartbeatEndpointTask.call(HeartbeatEndpointTask.java:82)
	at java.util.concurrent.FutureTask.run(FutureTask.java:266)
	at java.util.concurrent.ThreadPoolExecutor.runWorker(ThreadPoolExecutor.java:1149)
	at java.util.concurrent.ThreadPoolExecutor$Worker.run(ThreadPoolExecutor.java:624)
	at java.lang.Thread.run(Thread.java:748)
Caused by: java.io.EOFException
	at java.io.DataInputStream.readInt(DataInputStream.java:392)
	at org.apache.hadoop.ipc.Client$IpcStreams.readResponse(Client.java:1892)
	at org.apache.hadoop.ipc.Client$Connection.receiveRpcResponse(Client.java:1202)
	at org.apache.hadoop.ipc.Client$Connection.run(Client.java:1098)
2022-02-01 13:07:10,656 [SCM Heartbeat Processing Thread - 0] WARN  node.NodeStateManager (NodeStateManager.java:scheduleNextHealthCheck(799)) - Current Thread is interrupted, shutting down HB processing thread for Node Manager.
2022-02-01 13:07:10,656 [Listener at 127.0.0.1/38443] INFO  server.StorageContainerManager (StorageContainerManager.java:stop(1426)) - Stopping block service RPC server
2022-02-01 13:07:10,656 [Listener at 127.0.0.1/38443] INFO  server.SCMBlockProtocolServer (SCMBlockProtocolServer.java:stop(160)) - Stopping the RPC server for Block Protocol
2022-02-01 13:07:10,656 [Listener at 127.0.0.1/38443] INFO  ipc.Server (Server.java:stop(3414)) - Stopping server on 44303
2022-02-01 13:07:10,658 [Listener at 127.0.0.1/38443] INFO  server.StorageContainerManager (StorageContainerManager.java:stop(1433)) - Stopping the StorageContainerLocationProtocol RPC server
2022-02-01 13:07:10,658 [Listener at 127.0.0.1/38443] INFO  server.SCMClientProtocolServer (SCMClientProtocolServer.java:stop(174)) - Stopping the RPC server for Client Protocol
2022-02-01 13:07:10,658 [Listener at 127.0.0.1/38443] INFO  ipc.Server (Server.java:stop(3414)) - Stopping server on 46647
2022-02-01 13:07:10,658 [IPC Server Responder] INFO  ipc.Server (Server.java:run(1512)) - Stopping IPC Server Responder
2022-02-01 13:07:10,660 [IPC Server listener on 0] INFO  ipc.Server (Server.java:run(1376)) - Stopping IPC Server listener on 0
2022-02-01 13:07:10,666 [Listener at 127.0.0.1/38443] INFO  server.StorageContainerManager (StorageContainerManager.java:stop(1440)) - Stopping Storage Container Manager HTTP server.
2022-02-01 13:07:10,667 [Listener at 127.0.0.1/38443] INFO  handler.ContextHandler (ContextHandler.java:doStop(1153)) - Stopped o.e.j.w.WebAppContext@d5f2fe4{scm,/,null,STOPPED}{file:/home/runner/work/ozone/ozone/hadoop-ozone/integration-test/target/test-classes/webapps/scm}
2022-02-01 13:07:10,667 [IPC Server listener on 0] INFO  ipc.Server (Server.java:run(1376)) - Stopping IPC Server listener on 0
2022-02-01 13:07:10,667 [IPC Server Responder] INFO  ipc.Server (Server.java:run(1512)) - Stopping IPC Server Responder
2022-02-01 13:07:10,669 [Listener at 127.0.0.1/38443] INFO  server.AbstractConnector (AbstractConnector.java:doStop(381)) - Stopped ServerConnector@6f0652b8{HTTP/1.1, (http/1.1)}{0.0.0.0:0}
2022-02-01 13:07:10,669 [Listener at 127.0.0.1/38443] INFO  server.session (HouseKeeper.java:stopScavenging(149)) - node0 Stopped scavenging
2022-02-01 13:07:10,670 [Listener at 127.0.0.1/38443] INFO  handler.ContextHandler (ContextHandler.java:doStop(1153)) - Stopped o.e.j.s.ServletContextHandler@553dc25{static,/static,file:///home/runner/work/ozone/ozone/hadoop-ozone/integration-test/target/test-classes/webapps/static,STOPPED}
2022-02-01 13:07:10,670 [Listener at 127.0.0.1/38443] INFO  handler.ContextHandler (ContextHandler.java:doStop(1153)) - Stopped o.e.j.s.ServletContextHandler@517a04d1{logs,/logs,file:///home/runner/work/ozone/ozone/hadoop-ozone/integration-test/target/log,STOPPED}
2022-02-01 13:07:10,671 [Listener at 127.0.0.1/38443] INFO  server.StorageContainerManager (StorageContainerManager.java:stop(1451)) - Stopping Block Manager Service.
2022-02-01 13:07:10,671 [Listener at 127.0.0.1/38443] INFO  utils.BackgroundService (BackgroundService.java:shutdown(132)) - Shutting down service SCMBlockDeletingService
2022-02-01 13:07:10,671 [Listener at 127.0.0.1/38443] INFO  utils.BackgroundService (BackgroundService.java:shutdown(132)) - Shutting down service SCMBlockDeletingService
2022-02-01 13:07:10,671 [Listener at 127.0.0.1/38443] INFO  server.StorageContainerManager (StorageContainerManager.java:stop(1478)) - Stopping SCM Event Queue.
2022-02-01 13:07:10,673 [Listener at 127.0.0.1/38443] INFO  server.StorageContainerManager (StorageContainerManager.java:stop(1489)) - Stopping SCM HA services.
2022-02-01 13:07:10,673 [Listener at 127.0.0.1/38443] INFO  ha.SCMRatisServerImpl (SCMRatisServerImpl.java:stop(236)) - stopping ratis server 0.0.0.0:9894
2022-02-01 13:07:10,673 [Listener at 127.0.0.1/38443] INFO  server.RaftServer (RaftServerProxy.java:lambda$close$6(391)) - fe9b1876-1226-442e-bf61-922c3b3b04e7: close
2022-02-01 13:07:10,673 [Listener at 127.0.0.1/38443] INFO  server.RaftServer$Division (RaftServerImpl.java:lambda$close$4(412)) - fe9b1876-1226-442e-bf61-922c3b3b04e7@group-6421286ED0F4: shutdown
2022-02-01 13:07:10,673 [Listener at 127.0.0.1/38443] INFO  util.JmxRegister (JmxRegister.java:unregister(73)) - Successfully un-registered JMX Bean with object name Ratis:service=RaftServer,group=group-6421286ED0F4,id=fe9b1876-1226-442e-bf61-922c3b3b04e7
2022-02-01 13:07:10,674 [Listener at 127.0.0.1/38443] INFO  impl.RoleInfo (RoleInfo.java:shutdownLeaderState(91)) - fe9b1876-1226-442e-bf61-922c3b3b04e7: shutdown fe9b1876-1226-442e-bf61-922c3b3b04e7@group-6421286ED0F4-LeaderStateImpl
2022-02-01 13:07:10,674 [Listener at 127.0.0.1/38443] INFO  impl.PendingRequests (PendingRequests.java:sendNotLeaderResponses(282)) - fe9b1876-1226-442e-bf61-922c3b3b04e7@group-6421286ED0F4-PendingRequests: sendNotLeaderResponses
2022-02-01 13:07:10,674 [Listener at 127.0.0.1/38443] INFO  ha.SCMStateMachine (SCMStateMachine.java:notifyNotLeader(190)) - current leader SCM steps down.
2022-02-01 13:07:10,674 [Listener at 127.0.0.1/38443] INFO  ha.SCMContext (SCMContext.java:updateLeaderAndTerm(90)) - update <isLeader,term> from <true,2> to <false,0>
2022-02-01 13:07:10,674 [Listener at 127.0.0.1/38443] INFO  ha.SCMContext (SCMContext.java:updateLeaderAndTerm(97)) - update <isLeaderReady> from <false> to <false>
2022-02-01 13:07:10,698 [Listener at 127.0.0.1/38443] INFO  impl.StateMachineUpdater (StateMachineUpdater.java:stopAndJoin(149)) - fe9b1876-1226-442e-bf61-922c3b3b04e7@group-6421286ED0F4-StateMachineUpdater: set stopIndex = 18
2022-02-01 13:07:10,698 [fe9b1876-1226-442e-bf61-922c3b3b04e7@group-6421286ED0F4-StateMachineUpdater] INFO  ha.SCMStateMachine (SCMStateMachine.java:takeSnapshot(297)) - Current Snapshot Index 18, takeSnapshot took 0 ms
2022-02-01 13:07:10,698 [fe9b1876-1226-442e-bf61-922c3b3b04e7@group-6421286ED0F4-StateMachineUpdater] INFO  impl.StateMachineUpdater (StateMachineUpdater.java:takeSnapshot(281)) - fe9b1876-1226-442e-bf61-922c3b3b04e7@group-6421286ED0F4-StateMachineUpdater: Took a snapshot at index 18
2022-02-01 13:07:10,698 [fe9b1876-1226-442e-bf61-922c3b3b04e7@group-6421286ED0F4-StateMachineUpdater] INFO  impl.StateMachineUpdater (StateMachineUpdater.java:lambda$new$0(89)) - fe9b1876-1226-442e-bf61-922c3b3b04e7@group-6421286ED0F4-StateMachineUpdater: snapshotIndex: updateIncreasingly -1 -> 18
2022-02-01 13:07:10,698 [Listener at 127.0.0.1/38443] INFO  server.RaftServer$Division (ServerState.java:close(419)) - fe9b1876-1226-442e-bf61-922c3b3b04e7@group-6421286ED0F4: closes. applyIndex: 18
2022-02-01 13:07:10,699 [fe9b1876-1226-442e-bf61-922c3b3b04e7@group-6421286ED0F4-SegmentedRaftLogWorker] INFO  segmented.SegmentedRaftLogWorker (SegmentedRaftLogWorker.java:run(327)) - fe9b1876-1226-442e-bf61-922c3b3b04e7@group-6421286ED0F4-SegmentedRaftLogWorker was interrupted, exiting. There are 0 tasks remaining in the queue.
2022-02-01 13:07:10,700 [Listener at 127.0.0.1/38443] INFO  segmented.SegmentedRaftLogWorker (SegmentedRaftLogWorker.java:close(237)) - fe9b1876-1226-442e-bf61-922c3b3b04e7@group-6421286ED0F4-SegmentedRaftLogWorker close()
2022-02-01 13:07:10,700 [Listener at 127.0.0.1/38443] INFO  server.GrpcService (GrpcService.java:closeImpl(262)) - fe9b1876-1226-442e-bf61-922c3b3b04e7: shutdown server with port 9894 now
2022-02-01 13:07:10,706 [Listener at 127.0.0.1/38443] INFO  server.GrpcService (GrpcService.java:closeImpl(271)) - fe9b1876-1226-442e-bf61-922c3b3b04e7: shutdown server with port 9894 successfully
2022-02-01 13:07:10,706 [org.apache.ratis.util.JvmPauseMonitor$$Lambda$431/624767945@2eddb5d4] INFO  util.JvmPauseMonitor (JvmPauseMonitor.java:run(109)) - JvmPauseMonitor-fe9b1876-1226-442e-bf61-922c3b3b04e7: Stopped
2022-02-01 13:07:10,706 [Listener at 127.0.0.1/38443] INFO  pipeline.BackgroundPipelineCreator (BackgroundPipelineCreator.java:stop(158)) - Stopping RatisPipelineUtilsThread.
2022-02-01 13:07:10,707 [Listener at 127.0.0.1/38443] INFO  server.StorageContainerManager (StorageContainerManager.java:stop(1499)) - Stopping SCM MetadataStore.
2022-02-01 13:07:10,708 [Listener at 127.0.0.1/38443] INFO  impl.MetricsSystemImpl (MetricsSystemImpl.java:stop(210)) - Stopping HddsDatanode metrics system...
2022-02-01 13:07:10,724 [prometheus] INFO  impl.MetricsSinkAdapter (MetricsSinkAdapter.java:publishMetricsFromQueue(141)) - prometheus thread interrupted.
2022-02-01 13:07:10,724 [Listener at 127.0.0.1/38443] INFO  impl.MetricsSystemImpl (MetricsSystemImpl.java:stop(216)) - HddsDatanode metrics system stopped.
2022-02-01 13:07:12,217 [EndpointStateMachine task thread for /0.0.0.0:38243 - 0 ] INFO  ipc.Client (Client.java:handleConnectionFailure(977)) - Retrying connect to server: 0.0.0.0/0.0.0.0:38243. Already tried 0 time(s); retry policy is RetryUpToMaximumCountWithFixedSleep(maxRetries=15, sleepTime=1000 MILLISECONDS)
2022-02-01 13:07:13,218 [EndpointStateMachine task thread for /0.0.0.0:38243 - 0 ] INFO  ipc.Client (Client.java:handleConnectionFailure(977)) - Retrying connect to server: 0.0.0.0/0.0.0.0:38243. Already tried 1 time(s); retry policy is RetryUpToMaximumCountWithFixedSleep(maxRetries=15, sleepTime=1000 MILLISECONDS)
2022-02-01 13:07:14,224 [EndpointStateMachine task thread for /0.0.0.0:38243 - 0 ] INFO  ipc.Client (Client.java:handleConnectionFailure(977)) - Retrying connect to server: 0.0.0.0/0.0.0.0:38243. Already tried 2 time(s); retry policy is RetryUpToMaximumCountWithFixedSleep(maxRetries=15, sleepTime=1000 MILLISECONDS)
2022-02-01 13:07:15,225 [EndpointStateMachine task thread for /0.0.0.0:38243 - 0 ] INFO  ipc.Client (Client.java:handleConnectionFailure(977)) - Retrying connect to server: 0.0.0.0/0.0.0.0:38243. Already tried 3 time(s); retry policy is RetryUpToMaximumCountWithFixedSleep(maxRetries=15, sleepTime=1000 MILLISECONDS)
2022-02-01 13:07:15,724 [Listener at 127.0.0.1/38443] INFO  ozoneimpl.OzoneContainer (OzoneContainer.java:stop(336)) - Attempting to stop container services.
2022-02-01 13:07:15,725 [Listener at 127.0.0.1/38443] INFO  server.RaftServer (RaftServerProxy.java:lambda$close$6(391)) - fdc21d65-1155-4ddf-a802-c6738f3821ca: close
2022-02-01 13:07:15,727 [Listener at 127.0.0.1/38443] INFO  server.RaftServer$Division (RaftServerImpl.java:lambda$close$4(412)) - fdc21d65-1155-4ddf-a802-c6738f3821ca@group-2AB9EADC00D4: shutdown
2022-02-01 13:07:15,727 [Listener at 127.0.0.1/38443] INFO  util.JmxRegister (JmxRegister.java:unregister(73)) - Successfully un-registered JMX Bean with object name Ratis:service=RaftServer,group=group-2AB9EADC00D4,id=fdc21d65-1155-4ddf-a802-c6738f3821ca
2022-02-01 13:07:15,727 [Listener at 127.0.0.1/38443] INFO  impl.RoleInfo (RoleInfo.java:shutdownLeaderState(91)) - fdc21d65-1155-4ddf-a802-c6738f3821ca: shutdown fdc21d65-1155-4ddf-a802-c6738f3821ca@group-2AB9EADC00D4-LeaderStateImpl
2022-02-01 13:07:15,728 [Listener at 127.0.0.1/38443] INFO  impl.PendingRequests (PendingRequests.java:sendNotLeaderResponses(282)) - fdc21d65-1155-4ddf-a802-c6738f3821ca@group-2AB9EADC00D4-PendingRequests: sendNotLeaderResponses
2022-02-01 13:07:15,728 [Listener at 127.0.0.1/38443] INFO  impl.StateMachineUpdater (StateMachineUpdater.java:stopAndJoin(149)) - fdc21d65-1155-4ddf-a802-c6738f3821ca@group-2AB9EADC00D4-StateMachineUpdater: set stopIndex = 0
2022-02-01 13:07:15,729 [fdc21d65-1155-4ddf-a802-c6738f3821ca@group-2AB9EADC00D4-StateMachineUpdater] INFO  ratis.ContainerStateMachine (ContainerStateMachine.java:takeSnapshot(299)) - group-2AB9EADC00D4: Taking a snapshot at:(t:1, i:0) file /home/runner/work/ozone/ozone/hadoop-ozone/integration-test/target/test-dir/MiniOzoneClusterImpl-8a3c48c2-e56b-48f6-9d69-6421286ed0f4/datanode-0/data/ratis/4307d533-89b0-4f17-b578-2ab9eadc00d4/sm/snapshot.1_0
2022-02-01 13:07:15,730 [fdc21d65-1155-4ddf-a802-c6738f3821ca@group-2AB9EADC00D4-StateMachineUpdater] INFO  ratis.ContainerStateMachine (ContainerStateMachine.java:takeSnapshot(310)) - group-2AB9EADC00D4: Finished taking a snapshot at:(t:1, i:0) file:/home/runner/work/ozone/ozone/hadoop-ozone/integration-test/target/test-dir/MiniOzoneClusterImpl-8a3c48c2-e56b-48f6-9d69-6421286ed0f4/datanode-0/data/ratis/4307d533-89b0-4f17-b578-2ab9eadc00d4/sm/snapshot.1_0 took: 1 ms
2022-02-01 13:07:15,730 [fdc21d65-1155-4ddf-a802-c6738f3821ca@group-2AB9EADC00D4-StateMachineUpdater] INFO  impl.StateMachineUpdater (StateMachineUpdater.java:takeSnapshot(281)) - fdc21d65-1155-4ddf-a802-c6738f3821ca@group-2AB9EADC00D4-StateMachineUpdater: Took a snapshot at index 0
2022-02-01 13:07:15,730 [fdc21d65-1155-4ddf-a802-c6738f3821ca@group-2AB9EADC00D4-StateMachineUpdater] INFO  impl.StateMachineUpdater (StateMachineUpdater.java:lambda$new$0(89)) - fdc21d65-1155-4ddf-a802-c6738f3821ca@group-2AB9EADC00D4-StateMachineUpdater: snapshotIndex: updateIncreasingly -1 -> 0
2022-02-01 13:07:15,730 [Listener at 127.0.0.1/38443] INFO  server.RaftServer$Division (ServerState.java:close(419)) - fdc21d65-1155-4ddf-a802-c6738f3821ca@group-2AB9EADC00D4: closes. applyIndex: 0
2022-02-01 13:07:15,730 [fdc21d65-1155-4ddf-a802-c6738f3821ca@group-2AB9EADC00D4-SegmentedRaftLogWorker] INFO  segmented.SegmentedRaftLogWorker (SegmentedRaftLogWorker.java:run(327)) - fdc21d65-1155-4ddf-a802-c6738f3821ca@group-2AB9EADC00D4-SegmentedRaftLogWorker was interrupted, exiting. There are 0 tasks remaining in the queue.
2022-02-01 13:07:15,731 [Listener at 127.0.0.1/38443] INFO  segmented.SegmentedRaftLogWorker (SegmentedRaftLogWorker.java:close(237)) - fdc21d65-1155-4ddf-a802-c6738f3821ca@group-2AB9EADC00D4-SegmentedRaftLogWorker close()
2022-02-01 13:07:15,732 [Listener at 127.0.0.1/38443] INFO  server.RaftServer$Division (RaftServerImpl.java:lambda$close$4(412)) - fdc21d65-1155-4ddf-a802-c6738f3821ca@group-58CBC3DC2A46: shutdown
2022-02-01 13:07:15,733 [Listener at 127.0.0.1/38443] INFO  util.JmxRegister (JmxRegister.java:unregister(73)) - Successfully un-registered JMX Bean with object name Ratis:service=RaftServer,group=group-58CBC3DC2A46,id=fdc21d65-1155-4ddf-a802-c6738f3821ca
2022-02-01 13:07:15,733 [Listener at 127.0.0.1/38443] INFO  impl.RoleInfo (RoleInfo.java:shutdownFollowerState(108)) - fdc21d65-1155-4ddf-a802-c6738f3821ca: shutdown fdc21d65-1155-4ddf-a802-c6738f3821ca@group-58CBC3DC2A46-FollowerState
2022-02-01 13:07:15,733 [Listener at 127.0.0.1/38443] INFO  impl.StateMachineUpdater (StateMachineUpdater.java:stopAndJoin(149)) - fdc21d65-1155-4ddf-a802-c6738f3821ca@group-58CBC3DC2A46-StateMachineUpdater: set stopIndex = 0
2022-02-01 13:07:15,733 [fdc21d65-1155-4ddf-a802-c6738f3821ca@group-58CBC3DC2A46-FollowerState] INFO  impl.FollowerState (FollowerState.java:run(143)) - fdc21d65-1155-4ddf-a802-c6738f3821ca@group-58CBC3DC2A46-FollowerState was interrupted: {}
java.lang.InterruptedException: sleep interrupted
	at java.lang.Thread.sleep(Native Method)
	at java.lang.Thread.sleep(Thread.java:340)
	at java.util.concurrent.TimeUnit.sleep(TimeUnit.java:386)
	at org.apache.ratis.util.TimeDuration.sleep(TimeDuration.java:324)
	at org.apache.ratis.util.TimeDuration.sleep(TimeDuration.java:309)
	at org.apache.ratis.server.impl.FollowerState.run(FollowerState.java:118)
2022-02-01 13:07:15,733 [fdc21d65-1155-4ddf-a802-c6738f3821ca@group-58CBC3DC2A46-StateMachineUpdater] INFO  ratis.ContainerStateMachine (ContainerStateMachine.java:takeSnapshot(299)) - group-58CBC3DC2A46: Taking a snapshot at:(t:13, i:0) file /home/runner/work/ozone/ozone/hadoop-ozone/integration-test/target/test-dir/MiniOzoneClusterImpl-8a3c48c2-e56b-48f6-9d69-6421286ed0f4/datanode-0/data/ratis/386d006c-0949-4f14-bb63-58cbc3dc2a46/sm/snapshot.13_0
2022-02-01 13:07:15,734 [fdc21d65-1155-4ddf-a802-c6738f3821ca@group-58CBC3DC2A46-StateMachineUpdater] INFO  ratis.ContainerStateMachine (ContainerStateMachine.java:takeSnapshot(310)) - group-58CBC3DC2A46: Finished taking a snapshot at:(t:13, i:0) file:/home/runner/work/ozone/ozone/hadoop-ozone/integration-test/target/test-dir/MiniOzoneClusterImpl-8a3c48c2-e56b-48f6-9d69-6421286ed0f4/datanode-0/data/ratis/386d006c-0949-4f14-bb63-58cbc3dc2a46/sm/snapshot.13_0 took: 1 ms
2022-02-01 13:07:15,734 [fdc21d65-1155-4ddf-a802-c6738f3821ca@group-58CBC3DC2A46-StateMachineUpdater] INFO  impl.StateMachineUpdater (StateMachineUpdater.java:takeSnapshot(281)) - fdc21d65-1155-4ddf-a802-c6738f3821ca@group-58CBC3DC2A46-StateMachineUpdater: Took a snapshot at index 0
2022-02-01 13:07:15,734 [fdc21d65-1155-4ddf-a802-c6738f3821ca@group-58CBC3DC2A46-StateMachineUpdater] INFO  impl.StateMachineUpdater (StateMachineUpdater.java:lambda$new$0(89)) - fdc21d65-1155-4ddf-a802-c6738f3821ca@group-58CBC3DC2A46-StateMachineUpdater: snapshotIndex: updateIncreasingly -1 -> 0
2022-02-01 13:07:15,736 [Listener at 127.0.0.1/38443] INFO  server.RaftServer$Division (ServerState.java:close(419)) - fdc21d65-1155-4ddf-a802-c6738f3821ca@group-58CBC3DC2A46: closes. applyIndex: 0
2022-02-01 13:07:15,736 [fdc21d65-1155-4ddf-a802-c6738f3821ca@group-58CBC3DC2A46-SegmentedRaftLogWorker] INFO  segmented.SegmentedRaftLogWorker (SegmentedRaftLogWorker.java:run(327)) - fdc21d65-1155-4ddf-a802-c6738f3821ca@group-58CBC3DC2A46-SegmentedRaftLogWorker was interrupted, exiting. There are 0 tasks remaining in the queue.
2022-02-01 13:07:15,737 [Listener at 127.0.0.1/38443] INFO  segmented.SegmentedRaftLogWorker (SegmentedRaftLogWorker.java:close(237)) - fdc21d65-1155-4ddf-a802-c6738f3821ca@group-58CBC3DC2A46-SegmentedRaftLogWorker close()
2022-02-01 13:07:15,742 [Listener at 127.0.0.1/38443] INFO  server.GrpcService (GrpcService.java:closeImpl(262)) - fdc21d65-1155-4ddf-a802-c6738f3821ca: shutdown server with port 44045 now
2022-02-01 13:07:15,772 [grpc-default-executor-0] WARN  server.GrpcServerProtocolService (LogUtils.java:warn(122)) - fdc21d65-1155-4ddf-a802-c6738f3821ca: installSnapshot onError, lastRequest: 49be740d-43e0-4e70-9568-226dcd84f562->fdc21d65-1155-4ddf-a802-c6738f3821ca#1-t13,previous=(t:0, i:0),leaderCommit=-1,initializing? true,entries: size=1, first=(t:13, i:0), CONFIGURATIONENTRY: org.apache.ratis.thirdparty.io.grpc.StatusRuntimeException: CANCELLED: client cancelled
2022-02-01 13:07:15,778 [Listener at 127.0.0.1/38443] INFO  server.GrpcService (GrpcService.java:closeImpl(271)) - fdc21d65-1155-4ddf-a802-c6738f3821ca: shutdown server with port 44045 successfully
2022-02-01 13:07:15,780 [grpc-default-executor-0] WARN  server.GrpcLogAppender (LogUtils.java:warn(122)) - 49be740d-43e0-4e70-9568-226dcd84f562@group-58CBC3DC2A46->fdc21d65-1155-4ddf-a802-c6738f3821ca-AppendLogResponseHandler: Failed appendEntries: org.apache.ratis.thirdparty.io.grpc.StatusRuntimeException: CANCELLED: HTTP/2 error code: CANCEL
Received Rst Stream
2022-02-01 13:07:15,781 [grpc-default-executor-0] WARN  server.GrpcLogAppender (GrpcLogAppender.java:resetClient(110)) - 49be740d-43e0-4e70-9568-226dcd84f562@group-58CBC3DC2A46->fdc21d65-1155-4ddf-a802-c6738f3821ca-GrpcLogAppender: Leader has not got in touch with Follower 49be740d-43e0-4e70-9568-226dcd84f562@group-58CBC3DC2A46->fdc21d65-1155-4ddf-a802-c6738f3821ca(c0,m0,n1, attendVote=true, lastRpcSendTime=1042, lastRpcResponseTime=1029) yet, just keep nextIndex unchanged and retry.
2022-02-01 13:07:15,786 [org.apache.ratis.util.JvmPauseMonitor$$Lambda$431/624767945@db047c2] INFO  util.JvmPauseMonitor (JvmPauseMonitor.java:run(109)) - JvmPauseMonitor-fdc21d65-1155-4ddf-a802-c6738f3821ca: Stopped
2022-02-01 13:07:16,225 [EndpointStateMachine task thread for /0.0.0.0:38243 - 0 ] INFO  ipc.Client (Client.java:handleConnectionFailure(977)) - Retrying connect to server: 0.0.0.0/0.0.0.0:38243. Already tried 4 time(s); retry policy is RetryUpToMaximumCountWithFixedSleep(maxRetries=15, sleepTime=1000 MILLISECONDS)
2022-02-01 13:07:17,226 [EndpointStateMachine task thread for /0.0.0.0:38243 - 0 ] INFO  ipc.Client (Client.java:handleConnectionFailure(977)) - Retrying connect to server: 0.0.0.0/0.0.0.0:38243. Already tried 5 time(s); retry policy is RetryUpToMaximumCountWithFixedSleep(maxRetries=15, sleepTime=1000 MILLISECONDS)
2022-02-01 13:07:17,270 [grpc-default-executor-0] WARN  server.GrpcLogAppender (LogUtils.java:warn(122)) - 49be740d-43e0-4e70-9568-226dcd84f562@group-58CBC3DC2A46->fdc21d65-1155-4ddf-a802-c6738f3821ca-AppendLogResponseHandler: Failed appendEntries: org.apache.ratis.thirdparty.io.grpc.StatusRuntimeException: UNAVAILABLE: io exception
2022-02-01 13:07:17,271 [grpc-default-executor-0] WARN  server.GrpcLogAppender (GrpcLogAppender.java:resetClient(110)) - 49be740d-43e0-4e70-9568-226dcd84f562@group-58CBC3DC2A46->fdc21d65-1155-4ddf-a802-c6738f3821ca-GrpcLogAppender: Leader has not got in touch with Follower 49be740d-43e0-4e70-9568-226dcd84f562@group-58CBC3DC2A46->fdc21d65-1155-4ddf-a802-c6738f3821ca(c0,m0,n1, attendVote=true, lastRpcSendTime=0, lastRpcResponseTime=2520) yet, just keep nextIndex unchanged and retry.
2022-02-01 13:07:17,812 [Listener at 127.0.0.1/38443] INFO  utils.BackgroundService (BackgroundService.java:shutdown(132)) - Shutting down service BlockDeletingService
2022-02-01 13:07:18,227 [EndpointStateMachine task thread for /0.0.0.0:38243 - 0 ] INFO  ipc.Client (Client.java:handleConnectionFailure(977)) - Retrying connect to server: 0.0.0.0/0.0.0.0:38243. Already tried 6 time(s); retry policy is RetryUpToMaximumCountWithFixedSleep(maxRetries=15, sleepTime=1000 MILLISECONDS)
2022-02-01 13:07:19,228 [EndpointStateMachine task thread for /0.0.0.0:38243 - 0 ] INFO  ipc.Client (Client.java:handleConnectionFailure(977)) - Retrying connect to server: 0.0.0.0/0.0.0.0:38243. Already tried 7 time(s); retry policy is RetryUpToMaximumCountWithFixedSleep(maxRetries=15, sleepTime=1000 MILLISECONDS)
2022-02-01 13:07:19,774 [grpc-default-executor-3] WARN  server.GrpcLogAppender (LogUtils.java:warn(122)) - 49be740d-43e0-4e70-9568-226dcd84f562@group-58CBC3DC2A46->fdc21d65-1155-4ddf-a802-c6738f3821ca-AppendLogResponseHandler: Failed appendEntries: org.apache.ratis.thirdparty.io.grpc.StatusRuntimeException: UNAVAILABLE: io exception
2022-02-01 13:07:19,775 [grpc-default-executor-3] WARN  server.GrpcLogAppender (GrpcLogAppender.java:resetClient(110)) - 49be740d-43e0-4e70-9568-226dcd84f562@group-58CBC3DC2A46->fdc21d65-1155-4ddf-a802-c6738f3821ca-GrpcLogAppender: Leader has not got in touch with Follower 49be740d-43e0-4e70-9568-226dcd84f562@group-58CBC3DC2A46->fdc21d65-1155-4ddf-a802-c6738f3821ca(c0,m0,n1, attendVote=true, lastRpcSendTime=2504, lastRpcResponseTime=5023) yet, just keep nextIndex unchanged and retry.
2022-02-01 13:07:20,228 [EndpointStateMachine task thread for /0.0.0.0:38243 - 0 ] INFO  ipc.Client (Client.java:handleConnectionFailure(977)) - Retrying connect to server: 0.0.0.0/0.0.0.0:38243. Already tried 8 time(s); retry policy is RetryUpToMaximumCountWithFixedSleep(maxRetries=15, sleepTime=1000 MILLISECONDS)
2022-02-01 13:07:20,606 [Datanode State Machine Daemon Thread] ERROR datanode.RunningDatanodeState (RunningDatanodeState.java:computeNextContainerState(199)) - Error in executing end point task.
java.util.concurrent.ExecutionException: java.util.concurrent.TimeoutException
	at java.util.concurrent.FutureTask.report(FutureTask.java:122)
	at java.util.concurrent.FutureTask.get(FutureTask.java:192)
	at org.apache.hadoop.ozone.container.common.states.datanode.RunningDatanodeState.computeNextContainerState(RunningDatanodeState.java:191)
	at org.apache.hadoop.ozone.container.common.states.datanode.RunningDatanodeState.await(RunningDatanodeState.java:231)
	at org.apache.hadoop.ozone.container.common.states.datanode.RunningDatanodeState.await(RunningDatanodeState.java:50)
	at org.apache.hadoop.ozone.container.common.statemachine.StateContext.execute(StateContext.java:633)
	at org.apache.hadoop.ozone.container.common.statemachine.DatanodeStateMachine.start(DatanodeStateMachine.java:283)
	at org.apache.hadoop.ozone.container.common.statemachine.DatanodeStateMachine.lambda$startDaemon$0(DatanodeStateMachine.java:471)
	at java.lang.Thread.run(Thread.java:748)
Caused by: java.util.concurrent.TimeoutException
	at java.util.concurrent.FutureTask.get(FutureTask.java:205)
	at org.apache.hadoop.ozone.container.common.states.datanode.RunningDatanodeState.lambda$execute$0(RunningDatanodeState.java:149)
	at java.util.concurrent.FutureTask.run(FutureTask.java:266)
	at java.util.concurrent.Executors$RunnableAdapter.call(Executors.java:511)
	at java.util.concurrent.FutureTask.run(FutureTask.java:266)
	at java.util.concurrent.ThreadPoolExecutor.runWorker(ThreadPoolExecutor.java:1149)
	at java.util.concurrent.ThreadPoolExecutor$Worker.run(ThreadPoolExecutor.java:624)
	... 1 more
2022-02-01 13:07:20,831 [Listener at 127.0.0.1/38443] INFO  statemachine.DatanodeStateMachine (DatanodeStateMachine.java:stopDaemon(529)) - Ozone container server stopped.
2022-02-01 13:07:20,832 [Listener at 127.0.0.1/38443] INFO  handler.ContextHandler (ContextHandler.java:doStop(1153)) - Stopped o.e.j.w.WebAppContext@3bf14313{hddsDatanode,/,null,STOPPED}{jar:file:/home/runner/.m2/repository/org/apache/ozone/hdds-container-service/1.3.0-SNAPSHOT/hdds-container-service-1.3.0-SNAPSHOT.jar!/webapps/hddsDatanode}
2022-02-01 13:07:20,835 [Listener at 127.0.0.1/38443] INFO  server.AbstractConnector (AbstractConnector.java:doStop(381)) - Stopped ServerConnector@12bbbc2c{HTTP/1.1, (http/1.1)}{0.0.0.0:0}
2022-02-01 13:07:20,835 [Listener at 127.0.0.1/38443] INFO  server.session (HouseKeeper.java:stopScavenging(149)) - node0 Stopped scavenging
2022-02-01 13:07:20,835 [Listener at 127.0.0.1/38443] INFO  handler.ContextHandler (ContextHandler.java:doStop(1153)) - Stopped o.e.j.s.ServletContextHandler@528fe063{static,/static,jar:file:/home/runner/.m2/repository/org/apache/ozone/hdds-container-service/1.3.0-SNAPSHOT/hdds-container-service-1.3.0-SNAPSHOT.jar!/webapps/static,STOPPED}
2022-02-01 13:07:20,835 [Listener at 127.0.0.1/38443] INFO  handler.ContextHandler (ContextHandler.java:doStop(1153)) - Stopped o.e.j.s.ServletContextHandler@357d887c{logs,/logs,file:///home/runner/work/ozone/ozone/hadoop-ozone/integration-test/target/log,STOPPED}
2022-02-01 13:07:20,843 [Listener at 127.0.0.1/38443] WARN  impl.MetricRegistriesImpl (MetricRegistriesImpl.java:addReporterRegistration(111)) - New reporters are added after registries were created. Some metrics will be missing from the reporter. Please add reporter before adding any new registry.
2022-02-01 13:07:20,843 [Listener at 127.0.0.1/38443] WARN  impl.MetricRegistriesImpl (MetricRegistriesImpl.java:addReporterRegistration(111)) - New reporters are added after registries were created. Some metrics will be missing from the reporter. Please add reporter before adding any new registry.
2022-02-01 13:07:20,845 [Listener at 127.0.0.1/38443] WARN  impl.MetricsConfig (MetricsConfig.java:loadFirst(136)) - Cannot locate configuration: tried hadoop-metrics2-hddsdatanode.properties,hadoop-metrics2.properties
2022-02-01 13:07:20,856 [Listener at 127.0.0.1/38443] INFO  impl.MetricsSystemImpl (MetricsSystemImpl.java:startTimer(378)) - Scheduled Metric snapshot period at 10 second(s).
2022-02-01 13:07:20,856 [Listener at 127.0.0.1/38443] INFO  impl.MetricsSystemImpl (MetricsSystemImpl.java:start(191)) - HddsDatanode metrics system started
2022-02-01 13:07:20,902 [Listener at 127.0.0.1/38443] INFO  impl.MetricsSinkAdapter (MetricsSinkAdapter.java:start(204)) - Sink prometheus started
2022-02-01 13:07:20,902 [Listener at 127.0.0.1/38443] INFO  impl.MetricsSystemImpl (MetricsSystemImpl.java:registerSink(305)) - Registered sink prometheus
2022-02-01 13:07:20,987 [Listener at 127.0.0.1/38443] INFO  ozone.HddsDatanodeService (HddsDatanodeService.java:start(234)) - HddsDatanodeService host:fv-az59-591.csjynl4pkq3e1pkirw3ssqjfoh.cx.internal.cloudapp.net ip:10.1.0.40
2022-02-01 13:07:21,030 [Listener at 127.0.0.1/38443] INFO  upgrade.AbstractLayoutVersionManager (AbstractLayoutVersionManager.java:init(79)) - Initializing Layout version manager with metadata layout = SCM_HA (version = 2), software layout = SCM_HA (version = 2)
2022-02-01 13:07:21,148 [Listener at 127.0.0.1/38443] INFO  reflections.Reflections (Reflections.java:scan(232)) - Reflections took 117 ms to scan 7 urls, producing 119 keys and 279 values 
2022-02-01 13:07:21,162 [Listener at 127.0.0.1/38443] INFO  statemachine.DatanodeStateMachine (DatanodeStateMachine.java:getEndPointTaskThreadPoolSize(222)) - Datanode State Machine Task Thread Pool size 2
2022-02-01 13:07:21,176 [Listener at 127.0.0.1/38443] INFO  volume.HddsVolume (HddsVolume.java:<init>(120)) - Creating HddsVolume: /home/runner/work/ozone/ozone/hadoop-ozone/integration-test/target/test-dir/MiniOzoneClusterImpl-8a3c48c2-e56b-48f6-9d69-6421286ed0f4/datanode-0/data-0/containers/hdds of storage type : DISK capacity : 9223372036854775807
2022-02-01 13:07:21,177 [Listener at 127.0.0.1/38443] INFO  volume.MutableVolumeSet (MutableVolumeSet.java:initializeVolumeSet(168)) - Added Volume : /home/runner/work/ozone/ozone/hadoop-ozone/integration-test/target/test-dir/MiniOzoneClusterImpl-8a3c48c2-e56b-48f6-9d69-6421286ed0f4/datanode-0/data-0/containers/hdds to VolumeSet
2022-02-01 13:07:21,177 [Listener at 127.0.0.1/38443] INFO  volume.ThrottledAsyncChecker (ThrottledAsyncChecker.java:schedule(141)) - Scheduling a check for /home/runner/work/ozone/ozone/hadoop-ozone/integration-test/target/test-dir/MiniOzoneClusterImpl-8a3c48c2-e56b-48f6-9d69-6421286ed0f4/datanode-0/data-0/containers/hdds
2022-02-01 13:07:21,208 [Listener at 127.0.0.1/38443] INFO  volume.StorageVolumeChecker (StorageVolumeChecker.java:checkAllVolumes(202)) - Scheduled health check for volume /home/runner/work/ozone/ozone/hadoop-ozone/integration-test/target/test-dir/MiniOzoneClusterImpl-8a3c48c2-e56b-48f6-9d69-6421286ed0f4/datanode-0/data-0/containers/hdds
2022-02-01 13:07:21,229 [EndpointStateMachine task thread for /0.0.0.0:38243 - 0 ] INFO  ipc.Client (Client.java:handleConnectionFailure(977)) - Retrying connect to server: 0.0.0.0/0.0.0.0:38243. Already tried 9 time(s); retry policy is RetryUpToMaximumCountWithFixedSleep(maxRetries=15, sleepTime=1000 MILLISECONDS)
2022-02-01 13:07:21,241 [Listener at 127.0.0.1/38443] INFO  volume.MutableVolumeSet (MutableVolumeSet.java:initializeVolumeSet(168)) - Added Volume : /home/runner/work/ozone/ozone/hadoop-ozone/integration-test/target/test-dir/MiniOzoneClusterImpl-8a3c48c2-e56b-48f6-9d69-6421286ed0f4/datanode-0/data/ratis to VolumeSet
2022-02-01 13:07:21,241 [Listener at 127.0.0.1/38443] INFO  volume.ThrottledAsyncChecker (ThrottledAsyncChecker.java:schedule(141)) - Scheduling a check for /home/runner/work/ozone/ozone/hadoop-ozone/integration-test/target/test-dir/MiniOzoneClusterImpl-8a3c48c2-e56b-48f6-9d69-6421286ed0f4/datanode-0/data/ratis
2022-02-01 13:07:21,246 [Listener at 127.0.0.1/38443] INFO  volume.StorageVolumeChecker (StorageVolumeChecker.java:checkAllVolumes(202)) - Scheduled health check for volume /home/runner/work/ozone/ozone/hadoop-ozone/integration-test/target/test-dir/MiniOzoneClusterImpl-8a3c48c2-e56b-48f6-9d69-6421286ed0f4/datanode-0/data/ratis
2022-02-01 13:07:21,298 [Thread-741] INFO  ozoneimpl.ContainerReader (ContainerReader.java:readVolume(142)) - Start to verify containers on volume /home/runner/work/ozone/ozone/hadoop-ozone/integration-test/target/test-dir/MiniOzoneClusterImpl-8a3c48c2-e56b-48f6-9d69-6421286ed0f4/datanode-0/data-0/containers/hdds
2022-02-01 13:07:21,298 [Thread-741] INFO  ozoneimpl.ContainerReader (ContainerReader.java:readVolume(172)) - Finish verifying containers on volume /home/runner/work/ozone/ozone/hadoop-ozone/integration-test/target/test-dir/MiniOzoneClusterImpl-8a3c48c2-e56b-48f6-9d69-6421286ed0f4/datanode-0/data-0/containers/hdds
2022-02-01 13:07:21,302 [Listener at 127.0.0.1/38443] INFO  ozoneimpl.OzoneContainer (OzoneContainer.java:buildContainerSet(237)) - Build ContainerSet costs 0s
2022-02-01 13:07:21,306 [Listener at 127.0.0.1/38443] INFO  server.RaftServer (ConfUtils.java:logGet(44)) - raft.rpc.type = GRPC (default)
2022-02-01 13:07:21,307 [Listener at 127.0.0.1/38443] INFO  grpc.GrpcFactory (GrpcFactory.java:checkPooledByteBufAllocatorUseCacheForAllThreads(48)) - PERFORMANCE WARNING: useCacheForAllThreads is true that may cause Netty to create a lot garbage objects and, as a result, trigger GC.
	It is recommended to disable useCacheForAllThreads by setting -Dorg.apache.ratis.thirdparty.io.netty.allocator.useCacheForAllThreads=false in command line.
2022-02-01 13:07:21,307 [Listener at 127.0.0.1/38443] INFO  grpc.GrpcConfigKeys (ConfUtils.java:logGet(44)) - raft.grpc.admin.port = 44045 (custom)
2022-02-01 13:07:21,307 [Listener at 127.0.0.1/38443] INFO  grpc.GrpcConfigKeys (ConfUtils.java:logGet(44)) - raft.grpc.client.port = 44045 (custom)
2022-02-01 13:07:21,307 [Listener at 127.0.0.1/38443] INFO  grpc.GrpcConfigKeys (ConfUtils.java:logGet(44)) - raft.grpc.server.port = 44045 (custom)
2022-02-01 13:07:21,307 [Listener at 127.0.0.1/38443] INFO  server.GrpcService (ConfUtils.java:logGet(44)) - raft.grpc.message.size.max = 32MB (=33554432) (custom)
2022-02-01 13:07:21,307 [Listener at 127.0.0.1/38443] INFO  server.RaftServerConfigKeys (ConfUtils.java:logGet(44)) - raft.server.log.appender.buffer.byte-limit = 33554432 (custom)
2022-02-01 13:07:21,307 [Listener at 127.0.0.1/38443] INFO  server.GrpcService (ConfUtils.java:logGet(44)) - raft.grpc.flow.control.window = 5MB (=5242880) (custom)
2022-02-01 13:07:21,307 [Listener at 127.0.0.1/38443] INFO  server.RaftServerConfigKeys (ConfUtils.java:logGet(44)) - raft.server.rpc.request.timeout = 60s (custom)
2022-02-01 13:07:21,308 [Listener at 127.0.0.1/38443] INFO  impl.DataStreamServerImpl (ConfUtils.java:logGet(44)) - raft.datastream.type = DISABLED (default)
2022-02-01 13:07:21,308 [Listener at 127.0.0.1/38443] INFO  server.RaftServerConfigKeys (ConfUtils.java:logGet(44)) - raft.server.rpc.slowness.timeout = 300s (custom)
2022-02-01 13:07:21,308 [Listener at 127.0.0.1/38443] INFO  server.RaftServerConfigKeys (ConfUtils.java:logGet(44)) - raft.server.leaderelection.leader.step-down.wait-time = 10s (default)
2022-02-01 13:07:21,309 [Listener at 127.0.0.1/38443] INFO  server.RaftServerConfigKeys (ConfUtils.java:logGet(44)) - raft.server.storage.dir = [/home/runner/work/ozone/ozone/hadoop-ozone/integration-test/target/test-dir/MiniOzoneClusterImpl-8a3c48c2-e56b-48f6-9d69-6421286ed0f4/datanode-0/data/ratis] (custom)
2022-02-01 13:07:21,309 [Listener at 127.0.0.1/38443] INFO  server.RaftServer (RaftServerProxy.java:lambda$null$1(235)) - fdc21d65-1155-4ddf-a802-c6738f3821ca: found a subdirectory /home/runner/work/ozone/ozone/hadoop-ozone/integration-test/target/test-dir/MiniOzoneClusterImpl-8a3c48c2-e56b-48f6-9d69-6421286ed0f4/datanode-0/data/ratis/386d006c-0949-4f14-bb63-58cbc3dc2a46
2022-02-01 13:07:21,331 [Listener at 127.0.0.1/38443] INFO  server.RaftServer (RaftServerProxy.java:addNew(95)) - fdc21d65-1155-4ddf-a802-c6738f3821ca: addNew group-58CBC3DC2A46:[] returns group-58CBC3DC2A46:java.util.concurrent.CompletableFuture@2d9202d0[Not completed]
2022-02-01 13:07:21,332 [Listener at 127.0.0.1/38443] INFO  server.RaftServer (RaftServerProxy.java:lambda$null$1(235)) - fdc21d65-1155-4ddf-a802-c6738f3821ca: found a subdirectory /home/runner/work/ozone/ozone/hadoop-ozone/integration-test/target/test-dir/MiniOzoneClusterImpl-8a3c48c2-e56b-48f6-9d69-6421286ed0f4/datanode-0/data/ratis/4307d533-89b0-4f17-b578-2ab9eadc00d4
2022-02-01 13:07:21,332 [Listener at 127.0.0.1/38443] INFO  server.RaftServer (RaftServerProxy.java:addNew(95)) - fdc21d65-1155-4ddf-a802-c6738f3821ca: addNew group-2AB9EADC00D4:[] returns group-2AB9EADC00D4:java.util.concurrent.CompletableFuture@6a4eb8c[Not completed]
2022-02-01 13:07:21,332 [pool-309-thread-1] INFO  server.RaftServer$Division (RaftServerImpl.java:<init>(184)) - fdc21d65-1155-4ddf-a802-c6738f3821ca: new RaftServerImpl for group-58CBC3DC2A46:[] with ContainerStateMachine:uninitialized
2022-02-01 13:07:21,346 [pool-309-thread-1] INFO  server.RaftServerConfigKeys (ConfUtils.java:logGet(44)) - raft.server.rpc.timeout.min = 5s (custom)
2022-02-01 13:07:21,346 [pool-309-thread-1] INFO  server.RaftServerConfigKeys (ConfUtils.java:logGet(44)) - raft.server.rpc.timeout.max = 5200ms (custom)
2022-02-01 13:07:21,346 [pool-309-thread-1] INFO  server.RaftServerConfigKeys (ConfUtils.java:logGet(44)) - raft.server.rpc.sleep.time = 25ms (default)
2022-02-01 13:07:21,346 [pool-309-thread-1] INFO  server.RaftServerConfigKeys (ConfUtils.java:logGet(44)) - raft.server.rpc.slowness.timeout = 300s (custom)
2022-02-01 13:07:21,346 [pool-309-thread-1] INFO  server.RaftServerConfigKeys (ConfUtils.java:logGet(44)) - raft.server.leaderelection.leader.step-down.wait-time = 10s (default)
2022-02-01 13:07:21,346 [pool-309-thread-1] INFO  server.RaftServerConfigKeys (ConfUtils.java:logGet(44)) - raft.server.sleep.deviation.threshold = 300ms (default)
2022-02-01 13:07:21,346 [pool-309-thread-1] INFO  server.RaftServerConfigKeys (ConfUtils.java:logGet(44)) - raft.server.log.appender.install.snapshot.enabled = false (custom)
2022-02-01 13:07:21,346 [pool-309-thread-1] INFO  server.RaftServer$Division (ServerState.java:<init>(105)) - fdc21d65-1155-4ddf-a802-c6738f3821ca@group-58CBC3DC2A46: ConfigurationManager, init=-1: [], old=null, confs=<EMPTY_MAP>
2022-02-01 13:07:21,346 [pool-309-thread-1] INFO  server.RaftServerConfigKeys (ConfUtils.java:logGet(44)) - raft.server.storage.dir = [/home/runner/work/ozone/ozone/hadoop-ozone/integration-test/target/test-dir/MiniOzoneClusterImpl-8a3c48c2-e56b-48f6-9d69-6421286ed0f4/datanode-0/data/ratis] (custom)
2022-02-01 13:07:21,346 [pool-309-thread-1] INFO  server.RaftServerConfigKeys (ConfUtils.java:logGet(44)) - raft.server.log.corruption.policy = EXCEPTION (default)
2022-02-01 13:07:21,346 [pool-309-thread-1] INFO  server.RaftServerConfigKeys (ConfUtils.java:logGet(44)) - raft.server.storage.free-space.min = 0MB (=0) (default)
2022-02-01 13:07:21,354 [pool-309-thread-1] INFO  storage.RaftStorageDirectory (RaftStorageDirectoryImpl.java:tryLock(230)) - Lock on /home/runner/work/ozone/ozone/hadoop-ozone/integration-test/target/test-dir/MiniOzoneClusterImpl-8a3c48c2-e56b-48f6-9d69-6421286ed0f4/datanode-0/data/ratis/386d006c-0949-4f14-bb63-58cbc3dc2a46/in_use.lock acquired by nodename 23332@fv-az59-591
2022-02-01 13:07:21,354 [pool-309-thread-1] INFO  storage.RaftStorage (RaftStorageImpl.java:analyzeAndRecoverStorage(110)) - Read RaftStorageMetadata{term=13, votedFor=49be740d-43e0-4e70-9568-226dcd84f562} from /home/runner/work/ozone/ozone/hadoop-ozone/integration-test/target/test-dir/MiniOzoneClusterImpl-8a3c48c2-e56b-48f6-9d69-6421286ed0f4/datanode-0/data/ratis/386d006c-0949-4f14-bb63-58cbc3dc2a46/current/raft-meta
2022-02-01 13:07:21,355 [Listener at 127.0.0.1/38443] INFO  server.XceiverServerGrpc (XceiverServerGrpc.java:<init>(132)) - GrpcServer channel type EpollServerSocketChannel
2022-02-01 13:07:21,375 [Listener at 127.0.0.1/38443] INFO  http.BaseHttpServer (BaseHttpServer.java:newHttpServer2BuilderForOzone(209)) - Starting Web-server for hddsDatanode at: http://0.0.0.0:42491
2022-02-01 13:07:21,375 [Listener at 127.0.0.1/38443] INFO  http.BaseHttpServer (BaseHttpServer.java:<init>(107)) - Hadoop Security Enabled: false Ozone Security Enabled: false Ozone HTTP Security Enabled: false 
2022-02-01 13:07:21,376 [Listener at 127.0.0.1/38443] INFO  server.AuthenticationFilter (AuthenticationFilter.java:constructSecretProvider(240)) - Unable to initialize FileSignerSecretProvider, falling back to use random secrets.
2022-02-01 13:07:21,386 [Listener at 127.0.0.1/38443] WARN  http.HttpRequestLog (HttpRequestLog.java:getRequestLog(103)) - Jetty request log can only be enabled using Log4j
2022-02-01 13:07:21,387 [Listener at 127.0.0.1/38443] INFO  http.HttpServer2 (HttpServer2.java:addGlobalFilter(1030)) - Added global filter 'safety' (class=org.apache.hadoop.hdds.server.http.HttpServer2$QuotingInputFilter)
2022-02-01 13:07:21,387 [Listener at 127.0.0.1/38443] INFO  http.HttpServer2 (HttpServer2.java:addFilter(1006)) - Added filter static_user_filter (class=org.apache.hadoop.http.lib.StaticUserWebFilter$StaticUserFilter) to context hddsDatanode
2022-02-01 13:07:21,387 [Listener at 127.0.0.1/38443] INFO  http.HttpServer2 (HttpServer2.java:addFilter(1014)) - Added filter static_user_filter (class=org.apache.hadoop.http.lib.StaticUserWebFilter$StaticUserFilter) to context logs
2022-02-01 13:07:21,387 [Listener at 127.0.0.1/38443] INFO  http.HttpServer2 (HttpServer2.java:addFilter(1014)) - Added filter static_user_filter (class=org.apache.hadoop.http.lib.StaticUserWebFilter$StaticUserFilter) to context static
2022-02-01 13:07:21,388 [Listener at 127.0.0.1/38443] INFO  http.HttpServer2 (HttpServer2.java:bindListener(1249)) - Jetty bound to port 42491
2022-02-01 13:07:21,388 [Listener at 127.0.0.1/38443] INFO  server.Server (Server.java:doStart(375)) - jetty-9.4.43.v20210629; built: 2021-06-30T11:07:22.254Z; git: 526006ecfa3af7f1a27ef3a288e2bef7ea9dd7e8; jvm 1.8.0_312-b07
2022-02-01 13:07:21,426 [pool-309-thread-1] INFO  ratis.ContainerStateMachine (ContainerStateMachine.java:loadSnapshot(240)) - group-58CBC3DC2A46: Setting the last applied index to (t:13, i:0)
2022-02-01 13:07:21,427 [pool-309-thread-1] INFO  server.RaftServer$Division (ServerState.java:setRaftConf(387)) - fdc21d65-1155-4ddf-a802-c6738f3821ca@group-58CBC3DC2A46: set configuration 0: [fdc21d65-1155-4ddf-a802-c6738f3821ca|rpc:10.1.0.40:44045|dataStream:|priority:0, 0a485a2f-0ff7-4195-9566-1226e5634ef5|rpc:10.1.0.40:41187|dataStream:|priority:0, 49be740d-43e0-4e70-9568-226dcd84f562|rpc:10.1.0.40:44177|dataStream:|priority:1], old=null
2022-02-01 13:07:21,427 [pool-309-thread-1] INFO  server.RaftServerConfigKeys (ConfUtils.java:logGet(44)) - raft.server.notification.no-leader.timeout = 300s (custom)
2022-02-01 13:07:21,427 [pool-309-thread-1] INFO  server.RaftServerConfigKeys (ConfUtils.java:logGet(44)) - raft.server.log.use.memory = false (default)
2022-02-01 13:07:21,427 [pool-309-thread-1] INFO  server.RaftServerConfigKeys (ConfUtils.java:logGet(44)) - raft.server.log.purge.gap = 1000000 (custom)
2022-02-01 13:07:21,427 [pool-309-thread-1] INFO  server.RaftServerConfigKeys (ConfUtils.java:logGet(44)) - raft.server.log.appender.buffer.byte-limit = 33554432 (custom)
2022-02-01 13:07:21,428 [pool-309-thread-1] INFO  server.RaftServerConfigKeys (ConfUtils.java:logGet(44)) - raft.server.log.segment.size.max = 1048576 (custom)
2022-02-01 13:07:21,428 [pool-309-thread-1] INFO  server.RaftServerConfigKeys (ConfUtils.java:logGet(44)) - raft.server.log.segment.cache.num.max = 2 (custom)
2022-02-01 13:07:21,428 [pool-309-thread-1] INFO  server.RaftServerConfigKeys (ConfUtils.java:logGet(44)) - raft.server.log.segment.cache.size.max = 200MB (=209715200) (default)
2022-02-01 13:07:21,428 [pool-309-thread-1] INFO  segmented.SegmentedRaftLogWorker (SegmentedRaftLogWorker.java:<init>(182)) - new fdc21d65-1155-4ddf-a802-c6738f3821ca@group-58CBC3DC2A46-SegmentedRaftLogWorker for RaftStorageImpl:Storage Directory /home/runner/work/ozone/ozone/hadoop-ozone/integration-test/target/test-dir/MiniOzoneClusterImpl-8a3c48c2-e56b-48f6-9d69-6421286ed0f4/datanode-0/data/ratis/386d006c-0949-4f14-bb63-58cbc3dc2a46
2022-02-01 13:07:21,428 [pool-309-thread-1] INFO  server.RaftServerConfigKeys (ConfUtils.java:logGet(44)) - raft.server.log.queue.byte-limit = 2147483647 (custom)
2022-02-01 13:07:21,428 [pool-309-thread-1] INFO  server.RaftServerConfigKeys (ConfUtils.java:logGet(44)) - raft.server.log.queue.element-limit = 1024 (custom)
2022-02-01 13:07:21,428 [pool-309-thread-1] INFO  server.RaftServerConfigKeys (ConfUtils.java:logGet(44)) - raft.server.log.segment.size.max = 1048576 (custom)
2022-02-01 13:07:21,428 [pool-309-thread-1] INFO  server.RaftServerConfigKeys (ConfUtils.java:logGet(44)) - raft.server.log.preallocated.size = 16384 (custom)
2022-02-01 13:07:21,428 [pool-309-thread-1] INFO  server.RaftServerConfigKeys (ConfUtils.java:logGet(44)) - raft.server.log.force.sync.num = 128 (default)
2022-02-01 13:07:21,428 [pool-309-thread-1] INFO  server.RaftServerConfigKeys (ConfUtils.java:logGet(44)) - raft.server.log.statemachine.data.sync = true (default)
2022-02-01 13:07:21,428 [pool-309-thread-1] INFO  server.RaftServerConfigKeys (ConfUtils.java:logGet(44)) - raft.server.log.statemachine.data.sync.timeout = 10s (default)
2022-02-01 13:07:21,428 [pool-309-thread-1] INFO  server.RaftServerConfigKeys (ConfUtils.java:logGet(44)) - raft.server.log.statemachine.data.sync.timeout.retry = -1 (default)
2022-02-01 13:07:21,429 [pool-309-thread-1] INFO  server.RaftServerConfigKeys (ConfUtils.java:logGet(44)) - raft.server.log.write.buffer.size = 1048576 (custom)
2022-02-01 13:07:21,430 [pool-309-thread-1] INFO  server.RaftServerConfigKeys (ConfUtils.java:logGet(44)) - raft.server.log.statemachine.data.caching.enabled = true (custom)
2022-02-01 13:07:21,431 [pool-309-thread-1] INFO  server.RaftServer$Division (ServerState.java:setRaftConf(387)) - fdc21d65-1155-4ddf-a802-c6738f3821ca@group-58CBC3DC2A46: set configuration 0: [fdc21d65-1155-4ddf-a802-c6738f3821ca|rpc:10.1.0.40:44045|dataStream:|priority:0, 0a485a2f-0ff7-4195-9566-1226e5634ef5|rpc:10.1.0.40:41187|dataStream:|priority:0, 49be740d-43e0-4e70-9568-226dcd84f562|rpc:10.1.0.40:44177|dataStream:|priority:1], old=null
2022-02-01 13:07:21,431 [pool-309-thread-1] INFO  segmented.LogSegment (LogSegment.java:loadSegment(173)) - Successfully read 1 entries from segment file /home/runner/work/ozone/ozone/hadoop-ozone/integration-test/target/test-dir/MiniOzoneClusterImpl-8a3c48c2-e56b-48f6-9d69-6421286ed0f4/datanode-0/data/ratis/386d006c-0949-4f14-bb63-58cbc3dc2a46/current/log_inprogress_0
2022-02-01 13:07:21,431 [pool-309-thread-1] INFO  segmented.SegmentedRaftLogWorker (SegmentedRaftLogWorker.java:lambda$new$0(133)) - fdc21d65-1155-4ddf-a802-c6738f3821ca@group-58CBC3DC2A46-SegmentedRaftLogWorker: flushIndex: setUnconditionally 0 -> 0
2022-02-01 13:07:21,431 [pool-309-thread-1] INFO  segmented.SegmentedRaftLogWorker (SegmentedRaftLogWorker.java:lambda$new$0(133)) - fdc21d65-1155-4ddf-a802-c6738f3821ca@group-58CBC3DC2A46-SegmentedRaftLogWorker: safeCacheEvictIndex: setUnconditionally 0 -> -1
2022-02-01 13:07:21,431 [pool-309-thread-1] INFO  server.RaftServerConfigKeys (ConfUtils.java:logGet(44)) - raft.server.snapshot.auto.trigger.enabled = true (custom)
2022-02-01 13:07:21,431 [pool-309-thread-1] INFO  server.RaftServerConfigKeys (ConfUtils.java:logGet(44)) - raft.server.snapshot.auto.trigger.threshold = 10000 (custom)
2022-02-01 13:07:21,431 [pool-309-thread-1] INFO  server.RaftServerConfigKeys (ConfUtils.java:logGet(44)) - raft.server.snapshot.retention.file.num = 5 (custom)
2022-02-01 13:07:21,431 [pool-309-thread-1] INFO  server.RaftServerConfigKeys (ConfUtils.java:logGet(44)) - raft.server.log.purge.upto.snapshot.index = false (default)
2022-02-01 13:07:21,431 [pool-309-thread-1] INFO  server.RaftServerConfigKeys (ConfUtils.java:logGet(44)) - raft.server.retrycache.expirytime = 600000ms (custom)
2022-02-01 13:07:21,431 [pool-309-thread-1] INFO  server.RaftServerConfigKeys (ConfUtils.java:logGet(44)) - raft.server.retrycache.statistics.expirytime = 100μs (default)
2022-02-01 13:07:21,433 [pool-309-thread-1] INFO  server.RaftServer$Division (RaftServerImpl.java:<init>(184)) - fdc21d65-1155-4ddf-a802-c6738f3821ca: new RaftServerImpl for group-2AB9EADC00D4:[] with ContainerStateMachine:uninitialized
2022-02-01 13:07:21,433 [pool-309-thread-1] INFO  server.RaftServerConfigKeys (ConfUtils.java:logGet(44)) - raft.server.rpc.timeout.min = 5s (custom)
2022-02-01 13:07:21,433 [pool-309-thread-1] INFO  server.RaftServerConfigKeys (ConfUtils.java:logGet(44)) - raft.server.rpc.timeout.max = 5200ms (custom)
2022-02-01 13:07:21,433 [pool-309-thread-1] INFO  server.RaftServerConfigKeys (ConfUtils.java:logGet(44)) - raft.server.rpc.sleep.time = 25ms (default)
2022-02-01 13:07:21,433 [pool-309-thread-1] INFO  server.RaftServerConfigKeys (ConfUtils.java:logGet(44)) - raft.server.rpc.slowness.timeout = 300s (custom)
2022-02-01 13:07:21,433 [pool-309-thread-1] INFO  server.RaftServerConfigKeys (ConfUtils.java:logGet(44)) - raft.server.leaderelection.leader.step-down.wait-time = 10s (default)
2022-02-01 13:07:21,433 [pool-309-thread-1] INFO  server.RaftServerConfigKeys (ConfUtils.java:logGet(44)) - raft.server.sleep.deviation.threshold = 300ms (default)
2022-02-01 13:07:21,433 [pool-309-thread-1] INFO  server.RaftServerConfigKeys (ConfUtils.java:logGet(44)) - raft.server.log.appender.install.snapshot.enabled = false (custom)
2022-02-01 13:07:21,434 [pool-309-thread-1] INFO  server.RaftServer$Division (ServerState.java:<init>(105)) - fdc21d65-1155-4ddf-a802-c6738f3821ca@group-2AB9EADC00D4: ConfigurationManager, init=-1: [], old=null, confs=<EMPTY_MAP>
2022-02-01 13:07:21,434 [pool-309-thread-1] INFO  server.RaftServerConfigKeys (ConfUtils.java:logGet(44)) - raft.server.storage.dir = [/home/runner/work/ozone/ozone/hadoop-ozone/integration-test/target/test-dir/MiniOzoneClusterImpl-8a3c48c2-e56b-48f6-9d69-6421286ed0f4/datanode-0/data/ratis] (custom)
2022-02-01 13:07:21,434 [pool-309-thread-1] INFO  server.RaftServerConfigKeys (ConfUtils.java:logGet(44)) - raft.server.log.corruption.policy = EXCEPTION (default)
2022-02-01 13:07:21,434 [pool-309-thread-1] INFO  server.RaftServerConfigKeys (ConfUtils.java:logGet(44)) - raft.server.storage.free-space.min = 0MB (=0) (default)
2022-02-01 13:07:21,454 [Listener at 127.0.0.1/38443] INFO  server.session (DefaultSessionIdManager.java:doStart(334)) - DefaultSessionIdManager workerName=node0
2022-02-01 13:07:21,454 [Listener at 127.0.0.1/38443] INFO  server.session (DefaultSessionIdManager.java:doStart(339)) - No SessionScavenger set, using defaults
2022-02-01 13:07:21,454 [Listener at 127.0.0.1/38443] INFO  server.session (HouseKeeper.java:startScavenging(132)) - node0 Scavenging every 660000ms
2022-02-01 13:07:21,458 [pool-309-thread-1] INFO  storage.RaftStorageDirectory (RaftStorageDirectoryImpl.java:tryLock(230)) - Lock on /home/runner/work/ozone/ozone/hadoop-ozone/integration-test/target/test-dir/MiniOzoneClusterImpl-8a3c48c2-e56b-48f6-9d69-6421286ed0f4/datanode-0/data/ratis/4307d533-89b0-4f17-b578-2ab9eadc00d4/in_use.lock acquired by nodename 23332@fv-az59-591
2022-02-01 13:07:21,458 [pool-309-thread-1] INFO  storage.RaftStorage (RaftStorageImpl.java:analyzeAndRecoverStorage(110)) - Read RaftStorageMetadata{term=1, votedFor=fdc21d65-1155-4ddf-a802-c6738f3821ca} from /home/runner/work/ozone/ozone/hadoop-ozone/integration-test/target/test-dir/MiniOzoneClusterImpl-8a3c48c2-e56b-48f6-9d69-6421286ed0f4/datanode-0/data/ratis/4307d533-89b0-4f17-b578-2ab9eadc00d4/current/raft-meta
2022-02-01 13:07:21,458 [pool-309-thread-1] INFO  ratis.ContainerStateMachine (ContainerStateMachine.java:loadSnapshot(240)) - group-2AB9EADC00D4: Setting the last applied index to (t:1, i:0)
2022-02-01 13:07:21,459 [Listener at 127.0.0.1/38443] INFO  handler.ContextHandler (ContextHandler.java:doStart(915)) - Started o.e.j.s.ServletContextHandler@5f8ce7a5{logs,/logs,file:///home/runner/work/ozone/ozone/hadoop-ozone/integration-test/target/log,AVAILABLE}
2022-02-01 13:07:21,459 [pool-309-thread-1] INFO  server.RaftServer$Division (ServerState.java:setRaftConf(387)) - fdc21d65-1155-4ddf-a802-c6738f3821ca@group-2AB9EADC00D4: set configuration 0: [fdc21d65-1155-4ddf-a802-c6738f3821ca|rpc:10.1.0.40:44045|dataStream:|priority:1], old=null
2022-02-01 13:07:21,459 [pool-309-thread-1] INFO  server.RaftServerConfigKeys (ConfUtils.java:logGet(44)) - raft.server.notification.no-leader.timeout = 300s (custom)
2022-02-01 13:07:21,459 [pool-309-thread-1] INFO  server.RaftServerConfigKeys (ConfUtils.java:logGet(44)) - raft.server.log.use.memory = false (default)
2022-02-01 13:07:21,459 [pool-309-thread-1] INFO  server.RaftServerConfigKeys (ConfUtils.java:logGet(44)) - raft.server.log.purge.gap = 1000000 (custom)
2022-02-01 13:07:21,459 [Listener at 127.0.0.1/38443] INFO  handler.ContextHandler (ContextHandler.java:doStart(915)) - Started o.e.j.s.ServletContextHandler@19388155{static,/static,jar:file:/home/runner/.m2/repository/org/apache/ozone/hdds-container-service/1.3.0-SNAPSHOT/hdds-container-service-1.3.0-SNAPSHOT.jar!/webapps/static,AVAILABLE}
2022-02-01 13:07:21,466 [pool-309-thread-1] INFO  server.RaftServerConfigKeys (ConfUtils.java:logGet(44)) - raft.server.log.appender.buffer.byte-limit = 33554432 (custom)
2022-02-01 13:07:21,466 [pool-309-thread-1] INFO  server.RaftServerConfigKeys (ConfUtils.java:logGet(44)) - raft.server.log.segment.size.max = 1048576 (custom)
2022-02-01 13:07:21,466 [pool-309-thread-1] INFO  server.RaftServerConfigKeys (ConfUtils.java:logGet(44)) - raft.server.log.segment.cache.num.max = 2 (custom)
2022-02-01 13:07:21,466 [pool-309-thread-1] INFO  server.RaftServerConfigKeys (ConfUtils.java:logGet(44)) - raft.server.log.segment.cache.size.max = 200MB (=209715200) (default)
2022-02-01 13:07:21,466 [pool-309-thread-1] INFO  segmented.SegmentedRaftLogWorker (SegmentedRaftLogWorker.java:<init>(182)) - new fdc21d65-1155-4ddf-a802-c6738f3821ca@group-2AB9EADC00D4-SegmentedRaftLogWorker for RaftStorageImpl:Storage Directory /home/runner/work/ozone/ozone/hadoop-ozone/integration-test/target/test-dir/MiniOzoneClusterImpl-8a3c48c2-e56b-48f6-9d69-6421286ed0f4/datanode-0/data/ratis/4307d533-89b0-4f17-b578-2ab9eadc00d4
2022-02-01 13:07:21,466 [pool-309-thread-1] INFO  server.RaftServerConfigKeys (ConfUtils.java:logGet(44)) - raft.server.log.queue.byte-limit = 2147483647 (custom)
2022-02-01 13:07:21,466 [pool-309-thread-1] INFO  server.RaftServerConfigKeys (ConfUtils.java:logGet(44)) - raft.server.log.queue.element-limit = 1024 (custom)
2022-02-01 13:07:21,467 [pool-309-thread-1] INFO  server.RaftServerConfigKeys (ConfUtils.java:logGet(44)) - raft.server.log.segment.size.max = 1048576 (custom)
2022-02-01 13:07:21,467 [pool-309-thread-1] INFO  server.RaftServerConfigKeys (ConfUtils.java:logGet(44)) - raft.server.log.preallocated.size = 16384 (custom)
2022-02-01 13:07:21,467 [pool-309-thread-1] INFO  server.RaftServerConfigKeys (ConfUtils.java:logGet(44)) - raft.server.log.force.sync.num = 128 (default)
2022-02-01 13:07:21,467 [pool-309-thread-1] INFO  server.RaftServerConfigKeys (ConfUtils.java:logGet(44)) - raft.server.log.statemachine.data.sync = true (default)
2022-02-01 13:07:21,467 [pool-309-thread-1] INFO  server.RaftServerConfigKeys (ConfUtils.java:logGet(44)) - raft.server.log.statemachine.data.sync.timeout = 10s (default)
2022-02-01 13:07:21,467 [pool-309-thread-1] INFO  server.RaftServerConfigKeys (ConfUtils.java:logGet(44)) - raft.server.log.statemachine.data.sync.timeout.retry = -1 (default)
2022-02-01 13:07:21,467 [pool-309-thread-1] INFO  server.RaftServerConfigKeys (ConfUtils.java:logGet(44)) - raft.server.log.write.buffer.size = 1048576 (custom)
2022-02-01 13:07:21,468 [pool-309-thread-1] INFO  server.RaftServerConfigKeys (ConfUtils.java:logGet(44)) - raft.server.log.statemachine.data.caching.enabled = true (custom)
2022-02-01 13:07:21,490 [pool-309-thread-1] INFO  server.RaftServer$Division (ServerState.java:setRaftConf(387)) - fdc21d65-1155-4ddf-a802-c6738f3821ca@group-2AB9EADC00D4: set configuration 0: [fdc21d65-1155-4ddf-a802-c6738f3821ca|rpc:10.1.0.40:44045|dataStream:|priority:1], old=null
2022-02-01 13:07:21,490 [pool-309-thread-1] INFO  segmented.LogSegment (LogSegment.java:loadSegment(173)) - Successfully read 1 entries from segment file /home/runner/work/ozone/ozone/hadoop-ozone/integration-test/target/test-dir/MiniOzoneClusterImpl-8a3c48c2-e56b-48f6-9d69-6421286ed0f4/datanode-0/data/ratis/4307d533-89b0-4f17-b578-2ab9eadc00d4/current/log_inprogress_0
2022-02-01 13:07:21,490 [pool-309-thread-1] INFO  segmented.SegmentedRaftLogWorker (SegmentedRaftLogWorker.java:lambda$new$0(133)) - fdc21d65-1155-4ddf-a802-c6738f3821ca@group-2AB9EADC00D4-SegmentedRaftLogWorker: flushIndex: setUnconditionally 0 -> 0
2022-02-01 13:07:21,490 [pool-309-thread-1] INFO  segmented.SegmentedRaftLogWorker (SegmentedRaftLogWorker.java:lambda$new$0(133)) - fdc21d65-1155-4ddf-a802-c6738f3821ca@group-2AB9EADC00D4-SegmentedRaftLogWorker: safeCacheEvictIndex: setUnconditionally 0 -> -1
2022-02-01 13:07:21,492 [pool-309-thread-1] INFO  server.RaftServerConfigKeys (ConfUtils.java:logGet(44)) - raft.server.snapshot.auto.trigger.enabled = true (custom)
2022-02-01 13:07:21,492 [pool-309-thread-1] INFO  server.RaftServerConfigKeys (ConfUtils.java:logGet(44)) - raft.server.snapshot.auto.trigger.threshold = 10000 (custom)
2022-02-01 13:07:21,492 [pool-309-thread-1] INFO  server.RaftServerConfigKeys (ConfUtils.java:logGet(44)) - raft.server.snapshot.retention.file.num = 5 (custom)
2022-02-01 13:07:21,492 [pool-309-thread-1] INFO  server.RaftServerConfigKeys (ConfUtils.java:logGet(44)) - raft.server.log.purge.upto.snapshot.index = false (default)
2022-02-01 13:07:21,492 [pool-309-thread-1] INFO  server.RaftServerConfigKeys (ConfUtils.java:logGet(44)) - raft.server.retrycache.expirytime = 600000ms (custom)
2022-02-01 13:07:21,492 [pool-309-thread-1] INFO  server.RaftServerConfigKeys (ConfUtils.java:logGet(44)) - raft.server.retrycache.statistics.expirytime = 100μs (default)
2022-02-01 13:07:21,600 [Listener at 127.0.0.1/38443] INFO  handler.ContextHandler (ContextHandler.java:doStart(915)) - Started o.e.j.w.WebAppContext@3e2d6fcd{hddsDatanode,/,file:///tmp/jetty-0_0_0_0-42491-hdds-container-service-1_3_0-SNAPSHOT_jar-_-any-1683675445095222695/webapp/,AVAILABLE}{jar:file:/home/runner/.m2/repository/org/apache/ozone/hdds-container-service/1.3.0-SNAPSHOT/hdds-container-service-1.3.0-SNAPSHOT.jar!/webapps/hddsDatanode}
2022-02-01 13:07:21,618 [Listener at 127.0.0.1/38443] INFO  server.AbstractConnector (AbstractConnector.java:doStart(331)) - Started ServerConnector@627219fb{HTTP/1.1, (http/1.1)}{0.0.0.0:42491}
2022-02-01 13:07:21,618 [Listener at 127.0.0.1/38443] INFO  server.Server (Server.java:doStart(415)) - Started @182880ms
2022-02-01 13:07:21,618 [Listener at 127.0.0.1/38443] WARN  impl.MetricsSystemImpl (MetricsSystemImpl.java:register(279)) - Sink prometheus already exists!
2022-02-01 13:07:21,622 [Listener at 127.0.0.1/38443] INFO  http.BaseHttpServer (BaseHttpServer.java:updateConnectorAddress(329)) - HTTP server of hddsDatanode listening at http://0.0.0.0:42491
2022-02-01 13:07:21,642 [Datanode State Machine Daemon Thread] INFO  statemachine.DatanodeStateMachine (DatanodeStateMachine.java:lambda$startDaemon$0(470)) - Ozone container server started.
2022-02-01 13:07:21,706 [org.apache.hadoop.util.JvmPauseMonitor$Monitor@1f845b87] INFO  util.JvmPauseMonitor (JvmPauseMonitor.java:run(188)) - Starting JVM pause monitor
2022-02-01 13:07:22,069 [Time-limited test] INFO  ozone.MiniOzoneClusterImpl (MiniOzoneClusterImpl.java:shutdown(437)) - Shutting down the Mini Ozone Cluster
2022-02-01 13:07:22,070 [Time-limited test] INFO  ozone.MiniOzoneClusterImpl (MiniOzoneClusterImpl.java:stop(452)) - Stopping the Mini Ozone Cluster
2022-02-01 13:07:22,070 [Time-limited test] INFO  ozone.MiniOzoneClusterImpl (MiniOzoneClusterImpl.java:stopOM(534)) - Stopping the OzoneManager
2022-02-01 13:07:22,070 [Time-limited test] INFO  om.OzoneManager (OzoneManager.java:stop(1893)) - om1[localhost:0]: Stopping Ozone Manager
2022-02-01 13:07:22,071 [Time-limited test] INFO  ipc.Server (Server.java:stop(3414)) - Stopping server on 38443
2022-02-01 13:07:22,072 [IPC Server Responder] INFO  ipc.Server (Server.java:run(1512)) - Stopping IPC Server Responder
2022-02-01 13:07:22,072 [IPC Server listener on 0] INFO  ipc.Server (Server.java:run(1376)) - Stopping IPC Server listener on 0
2022-02-01 13:07:22,073 [Time-limited test] INFO  server.RaftServer (RaftServerProxy.java:lambda$close$6(391)) - om1: close
2022-02-01 13:07:22,074 [Time-limited test] INFO  server.RaftServer$Division (RaftServerImpl.java:lambda$close$4(412)) - om1@group-C5BA1605619E: shutdown
2022-02-01 13:07:22,074 [Time-limited test] INFO  util.JmxRegister (JmxRegister.java:unregister(73)) - Successfully un-registered JMX Bean with object name Ratis:service=RaftServer,group=group-C5BA1605619E,id=om1
2022-02-01 13:07:22,074 [Time-limited test] INFO  impl.RoleInfo (RoleInfo.java:shutdownLeaderState(91)) - om1: shutdown om1@group-C5BA1605619E-LeaderStateImpl
2022-02-01 13:07:22,078 [Time-limited test] INFO  impl.PendingRequests (PendingRequests.java:sendNotLeaderResponses(282)) - om1@group-C5BA1605619E-PendingRequests: sendNotLeaderResponses
2022-02-01 13:07:22,079 [om1@group-C5BA1605619E-StateMachineUpdater] INFO  ratis.OzoneManagerStateMachine (OzoneManagerStateMachine.java:takeSnapshot(417)) - Current Snapshot Index (t:1, i:0)
2022-02-01 13:07:22,079 [om1@group-C5BA1605619E-StateMachineUpdater] INFO  impl.StateMachineUpdater (StateMachineUpdater.java:takeSnapshot(281)) - om1@group-C5BA1605619E-StateMachineUpdater: Took a snapshot at index 0
2022-02-01 13:07:22,079 [om1@group-C5BA1605619E-StateMachineUpdater] INFO  impl.StateMachineUpdater (StateMachineUpdater.java:lambda$new$0(89)) - om1@group-C5BA1605619E-StateMachineUpdater: snapshotIndex: updateIncreasingly -1 -> 0
2022-02-01 13:07:22,079 [om1@group-C5BA1605619E-StateMachineUpdater] INFO  ratis.OzoneManagerStateMachine (OzoneManagerStateMachine.java:close(471)) - StateMachine has shutdown. Shutdown OzoneManager if not already shutdown.
2022-02-01 13:07:22,079 [Time-limited test] INFO  impl.StateMachineUpdater (StateMachineUpdater.java:stopAndJoin(149)) - om1@group-C5BA1605619E-StateMachineUpdater: set stopIndex = 0
2022-02-01 13:07:22,079 [Time-limited test] INFO  server.RaftServer$Division (ServerState.java:close(419)) - om1@group-C5BA1605619E: closes. applyIndex: 0
2022-02-01 13:07:22,079 [om1@group-C5BA1605619E-SegmentedRaftLogWorker] INFO  segmented.SegmentedRaftLogWorker (SegmentedRaftLogWorker.java:run(327)) - om1@group-C5BA1605619E-SegmentedRaftLogWorker was interrupted, exiting. There are 0 tasks remaining in the queue.
2022-02-01 13:07:22,087 [Time-limited test] INFO  segmented.SegmentedRaftLogWorker (SegmentedRaftLogWorker.java:close(237)) - om1@group-C5BA1605619E-SegmentedRaftLogWorker close()
2022-02-01 13:07:22,087 [Time-limited test] INFO  server.GrpcService (GrpcService.java:closeImpl(262)) - om1: shutdown server with port 9872 now
2022-02-01 13:07:22,093 [Time-limited test] INFO  server.GrpcService (GrpcService.java:closeImpl(271)) - om1: shutdown server with port 9872 successfully
2022-02-01 13:07:22,093 [org.apache.ratis.util.JvmPauseMonitor$$Lambda$431/624767945@1e2d6aee] INFO  util.JvmPauseMonitor (JvmPauseMonitor.java:run(109)) - JvmPauseMonitor-om1: Stopped
2022-02-01 13:07:22,093 [Time-limited test] INFO  ratis.OzoneManagerDoubleBuffer (OzoneManagerDoubleBuffer.java:stop(437)) - Stopping OMDoubleBuffer flush thread
2022-02-01 13:07:22,093 [OMDoubleBufferFlushThread] INFO  ratis.OzoneManagerDoubleBuffer (OzoneManagerDoubleBuffer.java:flushTransactions(356)) - OMDoubleBuffer flush thread OMDoubleBufferFlushThread is interrupted and will exit. OMDoubleBufferFlushThread
2022-02-01 13:07:22,122 [Time-limited test] INFO  utils.BackgroundService (BackgroundService.java:shutdown(132)) - Shutting down service KeyDeletingService
2022-02-01 13:07:22,122 [Time-limited test] INFO  utils.BackgroundService (BackgroundService.java:shutdown(132)) - Shutting down service DirectoryDeletingService
2022-02-01 13:07:22,154 [Time-limited test] INFO  handler.ContextHandler (ContextHandler.java:doStop(1153)) - Stopped o.e.j.w.WebAppContext@5814ebb5{ozoneManager,/,null,STOPPED}{file:/home/runner/work/ozone/ozone/hadoop-ozone/integration-test/target/test-classes/webapps/ozoneManager}
2022-02-01 13:07:22,154 [Time-limited test] INFO  server.AbstractConnector (AbstractConnector.java:doStop(381)) - Stopped ServerConnector@6b85b05e{HTTP/1.1, (http/1.1)}{0.0.0.0:0}
2022-02-01 13:07:22,154 [Time-limited test] INFO  server.session (HouseKeeper.java:stopScavenging(149)) - node0 Stopped scavenging
2022-02-01 13:07:22,155 [Time-limited test] INFO  handler.ContextHandler (ContextHandler.java:doStop(1153)) - Stopped o.e.j.s.ServletContextHandler@7ffd9065{static,/static,file:///home/runner/work/ozone/ozone/hadoop-ozone/integration-test/target/test-classes/webapps/static,STOPPED}
2022-02-01 13:07:22,155 [Time-limited test] INFO  handler.ContextHandler (ContextHandler.java:doStop(1153)) - Stopped o.e.j.s.ServletContextHandler@2c1ca875{logs,/logs,file:///home/runner/work/ozone/ozone/hadoop-ozone/integration-test/target/log,STOPPED}
2022-02-01 13:07:22,179 [Time-limited test] INFO  ozone.MiniOzoneClusterImpl (MiniOzoneClusterImpl.java:stopDatanodes(511)) - Stopping the HddsDatanodes
2022-02-01 13:07:22,222 [Datanode State Machine Daemon Thread] WARN  statemachine.StateContext (StateContext.java:setState(249)) - Ignore disallowed transition from SHUTDOWN to RUNNING
2022-02-01 13:07:22,230 [EndpointStateMachine task thread for /0.0.0.0:38243 - 0 ] INFO  ipc.Client (Client.java:handleConnectionFailure(977)) - Retrying connect to server: 0.0.0.0/0.0.0.0:38243. Already tried 10 time(s); retry policy is RetryUpToMaximumCountWithFixedSleep(maxRetries=15, sleepTime=1000 MILLISECONDS)
2022-02-01 13:07:22,277 [grpc-default-executor-0] WARN  server.GrpcLogAppender (LogUtils.java:warn(122)) - 49be740d-43e0-4e70-9568-226dcd84f562@group-58CBC3DC2A46->fdc21d65-1155-4ddf-a802-c6738f3821ca-AppendLogResponseHandler: Failed appendEntries: org.apache.ratis.thirdparty.io.grpc.StatusRuntimeException: UNAVAILABLE: io exception
2022-02-01 13:07:22,277 [grpc-default-executor-0] WARN  server.GrpcLogAppender (GrpcLogAppender.java:resetClient(110)) - 49be740d-43e0-4e70-9568-226dcd84f562@group-58CBC3DC2A46->fdc21d65-1155-4ddf-a802-c6738f3821ca-GrpcLogAppender: Leader has not got in touch with Follower 49be740d-43e0-4e70-9568-226dcd84f562@group-58CBC3DC2A46->fdc21d65-1155-4ddf-a802-c6738f3821ca(c0,m0,n1, attendVote=true, lastRpcSendTime=0, lastRpcResponseTime=7526) yet, just keep nextIndex unchanged and retry.
2022-02-01 13:07:23,230 [EndpointStateMachine task thread for /0.0.0.0:38243 - 0 ] INFO  ipc.Client (Client.java:handleConnectionFailure(977)) - Retrying connect to server: 0.0.0.0/0.0.0.0:38243. Already tried 11 time(s); retry policy is RetryUpToMaximumCountWithFixedSleep(maxRetries=15, sleepTime=1000 MILLISECONDS)
2022-02-01 13:07:24,231 [EndpointStateMachine task thread for /0.0.0.0:38243 - 0 ] INFO  ipc.Client (Client.java:handleConnectionFailure(977)) - Retrying connect to server: 0.0.0.0/0.0.0.0:38243. Already tried 12 time(s); retry policy is RetryUpToMaximumCountWithFixedSleep(maxRetries=15, sleepTime=1000 MILLISECONDS)
2022-02-01 13:07:24,782 [grpc-default-executor-0] WARN  server.GrpcLogAppender (LogUtils.java:warn(122)) - 49be740d-43e0-4e70-9568-226dcd84f562@group-58CBC3DC2A46->fdc21d65-1155-4ddf-a802-c6738f3821ca-AppendLogResponseHandler: Failed appendEntries: org.apache.ratis.thirdparty.io.grpc.StatusRuntimeException: UNAVAILABLE: io exception
2022-02-01 13:07:24,783 [grpc-default-executor-0] WARN  server.GrpcLogAppender (GrpcLogAppender.java:resetClient(110)) - 49be740d-43e0-4e70-9568-226dcd84f562@group-58CBC3DC2A46->fdc21d65-1155-4ddf-a802-c6738f3821ca-GrpcLogAppender: Leader has not got in touch with Follower 49be740d-43e0-4e70-9568-226dcd84f562@group-58CBC3DC2A46->fdc21d65-1155-4ddf-a802-c6738f3821ca(c0,m0,n1, attendVote=true, lastRpcSendTime=0, lastRpcResponseTime=10032) yet, just keep nextIndex unchanged and retry.
2022-02-01 13:07:25,232 [EndpointStateMachine task thread for /0.0.0.0:38243 - 0 ] INFO  ipc.Client (Client.java:handleConnectionFailure(977)) - Retrying connect to server: 0.0.0.0/0.0.0.0:38243. Already tried 13 time(s); retry policy is RetryUpToMaximumCountWithFixedSleep(maxRetries=15, sleepTime=1000 MILLISECONDS)
2022-02-01 13:07:26,233 [EndpointStateMachine task thread for /0.0.0.0:38243 - 0 ] INFO  ipc.Client (Client.java:handleConnectionFailure(977)) - Retrying connect to server: 0.0.0.0/0.0.0.0:38243. Already tried 14 time(s); retry policy is RetryUpToMaximumCountWithFixedSleep(maxRetries=15, sleepTime=1000 MILLISECONDS)
2022-02-01 13:07:26,234 [EndpointStateMachine task thread for /0.0.0.0:38243 - 0 ] WARN  statemachine.EndpointStateMachine (EndpointStateMachine.java:logIfNeeded(236)) - Unable to communicate to SCM server at 0.0.0.0:38243 for past 0 seconds.
java.net.ConnectException: Your endpoint configuration is wrong; For more details see:  http://wiki.apache.org/hadoop/UnsetHostnameOrPort
	at sun.reflect.NativeConstructorAccessorImpl.newInstance0(Native Method)
	at sun.reflect.NativeConstructorAccessorImpl.newInstance(NativeConstructorAccessorImpl.java:62)
	at sun.reflect.DelegatingConstructorAccessorImpl.newInstance(DelegatingConstructorAccessorImpl.java:45)
	at java.lang.reflect.Constructor.newInstance(Constructor.java:423)
	at org.apache.hadoop.net.NetUtils.wrapWithMessage(NetUtils.java:913)
	at org.apache.hadoop.net.NetUtils.wrapException(NetUtils.java:824)
	at org.apache.hadoop.ipc.Client.getRpcResponse(Client.java:1577)
	at org.apache.hadoop.ipc.Client.call(Client.java:1519)
	at org.apache.hadoop.ipc.Client.call(Client.java:1416)
	at org.apache.hadoop.ipc.ProtobufRpcEngine$Invoker.invoke(ProtobufRpcEngine.java:236)
	at org.apache.hadoop.ipc.ProtobufRpcEngine$Invoker.invoke(ProtobufRpcEngine.java:123)
	at com.sun.proxy.$Proxy49.submitRequest(Unknown Source)
	at org.apache.hadoop.ozone.protocolPB.StorageContainerDatanodeProtocolClientSideTranslatorPB.submitRequest(StorageContainerDatanodeProtocolClientSideTranslatorPB.java:117)
	at org.apache.hadoop.ozone.protocolPB.StorageContainerDatanodeProtocolClientSideTranslatorPB.sendHeartbeat(StorageContainerDatanodeProtocolClientSideTranslatorPB.java:149)
	at org.apache.hadoop.ozone.container.common.states.endpoint.HeartbeatEndpointTask.call(HeartbeatEndpointTask.java:179)
	at org.apache.hadoop.ozone.container.common.states.endpoint.HeartbeatEndpointTask.call(HeartbeatEndpointTask.java:82)
	at java.util.concurrent.FutureTask.run(FutureTask.java:266)
	at java.util.concurrent.ThreadPoolExecutor.runWorker(ThreadPoolExecutor.java:1149)
	at java.util.concurrent.ThreadPoolExecutor$Worker.run(ThreadPoolExecutor.java:624)
	at java.lang.Thread.run(Thread.java:748)
Caused by: java.net.ConnectException: Connection refused
	at sun.nio.ch.SocketChannelImpl.checkConnect(Native Method)
	at sun.nio.ch.SocketChannelImpl.finishConnect(SocketChannelImpl.java:716)
	at org.apache.hadoop.net.SocketIOWithTimeout.connect(SocketIOWithTimeout.java:206)
	at org.apache.hadoop.net.NetUtils.connect(NetUtils.java:586)
	at org.apache.hadoop.ipc.Client$Connection.setupConnection(Client.java:701)
	at org.apache.hadoop.ipc.Client$Connection.setupIOstreams(Client.java:822)
	at org.apache.hadoop.ipc.Client$Connection.access$3800(Client.java:414)
	at org.apache.hadoop.ipc.Client.getConnection(Client.java:1647)
	at org.apache.hadoop.ipc.Client.call(Client.java:1463)
	... 12 more
2022-02-01 13:07:27,195 [Time-limited test] INFO  ozoneimpl.OzoneContainer (OzoneContainer.java:stop(336)) - Attempting to stop container services.
2022-02-01 13:07:27,196 [Time-limited test] INFO  server.RaftServer (RaftServerProxy.java:lambda$close$6(391)) - 0a485a2f-0ff7-4195-9566-1226e5634ef5: close
2022-02-01 13:07:27,196 [Time-limited test] INFO  server.RaftServer$Division (RaftServerImpl.java:lambda$close$4(412)) - 0a485a2f-0ff7-4195-9566-1226e5634ef5@group-DFB06CE4A98E: shutdown
2022-02-01 13:07:27,196 [Time-limited test] INFO  util.JmxRegister (JmxRegister.java:unregister(73)) - Successfully un-registered JMX Bean with object name Ratis:service=RaftServer,group=group-DFB06CE4A98E,id=0a485a2f-0ff7-4195-9566-1226e5634ef5
2022-02-01 13:07:27,196 [Time-limited test] INFO  impl.RoleInfo (RoleInfo.java:shutdownLeaderState(91)) - 0a485a2f-0ff7-4195-9566-1226e5634ef5: shutdown 0a485a2f-0ff7-4195-9566-1226e5634ef5@group-DFB06CE4A98E-LeaderStateImpl
2022-02-01 13:07:27,196 [Time-limited test] INFO  impl.PendingRequests (PendingRequests.java:sendNotLeaderResponses(282)) - 0a485a2f-0ff7-4195-9566-1226e5634ef5@group-DFB06CE4A98E-PendingRequests: sendNotLeaderResponses
2022-02-01 13:07:27,197 [Time-limited test] INFO  impl.StateMachineUpdater (StateMachineUpdater.java:stopAndJoin(149)) - 0a485a2f-0ff7-4195-9566-1226e5634ef5@group-DFB06CE4A98E-StateMachineUpdater: set stopIndex = 0
2022-02-01 13:07:27,197 [0a485a2f-0ff7-4195-9566-1226e5634ef5@group-DFB06CE4A98E-StateMachineUpdater] INFO  ratis.ContainerStateMachine (ContainerStateMachine.java:takeSnapshot(299)) - group-DFB06CE4A98E: Taking a snapshot at:(t:1, i:0) file /home/runner/work/ozone/ozone/hadoop-ozone/integration-test/target/test-dir/MiniOzoneClusterImpl-8a3c48c2-e56b-48f6-9d69-6421286ed0f4/datanode-1/data/ratis/6619f43a-ad34-4f53-a9ce-dfb06ce4a98e/sm/snapshot.1_0
2022-02-01 13:07:27,198 [0a485a2f-0ff7-4195-9566-1226e5634ef5@group-DFB06CE4A98E-StateMachineUpdater] INFO  ratis.ContainerStateMachine (ContainerStateMachine.java:takeSnapshot(310)) - group-DFB06CE4A98E: Finished taking a snapshot at:(t:1, i:0) file:/home/runner/work/ozone/ozone/hadoop-ozone/integration-test/target/test-dir/MiniOzoneClusterImpl-8a3c48c2-e56b-48f6-9d69-6421286ed0f4/datanode-1/data/ratis/6619f43a-ad34-4f53-a9ce-dfb06ce4a98e/sm/snapshot.1_0 took: 1 ms
2022-02-01 13:07:27,199 [0a485a2f-0ff7-4195-9566-1226e5634ef5@group-DFB06CE4A98E-StateMachineUpdater] INFO  impl.StateMachineUpdater (StateMachineUpdater.java:takeSnapshot(281)) - 0a485a2f-0ff7-4195-9566-1226e5634ef5@group-DFB06CE4A98E-StateMachineUpdater: Took a snapshot at index 0
2022-02-01 13:07:27,199 [0a485a2f-0ff7-4195-9566-1226e5634ef5@group-DFB06CE4A98E-StateMachineUpdater] INFO  impl.StateMachineUpdater (StateMachineUpdater.java:lambda$new$0(89)) - 0a485a2f-0ff7-4195-9566-1226e5634ef5@group-DFB06CE4A98E-StateMachineUpdater: snapshotIndex: updateIncreasingly -1 -> 0
2022-02-01 13:07:27,199 [Time-limited test] INFO  server.RaftServer$Division (ServerState.java:close(419)) - 0a485a2f-0ff7-4195-9566-1226e5634ef5@group-DFB06CE4A98E: closes. applyIndex: 0
2022-02-01 13:07:27,199 [0a485a2f-0ff7-4195-9566-1226e5634ef5@group-DFB06CE4A98E-SegmentedRaftLogWorker] INFO  segmented.SegmentedRaftLogWorker (SegmentedRaftLogWorker.java:run(327)) - 0a485a2f-0ff7-4195-9566-1226e5634ef5@group-DFB06CE4A98E-SegmentedRaftLogWorker was interrupted, exiting. There are 0 tasks remaining in the queue.
2022-02-01 13:07:27,202 [Time-limited test] INFO  segmented.SegmentedRaftLogWorker (SegmentedRaftLogWorker.java:close(237)) - 0a485a2f-0ff7-4195-9566-1226e5634ef5@group-DFB06CE4A98E-SegmentedRaftLogWorker close()
2022-02-01 13:07:27,203 [Time-limited test] INFO  server.RaftServer$Division (RaftServerImpl.java:lambda$close$4(412)) - 0a485a2f-0ff7-4195-9566-1226e5634ef5@group-58CBC3DC2A46: shutdown
2022-02-01 13:07:27,203 [Time-limited test] INFO  util.JmxRegister (JmxRegister.java:unregister(73)) - Successfully un-registered JMX Bean with object name Ratis:service=RaftServer,group=group-58CBC3DC2A46,id=0a485a2f-0ff7-4195-9566-1226e5634ef5
2022-02-01 13:07:27,203 [Time-limited test] INFO  impl.RoleInfo (RoleInfo.java:shutdownFollowerState(108)) - 0a485a2f-0ff7-4195-9566-1226e5634ef5: shutdown 0a485a2f-0ff7-4195-9566-1226e5634ef5@group-58CBC3DC2A46-FollowerState
2022-02-01 13:07:27,203 [0a485a2f-0ff7-4195-9566-1226e5634ef5@group-58CBC3DC2A46-FollowerState] INFO  impl.FollowerState (FollowerState.java:run(143)) - 0a485a2f-0ff7-4195-9566-1226e5634ef5@group-58CBC3DC2A46-FollowerState was interrupted: {}
java.lang.InterruptedException: sleep interrupted
	at java.lang.Thread.sleep(Native Method)
	at java.lang.Thread.sleep(Thread.java:340)
	at java.util.concurrent.TimeUnit.sleep(TimeUnit.java:386)
	at org.apache.ratis.util.TimeDuration.sleep(TimeDuration.java:324)
	at org.apache.ratis.util.TimeDuration.sleep(TimeDuration.java:309)
	at org.apache.ratis.server.impl.FollowerState.run(FollowerState.java:118)
2022-02-01 13:07:27,203 [Time-limited test] INFO  impl.StateMachineUpdater (StateMachineUpdater.java:stopAndJoin(149)) - 0a485a2f-0ff7-4195-9566-1226e5634ef5@group-58CBC3DC2A46-StateMachineUpdater: set stopIndex = 0
2022-02-01 13:07:27,203 [0a485a2f-0ff7-4195-9566-1226e5634ef5@group-58CBC3DC2A46-StateMachineUpdater] INFO  ratis.ContainerStateMachine (ContainerStateMachine.java:takeSnapshot(299)) - group-58CBC3DC2A46: Taking a snapshot at:(t:13, i:0) file /home/runner/work/ozone/ozone/hadoop-ozone/integration-test/target/test-dir/MiniOzoneClusterImpl-8a3c48c2-e56b-48f6-9d69-6421286ed0f4/datanode-1/data/ratis/386d006c-0949-4f14-bb63-58cbc3dc2a46/sm/snapshot.13_0
2022-02-01 13:07:27,204 [0a485a2f-0ff7-4195-9566-1226e5634ef5@group-58CBC3DC2A46-StateMachineUpdater] INFO  ratis.ContainerStateMachine (ContainerStateMachine.java:takeSnapshot(310)) - group-58CBC3DC2A46: Finished taking a snapshot at:(t:13, i:0) file:/home/runner/work/ozone/ozone/hadoop-ozone/integration-test/target/test-dir/MiniOzoneClusterImpl-8a3c48c2-e56b-48f6-9d69-6421286ed0f4/datanode-1/data/ratis/386d006c-0949-4f14-bb63-58cbc3dc2a46/sm/snapshot.13_0 took: 1 ms
2022-02-01 13:07:27,204 [0a485a2f-0ff7-4195-9566-1226e5634ef5@group-58CBC3DC2A46-StateMachineUpdater] INFO  impl.StateMachineUpdater (StateMachineUpdater.java:takeSnapshot(281)) - 0a485a2f-0ff7-4195-9566-1226e5634ef5@group-58CBC3DC2A46-StateMachineUpdater: Took a snapshot at index 0
2022-02-01 13:07:27,204 [0a485a2f-0ff7-4195-9566-1226e5634ef5@group-58CBC3DC2A46-StateMachineUpdater] INFO  impl.StateMachineUpdater (StateMachineUpdater.java:lambda$new$0(89)) - 0a485a2f-0ff7-4195-9566-1226e5634ef5@group-58CBC3DC2A46-StateMachineUpdater: snapshotIndex: updateIncreasingly -1 -> 0
2022-02-01 13:07:27,204 [Time-limited test] INFO  server.RaftServer$Division (ServerState.java:close(419)) - 0a485a2f-0ff7-4195-9566-1226e5634ef5@group-58CBC3DC2A46: closes. applyIndex: 0
2022-02-01 13:07:27,205 [ForkJoinPool.commonPool-worker-0] INFO  ozoneimpl.OzoneContainer (OzoneContainer.java:stop(336)) - Attempting to stop container services.
2022-02-01 13:07:27,205 [ForkJoinPool.commonPool-worker-0] INFO  utils.BackgroundService (BackgroundService.java:shutdown(132)) - Shutting down service BlockDeletingService
2022-02-01 13:07:27,206 [0a485a2f-0ff7-4195-9566-1226e5634ef5@group-58CBC3DC2A46-SegmentedRaftLogWorker] INFO  segmented.SegmentedRaftLogWorker (SegmentedRaftLogWorker.java:run(327)) - 0a485a2f-0ff7-4195-9566-1226e5634ef5@group-58CBC3DC2A46-SegmentedRaftLogWorker was interrupted, exiting. There are 0 tasks remaining in the queue.
2022-02-01 13:07:27,213 [Time-limited test] INFO  segmented.SegmentedRaftLogWorker (SegmentedRaftLogWorker.java:close(237)) - 0a485a2f-0ff7-4195-9566-1226e5634ef5@group-58CBC3DC2A46-SegmentedRaftLogWorker close()
2022-02-01 13:07:27,214 [Time-limited test] INFO  server.GrpcService (GrpcService.java:closeImpl(262)) - 0a485a2f-0ff7-4195-9566-1226e5634ef5: shutdown server with port 41187 now
2022-02-01 13:07:27,217 [grpc-default-executor-3] WARN  server.GrpcServerProtocolService (LogUtils.java:warn(122)) - 0a485a2f-0ff7-4195-9566-1226e5634ef5: installSnapshot onError, lastRequest: 49be740d-43e0-4e70-9568-226dcd84f562->0a485a2f-0ff7-4195-9566-1226e5634ef5#1-t13,previous=(t:0, i:0),leaderCommit=-1,initializing? true,entries: size=1, first=(t:13, i:0), CONFIGURATIONENTRY: org.apache.ratis.thirdparty.io.grpc.StatusRuntimeException: CANCELLED: client cancelled
2022-02-01 13:07:27,222 [grpc-default-executor-1] WARN  server.GrpcLogAppender (LogUtils.java:warn(122)) - 49be740d-43e0-4e70-9568-226dcd84f562@group-58CBC3DC2A46->0a485a2f-0ff7-4195-9566-1226e5634ef5-AppendLogResponseHandler: Failed appendEntries: org.apache.ratis.thirdparty.io.grpc.StatusRuntimeException: CANCELLED: HTTP/2 error code: CANCEL
Received Rst Stream
2022-02-01 13:07:27,222 [grpc-default-executor-1] WARN  server.GrpcLogAppender (GrpcLogAppender.java:resetClient(110)) - 49be740d-43e0-4e70-9568-226dcd84f562@group-58CBC3DC2A46->0a485a2f-0ff7-4195-9566-1226e5634ef5-GrpcLogAppender: Leader has not got in touch with Follower 49be740d-43e0-4e70-9568-226dcd84f562@group-58CBC3DC2A46->0a485a2f-0ff7-4195-9566-1226e5634ef5(c0,m0,n1, attendVote=true, lastRpcSendTime=2397, lastRpcResponseTime=2382) yet, just keep nextIndex unchanged and retry.
2022-02-01 13:07:27,225 [Time-limited test] INFO  server.GrpcService (GrpcService.java:closeImpl(271)) - 0a485a2f-0ff7-4195-9566-1226e5634ef5: shutdown server with port 41187 successfully
2022-02-01 13:07:27,226 [org.apache.ratis.util.JvmPauseMonitor$$Lambda$431/624767945@15b8d463] INFO  util.JvmPauseMonitor (JvmPauseMonitor.java:run(109)) - JvmPauseMonitor-0a485a2f-0ff7-4195-9566-1226e5634ef5: Stopped
2022-02-01 13:07:27,236 [EndpointStateMachine task thread for /0.0.0.0:38243 - 0 ] INFO  ipc.Client (Client.java:handleConnectionFailure(977)) - Retrying connect to server: 0.0.0.0/0.0.0.0:38243. Already tried 0 time(s); retry policy is RetryUpToMaximumCountWithFixedSleep(maxRetries=15, sleepTime=1000 MILLISECONDS)
2022-02-01 13:07:27,299 [grpc-default-executor-3] WARN  server.GrpcLogAppender (LogUtils.java:warn(122)) - 49be740d-43e0-4e70-9568-226dcd84f562@group-58CBC3DC2A46->fdc21d65-1155-4ddf-a802-c6738f3821ca-AppendLogResponseHandler: Failed appendEntries: org.apache.ratis.thirdparty.io.grpc.StatusRuntimeException: UNAVAILABLE: io exception
2022-02-01 13:07:27,300 [grpc-default-executor-3] WARN  server.GrpcLogAppender (GrpcLogAppender.java:resetClient(110)) - 49be740d-43e0-4e70-9568-226dcd84f562@group-58CBC3DC2A46->fdc21d65-1155-4ddf-a802-c6738f3821ca-GrpcLogAppender: Leader has not got in touch with Follower 49be740d-43e0-4e70-9568-226dcd84f562@group-58CBC3DC2A46->fdc21d65-1155-4ddf-a802-c6738f3821ca(c0,m0,n1, attendVote=true, lastRpcSendTime=2517, lastRpcResponseTime=12548) yet, just keep nextIndex unchanged and retry.
2022-02-01 13:07:27,367 [grpc-default-executor-1] WARN  server.GrpcLogAppender (LogUtils.java:warn(122)) - 49be740d-43e0-4e70-9568-226dcd84f562@group-58CBC3DC2A46->0a485a2f-0ff7-4195-9566-1226e5634ef5-AppendLogResponseHandler: Failed appendEntries: org.apache.ratis.thirdparty.io.grpc.StatusRuntimeException: UNAVAILABLE: io exception
2022-02-01 13:07:27,367 [grpc-default-executor-1] WARN  server.GrpcLogAppender (GrpcLogAppender.java:resetClient(110)) - 49be740d-43e0-4e70-9568-226dcd84f562@group-58CBC3DC2A46->0a485a2f-0ff7-4195-9566-1226e5634ef5-GrpcLogAppender: Leader has not got in touch with Follower 49be740d-43e0-4e70-9568-226dcd84f562@group-58CBC3DC2A46->0a485a2f-0ff7-4195-9566-1226e5634ef5(c0,m0,n1, attendVote=true, lastRpcSendTime=0, lastRpcResponseTime=2527) yet, just keep nextIndex unchanged and retry.
2022-02-01 13:07:28,239 [EndpointStateMachine task thread for /0.0.0.0:38243 - 0 ] INFO  ipc.Client (Client.java:handleConnectionFailure(977)) - Retrying connect to server: 0.0.0.0/0.0.0.0:38243. Already tried 1 time(s); retry policy is RetryUpToMaximumCountWithFixedSleep(maxRetries=15, sleepTime=1000 MILLISECONDS)
2022-02-01 13:07:29,239 [EndpointStateMachine task thread for /0.0.0.0:38243 - 0 ] INFO  ipc.Client (Client.java:handleConnectionFailure(977)) - Retrying connect to server: 0.0.0.0/0.0.0.0:38243. Already tried 2 time(s); retry policy is RetryUpToMaximumCountWithFixedSleep(maxRetries=15, sleepTime=1000 MILLISECONDS)
2022-02-01 13:07:29,312 [Time-limited test] INFO  utils.BackgroundService (BackgroundService.java:shutdown(132)) - Shutting down service BlockDeletingService
2022-02-01 13:07:29,828 [grpc-default-executor-1] WARN  server.GrpcLogAppender (LogUtils.java:warn(122)) - 49be740d-43e0-4e70-9568-226dcd84f562@group-58CBC3DC2A46->fdc21d65-1155-4ddf-a802-c6738f3821ca-AppendLogResponseHandler: Failed appendEntries: org.apache.ratis.thirdparty.io.grpc.StatusRuntimeException: UNAVAILABLE: io exception
2022-02-01 13:07:29,829 [grpc-default-executor-1] WARN  server.GrpcLogAppender (GrpcLogAppender.java:resetClient(110)) - 49be740d-43e0-4e70-9568-226dcd84f562@group-58CBC3DC2A46->fdc21d65-1155-4ddf-a802-c6738f3821ca-GrpcLogAppender: Leader has not got in touch with Follower 49be740d-43e0-4e70-9568-226dcd84f562@group-58CBC3DC2A46->fdc21d65-1155-4ddf-a802-c6738f3821ca(c0,m0,n1, attendVote=true, lastRpcSendTime=2507, lastRpcResponseTime=15078) yet, just keep nextIndex unchanged and retry.
2022-02-01 13:07:29,874 [grpc-default-executor-1] WARN  server.GrpcLogAppender (LogUtils.java:warn(122)) - 49be740d-43e0-4e70-9568-226dcd84f562@group-58CBC3DC2A46->0a485a2f-0ff7-4195-9566-1226e5634ef5-AppendLogResponseHandler: Failed appendEntries: org.apache.ratis.thirdparty.io.grpc.StatusRuntimeException: UNAVAILABLE: io exception
2022-02-01 13:07:29,875 [grpc-default-executor-1] WARN  server.GrpcLogAppender (GrpcLogAppender.java:resetClient(110)) - 49be740d-43e0-4e70-9568-226dcd84f562@group-58CBC3DC2A46->0a485a2f-0ff7-4195-9566-1226e5634ef5-GrpcLogAppender: Leader has not got in touch with Follower 49be740d-43e0-4e70-9568-226dcd84f562@group-58CBC3DC2A46->0a485a2f-0ff7-4195-9566-1226e5634ef5(c0,m0,n1, attendVote=true, lastRpcSendTime=0, lastRpcResponseTime=5035) yet, just keep nextIndex unchanged and retry.
2022-02-01 13:07:30,222 [ForkJoinPool.commonPool-worker-0] INFO  statemachine.DatanodeStateMachine (DatanodeStateMachine.java:stopDaemon(529)) - Ozone container server stopped.
2022-02-01 13:07:30,223 [ForkJoinPool.commonPool-worker-0] INFO  handler.ContextHandler (ContextHandler.java:doStop(1153)) - Stopped o.e.j.w.WebAppContext@3e2d6fcd{hddsDatanode,/,null,STOPPED}{jar:file:/home/runner/.m2/repository/org/apache/ozone/hdds-container-service/1.3.0-SNAPSHOT/hdds-container-service-1.3.0-SNAPSHOT.jar!/webapps/hddsDatanode}
2022-02-01 13:07:30,224 [ForkJoinPool.commonPool-worker-0] INFO  server.AbstractConnector (AbstractConnector.java:doStop(381)) - Stopped ServerConnector@627219fb{HTTP/1.1, (http/1.1)}{0.0.0.0:42491}
2022-02-01 13:07:30,224 [ForkJoinPool.commonPool-worker-0] INFO  server.session (HouseKeeper.java:stopScavenging(149)) - node0 Stopped scavenging
2022-02-01 13:07:30,224 [ForkJoinPool.commonPool-worker-0] INFO  handler.ContextHandler (ContextHandler.java:doStop(1153)) - Stopped o.e.j.s.ServletContextHandler@19388155{static,/static,jar:file:/home/runner/.m2/repository/org/apache/ozone/hdds-container-service/1.3.0-SNAPSHOT/hdds-container-service-1.3.0-SNAPSHOT.jar!/webapps/static,STOPPED}
2022-02-01 13:07:30,224 [ForkJoinPool.commonPool-worker-0] INFO  handler.ContextHandler (ContextHandler.java:doStop(1153)) - Stopped o.e.j.s.ServletContextHandler@5f8ce7a5{logs,/logs,file:///home/runner/work/ozone/ozone/hadoop-ozone/integration-test/target/log,STOPPED}
2022-02-01 13:07:30,240 [EndpointStateMachine task thread for /0.0.0.0:38243 - 0 ] INFO  ipc.Client (Client.java:handleConnectionFailure(977)) - Retrying connect to server: 0.0.0.0/0.0.0.0:38243. Already tried 3 time(s); retry policy is RetryUpToMaximumCountWithFixedSleep(maxRetries=15, sleepTime=1000 MILLISECONDS)
2022-02-01 13:07:30,466 [49be740d-43e0-4e70-9568-226dcd84f562@group-58CBC3DC2A46-LeaderStateImpl] WARN  server.RaftServer$Division (LeaderStateImpl.java:checkLeadership(974)) - 49be740d-43e0-4e70-9568-226dcd84f562@group-58CBC3DC2A46-LeaderStateImpl: Lost leadership on term: 13. Election timeout: 5200ms. In charge for: 20869ms. Conf: 0: [fdc21d65-1155-4ddf-a802-c6738f3821ca|rpc:10.1.0.40:44045|dataStream:|priority:0, 0a485a2f-0ff7-4195-9566-1226e5634ef5|rpc:10.1.0.40:41187|dataStream:|priority:0, 49be740d-43e0-4e70-9568-226dcd84f562|rpc:10.1.0.40:44177|dataStream:|priority:1], old=null
2022-02-01 13:07:30,467 [49be740d-43e0-4e70-9568-226dcd84f562@group-58CBC3DC2A46-LeaderStateImpl] WARN  server.RaftServer$Division (LeaderStateImpl.java:lambda$checkLeadership$15(978)) - Follower 49be740d-43e0-4e70-9568-226dcd84f562@group-58CBC3DC2A46->fdc21d65-1155-4ddf-a802-c6738f3821ca(c0,m0,n1, attendVote=true, lastRpcSendTime=633, lastRpcResponseTime=15716)
2022-02-01 13:07:30,467 [49be740d-43e0-4e70-9568-226dcd84f562@group-58CBC3DC2A46-LeaderStateImpl] WARN  server.RaftServer$Division (LeaderStateImpl.java:lambda$checkLeadership$15(978)) - Follower 49be740d-43e0-4e70-9568-226dcd84f562@group-58CBC3DC2A46->0a485a2f-0ff7-4195-9566-1226e5634ef5(c0,m0,n1, attendVote=true, lastRpcSendTime=593, lastRpcResponseTime=5627)
2022-02-01 13:07:30,467 [49be740d-43e0-4e70-9568-226dcd84f562@group-58CBC3DC2A46-LeaderStateImpl] INFO  server.RaftServer$Division (RaftServerImpl.java:setRole(290)) - 49be740d-43e0-4e70-9568-226dcd84f562@group-58CBC3DC2A46: changes role from    LEADER to FOLLOWER at term 13 for StepDownReason:LOST_MAJORITY_HEARTBEATS
2022-02-01 13:07:30,468 [49be740d-43e0-4e70-9568-226dcd84f562@group-58CBC3DC2A46-LeaderStateImpl] INFO  impl.RoleInfo (RoleInfo.java:shutdownLeaderState(91)) - 49be740d-43e0-4e70-9568-226dcd84f562: shutdown 49be740d-43e0-4e70-9568-226dcd84f562@group-58CBC3DC2A46-LeaderStateImpl
2022-02-01 13:07:30,468 [49be740d-43e0-4e70-9568-226dcd84f562@group-58CBC3DC2A46-LeaderStateImpl] INFO  impl.PendingRequests (PendingRequests.java:sendNotLeaderResponses(282)) - 49be740d-43e0-4e70-9568-226dcd84f562@group-58CBC3DC2A46-PendingRequests: sendNotLeaderResponses
2022-02-01 13:07:30,468 [49be740d-43e0-4e70-9568-226dcd84f562@group-58CBC3DC2A46-LeaderStateImpl] INFO  impl.RoleInfo (RoleInfo.java:updateAndGet(130)) - 49be740d-43e0-4e70-9568-226dcd84f562: start 49be740d-43e0-4e70-9568-226dcd84f562@group-58CBC3DC2A46-FollowerState
2022-02-01 13:07:30,625 [Datanode State Machine Daemon Thread] WARN  statemachine.StateContext (StateContext.java:setState(249)) - Ignore disallowed transition from SHUTDOWN to RUNNING
2022-02-01 13:07:31,240 [EndpointStateMachine task thread for /0.0.0.0:38243 - 0 ] INFO  ipc.Client (Client.java:handleConnectionFailure(977)) - Retrying connect to server: 0.0.0.0/0.0.0.0:38243. Already tried 4 time(s); retry policy is RetryUpToMaximumCountWithFixedSleep(maxRetries=15, sleepTime=1000 MILLISECONDS)
2022-02-01 13:07:32,241 [EndpointStateMachine task thread for /0.0.0.0:38243 - 0 ] INFO  ipc.Client (Client.java:handleConnectionFailure(977)) - Retrying connect to server: 0.0.0.0/0.0.0.0:38243. Already tried 5 time(s); retry policy is RetryUpToMaximumCountWithFixedSleep(maxRetries=15, sleepTime=1000 MILLISECONDS)
2022-02-01 13:07:32,342 [Time-limited test] INFO  statemachine.DatanodeStateMachine (DatanodeStateMachine.java:stopDaemon(529)) - Ozone container server stopped.
2022-02-01 13:07:32,344 [Time-limited test] INFO  handler.ContextHandler (ContextHandler.java:doStop(1153)) - Stopped o.e.j.w.WebAppContext@4e961256{hddsDatanode,/,null,STOPPED}{jar:file:/home/runner/.m2/repository/org/apache/ozone/hdds-container-service/1.3.0-SNAPSHOT/hdds-container-service-1.3.0-SNAPSHOT.jar!/webapps/hddsDatanode}
2022-02-01 13:07:32,354 [Time-limited test] INFO  server.AbstractConnector (AbstractConnector.java:doStop(381)) - Stopped ServerConnector@5aade275{HTTP/1.1, (http/1.1)}{0.0.0.0:0}
2022-02-01 13:07:32,354 [Time-limited test] INFO  server.session (HouseKeeper.java:stopScavenging(149)) - node0 Stopped scavenging
2022-02-01 13:07:32,354 [Time-limited test] INFO  handler.ContextHandler (ContextHandler.java:doStop(1153)) - Stopped o.e.j.s.ServletContextHandler@6ebd637c{static,/static,jar:file:/home/runner/.m2/repository/org/apache/ozone/hdds-container-service/1.3.0-SNAPSHOT/hdds-container-service-1.3.0-SNAPSHOT.jar!/webapps/static,STOPPED}
2022-02-01 13:07:32,355 [Time-limited test] INFO  handler.ContextHandler (ContextHandler.java:doStop(1153)) - Stopped o.e.j.s.ServletContextHandler@86dfb7f{logs,/logs,file:///home/runner/work/ozone/ozone/hadoop-ozone/integration-test/target/log,STOPPED}
2022-02-01 13:07:33,242 [EndpointStateMachine task thread for /0.0.0.0:38243 - 0 ] INFO  ipc.Client (Client.java:handleConnectionFailure(977)) - Retrying connect to server: 0.0.0.0/0.0.0.0:38243. Already tried 6 time(s); retry policy is RetryUpToMaximumCountWithFixedSleep(maxRetries=15, sleepTime=1000 MILLISECONDS)
2022-02-01 13:07:34,243 [EndpointStateMachine task thread for /0.0.0.0:38243 - 0 ] INFO  ipc.Client (Client.java:handleConnectionFailure(977)) - Retrying connect to server: 0.0.0.0/0.0.0.0:38243. Already tried 7 time(s); retry policy is RetryUpToMaximumCountWithFixedSleep(maxRetries=15, sleepTime=1000 MILLISECONDS)
2022-02-01 13:07:35,230 [ForkJoinPool.commonPool-worker-0] INFO  ozoneimpl.OzoneContainer (OzoneContainer.java:stop(336)) - Attempting to stop container services.
2022-02-01 13:07:35,231 [ForkJoinPool.commonPool-worker-0] INFO  server.RaftServer (RaftServerProxy.java:lambda$close$6(391)) - 49be740d-43e0-4e70-9568-226dcd84f562: close
2022-02-01 13:07:35,231 [ForkJoinPool.commonPool-worker-0] INFO  server.RaftServer$Division (RaftServerImpl.java:lambda$close$4(412)) - 49be740d-43e0-4e70-9568-226dcd84f562@group-846D385B2290: shutdown
2022-02-01 13:07:35,231 [ForkJoinPool.commonPool-worker-0] INFO  util.JmxRegister (JmxRegister.java:unregister(73)) - Successfully un-registered JMX Bean with object name Ratis:service=RaftServer,group=group-846D385B2290,id=49be740d-43e0-4e70-9568-226dcd84f562
2022-02-01 13:07:35,231 [ForkJoinPool.commonPool-worker-0] INFO  impl.RoleInfo (RoleInfo.java:shutdownLeaderState(91)) - 49be740d-43e0-4e70-9568-226dcd84f562: shutdown 49be740d-43e0-4e70-9568-226dcd84f562@group-846D385B2290-LeaderStateImpl
2022-02-01 13:07:35,231 [ForkJoinPool.commonPool-worker-0] INFO  impl.PendingRequests (PendingRequests.java:sendNotLeaderResponses(282)) - 49be740d-43e0-4e70-9568-226dcd84f562@group-846D385B2290-PendingRequests: sendNotLeaderResponses
2022-02-01 13:07:35,232 [ForkJoinPool.commonPool-worker-0] INFO  impl.StateMachineUpdater (StateMachineUpdater.java:stopAndJoin(149)) - 49be740d-43e0-4e70-9568-226dcd84f562@group-846D385B2290-StateMachineUpdater: set stopIndex = 0
2022-02-01 13:07:35,232 [49be740d-43e0-4e70-9568-226dcd84f562@group-846D385B2290-StateMachineUpdater] INFO  ratis.ContainerStateMachine (ContainerStateMachine.java:takeSnapshot(299)) - group-846D385B2290: Taking a snapshot at:(t:1, i:0) file /home/runner/work/ozone/ozone/hadoop-ozone/integration-test/target/test-dir/MiniOzoneClusterImpl-8a3c48c2-e56b-48f6-9d69-6421286ed0f4/datanode-2/data/ratis/a48da3d5-36b2-4a1b-8025-846d385b2290/sm/snapshot.1_0
2022-02-01 13:07:35,234 [49be740d-43e0-4e70-9568-226dcd84f562@group-846D385B2290-StateMachineUpdater] INFO  ratis.ContainerStateMachine (ContainerStateMachine.java:takeSnapshot(310)) - group-846D385B2290: Finished taking a snapshot at:(t:1, i:0) file:/home/runner/work/ozone/ozone/hadoop-ozone/integration-test/target/test-dir/MiniOzoneClusterImpl-8a3c48c2-e56b-48f6-9d69-6421286ed0f4/datanode-2/data/ratis/a48da3d5-36b2-4a1b-8025-846d385b2290/sm/snapshot.1_0 took: 2 ms
2022-02-01 13:07:35,234 [49be740d-43e0-4e70-9568-226dcd84f562@group-846D385B2290-StateMachineUpdater] INFO  impl.StateMachineUpdater (StateMachineUpdater.java:takeSnapshot(281)) - 49be740d-43e0-4e70-9568-226dcd84f562@group-846D385B2290-StateMachineUpdater: Took a snapshot at index 0
2022-02-01 13:07:35,234 [49be740d-43e0-4e70-9568-226dcd84f562@group-846D385B2290-StateMachineUpdater] INFO  impl.StateMachineUpdater (StateMachineUpdater.java:lambda$new$0(89)) - 49be740d-43e0-4e70-9568-226dcd84f562@group-846D385B2290-StateMachineUpdater: snapshotIndex: updateIncreasingly -1 -> 0
2022-02-01 13:07:35,235 [ForkJoinPool.commonPool-worker-0] INFO  server.RaftServer$Division (ServerState.java:close(419)) - 49be740d-43e0-4e70-9568-226dcd84f562@group-846D385B2290: closes. applyIndex: 0
2022-02-01 13:07:35,235 [49be740d-43e0-4e70-9568-226dcd84f562@group-846D385B2290-SegmentedRaftLogWorker] INFO  segmented.SegmentedRaftLogWorker (SegmentedRaftLogWorker.java:run(327)) - 49be740d-43e0-4e70-9568-226dcd84f562@group-846D385B2290-SegmentedRaftLogWorker was interrupted, exiting. There are 0 tasks remaining in the queue.
2022-02-01 13:07:35,243 [EndpointStateMachine task thread for /0.0.0.0:38243 - 0 ] INFO  ipc.Client (Client.java:handleConnectionFailure(977)) - Retrying connect to server: 0.0.0.0/0.0.0.0:38243. Already tried 8 time(s); retry policy is RetryUpToMaximumCountWithFixedSleep(maxRetries=15, sleepTime=1000 MILLISECONDS)
2022-02-01 13:07:35,253 [ForkJoinPool.commonPool-worker-0] INFO  segmented.SegmentedRaftLogWorker (SegmentedRaftLogWorker.java:close(237)) - 49be740d-43e0-4e70-9568-226dcd84f562@group-846D385B2290-SegmentedRaftLogWorker close()
2022-02-01 13:07:35,262 [ForkJoinPool.commonPool-worker-0] INFO  server.RaftServer$Division (RaftServerImpl.java:lambda$close$4(412)) - 49be740d-43e0-4e70-9568-226dcd84f562@group-58CBC3DC2A46: shutdown
2022-02-01 13:07:35,262 [ForkJoinPool.commonPool-worker-0] INFO  util.JmxRegister (JmxRegister.java:unregister(73)) - Successfully un-registered JMX Bean with object name Ratis:service=RaftServer,group=group-58CBC3DC2A46,id=49be740d-43e0-4e70-9568-226dcd84f562
2022-02-01 13:07:35,262 [ForkJoinPool.commonPool-worker-0] INFO  impl.RoleInfo (RoleInfo.java:shutdownFollowerState(108)) - 49be740d-43e0-4e70-9568-226dcd84f562: shutdown 49be740d-43e0-4e70-9568-226dcd84f562@group-58CBC3DC2A46-FollowerState
2022-02-01 13:07:35,262 [ForkJoinPool.commonPool-worker-0] INFO  impl.StateMachineUpdater (StateMachineUpdater.java:stopAndJoin(149)) - 49be740d-43e0-4e70-9568-226dcd84f562@group-58CBC3DC2A46-StateMachineUpdater: set stopIndex = 0
2022-02-01 13:07:35,263 [49be740d-43e0-4e70-9568-226dcd84f562@group-58CBC3DC2A46-FollowerState] INFO  impl.FollowerState (FollowerState.java:run(143)) - 49be740d-43e0-4e70-9568-226dcd84f562@group-58CBC3DC2A46-FollowerState was interrupted: {}
java.lang.InterruptedException: sleep interrupted
	at java.lang.Thread.sleep(Native Method)
	at java.lang.Thread.sleep(Thread.java:340)
	at java.util.concurrent.TimeUnit.sleep(TimeUnit.java:386)
	at org.apache.ratis.util.TimeDuration.sleep(TimeDuration.java:324)
	at org.apache.ratis.util.TimeDuration.sleep(TimeDuration.java:309)
	at org.apache.ratis.server.impl.FollowerState.run(FollowerState.java:118)
2022-02-01 13:07:35,274 [49be740d-43e0-4e70-9568-226dcd84f562@group-58CBC3DC2A46-StateMachineUpdater] INFO  ratis.ContainerStateMachine (ContainerStateMachine.java:takeSnapshot(299)) - group-58CBC3DC2A46: Taking a snapshot at:(t:13, i:0) file /home/runner/work/ozone/ozone/hadoop-ozone/integration-test/target/test-dir/MiniOzoneClusterImpl-8a3c48c2-e56b-48f6-9d69-6421286ed0f4/datanode-2/data/ratis/386d006c-0949-4f14-bb63-58cbc3dc2a46/sm/snapshot.13_0
2022-02-01 13:07:35,275 [49be740d-43e0-4e70-9568-226dcd84f562@group-58CBC3DC2A46-StateMachineUpdater] INFO  ratis.ContainerStateMachine (ContainerStateMachine.java:takeSnapshot(310)) - group-58CBC3DC2A46: Finished taking a snapshot at:(t:13, i:0) file:/home/runner/work/ozone/ozone/hadoop-ozone/integration-test/target/test-dir/MiniOzoneClusterImpl-8a3c48c2-e56b-48f6-9d69-6421286ed0f4/datanode-2/data/ratis/386d006c-0949-4f14-bb63-58cbc3dc2a46/sm/snapshot.13_0 took: 1 ms
2022-02-01 13:07:35,276 [49be740d-43e0-4e70-9568-226dcd84f562@group-58CBC3DC2A46-StateMachineUpdater] INFO  impl.StateMachineUpdater (StateMachineUpdater.java:takeSnapshot(281)) - 49be740d-43e0-4e70-9568-226dcd84f562@group-58CBC3DC2A46-StateMachineUpdater: Took a snapshot at index 0
2022-02-01 13:07:35,276 [49be740d-43e0-4e70-9568-226dcd84f562@group-58CBC3DC2A46-StateMachineUpdater] INFO  impl.StateMachineUpdater (StateMachineUpdater.java:lambda$new$0(89)) - 49be740d-43e0-4e70-9568-226dcd84f562@group-58CBC3DC2A46-StateMachineUpdater: snapshotIndex: updateIncreasingly -1 -> 0
2022-02-01 13:07:35,276 [ForkJoinPool.commonPool-worker-0] INFO  server.RaftServer$Division (ServerState.java:close(419)) - 49be740d-43e0-4e70-9568-226dcd84f562@group-58CBC3DC2A46: closes. applyIndex: 0
2022-02-01 13:07:35,276 [49be740d-43e0-4e70-9568-226dcd84f562@group-58CBC3DC2A46-SegmentedRaftLogWorker] INFO  segmented.SegmentedRaftLogWorker (SegmentedRaftLogWorker.java:run(327)) - 49be740d-43e0-4e70-9568-226dcd84f562@group-58CBC3DC2A46-SegmentedRaftLogWorker was interrupted, exiting. There are 0 tasks remaining in the queue.
2022-02-01 13:07:35,277 [ForkJoinPool.commonPool-worker-0] INFO  segmented.SegmentedRaftLogWorker (SegmentedRaftLogWorker.java:close(237)) - 49be740d-43e0-4e70-9568-226dcd84f562@group-58CBC3DC2A46-SegmentedRaftLogWorker close()
2022-02-01 13:07:35,279 [ForkJoinPool.commonPool-worker-0] INFO  server.GrpcService (GrpcService.java:closeImpl(262)) - 49be740d-43e0-4e70-9568-226dcd84f562: shutdown server with port 44177 now
2022-02-01 13:07:35,280 [ForkJoinPool.commonPool-worker-0] INFO  server.GrpcService (GrpcService.java:closeImpl(271)) - 49be740d-43e0-4e70-9568-226dcd84f562: shutdown server with port 44177 successfully
2022-02-01 13:07:35,286 [org.apache.ratis.util.JvmPauseMonitor$$Lambda$431/624767945@10b64c3b] INFO  util.JvmPauseMonitor (JvmPauseMonitor.java:run(109)) - JvmPauseMonitor-49be740d-43e0-4e70-9568-226dcd84f562: Stopped
2022-02-01 13:07:36,244 [EndpointStateMachine task thread for /0.0.0.0:38243 - 0 ] INFO  ipc.Client (Client.java:handleConnectionFailure(977)) - Retrying connect to server: 0.0.0.0/0.0.0.0:38243. Already tried 9 time(s); retry policy is RetryUpToMaximumCountWithFixedSleep(maxRetries=15, sleepTime=1000 MILLISECONDS)
2022-02-01 13:07:37,245 [EndpointStateMachine task thread for /0.0.0.0:38243 - 0 ] INFO  ipc.Client (Client.java:handleConnectionFailure(977)) - Retrying connect to server: 0.0.0.0/0.0.0.0:38243. Already tried 10 time(s); retry policy is RetryUpToMaximumCountWithFixedSleep(maxRetries=15, sleepTime=1000 MILLISECONDS)
2022-02-01 13:07:37,330 [ForkJoinPool.commonPool-worker-0] INFO  utils.BackgroundService (BackgroundService.java:shutdown(132)) - Shutting down service BlockDeletingService
2022-02-01 13:07:38,245 [EndpointStateMachine task thread for /0.0.0.0:38243 - 0 ] INFO  ipc.Client (Client.java:handleConnectionFailure(977)) - Retrying connect to server: 0.0.0.0/0.0.0.0:38243. Already tried 11 time(s); retry policy is RetryUpToMaximumCountWithFixedSleep(maxRetries=15, sleepTime=1000 MILLISECONDS)
2022-02-01 13:07:39,246 [EndpointStateMachine task thread for /0.0.0.0:38243 - 0 ] INFO  ipc.Client (Client.java:handleConnectionFailure(977)) - Retrying connect to server: 0.0.0.0/0.0.0.0:38243. Already tried 12 time(s); retry policy is RetryUpToMaximumCountWithFixedSleep(maxRetries=15, sleepTime=1000 MILLISECONDS)
2022-02-01 13:07:40,247 [EndpointStateMachine task thread for /0.0.0.0:38243 - 0 ] INFO  ipc.Client (Client.java:handleConnectionFailure(977)) - Retrying connect to server: 0.0.0.0/0.0.0.0:38243. Already tried 13 time(s); retry policy is RetryUpToMaximumCountWithFixedSleep(maxRetries=15, sleepTime=1000 MILLISECONDS)
2022-02-01 13:07:40,341 [ForkJoinPool.commonPool-worker-0] INFO  statemachine.DatanodeStateMachine (DatanodeStateMachine.java:stopDaemon(529)) - Ozone container server stopped.
2022-02-01 13:07:40,342 [ForkJoinPool.commonPool-worker-0] INFO  handler.ContextHandler (ContextHandler.java:doStop(1153)) - Stopped o.e.j.w.WebAppContext@2db75f54{hddsDatanode,/,null,STOPPED}{jar:file:/home/runner/.m2/repository/org/apache/ozone/hdds-container-service/1.3.0-SNAPSHOT/hdds-container-service-1.3.0-SNAPSHOT.jar!/webapps/hddsDatanode}
2022-02-01 13:07:40,343 [ForkJoinPool.commonPool-worker-0] INFO  server.AbstractConnector (AbstractConnector.java:doStop(381)) - Stopped ServerConnector@2196d5ab{HTTP/1.1, (http/1.1)}{0.0.0.0:0}
2022-02-01 13:07:40,343 [ForkJoinPool.commonPool-worker-0] INFO  server.session (HouseKeeper.java:stopScavenging(149)) - node0 Stopped scavenging
2022-02-01 13:07:40,343 [ForkJoinPool.commonPool-worker-0] INFO  handler.ContextHandler (ContextHandler.java:doStop(1153)) - Stopped o.e.j.s.ServletContextHandler@685edf3f{static,/static,jar:file:/home/runner/.m2/repository/org/apache/ozone/hdds-container-service/1.3.0-SNAPSHOT/hdds-container-service-1.3.0-SNAPSHOT.jar!/webapps/static,STOPPED}
2022-02-01 13:07:40,343 [ForkJoinPool.commonPool-worker-0] INFO  handler.ContextHandler (ContextHandler.java:doStop(1153)) - Stopped o.e.j.s.ServletContextHandler@6dd23b5a{logs,/logs,file:///home/runner/work/ozone/ozone/hadoop-ozone/integration-test/target/log,STOPPED}
2022-02-01 13:07:40,350 [Time-limited test] INFO  ozone.MiniOzoneClusterImpl (MiniOzoneClusterImpl.java:stopSCM(526)) - Stopping the StorageContainerManager
2022-02-01 13:07:40,350 [Time-limited test] INFO  server.StorageContainerManager (StorageContainerManager.java:stop(1390)) - Stopping Container Balancer service.
2022-02-01 13:07:40,350 [Time-limited test] INFO  balancer.ContainerBalancer (ContainerBalancer.java:stop(751)) - Container Balancer is not running.
2022-02-01 13:07:40,350 [Time-limited test] INFO  server.StorageContainerManager (StorageContainerManager.java:stop(1397)) - Stopping Replication Manager Service.
2022-02-01 13:07:40,350 [Time-limited test] INFO  container.ReplicationManager (ReplicationManager.java:stop(364)) - Replication Monitor Thread is not running.
2022-02-01 13:07:40,350 [Time-limited test] INFO  server.StorageContainerManager (StorageContainerManager.java:stop(1404)) - Stopping the Datanode Admin Monitor.
2022-02-01 13:07:40,350 [Time-limited test] INFO  server.StorageContainerManager (StorageContainerManager.java:stop(1411)) - Stopping Lease Manager of the command watchers
2022-02-01 13:07:40,351 [Time-limited test] ERROR server.StorageContainerManager (StorageContainerManager.java:stop(1414)) - Lease Manager of the command watchers stop failed
2022-02-01 13:07:40,351 [Time-limited test] INFO  server.StorageContainerManager (StorageContainerManager.java:stop(1418)) - Stopping datanode service RPC server
2022-02-01 13:07:40,351 [Time-limited test] INFO  server.SCMDatanodeProtocolServer (SCMDatanodeProtocolServer.java:stop(390)) - Stopping the RPC server for DataNodes
2022-02-01 13:07:40,351 [Time-limited test] INFO  ipc.Server (Server.java:stop(3414)) - Stopping server on 38243
2022-02-01 13:07:40,351 [Time-limited test] INFO  server.StorageContainerManager (StorageContainerManager.java:stop(1426)) - Stopping block service RPC server
2022-02-01 13:07:40,351 [Time-limited test] INFO  server.SCMBlockProtocolServer (SCMBlockProtocolServer.java:stop(160)) - Stopping the RPC server for Block Protocol
2022-02-01 13:07:40,351 [Time-limited test] INFO  ipc.Server (Server.java:stop(3414)) - Stopping server on 44303
2022-02-01 13:07:40,351 [Time-limited test] INFO  server.StorageContainerManager (StorageContainerManager.java:stop(1433)) - Stopping the StorageContainerLocationProtocol RPC server
2022-02-01 13:07:40,351 [Time-limited test] INFO  server.SCMClientProtocolServer (SCMClientProtocolServer.java:stop(174)) - Stopping the RPC server for Client Protocol
2022-02-01 13:07:40,351 [Time-limited test] INFO  ipc.Server (Server.java:stop(3414)) - Stopping server on 46647
2022-02-01 13:07:40,351 [Time-limited test] INFO  server.StorageContainerManager (StorageContainerManager.java:stop(1440)) - Stopping Storage Container Manager HTTP server.
2022-02-01 13:07:40,357 [Time-limited test] INFO  server.StorageContainerManager (StorageContainerManager.java:stop(1451)) - Stopping Block Manager Service.
2022-02-01 13:07:40,357 [Time-limited test] INFO  utils.BackgroundService (BackgroundService.java:shutdown(132)) - Shutting down service SCMBlockDeletingService
2022-02-01 13:07:40,357 [Time-limited test] INFO  utils.BackgroundService (BackgroundService.java:shutdown(132)) - Shutting down service SCMBlockDeletingService
2022-02-01 13:07:40,357 [Time-limited test] INFO  server.StorageContainerManager (StorageContainerManager.java:stop(1478)) - Stopping SCM Event Queue.
2022-02-01 13:07:40,358 [Time-limited test] INFO  server.StorageContainerManager (StorageContainerManager.java:stop(1489)) - Stopping SCM HA services.
2022-02-01 13:07:40,358 [Time-limited test] INFO  ha.SCMRatisServerImpl (SCMRatisServerImpl.java:stop(236)) - stopping ratis server 0.0.0.0:9894
2022-02-01 13:07:40,358 [Time-limited test] WARN  pipeline.BackgroundPipelineCreator (BackgroundPipelineCreator.java:stop(154)) - RatisPipelineUtilsThread is not running, just ignore.
2022-02-01 13:07:40,358 [Time-limited test] INFO  server.StorageContainerManager (StorageContainerManager.java:stop(1499)) - Stopping SCM MetadataStore.
2022-02-01 13:07:40,358 [Time-limited test] INFO  impl.MetricsSystemImpl (MetricsSystemImpl.java:stop(210)) - Stopping HddsDatanode metrics system...
2022-02-01 13:07:40,376 [prometheus] INFO  impl.MetricsSinkAdapter (MetricsSinkAdapter.java:publishMetricsFromQueue(141)) - prometheus thread interrupted.
2022-02-01 13:07:40,378 [Time-limited test] INFO  impl.MetricsSystemImpl (MetricsSystemImpl.java:stop(216)) - HddsDatanode metrics system stopped.
]]></system-out>
  </testcase>
  <testcase name="testDatanodeIDPersistent" classname="org.apache.hadoop.ozone.TestMiniOzoneCluster" time="0.092"/>
  <testcase name="testContainerRandomPort" classname="org.apache.hadoop.ozone.TestMiniOzoneCluster" time="25.513"/>
</testsuite>