<?xml version="1.0" encoding="UTF-8"?>
<testsuite xmlns:xsi="http://www.w3.org/2001/XMLSchema-instance" xsi:noNamespaceSchemaLocation="https://maven.apache.org/surefire/maven-surefire-plugin/xsd/surefire-test-report.xsd" name="org.apache.hadoop.fs.s3a.ITestS3AContractGetFileStatusV1List" time="10.675" tests="20" errors="1" skipped="0" failures="0">
  <properties>
    <property name="awt.toolkit" value="sun.awt.X11.XToolkit"/>
    <property name="java.specification.version" value="11"/>
    <property name="sun.cpu.isalist" value=""/>
    <property name="sun.jnu.encoding" value="UTF-8"/>
    <property name="java.class.path" value="/home/runner/work/ozone/ozone/target/hadoop-src/target/test-classes:/home/runner/work/ozone/ozone/target/hadoop-src/target/classes:/home/runner/.m2/repository/org/apache/hadoop/hadoop-common/3.4.1/hadoop-common-3.4.1.jar:/home/runner/.m2/repository/org/apache/hadoop/thirdparty/hadoop-shaded-protobuf_3_25/1.3.0/hadoop-shaded-protobuf_3_25-1.3.0.jar:/home/runner/.m2/repository/org/apache/hadoop/hadoop-annotations/3.4.1/hadoop-annotations-3.4.1.jar:/home/runner/.m2/repository/org/apache/hadoop/thirdparty/hadoop-shaded-guava/1.3.0/hadoop-shaded-guava-1.3.0.jar:/home/runner/.m2/repository/com/google/guava/guava/27.0-jre/guava-27.0-jre.jar:/home/runner/.m2/repository/com/google/guava/failureaccess/1.0/failureaccess-1.0.jar:/home/runner/.m2/repository/com/google/guava/listenablefuture/9999.0-empty-to-avoid-conflict-with-guava/listenablefuture-9999.0-empty-to-avoid-conflict-with-guava.jar:/home/runner/.m2/repository/org/checkerframework/checker-qual/2.5.2/checker-qual-2.5.2.jar:/home/runner/.m2/repository/com/google/j2objc/j2objc-annotations/1.1/j2objc-annotations-1.1.jar:/home/runner/.m2/repository/org/codehaus/mojo/animal-sniffer-annotations/1.17/animal-sniffer-annotations-1.17.jar:/home/runner/.m2/repository/commons-cli/commons-cli/1.5.0/commons-cli-1.5.0.jar:/home/runner/.m2/repository/org/apache/commons/commons-math3/3.6.1/commons-math3-3.6.1.jar:/home/runner/.m2/repository/org/apache/httpcomponents/httpclient/4.5.13/httpclient-4.5.13.jar:/home/runner/.m2/repository/org/apache/httpcomponents/httpcore/4.4.13/httpcore-4.4.13.jar:/home/runner/.m2/repository/commons-logging/commons-logging/1.2/commons-logging-1.2.jar:/home/runner/.m2/repository/commons-codec/commons-codec/1.15/commons-codec-1.15.jar:/home/runner/.m2/repository/commons-io/commons-io/2.16.1/commons-io-2.16.1.jar:/home/runner/.m2/repository/commons-net/commons-net/3.9.0/commons-net-3.9.0.jar:/home/runner/.m2/repository/commons-collections/commons-collections/3.2.2/commons-collections-3.2.2.jar:/home/runner/.m2/repository/javax/servlet/javax.servlet-api/3.1.0/javax.servlet-api-3.1.0.jar:/home/runner/.m2/repository/jakarta/activation/jakarta.activation-api/1.2.1/jakarta.activation-api-1.2.1.jar:/home/runner/.m2/repository/org/eclipse/jetty/jetty-server/9.4.53.v20231009/jetty-server-9.4.53.v20231009.jar:/home/runner/.m2/repository/org/eclipse/jetty/jetty-http/9.4.53.v20231009/jetty-http-9.4.53.v20231009.jar:/home/runner/.m2/repository/org/eclipse/jetty/jetty-io/9.4.53.v20231009/jetty-io-9.4.53.v20231009.jar:/home/runner/.m2/repository/org/eclipse/jetty/jetty-util/9.4.53.v20231009/jetty-util-9.4.53.v20231009.jar:/home/runner/.m2/repository/org/eclipse/jetty/jetty-servlet/9.4.53.v20231009/jetty-servlet-9.4.53.v20231009.jar:/home/runner/.m2/repository/org/eclipse/jetty/jetty-security/9.4.53.v20231009/jetty-security-9.4.53.v20231009.jar:/home/runner/.m2/repository/org/eclipse/jetty/jetty-webapp/9.4.53.v20231009/jetty-webapp-9.4.53.v20231009.jar:/home/runner/.m2/repository/org/eclipse/jetty/jetty-xml/9.4.53.v20231009/jetty-xml-9.4.53.v20231009.jar:/home/runner/.m2/repository/javax/servlet/jsp/jsp-api/2.1/jsp-api-2.1.jar:/home/runner/.m2/repository/com/sun/jersey/jersey-core/1.19.4/jersey-core-1.19.4.jar:/home/runner/.m2/repository/javax/ws/rs/jsr311-api/1.1.1/jsr311-api-1.1.1.jar:/home/runner/.m2/repository/com/sun/jersey/jersey-servlet/1.19.4/jersey-servlet-1.19.4.jar:/home/runner/.m2/repository/com/github/pjfanning/jersey-json/1.22.0/jersey-json-1.22.0.jar:/home/runner/.m2/repository/com/sun/xml/bind/jaxb-impl/2.2.3-1/jaxb-impl-2.2.3-1.jar:/home/runner/.m2/repository/org/codehaus/jettison/jettison/1.5.4/jettison-1.5.4.jar:/home/runner/.m2/repository/com/sun/jersey/jersey-server/1.19.4/jersey-server-1.19.4.jar:/home/runner/.m2/repository/ch/qos/reload4j/reload4j/1.2.22/reload4j-1.2.22.jar:/home/runner/.m2/repository/commons-beanutils/commons-beanutils/1.9.4/commons-beanutils-1.9.4.jar:/home/runner/.m2/repository/org/apache/commons/commons-configuration2/2.10.1/commons-configuration2-2.10.1.jar:/home/runner/.m2/repository/org/apache/commons/commons-lang3/3.12.0/commons-lang3-3.12.0.jar:/home/runner/.m2/repository/org/apache/commons/commons-text/1.10.0/commons-text-1.10.0.jar:/home/runner/.m2/repository/org/slf4j/slf4j-api/1.7.36/slf4j-api-1.7.36.jar:/home/runner/.m2/repository/org/apache/avro/avro/1.9.2/avro-1.9.2.jar:/home/runner/.m2/repository/com/fasterxml/jackson/core/jackson-core/2.12.7/jackson-core-2.12.7.jar:/home/runner/.m2/repository/com/google/re2j/re2j/1.1/re2j-1.1.jar:/home/runner/.m2/repository/com/google/code/gson/gson/2.9.0/gson-2.9.0.jar:/home/runner/.m2/repository/org/apache/hadoop/hadoop-auth/3.4.1/hadoop-auth-3.4.1.jar:/home/runner/.m2/repository/com/nimbusds/nimbus-jose-jwt/9.37.2/nimbus-jose-jwt-9.37.2.jar:/home/runner/.m2/repository/com/github/stephenc/jcip/jcip-annotations/1.0-1/jcip-annotations-1.0-1.jar:/home/runner/.m2/repository/org/apache/curator/curator-framework/5.2.0/curator-framework-5.2.0.jar:/home/runner/.m2/repository/org/apache/kerby/kerb-util/2.0.3/kerb-util-2.0.3.jar:/home/runner/.m2/repository/org/apache/kerby/kerby-config/2.0.3/kerby-config-2.0.3.jar:/home/runner/.m2/repository/org/apache/kerby/kerb-crypto/2.0.3/kerb-crypto-2.0.3.jar:/home/runner/.m2/repository/com/jcraft/jsch/0.1.55/jsch-0.1.55.jar:/home/runner/.m2/repository/org/apache/curator/curator-client/5.2.0/curator-client-5.2.0.jar:/home/runner/.m2/repository/org/apache/curator/curator-recipes/5.2.0/curator-recipes-5.2.0.jar:/home/runner/.m2/repository/com/google/code/findbugs/jsr305/3.0.2/jsr305-3.0.2.jar:/home/runner/.m2/repository/org/apache/zookeeper/zookeeper/3.8.4/zookeeper-3.8.4.jar:/home/runner/.m2/repository/org/apache/zookeeper/zookeeper-jute/3.8.4/zookeeper-jute-3.8.4.jar:/home/runner/.m2/repository/org/apache/yetus/audience-annotations/0.12.0/audience-annotations-0.12.0.jar:/home/runner/.m2/repository/io/netty/netty-handler/4.1.100.Final/netty-handler-4.1.100.Final.jar:/home/runner/.m2/repository/io/netty/netty-common/4.1.100.Final/netty-common-4.1.100.Final.jar:/home/runner/.m2/repository/io/netty/netty-resolver/4.1.100.Final/netty-resolver-4.1.100.Final.jar:/home/runner/.m2/repository/io/netty/netty-buffer/4.1.100.Final/netty-buffer-4.1.100.Final.jar:/home/runner/.m2/repository/io/netty/netty-transport/4.1.100.Final/netty-transport-4.1.100.Final.jar:/home/runner/.m2/repository/io/netty/netty-transport-native-unix-common/4.1.100.Final/netty-transport-native-unix-common-4.1.100.Final.jar:/home/runner/.m2/repository/io/netty/netty-codec/4.1.100.Final/netty-codec-4.1.100.Final.jar:/home/runner/.m2/repository/io/netty/netty-transport-native-epoll/4.1.100.Final/netty-transport-native-epoll-4.1.100.Final.jar:/home/runner/.m2/repository/io/netty/netty-transport-classes-epoll/4.1.100.Final/netty-transport-classes-epoll-4.1.100.Final.jar:/home/runner/.m2/repository/io/dropwizard/metrics/metrics-core/3.2.4/metrics-core-3.2.4.jar:/home/runner/.m2/repository/org/apache/commons/commons-compress/1.26.1/commons-compress-1.26.1.jar:/home/runner/.m2/repository/org/apache/kerby/kerb-core/2.0.3/kerb-core-2.0.3.jar:/home/runner/.m2/repository/org/apache/kerby/kerby-pkix/2.0.3/kerby-pkix-2.0.3.jar:/home/runner/.m2/repository/org/apache/kerby/kerby-asn1/2.0.3/kerby-asn1-2.0.3.jar:/home/runner/.m2/repository/org/apache/kerby/kerby-util/2.0.3/kerby-util-2.0.3.jar:/home/runner/.m2/repository/com/fasterxml/jackson/core/jackson-databind/2.12.7.1/jackson-databind-2.12.7.1.jar:/home/runner/.m2/repository/com/fasterxml/jackson/core/jackson-annotations/2.12.7/jackson-annotations-2.12.7.jar:/home/runner/.m2/repository/org/codehaus/woodstox/stax2-api/4.2.1/stax2-api-4.2.1.jar:/home/runner/.m2/repository/com/fasterxml/woodstox/woodstox-core/5.4.0/woodstox-core-5.4.0.jar:/home/runner/.m2/repository/dnsjava/dnsjava/3.6.1/dnsjava-3.6.1.jar:/home/runner/.m2/repository/org/xerial/snappy/snappy-java/1.1.10.4/snappy-java-1.1.10.4.jar:/home/runner/.m2/repository/org/apache/hadoop/hadoop-common/3.4.1/hadoop-common-3.4.1-tests.jar:/home/runner/.m2/repository/org/slf4j/slf4j-reload4j/1.7.36/slf4j-reload4j-1.7.36.jar:/home/runner/.m2/repository/com/amazonaws/aws-java-sdk-core/1.12.720/aws-java-sdk-core-1.12.720.jar:/home/runner/.m2/repository/software/amazon/awssdk/bundle/2.24.6/bundle-2.24.6.jar:/home/runner/.m2/repository/org/assertj/assertj-core/3.12.2/assertj-core-3.12.2.jar:/home/runner/.m2/repository/org/wildfly/openssl/wildfly-openssl/1.1.3.Final/wildfly-openssl-1.1.3.Final.jar:/home/runner/.m2/repository/junit/junit/4.13.2/junit-4.13.2.jar:/home/runner/.m2/repository/org/hamcrest/hamcrest-core/1.3/hamcrest-core-1.3.jar:/home/runner/.m2/repository/org/mockito/mockito-core/2.28.2/mockito-core-2.28.2.jar:/home/runner/.m2/repository/net/bytebuddy/byte-buddy/1.9.10/byte-buddy-1.9.10.jar:/home/runner/.m2/repository/net/bytebuddy/byte-buddy-agent/1.9.10/byte-buddy-agent-1.9.10.jar:/home/runner/.m2/repository/org/objenesis/objenesis/2.6/objenesis-2.6.jar:/home/runner/.m2/repository/org/apache/hadoop/hadoop-mapreduce-client-core/3.4.1/hadoop-mapreduce-client-core-3.4.1.jar:/home/runner/.m2/repository/org/apache/hadoop/hadoop-yarn-client/3.4.1/hadoop-yarn-client-3.4.1.jar:/home/runner/.m2/repository/org/eclipse/jetty/websocket/websocket-client/9.4.53.v20231009/websocket-client-9.4.53.v20231009.jar:/home/runner/.m2/repository/org/eclipse/jetty/jetty-client/9.4.53.v20231009/jetty-client-9.4.53.v20231009.jar:/home/runner/.m2/repository/org/eclipse/jetty/websocket/websocket-common/9.4.53.v20231009/websocket-common-9.4.53.v20231009.jar:/home/runner/.m2/repository/org/eclipse/jetty/websocket/websocket-api/9.4.53.v20231009/websocket-api-9.4.53.v20231009.jar:/home/runner/.m2/repository/org/jline/jline/3.9.0/jline-3.9.0.jar:/home/runner/.m2/repository/org/apache/hadoop/hadoop-yarn-common/3.4.1/hadoop-yarn-common-3.4.1.jar:/home/runner/.m2/repository/javax/xml/bind/jaxb-api/2.2.11/jaxb-api-2.2.11.jar:/home/runner/.m2/repository/com/sun/jersey/jersey-client/1.19.4/jersey-client-1.19.4.jar:/home/runner/.m2/repository/com/google/inject/guice/4.2.3/guice-4.2.3.jar:/home/runner/.m2/repository/javax/inject/javax.inject/1/javax.inject-1.jar:/home/runner/.m2/repository/aopalliance/aopalliance/1.0/aopalliance-1.0.jar:/home/runner/.m2/repository/com/sun/jersey/contribs/jersey-guice/1.19.4/jersey-guice-1.19.4.jar:/home/runner/.m2/repository/com/fasterxml/jackson/module/jackson-module-jaxb-annotations/2.12.7/jackson-module-jaxb-annotations-2.12.7.jar:/home/runner/.m2/repository/jakarta/xml/bind/jakarta.xml.bind-api/2.3.2/jakarta.xml.bind-api-2.3.2.jar:/home/runner/.m2/repository/com/fasterxml/jackson/jaxrs/jackson-jaxrs-json-provider/2.12.7/jackson-jaxrs-json-provider-2.12.7.jar:/home/runner/.m2/repository/com/fasterxml/jackson/jaxrs/jackson-jaxrs-base/2.12.7/jackson-jaxrs-base-2.12.7.jar:/home/runner/.m2/repository/org/apache/hadoop/hadoop-hdfs-client/3.4.1/hadoop-hdfs-client-3.4.1.jar:/home/runner/.m2/repository/com/google/inject/extensions/guice-servlet/4.2.3/guice-servlet-4.2.3.jar:/home/runner/.m2/repository/io/netty/netty-all/4.1.100.Final/netty-all-4.1.100.Final.jar:/home/runner/.m2/repository/io/netty/netty-codec-dns/4.1.100.Final/netty-codec-dns-4.1.100.Final.jar:/home/runner/.m2/repository/io/netty/netty-codec-haproxy/4.1.100.Final/netty-codec-haproxy-4.1.100.Final.jar:/home/runner/.m2/repository/io/netty/netty-codec-http/4.1.100.Final/netty-codec-http-4.1.100.Final.jar:/home/runner/.m2/repository/io/netty/netty-codec-http2/4.1.100.Final/netty-codec-http2-4.1.100.Final.jar:/home/runner/.m2/repository/io/netty/netty-codec-memcache/4.1.100.Final/netty-codec-memcache-4.1.100.Final.jar:/home/runner/.m2/repository/io/netty/netty-codec-mqtt/4.1.100.Final/netty-codec-mqtt-4.1.100.Final.jar:/home/runner/.m2/repository/io/netty/netty-codec-redis/4.1.100.Final/netty-codec-redis-4.1.100.Final.jar:/home/runner/.m2/repository/io/netty/netty-codec-smtp/4.1.100.Final/netty-codec-smtp-4.1.100.Final.jar:/home/runner/.m2/repository/io/netty/netty-codec-socks/4.1.100.Final/netty-codec-socks-4.1.100.Final.jar:/home/runner/.m2/repository/io/netty/netty-codec-stomp/4.1.100.Final/netty-codec-stomp-4.1.100.Final.jar:/home/runner/.m2/repository/io/netty/netty-codec-xml/4.1.100.Final/netty-codec-xml-4.1.100.Final.jar:/home/runner/.m2/repository/io/netty/netty-handler-proxy/4.1.100.Final/netty-handler-proxy-4.1.100.Final.jar:/home/runner/.m2/repository/io/netty/netty-handler-ssl-ocsp/4.1.100.Final/netty-handler-ssl-ocsp-4.1.100.Final.jar:/home/runner/.m2/repository/io/netty/netty-resolver-dns/4.1.100.Final/netty-resolver-dns-4.1.100.Final.jar:/home/runner/.m2/repository/io/netty/netty-transport-rxtx/4.1.100.Final/netty-transport-rxtx-4.1.100.Final.jar:/home/runner/.m2/repository/io/netty/netty-transport-sctp/4.1.100.Final/netty-transport-sctp-4.1.100.Final.jar:/home/runner/.m2/repository/io/netty/netty-transport-udt/4.1.100.Final/netty-transport-udt-4.1.100.Final.jar:/home/runner/.m2/repository/io/netty/netty-transport-classes-kqueue/4.1.100.Final/netty-transport-classes-kqueue-4.1.100.Final.jar:/home/runner/.m2/repository/io/netty/netty-resolver-dns-classes-macos/4.1.100.Final/netty-resolver-dns-classes-macos-4.1.100.Final.jar:/home/runner/.m2/repository/io/netty/netty-transport-native-epoll/4.1.100.Final/netty-transport-native-epoll-4.1.100.Final-linux-x86_64.jar:/home/runner/.m2/repository/io/netty/netty-transport-native-epoll/4.1.100.Final/netty-transport-native-epoll-4.1.100.Final-linux-aarch_64.jar:/home/runner/.m2/repository/io/netty/netty-transport-native-kqueue/4.1.100.Final/netty-transport-native-kqueue-4.1.100.Final-osx-x86_64.jar:/home/runner/.m2/repository/io/netty/netty-transport-native-kqueue/4.1.100.Final/netty-transport-native-kqueue-4.1.100.Final-osx-aarch_64.jar:/home/runner/.m2/repository/io/netty/netty-resolver-dns-native-macos/4.1.100.Final/netty-resolver-dns-native-macos-4.1.100.Final-osx-x86_64.jar:/home/runner/.m2/repository/io/netty/netty-resolver-dns-native-macos/4.1.100.Final/netty-resolver-dns-native-macos-4.1.100.Final-osx-aarch_64.jar:/home/runner/.m2/repository/org/apache/hadoop/hadoop-yarn-server-tests/3.4.1/hadoop-yarn-server-tests-3.4.1-tests.jar:/home/runner/.m2/repository/org/apache/hadoop/hadoop-yarn-server-common/3.4.1/hadoop-yarn-server-common-3.4.1.jar:/home/runner/.m2/repository/org/apache/hadoop/hadoop-registry/3.4.1/hadoop-registry-3.4.1.jar:/home/runner/.m2/repository/javax/cache/cache-api/1.1.1/cache-api-1.1.1.jar:/home/runner/.m2/repository/org/ehcache/ehcache/3.8.2/ehcache-3.8.2.jar:/home/runner/.m2/repository/org/glassfish/jaxb/jaxb-runtime/2.3.1/jaxb-runtime-2.3.1.jar:/home/runner/.m2/repository/org/glassfish/jaxb/txw2/2.3.1/txw2-2.3.1.jar:/home/runner/.m2/repository/com/sun/istack/istack-commons-runtime/3.0.7/istack-commons-runtime-3.0.7.jar:/home/runner/.m2/repository/org/jvnet/staxex/stax-ex/1.8/stax-ex-1.8.jar:/home/runner/.m2/repository/com/sun/xml/fastinfoset/FastInfoset/1.2.15/FastInfoset-1.2.15.jar:/home/runner/.m2/repository/javax/activation/javax.activation-api/1.2.0/javax.activation-api-1.2.0.jar:/home/runner/.m2/repository/com/zaxxer/HikariCP/4.0.3/HikariCP-4.0.3.jar:/home/runner/.m2/repository/com/microsoft/sqlserver/mssql-jdbc/6.2.1.jre7/mssql-jdbc-6.2.1.jre7.jar:/home/runner/.m2/repository/org/apache/hadoop/hadoop-yarn-server-nodemanager/3.4.1/hadoop-yarn-server-nodemanager-3.4.1.jar:/home/runner/.m2/repository/org/eclipse/jetty/websocket/javax-websocket-server-impl/9.4.53.v20231009/javax-websocket-server-impl-9.4.53.v20231009.jar:/home/runner/.m2/repository/org/eclipse/jetty/jetty-annotations/9.4.53.v20231009/jetty-annotations-9.4.53.v20231009.jar:/home/runner/.m2/repository/org/eclipse/jetty/jetty-plus/9.4.53.v20231009/jetty-plus-9.4.53.v20231009.jar:/home/runner/.m2/repository/org/eclipse/jetty/jetty-jndi/9.4.53.v20231009/jetty-jndi-9.4.53.v20231009.jar:/home/runner/.m2/repository/javax/annotation/javax.annotation-api/1.3.2/javax.annotation-api-1.3.2.jar:/home/runner/.m2/repository/org/ow2/asm/asm-commons/9.6/asm-commons-9.6.jar:/home/runner/.m2/repository/org/ow2/asm/asm-tree/9.6/asm-tree-9.6.jar:/home/runner/.m2/repository/org/eclipse/jetty/websocket/javax-websocket-client-impl/9.4.53.v20231009/javax-websocket-client-impl-9.4.53.v20231009.jar:/home/runner/.m2/repository/javax/websocket/javax.websocket-client-api/1.0/javax.websocket-client-api-1.0.jar:/home/runner/.m2/repository/org/eclipse/jetty/websocket/websocket-server/9.4.53.v20231009/websocket-server-9.4.53.v20231009.jar:/home/runner/.m2/repository/org/eclipse/jetty/websocket/websocket-servlet/9.4.53.v20231009/websocket-servlet-9.4.53.v20231009.jar:/home/runner/.m2/repository/javax/websocket/javax.websocket-api/1.0/javax.websocket-api-1.0.jar:/home/runner/.m2/repository/net/java/dev/jna/jna/5.2.0/jna-5.2.0.jar:/home/runner/.m2/repository/org/apache/hadoop/hadoop-yarn-server-resourcemanager/3.4.1/hadoop-yarn-server-resourcemanager-3.4.1.jar:/home/runner/.m2/repository/org/apache/hadoop/hadoop-yarn-server-applicationhistoryservice/3.4.1/hadoop-yarn-server-applicationhistoryservice-3.4.1.jar:/home/runner/.m2/repository/de/ruedigermoeller/fst/2.50/fst-2.50.jar:/home/runner/.m2/repository/org/jsonschema2pojo/jsonschema2pojo-core/1.0.2/jsonschema2pojo-core-1.0.2.jar:/home/runner/.m2/repository/com/sun/codemodel/codemodel/2.6/codemodel-2.6.jar:/home/runner/.m2/repository/commons-lang/commons-lang/2.6/commons-lang-2.6.jar:/home/runner/.m2/repository/org/apache/hadoop/hadoop-yarn-server-timelineservice/3.4.1/hadoop-yarn-server-timelineservice-3.4.1.jar:/home/runner/.m2/repository/org/apache/commons/commons-csv/1.9.0/commons-csv-1.9.0.jar:/home/runner/.m2/repository/org/apache/hadoop/hadoop-yarn-api/3.4.1/hadoop-yarn-api-3.4.1.jar:/home/runner/.m2/repository/org/apache/hadoop/hadoop-mapreduce-client-hs/3.4.1/hadoop-mapreduce-client-hs-3.4.1.jar:/home/runner/.m2/repository/org/apache/hadoop/hadoop-hdfs/3.4.1/hadoop-hdfs-3.4.1.jar:/home/runner/.m2/repository/org/apache/hadoop/hadoop-mapreduce-client-common/3.4.1/hadoop-mapreduce-client-common-3.4.1.jar:/home/runner/.m2/repository/org/fusesource/leveldbjni/leveldbjni-all/1.8/leveldbjni-all-1.8.jar:/home/runner/.m2/repository/org/apache/hadoop/hadoop-mapreduce-examples/3.4.1/hadoop-mapreduce-examples-3.4.1.jar:/home/runner/.m2/repository/org/apache/hadoop/hadoop-hdfs/3.4.1/hadoop-hdfs-3.4.1-tests.jar:/home/runner/.m2/repository/org/eclipse/jetty/jetty-util-ajax/9.4.53.v20231009/jetty-util-ajax-9.4.53.v20231009.jar:/home/runner/.m2/repository/commons-daemon/commons-daemon/1.0.13/commons-daemon-1.0.13.jar:/home/runner/.m2/repository/org/apache/hadoop/hadoop-distcp/3.4.1/hadoop-distcp-3.4.1.jar:/home/runner/.m2/repository/org/apache/hadoop/hadoop-distcp/3.4.1/hadoop-distcp-3.4.1-tests.jar:/home/runner/.m2/repository/org/apache/hadoop/hadoop-mapreduce-client-app/3.4.1/hadoop-mapreduce-client-app-3.4.1.jar:/home/runner/.m2/repository/org/apache/hadoop/hadoop-yarn-server-web-proxy/3.4.1/hadoop-yarn-server-web-proxy-3.4.1.jar:/home/runner/.m2/repository/org/apache/hadoop/hadoop-mapreduce-client-shuffle/3.4.1/hadoop-mapreduce-client-shuffle-3.4.1.jar:/home/runner/.m2/repository/org/apache/hadoop/hadoop-mapreduce-client-app/3.4.1/hadoop-mapreduce-client-app-3.4.1-tests.jar:/home/runner/.m2/repository/org/apache/hadoop/hadoop-mapreduce-client-jobclient/3.4.1/hadoop-mapreduce-client-jobclient-3.4.1.jar:/home/runner/.m2/repository/org/apache/hadoop/hadoop-mapreduce-client-jobclient/3.4.1/hadoop-mapreduce-client-jobclient-3.4.1-tests.jar:/home/runner/.m2/repository/org/apache/hadoop/hadoop-minikdc/3.4.1/hadoop-minikdc-3.4.1.jar:/home/runner/.m2/repository/org/apache/kerby/kerb-simplekdc/2.0.3/kerb-simplekdc-2.0.3.jar:/home/runner/.m2/repository/org/apache/kerby/kerb-client/2.0.3/kerb-client-2.0.3.jar:/home/runner/.m2/repository/org/apache/kerby/kerb-common/2.0.3/kerb-common-2.0.3.jar:/home/runner/.m2/repository/org/apache/kerby/token-provider/2.0.3/token-provider-2.0.3.jar:/home/runner/.m2/repository/org/apache/kerby/kerb-admin/2.0.3/kerb-admin-2.0.3.jar:/home/runner/.m2/repository/org/apache/kerby/kerb-server/2.0.3/kerb-server-2.0.3.jar:/home/runner/.m2/repository/org/apache/kerby/kerb-identity/2.0.3/kerb-identity-2.0.3.jar:/home/runner/.m2/repository/org/apache/kerby/kerby-xdr/2.0.3/kerby-xdr-2.0.3.jar:/home/runner/.m2/repository/org/hamcrest/hamcrest-library/1.3/hamcrest-library-1.3.jar:/home/runner/.m2/repository/org/bouncycastle/bcprov-jdk18on/1.78.1/bcprov-jdk18on-1.78.1.jar:/home/runner/.m2/repository/org/bouncycastle/bcpkix-jdk18on/1.78.1/bcpkix-jdk18on-1.78.1.jar:/home/runner/.m2/repository/org/bouncycastle/bcutil-jdk18on/1.78.1/bcutil-jdk18on-1.78.1.jar:/home/runner/work/ozone/ozone/target/hadoop-src/target/gradle-enterprise/test-listeners.jar:"/>
    <property name="java.vm.vendor" value="Eclipse Adoptium"/>
    <property name="sun.arch.data.model" value="64"/>
    <property name="test.build.dir" value="/home/runner/work/ozone/ozone/target/hadoop-src/target/test-dir"/>
    <property name="test.cache.data" value=""/>
    <property name="java.vendor.url" value="https://adoptium.net/"/>
    <property name="user.timezone" value=""/>
    <property name="java.vm.specification.version" value="11"/>
    <property name="os.name" value="Linux"/>
    <property name="test.build.data" value="/home/runner/work/ozone/ozone/target/hadoop-src/target/test-dir"/>
    <property name="sun.java.launcher" value="SUN_STANDARD"/>
    <property name="sun.boot.library.path" value="/usr/lib/jvm/temurin-11-jdk-amd64/lib"/>
    <property name="sun.java.command" value="/home/runner/work/ozone/ozone/target/hadoop-src/target/surefire/surefirebooter14647018680649757311.jar /home/runner/work/ozone/ozone/target/hadoop-src/target/surefire 2025-01-02T17-44-17_274-jvmRun1 surefire15091306388368690127tmp surefire_124761449390016416249tmp"/>
    <property name="jdk.debug" value="release"/>
    <property name="test" value="ITestS3AContract*, ITestS3ACommitterMRJob, !ITestS3AContractBulkDelete, !ITestS3AContractCreate#testOverwrite*EmptyDirectory[*], !ITestS3AContractDistCp, !ITestS3AContractMkdirWithCreatePerf, !ITestS3AContractRename"/>
    <property name="surefire.test.class.path" value="/home/runner/work/ozone/ozone/target/hadoop-src/target/test-classes:/home/runner/work/ozone/ozone/target/hadoop-src/target/classes:/home/runner/.m2/repository/org/apache/hadoop/hadoop-common/3.4.1/hadoop-common-3.4.1.jar:/home/runner/.m2/repository/org/apache/hadoop/thirdparty/hadoop-shaded-protobuf_3_25/1.3.0/hadoop-shaded-protobuf_3_25-1.3.0.jar:/home/runner/.m2/repository/org/apache/hadoop/hadoop-annotations/3.4.1/hadoop-annotations-3.4.1.jar:/home/runner/.m2/repository/org/apache/hadoop/thirdparty/hadoop-shaded-guava/1.3.0/hadoop-shaded-guava-1.3.0.jar:/home/runner/.m2/repository/com/google/guava/guava/27.0-jre/guava-27.0-jre.jar:/home/runner/.m2/repository/com/google/guava/failureaccess/1.0/failureaccess-1.0.jar:/home/runner/.m2/repository/com/google/guava/listenablefuture/9999.0-empty-to-avoid-conflict-with-guava/listenablefuture-9999.0-empty-to-avoid-conflict-with-guava.jar:/home/runner/.m2/repository/org/checkerframework/checker-qual/2.5.2/checker-qual-2.5.2.jar:/home/runner/.m2/repository/com/google/j2objc/j2objc-annotations/1.1/j2objc-annotations-1.1.jar:/home/runner/.m2/repository/org/codehaus/mojo/animal-sniffer-annotations/1.17/animal-sniffer-annotations-1.17.jar:/home/runner/.m2/repository/commons-cli/commons-cli/1.5.0/commons-cli-1.5.0.jar:/home/runner/.m2/repository/org/apache/commons/commons-math3/3.6.1/commons-math3-3.6.1.jar:/home/runner/.m2/repository/org/apache/httpcomponents/httpclient/4.5.13/httpclient-4.5.13.jar:/home/runner/.m2/repository/org/apache/httpcomponents/httpcore/4.4.13/httpcore-4.4.13.jar:/home/runner/.m2/repository/commons-logging/commons-logging/1.2/commons-logging-1.2.jar:/home/runner/.m2/repository/commons-codec/commons-codec/1.15/commons-codec-1.15.jar:/home/runner/.m2/repository/commons-io/commons-io/2.16.1/commons-io-2.16.1.jar:/home/runner/.m2/repository/commons-net/commons-net/3.9.0/commons-net-3.9.0.jar:/home/runner/.m2/repository/commons-collections/commons-collections/3.2.2/commons-collections-3.2.2.jar:/home/runner/.m2/repository/javax/servlet/javax.servlet-api/3.1.0/javax.servlet-api-3.1.0.jar:/home/runner/.m2/repository/jakarta/activation/jakarta.activation-api/1.2.1/jakarta.activation-api-1.2.1.jar:/home/runner/.m2/repository/org/eclipse/jetty/jetty-server/9.4.53.v20231009/jetty-server-9.4.53.v20231009.jar:/home/runner/.m2/repository/org/eclipse/jetty/jetty-http/9.4.53.v20231009/jetty-http-9.4.53.v20231009.jar:/home/runner/.m2/repository/org/eclipse/jetty/jetty-io/9.4.53.v20231009/jetty-io-9.4.53.v20231009.jar:/home/runner/.m2/repository/org/eclipse/jetty/jetty-util/9.4.53.v20231009/jetty-util-9.4.53.v20231009.jar:/home/runner/.m2/repository/org/eclipse/jetty/jetty-servlet/9.4.53.v20231009/jetty-servlet-9.4.53.v20231009.jar:/home/runner/.m2/repository/org/eclipse/jetty/jetty-security/9.4.53.v20231009/jetty-security-9.4.53.v20231009.jar:/home/runner/.m2/repository/org/eclipse/jetty/jetty-webapp/9.4.53.v20231009/jetty-webapp-9.4.53.v20231009.jar:/home/runner/.m2/repository/org/eclipse/jetty/jetty-xml/9.4.53.v20231009/jetty-xml-9.4.53.v20231009.jar:/home/runner/.m2/repository/javax/servlet/jsp/jsp-api/2.1/jsp-api-2.1.jar:/home/runner/.m2/repository/com/sun/jersey/jersey-core/1.19.4/jersey-core-1.19.4.jar:/home/runner/.m2/repository/javax/ws/rs/jsr311-api/1.1.1/jsr311-api-1.1.1.jar:/home/runner/.m2/repository/com/sun/jersey/jersey-servlet/1.19.4/jersey-servlet-1.19.4.jar:/home/runner/.m2/repository/com/github/pjfanning/jersey-json/1.22.0/jersey-json-1.22.0.jar:/home/runner/.m2/repository/com/sun/xml/bind/jaxb-impl/2.2.3-1/jaxb-impl-2.2.3-1.jar:/home/runner/.m2/repository/org/codehaus/jettison/jettison/1.5.4/jettison-1.5.4.jar:/home/runner/.m2/repository/com/sun/jersey/jersey-server/1.19.4/jersey-server-1.19.4.jar:/home/runner/.m2/repository/ch/qos/reload4j/reload4j/1.2.22/reload4j-1.2.22.jar:/home/runner/.m2/repository/commons-beanutils/commons-beanutils/1.9.4/commons-beanutils-1.9.4.jar:/home/runner/.m2/repository/org/apache/commons/commons-configuration2/2.10.1/commons-configuration2-2.10.1.jar:/home/runner/.m2/repository/org/apache/commons/commons-lang3/3.12.0/commons-lang3-3.12.0.jar:/home/runner/.m2/repository/org/apache/commons/commons-text/1.10.0/commons-text-1.10.0.jar:/home/runner/.m2/repository/org/slf4j/slf4j-api/1.7.36/slf4j-api-1.7.36.jar:/home/runner/.m2/repository/org/apache/avro/avro/1.9.2/avro-1.9.2.jar:/home/runner/.m2/repository/com/fasterxml/jackson/core/jackson-core/2.12.7/jackson-core-2.12.7.jar:/home/runner/.m2/repository/com/google/re2j/re2j/1.1/re2j-1.1.jar:/home/runner/.m2/repository/com/google/code/gson/gson/2.9.0/gson-2.9.0.jar:/home/runner/.m2/repository/org/apache/hadoop/hadoop-auth/3.4.1/hadoop-auth-3.4.1.jar:/home/runner/.m2/repository/com/nimbusds/nimbus-jose-jwt/9.37.2/nimbus-jose-jwt-9.37.2.jar:/home/runner/.m2/repository/com/github/stephenc/jcip/jcip-annotations/1.0-1/jcip-annotations-1.0-1.jar:/home/runner/.m2/repository/org/apache/curator/curator-framework/5.2.0/curator-framework-5.2.0.jar:/home/runner/.m2/repository/org/apache/kerby/kerb-util/2.0.3/kerb-util-2.0.3.jar:/home/runner/.m2/repository/org/apache/kerby/kerby-config/2.0.3/kerby-config-2.0.3.jar:/home/runner/.m2/repository/org/apache/kerby/kerb-crypto/2.0.3/kerb-crypto-2.0.3.jar:/home/runner/.m2/repository/com/jcraft/jsch/0.1.55/jsch-0.1.55.jar:/home/runner/.m2/repository/org/apache/curator/curator-client/5.2.0/curator-client-5.2.0.jar:/home/runner/.m2/repository/org/apache/curator/curator-recipes/5.2.0/curator-recipes-5.2.0.jar:/home/runner/.m2/repository/com/google/code/findbugs/jsr305/3.0.2/jsr305-3.0.2.jar:/home/runner/.m2/repository/org/apache/zookeeper/zookeeper/3.8.4/zookeeper-3.8.4.jar:/home/runner/.m2/repository/org/apache/zookeeper/zookeeper-jute/3.8.4/zookeeper-jute-3.8.4.jar:/home/runner/.m2/repository/org/apache/yetus/audience-annotations/0.12.0/audience-annotations-0.12.0.jar:/home/runner/.m2/repository/io/netty/netty-handler/4.1.100.Final/netty-handler-4.1.100.Final.jar:/home/runner/.m2/repository/io/netty/netty-common/4.1.100.Final/netty-common-4.1.100.Final.jar:/home/runner/.m2/repository/io/netty/netty-resolver/4.1.100.Final/netty-resolver-4.1.100.Final.jar:/home/runner/.m2/repository/io/netty/netty-buffer/4.1.100.Final/netty-buffer-4.1.100.Final.jar:/home/runner/.m2/repository/io/netty/netty-transport/4.1.100.Final/netty-transport-4.1.100.Final.jar:/home/runner/.m2/repository/io/netty/netty-transport-native-unix-common/4.1.100.Final/netty-transport-native-unix-common-4.1.100.Final.jar:/home/runner/.m2/repository/io/netty/netty-codec/4.1.100.Final/netty-codec-4.1.100.Final.jar:/home/runner/.m2/repository/io/netty/netty-transport-native-epoll/4.1.100.Final/netty-transport-native-epoll-4.1.100.Final.jar:/home/runner/.m2/repository/io/netty/netty-transport-classes-epoll/4.1.100.Final/netty-transport-classes-epoll-4.1.100.Final.jar:/home/runner/.m2/repository/io/dropwizard/metrics/metrics-core/3.2.4/metrics-core-3.2.4.jar:/home/runner/.m2/repository/org/apache/commons/commons-compress/1.26.1/commons-compress-1.26.1.jar:/home/runner/.m2/repository/org/apache/kerby/kerb-core/2.0.3/kerb-core-2.0.3.jar:/home/runner/.m2/repository/org/apache/kerby/kerby-pkix/2.0.3/kerby-pkix-2.0.3.jar:/home/runner/.m2/repository/org/apache/kerby/kerby-asn1/2.0.3/kerby-asn1-2.0.3.jar:/home/runner/.m2/repository/org/apache/kerby/kerby-util/2.0.3/kerby-util-2.0.3.jar:/home/runner/.m2/repository/com/fasterxml/jackson/core/jackson-databind/2.12.7.1/jackson-databind-2.12.7.1.jar:/home/runner/.m2/repository/com/fasterxml/jackson/core/jackson-annotations/2.12.7/jackson-annotations-2.12.7.jar:/home/runner/.m2/repository/org/codehaus/woodstox/stax2-api/4.2.1/stax2-api-4.2.1.jar:/home/runner/.m2/repository/com/fasterxml/woodstox/woodstox-core/5.4.0/woodstox-core-5.4.0.jar:/home/runner/.m2/repository/dnsjava/dnsjava/3.6.1/dnsjava-3.6.1.jar:/home/runner/.m2/repository/org/xerial/snappy/snappy-java/1.1.10.4/snappy-java-1.1.10.4.jar:/home/runner/.m2/repository/org/apache/hadoop/hadoop-common/3.4.1/hadoop-common-3.4.1-tests.jar:/home/runner/.m2/repository/org/slf4j/slf4j-reload4j/1.7.36/slf4j-reload4j-1.7.36.jar:/home/runner/.m2/repository/com/amazonaws/aws-java-sdk-core/1.12.720/aws-java-sdk-core-1.12.720.jar:/home/runner/.m2/repository/software/amazon/awssdk/bundle/2.24.6/bundle-2.24.6.jar:/home/runner/.m2/repository/org/assertj/assertj-core/3.12.2/assertj-core-3.12.2.jar:/home/runner/.m2/repository/org/wildfly/openssl/wildfly-openssl/1.1.3.Final/wildfly-openssl-1.1.3.Final.jar:/home/runner/.m2/repository/junit/junit/4.13.2/junit-4.13.2.jar:/home/runner/.m2/repository/org/hamcrest/hamcrest-core/1.3/hamcrest-core-1.3.jar:/home/runner/.m2/repository/org/mockito/mockito-core/2.28.2/mockito-core-2.28.2.jar:/home/runner/.m2/repository/net/bytebuddy/byte-buddy/1.9.10/byte-buddy-1.9.10.jar:/home/runner/.m2/repository/net/bytebuddy/byte-buddy-agent/1.9.10/byte-buddy-agent-1.9.10.jar:/home/runner/.m2/repository/org/objenesis/objenesis/2.6/objenesis-2.6.jar:/home/runner/.m2/repository/org/apache/hadoop/hadoop-mapreduce-client-core/3.4.1/hadoop-mapreduce-client-core-3.4.1.jar:/home/runner/.m2/repository/org/apache/hadoop/hadoop-yarn-client/3.4.1/hadoop-yarn-client-3.4.1.jar:/home/runner/.m2/repository/org/eclipse/jetty/websocket/websocket-client/9.4.53.v20231009/websocket-client-9.4.53.v20231009.jar:/home/runner/.m2/repository/org/eclipse/jetty/jetty-client/9.4.53.v20231009/jetty-client-9.4.53.v20231009.jar:/home/runner/.m2/repository/org/eclipse/jetty/websocket/websocket-common/9.4.53.v20231009/websocket-common-9.4.53.v20231009.jar:/home/runner/.m2/repository/org/eclipse/jetty/websocket/websocket-api/9.4.53.v20231009/websocket-api-9.4.53.v20231009.jar:/home/runner/.m2/repository/org/jline/jline/3.9.0/jline-3.9.0.jar:/home/runner/.m2/repository/org/apache/hadoop/hadoop-yarn-common/3.4.1/hadoop-yarn-common-3.4.1.jar:/home/runner/.m2/repository/javax/xml/bind/jaxb-api/2.2.11/jaxb-api-2.2.11.jar:/home/runner/.m2/repository/com/sun/jersey/jersey-client/1.19.4/jersey-client-1.19.4.jar:/home/runner/.m2/repository/com/google/inject/guice/4.2.3/guice-4.2.3.jar:/home/runner/.m2/repository/javax/inject/javax.inject/1/javax.inject-1.jar:/home/runner/.m2/repository/aopalliance/aopalliance/1.0/aopalliance-1.0.jar:/home/runner/.m2/repository/com/sun/jersey/contribs/jersey-guice/1.19.4/jersey-guice-1.19.4.jar:/home/runner/.m2/repository/com/fasterxml/jackson/module/jackson-module-jaxb-annotations/2.12.7/jackson-module-jaxb-annotations-2.12.7.jar:/home/runner/.m2/repository/jakarta/xml/bind/jakarta.xml.bind-api/2.3.2/jakarta.xml.bind-api-2.3.2.jar:/home/runner/.m2/repository/com/fasterxml/jackson/jaxrs/jackson-jaxrs-json-provider/2.12.7/jackson-jaxrs-json-provider-2.12.7.jar:/home/runner/.m2/repository/com/fasterxml/jackson/jaxrs/jackson-jaxrs-base/2.12.7/jackson-jaxrs-base-2.12.7.jar:/home/runner/.m2/repository/org/apache/hadoop/hadoop-hdfs-client/3.4.1/hadoop-hdfs-client-3.4.1.jar:/home/runner/.m2/repository/com/google/inject/extensions/guice-servlet/4.2.3/guice-servlet-4.2.3.jar:/home/runner/.m2/repository/io/netty/netty-all/4.1.100.Final/netty-all-4.1.100.Final.jar:/home/runner/.m2/repository/io/netty/netty-codec-dns/4.1.100.Final/netty-codec-dns-4.1.100.Final.jar:/home/runner/.m2/repository/io/netty/netty-codec-haproxy/4.1.100.Final/netty-codec-haproxy-4.1.100.Final.jar:/home/runner/.m2/repository/io/netty/netty-codec-http/4.1.100.Final/netty-codec-http-4.1.100.Final.jar:/home/runner/.m2/repository/io/netty/netty-codec-http2/4.1.100.Final/netty-codec-http2-4.1.100.Final.jar:/home/runner/.m2/repository/io/netty/netty-codec-memcache/4.1.100.Final/netty-codec-memcache-4.1.100.Final.jar:/home/runner/.m2/repository/io/netty/netty-codec-mqtt/4.1.100.Final/netty-codec-mqtt-4.1.100.Final.jar:/home/runner/.m2/repository/io/netty/netty-codec-redis/4.1.100.Final/netty-codec-redis-4.1.100.Final.jar:/home/runner/.m2/repository/io/netty/netty-codec-smtp/4.1.100.Final/netty-codec-smtp-4.1.100.Final.jar:/home/runner/.m2/repository/io/netty/netty-codec-socks/4.1.100.Final/netty-codec-socks-4.1.100.Final.jar:/home/runner/.m2/repository/io/netty/netty-codec-stomp/4.1.100.Final/netty-codec-stomp-4.1.100.Final.jar:/home/runner/.m2/repository/io/netty/netty-codec-xml/4.1.100.Final/netty-codec-xml-4.1.100.Final.jar:/home/runner/.m2/repository/io/netty/netty-handler-proxy/4.1.100.Final/netty-handler-proxy-4.1.100.Final.jar:/home/runner/.m2/repository/io/netty/netty-handler-ssl-ocsp/4.1.100.Final/netty-handler-ssl-ocsp-4.1.100.Final.jar:/home/runner/.m2/repository/io/netty/netty-resolver-dns/4.1.100.Final/netty-resolver-dns-4.1.100.Final.jar:/home/runner/.m2/repository/io/netty/netty-transport-rxtx/4.1.100.Final/netty-transport-rxtx-4.1.100.Final.jar:/home/runner/.m2/repository/io/netty/netty-transport-sctp/4.1.100.Final/netty-transport-sctp-4.1.100.Final.jar:/home/runner/.m2/repository/io/netty/netty-transport-udt/4.1.100.Final/netty-transport-udt-4.1.100.Final.jar:/home/runner/.m2/repository/io/netty/netty-transport-classes-kqueue/4.1.100.Final/netty-transport-classes-kqueue-4.1.100.Final.jar:/home/runner/.m2/repository/io/netty/netty-resolver-dns-classes-macos/4.1.100.Final/netty-resolver-dns-classes-macos-4.1.100.Final.jar:/home/runner/.m2/repository/io/netty/netty-transport-native-epoll/4.1.100.Final/netty-transport-native-epoll-4.1.100.Final-linux-x86_64.jar:/home/runner/.m2/repository/io/netty/netty-transport-native-epoll/4.1.100.Final/netty-transport-native-epoll-4.1.100.Final-linux-aarch_64.jar:/home/runner/.m2/repository/io/netty/netty-transport-native-kqueue/4.1.100.Final/netty-transport-native-kqueue-4.1.100.Final-osx-x86_64.jar:/home/runner/.m2/repository/io/netty/netty-transport-native-kqueue/4.1.100.Final/netty-transport-native-kqueue-4.1.100.Final-osx-aarch_64.jar:/home/runner/.m2/repository/io/netty/netty-resolver-dns-native-macos/4.1.100.Final/netty-resolver-dns-native-macos-4.1.100.Final-osx-x86_64.jar:/home/runner/.m2/repository/io/netty/netty-resolver-dns-native-macos/4.1.100.Final/netty-resolver-dns-native-macos-4.1.100.Final-osx-aarch_64.jar:/home/runner/.m2/repository/org/apache/hadoop/hadoop-yarn-server-tests/3.4.1/hadoop-yarn-server-tests-3.4.1-tests.jar:/home/runner/.m2/repository/org/apache/hadoop/hadoop-yarn-server-common/3.4.1/hadoop-yarn-server-common-3.4.1.jar:/home/runner/.m2/repository/org/apache/hadoop/hadoop-registry/3.4.1/hadoop-registry-3.4.1.jar:/home/runner/.m2/repository/javax/cache/cache-api/1.1.1/cache-api-1.1.1.jar:/home/runner/.m2/repository/org/ehcache/ehcache/3.8.2/ehcache-3.8.2.jar:/home/runner/.m2/repository/org/glassfish/jaxb/jaxb-runtime/2.3.1/jaxb-runtime-2.3.1.jar:/home/runner/.m2/repository/org/glassfish/jaxb/txw2/2.3.1/txw2-2.3.1.jar:/home/runner/.m2/repository/com/sun/istack/istack-commons-runtime/3.0.7/istack-commons-runtime-3.0.7.jar:/home/runner/.m2/repository/org/jvnet/staxex/stax-ex/1.8/stax-ex-1.8.jar:/home/runner/.m2/repository/com/sun/xml/fastinfoset/FastInfoset/1.2.15/FastInfoset-1.2.15.jar:/home/runner/.m2/repository/javax/activation/javax.activation-api/1.2.0/javax.activation-api-1.2.0.jar:/home/runner/.m2/repository/com/zaxxer/HikariCP/4.0.3/HikariCP-4.0.3.jar:/home/runner/.m2/repository/com/microsoft/sqlserver/mssql-jdbc/6.2.1.jre7/mssql-jdbc-6.2.1.jre7.jar:/home/runner/.m2/repository/org/apache/hadoop/hadoop-yarn-server-nodemanager/3.4.1/hadoop-yarn-server-nodemanager-3.4.1.jar:/home/runner/.m2/repository/org/eclipse/jetty/websocket/javax-websocket-server-impl/9.4.53.v20231009/javax-websocket-server-impl-9.4.53.v20231009.jar:/home/runner/.m2/repository/org/eclipse/jetty/jetty-annotations/9.4.53.v20231009/jetty-annotations-9.4.53.v20231009.jar:/home/runner/.m2/repository/org/eclipse/jetty/jetty-plus/9.4.53.v20231009/jetty-plus-9.4.53.v20231009.jar:/home/runner/.m2/repository/org/eclipse/jetty/jetty-jndi/9.4.53.v20231009/jetty-jndi-9.4.53.v20231009.jar:/home/runner/.m2/repository/javax/annotation/javax.annotation-api/1.3.2/javax.annotation-api-1.3.2.jar:/home/runner/.m2/repository/org/ow2/asm/asm-commons/9.6/asm-commons-9.6.jar:/home/runner/.m2/repository/org/ow2/asm/asm-tree/9.6/asm-tree-9.6.jar:/home/runner/.m2/repository/org/eclipse/jetty/websocket/javax-websocket-client-impl/9.4.53.v20231009/javax-websocket-client-impl-9.4.53.v20231009.jar:/home/runner/.m2/repository/javax/websocket/javax.websocket-client-api/1.0/javax.websocket-client-api-1.0.jar:/home/runner/.m2/repository/org/eclipse/jetty/websocket/websocket-server/9.4.53.v20231009/websocket-server-9.4.53.v20231009.jar:/home/runner/.m2/repository/org/eclipse/jetty/websocket/websocket-servlet/9.4.53.v20231009/websocket-servlet-9.4.53.v20231009.jar:/home/runner/.m2/repository/javax/websocket/javax.websocket-api/1.0/javax.websocket-api-1.0.jar:/home/runner/.m2/repository/net/java/dev/jna/jna/5.2.0/jna-5.2.0.jar:/home/runner/.m2/repository/org/apache/hadoop/hadoop-yarn-server-resourcemanager/3.4.1/hadoop-yarn-server-resourcemanager-3.4.1.jar:/home/runner/.m2/repository/org/apache/hadoop/hadoop-yarn-server-applicationhistoryservice/3.4.1/hadoop-yarn-server-applicationhistoryservice-3.4.1.jar:/home/runner/.m2/repository/de/ruedigermoeller/fst/2.50/fst-2.50.jar:/home/runner/.m2/repository/org/jsonschema2pojo/jsonschema2pojo-core/1.0.2/jsonschema2pojo-core-1.0.2.jar:/home/runner/.m2/repository/com/sun/codemodel/codemodel/2.6/codemodel-2.6.jar:/home/runner/.m2/repository/commons-lang/commons-lang/2.6/commons-lang-2.6.jar:/home/runner/.m2/repository/org/apache/hadoop/hadoop-yarn-server-timelineservice/3.4.1/hadoop-yarn-server-timelineservice-3.4.1.jar:/home/runner/.m2/repository/org/apache/commons/commons-csv/1.9.0/commons-csv-1.9.0.jar:/home/runner/.m2/repository/org/apache/hadoop/hadoop-yarn-api/3.4.1/hadoop-yarn-api-3.4.1.jar:/home/runner/.m2/repository/org/apache/hadoop/hadoop-mapreduce-client-hs/3.4.1/hadoop-mapreduce-client-hs-3.4.1.jar:/home/runner/.m2/repository/org/apache/hadoop/hadoop-hdfs/3.4.1/hadoop-hdfs-3.4.1.jar:/home/runner/.m2/repository/org/apache/hadoop/hadoop-mapreduce-client-common/3.4.1/hadoop-mapreduce-client-common-3.4.1.jar:/home/runner/.m2/repository/org/fusesource/leveldbjni/leveldbjni-all/1.8/leveldbjni-all-1.8.jar:/home/runner/.m2/repository/org/apache/hadoop/hadoop-mapreduce-examples/3.4.1/hadoop-mapreduce-examples-3.4.1.jar:/home/runner/.m2/repository/org/apache/hadoop/hadoop-hdfs/3.4.1/hadoop-hdfs-3.4.1-tests.jar:/home/runner/.m2/repository/org/eclipse/jetty/jetty-util-ajax/9.4.53.v20231009/jetty-util-ajax-9.4.53.v20231009.jar:/home/runner/.m2/repository/commons-daemon/commons-daemon/1.0.13/commons-daemon-1.0.13.jar:/home/runner/.m2/repository/org/apache/hadoop/hadoop-distcp/3.4.1/hadoop-distcp-3.4.1.jar:/home/runner/.m2/repository/org/apache/hadoop/hadoop-distcp/3.4.1/hadoop-distcp-3.4.1-tests.jar:/home/runner/.m2/repository/org/apache/hadoop/hadoop-mapreduce-client-app/3.4.1/hadoop-mapreduce-client-app-3.4.1.jar:/home/runner/.m2/repository/org/apache/hadoop/hadoop-yarn-server-web-proxy/3.4.1/hadoop-yarn-server-web-proxy-3.4.1.jar:/home/runner/.m2/repository/org/apache/hadoop/hadoop-mapreduce-client-shuffle/3.4.1/hadoop-mapreduce-client-shuffle-3.4.1.jar:/home/runner/.m2/repository/org/apache/hadoop/hadoop-mapreduce-client-app/3.4.1/hadoop-mapreduce-client-app-3.4.1-tests.jar:/home/runner/.m2/repository/org/apache/hadoop/hadoop-mapreduce-client-jobclient/3.4.1/hadoop-mapreduce-client-jobclient-3.4.1.jar:/home/runner/.m2/repository/org/apache/hadoop/hadoop-mapreduce-client-jobclient/3.4.1/hadoop-mapreduce-client-jobclient-3.4.1-tests.jar:/home/runner/.m2/repository/org/apache/hadoop/hadoop-minikdc/3.4.1/hadoop-minikdc-3.4.1.jar:/home/runner/.m2/repository/org/apache/kerby/kerb-simplekdc/2.0.3/kerb-simplekdc-2.0.3.jar:/home/runner/.m2/repository/org/apache/kerby/kerb-client/2.0.3/kerb-client-2.0.3.jar:/home/runner/.m2/repository/org/apache/kerby/kerb-common/2.0.3/kerb-common-2.0.3.jar:/home/runner/.m2/repository/org/apache/kerby/token-provider/2.0.3/token-provider-2.0.3.jar:/home/runner/.m2/repository/org/apache/kerby/kerb-admin/2.0.3/kerb-admin-2.0.3.jar:/home/runner/.m2/repository/org/apache/kerby/kerb-server/2.0.3/kerb-server-2.0.3.jar:/home/runner/.m2/repository/org/apache/kerby/kerb-identity/2.0.3/kerb-identity-2.0.3.jar:/home/runner/.m2/repository/org/apache/kerby/kerby-xdr/2.0.3/kerby-xdr-2.0.3.jar:/home/runner/.m2/repository/org/hamcrest/hamcrest-library/1.3/hamcrest-library-1.3.jar:/home/runner/.m2/repository/org/bouncycastle/bcprov-jdk18on/1.78.1/bcprov-jdk18on-1.78.1.jar:/home/runner/.m2/repository/org/bouncycastle/bcpkix-jdk18on/1.78.1/bcpkix-jdk18on-1.78.1.jar:/home/runner/.m2/repository/org/bouncycastle/bcutil-jdk18on/1.78.1/bcutil-jdk18on-1.78.1.jar:/home/runner/work/ozone/ozone/target/hadoop-src/target/gradle-enterprise/test-listeners.jar:"/>
    <property name="sun.cpu.endian" value="little"/>
    <property name="user.home" value="/home/runner"/>
    <property name="user.language" value="en"/>
    <property name="java.specification.vendor" value="Oracle Corporation"/>
    <property name="java.version.date" value="2024-10-15"/>
    <property name="java.home" value="/usr/lib/jvm/temurin-11-jdk-amd64"/>
    <property name="java.security.krb5.conf" value="/home/runner/work/ozone/ozone/target/hadoop-src/target/test-classes/krb5.conf"/>
    <property name="file.separator" value="/"/>
    <property name="basedir" value="/home/runner/work/ozone/ozone/target/hadoop-src"/>
    <property name="java.vm.compressedOopsMode" value="32-bit"/>
    <property name="line.separator" value="&#10;"/>
    <property name="java.specification.name" value="Java Platform API Specification"/>
    <property name="java.vm.specification.vendor" value="Oracle Corporation"/>
    <property name="java.awt.graphicsenv" value="sun.awt.X11GraphicsEnvironment"/>
    <property name="surefire.real.class.path" value="/home/runner/work/ozone/ozone/target/hadoop-src/target/surefire/surefirebooter14647018680649757311.jar"/>
    <property name="hadoop.log.dir" value="/home/runner/work/ozone/ozone/target/hadoop-src/target/log"/>
    <property name="sun.management.compiler" value="HotSpot 64-Bit Tiered Compilers"/>
    <property name="java.runtime.version" value="11.0.25+9"/>
    <property name="user.name" value="runner"/>
    <property name="java.net.preferIPv4Stack" value="true"/>
    <property name="path.separator" value=":"/>
    <property name="java.security.egd" value="file:///dev/urandom"/>
    <property name="os.version" value="5.15.0-1074-azure"/>
    <property name="java.runtime.name" value="OpenJDK Runtime Environment"/>
    <property name="file.encoding" value="UTF-8"/>
    <property name="java.vm.name" value="OpenJDK 64-Bit Server VM"/>
    <property name="java.vendor.version" value="Temurin-11.0.25+9"/>
    <property name="test.build.webapps" value=""/>
    <property name="develocity.listener.surefire.forkId" value="1"/>
    <property name="localRepository" value="/home/runner/.m2/repository"/>
    <property name="java.vendor.url.bug" value="https://github.com/adoptium/adoptium-support/issues"/>
    <property name="java.io.tmpdir" value="/tmp"/>
    <property name="require.test.libhadoop" value=""/>
    <property name="java.version" value="11.0.25"/>
    <property name="user.dir" value="/home/runner/work/ozone/ozone/target/hadoop-src"/>
    <property name="os.arch" value="amd64"/>
    <property name="java.vm.specification.name" value="Java Virtual Machine Specification"/>
    <property name="test.build.classes" value="/home/runner/work/ozone/ozone/target/hadoop-src/target/test-classes"/>
    <property name="java.awt.printerjob" value="sun.print.PSPrinterJob"/>
    <property name="sun.os.patch.level" value="unknown"/>
    <property name="test.default.timeout" value="200000"/>
    <property name="hadoop.tmp.dir" value="/home/runner/work/ozone/ozone/target/hadoop-src/target/tmp"/>
    <property name="java.library.path" value="${env.LD_LIBRARY_PATH}:/home/runner/work/ozone/ozone/target/hadoop-src/target/native/target/usr/local/lib:/home/runner/work/ozone/ozone/target/hadoop-src/../../hadoop-common-project/hadoop-common/target/native/target/usr/local/lib:/usr/java/packages/lib:/usr/lib64:/lib64:/lib:/usr/lib"/>
    <property name="java.vm.info" value="mixed mode"/>
    <property name="java.vendor" value="Eclipse Adoptium"/>
    <property name="java.vm.version" value="11.0.25+9"/>
    <property name="java.specification.maintenance.version" value="3"/>
    <property name="sun.io.unicode.encoding" value="UnicodeLittle"/>
    <property name="develocity.listener.port" value="36685"/>
    <property name="java.class.version" value="55.0"/>
  </properties>
  <testcase name="testListFilesEmptyDirectoryNonrecursive" classname="org.apache.hadoop.fs.s3a.ITestS3AContractGetFileStatusV1List" time="2.622"/>
  <testcase name="testListStatusEmptyDirectory" classname="org.apache.hadoop.fs.s3a.ITestS3AContractGetFileStatusV1List" time="0.463"/>
  <testcase name="testListLocatedStatusFiltering" classname="org.apache.hadoop.fs.s3a.ITestS3AContractGetFileStatusV1List" time="1.274"/>
  <testcase name="testListStatusFilteredFile" classname="org.apache.hadoop.fs.s3a.ITestS3AContractGetFileStatusV1List" time="0.244"/>
  <testcase name="testListFilesEmptyDirectoryRecursive" classname="org.apache.hadoop.fs.s3a.ITestS3AContractGetFileStatusV1List" time="0.474"/>
  <testcase name="testListLocatedStatusFile" classname="org.apache.hadoop.fs.s3a.ITestS3AContractGetFileStatusV1List" time="0.288"/>
  <testcase name="testGetFileStatusRoot" classname="org.apache.hadoop.fs.s3a.ITestS3AContractGetFileStatusV1List" time="0.139"/>
  <testcase name="testListStatusFiltering" classname="org.apache.hadoop.fs.s3a.ITestS3AContractGetFileStatusV1List" time="0.624"/>
  <testcase name="testListFilesNoDir" classname="org.apache.hadoop.fs.s3a.ITestS3AContractGetFileStatusV1List" time="0.212"/>
  <testcase name="testListLocatedStatusEmptyDirectory" classname="org.apache.hadoop.fs.s3a.ITestS3AContractGetFileStatusV1List" time="0.399"/>
  <testcase name="testListFilesFile" classname="org.apache.hadoop.fs.s3a.ITestS3AContractGetFileStatusV1List" time="0.254"/>
  <testcase name="testComplexDirActions" classname="org.apache.hadoop.fs.s3a.ITestS3AContractGetFileStatusV1List" time="2.002">
    <error message="s3a://obs-bucket/test/testComplexDirActions/dir-0-0002/file--0-0002-0001.txt: org.apache.hadoop.fs.s3a.audit.AuditFailureException: 67226e31-30c8-4b12-bd8d-7af12d75e150-00000105 unaudited operation executing a request outside an audit span {object_list_request &apos;test/testComplexDirActions/dir-0-0002/file--0-0002-0001.txt/&apos; size=2, mutating=false}" type="java.nio.file.AccessDeniedException">java.nio.file.AccessDeniedException: s3a://obs-bucket/test/testComplexDirActions/dir-0-0002/file--0-0002-0001.txt: org.apache.hadoop.fs.s3a.audit.AuditFailureException: 67226e31-30c8-4b12-bd8d-7af12d75e150-00000105 unaudited operation executing a request outside an audit span {object_list_request 'test/testComplexDirActions/dir-0-0002/file--0-0002-0001.txt/' size=2, mutating=false}
	at org.apache.hadoop.fs.s3a.audit.AuditIntegration.translateAuditException(AuditIntegration.java:161)
	at org.apache.hadoop.fs.s3a.audit.AuditIntegration.maybeTranslateAuditException(AuditIntegration.java:175)
	at org.apache.hadoop.fs.s3a.S3AUtils.translateException(S3AUtils.java:199)
	at org.apache.hadoop.fs.s3a.S3AUtils.translateException(S3AUtils.java:156)
	at org.apache.hadoop.fs.s3a.S3AFileSystem.s3GetFileStatus(S3AFileSystem.java:4151)
	at org.apache.hadoop.fs.s3a.S3AFileSystem.innerGetFileStatus(S3AFileSystem.java:4007)
	at org.apache.hadoop.fs.s3a.S3AFileSystem.innerCreateFile(S3AFileSystem.java:2162)
	at org.apache.hadoop.fs.s3a.S3AFileSystem.lambda$create$5(S3AFileSystem.java:2116)
	at org.apache.hadoop.fs.statistics.impl.IOStatisticsBinding.invokeTrackingDuration(IOStatisticsBinding.java:547)
	at org.apache.hadoop.fs.statistics.impl.IOStatisticsBinding.lambda$trackDurationOfOperation$5(IOStatisticsBinding.java:528)
	at org.apache.hadoop.fs.statistics.impl.IOStatisticsBinding.trackDuration(IOStatisticsBinding.java:449)
	at org.apache.hadoop.fs.s3a.S3AFileSystem.trackDurationAndSpan(S3AFileSystem.java:2865)
	at org.apache.hadoop.fs.s3a.S3AFileSystem.trackDurationAndSpan(S3AFileSystem.java:2884)
	at org.apache.hadoop.fs.s3a.S3AFileSystem.create(S3AFileSystem.java:2115)
	at org.apache.hadoop.fs.FileSystem.create(FileSystem.java:1233)
	at org.apache.hadoop.fs.FileSystem.create(FileSystem.java:1210)
	at org.apache.hadoop.fs.FileSystem.create(FileSystem.java:1091)
	at org.apache.hadoop.fs.contract.ContractTestUtils.file(ContractTestUtils.java:671)
	at org.apache.hadoop.fs.contract.ContractTestUtils.createFile(ContractTestUtils.java:655)
	at org.apache.hadoop.fs.contract.ContractTestUtils.createSubdirs(ContractTestUtils.java:1430)
	at org.apache.hadoop.fs.contract.ContractTestUtils.createSubdirs(ContractTestUtils.java:1436)
	at org.apache.hadoop.fs.contract.ContractTestUtils.createSubdirs(ContractTestUtils.java:1396)
	at org.apache.hadoop.fs.contract.AbstractContractGetFileStatusTest.createTestTree(AbstractContractGetFileStatusTest.java:494)
	at org.apache.hadoop.fs.contract.AbstractContractGetFileStatusTest.testComplexDirActions(AbstractContractGetFileStatusTest.java:151)
	at java.base/jdk.internal.reflect.NativeMethodAccessorImpl.invoke0(Native Method)
	at java.base/jdk.internal.reflect.NativeMethodAccessorImpl.invoke(NativeMethodAccessorImpl.java:62)
	at java.base/jdk.internal.reflect.DelegatingMethodAccessorImpl.invoke(DelegatingMethodAccessorImpl.java:43)
	at java.base/java.lang.reflect.Method.invoke(Method.java:566)
	at org.junit.runners.model.FrameworkMethod$1.runReflectiveCall(FrameworkMethod.java:59)
	at org.junit.internal.runners.model.ReflectiveCallable.run(ReflectiveCallable.java:12)
	at org.junit.runners.model.FrameworkMethod.invokeExplosively(FrameworkMethod.java:56)
	at org.junit.internal.runners.statements.InvokeMethod.evaluate(InvokeMethod.java:17)
	at org.junit.internal.runners.statements.RunBefores.evaluate(RunBefores.java:26)
	at org.junit.internal.runners.statements.RunAfters.evaluate(RunAfters.java:27)
	at org.junit.rules.TestWatcher$1.evaluate(TestWatcher.java:61)
	at org.junit.internal.runners.statements.FailOnTimeout$CallableStatement.call(FailOnTimeout.java:299)
	at org.junit.internal.runners.statements.FailOnTimeout$CallableStatement.call(FailOnTimeout.java:293)
	at java.base/java.util.concurrent.FutureTask.run(FutureTask.java:264)
	at java.base/java.lang.Thread.run(Thread.java:829)
Caused by: org.apache.hadoop.fs.s3a.audit.AuditFailureException: 67226e31-30c8-4b12-bd8d-7af12d75e150-00000105 unaudited operation executing a request outside an audit span {object_list_request 'test/testComplexDirActions/dir-0-0002/file--0-0002-0001.txt/' size=2, mutating=false}
	at org.apache.hadoop.fs.s3a.audit.impl.LoggingAuditor$WarningSpan.beforeExecution(LoggingAuditor.java:546)
	at org.apache.hadoop.fs.s3a.audit.impl.ActiveAuditManagerS3A$WrappingAuditSpan.beforeExecution(ActiveAuditManagerS3A.java:821)
	at org.apache.hadoop.fs.s3a.audit.impl.ActiveAuditManagerS3A.beforeExecution(ActiveAuditManagerS3A.java:492)
	at software.amazon.awssdk.core.interceptor.ExecutionInterceptorChain.lambda$beforeExecution$1(ExecutionInterceptorChain.java:59)
	at java.base/java.util.ArrayList.forEach(ArrayList.java:1541)
	at software.amazon.awssdk.core.interceptor.ExecutionInterceptorChain.beforeExecution(ExecutionInterceptorChain.java:59)
	at software.amazon.awssdk.awscore.internal.AwsExecutionContextBuilder.runInitialInterceptors(AwsExecutionContextBuilder.java:239)
	at software.amazon.awssdk.awscore.internal.AwsExecutionContextBuilder.invokeInterceptorsAndCreateExecutionContext(AwsExecutionContextBuilder.java:130)
	at software.amazon.awssdk.awscore.client.handler.AwsSyncClientHandler.invokeInterceptorsAndCreateExecutionContext(AwsSyncClientHandler.java:67)
	at software.amazon.awssdk.core.internal.handler.BaseSyncClientHandler.lambda$execute$1(BaseSyncClientHandler.java:76)
	at software.amazon.awssdk.core.internal.handler.BaseSyncClientHandler.measureApiCallSuccess(BaseSyncClientHandler.java:182)
	at software.amazon.awssdk.core.internal.handler.BaseSyncClientHandler.execute(BaseSyncClientHandler.java:74)
	at software.amazon.awssdk.core.client.handler.SdkSyncClientHandler.execute(SdkSyncClientHandler.java:45)
	at software.amazon.awssdk.awscore.client.handler.AwsSyncClientHandler.execute(AwsSyncClientHandler.java:53)
	at software.amazon.awssdk.services.s3.DefaultS3Client.listObjects(DefaultS3Client.java:7185)
	at software.amazon.awssdk.services.s3.DelegatingS3Client.lambda$listObjects$62(DelegatingS3Client.java:5733)
	at software.amazon.awssdk.services.s3.internal.crossregion.S3CrossRegionSyncClient.invokeOperation(S3CrossRegionSyncClient.java:67)
	at software.amazon.awssdk.services.s3.DelegatingS3Client.listObjects(DelegatingS3Client.java:5733)
	at org.apache.hadoop.fs.s3a.S3AFileSystem.lambda$listObjects$13(S3AFileSystem.java:3118)
	at org.apache.hadoop.fs.statistics.impl.IOStatisticsBinding.invokeTrackingDuration(IOStatisticsBinding.java:547)
	at org.apache.hadoop.fs.statistics.impl.IOStatisticsBinding.lambda$trackDurationOfOperation$5(IOStatisticsBinding.java:528)
	at org.apache.hadoop.fs.s3a.Invoker.retryUntranslated(Invoker.java:468)
	at org.apache.hadoop.fs.s3a.Invoker.retryUntranslated(Invoker.java:431)
	at org.apache.hadoop.fs.s3a.S3AFileSystem.listObjects(S3AFileSystem.java:3111)
	at org.apache.hadoop.fs.s3a.S3AFileSystem.s3GetFileStatus(S3AFileSystem.java:4123)
	... 34 more
</error>
    <system-out><![CDATA[2025-01-02 17:46:58,247 [setup] DEBUG s3a.S3AFileSystem (S3AFileSystem.java:initializeClass(5765)) - Initialize S3A class
2025-01-02 17:46:58,248 [setup] DEBUG s3a.S3AFileSystem (S3AFileSystem.java:initialize(556)) - Initializing S3AFileSystem for obs-bucket
2025-01-02 17:46:58,248 [setup] DEBUG s3a.S3AUtils (S3AUtils.java:propagateBucketOptions(1104)) - Propagating entries under fs.s3a.bucket.obs-bucket.
2025-01-02 17:46:58,250 [setup] DEBUG s3a.S3AUtils (S3AUtils.java:maybeIsolateClassloader(1721)) - Configuration classloader set to S3AFileSystem classloader: jdk.internal.loader.ClassLoaders$AppClassLoader@5c29bfd
2025-01-02 17:46:58,251 [setup] DEBUG s3a.S3AUtils (S3AUtils.java:buildEncryptionSecrets(1507)) - Data is unencrypted
2025-01-02 17:46:58,252 [setup] DEBUG s3a.S3ARetryPolicy (S3ARetryPolicy.java:<init>(150)) - Retrying on recoverable AWS failures 3 times with an initial interval of 500ms
2025-01-02 17:46:58,252 [setup] DEBUG s3a.S3AFileSystem (S3AFileSystem.java:initialize(623)) - Client Side Encryption enabled: false
2025-01-02 17:46:58,252 [setup] DEBUG s3a.S3AUtils (S3AUtils.java:intOption(910)) - Value of fs.s3a.paging.maximum is 2
2025-01-02 17:46:58,252 [setup] DEBUG s3a.S3AUtils (S3AUtils.java:longBytesOption(953)) - Value of fs.s3a.block.size is 33554432
2025-01-02 17:46:58,252 [setup] DEBUG s3a.S3AUtils (S3AUtils.java:longBytesOption(953)) - Value of fs.s3a.prefetch.block.size is 8388608
2025-01-02 17:46:58,252 [setup] DEBUG s3a.S3AUtils (S3AUtils.java:intOption(910)) - Value of fs.s3a.prefetch.block.count is 8
2025-01-02 17:46:58,252 [setup] DEBUG s3a.S3AUtils (S3AUtils.java:intOption(910)) - Value of fs.s3a.max.total.tasks is 32
2025-01-02 17:46:58,252 [setup] DEBUG impl.ConfigurationHelper (ConfigurationHelper.java:getDuration(80)) - Duration of fs.s3a.threads.keepalivetime = PT1M
2025-01-02 17:46:58,252 [setup] DEBUG s3a.S3AUtils (S3AUtils.java:intOption(910)) - Value of fs.s3a.executor.capacity is 16
2025-01-02 17:46:58,253 [setup] DEBUG auth.SignerManager (SignerManager.java:initCustomSigners(68)) - No custom signers specified
2025-01-02 17:46:58,253 [setup] DEBUG audit.AuditIntegration (AuditIntegration.java:createAndInitAuditor(109)) - Auditor class is class org.apache.hadoop.fs.s3a.audit.impl.LoggingAuditor
2025-01-02 17:46:58,253 [setup] DEBUG impl.ActiveAuditManagerS3A (ActiveAuditManagerS3A.java:serviceInit(199)) - Audit manager initialized with audit service LoggingAuditor{ID='67226e31-30c8-4b12-bd8d-7af12d75e150', headerEnabled=true, rejectOutOfSpan=true, isMultipartUploadEnabled=true}
2025-01-02 17:46:58,253 [setup] DEBUG impl.ActiveAuditManagerS3A (ActiveAuditManagerS3A.java:serviceStart(212)) - Started audit service LoggingAuditor{ID='67226e31-30c8-4b12-bd8d-7af12d75e150', headerEnabled=true, rejectOutOfSpan=true, isMultipartUploadEnabled=true}
2025-01-02 17:46:58,253 [setup] DEBUG audit.AuditIntegration (AuditIntegration.java:createAndStartAuditManager(76)) - Started Audit Manager Service ActiveAuditManagerS3A in state ActiveAuditManagerS3A: STARTED, auditor=LoggingAuditor{ID='67226e31-30c8-4b12-bd8d-7af12d75e150', headerEnabled=true, rejectOutOfSpan=true, isMultipartUploadEnabled=true}}
2025-01-02 17:46:58,253 [setup] DEBUG s3a.S3AUtils (S3AUtils.java:longOption(931)) - Value of fs.s3a.internal.upload.part.count.limit is 10000
2025-01-02 17:46:58,253 [setup] DEBUG s3a.S3AFileSystem (S3AFileSystem.java:createRequestFactory(1279)) - Unset storage class property fs.s3a.create.storage.class; falling back to default storage class
2025-01-02 17:46:58,253 [setup] DEBUG impl.ConfigurationHelper (ConfigurationHelper.java:getDuration(80)) - Duration of fs.s3a.connection.part.upload.timeout = PT15M
2025-01-02 17:46:58,254 [setup] DEBUG auth.CredentialProviderListFactory (CredentialProviderListFactory.java:createAWSV2CredentialProvider(306)) - Credential provider class is org.apache.hadoop.fs.s3a.TemporaryAWSCredentialsProvider
2025-01-02 17:46:58,254 [setup] DEBUG auth.CredentialProviderListFactory (CredentialProviderListFactory.java:createAWSV2CredentialProvider(306)) - Credential provider class is org.apache.hadoop.fs.s3a.SimpleAWSCredentialsProvider
2025-01-02 17:46:58,254 [setup] DEBUG auth.CredentialProviderListFactory (CredentialProviderListFactory.java:createAWSV2CredentialProvider(306)) - Credential provider class is software.amazon.awssdk.auth.credentials.EnvironmentVariableCredentialsProvider
2025-01-02 17:46:58,254 [setup] DEBUG auth.CredentialProviderListFactory (CredentialProviderListFactory.java:createAWSV2CredentialProvider(306)) - Credential provider class is org.apache.hadoop.fs.s3a.auth.IAMInstanceCredentialsProvider
2025-01-02 17:46:58,254 [setup] DEBUG auth.CredentialProviderListFactory (CredentialProviderListFactory.java:createAWSCredentialProviderList(151)) - For URI s3a://obs-bucket/, using credentials AWSCredentialProviderList name=; refcount= 1; size=4: [TemporaryAWSCredentialsProvider, SimpleAWSCredentialsProvider{accessKey.empty=false, secretKey.empty=false}, EnvironmentVariableCredentialsProvider(), IAMInstanceCredentialsProvider{credentialsProvider=ContainerCredentialsProvider(), isContainerCredentialsProvider=true}]
2025-01-02 17:46:58,254 [setup] DEBUG s3a.S3AFileSystem (S3AFileSystem.java:createClientManager(1119)) - Using credential provider AWSCredentialProviderList name=; refcount= 1; size=4: [TemporaryAWSCredentialsProvider, SimpleAWSCredentialsProvider{accessKey.empty=false, secretKey.empty=false}, EnvironmentVariableCredentialsProvider(), IAMInstanceCredentialsProvider{credentialsProvider=ContainerCredentialsProvider(), isContainerCredentialsProvider=true}]
2025-01-02 17:46:58,255 [setup] DEBUG s3a.S3AFileSystem (S3AFileSystem.java:initialize(711)) - Input fadvise policy = default
2025-01-02 17:46:58,255 [setup] DEBUG s3a.S3AFileSystem (S3AFileSystem.java:initialize(713)) - Change detection policy = ETagChangeDetectionPolicy mode=Server
2025-01-02 17:46:58,255 [setup] DEBUG s3a.S3AFileSystem (S3AFileSystem.java:initialize(717)) - Filesystem support for magic committers is enabled
2025-01-02 17:46:58,255 [setup] DEBUG s3a.S3AUtils (S3AUtils.java:intOption(910)) - Value of fs.s3a.fast.upload.active.blocks is 4
2025-01-02 17:46:58,255 [setup] DEBUG s3a.S3AFileSystem (S3AFileSystem.java:initialize(736)) - Using S3ABlockOutputStream with buffer = disk; block=67108864; queue limit=4; multipart=true
2025-01-02 17:46:58,255 [setup] DEBUG s3a.S3AFileSystem (S3AFileSystem.java:initialize(759)) - fs.s3a.create.performance = false
2025-01-02 17:46:58,255 [setup] DEBUG impl.DirectoryPolicyImpl (DirectoryPolicyImpl.java:getDirectoryPolicy(189)) - Directory markers will be kept
2025-01-02 17:46:58,255 [setup] DEBUG s3a.S3AFileSystem (S3AFileSystem.java:initialize(765)) - Directory marker retention policy is DirectoryMarkerRetention{policy='keep'}
2025-01-02 17:46:58,255 [setup] DEBUG s3a.S3AUtils (S3AUtils.java:intOption(910)) - Value of fs.s3a.bulk.delete.page.size is 250
2025-01-02 17:46:58,255 [setup] DEBUG s3a.S3AUtils (S3AUtils.java:longBytesOption(953)) - Value of fs.s3a.readahead.range is 65536
2025-01-02 17:46:58,256 [setup] DEBUG s3a.S3AUtils (S3AUtils.java:intOption(910)) - Value of io.file.buffer.size is 4096
2025-01-02 17:46:58,256 [setup] DEBUG s3a.S3AUtils (S3AUtils.java:longBytesOption(953)) - Value of fs.s3a.input.async.drain.threshold is 16000
2025-01-02 17:46:58,256 [setup] DEBUG s3a.S3AUtils (S3AUtils.java:intOption(910)) - Value of fs.s3a.vectored.active.ranged.reads is 4
2025-01-02 17:46:58,256 [setup] DEBUG s3a.S3AUtils (S3AUtils.java:longBytesOption(953)) - Value of fs.s3a.vectored.read.min.seek.size is 4096
2025-01-02 17:46:58,256 [setup] DEBUG s3a.S3AUtils (S3AUtils.java:longBytesOption(953)) - Value of fs.s3a.vectored.read.max.merged.size is 1048576
2025-01-02 17:46:58,256 [setup] DEBUG s3a.S3AFileSystem (S3AFileSystem.java:initialize(788)) - Using optimized copyFromLocal implementation: true
2025-01-02 17:46:58,256 [setup] DEBUG s3a.S3AUtils (S3AUtils.java:intOption(910)) - Value of fs.s3a.io.rate.limit is 0
2025-01-02 17:46:58,256 [setup] DEBUG s3a.S3AUtils (S3AUtils.java:intOption(910)) - Value of fs.s3a.connection.maximum is 500
2025-01-02 17:46:58,256 [setup] DEBUG impl.ConfigurationHelper (ConfigurationHelper.java:getDuration(80)) - Duration of fs.s3a.connection.acquisition.timeout = PT1M
2025-01-02 17:46:58,256 [setup] DEBUG impl.ConfigurationHelper (ConfigurationHelper.java:getDuration(80)) - Duration of fs.s3a.connection.ttl = PT5M
2025-01-02 17:46:58,256 [setup] DEBUG impl.ConfigurationHelper (ConfigurationHelper.java:getDuration(80)) - Duration of fs.s3a.connection.establish.timeout = PT30S
2025-01-02 17:46:58,257 [setup] DEBUG impl.ConfigurationHelper (ConfigurationHelper.java:getDuration(80)) - Duration of fs.s3a.connection.idle.time = PT1M
2025-01-02 17:46:58,257 [setup] DEBUG impl.ConfigurationHelper (ConfigurationHelper.java:getDuration(80)) - Duration of fs.s3a.connection.timeout = PT3M20S
2025-01-02 17:46:58,257 [setup] DEBUG s3a.DefaultS3ClientFactory (DefaultS3ClientFactory.java:getS3RegionFromEndpoint(401)) - Endpoint http://localhost:9878 is not the default; parsing
2025-01-02 17:46:58,257 [setup] DEBUG s3a.DefaultS3ClientFactory (DefaultS3ClientFactory.java:configureEndpointAndRegion(321)) - Setting endpoint to http://localhost:9878
2025-01-02 17:46:58,258 [setup] DEBUG s3a.DefaultS3ClientFactory (DefaultS3ClientFactory.java:configureEndpointAndRegion(348)) - Setting region to us-east-2 from cross region access fallback
2025-01-02 17:46:58,258 [setup] DEBUG impl.ConfigurationHelper (ConfigurationHelper.java:getDuration(80)) - Duration of fs.s3a.connection.request.timeout = PT1M
2025-01-02 17:46:58,258 [setup] DEBUG impl.AWSClientConfig (AWSClientConfig.java:initUserAgent(377)) - Using User-Agent: Hadoop 3.4.1
2025-01-02 17:46:58,258 [setup] DEBUG s3a.S3AUtils (S3AUtils.java:intOption(910)) - Value of fs.s3a.attempts.maximum is 1
2025-01-02 17:46:58,260 [setup] DEBUG s3a.S3AFileSystem (S3AFileSystem.java:doBucketProbing(895)) - skipping check for bucket existence
2025-01-02 17:46:58,262 [setup] INFO  contract.AbstractFSContractTestBase (AbstractFSContractTestBase.java:setup(196)) - Test filesystem = s3a://obs-bucket implemented by S3AFileSystem{uri=s3a://obs-bucket, workingDir=s3a://obs-bucket/user/runner, partSize=67108864, enableMultiObjectsDelete=true, maxKeys=2, performanceFlags={}, OpenFileSupport{changePolicy=ETagChangeDetectionPolicy mode=Server, defaultReadAhead=65536, defaultBufferSize=4096, defaultAsyncDrainThreshold=16000, defaultInputPolicy=default}, blockSize=33554432, multiPartThreshold=134217728, s3EncryptionAlgorithm='NONE', blockFactory=org.apache.hadoop.fs.s3a.S3ADataBlocks$DiskBlockFactory@f54c0b3, auditManager=Service ActiveAuditManagerS3A in state ActiveAuditManagerS3A: STARTED, auditor=LoggingAuditor{ID='67226e31-30c8-4b12-bd8d-7af12d75e150', headerEnabled=true, rejectOutOfSpan=true, isMultipartUploadEnabled=true}}, authoritativePath=[], useListV1=true, magicCommitter=true, boundedExecutor=BlockingThreadPoolExecutorService{SemaphoredDelegatingExecutor{permitCount=224, available=224, waiting=0}, activeCount=0}, unboundedExecutor=java.util.concurrent.ThreadPoolExecutor@7ad83bc9[Running, pool size = 0, active threads = 0, queued tasks = 0, completed tasks = 0], credentials=AWSCredentialProviderList name=; refcount= 1; size=4: [TemporaryAWSCredentialsProvider, SimpleAWSCredentialsProvider{accessKey.empty=false, secretKey.empty=false}, EnvironmentVariableCredentialsProvider(), IAMInstanceCredentialsProvider{credentialsProvider=ContainerCredentialsProvider(), isContainerCredentialsProvider=true}], delegation tokens=disabled, DirectoryMarkerRetention{policy='keep'}, instrumentation {S3AInstrumentation{instanceIOStatistics=counters=((stream_read_operations=0) (stream_aborted=0) (object_list_request=0) (action_executor_acquired=0) (stream_write_total_time=0) (multipart_upload_list=0) (op_create_non_recursive=0) (http_response_429=0) (stream_read_remote_stream_drain.failures=0) (op_open=0) (stream_write_bytes=0) (committer_commit_job=0) (stream_write_block_uploads_aborted=0) (object_metadata_request=0) (store_io_rate_limited_duration=0) (object_multipart_initiated.failures=0) (action_file_opened=0) (committer_magic_marker_put=0) (action_file_opened.failures=0) (object_list_request.failures=0) (object_bulk_delete_request=0) (object_put_bytes=0) (op_xattr_get_named=0) (delegation_tokens_issued=0) (op_get_file_checksum.failures=0) (committer_stage_file_upload.failures=0) (stream_read_remote_stream_aborted.failures=0) (op_delete.failures=0) (op_rename=0) (op_list_files.failures=0) (committer_load_single_pending_file.failures=0) (delegation_tokens_issued.failures=0) (op_delete=0) (op_xattr_get_map=0) (stream_read_opened=0) (object_continue_list_request.failures=0) (object_multipart_aborted.failures=0) (op_xattr_get_map.failures=0) (committer_load_single_pending_file=0) (stream_read_closed=0) (op_openfile=0) (multipart_upload_completed=0) (multipart_upload_abort_under_path_invoked=0) (op_get_file_status=0) (op_list_located_status=0) (op_hsync=0) (http_response_503=0) (committer_commits.failures=0) (stream_read_close_operations=0) (stream_read_seek_bytes_skipped=0) (store_client_creation=1) (stream_read_seek_policy_changed=0) (op_abort.failures=0) (stream_read_fully_operations=0) (http_response_5XX=0) (op_create=0) (committer_commits_created=0) (stream_read_bytes_discarded_in_close=0) (stream_read_vectored_operations=0) (multipart_upload_aborted=0) (filesystem_close=0) (action_http_head_request=0) (op_access.failures=0) (op_glob_status.failures=0) (stream_read_vectored_read_bytes_discarded=0) (stream_read_seek_operations=0) (action_http_head_request.failures=0) (op_get_content_summary=0) (stream_read_version_mismatches=0) (op_get_delegation_token.failures=0) (multipart_upload_part_put=0) (store_io_rate_limited_duration.failures=0) (object_put_request.failures=0) (object_delete_request=0) (op_xattr_get_named_map=0) (multipart_upload_started=0) (stream_file_cache_eviction.failures=0) (op_hflush=0) (object_delete_request.failures=0) (directories_created=0) (committer_tasks_completed=0) (store_exists_probe=0) (action_http_get_request.failures=0) (op_access=0) (files_deleted=0) (stream_read_vectored_incoming_ranges=0) (filesystem_initialization.failures=0) (committer_tasks_failed=0) (store_io_request=0) (stream_read_bytes_backwards_on_seek=0) (stream_read_remote_stream_aborted=0) (committer_materialize_file.failures=0) (http_response_500=0) (op_list_files=0) (filesystem_close.failures=0) (store_exists_probe.failures=0) (http_response_400=0) (object_continue_list_request=0) (multipart_instantiated=0) (object_delete_objects=0) (op_is_directory.failures=0) (op_get_content_summary.failures=0) (audit_span_creation=1) (op_createfile=0) (op_xattr_list.failures=0) (stream_read_total_bytes=0) (object_copy_requests=0) (stream_evict_blocks_from_cache=0) (stream_write_queue_duration=0) (stream_read_seek_backward_operations=0) (op_exists.failures=0) (op_list_status.failures=0) (stream_write_block_uploads_committed=0) (fake_directories_deleted=0) (object_put_request=0) (stream_write_block_uploads=0) (committer_magic_marker_put.failures=0) (committer_bytes_uploaded=0) (stream_read_bytes_discarded_in_abort=0) (audit_failure=0) (stream_read_seek_bytes_discarded=0) (stream_write_exceptions=0) (stream_read_operations_incomplete=0) (stream_write_total_data=0) (stream_read_remote_stream_drain=0) (op_xattr_get_named_map.failures=0) (stream_read_exceptions=0) (multipart_upload_part_put_bytes=0) (committer_bytes_committed=0) (object_multipart_aborted=0) (store_client_creation.failures=0) (op_rename.failures=0) (op_mkdirs.failures=0) (audit_request_execution=0) (files_copied_bytes=0) (object_multipart_initiated=0) (action_executor_acquired.failures=0) (multipart_upload_list.failures=0) (op_mkdirs=0) (object_bulk_delete_request.failures=0) (op_is_directory=0) (committer_jobs_completed=0) (op_glob_status=0) (op_get_file_status.failures=0) (stream_write_queue_duration.failures=0) (files_delete_rejected=0) (op_abort=0) (stream_read_vectored_combined_ranges=0) (fake_directories_created=0) (stream_write_exceptions_completing_upload=0) (store_io_throttled=0) (directories_deleted=0) (op_createfile.failures=0) (committer_materialize_file=0) (http_response_4XX=0) (stream_read_bytes=0) (files_created=0) (committer_commits_completed=0) (op_copy_from_local_file=0) (op_xattr_list=0) (op_create.failures=0) (stream_read_seek_forward_operations=0) (store_io_retry=0) (action_http_get_request=0) (committer_jobs_failed=0) (op_list_status=0) (op_xattr_get_named.failures=0) (committer_commits_reverted=0) (audit_access_check_failure=0) (op_exists=0) (committer_commits_aborted=0) (op_copy_from_local_file.failures=0) (op_is_file=0) (ignored_errors=0) (committer_magic_files_created=0) (object_put_request_completed=0) (op_is_file.failures=0) (committer_commit_job.failures=0) (stream_file_cache_eviction=0) (stream_read_unbuffered=0) (op_get_delegation_token=0) (committer_stage_file_upload=0) (object_multipart_list.failures=0) (files_copied=0) (op_bulk-delete=0) (object_multipart_list=0) (op_get_file_checksum=0) (filesystem_initialization=1));
gauges=((stream_write_block_uploads_active=0) (stream_write_block_uploads_data_pending=0) (stream_read_active_prefetch_operations=0) (client_side_encryption_enabled=0) (object_put_bytes_pending=0) (stream_read_blocks_in_cache=0) (stream_read_active_memory_in_use=0) (object_put_request_active=0) (stream_write_block_uploads_pending=0));
minimums=((filesystem_close.min=-1) (op_exists.failures.min=-1) (op_rename.min=-1) (op_createfile.min=-1) (op_abort.failures.min=-1) (op_delete.failures.min=-1) (object_multipart_aborted.min=-1) (op_glob_status.failures.min=-1) (committer_stage_file_upload.min=-1) (action_http_head_request.min=-1) (stream_read_remote_stream_aborted.min=-1) (store_client_creation.min=4) (op_xattr_get_named.failures.min=-1) (store_exists_probe.failures.min=-1) (op_access.failures.min=-1) (committer_materialize_file.failures.min=-1) (action_executor_acquired.failures.min=-1) (op_xattr_get_map.min=-1) (store_exists_probe.min=-1) (op_is_file.failures.min=-1) (action_http_get_request.failures.min=-1) (op_glob_status.min=-1) (op_list_files.failures.min=-1) (object_continue_list_request.failures.min=-1) (op_get_file_status.min=-1) (op_access.min=-1) (action_http_get_request.min=-1) (object_list_request.min=-1) (object_multipart_initiated.min=-1) (object_multipart_list.failures.min=-1) (op_get_file_checksum.min=-1) (op_get_content_summary.min=-1) (op_get_file_status.failures.min=-1) (committer_magic_marker_put.failures.min=-1) (action_file_opened.failures.min=-1) (op_get_content_summary.failures.min=-1) (stream_read_remote_stream_aborted.failures.min=-1) (op_mkdirs.failures.min=-1) (committer_magic_marker_put.min=-1) (committer_stage_file_upload.failures.min=-1) (op_xattr_list.min=-1) (store_client_creation.failures.min=-1) (stream_file_cache_eviction.min=-1) (op_xattr_get_map.failures.min=-1) (object_list_request.failures.min=-1) (object_delete_request.min=-1) (object_multipart_list.min=-1) (filesystem_initialization.failures.min=-1) (op_get_delegation_token.min=-1) (delegation_tokens_issued.min=-1) (delegation_tokens_issued.failures.min=-1) (committer_load_single_pending_file.min=-1) (op_create.min=-1) (stream_read_remote_stream_drain.failures.min=-1) (op_is_directory.failures.min=-1) (op_mkdirs.min=-1) (op_abort.min=-1) (object_bulk_delete_request.min=-1) (stream_write_queue_duration.failures.min=-1) (committer_materialize_file.min=-1) (action_file_opened.min=-1) (op_get_delegation_token.failures.min=-1) (op_copy_from_local_file.failures.min=-1) (op_xattr_get_named_map.min=-1) (op_copy_from_local_file.min=-1) (object_bulk_delete_request.failures.min=-1) (multipart_upload_list.min=-1) (op_list_files.min=-1) (op_is_directory.min=-1) (object_continue_list_request.min=-1) (op_rename.failures.min=-1) (op_exists.min=-1) (op_xattr_get_named.min=-1) (op_xattr_list.failures.min=-1) (op_create.failures.min=-1) (committer_load_single_pending_file.failures.min=-1) (stream_file_cache_eviction.failures.min=-1) (action_http_head_request.failures.min=-1) (committer_commit_job.failures.min=-1) (op_list_status.min=-1) (object_multipart_initiated.failures.min=-1) (op_is_file.min=-1) (filesystem_close.failures.min=-1) (store_io_rate_limited_duration.min=-1) (object_put_request.failures.min=-1) (stream_read_remote_stream_drain.min=-1) (object_delete_request.failures.min=-1) (op_createfile.failures.min=-1) (object_put_request.min=-1) (op_delete.min=-1) (op_list_status.failures.min=-1) (op_xattr_get_named_map.failures.min=-1) (store_io_rate_limited_duration.failures.min=-1) (object_multipart_aborted.failures.min=-1) (action_executor_acquired.min=-1) (committer_commit_job.min=-1) (multipart_upload_list.failures.min=-1) (op_get_file_checksum.failures.min=-1) (stream_write_queue_duration.min=-1) (filesystem_initialization.min=9));
maximums=((object_multipart_initiated.max=-1) (object_put_request.max=-1) (store_client_creation.max=4) (op_is_directory.failures.max=-1) (action_file_opened.max=-1) (stream_read_remote_stream_aborted.failures.max=-1) (object_bulk_delete_request.max=-1) (op_is_file.failures.max=-1) (op_get_file_checksum.failures.max=-1) (object_list_request.failures.max=-1) (action_http_head_request.max=-1) (stream_file_cache_eviction.max=-1) (op_xattr_get_map.failures.max=-1) (action_http_get_request.failures.max=-1) (op_is_directory.max=-1) (committer_load_single_pending_file.failures.max=-1) (action_executor_acquired.failures.max=-1) (action_executor_acquired.max=-1) (op_copy_from_local_file.failures.max=-1) (committer_magic_marker_put.failures.max=-1) (delegation_tokens_issued.failures.max=-1) (op_is_file.max=-1) (committer_commit_job.max=-1) (op_create.failures.max=-1) (op_get_delegation_token.failures.max=-1) (op_copy_from_local_file.max=-1) (op_xattr_get_map.max=-1) (op_xattr_get_named.max=-1) (op_get_content_summary.failures.max=-1) (multipart_upload_list.failures.max=-1) (filesystem_initialization.failures.max=-1) (op_list_status.failures.max=-1) (op_list_status.max=-1) (op_mkdirs.max=-1) (op_glob_status.failures.max=-1) (op_create.max=-1) (store_exists_probe.failures.max=-1) (op_rename.max=-1) (object_bulk_delete_request.failures.max=-1) (multipart_upload_list.max=-1) (filesystem_close.failures.max=-1) (filesystem_initialization.max=9) (committer_stage_file_upload.failures.max=-1) (object_continue_list_request.max=-1) (stream_read_remote_stream_drain.max=-1) (op_get_delegation_token.max=-1) (committer_stage_file_upload.max=-1) (object_put_request.failures.max=-1) (committer_materialize_file.failures.max=-1) (op_get_file_status.max=-1) (object_list_request.max=-1) (object_multipart_initiated.failures.max=-1) (object_multipart_aborted.max=-1) (op_glob_status.max=-1) (committer_materialize_file.max=-1) (op_list_files.max=-1) (stream_read_remote_stream_aborted.max=-1) (op_exists.max=-1) (object_delete_request.failures.max=-1) (op_rename.failures.max=-1) (object_multipart_list.max=-1) (op_createfile.failures.max=-1) (stream_write_queue_duration.max=-1) (object_delete_request.max=-1) (op_createfile.max=-1) (op_xattr_list.max=-1) (action_http_get_request.max=-1) (op_xattr_get_named_map.max=-1) (stream_read_remote_stream_drain.failures.max=-1) (delegation_tokens_issued.max=-1) (op_xattr_get_named_map.failures.max=-1) (committer_commit_job.failures.max=-1) (committer_magic_marker_put.max=-1) (object_multipart_list.failures.max=-1) (op_xattr_get_named.failures.max=-1) (stream_file_cache_eviction.failures.max=-1) (stream_write_queue_duration.failures.max=-1) (op_xattr_list.failures.max=-1) (op_access.failures.max=-1) (op_delete.failures.max=-1) (op_exists.failures.max=-1) (committer_load_single_pending_file.max=-1) (op_delete.max=-1) (store_client_creation.failures.max=-1) (op_access.max=-1) (object_continue_list_request.failures.max=-1) (op_abort.failures.max=-1) (store_io_rate_limited_duration.failures.max=-1) (op_abort.max=-1) (op_mkdirs.failures.max=-1) (store_exists_probe.max=-1) (filesystem_close.max=-1) (op_get_content_summary.max=-1) (action_http_head_request.failures.max=-1) (op_get_file_status.failures.max=-1) (op_list_files.failures.max=-1) (op_get_file_checksum.max=-1) (store_io_rate_limited_duration.max=-1) (action_file_opened.failures.max=-1) (object_multipart_aborted.failures.max=-1));
means=((op_get_content_summary.mean=(samples=0, sum=0, mean=0.0000)) (op_mkdirs.failures.mean=(samples=0, sum=0, mean=0.0000)) (multipart_upload_list.failures.mean=(samples=0, sum=0, mean=0.0000)) (op_is_file.mean=(samples=0, sum=0, mean=0.0000)) (op_get_file_status.failures.mean=(samples=0, sum=0, mean=0.0000)) (object_multipart_aborted.failures.mean=(samples=0, sum=0, mean=0.0000)) (object_multipart_list.failures.mean=(samples=0, sum=0, mean=0.0000)) (stream_read_remote_stream_drain.mean=(samples=0, sum=0, mean=0.0000)) (object_continue_list_request.mean=(samples=0, sum=0, mean=0.0000)) (committer_materialize_file.mean=(samples=0, sum=0, mean=0.0000)) (op_exists.mean=(samples=0, sum=0, mean=0.0000)) (committer_load_single_pending_file.failures.mean=(samples=0, sum=0, mean=0.0000)) (op_list_files.failures.mean=(samples=0, sum=0, mean=0.0000)) (committer_materialize_file.failures.mean=(samples=0, sum=0, mean=0.0000)) (op_access.mean=(samples=0, sum=0, mean=0.0000)) (op_access.failures.mean=(samples=0, sum=0, mean=0.0000)) (action_http_head_request.failures.mean=(samples=0, sum=0, mean=0.0000)) (op_rename.failures.mean=(samples=0, sum=0, mean=0.0000)) (committer_stage_file_upload.mean=(samples=0, sum=0, mean=0.0000)) (action_file_opened.mean=(samples=0, sum=0, mean=0.0000)) (stream_write_queue_duration.mean=(samples=0, sum=0, mean=0.0000)) (op_get_content_summary.failures.mean=(samples=0, sum=0, mean=0.0000)) (op_xattr_get_map.failures.mean=(samples=0, sum=0, mean=0.0000)) (op_xattr_get_map.mean=(samples=0, sum=0, mean=0.0000)) (op_abort.failures.mean=(samples=0, sum=0, mean=0.0000)) (op_rename.mean=(samples=0, sum=0, mean=0.0000)) (committer_stage_file_upload.failures.mean=(samples=0, sum=0, mean=0.0000)) (op_create.mean=(samples=0, sum=0, mean=0.0000)) (stream_write_queue_duration.failures.mean=(samples=0, sum=0, mean=0.0000)) (op_get_file_status.mean=(samples=0, sum=0, mean=0.0000)) (stream_read_remote_stream_aborted.failures.mean=(samples=0, sum=0, mean=0.0000)) (stream_file_cache_eviction.mean=(samples=0, sum=0, mean=0.0000)) (committer_load_single_pending_file.mean=(samples=0, sum=0, mean=0.0000)) (store_io_rate_limited_duration.failures.mean=(samples=0, sum=0, mean=0.0000)) (store_client_creation.failures.mean=(samples=0, sum=0, mean=0.0000)) (op_list_status.failures.mean=(samples=0, sum=0, mean=0.0000)) (store_exists_probe.mean=(samples=0, sum=0, mean=0.0000)) (op_xattr_get_named.failures.mean=(samples=0, sum=0, mean=0.0000)) (object_multipart_initiated.mean=(samples=0, sum=0, mean=0.0000)) (op_mkdirs.mean=(samples=0, sum=0, mean=0.0000)) (op_xattr_get_named_map.failures.mean=(samples=0, sum=0, mean=0.0000)) (committer_magic_marker_put.mean=(samples=0, sum=0, mean=0.0000)) (op_list_status.mean=(samples=0, sum=0, mean=0.0000)) (committer_magic_marker_put.failures.mean=(samples=0, sum=0, mean=0.0000)) (stream_read_remote_stream_drain.failures.mean=(samples=0, sum=0, mean=0.0000)) (action_executor_acquired.mean=(samples=0, sum=0, mean=0.0000)) (stream_read_remote_stream_aborted.mean=(samples=0, sum=0, mean=0.0000)) (object_bulk_delete_request.failures.mean=(samples=0, sum=0, mean=0.0000)) (object_put_request.mean=(samples=0, sum=0, mean=0.0000)) (object_bulk_delete_request.mean=(samples=0, sum=0, mean=0.0000)) (op_glob_status.mean=(samples=0, sum=0, mean=0.0000)) (op_glob_status.failures.mean=(samples=0, sum=0, mean=0.0000)) (delegation_tokens_issued.mean=(samples=0, sum=0, mean=0.0000)) (op_list_files.mean=(samples=0, sum=0, mean=0.0000)) (object_multipart_list.mean=(samples=0, sum=0, mean=0.0000)) (object_list_request.failures.mean=(samples=0, sum=0, mean=0.0000)) (op_createfile.mean=(samples=0, sum=0, mean=0.0000)) (object_delete_request.mean=(samples=0, sum=0, mean=0.0000)) (op_is_directory.failures.mean=(samples=0, sum=0, mean=0.0000)) (object_list_request.mean=(samples=0, sum=0, mean=0.0000)) (op_xattr_list.mean=(samples=0, sum=0, mean=0.0000)) (op_createfile.failures.mean=(samples=0, sum=0, mean=0.0000)) (delegation_tokens_issued.failures.mean=(samples=0, sum=0, mean=0.0000)) (op_get_file_checksum.failures.mean=(samples=0, sum=0, mean=0.0000)) (op_copy_from_local_file.mean=(samples=0, sum=0, mean=0.0000)) (op_create.failures.mean=(samples=0, sum=0, mean=0.0000)) (filesystem_close.mean=(samples=0, sum=0, mean=0.0000)) (store_io_rate_limited_duration.mean=(samples=0, sum=0, mean=0.0000)) (action_http_head_request.mean=(samples=0, sum=0, mean=0.0000)) (object_multipart_aborted.mean=(samples=0, sum=0, mean=0.0000)) (object_multipart_initiated.failures.mean=(samples=0, sum=0, mean=0.0000)) (action_http_get_request.mean=(samples=0, sum=0, mean=0.0000)) (store_exists_probe.failures.mean=(samples=0, sum=0, mean=0.0000)) (op_exists.failures.mean=(samples=0, sum=0, mean=0.0000)) (op_xattr_list.failures.mean=(samples=0, sum=0, mean=0.0000)) (action_http_get_request.failures.mean=(samples=0, sum=0, mean=0.0000)) (op_is_file.failures.mean=(samples=0, sum=0, mean=0.0000)) (op_copy_from_local_file.failures.mean=(samples=0, sum=0, mean=0.0000)) (committer_commit_job.mean=(samples=0, sum=0, mean=0.0000)) (object_delete_request.failures.mean=(samples=0, sum=0, mean=0.0000)) (op_get_delegation_token.failures.mean=(samples=0, sum=0, mean=0.0000)) (object_put_request.failures.mean=(samples=0, sum=0, mean=0.0000)) (stream_file_cache_eviction.failures.mean=(samples=0, sum=0, mean=0.0000)) (op_xattr_get_named_map.mean=(samples=0, sum=0, mean=0.0000)) (filesystem_initialization.failures.mean=(samples=0, sum=0, mean=0.0000)) (action_executor_acquired.failures.mean=(samples=0, sum=0, mean=0.0000)) (op_delete.mean=(samples=0, sum=0, mean=0.0000)) (filesystem_initialization.mean=(samples=1, sum=9, mean=9.0000)) (object_continue_list_request.failures.mean=(samples=0, sum=0, mean=0.0000)) (committer_commit_job.failures.mean=(samples=0, sum=0, mean=0.0000)) (op_get_delegation_token.mean=(samples=0, sum=0, mean=0.0000)) (op_delete.failures.mean=(samples=0, sum=0, mean=0.0000)) (op_get_file_checksum.mean=(samples=0, sum=0, mean=0.0000)) (op_abort.mean=(samples=0, sum=0, mean=0.0000)) (action_file_opened.failures.mean=(samples=0, sum=0, mean=0.0000)) (store_client_creation.mean=(samples=1, sum=4, mean=4.0000)) (multipart_upload_list.mean=(samples=0, sum=0, mean=0.0000)) (filesystem_close.failures.mean=(samples=0, sum=0, mean=0.0000)) (op_xattr_get_named.mean=(samples=0, sum=0, mean=0.0000)) (op_is_directory.mean=(samples=0, sum=0, mean=0.0000)));
}}, ClientSideEncryption=false}
2025-01-02 17:46:58,264 [setup] DEBUG impl.MkdirOperation (MkdirOperation.java:execute(120)) - Making directory: s3a://obs-bucket/test
2025-01-02 17:46:58,264 [setup] DEBUG s3a.S3AFileSystem (S3AFileSystem.java:innerGetFileStatus(4005)) - Getting path status for s3a://obs-bucket/test  (test); needEmptyDirectory=false
2025-01-02 17:46:58,265 [setup] DEBUG s3a.S3AFileSystem (S3AFileSystem.java:s3GetFileStatus(4064)) - S3GetFileStatus s3a://obs-bucket/test
2025-01-02 17:46:58,269 [setup] DEBUG s3a.S3AFileSystem (S3AFileSystem.java:listObjects(3107)) - LIST List obs-bucket:/test/ delimiter=/ keys=2 requester pays=null
2025-01-02 17:46:58,269 [setup] DEBUG s3a.S3AFileSystem (DurationInfo.java:<init>(80)) - Starting: LIST
2025-01-02 17:46:58,270 [setup] DEBUG s3a.Invoker (DurationInfo.java:<init>(80)) - Starting: create credentials
2025-01-02 17:46:58,270 [setup] DEBUG s3a.Invoker (DurationInfo.java:close(101)) - create credentials: duration 0:00.000s
2025-01-02 17:46:58,270 [setup] DEBUG s3a.AWSCredentialProviderList (AWSCredentialProviderList.java:resolveCredentials(195)) - No credentials from TemporaryAWSCredentialsProvider: org.apache.hadoop.fs.s3a.auth.NoAwsCredentialsException: Session credentials in Hadoop configuration: No AWS Credentials
2025-01-02 17:46:58,270 [setup] DEBUG s3a.AWSCredentialProviderList (AWSCredentialProviderList.java:resolveCredentials(182)) - Using credentials from SimpleAWSCredentialsProvider{accessKey.empty=false, secretKey.empty=false}
2025-01-02 17:46:58,271 [setup] DEBUG impl.LoggingAuditor (LoggingAuditor.java:modifyHttpRequest(410)) - [153] 67226e31-30c8-4b12-bd8d-7af12d75e150-00000107 Executing op_mkdirs with {object_list_request 'test/' size=2, mutating=false}; https://audit.example.org/hadoop/1/op_mkdirs/67226e31-30c8-4b12-bd8d-7af12d75e150-00000107/?op=op_mkdirs&p1=test&pr=runner&ps=a84b8fc4-c757-4eb1-9a3e-4c3b8d9615e9&id=67226e31-30c8-4b12-bd8d-7af12d75e150-00000107&t0=153&fs=67226e31-30c8-4b12-bd8d-7af12d75e150&t1=153&ts=1735840018264
2025-01-02 17:46:58,288 [setup] DEBUG s3a.S3AFileSystem (DurationInfo.java:close(101)) - LIST: duration 0:00.019s
2025-01-02 17:46:58,289 [setup] DEBUG s3a.S3AFileSystem (S3AFileSystem.java:s3GetFileStatus(4155)) - Not Found: s3a://obs-bucket/test
2025-01-02 17:46:58,289 [setup] DEBUG s3a.S3AFileSystem (S3AFileSystem.java:innerGetFileStatus(4005)) - Getting path status for s3a://obs-bucket/test  (test); needEmptyDirectory=false
2025-01-02 17:46:58,289 [setup] DEBUG s3a.S3AFileSystem (S3AFileSystem.java:s3GetFileStatus(4064)) - S3GetFileStatus s3a://obs-bucket/test
2025-01-02 17:46:58,289 [setup] DEBUG s3a.S3AFileSystem (S3AFileSystem.java:lambda$getObjectMetadata$10(3044)) - HEAD test with change tracker null
2025-01-02 17:46:58,291 [setup] DEBUG impl.LoggingAuditor (LoggingAuditor.java:modifyHttpRequest(410)) - [153] 67226e31-30c8-4b12-bd8d-7af12d75e150-00000107 Executing op_mkdirs with {action_http_head_request 'test' size=0, mutating=false}; https://audit.example.org/hadoop/1/op_mkdirs/67226e31-30c8-4b12-bd8d-7af12d75e150-00000107/?op=op_mkdirs&p1=test&pr=runner&ps=a84b8fc4-c757-4eb1-9a3e-4c3b8d9615e9&id=67226e31-30c8-4b12-bd8d-7af12d75e150-00000107&t0=153&fs=67226e31-30c8-4b12-bd8d-7af12d75e150&t1=153&ts=1735840018264
2025-01-02 17:46:58,297 [setup] DEBUG s3a.Invoker (Invoker.java:retryUntranslated(474)) - GET test ; software.amazon.awssdk.services.s3.model.NoSuchKeyException: null (Service: S3, Status Code: 404, Request ID: da80a253-4c55-4f6e-bb53-5d35fa365d9d, Extended Request ID: 9soBFDQCA0uQ5Px) (Service: S3, Status Code: 404, Request ID: da80a253-4c55-4f6e-bb53-5d35fa365d9d), 
2025-01-02 17:46:58,298 [setup] DEBUG s3a.S3ARetryPolicy (S3ARetryPolicy.java:shouldRetry(318)) - Retry probe for FileNotFoundException with 0 retries and 0 failovers, idempotent=true, due to java.io.FileNotFoundException: GET test on /: software.amazon.awssdk.services.s3.model.NoSuchKeyException: null (Service: S3, Status Code: 404, Request ID: da80a253-4c55-4f6e-bb53-5d35fa365d9d, Extended Request ID: 9soBFDQCA0uQ5Px) (Service: S3, Status Code: 404, Request ID: da80a253-4c55-4f6e-bb53-5d35fa365d9d):NoSuchKey
java.io.FileNotFoundException: GET test on /: software.amazon.awssdk.services.s3.model.NoSuchKeyException: null (Service: S3, Status Code: 404, Request ID: da80a253-4c55-4f6e-bb53-5d35fa365d9d, Extended Request ID: 9soBFDQCA0uQ5Px) (Service: S3, Status Code: 404, Request ID: da80a253-4c55-4f6e-bb53-5d35fa365d9d):NoSuchKey
	at org.apache.hadoop.fs.s3a.S3AUtils.translateException(S3AUtils.java:279)
	at org.apache.hadoop.fs.s3a.Invoker.retryUntranslated(Invoker.java:481)
	at org.apache.hadoop.fs.s3a.Invoker.retryUntranslated(Invoker.java:431)
	at org.apache.hadoop.fs.s3a.S3AFileSystem.getObjectMetadata(S3AFileSystem.java:3036)
	at org.apache.hadoop.fs.s3a.S3AFileSystem.getObjectMetadata(S3AFileSystem.java:3016)
	at org.apache.hadoop.fs.s3a.S3AFileSystem.s3GetFileStatus(S3AFileSystem.java:4079)
	at org.apache.hadoop.fs.s3a.S3AFileSystem.innerGetFileStatus(S3AFileSystem.java:4007)
	at org.apache.hadoop.fs.s3a.S3AFileSystem$MkdirOperationCallbacksImpl.probePathStatus(S3AFileSystem.java:3864)
	at org.apache.hadoop.fs.s3a.impl.MkdirOperation.probePathStatusOrNull(MkdirOperation.java:218)
	at org.apache.hadoop.fs.s3a.impl.MkdirOperation.getPathStatusExpectingDir(MkdirOperation.java:242)
	at org.apache.hadoop.fs.s3a.impl.MkdirOperation.execute(MkdirOperation.java:134)
	at org.apache.hadoop.fs.s3a.impl.MkdirOperation.execute(MkdirOperation.java:59)
	at org.apache.hadoop.fs.s3a.impl.ExecutingStoreOperation.apply(ExecutingStoreOperation.java:76)
	at org.apache.hadoop.fs.statistics.impl.IOStatisticsBinding.invokeTrackingDuration(IOStatisticsBinding.java:547)
	at org.apache.hadoop.fs.statistics.impl.IOStatisticsBinding.lambda$trackDurationOfOperation$5(IOStatisticsBinding.java:528)
	at org.apache.hadoop.fs.statistics.impl.IOStatisticsBinding.trackDuration(IOStatisticsBinding.java:449)
	at org.apache.hadoop.fs.s3a.S3AFileSystem.trackDurationAndSpan(S3AFileSystem.java:2865)
	at org.apache.hadoop.fs.s3a.S3AFileSystem.trackDurationAndSpan(S3AFileSystem.java:2884)
	at org.apache.hadoop.fs.s3a.S3AFileSystem.mkdirs(S3AFileSystem.java:3835)
	at org.apache.hadoop.fs.FileSystem.mkdirs(FileSystem.java:2496)
	at org.apache.hadoop.fs.contract.AbstractFSContractTestBase.mkdirs(AbstractFSContractTestBase.java:363)
	at org.apache.hadoop.fs.contract.AbstractFSContractTestBase.setup(AbstractFSContractTestBase.java:205)
	at org.apache.hadoop.fs.contract.AbstractContractGetFileStatusTest.setup(AbstractContractGetFileStatusTest.java:60)
	at java.base/jdk.internal.reflect.NativeMethodAccessorImpl.invoke0(Native Method)
	at java.base/jdk.internal.reflect.NativeMethodAccessorImpl.invoke(NativeMethodAccessorImpl.java:62)
	at java.base/jdk.internal.reflect.DelegatingMethodAccessorImpl.invoke(DelegatingMethodAccessorImpl.java:43)
	at java.base/java.lang.reflect.Method.invoke(Method.java:566)
	at org.junit.runners.model.FrameworkMethod$1.runReflectiveCall(FrameworkMethod.java:59)
	at org.junit.internal.runners.model.ReflectiveCallable.run(ReflectiveCallable.java:12)
	at org.junit.runners.model.FrameworkMethod.invokeExplosively(FrameworkMethod.java:56)
	at org.junit.internal.runners.statements.RunBefores.invokeMethod(RunBefores.java:33)
	at org.junit.internal.runners.statements.RunBefores.evaluate(RunBefores.java:24)
	at org.junit.internal.runners.statements.RunAfters.evaluate(RunAfters.java:27)
	at org.junit.rules.TestWatcher$1.evaluate(TestWatcher.java:61)
	at org.junit.internal.runners.statements.FailOnTimeout$CallableStatement.call(FailOnTimeout.java:299)
	at org.junit.internal.runners.statements.FailOnTimeout$CallableStatement.call(FailOnTimeout.java:293)
	at java.base/java.util.concurrent.FutureTask.run(FutureTask.java:264)
	at java.base/java.lang.Thread.run(Thread.java:829)
Caused by: software.amazon.awssdk.services.s3.model.NoSuchKeyException: null (Service: S3, Status Code: 404, Request ID: da80a253-4c55-4f6e-bb53-5d35fa365d9d, Extended Request ID: 9soBFDQCA0uQ5Px) (Service: S3, Status Code: 404, Request ID: da80a253-4c55-4f6e-bb53-5d35fa365d9d)
	at software.amazon.awssdk.services.s3.model.NoSuchKeyException$BuilderImpl.build(NoSuchKeyException.java:126)
	at software.amazon.awssdk.services.s3.model.NoSuchKeyException$BuilderImpl.build(NoSuchKeyException.java:80)
	at software.amazon.awssdk.services.s3.internal.handlers.ExceptionTranslationInterceptor.modifyException(ExceptionTranslationInterceptor.java:63)
	at software.amazon.awssdk.core.interceptor.ExecutionInterceptorChain.modifyException(ExecutionInterceptorChain.java:181)
	at software.amazon.awssdk.core.internal.http.pipeline.stages.utils.ExceptionReportingUtils.runModifyException(ExceptionReportingUtils.java:54)
	at software.amazon.awssdk.core.internal.http.pipeline.stages.utils.ExceptionReportingUtils.reportFailureToInterceptors(ExceptionReportingUtils.java:38)
	at software.amazon.awssdk.core.internal.http.pipeline.stages.ExecutionFailureExceptionReportingStage.execute(ExecutionFailureExceptionReportingStage.java:39)
	at software.amazon.awssdk.core.internal.http.pipeline.stages.ExecutionFailureExceptionReportingStage.execute(ExecutionFailureExceptionReportingStage.java:26)
	at software.amazon.awssdk.core.internal.http.AmazonSyncHttpClient$RequestExecutionBuilderImpl.execute(AmazonSyncHttpClient.java:224)
	at software.amazon.awssdk.core.internal.handler.BaseSyncClientHandler.invoke(BaseSyncClientHandler.java:103)
	at software.amazon.awssdk.core.internal.handler.BaseSyncClientHandler.doExecute(BaseSyncClientHandler.java:173)
	at software.amazon.awssdk.core.internal.handler.BaseSyncClientHandler.lambda$execute$1(BaseSyncClientHandler.java:80)
	at software.amazon.awssdk.core.internal.handler.BaseSyncClientHandler.measureApiCallSuccess(BaseSyncClientHandler.java:182)
	at software.amazon.awssdk.core.internal.handler.BaseSyncClientHandler.execute(BaseSyncClientHandler.java:74)
	at software.amazon.awssdk.core.client.handler.SdkSyncClientHandler.execute(SdkSyncClientHandler.java:45)
	at software.amazon.awssdk.awscore.client.handler.AwsSyncClientHandler.execute(AwsSyncClientHandler.java:53)
	at software.amazon.awssdk.services.s3.DefaultS3Client.headObject(DefaultS3Client.java:6319)
	at software.amazon.awssdk.services.s3.DelegatingS3Client.lambda$headObject$53(DelegatingS3Client.java:5053)
	at software.amazon.awssdk.services.s3.internal.crossregion.S3CrossRegionSyncClient.invokeOperation(S3CrossRegionSyncClient.java:67)
	at software.amazon.awssdk.services.s3.DelegatingS3Client.headObject(DelegatingS3Client.java:5053)
	at org.apache.hadoop.fs.s3a.S3AFileSystem.lambda$getObjectMetadata$10(S3AFileSystem.java:3049)
	at org.apache.hadoop.fs.s3a.Invoker.retryUntranslated(Invoker.java:468)
	... 36 more
2025-01-02 17:46:58,298 [setup] DEBUG s3a.S3ARetryPolicy (S3ARetryPolicy.java:shouldRetry(323)) - Retry action is RetryAction(action=FAIL, delayMillis=0, reason=try once and fail.)
2025-01-02 17:46:58,298 [setup] DEBUG s3a.S3AFileSystem (S3AFileSystem.java:s3GetFileStatus(4155)) - Not Found: s3a://obs-bucket/test
2025-01-02 17:46:58,298 [setup] DEBUG s3a.Invoker (DurationInfo.java:<init>(80)) - Starting: PUT 0-byte object 
2025-01-02 17:46:58,299 [setup] DEBUG s3a.S3AFileSystem (S3AFileSystem.java:putObjectDirect(3340)) - PUT 0 bytes to test/
2025-01-02 17:46:58,299 [setup] DEBUG impl.S3AStoreImpl (S3AStoreImpl.java:incrementPutStartStatistics(397)) - PUT start 0 bytes
2025-01-02 17:46:58,300 [setup] DEBUG impl.LoggingAuditor (LoggingAuditor.java:modifyHttpRequest(410)) - [153] 67226e31-30c8-4b12-bd8d-7af12d75e150-00000107 Executing op_mkdirs with {object_put_request 'test/' size=0, mutating=true}; https://audit.example.org/hadoop/1/op_mkdirs/67226e31-30c8-4b12-bd8d-7af12d75e150-00000107/?op=op_mkdirs&p1=test&pr=runner&ps=a84b8fc4-c757-4eb1-9a3e-4c3b8d9615e9&id=67226e31-30c8-4b12-bd8d-7af12d75e150-00000107&t0=153&fs=67226e31-30c8-4b12-bd8d-7af12d75e150&t1=153&ts=1735840018264
2025-01-02 17:46:58,301 [setup] INFO  impl.UploadContentProviders (UploadContentProviders.java:newStream(289)) - Stream recreated: ByteArrayContentProvider{buffer with length=0, offset=0} BaseContentProvider{size=0, initiated at 2025-01-02T17:46:58.298971, streamCreationCount=2, currentStream=null}
2025-01-02 17:46:58,317 [setup] DEBUG impl.S3AStoreImpl (S3AStoreImpl.java:incrementPutCompletedStatistics(414)) - PUT completed success=true; 0 bytes
2025-01-02 17:46:58,318 [setup] DEBUG s3a.S3AFileSystem (S3AFileSystem.java:finishedWrite(4727)) - Finished write to test/, len 0.
2025-01-02 17:46:58,318 [setup] DEBUG s3a.Invoker (DurationInfo.java:close(101)) - PUT 0-byte object : duration 0:00.020s
2025-01-02 17:46:58,318 [setup] DEBUG S3AFileSystem.Progress (S3AStoreImpl.java:incrementPutProgressStatistics(432)) - PUT test: 0 bytes
2025-01-02 17:46:58,318 [JUnit-testComplexDirActions] DEBUG impl.MkdirOperation (MkdirOperation.java:execute(120)) - Making directory: s3a://obs-bucket/test/testComplexDirActions
2025-01-02 17:46:58,318 [JUnit-testComplexDirActions] DEBUG s3a.S3AFileSystem (S3AFileSystem.java:innerGetFileStatus(4005)) - Getting path status for s3a://obs-bucket/test/testComplexDirActions  (test/testComplexDirActions); needEmptyDirectory=false
2025-01-02 17:46:58,318 [JUnit-testComplexDirActions] DEBUG s3a.S3AFileSystem (S3AFileSystem.java:s3GetFileStatus(4064)) - S3GetFileStatus s3a://obs-bucket/test/testComplexDirActions
2025-01-02 17:46:58,318 [JUnit-testComplexDirActions] DEBUG s3a.S3AFileSystem (S3AFileSystem.java:listObjects(3107)) - LIST List obs-bucket:/test/testComplexDirActions/ delimiter=/ keys=2 requester pays=null
2025-01-02 17:46:58,318 [JUnit-testComplexDirActions] DEBUG s3a.S3AFileSystem (DurationInfo.java:<init>(80)) - Starting: LIST
2025-01-02 17:46:58,320 [JUnit-testComplexDirActions] DEBUG impl.LoggingAuditor (LoggingAuditor.java:modifyHttpRequest(410)) - [153] 67226e31-30c8-4b12-bd8d-7af12d75e150-00000108 Executing op_mkdirs with {object_list_request 'test/testComplexDirActions/' size=2, mutating=false}; https://audit.example.org/hadoop/1/op_mkdirs/67226e31-30c8-4b12-bd8d-7af12d75e150-00000108/?op=op_mkdirs&p1=test/testComplexDirActions&pr=runner&ps=a84b8fc4-c757-4eb1-9a3e-4c3b8d9615e9&id=67226e31-30c8-4b12-bd8d-7af12d75e150-00000108&t0=153&fs=67226e31-30c8-4b12-bd8d-7af12d75e150&t1=153&ts=1735840018318
2025-01-02 17:46:58,327 [JUnit-testComplexDirActions] DEBUG s3a.S3AFileSystem (DurationInfo.java:close(101)) - LIST: duration 0:00.008s
2025-01-02 17:46:58,327 [JUnit-testComplexDirActions] DEBUG s3a.S3AFileSystem (S3AFileSystem.java:s3GetFileStatus(4155)) - Not Found: s3a://obs-bucket/test/testComplexDirActions
2025-01-02 17:46:58,327 [JUnit-testComplexDirActions] DEBUG s3a.S3AFileSystem (S3AFileSystem.java:innerGetFileStatus(4005)) - Getting path status for s3a://obs-bucket/test/testComplexDirActions  (test/testComplexDirActions); needEmptyDirectory=false
2025-01-02 17:46:58,327 [JUnit-testComplexDirActions] DEBUG s3a.S3AFileSystem (S3AFileSystem.java:s3GetFileStatus(4064)) - S3GetFileStatus s3a://obs-bucket/test/testComplexDirActions
2025-01-02 17:46:58,327 [JUnit-testComplexDirActions] DEBUG s3a.S3AFileSystem (S3AFileSystem.java:lambda$getObjectMetadata$10(3044)) - HEAD test/testComplexDirActions with change tracker null
2025-01-02 17:46:58,328 [JUnit-testComplexDirActions] DEBUG impl.LoggingAuditor (LoggingAuditor.java:modifyHttpRequest(410)) - [153] 67226e31-30c8-4b12-bd8d-7af12d75e150-00000108 Executing op_mkdirs with {action_http_head_request 'test/testComplexDirActions' size=0, mutating=false}; https://audit.example.org/hadoop/1/op_mkdirs/67226e31-30c8-4b12-bd8d-7af12d75e150-00000108/?op=op_mkdirs&p1=test/testComplexDirActions&pr=runner&ps=a84b8fc4-c757-4eb1-9a3e-4c3b8d9615e9&id=67226e31-30c8-4b12-bd8d-7af12d75e150-00000108&t0=153&fs=67226e31-30c8-4b12-bd8d-7af12d75e150&t1=153&ts=1735840018318
2025-01-02 17:46:58,333 [JUnit-testComplexDirActions] DEBUG s3a.Invoker (Invoker.java:retryUntranslated(474)) - GET test/testComplexDirActions ; software.amazon.awssdk.services.s3.model.NoSuchKeyException: null (Service: S3, Status Code: 404, Request ID: 7a75ce43-0275-4d1b-bc9b-e3e3acffb5c9, Extended Request ID: iZpztBFjTlZC682) (Service: S3, Status Code: 404, Request ID: 7a75ce43-0275-4d1b-bc9b-e3e3acffb5c9), 
2025-01-02 17:46:58,333 [JUnit-testComplexDirActions] DEBUG s3a.S3ARetryPolicy (S3ARetryPolicy.java:shouldRetry(318)) - Retry probe for FileNotFoundException with 0 retries and 0 failovers, idempotent=true, due to java.io.FileNotFoundException: GET test/testComplexDirActions on /: software.amazon.awssdk.services.s3.model.NoSuchKeyException: null (Service: S3, Status Code: 404, Request ID: 7a75ce43-0275-4d1b-bc9b-e3e3acffb5c9, Extended Request ID: iZpztBFjTlZC682) (Service: S3, Status Code: 404, Request ID: 7a75ce43-0275-4d1b-bc9b-e3e3acffb5c9):NoSuchKey
java.io.FileNotFoundException: GET test/testComplexDirActions on /: software.amazon.awssdk.services.s3.model.NoSuchKeyException: null (Service: S3, Status Code: 404, Request ID: 7a75ce43-0275-4d1b-bc9b-e3e3acffb5c9, Extended Request ID: iZpztBFjTlZC682) (Service: S3, Status Code: 404, Request ID: 7a75ce43-0275-4d1b-bc9b-e3e3acffb5c9):NoSuchKey
	at org.apache.hadoop.fs.s3a.S3AUtils.translateException(S3AUtils.java:279)
	at org.apache.hadoop.fs.s3a.Invoker.retryUntranslated(Invoker.java:481)
	at org.apache.hadoop.fs.s3a.Invoker.retryUntranslated(Invoker.java:431)
	at org.apache.hadoop.fs.s3a.S3AFileSystem.getObjectMetadata(S3AFileSystem.java:3036)
	at org.apache.hadoop.fs.s3a.S3AFileSystem.getObjectMetadata(S3AFileSystem.java:3016)
	at org.apache.hadoop.fs.s3a.S3AFileSystem.s3GetFileStatus(S3AFileSystem.java:4079)
	at org.apache.hadoop.fs.s3a.S3AFileSystem.innerGetFileStatus(S3AFileSystem.java:4007)
	at org.apache.hadoop.fs.s3a.S3AFileSystem$MkdirOperationCallbacksImpl.probePathStatus(S3AFileSystem.java:3864)
	at org.apache.hadoop.fs.s3a.impl.MkdirOperation.probePathStatusOrNull(MkdirOperation.java:218)
	at org.apache.hadoop.fs.s3a.impl.MkdirOperation.getPathStatusExpectingDir(MkdirOperation.java:242)
	at org.apache.hadoop.fs.s3a.impl.MkdirOperation.execute(MkdirOperation.java:134)
	at org.apache.hadoop.fs.s3a.impl.MkdirOperation.execute(MkdirOperation.java:59)
	at org.apache.hadoop.fs.s3a.impl.ExecutingStoreOperation.apply(ExecutingStoreOperation.java:76)
	at org.apache.hadoop.fs.statistics.impl.IOStatisticsBinding.invokeTrackingDuration(IOStatisticsBinding.java:547)
	at org.apache.hadoop.fs.statistics.impl.IOStatisticsBinding.lambda$trackDurationOfOperation$5(IOStatisticsBinding.java:528)
	at org.apache.hadoop.fs.statistics.impl.IOStatisticsBinding.trackDuration(IOStatisticsBinding.java:449)
	at org.apache.hadoop.fs.s3a.S3AFileSystem.trackDurationAndSpan(S3AFileSystem.java:2865)
	at org.apache.hadoop.fs.s3a.S3AFileSystem.trackDurationAndSpan(S3AFileSystem.java:2884)
	at org.apache.hadoop.fs.s3a.S3AFileSystem.mkdirs(S3AFileSystem.java:3835)
	at org.apache.hadoop.fs.FileSystem.mkdirs(FileSystem.java:2496)
	at org.apache.hadoop.fs.contract.ContractTestUtils.createSubdirs(ContractTestUtils.java:1423)
	at org.apache.hadoop.fs.contract.ContractTestUtils.createSubdirs(ContractTestUtils.java:1396)
	at org.apache.hadoop.fs.contract.AbstractContractGetFileStatusTest.createTestTree(AbstractContractGetFileStatusTest.java:494)
	at org.apache.hadoop.fs.contract.AbstractContractGetFileStatusTest.testComplexDirActions(AbstractContractGetFileStatusTest.java:151)
	at java.base/jdk.internal.reflect.NativeMethodAccessorImpl.invoke0(Native Method)
	at java.base/jdk.internal.reflect.NativeMethodAccessorImpl.invoke(NativeMethodAccessorImpl.java:62)
	at java.base/jdk.internal.reflect.DelegatingMethodAccessorImpl.invoke(DelegatingMethodAccessorImpl.java:43)
	at java.base/java.lang.reflect.Method.invoke(Method.java:566)
	at org.junit.runners.model.FrameworkMethod$1.runReflectiveCall(FrameworkMethod.java:59)
	at org.junit.internal.runners.model.ReflectiveCallable.run(ReflectiveCallable.java:12)
	at org.junit.runners.model.FrameworkMethod.invokeExplosively(FrameworkMethod.java:56)
	at org.junit.internal.runners.statements.InvokeMethod.evaluate(InvokeMethod.java:17)
	at org.junit.internal.runners.statements.RunBefores.evaluate(RunBefores.java:26)
	at org.junit.internal.runners.statements.RunAfters.evaluate(RunAfters.java:27)
	at org.junit.rules.TestWatcher$1.evaluate(TestWatcher.java:61)
	at org.junit.internal.runners.statements.FailOnTimeout$CallableStatement.call(FailOnTimeout.java:299)
	at org.junit.internal.runners.statements.FailOnTimeout$CallableStatement.call(FailOnTimeout.java:293)
	at java.base/java.util.concurrent.FutureTask.run(FutureTask.java:264)
	at java.base/java.lang.Thread.run(Thread.java:829)
Caused by: software.amazon.awssdk.services.s3.model.NoSuchKeyException: null (Service: S3, Status Code: 404, Request ID: 7a75ce43-0275-4d1b-bc9b-e3e3acffb5c9, Extended Request ID: iZpztBFjTlZC682) (Service: S3, Status Code: 404, Request ID: 7a75ce43-0275-4d1b-bc9b-e3e3acffb5c9)
	at software.amazon.awssdk.services.s3.model.NoSuchKeyException$BuilderImpl.build(NoSuchKeyException.java:126)
	at software.amazon.awssdk.services.s3.model.NoSuchKeyException$BuilderImpl.build(NoSuchKeyException.java:80)
	at software.amazon.awssdk.services.s3.internal.handlers.ExceptionTranslationInterceptor.modifyException(ExceptionTranslationInterceptor.java:63)
	at software.amazon.awssdk.core.interceptor.ExecutionInterceptorChain.modifyException(ExecutionInterceptorChain.java:181)
	at software.amazon.awssdk.core.internal.http.pipeline.stages.utils.ExceptionReportingUtils.runModifyException(ExceptionReportingUtils.java:54)
	at software.amazon.awssdk.core.internal.http.pipeline.stages.utils.ExceptionReportingUtils.reportFailureToInterceptors(ExceptionReportingUtils.java:38)
	at software.amazon.awssdk.core.internal.http.pipeline.stages.ExecutionFailureExceptionReportingStage.execute(ExecutionFailureExceptionReportingStage.java:39)
	at software.amazon.awssdk.core.internal.http.pipeline.stages.ExecutionFailureExceptionReportingStage.execute(ExecutionFailureExceptionReportingStage.java:26)
	at software.amazon.awssdk.core.internal.http.AmazonSyncHttpClient$RequestExecutionBuilderImpl.execute(AmazonSyncHttpClient.java:224)
	at software.amazon.awssdk.core.internal.handler.BaseSyncClientHandler.invoke(BaseSyncClientHandler.java:103)
	at software.amazon.awssdk.core.internal.handler.BaseSyncClientHandler.doExecute(BaseSyncClientHandler.java:173)
	at software.amazon.awssdk.core.internal.handler.BaseSyncClientHandler.lambda$execute$1(BaseSyncClientHandler.java:80)
	at software.amazon.awssdk.core.internal.handler.BaseSyncClientHandler.measureApiCallSuccess(BaseSyncClientHandler.java:182)
	at software.amazon.awssdk.core.internal.handler.BaseSyncClientHandler.execute(BaseSyncClientHandler.java:74)
	at software.amazon.awssdk.core.client.handler.SdkSyncClientHandler.execute(SdkSyncClientHandler.java:45)
	at software.amazon.awssdk.awscore.client.handler.AwsSyncClientHandler.execute(AwsSyncClientHandler.java:53)
	at software.amazon.awssdk.services.s3.DefaultS3Client.headObject(DefaultS3Client.java:6319)
	at software.amazon.awssdk.services.s3.DelegatingS3Client.lambda$headObject$53(DelegatingS3Client.java:5053)
	at software.amazon.awssdk.services.s3.internal.crossregion.S3CrossRegionSyncClient.invokeOperation(S3CrossRegionSyncClient.java:67)
	at software.amazon.awssdk.services.s3.DelegatingS3Client.headObject(DelegatingS3Client.java:5053)
	at org.apache.hadoop.fs.s3a.S3AFileSystem.lambda$getObjectMetadata$10(S3AFileSystem.java:3049)
	at org.apache.hadoop.fs.s3a.Invoker.retryUntranslated(Invoker.java:468)
	... 37 more
2025-01-02 17:46:58,333 [JUnit-testComplexDirActions] DEBUG s3a.S3ARetryPolicy (S3ARetryPolicy.java:shouldRetry(323)) - Retry action is RetryAction(action=FAIL, delayMillis=0, reason=try once and fail.)
2025-01-02 17:46:58,333 [JUnit-testComplexDirActions] DEBUG s3a.S3AFileSystem (S3AFileSystem.java:s3GetFileStatus(4155)) - Not Found: s3a://obs-bucket/test/testComplexDirActions
2025-01-02 17:46:58,334 [JUnit-testComplexDirActions] DEBUG s3a.S3AFileSystem (S3AFileSystem.java:innerGetFileStatus(4005)) - Getting path status for s3a://obs-bucket/test  (test); needEmptyDirectory=false
2025-01-02 17:46:58,334 [JUnit-testComplexDirActions] DEBUG s3a.S3AFileSystem (S3AFileSystem.java:s3GetFileStatus(4064)) - S3GetFileStatus s3a://obs-bucket/test
2025-01-02 17:46:58,334 [JUnit-testComplexDirActions] DEBUG s3a.S3AFileSystem (S3AFileSystem.java:listObjects(3107)) - LIST List obs-bucket:/test/ delimiter=/ keys=2 requester pays=null
2025-01-02 17:46:58,334 [JUnit-testComplexDirActions] DEBUG s3a.S3AFileSystem (DurationInfo.java:<init>(80)) - Starting: LIST
2025-01-02 17:46:58,335 [JUnit-testComplexDirActions] DEBUG impl.LoggingAuditor (LoggingAuditor.java:modifyHttpRequest(410)) - [153] 67226e31-30c8-4b12-bd8d-7af12d75e150-00000108 Executing op_mkdirs with {object_list_request 'test/' size=2, mutating=false}; https://audit.example.org/hadoop/1/op_mkdirs/67226e31-30c8-4b12-bd8d-7af12d75e150-00000108/?op=op_mkdirs&p1=test/testComplexDirActions&pr=runner&ps=a84b8fc4-c757-4eb1-9a3e-4c3b8d9615e9&id=67226e31-30c8-4b12-bd8d-7af12d75e150-00000108&t0=153&fs=67226e31-30c8-4b12-bd8d-7af12d75e150&t1=153&ts=1735840018318
2025-01-02 17:46:58,342 [JUnit-testComplexDirActions] DEBUG s3a.S3AFileSystem (DurationInfo.java:close(101)) - LIST: duration 0:00.008s
2025-01-02 17:46:58,343 [JUnit-testComplexDirActions] DEBUG s3a.S3AFileSystem (S3AFileSystem.java:s3GetFileStatus(4128)) - Found path as directory (with /)
2025-01-02 17:46:58,343 [JUnit-testComplexDirActions] DEBUG s3a.S3AFileSystem (S3ListResult.java:logAtDebug(146)) - Prefix count = 0; object count=1
2025-01-02 17:46:58,343 [JUnit-testComplexDirActions] DEBUG s3a.S3AFileSystem (S3ListResult.java:logAtDebug(149)) - Summary: test/ 0
2025-01-02 17:46:58,343 [JUnit-testComplexDirActions] DEBUG s3a.Invoker (DurationInfo.java:<init>(80)) - Starting: PUT 0-byte object 
2025-01-02 17:46:58,343 [JUnit-testComplexDirActions] DEBUG s3a.S3AFileSystem (S3AFileSystem.java:putObjectDirect(3340)) - PUT 0 bytes to test/testComplexDirActions/
2025-01-02 17:46:58,343 [JUnit-testComplexDirActions] DEBUG impl.S3AStoreImpl (S3AStoreImpl.java:incrementPutStartStatistics(397)) - PUT start 0 bytes
2025-01-02 17:46:58,344 [JUnit-testComplexDirActions] DEBUG impl.LoggingAuditor (LoggingAuditor.java:modifyHttpRequest(410)) - [153] 67226e31-30c8-4b12-bd8d-7af12d75e150-00000108 Executing op_mkdirs with {object_put_request 'test/testComplexDirActions/' size=0, mutating=true}; https://audit.example.org/hadoop/1/op_mkdirs/67226e31-30c8-4b12-bd8d-7af12d75e150-00000108/?op=op_mkdirs&p1=test/testComplexDirActions&pr=runner&ps=a84b8fc4-c757-4eb1-9a3e-4c3b8d9615e9&id=67226e31-30c8-4b12-bd8d-7af12d75e150-00000108&t0=153&fs=67226e31-30c8-4b12-bd8d-7af12d75e150&t1=153&ts=1735840018318
2025-01-02 17:46:58,345 [JUnit-testComplexDirActions] INFO  impl.UploadContentProviders (UploadContentProviders.java:newStream(289)) - Stream recreated: ByteArrayContentProvider{buffer with length=0, offset=0} BaseContentProvider{size=0, initiated at 2025-01-02T17:46:58.343487, streamCreationCount=2, currentStream=null}
2025-01-02 17:46:58,364 [JUnit-testComplexDirActions] DEBUG impl.S3AStoreImpl (S3AStoreImpl.java:incrementPutCompletedStatistics(414)) - PUT completed success=true; 0 bytes
2025-01-02 17:46:58,365 [JUnit-testComplexDirActions] DEBUG s3a.S3AFileSystem (S3AFileSystem.java:finishedWrite(4727)) - Finished write to test/testComplexDirActions/, len 0.
2025-01-02 17:46:58,365 [JUnit-testComplexDirActions] DEBUG s3a.Invoker (DurationInfo.java:close(101)) - PUT 0-byte object : duration 0:00.022s
2025-01-02 17:46:58,365 [JUnit-testComplexDirActions] DEBUG S3AFileSystem.Progress (S3AStoreImpl.java:incrementPutProgressStatistics(432)) - PUT test/testComplexDirActions: 0 bytes
2025-01-02 17:46:58,366 [JUnit-testComplexDirActions] DEBUG s3a.S3AFileSystem (S3AFileSystem.java:innerGetFileStatus(4005)) - Getting path status for s3a://obs-bucket/test/testComplexDirActions/file--0-0000.txt  (test/testComplexDirActions/file--0-0000.txt); needEmptyDirectory=false
2025-01-02 17:46:58,366 [JUnit-testComplexDirActions] DEBUG s3a.S3AFileSystem (S3AFileSystem.java:s3GetFileStatus(4064)) - S3GetFileStatus s3a://obs-bucket/test/testComplexDirActions/file--0-0000.txt
2025-01-02 17:46:58,366 [JUnit-testComplexDirActions] DEBUG s3a.S3AFileSystem (S3AFileSystem.java:listObjects(3107)) - LIST List obs-bucket:/test/testComplexDirActions/file--0-0000.txt/ delimiter=/ keys=2 requester pays=null
2025-01-02 17:46:58,366 [JUnit-testComplexDirActions] DEBUG s3a.S3AFileSystem (DurationInfo.java:<init>(80)) - Starting: LIST
2025-01-02 17:46:58,367 [JUnit-testComplexDirActions] DEBUG impl.LoggingAuditor (LoggingAuditor.java:modifyHttpRequest(410)) - [153] 67226e31-30c8-4b12-bd8d-7af12d75e150-00000109 Executing op_create with {object_list_request 'test/testComplexDirActions/file--0-0000.txt/' size=2, mutating=false}; https://audit.example.org/hadoop/1/op_create/67226e31-30c8-4b12-bd8d-7af12d75e150-00000109/?op=op_create&p1=test/testComplexDirActions/file--0-0000.txt&pr=runner&ps=a84b8fc4-c757-4eb1-9a3e-4c3b8d9615e9&id=67226e31-30c8-4b12-bd8d-7af12d75e150-00000109&t0=153&fs=67226e31-30c8-4b12-bd8d-7af12d75e150&t1=153&ts=1735840018366
2025-01-02 17:46:58,377 [JUnit-testComplexDirActions] DEBUG s3a.S3AFileSystem (DurationInfo.java:close(101)) - LIST: duration 0:00.011s
2025-01-02 17:46:58,378 [JUnit-testComplexDirActions] DEBUG s3a.S3AFileSystem (S3AFileSystem.java:s3GetFileStatus(4155)) - Not Found: s3a://obs-bucket/test/testComplexDirActions/file--0-0000.txt
2025-01-02 17:46:58,378 [JUnit-testComplexDirActions] DEBUG s3a.S3ARetryPolicy (S3ARetryPolicy.java:<init>(150)) - Retrying on recoverable AWS failures 3 times with an initial interval of 500ms
2025-01-02 17:46:58,378 [JUnit-testComplexDirActions] DEBUG s3a.S3ABlockOutputStream (S3ABlockOutputStream.java:<init>(276)) - Initialized S3ABlockOutputStream for test/testComplexDirActions/file--0-0000.txt output to FileBlock{index=1, destFile=/home/runner/work/ozone/ozone/target/hadoop-src/target/tmp/s3a/s3ablock-0001-10126107431997360635.tmp, state=Writing, dataSize=0, limit=67108864}
2025-01-02 17:46:58,386 [JUnit-testComplexDirActions] DEBUG s3a.S3ABlockOutputStream (S3ABlockOutputStream.java:close(487)) - S3ABlockOutputStream{WriteOperationHelper {bucket=obs-bucket}, blockSize=67108864, isMultipartUploadEnabled=true, activeBlock=FileBlock{index=1, destFile=/home/runner/work/ozone/ozone/target/hadoop-src/target/tmp/s3a/s3ablock-0001-10126107431997360635.tmp, state=Writing, dataSize=512, limit=67108864} Statistics=counters=((multipart_upload_completed.failures=0) (stream_write_queue_duration=0) (op_hsync=0) (object_multipart_initiated=0) (stream_write_block_uploads=0) (action_executor_acquired=0) (object_multipart_aborted=0) (op_hflush=0) (stream_write_exceptions_completing_upload=0) (committer_magic_marker_put=0) (stream_write_bytes=512) (stream_write_exceptions=0) (object_multipart_initiated.failures=0) (multipart_upload_completed=0) (object_multipart_aborted.failures=0) (committer_magic_marker_put.failures=0) (object_put_request.failures=0) (action_executor_acquired.failures=0) (stream_write_total_data=0) (object_put_request=0) (multipart_upload_part_put=0) (stream_write_total_time=0) (op_abort.failures=0) (op_abort=0) (multipart_upload_part_put.failures=0));
gauges=((stream_write_block_uploads_data_pending=0) (stream_write_block_uploads_active=0) (stream_write_block_uploads_pending=0));
minimums=((object_put_request.min=-1) (object_put_request.failures.min=-1) (multipart_upload_part_put.min=-1) (object_multipart_aborted.min=-1) (action_executor_acquired.min=-1) (op_abort.failures.min=-1) (op_abort.min=-1) (object_multipart_initiated.min=-1) (multipart_upload_completed.failures.min=-1) (object_multipart_initiated.failures.min=-1) (action_executor_acquired.failures.min=-1) (committer_magic_marker_put.failures.min=-1) (object_multipart_aborted.failures.min=-1) (multipart_upload_completed.min=-1) (multipart_upload_part_put.failures.min=-1) (committer_magic_marker_put.min=-1));
maximums=((object_multipart_aborted.failures.max=-1) (object_multipart_aborted.max=-1) (object_multipart_initiated.failures.max=-1) (multipart_upload_completed.max=-1) (committer_magic_marker_put.max=-1) (object_put_request.failures.max=-1) (multipart_upload_part_put.failures.max=-1) (op_abort.max=-1) (action_executor_acquired.max=-1) (multipart_upload_part_put.max=-1) (multipart_upload_completed.failures.max=-1) (op_abort.failures.max=-1) (object_multipart_initiated.max=-1) (action_executor_acquired.failures.max=-1) (committer_magic_marker_put.failures.max=-1) (object_put_request.max=-1));
means=((op_abort.mean=(samples=0, sum=0, mean=0.0000)) (action_executor_acquired.mean=(samples=0, sum=0, mean=0.0000)) (object_multipart_initiated.mean=(samples=0, sum=0, mean=0.0000)) (op_abort.failures.mean=(samples=0, sum=0, mean=0.0000)) (multipart_upload_completed.mean=(samples=0, sum=0, mean=0.0000)) (object_multipart_initiated.failures.mean=(samples=0, sum=0, mean=0.0000)) (object_multipart_aborted.mean=(samples=0, sum=0, mean=0.0000)) (multipart_upload_part_put.failures.mean=(samples=0, sum=0, mean=0.0000)) (action_executor_acquired.failures.mean=(samples=0, sum=0, mean=0.0000)) (object_put_request.failures.mean=(samples=0, sum=0, mean=0.0000)) (committer_magic_marker_put.mean=(samples=0, sum=0, mean=0.0000)) (object_put_request.mean=(samples=0, sum=0, mean=0.0000)) (committer_magic_marker_put.failures.mean=(samples=0, sum=0, mean=0.0000)) (multipart_upload_completed.failures.mean=(samples=0, sum=0, mean=0.0000)) (object_multipart_aborted.failures.mean=(samples=0, sum=0, mean=0.0000)) (multipart_upload_part_put.mean=(samples=0, sum=0, mean=0.0000)));
}: Closing block #1: current block= FileBlock{index=1, destFile=/home/runner/work/ozone/ozone/target/hadoop-src/target/tmp/s3a/s3ablock-0001-10126107431997360635.tmp, state=Writing, dataSize=512, limit=67108864}
2025-01-02 17:46:58,386 [JUnit-testComplexDirActions] DEBUG s3a.S3ABlockOutputStream (S3ABlockOutputStream.java:putObject(688)) - Executing regular upload for WriteOperationHelper {bucket=obs-bucket}
2025-01-02 17:46:58,386 [JUnit-testComplexDirActions] DEBUG s3a.S3ADataBlocks (S3ADataBlocks.java:startUpload(362)) - Start datablock[1] upload
2025-01-02 17:46:58,386 [JUnit-testComplexDirActions] DEBUG s3a.S3ADataBlocks (S3ADataBlocks.java:enterState(261)) - FileBlock{index=1, destFile=/home/runner/work/ozone/ozone/target/hadoop-src/target/tmp/s3a/s3ablock-0001-10126107431997360635.tmp, state=Writing, dataSize=512, limit=67108864}: entering state Upload
2025-01-02 17:46:58,387 [JUnit-testComplexDirActions] DEBUG s3a.S3ABlockOutputStream (S3ABlockOutputStream.java:clearActiveBlock(320)) - Clearing active block
2025-01-02 17:46:58,388 [JUnit-testComplexDirActions] DEBUG s3a.Invoker (DurationInfo.java:<init>(80)) - Starting: Writing Object
2025-01-02 17:46:58,388 [JUnit-testComplexDirActions] DEBUG s3a.S3AFileSystem (S3AFileSystem.java:putObjectDirect(3340)) - PUT 512 bytes to test/testComplexDirActions/file--0-0000.txt
2025-01-02 17:46:58,388 [JUnit-testComplexDirActions] DEBUG impl.S3AStoreImpl (S3AStoreImpl.java:incrementPutStartStatistics(397)) - PUT start 512 bytes
2025-01-02 17:46:58,389 [JUnit-testComplexDirActions] DEBUG impl.LoggingAuditor (LoggingAuditor.java:modifyHttpRequest(410)) - [153] 67226e31-30c8-4b12-bd8d-7af12d75e150-00000109 Executing op_create with {object_put_request 'test/testComplexDirActions/file--0-0000.txt' size=0, mutating=true}; https://audit.example.org/hadoop/1/op_create/67226e31-30c8-4b12-bd8d-7af12d75e150-00000109/?op=op_create&p1=test/testComplexDirActions/file--0-0000.txt&pr=runner&ps=a84b8fc4-c757-4eb1-9a3e-4c3b8d9615e9&id=67226e31-30c8-4b12-bd8d-7af12d75e150-00000109&t0=153&fs=67226e31-30c8-4b12-bd8d-7af12d75e150&t1=153&ts=1735840018366
2025-01-02 17:46:58,391 [JUnit-testComplexDirActions] INFO  impl.UploadContentProviders (UploadContentProviders.java:newStream(289)) - Stream recreated: FileWithOffsetContentProvider{file=/home/runner/work/ozone/ozone/target/hadoop-src/target/tmp/s3a/s3ablock-0001-10126107431997360635.tmp, offset=0} BaseContentProvider{size=512, initiated at 2025-01-02T17:46:58.386982, streamCreationCount=2, currentStream=null}
2025-01-02 17:46:58,447 [JUnit-testComplexDirActions] DEBUG impl.S3AStoreImpl (S3AStoreImpl.java:incrementPutCompletedStatistics(414)) - PUT completed success=true; 512 bytes
2025-01-02 17:46:58,448 [JUnit-testComplexDirActions] DEBUG s3a.S3AFileSystem (S3AFileSystem.java:finishedWrite(4727)) - Finished write to test/testComplexDirActions/file--0-0000.txt, len 512.
2025-01-02 17:46:58,448 [JUnit-testComplexDirActions] DEBUG s3a.Invoker (DurationInfo.java:close(101)) - Writing Object: duration 0:00.060s
2025-01-02 17:46:58,448 [JUnit-testComplexDirActions] DEBUG s3a.S3ADataBlocks (S3ADataBlocks.java:enterState(261)) - FileBlock{index=1, destFile=/home/runner/work/ozone/ozone/target/hadoop-src/target/tmp/s3a/s3ablock-0001-10126107431997360635.tmp, state=Upload, dataSize=512, limit=67108864}: entering state Closed
2025-01-02 17:46:58,448 [JUnit-testComplexDirActions] DEBUG s3a.S3ADataBlocks (S3ADataBlocks.java:close(384)) - Closed FileBlock{index=1, destFile=/home/runner/work/ozone/ozone/target/hadoop-src/target/tmp/s3a/s3ablock-0001-10126107431997360635.tmp, state=Closed, dataSize=512, limit=67108864}
2025-01-02 17:46:58,448 [JUnit-testComplexDirActions] DEBUG s3a.S3ADataBlocks (S3ADataBlocks.java:innerClose(836)) - Closing FileBlock{index=1, destFile=/home/runner/work/ozone/ozone/target/hadoop-src/target/tmp/s3a/s3ablock-0001-10126107431997360635.tmp, state=Closed, dataSize=512, limit=67108864}
2025-01-02 17:46:58,448 [JUnit-testComplexDirActions] DEBUG s3a.S3ADataBlocks (S3ADataBlocks.java:closeBlock(890)) - block[1]: closeBlock()
2025-01-02 17:46:58,448 [JUnit-testComplexDirActions] DEBUG s3a.S3ABlockOutputStream (S3ABlockOutputStream.java:close(534)) - Upload complete to test/testComplexDirActions/file--0-0000.txt by WriteOperationHelper {bucket=obs-bucket}
2025-01-02 17:46:58,465 [JUnit-testComplexDirActions] DEBUG s3a.S3ABlockOutputStream (S3ABlockOutputStream.java:cleanupOnClose(566)) - Statistics: OutputStreamStatistics{counters=((committer_magic_marker_put=0) (multipart_upload_completed=0) (op_abort=0) (stream_write_bytes=512) (stream_write_queue_duration=0) (multipart_upload_part_put=0) (object_multipart_aborted=0) (action_executor_acquired.failures=0) (op_hsync=0) (object_multipart_aborted.failures=0) (stream_write_total_time=0) (committer_magic_marker_put.failures=0) (op_hflush=0) (op_abort.failures=0) (object_multipart_initiated.failures=0) (stream_write_exceptions_completing_upload=0) (object_put_request=1) (object_multipart_initiated=0) (stream_write_block_uploads=1) (stream_write_exceptions=0) (action_executor_acquired=0) (stream_write_total_data=512) (multipart_upload_completed.failures=0) (multipart_upload_part_put.failures=0) (object_put_request.failures=0));
gauges=((stream_write_block_uploads_data_pending=0) (stream_write_block_uploads_active=0) (stream_write_block_uploads_pending=0));
minimums=((object_multipart_initiated.failures.min=-1) (object_multipart_aborted.failures.min=-1) (committer_magic_marker_put.min=-1) (object_multipart_initiated.min=-1) (multipart_upload_part_put.failures.min=-1) (multipart_upload_completed.min=-1) (object_put_request.min=59) (op_abort.failures.min=-1) (op_abort.min=-1) (object_put_request.failures.min=-1) (multipart_upload_completed.failures.min=-1) (committer_magic_marker_put.failures.min=-1) (action_executor_acquired.min=0) (object_multipart_aborted.min=-1) (multipart_upload_part_put.min=-1) (action_executor_acquired.failures.min=-1));
maximums=((multipart_upload_part_put.max=-1) (multipart_upload_part_put.failures.max=-1) (object_multipart_aborted.max=-1) (committer_magic_marker_put.max=-1) (action_executor_acquired.max=0) (object_multipart_aborted.failures.max=-1) (op_abort.failures.max=-1) (multipart_upload_completed.max=-1) (object_put_request.max=59) (committer_magic_marker_put.failures.max=-1) (object_multipart_initiated.failures.max=-1) (action_executor_acquired.failures.max=-1) (multipart_upload_completed.failures.max=-1) (object_put_request.failures.max=-1) (op_abort.max=-1) (object_multipart_initiated.max=-1));
means=((action_executor_acquired.mean=(samples=1, sum=0, mean=0.0000)) (committer_magic_marker_put.mean=(samples=0, sum=0, mean=0.0000)) (object_multipart_initiated.failures.mean=(samples=0, sum=0, mean=0.0000)) (object_multipart_initiated.mean=(samples=0, sum=0, mean=0.0000)) (multipart_upload_completed.mean=(samples=0, sum=0, mean=0.0000)) (multipart_upload_part_put.failures.mean=(samples=0, sum=0, mean=0.0000)) (object_multipart_aborted.failures.mean=(samples=0, sum=0, mean=0.0000)) (op_abort.mean=(samples=0, sum=0, mean=0.0000)) (multipart_upload_completed.failures.mean=(samples=0, sum=0, mean=0.0000)) (object_put_request.mean=(samples=1, sum=59, mean=59.0000)) (action_executor_acquired.failures.mean=(samples=0, sum=0, mean=0.0000)) (multipart_upload_part_put.mean=(samples=0, sum=0, mean=0.0000)) (op_abort.failures.mean=(samples=0, sum=0, mean=0.0000)) (object_put_request.failures.mean=(samples=0, sum=0, mean=0.0000)) (object_multipart_aborted.mean=(samples=0, sum=0, mean=0.0000)) (committer_magic_marker_put.failures.mean=(samples=0, sum=0, mean=0.0000)));
, blocksActive=0, blockUploadsCompleted=1, blocksAllocated=1, blocksReleased=1, blocksActivelyAllocated=0, transferDuration=61 ms, totalUploadDuration=61 ms, effectiveBandwidth=8393.442622950819 bytes/s}
2025-01-02 17:46:58,466 [JUnit-testComplexDirActions] DEBUG s3a.S3ABlockOutputStream (S3ABlockOutputStream.java:close(481)) - Ignoring close() as stream is already closed
2025-01-02 17:46:58,466 [JUnit-testComplexDirActions] DEBUG s3a.S3AFileSystem (S3AFileSystem.java:innerGetFileStatus(4005)) - Getting path status for s3a://obs-bucket/test/testComplexDirActions/file--0-0000.txt  (test/testComplexDirActions/file--0-0000.txt); needEmptyDirectory=false
2025-01-02 17:46:58,467 [JUnit-testComplexDirActions] DEBUG s3a.S3AFileSystem (S3AFileSystem.java:s3GetFileStatus(4064)) - S3GetFileStatus s3a://obs-bucket/test/testComplexDirActions/file--0-0000.txt
2025-01-02 17:46:58,467 [JUnit-testComplexDirActions] DEBUG s3a.S3AFileSystem (S3AFileSystem.java:lambda$getObjectMetadata$10(3044)) - HEAD test/testComplexDirActions/file--0-0000.txt with change tracker null
2025-01-02 17:46:58,468 [JUnit-testComplexDirActions] DEBUG impl.LoggingAuditor (LoggingAuditor.java:modifyHttpRequest(410)) - [153] 67226e31-30c8-4b12-bd8d-7af12d75e150-00000110 Executing op_get_file_status with {action_http_head_request 'test/testComplexDirActions/file--0-0000.txt' size=0, mutating=false}; https://audit.example.org/hadoop/1/op_get_file_status/67226e31-30c8-4b12-bd8d-7af12d75e150-00000110/?op=op_get_file_status&p1=test/testComplexDirActions/file--0-0000.txt&pr=runner&ps=a84b8fc4-c757-4eb1-9a3e-4c3b8d9615e9&id=67226e31-30c8-4b12-bd8d-7af12d75e150-00000110&t0=153&fs=67226e31-30c8-4b12-bd8d-7af12d75e150&t1=153&ts=1735840018466
2025-01-02 17:46:58,472 [JUnit-testComplexDirActions] DEBUG s3a.S3AFileSystem (S3AFileSystem.java:s3GetFileStatus(4080)) - Found exact file: normal file test/testComplexDirActions/file--0-0000.txt
2025-01-02 17:46:58,473 [JUnit-testComplexDirActions] DEBUG s3a.S3AFileSystem (S3AFileSystem.java:innerGetFileStatus(4005)) - Getting path status for s3a://obs-bucket/test/testComplexDirActions/file--0-0001.txt  (test/testComplexDirActions/file--0-0001.txt); needEmptyDirectory=false
2025-01-02 17:46:58,473 [JUnit-testComplexDirActions] DEBUG s3a.S3AFileSystem (S3AFileSystem.java:s3GetFileStatus(4064)) - S3GetFileStatus s3a://obs-bucket/test/testComplexDirActions/file--0-0001.txt
2025-01-02 17:46:58,473 [JUnit-testComplexDirActions] DEBUG s3a.S3AFileSystem (S3AFileSystem.java:listObjects(3107)) - LIST List obs-bucket:/test/testComplexDirActions/file--0-0001.txt/ delimiter=/ keys=2 requester pays=null
2025-01-02 17:46:58,473 [JUnit-testComplexDirActions] DEBUG s3a.S3AFileSystem (DurationInfo.java:<init>(80)) - Starting: LIST
2025-01-02 17:46:58,475 [JUnit-testComplexDirActions] DEBUG impl.LoggingAuditor (LoggingAuditor.java:modifyHttpRequest(410)) - [153] 67226e31-30c8-4b12-bd8d-7af12d75e150-00000111 Executing op_create with {object_list_request 'test/testComplexDirActions/file--0-0001.txt/' size=2, mutating=false}; https://audit.example.org/hadoop/1/op_create/67226e31-30c8-4b12-bd8d-7af12d75e150-00000111/?op=op_create&p1=test/testComplexDirActions/file--0-0001.txt&pr=runner&ps=a84b8fc4-c757-4eb1-9a3e-4c3b8d9615e9&id=67226e31-30c8-4b12-bd8d-7af12d75e150-00000111&t0=153&fs=67226e31-30c8-4b12-bd8d-7af12d75e150&t1=153&ts=1735840018473
2025-01-02 17:46:58,482 [JUnit-testComplexDirActions] DEBUG s3a.S3AFileSystem (DurationInfo.java:close(101)) - LIST: duration 0:00.009s
2025-01-02 17:46:58,482 [JUnit-testComplexDirActions] DEBUG s3a.S3AFileSystem (S3AFileSystem.java:s3GetFileStatus(4155)) - Not Found: s3a://obs-bucket/test/testComplexDirActions/file--0-0001.txt
2025-01-02 17:46:58,483 [JUnit-testComplexDirActions] DEBUG s3a.S3ARetryPolicy (S3ARetryPolicy.java:<init>(150)) - Retrying on recoverable AWS failures 3 times with an initial interval of 500ms
2025-01-02 17:46:58,483 [JUnit-testComplexDirActions] DEBUG s3a.S3ABlockOutputStream (S3ABlockOutputStream.java:<init>(276)) - Initialized S3ABlockOutputStream for test/testComplexDirActions/file--0-0001.txt output to FileBlock{index=1, destFile=/home/runner/work/ozone/ozone/target/hadoop-src/target/tmp/s3a/s3ablock-0001-6376577888679676517.tmp, state=Writing, dataSize=0, limit=67108864}
2025-01-02 17:46:58,484 [JUnit-testComplexDirActions] DEBUG s3a.S3ABlockOutputStream (S3ABlockOutputStream.java:close(487)) - S3ABlockOutputStream{WriteOperationHelper {bucket=obs-bucket}, blockSize=67108864, isMultipartUploadEnabled=true, activeBlock=FileBlock{index=1, destFile=/home/runner/work/ozone/ozone/target/hadoop-src/target/tmp/s3a/s3ablock-0001-6376577888679676517.tmp, state=Writing, dataSize=512, limit=67108864} Statistics=counters=((multipart_upload_completed.failures=0) (stream_write_exceptions_completing_upload=0) (stream_write_queue_duration=0) (multipart_upload_part_put.failures=0) (op_hflush=0) (op_abort=0) (op_abort.failures=0) (multipart_upload_part_put=0) (object_multipart_aborted=0) (committer_magic_marker_put=0) (object_multipart_initiated=0) (stream_write_total_time=0) (object_put_request.failures=0) (committer_magic_marker_put.failures=0) (stream_write_bytes=512) (action_executor_acquired=0) (stream_write_exceptions=0) (action_executor_acquired.failures=0) (stream_write_total_data=0) (op_hsync=0) (multipart_upload_completed=0) (object_multipart_aborted.failures=0) (object_put_request=0) (stream_write_block_uploads=0) (object_multipart_initiated.failures=0));
gauges=((stream_write_block_uploads_pending=0) (stream_write_block_uploads_data_pending=0) (stream_write_block_uploads_active=0));
minimums=((op_abort.failures.min=-1) (committer_magic_marker_put.failures.min=-1) (object_multipart_aborted.min=-1) (object_put_request.failures.min=-1) (multipart_upload_part_put.failures.min=-1) (object_put_request.min=-1) (committer_magic_marker_put.min=-1) (action_executor_acquired.failures.min=-1) (multipart_upload_part_put.min=-1) (object_multipart_initiated.min=-1) (op_abort.min=-1) (action_executor_acquired.min=-1) (multipart_upload_completed.failures.min=-1) (multipart_upload_completed.min=-1) (object_multipart_initiated.failures.min=-1) (object_multipart_aborted.failures.min=-1));
maximums=((multipart_upload_completed.max=-1) (op_abort.max=-1) (committer_magic_marker_put.max=-1) (object_multipart_aborted.failures.max=-1) (multipart_upload_completed.failures.max=-1) (op_abort.failures.max=-1) (action_executor_acquired.failures.max=-1) (multipart_upload_part_put.max=-1) (object_multipart_aborted.max=-1) (multipart_upload_part_put.failures.max=-1) (committer_magic_marker_put.failures.max=-1) (object_multipart_initiated.failures.max=-1) (object_multipart_initiated.max=-1) (action_executor_acquired.max=-1) (object_put_request.max=-1) (object_put_request.failures.max=-1));
means=((multipart_upload_completed.failures.mean=(samples=0, sum=0, mean=0.0000)) (object_multipart_aborted.failures.mean=(samples=0, sum=0, mean=0.0000)) (multipart_upload_part_put.mean=(samples=0, sum=0, mean=0.0000)) (committer_magic_marker_put.mean=(samples=0, sum=0, mean=0.0000)) (object_multipart_aborted.mean=(samples=0, sum=0, mean=0.0000)) (action_executor_acquired.failures.mean=(samples=0, sum=0, mean=0.0000)) (op_abort.failures.mean=(samples=0, sum=0, mean=0.0000)) (object_put_request.failures.mean=(samples=0, sum=0, mean=0.0000)) (committer_magic_marker_put.failures.mean=(samples=0, sum=0, mean=0.0000)) (multipart_upload_completed.mean=(samples=0, sum=0, mean=0.0000)) (object_put_request.mean=(samples=0, sum=0, mean=0.0000)) (op_abort.mean=(samples=0, sum=0, mean=0.0000)) (action_executor_acquired.mean=(samples=0, sum=0, mean=0.0000)) (object_multipart_initiated.failures.mean=(samples=0, sum=0, mean=0.0000)) (object_multipart_initiated.mean=(samples=0, sum=0, mean=0.0000)) (multipart_upload_part_put.failures.mean=(samples=0, sum=0, mean=0.0000)));
}: Closing block #1: current block= FileBlock{index=1, destFile=/home/runner/work/ozone/ozone/target/hadoop-src/target/tmp/s3a/s3ablock-0001-6376577888679676517.tmp, state=Writing, dataSize=512, limit=67108864}
2025-01-02 17:46:58,484 [JUnit-testComplexDirActions] DEBUG s3a.S3ABlockOutputStream (S3ABlockOutputStream.java:putObject(688)) - Executing regular upload for WriteOperationHelper {bucket=obs-bucket}
2025-01-02 17:46:58,485 [JUnit-testComplexDirActions] DEBUG s3a.S3ADataBlocks (S3ADataBlocks.java:startUpload(362)) - Start datablock[1] upload
2025-01-02 17:46:58,485 [JUnit-testComplexDirActions] DEBUG s3a.S3ADataBlocks (S3ADataBlocks.java:enterState(261)) - FileBlock{index=1, destFile=/home/runner/work/ozone/ozone/target/hadoop-src/target/tmp/s3a/s3ablock-0001-6376577888679676517.tmp, state=Writing, dataSize=512, limit=67108864}: entering state Upload
2025-01-02 17:46:58,485 [JUnit-testComplexDirActions] DEBUG s3a.S3ABlockOutputStream (S3ABlockOutputStream.java:clearActiveBlock(320)) - Clearing active block
2025-01-02 17:46:58,485 [JUnit-testComplexDirActions] DEBUG s3a.Invoker (DurationInfo.java:<init>(80)) - Starting: Writing Object
2025-01-02 17:46:58,486 [JUnit-testComplexDirActions] DEBUG s3a.S3AFileSystem (S3AFileSystem.java:putObjectDirect(3340)) - PUT 512 bytes to test/testComplexDirActions/file--0-0001.txt
2025-01-02 17:46:58,486 [JUnit-testComplexDirActions] DEBUG impl.S3AStoreImpl (S3AStoreImpl.java:incrementPutStartStatistics(397)) - PUT start 512 bytes
2025-01-02 17:46:58,487 [JUnit-testComplexDirActions] DEBUG impl.LoggingAuditor (LoggingAuditor.java:modifyHttpRequest(410)) - [153] 67226e31-30c8-4b12-bd8d-7af12d75e150-00000111 Executing op_create with {object_put_request 'test/testComplexDirActions/file--0-0001.txt' size=0, mutating=true}; https://audit.example.org/hadoop/1/op_create/67226e31-30c8-4b12-bd8d-7af12d75e150-00000111/?op=op_create&p1=test/testComplexDirActions/file--0-0001.txt&pr=runner&ps=a84b8fc4-c757-4eb1-9a3e-4c3b8d9615e9&id=67226e31-30c8-4b12-bd8d-7af12d75e150-00000111&t0=153&fs=67226e31-30c8-4b12-bd8d-7af12d75e150&t1=153&ts=1735840018473
2025-01-02 17:46:58,488 [JUnit-testComplexDirActions] INFO  impl.UploadContentProviders (UploadContentProviders.java:newStream(289)) - Stream recreated: FileWithOffsetContentProvider{file=/home/runner/work/ozone/ozone/target/hadoop-src/target/tmp/s3a/s3ablock-0001-6376577888679676517.tmp, offset=0} BaseContentProvider{size=512, initiated at 2025-01-02T17:46:58.485595, streamCreationCount=2, currentStream=null}
2025-01-02 17:46:58,547 [JUnit-testComplexDirActions] DEBUG impl.S3AStoreImpl (S3AStoreImpl.java:incrementPutCompletedStatistics(414)) - PUT completed success=true; 512 bytes
2025-01-02 17:46:58,547 [JUnit-testComplexDirActions] DEBUG s3a.S3AFileSystem (S3AFileSystem.java:finishedWrite(4727)) - Finished write to test/testComplexDirActions/file--0-0001.txt, len 512.
2025-01-02 17:46:58,547 [JUnit-testComplexDirActions] DEBUG s3a.Invoker (DurationInfo.java:close(101)) - Writing Object: duration 0:00.062s
2025-01-02 17:46:58,547 [JUnit-testComplexDirActions] DEBUG s3a.S3ADataBlocks (S3ADataBlocks.java:enterState(261)) - FileBlock{index=1, destFile=/home/runner/work/ozone/ozone/target/hadoop-src/target/tmp/s3a/s3ablock-0001-6376577888679676517.tmp, state=Upload, dataSize=512, limit=67108864}: entering state Closed
2025-01-02 17:46:58,547 [JUnit-testComplexDirActions] DEBUG s3a.S3ADataBlocks (S3ADataBlocks.java:close(384)) - Closed FileBlock{index=1, destFile=/home/runner/work/ozone/ozone/target/hadoop-src/target/tmp/s3a/s3ablock-0001-6376577888679676517.tmp, state=Closed, dataSize=512, limit=67108864}
2025-01-02 17:46:58,548 [JUnit-testComplexDirActions] DEBUG s3a.S3ADataBlocks (S3ADataBlocks.java:innerClose(836)) - Closing FileBlock{index=1, destFile=/home/runner/work/ozone/ozone/target/hadoop-src/target/tmp/s3a/s3ablock-0001-6376577888679676517.tmp, state=Closed, dataSize=512, limit=67108864}
2025-01-02 17:46:58,548 [JUnit-testComplexDirActions] DEBUG s3a.S3ADataBlocks (S3ADataBlocks.java:closeBlock(890)) - block[1]: closeBlock()
2025-01-02 17:46:58,548 [JUnit-testComplexDirActions] DEBUG s3a.S3ABlockOutputStream (S3ABlockOutputStream.java:close(534)) - Upload complete to test/testComplexDirActions/file--0-0001.txt by WriteOperationHelper {bucket=obs-bucket}
2025-01-02 17:46:58,551 [JUnit-testComplexDirActions] DEBUG s3a.S3ABlockOutputStream (S3ABlockOutputStream.java:cleanupOnClose(566)) - Statistics: OutputStreamStatistics{counters=((op_hflush=0) (stream_write_exceptions_completing_upload=0) (object_multipart_aborted.failures=0) (action_executor_acquired.failures=0) (multipart_upload_completed=0) (object_put_request=1) (stream_write_total_data=512) (object_multipart_aborted=0) (multipart_upload_part_put.failures=0) (multipart_upload_part_put=0) (stream_write_block_uploads=1) (committer_magic_marker_put=0) (multipart_upload_completed.failures=0) (object_multipart_initiated.failures=0) (stream_write_queue_duration=0) (committer_magic_marker_put.failures=0) (stream_write_total_time=0) (op_abort.failures=0) (object_put_request.failures=0) (object_multipart_initiated=0) (stream_write_exceptions=0) (stream_write_bytes=512) (op_hsync=0) (action_executor_acquired=0) (op_abort=0));
gauges=((stream_write_block_uploads_data_pending=0) (stream_write_block_uploads_active=0) (stream_write_block_uploads_pending=0));
minimums=((object_put_request.failures.min=-1) (object_multipart_initiated.min=-1) (object_multipart_aborted.failures.min=-1) (object_multipart_aborted.min=-1) (action_executor_acquired.min=0) (op_abort.min=-1) (object_multipart_initiated.failures.min=-1) (op_abort.failures.min=-1) (multipart_upload_part_put.failures.min=-1) (multipart_upload_completed.failures.min=-1) (object_put_request.min=61) (action_executor_acquired.failures.min=-1) (committer_magic_marker_put.min=-1) (multipart_upload_part_put.min=-1) (committer_magic_marker_put.failures.min=-1) (multipart_upload_completed.min=-1));
maximums=((op_abort.failures.max=-1) (object_multipart_initiated.max=-1) (action_executor_acquired.failures.max=-1) (multipart_upload_completed.failures.max=-1) (object_put_request.max=61) (op_abort.max=-1) (multipart_upload_part_put.max=-1) (action_executor_acquired.max=0) (object_multipart_aborted.max=-1) (committer_magic_marker_put.max=-1) (committer_magic_marker_put.failures.max=-1) (multipart_upload_completed.max=-1) (object_multipart_aborted.failures.max=-1) (object_put_request.failures.max=-1) (object_multipart_initiated.failures.max=-1) (multipart_upload_part_put.failures.max=-1));
means=((object_put_request.mean=(samples=1, sum=61, mean=61.0000)) (action_executor_acquired.mean=(samples=1, sum=0, mean=0.0000)) (multipart_upload_completed.mean=(samples=0, sum=0, mean=0.0000)) (committer_magic_marker_put.mean=(samples=0, sum=0, mean=0.0000)) (multipart_upload_completed.failures.mean=(samples=0, sum=0, mean=0.0000)) (op_abort.mean=(samples=0, sum=0, mean=0.0000)) (object_multipart_aborted.mean=(samples=0, sum=0, mean=0.0000)) (op_abort.failures.mean=(samples=0, sum=0, mean=0.0000)) (action_executor_acquired.failures.mean=(samples=0, sum=0, mean=0.0000)) (committer_magic_marker_put.failures.mean=(samples=0, sum=0, mean=0.0000)) (object_multipart_aborted.failures.mean=(samples=0, sum=0, mean=0.0000)) (object_put_request.failures.mean=(samples=0, sum=0, mean=0.0000)) (multipart_upload_part_put.mean=(samples=0, sum=0, mean=0.0000)) (object_multipart_initiated.failures.mean=(samples=0, sum=0, mean=0.0000)) (multipart_upload_part_put.failures.mean=(samples=0, sum=0, mean=0.0000)) (object_multipart_initiated.mean=(samples=0, sum=0, mean=0.0000)));
, blocksActive=0, blockUploadsCompleted=1, blocksAllocated=1, blocksReleased=1, blocksActivelyAllocated=0, transferDuration=61 ms, totalUploadDuration=61 ms, effectiveBandwidth=8393.442622950819 bytes/s}
2025-01-02 17:46:58,551 [JUnit-testComplexDirActions] DEBUG s3a.S3ABlockOutputStream (S3ABlockOutputStream.java:close(481)) - Ignoring close() as stream is already closed
2025-01-02 17:46:58,552 [JUnit-testComplexDirActions] DEBUG s3a.S3AFileSystem (S3AFileSystem.java:innerGetFileStatus(4005)) - Getting path status for s3a://obs-bucket/test/testComplexDirActions/file--0-0001.txt  (test/testComplexDirActions/file--0-0001.txt); needEmptyDirectory=false
2025-01-02 17:46:58,552 [JUnit-testComplexDirActions] DEBUG s3a.S3AFileSystem (S3AFileSystem.java:s3GetFileStatus(4064)) - S3GetFileStatus s3a://obs-bucket/test/testComplexDirActions/file--0-0001.txt
2025-01-02 17:46:58,552 [JUnit-testComplexDirActions] DEBUG s3a.S3AFileSystem (S3AFileSystem.java:lambda$getObjectMetadata$10(3044)) - HEAD test/testComplexDirActions/file--0-0001.txt with change tracker null
2025-01-02 17:46:58,553 [JUnit-testComplexDirActions] DEBUG impl.LoggingAuditor (LoggingAuditor.java:modifyHttpRequest(410)) - [153] 67226e31-30c8-4b12-bd8d-7af12d75e150-00000112 Executing op_get_file_status with {action_http_head_request 'test/testComplexDirActions/file--0-0001.txt' size=0, mutating=false}; https://audit.example.org/hadoop/1/op_get_file_status/67226e31-30c8-4b12-bd8d-7af12d75e150-00000112/?op=op_get_file_status&p1=test/testComplexDirActions/file--0-0001.txt&pr=runner&ps=a84b8fc4-c757-4eb1-9a3e-4c3b8d9615e9&id=67226e31-30c8-4b12-bd8d-7af12d75e150-00000112&t0=153&fs=67226e31-30c8-4b12-bd8d-7af12d75e150&t1=153&ts=1735840018551
2025-01-02 17:46:58,557 [JUnit-testComplexDirActions] DEBUG s3a.S3AFileSystem (S3AFileSystem.java:s3GetFileStatus(4080)) - Found exact file: normal file test/testComplexDirActions/file--0-0001.txt
2025-01-02 17:46:58,558 [JUnit-testComplexDirActions] DEBUG s3a.S3AFileSystem (S3AFileSystem.java:innerGetFileStatus(4005)) - Getting path status for s3a://obs-bucket/test/testComplexDirActions/file--0-0002.txt  (test/testComplexDirActions/file--0-0002.txt); needEmptyDirectory=false
2025-01-02 17:46:58,558 [JUnit-testComplexDirActions] DEBUG s3a.S3AFileSystem (S3AFileSystem.java:s3GetFileStatus(4064)) - S3GetFileStatus s3a://obs-bucket/test/testComplexDirActions/file--0-0002.txt
2025-01-02 17:46:58,558 [JUnit-testComplexDirActions] DEBUG s3a.S3AFileSystem (S3AFileSystem.java:listObjects(3107)) - LIST List obs-bucket:/test/testComplexDirActions/file--0-0002.txt/ delimiter=/ keys=2 requester pays=null
2025-01-02 17:46:58,558 [JUnit-testComplexDirActions] DEBUG s3a.S3AFileSystem (DurationInfo.java:<init>(80)) - Starting: LIST
2025-01-02 17:46:58,559 [JUnit-testComplexDirActions] DEBUG impl.LoggingAuditor (LoggingAuditor.java:modifyHttpRequest(410)) - [153] 67226e31-30c8-4b12-bd8d-7af12d75e150-00000113 Executing op_create with {object_list_request 'test/testComplexDirActions/file--0-0002.txt/' size=2, mutating=false}; https://audit.example.org/hadoop/1/op_create/67226e31-30c8-4b12-bd8d-7af12d75e150-00000113/?op=op_create&p1=test/testComplexDirActions/file--0-0002.txt&pr=runner&ps=a84b8fc4-c757-4eb1-9a3e-4c3b8d9615e9&id=67226e31-30c8-4b12-bd8d-7af12d75e150-00000113&t0=153&fs=67226e31-30c8-4b12-bd8d-7af12d75e150&t1=153&ts=1735840018558
2025-01-02 17:46:58,564 [JUnit-testComplexDirActions] DEBUG s3a.S3AFileSystem (DurationInfo.java:close(101)) - LIST: duration 0:00.006s
2025-01-02 17:46:58,564 [JUnit-testComplexDirActions] DEBUG s3a.S3AFileSystem (S3AFileSystem.java:s3GetFileStatus(4155)) - Not Found: s3a://obs-bucket/test/testComplexDirActions/file--0-0002.txt
2025-01-02 17:46:58,565 [JUnit-testComplexDirActions] DEBUG s3a.S3ARetryPolicy (S3ARetryPolicy.java:<init>(150)) - Retrying on recoverable AWS failures 3 times with an initial interval of 500ms
2025-01-02 17:46:58,565 [JUnit-testComplexDirActions] DEBUG s3a.S3ABlockOutputStream (S3ABlockOutputStream.java:<init>(276)) - Initialized S3ABlockOutputStream for test/testComplexDirActions/file--0-0002.txt output to FileBlock{index=1, destFile=/home/runner/work/ozone/ozone/target/hadoop-src/target/tmp/s3a/s3ablock-0001-5005701152211489549.tmp, state=Writing, dataSize=0, limit=67108864}
2025-01-02 17:46:58,566 [JUnit-testComplexDirActions] DEBUG s3a.S3ABlockOutputStream (S3ABlockOutputStream.java:close(487)) - S3ABlockOutputStream{WriteOperationHelper {bucket=obs-bucket}, blockSize=67108864, isMultipartUploadEnabled=true, activeBlock=FileBlock{index=1, destFile=/home/runner/work/ozone/ozone/target/hadoop-src/target/tmp/s3a/s3ablock-0001-5005701152211489549.tmp, state=Writing, dataSize=512, limit=67108864} Statistics=counters=((object_multipart_initiated=0) (object_multipart_initiated.failures=0) (object_put_request.failures=0) (object_multipart_aborted.failures=0) (op_hflush=0) (op_hsync=0) (multipart_upload_part_put.failures=0) (multipart_upload_completed=0) (object_multipart_aborted=0) (stream_write_total_data=0) (stream_write_exceptions_completing_upload=0) (action_executor_acquired.failures=0) (committer_magic_marker_put.failures=0) (multipart_upload_part_put=0) (op_abort=0) (object_put_request=0) (stream_write_total_time=0) (multipart_upload_completed.failures=0) (action_executor_acquired=0) (committer_magic_marker_put=0) (stream_write_block_uploads=0) (stream_write_bytes=512) (stream_write_queue_duration=0) (stream_write_exceptions=0) (op_abort.failures=0));
gauges=((stream_write_block_uploads_data_pending=0) (stream_write_block_uploads_active=0) (stream_write_block_uploads_pending=0));
minimums=((object_put_request.failures.min=-1) (multipart_upload_completed.failures.min=-1) (multipart_upload_part_put.min=-1) (action_executor_acquired.failures.min=-1) (op_abort.failures.min=-1) (multipart_upload_completed.min=-1) (multipart_upload_part_put.failures.min=-1) (action_executor_acquired.min=-1) (committer_magic_marker_put.failures.min=-1) (committer_magic_marker_put.min=-1) (object_multipart_aborted.failures.min=-1) (object_multipart_aborted.min=-1) (op_abort.min=-1) (object_multipart_initiated.failures.min=-1) (object_put_request.min=-1) (object_multipart_initiated.min=-1));
maximums=((object_multipart_aborted.max=-1) (multipart_upload_part_put.failures.max=-1) (action_executor_acquired.max=-1) (multipart_upload_part_put.max=-1) (multipart_upload_completed.failures.max=-1) (action_executor_acquired.failures.max=-1) (object_multipart_initiated.failures.max=-1) (multipart_upload_completed.max=-1) (committer_magic_marker_put.max=-1) (object_multipart_initiated.max=-1) (object_put_request.failures.max=-1) (op_abort.max=-1) (object_multipart_aborted.failures.max=-1) (committer_magic_marker_put.failures.max=-1) (op_abort.failures.max=-1) (object_put_request.max=-1));
means=((committer_magic_marker_put.mean=(samples=0, sum=0, mean=0.0000)) (multipart_upload_completed.mean=(samples=0, sum=0, mean=0.0000)) (object_multipart_initiated.mean=(samples=0, sum=0, mean=0.0000)) (multipart_upload_part_put.mean=(samples=0, sum=0, mean=0.0000)) (op_abort.mean=(samples=0, sum=0, mean=0.0000)) (object_multipart_aborted.mean=(samples=0, sum=0, mean=0.0000)) (multipart_upload_part_put.failures.mean=(samples=0, sum=0, mean=0.0000)) (object_put_request.failures.mean=(samples=0, sum=0, mean=0.0000)) (action_executor_acquired.mean=(samples=0, sum=0, mean=0.0000)) (object_multipart_initiated.failures.mean=(samples=0, sum=0, mean=0.0000)) (multipart_upload_completed.failures.mean=(samples=0, sum=0, mean=0.0000)) (object_multipart_aborted.failures.mean=(samples=0, sum=0, mean=0.0000)) (action_executor_acquired.failures.mean=(samples=0, sum=0, mean=0.0000)) (committer_magic_marker_put.failures.mean=(samples=0, sum=0, mean=0.0000)) (object_put_request.mean=(samples=0, sum=0, mean=0.0000)) (op_abort.failures.mean=(samples=0, sum=0, mean=0.0000)));
}: Closing block #1: current block= FileBlock{index=1, destFile=/home/runner/work/ozone/ozone/target/hadoop-src/target/tmp/s3a/s3ablock-0001-5005701152211489549.tmp, state=Writing, dataSize=512, limit=67108864}
2025-01-02 17:46:58,566 [JUnit-testComplexDirActions] DEBUG s3a.S3ABlockOutputStream (S3ABlockOutputStream.java:putObject(688)) - Executing regular upload for WriteOperationHelper {bucket=obs-bucket}
2025-01-02 17:46:58,566 [JUnit-testComplexDirActions] DEBUG s3a.S3ADataBlocks (S3ADataBlocks.java:startUpload(362)) - Start datablock[1] upload
2025-01-02 17:46:58,566 [JUnit-testComplexDirActions] DEBUG s3a.S3ADataBlocks (S3ADataBlocks.java:enterState(261)) - FileBlock{index=1, destFile=/home/runner/work/ozone/ozone/target/hadoop-src/target/tmp/s3a/s3ablock-0001-5005701152211489549.tmp, state=Writing, dataSize=512, limit=67108864}: entering state Upload
2025-01-02 17:46:58,566 [JUnit-testComplexDirActions] DEBUG s3a.S3ABlockOutputStream (S3ABlockOutputStream.java:clearActiveBlock(320)) - Clearing active block
2025-01-02 17:46:58,566 [JUnit-testComplexDirActions] DEBUG s3a.Invoker (DurationInfo.java:<init>(80)) - Starting: Writing Object
2025-01-02 17:46:58,566 [JUnit-testComplexDirActions] DEBUG s3a.S3AFileSystem (S3AFileSystem.java:putObjectDirect(3340)) - PUT 512 bytes to test/testComplexDirActions/file--0-0002.txt
2025-01-02 17:46:58,566 [JUnit-testComplexDirActions] DEBUG impl.S3AStoreImpl (S3AStoreImpl.java:incrementPutStartStatistics(397)) - PUT start 512 bytes
2025-01-02 17:46:58,567 [JUnit-testComplexDirActions] DEBUG impl.LoggingAuditor (LoggingAuditor.java:modifyHttpRequest(410)) - [153] 67226e31-30c8-4b12-bd8d-7af12d75e150-00000113 Executing op_create with {object_put_request 'test/testComplexDirActions/file--0-0002.txt' size=0, mutating=true}; https://audit.example.org/hadoop/1/op_create/67226e31-30c8-4b12-bd8d-7af12d75e150-00000113/?op=op_create&p1=test/testComplexDirActions/file--0-0002.txt&pr=runner&ps=a84b8fc4-c757-4eb1-9a3e-4c3b8d9615e9&id=67226e31-30c8-4b12-bd8d-7af12d75e150-00000113&t0=153&fs=67226e31-30c8-4b12-bd8d-7af12d75e150&t1=153&ts=1735840018558
2025-01-02 17:46:58,568 [JUnit-testComplexDirActions] INFO  impl.UploadContentProviders (UploadContentProviders.java:newStream(289)) - Stream recreated: FileWithOffsetContentProvider{file=/home/runner/work/ozone/ozone/target/hadoop-src/target/tmp/s3a/s3ablock-0001-5005701152211489549.tmp, offset=0} BaseContentProvider{size=512, initiated at 2025-01-02T17:46:58.566533, streamCreationCount=2, currentStream=null}
2025-01-02 17:46:58,601 [JUnit-testComplexDirActions] DEBUG impl.S3AStoreImpl (S3AStoreImpl.java:incrementPutCompletedStatistics(414)) - PUT completed success=true; 512 bytes
2025-01-02 17:46:58,601 [JUnit-testComplexDirActions] DEBUG s3a.S3AFileSystem (S3AFileSystem.java:finishedWrite(4727)) - Finished write to test/testComplexDirActions/file--0-0002.txt, len 512.
2025-01-02 17:46:58,601 [JUnit-testComplexDirActions] DEBUG s3a.Invoker (DurationInfo.java:close(101)) - Writing Object: duration 0:00.035s
2025-01-02 17:46:58,601 [JUnit-testComplexDirActions] DEBUG s3a.S3ADataBlocks (S3ADataBlocks.java:enterState(261)) - FileBlock{index=1, destFile=/home/runner/work/ozone/ozone/target/hadoop-src/target/tmp/s3a/s3ablock-0001-5005701152211489549.tmp, state=Upload, dataSize=512, limit=67108864}: entering state Closed
2025-01-02 17:46:58,601 [JUnit-testComplexDirActions] DEBUG s3a.S3ADataBlocks (S3ADataBlocks.java:close(384)) - Closed FileBlock{index=1, destFile=/home/runner/work/ozone/ozone/target/hadoop-src/target/tmp/s3a/s3ablock-0001-5005701152211489549.tmp, state=Closed, dataSize=512, limit=67108864}
2025-01-02 17:46:58,601 [JUnit-testComplexDirActions] DEBUG s3a.S3ADataBlocks (S3ADataBlocks.java:innerClose(836)) - Closing FileBlock{index=1, destFile=/home/runner/work/ozone/ozone/target/hadoop-src/target/tmp/s3a/s3ablock-0001-5005701152211489549.tmp, state=Closed, dataSize=512, limit=67108864}
2025-01-02 17:46:58,601 [JUnit-testComplexDirActions] DEBUG s3a.S3ADataBlocks (S3ADataBlocks.java:closeBlock(890)) - block[1]: closeBlock()
2025-01-02 17:46:58,601 [JUnit-testComplexDirActions] DEBUG s3a.S3ABlockOutputStream (S3ABlockOutputStream.java:close(534)) - Upload complete to test/testComplexDirActions/file--0-0002.txt by WriteOperationHelper {bucket=obs-bucket}
2025-01-02 17:46:58,604 [JUnit-testComplexDirActions] DEBUG s3a.S3ABlockOutputStream (S3ABlockOutputStream.java:cleanupOnClose(566)) - Statistics: OutputStreamStatistics{counters=((committer_magic_marker_put=0) (object_put_request.failures=0) (multipart_upload_part_put.failures=0) (stream_write_bytes=512) (stream_write_total_time=0) (stream_write_exceptions=0) (object_put_request=1) (object_multipart_initiated=0) (stream_write_total_data=512) (op_abort=0) (op_abort.failures=0) (object_multipart_initiated.failures=0) (multipart_upload_completed.failures=0) (action_executor_acquired=0) (op_hflush=0) (multipart_upload_completed=0) (stream_write_queue_duration=0) (object_multipart_aborted=0) (action_executor_acquired.failures=0) (stream_write_exceptions_completing_upload=0) (committer_magic_marker_put.failures=0) (stream_write_block_uploads=1) (object_multipart_aborted.failures=0) (multipart_upload_part_put=0) (op_hsync=0));
gauges=((stream_write_block_uploads_data_pending=0) (stream_write_block_uploads_pending=0) (stream_write_block_uploads_active=0));
minimums=((multipart_upload_completed.min=-1) (op_abort.min=-1) (committer_magic_marker_put.min=-1) (object_multipart_aborted.min=-1) (object_put_request.min=35) (object_multipart_initiated.min=-1) (multipart_upload_completed.failures.min=-1) (committer_magic_marker_put.failures.min=-1) (op_abort.failures.min=-1) (multipart_upload_part_put.min=-1) (action_executor_acquired.min=0) (multipart_upload_part_put.failures.min=-1) (object_multipart_initiated.failures.min=-1) (action_executor_acquired.failures.min=-1) (object_multipart_aborted.failures.min=-1) (object_put_request.failures.min=-1));
maximums=((action_executor_acquired.max=0) (object_put_request.max=35) (multipart_upload_part_put.max=-1) (object_multipart_aborted.failures.max=-1) (object_multipart_initiated.failures.max=-1) (multipart_upload_completed.failures.max=-1) (object_multipart_aborted.max=-1) (multipart_upload_part_put.failures.max=-1) (committer_magic_marker_put.failures.max=-1) (object_multipart_initiated.max=-1) (object_put_request.failures.max=-1) (committer_magic_marker_put.max=-1) (action_executor_acquired.failures.max=-1) (op_abort.max=-1) (multipart_upload_completed.max=-1) (op_abort.failures.max=-1));
means=((op_abort.failures.mean=(samples=0, sum=0, mean=0.0000)) (action_executor_acquired.mean=(samples=1, sum=0, mean=0.0000)) (multipart_upload_completed.failures.mean=(samples=0, sum=0, mean=0.0000)) (object_multipart_initiated.mean=(samples=0, sum=0, mean=0.0000)) (action_executor_acquired.failures.mean=(samples=0, sum=0, mean=0.0000)) (committer_magic_marker_put.mean=(samples=0, sum=0, mean=0.0000)) (object_multipart_aborted.failures.mean=(samples=0, sum=0, mean=0.0000)) (committer_magic_marker_put.failures.mean=(samples=0, sum=0, mean=0.0000)) (object_put_request.failures.mean=(samples=0, sum=0, mean=0.0000)) (op_abort.mean=(samples=0, sum=0, mean=0.0000)) (object_put_request.mean=(samples=1, sum=35, mean=35.0000)) (multipart_upload_part_put.mean=(samples=0, sum=0, mean=0.0000)) (multipart_upload_completed.mean=(samples=0, sum=0, mean=0.0000)) (multipart_upload_part_put.failures.mean=(samples=0, sum=0, mean=0.0000)) (object_multipart_aborted.mean=(samples=0, sum=0, mean=0.0000)) (object_multipart_initiated.failures.mean=(samples=0, sum=0, mean=0.0000)));
, blocksActive=0, blockUploadsCompleted=1, blocksAllocated=1, blocksReleased=1, blocksActivelyAllocated=0, transferDuration=34 ms, totalUploadDuration=34 ms, effectiveBandwidth=15058.823529411764 bytes/s}
2025-01-02 17:46:58,604 [JUnit-testComplexDirActions] DEBUG s3a.S3ABlockOutputStream (S3ABlockOutputStream.java:close(481)) - Ignoring close() as stream is already closed
2025-01-02 17:46:58,605 [JUnit-testComplexDirActions] DEBUG s3a.S3AFileSystem (S3AFileSystem.java:innerGetFileStatus(4005)) - Getting path status for s3a://obs-bucket/test/testComplexDirActions/file--0-0002.txt  (test/testComplexDirActions/file--0-0002.txt); needEmptyDirectory=false
2025-01-02 17:46:58,605 [JUnit-testComplexDirActions] DEBUG s3a.S3AFileSystem (S3AFileSystem.java:s3GetFileStatus(4064)) - S3GetFileStatus s3a://obs-bucket/test/testComplexDirActions/file--0-0002.txt
2025-01-02 17:46:58,605 [JUnit-testComplexDirActions] DEBUG s3a.S3AFileSystem (S3AFileSystem.java:lambda$getObjectMetadata$10(3044)) - HEAD test/testComplexDirActions/file--0-0002.txt with change tracker null
2025-01-02 17:46:58,606 [JUnit-testComplexDirActions] DEBUG impl.LoggingAuditor (LoggingAuditor.java:modifyHttpRequest(410)) - [153] 67226e31-30c8-4b12-bd8d-7af12d75e150-00000114 Executing op_get_file_status with {action_http_head_request 'test/testComplexDirActions/file--0-0002.txt' size=0, mutating=false}; https://audit.example.org/hadoop/1/op_get_file_status/67226e31-30c8-4b12-bd8d-7af12d75e150-00000114/?op=op_get_file_status&p1=test/testComplexDirActions/file--0-0002.txt&pr=runner&ps=a84b8fc4-c757-4eb1-9a3e-4c3b8d9615e9&id=67226e31-30c8-4b12-bd8d-7af12d75e150-00000114&t0=153&fs=67226e31-30c8-4b12-bd8d-7af12d75e150&t1=153&ts=1735840018605
2025-01-02 17:46:58,616 [JUnit-testComplexDirActions] DEBUG s3a.S3AFileSystem (S3AFileSystem.java:s3GetFileStatus(4080)) - Found exact file: normal file test/testComplexDirActions/file--0-0002.txt
2025-01-02 17:46:58,617 [JUnit-testComplexDirActions] DEBUG s3a.S3AFileSystem (S3AFileSystem.java:innerGetFileStatus(4005)) - Getting path status for s3a://obs-bucket/test/testComplexDirActions/file--0-0003.txt  (test/testComplexDirActions/file--0-0003.txt); needEmptyDirectory=false
2025-01-02 17:46:58,617 [JUnit-testComplexDirActions] DEBUG s3a.S3AFileSystem (S3AFileSystem.java:s3GetFileStatus(4064)) - S3GetFileStatus s3a://obs-bucket/test/testComplexDirActions/file--0-0003.txt
2025-01-02 17:46:58,617 [JUnit-testComplexDirActions] DEBUG s3a.S3AFileSystem (S3AFileSystem.java:listObjects(3107)) - LIST List obs-bucket:/test/testComplexDirActions/file--0-0003.txt/ delimiter=/ keys=2 requester pays=null
2025-01-02 17:46:58,617 [JUnit-testComplexDirActions] DEBUG s3a.S3AFileSystem (DurationInfo.java:<init>(80)) - Starting: LIST
2025-01-02 17:46:58,618 [JUnit-testComplexDirActions] DEBUG impl.LoggingAuditor (LoggingAuditor.java:modifyHttpRequest(410)) - [153] 67226e31-30c8-4b12-bd8d-7af12d75e150-00000115 Executing op_create with {object_list_request 'test/testComplexDirActions/file--0-0003.txt/' size=2, mutating=false}; https://audit.example.org/hadoop/1/op_create/67226e31-30c8-4b12-bd8d-7af12d75e150-00000115/?op=op_create&p1=test/testComplexDirActions/file--0-0003.txt&pr=runner&ps=a84b8fc4-c757-4eb1-9a3e-4c3b8d9615e9&id=67226e31-30c8-4b12-bd8d-7af12d75e150-00000115&t0=153&fs=67226e31-30c8-4b12-bd8d-7af12d75e150&t1=153&ts=1735840018617
2025-01-02 17:46:58,624 [JUnit-testComplexDirActions] DEBUG s3a.S3AFileSystem (DurationInfo.java:close(101)) - LIST: duration 0:00.007s
2025-01-02 17:46:58,624 [JUnit-testComplexDirActions] DEBUG s3a.S3AFileSystem (S3AFileSystem.java:s3GetFileStatus(4155)) - Not Found: s3a://obs-bucket/test/testComplexDirActions/file--0-0003.txt
2025-01-02 17:46:58,625 [JUnit-testComplexDirActions] DEBUG s3a.S3ARetryPolicy (S3ARetryPolicy.java:<init>(150)) - Retrying on recoverable AWS failures 3 times with an initial interval of 500ms
2025-01-02 17:46:58,625 [JUnit-testComplexDirActions] DEBUG s3a.S3ABlockOutputStream (S3ABlockOutputStream.java:<init>(276)) - Initialized S3ABlockOutputStream for test/testComplexDirActions/file--0-0003.txt output to FileBlock{index=1, destFile=/home/runner/work/ozone/ozone/target/hadoop-src/target/tmp/s3a/s3ablock-0001-5942609780466208628.tmp, state=Writing, dataSize=0, limit=67108864}
2025-01-02 17:46:58,626 [JUnit-testComplexDirActions] DEBUG s3a.S3ABlockOutputStream (S3ABlockOutputStream.java:close(487)) - S3ABlockOutputStream{WriteOperationHelper {bucket=obs-bucket}, blockSize=67108864, isMultipartUploadEnabled=true, activeBlock=FileBlock{index=1, destFile=/home/runner/work/ozone/ozone/target/hadoop-src/target/tmp/s3a/s3ablock-0001-5942609780466208628.tmp, state=Writing, dataSize=512, limit=67108864} Statistics=counters=((stream_write_block_uploads=0) (object_multipart_aborted=0) (object_multipart_initiated=0) (op_abort=0) (object_put_request.failures=0) (op_abort.failures=0) (multipart_upload_completed.failures=0) (stream_write_total_data=0) (stream_write_exceptions=0) (committer_magic_marker_put.failures=0) (multipart_upload_completed=0) (object_multipart_initiated.failures=0) (stream_write_queue_duration=0) (op_hflush=0) (action_executor_acquired.failures=0) (committer_magic_marker_put=0) (object_put_request=0) (action_executor_acquired=0) (op_hsync=0) (stream_write_exceptions_completing_upload=0) (stream_write_bytes=512) (object_multipart_aborted.failures=0) (multipart_upload_part_put.failures=0) (multipart_upload_part_put=0) (stream_write_total_time=0));
gauges=((stream_write_block_uploads_data_pending=0) (stream_write_block_uploads_pending=0) (stream_write_block_uploads_active=0));
minimums=((object_multipart_aborted.min=-1) (object_put_request.min=-1) (committer_magic_marker_put.min=-1) (multipart_upload_completed.failures.min=-1) (op_abort.min=-1) (object_multipart_initiated.min=-1) (multipart_upload_part_put.min=-1) (object_put_request.failures.min=-1) (action_executor_acquired.failures.min=-1) (op_abort.failures.min=-1) (multipart_upload_part_put.failures.min=-1) (object_multipart_initiated.failures.min=-1) (multipart_upload_completed.min=-1) (action_executor_acquired.min=-1) (object_multipart_aborted.failures.min=-1) (committer_magic_marker_put.failures.min=-1));
maximums=((multipart_upload_part_put.failures.max=-1) (multipart_upload_completed.max=-1) (committer_magic_marker_put.max=-1) (object_put_request.max=-1) (object_put_request.failures.max=-1) (multipart_upload_part_put.max=-1) (action_executor_acquired.failures.max=-1) (object_multipart_aborted.failures.max=-1) (object_multipart_aborted.max=-1) (object_multipart_initiated.max=-1) (op_abort.failures.max=-1) (committer_magic_marker_put.failures.max=-1) (multipart_upload_completed.failures.max=-1) (op_abort.max=-1) (object_multipart_initiated.failures.max=-1) (action_executor_acquired.max=-1));
means=((object_multipart_aborted.failures.mean=(samples=0, sum=0, mean=0.0000)) (object_multipart_aborted.mean=(samples=0, sum=0, mean=0.0000)) (action_executor_acquired.mean=(samples=0, sum=0, mean=0.0000)) (object_multipart_initiated.mean=(samples=0, sum=0, mean=0.0000)) (committer_magic_marker_put.mean=(samples=0, sum=0, mean=0.0000)) (object_multipart_initiated.failures.mean=(samples=0, sum=0, mean=0.0000)) (multipart_upload_completed.failures.mean=(samples=0, sum=0, mean=0.0000)) (multipart_upload_completed.mean=(samples=0, sum=0, mean=0.0000)) (object_put_request.failures.mean=(samples=0, sum=0, mean=0.0000)) (multipart_upload_part_put.mean=(samples=0, sum=0, mean=0.0000)) (committer_magic_marker_put.failures.mean=(samples=0, sum=0, mean=0.0000)) (action_executor_acquired.failures.mean=(samples=0, sum=0, mean=0.0000)) (multipart_upload_part_put.failures.mean=(samples=0, sum=0, mean=0.0000)) (op_abort.failures.mean=(samples=0, sum=0, mean=0.0000)) (op_abort.mean=(samples=0, sum=0, mean=0.0000)) (object_put_request.mean=(samples=0, sum=0, mean=0.0000)));
}: Closing block #1: current block= FileBlock{index=1, destFile=/home/runner/work/ozone/ozone/target/hadoop-src/target/tmp/s3a/s3ablock-0001-5942609780466208628.tmp, state=Writing, dataSize=512, limit=67108864}
2025-01-02 17:46:58,626 [JUnit-testComplexDirActions] DEBUG s3a.S3ABlockOutputStream (S3ABlockOutputStream.java:putObject(688)) - Executing regular upload for WriteOperationHelper {bucket=obs-bucket}
2025-01-02 17:46:58,626 [JUnit-testComplexDirActions] DEBUG s3a.S3ADataBlocks (S3ADataBlocks.java:startUpload(362)) - Start datablock[1] upload
2025-01-02 17:46:58,626 [JUnit-testComplexDirActions] DEBUG s3a.S3ADataBlocks (S3ADataBlocks.java:enterState(261)) - FileBlock{index=1, destFile=/home/runner/work/ozone/ozone/target/hadoop-src/target/tmp/s3a/s3ablock-0001-5942609780466208628.tmp, state=Writing, dataSize=512, limit=67108864}: entering state Upload
2025-01-02 17:46:58,627 [JUnit-testComplexDirActions] DEBUG s3a.S3ABlockOutputStream (S3ABlockOutputStream.java:clearActiveBlock(320)) - Clearing active block
2025-01-02 17:46:58,627 [JUnit-testComplexDirActions] DEBUG s3a.Invoker (DurationInfo.java:<init>(80)) - Starting: Writing Object
2025-01-02 17:46:58,627 [JUnit-testComplexDirActions] DEBUG s3a.S3AFileSystem (S3AFileSystem.java:putObjectDirect(3340)) - PUT 512 bytes to test/testComplexDirActions/file--0-0003.txt
2025-01-02 17:46:58,627 [JUnit-testComplexDirActions] DEBUG impl.S3AStoreImpl (S3AStoreImpl.java:incrementPutStartStatistics(397)) - PUT start 512 bytes
2025-01-02 17:46:58,630 [JUnit-testComplexDirActions] DEBUG impl.LoggingAuditor (LoggingAuditor.java:modifyHttpRequest(410)) - [153] 67226e31-30c8-4b12-bd8d-7af12d75e150-00000115 Executing op_create with {object_put_request 'test/testComplexDirActions/file--0-0003.txt' size=0, mutating=true}; https://audit.example.org/hadoop/1/op_create/67226e31-30c8-4b12-bd8d-7af12d75e150-00000115/?op=op_create&p1=test/testComplexDirActions/file--0-0003.txt&pr=runner&ps=a84b8fc4-c757-4eb1-9a3e-4c3b8d9615e9&id=67226e31-30c8-4b12-bd8d-7af12d75e150-00000115&t0=153&fs=67226e31-30c8-4b12-bd8d-7af12d75e150&t1=153&ts=1735840018617
2025-01-02 17:46:58,633 [JUnit-testComplexDirActions] INFO  impl.UploadContentProviders (UploadContentProviders.java:newStream(289)) - Stream recreated: FileWithOffsetContentProvider{file=/home/runner/work/ozone/ozone/target/hadoop-src/target/tmp/s3a/s3ablock-0001-5942609780466208628.tmp, offset=0} BaseContentProvider{size=512, initiated at 2025-01-02T17:46:58.627127, streamCreationCount=2, currentStream=null}
2025-01-02 17:46:58,672 [JUnit-testComplexDirActions] DEBUG impl.S3AStoreImpl (S3AStoreImpl.java:incrementPutCompletedStatistics(414)) - PUT completed success=true; 512 bytes
2025-01-02 17:46:58,673 [JUnit-testComplexDirActions] DEBUG s3a.S3AFileSystem (S3AFileSystem.java:finishedWrite(4727)) - Finished write to test/testComplexDirActions/file--0-0003.txt, len 512.
2025-01-02 17:46:58,673 [JUnit-testComplexDirActions] DEBUG s3a.Invoker (DurationInfo.java:close(101)) - Writing Object: duration 0:00.046s
2025-01-02 17:46:58,673 [JUnit-testComplexDirActions] DEBUG s3a.S3ADataBlocks (S3ADataBlocks.java:enterState(261)) - FileBlock{index=1, destFile=/home/runner/work/ozone/ozone/target/hadoop-src/target/tmp/s3a/s3ablock-0001-5942609780466208628.tmp, state=Upload, dataSize=512, limit=67108864}: entering state Closed
2025-01-02 17:46:58,673 [JUnit-testComplexDirActions] DEBUG s3a.S3ADataBlocks (S3ADataBlocks.java:close(384)) - Closed FileBlock{index=1, destFile=/home/runner/work/ozone/ozone/target/hadoop-src/target/tmp/s3a/s3ablock-0001-5942609780466208628.tmp, state=Closed, dataSize=512, limit=67108864}
2025-01-02 17:46:58,673 [JUnit-testComplexDirActions] DEBUG s3a.S3ADataBlocks (S3ADataBlocks.java:innerClose(836)) - Closing FileBlock{index=1, destFile=/home/runner/work/ozone/ozone/target/hadoop-src/target/tmp/s3a/s3ablock-0001-5942609780466208628.tmp, state=Closed, dataSize=512, limit=67108864}
2025-01-02 17:46:58,673 [JUnit-testComplexDirActions] DEBUG s3a.S3ADataBlocks (S3ADataBlocks.java:closeBlock(890)) - block[1]: closeBlock()
2025-01-02 17:46:58,673 [JUnit-testComplexDirActions] DEBUG s3a.S3ABlockOutputStream (S3ABlockOutputStream.java:close(534)) - Upload complete to test/testComplexDirActions/file--0-0003.txt by WriteOperationHelper {bucket=obs-bucket}
2025-01-02 17:46:58,674 [JUnit-testComplexDirActions] DEBUG s3a.S3ABlockOutputStream (S3ABlockOutputStream.java:cleanupOnClose(566)) - Statistics: OutputStreamStatistics{counters=((op_abort.failures=0) (stream_write_total_time=0) (object_multipart_aborted.failures=0) (committer_magic_marker_put.failures=0) (object_put_request=1) (multipart_upload_completed=0) (stream_write_exceptions_completing_upload=0) (stream_write_bytes=512) (stream_write_total_data=512) (object_multipart_initiated.failures=0) (stream_write_block_uploads=1) (multipart_upload_part_put.failures=0) (op_hflush=0) (stream_write_exceptions=0) (action_executor_acquired.failures=0) (stream_write_queue_duration=0) (multipart_upload_completed.failures=0) (op_abort=0) (action_executor_acquired=0) (multipart_upload_part_put=0) (object_multipart_aborted=0) (object_multipart_initiated=0) (object_put_request.failures=0) (op_hsync=0) (committer_magic_marker_put=0));
gauges=((stream_write_block_uploads_pending=0) (stream_write_block_uploads_data_pending=0) (stream_write_block_uploads_active=0));
minimums=((object_multipart_initiated.failures.min=-1) (multipart_upload_part_put.failures.min=-1) (object_multipart_aborted.failures.min=-1) (committer_magic_marker_put.min=-1) (committer_magic_marker_put.failures.min=-1) (object_multipart_initiated.min=-1) (action_executor_acquired.failures.min=-1) (multipart_upload_completed.min=-1) (op_abort.failures.min=-1) (multipart_upload_part_put.min=-1) (action_executor_acquired.min=0) (object_multipart_aborted.min=-1) (object_put_request.min=45) (op_abort.min=-1) (multipart_upload_completed.failures.min=-1) (object_put_request.failures.min=-1));
maximums=((object_multipart_initiated.max=-1) (op_abort.max=-1) (multipart_upload_part_put.failures.max=-1) (multipart_upload_part_put.max=-1) (object_multipart_aborted.failures.max=-1) (committer_magic_marker_put.max=-1) (object_put_request.max=45) (action_executor_acquired.failures.max=-1) (committer_magic_marker_put.failures.max=-1) (multipart_upload_completed.max=-1) (multipart_upload_completed.failures.max=-1) (op_abort.failures.max=-1) (object_multipart_initiated.failures.max=-1) (object_put_request.failures.max=-1) (action_executor_acquired.max=0) (object_multipart_aborted.max=-1));
means=((committer_magic_marker_put.failures.mean=(samples=0, sum=0, mean=0.0000)) (multipart_upload_part_put.mean=(samples=0, sum=0, mean=0.0000)) (op_abort.mean=(samples=0, sum=0, mean=0.0000)) (object_put_request.mean=(samples=1, sum=45, mean=45.0000)) (multipart_upload_part_put.failures.mean=(samples=0, sum=0, mean=0.0000)) (object_multipart_aborted.failures.mean=(samples=0, sum=0, mean=0.0000)) (multipart_upload_completed.failures.mean=(samples=0, sum=0, mean=0.0000)) (action_executor_acquired.failures.mean=(samples=0, sum=0, mean=0.0000)) (object_put_request.failures.mean=(samples=0, sum=0, mean=0.0000)) (object_multipart_initiated.failures.mean=(samples=0, sum=0, mean=0.0000)) (object_multipart_aborted.mean=(samples=0, sum=0, mean=0.0000)) (multipart_upload_completed.mean=(samples=0, sum=0, mean=0.0000)) (object_multipart_initiated.mean=(samples=0, sum=0, mean=0.0000)) (op_abort.failures.mean=(samples=0, sum=0, mean=0.0000)) (action_executor_acquired.mean=(samples=1, sum=0, mean=0.0000)) (committer_magic_marker_put.mean=(samples=0, sum=0, mean=0.0000)));
, blocksActive=0, blockUploadsCompleted=1, blocksAllocated=1, blocksReleased=1, blocksActivelyAllocated=0, transferDuration=46 ms, totalUploadDuration=46 ms, effectiveBandwidth=11130.434782608696 bytes/s}
2025-01-02 17:46:58,675 [JUnit-testComplexDirActions] DEBUG s3a.S3ABlockOutputStream (S3ABlockOutputStream.java:close(481)) - Ignoring close() as stream is already closed
2025-01-02 17:46:58,675 [JUnit-testComplexDirActions] DEBUG s3a.S3AFileSystem (S3AFileSystem.java:innerGetFileStatus(4005)) - Getting path status for s3a://obs-bucket/test/testComplexDirActions/file--0-0003.txt  (test/testComplexDirActions/file--0-0003.txt); needEmptyDirectory=false
2025-01-02 17:46:58,675 [JUnit-testComplexDirActions] DEBUG s3a.S3AFileSystem (S3AFileSystem.java:s3GetFileStatus(4064)) - S3GetFileStatus s3a://obs-bucket/test/testComplexDirActions/file--0-0003.txt
2025-01-02 17:46:58,675 [JUnit-testComplexDirActions] DEBUG s3a.S3AFileSystem (S3AFileSystem.java:lambda$getObjectMetadata$10(3044)) - HEAD test/testComplexDirActions/file--0-0003.txt with change tracker null
2025-01-02 17:46:58,677 [JUnit-testComplexDirActions] DEBUG impl.LoggingAuditor (LoggingAuditor.java:modifyHttpRequest(410)) - [153] 67226e31-30c8-4b12-bd8d-7af12d75e150-00000116 Executing op_get_file_status with {action_http_head_request 'test/testComplexDirActions/file--0-0003.txt' size=0, mutating=false}; https://audit.example.org/hadoop/1/op_get_file_status/67226e31-30c8-4b12-bd8d-7af12d75e150-00000116/?op=op_get_file_status&p1=test/testComplexDirActions/file--0-0003.txt&pr=runner&ps=a84b8fc4-c757-4eb1-9a3e-4c3b8d9615e9&id=67226e31-30c8-4b12-bd8d-7af12d75e150-00000116&t0=153&fs=67226e31-30c8-4b12-bd8d-7af12d75e150&t1=153&ts=1735840018675
2025-01-02 17:46:58,681 [JUnit-testComplexDirActions] DEBUG s3a.S3AFileSystem (S3AFileSystem.java:s3GetFileStatus(4080)) - Found exact file: normal file test/testComplexDirActions/file--0-0003.txt
2025-01-02 17:46:58,682 [JUnit-testComplexDirActions] DEBUG impl.MkdirOperation (MkdirOperation.java:execute(120)) - Making directory: s3a://obs-bucket/test/testComplexDirActions/dir-0-0000
2025-01-02 17:46:58,682 [JUnit-testComplexDirActions] DEBUG s3a.S3AFileSystem (S3AFileSystem.java:innerGetFileStatus(4005)) - Getting path status for s3a://obs-bucket/test/testComplexDirActions/dir-0-0000  (test/testComplexDirActions/dir-0-0000); needEmptyDirectory=false
2025-01-02 17:46:58,682 [JUnit-testComplexDirActions] DEBUG s3a.S3AFileSystem (S3AFileSystem.java:s3GetFileStatus(4064)) - S3GetFileStatus s3a://obs-bucket/test/testComplexDirActions/dir-0-0000
2025-01-02 17:46:58,682 [JUnit-testComplexDirActions] DEBUG s3a.S3AFileSystem (S3AFileSystem.java:listObjects(3107)) - LIST List obs-bucket:/test/testComplexDirActions/dir-0-0000/ delimiter=/ keys=2 requester pays=null
2025-01-02 17:46:58,682 [JUnit-testComplexDirActions] DEBUG s3a.S3AFileSystem (DurationInfo.java:<init>(80)) - Starting: LIST
2025-01-02 17:46:58,683 [JUnit-testComplexDirActions] DEBUG impl.LoggingAuditor (LoggingAuditor.java:modifyHttpRequest(410)) - [153] 67226e31-30c8-4b12-bd8d-7af12d75e150-00000117 Executing op_mkdirs with {object_list_request 'test/testComplexDirActions/dir-0-0000/' size=2, mutating=false}; https://audit.example.org/hadoop/1/op_mkdirs/67226e31-30c8-4b12-bd8d-7af12d75e150-00000117/?op=op_mkdirs&p1=test/testComplexDirActions/dir-0-0000&pr=runner&ps=a84b8fc4-c757-4eb1-9a3e-4c3b8d9615e9&id=67226e31-30c8-4b12-bd8d-7af12d75e150-00000117&t0=153&fs=67226e31-30c8-4b12-bd8d-7af12d75e150&t1=153&ts=1735840018682
2025-01-02 17:46:58,688 [JUnit-testComplexDirActions] DEBUG s3a.S3AFileSystem (DurationInfo.java:close(101)) - LIST: duration 0:00.006s
2025-01-02 17:46:58,688 [JUnit-testComplexDirActions] DEBUG s3a.S3AFileSystem (S3AFileSystem.java:s3GetFileStatus(4155)) - Not Found: s3a://obs-bucket/test/testComplexDirActions/dir-0-0000
2025-01-02 17:46:58,688 [JUnit-testComplexDirActions] DEBUG s3a.S3AFileSystem (S3AFileSystem.java:innerGetFileStatus(4005)) - Getting path status for s3a://obs-bucket/test/testComplexDirActions/dir-0-0000  (test/testComplexDirActions/dir-0-0000); needEmptyDirectory=false
2025-01-02 17:46:58,688 [JUnit-testComplexDirActions] DEBUG s3a.S3AFileSystem (S3AFileSystem.java:s3GetFileStatus(4064)) - S3GetFileStatus s3a://obs-bucket/test/testComplexDirActions/dir-0-0000
2025-01-02 17:46:58,689 [JUnit-testComplexDirActions] DEBUG s3a.S3AFileSystem (S3AFileSystem.java:lambda$getObjectMetadata$10(3044)) - HEAD test/testComplexDirActions/dir-0-0000 with change tracker null
2025-01-02 17:46:58,690 [JUnit-testComplexDirActions] DEBUG impl.LoggingAuditor (LoggingAuditor.java:modifyHttpRequest(410)) - [153] 67226e31-30c8-4b12-bd8d-7af12d75e150-00000117 Executing op_mkdirs with {action_http_head_request 'test/testComplexDirActions/dir-0-0000' size=0, mutating=false}; https://audit.example.org/hadoop/1/op_mkdirs/67226e31-30c8-4b12-bd8d-7af12d75e150-00000117/?op=op_mkdirs&p1=test/testComplexDirActions/dir-0-0000&pr=runner&ps=a84b8fc4-c757-4eb1-9a3e-4c3b8d9615e9&id=67226e31-30c8-4b12-bd8d-7af12d75e150-00000117&t0=153&fs=67226e31-30c8-4b12-bd8d-7af12d75e150&t1=153&ts=1735840018682
2025-01-02 17:46:58,693 [JUnit-testComplexDirActions] DEBUG s3a.Invoker (Invoker.java:retryUntranslated(474)) - GET test/testComplexDirActions/dir-0-0000 ; software.amazon.awssdk.services.s3.model.NoSuchKeyException: null (Service: S3, Status Code: 404, Request ID: 0dde9598-49ee-493e-a204-714253497d68, Extended Request ID: DsHX4uFSXw6s) (Service: S3, Status Code: 404, Request ID: 0dde9598-49ee-493e-a204-714253497d68), 
2025-01-02 17:46:58,694 [JUnit-testComplexDirActions] DEBUG s3a.S3ARetryPolicy (S3ARetryPolicy.java:shouldRetry(318)) - Retry probe for FileNotFoundException with 0 retries and 0 failovers, idempotent=true, due to java.io.FileNotFoundException: GET test/testComplexDirActions/dir-0-0000 on /: software.amazon.awssdk.services.s3.model.NoSuchKeyException: null (Service: S3, Status Code: 404, Request ID: 0dde9598-49ee-493e-a204-714253497d68, Extended Request ID: DsHX4uFSXw6s) (Service: S3, Status Code: 404, Request ID: 0dde9598-49ee-493e-a204-714253497d68):NoSuchKey
java.io.FileNotFoundException: GET test/testComplexDirActions/dir-0-0000 on /: software.amazon.awssdk.services.s3.model.NoSuchKeyException: null (Service: S3, Status Code: 404, Request ID: 0dde9598-49ee-493e-a204-714253497d68, Extended Request ID: DsHX4uFSXw6s) (Service: S3, Status Code: 404, Request ID: 0dde9598-49ee-493e-a204-714253497d68):NoSuchKey
	at org.apache.hadoop.fs.s3a.S3AUtils.translateException(S3AUtils.java:279)
	at org.apache.hadoop.fs.s3a.Invoker.retryUntranslated(Invoker.java:481)
	at org.apache.hadoop.fs.s3a.Invoker.retryUntranslated(Invoker.java:431)
	at org.apache.hadoop.fs.s3a.S3AFileSystem.getObjectMetadata(S3AFileSystem.java:3036)
	at org.apache.hadoop.fs.s3a.S3AFileSystem.getObjectMetadata(S3AFileSystem.java:3016)
	at org.apache.hadoop.fs.s3a.S3AFileSystem.s3GetFileStatus(S3AFileSystem.java:4079)
	at org.apache.hadoop.fs.s3a.S3AFileSystem.innerGetFileStatus(S3AFileSystem.java:4007)
	at org.apache.hadoop.fs.s3a.S3AFileSystem$MkdirOperationCallbacksImpl.probePathStatus(S3AFileSystem.java:3864)
	at org.apache.hadoop.fs.s3a.impl.MkdirOperation.probePathStatusOrNull(MkdirOperation.java:218)
	at org.apache.hadoop.fs.s3a.impl.MkdirOperation.getPathStatusExpectingDir(MkdirOperation.java:242)
	at org.apache.hadoop.fs.s3a.impl.MkdirOperation.execute(MkdirOperation.java:134)
	at org.apache.hadoop.fs.s3a.impl.MkdirOperation.execute(MkdirOperation.java:59)
	at org.apache.hadoop.fs.s3a.impl.ExecutingStoreOperation.apply(ExecutingStoreOperation.java:76)
	at org.apache.hadoop.fs.statistics.impl.IOStatisticsBinding.invokeTrackingDuration(IOStatisticsBinding.java:547)
	at org.apache.hadoop.fs.statistics.impl.IOStatisticsBinding.lambda$trackDurationOfOperation$5(IOStatisticsBinding.java:528)
	at org.apache.hadoop.fs.statistics.impl.IOStatisticsBinding.trackDuration(IOStatisticsBinding.java:449)
	at org.apache.hadoop.fs.s3a.S3AFileSystem.trackDurationAndSpan(S3AFileSystem.java:2865)
	at org.apache.hadoop.fs.s3a.S3AFileSystem.trackDurationAndSpan(S3AFileSystem.java:2884)
	at org.apache.hadoop.fs.s3a.S3AFileSystem.mkdirs(S3AFileSystem.java:3835)
	at org.apache.hadoop.fs.FileSystem.mkdirs(FileSystem.java:2496)
	at org.apache.hadoop.fs.contract.ContractTestUtils.createSubdirs(ContractTestUtils.java:1423)
	at org.apache.hadoop.fs.contract.ContractTestUtils.createSubdirs(ContractTestUtils.java:1436)
	at org.apache.hadoop.fs.contract.ContractTestUtils.createSubdirs(ContractTestUtils.java:1396)
	at org.apache.hadoop.fs.contract.AbstractContractGetFileStatusTest.createTestTree(AbstractContractGetFileStatusTest.java:494)
	at org.apache.hadoop.fs.contract.AbstractContractGetFileStatusTest.testComplexDirActions(AbstractContractGetFileStatusTest.java:151)
	at java.base/jdk.internal.reflect.NativeMethodAccessorImpl.invoke0(Native Method)
	at java.base/jdk.internal.reflect.NativeMethodAccessorImpl.invoke(NativeMethodAccessorImpl.java:62)
	at java.base/jdk.internal.reflect.DelegatingMethodAccessorImpl.invoke(DelegatingMethodAccessorImpl.java:43)
	at java.base/java.lang.reflect.Method.invoke(Method.java:566)
	at org.junit.runners.model.FrameworkMethod$1.runReflectiveCall(FrameworkMethod.java:59)
	at org.junit.internal.runners.model.ReflectiveCallable.run(ReflectiveCallable.java:12)
	at org.junit.runners.model.FrameworkMethod.invokeExplosively(FrameworkMethod.java:56)
	at org.junit.internal.runners.statements.InvokeMethod.evaluate(InvokeMethod.java:17)
	at org.junit.internal.runners.statements.RunBefores.evaluate(RunBefores.java:26)
	at org.junit.internal.runners.statements.RunAfters.evaluate(RunAfters.java:27)
	at org.junit.rules.TestWatcher$1.evaluate(TestWatcher.java:61)
	at org.junit.internal.runners.statements.FailOnTimeout$CallableStatement.call(FailOnTimeout.java:299)
	at org.junit.internal.runners.statements.FailOnTimeout$CallableStatement.call(FailOnTimeout.java:293)
	at java.base/java.util.concurrent.FutureTask.run(FutureTask.java:264)
	at java.base/java.lang.Thread.run(Thread.java:829)
Caused by: software.amazon.awssdk.services.s3.model.NoSuchKeyException: null (Service: S3, Status Code: 404, Request ID: 0dde9598-49ee-493e-a204-714253497d68, Extended Request ID: DsHX4uFSXw6s) (Service: S3, Status Code: 404, Request ID: 0dde9598-49ee-493e-a204-714253497d68)
	at software.amazon.awssdk.services.s3.model.NoSuchKeyException$BuilderImpl.build(NoSuchKeyException.java:126)
	at software.amazon.awssdk.services.s3.model.NoSuchKeyException$BuilderImpl.build(NoSuchKeyException.java:80)
	at software.amazon.awssdk.services.s3.internal.handlers.ExceptionTranslationInterceptor.modifyException(ExceptionTranslationInterceptor.java:63)
	at software.amazon.awssdk.core.interceptor.ExecutionInterceptorChain.modifyException(ExecutionInterceptorChain.java:181)
	at software.amazon.awssdk.core.internal.http.pipeline.stages.utils.ExceptionReportingUtils.runModifyException(ExceptionReportingUtils.java:54)
	at software.amazon.awssdk.core.internal.http.pipeline.stages.utils.ExceptionReportingUtils.reportFailureToInterceptors(ExceptionReportingUtils.java:38)
	at software.amazon.awssdk.core.internal.http.pipeline.stages.ExecutionFailureExceptionReportingStage.execute(ExecutionFailureExceptionReportingStage.java:39)
	at software.amazon.awssdk.core.internal.http.pipeline.stages.ExecutionFailureExceptionReportingStage.execute(ExecutionFailureExceptionReportingStage.java:26)
	at software.amazon.awssdk.core.internal.http.AmazonSyncHttpClient$RequestExecutionBuilderImpl.execute(AmazonSyncHttpClient.java:224)
	at software.amazon.awssdk.core.internal.handler.BaseSyncClientHandler.invoke(BaseSyncClientHandler.java:103)
	at software.amazon.awssdk.core.internal.handler.BaseSyncClientHandler.doExecute(BaseSyncClientHandler.java:173)
	at software.amazon.awssdk.core.internal.handler.BaseSyncClientHandler.lambda$execute$1(BaseSyncClientHandler.java:80)
	at software.amazon.awssdk.core.internal.handler.BaseSyncClientHandler.measureApiCallSuccess(BaseSyncClientHandler.java:182)
	at software.amazon.awssdk.core.internal.handler.BaseSyncClientHandler.execute(BaseSyncClientHandler.java:74)
	at software.amazon.awssdk.core.client.handler.SdkSyncClientHandler.execute(SdkSyncClientHandler.java:45)
	at software.amazon.awssdk.awscore.client.handler.AwsSyncClientHandler.execute(AwsSyncClientHandler.java:53)
	at software.amazon.awssdk.services.s3.DefaultS3Client.headObject(DefaultS3Client.java:6319)
	at software.amazon.awssdk.services.s3.DelegatingS3Client.lambda$headObject$53(DelegatingS3Client.java:5053)
	at software.amazon.awssdk.services.s3.internal.crossregion.S3CrossRegionSyncClient.invokeOperation(S3CrossRegionSyncClient.java:67)
	at software.amazon.awssdk.services.s3.DelegatingS3Client.headObject(DelegatingS3Client.java:5053)
	at org.apache.hadoop.fs.s3a.S3AFileSystem.lambda$getObjectMetadata$10(S3AFileSystem.java:3049)
	at org.apache.hadoop.fs.s3a.Invoker.retryUntranslated(Invoker.java:468)
	... 38 more
2025-01-02 17:46:58,694 [JUnit-testComplexDirActions] DEBUG s3a.S3ARetryPolicy (S3ARetryPolicy.java:shouldRetry(323)) - Retry action is RetryAction(action=FAIL, delayMillis=0, reason=try once and fail.)
2025-01-02 17:46:58,694 [JUnit-testComplexDirActions] DEBUG s3a.S3AFileSystem (S3AFileSystem.java:s3GetFileStatus(4155)) - Not Found: s3a://obs-bucket/test/testComplexDirActions/dir-0-0000
2025-01-02 17:46:58,694 [JUnit-testComplexDirActions] DEBUG s3a.S3AFileSystem (S3AFileSystem.java:innerGetFileStatus(4005)) - Getting path status for s3a://obs-bucket/test/testComplexDirActions  (test/testComplexDirActions); needEmptyDirectory=false
2025-01-02 17:46:58,694 [JUnit-testComplexDirActions] DEBUG s3a.S3AFileSystem (S3AFileSystem.java:s3GetFileStatus(4064)) - S3GetFileStatus s3a://obs-bucket/test/testComplexDirActions
2025-01-02 17:46:58,694 [JUnit-testComplexDirActions] DEBUG s3a.S3AFileSystem (S3AFileSystem.java:listObjects(3107)) - LIST List obs-bucket:/test/testComplexDirActions/ delimiter=/ keys=2 requester pays=null
2025-01-02 17:46:58,694 [JUnit-testComplexDirActions] DEBUG s3a.S3AFileSystem (DurationInfo.java:<init>(80)) - Starting: LIST
2025-01-02 17:46:58,695 [JUnit-testComplexDirActions] DEBUG impl.LoggingAuditor (LoggingAuditor.java:modifyHttpRequest(410)) - [153] 67226e31-30c8-4b12-bd8d-7af12d75e150-00000117 Executing op_mkdirs with {object_list_request 'test/testComplexDirActions/' size=2, mutating=false}; https://audit.example.org/hadoop/1/op_mkdirs/67226e31-30c8-4b12-bd8d-7af12d75e150-00000117/?op=op_mkdirs&p1=test/testComplexDirActions/dir-0-0000&pr=runner&ps=a84b8fc4-c757-4eb1-9a3e-4c3b8d9615e9&id=67226e31-30c8-4b12-bd8d-7af12d75e150-00000117&t0=153&fs=67226e31-30c8-4b12-bd8d-7af12d75e150&t1=153&ts=1735840018682
2025-01-02 17:46:58,703 [JUnit-testComplexDirActions] DEBUG s3a.S3AFileSystem (DurationInfo.java:close(101)) - LIST: duration 0:00.009s
2025-01-02 17:46:58,703 [JUnit-testComplexDirActions] DEBUG s3a.S3AFileSystem (S3AFileSystem.java:s3GetFileStatus(4128)) - Found path as directory (with /)
2025-01-02 17:46:58,703 [JUnit-testComplexDirActions] DEBUG s3a.S3AFileSystem (S3ListResult.java:logAtDebug(146)) - Prefix count = 0; object count=2
2025-01-02 17:46:58,703 [JUnit-testComplexDirActions] DEBUG s3a.S3AFileSystem (S3ListResult.java:logAtDebug(149)) - Summary: test/testComplexDirActions/ 0
2025-01-02 17:46:58,703 [JUnit-testComplexDirActions] DEBUG s3a.S3AFileSystem (S3ListResult.java:logAtDebug(149)) - Summary: test/testComplexDirActions/file--0-0000.txt 512
2025-01-02 17:46:58,704 [JUnit-testComplexDirActions] DEBUG s3a.Invoker (DurationInfo.java:<init>(80)) - Starting: PUT 0-byte object 
2025-01-02 17:46:58,704 [JUnit-testComplexDirActions] DEBUG s3a.S3AFileSystem (S3AFileSystem.java:putObjectDirect(3340)) - PUT 0 bytes to test/testComplexDirActions/dir-0-0000/
2025-01-02 17:46:58,704 [JUnit-testComplexDirActions] DEBUG impl.S3AStoreImpl (S3AStoreImpl.java:incrementPutStartStatistics(397)) - PUT start 0 bytes
2025-01-02 17:46:58,705 [JUnit-testComplexDirActions] DEBUG impl.LoggingAuditor (LoggingAuditor.java:modifyHttpRequest(410)) - [153] 67226e31-30c8-4b12-bd8d-7af12d75e150-00000117 Executing op_mkdirs with {object_put_request 'test/testComplexDirActions/dir-0-0000/' size=0, mutating=true}; https://audit.example.org/hadoop/1/op_mkdirs/67226e31-30c8-4b12-bd8d-7af12d75e150-00000117/?op=op_mkdirs&p1=test/testComplexDirActions/dir-0-0000&pr=runner&ps=a84b8fc4-c757-4eb1-9a3e-4c3b8d9615e9&id=67226e31-30c8-4b12-bd8d-7af12d75e150-00000117&t0=153&fs=67226e31-30c8-4b12-bd8d-7af12d75e150&t1=153&ts=1735840018682
2025-01-02 17:46:58,705 [JUnit-testComplexDirActions] INFO  impl.UploadContentProviders (UploadContentProviders.java:newStream(289)) - Stream recreated: ByteArrayContentProvider{buffer with length=0, offset=0} BaseContentProvider{size=0, initiated at 2025-01-02T17:46:58.703993, streamCreationCount=2, currentStream=null}
2025-01-02 17:46:58,723 [JUnit-testComplexDirActions] DEBUG impl.S3AStoreImpl (S3AStoreImpl.java:incrementPutCompletedStatistics(414)) - PUT completed success=true; 0 bytes
2025-01-02 17:46:58,723 [JUnit-testComplexDirActions] DEBUG s3a.S3AFileSystem (S3AFileSystem.java:finishedWrite(4727)) - Finished write to test/testComplexDirActions/dir-0-0000/, len 0.
2025-01-02 17:46:58,723 [JUnit-testComplexDirActions] DEBUG s3a.Invoker (DurationInfo.java:close(101)) - PUT 0-byte object : duration 0:00.019s
2025-01-02 17:46:58,724 [JUnit-testComplexDirActions] DEBUG S3AFileSystem.Progress (S3AStoreImpl.java:incrementPutProgressStatistics(432)) - PUT test/testComplexDirActions/dir-0-0000: 0 bytes
2025-01-02 17:46:58,724 [JUnit-testComplexDirActions] DEBUG s3a.S3AFileSystem (S3AFileSystem.java:innerGetFileStatus(4005)) - Getting path status for s3a://obs-bucket/test/testComplexDirActions/dir-0-0000/file--0-0000-0000.txt  (test/testComplexDirActions/dir-0-0000/file--0-0000-0000.txt); needEmptyDirectory=false
2025-01-02 17:46:58,724 [JUnit-testComplexDirActions] DEBUG s3a.S3AFileSystem (S3AFileSystem.java:s3GetFileStatus(4064)) - S3GetFileStatus s3a://obs-bucket/test/testComplexDirActions/dir-0-0000/file--0-0000-0000.txt
2025-01-02 17:46:58,724 [JUnit-testComplexDirActions] DEBUG s3a.S3AFileSystem (S3AFileSystem.java:listObjects(3107)) - LIST List obs-bucket:/test/testComplexDirActions/dir-0-0000/file--0-0000-0000.txt/ delimiter=/ keys=2 requester pays=null
2025-01-02 17:46:58,724 [JUnit-testComplexDirActions] DEBUG s3a.S3AFileSystem (DurationInfo.java:<init>(80)) - Starting: LIST
2025-01-02 17:46:58,725 [JUnit-testComplexDirActions] DEBUG impl.LoggingAuditor (LoggingAuditor.java:modifyHttpRequest(410)) - [153] 67226e31-30c8-4b12-bd8d-7af12d75e150-00000118 Executing op_create with {object_list_request 'test/testComplexDirActions/dir-0-0000/file--0-0000-0000.txt/' size=2, mutating=false}; https://audit.example.org/hadoop/1/op_create/67226e31-30c8-4b12-bd8d-7af12d75e150-00000118/?op=op_create&p1=test/testComplexDirActions/dir-0-0000/file--0-0000-0000.txt&pr=runner&ps=a84b8fc4-c757-4eb1-9a3e-4c3b8d9615e9&id=67226e31-30c8-4b12-bd8d-7af12d75e150-00000118&t0=153&fs=67226e31-30c8-4b12-bd8d-7af12d75e150&t1=153&ts=1735840018724
2025-01-02 17:46:58,730 [JUnit-testComplexDirActions] DEBUG s3a.S3AFileSystem (DurationInfo.java:close(101)) - LIST: duration 0:00.006s
2025-01-02 17:46:58,730 [JUnit-testComplexDirActions] DEBUG s3a.S3AFileSystem (S3AFileSystem.java:s3GetFileStatus(4155)) - Not Found: s3a://obs-bucket/test/testComplexDirActions/dir-0-0000/file--0-0000-0000.txt
2025-01-02 17:46:58,731 [JUnit-testComplexDirActions] DEBUG s3a.S3ARetryPolicy (S3ARetryPolicy.java:<init>(150)) - Retrying on recoverable AWS failures 3 times with an initial interval of 500ms
2025-01-02 17:46:58,731 [JUnit-testComplexDirActions] DEBUG s3a.S3ABlockOutputStream (S3ABlockOutputStream.java:<init>(276)) - Initialized S3ABlockOutputStream for test/testComplexDirActions/dir-0-0000/file--0-0000-0000.txt output to FileBlock{index=1, destFile=/home/runner/work/ozone/ozone/target/hadoop-src/target/tmp/s3a/s3ablock-0001-47892838063054443.tmp, state=Writing, dataSize=0, limit=67108864}
2025-01-02 17:46:58,732 [JUnit-testComplexDirActions] DEBUG s3a.S3ABlockOutputStream (S3ABlockOutputStream.java:close(487)) - S3ABlockOutputStream{WriteOperationHelper {bucket=obs-bucket}, blockSize=67108864, isMultipartUploadEnabled=true, activeBlock=FileBlock{index=1, destFile=/home/runner/work/ozone/ozone/target/hadoop-src/target/tmp/s3a/s3ablock-0001-47892838063054443.tmp, state=Writing, dataSize=512, limit=67108864} Statistics=counters=((object_multipart_aborted.failures=0) (multipart_upload_completed.failures=0) (multipart_upload_part_put=0) (object_multipart_initiated.failures=0) (object_multipart_initiated=0) (op_hsync=0) (stream_write_bytes=512) (committer_magic_marker_put=0) (stream_write_block_uploads=0) (op_abort.failures=0) (op_hflush=0) (stream_write_exceptions_completing_upload=0) (op_abort=0) (multipart_upload_part_put.failures=0) (stream_write_total_data=0) (stream_write_exceptions=0) (stream_write_total_time=0) (committer_magic_marker_put.failures=0) (action_executor_acquired.failures=0) (stream_write_queue_duration=0) (object_put_request=0) (action_executor_acquired=0) (multipart_upload_completed=0) (object_multipart_aborted=0) (object_put_request.failures=0));
gauges=((stream_write_block_uploads_pending=0) (stream_write_block_uploads_data_pending=0) (stream_write_block_uploads_active=0));
minimums=((object_multipart_aborted.failures.min=-1) (multipart_upload_part_put.min=-1) (multipart_upload_completed.failures.min=-1) (action_executor_acquired.failures.min=-1) (op_abort.min=-1) (multipart_upload_part_put.failures.min=-1) (op_abort.failures.min=-1) (multipart_upload_completed.min=-1) (object_put_request.failures.min=-1) (object_multipart_aborted.min=-1) (committer_magic_marker_put.min=-1) (object_multipart_initiated.failures.min=-1) (object_multipart_initiated.min=-1) (action_executor_acquired.min=-1) (object_put_request.min=-1) (committer_magic_marker_put.failures.min=-1));
maximums=((committer_magic_marker_put.failures.max=-1) (op_abort.failures.max=-1) (object_multipart_initiated.max=-1) (action_executor_acquired.max=-1) (action_executor_acquired.failures.max=-1) (multipart_upload_completed.failures.max=-1) (committer_magic_marker_put.max=-1) (op_abort.max=-1) (object_multipart_initiated.failures.max=-1) (multipart_upload_part_put.failures.max=-1) (object_put_request.max=-1) (object_multipart_aborted.failures.max=-1) (object_put_request.failures.max=-1) (multipart_upload_completed.max=-1) (object_multipart_aborted.max=-1) (multipart_upload_part_put.max=-1));
means=((object_put_request.failures.mean=(samples=0, sum=0, mean=0.0000)) (committer_magic_marker_put.mean=(samples=0, sum=0, mean=0.0000)) (multipart_upload_completed.failures.mean=(samples=0, sum=0, mean=0.0000)) (multipart_upload_completed.mean=(samples=0, sum=0, mean=0.0000)) (action_executor_acquired.mean=(samples=0, sum=0, mean=0.0000)) (multipart_upload_part_put.failures.mean=(samples=0, sum=0, mean=0.0000)) (object_multipart_initiated.mean=(samples=0, sum=0, mean=0.0000)) (object_multipart_initiated.failures.mean=(samples=0, sum=0, mean=0.0000)) (committer_magic_marker_put.failures.mean=(samples=0, sum=0, mean=0.0000)) (op_abort.failures.mean=(samples=0, sum=0, mean=0.0000)) (action_executor_acquired.failures.mean=(samples=0, sum=0, mean=0.0000)) (op_abort.mean=(samples=0, sum=0, mean=0.0000)) (object_multipart_aborted.failures.mean=(samples=0, sum=0, mean=0.0000)) (object_multipart_aborted.mean=(samples=0, sum=0, mean=0.0000)) (multipart_upload_part_put.mean=(samples=0, sum=0, mean=0.0000)) (object_put_request.mean=(samples=0, sum=0, mean=0.0000)));
}: Closing block #1: current block= FileBlock{index=1, destFile=/home/runner/work/ozone/ozone/target/hadoop-src/target/tmp/s3a/s3ablock-0001-47892838063054443.tmp, state=Writing, dataSize=512, limit=67108864}
2025-01-02 17:46:58,732 [JUnit-testComplexDirActions] DEBUG s3a.S3ABlockOutputStream (S3ABlockOutputStream.java:putObject(688)) - Executing regular upload for WriteOperationHelper {bucket=obs-bucket}
2025-01-02 17:46:58,732 [JUnit-testComplexDirActions] DEBUG s3a.S3ADataBlocks (S3ADataBlocks.java:startUpload(362)) - Start datablock[1] upload
2025-01-02 17:46:58,732 [JUnit-testComplexDirActions] DEBUG s3a.S3ADataBlocks (S3ADataBlocks.java:enterState(261)) - FileBlock{index=1, destFile=/home/runner/work/ozone/ozone/target/hadoop-src/target/tmp/s3a/s3ablock-0001-47892838063054443.tmp, state=Writing, dataSize=512, limit=67108864}: entering state Upload
2025-01-02 17:46:58,732 [JUnit-testComplexDirActions] DEBUG s3a.S3ABlockOutputStream (S3ABlockOutputStream.java:clearActiveBlock(320)) - Clearing active block
2025-01-02 17:46:58,732 [JUnit-testComplexDirActions] DEBUG s3a.Invoker (DurationInfo.java:<init>(80)) - Starting: Writing Object
2025-01-02 17:46:58,732 [JUnit-testComplexDirActions] DEBUG s3a.S3AFileSystem (S3AFileSystem.java:putObjectDirect(3340)) - PUT 512 bytes to test/testComplexDirActions/dir-0-0000/file--0-0000-0000.txt
2025-01-02 17:46:58,733 [JUnit-testComplexDirActions] DEBUG impl.S3AStoreImpl (S3AStoreImpl.java:incrementPutStartStatistics(397)) - PUT start 512 bytes
2025-01-02 17:46:58,734 [JUnit-testComplexDirActions] DEBUG impl.LoggingAuditor (LoggingAuditor.java:modifyHttpRequest(410)) - [153] 67226e31-30c8-4b12-bd8d-7af12d75e150-00000118 Executing op_create with {object_put_request 'test/testComplexDirActions/dir-0-0000/file--0-0000-0000.txt' size=0, mutating=true}; https://audit.example.org/hadoop/1/op_create/67226e31-30c8-4b12-bd8d-7af12d75e150-00000118/?op=op_create&p1=test/testComplexDirActions/dir-0-0000/file--0-0000-0000.txt&pr=runner&ps=a84b8fc4-c757-4eb1-9a3e-4c3b8d9615e9&id=67226e31-30c8-4b12-bd8d-7af12d75e150-00000118&t0=153&fs=67226e31-30c8-4b12-bd8d-7af12d75e150&t1=153&ts=1735840018724
2025-01-02 17:46:58,735 [JUnit-testComplexDirActions] INFO  impl.UploadContentProviders (UploadContentProviders.java:newStream(289)) - Stream recreated: FileWithOffsetContentProvider{file=/home/runner/work/ozone/ozone/target/hadoop-src/target/tmp/s3a/s3ablock-0001-47892838063054443.tmp, offset=0} BaseContentProvider{size=512, initiated at 2025-01-02T17:46:58.732618, streamCreationCount=2, currentStream=null}
2025-01-02 17:46:58,774 [JUnit-testComplexDirActions] DEBUG impl.S3AStoreImpl (S3AStoreImpl.java:incrementPutCompletedStatistics(414)) - PUT completed success=true; 512 bytes
2025-01-02 17:46:58,774 [JUnit-testComplexDirActions] DEBUG s3a.S3AFileSystem (S3AFileSystem.java:finishedWrite(4727)) - Finished write to test/testComplexDirActions/dir-0-0000/file--0-0000-0000.txt, len 512.
2025-01-02 17:46:58,775 [JUnit-testComplexDirActions] DEBUG s3a.Invoker (DurationInfo.java:close(101)) - Writing Object: duration 0:00.043s
2025-01-02 17:46:58,775 [JUnit-testComplexDirActions] DEBUG s3a.S3ADataBlocks (S3ADataBlocks.java:enterState(261)) - FileBlock{index=1, destFile=/home/runner/work/ozone/ozone/target/hadoop-src/target/tmp/s3a/s3ablock-0001-47892838063054443.tmp, state=Upload, dataSize=512, limit=67108864}: entering state Closed
2025-01-02 17:46:58,775 [JUnit-testComplexDirActions] DEBUG s3a.S3ADataBlocks (S3ADataBlocks.java:close(384)) - Closed FileBlock{index=1, destFile=/home/runner/work/ozone/ozone/target/hadoop-src/target/tmp/s3a/s3ablock-0001-47892838063054443.tmp, state=Closed, dataSize=512, limit=67108864}
2025-01-02 17:46:58,775 [JUnit-testComplexDirActions] DEBUG s3a.S3ADataBlocks (S3ADataBlocks.java:innerClose(836)) - Closing FileBlock{index=1, destFile=/home/runner/work/ozone/ozone/target/hadoop-src/target/tmp/s3a/s3ablock-0001-47892838063054443.tmp, state=Closed, dataSize=512, limit=67108864}
2025-01-02 17:46:58,775 [JUnit-testComplexDirActions] DEBUG s3a.S3ADataBlocks (S3ADataBlocks.java:closeBlock(890)) - block[1]: closeBlock()
2025-01-02 17:46:58,775 [JUnit-testComplexDirActions] DEBUG s3a.S3ABlockOutputStream (S3ABlockOutputStream.java:close(534)) - Upload complete to test/testComplexDirActions/dir-0-0000/file--0-0000-0000.txt by WriteOperationHelper {bucket=obs-bucket}
2025-01-02 17:46:58,776 [JUnit-testComplexDirActions] DEBUG s3a.S3ABlockOutputStream (S3ABlockOutputStream.java:cleanupOnClose(566)) - Statistics: OutputStreamStatistics{counters=((object_multipart_initiated.failures=0) (multipart_upload_part_put.failures=0) (multipart_upload_completed.failures=0) (object_put_request.failures=0) (action_executor_acquired=0) (op_abort.failures=0) (multipart_upload_part_put=0) (object_put_request=1) (object_multipart_aborted.failures=0) (op_hflush=0) (stream_write_queue_duration=0) (object_multipart_aborted=0) (stream_write_total_data=512) (committer_magic_marker_put.failures=0) (multipart_upload_completed=0) (op_hsync=0) (op_abort=0) (stream_write_exceptions=0) (stream_write_total_time=0) (action_executor_acquired.failures=0) (object_multipart_initiated=0) (stream_write_exceptions_completing_upload=0) (stream_write_block_uploads=1) (committer_magic_marker_put=0) (stream_write_bytes=512));
gauges=((stream_write_block_uploads_active=0) (stream_write_block_uploads_pending=0) (stream_write_block_uploads_data_pending=0));
minimums=((multipart_upload_completed.failures.min=-1) (op_abort.min=-1) (multipart_upload_part_put.failures.min=-1) (op_abort.failures.min=-1) (multipart_upload_completed.min=-1) (committer_magic_marker_put.failures.min=-1) (committer_magic_marker_put.min=-1) (object_put_request.min=41) (object_multipart_initiated.min=-1) (action_executor_acquired.min=0) (action_executor_acquired.failures.min=-1) (object_multipart_aborted.failures.min=-1) (object_put_request.failures.min=-1) (multipart_upload_part_put.min=-1) (object_multipart_initiated.failures.min=-1) (object_multipart_aborted.min=-1));
maximums=((object_multipart_initiated.max=-1) (multipart_upload_completed.max=-1) (object_put_request.failures.max=-1) (object_multipart_aborted.failures.max=-1) (committer_magic_marker_put.failures.max=-1) (object_multipart_initiated.failures.max=-1) (action_executor_acquired.max=0) (committer_magic_marker_put.max=-1) (multipart_upload_completed.failures.max=-1) (op_abort.max=-1) (object_put_request.max=41) (op_abort.failures.max=-1) (multipart_upload_part_put.max=-1) (object_multipart_aborted.max=-1) (action_executor_acquired.failures.max=-1) (multipart_upload_part_put.failures.max=-1));
means=((multipart_upload_completed.mean=(samples=0, sum=0, mean=0.0000)) (object_put_request.failures.mean=(samples=0, sum=0, mean=0.0000)) (committer_magic_marker_put.mean=(samples=0, sum=0, mean=0.0000)) (op_abort.failures.mean=(samples=0, sum=0, mean=0.0000)) (object_multipart_initiated.failures.mean=(samples=0, sum=0, mean=0.0000)) (object_multipart_initiated.mean=(samples=0, sum=0, mean=0.0000)) (multipart_upload_completed.failures.mean=(samples=0, sum=0, mean=0.0000)) (object_multipart_aborted.mean=(samples=0, sum=0, mean=0.0000)) (multipart_upload_part_put.failures.mean=(samples=0, sum=0, mean=0.0000)) (action_executor_acquired.mean=(samples=1, sum=0, mean=0.0000)) (object_put_request.mean=(samples=1, sum=41, mean=41.0000)) (action_executor_acquired.failures.mean=(samples=0, sum=0, mean=0.0000)) (op_abort.mean=(samples=0, sum=0, mean=0.0000)) (object_multipart_aborted.failures.mean=(samples=0, sum=0, mean=0.0000)) (multipart_upload_part_put.mean=(samples=0, sum=0, mean=0.0000)) (committer_magic_marker_put.failures.mean=(samples=0, sum=0, mean=0.0000)));
, blocksActive=0, blockUploadsCompleted=1, blocksAllocated=1, blocksReleased=1, blocksActivelyAllocated=0, transferDuration=42 ms, totalUploadDuration=42 ms, effectiveBandwidth=12190.476190476189 bytes/s}
2025-01-02 17:46:58,777 [JUnit-testComplexDirActions] DEBUG s3a.S3ABlockOutputStream (S3ABlockOutputStream.java:close(481)) - Ignoring close() as stream is already closed
2025-01-02 17:46:58,777 [JUnit-testComplexDirActions] DEBUG s3a.S3AFileSystem (S3AFileSystem.java:innerGetFileStatus(4005)) - Getting path status for s3a://obs-bucket/test/testComplexDirActions/dir-0-0000/file--0-0000-0000.txt  (test/testComplexDirActions/dir-0-0000/file--0-0000-0000.txt); needEmptyDirectory=false
2025-01-02 17:46:58,778 [JUnit-testComplexDirActions] DEBUG s3a.S3AFileSystem (S3AFileSystem.java:s3GetFileStatus(4064)) - S3GetFileStatus s3a://obs-bucket/test/testComplexDirActions/dir-0-0000/file--0-0000-0000.txt
2025-01-02 17:46:58,778 [JUnit-testComplexDirActions] DEBUG s3a.S3AFileSystem (S3AFileSystem.java:lambda$getObjectMetadata$10(3044)) - HEAD test/testComplexDirActions/dir-0-0000/file--0-0000-0000.txt with change tracker null
2025-01-02 17:46:58,779 [JUnit-testComplexDirActions] DEBUG impl.LoggingAuditor (LoggingAuditor.java:modifyHttpRequest(410)) - [153] 67226e31-30c8-4b12-bd8d-7af12d75e150-00000119 Executing op_get_file_status with {action_http_head_request 'test/testComplexDirActions/dir-0-0000/file--0-0000-0000.txt' size=0, mutating=false}; https://audit.example.org/hadoop/1/op_get_file_status/67226e31-30c8-4b12-bd8d-7af12d75e150-00000119/?op=op_get_file_status&p1=test/testComplexDirActions/dir-0-0000/file--0-0000-0000.txt&pr=runner&ps=a84b8fc4-c757-4eb1-9a3e-4c3b8d9615e9&id=67226e31-30c8-4b12-bd8d-7af12d75e150-00000119&t0=153&fs=67226e31-30c8-4b12-bd8d-7af12d75e150&t1=153&ts=1735840018777
2025-01-02 17:46:58,785 [JUnit-testComplexDirActions] DEBUG s3a.S3AFileSystem (S3AFileSystem.java:s3GetFileStatus(4080)) - Found exact file: normal file test/testComplexDirActions/dir-0-0000/file--0-0000-0000.txt
2025-01-02 17:46:58,786 [JUnit-testComplexDirActions] DEBUG s3a.S3AFileSystem (S3AFileSystem.java:innerGetFileStatus(4005)) - Getting path status for s3a://obs-bucket/test/testComplexDirActions/dir-0-0000/file--0-0000-0001.txt  (test/testComplexDirActions/dir-0-0000/file--0-0000-0001.txt); needEmptyDirectory=false
2025-01-02 17:46:58,786 [JUnit-testComplexDirActions] DEBUG s3a.S3AFileSystem (S3AFileSystem.java:s3GetFileStatus(4064)) - S3GetFileStatus s3a://obs-bucket/test/testComplexDirActions/dir-0-0000/file--0-0000-0001.txt
2025-01-02 17:46:58,786 [JUnit-testComplexDirActions] DEBUG s3a.S3AFileSystem (S3AFileSystem.java:listObjects(3107)) - LIST List obs-bucket:/test/testComplexDirActions/dir-0-0000/file--0-0000-0001.txt/ delimiter=/ keys=2 requester pays=null
2025-01-02 17:46:58,786 [JUnit-testComplexDirActions] DEBUG s3a.S3AFileSystem (DurationInfo.java:<init>(80)) - Starting: LIST
2025-01-02 17:46:58,788 [JUnit-testComplexDirActions] DEBUG impl.LoggingAuditor (LoggingAuditor.java:modifyHttpRequest(410)) - [153] 67226e31-30c8-4b12-bd8d-7af12d75e150-00000120 Executing op_create with {object_list_request 'test/testComplexDirActions/dir-0-0000/file--0-0000-0001.txt/' size=2, mutating=false}; https://audit.example.org/hadoop/1/op_create/67226e31-30c8-4b12-bd8d-7af12d75e150-00000120/?op=op_create&p1=test/testComplexDirActions/dir-0-0000/file--0-0000-0001.txt&pr=runner&ps=a84b8fc4-c757-4eb1-9a3e-4c3b8d9615e9&id=67226e31-30c8-4b12-bd8d-7af12d75e150-00000120&t0=153&fs=67226e31-30c8-4b12-bd8d-7af12d75e150&t1=153&ts=1735840018786
2025-01-02 17:46:58,799 [JUnit-testComplexDirActions] DEBUG s3a.S3AFileSystem (DurationInfo.java:close(101)) - LIST: duration 0:00.013s
2025-01-02 17:46:58,799 [JUnit-testComplexDirActions] DEBUG s3a.S3AFileSystem (S3AFileSystem.java:s3GetFileStatus(4155)) - Not Found: s3a://obs-bucket/test/testComplexDirActions/dir-0-0000/file--0-0000-0001.txt
2025-01-02 17:46:58,799 [JUnit-testComplexDirActions] DEBUG s3a.S3ARetryPolicy (S3ARetryPolicy.java:<init>(150)) - Retrying on recoverable AWS failures 3 times with an initial interval of 500ms
2025-01-02 17:46:58,800 [JUnit-testComplexDirActions] DEBUG s3a.S3ABlockOutputStream (S3ABlockOutputStream.java:<init>(276)) - Initialized S3ABlockOutputStream for test/testComplexDirActions/dir-0-0000/file--0-0000-0001.txt output to FileBlock{index=1, destFile=/home/runner/work/ozone/ozone/target/hadoop-src/target/tmp/s3a/s3ablock-0001-6855016672863710203.tmp, state=Writing, dataSize=0, limit=67108864}
2025-01-02 17:46:58,800 [JUnit-testComplexDirActions] DEBUG s3a.S3ABlockOutputStream (S3ABlockOutputStream.java:close(487)) - S3ABlockOutputStream{WriteOperationHelper {bucket=obs-bucket}, blockSize=67108864, isMultipartUploadEnabled=true, activeBlock=FileBlock{index=1, destFile=/home/runner/work/ozone/ozone/target/hadoop-src/target/tmp/s3a/s3ablock-0001-6855016672863710203.tmp, state=Writing, dataSize=512, limit=67108864} Statistics=counters=((multipart_upload_part_put.failures=0) (stream_write_exceptions=0) (action_executor_acquired=0) (object_put_request.failures=0) (stream_write_total_time=0) (committer_magic_marker_put.failures=0) (multipart_upload_completed.failures=0) (object_multipart_aborted.failures=0) (object_put_request=0) (stream_write_block_uploads=0) (multipart_upload_completed=0) (stream_write_total_data=0) (stream_write_bytes=512) (op_abort.failures=0) (committer_magic_marker_put=0) (op_hflush=0) (object_multipart_aborted=0) (stream_write_exceptions_completing_upload=0) (stream_write_queue_duration=0) (op_hsync=0) (object_multipart_initiated=0) (object_multipart_initiated.failures=0) (action_executor_acquired.failures=0) (multipart_upload_part_put=0) (op_abort=0));
gauges=((stream_write_block_uploads_data_pending=0) (stream_write_block_uploads_pending=0) (stream_write_block_uploads_active=0));
minimums=((multipart_upload_completed.failures.min=-1) (object_multipart_initiated.min=-1) (action_executor_acquired.min=-1) (object_multipart_aborted.min=-1) (multipart_upload_part_put.min=-1) (committer_magic_marker_put.failures.min=-1) (op_abort.failures.min=-1) (committer_magic_marker_put.min=-1) (object_put_request.failures.min=-1) (action_executor_acquired.failures.min=-1) (multipart_upload_completed.min=-1) (multipart_upload_part_put.failures.min=-1) (object_put_request.min=-1) (op_abort.min=-1) (object_multipart_aborted.failures.min=-1) (object_multipart_initiated.failures.min=-1));
maximums=((multipart_upload_part_put.failures.max=-1) (object_put_request.max=-1) (committer_magic_marker_put.failures.max=-1) (object_multipart_aborted.failures.max=-1) (multipart_upload_completed.max=-1) (object_multipart_aborted.max=-1) (op_abort.max=-1) (object_multipart_initiated.max=-1) (action_executor_acquired.failures.max=-1) (multipart_upload_completed.failures.max=-1) (object_put_request.failures.max=-1) (op_abort.failures.max=-1) (committer_magic_marker_put.max=-1) (object_multipart_initiated.failures.max=-1) (action_executor_acquired.max=-1) (multipart_upload_part_put.max=-1));
means=((object_multipart_initiated.mean=(samples=0, sum=0, mean=0.0000)) (object_put_request.failures.mean=(samples=0, sum=0, mean=0.0000)) (multipart_upload_part_put.mean=(samples=0, sum=0, mean=0.0000)) (op_abort.mean=(samples=0, sum=0, mean=0.0000)) (multipart_upload_completed.mean=(samples=0, sum=0, mean=0.0000)) (multipart_upload_completed.failures.mean=(samples=0, sum=0, mean=0.0000)) (object_multipart_initiated.failures.mean=(samples=0, sum=0, mean=0.0000)) (committer_magic_marker_put.failures.mean=(samples=0, sum=0, mean=0.0000)) (object_multipart_aborted.failures.mean=(samples=0, sum=0, mean=0.0000)) (action_executor_acquired.failures.mean=(samples=0, sum=0, mean=0.0000)) (op_abort.failures.mean=(samples=0, sum=0, mean=0.0000)) (object_put_request.mean=(samples=0, sum=0, mean=0.0000)) (multipart_upload_part_put.failures.mean=(samples=0, sum=0, mean=0.0000)) (committer_magic_marker_put.mean=(samples=0, sum=0, mean=0.0000)) (action_executor_acquired.mean=(samples=0, sum=0, mean=0.0000)) (object_multipart_aborted.mean=(samples=0, sum=0, mean=0.0000)));
}: Closing block #1: current block= FileBlock{index=1, destFile=/home/runner/work/ozone/ozone/target/hadoop-src/target/tmp/s3a/s3ablock-0001-6855016672863710203.tmp, state=Writing, dataSize=512, limit=67108864}
2025-01-02 17:46:58,800 [JUnit-testComplexDirActions] DEBUG s3a.S3ABlockOutputStream (S3ABlockOutputStream.java:putObject(688)) - Executing regular upload for WriteOperationHelper {bucket=obs-bucket}
2025-01-02 17:46:58,800 [JUnit-testComplexDirActions] DEBUG s3a.S3ADataBlocks (S3ADataBlocks.java:startUpload(362)) - Start datablock[1] upload
2025-01-02 17:46:58,800 [JUnit-testComplexDirActions] DEBUG s3a.S3ADataBlocks (S3ADataBlocks.java:enterState(261)) - FileBlock{index=1, destFile=/home/runner/work/ozone/ozone/target/hadoop-src/target/tmp/s3a/s3ablock-0001-6855016672863710203.tmp, state=Writing, dataSize=512, limit=67108864}: entering state Upload
2025-01-02 17:46:58,801 [JUnit-testComplexDirActions] DEBUG s3a.S3ABlockOutputStream (S3ABlockOutputStream.java:clearActiveBlock(320)) - Clearing active block
2025-01-02 17:46:58,801 [JUnit-testComplexDirActions] DEBUG s3a.Invoker (DurationInfo.java:<init>(80)) - Starting: Writing Object
2025-01-02 17:46:58,801 [JUnit-testComplexDirActions] DEBUG s3a.S3AFileSystem (S3AFileSystem.java:putObjectDirect(3340)) - PUT 512 bytes to test/testComplexDirActions/dir-0-0000/file--0-0000-0001.txt
2025-01-02 17:46:58,801 [JUnit-testComplexDirActions] DEBUG impl.S3AStoreImpl (S3AStoreImpl.java:incrementPutStartStatistics(397)) - PUT start 512 bytes
2025-01-02 17:46:58,802 [JUnit-testComplexDirActions] DEBUG impl.LoggingAuditor (LoggingAuditor.java:modifyHttpRequest(410)) - [153] 67226e31-30c8-4b12-bd8d-7af12d75e150-00000120 Executing op_create with {object_put_request 'test/testComplexDirActions/dir-0-0000/file--0-0000-0001.txt' size=0, mutating=true}; https://audit.example.org/hadoop/1/op_create/67226e31-30c8-4b12-bd8d-7af12d75e150-00000120/?op=op_create&p1=test/testComplexDirActions/dir-0-0000/file--0-0000-0001.txt&pr=runner&ps=a84b8fc4-c757-4eb1-9a3e-4c3b8d9615e9&id=67226e31-30c8-4b12-bd8d-7af12d75e150-00000120&t0=153&fs=67226e31-30c8-4b12-bd8d-7af12d75e150&t1=153&ts=1735840018786
2025-01-02 17:46:58,803 [JUnit-testComplexDirActions] INFO  impl.UploadContentProviders (UploadContentProviders.java:newStream(289)) - Stream recreated: FileWithOffsetContentProvider{file=/home/runner/work/ozone/ozone/target/hadoop-src/target/tmp/s3a/s3ablock-0001-6855016672863710203.tmp, offset=0} BaseContentProvider{size=512, initiated at 2025-01-02T17:46:58.801108, streamCreationCount=2, currentStream=null}
2025-01-02 17:46:58,848 [JUnit-testComplexDirActions] DEBUG impl.S3AStoreImpl (S3AStoreImpl.java:incrementPutCompletedStatistics(414)) - PUT completed success=true; 512 bytes
2025-01-02 17:46:58,848 [JUnit-testComplexDirActions] DEBUG s3a.S3AFileSystem (S3AFileSystem.java:finishedWrite(4727)) - Finished write to test/testComplexDirActions/dir-0-0000/file--0-0000-0001.txt, len 512.
2025-01-02 17:46:58,848 [JUnit-testComplexDirActions] DEBUG s3a.Invoker (DurationInfo.java:close(101)) - Writing Object: duration 0:00.047s
2025-01-02 17:46:58,848 [JUnit-testComplexDirActions] DEBUG s3a.S3ADataBlocks (S3ADataBlocks.java:enterState(261)) - FileBlock{index=1, destFile=/home/runner/work/ozone/ozone/target/hadoop-src/target/tmp/s3a/s3ablock-0001-6855016672863710203.tmp, state=Upload, dataSize=512, limit=67108864}: entering state Closed
2025-01-02 17:46:58,848 [JUnit-testComplexDirActions] DEBUG s3a.S3ADataBlocks (S3ADataBlocks.java:close(384)) - Closed FileBlock{index=1, destFile=/home/runner/work/ozone/ozone/target/hadoop-src/target/tmp/s3a/s3ablock-0001-6855016672863710203.tmp, state=Closed, dataSize=512, limit=67108864}
2025-01-02 17:46:58,848 [JUnit-testComplexDirActions] DEBUG s3a.S3ADataBlocks (S3ADataBlocks.java:innerClose(836)) - Closing FileBlock{index=1, destFile=/home/runner/work/ozone/ozone/target/hadoop-src/target/tmp/s3a/s3ablock-0001-6855016672863710203.tmp, state=Closed, dataSize=512, limit=67108864}
2025-01-02 17:46:58,848 [JUnit-testComplexDirActions] DEBUG s3a.S3ADataBlocks (S3ADataBlocks.java:closeBlock(890)) - block[1]: closeBlock()
2025-01-02 17:46:58,848 [JUnit-testComplexDirActions] DEBUG s3a.S3ABlockOutputStream (S3ABlockOutputStream.java:close(534)) - Upload complete to test/testComplexDirActions/dir-0-0000/file--0-0000-0001.txt by WriteOperationHelper {bucket=obs-bucket}
2025-01-02 17:46:58,849 [JUnit-testComplexDirActions] DEBUG s3a.S3ABlockOutputStream (S3ABlockOutputStream.java:cleanupOnClose(566)) - Statistics: OutputStreamStatistics{counters=((committer_magic_marker_put=0) (op_abort.failures=0) (committer_magic_marker_put.failures=0) (op_hsync=0) (stream_write_block_uploads=1) (object_multipart_aborted.failures=0) (object_put_request=1) (object_multipart_initiated.failures=0) (stream_write_total_time=0) (stream_write_total_data=512) (stream_write_bytes=512) (stream_write_exceptions=0) (multipart_upload_completed.failures=0) (op_hflush=0) (stream_write_exceptions_completing_upload=0) (object_put_request.failures=0) (multipart_upload_part_put.failures=0) (action_executor_acquired=0) (action_executor_acquired.failures=0) (op_abort=0) (multipart_upload_part_put=0) (object_multipart_initiated=0) (stream_write_queue_duration=0) (object_multipart_aborted=0) (multipart_upload_completed=0));
gauges=((stream_write_block_uploads_active=0) (stream_write_block_uploads_data_pending=0) (stream_write_block_uploads_pending=0));
minimums=((object_put_request.failures.min=-1) (committer_magic_marker_put.failures.min=-1) (op_abort.min=-1) (object_multipart_initiated.failures.min=-1) (object_multipart_initiated.min=-1) (action_executor_acquired.min=0) (committer_magic_marker_put.min=-1) (action_executor_acquired.failures.min=-1) (object_put_request.min=47) (op_abort.failures.min=-1) (multipart_upload_part_put.min=-1) (multipart_upload_completed.min=-1) (multipart_upload_completed.failures.min=-1) (multipart_upload_part_put.failures.min=-1) (object_multipart_aborted.min=-1) (object_multipart_aborted.failures.min=-1));
maximums=((object_multipart_initiated.max=-1) (object_put_request.max=47) (committer_magic_marker_put.failures.max=-1) (op_abort.failures.max=-1) (object_multipart_aborted.failures.max=-1) (multipart_upload_part_put.failures.max=-1) (op_abort.max=-1) (multipart_upload_completed.max=-1) (object_put_request.failures.max=-1) (action_executor_acquired.failures.max=-1) (multipart_upload_completed.failures.max=-1) (action_executor_acquired.max=0) (object_multipart_initiated.failures.max=-1) (object_multipart_aborted.max=-1) (multipart_upload_part_put.max=-1) (committer_magic_marker_put.max=-1));
means=((committer_magic_marker_put.failures.mean=(samples=0, sum=0, mean=0.0000)) (multipart_upload_part_put.mean=(samples=0, sum=0, mean=0.0000)) (committer_magic_marker_put.mean=(samples=0, sum=0, mean=0.0000)) (multipart_upload_part_put.failures.mean=(samples=0, sum=0, mean=0.0000)) (multipart_upload_completed.mean=(samples=0, sum=0, mean=0.0000)) (object_multipart_initiated.failures.mean=(samples=0, sum=0, mean=0.0000)) (object_multipart_aborted.failures.mean=(samples=0, sum=0, mean=0.0000)) (op_abort.mean=(samples=0, sum=0, mean=0.0000)) (object_multipart_initiated.mean=(samples=0, sum=0, mean=0.0000)) (object_multipart_aborted.mean=(samples=0, sum=0, mean=0.0000)) (multipart_upload_completed.failures.mean=(samples=0, sum=0, mean=0.0000)) (action_executor_acquired.mean=(samples=1, sum=0, mean=0.0000)) (object_put_request.mean=(samples=1, sum=47, mean=47.0000)) (op_abort.failures.mean=(samples=0, sum=0, mean=0.0000)) (object_put_request.failures.mean=(samples=0, sum=0, mean=0.0000)) (action_executor_acquired.failures.mean=(samples=0, sum=0, mean=0.0000)));
, blocksActive=0, blockUploadsCompleted=1, blocksAllocated=1, blocksReleased=1, blocksActivelyAllocated=0, transferDuration=47 ms, totalUploadDuration=47 ms, effectiveBandwidth=10893.617021276596 bytes/s}
2025-01-02 17:46:58,850 [JUnit-testComplexDirActions] DEBUG s3a.S3ABlockOutputStream (S3ABlockOutputStream.java:close(481)) - Ignoring close() as stream is already closed
2025-01-02 17:46:58,850 [JUnit-testComplexDirActions] DEBUG s3a.S3AFileSystem (S3AFileSystem.java:innerGetFileStatus(4005)) - Getting path status for s3a://obs-bucket/test/testComplexDirActions/dir-0-0000/file--0-0000-0001.txt  (test/testComplexDirActions/dir-0-0000/file--0-0000-0001.txt); needEmptyDirectory=false
2025-01-02 17:46:58,850 [JUnit-testComplexDirActions] DEBUG s3a.S3AFileSystem (S3AFileSystem.java:s3GetFileStatus(4064)) - S3GetFileStatus s3a://obs-bucket/test/testComplexDirActions/dir-0-0000/file--0-0000-0001.txt
2025-01-02 17:46:58,850 [JUnit-testComplexDirActions] DEBUG s3a.S3AFileSystem (S3AFileSystem.java:lambda$getObjectMetadata$10(3044)) - HEAD test/testComplexDirActions/dir-0-0000/file--0-0000-0001.txt with change tracker null
2025-01-02 17:46:58,851 [JUnit-testComplexDirActions] DEBUG impl.LoggingAuditor (LoggingAuditor.java:modifyHttpRequest(410)) - [153] 67226e31-30c8-4b12-bd8d-7af12d75e150-00000121 Executing op_get_file_status with {action_http_head_request 'test/testComplexDirActions/dir-0-0000/file--0-0000-0001.txt' size=0, mutating=false}; https://audit.example.org/hadoop/1/op_get_file_status/67226e31-30c8-4b12-bd8d-7af12d75e150-00000121/?op=op_get_file_status&p1=test/testComplexDirActions/dir-0-0000/file--0-0000-0001.txt&pr=runner&ps=a84b8fc4-c757-4eb1-9a3e-4c3b8d9615e9&id=67226e31-30c8-4b12-bd8d-7af12d75e150-00000121&t0=153&fs=67226e31-30c8-4b12-bd8d-7af12d75e150&t1=153&ts=1735840018850
2025-01-02 17:46:58,857 [JUnit-testComplexDirActions] DEBUG s3a.S3AFileSystem (S3AFileSystem.java:s3GetFileStatus(4080)) - Found exact file: normal file test/testComplexDirActions/dir-0-0000/file--0-0000-0001.txt
2025-01-02 17:46:58,857 [JUnit-testComplexDirActions] DEBUG s3a.S3AFileSystem (S3AFileSystem.java:innerGetFileStatus(4005)) - Getting path status for s3a://obs-bucket/test/testComplexDirActions/dir-0-0000/file--0-0000-0002.txt  (test/testComplexDirActions/dir-0-0000/file--0-0000-0002.txt); needEmptyDirectory=false
2025-01-02 17:46:58,857 [JUnit-testComplexDirActions] DEBUG s3a.S3AFileSystem (S3AFileSystem.java:s3GetFileStatus(4064)) - S3GetFileStatus s3a://obs-bucket/test/testComplexDirActions/dir-0-0000/file--0-0000-0002.txt
2025-01-02 17:46:58,857 [JUnit-testComplexDirActions] DEBUG s3a.S3AFileSystem (S3AFileSystem.java:listObjects(3107)) - LIST List obs-bucket:/test/testComplexDirActions/dir-0-0000/file--0-0000-0002.txt/ delimiter=/ keys=2 requester pays=null
2025-01-02 17:46:58,857 [JUnit-testComplexDirActions] DEBUG s3a.S3AFileSystem (DurationInfo.java:<init>(80)) - Starting: LIST
2025-01-02 17:46:58,858 [JUnit-testComplexDirActions] DEBUG impl.LoggingAuditor (LoggingAuditor.java:modifyHttpRequest(410)) - [153] 67226e31-30c8-4b12-bd8d-7af12d75e150-00000122 Executing op_create with {object_list_request 'test/testComplexDirActions/dir-0-0000/file--0-0000-0002.txt/' size=2, mutating=false}; https://audit.example.org/hadoop/1/op_create/67226e31-30c8-4b12-bd8d-7af12d75e150-00000122/?op=op_create&p1=test/testComplexDirActions/dir-0-0000/file--0-0000-0002.txt&pr=runner&ps=a84b8fc4-c757-4eb1-9a3e-4c3b8d9615e9&id=67226e31-30c8-4b12-bd8d-7af12d75e150-00000122&t0=153&fs=67226e31-30c8-4b12-bd8d-7af12d75e150&t1=153&ts=1735840018857
2025-01-02 17:46:58,864 [JUnit-testComplexDirActions] DEBUG s3a.S3AFileSystem (DurationInfo.java:close(101)) - LIST: duration 0:00.007s
2025-01-02 17:46:58,865 [JUnit-testComplexDirActions] DEBUG s3a.S3AFileSystem (S3AFileSystem.java:s3GetFileStatus(4155)) - Not Found: s3a://obs-bucket/test/testComplexDirActions/dir-0-0000/file--0-0000-0002.txt
2025-01-02 17:46:58,865 [JUnit-testComplexDirActions] DEBUG s3a.S3ARetryPolicy (S3ARetryPolicy.java:<init>(150)) - Retrying on recoverable AWS failures 3 times with an initial interval of 500ms
2025-01-02 17:46:58,865 [JUnit-testComplexDirActions] DEBUG s3a.S3ABlockOutputStream (S3ABlockOutputStream.java:<init>(276)) - Initialized S3ABlockOutputStream for test/testComplexDirActions/dir-0-0000/file--0-0000-0002.txt output to FileBlock{index=1, destFile=/home/runner/work/ozone/ozone/target/hadoop-src/target/tmp/s3a/s3ablock-0001-7869634372278684667.tmp, state=Writing, dataSize=0, limit=67108864}
2025-01-02 17:46:58,866 [JUnit-testComplexDirActions] DEBUG s3a.S3ABlockOutputStream (S3ABlockOutputStream.java:close(487)) - S3ABlockOutputStream{WriteOperationHelper {bucket=obs-bucket}, blockSize=67108864, isMultipartUploadEnabled=true, activeBlock=FileBlock{index=1, destFile=/home/runner/work/ozone/ozone/target/hadoop-src/target/tmp/s3a/s3ablock-0001-7869634372278684667.tmp, state=Writing, dataSize=512, limit=67108864} Statistics=counters=((multipart_upload_part_put=0) (stream_write_queue_duration=0) (committer_magic_marker_put=0) (stream_write_block_uploads=0) (stream_write_bytes=512) (committer_magic_marker_put.failures=0) (object_multipart_initiated=0) (action_executor_acquired.failures=0) (object_put_request=0) (stream_write_total_data=0) (object_put_request.failures=0) (op_abort.failures=0) (op_abort=0) (object_multipart_initiated.failures=0) (object_multipart_aborted=0) (multipart_upload_completed.failures=0) (stream_write_total_time=0) (object_multipart_aborted.failures=0) (stream_write_exceptions=0) (multipart_upload_part_put.failures=0) (action_executor_acquired=0) (multipart_upload_completed=0) (op_hsync=0) (stream_write_exceptions_completing_upload=0) (op_hflush=0));
gauges=((stream_write_block_uploads_data_pending=0) (stream_write_block_uploads_active=0) (stream_write_block_uploads_pending=0));
minimums=((object_multipart_aborted.min=-1) (object_put_request.failures.min=-1) (op_abort.failures.min=-1) (object_multipart_initiated.min=-1) (multipart_upload_completed.min=-1) (object_multipart_initiated.failures.min=-1) (action_executor_acquired.min=-1) (committer_magic_marker_put.min=-1) (multipart_upload_part_put.min=-1) (committer_magic_marker_put.failures.min=-1) (op_abort.min=-1) (multipart_upload_part_put.failures.min=-1) (multipart_upload_completed.failures.min=-1) (action_executor_acquired.failures.min=-1) (object_put_request.min=-1) (object_multipart_aborted.failures.min=-1));
maximums=((multipart_upload_part_put.failures.max=-1) (object_multipart_initiated.max=-1) (op_abort.failures.max=-1) (action_executor_acquired.failures.max=-1) (object_multipart_aborted.failures.max=-1) (object_multipart_initiated.failures.max=-1) (multipart_upload_part_put.max=-1) (object_put_request.failures.max=-1) (multipart_upload_completed.max=-1) (committer_magic_marker_put.max=-1) (op_abort.max=-1) (multipart_upload_completed.failures.max=-1) (committer_magic_marker_put.failures.max=-1) (action_executor_acquired.max=-1) (object_multipart_aborted.max=-1) (object_put_request.max=-1));
means=((object_put_request.failures.mean=(samples=0, sum=0, mean=0.0000)) (object_multipart_initiated.mean=(samples=0, sum=0, mean=0.0000)) (op_abort.failures.mean=(samples=0, sum=0, mean=0.0000)) (object_multipart_initiated.failures.mean=(samples=0, sum=0, mean=0.0000)) (multipart_upload_completed.failures.mean=(samples=0, sum=0, mean=0.0000)) (object_multipart_aborted.failures.mean=(samples=0, sum=0, mean=0.0000)) (object_multipart_aborted.mean=(samples=0, sum=0, mean=0.0000)) (multipart_upload_part_put.failures.mean=(samples=0, sum=0, mean=0.0000)) (committer_magic_marker_put.failures.mean=(samples=0, sum=0, mean=0.0000)) (op_abort.mean=(samples=0, sum=0, mean=0.0000)) (committer_magic_marker_put.mean=(samples=0, sum=0, mean=0.0000)) (multipart_upload_completed.mean=(samples=0, sum=0, mean=0.0000)) (object_put_request.mean=(samples=0, sum=0, mean=0.0000)) (multipart_upload_part_put.mean=(samples=0, sum=0, mean=0.0000)) (action_executor_acquired.mean=(samples=0, sum=0, mean=0.0000)) (action_executor_acquired.failures.mean=(samples=0, sum=0, mean=0.0000)));
}: Closing block #1: current block= FileBlock{index=1, destFile=/home/runner/work/ozone/ozone/target/hadoop-src/target/tmp/s3a/s3ablock-0001-7869634372278684667.tmp, state=Writing, dataSize=512, limit=67108864}
2025-01-02 17:46:58,866 [JUnit-testComplexDirActions] DEBUG s3a.S3ABlockOutputStream (S3ABlockOutputStream.java:putObject(688)) - Executing regular upload for WriteOperationHelper {bucket=obs-bucket}
2025-01-02 17:46:58,866 [JUnit-testComplexDirActions] DEBUG s3a.S3ADataBlocks (S3ADataBlocks.java:startUpload(362)) - Start datablock[1] upload
2025-01-02 17:46:58,866 [JUnit-testComplexDirActions] DEBUG s3a.S3ADataBlocks (S3ADataBlocks.java:enterState(261)) - FileBlock{index=1, destFile=/home/runner/work/ozone/ozone/target/hadoop-src/target/tmp/s3a/s3ablock-0001-7869634372278684667.tmp, state=Writing, dataSize=512, limit=67108864}: entering state Upload
2025-01-02 17:46:58,867 [JUnit-testComplexDirActions] DEBUG s3a.S3ABlockOutputStream (S3ABlockOutputStream.java:clearActiveBlock(320)) - Clearing active block
2025-01-02 17:46:58,867 [JUnit-testComplexDirActions] DEBUG s3a.Invoker (DurationInfo.java:<init>(80)) - Starting: Writing Object
2025-01-02 17:46:58,867 [JUnit-testComplexDirActions] DEBUG s3a.S3AFileSystem (S3AFileSystem.java:putObjectDirect(3340)) - PUT 512 bytes to test/testComplexDirActions/dir-0-0000/file--0-0000-0002.txt
2025-01-02 17:46:58,867 [JUnit-testComplexDirActions] DEBUG impl.S3AStoreImpl (S3AStoreImpl.java:incrementPutStartStatistics(397)) - PUT start 512 bytes
2025-01-02 17:46:58,868 [JUnit-testComplexDirActions] DEBUG impl.LoggingAuditor (LoggingAuditor.java:modifyHttpRequest(410)) - [153] 67226e31-30c8-4b12-bd8d-7af12d75e150-00000122 Executing op_create with {object_put_request 'test/testComplexDirActions/dir-0-0000/file--0-0000-0002.txt' size=0, mutating=true}; https://audit.example.org/hadoop/1/op_create/67226e31-30c8-4b12-bd8d-7af12d75e150-00000122/?op=op_create&p1=test/testComplexDirActions/dir-0-0000/file--0-0000-0002.txt&pr=runner&ps=a84b8fc4-c757-4eb1-9a3e-4c3b8d9615e9&id=67226e31-30c8-4b12-bd8d-7af12d75e150-00000122&t0=153&fs=67226e31-30c8-4b12-bd8d-7af12d75e150&t1=153&ts=1735840018857
2025-01-02 17:46:58,869 [JUnit-testComplexDirActions] INFO  impl.UploadContentProviders (UploadContentProviders.java:newStream(289)) - Stream recreated: FileWithOffsetContentProvider{file=/home/runner/work/ozone/ozone/target/hadoop-src/target/tmp/s3a/s3ablock-0001-7869634372278684667.tmp, offset=0} BaseContentProvider{size=512, initiated at 2025-01-02T17:46:58.867016, streamCreationCount=2, currentStream=null}
2025-01-02 17:46:58,916 [JUnit-testComplexDirActions] DEBUG impl.S3AStoreImpl (S3AStoreImpl.java:incrementPutCompletedStatistics(414)) - PUT completed success=true; 512 bytes
2025-01-02 17:46:58,916 [JUnit-testComplexDirActions] DEBUG s3a.S3AFileSystem (S3AFileSystem.java:finishedWrite(4727)) - Finished write to test/testComplexDirActions/dir-0-0000/file--0-0000-0002.txt, len 512.
2025-01-02 17:46:58,916 [JUnit-testComplexDirActions] DEBUG s3a.Invoker (DurationInfo.java:close(101)) - Writing Object: duration 0:00.049s
2025-01-02 17:46:58,916 [JUnit-testComplexDirActions] DEBUG s3a.S3ADataBlocks (S3ADataBlocks.java:enterState(261)) - FileBlock{index=1, destFile=/home/runner/work/ozone/ozone/target/hadoop-src/target/tmp/s3a/s3ablock-0001-7869634372278684667.tmp, state=Upload, dataSize=512, limit=67108864}: entering state Closed
2025-01-02 17:46:58,916 [JUnit-testComplexDirActions] DEBUG s3a.S3ADataBlocks (S3ADataBlocks.java:close(384)) - Closed FileBlock{index=1, destFile=/home/runner/work/ozone/ozone/target/hadoop-src/target/tmp/s3a/s3ablock-0001-7869634372278684667.tmp, state=Closed, dataSize=512, limit=67108864}
2025-01-02 17:46:58,916 [JUnit-testComplexDirActions] DEBUG s3a.S3ADataBlocks (S3ADataBlocks.java:innerClose(836)) - Closing FileBlock{index=1, destFile=/home/runner/work/ozone/ozone/target/hadoop-src/target/tmp/s3a/s3ablock-0001-7869634372278684667.tmp, state=Closed, dataSize=512, limit=67108864}
2025-01-02 17:46:58,916 [JUnit-testComplexDirActions] DEBUG s3a.S3ADataBlocks (S3ADataBlocks.java:closeBlock(890)) - block[1]: closeBlock()
2025-01-02 17:46:58,916 [JUnit-testComplexDirActions] DEBUG s3a.S3ABlockOutputStream (S3ABlockOutputStream.java:close(534)) - Upload complete to test/testComplexDirActions/dir-0-0000/file--0-0000-0002.txt by WriteOperationHelper {bucket=obs-bucket}
2025-01-02 17:46:58,917 [JUnit-testComplexDirActions] DEBUG s3a.S3ABlockOutputStream (S3ABlockOutputStream.java:cleanupOnClose(566)) - Statistics: OutputStreamStatistics{counters=((object_multipart_aborted=0) (stream_write_exceptions=0) (stream_write_total_data=512) (object_multipart_initiated=0) (multipart_upload_part_put=0) (stream_write_block_uploads=1) (action_executor_acquired=0) (action_executor_acquired.failures=0) (op_hsync=0) (object_put_request=1) (multipart_upload_part_put.failures=0) (stream_write_bytes=512) (stream_write_exceptions_completing_upload=0) (stream_write_queue_duration=0) (object_multipart_aborted.failures=0) (object_multipart_initiated.failures=0) (op_abort=0) (committer_magic_marker_put.failures=0) (multipart_upload_completed=0) (op_abort.failures=0) (committer_magic_marker_put=0) (object_put_request.failures=0) (op_hflush=0) (multipart_upload_completed.failures=0) (stream_write_total_time=0));
gauges=((stream_write_block_uploads_active=0) (stream_write_block_uploads_data_pending=0) (stream_write_block_uploads_pending=0));
minimums=((object_multipart_initiated.failures.min=-1) (action_executor_acquired.min=0) (op_abort.min=-1) (multipart_upload_completed.min=-1) (multipart_upload_part_put.failures.min=-1) (object_multipart_aborted.min=-1) (multipart_upload_part_put.min=-1) (object_multipart_aborted.failures.min=-1) (object_multipart_initiated.min=-1) (committer_magic_marker_put.failures.min=-1) (action_executor_acquired.failures.min=-1) (object_put_request.min=49) (committer_magic_marker_put.min=-1) (object_put_request.failures.min=-1) (multipart_upload_completed.failures.min=-1) (op_abort.failures.min=-1));
maximums=((action_executor_acquired.failures.max=-1) (multipart_upload_part_put.max=-1) (object_multipart_aborted.failures.max=-1) (object_multipart_initiated.failures.max=-1) (committer_magic_marker_put.failures.max=-1) (committer_magic_marker_put.max=-1) (multipart_upload_completed.max=-1) (object_multipart_initiated.max=-1) (object_put_request.failures.max=-1) (op_abort.failures.max=-1) (object_multipart_aborted.max=-1) (multipart_upload_completed.failures.max=-1) (object_put_request.max=49) (op_abort.max=-1) (action_executor_acquired.max=0) (multipart_upload_part_put.failures.max=-1));
means=((object_multipart_aborted.mean=(samples=0, sum=0, mean=0.0000)) (committer_magic_marker_put.failures.mean=(samples=0, sum=0, mean=0.0000)) (multipart_upload_part_put.mean=(samples=0, sum=0, mean=0.0000)) (multipart_upload_part_put.failures.mean=(samples=0, sum=0, mean=0.0000)) (op_abort.failures.mean=(samples=0, sum=0, mean=0.0000)) (object_multipart_initiated.mean=(samples=0, sum=0, mean=0.0000)) (op_abort.mean=(samples=0, sum=0, mean=0.0000)) (object_multipart_initiated.failures.mean=(samples=0, sum=0, mean=0.0000)) (committer_magic_marker_put.mean=(samples=0, sum=0, mean=0.0000)) (object_put_request.failures.mean=(samples=0, sum=0, mean=0.0000)) (multipart_upload_completed.mean=(samples=0, sum=0, mean=0.0000)) (multipart_upload_completed.failures.mean=(samples=0, sum=0, mean=0.0000)) (action_executor_acquired.failures.mean=(samples=0, sum=0, mean=0.0000)) (object_multipart_aborted.failures.mean=(samples=0, sum=0, mean=0.0000)) (object_put_request.mean=(samples=1, sum=49, mean=49.0000)) (action_executor_acquired.mean=(samples=1, sum=0, mean=0.0000)));
, blocksActive=0, blockUploadsCompleted=1, blocksAllocated=1, blocksReleased=1, blocksActivelyAllocated=0, transferDuration=49 ms, totalUploadDuration=49 ms, effectiveBandwidth=10448.979591836734 bytes/s}
2025-01-02 17:46:58,917 [JUnit-testComplexDirActions] DEBUG s3a.S3ABlockOutputStream (S3ABlockOutputStream.java:close(481)) - Ignoring close() as stream is already closed
2025-01-02 17:46:58,918 [JUnit-testComplexDirActions] DEBUG s3a.S3AFileSystem (S3AFileSystem.java:innerGetFileStatus(4005)) - Getting path status for s3a://obs-bucket/test/testComplexDirActions/dir-0-0000/file--0-0000-0002.txt  (test/testComplexDirActions/dir-0-0000/file--0-0000-0002.txt); needEmptyDirectory=false
2025-01-02 17:46:58,918 [JUnit-testComplexDirActions] DEBUG s3a.S3AFileSystem (S3AFileSystem.java:s3GetFileStatus(4064)) - S3GetFileStatus s3a://obs-bucket/test/testComplexDirActions/dir-0-0000/file--0-0000-0002.txt
2025-01-02 17:46:58,918 [JUnit-testComplexDirActions] DEBUG s3a.S3AFileSystem (S3AFileSystem.java:lambda$getObjectMetadata$10(3044)) - HEAD test/testComplexDirActions/dir-0-0000/file--0-0000-0002.txt with change tracker null
2025-01-02 17:46:58,919 [JUnit-testComplexDirActions] DEBUG impl.LoggingAuditor (LoggingAuditor.java:modifyHttpRequest(410)) - [153] 67226e31-30c8-4b12-bd8d-7af12d75e150-00000123 Executing op_get_file_status with {action_http_head_request 'test/testComplexDirActions/dir-0-0000/file--0-0000-0002.txt' size=0, mutating=false}; https://audit.example.org/hadoop/1/op_get_file_status/67226e31-30c8-4b12-bd8d-7af12d75e150-00000123/?op=op_get_file_status&p1=test/testComplexDirActions/dir-0-0000/file--0-0000-0002.txt&pr=runner&ps=a84b8fc4-c757-4eb1-9a3e-4c3b8d9615e9&id=67226e31-30c8-4b12-bd8d-7af12d75e150-00000123&t0=153&fs=67226e31-30c8-4b12-bd8d-7af12d75e150&t1=153&ts=1735840018918
2025-01-02 17:46:58,935 [JUnit-testComplexDirActions] DEBUG s3a.S3AFileSystem (S3AFileSystem.java:s3GetFileStatus(4080)) - Found exact file: normal file test/testComplexDirActions/dir-0-0000/file--0-0000-0002.txt
2025-01-02 17:46:58,936 [JUnit-testComplexDirActions] DEBUG s3a.S3AFileSystem (S3AFileSystem.java:innerGetFileStatus(4005)) - Getting path status for s3a://obs-bucket/test/testComplexDirActions/dir-0-0000/file--0-0000-0003.txt  (test/testComplexDirActions/dir-0-0000/file--0-0000-0003.txt); needEmptyDirectory=false
2025-01-02 17:46:58,936 [JUnit-testComplexDirActions] DEBUG s3a.S3AFileSystem (S3AFileSystem.java:s3GetFileStatus(4064)) - S3GetFileStatus s3a://obs-bucket/test/testComplexDirActions/dir-0-0000/file--0-0000-0003.txt
2025-01-02 17:46:58,936 [JUnit-testComplexDirActions] DEBUG s3a.S3AFileSystem (S3AFileSystem.java:listObjects(3107)) - LIST List obs-bucket:/test/testComplexDirActions/dir-0-0000/file--0-0000-0003.txt/ delimiter=/ keys=2 requester pays=null
2025-01-02 17:46:58,936 [JUnit-testComplexDirActions] DEBUG s3a.S3AFileSystem (DurationInfo.java:<init>(80)) - Starting: LIST
2025-01-02 17:46:58,937 [JUnit-testComplexDirActions] DEBUG impl.LoggingAuditor (LoggingAuditor.java:modifyHttpRequest(410)) - [153] 67226e31-30c8-4b12-bd8d-7af12d75e150-00000124 Executing op_create with {object_list_request 'test/testComplexDirActions/dir-0-0000/file--0-0000-0003.txt/' size=2, mutating=false}; https://audit.example.org/hadoop/1/op_create/67226e31-30c8-4b12-bd8d-7af12d75e150-00000124/?op=op_create&p1=test/testComplexDirActions/dir-0-0000/file--0-0000-0003.txt&pr=runner&ps=a84b8fc4-c757-4eb1-9a3e-4c3b8d9615e9&id=67226e31-30c8-4b12-bd8d-7af12d75e150-00000124&t0=153&fs=67226e31-30c8-4b12-bd8d-7af12d75e150&t1=153&ts=1735840018936
2025-01-02 17:46:58,948 [JUnit-testComplexDirActions] DEBUG s3a.S3AFileSystem (DurationInfo.java:close(101)) - LIST: duration 0:00.012s
2025-01-02 17:46:58,949 [JUnit-testComplexDirActions] DEBUG s3a.S3AFileSystem (S3AFileSystem.java:s3GetFileStatus(4155)) - Not Found: s3a://obs-bucket/test/testComplexDirActions/dir-0-0000/file--0-0000-0003.txt
2025-01-02 17:46:58,949 [JUnit-testComplexDirActions] DEBUG s3a.S3ARetryPolicy (S3ARetryPolicy.java:<init>(150)) - Retrying on recoverable AWS failures 3 times with an initial interval of 500ms
2025-01-02 17:46:58,949 [JUnit-testComplexDirActions] DEBUG s3a.S3ABlockOutputStream (S3ABlockOutputStream.java:<init>(276)) - Initialized S3ABlockOutputStream for test/testComplexDirActions/dir-0-0000/file--0-0000-0003.txt output to FileBlock{index=1, destFile=/home/runner/work/ozone/ozone/target/hadoop-src/target/tmp/s3a/s3ablock-0001-13612137787369570982.tmp, state=Writing, dataSize=0, limit=67108864}
2025-01-02 17:46:58,950 [JUnit-testComplexDirActions] DEBUG s3a.S3ABlockOutputStream (S3ABlockOutputStream.java:close(487)) - S3ABlockOutputStream{WriteOperationHelper {bucket=obs-bucket}, blockSize=67108864, isMultipartUploadEnabled=true, activeBlock=FileBlock{index=1, destFile=/home/runner/work/ozone/ozone/target/hadoop-src/target/tmp/s3a/s3ablock-0001-13612137787369570982.tmp, state=Writing, dataSize=512, limit=67108864} Statistics=counters=((stream_write_queue_duration=0) (object_multipart_aborted.failures=0) (committer_magic_marker_put=0) (object_multipart_initiated=0) (action_executor_acquired.failures=0) (stream_write_bytes=512) (object_put_request=0) (op_abort=0) (op_abort.failures=0) (multipart_upload_completed.failures=0) (op_hflush=0) (multipart_upload_completed=0) (multipart_upload_part_put.failures=0) (stream_write_total_time=0) (stream_write_total_data=0) (stream_write_exceptions_completing_upload=0) (object_put_request.failures=0) (committer_magic_marker_put.failures=0) (object_multipart_aborted=0) (multipart_upload_part_put=0) (op_hsync=0) (action_executor_acquired=0) (object_multipart_initiated.failures=0) (stream_write_block_uploads=0) (stream_write_exceptions=0));
gauges=((stream_write_block_uploads_pending=0) (stream_write_block_uploads_active=0) (stream_write_block_uploads_data_pending=0));
minimums=((committer_magic_marker_put.min=-1) (committer_magic_marker_put.failures.min=-1) (multipart_upload_completed.failures.min=-1) (action_executor_acquired.min=-1) (object_multipart_initiated.failures.min=-1) (multipart_upload_part_put.min=-1) (object_multipart_aborted.min=-1) (op_abort.min=-1) (object_multipart_aborted.failures.min=-1) (object_multipart_initiated.min=-1) (op_abort.failures.min=-1) (action_executor_acquired.failures.min=-1) (object_put_request.min=-1) (object_put_request.failures.min=-1) (multipart_upload_part_put.failures.min=-1) (multipart_upload_completed.min=-1));
maximums=((multipart_upload_part_put.failures.max=-1) (committer_magic_marker_put.max=-1) (multipart_upload_part_put.max=-1) (object_put_request.max=-1) (object_multipart_initiated.failures.max=-1) (multipart_upload_completed.max=-1) (object_multipart_aborted.failures.max=-1) (op_abort.failures.max=-1) (op_abort.max=-1) (multipart_upload_completed.failures.max=-1) (action_executor_acquired.failures.max=-1) (object_put_request.failures.max=-1) (object_multipart_initiated.max=-1) (object_multipart_aborted.max=-1) (action_executor_acquired.max=-1) (committer_magic_marker_put.failures.max=-1));
means=((object_multipart_initiated.failures.mean=(samples=0, sum=0, mean=0.0000)) (action_executor_acquired.failures.mean=(samples=0, sum=0, mean=0.0000)) (committer_magic_marker_put.mean=(samples=0, sum=0, mean=0.0000)) (object_put_request.mean=(samples=0, sum=0, mean=0.0000)) (object_multipart_aborted.failures.mean=(samples=0, sum=0, mean=0.0000)) (committer_magic_marker_put.failures.mean=(samples=0, sum=0, mean=0.0000)) (multipart_upload_part_put.mean=(samples=0, sum=0, mean=0.0000)) (multipart_upload_completed.failures.mean=(samples=0, sum=0, mean=0.0000)) (object_multipart_aborted.mean=(samples=0, sum=0, mean=0.0000)) (multipart_upload_part_put.failures.mean=(samples=0, sum=0, mean=0.0000)) (object_put_request.failures.mean=(samples=0, sum=0, mean=0.0000)) (op_abort.mean=(samples=0, sum=0, mean=0.0000)) (object_multipart_initiated.mean=(samples=0, sum=0, mean=0.0000)) (action_executor_acquired.mean=(samples=0, sum=0, mean=0.0000)) (multipart_upload_completed.mean=(samples=0, sum=0, mean=0.0000)) (op_abort.failures.mean=(samples=0, sum=0, mean=0.0000)));
}: Closing block #1: current block= FileBlock{index=1, destFile=/home/runner/work/ozone/ozone/target/hadoop-src/target/tmp/s3a/s3ablock-0001-13612137787369570982.tmp, state=Writing, dataSize=512, limit=67108864}
2025-01-02 17:46:58,950 [JUnit-testComplexDirActions] DEBUG s3a.S3ABlockOutputStream (S3ABlockOutputStream.java:putObject(688)) - Executing regular upload for WriteOperationHelper {bucket=obs-bucket}
2025-01-02 17:46:58,950 [JUnit-testComplexDirActions] DEBUG s3a.S3ADataBlocks (S3ADataBlocks.java:startUpload(362)) - Start datablock[1] upload
2025-01-02 17:46:58,950 [JUnit-testComplexDirActions] DEBUG s3a.S3ADataBlocks (S3ADataBlocks.java:enterState(261)) - FileBlock{index=1, destFile=/home/runner/work/ozone/ozone/target/hadoop-src/target/tmp/s3a/s3ablock-0001-13612137787369570982.tmp, state=Writing, dataSize=512, limit=67108864}: entering state Upload
2025-01-02 17:46:58,950 [JUnit-testComplexDirActions] DEBUG s3a.S3ABlockOutputStream (S3ABlockOutputStream.java:clearActiveBlock(320)) - Clearing active block
2025-01-02 17:46:58,950 [JUnit-testComplexDirActions] DEBUG s3a.Invoker (DurationInfo.java:<init>(80)) - Starting: Writing Object
2025-01-02 17:46:58,951 [JUnit-testComplexDirActions] DEBUG s3a.S3AFileSystem (S3AFileSystem.java:putObjectDirect(3340)) - PUT 512 bytes to test/testComplexDirActions/dir-0-0000/file--0-0000-0003.txt
2025-01-02 17:46:58,951 [JUnit-testComplexDirActions] DEBUG impl.S3AStoreImpl (S3AStoreImpl.java:incrementPutStartStatistics(397)) - PUT start 512 bytes
2025-01-02 17:46:58,952 [JUnit-testComplexDirActions] DEBUG impl.LoggingAuditor (LoggingAuditor.java:modifyHttpRequest(410)) - [153] 67226e31-30c8-4b12-bd8d-7af12d75e150-00000124 Executing op_create with {object_put_request 'test/testComplexDirActions/dir-0-0000/file--0-0000-0003.txt' size=0, mutating=true}; https://audit.example.org/hadoop/1/op_create/67226e31-30c8-4b12-bd8d-7af12d75e150-00000124/?op=op_create&p1=test/testComplexDirActions/dir-0-0000/file--0-0000-0003.txt&pr=runner&ps=a84b8fc4-c757-4eb1-9a3e-4c3b8d9615e9&id=67226e31-30c8-4b12-bd8d-7af12d75e150-00000124&t0=153&fs=67226e31-30c8-4b12-bd8d-7af12d75e150&t1=153&ts=1735840018936
2025-01-02 17:46:58,952 [JUnit-testComplexDirActions] INFO  impl.UploadContentProviders (UploadContentProviders.java:newStream(289)) - Stream recreated: FileWithOffsetContentProvider{file=/home/runner/work/ozone/ozone/target/hadoop-src/target/tmp/s3a/s3ablock-0001-13612137787369570982.tmp, offset=0} BaseContentProvider{size=512, initiated at 2025-01-02T17:46:58.950684, streamCreationCount=2, currentStream=null}
2025-01-02 17:46:58,988 [JUnit-testComplexDirActions] DEBUG impl.S3AStoreImpl (S3AStoreImpl.java:incrementPutCompletedStatistics(414)) - PUT completed success=true; 512 bytes
2025-01-02 17:46:58,989 [JUnit-testComplexDirActions] DEBUG s3a.S3AFileSystem (S3AFileSystem.java:finishedWrite(4727)) - Finished write to test/testComplexDirActions/dir-0-0000/file--0-0000-0003.txt, len 512.
2025-01-02 17:46:58,989 [JUnit-testComplexDirActions] DEBUG s3a.Invoker (DurationInfo.java:close(101)) - Writing Object: duration 0:00.039s
2025-01-02 17:46:58,989 [JUnit-testComplexDirActions] DEBUG s3a.S3ADataBlocks (S3ADataBlocks.java:enterState(261)) - FileBlock{index=1, destFile=/home/runner/work/ozone/ozone/target/hadoop-src/target/tmp/s3a/s3ablock-0001-13612137787369570982.tmp, state=Upload, dataSize=512, limit=67108864}: entering state Closed
2025-01-02 17:46:58,989 [JUnit-testComplexDirActions] DEBUG s3a.S3ADataBlocks (S3ADataBlocks.java:close(384)) - Closed FileBlock{index=1, destFile=/home/runner/work/ozone/ozone/target/hadoop-src/target/tmp/s3a/s3ablock-0001-13612137787369570982.tmp, state=Closed, dataSize=512, limit=67108864}
2025-01-02 17:46:58,989 [JUnit-testComplexDirActions] DEBUG s3a.S3ADataBlocks (S3ADataBlocks.java:innerClose(836)) - Closing FileBlock{index=1, destFile=/home/runner/work/ozone/ozone/target/hadoop-src/target/tmp/s3a/s3ablock-0001-13612137787369570982.tmp, state=Closed, dataSize=512, limit=67108864}
2025-01-02 17:46:58,989 [JUnit-testComplexDirActions] DEBUG s3a.S3ADataBlocks (S3ADataBlocks.java:closeBlock(890)) - block[1]: closeBlock()
2025-01-02 17:46:58,989 [JUnit-testComplexDirActions] DEBUG s3a.S3ABlockOutputStream (S3ABlockOutputStream.java:close(534)) - Upload complete to test/testComplexDirActions/dir-0-0000/file--0-0000-0003.txt by WriteOperationHelper {bucket=obs-bucket}
2025-01-02 17:46:58,991 [JUnit-testComplexDirActions] DEBUG s3a.S3ABlockOutputStream (S3ABlockOutputStream.java:cleanupOnClose(566)) - Statistics: OutputStreamStatistics{counters=((multipart_upload_part_put=0) (stream_write_queue_duration=0) (stream_write_block_uploads=1) (action_executor_acquired.failures=0) (op_abort.failures=0) (committer_magic_marker_put=0) (committer_magic_marker_put.failures=0) (object_multipart_initiated=0) (action_executor_acquired=0) (multipart_upload_completed.failures=0) (stream_write_exceptions=0) (stream_write_exceptions_completing_upload=0) (object_multipart_initiated.failures=0) (stream_write_bytes=512) (multipart_upload_completed=0) (op_hsync=0) (op_abort=0) (stream_write_total_time=0) (multipart_upload_part_put.failures=0) (op_hflush=0) (object_multipart_aborted=0) (object_multipart_aborted.failures=0) (object_put_request=1) (object_put_request.failures=0) (stream_write_total_data=512));
gauges=((stream_write_block_uploads_data_pending=0) (stream_write_block_uploads_pending=0) (stream_write_block_uploads_active=0));
minimums=((object_put_request.min=37) (committer_magic_marker_put.min=-1) (op_abort.failures.min=-1) (action_executor_acquired.min=0) (multipart_upload_completed.failures.min=-1) (committer_magic_marker_put.failures.min=-1) (object_put_request.failures.min=-1) (op_abort.min=-1) (multipart_upload_part_put.min=-1) (multipart_upload_part_put.failures.min=-1) (object_multipart_initiated.min=-1) (object_multipart_aborted.failures.min=-1) (object_multipart_initiated.failures.min=-1) (action_executor_acquired.failures.min=-1) (object_multipart_aborted.min=-1) (multipart_upload_completed.min=-1));
maximums=((object_multipart_aborted.failures.max=-1) (object_put_request.failures.max=-1) (multipart_upload_part_put.max=-1) (object_multipart_initiated.max=-1) (multipart_upload_part_put.failures.max=-1) (object_multipart_aborted.max=-1) (committer_magic_marker_put.failures.max=-1) (multipart_upload_completed.max=-1) (object_put_request.max=37) (multipart_upload_completed.failures.max=-1) (op_abort.failures.max=-1) (op_abort.max=-1) (action_executor_acquired.failures.max=-1) (action_executor_acquired.max=0) (committer_magic_marker_put.max=-1) (object_multipart_initiated.failures.max=-1));
means=((object_multipart_aborted.mean=(samples=0, sum=0, mean=0.0000)) (op_abort.failures.mean=(samples=0, sum=0, mean=0.0000)) (object_put_request.mean=(samples=1, sum=37, mean=37.0000)) (multipart_upload_part_put.mean=(samples=0, sum=0, mean=0.0000)) (action_executor_acquired.failures.mean=(samples=0, sum=0, mean=0.0000)) (committer_magic_marker_put.failures.mean=(samples=0, sum=0, mean=0.0000)) (multipart_upload_completed.mean=(samples=0, sum=0, mean=0.0000)) (action_executor_acquired.mean=(samples=1, sum=0, mean=0.0000)) (committer_magic_marker_put.mean=(samples=0, sum=0, mean=0.0000)) (object_multipart_aborted.failures.mean=(samples=0, sum=0, mean=0.0000)) (multipart_upload_completed.failures.mean=(samples=0, sum=0, mean=0.0000)) (object_multipart_initiated.mean=(samples=0, sum=0, mean=0.0000)) (multipart_upload_part_put.failures.mean=(samples=0, sum=0, mean=0.0000)) (op_abort.mean=(samples=0, sum=0, mean=0.0000)) (object_multipart_initiated.failures.mean=(samples=0, sum=0, mean=0.0000)) (object_put_request.failures.mean=(samples=0, sum=0, mean=0.0000)));
, blocksActive=0, blockUploadsCompleted=1, blocksAllocated=1, blocksReleased=1, blocksActivelyAllocated=0, transferDuration=38 ms, totalUploadDuration=38 ms, effectiveBandwidth=13473.684210526317 bytes/s}
2025-01-02 17:46:58,991 [JUnit-testComplexDirActions] DEBUG s3a.S3ABlockOutputStream (S3ABlockOutputStream.java:close(481)) - Ignoring close() as stream is already closed
2025-01-02 17:46:58,991 [JUnit-testComplexDirActions] DEBUG s3a.S3AFileSystem (S3AFileSystem.java:innerGetFileStatus(4005)) - Getting path status for s3a://obs-bucket/test/testComplexDirActions/dir-0-0000/file--0-0000-0003.txt  (test/testComplexDirActions/dir-0-0000/file--0-0000-0003.txt); needEmptyDirectory=false
2025-01-02 17:46:58,992 [JUnit-testComplexDirActions] DEBUG s3a.S3AFileSystem (S3AFileSystem.java:s3GetFileStatus(4064)) - S3GetFileStatus s3a://obs-bucket/test/testComplexDirActions/dir-0-0000/file--0-0000-0003.txt
2025-01-02 17:46:58,992 [JUnit-testComplexDirActions] DEBUG s3a.S3AFileSystem (S3AFileSystem.java:lambda$getObjectMetadata$10(3044)) - HEAD test/testComplexDirActions/dir-0-0000/file--0-0000-0003.txt with change tracker null
2025-01-02 17:46:58,994 [JUnit-testComplexDirActions] DEBUG impl.LoggingAuditor (LoggingAuditor.java:modifyHttpRequest(410)) - [153] 67226e31-30c8-4b12-bd8d-7af12d75e150-00000125 Executing op_get_file_status with {action_http_head_request 'test/testComplexDirActions/dir-0-0000/file--0-0000-0003.txt' size=0, mutating=false}; https://audit.example.org/hadoop/1/op_get_file_status/67226e31-30c8-4b12-bd8d-7af12d75e150-00000125/?op=op_get_file_status&p1=test/testComplexDirActions/dir-0-0000/file--0-0000-0003.txt&pr=runner&ps=a84b8fc4-c757-4eb1-9a3e-4c3b8d9615e9&id=67226e31-30c8-4b12-bd8d-7af12d75e150-00000125&t0=153&fs=67226e31-30c8-4b12-bd8d-7af12d75e150&t1=153&ts=1735840018991
2025-01-02 17:46:59,004 [JUnit-testComplexDirActions] DEBUG s3a.S3AFileSystem (S3AFileSystem.java:s3GetFileStatus(4080)) - Found exact file: normal file test/testComplexDirActions/dir-0-0000/file--0-0000-0003.txt
2025-01-02 17:46:59,004 [JUnit-testComplexDirActions] DEBUG impl.MkdirOperation (MkdirOperation.java:execute(120)) - Making directory: s3a://obs-bucket/test/testComplexDirActions/dir-0-0000/dir-0-0000-0000
2025-01-02 17:46:59,005 [JUnit-testComplexDirActions] DEBUG s3a.S3AFileSystem (S3AFileSystem.java:innerGetFileStatus(4005)) - Getting path status for s3a://obs-bucket/test/testComplexDirActions/dir-0-0000/dir-0-0000-0000  (test/testComplexDirActions/dir-0-0000/dir-0-0000-0000); needEmptyDirectory=false
2025-01-02 17:46:59,005 [JUnit-testComplexDirActions] DEBUG s3a.S3AFileSystem (S3AFileSystem.java:s3GetFileStatus(4064)) - S3GetFileStatus s3a://obs-bucket/test/testComplexDirActions/dir-0-0000/dir-0-0000-0000
2025-01-02 17:46:59,005 [JUnit-testComplexDirActions] DEBUG s3a.S3AFileSystem (S3AFileSystem.java:listObjects(3107)) - LIST List obs-bucket:/test/testComplexDirActions/dir-0-0000/dir-0-0000-0000/ delimiter=/ keys=2 requester pays=null
2025-01-02 17:46:59,005 [JUnit-testComplexDirActions] DEBUG s3a.S3AFileSystem (DurationInfo.java:<init>(80)) - Starting: LIST
2025-01-02 17:46:59,007 [JUnit-testComplexDirActions] DEBUG impl.LoggingAuditor (LoggingAuditor.java:modifyHttpRequest(410)) - [153] 67226e31-30c8-4b12-bd8d-7af12d75e150-00000126 Executing op_mkdirs with {object_list_request 'test/testComplexDirActions/dir-0-0000/dir-0-0000-0000/' size=2, mutating=false}; https://audit.example.org/hadoop/1/op_mkdirs/67226e31-30c8-4b12-bd8d-7af12d75e150-00000126/?op=op_mkdirs&p1=test/testComplexDirActions/dir-0-0000/dir-0-0000-0000&pr=runner&ps=a84b8fc4-c757-4eb1-9a3e-4c3b8d9615e9&id=67226e31-30c8-4b12-bd8d-7af12d75e150-00000126&t0=153&fs=67226e31-30c8-4b12-bd8d-7af12d75e150&t1=153&ts=1735840019004
2025-01-02 17:46:59,020 [JUnit-testComplexDirActions] DEBUG s3a.S3AFileSystem (DurationInfo.java:close(101)) - LIST: duration 0:00.015s
2025-01-02 17:46:59,021 [JUnit-testComplexDirActions] DEBUG s3a.S3AFileSystem (S3AFileSystem.java:s3GetFileStatus(4155)) - Not Found: s3a://obs-bucket/test/testComplexDirActions/dir-0-0000/dir-0-0000-0000
2025-01-02 17:46:59,021 [JUnit-testComplexDirActions] DEBUG s3a.S3AFileSystem (S3AFileSystem.java:innerGetFileStatus(4005)) - Getting path status for s3a://obs-bucket/test/testComplexDirActions/dir-0-0000/dir-0-0000-0000  (test/testComplexDirActions/dir-0-0000/dir-0-0000-0000); needEmptyDirectory=false
2025-01-02 17:46:59,021 [JUnit-testComplexDirActions] DEBUG s3a.S3AFileSystem (S3AFileSystem.java:s3GetFileStatus(4064)) - S3GetFileStatus s3a://obs-bucket/test/testComplexDirActions/dir-0-0000/dir-0-0000-0000
2025-01-02 17:46:59,021 [JUnit-testComplexDirActions] DEBUG s3a.S3AFileSystem (S3AFileSystem.java:lambda$getObjectMetadata$10(3044)) - HEAD test/testComplexDirActions/dir-0-0000/dir-0-0000-0000 with change tracker null
2025-01-02 17:46:59,022 [JUnit-testComplexDirActions] DEBUG impl.LoggingAuditor (LoggingAuditor.java:modifyHttpRequest(410)) - [153] 67226e31-30c8-4b12-bd8d-7af12d75e150-00000126 Executing op_mkdirs with {action_http_head_request 'test/testComplexDirActions/dir-0-0000/dir-0-0000-0000' size=0, mutating=false}; https://audit.example.org/hadoop/1/op_mkdirs/67226e31-30c8-4b12-bd8d-7af12d75e150-00000126/?op=op_mkdirs&p1=test/testComplexDirActions/dir-0-0000/dir-0-0000-0000&pr=runner&ps=a84b8fc4-c757-4eb1-9a3e-4c3b8d9615e9&id=67226e31-30c8-4b12-bd8d-7af12d75e150-00000126&t0=153&fs=67226e31-30c8-4b12-bd8d-7af12d75e150&t1=153&ts=1735840019004
2025-01-02 17:46:59,031 [JUnit-testComplexDirActions] DEBUG s3a.Invoker (Invoker.java:retryUntranslated(474)) - GET test/testComplexDirActions/dir-0-0000/dir-0-0000-0000 ; software.amazon.awssdk.services.s3.model.NoSuchKeyException: null (Service: S3, Status Code: 404, Request ID: ec6229c3-8e86-4f22-a330-31e3787375da, Extended Request ID: 2BcDZBjazFuxfX) (Service: S3, Status Code: 404, Request ID: ec6229c3-8e86-4f22-a330-31e3787375da), 
2025-01-02 17:46:59,031 [JUnit-testComplexDirActions] DEBUG s3a.S3ARetryPolicy (S3ARetryPolicy.java:shouldRetry(318)) - Retry probe for FileNotFoundException with 0 retries and 0 failovers, idempotent=true, due to java.io.FileNotFoundException: GET test/testComplexDirActions/dir-0-0000/dir-0-0000-0000 on /: software.amazon.awssdk.services.s3.model.NoSuchKeyException: null (Service: S3, Status Code: 404, Request ID: ec6229c3-8e86-4f22-a330-31e3787375da, Extended Request ID: 2BcDZBjazFuxfX) (Service: S3, Status Code: 404, Request ID: ec6229c3-8e86-4f22-a330-31e3787375da):NoSuchKey
java.io.FileNotFoundException: GET test/testComplexDirActions/dir-0-0000/dir-0-0000-0000 on /: software.amazon.awssdk.services.s3.model.NoSuchKeyException: null (Service: S3, Status Code: 404, Request ID: ec6229c3-8e86-4f22-a330-31e3787375da, Extended Request ID: 2BcDZBjazFuxfX) (Service: S3, Status Code: 404, Request ID: ec6229c3-8e86-4f22-a330-31e3787375da):NoSuchKey
	at org.apache.hadoop.fs.s3a.S3AUtils.translateException(S3AUtils.java:279)
	at org.apache.hadoop.fs.s3a.Invoker.retryUntranslated(Invoker.java:481)
	at org.apache.hadoop.fs.s3a.Invoker.retryUntranslated(Invoker.java:431)
	at org.apache.hadoop.fs.s3a.S3AFileSystem.getObjectMetadata(S3AFileSystem.java:3036)
	at org.apache.hadoop.fs.s3a.S3AFileSystem.getObjectMetadata(S3AFileSystem.java:3016)
	at org.apache.hadoop.fs.s3a.S3AFileSystem.s3GetFileStatus(S3AFileSystem.java:4079)
	at org.apache.hadoop.fs.s3a.S3AFileSystem.innerGetFileStatus(S3AFileSystem.java:4007)
	at org.apache.hadoop.fs.s3a.S3AFileSystem$MkdirOperationCallbacksImpl.probePathStatus(S3AFileSystem.java:3864)
	at org.apache.hadoop.fs.s3a.impl.MkdirOperation.probePathStatusOrNull(MkdirOperation.java:218)
	at org.apache.hadoop.fs.s3a.impl.MkdirOperation.getPathStatusExpectingDir(MkdirOperation.java:242)
	at org.apache.hadoop.fs.s3a.impl.MkdirOperation.execute(MkdirOperation.java:134)
	at org.apache.hadoop.fs.s3a.impl.MkdirOperation.execute(MkdirOperation.java:59)
	at org.apache.hadoop.fs.s3a.impl.ExecutingStoreOperation.apply(ExecutingStoreOperation.java:76)
	at org.apache.hadoop.fs.statistics.impl.IOStatisticsBinding.invokeTrackingDuration(IOStatisticsBinding.java:547)
	at org.apache.hadoop.fs.statistics.impl.IOStatisticsBinding.lambda$trackDurationOfOperation$5(IOStatisticsBinding.java:528)
	at org.apache.hadoop.fs.statistics.impl.IOStatisticsBinding.trackDuration(IOStatisticsBinding.java:449)
	at org.apache.hadoop.fs.s3a.S3AFileSystem.trackDurationAndSpan(S3AFileSystem.java:2865)
	at org.apache.hadoop.fs.s3a.S3AFileSystem.trackDurationAndSpan(S3AFileSystem.java:2884)
	at org.apache.hadoop.fs.s3a.S3AFileSystem.mkdirs(S3AFileSystem.java:3835)
	at org.apache.hadoop.fs.FileSystem.mkdirs(FileSystem.java:2496)
	at org.apache.hadoop.fs.contract.ContractTestUtils.createSubdirs(ContractTestUtils.java:1423)
	at org.apache.hadoop.fs.contract.ContractTestUtils.createSubdirs(ContractTestUtils.java:1436)
	at org.apache.hadoop.fs.contract.ContractTestUtils.createSubdirs(ContractTestUtils.java:1436)
	at org.apache.hadoop.fs.contract.ContractTestUtils.createSubdirs(ContractTestUtils.java:1396)
	at org.apache.hadoop.fs.contract.AbstractContractGetFileStatusTest.createTestTree(AbstractContractGetFileStatusTest.java:494)
	at org.apache.hadoop.fs.contract.AbstractContractGetFileStatusTest.testComplexDirActions(AbstractContractGetFileStatusTest.java:151)
	at java.base/jdk.internal.reflect.NativeMethodAccessorImpl.invoke0(Native Method)
	at java.base/jdk.internal.reflect.NativeMethodAccessorImpl.invoke(NativeMethodAccessorImpl.java:62)
	at java.base/jdk.internal.reflect.DelegatingMethodAccessorImpl.invoke(DelegatingMethodAccessorImpl.java:43)
	at java.base/java.lang.reflect.Method.invoke(Method.java:566)
	at org.junit.runners.model.FrameworkMethod$1.runReflectiveCall(FrameworkMethod.java:59)
	at org.junit.internal.runners.model.ReflectiveCallable.run(ReflectiveCallable.java:12)
	at org.junit.runners.model.FrameworkMethod.invokeExplosively(FrameworkMethod.java:56)
	at org.junit.internal.runners.statements.InvokeMethod.evaluate(InvokeMethod.java:17)
	at org.junit.internal.runners.statements.RunBefores.evaluate(RunBefores.java:26)
	at org.junit.internal.runners.statements.RunAfters.evaluate(RunAfters.java:27)
	at org.junit.rules.TestWatcher$1.evaluate(TestWatcher.java:61)
	at org.junit.internal.runners.statements.FailOnTimeout$CallableStatement.call(FailOnTimeout.java:299)
	at org.junit.internal.runners.statements.FailOnTimeout$CallableStatement.call(FailOnTimeout.java:293)
	at java.base/java.util.concurrent.FutureTask.run(FutureTask.java:264)
	at java.base/java.lang.Thread.run(Thread.java:829)
Caused by: software.amazon.awssdk.services.s3.model.NoSuchKeyException: null (Service: S3, Status Code: 404, Request ID: ec6229c3-8e86-4f22-a330-31e3787375da, Extended Request ID: 2BcDZBjazFuxfX) (Service: S3, Status Code: 404, Request ID: ec6229c3-8e86-4f22-a330-31e3787375da)
	at software.amazon.awssdk.services.s3.model.NoSuchKeyException$BuilderImpl.build(NoSuchKeyException.java:126)
	at software.amazon.awssdk.services.s3.model.NoSuchKeyException$BuilderImpl.build(NoSuchKeyException.java:80)
	at software.amazon.awssdk.services.s3.internal.handlers.ExceptionTranslationInterceptor.modifyException(ExceptionTranslationInterceptor.java:63)
	at software.amazon.awssdk.core.interceptor.ExecutionInterceptorChain.modifyException(ExecutionInterceptorChain.java:181)
	at software.amazon.awssdk.core.internal.http.pipeline.stages.utils.ExceptionReportingUtils.runModifyException(ExceptionReportingUtils.java:54)
	at software.amazon.awssdk.core.internal.http.pipeline.stages.utils.ExceptionReportingUtils.reportFailureToInterceptors(ExceptionReportingUtils.java:38)
	at software.amazon.awssdk.core.internal.http.pipeline.stages.ExecutionFailureExceptionReportingStage.execute(ExecutionFailureExceptionReportingStage.java:39)
	at software.amazon.awssdk.core.internal.http.pipeline.stages.ExecutionFailureExceptionReportingStage.execute(ExecutionFailureExceptionReportingStage.java:26)
	at software.amazon.awssdk.core.internal.http.AmazonSyncHttpClient$RequestExecutionBuilderImpl.execute(AmazonSyncHttpClient.java:224)
	at software.amazon.awssdk.core.internal.handler.BaseSyncClientHandler.invoke(BaseSyncClientHandler.java:103)
	at software.amazon.awssdk.core.internal.handler.BaseSyncClientHandler.doExecute(BaseSyncClientHandler.java:173)
	at software.amazon.awssdk.core.internal.handler.BaseSyncClientHandler.lambda$execute$1(BaseSyncClientHandler.java:80)
	at software.amazon.awssdk.core.internal.handler.BaseSyncClientHandler.measureApiCallSuccess(BaseSyncClientHandler.java:182)
	at software.amazon.awssdk.core.internal.handler.BaseSyncClientHandler.execute(BaseSyncClientHandler.java:74)
	at software.amazon.awssdk.core.client.handler.SdkSyncClientHandler.execute(SdkSyncClientHandler.java:45)
	at software.amazon.awssdk.awscore.client.handler.AwsSyncClientHandler.execute(AwsSyncClientHandler.java:53)
	at software.amazon.awssdk.services.s3.DefaultS3Client.headObject(DefaultS3Client.java:6319)
	at software.amazon.awssdk.services.s3.DelegatingS3Client.lambda$headObject$53(DelegatingS3Client.java:5053)
	at software.amazon.awssdk.services.s3.internal.crossregion.S3CrossRegionSyncClient.invokeOperation(S3CrossRegionSyncClient.java:67)
	at software.amazon.awssdk.services.s3.DelegatingS3Client.headObject(DelegatingS3Client.java:5053)
	at org.apache.hadoop.fs.s3a.S3AFileSystem.lambda$getObjectMetadata$10(S3AFileSystem.java:3049)
	at org.apache.hadoop.fs.s3a.Invoker.retryUntranslated(Invoker.java:468)
	... 39 more
2025-01-02 17:46:59,031 [JUnit-testComplexDirActions] DEBUG s3a.S3ARetryPolicy (S3ARetryPolicy.java:shouldRetry(323)) - Retry action is RetryAction(action=FAIL, delayMillis=0, reason=try once and fail.)
2025-01-02 17:46:59,031 [JUnit-testComplexDirActions] DEBUG s3a.S3AFileSystem (S3AFileSystem.java:s3GetFileStatus(4155)) - Not Found: s3a://obs-bucket/test/testComplexDirActions/dir-0-0000/dir-0-0000-0000
2025-01-02 17:46:59,032 [JUnit-testComplexDirActions] DEBUG s3a.S3AFileSystem (S3AFileSystem.java:innerGetFileStatus(4005)) - Getting path status for s3a://obs-bucket/test/testComplexDirActions/dir-0-0000  (test/testComplexDirActions/dir-0-0000); needEmptyDirectory=false
2025-01-02 17:46:59,032 [JUnit-testComplexDirActions] DEBUG s3a.S3AFileSystem (S3AFileSystem.java:s3GetFileStatus(4064)) - S3GetFileStatus s3a://obs-bucket/test/testComplexDirActions/dir-0-0000
2025-01-02 17:46:59,032 [JUnit-testComplexDirActions] DEBUG s3a.S3AFileSystem (S3AFileSystem.java:listObjects(3107)) - LIST List obs-bucket:/test/testComplexDirActions/dir-0-0000/ delimiter=/ keys=2 requester pays=null
2025-01-02 17:46:59,032 [JUnit-testComplexDirActions] DEBUG s3a.S3AFileSystem (DurationInfo.java:<init>(80)) - Starting: LIST
2025-01-02 17:46:59,033 [JUnit-testComplexDirActions] DEBUG impl.LoggingAuditor (LoggingAuditor.java:modifyHttpRequest(410)) - [153] 67226e31-30c8-4b12-bd8d-7af12d75e150-00000126 Executing op_mkdirs with {object_list_request 'test/testComplexDirActions/dir-0-0000/' size=2, mutating=false}; https://audit.example.org/hadoop/1/op_mkdirs/67226e31-30c8-4b12-bd8d-7af12d75e150-00000126/?op=op_mkdirs&p1=test/testComplexDirActions/dir-0-0000/dir-0-0000-0000&pr=runner&ps=a84b8fc4-c757-4eb1-9a3e-4c3b8d9615e9&id=67226e31-30c8-4b12-bd8d-7af12d75e150-00000126&t0=153&fs=67226e31-30c8-4b12-bd8d-7af12d75e150&t1=153&ts=1735840019004
2025-01-02 17:46:59,041 [JUnit-testComplexDirActions] DEBUG s3a.S3AFileSystem (DurationInfo.java:close(101)) - LIST: duration 0:00.009s
2025-01-02 17:46:59,041 [JUnit-testComplexDirActions] DEBUG s3a.S3AFileSystem (S3AFileSystem.java:s3GetFileStatus(4128)) - Found path as directory (with /)
2025-01-02 17:46:59,041 [JUnit-testComplexDirActions] DEBUG s3a.S3AFileSystem (S3ListResult.java:logAtDebug(146)) - Prefix count = 0; object count=2
2025-01-02 17:46:59,042 [JUnit-testComplexDirActions] DEBUG s3a.S3AFileSystem (S3ListResult.java:logAtDebug(149)) - Summary: test/testComplexDirActions/dir-0-0000/ 0
2025-01-02 17:46:59,042 [JUnit-testComplexDirActions] DEBUG s3a.S3AFileSystem (S3ListResult.java:logAtDebug(149)) - Summary: test/testComplexDirActions/dir-0-0000/file--0-0000-0000.txt 512
2025-01-02 17:46:59,042 [JUnit-testComplexDirActions] DEBUG s3a.Invoker (DurationInfo.java:<init>(80)) - Starting: PUT 0-byte object 
2025-01-02 17:46:59,042 [JUnit-testComplexDirActions] DEBUG s3a.S3AFileSystem (S3AFileSystem.java:putObjectDirect(3340)) - PUT 0 bytes to test/testComplexDirActions/dir-0-0000/dir-0-0000-0000/
2025-01-02 17:46:59,042 [JUnit-testComplexDirActions] DEBUG impl.S3AStoreImpl (S3AStoreImpl.java:incrementPutStartStatistics(397)) - PUT start 0 bytes
2025-01-02 17:46:59,043 [JUnit-testComplexDirActions] DEBUG impl.LoggingAuditor (LoggingAuditor.java:modifyHttpRequest(410)) - [153] 67226e31-30c8-4b12-bd8d-7af12d75e150-00000126 Executing op_mkdirs with {object_put_request 'test/testComplexDirActions/dir-0-0000/dir-0-0000-0000/' size=0, mutating=true}; https://audit.example.org/hadoop/1/op_mkdirs/67226e31-30c8-4b12-bd8d-7af12d75e150-00000126/?op=op_mkdirs&p1=test/testComplexDirActions/dir-0-0000/dir-0-0000-0000&pr=runner&ps=a84b8fc4-c757-4eb1-9a3e-4c3b8d9615e9&id=67226e31-30c8-4b12-bd8d-7af12d75e150-00000126&t0=153&fs=67226e31-30c8-4b12-bd8d-7af12d75e150&t1=153&ts=1735840019004
2025-01-02 17:46:59,044 [JUnit-testComplexDirActions] INFO  impl.UploadContentProviders (UploadContentProviders.java:newStream(289)) - Stream recreated: ByteArrayContentProvider{buffer with length=0, offset=0} BaseContentProvider{size=0, initiated at 2025-01-02T17:46:59.042323, streamCreationCount=2, currentStream=null}
2025-01-02 17:46:59,084 [JUnit-testComplexDirActions] DEBUG impl.S3AStoreImpl (S3AStoreImpl.java:incrementPutCompletedStatistics(414)) - PUT completed success=true; 0 bytes
2025-01-02 17:46:59,084 [JUnit-testComplexDirActions] DEBUG s3a.S3AFileSystem (S3AFileSystem.java:finishedWrite(4727)) - Finished write to test/testComplexDirActions/dir-0-0000/dir-0-0000-0000/, len 0.
2025-01-02 17:46:59,084 [JUnit-testComplexDirActions] DEBUG s3a.Invoker (DurationInfo.java:close(101)) - PUT 0-byte object : duration 0:00.042s
2025-01-02 17:46:59,084 [JUnit-testComplexDirActions] DEBUG S3AFileSystem.Progress (S3AStoreImpl.java:incrementPutProgressStatistics(432)) - PUT test/testComplexDirActions/dir-0-0000/dir-0-0000-0000: 0 bytes
2025-01-02 17:46:59,085 [JUnit-testComplexDirActions] DEBUG s3a.S3AFileSystem (S3AFileSystem.java:innerGetFileStatus(4005)) - Getting path status for s3a://obs-bucket/test/testComplexDirActions/dir-0-0000/dir-0-0000-0000  (test/testComplexDirActions/dir-0-0000/dir-0-0000-0000); needEmptyDirectory=false
2025-01-02 17:46:59,085 [JUnit-testComplexDirActions] DEBUG s3a.S3AFileSystem (S3AFileSystem.java:s3GetFileStatus(4064)) - S3GetFileStatus s3a://obs-bucket/test/testComplexDirActions/dir-0-0000/dir-0-0000-0000
2025-01-02 17:46:59,085 [JUnit-testComplexDirActions] DEBUG s3a.S3AFileSystem (S3AFileSystem.java:lambda$getObjectMetadata$10(3044)) - HEAD test/testComplexDirActions/dir-0-0000/dir-0-0000-0000 with change tracker null
2025-01-02 17:46:59,086 [JUnit-testComplexDirActions] DEBUG impl.LoggingAuditor (LoggingAuditor.java:modifyHttpRequest(410)) - [153] 67226e31-30c8-4b12-bd8d-7af12d75e150-00000127 Executing op_get_file_status with {action_http_head_request 'test/testComplexDirActions/dir-0-0000/dir-0-0000-0000' size=0, mutating=false}; https://audit.example.org/hadoop/1/op_get_file_status/67226e31-30c8-4b12-bd8d-7af12d75e150-00000127/?op=op_get_file_status&p1=test/testComplexDirActions/dir-0-0000/dir-0-0000-0000&pr=runner&ps=a84b8fc4-c757-4eb1-9a3e-4c3b8d9615e9&id=67226e31-30c8-4b12-bd8d-7af12d75e150-00000127&t0=153&fs=67226e31-30c8-4b12-bd8d-7af12d75e150&t1=153&ts=1735840019084
2025-01-02 17:46:59,092 [JUnit-testComplexDirActions] DEBUG s3a.Invoker (Invoker.java:retryUntranslated(474)) - GET test/testComplexDirActions/dir-0-0000/dir-0-0000-0000 ; software.amazon.awssdk.services.s3.model.NoSuchKeyException: null (Service: S3, Status Code: 404, Request ID: 774b3633-6d17-4aea-befb-26b94805fc8c, Extended Request ID: ax2Y9PUE) (Service: S3, Status Code: 404, Request ID: 774b3633-6d17-4aea-befb-26b94805fc8c), 
2025-01-02 17:46:59,092 [JUnit-testComplexDirActions] DEBUG s3a.S3ARetryPolicy (S3ARetryPolicy.java:shouldRetry(318)) - Retry probe for FileNotFoundException with 0 retries and 0 failovers, idempotent=true, due to java.io.FileNotFoundException: GET test/testComplexDirActions/dir-0-0000/dir-0-0000-0000 on /: software.amazon.awssdk.services.s3.model.NoSuchKeyException: null (Service: S3, Status Code: 404, Request ID: 774b3633-6d17-4aea-befb-26b94805fc8c, Extended Request ID: ax2Y9PUE) (Service: S3, Status Code: 404, Request ID: 774b3633-6d17-4aea-befb-26b94805fc8c):NoSuchKey
java.io.FileNotFoundException: GET test/testComplexDirActions/dir-0-0000/dir-0-0000-0000 on /: software.amazon.awssdk.services.s3.model.NoSuchKeyException: null (Service: S3, Status Code: 404, Request ID: 774b3633-6d17-4aea-befb-26b94805fc8c, Extended Request ID: ax2Y9PUE) (Service: S3, Status Code: 404, Request ID: 774b3633-6d17-4aea-befb-26b94805fc8c):NoSuchKey
	at org.apache.hadoop.fs.s3a.S3AUtils.translateException(S3AUtils.java:279)
	at org.apache.hadoop.fs.s3a.Invoker.retryUntranslated(Invoker.java:481)
	at org.apache.hadoop.fs.s3a.Invoker.retryUntranslated(Invoker.java:431)
	at org.apache.hadoop.fs.s3a.S3AFileSystem.getObjectMetadata(S3AFileSystem.java:3036)
	at org.apache.hadoop.fs.s3a.S3AFileSystem.getObjectMetadata(S3AFileSystem.java:3016)
	at org.apache.hadoop.fs.s3a.S3AFileSystem.s3GetFileStatus(S3AFileSystem.java:4079)
	at org.apache.hadoop.fs.s3a.S3AFileSystem.innerGetFileStatus(S3AFileSystem.java:4007)
	at org.apache.hadoop.fs.s3a.S3AFileSystem.lambda$getFileStatus$22(S3AFileSystem.java:3984)
	at org.apache.hadoop.fs.statistics.impl.IOStatisticsBinding.invokeTrackingDuration(IOStatisticsBinding.java:547)
	at org.apache.hadoop.fs.statistics.impl.IOStatisticsBinding.lambda$trackDurationOfOperation$5(IOStatisticsBinding.java:528)
	at org.apache.hadoop.fs.statistics.impl.IOStatisticsBinding.trackDuration(IOStatisticsBinding.java:449)
	at org.apache.hadoop.fs.s3a.S3AFileSystem.trackDurationAndSpan(S3AFileSystem.java:2865)
	at org.apache.hadoop.fs.s3a.S3AFileSystem.trackDurationAndSpan(S3AFileSystem.java:2884)
	at org.apache.hadoop.fs.s3a.S3AFileSystem.getFileStatus(S3AFileSystem.java:3982)
	at org.apache.hadoop.fs.contract.ContractTestUtils$TreeScanResults.add(ContractTestUtils.java:1906)
	at org.apache.hadoop.fs.contract.ContractTestUtils.createSubdirs(ContractTestUtils.java:1438)
	at org.apache.hadoop.fs.contract.ContractTestUtils.createSubdirs(ContractTestUtils.java:1436)
	at org.apache.hadoop.fs.contract.ContractTestUtils.createSubdirs(ContractTestUtils.java:1396)
	at org.apache.hadoop.fs.contract.AbstractContractGetFileStatusTest.createTestTree(AbstractContractGetFileStatusTest.java:494)
	at org.apache.hadoop.fs.contract.AbstractContractGetFileStatusTest.testComplexDirActions(AbstractContractGetFileStatusTest.java:151)
	at java.base/jdk.internal.reflect.NativeMethodAccessorImpl.invoke0(Native Method)
	at java.base/jdk.internal.reflect.NativeMethodAccessorImpl.invoke(NativeMethodAccessorImpl.java:62)
	at java.base/jdk.internal.reflect.DelegatingMethodAccessorImpl.invoke(DelegatingMethodAccessorImpl.java:43)
	at java.base/java.lang.reflect.Method.invoke(Method.java:566)
	at org.junit.runners.model.FrameworkMethod$1.runReflectiveCall(FrameworkMethod.java:59)
	at org.junit.internal.runners.model.ReflectiveCallable.run(ReflectiveCallable.java:12)
	at org.junit.runners.model.FrameworkMethod.invokeExplosively(FrameworkMethod.java:56)
	at org.junit.internal.runners.statements.InvokeMethod.evaluate(InvokeMethod.java:17)
	at org.junit.internal.runners.statements.RunBefores.evaluate(RunBefores.java:26)
	at org.junit.internal.runners.statements.RunAfters.evaluate(RunAfters.java:27)
	at org.junit.rules.TestWatcher$1.evaluate(TestWatcher.java:61)
	at org.junit.internal.runners.statements.FailOnTimeout$CallableStatement.call(FailOnTimeout.java:299)
	at org.junit.internal.runners.statements.FailOnTimeout$CallableStatement.call(FailOnTimeout.java:293)
	at java.base/java.util.concurrent.FutureTask.run(FutureTask.java:264)
	at java.base/java.lang.Thread.run(Thread.java:829)
Caused by: software.amazon.awssdk.services.s3.model.NoSuchKeyException: null (Service: S3, Status Code: 404, Request ID: 774b3633-6d17-4aea-befb-26b94805fc8c, Extended Request ID: ax2Y9PUE) (Service: S3, Status Code: 404, Request ID: 774b3633-6d17-4aea-befb-26b94805fc8c)
	at software.amazon.awssdk.services.s3.model.NoSuchKeyException$BuilderImpl.build(NoSuchKeyException.java:126)
	at software.amazon.awssdk.services.s3.model.NoSuchKeyException$BuilderImpl.build(NoSuchKeyException.java:80)
	at software.amazon.awssdk.services.s3.internal.handlers.ExceptionTranslationInterceptor.modifyException(ExceptionTranslationInterceptor.java:63)
	at software.amazon.awssdk.core.interceptor.ExecutionInterceptorChain.modifyException(ExecutionInterceptorChain.java:181)
	at software.amazon.awssdk.core.internal.http.pipeline.stages.utils.ExceptionReportingUtils.runModifyException(ExceptionReportingUtils.java:54)
	at software.amazon.awssdk.core.internal.http.pipeline.stages.utils.ExceptionReportingUtils.reportFailureToInterceptors(ExceptionReportingUtils.java:38)
	at software.amazon.awssdk.core.internal.http.pipeline.stages.ExecutionFailureExceptionReportingStage.execute(ExecutionFailureExceptionReportingStage.java:39)
	at software.amazon.awssdk.core.internal.http.pipeline.stages.ExecutionFailureExceptionReportingStage.execute(ExecutionFailureExceptionReportingStage.java:26)
	at software.amazon.awssdk.core.internal.http.AmazonSyncHttpClient$RequestExecutionBuilderImpl.execute(AmazonSyncHttpClient.java:224)
	at software.amazon.awssdk.core.internal.handler.BaseSyncClientHandler.invoke(BaseSyncClientHandler.java:103)
	at software.amazon.awssdk.core.internal.handler.BaseSyncClientHandler.doExecute(BaseSyncClientHandler.java:173)
	at software.amazon.awssdk.core.internal.handler.BaseSyncClientHandler.lambda$execute$1(BaseSyncClientHandler.java:80)
	at software.amazon.awssdk.core.internal.handler.BaseSyncClientHandler.measureApiCallSuccess(BaseSyncClientHandler.java:182)
	at software.amazon.awssdk.core.internal.handler.BaseSyncClientHandler.execute(BaseSyncClientHandler.java:74)
	at software.amazon.awssdk.core.client.handler.SdkSyncClientHandler.execute(SdkSyncClientHandler.java:45)
	at software.amazon.awssdk.awscore.client.handler.AwsSyncClientHandler.execute(AwsSyncClientHandler.java:53)
	at software.amazon.awssdk.services.s3.DefaultS3Client.headObject(DefaultS3Client.java:6319)
	at software.amazon.awssdk.services.s3.DelegatingS3Client.lambda$headObject$53(DelegatingS3Client.java:5053)
	at software.amazon.awssdk.services.s3.internal.crossregion.S3CrossRegionSyncClient.invokeOperation(S3CrossRegionSyncClient.java:67)
	at software.amazon.awssdk.services.s3.DelegatingS3Client.headObject(DelegatingS3Client.java:5053)
	at org.apache.hadoop.fs.s3a.S3AFileSystem.lambda$getObjectMetadata$10(S3AFileSystem.java:3049)
	at org.apache.hadoop.fs.s3a.Invoker.retryUntranslated(Invoker.java:468)
	... 33 more
2025-01-02 17:46:59,093 [JUnit-testComplexDirActions] DEBUG s3a.S3ARetryPolicy (S3ARetryPolicy.java:shouldRetry(323)) - Retry action is RetryAction(action=FAIL, delayMillis=0, reason=try once and fail.)
2025-01-02 17:46:59,093 [JUnit-testComplexDirActions] DEBUG s3a.S3AFileSystem (S3AFileSystem.java:listObjects(3107)) - LIST List obs-bucket:/test/testComplexDirActions/dir-0-0000/dir-0-0000-0000/ delimiter=/ keys=2 requester pays=null
2025-01-02 17:46:59,093 [JUnit-testComplexDirActions] DEBUG s3a.S3AFileSystem (DurationInfo.java:<init>(80)) - Starting: LIST
2025-01-02 17:46:59,094 [JUnit-testComplexDirActions] DEBUG impl.LoggingAuditor (LoggingAuditor.java:modifyHttpRequest(410)) - [153] 67226e31-30c8-4b12-bd8d-7af12d75e150-00000127 Executing op_get_file_status with {object_list_request 'test/testComplexDirActions/dir-0-0000/dir-0-0000-0000/' size=2, mutating=false}; https://audit.example.org/hadoop/1/op_get_file_status/67226e31-30c8-4b12-bd8d-7af12d75e150-00000127/?op=op_get_file_status&p1=test/testComplexDirActions/dir-0-0000/dir-0-0000-0000&pr=runner&ps=a84b8fc4-c757-4eb1-9a3e-4c3b8d9615e9&id=67226e31-30c8-4b12-bd8d-7af12d75e150-00000127&t0=153&fs=67226e31-30c8-4b12-bd8d-7af12d75e150&t1=153&ts=1735840019084
2025-01-02 17:46:59,103 [JUnit-testComplexDirActions] DEBUG s3a.S3AFileSystem (DurationInfo.java:close(101)) - LIST: duration 0:00.010s
2025-01-02 17:46:59,103 [JUnit-testComplexDirActions] DEBUG s3a.S3AFileSystem (S3AFileSystem.java:s3GetFileStatus(4128)) - Found path as directory (with /)
2025-01-02 17:46:59,103 [JUnit-testComplexDirActions] DEBUG s3a.S3AFileSystem (S3ListResult.java:logAtDebug(146)) - Prefix count = 0; object count=1
2025-01-02 17:46:59,104 [JUnit-testComplexDirActions] DEBUG s3a.S3AFileSystem (S3ListResult.java:logAtDebug(149)) - Summary: test/testComplexDirActions/dir-0-0000/dir-0-0000-0000/ 0
2025-01-02 17:46:59,104 [JUnit-testComplexDirActions] DEBUG impl.MkdirOperation (MkdirOperation.java:execute(120)) - Making directory: s3a://obs-bucket/test/testComplexDirActions/dir-0-0000/dir-0-0000-0001
2025-01-02 17:46:59,104 [JUnit-testComplexDirActions] DEBUG s3a.S3AFileSystem (S3AFileSystem.java:innerGetFileStatus(4005)) - Getting path status for s3a://obs-bucket/test/testComplexDirActions/dir-0-0000/dir-0-0000-0001  (test/testComplexDirActions/dir-0-0000/dir-0-0000-0001); needEmptyDirectory=false
2025-01-02 17:46:59,104 [JUnit-testComplexDirActions] DEBUG s3a.S3AFileSystem (S3AFileSystem.java:s3GetFileStatus(4064)) - S3GetFileStatus s3a://obs-bucket/test/testComplexDirActions/dir-0-0000/dir-0-0000-0001
2025-01-02 17:46:59,104 [JUnit-testComplexDirActions] DEBUG s3a.S3AFileSystem (S3AFileSystem.java:listObjects(3107)) - LIST List obs-bucket:/test/testComplexDirActions/dir-0-0000/dir-0-0000-0001/ delimiter=/ keys=2 requester pays=null
2025-01-02 17:46:59,104 [JUnit-testComplexDirActions] DEBUG s3a.S3AFileSystem (DurationInfo.java:<init>(80)) - Starting: LIST
2025-01-02 17:46:59,106 [JUnit-testComplexDirActions] DEBUG impl.LoggingAuditor (LoggingAuditor.java:modifyHttpRequest(410)) - [153] 67226e31-30c8-4b12-bd8d-7af12d75e150-00000128 Executing op_mkdirs with {object_list_request 'test/testComplexDirActions/dir-0-0000/dir-0-0000-0001/' size=2, mutating=false}; https://audit.example.org/hadoop/1/op_mkdirs/67226e31-30c8-4b12-bd8d-7af12d75e150-00000128/?op=op_mkdirs&p1=test/testComplexDirActions/dir-0-0000/dir-0-0000-0001&pr=runner&ps=a84b8fc4-c757-4eb1-9a3e-4c3b8d9615e9&id=67226e31-30c8-4b12-bd8d-7af12d75e150-00000128&t0=153&fs=67226e31-30c8-4b12-bd8d-7af12d75e150&t1=153&ts=1735840019104
2025-01-02 17:46:59,112 [JUnit-testComplexDirActions] DEBUG s3a.S3AFileSystem (DurationInfo.java:close(101)) - LIST: duration 0:00.008s
2025-01-02 17:46:59,112 [JUnit-testComplexDirActions] DEBUG s3a.S3AFileSystem (S3AFileSystem.java:s3GetFileStatus(4155)) - Not Found: s3a://obs-bucket/test/testComplexDirActions/dir-0-0000/dir-0-0000-0001
2025-01-02 17:46:59,113 [JUnit-testComplexDirActions] DEBUG s3a.S3AFileSystem (S3AFileSystem.java:innerGetFileStatus(4005)) - Getting path status for s3a://obs-bucket/test/testComplexDirActions/dir-0-0000/dir-0-0000-0001  (test/testComplexDirActions/dir-0-0000/dir-0-0000-0001); needEmptyDirectory=false
2025-01-02 17:46:59,113 [JUnit-testComplexDirActions] DEBUG s3a.S3AFileSystem (S3AFileSystem.java:s3GetFileStatus(4064)) - S3GetFileStatus s3a://obs-bucket/test/testComplexDirActions/dir-0-0000/dir-0-0000-0001
2025-01-02 17:46:59,113 [JUnit-testComplexDirActions] DEBUG s3a.S3AFileSystem (S3AFileSystem.java:lambda$getObjectMetadata$10(3044)) - HEAD test/testComplexDirActions/dir-0-0000/dir-0-0000-0001 with change tracker null
2025-01-02 17:46:59,114 [JUnit-testComplexDirActions] DEBUG impl.LoggingAuditor (LoggingAuditor.java:modifyHttpRequest(410)) - [153] 67226e31-30c8-4b12-bd8d-7af12d75e150-00000128 Executing op_mkdirs with {action_http_head_request 'test/testComplexDirActions/dir-0-0000/dir-0-0000-0001' size=0, mutating=false}; https://audit.example.org/hadoop/1/op_mkdirs/67226e31-30c8-4b12-bd8d-7af12d75e150-00000128/?op=op_mkdirs&p1=test/testComplexDirActions/dir-0-0000/dir-0-0000-0001&pr=runner&ps=a84b8fc4-c757-4eb1-9a3e-4c3b8d9615e9&id=67226e31-30c8-4b12-bd8d-7af12d75e150-00000128&t0=153&fs=67226e31-30c8-4b12-bd8d-7af12d75e150&t1=153&ts=1735840019104
2025-01-02 17:46:59,120 [JUnit-testComplexDirActions] DEBUG s3a.Invoker (Invoker.java:retryUntranslated(474)) - GET test/testComplexDirActions/dir-0-0000/dir-0-0000-0001 ; software.amazon.awssdk.services.s3.model.NoSuchKeyException: null (Service: S3, Status Code: 404, Request ID: 0d0e10af-17a8-4c3f-a77b-3587cd2f5fa4, Extended Request ID: r9i02LZg) (Service: S3, Status Code: 404, Request ID: 0d0e10af-17a8-4c3f-a77b-3587cd2f5fa4), 
2025-01-02 17:46:59,120 [JUnit-testComplexDirActions] DEBUG s3a.S3ARetryPolicy (S3ARetryPolicy.java:shouldRetry(318)) - Retry probe for FileNotFoundException with 0 retries and 0 failovers, idempotent=true, due to java.io.FileNotFoundException: GET test/testComplexDirActions/dir-0-0000/dir-0-0000-0001 on /: software.amazon.awssdk.services.s3.model.NoSuchKeyException: null (Service: S3, Status Code: 404, Request ID: 0d0e10af-17a8-4c3f-a77b-3587cd2f5fa4, Extended Request ID: r9i02LZg) (Service: S3, Status Code: 404, Request ID: 0d0e10af-17a8-4c3f-a77b-3587cd2f5fa4):NoSuchKey
java.io.FileNotFoundException: GET test/testComplexDirActions/dir-0-0000/dir-0-0000-0001 on /: software.amazon.awssdk.services.s3.model.NoSuchKeyException: null (Service: S3, Status Code: 404, Request ID: 0d0e10af-17a8-4c3f-a77b-3587cd2f5fa4, Extended Request ID: r9i02LZg) (Service: S3, Status Code: 404, Request ID: 0d0e10af-17a8-4c3f-a77b-3587cd2f5fa4):NoSuchKey
	at org.apache.hadoop.fs.s3a.S3AUtils.translateException(S3AUtils.java:279)
	at org.apache.hadoop.fs.s3a.Invoker.retryUntranslated(Invoker.java:481)
	at org.apache.hadoop.fs.s3a.Invoker.retryUntranslated(Invoker.java:431)
	at org.apache.hadoop.fs.s3a.S3AFileSystem.getObjectMetadata(S3AFileSystem.java:3036)
	at org.apache.hadoop.fs.s3a.S3AFileSystem.getObjectMetadata(S3AFileSystem.java:3016)
	at org.apache.hadoop.fs.s3a.S3AFileSystem.s3GetFileStatus(S3AFileSystem.java:4079)
	at org.apache.hadoop.fs.s3a.S3AFileSystem.innerGetFileStatus(S3AFileSystem.java:4007)
	at org.apache.hadoop.fs.s3a.S3AFileSystem$MkdirOperationCallbacksImpl.probePathStatus(S3AFileSystem.java:3864)
	at org.apache.hadoop.fs.s3a.impl.MkdirOperation.probePathStatusOrNull(MkdirOperation.java:218)
	at org.apache.hadoop.fs.s3a.impl.MkdirOperation.getPathStatusExpectingDir(MkdirOperation.java:242)
	at org.apache.hadoop.fs.s3a.impl.MkdirOperation.execute(MkdirOperation.java:134)
	at org.apache.hadoop.fs.s3a.impl.MkdirOperation.execute(MkdirOperation.java:59)
	at org.apache.hadoop.fs.s3a.impl.ExecutingStoreOperation.apply(ExecutingStoreOperation.java:76)
	at org.apache.hadoop.fs.statistics.impl.IOStatisticsBinding.invokeTrackingDuration(IOStatisticsBinding.java:547)
	at org.apache.hadoop.fs.statistics.impl.IOStatisticsBinding.lambda$trackDurationOfOperation$5(IOStatisticsBinding.java:528)
	at org.apache.hadoop.fs.statistics.impl.IOStatisticsBinding.trackDuration(IOStatisticsBinding.java:449)
	at org.apache.hadoop.fs.s3a.S3AFileSystem.trackDurationAndSpan(S3AFileSystem.java:2865)
	at org.apache.hadoop.fs.s3a.S3AFileSystem.trackDurationAndSpan(S3AFileSystem.java:2884)
	at org.apache.hadoop.fs.s3a.S3AFileSystem.mkdirs(S3AFileSystem.java:3835)
	at org.apache.hadoop.fs.FileSystem.mkdirs(FileSystem.java:2496)
	at org.apache.hadoop.fs.contract.ContractTestUtils.createSubdirs(ContractTestUtils.java:1423)
	at org.apache.hadoop.fs.contract.ContractTestUtils.createSubdirs(ContractTestUtils.java:1436)
	at org.apache.hadoop.fs.contract.ContractTestUtils.createSubdirs(ContractTestUtils.java:1436)
	at org.apache.hadoop.fs.contract.ContractTestUtils.createSubdirs(ContractTestUtils.java:1396)
	at org.apache.hadoop.fs.contract.AbstractContractGetFileStatusTest.createTestTree(AbstractContractGetFileStatusTest.java:494)
	at org.apache.hadoop.fs.contract.AbstractContractGetFileStatusTest.testComplexDirActions(AbstractContractGetFileStatusTest.java:151)
	at java.base/jdk.internal.reflect.NativeMethodAccessorImpl.invoke0(Native Method)
	at java.base/jdk.internal.reflect.NativeMethodAccessorImpl.invoke(NativeMethodAccessorImpl.java:62)
	at java.base/jdk.internal.reflect.DelegatingMethodAccessorImpl.invoke(DelegatingMethodAccessorImpl.java:43)
	at java.base/java.lang.reflect.Method.invoke(Method.java:566)
	at org.junit.runners.model.FrameworkMethod$1.runReflectiveCall(FrameworkMethod.java:59)
	at org.junit.internal.runners.model.ReflectiveCallable.run(ReflectiveCallable.java:12)
	at org.junit.runners.model.FrameworkMethod.invokeExplosively(FrameworkMethod.java:56)
	at org.junit.internal.runners.statements.InvokeMethod.evaluate(InvokeMethod.java:17)
	at org.junit.internal.runners.statements.RunBefores.evaluate(RunBefores.java:26)
	at org.junit.internal.runners.statements.RunAfters.evaluate(RunAfters.java:27)
	at org.junit.rules.TestWatcher$1.evaluate(TestWatcher.java:61)
	at org.junit.internal.runners.statements.FailOnTimeout$CallableStatement.call(FailOnTimeout.java:299)
	at org.junit.internal.runners.statements.FailOnTimeout$CallableStatement.call(FailOnTimeout.java:293)
	at java.base/java.util.concurrent.FutureTask.run(FutureTask.java:264)
	at java.base/java.lang.Thread.run(Thread.java:829)
Caused by: software.amazon.awssdk.services.s3.model.NoSuchKeyException: null (Service: S3, Status Code: 404, Request ID: 0d0e10af-17a8-4c3f-a77b-3587cd2f5fa4, Extended Request ID: r9i02LZg) (Service: S3, Status Code: 404, Request ID: 0d0e10af-17a8-4c3f-a77b-3587cd2f5fa4)
	at software.amazon.awssdk.services.s3.model.NoSuchKeyException$BuilderImpl.build(NoSuchKeyException.java:126)
	at software.amazon.awssdk.services.s3.model.NoSuchKeyException$BuilderImpl.build(NoSuchKeyException.java:80)
	at software.amazon.awssdk.services.s3.internal.handlers.ExceptionTranslationInterceptor.modifyException(ExceptionTranslationInterceptor.java:63)
	at software.amazon.awssdk.core.interceptor.ExecutionInterceptorChain.modifyException(ExecutionInterceptorChain.java:181)
	at software.amazon.awssdk.core.internal.http.pipeline.stages.utils.ExceptionReportingUtils.runModifyException(ExceptionReportingUtils.java:54)
	at software.amazon.awssdk.core.internal.http.pipeline.stages.utils.ExceptionReportingUtils.reportFailureToInterceptors(ExceptionReportingUtils.java:38)
	at software.amazon.awssdk.core.internal.http.pipeline.stages.ExecutionFailureExceptionReportingStage.execute(ExecutionFailureExceptionReportingStage.java:39)
	at software.amazon.awssdk.core.internal.http.pipeline.stages.ExecutionFailureExceptionReportingStage.execute(ExecutionFailureExceptionReportingStage.java:26)
	at software.amazon.awssdk.core.internal.http.AmazonSyncHttpClient$RequestExecutionBuilderImpl.execute(AmazonSyncHttpClient.java:224)
	at software.amazon.awssdk.core.internal.handler.BaseSyncClientHandler.invoke(BaseSyncClientHandler.java:103)
	at software.amazon.awssdk.core.internal.handler.BaseSyncClientHandler.doExecute(BaseSyncClientHandler.java:173)
	at software.amazon.awssdk.core.internal.handler.BaseSyncClientHandler.lambda$execute$1(BaseSyncClientHandler.java:80)
	at software.amazon.awssdk.core.internal.handler.BaseSyncClientHandler.measureApiCallSuccess(BaseSyncClientHandler.java:182)
	at software.amazon.awssdk.core.internal.handler.BaseSyncClientHandler.execute(BaseSyncClientHandler.java:74)
	at software.amazon.awssdk.core.client.handler.SdkSyncClientHandler.execute(SdkSyncClientHandler.java:45)
	at software.amazon.awssdk.awscore.client.handler.AwsSyncClientHandler.execute(AwsSyncClientHandler.java:53)
	at software.amazon.awssdk.services.s3.DefaultS3Client.headObject(DefaultS3Client.java:6319)
	at software.amazon.awssdk.services.s3.DelegatingS3Client.lambda$headObject$53(DelegatingS3Client.java:5053)
	at software.amazon.awssdk.services.s3.internal.crossregion.S3CrossRegionSyncClient.invokeOperation(S3CrossRegionSyncClient.java:67)
	at software.amazon.awssdk.services.s3.DelegatingS3Client.headObject(DelegatingS3Client.java:5053)
	at org.apache.hadoop.fs.s3a.S3AFileSystem.lambda$getObjectMetadata$10(S3AFileSystem.java:3049)
	at org.apache.hadoop.fs.s3a.Invoker.retryUntranslated(Invoker.java:468)
	... 39 more
2025-01-02 17:46:59,121 [JUnit-testComplexDirActions] DEBUG s3a.S3ARetryPolicy (S3ARetryPolicy.java:shouldRetry(323)) - Retry action is RetryAction(action=FAIL, delayMillis=0, reason=try once and fail.)
2025-01-02 17:46:59,121 [JUnit-testComplexDirActions] DEBUG s3a.S3AFileSystem (S3AFileSystem.java:s3GetFileStatus(4155)) - Not Found: s3a://obs-bucket/test/testComplexDirActions/dir-0-0000/dir-0-0000-0001
2025-01-02 17:46:59,121 [JUnit-testComplexDirActions] DEBUG s3a.S3AFileSystem (S3AFileSystem.java:innerGetFileStatus(4005)) - Getting path status for s3a://obs-bucket/test/testComplexDirActions/dir-0-0000  (test/testComplexDirActions/dir-0-0000); needEmptyDirectory=false
2025-01-02 17:46:59,121 [JUnit-testComplexDirActions] DEBUG s3a.S3AFileSystem (S3AFileSystem.java:s3GetFileStatus(4064)) - S3GetFileStatus s3a://obs-bucket/test/testComplexDirActions/dir-0-0000
2025-01-02 17:46:59,121 [JUnit-testComplexDirActions] DEBUG s3a.S3AFileSystem (S3AFileSystem.java:listObjects(3107)) - LIST List obs-bucket:/test/testComplexDirActions/dir-0-0000/ delimiter=/ keys=2 requester pays=null
2025-01-02 17:46:59,121 [JUnit-testComplexDirActions] DEBUG s3a.S3AFileSystem (DurationInfo.java:<init>(80)) - Starting: LIST
2025-01-02 17:46:59,123 [JUnit-testComplexDirActions] DEBUG impl.LoggingAuditor (LoggingAuditor.java:modifyHttpRequest(410)) - [153] 67226e31-30c8-4b12-bd8d-7af12d75e150-00000128 Executing op_mkdirs with {object_list_request 'test/testComplexDirActions/dir-0-0000/' size=2, mutating=false}; https://audit.example.org/hadoop/1/op_mkdirs/67226e31-30c8-4b12-bd8d-7af12d75e150-00000128/?op=op_mkdirs&p1=test/testComplexDirActions/dir-0-0000/dir-0-0000-0001&pr=runner&ps=a84b8fc4-c757-4eb1-9a3e-4c3b8d9615e9&id=67226e31-30c8-4b12-bd8d-7af12d75e150-00000128&t0=153&fs=67226e31-30c8-4b12-bd8d-7af12d75e150&t1=153&ts=1735840019104
2025-01-02 17:46:59,131 [JUnit-testComplexDirActions] DEBUG s3a.S3AFileSystem (DurationInfo.java:close(101)) - LIST: duration 0:00.009s
2025-01-02 17:46:59,131 [JUnit-testComplexDirActions] DEBUG s3a.S3AFileSystem (S3AFileSystem.java:s3GetFileStatus(4128)) - Found path as directory (with /)
2025-01-02 17:46:59,131 [JUnit-testComplexDirActions] DEBUG s3a.S3AFileSystem (S3ListResult.java:logAtDebug(146)) - Prefix count = 1; object count=1
2025-01-02 17:46:59,131 [JUnit-testComplexDirActions] DEBUG s3a.S3AFileSystem (S3ListResult.java:logAtDebug(149)) - Summary: test/testComplexDirActions/dir-0-0000/ 0
2025-01-02 17:46:59,131 [JUnit-testComplexDirActions] DEBUG s3a.S3AFileSystem (S3ListResult.java:logAtDebug(152)) - Prefix: test/testComplexDirActions/dir-0-0000/dir-0-0000-0000/
2025-01-02 17:46:59,131 [JUnit-testComplexDirActions] DEBUG s3a.Invoker (DurationInfo.java:<init>(80)) - Starting: PUT 0-byte object 
2025-01-02 17:46:59,131 [JUnit-testComplexDirActions] DEBUG s3a.S3AFileSystem (S3AFileSystem.java:putObjectDirect(3340)) - PUT 0 bytes to test/testComplexDirActions/dir-0-0000/dir-0-0000-0001/
2025-01-02 17:46:59,132 [JUnit-testComplexDirActions] DEBUG impl.S3AStoreImpl (S3AStoreImpl.java:incrementPutStartStatistics(397)) - PUT start 0 bytes
2025-01-02 17:46:59,133 [JUnit-testComplexDirActions] DEBUG impl.LoggingAuditor (LoggingAuditor.java:modifyHttpRequest(410)) - [153] 67226e31-30c8-4b12-bd8d-7af12d75e150-00000128 Executing op_mkdirs with {object_put_request 'test/testComplexDirActions/dir-0-0000/dir-0-0000-0001/' size=0, mutating=true}; https://audit.example.org/hadoop/1/op_mkdirs/67226e31-30c8-4b12-bd8d-7af12d75e150-00000128/?op=op_mkdirs&p1=test/testComplexDirActions/dir-0-0000/dir-0-0000-0001&pr=runner&ps=a84b8fc4-c757-4eb1-9a3e-4c3b8d9615e9&id=67226e31-30c8-4b12-bd8d-7af12d75e150-00000128&t0=153&fs=67226e31-30c8-4b12-bd8d-7af12d75e150&t1=153&ts=1735840019104
2025-01-02 17:46:59,134 [JUnit-testComplexDirActions] INFO  impl.UploadContentProviders (UploadContentProviders.java:newStream(289)) - Stream recreated: ByteArrayContentProvider{buffer with length=0, offset=0} BaseContentProvider{size=0, initiated at 2025-01-02T17:46:59.131759, streamCreationCount=2, currentStream=null}
2025-01-02 17:46:59,152 [JUnit-testComplexDirActions] DEBUG impl.S3AStoreImpl (S3AStoreImpl.java:incrementPutCompletedStatistics(414)) - PUT completed success=true; 0 bytes
2025-01-02 17:46:59,152 [JUnit-testComplexDirActions] DEBUG s3a.S3AFileSystem (S3AFileSystem.java:finishedWrite(4727)) - Finished write to test/testComplexDirActions/dir-0-0000/dir-0-0000-0001/, len 0.
2025-01-02 17:46:59,152 [JUnit-testComplexDirActions] DEBUG s3a.Invoker (DurationInfo.java:close(101)) - PUT 0-byte object : duration 0:00.021s
2025-01-02 17:46:59,152 [JUnit-testComplexDirActions] DEBUG S3AFileSystem.Progress (S3AStoreImpl.java:incrementPutProgressStatistics(432)) - PUT test/testComplexDirActions/dir-0-0000/dir-0-0000-0001: 0 bytes
2025-01-02 17:46:59,153 [JUnit-testComplexDirActions] DEBUG s3a.S3AFileSystem (S3AFileSystem.java:innerGetFileStatus(4005)) - Getting path status for s3a://obs-bucket/test/testComplexDirActions/dir-0-0000/dir-0-0000-0001  (test/testComplexDirActions/dir-0-0000/dir-0-0000-0001); needEmptyDirectory=false
2025-01-02 17:46:59,153 [JUnit-testComplexDirActions] DEBUG s3a.S3AFileSystem (S3AFileSystem.java:s3GetFileStatus(4064)) - S3GetFileStatus s3a://obs-bucket/test/testComplexDirActions/dir-0-0000/dir-0-0000-0001
2025-01-02 17:46:59,153 [JUnit-testComplexDirActions] DEBUG s3a.S3AFileSystem (S3AFileSystem.java:lambda$getObjectMetadata$10(3044)) - HEAD test/testComplexDirActions/dir-0-0000/dir-0-0000-0001 with change tracker null
2025-01-02 17:46:59,157 [JUnit-testComplexDirActions] DEBUG impl.LoggingAuditor (LoggingAuditor.java:modifyHttpRequest(410)) - [153] 67226e31-30c8-4b12-bd8d-7af12d75e150-00000129 Executing op_get_file_status with {action_http_head_request 'test/testComplexDirActions/dir-0-0000/dir-0-0000-0001' size=0, mutating=false}; https://audit.example.org/hadoop/1/op_get_file_status/67226e31-30c8-4b12-bd8d-7af12d75e150-00000129/?op=op_get_file_status&p1=test/testComplexDirActions/dir-0-0000/dir-0-0000-0001&pr=runner&ps=a84b8fc4-c757-4eb1-9a3e-4c3b8d9615e9&id=67226e31-30c8-4b12-bd8d-7af12d75e150-00000129&t0=153&fs=67226e31-30c8-4b12-bd8d-7af12d75e150&t1=153&ts=1735840019152
2025-01-02 17:46:59,163 [JUnit-testComplexDirActions] DEBUG s3a.Invoker (Invoker.java:retryUntranslated(474)) - GET test/testComplexDirActions/dir-0-0000/dir-0-0000-0001 ; software.amazon.awssdk.services.s3.model.NoSuchKeyException: null (Service: S3, Status Code: 404, Request ID: 9f250d7f-767d-4f25-9d10-5cda267e9c9a, Extended Request ID: Sne5AnT7dp) (Service: S3, Status Code: 404, Request ID: 9f250d7f-767d-4f25-9d10-5cda267e9c9a), 
2025-01-02 17:46:59,163 [JUnit-testComplexDirActions] DEBUG s3a.S3ARetryPolicy (S3ARetryPolicy.java:shouldRetry(318)) - Retry probe for FileNotFoundException with 0 retries and 0 failovers, idempotent=true, due to java.io.FileNotFoundException: GET test/testComplexDirActions/dir-0-0000/dir-0-0000-0001 on /: software.amazon.awssdk.services.s3.model.NoSuchKeyException: null (Service: S3, Status Code: 404, Request ID: 9f250d7f-767d-4f25-9d10-5cda267e9c9a, Extended Request ID: Sne5AnT7dp) (Service: S3, Status Code: 404, Request ID: 9f250d7f-767d-4f25-9d10-5cda267e9c9a):NoSuchKey
java.io.FileNotFoundException: GET test/testComplexDirActions/dir-0-0000/dir-0-0000-0001 on /: software.amazon.awssdk.services.s3.model.NoSuchKeyException: null (Service: S3, Status Code: 404, Request ID: 9f250d7f-767d-4f25-9d10-5cda267e9c9a, Extended Request ID: Sne5AnT7dp) (Service: S3, Status Code: 404, Request ID: 9f250d7f-767d-4f25-9d10-5cda267e9c9a):NoSuchKey
	at org.apache.hadoop.fs.s3a.S3AUtils.translateException(S3AUtils.java:279)
	at org.apache.hadoop.fs.s3a.Invoker.retryUntranslated(Invoker.java:481)
	at org.apache.hadoop.fs.s3a.Invoker.retryUntranslated(Invoker.java:431)
	at org.apache.hadoop.fs.s3a.S3AFileSystem.getObjectMetadata(S3AFileSystem.java:3036)
	at org.apache.hadoop.fs.s3a.S3AFileSystem.getObjectMetadata(S3AFileSystem.java:3016)
	at org.apache.hadoop.fs.s3a.S3AFileSystem.s3GetFileStatus(S3AFileSystem.java:4079)
	at org.apache.hadoop.fs.s3a.S3AFileSystem.innerGetFileStatus(S3AFileSystem.java:4007)
	at org.apache.hadoop.fs.s3a.S3AFileSystem.lambda$getFileStatus$22(S3AFileSystem.java:3984)
	at org.apache.hadoop.fs.statistics.impl.IOStatisticsBinding.invokeTrackingDuration(IOStatisticsBinding.java:547)
	at org.apache.hadoop.fs.statistics.impl.IOStatisticsBinding.lambda$trackDurationOfOperation$5(IOStatisticsBinding.java:528)
	at org.apache.hadoop.fs.statistics.impl.IOStatisticsBinding.trackDuration(IOStatisticsBinding.java:449)
	at org.apache.hadoop.fs.s3a.S3AFileSystem.trackDurationAndSpan(S3AFileSystem.java:2865)
	at org.apache.hadoop.fs.s3a.S3AFileSystem.trackDurationAndSpan(S3AFileSystem.java:2884)
	at org.apache.hadoop.fs.s3a.S3AFileSystem.getFileStatus(S3AFileSystem.java:3982)
	at org.apache.hadoop.fs.contract.ContractTestUtils$TreeScanResults.add(ContractTestUtils.java:1906)
	at org.apache.hadoop.fs.contract.ContractTestUtils.createSubdirs(ContractTestUtils.java:1438)
	at org.apache.hadoop.fs.contract.ContractTestUtils.createSubdirs(ContractTestUtils.java:1436)
	at org.apache.hadoop.fs.contract.ContractTestUtils.createSubdirs(ContractTestUtils.java:1396)
	at org.apache.hadoop.fs.contract.AbstractContractGetFileStatusTest.createTestTree(AbstractContractGetFileStatusTest.java:494)
	at org.apache.hadoop.fs.contract.AbstractContractGetFileStatusTest.testComplexDirActions(AbstractContractGetFileStatusTest.java:151)
	at java.base/jdk.internal.reflect.NativeMethodAccessorImpl.invoke0(Native Method)
	at java.base/jdk.internal.reflect.NativeMethodAccessorImpl.invoke(NativeMethodAccessorImpl.java:62)
	at java.base/jdk.internal.reflect.DelegatingMethodAccessorImpl.invoke(DelegatingMethodAccessorImpl.java:43)
	at java.base/java.lang.reflect.Method.invoke(Method.java:566)
	at org.junit.runners.model.FrameworkMethod$1.runReflectiveCall(FrameworkMethod.java:59)
	at org.junit.internal.runners.model.ReflectiveCallable.run(ReflectiveCallable.java:12)
	at org.junit.runners.model.FrameworkMethod.invokeExplosively(FrameworkMethod.java:56)
	at org.junit.internal.runners.statements.InvokeMethod.evaluate(InvokeMethod.java:17)
	at org.junit.internal.runners.statements.RunBefores.evaluate(RunBefores.java:26)
	at org.junit.internal.runners.statements.RunAfters.evaluate(RunAfters.java:27)
	at org.junit.rules.TestWatcher$1.evaluate(TestWatcher.java:61)
	at org.junit.internal.runners.statements.FailOnTimeout$CallableStatement.call(FailOnTimeout.java:299)
	at org.junit.internal.runners.statements.FailOnTimeout$CallableStatement.call(FailOnTimeout.java:293)
	at java.base/java.util.concurrent.FutureTask.run(FutureTask.java:264)
	at java.base/java.lang.Thread.run(Thread.java:829)
Caused by: software.amazon.awssdk.services.s3.model.NoSuchKeyException: null (Service: S3, Status Code: 404, Request ID: 9f250d7f-767d-4f25-9d10-5cda267e9c9a, Extended Request ID: Sne5AnT7dp) (Service: S3, Status Code: 404, Request ID: 9f250d7f-767d-4f25-9d10-5cda267e9c9a)
	at software.amazon.awssdk.services.s3.model.NoSuchKeyException$BuilderImpl.build(NoSuchKeyException.java:126)
	at software.amazon.awssdk.services.s3.model.NoSuchKeyException$BuilderImpl.build(NoSuchKeyException.java:80)
	at software.amazon.awssdk.services.s3.internal.handlers.ExceptionTranslationInterceptor.modifyException(ExceptionTranslationInterceptor.java:63)
	at software.amazon.awssdk.core.interceptor.ExecutionInterceptorChain.modifyException(ExecutionInterceptorChain.java:181)
	at software.amazon.awssdk.core.internal.http.pipeline.stages.utils.ExceptionReportingUtils.runModifyException(ExceptionReportingUtils.java:54)
	at software.amazon.awssdk.core.internal.http.pipeline.stages.utils.ExceptionReportingUtils.reportFailureToInterceptors(ExceptionReportingUtils.java:38)
	at software.amazon.awssdk.core.internal.http.pipeline.stages.ExecutionFailureExceptionReportingStage.execute(ExecutionFailureExceptionReportingStage.java:39)
	at software.amazon.awssdk.core.internal.http.pipeline.stages.ExecutionFailureExceptionReportingStage.execute(ExecutionFailureExceptionReportingStage.java:26)
	at software.amazon.awssdk.core.internal.http.AmazonSyncHttpClient$RequestExecutionBuilderImpl.execute(AmazonSyncHttpClient.java:224)
	at software.amazon.awssdk.core.internal.handler.BaseSyncClientHandler.invoke(BaseSyncClientHandler.java:103)
	at software.amazon.awssdk.core.internal.handler.BaseSyncClientHandler.doExecute(BaseSyncClientHandler.java:173)
	at software.amazon.awssdk.core.internal.handler.BaseSyncClientHandler.lambda$execute$1(BaseSyncClientHandler.java:80)
	at software.amazon.awssdk.core.internal.handler.BaseSyncClientHandler.measureApiCallSuccess(BaseSyncClientHandler.java:182)
	at software.amazon.awssdk.core.internal.handler.BaseSyncClientHandler.execute(BaseSyncClientHandler.java:74)
	at software.amazon.awssdk.core.client.handler.SdkSyncClientHandler.execute(SdkSyncClientHandler.java:45)
	at software.amazon.awssdk.awscore.client.handler.AwsSyncClientHandler.execute(AwsSyncClientHandler.java:53)
	at software.amazon.awssdk.services.s3.DefaultS3Client.headObject(DefaultS3Client.java:6319)
	at software.amazon.awssdk.services.s3.DelegatingS3Client.lambda$headObject$53(DelegatingS3Client.java:5053)
	at software.amazon.awssdk.services.s3.internal.crossregion.S3CrossRegionSyncClient.invokeOperation(S3CrossRegionSyncClient.java:67)
	at software.amazon.awssdk.services.s3.DelegatingS3Client.headObject(DelegatingS3Client.java:5053)
	at org.apache.hadoop.fs.s3a.S3AFileSystem.lambda$getObjectMetadata$10(S3AFileSystem.java:3049)
	at org.apache.hadoop.fs.s3a.Invoker.retryUntranslated(Invoker.java:468)
	... 33 more
2025-01-02 17:46:59,164 [JUnit-testComplexDirActions] DEBUG s3a.S3ARetryPolicy (S3ARetryPolicy.java:shouldRetry(323)) - Retry action is RetryAction(action=FAIL, delayMillis=0, reason=try once and fail.)
2025-01-02 17:46:59,164 [JUnit-testComplexDirActions] DEBUG s3a.S3AFileSystem (S3AFileSystem.java:listObjects(3107)) - LIST List obs-bucket:/test/testComplexDirActions/dir-0-0000/dir-0-0000-0001/ delimiter=/ keys=2 requester pays=null
2025-01-02 17:46:59,164 [JUnit-testComplexDirActions] DEBUG s3a.S3AFileSystem (DurationInfo.java:<init>(80)) - Starting: LIST
2025-01-02 17:46:59,165 [JUnit-testComplexDirActions] DEBUG impl.LoggingAuditor (LoggingAuditor.java:modifyHttpRequest(410)) - [153] 67226e31-30c8-4b12-bd8d-7af12d75e150-00000129 Executing op_get_file_status with {object_list_request 'test/testComplexDirActions/dir-0-0000/dir-0-0000-0001/' size=2, mutating=false}; https://audit.example.org/hadoop/1/op_get_file_status/67226e31-30c8-4b12-bd8d-7af12d75e150-00000129/?op=op_get_file_status&p1=test/testComplexDirActions/dir-0-0000/dir-0-0000-0001&pr=runner&ps=a84b8fc4-c757-4eb1-9a3e-4c3b8d9615e9&id=67226e31-30c8-4b12-bd8d-7af12d75e150-00000129&t0=153&fs=67226e31-30c8-4b12-bd8d-7af12d75e150&t1=153&ts=1735840019152
2025-01-02 17:46:59,181 [JUnit-testComplexDirActions] DEBUG s3a.S3AFileSystem (DurationInfo.java:close(101)) - LIST: duration 0:00.017s
2025-01-02 17:46:59,181 [JUnit-testComplexDirActions] DEBUG s3a.S3AFileSystem (S3AFileSystem.java:s3GetFileStatus(4128)) - Found path as directory (with /)
2025-01-02 17:46:59,181 [JUnit-testComplexDirActions] DEBUG s3a.S3AFileSystem (S3ListResult.java:logAtDebug(146)) - Prefix count = 0; object count=1
2025-01-02 17:46:59,182 [JUnit-testComplexDirActions] DEBUG s3a.S3AFileSystem (S3ListResult.java:logAtDebug(149)) - Summary: test/testComplexDirActions/dir-0-0000/dir-0-0000-0001/ 0
2025-01-02 17:46:59,182 [JUnit-testComplexDirActions] DEBUG impl.MkdirOperation (MkdirOperation.java:execute(120)) - Making directory: s3a://obs-bucket/test/testComplexDirActions/dir-0-0000/dir-0-0000-0002
2025-01-02 17:46:59,183 [JUnit-testComplexDirActions] DEBUG s3a.S3AFileSystem (S3AFileSystem.java:innerGetFileStatus(4005)) - Getting path status for s3a://obs-bucket/test/testComplexDirActions/dir-0-0000/dir-0-0000-0002  (test/testComplexDirActions/dir-0-0000/dir-0-0000-0002); needEmptyDirectory=false
2025-01-02 17:46:59,183 [JUnit-testComplexDirActions] DEBUG s3a.S3AFileSystem (S3AFileSystem.java:s3GetFileStatus(4064)) - S3GetFileStatus s3a://obs-bucket/test/testComplexDirActions/dir-0-0000/dir-0-0000-0002
2025-01-02 17:46:59,184 [JUnit-testComplexDirActions] DEBUG s3a.S3AFileSystem (S3AFileSystem.java:listObjects(3107)) - LIST List obs-bucket:/test/testComplexDirActions/dir-0-0000/dir-0-0000-0002/ delimiter=/ keys=2 requester pays=null
2025-01-02 17:46:59,184 [JUnit-testComplexDirActions] DEBUG s3a.S3AFileSystem (DurationInfo.java:<init>(80)) - Starting: LIST
2025-01-02 17:46:59,185 [JUnit-testComplexDirActions] DEBUG impl.LoggingAuditor (LoggingAuditor.java:modifyHttpRequest(410)) - [153] 67226e31-30c8-4b12-bd8d-7af12d75e150-00000130 Executing op_mkdirs with {object_list_request 'test/testComplexDirActions/dir-0-0000/dir-0-0000-0002/' size=2, mutating=false}; https://audit.example.org/hadoop/1/op_mkdirs/67226e31-30c8-4b12-bd8d-7af12d75e150-00000130/?op=op_mkdirs&p1=test/testComplexDirActions/dir-0-0000/dir-0-0000-0002&pr=runner&ps=a84b8fc4-c757-4eb1-9a3e-4c3b8d9615e9&id=67226e31-30c8-4b12-bd8d-7af12d75e150-00000130&t0=153&fs=67226e31-30c8-4b12-bd8d-7af12d75e150&t1=153&ts=1735840019182
2025-01-02 17:46:59,192 [JUnit-testComplexDirActions] DEBUG s3a.S3AFileSystem (DurationInfo.java:close(101)) - LIST: duration 0:00.008s
2025-01-02 17:46:59,193 [JUnit-testComplexDirActions] DEBUG s3a.S3AFileSystem (S3AFileSystem.java:s3GetFileStatus(4155)) - Not Found: s3a://obs-bucket/test/testComplexDirActions/dir-0-0000/dir-0-0000-0002
2025-01-02 17:46:59,193 [JUnit-testComplexDirActions] DEBUG s3a.S3AFileSystem (S3AFileSystem.java:innerGetFileStatus(4005)) - Getting path status for s3a://obs-bucket/test/testComplexDirActions/dir-0-0000/dir-0-0000-0002  (test/testComplexDirActions/dir-0-0000/dir-0-0000-0002); needEmptyDirectory=false
2025-01-02 17:46:59,194 [JUnit-testComplexDirActions] DEBUG s3a.S3AFileSystem (S3AFileSystem.java:s3GetFileStatus(4064)) - S3GetFileStatus s3a://obs-bucket/test/testComplexDirActions/dir-0-0000/dir-0-0000-0002
2025-01-02 17:46:59,194 [JUnit-testComplexDirActions] DEBUG s3a.S3AFileSystem (S3AFileSystem.java:lambda$getObjectMetadata$10(3044)) - HEAD test/testComplexDirActions/dir-0-0000/dir-0-0000-0002 with change tracker null
2025-01-02 17:46:59,195 [JUnit-testComplexDirActions] DEBUG impl.LoggingAuditor (LoggingAuditor.java:modifyHttpRequest(410)) - [153] 67226e31-30c8-4b12-bd8d-7af12d75e150-00000130 Executing op_mkdirs with {action_http_head_request 'test/testComplexDirActions/dir-0-0000/dir-0-0000-0002' size=0, mutating=false}; https://audit.example.org/hadoop/1/op_mkdirs/67226e31-30c8-4b12-bd8d-7af12d75e150-00000130/?op=op_mkdirs&p1=test/testComplexDirActions/dir-0-0000/dir-0-0000-0002&pr=runner&ps=a84b8fc4-c757-4eb1-9a3e-4c3b8d9615e9&id=67226e31-30c8-4b12-bd8d-7af12d75e150-00000130&t0=153&fs=67226e31-30c8-4b12-bd8d-7af12d75e150&t1=153&ts=1735840019182
2025-01-02 17:46:59,201 [JUnit-testComplexDirActions] DEBUG s3a.Invoker (Invoker.java:retryUntranslated(474)) - GET test/testComplexDirActions/dir-0-0000/dir-0-0000-0002 ; software.amazon.awssdk.services.s3.model.NoSuchKeyException: null (Service: S3, Status Code: 404, Request ID: cc1300d7-b119-4426-8c45-2ba9d3e84109, Extended Request ID: GOjkavNoo2) (Service: S3, Status Code: 404, Request ID: cc1300d7-b119-4426-8c45-2ba9d3e84109), 
2025-01-02 17:46:59,202 [JUnit-testComplexDirActions] DEBUG s3a.S3ARetryPolicy (S3ARetryPolicy.java:shouldRetry(318)) - Retry probe for FileNotFoundException with 0 retries and 0 failovers, idempotent=true, due to java.io.FileNotFoundException: GET test/testComplexDirActions/dir-0-0000/dir-0-0000-0002 on /: software.amazon.awssdk.services.s3.model.NoSuchKeyException: null (Service: S3, Status Code: 404, Request ID: cc1300d7-b119-4426-8c45-2ba9d3e84109, Extended Request ID: GOjkavNoo2) (Service: S3, Status Code: 404, Request ID: cc1300d7-b119-4426-8c45-2ba9d3e84109):NoSuchKey
java.io.FileNotFoundException: GET test/testComplexDirActions/dir-0-0000/dir-0-0000-0002 on /: software.amazon.awssdk.services.s3.model.NoSuchKeyException: null (Service: S3, Status Code: 404, Request ID: cc1300d7-b119-4426-8c45-2ba9d3e84109, Extended Request ID: GOjkavNoo2) (Service: S3, Status Code: 404, Request ID: cc1300d7-b119-4426-8c45-2ba9d3e84109):NoSuchKey
	at org.apache.hadoop.fs.s3a.S3AUtils.translateException(S3AUtils.java:279)
	at org.apache.hadoop.fs.s3a.Invoker.retryUntranslated(Invoker.java:481)
	at org.apache.hadoop.fs.s3a.Invoker.retryUntranslated(Invoker.java:431)
	at org.apache.hadoop.fs.s3a.S3AFileSystem.getObjectMetadata(S3AFileSystem.java:3036)
	at org.apache.hadoop.fs.s3a.S3AFileSystem.getObjectMetadata(S3AFileSystem.java:3016)
	at org.apache.hadoop.fs.s3a.S3AFileSystem.s3GetFileStatus(S3AFileSystem.java:4079)
	at org.apache.hadoop.fs.s3a.S3AFileSystem.innerGetFileStatus(S3AFileSystem.java:4007)
	at org.apache.hadoop.fs.s3a.S3AFileSystem$MkdirOperationCallbacksImpl.probePathStatus(S3AFileSystem.java:3864)
	at org.apache.hadoop.fs.s3a.impl.MkdirOperation.probePathStatusOrNull(MkdirOperation.java:218)
	at org.apache.hadoop.fs.s3a.impl.MkdirOperation.getPathStatusExpectingDir(MkdirOperation.java:242)
	at org.apache.hadoop.fs.s3a.impl.MkdirOperation.execute(MkdirOperation.java:134)
	at org.apache.hadoop.fs.s3a.impl.MkdirOperation.execute(MkdirOperation.java:59)
	at org.apache.hadoop.fs.s3a.impl.ExecutingStoreOperation.apply(ExecutingStoreOperation.java:76)
	at org.apache.hadoop.fs.statistics.impl.IOStatisticsBinding.invokeTrackingDuration(IOStatisticsBinding.java:547)
	at org.apache.hadoop.fs.statistics.impl.IOStatisticsBinding.lambda$trackDurationOfOperation$5(IOStatisticsBinding.java:528)
	at org.apache.hadoop.fs.statistics.impl.IOStatisticsBinding.trackDuration(IOStatisticsBinding.java:449)
	at org.apache.hadoop.fs.s3a.S3AFileSystem.trackDurationAndSpan(S3AFileSystem.java:2865)
	at org.apache.hadoop.fs.s3a.S3AFileSystem.trackDurationAndSpan(S3AFileSystem.java:2884)
	at org.apache.hadoop.fs.s3a.S3AFileSystem.mkdirs(S3AFileSystem.java:3835)
	at org.apache.hadoop.fs.FileSystem.mkdirs(FileSystem.java:2496)
	at org.apache.hadoop.fs.contract.ContractTestUtils.createSubdirs(ContractTestUtils.java:1423)
	at org.apache.hadoop.fs.contract.ContractTestUtils.createSubdirs(ContractTestUtils.java:1436)
	at org.apache.hadoop.fs.contract.ContractTestUtils.createSubdirs(ContractTestUtils.java:1436)
	at org.apache.hadoop.fs.contract.ContractTestUtils.createSubdirs(ContractTestUtils.java:1396)
	at org.apache.hadoop.fs.contract.AbstractContractGetFileStatusTest.createTestTree(AbstractContractGetFileStatusTest.java:494)
	at org.apache.hadoop.fs.contract.AbstractContractGetFileStatusTest.testComplexDirActions(AbstractContractGetFileStatusTest.java:151)
	at java.base/jdk.internal.reflect.NativeMethodAccessorImpl.invoke0(Native Method)
	at java.base/jdk.internal.reflect.NativeMethodAccessorImpl.invoke(NativeMethodAccessorImpl.java:62)
	at java.base/jdk.internal.reflect.DelegatingMethodAccessorImpl.invoke(DelegatingMethodAccessorImpl.java:43)
	at java.base/java.lang.reflect.Method.invoke(Method.java:566)
	at org.junit.runners.model.FrameworkMethod$1.runReflectiveCall(FrameworkMethod.java:59)
	at org.junit.internal.runners.model.ReflectiveCallable.run(ReflectiveCallable.java:12)
	at org.junit.runners.model.FrameworkMethod.invokeExplosively(FrameworkMethod.java:56)
	at org.junit.internal.runners.statements.InvokeMethod.evaluate(InvokeMethod.java:17)
	at org.junit.internal.runners.statements.RunBefores.evaluate(RunBefores.java:26)
	at org.junit.internal.runners.statements.RunAfters.evaluate(RunAfters.java:27)
	at org.junit.rules.TestWatcher$1.evaluate(TestWatcher.java:61)
	at org.junit.internal.runners.statements.FailOnTimeout$CallableStatement.call(FailOnTimeout.java:299)
	at org.junit.internal.runners.statements.FailOnTimeout$CallableStatement.call(FailOnTimeout.java:293)
	at java.base/java.util.concurrent.FutureTask.run(FutureTask.java:264)
	at java.base/java.lang.Thread.run(Thread.java:829)
Caused by: software.amazon.awssdk.services.s3.model.NoSuchKeyException: null (Service: S3, Status Code: 404, Request ID: cc1300d7-b119-4426-8c45-2ba9d3e84109, Extended Request ID: GOjkavNoo2) (Service: S3, Status Code: 404, Request ID: cc1300d7-b119-4426-8c45-2ba9d3e84109)
	at software.amazon.awssdk.services.s3.model.NoSuchKeyException$BuilderImpl.build(NoSuchKeyException.java:126)
	at software.amazon.awssdk.services.s3.model.NoSuchKeyException$BuilderImpl.build(NoSuchKeyException.java:80)
	at software.amazon.awssdk.services.s3.internal.handlers.ExceptionTranslationInterceptor.modifyException(ExceptionTranslationInterceptor.java:63)
	at software.amazon.awssdk.core.interceptor.ExecutionInterceptorChain.modifyException(ExecutionInterceptorChain.java:181)
	at software.amazon.awssdk.core.internal.http.pipeline.stages.utils.ExceptionReportingUtils.runModifyException(ExceptionReportingUtils.java:54)
	at software.amazon.awssdk.core.internal.http.pipeline.stages.utils.ExceptionReportingUtils.reportFailureToInterceptors(ExceptionReportingUtils.java:38)
	at software.amazon.awssdk.core.internal.http.pipeline.stages.ExecutionFailureExceptionReportingStage.execute(ExecutionFailureExceptionReportingStage.java:39)
	at software.amazon.awssdk.core.internal.http.pipeline.stages.ExecutionFailureExceptionReportingStage.execute(ExecutionFailureExceptionReportingStage.java:26)
	at software.amazon.awssdk.core.internal.http.AmazonSyncHttpClient$RequestExecutionBuilderImpl.execute(AmazonSyncHttpClient.java:224)
	at software.amazon.awssdk.core.internal.handler.BaseSyncClientHandler.invoke(BaseSyncClientHandler.java:103)
	at software.amazon.awssdk.core.internal.handler.BaseSyncClientHandler.doExecute(BaseSyncClientHandler.java:173)
	at software.amazon.awssdk.core.internal.handler.BaseSyncClientHandler.lambda$execute$1(BaseSyncClientHandler.java:80)
	at software.amazon.awssdk.core.internal.handler.BaseSyncClientHandler.measureApiCallSuccess(BaseSyncClientHandler.java:182)
	at software.amazon.awssdk.core.internal.handler.BaseSyncClientHandler.execute(BaseSyncClientHandler.java:74)
	at software.amazon.awssdk.core.client.handler.SdkSyncClientHandler.execute(SdkSyncClientHandler.java:45)
	at software.amazon.awssdk.awscore.client.handler.AwsSyncClientHandler.execute(AwsSyncClientHandler.java:53)
	at software.amazon.awssdk.services.s3.DefaultS3Client.headObject(DefaultS3Client.java:6319)
	at software.amazon.awssdk.services.s3.DelegatingS3Client.lambda$headObject$53(DelegatingS3Client.java:5053)
	at software.amazon.awssdk.services.s3.internal.crossregion.S3CrossRegionSyncClient.invokeOperation(S3CrossRegionSyncClient.java:67)
	at software.amazon.awssdk.services.s3.DelegatingS3Client.headObject(DelegatingS3Client.java:5053)
	at org.apache.hadoop.fs.s3a.S3AFileSystem.lambda$getObjectMetadata$10(S3AFileSystem.java:3049)
	at org.apache.hadoop.fs.s3a.Invoker.retryUntranslated(Invoker.java:468)
	... 39 more
2025-01-02 17:46:59,203 [JUnit-testComplexDirActions] DEBUG s3a.S3ARetryPolicy (S3ARetryPolicy.java:shouldRetry(323)) - Retry action is RetryAction(action=FAIL, delayMillis=0, reason=try once and fail.)
2025-01-02 17:46:59,203 [JUnit-testComplexDirActions] DEBUG s3a.S3AFileSystem (S3AFileSystem.java:s3GetFileStatus(4155)) - Not Found: s3a://obs-bucket/test/testComplexDirActions/dir-0-0000/dir-0-0000-0002
2025-01-02 17:46:59,204 [JUnit-testComplexDirActions] DEBUG s3a.S3AFileSystem (S3AFileSystem.java:innerGetFileStatus(4005)) - Getting path status for s3a://obs-bucket/test/testComplexDirActions/dir-0-0000  (test/testComplexDirActions/dir-0-0000); needEmptyDirectory=false
2025-01-02 17:46:59,204 [JUnit-testComplexDirActions] DEBUG s3a.S3AFileSystem (S3AFileSystem.java:s3GetFileStatus(4064)) - S3GetFileStatus s3a://obs-bucket/test/testComplexDirActions/dir-0-0000
2025-01-02 17:46:59,205 [JUnit-testComplexDirActions] DEBUG s3a.S3AFileSystem (S3AFileSystem.java:listObjects(3107)) - LIST List obs-bucket:/test/testComplexDirActions/dir-0-0000/ delimiter=/ keys=2 requester pays=null
2025-01-02 17:46:59,205 [JUnit-testComplexDirActions] DEBUG s3a.S3AFileSystem (DurationInfo.java:<init>(80)) - Starting: LIST
2025-01-02 17:46:59,207 [JUnit-testComplexDirActions] DEBUG impl.LoggingAuditor (LoggingAuditor.java:modifyHttpRequest(410)) - [153] 67226e31-30c8-4b12-bd8d-7af12d75e150-00000130 Executing op_mkdirs with {object_list_request 'test/testComplexDirActions/dir-0-0000/' size=2, mutating=false}; https://audit.example.org/hadoop/1/op_mkdirs/67226e31-30c8-4b12-bd8d-7af12d75e150-00000130/?op=op_mkdirs&p1=test/testComplexDirActions/dir-0-0000/dir-0-0000-0002&pr=runner&ps=a84b8fc4-c757-4eb1-9a3e-4c3b8d9615e9&id=67226e31-30c8-4b12-bd8d-7af12d75e150-00000130&t0=153&fs=67226e31-30c8-4b12-bd8d-7af12d75e150&t1=153&ts=1735840019182
2025-01-02 17:46:59,214 [JUnit-testComplexDirActions] DEBUG s3a.S3AFileSystem (DurationInfo.java:close(101)) - LIST: duration 0:00.009s
2025-01-02 17:46:59,215 [JUnit-testComplexDirActions] DEBUG s3a.S3AFileSystem (S3AFileSystem.java:s3GetFileStatus(4128)) - Found path as directory (with /)
2025-01-02 17:46:59,215 [JUnit-testComplexDirActions] DEBUG s3a.S3AFileSystem (S3ListResult.java:logAtDebug(146)) - Prefix count = 1; object count=1
2025-01-02 17:46:59,215 [JUnit-testComplexDirActions] DEBUG s3a.S3AFileSystem (S3ListResult.java:logAtDebug(149)) - Summary: test/testComplexDirActions/dir-0-0000/ 0
2025-01-02 17:46:59,215 [JUnit-testComplexDirActions] DEBUG s3a.S3AFileSystem (S3ListResult.java:logAtDebug(152)) - Prefix: test/testComplexDirActions/dir-0-0000/dir-0-0000-0000/
2025-01-02 17:46:59,216 [JUnit-testComplexDirActions] DEBUG s3a.Invoker (DurationInfo.java:<init>(80)) - Starting: PUT 0-byte object 
2025-01-02 17:46:59,216 [JUnit-testComplexDirActions] DEBUG s3a.S3AFileSystem (S3AFileSystem.java:putObjectDirect(3340)) - PUT 0 bytes to test/testComplexDirActions/dir-0-0000/dir-0-0000-0002/
2025-01-02 17:46:59,216 [JUnit-testComplexDirActions] DEBUG impl.S3AStoreImpl (S3AStoreImpl.java:incrementPutStartStatistics(397)) - PUT start 0 bytes
2025-01-02 17:46:59,218 [JUnit-testComplexDirActions] DEBUG impl.LoggingAuditor (LoggingAuditor.java:modifyHttpRequest(410)) - [153] 67226e31-30c8-4b12-bd8d-7af12d75e150-00000130 Executing op_mkdirs with {object_put_request 'test/testComplexDirActions/dir-0-0000/dir-0-0000-0002/' size=0, mutating=true}; https://audit.example.org/hadoop/1/op_mkdirs/67226e31-30c8-4b12-bd8d-7af12d75e150-00000130/?op=op_mkdirs&p1=test/testComplexDirActions/dir-0-0000/dir-0-0000-0002&pr=runner&ps=a84b8fc4-c757-4eb1-9a3e-4c3b8d9615e9&id=67226e31-30c8-4b12-bd8d-7af12d75e150-00000130&t0=153&fs=67226e31-30c8-4b12-bd8d-7af12d75e150&t1=153&ts=1735840019182
2025-01-02 17:46:59,219 [JUnit-testComplexDirActions] INFO  impl.UploadContentProviders (UploadContentProviders.java:newStream(289)) - Stream recreated: ByteArrayContentProvider{buffer with length=0, offset=0} BaseContentProvider{size=0, initiated at 2025-01-02T17:46:59.216252, streamCreationCount=2, currentStream=null}
2025-01-02 17:46:59,263 [JUnit-testComplexDirActions] DEBUG impl.S3AStoreImpl (S3AStoreImpl.java:incrementPutCompletedStatistics(414)) - PUT completed success=true; 0 bytes
2025-01-02 17:46:59,263 [JUnit-testComplexDirActions] DEBUG s3a.S3AFileSystem (S3AFileSystem.java:finishedWrite(4727)) - Finished write to test/testComplexDirActions/dir-0-0000/dir-0-0000-0002/, len 0.
2025-01-02 17:46:59,263 [JUnit-testComplexDirActions] DEBUG s3a.Invoker (DurationInfo.java:close(101)) - PUT 0-byte object : duration 0:00.047s
2025-01-02 17:46:59,263 [JUnit-testComplexDirActions] DEBUG S3AFileSystem.Progress (S3AStoreImpl.java:incrementPutProgressStatistics(432)) - PUT test/testComplexDirActions/dir-0-0000/dir-0-0000-0002: 0 bytes
2025-01-02 17:46:59,264 [JUnit-testComplexDirActions] DEBUG s3a.S3AFileSystem (S3AFileSystem.java:innerGetFileStatus(4005)) - Getting path status for s3a://obs-bucket/test/testComplexDirActions/dir-0-0000/dir-0-0000-0002  (test/testComplexDirActions/dir-0-0000/dir-0-0000-0002); needEmptyDirectory=false
2025-01-02 17:46:59,264 [JUnit-testComplexDirActions] DEBUG s3a.S3AFileSystem (S3AFileSystem.java:s3GetFileStatus(4064)) - S3GetFileStatus s3a://obs-bucket/test/testComplexDirActions/dir-0-0000/dir-0-0000-0002
2025-01-02 17:46:59,264 [JUnit-testComplexDirActions] DEBUG s3a.S3AFileSystem (S3AFileSystem.java:lambda$getObjectMetadata$10(3044)) - HEAD test/testComplexDirActions/dir-0-0000/dir-0-0000-0002 with change tracker null
2025-01-02 17:46:59,265 [JUnit-testComplexDirActions] DEBUG impl.LoggingAuditor (LoggingAuditor.java:modifyHttpRequest(410)) - [153] 67226e31-30c8-4b12-bd8d-7af12d75e150-00000131 Executing op_get_file_status with {action_http_head_request 'test/testComplexDirActions/dir-0-0000/dir-0-0000-0002' size=0, mutating=false}; https://audit.example.org/hadoop/1/op_get_file_status/67226e31-30c8-4b12-bd8d-7af12d75e150-00000131/?op=op_get_file_status&p1=test/testComplexDirActions/dir-0-0000/dir-0-0000-0002&pr=runner&ps=a84b8fc4-c757-4eb1-9a3e-4c3b8d9615e9&id=67226e31-30c8-4b12-bd8d-7af12d75e150-00000131&t0=153&fs=67226e31-30c8-4b12-bd8d-7af12d75e150&t1=153&ts=1735840019264
2025-01-02 17:46:59,270 [JUnit-testComplexDirActions] DEBUG s3a.Invoker (Invoker.java:retryUntranslated(474)) - GET test/testComplexDirActions/dir-0-0000/dir-0-0000-0002 ; software.amazon.awssdk.services.s3.model.NoSuchKeyException: null (Service: S3, Status Code: 404, Request ID: 27bdbe25-5183-4782-9950-bc318e1b424a, Extended Request ID: k8pUDLHutWoN) (Service: S3, Status Code: 404, Request ID: 27bdbe25-5183-4782-9950-bc318e1b424a), 
2025-01-02 17:46:59,270 [JUnit-testComplexDirActions] DEBUG s3a.S3ARetryPolicy (S3ARetryPolicy.java:shouldRetry(318)) - Retry probe for FileNotFoundException with 0 retries and 0 failovers, idempotent=true, due to java.io.FileNotFoundException: GET test/testComplexDirActions/dir-0-0000/dir-0-0000-0002 on /: software.amazon.awssdk.services.s3.model.NoSuchKeyException: null (Service: S3, Status Code: 404, Request ID: 27bdbe25-5183-4782-9950-bc318e1b424a, Extended Request ID: k8pUDLHutWoN) (Service: S3, Status Code: 404, Request ID: 27bdbe25-5183-4782-9950-bc318e1b424a):NoSuchKey
java.io.FileNotFoundException: GET test/testComplexDirActions/dir-0-0000/dir-0-0000-0002 on /: software.amazon.awssdk.services.s3.model.NoSuchKeyException: null (Service: S3, Status Code: 404, Request ID: 27bdbe25-5183-4782-9950-bc318e1b424a, Extended Request ID: k8pUDLHutWoN) (Service: S3, Status Code: 404, Request ID: 27bdbe25-5183-4782-9950-bc318e1b424a):NoSuchKey
	at org.apache.hadoop.fs.s3a.S3AUtils.translateException(S3AUtils.java:279)
	at org.apache.hadoop.fs.s3a.Invoker.retryUntranslated(Invoker.java:481)
	at org.apache.hadoop.fs.s3a.Invoker.retryUntranslated(Invoker.java:431)
	at org.apache.hadoop.fs.s3a.S3AFileSystem.getObjectMetadata(S3AFileSystem.java:3036)
	at org.apache.hadoop.fs.s3a.S3AFileSystem.getObjectMetadata(S3AFileSystem.java:3016)
	at org.apache.hadoop.fs.s3a.S3AFileSystem.s3GetFileStatus(S3AFileSystem.java:4079)
	at org.apache.hadoop.fs.s3a.S3AFileSystem.innerGetFileStatus(S3AFileSystem.java:4007)
	at org.apache.hadoop.fs.s3a.S3AFileSystem.lambda$getFileStatus$22(S3AFileSystem.java:3984)
	at org.apache.hadoop.fs.statistics.impl.IOStatisticsBinding.invokeTrackingDuration(IOStatisticsBinding.java:547)
	at org.apache.hadoop.fs.statistics.impl.IOStatisticsBinding.lambda$trackDurationOfOperation$5(IOStatisticsBinding.java:528)
	at org.apache.hadoop.fs.statistics.impl.IOStatisticsBinding.trackDuration(IOStatisticsBinding.java:449)
	at org.apache.hadoop.fs.s3a.S3AFileSystem.trackDurationAndSpan(S3AFileSystem.java:2865)
	at org.apache.hadoop.fs.s3a.S3AFileSystem.trackDurationAndSpan(S3AFileSystem.java:2884)
	at org.apache.hadoop.fs.s3a.S3AFileSystem.getFileStatus(S3AFileSystem.java:3982)
	at org.apache.hadoop.fs.contract.ContractTestUtils$TreeScanResults.add(ContractTestUtils.java:1906)
	at org.apache.hadoop.fs.contract.ContractTestUtils.createSubdirs(ContractTestUtils.java:1438)
	at org.apache.hadoop.fs.contract.ContractTestUtils.createSubdirs(ContractTestUtils.java:1436)
	at org.apache.hadoop.fs.contract.ContractTestUtils.createSubdirs(ContractTestUtils.java:1396)
	at org.apache.hadoop.fs.contract.AbstractContractGetFileStatusTest.createTestTree(AbstractContractGetFileStatusTest.java:494)
	at org.apache.hadoop.fs.contract.AbstractContractGetFileStatusTest.testComplexDirActions(AbstractContractGetFileStatusTest.java:151)
	at java.base/jdk.internal.reflect.NativeMethodAccessorImpl.invoke0(Native Method)
	at java.base/jdk.internal.reflect.NativeMethodAccessorImpl.invoke(NativeMethodAccessorImpl.java:62)
	at java.base/jdk.internal.reflect.DelegatingMethodAccessorImpl.invoke(DelegatingMethodAccessorImpl.java:43)
	at java.base/java.lang.reflect.Method.invoke(Method.java:566)
	at org.junit.runners.model.FrameworkMethod$1.runReflectiveCall(FrameworkMethod.java:59)
	at org.junit.internal.runners.model.ReflectiveCallable.run(ReflectiveCallable.java:12)
	at org.junit.runners.model.FrameworkMethod.invokeExplosively(FrameworkMethod.java:56)
	at org.junit.internal.runners.statements.InvokeMethod.evaluate(InvokeMethod.java:17)
	at org.junit.internal.runners.statements.RunBefores.evaluate(RunBefores.java:26)
	at org.junit.internal.runners.statements.RunAfters.evaluate(RunAfters.java:27)
	at org.junit.rules.TestWatcher$1.evaluate(TestWatcher.java:61)
	at org.junit.internal.runners.statements.FailOnTimeout$CallableStatement.call(FailOnTimeout.java:299)
	at org.junit.internal.runners.statements.FailOnTimeout$CallableStatement.call(FailOnTimeout.java:293)
	at java.base/java.util.concurrent.FutureTask.run(FutureTask.java:264)
	at java.base/java.lang.Thread.run(Thread.java:829)
Caused by: software.amazon.awssdk.services.s3.model.NoSuchKeyException: null (Service: S3, Status Code: 404, Request ID: 27bdbe25-5183-4782-9950-bc318e1b424a, Extended Request ID: k8pUDLHutWoN) (Service: S3, Status Code: 404, Request ID: 27bdbe25-5183-4782-9950-bc318e1b424a)
	at software.amazon.awssdk.services.s3.model.NoSuchKeyException$BuilderImpl.build(NoSuchKeyException.java:126)
	at software.amazon.awssdk.services.s3.model.NoSuchKeyException$BuilderImpl.build(NoSuchKeyException.java:80)
	at software.amazon.awssdk.services.s3.internal.handlers.ExceptionTranslationInterceptor.modifyException(ExceptionTranslationInterceptor.java:63)
	at software.amazon.awssdk.core.interceptor.ExecutionInterceptorChain.modifyException(ExecutionInterceptorChain.java:181)
	at software.amazon.awssdk.core.internal.http.pipeline.stages.utils.ExceptionReportingUtils.runModifyException(ExceptionReportingUtils.java:54)
	at software.amazon.awssdk.core.internal.http.pipeline.stages.utils.ExceptionReportingUtils.reportFailureToInterceptors(ExceptionReportingUtils.java:38)
	at software.amazon.awssdk.core.internal.http.pipeline.stages.ExecutionFailureExceptionReportingStage.execute(ExecutionFailureExceptionReportingStage.java:39)
	at software.amazon.awssdk.core.internal.http.pipeline.stages.ExecutionFailureExceptionReportingStage.execute(ExecutionFailureExceptionReportingStage.java:26)
	at software.amazon.awssdk.core.internal.http.AmazonSyncHttpClient$RequestExecutionBuilderImpl.execute(AmazonSyncHttpClient.java:224)
	at software.amazon.awssdk.core.internal.handler.BaseSyncClientHandler.invoke(BaseSyncClientHandler.java:103)
	at software.amazon.awssdk.core.internal.handler.BaseSyncClientHandler.doExecute(BaseSyncClientHandler.java:173)
	at software.amazon.awssdk.core.internal.handler.BaseSyncClientHandler.lambda$execute$1(BaseSyncClientHandler.java:80)
	at software.amazon.awssdk.core.internal.handler.BaseSyncClientHandler.measureApiCallSuccess(BaseSyncClientHandler.java:182)
	at software.amazon.awssdk.core.internal.handler.BaseSyncClientHandler.execute(BaseSyncClientHandler.java:74)
	at software.amazon.awssdk.core.client.handler.SdkSyncClientHandler.execute(SdkSyncClientHandler.java:45)
	at software.amazon.awssdk.awscore.client.handler.AwsSyncClientHandler.execute(AwsSyncClientHandler.java:53)
	at software.amazon.awssdk.services.s3.DefaultS3Client.headObject(DefaultS3Client.java:6319)
	at software.amazon.awssdk.services.s3.DelegatingS3Client.lambda$headObject$53(DelegatingS3Client.java:5053)
	at software.amazon.awssdk.services.s3.internal.crossregion.S3CrossRegionSyncClient.invokeOperation(S3CrossRegionSyncClient.java:67)
	at software.amazon.awssdk.services.s3.DelegatingS3Client.headObject(DelegatingS3Client.java:5053)
	at org.apache.hadoop.fs.s3a.S3AFileSystem.lambda$getObjectMetadata$10(S3AFileSystem.java:3049)
	at org.apache.hadoop.fs.s3a.Invoker.retryUntranslated(Invoker.java:468)
	... 33 more
2025-01-02 17:46:59,271 [JUnit-testComplexDirActions] DEBUG s3a.S3ARetryPolicy (S3ARetryPolicy.java:shouldRetry(323)) - Retry action is RetryAction(action=FAIL, delayMillis=0, reason=try once and fail.)
2025-01-02 17:46:59,271 [JUnit-testComplexDirActions] DEBUG s3a.S3AFileSystem (S3AFileSystem.java:listObjects(3107)) - LIST List obs-bucket:/test/testComplexDirActions/dir-0-0000/dir-0-0000-0002/ delimiter=/ keys=2 requester pays=null
2025-01-02 17:46:59,271 [JUnit-testComplexDirActions] DEBUG s3a.S3AFileSystem (DurationInfo.java:<init>(80)) - Starting: LIST
2025-01-02 17:46:59,272 [JUnit-testComplexDirActions] DEBUG impl.LoggingAuditor (LoggingAuditor.java:modifyHttpRequest(410)) - [153] 67226e31-30c8-4b12-bd8d-7af12d75e150-00000131 Executing op_get_file_status with {object_list_request 'test/testComplexDirActions/dir-0-0000/dir-0-0000-0002/' size=2, mutating=false}; https://audit.example.org/hadoop/1/op_get_file_status/67226e31-30c8-4b12-bd8d-7af12d75e150-00000131/?op=op_get_file_status&p1=test/testComplexDirActions/dir-0-0000/dir-0-0000-0002&pr=runner&ps=a84b8fc4-c757-4eb1-9a3e-4c3b8d9615e9&id=67226e31-30c8-4b12-bd8d-7af12d75e150-00000131&t0=153&fs=67226e31-30c8-4b12-bd8d-7af12d75e150&t1=153&ts=1735840019264
2025-01-02 17:46:59,287 [JUnit-testComplexDirActions] DEBUG s3a.S3AFileSystem (DurationInfo.java:close(101)) - LIST: duration 0:00.016s
2025-01-02 17:46:59,287 [JUnit-testComplexDirActions] DEBUG s3a.S3AFileSystem (S3AFileSystem.java:s3GetFileStatus(4128)) - Found path as directory (with /)
2025-01-02 17:46:59,287 [JUnit-testComplexDirActions] DEBUG s3a.S3AFileSystem (S3ListResult.java:logAtDebug(146)) - Prefix count = 0; object count=1
2025-01-02 17:46:59,287 [JUnit-testComplexDirActions] DEBUG s3a.S3AFileSystem (S3ListResult.java:logAtDebug(149)) - Summary: test/testComplexDirActions/dir-0-0000/dir-0-0000-0002/ 0
2025-01-02 17:46:59,288 [JUnit-testComplexDirActions] DEBUG s3a.S3AFileSystem (S3AFileSystem.java:innerGetFileStatus(4005)) - Getting path status for s3a://obs-bucket/test/testComplexDirActions/dir-0-0000  (test/testComplexDirActions/dir-0-0000); needEmptyDirectory=false
2025-01-02 17:46:59,288 [JUnit-testComplexDirActions] DEBUG s3a.S3AFileSystem (S3AFileSystem.java:s3GetFileStatus(4064)) - S3GetFileStatus s3a://obs-bucket/test/testComplexDirActions/dir-0-0000
2025-01-02 17:46:59,288 [JUnit-testComplexDirActions] DEBUG s3a.S3AFileSystem (S3AFileSystem.java:lambda$getObjectMetadata$10(3044)) - HEAD test/testComplexDirActions/dir-0-0000 with change tracker null
2025-01-02 17:46:59,289 [JUnit-testComplexDirActions] DEBUG impl.LoggingAuditor (LoggingAuditor.java:modifyHttpRequest(410)) - [153] 67226e31-30c8-4b12-bd8d-7af12d75e150-00000132 Executing op_get_file_status with {action_http_head_request 'test/testComplexDirActions/dir-0-0000' size=0, mutating=false}; https://audit.example.org/hadoop/1/op_get_file_status/67226e31-30c8-4b12-bd8d-7af12d75e150-00000132/?op=op_get_file_status&p1=test/testComplexDirActions/dir-0-0000&pr=runner&ps=a84b8fc4-c757-4eb1-9a3e-4c3b8d9615e9&id=67226e31-30c8-4b12-bd8d-7af12d75e150-00000132&t0=153&fs=67226e31-30c8-4b12-bd8d-7af12d75e150&t1=153&ts=1735840019288
2025-01-02 17:46:59,309 [JUnit-testComplexDirActions] DEBUG s3a.Invoker (Invoker.java:retryUntranslated(474)) - GET test/testComplexDirActions/dir-0-0000 ; software.amazon.awssdk.services.s3.model.NoSuchKeyException: null (Service: S3, Status Code: 404, Request ID: 390a5a60-faef-4fff-94cd-b8b0e91af126, Extended Request ID: exGfLgtW) (Service: S3, Status Code: 404, Request ID: 390a5a60-faef-4fff-94cd-b8b0e91af126), 
2025-01-02 17:46:59,309 [JUnit-testComplexDirActions] DEBUG s3a.S3ARetryPolicy (S3ARetryPolicy.java:shouldRetry(318)) - Retry probe for FileNotFoundException with 0 retries and 0 failovers, idempotent=true, due to java.io.FileNotFoundException: GET test/testComplexDirActions/dir-0-0000 on /: software.amazon.awssdk.services.s3.model.NoSuchKeyException: null (Service: S3, Status Code: 404, Request ID: 390a5a60-faef-4fff-94cd-b8b0e91af126, Extended Request ID: exGfLgtW) (Service: S3, Status Code: 404, Request ID: 390a5a60-faef-4fff-94cd-b8b0e91af126):NoSuchKey
java.io.FileNotFoundException: GET test/testComplexDirActions/dir-0-0000 on /: software.amazon.awssdk.services.s3.model.NoSuchKeyException: null (Service: S3, Status Code: 404, Request ID: 390a5a60-faef-4fff-94cd-b8b0e91af126, Extended Request ID: exGfLgtW) (Service: S3, Status Code: 404, Request ID: 390a5a60-faef-4fff-94cd-b8b0e91af126):NoSuchKey
	at org.apache.hadoop.fs.s3a.S3AUtils.translateException(S3AUtils.java:279)
	at org.apache.hadoop.fs.s3a.Invoker.retryUntranslated(Invoker.java:481)
	at org.apache.hadoop.fs.s3a.Invoker.retryUntranslated(Invoker.java:431)
	at org.apache.hadoop.fs.s3a.S3AFileSystem.getObjectMetadata(S3AFileSystem.java:3036)
	at org.apache.hadoop.fs.s3a.S3AFileSystem.getObjectMetadata(S3AFileSystem.java:3016)
	at org.apache.hadoop.fs.s3a.S3AFileSystem.s3GetFileStatus(S3AFileSystem.java:4079)
	at org.apache.hadoop.fs.s3a.S3AFileSystem.innerGetFileStatus(S3AFileSystem.java:4007)
	at org.apache.hadoop.fs.s3a.S3AFileSystem.lambda$getFileStatus$22(S3AFileSystem.java:3984)
	at org.apache.hadoop.fs.statistics.impl.IOStatisticsBinding.invokeTrackingDuration(IOStatisticsBinding.java:547)
	at org.apache.hadoop.fs.statistics.impl.IOStatisticsBinding.lambda$trackDurationOfOperation$5(IOStatisticsBinding.java:528)
	at org.apache.hadoop.fs.statistics.impl.IOStatisticsBinding.trackDuration(IOStatisticsBinding.java:449)
	at org.apache.hadoop.fs.s3a.S3AFileSystem.trackDurationAndSpan(S3AFileSystem.java:2865)
	at org.apache.hadoop.fs.s3a.S3AFileSystem.trackDurationAndSpan(S3AFileSystem.java:2884)
	at org.apache.hadoop.fs.s3a.S3AFileSystem.getFileStatus(S3AFileSystem.java:3982)
	at org.apache.hadoop.fs.contract.ContractTestUtils$TreeScanResults.add(ContractTestUtils.java:1906)
	at org.apache.hadoop.fs.contract.ContractTestUtils.createSubdirs(ContractTestUtils.java:1438)
	at org.apache.hadoop.fs.contract.ContractTestUtils.createSubdirs(ContractTestUtils.java:1396)
	at org.apache.hadoop.fs.contract.AbstractContractGetFileStatusTest.createTestTree(AbstractContractGetFileStatusTest.java:494)
	at org.apache.hadoop.fs.contract.AbstractContractGetFileStatusTest.testComplexDirActions(AbstractContractGetFileStatusTest.java:151)
	at java.base/jdk.internal.reflect.NativeMethodAccessorImpl.invoke0(Native Method)
	at java.base/jdk.internal.reflect.NativeMethodAccessorImpl.invoke(NativeMethodAccessorImpl.java:62)
	at java.base/jdk.internal.reflect.DelegatingMethodAccessorImpl.invoke(DelegatingMethodAccessorImpl.java:43)
	at java.base/java.lang.reflect.Method.invoke(Method.java:566)
	at org.junit.runners.model.FrameworkMethod$1.runReflectiveCall(FrameworkMethod.java:59)
	at org.junit.internal.runners.model.ReflectiveCallable.run(ReflectiveCallable.java:12)
	at org.junit.runners.model.FrameworkMethod.invokeExplosively(FrameworkMethod.java:56)
	at org.junit.internal.runners.statements.InvokeMethod.evaluate(InvokeMethod.java:17)
	at org.junit.internal.runners.statements.RunBefores.evaluate(RunBefores.java:26)
	at org.junit.internal.runners.statements.RunAfters.evaluate(RunAfters.java:27)
	at org.junit.rules.TestWatcher$1.evaluate(TestWatcher.java:61)
	at org.junit.internal.runners.statements.FailOnTimeout$CallableStatement.call(FailOnTimeout.java:299)
	at org.junit.internal.runners.statements.FailOnTimeout$CallableStatement.call(FailOnTimeout.java:293)
	at java.base/java.util.concurrent.FutureTask.run(FutureTask.java:264)
	at java.base/java.lang.Thread.run(Thread.java:829)
Caused by: software.amazon.awssdk.services.s3.model.NoSuchKeyException: null (Service: S3, Status Code: 404, Request ID: 390a5a60-faef-4fff-94cd-b8b0e91af126, Extended Request ID: exGfLgtW) (Service: S3, Status Code: 404, Request ID: 390a5a60-faef-4fff-94cd-b8b0e91af126)
	at software.amazon.awssdk.services.s3.model.NoSuchKeyException$BuilderImpl.build(NoSuchKeyException.java:126)
	at software.amazon.awssdk.services.s3.model.NoSuchKeyException$BuilderImpl.build(NoSuchKeyException.java:80)
	at software.amazon.awssdk.services.s3.internal.handlers.ExceptionTranslationInterceptor.modifyException(ExceptionTranslationInterceptor.java:63)
	at software.amazon.awssdk.core.interceptor.ExecutionInterceptorChain.modifyException(ExecutionInterceptorChain.java:181)
	at software.amazon.awssdk.core.internal.http.pipeline.stages.utils.ExceptionReportingUtils.runModifyException(ExceptionReportingUtils.java:54)
	at software.amazon.awssdk.core.internal.http.pipeline.stages.utils.ExceptionReportingUtils.reportFailureToInterceptors(ExceptionReportingUtils.java:38)
	at software.amazon.awssdk.core.internal.http.pipeline.stages.ExecutionFailureExceptionReportingStage.execute(ExecutionFailureExceptionReportingStage.java:39)
	at software.amazon.awssdk.core.internal.http.pipeline.stages.ExecutionFailureExceptionReportingStage.execute(ExecutionFailureExceptionReportingStage.java:26)
	at software.amazon.awssdk.core.internal.http.AmazonSyncHttpClient$RequestExecutionBuilderImpl.execute(AmazonSyncHttpClient.java:224)
	at software.amazon.awssdk.core.internal.handler.BaseSyncClientHandler.invoke(BaseSyncClientHandler.java:103)
	at software.amazon.awssdk.core.internal.handler.BaseSyncClientHandler.doExecute(BaseSyncClientHandler.java:173)
	at software.amazon.awssdk.core.internal.handler.BaseSyncClientHandler.lambda$execute$1(BaseSyncClientHandler.java:80)
	at software.amazon.awssdk.core.internal.handler.BaseSyncClientHandler.measureApiCallSuccess(BaseSyncClientHandler.java:182)
	at software.amazon.awssdk.core.internal.handler.BaseSyncClientHandler.execute(BaseSyncClientHandler.java:74)
	at software.amazon.awssdk.core.client.handler.SdkSyncClientHandler.execute(SdkSyncClientHandler.java:45)
	at software.amazon.awssdk.awscore.client.handler.AwsSyncClientHandler.execute(AwsSyncClientHandler.java:53)
	at software.amazon.awssdk.services.s3.DefaultS3Client.headObject(DefaultS3Client.java:6319)
	at software.amazon.awssdk.services.s3.DelegatingS3Client.lambda$headObject$53(DelegatingS3Client.java:5053)
	at software.amazon.awssdk.services.s3.internal.crossregion.S3CrossRegionSyncClient.invokeOperation(S3CrossRegionSyncClient.java:67)
	at software.amazon.awssdk.services.s3.DelegatingS3Client.headObject(DelegatingS3Client.java:5053)
	at org.apache.hadoop.fs.s3a.S3AFileSystem.lambda$getObjectMetadata$10(S3AFileSystem.java:3049)
	at org.apache.hadoop.fs.s3a.Invoker.retryUntranslated(Invoker.java:468)
	... 32 more
2025-01-02 17:46:59,310 [JUnit-testComplexDirActions] DEBUG s3a.S3ARetryPolicy (S3ARetryPolicy.java:shouldRetry(323)) - Retry action is RetryAction(action=FAIL, delayMillis=0, reason=try once and fail.)
2025-01-02 17:46:59,310 [JUnit-testComplexDirActions] DEBUG s3a.S3AFileSystem (S3AFileSystem.java:listObjects(3107)) - LIST List obs-bucket:/test/testComplexDirActions/dir-0-0000/ delimiter=/ keys=2 requester pays=null
2025-01-02 17:46:59,310 [JUnit-testComplexDirActions] DEBUG s3a.S3AFileSystem (DurationInfo.java:<init>(80)) - Starting: LIST
2025-01-02 17:46:59,311 [JUnit-testComplexDirActions] DEBUG impl.LoggingAuditor (LoggingAuditor.java:modifyHttpRequest(410)) - [153] 67226e31-30c8-4b12-bd8d-7af12d75e150-00000132 Executing op_get_file_status with {object_list_request 'test/testComplexDirActions/dir-0-0000/' size=2, mutating=false}; https://audit.example.org/hadoop/1/op_get_file_status/67226e31-30c8-4b12-bd8d-7af12d75e150-00000132/?op=op_get_file_status&p1=test/testComplexDirActions/dir-0-0000&pr=runner&ps=a84b8fc4-c757-4eb1-9a3e-4c3b8d9615e9&id=67226e31-30c8-4b12-bd8d-7af12d75e150-00000132&t0=153&fs=67226e31-30c8-4b12-bd8d-7af12d75e150&t1=153&ts=1735840019288
2025-01-02 17:46:59,321 [JUnit-testComplexDirActions] DEBUG s3a.S3AFileSystem (DurationInfo.java:close(101)) - LIST: duration 0:00.011s
2025-01-02 17:46:59,321 [JUnit-testComplexDirActions] DEBUG s3a.S3AFileSystem (S3AFileSystem.java:s3GetFileStatus(4128)) - Found path as directory (with /)
2025-01-02 17:46:59,322 [JUnit-testComplexDirActions] DEBUG s3a.S3AFileSystem (S3ListResult.java:logAtDebug(146)) - Prefix count = 1; object count=1
2025-01-02 17:46:59,322 [JUnit-testComplexDirActions] DEBUG s3a.S3AFileSystem (S3ListResult.java:logAtDebug(149)) - Summary: test/testComplexDirActions/dir-0-0000/ 0
2025-01-02 17:46:59,322 [JUnit-testComplexDirActions] DEBUG s3a.S3AFileSystem (S3ListResult.java:logAtDebug(152)) - Prefix: test/testComplexDirActions/dir-0-0000/dir-0-0000-0000/
2025-01-02 17:46:59,323 [JUnit-testComplexDirActions] DEBUG impl.MkdirOperation (MkdirOperation.java:execute(120)) - Making directory: s3a://obs-bucket/test/testComplexDirActions/dir-0-0001
2025-01-02 17:46:59,323 [JUnit-testComplexDirActions] DEBUG s3a.S3AFileSystem (S3AFileSystem.java:innerGetFileStatus(4005)) - Getting path status for s3a://obs-bucket/test/testComplexDirActions/dir-0-0001  (test/testComplexDirActions/dir-0-0001); needEmptyDirectory=false
2025-01-02 17:46:59,323 [JUnit-testComplexDirActions] DEBUG s3a.S3AFileSystem (S3AFileSystem.java:s3GetFileStatus(4064)) - S3GetFileStatus s3a://obs-bucket/test/testComplexDirActions/dir-0-0001
2025-01-02 17:46:59,324 [JUnit-testComplexDirActions] DEBUG s3a.S3AFileSystem (S3AFileSystem.java:listObjects(3107)) - LIST List obs-bucket:/test/testComplexDirActions/dir-0-0001/ delimiter=/ keys=2 requester pays=null
2025-01-02 17:46:59,324 [JUnit-testComplexDirActions] DEBUG s3a.S3AFileSystem (DurationInfo.java:<init>(80)) - Starting: LIST
2025-01-02 17:46:59,325 [JUnit-testComplexDirActions] DEBUG impl.LoggingAuditor (LoggingAuditor.java:modifyHttpRequest(410)) - [153] 67226e31-30c8-4b12-bd8d-7af12d75e150-00000133 Executing op_mkdirs with {object_list_request 'test/testComplexDirActions/dir-0-0001/' size=2, mutating=false}; https://audit.example.org/hadoop/1/op_mkdirs/67226e31-30c8-4b12-bd8d-7af12d75e150-00000133/?op=op_mkdirs&p1=test/testComplexDirActions/dir-0-0001&pr=runner&ps=a84b8fc4-c757-4eb1-9a3e-4c3b8d9615e9&id=67226e31-30c8-4b12-bd8d-7af12d75e150-00000133&t0=153&fs=67226e31-30c8-4b12-bd8d-7af12d75e150&t1=153&ts=1735840019323
2025-01-02 17:46:59,333 [JUnit-testComplexDirActions] DEBUG s3a.S3AFileSystem (DurationInfo.java:close(101)) - LIST: duration 0:00.009s
2025-01-02 17:46:59,333 [JUnit-testComplexDirActions] DEBUG s3a.S3AFileSystem (S3AFileSystem.java:s3GetFileStatus(4155)) - Not Found: s3a://obs-bucket/test/testComplexDirActions/dir-0-0001
2025-01-02 17:46:59,334 [JUnit-testComplexDirActions] DEBUG s3a.S3AFileSystem (S3AFileSystem.java:innerGetFileStatus(4005)) - Getting path status for s3a://obs-bucket/test/testComplexDirActions/dir-0-0001  (test/testComplexDirActions/dir-0-0001); needEmptyDirectory=false
2025-01-02 17:46:59,334 [JUnit-testComplexDirActions] DEBUG s3a.S3AFileSystem (S3AFileSystem.java:s3GetFileStatus(4064)) - S3GetFileStatus s3a://obs-bucket/test/testComplexDirActions/dir-0-0001
2025-01-02 17:46:59,334 [JUnit-testComplexDirActions] DEBUG s3a.S3AFileSystem (S3AFileSystem.java:lambda$getObjectMetadata$10(3044)) - HEAD test/testComplexDirActions/dir-0-0001 with change tracker null
2025-01-02 17:46:59,336 [JUnit-testComplexDirActions] DEBUG impl.LoggingAuditor (LoggingAuditor.java:modifyHttpRequest(410)) - [153] 67226e31-30c8-4b12-bd8d-7af12d75e150-00000133 Executing op_mkdirs with {action_http_head_request 'test/testComplexDirActions/dir-0-0001' size=0, mutating=false}; https://audit.example.org/hadoop/1/op_mkdirs/67226e31-30c8-4b12-bd8d-7af12d75e150-00000133/?op=op_mkdirs&p1=test/testComplexDirActions/dir-0-0001&pr=runner&ps=a84b8fc4-c757-4eb1-9a3e-4c3b8d9615e9&id=67226e31-30c8-4b12-bd8d-7af12d75e150-00000133&t0=153&fs=67226e31-30c8-4b12-bd8d-7af12d75e150&t1=153&ts=1735840019323
2025-01-02 17:46:59,340 [JUnit-testComplexDirActions] DEBUG s3a.Invoker (Invoker.java:retryUntranslated(474)) - GET test/testComplexDirActions/dir-0-0001 ; software.amazon.awssdk.services.s3.model.NoSuchKeyException: null (Service: S3, Status Code: 404, Request ID: a1f7a98b-5d99-4ad1-bad9-376efda476f8, Extended Request ID: zsT9dWVSMvm3DI) (Service: S3, Status Code: 404, Request ID: a1f7a98b-5d99-4ad1-bad9-376efda476f8), 
2025-01-02 17:46:59,341 [JUnit-testComplexDirActions] DEBUG s3a.S3ARetryPolicy (S3ARetryPolicy.java:shouldRetry(318)) - Retry probe for FileNotFoundException with 0 retries and 0 failovers, idempotent=true, due to java.io.FileNotFoundException: GET test/testComplexDirActions/dir-0-0001 on /: software.amazon.awssdk.services.s3.model.NoSuchKeyException: null (Service: S3, Status Code: 404, Request ID: a1f7a98b-5d99-4ad1-bad9-376efda476f8, Extended Request ID: zsT9dWVSMvm3DI) (Service: S3, Status Code: 404, Request ID: a1f7a98b-5d99-4ad1-bad9-376efda476f8):NoSuchKey
java.io.FileNotFoundException: GET test/testComplexDirActions/dir-0-0001 on /: software.amazon.awssdk.services.s3.model.NoSuchKeyException: null (Service: S3, Status Code: 404, Request ID: a1f7a98b-5d99-4ad1-bad9-376efda476f8, Extended Request ID: zsT9dWVSMvm3DI) (Service: S3, Status Code: 404, Request ID: a1f7a98b-5d99-4ad1-bad9-376efda476f8):NoSuchKey
	at org.apache.hadoop.fs.s3a.S3AUtils.translateException(S3AUtils.java:279)
	at org.apache.hadoop.fs.s3a.Invoker.retryUntranslated(Invoker.java:481)
	at org.apache.hadoop.fs.s3a.Invoker.retryUntranslated(Invoker.java:431)
	at org.apache.hadoop.fs.s3a.S3AFileSystem.getObjectMetadata(S3AFileSystem.java:3036)
	at org.apache.hadoop.fs.s3a.S3AFileSystem.getObjectMetadata(S3AFileSystem.java:3016)
	at org.apache.hadoop.fs.s3a.S3AFileSystem.s3GetFileStatus(S3AFileSystem.java:4079)
	at org.apache.hadoop.fs.s3a.S3AFileSystem.innerGetFileStatus(S3AFileSystem.java:4007)
	at org.apache.hadoop.fs.s3a.S3AFileSystem$MkdirOperationCallbacksImpl.probePathStatus(S3AFileSystem.java:3864)
	at org.apache.hadoop.fs.s3a.impl.MkdirOperation.probePathStatusOrNull(MkdirOperation.java:218)
	at org.apache.hadoop.fs.s3a.impl.MkdirOperation.getPathStatusExpectingDir(MkdirOperation.java:242)
	at org.apache.hadoop.fs.s3a.impl.MkdirOperation.execute(MkdirOperation.java:134)
	at org.apache.hadoop.fs.s3a.impl.MkdirOperation.execute(MkdirOperation.java:59)
	at org.apache.hadoop.fs.s3a.impl.ExecutingStoreOperation.apply(ExecutingStoreOperation.java:76)
	at org.apache.hadoop.fs.statistics.impl.IOStatisticsBinding.invokeTrackingDuration(IOStatisticsBinding.java:547)
	at org.apache.hadoop.fs.statistics.impl.IOStatisticsBinding.lambda$trackDurationOfOperation$5(IOStatisticsBinding.java:528)
	at org.apache.hadoop.fs.statistics.impl.IOStatisticsBinding.trackDuration(IOStatisticsBinding.java:449)
	at org.apache.hadoop.fs.s3a.S3AFileSystem.trackDurationAndSpan(S3AFileSystem.java:2865)
	at org.apache.hadoop.fs.s3a.S3AFileSystem.trackDurationAndSpan(S3AFileSystem.java:2884)
	at org.apache.hadoop.fs.s3a.S3AFileSystem.mkdirs(S3AFileSystem.java:3835)
	at org.apache.hadoop.fs.FileSystem.mkdirs(FileSystem.java:2496)
	at org.apache.hadoop.fs.contract.ContractTestUtils.createSubdirs(ContractTestUtils.java:1423)
	at org.apache.hadoop.fs.contract.ContractTestUtils.createSubdirs(ContractTestUtils.java:1436)
	at org.apache.hadoop.fs.contract.ContractTestUtils.createSubdirs(ContractTestUtils.java:1396)
	at org.apache.hadoop.fs.contract.AbstractContractGetFileStatusTest.createTestTree(AbstractContractGetFileStatusTest.java:494)
	at org.apache.hadoop.fs.contract.AbstractContractGetFileStatusTest.testComplexDirActions(AbstractContractGetFileStatusTest.java:151)
	at java.base/jdk.internal.reflect.NativeMethodAccessorImpl.invoke0(Native Method)
	at java.base/jdk.internal.reflect.NativeMethodAccessorImpl.invoke(NativeMethodAccessorImpl.java:62)
	at java.base/jdk.internal.reflect.DelegatingMethodAccessorImpl.invoke(DelegatingMethodAccessorImpl.java:43)
	at java.base/java.lang.reflect.Method.invoke(Method.java:566)
	at org.junit.runners.model.FrameworkMethod$1.runReflectiveCall(FrameworkMethod.java:59)
	at org.junit.internal.runners.model.ReflectiveCallable.run(ReflectiveCallable.java:12)
	at org.junit.runners.model.FrameworkMethod.invokeExplosively(FrameworkMethod.java:56)
	at org.junit.internal.runners.statements.InvokeMethod.evaluate(InvokeMethod.java:17)
	at org.junit.internal.runners.statements.RunBefores.evaluate(RunBefores.java:26)
	at org.junit.internal.runners.statements.RunAfters.evaluate(RunAfters.java:27)
	at org.junit.rules.TestWatcher$1.evaluate(TestWatcher.java:61)
	at org.junit.internal.runners.statements.FailOnTimeout$CallableStatement.call(FailOnTimeout.java:299)
	at org.junit.internal.runners.statements.FailOnTimeout$CallableStatement.call(FailOnTimeout.java:293)
	at java.base/java.util.concurrent.FutureTask.run(FutureTask.java:264)
	at java.base/java.lang.Thread.run(Thread.java:829)
Caused by: software.amazon.awssdk.services.s3.model.NoSuchKeyException: null (Service: S3, Status Code: 404, Request ID: a1f7a98b-5d99-4ad1-bad9-376efda476f8, Extended Request ID: zsT9dWVSMvm3DI) (Service: S3, Status Code: 404, Request ID: a1f7a98b-5d99-4ad1-bad9-376efda476f8)
	at software.amazon.awssdk.services.s3.model.NoSuchKeyException$BuilderImpl.build(NoSuchKeyException.java:126)
	at software.amazon.awssdk.services.s3.model.NoSuchKeyException$BuilderImpl.build(NoSuchKeyException.java:80)
	at software.amazon.awssdk.services.s3.internal.handlers.ExceptionTranslationInterceptor.modifyException(ExceptionTranslationInterceptor.java:63)
	at software.amazon.awssdk.core.interceptor.ExecutionInterceptorChain.modifyException(ExecutionInterceptorChain.java:181)
	at software.amazon.awssdk.core.internal.http.pipeline.stages.utils.ExceptionReportingUtils.runModifyException(ExceptionReportingUtils.java:54)
	at software.amazon.awssdk.core.internal.http.pipeline.stages.utils.ExceptionReportingUtils.reportFailureToInterceptors(ExceptionReportingUtils.java:38)
	at software.amazon.awssdk.core.internal.http.pipeline.stages.ExecutionFailureExceptionReportingStage.execute(ExecutionFailureExceptionReportingStage.java:39)
	at software.amazon.awssdk.core.internal.http.pipeline.stages.ExecutionFailureExceptionReportingStage.execute(ExecutionFailureExceptionReportingStage.java:26)
	at software.amazon.awssdk.core.internal.http.AmazonSyncHttpClient$RequestExecutionBuilderImpl.execute(AmazonSyncHttpClient.java:224)
	at software.amazon.awssdk.core.internal.handler.BaseSyncClientHandler.invoke(BaseSyncClientHandler.java:103)
	at software.amazon.awssdk.core.internal.handler.BaseSyncClientHandler.doExecute(BaseSyncClientHandler.java:173)
	at software.amazon.awssdk.core.internal.handler.BaseSyncClientHandler.lambda$execute$1(BaseSyncClientHandler.java:80)
	at software.amazon.awssdk.core.internal.handler.BaseSyncClientHandler.measureApiCallSuccess(BaseSyncClientHandler.java:182)
	at software.amazon.awssdk.core.internal.handler.BaseSyncClientHandler.execute(BaseSyncClientHandler.java:74)
	at software.amazon.awssdk.core.client.handler.SdkSyncClientHandler.execute(SdkSyncClientHandler.java:45)
	at software.amazon.awssdk.awscore.client.handler.AwsSyncClientHandler.execute(AwsSyncClientHandler.java:53)
	at software.amazon.awssdk.services.s3.DefaultS3Client.headObject(DefaultS3Client.java:6319)
	at software.amazon.awssdk.services.s3.DelegatingS3Client.lambda$headObject$53(DelegatingS3Client.java:5053)
	at software.amazon.awssdk.services.s3.internal.crossregion.S3CrossRegionSyncClient.invokeOperation(S3CrossRegionSyncClient.java:67)
	at software.amazon.awssdk.services.s3.DelegatingS3Client.headObject(DelegatingS3Client.java:5053)
	at org.apache.hadoop.fs.s3a.S3AFileSystem.lambda$getObjectMetadata$10(S3AFileSystem.java:3049)
	at org.apache.hadoop.fs.s3a.Invoker.retryUntranslated(Invoker.java:468)
	... 38 more
2025-01-02 17:46:59,341 [JUnit-testComplexDirActions] DEBUG s3a.S3ARetryPolicy (S3ARetryPolicy.java:shouldRetry(323)) - Retry action is RetryAction(action=FAIL, delayMillis=0, reason=try once and fail.)
2025-01-02 17:46:59,342 [JUnit-testComplexDirActions] DEBUG s3a.S3AFileSystem (S3AFileSystem.java:s3GetFileStatus(4155)) - Not Found: s3a://obs-bucket/test/testComplexDirActions/dir-0-0001
2025-01-02 17:46:59,342 [JUnit-testComplexDirActions] DEBUG s3a.S3AFileSystem (S3AFileSystem.java:innerGetFileStatus(4005)) - Getting path status for s3a://obs-bucket/test/testComplexDirActions  (test/testComplexDirActions); needEmptyDirectory=false
2025-01-02 17:46:59,342 [JUnit-testComplexDirActions] DEBUG s3a.S3AFileSystem (S3AFileSystem.java:s3GetFileStatus(4064)) - S3GetFileStatus s3a://obs-bucket/test/testComplexDirActions
2025-01-02 17:46:59,343 [JUnit-testComplexDirActions] DEBUG s3a.S3AFileSystem (S3AFileSystem.java:listObjects(3107)) - LIST List obs-bucket:/test/testComplexDirActions/ delimiter=/ keys=2 requester pays=null
2025-01-02 17:46:59,343 [JUnit-testComplexDirActions] DEBUG s3a.S3AFileSystem (DurationInfo.java:<init>(80)) - Starting: LIST
2025-01-02 17:46:59,344 [JUnit-testComplexDirActions] DEBUG impl.LoggingAuditor (LoggingAuditor.java:modifyHttpRequest(410)) - [153] 67226e31-30c8-4b12-bd8d-7af12d75e150-00000133 Executing op_mkdirs with {object_list_request 'test/testComplexDirActions/' size=2, mutating=false}; https://audit.example.org/hadoop/1/op_mkdirs/67226e31-30c8-4b12-bd8d-7af12d75e150-00000133/?op=op_mkdirs&p1=test/testComplexDirActions/dir-0-0001&pr=runner&ps=a84b8fc4-c757-4eb1-9a3e-4c3b8d9615e9&id=67226e31-30c8-4b12-bd8d-7af12d75e150-00000133&t0=153&fs=67226e31-30c8-4b12-bd8d-7af12d75e150&t1=153&ts=1735840019323
2025-01-02 17:46:59,354 [JUnit-testComplexDirActions] DEBUG s3a.S3AFileSystem (DurationInfo.java:close(101)) - LIST: duration 0:00.011s
2025-01-02 17:46:59,355 [JUnit-testComplexDirActions] DEBUG s3a.S3AFileSystem (S3AFileSystem.java:s3GetFileStatus(4128)) - Found path as directory (with /)
2025-01-02 17:46:59,355 [JUnit-testComplexDirActions] DEBUG s3a.S3AFileSystem (S3ListResult.java:logAtDebug(146)) - Prefix count = 1; object count=1
2025-01-02 17:46:59,356 [JUnit-testComplexDirActions] DEBUG s3a.S3AFileSystem (S3ListResult.java:logAtDebug(149)) - Summary: test/testComplexDirActions/ 0
2025-01-02 17:46:59,356 [JUnit-testComplexDirActions] DEBUG s3a.S3AFileSystem (S3ListResult.java:logAtDebug(152)) - Prefix: test/testComplexDirActions/dir-0-0000/
2025-01-02 17:46:59,357 [JUnit-testComplexDirActions] DEBUG s3a.Invoker (DurationInfo.java:<init>(80)) - Starting: PUT 0-byte object 
2025-01-02 17:46:59,357 [JUnit-testComplexDirActions] DEBUG s3a.S3AFileSystem (S3AFileSystem.java:putObjectDirect(3340)) - PUT 0 bytes to test/testComplexDirActions/dir-0-0001/
2025-01-02 17:46:59,358 [JUnit-testComplexDirActions] DEBUG impl.S3AStoreImpl (S3AStoreImpl.java:incrementPutStartStatistics(397)) - PUT start 0 bytes
2025-01-02 17:46:59,359 [JUnit-testComplexDirActions] DEBUG impl.LoggingAuditor (LoggingAuditor.java:modifyHttpRequest(410)) - [153] 67226e31-30c8-4b12-bd8d-7af12d75e150-00000133 Executing op_mkdirs with {object_put_request 'test/testComplexDirActions/dir-0-0001/' size=0, mutating=true}; https://audit.example.org/hadoop/1/op_mkdirs/67226e31-30c8-4b12-bd8d-7af12d75e150-00000133/?op=op_mkdirs&p1=test/testComplexDirActions/dir-0-0001&pr=runner&ps=a84b8fc4-c757-4eb1-9a3e-4c3b8d9615e9&id=67226e31-30c8-4b12-bd8d-7af12d75e150-00000133&t0=153&fs=67226e31-30c8-4b12-bd8d-7af12d75e150&t1=153&ts=1735840019323
2025-01-02 17:46:59,360 [JUnit-testComplexDirActions] INFO  impl.UploadContentProviders (UploadContentProviders.java:newStream(289)) - Stream recreated: ByteArrayContentProvider{buffer with length=0, offset=0} BaseContentProvider{size=0, initiated at 2025-01-02T17:46:59.357485, streamCreationCount=2, currentStream=null}
2025-01-02 17:46:59,382 [JUnit-testComplexDirActions] DEBUG impl.S3AStoreImpl (S3AStoreImpl.java:incrementPutCompletedStatistics(414)) - PUT completed success=true; 0 bytes
2025-01-02 17:46:59,383 [JUnit-testComplexDirActions] DEBUG s3a.S3AFileSystem (S3AFileSystem.java:finishedWrite(4727)) - Finished write to test/testComplexDirActions/dir-0-0001/, len 0.
2025-01-02 17:46:59,383 [JUnit-testComplexDirActions] DEBUG s3a.Invoker (DurationInfo.java:close(101)) - PUT 0-byte object : duration 0:00.026s
2025-01-02 17:46:59,384 [JUnit-testComplexDirActions] DEBUG S3AFileSystem.Progress (S3AStoreImpl.java:incrementPutProgressStatistics(432)) - PUT test/testComplexDirActions/dir-0-0001: 0 bytes
2025-01-02 17:46:59,384 [JUnit-testComplexDirActions] DEBUG s3a.S3AFileSystem (S3AFileSystem.java:innerGetFileStatus(4005)) - Getting path status for s3a://obs-bucket/test/testComplexDirActions/dir-0-0001/file--0-0001-0000.txt  (test/testComplexDirActions/dir-0-0001/file--0-0001-0000.txt); needEmptyDirectory=false
2025-01-02 17:46:59,385 [JUnit-testComplexDirActions] DEBUG s3a.S3AFileSystem (S3AFileSystem.java:s3GetFileStatus(4064)) - S3GetFileStatus s3a://obs-bucket/test/testComplexDirActions/dir-0-0001/file--0-0001-0000.txt
2025-01-02 17:46:59,385 [JUnit-testComplexDirActions] DEBUG s3a.S3AFileSystem (S3AFileSystem.java:listObjects(3107)) - LIST List obs-bucket:/test/testComplexDirActions/dir-0-0001/file--0-0001-0000.txt/ delimiter=/ keys=2 requester pays=null
2025-01-02 17:46:59,386 [JUnit-testComplexDirActions] DEBUG s3a.S3AFileSystem (DurationInfo.java:<init>(80)) - Starting: LIST
2025-01-02 17:46:59,387 [JUnit-testComplexDirActions] DEBUG impl.LoggingAuditor (LoggingAuditor.java:modifyHttpRequest(410)) - [153] 67226e31-30c8-4b12-bd8d-7af12d75e150-00000134 Executing op_create with {object_list_request 'test/testComplexDirActions/dir-0-0001/file--0-0001-0000.txt/' size=2, mutating=false}; https://audit.example.org/hadoop/1/op_create/67226e31-30c8-4b12-bd8d-7af12d75e150-00000134/?op=op_create&p1=test/testComplexDirActions/dir-0-0001/file--0-0001-0000.txt&pr=runner&ps=a84b8fc4-c757-4eb1-9a3e-4c3b8d9615e9&id=67226e31-30c8-4b12-bd8d-7af12d75e150-00000134&t0=153&fs=67226e31-30c8-4b12-bd8d-7af12d75e150&t1=153&ts=1735840019384
2025-01-02 17:46:59,397 [JUnit-testComplexDirActions] DEBUG s3a.S3AFileSystem (DurationInfo.java:close(101)) - LIST: duration 0:00.011s
2025-01-02 17:46:59,398 [JUnit-testComplexDirActions] DEBUG s3a.S3AFileSystem (S3AFileSystem.java:s3GetFileStatus(4155)) - Not Found: s3a://obs-bucket/test/testComplexDirActions/dir-0-0001/file--0-0001-0000.txt
2025-01-02 17:46:59,398 [JUnit-testComplexDirActions] DEBUG s3a.S3ARetryPolicy (S3ARetryPolicy.java:<init>(150)) - Retrying on recoverable AWS failures 3 times with an initial interval of 500ms
2025-01-02 17:46:59,399 [JUnit-testComplexDirActions] DEBUG s3a.S3ABlockOutputStream (S3ABlockOutputStream.java:<init>(276)) - Initialized S3ABlockOutputStream for test/testComplexDirActions/dir-0-0001/file--0-0001-0000.txt output to FileBlock{index=1, destFile=/home/runner/work/ozone/ozone/target/hadoop-src/target/tmp/s3a/s3ablock-0001-17779823110956589419.tmp, state=Writing, dataSize=0, limit=67108864}
2025-01-02 17:46:59,400 [JUnit-testComplexDirActions] DEBUG s3a.S3ABlockOutputStream (S3ABlockOutputStream.java:close(487)) - S3ABlockOutputStream{WriteOperationHelper {bucket=obs-bucket}, blockSize=67108864, isMultipartUploadEnabled=true, activeBlock=FileBlock{index=1, destFile=/home/runner/work/ozone/ozone/target/hadoop-src/target/tmp/s3a/s3ablock-0001-17779823110956589419.tmp, state=Writing, dataSize=512, limit=67108864} Statistics=counters=((multipart_upload_part_put.failures=0) (object_put_request.failures=0) (multipart_upload_completed.failures=0) (object_multipart_initiated=0) (action_executor_acquired=0) (action_executor_acquired.failures=0) (stream_write_exceptions_completing_upload=0) (op_hflush=0) (stream_write_total_data=0) (committer_magic_marker_put=0) (object_multipart_initiated.failures=0) (stream_write_total_time=0) (stream_write_block_uploads=0) (committer_magic_marker_put.failures=0) (op_hsync=0) (stream_write_queue_duration=0) (object_multipart_aborted=0) (stream_write_exceptions=0) (op_abort=0) (object_multipart_aborted.failures=0) (multipart_upload_part_put=0) (object_put_request=0) (op_abort.failures=0) (stream_write_bytes=512) (multipart_upload_completed=0));
gauges=((stream_write_block_uploads_active=0) (stream_write_block_uploads_data_pending=0) (stream_write_block_uploads_pending=0));
minimums=((object_multipart_aborted.min=-1) (committer_magic_marker_put.min=-1) (object_multipart_initiated.min=-1) (action_executor_acquired.min=-1) (op_abort.failures.min=-1) (committer_magic_marker_put.failures.min=-1) (op_abort.min=-1) (object_multipart_initiated.failures.min=-1) (multipart_upload_part_put.min=-1) (object_put_request.min=-1) (object_put_request.failures.min=-1) (action_executor_acquired.failures.min=-1) (multipart_upload_completed.failures.min=-1) (multipart_upload_part_put.failures.min=-1) (object_multipart_aborted.failures.min=-1) (multipart_upload_completed.min=-1));
maximums=((multipart_upload_part_put.max=-1) (action_executor_acquired.failures.max=-1) (committer_magic_marker_put.failures.max=-1) (object_multipart_initiated.max=-1) (multipart_upload_completed.max=-1) (object_put_request.max=-1) (multipart_upload_completed.failures.max=-1) (op_abort.max=-1) (committer_magic_marker_put.max=-1) (op_abort.failures.max=-1) (object_multipart_aborted.failures.max=-1) (object_multipart_initiated.failures.max=-1) (object_put_request.failures.max=-1) (action_executor_acquired.max=-1) (object_multipart_aborted.max=-1) (multipart_upload_part_put.failures.max=-1));
means=((op_abort.failures.mean=(samples=0, sum=0, mean=0.0000)) (action_executor_acquired.mean=(samples=0, sum=0, mean=0.0000)) (object_multipart_initiated.mean=(samples=0, sum=0, mean=0.0000)) (op_abort.mean=(samples=0, sum=0, mean=0.0000)) (object_multipart_initiated.failures.mean=(samples=0, sum=0, mean=0.0000)) (committer_magic_marker_put.mean=(samples=0, sum=0, mean=0.0000)) (object_put_request.mean=(samples=0, sum=0, mean=0.0000)) (multipart_upload_part_put.failures.mean=(samples=0, sum=0, mean=0.0000)) (multipart_upload_completed.mean=(samples=0, sum=0, mean=0.0000)) (object_multipart_aborted.mean=(samples=0, sum=0, mean=0.0000)) (action_executor_acquired.failures.mean=(samples=0, sum=0, mean=0.0000)) (multipart_upload_part_put.mean=(samples=0, sum=0, mean=0.0000)) (multipart_upload_completed.failures.mean=(samples=0, sum=0, mean=0.0000)) (object_put_request.failures.mean=(samples=0, sum=0, mean=0.0000)) (object_multipart_aborted.failures.mean=(samples=0, sum=0, mean=0.0000)) (committer_magic_marker_put.failures.mean=(samples=0, sum=0, mean=0.0000)));
}: Closing block #1: current block= FileBlock{index=1, destFile=/home/runner/work/ozone/ozone/target/hadoop-src/target/tmp/s3a/s3ablock-0001-17779823110956589419.tmp, state=Writing, dataSize=512, limit=67108864}
2025-01-02 17:46:59,401 [JUnit-testComplexDirActions] DEBUG s3a.S3ABlockOutputStream (S3ABlockOutputStream.java:putObject(688)) - Executing regular upload for WriteOperationHelper {bucket=obs-bucket}
2025-01-02 17:46:59,401 [JUnit-testComplexDirActions] DEBUG s3a.S3ADataBlocks (S3ADataBlocks.java:startUpload(362)) - Start datablock[1] upload
2025-01-02 17:46:59,401 [JUnit-testComplexDirActions] DEBUG s3a.S3ADataBlocks (S3ADataBlocks.java:enterState(261)) - FileBlock{index=1, destFile=/home/runner/work/ozone/ozone/target/hadoop-src/target/tmp/s3a/s3ablock-0001-17779823110956589419.tmp, state=Writing, dataSize=512, limit=67108864}: entering state Upload
2025-01-02 17:46:59,402 [JUnit-testComplexDirActions] DEBUG s3a.S3ABlockOutputStream (S3ABlockOutputStream.java:clearActiveBlock(320)) - Clearing active block
2025-01-02 17:46:59,403 [JUnit-testComplexDirActions] DEBUG s3a.Invoker (DurationInfo.java:<init>(80)) - Starting: Writing Object
2025-01-02 17:46:59,403 [JUnit-testComplexDirActions] DEBUG s3a.S3AFileSystem (S3AFileSystem.java:putObjectDirect(3340)) - PUT 512 bytes to test/testComplexDirActions/dir-0-0001/file--0-0001-0000.txt
2025-01-02 17:46:59,403 [JUnit-testComplexDirActions] DEBUG impl.S3AStoreImpl (S3AStoreImpl.java:incrementPutStartStatistics(397)) - PUT start 512 bytes
2025-01-02 17:46:59,405 [JUnit-testComplexDirActions] DEBUG impl.LoggingAuditor (LoggingAuditor.java:modifyHttpRequest(410)) - [153] 67226e31-30c8-4b12-bd8d-7af12d75e150-00000134 Executing op_create with {object_put_request 'test/testComplexDirActions/dir-0-0001/file--0-0001-0000.txt' size=0, mutating=true}; https://audit.example.org/hadoop/1/op_create/67226e31-30c8-4b12-bd8d-7af12d75e150-00000134/?op=op_create&p1=test/testComplexDirActions/dir-0-0001/file--0-0001-0000.txt&pr=runner&ps=a84b8fc4-c757-4eb1-9a3e-4c3b8d9615e9&id=67226e31-30c8-4b12-bd8d-7af12d75e150-00000134&t0=153&fs=67226e31-30c8-4b12-bd8d-7af12d75e150&t1=153&ts=1735840019384
2025-01-02 17:46:59,406 [JUnit-testComplexDirActions] INFO  impl.UploadContentProviders (UploadContentProviders.java:newStream(289)) - Stream recreated: FileWithOffsetContentProvider{file=/home/runner/work/ozone/ozone/target/hadoop-src/target/tmp/s3a/s3ablock-0001-17779823110956589419.tmp, offset=0} BaseContentProvider{size=512, initiated at 2025-01-02T17:46:59.402439, streamCreationCount=2, currentStream=null}
2025-01-02 17:46:59,453 [JUnit-testComplexDirActions] DEBUG impl.S3AStoreImpl (S3AStoreImpl.java:incrementPutCompletedStatistics(414)) - PUT completed success=true; 512 bytes
2025-01-02 17:46:59,454 [JUnit-testComplexDirActions] DEBUG s3a.S3AFileSystem (S3AFileSystem.java:finishedWrite(4727)) - Finished write to test/testComplexDirActions/dir-0-0001/file--0-0001-0000.txt, len 512.
2025-01-02 17:46:59,455 [JUnit-testComplexDirActions] DEBUG s3a.Invoker (DurationInfo.java:close(101)) - Writing Object: duration 0:00.053s
2025-01-02 17:46:59,455 [JUnit-testComplexDirActions] DEBUG s3a.S3ADataBlocks (S3ADataBlocks.java:enterState(261)) - FileBlock{index=1, destFile=/home/runner/work/ozone/ozone/target/hadoop-src/target/tmp/s3a/s3ablock-0001-17779823110956589419.tmp, state=Upload, dataSize=512, limit=67108864}: entering state Closed
2025-01-02 17:46:59,456 [JUnit-testComplexDirActions] DEBUG s3a.S3ADataBlocks (S3ADataBlocks.java:close(384)) - Closed FileBlock{index=1, destFile=/home/runner/work/ozone/ozone/target/hadoop-src/target/tmp/s3a/s3ablock-0001-17779823110956589419.tmp, state=Closed, dataSize=512, limit=67108864}
2025-01-02 17:46:59,456 [JUnit-testComplexDirActions] DEBUG s3a.S3ADataBlocks (S3ADataBlocks.java:innerClose(836)) - Closing FileBlock{index=1, destFile=/home/runner/work/ozone/ozone/target/hadoop-src/target/tmp/s3a/s3ablock-0001-17779823110956589419.tmp, state=Closed, dataSize=512, limit=67108864}
2025-01-02 17:46:59,456 [JUnit-testComplexDirActions] DEBUG s3a.S3ADataBlocks (S3ADataBlocks.java:closeBlock(890)) - block[1]: closeBlock()
2025-01-02 17:46:59,457 [JUnit-testComplexDirActions] DEBUG s3a.S3ABlockOutputStream (S3ABlockOutputStream.java:close(534)) - Upload complete to test/testComplexDirActions/dir-0-0001/file--0-0001-0000.txt by WriteOperationHelper {bucket=obs-bucket}
2025-01-02 17:46:59,458 [JUnit-testComplexDirActions] DEBUG s3a.S3ABlockOutputStream (S3ABlockOutputStream.java:cleanupOnClose(566)) - Statistics: OutputStreamStatistics{counters=((stream_write_total_time=0) (stream_write_exceptions_completing_upload=0) (op_abort=0) (object_multipart_initiated=0) (multipart_upload_part_put.failures=0) (multipart_upload_part_put=0) (object_put_request=1) (committer_magic_marker_put=0) (op_abort.failures=0) (stream_write_queue_duration=0) (committer_magic_marker_put.failures=0) (op_hflush=0) (op_hsync=0) (stream_write_bytes=512) (object_multipart_aborted.failures=0) (stream_write_exceptions=0) (stream_write_block_uploads=1) (stream_write_total_data=512) (multipart_upload_completed.failures=0) (action_executor_acquired.failures=0) (multipart_upload_completed=0) (object_multipart_initiated.failures=0) (object_multipart_aborted=0) (object_put_request.failures=0) (action_executor_acquired=0));
gauges=((stream_write_block_uploads_data_pending=0) (stream_write_block_uploads_pending=0) (stream_write_block_uploads_active=0));
minimums=((committer_magic_marker_put.min=-1) (object_multipart_aborted.failures.min=-1) (multipart_upload_completed.failures.min=-1) (object_multipart_initiated.failures.min=-1) (multipart_upload_part_put.failures.min=-1) (object_multipart_aborted.min=-1) (committer_magic_marker_put.failures.min=-1) (op_abort.failures.min=-1) (action_executor_acquired.min=0) (object_multipart_initiated.min=-1) (action_executor_acquired.failures.min=-1) (multipart_upload_completed.min=-1) (op_abort.min=-1) (object_put_request.failures.min=-1) (multipart_upload_part_put.min=-1) (object_put_request.min=49));
maximums=((object_multipart_initiated.failures.max=-1) (object_multipart_aborted.max=-1) (object_put_request.failures.max=-1) (op_abort.max=-1) (op_abort.failures.max=-1) (multipart_upload_part_put.failures.max=-1) (object_multipart_aborted.failures.max=-1) (object_put_request.max=49) (action_executor_acquired.failures.max=-1) (multipart_upload_part_put.max=-1) (committer_magic_marker_put.max=-1) (multipart_upload_completed.max=-1) (object_multipart_initiated.max=-1) (multipart_upload_completed.failures.max=-1) (action_executor_acquired.max=0) (committer_magic_marker_put.failures.max=-1));
means=((object_put_request.mean=(samples=1, sum=49, mean=49.0000)) (object_multipart_aborted.mean=(samples=0, sum=0, mean=0.0000)) (object_multipart_initiated.failures.mean=(samples=0, sum=0, mean=0.0000)) (multipart_upload_part_put.mean=(samples=0, sum=0, mean=0.0000)) (multipart_upload_completed.mean=(samples=0, sum=0, mean=0.0000)) (object_put_request.failures.mean=(samples=0, sum=0, mean=0.0000)) (object_multipart_aborted.failures.mean=(samples=0, sum=0, mean=0.0000)) (op_abort.mean=(samples=0, sum=0, mean=0.0000)) (committer_magic_marker_put.failures.mean=(samples=0, sum=0, mean=0.0000)) (action_executor_acquired.mean=(samples=1, sum=0, mean=0.0000)) (op_abort.failures.mean=(samples=0, sum=0, mean=0.0000)) (committer_magic_marker_put.mean=(samples=0, sum=0, mean=0.0000)) (object_multipart_initiated.mean=(samples=0, sum=0, mean=0.0000)) (multipart_upload_part_put.failures.mean=(samples=0, sum=0, mean=0.0000)) (action_executor_acquired.failures.mean=(samples=0, sum=0, mean=0.0000)) (multipart_upload_completed.failures.mean=(samples=0, sum=0, mean=0.0000)));
, blocksActive=0, blockUploadsCompleted=1, blocksAllocated=1, blocksReleased=1, blocksActivelyAllocated=0, transferDuration=52 ms, totalUploadDuration=52 ms, effectiveBandwidth=9846.153846153846 bytes/s}
2025-01-02 17:46:59,459 [JUnit-testComplexDirActions] DEBUG s3a.S3ABlockOutputStream (S3ABlockOutputStream.java:close(481)) - Ignoring close() as stream is already closed
2025-01-02 17:46:59,459 [JUnit-testComplexDirActions] DEBUG s3a.S3AFileSystem (S3AFileSystem.java:innerGetFileStatus(4005)) - Getting path status for s3a://obs-bucket/test/testComplexDirActions/dir-0-0001/file--0-0001-0000.txt  (test/testComplexDirActions/dir-0-0001/file--0-0001-0000.txt); needEmptyDirectory=false
2025-01-02 17:46:59,460 [JUnit-testComplexDirActions] DEBUG s3a.S3AFileSystem (S3AFileSystem.java:s3GetFileStatus(4064)) - S3GetFileStatus s3a://obs-bucket/test/testComplexDirActions/dir-0-0001/file--0-0001-0000.txt
2025-01-02 17:46:59,460 [JUnit-testComplexDirActions] DEBUG s3a.S3AFileSystem (S3AFileSystem.java:lambda$getObjectMetadata$10(3044)) - HEAD test/testComplexDirActions/dir-0-0001/file--0-0001-0000.txt with change tracker null
2025-01-02 17:46:59,462 [JUnit-testComplexDirActions] DEBUG impl.LoggingAuditor (LoggingAuditor.java:modifyHttpRequest(410)) - [153] 67226e31-30c8-4b12-bd8d-7af12d75e150-00000135 Executing op_get_file_status with {action_http_head_request 'test/testComplexDirActions/dir-0-0001/file--0-0001-0000.txt' size=0, mutating=false}; https://audit.example.org/hadoop/1/op_get_file_status/67226e31-30c8-4b12-bd8d-7af12d75e150-00000135/?op=op_get_file_status&p1=test/testComplexDirActions/dir-0-0001/file--0-0001-0000.txt&pr=runner&ps=a84b8fc4-c757-4eb1-9a3e-4c3b8d9615e9&id=67226e31-30c8-4b12-bd8d-7af12d75e150-00000135&t0=153&fs=67226e31-30c8-4b12-bd8d-7af12d75e150&t1=153&ts=1735840019459
2025-01-02 17:46:59,467 [JUnit-testComplexDirActions] DEBUG s3a.S3AFileSystem (S3AFileSystem.java:s3GetFileStatus(4080)) - Found exact file: normal file test/testComplexDirActions/dir-0-0001/file--0-0001-0000.txt
2025-01-02 17:46:59,468 [JUnit-testComplexDirActions] DEBUG s3a.S3AFileSystem (S3AFileSystem.java:innerGetFileStatus(4005)) - Getting path status for s3a://obs-bucket/test/testComplexDirActions/dir-0-0001/file--0-0001-0001.txt  (test/testComplexDirActions/dir-0-0001/file--0-0001-0001.txt); needEmptyDirectory=false
2025-01-02 17:46:59,469 [JUnit-testComplexDirActions] DEBUG s3a.S3AFileSystem (S3AFileSystem.java:s3GetFileStatus(4064)) - S3GetFileStatus s3a://obs-bucket/test/testComplexDirActions/dir-0-0001/file--0-0001-0001.txt
2025-01-02 17:46:59,469 [JUnit-testComplexDirActions] DEBUG s3a.S3AFileSystem (S3AFileSystem.java:listObjects(3107)) - LIST List obs-bucket:/test/testComplexDirActions/dir-0-0001/file--0-0001-0001.txt/ delimiter=/ keys=2 requester pays=null
2025-01-02 17:46:59,469 [JUnit-testComplexDirActions] DEBUG s3a.S3AFileSystem (DurationInfo.java:<init>(80)) - Starting: LIST
2025-01-02 17:46:59,471 [JUnit-testComplexDirActions] DEBUG impl.LoggingAuditor (LoggingAuditor.java:modifyHttpRequest(410)) - [153] 67226e31-30c8-4b12-bd8d-7af12d75e150-00000136 Executing op_create with {object_list_request 'test/testComplexDirActions/dir-0-0001/file--0-0001-0001.txt/' size=2, mutating=false}; https://audit.example.org/hadoop/1/op_create/67226e31-30c8-4b12-bd8d-7af12d75e150-00000136/?op=op_create&p1=test/testComplexDirActions/dir-0-0001/file--0-0001-0001.txt&pr=runner&ps=a84b8fc4-c757-4eb1-9a3e-4c3b8d9615e9&id=67226e31-30c8-4b12-bd8d-7af12d75e150-00000136&t0=153&fs=67226e31-30c8-4b12-bd8d-7af12d75e150&t1=153&ts=1735840019468
2025-01-02 17:46:59,479 [JUnit-testComplexDirActions] DEBUG s3a.S3AFileSystem (DurationInfo.java:close(101)) - LIST: duration 0:00.010s
2025-01-02 17:46:59,480 [JUnit-testComplexDirActions] DEBUG s3a.S3AFileSystem (S3AFileSystem.java:s3GetFileStatus(4155)) - Not Found: s3a://obs-bucket/test/testComplexDirActions/dir-0-0001/file--0-0001-0001.txt
2025-01-02 17:46:59,480 [JUnit-testComplexDirActions] DEBUG s3a.S3ARetryPolicy (S3ARetryPolicy.java:<init>(150)) - Retrying on recoverable AWS failures 3 times with an initial interval of 500ms
2025-01-02 17:46:59,481 [JUnit-testComplexDirActions] DEBUG s3a.S3ABlockOutputStream (S3ABlockOutputStream.java:<init>(276)) - Initialized S3ABlockOutputStream for test/testComplexDirActions/dir-0-0001/file--0-0001-0001.txt output to FileBlock{index=1, destFile=/home/runner/work/ozone/ozone/target/hadoop-src/target/tmp/s3a/s3ablock-0001-8141978659250644812.tmp, state=Writing, dataSize=0, limit=67108864}
2025-01-02 17:46:59,482 [JUnit-testComplexDirActions] DEBUG s3a.S3ABlockOutputStream (S3ABlockOutputStream.java:close(487)) - S3ABlockOutputStream{WriteOperationHelper {bucket=obs-bucket}, blockSize=67108864, isMultipartUploadEnabled=true, activeBlock=FileBlock{index=1, destFile=/home/runner/work/ozone/ozone/target/hadoop-src/target/tmp/s3a/s3ablock-0001-8141978659250644812.tmp, state=Writing, dataSize=512, limit=67108864} Statistics=counters=((stream_write_exceptions=0) (stream_write_total_data=0) (object_multipart_aborted.failures=0) (object_put_request.failures=0) (stream_write_bytes=512) (stream_write_block_uploads=0) (multipart_upload_completed=0) (op_hsync=0) (stream_write_queue_duration=0) (multipart_upload_part_put=0) (object_multipart_initiated.failures=0) (committer_magic_marker_put=0) (op_abort=0) (action_executor_acquired.failures=0) (stream_write_exceptions_completing_upload=0) (committer_magic_marker_put.failures=0) (op_abort.failures=0) (action_executor_acquired=0) (op_hflush=0) (multipart_upload_completed.failures=0) (object_multipart_initiated=0) (object_multipart_aborted=0) (object_put_request=0) (multipart_upload_part_put.failures=0) (stream_write_total_time=0));
gauges=((stream_write_block_uploads_data_pending=0) (stream_write_block_uploads_pending=0) (stream_write_block_uploads_active=0));
minimums=((multipart_upload_completed.min=-1) (action_executor_acquired.failures.min=-1) (object_multipart_initiated.min=-1) (committer_magic_marker_put.failures.min=-1) (committer_magic_marker_put.min=-1) (object_multipart_aborted.min=-1) (object_multipart_initiated.failures.min=-1) (multipart_upload_completed.failures.min=-1) (op_abort.failures.min=-1) (object_put_request.failures.min=-1) (object_multipart_aborted.failures.min=-1) (action_executor_acquired.min=-1) (multipart_upload_part_put.min=-1) (op_abort.min=-1) (multipart_upload_part_put.failures.min=-1) (object_put_request.min=-1));
maximums=((op_abort.max=-1) (committer_magic_marker_put.failures.max=-1) (action_executor_acquired.failures.max=-1) (object_multipart_aborted.failures.max=-1) (op_abort.failures.max=-1) (multipart_upload_completed.max=-1) (multipart_upload_part_put.max=-1) (object_multipart_initiated.failures.max=-1) (action_executor_acquired.max=-1) (object_multipart_aborted.max=-1) (multipart_upload_completed.failures.max=-1) (object_put_request.max=-1) (committer_magic_marker_put.max=-1) (multipart_upload_part_put.failures.max=-1) (object_multipart_initiated.max=-1) (object_put_request.failures.max=-1));
means=((action_executor_acquired.mean=(samples=0, sum=0, mean=0.0000)) (multipart_upload_part_put.failures.mean=(samples=0, sum=0, mean=0.0000)) (multipart_upload_completed.failures.mean=(samples=0, sum=0, mean=0.0000)) (object_put_request.mean=(samples=0, sum=0, mean=0.0000)) (multipart_upload_part_put.mean=(samples=0, sum=0, mean=0.0000)) (object_multipart_aborted.mean=(samples=0, sum=0, mean=0.0000)) (committer_magic_marker_put.failures.mean=(samples=0, sum=0, mean=0.0000)) (object_put_request.failures.mean=(samples=0, sum=0, mean=0.0000)) (op_abort.failures.mean=(samples=0, sum=0, mean=0.0000)) (op_abort.mean=(samples=0, sum=0, mean=0.0000)) (committer_magic_marker_put.mean=(samples=0, sum=0, mean=0.0000)) (object_multipart_initiated.failures.mean=(samples=0, sum=0, mean=0.0000)) (action_executor_acquired.failures.mean=(samples=0, sum=0, mean=0.0000)) (object_multipart_initiated.mean=(samples=0, sum=0, mean=0.0000)) (object_multipart_aborted.failures.mean=(samples=0, sum=0, mean=0.0000)) (multipart_upload_completed.mean=(samples=0, sum=0, mean=0.0000)));
}: Closing block #1: current block= FileBlock{index=1, destFile=/home/runner/work/ozone/ozone/target/hadoop-src/target/tmp/s3a/s3ablock-0001-8141978659250644812.tmp, state=Writing, dataSize=512, limit=67108864}
2025-01-02 17:46:59,483 [JUnit-testComplexDirActions] DEBUG s3a.S3ABlockOutputStream (S3ABlockOutputStream.java:putObject(688)) - Executing regular upload for WriteOperationHelper {bucket=obs-bucket}
2025-01-02 17:46:59,483 [JUnit-testComplexDirActions] DEBUG s3a.S3ADataBlocks (S3ADataBlocks.java:startUpload(362)) - Start datablock[1] upload
2025-01-02 17:46:59,484 [JUnit-testComplexDirActions] DEBUG s3a.S3ADataBlocks (S3ADataBlocks.java:enterState(261)) - FileBlock{index=1, destFile=/home/runner/work/ozone/ozone/target/hadoop-src/target/tmp/s3a/s3ablock-0001-8141978659250644812.tmp, state=Writing, dataSize=512, limit=67108864}: entering state Upload
2025-01-02 17:46:59,484 [JUnit-testComplexDirActions] DEBUG s3a.S3ABlockOutputStream (S3ABlockOutputStream.java:clearActiveBlock(320)) - Clearing active block
2025-01-02 17:46:59,485 [JUnit-testComplexDirActions] DEBUG s3a.Invoker (DurationInfo.java:<init>(80)) - Starting: Writing Object
2025-01-02 17:46:59,485 [JUnit-testComplexDirActions] DEBUG s3a.S3AFileSystem (S3AFileSystem.java:putObjectDirect(3340)) - PUT 512 bytes to test/testComplexDirActions/dir-0-0001/file--0-0001-0001.txt
2025-01-02 17:46:59,486 [JUnit-testComplexDirActions] DEBUG impl.S3AStoreImpl (S3AStoreImpl.java:incrementPutStartStatistics(397)) - PUT start 512 bytes
2025-01-02 17:46:59,503 [JUnit-testComplexDirActions] DEBUG impl.LoggingAuditor (LoggingAuditor.java:modifyHttpRequest(410)) - [153] 67226e31-30c8-4b12-bd8d-7af12d75e150-00000136 Executing op_create with {object_put_request 'test/testComplexDirActions/dir-0-0001/file--0-0001-0001.txt' size=0, mutating=true}; https://audit.example.org/hadoop/1/op_create/67226e31-30c8-4b12-bd8d-7af12d75e150-00000136/?op=op_create&p1=test/testComplexDirActions/dir-0-0001/file--0-0001-0001.txt&pr=runner&ps=a84b8fc4-c757-4eb1-9a3e-4c3b8d9615e9&id=67226e31-30c8-4b12-bd8d-7af12d75e150-00000136&t0=153&fs=67226e31-30c8-4b12-bd8d-7af12d75e150&t1=153&ts=1735840019468
2025-01-02 17:46:59,504 [JUnit-testComplexDirActions] INFO  impl.UploadContentProviders (UploadContentProviders.java:newStream(289)) - Stream recreated: FileWithOffsetContentProvider{file=/home/runner/work/ozone/ozone/target/hadoop-src/target/tmp/s3a/s3ablock-0001-8141978659250644812.tmp, offset=0} BaseContentProvider{size=512, initiated at 2025-01-02T17:46:59.484731, streamCreationCount=2, currentStream=null}
2025-01-02 17:46:59,553 [JUnit-testComplexDirActions] DEBUG impl.S3AStoreImpl (S3AStoreImpl.java:incrementPutCompletedStatistics(414)) - PUT completed success=true; 512 bytes
2025-01-02 17:46:59,553 [JUnit-testComplexDirActions] DEBUG s3a.S3AFileSystem (S3AFileSystem.java:finishedWrite(4727)) - Finished write to test/testComplexDirActions/dir-0-0001/file--0-0001-0001.txt, len 512.
2025-01-02 17:46:59,554 [JUnit-testComplexDirActions] DEBUG s3a.Invoker (DurationInfo.java:close(101)) - Writing Object: duration 0:00.069s
2025-01-02 17:46:59,554 [JUnit-testComplexDirActions] DEBUG s3a.S3ADataBlocks (S3ADataBlocks.java:enterState(261)) - FileBlock{index=1, destFile=/home/runner/work/ozone/ozone/target/hadoop-src/target/tmp/s3a/s3ablock-0001-8141978659250644812.tmp, state=Upload, dataSize=512, limit=67108864}: entering state Closed
2025-01-02 17:46:59,554 [JUnit-testComplexDirActions] DEBUG s3a.S3ADataBlocks (S3ADataBlocks.java:close(384)) - Closed FileBlock{index=1, destFile=/home/runner/work/ozone/ozone/target/hadoop-src/target/tmp/s3a/s3ablock-0001-8141978659250644812.tmp, state=Closed, dataSize=512, limit=67108864}
2025-01-02 17:46:59,554 [JUnit-testComplexDirActions] DEBUG s3a.S3ADataBlocks (S3ADataBlocks.java:innerClose(836)) - Closing FileBlock{index=1, destFile=/home/runner/work/ozone/ozone/target/hadoop-src/target/tmp/s3a/s3ablock-0001-8141978659250644812.tmp, state=Closed, dataSize=512, limit=67108864}
2025-01-02 17:46:59,554 [JUnit-testComplexDirActions] DEBUG s3a.S3ADataBlocks (S3ADataBlocks.java:closeBlock(890)) - block[1]: closeBlock()
2025-01-02 17:46:59,554 [JUnit-testComplexDirActions] DEBUG s3a.S3ABlockOutputStream (S3ABlockOutputStream.java:close(534)) - Upload complete to test/testComplexDirActions/dir-0-0001/file--0-0001-0001.txt by WriteOperationHelper {bucket=obs-bucket}
2025-01-02 17:46:59,557 [JUnit-testComplexDirActions] DEBUG s3a.S3ABlockOutputStream (S3ABlockOutputStream.java:cleanupOnClose(566)) - Statistics: OutputStreamStatistics{counters=((op_abort=0) (object_multipart_initiated=0) (stream_write_total_time=0) (stream_write_bytes=512) (multipart_upload_completed=0) (op_hsync=0) (object_put_request=1) (stream_write_block_uploads=1) (action_executor_acquired=0) (stream_write_queue_duration=0) (committer_magic_marker_put=0) (stream_write_exceptions_completing_upload=0) (multipart_upload_part_put.failures=0) (object_multipart_initiated.failures=0) (multipart_upload_completed.failures=0) (object_put_request.failures=0) (object_multipart_aborted.failures=0) (object_multipart_aborted=0) (op_abort.failures=0) (op_hflush=0) (multipart_upload_part_put=0) (stream_write_exceptions=0) (committer_magic_marker_put.failures=0) (stream_write_total_data=512) (action_executor_acquired.failures=0));
gauges=((stream_write_block_uploads_data_pending=0) (stream_write_block_uploads_pending=0) (stream_write_block_uploads_active=0));
minimums=((object_multipart_aborted.failures.min=-1) (multipart_upload_completed.failures.min=-1) (committer_magic_marker_put.min=-1) (multipart_upload_part_put.min=-1) (object_multipart_initiated.failures.min=-1) (object_put_request.min=67) (object_multipart_aborted.min=-1) (committer_magic_marker_put.failures.min=-1) (action_executor_acquired.min=0) (action_executor_acquired.failures.min=-1) (object_multipart_initiated.min=-1) (op_abort.failures.min=-1) (multipart_upload_part_put.failures.min=-1) (multipart_upload_completed.min=-1) (op_abort.min=-1) (object_put_request.failures.min=-1));
maximums=((action_executor_acquired.failures.max=-1) (object_put_request.failures.max=-1) (object_put_request.max=67) (op_abort.failures.max=-1) (multipart_upload_part_put.max=-1) (op_abort.max=-1) (object_multipart_initiated.failures.max=-1) (action_executor_acquired.max=0) (committer_magic_marker_put.failures.max=-1) (object_multipart_aborted.max=-1) (committer_magic_marker_put.max=-1) (multipart_upload_completed.max=-1) (multipart_upload_part_put.failures.max=-1) (multipart_upload_completed.failures.max=-1) (object_multipart_aborted.failures.max=-1) (object_multipart_initiated.max=-1));
means=((multipart_upload_part_put.failures.mean=(samples=0, sum=0, mean=0.0000)) (object_multipart_aborted.failures.mean=(samples=0, sum=0, mean=0.0000)) (multipart_upload_part_put.mean=(samples=0, sum=0, mean=0.0000)) (op_abort.failures.mean=(samples=0, sum=0, mean=0.0000)) (object_put_request.mean=(samples=1, sum=67, mean=67.0000)) (object_multipart_initiated.failures.mean=(samples=0, sum=0, mean=0.0000)) (multipart_upload_completed.failures.mean=(samples=0, sum=0, mean=0.0000)) (committer_magic_marker_put.mean=(samples=0, sum=0, mean=0.0000)) (action_executor_acquired.mean=(samples=1, sum=0, mean=0.0000)) (committer_magic_marker_put.failures.mean=(samples=0, sum=0, mean=0.0000)) (object_put_request.failures.mean=(samples=0, sum=0, mean=0.0000)) (multipart_upload_completed.mean=(samples=0, sum=0, mean=0.0000)) (action_executor_acquired.failures.mean=(samples=0, sum=0, mean=0.0000)) (op_abort.mean=(samples=0, sum=0, mean=0.0000)) (object_multipart_aborted.mean=(samples=0, sum=0, mean=0.0000)) (object_multipart_initiated.mean=(samples=0, sum=0, mean=0.0000)));
, blocksActive=0, blockUploadsCompleted=1, blocksAllocated=1, blocksReleased=1, blocksActivelyAllocated=0, transferDuration=68 ms, totalUploadDuration=68 ms, effectiveBandwidth=7529.411764705882 bytes/s}
2025-01-02 17:46:59,558 [JUnit-testComplexDirActions] DEBUG s3a.S3ABlockOutputStream (S3ABlockOutputStream.java:close(481)) - Ignoring close() as stream is already closed
2025-01-02 17:46:59,558 [JUnit-testComplexDirActions] DEBUG s3a.S3AFileSystem (S3AFileSystem.java:innerGetFileStatus(4005)) - Getting path status for s3a://obs-bucket/test/testComplexDirActions/dir-0-0001/file--0-0001-0001.txt  (test/testComplexDirActions/dir-0-0001/file--0-0001-0001.txt); needEmptyDirectory=false
2025-01-02 17:46:59,558 [JUnit-testComplexDirActions] DEBUG s3a.S3AFileSystem (S3AFileSystem.java:s3GetFileStatus(4064)) - S3GetFileStatus s3a://obs-bucket/test/testComplexDirActions/dir-0-0001/file--0-0001-0001.txt
2025-01-02 17:46:59,558 [JUnit-testComplexDirActions] DEBUG s3a.S3AFileSystem (S3AFileSystem.java:lambda$getObjectMetadata$10(3044)) - HEAD test/testComplexDirActions/dir-0-0001/file--0-0001-0001.txt with change tracker null
2025-01-02 17:46:59,559 [JUnit-testComplexDirActions] DEBUG impl.LoggingAuditor (LoggingAuditor.java:modifyHttpRequest(410)) - [153] 67226e31-30c8-4b12-bd8d-7af12d75e150-00000137 Executing op_get_file_status with {action_http_head_request 'test/testComplexDirActions/dir-0-0001/file--0-0001-0001.txt' size=0, mutating=false}; https://audit.example.org/hadoop/1/op_get_file_status/67226e31-30c8-4b12-bd8d-7af12d75e150-00000137/?op=op_get_file_status&p1=test/testComplexDirActions/dir-0-0001/file--0-0001-0001.txt&pr=runner&ps=a84b8fc4-c757-4eb1-9a3e-4c3b8d9615e9&id=67226e31-30c8-4b12-bd8d-7af12d75e150-00000137&t0=153&fs=67226e31-30c8-4b12-bd8d-7af12d75e150&t1=153&ts=1735840019558
2025-01-02 17:46:59,564 [JUnit-testComplexDirActions] DEBUG s3a.S3AFileSystem (S3AFileSystem.java:s3GetFileStatus(4080)) - Found exact file: normal file test/testComplexDirActions/dir-0-0001/file--0-0001-0001.txt
2025-01-02 17:46:59,565 [JUnit-testComplexDirActions] DEBUG s3a.S3AFileSystem (S3AFileSystem.java:innerGetFileStatus(4005)) - Getting path status for s3a://obs-bucket/test/testComplexDirActions/dir-0-0001/file--0-0001-0002.txt  (test/testComplexDirActions/dir-0-0001/file--0-0001-0002.txt); needEmptyDirectory=false
2025-01-02 17:46:59,566 [JUnit-testComplexDirActions] DEBUG s3a.S3AFileSystem (S3AFileSystem.java:s3GetFileStatus(4064)) - S3GetFileStatus s3a://obs-bucket/test/testComplexDirActions/dir-0-0001/file--0-0001-0002.txt
2025-01-02 17:46:59,566 [JUnit-testComplexDirActions] DEBUG s3a.S3AFileSystem (S3AFileSystem.java:listObjects(3107)) - LIST List obs-bucket:/test/testComplexDirActions/dir-0-0001/file--0-0001-0002.txt/ delimiter=/ keys=2 requester pays=null
2025-01-02 17:46:59,567 [JUnit-testComplexDirActions] DEBUG s3a.S3AFileSystem (DurationInfo.java:<init>(80)) - Starting: LIST
2025-01-02 17:46:59,568 [JUnit-testComplexDirActions] DEBUG impl.LoggingAuditor (LoggingAuditor.java:modifyHttpRequest(410)) - [153] 67226e31-30c8-4b12-bd8d-7af12d75e150-00000138 Executing op_create with {object_list_request 'test/testComplexDirActions/dir-0-0001/file--0-0001-0002.txt/' size=2, mutating=false}; https://audit.example.org/hadoop/1/op_create/67226e31-30c8-4b12-bd8d-7af12d75e150-00000138/?op=op_create&p1=test/testComplexDirActions/dir-0-0001/file--0-0001-0002.txt&pr=runner&ps=a84b8fc4-c757-4eb1-9a3e-4c3b8d9615e9&id=67226e31-30c8-4b12-bd8d-7af12d75e150-00000138&t0=153&fs=67226e31-30c8-4b12-bd8d-7af12d75e150&t1=153&ts=1735840019565
2025-01-02 17:46:59,575 [JUnit-testComplexDirActions] DEBUG s3a.S3AFileSystem (DurationInfo.java:close(101)) - LIST: duration 0:00.008s
2025-01-02 17:46:59,575 [JUnit-testComplexDirActions] DEBUG s3a.S3AFileSystem (S3AFileSystem.java:s3GetFileStatus(4155)) - Not Found: s3a://obs-bucket/test/testComplexDirActions/dir-0-0001/file--0-0001-0002.txt
2025-01-02 17:46:59,575 [JUnit-testComplexDirActions] DEBUG s3a.S3ARetryPolicy (S3ARetryPolicy.java:<init>(150)) - Retrying on recoverable AWS failures 3 times with an initial interval of 500ms
2025-01-02 17:46:59,576 [JUnit-testComplexDirActions] DEBUG s3a.S3ABlockOutputStream (S3ABlockOutputStream.java:<init>(276)) - Initialized S3ABlockOutputStream for test/testComplexDirActions/dir-0-0001/file--0-0001-0002.txt output to FileBlock{index=1, destFile=/home/runner/work/ozone/ozone/target/hadoop-src/target/tmp/s3a/s3ablock-0001-16077475684991333181.tmp, state=Writing, dataSize=0, limit=67108864}
2025-01-02 17:46:59,576 [JUnit-testComplexDirActions] DEBUG s3a.S3ABlockOutputStream (S3ABlockOutputStream.java:close(487)) - S3ABlockOutputStream{WriteOperationHelper {bucket=obs-bucket}, blockSize=67108864, isMultipartUploadEnabled=true, activeBlock=FileBlock{index=1, destFile=/home/runner/work/ozone/ozone/target/hadoop-src/target/tmp/s3a/s3ablock-0001-16077475684991333181.tmp, state=Writing, dataSize=512, limit=67108864} Statistics=counters=((stream_write_block_uploads=0) (op_abort.failures=0) (multipart_upload_part_put=0) (stream_write_total_time=0) (op_abort=0) (action_executor_acquired.failures=0) (committer_magic_marker_put.failures=0) (multipart_upload_completed.failures=0) (stream_write_queue_duration=0) (stream_write_exceptions=0) (object_put_request.failures=0) (object_multipart_initiated=0) (object_multipart_aborted.failures=0) (multipart_upload_completed=0) (object_multipart_aborted=0) (object_multipart_initiated.failures=0) (stream_write_bytes=512) (committer_magic_marker_put=0) (op_hflush=0) (stream_write_total_data=0) (stream_write_exceptions_completing_upload=0) (op_hsync=0) (object_put_request=0) (multipart_upload_part_put.failures=0) (action_executor_acquired=0));
gauges=((stream_write_block_uploads_pending=0) (stream_write_block_uploads_active=0) (stream_write_block_uploads_data_pending=0));
minimums=((op_abort.failures.min=-1) (object_put_request.failures.min=-1) (object_put_request.min=-1) (action_executor_acquired.failures.min=-1) (committer_magic_marker_put.failures.min=-1) (op_abort.min=-1) (object_multipart_aborted.min=-1) (multipart_upload_completed.min=-1) (action_executor_acquired.min=-1) (object_multipart_aborted.failures.min=-1) (object_multipart_initiated.min=-1) (multipart_upload_part_put.min=-1) (object_multipart_initiated.failures.min=-1) (committer_magic_marker_put.min=-1) (multipart_upload_part_put.failures.min=-1) (multipart_upload_completed.failures.min=-1));
maximums=((action_executor_acquired.failures.max=-1) (object_put_request.max=-1) (object_multipart_aborted.failures.max=-1) (object_multipart_initiated.max=-1) (multipart_upload_part_put.failures.max=-1) (multipart_upload_completed.max=-1) (op_abort.failures.max=-1) (committer_magic_marker_put.failures.max=-1) (committer_magic_marker_put.max=-1) (object_put_request.failures.max=-1) (object_multipart_initiated.failures.max=-1) (action_executor_acquired.max=-1) (op_abort.max=-1) (object_multipart_aborted.max=-1) (multipart_upload_part_put.max=-1) (multipart_upload_completed.failures.max=-1));
means=((object_multipart_initiated.mean=(samples=0, sum=0, mean=0.0000)) (multipart_upload_completed.mean=(samples=0, sum=0, mean=0.0000)) (object_put_request.mean=(samples=0, sum=0, mean=0.0000)) (action_executor_acquired.failures.mean=(samples=0, sum=0, mean=0.0000)) (multipart_upload_part_put.failures.mean=(samples=0, sum=0, mean=0.0000)) (committer_magic_marker_put.mean=(samples=0, sum=0, mean=0.0000)) (op_abort.mean=(samples=0, sum=0, mean=0.0000)) (op_abort.failures.mean=(samples=0, sum=0, mean=0.0000)) (object_multipart_initiated.failures.mean=(samples=0, sum=0, mean=0.0000)) (object_multipart_aborted.mean=(samples=0, sum=0, mean=0.0000)) (object_put_request.failures.mean=(samples=0, sum=0, mean=0.0000)) (object_multipart_aborted.failures.mean=(samples=0, sum=0, mean=0.0000)) (multipart_upload_part_put.mean=(samples=0, sum=0, mean=0.0000)) (multipart_upload_completed.failures.mean=(samples=0, sum=0, mean=0.0000)) (action_executor_acquired.mean=(samples=0, sum=0, mean=0.0000)) (committer_magic_marker_put.failures.mean=(samples=0, sum=0, mean=0.0000)));
}: Closing block #1: current block= FileBlock{index=1, destFile=/home/runner/work/ozone/ozone/target/hadoop-src/target/tmp/s3a/s3ablock-0001-16077475684991333181.tmp, state=Writing, dataSize=512, limit=67108864}
2025-01-02 17:46:59,577 [JUnit-testComplexDirActions] DEBUG s3a.S3ABlockOutputStream (S3ABlockOutputStream.java:putObject(688)) - Executing regular upload for WriteOperationHelper {bucket=obs-bucket}
2025-01-02 17:46:59,577 [JUnit-testComplexDirActions] DEBUG s3a.S3ADataBlocks (S3ADataBlocks.java:startUpload(362)) - Start datablock[1] upload
2025-01-02 17:46:59,577 [JUnit-testComplexDirActions] DEBUG s3a.S3ADataBlocks (S3ADataBlocks.java:enterState(261)) - FileBlock{index=1, destFile=/home/runner/work/ozone/ozone/target/hadoop-src/target/tmp/s3a/s3ablock-0001-16077475684991333181.tmp, state=Writing, dataSize=512, limit=67108864}: entering state Upload
2025-01-02 17:46:59,577 [JUnit-testComplexDirActions] DEBUG s3a.S3ABlockOutputStream (S3ABlockOutputStream.java:clearActiveBlock(320)) - Clearing active block
2025-01-02 17:46:59,577 [JUnit-testComplexDirActions] DEBUG s3a.Invoker (DurationInfo.java:<init>(80)) - Starting: Writing Object
2025-01-02 17:46:59,577 [JUnit-testComplexDirActions] DEBUG s3a.S3AFileSystem (S3AFileSystem.java:putObjectDirect(3340)) - PUT 512 bytes to test/testComplexDirActions/dir-0-0001/file--0-0001-0002.txt
2025-01-02 17:46:59,577 [JUnit-testComplexDirActions] DEBUG impl.S3AStoreImpl (S3AStoreImpl.java:incrementPutStartStatistics(397)) - PUT start 512 bytes
2025-01-02 17:46:59,578 [JUnit-testComplexDirActions] DEBUG impl.LoggingAuditor (LoggingAuditor.java:modifyHttpRequest(410)) - [153] 67226e31-30c8-4b12-bd8d-7af12d75e150-00000138 Executing op_create with {object_put_request 'test/testComplexDirActions/dir-0-0001/file--0-0001-0002.txt' size=0, mutating=true}; https://audit.example.org/hadoop/1/op_create/67226e31-30c8-4b12-bd8d-7af12d75e150-00000138/?op=op_create&p1=test/testComplexDirActions/dir-0-0001/file--0-0001-0002.txt&pr=runner&ps=a84b8fc4-c757-4eb1-9a3e-4c3b8d9615e9&id=67226e31-30c8-4b12-bd8d-7af12d75e150-00000138&t0=153&fs=67226e31-30c8-4b12-bd8d-7af12d75e150&t1=153&ts=1735840019565
2025-01-02 17:46:59,579 [JUnit-testComplexDirActions] INFO  impl.UploadContentProviders (UploadContentProviders.java:newStream(289)) - Stream recreated: FileWithOffsetContentProvider{file=/home/runner/work/ozone/ozone/target/hadoop-src/target/tmp/s3a/s3ablock-0001-16077475684991333181.tmp, offset=0} BaseContentProvider{size=512, initiated at 2025-01-02T17:46:59.577256, streamCreationCount=2, currentStream=null}
2025-01-02 17:46:59,620 [JUnit-testComplexDirActions] DEBUG impl.S3AStoreImpl (S3AStoreImpl.java:incrementPutCompletedStatistics(414)) - PUT completed success=true; 512 bytes
2025-01-02 17:46:59,621 [JUnit-testComplexDirActions] DEBUG s3a.S3AFileSystem (S3AFileSystem.java:finishedWrite(4727)) - Finished write to test/testComplexDirActions/dir-0-0001/file--0-0001-0002.txt, len 512.
2025-01-02 17:46:59,621 [JUnit-testComplexDirActions] DEBUG s3a.Invoker (DurationInfo.java:close(101)) - Writing Object: duration 0:00.044s
2025-01-02 17:46:59,621 [JUnit-testComplexDirActions] DEBUG s3a.S3ADataBlocks (S3ADataBlocks.java:enterState(261)) - FileBlock{index=1, destFile=/home/runner/work/ozone/ozone/target/hadoop-src/target/tmp/s3a/s3ablock-0001-16077475684991333181.tmp, state=Upload, dataSize=512, limit=67108864}: entering state Closed
2025-01-02 17:46:59,621 [JUnit-testComplexDirActions] DEBUG s3a.S3ADataBlocks (S3ADataBlocks.java:close(384)) - Closed FileBlock{index=1, destFile=/home/runner/work/ozone/ozone/target/hadoop-src/target/tmp/s3a/s3ablock-0001-16077475684991333181.tmp, state=Closed, dataSize=512, limit=67108864}
2025-01-02 17:46:59,621 [JUnit-testComplexDirActions] DEBUG s3a.S3ADataBlocks (S3ADataBlocks.java:innerClose(836)) - Closing FileBlock{index=1, destFile=/home/runner/work/ozone/ozone/target/hadoop-src/target/tmp/s3a/s3ablock-0001-16077475684991333181.tmp, state=Closed, dataSize=512, limit=67108864}
2025-01-02 17:46:59,621 [JUnit-testComplexDirActions] DEBUG s3a.S3ADataBlocks (S3ADataBlocks.java:closeBlock(890)) - block[1]: closeBlock()
2025-01-02 17:46:59,621 [JUnit-testComplexDirActions] DEBUG s3a.S3ABlockOutputStream (S3ABlockOutputStream.java:close(534)) - Upload complete to test/testComplexDirActions/dir-0-0001/file--0-0001-0002.txt by WriteOperationHelper {bucket=obs-bucket}
2025-01-02 17:46:59,624 [JUnit-testComplexDirActions] DEBUG s3a.S3ABlockOutputStream (S3ABlockOutputStream.java:cleanupOnClose(566)) - Statistics: OutputStreamStatistics{counters=((op_abort=0) (object_put_request=1) (action_executor_acquired.failures=0) (op_hflush=0) (committer_magic_marker_put.failures=0) (stream_write_total_data=512) (stream_write_bytes=512) (action_executor_acquired=0) (multipart_upload_completed.failures=0) (op_abort.failures=0) (object_multipart_initiated.failures=0) (multipart_upload_part_put.failures=0) (stream_write_exceptions=0) (stream_write_queue_duration=0) (object_multipart_aborted.failures=0) (stream_write_block_uploads=1) (stream_write_total_time=0) (object_multipart_aborted=0) (committer_magic_marker_put=0) (multipart_upload_part_put=0) (object_multipart_initiated=0) (stream_write_exceptions_completing_upload=0) (object_put_request.failures=0) (multipart_upload_completed=0) (op_hsync=0));
gauges=((stream_write_block_uploads_active=0) (stream_write_block_uploads_data_pending=0) (stream_write_block_uploads_pending=0));
minimums=((action_executor_acquired.min=0) (object_multipart_aborted.min=-1) (object_multipart_initiated.min=-1) (multipart_upload_completed.min=-1) (object_put_request.min=43) (action_executor_acquired.failures.min=-1) (object_multipart_initiated.failures.min=-1) (committer_magic_marker_put.failures.min=-1) (multipart_upload_completed.failures.min=-1) (multipart_upload_part_put.failures.min=-1) (op_abort.failures.min=-1) (committer_magic_marker_put.min=-1) (object_multipart_aborted.failures.min=-1) (multipart_upload_part_put.min=-1) (op_abort.min=-1) (object_put_request.failures.min=-1));
maximums=((action_executor_acquired.max=0) (committer_magic_marker_put.failures.max=-1) (multipart_upload_completed.max=-1) (op_abort.max=-1) (object_put_request.max=43) (multipart_upload_part_put.failures.max=-1) (object_put_request.failures.max=-1) (multipart_upload_part_put.max=-1) (object_multipart_aborted.max=-1) (op_abort.failures.max=-1) (object_multipart_aborted.failures.max=-1) (action_executor_acquired.failures.max=-1) (committer_magic_marker_put.max=-1) (object_multipart_initiated.max=-1) (object_multipart_initiated.failures.max=-1) (multipart_upload_completed.failures.max=-1));
means=((multipart_upload_completed.failures.mean=(samples=0, sum=0, mean=0.0000)) (object_multipart_aborted.mean=(samples=0, sum=0, mean=0.0000)) (object_multipart_aborted.failures.mean=(samples=0, sum=0, mean=0.0000)) (object_put_request.mean=(samples=1, sum=43, mean=43.0000)) (object_multipart_initiated.mean=(samples=0, sum=0, mean=0.0000)) (op_abort.failures.mean=(samples=0, sum=0, mean=0.0000)) (multipart_upload_part_put.failures.mean=(samples=0, sum=0, mean=0.0000)) (object_put_request.failures.mean=(samples=0, sum=0, mean=0.0000)) (op_abort.mean=(samples=0, sum=0, mean=0.0000)) (action_executor_acquired.mean=(samples=1, sum=0, mean=0.0000)) (action_executor_acquired.failures.mean=(samples=0, sum=0, mean=0.0000)) (multipart_upload_part_put.mean=(samples=0, sum=0, mean=0.0000)) (multipart_upload_completed.mean=(samples=0, sum=0, mean=0.0000)) (committer_magic_marker_put.mean=(samples=0, sum=0, mean=0.0000)) (committer_magic_marker_put.failures.mean=(samples=0, sum=0, mean=0.0000)) (object_multipart_initiated.failures.mean=(samples=0, sum=0, mean=0.0000)));
, blocksActive=0, blockUploadsCompleted=1, blocksAllocated=1, blocksReleased=1, blocksActivelyAllocated=0, transferDuration=43 ms, totalUploadDuration=43 ms, effectiveBandwidth=11906.976744186048 bytes/s}
2025-01-02 17:46:59,624 [JUnit-testComplexDirActions] DEBUG s3a.S3ABlockOutputStream (S3ABlockOutputStream.java:close(481)) - Ignoring close() as stream is already closed
2025-01-02 17:46:59,625 [JUnit-testComplexDirActions] DEBUG s3a.S3AFileSystem (S3AFileSystem.java:innerGetFileStatus(4005)) - Getting path status for s3a://obs-bucket/test/testComplexDirActions/dir-0-0001/file--0-0001-0002.txt  (test/testComplexDirActions/dir-0-0001/file--0-0001-0002.txt); needEmptyDirectory=false
2025-01-02 17:46:59,625 [JUnit-testComplexDirActions] DEBUG s3a.S3AFileSystem (S3AFileSystem.java:s3GetFileStatus(4064)) - S3GetFileStatus s3a://obs-bucket/test/testComplexDirActions/dir-0-0001/file--0-0001-0002.txt
2025-01-02 17:46:59,625 [JUnit-testComplexDirActions] DEBUG s3a.S3AFileSystem (S3AFileSystem.java:lambda$getObjectMetadata$10(3044)) - HEAD test/testComplexDirActions/dir-0-0001/file--0-0001-0002.txt with change tracker null
2025-01-02 17:46:59,626 [JUnit-testComplexDirActions] DEBUG impl.LoggingAuditor (LoggingAuditor.java:modifyHttpRequest(410)) - [153] 67226e31-30c8-4b12-bd8d-7af12d75e150-00000139 Executing op_get_file_status with {action_http_head_request 'test/testComplexDirActions/dir-0-0001/file--0-0001-0002.txt' size=0, mutating=false}; https://audit.example.org/hadoop/1/op_get_file_status/67226e31-30c8-4b12-bd8d-7af12d75e150-00000139/?op=op_get_file_status&p1=test/testComplexDirActions/dir-0-0001/file--0-0001-0002.txt&pr=runner&ps=a84b8fc4-c757-4eb1-9a3e-4c3b8d9615e9&id=67226e31-30c8-4b12-bd8d-7af12d75e150-00000139&t0=153&fs=67226e31-30c8-4b12-bd8d-7af12d75e150&t1=153&ts=1735840019624
2025-01-02 17:46:59,631 [JUnit-testComplexDirActions] DEBUG s3a.S3AFileSystem (S3AFileSystem.java:s3GetFileStatus(4080)) - Found exact file: normal file test/testComplexDirActions/dir-0-0001/file--0-0001-0002.txt
2025-01-02 17:46:59,631 [JUnit-testComplexDirActions] DEBUG s3a.S3AFileSystem (S3AFileSystem.java:innerGetFileStatus(4005)) - Getting path status for s3a://obs-bucket/test/testComplexDirActions/dir-0-0001/file--0-0001-0003.txt  (test/testComplexDirActions/dir-0-0001/file--0-0001-0003.txt); needEmptyDirectory=false
2025-01-02 17:46:59,631 [JUnit-testComplexDirActions] DEBUG s3a.S3AFileSystem (S3AFileSystem.java:s3GetFileStatus(4064)) - S3GetFileStatus s3a://obs-bucket/test/testComplexDirActions/dir-0-0001/file--0-0001-0003.txt
2025-01-02 17:46:59,632 [JUnit-testComplexDirActions] DEBUG s3a.S3AFileSystem (S3AFileSystem.java:listObjects(3107)) - LIST List obs-bucket:/test/testComplexDirActions/dir-0-0001/file--0-0001-0003.txt/ delimiter=/ keys=2 requester pays=null
2025-01-02 17:46:59,632 [JUnit-testComplexDirActions] DEBUG s3a.S3AFileSystem (DurationInfo.java:<init>(80)) - Starting: LIST
2025-01-02 17:46:59,633 [JUnit-testComplexDirActions] DEBUG impl.LoggingAuditor (LoggingAuditor.java:modifyHttpRequest(410)) - [153] 67226e31-30c8-4b12-bd8d-7af12d75e150-00000140 Executing op_create with {object_list_request 'test/testComplexDirActions/dir-0-0001/file--0-0001-0003.txt/' size=2, mutating=false}; https://audit.example.org/hadoop/1/op_create/67226e31-30c8-4b12-bd8d-7af12d75e150-00000140/?op=op_create&p1=test/testComplexDirActions/dir-0-0001/file--0-0001-0003.txt&pr=runner&ps=a84b8fc4-c757-4eb1-9a3e-4c3b8d9615e9&id=67226e31-30c8-4b12-bd8d-7af12d75e150-00000140&t0=153&fs=67226e31-30c8-4b12-bd8d-7af12d75e150&t1=153&ts=1735840019631
2025-01-02 17:46:59,637 [JUnit-testComplexDirActions] DEBUG s3a.S3AFileSystem (DurationInfo.java:close(101)) - LIST: duration 0:00.005s
2025-01-02 17:46:59,637 [JUnit-testComplexDirActions] DEBUG s3a.S3AFileSystem (S3AFileSystem.java:s3GetFileStatus(4155)) - Not Found: s3a://obs-bucket/test/testComplexDirActions/dir-0-0001/file--0-0001-0003.txt
2025-01-02 17:46:59,638 [JUnit-testComplexDirActions] DEBUG s3a.S3ARetryPolicy (S3ARetryPolicy.java:<init>(150)) - Retrying on recoverable AWS failures 3 times with an initial interval of 500ms
2025-01-02 17:46:59,638 [JUnit-testComplexDirActions] DEBUG s3a.S3ABlockOutputStream (S3ABlockOutputStream.java:<init>(276)) - Initialized S3ABlockOutputStream for test/testComplexDirActions/dir-0-0001/file--0-0001-0003.txt output to FileBlock{index=1, destFile=/home/runner/work/ozone/ozone/target/hadoop-src/target/tmp/s3a/s3ablock-0001-3091933190719829287.tmp, state=Writing, dataSize=0, limit=67108864}
2025-01-02 17:46:59,639 [JUnit-testComplexDirActions] DEBUG s3a.S3ABlockOutputStream (S3ABlockOutputStream.java:close(487)) - S3ABlockOutputStream{WriteOperationHelper {bucket=obs-bucket}, blockSize=67108864, isMultipartUploadEnabled=true, activeBlock=FileBlock{index=1, destFile=/home/runner/work/ozone/ozone/target/hadoop-src/target/tmp/s3a/s3ablock-0001-3091933190719829287.tmp, state=Writing, dataSize=512, limit=67108864} Statistics=counters=((stream_write_total_data=0) (object_put_request.failures=0) (action_executor_acquired=0) (multipart_upload_part_put.failures=0) (action_executor_acquired.failures=0) (stream_write_exceptions_completing_upload=0) (op_hsync=0) (committer_magic_marker_put=0) (multipart_upload_completed.failures=0) (object_multipart_aborted=0) (stream_write_bytes=512) (committer_magic_marker_put.failures=0) (object_multipart_initiated.failures=0) (object_put_request=0) (stream_write_exceptions=0) (object_multipart_initiated=0) (stream_write_block_uploads=0) (stream_write_total_time=0) (multipart_upload_completed=0) (multipart_upload_part_put=0) (object_multipart_aborted.failures=0) (op_hflush=0) (stream_write_queue_duration=0) (op_abort.failures=0) (op_abort=0));
gauges=((stream_write_block_uploads_pending=0) (stream_write_block_uploads_active=0) (stream_write_block_uploads_data_pending=0));
minimums=((committer_magic_marker_put.failures.min=-1) (committer_magic_marker_put.min=-1) (object_put_request.min=-1) (object_multipart_initiated.failures.min=-1) (object_multipart_aborted.min=-1) (op_abort.failures.min=-1) (multipart_upload_part_put.failures.min=-1) (op_abort.min=-1) (object_put_request.failures.min=-1) (multipart_upload_completed.failures.min=-1) (object_multipart_aborted.failures.min=-1) (object_multipart_initiated.min=-1) (action_executor_acquired.min=-1) (multipart_upload_part_put.min=-1) (multipart_upload_completed.min=-1) (action_executor_acquired.failures.min=-1));
maximums=((object_multipart_aborted.max=-1) (committer_magic_marker_put.max=-1) (op_abort.max=-1) (op_abort.failures.max=-1) (action_executor_acquired.failures.max=-1) (object_multipart_initiated.max=-1) (object_put_request.max=-1) (multipart_upload_completed.failures.max=-1) (committer_magic_marker_put.failures.max=-1) (multipart_upload_part_put.max=-1) (object_multipart_initiated.failures.max=-1) (multipart_upload_completed.max=-1) (object_multipart_aborted.failures.max=-1) (multipart_upload_part_put.failures.max=-1) (object_put_request.failures.max=-1) (action_executor_acquired.max=-1));
means=((action_executor_acquired.mean=(samples=0, sum=0, mean=0.0000)) (committer_magic_marker_put.failures.mean=(samples=0, sum=0, mean=0.0000)) (op_abort.failures.mean=(samples=0, sum=0, mean=0.0000)) (multipart_upload_completed.mean=(samples=0, sum=0, mean=0.0000)) (multipart_upload_completed.failures.mean=(samples=0, sum=0, mean=0.0000)) (multipart_upload_part_put.failures.mean=(samples=0, sum=0, mean=0.0000)) (object_multipart_initiated.failures.mean=(samples=0, sum=0, mean=0.0000)) (object_multipart_aborted.mean=(samples=0, sum=0, mean=0.0000)) (action_executor_acquired.failures.mean=(samples=0, sum=0, mean=0.0000)) (object_multipart_initiated.mean=(samples=0, sum=0, mean=0.0000)) (op_abort.mean=(samples=0, sum=0, mean=0.0000)) (multipart_upload_part_put.mean=(samples=0, sum=0, mean=0.0000)) (committer_magic_marker_put.mean=(samples=0, sum=0, mean=0.0000)) (object_multipart_aborted.failures.mean=(samples=0, sum=0, mean=0.0000)) (object_put_request.mean=(samples=0, sum=0, mean=0.0000)) (object_put_request.failures.mean=(samples=0, sum=0, mean=0.0000)));
}: Closing block #1: current block= FileBlock{index=1, destFile=/home/runner/work/ozone/ozone/target/hadoop-src/target/tmp/s3a/s3ablock-0001-3091933190719829287.tmp, state=Writing, dataSize=512, limit=67108864}
2025-01-02 17:46:59,639 [JUnit-testComplexDirActions] DEBUG s3a.S3ABlockOutputStream (S3ABlockOutputStream.java:putObject(688)) - Executing regular upload for WriteOperationHelper {bucket=obs-bucket}
2025-01-02 17:46:59,639 [JUnit-testComplexDirActions] DEBUG s3a.S3ADataBlocks (S3ADataBlocks.java:startUpload(362)) - Start datablock[1] upload
2025-01-02 17:46:59,639 [JUnit-testComplexDirActions] DEBUG s3a.S3ADataBlocks (S3ADataBlocks.java:enterState(261)) - FileBlock{index=1, destFile=/home/runner/work/ozone/ozone/target/hadoop-src/target/tmp/s3a/s3ablock-0001-3091933190719829287.tmp, state=Writing, dataSize=512, limit=67108864}: entering state Upload
2025-01-02 17:46:59,639 [JUnit-testComplexDirActions] DEBUG s3a.S3ABlockOutputStream (S3ABlockOutputStream.java:clearActiveBlock(320)) - Clearing active block
2025-01-02 17:46:59,639 [JUnit-testComplexDirActions] DEBUG s3a.Invoker (DurationInfo.java:<init>(80)) - Starting: Writing Object
2025-01-02 17:46:59,639 [JUnit-testComplexDirActions] DEBUG s3a.S3AFileSystem (S3AFileSystem.java:putObjectDirect(3340)) - PUT 512 bytes to test/testComplexDirActions/dir-0-0001/file--0-0001-0003.txt
2025-01-02 17:46:59,639 [JUnit-testComplexDirActions] DEBUG impl.S3AStoreImpl (S3AStoreImpl.java:incrementPutStartStatistics(397)) - PUT start 512 bytes
2025-01-02 17:46:59,640 [JUnit-testComplexDirActions] DEBUG impl.LoggingAuditor (LoggingAuditor.java:modifyHttpRequest(410)) - [153] 67226e31-30c8-4b12-bd8d-7af12d75e150-00000140 Executing op_create with {object_put_request 'test/testComplexDirActions/dir-0-0001/file--0-0001-0003.txt' size=0, mutating=true}; https://audit.example.org/hadoop/1/op_create/67226e31-30c8-4b12-bd8d-7af12d75e150-00000140/?op=op_create&p1=test/testComplexDirActions/dir-0-0001/file--0-0001-0003.txt&pr=runner&ps=a84b8fc4-c757-4eb1-9a3e-4c3b8d9615e9&id=67226e31-30c8-4b12-bd8d-7af12d75e150-00000140&t0=153&fs=67226e31-30c8-4b12-bd8d-7af12d75e150&t1=153&ts=1735840019631
2025-01-02 17:46:59,641 [JUnit-testComplexDirActions] INFO  impl.UploadContentProviders (UploadContentProviders.java:newStream(289)) - Stream recreated: FileWithOffsetContentProvider{file=/home/runner/work/ozone/ozone/target/hadoop-src/target/tmp/s3a/s3ablock-0001-3091933190719829287.tmp, offset=0} BaseContentProvider{size=512, initiated at 2025-01-02T17:46:59.639538, streamCreationCount=2, currentStream=null}
2025-01-02 17:46:59,682 [JUnit-testComplexDirActions] DEBUG impl.S3AStoreImpl (S3AStoreImpl.java:incrementPutCompletedStatistics(414)) - PUT completed success=true; 512 bytes
2025-01-02 17:46:59,682 [JUnit-testComplexDirActions] DEBUG s3a.S3AFileSystem (S3AFileSystem.java:finishedWrite(4727)) - Finished write to test/testComplexDirActions/dir-0-0001/file--0-0001-0003.txt, len 512.
2025-01-02 17:46:59,682 [JUnit-testComplexDirActions] DEBUG s3a.Invoker (DurationInfo.java:close(101)) - Writing Object: duration 0:00.043s
2025-01-02 17:46:59,683 [JUnit-testComplexDirActions] DEBUG s3a.S3ADataBlocks (S3ADataBlocks.java:enterState(261)) - FileBlock{index=1, destFile=/home/runner/work/ozone/ozone/target/hadoop-src/target/tmp/s3a/s3ablock-0001-3091933190719829287.tmp, state=Upload, dataSize=512, limit=67108864}: entering state Closed
2025-01-02 17:46:59,683 [JUnit-testComplexDirActions] DEBUG s3a.S3ADataBlocks (S3ADataBlocks.java:close(384)) - Closed FileBlock{index=1, destFile=/home/runner/work/ozone/ozone/target/hadoop-src/target/tmp/s3a/s3ablock-0001-3091933190719829287.tmp, state=Closed, dataSize=512, limit=67108864}
2025-01-02 17:46:59,683 [JUnit-testComplexDirActions] DEBUG s3a.S3ADataBlocks (S3ADataBlocks.java:innerClose(836)) - Closing FileBlock{index=1, destFile=/home/runner/work/ozone/ozone/target/hadoop-src/target/tmp/s3a/s3ablock-0001-3091933190719829287.tmp, state=Closed, dataSize=512, limit=67108864}
2025-01-02 17:46:59,683 [JUnit-testComplexDirActions] DEBUG s3a.S3ADataBlocks (S3ADataBlocks.java:closeBlock(890)) - block[1]: closeBlock()
2025-01-02 17:46:59,683 [JUnit-testComplexDirActions] DEBUG s3a.S3ABlockOutputStream (S3ABlockOutputStream.java:close(534)) - Upload complete to test/testComplexDirActions/dir-0-0001/file--0-0001-0003.txt by WriteOperationHelper {bucket=obs-bucket}
2025-01-02 17:46:59,683 [JUnit-testComplexDirActions] DEBUG s3a.S3ABlockOutputStream (S3ABlockOutputStream.java:cleanupOnClose(566)) - Statistics: OutputStreamStatistics{counters=((multipart_upload_completed=0) (object_multipart_aborted.failures=0) (stream_write_exceptions=0) (action_executor_acquired.failures=0) (committer_magic_marker_put=0) (object_multipart_initiated=0) (multipart_upload_part_put.failures=0) (multipart_upload_completed.failures=0) (object_put_request.failures=0) (stream_write_total_data=512) (action_executor_acquired=0) (committer_magic_marker_put.failures=0) (stream_write_queue_duration=0) (op_hflush=0) (object_multipart_initiated.failures=0) (stream_write_total_time=0) (multipart_upload_part_put=0) (op_abort.failures=0) (stream_write_bytes=512) (stream_write_exceptions_completing_upload=0) (object_multipart_aborted=0) (op_abort=0) (op_hsync=0) (stream_write_block_uploads=1) (object_put_request=1));
gauges=((stream_write_block_uploads_pending=0) (stream_write_block_uploads_active=0) (stream_write_block_uploads_data_pending=0));
minimums=((object_put_request.failures.min=-1) (object_multipart_aborted.failures.min=-1) (action_executor_acquired.failures.min=-1) (committer_magic_marker_put.min=-1) (multipart_upload_completed.failures.min=-1) (action_executor_acquired.min=0) (multipart_upload_part_put.failures.min=-1) (object_multipart_aborted.min=-1) (multipart_upload_part_put.min=-1) (op_abort.failures.min=-1) (committer_magic_marker_put.failures.min=-1) (object_put_request.min=43) (multipart_upload_completed.min=-1) (op_abort.min=-1) (object_multipart_initiated.min=-1) (object_multipart_initiated.failures.min=-1));
maximums=((multipart_upload_completed.failures.max=-1) (op_abort.failures.max=-1) (multipart_upload_part_put.failures.max=-1) (object_multipart_aborted.failures.max=-1) (op_abort.max=-1) (action_executor_acquired.max=0) (committer_magic_marker_put.max=-1) (object_multipart_initiated.max=-1) (multipart_upload_part_put.max=-1) (object_put_request.max=43) (object_multipart_initiated.failures.max=-1) (action_executor_acquired.failures.max=-1) (committer_magic_marker_put.failures.max=-1) (object_multipart_aborted.max=-1) (object_put_request.failures.max=-1) (multipart_upload_completed.max=-1));
means=((multipart_upload_completed.failures.mean=(samples=0, sum=0, mean=0.0000)) (object_put_request.mean=(samples=1, sum=43, mean=43.0000)) (op_abort.failures.mean=(samples=0, sum=0, mean=0.0000)) (committer_magic_marker_put.mean=(samples=0, sum=0, mean=0.0000)) (multipart_upload_completed.mean=(samples=0, sum=0, mean=0.0000)) (committer_magic_marker_put.failures.mean=(samples=0, sum=0, mean=0.0000)) (object_multipart_aborted.mean=(samples=0, sum=0, mean=0.0000)) (op_abort.mean=(samples=0, sum=0, mean=0.0000)) (action_executor_acquired.mean=(samples=1, sum=0, mean=0.0000)) (action_executor_acquired.failures.mean=(samples=0, sum=0, mean=0.0000)) (object_multipart_aborted.failures.mean=(samples=0, sum=0, mean=0.0000)) (object_put_request.failures.mean=(samples=0, sum=0, mean=0.0000)) (object_multipart_initiated.mean=(samples=0, sum=0, mean=0.0000)) (multipart_upload_part_put.mean=(samples=0, sum=0, mean=0.0000)) (object_multipart_initiated.failures.mean=(samples=0, sum=0, mean=0.0000)) (multipart_upload_part_put.failures.mean=(samples=0, sum=0, mean=0.0000)));
, blocksActive=0, blockUploadsCompleted=1, blocksAllocated=1, blocksReleased=1, blocksActivelyAllocated=0, transferDuration=43 ms, totalUploadDuration=43 ms, effectiveBandwidth=11906.976744186048 bytes/s}
2025-01-02 17:46:59,684 [JUnit-testComplexDirActions] DEBUG s3a.S3ABlockOutputStream (S3ABlockOutputStream.java:close(481)) - Ignoring close() as stream is already closed
2025-01-02 17:46:59,685 [JUnit-testComplexDirActions] DEBUG s3a.S3AFileSystem (S3AFileSystem.java:innerGetFileStatus(4005)) - Getting path status for s3a://obs-bucket/test/testComplexDirActions/dir-0-0001/file--0-0001-0003.txt  (test/testComplexDirActions/dir-0-0001/file--0-0001-0003.txt); needEmptyDirectory=false
2025-01-02 17:46:59,685 [JUnit-testComplexDirActions] DEBUG s3a.S3AFileSystem (S3AFileSystem.java:s3GetFileStatus(4064)) - S3GetFileStatus s3a://obs-bucket/test/testComplexDirActions/dir-0-0001/file--0-0001-0003.txt
2025-01-02 17:46:59,685 [JUnit-testComplexDirActions] DEBUG s3a.S3AFileSystem (S3AFileSystem.java:lambda$getObjectMetadata$10(3044)) - HEAD test/testComplexDirActions/dir-0-0001/file--0-0001-0003.txt with change tracker null
2025-01-02 17:46:59,686 [JUnit-testComplexDirActions] DEBUG impl.LoggingAuditor (LoggingAuditor.java:modifyHttpRequest(410)) - [153] 67226e31-30c8-4b12-bd8d-7af12d75e150-00000141 Executing op_get_file_status with {action_http_head_request 'test/testComplexDirActions/dir-0-0001/file--0-0001-0003.txt' size=0, mutating=false}; https://audit.example.org/hadoop/1/op_get_file_status/67226e31-30c8-4b12-bd8d-7af12d75e150-00000141/?op=op_get_file_status&p1=test/testComplexDirActions/dir-0-0001/file--0-0001-0003.txt&pr=runner&ps=a84b8fc4-c757-4eb1-9a3e-4c3b8d9615e9&id=67226e31-30c8-4b12-bd8d-7af12d75e150-00000141&t0=153&fs=67226e31-30c8-4b12-bd8d-7af12d75e150&t1=153&ts=1735840019684
2025-01-02 17:46:59,690 [JUnit-testComplexDirActions] DEBUG s3a.S3AFileSystem (S3AFileSystem.java:s3GetFileStatus(4080)) - Found exact file: normal file test/testComplexDirActions/dir-0-0001/file--0-0001-0003.txt
2025-01-02 17:46:59,690 [JUnit-testComplexDirActions] DEBUG impl.MkdirOperation (MkdirOperation.java:execute(120)) - Making directory: s3a://obs-bucket/test/testComplexDirActions/dir-0-0001/dir-0-0001-0000
2025-01-02 17:46:59,690 [JUnit-testComplexDirActions] DEBUG s3a.S3AFileSystem (S3AFileSystem.java:innerGetFileStatus(4005)) - Getting path status for s3a://obs-bucket/test/testComplexDirActions/dir-0-0001/dir-0-0001-0000  (test/testComplexDirActions/dir-0-0001/dir-0-0001-0000); needEmptyDirectory=false
2025-01-02 17:46:59,691 [JUnit-testComplexDirActions] DEBUG s3a.S3AFileSystem (S3AFileSystem.java:s3GetFileStatus(4064)) - S3GetFileStatus s3a://obs-bucket/test/testComplexDirActions/dir-0-0001/dir-0-0001-0000
2025-01-02 17:46:59,691 [JUnit-testComplexDirActions] DEBUG s3a.S3AFileSystem (S3AFileSystem.java:listObjects(3107)) - LIST List obs-bucket:/test/testComplexDirActions/dir-0-0001/dir-0-0001-0000/ delimiter=/ keys=2 requester pays=null
2025-01-02 17:46:59,691 [JUnit-testComplexDirActions] DEBUG s3a.S3AFileSystem (DurationInfo.java:<init>(80)) - Starting: LIST
2025-01-02 17:46:59,691 [JUnit-testComplexDirActions] DEBUG impl.LoggingAuditor (LoggingAuditor.java:modifyHttpRequest(410)) - [153] 67226e31-30c8-4b12-bd8d-7af12d75e150-00000142 Executing op_mkdirs with {object_list_request 'test/testComplexDirActions/dir-0-0001/dir-0-0001-0000/' size=2, mutating=false}; https://audit.example.org/hadoop/1/op_mkdirs/67226e31-30c8-4b12-bd8d-7af12d75e150-00000142/?op=op_mkdirs&p1=test/testComplexDirActions/dir-0-0001/dir-0-0001-0000&pr=runner&ps=a84b8fc4-c757-4eb1-9a3e-4c3b8d9615e9&id=67226e31-30c8-4b12-bd8d-7af12d75e150-00000142&t0=153&fs=67226e31-30c8-4b12-bd8d-7af12d75e150&t1=153&ts=1735840019690
2025-01-02 17:46:59,696 [JUnit-testComplexDirActions] DEBUG s3a.S3AFileSystem (DurationInfo.java:close(101)) - LIST: duration 0:00.005s
2025-01-02 17:46:59,697 [JUnit-testComplexDirActions] DEBUG s3a.S3AFileSystem (S3AFileSystem.java:s3GetFileStatus(4155)) - Not Found: s3a://obs-bucket/test/testComplexDirActions/dir-0-0001/dir-0-0001-0000
2025-01-02 17:46:59,697 [JUnit-testComplexDirActions] DEBUG s3a.S3AFileSystem (S3AFileSystem.java:innerGetFileStatus(4005)) - Getting path status for s3a://obs-bucket/test/testComplexDirActions/dir-0-0001/dir-0-0001-0000  (test/testComplexDirActions/dir-0-0001/dir-0-0001-0000); needEmptyDirectory=false
2025-01-02 17:46:59,697 [JUnit-testComplexDirActions] DEBUG s3a.S3AFileSystem (S3AFileSystem.java:s3GetFileStatus(4064)) - S3GetFileStatus s3a://obs-bucket/test/testComplexDirActions/dir-0-0001/dir-0-0001-0000
2025-01-02 17:46:59,697 [JUnit-testComplexDirActions] DEBUG s3a.S3AFileSystem (S3AFileSystem.java:lambda$getObjectMetadata$10(3044)) - HEAD test/testComplexDirActions/dir-0-0001/dir-0-0001-0000 with change tracker null
2025-01-02 17:46:59,698 [JUnit-testComplexDirActions] DEBUG impl.LoggingAuditor (LoggingAuditor.java:modifyHttpRequest(410)) - [153] 67226e31-30c8-4b12-bd8d-7af12d75e150-00000142 Executing op_mkdirs with {action_http_head_request 'test/testComplexDirActions/dir-0-0001/dir-0-0001-0000' size=0, mutating=false}; https://audit.example.org/hadoop/1/op_mkdirs/67226e31-30c8-4b12-bd8d-7af12d75e150-00000142/?op=op_mkdirs&p1=test/testComplexDirActions/dir-0-0001/dir-0-0001-0000&pr=runner&ps=a84b8fc4-c757-4eb1-9a3e-4c3b8d9615e9&id=67226e31-30c8-4b12-bd8d-7af12d75e150-00000142&t0=153&fs=67226e31-30c8-4b12-bd8d-7af12d75e150&t1=153&ts=1735840019690
2025-01-02 17:46:59,700 [JUnit-testComplexDirActions] DEBUG s3a.Invoker (Invoker.java:retryUntranslated(474)) - GET test/testComplexDirActions/dir-0-0001/dir-0-0001-0000 ; software.amazon.awssdk.services.s3.model.NoSuchKeyException: null (Service: S3, Status Code: 404, Request ID: a814feb4-b04a-40f9-ad42-f8685ffd32cb, Extended Request ID: 6BrWAD9nLgyyNfT) (Service: S3, Status Code: 404, Request ID: a814feb4-b04a-40f9-ad42-f8685ffd32cb), 
2025-01-02 17:46:59,701 [JUnit-testComplexDirActions] DEBUG s3a.S3ARetryPolicy (S3ARetryPolicy.java:shouldRetry(318)) - Retry probe for FileNotFoundException with 0 retries and 0 failovers, idempotent=true, due to java.io.FileNotFoundException: GET test/testComplexDirActions/dir-0-0001/dir-0-0001-0000 on /: software.amazon.awssdk.services.s3.model.NoSuchKeyException: null (Service: S3, Status Code: 404, Request ID: a814feb4-b04a-40f9-ad42-f8685ffd32cb, Extended Request ID: 6BrWAD9nLgyyNfT) (Service: S3, Status Code: 404, Request ID: a814feb4-b04a-40f9-ad42-f8685ffd32cb):NoSuchKey
java.io.FileNotFoundException: GET test/testComplexDirActions/dir-0-0001/dir-0-0001-0000 on /: software.amazon.awssdk.services.s3.model.NoSuchKeyException: null (Service: S3, Status Code: 404, Request ID: a814feb4-b04a-40f9-ad42-f8685ffd32cb, Extended Request ID: 6BrWAD9nLgyyNfT) (Service: S3, Status Code: 404, Request ID: a814feb4-b04a-40f9-ad42-f8685ffd32cb):NoSuchKey
	at org.apache.hadoop.fs.s3a.S3AUtils.translateException(S3AUtils.java:279)
	at org.apache.hadoop.fs.s3a.Invoker.retryUntranslated(Invoker.java:481)
	at org.apache.hadoop.fs.s3a.Invoker.retryUntranslated(Invoker.java:431)
	at org.apache.hadoop.fs.s3a.S3AFileSystem.getObjectMetadata(S3AFileSystem.java:3036)
	at org.apache.hadoop.fs.s3a.S3AFileSystem.getObjectMetadata(S3AFileSystem.java:3016)
	at org.apache.hadoop.fs.s3a.S3AFileSystem.s3GetFileStatus(S3AFileSystem.java:4079)
	at org.apache.hadoop.fs.s3a.S3AFileSystem.innerGetFileStatus(S3AFileSystem.java:4007)
	at org.apache.hadoop.fs.s3a.S3AFileSystem$MkdirOperationCallbacksImpl.probePathStatus(S3AFileSystem.java:3864)
	at org.apache.hadoop.fs.s3a.impl.MkdirOperation.probePathStatusOrNull(MkdirOperation.java:218)
	at org.apache.hadoop.fs.s3a.impl.MkdirOperation.getPathStatusExpectingDir(MkdirOperation.java:242)
	at org.apache.hadoop.fs.s3a.impl.MkdirOperation.execute(MkdirOperation.java:134)
	at org.apache.hadoop.fs.s3a.impl.MkdirOperation.execute(MkdirOperation.java:59)
	at org.apache.hadoop.fs.s3a.impl.ExecutingStoreOperation.apply(ExecutingStoreOperation.java:76)
	at org.apache.hadoop.fs.statistics.impl.IOStatisticsBinding.invokeTrackingDuration(IOStatisticsBinding.java:547)
	at org.apache.hadoop.fs.statistics.impl.IOStatisticsBinding.lambda$trackDurationOfOperation$5(IOStatisticsBinding.java:528)
	at org.apache.hadoop.fs.statistics.impl.IOStatisticsBinding.trackDuration(IOStatisticsBinding.java:449)
	at org.apache.hadoop.fs.s3a.S3AFileSystem.trackDurationAndSpan(S3AFileSystem.java:2865)
	at org.apache.hadoop.fs.s3a.S3AFileSystem.trackDurationAndSpan(S3AFileSystem.java:2884)
	at org.apache.hadoop.fs.s3a.S3AFileSystem.mkdirs(S3AFileSystem.java:3835)
	at org.apache.hadoop.fs.FileSystem.mkdirs(FileSystem.java:2496)
	at org.apache.hadoop.fs.contract.ContractTestUtils.createSubdirs(ContractTestUtils.java:1423)
	at org.apache.hadoop.fs.contract.ContractTestUtils.createSubdirs(ContractTestUtils.java:1436)
	at org.apache.hadoop.fs.contract.ContractTestUtils.createSubdirs(ContractTestUtils.java:1436)
	at org.apache.hadoop.fs.contract.ContractTestUtils.createSubdirs(ContractTestUtils.java:1396)
	at org.apache.hadoop.fs.contract.AbstractContractGetFileStatusTest.createTestTree(AbstractContractGetFileStatusTest.java:494)
	at org.apache.hadoop.fs.contract.AbstractContractGetFileStatusTest.testComplexDirActions(AbstractContractGetFileStatusTest.java:151)
	at java.base/jdk.internal.reflect.NativeMethodAccessorImpl.invoke0(Native Method)
	at java.base/jdk.internal.reflect.NativeMethodAccessorImpl.invoke(NativeMethodAccessorImpl.java:62)
	at java.base/jdk.internal.reflect.DelegatingMethodAccessorImpl.invoke(DelegatingMethodAccessorImpl.java:43)
	at java.base/java.lang.reflect.Method.invoke(Method.java:566)
	at org.junit.runners.model.FrameworkMethod$1.runReflectiveCall(FrameworkMethod.java:59)
	at org.junit.internal.runners.model.ReflectiveCallable.run(ReflectiveCallable.java:12)
	at org.junit.runners.model.FrameworkMethod.invokeExplosively(FrameworkMethod.java:56)
	at org.junit.internal.runners.statements.InvokeMethod.evaluate(InvokeMethod.java:17)
	at org.junit.internal.runners.statements.RunBefores.evaluate(RunBefores.java:26)
	at org.junit.internal.runners.statements.RunAfters.evaluate(RunAfters.java:27)
	at org.junit.rules.TestWatcher$1.evaluate(TestWatcher.java:61)
	at org.junit.internal.runners.statements.FailOnTimeout$CallableStatement.call(FailOnTimeout.java:299)
	at org.junit.internal.runners.statements.FailOnTimeout$CallableStatement.call(FailOnTimeout.java:293)
	at java.base/java.util.concurrent.FutureTask.run(FutureTask.java:264)
	at java.base/java.lang.Thread.run(Thread.java:829)
Caused by: software.amazon.awssdk.services.s3.model.NoSuchKeyException: null (Service: S3, Status Code: 404, Request ID: a814feb4-b04a-40f9-ad42-f8685ffd32cb, Extended Request ID: 6BrWAD9nLgyyNfT) (Service: S3, Status Code: 404, Request ID: a814feb4-b04a-40f9-ad42-f8685ffd32cb)
	at software.amazon.awssdk.services.s3.model.NoSuchKeyException$BuilderImpl.build(NoSuchKeyException.java:126)
	at software.amazon.awssdk.services.s3.model.NoSuchKeyException$BuilderImpl.build(NoSuchKeyException.java:80)
	at software.amazon.awssdk.services.s3.internal.handlers.ExceptionTranslationInterceptor.modifyException(ExceptionTranslationInterceptor.java:63)
	at software.amazon.awssdk.core.interceptor.ExecutionInterceptorChain.modifyException(ExecutionInterceptorChain.java:181)
	at software.amazon.awssdk.core.internal.http.pipeline.stages.utils.ExceptionReportingUtils.runModifyException(ExceptionReportingUtils.java:54)
	at software.amazon.awssdk.core.internal.http.pipeline.stages.utils.ExceptionReportingUtils.reportFailureToInterceptors(ExceptionReportingUtils.java:38)
	at software.amazon.awssdk.core.internal.http.pipeline.stages.ExecutionFailureExceptionReportingStage.execute(ExecutionFailureExceptionReportingStage.java:39)
	at software.amazon.awssdk.core.internal.http.pipeline.stages.ExecutionFailureExceptionReportingStage.execute(ExecutionFailureExceptionReportingStage.java:26)
	at software.amazon.awssdk.core.internal.http.AmazonSyncHttpClient$RequestExecutionBuilderImpl.execute(AmazonSyncHttpClient.java:224)
	at software.amazon.awssdk.core.internal.handler.BaseSyncClientHandler.invoke(BaseSyncClientHandler.java:103)
	at software.amazon.awssdk.core.internal.handler.BaseSyncClientHandler.doExecute(BaseSyncClientHandler.java:173)
	at software.amazon.awssdk.core.internal.handler.BaseSyncClientHandler.lambda$execute$1(BaseSyncClientHandler.java:80)
	at software.amazon.awssdk.core.internal.handler.BaseSyncClientHandler.measureApiCallSuccess(BaseSyncClientHandler.java:182)
	at software.amazon.awssdk.core.internal.handler.BaseSyncClientHandler.execute(BaseSyncClientHandler.java:74)
	at software.amazon.awssdk.core.client.handler.SdkSyncClientHandler.execute(SdkSyncClientHandler.java:45)
	at software.amazon.awssdk.awscore.client.handler.AwsSyncClientHandler.execute(AwsSyncClientHandler.java:53)
	at software.amazon.awssdk.services.s3.DefaultS3Client.headObject(DefaultS3Client.java:6319)
	at software.amazon.awssdk.services.s3.DelegatingS3Client.lambda$headObject$53(DelegatingS3Client.java:5053)
	at software.amazon.awssdk.services.s3.internal.crossregion.S3CrossRegionSyncClient.invokeOperation(S3CrossRegionSyncClient.java:67)
	at software.amazon.awssdk.services.s3.DelegatingS3Client.headObject(DelegatingS3Client.java:5053)
	at org.apache.hadoop.fs.s3a.S3AFileSystem.lambda$getObjectMetadata$10(S3AFileSystem.java:3049)
	at org.apache.hadoop.fs.s3a.Invoker.retryUntranslated(Invoker.java:468)
	... 39 more
2025-01-02 17:46:59,701 [JUnit-testComplexDirActions] DEBUG s3a.S3ARetryPolicy (S3ARetryPolicy.java:shouldRetry(323)) - Retry action is RetryAction(action=FAIL, delayMillis=0, reason=try once and fail.)
2025-01-02 17:46:59,701 [JUnit-testComplexDirActions] DEBUG s3a.S3AFileSystem (S3AFileSystem.java:s3GetFileStatus(4155)) - Not Found: s3a://obs-bucket/test/testComplexDirActions/dir-0-0001/dir-0-0001-0000
2025-01-02 17:46:59,701 [JUnit-testComplexDirActions] DEBUG s3a.S3AFileSystem (S3AFileSystem.java:innerGetFileStatus(4005)) - Getting path status for s3a://obs-bucket/test/testComplexDirActions/dir-0-0001  (test/testComplexDirActions/dir-0-0001); needEmptyDirectory=false
2025-01-02 17:46:59,701 [JUnit-testComplexDirActions] DEBUG s3a.S3AFileSystem (S3AFileSystem.java:s3GetFileStatus(4064)) - S3GetFileStatus s3a://obs-bucket/test/testComplexDirActions/dir-0-0001
2025-01-02 17:46:59,701 [JUnit-testComplexDirActions] DEBUG s3a.S3AFileSystem (S3AFileSystem.java:listObjects(3107)) - LIST List obs-bucket:/test/testComplexDirActions/dir-0-0001/ delimiter=/ keys=2 requester pays=null
2025-01-02 17:46:59,701 [JUnit-testComplexDirActions] DEBUG s3a.S3AFileSystem (DurationInfo.java:<init>(80)) - Starting: LIST
2025-01-02 17:46:59,702 [JUnit-testComplexDirActions] DEBUG impl.LoggingAuditor (LoggingAuditor.java:modifyHttpRequest(410)) - [153] 67226e31-30c8-4b12-bd8d-7af12d75e150-00000142 Executing op_mkdirs with {object_list_request 'test/testComplexDirActions/dir-0-0001/' size=2, mutating=false}; https://audit.example.org/hadoop/1/op_mkdirs/67226e31-30c8-4b12-bd8d-7af12d75e150-00000142/?op=op_mkdirs&p1=test/testComplexDirActions/dir-0-0001/dir-0-0001-0000&pr=runner&ps=a84b8fc4-c757-4eb1-9a3e-4c3b8d9615e9&id=67226e31-30c8-4b12-bd8d-7af12d75e150-00000142&t0=153&fs=67226e31-30c8-4b12-bd8d-7af12d75e150&t1=153&ts=1735840019690
2025-01-02 17:46:59,708 [JUnit-testComplexDirActions] DEBUG s3a.S3AFileSystem (DurationInfo.java:close(101)) - LIST: duration 0:00.007s
2025-01-02 17:46:59,708 [JUnit-testComplexDirActions] DEBUG s3a.S3AFileSystem (S3AFileSystem.java:s3GetFileStatus(4128)) - Found path as directory (with /)
2025-01-02 17:46:59,708 [JUnit-testComplexDirActions] DEBUG s3a.S3AFileSystem (S3ListResult.java:logAtDebug(146)) - Prefix count = 0; object count=2
2025-01-02 17:46:59,708 [JUnit-testComplexDirActions] DEBUG s3a.S3AFileSystem (S3ListResult.java:logAtDebug(149)) - Summary: test/testComplexDirActions/dir-0-0001/ 0
2025-01-02 17:46:59,708 [JUnit-testComplexDirActions] DEBUG s3a.S3AFileSystem (S3ListResult.java:logAtDebug(149)) - Summary: test/testComplexDirActions/dir-0-0001/file--0-0001-0000.txt 512
2025-01-02 17:46:59,708 [JUnit-testComplexDirActions] DEBUG s3a.Invoker (DurationInfo.java:<init>(80)) - Starting: PUT 0-byte object 
2025-01-02 17:46:59,708 [JUnit-testComplexDirActions] DEBUG s3a.S3AFileSystem (S3AFileSystem.java:putObjectDirect(3340)) - PUT 0 bytes to test/testComplexDirActions/dir-0-0001/dir-0-0001-0000/
2025-01-02 17:46:59,708 [JUnit-testComplexDirActions] DEBUG impl.S3AStoreImpl (S3AStoreImpl.java:incrementPutStartStatistics(397)) - PUT start 0 bytes
2025-01-02 17:46:59,709 [JUnit-testComplexDirActions] DEBUG impl.LoggingAuditor (LoggingAuditor.java:modifyHttpRequest(410)) - [153] 67226e31-30c8-4b12-bd8d-7af12d75e150-00000142 Executing op_mkdirs with {object_put_request 'test/testComplexDirActions/dir-0-0001/dir-0-0001-0000/' size=0, mutating=true}; https://audit.example.org/hadoop/1/op_mkdirs/67226e31-30c8-4b12-bd8d-7af12d75e150-00000142/?op=op_mkdirs&p1=test/testComplexDirActions/dir-0-0001/dir-0-0001-0000&pr=runner&ps=a84b8fc4-c757-4eb1-9a3e-4c3b8d9615e9&id=67226e31-30c8-4b12-bd8d-7af12d75e150-00000142&t0=153&fs=67226e31-30c8-4b12-bd8d-7af12d75e150&t1=153&ts=1735840019690
2025-01-02 17:46:59,710 [JUnit-testComplexDirActions] INFO  impl.UploadContentProviders (UploadContentProviders.java:newStream(289)) - Stream recreated: ByteArrayContentProvider{buffer with length=0, offset=0} BaseContentProvider{size=0, initiated at 2025-01-02T17:46:59.708581, streamCreationCount=2, currentStream=null}
2025-01-02 17:46:59,727 [JUnit-testComplexDirActions] DEBUG impl.S3AStoreImpl (S3AStoreImpl.java:incrementPutCompletedStatistics(414)) - PUT completed success=true; 0 bytes
2025-01-02 17:46:59,727 [JUnit-testComplexDirActions] DEBUG s3a.S3AFileSystem (S3AFileSystem.java:finishedWrite(4727)) - Finished write to test/testComplexDirActions/dir-0-0001/dir-0-0001-0000/, len 0.
2025-01-02 17:46:59,727 [JUnit-testComplexDirActions] DEBUG s3a.Invoker (DurationInfo.java:close(101)) - PUT 0-byte object : duration 0:00.019s
2025-01-02 17:46:59,727 [JUnit-testComplexDirActions] DEBUG S3AFileSystem.Progress (S3AStoreImpl.java:incrementPutProgressStatistics(432)) - PUT test/testComplexDirActions/dir-0-0001/dir-0-0001-0000: 0 bytes
2025-01-02 17:46:59,728 [JUnit-testComplexDirActions] DEBUG s3a.S3AFileSystem (S3AFileSystem.java:innerGetFileStatus(4005)) - Getting path status for s3a://obs-bucket/test/testComplexDirActions/dir-0-0001/dir-0-0001-0000  (test/testComplexDirActions/dir-0-0001/dir-0-0001-0000); needEmptyDirectory=false
2025-01-02 17:46:59,728 [JUnit-testComplexDirActions] DEBUG s3a.S3AFileSystem (S3AFileSystem.java:s3GetFileStatus(4064)) - S3GetFileStatus s3a://obs-bucket/test/testComplexDirActions/dir-0-0001/dir-0-0001-0000
2025-01-02 17:46:59,728 [JUnit-testComplexDirActions] DEBUG s3a.S3AFileSystem (S3AFileSystem.java:lambda$getObjectMetadata$10(3044)) - HEAD test/testComplexDirActions/dir-0-0001/dir-0-0001-0000 with change tracker null
2025-01-02 17:46:59,728 [JUnit-testComplexDirActions] DEBUG impl.LoggingAuditor (LoggingAuditor.java:modifyHttpRequest(410)) - [153] 67226e31-30c8-4b12-bd8d-7af12d75e150-00000143 Executing op_get_file_status with {action_http_head_request 'test/testComplexDirActions/dir-0-0001/dir-0-0001-0000' size=0, mutating=false}; https://audit.example.org/hadoop/1/op_get_file_status/67226e31-30c8-4b12-bd8d-7af12d75e150-00000143/?op=op_get_file_status&p1=test/testComplexDirActions/dir-0-0001/dir-0-0001-0000&pr=runner&ps=a84b8fc4-c757-4eb1-9a3e-4c3b8d9615e9&id=67226e31-30c8-4b12-bd8d-7af12d75e150-00000143&t0=153&fs=67226e31-30c8-4b12-bd8d-7af12d75e150&t1=153&ts=1735840019727
2025-01-02 17:46:59,733 [JUnit-testComplexDirActions] DEBUG s3a.Invoker (Invoker.java:retryUntranslated(474)) - GET test/testComplexDirActions/dir-0-0001/dir-0-0001-0000 ; software.amazon.awssdk.services.s3.model.NoSuchKeyException: null (Service: S3, Status Code: 404, Request ID: 2e65a361-abee-4c34-9140-b2dec7314669, Extended Request ID: dhYERHyUgK5Oq) (Service: S3, Status Code: 404, Request ID: 2e65a361-abee-4c34-9140-b2dec7314669), 
2025-01-02 17:46:59,734 [JUnit-testComplexDirActions] DEBUG s3a.S3ARetryPolicy (S3ARetryPolicy.java:shouldRetry(318)) - Retry probe for FileNotFoundException with 0 retries and 0 failovers, idempotent=true, due to java.io.FileNotFoundException: GET test/testComplexDirActions/dir-0-0001/dir-0-0001-0000 on /: software.amazon.awssdk.services.s3.model.NoSuchKeyException: null (Service: S3, Status Code: 404, Request ID: 2e65a361-abee-4c34-9140-b2dec7314669, Extended Request ID: dhYERHyUgK5Oq) (Service: S3, Status Code: 404, Request ID: 2e65a361-abee-4c34-9140-b2dec7314669):NoSuchKey
java.io.FileNotFoundException: GET test/testComplexDirActions/dir-0-0001/dir-0-0001-0000 on /: software.amazon.awssdk.services.s3.model.NoSuchKeyException: null (Service: S3, Status Code: 404, Request ID: 2e65a361-abee-4c34-9140-b2dec7314669, Extended Request ID: dhYERHyUgK5Oq) (Service: S3, Status Code: 404, Request ID: 2e65a361-abee-4c34-9140-b2dec7314669):NoSuchKey
	at org.apache.hadoop.fs.s3a.S3AUtils.translateException(S3AUtils.java:279)
	at org.apache.hadoop.fs.s3a.Invoker.retryUntranslated(Invoker.java:481)
	at org.apache.hadoop.fs.s3a.Invoker.retryUntranslated(Invoker.java:431)
	at org.apache.hadoop.fs.s3a.S3AFileSystem.getObjectMetadata(S3AFileSystem.java:3036)
	at org.apache.hadoop.fs.s3a.S3AFileSystem.getObjectMetadata(S3AFileSystem.java:3016)
	at org.apache.hadoop.fs.s3a.S3AFileSystem.s3GetFileStatus(S3AFileSystem.java:4079)
	at org.apache.hadoop.fs.s3a.S3AFileSystem.innerGetFileStatus(S3AFileSystem.java:4007)
	at org.apache.hadoop.fs.s3a.S3AFileSystem.lambda$getFileStatus$22(S3AFileSystem.java:3984)
	at org.apache.hadoop.fs.statistics.impl.IOStatisticsBinding.invokeTrackingDuration(IOStatisticsBinding.java:547)
	at org.apache.hadoop.fs.statistics.impl.IOStatisticsBinding.lambda$trackDurationOfOperation$5(IOStatisticsBinding.java:528)
	at org.apache.hadoop.fs.statistics.impl.IOStatisticsBinding.trackDuration(IOStatisticsBinding.java:449)
	at org.apache.hadoop.fs.s3a.S3AFileSystem.trackDurationAndSpan(S3AFileSystem.java:2865)
	at org.apache.hadoop.fs.s3a.S3AFileSystem.trackDurationAndSpan(S3AFileSystem.java:2884)
	at org.apache.hadoop.fs.s3a.S3AFileSystem.getFileStatus(S3AFileSystem.java:3982)
	at org.apache.hadoop.fs.contract.ContractTestUtils$TreeScanResults.add(ContractTestUtils.java:1906)
	at org.apache.hadoop.fs.contract.ContractTestUtils.createSubdirs(ContractTestUtils.java:1438)
	at org.apache.hadoop.fs.contract.ContractTestUtils.createSubdirs(ContractTestUtils.java:1436)
	at org.apache.hadoop.fs.contract.ContractTestUtils.createSubdirs(ContractTestUtils.java:1396)
	at org.apache.hadoop.fs.contract.AbstractContractGetFileStatusTest.createTestTree(AbstractContractGetFileStatusTest.java:494)
	at org.apache.hadoop.fs.contract.AbstractContractGetFileStatusTest.testComplexDirActions(AbstractContractGetFileStatusTest.java:151)
	at java.base/jdk.internal.reflect.NativeMethodAccessorImpl.invoke0(Native Method)
	at java.base/jdk.internal.reflect.NativeMethodAccessorImpl.invoke(NativeMethodAccessorImpl.java:62)
	at java.base/jdk.internal.reflect.DelegatingMethodAccessorImpl.invoke(DelegatingMethodAccessorImpl.java:43)
	at java.base/java.lang.reflect.Method.invoke(Method.java:566)
	at org.junit.runners.model.FrameworkMethod$1.runReflectiveCall(FrameworkMethod.java:59)
	at org.junit.internal.runners.model.ReflectiveCallable.run(ReflectiveCallable.java:12)
	at org.junit.runners.model.FrameworkMethod.invokeExplosively(FrameworkMethod.java:56)
	at org.junit.internal.runners.statements.InvokeMethod.evaluate(InvokeMethod.java:17)
	at org.junit.internal.runners.statements.RunBefores.evaluate(RunBefores.java:26)
	at org.junit.internal.runners.statements.RunAfters.evaluate(RunAfters.java:27)
	at org.junit.rules.TestWatcher$1.evaluate(TestWatcher.java:61)
	at org.junit.internal.runners.statements.FailOnTimeout$CallableStatement.call(FailOnTimeout.java:299)
	at org.junit.internal.runners.statements.FailOnTimeout$CallableStatement.call(FailOnTimeout.java:293)
	at java.base/java.util.concurrent.FutureTask.run(FutureTask.java:264)
	at java.base/java.lang.Thread.run(Thread.java:829)
Caused by: software.amazon.awssdk.services.s3.model.NoSuchKeyException: null (Service: S3, Status Code: 404, Request ID: 2e65a361-abee-4c34-9140-b2dec7314669, Extended Request ID: dhYERHyUgK5Oq) (Service: S3, Status Code: 404, Request ID: 2e65a361-abee-4c34-9140-b2dec7314669)
	at software.amazon.awssdk.services.s3.model.NoSuchKeyException$BuilderImpl.build(NoSuchKeyException.java:126)
	at software.amazon.awssdk.services.s3.model.NoSuchKeyException$BuilderImpl.build(NoSuchKeyException.java:80)
	at software.amazon.awssdk.services.s3.internal.handlers.ExceptionTranslationInterceptor.modifyException(ExceptionTranslationInterceptor.java:63)
	at software.amazon.awssdk.core.interceptor.ExecutionInterceptorChain.modifyException(ExecutionInterceptorChain.java:181)
	at software.amazon.awssdk.core.internal.http.pipeline.stages.utils.ExceptionReportingUtils.runModifyException(ExceptionReportingUtils.java:54)
	at software.amazon.awssdk.core.internal.http.pipeline.stages.utils.ExceptionReportingUtils.reportFailureToInterceptors(ExceptionReportingUtils.java:38)
	at software.amazon.awssdk.core.internal.http.pipeline.stages.ExecutionFailureExceptionReportingStage.execute(ExecutionFailureExceptionReportingStage.java:39)
	at software.amazon.awssdk.core.internal.http.pipeline.stages.ExecutionFailureExceptionReportingStage.execute(ExecutionFailureExceptionReportingStage.java:26)
	at software.amazon.awssdk.core.internal.http.AmazonSyncHttpClient$RequestExecutionBuilderImpl.execute(AmazonSyncHttpClient.java:224)
	at software.amazon.awssdk.core.internal.handler.BaseSyncClientHandler.invoke(BaseSyncClientHandler.java:103)
	at software.amazon.awssdk.core.internal.handler.BaseSyncClientHandler.doExecute(BaseSyncClientHandler.java:173)
	at software.amazon.awssdk.core.internal.handler.BaseSyncClientHandler.lambda$execute$1(BaseSyncClientHandler.java:80)
	at software.amazon.awssdk.core.internal.handler.BaseSyncClientHandler.measureApiCallSuccess(BaseSyncClientHandler.java:182)
	at software.amazon.awssdk.core.internal.handler.BaseSyncClientHandler.execute(BaseSyncClientHandler.java:74)
	at software.amazon.awssdk.core.client.handler.SdkSyncClientHandler.execute(SdkSyncClientHandler.java:45)
	at software.amazon.awssdk.awscore.client.handler.AwsSyncClientHandler.execute(AwsSyncClientHandler.java:53)
	at software.amazon.awssdk.services.s3.DefaultS3Client.headObject(DefaultS3Client.java:6319)
	at software.amazon.awssdk.services.s3.DelegatingS3Client.lambda$headObject$53(DelegatingS3Client.java:5053)
	at software.amazon.awssdk.services.s3.internal.crossregion.S3CrossRegionSyncClient.invokeOperation(S3CrossRegionSyncClient.java:67)
	at software.amazon.awssdk.services.s3.DelegatingS3Client.headObject(DelegatingS3Client.java:5053)
	at org.apache.hadoop.fs.s3a.S3AFileSystem.lambda$getObjectMetadata$10(S3AFileSystem.java:3049)
	at org.apache.hadoop.fs.s3a.Invoker.retryUntranslated(Invoker.java:468)
	... 33 more
2025-01-02 17:46:59,734 [JUnit-testComplexDirActions] DEBUG s3a.S3ARetryPolicy (S3ARetryPolicy.java:shouldRetry(323)) - Retry action is RetryAction(action=FAIL, delayMillis=0, reason=try once and fail.)
2025-01-02 17:46:59,734 [JUnit-testComplexDirActions] DEBUG s3a.S3AFileSystem (S3AFileSystem.java:listObjects(3107)) - LIST List obs-bucket:/test/testComplexDirActions/dir-0-0001/dir-0-0001-0000/ delimiter=/ keys=2 requester pays=null
2025-01-02 17:46:59,734 [JUnit-testComplexDirActions] DEBUG s3a.S3AFileSystem (DurationInfo.java:<init>(80)) - Starting: LIST
2025-01-02 17:46:59,736 [JUnit-testComplexDirActions] DEBUG impl.LoggingAuditor (LoggingAuditor.java:modifyHttpRequest(410)) - [153] 67226e31-30c8-4b12-bd8d-7af12d75e150-00000143 Executing op_get_file_status with {object_list_request 'test/testComplexDirActions/dir-0-0001/dir-0-0001-0000/' size=2, mutating=false}; https://audit.example.org/hadoop/1/op_get_file_status/67226e31-30c8-4b12-bd8d-7af12d75e150-00000143/?op=op_get_file_status&p1=test/testComplexDirActions/dir-0-0001/dir-0-0001-0000&pr=runner&ps=a84b8fc4-c757-4eb1-9a3e-4c3b8d9615e9&id=67226e31-30c8-4b12-bd8d-7af12d75e150-00000143&t0=153&fs=67226e31-30c8-4b12-bd8d-7af12d75e150&t1=153&ts=1735840019727
2025-01-02 17:46:59,743 [JUnit-testComplexDirActions] DEBUG s3a.S3AFileSystem (DurationInfo.java:close(101)) - LIST: duration 0:00.009s
2025-01-02 17:46:59,743 [JUnit-testComplexDirActions] DEBUG s3a.S3AFileSystem (S3AFileSystem.java:s3GetFileStatus(4128)) - Found path as directory (with /)
2025-01-02 17:46:59,743 [JUnit-testComplexDirActions] DEBUG s3a.S3AFileSystem (S3ListResult.java:logAtDebug(146)) - Prefix count = 0; object count=1
2025-01-02 17:46:59,743 [JUnit-testComplexDirActions] DEBUG s3a.S3AFileSystem (S3ListResult.java:logAtDebug(149)) - Summary: test/testComplexDirActions/dir-0-0001/dir-0-0001-0000/ 0
2025-01-02 17:46:59,743 [JUnit-testComplexDirActions] DEBUG impl.MkdirOperation (MkdirOperation.java:execute(120)) - Making directory: s3a://obs-bucket/test/testComplexDirActions/dir-0-0001/dir-0-0001-0001
2025-01-02 17:46:59,743 [JUnit-testComplexDirActions] DEBUG s3a.S3AFileSystem (S3AFileSystem.java:innerGetFileStatus(4005)) - Getting path status for s3a://obs-bucket/test/testComplexDirActions/dir-0-0001/dir-0-0001-0001  (test/testComplexDirActions/dir-0-0001/dir-0-0001-0001); needEmptyDirectory=false
2025-01-02 17:46:59,743 [JUnit-testComplexDirActions] DEBUG s3a.S3AFileSystem (S3AFileSystem.java:s3GetFileStatus(4064)) - S3GetFileStatus s3a://obs-bucket/test/testComplexDirActions/dir-0-0001/dir-0-0001-0001
2025-01-02 17:46:59,744 [JUnit-testComplexDirActions] DEBUG s3a.S3AFileSystem (S3AFileSystem.java:listObjects(3107)) - LIST List obs-bucket:/test/testComplexDirActions/dir-0-0001/dir-0-0001-0001/ delimiter=/ keys=2 requester pays=null
2025-01-02 17:46:59,744 [JUnit-testComplexDirActions] DEBUG s3a.S3AFileSystem (DurationInfo.java:<init>(80)) - Starting: LIST
2025-01-02 17:46:59,745 [JUnit-testComplexDirActions] DEBUG impl.LoggingAuditor (LoggingAuditor.java:modifyHttpRequest(410)) - [153] 67226e31-30c8-4b12-bd8d-7af12d75e150-00000144 Executing op_mkdirs with {object_list_request 'test/testComplexDirActions/dir-0-0001/dir-0-0001-0001/' size=2, mutating=false}; https://audit.example.org/hadoop/1/op_mkdirs/67226e31-30c8-4b12-bd8d-7af12d75e150-00000144/?op=op_mkdirs&p1=test/testComplexDirActions/dir-0-0001/dir-0-0001-0001&pr=runner&ps=a84b8fc4-c757-4eb1-9a3e-4c3b8d9615e9&id=67226e31-30c8-4b12-bd8d-7af12d75e150-00000144&t0=153&fs=67226e31-30c8-4b12-bd8d-7af12d75e150&t1=153&ts=1735840019743
2025-01-02 17:46:59,751 [JUnit-testComplexDirActions] DEBUG s3a.S3AFileSystem (DurationInfo.java:close(101)) - LIST: duration 0:00.007s
2025-01-02 17:46:59,751 [JUnit-testComplexDirActions] DEBUG s3a.S3AFileSystem (S3AFileSystem.java:s3GetFileStatus(4155)) - Not Found: s3a://obs-bucket/test/testComplexDirActions/dir-0-0001/dir-0-0001-0001
2025-01-02 17:46:59,751 [JUnit-testComplexDirActions] DEBUG s3a.S3AFileSystem (S3AFileSystem.java:innerGetFileStatus(4005)) - Getting path status for s3a://obs-bucket/test/testComplexDirActions/dir-0-0001/dir-0-0001-0001  (test/testComplexDirActions/dir-0-0001/dir-0-0001-0001); needEmptyDirectory=false
2025-01-02 17:46:59,751 [JUnit-testComplexDirActions] DEBUG s3a.S3AFileSystem (S3AFileSystem.java:s3GetFileStatus(4064)) - S3GetFileStatus s3a://obs-bucket/test/testComplexDirActions/dir-0-0001/dir-0-0001-0001
2025-01-02 17:46:59,751 [JUnit-testComplexDirActions] DEBUG s3a.S3AFileSystem (S3AFileSystem.java:lambda$getObjectMetadata$10(3044)) - HEAD test/testComplexDirActions/dir-0-0001/dir-0-0001-0001 with change tracker null
2025-01-02 17:46:59,752 [JUnit-testComplexDirActions] DEBUG impl.LoggingAuditor (LoggingAuditor.java:modifyHttpRequest(410)) - [153] 67226e31-30c8-4b12-bd8d-7af12d75e150-00000144 Executing op_mkdirs with {action_http_head_request 'test/testComplexDirActions/dir-0-0001/dir-0-0001-0001' size=0, mutating=false}; https://audit.example.org/hadoop/1/op_mkdirs/67226e31-30c8-4b12-bd8d-7af12d75e150-00000144/?op=op_mkdirs&p1=test/testComplexDirActions/dir-0-0001/dir-0-0001-0001&pr=runner&ps=a84b8fc4-c757-4eb1-9a3e-4c3b8d9615e9&id=67226e31-30c8-4b12-bd8d-7af12d75e150-00000144&t0=153&fs=67226e31-30c8-4b12-bd8d-7af12d75e150&t1=153&ts=1735840019743
2025-01-02 17:46:59,757 [JUnit-testComplexDirActions] DEBUG s3a.Invoker (Invoker.java:retryUntranslated(474)) - GET test/testComplexDirActions/dir-0-0001/dir-0-0001-0001 ; software.amazon.awssdk.services.s3.model.NoSuchKeyException: null (Service: S3, Status Code: 404, Request ID: 7d6cf6f0-640c-4a6c-80ea-53023466c620, Extended Request ID: y1cFWBBS) (Service: S3, Status Code: 404, Request ID: 7d6cf6f0-640c-4a6c-80ea-53023466c620), 
2025-01-02 17:46:59,757 [JUnit-testComplexDirActions] DEBUG s3a.S3ARetryPolicy (S3ARetryPolicy.java:shouldRetry(318)) - Retry probe for FileNotFoundException with 0 retries and 0 failovers, idempotent=true, due to java.io.FileNotFoundException: GET test/testComplexDirActions/dir-0-0001/dir-0-0001-0001 on /: software.amazon.awssdk.services.s3.model.NoSuchKeyException: null (Service: S3, Status Code: 404, Request ID: 7d6cf6f0-640c-4a6c-80ea-53023466c620, Extended Request ID: y1cFWBBS) (Service: S3, Status Code: 404, Request ID: 7d6cf6f0-640c-4a6c-80ea-53023466c620):NoSuchKey
java.io.FileNotFoundException: GET test/testComplexDirActions/dir-0-0001/dir-0-0001-0001 on /: software.amazon.awssdk.services.s3.model.NoSuchKeyException: null (Service: S3, Status Code: 404, Request ID: 7d6cf6f0-640c-4a6c-80ea-53023466c620, Extended Request ID: y1cFWBBS) (Service: S3, Status Code: 404, Request ID: 7d6cf6f0-640c-4a6c-80ea-53023466c620):NoSuchKey
	at org.apache.hadoop.fs.s3a.S3AUtils.translateException(S3AUtils.java:279)
	at org.apache.hadoop.fs.s3a.Invoker.retryUntranslated(Invoker.java:481)
	at org.apache.hadoop.fs.s3a.Invoker.retryUntranslated(Invoker.java:431)
	at org.apache.hadoop.fs.s3a.S3AFileSystem.getObjectMetadata(S3AFileSystem.java:3036)
	at org.apache.hadoop.fs.s3a.S3AFileSystem.getObjectMetadata(S3AFileSystem.java:3016)
	at org.apache.hadoop.fs.s3a.S3AFileSystem.s3GetFileStatus(S3AFileSystem.java:4079)
	at org.apache.hadoop.fs.s3a.S3AFileSystem.innerGetFileStatus(S3AFileSystem.java:4007)
	at org.apache.hadoop.fs.s3a.S3AFileSystem$MkdirOperationCallbacksImpl.probePathStatus(S3AFileSystem.java:3864)
	at org.apache.hadoop.fs.s3a.impl.MkdirOperation.probePathStatusOrNull(MkdirOperation.java:218)
	at org.apache.hadoop.fs.s3a.impl.MkdirOperation.getPathStatusExpectingDir(MkdirOperation.java:242)
	at org.apache.hadoop.fs.s3a.impl.MkdirOperation.execute(MkdirOperation.java:134)
	at org.apache.hadoop.fs.s3a.impl.MkdirOperation.execute(MkdirOperation.java:59)
	at org.apache.hadoop.fs.s3a.impl.ExecutingStoreOperation.apply(ExecutingStoreOperation.java:76)
	at org.apache.hadoop.fs.statistics.impl.IOStatisticsBinding.invokeTrackingDuration(IOStatisticsBinding.java:547)
	at org.apache.hadoop.fs.statistics.impl.IOStatisticsBinding.lambda$trackDurationOfOperation$5(IOStatisticsBinding.java:528)
	at org.apache.hadoop.fs.statistics.impl.IOStatisticsBinding.trackDuration(IOStatisticsBinding.java:449)
	at org.apache.hadoop.fs.s3a.S3AFileSystem.trackDurationAndSpan(S3AFileSystem.java:2865)
	at org.apache.hadoop.fs.s3a.S3AFileSystem.trackDurationAndSpan(S3AFileSystem.java:2884)
	at org.apache.hadoop.fs.s3a.S3AFileSystem.mkdirs(S3AFileSystem.java:3835)
	at org.apache.hadoop.fs.FileSystem.mkdirs(FileSystem.java:2496)
	at org.apache.hadoop.fs.contract.ContractTestUtils.createSubdirs(ContractTestUtils.java:1423)
	at org.apache.hadoop.fs.contract.ContractTestUtils.createSubdirs(ContractTestUtils.java:1436)
	at org.apache.hadoop.fs.contract.ContractTestUtils.createSubdirs(ContractTestUtils.java:1436)
	at org.apache.hadoop.fs.contract.ContractTestUtils.createSubdirs(ContractTestUtils.java:1396)
	at org.apache.hadoop.fs.contract.AbstractContractGetFileStatusTest.createTestTree(AbstractContractGetFileStatusTest.java:494)
	at org.apache.hadoop.fs.contract.AbstractContractGetFileStatusTest.testComplexDirActions(AbstractContractGetFileStatusTest.java:151)
	at java.base/jdk.internal.reflect.NativeMethodAccessorImpl.invoke0(Native Method)
	at java.base/jdk.internal.reflect.NativeMethodAccessorImpl.invoke(NativeMethodAccessorImpl.java:62)
	at java.base/jdk.internal.reflect.DelegatingMethodAccessorImpl.invoke(DelegatingMethodAccessorImpl.java:43)
	at java.base/java.lang.reflect.Method.invoke(Method.java:566)
	at org.junit.runners.model.FrameworkMethod$1.runReflectiveCall(FrameworkMethod.java:59)
	at org.junit.internal.runners.model.ReflectiveCallable.run(ReflectiveCallable.java:12)
	at org.junit.runners.model.FrameworkMethod.invokeExplosively(FrameworkMethod.java:56)
	at org.junit.internal.runners.statements.InvokeMethod.evaluate(InvokeMethod.java:17)
	at org.junit.internal.runners.statements.RunBefores.evaluate(RunBefores.java:26)
	at org.junit.internal.runners.statements.RunAfters.evaluate(RunAfters.java:27)
	at org.junit.rules.TestWatcher$1.evaluate(TestWatcher.java:61)
	at org.junit.internal.runners.statements.FailOnTimeout$CallableStatement.call(FailOnTimeout.java:299)
	at org.junit.internal.runners.statements.FailOnTimeout$CallableStatement.call(FailOnTimeout.java:293)
	at java.base/java.util.concurrent.FutureTask.run(FutureTask.java:264)
	at java.base/java.lang.Thread.run(Thread.java:829)
Caused by: software.amazon.awssdk.services.s3.model.NoSuchKeyException: null (Service: S3, Status Code: 404, Request ID: 7d6cf6f0-640c-4a6c-80ea-53023466c620, Extended Request ID: y1cFWBBS) (Service: S3, Status Code: 404, Request ID: 7d6cf6f0-640c-4a6c-80ea-53023466c620)
	at software.amazon.awssdk.services.s3.model.NoSuchKeyException$BuilderImpl.build(NoSuchKeyException.java:126)
	at software.amazon.awssdk.services.s3.model.NoSuchKeyException$BuilderImpl.build(NoSuchKeyException.java:80)
	at software.amazon.awssdk.services.s3.internal.handlers.ExceptionTranslationInterceptor.modifyException(ExceptionTranslationInterceptor.java:63)
	at software.amazon.awssdk.core.interceptor.ExecutionInterceptorChain.modifyException(ExecutionInterceptorChain.java:181)
	at software.amazon.awssdk.core.internal.http.pipeline.stages.utils.ExceptionReportingUtils.runModifyException(ExceptionReportingUtils.java:54)
	at software.amazon.awssdk.core.internal.http.pipeline.stages.utils.ExceptionReportingUtils.reportFailureToInterceptors(ExceptionReportingUtils.java:38)
	at software.amazon.awssdk.core.internal.http.pipeline.stages.ExecutionFailureExceptionReportingStage.execute(ExecutionFailureExceptionReportingStage.java:39)
	at software.amazon.awssdk.core.internal.http.pipeline.stages.ExecutionFailureExceptionReportingStage.execute(ExecutionFailureExceptionReportingStage.java:26)
	at software.amazon.awssdk.core.internal.http.AmazonSyncHttpClient$RequestExecutionBuilderImpl.execute(AmazonSyncHttpClient.java:224)
	at software.amazon.awssdk.core.internal.handler.BaseSyncClientHandler.invoke(BaseSyncClientHandler.java:103)
	at software.amazon.awssdk.core.internal.handler.BaseSyncClientHandler.doExecute(BaseSyncClientHandler.java:173)
	at software.amazon.awssdk.core.internal.handler.BaseSyncClientHandler.lambda$execute$1(BaseSyncClientHandler.java:80)
	at software.amazon.awssdk.core.internal.handler.BaseSyncClientHandler.measureApiCallSuccess(BaseSyncClientHandler.java:182)
	at software.amazon.awssdk.core.internal.handler.BaseSyncClientHandler.execute(BaseSyncClientHandler.java:74)
	at software.amazon.awssdk.core.client.handler.SdkSyncClientHandler.execute(SdkSyncClientHandler.java:45)
	at software.amazon.awssdk.awscore.client.handler.AwsSyncClientHandler.execute(AwsSyncClientHandler.java:53)
	at software.amazon.awssdk.services.s3.DefaultS3Client.headObject(DefaultS3Client.java:6319)
	at software.amazon.awssdk.services.s3.DelegatingS3Client.lambda$headObject$53(DelegatingS3Client.java:5053)
	at software.amazon.awssdk.services.s3.internal.crossregion.S3CrossRegionSyncClient.invokeOperation(S3CrossRegionSyncClient.java:67)
	at software.amazon.awssdk.services.s3.DelegatingS3Client.headObject(DelegatingS3Client.java:5053)
	at org.apache.hadoop.fs.s3a.S3AFileSystem.lambda$getObjectMetadata$10(S3AFileSystem.java:3049)
	at org.apache.hadoop.fs.s3a.Invoker.retryUntranslated(Invoker.java:468)
	... 39 more
2025-01-02 17:46:59,758 [JUnit-testComplexDirActions] DEBUG s3a.S3ARetryPolicy (S3ARetryPolicy.java:shouldRetry(323)) - Retry action is RetryAction(action=FAIL, delayMillis=0, reason=try once and fail.)
2025-01-02 17:46:59,758 [JUnit-testComplexDirActions] DEBUG s3a.S3AFileSystem (S3AFileSystem.java:s3GetFileStatus(4155)) - Not Found: s3a://obs-bucket/test/testComplexDirActions/dir-0-0001/dir-0-0001-0001
2025-01-02 17:46:59,758 [JUnit-testComplexDirActions] DEBUG s3a.S3AFileSystem (S3AFileSystem.java:innerGetFileStatus(4005)) - Getting path status for s3a://obs-bucket/test/testComplexDirActions/dir-0-0001  (test/testComplexDirActions/dir-0-0001); needEmptyDirectory=false
2025-01-02 17:46:59,758 [JUnit-testComplexDirActions] DEBUG s3a.S3AFileSystem (S3AFileSystem.java:s3GetFileStatus(4064)) - S3GetFileStatus s3a://obs-bucket/test/testComplexDirActions/dir-0-0001
2025-01-02 17:46:59,758 [JUnit-testComplexDirActions] DEBUG s3a.S3AFileSystem (S3AFileSystem.java:listObjects(3107)) - LIST List obs-bucket:/test/testComplexDirActions/dir-0-0001/ delimiter=/ keys=2 requester pays=null
2025-01-02 17:46:59,758 [JUnit-testComplexDirActions] DEBUG s3a.S3AFileSystem (DurationInfo.java:<init>(80)) - Starting: LIST
2025-01-02 17:46:59,759 [JUnit-testComplexDirActions] DEBUG impl.LoggingAuditor (LoggingAuditor.java:modifyHttpRequest(410)) - [153] 67226e31-30c8-4b12-bd8d-7af12d75e150-00000144 Executing op_mkdirs with {object_list_request 'test/testComplexDirActions/dir-0-0001/' size=2, mutating=false}; https://audit.example.org/hadoop/1/op_mkdirs/67226e31-30c8-4b12-bd8d-7af12d75e150-00000144/?op=op_mkdirs&p1=test/testComplexDirActions/dir-0-0001/dir-0-0001-0001&pr=runner&ps=a84b8fc4-c757-4eb1-9a3e-4c3b8d9615e9&id=67226e31-30c8-4b12-bd8d-7af12d75e150-00000144&t0=153&fs=67226e31-30c8-4b12-bd8d-7af12d75e150&t1=153&ts=1735840019743
2025-01-02 17:46:59,765 [JUnit-testComplexDirActions] DEBUG s3a.S3AFileSystem (DurationInfo.java:close(101)) - LIST: duration 0:00.007s
2025-01-02 17:46:59,765 [JUnit-testComplexDirActions] DEBUG s3a.S3AFileSystem (S3AFileSystem.java:s3GetFileStatus(4128)) - Found path as directory (with /)
2025-01-02 17:46:59,765 [JUnit-testComplexDirActions] DEBUG s3a.S3AFileSystem (S3ListResult.java:logAtDebug(146)) - Prefix count = 1; object count=1
2025-01-02 17:46:59,765 [JUnit-testComplexDirActions] DEBUG s3a.S3AFileSystem (S3ListResult.java:logAtDebug(149)) - Summary: test/testComplexDirActions/dir-0-0001/ 0
2025-01-02 17:46:59,765 [JUnit-testComplexDirActions] DEBUG s3a.S3AFileSystem (S3ListResult.java:logAtDebug(152)) - Prefix: test/testComplexDirActions/dir-0-0001/dir-0-0001-0000/
2025-01-02 17:46:59,765 [JUnit-testComplexDirActions] DEBUG s3a.Invoker (DurationInfo.java:<init>(80)) - Starting: PUT 0-byte object 
2025-01-02 17:46:59,765 [JUnit-testComplexDirActions] DEBUG s3a.S3AFileSystem (S3AFileSystem.java:putObjectDirect(3340)) - PUT 0 bytes to test/testComplexDirActions/dir-0-0001/dir-0-0001-0001/
2025-01-02 17:46:59,765 [JUnit-testComplexDirActions] DEBUG impl.S3AStoreImpl (S3AStoreImpl.java:incrementPutStartStatistics(397)) - PUT start 0 bytes
2025-01-02 17:46:59,766 [JUnit-testComplexDirActions] DEBUG impl.LoggingAuditor (LoggingAuditor.java:modifyHttpRequest(410)) - [153] 67226e31-30c8-4b12-bd8d-7af12d75e150-00000144 Executing op_mkdirs with {object_put_request 'test/testComplexDirActions/dir-0-0001/dir-0-0001-0001/' size=0, mutating=true}; https://audit.example.org/hadoop/1/op_mkdirs/67226e31-30c8-4b12-bd8d-7af12d75e150-00000144/?op=op_mkdirs&p1=test/testComplexDirActions/dir-0-0001/dir-0-0001-0001&pr=runner&ps=a84b8fc4-c757-4eb1-9a3e-4c3b8d9615e9&id=67226e31-30c8-4b12-bd8d-7af12d75e150-00000144&t0=153&fs=67226e31-30c8-4b12-bd8d-7af12d75e150&t1=153&ts=1735840019743
2025-01-02 17:46:59,767 [JUnit-testComplexDirActions] INFO  impl.UploadContentProviders (UploadContentProviders.java:newStream(289)) - Stream recreated: ByteArrayContentProvider{buffer with length=0, offset=0} BaseContentProvider{size=0, initiated at 2025-01-02T17:46:59.765750, streamCreationCount=2, currentStream=null}
2025-01-02 17:46:59,785 [JUnit-testComplexDirActions] DEBUG impl.S3AStoreImpl (S3AStoreImpl.java:incrementPutCompletedStatistics(414)) - PUT completed success=true; 0 bytes
2025-01-02 17:46:59,786 [JUnit-testComplexDirActions] DEBUG s3a.S3AFileSystem (S3AFileSystem.java:finishedWrite(4727)) - Finished write to test/testComplexDirActions/dir-0-0001/dir-0-0001-0001/, len 0.
2025-01-02 17:46:59,786 [JUnit-testComplexDirActions] DEBUG s3a.Invoker (DurationInfo.java:close(101)) - PUT 0-byte object : duration 0:00.021s
2025-01-02 17:46:59,786 [JUnit-testComplexDirActions] DEBUG S3AFileSystem.Progress (S3AStoreImpl.java:incrementPutProgressStatistics(432)) - PUT test/testComplexDirActions/dir-0-0001/dir-0-0001-0001: 0 bytes
2025-01-02 17:46:59,786 [JUnit-testComplexDirActions] DEBUG s3a.S3AFileSystem (S3AFileSystem.java:innerGetFileStatus(4005)) - Getting path status for s3a://obs-bucket/test/testComplexDirActions/dir-0-0001/dir-0-0001-0001  (test/testComplexDirActions/dir-0-0001/dir-0-0001-0001); needEmptyDirectory=false
2025-01-02 17:46:59,786 [JUnit-testComplexDirActions] DEBUG s3a.S3AFileSystem (S3AFileSystem.java:s3GetFileStatus(4064)) - S3GetFileStatus s3a://obs-bucket/test/testComplexDirActions/dir-0-0001/dir-0-0001-0001
2025-01-02 17:46:59,786 [JUnit-testComplexDirActions] DEBUG s3a.S3AFileSystem (S3AFileSystem.java:lambda$getObjectMetadata$10(3044)) - HEAD test/testComplexDirActions/dir-0-0001/dir-0-0001-0001 with change tracker null
2025-01-02 17:46:59,787 [JUnit-testComplexDirActions] DEBUG impl.LoggingAuditor (LoggingAuditor.java:modifyHttpRequest(410)) - [153] 67226e31-30c8-4b12-bd8d-7af12d75e150-00000145 Executing op_get_file_status with {action_http_head_request 'test/testComplexDirActions/dir-0-0001/dir-0-0001-0001' size=0, mutating=false}; https://audit.example.org/hadoop/1/op_get_file_status/67226e31-30c8-4b12-bd8d-7af12d75e150-00000145/?op=op_get_file_status&p1=test/testComplexDirActions/dir-0-0001/dir-0-0001-0001&pr=runner&ps=a84b8fc4-c757-4eb1-9a3e-4c3b8d9615e9&id=67226e31-30c8-4b12-bd8d-7af12d75e150-00000145&t0=153&fs=67226e31-30c8-4b12-bd8d-7af12d75e150&t1=153&ts=1735840019786
2025-01-02 17:46:59,792 [JUnit-testComplexDirActions] DEBUG s3a.Invoker (Invoker.java:retryUntranslated(474)) - GET test/testComplexDirActions/dir-0-0001/dir-0-0001-0001 ; software.amazon.awssdk.services.s3.model.NoSuchKeyException: null (Service: S3, Status Code: 404, Request ID: 0671ce2a-1670-45bd-9d15-33d8ac6e5231, Extended Request ID: l93ffEoPl6Nv) (Service: S3, Status Code: 404, Request ID: 0671ce2a-1670-45bd-9d15-33d8ac6e5231), 
2025-01-02 17:46:59,793 [JUnit-testComplexDirActions] DEBUG s3a.S3ARetryPolicy (S3ARetryPolicy.java:shouldRetry(318)) - Retry probe for FileNotFoundException with 0 retries and 0 failovers, idempotent=true, due to java.io.FileNotFoundException: GET test/testComplexDirActions/dir-0-0001/dir-0-0001-0001 on /: software.amazon.awssdk.services.s3.model.NoSuchKeyException: null (Service: S3, Status Code: 404, Request ID: 0671ce2a-1670-45bd-9d15-33d8ac6e5231, Extended Request ID: l93ffEoPl6Nv) (Service: S3, Status Code: 404, Request ID: 0671ce2a-1670-45bd-9d15-33d8ac6e5231):NoSuchKey
java.io.FileNotFoundException: GET test/testComplexDirActions/dir-0-0001/dir-0-0001-0001 on /: software.amazon.awssdk.services.s3.model.NoSuchKeyException: null (Service: S3, Status Code: 404, Request ID: 0671ce2a-1670-45bd-9d15-33d8ac6e5231, Extended Request ID: l93ffEoPl6Nv) (Service: S3, Status Code: 404, Request ID: 0671ce2a-1670-45bd-9d15-33d8ac6e5231):NoSuchKey
	at org.apache.hadoop.fs.s3a.S3AUtils.translateException(S3AUtils.java:279)
	at org.apache.hadoop.fs.s3a.Invoker.retryUntranslated(Invoker.java:481)
	at org.apache.hadoop.fs.s3a.Invoker.retryUntranslated(Invoker.java:431)
	at org.apache.hadoop.fs.s3a.S3AFileSystem.getObjectMetadata(S3AFileSystem.java:3036)
	at org.apache.hadoop.fs.s3a.S3AFileSystem.getObjectMetadata(S3AFileSystem.java:3016)
	at org.apache.hadoop.fs.s3a.S3AFileSystem.s3GetFileStatus(S3AFileSystem.java:4079)
	at org.apache.hadoop.fs.s3a.S3AFileSystem.innerGetFileStatus(S3AFileSystem.java:4007)
	at org.apache.hadoop.fs.s3a.S3AFileSystem.lambda$getFileStatus$22(S3AFileSystem.java:3984)
	at org.apache.hadoop.fs.statistics.impl.IOStatisticsBinding.invokeTrackingDuration(IOStatisticsBinding.java:547)
	at org.apache.hadoop.fs.statistics.impl.IOStatisticsBinding.lambda$trackDurationOfOperation$5(IOStatisticsBinding.java:528)
	at org.apache.hadoop.fs.statistics.impl.IOStatisticsBinding.trackDuration(IOStatisticsBinding.java:449)
	at org.apache.hadoop.fs.s3a.S3AFileSystem.trackDurationAndSpan(S3AFileSystem.java:2865)
	at org.apache.hadoop.fs.s3a.S3AFileSystem.trackDurationAndSpan(S3AFileSystem.java:2884)
	at org.apache.hadoop.fs.s3a.S3AFileSystem.getFileStatus(S3AFileSystem.java:3982)
	at org.apache.hadoop.fs.contract.ContractTestUtils$TreeScanResults.add(ContractTestUtils.java:1906)
	at org.apache.hadoop.fs.contract.ContractTestUtils.createSubdirs(ContractTestUtils.java:1438)
	at org.apache.hadoop.fs.contract.ContractTestUtils.createSubdirs(ContractTestUtils.java:1436)
	at org.apache.hadoop.fs.contract.ContractTestUtils.createSubdirs(ContractTestUtils.java:1396)
	at org.apache.hadoop.fs.contract.AbstractContractGetFileStatusTest.createTestTree(AbstractContractGetFileStatusTest.java:494)
	at org.apache.hadoop.fs.contract.AbstractContractGetFileStatusTest.testComplexDirActions(AbstractContractGetFileStatusTest.java:151)
	at java.base/jdk.internal.reflect.NativeMethodAccessorImpl.invoke0(Native Method)
	at java.base/jdk.internal.reflect.NativeMethodAccessorImpl.invoke(NativeMethodAccessorImpl.java:62)
	at java.base/jdk.internal.reflect.DelegatingMethodAccessorImpl.invoke(DelegatingMethodAccessorImpl.java:43)
	at java.base/java.lang.reflect.Method.invoke(Method.java:566)
	at org.junit.runners.model.FrameworkMethod$1.runReflectiveCall(FrameworkMethod.java:59)
	at org.junit.internal.runners.model.ReflectiveCallable.run(ReflectiveCallable.java:12)
	at org.junit.runners.model.FrameworkMethod.invokeExplosively(FrameworkMethod.java:56)
	at org.junit.internal.runners.statements.InvokeMethod.evaluate(InvokeMethod.java:17)
	at org.junit.internal.runners.statements.RunBefores.evaluate(RunBefores.java:26)
	at org.junit.internal.runners.statements.RunAfters.evaluate(RunAfters.java:27)
	at org.junit.rules.TestWatcher$1.evaluate(TestWatcher.java:61)
	at org.junit.internal.runners.statements.FailOnTimeout$CallableStatement.call(FailOnTimeout.java:299)
	at org.junit.internal.runners.statements.FailOnTimeout$CallableStatement.call(FailOnTimeout.java:293)
	at java.base/java.util.concurrent.FutureTask.run(FutureTask.java:264)
	at java.base/java.lang.Thread.run(Thread.java:829)
Caused by: software.amazon.awssdk.services.s3.model.NoSuchKeyException: null (Service: S3, Status Code: 404, Request ID: 0671ce2a-1670-45bd-9d15-33d8ac6e5231, Extended Request ID: l93ffEoPl6Nv) (Service: S3, Status Code: 404, Request ID: 0671ce2a-1670-45bd-9d15-33d8ac6e5231)
	at software.amazon.awssdk.services.s3.model.NoSuchKeyException$BuilderImpl.build(NoSuchKeyException.java:126)
	at software.amazon.awssdk.services.s3.model.NoSuchKeyException$BuilderImpl.build(NoSuchKeyException.java:80)
	at software.amazon.awssdk.services.s3.internal.handlers.ExceptionTranslationInterceptor.modifyException(ExceptionTranslationInterceptor.java:63)
	at software.amazon.awssdk.core.interceptor.ExecutionInterceptorChain.modifyException(ExecutionInterceptorChain.java:181)
	at software.amazon.awssdk.core.internal.http.pipeline.stages.utils.ExceptionReportingUtils.runModifyException(ExceptionReportingUtils.java:54)
	at software.amazon.awssdk.core.internal.http.pipeline.stages.utils.ExceptionReportingUtils.reportFailureToInterceptors(ExceptionReportingUtils.java:38)
	at software.amazon.awssdk.core.internal.http.pipeline.stages.ExecutionFailureExceptionReportingStage.execute(ExecutionFailureExceptionReportingStage.java:39)
	at software.amazon.awssdk.core.internal.http.pipeline.stages.ExecutionFailureExceptionReportingStage.execute(ExecutionFailureExceptionReportingStage.java:26)
	at software.amazon.awssdk.core.internal.http.AmazonSyncHttpClient$RequestExecutionBuilderImpl.execute(AmazonSyncHttpClient.java:224)
	at software.amazon.awssdk.core.internal.handler.BaseSyncClientHandler.invoke(BaseSyncClientHandler.java:103)
	at software.amazon.awssdk.core.internal.handler.BaseSyncClientHandler.doExecute(BaseSyncClientHandler.java:173)
	at software.amazon.awssdk.core.internal.handler.BaseSyncClientHandler.lambda$execute$1(BaseSyncClientHandler.java:80)
	at software.amazon.awssdk.core.internal.handler.BaseSyncClientHandler.measureApiCallSuccess(BaseSyncClientHandler.java:182)
	at software.amazon.awssdk.core.internal.handler.BaseSyncClientHandler.execute(BaseSyncClientHandler.java:74)
	at software.amazon.awssdk.core.client.handler.SdkSyncClientHandler.execute(SdkSyncClientHandler.java:45)
	at software.amazon.awssdk.awscore.client.handler.AwsSyncClientHandler.execute(AwsSyncClientHandler.java:53)
	at software.amazon.awssdk.services.s3.DefaultS3Client.headObject(DefaultS3Client.java:6319)
	at software.amazon.awssdk.services.s3.DelegatingS3Client.lambda$headObject$53(DelegatingS3Client.java:5053)
	at software.amazon.awssdk.services.s3.internal.crossregion.S3CrossRegionSyncClient.invokeOperation(S3CrossRegionSyncClient.java:67)
	at software.amazon.awssdk.services.s3.DelegatingS3Client.headObject(DelegatingS3Client.java:5053)
	at org.apache.hadoop.fs.s3a.S3AFileSystem.lambda$getObjectMetadata$10(S3AFileSystem.java:3049)
	at org.apache.hadoop.fs.s3a.Invoker.retryUntranslated(Invoker.java:468)
	... 33 more
2025-01-02 17:46:59,793 [JUnit-testComplexDirActions] DEBUG s3a.S3ARetryPolicy (S3ARetryPolicy.java:shouldRetry(323)) - Retry action is RetryAction(action=FAIL, delayMillis=0, reason=try once and fail.)
2025-01-02 17:46:59,793 [JUnit-testComplexDirActions] DEBUG s3a.S3AFileSystem (S3AFileSystem.java:listObjects(3107)) - LIST List obs-bucket:/test/testComplexDirActions/dir-0-0001/dir-0-0001-0001/ delimiter=/ keys=2 requester pays=null
2025-01-02 17:46:59,793 [JUnit-testComplexDirActions] DEBUG s3a.S3AFileSystem (DurationInfo.java:<init>(80)) - Starting: LIST
2025-01-02 17:46:59,794 [JUnit-testComplexDirActions] DEBUG impl.LoggingAuditor (LoggingAuditor.java:modifyHttpRequest(410)) - [153] 67226e31-30c8-4b12-bd8d-7af12d75e150-00000145 Executing op_get_file_status with {object_list_request 'test/testComplexDirActions/dir-0-0001/dir-0-0001-0001/' size=2, mutating=false}; https://audit.example.org/hadoop/1/op_get_file_status/67226e31-30c8-4b12-bd8d-7af12d75e150-00000145/?op=op_get_file_status&p1=test/testComplexDirActions/dir-0-0001/dir-0-0001-0001&pr=runner&ps=a84b8fc4-c757-4eb1-9a3e-4c3b8d9615e9&id=67226e31-30c8-4b12-bd8d-7af12d75e150-00000145&t0=153&fs=67226e31-30c8-4b12-bd8d-7af12d75e150&t1=153&ts=1735840019786
2025-01-02 17:46:59,805 [JUnit-testComplexDirActions] DEBUG s3a.S3AFileSystem (DurationInfo.java:close(101)) - LIST: duration 0:00.012s
2025-01-02 17:46:59,805 [JUnit-testComplexDirActions] DEBUG s3a.S3AFileSystem (S3AFileSystem.java:s3GetFileStatus(4128)) - Found path as directory (with /)
2025-01-02 17:46:59,805 [JUnit-testComplexDirActions] DEBUG s3a.S3AFileSystem (S3ListResult.java:logAtDebug(146)) - Prefix count = 0; object count=1
2025-01-02 17:46:59,805 [JUnit-testComplexDirActions] DEBUG s3a.S3AFileSystem (S3ListResult.java:logAtDebug(149)) - Summary: test/testComplexDirActions/dir-0-0001/dir-0-0001-0001/ 0
2025-01-02 17:46:59,805 [JUnit-testComplexDirActions] DEBUG impl.MkdirOperation (MkdirOperation.java:execute(120)) - Making directory: s3a://obs-bucket/test/testComplexDirActions/dir-0-0001/dir-0-0001-0002
2025-01-02 17:46:59,806 [JUnit-testComplexDirActions] DEBUG s3a.S3AFileSystem (S3AFileSystem.java:innerGetFileStatus(4005)) - Getting path status for s3a://obs-bucket/test/testComplexDirActions/dir-0-0001/dir-0-0001-0002  (test/testComplexDirActions/dir-0-0001/dir-0-0001-0002); needEmptyDirectory=false
2025-01-02 17:46:59,806 [JUnit-testComplexDirActions] DEBUG s3a.S3AFileSystem (S3AFileSystem.java:s3GetFileStatus(4064)) - S3GetFileStatus s3a://obs-bucket/test/testComplexDirActions/dir-0-0001/dir-0-0001-0002
2025-01-02 17:46:59,806 [JUnit-testComplexDirActions] DEBUG s3a.S3AFileSystem (S3AFileSystem.java:listObjects(3107)) - LIST List obs-bucket:/test/testComplexDirActions/dir-0-0001/dir-0-0001-0002/ delimiter=/ keys=2 requester pays=null
2025-01-02 17:46:59,806 [JUnit-testComplexDirActions] DEBUG s3a.S3AFileSystem (DurationInfo.java:<init>(80)) - Starting: LIST
2025-01-02 17:46:59,806 [JUnit-testComplexDirActions] DEBUG impl.LoggingAuditor (LoggingAuditor.java:modifyHttpRequest(410)) - [153] 67226e31-30c8-4b12-bd8d-7af12d75e150-00000146 Executing op_mkdirs with {object_list_request 'test/testComplexDirActions/dir-0-0001/dir-0-0001-0002/' size=2, mutating=false}; https://audit.example.org/hadoop/1/op_mkdirs/67226e31-30c8-4b12-bd8d-7af12d75e150-00000146/?op=op_mkdirs&p1=test/testComplexDirActions/dir-0-0001/dir-0-0001-0002&pr=runner&ps=a84b8fc4-c757-4eb1-9a3e-4c3b8d9615e9&id=67226e31-30c8-4b12-bd8d-7af12d75e150-00000146&t0=153&fs=67226e31-30c8-4b12-bd8d-7af12d75e150&t1=153&ts=1735840019805
2025-01-02 17:46:59,812 [JUnit-testComplexDirActions] DEBUG s3a.S3AFileSystem (DurationInfo.java:close(101)) - LIST: duration 0:00.006s
2025-01-02 17:46:59,812 [JUnit-testComplexDirActions] DEBUG s3a.S3AFileSystem (S3AFileSystem.java:s3GetFileStatus(4155)) - Not Found: s3a://obs-bucket/test/testComplexDirActions/dir-0-0001/dir-0-0001-0002
2025-01-02 17:46:59,812 [JUnit-testComplexDirActions] DEBUG s3a.S3AFileSystem (S3AFileSystem.java:innerGetFileStatus(4005)) - Getting path status for s3a://obs-bucket/test/testComplexDirActions/dir-0-0001/dir-0-0001-0002  (test/testComplexDirActions/dir-0-0001/dir-0-0001-0002); needEmptyDirectory=false
2025-01-02 17:46:59,812 [JUnit-testComplexDirActions] DEBUG s3a.S3AFileSystem (S3AFileSystem.java:s3GetFileStatus(4064)) - S3GetFileStatus s3a://obs-bucket/test/testComplexDirActions/dir-0-0001/dir-0-0001-0002
2025-01-02 17:46:59,812 [JUnit-testComplexDirActions] DEBUG s3a.S3AFileSystem (S3AFileSystem.java:lambda$getObjectMetadata$10(3044)) - HEAD test/testComplexDirActions/dir-0-0001/dir-0-0001-0002 with change tracker null
2025-01-02 17:46:59,813 [JUnit-testComplexDirActions] DEBUG impl.LoggingAuditor (LoggingAuditor.java:modifyHttpRequest(410)) - [153] 67226e31-30c8-4b12-bd8d-7af12d75e150-00000146 Executing op_mkdirs with {action_http_head_request 'test/testComplexDirActions/dir-0-0001/dir-0-0001-0002' size=0, mutating=false}; https://audit.example.org/hadoop/1/op_mkdirs/67226e31-30c8-4b12-bd8d-7af12d75e150-00000146/?op=op_mkdirs&p1=test/testComplexDirActions/dir-0-0001/dir-0-0001-0002&pr=runner&ps=a84b8fc4-c757-4eb1-9a3e-4c3b8d9615e9&id=67226e31-30c8-4b12-bd8d-7af12d75e150-00000146&t0=153&fs=67226e31-30c8-4b12-bd8d-7af12d75e150&t1=153&ts=1735840019805
2025-01-02 17:46:59,817 [JUnit-testComplexDirActions] DEBUG s3a.Invoker (Invoker.java:retryUntranslated(474)) - GET test/testComplexDirActions/dir-0-0001/dir-0-0001-0002 ; software.amazon.awssdk.services.s3.model.NoSuchKeyException: null (Service: S3, Status Code: 404, Request ID: b1e72ec8-89a0-4c6f-bae5-09959a97d22a, Extended Request ID: tz9IR5vH3GNQM) (Service: S3, Status Code: 404, Request ID: b1e72ec8-89a0-4c6f-bae5-09959a97d22a), 
2025-01-02 17:46:59,817 [JUnit-testComplexDirActions] DEBUG s3a.S3ARetryPolicy (S3ARetryPolicy.java:shouldRetry(318)) - Retry probe for FileNotFoundException with 0 retries and 0 failovers, idempotent=true, due to java.io.FileNotFoundException: GET test/testComplexDirActions/dir-0-0001/dir-0-0001-0002 on /: software.amazon.awssdk.services.s3.model.NoSuchKeyException: null (Service: S3, Status Code: 404, Request ID: b1e72ec8-89a0-4c6f-bae5-09959a97d22a, Extended Request ID: tz9IR5vH3GNQM) (Service: S3, Status Code: 404, Request ID: b1e72ec8-89a0-4c6f-bae5-09959a97d22a):NoSuchKey
java.io.FileNotFoundException: GET test/testComplexDirActions/dir-0-0001/dir-0-0001-0002 on /: software.amazon.awssdk.services.s3.model.NoSuchKeyException: null (Service: S3, Status Code: 404, Request ID: b1e72ec8-89a0-4c6f-bae5-09959a97d22a, Extended Request ID: tz9IR5vH3GNQM) (Service: S3, Status Code: 404, Request ID: b1e72ec8-89a0-4c6f-bae5-09959a97d22a):NoSuchKey
	at org.apache.hadoop.fs.s3a.S3AUtils.translateException(S3AUtils.java:279)
	at org.apache.hadoop.fs.s3a.Invoker.retryUntranslated(Invoker.java:481)
	at org.apache.hadoop.fs.s3a.Invoker.retryUntranslated(Invoker.java:431)
	at org.apache.hadoop.fs.s3a.S3AFileSystem.getObjectMetadata(S3AFileSystem.java:3036)
	at org.apache.hadoop.fs.s3a.S3AFileSystem.getObjectMetadata(S3AFileSystem.java:3016)
	at org.apache.hadoop.fs.s3a.S3AFileSystem.s3GetFileStatus(S3AFileSystem.java:4079)
	at org.apache.hadoop.fs.s3a.S3AFileSystem.innerGetFileStatus(S3AFileSystem.java:4007)
	at org.apache.hadoop.fs.s3a.S3AFileSystem$MkdirOperationCallbacksImpl.probePathStatus(S3AFileSystem.java:3864)
	at org.apache.hadoop.fs.s3a.impl.MkdirOperation.probePathStatusOrNull(MkdirOperation.java:218)
	at org.apache.hadoop.fs.s3a.impl.MkdirOperation.getPathStatusExpectingDir(MkdirOperation.java:242)
	at org.apache.hadoop.fs.s3a.impl.MkdirOperation.execute(MkdirOperation.java:134)
	at org.apache.hadoop.fs.s3a.impl.MkdirOperation.execute(MkdirOperation.java:59)
	at org.apache.hadoop.fs.s3a.impl.ExecutingStoreOperation.apply(ExecutingStoreOperation.java:76)
	at org.apache.hadoop.fs.statistics.impl.IOStatisticsBinding.invokeTrackingDuration(IOStatisticsBinding.java:547)
	at org.apache.hadoop.fs.statistics.impl.IOStatisticsBinding.lambda$trackDurationOfOperation$5(IOStatisticsBinding.java:528)
	at org.apache.hadoop.fs.statistics.impl.IOStatisticsBinding.trackDuration(IOStatisticsBinding.java:449)
	at org.apache.hadoop.fs.s3a.S3AFileSystem.trackDurationAndSpan(S3AFileSystem.java:2865)
	at org.apache.hadoop.fs.s3a.S3AFileSystem.trackDurationAndSpan(S3AFileSystem.java:2884)
	at org.apache.hadoop.fs.s3a.S3AFileSystem.mkdirs(S3AFileSystem.java:3835)
	at org.apache.hadoop.fs.FileSystem.mkdirs(FileSystem.java:2496)
	at org.apache.hadoop.fs.contract.ContractTestUtils.createSubdirs(ContractTestUtils.java:1423)
	at org.apache.hadoop.fs.contract.ContractTestUtils.createSubdirs(ContractTestUtils.java:1436)
	at org.apache.hadoop.fs.contract.ContractTestUtils.createSubdirs(ContractTestUtils.java:1436)
	at org.apache.hadoop.fs.contract.ContractTestUtils.createSubdirs(ContractTestUtils.java:1396)
	at org.apache.hadoop.fs.contract.AbstractContractGetFileStatusTest.createTestTree(AbstractContractGetFileStatusTest.java:494)
	at org.apache.hadoop.fs.contract.AbstractContractGetFileStatusTest.testComplexDirActions(AbstractContractGetFileStatusTest.java:151)
	at java.base/jdk.internal.reflect.NativeMethodAccessorImpl.invoke0(Native Method)
	at java.base/jdk.internal.reflect.NativeMethodAccessorImpl.invoke(NativeMethodAccessorImpl.java:62)
	at java.base/jdk.internal.reflect.DelegatingMethodAccessorImpl.invoke(DelegatingMethodAccessorImpl.java:43)
	at java.base/java.lang.reflect.Method.invoke(Method.java:566)
	at org.junit.runners.model.FrameworkMethod$1.runReflectiveCall(FrameworkMethod.java:59)
	at org.junit.internal.runners.model.ReflectiveCallable.run(ReflectiveCallable.java:12)
	at org.junit.runners.model.FrameworkMethod.invokeExplosively(FrameworkMethod.java:56)
	at org.junit.internal.runners.statements.InvokeMethod.evaluate(InvokeMethod.java:17)
	at org.junit.internal.runners.statements.RunBefores.evaluate(RunBefores.java:26)
	at org.junit.internal.runners.statements.RunAfters.evaluate(RunAfters.java:27)
	at org.junit.rules.TestWatcher$1.evaluate(TestWatcher.java:61)
	at org.junit.internal.runners.statements.FailOnTimeout$CallableStatement.call(FailOnTimeout.java:299)
	at org.junit.internal.runners.statements.FailOnTimeout$CallableStatement.call(FailOnTimeout.java:293)
	at java.base/java.util.concurrent.FutureTask.run(FutureTask.java:264)
	at java.base/java.lang.Thread.run(Thread.java:829)
Caused by: software.amazon.awssdk.services.s3.model.NoSuchKeyException: null (Service: S3, Status Code: 404, Request ID: b1e72ec8-89a0-4c6f-bae5-09959a97d22a, Extended Request ID: tz9IR5vH3GNQM) (Service: S3, Status Code: 404, Request ID: b1e72ec8-89a0-4c6f-bae5-09959a97d22a)
	at software.amazon.awssdk.services.s3.model.NoSuchKeyException$BuilderImpl.build(NoSuchKeyException.java:126)
	at software.amazon.awssdk.services.s3.model.NoSuchKeyException$BuilderImpl.build(NoSuchKeyException.java:80)
	at software.amazon.awssdk.services.s3.internal.handlers.ExceptionTranslationInterceptor.modifyException(ExceptionTranslationInterceptor.java:63)
	at software.amazon.awssdk.core.interceptor.ExecutionInterceptorChain.modifyException(ExecutionInterceptorChain.java:181)
	at software.amazon.awssdk.core.internal.http.pipeline.stages.utils.ExceptionReportingUtils.runModifyException(ExceptionReportingUtils.java:54)
	at software.amazon.awssdk.core.internal.http.pipeline.stages.utils.ExceptionReportingUtils.reportFailureToInterceptors(ExceptionReportingUtils.java:38)
	at software.amazon.awssdk.core.internal.http.pipeline.stages.ExecutionFailureExceptionReportingStage.execute(ExecutionFailureExceptionReportingStage.java:39)
	at software.amazon.awssdk.core.internal.http.pipeline.stages.ExecutionFailureExceptionReportingStage.execute(ExecutionFailureExceptionReportingStage.java:26)
	at software.amazon.awssdk.core.internal.http.AmazonSyncHttpClient$RequestExecutionBuilderImpl.execute(AmazonSyncHttpClient.java:224)
	at software.amazon.awssdk.core.internal.handler.BaseSyncClientHandler.invoke(BaseSyncClientHandler.java:103)
	at software.amazon.awssdk.core.internal.handler.BaseSyncClientHandler.doExecute(BaseSyncClientHandler.java:173)
	at software.amazon.awssdk.core.internal.handler.BaseSyncClientHandler.lambda$execute$1(BaseSyncClientHandler.java:80)
	at software.amazon.awssdk.core.internal.handler.BaseSyncClientHandler.measureApiCallSuccess(BaseSyncClientHandler.java:182)
	at software.amazon.awssdk.core.internal.handler.BaseSyncClientHandler.execute(BaseSyncClientHandler.java:74)
	at software.amazon.awssdk.core.client.handler.SdkSyncClientHandler.execute(SdkSyncClientHandler.java:45)
	at software.amazon.awssdk.awscore.client.handler.AwsSyncClientHandler.execute(AwsSyncClientHandler.java:53)
	at software.amazon.awssdk.services.s3.DefaultS3Client.headObject(DefaultS3Client.java:6319)
	at software.amazon.awssdk.services.s3.DelegatingS3Client.lambda$headObject$53(DelegatingS3Client.java:5053)
	at software.amazon.awssdk.services.s3.internal.crossregion.S3CrossRegionSyncClient.invokeOperation(S3CrossRegionSyncClient.java:67)
	at software.amazon.awssdk.services.s3.DelegatingS3Client.headObject(DelegatingS3Client.java:5053)
	at org.apache.hadoop.fs.s3a.S3AFileSystem.lambda$getObjectMetadata$10(S3AFileSystem.java:3049)
	at org.apache.hadoop.fs.s3a.Invoker.retryUntranslated(Invoker.java:468)
	... 39 more
2025-01-02 17:46:59,818 [JUnit-testComplexDirActions] DEBUG s3a.S3ARetryPolicy (S3ARetryPolicy.java:shouldRetry(323)) - Retry action is RetryAction(action=FAIL, delayMillis=0, reason=try once and fail.)
2025-01-02 17:46:59,818 [JUnit-testComplexDirActions] DEBUG s3a.S3AFileSystem (S3AFileSystem.java:s3GetFileStatus(4155)) - Not Found: s3a://obs-bucket/test/testComplexDirActions/dir-0-0001/dir-0-0001-0002
2025-01-02 17:46:59,818 [JUnit-testComplexDirActions] DEBUG s3a.S3AFileSystem (S3AFileSystem.java:innerGetFileStatus(4005)) - Getting path status for s3a://obs-bucket/test/testComplexDirActions/dir-0-0001  (test/testComplexDirActions/dir-0-0001); needEmptyDirectory=false
2025-01-02 17:46:59,818 [JUnit-testComplexDirActions] DEBUG s3a.S3AFileSystem (S3AFileSystem.java:s3GetFileStatus(4064)) - S3GetFileStatus s3a://obs-bucket/test/testComplexDirActions/dir-0-0001
2025-01-02 17:46:59,818 [JUnit-testComplexDirActions] DEBUG s3a.S3AFileSystem (S3AFileSystem.java:listObjects(3107)) - LIST List obs-bucket:/test/testComplexDirActions/dir-0-0001/ delimiter=/ keys=2 requester pays=null
2025-01-02 17:46:59,818 [JUnit-testComplexDirActions] DEBUG s3a.S3AFileSystem (DurationInfo.java:<init>(80)) - Starting: LIST
2025-01-02 17:46:59,819 [JUnit-testComplexDirActions] DEBUG impl.LoggingAuditor (LoggingAuditor.java:modifyHttpRequest(410)) - [153] 67226e31-30c8-4b12-bd8d-7af12d75e150-00000146 Executing op_mkdirs with {object_list_request 'test/testComplexDirActions/dir-0-0001/' size=2, mutating=false}; https://audit.example.org/hadoop/1/op_mkdirs/67226e31-30c8-4b12-bd8d-7af12d75e150-00000146/?op=op_mkdirs&p1=test/testComplexDirActions/dir-0-0001/dir-0-0001-0002&pr=runner&ps=a84b8fc4-c757-4eb1-9a3e-4c3b8d9615e9&id=67226e31-30c8-4b12-bd8d-7af12d75e150-00000146&t0=153&fs=67226e31-30c8-4b12-bd8d-7af12d75e150&t1=153&ts=1735840019805
2025-01-02 17:46:59,825 [JUnit-testComplexDirActions] DEBUG s3a.S3AFileSystem (DurationInfo.java:close(101)) - LIST: duration 0:00.007s
2025-01-02 17:46:59,825 [JUnit-testComplexDirActions] DEBUG s3a.S3AFileSystem (S3AFileSystem.java:s3GetFileStatus(4128)) - Found path as directory (with /)
2025-01-02 17:46:59,825 [JUnit-testComplexDirActions] DEBUG s3a.S3AFileSystem (S3ListResult.java:logAtDebug(146)) - Prefix count = 1; object count=1
2025-01-02 17:46:59,825 [JUnit-testComplexDirActions] DEBUG s3a.S3AFileSystem (S3ListResult.java:logAtDebug(149)) - Summary: test/testComplexDirActions/dir-0-0001/ 0
2025-01-02 17:46:59,825 [JUnit-testComplexDirActions] DEBUG s3a.S3AFileSystem (S3ListResult.java:logAtDebug(152)) - Prefix: test/testComplexDirActions/dir-0-0001/dir-0-0001-0000/
2025-01-02 17:46:59,826 [JUnit-testComplexDirActions] DEBUG s3a.Invoker (DurationInfo.java:<init>(80)) - Starting: PUT 0-byte object 
2025-01-02 17:46:59,826 [JUnit-testComplexDirActions] DEBUG s3a.S3AFileSystem (S3AFileSystem.java:putObjectDirect(3340)) - PUT 0 bytes to test/testComplexDirActions/dir-0-0001/dir-0-0001-0002/
2025-01-02 17:46:59,826 [JUnit-testComplexDirActions] DEBUG impl.S3AStoreImpl (S3AStoreImpl.java:incrementPutStartStatistics(397)) - PUT start 0 bytes
2025-01-02 17:46:59,827 [JUnit-testComplexDirActions] DEBUG impl.LoggingAuditor (LoggingAuditor.java:modifyHttpRequest(410)) - [153] 67226e31-30c8-4b12-bd8d-7af12d75e150-00000146 Executing op_mkdirs with {object_put_request 'test/testComplexDirActions/dir-0-0001/dir-0-0001-0002/' size=0, mutating=true}; https://audit.example.org/hadoop/1/op_mkdirs/67226e31-30c8-4b12-bd8d-7af12d75e150-00000146/?op=op_mkdirs&p1=test/testComplexDirActions/dir-0-0001/dir-0-0001-0002&pr=runner&ps=a84b8fc4-c757-4eb1-9a3e-4c3b8d9615e9&id=67226e31-30c8-4b12-bd8d-7af12d75e150-00000146&t0=153&fs=67226e31-30c8-4b12-bd8d-7af12d75e150&t1=153&ts=1735840019805
2025-01-02 17:46:59,827 [JUnit-testComplexDirActions] INFO  impl.UploadContentProviders (UploadContentProviders.java:newStream(289)) - Stream recreated: ByteArrayContentProvider{buffer with length=0, offset=0} BaseContentProvider{size=0, initiated at 2025-01-02T17:46:59.826004, streamCreationCount=2, currentStream=null}
2025-01-02 17:46:59,849 [JUnit-testComplexDirActions] DEBUG impl.S3AStoreImpl (S3AStoreImpl.java:incrementPutCompletedStatistics(414)) - PUT completed success=true; 0 bytes
2025-01-02 17:46:59,850 [JUnit-testComplexDirActions] DEBUG s3a.S3AFileSystem (S3AFileSystem.java:finishedWrite(4727)) - Finished write to test/testComplexDirActions/dir-0-0001/dir-0-0001-0002/, len 0.
2025-01-02 17:46:59,850 [JUnit-testComplexDirActions] DEBUG s3a.Invoker (DurationInfo.java:close(101)) - PUT 0-byte object : duration 0:00.024s
2025-01-02 17:46:59,850 [JUnit-testComplexDirActions] DEBUG S3AFileSystem.Progress (S3AStoreImpl.java:incrementPutProgressStatistics(432)) - PUT test/testComplexDirActions/dir-0-0001/dir-0-0001-0002: 0 bytes
2025-01-02 17:46:59,852 [JUnit-testComplexDirActions] DEBUG s3a.S3AFileSystem (S3AFileSystem.java:innerGetFileStatus(4005)) - Getting path status for s3a://obs-bucket/test/testComplexDirActions/dir-0-0001/dir-0-0001-0002  (test/testComplexDirActions/dir-0-0001/dir-0-0001-0002); needEmptyDirectory=false
2025-01-02 17:46:59,852 [JUnit-testComplexDirActions] DEBUG s3a.S3AFileSystem (S3AFileSystem.java:s3GetFileStatus(4064)) - S3GetFileStatus s3a://obs-bucket/test/testComplexDirActions/dir-0-0001/dir-0-0001-0002
2025-01-02 17:46:59,852 [JUnit-testComplexDirActions] DEBUG s3a.S3AFileSystem (S3AFileSystem.java:lambda$getObjectMetadata$10(3044)) - HEAD test/testComplexDirActions/dir-0-0001/dir-0-0001-0002 with change tracker null
2025-01-02 17:46:59,853 [JUnit-testComplexDirActions] DEBUG impl.LoggingAuditor (LoggingAuditor.java:modifyHttpRequest(410)) - [153] 67226e31-30c8-4b12-bd8d-7af12d75e150-00000147 Executing op_get_file_status with {action_http_head_request 'test/testComplexDirActions/dir-0-0001/dir-0-0001-0002' size=0, mutating=false}; https://audit.example.org/hadoop/1/op_get_file_status/67226e31-30c8-4b12-bd8d-7af12d75e150-00000147/?op=op_get_file_status&p1=test/testComplexDirActions/dir-0-0001/dir-0-0001-0002&pr=runner&ps=a84b8fc4-c757-4eb1-9a3e-4c3b8d9615e9&id=67226e31-30c8-4b12-bd8d-7af12d75e150-00000147&t0=153&fs=67226e31-30c8-4b12-bd8d-7af12d75e150&t1=153&ts=1735840019852
2025-01-02 17:46:59,857 [JUnit-testComplexDirActions] DEBUG s3a.Invoker (Invoker.java:retryUntranslated(474)) - GET test/testComplexDirActions/dir-0-0001/dir-0-0001-0002 ; software.amazon.awssdk.services.s3.model.NoSuchKeyException: null (Service: S3, Status Code: 404, Request ID: 847e7aec-737f-4594-877b-0e2486b49114, Extended Request ID: gYEE7FKxCipt) (Service: S3, Status Code: 404, Request ID: 847e7aec-737f-4594-877b-0e2486b49114), 
2025-01-02 17:46:59,857 [JUnit-testComplexDirActions] DEBUG s3a.S3ARetryPolicy (S3ARetryPolicy.java:shouldRetry(318)) - Retry probe for FileNotFoundException with 0 retries and 0 failovers, idempotent=true, due to java.io.FileNotFoundException: GET test/testComplexDirActions/dir-0-0001/dir-0-0001-0002 on /: software.amazon.awssdk.services.s3.model.NoSuchKeyException: null (Service: S3, Status Code: 404, Request ID: 847e7aec-737f-4594-877b-0e2486b49114, Extended Request ID: gYEE7FKxCipt) (Service: S3, Status Code: 404, Request ID: 847e7aec-737f-4594-877b-0e2486b49114):NoSuchKey
java.io.FileNotFoundException: GET test/testComplexDirActions/dir-0-0001/dir-0-0001-0002 on /: software.amazon.awssdk.services.s3.model.NoSuchKeyException: null (Service: S3, Status Code: 404, Request ID: 847e7aec-737f-4594-877b-0e2486b49114, Extended Request ID: gYEE7FKxCipt) (Service: S3, Status Code: 404, Request ID: 847e7aec-737f-4594-877b-0e2486b49114):NoSuchKey
	at org.apache.hadoop.fs.s3a.S3AUtils.translateException(S3AUtils.java:279)
	at org.apache.hadoop.fs.s3a.Invoker.retryUntranslated(Invoker.java:481)
	at org.apache.hadoop.fs.s3a.Invoker.retryUntranslated(Invoker.java:431)
	at org.apache.hadoop.fs.s3a.S3AFileSystem.getObjectMetadata(S3AFileSystem.java:3036)
	at org.apache.hadoop.fs.s3a.S3AFileSystem.getObjectMetadata(S3AFileSystem.java:3016)
	at org.apache.hadoop.fs.s3a.S3AFileSystem.s3GetFileStatus(S3AFileSystem.java:4079)
	at org.apache.hadoop.fs.s3a.S3AFileSystem.innerGetFileStatus(S3AFileSystem.java:4007)
	at org.apache.hadoop.fs.s3a.S3AFileSystem.lambda$getFileStatus$22(S3AFileSystem.java:3984)
	at org.apache.hadoop.fs.statistics.impl.IOStatisticsBinding.invokeTrackingDuration(IOStatisticsBinding.java:547)
	at org.apache.hadoop.fs.statistics.impl.IOStatisticsBinding.lambda$trackDurationOfOperation$5(IOStatisticsBinding.java:528)
	at org.apache.hadoop.fs.statistics.impl.IOStatisticsBinding.trackDuration(IOStatisticsBinding.java:449)
	at org.apache.hadoop.fs.s3a.S3AFileSystem.trackDurationAndSpan(S3AFileSystem.java:2865)
	at org.apache.hadoop.fs.s3a.S3AFileSystem.trackDurationAndSpan(S3AFileSystem.java:2884)
	at org.apache.hadoop.fs.s3a.S3AFileSystem.getFileStatus(S3AFileSystem.java:3982)
	at org.apache.hadoop.fs.contract.ContractTestUtils$TreeScanResults.add(ContractTestUtils.java:1906)
	at org.apache.hadoop.fs.contract.ContractTestUtils.createSubdirs(ContractTestUtils.java:1438)
	at org.apache.hadoop.fs.contract.ContractTestUtils.createSubdirs(ContractTestUtils.java:1436)
	at org.apache.hadoop.fs.contract.ContractTestUtils.createSubdirs(ContractTestUtils.java:1396)
	at org.apache.hadoop.fs.contract.AbstractContractGetFileStatusTest.createTestTree(AbstractContractGetFileStatusTest.java:494)
	at org.apache.hadoop.fs.contract.AbstractContractGetFileStatusTest.testComplexDirActions(AbstractContractGetFileStatusTest.java:151)
	at java.base/jdk.internal.reflect.NativeMethodAccessorImpl.invoke0(Native Method)
	at java.base/jdk.internal.reflect.NativeMethodAccessorImpl.invoke(NativeMethodAccessorImpl.java:62)
	at java.base/jdk.internal.reflect.DelegatingMethodAccessorImpl.invoke(DelegatingMethodAccessorImpl.java:43)
	at java.base/java.lang.reflect.Method.invoke(Method.java:566)
	at org.junit.runners.model.FrameworkMethod$1.runReflectiveCall(FrameworkMethod.java:59)
	at org.junit.internal.runners.model.ReflectiveCallable.run(ReflectiveCallable.java:12)
	at org.junit.runners.model.FrameworkMethod.invokeExplosively(FrameworkMethod.java:56)
	at org.junit.internal.runners.statements.InvokeMethod.evaluate(InvokeMethod.java:17)
	at org.junit.internal.runners.statements.RunBefores.evaluate(RunBefores.java:26)
	at org.junit.internal.runners.statements.RunAfters.evaluate(RunAfters.java:27)
	at org.junit.rules.TestWatcher$1.evaluate(TestWatcher.java:61)
	at org.junit.internal.runners.statements.FailOnTimeout$CallableStatement.call(FailOnTimeout.java:299)
	at org.junit.internal.runners.statements.FailOnTimeout$CallableStatement.call(FailOnTimeout.java:293)
	at java.base/java.util.concurrent.FutureTask.run(FutureTask.java:264)
	at java.base/java.lang.Thread.run(Thread.java:829)
Caused by: software.amazon.awssdk.services.s3.model.NoSuchKeyException: null (Service: S3, Status Code: 404, Request ID: 847e7aec-737f-4594-877b-0e2486b49114, Extended Request ID: gYEE7FKxCipt) (Service: S3, Status Code: 404, Request ID: 847e7aec-737f-4594-877b-0e2486b49114)
	at software.amazon.awssdk.services.s3.model.NoSuchKeyException$BuilderImpl.build(NoSuchKeyException.java:126)
	at software.amazon.awssdk.services.s3.model.NoSuchKeyException$BuilderImpl.build(NoSuchKeyException.java:80)
	at software.amazon.awssdk.services.s3.internal.handlers.ExceptionTranslationInterceptor.modifyException(ExceptionTranslationInterceptor.java:63)
	at software.amazon.awssdk.core.interceptor.ExecutionInterceptorChain.modifyException(ExecutionInterceptorChain.java:181)
	at software.amazon.awssdk.core.internal.http.pipeline.stages.utils.ExceptionReportingUtils.runModifyException(ExceptionReportingUtils.java:54)
	at software.amazon.awssdk.core.internal.http.pipeline.stages.utils.ExceptionReportingUtils.reportFailureToInterceptors(ExceptionReportingUtils.java:38)
	at software.amazon.awssdk.core.internal.http.pipeline.stages.ExecutionFailureExceptionReportingStage.execute(ExecutionFailureExceptionReportingStage.java:39)
	at software.amazon.awssdk.core.internal.http.pipeline.stages.ExecutionFailureExceptionReportingStage.execute(ExecutionFailureExceptionReportingStage.java:26)
	at software.amazon.awssdk.core.internal.http.AmazonSyncHttpClient$RequestExecutionBuilderImpl.execute(AmazonSyncHttpClient.java:224)
	at software.amazon.awssdk.core.internal.handler.BaseSyncClientHandler.invoke(BaseSyncClientHandler.java:103)
	at software.amazon.awssdk.core.internal.handler.BaseSyncClientHandler.doExecute(BaseSyncClientHandler.java:173)
	at software.amazon.awssdk.core.internal.handler.BaseSyncClientHandler.lambda$execute$1(BaseSyncClientHandler.java:80)
	at software.amazon.awssdk.core.internal.handler.BaseSyncClientHandler.measureApiCallSuccess(BaseSyncClientHandler.java:182)
	at software.amazon.awssdk.core.internal.handler.BaseSyncClientHandler.execute(BaseSyncClientHandler.java:74)
	at software.amazon.awssdk.core.client.handler.SdkSyncClientHandler.execute(SdkSyncClientHandler.java:45)
	at software.amazon.awssdk.awscore.client.handler.AwsSyncClientHandler.execute(AwsSyncClientHandler.java:53)
	at software.amazon.awssdk.services.s3.DefaultS3Client.headObject(DefaultS3Client.java:6319)
	at software.amazon.awssdk.services.s3.DelegatingS3Client.lambda$headObject$53(DelegatingS3Client.java:5053)
	at software.amazon.awssdk.services.s3.internal.crossregion.S3CrossRegionSyncClient.invokeOperation(S3CrossRegionSyncClient.java:67)
	at software.amazon.awssdk.services.s3.DelegatingS3Client.headObject(DelegatingS3Client.java:5053)
	at org.apache.hadoop.fs.s3a.S3AFileSystem.lambda$getObjectMetadata$10(S3AFileSystem.java:3049)
	at org.apache.hadoop.fs.s3a.Invoker.retryUntranslated(Invoker.java:468)
	... 33 more
2025-01-02 17:46:59,858 [JUnit-testComplexDirActions] DEBUG s3a.S3ARetryPolicy (S3ARetryPolicy.java:shouldRetry(323)) - Retry action is RetryAction(action=FAIL, delayMillis=0, reason=try once and fail.)
2025-01-02 17:46:59,858 [JUnit-testComplexDirActions] DEBUG s3a.S3AFileSystem (S3AFileSystem.java:listObjects(3107)) - LIST List obs-bucket:/test/testComplexDirActions/dir-0-0001/dir-0-0001-0002/ delimiter=/ keys=2 requester pays=null
2025-01-02 17:46:59,858 [JUnit-testComplexDirActions] DEBUG s3a.S3AFileSystem (DurationInfo.java:<init>(80)) - Starting: LIST
2025-01-02 17:46:59,859 [JUnit-testComplexDirActions] DEBUG impl.LoggingAuditor (LoggingAuditor.java:modifyHttpRequest(410)) - [153] 67226e31-30c8-4b12-bd8d-7af12d75e150-00000147 Executing op_get_file_status with {object_list_request 'test/testComplexDirActions/dir-0-0001/dir-0-0001-0002/' size=2, mutating=false}; https://audit.example.org/hadoop/1/op_get_file_status/67226e31-30c8-4b12-bd8d-7af12d75e150-00000147/?op=op_get_file_status&p1=test/testComplexDirActions/dir-0-0001/dir-0-0001-0002&pr=runner&ps=a84b8fc4-c757-4eb1-9a3e-4c3b8d9615e9&id=67226e31-30c8-4b12-bd8d-7af12d75e150-00000147&t0=153&fs=67226e31-30c8-4b12-bd8d-7af12d75e150&t1=153&ts=1735840019852
2025-01-02 17:46:59,865 [JUnit-testComplexDirActions] DEBUG s3a.S3AFileSystem (DurationInfo.java:close(101)) - LIST: duration 0:00.007s
2025-01-02 17:46:59,865 [JUnit-testComplexDirActions] DEBUG s3a.S3AFileSystem (S3AFileSystem.java:s3GetFileStatus(4128)) - Found path as directory (with /)
2025-01-02 17:46:59,866 [JUnit-testComplexDirActions] DEBUG s3a.S3AFileSystem (S3ListResult.java:logAtDebug(146)) - Prefix count = 0; object count=1
2025-01-02 17:46:59,866 [JUnit-testComplexDirActions] DEBUG s3a.S3AFileSystem (S3ListResult.java:logAtDebug(149)) - Summary: test/testComplexDirActions/dir-0-0001/dir-0-0001-0002/ 0
2025-01-02 17:46:59,866 [JUnit-testComplexDirActions] DEBUG s3a.S3AFileSystem (S3AFileSystem.java:innerGetFileStatus(4005)) - Getting path status for s3a://obs-bucket/test/testComplexDirActions/dir-0-0001  (test/testComplexDirActions/dir-0-0001); needEmptyDirectory=false
2025-01-02 17:46:59,866 [JUnit-testComplexDirActions] DEBUG s3a.S3AFileSystem (S3AFileSystem.java:s3GetFileStatus(4064)) - S3GetFileStatus s3a://obs-bucket/test/testComplexDirActions/dir-0-0001
2025-01-02 17:46:59,866 [JUnit-testComplexDirActions] DEBUG s3a.S3AFileSystem (S3AFileSystem.java:lambda$getObjectMetadata$10(3044)) - HEAD test/testComplexDirActions/dir-0-0001 with change tracker null
2025-01-02 17:46:59,867 [JUnit-testComplexDirActions] DEBUG impl.LoggingAuditor (LoggingAuditor.java:modifyHttpRequest(410)) - [153] 67226e31-30c8-4b12-bd8d-7af12d75e150-00000148 Executing op_get_file_status with {action_http_head_request 'test/testComplexDirActions/dir-0-0001' size=0, mutating=false}; https://audit.example.org/hadoop/1/op_get_file_status/67226e31-30c8-4b12-bd8d-7af12d75e150-00000148/?op=op_get_file_status&p1=test/testComplexDirActions/dir-0-0001&pr=runner&ps=a84b8fc4-c757-4eb1-9a3e-4c3b8d9615e9&id=67226e31-30c8-4b12-bd8d-7af12d75e150-00000148&t0=153&fs=67226e31-30c8-4b12-bd8d-7af12d75e150&t1=153&ts=1735840019866
2025-01-02 17:46:59,871 [JUnit-testComplexDirActions] DEBUG s3a.Invoker (Invoker.java:retryUntranslated(474)) - GET test/testComplexDirActions/dir-0-0001 ; software.amazon.awssdk.services.s3.model.NoSuchKeyException: null (Service: S3, Status Code: 404, Request ID: 7318b503-133c-46db-808e-76815c2a6115, Extended Request ID: pXMfgBqbCl) (Service: S3, Status Code: 404, Request ID: 7318b503-133c-46db-808e-76815c2a6115), 
2025-01-02 17:46:59,871 [JUnit-testComplexDirActions] DEBUG s3a.S3ARetryPolicy (S3ARetryPolicy.java:shouldRetry(318)) - Retry probe for FileNotFoundException with 0 retries and 0 failovers, idempotent=true, due to java.io.FileNotFoundException: GET test/testComplexDirActions/dir-0-0001 on /: software.amazon.awssdk.services.s3.model.NoSuchKeyException: null (Service: S3, Status Code: 404, Request ID: 7318b503-133c-46db-808e-76815c2a6115, Extended Request ID: pXMfgBqbCl) (Service: S3, Status Code: 404, Request ID: 7318b503-133c-46db-808e-76815c2a6115):NoSuchKey
java.io.FileNotFoundException: GET test/testComplexDirActions/dir-0-0001 on /: software.amazon.awssdk.services.s3.model.NoSuchKeyException: null (Service: S3, Status Code: 404, Request ID: 7318b503-133c-46db-808e-76815c2a6115, Extended Request ID: pXMfgBqbCl) (Service: S3, Status Code: 404, Request ID: 7318b503-133c-46db-808e-76815c2a6115):NoSuchKey
	at org.apache.hadoop.fs.s3a.S3AUtils.translateException(S3AUtils.java:279)
	at org.apache.hadoop.fs.s3a.Invoker.retryUntranslated(Invoker.java:481)
	at org.apache.hadoop.fs.s3a.Invoker.retryUntranslated(Invoker.java:431)
	at org.apache.hadoop.fs.s3a.S3AFileSystem.getObjectMetadata(S3AFileSystem.java:3036)
	at org.apache.hadoop.fs.s3a.S3AFileSystem.getObjectMetadata(S3AFileSystem.java:3016)
	at org.apache.hadoop.fs.s3a.S3AFileSystem.s3GetFileStatus(S3AFileSystem.java:4079)
	at org.apache.hadoop.fs.s3a.S3AFileSystem.innerGetFileStatus(S3AFileSystem.java:4007)
	at org.apache.hadoop.fs.s3a.S3AFileSystem.lambda$getFileStatus$22(S3AFileSystem.java:3984)
	at org.apache.hadoop.fs.statistics.impl.IOStatisticsBinding.invokeTrackingDuration(IOStatisticsBinding.java:547)
	at org.apache.hadoop.fs.statistics.impl.IOStatisticsBinding.lambda$trackDurationOfOperation$5(IOStatisticsBinding.java:528)
	at org.apache.hadoop.fs.statistics.impl.IOStatisticsBinding.trackDuration(IOStatisticsBinding.java:449)
	at org.apache.hadoop.fs.s3a.S3AFileSystem.trackDurationAndSpan(S3AFileSystem.java:2865)
	at org.apache.hadoop.fs.s3a.S3AFileSystem.trackDurationAndSpan(S3AFileSystem.java:2884)
	at org.apache.hadoop.fs.s3a.S3AFileSystem.getFileStatus(S3AFileSystem.java:3982)
	at org.apache.hadoop.fs.contract.ContractTestUtils$TreeScanResults.add(ContractTestUtils.java:1906)
	at org.apache.hadoop.fs.contract.ContractTestUtils.createSubdirs(ContractTestUtils.java:1438)
	at org.apache.hadoop.fs.contract.ContractTestUtils.createSubdirs(ContractTestUtils.java:1396)
	at org.apache.hadoop.fs.contract.AbstractContractGetFileStatusTest.createTestTree(AbstractContractGetFileStatusTest.java:494)
	at org.apache.hadoop.fs.contract.AbstractContractGetFileStatusTest.testComplexDirActions(AbstractContractGetFileStatusTest.java:151)
	at java.base/jdk.internal.reflect.NativeMethodAccessorImpl.invoke0(Native Method)
	at java.base/jdk.internal.reflect.NativeMethodAccessorImpl.invoke(NativeMethodAccessorImpl.java:62)
	at java.base/jdk.internal.reflect.DelegatingMethodAccessorImpl.invoke(DelegatingMethodAccessorImpl.java:43)
	at java.base/java.lang.reflect.Method.invoke(Method.java:566)
	at org.junit.runners.model.FrameworkMethod$1.runReflectiveCall(FrameworkMethod.java:59)
	at org.junit.internal.runners.model.ReflectiveCallable.run(ReflectiveCallable.java:12)
	at org.junit.runners.model.FrameworkMethod.invokeExplosively(FrameworkMethod.java:56)
	at org.junit.internal.runners.statements.InvokeMethod.evaluate(InvokeMethod.java:17)
	at org.junit.internal.runners.statements.RunBefores.evaluate(RunBefores.java:26)
	at org.junit.internal.runners.statements.RunAfters.evaluate(RunAfters.java:27)
	at org.junit.rules.TestWatcher$1.evaluate(TestWatcher.java:61)
	at org.junit.internal.runners.statements.FailOnTimeout$CallableStatement.call(FailOnTimeout.java:299)
	at org.junit.internal.runners.statements.FailOnTimeout$CallableStatement.call(FailOnTimeout.java:293)
	at java.base/java.util.concurrent.FutureTask.run(FutureTask.java:264)
	at java.base/java.lang.Thread.run(Thread.java:829)
Caused by: software.amazon.awssdk.services.s3.model.NoSuchKeyException: null (Service: S3, Status Code: 404, Request ID: 7318b503-133c-46db-808e-76815c2a6115, Extended Request ID: pXMfgBqbCl) (Service: S3, Status Code: 404, Request ID: 7318b503-133c-46db-808e-76815c2a6115)
	at software.amazon.awssdk.services.s3.model.NoSuchKeyException$BuilderImpl.build(NoSuchKeyException.java:126)
	at software.amazon.awssdk.services.s3.model.NoSuchKeyException$BuilderImpl.build(NoSuchKeyException.java:80)
	at software.amazon.awssdk.services.s3.internal.handlers.ExceptionTranslationInterceptor.modifyException(ExceptionTranslationInterceptor.java:63)
	at software.amazon.awssdk.core.interceptor.ExecutionInterceptorChain.modifyException(ExecutionInterceptorChain.java:181)
	at software.amazon.awssdk.core.internal.http.pipeline.stages.utils.ExceptionReportingUtils.runModifyException(ExceptionReportingUtils.java:54)
	at software.amazon.awssdk.core.internal.http.pipeline.stages.utils.ExceptionReportingUtils.reportFailureToInterceptors(ExceptionReportingUtils.java:38)
	at software.amazon.awssdk.core.internal.http.pipeline.stages.ExecutionFailureExceptionReportingStage.execute(ExecutionFailureExceptionReportingStage.java:39)
	at software.amazon.awssdk.core.internal.http.pipeline.stages.ExecutionFailureExceptionReportingStage.execute(ExecutionFailureExceptionReportingStage.java:26)
	at software.amazon.awssdk.core.internal.http.AmazonSyncHttpClient$RequestExecutionBuilderImpl.execute(AmazonSyncHttpClient.java:224)
	at software.amazon.awssdk.core.internal.handler.BaseSyncClientHandler.invoke(BaseSyncClientHandler.java:103)
	at software.amazon.awssdk.core.internal.handler.BaseSyncClientHandler.doExecute(BaseSyncClientHandler.java:173)
	at software.amazon.awssdk.core.internal.handler.BaseSyncClientHandler.lambda$execute$1(BaseSyncClientHandler.java:80)
	at software.amazon.awssdk.core.internal.handler.BaseSyncClientHandler.measureApiCallSuccess(BaseSyncClientHandler.java:182)
	at software.amazon.awssdk.core.internal.handler.BaseSyncClientHandler.execute(BaseSyncClientHandler.java:74)
	at software.amazon.awssdk.core.client.handler.SdkSyncClientHandler.execute(SdkSyncClientHandler.java:45)
	at software.amazon.awssdk.awscore.client.handler.AwsSyncClientHandler.execute(AwsSyncClientHandler.java:53)
	at software.amazon.awssdk.services.s3.DefaultS3Client.headObject(DefaultS3Client.java:6319)
	at software.amazon.awssdk.services.s3.DelegatingS3Client.lambda$headObject$53(DelegatingS3Client.java:5053)
	at software.amazon.awssdk.services.s3.internal.crossregion.S3CrossRegionSyncClient.invokeOperation(S3CrossRegionSyncClient.java:67)
	at software.amazon.awssdk.services.s3.DelegatingS3Client.headObject(DelegatingS3Client.java:5053)
	at org.apache.hadoop.fs.s3a.S3AFileSystem.lambda$getObjectMetadata$10(S3AFileSystem.java:3049)
	at org.apache.hadoop.fs.s3a.Invoker.retryUntranslated(Invoker.java:468)
	... 32 more
2025-01-02 17:46:59,871 [JUnit-testComplexDirActions] DEBUG s3a.S3ARetryPolicy (S3ARetryPolicy.java:shouldRetry(323)) - Retry action is RetryAction(action=FAIL, delayMillis=0, reason=try once and fail.)
2025-01-02 17:46:59,871 [JUnit-testComplexDirActions] DEBUG s3a.S3AFileSystem (S3AFileSystem.java:listObjects(3107)) - LIST List obs-bucket:/test/testComplexDirActions/dir-0-0001/ delimiter=/ keys=2 requester pays=null
2025-01-02 17:46:59,871 [JUnit-testComplexDirActions] DEBUG s3a.S3AFileSystem (DurationInfo.java:<init>(80)) - Starting: LIST
2025-01-02 17:46:59,872 [JUnit-testComplexDirActions] DEBUG impl.LoggingAuditor (LoggingAuditor.java:modifyHttpRequest(410)) - [153] 67226e31-30c8-4b12-bd8d-7af12d75e150-00000148 Executing op_get_file_status with {object_list_request 'test/testComplexDirActions/dir-0-0001/' size=2, mutating=false}; https://audit.example.org/hadoop/1/op_get_file_status/67226e31-30c8-4b12-bd8d-7af12d75e150-00000148/?op=op_get_file_status&p1=test/testComplexDirActions/dir-0-0001&pr=runner&ps=a84b8fc4-c757-4eb1-9a3e-4c3b8d9615e9&id=67226e31-30c8-4b12-bd8d-7af12d75e150-00000148&t0=153&fs=67226e31-30c8-4b12-bd8d-7af12d75e150&t1=153&ts=1735840019866
2025-01-02 17:46:59,882 [JUnit-testComplexDirActions] DEBUG s3a.S3AFileSystem (DurationInfo.java:close(101)) - LIST: duration 0:00.010s
2025-01-02 17:46:59,882 [JUnit-testComplexDirActions] DEBUG s3a.S3AFileSystem (S3AFileSystem.java:s3GetFileStatus(4128)) - Found path as directory (with /)
2025-01-02 17:46:59,882 [JUnit-testComplexDirActions] DEBUG s3a.S3AFileSystem (S3ListResult.java:logAtDebug(146)) - Prefix count = 1; object count=1
2025-01-02 17:46:59,882 [JUnit-testComplexDirActions] DEBUG s3a.S3AFileSystem (S3ListResult.java:logAtDebug(149)) - Summary: test/testComplexDirActions/dir-0-0001/ 0
2025-01-02 17:46:59,882 [JUnit-testComplexDirActions] DEBUG s3a.S3AFileSystem (S3ListResult.java:logAtDebug(152)) - Prefix: test/testComplexDirActions/dir-0-0001/dir-0-0001-0000/
2025-01-02 17:46:59,882 [JUnit-testComplexDirActions] DEBUG impl.MkdirOperation (MkdirOperation.java:execute(120)) - Making directory: s3a://obs-bucket/test/testComplexDirActions/dir-0-0002
2025-01-02 17:46:59,882 [JUnit-testComplexDirActions] DEBUG s3a.S3AFileSystem (S3AFileSystem.java:innerGetFileStatus(4005)) - Getting path status for s3a://obs-bucket/test/testComplexDirActions/dir-0-0002  (test/testComplexDirActions/dir-0-0002); needEmptyDirectory=false
2025-01-02 17:46:59,882 [JUnit-testComplexDirActions] DEBUG s3a.S3AFileSystem (S3AFileSystem.java:s3GetFileStatus(4064)) - S3GetFileStatus s3a://obs-bucket/test/testComplexDirActions/dir-0-0002
2025-01-02 17:46:59,883 [JUnit-testComplexDirActions] DEBUG s3a.S3AFileSystem (S3AFileSystem.java:listObjects(3107)) - LIST List obs-bucket:/test/testComplexDirActions/dir-0-0002/ delimiter=/ keys=2 requester pays=null
2025-01-02 17:46:59,883 [JUnit-testComplexDirActions] DEBUG s3a.S3AFileSystem (DurationInfo.java:<init>(80)) - Starting: LIST
2025-01-02 17:46:59,884 [JUnit-testComplexDirActions] DEBUG impl.LoggingAuditor (LoggingAuditor.java:modifyHttpRequest(410)) - [153] 67226e31-30c8-4b12-bd8d-7af12d75e150-00000149 Executing op_mkdirs with {object_list_request 'test/testComplexDirActions/dir-0-0002/' size=2, mutating=false}; https://audit.example.org/hadoop/1/op_mkdirs/67226e31-30c8-4b12-bd8d-7af12d75e150-00000149/?op=op_mkdirs&p1=test/testComplexDirActions/dir-0-0002&pr=runner&ps=a84b8fc4-c757-4eb1-9a3e-4c3b8d9615e9&id=67226e31-30c8-4b12-bd8d-7af12d75e150-00000149&t0=153&fs=67226e31-30c8-4b12-bd8d-7af12d75e150&t1=153&ts=1735840019882
2025-01-02 17:46:59,890 [JUnit-testComplexDirActions] DEBUG s3a.S3AFileSystem (DurationInfo.java:close(101)) - LIST: duration 0:00.007s
2025-01-02 17:46:59,890 [JUnit-testComplexDirActions] DEBUG s3a.S3AFileSystem (S3AFileSystem.java:s3GetFileStatus(4155)) - Not Found: s3a://obs-bucket/test/testComplexDirActions/dir-0-0002
2025-01-02 17:46:59,890 [JUnit-testComplexDirActions] DEBUG s3a.S3AFileSystem (S3AFileSystem.java:innerGetFileStatus(4005)) - Getting path status for s3a://obs-bucket/test/testComplexDirActions/dir-0-0002  (test/testComplexDirActions/dir-0-0002); needEmptyDirectory=false
2025-01-02 17:46:59,890 [JUnit-testComplexDirActions] DEBUG s3a.S3AFileSystem (S3AFileSystem.java:s3GetFileStatus(4064)) - S3GetFileStatus s3a://obs-bucket/test/testComplexDirActions/dir-0-0002
2025-01-02 17:46:59,890 [JUnit-testComplexDirActions] DEBUG s3a.S3AFileSystem (S3AFileSystem.java:lambda$getObjectMetadata$10(3044)) - HEAD test/testComplexDirActions/dir-0-0002 with change tracker null
2025-01-02 17:46:59,891 [JUnit-testComplexDirActions] DEBUG impl.LoggingAuditor (LoggingAuditor.java:modifyHttpRequest(410)) - [153] 67226e31-30c8-4b12-bd8d-7af12d75e150-00000149 Executing op_mkdirs with {action_http_head_request 'test/testComplexDirActions/dir-0-0002' size=0, mutating=false}; https://audit.example.org/hadoop/1/op_mkdirs/67226e31-30c8-4b12-bd8d-7af12d75e150-00000149/?op=op_mkdirs&p1=test/testComplexDirActions/dir-0-0002&pr=runner&ps=a84b8fc4-c757-4eb1-9a3e-4c3b8d9615e9&id=67226e31-30c8-4b12-bd8d-7af12d75e150-00000149&t0=153&fs=67226e31-30c8-4b12-bd8d-7af12d75e150&t1=153&ts=1735840019882
2025-01-02 17:46:59,895 [JUnit-testComplexDirActions] DEBUG s3a.Invoker (Invoker.java:retryUntranslated(474)) - GET test/testComplexDirActions/dir-0-0002 ; software.amazon.awssdk.services.s3.model.NoSuchKeyException: null (Service: S3, Status Code: 404, Request ID: 8cfe589d-0183-4aee-858d-753fbf0300da, Extended Request ID: 1H7I5yXvhrG2Qho) (Service: S3, Status Code: 404, Request ID: 8cfe589d-0183-4aee-858d-753fbf0300da), 
2025-01-02 17:46:59,895 [JUnit-testComplexDirActions] DEBUG s3a.S3ARetryPolicy (S3ARetryPolicy.java:shouldRetry(318)) - Retry probe for FileNotFoundException with 0 retries and 0 failovers, idempotent=true, due to java.io.FileNotFoundException: GET test/testComplexDirActions/dir-0-0002 on /: software.amazon.awssdk.services.s3.model.NoSuchKeyException: null (Service: S3, Status Code: 404, Request ID: 8cfe589d-0183-4aee-858d-753fbf0300da, Extended Request ID: 1H7I5yXvhrG2Qho) (Service: S3, Status Code: 404, Request ID: 8cfe589d-0183-4aee-858d-753fbf0300da):NoSuchKey
java.io.FileNotFoundException: GET test/testComplexDirActions/dir-0-0002 on /: software.amazon.awssdk.services.s3.model.NoSuchKeyException: null (Service: S3, Status Code: 404, Request ID: 8cfe589d-0183-4aee-858d-753fbf0300da, Extended Request ID: 1H7I5yXvhrG2Qho) (Service: S3, Status Code: 404, Request ID: 8cfe589d-0183-4aee-858d-753fbf0300da):NoSuchKey
	at org.apache.hadoop.fs.s3a.S3AUtils.translateException(S3AUtils.java:279)
	at org.apache.hadoop.fs.s3a.Invoker.retryUntranslated(Invoker.java:481)
	at org.apache.hadoop.fs.s3a.Invoker.retryUntranslated(Invoker.java:431)
	at org.apache.hadoop.fs.s3a.S3AFileSystem.getObjectMetadata(S3AFileSystem.java:3036)
	at org.apache.hadoop.fs.s3a.S3AFileSystem.getObjectMetadata(S3AFileSystem.java:3016)
	at org.apache.hadoop.fs.s3a.S3AFileSystem.s3GetFileStatus(S3AFileSystem.java:4079)
	at org.apache.hadoop.fs.s3a.S3AFileSystem.innerGetFileStatus(S3AFileSystem.java:4007)
	at org.apache.hadoop.fs.s3a.S3AFileSystem$MkdirOperationCallbacksImpl.probePathStatus(S3AFileSystem.java:3864)
	at org.apache.hadoop.fs.s3a.impl.MkdirOperation.probePathStatusOrNull(MkdirOperation.java:218)
	at org.apache.hadoop.fs.s3a.impl.MkdirOperation.getPathStatusExpectingDir(MkdirOperation.java:242)
	at org.apache.hadoop.fs.s3a.impl.MkdirOperation.execute(MkdirOperation.java:134)
	at org.apache.hadoop.fs.s3a.impl.MkdirOperation.execute(MkdirOperation.java:59)
	at org.apache.hadoop.fs.s3a.impl.ExecutingStoreOperation.apply(ExecutingStoreOperation.java:76)
	at org.apache.hadoop.fs.statistics.impl.IOStatisticsBinding.invokeTrackingDuration(IOStatisticsBinding.java:547)
	at org.apache.hadoop.fs.statistics.impl.IOStatisticsBinding.lambda$trackDurationOfOperation$5(IOStatisticsBinding.java:528)
	at org.apache.hadoop.fs.statistics.impl.IOStatisticsBinding.trackDuration(IOStatisticsBinding.java:449)
	at org.apache.hadoop.fs.s3a.S3AFileSystem.trackDurationAndSpan(S3AFileSystem.java:2865)
	at org.apache.hadoop.fs.s3a.S3AFileSystem.trackDurationAndSpan(S3AFileSystem.java:2884)
	at org.apache.hadoop.fs.s3a.S3AFileSystem.mkdirs(S3AFileSystem.java:3835)
	at org.apache.hadoop.fs.FileSystem.mkdirs(FileSystem.java:2496)
	at org.apache.hadoop.fs.contract.ContractTestUtils.createSubdirs(ContractTestUtils.java:1423)
	at org.apache.hadoop.fs.contract.ContractTestUtils.createSubdirs(ContractTestUtils.java:1436)
	at org.apache.hadoop.fs.contract.ContractTestUtils.createSubdirs(ContractTestUtils.java:1396)
	at org.apache.hadoop.fs.contract.AbstractContractGetFileStatusTest.createTestTree(AbstractContractGetFileStatusTest.java:494)
	at org.apache.hadoop.fs.contract.AbstractContractGetFileStatusTest.testComplexDirActions(AbstractContractGetFileStatusTest.java:151)
	at java.base/jdk.internal.reflect.NativeMethodAccessorImpl.invoke0(Native Method)
	at java.base/jdk.internal.reflect.NativeMethodAccessorImpl.invoke(NativeMethodAccessorImpl.java:62)
	at java.base/jdk.internal.reflect.DelegatingMethodAccessorImpl.invoke(DelegatingMethodAccessorImpl.java:43)
	at java.base/java.lang.reflect.Method.invoke(Method.java:566)
	at org.junit.runners.model.FrameworkMethod$1.runReflectiveCall(FrameworkMethod.java:59)
	at org.junit.internal.runners.model.ReflectiveCallable.run(ReflectiveCallable.java:12)
	at org.junit.runners.model.FrameworkMethod.invokeExplosively(FrameworkMethod.java:56)
	at org.junit.internal.runners.statements.InvokeMethod.evaluate(InvokeMethod.java:17)
	at org.junit.internal.runners.statements.RunBefores.evaluate(RunBefores.java:26)
	at org.junit.internal.runners.statements.RunAfters.evaluate(RunAfters.java:27)
	at org.junit.rules.TestWatcher$1.evaluate(TestWatcher.java:61)
	at org.junit.internal.runners.statements.FailOnTimeout$CallableStatement.call(FailOnTimeout.java:299)
	at org.junit.internal.runners.statements.FailOnTimeout$CallableStatement.call(FailOnTimeout.java:293)
	at java.base/java.util.concurrent.FutureTask.run(FutureTask.java:264)
	at java.base/java.lang.Thread.run(Thread.java:829)
Caused by: software.amazon.awssdk.services.s3.model.NoSuchKeyException: null (Service: S3, Status Code: 404, Request ID: 8cfe589d-0183-4aee-858d-753fbf0300da, Extended Request ID: 1H7I5yXvhrG2Qho) (Service: S3, Status Code: 404, Request ID: 8cfe589d-0183-4aee-858d-753fbf0300da)
	at software.amazon.awssdk.services.s3.model.NoSuchKeyException$BuilderImpl.build(NoSuchKeyException.java:126)
	at software.amazon.awssdk.services.s3.model.NoSuchKeyException$BuilderImpl.build(NoSuchKeyException.java:80)
	at software.amazon.awssdk.services.s3.internal.handlers.ExceptionTranslationInterceptor.modifyException(ExceptionTranslationInterceptor.java:63)
	at software.amazon.awssdk.core.interceptor.ExecutionInterceptorChain.modifyException(ExecutionInterceptorChain.java:181)
	at software.amazon.awssdk.core.internal.http.pipeline.stages.utils.ExceptionReportingUtils.runModifyException(ExceptionReportingUtils.java:54)
	at software.amazon.awssdk.core.internal.http.pipeline.stages.utils.ExceptionReportingUtils.reportFailureToInterceptors(ExceptionReportingUtils.java:38)
	at software.amazon.awssdk.core.internal.http.pipeline.stages.ExecutionFailureExceptionReportingStage.execute(ExecutionFailureExceptionReportingStage.java:39)
	at software.amazon.awssdk.core.internal.http.pipeline.stages.ExecutionFailureExceptionReportingStage.execute(ExecutionFailureExceptionReportingStage.java:26)
	at software.amazon.awssdk.core.internal.http.AmazonSyncHttpClient$RequestExecutionBuilderImpl.execute(AmazonSyncHttpClient.java:224)
	at software.amazon.awssdk.core.internal.handler.BaseSyncClientHandler.invoke(BaseSyncClientHandler.java:103)
	at software.amazon.awssdk.core.internal.handler.BaseSyncClientHandler.doExecute(BaseSyncClientHandler.java:173)
	at software.amazon.awssdk.core.internal.handler.BaseSyncClientHandler.lambda$execute$1(BaseSyncClientHandler.java:80)
	at software.amazon.awssdk.core.internal.handler.BaseSyncClientHandler.measureApiCallSuccess(BaseSyncClientHandler.java:182)
	at software.amazon.awssdk.core.internal.handler.BaseSyncClientHandler.execute(BaseSyncClientHandler.java:74)
	at software.amazon.awssdk.core.client.handler.SdkSyncClientHandler.execute(SdkSyncClientHandler.java:45)
	at software.amazon.awssdk.awscore.client.handler.AwsSyncClientHandler.execute(AwsSyncClientHandler.java:53)
	at software.amazon.awssdk.services.s3.DefaultS3Client.headObject(DefaultS3Client.java:6319)
	at software.amazon.awssdk.services.s3.DelegatingS3Client.lambda$headObject$53(DelegatingS3Client.java:5053)
	at software.amazon.awssdk.services.s3.internal.crossregion.S3CrossRegionSyncClient.invokeOperation(S3CrossRegionSyncClient.java:67)
	at software.amazon.awssdk.services.s3.DelegatingS3Client.headObject(DelegatingS3Client.java:5053)
	at org.apache.hadoop.fs.s3a.S3AFileSystem.lambda$getObjectMetadata$10(S3AFileSystem.java:3049)
	at org.apache.hadoop.fs.s3a.Invoker.retryUntranslated(Invoker.java:468)
	... 38 more
2025-01-02 17:46:59,895 [JUnit-testComplexDirActions] DEBUG s3a.S3ARetryPolicy (S3ARetryPolicy.java:shouldRetry(323)) - Retry action is RetryAction(action=FAIL, delayMillis=0, reason=try once and fail.)
2025-01-02 17:46:59,896 [JUnit-testComplexDirActions] DEBUG s3a.S3AFileSystem (S3AFileSystem.java:s3GetFileStatus(4155)) - Not Found: s3a://obs-bucket/test/testComplexDirActions/dir-0-0002
2025-01-02 17:46:59,896 [JUnit-testComplexDirActions] DEBUG s3a.S3AFileSystem (S3AFileSystem.java:innerGetFileStatus(4005)) - Getting path status for s3a://obs-bucket/test/testComplexDirActions  (test/testComplexDirActions); needEmptyDirectory=false
2025-01-02 17:46:59,896 [JUnit-testComplexDirActions] DEBUG s3a.S3AFileSystem (S3AFileSystem.java:s3GetFileStatus(4064)) - S3GetFileStatus s3a://obs-bucket/test/testComplexDirActions
2025-01-02 17:46:59,896 [JUnit-testComplexDirActions] DEBUG s3a.S3AFileSystem (S3AFileSystem.java:listObjects(3107)) - LIST List obs-bucket:/test/testComplexDirActions/ delimiter=/ keys=2 requester pays=null
2025-01-02 17:46:59,896 [JUnit-testComplexDirActions] DEBUG s3a.S3AFileSystem (DurationInfo.java:<init>(80)) - Starting: LIST
2025-01-02 17:46:59,897 [JUnit-testComplexDirActions] DEBUG impl.LoggingAuditor (LoggingAuditor.java:modifyHttpRequest(410)) - [153] 67226e31-30c8-4b12-bd8d-7af12d75e150-00000149 Executing op_mkdirs with {object_list_request 'test/testComplexDirActions/' size=2, mutating=false}; https://audit.example.org/hadoop/1/op_mkdirs/67226e31-30c8-4b12-bd8d-7af12d75e150-00000149/?op=op_mkdirs&p1=test/testComplexDirActions/dir-0-0002&pr=runner&ps=a84b8fc4-c757-4eb1-9a3e-4c3b8d9615e9&id=67226e31-30c8-4b12-bd8d-7af12d75e150-00000149&t0=153&fs=67226e31-30c8-4b12-bd8d-7af12d75e150&t1=153&ts=1735840019882
2025-01-02 17:46:59,905 [JUnit-testComplexDirActions] DEBUG s3a.S3AFileSystem (DurationInfo.java:close(101)) - LIST: duration 0:00.009s
2025-01-02 17:46:59,905 [JUnit-testComplexDirActions] DEBUG s3a.S3AFileSystem (S3AFileSystem.java:s3GetFileStatus(4128)) - Found path as directory (with /)
2025-01-02 17:46:59,905 [JUnit-testComplexDirActions] DEBUG s3a.S3AFileSystem (S3ListResult.java:logAtDebug(146)) - Prefix count = 1; object count=1
2025-01-02 17:46:59,905 [JUnit-testComplexDirActions] DEBUG s3a.S3AFileSystem (S3ListResult.java:logAtDebug(149)) - Summary: test/testComplexDirActions/ 0
2025-01-02 17:46:59,906 [JUnit-testComplexDirActions] DEBUG s3a.S3AFileSystem (S3ListResult.java:logAtDebug(152)) - Prefix: test/testComplexDirActions/dir-0-0000/
2025-01-02 17:46:59,906 [JUnit-testComplexDirActions] DEBUG s3a.Invoker (DurationInfo.java:<init>(80)) - Starting: PUT 0-byte object 
2025-01-02 17:46:59,906 [JUnit-testComplexDirActions] DEBUG s3a.S3AFileSystem (S3AFileSystem.java:putObjectDirect(3340)) - PUT 0 bytes to test/testComplexDirActions/dir-0-0002/
2025-01-02 17:46:59,906 [JUnit-testComplexDirActions] DEBUG impl.S3AStoreImpl (S3AStoreImpl.java:incrementPutStartStatistics(397)) - PUT start 0 bytes
2025-01-02 17:46:59,907 [JUnit-testComplexDirActions] DEBUG impl.LoggingAuditor (LoggingAuditor.java:modifyHttpRequest(410)) - [153] 67226e31-30c8-4b12-bd8d-7af12d75e150-00000149 Executing op_mkdirs with {object_put_request 'test/testComplexDirActions/dir-0-0002/' size=0, mutating=true}; https://audit.example.org/hadoop/1/op_mkdirs/67226e31-30c8-4b12-bd8d-7af12d75e150-00000149/?op=op_mkdirs&p1=test/testComplexDirActions/dir-0-0002&pr=runner&ps=a84b8fc4-c757-4eb1-9a3e-4c3b8d9615e9&id=67226e31-30c8-4b12-bd8d-7af12d75e150-00000149&t0=153&fs=67226e31-30c8-4b12-bd8d-7af12d75e150&t1=153&ts=1735840019882
2025-01-02 17:46:59,908 [JUnit-testComplexDirActions] INFO  impl.UploadContentProviders (UploadContentProviders.java:newStream(289)) - Stream recreated: ByteArrayContentProvider{buffer with length=0, offset=0} BaseContentProvider{size=0, initiated at 2025-01-02T17:46:59.906086, streamCreationCount=2, currentStream=null}
2025-01-02 17:46:59,922 [JUnit-testComplexDirActions] DEBUG impl.S3AStoreImpl (S3AStoreImpl.java:incrementPutCompletedStatistics(414)) - PUT completed success=true; 0 bytes
2025-01-02 17:46:59,922 [JUnit-testComplexDirActions] DEBUG s3a.S3AFileSystem (S3AFileSystem.java:finishedWrite(4727)) - Finished write to test/testComplexDirActions/dir-0-0002/, len 0.
2025-01-02 17:46:59,923 [JUnit-testComplexDirActions] DEBUG s3a.Invoker (DurationInfo.java:close(101)) - PUT 0-byte object : duration 0:00.017s
2025-01-02 17:46:59,923 [JUnit-testComplexDirActions] DEBUG S3AFileSystem.Progress (S3AStoreImpl.java:incrementPutProgressStatistics(432)) - PUT test/testComplexDirActions/dir-0-0002: 0 bytes
2025-01-02 17:46:59,924 [JUnit-testComplexDirActions] DEBUG s3a.S3AFileSystem (S3AFileSystem.java:innerGetFileStatus(4005)) - Getting path status for s3a://obs-bucket/test/testComplexDirActions/dir-0-0002/file--0-0002-0000.txt  (test/testComplexDirActions/dir-0-0002/file--0-0002-0000.txt); needEmptyDirectory=false
2025-01-02 17:46:59,924 [JUnit-testComplexDirActions] DEBUG s3a.S3AFileSystem (S3AFileSystem.java:s3GetFileStatus(4064)) - S3GetFileStatus s3a://obs-bucket/test/testComplexDirActions/dir-0-0002/file--0-0002-0000.txt
2025-01-02 17:46:59,924 [JUnit-testComplexDirActions] DEBUG s3a.S3AFileSystem (S3AFileSystem.java:listObjects(3107)) - LIST List obs-bucket:/test/testComplexDirActions/dir-0-0002/file--0-0002-0000.txt/ delimiter=/ keys=2 requester pays=null
2025-01-02 17:46:59,924 [JUnit-testComplexDirActions] DEBUG s3a.S3AFileSystem (DurationInfo.java:<init>(80)) - Starting: LIST
2025-01-02 17:46:59,925 [JUnit-testComplexDirActions] DEBUG impl.LoggingAuditor (LoggingAuditor.java:modifyHttpRequest(410)) - [153] 67226e31-30c8-4b12-bd8d-7af12d75e150-00000150 Executing op_create with {object_list_request 'test/testComplexDirActions/dir-0-0002/file--0-0002-0000.txt/' size=2, mutating=false}; https://audit.example.org/hadoop/1/op_create/67226e31-30c8-4b12-bd8d-7af12d75e150-00000150/?op=op_create&p1=test/testComplexDirActions/dir-0-0002/file--0-0002-0000.txt&pr=runner&ps=a84b8fc4-c757-4eb1-9a3e-4c3b8d9615e9&id=67226e31-30c8-4b12-bd8d-7af12d75e150-00000150&t0=153&fs=67226e31-30c8-4b12-bd8d-7af12d75e150&t1=153&ts=1735840019924
2025-01-02 17:46:59,931 [JUnit-testComplexDirActions] DEBUG s3a.S3AFileSystem (DurationInfo.java:close(101)) - LIST: duration 0:00.007s
2025-01-02 17:46:59,931 [JUnit-testComplexDirActions] DEBUG s3a.S3AFileSystem (S3AFileSystem.java:s3GetFileStatus(4155)) - Not Found: s3a://obs-bucket/test/testComplexDirActions/dir-0-0002/file--0-0002-0000.txt
2025-01-02 17:46:59,931 [JUnit-testComplexDirActions] DEBUG s3a.S3ARetryPolicy (S3ARetryPolicy.java:<init>(150)) - Retrying on recoverable AWS failures 3 times with an initial interval of 500ms
2025-01-02 17:46:59,931 [JUnit-testComplexDirActions] DEBUG s3a.S3ABlockOutputStream (S3ABlockOutputStream.java:<init>(276)) - Initialized S3ABlockOutputStream for test/testComplexDirActions/dir-0-0002/file--0-0002-0000.txt output to FileBlock{index=1, destFile=/home/runner/work/ozone/ozone/target/hadoop-src/target/tmp/s3a/s3ablock-0001-12335718503171207459.tmp, state=Writing, dataSize=0, limit=67108864}
2025-01-02 17:46:59,932 [JUnit-testComplexDirActions] DEBUG s3a.S3ABlockOutputStream (S3ABlockOutputStream.java:close(487)) - S3ABlockOutputStream{WriteOperationHelper {bucket=obs-bucket}, blockSize=67108864, isMultipartUploadEnabled=true, activeBlock=FileBlock{index=1, destFile=/home/runner/work/ozone/ozone/target/hadoop-src/target/tmp/s3a/s3ablock-0001-12335718503171207459.tmp, state=Writing, dataSize=512, limit=67108864} Statistics=counters=((object_multipart_aborted.failures=0) (object_put_request.failures=0) (object_multipart_initiated=0) (object_put_request=0) (stream_write_bytes=512) (multipart_upload_part_put=0) (object_multipart_initiated.failures=0) (op_hsync=0) (action_executor_acquired.failures=0) (object_multipart_aborted=0) (stream_write_exceptions=0) (stream_write_total_data=0) (multipart_upload_part_put.failures=0) (committer_magic_marker_put.failures=0) (stream_write_block_uploads=0) (op_hflush=0) (committer_magic_marker_put=0) (multipart_upload_completed=0) (action_executor_acquired=0) (stream_write_queue_duration=0) (stream_write_total_time=0) (op_abort=0) (stream_write_exceptions_completing_upload=0) (op_abort.failures=0) (multipart_upload_completed.failures=0));
gauges=((stream_write_block_uploads_pending=0) (stream_write_block_uploads_active=0) (stream_write_block_uploads_data_pending=0));
minimums=((action_executor_acquired.failures.min=-1) (object_multipart_initiated.failures.min=-1) (object_put_request.failures.min=-1) (committer_magic_marker_put.min=-1) (object_multipart_initiated.min=-1) (object_multipart_aborted.failures.min=-1) (op_abort.min=-1) (object_multipart_aborted.min=-1) (multipart_upload_part_put.failures.min=-1) (multipart_upload_completed.failures.min=-1) (action_executor_acquired.min=-1) (committer_magic_marker_put.failures.min=-1) (multipart_upload_part_put.min=-1) (op_abort.failures.min=-1) (object_put_request.min=-1) (multipart_upload_completed.min=-1));
maximums=((object_multipart_aborted.failures.max=-1) (op_abort.max=-1) (multipart_upload_completed.max=-1) (committer_magic_marker_put.failures.max=-1) (op_abort.failures.max=-1) (multipart_upload_part_put.max=-1) (action_executor_acquired.max=-1) (action_executor_acquired.failures.max=-1) (object_multipart_aborted.max=-1) (multipart_upload_part_put.failures.max=-1) (object_put_request.max=-1) (object_multipart_initiated.failures.max=-1) (object_put_request.failures.max=-1) (object_multipart_initiated.max=-1) (multipart_upload_completed.failures.max=-1) (committer_magic_marker_put.max=-1));
means=((multipart_upload_completed.failures.mean=(samples=0, sum=0, mean=0.0000)) (action_executor_acquired.mean=(samples=0, sum=0, mean=0.0000)) (object_put_request.mean=(samples=0, sum=0, mean=0.0000)) (action_executor_acquired.failures.mean=(samples=0, sum=0, mean=0.0000)) (op_abort.mean=(samples=0, sum=0, mean=0.0000)) (committer_magic_marker_put.mean=(samples=0, sum=0, mean=0.0000)) (committer_magic_marker_put.failures.mean=(samples=0, sum=0, mean=0.0000)) (multipart_upload_part_put.mean=(samples=0, sum=0, mean=0.0000)) (multipart_upload_completed.mean=(samples=0, sum=0, mean=0.0000)) (object_multipart_aborted.mean=(samples=0, sum=0, mean=0.0000)) (object_multipart_initiated.mean=(samples=0, sum=0, mean=0.0000)) (multipart_upload_part_put.failures.mean=(samples=0, sum=0, mean=0.0000)) (object_multipart_initiated.failures.mean=(samples=0, sum=0, mean=0.0000)) (object_multipart_aborted.failures.mean=(samples=0, sum=0, mean=0.0000)) (object_put_request.failures.mean=(samples=0, sum=0, mean=0.0000)) (op_abort.failures.mean=(samples=0, sum=0, mean=0.0000)));
}: Closing block #1: current block= FileBlock{index=1, destFile=/home/runner/work/ozone/ozone/target/hadoop-src/target/tmp/s3a/s3ablock-0001-12335718503171207459.tmp, state=Writing, dataSize=512, limit=67108864}
2025-01-02 17:46:59,932 [JUnit-testComplexDirActions] DEBUG s3a.S3ABlockOutputStream (S3ABlockOutputStream.java:putObject(688)) - Executing regular upload for WriteOperationHelper {bucket=obs-bucket}
2025-01-02 17:46:59,932 [JUnit-testComplexDirActions] DEBUG s3a.S3ADataBlocks (S3ADataBlocks.java:startUpload(362)) - Start datablock[1] upload
2025-01-02 17:46:59,932 [JUnit-testComplexDirActions] DEBUG s3a.S3ADataBlocks (S3ADataBlocks.java:enterState(261)) - FileBlock{index=1, destFile=/home/runner/work/ozone/ozone/target/hadoop-src/target/tmp/s3a/s3ablock-0001-12335718503171207459.tmp, state=Writing, dataSize=512, limit=67108864}: entering state Upload
2025-01-02 17:46:59,932 [JUnit-testComplexDirActions] DEBUG s3a.S3ABlockOutputStream (S3ABlockOutputStream.java:clearActiveBlock(320)) - Clearing active block
2025-01-02 17:46:59,932 [JUnit-testComplexDirActions] DEBUG s3a.Invoker (DurationInfo.java:<init>(80)) - Starting: Writing Object
2025-01-02 17:46:59,933 [JUnit-testComplexDirActions] DEBUG s3a.S3AFileSystem (S3AFileSystem.java:putObjectDirect(3340)) - PUT 512 bytes to test/testComplexDirActions/dir-0-0002/file--0-0002-0000.txt
2025-01-02 17:46:59,933 [JUnit-testComplexDirActions] DEBUG impl.S3AStoreImpl (S3AStoreImpl.java:incrementPutStartStatistics(397)) - PUT start 512 bytes
2025-01-02 17:46:59,934 [JUnit-testComplexDirActions] DEBUG impl.LoggingAuditor (LoggingAuditor.java:modifyHttpRequest(410)) - [153] 67226e31-30c8-4b12-bd8d-7af12d75e150-00000150 Executing op_create with {object_put_request 'test/testComplexDirActions/dir-0-0002/file--0-0002-0000.txt' size=0, mutating=true}; https://audit.example.org/hadoop/1/op_create/67226e31-30c8-4b12-bd8d-7af12d75e150-00000150/?op=op_create&p1=test/testComplexDirActions/dir-0-0002/file--0-0002-0000.txt&pr=runner&ps=a84b8fc4-c757-4eb1-9a3e-4c3b8d9615e9&id=67226e31-30c8-4b12-bd8d-7af12d75e150-00000150&t0=153&fs=67226e31-30c8-4b12-bd8d-7af12d75e150&t1=153&ts=1735840019924
2025-01-02 17:46:59,934 [JUnit-testComplexDirActions] INFO  impl.UploadContentProviders (UploadContentProviders.java:newStream(289)) - Stream recreated: FileWithOffsetContentProvider{file=/home/runner/work/ozone/ozone/target/hadoop-src/target/tmp/s3a/s3ablock-0001-12335718503171207459.tmp, offset=0} BaseContentProvider{size=512, initiated at 2025-01-02T17:46:59.932770, streamCreationCount=2, currentStream=null}
2025-01-02 17:46:59,967 [JUnit-testComplexDirActions] DEBUG impl.S3AStoreImpl (S3AStoreImpl.java:incrementPutCompletedStatistics(414)) - PUT completed success=true; 512 bytes
2025-01-02 17:46:59,967 [JUnit-testComplexDirActions] DEBUG s3a.S3AFileSystem (S3AFileSystem.java:finishedWrite(4727)) - Finished write to test/testComplexDirActions/dir-0-0002/file--0-0002-0000.txt, len 512.
2025-01-02 17:46:59,968 [JUnit-testComplexDirActions] DEBUG s3a.Invoker (DurationInfo.java:close(101)) - Writing Object: duration 0:00.035s
2025-01-02 17:46:59,968 [JUnit-testComplexDirActions] DEBUG s3a.S3ADataBlocks (S3ADataBlocks.java:enterState(261)) - FileBlock{index=1, destFile=/home/runner/work/ozone/ozone/target/hadoop-src/target/tmp/s3a/s3ablock-0001-12335718503171207459.tmp, state=Upload, dataSize=512, limit=67108864}: entering state Closed
2025-01-02 17:46:59,968 [JUnit-testComplexDirActions] DEBUG s3a.S3ADataBlocks (S3ADataBlocks.java:close(384)) - Closed FileBlock{index=1, destFile=/home/runner/work/ozone/ozone/target/hadoop-src/target/tmp/s3a/s3ablock-0001-12335718503171207459.tmp, state=Closed, dataSize=512, limit=67108864}
2025-01-02 17:46:59,968 [JUnit-testComplexDirActions] DEBUG s3a.S3ADataBlocks (S3ADataBlocks.java:innerClose(836)) - Closing FileBlock{index=1, destFile=/home/runner/work/ozone/ozone/target/hadoop-src/target/tmp/s3a/s3ablock-0001-12335718503171207459.tmp, state=Closed, dataSize=512, limit=67108864}
2025-01-02 17:46:59,968 [JUnit-testComplexDirActions] DEBUG s3a.S3ADataBlocks (S3ADataBlocks.java:closeBlock(890)) - block[1]: closeBlock()
2025-01-02 17:46:59,968 [JUnit-testComplexDirActions] DEBUG s3a.S3ABlockOutputStream (S3ABlockOutputStream.java:close(534)) - Upload complete to test/testComplexDirActions/dir-0-0002/file--0-0002-0000.txt by WriteOperationHelper {bucket=obs-bucket}
2025-01-02 17:46:59,969 [JUnit-testComplexDirActions] DEBUG s3a.S3ABlockOutputStream (S3ABlockOutputStream.java:cleanupOnClose(566)) - Statistics: OutputStreamStatistics{counters=((object_multipart_initiated.failures=0) (object_multipart_aborted=0) (stream_write_block_uploads=1) (multipart_upload_completed.failures=0) (stream_write_exceptions=0) (multipart_upload_part_put=0) (multipart_upload_part_put.failures=0) (action_executor_acquired.failures=0) (op_hsync=0) (stream_write_queue_duration=0) (committer_magic_marker_put=0) (multipart_upload_completed=0) (object_multipart_aborted.failures=0) (action_executor_acquired=0) (object_put_request.failures=0) (op_hflush=0) (object_put_request=1) (object_multipart_initiated=0) (stream_write_exceptions_completing_upload=0) (op_abort=0) (stream_write_bytes=512) (stream_write_total_time=0) (op_abort.failures=0) (stream_write_total_data=512) (committer_magic_marker_put.failures=0));
gauges=((stream_write_block_uploads_active=0) (stream_write_block_uploads_pending=0) (stream_write_block_uploads_data_pending=0));
minimums=((multipart_upload_part_put.min=-1) (object_multipart_aborted.min=-1) (multipart_upload_completed.failures.min=-1) (action_executor_acquired.failures.min=-1) (object_multipart_initiated.failures.min=-1) (object_multipart_initiated.min=-1) (object_multipart_aborted.failures.min=-1) (action_executor_acquired.min=0) (committer_magic_marker_put.failures.min=-1) (op_abort.failures.min=-1) (committer_magic_marker_put.min=-1) (object_put_request.failures.min=-1) (multipart_upload_part_put.failures.min=-1) (op_abort.min=-1) (object_put_request.min=34) (multipart_upload_completed.min=-1));
maximums=((object_multipart_initiated.max=-1) (action_executor_acquired.failures.max=-1) (committer_magic_marker_put.failures.max=-1) (multipart_upload_completed.failures.max=-1) (object_multipart_aborted.max=-1) (multipart_upload_part_put.max=-1) (action_executor_acquired.max=0) (object_put_request.failures.max=-1) (multipart_upload_part_put.failures.max=-1) (object_multipart_initiated.failures.max=-1) (object_multipart_aborted.failures.max=-1) (op_abort.failures.max=-1) (object_put_request.max=34) (op_abort.max=-1) (multipart_upload_completed.max=-1) (committer_magic_marker_put.max=-1));
means=((multipart_upload_part_put.mean=(samples=0, sum=0, mean=0.0000)) (op_abort.mean=(samples=0, sum=0, mean=0.0000)) (object_multipart_aborted.mean=(samples=0, sum=0, mean=0.0000)) (object_put_request.failures.mean=(samples=0, sum=0, mean=0.0000)) (multipart_upload_completed.failures.mean=(samples=0, sum=0, mean=0.0000)) (object_multipart_initiated.failures.mean=(samples=0, sum=0, mean=0.0000)) (committer_magic_marker_put.failures.mean=(samples=0, sum=0, mean=0.0000)) (action_executor_acquired.mean=(samples=1, sum=0, mean=0.0000)) (multipart_upload_part_put.failures.mean=(samples=0, sum=0, mean=0.0000)) (object_multipart_aborted.failures.mean=(samples=0, sum=0, mean=0.0000)) (committer_magic_marker_put.mean=(samples=0, sum=0, mean=0.0000)) (object_put_request.mean=(samples=1, sum=34, mean=34.0000)) (op_abort.failures.mean=(samples=0, sum=0, mean=0.0000)) (multipart_upload_completed.mean=(samples=0, sum=0, mean=0.0000)) (object_multipart_initiated.mean=(samples=0, sum=0, mean=0.0000)) (action_executor_acquired.failures.mean=(samples=0, sum=0, mean=0.0000)));
, blocksActive=0, blockUploadsCompleted=1, blocksAllocated=1, blocksReleased=1, blocksActivelyAllocated=0, transferDuration=35 ms, totalUploadDuration=35 ms, effectiveBandwidth=14628.571428571428 bytes/s}
2025-01-02 17:46:59,969 [JUnit-testComplexDirActions] DEBUG s3a.S3ABlockOutputStream (S3ABlockOutputStream.java:close(481)) - Ignoring close() as stream is already closed
2025-01-02 17:46:59,970 [JUnit-testComplexDirActions] DEBUG s3a.S3AFileSystem (S3AFileSystem.java:innerGetFileStatus(4005)) - Getting path status for s3a://obs-bucket/test/testComplexDirActions/dir-0-0002/file--0-0002-0000.txt  (test/testComplexDirActions/dir-0-0002/file--0-0002-0000.txt); needEmptyDirectory=false
2025-01-02 17:46:59,970 [JUnit-testComplexDirActions] DEBUG s3a.S3AFileSystem (S3AFileSystem.java:s3GetFileStatus(4064)) - S3GetFileStatus s3a://obs-bucket/test/testComplexDirActions/dir-0-0002/file--0-0002-0000.txt
2025-01-02 17:46:59,970 [JUnit-testComplexDirActions] DEBUG s3a.S3AFileSystem (S3AFileSystem.java:lambda$getObjectMetadata$10(3044)) - HEAD test/testComplexDirActions/dir-0-0002/file--0-0002-0000.txt with change tracker null
2025-01-02 17:46:59,971 [JUnit-testComplexDirActions] DEBUG impl.LoggingAuditor (LoggingAuditor.java:modifyHttpRequest(410)) - [153] 67226e31-30c8-4b12-bd8d-7af12d75e150-00000151 Executing op_get_file_status with {action_http_head_request 'test/testComplexDirActions/dir-0-0002/file--0-0002-0000.txt' size=0, mutating=false}; https://audit.example.org/hadoop/1/op_get_file_status/67226e31-30c8-4b12-bd8d-7af12d75e150-00000151/?op=op_get_file_status&p1=test/testComplexDirActions/dir-0-0002/file--0-0002-0000.txt&pr=runner&ps=a84b8fc4-c757-4eb1-9a3e-4c3b8d9615e9&id=67226e31-30c8-4b12-bd8d-7af12d75e150-00000151&t0=153&fs=67226e31-30c8-4b12-bd8d-7af12d75e150&t1=153&ts=1735840019970
2025-01-02 17:46:59,976 [JUnit-testComplexDirActions] DEBUG s3a.S3AFileSystem (S3AFileSystem.java:s3GetFileStatus(4080)) - Found exact file: normal file test/testComplexDirActions/dir-0-0002/file--0-0002-0000.txt
2025-01-02 17:46:59,990 [JUnit-testComplexDirActions] DEBUG s3a.S3AFileSystem (S3AFileSystem.java:innerGetFileStatus(4005)) - Getting path status for s3a://obs-bucket/test/testComplexDirActions/dir-0-0002/file--0-0002-0001.txt  (test/testComplexDirActions/dir-0-0002/file--0-0002-0001.txt); needEmptyDirectory=false
2025-01-02 17:46:59,990 [JUnit-testComplexDirActions] DEBUG s3a.S3AFileSystem (S3AFileSystem.java:s3GetFileStatus(4064)) - S3GetFileStatus s3a://obs-bucket/test/testComplexDirActions/dir-0-0002/file--0-0002-0001.txt
2025-01-02 17:46:59,991 [JUnit-testComplexDirActions] INFO  impl.LoggingAuditor (LoggingAuditor.java:requestCreated(516)) - Creating a request outside an audit span {object_list_request 'test/testComplexDirActions/dir-0-0002/file--0-0002-0001.txt/' size=2, mutating=false}
2025-01-02 17:46:59,992 [JUnit-testComplexDirActions] DEBUG impl.LoggingAuditor (LoggingAuditor.java:requestCreated(518)) - Creating a request outside an audit span {object_list_request 'test/testComplexDirActions/dir-0-0002/file--0-0002-0001.txt/' size=2, mutating=false}
org.apache.hadoop.fs.s3a.audit.AuditFailureException: unaudited
	at org.apache.hadoop.fs.s3a.audit.impl.LoggingAuditor$WarningSpan.requestCreated(LoggingAuditor.java:518)
	at org.apache.hadoop.fs.s3a.audit.impl.ActiveAuditManagerS3A$WrappingAuditSpan.requestCreated(ActiveAuditManagerS3A.java:783)
	at org.apache.hadoop.fs.s3a.audit.impl.ActiveAuditManagerS3A.requestCreated(ActiveAuditManagerS3A.java:470)
	at org.apache.hadoop.fs.s3a.impl.RequestFactoryImpl.prepareRequest(RequestFactoryImpl.java:165)
	at org.apache.hadoop.fs.s3a.impl.RequestFactoryImpl.newListObjectsV1RequestBuilder(RequestFactoryImpl.java:618)
	at org.apache.hadoop.fs.s3a.S3AFileSystem.createListObjectsRequest(S3AFileSystem.java:3773)
	at org.apache.hadoop.fs.s3a.S3AFileSystem.s3GetFileStatus(S3AFileSystem.java:4120)
	at org.apache.hadoop.fs.s3a.S3AFileSystem.innerGetFileStatus(S3AFileSystem.java:4007)
	at org.apache.hadoop.fs.s3a.S3AFileSystem.innerCreateFile(S3AFileSystem.java:2162)
	at org.apache.hadoop.fs.s3a.S3AFileSystem.lambda$create$5(S3AFileSystem.java:2116)
	at org.apache.hadoop.fs.statistics.impl.IOStatisticsBinding.invokeTrackingDuration(IOStatisticsBinding.java:547)
	at org.apache.hadoop.fs.statistics.impl.IOStatisticsBinding.lambda$trackDurationOfOperation$5(IOStatisticsBinding.java:528)
	at org.apache.hadoop.fs.statistics.impl.IOStatisticsBinding.trackDuration(IOStatisticsBinding.java:449)
	at org.apache.hadoop.fs.s3a.S3AFileSystem.trackDurationAndSpan(S3AFileSystem.java:2865)
	at org.apache.hadoop.fs.s3a.S3AFileSystem.trackDurationAndSpan(S3AFileSystem.java:2884)
	at org.apache.hadoop.fs.s3a.S3AFileSystem.create(S3AFileSystem.java:2115)
	at org.apache.hadoop.fs.FileSystem.create(FileSystem.java:1233)
	at org.apache.hadoop.fs.FileSystem.create(FileSystem.java:1210)
	at org.apache.hadoop.fs.FileSystem.create(FileSystem.java:1091)
	at org.apache.hadoop.fs.contract.ContractTestUtils.file(ContractTestUtils.java:671)
	at org.apache.hadoop.fs.contract.ContractTestUtils.createFile(ContractTestUtils.java:655)
	at org.apache.hadoop.fs.contract.ContractTestUtils.createSubdirs(ContractTestUtils.java:1430)
	at org.apache.hadoop.fs.contract.ContractTestUtils.createSubdirs(ContractTestUtils.java:1436)
	at org.apache.hadoop.fs.contract.ContractTestUtils.createSubdirs(ContractTestUtils.java:1396)
	at org.apache.hadoop.fs.contract.AbstractContractGetFileStatusTest.createTestTree(AbstractContractGetFileStatusTest.java:494)
	at org.apache.hadoop.fs.contract.AbstractContractGetFileStatusTest.testComplexDirActions(AbstractContractGetFileStatusTest.java:151)
	at java.base/jdk.internal.reflect.NativeMethodAccessorImpl.invoke0(Native Method)
	at java.base/jdk.internal.reflect.NativeMethodAccessorImpl.invoke(NativeMethodAccessorImpl.java:62)
	at java.base/jdk.internal.reflect.DelegatingMethodAccessorImpl.invoke(DelegatingMethodAccessorImpl.java:43)
	at java.base/java.lang.reflect.Method.invoke(Method.java:566)
	at org.junit.runners.model.FrameworkMethod$1.runReflectiveCall(FrameworkMethod.java:59)
	at org.junit.internal.runners.model.ReflectiveCallable.run(ReflectiveCallable.java:12)
	at org.junit.runners.model.FrameworkMethod.invokeExplosively(FrameworkMethod.java:56)
	at org.junit.internal.runners.statements.InvokeMethod.evaluate(InvokeMethod.java:17)
	at org.junit.internal.runners.statements.RunBefores.evaluate(RunBefores.java:26)
	at org.junit.internal.runners.statements.RunAfters.evaluate(RunAfters.java:27)
	at org.junit.rules.TestWatcher$1.evaluate(TestWatcher.java:61)
	at org.junit.internal.runners.statements.FailOnTimeout$CallableStatement.call(FailOnTimeout.java:299)
	at org.junit.internal.runners.statements.FailOnTimeout$CallableStatement.call(FailOnTimeout.java:293)
	at java.base/java.util.concurrent.FutureTask.run(FutureTask.java:264)
	at java.base/java.lang.Thread.run(Thread.java:829)
2025-01-02 17:46:59,992 [JUnit-testComplexDirActions] DEBUG s3a.S3AFileSystem (S3AFileSystem.java:listObjects(3107)) - LIST List obs-bucket:/test/testComplexDirActions/dir-0-0002/file--0-0002-0001.txt/ delimiter=/ keys=2 requester pays=null
2025-01-02 17:46:59,992 [JUnit-testComplexDirActions] DEBUG s3a.S3AFileSystem (DurationInfo.java:<init>(80)) - Starting: LIST
2025-01-02 17:46:59,993 [JUnit-testComplexDirActions] DEBUG impl.LoggingAuditor (LoggingAuditor.java:beforeExecution(547)) - 67226e31-30c8-4b12-bd8d-7af12d75e150-00000105 unaudited operation executing a request outside an audit span {object_list_request 'test/testComplexDirActions/dir-0-0002/file--0-0002-0001.txt/' size=2, mutating=false}
org.apache.hadoop.fs.s3a.audit.AuditFailureException: 67226e31-30c8-4b12-bd8d-7af12d75e150-00000105 unaudited operation executing a request outside an audit span {object_list_request 'test/testComplexDirActions/dir-0-0002/file--0-0002-0001.txt/' size=2, mutating=false}
	at org.apache.hadoop.fs.s3a.audit.impl.LoggingAuditor$WarningSpan.beforeExecution(LoggingAuditor.java:546)
	at org.apache.hadoop.fs.s3a.audit.impl.ActiveAuditManagerS3A$WrappingAuditSpan.beforeExecution(ActiveAuditManagerS3A.java:821)
	at org.apache.hadoop.fs.s3a.audit.impl.ActiveAuditManagerS3A.beforeExecution(ActiveAuditManagerS3A.java:492)
	at software.amazon.awssdk.core.interceptor.ExecutionInterceptorChain.lambda$beforeExecution$1(ExecutionInterceptorChain.java:59)
	at java.base/java.util.ArrayList.forEach(ArrayList.java:1541)
	at software.amazon.awssdk.core.interceptor.ExecutionInterceptorChain.beforeExecution(ExecutionInterceptorChain.java:59)
	at software.amazon.awssdk.awscore.internal.AwsExecutionContextBuilder.runInitialInterceptors(AwsExecutionContextBuilder.java:239)
	at software.amazon.awssdk.awscore.internal.AwsExecutionContextBuilder.invokeInterceptorsAndCreateExecutionContext(AwsExecutionContextBuilder.java:130)
	at software.amazon.awssdk.awscore.client.handler.AwsSyncClientHandler.invokeInterceptorsAndCreateExecutionContext(AwsSyncClientHandler.java:67)
	at software.amazon.awssdk.core.internal.handler.BaseSyncClientHandler.lambda$execute$1(BaseSyncClientHandler.java:76)
	at software.amazon.awssdk.core.internal.handler.BaseSyncClientHandler.measureApiCallSuccess(BaseSyncClientHandler.java:182)
	at software.amazon.awssdk.core.internal.handler.BaseSyncClientHandler.execute(BaseSyncClientHandler.java:74)
	at software.amazon.awssdk.core.client.handler.SdkSyncClientHandler.execute(SdkSyncClientHandler.java:45)
	at software.amazon.awssdk.awscore.client.handler.AwsSyncClientHandler.execute(AwsSyncClientHandler.java:53)
	at software.amazon.awssdk.services.s3.DefaultS3Client.listObjects(DefaultS3Client.java:7185)
	at software.amazon.awssdk.services.s3.DelegatingS3Client.lambda$listObjects$62(DelegatingS3Client.java:5733)
	at software.amazon.awssdk.services.s3.internal.crossregion.S3CrossRegionSyncClient.invokeOperation(S3CrossRegionSyncClient.java:67)
	at software.amazon.awssdk.services.s3.DelegatingS3Client.listObjects(DelegatingS3Client.java:5733)
	at org.apache.hadoop.fs.s3a.S3AFileSystem.lambda$listObjects$13(S3AFileSystem.java:3118)
	at org.apache.hadoop.fs.statistics.impl.IOStatisticsBinding.invokeTrackingDuration(IOStatisticsBinding.java:547)
	at org.apache.hadoop.fs.statistics.impl.IOStatisticsBinding.lambda$trackDurationOfOperation$5(IOStatisticsBinding.java:528)
	at org.apache.hadoop.fs.s3a.Invoker.retryUntranslated(Invoker.java:468)
	at org.apache.hadoop.fs.s3a.Invoker.retryUntranslated(Invoker.java:431)
	at org.apache.hadoop.fs.s3a.S3AFileSystem.listObjects(S3AFileSystem.java:3111)
	at org.apache.hadoop.fs.s3a.S3AFileSystem.s3GetFileStatus(S3AFileSystem.java:4123)
	at org.apache.hadoop.fs.s3a.S3AFileSystem.innerGetFileStatus(S3AFileSystem.java:4007)
	at org.apache.hadoop.fs.s3a.S3AFileSystem.innerCreateFile(S3AFileSystem.java:2162)
	at org.apache.hadoop.fs.s3a.S3AFileSystem.lambda$create$5(S3AFileSystem.java:2116)
	at org.apache.hadoop.fs.statistics.impl.IOStatisticsBinding.invokeTrackingDuration(IOStatisticsBinding.java:547)
	at org.apache.hadoop.fs.statistics.impl.IOStatisticsBinding.lambda$trackDurationOfOperation$5(IOStatisticsBinding.java:528)
	at org.apache.hadoop.fs.statistics.impl.IOStatisticsBinding.trackDuration(IOStatisticsBinding.java:449)
	at org.apache.hadoop.fs.s3a.S3AFileSystem.trackDurationAndSpan(S3AFileSystem.java:2865)
	at org.apache.hadoop.fs.s3a.S3AFileSystem.trackDurationAndSpan(S3AFileSystem.java:2884)
	at org.apache.hadoop.fs.s3a.S3AFileSystem.create(S3AFileSystem.java:2115)
	at org.apache.hadoop.fs.FileSystem.create(FileSystem.java:1233)
	at org.apache.hadoop.fs.FileSystem.create(FileSystem.java:1210)
	at org.apache.hadoop.fs.FileSystem.create(FileSystem.java:1091)
	at org.apache.hadoop.fs.contract.ContractTestUtils.file(ContractTestUtils.java:671)
	at org.apache.hadoop.fs.contract.ContractTestUtils.createFile(ContractTestUtils.java:655)
	at org.apache.hadoop.fs.contract.ContractTestUtils.createSubdirs(ContractTestUtils.java:1430)
	at org.apache.hadoop.fs.contract.ContractTestUtils.createSubdirs(ContractTestUtils.java:1436)
	at org.apache.hadoop.fs.contract.ContractTestUtils.createSubdirs(ContractTestUtils.java:1396)
	at org.apache.hadoop.fs.contract.AbstractContractGetFileStatusTest.createTestTree(AbstractContractGetFileStatusTest.java:494)
	at org.apache.hadoop.fs.contract.AbstractContractGetFileStatusTest.testComplexDirActions(AbstractContractGetFileStatusTest.java:151)
	at java.base/jdk.internal.reflect.NativeMethodAccessorImpl.invoke0(Native Method)
	at java.base/jdk.internal.reflect.NativeMethodAccessorImpl.invoke(NativeMethodAccessorImpl.java:62)
	at java.base/jdk.internal.reflect.DelegatingMethodAccessorImpl.invoke(DelegatingMethodAccessorImpl.java:43)
	at java.base/java.lang.reflect.Method.invoke(Method.java:566)
	at org.junit.runners.model.FrameworkMethod$1.runReflectiveCall(FrameworkMethod.java:59)
	at org.junit.internal.runners.model.ReflectiveCallable.run(ReflectiveCallable.java:12)
	at org.junit.runners.model.FrameworkMethod.invokeExplosively(FrameworkMethod.java:56)
	at org.junit.internal.runners.statements.InvokeMethod.evaluate(InvokeMethod.java:17)
	at org.junit.internal.runners.statements.RunBefores.evaluate(RunBefores.java:26)
	at org.junit.internal.runners.statements.RunAfters.evaluate(RunAfters.java:27)
	at org.junit.rules.TestWatcher$1.evaluate(TestWatcher.java:61)
	at org.junit.internal.runners.statements.FailOnTimeout$CallableStatement.call(FailOnTimeout.java:299)
	at org.junit.internal.runners.statements.FailOnTimeout$CallableStatement.call(FailOnTimeout.java:293)
	at java.base/java.util.concurrent.FutureTask.run(FutureTask.java:264)
	at java.base/java.lang.Thread.run(Thread.java:829)
2025-01-02 17:46:59,994 [JUnit-testComplexDirActions] DEBUG s3a.Invoker (Invoker.java:retryUntranslated(474)) - List obs-bucket:/test/testComplexDirActions/dir-0-0002/file--0-0002-0001.txt/ delimiter=/ keys=2 requester pays=null ; org.apache.hadoop.fs.s3a.audit.AuditFailureException: 67226e31-30c8-4b12-bd8d-7af12d75e150-00000105 unaudited operation executing a request outside an audit span {object_list_request 'test/testComplexDirActions/dir-0-0002/file--0-0002-0001.txt/' size=2, mutating=false}, 
2025-01-02 17:46:59,994 [JUnit-testComplexDirActions] DEBUG s3a.S3ARetryPolicy (S3ARetryPolicy.java:shouldRetry(318)) - Retry probe for AccessDeniedException with 0 retries and 0 failovers, idempotent=true, due to java.nio.file.AccessDeniedException: /: org.apache.hadoop.fs.s3a.audit.AuditFailureException: 67226e31-30c8-4b12-bd8d-7af12d75e150-00000105 unaudited operation executing a request outside an audit span {object_list_request 'test/testComplexDirActions/dir-0-0002/file--0-0002-0001.txt/' size=2, mutating=false}
java.nio.file.AccessDeniedException: /: org.apache.hadoop.fs.s3a.audit.AuditFailureException: 67226e31-30c8-4b12-bd8d-7af12d75e150-00000105 unaudited operation executing a request outside an audit span {object_list_request 'test/testComplexDirActions/dir-0-0002/file--0-0002-0001.txt/' size=2, mutating=false}
	at org.apache.hadoop.fs.s3a.audit.AuditIntegration.translateAuditException(AuditIntegration.java:161)
	at org.apache.hadoop.fs.s3a.audit.AuditIntegration.maybeTranslateAuditException(AuditIntegration.java:175)
	at org.apache.hadoop.fs.s3a.S3AUtils.translateException(S3AUtils.java:199)
	at org.apache.hadoop.fs.s3a.Invoker.retryUntranslated(Invoker.java:481)
	at org.apache.hadoop.fs.s3a.Invoker.retryUntranslated(Invoker.java:431)
	at org.apache.hadoop.fs.s3a.S3AFileSystem.listObjects(S3AFileSystem.java:3111)
	at org.apache.hadoop.fs.s3a.S3AFileSystem.s3GetFileStatus(S3AFileSystem.java:4123)
	at org.apache.hadoop.fs.s3a.S3AFileSystem.innerGetFileStatus(S3AFileSystem.java:4007)
	at org.apache.hadoop.fs.s3a.S3AFileSystem.innerCreateFile(S3AFileSystem.java:2162)
	at org.apache.hadoop.fs.s3a.S3AFileSystem.lambda$create$5(S3AFileSystem.java:2116)
	at org.apache.hadoop.fs.statistics.impl.IOStatisticsBinding.invokeTrackingDuration(IOStatisticsBinding.java:547)
	at org.apache.hadoop.fs.statistics.impl.IOStatisticsBinding.lambda$trackDurationOfOperation$5(IOStatisticsBinding.java:528)
	at org.apache.hadoop.fs.statistics.impl.IOStatisticsBinding.trackDuration(IOStatisticsBinding.java:449)
	at org.apache.hadoop.fs.s3a.S3AFileSystem.trackDurationAndSpan(S3AFileSystem.java:2865)
	at org.apache.hadoop.fs.s3a.S3AFileSystem.trackDurationAndSpan(S3AFileSystem.java:2884)
	at org.apache.hadoop.fs.s3a.S3AFileSystem.create(S3AFileSystem.java:2115)
	at org.apache.hadoop.fs.FileSystem.create(FileSystem.java:1233)
	at org.apache.hadoop.fs.FileSystem.create(FileSystem.java:1210)
	at org.apache.hadoop.fs.FileSystem.create(FileSystem.java:1091)
	at org.apache.hadoop.fs.contract.ContractTestUtils.file(ContractTestUtils.java:671)
	at org.apache.hadoop.fs.contract.ContractTestUtils.createFile(ContractTestUtils.java:655)
	at org.apache.hadoop.fs.contract.ContractTestUtils.createSubdirs(ContractTestUtils.java:1430)
	at org.apache.hadoop.fs.contract.ContractTestUtils.createSubdirs(ContractTestUtils.java:1436)
	at org.apache.hadoop.fs.contract.ContractTestUtils.createSubdirs(ContractTestUtils.java:1396)
	at org.apache.hadoop.fs.contract.AbstractContractGetFileStatusTest.createTestTree(AbstractContractGetFileStatusTest.java:494)
	at org.apache.hadoop.fs.contract.AbstractContractGetFileStatusTest.testComplexDirActions(AbstractContractGetFileStatusTest.java:151)
	at java.base/jdk.internal.reflect.NativeMethodAccessorImpl.invoke0(Native Method)
	at java.base/jdk.internal.reflect.NativeMethodAccessorImpl.invoke(NativeMethodAccessorImpl.java:62)
	at java.base/jdk.internal.reflect.DelegatingMethodAccessorImpl.invoke(DelegatingMethodAccessorImpl.java:43)
	at java.base/java.lang.reflect.Method.invoke(Method.java:566)
	at org.junit.runners.model.FrameworkMethod$1.runReflectiveCall(FrameworkMethod.java:59)
	at org.junit.internal.runners.model.ReflectiveCallable.run(ReflectiveCallable.java:12)
	at org.junit.runners.model.FrameworkMethod.invokeExplosively(FrameworkMethod.java:56)
	at org.junit.internal.runners.statements.InvokeMethod.evaluate(InvokeMethod.java:17)
	at org.junit.internal.runners.statements.RunBefores.evaluate(RunBefores.java:26)
	at org.junit.internal.runners.statements.RunAfters.evaluate(RunAfters.java:27)
	at org.junit.rules.TestWatcher$1.evaluate(TestWatcher.java:61)
	at org.junit.internal.runners.statements.FailOnTimeout$CallableStatement.call(FailOnTimeout.java:299)
	at org.junit.internal.runners.statements.FailOnTimeout$CallableStatement.call(FailOnTimeout.java:293)
	at java.base/java.util.concurrent.FutureTask.run(FutureTask.java:264)
	at java.base/java.lang.Thread.run(Thread.java:829)
Caused by: org.apache.hadoop.fs.s3a.audit.AuditFailureException: 67226e31-30c8-4b12-bd8d-7af12d75e150-00000105 unaudited operation executing a request outside an audit span {object_list_request 'test/testComplexDirActions/dir-0-0002/file--0-0002-0001.txt/' size=2, mutating=false}
	at org.apache.hadoop.fs.s3a.audit.impl.LoggingAuditor$WarningSpan.beforeExecution(LoggingAuditor.java:546)
	at org.apache.hadoop.fs.s3a.audit.impl.ActiveAuditManagerS3A$WrappingAuditSpan.beforeExecution(ActiveAuditManagerS3A.java:821)
	at org.apache.hadoop.fs.s3a.audit.impl.ActiveAuditManagerS3A.beforeExecution(ActiveAuditManagerS3A.java:492)
	at software.amazon.awssdk.core.interceptor.ExecutionInterceptorChain.lambda$beforeExecution$1(ExecutionInterceptorChain.java:59)
	at java.base/java.util.ArrayList.forEach(ArrayList.java:1541)
	at software.amazon.awssdk.core.interceptor.ExecutionInterceptorChain.beforeExecution(ExecutionInterceptorChain.java:59)
	at software.amazon.awssdk.awscore.internal.AwsExecutionContextBuilder.runInitialInterceptors(AwsExecutionContextBuilder.java:239)
	at software.amazon.awssdk.awscore.internal.AwsExecutionContextBuilder.invokeInterceptorsAndCreateExecutionContext(AwsExecutionContextBuilder.java:130)
	at software.amazon.awssdk.awscore.client.handler.AwsSyncClientHandler.invokeInterceptorsAndCreateExecutionContext(AwsSyncClientHandler.java:67)
	at software.amazon.awssdk.core.internal.handler.BaseSyncClientHandler.lambda$execute$1(BaseSyncClientHandler.java:76)
	at software.amazon.awssdk.core.internal.handler.BaseSyncClientHandler.measureApiCallSuccess(BaseSyncClientHandler.java:182)
	at software.amazon.awssdk.core.internal.handler.BaseSyncClientHandler.execute(BaseSyncClientHandler.java:74)
	at software.amazon.awssdk.core.client.handler.SdkSyncClientHandler.execute(SdkSyncClientHandler.java:45)
	at software.amazon.awssdk.awscore.client.handler.AwsSyncClientHandler.execute(AwsSyncClientHandler.java:53)
	at software.amazon.awssdk.services.s3.DefaultS3Client.listObjects(DefaultS3Client.java:7185)
	at software.amazon.awssdk.services.s3.DelegatingS3Client.lambda$listObjects$62(DelegatingS3Client.java:5733)
	at software.amazon.awssdk.services.s3.internal.crossregion.S3CrossRegionSyncClient.invokeOperation(S3CrossRegionSyncClient.java:67)
	at software.amazon.awssdk.services.s3.DelegatingS3Client.listObjects(DelegatingS3Client.java:5733)
	at org.apache.hadoop.fs.s3a.S3AFileSystem.lambda$listObjects$13(S3AFileSystem.java:3118)
	at org.apache.hadoop.fs.statistics.impl.IOStatisticsBinding.invokeTrackingDuration(IOStatisticsBinding.java:547)
	at org.apache.hadoop.fs.statistics.impl.IOStatisticsBinding.lambda$trackDurationOfOperation$5(IOStatisticsBinding.java:528)
	at org.apache.hadoop.fs.s3a.Invoker.retryUntranslated(Invoker.java:468)
	... 37 more
2025-01-02 17:46:59,994 [JUnit-testComplexDirActions] DEBUG s3a.S3ARetryPolicy (S3ARetryPolicy.java:shouldRetry(323)) - Retry action is RetryAction(action=FAIL, delayMillis=0, reason=try once and fail.)
2025-01-02 17:46:59,995 [JUnit-testComplexDirActions] DEBUG s3a.S3AFileSystem (DurationInfo.java:close(101)) - LIST: duration 0:00.003s
2025-01-02 17:46:59,998 [JUnit-testComplexDirActions] INFO  contract.AbstractFSContractTestBase (ITestS3AContractGetFileStatusV1List.java:teardown(46)) - FS details S3AFileSystem{uri=s3a://obs-bucket, workingDir=s3a://obs-bucket/user/runner, partSize=67108864, enableMultiObjectsDelete=true, maxKeys=2, performanceFlags={}, OpenFileSupport{changePolicy=ETagChangeDetectionPolicy mode=Server, defaultReadAhead=65536, defaultBufferSize=4096, defaultAsyncDrainThreshold=16000, defaultInputPolicy=default}, blockSize=33554432, multiPartThreshold=134217728, s3EncryptionAlgorithm='NONE', blockFactory=org.apache.hadoop.fs.s3a.S3ADataBlocks$DiskBlockFactory@f54c0b3, auditManager=Service ActiveAuditManagerS3A in state ActiveAuditManagerS3A: STARTED, auditor=LoggingAuditor{ID='67226e31-30c8-4b12-bd8d-7af12d75e150', headerEnabled=true, rejectOutOfSpan=true, isMultipartUploadEnabled=true}}, authoritativePath=[], useListV1=true, magicCommitter=true, boundedExecutor=BlockingThreadPoolExecutorService{SemaphoredDelegatingExecutor{permitCount=224, available=224, waiting=0}, activeCount=0}, unboundedExecutor=java.util.concurrent.ThreadPoolExecutor@7ad83bc9[Running, pool size = 0, active threads = 0, queued tasks = 0, completed tasks = 0], credentials=AWSCredentialProviderList name=; refcount= 1; size=4: [TemporaryAWSCredentialsProvider, SimpleAWSCredentialsProvider{accessKey.empty=false, secretKey.empty=false}, EnvironmentVariableCredentialsProvider(), IAMInstanceCredentialsProvider{credentialsProvider=ContainerCredentialsProvider(), isContainerCredentialsProvider=true}] last provider: SimpleAWSCredentialsProvider{accessKey.empty=false, secretKey.empty=false}, delegation tokens=disabled, DirectoryMarkerRetention{policy='keep'}, instrumentation {S3AInstrumentation{instanceIOStatistics=counters=((object_delete_objects=0) (object_bulk_delete_request.failures=0) (committer_jobs_failed=0) (files_deleted=0) (op_mkdirs=11) (op_abort=0) (store_exists_probe=0) (stream_write_total_time=619) (committer_load_single_pending_file=0) (object_copy_requests=0) (stream_read_close_operations=0) (audit_failure=1) (stream_read_vectored_incoming_ranges=0) (stream_read_vectored_combined_ranges=0) (committer_bytes_uploaded=0) (op_is_file.failures=0) (store_exists_probe.failures=0) (action_http_get_request=0) (stream_read_bytes_backwards_on_seek=0) (action_http_get_request.failures=0) (stream_read_exceptions=0) (object_multipart_aborted.failures=0) (committer_magic_files_created=0) (stream_read_operations_incomplete=0) (committer_commits_created=0) (op_xattr_get_named=0) (stream_read_bytes_discarded_in_close=0) (http_response_4XX=0) (object_delete_request=0) (op_exists=0) (op_access=0) (stream_read_seek_forward_operations=0) (op_list_located_status=0) (object_list_request.failures=1) (files_copied_bytes=0) (op_is_directory.failures=0) (object_continue_list_request.failures=0) (op_createfile=0) (stream_read_closed=0) (op_get_file_checksum.failures=0) (store_io_throttled=0) (stream_read_seek_operations=0) (op_delete.failures=0) (stream_write_exceptions_completing_upload=0) (committer_jobs_completed=0) (stream_read_unbuffered=0) (op_create_non_recursive=0) (committer_stage_file_upload=0) (op_xattr_get_named_map=0) (op_rename=0) (stream_read_bytes_discarded_in_abort=0) (op_get_file_checksum=0) (delegation_tokens_issued=0) (stream_write_bytes=6656) (action_executor_acquired.failures=0) (multipart_upload_abort_under_path_invoked=0) (op_xattr_get_named_map.failures=0) (stream_read_seek_bytes_discarded=0) (op_open=0) (store_client_creation=1) (op_copy_from_local_file=0) (stream_read_remote_stream_drain.failures=0) (stream_file_cache_eviction.failures=0) (committer_commits_aborted=0) (stream_read_vectored_operations=0) (stream_read_seek_policy_changed=0) (stream_read_remote_stream_drain=0) (op_xattr_list=0) (committer_tasks_completed=0) (op_delete=0) (filesystem_close=0) (multipart_upload_started=0) (op_create=14) (stream_aborted=0) (op_xattr_get_named.failures=0) (stream_evict_blocks_from_cache=0) (op_list_files=0) (stream_read_total_bytes=0) (object_multipart_aborted=0) (op_glob_status.failures=0) (op_get_content_summary=0) (stream_read_fully_operations=0) (op_access.failures=0) (committer_commit_job=0) (object_metadata_request=32) (object_continue_list_request=0) (op_copy_from_local_file.failures=0) (committer_commits.failures=0) (store_io_request=98) (action_file_opened=0) (stream_read_version_mismatches=0) (stream_read_vectored_read_bytes_discarded=0) (http_response_5XX=0) (files_created=13) (op_xattr_get_map.failures=0) (op_rename.failures=0) (multipart_upload_list.failures=0) (action_executor_acquired=0) (store_io_rate_limited_duration=0) (committer_magic_marker_put.failures=0) (stream_write_block_uploads=26) (stream_read_operations=0) (committer_bytes_committed=0) (action_http_head_request.failures=0) (committer_commit_job.failures=0) (stream_write_queue_duration=0) (op_get_delegation_token.failures=0) (op_xattr_list.failures=0) (op_list_status=0) (multipart_upload_list=0) (stream_write_total_data=13312) (op_create.failures=1) (http_response_500=0) (ignored_errors=0) (stream_read_remote_stream_aborted.failures=0) (object_list_request=43) (multipart_instantiated=0) (http_response_503=0) (op_is_file=0) (fake_directories_created=0) (object_bulk_delete_request=0) (op_abort.failures=0) (object_put_bytes=6656) (stream_read_bytes=0) (object_multipart_initiated.failures=0) (action_file_opened.failures=0) (op_list_files.failures=0) (multipart_upload_part_put=0) (http_response_429=0) (object_multipart_list.failures=0) (store_io_rate_limited_duration.failures=0) (filesystem_close.failures=0) (op_xattr_get_map=0) (committer_tasks_failed=0) (http_response_400=0) (store_io_retry=0) (audit_span_creation=47) (object_put_request=24) (committer_load_single_pending_file.failures=0) (op_get_content_summary.failures=0) (multipart_upload_completed=0) (committer_commits_reverted=0) (op_list_status.failures=0) (committer_magic_marker_put=0) (op_get_file_status=21) (object_put_request_completed=24) (action_http_head_request=32) (stream_read_remote_stream_aborted=0) (op_createfile.failures=0) (stream_write_block_uploads_committed=0) (object_delete_request.failures=0) (directories_deleted=0) (op_exists.failures=0) (filesystem_initialization.failures=0) (stream_write_exceptions=0) (stream_read_seek_bytes_skipped=0) (stream_read_opened=0) (delegation_tokens_issued.failures=0) (stream_file_cache_eviction=0) (store_client_creation.failures=0) (op_get_delegation_token=0) (multipart_upload_part_put_bytes=0) (stream_write_block_uploads_aborted=0) (op_bulk-delete=0) (committer_materialize_file.failures=0) (op_is_directory=0) (audit_request_execution=99) (object_multipart_initiated=0) (committer_stage_file_upload.failures=0) (op_hflush=0) (op_get_file_status.failures=0) (object_multipart_list=0) (files_copied=0) (filesystem_initialization=1) (multipart_upload_aborted=0) (op_openfile=0) (op_hsync=0) (committer_materialize_file=0) (stream_write_queue_duration.failures=0) (directories_created=11) (files_delete_rejected=0) (committer_commits_completed=0) (fake_directories_deleted=0) (op_mkdirs.failures=0) (object_put_request.failures=0) (stream_read_seek_backward_operations=0) (audit_access_check_failure=0) (op_glob_status=0));
gauges=((stream_read_active_prefetch_operations=0) (object_put_bytes_pending=0) (stream_write_block_uploads_pending=0) (object_put_request_active=0) (stream_read_blocks_in_cache=0) (stream_read_active_memory_in_use=0) (client_side_encryption_enabled=0) (stream_write_block_uploads_data_pending=0) (stream_write_block_uploads_active=0));
minimums=((op_copy_from_local_file.min=-1) (op_mkdirs.min=37) (stream_file_cache_eviction.failures.min=-1) (op_createfile.failures.min=-1) (committer_load_single_pending_file.min=-1) (op_get_file_status.min=6) (delegation_tokens_issued.failures.min=-1) (action_http_head_request.min=3) (op_copy_from_local_file.failures.min=-1) (object_put_request.min=34) (op_abort.failures.min=-1) (store_exists_probe.min=-1) (op_get_delegation_token.failures.min=-1) (action_file_opened.min=-1) (op_xattr_get_named_map.failures.min=-1) (object_bulk_delete_request.failures.min=-1) (op_get_content_summary.failures.min=-1) (committer_magic_marker_put.failures.min=-1) (op_abort.min=-1) (op_access.min=-1) (object_multipart_initiated.min=-1) (stream_write_queue_duration.min=-1) (committer_materialize_file.min=-1) (op_get_file_status.failures.min=-1) (store_client_creation.min=4) (delegation_tokens_issued.min=-1) (op_exists.min=-1) (object_put_request.failures.min=-1) (multipart_upload_list.min=-1) (op_get_delegation_token.min=-1) (object_delete_request.min=-1) (object_multipart_list.min=-1) (committer_materialize_file.failures.min=-1) (stream_read_remote_stream_aborted.failures.min=-1) (op_mkdirs.failures.min=-1) (committer_load_single_pending_file.failures.min=-1) (op_list_files.failures.min=-1) (op_delete.failures.min=-1) (op_glob_status.min=-1) (action_http_get_request.min=-1) (op_xattr_list.min=-1) (object_multipart_aborted.failures.min=-1) (committer_stage_file_upload.min=-1) (stream_read_remote_stream_aborted.min=-1) (stream_read_remote_stream_drain.failures.min=-1) (object_multipart_initiated.failures.min=-1) (store_client_creation.failures.min=-1) (op_is_directory.failures.min=-1) (filesystem_initialization.failures.min=-1) (store_io_rate_limited_duration.failures.min=-1) (committer_commit_job.failures.min=-1) (multipart_upload_list.failures.min=-1) (filesystem_initialization.min=9) (object_list_request.failures.min=2) (op_xattr_list.failures.min=-1) (op_access.failures.min=-1) (object_delete_request.failures.min=-1) (stream_file_cache_eviction.min=-1) (committer_magic_marker_put.min=-1) (action_http_get_request.failures.min=-1) (op_get_file_checksum.min=-1) (filesystem_close.failures.min=-1) (op_xattr_get_map.min=-1) (op_rename.min=-1) (action_executor_acquired.failures.min=-1) (op_create.min=7) (op_delete.min=-1) (stream_write_queue_duration.failures.min=-1) (op_list_status.failures.min=-1) (action_http_head_request.failures.min=-1) (op_xattr_get_named.failures.min=-1) (op_glob_status.failures.min=-1) (op_create.failures.min=5) (op_is_file.failures.min=-1) (filesystem_close.min=-1) (op_exists.failures.min=-1) (object_continue_list_request.min=-1) (object_multipart_aborted.min=-1) (op_list_files.min=-1) (op_is_file.min=-1) (committer_stage_file_upload.failures.min=-1) (op_xattr_get_named.min=-1) (op_rename.failures.min=-1) (op_createfile.min=-1) (op_list_status.min=-1) (action_file_opened.failures.min=-1) (object_continue_list_request.failures.min=-1) (op_get_file_checksum.failures.min=-1) (op_is_directory.min=-1) (committer_commit_job.min=-1) (object_multipart_list.failures.min=-1) (stream_read_remote_stream_drain.min=-1) (object_list_request.min=5) (op_xattr_get_named_map.min=-1) (object_bulk_delete_request.min=-1) (store_exists_probe.failures.min=-1) (op_get_content_summary.min=-1) (store_io_rate_limited_duration.min=-1) (action_executor_acquired.min=0) (op_xattr_get_map.failures.min=-1));
maximums=((delegation_tokens_issued.failures.max=-1) (store_io_rate_limited_duration.max=-1) (object_put_request.max=67) (stream_read_remote_stream_aborted.failures.max=-1) (op_xattr_get_named_map.max=-1) (op_xattr_get_map.failures.max=-1) (op_is_file.max=-1) (op_get_file_checksum.max=-1) (stream_read_remote_stream_aborted.max=-1) (op_xattr_list.max=-1) (committer_magic_marker_put.max=-1) (filesystem_initialization.failures.max=-1) (action_http_get_request.failures.max=-1) (op_rename.max=-1) (filesystem_close.max=-1) (op_xattr_get_map.max=-1) (store_exists_probe.max=-1) (object_list_request.max=19) (committer_stage_file_upload.failures.max=-1) (action_file_opened.max=-1) (stream_read_remote_stream_drain.max=-1) (action_file_opened.failures.max=-1) (op_createfile.max=-1) (delegation_tokens_issued.max=-1) (object_multipart_aborted.failures.max=-1) (object_continue_list_request.failures.max=-1) (op_list_files.max=-1) (op_get_content_summary.failures.max=-1) (store_io_rate_limited_duration.failures.max=-1) (op_is_file.failures.max=-1) (op_get_content_summary.max=-1) (stream_read_remote_stream_drain.failures.max=-1) (op_delete.max=-1) (action_executor_acquired.failures.max=-1) (op_list_status.max=-1) (op_copy_from_local_file.max=-1) (op_mkdirs.max=81) (action_http_head_request.max=21) (op_is_directory.failures.max=-1) (op_get_file_status.failures.max=-1) (committer_materialize_file.max=-1) (op_get_file_checksum.failures.max=-1) (op_mkdirs.failures.max=-1) (op_access.failures.max=-1) (op_glob_status.failures.max=-1) (committer_load_single_pending_file.max=-1) (op_xattr_list.failures.max=-1) (action_http_get_request.max=-1) (op_get_delegation_token.failures.max=-1) (op_glob_status.max=-1) (committer_commit_job.failures.max=-1) (multipart_upload_list.failures.max=-1) (action_http_head_request.failures.max=-1) (op_exists.failures.max=-1) (op_abort.failures.max=-1) (op_access.max=-1) (filesystem_close.failures.max=-1) (op_abort.max=-1) (multipart_upload_list.max=-1) (object_multipart_initiated.max=-1) (object_multipart_list.max=-1) (object_bulk_delete_request.failures.max=-1) (op_xattr_get_named.max=-1) (stream_write_queue_duration.failures.max=-1) (committer_materialize_file.failures.max=-1) (object_list_request.failures.max=2) (stream_write_queue_duration.max=-1) (object_bulk_delete_request.max=-1) (op_list_files.failures.max=-1) (op_create.failures.max=5) (object_multipart_aborted.max=-1) (op_create.max=16) (object_put_request.failures.max=-1) (op_get_file_status.max=35) (object_continue_list_request.max=-1) (stream_file_cache_eviction.max=-1) (op_copy_from_local_file.failures.max=-1) (action_executor_acquired.max=0) (store_client_creation.failures.max=-1) (object_delete_request.failures.max=-1) (op_delete.failures.max=-1) (stream_file_cache_eviction.failures.max=-1) (op_xattr_get_named.failures.max=-1) (filesystem_initialization.max=9) (object_delete_request.max=-1) (committer_load_single_pending_file.failures.max=-1) (store_exists_probe.failures.max=-1) (committer_magic_marker_put.failures.max=-1) (committer_stage_file_upload.max=-1) (committer_commit_job.max=-1) (store_client_creation.max=4) (op_get_delegation_token.max=-1) (op_rename.failures.max=-1) (op_xattr_get_named_map.failures.max=-1) (op_list_status.failures.max=-1) (object_multipart_initiated.failures.max=-1) (object_multipart_list.failures.max=-1) (op_is_directory.max=-1) (op_createfile.failures.max=-1) (op_exists.max=-1));
means=((stream_file_cache_eviction.failures.mean=(samples=0, sum=0, mean=0.0000)) (action_http_get_request.mean=(samples=0, sum=0, mean=0.0000)) (filesystem_close.mean=(samples=0, sum=0, mean=0.0000)) (action_file_opened.failures.mean=(samples=0, sum=0, mean=0.0000)) (committer_materialize_file.failures.mean=(samples=0, sum=0, mean=0.0000)) (delegation_tokens_issued.failures.mean=(samples=0, sum=0, mean=0.0000)) (op_list_status.failures.mean=(samples=0, sum=0, mean=0.0000)) (object_delete_request.failures.mean=(samples=0, sum=0, mean=0.0000)) (op_get_file_checksum.mean=(samples=0, sum=0, mean=0.0000)) (op_xattr_get_named.failures.mean=(samples=0, sum=0, mean=0.0000)) (op_get_content_summary.mean=(samples=0, sum=0, mean=0.0000)) (object_continue_list_request.failures.mean=(samples=0, sum=0, mean=0.0000)) (store_exists_probe.failures.mean=(samples=0, sum=0, mean=0.0000)) (filesystem_initialization.mean=(samples=1, sum=9, mean=9.0000)) (op_mkdirs.failures.mean=(samples=0, sum=0, mean=0.0000)) (object_put_request.mean=(samples=24, sum=878, mean=36.5833)) (committer_magic_marker_put.mean=(samples=0, sum=0, mean=0.0000)) (stream_read_remote_stream_aborted.failures.mean=(samples=0, sum=0, mean=0.0000)) (op_exists.failures.mean=(samples=0, sum=0, mean=0.0000)) (op_create.failures.mean=(samples=1, sum=5, mean=5.0000)) (op_access.failures.mean=(samples=0, sum=0, mean=0.0000)) (op_glob_status.failures.mean=(samples=0, sum=0, mean=0.0000)) (filesystem_initialization.failures.mean=(samples=0, sum=0, mean=0.0000)) (op_get_content_summary.failures.mean=(samples=0, sum=0, mean=0.0000)) (multipart_upload_list.failures.mean=(samples=0, sum=0, mean=0.0000)) (op_glob_status.mean=(samples=0, sum=0, mean=0.0000)) (object_multipart_list.failures.mean=(samples=0, sum=0, mean=0.0000)) (action_http_get_request.failures.mean=(samples=0, sum=0, mean=0.0000)) (action_executor_acquired.mean=(samples=13, sum=0, mean=0.0000)) (op_list_files.mean=(samples=0, sum=0, mean=0.0000)) (store_exists_probe.mean=(samples=0, sum=0, mean=0.0000)) (stream_read_remote_stream_drain.mean=(samples=0, sum=0, mean=0.0000)) (object_put_request.failures.mean=(samples=0, sum=0, mean=0.0000)) (object_list_request.mean=(samples=42, sum=380, mean=9.0476)) (object_continue_list_request.mean=(samples=0, sum=0, mean=0.0000)) (op_createfile.failures.mean=(samples=0, sum=0, mean=0.0000)) (store_io_rate_limited_duration.failures.mean=(samples=0, sum=0, mean=0.0000)) (object_multipart_initiated.failures.mean=(samples=0, sum=0, mean=0.0000)) (op_xattr_get_map.mean=(samples=0, sum=0, mean=0.0000)) (op_is_file.failures.mean=(samples=0, sum=0, mean=0.0000)) (stream_write_queue_duration.mean=(samples=0, sum=0, mean=0.0000)) (object_list_request.failures.mean=(samples=1, sum=2, mean=2.0000)) (delegation_tokens_issued.mean=(samples=0, sum=0, mean=0.0000)) (op_get_file_status.failures.mean=(samples=0, sum=0, mean=0.0000)) (stream_write_queue_duration.failures.mean=(samples=0, sum=0, mean=0.0000)) (op_is_file.mean=(samples=0, sum=0, mean=0.0000)) (store_client_creation.mean=(samples=1, sum=4, mean=4.0000)) (object_multipart_aborted.failures.mean=(samples=0, sum=0, mean=0.0000)) (filesystem_close.failures.mean=(samples=0, sum=0, mean=0.0000)) (op_list_status.mean=(samples=0, sum=0, mean=0.0000)) (op_list_files.failures.mean=(samples=0, sum=0, mean=0.0000)) (op_is_directory.failures.mean=(samples=0, sum=0, mean=0.0000)) (committer_load_single_pending_file.failures.mean=(samples=0, sum=0, mean=0.0000)) (object_multipart_initiated.mean=(samples=0, sum=0, mean=0.0000)) (committer_stage_file_upload.mean=(samples=0, sum=0, mean=0.0000)) (op_rename.failures.mean=(samples=0, sum=0, mean=0.0000)) (op_copy_from_local_file.mean=(samples=0, sum=0, mean=0.0000)) (committer_load_single_pending_file.mean=(samples=0, sum=0, mean=0.0000)) (store_client_creation.failures.mean=(samples=0, sum=0, mean=0.0000)) (op_get_delegation_token.failures.mean=(samples=0, sum=0, mean=0.0000)) (op_xattr_get_named_map.mean=(samples=0, sum=0, mean=0.0000)) (op_xattr_get_named.mean=(samples=0, sum=0, mean=0.0000)) (action_http_head_request.mean=(samples=32, sum=232, mean=7.2500)) (op_get_file_status.mean=(samples=21, sum=282, mean=13.4286)) (committer_magic_marker_put.failures.mean=(samples=0, sum=0, mean=0.0000)) (multipart_upload_list.mean=(samples=0, sum=0, mean=0.0000)) (op_access.mean=(samples=0, sum=0, mean=0.0000)) (op_get_delegation_token.mean=(samples=0, sum=0, mean=0.0000)) (committer_materialize_file.mean=(samples=0, sum=0, mean=0.0000)) (op_xattr_get_map.failures.mean=(samples=0, sum=0, mean=0.0000)) (committer_stage_file_upload.failures.mean=(samples=0, sum=0, mean=0.0000)) (store_io_rate_limited_duration.mean=(samples=0, sum=0, mean=0.0000)) (op_mkdirs.mean=(samples=11, sum=579, mean=52.6364)) (op_rename.mean=(samples=0, sum=0, mean=0.0000)) (op_xattr_list.failures.mean=(samples=0, sum=0, mean=0.0000)) (object_bulk_delete_request.mean=(samples=0, sum=0, mean=0.0000)) (stream_read_remote_stream_drain.failures.mean=(samples=0, sum=0, mean=0.0000)) (stream_read_remote_stream_aborted.mean=(samples=0, sum=0, mean=0.0000)) (op_xattr_list.mean=(samples=0, sum=0, mean=0.0000)) (object_multipart_aborted.mean=(samples=0, sum=0, mean=0.0000)) (object_delete_request.mean=(samples=0, sum=0, mean=0.0000)) (op_delete.mean=(samples=0, sum=0, mean=0.0000)) (op_abort.failures.mean=(samples=0, sum=0, mean=0.0000)) (op_is_directory.mean=(samples=0, sum=0, mean=0.0000)) (committer_commit_job.failures.mean=(samples=0, sum=0, mean=0.0000)) (op_get_file_checksum.failures.mean=(samples=0, sum=0, mean=0.0000)) (op_xattr_get_named_map.failures.mean=(samples=0, sum=0, mean=0.0000)) (action_http_head_request.failures.mean=(samples=0, sum=0, mean=0.0000)) (op_createfile.mean=(samples=0, sum=0, mean=0.0000)) (action_file_opened.mean=(samples=0, sum=0, mean=0.0000)) (op_abort.mean=(samples=0, sum=0, mean=0.0000)) (op_exists.mean=(samples=0, sum=0, mean=0.0000)) (object_bulk_delete_request.failures.mean=(samples=0, sum=0, mean=0.0000)) (object_multipart_list.mean=(samples=0, sum=0, mean=0.0000)) (stream_file_cache_eviction.mean=(samples=0, sum=0, mean=0.0000)) (committer_commit_job.mean=(samples=0, sum=0, mean=0.0000)) (op_copy_from_local_file.failures.mean=(samples=0, sum=0, mean=0.0000)) (action_executor_acquired.failures.mean=(samples=0, sum=0, mean=0.0000)) (op_delete.failures.mean=(samples=0, sum=0, mean=0.0000)) (op_create.mean=(samples=13, sum=137, mean=10.5385)));
}}, ClientSideEncryption=false}
2025-01-02 17:46:59,999 [teardown] DEBUG s3a.S3AFileSystem (S3AFileSystem.java:innerGetFileStatus(4005)) - Getting path status for s3a://obs-bucket/test  (test); needEmptyDirectory=true
2025-01-02 17:46:59,999 [teardown] DEBUG s3a.S3AFileSystem (S3AFileSystem.java:s3GetFileStatus(4064)) - S3GetFileStatus s3a://obs-bucket/test
2025-01-02 17:46:59,999 [teardown] DEBUG s3a.S3AFileSystem (S3AFileSystem.java:lambda$getObjectMetadata$10(3044)) - HEAD test with change tracker null
2025-01-02 17:47:00,001 [teardown] DEBUG impl.LoggingAuditor (LoggingAuditor.java:modifyHttpRequest(410)) - [153] 67226e31-30c8-4b12-bd8d-7af12d75e150-00000153 Executing op_delete with {action_http_head_request 'test' size=0, mutating=false}; https://audit.example.org/hadoop/1/op_delete/67226e31-30c8-4b12-bd8d-7af12d75e150-00000153/?op=op_delete&p1=s3a://obs-bucket/test&pr=runner&ps=a84b8fc4-c757-4eb1-9a3e-4c3b8d9615e9&id=67226e31-30c8-4b12-bd8d-7af12d75e150-00000153&t0=153&fs=67226e31-30c8-4b12-bd8d-7af12d75e150&t1=153&ts=1735840019998
2025-01-02 17:47:00,006 [teardown] DEBUG s3a.Invoker (Invoker.java:retryUntranslated(474)) - GET test ; software.amazon.awssdk.services.s3.model.NoSuchKeyException: null (Service: S3, Status Code: 404, Request ID: bda80d0c-552a-4fdd-b4ce-f5a8fc3f952b, Extended Request ID: SeEv1I2yVN) (Service: S3, Status Code: 404, Request ID: bda80d0c-552a-4fdd-b4ce-f5a8fc3f952b), 
2025-01-02 17:47:00,007 [teardown] DEBUG s3a.S3ARetryPolicy (S3ARetryPolicy.java:shouldRetry(318)) - Retry probe for FileNotFoundException with 0 retries and 0 failovers, idempotent=true, due to java.io.FileNotFoundException: GET test on /: software.amazon.awssdk.services.s3.model.NoSuchKeyException: null (Service: S3, Status Code: 404, Request ID: bda80d0c-552a-4fdd-b4ce-f5a8fc3f952b, Extended Request ID: SeEv1I2yVN) (Service: S3, Status Code: 404, Request ID: bda80d0c-552a-4fdd-b4ce-f5a8fc3f952b):NoSuchKey
java.io.FileNotFoundException: GET test on /: software.amazon.awssdk.services.s3.model.NoSuchKeyException: null (Service: S3, Status Code: 404, Request ID: bda80d0c-552a-4fdd-b4ce-f5a8fc3f952b, Extended Request ID: SeEv1I2yVN) (Service: S3, Status Code: 404, Request ID: bda80d0c-552a-4fdd-b4ce-f5a8fc3f952b):NoSuchKey
	at org.apache.hadoop.fs.s3a.S3AUtils.translateException(S3AUtils.java:279)
	at org.apache.hadoop.fs.s3a.Invoker.retryUntranslated(Invoker.java:481)
	at org.apache.hadoop.fs.s3a.Invoker.retryUntranslated(Invoker.java:431)
	at org.apache.hadoop.fs.s3a.S3AFileSystem.getObjectMetadata(S3AFileSystem.java:3036)
	at org.apache.hadoop.fs.s3a.S3AFileSystem.getObjectMetadata(S3AFileSystem.java:3016)
	at org.apache.hadoop.fs.s3a.S3AFileSystem.s3GetFileStatus(S3AFileSystem.java:4079)
	at org.apache.hadoop.fs.s3a.S3AFileSystem.innerGetFileStatus(S3AFileSystem.java:4007)
	at org.apache.hadoop.fs.s3a.S3AFileSystem.deleteWithoutCloseCheck(S3AFileSystem.java:3592)
	at org.apache.hadoop.fs.s3a.S3AFileSystem.delete(S3AFileSystem.java:3564)
	at org.apache.hadoop.fs.contract.ContractTestUtils.rm(ContractTestUtils.java:421)
	at org.apache.hadoop.fs.contract.ContractTestUtils.cleanup(ContractTestUtils.java:398)
	at org.apache.hadoop.fs.contract.AbstractFSContractTestBase.deleteTestDirInTeardown(AbstractFSContractTestBase.java:229)
	at org.apache.hadoop.fs.contract.AbstractFSContractTestBase.teardown(AbstractFSContractTestBase.java:217)
	at org.apache.hadoop.fs.s3a.ITestS3AContractGetFileStatusV1List.teardown(ITestS3AContractGetFileStatusV1List.java:47)
	at java.base/jdk.internal.reflect.NativeMethodAccessorImpl.invoke0(Native Method)
	at java.base/jdk.internal.reflect.NativeMethodAccessorImpl.invoke(NativeMethodAccessorImpl.java:62)
	at java.base/jdk.internal.reflect.DelegatingMethodAccessorImpl.invoke(DelegatingMethodAccessorImpl.java:43)
	at java.base/java.lang.reflect.Method.invoke(Method.java:566)
	at org.junit.runners.model.FrameworkMethod$1.runReflectiveCall(FrameworkMethod.java:59)
	at org.junit.internal.runners.model.ReflectiveCallable.run(ReflectiveCallable.java:12)
	at org.junit.runners.model.FrameworkMethod.invokeExplosively(FrameworkMethod.java:56)
	at org.junit.internal.runners.statements.RunAfters.invokeMethod(RunAfters.java:46)
	at org.junit.internal.runners.statements.RunAfters.evaluate(RunAfters.java:33)
	at org.junit.rules.TestWatcher$1.evaluate(TestWatcher.java:61)
	at org.junit.internal.runners.statements.FailOnTimeout$CallableStatement.call(FailOnTimeout.java:299)
	at org.junit.internal.runners.statements.FailOnTimeout$CallableStatement.call(FailOnTimeout.java:293)
	at java.base/java.util.concurrent.FutureTask.run(FutureTask.java:264)
	at java.base/java.lang.Thread.run(Thread.java:829)
Caused by: software.amazon.awssdk.services.s3.model.NoSuchKeyException: null (Service: S3, Status Code: 404, Request ID: bda80d0c-552a-4fdd-b4ce-f5a8fc3f952b, Extended Request ID: SeEv1I2yVN) (Service: S3, Status Code: 404, Request ID: bda80d0c-552a-4fdd-b4ce-f5a8fc3f952b)
	at software.amazon.awssdk.services.s3.model.NoSuchKeyException$BuilderImpl.build(NoSuchKeyException.java:126)
	at software.amazon.awssdk.services.s3.model.NoSuchKeyException$BuilderImpl.build(NoSuchKeyException.java:80)
	at software.amazon.awssdk.services.s3.internal.handlers.ExceptionTranslationInterceptor.modifyException(ExceptionTranslationInterceptor.java:63)
	at software.amazon.awssdk.core.interceptor.ExecutionInterceptorChain.modifyException(ExecutionInterceptorChain.java:181)
	at software.amazon.awssdk.core.internal.http.pipeline.stages.utils.ExceptionReportingUtils.runModifyException(ExceptionReportingUtils.java:54)
	at software.amazon.awssdk.core.internal.http.pipeline.stages.utils.ExceptionReportingUtils.reportFailureToInterceptors(ExceptionReportingUtils.java:38)
	at software.amazon.awssdk.core.internal.http.pipeline.stages.ExecutionFailureExceptionReportingStage.execute(ExecutionFailureExceptionReportingStage.java:39)
	at software.amazon.awssdk.core.internal.http.pipeline.stages.ExecutionFailureExceptionReportingStage.execute(ExecutionFailureExceptionReportingStage.java:26)
	at software.amazon.awssdk.core.internal.http.AmazonSyncHttpClient$RequestExecutionBuilderImpl.execute(AmazonSyncHttpClient.java:224)
	at software.amazon.awssdk.core.internal.handler.BaseSyncClientHandler.invoke(BaseSyncClientHandler.java:103)
	at software.amazon.awssdk.core.internal.handler.BaseSyncClientHandler.doExecute(BaseSyncClientHandler.java:173)
	at software.amazon.awssdk.core.internal.handler.BaseSyncClientHandler.lambda$execute$1(BaseSyncClientHandler.java:80)
	at software.amazon.awssdk.core.internal.handler.BaseSyncClientHandler.measureApiCallSuccess(BaseSyncClientHandler.java:182)
	at software.amazon.awssdk.core.internal.handler.BaseSyncClientHandler.execute(BaseSyncClientHandler.java:74)
	at software.amazon.awssdk.core.client.handler.SdkSyncClientHandler.execute(SdkSyncClientHandler.java:45)
	at software.amazon.awssdk.awscore.client.handler.AwsSyncClientHandler.execute(AwsSyncClientHandler.java:53)
	at software.amazon.awssdk.services.s3.DefaultS3Client.headObject(DefaultS3Client.java:6319)
	at software.amazon.awssdk.services.s3.DelegatingS3Client.lambda$headObject$53(DelegatingS3Client.java:5053)
	at software.amazon.awssdk.services.s3.internal.crossregion.S3CrossRegionSyncClient.invokeOperation(S3CrossRegionSyncClient.java:67)
	at software.amazon.awssdk.services.s3.DelegatingS3Client.headObject(DelegatingS3Client.java:5053)
	at org.apache.hadoop.fs.s3a.S3AFileSystem.lambda$getObjectMetadata$10(S3AFileSystem.java:3049)
	at org.apache.hadoop.fs.s3a.Invoker.retryUntranslated(Invoker.java:468)
	... 26 more
2025-01-02 17:47:00,007 [teardown] DEBUG s3a.S3ARetryPolicy (S3ARetryPolicy.java:shouldRetry(323)) - Retry action is RetryAction(action=FAIL, delayMillis=0, reason=try once and fail.)
2025-01-02 17:47:00,008 [teardown] DEBUG s3a.S3AFileSystem (S3AFileSystem.java:listObjects(3107)) - LIST List obs-bucket:/test/ delimiter=/ keys=2 requester pays=null
2025-01-02 17:47:00,009 [teardown] DEBUG s3a.S3AFileSystem (DurationInfo.java:<init>(80)) - Starting: LIST
2025-01-02 17:47:00,010 [teardown] DEBUG impl.LoggingAuditor (LoggingAuditor.java:modifyHttpRequest(410)) - [153] 67226e31-30c8-4b12-bd8d-7af12d75e150-00000153 Executing op_delete with {object_list_request 'test/' size=2, mutating=false}; https://audit.example.org/hadoop/1/op_delete/67226e31-30c8-4b12-bd8d-7af12d75e150-00000153/?op=op_delete&p1=s3a://obs-bucket/test&pr=runner&ps=a84b8fc4-c757-4eb1-9a3e-4c3b8d9615e9&id=67226e31-30c8-4b12-bd8d-7af12d75e150-00000153&t0=153&fs=67226e31-30c8-4b12-bd8d-7af12d75e150&t1=153&ts=1735840019998
2025-01-02 17:47:00,018 [teardown] DEBUG s3a.S3AFileSystem (DurationInfo.java:close(101)) - LIST: duration 0:00.009s
2025-01-02 17:47:00,019 [teardown] DEBUG s3a.S3AFileSystem (S3AFileSystem.java:s3GetFileStatus(4128)) - Found path as directory (with /)
2025-01-02 17:47:00,019 [teardown] DEBUG s3a.S3AFileSystem (S3ListResult.java:logAtDebug(146)) - Prefix count = 1; object count=1
2025-01-02 17:47:00,019 [teardown] DEBUG s3a.S3AFileSystem (S3ListResult.java:logAtDebug(149)) - Summary: test/ 0
2025-01-02 17:47:00,019 [teardown] DEBUG s3a.S3AFileSystem (S3ListResult.java:logAtDebug(152)) - Prefix: test/testComplexDirActions/
2025-01-02 17:47:00,019 [teardown] DEBUG impl.DeleteOperation (DeleteOperation.java:execute(196)) - Delete path s3a://obs-bucket/test - recursive true
2025-01-02 17:47:00,019 [teardown] DEBUG impl.DeleteOperation (DeleteOperation.java:execute(197)) - Type = Directory
2025-01-02 17:47:00,019 [teardown] DEBUG impl.DeleteOperation (DeleteOperation.java:execute(205)) - delete: Path is a directory: s3a://obs-bucket/test
2025-01-02 17:47:00,020 [teardown] DEBUG impl.DeleteOperation (DurationInfo.java:<init>(80)) - Starting: deleting test/
2025-01-02 17:47:00,020 [teardown] DEBUG impl.DeleteOperation (DeleteOperation.java:deleteDirectoryTree(279)) - Getting objects for directory prefix test/ to delete
2025-01-02 17:47:00,020 [teardown] DEBUG s3a.S3AFileSystem (S3AFileSystem.java:innerListFiles(5266)) - listFiles(s3a://obs-bucket/test, true)
2025-01-02 17:47:00,020 [teardown] DEBUG s3a.S3AFileSystem (Listing.java:getListFilesAssumingDir(206)) - Recursive list of all entries under test/
2025-01-02 17:47:00,020 [teardown] DEBUG s3a.Invoker (DurationInfo.java:<init>(80)) - Starting: listObjects()
2025-01-02 17:47:00,021 [s3a-transfer-obs-bucket-unbounded-pool25-t1] DEBUG s3a.S3AFileSystem (S3AFileSystem.java:listObjects(3107)) - LIST List obs-bucket:/test/ delimiter=null keys=2 requester pays=null
2025-01-02 17:47:00,021 [s3a-transfer-obs-bucket-unbounded-pool25-t1] DEBUG s3a.S3AFileSystem (DurationInfo.java:<init>(80)) - Starting: LIST
2025-01-02 17:47:00,022 [s3a-transfer-obs-bucket-unbounded-pool25-t1] DEBUG impl.LoggingAuditor (LoggingAuditor.java:modifyHttpRequest(410)) - [159] 67226e31-30c8-4b12-bd8d-7af12d75e150-00000153 Executing op_delete with {object_list_request 'test/' size=2, mutating=false}; https://audit.example.org/hadoop/1/op_delete/67226e31-30c8-4b12-bd8d-7af12d75e150-00000153/?op=op_delete&p1=s3a://obs-bucket/test&pr=runner&ps=a84b8fc4-c757-4eb1-9a3e-4c3b8d9615e9&id=67226e31-30c8-4b12-bd8d-7af12d75e150-00000153&t0=153&fs=67226e31-30c8-4b12-bd8d-7af12d75e150&t1=159&ts=1735840019998
2025-01-02 17:47:00,030 [s3a-transfer-obs-bucket-unbounded-pool25-t1] DEBUG s3a.S3AFileSystem (DurationInfo.java:close(101)) - LIST: duration 0:00.009s
2025-01-02 17:47:00,030 [teardown] DEBUG s3a.Invoker (DurationInfo.java:close(101)) - listObjects(): duration 0:00.010s
2025-01-02 17:47:00,031 [teardown] DEBUG s3a.S3AFileSystem (Listing.java:fetchNextBatchAsyncIfPresent(677)) - [1], Requesting next 2 objects under s3a://obs-bucket/test
2025-01-02 17:47:00,031 [teardown] DEBUG s3a.S3AFileSystem (Listing.java:buildNextStatusBatch(462)) - s3a://obs-bucket/test: "test/" size=0
2025-01-02 17:47:00,031 [teardown] DEBUG s3a.S3AFileSystem (Listing.java:buildNextStatusBatch(470)) - Adding: S3AFileStatus{path=s3a://obs-bucket/test; isDirectory=true; modification_time=0; access_time=0; owner=runner; group=runner; permission=rwxrwxrwx; isSymlink=false; hasAcl=false; isEncrypted=true; isErasureCoded=false} isEmptyDirectory=UNKNOWN eTag=null versionId=null
2025-01-02 17:47:00,031 [teardown] DEBUG s3a.S3AFileSystem (Listing.java:buildNextStatusBatch(462)) - s3a://obs-bucket/test/testComplexDirActions: "test/testComplexDirActions/" size=0
2025-01-02 17:47:00,031 [teardown] DEBUG s3a.S3AFileSystem (Listing.java:buildNextStatusBatch(470)) - Adding: S3AFileStatus{path=s3a://obs-bucket/test/testComplexDirActions; isDirectory=true; modification_time=0; access_time=0; owner=runner; group=runner; permission=rwxrwxrwx; isSymlink=false; hasAcl=false; isEncrypted=true; isErasureCoded=false} isEmptyDirectory=UNKNOWN eTag=null versionId=null
2025-01-02 17:47:00,031 [teardown] DEBUG s3a.S3AFileSystem (Listing.java:buildNextStatusBatch(500)) - Added 2 entries; ignored 0; hasNext=true; hasMoreObjects=true
2025-01-02 17:47:00,032 [teardown] DEBUG impl.DeleteOperation (DeleteOperation.java:queueForDeletion(334)) - Adding object to delete: "test/"
2025-01-02 17:47:00,032 [teardown] DEBUG impl.DeleteOperation (DeleteOperation.java:queueForDeletion(334)) - Adding object to delete: "test/testComplexDirActions/"
2025-01-02 17:47:00,032 [teardown] DEBUG s3a.Invoker (DurationInfo.java:<init>(80)) - Starting: listObjects()
2025-01-02 17:47:00,032 [s3a-transfer-obs-bucket-unbounded-pool25-t2] DEBUG s3a.S3AFileSystem (DurationInfo.java:<init>(80)) - Starting: LIST (continued)
2025-01-02 17:47:00,033 [s3a-transfer-obs-bucket-unbounded-pool25-t2] DEBUG impl.LoggingAuditor (LoggingAuditor.java:modifyHttpRequest(410)) - [160] 67226e31-30c8-4b12-bd8d-7af12d75e150-00000153 Executing op_delete with {object_list_request 'test/' size=2, mutating=false}; https://audit.example.org/hadoop/1/op_delete/67226e31-30c8-4b12-bd8d-7af12d75e150-00000153/?op=op_delete&p1=s3a://obs-bucket/test&pr=runner&ps=a84b8fc4-c757-4eb1-9a3e-4c3b8d9615e9&id=67226e31-30c8-4b12-bd8d-7af12d75e150-00000153&t0=153&fs=67226e31-30c8-4b12-bd8d-7af12d75e150&t1=160&ts=1735840019998
2025-01-02 17:47:00,044 [s3a-transfer-obs-bucket-unbounded-pool25-t2] DEBUG s3a.S3AFileSystem (DurationInfo.java:close(101)) - LIST (continued): duration 0:00.012s
2025-01-02 17:47:00,044 [teardown] DEBUG s3a.Invoker (DurationInfo.java:close(101)) - listObjects(): duration 0:00.012s
2025-01-02 17:47:00,044 [teardown] DEBUG s3a.S3AFileSystem (Listing.java:fetchNextBatchAsyncIfPresent(677)) - [1], Requesting next 2 objects under s3a://obs-bucket/test
2025-01-02 17:47:00,045 [teardown] DEBUG s3a.S3AFileSystem (Listing.java:next(665)) - New listing status: Object listing iterator against s3a://obs-bucket/test; listing count 2; isTruncated=true; counters=((object_list_request=1) (object_continue_list_request.failures=0) (object_list_request.failures=0) (object_continue_list_request=1));
gauges=();
minimums=((object_continue_list_request.failures.min=-1) (object_list_request.min=9) (object_list_request.failures.min=-1) (object_continue_list_request.min=12));
maximums=((object_continue_list_request.max=12) (object_list_request.failures.max=-1) (object_continue_list_request.failures.max=-1) (object_list_request.max=9));
means=((object_list_request.failures.mean=(samples=0, sum=0, mean=0.0000)) (object_list_request.mean=(samples=1, sum=9, mean=9.0000)) (object_continue_list_request.failures.mean=(samples=0, sum=0, mean=0.0000)) (object_continue_list_request.mean=(samples=1, sum=12, mean=12.0000)));

2025-01-02 17:47:00,045 [teardown] DEBUG s3a.S3AFileSystem (Listing.java:buildNextStatusBatch(462)) - s3a://obs-bucket/test/testComplexDirActions/dir-0-0000: "test/testComplexDirActions/dir-0-0000/" size=0
2025-01-02 17:47:00,045 [teardown] DEBUG s3a.S3AFileSystem (Listing.java:buildNextStatusBatch(470)) - Adding: S3AFileStatus{path=s3a://obs-bucket/test/testComplexDirActions/dir-0-0000; isDirectory=true; modification_time=0; access_time=0; owner=runner; group=runner; permission=rwxrwxrwx; isSymlink=false; hasAcl=false; isEncrypted=true; isErasureCoded=false} isEmptyDirectory=UNKNOWN eTag=null versionId=null
2025-01-02 17:47:00,045 [teardown] DEBUG s3a.S3AFileSystem (Listing.java:buildNextStatusBatch(462)) - s3a://obs-bucket/test/testComplexDirActions/dir-0-0000/dir-0-0000-0000: "test/testComplexDirActions/dir-0-0000/dir-0-0000-0000/" size=0
2025-01-02 17:47:00,045 [teardown] DEBUG s3a.S3AFileSystem (Listing.java:buildNextStatusBatch(470)) - Adding: S3AFileStatus{path=s3a://obs-bucket/test/testComplexDirActions/dir-0-0000/dir-0-0000-0000; isDirectory=true; modification_time=0; access_time=0; owner=runner; group=runner; permission=rwxrwxrwx; isSymlink=false; hasAcl=false; isEncrypted=true; isErasureCoded=false} isEmptyDirectory=UNKNOWN eTag=null versionId=null
2025-01-02 17:47:00,045 [teardown] DEBUG s3a.S3AFileSystem (Listing.java:buildNextStatusBatch(500)) - Added 2 entries; ignored 0; hasNext=true; hasMoreObjects=true
2025-01-02 17:47:00,046 [teardown] DEBUG impl.DeleteOperation (DeleteOperation.java:queueForDeletion(334)) - Adding object to delete: "test/testComplexDirActions/dir-0-0000/"
2025-01-02 17:47:00,046 [teardown] DEBUG impl.DeleteOperation (DeleteOperation.java:queueForDeletion(334)) - Adding object to delete: "test/testComplexDirActions/dir-0-0000/dir-0-0000-0000/"
2025-01-02 17:47:00,046 [teardown] DEBUG s3a.Invoker (DurationInfo.java:<init>(80)) - Starting: listObjects()
2025-01-02 17:47:00,046 [s3a-transfer-obs-bucket-unbounded-pool25-t3] DEBUG s3a.S3AFileSystem (DurationInfo.java:<init>(80)) - Starting: LIST (continued)
2025-01-02 17:47:00,047 [s3a-transfer-obs-bucket-unbounded-pool25-t3] DEBUG impl.LoggingAuditor (LoggingAuditor.java:modifyHttpRequest(410)) - [161] 67226e31-30c8-4b12-bd8d-7af12d75e150-00000153 Executing op_delete with {object_list_request 'test/' size=2, mutating=false}; https://audit.example.org/hadoop/1/op_delete/67226e31-30c8-4b12-bd8d-7af12d75e150-00000153/?op=op_delete&p1=s3a://obs-bucket/test&pr=runner&ps=a84b8fc4-c757-4eb1-9a3e-4c3b8d9615e9&id=67226e31-30c8-4b12-bd8d-7af12d75e150-00000153&t0=153&fs=67226e31-30c8-4b12-bd8d-7af12d75e150&t1=161&ts=1735840019998
2025-01-02 17:47:00,054 [s3a-transfer-obs-bucket-unbounded-pool25-t3] DEBUG s3a.S3AFileSystem (DurationInfo.java:close(101)) - LIST (continued): duration 0:00.008s
2025-01-02 17:47:00,054 [teardown] DEBUG s3a.Invoker (DurationInfo.java:close(101)) - listObjects(): duration 0:00.008s
2025-01-02 17:47:00,054 [teardown] DEBUG s3a.S3AFileSystem (Listing.java:fetchNextBatchAsyncIfPresent(677)) - [2], Requesting next 2 objects under s3a://obs-bucket/test
2025-01-02 17:47:00,055 [s3a-transfer-obs-bucket-unbounded-pool25-t4] DEBUG s3a.S3AFileSystem (DurationInfo.java:<init>(80)) - Starting: LIST (continued)
2025-01-02 17:47:00,055 [teardown] DEBUG s3a.S3AFileSystem (Listing.java:next(665)) - New listing status: Object listing iterator against s3a://obs-bucket/test; listing count 3; isTruncated=true; counters=((object_list_request=1) (object_continue_list_request.failures=0) (object_list_request.failures=0) (object_continue_list_request=2));
gauges=();
minimums=((object_list_request.min=9) (object_list_request.failures.min=-1) (object_continue_list_request.failures.min=-1) (object_continue_list_request.min=8));
maximums=((object_list_request.max=9) (object_continue_list_request.max=12) (object_continue_list_request.failures.max=-1) (object_list_request.failures.max=-1));
means=((object_list_request.mean=(samples=1, sum=9, mean=9.0000)) (object_list_request.failures.mean=(samples=0, sum=0, mean=0.0000)) (object_continue_list_request.mean=(samples=2, sum=20, mean=10.0000)) (object_continue_list_request.failures.mean=(samples=0, sum=0, mean=0.0000)));

2025-01-02 17:47:00,056 [teardown] DEBUG s3a.S3AFileSystem (Listing.java:buildNextStatusBatch(462)) - s3a://obs-bucket/test/testComplexDirActions/dir-0-0000/dir-0-0000-0001: "test/testComplexDirActions/dir-0-0000/dir-0-0000-0001/" size=0
2025-01-02 17:47:00,056 [s3a-transfer-obs-bucket-unbounded-pool25-t4] DEBUG impl.LoggingAuditor (LoggingAuditor.java:modifyHttpRequest(410)) - [162] 67226e31-30c8-4b12-bd8d-7af12d75e150-00000153 Executing op_delete with {object_list_request 'test/' size=2, mutating=false}; https://audit.example.org/hadoop/1/op_delete/67226e31-30c8-4b12-bd8d-7af12d75e150-00000153/?op=op_delete&p1=s3a://obs-bucket/test&pr=runner&ps=a84b8fc4-c757-4eb1-9a3e-4c3b8d9615e9&id=67226e31-30c8-4b12-bd8d-7af12d75e150-00000153&t0=153&fs=67226e31-30c8-4b12-bd8d-7af12d75e150&t1=162&ts=1735840019998
2025-01-02 17:47:00,056 [teardown] DEBUG s3a.S3AFileSystem (Listing.java:buildNextStatusBatch(470)) - Adding: S3AFileStatus{path=s3a://obs-bucket/test/testComplexDirActions/dir-0-0000/dir-0-0000-0001; isDirectory=true; modification_time=0; access_time=0; owner=runner; group=runner; permission=rwxrwxrwx; isSymlink=false; hasAcl=false; isEncrypted=true; isErasureCoded=false} isEmptyDirectory=UNKNOWN eTag=null versionId=null
2025-01-02 17:47:00,056 [teardown] DEBUG s3a.S3AFileSystem (Listing.java:buildNextStatusBatch(462)) - s3a://obs-bucket/test/testComplexDirActions/dir-0-0000/dir-0-0000-0002: "test/testComplexDirActions/dir-0-0000/dir-0-0000-0002/" size=0
2025-01-02 17:47:00,056 [teardown] DEBUG s3a.S3AFileSystem (Listing.java:buildNextStatusBatch(470)) - Adding: S3AFileStatus{path=s3a://obs-bucket/test/testComplexDirActions/dir-0-0000/dir-0-0000-0002; isDirectory=true; modification_time=0; access_time=0; owner=runner; group=runner; permission=rwxrwxrwx; isSymlink=false; hasAcl=false; isEncrypted=true; isErasureCoded=false} isEmptyDirectory=UNKNOWN eTag=null versionId=null
2025-01-02 17:47:00,056 [teardown] DEBUG s3a.S3AFileSystem (Listing.java:buildNextStatusBatch(500)) - Added 2 entries; ignored 0; hasNext=true; hasMoreObjects=true
2025-01-02 17:47:00,056 [teardown] DEBUG impl.DeleteOperation (DeleteOperation.java:queueForDeletion(334)) - Adding object to delete: "test/testComplexDirActions/dir-0-0000/dir-0-0000-0001/"
2025-01-02 17:47:00,056 [teardown] DEBUG impl.DeleteOperation (DeleteOperation.java:queueForDeletion(334)) - Adding object to delete: "test/testComplexDirActions/dir-0-0000/dir-0-0000-0002/"
2025-01-02 17:47:00,056 [teardown] DEBUG s3a.Invoker (DurationInfo.java:<init>(80)) - Starting: listObjects()
2025-01-02 17:47:00,071 [s3a-transfer-obs-bucket-unbounded-pool25-t4] DEBUG s3a.S3AFileSystem (DurationInfo.java:close(101)) - LIST (continued): duration 0:00.016s
2025-01-02 17:47:00,071 [teardown] DEBUG s3a.Invoker (DurationInfo.java:close(101)) - listObjects(): duration 0:00.015s
2025-01-02 17:47:00,071 [teardown] DEBUG s3a.S3AFileSystem (Listing.java:fetchNextBatchAsyncIfPresent(677)) - [3], Requesting next 2 objects under s3a://obs-bucket/test
2025-01-02 17:47:00,073 [s3a-transfer-obs-bucket-unbounded-pool25-t5] DEBUG s3a.S3AFileSystem (DurationInfo.java:<init>(80)) - Starting: LIST (continued)
2025-01-02 17:47:00,073 [teardown] DEBUG s3a.S3AFileSystem (Listing.java:next(665)) - New listing status: Object listing iterator against s3a://obs-bucket/test; listing count 4; isTruncated=true; counters=((object_continue_list_request=3) (object_continue_list_request.failures=0) (object_list_request=1) (object_list_request.failures=0));
gauges=();
minimums=((object_continue_list_request.min=8) (object_list_request.min=9) (object_continue_list_request.failures.min=-1) (object_list_request.failures.min=-1));
maximums=((object_list_request.failures.max=-1) (object_continue_list_request.failures.max=-1) (object_list_request.max=9) (object_continue_list_request.max=16));
means=((object_list_request.failures.mean=(samples=0, sum=0, mean=0.0000)) (object_continue_list_request.mean=(samples=3, sum=36, mean=12.0000)) (object_continue_list_request.failures.mean=(samples=0, sum=0, mean=0.0000)) (object_list_request.mean=(samples=1, sum=9, mean=9.0000)));

2025-01-02 17:47:00,074 [teardown] DEBUG s3a.S3AFileSystem (Listing.java:buildNextStatusBatch(462)) - s3a://obs-bucket/test/testComplexDirActions/dir-0-0000/file--0-0000-0000.txt: "test/testComplexDirActions/dir-0-0000/file--0-0000-0000.txt" size=512
2025-01-02 17:47:00,074 [teardown] DEBUG s3a.S3AFileSystem (Listing.java:buildNextStatusBatch(470)) - Adding: S3AFileStatus{path=s3a://obs-bucket/test/testComplexDirActions/dir-0-0000/file--0-0000-0000.txt; isDirectory=false; length=512; replication=1; blocksize=33554432; modification_time=1735840018768; access_time=0; owner=runner; group=runner; permission=rw-rw-rw-; isSymlink=false; hasAcl=false; isEncrypted=true; isErasureCoded=false} isEmptyDirectory=FALSE eTag=null versionId=null
2025-01-02 17:47:00,074 [teardown] DEBUG s3a.S3AFileSystem (Listing.java:buildNextStatusBatch(462)) - s3a://obs-bucket/test/testComplexDirActions/dir-0-0000/file--0-0000-0001.txt: "test/testComplexDirActions/dir-0-0000/file--0-0000-0001.txt" size=512
2025-01-02 17:47:00,074 [teardown] DEBUG s3a.S3AFileSystem (Listing.java:buildNextStatusBatch(470)) - Adding: S3AFileStatus{path=s3a://obs-bucket/test/testComplexDirActions/dir-0-0000/file--0-0000-0001.txt; isDirectory=false; length=512; replication=1; blocksize=33554432; modification_time=1735840018836; access_time=0; owner=runner; group=runner; permission=rw-rw-rw-; isSymlink=false; hasAcl=false; isEncrypted=true; isErasureCoded=false} isEmptyDirectory=FALSE eTag=null versionId=null
2025-01-02 17:47:00,074 [teardown] DEBUG s3a.S3AFileSystem (Listing.java:buildNextStatusBatch(500)) - Added 2 entries; ignored 0; hasNext=true; hasMoreObjects=true
2025-01-02 17:47:00,074 [s3a-transfer-obs-bucket-unbounded-pool25-t5] DEBUG impl.LoggingAuditor (LoggingAuditor.java:modifyHttpRequest(410)) - [163] 67226e31-30c8-4b12-bd8d-7af12d75e150-00000153 Executing op_delete with {object_list_request 'test/' size=2, mutating=false}; https://audit.example.org/hadoop/1/op_delete/67226e31-30c8-4b12-bd8d-7af12d75e150-00000153/?op=op_delete&p1=s3a://obs-bucket/test&pr=runner&ps=a84b8fc4-c757-4eb1-9a3e-4c3b8d9615e9&id=67226e31-30c8-4b12-bd8d-7af12d75e150-00000153&t0=153&fs=67226e31-30c8-4b12-bd8d-7af12d75e150&t1=163&ts=1735840019998
2025-01-02 17:47:00,075 [teardown] DEBUG impl.DeleteOperation (DeleteOperation.java:queueForDeletion(334)) - Adding object to delete: "test/testComplexDirActions/dir-0-0000/file--0-0000-0000.txt"
2025-01-02 17:47:00,075 [teardown] DEBUG impl.DeleteOperation (DeleteOperation.java:queueForDeletion(334)) - Adding object to delete: "test/testComplexDirActions/dir-0-0000/file--0-0000-0001.txt"
2025-01-02 17:47:00,075 [teardown] DEBUG s3a.Invoker (DurationInfo.java:<init>(80)) - Starting: listObjects()
2025-01-02 17:47:00,091 [s3a-transfer-obs-bucket-unbounded-pool25-t5] DEBUG s3a.S3AFileSystem (DurationInfo.java:close(101)) - LIST (continued): duration 0:00.018s
2025-01-02 17:47:00,091 [teardown] DEBUG s3a.Invoker (DurationInfo.java:close(101)) - listObjects(): duration 0:00.016s
2025-01-02 17:47:00,091 [teardown] DEBUG s3a.S3AFileSystem (Listing.java:fetchNextBatchAsyncIfPresent(677)) - [4], Requesting next 2 objects under s3a://obs-bucket/test
2025-01-02 17:47:00,096 [teardown] DEBUG s3a.S3AFileSystem (Listing.java:next(665)) - New listing status: Object listing iterator against s3a://obs-bucket/test; listing count 5; isTruncated=true; counters=((object_list_request.failures=0) (object_continue_list_request=4) (object_continue_list_request.failures=0) (object_list_request=1));
gauges=();
minimums=((object_list_request.failures.min=-1) (object_continue_list_request.min=8) (object_continue_list_request.failures.min=-1) (object_list_request.min=9));
maximums=((object_list_request.max=9) (object_continue_list_request.failures.max=-1) (object_continue_list_request.max=18) (object_list_request.failures.max=-1));
means=((object_continue_list_request.failures.mean=(samples=0, sum=0, mean=0.0000)) (object_continue_list_request.mean=(samples=4, sum=54, mean=13.5000)) (object_list_request.failures.mean=(samples=0, sum=0, mean=0.0000)) (object_list_request.mean=(samples=1, sum=9, mean=9.0000)));

2025-01-02 17:47:00,096 [teardown] DEBUG s3a.S3AFileSystem (Listing.java:buildNextStatusBatch(462)) - s3a://obs-bucket/test/testComplexDirActions/dir-0-0000/file--0-0000-0002.txt: "test/testComplexDirActions/dir-0-0000/file--0-0000-0002.txt" size=512
2025-01-02 17:47:00,096 [teardown] DEBUG s3a.S3AFileSystem (Listing.java:buildNextStatusBatch(470)) - Adding: S3AFileStatus{path=s3a://obs-bucket/test/testComplexDirActions/dir-0-0000/file--0-0000-0002.txt; isDirectory=false; length=512; replication=1; blocksize=33554432; modification_time=1735840018909; access_time=0; owner=runner; group=runner; permission=rw-rw-rw-; isSymlink=false; hasAcl=false; isEncrypted=true; isErasureCoded=false} isEmptyDirectory=FALSE eTag=null versionId=null
2025-01-02 17:47:00,096 [teardown] DEBUG s3a.S3AFileSystem (Listing.java:buildNextStatusBatch(462)) - s3a://obs-bucket/test/testComplexDirActions/dir-0-0000/file--0-0000-0003.txt: "test/testComplexDirActions/dir-0-0000/file--0-0000-0003.txt" size=512
2025-01-02 17:47:00,096 [teardown] DEBUG s3a.S3AFileSystem (Listing.java:buildNextStatusBatch(470)) - Adding: S3AFileStatus{path=s3a://obs-bucket/test/testComplexDirActions/dir-0-0000/file--0-0000-0003.txt; isDirectory=false; length=512; replication=1; blocksize=33554432; modification_time=1735840018984; access_time=0; owner=runner; group=runner; permission=rw-rw-rw-; isSymlink=false; hasAcl=false; isEncrypted=true; isErasureCoded=false} isEmptyDirectory=FALSE eTag=null versionId=null
2025-01-02 17:47:00,096 [teardown] DEBUG s3a.S3AFileSystem (Listing.java:buildNextStatusBatch(500)) - Added 2 entries; ignored 0; hasNext=true; hasMoreObjects=true
2025-01-02 17:47:00,096 [teardown] DEBUG impl.DeleteOperation (DeleteOperation.java:queueForDeletion(334)) - Adding object to delete: "test/testComplexDirActions/dir-0-0000/file--0-0000-0002.txt"
2025-01-02 17:47:00,096 [teardown] DEBUG impl.DeleteOperation (DeleteOperation.java:queueForDeletion(334)) - Adding object to delete: "test/testComplexDirActions/dir-0-0000/file--0-0000-0003.txt"
2025-01-02 17:47:00,096 [teardown] DEBUG s3a.Invoker (DurationInfo.java:<init>(80)) - Starting: listObjects()
2025-01-02 17:47:00,097 [s3a-transfer-obs-bucket-unbounded-pool25-t6] DEBUG s3a.S3AFileSystem (DurationInfo.java:<init>(80)) - Starting: LIST (continued)
2025-01-02 17:47:00,098 [s3a-transfer-obs-bucket-unbounded-pool25-t6] DEBUG impl.LoggingAuditor (LoggingAuditor.java:modifyHttpRequest(410)) - [164] 67226e31-30c8-4b12-bd8d-7af12d75e150-00000153 Executing op_delete with {object_list_request 'test/' size=2, mutating=false}; https://audit.example.org/hadoop/1/op_delete/67226e31-30c8-4b12-bd8d-7af12d75e150-00000153/?op=op_delete&p1=s3a://obs-bucket/test&pr=runner&ps=a84b8fc4-c757-4eb1-9a3e-4c3b8d9615e9&id=67226e31-30c8-4b12-bd8d-7af12d75e150-00000153&t0=153&fs=67226e31-30c8-4b12-bd8d-7af12d75e150&t1=164&ts=1735840019998
2025-01-02 17:47:00,109 [s3a-transfer-obs-bucket-unbounded-pool25-t6] DEBUG s3a.S3AFileSystem (DurationInfo.java:close(101)) - LIST (continued): duration 0:00.012s
2025-01-02 17:47:00,109 [teardown] DEBUG s3a.Invoker (DurationInfo.java:close(101)) - listObjects(): duration 0:00.013s
2025-01-02 17:47:00,109 [teardown] DEBUG s3a.S3AFileSystem (Listing.java:fetchNextBatchAsyncIfPresent(677)) - [5], Requesting next 2 objects under s3a://obs-bucket/test
2025-01-02 17:47:00,110 [s3a-transfer-obs-bucket-unbounded-pool25-t7] DEBUG s3a.S3AFileSystem (DurationInfo.java:<init>(80)) - Starting: LIST (continued)
2025-01-02 17:47:00,110 [teardown] DEBUG s3a.S3AFileSystem (Listing.java:next(665)) - New listing status: Object listing iterator against s3a://obs-bucket/test; listing count 6; isTruncated=true; counters=((object_continue_list_request.failures=0) (object_list_request.failures=0) (object_continue_list_request=5) (object_list_request=1));
gauges=();
minimums=((object_list_request.failures.min=-1) (object_continue_list_request.failures.min=-1) (object_continue_list_request.min=8) (object_list_request.min=9));
maximums=((object_continue_list_request.max=18) (object_continue_list_request.failures.max=-1) (object_list_request.max=9) (object_list_request.failures.max=-1));
means=((object_list_request.mean=(samples=1, sum=9, mean=9.0000)) (object_continue_list_request.mean=(samples=5, sum=66, mean=13.2000)) (object_continue_list_request.failures.mean=(samples=0, sum=0, mean=0.0000)) (object_list_request.failures.mean=(samples=0, sum=0, mean=0.0000)));

2025-01-02 17:47:00,110 [teardown] DEBUG s3a.S3AFileSystem (Listing.java:buildNextStatusBatch(462)) - s3a://obs-bucket/test/testComplexDirActions/dir-0-0001: "test/testComplexDirActions/dir-0-0001/" size=0
2025-01-02 17:47:00,110 [teardown] DEBUG s3a.S3AFileSystem (Listing.java:buildNextStatusBatch(470)) - Adding: S3AFileStatus{path=s3a://obs-bucket/test/testComplexDirActions/dir-0-0001; isDirectory=true; modification_time=0; access_time=0; owner=runner; group=runner; permission=rwxrwxrwx; isSymlink=false; hasAcl=false; isEncrypted=true; isErasureCoded=false} isEmptyDirectory=UNKNOWN eTag=null versionId=null
2025-01-02 17:47:00,110 [teardown] DEBUG s3a.S3AFileSystem (Listing.java:buildNextStatusBatch(462)) - s3a://obs-bucket/test/testComplexDirActions/dir-0-0001/dir-0-0001-0000: "test/testComplexDirActions/dir-0-0001/dir-0-0001-0000/" size=0
2025-01-02 17:47:00,111 [teardown] DEBUG s3a.S3AFileSystem (Listing.java:buildNextStatusBatch(470)) - Adding: S3AFileStatus{path=s3a://obs-bucket/test/testComplexDirActions/dir-0-0001/dir-0-0001-0000; isDirectory=true; modification_time=0; access_time=0; owner=runner; group=runner; permission=rwxrwxrwx; isSymlink=false; hasAcl=false; isEncrypted=true; isErasureCoded=false} isEmptyDirectory=UNKNOWN eTag=null versionId=null
2025-01-02 17:47:00,111 [teardown] DEBUG s3a.S3AFileSystem (Listing.java:buildNextStatusBatch(500)) - Added 2 entries; ignored 0; hasNext=true; hasMoreObjects=true
2025-01-02 17:47:00,111 [teardown] DEBUG impl.DeleteOperation (DeleteOperation.java:queueForDeletion(334)) - Adding object to delete: "test/testComplexDirActions/dir-0-0001/"
2025-01-02 17:47:00,111 [teardown] DEBUG impl.DeleteOperation (DeleteOperation.java:queueForDeletion(334)) - Adding object to delete: "test/testComplexDirActions/dir-0-0001/dir-0-0001-0000/"
2025-01-02 17:47:00,111 [teardown] DEBUG s3a.Invoker (DurationInfo.java:<init>(80)) - Starting: listObjects()
2025-01-02 17:47:00,113 [s3a-transfer-obs-bucket-unbounded-pool25-t7] DEBUG impl.LoggingAuditor (LoggingAuditor.java:modifyHttpRequest(410)) - [165] 67226e31-30c8-4b12-bd8d-7af12d75e150-00000153 Executing op_delete with {object_list_request 'test/' size=2, mutating=false}; https://audit.example.org/hadoop/1/op_delete/67226e31-30c8-4b12-bd8d-7af12d75e150-00000153/?op=op_delete&p1=s3a://obs-bucket/test&pr=runner&ps=a84b8fc4-c757-4eb1-9a3e-4c3b8d9615e9&id=67226e31-30c8-4b12-bd8d-7af12d75e150-00000153&t0=153&fs=67226e31-30c8-4b12-bd8d-7af12d75e150&t1=165&ts=1735840019998
2025-01-02 17:47:00,120 [s3a-transfer-obs-bucket-unbounded-pool25-t7] DEBUG s3a.S3AFileSystem (DurationInfo.java:close(101)) - LIST (continued): duration 0:00.010s
2025-01-02 17:47:00,120 [teardown] DEBUG s3a.Invoker (DurationInfo.java:close(101)) - listObjects(): duration 0:00.009s
2025-01-02 17:47:00,120 [teardown] DEBUG s3a.S3AFileSystem (Listing.java:fetchNextBatchAsyncIfPresent(677)) - [6], Requesting next 2 objects under s3a://obs-bucket/test
2025-01-02 17:47:00,121 [s3a-transfer-obs-bucket-unbounded-pool25-t8] DEBUG s3a.S3AFileSystem (DurationInfo.java:<init>(80)) - Starting: LIST (continued)
2025-01-02 17:47:00,121 [teardown] DEBUG s3a.S3AFileSystem (Listing.java:next(665)) - New listing status: Object listing iterator against s3a://obs-bucket/test; listing count 7; isTruncated=true; counters=((object_continue_list_request=6) (object_list_request=1) (object_list_request.failures=0) (object_continue_list_request.failures=0));
gauges=();
minimums=((object_continue_list_request.failures.min=-1) (object_continue_list_request.min=8) (object_list_request.min=9) (object_list_request.failures.min=-1));
maximums=((object_list_request.failures.max=-1) (object_continue_list_request.failures.max=-1) (object_list_request.max=9) (object_continue_list_request.max=18));
means=((object_list_request.failures.mean=(samples=0, sum=0, mean=0.0000)) (object_continue_list_request.mean=(samples=6, sum=76, mean=12.6667)) (object_list_request.mean=(samples=1, sum=9, mean=9.0000)) (object_continue_list_request.failures.mean=(samples=0, sum=0, mean=0.0000)));

2025-01-02 17:47:00,121 [teardown] DEBUG s3a.S3AFileSystem (Listing.java:buildNextStatusBatch(462)) - s3a://obs-bucket/test/testComplexDirActions/dir-0-0001/dir-0-0001-0001: "test/testComplexDirActions/dir-0-0001/dir-0-0001-0001/" size=0
2025-01-02 17:47:00,121 [teardown] DEBUG s3a.S3AFileSystem (Listing.java:buildNextStatusBatch(470)) - Adding: S3AFileStatus{path=s3a://obs-bucket/test/testComplexDirActions/dir-0-0001/dir-0-0001-0001; isDirectory=true; modification_time=0; access_time=0; owner=runner; group=runner; permission=rwxrwxrwx; isSymlink=false; hasAcl=false; isEncrypted=true; isErasureCoded=false} isEmptyDirectory=UNKNOWN eTag=null versionId=null
2025-01-02 17:47:00,122 [teardown] DEBUG s3a.S3AFileSystem (Listing.java:buildNextStatusBatch(462)) - s3a://obs-bucket/test/testComplexDirActions/dir-0-0001/dir-0-0001-0002: "test/testComplexDirActions/dir-0-0001/dir-0-0001-0002/" size=0
2025-01-02 17:47:00,122 [teardown] DEBUG s3a.S3AFileSystem (Listing.java:buildNextStatusBatch(470)) - Adding: S3AFileStatus{path=s3a://obs-bucket/test/testComplexDirActions/dir-0-0001/dir-0-0001-0002; isDirectory=true; modification_time=0; access_time=0; owner=runner; group=runner; permission=rwxrwxrwx; isSymlink=false; hasAcl=false; isEncrypted=true; isErasureCoded=false} isEmptyDirectory=UNKNOWN eTag=null versionId=null
2025-01-02 17:47:00,122 [teardown] DEBUG s3a.S3AFileSystem (Listing.java:buildNextStatusBatch(500)) - Added 2 entries; ignored 0; hasNext=true; hasMoreObjects=true
2025-01-02 17:47:00,122 [teardown] DEBUG impl.DeleteOperation (DeleteOperation.java:queueForDeletion(334)) - Adding object to delete: "test/testComplexDirActions/dir-0-0001/dir-0-0001-0001/"
2025-01-02 17:47:00,122 [teardown] DEBUG impl.DeleteOperation (DeleteOperation.java:queueForDeletion(334)) - Adding object to delete: "test/testComplexDirActions/dir-0-0001/dir-0-0001-0002/"
2025-01-02 17:47:00,122 [teardown] DEBUG s3a.Invoker (DurationInfo.java:<init>(80)) - Starting: listObjects()
2025-01-02 17:47:00,123 [s3a-transfer-obs-bucket-unbounded-pool25-t8] DEBUG impl.LoggingAuditor (LoggingAuditor.java:modifyHttpRequest(410)) - [166] 67226e31-30c8-4b12-bd8d-7af12d75e150-00000153 Executing op_delete with {object_list_request 'test/' size=2, mutating=false}; https://audit.example.org/hadoop/1/op_delete/67226e31-30c8-4b12-bd8d-7af12d75e150-00000153/?op=op_delete&p1=s3a://obs-bucket/test&pr=runner&ps=a84b8fc4-c757-4eb1-9a3e-4c3b8d9615e9&id=67226e31-30c8-4b12-bd8d-7af12d75e150-00000153&t0=153&fs=67226e31-30c8-4b12-bd8d-7af12d75e150&t1=166&ts=1735840019998
2025-01-02 17:47:00,129 [s3a-transfer-obs-bucket-unbounded-pool25-t8] DEBUG s3a.S3AFileSystem (DurationInfo.java:close(101)) - LIST (continued): duration 0:00.008s
2025-01-02 17:47:00,130 [teardown] DEBUG s3a.Invoker (DurationInfo.java:close(101)) - listObjects(): duration 0:00.008s
2025-01-02 17:47:00,130 [teardown] DEBUG s3a.S3AFileSystem (Listing.java:fetchNextBatchAsyncIfPresent(677)) - [7], Requesting next 2 objects under s3a://obs-bucket/test
2025-01-02 17:47:00,131 [s3a-transfer-obs-bucket-unbounded-pool25-t9] DEBUG s3a.S3AFileSystem (DurationInfo.java:<init>(80)) - Starting: LIST (continued)
2025-01-02 17:47:00,131 [teardown] DEBUG s3a.S3AFileSystem (Listing.java:next(665)) - New listing status: Object listing iterator against s3a://obs-bucket/test; listing count 8; isTruncated=true; counters=((object_list_request=1) (object_continue_list_request=7) (object_continue_list_request.failures=0) (object_list_request.failures=0));
gauges=();
minimums=((object_list_request.min=9) (object_list_request.failures.min=-1) (object_continue_list_request.failures.min=-1) (object_continue_list_request.min=8));
maximums=((object_list_request.max=9) (object_continue_list_request.failures.max=-1) (object_continue_list_request.max=18) (object_list_request.failures.max=-1));
means=((object_continue_list_request.mean=(samples=7, sum=84, mean=12.0000)) (object_continue_list_request.failures.mean=(samples=0, sum=0, mean=0.0000)) (object_list_request.mean=(samples=1, sum=9, mean=9.0000)) (object_list_request.failures.mean=(samples=0, sum=0, mean=0.0000)));

2025-01-02 17:47:00,131 [teardown] DEBUG s3a.S3AFileSystem (Listing.java:buildNextStatusBatch(462)) - s3a://obs-bucket/test/testComplexDirActions/dir-0-0001/file--0-0001-0000.txt: "test/testComplexDirActions/dir-0-0001/file--0-0001-0000.txt" size=512
2025-01-02 17:47:00,131 [teardown] DEBUG s3a.S3AFileSystem (Listing.java:buildNextStatusBatch(470)) - Adding: S3AFileStatus{path=s3a://obs-bucket/test/testComplexDirActions/dir-0-0001/file--0-0001-0000.txt; isDirectory=false; length=512; replication=1; blocksize=33554432; modification_time=1735840019449; access_time=0; owner=runner; group=runner; permission=rw-rw-rw-; isSymlink=false; hasAcl=false; isEncrypted=true; isErasureCoded=false} isEmptyDirectory=FALSE eTag=null versionId=null
2025-01-02 17:47:00,131 [teardown] DEBUG s3a.S3AFileSystem (Listing.java:buildNextStatusBatch(462)) - s3a://obs-bucket/test/testComplexDirActions/dir-0-0001/file--0-0001-0001.txt: "test/testComplexDirActions/dir-0-0001/file--0-0001-0001.txt" size=512
2025-01-02 17:47:00,131 [teardown] DEBUG s3a.S3AFileSystem (Listing.java:buildNextStatusBatch(470)) - Adding: S3AFileStatus{path=s3a://obs-bucket/test/testComplexDirActions/dir-0-0001/file--0-0001-0001.txt; isDirectory=false; length=512; replication=1; blocksize=33554432; modification_time=1735840019547; access_time=0; owner=runner; group=runner; permission=rw-rw-rw-; isSymlink=false; hasAcl=false; isEncrypted=true; isErasureCoded=false} isEmptyDirectory=FALSE eTag=null versionId=null
2025-01-02 17:47:00,131 [teardown] DEBUG s3a.S3AFileSystem (Listing.java:buildNextStatusBatch(500)) - Added 2 entries; ignored 0; hasNext=true; hasMoreObjects=true
2025-01-02 17:47:00,131 [teardown] DEBUG impl.DeleteOperation (DeleteOperation.java:queueForDeletion(334)) - Adding object to delete: "test/testComplexDirActions/dir-0-0001/file--0-0001-0000.txt"
2025-01-02 17:47:00,132 [teardown] DEBUG impl.DeleteOperation (DeleteOperation.java:queueForDeletion(334)) - Adding object to delete: "test/testComplexDirActions/dir-0-0001/file--0-0001-0001.txt"
2025-01-02 17:47:00,132 [teardown] DEBUG s3a.Invoker (DurationInfo.java:<init>(80)) - Starting: listObjects()
2025-01-02 17:47:00,134 [s3a-transfer-obs-bucket-unbounded-pool25-t9] DEBUG impl.LoggingAuditor (LoggingAuditor.java:modifyHttpRequest(410)) - [167] 67226e31-30c8-4b12-bd8d-7af12d75e150-00000153 Executing op_delete with {object_list_request 'test/' size=2, mutating=false}; https://audit.example.org/hadoop/1/op_delete/67226e31-30c8-4b12-bd8d-7af12d75e150-00000153/?op=op_delete&p1=s3a://obs-bucket/test&pr=runner&ps=a84b8fc4-c757-4eb1-9a3e-4c3b8d9615e9&id=67226e31-30c8-4b12-bd8d-7af12d75e150-00000153&t0=153&fs=67226e31-30c8-4b12-bd8d-7af12d75e150&t1=167&ts=1735840019998
2025-01-02 17:47:00,141 [s3a-transfer-obs-bucket-unbounded-pool25-t9] DEBUG s3a.S3AFileSystem (DurationInfo.java:close(101)) - LIST (continued): duration 0:00.010s
2025-01-02 17:47:00,141 [teardown] DEBUG s3a.Invoker (DurationInfo.java:close(101)) - listObjects(): duration 0:00.009s
2025-01-02 17:47:00,141 [teardown] DEBUG s3a.S3AFileSystem (Listing.java:fetchNextBatchAsyncIfPresent(677)) - [8], Requesting next 2 objects under s3a://obs-bucket/test
2025-01-02 17:47:00,141 [s3a-transfer-obs-bucket-unbounded-pool25-t10] DEBUG s3a.S3AFileSystem (DurationInfo.java:<init>(80)) - Starting: LIST (continued)
2025-01-02 17:47:00,141 [teardown] DEBUG s3a.S3AFileSystem (Listing.java:next(665)) - New listing status: Object listing iterator against s3a://obs-bucket/test; listing count 9; isTruncated=true; counters=((object_continue_list_request.failures=0) (object_list_request=1) (object_continue_list_request=8) (object_list_request.failures=0));
gauges=();
minimums=((object_continue_list_request.min=8) (object_continue_list_request.failures.min=-1) (object_list_request.min=9) (object_list_request.failures.min=-1));
maximums=((object_continue_list_request.max=18) (object_list_request.failures.max=-1) (object_list_request.max=9) (object_continue_list_request.failures.max=-1));
means=((object_list_request.failures.mean=(samples=0, sum=0, mean=0.0000)) (object_continue_list_request.mean=(samples=8, sum=92, mean=11.5000)) (object_list_request.mean=(samples=1, sum=9, mean=9.0000)) (object_continue_list_request.failures.mean=(samples=0, sum=0, mean=0.0000)));

2025-01-02 17:47:00,142 [teardown] DEBUG s3a.S3AFileSystem (Listing.java:buildNextStatusBatch(462)) - s3a://obs-bucket/test/testComplexDirActions/dir-0-0001/file--0-0001-0002.txt: "test/testComplexDirActions/dir-0-0001/file--0-0001-0002.txt" size=512
2025-01-02 17:47:00,142 [teardown] DEBUG s3a.S3AFileSystem (Listing.java:buildNextStatusBatch(470)) - Adding: S3AFileStatus{path=s3a://obs-bucket/test/testComplexDirActions/dir-0-0001/file--0-0001-0002.txt; isDirectory=false; length=512; replication=1; blocksize=33554432; modification_time=1735840019607; access_time=0; owner=runner; group=runner; permission=rw-rw-rw-; isSymlink=false; hasAcl=false; isEncrypted=true; isErasureCoded=false} isEmptyDirectory=FALSE eTag=null versionId=null
2025-01-02 17:47:00,142 [teardown] DEBUG s3a.S3AFileSystem (Listing.java:buildNextStatusBatch(462)) - s3a://obs-bucket/test/testComplexDirActions/dir-0-0001/file--0-0001-0003.txt: "test/testComplexDirActions/dir-0-0001/file--0-0001-0003.txt" size=512
2025-01-02 17:47:00,142 [teardown] DEBUG s3a.S3AFileSystem (Listing.java:buildNextStatusBatch(470)) - Adding: S3AFileStatus{path=s3a://obs-bucket/test/testComplexDirActions/dir-0-0001/file--0-0001-0003.txt; isDirectory=false; length=512; replication=1; blocksize=33554432; modification_time=1735840019677; access_time=0; owner=runner; group=runner; permission=rw-rw-rw-; isSymlink=false; hasAcl=false; isEncrypted=true; isErasureCoded=false} isEmptyDirectory=FALSE eTag=null versionId=null
2025-01-02 17:47:00,142 [teardown] DEBUG s3a.S3AFileSystem (Listing.java:buildNextStatusBatch(500)) - Added 2 entries; ignored 0; hasNext=true; hasMoreObjects=true
2025-01-02 17:47:00,142 [teardown] DEBUG impl.DeleteOperation (DeleteOperation.java:queueForDeletion(334)) - Adding object to delete: "test/testComplexDirActions/dir-0-0001/file--0-0001-0002.txt"
2025-01-02 17:47:00,143 [teardown] DEBUG impl.DeleteOperation (DeleteOperation.java:queueForDeletion(334)) - Adding object to delete: "test/testComplexDirActions/dir-0-0001/file--0-0001-0003.txt"
2025-01-02 17:47:00,143 [teardown] DEBUG s3a.Invoker (DurationInfo.java:<init>(80)) - Starting: listObjects()
2025-01-02 17:47:00,143 [s3a-transfer-obs-bucket-unbounded-pool25-t10] DEBUG impl.LoggingAuditor (LoggingAuditor.java:modifyHttpRequest(410)) - [168] 67226e31-30c8-4b12-bd8d-7af12d75e150-00000153 Executing op_delete with {object_list_request 'test/' size=2, mutating=false}; https://audit.example.org/hadoop/1/op_delete/67226e31-30c8-4b12-bd8d-7af12d75e150-00000153/?op=op_delete&p1=s3a://obs-bucket/test&pr=runner&ps=a84b8fc4-c757-4eb1-9a3e-4c3b8d9615e9&id=67226e31-30c8-4b12-bd8d-7af12d75e150-00000153&t0=153&fs=67226e31-30c8-4b12-bd8d-7af12d75e150&t1=168&ts=1735840019998
2025-01-02 17:47:00,157 [s3a-transfer-obs-bucket-unbounded-pool25-t10] DEBUG s3a.S3AFileSystem (DurationInfo.java:close(101)) - LIST (continued): duration 0:00.016s
2025-01-02 17:47:00,158 [teardown] DEBUG s3a.Invoker (DurationInfo.java:close(101)) - listObjects(): duration 0:00.015s
2025-01-02 17:47:00,158 [teardown] DEBUG s3a.S3AFileSystem (Listing.java:fetchNextBatchAsyncIfPresent(677)) - [9], Requesting next 2 objects under s3a://obs-bucket/test
2025-01-02 17:47:00,159 [teardown] DEBUG s3a.S3AFileSystem (Listing.java:next(665)) - New listing status: Object listing iterator against s3a://obs-bucket/test; listing count 10; isTruncated=true; counters=((object_continue_list_request=9) (object_list_request=1) (object_list_request.failures=0) (object_continue_list_request.failures=0));
gauges=();
minimums=((object_continue_list_request.min=8) (object_continue_list_request.failures.min=-1) (object_list_request.failures.min=-1) (object_list_request.min=9));
maximums=((object_continue_list_request.failures.max=-1) (object_list_request.failures.max=-1) (object_list_request.max=9) (object_continue_list_request.max=18));
means=((object_continue_list_request.failures.mean=(samples=0, sum=0, mean=0.0000)) (object_list_request.failures.mean=(samples=0, sum=0, mean=0.0000)) (object_list_request.mean=(samples=1, sum=9, mean=9.0000)) (object_continue_list_request.mean=(samples=9, sum=107, mean=11.8889)));

2025-01-02 17:47:00,159 [teardown] DEBUG s3a.S3AFileSystem (Listing.java:buildNextStatusBatch(462)) - s3a://obs-bucket/test/testComplexDirActions/dir-0-0002: "test/testComplexDirActions/dir-0-0002/" size=0
2025-01-02 17:47:00,159 [teardown] DEBUG s3a.S3AFileSystem (Listing.java:buildNextStatusBatch(470)) - Adding: S3AFileStatus{path=s3a://obs-bucket/test/testComplexDirActions/dir-0-0002; isDirectory=true; modification_time=0; access_time=0; owner=runner; group=runner; permission=rwxrwxrwx; isSymlink=false; hasAcl=false; isEncrypted=true; isErasureCoded=false} isEmptyDirectory=UNKNOWN eTag=null versionId=null
2025-01-02 17:47:00,159 [teardown] DEBUG s3a.S3AFileSystem (Listing.java:buildNextStatusBatch(462)) - s3a://obs-bucket/test/testComplexDirActions/dir-0-0002/file--0-0002-0000.txt: "test/testComplexDirActions/dir-0-0002/file--0-0002-0000.txt" size=512
2025-01-02 17:47:00,159 [teardown] DEBUG s3a.S3AFileSystem (Listing.java:buildNextStatusBatch(470)) - Adding: S3AFileStatus{path=s3a://obs-bucket/test/testComplexDirActions/dir-0-0002/file--0-0002-0000.txt; isDirectory=false; length=512; replication=1; blocksize=33554432; modification_time=1735840019963; access_time=0; owner=runner; group=runner; permission=rw-rw-rw-; isSymlink=false; hasAcl=false; isEncrypted=true; isErasureCoded=false} isEmptyDirectory=FALSE eTag=null versionId=null
2025-01-02 17:47:00,159 [teardown] DEBUG s3a.S3AFileSystem (Listing.java:buildNextStatusBatch(500)) - Added 2 entries; ignored 0; hasNext=true; hasMoreObjects=true
2025-01-02 17:47:00,159 [teardown] DEBUG impl.DeleteOperation (DeleteOperation.java:queueForDeletion(334)) - Adding object to delete: "test/testComplexDirActions/dir-0-0002/"
2025-01-02 17:47:00,159 [teardown] DEBUG impl.DeleteOperation (DeleteOperation.java:queueForDeletion(334)) - Adding object to delete: "test/testComplexDirActions/dir-0-0002/file--0-0002-0000.txt"
2025-01-02 17:47:00,160 [teardown] DEBUG s3a.Invoker (DurationInfo.java:<init>(80)) - Starting: listObjects()
2025-01-02 17:47:00,160 [s3a-transfer-obs-bucket-unbounded-pool25-t11] DEBUG s3a.S3AFileSystem (DurationInfo.java:<init>(80)) - Starting: LIST (continued)
2025-01-02 17:47:00,161 [s3a-transfer-obs-bucket-unbounded-pool25-t11] DEBUG impl.LoggingAuditor (LoggingAuditor.java:modifyHttpRequest(410)) - [169] 67226e31-30c8-4b12-bd8d-7af12d75e150-00000153 Executing op_delete with {object_list_request 'test/' size=2, mutating=false}; https://audit.example.org/hadoop/1/op_delete/67226e31-30c8-4b12-bd8d-7af12d75e150-00000153/?op=op_delete&p1=s3a://obs-bucket/test&pr=runner&ps=a84b8fc4-c757-4eb1-9a3e-4c3b8d9615e9&id=67226e31-30c8-4b12-bd8d-7af12d75e150-00000153&t0=153&fs=67226e31-30c8-4b12-bd8d-7af12d75e150&t1=169&ts=1735840019998
2025-01-02 17:47:00,175 [s3a-transfer-obs-bucket-unbounded-pool25-t11] DEBUG s3a.S3AFileSystem (DurationInfo.java:close(101)) - LIST (continued): duration 0:00.015s
2025-01-02 17:47:00,175 [teardown] DEBUG s3a.Invoker (DurationInfo.java:close(101)) - listObjects(): duration 0:00.015s
2025-01-02 17:47:00,175 [teardown] DEBUG s3a.S3AFileSystem (Listing.java:fetchNextBatchAsyncIfPresent(677)) - [10], Requesting next 2 objects under s3a://obs-bucket/test
2025-01-02 17:47:00,175 [s3a-transfer-obs-bucket-unbounded-pool25-t12] DEBUG s3a.S3AFileSystem (DurationInfo.java:<init>(80)) - Starting: LIST (continued)
2025-01-02 17:47:00,175 [teardown] DEBUG s3a.S3AFileSystem (Listing.java:next(665)) - New listing status: Object listing iterator against s3a://obs-bucket/test; listing count 11; isTruncated=true; counters=((object_continue_list_request.failures=0) (object_list_request=1) (object_list_request.failures=0) (object_continue_list_request=10));
gauges=();
minimums=((object_list_request.min=9) (object_list_request.failures.min=-1) (object_continue_list_request.min=8) (object_continue_list_request.failures.min=-1));
maximums=((object_continue_list_request.max=18) (object_continue_list_request.failures.max=-1) (object_list_request.failures.max=-1) (object_list_request.max=9));
means=((object_continue_list_request.failures.mean=(samples=0, sum=0, mean=0.0000)) (object_continue_list_request.mean=(samples=10, sum=122, mean=12.2000)) (object_list_request.failures.mean=(samples=0, sum=0, mean=0.0000)) (object_list_request.mean=(samples=1, sum=9, mean=9.0000)));

2025-01-02 17:47:00,176 [teardown] DEBUG s3a.S3AFileSystem (Listing.java:buildNextStatusBatch(462)) - s3a://obs-bucket/test/testComplexDirActions/file--0-0000.txt: "test/testComplexDirActions/file--0-0000.txt" size=512
2025-01-02 17:47:00,176 [teardown] DEBUG s3a.S3AFileSystem (Listing.java:buildNextStatusBatch(470)) - Adding: S3AFileStatus{path=s3a://obs-bucket/test/testComplexDirActions/file--0-0000.txt; isDirectory=false; length=512; replication=1; blocksize=33554432; modification_time=1735840018441; access_time=0; owner=runner; group=runner; permission=rw-rw-rw-; isSymlink=false; hasAcl=false; isEncrypted=true; isErasureCoded=false} isEmptyDirectory=FALSE eTag=null versionId=null
2025-01-02 17:47:00,176 [teardown] DEBUG s3a.S3AFileSystem (Listing.java:buildNextStatusBatch(462)) - s3a://obs-bucket/test/testComplexDirActions/file--0-0001.txt: "test/testComplexDirActions/file--0-0001.txt" size=512
2025-01-02 17:47:00,176 [teardown] DEBUG s3a.S3AFileSystem (Listing.java:buildNextStatusBatch(470)) - Adding: S3AFileStatus{path=s3a://obs-bucket/test/testComplexDirActions/file--0-0001.txt; isDirectory=false; length=512; replication=1; blocksize=33554432; modification_time=1735840018541; access_time=0; owner=runner; group=runner; permission=rw-rw-rw-; isSymlink=false; hasAcl=false; isEncrypted=true; isErasureCoded=false} isEmptyDirectory=FALSE eTag=null versionId=null
2025-01-02 17:47:00,176 [teardown] DEBUG s3a.S3AFileSystem (Listing.java:buildNextStatusBatch(500)) - Added 2 entries; ignored 0; hasNext=true; hasMoreObjects=true
2025-01-02 17:47:00,176 [teardown] DEBUG impl.DeleteOperation (DeleteOperation.java:queueForDeletion(334)) - Adding object to delete: "test/testComplexDirActions/file--0-0000.txt"
2025-01-02 17:47:00,176 [teardown] DEBUG impl.DeleteOperation (DeleteOperation.java:queueForDeletion(334)) - Adding object to delete: "test/testComplexDirActions/file--0-0001.txt"
2025-01-02 17:47:00,176 [teardown] DEBUG s3a.Invoker (DurationInfo.java:<init>(80)) - Starting: listObjects()
2025-01-02 17:47:00,176 [s3a-transfer-obs-bucket-unbounded-pool25-t12] DEBUG impl.LoggingAuditor (LoggingAuditor.java:modifyHttpRequest(410)) - [170] 67226e31-30c8-4b12-bd8d-7af12d75e150-00000153 Executing op_delete with {object_list_request 'test/' size=2, mutating=false}; https://audit.example.org/hadoop/1/op_delete/67226e31-30c8-4b12-bd8d-7af12d75e150-00000153/?op=op_delete&p1=s3a://obs-bucket/test&pr=runner&ps=a84b8fc4-c757-4eb1-9a3e-4c3b8d9615e9&id=67226e31-30c8-4b12-bd8d-7af12d75e150-00000153&t0=153&fs=67226e31-30c8-4b12-bd8d-7af12d75e150&t1=170&ts=1735840019998
2025-01-02 17:47:00,184 [s3a-transfer-obs-bucket-unbounded-pool25-t12] DEBUG s3a.S3AFileSystem (DurationInfo.java:close(101)) - LIST (continued): duration 0:00.009s
2025-01-02 17:47:00,184 [teardown] DEBUG s3a.Invoker (DurationInfo.java:close(101)) - listObjects(): duration 0:00.008s
2025-01-02 17:47:00,185 [teardown] DEBUG s3a.S3AFileSystem (Listing.java:next(665)) - New listing status: Object listing iterator against s3a://obs-bucket/test; listing count 12; isTruncated=false; counters=((object_list_request=1) (object_continue_list_request=11) (object_continue_list_request.failures=0) (object_list_request.failures=0));
gauges=();
minimums=((object_continue_list_request.failures.min=-1) (object_continue_list_request.min=8) (object_list_request.failures.min=-1) (object_list_request.min=9));
maximums=((object_continue_list_request.max=18) (object_continue_list_request.failures.max=-1) (object_list_request.failures.max=-1) (object_list_request.max=9));
means=((object_continue_list_request.mean=(samples=11, sum=131, mean=11.9091)) (object_continue_list_request.failures.mean=(samples=0, sum=0, mean=0.0000)) (object_list_request.failures.mean=(samples=0, sum=0, mean=0.0000)) (object_list_request.mean=(samples=1, sum=9, mean=9.0000)));

2025-01-02 17:47:00,185 [teardown] DEBUG s3a.S3AFileSystem (Listing.java:buildNextStatusBatch(462)) - s3a://obs-bucket/test/testComplexDirActions/file--0-0002.txt: "test/testComplexDirActions/file--0-0002.txt" size=512
2025-01-02 17:47:00,185 [teardown] DEBUG s3a.S3AFileSystem (Listing.java:buildNextStatusBatch(470)) - Adding: S3AFileStatus{path=s3a://obs-bucket/test/testComplexDirActions/file--0-0002.txt; isDirectory=false; length=512; replication=1; blocksize=33554432; modification_time=1735840018597; access_time=0; owner=runner; group=runner; permission=rw-rw-rw-; isSymlink=false; hasAcl=false; isEncrypted=true; isErasureCoded=false} isEmptyDirectory=FALSE eTag=null versionId=null
2025-01-02 17:47:00,185 [teardown] DEBUG s3a.S3AFileSystem (Listing.java:buildNextStatusBatch(462)) - s3a://obs-bucket/test/testComplexDirActions/file--0-0003.txt: "test/testComplexDirActions/file--0-0003.txt" size=512
2025-01-02 17:47:00,185 [teardown] DEBUG s3a.S3AFileSystem (Listing.java:buildNextStatusBatch(470)) - Adding: S3AFileStatus{path=s3a://obs-bucket/test/testComplexDirActions/file--0-0003.txt; isDirectory=false; length=512; replication=1; blocksize=33554432; modification_time=1735840018665; access_time=0; owner=runner; group=runner; permission=rw-rw-rw-; isSymlink=false; hasAcl=false; isEncrypted=true; isErasureCoded=false} isEmptyDirectory=FALSE eTag=null versionId=null
2025-01-02 17:47:00,185 [teardown] DEBUG s3a.S3AFileSystem (Listing.java:buildNextStatusBatch(500)) - Added 2 entries; ignored 0; hasNext=true; hasMoreObjects=false
2025-01-02 17:47:00,185 [teardown] DEBUG impl.DeleteOperation (DeleteOperation.java:queueForDeletion(334)) - Adding object to delete: "test/testComplexDirActions/file--0-0002.txt"
2025-01-02 17:47:00,185 [teardown] DEBUG impl.DeleteOperation (DeleteOperation.java:queueForDeletion(334)) - Adding object to delete: "test/testComplexDirActions/file--0-0003.txt"
2025-01-02 17:47:00,186 [teardown] DEBUG impl.DeleteOperation (DeleteOperation.java:deleteDirectoryTree(292)) - Deleting final batch of listed files
2025-01-02 17:47:00,187 [teardown] DEBUG impl.CallableSupplier (DurationInfo.java:<init>(80)) - Starting: Waiting for task completion
2025-01-02 17:47:00,187 [s3a-transfer-obs-bucket-bounded-pool24-t1] DEBUG impl.DeleteOperation (DurationInfo.java:<init>(80)) - Starting: Delete page of 24 keys
2025-01-02 17:47:00,188 [s3a-transfer-obs-bucket-bounded-pool24-t1] DEBUG impl.DeleteOperation (DeleteOperation.java:asyncDeleteAction(430)) - Deleting of 13 file objects
2025-01-02 17:47:00,188 [s3a-transfer-obs-bucket-bounded-pool24-t1] DEBUG s3a.Invoker (DurationInfo.java:<init>(80)) - Starting: Remove S3 Files
2025-01-02 17:47:00,189 [s3a-transfer-obs-bucket-bounded-pool24-t1] DEBUG s3a.S3AFileSystem (DurationInfo.java:<init>(80)) - Starting: Deleting 13 keys
2025-01-02 17:47:00,189 [s3a-transfer-obs-bucket-bounded-pool24-t1] DEBUG impl.S3AStoreImpl (S3AStoreImpl.java:deleteObjects(495)) - Initiating delete operation for 13 objects
2025-01-02 17:47:00,189 [s3a-transfer-obs-bucket-bounded-pool24-t1] DEBUG impl.S3AStoreImpl (S3AStoreImpl.java:lambda$deleteObjects$0(497)) -  "test/testComplexDirActions/dir-0-0000/file--0-0000-0000.txt" 
2025-01-02 17:47:00,189 [s3a-transfer-obs-bucket-bounded-pool24-t1] DEBUG impl.S3AStoreImpl (S3AStoreImpl.java:lambda$deleteObjects$0(497)) -  "test/testComplexDirActions/dir-0-0000/file--0-0000-0001.txt" 
2025-01-02 17:47:00,189 [s3a-transfer-obs-bucket-bounded-pool24-t1] DEBUG impl.S3AStoreImpl (S3AStoreImpl.java:lambda$deleteObjects$0(497)) -  "test/testComplexDirActions/dir-0-0000/file--0-0000-0002.txt" 
2025-01-02 17:47:00,189 [s3a-transfer-obs-bucket-bounded-pool24-t1] DEBUG impl.S3AStoreImpl (S3AStoreImpl.java:lambda$deleteObjects$0(497)) -  "test/testComplexDirActions/dir-0-0000/file--0-0000-0003.txt" 
2025-01-02 17:47:00,189 [s3a-transfer-obs-bucket-bounded-pool24-t1] DEBUG impl.S3AStoreImpl (S3AStoreImpl.java:lambda$deleteObjects$0(497)) -  "test/testComplexDirActions/dir-0-0001/file--0-0001-0000.txt" 
2025-01-02 17:47:00,189 [s3a-transfer-obs-bucket-bounded-pool24-t1] DEBUG impl.S3AStoreImpl (S3AStoreImpl.java:lambda$deleteObjects$0(497)) -  "test/testComplexDirActions/dir-0-0001/file--0-0001-0001.txt" 
2025-01-02 17:47:00,189 [s3a-transfer-obs-bucket-bounded-pool24-t1] DEBUG impl.S3AStoreImpl (S3AStoreImpl.java:lambda$deleteObjects$0(497)) -  "test/testComplexDirActions/dir-0-0001/file--0-0001-0002.txt" 
2025-01-02 17:47:00,189 [s3a-transfer-obs-bucket-bounded-pool24-t1] DEBUG impl.S3AStoreImpl (S3AStoreImpl.java:lambda$deleteObjects$0(497)) -  "test/testComplexDirActions/dir-0-0001/file--0-0001-0003.txt" 
2025-01-02 17:47:00,189 [s3a-transfer-obs-bucket-bounded-pool24-t1] DEBUG impl.S3AStoreImpl (S3AStoreImpl.java:lambda$deleteObjects$0(497)) -  "test/testComplexDirActions/dir-0-0002/file--0-0002-0000.txt" 
2025-01-02 17:47:00,189 [s3a-transfer-obs-bucket-bounded-pool24-t1] DEBUG impl.S3AStoreImpl (S3AStoreImpl.java:lambda$deleteObjects$0(497)) -  "test/testComplexDirActions/file--0-0000.txt" 
2025-01-02 17:47:00,189 [s3a-transfer-obs-bucket-bounded-pool24-t1] DEBUG impl.S3AStoreImpl (S3AStoreImpl.java:lambda$deleteObjects$0(497)) -  "test/testComplexDirActions/file--0-0001.txt" 
2025-01-02 17:47:00,189 [s3a-transfer-obs-bucket-bounded-pool24-t1] DEBUG impl.S3AStoreImpl (S3AStoreImpl.java:lambda$deleteObjects$0(497)) -  "test/testComplexDirActions/file--0-0002.txt" 
2025-01-02 17:47:00,190 [s3a-transfer-obs-bucket-bounded-pool24-t1] DEBUG impl.S3AStoreImpl (S3AStoreImpl.java:lambda$deleteObjects$0(497)) -  "test/testComplexDirActions/file--0-0003.txt" 
2025-01-02 17:47:00,190 [s3a-transfer-obs-bucket-bounded-pool24-t1] DEBUG impl.S3AStoreImpl (DurationInfo.java:<init>(80)) - Starting: DELETE 13 keys
2025-01-02 17:47:00,192 [s3a-transfer-obs-bucket-bounded-pool24-t1] DEBUG impl.LoggingAuditor (LoggingAuditor.java:modifyHttpRequest(410)) - [171] 67226e31-30c8-4b12-bd8d-7af12d75e150-00000153 Executing op_delete with {object_bulk_delete_request 'test/testComplexDirActions/dir-0-0000/file--0-0000-0000.txt' size=13, mutating=true}; https://audit.example.org/hadoop/1/op_delete/67226e31-30c8-4b12-bd8d-7af12d75e150-00000153/?op=op_delete&p1=s3a://obs-bucket/test&pr=runner&ps=a84b8fc4-c757-4eb1-9a3e-4c3b8d9615e9&ks=13&id=67226e31-30c8-4b12-bd8d-7af12d75e150-00000153&t0=153&fs=67226e31-30c8-4b12-bd8d-7af12d75e150&t1=171&ts=1735840019998
2025-01-02 17:47:00,207 [s3a-transfer-obs-bucket-bounded-pool24-t1] DEBUG impl.S3AStoreImpl (DurationInfo.java:close(101)) - DELETE 13 keys: duration 0:00.017s
2025-01-02 17:47:00,207 [s3a-transfer-obs-bucket-bounded-pool24-t1] DEBUG impl.S3AStoreImpl (DurationInfo.java:close(101)) - DELETE 13 keys: duration 0:00.017s
2025-01-02 17:47:00,207 [s3a-transfer-obs-bucket-bounded-pool24-t1] DEBUG s3a.S3AFileSystem (DurationInfo.java:close(101)) - Deleting 13 keys: duration 0:00.018s
2025-01-02 17:47:00,208 [s3a-transfer-obs-bucket-bounded-pool24-t1] DEBUG s3a.Invoker (DurationInfo.java:close(101)) - Remove S3 Files: duration 0:00.020s
2025-01-02 17:47:00,208 [s3a-transfer-obs-bucket-bounded-pool24-t1] DEBUG impl.DeleteOperation (DeleteOperation.java:asyncDeleteAction(443)) - Deleting 11 directory markers
2025-01-02 17:47:00,208 [s3a-transfer-obs-bucket-bounded-pool24-t1] DEBUG s3a.Invoker (DurationInfo.java:<init>(80)) - Starting: Remove S3 Dir Markers
2025-01-02 17:47:00,208 [s3a-transfer-obs-bucket-bounded-pool24-t1] DEBUG s3a.S3AFileSystem (DurationInfo.java:<init>(80)) - Starting: Deleting 11 keys
2025-01-02 17:47:00,208 [s3a-transfer-obs-bucket-bounded-pool24-t1] DEBUG impl.S3AStoreImpl (S3AStoreImpl.java:deleteObjects(495)) - Initiating delete operation for 11 objects
2025-01-02 17:47:00,208 [s3a-transfer-obs-bucket-bounded-pool24-t1] DEBUG impl.S3AStoreImpl (S3AStoreImpl.java:lambda$deleteObjects$0(497)) -  "test/" 
2025-01-02 17:47:00,208 [s3a-transfer-obs-bucket-bounded-pool24-t1] DEBUG impl.S3AStoreImpl (S3AStoreImpl.java:lambda$deleteObjects$0(497)) -  "test/testComplexDirActions/" 
2025-01-02 17:47:00,208 [s3a-transfer-obs-bucket-bounded-pool24-t1] DEBUG impl.S3AStoreImpl (S3AStoreImpl.java:lambda$deleteObjects$0(497)) -  "test/testComplexDirActions/dir-0-0000/" 
2025-01-02 17:47:00,208 [s3a-transfer-obs-bucket-bounded-pool24-t1] DEBUG impl.S3AStoreImpl (S3AStoreImpl.java:lambda$deleteObjects$0(497)) -  "test/testComplexDirActions/dir-0-0000/dir-0-0000-0000/" 
2025-01-02 17:47:00,208 [s3a-transfer-obs-bucket-bounded-pool24-t1] DEBUG impl.S3AStoreImpl (S3AStoreImpl.java:lambda$deleteObjects$0(497)) -  "test/testComplexDirActions/dir-0-0000/dir-0-0000-0001/" 
2025-01-02 17:47:00,208 [s3a-transfer-obs-bucket-bounded-pool24-t1] DEBUG impl.S3AStoreImpl (S3AStoreImpl.java:lambda$deleteObjects$0(497)) -  "test/testComplexDirActions/dir-0-0000/dir-0-0000-0002/" 
2025-01-02 17:47:00,208 [s3a-transfer-obs-bucket-bounded-pool24-t1] DEBUG impl.S3AStoreImpl (S3AStoreImpl.java:lambda$deleteObjects$0(497)) -  "test/testComplexDirActions/dir-0-0001/" 
2025-01-02 17:47:00,208 [s3a-transfer-obs-bucket-bounded-pool24-t1] DEBUG impl.S3AStoreImpl (S3AStoreImpl.java:lambda$deleteObjects$0(497)) -  "test/testComplexDirActions/dir-0-0001/dir-0-0001-0000/" 
2025-01-02 17:47:00,208 [s3a-transfer-obs-bucket-bounded-pool24-t1] DEBUG impl.S3AStoreImpl (S3AStoreImpl.java:lambda$deleteObjects$0(497)) -  "test/testComplexDirActions/dir-0-0001/dir-0-0001-0001/" 
2025-01-02 17:47:00,208 [s3a-transfer-obs-bucket-bounded-pool24-t1] DEBUG impl.S3AStoreImpl (S3AStoreImpl.java:lambda$deleteObjects$0(497)) -  "test/testComplexDirActions/dir-0-0001/dir-0-0001-0002/" 
2025-01-02 17:47:00,208 [s3a-transfer-obs-bucket-bounded-pool24-t1] DEBUG impl.S3AStoreImpl (S3AStoreImpl.java:lambda$deleteObjects$0(497)) -  "test/testComplexDirActions/dir-0-0002/" 
2025-01-02 17:47:00,208 [s3a-transfer-obs-bucket-bounded-pool24-t1] DEBUG impl.S3AStoreImpl (DurationInfo.java:<init>(80)) - Starting: DELETE 11 keys
2025-01-02 17:47:00,210 [s3a-transfer-obs-bucket-bounded-pool24-t1] DEBUG impl.LoggingAuditor (LoggingAuditor.java:modifyHttpRequest(410)) - [171] 67226e31-30c8-4b12-bd8d-7af12d75e150-00000153 Executing op_delete with {object_bulk_delete_request 'test/' size=11, mutating=true}; https://audit.example.org/hadoop/1/op_delete/67226e31-30c8-4b12-bd8d-7af12d75e150-00000153/?op=op_delete&p1=s3a://obs-bucket/test&pr=runner&ps=a84b8fc4-c757-4eb1-9a3e-4c3b8d9615e9&ks=11&id=67226e31-30c8-4b12-bd8d-7af12d75e150-00000153&t0=153&fs=67226e31-30c8-4b12-bd8d-7af12d75e150&t1=171&ts=1735840019998
2025-01-02 17:47:00,223 [s3a-transfer-obs-bucket-bounded-pool24-t1] DEBUG impl.S3AStoreImpl (DurationInfo.java:close(101)) - DELETE 11 keys: duration 0:00.015s
2025-01-02 17:47:00,223 [s3a-transfer-obs-bucket-bounded-pool24-t1] DEBUG impl.S3AStoreImpl (DurationInfo.java:close(101)) - DELETE 11 keys: duration 0:00.015s
2025-01-02 17:47:00,224 [s3a-transfer-obs-bucket-bounded-pool24-t1] DEBUG s3a.S3AFileSystem (DurationInfo.java:close(101)) - Deleting 11 keys: duration 0:00.016s
2025-01-02 17:47:00,224 [s3a-transfer-obs-bucket-bounded-pool24-t1] DEBUG s3a.Invoker (DurationInfo.java:close(101)) - Remove S3 Dir Markers: duration 0:00.016s
2025-01-02 17:47:00,224 [s3a-transfer-obs-bucket-bounded-pool24-t1] DEBUG impl.DeleteOperation (DurationInfo.java:close(101)) - Delete page of 24 keys: duration 0:00.037s
2025-01-02 17:47:00,224 [teardown] DEBUG impl.CallableSupplier (DurationInfo.java:close(101)) - Waiting for task completion: duration 0:00.037s
2025-01-02 17:47:00,224 [teardown] DEBUG impl.DeleteOperation (DurationInfo.java:close(101)) - deleting test/: duration 0:00.204s
2025-01-02 17:47:00,224 [teardown] DEBUG impl.DeleteOperation (DeleteOperation.java:deleteDirectoryTree(297)) - Delete "s3a://obs-bucket/test" completed; deleted 24 objects and aborted 0 uploads
2025-01-02 17:47:00,224 [teardown] DEBUG impl.DeleteOperation (DeleteOperation.java:execute(236)) - Deleted 24 objects
]]></system-out>
  </testcase>
  <testcase name="testListStatusIteratorNoDir" classname="org.apache.hadoop.fs.s3a.ITestS3AContractGetFileStatusV1List" time="0.148"/>
  <testcase name="testListStatusIteratorFile" classname="org.apache.hadoop.fs.s3a.ITestS3AContractGetFileStatusV1List" time="0.274"/>
  <testcase name="testListStatusFile" classname="org.apache.hadoop.fs.s3a.ITestS3AContractGetFileStatusV1List" time="0.253"/>
  <testcase name="testListStatusNoDir" classname="org.apache.hadoop.fs.s3a.ITestS3AContractGetFileStatusV1List" time="0.159"/>
  <testcase name="testListStatusFilteredNoDir" classname="org.apache.hadoop.fs.s3a.ITestS3AContractGetFileStatusV1List" time="0.146"/>
  <testcase name="testListFilesFileRecursive" classname="org.apache.hadoop.fs.s3a.ITestS3AContractGetFileStatusV1List" time="0.223"/>
  <testcase name="testLocatedStatusNoDir" classname="org.apache.hadoop.fs.s3a.ITestS3AContractGetFileStatusV1List" time="0.12"/>
  <testcase name="testGetFileStatusNonexistentFile" classname="org.apache.hadoop.fs.s3a.ITestS3AContractGetFileStatusV1List" time="0.128"/>
</testsuite>